<?xml version="1.0" encoding="UTF-8"?>
<testsuite xmlns:xsi="http://www.w3.org/2001/XMLSchema-instance" xsi:noNamespaceSchemaLocation="https://maven.apache.org/surefire/maven-surefire-plugin/xsd/surefire-test-report.xsd" name="org.apache.hadoop.ozone.scm.node.TestDecommissionAndMaintenance" time="472.567" tests="11" errors="0" skipped="0" failures="1">
  <properties>
    <property name="awt.toolkit" value="sun.awt.X11.XToolkit"/>
    <property name="file.encoding.pkg" value="sun.io"/>
    <property name="java.specification.version" value="1.8"/>
    <property name="sun.cpu.isalist" value=""/>
    <property name="sun.jnu.encoding" value="ANSI_X3.4-1968"/>
    <property name="java.class.path" value="/github/workspace/mnt/ozone/hadoop-ozone/integration-test/target/test-classes:/github/workspace/mnt/ozone/hadoop-ozone/integration-test/target/classes:/home/user/.m2/repository/org/apache/hadoop/hadoop-ozone-common/1.1.0-SNAPSHOT/hadoop-ozone-common-1.1.0-SNAPSHOT.jar:/home/user/.m2/repository/org/apache/commons/commons-compress/1.4.1/commons-compress-1.4.1.jar:/home/user/.m2/repository/org/tukaani/xz/1.0/xz-1.0.jar:/home/user/.m2/repository/org/apache/hadoop/hadoop-hdds-common/1.1.0-SNAPSHOT/hadoop-hdds-common-1.1.0-SNAPSHOT.jar:/home/user/.m2/repository/org/apache/hadoop/hadoop-hdds-client/1.1.0-SNAPSHOT/hadoop-hdds-client-1.1.0-SNAPSHOT.jar:/home/user/.m2/repository/org/apache/hadoop/hadoop-ozone-interface-client/1.1.0-SNAPSHOT/hadoop-ozone-interface-client-1.1.0-SNAPSHOT.jar:/home/user/.m2/repository/org/apache/hadoop/hadoop-hdds-test-utils/1.1.0-SNAPSHOT/hadoop-hdds-test-utils-1.1.0-SNAPSHOT.jar:/home/user/.m2/repository/com/google/guava/guava/28.2-jre/guava-28.2-jre.jar:/home/user/.m2/repository/com/google/guava/failureaccess/1.0.1/failureaccess-1.0.1.jar:/home/user/.m2/repository/com/google/guava/listenablefuture/9999.0-empty-to-avoid-conflict-with-guava/listenablefuture-9999.0-empty-to-avoid-conflict-with-guava.jar:/home/user/.m2/repository/com/google/code/findbugs/jsr305/3.0.0/jsr305-3.0.0.jar:/home/user/.m2/repository/org/checkerframework/checker-qual/2.10.0/checker-qual-2.10.0.jar:/home/user/.m2/repository/com/google/errorprone/error_prone_annotations/2.2.0/error_prone_annotations-2.2.0.jar:/home/user/.m2/repository/com/google/j2objc/j2objc-annotations/1.3/j2objc-annotations-1.3.jar:/home/user/.m2/repository/commons-io/commons-io/2.5/commons-io-2.5.jar:/home/user/.m2/repository/commons-logging/commons-logging/1.2/commons-logging-1.2.jar:/home/user/.m2/repository/log4j/log4j/1.2.17/log4j-1.2.17.jar:/home/user/.m2/repository/org/slf4j/slf4j-api/1.7.30/slf4j-api-1.7.30.jar:/home/user/.m2/repository/org/apache/hadoop/hadoop-hdds-server-scm/1.1.0-SNAPSHOT/hadoop-hdds-server-scm-1.1.0-SNAPSHOT.jar:/home/user/.m2/repository/org/apache/hadoop/hadoop-hdds-container-service/1.1.0-SNAPSHOT/hadoop-hdds-container-service-1.1.0-SNAPSHOT.jar:/home/user/.m2/repository/org/apache/hadoop/hadoop-hdds-hadoop-dependency-server/1.1.0-SNAPSHOT/hadoop-hdds-hadoop-dependency-server-1.1.0-SNAPSHOT.jar:/home/user/.m2/repository/org/apache/hadoop/hadoop-hdfs/3.2.1/hadoop-hdfs-3.2.1.jar:/home/user/.m2/repository/org/apache/hadoop/hadoop-hdds-server-framework/1.1.0-SNAPSHOT/hadoop-hdds-server-framework-1.1.0-SNAPSHOT.jar:/home/user/.m2/repository/org/apache/hadoop/hadoop-hdds-interface-server/1.1.0-SNAPSHOT/hadoop-hdds-interface-server-1.1.0-SNAPSHOT.jar:/home/user/.m2/repository/org/apache/hadoop/hadoop-hdds-interface-admin/1.1.0-SNAPSHOT/hadoop-hdds-interface-admin-1.1.0-SNAPSHOT.jar:/home/user/.m2/repository/org/eclipse/jetty/jetty-servlet/9.4.34.v20201102/jetty-servlet-9.4.34.v20201102.jar:/home/user/.m2/repository/org/eclipse/jetty/jetty-security/9.4.34.v20201102/jetty-security-9.4.34.v20201102.jar:/home/user/.m2/repository/org/rocksdb/rocksdbjni/6.8.1/rocksdbjni-6.8.1.jar:/home/user/.m2/repository/io/prometheus/simpleclient_dropwizard/0.7.0/simpleclient_dropwizard-0.7.0.jar:/home/user/.m2/repository/io/prometheus/simpleclient/0.7.0/simpleclient-0.7.0.jar:/home/user/.m2/repository/io/prometheus/simpleclient_common/0.7.0/simpleclient_common-0.7.0.jar:/home/user/.m2/repository/com/fasterxml/jackson/datatype/jackson-datatype-jsr310/2.10.3/jackson-datatype-jsr310-2.10.3.jar:/home/user/.m2/repository/io/dropwizard/metrics/metrics-core/3.2.4/metrics-core-3.2.4.jar:/home/user/.m2/repository/org/apache/hadoop/hadoop-hdfs-client/3.2.1/hadoop-hdfs-client-3.2.1.jar:/home/user/.m2/repository/org/bouncycastle/bcprov-jdk15on/1.67/bcprov-jdk15on-1.67.jar:/home/user/.m2/repository/org/apache/hadoop/hadoop-ozone-ozone-manager/1.1.0-SNAPSHOT/hadoop-ozone-ozone-manager-1.1.0-SNAPSHOT.jar:/home/user/.m2/repository/org/apache/hadoop/hadoop-hdds-interface-client/1.1.0-SNAPSHOT/hadoop-hdds-interface-client-1.1.0-SNAPSHOT.jar:/home/user/.m2/repository/org/apache/ratis/ratis-thirdparty-misc/0.6.0-SNAPSHOT/ratis-thirdparty-misc-0.6.0-SNAPSHOT.jar:/home/user/.m2/repository/org/apache/hadoop/hadoop-ozone-interface-storage/1.1.0-SNAPSHOT/hadoop-ozone-interface-storage-1.1.0-SNAPSHOT.jar:/home/user/.m2/repository/org/apache/hadoop/hadoop-minikdc/3.2.1/hadoop-minikdc-3.2.1.jar:/home/user/.m2/repository/org/apache/kerby/kerb-simplekdc/1.0.1/kerb-simplekdc-1.0.1.jar:/home/user/.m2/repository/org/apache/kerby/kerb-client/1.0.1/kerb-client-1.0.1.jar:/home/user/.m2/repository/org/apache/kerby/kerby-config/1.0.1/kerby-config-1.0.1.jar:/home/user/.m2/repository/org/apache/kerby/kerb-core/1.0.1/kerb-core-1.0.1.jar:/home/user/.m2/repository/org/apache/kerby/kerby-pkix/1.0.1/kerby-pkix-1.0.1.jar:/home/user/.m2/repository/org/apache/kerby/kerby-asn1/1.0.1/kerby-asn1-1.0.1.jar:/home/user/.m2/repository/org/apache/kerby/kerby-util/1.0.1/kerby-util-1.0.1.jar:/home/user/.m2/repository/org/apache/kerby/kerb-common/1.0.1/kerb-common-1.0.1.jar:/home/user/.m2/repository/org/apache/kerby/kerb-crypto/1.0.1/kerb-crypto-1.0.1.jar:/home/user/.m2/repository/org/apache/kerby/kerb-util/1.0.1/kerb-util-1.0.1.jar:/home/user/.m2/repository/org/apache/kerby/token-provider/1.0.1/token-provider-1.0.1.jar:/home/user/.m2/repository/org/apache/kerby/kerb-admin/1.0.1/kerb-admin-1.0.1.jar:/home/user/.m2/repository/org/apache/kerby/kerb-server/1.0.1/kerb-server-1.0.1.jar:/home/user/.m2/repository/org/apache/kerby/kerb-identity/1.0.1/kerb-identity-1.0.1.jar:/home/user/.m2/repository/org/apache/kerby/kerby-xdr/1.0.1/kerby-xdr-1.0.1.jar:/home/user/.m2/repository/org/slf4j/slf4j-log4j12/1.7.30/slf4j-log4j12-1.7.30.jar:/home/user/.m2/repository/org/apache/hadoop/hadoop-ozone-s3gateway/1.1.0-SNAPSHOT/hadoop-ozone-s3gateway-1.1.0-SNAPSHOT.jar:/home/user/.m2/repository/org/jboss/weld/servlet/weld-servlet/2.4.7.Final/weld-servlet-2.4.7.Final.jar:/home/user/.m2/repository/org/glassfish/jersey/containers/jersey-container-servlet-core/2.27/jersey-container-servlet-core-2.27.jar:/home/user/.m2/repository/org/glassfish/hk2/external/javax.inject/2.5.0-b42/javax.inject-2.5.0-b42.jar:/home/user/.m2/repository/org/glassfish/jersey/core/jersey-common/2.27/jersey-common-2.27.jar:/home/user/.m2/repository/org/glassfish/hk2/osgi-resource-locator/1.0.1/osgi-resource-locator-1.0.1.jar:/home/user/.m2/repository/javax/ws/rs/javax.ws.rs-api/2.1/javax.ws.rs-api-2.1.jar:/home/user/.m2/repository/org/glassfish/jersey/ext/cdi/jersey-cdi1x/2.27/jersey-cdi1x-2.27.jar:/home/user/.m2/repository/org/glassfish/jersey/inject/jersey-hk2/2.27/jersey-hk2-2.27.jar:/home/user/.m2/repository/org/glassfish/hk2/hk2-locator/2.5.0-b42/hk2-locator-2.5.0-b42.jar:/home/user/.m2/repository/org/javassist/javassist/3.22.0-CR2/javassist-3.22.0-CR2.jar:/home/user/.m2/repository/org/glassfish/hk2/hk2-api/2.5.0/hk2-api-2.5.0.jar:/home/user/.m2/repository/org/glassfish/hk2/external/jakarta.inject/2.5.0/jakarta.inject-2.5.0.jar:/home/user/.m2/repository/org/glassfish/hk2/hk2-utils/2.5.0/hk2-utils-2.5.0.jar:/home/user/.m2/repository/jakarta/annotation/jakarta.annotation-api/1.3.4/jakarta.annotation-api-1.3.4.jar:/home/user/.m2/repository/org/glassfish/hk2/external/aopalliance-repackaged/2.5.0/aopalliance-repackaged-2.5.0.jar:/home/user/.m2/repository/com/fasterxml/jackson/dataformat/jackson-dataformat-xml/2.10.3/jackson-dataformat-xml-2.10.3.jar:/home/user/.m2/repository/com/fasterxml/jackson/core/jackson-core/2.10.3/jackson-core-2.10.3.jar:/home/user/.m2/repository/com/fasterxml/jackson/module/jackson-module-jaxb-annotations/2.10.3/jackson-module-jaxb-annotations-2.10.3.jar:/home/user/.m2/repository/jakarta/xml/bind/jakarta.xml.bind-api/2.3.2/jakarta.xml.bind-api-2.3.2.jar:/home/user/.m2/repository/jakarta/activation/jakarta.activation-api/1.2.1/jakarta.activation-api-1.2.1.jar:/home/user/.m2/repository/org/codehaus/woodstox/stax2-api/3.1.4/stax2-api-3.1.4.jar:/home/user/.m2/repository/com/fasterxml/woodstox/woodstox-core/5.0.3/woodstox-core-5.0.3.jar:/home/user/.m2/repository/javax/enterprise/cdi-api/1.2/cdi-api-1.2.jar:/home/user/.m2/repository/javax/el/javax.el-api/3.0.0/javax.el-api-3.0.0.jar:/home/user/.m2/repository/javax/interceptor/javax.interceptor-api/1.2/javax.interceptor-api-1.2.jar:/home/user/.m2/repository/javax/inject/javax.inject/1/javax.inject-1.jar:/home/user/.m2/repository/com/sun/xml/bind/jaxb-impl/2.3.0.1/jaxb-impl-2.3.0.1.jar:/home/user/.m2/repository/com/sun/xml/bind/jaxb-core/2.3.0.1/jaxb-core-2.3.0.1.jar:/home/user/.m2/repository/javax/xml/bind/jaxb-api/2.3.0/jaxb-api-2.3.0.jar:/home/user/.m2/repository/javax/activation/activation/1.1.1/activation-1.1.1.jar:/home/user/.m2/repository/org/apache/hadoop/hadoop-ozone-csi/1.1.0-SNAPSHOT/hadoop-ozone-csi-1.1.0-SNAPSHOT.jar:/home/user/.m2/repository/com/google/protobuf/protobuf-java-util/3.11.0/protobuf-java-util-3.11.0.jar:/home/user/.m2/repository/com/google/code/gson/gson/2.2.4/gson-2.2.4.jar:/home/user/.m2/repository/org/apache/hadoop/hadoop-hdds-config/1.1.0-SNAPSHOT/hadoop-hdds-config-1.1.0-SNAPSHOT.jar:/home/user/.m2/repository/com/google/protobuf/protobuf-java/2.5.0/protobuf-java-2.5.0.jar:/home/user/.m2/repository/io/grpc/grpc-netty/1.29.0/grpc-netty-1.29.0.jar:/home/user/.m2/repository/io/grpc/grpc-core/1.29.0/grpc-core-1.29.0.jar:/home/user/.m2/repository/com/google/android/annotations/4.1.1.4/annotations-4.1.1.4.jar:/home/user/.m2/repository/io/perfmark/perfmark-api/0.19.0/perfmark-api-0.19.0.jar:/home/user/.m2/repository/io/netty/netty-codec-http2/4.1.48.Final/netty-codec-http2-4.1.48.Final.jar:/home/user/.m2/repository/io/netty/netty-codec/4.1.48.Final/netty-codec-4.1.48.Final.jar:/home/user/.m2/repository/io/netty/netty-handler/4.1.48.Final/netty-handler-4.1.48.Final.jar:/home/user/.m2/repository/io/netty/netty-codec-http/4.1.48.Final/netty-codec-http-4.1.48.Final.jar:/home/user/.m2/repository/io/netty/netty-handler-proxy/4.1.48.Final/netty-handler-proxy-4.1.48.Final.jar:/home/user/.m2/repository/io/netty/netty-codec-socks/4.1.48.Final/netty-codec-socks-4.1.48.Final.jar:/home/user/.m2/repository/io/netty/netty-transport-native-epoll/4.1.48.Final/netty-transport-native-epoll-4.1.48.Final.jar:/home/user/.m2/repository/io/netty/netty-common/4.1.48.Final/netty-common-4.1.48.Final.jar:/home/user/.m2/repository/io/netty/netty-buffer/4.1.48.Final/netty-buffer-4.1.48.Final.jar:/home/user/.m2/repository/io/netty/netty-transport/4.1.48.Final/netty-transport-4.1.48.Final.jar:/home/user/.m2/repository/io/netty/netty-resolver/4.1.48.Final/netty-resolver-4.1.48.Final.jar:/home/user/.m2/repository/io/netty/netty-transport-native-unix-common/4.1.48.Final/netty-transport-native-unix-common-4.1.48.Final.jar:/home/user/.m2/repository/io/grpc/grpc-protobuf/1.29.0/grpc-protobuf-1.29.0.jar:/home/user/.m2/repository/io/grpc/grpc-api/1.29.0/grpc-api-1.29.0.jar:/home/user/.m2/repository/io/grpc/grpc-context/1.29.0/grpc-context-1.29.0.jar:/home/user/.m2/repository/org/codehaus/mojo/animal-sniffer-annotations/1.18/animal-sniffer-annotations-1.18.jar:/home/user/.m2/repository/com/google/api/grpc/proto-google-common-protos/1.17.0/proto-google-common-protos-1.17.0.jar:/home/user/.m2/repository/io/grpc/grpc-protobuf-lite/1.29.0/grpc-protobuf-lite-1.29.0.jar:/home/user/.m2/repository/io/grpc/grpc-stub/1.29.0/grpc-stub-1.29.0.jar:/home/user/.m2/repository/org/apache/hadoop/hadoop-ozone-recon/1.1.0-SNAPSHOT/hadoop-ozone-recon-1.1.0-SNAPSHOT.jar:/home/user/.m2/repository/org/apache/hadoop/hadoop-ozone-reconcodegen/1.1.0-SNAPSHOT/hadoop-ozone-reconcodegen-1.1.0-SNAPSHOT.jar:/home/user/.m2/repository/com/google/inject/extensions/guice-multibindings/4.0/guice-multibindings-4.0.jar:/home/user/.m2/repository/com/google/inject/guice/4.0/guice-4.0.jar:/home/user/.m2/repository/aopalliance/aopalliance/1.0/aopalliance-1.0.jar:/home/user/.m2/repository/com/google/inject/extensions/guice-assistedinject/4.0/guice-assistedinject-4.0.jar:/home/user/.m2/repository/com/google/inject/extensions/guice-servlet/4.0/guice-servlet-4.0.jar:/home/user/.m2/repository/org/glassfish/jersey/containers/jersey-container-servlet/2.27/jersey-container-servlet-2.27.jar:/home/user/.m2/repository/org/glassfish/hk2/guice-bridge/2.5.0/guice-bridge-2.5.0.jar:/home/user/.m2/repository/org/glassfish/jersey/core/jersey-server/2.27/jersey-server-2.27.jar:/home/user/.m2/repository/org/glassfish/jersey/core/jersey-client/2.27/jersey-client-2.27.jar:/home/user/.m2/repository/org/glassfish/jersey/media/jersey-media-jaxb/2.27/jersey-media-jaxb-2.27.jar:/home/user/.m2/repository/javax/validation/validation-api/1.1.0.Final/validation-api-1.1.0.Final.jar:/home/user/.m2/repository/org/glassfish/jersey/media/jersey-media-json-jackson/2.27/jersey-media-json-jackson-2.27.jar:/home/user/.m2/repository/org/glassfish/jersey/ext/jersey-entity-filtering/2.27/jersey-entity-filtering-2.27.jar:/home/user/.m2/repository/org/jooq/jooq/3.11.10/jooq-3.11.10.jar:/home/user/.m2/repository/org/jooq/jooq-meta/3.11.10/jooq-meta-3.11.10.jar:/home/user/.m2/repository/org/jooq/jooq-codegen/3.11.10/jooq-codegen-3.11.10.jar:/home/user/.m2/repository/com/jolbox/bonecp/0.8.0.RELEASE/bonecp-0.8.0.RELEASE.jar:/home/user/.m2/repository/org/apache/derby/derby/10.14.2.0/derby-10.14.2.0.jar:/home/user/.m2/repository/org/xerial/sqlite-jdbc/3.25.2/sqlite-jdbc-3.25.2.jar:/home/user/.m2/repository/org/springframework/spring-jdbc/5.2.11.RELEASE/spring-jdbc-5.2.11.RELEASE.jar:/home/user/.m2/repository/org/springframework/spring-beans/5.2.11.RELEASE/spring-beans-5.2.11.RELEASE.jar:/home/user/.m2/repository/org/springframework/spring-core/5.2.11.RELEASE/spring-core-5.2.11.RELEASE.jar:/home/user/.m2/repository/org/springframework/spring-jcl/5.2.11.RELEASE/spring-jcl-5.2.11.RELEASE.jar:/home/user/.m2/repository/org/springframework/spring-tx/5.2.11.RELEASE/spring-tx-5.2.11.RELEASE.jar:/home/user/.m2/repository/org/apache/hadoop/hadoop-ozone-client/1.1.0-SNAPSHOT/hadoop-ozone-client-1.1.0-SNAPSHOT.jar:/home/user/.m2/repository/org/apache/hadoop/hadoop-ozone-filesystem/1.1.0-SNAPSHOT/hadoop-ozone-filesystem-1.1.0-SNAPSHOT.jar:/home/user/.m2/repository/org/apache/hadoop/hadoop-ozone-filesystem-common/1.1.0-SNAPSHOT/hadoop-ozone-filesystem-common-1.1.0-SNAPSHOT.jar:/home/user/.m2/repository/org/apache/hadoop/hadoop-ozone-tools/1.1.0-SNAPSHOT/hadoop-ozone-tools-1.1.0-SNAPSHOT.jar:/home/user/.m2/repository/org/apache/ratis/ratis-tools/1.1.0-c5eafb9-SNAPSHOT/ratis-tools-1.1.0-c5eafb9-SNAPSHOT.jar:/home/user/.m2/repository/org/apache/ratis/ratis-proto/1.1.0-c5eafb9-SNAPSHOT/ratis-proto-1.1.0-c5eafb9-SNAPSHOT.jar:/home/user/.m2/repository/org/apache/ratis/ratis-common/1.1.0-c5eafb9-SNAPSHOT/ratis-common-1.1.0-c5eafb9-SNAPSHOT.jar:/home/user/.m2/repository/com/amazonaws/aws-java-sdk-core/1.11.901/aws-java-sdk-core-1.11.901.jar:/home/user/.m2/repository/org/apache/httpcomponents/httpclient/4.5.13/httpclient-4.5.13.jar:/home/user/.m2/repository/org/apache/httpcomponents/httpcore/4.4.13/httpcore-4.4.13.jar:/home/user/.m2/repository/software/amazon/ion/ion-java/1.0.2/ion-java-1.0.2.jar:/home/user/.m2/repository/com/fasterxml/jackson/dataformat/jackson-dataformat-cbor/2.10.3/jackson-dataformat-cbor-2.10.3.jar:/home/user/.m2/repository/joda-time/joda-time/2.8.1/joda-time-2.8.1.jar:/home/user/.m2/repository/com/amazonaws/aws-java-sdk-s3/1.11.901/aws-java-sdk-s3-1.11.901.jar:/home/user/.m2/repository/com/amazonaws/aws-java-sdk-kms/1.11.901/aws-java-sdk-kms-1.11.901.jar:/home/user/.m2/repository/com/amazonaws/jmespath-java/1.11.901/jmespath-java-1.11.901.jar:/home/user/.m2/repository/org/kohsuke/metainf-services/metainf-services/1.8/metainf-services-1.8.jar:/home/user/.m2/repository/org/apache/hadoop/hadoop-hdds-tools/1.1.0-SNAPSHOT/hadoop-hdds-tools-1.1.0-SNAPSHOT.jar:/home/user/.m2/repository/commons-cli/commons-cli/1.2/commons-cli-1.2.jar:/home/user/.m2/repository/org/apache/commons/commons-lang3/3.7/commons-lang3-3.7.jar:/home/user/.m2/repository/org/apache/hadoop/hadoop-ozone-ozone-manager/1.1.0-SNAPSHOT/hadoop-ozone-ozone-manager-1.1.0-SNAPSHOT-tests.jar:/home/user/.m2/repository/org/apache/hadoop/hadoop-hdds-common/1.1.0-SNAPSHOT/hadoop-hdds-common-1.1.0-SNAPSHOT-tests.jar:/home/user/.m2/repository/org/apache/hadoop/hadoop-hdds-hadoop-dependency-client/1.1.0-SNAPSHOT/hadoop-hdds-hadoop-dependency-client-1.1.0-SNAPSHOT.jar:/home/user/.m2/repository/info/picocli/picocli/4.4.0/picocli-4.4.0.jar:/home/user/.m2/repository/com/fasterxml/jackson/core/jackson-annotations/2.10.3/jackson-annotations-2.10.3.jar:/home/user/.m2/repository/javax/annotation/javax.annotation-api/1.2/javax.annotation-api-1.2.jar:/home/user/.m2/repository/org/fusesource/leveldbjni/leveldbjni-all/1.8/leveldbjni-all-1.8.jar:/home/user/.m2/repository/org/apache/ratis/ratis-server/1.1.0-c5eafb9-SNAPSHOT/ratis-server-1.1.0-c5eafb9-SNAPSHOT.jar:/home/user/.m2/repository/org/apache/ratis/ratis-client/1.1.0-c5eafb9-SNAPSHOT/ratis-client-1.1.0-c5eafb9-SNAPSHOT.jar:/home/user/.m2/repository/org/apache/ratis/ratis-metrics/1.1.0-c5eafb9-SNAPSHOT/ratis-metrics-1.1.0-c5eafb9-SNAPSHOT.jar:/home/user/.m2/repository/org/apache/ratis/ratis-netty/1.1.0-c5eafb9-SNAPSHOT/ratis-netty-1.1.0-c5eafb9-SNAPSHOT.jar:/home/user/.m2/repository/org/apache/ratis/ratis-grpc/1.1.0-c5eafb9-SNAPSHOT/ratis-grpc-1.1.0-c5eafb9-SNAPSHOT.jar:/home/user/.m2/repository/org/apache/logging/log4j/log4j-api/2.13.3/log4j-api-2.13.3.jar:/home/user/.m2/repository/org/apache/logging/log4j/log4j-core/2.13.3/log4j-core-2.13.3.jar:/home/user/.m2/repository/com/lmax/disruptor/3.4.2/disruptor-3.4.2.jar:/home/user/.m2/repository/org/apache/commons/commons-pool2/2.6.0/commons-pool2-2.6.0.jar:/home/user/.m2/repository/org/bouncycastle/bcpkix-jdk15on/1.67/bcpkix-jdk15on-1.67.jar:/home/user/.m2/repository/commons-validator/commons-validator/1.6/commons-validator-1.6.jar:/home/user/.m2/repository/commons-beanutils/commons-beanutils/1.9.4/commons-beanutils-1.9.4.jar:/home/user/.m2/repository/commons-digester/commons-digester/1.8.1/commons-digester-1.8.1.jar:/home/user/.m2/repository/commons-collections/commons-collections/3.2.2/commons-collections-3.2.2.jar:/home/user/.m2/repository/io/jaegertracing/jaeger-client/1.2.0/jaeger-client-1.2.0.jar:/home/user/.m2/repository/io/jaegertracing/jaeger-thrift/1.2.0/jaeger-thrift-1.2.0.jar:/home/user/.m2/repository/org/apache/thrift/libthrift/0.13.0/libthrift-0.13.0.jar:/home/user/.m2/repository/com/squareup/okhttp3/okhttp/4.2.2/okhttp-4.2.2.jar:/home/user/.m2/repository/com/squareup/okio/okio/2.2.2/okio-2.2.2.jar:/home/user/.m2/repository/org/jetbrains/kotlin/kotlin-stdlib/1.3.50/kotlin-stdlib-1.3.50.jar:/home/user/.m2/repository/org/jetbrains/kotlin/kotlin-stdlib-common/1.3.50/kotlin-stdlib-common-1.3.50.jar:/home/user/.m2/repository/org/jetbrains/annotations/13.0/annotations-13.0.jar:/home/user/.m2/repository/io/jaegertracing/jaeger-core/1.2.0/jaeger-core-1.2.0.jar:/home/user/.m2/repository/io/jaegertracing/jaeger-tracerresolver/1.2.0/jaeger-tracerresolver-1.2.0.jar:/home/user/.m2/repository/io/opentracing/contrib/opentracing-tracerresolver/0.1.8/opentracing-tracerresolver-0.1.8.jar:/home/user/.m2/repository/io/opentracing/opentracing-util/0.33.0/opentracing-util-0.33.0.jar:/home/user/.m2/repository/io/opentracing/opentracing-api/0.33.0/opentracing-api-0.33.0.jar:/home/user/.m2/repository/io/opentracing/opentracing-noop/0.33.0/opentracing-noop-0.33.0.jar:/home/user/.m2/repository/org/yaml/snakeyaml/1.26/snakeyaml-1.26.jar:/home/user/.m2/repository/junit/junit/4.11/junit-4.11.jar:/home/user/.m2/repository/org/hamcrest/hamcrest-core/1.3/hamcrest-core-1.3.jar:/home/user/.m2/repository/org/openjdk/jmh/jmh-core/1.19/jmh-core-1.19.jar:/home/user/.m2/repository/net/sf/jopt-simple/jopt-simple/4.6/jopt-simple-4.6.jar:/home/user/.m2/repository/org/apache/commons/commons-math3/3.1.1/commons-math3-3.1.1.jar:/home/user/.m2/repository/org/openjdk/jmh/jmh-generator-annprocess/1.19/jmh-generator-annprocess-1.19.jar:/home/user/.m2/repository/org/mockito/mockito-all/1.8.5/mockito-all-1.8.5.jar:/home/user/.m2/repository/org/apache/hadoop/hadoop-kms/3.2.1/hadoop-kms-3.2.1.jar:/home/user/.m2/repository/org/apache/hadoop/hadoop-auth/3.2.1/hadoop-auth-3.2.1.jar:/home/user/.m2/repository/com/nimbusds/nimbus-jose-jwt/7.9/nimbus-jose-jwt-7.9.jar:/home/user/.m2/repository/com/github/stephenc/jcip/jcip-annotations/1.0-1/jcip-annotations-1.0-1.jar:/home/user/.m2/repository/net/minidev/json-smart/2.3/json-smart-2.3.jar:/home/user/.m2/repository/net/minidev/accessors-smart/1.2/accessors-smart-1.2.jar:/home/user/.m2/repository/org/ow2/asm/asm/5.0.4/asm-5.0.4.jar:/home/user/.m2/repository/org/apache/zookeeper/zookeeper/3.4.13/zookeeper-3.4.13.jar:/home/user/.m2/repository/org/apache/yetus/audience-annotations/0.5.0/audience-annotations-0.5.0.jar:/home/user/.m2/repository/org/apache/curator/curator-framework/2.13.0/curator-framework-2.13.0.jar:/home/user/.m2/repository/com/sun/jersey/jersey-core/1.19/jersey-core-1.19.jar:/home/user/.m2/repository/javax/ws/rs/jsr311-api/1.1.1/jsr311-api-1.1.1.jar:/home/user/.m2/repository/com/sun/jersey/jersey-server/1.19/jersey-server-1.19.jar:/home/user/.m2/repository/javax/servlet/javax.servlet-api/3.1.0/javax.servlet-api-3.1.0.jar:/home/user/.m2/repository/org/eclipse/jetty/jetty-server/9.4.34.v20201102/jetty-server-9.4.34.v20201102.jar:/home/user/.m2/repository/org/eclipse/jetty/jetty-http/9.4.34.v20201102/jetty-http-9.4.34.v20201102.jar:/home/user/.m2/repository/org/eclipse/jetty/jetty-io/9.4.34.v20201102/jetty-io-9.4.34.v20201102.jar:/home/user/.m2/repository/org/eclipse/jetty/jetty-webapp/9.4.34.v20201102/jetty-webapp-9.4.34.v20201102.jar:/home/user/.m2/repository/org/eclipse/jetty/jetty-xml/9.4.34.v20201102/jetty-xml-9.4.34.v20201102.jar:/home/user/.m2/repository/org/apache/hadoop/hadoop-common/3.2.1/hadoop-common-3.2.1.jar:/home/user/.m2/repository/commons-net/commons-net/3.6/commons-net-3.6.jar:/home/user/.m2/repository/com/sun/jersey/jersey-servlet/1.19/jersey-servlet-1.19.jar:/home/user/.m2/repository/com/sun/jersey/jersey-json/1.19/jersey-json-1.19.jar:/home/user/.m2/repository/org/codehaus/jettison/jettison/1.1/jettison-1.1.jar:/home/user/.m2/repository/org/codehaus/jackson/jackson-jaxrs/1.9.2/jackson-jaxrs-1.9.2.jar:/home/user/.m2/repository/org/codehaus/jackson/jackson-xc/1.9.2/jackson-xc-1.9.2.jar:/home/user/.m2/repository/org/apache/commons/commons-configuration2/2.1.1/commons-configuration2-2.1.1.jar:/home/user/.m2/repository/org/apache/commons/commons-text/1.4/commons-text-1.4.jar:/home/user/.m2/repository/com/google/re2j/re2j/1.1/re2j-1.1.jar:/home/user/.m2/repository/com/jcraft/jsch/0.1.54/jsch-0.1.54.jar:/home/user/.m2/repository/org/apache/curator/curator-client/2.13.0/curator-client-2.13.0.jar:/home/user/.m2/repository/org/apache/curator/curator-recipes/2.13.0/curator-recipes-2.13.0.jar:/home/user/.m2/repository/dnsjava/dnsjava/2.1.7/dnsjava-2.1.7.jar:/home/user/.m2/repository/org/slf4j/jul-to-slf4j/1.7.30/jul-to-slf4j-1.7.30.jar:/home/user/.m2/repository/org/eclipse/jetty/jetty-util/9.4.34.v20201102/jetty-util-9.4.34.v20201102.jar:/home/user/.m2/repository/com/fasterxml/jackson/core/jackson-databind/2.10.3/jackson-databind-2.10.3.jar:/home/user/.m2/repository/org/apache/hadoop/hadoop-kms/3.2.1/hadoop-kms-3.2.1-tests.jar:/home/user/.m2/repository/org/apache/hadoop/hadoop-hdds-server-scm/1.1.0-SNAPSHOT/hadoop-hdds-server-scm-1.1.0-SNAPSHOT-tests.jar:/home/user/.m2/repository/org/apache/hadoop/hadoop-hdds-container-service/1.1.0-SNAPSHOT/hadoop-hdds-container-service-1.1.0-SNAPSHOT-tests.jar:/home/user/.m2/repository/commons-codec/commons-codec/1.11/commons-codec-1.11.jar:/home/user/.m2/repository/org/apache/hadoop/hadoop-hdds-hadoop-dependency-test/1.1.0-SNAPSHOT/hadoop-hdds-hadoop-dependency-test-1.1.0-SNAPSHOT.jar:/home/user/.m2/repository/org/apache/hadoop/hadoop-common/3.2.1/hadoop-common-3.2.1-tests.jar:/home/user/.m2/repository/org/apache/hadoop/hadoop-hdfs/3.2.1/hadoop-hdfs-3.2.1-tests.jar:/home/user/.m2/repository/org/eclipse/jetty/jetty-util-ajax/9.4.34.v20201102/jetty-util-ajax-9.4.34.v20201102.jar:/home/user/.m2/repository/commons-daemon/commons-daemon/1.0.13/commons-daemon-1.0.13.jar:/home/user/.m2/repository/io/netty/netty/3.10.5.Final/netty-3.10.5.Final.jar:/home/user/.m2/repository/io/netty/netty-all/4.1.48.Final/netty-all-4.1.48.Final.jar:/home/user/.m2/repository/org/apache/htrace/htrace-core4/4.1.0-incubating/htrace-core4-4.1.0-incubating.jar:/home/user/.m2/repository/org/apache/hadoop/hadoop-distcp/3.2.1/hadoop-distcp-3.2.1.jar:/home/user/.m2/repository/org/apache/hadoop/hadoop-mapreduce-client-jobclient/3.2.1/hadoop-mapreduce-client-jobclient-3.2.1.jar:/home/user/.m2/repository/org/apache/hadoop/hadoop-mapreduce-client-common/3.2.1/hadoop-mapreduce-client-common-3.2.1.jar:/home/user/.m2/repository/org/apache/hadoop/hadoop-yarn-common/3.2.1/hadoop-yarn-common-3.2.1.jar:/home/user/.m2/repository/org/apache/hadoop/hadoop-yarn-api/3.2.1/hadoop-yarn-api-3.2.1.jar:/home/user/.m2/repository/com/sun/jersey/jersey-client/1.19/jersey-client-1.19.jar:/home/user/.m2/repository/com/sun/jersey/contribs/jersey-guice/1.19/jersey-guice-1.19.jar:/home/user/.m2/repository/com/fasterxml/jackson/jaxrs/jackson-jaxrs-json-provider/2.10.3/jackson-jaxrs-json-provider-2.10.3.jar:/home/user/.m2/repository/com/fasterxml/jackson/jaxrs/jackson-jaxrs-base/2.10.3/jackson-jaxrs-base-2.10.3.jar:/home/user/.m2/repository/org/apache/hadoop/hadoop-yarn-client/3.2.1/hadoop-yarn-client-3.2.1.jar:/home/user/.m2/repository/org/apache/hadoop/hadoop-mapreduce-client-core/3.2.1/hadoop-mapreduce-client-core-3.2.1.jar:/home/user/.m2/repository/org/apache/avro/avro/1.7.7/avro-1.7.7.jar:/home/user/.m2/repository/org/codehaus/jackson/jackson-core-asl/1.9.13/jackson-core-asl-1.9.13.jar:/home/user/.m2/repository/org/codehaus/jackson/jackson-mapper-asl/1.9.13/jackson-mapper-asl-1.9.13.jar:/home/user/.m2/repository/com/thoughtworks/paranamer/paranamer/2.3/paranamer-2.3.jar:/home/user/.m2/repository/org/xerial/snappy/snappy-java/1.0.5/snappy-java-1.0.5.jar:/home/user/.m2/repository/org/apache/hadoop/hadoop-annotations/3.2.1/hadoop-annotations-3.2.1.jar:/usr/lib/jvm/java-1.8.0-openjdk-1.8.0.232.b09-0.el7_7.x86_64/jre/../lib/tools.jar:/home/user/.m2/repository/org/apache/hadoop/hadoop-distcp/3.2.1/hadoop-distcp-3.2.1-tests.jar:"/>
    <property name="java.vm.vendor" value="Oracle Corporation"/>
    <property name="sun.arch.data.model" value="64"/>
    <property name="test.build.dir" value="/github/workspace/mnt/ozone/hadoop-ozone/integration-test/target/test-dir"/>
    <property name="test.cache.data" value=""/>
    <property name="java.vendor.url" value="http://java.oracle.com/"/>
    <property name="user.timezone" value=""/>
    <property name="java.vm.specification.version" value="1.8"/>
    <property name="os.name" value="Linux"/>
    <property name="test.build.data" value="/github/workspace/mnt/ozone/hadoop-ozone/integration-test/target/test-dir"/>
    <property name="user.country" value="US"/>
    <property name="sun.java.launcher" value="SUN_STANDARD"/>
    <property name="sun.boot.library.path" value="/usr/lib/jvm/java-1.8.0-openjdk-1.8.0.232.b09-0.el7_7.x86_64/jre/lib/amd64"/>
    <property name="sun.java.command" value="/github/workspace/mnt/ozone/hadoop-ozone/integration-test/target/surefire/surefirebooter3149789068456879430.jar /github/workspace/mnt/ozone/hadoop-ozone/integration-test/target/surefire 2021-01-01T13-13-15_446-jvmRun1 surefire3031979210929944679tmp surefire_725013139765705525500tmp"/>
    <property name="surefire.test.class.path" value="/github/workspace/mnt/ozone/hadoop-ozone/integration-test/target/test-classes:/github/workspace/mnt/ozone/hadoop-ozone/integration-test/target/classes:/home/user/.m2/repository/org/apache/hadoop/hadoop-ozone-common/1.1.0-SNAPSHOT/hadoop-ozone-common-1.1.0-SNAPSHOT.jar:/home/user/.m2/repository/org/apache/commons/commons-compress/1.4.1/commons-compress-1.4.1.jar:/home/user/.m2/repository/org/tukaani/xz/1.0/xz-1.0.jar:/home/user/.m2/repository/org/apache/hadoop/hadoop-hdds-common/1.1.0-SNAPSHOT/hadoop-hdds-common-1.1.0-SNAPSHOT.jar:/home/user/.m2/repository/org/apache/hadoop/hadoop-hdds-client/1.1.0-SNAPSHOT/hadoop-hdds-client-1.1.0-SNAPSHOT.jar:/home/user/.m2/repository/org/apache/hadoop/hadoop-ozone-interface-client/1.1.0-SNAPSHOT/hadoop-ozone-interface-client-1.1.0-SNAPSHOT.jar:/home/user/.m2/repository/org/apache/hadoop/hadoop-hdds-test-utils/1.1.0-SNAPSHOT/hadoop-hdds-test-utils-1.1.0-SNAPSHOT.jar:/home/user/.m2/repository/com/google/guava/guava/28.2-jre/guava-28.2-jre.jar:/home/user/.m2/repository/com/google/guava/failureaccess/1.0.1/failureaccess-1.0.1.jar:/home/user/.m2/repository/com/google/guava/listenablefuture/9999.0-empty-to-avoid-conflict-with-guava/listenablefuture-9999.0-empty-to-avoid-conflict-with-guava.jar:/home/user/.m2/repository/com/google/code/findbugs/jsr305/3.0.0/jsr305-3.0.0.jar:/home/user/.m2/repository/org/checkerframework/checker-qual/2.10.0/checker-qual-2.10.0.jar:/home/user/.m2/repository/com/google/errorprone/error_prone_annotations/2.2.0/error_prone_annotations-2.2.0.jar:/home/user/.m2/repository/com/google/j2objc/j2objc-annotations/1.3/j2objc-annotations-1.3.jar:/home/user/.m2/repository/commons-io/commons-io/2.5/commons-io-2.5.jar:/home/user/.m2/repository/commons-logging/commons-logging/1.2/commons-logging-1.2.jar:/home/user/.m2/repository/log4j/log4j/1.2.17/log4j-1.2.17.jar:/home/user/.m2/repository/org/slf4j/slf4j-api/1.7.30/slf4j-api-1.7.30.jar:/home/user/.m2/repository/org/apache/hadoop/hadoop-hdds-server-scm/1.1.0-SNAPSHOT/hadoop-hdds-server-scm-1.1.0-SNAPSHOT.jar:/home/user/.m2/repository/org/apache/hadoop/hadoop-hdds-container-service/1.1.0-SNAPSHOT/hadoop-hdds-container-service-1.1.0-SNAPSHOT.jar:/home/user/.m2/repository/org/apache/hadoop/hadoop-hdds-hadoop-dependency-server/1.1.0-SNAPSHOT/hadoop-hdds-hadoop-dependency-server-1.1.0-SNAPSHOT.jar:/home/user/.m2/repository/org/apache/hadoop/hadoop-hdfs/3.2.1/hadoop-hdfs-3.2.1.jar:/home/user/.m2/repository/org/apache/hadoop/hadoop-hdds-server-framework/1.1.0-SNAPSHOT/hadoop-hdds-server-framework-1.1.0-SNAPSHOT.jar:/home/user/.m2/repository/org/apache/hadoop/hadoop-hdds-interface-server/1.1.0-SNAPSHOT/hadoop-hdds-interface-server-1.1.0-SNAPSHOT.jar:/home/user/.m2/repository/org/apache/hadoop/hadoop-hdds-interface-admin/1.1.0-SNAPSHOT/hadoop-hdds-interface-admin-1.1.0-SNAPSHOT.jar:/home/user/.m2/repository/org/eclipse/jetty/jetty-servlet/9.4.34.v20201102/jetty-servlet-9.4.34.v20201102.jar:/home/user/.m2/repository/org/eclipse/jetty/jetty-security/9.4.34.v20201102/jetty-security-9.4.34.v20201102.jar:/home/user/.m2/repository/org/rocksdb/rocksdbjni/6.8.1/rocksdbjni-6.8.1.jar:/home/user/.m2/repository/io/prometheus/simpleclient_dropwizard/0.7.0/simpleclient_dropwizard-0.7.0.jar:/home/user/.m2/repository/io/prometheus/simpleclient/0.7.0/simpleclient-0.7.0.jar:/home/user/.m2/repository/io/prometheus/simpleclient_common/0.7.0/simpleclient_common-0.7.0.jar:/home/user/.m2/repository/com/fasterxml/jackson/datatype/jackson-datatype-jsr310/2.10.3/jackson-datatype-jsr310-2.10.3.jar:/home/user/.m2/repository/io/dropwizard/metrics/metrics-core/3.2.4/metrics-core-3.2.4.jar:/home/user/.m2/repository/org/apache/hadoop/hadoop-hdfs-client/3.2.1/hadoop-hdfs-client-3.2.1.jar:/home/user/.m2/repository/org/bouncycastle/bcprov-jdk15on/1.67/bcprov-jdk15on-1.67.jar:/home/user/.m2/repository/org/apache/hadoop/hadoop-ozone-ozone-manager/1.1.0-SNAPSHOT/hadoop-ozone-ozone-manager-1.1.0-SNAPSHOT.jar:/home/user/.m2/repository/org/apache/hadoop/hadoop-hdds-interface-client/1.1.0-SNAPSHOT/hadoop-hdds-interface-client-1.1.0-SNAPSHOT.jar:/home/user/.m2/repository/org/apache/ratis/ratis-thirdparty-misc/0.6.0-SNAPSHOT/ratis-thirdparty-misc-0.6.0-SNAPSHOT.jar:/home/user/.m2/repository/org/apache/hadoop/hadoop-ozone-interface-storage/1.1.0-SNAPSHOT/hadoop-ozone-interface-storage-1.1.0-SNAPSHOT.jar:/home/user/.m2/repository/org/apache/hadoop/hadoop-minikdc/3.2.1/hadoop-minikdc-3.2.1.jar:/home/user/.m2/repository/org/apache/kerby/kerb-simplekdc/1.0.1/kerb-simplekdc-1.0.1.jar:/home/user/.m2/repository/org/apache/kerby/kerb-client/1.0.1/kerb-client-1.0.1.jar:/home/user/.m2/repository/org/apache/kerby/kerby-config/1.0.1/kerby-config-1.0.1.jar:/home/user/.m2/repository/org/apache/kerby/kerb-core/1.0.1/kerb-core-1.0.1.jar:/home/user/.m2/repository/org/apache/kerby/kerby-pkix/1.0.1/kerby-pkix-1.0.1.jar:/home/user/.m2/repository/org/apache/kerby/kerby-asn1/1.0.1/kerby-asn1-1.0.1.jar:/home/user/.m2/repository/org/apache/kerby/kerby-util/1.0.1/kerby-util-1.0.1.jar:/home/user/.m2/repository/org/apache/kerby/kerb-common/1.0.1/kerb-common-1.0.1.jar:/home/user/.m2/repository/org/apache/kerby/kerb-crypto/1.0.1/kerb-crypto-1.0.1.jar:/home/user/.m2/repository/org/apache/kerby/kerb-util/1.0.1/kerb-util-1.0.1.jar:/home/user/.m2/repository/org/apache/kerby/token-provider/1.0.1/token-provider-1.0.1.jar:/home/user/.m2/repository/org/apache/kerby/kerb-admin/1.0.1/kerb-admin-1.0.1.jar:/home/user/.m2/repository/org/apache/kerby/kerb-server/1.0.1/kerb-server-1.0.1.jar:/home/user/.m2/repository/org/apache/kerby/kerb-identity/1.0.1/kerb-identity-1.0.1.jar:/home/user/.m2/repository/org/apache/kerby/kerby-xdr/1.0.1/kerby-xdr-1.0.1.jar:/home/user/.m2/repository/org/slf4j/slf4j-log4j12/1.7.30/slf4j-log4j12-1.7.30.jar:/home/user/.m2/repository/org/apache/hadoop/hadoop-ozone-s3gateway/1.1.0-SNAPSHOT/hadoop-ozone-s3gateway-1.1.0-SNAPSHOT.jar:/home/user/.m2/repository/org/jboss/weld/servlet/weld-servlet/2.4.7.Final/weld-servlet-2.4.7.Final.jar:/home/user/.m2/repository/org/glassfish/jersey/containers/jersey-container-servlet-core/2.27/jersey-container-servlet-core-2.27.jar:/home/user/.m2/repository/org/glassfish/hk2/external/javax.inject/2.5.0-b42/javax.inject-2.5.0-b42.jar:/home/user/.m2/repository/org/glassfish/jersey/core/jersey-common/2.27/jersey-common-2.27.jar:/home/user/.m2/repository/org/glassfish/hk2/osgi-resource-locator/1.0.1/osgi-resource-locator-1.0.1.jar:/home/user/.m2/repository/javax/ws/rs/javax.ws.rs-api/2.1/javax.ws.rs-api-2.1.jar:/home/user/.m2/repository/org/glassfish/jersey/ext/cdi/jersey-cdi1x/2.27/jersey-cdi1x-2.27.jar:/home/user/.m2/repository/org/glassfish/jersey/inject/jersey-hk2/2.27/jersey-hk2-2.27.jar:/home/user/.m2/repository/org/glassfish/hk2/hk2-locator/2.5.0-b42/hk2-locator-2.5.0-b42.jar:/home/user/.m2/repository/org/javassist/javassist/3.22.0-CR2/javassist-3.22.0-CR2.jar:/home/user/.m2/repository/org/glassfish/hk2/hk2-api/2.5.0/hk2-api-2.5.0.jar:/home/user/.m2/repository/org/glassfish/hk2/external/jakarta.inject/2.5.0/jakarta.inject-2.5.0.jar:/home/user/.m2/repository/org/glassfish/hk2/hk2-utils/2.5.0/hk2-utils-2.5.0.jar:/home/user/.m2/repository/jakarta/annotation/jakarta.annotation-api/1.3.4/jakarta.annotation-api-1.3.4.jar:/home/user/.m2/repository/org/glassfish/hk2/external/aopalliance-repackaged/2.5.0/aopalliance-repackaged-2.5.0.jar:/home/user/.m2/repository/com/fasterxml/jackson/dataformat/jackson-dataformat-xml/2.10.3/jackson-dataformat-xml-2.10.3.jar:/home/user/.m2/repository/com/fasterxml/jackson/core/jackson-core/2.10.3/jackson-core-2.10.3.jar:/home/user/.m2/repository/com/fasterxml/jackson/module/jackson-module-jaxb-annotations/2.10.3/jackson-module-jaxb-annotations-2.10.3.jar:/home/user/.m2/repository/jakarta/xml/bind/jakarta.xml.bind-api/2.3.2/jakarta.xml.bind-api-2.3.2.jar:/home/user/.m2/repository/jakarta/activation/jakarta.activation-api/1.2.1/jakarta.activation-api-1.2.1.jar:/home/user/.m2/repository/org/codehaus/woodstox/stax2-api/3.1.4/stax2-api-3.1.4.jar:/home/user/.m2/repository/com/fasterxml/woodstox/woodstox-core/5.0.3/woodstox-core-5.0.3.jar:/home/user/.m2/repository/javax/enterprise/cdi-api/1.2/cdi-api-1.2.jar:/home/user/.m2/repository/javax/el/javax.el-api/3.0.0/javax.el-api-3.0.0.jar:/home/user/.m2/repository/javax/interceptor/javax.interceptor-api/1.2/javax.interceptor-api-1.2.jar:/home/user/.m2/repository/javax/inject/javax.inject/1/javax.inject-1.jar:/home/user/.m2/repository/com/sun/xml/bind/jaxb-impl/2.3.0.1/jaxb-impl-2.3.0.1.jar:/home/user/.m2/repository/com/sun/xml/bind/jaxb-core/2.3.0.1/jaxb-core-2.3.0.1.jar:/home/user/.m2/repository/javax/xml/bind/jaxb-api/2.3.0/jaxb-api-2.3.0.jar:/home/user/.m2/repository/javax/activation/activation/1.1.1/activation-1.1.1.jar:/home/user/.m2/repository/org/apache/hadoop/hadoop-ozone-csi/1.1.0-SNAPSHOT/hadoop-ozone-csi-1.1.0-SNAPSHOT.jar:/home/user/.m2/repository/com/google/protobuf/protobuf-java-util/3.11.0/protobuf-java-util-3.11.0.jar:/home/user/.m2/repository/com/google/code/gson/gson/2.2.4/gson-2.2.4.jar:/home/user/.m2/repository/org/apache/hadoop/hadoop-hdds-config/1.1.0-SNAPSHOT/hadoop-hdds-config-1.1.0-SNAPSHOT.jar:/home/user/.m2/repository/com/google/protobuf/protobuf-java/2.5.0/protobuf-java-2.5.0.jar:/home/user/.m2/repository/io/grpc/grpc-netty/1.29.0/grpc-netty-1.29.0.jar:/home/user/.m2/repository/io/grpc/grpc-core/1.29.0/grpc-core-1.29.0.jar:/home/user/.m2/repository/com/google/android/annotations/4.1.1.4/annotations-4.1.1.4.jar:/home/user/.m2/repository/io/perfmark/perfmark-api/0.19.0/perfmark-api-0.19.0.jar:/home/user/.m2/repository/io/netty/netty-codec-http2/4.1.48.Final/netty-codec-http2-4.1.48.Final.jar:/home/user/.m2/repository/io/netty/netty-codec/4.1.48.Final/netty-codec-4.1.48.Final.jar:/home/user/.m2/repository/io/netty/netty-handler/4.1.48.Final/netty-handler-4.1.48.Final.jar:/home/user/.m2/repository/io/netty/netty-codec-http/4.1.48.Final/netty-codec-http-4.1.48.Final.jar:/home/user/.m2/repository/io/netty/netty-handler-proxy/4.1.48.Final/netty-handler-proxy-4.1.48.Final.jar:/home/user/.m2/repository/io/netty/netty-codec-socks/4.1.48.Final/netty-codec-socks-4.1.48.Final.jar:/home/user/.m2/repository/io/netty/netty-transport-native-epoll/4.1.48.Final/netty-transport-native-epoll-4.1.48.Final.jar:/home/user/.m2/repository/io/netty/netty-common/4.1.48.Final/netty-common-4.1.48.Final.jar:/home/user/.m2/repository/io/netty/netty-buffer/4.1.48.Final/netty-buffer-4.1.48.Final.jar:/home/user/.m2/repository/io/netty/netty-transport/4.1.48.Final/netty-transport-4.1.48.Final.jar:/home/user/.m2/repository/io/netty/netty-resolver/4.1.48.Final/netty-resolver-4.1.48.Final.jar:/home/user/.m2/repository/io/netty/netty-transport-native-unix-common/4.1.48.Final/netty-transport-native-unix-common-4.1.48.Final.jar:/home/user/.m2/repository/io/grpc/grpc-protobuf/1.29.0/grpc-protobuf-1.29.0.jar:/home/user/.m2/repository/io/grpc/grpc-api/1.29.0/grpc-api-1.29.0.jar:/home/user/.m2/repository/io/grpc/grpc-context/1.29.0/grpc-context-1.29.0.jar:/home/user/.m2/repository/org/codehaus/mojo/animal-sniffer-annotations/1.18/animal-sniffer-annotations-1.18.jar:/home/user/.m2/repository/com/google/api/grpc/proto-google-common-protos/1.17.0/proto-google-common-protos-1.17.0.jar:/home/user/.m2/repository/io/grpc/grpc-protobuf-lite/1.29.0/grpc-protobuf-lite-1.29.0.jar:/home/user/.m2/repository/io/grpc/grpc-stub/1.29.0/grpc-stub-1.29.0.jar:/home/user/.m2/repository/org/apache/hadoop/hadoop-ozone-recon/1.1.0-SNAPSHOT/hadoop-ozone-recon-1.1.0-SNAPSHOT.jar:/home/user/.m2/repository/org/apache/hadoop/hadoop-ozone-reconcodegen/1.1.0-SNAPSHOT/hadoop-ozone-reconcodegen-1.1.0-SNAPSHOT.jar:/home/user/.m2/repository/com/google/inject/extensions/guice-multibindings/4.0/guice-multibindings-4.0.jar:/home/user/.m2/repository/com/google/inject/guice/4.0/guice-4.0.jar:/home/user/.m2/repository/aopalliance/aopalliance/1.0/aopalliance-1.0.jar:/home/user/.m2/repository/com/google/inject/extensions/guice-assistedinject/4.0/guice-assistedinject-4.0.jar:/home/user/.m2/repository/com/google/inject/extensions/guice-servlet/4.0/guice-servlet-4.0.jar:/home/user/.m2/repository/org/glassfish/jersey/containers/jersey-container-servlet/2.27/jersey-container-servlet-2.27.jar:/home/user/.m2/repository/org/glassfish/hk2/guice-bridge/2.5.0/guice-bridge-2.5.0.jar:/home/user/.m2/repository/org/glassfish/jersey/core/jersey-server/2.27/jersey-server-2.27.jar:/home/user/.m2/repository/org/glassfish/jersey/core/jersey-client/2.27/jersey-client-2.27.jar:/home/user/.m2/repository/org/glassfish/jersey/media/jersey-media-jaxb/2.27/jersey-media-jaxb-2.27.jar:/home/user/.m2/repository/javax/validation/validation-api/1.1.0.Final/validation-api-1.1.0.Final.jar:/home/user/.m2/repository/org/glassfish/jersey/media/jersey-media-json-jackson/2.27/jersey-media-json-jackson-2.27.jar:/home/user/.m2/repository/org/glassfish/jersey/ext/jersey-entity-filtering/2.27/jersey-entity-filtering-2.27.jar:/home/user/.m2/repository/org/jooq/jooq/3.11.10/jooq-3.11.10.jar:/home/user/.m2/repository/org/jooq/jooq-meta/3.11.10/jooq-meta-3.11.10.jar:/home/user/.m2/repository/org/jooq/jooq-codegen/3.11.10/jooq-codegen-3.11.10.jar:/home/user/.m2/repository/com/jolbox/bonecp/0.8.0.RELEASE/bonecp-0.8.0.RELEASE.jar:/home/user/.m2/repository/org/apache/derby/derby/10.14.2.0/derby-10.14.2.0.jar:/home/user/.m2/repository/org/xerial/sqlite-jdbc/3.25.2/sqlite-jdbc-3.25.2.jar:/home/user/.m2/repository/org/springframework/spring-jdbc/5.2.11.RELEASE/spring-jdbc-5.2.11.RELEASE.jar:/home/user/.m2/repository/org/springframework/spring-beans/5.2.11.RELEASE/spring-beans-5.2.11.RELEASE.jar:/home/user/.m2/repository/org/springframework/spring-core/5.2.11.RELEASE/spring-core-5.2.11.RELEASE.jar:/home/user/.m2/repository/org/springframework/spring-jcl/5.2.11.RELEASE/spring-jcl-5.2.11.RELEASE.jar:/home/user/.m2/repository/org/springframework/spring-tx/5.2.11.RELEASE/spring-tx-5.2.11.RELEASE.jar:/home/user/.m2/repository/org/apache/hadoop/hadoop-ozone-client/1.1.0-SNAPSHOT/hadoop-ozone-client-1.1.0-SNAPSHOT.jar:/home/user/.m2/repository/org/apache/hadoop/hadoop-ozone-filesystem/1.1.0-SNAPSHOT/hadoop-ozone-filesystem-1.1.0-SNAPSHOT.jar:/home/user/.m2/repository/org/apache/hadoop/hadoop-ozone-filesystem-common/1.1.0-SNAPSHOT/hadoop-ozone-filesystem-common-1.1.0-SNAPSHOT.jar:/home/user/.m2/repository/org/apache/hadoop/hadoop-ozone-tools/1.1.0-SNAPSHOT/hadoop-ozone-tools-1.1.0-SNAPSHOT.jar:/home/user/.m2/repository/org/apache/ratis/ratis-tools/1.1.0-c5eafb9-SNAPSHOT/ratis-tools-1.1.0-c5eafb9-SNAPSHOT.jar:/home/user/.m2/repository/org/apache/ratis/ratis-proto/1.1.0-c5eafb9-SNAPSHOT/ratis-proto-1.1.0-c5eafb9-SNAPSHOT.jar:/home/user/.m2/repository/org/apache/ratis/ratis-common/1.1.0-c5eafb9-SNAPSHOT/ratis-common-1.1.0-c5eafb9-SNAPSHOT.jar:/home/user/.m2/repository/com/amazonaws/aws-java-sdk-core/1.11.901/aws-java-sdk-core-1.11.901.jar:/home/user/.m2/repository/org/apache/httpcomponents/httpclient/4.5.13/httpclient-4.5.13.jar:/home/user/.m2/repository/org/apache/httpcomponents/httpcore/4.4.13/httpcore-4.4.13.jar:/home/user/.m2/repository/software/amazon/ion/ion-java/1.0.2/ion-java-1.0.2.jar:/home/user/.m2/repository/com/fasterxml/jackson/dataformat/jackson-dataformat-cbor/2.10.3/jackson-dataformat-cbor-2.10.3.jar:/home/user/.m2/repository/joda-time/joda-time/2.8.1/joda-time-2.8.1.jar:/home/user/.m2/repository/com/amazonaws/aws-java-sdk-s3/1.11.901/aws-java-sdk-s3-1.11.901.jar:/home/user/.m2/repository/com/amazonaws/aws-java-sdk-kms/1.11.901/aws-java-sdk-kms-1.11.901.jar:/home/user/.m2/repository/com/amazonaws/jmespath-java/1.11.901/jmespath-java-1.11.901.jar:/home/user/.m2/repository/org/kohsuke/metainf-services/metainf-services/1.8/metainf-services-1.8.jar:/home/user/.m2/repository/org/apache/hadoop/hadoop-hdds-tools/1.1.0-SNAPSHOT/hadoop-hdds-tools-1.1.0-SNAPSHOT.jar:/home/user/.m2/repository/commons-cli/commons-cli/1.2/commons-cli-1.2.jar:/home/user/.m2/repository/org/apache/commons/commons-lang3/3.7/commons-lang3-3.7.jar:/home/user/.m2/repository/org/apache/hadoop/hadoop-ozone-ozone-manager/1.1.0-SNAPSHOT/hadoop-ozone-ozone-manager-1.1.0-SNAPSHOT-tests.jar:/home/user/.m2/repository/org/apache/hadoop/hadoop-hdds-common/1.1.0-SNAPSHOT/hadoop-hdds-common-1.1.0-SNAPSHOT-tests.jar:/home/user/.m2/repository/org/apache/hadoop/hadoop-hdds-hadoop-dependency-client/1.1.0-SNAPSHOT/hadoop-hdds-hadoop-dependency-client-1.1.0-SNAPSHOT.jar:/home/user/.m2/repository/info/picocli/picocli/4.4.0/picocli-4.4.0.jar:/home/user/.m2/repository/com/fasterxml/jackson/core/jackson-annotations/2.10.3/jackson-annotations-2.10.3.jar:/home/user/.m2/repository/javax/annotation/javax.annotation-api/1.2/javax.annotation-api-1.2.jar:/home/user/.m2/repository/org/fusesource/leveldbjni/leveldbjni-all/1.8/leveldbjni-all-1.8.jar:/home/user/.m2/repository/org/apache/ratis/ratis-server/1.1.0-c5eafb9-SNAPSHOT/ratis-server-1.1.0-c5eafb9-SNAPSHOT.jar:/home/user/.m2/repository/org/apache/ratis/ratis-client/1.1.0-c5eafb9-SNAPSHOT/ratis-client-1.1.0-c5eafb9-SNAPSHOT.jar:/home/user/.m2/repository/org/apache/ratis/ratis-metrics/1.1.0-c5eafb9-SNAPSHOT/ratis-metrics-1.1.0-c5eafb9-SNAPSHOT.jar:/home/user/.m2/repository/org/apache/ratis/ratis-netty/1.1.0-c5eafb9-SNAPSHOT/ratis-netty-1.1.0-c5eafb9-SNAPSHOT.jar:/home/user/.m2/repository/org/apache/ratis/ratis-grpc/1.1.0-c5eafb9-SNAPSHOT/ratis-grpc-1.1.0-c5eafb9-SNAPSHOT.jar:/home/user/.m2/repository/org/apache/logging/log4j/log4j-api/2.13.3/log4j-api-2.13.3.jar:/home/user/.m2/repository/org/apache/logging/log4j/log4j-core/2.13.3/log4j-core-2.13.3.jar:/home/user/.m2/repository/com/lmax/disruptor/3.4.2/disruptor-3.4.2.jar:/home/user/.m2/repository/org/apache/commons/commons-pool2/2.6.0/commons-pool2-2.6.0.jar:/home/user/.m2/repository/org/bouncycastle/bcpkix-jdk15on/1.67/bcpkix-jdk15on-1.67.jar:/home/user/.m2/repository/commons-validator/commons-validator/1.6/commons-validator-1.6.jar:/home/user/.m2/repository/commons-beanutils/commons-beanutils/1.9.4/commons-beanutils-1.9.4.jar:/home/user/.m2/repository/commons-digester/commons-digester/1.8.1/commons-digester-1.8.1.jar:/home/user/.m2/repository/commons-collections/commons-collections/3.2.2/commons-collections-3.2.2.jar:/home/user/.m2/repository/io/jaegertracing/jaeger-client/1.2.0/jaeger-client-1.2.0.jar:/home/user/.m2/repository/io/jaegertracing/jaeger-thrift/1.2.0/jaeger-thrift-1.2.0.jar:/home/user/.m2/repository/org/apache/thrift/libthrift/0.13.0/libthrift-0.13.0.jar:/home/user/.m2/repository/com/squareup/okhttp3/okhttp/4.2.2/okhttp-4.2.2.jar:/home/user/.m2/repository/com/squareup/okio/okio/2.2.2/okio-2.2.2.jar:/home/user/.m2/repository/org/jetbrains/kotlin/kotlin-stdlib/1.3.50/kotlin-stdlib-1.3.50.jar:/home/user/.m2/repository/org/jetbrains/kotlin/kotlin-stdlib-common/1.3.50/kotlin-stdlib-common-1.3.50.jar:/home/user/.m2/repository/org/jetbrains/annotations/13.0/annotations-13.0.jar:/home/user/.m2/repository/io/jaegertracing/jaeger-core/1.2.0/jaeger-core-1.2.0.jar:/home/user/.m2/repository/io/jaegertracing/jaeger-tracerresolver/1.2.0/jaeger-tracerresolver-1.2.0.jar:/home/user/.m2/repository/io/opentracing/contrib/opentracing-tracerresolver/0.1.8/opentracing-tracerresolver-0.1.8.jar:/home/user/.m2/repository/io/opentracing/opentracing-util/0.33.0/opentracing-util-0.33.0.jar:/home/user/.m2/repository/io/opentracing/opentracing-api/0.33.0/opentracing-api-0.33.0.jar:/home/user/.m2/repository/io/opentracing/opentracing-noop/0.33.0/opentracing-noop-0.33.0.jar:/home/user/.m2/repository/org/yaml/snakeyaml/1.26/snakeyaml-1.26.jar:/home/user/.m2/repository/junit/junit/4.11/junit-4.11.jar:/home/user/.m2/repository/org/hamcrest/hamcrest-core/1.3/hamcrest-core-1.3.jar:/home/user/.m2/repository/org/openjdk/jmh/jmh-core/1.19/jmh-core-1.19.jar:/home/user/.m2/repository/net/sf/jopt-simple/jopt-simple/4.6/jopt-simple-4.6.jar:/home/user/.m2/repository/org/apache/commons/commons-math3/3.1.1/commons-math3-3.1.1.jar:/home/user/.m2/repository/org/openjdk/jmh/jmh-generator-annprocess/1.19/jmh-generator-annprocess-1.19.jar:/home/user/.m2/repository/org/mockito/mockito-all/1.8.5/mockito-all-1.8.5.jar:/home/user/.m2/repository/org/apache/hadoop/hadoop-kms/3.2.1/hadoop-kms-3.2.1.jar:/home/user/.m2/repository/org/apache/hadoop/hadoop-auth/3.2.1/hadoop-auth-3.2.1.jar:/home/user/.m2/repository/com/nimbusds/nimbus-jose-jwt/7.9/nimbus-jose-jwt-7.9.jar:/home/user/.m2/repository/com/github/stephenc/jcip/jcip-annotations/1.0-1/jcip-annotations-1.0-1.jar:/home/user/.m2/repository/net/minidev/json-smart/2.3/json-smart-2.3.jar:/home/user/.m2/repository/net/minidev/accessors-smart/1.2/accessors-smart-1.2.jar:/home/user/.m2/repository/org/ow2/asm/asm/5.0.4/asm-5.0.4.jar:/home/user/.m2/repository/org/apache/zookeeper/zookeeper/3.4.13/zookeeper-3.4.13.jar:/home/user/.m2/repository/org/apache/yetus/audience-annotations/0.5.0/audience-annotations-0.5.0.jar:/home/user/.m2/repository/org/apache/curator/curator-framework/2.13.0/curator-framework-2.13.0.jar:/home/user/.m2/repository/com/sun/jersey/jersey-core/1.19/jersey-core-1.19.jar:/home/user/.m2/repository/javax/ws/rs/jsr311-api/1.1.1/jsr311-api-1.1.1.jar:/home/user/.m2/repository/com/sun/jersey/jersey-server/1.19/jersey-server-1.19.jar:/home/user/.m2/repository/javax/servlet/javax.servlet-api/3.1.0/javax.servlet-api-3.1.0.jar:/home/user/.m2/repository/org/eclipse/jetty/jetty-server/9.4.34.v20201102/jetty-server-9.4.34.v20201102.jar:/home/user/.m2/repository/org/eclipse/jetty/jetty-http/9.4.34.v20201102/jetty-http-9.4.34.v20201102.jar:/home/user/.m2/repository/org/eclipse/jetty/jetty-io/9.4.34.v20201102/jetty-io-9.4.34.v20201102.jar:/home/user/.m2/repository/org/eclipse/jetty/jetty-webapp/9.4.34.v20201102/jetty-webapp-9.4.34.v20201102.jar:/home/user/.m2/repository/org/eclipse/jetty/jetty-xml/9.4.34.v20201102/jetty-xml-9.4.34.v20201102.jar:/home/user/.m2/repository/org/apache/hadoop/hadoop-common/3.2.1/hadoop-common-3.2.1.jar:/home/user/.m2/repository/commons-net/commons-net/3.6/commons-net-3.6.jar:/home/user/.m2/repository/com/sun/jersey/jersey-servlet/1.19/jersey-servlet-1.19.jar:/home/user/.m2/repository/com/sun/jersey/jersey-json/1.19/jersey-json-1.19.jar:/home/user/.m2/repository/org/codehaus/jettison/jettison/1.1/jettison-1.1.jar:/home/user/.m2/repository/org/codehaus/jackson/jackson-jaxrs/1.9.2/jackson-jaxrs-1.9.2.jar:/home/user/.m2/repository/org/codehaus/jackson/jackson-xc/1.9.2/jackson-xc-1.9.2.jar:/home/user/.m2/repository/org/apache/commons/commons-configuration2/2.1.1/commons-configuration2-2.1.1.jar:/home/user/.m2/repository/org/apache/commons/commons-text/1.4/commons-text-1.4.jar:/home/user/.m2/repository/com/google/re2j/re2j/1.1/re2j-1.1.jar:/home/user/.m2/repository/com/jcraft/jsch/0.1.54/jsch-0.1.54.jar:/home/user/.m2/repository/org/apache/curator/curator-client/2.13.0/curator-client-2.13.0.jar:/home/user/.m2/repository/org/apache/curator/curator-recipes/2.13.0/curator-recipes-2.13.0.jar:/home/user/.m2/repository/dnsjava/dnsjava/2.1.7/dnsjava-2.1.7.jar:/home/user/.m2/repository/org/slf4j/jul-to-slf4j/1.7.30/jul-to-slf4j-1.7.30.jar:/home/user/.m2/repository/org/eclipse/jetty/jetty-util/9.4.34.v20201102/jetty-util-9.4.34.v20201102.jar:/home/user/.m2/repository/com/fasterxml/jackson/core/jackson-databind/2.10.3/jackson-databind-2.10.3.jar:/home/user/.m2/repository/org/apache/hadoop/hadoop-kms/3.2.1/hadoop-kms-3.2.1-tests.jar:/home/user/.m2/repository/org/apache/hadoop/hadoop-hdds-server-scm/1.1.0-SNAPSHOT/hadoop-hdds-server-scm-1.1.0-SNAPSHOT-tests.jar:/home/user/.m2/repository/org/apache/hadoop/hadoop-hdds-container-service/1.1.0-SNAPSHOT/hadoop-hdds-container-service-1.1.0-SNAPSHOT-tests.jar:/home/user/.m2/repository/commons-codec/commons-codec/1.11/commons-codec-1.11.jar:/home/user/.m2/repository/org/apache/hadoop/hadoop-hdds-hadoop-dependency-test/1.1.0-SNAPSHOT/hadoop-hdds-hadoop-dependency-test-1.1.0-SNAPSHOT.jar:/home/user/.m2/repository/org/apache/hadoop/hadoop-common/3.2.1/hadoop-common-3.2.1-tests.jar:/home/user/.m2/repository/org/apache/hadoop/hadoop-hdfs/3.2.1/hadoop-hdfs-3.2.1-tests.jar:/home/user/.m2/repository/org/eclipse/jetty/jetty-util-ajax/9.4.34.v20201102/jetty-util-ajax-9.4.34.v20201102.jar:/home/user/.m2/repository/commons-daemon/commons-daemon/1.0.13/commons-daemon-1.0.13.jar:/home/user/.m2/repository/io/netty/netty/3.10.5.Final/netty-3.10.5.Final.jar:/home/user/.m2/repository/io/netty/netty-all/4.1.48.Final/netty-all-4.1.48.Final.jar:/home/user/.m2/repository/org/apache/htrace/htrace-core4/4.1.0-incubating/htrace-core4-4.1.0-incubating.jar:/home/user/.m2/repository/org/apache/hadoop/hadoop-distcp/3.2.1/hadoop-distcp-3.2.1.jar:/home/user/.m2/repository/org/apache/hadoop/hadoop-mapreduce-client-jobclient/3.2.1/hadoop-mapreduce-client-jobclient-3.2.1.jar:/home/user/.m2/repository/org/apache/hadoop/hadoop-mapreduce-client-common/3.2.1/hadoop-mapreduce-client-common-3.2.1.jar:/home/user/.m2/repository/org/apache/hadoop/hadoop-yarn-common/3.2.1/hadoop-yarn-common-3.2.1.jar:/home/user/.m2/repository/org/apache/hadoop/hadoop-yarn-api/3.2.1/hadoop-yarn-api-3.2.1.jar:/home/user/.m2/repository/com/sun/jersey/jersey-client/1.19/jersey-client-1.19.jar:/home/user/.m2/repository/com/sun/jersey/contribs/jersey-guice/1.19/jersey-guice-1.19.jar:/home/user/.m2/repository/com/fasterxml/jackson/jaxrs/jackson-jaxrs-json-provider/2.10.3/jackson-jaxrs-json-provider-2.10.3.jar:/home/user/.m2/repository/com/fasterxml/jackson/jaxrs/jackson-jaxrs-base/2.10.3/jackson-jaxrs-base-2.10.3.jar:/home/user/.m2/repository/org/apache/hadoop/hadoop-yarn-client/3.2.1/hadoop-yarn-client-3.2.1.jar:/home/user/.m2/repository/org/apache/hadoop/hadoop-mapreduce-client-core/3.2.1/hadoop-mapreduce-client-core-3.2.1.jar:/home/user/.m2/repository/org/apache/avro/avro/1.7.7/avro-1.7.7.jar:/home/user/.m2/repository/org/codehaus/jackson/jackson-core-asl/1.9.13/jackson-core-asl-1.9.13.jar:/home/user/.m2/repository/org/codehaus/jackson/jackson-mapper-asl/1.9.13/jackson-mapper-asl-1.9.13.jar:/home/user/.m2/repository/com/thoughtworks/paranamer/paranamer/2.3/paranamer-2.3.jar:/home/user/.m2/repository/org/xerial/snappy/snappy-java/1.0.5/snappy-java-1.0.5.jar:/home/user/.m2/repository/org/apache/hadoop/hadoop-annotations/3.2.1/hadoop-annotations-3.2.1.jar:/usr/lib/jvm/java-1.8.0-openjdk-1.8.0.232.b09-0.el7_7.x86_64/jre/../lib/tools.jar:/home/user/.m2/repository/org/apache/hadoop/hadoop-distcp/3.2.1/hadoop-distcp-3.2.1-tests.jar:"/>
    <property name="sun.cpu.endian" value="little"/>
    <property name="user.home" value="/home/user"/>
    <property name="user.language" value="en"/>
    <property name="java.specification.vendor" value="Oracle Corporation"/>
    <property name="java.home" value="/usr/lib/jvm/java-1.8.0-openjdk-1.8.0.232.b09-0.el7_7.x86_64/jre"/>
    <property name="java.security.krb5.conf" value="/github/workspace/mnt/ozone/hadoop-ozone/integration-test/target/test-classes/krb5.conf"/>
    <property name="basedir" value="/github/workspace/mnt/ozone/hadoop-ozone/integration-test"/>
    <property name="file.separator" value="/"/>
    <property name="line.separator" value="&#10;"/>
    <property name="java.vm.specification.vendor" value="Oracle Corporation"/>
    <property name="java.specification.name" value="Java Platform API Specification"/>
    <property name="java.awt.graphicsenv" value="sun.awt.X11GraphicsEnvironment"/>
    <property name="skip.installnpx" value="true"/>
    <property name="surefire.real.class.path" value="/github/workspace/mnt/ozone/hadoop-ozone/integration-test/target/surefire/surefirebooter3149789068456879430.jar:/home/user/.m2/repository/org/jacoco/org.jacoco.agent/0.8.5/org.jacoco.agent-0.8.5-runtime.jar"/>
    <property name="hadoop.log.dir" value="/github/workspace/mnt/ozone/hadoop-ozone/integration-test/target/log"/>
    <property name="sun.boot.class.path" value="/usr/lib/jvm/java-1.8.0-openjdk-1.8.0.232.b09-0.el7_7.x86_64/jre/lib/resources.jar:/usr/lib/jvm/java-1.8.0-openjdk-1.8.0.232.b09-0.el7_7.x86_64/jre/lib/rt.jar:/usr/lib/jvm/java-1.8.0-openjdk-1.8.0.232.b09-0.el7_7.x86_64/jre/lib/sunrsasign.jar:/usr/lib/jvm/java-1.8.0-openjdk-1.8.0.232.b09-0.el7_7.x86_64/jre/lib/jsse.jar:/usr/lib/jvm/java-1.8.0-openjdk-1.8.0.232.b09-0.el7_7.x86_64/jre/lib/jce.jar:/usr/lib/jvm/java-1.8.0-openjdk-1.8.0.232.b09-0.el7_7.x86_64/jre/lib/charsets.jar:/usr/lib/jvm/java-1.8.0-openjdk-1.8.0.232.b09-0.el7_7.x86_64/jre/lib/jfr.jar:/usr/lib/jvm/java-1.8.0-openjdk-1.8.0.232.b09-0.el7_7.x86_64/jre/classes"/>
    <property name="sun.management.compiler" value="HotSpot 64-Bit Tiered Compilers"/>
    <property name="skip.npx" value="true"/>
    <property name="java.runtime.version" value="1.8.0_232-b09"/>
    <property name="java.net.preferIPv4Stack" value="true"/>
    <property name="user.name" value="jenkins1001"/>
    <property name="path.separator" value=":"/>
    <property name="java.security.egd" value="file:///dev/urandom"/>
    <property name="os.version" value="5.4.0-1032-azure"/>
    <property name="java.endorsed.dirs" value="/usr/lib/jvm/java-1.8.0-openjdk-1.8.0.232.b09-0.el7_7.x86_64/jre/lib/endorsed"/>
    <property name="java.runtime.name" value="OpenJDK Runtime Environment"/>
    <property name="file.encoding" value="ANSI_X3.4-1968"/>
    <property name="java.vm.name" value="OpenJDK 64-Bit Server VM"/>
    <property name="test.build.webapps" value=""/>
    <property name="localRepository" value="/home/user/.m2/repository"/>
    <property name="java.vendor.url.bug" value="http://bugreport.sun.com/bugreport/"/>
    <property name="java.io.tmpdir" value="/tmp"/>
    <property name="require.test.libhadoop" value=""/>
    <property name="java.version" value="1.8.0_232"/>
    <property name="user.dir" value="/github/workspace/mnt/ozone/hadoop-ozone/integration-test"/>
    <property name="os.arch" value="amd64"/>
    <property name="java.vm.specification.name" value="Java Virtual Machine Specification"/>
    <property name="test.build.classes" value="/github/workspace/mnt/ozone/hadoop-ozone/integration-test/target/test-classes"/>
    <property name="java.awt.printerjob" value="sun.print.PSPrinterJob"/>
    <property name="sun.os.patch.level" value="unknown"/>
    <property name="hadoop.tmp.dir" value="/github/workspace/mnt/ozone/hadoop-ozone/integration-test/target/tmp"/>
    <property name="java.library.path" value="/usr/lib:/usr/java/packages/lib/amd64:/usr/lib64:/lib64:/lib:/usr/lib"/>
    <property name="java.vm.info" value="mixed mode"/>
    <property name="java.vendor" value="Oracle Corporation"/>
    <property name="java.vm.version" value="25.232-b09"/>
    <property name="java.ext.dirs" value="/usr/lib/jvm/java-1.8.0-openjdk-1.8.0.232.b09-0.el7_7.x86_64/jre/lib/ext:/usr/java/packages/lib/ext"/>
    <property name="sun.io.unicode.encoding" value="UnicodeLittle"/>
    <property name="java.class.version" value="52.0"/>
  </properties>
  <testcase name="testStoppedMaintenanceNodeTakesScmStateOnRestart" classname="org.apache.hadoop.ozone.scm.node.TestDecommissionAndMaintenance" time="52.459"/>
  <testcase name="testContainerIsReplicatedWhenAllNodesGotoMaintenance" classname="org.apache.hadoop.ozone.scm.node.TestDecommissionAndMaintenance" time="41.247"/>
  <testcase name="testDecommissionedStateReinstatedAfterSCMRestart" classname="org.apache.hadoop.ozone.scm.node.TestDecommissionAndMaintenance" time="38.479"/>
  <testcase name="testMaintenanceEndsAutomaticallyAtTimeout" classname="org.apache.hadoop.ozone.scm.node.TestDecommissionAndMaintenance" time="56.079"/>
  <testcase name="testDecommissionedNodeCanBeRecommissioned" classname="org.apache.hadoop.ozone.scm.node.TestDecommissionAndMaintenance" time="34.249"/>
  <testcase name="testNodeWithOpenPipelineCanBeDecommissioned" classname="org.apache.hadoop.ozone.scm.node.TestDecommissionAndMaintenance" time="33.249"/>
  <testcase name="testSingleNodeWithOpenPipelineCanGotoMaintenance" classname="org.apache.hadoop.ozone.scm.node.TestDecommissionAndMaintenance" time="39.035"/>
  <testcase name="testSCMHandlesRestartForMaintenanceNode" classname="org.apache.hadoop.ozone.scm.node.TestDecommissionAndMaintenance" time="49.93"/>
  <testcase name="testStoppedDecommissionedNodeTakesSCMStateOnRestart" classname="org.apache.hadoop.ozone.scm.node.TestDecommissionAndMaintenance" time="46.434"/>
  <testcase name="testEnteringMaintenanceNodeCompletesAfterSCMRestart" classname="org.apache.hadoop.ozone.scm.node.TestDecommissionAndMaintenance" time="41.889">
    <failure message="expected:&lt;5&gt; but was:&lt;6&gt;" type="junit.framework.AssertionFailedError"><![CDATA[junit.framework.AssertionFailedError: expected:<5> but was:<6>
	at junit.framework.Assert.fail(Assert.java:57)
	at junit.framework.Assert.failNotEquals(Assert.java:329)
	at junit.framework.Assert.assertEquals(Assert.java:78)
	at junit.framework.Assert.assertEquals(Assert.java:234)
	at junit.framework.Assert.assertEquals(Assert.java:241)
	at junit.framework.TestCase.assertEquals(TestCase.java:409)
	at org.apache.hadoop.ozone.scm.node.TestDecommissionAndMaintenance.testEnteringMaintenanceNodeCompletesAfterSCMRestart(TestDecommissionAndMaintenance.java:449)
	at sun.reflect.NativeMethodAccessorImpl.invoke0(Native Method)
	at sun.reflect.NativeMethodAccessorImpl.invoke(NativeMethodAccessorImpl.java:62)
	at sun.reflect.DelegatingMethodAccessorImpl.invoke(DelegatingMethodAccessorImpl.java:43)
	at java.lang.reflect.Method.invoke(Method.java:498)
	at org.junit.runners.model.FrameworkMethod$1.runReflectiveCall(FrameworkMethod.java:47)
	at org.junit.internal.runners.model.ReflectiveCallable.run(ReflectiveCallable.java:12)
	at org.junit.runners.model.FrameworkMethod.invokeExplosively(FrameworkMethod.java:44)
	at org.junit.internal.runners.statements.InvokeMethod.evaluate(InvokeMethod.java:17)
	at org.junit.internal.runners.statements.RunBefores.evaluate(RunBefores.java:26)
	at org.junit.internal.runners.statements.RunAfters.evaluate(RunAfters.java:27)
	at org.junit.runners.ParentRunner.runLeaf(ParentRunner.java:271)
	at org.junit.runners.BlockJUnit4ClassRunner.runChild(BlockJUnit4ClassRunner.java:70)
	at org.junit.runners.BlockJUnit4ClassRunner.runChild(BlockJUnit4ClassRunner.java:50)
	at org.junit.runners.ParentRunner$3.run(ParentRunner.java:238)
	at org.junit.runners.ParentRunner$1.schedule(ParentRunner.java:63)
	at org.junit.runners.ParentRunner.runChildren(ParentRunner.java:236)
	at org.junit.runners.ParentRunner.access$000(ParentRunner.java:53)
	at org.junit.runners.ParentRunner$2.evaluate(ParentRunner.java:229)
	at org.junit.runners.ParentRunner.run(ParentRunner.java:309)
	at org.apache.maven.surefire.junit4.JUnit4Provider.execute(JUnit4Provider.java:365)
	at org.apache.maven.surefire.junit4.JUnit4Provider.executeWithRerun(JUnit4Provider.java:273)
	at org.apache.maven.surefire.junit4.JUnit4Provider.executeTestSet(JUnit4Provider.java:238)
	at org.apache.maven.surefire.junit4.JUnit4Provider.invoke(JUnit4Provider.java:159)
	at org.apache.maven.surefire.booter.ForkedBooter.invokeProviderInSameClassLoader(ForkedBooter.java:384)
	at org.apache.maven.surefire.booter.ForkedBooter.runSuitesInProcess(ForkedBooter.java:345)
	at org.apache.maven.surefire.booter.ForkedBooter.execute(ForkedBooter.java:126)
	at org.apache.maven.surefire.booter.ForkedBooter.main(ForkedBooter.java:418)
]]></failure>
    <system-out><![CDATA[2021-01-01 14:16:29,796 [Listener at 127.0.0.1/39587] WARN  server.ServerUtils (ServerUtils.java:getScmDbDir(148)) - ozone.scm.db.dirs is not configured. We recommend adding this setting. Falling back to ozone.metadata.dirs instead.
2021-01-01 14:16:29,797 [Listener at 127.0.0.1/39587] WARN  server.ServerUtils (ServerUtils.java:getScmDbDir(148)) - ozone.scm.db.dirs is not configured. We recommend adding this setting. Falling back to ozone.metadata.dirs instead.
2021-01-01 14:16:29,798 [Listener at 127.0.0.1/39587] WARN  db.DBStoreBuilder (DBStoreBuilder.java:applyDBDefinition(145)) - ozone.scm.db.dirs is not configured. We recommend adding this setting. Falling back to ozone.metadata.dirs instead.
2021-01-01 14:16:29,815 [Listener at 127.0.0.1/39587] INFO  net.NodeSchemaLoader (NodeSchemaLoader.java:loadSchemaFromFile(126)) - Loading file from sun.misc.CompoundEnumeration@288f3ac6
2021-01-01 14:16:29,816 [Listener at 127.0.0.1/39587] INFO  net.NodeSchemaLoader (NodeSchemaLoader.java:loadSchema(172)) - Loading network topology layer schema file
2021-01-01 14:16:29,818 [Listener at 127.0.0.1/39587] INFO  node.SCMNodeManager (SCMNodeManager.java:<init>(123)) - Entering startup safe mode.
2021-01-01 14:16:29,818 [Listener at 127.0.0.1/39587] INFO  algorithms.ContainerPlacementPolicyFactory (ContainerPlacementPolicyFactory.java:getPolicy(60)) - Create container placement policy of type org.apache.hadoop.hdds.scm.container.placement.algorithms.SCMContainerPlacementRandom
2021-01-01 14:16:29,818 [Listener at 127.0.0.1/39587] INFO  algorithms.LeaderChoosePolicyFactory (LeaderChoosePolicyFactory.java:getPolicy(57)) - Create leader choose policy of type org.apache.hadoop.hdds.scm.pipeline.leader.choose.algorithms.DefaultLeaderChoosePolicy
2021-01-01 14:16:29,819 [Listener at 127.0.0.1/39587] INFO  pipeline.SCMPipelineManager (SCMPipelineManager.java:initializePipelineState(161)) - No pipeline exists in current db
2021-01-01 14:16:29,819 [Listener at 127.0.0.1/39587] INFO  algorithms.PipelineChoosePolicyFactory (PipelineChoosePolicyFactory.java:createPipelineChoosePolicyFromClass(75)) - Create pipeline choose policy of type org.apache.hadoop.hdds.scm.pipeline.choose.algorithms.RandomPipelineChoosePolicy
2021-01-01 14:16:29,825 [Listener at 127.0.0.1/39587] INFO  safemode.HealthyPipelineSafeModeRule (HealthyPipelineSafeModeRule.java:<init>(89)) - Total pipeline count is 0, healthy pipeline threshold count is 0
2021-01-01 14:16:29,825 [Listener at 127.0.0.1/39587] INFO  safemode.OneReplicaPipelineSafeModeRule (OneReplicaPipelineSafeModeRule.java:<init>(84)) - Total pipeline count is 0, pipeline's with at least one datanode reported threshold count is 0
2021-01-01 14:16:29,825 [Listener at 127.0.0.1/39587] INFO  ipc.CallQueueManager (CallQueueManager.java:<init>(84)) - Using callQueue: class java.util.concurrent.LinkedBlockingQueue, queueCapacity: 2000, scheduler: class org.apache.hadoop.ipc.DefaultRpcScheduler, ipcBackoff: false.
2021-01-01 14:16:29,826 [Socket Reader #1 for port 0] INFO  ipc.Server (Server.java:run(1219)) - Starting Socket Reader #1 for port 0
2021-01-01 14:16:29,826 [Listener at 0.0.0.0/35419] INFO  ipc.CallQueueManager (CallQueueManager.java:<init>(84)) - Using callQueue: class java.util.concurrent.LinkedBlockingQueue, queueCapacity: 2000, scheduler: class org.apache.hadoop.ipc.DefaultRpcScheduler, ipcBackoff: false.
2021-01-01 14:16:29,827 [Socket Reader #1 for port 0] INFO  ipc.Server (Server.java:run(1219)) - Starting Socket Reader #1 for port 0
2021-01-01 14:16:29,827 [Listener at 0.0.0.0/44377] INFO  ipc.CallQueueManager (CallQueueManager.java:<init>(84)) - Using callQueue: class java.util.concurrent.LinkedBlockingQueue, queueCapacity: 2000, scheduler: class org.apache.hadoop.ipc.DefaultRpcScheduler, ipcBackoff: false.
2021-01-01 14:16:29,828 [Socket Reader #1 for port 0] INFO  ipc.Server (Server.java:run(1219)) - Starting Socket Reader #1 for port 0
2021-01-01 14:16:29,836 [Listener at 0.0.0.0/41791] INFO  http.BaseHttpServer (BaseHttpServer.java:newHttpServer2BuilderForOzone(207)) - Starting Web-server for scm at: http://0.0.0.0:0
2021-01-01 14:16:29,836 [Listener at 0.0.0.0/41791] INFO  http.BaseHttpServer (BaseHttpServer.java:<init>(106)) - Hadoop Security Enabled: false Ozone Security Enabled: false Ozone HTTP Security Enabled: false 
2021-01-01 14:16:29,837 [Listener at 0.0.0.0/41791] INFO  server.AuthenticationFilter (AuthenticationFilter.java:constructSecretProvider(240)) - Unable to initialize FileSignerSecretProvider, falling back to use random secrets.
2021-01-01 14:16:29,837 [Listener at 0.0.0.0/41791] WARN  http.HttpRequestLog (HttpRequestLog.java:getRequestLog(103)) - Jetty request log can only be enabled using Log4j
2021-01-01 14:16:29,837 [Listener at 0.0.0.0/41791] INFO  http.HttpServer2 (HttpServer2.java:addGlobalFilter(1020)) - Added global filter 'safety' (class=org.apache.hadoop.hdds.server.http.HttpServer2$QuotingInputFilter)
2021-01-01 14:16:29,838 [Listener at 0.0.0.0/41791] INFO  http.HttpServer2 (HttpServer2.java:addFilter(996)) - Added filter static_user_filter (class=org.apache.hadoop.http.lib.StaticUserWebFilter$StaticUserFilter) to context scm
2021-01-01 14:16:29,838 [Listener at 0.0.0.0/41791] INFO  http.HttpServer2 (HttpServer2.java:addFilter(1004)) - Added filter static_user_filter (class=org.apache.hadoop.http.lib.StaticUserWebFilter$StaticUserFilter) to context static
2021-01-01 14:16:29,838 [Listener at 0.0.0.0/41791] INFO  http.HttpServer2 (HttpServer2.java:addFilter(1004)) - Added filter static_user_filter (class=org.apache.hadoop.http.lib.StaticUserWebFilter$StaticUserFilter) to context logs
2021-01-01 14:16:29,839 [Listener at 0.0.0.0/41791] INFO  server.StorageContainerManager (StorageContainerManager.java:start(789)) - StorageContainerLocationProtocol RPC server is listening at /0.0.0.0:41791
2021-01-01 14:16:29,840 [Listener at 0.0.0.0/41791] WARN  impl.MetricsConfig (MetricsConfig.java:loadFirst(134)) - Cannot locate configuration: tried hadoop-metrics2-storagecontainermanager.properties,hadoop-metrics2.properties
2021-01-01 14:16:29,841 [Listener at 0.0.0.0/41791] INFO  impl.MetricsSystemImpl (MetricsSystemImpl.java:startTimer(374)) - Scheduled Metric snapshot period at 10 second(s).
2021-01-01 14:16:29,841 [Listener at 0.0.0.0/41791] INFO  impl.MetricsSystemImpl (MetricsSystemImpl.java:start(191)) - StorageContainerManager metrics system started
2021-01-01 14:16:29,860 [Listener at 0.0.0.0/41791] WARN  impl.MetricsSystemImpl (MetricsSystemImpl.java:register(276)) - Sink prometheus already exists!
2021-01-01 14:16:29,878 [Listener at 0.0.0.0/41791] INFO  server.SCMClientProtocolServer (SCMClientProtocolServer.java:start(159)) - RPC server for Client  is listening at /0.0.0.0:41791
2021-01-01 14:16:29,878 [IPC Server Responder] INFO  ipc.Server (Server.java:run(1460)) - IPC Server Responder: starting
2021-01-01 14:16:29,879 [IPC Server listener on 0] INFO  ipc.Server (Server.java:run(1298)) - IPC Server listener on 0: starting
2021-01-01 14:16:29,884 [Listener at 0.0.0.0/41791] INFO  server.StorageContainerManager (StorageContainerManager.java:start(801)) - ScmBlockLocationProtocol RPC server is listening at /0.0.0.0:44377
2021-01-01 14:16:29,884 [Listener at 0.0.0.0/41791] INFO  server.SCMBlockProtocolServer (SCMBlockProtocolServer.java:start(150)) - RPC server for Block Protocol is listening at /0.0.0.0:44377
2021-01-01 14:16:29,885 [IPC Server Responder] INFO  ipc.Server (Server.java:run(1460)) - IPC Server Responder: starting
2021-01-01 14:16:29,885 [IPC Server listener on 0] INFO  ipc.Server (Server.java:run(1298)) - IPC Server listener on 0: starting
2021-01-01 14:16:29,889 [Listener at 0.0.0.0/41791] INFO  server.StorageContainerManager (StorageContainerManager.java:start(807)) - ScmDatanodeProtocl RPC server is listening at /0.0.0.0:35419
2021-01-01 14:16:29,889 [Listener at 0.0.0.0/41791] INFO  server.SCMDatanodeProtocolServer (SCMDatanodeProtocolServer.java:start(174)) - RPC server for DataNodes is listening at /0.0.0.0:35419
2021-01-01 14:16:29,889 [IPC Server Responder] INFO  ipc.Server (Server.java:run(1460)) - IPC Server Responder: starting
2021-01-01 14:16:29,889 [IPC Server listener on 0] INFO  ipc.Server (Server.java:run(1298)) - IPC Server listener on 0: starting
2021-01-01 14:16:29,892 [Listener at 0.0.0.0/41791] INFO  http.HttpServer2 (HttpServer2.java:bindListener(1238)) - Jetty bound to port 39315
2021-01-01 14:16:29,892 [Listener at 0.0.0.0/41791] INFO  server.Server (Server.java:doStart(375)) - jetty-9.4.34.v20201102; built: 2020-11-02T14:15:39.302Z; git: e46af88704a893fc12cb0e3bf46e2c7b48a009e7; jvm 1.8.0_232-b09
2021-01-01 14:16:29,893 [Listener at 0.0.0.0/41791] INFO  server.session (DefaultSessionIdManager.java:doStart(334)) - DefaultSessionIdManager workerName=node0
2021-01-01 14:16:29,893 [Listener at 0.0.0.0/41791] INFO  server.session (DefaultSessionIdManager.java:doStart(339)) - No SessionScavenger set, using defaults
2021-01-01 14:16:29,894 [Listener at 0.0.0.0/41791] INFO  server.session (HouseKeeper.java:startScavenging(132)) - node0 Scavenging every 660000ms
2021-01-01 14:16:29,894 [Listener at 0.0.0.0/41791] INFO  handler.ContextHandler (ContextHandler.java:doStart(916)) - Started o.e.j.s.ServletContextHandler@7a248528{logs,/logs,file:///github/workspace/mnt/ozone/hadoop-ozone/integration-test/target/log,AVAILABLE}
2021-01-01 14:16:29,894 [Listener at 0.0.0.0/41791] INFO  handler.ContextHandler (ContextHandler.java:doStart(916)) - Started o.e.j.s.ServletContextHandler@27d48912{static,/static,file:///github/workspace/mnt/ozone/hadoop-ozone/integration-test/target/test-classes/webapps/static,AVAILABLE}
2021-01-01 14:16:29,896 [Listener at 0.0.0.0/41791] INFO  handler.ContextHandler (ContextHandler.java:doStart(916)) - Started o.e.j.w.WebAppContext@d88f81c{scm,/,file:///github/workspace/mnt/ozone/hadoop-ozone/integration-test/target/test-classes/webapps/scm/,AVAILABLE}{file:/github/workspace/mnt/ozone/hadoop-ozone/integration-test/target/test-classes/webapps/scm}
2021-01-01 14:16:29,902 [Listener at 0.0.0.0/41791] INFO  server.AbstractConnector (AbstractConnector.java:doStart(331)) - Started ServerConnector@12bd68bb{HTTP/1.1, (http/1.1)}{0.0.0.0:39315}
2021-01-01 14:16:29,902 [Listener at 0.0.0.0/41791] INFO  server.Server (Server.java:doStart(415)) - Started @391992ms
2021-01-01 14:16:29,904 [Listener at 0.0.0.0/41791] WARN  impl.MetricsSystemImpl (MetricsSystemImpl.java:register(276)) - Sink prometheus already exists!
2021-01-01 14:16:29,907 [Listener at 0.0.0.0/41791] INFO  http.BaseHttpServer (BaseHttpServer.java:updateConnectorAddress(327)) - HTTP server of scm listening at http://0.0.0.0:39315
2021-01-01 14:16:29,907 [Listener at 0.0.0.0/41791] WARN  server.ServerUtils (ServerUtils.java:getDBPath(225)) - ozone.om.db.dirs is not configured. We recommend adding this setting. Falling back to ozone.metadata.dirs instead.
2021-01-01 14:16:29,908 [org.apache.hadoop.util.JvmPauseMonitor$Monitor@33d1d1ef] INFO  util.JvmPauseMonitor (JvmPauseMonitor.java:run(188)) - Starting JVM pause monitor
2021-01-01 14:16:29,908 [Listener at 0.0.0.0/41791] INFO  ha.OMHANodeDetails (OMHANodeDetails.java:loadOMHAConfig(104)) - ozone.om.internal.service.id is not defined, falling back to ozone.om.service.ids to find serviceID for OzoneManager if it is HA enabled cluster
2021-01-01 14:16:29,908 [Listener at 0.0.0.0/41791] INFO  ha.OMHANodeDetails (OMHANodeDetails.java:loadOMHAConfig(213)) - Configuration either no ozone.om.address set. Falling back to the default OM address /127.0.0.1:0
2021-01-01 14:16:29,908 [Listener at 0.0.0.0/41791] INFO  ha.OMHANodeDetails (OMHANodeDetails.java:getOMNodeDetails(241)) - OM Service ID is not set. Setting it to the default ID: omServiceIdDefault
2021-01-01 14:16:29,909 [Listener at 0.0.0.0/41791] WARN  server.ServerUtils (ServerUtils.java:getDBPath(225)) - ozone.om.db.dirs is not configured. We recommend adding this setting. Falling back to ozone.metadata.dirs instead.
2021-01-01 14:16:29,909 [Listener at 0.0.0.0/41791] WARN  server.ServerUtils (ServerUtils.java:getDBPath(225)) - ozone.om.db.dirs is not configured. We recommend adding this setting. Falling back to ozone.metadata.dirs instead.
2021-01-01 14:16:29,912 [Listener at 0.0.0.0/41791] WARN  server.ServerUtils (ServerUtils.java:getDBPath(225)) - ozone.om.db.dirs is not configured. We recommend adding this setting. Falling back to ozone.metadata.dirs instead.
2021-01-01 14:16:29,916 [Listener at 0.0.0.0/41791] INFO  codec.OmKeyInfoCodec (OmKeyInfoCodec.java:<init>(41)) - OmKeyInfoCodec ignorePipeline = true
2021-01-01 14:16:29,916 [Listener at 0.0.0.0/41791] INFO  codec.RepeatedOmKeyInfoCodec (RepeatedOmKeyInfoCodec.java:<init>(40)) - RepeatedOmKeyInfoCodec ignorePipeline = true
2021-01-01 14:16:29,953 [Listener at 0.0.0.0/41791] INFO  om.OzoneManager (OzoneManager.java:addS3GVolumeToDB(3753)) - Created Volume s3v With Owner jenkins1001 required for S3Gateway operations.
2021-01-01 14:16:29,954 [Listener at 0.0.0.0/41791] INFO  ipc.CallQueueManager (CallQueueManager.java:<init>(84)) - Using callQueue: class java.util.concurrent.LinkedBlockingQueue, queueCapacity: 2000, scheduler: class org.apache.hadoop.ipc.DefaultRpcScheduler, ipcBackoff: false.
2021-01-01 14:16:29,954 [Socket Reader #1 for port 0] INFO  ipc.Server (Server.java:run(1219)) - Starting Socket Reader #1 for port 0
2021-01-01 14:16:29,966 [Listener at 127.0.0.1/44197] INFO  impl.MetricsSystemImpl (MetricsSystemImpl.java:init(158)) - OzoneManager metrics system started (again)
2021-01-01 14:16:29,967 [Listener at 127.0.0.1/44197] INFO  om.OzoneManager (OzoneManager.java:start(1161)) - OzoneManager RPC server is listening at localhost/127.0.0.1:44197
2021-01-01 14:16:29,975 [Listener at 127.0.0.1/44197] INFO  http.BaseHttpServer (BaseHttpServer.java:newHttpServer2BuilderForOzone(207)) - Starting Web-server for ozoneManager at: http://0.0.0.0:0
2021-01-01 14:16:29,975 [Listener at 127.0.0.1/44197] INFO  http.BaseHttpServer (BaseHttpServer.java:<init>(106)) - Hadoop Security Enabled: false Ozone Security Enabled: false Ozone HTTP Security Enabled: false 
2021-01-01 14:16:29,976 [Listener at 127.0.0.1/44197] INFO  server.AuthenticationFilter (AuthenticationFilter.java:constructSecretProvider(240)) - Unable to initialize FileSignerSecretProvider, falling back to use random secrets.
2021-01-01 14:16:29,977 [Listener at 127.0.0.1/44197] WARN  http.HttpRequestLog (HttpRequestLog.java:getRequestLog(103)) - Jetty request log can only be enabled using Log4j
2021-01-01 14:16:29,977 [Listener at 127.0.0.1/44197] INFO  http.HttpServer2 (HttpServer2.java:addGlobalFilter(1020)) - Added global filter 'safety' (class=org.apache.hadoop.hdds.server.http.HttpServer2$QuotingInputFilter)
2021-01-01 14:16:29,978 [Listener at 127.0.0.1/44197] INFO  http.HttpServer2 (HttpServer2.java:addFilter(996)) - Added filter static_user_filter (class=org.apache.hadoop.http.lib.StaticUserWebFilter$StaticUserFilter) to context ozoneManager
2021-01-01 14:16:29,978 [Listener at 127.0.0.1/44197] INFO  http.HttpServer2 (HttpServer2.java:addFilter(1004)) - Added filter static_user_filter (class=org.apache.hadoop.http.lib.StaticUserWebFilter$StaticUserFilter) to context logs
2021-01-01 14:16:29,978 [Listener at 127.0.0.1/44197] INFO  http.HttpServer2 (HttpServer2.java:addFilter(1004)) - Added filter static_user_filter (class=org.apache.hadoop.http.lib.StaticUserWebFilter$StaticUserFilter) to context static
2021-01-01 14:16:29,978 [Listener at 127.0.0.1/44197] INFO  http.HttpServer2 (HttpServer2.java:bindListener(1238)) - Jetty bound to port 36027
2021-01-01 14:16:29,978 [Listener at 127.0.0.1/44197] INFO  server.Server (Server.java:doStart(375)) - jetty-9.4.34.v20201102; built: 2020-11-02T14:15:39.302Z; git: e46af88704a893fc12cb0e3bf46e2c7b48a009e7; jvm 1.8.0_232-b09
2021-01-01 14:16:29,979 [Listener at 127.0.0.1/44197] INFO  server.session (DefaultSessionIdManager.java:doStart(334)) - DefaultSessionIdManager workerName=node0
2021-01-01 14:16:29,979 [Listener at 127.0.0.1/44197] INFO  server.session (DefaultSessionIdManager.java:doStart(339)) - No SessionScavenger set, using defaults
2021-01-01 14:16:29,979 [Listener at 127.0.0.1/44197] INFO  server.session (HouseKeeper.java:startScavenging(132)) - node0 Scavenging every 600000ms
2021-01-01 14:16:29,980 [Listener at 127.0.0.1/44197] INFO  handler.ContextHandler (ContextHandler.java:doStart(916)) - Started o.e.j.s.ServletContextHandler@4ac51b14{logs,/logs,file:///github/workspace/mnt/ozone/hadoop-ozone/integration-test/target/log,AVAILABLE}
2021-01-01 14:16:29,980 [Listener at 127.0.0.1/44197] INFO  handler.ContextHandler (ContextHandler.java:doStart(916)) - Started o.e.j.s.ServletContextHandler@1306e335{static,/static,file:///github/workspace/mnt/ozone/hadoop-ozone/integration-test/target/test-classes/webapps/static,AVAILABLE}
2021-01-01 14:16:29,982 [Listener at 127.0.0.1/44197] INFO  handler.ContextHandler (ContextHandler.java:doStart(916)) - Started o.e.j.w.WebAppContext@61805de3{ozoneManager,/,file:///github/workspace/mnt/ozone/hadoop-ozone/integration-test/target/test-classes/webapps/ozoneManager/,AVAILABLE}{file:/github/workspace/mnt/ozone/hadoop-ozone/integration-test/target/test-classes/webapps/ozoneManager}
2021-01-01 14:16:29,982 [Listener at 127.0.0.1/44197] INFO  server.AbstractConnector (AbstractConnector.java:doStart(331)) - Started ServerConnector@630a32f8{HTTP/1.1, (http/1.1)}{0.0.0.0:36027}
2021-01-01 14:16:29,982 [Listener at 127.0.0.1/44197] INFO  server.Server (Server.java:doStart(415)) - Started @392072ms
2021-01-01 14:16:29,983 [Listener at 127.0.0.1/44197] WARN  impl.MetricsSystemImpl (MetricsSystemImpl.java:register(276)) - Sink prometheus already exists!
2021-01-01 14:16:29,985 [Listener at 127.0.0.1/44197] INFO  http.BaseHttpServer (BaseHttpServer.java:updateConnectorAddress(327)) - HTTP server of ozoneManager listening at http://0.0.0.0:36027
2021-01-01 14:16:29,986 [IPC Server Responder] INFO  ipc.Server (Server.java:run(1460)) - IPC Server Responder: starting
2021-01-01 14:16:29,988 [IPC Server listener on 0] INFO  ipc.Server (Server.java:run(1298)) - IPC Server listener on 0: starting
2021-01-01 14:16:29,995 [Listener at 127.0.0.1/44197] INFO  om.OzoneManager (OzoneManager.java:startTrashEmptier(1282)) - Trash Interval set to 0. Files deleted will not move to trash
2021-01-01 14:16:29,996 [org.apache.hadoop.util.JvmPauseMonitor$Monitor@a9ded91] INFO  util.JvmPauseMonitor (JvmPauseMonitor.java:run(188)) - Starting JVM pause monitor
2021-01-01 14:16:30,003 [Listener at 127.0.0.1/44197] INFO  impl.MetricsSystemImpl (MetricsSystemImpl.java:init(158)) - HddsDatanode metrics system started (again)
2021-01-01 14:16:30,005 [Listener at 127.0.0.1/44197] INFO  ozone.HddsDatanodeService (HddsDatanodeService.java:start(217)) - HddsDatanodeService host:722537d36201 ip:172.17.0.2
2021-01-01 14:16:30,005 [Listener at 127.0.0.1/44197] INFO  volume.HddsVolume (HddsVolume.java:<init>(176)) - Creating Volume: /github/workspace/mnt/ozone/hadoop-ozone/integration-test/target/test-dir/MiniOzoneClusterImpl-cb490d7e-6ed4-4e2b-831b-323004451de6/datanode-0/data-0/containers/hdds of storage type : DISK and capacity : 9223372036854775807
2021-01-01 14:16:30,005 [Listener at 127.0.0.1/44197] INFO  volume.MutableVolumeSet (MutableVolumeSet.java:initializeVolumeSet(179)) - Added Volume : /github/workspace/mnt/ozone/hadoop-ozone/integration-test/target/test-dir/MiniOzoneClusterImpl-cb490d7e-6ed4-4e2b-831b-323004451de6/datanode-0/data-0/containers/hdds to VolumeSet
2021-01-01 14:16:30,006 [Listener at 127.0.0.1/44197] INFO  volume.ThrottledAsyncChecker (ThrottledAsyncChecker.java:schedule(141)) - Scheduling a check for /github/workspace/mnt/ozone/hadoop-ozone/integration-test/target/test-dir/MiniOzoneClusterImpl-cb490d7e-6ed4-4e2b-831b-323004451de6/datanode-0/data-0/containers/hdds
2021-01-01 14:16:30,006 [Listener at 127.0.0.1/44197] INFO  volume.HddsVolumeChecker (HddsVolumeChecker.java:checkAllVolumes(200)) - Scheduled health check for volume /github/workspace/mnt/ozone/hadoop-ozone/integration-test/target/test-dir/MiniOzoneClusterImpl-cb490d7e-6ed4-4e2b-831b-323004451de6/datanode-0/data-0/containers/hdds
2021-01-01 14:16:30,017 [Thread-5653] INFO  ozoneimpl.ContainerReader (ContainerReader.java:readVolume(123)) - Start to verify containers on volume /github/workspace/mnt/ozone/hadoop-ozone/integration-test/target/test-dir/MiniOzoneClusterImpl-cb490d7e-6ed4-4e2b-831b-323004451de6/datanode-0/data-0/containers/hdds
2021-01-01 14:16:30,017 [Thread-5653] INFO  ozoneimpl.ContainerReader (ContainerReader.java:readVolume(148)) - Finish verifying containers on volume /github/workspace/mnt/ozone/hadoop-ozone/integration-test/target/test-dir/MiniOzoneClusterImpl-cb490d7e-6ed4-4e2b-831b-323004451de6/datanode-0/data-0/containers/hdds
2021-01-01 14:16:30,017 [Listener at 127.0.0.1/44197] INFO  ozoneimpl.OzoneContainer (OzoneContainer.java:buildContainerSet(194)) - Build ContainerSet costs 0s
2021-01-01 14:16:30,018 [Listener at 127.0.0.1/44197] INFO  server.RaftServer (ConfUtils.java:logGet(44)) - raft.rpc.type = GRPC (default)
2021-01-01 14:16:30,018 [Listener at 127.0.0.1/44197] INFO  grpc.GrpcFactory (GrpcFactory.java:checkPooledByteBufAllocatorUseCacheForAllThreads(48)) - PERFORMANCE WARNING: useCacheForAllThreads is true that may cause Netty to create a lot garbage objects and, as a result, trigger GC.
	It is recommended to disable useCacheForAllThreads by setting -Dorg.apache.ratis.thirdparty.io.netty.allocator.useCacheForAllThreads=false in command line.
2021-01-01 14:16:30,018 [Listener at 127.0.0.1/44197] INFO  grpc.GrpcConfigKeys (ConfUtils.java:logGet(44)) - raft.grpc.server.port = 0 (default)
2021-01-01 14:16:30,018 [Listener at 127.0.0.1/44197] INFO  server.GrpcService (ConfUtils.java:logGet(44)) - raft.grpc.message.size.max = 32MB (=33554432) (custom)
2021-01-01 14:16:30,018 [Listener at 127.0.0.1/44197] INFO  server.RaftServerConfigKeys (ConfUtils.java:logGet(44)) - raft.server.log.appender.buffer.byte-limit = 33554432 (custom)
2021-01-01 14:16:30,018 [Listener at 127.0.0.1/44197] INFO  server.GrpcService (ConfUtils.java:logGet(44)) - raft.grpc.flow.control.window = 5MB (=5242880) (custom)
2021-01-01 14:16:30,018 [Listener at 127.0.0.1/44197] INFO  server.RaftServerConfigKeys (ConfUtils.java:logGet(44)) - raft.server.rpc.request.timeout = 60s (custom)
2021-01-01 14:16:30,019 [Listener at 127.0.0.1/44197] INFO  impl.DataStreamServerImpl (ConfUtils.java:logGet(44)) - raft.datastream.type = DISABLED (default)
2021-01-01 14:16:30,019 [Listener at 127.0.0.1/44197] INFO  server.RaftServerConfigKeys (ConfUtils.java:logGet(44)) - raft.server.rpc.slowness.timeout = 300s (custom)
2021-01-01 14:16:30,019 [Listener at 127.0.0.1/44197] INFO  server.RaftServerConfigKeys (ConfUtils.java:logGet(44)) - raft.server.leaderelection.leader.step-down.wait-time = 10s (default)
2021-01-01 14:16:30,020 [Listener at 127.0.0.1/44197] INFO  server.RaftServerConfigKeys (ConfUtils.java:logGet(44)) - raft.server.storage.dir = [/github/workspace/mnt/ozone/hadoop-ozone/integration-test/target/test-dir/MiniOzoneClusterImpl-cb490d7e-6ed4-4e2b-831b-323004451de6/datanode-0/data/ratis] (custom)
2021-01-01 14:16:30,023 [Listener at 127.0.0.1/44197] INFO  http.BaseHttpServer (BaseHttpServer.java:newHttpServer2BuilderForOzone(207)) - Starting Web-server for hddsDatanode at: http://0.0.0.0:0
2021-01-01 14:16:30,023 [Listener at 127.0.0.1/44197] INFO  http.BaseHttpServer (BaseHttpServer.java:<init>(106)) - Hadoop Security Enabled: false Ozone Security Enabled: false Ozone HTTP Security Enabled: false 
2021-01-01 14:16:30,024 [Listener at 127.0.0.1/44197] INFO  server.AuthenticationFilter (AuthenticationFilter.java:constructSecretProvider(240)) - Unable to initialize FileSignerSecretProvider, falling back to use random secrets.
2021-01-01 14:16:30,024 [Listener at 127.0.0.1/44197] WARN  http.HttpRequestLog (HttpRequestLog.java:getRequestLog(103)) - Jetty request log can only be enabled using Log4j
2021-01-01 14:16:30,025 [Listener at 127.0.0.1/44197] INFO  http.HttpServer2 (HttpServer2.java:addGlobalFilter(1020)) - Added global filter 'safety' (class=org.apache.hadoop.hdds.server.http.HttpServer2$QuotingInputFilter)
2021-01-01 14:16:30,025 [Listener at 127.0.0.1/44197] INFO  http.HttpServer2 (HttpServer2.java:addFilter(996)) - Added filter static_user_filter (class=org.apache.hadoop.http.lib.StaticUserWebFilter$StaticUserFilter) to context hddsDatanode
2021-01-01 14:16:30,025 [Listener at 127.0.0.1/44197] INFO  http.HttpServer2 (HttpServer2.java:addFilter(1004)) - Added filter static_user_filter (class=org.apache.hadoop.http.lib.StaticUserWebFilter$StaticUserFilter) to context static
2021-01-01 14:16:30,025 [Listener at 127.0.0.1/44197] INFO  http.HttpServer2 (HttpServer2.java:addFilter(1004)) - Added filter static_user_filter (class=org.apache.hadoop.http.lib.StaticUserWebFilter$StaticUserFilter) to context logs
2021-01-01 14:16:30,026 [Listener at 127.0.0.1/44197] INFO  http.HttpServer2 (HttpServer2.java:bindListener(1238)) - Jetty bound to port 38521
2021-01-01 14:16:30,026 [Listener at 127.0.0.1/44197] INFO  server.Server (Server.java:doStart(375)) - jetty-9.4.34.v20201102; built: 2020-11-02T14:15:39.302Z; git: e46af88704a893fc12cb0e3bf46e2c7b48a009e7; jvm 1.8.0_232-b09
2021-01-01 14:16:30,026 [Listener at 127.0.0.1/44197] INFO  server.session (DefaultSessionIdManager.java:doStart(334)) - DefaultSessionIdManager workerName=node0
2021-01-01 14:16:30,027 [Listener at 127.0.0.1/44197] INFO  server.session (DefaultSessionIdManager.java:doStart(339)) - No SessionScavenger set, using defaults
2021-01-01 14:16:30,027 [Listener at 127.0.0.1/44197] INFO  server.session (HouseKeeper.java:startScavenging(132)) - node0 Scavenging every 600000ms
2021-01-01 14:16:30,027 [Listener at 127.0.0.1/44197] INFO  handler.ContextHandler (ContextHandler.java:doStart(916)) - Started o.e.j.s.ServletContextHandler@4b885032{logs,/logs,file:///github/workspace/mnt/ozone/hadoop-ozone/integration-test/target/log,AVAILABLE}
2021-01-01 14:16:30,027 [Listener at 127.0.0.1/44197] INFO  handler.ContextHandler (ContextHandler.java:doStart(916)) - Started o.e.j.s.ServletContextHandler@7e1b80d3{static,/static,jar:file:/home/user/.m2/repository/org/apache/hadoop/hadoop-hdds-container-service/1.1.0-SNAPSHOT/hadoop-hdds-container-service-1.1.0-SNAPSHOT.jar!/webapps/static,AVAILABLE}
2021-01-01 14:16:30,161 [Listener at 127.0.0.1/44197] INFO  handler.ContextHandler (ContextHandler.java:doStart(916)) - Started o.e.j.w.WebAppContext@6266f63c{hddsDatanode,/,file:///tmp/jetty-0_0_0_0-38521-hadoop-hdds-container-service-1_1_0-SNAPSHOT_jar-_-any-6856823683826085666/webapp/,AVAILABLE}{jar:file:/home/user/.m2/repository/org/apache/hadoop/hadoop-hdds-container-service/1.1.0-SNAPSHOT/hadoop-hdds-container-service-1.1.0-SNAPSHOT.jar!/webapps/hddsDatanode}
2021-01-01 14:16:30,162 [Listener at 127.0.0.1/44197] INFO  server.AbstractConnector (AbstractConnector.java:doStart(331)) - Started ServerConnector@6de41f86{HTTP/1.1, (http/1.1)}{0.0.0.0:38521}
2021-01-01 14:16:30,162 [Listener at 127.0.0.1/44197] INFO  server.Server (Server.java:doStart(415)) - Started @392252ms
2021-01-01 14:16:30,162 [Listener at 127.0.0.1/44197] WARN  impl.MetricsSystemImpl (MetricsSystemImpl.java:register(276)) - Sink prometheus already exists!
2021-01-01 14:16:30,165 [Listener at 127.0.0.1/44197] INFO  http.BaseHttpServer (BaseHttpServer.java:updateConnectorAddress(327)) - HTTP server of hddsDatanode listening at http://0.0.0.0:38521
2021-01-01 14:16:30,168 [Listener at 127.0.0.1/44197] INFO  impl.MetricsSystemImpl (MetricsSystemImpl.java:init(158)) - HddsDatanode metrics system started (again)
2021-01-01 14:16:30,170 [Listener at 127.0.0.1/44197] INFO  ozone.HddsDatanodeService (HddsDatanodeService.java:start(217)) - HddsDatanodeService host:722537d36201 ip:172.17.0.2
2021-01-01 14:16:30,172 [org.apache.hadoop.util.JvmPauseMonitor$Monitor@7975629f] INFO  util.JvmPauseMonitor (JvmPauseMonitor.java:run(188)) - Starting JVM pause monitor
2021-01-01 14:16:30,172 [Datanode State Machine Task Thread - 0] INFO  datanode.InitDatanodeState (InitDatanodeState.java:persistContainerDatanodeDetails(145)) - DatanodeDetails is persisted to /github/workspace/mnt/ozone/hadoop-ozone/integration-test/target/test-dir/MiniOzoneClusterImpl-cb490d7e-6ed4-4e2b-831b-323004451de6/datanode-0/meta/datanode.id
2021-01-01 14:16:30,173 [Listener at 127.0.0.1/44197] INFO  volume.HddsVolume (HddsVolume.java:<init>(176)) - Creating Volume: /github/workspace/mnt/ozone/hadoop-ozone/integration-test/target/test-dir/MiniOzoneClusterImpl-cb490d7e-6ed4-4e2b-831b-323004451de6/datanode-1/data-0/containers/hdds of storage type : DISK and capacity : 9223372036854775807
2021-01-01 14:16:30,173 [Listener at 127.0.0.1/44197] INFO  volume.MutableVolumeSet (MutableVolumeSet.java:initializeVolumeSet(179)) - Added Volume : /github/workspace/mnt/ozone/hadoop-ozone/integration-test/target/test-dir/MiniOzoneClusterImpl-cb490d7e-6ed4-4e2b-831b-323004451de6/datanode-1/data-0/containers/hdds to VolumeSet
2021-01-01 14:16:30,173 [Listener at 127.0.0.1/44197] INFO  volume.ThrottledAsyncChecker (ThrottledAsyncChecker.java:schedule(141)) - Scheduling a check for /github/workspace/mnt/ozone/hadoop-ozone/integration-test/target/test-dir/MiniOzoneClusterImpl-cb490d7e-6ed4-4e2b-831b-323004451de6/datanode-1/data-0/containers/hdds
2021-01-01 14:16:30,173 [Listener at 127.0.0.1/44197] INFO  volume.HddsVolumeChecker (HddsVolumeChecker.java:checkAllVolumes(200)) - Scheduled health check for volume /github/workspace/mnt/ozone/hadoop-ozone/integration-test/target/test-dir/MiniOzoneClusterImpl-cb490d7e-6ed4-4e2b-831b-323004451de6/datanode-1/data-0/containers/hdds
2021-01-01 14:16:30,184 [Thread-5664] INFO  ozoneimpl.ContainerReader (ContainerReader.java:readVolume(123)) - Start to verify containers on volume /github/workspace/mnt/ozone/hadoop-ozone/integration-test/target/test-dir/MiniOzoneClusterImpl-cb490d7e-6ed4-4e2b-831b-323004451de6/datanode-1/data-0/containers/hdds
2021-01-01 14:16:30,184 [Thread-5664] INFO  ozoneimpl.ContainerReader (ContainerReader.java:readVolume(148)) - Finish verifying containers on volume /github/workspace/mnt/ozone/hadoop-ozone/integration-test/target/test-dir/MiniOzoneClusterImpl-cb490d7e-6ed4-4e2b-831b-323004451de6/datanode-1/data-0/containers/hdds
2021-01-01 14:16:30,185 [Listener at 127.0.0.1/44197] INFO  ozoneimpl.OzoneContainer (OzoneContainer.java:buildContainerSet(194)) - Build ContainerSet costs 0s
2021-01-01 14:16:30,186 [Listener at 127.0.0.1/44197] INFO  server.RaftServer (ConfUtils.java:logGet(44)) - raft.rpc.type = GRPC (default)
2021-01-01 14:16:30,186 [Listener at 127.0.0.1/44197] INFO  grpc.GrpcFactory (GrpcFactory.java:checkPooledByteBufAllocatorUseCacheForAllThreads(48)) - PERFORMANCE WARNING: useCacheForAllThreads is true that may cause Netty to create a lot garbage objects and, as a result, trigger GC.
	It is recommended to disable useCacheForAllThreads by setting -Dorg.apache.ratis.thirdparty.io.netty.allocator.useCacheForAllThreads=false in command line.
2021-01-01 14:16:30,186 [Listener at 127.0.0.1/44197] INFO  grpc.GrpcConfigKeys (ConfUtils.java:logGet(44)) - raft.grpc.server.port = 0 (default)
2021-01-01 14:16:30,186 [Listener at 127.0.0.1/44197] INFO  server.GrpcService (ConfUtils.java:logGet(44)) - raft.grpc.message.size.max = 32MB (=33554432) (custom)
2021-01-01 14:16:30,186 [Listener at 127.0.0.1/44197] INFO  server.RaftServerConfigKeys (ConfUtils.java:logGet(44)) - raft.server.log.appender.buffer.byte-limit = 33554432 (custom)
2021-01-01 14:16:30,186 [Listener at 127.0.0.1/44197] INFO  server.GrpcService (ConfUtils.java:logGet(44)) - raft.grpc.flow.control.window = 5MB (=5242880) (custom)
2021-01-01 14:16:30,186 [Listener at 127.0.0.1/44197] INFO  server.RaftServerConfigKeys (ConfUtils.java:logGet(44)) - raft.server.rpc.request.timeout = 60s (custom)
2021-01-01 14:16:30,187 [Listener at 127.0.0.1/44197] INFO  impl.DataStreamServerImpl (ConfUtils.java:logGet(44)) - raft.datastream.type = DISABLED (default)
2021-01-01 14:16:30,187 [Listener at 127.0.0.1/44197] INFO  server.RaftServerConfigKeys (ConfUtils.java:logGet(44)) - raft.server.rpc.slowness.timeout = 300s (custom)
2021-01-01 14:16:30,187 [Listener at 127.0.0.1/44197] INFO  server.RaftServerConfigKeys (ConfUtils.java:logGet(44)) - raft.server.leaderelection.leader.step-down.wait-time = 10s (default)
2021-01-01 14:16:30,187 [Listener at 127.0.0.1/44197] INFO  server.RaftServerConfigKeys (ConfUtils.java:logGet(44)) - raft.server.storage.dir = [/github/workspace/mnt/ozone/hadoop-ozone/integration-test/target/test-dir/MiniOzoneClusterImpl-cb490d7e-6ed4-4e2b-831b-323004451de6/datanode-1/data/ratis] (custom)
2021-01-01 14:16:30,192 [Listener at 127.0.0.1/44197] INFO  http.BaseHttpServer (BaseHttpServer.java:newHttpServer2BuilderForOzone(207)) - Starting Web-server for hddsDatanode at: http://0.0.0.0:0
2021-01-01 14:16:30,192 [Listener at 127.0.0.1/44197] INFO  http.BaseHttpServer (BaseHttpServer.java:<init>(106)) - Hadoop Security Enabled: false Ozone Security Enabled: false Ozone HTTP Security Enabled: false 
2021-01-01 14:16:30,193 [Listener at 127.0.0.1/44197] INFO  server.AuthenticationFilter (AuthenticationFilter.java:constructSecretProvider(240)) - Unable to initialize FileSignerSecretProvider, falling back to use random secrets.
2021-01-01 14:16:30,193 [Listener at 127.0.0.1/44197] WARN  http.HttpRequestLog (HttpRequestLog.java:getRequestLog(103)) - Jetty request log can only be enabled using Log4j
2021-01-01 14:16:30,193 [Listener at 127.0.0.1/44197] INFO  http.HttpServer2 (HttpServer2.java:addGlobalFilter(1020)) - Added global filter 'safety' (class=org.apache.hadoop.hdds.server.http.HttpServer2$QuotingInputFilter)
2021-01-01 14:16:30,194 [Listener at 127.0.0.1/44197] INFO  http.HttpServer2 (HttpServer2.java:addFilter(996)) - Added filter static_user_filter (class=org.apache.hadoop.http.lib.StaticUserWebFilter$StaticUserFilter) to context hddsDatanode
2021-01-01 14:16:30,194 [Listener at 127.0.0.1/44197] INFO  http.HttpServer2 (HttpServer2.java:addFilter(1004)) - Added filter static_user_filter (class=org.apache.hadoop.http.lib.StaticUserWebFilter$StaticUserFilter) to context logs
2021-01-01 14:16:30,194 [Listener at 127.0.0.1/44197] INFO  http.HttpServer2 (HttpServer2.java:addFilter(1004)) - Added filter static_user_filter (class=org.apache.hadoop.http.lib.StaticUserWebFilter$StaticUserFilter) to context static
2021-01-01 14:16:30,194 [Listener at 127.0.0.1/44197] INFO  http.HttpServer2 (HttpServer2.java:bindListener(1238)) - Jetty bound to port 46633
2021-01-01 14:16:30,194 [Listener at 127.0.0.1/44197] INFO  server.Server (Server.java:doStart(375)) - jetty-9.4.34.v20201102; built: 2020-11-02T14:15:39.302Z; git: e46af88704a893fc12cb0e3bf46e2c7b48a009e7; jvm 1.8.0_232-b09
2021-01-01 14:16:30,195 [Listener at 127.0.0.1/44197] INFO  server.session (DefaultSessionIdManager.java:doStart(334)) - DefaultSessionIdManager workerName=node0
2021-01-01 14:16:30,195 [Listener at 127.0.0.1/44197] INFO  server.session (DefaultSessionIdManager.java:doStart(339)) - No SessionScavenger set, using defaults
2021-01-01 14:16:30,195 [Listener at 127.0.0.1/44197] INFO  server.session (HouseKeeper.java:startScavenging(132)) - node0 Scavenging every 600000ms
2021-01-01 14:16:30,196 [Listener at 127.0.0.1/44197] INFO  handler.ContextHandler (ContextHandler.java:doStart(916)) - Started o.e.j.s.ServletContextHandler@13cd4784{logs,/logs,file:///github/workspace/mnt/ozone/hadoop-ozone/integration-test/target/log,AVAILABLE}
2021-01-01 14:16:30,196 [Listener at 127.0.0.1/44197] INFO  handler.ContextHandler (ContextHandler.java:doStart(916)) - Started o.e.j.s.ServletContextHandler@57598df7{static,/static,jar:file:/home/user/.m2/repository/org/apache/hadoop/hadoop-hdds-container-service/1.1.0-SNAPSHOT/hadoop-hdds-container-service-1.1.0-SNAPSHOT.jar!/webapps/static,AVAILABLE}
2021-01-01 14:16:30,329 [Listener at 127.0.0.1/44197] INFO  handler.ContextHandler (ContextHandler.java:doStart(916)) - Started o.e.j.w.WebAppContext@4fcb1a13{hddsDatanode,/,file:///tmp/jetty-0_0_0_0-46633-hadoop-hdds-container-service-1_1_0-SNAPSHOT_jar-_-any-56755867503087292/webapp/,AVAILABLE}{jar:file:/home/user/.m2/repository/org/apache/hadoop/hadoop-hdds-container-service/1.1.0-SNAPSHOT/hadoop-hdds-container-service-1.1.0-SNAPSHOT.jar!/webapps/hddsDatanode}
2021-01-01 14:16:30,330 [Listener at 127.0.0.1/44197] INFO  server.AbstractConnector (AbstractConnector.java:doStart(331)) - Started ServerConnector@d5eed70{HTTP/1.1, (http/1.1)}{0.0.0.0:46633}
2021-01-01 14:16:30,330 [Listener at 127.0.0.1/44197] INFO  server.Server (Server.java:doStart(415)) - Started @392420ms
2021-01-01 14:16:30,330 [Listener at 127.0.0.1/44197] WARN  impl.MetricsSystemImpl (MetricsSystemImpl.java:register(276)) - Sink prometheus already exists!
2021-01-01 14:16:30,333 [Listener at 127.0.0.1/44197] INFO  http.BaseHttpServer (BaseHttpServer.java:updateConnectorAddress(327)) - HTTP server of hddsDatanode listening at http://0.0.0.0:46633
2021-01-01 14:16:30,336 [Listener at 127.0.0.1/44197] INFO  impl.MetricsSystemImpl (MetricsSystemImpl.java:init(158)) - HddsDatanode metrics system started (again)
2021-01-01 14:16:30,345 [Listener at 127.0.0.1/44197] INFO  ozone.HddsDatanodeService (HddsDatanodeService.java:start(217)) - HddsDatanodeService host:722537d36201 ip:172.17.0.2
2021-01-01 14:16:30,348 [Listener at 127.0.0.1/44197] INFO  volume.HddsVolume (HddsVolume.java:<init>(176)) - Creating Volume: /github/workspace/mnt/ozone/hadoop-ozone/integration-test/target/test-dir/MiniOzoneClusterImpl-cb490d7e-6ed4-4e2b-831b-323004451de6/datanode-2/data-0/containers/hdds of storage type : DISK and capacity : 9223372036854775807
2021-01-01 14:16:30,348 [Listener at 127.0.0.1/44197] INFO  volume.MutableVolumeSet (MutableVolumeSet.java:initializeVolumeSet(179)) - Added Volume : /github/workspace/mnt/ozone/hadoop-ozone/integration-test/target/test-dir/MiniOzoneClusterImpl-cb490d7e-6ed4-4e2b-831b-323004451de6/datanode-2/data-0/containers/hdds to VolumeSet
2021-01-01 14:16:30,348 [Listener at 127.0.0.1/44197] INFO  volume.ThrottledAsyncChecker (ThrottledAsyncChecker.java:schedule(141)) - Scheduling a check for /github/workspace/mnt/ozone/hadoop-ozone/integration-test/target/test-dir/MiniOzoneClusterImpl-cb490d7e-6ed4-4e2b-831b-323004451de6/datanode-2/data-0/containers/hdds
2021-01-01 14:16:30,356 [org.apache.hadoop.util.JvmPauseMonitor$Monitor@70d3ade] INFO  util.JvmPauseMonitor (JvmPauseMonitor.java:run(188)) - Starting JVM pause monitor
2021-01-01 14:16:30,359 [Listener at 127.0.0.1/44197] INFO  volume.HddsVolumeChecker (HddsVolumeChecker.java:checkAllVolumes(200)) - Scheduled health check for volume /github/workspace/mnt/ozone/hadoop-ozone/integration-test/target/test-dir/MiniOzoneClusterImpl-cb490d7e-6ed4-4e2b-831b-323004451de6/datanode-2/data-0/containers/hdds
2021-01-01 14:16:30,360 [Datanode State Machine Task Thread - 0] INFO  datanode.InitDatanodeState (InitDatanodeState.java:persistContainerDatanodeDetails(145)) - DatanodeDetails is persisted to /github/workspace/mnt/ozone/hadoop-ozone/integration-test/target/test-dir/MiniOzoneClusterImpl-cb490d7e-6ed4-4e2b-831b-323004451de6/datanode-1/meta/datanode.id
2021-01-01 14:16:30,370 [Thread-5675] INFO  ozoneimpl.ContainerReader (ContainerReader.java:readVolume(123)) - Start to verify containers on volume /github/workspace/mnt/ozone/hadoop-ozone/integration-test/target/test-dir/MiniOzoneClusterImpl-cb490d7e-6ed4-4e2b-831b-323004451de6/datanode-2/data-0/containers/hdds
2021-01-01 14:16:30,370 [Thread-5675] INFO  ozoneimpl.ContainerReader (ContainerReader.java:readVolume(148)) - Finish verifying containers on volume /github/workspace/mnt/ozone/hadoop-ozone/integration-test/target/test-dir/MiniOzoneClusterImpl-cb490d7e-6ed4-4e2b-831b-323004451de6/datanode-2/data-0/containers/hdds
2021-01-01 14:16:30,370 [Listener at 127.0.0.1/44197] INFO  ozoneimpl.OzoneContainer (OzoneContainer.java:buildContainerSet(194)) - Build ContainerSet costs 0s
2021-01-01 14:16:30,371 [Listener at 127.0.0.1/44197] INFO  server.RaftServer (ConfUtils.java:logGet(44)) - raft.rpc.type = GRPC (default)
2021-01-01 14:16:30,371 [Listener at 127.0.0.1/44197] INFO  grpc.GrpcFactory (GrpcFactory.java:checkPooledByteBufAllocatorUseCacheForAllThreads(48)) - PERFORMANCE WARNING: useCacheForAllThreads is true that may cause Netty to create a lot garbage objects and, as a result, trigger GC.
	It is recommended to disable useCacheForAllThreads by setting -Dorg.apache.ratis.thirdparty.io.netty.allocator.useCacheForAllThreads=false in command line.
2021-01-01 14:16:30,372 [Listener at 127.0.0.1/44197] INFO  grpc.GrpcConfigKeys (ConfUtils.java:logGet(44)) - raft.grpc.server.port = 0 (default)
2021-01-01 14:16:30,372 [Listener at 127.0.0.1/44197] INFO  server.GrpcService (ConfUtils.java:logGet(44)) - raft.grpc.message.size.max = 32MB (=33554432) (custom)
2021-01-01 14:16:30,372 [Listener at 127.0.0.1/44197] INFO  server.RaftServerConfigKeys (ConfUtils.java:logGet(44)) - raft.server.log.appender.buffer.byte-limit = 33554432 (custom)
2021-01-01 14:16:30,372 [Listener at 127.0.0.1/44197] INFO  server.GrpcService (ConfUtils.java:logGet(44)) - raft.grpc.flow.control.window = 5MB (=5242880) (custom)
2021-01-01 14:16:30,372 [Listener at 127.0.0.1/44197] INFO  server.RaftServerConfigKeys (ConfUtils.java:logGet(44)) - raft.server.rpc.request.timeout = 60s (custom)
2021-01-01 14:16:30,373 [Listener at 127.0.0.1/44197] INFO  impl.DataStreamServerImpl (ConfUtils.java:logGet(44)) - raft.datastream.type = DISABLED (default)
2021-01-01 14:16:30,373 [Listener at 127.0.0.1/44197] INFO  server.RaftServerConfigKeys (ConfUtils.java:logGet(44)) - raft.server.rpc.slowness.timeout = 300s (custom)
2021-01-01 14:16:30,373 [Listener at 127.0.0.1/44197] INFO  server.RaftServerConfigKeys (ConfUtils.java:logGet(44)) - raft.server.leaderelection.leader.step-down.wait-time = 10s (default)
2021-01-01 14:16:30,373 [Listener at 127.0.0.1/44197] INFO  server.RaftServerConfigKeys (ConfUtils.java:logGet(44)) - raft.server.storage.dir = [/github/workspace/mnt/ozone/hadoop-ozone/integration-test/target/test-dir/MiniOzoneClusterImpl-cb490d7e-6ed4-4e2b-831b-323004451de6/datanode-2/data/ratis] (custom)
2021-01-01 14:16:30,377 [Listener at 127.0.0.1/44197] INFO  http.BaseHttpServer (BaseHttpServer.java:newHttpServer2BuilderForOzone(207)) - Starting Web-server for hddsDatanode at: http://0.0.0.0:0
2021-01-01 14:16:30,378 [Listener at 127.0.0.1/44197] INFO  http.BaseHttpServer (BaseHttpServer.java:<init>(106)) - Hadoop Security Enabled: false Ozone Security Enabled: false Ozone HTTP Security Enabled: false 
2021-01-01 14:16:30,379 [Listener at 127.0.0.1/44197] INFO  server.AuthenticationFilter (AuthenticationFilter.java:constructSecretProvider(240)) - Unable to initialize FileSignerSecretProvider, falling back to use random secrets.
2021-01-01 14:16:30,379 [Listener at 127.0.0.1/44197] WARN  http.HttpRequestLog (HttpRequestLog.java:getRequestLog(103)) - Jetty request log can only be enabled using Log4j
2021-01-01 14:16:30,379 [Listener at 127.0.0.1/44197] INFO  http.HttpServer2 (HttpServer2.java:addGlobalFilter(1020)) - Added global filter 'safety' (class=org.apache.hadoop.hdds.server.http.HttpServer2$QuotingInputFilter)
2021-01-01 14:16:30,380 [Listener at 127.0.0.1/44197] INFO  http.HttpServer2 (HttpServer2.java:addFilter(996)) - Added filter static_user_filter (class=org.apache.hadoop.http.lib.StaticUserWebFilter$StaticUserFilter) to context hddsDatanode
2021-01-01 14:16:30,380 [Listener at 127.0.0.1/44197] INFO  http.HttpServer2 (HttpServer2.java:addFilter(1004)) - Added filter static_user_filter (class=org.apache.hadoop.http.lib.StaticUserWebFilter$StaticUserFilter) to context static
2021-01-01 14:16:30,380 [Listener at 127.0.0.1/44197] INFO  http.HttpServer2 (HttpServer2.java:addFilter(1004)) - Added filter static_user_filter (class=org.apache.hadoop.http.lib.StaticUserWebFilter$StaticUserFilter) to context logs
2021-01-01 14:16:30,380 [Listener at 127.0.0.1/44197] INFO  http.HttpServer2 (HttpServer2.java:bindListener(1238)) - Jetty bound to port 40819
2021-01-01 14:16:30,380 [Listener at 127.0.0.1/44197] INFO  server.Server (Server.java:doStart(375)) - jetty-9.4.34.v20201102; built: 2020-11-02T14:15:39.302Z; git: e46af88704a893fc12cb0e3bf46e2c7b48a009e7; jvm 1.8.0_232-b09
2021-01-01 14:16:30,381 [Listener at 127.0.0.1/44197] INFO  server.session (DefaultSessionIdManager.java:doStart(334)) - DefaultSessionIdManager workerName=node0
2021-01-01 14:16:30,381 [Listener at 127.0.0.1/44197] INFO  server.session (DefaultSessionIdManager.java:doStart(339)) - No SessionScavenger set, using defaults
2021-01-01 14:16:30,381 [Listener at 127.0.0.1/44197] INFO  server.session (HouseKeeper.java:startScavenging(132)) - node0 Scavenging every 600000ms
2021-01-01 14:16:30,382 [Listener at 127.0.0.1/44197] INFO  handler.ContextHandler (ContextHandler.java:doStart(916)) - Started o.e.j.s.ServletContextHandler@7bf344dd{logs,/logs,file:///github/workspace/mnt/ozone/hadoop-ozone/integration-test/target/log,AVAILABLE}
2021-01-01 14:16:30,382 [Listener at 127.0.0.1/44197] INFO  handler.ContextHandler (ContextHandler.java:doStart(916)) - Started o.e.j.s.ServletContextHandler@c01b{static,/static,jar:file:/home/user/.m2/repository/org/apache/hadoop/hadoop-hdds-container-service/1.1.0-SNAPSHOT/hadoop-hdds-container-service-1.1.0-SNAPSHOT.jar!/webapps/static,AVAILABLE}
2021-01-01 14:16:30,515 [Listener at 127.0.0.1/44197] INFO  handler.ContextHandler (ContextHandler.java:doStart(916)) - Started o.e.j.w.WebAppContext@2b9f2f24{hddsDatanode,/,file:///tmp/jetty-0_0_0_0-40819-hadoop-hdds-container-service-1_1_0-SNAPSHOT_jar-_-any-1926268015288929284/webapp/,AVAILABLE}{jar:file:/home/user/.m2/repository/org/apache/hadoop/hadoop-hdds-container-service/1.1.0-SNAPSHOT/hadoop-hdds-container-service-1.1.0-SNAPSHOT.jar!/webapps/hddsDatanode}
2021-01-01 14:16:30,517 [Listener at 127.0.0.1/44197] INFO  server.AbstractConnector (AbstractConnector.java:doStart(331)) - Started ServerConnector@661a26a8{HTTP/1.1, (http/1.1)}{0.0.0.0:40819}
2021-01-01 14:16:30,517 [Listener at 127.0.0.1/44197] INFO  server.Server (Server.java:doStart(415)) - Started @392606ms
2021-01-01 14:16:30,517 [Listener at 127.0.0.1/44197] WARN  impl.MetricsSystemImpl (MetricsSystemImpl.java:register(276)) - Sink prometheus already exists!
2021-01-01 14:16:30,520 [Listener at 127.0.0.1/44197] INFO  http.BaseHttpServer (BaseHttpServer.java:updateConnectorAddress(327)) - HTTP server of hddsDatanode listening at http://0.0.0.0:40819
2021-01-01 14:16:30,524 [Listener at 127.0.0.1/44197] INFO  impl.MetricsSystemImpl (MetricsSystemImpl.java:init(158)) - HddsDatanode metrics system started (again)
2021-01-01 14:16:30,526 [org.apache.hadoop.util.JvmPauseMonitor$Monitor@24904228] INFO  util.JvmPauseMonitor (JvmPauseMonitor.java:run(188)) - Starting JVM pause monitor
2021-01-01 14:16:30,526 [Listener at 127.0.0.1/44197] INFO  ozone.HddsDatanodeService (HddsDatanodeService.java:start(217)) - HddsDatanodeService host:722537d36201 ip:172.17.0.2
2021-01-01 14:16:30,526 [Datanode State Machine Task Thread - 0] INFO  datanode.InitDatanodeState (InitDatanodeState.java:persistContainerDatanodeDetails(145)) - DatanodeDetails is persisted to /github/workspace/mnt/ozone/hadoop-ozone/integration-test/target/test-dir/MiniOzoneClusterImpl-cb490d7e-6ed4-4e2b-831b-323004451de6/datanode-2/meta/datanode.id
2021-01-01 14:16:30,527 [Listener at 127.0.0.1/44197] INFO  volume.HddsVolume (HddsVolume.java:<init>(176)) - Creating Volume: /github/workspace/mnt/ozone/hadoop-ozone/integration-test/target/test-dir/MiniOzoneClusterImpl-cb490d7e-6ed4-4e2b-831b-323004451de6/datanode-3/data-0/containers/hdds of storage type : DISK and capacity : 9223372036854775807
2021-01-01 14:16:30,527 [Listener at 127.0.0.1/44197] INFO  volume.MutableVolumeSet (MutableVolumeSet.java:initializeVolumeSet(179)) - Added Volume : /github/workspace/mnt/ozone/hadoop-ozone/integration-test/target/test-dir/MiniOzoneClusterImpl-cb490d7e-6ed4-4e2b-831b-323004451de6/datanode-3/data-0/containers/hdds to VolumeSet
2021-01-01 14:16:30,527 [Listener at 127.0.0.1/44197] INFO  volume.ThrottledAsyncChecker (ThrottledAsyncChecker.java:schedule(141)) - Scheduling a check for /github/workspace/mnt/ozone/hadoop-ozone/integration-test/target/test-dir/MiniOzoneClusterImpl-cb490d7e-6ed4-4e2b-831b-323004451de6/datanode-3/data-0/containers/hdds
2021-01-01 14:16:30,527 [Listener at 127.0.0.1/44197] INFO  volume.HddsVolumeChecker (HddsVolumeChecker.java:checkAllVolumes(200)) - Scheduled health check for volume /github/workspace/mnt/ozone/hadoop-ozone/integration-test/target/test-dir/MiniOzoneClusterImpl-cb490d7e-6ed4-4e2b-831b-323004451de6/datanode-3/data-0/containers/hdds
2021-01-01 14:16:30,538 [Thread-5686] INFO  ozoneimpl.ContainerReader (ContainerReader.java:readVolume(123)) - Start to verify containers on volume /github/workspace/mnt/ozone/hadoop-ozone/integration-test/target/test-dir/MiniOzoneClusterImpl-cb490d7e-6ed4-4e2b-831b-323004451de6/datanode-3/data-0/containers/hdds
2021-01-01 14:16:30,538 [Thread-5686] INFO  ozoneimpl.ContainerReader (ContainerReader.java:readVolume(148)) - Finish verifying containers on volume /github/workspace/mnt/ozone/hadoop-ozone/integration-test/target/test-dir/MiniOzoneClusterImpl-cb490d7e-6ed4-4e2b-831b-323004451de6/datanode-3/data-0/containers/hdds
2021-01-01 14:16:30,539 [Listener at 127.0.0.1/44197] INFO  ozoneimpl.OzoneContainer (OzoneContainer.java:buildContainerSet(194)) - Build ContainerSet costs 0s
2021-01-01 14:16:30,540 [Listener at 127.0.0.1/44197] INFO  server.RaftServer (ConfUtils.java:logGet(44)) - raft.rpc.type = GRPC (default)
2021-01-01 14:16:30,540 [Listener at 127.0.0.1/44197] INFO  grpc.GrpcFactory (GrpcFactory.java:checkPooledByteBufAllocatorUseCacheForAllThreads(48)) - PERFORMANCE WARNING: useCacheForAllThreads is true that may cause Netty to create a lot garbage objects and, as a result, trigger GC.
	It is recommended to disable useCacheForAllThreads by setting -Dorg.apache.ratis.thirdparty.io.netty.allocator.useCacheForAllThreads=false in command line.
2021-01-01 14:16:30,540 [Listener at 127.0.0.1/44197] INFO  grpc.GrpcConfigKeys (ConfUtils.java:logGet(44)) - raft.grpc.server.port = 0 (default)
2021-01-01 14:16:30,540 [Listener at 127.0.0.1/44197] INFO  server.GrpcService (ConfUtils.java:logGet(44)) - raft.grpc.message.size.max = 32MB (=33554432) (custom)
2021-01-01 14:16:30,540 [Listener at 127.0.0.1/44197] INFO  server.RaftServerConfigKeys (ConfUtils.java:logGet(44)) - raft.server.log.appender.buffer.byte-limit = 33554432 (custom)
2021-01-01 14:16:30,540 [Listener at 127.0.0.1/44197] INFO  server.GrpcService (ConfUtils.java:logGet(44)) - raft.grpc.flow.control.window = 5MB (=5242880) (custom)
2021-01-01 14:16:30,540 [Listener at 127.0.0.1/44197] INFO  server.RaftServerConfigKeys (ConfUtils.java:logGet(44)) - raft.server.rpc.request.timeout = 60s (custom)
2021-01-01 14:16:30,541 [Listener at 127.0.0.1/44197] INFO  impl.DataStreamServerImpl (ConfUtils.java:logGet(44)) - raft.datastream.type = DISABLED (default)
2021-01-01 14:16:30,541 [Listener at 127.0.0.1/44197] INFO  server.RaftServerConfigKeys (ConfUtils.java:logGet(44)) - raft.server.rpc.slowness.timeout = 300s (custom)
2021-01-01 14:16:30,541 [Listener at 127.0.0.1/44197] INFO  server.RaftServerConfigKeys (ConfUtils.java:logGet(44)) - raft.server.leaderelection.leader.step-down.wait-time = 10s (default)
2021-01-01 14:16:30,542 [Listener at 127.0.0.1/44197] INFO  server.RaftServerConfigKeys (ConfUtils.java:logGet(44)) - raft.server.storage.dir = [/github/workspace/mnt/ozone/hadoop-ozone/integration-test/target/test-dir/MiniOzoneClusterImpl-cb490d7e-6ed4-4e2b-831b-323004451de6/datanode-3/data/ratis] (custom)
2021-01-01 14:16:30,546 [Listener at 127.0.0.1/44197] INFO  http.BaseHttpServer (BaseHttpServer.java:newHttpServer2BuilderForOzone(207)) - Starting Web-server for hddsDatanode at: http://0.0.0.0:0
2021-01-01 14:16:30,546 [Listener at 127.0.0.1/44197] INFO  http.BaseHttpServer (BaseHttpServer.java:<init>(106)) - Hadoop Security Enabled: false Ozone Security Enabled: false Ozone HTTP Security Enabled: false 
2021-01-01 14:16:30,547 [Listener at 127.0.0.1/44197] INFO  server.AuthenticationFilter (AuthenticationFilter.java:constructSecretProvider(240)) - Unable to initialize FileSignerSecretProvider, falling back to use random secrets.
2021-01-01 14:16:30,547 [Listener at 127.0.0.1/44197] WARN  http.HttpRequestLog (HttpRequestLog.java:getRequestLog(103)) - Jetty request log can only be enabled using Log4j
2021-01-01 14:16:30,547 [Listener at 127.0.0.1/44197] INFO  http.HttpServer2 (HttpServer2.java:addGlobalFilter(1020)) - Added global filter 'safety' (class=org.apache.hadoop.hdds.server.http.HttpServer2$QuotingInputFilter)
2021-01-01 14:16:30,548 [Listener at 127.0.0.1/44197] INFO  http.HttpServer2 (HttpServer2.java:addFilter(996)) - Added filter static_user_filter (class=org.apache.hadoop.http.lib.StaticUserWebFilter$StaticUserFilter) to context hddsDatanode
2021-01-01 14:16:30,548 [Listener at 127.0.0.1/44197] INFO  http.HttpServer2 (HttpServer2.java:addFilter(1004)) - Added filter static_user_filter (class=org.apache.hadoop.http.lib.StaticUserWebFilter$StaticUserFilter) to context logs
2021-01-01 14:16:30,548 [Listener at 127.0.0.1/44197] INFO  http.HttpServer2 (HttpServer2.java:addFilter(1004)) - Added filter static_user_filter (class=org.apache.hadoop.http.lib.StaticUserWebFilter$StaticUserFilter) to context static
2021-01-01 14:16:30,548 [Listener at 127.0.0.1/44197] INFO  http.HttpServer2 (HttpServer2.java:bindListener(1238)) - Jetty bound to port 36619
2021-01-01 14:16:30,548 [Listener at 127.0.0.1/44197] INFO  server.Server (Server.java:doStart(375)) - jetty-9.4.34.v20201102; built: 2020-11-02T14:15:39.302Z; git: e46af88704a893fc12cb0e3bf46e2c7b48a009e7; jvm 1.8.0_232-b09
2021-01-01 14:16:30,549 [Listener at 127.0.0.1/44197] INFO  server.session (DefaultSessionIdManager.java:doStart(334)) - DefaultSessionIdManager workerName=node0
2021-01-01 14:16:30,549 [Listener at 127.0.0.1/44197] INFO  server.session (DefaultSessionIdManager.java:doStart(339)) - No SessionScavenger set, using defaults
2021-01-01 14:16:30,549 [Listener at 127.0.0.1/44197] INFO  server.session (HouseKeeper.java:startScavenging(132)) - node0 Scavenging every 600000ms
2021-01-01 14:16:30,550 [Listener at 127.0.0.1/44197] INFO  handler.ContextHandler (ContextHandler.java:doStart(916)) - Started o.e.j.s.ServletContextHandler@5d2ac39f{logs,/logs,file:///github/workspace/mnt/ozone/hadoop-ozone/integration-test/target/log,AVAILABLE}
2021-01-01 14:16:30,550 [Listener at 127.0.0.1/44197] INFO  handler.ContextHandler (ContextHandler.java:doStart(916)) - Started o.e.j.s.ServletContextHandler@70ebe93e{static,/static,jar:file:/home/user/.m2/repository/org/apache/hadoop/hadoop-hdds-container-service/1.1.0-SNAPSHOT/hadoop-hdds-container-service-1.1.0-SNAPSHOT.jar!/webapps/static,AVAILABLE}
2021-01-01 14:16:30,683 [Listener at 127.0.0.1/44197] INFO  handler.ContextHandler (ContextHandler.java:doStart(916)) - Started o.e.j.w.WebAppContext@5a931c02{hddsDatanode,/,file:///tmp/jetty-0_0_0_0-36619-hadoop-hdds-container-service-1_1_0-SNAPSHOT_jar-_-any-825031222913036923/webapp/,AVAILABLE}{jar:file:/home/user/.m2/repository/org/apache/hadoop/hadoop-hdds-container-service/1.1.0-SNAPSHOT/hadoop-hdds-container-service-1.1.0-SNAPSHOT.jar!/webapps/hddsDatanode}
2021-01-01 14:16:30,686 [Listener at 127.0.0.1/44197] INFO  server.AbstractConnector (AbstractConnector.java:doStart(331)) - Started ServerConnector@5c18c936{HTTP/1.1, (http/1.1)}{0.0.0.0:36619}
2021-01-01 14:16:30,686 [Listener at 127.0.0.1/44197] INFO  server.Server (Server.java:doStart(415)) - Started @392776ms
2021-01-01 14:16:30,686 [Listener at 127.0.0.1/44197] WARN  impl.MetricsSystemImpl (MetricsSystemImpl.java:register(276)) - Sink prometheus already exists!
2021-01-01 14:16:30,689 [Listener at 127.0.0.1/44197] INFO  http.BaseHttpServer (BaseHttpServer.java:updateConnectorAddress(327)) - HTTP server of hddsDatanode listening at http://0.0.0.0:36619
2021-01-01 14:16:30,693 [Listener at 127.0.0.1/44197] INFO  impl.MetricsSystemImpl (MetricsSystemImpl.java:init(158)) - HddsDatanode metrics system started (again)
2021-01-01 14:16:30,693 [org.apache.hadoop.util.JvmPauseMonitor$Monitor@196fae84] INFO  util.JvmPauseMonitor (JvmPauseMonitor.java:run(188)) - Starting JVM pause monitor
2021-01-01 14:16:30,694 [Listener at 127.0.0.1/44197] INFO  ozone.HddsDatanodeService (HddsDatanodeService.java:start(217)) - HddsDatanodeService host:722537d36201 ip:172.17.0.2
2021-01-01 14:16:30,694 [Datanode State Machine Task Thread - 0] INFO  datanode.InitDatanodeState (InitDatanodeState.java:persistContainerDatanodeDetails(145)) - DatanodeDetails is persisted to /github/workspace/mnt/ozone/hadoop-ozone/integration-test/target/test-dir/MiniOzoneClusterImpl-cb490d7e-6ed4-4e2b-831b-323004451de6/datanode-3/meta/datanode.id
2021-01-01 14:16:30,696 [Listener at 127.0.0.1/44197] INFO  volume.HddsVolume (HddsVolume.java:<init>(176)) - Creating Volume: /github/workspace/mnt/ozone/hadoop-ozone/integration-test/target/test-dir/MiniOzoneClusterImpl-cb490d7e-6ed4-4e2b-831b-323004451de6/datanode-4/data-0/containers/hdds of storage type : DISK and capacity : 9223372036854775807
2021-01-01 14:16:30,696 [Listener at 127.0.0.1/44197] INFO  volume.MutableVolumeSet (MutableVolumeSet.java:initializeVolumeSet(179)) - Added Volume : /github/workspace/mnt/ozone/hadoop-ozone/integration-test/target/test-dir/MiniOzoneClusterImpl-cb490d7e-6ed4-4e2b-831b-323004451de6/datanode-4/data-0/containers/hdds to VolumeSet
2021-01-01 14:16:30,696 [Listener at 127.0.0.1/44197] INFO  volume.ThrottledAsyncChecker (ThrottledAsyncChecker.java:schedule(141)) - Scheduling a check for /github/workspace/mnt/ozone/hadoop-ozone/integration-test/target/test-dir/MiniOzoneClusterImpl-cb490d7e-6ed4-4e2b-831b-323004451de6/datanode-4/data-0/containers/hdds
2021-01-01 14:16:30,700 [Listener at 127.0.0.1/44197] INFO  volume.HddsVolumeChecker (HddsVolumeChecker.java:checkAllVolumes(200)) - Scheduled health check for volume /github/workspace/mnt/ozone/hadoop-ozone/integration-test/target/test-dir/MiniOzoneClusterImpl-cb490d7e-6ed4-4e2b-831b-323004451de6/datanode-4/data-0/containers/hdds
2021-01-01 14:16:30,711 [Thread-5697] INFO  ozoneimpl.ContainerReader (ContainerReader.java:readVolume(123)) - Start to verify containers on volume /github/workspace/mnt/ozone/hadoop-ozone/integration-test/target/test-dir/MiniOzoneClusterImpl-cb490d7e-6ed4-4e2b-831b-323004451de6/datanode-4/data-0/containers/hdds
2021-01-01 14:16:30,711 [Thread-5697] INFO  ozoneimpl.ContainerReader (ContainerReader.java:readVolume(148)) - Finish verifying containers on volume /github/workspace/mnt/ozone/hadoop-ozone/integration-test/target/test-dir/MiniOzoneClusterImpl-cb490d7e-6ed4-4e2b-831b-323004451de6/datanode-4/data-0/containers/hdds
2021-01-01 14:16:30,711 [Listener at 127.0.0.1/44197] INFO  ozoneimpl.OzoneContainer (OzoneContainer.java:buildContainerSet(194)) - Build ContainerSet costs 0s
2021-01-01 14:16:30,712 [Listener at 127.0.0.1/44197] INFO  server.RaftServer (ConfUtils.java:logGet(44)) - raft.rpc.type = GRPC (default)
2021-01-01 14:16:30,712 [Listener at 127.0.0.1/44197] INFO  grpc.GrpcFactory (GrpcFactory.java:checkPooledByteBufAllocatorUseCacheForAllThreads(48)) - PERFORMANCE WARNING: useCacheForAllThreads is true that may cause Netty to create a lot garbage objects and, as a result, trigger GC.
	It is recommended to disable useCacheForAllThreads by setting -Dorg.apache.ratis.thirdparty.io.netty.allocator.useCacheForAllThreads=false in command line.
2021-01-01 14:16:30,712 [Listener at 127.0.0.1/44197] INFO  grpc.GrpcConfigKeys (ConfUtils.java:logGet(44)) - raft.grpc.server.port = 0 (default)
2021-01-01 14:16:30,712 [Listener at 127.0.0.1/44197] INFO  server.GrpcService (ConfUtils.java:logGet(44)) - raft.grpc.message.size.max = 32MB (=33554432) (custom)
2021-01-01 14:16:30,713 [Listener at 127.0.0.1/44197] INFO  server.RaftServerConfigKeys (ConfUtils.java:logGet(44)) - raft.server.log.appender.buffer.byte-limit = 33554432 (custom)
2021-01-01 14:16:30,713 [Listener at 127.0.0.1/44197] INFO  server.GrpcService (ConfUtils.java:logGet(44)) - raft.grpc.flow.control.window = 5MB (=5242880) (custom)
2021-01-01 14:16:30,713 [Listener at 127.0.0.1/44197] INFO  server.RaftServerConfigKeys (ConfUtils.java:logGet(44)) - raft.server.rpc.request.timeout = 60s (custom)
2021-01-01 14:16:30,714 [Listener at 127.0.0.1/44197] INFO  impl.DataStreamServerImpl (ConfUtils.java:logGet(44)) - raft.datastream.type = DISABLED (default)
2021-01-01 14:16:30,714 [Listener at 127.0.0.1/44197] INFO  server.RaftServerConfigKeys (ConfUtils.java:logGet(44)) - raft.server.rpc.slowness.timeout = 300s (custom)
2021-01-01 14:16:30,714 [Listener at 127.0.0.1/44197] INFO  server.RaftServerConfigKeys (ConfUtils.java:logGet(44)) - raft.server.leaderelection.leader.step-down.wait-time = 10s (default)
2021-01-01 14:16:30,714 [Listener at 127.0.0.1/44197] INFO  server.RaftServerConfigKeys (ConfUtils.java:logGet(44)) - raft.server.storage.dir = [/github/workspace/mnt/ozone/hadoop-ozone/integration-test/target/test-dir/MiniOzoneClusterImpl-cb490d7e-6ed4-4e2b-831b-323004451de6/datanode-4/data/ratis] (custom)
2021-01-01 14:16:30,720 [Listener at 127.0.0.1/44197] INFO  http.BaseHttpServer (BaseHttpServer.java:newHttpServer2BuilderForOzone(207)) - Starting Web-server for hddsDatanode at: http://0.0.0.0:0
2021-01-01 14:16:30,720 [Listener at 127.0.0.1/44197] INFO  http.BaseHttpServer (BaseHttpServer.java:<init>(106)) - Hadoop Security Enabled: false Ozone Security Enabled: false Ozone HTTP Security Enabled: false 
2021-01-01 14:16:30,721 [Listener at 127.0.0.1/44197] INFO  server.AuthenticationFilter (AuthenticationFilter.java:constructSecretProvider(240)) - Unable to initialize FileSignerSecretProvider, falling back to use random secrets.
2021-01-01 14:16:30,721 [Listener at 127.0.0.1/44197] WARN  http.HttpRequestLog (HttpRequestLog.java:getRequestLog(103)) - Jetty request log can only be enabled using Log4j
2021-01-01 14:16:30,721 [Listener at 127.0.0.1/44197] INFO  http.HttpServer2 (HttpServer2.java:addGlobalFilter(1020)) - Added global filter 'safety' (class=org.apache.hadoop.hdds.server.http.HttpServer2$QuotingInputFilter)
2021-01-01 14:16:30,722 [Listener at 127.0.0.1/44197] INFO  http.HttpServer2 (HttpServer2.java:addFilter(996)) - Added filter static_user_filter (class=org.apache.hadoop.http.lib.StaticUserWebFilter$StaticUserFilter) to context hddsDatanode
2021-01-01 14:16:30,722 [Listener at 127.0.0.1/44197] INFO  http.HttpServer2 (HttpServer2.java:addFilter(1004)) - Added filter static_user_filter (class=org.apache.hadoop.http.lib.StaticUserWebFilter$StaticUserFilter) to context logs
2021-01-01 14:16:30,722 [Listener at 127.0.0.1/44197] INFO  http.HttpServer2 (HttpServer2.java:addFilter(1004)) - Added filter static_user_filter (class=org.apache.hadoop.http.lib.StaticUserWebFilter$StaticUserFilter) to context static
2021-01-01 14:16:30,722 [Listener at 127.0.0.1/44197] INFO  http.HttpServer2 (HttpServer2.java:bindListener(1238)) - Jetty bound to port 36265
2021-01-01 14:16:30,722 [Listener at 127.0.0.1/44197] INFO  server.Server (Server.java:doStart(375)) - jetty-9.4.34.v20201102; built: 2020-11-02T14:15:39.302Z; git: e46af88704a893fc12cb0e3bf46e2c7b48a009e7; jvm 1.8.0_232-b09
2021-01-01 14:16:30,723 [Listener at 127.0.0.1/44197] INFO  server.session (DefaultSessionIdManager.java:doStart(334)) - DefaultSessionIdManager workerName=node0
2021-01-01 14:16:30,723 [Listener at 127.0.0.1/44197] INFO  server.session (DefaultSessionIdManager.java:doStart(339)) - No SessionScavenger set, using defaults
2021-01-01 14:16:30,723 [Listener at 127.0.0.1/44197] INFO  server.session (HouseKeeper.java:startScavenging(132)) - node0 Scavenging every 600000ms
2021-01-01 14:16:30,724 [Listener at 127.0.0.1/44197] INFO  handler.ContextHandler (ContextHandler.java:doStart(916)) - Started o.e.j.s.ServletContextHandler@50b8504b{logs,/logs,file:///github/workspace/mnt/ozone/hadoop-ozone/integration-test/target/log,AVAILABLE}
2021-01-01 14:16:30,724 [Listener at 127.0.0.1/44197] INFO  handler.ContextHandler (ContextHandler.java:doStart(916)) - Started o.e.j.s.ServletContextHandler@14d16b8f{static,/static,jar:file:/home/user/.m2/repository/org/apache/hadoop/hadoop-hdds-container-service/1.1.0-SNAPSHOT/hadoop-hdds-container-service-1.1.0-SNAPSHOT.jar!/webapps/static,AVAILABLE}
2021-01-01 14:16:30,860 [Listener at 127.0.0.1/44197] INFO  handler.ContextHandler (ContextHandler.java:doStart(916)) - Started o.e.j.w.WebAppContext@3fc6ae7b{hddsDatanode,/,file:///tmp/jetty-0_0_0_0-36265-hadoop-hdds-container-service-1_1_0-SNAPSHOT_jar-_-any-2867080610452602962/webapp/,AVAILABLE}{jar:file:/home/user/.m2/repository/org/apache/hadoop/hadoop-hdds-container-service/1.1.0-SNAPSHOT/hadoop-hdds-container-service-1.1.0-SNAPSHOT.jar!/webapps/hddsDatanode}
2021-01-01 14:16:30,862 [Listener at 127.0.0.1/44197] INFO  server.AbstractConnector (AbstractConnector.java:doStart(331)) - Started ServerConnector@60a44e4{HTTP/1.1, (http/1.1)}{0.0.0.0:36265}
2021-01-01 14:16:30,862 [Listener at 127.0.0.1/44197] INFO  server.Server (Server.java:doStart(415)) - Started @392951ms
2021-01-01 14:16:30,862 [Listener at 127.0.0.1/44197] WARN  impl.MetricsSystemImpl (MetricsSystemImpl.java:register(276)) - Sink prometheus already exists!
2021-01-01 14:16:30,866 [Listener at 127.0.0.1/44197] INFO  http.BaseHttpServer (BaseHttpServer.java:updateConnectorAddress(327)) - HTTP server of hddsDatanode listening at http://0.0.0.0:36265
2021-01-01 14:16:30,872 [Listener at 127.0.0.1/44197] INFO  impl.MetricsSystemImpl (MetricsSystemImpl.java:init(158)) - HddsDatanode metrics system started (again)
2021-01-01 14:16:30,874 [Listener at 127.0.0.1/44197] INFO  ozone.HddsDatanodeService (HddsDatanodeService.java:start(217)) - HddsDatanodeService host:722537d36201 ip:172.17.0.2
2021-01-01 14:16:30,874 [org.apache.hadoop.util.JvmPauseMonitor$Monitor@16261e18] INFO  util.JvmPauseMonitor (JvmPauseMonitor.java:run(188)) - Starting JVM pause monitor
2021-01-01 14:16:30,875 [Listener at 127.0.0.1/44197] INFO  volume.HddsVolume (HddsVolume.java:<init>(176)) - Creating Volume: /github/workspace/mnt/ozone/hadoop-ozone/integration-test/target/test-dir/MiniOzoneClusterImpl-cb490d7e-6ed4-4e2b-831b-323004451de6/datanode-5/data-0/containers/hdds of storage type : DISK and capacity : 9223372036854775807
2021-01-01 14:16:30,875 [Listener at 127.0.0.1/44197] INFO  volume.MutableVolumeSet (MutableVolumeSet.java:initializeVolumeSet(179)) - Added Volume : /github/workspace/mnt/ozone/hadoop-ozone/integration-test/target/test-dir/MiniOzoneClusterImpl-cb490d7e-6ed4-4e2b-831b-323004451de6/datanode-5/data-0/containers/hdds to VolumeSet
2021-01-01 14:16:30,875 [Listener at 127.0.0.1/44197] INFO  volume.ThrottledAsyncChecker (ThrottledAsyncChecker.java:schedule(141)) - Scheduling a check for /github/workspace/mnt/ozone/hadoop-ozone/integration-test/target/test-dir/MiniOzoneClusterImpl-cb490d7e-6ed4-4e2b-831b-323004451de6/datanode-5/data-0/containers/hdds
2021-01-01 14:16:30,876 [Listener at 127.0.0.1/44197] INFO  volume.HddsVolumeChecker (HddsVolumeChecker.java:checkAllVolumes(200)) - Scheduled health check for volume /github/workspace/mnt/ozone/hadoop-ozone/integration-test/target/test-dir/MiniOzoneClusterImpl-cb490d7e-6ed4-4e2b-831b-323004451de6/datanode-5/data-0/containers/hdds
2021-01-01 14:16:30,877 [Datanode State Machine Task Thread - 0] INFO  datanode.InitDatanodeState (InitDatanodeState.java:persistContainerDatanodeDetails(145)) - DatanodeDetails is persisted to /github/workspace/mnt/ozone/hadoop-ozone/integration-test/target/test-dir/MiniOzoneClusterImpl-cb490d7e-6ed4-4e2b-831b-323004451de6/datanode-4/meta/datanode.id
2021-01-01 14:16:30,887 [Thread-5708] INFO  ozoneimpl.ContainerReader (ContainerReader.java:readVolume(123)) - Start to verify containers on volume /github/workspace/mnt/ozone/hadoop-ozone/integration-test/target/test-dir/MiniOzoneClusterImpl-cb490d7e-6ed4-4e2b-831b-323004451de6/datanode-5/data-0/containers/hdds
2021-01-01 14:16:30,887 [Thread-5708] INFO  ozoneimpl.ContainerReader (ContainerReader.java:readVolume(148)) - Finish verifying containers on volume /github/workspace/mnt/ozone/hadoop-ozone/integration-test/target/test-dir/MiniOzoneClusterImpl-cb490d7e-6ed4-4e2b-831b-323004451de6/datanode-5/data-0/containers/hdds
2021-01-01 14:16:30,887 [Listener at 127.0.0.1/44197] INFO  ozoneimpl.OzoneContainer (OzoneContainer.java:buildContainerSet(194)) - Build ContainerSet costs 0s
2021-01-01 14:16:30,889 [Listener at 127.0.0.1/44197] INFO  server.RaftServer (ConfUtils.java:logGet(44)) - raft.rpc.type = GRPC (default)
2021-01-01 14:16:30,889 [Listener at 127.0.0.1/44197] INFO  grpc.GrpcFactory (GrpcFactory.java:checkPooledByteBufAllocatorUseCacheForAllThreads(48)) - PERFORMANCE WARNING: useCacheForAllThreads is true that may cause Netty to create a lot garbage objects and, as a result, trigger GC.
	It is recommended to disable useCacheForAllThreads by setting -Dorg.apache.ratis.thirdparty.io.netty.allocator.useCacheForAllThreads=false in command line.
2021-01-01 14:16:30,889 [Listener at 127.0.0.1/44197] INFO  grpc.GrpcConfigKeys (ConfUtils.java:logGet(44)) - raft.grpc.server.port = 0 (default)
2021-01-01 14:16:30,889 [Listener at 127.0.0.1/44197] INFO  server.GrpcService (ConfUtils.java:logGet(44)) - raft.grpc.message.size.max = 32MB (=33554432) (custom)
2021-01-01 14:16:30,889 [Listener at 127.0.0.1/44197] INFO  server.RaftServerConfigKeys (ConfUtils.java:logGet(44)) - raft.server.log.appender.buffer.byte-limit = 33554432 (custom)
2021-01-01 14:16:30,889 [Listener at 127.0.0.1/44197] INFO  server.GrpcService (ConfUtils.java:logGet(44)) - raft.grpc.flow.control.window = 5MB (=5242880) (custom)
2021-01-01 14:16:30,889 [Listener at 127.0.0.1/44197] INFO  server.RaftServerConfigKeys (ConfUtils.java:logGet(44)) - raft.server.rpc.request.timeout = 60s (custom)
2021-01-01 14:16:30,890 [Listener at 127.0.0.1/44197] INFO  impl.DataStreamServerImpl (ConfUtils.java:logGet(44)) - raft.datastream.type = DISABLED (default)
2021-01-01 14:16:30,890 [Listener at 127.0.0.1/44197] INFO  server.RaftServerConfigKeys (ConfUtils.java:logGet(44)) - raft.server.rpc.slowness.timeout = 300s (custom)
2021-01-01 14:16:30,890 [Listener at 127.0.0.1/44197] INFO  server.RaftServerConfigKeys (ConfUtils.java:logGet(44)) - raft.server.leaderelection.leader.step-down.wait-time = 10s (default)
2021-01-01 14:16:30,890 [Listener at 127.0.0.1/44197] INFO  server.RaftServerConfigKeys (ConfUtils.java:logGet(44)) - raft.server.storage.dir = [/github/workspace/mnt/ozone/hadoop-ozone/integration-test/target/test-dir/MiniOzoneClusterImpl-cb490d7e-6ed4-4e2b-831b-323004451de6/datanode-5/data/ratis] (custom)
2021-01-01 14:16:30,894 [Listener at 127.0.0.1/44197] INFO  http.BaseHttpServer (BaseHttpServer.java:newHttpServer2BuilderForOzone(207)) - Starting Web-server for hddsDatanode at: http://0.0.0.0:0
2021-01-01 14:16:30,894 [Listener at 127.0.0.1/44197] INFO  http.BaseHttpServer (BaseHttpServer.java:<init>(106)) - Hadoop Security Enabled: false Ozone Security Enabled: false Ozone HTTP Security Enabled: false 
2021-01-01 14:16:30,895 [Listener at 127.0.0.1/44197] INFO  server.AuthenticationFilter (AuthenticationFilter.java:constructSecretProvider(240)) - Unable to initialize FileSignerSecretProvider, falling back to use random secrets.
2021-01-01 14:16:30,896 [Listener at 127.0.0.1/44197] WARN  http.HttpRequestLog (HttpRequestLog.java:getRequestLog(103)) - Jetty request log can only be enabled using Log4j
2021-01-01 14:16:30,896 [Listener at 127.0.0.1/44197] INFO  http.HttpServer2 (HttpServer2.java:addGlobalFilter(1020)) - Added global filter 'safety' (class=org.apache.hadoop.hdds.server.http.HttpServer2$QuotingInputFilter)
2021-01-01 14:16:30,897 [Listener at 127.0.0.1/44197] INFO  http.HttpServer2 (HttpServer2.java:addFilter(996)) - Added filter static_user_filter (class=org.apache.hadoop.http.lib.StaticUserWebFilter$StaticUserFilter) to context hddsDatanode
2021-01-01 14:16:30,897 [Listener at 127.0.0.1/44197] INFO  http.HttpServer2 (HttpServer2.java:addFilter(1004)) - Added filter static_user_filter (class=org.apache.hadoop.http.lib.StaticUserWebFilter$StaticUserFilter) to context static
2021-01-01 14:16:30,897 [Listener at 127.0.0.1/44197] INFO  http.HttpServer2 (HttpServer2.java:addFilter(1004)) - Added filter static_user_filter (class=org.apache.hadoop.http.lib.StaticUserWebFilter$StaticUserFilter) to context logs
2021-01-01 14:16:30,897 [Listener at 127.0.0.1/44197] INFO  http.HttpServer2 (HttpServer2.java:bindListener(1238)) - Jetty bound to port 42213
2021-01-01 14:16:30,897 [Listener at 127.0.0.1/44197] INFO  server.Server (Server.java:doStart(375)) - jetty-9.4.34.v20201102; built: 2020-11-02T14:15:39.302Z; git: e46af88704a893fc12cb0e3bf46e2c7b48a009e7; jvm 1.8.0_232-b09
2021-01-01 14:16:30,898 [Listener at 127.0.0.1/44197] INFO  server.session (DefaultSessionIdManager.java:doStart(334)) - DefaultSessionIdManager workerName=node0
2021-01-01 14:16:30,899 [Listener at 127.0.0.1/44197] INFO  server.session (DefaultSessionIdManager.java:doStart(339)) - No SessionScavenger set, using defaults
2021-01-01 14:16:30,899 [Listener at 127.0.0.1/44197] INFO  server.session (HouseKeeper.java:startScavenging(132)) - node0 Scavenging every 600000ms
2021-01-01 14:16:30,902 [Listener at 127.0.0.1/44197] INFO  handler.ContextHandler (ContextHandler.java:doStart(916)) - Started o.e.j.s.ServletContextHandler@8119d43{logs,/logs,file:///github/workspace/mnt/ozone/hadoop-ozone/integration-test/target/log,AVAILABLE}
2021-01-01 14:16:30,902 [Listener at 127.0.0.1/44197] INFO  handler.ContextHandler (ContextHandler.java:doStart(916)) - Started o.e.j.s.ServletContextHandler@70e56195{static,/static,jar:file:/home/user/.m2/repository/org/apache/hadoop/hadoop-hdds-container-service/1.1.0-SNAPSHOT/hadoop-hdds-container-service-1.1.0-SNAPSHOT.jar!/webapps/static,AVAILABLE}
2021-01-01 14:16:31,037 [Listener at 127.0.0.1/44197] INFO  handler.ContextHandler (ContextHandler.java:doStart(916)) - Started o.e.j.w.WebAppContext@4b5aaf53{hddsDatanode,/,file:///tmp/jetty-0_0_0_0-42213-hadoop-hdds-container-service-1_1_0-SNAPSHOT_jar-_-any-3157650031551049200/webapp/,AVAILABLE}{jar:file:/home/user/.m2/repository/org/apache/hadoop/hadoop-hdds-container-service/1.1.0-SNAPSHOT/hadoop-hdds-container-service-1.1.0-SNAPSHOT.jar!/webapps/hddsDatanode}
2021-01-01 14:16:31,038 [Listener at 127.0.0.1/44197] INFO  server.AbstractConnector (AbstractConnector.java:doStart(331)) - Started ServerConnector@13190f44{HTTP/1.1, (http/1.1)}{0.0.0.0:42213}
2021-01-01 14:16:31,038 [Listener at 127.0.0.1/44197] INFO  server.Server (Server.java:doStart(415)) - Started @393128ms
2021-01-01 14:16:31,038 [Listener at 127.0.0.1/44197] WARN  impl.MetricsSystemImpl (MetricsSystemImpl.java:register(276)) - Sink prometheus already exists!
2021-01-01 14:16:31,044 [Listener at 127.0.0.1/44197] INFO  http.BaseHttpServer (BaseHttpServer.java:updateConnectorAddress(327)) - HTTP server of hddsDatanode listening at http://0.0.0.0:42213
2021-01-01 14:16:31,044 [Listener at 127.0.0.1/44197] INFO  ozone.MiniOzoneClusterImpl (MiniOzoneClusterImpl.java:lambda$waitForClusterToBeReady$0(178)) - Waiting for nodes to be ready. Got 0 of 6 DN Heartbeats.
2021-01-01 14:16:31,045 [Listener at 127.0.0.1/44197] INFO  ozone.MiniOzoneClusterImpl (MiniOzoneClusterImpl.java:lambda$waitForClusterToBeReady$0(181)) - Waiting for cluster to exit safe mode
2021-01-01 14:16:31,048 [org.apache.hadoop.util.JvmPauseMonitor$Monitor@26e2f14e] INFO  util.JvmPauseMonitor (JvmPauseMonitor.java:run(188)) - Starting JVM pause monitor
2021-01-01 14:16:31,048 [Datanode State Machine Task Thread - 0] INFO  datanode.InitDatanodeState (InitDatanodeState.java:persistContainerDatanodeDetails(145)) - DatanodeDetails is persisted to /github/workspace/mnt/ozone/hadoop-ozone/integration-test/target/test-dir/MiniOzoneClusterImpl-cb490d7e-6ed4-4e2b-831b-323004451de6/datanode-5/meta/datanode.id
2021-01-01 14:16:32,045 [Listener at 127.0.0.1/44197] INFO  ozone.MiniOzoneClusterImpl (MiniOzoneClusterImpl.java:lambda$waitForClusterToBeReady$0(178)) - Waiting for nodes to be ready. Got 0 of 6 DN Heartbeats.
2021-01-01 14:16:32,045 [Listener at 127.0.0.1/44197] INFO  ozone.MiniOzoneClusterImpl (MiniOzoneClusterImpl.java:lambda$waitForClusterToBeReady$0(181)) - Waiting for cluster to exit safe mode
2021-01-01 14:16:32,176 [EndpointStateMachine task thread for /0.0.0.0:35419 - 0 ] INFO  ozoneimpl.OzoneContainer (OzoneContainer.java:start(243)) - Attempting to start container services.
2021-01-01 14:16:32,176 [EndpointStateMachine task thread for /0.0.0.0:35419 - 0 ] INFO  ozoneimpl.OzoneContainer (OzoneContainer.java:startContainerScrub(207)) - Background container scanner has been disabled.
2021-01-01 14:16:32,176 [EndpointStateMachine task thread for /0.0.0.0:35419 - 0 ] INFO  ratis.XceiverServerRatis (XceiverServerRatis.java:start(455)) - Starting XceiverServerRatis 7cefa8e9-48e2-4714-becf-e2fa99455696 at port 0
2021-01-01 14:16:32,180 [EndpointStateMachine task thread for /0.0.0.0:35419 - 0 ] INFO  server.RaftServer (RaftServerProxy.java:lambda$start$5(370)) - 7cefa8e9-48e2-4714-becf-e2fa99455696: start RPC server
2021-01-01 14:16:32,181 [EndpointStateMachine task thread for /0.0.0.0:35419 - 0 ] INFO  server.GrpcService (GrpcService.java:startImpl(177)) - 7cefa8e9-48e2-4714-becf-e2fa99455696: GrpcService started, listening on 0.0.0.0/0.0.0.0:37087
2021-01-01 14:16:32,181 [EndpointStateMachine task thread for /0.0.0.0:35419 - 0 ] INFO  ratis.XceiverServerRatis (XceiverServerRatis.java:start(467)) - XceiverServerRatis 7cefa8e9-48e2-4714-becf-e2fa99455696 is started using port 37087
2021-01-01 14:16:32,181 [org.apache.ratis.util.JvmPauseMonitor$$Lambda$222/1521334115@7631f663] INFO  util.JvmPauseMonitor (JvmPauseMonitor.java:run(103)) - JvmPauseMonitor-7cefa8e9-48e2-4714-becf-e2fa99455696: Started
2021-01-01 14:16:32,181 [EndpointStateMachine task thread for /0.0.0.0:35419 - 0 ] INFO  server.XceiverServerGrpc (XceiverServerGrpc.java:start(145)) - XceiverServerGrpc 7cefa8e9-48e2-4714-becf-e2fa99455696 is started using port 39923
2021-01-01 14:16:32,358 [EndpointStateMachine task thread for /0.0.0.0:35419 - 0 ] INFO  ozoneimpl.OzoneContainer (OzoneContainer.java:start(243)) - Attempting to start container services.
2021-01-01 14:16:32,358 [EndpointStateMachine task thread for /0.0.0.0:35419 - 0 ] INFO  ozoneimpl.OzoneContainer (OzoneContainer.java:startContainerScrub(207)) - Background container scanner has been disabled.
2021-01-01 14:16:32,358 [EndpointStateMachine task thread for /0.0.0.0:35419 - 0 ] INFO  ratis.XceiverServerRatis (XceiverServerRatis.java:start(455)) - Starting XceiverServerRatis 9a3e098b-d23a-435e-81b9-d52adff52c28 at port 0
2021-01-01 14:16:32,359 [EndpointStateMachine task thread for /0.0.0.0:35419 - 0 ] INFO  server.RaftServer (RaftServerProxy.java:lambda$start$5(370)) - 9a3e098b-d23a-435e-81b9-d52adff52c28: start RPC server
2021-01-01 14:16:32,360 [EndpointStateMachine task thread for /0.0.0.0:35419 - 0 ] INFO  server.GrpcService (GrpcService.java:startImpl(177)) - 9a3e098b-d23a-435e-81b9-d52adff52c28: GrpcService started, listening on 0.0.0.0/0.0.0.0:32929
2021-01-01 14:16:32,360 [EndpointStateMachine task thread for /0.0.0.0:35419 - 0 ] INFO  ratis.XceiverServerRatis (XceiverServerRatis.java:start(467)) - XceiverServerRatis 9a3e098b-d23a-435e-81b9-d52adff52c28 is started using port 32929
2021-01-01 14:16:32,360 [org.apache.ratis.util.JvmPauseMonitor$$Lambda$222/1521334115@3d8c625d] INFO  util.JvmPauseMonitor (JvmPauseMonitor.java:run(103)) - JvmPauseMonitor-9a3e098b-d23a-435e-81b9-d52adff52c28: Started
2021-01-01 14:16:32,360 [EndpointStateMachine task thread for /0.0.0.0:35419 - 0 ] INFO  server.XceiverServerGrpc (XceiverServerGrpc.java:start(145)) - XceiverServerGrpc 9a3e098b-d23a-435e-81b9-d52adff52c28 is started using port 38207
2021-01-01 14:16:32,528 [EndpointStateMachine task thread for /0.0.0.0:35419 - 0 ] INFO  ozoneimpl.OzoneContainer (OzoneContainer.java:start(243)) - Attempting to start container services.
2021-01-01 14:16:32,528 [EndpointStateMachine task thread for /0.0.0.0:35419 - 0 ] INFO  ozoneimpl.OzoneContainer (OzoneContainer.java:startContainerScrub(207)) - Background container scanner has been disabled.
2021-01-01 14:16:32,528 [EndpointStateMachine task thread for /0.0.0.0:35419 - 0 ] INFO  ratis.XceiverServerRatis (XceiverServerRatis.java:start(455)) - Starting XceiverServerRatis f4f30912-ea27-4eb3-bee5-ae3f82ef3ad0 at port 0
2021-01-01 14:16:32,532 [EndpointStateMachine task thread for /0.0.0.0:35419 - 0 ] INFO  server.RaftServer (RaftServerProxy.java:lambda$start$5(370)) - f4f30912-ea27-4eb3-bee5-ae3f82ef3ad0: start RPC server
2021-01-01 14:16:32,533 [EndpointStateMachine task thread for /0.0.0.0:35419 - 0 ] INFO  server.GrpcService (GrpcService.java:startImpl(177)) - f4f30912-ea27-4eb3-bee5-ae3f82ef3ad0: GrpcService started, listening on 0.0.0.0/0.0.0.0:45771
2021-01-01 14:16:32,536 [EndpointStateMachine task thread for /0.0.0.0:35419 - 0 ] INFO  ratis.XceiverServerRatis (XceiverServerRatis.java:start(467)) - XceiverServerRatis f4f30912-ea27-4eb3-bee5-ae3f82ef3ad0 is started using port 45771
2021-01-01 14:16:32,536 [org.apache.ratis.util.JvmPauseMonitor$$Lambda$222/1521334115@497a2167] INFO  util.JvmPauseMonitor (JvmPauseMonitor.java:run(103)) - JvmPauseMonitor-f4f30912-ea27-4eb3-bee5-ae3f82ef3ad0: Started
2021-01-01 14:16:32,536 [EndpointStateMachine task thread for /0.0.0.0:35419 - 0 ] INFO  server.XceiverServerGrpc (XceiverServerGrpc.java:start(145)) - XceiverServerGrpc f4f30912-ea27-4eb3-bee5-ae3f82ef3ad0 is started using port 35287
2021-01-01 14:16:32,695 [EndpointStateMachine task thread for /0.0.0.0:35419 - 0 ] INFO  ozoneimpl.OzoneContainer (OzoneContainer.java:start(243)) - Attempting to start container services.
2021-01-01 14:16:32,695 [EndpointStateMachine task thread for /0.0.0.0:35419 - 0 ] INFO  ozoneimpl.OzoneContainer (OzoneContainer.java:startContainerScrub(207)) - Background container scanner has been disabled.
2021-01-01 14:16:32,695 [EndpointStateMachine task thread for /0.0.0.0:35419 - 0 ] INFO  ratis.XceiverServerRatis (XceiverServerRatis.java:start(455)) - Starting XceiverServerRatis ee53c20d-fee6-4df8-8e2d-61e62324c9a5 at port 0
2021-01-01 14:16:32,696 [EndpointStateMachine task thread for /0.0.0.0:35419 - 0 ] INFO  server.RaftServer (RaftServerProxy.java:lambda$start$5(370)) - ee53c20d-fee6-4df8-8e2d-61e62324c9a5: start RPC server
2021-01-01 14:16:32,697 [EndpointStateMachine task thread for /0.0.0.0:35419 - 0 ] INFO  server.GrpcService (GrpcService.java:startImpl(177)) - ee53c20d-fee6-4df8-8e2d-61e62324c9a5: GrpcService started, listening on 0.0.0.0/0.0.0.0:46799
2021-01-01 14:16:32,697 [EndpointStateMachine task thread for /0.0.0.0:35419 - 0 ] INFO  ratis.XceiverServerRatis (XceiverServerRatis.java:start(467)) - XceiverServerRatis ee53c20d-fee6-4df8-8e2d-61e62324c9a5 is started using port 46799
2021-01-01 14:16:32,698 [EndpointStateMachine task thread for /0.0.0.0:35419 - 0 ] INFO  server.XceiverServerGrpc (XceiverServerGrpc.java:start(145)) - XceiverServerGrpc ee53c20d-fee6-4df8-8e2d-61e62324c9a5 is started using port 42529
2021-01-01 14:16:32,698 [org.apache.ratis.util.JvmPauseMonitor$$Lambda$222/1521334115@5f7e32c2] INFO  util.JvmPauseMonitor (JvmPauseMonitor.java:run(103)) - JvmPauseMonitor-ee53c20d-fee6-4df8-8e2d-61e62324c9a5: Started
2021-01-01 14:16:32,876 [EndpointStateMachine task thread for /0.0.0.0:35419 - 0 ] INFO  ozoneimpl.OzoneContainer (OzoneContainer.java:start(243)) - Attempting to start container services.
2021-01-01 14:16:32,876 [EndpointStateMachine task thread for /0.0.0.0:35419 - 0 ] INFO  ozoneimpl.OzoneContainer (OzoneContainer.java:startContainerScrub(207)) - Background container scanner has been disabled.
2021-01-01 14:16:32,876 [EndpointStateMachine task thread for /0.0.0.0:35419 - 0 ] INFO  ratis.XceiverServerRatis (XceiverServerRatis.java:start(455)) - Starting XceiverServerRatis 6599d769-7ef0-430f-a42f-80d7661ca159 at port 0
2021-01-01 14:16:32,877 [EndpointStateMachine task thread for /0.0.0.0:35419 - 0 ] INFO  server.RaftServer (RaftServerProxy.java:lambda$start$5(370)) - 6599d769-7ef0-430f-a42f-80d7661ca159: start RPC server
2021-01-01 14:16:32,878 [EndpointStateMachine task thread for /0.0.0.0:35419 - 0 ] INFO  server.GrpcService (GrpcService.java:startImpl(177)) - 6599d769-7ef0-430f-a42f-80d7661ca159: GrpcService started, listening on 0.0.0.0/0.0.0.0:37921
2021-01-01 14:16:32,878 [EndpointStateMachine task thread for /0.0.0.0:35419 - 0 ] INFO  ratis.XceiverServerRatis (XceiverServerRatis.java:start(467)) - XceiverServerRatis 6599d769-7ef0-430f-a42f-80d7661ca159 is started using port 37921
2021-01-01 14:16:32,878 [org.apache.ratis.util.JvmPauseMonitor$$Lambda$222/1521334115@15e68f6a] INFO  util.JvmPauseMonitor (JvmPauseMonitor.java:run(103)) - JvmPauseMonitor-6599d769-7ef0-430f-a42f-80d7661ca159: Started
2021-01-01 14:16:32,878 [EndpointStateMachine task thread for /0.0.0.0:35419 - 0 ] INFO  server.XceiverServerGrpc (XceiverServerGrpc.java:start(145)) - XceiverServerGrpc 6599d769-7ef0-430f-a42f-80d7661ca159 is started using port 39319
2021-01-01 14:16:33,046 [Listener at 127.0.0.1/44197] INFO  ozone.MiniOzoneClusterImpl (MiniOzoneClusterImpl.java:lambda$waitForClusterToBeReady$0(178)) - Waiting for nodes to be ready. Got 0 of 6 DN Heartbeats.
2021-01-01 14:16:33,046 [Listener at 127.0.0.1/44197] INFO  ozone.MiniOzoneClusterImpl (MiniOzoneClusterImpl.java:lambda$waitForClusterToBeReady$0(181)) - Waiting for cluster to exit safe mode
2021-01-01 14:16:33,050 [EndpointStateMachine task thread for /0.0.0.0:35419 - 0 ] INFO  ozoneimpl.OzoneContainer (OzoneContainer.java:start(243)) - Attempting to start container services.
2021-01-01 14:16:33,050 [EndpointStateMachine task thread for /0.0.0.0:35419 - 0 ] INFO  ozoneimpl.OzoneContainer (OzoneContainer.java:startContainerScrub(207)) - Background container scanner has been disabled.
2021-01-01 14:16:33,050 [EndpointStateMachine task thread for /0.0.0.0:35419 - 0 ] INFO  ratis.XceiverServerRatis (XceiverServerRatis.java:start(455)) - Starting XceiverServerRatis b05a1b8e-b732-4ead-90c9-c61088a01b0a at port 0
2021-01-01 14:16:33,051 [EndpointStateMachine task thread for /0.0.0.0:35419 - 0 ] INFO  server.RaftServer (RaftServerProxy.java:lambda$start$5(370)) - b05a1b8e-b732-4ead-90c9-c61088a01b0a: start RPC server
2021-01-01 14:16:33,054 [EndpointStateMachine task thread for /0.0.0.0:35419 - 0 ] INFO  server.GrpcService (GrpcService.java:startImpl(177)) - b05a1b8e-b732-4ead-90c9-c61088a01b0a: GrpcService started, listening on 0.0.0.0/0.0.0.0:43445
2021-01-01 14:16:33,054 [EndpointStateMachine task thread for /0.0.0.0:35419 - 0 ] INFO  ratis.XceiverServerRatis (XceiverServerRatis.java:start(467)) - XceiverServerRatis b05a1b8e-b732-4ead-90c9-c61088a01b0a is started using port 43445
2021-01-01 14:16:33,054 [org.apache.ratis.util.JvmPauseMonitor$$Lambda$222/1521334115@6d85d7a2] INFO  util.JvmPauseMonitor (JvmPauseMonitor.java:run(103)) - JvmPauseMonitor-b05a1b8e-b732-4ead-90c9-c61088a01b0a: Started
2021-01-01 14:16:33,054 [EndpointStateMachine task thread for /0.0.0.0:35419 - 0 ] INFO  server.XceiverServerGrpc (XceiverServerGrpc.java:start(145)) - XceiverServerGrpc b05a1b8e-b732-4ead-90c9-c61088a01b0a is started using port 41911
2021-01-01 14:16:34,046 [Listener at 127.0.0.1/44197] INFO  ozone.MiniOzoneClusterImpl (MiniOzoneClusterImpl.java:lambda$waitForClusterToBeReady$0(178)) - Waiting for nodes to be ready. Got 0 of 6 DN Heartbeats.
2021-01-01 14:16:34,047 [Listener at 127.0.0.1/44197] INFO  ozone.MiniOzoneClusterImpl (MiniOzoneClusterImpl.java:lambda$waitForClusterToBeReady$0(181)) - Waiting for cluster to exit safe mode
2021-01-01 14:16:34,173 [IPC Server handler 1 on default port 35419] INFO  net.NetworkTopologyImpl (NetworkTopologyImpl.java:add(111)) - Added a new node: /default-rack/7cefa8e9-48e2-4714-becf-e2fa99455696
2021-01-01 14:16:34,174 [IPC Server handler 1 on default port 35419] INFO  node.SCMNodeManager (SCMNodeManager.java:register(341)) - Registered Data node : 7cefa8e9-48e2-4714-becf-e2fa99455696{ip: 172.17.0.2, host: 722537d36201, networkLocation: /default-rack, certSerialId: null, persistedOpState: IN_SERVICE, persistedOpStateExpiryEpochSec: 0}
2021-01-01 14:16:34,175 [RatisPipelineUtilsThread] INFO  pipeline.RatisPipelineProvider (RatisPipelineProvider.java:lambda$create$0(161)) - Sending CreatePipelineCommand for pipeline:PipelineID=4551d66b-c24a-45f8-bda5-132f36a5d2c2 to datanode:7cefa8e9-48e2-4714-becf-e2fa99455696
2021-01-01 14:16:34,175 [EventQueue-NodeRegistrationContainerReportForDataNodeSafeModeRule] INFO  safemode.SCMSafeModeManager (DataNodeSafeModeRule.java:process(71)) - SCM in safe mode. 1 DataNodes registered, 1 required.
2021-01-01 14:16:34,175 [EventQueue-NodeRegistrationContainerReportForContainerSafeModeRule] INFO  safemode.SCMSafeModeManager (SCMSafeModeManager.java:validateSafeModeExitRules(214)) - ContainerSafeModeRule rule is successfully validated
2021-01-01 14:16:34,176 [EventQueue-NodeRegistrationContainerReportForDataNodeSafeModeRule] INFO  safemode.SCMSafeModeManager (SCMSafeModeManager.java:validateSafeModeExitRules(214)) - DataNodeSafeModeRule rule is successfully validated
2021-01-01 14:16:34,176 [EventQueue-NodeRegistrationContainerReportForDataNodeSafeModeRule] INFO  safemode.SCMSafeModeManager (SCMSafeModeManager.java:completePreCheck(242)) - All SCM safe mode pre check rules have passed
2021-01-01 14:16:34,176 [EventQueue-PipelineReportForOneReplicaPipelineSafeModeRule] INFO  safemode.SCMSafeModeManager (SCMSafeModeManager.java:validateSafeModeExitRules(214)) - AtleastOneDatanodeReportedRule rule is successfully validated
2021-01-01 14:16:34,176 [RatisPipelineUtilsThread] INFO  pipeline.PipelineStateManager (PipelineStateManager.java:addPipeline(54)) - Created pipeline Pipeline[ Id: 4551d66b-c24a-45f8-bda5-132f36a5d2c2, Nodes: 7cefa8e9-48e2-4714-becf-e2fa99455696{ip: 172.17.0.2, host: 722537d36201, networkLocation: /default-rack, certSerialId: null, persistedOpState: IN_SERVICE, persistedOpStateExpiryEpochSec: 0}, Type:RATIS, Factor:ONE, State:ALLOCATED, leaderId:, CreationTimestamp2021-01-01T14:16:34.175Z]
2021-01-01 14:16:34,357 [IPC Server handler 2 on default port 35419] INFO  net.NetworkTopologyImpl (NetworkTopologyImpl.java:add(111)) - Added a new node: /default-rack/9a3e098b-d23a-435e-81b9-d52adff52c28
2021-01-01 14:16:34,357 [IPC Server handler 2 on default port 35419] INFO  node.SCMNodeManager (SCMNodeManager.java:register(341)) - Registered Data node : 9a3e098b-d23a-435e-81b9-d52adff52c28{ip: 172.17.0.2, host: 722537d36201, networkLocation: /default-rack, certSerialId: null, persistedOpState: IN_SERVICE, persistedOpStateExpiryEpochSec: 0}
2021-01-01 14:16:34,357 [EventQueue-NodeRegistrationContainerReportForContainerSafeModeRule] INFO  safemode.SCMSafeModeManager (SCMSafeModeManager.java:validateSafeModeExitRules(214)) - ContainerSafeModeRule rule is successfully validated
2021-01-01 14:16:34,358 [EventQueue-NodeRegistrationContainerReportForDataNodeSafeModeRule] INFO  safemode.SCMSafeModeManager (SCMSafeModeManager.java:validateSafeModeExitRules(214)) - DataNodeSafeModeRule rule is successfully validated
2021-01-01 14:16:34,358 [EventQueue-PipelineReportForOneReplicaPipelineSafeModeRule] INFO  safemode.SCMSafeModeManager (SCMSafeModeManager.java:validateSafeModeExitRules(214)) - AtleastOneDatanodeReportedRule rule is successfully validated
2021-01-01 14:16:34,358 [RatisPipelineUtilsThread] INFO  pipeline.RatisPipelineProvider (RatisPipelineProvider.java:lambda$create$0(161)) - Sending CreatePipelineCommand for pipeline:PipelineID=0d6e2dbd-a087-40ca-9707-b00951b4effb to datanode:9a3e098b-d23a-435e-81b9-d52adff52c28
2021-01-01 14:16:34,358 [RatisPipelineUtilsThread] INFO  pipeline.PipelineStateManager (PipelineStateManager.java:addPipeline(54)) - Created pipeline Pipeline[ Id: 0d6e2dbd-a087-40ca-9707-b00951b4effb, Nodes: 9a3e098b-d23a-435e-81b9-d52adff52c28{ip: 172.17.0.2, host: 722537d36201, networkLocation: /default-rack, certSerialId: null, persistedOpState: IN_SERVICE, persistedOpStateExpiryEpochSec: 0}, Type:RATIS, Factor:ONE, State:ALLOCATED, leaderId:, CreationTimestamp2021-01-01T14:16:34.358Z]
2021-01-01 14:16:34,358 [RatisPipelineUtilsThread] WARN  pipeline.PipelinePlacementPolicy (PipelinePlacementPolicy.java:filterViableNodes(139)) - Pipeline creation failed due to no sufficient healthy datanodes. Required 3. Found 2.
2021-01-01 14:16:34,526 [IPC Server handler 3 on default port 35419] INFO  net.NetworkTopologyImpl (NetworkTopologyImpl.java:add(111)) - Added a new node: /default-rack/f4f30912-ea27-4eb3-bee5-ae3f82ef3ad0
2021-01-01 14:16:34,526 [IPC Server handler 3 on default port 35419] INFO  node.SCMNodeManager (SCMNodeManager.java:register(341)) - Registered Data node : f4f30912-ea27-4eb3-bee5-ae3f82ef3ad0{ip: 172.17.0.2, host: 722537d36201, networkLocation: /default-rack, certSerialId: null, persistedOpState: IN_SERVICE, persistedOpStateExpiryEpochSec: 0}
2021-01-01 14:16:34,527 [RatisPipelineUtilsThread] INFO  pipeline.RatisPipelineProvider (RatisPipelineProvider.java:lambda$create$0(161)) - Sending CreatePipelineCommand for pipeline:PipelineID=4fd7d95b-80b3-4c80-9895-3971c98ef519 to datanode:f4f30912-ea27-4eb3-bee5-ae3f82ef3ad0
2021-01-01 14:16:34,527 [RatisPipelineUtilsThread] INFO  pipeline.PipelineStateManager (PipelineStateManager.java:addPipeline(54)) - Created pipeline Pipeline[ Id: 4fd7d95b-80b3-4c80-9895-3971c98ef519, Nodes: f4f30912-ea27-4eb3-bee5-ae3f82ef3ad0{ip: 172.17.0.2, host: 722537d36201, networkLocation: /default-rack, certSerialId: null, persistedOpState: IN_SERVICE, persistedOpStateExpiryEpochSec: 0}, Type:RATIS, Factor:ONE, State:ALLOCATED, leaderId:, CreationTimestamp2021-01-01T14:16:34.527Z]
2021-01-01 14:16:34,527 [RatisPipelineUtilsThread] INFO  pipeline.RatisPipelineProvider (RatisPipelineProvider.java:lambda$create$0(161)) - Sending CreatePipelineCommand for pipeline:PipelineID=e2c3b8d5-ffff-4969-b3cc-c6f7feeee428 to datanode:f4f30912-ea27-4eb3-bee5-ae3f82ef3ad0
2021-01-01 14:16:34,527 [RatisPipelineUtilsThread] INFO  pipeline.RatisPipelineProvider (RatisPipelineProvider.java:lambda$create$0(161)) - Sending CreatePipelineCommand for pipeline:PipelineID=e2c3b8d5-ffff-4969-b3cc-c6f7feeee428 to datanode:7cefa8e9-48e2-4714-becf-e2fa99455696
2021-01-01 14:16:34,527 [RatisPipelineUtilsThread] INFO  pipeline.RatisPipelineProvider (RatisPipelineProvider.java:lambda$create$0(161)) - Sending CreatePipelineCommand for pipeline:PipelineID=e2c3b8d5-ffff-4969-b3cc-c6f7feeee428 to datanode:9a3e098b-d23a-435e-81b9-d52adff52c28
2021-01-01 14:16:34,527 [RatisPipelineUtilsThread] INFO  pipeline.PipelineStateManager (PipelineStateManager.java:addPipeline(54)) - Created pipeline Pipeline[ Id: e2c3b8d5-ffff-4969-b3cc-c6f7feeee428, Nodes: f4f30912-ea27-4eb3-bee5-ae3f82ef3ad0{ip: 172.17.0.2, host: 722537d36201, networkLocation: /default-rack, certSerialId: null, persistedOpState: IN_SERVICE, persistedOpStateExpiryEpochSec: 0}7cefa8e9-48e2-4714-becf-e2fa99455696{ip: 172.17.0.2, host: 722537d36201, networkLocation: /default-rack, certSerialId: null, persistedOpState: IN_SERVICE, persistedOpStateExpiryEpochSec: 0}9a3e098b-d23a-435e-81b9-d52adff52c28{ip: 172.17.0.2, host: 722537d36201, networkLocation: /default-rack, certSerialId: null, persistedOpState: IN_SERVICE, persistedOpStateExpiryEpochSec: 0}, Type:RATIS, Factor:THREE, State:ALLOCATED, leaderId:, CreationTimestamp2021-01-01T14:16:34.527Z]
2021-01-01 14:16:34,527 [EventQueue-NodeRegistrationContainerReportForDataNodeSafeModeRule] INFO  safemode.SCMSafeModeManager (SCMSafeModeManager.java:validateSafeModeExitRules(214)) - DataNodeSafeModeRule rule is successfully validated
2021-01-01 14:16:34,528 [EventQueue-NodeRegistrationContainerReportForContainerSafeModeRule] INFO  safemode.SCMSafeModeManager (SCMSafeModeManager.java:validateSafeModeExitRules(214)) - ContainerSafeModeRule rule is successfully validated
2021-01-01 14:16:34,528 [EventQueue-PipelineReportForOneReplicaPipelineSafeModeRule] INFO  safemode.SCMSafeModeManager (SCMSafeModeManager.java:validateSafeModeExitRules(214)) - AtleastOneDatanodeReportedRule rule is successfully validated
2021-01-01 14:16:34,694 [IPC Server handler 4 on default port 35419] INFO  net.NetworkTopologyImpl (NetworkTopologyImpl.java:add(111)) - Added a new node: /default-rack/ee53c20d-fee6-4df8-8e2d-61e62324c9a5
2021-01-01 14:16:34,694 [IPC Server handler 4 on default port 35419] INFO  node.SCMNodeManager (SCMNodeManager.java:register(341)) - Registered Data node : ee53c20d-fee6-4df8-8e2d-61e62324c9a5{ip: 172.17.0.2, host: 722537d36201, networkLocation: /default-rack, certSerialId: null, persistedOpState: IN_SERVICE, persistedOpStateExpiryEpochSec: 0}
2021-01-01 14:16:34,694 [RatisPipelineUtilsThread] INFO  pipeline.RatisPipelineProvider (RatisPipelineProvider.java:lambda$create$0(161)) - Sending CreatePipelineCommand for pipeline:PipelineID=a3f31094-69d4-4967-8aa8-69c508b4c6bd to datanode:ee53c20d-fee6-4df8-8e2d-61e62324c9a5
2021-01-01 14:16:34,695 [RatisPipelineUtilsThread] INFO  pipeline.PipelineStateManager (PipelineStateManager.java:addPipeline(54)) - Created pipeline Pipeline[ Id: a3f31094-69d4-4967-8aa8-69c508b4c6bd, Nodes: ee53c20d-fee6-4df8-8e2d-61e62324c9a5{ip: 172.17.0.2, host: 722537d36201, networkLocation: /default-rack, certSerialId: null, persistedOpState: IN_SERVICE, persistedOpStateExpiryEpochSec: 0}, Type:RATIS, Factor:ONE, State:ALLOCATED, leaderId:, CreationTimestamp2021-01-01T14:16:34.694Z]
2021-01-01 14:16:34,694 [EventQueue-NodeRegistrationContainerReportForContainerSafeModeRule] INFO  safemode.SCMSafeModeManager (SCMSafeModeManager.java:validateSafeModeExitRules(214)) - ContainerSafeModeRule rule is successfully validated
2021-01-01 14:16:34,695 [EventQueue-NodeRegistrationContainerReportForDataNodeSafeModeRule] INFO  safemode.SCMSafeModeManager (SCMSafeModeManager.java:validateSafeModeExitRules(214)) - DataNodeSafeModeRule rule is successfully validated
2021-01-01 14:16:34,695 [EventQueue-PipelineReportForOneReplicaPipelineSafeModeRule] INFO  safemode.SCMSafeModeManager (SCMSafeModeManager.java:validateSafeModeExitRules(214)) - AtleastOneDatanodeReportedRule rule is successfully validated
2021-01-01 14:16:34,875 [IPC Server handler 5 on default port 35419] INFO  net.NetworkTopologyImpl (NetworkTopologyImpl.java:add(111)) - Added a new node: /default-rack/6599d769-7ef0-430f-a42f-80d7661ca159
2021-01-01 14:16:34,875 [IPC Server handler 5 on default port 35419] INFO  node.SCMNodeManager (SCMNodeManager.java:register(341)) - Registered Data node : 6599d769-7ef0-430f-a42f-80d7661ca159{ip: 172.17.0.2, host: 722537d36201, networkLocation: /default-rack, certSerialId: null, persistedOpState: IN_SERVICE, persistedOpStateExpiryEpochSec: 0}
2021-01-01 14:16:34,875 [RatisPipelineUtilsThread] INFO  pipeline.RatisPipelineProvider (RatisPipelineProvider.java:lambda$create$0(161)) - Sending CreatePipelineCommand for pipeline:PipelineID=cd15e804-9c33-45b3-a55d-8970901c8a83 to datanode:6599d769-7ef0-430f-a42f-80d7661ca159
2021-01-01 14:16:34,875 [EventQueue-NodeRegistrationContainerReportForDataNodeSafeModeRule] INFO  safemode.SCMSafeModeManager (SCMSafeModeManager.java:validateSafeModeExitRules(214)) - DataNodeSafeModeRule rule is successfully validated
2021-01-01 14:16:34,876 [RatisPipelineUtilsThread] INFO  pipeline.PipelineStateManager (PipelineStateManager.java:addPipeline(54)) - Created pipeline Pipeline[ Id: cd15e804-9c33-45b3-a55d-8970901c8a83, Nodes: 6599d769-7ef0-430f-a42f-80d7661ca159{ip: 172.17.0.2, host: 722537d36201, networkLocation: /default-rack, certSerialId: null, persistedOpState: IN_SERVICE, persistedOpStateExpiryEpochSec: 0}, Type:RATIS, Factor:ONE, State:ALLOCATED, leaderId:, CreationTimestamp2021-01-01T14:16:34.875Z]
2021-01-01 14:16:34,876 [EventQueue-PipelineReportForOneReplicaPipelineSafeModeRule] INFO  safemode.SCMSafeModeManager (SCMSafeModeManager.java:validateSafeModeExitRules(214)) - AtleastOneDatanodeReportedRule rule is successfully validated
2021-01-01 14:16:34,876 [EventQueue-NodeRegistrationContainerReportForContainerSafeModeRule] INFO  safemode.SCMSafeModeManager (SCMSafeModeManager.java:validateSafeModeExitRules(214)) - ContainerSafeModeRule rule is successfully validated
2021-01-01 14:16:35,047 [Listener at 127.0.0.1/44197] INFO  ozone.MiniOzoneClusterImpl (MiniOzoneClusterImpl.java:lambda$waitForClusterToBeReady$0(178)) - Waiting for nodes to be ready. Got 5 of 6 DN Heartbeats.
2021-01-01 14:16:35,047 [Listener at 127.0.0.1/44197] INFO  ozone.MiniOzoneClusterImpl (MiniOzoneClusterImpl.java:lambda$waitForClusterToBeReady$0(181)) - Waiting for cluster to exit safe mode
2021-01-01 14:16:35,048 [IPC Server handler 0 on default port 35419] INFO  net.NetworkTopologyImpl (NetworkTopologyImpl.java:add(111)) - Added a new node: /default-rack/b05a1b8e-b732-4ead-90c9-c61088a01b0a
2021-01-01 14:16:35,048 [IPC Server handler 0 on default port 35419] INFO  node.SCMNodeManager (SCMNodeManager.java:register(341)) - Registered Data node : b05a1b8e-b732-4ead-90c9-c61088a01b0a{ip: 172.17.0.2, host: 722537d36201, networkLocation: /default-rack, certSerialId: null, persistedOpState: IN_SERVICE, persistedOpStateExpiryEpochSec: 0}
2021-01-01 14:16:35,049 [RatisPipelineUtilsThread] INFO  pipeline.RatisPipelineProvider (RatisPipelineProvider.java:lambda$create$0(161)) - Sending CreatePipelineCommand for pipeline:PipelineID=1f37d510-d4c9-4bda-8ddd-7f9111ee38f3 to datanode:b05a1b8e-b732-4ead-90c9-c61088a01b0a
2021-01-01 14:16:35,049 [EventQueue-NodeRegistrationContainerReportForDataNodeSafeModeRule] INFO  safemode.SCMSafeModeManager (SCMSafeModeManager.java:validateSafeModeExitRules(214)) - DataNodeSafeModeRule rule is successfully validated
2021-01-01 14:16:35,049 [EventQueue-PipelineReportForOneReplicaPipelineSafeModeRule] INFO  safemode.SCMSafeModeManager (SCMSafeModeManager.java:validateSafeModeExitRules(214)) - AtleastOneDatanodeReportedRule rule is successfully validated
2021-01-01 14:16:35,049 [EventQueue-NodeRegistrationContainerReportForContainerSafeModeRule] INFO  safemode.SCMSafeModeManager (SCMSafeModeManager.java:validateSafeModeExitRules(214)) - ContainerSafeModeRule rule is successfully validated
2021-01-01 14:16:35,049 [RatisPipelineUtilsThread] INFO  pipeline.PipelineStateManager (PipelineStateManager.java:addPipeline(54)) - Created pipeline Pipeline[ Id: 1f37d510-d4c9-4bda-8ddd-7f9111ee38f3, Nodes: b05a1b8e-b732-4ead-90c9-c61088a01b0a{ip: 172.17.0.2, host: 722537d36201, networkLocation: /default-rack, certSerialId: null, persistedOpState: IN_SERVICE, persistedOpStateExpiryEpochSec: 0}, Type:RATIS, Factor:ONE, State:ALLOCATED, leaderId:, CreationTimestamp2021-01-01T14:16:35.049Z]
2021-01-01 14:16:35,049 [RatisPipelineUtilsThread] INFO  pipeline.RatisPipelineProvider (RatisPipelineProvider.java:lambda$create$0(161)) - Sending CreatePipelineCommand for pipeline:PipelineID=dbaa5e50-a9c4-4d51-9e1d-f1dacba0d7f0 to datanode:6599d769-7ef0-430f-a42f-80d7661ca159
2021-01-01 14:16:35,049 [RatisPipelineUtilsThread] INFO  pipeline.RatisPipelineProvider (RatisPipelineProvider.java:lambda$create$0(161)) - Sending CreatePipelineCommand for pipeline:PipelineID=dbaa5e50-a9c4-4d51-9e1d-f1dacba0d7f0 to datanode:b05a1b8e-b732-4ead-90c9-c61088a01b0a
2021-01-01 14:16:35,049 [RatisPipelineUtilsThread] INFO  pipeline.RatisPipelineProvider (RatisPipelineProvider.java:lambda$create$0(161)) - Sending CreatePipelineCommand for pipeline:PipelineID=dbaa5e50-a9c4-4d51-9e1d-f1dacba0d7f0 to datanode:ee53c20d-fee6-4df8-8e2d-61e62324c9a5
2021-01-01 14:16:35,050 [RatisPipelineUtilsThread] INFO  pipeline.PipelineStateManager (PipelineStateManager.java:addPipeline(54)) - Created pipeline Pipeline[ Id: dbaa5e50-a9c4-4d51-9e1d-f1dacba0d7f0, Nodes: 6599d769-7ef0-430f-a42f-80d7661ca159{ip: 172.17.0.2, host: 722537d36201, networkLocation: /default-rack, certSerialId: null, persistedOpState: IN_SERVICE, persistedOpStateExpiryEpochSec: 0}b05a1b8e-b732-4ead-90c9-c61088a01b0a{ip: 172.17.0.2, host: 722537d36201, networkLocation: /default-rack, certSerialId: null, persistedOpState: IN_SERVICE, persistedOpStateExpiryEpochSec: 0}ee53c20d-fee6-4df8-8e2d-61e62324c9a5{ip: 172.17.0.2, host: 722537d36201, networkLocation: /default-rack, certSerialId: null, persistedOpState: IN_SERVICE, persistedOpStateExpiryEpochSec: 0}, Type:RATIS, Factor:THREE, State:ALLOCATED, leaderId:, CreationTimestamp2021-01-01T14:16:35.049Z]
2021-01-01 14:16:36,047 [Listener at 127.0.0.1/44197] INFO  ozone.MiniOzoneClusterImpl (MiniOzoneClusterImpl.java:lambda$waitForClusterToBeReady$0(178)) - Nodes are ready. Got 6 of 6 DN Heartbeats.
2021-01-01 14:16:36,048 [Listener at 127.0.0.1/44197] INFO  ozone.MiniOzoneClusterImpl (MiniOzoneClusterImpl.java:lambda$waitForClusterToBeReady$0(181)) - Waiting for cluster to exit safe mode
2021-01-01 14:16:36,173 [EventQueue-PipelineReportForOneReplicaPipelineSafeModeRule] INFO  safemode.SCMSafeModeManager (SCMSafeModeManager.java:validateSafeModeExitRules(214)) - AtleastOneDatanodeReportedRule rule is successfully validated
2021-01-01 14:16:36,357 [EventQueue-PipelineReportForOneReplicaPipelineSafeModeRule] INFO  safemode.SCMSafeModeManager (SCMSafeModeManager.java:validateSafeModeExitRules(214)) - AtleastOneDatanodeReportedRule rule is successfully validated
2021-01-01 14:16:36,526 [EventQueue-PipelineReportForOneReplicaPipelineSafeModeRule] INFO  safemode.SCMSafeModeManager (SCMSafeModeManager.java:validateSafeModeExitRules(214)) - AtleastOneDatanodeReportedRule rule is successfully validated
2021-01-01 14:16:36,694 [EventQueue-PipelineReportForOneReplicaPipelineSafeModeRule] INFO  safemode.SCMSafeModeManager (SCMSafeModeManager.java:validateSafeModeExitRules(214)) - AtleastOneDatanodeReportedRule rule is successfully validated
2021-01-01 14:16:36,874 [EventQueue-PipelineReportForOneReplicaPipelineSafeModeRule] INFO  safemode.SCMSafeModeManager (SCMSafeModeManager.java:validateSafeModeExitRules(214)) - AtleastOneDatanodeReportedRule rule is successfully validated
2021-01-01 14:16:37,048 [Listener at 127.0.0.1/44197] INFO  ozone.MiniOzoneClusterImpl (MiniOzoneClusterImpl.java:lambda$waitForClusterToBeReady$0(178)) - Nodes are ready. Got 6 of 6 DN Heartbeats.
2021-01-01 14:16:37,048 [Listener at 127.0.0.1/44197] INFO  ozone.MiniOzoneClusterImpl (MiniOzoneClusterImpl.java:lambda$waitForClusterToBeReady$0(181)) - Waiting for cluster to exit safe mode
2021-01-01 14:16:37,048 [EventQueue-PipelineReportForOneReplicaPipelineSafeModeRule] INFO  safemode.SCMSafeModeManager (SCMSafeModeManager.java:validateSafeModeExitRules(214)) - AtleastOneDatanodeReportedRule rule is successfully validated
2021-01-01 14:16:37,172 [Command processor thread] INFO  server.RaftServer (RaftServerProxy.java:addNew(93)) - 7cefa8e9-48e2-4714-becf-e2fa99455696: addNew group-132F36A5D2C2:[7cefa8e9-48e2-4714-becf-e2fa99455696|rpc:172.17.0.2:37087] returns group-132F36A5D2C2:java.util.concurrent.CompletableFuture@2acc85b5[Not completed]
2021-01-01 14:16:37,172 [EventQueue-PipelineReportForOneReplicaPipelineSafeModeRule] INFO  safemode.SCMSafeModeManager (SCMSafeModeManager.java:validateSafeModeExitRules(214)) - AtleastOneDatanodeReportedRule rule is successfully validated
2021-01-01 14:16:37,173 [pool-1731-thread-1] INFO  server.RaftServer$Division (RaftServerImpl.java:<init>(173)) - 7cefa8e9-48e2-4714-becf-e2fa99455696: new RaftServerImpl for group-132F36A5D2C2:[7cefa8e9-48e2-4714-becf-e2fa99455696|rpc:172.17.0.2:37087] with ContainerStateMachine:uninitialized
2021-01-01 14:16:37,174 [pool-1731-thread-1] INFO  server.RaftServerConfigKeys (ConfUtils.java:logGet(44)) - raft.server.rpc.timeout.min = 5s (custom)
2021-01-01 14:16:37,174 [pool-1731-thread-1] INFO  server.RaftServerConfigKeys (ConfUtils.java:logGet(44)) - raft.server.rpc.timeout.max = 5200ms (custom)
2021-01-01 14:16:37,174 [pool-1731-thread-1] INFO  server.RaftServerConfigKeys (ConfUtils.java:logGet(44)) - raft.server.rpc.sleep.time = 25ms (default)
2021-01-01 14:16:37,174 [pool-1731-thread-1] INFO  server.RaftServerConfigKeys (ConfUtils.java:logGet(44)) - raft.server.rpc.slowness.timeout = 300s (custom)
2021-01-01 14:16:37,174 [pool-1731-thread-1] INFO  server.RaftServerConfigKeys (ConfUtils.java:logGet(44)) - raft.server.leaderelection.leader.step-down.wait-time = 10s (default)
2021-01-01 14:16:37,174 [pool-1731-thread-1] INFO  server.RaftServerConfigKeys (ConfUtils.java:logGet(44)) - raft.server.sleep.deviation.threshold = 300ms (default)
2021-01-01 14:16:37,174 [pool-1731-thread-1] INFO  server.RaftServerConfigKeys (ConfUtils.java:logGet(44)) - raft.server.log.appender.install.snapshot.enabled = false (custom)
2021-01-01 14:16:37,174 [pool-1731-thread-1] INFO  server.RaftServer$Division (ServerState.java:<init>(104)) - 7cefa8e9-48e2-4714-becf-e2fa99455696@group-132F36A5D2C2: ConfigurationManager, init=-1: [7cefa8e9-48e2-4714-becf-e2fa99455696|rpc:172.17.0.2:37087], old=null, confs=<EMPTY_MAP>
2021-01-01 14:16:37,174 [pool-1731-thread-1] INFO  server.RaftServerConfigKeys (ConfUtils.java:logGet(44)) - raft.server.storage.dir = [/github/workspace/mnt/ozone/hadoop-ozone/integration-test/target/test-dir/MiniOzoneClusterImpl-cb490d7e-6ed4-4e2b-831b-323004451de6/datanode-0/data/ratis] (custom)
2021-01-01 14:16:37,175 [pool-1731-thread-1] INFO  server.RaftServerConfigKeys (ConfUtils.java:logGet(44)) - raft.server.log.corruption.policy = EXCEPTION (default)
2021-01-01 14:16:37,175 [pool-1731-thread-1] INFO  storage.RaftStorageDirectory (RaftStorageDirectory.java:analyzeStorage(260)) - The storage directory /github/workspace/mnt/ozone/hadoop-ozone/integration-test/target/test-dir/MiniOzoneClusterImpl-cb490d7e-6ed4-4e2b-831b-323004451de6/datanode-0/data/ratis/4551d66b-c24a-45f8-bda5-132f36a5d2c2 does not exist. Creating ...
2021-01-01 14:16:37,176 [pool-1731-thread-1] INFO  storage.RaftStorageDirectory (RaftStorageDirectory.java:tryLock(342)) - Lock on /github/workspace/mnt/ozone/hadoop-ozone/integration-test/target/test-dir/MiniOzoneClusterImpl-cb490d7e-6ed4-4e2b-831b-323004451de6/datanode-0/data/ratis/4551d66b-c24a-45f8-bda5-132f36a5d2c2/in_use.lock acquired by nodename 22720@722537d36201
2021-01-01 14:16:37,176 [pool-1731-thread-1] INFO  storage.RaftStorage (RaftStorage.java:format(89)) - Storage directory /github/workspace/mnt/ozone/hadoop-ozone/integration-test/target/test-dir/MiniOzoneClusterImpl-cb490d7e-6ed4-4e2b-831b-323004451de6/datanode-0/data/ratis/4551d66b-c24a-45f8-bda5-132f36a5d2c2 has been successfully formatted.
2021-01-01 14:16:37,176 [pool-1731-thread-1] INFO  ratis.ContainerStateMachine (ContainerStateMachine.java:loadSnapshot(223)) - group-132F36A5D2C2: The snapshot info is null. Setting the last applied indexto:(t:0, i:~)
2021-01-01 14:16:37,177 [pool-1731-thread-1] ERROR storage.RaftStorage (RaftStorage.java:readRaftConfiguration(152)) - Failed reading configuration from file:/github/workspace/mnt/ozone/hadoop-ozone/integration-test/target/test-dir/MiniOzoneClusterImpl-cb490d7e-6ed4-4e2b-831b-323004451de6/datanode-0/data/ratis/4551d66b-c24a-45f8-bda5-132f36a5d2c2/current/raft-meta.conf
java.io.FileNotFoundException: /github/workspace/mnt/ozone/hadoop-ozone/integration-test/target/test-dir/MiniOzoneClusterImpl-cb490d7e-6ed4-4e2b-831b-323004451de6/datanode-0/data/ratis/4551d66b-c24a-45f8-bda5-132f36a5d2c2/current/raft-meta.conf (No such file or directory)
	at java.io.FileInputStream.open0(Native Method)
	at java.io.FileInputStream.open(FileInputStream.java:195)
	at java.io.FileInputStream.<init>(FileInputStream.java:138)
	at org.apache.ratis.server.storage.RaftStorage.readRaftConfiguration(RaftStorage.java:148)
	at org.apache.ratis.server.impl.ServerState.initStatemachine(ServerState.java:167)
	at org.apache.ratis.server.impl.ServerState.<init>(ServerState.java:112)
	at org.apache.ratis.server.impl.RaftServerImpl.<init>(RaftServerImpl.java:186)
	at org.apache.ratis.server.impl.RaftServerProxy.lambda$newRaftServerImpl$4(RaftServerProxy.java:264)
	at java.util.concurrent.CompletableFuture$AsyncSupply.run(CompletableFuture.java:1604)
	at java.util.concurrent.ThreadPoolExecutor.runWorker(ThreadPoolExecutor.java:1149)
	at java.util.concurrent.ThreadPoolExecutor$Worker.run(ThreadPoolExecutor.java:624)
	at java.lang.Thread.run(Thread.java:748)
2021-01-01 14:16:37,177 [pool-1731-thread-1] INFO  server.RaftServerConfigKeys (ConfUtils.java:logGet(44)) - raft.server.notification.no-leader.timeout = 300s (custom)
2021-01-01 14:16:37,177 [pool-1731-thread-1] INFO  server.RaftServerConfigKeys (ConfUtils.java:logGet(44)) - raft.server.log.use.memory = false (default)
2021-01-01 14:16:37,177 [pool-1731-thread-1] INFO  server.RaftServerConfigKeys (ConfUtils.java:logGet(44)) - raft.server.log.purge.gap = 1000000 (custom)
2021-01-01 14:16:37,177 [pool-1731-thread-1] INFO  metrics.RatisMetrics (RatisMetrics.java:lambda$create$0(36)) - Creating Metrics Registry : ratis.log_worker.7cefa8e9-48e2-4714-becf-e2fa99455696@group-132F36A5D2C2
2021-01-01 14:16:37,177 [EventQueue-PipelineReportForPipelineReportHandler] INFO  pipeline.PipelineStateManager (PipelineStateManager.java:openPipeline(132)) - Pipeline Pipeline[ Id: 4551d66b-c24a-45f8-bda5-132f36a5d2c2, Nodes: 7cefa8e9-48e2-4714-becf-e2fa99455696{ip: 172.17.0.2, host: 722537d36201, networkLocation: /default-rack, certSerialId: null, persistedOpState: IN_SERVICE, persistedOpStateExpiryEpochSec: 0}, Type:RATIS, Factor:ONE, State:ALLOCATED, leaderId:7cefa8e9-48e2-4714-becf-e2fa99455696, CreationTimestamp2021-01-01T14:16:34.175Z] moved to OPEN state
2021-01-01 14:16:37,177 [pool-1731-thread-1] INFO  server.RaftServerConfigKeys (ConfUtils.java:logGet(44)) - raft.server.log.appender.buffer.byte-limit = 33554432 (custom)
2021-01-01 14:16:37,177 [pool-1731-thread-1] INFO  server.RaftServerConfigKeys (ConfUtils.java:logGet(44)) - raft.server.log.segment.size.max = 1048576 (custom)
2021-01-01 14:16:37,177 [EventQueue-PipelineReportForOneReplicaPipelineSafeModeRule] INFO  safemode.SCMSafeModeManager (SCMSafeModeManager.java:validateSafeModeExitRules(214)) - AtleastOneDatanodeReportedRule rule is successfully validated
2021-01-01 14:16:37,178 [EventQueue-OpenPipelineForHealthyPipelineSafeModeRule] INFO  safemode.SCMSafeModeManager (HealthyPipelineSafeModeRule.java:process(128)) - SCM in safe mode. Healthy pipelines reported count is 0, required healthy pipeline reported count is 1
2021-01-01 14:16:37,179 [pool-1731-thread-1] INFO  server.RaftServerConfigKeys (ConfUtils.java:logGet(44)) - raft.server.log.segment.cache.num.max = 2 (custom)
2021-01-01 14:16:37,179 [pool-1731-thread-1] INFO  server.RaftServerConfigKeys (ConfUtils.java:logGet(44)) - raft.server.log.segment.cache.size.max = 200MB (=209715200) (default)
2021-01-01 14:16:37,179 [pool-1731-thread-1] INFO  segmented.SegmentedRaftLogWorker (SegmentedRaftLogWorker.java:<init>(181)) - new 7cefa8e9-48e2-4714-becf-e2fa99455696@group-132F36A5D2C2-SegmentedRaftLogWorker for RaftStorage:Storage Directory /github/workspace/mnt/ozone/hadoop-ozone/integration-test/target/test-dir/MiniOzoneClusterImpl-cb490d7e-6ed4-4e2b-831b-323004451de6/datanode-0/data/ratis/4551d66b-c24a-45f8-bda5-132f36a5d2c2
2021-01-01 14:16:37,179 [pool-1731-thread-1] INFO  server.RaftServerConfigKeys (ConfUtils.java:logGet(44)) - raft.server.log.queue.byte-limit = 2147483647 (custom)
2021-01-01 14:16:37,179 [pool-1731-thread-1] INFO  server.RaftServerConfigKeys (ConfUtils.java:logGet(44)) - raft.server.log.queue.element-limit = 1024 (custom)
2021-01-01 14:16:37,180 [pool-1731-thread-1] INFO  server.RaftServerConfigKeys (ConfUtils.java:logGet(44)) - raft.server.log.segment.size.max = 1048576 (custom)
2021-01-01 14:16:37,180 [pool-1731-thread-1] INFO  server.RaftServerConfigKeys (ConfUtils.java:logGet(44)) - raft.server.log.preallocated.size = 16384 (custom)
2021-01-01 14:16:37,180 [pool-1731-thread-1] INFO  server.RaftServerConfigKeys (ConfUtils.java:logGet(44)) - raft.server.log.force.sync.num = 128 (default)
2021-01-01 14:16:37,180 [pool-1731-thread-1] INFO  server.RaftServerConfigKeys (ConfUtils.java:logGet(44)) - raft.server.log.statemachine.data.sync = true (default)
2021-01-01 14:16:37,180 [pool-1731-thread-1] INFO  server.RaftServerConfigKeys (ConfUtils.java:logGet(44)) - raft.server.log.statemachine.data.sync.timeout = 10s (default)
2021-01-01 14:16:37,180 [pool-1731-thread-1] INFO  server.RaftServerConfigKeys (ConfUtils.java:logGet(44)) - raft.server.log.statemachine.data.sync.timeout.retry = -1 (default)
2021-01-01 14:16:37,182 [pool-1731-thread-1] INFO  server.RaftServerConfigKeys (ConfUtils.java:logGet(44)) - raft.server.log.write.buffer.size = 1048576 (custom)
2021-01-01 14:16:37,183 [pool-1731-thread-1] INFO  server.RaftServerConfigKeys (ConfUtils.java:logGet(44)) - raft.server.log.statemachine.data.caching.enabled = true (custom)
2021-01-01 14:16:37,183 [pool-1731-thread-1] INFO  segmented.SegmentedRaftLogWorker (SegmentedRaftLogWorker.java:lambda$new$0(132)) - 7cefa8e9-48e2-4714-becf-e2fa99455696@group-132F36A5D2C2-SegmentedRaftLogWorker: flushIndex: setUnconditionally 0 -> -1
2021-01-01 14:16:37,183 [pool-1731-thread-1] INFO  segmented.SegmentedRaftLogWorker (SegmentedRaftLogWorker.java:lambda$new$0(132)) - 7cefa8e9-48e2-4714-becf-e2fa99455696@group-132F36A5D2C2-SegmentedRaftLogWorker: safeCacheEvictIndex: setUnconditionally 0 -> -1
2021-01-01 14:16:37,183 [pool-1731-thread-1] INFO  server.RaftServerConfigKeys (ConfUtils.java:logGet(44)) - raft.server.snapshot.auto.trigger.enabled = true (custom)
2021-01-01 14:16:37,183 [pool-1731-thread-1] INFO  server.RaftServerConfigKeys (ConfUtils.java:logGet(44)) - raft.server.snapshot.auto.trigger.threshold = 10000 (custom)
2021-01-01 14:16:37,183 [pool-1731-thread-1] INFO  server.RaftServerConfigKeys (ConfUtils.java:logGet(44)) - raft.server.snapshot.retention.file.num = 5 (custom)
2021-01-01 14:16:37,183 [pool-1731-thread-1] INFO  server.RaftServerConfigKeys (ConfUtils.java:logGet(44)) - raft.server.log.purge.upto.snapshot.index = false (default)
2021-01-01 14:16:37,183 [pool-1731-thread-1] INFO  server.RaftServerConfigKeys (ConfUtils.java:logGet(44)) - raft.server.retrycache.expirytime = 600000ms (custom)
2021-01-01 14:16:37,183 [pool-1731-thread-1] INFO  server.RaftServerConfigKeys (ConfUtils.java:logGet(44)) - raft.server.retrycache.statistics.expirytime = 100?s (default)
2021-01-01 14:16:37,184 [pool-1731-thread-1] INFO  metrics.RatisMetrics (RatisMetrics.java:lambda$create$0(36)) - Creating Metrics Registry : ratis.leader_election.7cefa8e9-48e2-4714-becf-e2fa99455696@group-132F36A5D2C2
2021-01-01 14:16:37,185 [pool-1731-thread-1] INFO  metrics.RatisMetrics (RatisMetrics.java:lambda$create$0(36)) - Creating Metrics Registry : ratis.server.7cefa8e9-48e2-4714-becf-e2fa99455696@group-132F36A5D2C2
2021-01-01 14:16:37,187 [pool-1731-thread-1] INFO  server.RaftServer$Division (RaftServerImpl.java:start(286)) - 7cefa8e9-48e2-4714-becf-e2fa99455696@group-132F36A5D2C2: start as a follower, conf=-1: [7cefa8e9-48e2-4714-becf-e2fa99455696|rpc:172.17.0.2:37087], old=null
2021-01-01 14:16:37,187 [pool-1731-thread-1] INFO  server.RaftServer$Division (RaftServerImpl.java:setRole(275)) - 7cefa8e9-48e2-4714-becf-e2fa99455696@group-132F36A5D2C2: changes role from      null to FOLLOWER at term 0 for startAsFollower
2021-01-01 14:16:37,187 [pool-1731-thread-1] INFO  impl.RoleInfo (RoleInfo.java:updateAndGet(130)) - 7cefa8e9-48e2-4714-becf-e2fa99455696: start 7cefa8e9-48e2-4714-becf-e2fa99455696@group-132F36A5D2C2-FollowerState
2021-01-01 14:16:37,187 [pool-1731-thread-1] INFO  util.JmxRegister (JmxRegister.java:tryRegister(44)) - Successfully registered JMX Bean with object name Ratis:service=RaftServer,group=group-132F36A5D2C2,id=7cefa8e9-48e2-4714-becf-e2fa99455696
2021-01-01 14:16:37,187 [pool-1731-thread-1] INFO  metrics.RatisMetrics (RatisMetrics.java:lambda$create$0(36)) - Creating Metrics Registry : ratis.state_machine.7cefa8e9-48e2-4714-becf-e2fa99455696@group-132F36A5D2C2
2021-01-01 14:16:37,188 [Command processor thread] INFO  commandhandler.CreatePipelineCommandHandler (CreatePipelineCommandHandler.java:handle(106)) - Created Pipeline RATIS ONE PipelineID=4551d66b-c24a-45f8-bda5-132f36a5d2c2.
2021-01-01 14:16:37,188 [Command processor thread] INFO  server.RaftServer (RaftServerProxy.java:addNew(93)) - 7cefa8e9-48e2-4714-becf-e2fa99455696: addNew group-C6F7FEEEE428:[f4f30912-ea27-4eb3-bee5-ae3f82ef3ad0|rpc:172.17.0.2:45771, 9a3e098b-d23a-435e-81b9-d52adff52c28|rpc:172.17.0.2:32929, 7cefa8e9-48e2-4714-becf-e2fa99455696|rpc:172.17.0.2:37087] returns group-C6F7FEEEE428:java.util.concurrent.CompletableFuture@2ef30434[Not completed]
2021-01-01 14:16:37,189 [pool-1731-thread-1] INFO  server.RaftServer$Division (RaftServerImpl.java:<init>(173)) - 7cefa8e9-48e2-4714-becf-e2fa99455696: new RaftServerImpl for group-C6F7FEEEE428:[f4f30912-ea27-4eb3-bee5-ae3f82ef3ad0|rpc:172.17.0.2:45771, 9a3e098b-d23a-435e-81b9-d52adff52c28|rpc:172.17.0.2:32929, 7cefa8e9-48e2-4714-becf-e2fa99455696|rpc:172.17.0.2:37087] with ContainerStateMachine:uninitialized
2021-01-01 14:16:37,189 [pool-1731-thread-1] INFO  server.RaftServerConfigKeys (ConfUtils.java:logGet(44)) - raft.server.rpc.timeout.min = 5s (custom)
2021-01-01 14:16:37,189 [pool-1731-thread-1] INFO  server.RaftServerConfigKeys (ConfUtils.java:logGet(44)) - raft.server.rpc.timeout.max = 5200ms (custom)
2021-01-01 14:16:37,189 [pool-1731-thread-1] INFO  server.RaftServerConfigKeys (ConfUtils.java:logGet(44)) - raft.server.rpc.sleep.time = 25ms (default)
2021-01-01 14:16:37,189 [pool-1731-thread-1] INFO  server.RaftServerConfigKeys (ConfUtils.java:logGet(44)) - raft.server.rpc.slowness.timeout = 300s (custom)
2021-01-01 14:16:37,189 [pool-1731-thread-1] INFO  server.RaftServerConfigKeys (ConfUtils.java:logGet(44)) - raft.server.leaderelection.leader.step-down.wait-time = 10s (default)
2021-01-01 14:16:37,189 [pool-1731-thread-1] INFO  server.RaftServerConfigKeys (ConfUtils.java:logGet(44)) - raft.server.sleep.deviation.threshold = 300ms (default)
2021-01-01 14:16:37,189 [pool-1731-thread-1] INFO  server.RaftServerConfigKeys (ConfUtils.java:logGet(44)) - raft.server.log.appender.install.snapshot.enabled = false (custom)
2021-01-01 14:16:37,189 [pool-1731-thread-1] INFO  server.RaftServer$Division (ServerState.java:<init>(104)) - 7cefa8e9-48e2-4714-becf-e2fa99455696@group-C6F7FEEEE428: ConfigurationManager, init=-1: [f4f30912-ea27-4eb3-bee5-ae3f82ef3ad0|rpc:172.17.0.2:45771, 9a3e098b-d23a-435e-81b9-d52adff52c28|rpc:172.17.0.2:32929, 7cefa8e9-48e2-4714-becf-e2fa99455696|rpc:172.17.0.2:37087], old=null, confs=<EMPTY_MAP>
2021-01-01 14:16:37,189 [pool-1731-thread-1] INFO  server.RaftServerConfigKeys (ConfUtils.java:logGet(44)) - raft.server.storage.dir = [/github/workspace/mnt/ozone/hadoop-ozone/integration-test/target/test-dir/MiniOzoneClusterImpl-cb490d7e-6ed4-4e2b-831b-323004451de6/datanode-0/data/ratis] (custom)
2021-01-01 14:16:37,190 [pool-1731-thread-1] INFO  server.RaftServerConfigKeys (ConfUtils.java:logGet(44)) - raft.server.log.corruption.policy = EXCEPTION (default)
2021-01-01 14:16:37,190 [pool-1731-thread-1] INFO  storage.RaftStorageDirectory (RaftStorageDirectory.java:analyzeStorage(260)) - The storage directory /github/workspace/mnt/ozone/hadoop-ozone/integration-test/target/test-dir/MiniOzoneClusterImpl-cb490d7e-6ed4-4e2b-831b-323004451de6/datanode-0/data/ratis/e2c3b8d5-ffff-4969-b3cc-c6f7feeee428 does not exist. Creating ...
2021-01-01 14:16:37,190 [pool-1731-thread-1] INFO  storage.RaftStorageDirectory (RaftStorageDirectory.java:tryLock(342)) - Lock on /github/workspace/mnt/ozone/hadoop-ozone/integration-test/target/test-dir/MiniOzoneClusterImpl-cb490d7e-6ed4-4e2b-831b-323004451de6/datanode-0/data/ratis/e2c3b8d5-ffff-4969-b3cc-c6f7feeee428/in_use.lock acquired by nodename 22720@722537d36201
2021-01-01 14:16:37,191 [pool-1731-thread-1] INFO  storage.RaftStorage (RaftStorage.java:format(89)) - Storage directory /github/workspace/mnt/ozone/hadoop-ozone/integration-test/target/test-dir/MiniOzoneClusterImpl-cb490d7e-6ed4-4e2b-831b-323004451de6/datanode-0/data/ratis/e2c3b8d5-ffff-4969-b3cc-c6f7feeee428 has been successfully formatted.
2021-01-01 14:16:37,191 [pool-1731-thread-1] INFO  ratis.ContainerStateMachine (ContainerStateMachine.java:loadSnapshot(223)) - group-C6F7FEEEE428: The snapshot info is null. Setting the last applied indexto:(t:0, i:~)
2021-01-01 14:16:37,191 [pool-1731-thread-1] ERROR storage.RaftStorage (RaftStorage.java:readRaftConfiguration(152)) - Failed reading configuration from file:/github/workspace/mnt/ozone/hadoop-ozone/integration-test/target/test-dir/MiniOzoneClusterImpl-cb490d7e-6ed4-4e2b-831b-323004451de6/datanode-0/data/ratis/e2c3b8d5-ffff-4969-b3cc-c6f7feeee428/current/raft-meta.conf
java.io.FileNotFoundException: /github/workspace/mnt/ozone/hadoop-ozone/integration-test/target/test-dir/MiniOzoneClusterImpl-cb490d7e-6ed4-4e2b-831b-323004451de6/datanode-0/data/ratis/e2c3b8d5-ffff-4969-b3cc-c6f7feeee428/current/raft-meta.conf (No such file or directory)
	at java.io.FileInputStream.open0(Native Method)
	at java.io.FileInputStream.open(FileInputStream.java:195)
	at java.io.FileInputStream.<init>(FileInputStream.java:138)
	at org.apache.ratis.server.storage.RaftStorage.readRaftConfiguration(RaftStorage.java:148)
	at org.apache.ratis.server.impl.ServerState.initStatemachine(ServerState.java:167)
	at org.apache.ratis.server.impl.ServerState.<init>(ServerState.java:112)
	at org.apache.ratis.server.impl.RaftServerImpl.<init>(RaftServerImpl.java:186)
	at org.apache.ratis.server.impl.RaftServerProxy.lambda$newRaftServerImpl$4(RaftServerProxy.java:264)
	at java.util.concurrent.CompletableFuture$AsyncSupply.run(CompletableFuture.java:1604)
	at java.util.concurrent.ThreadPoolExecutor.runWorker(ThreadPoolExecutor.java:1149)
	at java.util.concurrent.ThreadPoolExecutor$Worker.run(ThreadPoolExecutor.java:624)
	at java.lang.Thread.run(Thread.java:748)
2021-01-01 14:16:37,192 [EventQueue-OpenPipelineForHealthyPipelineSafeModeRule] INFO  safemode.SCMSafeModeManager (HealthyPipelineSafeModeRule.java:process(128)) - SCM in safe mode. Healthy pipelines reported count is 0, required healthy pipeline reported count is 1
2021-01-01 14:16:37,191 [EventQueue-PipelineReportForOneReplicaPipelineSafeModeRule] INFO  safemode.SCMSafeModeManager (SCMSafeModeManager.java:validateSafeModeExitRules(214)) - AtleastOneDatanodeReportedRule rule is successfully validated
2021-01-01 14:16:37,192 [pool-1731-thread-1] INFO  server.RaftServerConfigKeys (ConfUtils.java:logGet(44)) - raft.server.notification.no-leader.timeout = 300s (custom)
2021-01-01 14:16:37,192 [pool-1731-thread-1] INFO  server.RaftServerConfigKeys (ConfUtils.java:logGet(44)) - raft.server.log.use.memory = false (default)
2021-01-01 14:16:37,192 [pool-1731-thread-1] INFO  server.RaftServerConfigKeys (ConfUtils.java:logGet(44)) - raft.server.log.purge.gap = 1000000 (custom)
2021-01-01 14:16:37,192 [pool-1731-thread-1] INFO  metrics.RatisMetrics (RatisMetrics.java:lambda$create$0(36)) - Creating Metrics Registry : ratis.log_worker.7cefa8e9-48e2-4714-becf-e2fa99455696@group-C6F7FEEEE428
2021-01-01 14:16:37,192 [pool-1731-thread-1] INFO  server.RaftServerConfigKeys (ConfUtils.java:logGet(44)) - raft.server.log.appender.buffer.byte-limit = 33554432 (custom)
2021-01-01 14:16:37,192 [pool-1731-thread-1] INFO  server.RaftServerConfigKeys (ConfUtils.java:logGet(44)) - raft.server.log.segment.size.max = 1048576 (custom)
2021-01-01 14:16:37,193 [pool-1731-thread-1] INFO  server.RaftServerConfigKeys (ConfUtils.java:logGet(44)) - raft.server.log.segment.cache.num.max = 2 (custom)
2021-01-01 14:16:37,193 [pool-1731-thread-1] INFO  server.RaftServerConfigKeys (ConfUtils.java:logGet(44)) - raft.server.log.segment.cache.size.max = 200MB (=209715200) (default)
2021-01-01 14:16:37,193 [pool-1731-thread-1] INFO  segmented.SegmentedRaftLogWorker (SegmentedRaftLogWorker.java:<init>(181)) - new 7cefa8e9-48e2-4714-becf-e2fa99455696@group-C6F7FEEEE428-SegmentedRaftLogWorker for RaftStorage:Storage Directory /github/workspace/mnt/ozone/hadoop-ozone/integration-test/target/test-dir/MiniOzoneClusterImpl-cb490d7e-6ed4-4e2b-831b-323004451de6/datanode-0/data/ratis/e2c3b8d5-ffff-4969-b3cc-c6f7feeee428
2021-01-01 14:16:37,193 [pool-1731-thread-1] INFO  server.RaftServerConfigKeys (ConfUtils.java:logGet(44)) - raft.server.log.queue.byte-limit = 2147483647 (custom)
2021-01-01 14:16:37,193 [pool-1731-thread-1] INFO  server.RaftServerConfigKeys (ConfUtils.java:logGet(44)) - raft.server.log.queue.element-limit = 1024 (custom)
2021-01-01 14:16:37,193 [pool-1731-thread-1] INFO  server.RaftServerConfigKeys (ConfUtils.java:logGet(44)) - raft.server.log.segment.size.max = 1048576 (custom)
2021-01-01 14:16:37,194 [pool-1731-thread-1] INFO  server.RaftServerConfigKeys (ConfUtils.java:logGet(44)) - raft.server.log.preallocated.size = 16384 (custom)
2021-01-01 14:16:37,194 [pool-1731-thread-1] INFO  server.RaftServerConfigKeys (ConfUtils.java:logGet(44)) - raft.server.log.force.sync.num = 128 (default)
2021-01-01 14:16:37,194 [pool-1731-thread-1] INFO  server.RaftServerConfigKeys (ConfUtils.java:logGet(44)) - raft.server.log.statemachine.data.sync = true (default)
2021-01-01 14:16:37,194 [pool-1731-thread-1] INFO  server.RaftServerConfigKeys (ConfUtils.java:logGet(44)) - raft.server.log.statemachine.data.sync.timeout = 10s (default)
2021-01-01 14:16:37,194 [pool-1731-thread-1] INFO  server.RaftServerConfigKeys (ConfUtils.java:logGet(44)) - raft.server.log.statemachine.data.sync.timeout.retry = -1 (default)
2021-01-01 14:16:37,196 [pool-1731-thread-1] INFO  server.RaftServerConfigKeys (ConfUtils.java:logGet(44)) - raft.server.log.write.buffer.size = 1048576 (custom)
2021-01-01 14:16:37,197 [pool-1731-thread-1] INFO  server.RaftServerConfigKeys (ConfUtils.java:logGet(44)) - raft.server.log.statemachine.data.caching.enabled = true (custom)
2021-01-01 14:16:37,197 [pool-1731-thread-1] INFO  segmented.SegmentedRaftLogWorker (SegmentedRaftLogWorker.java:lambda$new$0(132)) - 7cefa8e9-48e2-4714-becf-e2fa99455696@group-C6F7FEEEE428-SegmentedRaftLogWorker: flushIndex: setUnconditionally 0 -> -1
2021-01-01 14:16:37,197 [pool-1731-thread-1] INFO  segmented.SegmentedRaftLogWorker (SegmentedRaftLogWorker.java:lambda$new$0(132)) - 7cefa8e9-48e2-4714-becf-e2fa99455696@group-C6F7FEEEE428-SegmentedRaftLogWorker: safeCacheEvictIndex: setUnconditionally 0 -> -1
2021-01-01 14:16:37,197 [pool-1731-thread-1] INFO  server.RaftServerConfigKeys (ConfUtils.java:logGet(44)) - raft.server.snapshot.auto.trigger.enabled = true (custom)
2021-01-01 14:16:37,197 [pool-1731-thread-1] INFO  server.RaftServerConfigKeys (ConfUtils.java:logGet(44)) - raft.server.snapshot.auto.trigger.threshold = 10000 (custom)
2021-01-01 14:16:37,197 [pool-1731-thread-1] INFO  server.RaftServerConfigKeys (ConfUtils.java:logGet(44)) - raft.server.snapshot.retention.file.num = 5 (custom)
2021-01-01 14:16:37,197 [pool-1731-thread-1] INFO  server.RaftServerConfigKeys (ConfUtils.java:logGet(44)) - raft.server.log.purge.upto.snapshot.index = false (default)
2021-01-01 14:16:37,197 [pool-1731-thread-1] INFO  server.RaftServerConfigKeys (ConfUtils.java:logGet(44)) - raft.server.retrycache.expirytime = 600000ms (custom)
2021-01-01 14:16:37,197 [pool-1731-thread-1] INFO  server.RaftServerConfigKeys (ConfUtils.java:logGet(44)) - raft.server.retrycache.statistics.expirytime = 100?s (default)
2021-01-01 14:16:37,198 [pool-1731-thread-1] INFO  metrics.RatisMetrics (RatisMetrics.java:lambda$create$0(36)) - Creating Metrics Registry : ratis.leader_election.7cefa8e9-48e2-4714-becf-e2fa99455696@group-C6F7FEEEE428
2021-01-01 14:16:37,198 [pool-1731-thread-1] INFO  metrics.RatisMetrics (RatisMetrics.java:lambda$create$0(36)) - Creating Metrics Registry : ratis.server.7cefa8e9-48e2-4714-becf-e2fa99455696@group-C6F7FEEEE428
2021-01-01 14:16:37,201 [pool-1731-thread-1] INFO  server.RaftServer$Division (RaftServerImpl.java:start(286)) - 7cefa8e9-48e2-4714-becf-e2fa99455696@group-C6F7FEEEE428: start as a follower, conf=-1: [f4f30912-ea27-4eb3-bee5-ae3f82ef3ad0|rpc:172.17.0.2:45771, 9a3e098b-d23a-435e-81b9-d52adff52c28|rpc:172.17.0.2:32929, 7cefa8e9-48e2-4714-becf-e2fa99455696|rpc:172.17.0.2:37087], old=null
2021-01-01 14:16:37,201 [pool-1731-thread-1] INFO  server.RaftServer$Division (RaftServerImpl.java:setRole(275)) - 7cefa8e9-48e2-4714-becf-e2fa99455696@group-C6F7FEEEE428: changes role from      null to FOLLOWER at term 0 for startAsFollower
2021-01-01 14:16:37,201 [pool-1731-thread-1] INFO  impl.RoleInfo (RoleInfo.java:updateAndGet(130)) - 7cefa8e9-48e2-4714-becf-e2fa99455696: start 7cefa8e9-48e2-4714-becf-e2fa99455696@group-C6F7FEEEE428-FollowerState
2021-01-01 14:16:37,201 [pool-1731-thread-1] INFO  util.JmxRegister (JmxRegister.java:tryRegister(44)) - Successfully registered JMX Bean with object name Ratis:service=RaftServer,group=group-C6F7FEEEE428,id=7cefa8e9-48e2-4714-becf-e2fa99455696
2021-01-01 14:16:37,201 [pool-1731-thread-1] INFO  metrics.RatisMetrics (RatisMetrics.java:lambda$create$0(36)) - Creating Metrics Registry : ratis.state_machine.7cefa8e9-48e2-4714-becf-e2fa99455696@group-C6F7FEEEE428
2021-01-01 14:16:37,203 [Command processor thread] INFO  metrics.RatisMetrics (RatisMetrics.java:lambda$create$0(36)) - Creating Metrics Registry : ratis.client_message_metrics.client-091469178BA6->f4f30912-ea27-4eb3-bee5-ae3f82ef3ad0
2021-01-01 14:16:37,207 [grpc-default-executor-2] INFO  metrics.RatisMetrics (RatisMetrics.java:lambda$create$0(36)) - Creating Metrics Registry : ratis.server_message_metrics.f4f30912-ea27-4eb3-bee5-ae3f82ef3ad0
2021-01-01 14:16:37,210 [grpc-default-executor-2] INFO  server.RaftServer (RaftServerProxy.java:addNew(93)) - f4f30912-ea27-4eb3-bee5-ae3f82ef3ad0: addNew group-C6F7FEEEE428:[f4f30912-ea27-4eb3-bee5-ae3f82ef3ad0|rpc:172.17.0.2:45771|dataStream:, 9a3e098b-d23a-435e-81b9-d52adff52c28|rpc:172.17.0.2:32929|dataStream:, 7cefa8e9-48e2-4714-becf-e2fa99455696|rpc:172.17.0.2:37087|dataStream:] returns group-C6F7FEEEE428:java.util.concurrent.CompletableFuture@1420f511[Not completed]
2021-01-01 14:16:37,210 [pool-1763-thread-1] INFO  server.RaftServer$Division (RaftServerImpl.java:<init>(173)) - f4f30912-ea27-4eb3-bee5-ae3f82ef3ad0: new RaftServerImpl for group-C6F7FEEEE428:[f4f30912-ea27-4eb3-bee5-ae3f82ef3ad0|rpc:172.17.0.2:45771|dataStream:, 9a3e098b-d23a-435e-81b9-d52adff52c28|rpc:172.17.0.2:32929|dataStream:, 7cefa8e9-48e2-4714-becf-e2fa99455696|rpc:172.17.0.2:37087|dataStream:] with ContainerStateMachine:uninitialized
2021-01-01 14:16:37,211 [pool-1763-thread-1] INFO  server.RaftServerConfigKeys (ConfUtils.java:logGet(44)) - raft.server.rpc.timeout.min = 5s (custom)
2021-01-01 14:16:37,211 [pool-1763-thread-1] INFO  server.RaftServerConfigKeys (ConfUtils.java:logGet(44)) - raft.server.rpc.timeout.max = 5200ms (custom)
2021-01-01 14:16:37,211 [pool-1763-thread-1] INFO  server.RaftServerConfigKeys (ConfUtils.java:logGet(44)) - raft.server.rpc.sleep.time = 25ms (default)
2021-01-01 14:16:37,211 [pool-1763-thread-1] INFO  server.RaftServerConfigKeys (ConfUtils.java:logGet(44)) - raft.server.rpc.slowness.timeout = 300s (custom)
2021-01-01 14:16:37,211 [pool-1763-thread-1] INFO  server.RaftServerConfigKeys (ConfUtils.java:logGet(44)) - raft.server.leaderelection.leader.step-down.wait-time = 10s (default)
2021-01-01 14:16:37,211 [pool-1763-thread-1] INFO  server.RaftServerConfigKeys (ConfUtils.java:logGet(44)) - raft.server.sleep.deviation.threshold = 300ms (default)
2021-01-01 14:16:37,211 [pool-1763-thread-1] INFO  server.RaftServerConfigKeys (ConfUtils.java:logGet(44)) - raft.server.log.appender.install.snapshot.enabled = false (custom)
2021-01-01 14:16:37,211 [pool-1763-thread-1] INFO  server.RaftServer$Division (ServerState.java:<init>(104)) - f4f30912-ea27-4eb3-bee5-ae3f82ef3ad0@group-C6F7FEEEE428: ConfigurationManager, init=-1: [f4f30912-ea27-4eb3-bee5-ae3f82ef3ad0|rpc:172.17.0.2:45771|dataStream:, 9a3e098b-d23a-435e-81b9-d52adff52c28|rpc:172.17.0.2:32929|dataStream:, 7cefa8e9-48e2-4714-becf-e2fa99455696|rpc:172.17.0.2:37087|dataStream:], old=null, confs=<EMPTY_MAP>
2021-01-01 14:16:37,211 [pool-1763-thread-1] INFO  server.RaftServerConfigKeys (ConfUtils.java:logGet(44)) - raft.server.storage.dir = [/github/workspace/mnt/ozone/hadoop-ozone/integration-test/target/test-dir/MiniOzoneClusterImpl-cb490d7e-6ed4-4e2b-831b-323004451de6/datanode-2/data/ratis] (custom)
2021-01-01 14:16:37,211 [pool-1763-thread-1] INFO  server.RaftServerConfigKeys (ConfUtils.java:logGet(44)) - raft.server.log.corruption.policy = EXCEPTION (default)
2021-01-01 14:16:37,212 [pool-1763-thread-1] INFO  storage.RaftStorageDirectory (RaftStorageDirectory.java:analyzeStorage(260)) - The storage directory /github/workspace/mnt/ozone/hadoop-ozone/integration-test/target/test-dir/MiniOzoneClusterImpl-cb490d7e-6ed4-4e2b-831b-323004451de6/datanode-2/data/ratis/e2c3b8d5-ffff-4969-b3cc-c6f7feeee428 does not exist. Creating ...
2021-01-01 14:16:37,212 [pool-1763-thread-1] INFO  storage.RaftStorageDirectory (RaftStorageDirectory.java:tryLock(342)) - Lock on /github/workspace/mnt/ozone/hadoop-ozone/integration-test/target/test-dir/MiniOzoneClusterImpl-cb490d7e-6ed4-4e2b-831b-323004451de6/datanode-2/data/ratis/e2c3b8d5-ffff-4969-b3cc-c6f7feeee428/in_use.lock acquired by nodename 22720@722537d36201
2021-01-01 14:16:37,213 [pool-1763-thread-1] INFO  storage.RaftStorage (RaftStorage.java:format(89)) - Storage directory /github/workspace/mnt/ozone/hadoop-ozone/integration-test/target/test-dir/MiniOzoneClusterImpl-cb490d7e-6ed4-4e2b-831b-323004451de6/datanode-2/data/ratis/e2c3b8d5-ffff-4969-b3cc-c6f7feeee428 has been successfully formatted.
2021-01-01 14:16:37,213 [pool-1763-thread-1] INFO  ratis.ContainerStateMachine (ContainerStateMachine.java:loadSnapshot(223)) - group-C6F7FEEEE428: The snapshot info is null. Setting the last applied indexto:(t:0, i:~)
2021-01-01 14:16:37,213 [pool-1763-thread-1] ERROR storage.RaftStorage (RaftStorage.java:readRaftConfiguration(152)) - Failed reading configuration from file:/github/workspace/mnt/ozone/hadoop-ozone/integration-test/target/test-dir/MiniOzoneClusterImpl-cb490d7e-6ed4-4e2b-831b-323004451de6/datanode-2/data/ratis/e2c3b8d5-ffff-4969-b3cc-c6f7feeee428/current/raft-meta.conf
java.io.FileNotFoundException: /github/workspace/mnt/ozone/hadoop-ozone/integration-test/target/test-dir/MiniOzoneClusterImpl-cb490d7e-6ed4-4e2b-831b-323004451de6/datanode-2/data/ratis/e2c3b8d5-ffff-4969-b3cc-c6f7feeee428/current/raft-meta.conf (No such file or directory)
	at java.io.FileInputStream.open0(Native Method)
	at java.io.FileInputStream.open(FileInputStream.java:195)
	at java.io.FileInputStream.<init>(FileInputStream.java:138)
	at org.apache.ratis.server.storage.RaftStorage.readRaftConfiguration(RaftStorage.java:148)
	at org.apache.ratis.server.impl.ServerState.initStatemachine(ServerState.java:167)
	at org.apache.ratis.server.impl.ServerState.<init>(ServerState.java:112)
	at org.apache.ratis.server.impl.RaftServerImpl.<init>(RaftServerImpl.java:186)
	at org.apache.ratis.server.impl.RaftServerProxy.lambda$newRaftServerImpl$4(RaftServerProxy.java:264)
	at java.util.concurrent.CompletableFuture$AsyncSupply.run(CompletableFuture.java:1604)
	at java.util.concurrent.ThreadPoolExecutor.runWorker(ThreadPoolExecutor.java:1149)
	at java.util.concurrent.ThreadPoolExecutor$Worker.run(ThreadPoolExecutor.java:624)
	at java.lang.Thread.run(Thread.java:748)
2021-01-01 14:16:37,213 [pool-1763-thread-1] INFO  server.RaftServerConfigKeys (ConfUtils.java:logGet(44)) - raft.server.notification.no-leader.timeout = 300s (custom)
2021-01-01 14:16:37,213 [pool-1763-thread-1] INFO  server.RaftServerConfigKeys (ConfUtils.java:logGet(44)) - raft.server.log.use.memory = false (default)
2021-01-01 14:16:37,214 [pool-1763-thread-1] INFO  server.RaftServerConfigKeys (ConfUtils.java:logGet(44)) - raft.server.log.purge.gap = 1000000 (custom)
2021-01-01 14:16:37,214 [EventQueue-PipelineReportForOneReplicaPipelineSafeModeRule] INFO  safemode.SCMSafeModeManager (SCMSafeModeManager.java:validateSafeModeExitRules(214)) - AtleastOneDatanodeReportedRule rule is successfully validated
2021-01-01 14:16:37,214 [pool-1763-thread-1] INFO  metrics.RatisMetrics (RatisMetrics.java:lambda$create$0(36)) - Creating Metrics Registry : ratis.log_worker.f4f30912-ea27-4eb3-bee5-ae3f82ef3ad0@group-C6F7FEEEE428
2021-01-01 14:16:37,214 [pool-1763-thread-1] INFO  server.RaftServerConfigKeys (ConfUtils.java:logGet(44)) - raft.server.log.appender.buffer.byte-limit = 33554432 (custom)
2021-01-01 14:16:37,214 [pool-1763-thread-1] INFO  server.RaftServerConfigKeys (ConfUtils.java:logGet(44)) - raft.server.log.segment.size.max = 1048576 (custom)
2021-01-01 14:16:37,215 [pool-1763-thread-1] INFO  server.RaftServerConfigKeys (ConfUtils.java:logGet(44)) - raft.server.log.segment.cache.num.max = 2 (custom)
2021-01-01 14:16:37,215 [pool-1763-thread-1] INFO  server.RaftServerConfigKeys (ConfUtils.java:logGet(44)) - raft.server.log.segment.cache.size.max = 200MB (=209715200) (default)
2021-01-01 14:16:37,215 [pool-1763-thread-1] INFO  segmented.SegmentedRaftLogWorker (SegmentedRaftLogWorker.java:<init>(181)) - new f4f30912-ea27-4eb3-bee5-ae3f82ef3ad0@group-C6F7FEEEE428-SegmentedRaftLogWorker for RaftStorage:Storage Directory /github/workspace/mnt/ozone/hadoop-ozone/integration-test/target/test-dir/MiniOzoneClusterImpl-cb490d7e-6ed4-4e2b-831b-323004451de6/datanode-2/data/ratis/e2c3b8d5-ffff-4969-b3cc-c6f7feeee428
2021-01-01 14:16:37,215 [pool-1763-thread-1] INFO  server.RaftServerConfigKeys (ConfUtils.java:logGet(44)) - raft.server.log.queue.byte-limit = 2147483647 (custom)
2021-01-01 14:16:37,215 [pool-1763-thread-1] INFO  server.RaftServerConfigKeys (ConfUtils.java:logGet(44)) - raft.server.log.queue.element-limit = 1024 (custom)
2021-01-01 14:16:37,215 [pool-1763-thread-1] INFO  server.RaftServerConfigKeys (ConfUtils.java:logGet(44)) - raft.server.log.segment.size.max = 1048576 (custom)
2021-01-01 14:16:37,215 [pool-1763-thread-1] INFO  server.RaftServerConfigKeys (ConfUtils.java:logGet(44)) - raft.server.log.preallocated.size = 16384 (custom)
2021-01-01 14:16:37,215 [pool-1763-thread-1] INFO  server.RaftServerConfigKeys (ConfUtils.java:logGet(44)) - raft.server.log.force.sync.num = 128 (default)
2021-01-01 14:16:37,215 [pool-1763-thread-1] INFO  server.RaftServerConfigKeys (ConfUtils.java:logGet(44)) - raft.server.log.statemachine.data.sync = true (default)
2021-01-01 14:16:37,216 [pool-1763-thread-1] INFO  server.RaftServerConfigKeys (ConfUtils.java:logGet(44)) - raft.server.log.statemachine.data.sync.timeout = 10s (default)
2021-01-01 14:16:37,216 [pool-1763-thread-1] INFO  server.RaftServerConfigKeys (ConfUtils.java:logGet(44)) - raft.server.log.statemachine.data.sync.timeout.retry = -1 (default)
2021-01-01 14:16:37,218 [pool-1763-thread-1] INFO  server.RaftServerConfigKeys (ConfUtils.java:logGet(44)) - raft.server.log.write.buffer.size = 1048576 (custom)
2021-01-01 14:16:37,219 [pool-1763-thread-1] INFO  server.RaftServerConfigKeys (ConfUtils.java:logGet(44)) - raft.server.log.statemachine.data.caching.enabled = true (custom)
2021-01-01 14:16:37,219 [pool-1763-thread-1] INFO  segmented.SegmentedRaftLogWorker (SegmentedRaftLogWorker.java:lambda$new$0(132)) - f4f30912-ea27-4eb3-bee5-ae3f82ef3ad0@group-C6F7FEEEE428-SegmentedRaftLogWorker: flushIndex: setUnconditionally 0 -> -1
2021-01-01 14:16:37,219 [pool-1763-thread-1] INFO  segmented.SegmentedRaftLogWorker (SegmentedRaftLogWorker.java:lambda$new$0(132)) - f4f30912-ea27-4eb3-bee5-ae3f82ef3ad0@group-C6F7FEEEE428-SegmentedRaftLogWorker: safeCacheEvictIndex: setUnconditionally 0 -> -1
2021-01-01 14:16:37,219 [pool-1763-thread-1] INFO  server.RaftServerConfigKeys (ConfUtils.java:logGet(44)) - raft.server.snapshot.auto.trigger.enabled = true (custom)
2021-01-01 14:16:37,219 [pool-1763-thread-1] INFO  server.RaftServerConfigKeys (ConfUtils.java:logGet(44)) - raft.server.snapshot.auto.trigger.threshold = 10000 (custom)
2021-01-01 14:16:37,219 [pool-1763-thread-1] INFO  server.RaftServerConfigKeys (ConfUtils.java:logGet(44)) - raft.server.snapshot.retention.file.num = 5 (custom)
2021-01-01 14:16:37,219 [pool-1763-thread-1] INFO  server.RaftServerConfigKeys (ConfUtils.java:logGet(44)) - raft.server.log.purge.upto.snapshot.index = false (default)
2021-01-01 14:16:37,219 [pool-1763-thread-1] INFO  server.RaftServerConfigKeys (ConfUtils.java:logGet(44)) - raft.server.retrycache.expirytime = 600000ms (custom)
2021-01-01 14:16:37,219 [pool-1763-thread-1] INFO  server.RaftServerConfigKeys (ConfUtils.java:logGet(44)) - raft.server.retrycache.statistics.expirytime = 100?s (default)
2021-01-01 14:16:37,219 [pool-1763-thread-1] INFO  metrics.RatisMetrics (RatisMetrics.java:lambda$create$0(36)) - Creating Metrics Registry : ratis.leader_election.f4f30912-ea27-4eb3-bee5-ae3f82ef3ad0@group-C6F7FEEEE428
2021-01-01 14:16:37,220 [pool-1763-thread-1] INFO  metrics.RatisMetrics (RatisMetrics.java:lambda$create$0(36)) - Creating Metrics Registry : ratis.server.f4f30912-ea27-4eb3-bee5-ae3f82ef3ad0@group-C6F7FEEEE428
2021-01-01 14:16:37,222 [pool-1763-thread-1] INFO  server.RaftServer$Division (RaftServerImpl.java:start(286)) - f4f30912-ea27-4eb3-bee5-ae3f82ef3ad0@group-C6F7FEEEE428: start as a follower, conf=-1: [f4f30912-ea27-4eb3-bee5-ae3f82ef3ad0|rpc:172.17.0.2:45771|dataStream:, 9a3e098b-d23a-435e-81b9-d52adff52c28|rpc:172.17.0.2:32929|dataStream:, 7cefa8e9-48e2-4714-becf-e2fa99455696|rpc:172.17.0.2:37087|dataStream:], old=null
2021-01-01 14:16:37,223 [pool-1763-thread-1] INFO  server.RaftServer$Division (RaftServerImpl.java:setRole(275)) - f4f30912-ea27-4eb3-bee5-ae3f82ef3ad0@group-C6F7FEEEE428: changes role from      null to FOLLOWER at term 0 for startAsFollower
2021-01-01 14:16:37,223 [pool-1763-thread-1] INFO  impl.RoleInfo (RoleInfo.java:updateAndGet(130)) - f4f30912-ea27-4eb3-bee5-ae3f82ef3ad0: start f4f30912-ea27-4eb3-bee5-ae3f82ef3ad0@group-C6F7FEEEE428-FollowerState
2021-01-01 14:16:37,223 [pool-1763-thread-1] INFO  util.JmxRegister (JmxRegister.java:tryRegister(44)) - Successfully registered JMX Bean with object name Ratis:service=RaftServer,group=group-C6F7FEEEE428,id=f4f30912-ea27-4eb3-bee5-ae3f82ef3ad0
2021-01-01 14:16:37,223 [pool-1763-thread-1] INFO  metrics.RatisMetrics (RatisMetrics.java:lambda$create$0(36)) - Creating Metrics Registry : ratis.state_machine.f4f30912-ea27-4eb3-bee5-ae3f82ef3ad0@group-C6F7FEEEE428
2021-01-01 14:16:37,228 [Command processor thread] INFO  metrics.RatisMetrics (RatisMetrics.java:lambda$create$0(36)) - Creating Metrics Registry : ratis.client_message_metrics.client-F01CAEF6BDDC->9a3e098b-d23a-435e-81b9-d52adff52c28
2021-01-01 14:16:37,232 [grpc-default-executor-2] INFO  metrics.RatisMetrics (RatisMetrics.java:lambda$create$0(36)) - Creating Metrics Registry : ratis.server_message_metrics.9a3e098b-d23a-435e-81b9-d52adff52c28
2021-01-01 14:16:37,233 [grpc-default-executor-2] INFO  server.RaftServer (RaftServerProxy.java:addNew(93)) - 9a3e098b-d23a-435e-81b9-d52adff52c28: addNew group-C6F7FEEEE428:[f4f30912-ea27-4eb3-bee5-ae3f82ef3ad0|rpc:172.17.0.2:45771|dataStream:, 9a3e098b-d23a-435e-81b9-d52adff52c28|rpc:172.17.0.2:32929|dataStream:, 7cefa8e9-48e2-4714-becf-e2fa99455696|rpc:172.17.0.2:37087|dataStream:] returns group-C6F7FEEEE428:java.util.concurrent.CompletableFuture@76c8bf05[Not completed]
2021-01-01 14:16:37,234 [pool-1747-thread-1] INFO  server.RaftServer$Division (RaftServerImpl.java:<init>(173)) - 9a3e098b-d23a-435e-81b9-d52adff52c28: new RaftServerImpl for group-C6F7FEEEE428:[f4f30912-ea27-4eb3-bee5-ae3f82ef3ad0|rpc:172.17.0.2:45771|dataStream:, 9a3e098b-d23a-435e-81b9-d52adff52c28|rpc:172.17.0.2:32929|dataStream:, 7cefa8e9-48e2-4714-becf-e2fa99455696|rpc:172.17.0.2:37087|dataStream:] with ContainerStateMachine:uninitialized
2021-01-01 14:16:37,234 [pool-1747-thread-1] INFO  server.RaftServerConfigKeys (ConfUtils.java:logGet(44)) - raft.server.rpc.timeout.min = 5s (custom)
2021-01-01 14:16:37,235 [pool-1747-thread-1] INFO  server.RaftServerConfigKeys (ConfUtils.java:logGet(44)) - raft.server.rpc.timeout.max = 5200ms (custom)
2021-01-01 14:16:37,235 [pool-1747-thread-1] INFO  server.RaftServerConfigKeys (ConfUtils.java:logGet(44)) - raft.server.rpc.sleep.time = 25ms (default)
2021-01-01 14:16:37,235 [pool-1747-thread-1] INFO  server.RaftServerConfigKeys (ConfUtils.java:logGet(44)) - raft.server.rpc.slowness.timeout = 300s (custom)
2021-01-01 14:16:37,235 [pool-1747-thread-1] INFO  server.RaftServerConfigKeys (ConfUtils.java:logGet(44)) - raft.server.leaderelection.leader.step-down.wait-time = 10s (default)
2021-01-01 14:16:37,235 [pool-1747-thread-1] INFO  server.RaftServerConfigKeys (ConfUtils.java:logGet(44)) - raft.server.sleep.deviation.threshold = 300ms (default)
2021-01-01 14:16:37,235 [pool-1747-thread-1] INFO  server.RaftServerConfigKeys (ConfUtils.java:logGet(44)) - raft.server.log.appender.install.snapshot.enabled = false (custom)
2021-01-01 14:16:37,235 [pool-1747-thread-1] INFO  server.RaftServer$Division (ServerState.java:<init>(104)) - 9a3e098b-d23a-435e-81b9-d52adff52c28@group-C6F7FEEEE428: ConfigurationManager, init=-1: [f4f30912-ea27-4eb3-bee5-ae3f82ef3ad0|rpc:172.17.0.2:45771|dataStream:, 9a3e098b-d23a-435e-81b9-d52adff52c28|rpc:172.17.0.2:32929|dataStream:, 7cefa8e9-48e2-4714-becf-e2fa99455696|rpc:172.17.0.2:37087|dataStream:], old=null, confs=<EMPTY_MAP>
2021-01-01 14:16:37,235 [pool-1747-thread-1] INFO  server.RaftServerConfigKeys (ConfUtils.java:logGet(44)) - raft.server.storage.dir = [/github/workspace/mnt/ozone/hadoop-ozone/integration-test/target/test-dir/MiniOzoneClusterImpl-cb490d7e-6ed4-4e2b-831b-323004451de6/datanode-1/data/ratis] (custom)
2021-01-01 14:16:37,235 [pool-1747-thread-1] INFO  server.RaftServerConfigKeys (ConfUtils.java:logGet(44)) - raft.server.log.corruption.policy = EXCEPTION (default)
2021-01-01 14:16:37,235 [pool-1747-thread-1] INFO  storage.RaftStorageDirectory (RaftStorageDirectory.java:analyzeStorage(260)) - The storage directory /github/workspace/mnt/ozone/hadoop-ozone/integration-test/target/test-dir/MiniOzoneClusterImpl-cb490d7e-6ed4-4e2b-831b-323004451de6/datanode-1/data/ratis/e2c3b8d5-ffff-4969-b3cc-c6f7feeee428 does not exist. Creating ...
2021-01-01 14:16:37,236 [pool-1747-thread-1] INFO  storage.RaftStorageDirectory (RaftStorageDirectory.java:tryLock(342)) - Lock on /github/workspace/mnt/ozone/hadoop-ozone/integration-test/target/test-dir/MiniOzoneClusterImpl-cb490d7e-6ed4-4e2b-831b-323004451de6/datanode-1/data/ratis/e2c3b8d5-ffff-4969-b3cc-c6f7feeee428/in_use.lock acquired by nodename 22720@722537d36201
2021-01-01 14:16:37,236 [pool-1747-thread-1] INFO  storage.RaftStorage (RaftStorage.java:format(89)) - Storage directory /github/workspace/mnt/ozone/hadoop-ozone/integration-test/target/test-dir/MiniOzoneClusterImpl-cb490d7e-6ed4-4e2b-831b-323004451de6/datanode-1/data/ratis/e2c3b8d5-ffff-4969-b3cc-c6f7feeee428 has been successfully formatted.
2021-01-01 14:16:37,237 [pool-1747-thread-1] INFO  ratis.ContainerStateMachine (ContainerStateMachine.java:loadSnapshot(223)) - group-C6F7FEEEE428: The snapshot info is null. Setting the last applied indexto:(t:0, i:~)
2021-01-01 14:16:37,237 [pool-1747-thread-1] ERROR storage.RaftStorage (RaftStorage.java:readRaftConfiguration(152)) - Failed reading configuration from file:/github/workspace/mnt/ozone/hadoop-ozone/integration-test/target/test-dir/MiniOzoneClusterImpl-cb490d7e-6ed4-4e2b-831b-323004451de6/datanode-1/data/ratis/e2c3b8d5-ffff-4969-b3cc-c6f7feeee428/current/raft-meta.conf
java.io.FileNotFoundException: /github/workspace/mnt/ozone/hadoop-ozone/integration-test/target/test-dir/MiniOzoneClusterImpl-cb490d7e-6ed4-4e2b-831b-323004451de6/datanode-1/data/ratis/e2c3b8d5-ffff-4969-b3cc-c6f7feeee428/current/raft-meta.conf (No such file or directory)
	at java.io.FileInputStream.open0(Native Method)
	at java.io.FileInputStream.open(FileInputStream.java:195)
	at java.io.FileInputStream.<init>(FileInputStream.java:138)
	at org.apache.ratis.server.storage.RaftStorage.readRaftConfiguration(RaftStorage.java:148)
	at org.apache.ratis.server.impl.ServerState.initStatemachine(ServerState.java:167)
	at org.apache.ratis.server.impl.ServerState.<init>(ServerState.java:112)
	at org.apache.ratis.server.impl.RaftServerImpl.<init>(RaftServerImpl.java:186)
	at org.apache.ratis.server.impl.RaftServerProxy.lambda$newRaftServerImpl$4(RaftServerProxy.java:264)
	at java.util.concurrent.CompletableFuture$AsyncSupply.run(CompletableFuture.java:1604)
	at java.util.concurrent.ThreadPoolExecutor.runWorker(ThreadPoolExecutor.java:1149)
	at java.util.concurrent.ThreadPoolExecutor$Worker.run(ThreadPoolExecutor.java:624)
	at java.lang.Thread.run(Thread.java:748)
2021-01-01 14:16:37,237 [pool-1747-thread-1] INFO  server.RaftServerConfigKeys (ConfUtils.java:logGet(44)) - raft.server.notification.no-leader.timeout = 300s (custom)
2021-01-01 14:16:37,237 [pool-1747-thread-1] INFO  server.RaftServerConfigKeys (ConfUtils.java:logGet(44)) - raft.server.log.use.memory = false (default)
2021-01-01 14:16:37,237 [EventQueue-PipelineReportForOneReplicaPipelineSafeModeRule] INFO  safemode.SCMSafeModeManager (SCMSafeModeManager.java:validateSafeModeExitRules(214)) - AtleastOneDatanodeReportedRule rule is successfully validated
2021-01-01 14:16:37,237 [pool-1747-thread-1] INFO  server.RaftServerConfigKeys (ConfUtils.java:logGet(44)) - raft.server.log.purge.gap = 1000000 (custom)
2021-01-01 14:16:37,237 [pool-1747-thread-1] INFO  metrics.RatisMetrics (RatisMetrics.java:lambda$create$0(36)) - Creating Metrics Registry : ratis.log_worker.9a3e098b-d23a-435e-81b9-d52adff52c28@group-C6F7FEEEE428
2021-01-01 14:16:37,237 [pool-1747-thread-1] INFO  server.RaftServerConfigKeys (ConfUtils.java:logGet(44)) - raft.server.log.appender.buffer.byte-limit = 33554432 (custom)
2021-01-01 14:16:37,237 [pool-1747-thread-1] INFO  server.RaftServerConfigKeys (ConfUtils.java:logGet(44)) - raft.server.log.segment.size.max = 1048576 (custom)
2021-01-01 14:16:37,238 [pool-1747-thread-1] INFO  server.RaftServerConfigKeys (ConfUtils.java:logGet(44)) - raft.server.log.segment.cache.num.max = 2 (custom)
2021-01-01 14:16:37,239 [pool-1747-thread-1] INFO  server.RaftServerConfigKeys (ConfUtils.java:logGet(44)) - raft.server.log.segment.cache.size.max = 200MB (=209715200) (default)
2021-01-01 14:16:37,239 [pool-1747-thread-1] INFO  segmented.SegmentedRaftLogWorker (SegmentedRaftLogWorker.java:<init>(181)) - new 9a3e098b-d23a-435e-81b9-d52adff52c28@group-C6F7FEEEE428-SegmentedRaftLogWorker for RaftStorage:Storage Directory /github/workspace/mnt/ozone/hadoop-ozone/integration-test/target/test-dir/MiniOzoneClusterImpl-cb490d7e-6ed4-4e2b-831b-323004451de6/datanode-1/data/ratis/e2c3b8d5-ffff-4969-b3cc-c6f7feeee428
2021-01-01 14:16:37,239 [pool-1747-thread-1] INFO  server.RaftServerConfigKeys (ConfUtils.java:logGet(44)) - raft.server.log.queue.byte-limit = 2147483647 (custom)
2021-01-01 14:16:37,239 [pool-1747-thread-1] INFO  server.RaftServerConfigKeys (ConfUtils.java:logGet(44)) - raft.server.log.queue.element-limit = 1024 (custom)
2021-01-01 14:16:37,239 [pool-1747-thread-1] INFO  server.RaftServerConfigKeys (ConfUtils.java:logGet(44)) - raft.server.log.segment.size.max = 1048576 (custom)
2021-01-01 14:16:37,239 [pool-1747-thread-1] INFO  server.RaftServerConfigKeys (ConfUtils.java:logGet(44)) - raft.server.log.preallocated.size = 16384 (custom)
2021-01-01 14:16:37,239 [pool-1747-thread-1] INFO  server.RaftServerConfigKeys (ConfUtils.java:logGet(44)) - raft.server.log.force.sync.num = 128 (default)
2021-01-01 14:16:37,239 [pool-1747-thread-1] INFO  server.RaftServerConfigKeys (ConfUtils.java:logGet(44)) - raft.server.log.statemachine.data.sync = true (default)
2021-01-01 14:16:37,239 [pool-1747-thread-1] INFO  server.RaftServerConfigKeys (ConfUtils.java:logGet(44)) - raft.server.log.statemachine.data.sync.timeout = 10s (default)
2021-01-01 14:16:37,239 [pool-1747-thread-1] INFO  server.RaftServerConfigKeys (ConfUtils.java:logGet(44)) - raft.server.log.statemachine.data.sync.timeout.retry = -1 (default)
2021-01-01 14:16:37,241 [pool-1747-thread-1] INFO  server.RaftServerConfigKeys (ConfUtils.java:logGet(44)) - raft.server.log.write.buffer.size = 1048576 (custom)
2021-01-01 14:16:37,242 [pool-1747-thread-1] INFO  server.RaftServerConfigKeys (ConfUtils.java:logGet(44)) - raft.server.log.statemachine.data.caching.enabled = true (custom)
2021-01-01 14:16:37,242 [pool-1747-thread-1] INFO  segmented.SegmentedRaftLogWorker (SegmentedRaftLogWorker.java:lambda$new$0(132)) - 9a3e098b-d23a-435e-81b9-d52adff52c28@group-C6F7FEEEE428-SegmentedRaftLogWorker: flushIndex: setUnconditionally 0 -> -1
2021-01-01 14:16:37,242 [pool-1747-thread-1] INFO  segmented.SegmentedRaftLogWorker (SegmentedRaftLogWorker.java:lambda$new$0(132)) - 9a3e098b-d23a-435e-81b9-d52adff52c28@group-C6F7FEEEE428-SegmentedRaftLogWorker: safeCacheEvictIndex: setUnconditionally 0 -> -1
2021-01-01 14:16:37,242 [pool-1747-thread-1] INFO  server.RaftServerConfigKeys (ConfUtils.java:logGet(44)) - raft.server.snapshot.auto.trigger.enabled = true (custom)
2021-01-01 14:16:37,242 [pool-1747-thread-1] INFO  server.RaftServerConfigKeys (ConfUtils.java:logGet(44)) - raft.server.snapshot.auto.trigger.threshold = 10000 (custom)
2021-01-01 14:16:37,242 [pool-1747-thread-1] INFO  server.RaftServerConfigKeys (ConfUtils.java:logGet(44)) - raft.server.snapshot.retention.file.num = 5 (custom)
2021-01-01 14:16:37,242 [pool-1747-thread-1] INFO  server.RaftServerConfigKeys (ConfUtils.java:logGet(44)) - raft.server.log.purge.upto.snapshot.index = false (default)
2021-01-01 14:16:37,242 [pool-1747-thread-1] INFO  server.RaftServerConfigKeys (ConfUtils.java:logGet(44)) - raft.server.retrycache.expirytime = 600000ms (custom)
2021-01-01 14:16:37,242 [pool-1747-thread-1] INFO  server.RaftServerConfigKeys (ConfUtils.java:logGet(44)) - raft.server.retrycache.statistics.expirytime = 100?s (default)
2021-01-01 14:16:37,242 [pool-1747-thread-1] INFO  metrics.RatisMetrics (RatisMetrics.java:lambda$create$0(36)) - Creating Metrics Registry : ratis.leader_election.9a3e098b-d23a-435e-81b9-d52adff52c28@group-C6F7FEEEE428
2021-01-01 14:16:37,243 [pool-1747-thread-1] INFO  metrics.RatisMetrics (RatisMetrics.java:lambda$create$0(36)) - Creating Metrics Registry : ratis.server.9a3e098b-d23a-435e-81b9-d52adff52c28@group-C6F7FEEEE428
2021-01-01 14:16:37,245 [pool-1747-thread-1] INFO  server.RaftServer$Division (RaftServerImpl.java:start(286)) - 9a3e098b-d23a-435e-81b9-d52adff52c28@group-C6F7FEEEE428: start as a follower, conf=-1: [f4f30912-ea27-4eb3-bee5-ae3f82ef3ad0|rpc:172.17.0.2:45771|dataStream:, 9a3e098b-d23a-435e-81b9-d52adff52c28|rpc:172.17.0.2:32929|dataStream:, 7cefa8e9-48e2-4714-becf-e2fa99455696|rpc:172.17.0.2:37087|dataStream:], old=null
2021-01-01 14:16:37,245 [pool-1747-thread-1] INFO  server.RaftServer$Division (RaftServerImpl.java:setRole(275)) - 9a3e098b-d23a-435e-81b9-d52adff52c28@group-C6F7FEEEE428: changes role from      null to FOLLOWER at term 0 for startAsFollower
2021-01-01 14:16:37,245 [pool-1747-thread-1] INFO  impl.RoleInfo (RoleInfo.java:updateAndGet(130)) - 9a3e098b-d23a-435e-81b9-d52adff52c28: start 9a3e098b-d23a-435e-81b9-d52adff52c28@group-C6F7FEEEE428-FollowerState
2021-01-01 14:16:37,246 [pool-1747-thread-1] INFO  util.JmxRegister (JmxRegister.java:tryRegister(44)) - Successfully registered JMX Bean with object name Ratis:service=RaftServer,group=group-C6F7FEEEE428,id=9a3e098b-d23a-435e-81b9-d52adff52c28
2021-01-01 14:16:37,246 [pool-1747-thread-1] INFO  metrics.RatisMetrics (RatisMetrics.java:lambda$create$0(36)) - Creating Metrics Registry : ratis.state_machine.9a3e098b-d23a-435e-81b9-d52adff52c28@group-C6F7FEEEE428
2021-01-01 14:16:37,250 [Command processor thread] INFO  commandhandler.CreatePipelineCommandHandler (CreatePipelineCommandHandler.java:handle(106)) - Created Pipeline RATIS THREE PipelineID=e2c3b8d5-ffff-4969-b3cc-c6f7feeee428.
2021-01-01 14:16:37,356 [Command processor thread] INFO  server.RaftServer (RaftServerProxy.java:addNew(93)) - 9a3e098b-d23a-435e-81b9-d52adff52c28: addNew group-B00951B4EFFB:[9a3e098b-d23a-435e-81b9-d52adff52c28|rpc:172.17.0.2:32929] returns group-B00951B4EFFB:java.util.concurrent.CompletableFuture@15b3e1f0[Not completed]
2021-01-01 14:16:37,357 [pool-1747-thread-1] INFO  server.RaftServer$Division (RaftServerImpl.java:<init>(173)) - 9a3e098b-d23a-435e-81b9-d52adff52c28: new RaftServerImpl for group-B00951B4EFFB:[9a3e098b-d23a-435e-81b9-d52adff52c28|rpc:172.17.0.2:32929] with ContainerStateMachine:uninitialized
2021-01-01 14:16:37,357 [pool-1747-thread-1] INFO  server.RaftServerConfigKeys (ConfUtils.java:logGet(44)) - raft.server.rpc.timeout.min = 5s (custom)
2021-01-01 14:16:37,357 [pool-1747-thread-1] INFO  server.RaftServerConfigKeys (ConfUtils.java:logGet(44)) - raft.server.rpc.timeout.max = 5200ms (custom)
2021-01-01 14:16:37,357 [pool-1747-thread-1] INFO  server.RaftServerConfigKeys (ConfUtils.java:logGet(44)) - raft.server.rpc.sleep.time = 25ms (default)
2021-01-01 14:16:37,357 [pool-1747-thread-1] INFO  server.RaftServerConfigKeys (ConfUtils.java:logGet(44)) - raft.server.rpc.slowness.timeout = 300s (custom)
2021-01-01 14:16:37,357 [pool-1747-thread-1] INFO  server.RaftServerConfigKeys (ConfUtils.java:logGet(44)) - raft.server.leaderelection.leader.step-down.wait-time = 10s (default)
2021-01-01 14:16:37,357 [pool-1747-thread-1] INFO  server.RaftServerConfigKeys (ConfUtils.java:logGet(44)) - raft.server.sleep.deviation.threshold = 300ms (default)
2021-01-01 14:16:37,357 [pool-1747-thread-1] INFO  server.RaftServerConfigKeys (ConfUtils.java:logGet(44)) - raft.server.log.appender.install.snapshot.enabled = false (custom)
2021-01-01 14:16:37,357 [pool-1747-thread-1] INFO  server.RaftServer$Division (ServerState.java:<init>(104)) - 9a3e098b-d23a-435e-81b9-d52adff52c28@group-B00951B4EFFB: ConfigurationManager, init=-1: [9a3e098b-d23a-435e-81b9-d52adff52c28|rpc:172.17.0.2:32929], old=null, confs=<EMPTY_MAP>
2021-01-01 14:16:37,357 [pool-1747-thread-1] INFO  server.RaftServerConfigKeys (ConfUtils.java:logGet(44)) - raft.server.storage.dir = [/github/workspace/mnt/ozone/hadoop-ozone/integration-test/target/test-dir/MiniOzoneClusterImpl-cb490d7e-6ed4-4e2b-831b-323004451de6/datanode-1/data/ratis] (custom)
2021-01-01 14:16:37,358 [pool-1747-thread-1] INFO  server.RaftServerConfigKeys (ConfUtils.java:logGet(44)) - raft.server.log.corruption.policy = EXCEPTION (default)
2021-01-01 14:16:37,358 [pool-1747-thread-1] INFO  storage.RaftStorageDirectory (RaftStorageDirectory.java:analyzeStorage(260)) - The storage directory /github/workspace/mnt/ozone/hadoop-ozone/integration-test/target/test-dir/MiniOzoneClusterImpl-cb490d7e-6ed4-4e2b-831b-323004451de6/datanode-1/data/ratis/0d6e2dbd-a087-40ca-9707-b00951b4effb does not exist. Creating ...
2021-01-01 14:16:37,359 [pool-1747-thread-1] INFO  storage.RaftStorageDirectory (RaftStorageDirectory.java:tryLock(342)) - Lock on /github/workspace/mnt/ozone/hadoop-ozone/integration-test/target/test-dir/MiniOzoneClusterImpl-cb490d7e-6ed4-4e2b-831b-323004451de6/datanode-1/data/ratis/0d6e2dbd-a087-40ca-9707-b00951b4effb/in_use.lock acquired by nodename 22720@722537d36201
2021-01-01 14:16:37,359 [pool-1747-thread-1] INFO  storage.RaftStorage (RaftStorage.java:format(89)) - Storage directory /github/workspace/mnt/ozone/hadoop-ozone/integration-test/target/test-dir/MiniOzoneClusterImpl-cb490d7e-6ed4-4e2b-831b-323004451de6/datanode-1/data/ratis/0d6e2dbd-a087-40ca-9707-b00951b4effb has been successfully formatted.
2021-01-01 14:16:37,359 [pool-1747-thread-1] INFO  ratis.ContainerStateMachine (ContainerStateMachine.java:loadSnapshot(223)) - group-B00951B4EFFB: The snapshot info is null. Setting the last applied indexto:(t:0, i:~)
2021-01-01 14:16:37,360 [pool-1747-thread-1] ERROR storage.RaftStorage (RaftStorage.java:readRaftConfiguration(152)) - Failed reading configuration from file:/github/workspace/mnt/ozone/hadoop-ozone/integration-test/target/test-dir/MiniOzoneClusterImpl-cb490d7e-6ed4-4e2b-831b-323004451de6/datanode-1/data/ratis/0d6e2dbd-a087-40ca-9707-b00951b4effb/current/raft-meta.conf
java.io.FileNotFoundException: /github/workspace/mnt/ozone/hadoop-ozone/integration-test/target/test-dir/MiniOzoneClusterImpl-cb490d7e-6ed4-4e2b-831b-323004451de6/datanode-1/data/ratis/0d6e2dbd-a087-40ca-9707-b00951b4effb/current/raft-meta.conf (No such file or directory)
	at java.io.FileInputStream.open0(Native Method)
	at java.io.FileInputStream.open(FileInputStream.java:195)
	at java.io.FileInputStream.<init>(FileInputStream.java:138)
	at org.apache.ratis.server.storage.RaftStorage.readRaftConfiguration(RaftStorage.java:148)
	at org.apache.ratis.server.impl.ServerState.initStatemachine(ServerState.java:167)
	at org.apache.ratis.server.impl.ServerState.<init>(ServerState.java:112)
	at org.apache.ratis.server.impl.RaftServerImpl.<init>(RaftServerImpl.java:186)
	at org.apache.ratis.server.impl.RaftServerProxy.lambda$newRaftServerImpl$4(RaftServerProxy.java:264)
	at java.util.concurrent.CompletableFuture$AsyncSupply.run(CompletableFuture.java:1604)
	at java.util.concurrent.ThreadPoolExecutor.runWorker(ThreadPoolExecutor.java:1149)
	at java.util.concurrent.ThreadPoolExecutor$Worker.run(ThreadPoolExecutor.java:624)
	at java.lang.Thread.run(Thread.java:748)
2021-01-01 14:16:37,362 [pool-1747-thread-1] INFO  server.RaftServerConfigKeys (ConfUtils.java:logGet(44)) - raft.server.notification.no-leader.timeout = 300s (custom)
2021-01-01 14:16:37,362 [pool-1747-thread-1] INFO  server.RaftServerConfigKeys (ConfUtils.java:logGet(44)) - raft.server.log.use.memory = false (default)
2021-01-01 14:16:37,363 [EventQueue-PipelineReportForPipelineReportHandler] INFO  pipeline.PipelineStateManager (PipelineStateManager.java:openPipeline(132)) - Pipeline Pipeline[ Id: 0d6e2dbd-a087-40ca-9707-b00951b4effb, Nodes: 9a3e098b-d23a-435e-81b9-d52adff52c28{ip: 172.17.0.2, host: 722537d36201, networkLocation: /default-rack, certSerialId: null, persistedOpState: IN_SERVICE, persistedOpStateExpiryEpochSec: 0}, Type:RATIS, Factor:ONE, State:ALLOCATED, leaderId:9a3e098b-d23a-435e-81b9-d52adff52c28, CreationTimestamp2021-01-01T14:16:34.358Z] moved to OPEN state
2021-01-01 14:16:37,363 [pool-1747-thread-1] INFO  server.RaftServerConfigKeys (ConfUtils.java:logGet(44)) - raft.server.log.purge.gap = 1000000 (custom)
2021-01-01 14:16:37,363 [pool-1747-thread-1] INFO  metrics.RatisMetrics (RatisMetrics.java:lambda$create$0(36)) - Creating Metrics Registry : ratis.log_worker.9a3e098b-d23a-435e-81b9-d52adff52c28@group-B00951B4EFFB
2021-01-01 14:16:37,364 [pool-1747-thread-1] INFO  server.RaftServerConfigKeys (ConfUtils.java:logGet(44)) - raft.server.log.appender.buffer.byte-limit = 33554432 (custom)
2021-01-01 14:16:37,364 [pool-1747-thread-1] INFO  server.RaftServerConfigKeys (ConfUtils.java:logGet(44)) - raft.server.log.segment.size.max = 1048576 (custom)
2021-01-01 14:16:37,365 [pool-1747-thread-1] INFO  server.RaftServerConfigKeys (ConfUtils.java:logGet(44)) - raft.server.log.segment.cache.num.max = 2 (custom)
2021-01-01 14:16:37,365 [pool-1747-thread-1] INFO  server.RaftServerConfigKeys (ConfUtils.java:logGet(44)) - raft.server.log.segment.cache.size.max = 200MB (=209715200) (default)
2021-01-01 14:16:37,365 [pool-1747-thread-1] INFO  segmented.SegmentedRaftLogWorker (SegmentedRaftLogWorker.java:<init>(181)) - new 9a3e098b-d23a-435e-81b9-d52adff52c28@group-B00951B4EFFB-SegmentedRaftLogWorker for RaftStorage:Storage Directory /github/workspace/mnt/ozone/hadoop-ozone/integration-test/target/test-dir/MiniOzoneClusterImpl-cb490d7e-6ed4-4e2b-831b-323004451de6/datanode-1/data/ratis/0d6e2dbd-a087-40ca-9707-b00951b4effb
2021-01-01 14:16:37,365 [pool-1747-thread-1] INFO  server.RaftServerConfigKeys (ConfUtils.java:logGet(44)) - raft.server.log.queue.byte-limit = 2147483647 (custom)
2021-01-01 14:16:37,365 [pool-1747-thread-1] INFO  server.RaftServerConfigKeys (ConfUtils.java:logGet(44)) - raft.server.log.queue.element-limit = 1024 (custom)
2021-01-01 14:16:37,365 [pool-1747-thread-1] INFO  server.RaftServerConfigKeys (ConfUtils.java:logGet(44)) - raft.server.log.segment.size.max = 1048576 (custom)
2021-01-01 14:16:37,365 [pool-1747-thread-1] INFO  server.RaftServerConfigKeys (ConfUtils.java:logGet(44)) - raft.server.log.preallocated.size = 16384 (custom)
2021-01-01 14:16:37,366 [pool-1747-thread-1] INFO  server.RaftServerConfigKeys (ConfUtils.java:logGet(44)) - raft.server.log.force.sync.num = 128 (default)
2021-01-01 14:16:37,366 [pool-1747-thread-1] INFO  server.RaftServerConfigKeys (ConfUtils.java:logGet(44)) - raft.server.log.statemachine.data.sync = true (default)
2021-01-01 14:16:37,366 [pool-1747-thread-1] INFO  server.RaftServerConfigKeys (ConfUtils.java:logGet(44)) - raft.server.log.statemachine.data.sync.timeout = 10s (default)
2021-01-01 14:16:37,366 [pool-1747-thread-1] INFO  server.RaftServerConfigKeys (ConfUtils.java:logGet(44)) - raft.server.log.statemachine.data.sync.timeout.retry = -1 (default)
2021-01-01 14:16:37,367 [EventQueue-OpenPipelineForHealthyPipelineSafeModeRule] INFO  safemode.SCMSafeModeManager (HealthyPipelineSafeModeRule.java:process(128)) - SCM in safe mode. Healthy pipelines reported count is 0, required healthy pipeline reported count is 1
2021-01-01 14:16:37,363 [EventQueue-PipelineReportForOneReplicaPipelineSafeModeRule] INFO  safemode.SCMSafeModeManager (SCMSafeModeManager.java:validateSafeModeExitRules(214)) - AtleastOneDatanodeReportedRule rule is successfully validated
2021-01-01 14:16:37,368 [pool-1747-thread-1] INFO  server.RaftServerConfigKeys (ConfUtils.java:logGet(44)) - raft.server.log.write.buffer.size = 1048576 (custom)
2021-01-01 14:16:37,369 [pool-1747-thread-1] INFO  server.RaftServerConfigKeys (ConfUtils.java:logGet(44)) - raft.server.log.statemachine.data.caching.enabled = true (custom)
2021-01-01 14:16:37,369 [pool-1747-thread-1] INFO  segmented.SegmentedRaftLogWorker (SegmentedRaftLogWorker.java:lambda$new$0(132)) - 9a3e098b-d23a-435e-81b9-d52adff52c28@group-B00951B4EFFB-SegmentedRaftLogWorker: flushIndex: setUnconditionally 0 -> -1
2021-01-01 14:16:37,369 [pool-1747-thread-1] INFO  segmented.SegmentedRaftLogWorker (SegmentedRaftLogWorker.java:lambda$new$0(132)) - 9a3e098b-d23a-435e-81b9-d52adff52c28@group-B00951B4EFFB-SegmentedRaftLogWorker: safeCacheEvictIndex: setUnconditionally 0 -> -1
2021-01-01 14:16:37,369 [pool-1747-thread-1] INFO  server.RaftServerConfigKeys (ConfUtils.java:logGet(44)) - raft.server.snapshot.auto.trigger.enabled = true (custom)
2021-01-01 14:16:37,369 [pool-1747-thread-1] INFO  server.RaftServerConfigKeys (ConfUtils.java:logGet(44)) - raft.server.snapshot.auto.trigger.threshold = 10000 (custom)
2021-01-01 14:16:37,369 [pool-1747-thread-1] INFO  server.RaftServerConfigKeys (ConfUtils.java:logGet(44)) - raft.server.snapshot.retention.file.num = 5 (custom)
2021-01-01 14:16:37,369 [pool-1747-thread-1] INFO  server.RaftServerConfigKeys (ConfUtils.java:logGet(44)) - raft.server.log.purge.upto.snapshot.index = false (default)
2021-01-01 14:16:37,369 [pool-1747-thread-1] INFO  server.RaftServerConfigKeys (ConfUtils.java:logGet(44)) - raft.server.retrycache.expirytime = 600000ms (custom)
2021-01-01 14:16:37,370 [pool-1747-thread-1] INFO  server.RaftServerConfigKeys (ConfUtils.java:logGet(44)) - raft.server.retrycache.statistics.expirytime = 100?s (default)
2021-01-01 14:16:37,370 [pool-1747-thread-1] INFO  metrics.RatisMetrics (RatisMetrics.java:lambda$create$0(36)) - Creating Metrics Registry : ratis.leader_election.9a3e098b-d23a-435e-81b9-d52adff52c28@group-B00951B4EFFB
2021-01-01 14:16:37,370 [pool-1747-thread-1] INFO  metrics.RatisMetrics (RatisMetrics.java:lambda$create$0(36)) - Creating Metrics Registry : ratis.server.9a3e098b-d23a-435e-81b9-d52adff52c28@group-B00951B4EFFB
2021-01-01 14:16:37,373 [pool-1747-thread-1] INFO  server.RaftServer$Division (RaftServerImpl.java:start(286)) - 9a3e098b-d23a-435e-81b9-d52adff52c28@group-B00951B4EFFB: start as a follower, conf=-1: [9a3e098b-d23a-435e-81b9-d52adff52c28|rpc:172.17.0.2:32929], old=null
2021-01-01 14:16:37,373 [pool-1747-thread-1] INFO  server.RaftServer$Division (RaftServerImpl.java:setRole(275)) - 9a3e098b-d23a-435e-81b9-d52adff52c28@group-B00951B4EFFB: changes role from      null to FOLLOWER at term 0 for startAsFollower
2021-01-01 14:16:37,373 [pool-1747-thread-1] INFO  impl.RoleInfo (RoleInfo.java:updateAndGet(130)) - 9a3e098b-d23a-435e-81b9-d52adff52c28: start 9a3e098b-d23a-435e-81b9-d52adff52c28@group-B00951B4EFFB-FollowerState
2021-01-01 14:16:37,373 [pool-1747-thread-1] INFO  util.JmxRegister (JmxRegister.java:tryRegister(44)) - Successfully registered JMX Bean with object name Ratis:service=RaftServer,group=group-B00951B4EFFB,id=9a3e098b-d23a-435e-81b9-d52adff52c28
2021-01-01 14:16:37,373 [pool-1747-thread-1] INFO  metrics.RatisMetrics (RatisMetrics.java:lambda$create$0(36)) - Creating Metrics Registry : ratis.state_machine.9a3e098b-d23a-435e-81b9-d52adff52c28@group-B00951B4EFFB
2021-01-01 14:16:37,374 [Command processor thread] INFO  commandhandler.CreatePipelineCommandHandler (CreatePipelineCommandHandler.java:handle(106)) - Created Pipeline RATIS ONE PipelineID=0d6e2dbd-a087-40ca-9707-b00951b4effb.
2021-01-01 14:16:37,526 [Command processor thread] INFO  server.RaftServer (RaftServerProxy.java:addNew(93)) - f4f30912-ea27-4eb3-bee5-ae3f82ef3ad0: addNew group-3971C98EF519:[f4f30912-ea27-4eb3-bee5-ae3f82ef3ad0|rpc:172.17.0.2:45771] returns group-3971C98EF519:java.util.concurrent.CompletableFuture@e9a60ed[Not completed]
2021-01-01 14:16:37,526 [pool-1763-thread-1] INFO  server.RaftServer$Division (RaftServerImpl.java:<init>(173)) - f4f30912-ea27-4eb3-bee5-ae3f82ef3ad0: new RaftServerImpl for group-3971C98EF519:[f4f30912-ea27-4eb3-bee5-ae3f82ef3ad0|rpc:172.17.0.2:45771] with ContainerStateMachine:uninitialized
2021-01-01 14:16:37,526 [pool-1763-thread-1] INFO  server.RaftServerConfigKeys (ConfUtils.java:logGet(44)) - raft.server.rpc.timeout.min = 5s (custom)
2021-01-01 14:16:37,526 [pool-1763-thread-1] INFO  server.RaftServerConfigKeys (ConfUtils.java:logGet(44)) - raft.server.rpc.timeout.max = 5200ms (custom)
2021-01-01 14:16:37,527 [pool-1763-thread-1] INFO  server.RaftServerConfigKeys (ConfUtils.java:logGet(44)) - raft.server.rpc.sleep.time = 25ms (default)
2021-01-01 14:16:37,527 [pool-1763-thread-1] INFO  server.RaftServerConfigKeys (ConfUtils.java:logGet(44)) - raft.server.rpc.slowness.timeout = 300s (custom)
2021-01-01 14:16:37,527 [pool-1763-thread-1] INFO  server.RaftServerConfigKeys (ConfUtils.java:logGet(44)) - raft.server.leaderelection.leader.step-down.wait-time = 10s (default)
2021-01-01 14:16:37,527 [pool-1763-thread-1] INFO  server.RaftServerConfigKeys (ConfUtils.java:logGet(44)) - raft.server.sleep.deviation.threshold = 300ms (default)
2021-01-01 14:16:37,527 [pool-1763-thread-1] INFO  server.RaftServerConfigKeys (ConfUtils.java:logGet(44)) - raft.server.log.appender.install.snapshot.enabled = false (custom)
2021-01-01 14:16:37,527 [pool-1763-thread-1] INFO  server.RaftServer$Division (ServerState.java:<init>(104)) - f4f30912-ea27-4eb3-bee5-ae3f82ef3ad0@group-3971C98EF519: ConfigurationManager, init=-1: [f4f30912-ea27-4eb3-bee5-ae3f82ef3ad0|rpc:172.17.0.2:45771], old=null, confs=<EMPTY_MAP>
2021-01-01 14:16:37,527 [pool-1763-thread-1] INFO  server.RaftServerConfigKeys (ConfUtils.java:logGet(44)) - raft.server.storage.dir = [/github/workspace/mnt/ozone/hadoop-ozone/integration-test/target/test-dir/MiniOzoneClusterImpl-cb490d7e-6ed4-4e2b-831b-323004451de6/datanode-2/data/ratis] (custom)
2021-01-01 14:16:37,527 [pool-1763-thread-1] INFO  server.RaftServerConfigKeys (ConfUtils.java:logGet(44)) - raft.server.log.corruption.policy = EXCEPTION (default)
2021-01-01 14:16:37,527 [pool-1763-thread-1] INFO  storage.RaftStorageDirectory (RaftStorageDirectory.java:analyzeStorage(260)) - The storage directory /github/workspace/mnt/ozone/hadoop-ozone/integration-test/target/test-dir/MiniOzoneClusterImpl-cb490d7e-6ed4-4e2b-831b-323004451de6/datanode-2/data/ratis/4fd7d95b-80b3-4c80-9895-3971c98ef519 does not exist. Creating ...
2021-01-01 14:16:37,528 [pool-1763-thread-1] INFO  storage.RaftStorageDirectory (RaftStorageDirectory.java:tryLock(342)) - Lock on /github/workspace/mnt/ozone/hadoop-ozone/integration-test/target/test-dir/MiniOzoneClusterImpl-cb490d7e-6ed4-4e2b-831b-323004451de6/datanode-2/data/ratis/4fd7d95b-80b3-4c80-9895-3971c98ef519/in_use.lock acquired by nodename 22720@722537d36201
2021-01-01 14:16:37,529 [pool-1763-thread-1] INFO  storage.RaftStorage (RaftStorage.java:format(89)) - Storage directory /github/workspace/mnt/ozone/hadoop-ozone/integration-test/target/test-dir/MiniOzoneClusterImpl-cb490d7e-6ed4-4e2b-831b-323004451de6/datanode-2/data/ratis/4fd7d95b-80b3-4c80-9895-3971c98ef519 has been successfully formatted.
2021-01-01 14:16:37,529 [pool-1763-thread-1] INFO  ratis.ContainerStateMachine (ContainerStateMachine.java:loadSnapshot(223)) - group-3971C98EF519: The snapshot info is null. Setting the last applied indexto:(t:0, i:~)
2021-01-01 14:16:37,529 [pool-1763-thread-1] ERROR storage.RaftStorage (RaftStorage.java:readRaftConfiguration(152)) - Failed reading configuration from file:/github/workspace/mnt/ozone/hadoop-ozone/integration-test/target/test-dir/MiniOzoneClusterImpl-cb490d7e-6ed4-4e2b-831b-323004451de6/datanode-2/data/ratis/4fd7d95b-80b3-4c80-9895-3971c98ef519/current/raft-meta.conf
java.io.FileNotFoundException: /github/workspace/mnt/ozone/hadoop-ozone/integration-test/target/test-dir/MiniOzoneClusterImpl-cb490d7e-6ed4-4e2b-831b-323004451de6/datanode-2/data/ratis/4fd7d95b-80b3-4c80-9895-3971c98ef519/current/raft-meta.conf (No such file or directory)
	at java.io.FileInputStream.open0(Native Method)
	at java.io.FileInputStream.open(FileInputStream.java:195)
	at java.io.FileInputStream.<init>(FileInputStream.java:138)
	at org.apache.ratis.server.storage.RaftStorage.readRaftConfiguration(RaftStorage.java:148)
	at org.apache.ratis.server.impl.ServerState.initStatemachine(ServerState.java:167)
	at org.apache.ratis.server.impl.ServerState.<init>(ServerState.java:112)
	at org.apache.ratis.server.impl.RaftServerImpl.<init>(RaftServerImpl.java:186)
	at org.apache.ratis.server.impl.RaftServerProxy.lambda$newRaftServerImpl$4(RaftServerProxy.java:264)
	at java.util.concurrent.CompletableFuture$AsyncSupply.run(CompletableFuture.java:1604)
	at java.util.concurrent.ThreadPoolExecutor.runWorker(ThreadPoolExecutor.java:1149)
	at java.util.concurrent.ThreadPoolExecutor$Worker.run(ThreadPoolExecutor.java:624)
	at java.lang.Thread.run(Thread.java:748)
2021-01-01 14:16:37,529 [pool-1763-thread-1] INFO  server.RaftServerConfigKeys (ConfUtils.java:logGet(44)) - raft.server.notification.no-leader.timeout = 300s (custom)
2021-01-01 14:16:37,530 [pool-1763-thread-1] INFO  server.RaftServerConfigKeys (ConfUtils.java:logGet(44)) - raft.server.log.use.memory = false (default)
2021-01-01 14:16:37,530 [EventQueue-PipelineReportForOneReplicaPipelineSafeModeRule] INFO  safemode.SCMSafeModeManager (SCMSafeModeManager.java:validateSafeModeExitRules(214)) - AtleastOneDatanodeReportedRule rule is successfully validated
2021-01-01 14:16:37,530 [pool-1763-thread-1] INFO  server.RaftServerConfigKeys (ConfUtils.java:logGet(44)) - raft.server.log.purge.gap = 1000000 (custom)
2021-01-01 14:16:37,530 [pool-1763-thread-1] INFO  metrics.RatisMetrics (RatisMetrics.java:lambda$create$0(36)) - Creating Metrics Registry : ratis.log_worker.f4f30912-ea27-4eb3-bee5-ae3f82ef3ad0@group-3971C98EF519
2021-01-01 14:16:37,530 [EventQueue-PipelineReportForPipelineReportHandler] INFO  pipeline.PipelineStateManager (PipelineStateManager.java:openPipeline(132)) - Pipeline Pipeline[ Id: 4fd7d95b-80b3-4c80-9895-3971c98ef519, Nodes: f4f30912-ea27-4eb3-bee5-ae3f82ef3ad0{ip: 172.17.0.2, host: 722537d36201, networkLocation: /default-rack, certSerialId: null, persistedOpState: IN_SERVICE, persistedOpStateExpiryEpochSec: 0}, Type:RATIS, Factor:ONE, State:ALLOCATED, leaderId:f4f30912-ea27-4eb3-bee5-ae3f82ef3ad0, CreationTimestamp2021-01-01T14:16:34.527Z] moved to OPEN state
2021-01-01 14:16:37,531 [pool-1763-thread-1] INFO  server.RaftServerConfigKeys (ConfUtils.java:logGet(44)) - raft.server.log.appender.buffer.byte-limit = 33554432 (custom)
2021-01-01 14:16:37,531 [EventQueue-OpenPipelineForHealthyPipelineSafeModeRule] INFO  safemode.SCMSafeModeManager (HealthyPipelineSafeModeRule.java:process(128)) - SCM in safe mode. Healthy pipelines reported count is 0, required healthy pipeline reported count is 1
2021-01-01 14:16:37,531 [pool-1763-thread-1] INFO  server.RaftServerConfigKeys (ConfUtils.java:logGet(44)) - raft.server.log.segment.size.max = 1048576 (custom)
2021-01-01 14:16:37,532 [pool-1763-thread-1] INFO  server.RaftServerConfigKeys (ConfUtils.java:logGet(44)) - raft.server.log.segment.cache.num.max = 2 (custom)
2021-01-01 14:16:37,532 [pool-1763-thread-1] INFO  server.RaftServerConfigKeys (ConfUtils.java:logGet(44)) - raft.server.log.segment.cache.size.max = 200MB (=209715200) (default)
2021-01-01 14:16:37,532 [pool-1763-thread-1] INFO  segmented.SegmentedRaftLogWorker (SegmentedRaftLogWorker.java:<init>(181)) - new f4f30912-ea27-4eb3-bee5-ae3f82ef3ad0@group-3971C98EF519-SegmentedRaftLogWorker for RaftStorage:Storage Directory /github/workspace/mnt/ozone/hadoop-ozone/integration-test/target/test-dir/MiniOzoneClusterImpl-cb490d7e-6ed4-4e2b-831b-323004451de6/datanode-2/data/ratis/4fd7d95b-80b3-4c80-9895-3971c98ef519
2021-01-01 14:16:37,532 [pool-1763-thread-1] INFO  server.RaftServerConfigKeys (ConfUtils.java:logGet(44)) - raft.server.log.queue.byte-limit = 2147483647 (custom)
2021-01-01 14:16:37,532 [pool-1763-thread-1] INFO  server.RaftServerConfigKeys (ConfUtils.java:logGet(44)) - raft.server.log.queue.element-limit = 1024 (custom)
2021-01-01 14:16:37,532 [pool-1763-thread-1] INFO  server.RaftServerConfigKeys (ConfUtils.java:logGet(44)) - raft.server.log.segment.size.max = 1048576 (custom)
2021-01-01 14:16:37,532 [pool-1763-thread-1] INFO  server.RaftServerConfigKeys (ConfUtils.java:logGet(44)) - raft.server.log.preallocated.size = 16384 (custom)
2021-01-01 14:16:37,532 [pool-1763-thread-1] INFO  server.RaftServerConfigKeys (ConfUtils.java:logGet(44)) - raft.server.log.force.sync.num = 128 (default)
2021-01-01 14:16:37,532 [pool-1763-thread-1] INFO  server.RaftServerConfigKeys (ConfUtils.java:logGet(44)) - raft.server.log.statemachine.data.sync = true (default)
2021-01-01 14:16:37,532 [pool-1763-thread-1] INFO  server.RaftServerConfigKeys (ConfUtils.java:logGet(44)) - raft.server.log.statemachine.data.sync.timeout = 10s (default)
2021-01-01 14:16:37,532 [pool-1763-thread-1] INFO  server.RaftServerConfigKeys (ConfUtils.java:logGet(44)) - raft.server.log.statemachine.data.sync.timeout.retry = -1 (default)
2021-01-01 14:16:37,535 [pool-1763-thread-1] INFO  server.RaftServerConfigKeys (ConfUtils.java:logGet(44)) - raft.server.log.write.buffer.size = 1048576 (custom)
2021-01-01 14:16:37,535 [pool-1763-thread-1] INFO  server.RaftServerConfigKeys (ConfUtils.java:logGet(44)) - raft.server.log.statemachine.data.caching.enabled = true (custom)
2021-01-01 14:16:37,536 [pool-1763-thread-1] INFO  segmented.SegmentedRaftLogWorker (SegmentedRaftLogWorker.java:lambda$new$0(132)) - f4f30912-ea27-4eb3-bee5-ae3f82ef3ad0@group-3971C98EF519-SegmentedRaftLogWorker: flushIndex: setUnconditionally 0 -> -1
2021-01-01 14:16:37,536 [pool-1763-thread-1] INFO  segmented.SegmentedRaftLogWorker (SegmentedRaftLogWorker.java:lambda$new$0(132)) - f4f30912-ea27-4eb3-bee5-ae3f82ef3ad0@group-3971C98EF519-SegmentedRaftLogWorker: safeCacheEvictIndex: setUnconditionally 0 -> -1
2021-01-01 14:16:37,536 [pool-1763-thread-1] INFO  server.RaftServerConfigKeys (ConfUtils.java:logGet(44)) - raft.server.snapshot.auto.trigger.enabled = true (custom)
2021-01-01 14:16:37,536 [pool-1763-thread-1] INFO  server.RaftServerConfigKeys (ConfUtils.java:logGet(44)) - raft.server.snapshot.auto.trigger.threshold = 10000 (custom)
2021-01-01 14:16:37,536 [pool-1763-thread-1] INFO  server.RaftServerConfigKeys (ConfUtils.java:logGet(44)) - raft.server.snapshot.retention.file.num = 5 (custom)
2021-01-01 14:16:37,536 [pool-1763-thread-1] INFO  server.RaftServerConfigKeys (ConfUtils.java:logGet(44)) - raft.server.log.purge.upto.snapshot.index = false (default)
2021-01-01 14:16:37,536 [pool-1763-thread-1] INFO  server.RaftServerConfigKeys (ConfUtils.java:logGet(44)) - raft.server.retrycache.expirytime = 600000ms (custom)
2021-01-01 14:16:37,536 [pool-1763-thread-1] INFO  server.RaftServerConfigKeys (ConfUtils.java:logGet(44)) - raft.server.retrycache.statistics.expirytime = 100?s (default)
2021-01-01 14:16:37,536 [pool-1763-thread-1] INFO  metrics.RatisMetrics (RatisMetrics.java:lambda$create$0(36)) - Creating Metrics Registry : ratis.leader_election.f4f30912-ea27-4eb3-bee5-ae3f82ef3ad0@group-3971C98EF519
2021-01-01 14:16:37,537 [pool-1763-thread-1] INFO  metrics.RatisMetrics (RatisMetrics.java:lambda$create$0(36)) - Creating Metrics Registry : ratis.server.f4f30912-ea27-4eb3-bee5-ae3f82ef3ad0@group-3971C98EF519
2021-01-01 14:16:37,539 [pool-1763-thread-1] INFO  server.RaftServer$Division (RaftServerImpl.java:start(286)) - f4f30912-ea27-4eb3-bee5-ae3f82ef3ad0@group-3971C98EF519: start as a follower, conf=-1: [f4f30912-ea27-4eb3-bee5-ae3f82ef3ad0|rpc:172.17.0.2:45771], old=null
2021-01-01 14:16:37,539 [pool-1763-thread-1] INFO  server.RaftServer$Division (RaftServerImpl.java:setRole(275)) - f4f30912-ea27-4eb3-bee5-ae3f82ef3ad0@group-3971C98EF519: changes role from      null to FOLLOWER at term 0 for startAsFollower
2021-01-01 14:16:37,539 [pool-1763-thread-1] INFO  impl.RoleInfo (RoleInfo.java:updateAndGet(130)) - f4f30912-ea27-4eb3-bee5-ae3f82ef3ad0: start f4f30912-ea27-4eb3-bee5-ae3f82ef3ad0@group-3971C98EF519-FollowerState
2021-01-01 14:16:37,542 [pool-1763-thread-1] INFO  util.JmxRegister (JmxRegister.java:tryRegister(44)) - Successfully registered JMX Bean with object name Ratis:service=RaftServer,group=group-3971C98EF519,id=f4f30912-ea27-4eb3-bee5-ae3f82ef3ad0
2021-01-01 14:16:37,542 [pool-1763-thread-1] INFO  metrics.RatisMetrics (RatisMetrics.java:lambda$create$0(36)) - Creating Metrics Registry : ratis.state_machine.f4f30912-ea27-4eb3-bee5-ae3f82ef3ad0@group-3971C98EF519
2021-01-01 14:16:37,543 [Command processor thread] INFO  commandhandler.CreatePipelineCommandHandler (CreatePipelineCommandHandler.java:handle(106)) - Created Pipeline RATIS ONE PipelineID=4fd7d95b-80b3-4c80-9895-3971c98ef519.
2021-01-01 14:16:37,693 [Command processor thread] INFO  server.RaftServer (RaftServerProxy.java:addNew(93)) - ee53c20d-fee6-4df8-8e2d-61e62324c9a5: addNew group-69C508B4C6BD:[ee53c20d-fee6-4df8-8e2d-61e62324c9a5|rpc:172.17.0.2:46799] returns group-69C508B4C6BD:java.util.concurrent.CompletableFuture@30032169[Not completed]
2021-01-01 14:16:37,693 [EventQueue-PipelineReportForOneReplicaPipelineSafeModeRule] INFO  safemode.SCMSafeModeManager (SCMSafeModeManager.java:validateSafeModeExitRules(214)) - AtleastOneDatanodeReportedRule rule is successfully validated
2021-01-01 14:16:37,694 [pool-1779-thread-1] INFO  server.RaftServer$Division (RaftServerImpl.java:<init>(173)) - ee53c20d-fee6-4df8-8e2d-61e62324c9a5: new RaftServerImpl for group-69C508B4C6BD:[ee53c20d-fee6-4df8-8e2d-61e62324c9a5|rpc:172.17.0.2:46799] with ContainerStateMachine:uninitialized
2021-01-01 14:16:37,697 [pool-1779-thread-1] INFO  server.RaftServerConfigKeys (ConfUtils.java:logGet(44)) - raft.server.rpc.timeout.min = 5s (custom)
2021-01-01 14:16:37,697 [pool-1779-thread-1] INFO  server.RaftServerConfigKeys (ConfUtils.java:logGet(44)) - raft.server.rpc.timeout.max = 5200ms (custom)
2021-01-01 14:16:37,697 [pool-1779-thread-1] INFO  server.RaftServerConfigKeys (ConfUtils.java:logGet(44)) - raft.server.rpc.sleep.time = 25ms (default)
2021-01-01 14:16:37,697 [pool-1779-thread-1] INFO  server.RaftServerConfigKeys (ConfUtils.java:logGet(44)) - raft.server.rpc.slowness.timeout = 300s (custom)
2021-01-01 14:16:37,697 [pool-1779-thread-1] INFO  server.RaftServerConfigKeys (ConfUtils.java:logGet(44)) - raft.server.leaderelection.leader.step-down.wait-time = 10s (default)
2021-01-01 14:16:37,697 [pool-1779-thread-1] INFO  server.RaftServerConfigKeys (ConfUtils.java:logGet(44)) - raft.server.sleep.deviation.threshold = 300ms (default)
2021-01-01 14:16:37,697 [pool-1779-thread-1] INFO  server.RaftServerConfigKeys (ConfUtils.java:logGet(44)) - raft.server.log.appender.install.snapshot.enabled = false (custom)
2021-01-01 14:16:37,697 [pool-1779-thread-1] INFO  server.RaftServer$Division (ServerState.java:<init>(104)) - ee53c20d-fee6-4df8-8e2d-61e62324c9a5@group-69C508B4C6BD: ConfigurationManager, init=-1: [ee53c20d-fee6-4df8-8e2d-61e62324c9a5|rpc:172.17.0.2:46799], old=null, confs=<EMPTY_MAP>
2021-01-01 14:16:37,697 [pool-1779-thread-1] INFO  server.RaftServerConfigKeys (ConfUtils.java:logGet(44)) - raft.server.storage.dir = [/github/workspace/mnt/ozone/hadoop-ozone/integration-test/target/test-dir/MiniOzoneClusterImpl-cb490d7e-6ed4-4e2b-831b-323004451de6/datanode-3/data/ratis] (custom)
2021-01-01 14:16:37,697 [pool-1779-thread-1] INFO  server.RaftServerConfigKeys (ConfUtils.java:logGet(44)) - raft.server.log.corruption.policy = EXCEPTION (default)
2021-01-01 14:16:37,698 [pool-1779-thread-1] INFO  storage.RaftStorageDirectory (RaftStorageDirectory.java:analyzeStorage(260)) - The storage directory /github/workspace/mnt/ozone/hadoop-ozone/integration-test/target/test-dir/MiniOzoneClusterImpl-cb490d7e-6ed4-4e2b-831b-323004451de6/datanode-3/data/ratis/a3f31094-69d4-4967-8aa8-69c508b4c6bd does not exist. Creating ...
2021-01-01 14:16:37,698 [pool-1779-thread-1] INFO  storage.RaftStorageDirectory (RaftStorageDirectory.java:tryLock(342)) - Lock on /github/workspace/mnt/ozone/hadoop-ozone/integration-test/target/test-dir/MiniOzoneClusterImpl-cb490d7e-6ed4-4e2b-831b-323004451de6/datanode-3/data/ratis/a3f31094-69d4-4967-8aa8-69c508b4c6bd/in_use.lock acquired by nodename 22720@722537d36201
2021-01-01 14:16:37,699 [pool-1779-thread-1] INFO  storage.RaftStorage (RaftStorage.java:format(89)) - Storage directory /github/workspace/mnt/ozone/hadoop-ozone/integration-test/target/test-dir/MiniOzoneClusterImpl-cb490d7e-6ed4-4e2b-831b-323004451de6/datanode-3/data/ratis/a3f31094-69d4-4967-8aa8-69c508b4c6bd has been successfully formatted.
2021-01-01 14:16:37,699 [pool-1779-thread-1] INFO  ratis.ContainerStateMachine (ContainerStateMachine.java:loadSnapshot(223)) - group-69C508B4C6BD: The snapshot info is null. Setting the last applied indexto:(t:0, i:~)
2021-01-01 14:16:37,700 [pool-1779-thread-1] ERROR storage.RaftStorage (RaftStorage.java:readRaftConfiguration(152)) - Failed reading configuration from file:/github/workspace/mnt/ozone/hadoop-ozone/integration-test/target/test-dir/MiniOzoneClusterImpl-cb490d7e-6ed4-4e2b-831b-323004451de6/datanode-3/data/ratis/a3f31094-69d4-4967-8aa8-69c508b4c6bd/current/raft-meta.conf
java.io.FileNotFoundException: /github/workspace/mnt/ozone/hadoop-ozone/integration-test/target/test-dir/MiniOzoneClusterImpl-cb490d7e-6ed4-4e2b-831b-323004451de6/datanode-3/data/ratis/a3f31094-69d4-4967-8aa8-69c508b4c6bd/current/raft-meta.conf (No such file or directory)
	at java.io.FileInputStream.open0(Native Method)
	at java.io.FileInputStream.open(FileInputStream.java:195)
	at java.io.FileInputStream.<init>(FileInputStream.java:138)
	at org.apache.ratis.server.storage.RaftStorage.readRaftConfiguration(RaftStorage.java:148)
	at org.apache.ratis.server.impl.ServerState.initStatemachine(ServerState.java:167)
	at org.apache.ratis.server.impl.ServerState.<init>(ServerState.java:112)
	at org.apache.ratis.server.impl.RaftServerImpl.<init>(RaftServerImpl.java:186)
	at org.apache.ratis.server.impl.RaftServerProxy.lambda$newRaftServerImpl$4(RaftServerProxy.java:264)
	at java.util.concurrent.CompletableFuture$AsyncSupply.run(CompletableFuture.java:1604)
	at java.util.concurrent.ThreadPoolExecutor.runWorker(ThreadPoolExecutor.java:1149)
	at java.util.concurrent.ThreadPoolExecutor$Worker.run(ThreadPoolExecutor.java:624)
	at java.lang.Thread.run(Thread.java:748)
2021-01-01 14:16:37,700 [pool-1779-thread-1] INFO  server.RaftServerConfigKeys (ConfUtils.java:logGet(44)) - raft.server.notification.no-leader.timeout = 300s (custom)
2021-01-01 14:16:37,700 [pool-1779-thread-1] INFO  server.RaftServerConfigKeys (ConfUtils.java:logGet(44)) - raft.server.log.use.memory = false (default)
2021-01-01 14:16:37,700 [pool-1779-thread-1] INFO  server.RaftServerConfigKeys (ConfUtils.java:logGet(44)) - raft.server.log.purge.gap = 1000000 (custom)
2021-01-01 14:16:37,700 [pool-1779-thread-1] INFO  metrics.RatisMetrics (RatisMetrics.java:lambda$create$0(36)) - Creating Metrics Registry : ratis.log_worker.ee53c20d-fee6-4df8-8e2d-61e62324c9a5@group-69C508B4C6BD
2021-01-01 14:16:37,700 [EventQueue-PipelineReportForOneReplicaPipelineSafeModeRule] INFO  safemode.SCMSafeModeManager (SCMSafeModeManager.java:validateSafeModeExitRules(214)) - AtleastOneDatanodeReportedRule rule is successfully validated
2021-01-01 14:16:37,700 [EventQueue-PipelineReportForPipelineReportHandler] INFO  pipeline.PipelineStateManager (PipelineStateManager.java:openPipeline(132)) - Pipeline Pipeline[ Id: a3f31094-69d4-4967-8aa8-69c508b4c6bd, Nodes: ee53c20d-fee6-4df8-8e2d-61e62324c9a5{ip: 172.17.0.2, host: 722537d36201, networkLocation: /default-rack, certSerialId: null, persistedOpState: IN_SERVICE, persistedOpStateExpiryEpochSec: 0}, Type:RATIS, Factor:ONE, State:ALLOCATED, leaderId:ee53c20d-fee6-4df8-8e2d-61e62324c9a5, CreationTimestamp2021-01-01T14:16:34.694Z] moved to OPEN state
2021-01-01 14:16:37,700 [pool-1779-thread-1] INFO  server.RaftServerConfigKeys (ConfUtils.java:logGet(44)) - raft.server.log.appender.buffer.byte-limit = 33554432 (custom)
2021-01-01 14:16:37,700 [pool-1779-thread-1] INFO  server.RaftServerConfigKeys (ConfUtils.java:logGet(44)) - raft.server.log.segment.size.max = 1048576 (custom)
2021-01-01 14:16:37,700 [EventQueue-OpenPipelineForHealthyPipelineSafeModeRule] INFO  safemode.SCMSafeModeManager (HealthyPipelineSafeModeRule.java:process(128)) - SCM in safe mode. Healthy pipelines reported count is 0, required healthy pipeline reported count is 1
2021-01-01 14:16:37,702 [pool-1779-thread-1] INFO  server.RaftServerConfigKeys (ConfUtils.java:logGet(44)) - raft.server.log.segment.cache.num.max = 2 (custom)
2021-01-01 14:16:37,702 [pool-1779-thread-1] INFO  server.RaftServerConfigKeys (ConfUtils.java:logGet(44)) - raft.server.log.segment.cache.size.max = 200MB (=209715200) (default)
2021-01-01 14:16:37,702 [pool-1779-thread-1] INFO  segmented.SegmentedRaftLogWorker (SegmentedRaftLogWorker.java:<init>(181)) - new ee53c20d-fee6-4df8-8e2d-61e62324c9a5@group-69C508B4C6BD-SegmentedRaftLogWorker for RaftStorage:Storage Directory /github/workspace/mnt/ozone/hadoop-ozone/integration-test/target/test-dir/MiniOzoneClusterImpl-cb490d7e-6ed4-4e2b-831b-323004451de6/datanode-3/data/ratis/a3f31094-69d4-4967-8aa8-69c508b4c6bd
2021-01-01 14:16:37,702 [pool-1779-thread-1] INFO  server.RaftServerConfigKeys (ConfUtils.java:logGet(44)) - raft.server.log.queue.byte-limit = 2147483647 (custom)
2021-01-01 14:16:37,702 [pool-1779-thread-1] INFO  server.RaftServerConfigKeys (ConfUtils.java:logGet(44)) - raft.server.log.queue.element-limit = 1024 (custom)
2021-01-01 14:16:37,702 [pool-1779-thread-1] INFO  server.RaftServerConfigKeys (ConfUtils.java:logGet(44)) - raft.server.log.segment.size.max = 1048576 (custom)
2021-01-01 14:16:37,702 [pool-1779-thread-1] INFO  server.RaftServerConfigKeys (ConfUtils.java:logGet(44)) - raft.server.log.preallocated.size = 16384 (custom)
2021-01-01 14:16:37,702 [pool-1779-thread-1] INFO  server.RaftServerConfigKeys (ConfUtils.java:logGet(44)) - raft.server.log.force.sync.num = 128 (default)
2021-01-01 14:16:37,702 [pool-1779-thread-1] INFO  server.RaftServerConfigKeys (ConfUtils.java:logGet(44)) - raft.server.log.statemachine.data.sync = true (default)
2021-01-01 14:16:37,702 [pool-1779-thread-1] INFO  server.RaftServerConfigKeys (ConfUtils.java:logGet(44)) - raft.server.log.statemachine.data.sync.timeout = 10s (default)
2021-01-01 14:16:37,702 [pool-1779-thread-1] INFO  server.RaftServerConfigKeys (ConfUtils.java:logGet(44)) - raft.server.log.statemachine.data.sync.timeout.retry = -1 (default)
2021-01-01 14:16:37,705 [pool-1779-thread-1] INFO  server.RaftServerConfigKeys (ConfUtils.java:logGet(44)) - raft.server.log.write.buffer.size = 1048576 (custom)
2021-01-01 14:16:37,705 [pool-1779-thread-1] INFO  server.RaftServerConfigKeys (ConfUtils.java:logGet(44)) - raft.server.log.statemachine.data.caching.enabled = true (custom)
2021-01-01 14:16:37,705 [pool-1779-thread-1] INFO  segmented.SegmentedRaftLogWorker (SegmentedRaftLogWorker.java:lambda$new$0(132)) - ee53c20d-fee6-4df8-8e2d-61e62324c9a5@group-69C508B4C6BD-SegmentedRaftLogWorker: flushIndex: setUnconditionally 0 -> -1
2021-01-01 14:16:37,706 [pool-1779-thread-1] INFO  segmented.SegmentedRaftLogWorker (SegmentedRaftLogWorker.java:lambda$new$0(132)) - ee53c20d-fee6-4df8-8e2d-61e62324c9a5@group-69C508B4C6BD-SegmentedRaftLogWorker: safeCacheEvictIndex: setUnconditionally 0 -> -1
2021-01-01 14:16:37,706 [pool-1779-thread-1] INFO  server.RaftServerConfigKeys (ConfUtils.java:logGet(44)) - raft.server.snapshot.auto.trigger.enabled = true (custom)
2021-01-01 14:16:37,706 [pool-1779-thread-1] INFO  server.RaftServerConfigKeys (ConfUtils.java:logGet(44)) - raft.server.snapshot.auto.trigger.threshold = 10000 (custom)
2021-01-01 14:16:37,706 [pool-1779-thread-1] INFO  server.RaftServerConfigKeys (ConfUtils.java:logGet(44)) - raft.server.snapshot.retention.file.num = 5 (custom)
2021-01-01 14:16:37,706 [pool-1779-thread-1] INFO  server.RaftServerConfigKeys (ConfUtils.java:logGet(44)) - raft.server.log.purge.upto.snapshot.index = false (default)
2021-01-01 14:16:37,706 [pool-1779-thread-1] INFO  server.RaftServerConfigKeys (ConfUtils.java:logGet(44)) - raft.server.retrycache.expirytime = 600000ms (custom)
2021-01-01 14:16:37,706 [pool-1779-thread-1] INFO  server.RaftServerConfigKeys (ConfUtils.java:logGet(44)) - raft.server.retrycache.statistics.expirytime = 100?s (default)
2021-01-01 14:16:37,706 [pool-1779-thread-1] INFO  metrics.RatisMetrics (RatisMetrics.java:lambda$create$0(36)) - Creating Metrics Registry : ratis.leader_election.ee53c20d-fee6-4df8-8e2d-61e62324c9a5@group-69C508B4C6BD
2021-01-01 14:16:37,707 [pool-1779-thread-1] INFO  metrics.RatisMetrics (RatisMetrics.java:lambda$create$0(36)) - Creating Metrics Registry : ratis.server.ee53c20d-fee6-4df8-8e2d-61e62324c9a5@group-69C508B4C6BD
2021-01-01 14:16:37,709 [pool-1779-thread-1] INFO  server.RaftServer$Division (RaftServerImpl.java:start(286)) - ee53c20d-fee6-4df8-8e2d-61e62324c9a5@group-69C508B4C6BD: start as a follower, conf=-1: [ee53c20d-fee6-4df8-8e2d-61e62324c9a5|rpc:172.17.0.2:46799], old=null
2021-01-01 14:16:37,709 [pool-1779-thread-1] INFO  server.RaftServer$Division (RaftServerImpl.java:setRole(275)) - ee53c20d-fee6-4df8-8e2d-61e62324c9a5@group-69C508B4C6BD: changes role from      null to FOLLOWER at term 0 for startAsFollower
2021-01-01 14:16:37,709 [pool-1779-thread-1] INFO  impl.RoleInfo (RoleInfo.java:updateAndGet(130)) - ee53c20d-fee6-4df8-8e2d-61e62324c9a5: start ee53c20d-fee6-4df8-8e2d-61e62324c9a5@group-69C508B4C6BD-FollowerState
2021-01-01 14:16:37,710 [pool-1779-thread-1] INFO  util.JmxRegister (JmxRegister.java:tryRegister(44)) - Successfully registered JMX Bean with object name Ratis:service=RaftServer,group=group-69C508B4C6BD,id=ee53c20d-fee6-4df8-8e2d-61e62324c9a5
2021-01-01 14:16:37,710 [pool-1779-thread-1] INFO  metrics.RatisMetrics (RatisMetrics.java:lambda$create$0(36)) - Creating Metrics Registry : ratis.state_machine.ee53c20d-fee6-4df8-8e2d-61e62324c9a5@group-69C508B4C6BD
2021-01-01 14:16:37,711 [Command processor thread] INFO  commandhandler.CreatePipelineCommandHandler (CreatePipelineCommandHandler.java:handle(106)) - Created Pipeline RATIS ONE PipelineID=a3f31094-69d4-4967-8aa8-69c508b4c6bd.
2021-01-01 14:16:37,711 [Command processor thread] INFO  server.RaftServer (RaftServerProxy.java:addNew(93)) - ee53c20d-fee6-4df8-8e2d-61e62324c9a5: addNew group-F1DACBA0D7F0:[6599d769-7ef0-430f-a42f-80d7661ca159|rpc:172.17.0.2:37921, b05a1b8e-b732-4ead-90c9-c61088a01b0a|rpc:172.17.0.2:43445, ee53c20d-fee6-4df8-8e2d-61e62324c9a5|rpc:172.17.0.2:46799] returns group-F1DACBA0D7F0:java.util.concurrent.CompletableFuture@343ca3b1[Not completed]
2021-01-01 14:16:37,711 [pool-1779-thread-1] INFO  server.RaftServer$Division (RaftServerImpl.java:<init>(173)) - ee53c20d-fee6-4df8-8e2d-61e62324c9a5: new RaftServerImpl for group-F1DACBA0D7F0:[6599d769-7ef0-430f-a42f-80d7661ca159|rpc:172.17.0.2:37921, b05a1b8e-b732-4ead-90c9-c61088a01b0a|rpc:172.17.0.2:43445, ee53c20d-fee6-4df8-8e2d-61e62324c9a5|rpc:172.17.0.2:46799] with ContainerStateMachine:uninitialized
2021-01-01 14:16:37,711 [pool-1779-thread-1] INFO  server.RaftServerConfigKeys (ConfUtils.java:logGet(44)) - raft.server.rpc.timeout.min = 5s (custom)
2021-01-01 14:16:37,711 [pool-1779-thread-1] INFO  server.RaftServerConfigKeys (ConfUtils.java:logGet(44)) - raft.server.rpc.timeout.max = 5200ms (custom)
2021-01-01 14:16:37,711 [pool-1779-thread-1] INFO  server.RaftServerConfigKeys (ConfUtils.java:logGet(44)) - raft.server.rpc.sleep.time = 25ms (default)
2021-01-01 14:16:37,711 [pool-1779-thread-1] INFO  server.RaftServerConfigKeys (ConfUtils.java:logGet(44)) - raft.server.rpc.slowness.timeout = 300s (custom)
2021-01-01 14:16:37,711 [pool-1779-thread-1] INFO  server.RaftServerConfigKeys (ConfUtils.java:logGet(44)) - raft.server.leaderelection.leader.step-down.wait-time = 10s (default)
2021-01-01 14:16:37,712 [pool-1779-thread-1] INFO  server.RaftServerConfigKeys (ConfUtils.java:logGet(44)) - raft.server.sleep.deviation.threshold = 300ms (default)
2021-01-01 14:16:37,712 [pool-1779-thread-1] INFO  server.RaftServerConfigKeys (ConfUtils.java:logGet(44)) - raft.server.log.appender.install.snapshot.enabled = false (custom)
2021-01-01 14:16:37,712 [pool-1779-thread-1] INFO  server.RaftServer$Division (ServerState.java:<init>(104)) - ee53c20d-fee6-4df8-8e2d-61e62324c9a5@group-F1DACBA0D7F0: ConfigurationManager, init=-1: [6599d769-7ef0-430f-a42f-80d7661ca159|rpc:172.17.0.2:37921, b05a1b8e-b732-4ead-90c9-c61088a01b0a|rpc:172.17.0.2:43445, ee53c20d-fee6-4df8-8e2d-61e62324c9a5|rpc:172.17.0.2:46799], old=null, confs=<EMPTY_MAP>
2021-01-01 14:16:37,712 [pool-1779-thread-1] INFO  server.RaftServerConfigKeys (ConfUtils.java:logGet(44)) - raft.server.storage.dir = [/github/workspace/mnt/ozone/hadoop-ozone/integration-test/target/test-dir/MiniOzoneClusterImpl-cb490d7e-6ed4-4e2b-831b-323004451de6/datanode-3/data/ratis] (custom)
2021-01-01 14:16:37,712 [pool-1779-thread-1] INFO  server.RaftServerConfigKeys (ConfUtils.java:logGet(44)) - raft.server.log.corruption.policy = EXCEPTION (default)
2021-01-01 14:16:37,712 [pool-1779-thread-1] INFO  storage.RaftStorageDirectory (RaftStorageDirectory.java:analyzeStorage(260)) - The storage directory /github/workspace/mnt/ozone/hadoop-ozone/integration-test/target/test-dir/MiniOzoneClusterImpl-cb490d7e-6ed4-4e2b-831b-323004451de6/datanode-3/data/ratis/dbaa5e50-a9c4-4d51-9e1d-f1dacba0d7f0 does not exist. Creating ...
2021-01-01 14:16:37,713 [pool-1779-thread-1] INFO  storage.RaftStorageDirectory (RaftStorageDirectory.java:tryLock(342)) - Lock on /github/workspace/mnt/ozone/hadoop-ozone/integration-test/target/test-dir/MiniOzoneClusterImpl-cb490d7e-6ed4-4e2b-831b-323004451de6/datanode-3/data/ratis/dbaa5e50-a9c4-4d51-9e1d-f1dacba0d7f0/in_use.lock acquired by nodename 22720@722537d36201
2021-01-01 14:16:37,713 [pool-1779-thread-1] INFO  storage.RaftStorage (RaftStorage.java:format(89)) - Storage directory /github/workspace/mnt/ozone/hadoop-ozone/integration-test/target/test-dir/MiniOzoneClusterImpl-cb490d7e-6ed4-4e2b-831b-323004451de6/datanode-3/data/ratis/dbaa5e50-a9c4-4d51-9e1d-f1dacba0d7f0 has been successfully formatted.
2021-01-01 14:16:37,713 [pool-1779-thread-1] INFO  ratis.ContainerStateMachine (ContainerStateMachine.java:loadSnapshot(223)) - group-F1DACBA0D7F0: The snapshot info is null. Setting the last applied indexto:(t:0, i:~)
2021-01-01 14:16:37,714 [pool-1779-thread-1] ERROR storage.RaftStorage (RaftStorage.java:readRaftConfiguration(152)) - Failed reading configuration from file:/github/workspace/mnt/ozone/hadoop-ozone/integration-test/target/test-dir/MiniOzoneClusterImpl-cb490d7e-6ed4-4e2b-831b-323004451de6/datanode-3/data/ratis/dbaa5e50-a9c4-4d51-9e1d-f1dacba0d7f0/current/raft-meta.conf
java.io.FileNotFoundException: /github/workspace/mnt/ozone/hadoop-ozone/integration-test/target/test-dir/MiniOzoneClusterImpl-cb490d7e-6ed4-4e2b-831b-323004451de6/datanode-3/data/ratis/dbaa5e50-a9c4-4d51-9e1d-f1dacba0d7f0/current/raft-meta.conf (No such file or directory)
	at java.io.FileInputStream.open0(Native Method)
	at java.io.FileInputStream.open(FileInputStream.java:195)
	at java.io.FileInputStream.<init>(FileInputStream.java:138)
	at org.apache.ratis.server.storage.RaftStorage.readRaftConfiguration(RaftStorage.java:148)
	at org.apache.ratis.server.impl.ServerState.initStatemachine(ServerState.java:167)
	at org.apache.ratis.server.impl.ServerState.<init>(ServerState.java:112)
	at org.apache.ratis.server.impl.RaftServerImpl.<init>(RaftServerImpl.java:186)
	at org.apache.ratis.server.impl.RaftServerProxy.lambda$newRaftServerImpl$4(RaftServerProxy.java:264)
	at java.util.concurrent.CompletableFuture$AsyncSupply.run(CompletableFuture.java:1604)
	at java.util.concurrent.ThreadPoolExecutor.runWorker(ThreadPoolExecutor.java:1149)
	at java.util.concurrent.ThreadPoolExecutor$Worker.run(ThreadPoolExecutor.java:624)
	at java.lang.Thread.run(Thread.java:748)
2021-01-01 14:16:37,714 [pool-1779-thread-1] INFO  server.RaftServerConfigKeys (ConfUtils.java:logGet(44)) - raft.server.notification.no-leader.timeout = 300s (custom)
2021-01-01 14:16:37,714 [pool-1779-thread-1] INFO  server.RaftServerConfigKeys (ConfUtils.java:logGet(44)) - raft.server.log.use.memory = false (default)
2021-01-01 14:16:37,714 [EventQueue-PipelineReportForOneReplicaPipelineSafeModeRule] INFO  safemode.SCMSafeModeManager (SCMSafeModeManager.java:validateSafeModeExitRules(214)) - AtleastOneDatanodeReportedRule rule is successfully validated
2021-01-01 14:16:37,714 [EventQueue-OpenPipelineForHealthyPipelineSafeModeRule] INFO  safemode.SCMSafeModeManager (HealthyPipelineSafeModeRule.java:process(128)) - SCM in safe mode. Healthy pipelines reported count is 0, required healthy pipeline reported count is 1
2021-01-01 14:16:37,714 [pool-1779-thread-1] INFO  server.RaftServerConfigKeys (ConfUtils.java:logGet(44)) - raft.server.log.purge.gap = 1000000 (custom)
2021-01-01 14:16:37,714 [pool-1779-thread-1] INFO  metrics.RatisMetrics (RatisMetrics.java:lambda$create$0(36)) - Creating Metrics Registry : ratis.log_worker.ee53c20d-fee6-4df8-8e2d-61e62324c9a5@group-F1DACBA0D7F0
2021-01-01 14:16:37,715 [pool-1779-thread-1] INFO  server.RaftServerConfigKeys (ConfUtils.java:logGet(44)) - raft.server.log.appender.buffer.byte-limit = 33554432 (custom)
2021-01-01 14:16:37,715 [pool-1779-thread-1] INFO  server.RaftServerConfigKeys (ConfUtils.java:logGet(44)) - raft.server.log.segment.size.max = 1048576 (custom)
2021-01-01 14:16:37,716 [pool-1779-thread-1] INFO  server.RaftServerConfigKeys (ConfUtils.java:logGet(44)) - raft.server.log.segment.cache.num.max = 2 (custom)
2021-01-01 14:16:37,716 [pool-1779-thread-1] INFO  server.RaftServerConfigKeys (ConfUtils.java:logGet(44)) - raft.server.log.segment.cache.size.max = 200MB (=209715200) (default)
2021-01-01 14:16:37,716 [pool-1779-thread-1] INFO  segmented.SegmentedRaftLogWorker (SegmentedRaftLogWorker.java:<init>(181)) - new ee53c20d-fee6-4df8-8e2d-61e62324c9a5@group-F1DACBA0D7F0-SegmentedRaftLogWorker for RaftStorage:Storage Directory /github/workspace/mnt/ozone/hadoop-ozone/integration-test/target/test-dir/MiniOzoneClusterImpl-cb490d7e-6ed4-4e2b-831b-323004451de6/datanode-3/data/ratis/dbaa5e50-a9c4-4d51-9e1d-f1dacba0d7f0
2021-01-01 14:16:37,716 [pool-1779-thread-1] INFO  server.RaftServerConfigKeys (ConfUtils.java:logGet(44)) - raft.server.log.queue.byte-limit = 2147483647 (custom)
2021-01-01 14:16:37,716 [pool-1779-thread-1] INFO  server.RaftServerConfigKeys (ConfUtils.java:logGet(44)) - raft.server.log.queue.element-limit = 1024 (custom)
2021-01-01 14:16:37,716 [pool-1779-thread-1] INFO  server.RaftServerConfigKeys (ConfUtils.java:logGet(44)) - raft.server.log.segment.size.max = 1048576 (custom)
2021-01-01 14:16:37,716 [pool-1779-thread-1] INFO  server.RaftServerConfigKeys (ConfUtils.java:logGet(44)) - raft.server.log.preallocated.size = 16384 (custom)
2021-01-01 14:16:37,716 [pool-1779-thread-1] INFO  server.RaftServerConfigKeys (ConfUtils.java:logGet(44)) - raft.server.log.force.sync.num = 128 (default)
2021-01-01 14:16:37,716 [pool-1779-thread-1] INFO  server.RaftServerConfigKeys (ConfUtils.java:logGet(44)) - raft.server.log.statemachine.data.sync = true (default)
2021-01-01 14:16:37,716 [pool-1779-thread-1] INFO  server.RaftServerConfigKeys (ConfUtils.java:logGet(44)) - raft.server.log.statemachine.data.sync.timeout = 10s (default)
2021-01-01 14:16:37,716 [pool-1779-thread-1] INFO  server.RaftServerConfigKeys (ConfUtils.java:logGet(44)) - raft.server.log.statemachine.data.sync.timeout.retry = -1 (default)
2021-01-01 14:16:37,719 [pool-1779-thread-1] INFO  server.RaftServerConfigKeys (ConfUtils.java:logGet(44)) - raft.server.log.write.buffer.size = 1048576 (custom)
2021-01-01 14:16:37,719 [pool-1779-thread-1] INFO  server.RaftServerConfigKeys (ConfUtils.java:logGet(44)) - raft.server.log.statemachine.data.caching.enabled = true (custom)
2021-01-01 14:16:37,719 [pool-1779-thread-1] INFO  segmented.SegmentedRaftLogWorker (SegmentedRaftLogWorker.java:lambda$new$0(132)) - ee53c20d-fee6-4df8-8e2d-61e62324c9a5@group-F1DACBA0D7F0-SegmentedRaftLogWorker: flushIndex: setUnconditionally 0 -> -1
2021-01-01 14:16:37,719 [pool-1779-thread-1] INFO  segmented.SegmentedRaftLogWorker (SegmentedRaftLogWorker.java:lambda$new$0(132)) - ee53c20d-fee6-4df8-8e2d-61e62324c9a5@group-F1DACBA0D7F0-SegmentedRaftLogWorker: safeCacheEvictIndex: setUnconditionally 0 -> -1
2021-01-01 14:16:37,720 [pool-1779-thread-1] INFO  server.RaftServerConfigKeys (ConfUtils.java:logGet(44)) - raft.server.snapshot.auto.trigger.enabled = true (custom)
2021-01-01 14:16:37,720 [pool-1779-thread-1] INFO  server.RaftServerConfigKeys (ConfUtils.java:logGet(44)) - raft.server.snapshot.auto.trigger.threshold = 10000 (custom)
2021-01-01 14:16:37,720 [pool-1779-thread-1] INFO  server.RaftServerConfigKeys (ConfUtils.java:logGet(44)) - raft.server.snapshot.retention.file.num = 5 (custom)
2021-01-01 14:16:37,720 [pool-1779-thread-1] INFO  server.RaftServerConfigKeys (ConfUtils.java:logGet(44)) - raft.server.log.purge.upto.snapshot.index = false (default)
2021-01-01 14:16:37,720 [pool-1779-thread-1] INFO  server.RaftServerConfigKeys (ConfUtils.java:logGet(44)) - raft.server.retrycache.expirytime = 600000ms (custom)
2021-01-01 14:16:37,720 [pool-1779-thread-1] INFO  server.RaftServerConfigKeys (ConfUtils.java:logGet(44)) - raft.server.retrycache.statistics.expirytime = 100?s (default)
2021-01-01 14:16:37,720 [pool-1779-thread-1] INFO  metrics.RatisMetrics (RatisMetrics.java:lambda$create$0(36)) - Creating Metrics Registry : ratis.leader_election.ee53c20d-fee6-4df8-8e2d-61e62324c9a5@group-F1DACBA0D7F0
2021-01-01 14:16:37,721 [pool-1779-thread-1] INFO  metrics.RatisMetrics (RatisMetrics.java:lambda$create$0(36)) - Creating Metrics Registry : ratis.server.ee53c20d-fee6-4df8-8e2d-61e62324c9a5@group-F1DACBA0D7F0
2021-01-01 14:16:37,723 [pool-1779-thread-1] INFO  server.RaftServer$Division (RaftServerImpl.java:start(286)) - ee53c20d-fee6-4df8-8e2d-61e62324c9a5@group-F1DACBA0D7F0: start as a follower, conf=-1: [6599d769-7ef0-430f-a42f-80d7661ca159|rpc:172.17.0.2:37921, b05a1b8e-b732-4ead-90c9-c61088a01b0a|rpc:172.17.0.2:43445, ee53c20d-fee6-4df8-8e2d-61e62324c9a5|rpc:172.17.0.2:46799], old=null
2021-01-01 14:16:37,723 [pool-1779-thread-1] INFO  server.RaftServer$Division (RaftServerImpl.java:setRole(275)) - ee53c20d-fee6-4df8-8e2d-61e62324c9a5@group-F1DACBA0D7F0: changes role from      null to FOLLOWER at term 0 for startAsFollower
2021-01-01 14:16:37,723 [pool-1779-thread-1] INFO  impl.RoleInfo (RoleInfo.java:updateAndGet(130)) - ee53c20d-fee6-4df8-8e2d-61e62324c9a5: start ee53c20d-fee6-4df8-8e2d-61e62324c9a5@group-F1DACBA0D7F0-FollowerState
2021-01-01 14:16:37,723 [pool-1779-thread-1] INFO  util.JmxRegister (JmxRegister.java:tryRegister(44)) - Successfully registered JMX Bean with object name Ratis:service=RaftServer,group=group-F1DACBA0D7F0,id=ee53c20d-fee6-4df8-8e2d-61e62324c9a5
2021-01-01 14:16:37,723 [pool-1779-thread-1] INFO  metrics.RatisMetrics (RatisMetrics.java:lambda$create$0(36)) - Creating Metrics Registry : ratis.state_machine.ee53c20d-fee6-4df8-8e2d-61e62324c9a5@group-F1DACBA0D7F0
2021-01-01 14:16:37,725 [Command processor thread] INFO  metrics.RatisMetrics (RatisMetrics.java:lambda$create$0(36)) - Creating Metrics Registry : ratis.client_message_metrics.client-C6F736ADE340->6599d769-7ef0-430f-a42f-80d7661ca159
2021-01-01 14:16:37,729 [grpc-default-executor-2] INFO  metrics.RatisMetrics (RatisMetrics.java:lambda$create$0(36)) - Creating Metrics Registry : ratis.server_message_metrics.6599d769-7ef0-430f-a42f-80d7661ca159
2021-01-01 14:16:37,732 [grpc-default-executor-2] INFO  server.RaftServer (RaftServerProxy.java:addNew(93)) - 6599d769-7ef0-430f-a42f-80d7661ca159: addNew group-F1DACBA0D7F0:[6599d769-7ef0-430f-a42f-80d7661ca159|rpc:172.17.0.2:37921|dataStream:, b05a1b8e-b732-4ead-90c9-c61088a01b0a|rpc:172.17.0.2:43445|dataStream:, ee53c20d-fee6-4df8-8e2d-61e62324c9a5|rpc:172.17.0.2:46799|dataStream:] returns group-F1DACBA0D7F0:java.util.concurrent.CompletableFuture@22b43b07[Not completed]
2021-01-01 14:16:37,732 [pool-1795-thread-1] INFO  server.RaftServer$Division (RaftServerImpl.java:<init>(173)) - 6599d769-7ef0-430f-a42f-80d7661ca159: new RaftServerImpl for group-F1DACBA0D7F0:[6599d769-7ef0-430f-a42f-80d7661ca159|rpc:172.17.0.2:37921|dataStream:, b05a1b8e-b732-4ead-90c9-c61088a01b0a|rpc:172.17.0.2:43445|dataStream:, ee53c20d-fee6-4df8-8e2d-61e62324c9a5|rpc:172.17.0.2:46799|dataStream:] with ContainerStateMachine:uninitialized
2021-01-01 14:16:37,732 [pool-1795-thread-1] INFO  server.RaftServerConfigKeys (ConfUtils.java:logGet(44)) - raft.server.rpc.timeout.min = 5s (custom)
2021-01-01 14:16:37,732 [pool-1795-thread-1] INFO  server.RaftServerConfigKeys (ConfUtils.java:logGet(44)) - raft.server.rpc.timeout.max = 5200ms (custom)
2021-01-01 14:16:37,732 [pool-1795-thread-1] INFO  server.RaftServerConfigKeys (ConfUtils.java:logGet(44)) - raft.server.rpc.sleep.time = 25ms (default)
2021-01-01 14:16:37,732 [pool-1795-thread-1] INFO  server.RaftServerConfigKeys (ConfUtils.java:logGet(44)) - raft.server.rpc.slowness.timeout = 300s (custom)
2021-01-01 14:16:37,732 [pool-1795-thread-1] INFO  server.RaftServerConfigKeys (ConfUtils.java:logGet(44)) - raft.server.leaderelection.leader.step-down.wait-time = 10s (default)
2021-01-01 14:16:37,733 [pool-1795-thread-1] INFO  server.RaftServerConfigKeys (ConfUtils.java:logGet(44)) - raft.server.sleep.deviation.threshold = 300ms (default)
2021-01-01 14:16:37,733 [pool-1795-thread-1] INFO  server.RaftServerConfigKeys (ConfUtils.java:logGet(44)) - raft.server.log.appender.install.snapshot.enabled = false (custom)
2021-01-01 14:16:37,733 [pool-1795-thread-1] INFO  server.RaftServer$Division (ServerState.java:<init>(104)) - 6599d769-7ef0-430f-a42f-80d7661ca159@group-F1DACBA0D7F0: ConfigurationManager, init=-1: [6599d769-7ef0-430f-a42f-80d7661ca159|rpc:172.17.0.2:37921|dataStream:, b05a1b8e-b732-4ead-90c9-c61088a01b0a|rpc:172.17.0.2:43445|dataStream:, ee53c20d-fee6-4df8-8e2d-61e62324c9a5|rpc:172.17.0.2:46799|dataStream:], old=null, confs=<EMPTY_MAP>
2021-01-01 14:16:37,733 [pool-1795-thread-1] INFO  server.RaftServerConfigKeys (ConfUtils.java:logGet(44)) - raft.server.storage.dir = [/github/workspace/mnt/ozone/hadoop-ozone/integration-test/target/test-dir/MiniOzoneClusterImpl-cb490d7e-6ed4-4e2b-831b-323004451de6/datanode-4/data/ratis] (custom)
2021-01-01 14:16:37,733 [pool-1795-thread-1] INFO  server.RaftServerConfigKeys (ConfUtils.java:logGet(44)) - raft.server.log.corruption.policy = EXCEPTION (default)
2021-01-01 14:16:37,733 [pool-1795-thread-1] INFO  storage.RaftStorageDirectory (RaftStorageDirectory.java:analyzeStorage(260)) - The storage directory /github/workspace/mnt/ozone/hadoop-ozone/integration-test/target/test-dir/MiniOzoneClusterImpl-cb490d7e-6ed4-4e2b-831b-323004451de6/datanode-4/data/ratis/dbaa5e50-a9c4-4d51-9e1d-f1dacba0d7f0 does not exist. Creating ...
2021-01-01 14:16:37,734 [pool-1795-thread-1] INFO  storage.RaftStorageDirectory (RaftStorageDirectory.java:tryLock(342)) - Lock on /github/workspace/mnt/ozone/hadoop-ozone/integration-test/target/test-dir/MiniOzoneClusterImpl-cb490d7e-6ed4-4e2b-831b-323004451de6/datanode-4/data/ratis/dbaa5e50-a9c4-4d51-9e1d-f1dacba0d7f0/in_use.lock acquired by nodename 22720@722537d36201
2021-01-01 14:16:37,738 [pool-1795-thread-1] INFO  storage.RaftStorage (RaftStorage.java:format(89)) - Storage directory /github/workspace/mnt/ozone/hadoop-ozone/integration-test/target/test-dir/MiniOzoneClusterImpl-cb490d7e-6ed4-4e2b-831b-323004451de6/datanode-4/data/ratis/dbaa5e50-a9c4-4d51-9e1d-f1dacba0d7f0 has been successfully formatted.
2021-01-01 14:16:37,738 [pool-1795-thread-1] INFO  ratis.ContainerStateMachine (ContainerStateMachine.java:loadSnapshot(223)) - group-F1DACBA0D7F0: The snapshot info is null. Setting the last applied indexto:(t:0, i:~)
2021-01-01 14:16:37,738 [pool-1795-thread-1] ERROR storage.RaftStorage (RaftStorage.java:readRaftConfiguration(152)) - Failed reading configuration from file:/github/workspace/mnt/ozone/hadoop-ozone/integration-test/target/test-dir/MiniOzoneClusterImpl-cb490d7e-6ed4-4e2b-831b-323004451de6/datanode-4/data/ratis/dbaa5e50-a9c4-4d51-9e1d-f1dacba0d7f0/current/raft-meta.conf
java.io.FileNotFoundException: /github/workspace/mnt/ozone/hadoop-ozone/integration-test/target/test-dir/MiniOzoneClusterImpl-cb490d7e-6ed4-4e2b-831b-323004451de6/datanode-4/data/ratis/dbaa5e50-a9c4-4d51-9e1d-f1dacba0d7f0/current/raft-meta.conf (No such file or directory)
	at java.io.FileInputStream.open0(Native Method)
	at java.io.FileInputStream.open(FileInputStream.java:195)
	at java.io.FileInputStream.<init>(FileInputStream.java:138)
	at org.apache.ratis.server.storage.RaftStorage.readRaftConfiguration(RaftStorage.java:148)
	at org.apache.ratis.server.impl.ServerState.initStatemachine(ServerState.java:167)
	at org.apache.ratis.server.impl.ServerState.<init>(ServerState.java:112)
	at org.apache.ratis.server.impl.RaftServerImpl.<init>(RaftServerImpl.java:186)
	at org.apache.ratis.server.impl.RaftServerProxy.lambda$newRaftServerImpl$4(RaftServerProxy.java:264)
	at java.util.concurrent.CompletableFuture$AsyncSupply.run(CompletableFuture.java:1604)
	at java.util.concurrent.ThreadPoolExecutor.runWorker(ThreadPoolExecutor.java:1149)
	at java.util.concurrent.ThreadPoolExecutor$Worker.run(ThreadPoolExecutor.java:624)
	at java.lang.Thread.run(Thread.java:748)
2021-01-01 14:16:37,738 [pool-1795-thread-1] INFO  server.RaftServerConfigKeys (ConfUtils.java:logGet(44)) - raft.server.notification.no-leader.timeout = 300s (custom)
2021-01-01 14:16:37,738 [pool-1795-thread-1] INFO  server.RaftServerConfigKeys (ConfUtils.java:logGet(44)) - raft.server.log.use.memory = false (default)
2021-01-01 14:16:37,738 [pool-1795-thread-1] INFO  server.RaftServerConfigKeys (ConfUtils.java:logGet(44)) - raft.server.log.purge.gap = 1000000 (custom)
2021-01-01 14:16:37,739 [EventQueue-PipelineReportForOneReplicaPipelineSafeModeRule] INFO  safemode.SCMSafeModeManager (SCMSafeModeManager.java:validateSafeModeExitRules(214)) - AtleastOneDatanodeReportedRule rule is successfully validated
2021-01-01 14:16:37,739 [pool-1795-thread-1] INFO  metrics.RatisMetrics (RatisMetrics.java:lambda$create$0(36)) - Creating Metrics Registry : ratis.log_worker.6599d769-7ef0-430f-a42f-80d7661ca159@group-F1DACBA0D7F0
2021-01-01 14:16:37,739 [pool-1795-thread-1] INFO  server.RaftServerConfigKeys (ConfUtils.java:logGet(44)) - raft.server.log.appender.buffer.byte-limit = 33554432 (custom)
2021-01-01 14:16:37,739 [pool-1795-thread-1] INFO  server.RaftServerConfigKeys (ConfUtils.java:logGet(44)) - raft.server.log.segment.size.max = 1048576 (custom)
2021-01-01 14:16:37,740 [pool-1795-thread-1] INFO  server.RaftServerConfigKeys (ConfUtils.java:logGet(44)) - raft.server.log.segment.cache.num.max = 2 (custom)
2021-01-01 14:16:37,740 [pool-1795-thread-1] INFO  server.RaftServerConfigKeys (ConfUtils.java:logGet(44)) - raft.server.log.segment.cache.size.max = 200MB (=209715200) (default)
2021-01-01 14:16:37,740 [pool-1795-thread-1] INFO  segmented.SegmentedRaftLogWorker (SegmentedRaftLogWorker.java:<init>(181)) - new 6599d769-7ef0-430f-a42f-80d7661ca159@group-F1DACBA0D7F0-SegmentedRaftLogWorker for RaftStorage:Storage Directory /github/workspace/mnt/ozone/hadoop-ozone/integration-test/target/test-dir/MiniOzoneClusterImpl-cb490d7e-6ed4-4e2b-831b-323004451de6/datanode-4/data/ratis/dbaa5e50-a9c4-4d51-9e1d-f1dacba0d7f0
2021-01-01 14:16:37,740 [pool-1795-thread-1] INFO  server.RaftServerConfigKeys (ConfUtils.java:logGet(44)) - raft.server.log.queue.byte-limit = 2147483647 (custom)
2021-01-01 14:16:37,740 [pool-1795-thread-1] INFO  server.RaftServerConfigKeys (ConfUtils.java:logGet(44)) - raft.server.log.queue.element-limit = 1024 (custom)
2021-01-01 14:16:37,740 [pool-1795-thread-1] INFO  server.RaftServerConfigKeys (ConfUtils.java:logGet(44)) - raft.server.log.segment.size.max = 1048576 (custom)
2021-01-01 14:16:37,740 [pool-1795-thread-1] INFO  server.RaftServerConfigKeys (ConfUtils.java:logGet(44)) - raft.server.log.preallocated.size = 16384 (custom)
2021-01-01 14:16:37,740 [pool-1795-thread-1] INFO  server.RaftServerConfigKeys (ConfUtils.java:logGet(44)) - raft.server.log.force.sync.num = 128 (default)
2021-01-01 14:16:37,740 [pool-1795-thread-1] INFO  server.RaftServerConfigKeys (ConfUtils.java:logGet(44)) - raft.server.log.statemachine.data.sync = true (default)
2021-01-01 14:16:37,741 [pool-1795-thread-1] INFO  server.RaftServerConfigKeys (ConfUtils.java:logGet(44)) - raft.server.log.statemachine.data.sync.timeout = 10s (default)
2021-01-01 14:16:37,741 [pool-1795-thread-1] INFO  server.RaftServerConfigKeys (ConfUtils.java:logGet(44)) - raft.server.log.statemachine.data.sync.timeout.retry = -1 (default)
2021-01-01 14:16:37,743 [pool-1795-thread-1] INFO  server.RaftServerConfigKeys (ConfUtils.java:logGet(44)) - raft.server.log.write.buffer.size = 1048576 (custom)
2021-01-01 14:16:37,744 [pool-1795-thread-1] INFO  server.RaftServerConfigKeys (ConfUtils.java:logGet(44)) - raft.server.log.statemachine.data.caching.enabled = true (custom)
2021-01-01 14:16:37,744 [pool-1795-thread-1] INFO  segmented.SegmentedRaftLogWorker (SegmentedRaftLogWorker.java:lambda$new$0(132)) - 6599d769-7ef0-430f-a42f-80d7661ca159@group-F1DACBA0D7F0-SegmentedRaftLogWorker: flushIndex: setUnconditionally 0 -> -1
2021-01-01 14:16:37,744 [pool-1795-thread-1] INFO  segmented.SegmentedRaftLogWorker (SegmentedRaftLogWorker.java:lambda$new$0(132)) - 6599d769-7ef0-430f-a42f-80d7661ca159@group-F1DACBA0D7F0-SegmentedRaftLogWorker: safeCacheEvictIndex: setUnconditionally 0 -> -1
2021-01-01 14:16:37,744 [pool-1795-thread-1] INFO  server.RaftServerConfigKeys (ConfUtils.java:logGet(44)) - raft.server.snapshot.auto.trigger.enabled = true (custom)
2021-01-01 14:16:37,744 [pool-1795-thread-1] INFO  server.RaftServerConfigKeys (ConfUtils.java:logGet(44)) - raft.server.snapshot.auto.trigger.threshold = 10000 (custom)
2021-01-01 14:16:37,744 [pool-1795-thread-1] INFO  server.RaftServerConfigKeys (ConfUtils.java:logGet(44)) - raft.server.snapshot.retention.file.num = 5 (custom)
2021-01-01 14:16:37,744 [pool-1795-thread-1] INFO  server.RaftServerConfigKeys (ConfUtils.java:logGet(44)) - raft.server.log.purge.upto.snapshot.index = false (default)
2021-01-01 14:16:37,744 [pool-1795-thread-1] INFO  server.RaftServerConfigKeys (ConfUtils.java:logGet(44)) - raft.server.retrycache.expirytime = 600000ms (custom)
2021-01-01 14:16:37,744 [pool-1795-thread-1] INFO  server.RaftServerConfigKeys (ConfUtils.java:logGet(44)) - raft.server.retrycache.statistics.expirytime = 100?s (default)
2021-01-01 14:16:37,744 [pool-1795-thread-1] INFO  metrics.RatisMetrics (RatisMetrics.java:lambda$create$0(36)) - Creating Metrics Registry : ratis.leader_election.6599d769-7ef0-430f-a42f-80d7661ca159@group-F1DACBA0D7F0
2021-01-01 14:16:37,745 [pool-1795-thread-1] INFO  metrics.RatisMetrics (RatisMetrics.java:lambda$create$0(36)) - Creating Metrics Registry : ratis.server.6599d769-7ef0-430f-a42f-80d7661ca159@group-F1DACBA0D7F0
2021-01-01 14:16:37,748 [pool-1795-thread-1] INFO  server.RaftServer$Division (RaftServerImpl.java:start(286)) - 6599d769-7ef0-430f-a42f-80d7661ca159@group-F1DACBA0D7F0: start as a follower, conf=-1: [6599d769-7ef0-430f-a42f-80d7661ca159|rpc:172.17.0.2:37921|dataStream:, b05a1b8e-b732-4ead-90c9-c61088a01b0a|rpc:172.17.0.2:43445|dataStream:, ee53c20d-fee6-4df8-8e2d-61e62324c9a5|rpc:172.17.0.2:46799|dataStream:], old=null
2021-01-01 14:16:37,748 [pool-1795-thread-1] INFO  server.RaftServer$Division (RaftServerImpl.java:setRole(275)) - 6599d769-7ef0-430f-a42f-80d7661ca159@group-F1DACBA0D7F0: changes role from      null to FOLLOWER at term 0 for startAsFollower
2021-01-01 14:16:37,748 [pool-1795-thread-1] INFO  impl.RoleInfo (RoleInfo.java:updateAndGet(130)) - 6599d769-7ef0-430f-a42f-80d7661ca159: start 6599d769-7ef0-430f-a42f-80d7661ca159@group-F1DACBA0D7F0-FollowerState
2021-01-01 14:16:37,748 [pool-1795-thread-1] INFO  util.JmxRegister (JmxRegister.java:tryRegister(44)) - Successfully registered JMX Bean with object name Ratis:service=RaftServer,group=group-F1DACBA0D7F0,id=6599d769-7ef0-430f-a42f-80d7661ca159
2021-01-01 14:16:37,748 [pool-1795-thread-1] INFO  metrics.RatisMetrics (RatisMetrics.java:lambda$create$0(36)) - Creating Metrics Registry : ratis.state_machine.6599d769-7ef0-430f-a42f-80d7661ca159@group-F1DACBA0D7F0
2021-01-01 14:16:37,753 [Command processor thread] INFO  metrics.RatisMetrics (RatisMetrics.java:lambda$create$0(36)) - Creating Metrics Registry : ratis.client_message_metrics.client-51A45753D9D8->b05a1b8e-b732-4ead-90c9-c61088a01b0a
2021-01-01 14:16:37,757 [grpc-default-executor-2] INFO  metrics.RatisMetrics (RatisMetrics.java:lambda$create$0(36)) - Creating Metrics Registry : ratis.server_message_metrics.b05a1b8e-b732-4ead-90c9-c61088a01b0a
2021-01-01 14:16:37,762 [grpc-default-executor-2] INFO  server.RaftServer (RaftServerProxy.java:addNew(93)) - b05a1b8e-b732-4ead-90c9-c61088a01b0a: addNew group-F1DACBA0D7F0:[6599d769-7ef0-430f-a42f-80d7661ca159|rpc:172.17.0.2:37921|dataStream:, b05a1b8e-b732-4ead-90c9-c61088a01b0a|rpc:172.17.0.2:43445|dataStream:, ee53c20d-fee6-4df8-8e2d-61e62324c9a5|rpc:172.17.0.2:46799|dataStream:] returns group-F1DACBA0D7F0:java.util.concurrent.CompletableFuture@4965e228[Not completed]
2021-01-01 14:16:37,763 [pool-1811-thread-1] INFO  server.RaftServer$Division (RaftServerImpl.java:<init>(173)) - b05a1b8e-b732-4ead-90c9-c61088a01b0a: new RaftServerImpl for group-F1DACBA0D7F0:[6599d769-7ef0-430f-a42f-80d7661ca159|rpc:172.17.0.2:37921|dataStream:, b05a1b8e-b732-4ead-90c9-c61088a01b0a|rpc:172.17.0.2:43445|dataStream:, ee53c20d-fee6-4df8-8e2d-61e62324c9a5|rpc:172.17.0.2:46799|dataStream:] with ContainerStateMachine:uninitialized
2021-01-01 14:16:37,763 [pool-1811-thread-1] INFO  server.RaftServerConfigKeys (ConfUtils.java:logGet(44)) - raft.server.rpc.timeout.min = 5s (custom)
2021-01-01 14:16:37,763 [pool-1811-thread-1] INFO  server.RaftServerConfigKeys (ConfUtils.java:logGet(44)) - raft.server.rpc.timeout.max = 5200ms (custom)
2021-01-01 14:16:37,763 [pool-1811-thread-1] INFO  server.RaftServerConfigKeys (ConfUtils.java:logGet(44)) - raft.server.rpc.sleep.time = 25ms (default)
2021-01-01 14:16:37,763 [pool-1811-thread-1] INFO  server.RaftServerConfigKeys (ConfUtils.java:logGet(44)) - raft.server.rpc.slowness.timeout = 300s (custom)
2021-01-01 14:16:37,763 [pool-1811-thread-1] INFO  server.RaftServerConfigKeys (ConfUtils.java:logGet(44)) - raft.server.leaderelection.leader.step-down.wait-time = 10s (default)
2021-01-01 14:16:37,763 [pool-1811-thread-1] INFO  server.RaftServerConfigKeys (ConfUtils.java:logGet(44)) - raft.server.sleep.deviation.threshold = 300ms (default)
2021-01-01 14:16:37,763 [pool-1811-thread-1] INFO  server.RaftServerConfigKeys (ConfUtils.java:logGet(44)) - raft.server.log.appender.install.snapshot.enabled = false (custom)
2021-01-01 14:16:37,763 [pool-1811-thread-1] INFO  server.RaftServer$Division (ServerState.java:<init>(104)) - b05a1b8e-b732-4ead-90c9-c61088a01b0a@group-F1DACBA0D7F0: ConfigurationManager, init=-1: [6599d769-7ef0-430f-a42f-80d7661ca159|rpc:172.17.0.2:37921|dataStream:, b05a1b8e-b732-4ead-90c9-c61088a01b0a|rpc:172.17.0.2:43445|dataStream:, ee53c20d-fee6-4df8-8e2d-61e62324c9a5|rpc:172.17.0.2:46799|dataStream:], old=null, confs=<EMPTY_MAP>
2021-01-01 14:16:37,764 [pool-1811-thread-1] INFO  server.RaftServerConfigKeys (ConfUtils.java:logGet(44)) - raft.server.storage.dir = [/github/workspace/mnt/ozone/hadoop-ozone/integration-test/target/test-dir/MiniOzoneClusterImpl-cb490d7e-6ed4-4e2b-831b-323004451de6/datanode-5/data/ratis] (custom)
2021-01-01 14:16:37,764 [pool-1811-thread-1] INFO  server.RaftServerConfigKeys (ConfUtils.java:logGet(44)) - raft.server.log.corruption.policy = EXCEPTION (default)
2021-01-01 14:16:37,764 [pool-1811-thread-1] INFO  storage.RaftStorageDirectory (RaftStorageDirectory.java:analyzeStorage(260)) - The storage directory /github/workspace/mnt/ozone/hadoop-ozone/integration-test/target/test-dir/MiniOzoneClusterImpl-cb490d7e-6ed4-4e2b-831b-323004451de6/datanode-5/data/ratis/dbaa5e50-a9c4-4d51-9e1d-f1dacba0d7f0 does not exist. Creating ...
2021-01-01 14:16:37,765 [pool-1811-thread-1] INFO  storage.RaftStorageDirectory (RaftStorageDirectory.java:tryLock(342)) - Lock on /github/workspace/mnt/ozone/hadoop-ozone/integration-test/target/test-dir/MiniOzoneClusterImpl-cb490d7e-6ed4-4e2b-831b-323004451de6/datanode-5/data/ratis/dbaa5e50-a9c4-4d51-9e1d-f1dacba0d7f0/in_use.lock acquired by nodename 22720@722537d36201
2021-01-01 14:16:37,765 [pool-1811-thread-1] INFO  storage.RaftStorage (RaftStorage.java:format(89)) - Storage directory /github/workspace/mnt/ozone/hadoop-ozone/integration-test/target/test-dir/MiniOzoneClusterImpl-cb490d7e-6ed4-4e2b-831b-323004451de6/datanode-5/data/ratis/dbaa5e50-a9c4-4d51-9e1d-f1dacba0d7f0 has been successfully formatted.
2021-01-01 14:16:37,765 [pool-1811-thread-1] INFO  ratis.ContainerStateMachine (ContainerStateMachine.java:loadSnapshot(223)) - group-F1DACBA0D7F0: The snapshot info is null. Setting the last applied indexto:(t:0, i:~)
2021-01-01 14:16:37,766 [pool-1811-thread-1] ERROR storage.RaftStorage (RaftStorage.java:readRaftConfiguration(152)) - Failed reading configuration from file:/github/workspace/mnt/ozone/hadoop-ozone/integration-test/target/test-dir/MiniOzoneClusterImpl-cb490d7e-6ed4-4e2b-831b-323004451de6/datanode-5/data/ratis/dbaa5e50-a9c4-4d51-9e1d-f1dacba0d7f0/current/raft-meta.conf
java.io.FileNotFoundException: /github/workspace/mnt/ozone/hadoop-ozone/integration-test/target/test-dir/MiniOzoneClusterImpl-cb490d7e-6ed4-4e2b-831b-323004451de6/datanode-5/data/ratis/dbaa5e50-a9c4-4d51-9e1d-f1dacba0d7f0/current/raft-meta.conf (No such file or directory)
	at java.io.FileInputStream.open0(Native Method)
	at java.io.FileInputStream.open(FileInputStream.java:195)
	at java.io.FileInputStream.<init>(FileInputStream.java:138)
	at org.apache.ratis.server.storage.RaftStorage.readRaftConfiguration(RaftStorage.java:148)
	at org.apache.ratis.server.impl.ServerState.initStatemachine(ServerState.java:167)
	at org.apache.ratis.server.impl.ServerState.<init>(ServerState.java:112)
	at org.apache.ratis.server.impl.RaftServerImpl.<init>(RaftServerImpl.java:186)
	at org.apache.ratis.server.impl.RaftServerProxy.lambda$newRaftServerImpl$4(RaftServerProxy.java:264)
	at java.util.concurrent.CompletableFuture$AsyncSupply.run(CompletableFuture.java:1604)
	at java.util.concurrent.ThreadPoolExecutor.runWorker(ThreadPoolExecutor.java:1149)
	at java.util.concurrent.ThreadPoolExecutor$Worker.run(ThreadPoolExecutor.java:624)
	at java.lang.Thread.run(Thread.java:748)
2021-01-01 14:16:37,766 [pool-1811-thread-1] INFO  server.RaftServerConfigKeys (ConfUtils.java:logGet(44)) - raft.server.notification.no-leader.timeout = 300s (custom)
2021-01-01 14:16:37,766 [pool-1811-thread-1] INFO  server.RaftServerConfigKeys (ConfUtils.java:logGet(44)) - raft.server.log.use.memory = false (default)
2021-01-01 14:16:37,766 [pool-1811-thread-1] INFO  server.RaftServerConfigKeys (ConfUtils.java:logGet(44)) - raft.server.log.purge.gap = 1000000 (custom)
2021-01-01 14:16:37,766 [EventQueue-PipelineReportForOneReplicaPipelineSafeModeRule] INFO  safemode.SCMSafeModeManager (SCMSafeModeManager.java:validateSafeModeExitRules(214)) - AtleastOneDatanodeReportedRule rule is successfully validated
2021-01-01 14:16:37,766 [pool-1811-thread-1] INFO  metrics.RatisMetrics (RatisMetrics.java:lambda$create$0(36)) - Creating Metrics Registry : ratis.log_worker.b05a1b8e-b732-4ead-90c9-c61088a01b0a@group-F1DACBA0D7F0
2021-01-01 14:16:37,766 [pool-1811-thread-1] INFO  server.RaftServerConfigKeys (ConfUtils.java:logGet(44)) - raft.server.log.appender.buffer.byte-limit = 33554432 (custom)
2021-01-01 14:16:37,766 [pool-1811-thread-1] INFO  server.RaftServerConfigKeys (ConfUtils.java:logGet(44)) - raft.server.log.segment.size.max = 1048576 (custom)
2021-01-01 14:16:37,768 [pool-1811-thread-1] INFO  server.RaftServerConfigKeys (ConfUtils.java:logGet(44)) - raft.server.log.segment.cache.num.max = 2 (custom)
2021-01-01 14:16:37,768 [pool-1811-thread-1] INFO  server.RaftServerConfigKeys (ConfUtils.java:logGet(44)) - raft.server.log.segment.cache.size.max = 200MB (=209715200) (default)
2021-01-01 14:16:37,768 [pool-1811-thread-1] INFO  segmented.SegmentedRaftLogWorker (SegmentedRaftLogWorker.java:<init>(181)) - new b05a1b8e-b732-4ead-90c9-c61088a01b0a@group-F1DACBA0D7F0-SegmentedRaftLogWorker for RaftStorage:Storage Directory /github/workspace/mnt/ozone/hadoop-ozone/integration-test/target/test-dir/MiniOzoneClusterImpl-cb490d7e-6ed4-4e2b-831b-323004451de6/datanode-5/data/ratis/dbaa5e50-a9c4-4d51-9e1d-f1dacba0d7f0
2021-01-01 14:16:37,768 [pool-1811-thread-1] INFO  server.RaftServerConfigKeys (ConfUtils.java:logGet(44)) - raft.server.log.queue.byte-limit = 2147483647 (custom)
2021-01-01 14:16:37,768 [pool-1811-thread-1] INFO  server.RaftServerConfigKeys (ConfUtils.java:logGet(44)) - raft.server.log.queue.element-limit = 1024 (custom)
2021-01-01 14:16:37,768 [pool-1811-thread-1] INFO  server.RaftServerConfigKeys (ConfUtils.java:logGet(44)) - raft.server.log.segment.size.max = 1048576 (custom)
2021-01-01 14:16:37,768 [pool-1811-thread-1] INFO  server.RaftServerConfigKeys (ConfUtils.java:logGet(44)) - raft.server.log.preallocated.size = 16384 (custom)
2021-01-01 14:16:37,768 [pool-1811-thread-1] INFO  server.RaftServerConfigKeys (ConfUtils.java:logGet(44)) - raft.server.log.force.sync.num = 128 (default)
2021-01-01 14:16:37,768 [pool-1811-thread-1] INFO  server.RaftServerConfigKeys (ConfUtils.java:logGet(44)) - raft.server.log.statemachine.data.sync = true (default)
2021-01-01 14:16:37,768 [pool-1811-thread-1] INFO  server.RaftServerConfigKeys (ConfUtils.java:logGet(44)) - raft.server.log.statemachine.data.sync.timeout = 10s (default)
2021-01-01 14:16:37,768 [pool-1811-thread-1] INFO  server.RaftServerConfigKeys (ConfUtils.java:logGet(44)) - raft.server.log.statemachine.data.sync.timeout.retry = -1 (default)
2021-01-01 14:16:37,770 [pool-1811-thread-1] INFO  server.RaftServerConfigKeys (ConfUtils.java:logGet(44)) - raft.server.log.write.buffer.size = 1048576 (custom)
2021-01-01 14:16:37,771 [pool-1811-thread-1] INFO  server.RaftServerConfigKeys (ConfUtils.java:logGet(44)) - raft.server.log.statemachine.data.caching.enabled = true (custom)
2021-01-01 14:16:37,771 [pool-1811-thread-1] INFO  segmented.SegmentedRaftLogWorker (SegmentedRaftLogWorker.java:lambda$new$0(132)) - b05a1b8e-b732-4ead-90c9-c61088a01b0a@group-F1DACBA0D7F0-SegmentedRaftLogWorker: flushIndex: setUnconditionally 0 -> -1
2021-01-01 14:16:37,771 [pool-1811-thread-1] INFO  segmented.SegmentedRaftLogWorker (SegmentedRaftLogWorker.java:lambda$new$0(132)) - b05a1b8e-b732-4ead-90c9-c61088a01b0a@group-F1DACBA0D7F0-SegmentedRaftLogWorker: safeCacheEvictIndex: setUnconditionally 0 -> -1
2021-01-01 14:16:37,772 [pool-1811-thread-1] INFO  server.RaftServerConfigKeys (ConfUtils.java:logGet(44)) - raft.server.snapshot.auto.trigger.enabled = true (custom)
2021-01-01 14:16:37,772 [pool-1811-thread-1] INFO  server.RaftServerConfigKeys (ConfUtils.java:logGet(44)) - raft.server.snapshot.auto.trigger.threshold = 10000 (custom)
2021-01-01 14:16:37,772 [pool-1811-thread-1] INFO  server.RaftServerConfigKeys (ConfUtils.java:logGet(44)) - raft.server.snapshot.retention.file.num = 5 (custom)
2021-01-01 14:16:37,772 [pool-1811-thread-1] INFO  server.RaftServerConfigKeys (ConfUtils.java:logGet(44)) - raft.server.log.purge.upto.snapshot.index = false (default)
2021-01-01 14:16:37,772 [pool-1811-thread-1] INFO  server.RaftServerConfigKeys (ConfUtils.java:logGet(44)) - raft.server.retrycache.expirytime = 600000ms (custom)
2021-01-01 14:16:37,772 [pool-1811-thread-1] INFO  server.RaftServerConfigKeys (ConfUtils.java:logGet(44)) - raft.server.retrycache.statistics.expirytime = 100?s (default)
2021-01-01 14:16:37,772 [pool-1811-thread-1] INFO  metrics.RatisMetrics (RatisMetrics.java:lambda$create$0(36)) - Creating Metrics Registry : ratis.leader_election.b05a1b8e-b732-4ead-90c9-c61088a01b0a@group-F1DACBA0D7F0
2021-01-01 14:16:37,773 [pool-1811-thread-1] INFO  metrics.RatisMetrics (RatisMetrics.java:lambda$create$0(36)) - Creating Metrics Registry : ratis.server.b05a1b8e-b732-4ead-90c9-c61088a01b0a@group-F1DACBA0D7F0
2021-01-01 14:16:37,775 [pool-1811-thread-1] INFO  server.RaftServer$Division (RaftServerImpl.java:start(286)) - b05a1b8e-b732-4ead-90c9-c61088a01b0a@group-F1DACBA0D7F0: start as a follower, conf=-1: [6599d769-7ef0-430f-a42f-80d7661ca159|rpc:172.17.0.2:37921|dataStream:, b05a1b8e-b732-4ead-90c9-c61088a01b0a|rpc:172.17.0.2:43445|dataStream:, ee53c20d-fee6-4df8-8e2d-61e62324c9a5|rpc:172.17.0.2:46799|dataStream:], old=null
2021-01-01 14:16:37,775 [pool-1811-thread-1] INFO  server.RaftServer$Division (RaftServerImpl.java:setRole(275)) - b05a1b8e-b732-4ead-90c9-c61088a01b0a@group-F1DACBA0D7F0: changes role from      null to FOLLOWER at term 0 for startAsFollower
2021-01-01 14:16:37,775 [pool-1811-thread-1] INFO  impl.RoleInfo (RoleInfo.java:updateAndGet(130)) - b05a1b8e-b732-4ead-90c9-c61088a01b0a: start b05a1b8e-b732-4ead-90c9-c61088a01b0a@group-F1DACBA0D7F0-FollowerState
2021-01-01 14:16:37,776 [pool-1811-thread-1] INFO  util.JmxRegister (JmxRegister.java:tryRegister(44)) - Successfully registered JMX Bean with object name Ratis:service=RaftServer,group=group-F1DACBA0D7F0,id=b05a1b8e-b732-4ead-90c9-c61088a01b0a
2021-01-01 14:16:37,776 [pool-1811-thread-1] INFO  metrics.RatisMetrics (RatisMetrics.java:lambda$create$0(36)) - Creating Metrics Registry : ratis.state_machine.b05a1b8e-b732-4ead-90c9-c61088a01b0a@group-F1DACBA0D7F0
2021-01-01 14:16:37,785 [Command processor thread] INFO  commandhandler.CreatePipelineCommandHandler (CreatePipelineCommandHandler.java:handle(106)) - Created Pipeline RATIS THREE PipelineID=dbaa5e50-a9c4-4d51-9e1d-f1dacba0d7f0.
2021-01-01 14:16:37,874 [Command processor thread] INFO  server.RaftServer (RaftServerProxy.java:addNew(93)) - 6599d769-7ef0-430f-a42f-80d7661ca159: addNew group-8970901C8A83:[6599d769-7ef0-430f-a42f-80d7661ca159|rpc:172.17.0.2:37921] returns group-8970901C8A83:java.util.concurrent.CompletableFuture@49b9b7[Not completed]
2021-01-01 14:16:37,875 [pool-1795-thread-1] INFO  server.RaftServer$Division (RaftServerImpl.java:<init>(173)) - 6599d769-7ef0-430f-a42f-80d7661ca159: new RaftServerImpl for group-8970901C8A83:[6599d769-7ef0-430f-a42f-80d7661ca159|rpc:172.17.0.2:37921] with ContainerStateMachine:uninitialized
2021-01-01 14:16:37,875 [pool-1795-thread-1] INFO  server.RaftServerConfigKeys (ConfUtils.java:logGet(44)) - raft.server.rpc.timeout.min = 5s (custom)
2021-01-01 14:16:37,875 [pool-1795-thread-1] INFO  server.RaftServerConfigKeys (ConfUtils.java:logGet(44)) - raft.server.rpc.timeout.max = 5200ms (custom)
2021-01-01 14:16:37,875 [pool-1795-thread-1] INFO  server.RaftServerConfigKeys (ConfUtils.java:logGet(44)) - raft.server.rpc.sleep.time = 25ms (default)
2021-01-01 14:16:37,876 [pool-1795-thread-1] INFO  server.RaftServerConfigKeys (ConfUtils.java:logGet(44)) - raft.server.rpc.slowness.timeout = 300s (custom)
2021-01-01 14:16:37,876 [pool-1795-thread-1] INFO  server.RaftServerConfigKeys (ConfUtils.java:logGet(44)) - raft.server.leaderelection.leader.step-down.wait-time = 10s (default)
2021-01-01 14:16:37,876 [pool-1795-thread-1] INFO  server.RaftServerConfigKeys (ConfUtils.java:logGet(44)) - raft.server.sleep.deviation.threshold = 300ms (default)
2021-01-01 14:16:37,876 [pool-1795-thread-1] INFO  server.RaftServerConfigKeys (ConfUtils.java:logGet(44)) - raft.server.log.appender.install.snapshot.enabled = false (custom)
2021-01-01 14:16:37,876 [pool-1795-thread-1] INFO  server.RaftServer$Division (ServerState.java:<init>(104)) - 6599d769-7ef0-430f-a42f-80d7661ca159@group-8970901C8A83: ConfigurationManager, init=-1: [6599d769-7ef0-430f-a42f-80d7661ca159|rpc:172.17.0.2:37921], old=null, confs=<EMPTY_MAP>
2021-01-01 14:16:37,876 [pool-1795-thread-1] INFO  server.RaftServerConfigKeys (ConfUtils.java:logGet(44)) - raft.server.storage.dir = [/github/workspace/mnt/ozone/hadoop-ozone/integration-test/target/test-dir/MiniOzoneClusterImpl-cb490d7e-6ed4-4e2b-831b-323004451de6/datanode-4/data/ratis] (custom)
2021-01-01 14:16:37,876 [pool-1795-thread-1] INFO  server.RaftServerConfigKeys (ConfUtils.java:logGet(44)) - raft.server.log.corruption.policy = EXCEPTION (default)
2021-01-01 14:16:37,876 [pool-1795-thread-1] INFO  storage.RaftStorageDirectory (RaftStorageDirectory.java:analyzeStorage(260)) - The storage directory /github/workspace/mnt/ozone/hadoop-ozone/integration-test/target/test-dir/MiniOzoneClusterImpl-cb490d7e-6ed4-4e2b-831b-323004451de6/datanode-4/data/ratis/cd15e804-9c33-45b3-a55d-8970901c8a83 does not exist. Creating ...
2021-01-01 14:16:37,877 [pool-1795-thread-1] INFO  storage.RaftStorageDirectory (RaftStorageDirectory.java:tryLock(342)) - Lock on /github/workspace/mnt/ozone/hadoop-ozone/integration-test/target/test-dir/MiniOzoneClusterImpl-cb490d7e-6ed4-4e2b-831b-323004451de6/datanode-4/data/ratis/cd15e804-9c33-45b3-a55d-8970901c8a83/in_use.lock acquired by nodename 22720@722537d36201
2021-01-01 14:16:37,878 [pool-1795-thread-1] INFO  storage.RaftStorage (RaftStorage.java:format(89)) - Storage directory /github/workspace/mnt/ozone/hadoop-ozone/integration-test/target/test-dir/MiniOzoneClusterImpl-cb490d7e-6ed4-4e2b-831b-323004451de6/datanode-4/data/ratis/cd15e804-9c33-45b3-a55d-8970901c8a83 has been successfully formatted.
2021-01-01 14:16:37,878 [pool-1795-thread-1] INFO  ratis.ContainerStateMachine (ContainerStateMachine.java:loadSnapshot(223)) - group-8970901C8A83: The snapshot info is null. Setting the last applied indexto:(t:0, i:~)
2021-01-01 14:16:37,878 [pool-1795-thread-1] ERROR storage.RaftStorage (RaftStorage.java:readRaftConfiguration(152)) - Failed reading configuration from file:/github/workspace/mnt/ozone/hadoop-ozone/integration-test/target/test-dir/MiniOzoneClusterImpl-cb490d7e-6ed4-4e2b-831b-323004451de6/datanode-4/data/ratis/cd15e804-9c33-45b3-a55d-8970901c8a83/current/raft-meta.conf
java.io.FileNotFoundException: /github/workspace/mnt/ozone/hadoop-ozone/integration-test/target/test-dir/MiniOzoneClusterImpl-cb490d7e-6ed4-4e2b-831b-323004451de6/datanode-4/data/ratis/cd15e804-9c33-45b3-a55d-8970901c8a83/current/raft-meta.conf (No such file or directory)
	at java.io.FileInputStream.open0(Native Method)
	at java.io.FileInputStream.open(FileInputStream.java:195)
	at java.io.FileInputStream.<init>(FileInputStream.java:138)
	at org.apache.ratis.server.storage.RaftStorage.readRaftConfiguration(RaftStorage.java:148)
	at org.apache.ratis.server.impl.ServerState.initStatemachine(ServerState.java:167)
	at org.apache.ratis.server.impl.ServerState.<init>(ServerState.java:112)
	at org.apache.ratis.server.impl.RaftServerImpl.<init>(RaftServerImpl.java:186)
	at org.apache.ratis.server.impl.RaftServerProxy.lambda$newRaftServerImpl$4(RaftServerProxy.java:264)
	at java.util.concurrent.CompletableFuture$AsyncSupply.run(CompletableFuture.java:1604)
	at java.util.concurrent.ThreadPoolExecutor.runWorker(ThreadPoolExecutor.java:1149)
	at java.util.concurrent.ThreadPoolExecutor$Worker.run(ThreadPoolExecutor.java:624)
	at java.lang.Thread.run(Thread.java:748)
2021-01-01 14:16:37,878 [pool-1795-thread-1] INFO  server.RaftServerConfigKeys (ConfUtils.java:logGet(44)) - raft.server.notification.no-leader.timeout = 300s (custom)
2021-01-01 14:16:37,878 [pool-1795-thread-1] INFO  server.RaftServerConfigKeys (ConfUtils.java:logGet(44)) - raft.server.log.use.memory = false (default)
2021-01-01 14:16:37,879 [EventQueue-PipelineReportForOneReplicaPipelineSafeModeRule] INFO  safemode.SCMSafeModeManager (SCMSafeModeManager.java:validateSafeModeExitRules(214)) - AtleastOneDatanodeReportedRule rule is successfully validated
2021-01-01 14:16:37,879 [EventQueue-PipelineReportForPipelineReportHandler] INFO  pipeline.PipelineStateManager (PipelineStateManager.java:openPipeline(132)) - Pipeline Pipeline[ Id: cd15e804-9c33-45b3-a55d-8970901c8a83, Nodes: 6599d769-7ef0-430f-a42f-80d7661ca159{ip: 172.17.0.2, host: 722537d36201, networkLocation: /default-rack, certSerialId: null, persistedOpState: IN_SERVICE, persistedOpStateExpiryEpochSec: 0}, Type:RATIS, Factor:ONE, State:ALLOCATED, leaderId:6599d769-7ef0-430f-a42f-80d7661ca159, CreationTimestamp2021-01-01T14:16:34.875Z] moved to OPEN state
2021-01-01 14:16:37,879 [pool-1795-thread-1] INFO  server.RaftServerConfigKeys (ConfUtils.java:logGet(44)) - raft.server.log.purge.gap = 1000000 (custom)
2021-01-01 14:16:37,879 [pool-1795-thread-1] INFO  metrics.RatisMetrics (RatisMetrics.java:lambda$create$0(36)) - Creating Metrics Registry : ratis.log_worker.6599d769-7ef0-430f-a42f-80d7661ca159@group-8970901C8A83
2021-01-01 14:16:37,880 [EventQueue-OpenPipelineForHealthyPipelineSafeModeRule] INFO  safemode.SCMSafeModeManager (HealthyPipelineSafeModeRule.java:process(128)) - SCM in safe mode. Healthy pipelines reported count is 0, required healthy pipeline reported count is 1
2021-01-01 14:16:37,880 [pool-1795-thread-1] INFO  server.RaftServerConfigKeys (ConfUtils.java:logGet(44)) - raft.server.log.appender.buffer.byte-limit = 33554432 (custom)
2021-01-01 14:16:37,880 [pool-1795-thread-1] INFO  server.RaftServerConfigKeys (ConfUtils.java:logGet(44)) - raft.server.log.segment.size.max = 1048576 (custom)
2021-01-01 14:16:37,881 [pool-1795-thread-1] INFO  server.RaftServerConfigKeys (ConfUtils.java:logGet(44)) - raft.server.log.segment.cache.num.max = 2 (custom)
2021-01-01 14:16:37,881 [pool-1795-thread-1] INFO  server.RaftServerConfigKeys (ConfUtils.java:logGet(44)) - raft.server.log.segment.cache.size.max = 200MB (=209715200) (default)
2021-01-01 14:16:37,881 [pool-1795-thread-1] INFO  segmented.SegmentedRaftLogWorker (SegmentedRaftLogWorker.java:<init>(181)) - new 6599d769-7ef0-430f-a42f-80d7661ca159@group-8970901C8A83-SegmentedRaftLogWorker for RaftStorage:Storage Directory /github/workspace/mnt/ozone/hadoop-ozone/integration-test/target/test-dir/MiniOzoneClusterImpl-cb490d7e-6ed4-4e2b-831b-323004451de6/datanode-4/data/ratis/cd15e804-9c33-45b3-a55d-8970901c8a83
2021-01-01 14:16:37,881 [pool-1795-thread-1] INFO  server.RaftServerConfigKeys (ConfUtils.java:logGet(44)) - raft.server.log.queue.byte-limit = 2147483647 (custom)
2021-01-01 14:16:37,881 [pool-1795-thread-1] INFO  server.RaftServerConfigKeys (ConfUtils.java:logGet(44)) - raft.server.log.queue.element-limit = 1024 (custom)
2021-01-01 14:16:37,881 [pool-1795-thread-1] INFO  server.RaftServerConfigKeys (ConfUtils.java:logGet(44)) - raft.server.log.segment.size.max = 1048576 (custom)
2021-01-01 14:16:37,881 [pool-1795-thread-1] INFO  server.RaftServerConfigKeys (ConfUtils.java:logGet(44)) - raft.server.log.preallocated.size = 16384 (custom)
2021-01-01 14:16:37,881 [pool-1795-thread-1] INFO  server.RaftServerConfigKeys (ConfUtils.java:logGet(44)) - raft.server.log.force.sync.num = 128 (default)
2021-01-01 14:16:37,881 [pool-1795-thread-1] INFO  server.RaftServerConfigKeys (ConfUtils.java:logGet(44)) - raft.server.log.statemachine.data.sync = true (default)
2021-01-01 14:16:37,882 [pool-1795-thread-1] INFO  server.RaftServerConfigKeys (ConfUtils.java:logGet(44)) - raft.server.log.statemachine.data.sync.timeout = 10s (default)
2021-01-01 14:16:37,882 [pool-1795-thread-1] INFO  server.RaftServerConfigKeys (ConfUtils.java:logGet(44)) - raft.server.log.statemachine.data.sync.timeout.retry = -1 (default)
2021-01-01 14:16:37,884 [pool-1795-thread-1] INFO  server.RaftServerConfigKeys (ConfUtils.java:logGet(44)) - raft.server.log.write.buffer.size = 1048576 (custom)
2021-01-01 14:16:37,885 [pool-1795-thread-1] INFO  server.RaftServerConfigKeys (ConfUtils.java:logGet(44)) - raft.server.log.statemachine.data.caching.enabled = true (custom)
2021-01-01 14:16:37,885 [pool-1795-thread-1] INFO  segmented.SegmentedRaftLogWorker (SegmentedRaftLogWorker.java:lambda$new$0(132)) - 6599d769-7ef0-430f-a42f-80d7661ca159@group-8970901C8A83-SegmentedRaftLogWorker: flushIndex: setUnconditionally 0 -> -1
2021-01-01 14:16:37,885 [pool-1795-thread-1] INFO  segmented.SegmentedRaftLogWorker (SegmentedRaftLogWorker.java:lambda$new$0(132)) - 6599d769-7ef0-430f-a42f-80d7661ca159@group-8970901C8A83-SegmentedRaftLogWorker: safeCacheEvictIndex: setUnconditionally 0 -> -1
2021-01-01 14:16:37,886 [pool-1795-thread-1] INFO  server.RaftServerConfigKeys (ConfUtils.java:logGet(44)) - raft.server.snapshot.auto.trigger.enabled = true (custom)
2021-01-01 14:16:37,886 [pool-1795-thread-1] INFO  server.RaftServerConfigKeys (ConfUtils.java:logGet(44)) - raft.server.snapshot.auto.trigger.threshold = 10000 (custom)
2021-01-01 14:16:37,886 [pool-1795-thread-1] INFO  server.RaftServerConfigKeys (ConfUtils.java:logGet(44)) - raft.server.snapshot.retention.file.num = 5 (custom)
2021-01-01 14:16:37,886 [pool-1795-thread-1] INFO  server.RaftServerConfigKeys (ConfUtils.java:logGet(44)) - raft.server.log.purge.upto.snapshot.index = false (default)
2021-01-01 14:16:37,886 [pool-1795-thread-1] INFO  server.RaftServerConfigKeys (ConfUtils.java:logGet(44)) - raft.server.retrycache.expirytime = 600000ms (custom)
2021-01-01 14:16:37,886 [pool-1795-thread-1] INFO  server.RaftServerConfigKeys (ConfUtils.java:logGet(44)) - raft.server.retrycache.statistics.expirytime = 100?s (default)
2021-01-01 14:16:37,886 [pool-1795-thread-1] INFO  metrics.RatisMetrics (RatisMetrics.java:lambda$create$0(36)) - Creating Metrics Registry : ratis.leader_election.6599d769-7ef0-430f-a42f-80d7661ca159@group-8970901C8A83
2021-01-01 14:16:37,887 [pool-1795-thread-1] INFO  metrics.RatisMetrics (RatisMetrics.java:lambda$create$0(36)) - Creating Metrics Registry : ratis.server.6599d769-7ef0-430f-a42f-80d7661ca159@group-8970901C8A83
2021-01-01 14:16:37,889 [pool-1795-thread-1] INFO  server.RaftServer$Division (RaftServerImpl.java:start(286)) - 6599d769-7ef0-430f-a42f-80d7661ca159@group-8970901C8A83: start as a follower, conf=-1: [6599d769-7ef0-430f-a42f-80d7661ca159|rpc:172.17.0.2:37921], old=null
2021-01-01 14:16:37,889 [pool-1795-thread-1] INFO  server.RaftServer$Division (RaftServerImpl.java:setRole(275)) - 6599d769-7ef0-430f-a42f-80d7661ca159@group-8970901C8A83: changes role from      null to FOLLOWER at term 0 for startAsFollower
2021-01-01 14:16:37,889 [pool-1795-thread-1] INFO  impl.RoleInfo (RoleInfo.java:updateAndGet(130)) - 6599d769-7ef0-430f-a42f-80d7661ca159: start 6599d769-7ef0-430f-a42f-80d7661ca159@group-8970901C8A83-FollowerState
2021-01-01 14:16:37,890 [pool-1795-thread-1] INFO  util.JmxRegister (JmxRegister.java:tryRegister(44)) - Successfully registered JMX Bean with object name Ratis:service=RaftServer,group=group-8970901C8A83,id=6599d769-7ef0-430f-a42f-80d7661ca159
2021-01-01 14:16:37,890 [pool-1795-thread-1] INFO  metrics.RatisMetrics (RatisMetrics.java:lambda$create$0(36)) - Creating Metrics Registry : ratis.state_machine.6599d769-7ef0-430f-a42f-80d7661ca159@group-8970901C8A83
2021-01-01 14:16:37,891 [Command processor thread] INFO  commandhandler.CreatePipelineCommandHandler (CreatePipelineCommandHandler.java:handle(106)) - Created Pipeline RATIS ONE PipelineID=cd15e804-9c33-45b3-a55d-8970901c8a83.
2021-01-01 14:16:38,048 [Command processor thread] INFO  server.RaftServer (RaftServerProxy.java:addNew(93)) - b05a1b8e-b732-4ead-90c9-c61088a01b0a: addNew group-7F9111EE38F3:[b05a1b8e-b732-4ead-90c9-c61088a01b0a|rpc:172.17.0.2:43445] returns group-7F9111EE38F3:java.util.concurrent.CompletableFuture@ffebf57[Not completed]
2021-01-01 14:16:38,048 [Listener at 127.0.0.1/44197] INFO  ozone.MiniOzoneClusterImpl (MiniOzoneClusterImpl.java:lambda$waitForClusterToBeReady$0(178)) - Nodes are ready. Got 6 of 6 DN Heartbeats.
2021-01-01 14:16:38,048 [Listener at 127.0.0.1/44197] INFO  ozone.MiniOzoneClusterImpl (MiniOzoneClusterImpl.java:lambda$waitForClusterToBeReady$0(181)) - Waiting for cluster to exit safe mode
2021-01-01 14:16:38,049 [pool-1811-thread-1] INFO  server.RaftServer$Division (RaftServerImpl.java:<init>(173)) - b05a1b8e-b732-4ead-90c9-c61088a01b0a: new RaftServerImpl for group-7F9111EE38F3:[b05a1b8e-b732-4ead-90c9-c61088a01b0a|rpc:172.17.0.2:43445] with ContainerStateMachine:uninitialized
2021-01-01 14:16:38,049 [pool-1811-thread-1] INFO  server.RaftServerConfigKeys (ConfUtils.java:logGet(44)) - raft.server.rpc.timeout.min = 5s (custom)
2021-01-01 14:16:38,049 [pool-1811-thread-1] INFO  server.RaftServerConfigKeys (ConfUtils.java:logGet(44)) - raft.server.rpc.timeout.max = 5200ms (custom)
2021-01-01 14:16:38,049 [pool-1811-thread-1] INFO  server.RaftServerConfigKeys (ConfUtils.java:logGet(44)) - raft.server.rpc.sleep.time = 25ms (default)
2021-01-01 14:16:38,049 [pool-1811-thread-1] INFO  server.RaftServerConfigKeys (ConfUtils.java:logGet(44)) - raft.server.rpc.slowness.timeout = 300s (custom)
2021-01-01 14:16:38,049 [pool-1811-thread-1] INFO  server.RaftServerConfigKeys (ConfUtils.java:logGet(44)) - raft.server.leaderelection.leader.step-down.wait-time = 10s (default)
2021-01-01 14:16:38,049 [pool-1811-thread-1] INFO  server.RaftServerConfigKeys (ConfUtils.java:logGet(44)) - raft.server.sleep.deviation.threshold = 300ms (default)
2021-01-01 14:16:38,049 [pool-1811-thread-1] INFO  server.RaftServerConfigKeys (ConfUtils.java:logGet(44)) - raft.server.log.appender.install.snapshot.enabled = false (custom)
2021-01-01 14:16:38,049 [pool-1811-thread-1] INFO  server.RaftServer$Division (ServerState.java:<init>(104)) - b05a1b8e-b732-4ead-90c9-c61088a01b0a@group-7F9111EE38F3: ConfigurationManager, init=-1: [b05a1b8e-b732-4ead-90c9-c61088a01b0a|rpc:172.17.0.2:43445], old=null, confs=<EMPTY_MAP>
2021-01-01 14:16:38,049 [pool-1811-thread-1] INFO  server.RaftServerConfigKeys (ConfUtils.java:logGet(44)) - raft.server.storage.dir = [/github/workspace/mnt/ozone/hadoop-ozone/integration-test/target/test-dir/MiniOzoneClusterImpl-cb490d7e-6ed4-4e2b-831b-323004451de6/datanode-5/data/ratis] (custom)
2021-01-01 14:16:38,049 [pool-1811-thread-1] INFO  server.RaftServerConfigKeys (ConfUtils.java:logGet(44)) - raft.server.log.corruption.policy = EXCEPTION (default)
2021-01-01 14:16:38,049 [pool-1811-thread-1] INFO  storage.RaftStorageDirectory (RaftStorageDirectory.java:analyzeStorage(260)) - The storage directory /github/workspace/mnt/ozone/hadoop-ozone/integration-test/target/test-dir/MiniOzoneClusterImpl-cb490d7e-6ed4-4e2b-831b-323004451de6/datanode-5/data/ratis/1f37d510-d4c9-4bda-8ddd-7f9111ee38f3 does not exist. Creating ...
2021-01-01 14:16:38,050 [pool-1811-thread-1] INFO  storage.RaftStorageDirectory (RaftStorageDirectory.java:tryLock(342)) - Lock on /github/workspace/mnt/ozone/hadoop-ozone/integration-test/target/test-dir/MiniOzoneClusterImpl-cb490d7e-6ed4-4e2b-831b-323004451de6/datanode-5/data/ratis/1f37d510-d4c9-4bda-8ddd-7f9111ee38f3/in_use.lock acquired by nodename 22720@722537d36201
2021-01-01 14:16:38,051 [pool-1811-thread-1] INFO  storage.RaftStorage (RaftStorage.java:format(89)) - Storage directory /github/workspace/mnt/ozone/hadoop-ozone/integration-test/target/test-dir/MiniOzoneClusterImpl-cb490d7e-6ed4-4e2b-831b-323004451de6/datanode-5/data/ratis/1f37d510-d4c9-4bda-8ddd-7f9111ee38f3 has been successfully formatted.
2021-01-01 14:16:38,051 [pool-1811-thread-1] INFO  ratis.ContainerStateMachine (ContainerStateMachine.java:loadSnapshot(223)) - group-7F9111EE38F3: The snapshot info is null. Setting the last applied indexto:(t:0, i:~)
2021-01-01 14:16:38,052 [EventQueue-PipelineReportForPipelineReportHandler] INFO  pipeline.PipelineStateManager (PipelineStateManager.java:openPipeline(132)) - Pipeline Pipeline[ Id: 1f37d510-d4c9-4bda-8ddd-7f9111ee38f3, Nodes: b05a1b8e-b732-4ead-90c9-c61088a01b0a{ip: 172.17.0.2, host: 722537d36201, networkLocation: /default-rack, certSerialId: null, persistedOpState: IN_SERVICE, persistedOpStateExpiryEpochSec: 0}, Type:RATIS, Factor:ONE, State:ALLOCATED, leaderId:b05a1b8e-b732-4ead-90c9-c61088a01b0a, CreationTimestamp2021-01-01T14:16:35.049Z] moved to OPEN state
2021-01-01 14:16:38,052 [pool-1811-thread-1] ERROR storage.RaftStorage (RaftStorage.java:readRaftConfiguration(152)) - Failed reading configuration from file:/github/workspace/mnt/ozone/hadoop-ozone/integration-test/target/test-dir/MiniOzoneClusterImpl-cb490d7e-6ed4-4e2b-831b-323004451de6/datanode-5/data/ratis/1f37d510-d4c9-4bda-8ddd-7f9111ee38f3/current/raft-meta.conf
java.io.FileNotFoundException: /github/workspace/mnt/ozone/hadoop-ozone/integration-test/target/test-dir/MiniOzoneClusterImpl-cb490d7e-6ed4-4e2b-831b-323004451de6/datanode-5/data/ratis/1f37d510-d4c9-4bda-8ddd-7f9111ee38f3/current/raft-meta.conf (No such file or directory)
	at java.io.FileInputStream.open0(Native Method)
	at java.io.FileInputStream.open(FileInputStream.java:195)
	at java.io.FileInputStream.<init>(FileInputStream.java:138)
	at org.apache.ratis.server.storage.RaftStorage.readRaftConfiguration(RaftStorage.java:148)
	at org.apache.ratis.server.impl.ServerState.initStatemachine(ServerState.java:167)
	at org.apache.ratis.server.impl.ServerState.<init>(ServerState.java:112)
	at org.apache.ratis.server.impl.RaftServerImpl.<init>(RaftServerImpl.java:186)
	at org.apache.ratis.server.impl.RaftServerProxy.lambda$newRaftServerImpl$4(RaftServerProxy.java:264)
	at java.util.concurrent.CompletableFuture$AsyncSupply.run(CompletableFuture.java:1604)
	at java.util.concurrent.ThreadPoolExecutor.runWorker(ThreadPoolExecutor.java:1149)
	at java.util.concurrent.ThreadPoolExecutor$Worker.run(ThreadPoolExecutor.java:624)
	at java.lang.Thread.run(Thread.java:748)
2021-01-01 14:16:38,052 [EventQueue-OpenPipelineForHealthyPipelineSafeModeRule] INFO  safemode.SCMSafeModeManager (HealthyPipelineSafeModeRule.java:process(128)) - SCM in safe mode. Healthy pipelines reported count is 0, required healthy pipeline reported count is 1
2021-01-01 14:16:38,052 [EventQueue-PipelineReportForOneReplicaPipelineSafeModeRule] INFO  safemode.SCMSafeModeManager (SCMSafeModeManager.java:validateSafeModeExitRules(214)) - AtleastOneDatanodeReportedRule rule is successfully validated
2021-01-01 14:16:38,052 [pool-1811-thread-1] INFO  server.RaftServerConfigKeys (ConfUtils.java:logGet(44)) - raft.server.notification.no-leader.timeout = 300s (custom)
2021-01-01 14:16:38,053 [pool-1811-thread-1] INFO  server.RaftServerConfigKeys (ConfUtils.java:logGet(44)) - raft.server.log.use.memory = false (default)
2021-01-01 14:16:38,053 [pool-1811-thread-1] INFO  server.RaftServerConfigKeys (ConfUtils.java:logGet(44)) - raft.server.log.purge.gap = 1000000 (custom)
2021-01-01 14:16:38,053 [pool-1811-thread-1] INFO  metrics.RatisMetrics (RatisMetrics.java:lambda$create$0(36)) - Creating Metrics Registry : ratis.log_worker.b05a1b8e-b732-4ead-90c9-c61088a01b0a@group-7F9111EE38F3
2021-01-01 14:16:38,053 [pool-1811-thread-1] INFO  server.RaftServerConfigKeys (ConfUtils.java:logGet(44)) - raft.server.log.appender.buffer.byte-limit = 33554432 (custom)
2021-01-01 14:16:38,053 [pool-1811-thread-1] INFO  server.RaftServerConfigKeys (ConfUtils.java:logGet(44)) - raft.server.log.segment.size.max = 1048576 (custom)
2021-01-01 14:16:38,054 [pool-1811-thread-1] INFO  server.RaftServerConfigKeys (ConfUtils.java:logGet(44)) - raft.server.log.segment.cache.num.max = 2 (custom)
2021-01-01 14:16:38,054 [pool-1811-thread-1] INFO  server.RaftServerConfigKeys (ConfUtils.java:logGet(44)) - raft.server.log.segment.cache.size.max = 200MB (=209715200) (default)
2021-01-01 14:16:38,054 [pool-1811-thread-1] INFO  segmented.SegmentedRaftLogWorker (SegmentedRaftLogWorker.java:<init>(181)) - new b05a1b8e-b732-4ead-90c9-c61088a01b0a@group-7F9111EE38F3-SegmentedRaftLogWorker for RaftStorage:Storage Directory /github/workspace/mnt/ozone/hadoop-ozone/integration-test/target/test-dir/MiniOzoneClusterImpl-cb490d7e-6ed4-4e2b-831b-323004451de6/datanode-5/data/ratis/1f37d510-d4c9-4bda-8ddd-7f9111ee38f3
2021-01-01 14:16:38,055 [pool-1811-thread-1] INFO  server.RaftServerConfigKeys (ConfUtils.java:logGet(44)) - raft.server.log.queue.byte-limit = 2147483647 (custom)
2021-01-01 14:16:38,055 [pool-1811-thread-1] INFO  server.RaftServerConfigKeys (ConfUtils.java:logGet(44)) - raft.server.log.queue.element-limit = 1024 (custom)
2021-01-01 14:16:38,055 [pool-1811-thread-1] INFO  server.RaftServerConfigKeys (ConfUtils.java:logGet(44)) - raft.server.log.segment.size.max = 1048576 (custom)
2021-01-01 14:16:38,055 [pool-1811-thread-1] INFO  server.RaftServerConfigKeys (ConfUtils.java:logGet(44)) - raft.server.log.preallocated.size = 16384 (custom)
2021-01-01 14:16:38,055 [pool-1811-thread-1] INFO  server.RaftServerConfigKeys (ConfUtils.java:logGet(44)) - raft.server.log.force.sync.num = 128 (default)
2021-01-01 14:16:38,055 [pool-1811-thread-1] INFO  server.RaftServerConfigKeys (ConfUtils.java:logGet(44)) - raft.server.log.statemachine.data.sync = true (default)
2021-01-01 14:16:38,055 [pool-1811-thread-1] INFO  server.RaftServerConfigKeys (ConfUtils.java:logGet(44)) - raft.server.log.statemachine.data.sync.timeout = 10s (default)
2021-01-01 14:16:38,055 [pool-1811-thread-1] INFO  server.RaftServerConfigKeys (ConfUtils.java:logGet(44)) - raft.server.log.statemachine.data.sync.timeout.retry = -1 (default)
2021-01-01 14:16:38,058 [pool-1811-thread-1] INFO  server.RaftServerConfigKeys (ConfUtils.java:logGet(44)) - raft.server.log.write.buffer.size = 1048576 (custom)
2021-01-01 14:16:38,059 [pool-1811-thread-1] INFO  server.RaftServerConfigKeys (ConfUtils.java:logGet(44)) - raft.server.log.statemachine.data.caching.enabled = true (custom)
2021-01-01 14:16:38,059 [pool-1811-thread-1] INFO  segmented.SegmentedRaftLogWorker (SegmentedRaftLogWorker.java:lambda$new$0(132)) - b05a1b8e-b732-4ead-90c9-c61088a01b0a@group-7F9111EE38F3-SegmentedRaftLogWorker: flushIndex: setUnconditionally 0 -> -1
2021-01-01 14:16:38,059 [pool-1811-thread-1] INFO  segmented.SegmentedRaftLogWorker (SegmentedRaftLogWorker.java:lambda$new$0(132)) - b05a1b8e-b732-4ead-90c9-c61088a01b0a@group-7F9111EE38F3-SegmentedRaftLogWorker: safeCacheEvictIndex: setUnconditionally 0 -> -1
2021-01-01 14:16:38,059 [pool-1811-thread-1] INFO  server.RaftServerConfigKeys (ConfUtils.java:logGet(44)) - raft.server.snapshot.auto.trigger.enabled = true (custom)
2021-01-01 14:16:38,059 [pool-1811-thread-1] INFO  server.RaftServerConfigKeys (ConfUtils.java:logGet(44)) - raft.server.snapshot.auto.trigger.threshold = 10000 (custom)
2021-01-01 14:16:38,059 [pool-1811-thread-1] INFO  server.RaftServerConfigKeys (ConfUtils.java:logGet(44)) - raft.server.snapshot.retention.file.num = 5 (custom)
2021-01-01 14:16:38,059 [pool-1811-thread-1] INFO  server.RaftServerConfigKeys (ConfUtils.java:logGet(44)) - raft.server.log.purge.upto.snapshot.index = false (default)
2021-01-01 14:16:38,059 [pool-1811-thread-1] INFO  server.RaftServerConfigKeys (ConfUtils.java:logGet(44)) - raft.server.retrycache.expirytime = 600000ms (custom)
2021-01-01 14:16:38,059 [pool-1811-thread-1] INFO  server.RaftServerConfigKeys (ConfUtils.java:logGet(44)) - raft.server.retrycache.statistics.expirytime = 100?s (default)
2021-01-01 14:16:38,059 [pool-1811-thread-1] INFO  metrics.RatisMetrics (RatisMetrics.java:lambda$create$0(36)) - Creating Metrics Registry : ratis.leader_election.b05a1b8e-b732-4ead-90c9-c61088a01b0a@group-7F9111EE38F3
2021-01-01 14:16:38,060 [pool-1811-thread-1] INFO  metrics.RatisMetrics (RatisMetrics.java:lambda$create$0(36)) - Creating Metrics Registry : ratis.server.b05a1b8e-b732-4ead-90c9-c61088a01b0a@group-7F9111EE38F3
2021-01-01 14:16:38,062 [pool-1811-thread-1] INFO  server.RaftServer$Division (RaftServerImpl.java:start(286)) - b05a1b8e-b732-4ead-90c9-c61088a01b0a@group-7F9111EE38F3: start as a follower, conf=-1: [b05a1b8e-b732-4ead-90c9-c61088a01b0a|rpc:172.17.0.2:43445], old=null
2021-01-01 14:16:38,062 [pool-1811-thread-1] INFO  server.RaftServer$Division (RaftServerImpl.java:setRole(275)) - b05a1b8e-b732-4ead-90c9-c61088a01b0a@group-7F9111EE38F3: changes role from      null to FOLLOWER at term 0 for startAsFollower
2021-01-01 14:16:38,063 [pool-1811-thread-1] INFO  impl.RoleInfo (RoleInfo.java:updateAndGet(130)) - b05a1b8e-b732-4ead-90c9-c61088a01b0a: start b05a1b8e-b732-4ead-90c9-c61088a01b0a@group-7F9111EE38F3-FollowerState
2021-01-01 14:16:38,063 [pool-1811-thread-1] INFO  util.JmxRegister (JmxRegister.java:tryRegister(44)) - Successfully registered JMX Bean with object name Ratis:service=RaftServer,group=group-7F9111EE38F3,id=b05a1b8e-b732-4ead-90c9-c61088a01b0a
2021-01-01 14:16:38,063 [pool-1811-thread-1] INFO  metrics.RatisMetrics (RatisMetrics.java:lambda$create$0(36)) - Creating Metrics Registry : ratis.state_machine.b05a1b8e-b732-4ead-90c9-c61088a01b0a@group-7F9111EE38F3
2021-01-01 14:16:38,064 [Command processor thread] INFO  commandhandler.CreatePipelineCommandHandler (CreatePipelineCommandHandler.java:handle(106)) - Created Pipeline RATIS ONE PipelineID=1f37d510-d4c9-4bda-8ddd-7f9111ee38f3.
2021-01-01 14:16:38,191 [EventQueue-PipelineReportForOneReplicaPipelineSafeModeRule] INFO  safemode.SCMSafeModeManager (SCMSafeModeManager.java:validateSafeModeExitRules(214)) - AtleastOneDatanodeReportedRule rule is successfully validated
2021-01-01 14:16:38,192 [EventQueue-OpenPipelineForHealthyPipelineSafeModeRule] INFO  safemode.SCMSafeModeManager (HealthyPipelineSafeModeRule.java:process(128)) - SCM in safe mode. Healthy pipelines reported count is 0, required healthy pipeline reported count is 1
2021-01-01 14:16:38,361 [EventQueue-PipelineReportForOneReplicaPipelineSafeModeRule] INFO  safemode.SCMSafeModeManager (SCMSafeModeManager.java:validateSafeModeExitRules(214)) - AtleastOneDatanodeReportedRule rule is successfully validated
2021-01-01 14:16:38,361 [EventQueue-OpenPipelineForHealthyPipelineSafeModeRule] INFO  safemode.SCMSafeModeManager (HealthyPipelineSafeModeRule.java:process(128)) - SCM in safe mode. Healthy pipelines reported count is 0, required healthy pipeline reported count is 1
2021-01-01 14:16:38,530 [EventQueue-PipelineReportForOneReplicaPipelineSafeModeRule] INFO  safemode.SCMSafeModeManager (SCMSafeModeManager.java:validateSafeModeExitRules(214)) - AtleastOneDatanodeReportedRule rule is successfully validated
2021-01-01 14:16:38,530 [EventQueue-OpenPipelineForHealthyPipelineSafeModeRule] INFO  safemode.SCMSafeModeManager (HealthyPipelineSafeModeRule.java:process(128)) - SCM in safe mode. Healthy pipelines reported count is 0, required healthy pipeline reported count is 1
2021-01-01 14:16:38,714 [EventQueue-PipelineReportForOneReplicaPipelineSafeModeRule] INFO  safemode.SCMSafeModeManager (SCMSafeModeManager.java:validateSafeModeExitRules(214)) - AtleastOneDatanodeReportedRule rule is successfully validated
2021-01-01 14:16:38,714 [EventQueue-OpenPipelineForHealthyPipelineSafeModeRule] INFO  safemode.SCMSafeModeManager (HealthyPipelineSafeModeRule.java:process(128)) - SCM in safe mode. Healthy pipelines reported count is 0, required healthy pipeline reported count is 1
2021-01-01 14:16:38,879 [EventQueue-PipelineReportForOneReplicaPipelineSafeModeRule] INFO  safemode.SCMSafeModeManager (SCMSafeModeManager.java:validateSafeModeExitRules(214)) - AtleastOneDatanodeReportedRule rule is successfully validated
2021-01-01 14:16:38,879 [EventQueue-OpenPipelineForHealthyPipelineSafeModeRule] INFO  safemode.SCMSafeModeManager (HealthyPipelineSafeModeRule.java:process(128)) - SCM in safe mode. Healthy pipelines reported count is 0, required healthy pipeline reported count is 1
2021-01-01 14:16:39,049 [Listener at 127.0.0.1/44197] INFO  ozone.MiniOzoneClusterImpl (MiniOzoneClusterImpl.java:lambda$waitForClusterToBeReady$0(178)) - Nodes are ready. Got 6 of 6 DN Heartbeats.
2021-01-01 14:16:39,049 [Listener at 127.0.0.1/44197] INFO  ozone.MiniOzoneClusterImpl (MiniOzoneClusterImpl.java:lambda$waitForClusterToBeReady$0(181)) - Waiting for cluster to exit safe mode
2021-01-01 14:16:39,051 [EventQueue-OpenPipelineForHealthyPipelineSafeModeRule] INFO  safemode.SCMSafeModeManager (HealthyPipelineSafeModeRule.java:process(128)) - SCM in safe mode. Healthy pipelines reported count is 0, required healthy pipeline reported count is 1
2021-01-01 14:16:39,051 [EventQueue-PipelineReportForOneReplicaPipelineSafeModeRule] INFO  safemode.SCMSafeModeManager (SCMSafeModeManager.java:validateSafeModeExitRules(214)) - AtleastOneDatanodeReportedRule rule is successfully validated
2021-01-01 14:16:39,191 [EventQueue-PipelineReportForOneReplicaPipelineSafeModeRule] INFO  safemode.SCMSafeModeManager (SCMSafeModeManager.java:validateSafeModeExitRules(214)) - AtleastOneDatanodeReportedRule rule is successfully validated
2021-01-01 14:16:39,192 [EventQueue-OpenPipelineForHealthyPipelineSafeModeRule] INFO  safemode.SCMSafeModeManager (HealthyPipelineSafeModeRule.java:process(128)) - SCM in safe mode. Healthy pipelines reported count is 0, required healthy pipeline reported count is 1
2021-01-01 14:16:39,361 [EventQueue-PipelineReportForOneReplicaPipelineSafeModeRule] INFO  safemode.SCMSafeModeManager (SCMSafeModeManager.java:validateSafeModeExitRules(214)) - AtleastOneDatanodeReportedRule rule is successfully validated
2021-01-01 14:16:39,361 [EventQueue-OpenPipelineForHealthyPipelineSafeModeRule] INFO  safemode.SCMSafeModeManager (HealthyPipelineSafeModeRule.java:process(128)) - SCM in safe mode. Healthy pipelines reported count is 0, required healthy pipeline reported count is 1
2021-01-01 14:16:39,530 [EventQueue-PipelineReportForOneReplicaPipelineSafeModeRule] INFO  safemode.SCMSafeModeManager (SCMSafeModeManager.java:validateSafeModeExitRules(214)) - AtleastOneDatanodeReportedRule rule is successfully validated
2021-01-01 14:16:39,530 [EventQueue-OpenPipelineForHealthyPipelineSafeModeRule] INFO  safemode.SCMSafeModeManager (HealthyPipelineSafeModeRule.java:process(128)) - SCM in safe mode. Healthy pipelines reported count is 0, required healthy pipeline reported count is 1
2021-01-01 14:16:39,714 [EventQueue-OpenPipelineForHealthyPipelineSafeModeRule] INFO  safemode.SCMSafeModeManager (HealthyPipelineSafeModeRule.java:process(128)) - SCM in safe mode. Healthy pipelines reported count is 0, required healthy pipeline reported count is 1
2021-01-01 14:16:39,714 [EventQueue-PipelineReportForOneReplicaPipelineSafeModeRule] INFO  safemode.SCMSafeModeManager (SCMSafeModeManager.java:validateSafeModeExitRules(214)) - AtleastOneDatanodeReportedRule rule is successfully validated
2021-01-01 14:16:39,879 [EventQueue-OpenPipelineForHealthyPipelineSafeModeRule] INFO  safemode.SCMSafeModeManager (HealthyPipelineSafeModeRule.java:process(128)) - SCM in safe mode. Healthy pipelines reported count is 0, required healthy pipeline reported count is 1
2021-01-01 14:16:39,879 [EventQueue-PipelineReportForOneReplicaPipelineSafeModeRule] INFO  safemode.SCMSafeModeManager (SCMSafeModeManager.java:validateSafeModeExitRules(214)) - AtleastOneDatanodeReportedRule rule is successfully validated
2021-01-01 14:16:40,049 [Listener at 127.0.0.1/44197] INFO  ozone.MiniOzoneClusterImpl (MiniOzoneClusterImpl.java:lambda$waitForClusterToBeReady$0(178)) - Nodes are ready. Got 6 of 6 DN Heartbeats.
2021-01-01 14:16:40,049 [Listener at 127.0.0.1/44197] INFO  ozone.MiniOzoneClusterImpl (MiniOzoneClusterImpl.java:lambda$waitForClusterToBeReady$0(181)) - Waiting for cluster to exit safe mode
2021-01-01 14:16:40,051 [EventQueue-PipelineReportForOneReplicaPipelineSafeModeRule] INFO  safemode.SCMSafeModeManager (SCMSafeModeManager.java:validateSafeModeExitRules(214)) - AtleastOneDatanodeReportedRule rule is successfully validated
2021-01-01 14:16:40,051 [EventQueue-OpenPipelineForHealthyPipelineSafeModeRule] INFO  safemode.SCMSafeModeManager (HealthyPipelineSafeModeRule.java:process(128)) - SCM in safe mode. Healthy pipelines reported count is 0, required healthy pipeline reported count is 1
2021-01-01 14:16:40,192 [EventQueue-PipelineReportForOneReplicaPipelineSafeModeRule] INFO  safemode.SCMSafeModeManager (SCMSafeModeManager.java:validateSafeModeExitRules(214)) - AtleastOneDatanodeReportedRule rule is successfully validated
2021-01-01 14:16:40,192 [EventQueue-OpenPipelineForHealthyPipelineSafeModeRule] INFO  safemode.SCMSafeModeManager (HealthyPipelineSafeModeRule.java:process(128)) - SCM in safe mode. Healthy pipelines reported count is 0, required healthy pipeline reported count is 1
2021-01-01 14:16:40,361 [EventQueue-PipelineReportForOneReplicaPipelineSafeModeRule] INFO  safemode.SCMSafeModeManager (SCMSafeModeManager.java:validateSafeModeExitRules(214)) - AtleastOneDatanodeReportedRule rule is successfully validated
2021-01-01 14:16:40,361 [EventQueue-OpenPipelineForHealthyPipelineSafeModeRule] INFO  safemode.SCMSafeModeManager (HealthyPipelineSafeModeRule.java:process(128)) - SCM in safe mode. Healthy pipelines reported count is 0, required healthy pipeline reported count is 1
2021-01-01 14:16:40,530 [EventQueue-PipelineReportForOneReplicaPipelineSafeModeRule] INFO  safemode.SCMSafeModeManager (SCMSafeModeManager.java:validateSafeModeExitRules(214)) - AtleastOneDatanodeReportedRule rule is successfully validated
2021-01-01 14:16:40,530 [EventQueue-OpenPipelineForHealthyPipelineSafeModeRule] INFO  safemode.SCMSafeModeManager (HealthyPipelineSafeModeRule.java:process(128)) - SCM in safe mode. Healthy pipelines reported count is 0, required healthy pipeline reported count is 1
2021-01-01 14:16:40,714 [EventQueue-PipelineReportForOneReplicaPipelineSafeModeRule] INFO  safemode.SCMSafeModeManager (SCMSafeModeManager.java:validateSafeModeExitRules(214)) - AtleastOneDatanodeReportedRule rule is successfully validated
2021-01-01 14:16:40,714 [EventQueue-OpenPipelineForHealthyPipelineSafeModeRule] INFO  safemode.SCMSafeModeManager (HealthyPipelineSafeModeRule.java:process(128)) - SCM in safe mode. Healthy pipelines reported count is 0, required healthy pipeline reported count is 1
2021-01-01 14:16:40,879 [EventQueue-PipelineReportForOneReplicaPipelineSafeModeRule] INFO  safemode.SCMSafeModeManager (SCMSafeModeManager.java:validateSafeModeExitRules(214)) - AtleastOneDatanodeReportedRule rule is successfully validated
2021-01-01 14:16:40,879 [EventQueue-OpenPipelineForHealthyPipelineSafeModeRule] INFO  safemode.SCMSafeModeManager (HealthyPipelineSafeModeRule.java:process(128)) - SCM in safe mode. Healthy pipelines reported count is 0, required healthy pipeline reported count is 1
2021-01-01 14:16:41,050 [Listener at 127.0.0.1/44197] INFO  ozone.MiniOzoneClusterImpl (MiniOzoneClusterImpl.java:lambda$waitForClusterToBeReady$0(178)) - Nodes are ready. Got 6 of 6 DN Heartbeats.
2021-01-01 14:16:41,050 [Listener at 127.0.0.1/44197] INFO  ozone.MiniOzoneClusterImpl (MiniOzoneClusterImpl.java:lambda$waitForClusterToBeReady$0(181)) - Waiting for cluster to exit safe mode
2021-01-01 14:16:41,051 [EventQueue-PipelineReportForOneReplicaPipelineSafeModeRule] INFO  safemode.SCMSafeModeManager (SCMSafeModeManager.java:validateSafeModeExitRules(214)) - AtleastOneDatanodeReportedRule rule is successfully validated
2021-01-01 14:16:41,052 [EventQueue-OpenPipelineForHealthyPipelineSafeModeRule] INFO  safemode.SCMSafeModeManager (HealthyPipelineSafeModeRule.java:process(128)) - SCM in safe mode. Healthy pipelines reported count is 0, required healthy pipeline reported count is 1
2021-01-01 14:16:41,192 [EventQueue-PipelineReportForOneReplicaPipelineSafeModeRule] INFO  safemode.SCMSafeModeManager (SCMSafeModeManager.java:validateSafeModeExitRules(214)) - AtleastOneDatanodeReportedRule rule is successfully validated
2021-01-01 14:16:41,192 [EventQueue-OpenPipelineForHealthyPipelineSafeModeRule] INFO  safemode.SCMSafeModeManager (HealthyPipelineSafeModeRule.java:process(128)) - SCM in safe mode. Healthy pipelines reported count is 0, required healthy pipeline reported count is 1
2021-01-01 14:16:41,360 [EventQueue-PipelineReportForOneReplicaPipelineSafeModeRule] INFO  safemode.SCMSafeModeManager (SCMSafeModeManager.java:validateSafeModeExitRules(214)) - AtleastOneDatanodeReportedRule rule is successfully validated
2021-01-01 14:16:41,360 [EventQueue-OpenPipelineForHealthyPipelineSafeModeRule] INFO  safemode.SCMSafeModeManager (HealthyPipelineSafeModeRule.java:process(128)) - SCM in safe mode. Healthy pipelines reported count is 0, required healthy pipeline reported count is 1
2021-01-01 14:16:41,531 [EventQueue-PipelineReportForOneReplicaPipelineSafeModeRule] INFO  safemode.SCMSafeModeManager (SCMSafeModeManager.java:validateSafeModeExitRules(214)) - AtleastOneDatanodeReportedRule rule is successfully validated
2021-01-01 14:16:41,531 [EventQueue-OpenPipelineForHealthyPipelineSafeModeRule] INFO  safemode.SCMSafeModeManager (HealthyPipelineSafeModeRule.java:process(128)) - SCM in safe mode. Healthy pipelines reported count is 0, required healthy pipeline reported count is 1
2021-01-01 14:16:41,715 [EventQueue-PipelineReportForOneReplicaPipelineSafeModeRule] INFO  safemode.SCMSafeModeManager (SCMSafeModeManager.java:validateSafeModeExitRules(214)) - AtleastOneDatanodeReportedRule rule is successfully validated
2021-01-01 14:16:41,715 [EventQueue-OpenPipelineForHealthyPipelineSafeModeRule] INFO  safemode.SCMSafeModeManager (HealthyPipelineSafeModeRule.java:process(128)) - SCM in safe mode. Healthy pipelines reported count is 0, required healthy pipeline reported count is 1
2021-01-01 14:16:41,880 [EventQueue-PipelineReportForOneReplicaPipelineSafeModeRule] INFO  safemode.SCMSafeModeManager (SCMSafeModeManager.java:validateSafeModeExitRules(214)) - AtleastOneDatanodeReportedRule rule is successfully validated
2021-01-01 14:16:41,880 [EventQueue-OpenPipelineForHealthyPipelineSafeModeRule] INFO  safemode.SCMSafeModeManager (HealthyPipelineSafeModeRule.java:process(128)) - SCM in safe mode. Healthy pipelines reported count is 0, required healthy pipeline reported count is 1
2021-01-01 14:16:42,050 [Listener at 127.0.0.1/44197] INFO  ozone.MiniOzoneClusterImpl (MiniOzoneClusterImpl.java:lambda$waitForClusterToBeReady$0(178)) - Nodes are ready. Got 6 of 6 DN Heartbeats.
2021-01-01 14:16:42,050 [Listener at 127.0.0.1/44197] INFO  ozone.MiniOzoneClusterImpl (MiniOzoneClusterImpl.java:lambda$waitForClusterToBeReady$0(181)) - Waiting for cluster to exit safe mode
2021-01-01 14:16:42,051 [EventQueue-PipelineReportForOneReplicaPipelineSafeModeRule] INFO  safemode.SCMSafeModeManager (SCMSafeModeManager.java:validateSafeModeExitRules(214)) - AtleastOneDatanodeReportedRule rule is successfully validated
2021-01-01 14:16:42,052 [EventQueue-OpenPipelineForHealthyPipelineSafeModeRule] INFO  safemode.SCMSafeModeManager (HealthyPipelineSafeModeRule.java:process(128)) - SCM in safe mode. Healthy pipelines reported count is 0, required healthy pipeline reported count is 1
2021-01-01 14:16:42,192 [EventQueue-PipelineReportForOneReplicaPipelineSafeModeRule] INFO  safemode.SCMSafeModeManager (SCMSafeModeManager.java:validateSafeModeExitRules(214)) - AtleastOneDatanodeReportedRule rule is successfully validated
2021-01-01 14:16:42,192 [EventQueue-OpenPipelineForHealthyPipelineSafeModeRule] INFO  safemode.SCMSafeModeManager (HealthyPipelineSafeModeRule.java:process(128)) - SCM in safe mode. Healthy pipelines reported count is 0, required healthy pipeline reported count is 1
2021-01-01 14:16:42,285 [Thread-5748] INFO  impl.FollowerState (FollowerState.java:run(133)) - 7cefa8e9-48e2-4714-becf-e2fa99455696@group-132F36A5D2C2-FollowerState: change to CANDIDATE, lastRpcElapsedTime:5098354411ns, electionTimeout:5098ms
2021-01-01 14:16:42,286 [Thread-5748] INFO  impl.RoleInfo (RoleInfo.java:shutdownFollowerState(108)) - 7cefa8e9-48e2-4714-becf-e2fa99455696: shutdown 7cefa8e9-48e2-4714-becf-e2fa99455696@group-132F36A5D2C2-FollowerState
2021-01-01 14:16:42,286 [Thread-5748] INFO  server.RaftServer$Division (RaftServerImpl.java:setRole(275)) - 7cefa8e9-48e2-4714-becf-e2fa99455696@group-132F36A5D2C2: changes role from  FOLLOWER to CANDIDATE at term 0 for changeToCandidate
2021-01-01 14:16:42,286 [Thread-5752] INFO  impl.FollowerState (FollowerState.java:run(133)) - f4f30912-ea27-4eb3-bee5-ae3f82ef3ad0@group-C6F7FEEEE428-FollowerState: change to CANDIDATE, lastRpcElapsedTime:5063295807ns, electionTimeout:5063ms
2021-01-01 14:16:42,286 [Thread-5748] INFO  impl.RoleInfo (RoleInfo.java:updateAndGet(130)) - 7cefa8e9-48e2-4714-becf-e2fa99455696: start 7cefa8e9-48e2-4714-becf-e2fa99455696@group-132F36A5D2C2-LeaderElection86
2021-01-01 14:16:42,286 [Thread-5752] INFO  impl.RoleInfo (RoleInfo.java:shutdownFollowerState(108)) - f4f30912-ea27-4eb3-bee5-ae3f82ef3ad0: shutdown f4f30912-ea27-4eb3-bee5-ae3f82ef3ad0@group-C6F7FEEEE428-FollowerState
2021-01-01 14:16:42,286 [Thread-5752] INFO  server.RaftServer$Division (RaftServerImpl.java:setRole(275)) - f4f30912-ea27-4eb3-bee5-ae3f82ef3ad0@group-C6F7FEEEE428: changes role from  FOLLOWER to CANDIDATE at term 0 for changeToCandidate
2021-01-01 14:16:42,286 [Thread-5752] INFO  impl.RoleInfo (RoleInfo.java:updateAndGet(130)) - f4f30912-ea27-4eb3-bee5-ae3f82ef3ad0: start f4f30912-ea27-4eb3-bee5-ae3f82ef3ad0@group-C6F7FEEEE428-LeaderElection87
2021-01-01 14:16:42,300 [f4f30912-ea27-4eb3-bee5-ae3f82ef3ad0@group-C6F7FEEEE428-LeaderElection87] INFO  impl.LeaderElection (LeaderElection.java:askForVotes(219)) - f4f30912-ea27-4eb3-bee5-ae3f82ef3ad0@group-C6F7FEEEE428-LeaderElection87: begin an election at term 1 for -1: [f4f30912-ea27-4eb3-bee5-ae3f82ef3ad0|rpc:172.17.0.2:45771|dataStream:, 9a3e098b-d23a-435e-81b9-d52adff52c28|rpc:172.17.0.2:32929|dataStream:, 7cefa8e9-48e2-4714-becf-e2fa99455696|rpc:172.17.0.2:37087|dataStream:], old=null
2021-01-01 14:16:42,301 [7cefa8e9-48e2-4714-becf-e2fa99455696@group-132F36A5D2C2-LeaderElection86] INFO  impl.LeaderElection (LeaderElection.java:askForVotes(219)) - 7cefa8e9-48e2-4714-becf-e2fa99455696@group-132F36A5D2C2-LeaderElection86: begin an election at term 1 for -1: [7cefa8e9-48e2-4714-becf-e2fa99455696|rpc:172.17.0.2:37087], old=null
2021-01-01 14:16:42,301 [7cefa8e9-48e2-4714-becf-e2fa99455696@group-132F36A5D2C2-LeaderElection86] INFO  impl.RoleInfo (RoleInfo.java:shutdownLeaderElection(121)) - 7cefa8e9-48e2-4714-becf-e2fa99455696: shutdown 7cefa8e9-48e2-4714-becf-e2fa99455696@group-132F36A5D2C2-LeaderElection86
2021-01-01 14:16:42,301 [7cefa8e9-48e2-4714-becf-e2fa99455696@group-132F36A5D2C2-LeaderElection86] INFO  server.RaftServer$Division (RaftServerImpl.java:setRole(275)) - 7cefa8e9-48e2-4714-becf-e2fa99455696@group-132F36A5D2C2: changes role from CANDIDATE to LEADER at term 1 for changeToLeader
2021-01-01 14:16:42,301 [7cefa8e9-48e2-4714-becf-e2fa99455696@group-132F36A5D2C2-LeaderElection86] INFO  ratis.XceiverServerRatis (XceiverServerRatis.java:handleLeaderChangedNotification(862)) - Leader change notification received for group: group-132F36A5D2C2 with new leaderId: 7cefa8e9-48e2-4714-becf-e2fa99455696
2021-01-01 14:16:42,301 [7cefa8e9-48e2-4714-becf-e2fa99455696@group-132F36A5D2C2-LeaderElection86] INFO  server.RaftServer$Division (ServerState.java:setLeader(258)) - 7cefa8e9-48e2-4714-becf-e2fa99455696@group-132F36A5D2C2: change Leader from null to 7cefa8e9-48e2-4714-becf-e2fa99455696 at term 1 for becomeLeader, leader elected after 5124ms
2021-01-01 14:16:42,301 [7cefa8e9-48e2-4714-becf-e2fa99455696@group-132F36A5D2C2-LeaderElection86] INFO  server.RaftServerConfigKeys (ConfUtils.java:logGet(44)) - raft.server.staging.catchup.gap = 1000 (default)
2021-01-01 14:16:42,301 [7cefa8e9-48e2-4714-becf-e2fa99455696@group-132F36A5D2C2-LeaderElection86] INFO  metrics.RatisMetrics (RatisMetrics.java:lambda$create$0(36)) - Creating Metrics Registry : ratis.log_appender.7cefa8e9-48e2-4714-becf-e2fa99455696@group-132F36A5D2C2
2021-01-01 14:16:42,302 [7cefa8e9-48e2-4714-becf-e2fa99455696@group-132F36A5D2C2-LeaderElection86] INFO  server.RaftServerConfigKeys (ConfUtils.java:logGet(44)) - raft.server.write.element-limit = 1024 (custom)
2021-01-01 14:16:42,302 [7cefa8e9-48e2-4714-becf-e2fa99455696@group-132F36A5D2C2-LeaderElection86] INFO  server.RaftServerConfigKeys (ConfUtils.java:logGet(44)) - raft.server.write.byte-limit = 1073741824 (custom)
2021-01-01 14:16:42,302 [7cefa8e9-48e2-4714-becf-e2fa99455696@group-132F36A5D2C2-LeaderElection86] INFO  server.RaftServerConfigKeys (ConfUtils.java:logGet(44)) - raft.server.watch.timeout = 180s (custom)
2021-01-01 14:16:42,303 [7cefa8e9-48e2-4714-becf-e2fa99455696@group-132F36A5D2C2-LeaderElection86] INFO  server.RaftServerConfigKeys (ConfUtils.java:logGet(44)) - raft.server.watch.timeout.denomination = 1s (default)
2021-01-01 14:16:42,303 [7cefa8e9-48e2-4714-becf-e2fa99455696@group-132F36A5D2C2-LeaderElection86] INFO  server.RaftServerConfigKeys (ConfUtils.java:logGet(44)) - raft.server.watch.element-limit = 65536 (default)
2021-01-01 14:16:42,303 [7cefa8e9-48e2-4714-becf-e2fa99455696@group-132F36A5D2C2-LeaderElection86] INFO  impl.RoleInfo (RoleInfo.java:updateAndGet(130)) - 7cefa8e9-48e2-4714-becf-e2fa99455696: start 7cefa8e9-48e2-4714-becf-e2fa99455696@group-132F36A5D2C2-LeaderStateImpl
2021-01-01 14:16:42,303 [7cefa8e9-48e2-4714-becf-e2fa99455696@group-132F36A5D2C2-LeaderElection86] INFO  segmented.SegmentedRaftLogWorker (SegmentedRaftLogWorker.java:startLogSegment(392)) - 7cefa8e9-48e2-4714-becf-e2fa99455696@group-132F36A5D2C2-SegmentedRaftLogWorker: Starting segment from index:0
2021-01-01 14:16:42,304 [EventQueue-PipelineReportForOneReplicaPipelineSafeModeRule] INFO  safemode.SCMSafeModeManager (SCMSafeModeManager.java:validateSafeModeExitRules(214)) - AtleastOneDatanodeReportedRule rule is successfully validated
2021-01-01 14:16:42,304 [EventQueue-OpenPipelineForHealthyPipelineSafeModeRule] INFO  safemode.SCMSafeModeManager (HealthyPipelineSafeModeRule.java:process(128)) - SCM in safe mode. Healthy pipelines reported count is 0, required healthy pipeline reported count is 1
2021-01-01 14:16:42,305 [7cefa8e9-48e2-4714-becf-e2fa99455696@group-132F36A5D2C2-SegmentedRaftLogWorker] INFO  segmented.SegmentedRaftLogWorker (SegmentedRaftLogWorker.java:execute(599)) - 7cefa8e9-48e2-4714-becf-e2fa99455696@group-132F36A5D2C2-SegmentedRaftLogWorker: created new log segment /github/workspace/mnt/ozone/hadoop-ozone/integration-test/target/test-dir/MiniOzoneClusterImpl-cb490d7e-6ed4-4e2b-831b-323004451de6/datanode-0/data/ratis/4551d66b-c24a-45f8-bda5-132f36a5d2c2/current/log_inprogress_0
2021-01-01 14:16:42,305 [Thread-5750] INFO  impl.FollowerState (FollowerState.java:run(133)) - 7cefa8e9-48e2-4714-becf-e2fa99455696@group-C6F7FEEEE428-FollowerState: change to CANDIDATE, lastRpcElapsedTime:5104291939ns, electionTimeout:5104ms
2021-01-01 14:16:42,308 [7cefa8e9-48e2-4714-becf-e2fa99455696@group-132F36A5D2C2-LeaderElection86] INFO  server.RaftServer$Division (ServerState.java:setRaftConf(374)) - 7cefa8e9-48e2-4714-becf-e2fa99455696@group-132F36A5D2C2: set configuration 0: [7cefa8e9-48e2-4714-becf-e2fa99455696|rpc:172.17.0.2:37087|dataStream:], old=null at 0
2021-01-01 14:16:42,312 [Thread-5750] INFO  impl.RoleInfo (RoleInfo.java:shutdownFollowerState(108)) - 7cefa8e9-48e2-4714-becf-e2fa99455696: shutdown 7cefa8e9-48e2-4714-becf-e2fa99455696@group-C6F7FEEEE428-FollowerState
2021-01-01 14:16:42,312 [Thread-5750] INFO  server.RaftServer$Division (RaftServerImpl.java:setRole(275)) - 7cefa8e9-48e2-4714-becf-e2fa99455696@group-C6F7FEEEE428: changes role from  FOLLOWER to CANDIDATE at term 0 for changeToCandidate
2021-01-01 14:16:42,312 [Thread-5750] INFO  impl.RoleInfo (RoleInfo.java:updateAndGet(130)) - 7cefa8e9-48e2-4714-becf-e2fa99455696: start 7cefa8e9-48e2-4714-becf-e2fa99455696@group-C6F7FEEEE428-LeaderElection88
2021-01-01 14:16:42,315 [grpc-default-executor-2] INFO  metrics.RatisMetrics (RatisMetrics.java:lambda$create$0(36)) - Creating Metrics Registry : ratis.server_message_metrics.7cefa8e9-48e2-4714-becf-e2fa99455696
2021-01-01 14:16:42,319 [grpc-default-executor-3] INFO  server.RaftServer$Division (RaftServerImpl.java:setRole(275)) - 9a3e098b-d23a-435e-81b9-d52adff52c28@group-C6F7FEEEE428: changes role from  FOLLOWER to FOLLOWER at term 1 for recognizeCandidate:f4f30912-ea27-4eb3-bee5-ae3f82ef3ad0
2021-01-01 14:16:42,320 [grpc-default-executor-3] INFO  impl.RoleInfo (RoleInfo.java:shutdownFollowerState(108)) - 9a3e098b-d23a-435e-81b9-d52adff52c28: shutdown 9a3e098b-d23a-435e-81b9-d52adff52c28@group-C6F7FEEEE428-FollowerState
2021-01-01 14:16:42,320 [grpc-default-executor-3] INFO  impl.RoleInfo (RoleInfo.java:updateAndGet(130)) - 9a3e098b-d23a-435e-81b9-d52adff52c28: start 9a3e098b-d23a-435e-81b9-d52adff52c28@group-C6F7FEEEE428-FollowerState
2021-01-01 14:16:42,320 [Thread-5755] INFO  impl.FollowerState (FollowerState.java:run(142)) - 9a3e098b-d23a-435e-81b9-d52adff52c28@group-C6F7FEEEE428-FollowerState was interrupted: {}
java.lang.InterruptedException: sleep interrupted
	at java.lang.Thread.sleep(Native Method)
	at java.lang.Thread.sleep(Thread.java:340)
	at java.util.concurrent.TimeUnit.sleep(TimeUnit.java:386)
	at org.apache.ratis.util.TimeDuration.sleep(TimeDuration.java:319)
	at org.apache.ratis.util.TimeDuration.sleep(TimeDuration.java:304)
	at org.apache.ratis.server.impl.FollowerState.run(FollowerState.java:117)
2021-01-01 14:16:42,320 [grpc-default-executor-3] INFO  server.RaftServer$Division (RaftServerImpl.java:requestVote(983)) -  FOLLOWER 9a3e098b-d23a-435e-81b9-d52adff52c28@group-C6F7FEEEE428:t1, leader=null, voted=null, raftlog=9a3e098b-d23a-435e-81b9-d52adff52c28@group-C6F7FEEEE428-SegmentedRaftLog:OPENED:c-1,f-1,i0, conf=-1: [f4f30912-ea27-4eb3-bee5-ae3f82ef3ad0|rpc:172.17.0.2:45771|dataStream:, 9a3e098b-d23a-435e-81b9-d52adff52c28|rpc:172.17.0.2:32929|dataStream:, 7cefa8e9-48e2-4714-becf-e2fa99455696|rpc:172.17.0.2:37087|dataStream:], old=null RUNNING priority:0 candidate:f4f30912-ea27-4eb3-bee5-ae3f82ef3ad0|rpc:172.17.0.2:45771|dataStream: candidatePriority:0 compare:0
2021-01-01 14:16:42,323 [7cefa8e9-48e2-4714-becf-e2fa99455696@group-C6F7FEEEE428-LeaderElection88] INFO  impl.LeaderElection (LeaderElection.java:askForVotes(219)) - 7cefa8e9-48e2-4714-becf-e2fa99455696@group-C6F7FEEEE428-LeaderElection88: begin an election at term 1 for -1: [f4f30912-ea27-4eb3-bee5-ae3f82ef3ad0|rpc:172.17.0.2:45771, 9a3e098b-d23a-435e-81b9-d52adff52c28|rpc:172.17.0.2:32929, 7cefa8e9-48e2-4714-becf-e2fa99455696|rpc:172.17.0.2:37087], old=null
2021-01-01 14:16:42,324 [f4f30912-ea27-4eb3-bee5-ae3f82ef3ad0@group-C6F7FEEEE428-LeaderElection87] INFO  impl.LeaderElection (LeaderElection.java:logAndReturn(68)) - f4f30912-ea27-4eb3-bee5-ae3f82ef3ad0@group-C6F7FEEEE428-LeaderElection87: Election PASSED; received 2 response(s) [f4f30912-ea27-4eb3-bee5-ae3f82ef3ad0<-9a3e098b-d23a-435e-81b9-d52adff52c28#0:OK-t1, f4f30912-ea27-4eb3-bee5-ae3f82ef3ad0<-7cefa8e9-48e2-4714-becf-e2fa99455696#0:FAIL-t1] and 0 exception(s); f4f30912-ea27-4eb3-bee5-ae3f82ef3ad0@group-C6F7FEEEE428:t1, leader=null, voted=f4f30912-ea27-4eb3-bee5-ae3f82ef3ad0, raftlog=f4f30912-ea27-4eb3-bee5-ae3f82ef3ad0@group-C6F7FEEEE428-SegmentedRaftLog:OPENED:c-1,f-1,i0, conf=-1: [f4f30912-ea27-4eb3-bee5-ae3f82ef3ad0|rpc:172.17.0.2:45771|dataStream:, 9a3e098b-d23a-435e-81b9-d52adff52c28|rpc:172.17.0.2:32929|dataStream:, 7cefa8e9-48e2-4714-becf-e2fa99455696|rpc:172.17.0.2:37087|dataStream:], old=null
2021-01-01 14:16:42,324 [f4f30912-ea27-4eb3-bee5-ae3f82ef3ad0@group-C6F7FEEEE428-LeaderElection87] INFO  impl.RoleInfo (RoleInfo.java:shutdownLeaderElection(121)) - f4f30912-ea27-4eb3-bee5-ae3f82ef3ad0: shutdown f4f30912-ea27-4eb3-bee5-ae3f82ef3ad0@group-C6F7FEEEE428-LeaderElection87
2021-01-01 14:16:42,324 [f4f30912-ea27-4eb3-bee5-ae3f82ef3ad0@group-C6F7FEEEE428-LeaderElection87] INFO  server.RaftServer$Division (RaftServerImpl.java:setRole(275)) - f4f30912-ea27-4eb3-bee5-ae3f82ef3ad0@group-C6F7FEEEE428: changes role from CANDIDATE to LEADER at term 1 for changeToLeader
2021-01-01 14:16:42,324 [f4f30912-ea27-4eb3-bee5-ae3f82ef3ad0@group-C6F7FEEEE428-LeaderElection87] INFO  ratis.XceiverServerRatis (XceiverServerRatis.java:handleLeaderChangedNotification(862)) - Leader change notification received for group: group-C6F7FEEEE428 with new leaderId: f4f30912-ea27-4eb3-bee5-ae3f82ef3ad0
2021-01-01 14:16:42,324 [f4f30912-ea27-4eb3-bee5-ae3f82ef3ad0@group-C6F7FEEEE428-LeaderElection87] INFO  server.RaftServer$Division (ServerState.java:setLeader(258)) - f4f30912-ea27-4eb3-bee5-ae3f82ef3ad0@group-C6F7FEEEE428: change Leader from null to f4f30912-ea27-4eb3-bee5-ae3f82ef3ad0 at term 1 for becomeLeader, leader elected after 5110ms
2021-01-01 14:16:42,324 [f4f30912-ea27-4eb3-bee5-ae3f82ef3ad0@group-C6F7FEEEE428-LeaderElection87] INFO  server.RaftServerConfigKeys (ConfUtils.java:logGet(44)) - raft.server.staging.catchup.gap = 1000 (default)
2021-01-01 14:16:42,324 [f4f30912-ea27-4eb3-bee5-ae3f82ef3ad0@group-C6F7FEEEE428-LeaderElection87] INFO  metrics.RatisMetrics (RatisMetrics.java:lambda$create$0(36)) - Creating Metrics Registry : ratis.log_appender.f4f30912-ea27-4eb3-bee5-ae3f82ef3ad0@group-C6F7FEEEE428
2021-01-01 14:16:42,325 [f4f30912-ea27-4eb3-bee5-ae3f82ef3ad0@group-C6F7FEEEE428-LeaderElection87] INFO  server.RaftServerConfigKeys (ConfUtils.java:logGet(44)) - raft.server.write.element-limit = 1024 (custom)
2021-01-01 14:16:42,325 [f4f30912-ea27-4eb3-bee5-ae3f82ef3ad0@group-C6F7FEEEE428-LeaderElection87] INFO  server.RaftServerConfigKeys (ConfUtils.java:logGet(44)) - raft.server.write.byte-limit = 1073741824 (custom)
2021-01-01 14:16:42,325 [f4f30912-ea27-4eb3-bee5-ae3f82ef3ad0@group-C6F7FEEEE428-LeaderElection87] INFO  server.RaftServerConfigKeys (ConfUtils.java:logGet(44)) - raft.server.watch.timeout = 180s (custom)
2021-01-01 14:16:42,326 [f4f30912-ea27-4eb3-bee5-ae3f82ef3ad0@group-C6F7FEEEE428-LeaderElection87] INFO  server.RaftServerConfigKeys (ConfUtils.java:logGet(44)) - raft.server.watch.timeout.denomination = 1s (default)
2021-01-01 14:16:42,326 [f4f30912-ea27-4eb3-bee5-ae3f82ef3ad0@group-C6F7FEEEE428-LeaderElection87] INFO  server.RaftServerConfigKeys (ConfUtils.java:logGet(44)) - raft.server.watch.element-limit = 65536 (default)
2021-01-01 14:16:42,326 [f4f30912-ea27-4eb3-bee5-ae3f82ef3ad0@group-C6F7FEEEE428-LeaderElection87] INFO  server.RaftServerConfigKeys (ConfUtils.java:logGet(44)) - raft.server.log.appender.snapshot.chunk.size.max = 16MB (=16777216) (default)
2021-01-01 14:16:42,326 [f4f30912-ea27-4eb3-bee5-ae3f82ef3ad0@group-C6F7FEEEE428-LeaderElection87] INFO  server.RaftServerConfigKeys (ConfUtils.java:logGet(44)) - raft.server.log.appender.buffer.byte-limit = 33554432 (custom)
2021-01-01 14:16:42,326 [f4f30912-ea27-4eb3-bee5-ae3f82ef3ad0@group-C6F7FEEEE428-LeaderElection87] INFO  server.RaftServerConfigKeys (ConfUtils.java:logGet(44)) - raft.server.log.appender.buffer.element-limit = 1 (custom)
2021-01-01 14:16:42,326 [f4f30912-ea27-4eb3-bee5-ae3f82ef3ad0@group-C6F7FEEEE428-LeaderElection87] INFO  grpc.GrpcConfigKeys (ConfUtils.java:logGet(44)) - raft.grpc.server.leader.outstanding.appends.max = 128 (default)
2021-01-01 14:16:42,326 [f4f30912-ea27-4eb3-bee5-ae3f82ef3ad0@group-C6F7FEEEE428-LeaderElection87] INFO  server.RaftServerConfigKeys (ConfUtils.java:logGet(44)) - raft.server.rpc.request.timeout = 60s (custom)
2021-01-01 14:16:42,326 [f4f30912-ea27-4eb3-bee5-ae3f82ef3ad0@group-C6F7FEEEE428-LeaderElection87] INFO  server.RaftServerConfigKeys (ConfUtils.java:logGet(44)) - raft.server.log.appender.install.snapshot.enabled = false (custom)
2021-01-01 14:16:42,326 [f4f30912-ea27-4eb3-bee5-ae3f82ef3ad0@group-C6F7FEEEE428-LeaderElection87] INFO  metrics.RatisMetrics (RatisMetrics.java:lambda$create$0(36)) - Creating Metrics Registry : ratis_grpc.log_appender.f4f30912-ea27-4eb3-bee5-ae3f82ef3ad0@group-C6F7FEEEE428
2021-01-01 14:16:42,328 [EventQueue-PipelineReportForPipelineReportHandler] INFO  pipeline.PipelineStateManager (PipelineStateManager.java:openPipeline(132)) - Pipeline Pipeline[ Id: e2c3b8d5-ffff-4969-b3cc-c6f7feeee428, Nodes: f4f30912-ea27-4eb3-bee5-ae3f82ef3ad0{ip: 172.17.0.2, host: 722537d36201, networkLocation: /default-rack, certSerialId: null, persistedOpState: IN_SERVICE, persistedOpStateExpiryEpochSec: 0}7cefa8e9-48e2-4714-becf-e2fa99455696{ip: 172.17.0.2, host: 722537d36201, networkLocation: /default-rack, certSerialId: null, persistedOpState: IN_SERVICE, persistedOpStateExpiryEpochSec: 0}9a3e098b-d23a-435e-81b9-d52adff52c28{ip: 172.17.0.2, host: 722537d36201, networkLocation: /default-rack, certSerialId: null, persistedOpState: IN_SERVICE, persistedOpStateExpiryEpochSec: 0}, Type:RATIS, Factor:THREE, State:ALLOCATED, leaderId:f4f30912-ea27-4eb3-bee5-ae3f82ef3ad0, CreationTimestamp2021-01-01T14:16:34.527Z] moved to OPEN state
2021-01-01 14:16:42,328 [EventQueue-PipelineReportForOneReplicaPipelineSafeModeRule] INFO  safemode.SCMSafeModeManager (SCMSafeModeManager.java:validateSafeModeExitRules(214)) - AtleastOneDatanodeReportedRule rule is successfully validated
2021-01-01 14:16:42,328 [EventQueue-OpenPipelineForHealthyPipelineSafeModeRule] INFO  safemode.SCMSafeModeManager (HealthyPipelineSafeModeRule.java:process(128)) - SCM in safe mode. Healthy pipelines reported count is 0, required healthy pipeline reported count is 1
2021-01-01 14:16:42,328 [EventQueue-OpenPipelineForHealthyPipelineSafeModeRule] INFO  safemode.SCMSafeModeManager (HealthyPipelineSafeModeRule.java:process(128)) - SCM in safe mode. Healthy pipelines reported count is 1, required healthy pipeline reported count is 1
2021-01-01 14:16:42,328 [EventQueue-OpenPipelineForHealthyPipelineSafeModeRule] INFO  safemode.SCMSafeModeManager (SCMSafeModeManager.java:validateSafeModeExitRules(214)) - HealthyPipelineSafeModeRule rule is successfully validated
2021-01-01 14:16:42,328 [EventQueue-OpenPipelineForHealthyPipelineSafeModeRule] INFO  safemode.SCMSafeModeManager (SCMSafeModeManager.java:validateSafeModeExitRules(228)) - ScmSafeModeManager, all rules are successfully validated
2021-01-01 14:16:42,328 [EventQueue-OpenPipelineForHealthyPipelineSafeModeRule] INFO  safemode.SCMSafeModeManager (SCMSafeModeManager.java:exitSafeMode(257)) - SCM exiting safe mode.
2021-01-01 14:16:42,330 [f4f30912-ea27-4eb3-bee5-ae3f82ef3ad0@group-C6F7FEEEE428-LeaderElection87] INFO  server.RaftServerConfigKeys (ConfUtils.java:logGet(44)) - raft.server.log.appender.snapshot.chunk.size.max = 16MB (=16777216) (default)
2021-01-01 14:16:42,330 [f4f30912-ea27-4eb3-bee5-ae3f82ef3ad0@group-C6F7FEEEE428-LeaderElection87] INFO  server.RaftServerConfigKeys (ConfUtils.java:logGet(44)) - raft.server.log.appender.buffer.byte-limit = 33554432 (custom)
2021-01-01 14:16:42,330 [f4f30912-ea27-4eb3-bee5-ae3f82ef3ad0@group-C6F7FEEEE428-LeaderElection87] INFO  server.RaftServerConfigKeys (ConfUtils.java:logGet(44)) - raft.server.log.appender.buffer.element-limit = 1 (custom)
2021-01-01 14:16:42,330 [f4f30912-ea27-4eb3-bee5-ae3f82ef3ad0@group-C6F7FEEEE428-LeaderElection87] INFO  grpc.GrpcConfigKeys (ConfUtils.java:logGet(44)) - raft.grpc.server.leader.outstanding.appends.max = 128 (default)
2021-01-01 14:16:42,330 [f4f30912-ea27-4eb3-bee5-ae3f82ef3ad0@group-C6F7FEEEE428-LeaderElection87] INFO  server.RaftServerConfigKeys (ConfUtils.java:logGet(44)) - raft.server.rpc.request.timeout = 60s (custom)
2021-01-01 14:16:42,331 [f4f30912-ea27-4eb3-bee5-ae3f82ef3ad0@group-C6F7FEEEE428-LeaderElection87] INFO  server.RaftServerConfigKeys (ConfUtils.java:logGet(44)) - raft.server.log.appender.install.snapshot.enabled = false (custom)
2021-01-01 14:16:42,335 [f4f30912-ea27-4eb3-bee5-ae3f82ef3ad0@group-C6F7FEEEE428-LeaderElection87] INFO  impl.RoleInfo (RoleInfo.java:updateAndGet(130)) - f4f30912-ea27-4eb3-bee5-ae3f82ef3ad0: start f4f30912-ea27-4eb3-bee5-ae3f82ef3ad0@group-C6F7FEEEE428-LeaderStateImpl
2021-01-01 14:16:42,336 [f4f30912-ea27-4eb3-bee5-ae3f82ef3ad0@group-C6F7FEEEE428-LeaderElection87] INFO  segmented.SegmentedRaftLogWorker (SegmentedRaftLogWorker.java:startLogSegment(392)) - f4f30912-ea27-4eb3-bee5-ae3f82ef3ad0@group-C6F7FEEEE428-SegmentedRaftLogWorker: Starting segment from index:0
2021-01-01 14:16:42,337 [f4f30912-ea27-4eb3-bee5-ae3f82ef3ad0@group-C6F7FEEEE428-SegmentedRaftLogWorker] INFO  segmented.SegmentedRaftLogWorker (SegmentedRaftLogWorker.java:execute(599)) - f4f30912-ea27-4eb3-bee5-ae3f82ef3ad0@group-C6F7FEEEE428-SegmentedRaftLogWorker: created new log segment /github/workspace/mnt/ozone/hadoop-ozone/integration-test/target/test-dir/MiniOzoneClusterImpl-cb490d7e-6ed4-4e2b-831b-323004451de6/datanode-2/data/ratis/e2c3b8d5-ffff-4969-b3cc-c6f7feeee428/current/log_inprogress_0
2021-01-01 14:16:42,345 [f4f30912-ea27-4eb3-bee5-ae3f82ef3ad0@group-C6F7FEEEE428-LeaderElection87] INFO  server.RaftServer$Division (ServerState.java:setRaftConf(374)) - f4f30912-ea27-4eb3-bee5-ae3f82ef3ad0@group-C6F7FEEEE428: set configuration 0: [f4f30912-ea27-4eb3-bee5-ae3f82ef3ad0|rpc:172.17.0.2:45771|dataStream:, 9a3e098b-d23a-435e-81b9-d52adff52c28|rpc:172.17.0.2:32929|dataStream:, 7cefa8e9-48e2-4714-becf-e2fa99455696|rpc:172.17.0.2:37087|dataStream:], old=null at 0
2021-01-01 14:16:42,353 [grpc-default-executor-2] INFO  ratis.XceiverServerRatis (XceiverServerRatis.java:handleLeaderChangedNotification(862)) - Leader change notification received for group: group-C6F7FEEEE428 with new leaderId: f4f30912-ea27-4eb3-bee5-ae3f82ef3ad0
2021-01-01 14:16:42,353 [grpc-default-executor-2] INFO  server.RaftServer$Division (ServerState.java:setLeader(258)) - 9a3e098b-d23a-435e-81b9-d52adff52c28@group-C6F7FEEEE428: change Leader from null to f4f30912-ea27-4eb3-bee5-ae3f82ef3ad0 at term 1 for appendEntries, leader elected after 5115ms
2021-01-01 14:16:42,353 [grpc-default-executor-5] INFO  server.RaftServer$Division (RaftServerImpl.java:setRole(275)) - 7cefa8e9-48e2-4714-becf-e2fa99455696@group-C6F7FEEEE428: changes role from CANDIDATE to FOLLOWER at term 1 for appendEntries
2021-01-01 14:16:42,354 [grpc-default-executor-5] INFO  impl.RoleInfo (RoleInfo.java:shutdownLeaderElection(121)) - 7cefa8e9-48e2-4714-becf-e2fa99455696: shutdown 7cefa8e9-48e2-4714-becf-e2fa99455696@group-C6F7FEEEE428-LeaderElection88
2021-01-01 14:16:42,354 [grpc-default-executor-5] INFO  impl.RoleInfo (RoleInfo.java:updateAndGet(130)) - 7cefa8e9-48e2-4714-becf-e2fa99455696: start 7cefa8e9-48e2-4714-becf-e2fa99455696@group-C6F7FEEEE428-FollowerState
2021-01-01 14:16:42,354 [grpc-default-executor-5] INFO  ratis.XceiverServerRatis (XceiverServerRatis.java:handleLeaderChangedNotification(862)) - Leader change notification received for group: group-C6F7FEEEE428 with new leaderId: f4f30912-ea27-4eb3-bee5-ae3f82ef3ad0
2021-01-01 14:16:42,354 [grpc-default-executor-5] INFO  server.RaftServer$Division (ServerState.java:setLeader(258)) - 7cefa8e9-48e2-4714-becf-e2fa99455696@group-C6F7FEEEE428: change Leader from null to f4f30912-ea27-4eb3-bee5-ae3f82ef3ad0 at term 1 for appendEntries, leader elected after 5162ms
2021-01-01 14:16:42,361 [grpc-default-executor-3] INFO  server.RaftServer$Division (RaftServerImpl.java:requestVote(973)) - f4f30912-ea27-4eb3-bee5-ae3f82ef3ad0@group-C6F7FEEEE428-   LEADER: Withhold vote from candidate 7cefa8e9-48e2-4714-becf-e2fa99455696 with term 1. State: leader=f4f30912-ea27-4eb3-bee5-ae3f82ef3ad0, term=1, lastRpcElapsed=null
2021-01-01 14:16:42,363 [grpc-default-executor-5] INFO  server.RaftServer$Division (ServerState.java:setRaftConf(374)) - 7cefa8e9-48e2-4714-becf-e2fa99455696@group-C6F7FEEEE428: set configuration 0: [f4f30912-ea27-4eb3-bee5-ae3f82ef3ad0|rpc:172.17.0.2:45771|dataStream:, 9a3e098b-d23a-435e-81b9-d52adff52c28|rpc:172.17.0.2:32929|dataStream:, 7cefa8e9-48e2-4714-becf-e2fa99455696|rpc:172.17.0.2:37087|dataStream:], old=null at 0
2021-01-01 14:16:42,364 [grpc-default-executor-5] INFO  segmented.SegmentedRaftLogWorker (SegmentedRaftLogWorker.java:startLogSegment(392)) - 7cefa8e9-48e2-4714-becf-e2fa99455696@group-C6F7FEEEE428-SegmentedRaftLogWorker: Starting segment from index:0
2021-01-01 14:16:42,365 [7cefa8e9-48e2-4714-becf-e2fa99455696@group-C6F7FEEEE428-LeaderElection88] INFO  impl.LeaderElection (LeaderElection.java:logAndReturn(68)) - 7cefa8e9-48e2-4714-becf-e2fa99455696@group-C6F7FEEEE428-LeaderElection88: Election REJECTED; received 2 response(s) [7cefa8e9-48e2-4714-becf-e2fa99455696<-f4f30912-ea27-4eb3-bee5-ae3f82ef3ad0#0:FAIL-t1, 7cefa8e9-48e2-4714-becf-e2fa99455696<-9a3e098b-d23a-435e-81b9-d52adff52c28#0:FAIL-t1] and 0 exception(s); 7cefa8e9-48e2-4714-becf-e2fa99455696@group-C6F7FEEEE428:t1, leader=f4f30912-ea27-4eb3-bee5-ae3f82ef3ad0, voted=7cefa8e9-48e2-4714-becf-e2fa99455696, raftlog=7cefa8e9-48e2-4714-becf-e2fa99455696@group-C6F7FEEEE428-SegmentedRaftLog:OPENED:c-1,f-1,i0, conf=0: [f4f30912-ea27-4eb3-bee5-ae3f82ef3ad0|rpc:172.17.0.2:45771|dataStream:, 9a3e098b-d23a-435e-81b9-d52adff52c28|rpc:172.17.0.2:32929|dataStream:, 7cefa8e9-48e2-4714-becf-e2fa99455696|rpc:172.17.0.2:37087|dataStream:], old=null
2021-01-01 14:16:42,366 [grpc-default-executor-2] INFO  server.RaftServer$Division (ServerState.java:setRaftConf(374)) - 9a3e098b-d23a-435e-81b9-d52adff52c28@group-C6F7FEEEE428: set configuration 0: [f4f30912-ea27-4eb3-bee5-ae3f82ef3ad0|rpc:172.17.0.2:45771|dataStream:, 9a3e098b-d23a-435e-81b9-d52adff52c28|rpc:172.17.0.2:32929|dataStream:, 7cefa8e9-48e2-4714-becf-e2fa99455696|rpc:172.17.0.2:37087|dataStream:], old=null at 0
2021-01-01 14:16:42,366 [grpc-default-executor-2] INFO  segmented.SegmentedRaftLogWorker (SegmentedRaftLogWorker.java:startLogSegment(392)) - 9a3e098b-d23a-435e-81b9-d52adff52c28@group-C6F7FEEEE428-SegmentedRaftLogWorker: Starting segment from index:0
2021-01-01 14:16:42,368 [9a3e098b-d23a-435e-81b9-d52adff52c28@group-C6F7FEEEE428-SegmentedRaftLogWorker] INFO  segmented.SegmentedRaftLogWorker (SegmentedRaftLogWorker.java:execute(599)) - 9a3e098b-d23a-435e-81b9-d52adff52c28@group-C6F7FEEEE428-SegmentedRaftLogWorker: created new log segment /github/workspace/mnt/ozone/hadoop-ozone/integration-test/target/test-dir/MiniOzoneClusterImpl-cb490d7e-6ed4-4e2b-831b-323004451de6/datanode-1/data/ratis/e2c3b8d5-ffff-4969-b3cc-c6f7feeee428/current/log_inprogress_0
2021-01-01 14:16:42,369 [7cefa8e9-48e2-4714-becf-e2fa99455696@group-C6F7FEEEE428-SegmentedRaftLogWorker] INFO  segmented.SegmentedRaftLogWorker (SegmentedRaftLogWorker.java:execute(599)) - 7cefa8e9-48e2-4714-becf-e2fa99455696@group-C6F7FEEEE428-SegmentedRaftLogWorker: created new log segment /github/workspace/mnt/ozone/hadoop-ozone/integration-test/target/test-dir/MiniOzoneClusterImpl-cb490d7e-6ed4-4e2b-831b-323004451de6/datanode-0/data/ratis/e2c3b8d5-ffff-4969-b3cc-c6f7feeee428/current/log_inprogress_0
2021-01-01 14:16:42,453 [Thread-5758] INFO  impl.FollowerState (FollowerState.java:run(133)) - 9a3e098b-d23a-435e-81b9-d52adff52c28@group-B00951B4EFFB-FollowerState: change to CANDIDATE, lastRpcElapsedTime:5080386651ns, electionTimeout:5080ms
2021-01-01 14:16:42,454 [Thread-5758] INFO  impl.RoleInfo (RoleInfo.java:shutdownFollowerState(108)) - 9a3e098b-d23a-435e-81b9-d52adff52c28: shutdown 9a3e098b-d23a-435e-81b9-d52adff52c28@group-B00951B4EFFB-FollowerState
2021-01-01 14:16:42,454 [Thread-5758] INFO  server.RaftServer$Division (RaftServerImpl.java:setRole(275)) - 9a3e098b-d23a-435e-81b9-d52adff52c28@group-B00951B4EFFB: changes role from  FOLLOWER to CANDIDATE at term 0 for changeToCandidate
2021-01-01 14:16:42,454 [Thread-5758] INFO  impl.RoleInfo (RoleInfo.java:updateAndGet(130)) - 9a3e098b-d23a-435e-81b9-d52adff52c28: start 9a3e098b-d23a-435e-81b9-d52adff52c28@group-B00951B4EFFB-LeaderElection89
2021-01-01 14:16:42,456 [9a3e098b-d23a-435e-81b9-d52adff52c28@group-B00951B4EFFB-LeaderElection89] INFO  impl.LeaderElection (LeaderElection.java:askForVotes(219)) - 9a3e098b-d23a-435e-81b9-d52adff52c28@group-B00951B4EFFB-LeaderElection89: begin an election at term 1 for -1: [9a3e098b-d23a-435e-81b9-d52adff52c28|rpc:172.17.0.2:32929], old=null
2021-01-01 14:16:42,456 [9a3e098b-d23a-435e-81b9-d52adff52c28@group-B00951B4EFFB-LeaderElection89] INFO  impl.RoleInfo (RoleInfo.java:shutdownLeaderElection(121)) - 9a3e098b-d23a-435e-81b9-d52adff52c28: shutdown 9a3e098b-d23a-435e-81b9-d52adff52c28@group-B00951B4EFFB-LeaderElection89
2021-01-01 14:16:42,456 [9a3e098b-d23a-435e-81b9-d52adff52c28@group-B00951B4EFFB-LeaderElection89] INFO  server.RaftServer$Division (RaftServerImpl.java:setRole(275)) - 9a3e098b-d23a-435e-81b9-d52adff52c28@group-B00951B4EFFB: changes role from CANDIDATE to LEADER at term 1 for changeToLeader
2021-01-01 14:16:42,456 [9a3e098b-d23a-435e-81b9-d52adff52c28@group-B00951B4EFFB-LeaderElection89] INFO  ratis.XceiverServerRatis (XceiverServerRatis.java:handleLeaderChangedNotification(862)) - Leader change notification received for group: group-B00951B4EFFB with new leaderId: 9a3e098b-d23a-435e-81b9-d52adff52c28
2021-01-01 14:16:42,456 [9a3e098b-d23a-435e-81b9-d52adff52c28@group-B00951B4EFFB-LeaderElection89] INFO  server.RaftServer$Division (ServerState.java:setLeader(258)) - 9a3e098b-d23a-435e-81b9-d52adff52c28@group-B00951B4EFFB: change Leader from null to 9a3e098b-d23a-435e-81b9-d52adff52c28 at term 1 for becomeLeader, leader elected after 5093ms
2021-01-01 14:16:42,456 [9a3e098b-d23a-435e-81b9-d52adff52c28@group-B00951B4EFFB-LeaderElection89] INFO  server.RaftServerConfigKeys (ConfUtils.java:logGet(44)) - raft.server.staging.catchup.gap = 1000 (default)
2021-01-01 14:16:42,461 [9a3e098b-d23a-435e-81b9-d52adff52c28@group-B00951B4EFFB-LeaderElection89] INFO  metrics.RatisMetrics (RatisMetrics.java:lambda$create$0(36)) - Creating Metrics Registry : ratis.log_appender.9a3e098b-d23a-435e-81b9-d52adff52c28@group-B00951B4EFFB
2021-01-01 14:16:42,461 [9a3e098b-d23a-435e-81b9-d52adff52c28@group-B00951B4EFFB-LeaderElection89] INFO  server.RaftServerConfigKeys (ConfUtils.java:logGet(44)) - raft.server.write.element-limit = 1024 (custom)
2021-01-01 14:16:42,461 [9a3e098b-d23a-435e-81b9-d52adff52c28@group-B00951B4EFFB-LeaderElection89] INFO  server.RaftServerConfigKeys (ConfUtils.java:logGet(44)) - raft.server.write.byte-limit = 1073741824 (custom)
2021-01-01 14:16:42,462 [9a3e098b-d23a-435e-81b9-d52adff52c28@group-B00951B4EFFB-LeaderElection89] INFO  server.RaftServerConfigKeys (ConfUtils.java:logGet(44)) - raft.server.watch.timeout = 180s (custom)
2021-01-01 14:16:42,462 [9a3e098b-d23a-435e-81b9-d52adff52c28@group-B00951B4EFFB-LeaderElection89] INFO  server.RaftServerConfigKeys (ConfUtils.java:logGet(44)) - raft.server.watch.timeout.denomination = 1s (default)
2021-01-01 14:16:42,462 [9a3e098b-d23a-435e-81b9-d52adff52c28@group-B00951B4EFFB-LeaderElection89] INFO  server.RaftServerConfigKeys (ConfUtils.java:logGet(44)) - raft.server.watch.element-limit = 65536 (default)
2021-01-01 14:16:42,462 [9a3e098b-d23a-435e-81b9-d52adff52c28@group-B00951B4EFFB-LeaderElection89] INFO  impl.RoleInfo (RoleInfo.java:updateAndGet(130)) - 9a3e098b-d23a-435e-81b9-d52adff52c28: start 9a3e098b-d23a-435e-81b9-d52adff52c28@group-B00951B4EFFB-LeaderStateImpl
2021-01-01 14:16:42,463 [9a3e098b-d23a-435e-81b9-d52adff52c28@group-B00951B4EFFB-LeaderElection89] INFO  segmented.SegmentedRaftLogWorker (SegmentedRaftLogWorker.java:startLogSegment(392)) - 9a3e098b-d23a-435e-81b9-d52adff52c28@group-B00951B4EFFB-SegmentedRaftLogWorker: Starting segment from index:0
2021-01-01 14:16:42,464 [9a3e098b-d23a-435e-81b9-d52adff52c28@group-B00951B4EFFB-LeaderElection89] INFO  server.RaftServer$Division (ServerState.java:setRaftConf(374)) - 9a3e098b-d23a-435e-81b9-d52adff52c28@group-B00951B4EFFB: set configuration 0: [9a3e098b-d23a-435e-81b9-d52adff52c28|rpc:172.17.0.2:32929|dataStream:], old=null at 0
2021-01-01 14:16:42,465 [9a3e098b-d23a-435e-81b9-d52adff52c28@group-B00951B4EFFB-SegmentedRaftLogWorker] INFO  segmented.SegmentedRaftLogWorker (SegmentedRaftLogWorker.java:execute(599)) - 9a3e098b-d23a-435e-81b9-d52adff52c28@group-B00951B4EFFB-SegmentedRaftLogWorker: created new log segment /github/workspace/mnt/ozone/hadoop-ozone/integration-test/target/test-dir/MiniOzoneClusterImpl-cb490d7e-6ed4-4e2b-831b-323004451de6/datanode-1/data/ratis/0d6e2dbd-a087-40ca-9707-b00951b4effb/current/log_inprogress_0
2021-01-01 14:16:42,598 [Thread-5760] INFO  impl.FollowerState (FollowerState.java:run(133)) - f4f30912-ea27-4eb3-bee5-ae3f82ef3ad0@group-3971C98EF519-FollowerState: change to CANDIDATE, lastRpcElapsedTime:5058467446ns, electionTimeout:5052ms
2021-01-01 14:16:42,599 [Thread-5760] INFO  impl.RoleInfo (RoleInfo.java:shutdownFollowerState(108)) - f4f30912-ea27-4eb3-bee5-ae3f82ef3ad0: shutdown f4f30912-ea27-4eb3-bee5-ae3f82ef3ad0@group-3971C98EF519-FollowerState
2021-01-01 14:16:42,599 [Thread-5760] INFO  server.RaftServer$Division (RaftServerImpl.java:setRole(275)) - f4f30912-ea27-4eb3-bee5-ae3f82ef3ad0@group-3971C98EF519: changes role from  FOLLOWER to CANDIDATE at term 0 for changeToCandidate
2021-01-01 14:16:42,599 [Thread-5760] INFO  impl.RoleInfo (RoleInfo.java:updateAndGet(130)) - f4f30912-ea27-4eb3-bee5-ae3f82ef3ad0: start f4f30912-ea27-4eb3-bee5-ae3f82ef3ad0@group-3971C98EF519-LeaderElection90
2021-01-01 14:16:42,601 [f4f30912-ea27-4eb3-bee5-ae3f82ef3ad0@group-3971C98EF519-LeaderElection90] INFO  impl.LeaderElection (LeaderElection.java:askForVotes(219)) - f4f30912-ea27-4eb3-bee5-ae3f82ef3ad0@group-3971C98EF519-LeaderElection90: begin an election at term 1 for -1: [f4f30912-ea27-4eb3-bee5-ae3f82ef3ad0|rpc:172.17.0.2:45771], old=null
2021-01-01 14:16:42,602 [f4f30912-ea27-4eb3-bee5-ae3f82ef3ad0@group-3971C98EF519-LeaderElection90] INFO  impl.RoleInfo (RoleInfo.java:shutdownLeaderElection(121)) - f4f30912-ea27-4eb3-bee5-ae3f82ef3ad0: shutdown f4f30912-ea27-4eb3-bee5-ae3f82ef3ad0@group-3971C98EF519-LeaderElection90
2021-01-01 14:16:42,602 [f4f30912-ea27-4eb3-bee5-ae3f82ef3ad0@group-3971C98EF519-LeaderElection90] INFO  server.RaftServer$Division (RaftServerImpl.java:setRole(275)) - f4f30912-ea27-4eb3-bee5-ae3f82ef3ad0@group-3971C98EF519: changes role from CANDIDATE to LEADER at term 1 for changeToLeader
2021-01-01 14:16:42,602 [f4f30912-ea27-4eb3-bee5-ae3f82ef3ad0@group-3971C98EF519-LeaderElection90] INFO  ratis.XceiverServerRatis (XceiverServerRatis.java:handleLeaderChangedNotification(862)) - Leader change notification received for group: group-3971C98EF519 with new leaderId: f4f30912-ea27-4eb3-bee5-ae3f82ef3ad0
2021-01-01 14:16:42,602 [f4f30912-ea27-4eb3-bee5-ae3f82ef3ad0@group-3971C98EF519-LeaderElection90] INFO  server.RaftServer$Division (ServerState.java:setLeader(258)) - f4f30912-ea27-4eb3-bee5-ae3f82ef3ad0@group-3971C98EF519: change Leader from null to f4f30912-ea27-4eb3-bee5-ae3f82ef3ad0 at term 1 for becomeLeader, leader elected after 5072ms
2021-01-01 14:16:42,602 [f4f30912-ea27-4eb3-bee5-ae3f82ef3ad0@group-3971C98EF519-LeaderElection90] INFO  server.RaftServerConfigKeys (ConfUtils.java:logGet(44)) - raft.server.staging.catchup.gap = 1000 (default)
2021-01-01 14:16:42,602 [f4f30912-ea27-4eb3-bee5-ae3f82ef3ad0@group-3971C98EF519-LeaderElection90] INFO  metrics.RatisMetrics (RatisMetrics.java:lambda$create$0(36)) - Creating Metrics Registry : ratis.log_appender.f4f30912-ea27-4eb3-bee5-ae3f82ef3ad0@group-3971C98EF519
2021-01-01 14:16:42,602 [f4f30912-ea27-4eb3-bee5-ae3f82ef3ad0@group-3971C98EF519-LeaderElection90] INFO  server.RaftServerConfigKeys (ConfUtils.java:logGet(44)) - raft.server.write.element-limit = 1024 (custom)
2021-01-01 14:16:42,602 [f4f30912-ea27-4eb3-bee5-ae3f82ef3ad0@group-3971C98EF519-LeaderElection90] INFO  server.RaftServerConfigKeys (ConfUtils.java:logGet(44)) - raft.server.write.byte-limit = 1073741824 (custom)
2021-01-01 14:16:42,603 [f4f30912-ea27-4eb3-bee5-ae3f82ef3ad0@group-3971C98EF519-LeaderElection90] INFO  server.RaftServerConfigKeys (ConfUtils.java:logGet(44)) - raft.server.watch.timeout = 180s (custom)
2021-01-01 14:16:42,603 [f4f30912-ea27-4eb3-bee5-ae3f82ef3ad0@group-3971C98EF519-LeaderElection90] INFO  server.RaftServerConfigKeys (ConfUtils.java:logGet(44)) - raft.server.watch.timeout.denomination = 1s (default)
2021-01-01 14:16:42,603 [f4f30912-ea27-4eb3-bee5-ae3f82ef3ad0@group-3971C98EF519-LeaderElection90] INFO  server.RaftServerConfigKeys (ConfUtils.java:logGet(44)) - raft.server.watch.element-limit = 65536 (default)
2021-01-01 14:16:42,603 [f4f30912-ea27-4eb3-bee5-ae3f82ef3ad0@group-3971C98EF519-LeaderElection90] INFO  impl.RoleInfo (RoleInfo.java:updateAndGet(130)) - f4f30912-ea27-4eb3-bee5-ae3f82ef3ad0: start f4f30912-ea27-4eb3-bee5-ae3f82ef3ad0@group-3971C98EF519-LeaderStateImpl
2021-01-01 14:16:42,604 [f4f30912-ea27-4eb3-bee5-ae3f82ef3ad0@group-3971C98EF519-LeaderElection90] INFO  segmented.SegmentedRaftLogWorker (SegmentedRaftLogWorker.java:startLogSegment(392)) - f4f30912-ea27-4eb3-bee5-ae3f82ef3ad0@group-3971C98EF519-SegmentedRaftLogWorker: Starting segment from index:0
2021-01-01 14:16:42,608 [f4f30912-ea27-4eb3-bee5-ae3f82ef3ad0@group-3971C98EF519-LeaderElection90] INFO  server.RaftServer$Division (ServerState.java:setRaftConf(374)) - f4f30912-ea27-4eb3-bee5-ae3f82ef3ad0@group-3971C98EF519: set configuration 0: [f4f30912-ea27-4eb3-bee5-ae3f82ef3ad0|rpc:172.17.0.2:45771|dataStream:], old=null at 0
2021-01-01 14:16:42,610 [f4f30912-ea27-4eb3-bee5-ae3f82ef3ad0@group-3971C98EF519-SegmentedRaftLogWorker] INFO  segmented.SegmentedRaftLogWorker (SegmentedRaftLogWorker.java:execute(599)) - f4f30912-ea27-4eb3-bee5-ae3f82ef3ad0@group-3971C98EF519-SegmentedRaftLogWorker: created new log segment /github/workspace/mnt/ozone/hadoop-ozone/integration-test/target/test-dir/MiniOzoneClusterImpl-cb490d7e-6ed4-4e2b-831b-323004451de6/datanode-2/data/ratis/4fd7d95b-80b3-4c80-9895-3971c98ef519/current/log_inprogress_0
2021-01-01 14:16:42,771 [Thread-5766] INFO  impl.FollowerState (FollowerState.java:run(133)) - 6599d769-7ef0-430f-a42f-80d7661ca159@group-F1DACBA0D7F0-FollowerState: change to CANDIDATE, lastRpcElapsedTime:5023349815ns, electionTimeout:5023ms
2021-01-01 14:16:42,772 [Thread-5766] INFO  impl.RoleInfo (RoleInfo.java:shutdownFollowerState(108)) - 6599d769-7ef0-430f-a42f-80d7661ca159: shutdown 6599d769-7ef0-430f-a42f-80d7661ca159@group-F1DACBA0D7F0-FollowerState
2021-01-01 14:16:42,772 [Thread-5766] INFO  server.RaftServer$Division (RaftServerImpl.java:setRole(275)) - 6599d769-7ef0-430f-a42f-80d7661ca159@group-F1DACBA0D7F0: changes role from  FOLLOWER to CANDIDATE at term 0 for changeToCandidate
2021-01-01 14:16:42,772 [Thread-5766] INFO  impl.RoleInfo (RoleInfo.java:updateAndGet(130)) - 6599d769-7ef0-430f-a42f-80d7661ca159: start 6599d769-7ef0-430f-a42f-80d7661ca159@group-F1DACBA0D7F0-LeaderElection91
2021-01-01 14:16:42,774 [6599d769-7ef0-430f-a42f-80d7661ca159@group-F1DACBA0D7F0-LeaderElection91] INFO  impl.LeaderElection (LeaderElection.java:askForVotes(219)) - 6599d769-7ef0-430f-a42f-80d7661ca159@group-F1DACBA0D7F0-LeaderElection91: begin an election at term 1 for -1: [6599d769-7ef0-430f-a42f-80d7661ca159|rpc:172.17.0.2:37921|dataStream:, b05a1b8e-b732-4ead-90c9-c61088a01b0a|rpc:172.17.0.2:43445|dataStream:, ee53c20d-fee6-4df8-8e2d-61e62324c9a5|rpc:172.17.0.2:46799|dataStream:], old=null
2021-01-01 14:16:42,784 [grpc-default-executor-3] INFO  server.RaftServer$Division (RaftServerImpl.java:setRole(275)) - b05a1b8e-b732-4ead-90c9-c61088a01b0a@group-F1DACBA0D7F0: changes role from  FOLLOWER to FOLLOWER at term 1 for recognizeCandidate:6599d769-7ef0-430f-a42f-80d7661ca159
2021-01-01 14:16:42,784 [grpc-default-executor-3] INFO  impl.RoleInfo (RoleInfo.java:shutdownFollowerState(108)) - b05a1b8e-b732-4ead-90c9-c61088a01b0a: shutdown b05a1b8e-b732-4ead-90c9-c61088a01b0a@group-F1DACBA0D7F0-FollowerState
2021-01-01 14:16:42,784 [grpc-default-executor-3] INFO  impl.RoleInfo (RoleInfo.java:updateAndGet(130)) - b05a1b8e-b732-4ead-90c9-c61088a01b0a: start b05a1b8e-b732-4ead-90c9-c61088a01b0a@group-F1DACBA0D7F0-FollowerState
2021-01-01 14:16:42,784 [Thread-5769] INFO  impl.FollowerState (FollowerState.java:run(142)) - b05a1b8e-b732-4ead-90c9-c61088a01b0a@group-F1DACBA0D7F0-FollowerState was interrupted: {}
java.lang.InterruptedException: sleep interrupted
	at java.lang.Thread.sleep(Native Method)
	at java.lang.Thread.sleep(Thread.java:340)
	at java.util.concurrent.TimeUnit.sleep(TimeUnit.java:386)
	at org.apache.ratis.util.TimeDuration.sleep(TimeDuration.java:319)
	at org.apache.ratis.util.TimeDuration.sleep(TimeDuration.java:304)
	at org.apache.ratis.server.impl.FollowerState.run(FollowerState.java:117)
2021-01-01 14:16:42,784 [grpc-default-executor-3] INFO  server.RaftServer$Division (RaftServerImpl.java:requestVote(983)) -  FOLLOWER b05a1b8e-b732-4ead-90c9-c61088a01b0a@group-F1DACBA0D7F0:t1, leader=null, voted=null, raftlog=b05a1b8e-b732-4ead-90c9-c61088a01b0a@group-F1DACBA0D7F0-SegmentedRaftLog:OPENED:c-1,f-1,i0, conf=-1: [6599d769-7ef0-430f-a42f-80d7661ca159|rpc:172.17.0.2:37921|dataStream:, b05a1b8e-b732-4ead-90c9-c61088a01b0a|rpc:172.17.0.2:43445|dataStream:, ee53c20d-fee6-4df8-8e2d-61e62324c9a5|rpc:172.17.0.2:46799|dataStream:], old=null RUNNING priority:0 candidate:6599d769-7ef0-430f-a42f-80d7661ca159|rpc:172.17.0.2:37921|dataStream: candidatePriority:0 compare:0
2021-01-01 14:16:42,786 [grpc-default-executor-2] INFO  metrics.RatisMetrics (RatisMetrics.java:lambda$create$0(36)) - Creating Metrics Registry : ratis.server_message_metrics.ee53c20d-fee6-4df8-8e2d-61e62324c9a5
2021-01-01 14:16:42,792 [grpc-default-executor-2] INFO  server.RaftServer$Division (RaftServerImpl.java:setRole(275)) - ee53c20d-fee6-4df8-8e2d-61e62324c9a5@group-F1DACBA0D7F0: changes role from  FOLLOWER to FOLLOWER at term 1 for recognizeCandidate:6599d769-7ef0-430f-a42f-80d7661ca159
2021-01-01 14:16:42,792 [grpc-default-executor-2] INFO  impl.RoleInfo (RoleInfo.java:shutdownFollowerState(108)) - ee53c20d-fee6-4df8-8e2d-61e62324c9a5: shutdown ee53c20d-fee6-4df8-8e2d-61e62324c9a5@group-F1DACBA0D7F0-FollowerState
2021-01-01 14:16:42,792 [grpc-default-executor-2] INFO  impl.RoleInfo (RoleInfo.java:updateAndGet(130)) - ee53c20d-fee6-4df8-8e2d-61e62324c9a5: start ee53c20d-fee6-4df8-8e2d-61e62324c9a5@group-F1DACBA0D7F0-FollowerState
2021-01-01 14:16:42,792 [6599d769-7ef0-430f-a42f-80d7661ca159@group-F1DACBA0D7F0-LeaderElection91] INFO  impl.LeaderElection (LeaderElection.java:logAndReturn(68)) - 6599d769-7ef0-430f-a42f-80d7661ca159@group-F1DACBA0D7F0-LeaderElection91: Election PASSED; received 1 response(s) [6599d769-7ef0-430f-a42f-80d7661ca159<-b05a1b8e-b732-4ead-90c9-c61088a01b0a#0:OK-t1] and 0 exception(s); 6599d769-7ef0-430f-a42f-80d7661ca159@group-F1DACBA0D7F0:t1, leader=null, voted=6599d769-7ef0-430f-a42f-80d7661ca159, raftlog=6599d769-7ef0-430f-a42f-80d7661ca159@group-F1DACBA0D7F0-SegmentedRaftLog:OPENED:c-1,f-1,i0, conf=-1: [6599d769-7ef0-430f-a42f-80d7661ca159|rpc:172.17.0.2:37921|dataStream:, b05a1b8e-b732-4ead-90c9-c61088a01b0a|rpc:172.17.0.2:43445|dataStream:, ee53c20d-fee6-4df8-8e2d-61e62324c9a5|rpc:172.17.0.2:46799|dataStream:], old=null
2021-01-01 14:16:42,792 [Thread-5764] INFO  impl.FollowerState (FollowerState.java:run(142)) - ee53c20d-fee6-4df8-8e2d-61e62324c9a5@group-F1DACBA0D7F0-FollowerState was interrupted: {}
java.lang.InterruptedException: sleep interrupted
	at java.lang.Thread.sleep(Native Method)
	at java.lang.Thread.sleep(Thread.java:340)
	at java.util.concurrent.TimeUnit.sleep(TimeUnit.java:386)
	at org.apache.ratis.util.TimeDuration.sleep(TimeDuration.java:319)
	at org.apache.ratis.util.TimeDuration.sleep(TimeDuration.java:304)
	at org.apache.ratis.server.impl.FollowerState.run(FollowerState.java:117)
2021-01-01 14:16:42,792 [grpc-default-executor-2] INFO  server.RaftServer$Division (RaftServerImpl.java:requestVote(983)) -  FOLLOWER ee53c20d-fee6-4df8-8e2d-61e62324c9a5@group-F1DACBA0D7F0:t1, leader=null, voted=null, raftlog=ee53c20d-fee6-4df8-8e2d-61e62324c9a5@group-F1DACBA0D7F0-SegmentedRaftLog:OPENED:c-1,f-1,i0, conf=-1: [6599d769-7ef0-430f-a42f-80d7661ca159|rpc:172.17.0.2:37921, b05a1b8e-b732-4ead-90c9-c61088a01b0a|rpc:172.17.0.2:43445, ee53c20d-fee6-4df8-8e2d-61e62324c9a5|rpc:172.17.0.2:46799], old=null RUNNING priority:0 candidate:6599d769-7ef0-430f-a42f-80d7661ca159|rpc:172.17.0.2:37921 candidatePriority:0 compare:0
2021-01-01 14:16:42,792 [6599d769-7ef0-430f-a42f-80d7661ca159@group-F1DACBA0D7F0-LeaderElection91] INFO  impl.RoleInfo (RoleInfo.java:shutdownLeaderElection(121)) - 6599d769-7ef0-430f-a42f-80d7661ca159: shutdown 6599d769-7ef0-430f-a42f-80d7661ca159@group-F1DACBA0D7F0-LeaderElection91
2021-01-01 14:16:42,792 [6599d769-7ef0-430f-a42f-80d7661ca159@group-F1DACBA0D7F0-LeaderElection91] INFO  server.RaftServer$Division (RaftServerImpl.java:setRole(275)) - 6599d769-7ef0-430f-a42f-80d7661ca159@group-F1DACBA0D7F0: changes role from CANDIDATE to LEADER at term 1 for changeToLeader
2021-01-01 14:16:42,792 [6599d769-7ef0-430f-a42f-80d7661ca159@group-F1DACBA0D7F0-LeaderElection91] INFO  ratis.XceiverServerRatis (XceiverServerRatis.java:handleLeaderChangedNotification(862)) - Leader change notification received for group: group-F1DACBA0D7F0 with new leaderId: 6599d769-7ef0-430f-a42f-80d7661ca159
2021-01-01 14:16:42,792 [6599d769-7ef0-430f-a42f-80d7661ca159@group-F1DACBA0D7F0-LeaderElection91] INFO  server.RaftServer$Division (ServerState.java:setLeader(258)) - 6599d769-7ef0-430f-a42f-80d7661ca159@group-F1DACBA0D7F0: change Leader from null to 6599d769-7ef0-430f-a42f-80d7661ca159 at term 1 for becomeLeader, leader elected after 5053ms
2021-01-01 14:16:42,793 [6599d769-7ef0-430f-a42f-80d7661ca159@group-F1DACBA0D7F0-LeaderElection91] INFO  server.RaftServerConfigKeys (ConfUtils.java:logGet(44)) - raft.server.staging.catchup.gap = 1000 (default)
2021-01-01 14:16:42,794 [6599d769-7ef0-430f-a42f-80d7661ca159@group-F1DACBA0D7F0-LeaderElection91] INFO  metrics.RatisMetrics (RatisMetrics.java:lambda$create$0(36)) - Creating Metrics Registry : ratis.log_appender.6599d769-7ef0-430f-a42f-80d7661ca159@group-F1DACBA0D7F0
2021-01-01 14:16:42,794 [6599d769-7ef0-430f-a42f-80d7661ca159@group-F1DACBA0D7F0-LeaderElection91] INFO  server.RaftServerConfigKeys (ConfUtils.java:logGet(44)) - raft.server.write.element-limit = 1024 (custom)
2021-01-01 14:16:42,794 [6599d769-7ef0-430f-a42f-80d7661ca159@group-F1DACBA0D7F0-LeaderElection91] INFO  server.RaftServerConfigKeys (ConfUtils.java:logGet(44)) - raft.server.write.byte-limit = 1073741824 (custom)
2021-01-01 14:16:42,795 [6599d769-7ef0-430f-a42f-80d7661ca159@group-F1DACBA0D7F0-LeaderElection91] INFO  server.RaftServerConfigKeys (ConfUtils.java:logGet(44)) - raft.server.watch.timeout = 180s (custom)
2021-01-01 14:16:42,795 [6599d769-7ef0-430f-a42f-80d7661ca159@group-F1DACBA0D7F0-LeaderElection91] INFO  server.RaftServerConfigKeys (ConfUtils.java:logGet(44)) - raft.server.watch.timeout.denomination = 1s (default)
2021-01-01 14:16:42,795 [6599d769-7ef0-430f-a42f-80d7661ca159@group-F1DACBA0D7F0-LeaderElection91] INFO  server.RaftServerConfigKeys (ConfUtils.java:logGet(44)) - raft.server.watch.element-limit = 65536 (default)
2021-01-01 14:16:42,795 [6599d769-7ef0-430f-a42f-80d7661ca159@group-F1DACBA0D7F0-LeaderElection91] INFO  server.RaftServerConfigKeys (ConfUtils.java:logGet(44)) - raft.server.log.appender.snapshot.chunk.size.max = 16MB (=16777216) (default)
2021-01-01 14:16:42,795 [6599d769-7ef0-430f-a42f-80d7661ca159@group-F1DACBA0D7F0-LeaderElection91] INFO  server.RaftServerConfigKeys (ConfUtils.java:logGet(44)) - raft.server.log.appender.buffer.byte-limit = 33554432 (custom)
2021-01-01 14:16:42,795 [6599d769-7ef0-430f-a42f-80d7661ca159@group-F1DACBA0D7F0-LeaderElection91] INFO  server.RaftServerConfigKeys (ConfUtils.java:logGet(44)) - raft.server.log.appender.buffer.element-limit = 1 (custom)
2021-01-01 14:16:42,795 [6599d769-7ef0-430f-a42f-80d7661ca159@group-F1DACBA0D7F0-LeaderElection91] INFO  grpc.GrpcConfigKeys (ConfUtils.java:logGet(44)) - raft.grpc.server.leader.outstanding.appends.max = 128 (default)
2021-01-01 14:16:42,795 [6599d769-7ef0-430f-a42f-80d7661ca159@group-F1DACBA0D7F0-LeaderElection91] INFO  server.RaftServerConfigKeys (ConfUtils.java:logGet(44)) - raft.server.rpc.request.timeout = 60s (custom)
2021-01-01 14:16:42,795 [6599d769-7ef0-430f-a42f-80d7661ca159@group-F1DACBA0D7F0-LeaderElection91] INFO  server.RaftServerConfigKeys (ConfUtils.java:logGet(44)) - raft.server.log.appender.install.snapshot.enabled = false (custom)
2021-01-01 14:16:42,795 [6599d769-7ef0-430f-a42f-80d7661ca159@group-F1DACBA0D7F0-LeaderElection91] INFO  metrics.RatisMetrics (RatisMetrics.java:lambda$create$0(36)) - Creating Metrics Registry : ratis_grpc.log_appender.6599d769-7ef0-430f-a42f-80d7661ca159@group-F1DACBA0D7F0
2021-01-01 14:16:42,796 [EventQueue-PipelineReportForPipelineReportHandler] INFO  pipeline.PipelineStateManager (PipelineStateManager.java:openPipeline(132)) - Pipeline Pipeline[ Id: dbaa5e50-a9c4-4d51-9e1d-f1dacba0d7f0, Nodes: 6599d769-7ef0-430f-a42f-80d7661ca159{ip: 172.17.0.2, host: 722537d36201, networkLocation: /default-rack, certSerialId: null, persistedOpState: IN_SERVICE, persistedOpStateExpiryEpochSec: 0}b05a1b8e-b732-4ead-90c9-c61088a01b0a{ip: 172.17.0.2, host: 722537d36201, networkLocation: /default-rack, certSerialId: null, persistedOpState: IN_SERVICE, persistedOpStateExpiryEpochSec: 0}ee53c20d-fee6-4df8-8e2d-61e62324c9a5{ip: 172.17.0.2, host: 722537d36201, networkLocation: /default-rack, certSerialId: null, persistedOpState: IN_SERVICE, persistedOpStateExpiryEpochSec: 0}, Type:RATIS, Factor:THREE, State:ALLOCATED, leaderId:6599d769-7ef0-430f-a42f-80d7661ca159, CreationTimestamp2021-01-01T14:16:35.049Z] moved to OPEN state
2021-01-01 14:16:42,799 [6599d769-7ef0-430f-a42f-80d7661ca159@group-F1DACBA0D7F0-LeaderElection91] INFO  server.RaftServerConfigKeys (ConfUtils.java:logGet(44)) - raft.server.log.appender.snapshot.chunk.size.max = 16MB (=16777216) (default)
2021-01-01 14:16:42,799 [6599d769-7ef0-430f-a42f-80d7661ca159@group-F1DACBA0D7F0-LeaderElection91] INFO  server.RaftServerConfigKeys (ConfUtils.java:logGet(44)) - raft.server.log.appender.buffer.byte-limit = 33554432 (custom)
2021-01-01 14:16:42,799 [6599d769-7ef0-430f-a42f-80d7661ca159@group-F1DACBA0D7F0-LeaderElection91] INFO  server.RaftServerConfigKeys (ConfUtils.java:logGet(44)) - raft.server.log.appender.buffer.element-limit = 1 (custom)
2021-01-01 14:16:42,799 [6599d769-7ef0-430f-a42f-80d7661ca159@group-F1DACBA0D7F0-LeaderElection91] INFO  grpc.GrpcConfigKeys (ConfUtils.java:logGet(44)) - raft.grpc.server.leader.outstanding.appends.max = 128 (default)
2021-01-01 14:16:42,799 [6599d769-7ef0-430f-a42f-80d7661ca159@group-F1DACBA0D7F0-LeaderElection91] INFO  server.RaftServerConfigKeys (ConfUtils.java:logGet(44)) - raft.server.rpc.request.timeout = 60s (custom)
2021-01-01 14:16:42,799 [6599d769-7ef0-430f-a42f-80d7661ca159@group-F1DACBA0D7F0-LeaderElection91] INFO  server.RaftServerConfigKeys (ConfUtils.java:logGet(44)) - raft.server.log.appender.install.snapshot.enabled = false (custom)
2021-01-01 14:16:42,802 [6599d769-7ef0-430f-a42f-80d7661ca159@group-F1DACBA0D7F0-LeaderElection91] INFO  impl.RoleInfo (RoleInfo.java:updateAndGet(130)) - 6599d769-7ef0-430f-a42f-80d7661ca159: start 6599d769-7ef0-430f-a42f-80d7661ca159@group-F1DACBA0D7F0-LeaderStateImpl
2021-01-01 14:16:42,802 [6599d769-7ef0-430f-a42f-80d7661ca159@group-F1DACBA0D7F0-LeaderElection91] INFO  segmented.SegmentedRaftLogWorker (SegmentedRaftLogWorker.java:startLogSegment(392)) - 6599d769-7ef0-430f-a42f-80d7661ca159@group-F1DACBA0D7F0-SegmentedRaftLogWorker: Starting segment from index:0
2021-01-01 14:16:42,803 [6599d769-7ef0-430f-a42f-80d7661ca159@group-F1DACBA0D7F0-SegmentedRaftLogWorker] INFO  segmented.SegmentedRaftLogWorker (SegmentedRaftLogWorker.java:execute(599)) - 6599d769-7ef0-430f-a42f-80d7661ca159@group-F1DACBA0D7F0-SegmentedRaftLogWorker: created new log segment /github/workspace/mnt/ozone/hadoop-ozone/integration-test/target/test-dir/MiniOzoneClusterImpl-cb490d7e-6ed4-4e2b-831b-323004451de6/datanode-4/data/ratis/dbaa5e50-a9c4-4d51-9e1d-f1dacba0d7f0/current/log_inprogress_0
2021-01-01 14:16:42,805 [6599d769-7ef0-430f-a42f-80d7661ca159@group-F1DACBA0D7F0-LeaderElection91] INFO  server.RaftServer$Division (ServerState.java:setRaftConf(374)) - 6599d769-7ef0-430f-a42f-80d7661ca159@group-F1DACBA0D7F0: set configuration 0: [6599d769-7ef0-430f-a42f-80d7661ca159|rpc:172.17.0.2:37921|dataStream:, b05a1b8e-b732-4ead-90c9-c61088a01b0a|rpc:172.17.0.2:43445|dataStream:, ee53c20d-fee6-4df8-8e2d-61e62324c9a5|rpc:172.17.0.2:46799|dataStream:], old=null at 0
2021-01-01 14:16:42,816 [grpc-default-executor-2] INFO  ratis.XceiverServerRatis (XceiverServerRatis.java:handleLeaderChangedNotification(862)) - Leader change notification received for group: group-F1DACBA0D7F0 with new leaderId: 6599d769-7ef0-430f-a42f-80d7661ca159
2021-01-01 14:16:42,816 [grpc-default-executor-2] INFO  server.RaftServer$Division (ServerState.java:setLeader(258)) - ee53c20d-fee6-4df8-8e2d-61e62324c9a5@group-F1DACBA0D7F0: change Leader from null to 6599d769-7ef0-430f-a42f-80d7661ca159 at term 1 for appendEntries, leader elected after 5102ms
2021-01-01 14:16:42,820 [grpc-default-executor-3] INFO  ratis.XceiverServerRatis (XceiverServerRatis.java:handleLeaderChangedNotification(862)) - Leader change notification received for group: group-F1DACBA0D7F0 with new leaderId: 6599d769-7ef0-430f-a42f-80d7661ca159
2021-01-01 14:16:42,820 [grpc-default-executor-3] INFO  server.RaftServer$Division (ServerState.java:setLeader(258)) - b05a1b8e-b732-4ead-90c9-c61088a01b0a@group-F1DACBA0D7F0: change Leader from null to 6599d769-7ef0-430f-a42f-80d7661ca159 at term 1 for appendEntries, leader elected after 5053ms
2021-01-01 14:16:42,834 [grpc-default-executor-3] INFO  server.RaftServer$Division (ServerState.java:setRaftConf(374)) - b05a1b8e-b732-4ead-90c9-c61088a01b0a@group-F1DACBA0D7F0: set configuration 0: [6599d769-7ef0-430f-a42f-80d7661ca159|rpc:172.17.0.2:37921|dataStream:, b05a1b8e-b732-4ead-90c9-c61088a01b0a|rpc:172.17.0.2:43445|dataStream:, ee53c20d-fee6-4df8-8e2d-61e62324c9a5|rpc:172.17.0.2:46799|dataStream:], old=null at 0
2021-01-01 14:16:42,837 [grpc-default-executor-4] INFO  server.RaftServer$Division (ServerState.java:setRaftConf(374)) - ee53c20d-fee6-4df8-8e2d-61e62324c9a5@group-F1DACBA0D7F0: set configuration 0: [6599d769-7ef0-430f-a42f-80d7661ca159|rpc:172.17.0.2:37921|dataStream:, b05a1b8e-b732-4ead-90c9-c61088a01b0a|rpc:172.17.0.2:43445|dataStream:, ee53c20d-fee6-4df8-8e2d-61e62324c9a5|rpc:172.17.0.2:46799|dataStream:], old=null at 0
2021-01-01 14:16:42,838 [grpc-default-executor-3] INFO  segmented.SegmentedRaftLogWorker (SegmentedRaftLogWorker.java:startLogSegment(392)) - b05a1b8e-b732-4ead-90c9-c61088a01b0a@group-F1DACBA0D7F0-SegmentedRaftLogWorker: Starting segment from index:0
2021-01-01 14:16:42,839 [grpc-default-executor-4] INFO  segmented.SegmentedRaftLogWorker (SegmentedRaftLogWorker.java:startLogSegment(392)) - ee53c20d-fee6-4df8-8e2d-61e62324c9a5@group-F1DACBA0D7F0-SegmentedRaftLogWorker: Starting segment from index:0
2021-01-01 14:16:42,839 [b05a1b8e-b732-4ead-90c9-c61088a01b0a@group-F1DACBA0D7F0-SegmentedRaftLogWorker] INFO  segmented.SegmentedRaftLogWorker (SegmentedRaftLogWorker.java:execute(599)) - b05a1b8e-b732-4ead-90c9-c61088a01b0a@group-F1DACBA0D7F0-SegmentedRaftLogWorker: created new log segment /github/workspace/mnt/ozone/hadoop-ozone/integration-test/target/test-dir/MiniOzoneClusterImpl-cb490d7e-6ed4-4e2b-831b-323004451de6/datanode-5/data/ratis/dbaa5e50-a9c4-4d51-9e1d-f1dacba0d7f0/current/log_inprogress_0
2021-01-01 14:16:42,840 [ee53c20d-fee6-4df8-8e2d-61e62324c9a5@group-F1DACBA0D7F0-SegmentedRaftLogWorker] INFO  segmented.SegmentedRaftLogWorker (SegmentedRaftLogWorker.java:execute(599)) - ee53c20d-fee6-4df8-8e2d-61e62324c9a5@group-F1DACBA0D7F0-SegmentedRaftLogWorker: created new log segment /github/workspace/mnt/ozone/hadoop-ozone/integration-test/target/test-dir/MiniOzoneClusterImpl-cb490d7e-6ed4-4e2b-831b-323004451de6/datanode-3/data/ratis/dbaa5e50-a9c4-4d51-9e1d-f1dacba0d7f0/current/log_inprogress_0
2021-01-01 14:16:42,900 [Thread-5762] INFO  impl.FollowerState (FollowerState.java:run(133)) - ee53c20d-fee6-4df8-8e2d-61e62324c9a5@group-69C508B4C6BD-FollowerState: change to CANDIDATE, lastRpcElapsedTime:5190307676ns, electionTimeout:5190ms
2021-01-01 14:16:42,900 [Thread-5762] INFO  impl.RoleInfo (RoleInfo.java:shutdownFollowerState(108)) - ee53c20d-fee6-4df8-8e2d-61e62324c9a5: shutdown ee53c20d-fee6-4df8-8e2d-61e62324c9a5@group-69C508B4C6BD-FollowerState
2021-01-01 14:16:42,900 [Thread-5762] INFO  server.RaftServer$Division (RaftServerImpl.java:setRole(275)) - ee53c20d-fee6-4df8-8e2d-61e62324c9a5@group-69C508B4C6BD: changes role from  FOLLOWER to CANDIDATE at term 0 for changeToCandidate
2021-01-01 14:16:42,900 [Thread-5762] INFO  impl.RoleInfo (RoleInfo.java:updateAndGet(130)) - ee53c20d-fee6-4df8-8e2d-61e62324c9a5: start ee53c20d-fee6-4df8-8e2d-61e62324c9a5@group-69C508B4C6BD-LeaderElection92
2021-01-01 14:16:42,902 [ee53c20d-fee6-4df8-8e2d-61e62324c9a5@group-69C508B4C6BD-LeaderElection92] INFO  impl.LeaderElection (LeaderElection.java:askForVotes(219)) - ee53c20d-fee6-4df8-8e2d-61e62324c9a5@group-69C508B4C6BD-LeaderElection92: begin an election at term 1 for -1: [ee53c20d-fee6-4df8-8e2d-61e62324c9a5|rpc:172.17.0.2:46799], old=null
2021-01-01 14:16:42,903 [ee53c20d-fee6-4df8-8e2d-61e62324c9a5@group-69C508B4C6BD-LeaderElection92] INFO  impl.RoleInfo (RoleInfo.java:shutdownLeaderElection(121)) - ee53c20d-fee6-4df8-8e2d-61e62324c9a5: shutdown ee53c20d-fee6-4df8-8e2d-61e62324c9a5@group-69C508B4C6BD-LeaderElection92
2021-01-01 14:16:42,903 [ee53c20d-fee6-4df8-8e2d-61e62324c9a5@group-69C508B4C6BD-LeaderElection92] INFO  server.RaftServer$Division (RaftServerImpl.java:setRole(275)) - ee53c20d-fee6-4df8-8e2d-61e62324c9a5@group-69C508B4C6BD: changes role from CANDIDATE to LEADER at term 1 for changeToLeader
2021-01-01 14:16:42,903 [ee53c20d-fee6-4df8-8e2d-61e62324c9a5@group-69C508B4C6BD-LeaderElection92] INFO  ratis.XceiverServerRatis (XceiverServerRatis.java:handleLeaderChangedNotification(862)) - Leader change notification received for group: group-69C508B4C6BD with new leaderId: ee53c20d-fee6-4df8-8e2d-61e62324c9a5
2021-01-01 14:16:42,903 [ee53c20d-fee6-4df8-8e2d-61e62324c9a5@group-69C508B4C6BD-LeaderElection92] INFO  server.RaftServer$Division (ServerState.java:setLeader(258)) - ee53c20d-fee6-4df8-8e2d-61e62324c9a5@group-69C508B4C6BD: change Leader from null to ee53c20d-fee6-4df8-8e2d-61e62324c9a5 at term 1 for becomeLeader, leader elected after 5202ms
2021-01-01 14:16:42,903 [ee53c20d-fee6-4df8-8e2d-61e62324c9a5@group-69C508B4C6BD-LeaderElection92] INFO  server.RaftServerConfigKeys (ConfUtils.java:logGet(44)) - raft.server.staging.catchup.gap = 1000 (default)
2021-01-01 14:16:42,904 [ee53c20d-fee6-4df8-8e2d-61e62324c9a5@group-69C508B4C6BD-LeaderElection92] INFO  metrics.RatisMetrics (RatisMetrics.java:lambda$create$0(36)) - Creating Metrics Registry : ratis.log_appender.ee53c20d-fee6-4df8-8e2d-61e62324c9a5@group-69C508B4C6BD
2021-01-01 14:16:42,904 [ee53c20d-fee6-4df8-8e2d-61e62324c9a5@group-69C508B4C6BD-LeaderElection92] INFO  server.RaftServerConfigKeys (ConfUtils.java:logGet(44)) - raft.server.write.element-limit = 1024 (custom)
2021-01-01 14:16:42,904 [ee53c20d-fee6-4df8-8e2d-61e62324c9a5@group-69C508B4C6BD-LeaderElection92] INFO  server.RaftServerConfigKeys (ConfUtils.java:logGet(44)) - raft.server.write.byte-limit = 1073741824 (custom)
2021-01-01 14:16:42,905 [ee53c20d-fee6-4df8-8e2d-61e62324c9a5@group-69C508B4C6BD-LeaderElection92] INFO  server.RaftServerConfigKeys (ConfUtils.java:logGet(44)) - raft.server.watch.timeout = 180s (custom)
2021-01-01 14:16:42,905 [ee53c20d-fee6-4df8-8e2d-61e62324c9a5@group-69C508B4C6BD-LeaderElection92] INFO  server.RaftServerConfigKeys (ConfUtils.java:logGet(44)) - raft.server.watch.timeout.denomination = 1s (default)
2021-01-01 14:16:42,905 [ee53c20d-fee6-4df8-8e2d-61e62324c9a5@group-69C508B4C6BD-LeaderElection92] INFO  server.RaftServerConfigKeys (ConfUtils.java:logGet(44)) - raft.server.watch.element-limit = 65536 (default)
2021-01-01 14:16:42,905 [ee53c20d-fee6-4df8-8e2d-61e62324c9a5@group-69C508B4C6BD-LeaderElection92] INFO  impl.RoleInfo (RoleInfo.java:updateAndGet(130)) - ee53c20d-fee6-4df8-8e2d-61e62324c9a5: start ee53c20d-fee6-4df8-8e2d-61e62324c9a5@group-69C508B4C6BD-LeaderStateImpl
2021-01-01 14:16:42,906 [ee53c20d-fee6-4df8-8e2d-61e62324c9a5@group-69C508B4C6BD-LeaderElection92] INFO  segmented.SegmentedRaftLogWorker (SegmentedRaftLogWorker.java:startLogSegment(392)) - ee53c20d-fee6-4df8-8e2d-61e62324c9a5@group-69C508B4C6BD-SegmentedRaftLogWorker: Starting segment from index:0
2021-01-01 14:16:42,906 [ee53c20d-fee6-4df8-8e2d-61e62324c9a5@group-69C508B4C6BD-LeaderElection92] INFO  server.RaftServer$Division (ServerState.java:setRaftConf(374)) - ee53c20d-fee6-4df8-8e2d-61e62324c9a5@group-69C508B4C6BD: set configuration 0: [ee53c20d-fee6-4df8-8e2d-61e62324c9a5|rpc:172.17.0.2:46799|dataStream:], old=null at 0
2021-01-01 14:16:42,907 [ee53c20d-fee6-4df8-8e2d-61e62324c9a5@group-69C508B4C6BD-SegmentedRaftLogWorker] INFO  segmented.SegmentedRaftLogWorker (SegmentedRaftLogWorker.java:execute(599)) - ee53c20d-fee6-4df8-8e2d-61e62324c9a5@group-69C508B4C6BD-SegmentedRaftLogWorker: created new log segment /github/workspace/mnt/ozone/hadoop-ozone/integration-test/target/test-dir/MiniOzoneClusterImpl-cb490d7e-6ed4-4e2b-831b-323004451de6/datanode-3/data/ratis/a3f31094-69d4-4967-8aa8-69c508b4c6bd/current/log_inprogress_0
2021-01-01 14:16:42,966 [Thread-5772] INFO  impl.FollowerState (FollowerState.java:run(133)) - 6599d769-7ef0-430f-a42f-80d7661ca159@group-8970901C8A83-FollowerState: change to CANDIDATE, lastRpcElapsedTime:5076340118ns, electionTimeout:5076ms
2021-01-01 14:16:42,966 [Thread-5772] INFO  impl.RoleInfo (RoleInfo.java:shutdownFollowerState(108)) - 6599d769-7ef0-430f-a42f-80d7661ca159: shutdown 6599d769-7ef0-430f-a42f-80d7661ca159@group-8970901C8A83-FollowerState
2021-01-01 14:16:42,966 [Thread-5772] INFO  server.RaftServer$Division (RaftServerImpl.java:setRole(275)) - 6599d769-7ef0-430f-a42f-80d7661ca159@group-8970901C8A83: changes role from  FOLLOWER to CANDIDATE at term 0 for changeToCandidate
2021-01-01 14:16:42,966 [Thread-5772] INFO  impl.RoleInfo (RoleInfo.java:updateAndGet(130)) - 6599d769-7ef0-430f-a42f-80d7661ca159: start 6599d769-7ef0-430f-a42f-80d7661ca159@group-8970901C8A83-LeaderElection93
2021-01-01 14:16:42,969 [6599d769-7ef0-430f-a42f-80d7661ca159@group-8970901C8A83-LeaderElection93] INFO  impl.LeaderElection (LeaderElection.java:askForVotes(219)) - 6599d769-7ef0-430f-a42f-80d7661ca159@group-8970901C8A83-LeaderElection93: begin an election at term 1 for -1: [6599d769-7ef0-430f-a42f-80d7661ca159|rpc:172.17.0.2:37921], old=null
2021-01-01 14:16:42,969 [6599d769-7ef0-430f-a42f-80d7661ca159@group-8970901C8A83-LeaderElection93] INFO  impl.RoleInfo (RoleInfo.java:shutdownLeaderElection(121)) - 6599d769-7ef0-430f-a42f-80d7661ca159: shutdown 6599d769-7ef0-430f-a42f-80d7661ca159@group-8970901C8A83-LeaderElection93
2021-01-01 14:16:42,969 [6599d769-7ef0-430f-a42f-80d7661ca159@group-8970901C8A83-LeaderElection93] INFO  server.RaftServer$Division (RaftServerImpl.java:setRole(275)) - 6599d769-7ef0-430f-a42f-80d7661ca159@group-8970901C8A83: changes role from CANDIDATE to LEADER at term 1 for changeToLeader
2021-01-01 14:16:42,969 [6599d769-7ef0-430f-a42f-80d7661ca159@group-8970901C8A83-LeaderElection93] INFO  ratis.XceiverServerRatis (XceiverServerRatis.java:handleLeaderChangedNotification(862)) - Leader change notification received for group: group-8970901C8A83 with new leaderId: 6599d769-7ef0-430f-a42f-80d7661ca159
2021-01-01 14:16:42,969 [6599d769-7ef0-430f-a42f-80d7661ca159@group-8970901C8A83-LeaderElection93] INFO  server.RaftServer$Division (ServerState.java:setLeader(258)) - 6599d769-7ef0-430f-a42f-80d7661ca159@group-8970901C8A83: change Leader from null to 6599d769-7ef0-430f-a42f-80d7661ca159 at term 1 for becomeLeader, leader elected after 5090ms
2021-01-01 14:16:42,969 [6599d769-7ef0-430f-a42f-80d7661ca159@group-8970901C8A83-LeaderElection93] INFO  server.RaftServerConfigKeys (ConfUtils.java:logGet(44)) - raft.server.staging.catchup.gap = 1000 (default)
2021-01-01 14:16:42,969 [6599d769-7ef0-430f-a42f-80d7661ca159@group-8970901C8A83-LeaderElection93] INFO  metrics.RatisMetrics (RatisMetrics.java:lambda$create$0(36)) - Creating Metrics Registry : ratis.log_appender.6599d769-7ef0-430f-a42f-80d7661ca159@group-8970901C8A83
2021-01-01 14:16:42,970 [6599d769-7ef0-430f-a42f-80d7661ca159@group-8970901C8A83-LeaderElection93] INFO  server.RaftServerConfigKeys (ConfUtils.java:logGet(44)) - raft.server.write.element-limit = 1024 (custom)
2021-01-01 14:16:42,970 [6599d769-7ef0-430f-a42f-80d7661ca159@group-8970901C8A83-LeaderElection93] INFO  server.RaftServerConfigKeys (ConfUtils.java:logGet(44)) - raft.server.write.byte-limit = 1073741824 (custom)
2021-01-01 14:16:42,971 [6599d769-7ef0-430f-a42f-80d7661ca159@group-8970901C8A83-LeaderElection93] INFO  server.RaftServerConfigKeys (ConfUtils.java:logGet(44)) - raft.server.watch.timeout = 180s (custom)
2021-01-01 14:16:42,971 [6599d769-7ef0-430f-a42f-80d7661ca159@group-8970901C8A83-LeaderElection93] INFO  server.RaftServerConfigKeys (ConfUtils.java:logGet(44)) - raft.server.watch.timeout.denomination = 1s (default)
2021-01-01 14:16:42,971 [6599d769-7ef0-430f-a42f-80d7661ca159@group-8970901C8A83-LeaderElection93] INFO  server.RaftServerConfigKeys (ConfUtils.java:logGet(44)) - raft.server.watch.element-limit = 65536 (default)
2021-01-01 14:16:42,971 [6599d769-7ef0-430f-a42f-80d7661ca159@group-8970901C8A83-LeaderElection93] INFO  impl.RoleInfo (RoleInfo.java:updateAndGet(130)) - 6599d769-7ef0-430f-a42f-80d7661ca159: start 6599d769-7ef0-430f-a42f-80d7661ca159@group-8970901C8A83-LeaderStateImpl
2021-01-01 14:16:42,971 [6599d769-7ef0-430f-a42f-80d7661ca159@group-8970901C8A83-LeaderElection93] INFO  segmented.SegmentedRaftLogWorker (SegmentedRaftLogWorker.java:startLogSegment(392)) - 6599d769-7ef0-430f-a42f-80d7661ca159@group-8970901C8A83-SegmentedRaftLogWorker: Starting segment from index:0
2021-01-01 14:16:42,973 [6599d769-7ef0-430f-a42f-80d7661ca159@group-8970901C8A83-SegmentedRaftLogWorker] INFO  segmented.SegmentedRaftLogWorker (SegmentedRaftLogWorker.java:execute(599)) - 6599d769-7ef0-430f-a42f-80d7661ca159@group-8970901C8A83-SegmentedRaftLogWorker: created new log segment /github/workspace/mnt/ozone/hadoop-ozone/integration-test/target/test-dir/MiniOzoneClusterImpl-cb490d7e-6ed4-4e2b-831b-323004451de6/datanode-4/data/ratis/cd15e804-9c33-45b3-a55d-8970901c8a83/current/log_inprogress_0
2021-01-01 14:16:42,975 [6599d769-7ef0-430f-a42f-80d7661ca159@group-8970901C8A83-LeaderElection93] INFO  server.RaftServer$Division (ServerState.java:setRaftConf(374)) - 6599d769-7ef0-430f-a42f-80d7661ca159@group-8970901C8A83: set configuration 0: [6599d769-7ef0-430f-a42f-80d7661ca159|rpc:172.17.0.2:37921|dataStream:], old=null at 0
2021-01-01 14:16:43,051 [Listener at 127.0.0.1/44197] INFO  ozone.MiniOzoneClusterImpl (MiniOzoneClusterImpl.java:lambda$waitForClusterToBeReady$0(178)) - Nodes are ready. Got 6 of 6 DN Heartbeats.
2021-01-01 14:16:43,051 [Listener at 127.0.0.1/44197] INFO  ozone.MiniOzoneClusterImpl (MiniOzoneClusterImpl.java:lambda$waitForClusterToBeReady$0(181)) - Cluster exits safe mode
2021-01-01 14:16:43,068 [Listener at 127.0.0.1/44197] INFO  rpc.RpcClient (RpcClient.java:createVolume(273)) - Creating Volume: vol1, with user31171 as owner.
2021-01-01 14:16:43,069 [IPC Server handler 7 on default port 44197] INFO  volume.OMVolumeCreateRequest (OMVolumeCreateRequest.java:validateAndUpdateCache(196)) - created volume:vol1 for user:user31171
2021-01-01 14:16:43,075 [Listener at 127.0.0.1/44197] INFO  rpc.RpcClient (RpcClient.java:createBucket(429)) - Creating Bucket: vol1/bucket1, with Versioning false and Storage Type set to DISK and Encryption set to false 
2021-01-01 14:16:43,118 [Thread-5774] INFO  impl.FollowerState (FollowerState.java:run(133)) - b05a1b8e-b732-4ead-90c9-c61088a01b0a@group-7F9111EE38F3-FollowerState: change to CANDIDATE, lastRpcElapsedTime:5055345085ns, electionTimeout:5055ms
2021-01-01 14:16:43,118 [Thread-5774] INFO  impl.RoleInfo (RoleInfo.java:shutdownFollowerState(108)) - b05a1b8e-b732-4ead-90c9-c61088a01b0a: shutdown b05a1b8e-b732-4ead-90c9-c61088a01b0a@group-7F9111EE38F3-FollowerState
2021-01-01 14:16:43,118 [Thread-5774] INFO  server.RaftServer$Division (RaftServerImpl.java:setRole(275)) - b05a1b8e-b732-4ead-90c9-c61088a01b0a@group-7F9111EE38F3: changes role from  FOLLOWER to CANDIDATE at term 0 for changeToCandidate
2021-01-01 14:16:43,118 [Thread-5774] INFO  impl.RoleInfo (RoleInfo.java:updateAndGet(130)) - b05a1b8e-b732-4ead-90c9-c61088a01b0a: start b05a1b8e-b732-4ead-90c9-c61088a01b0a@group-7F9111EE38F3-LeaderElection94
2021-01-01 14:16:43,121 [b05a1b8e-b732-4ead-90c9-c61088a01b0a@group-7F9111EE38F3-LeaderElection94] INFO  impl.LeaderElection (LeaderElection.java:askForVotes(219)) - b05a1b8e-b732-4ead-90c9-c61088a01b0a@group-7F9111EE38F3-LeaderElection94: begin an election at term 1 for -1: [b05a1b8e-b732-4ead-90c9-c61088a01b0a|rpc:172.17.0.2:43445], old=null
2021-01-01 14:16:43,121 [b05a1b8e-b732-4ead-90c9-c61088a01b0a@group-7F9111EE38F3-LeaderElection94] INFO  impl.RoleInfo (RoleInfo.java:shutdownLeaderElection(121)) - b05a1b8e-b732-4ead-90c9-c61088a01b0a: shutdown b05a1b8e-b732-4ead-90c9-c61088a01b0a@group-7F9111EE38F3-LeaderElection94
2021-01-01 14:16:43,121 [b05a1b8e-b732-4ead-90c9-c61088a01b0a@group-7F9111EE38F3-LeaderElection94] INFO  server.RaftServer$Division (RaftServerImpl.java:setRole(275)) - b05a1b8e-b732-4ead-90c9-c61088a01b0a@group-7F9111EE38F3: changes role from CANDIDATE to LEADER at term 1 for changeToLeader
2021-01-01 14:16:43,121 [b05a1b8e-b732-4ead-90c9-c61088a01b0a@group-7F9111EE38F3-LeaderElection94] INFO  ratis.XceiverServerRatis (XceiverServerRatis.java:handleLeaderChangedNotification(862)) - Leader change notification received for group: group-7F9111EE38F3 with new leaderId: b05a1b8e-b732-4ead-90c9-c61088a01b0a
2021-01-01 14:16:43,121 [b05a1b8e-b732-4ead-90c9-c61088a01b0a@group-7F9111EE38F3-LeaderElection94] INFO  server.RaftServer$Division (ServerState.java:setLeader(258)) - b05a1b8e-b732-4ead-90c9-c61088a01b0a@group-7F9111EE38F3: change Leader from null to b05a1b8e-b732-4ead-90c9-c61088a01b0a at term 1 for becomeLeader, leader elected after 5068ms
2021-01-01 14:16:43,122 [b05a1b8e-b732-4ead-90c9-c61088a01b0a@group-7F9111EE38F3-LeaderElection94] INFO  server.RaftServerConfigKeys (ConfUtils.java:logGet(44)) - raft.server.staging.catchup.gap = 1000 (default)
2021-01-01 14:16:43,124 [b05a1b8e-b732-4ead-90c9-c61088a01b0a@group-7F9111EE38F3-LeaderElection94] INFO  metrics.RatisMetrics (RatisMetrics.java:lambda$create$0(36)) - Creating Metrics Registry : ratis.log_appender.b05a1b8e-b732-4ead-90c9-c61088a01b0a@group-7F9111EE38F3
2021-01-01 14:16:43,124 [b05a1b8e-b732-4ead-90c9-c61088a01b0a@group-7F9111EE38F3-LeaderElection94] INFO  server.RaftServerConfigKeys (ConfUtils.java:logGet(44)) - raft.server.write.element-limit = 1024 (custom)
2021-01-01 14:16:43,124 [b05a1b8e-b732-4ead-90c9-c61088a01b0a@group-7F9111EE38F3-LeaderElection94] INFO  server.RaftServerConfigKeys (ConfUtils.java:logGet(44)) - raft.server.write.byte-limit = 1073741824 (custom)
2021-01-01 14:16:43,125 [b05a1b8e-b732-4ead-90c9-c61088a01b0a@group-7F9111EE38F3-LeaderElection94] INFO  server.RaftServerConfigKeys (ConfUtils.java:logGet(44)) - raft.server.watch.timeout = 180s (custom)
2021-01-01 14:16:43,125 [b05a1b8e-b732-4ead-90c9-c61088a01b0a@group-7F9111EE38F3-LeaderElection94] INFO  server.RaftServerConfigKeys (ConfUtils.java:logGet(44)) - raft.server.watch.timeout.denomination = 1s (default)
2021-01-01 14:16:43,125 [b05a1b8e-b732-4ead-90c9-c61088a01b0a@group-7F9111EE38F3-LeaderElection94] INFO  server.RaftServerConfigKeys (ConfUtils.java:logGet(44)) - raft.server.watch.element-limit = 65536 (default)
2021-01-01 14:16:43,125 [b05a1b8e-b732-4ead-90c9-c61088a01b0a@group-7F9111EE38F3-LeaderElection94] INFO  impl.RoleInfo (RoleInfo.java:updateAndGet(130)) - b05a1b8e-b732-4ead-90c9-c61088a01b0a: start b05a1b8e-b732-4ead-90c9-c61088a01b0a@group-7F9111EE38F3-LeaderStateImpl
2021-01-01 14:16:43,126 [b05a1b8e-b732-4ead-90c9-c61088a01b0a@group-7F9111EE38F3-LeaderElection94] INFO  segmented.SegmentedRaftLogWorker (SegmentedRaftLogWorker.java:startLogSegment(392)) - b05a1b8e-b732-4ead-90c9-c61088a01b0a@group-7F9111EE38F3-SegmentedRaftLogWorker: Starting segment from index:0
2021-01-01 14:16:43,126 [b05a1b8e-b732-4ead-90c9-c61088a01b0a@group-7F9111EE38F3-LeaderElection94] INFO  server.RaftServer$Division (ServerState.java:setRaftConf(374)) - b05a1b8e-b732-4ead-90c9-c61088a01b0a@group-7F9111EE38F3: set configuration 0: [b05a1b8e-b732-4ead-90c9-c61088a01b0a|rpc:172.17.0.2:43445|dataStream:], old=null at 0
2021-01-01 14:16:43,127 [b05a1b8e-b732-4ead-90c9-c61088a01b0a@group-7F9111EE38F3-SegmentedRaftLogWorker] INFO  segmented.SegmentedRaftLogWorker (SegmentedRaftLogWorker.java:execute(599)) - b05a1b8e-b732-4ead-90c9-c61088a01b0a@group-7F9111EE38F3-SegmentedRaftLogWorker: created new log segment /github/workspace/mnt/ozone/hadoop-ozone/integration-test/target/test-dir/MiniOzoneClusterImpl-cb490d7e-6ed4-4e2b-831b-323004451de6/datanode-5/data/ratis/1f37d510-d4c9-4bda-8ddd-7f9111ee38f3/current/log_inprogress_0
2021-01-01 14:16:45,333 [EventQueue-Delayed safe mode statusForReplicationManager] INFO  container.ReplicationManager (ReplicationManager.java:start(186)) - Starting Replication Monitor Thread.
2021-01-01 14:16:45,333 [ReplicationMonitor] INFO  container.ReplicationManager (ReplicationManager.java:run(250)) - Replication Monitor Thread took 0 milliseconds for processing 0 containers.
2021-01-01 14:16:45,479 [Listener at 127.0.0.1/44197] INFO  container.ReplicationManager (ReplicationManager.java:stop(227)) - Stopping Replication Monitor Thread.
2021-01-01 14:16:45,489 [Listener at 127.0.0.1/44197] INFO  metrics.RatisMetrics (RatisMetrics.java:lambda$create$0(36)) - Creating Metrics Registry : ratis.client_message_metrics.client-0A07517CE459->f4f30912-ea27-4eb3-bee5-ae3f82ef3ad0
2021-01-01 14:16:45,554 [Listener at 127.0.0.1/44197] INFO  metrics.RatisMetrics (RatisMetrics.java:lambda$create$0(36)) - Creating Metrics Registry : ratis.client_message_metrics.client-F3E490E902A0->6599d769-7ef0-430f-a42f-80d7661ca159
2021-01-01 14:16:51,924 [IPC Server handler 3 on default port 41791] INFO  node.NodeDecommissionManager (NodeDecommissionManager.java:startMaintenance(344)) - Starting Maintenance for node 7cefa8e9-48e2-4714-becf-e2fa99455696{ip: 172.17.0.2, host: 722537d36201, networkLocation: /default-rack, certSerialId: null, persistedOpState: IN_SERVICE, persistedOpStateExpiryEpochSec: 0}
2021-01-01 14:16:51,924 [IPC Server handler 3 on default port 41791] INFO  node.NodeDecommissionManager (NodeDecommissionManager.java:startMaintenance(344)) - Starting Maintenance for node f4f30912-ea27-4eb3-bee5-ae3f82ef3ad0{ip: 172.17.0.2, host: 722537d36201, networkLocation: /default-rack, certSerialId: null, persistedOpState: IN_SERVICE, persistedOpStateExpiryEpochSec: 0}
2021-01-01 14:16:51,924 [IPC Server handler 3 on default port 41791] INFO  node.NodeDecommissionManager (NodeDecommissionManager.java:startMaintenance(344)) - Starting Maintenance for node 9a3e098b-d23a-435e-81b9-d52adff52c28{ip: 172.17.0.2, host: 722537d36201, networkLocation: /default-rack, certSerialId: null, persistedOpState: IN_SERVICE, persistedOpStateExpiryEpochSec: 0}
2021-01-01 14:16:52,449 [IPC Server handler 8 on default port 35419] INFO  node.SCMNodeManager (SCMNodeManager.java:updateDatanodeOpState(419)) - Scheduling a command to update the operationalState persisted on the datanode as the reported value (IN_SERVICE, 0) does not match the value stored in SCM (ENTERING_MAINTENANCE, 0)
2021-01-01 14:16:52,451 [IPC Server handler 9 on default port 35419] INFO  node.SCMNodeManager (SCMNodeManager.java:updateDatanodeOpState(419)) - Scheduling a command to update the operationalState persisted on the datanode as the reported value (IN_SERVICE, 0) does not match the value stored in SCM (ENTERING_MAINTENANCE, 0)
2021-01-01 14:16:52,453 [IPC Server handler 15 on default port 35419] INFO  node.SCMNodeManager (SCMNodeManager.java:updateDatanodeOpState(419)) - Scheduling a command to update the operationalState persisted on the datanode as the reported value (IN_SERVICE, 0) does not match the value stored in SCM (ENTERING_MAINTENANCE, 0)
2021-01-01 14:16:52,826 [DatanodeAdminManager-0] INFO  node.DatanodeAdminMonitorImpl (DatanodeAdminMonitorImpl.java:checkPipelinesClosedOnNode(267)) - Waiting for pipelines to close for f4f30912-ea27-4eb3-bee5-ae3f82ef3ad0{ip: 172.17.0.2, host: 722537d36201, networkLocation: /default-rack, certSerialId: null, persistedOpState: IN_SERVICE, persistedOpStateExpiryEpochSec: 0}. There are 2 pipelines
2021-01-01 14:16:52,826 [DatanodeAdminManager-0] INFO  node.DatanodeAdminMonitorImpl (DatanodeAdminMonitorImpl.java:checkPipelinesClosedOnNode(267)) - Waiting for pipelines to close for 7cefa8e9-48e2-4714-becf-e2fa99455696{ip: 172.17.0.2, host: 722537d36201, networkLocation: /default-rack, certSerialId: null, persistedOpState: IN_SERVICE, persistedOpStateExpiryEpochSec: 0}. There are 2 pipelines
2021-01-01 14:16:52,826 [DatanodeAdminManager-0] INFO  node.DatanodeAdminMonitorImpl (DatanodeAdminMonitorImpl.java:checkPipelinesClosedOnNode(267)) - Waiting for pipelines to close for 9a3e098b-d23a-435e-81b9-d52adff52c28{ip: 172.17.0.2, host: 722537d36201, networkLocation: /default-rack, certSerialId: null, persistedOpState: IN_SERVICE, persistedOpStateExpiryEpochSec: 0}. There are 2 pipelines
2021-01-01 14:16:52,826 [DatanodeAdminManager-0] INFO  node.DatanodeAdminMonitorImpl (DatanodeAdminMonitorImpl.java:run(136)) - There are 3 nodes tracked for decommission and maintenance. 0 pending nodes.
2021-01-01 14:16:52,826 [EventQueue-StartAdminOnNodeForStartDatanodeAdminHandler] INFO  node.StartDatanodeAdminHandler (StartDatanodeAdminHandler.java:onMessage(56)) - Admin start on datanode 7cefa8e9-48e2-4714-becf-e2fa99455696{ip: 172.17.0.2, host: 722537d36201, networkLocation: /default-rack, certSerialId: null, persistedOpState: IN_SERVICE, persistedOpStateExpiryEpochSec: 0}. Finalizing its pipelines [PipelineID=4551d66b-c24a-45f8-bda5-132f36a5d2c2, PipelineID=e2c3b8d5-ffff-4969-b3cc-c6f7feeee428]
2021-01-01 14:16:52,826 [EventQueue-StartAdminOnNodeForStartDatanodeAdminHandler] INFO  pipeline.SCMPipelineManager (SCMPipelineManager.java:finalizeAndDestroyPipeline(482)) - Destroying pipeline:Pipeline[ Id: 4551d66b-c24a-45f8-bda5-132f36a5d2c2, Nodes: 7cefa8e9-48e2-4714-becf-e2fa99455696{ip: 172.17.0.2, host: 722537d36201, networkLocation: /default-rack, certSerialId: null, persistedOpState: IN_SERVICE, persistedOpStateExpiryEpochSec: 0}, Type:RATIS, Factor:ONE, State:OPEN, leaderId:7cefa8e9-48e2-4714-becf-e2fa99455696, CreationTimestamp2021-01-01T14:16:34.175Z]
2021-01-01 14:16:52,826 [EventQueue-StartAdminOnNodeForStartDatanodeAdminHandler] INFO  pipeline.PipelineStateManager (PipelineStateManager.java:finalizePipeline(121)) - Pipeline Pipeline[ Id: 4551d66b-c24a-45f8-bda5-132f36a5d2c2, Nodes: 7cefa8e9-48e2-4714-becf-e2fa99455696{ip: 172.17.0.2, host: 722537d36201, networkLocation: /default-rack, certSerialId: null, persistedOpState: IN_SERVICE, persistedOpStateExpiryEpochSec: 0}, Type:RATIS, Factor:ONE, State:CLOSED, leaderId:7cefa8e9-48e2-4714-becf-e2fa99455696, CreationTimestamp2021-01-01T14:16:34.175Z] moved to CLOSED state
2021-01-01 14:16:52,827 [EventQueue-StartAdminOnNodeForStartDatanodeAdminHandler] INFO  pipeline.RatisPipelineProvider (RatisPipelineProvider.java:lambda$close$1(199)) - Send pipeline:PipelineID=4551d66b-c24a-45f8-bda5-132f36a5d2c2 close command to datanode 7cefa8e9-48e2-4714-becf-e2fa99455696
2021-01-01 14:16:52,827 [EventQueue-StartAdminOnNodeForStartDatanodeAdminHandler] INFO  pipeline.PipelineStateManager (PipelineStateManager.java:removePipeline(106)) - Pipeline Pipeline[ Id: 4551d66b-c24a-45f8-bda5-132f36a5d2c2, Nodes: 7cefa8e9-48e2-4714-becf-e2fa99455696{ip: 172.17.0.2, host: 722537d36201, networkLocation: /default-rack, certSerialId: null, persistedOpState: IN_SERVICE, persistedOpStateExpiryEpochSec: 0}, Type:RATIS, Factor:ONE, State:CLOSED, leaderId:7cefa8e9-48e2-4714-becf-e2fa99455696, CreationTimestamp2021-01-01T14:16:34.175Z] removed from db
2021-01-01 14:16:52,828 [EventQueue-StartAdminOnNodeForStartDatanodeAdminHandler] INFO  pipeline.SCMPipelineManager (SCMPipelineManager.java:finalizeAndDestroyPipeline(482)) - Destroying pipeline:Pipeline[ Id: e2c3b8d5-ffff-4969-b3cc-c6f7feeee428, Nodes: f4f30912-ea27-4eb3-bee5-ae3f82ef3ad0{ip: 172.17.0.2, host: 722537d36201, networkLocation: /default-rack, certSerialId: null, persistedOpState: IN_SERVICE, persistedOpStateExpiryEpochSec: 0}7cefa8e9-48e2-4714-becf-e2fa99455696{ip: 172.17.0.2, host: 722537d36201, networkLocation: /default-rack, certSerialId: null, persistedOpState: IN_SERVICE, persistedOpStateExpiryEpochSec: 0}9a3e098b-d23a-435e-81b9-d52adff52c28{ip: 172.17.0.2, host: 722537d36201, networkLocation: /default-rack, certSerialId: null, persistedOpState: IN_SERVICE, persistedOpStateExpiryEpochSec: 0}, Type:RATIS, Factor:THREE, State:OPEN, leaderId:f4f30912-ea27-4eb3-bee5-ae3f82ef3ad0, CreationTimestamp2021-01-01T14:16:34.527Z]
2021-01-01 14:16:52,831 [EventQueue-StartAdminOnNodeForStartDatanodeAdminHandler] INFO  pipeline.PipelineStateManager (PipelineStateManager.java:finalizePipeline(121)) - Pipeline Pipeline[ Id: e2c3b8d5-ffff-4969-b3cc-c6f7feeee428, Nodes: f4f30912-ea27-4eb3-bee5-ae3f82ef3ad0{ip: 172.17.0.2, host: 722537d36201, networkLocation: /default-rack, certSerialId: null, persistedOpState: IN_SERVICE, persistedOpStateExpiryEpochSec: 0}7cefa8e9-48e2-4714-becf-e2fa99455696{ip: 172.17.0.2, host: 722537d36201, networkLocation: /default-rack, certSerialId: null, persistedOpState: IN_SERVICE, persistedOpStateExpiryEpochSec: 0}9a3e098b-d23a-435e-81b9-d52adff52c28{ip: 172.17.0.2, host: 722537d36201, networkLocation: /default-rack, certSerialId: null, persistedOpState: IN_SERVICE, persistedOpStateExpiryEpochSec: 0}, Type:RATIS, Factor:THREE, State:CLOSED, leaderId:f4f30912-ea27-4eb3-bee5-ae3f82ef3ad0, CreationTimestamp2021-01-01T14:16:34.527Z] moved to CLOSED state
2021-01-01 14:16:52,831 [EventQueue-StartAdminOnNodeForStartDatanodeAdminHandler] INFO  pipeline.RatisPipelineProvider (RatisPipelineProvider.java:lambda$close$1(199)) - Send pipeline:PipelineID=e2c3b8d5-ffff-4969-b3cc-c6f7feeee428 close command to datanode f4f30912-ea27-4eb3-bee5-ae3f82ef3ad0
2021-01-01 14:16:52,831 [EventQueue-CloseContainerForCloseContainerEventHandler] INFO  container.CloseContainerEventHandler (CloseContainerEventHandler.java:onMessage(61)) - Close container Event triggered for container : #1
2021-01-01 14:16:52,831 [EventQueue-StartAdminOnNodeForStartDatanodeAdminHandler] INFO  pipeline.RatisPipelineProvider (RatisPipelineProvider.java:lambda$close$1(199)) - Send pipeline:PipelineID=e2c3b8d5-ffff-4969-b3cc-c6f7feeee428 close command to datanode 7cefa8e9-48e2-4714-becf-e2fa99455696
2021-01-01 14:16:52,831 [EventQueue-StartAdminOnNodeForStartDatanodeAdminHandler] INFO  pipeline.RatisPipelineProvider (RatisPipelineProvider.java:lambda$close$1(199)) - Send pipeline:PipelineID=e2c3b8d5-ffff-4969-b3cc-c6f7feeee428 close command to datanode 9a3e098b-d23a-435e-81b9-d52adff52c28
2021-01-01 14:16:52,832 [EventQueue-StartAdminOnNodeForStartDatanodeAdminHandler] INFO  pipeline.PipelineStateManager (PipelineStateManager.java:removePipeline(106)) - Pipeline Pipeline[ Id: e2c3b8d5-ffff-4969-b3cc-c6f7feeee428, Nodes: f4f30912-ea27-4eb3-bee5-ae3f82ef3ad0{ip: 172.17.0.2, host: 722537d36201, networkLocation: /default-rack, certSerialId: null, persistedOpState: IN_SERVICE, persistedOpStateExpiryEpochSec: 0}7cefa8e9-48e2-4714-becf-e2fa99455696{ip: 172.17.0.2, host: 722537d36201, networkLocation: /default-rack, certSerialId: null, persistedOpState: IN_SERVICE, persistedOpStateExpiryEpochSec: 0}9a3e098b-d23a-435e-81b9-d52adff52c28{ip: 172.17.0.2, host: 722537d36201, networkLocation: /default-rack, certSerialId: null, persistedOpState: IN_SERVICE, persistedOpStateExpiryEpochSec: 0}, Type:RATIS, Factor:THREE, State:CLOSED, leaderId:f4f30912-ea27-4eb3-bee5-ae3f82ef3ad0, CreationTimestamp2021-01-01T14:16:34.527Z] removed from db
2021-01-01 14:16:52,832 [EventQueue-StartAdminOnNodeForStartDatanodeAdminHandler] INFO  node.StartDatanodeAdminHandler (StartDatanodeAdminHandler.java:onMessage(56)) - Admin start on datanode f4f30912-ea27-4eb3-bee5-ae3f82ef3ad0{ip: 172.17.0.2, host: 722537d36201, networkLocation: /default-rack, certSerialId: null, persistedOpState: IN_SERVICE, persistedOpStateExpiryEpochSec: 0}. Finalizing its pipelines [PipelineID=4fd7d95b-80b3-4c80-9895-3971c98ef519]
2021-01-01 14:16:52,832 [EventQueue-StartAdminOnNodeForStartDatanodeAdminHandler] INFO  pipeline.SCMPipelineManager (SCMPipelineManager.java:finalizeAndDestroyPipeline(482)) - Destroying pipeline:Pipeline[ Id: 4fd7d95b-80b3-4c80-9895-3971c98ef519, Nodes: f4f30912-ea27-4eb3-bee5-ae3f82ef3ad0{ip: 172.17.0.2, host: 722537d36201, networkLocation: /default-rack, certSerialId: null, persistedOpState: IN_SERVICE, persistedOpStateExpiryEpochSec: 0}, Type:RATIS, Factor:ONE, State:OPEN, leaderId:f4f30912-ea27-4eb3-bee5-ae3f82ef3ad0, CreationTimestamp2021-01-01T14:16:34.527Z]
2021-01-01 14:16:52,832 [EventQueue-CloseContainerForCloseContainerEventHandler] INFO  container.CloseContainerEventHandler (CloseContainerEventHandler.java:onMessage(61)) - Close container Event triggered for container : #3
2021-01-01 14:16:52,832 [EventQueue-StartAdminOnNodeForStartDatanodeAdminHandler] INFO  pipeline.PipelineStateManager (PipelineStateManager.java:finalizePipeline(121)) - Pipeline Pipeline[ Id: 4fd7d95b-80b3-4c80-9895-3971c98ef519, Nodes: f4f30912-ea27-4eb3-bee5-ae3f82ef3ad0{ip: 172.17.0.2, host: 722537d36201, networkLocation: /default-rack, certSerialId: null, persistedOpState: IN_SERVICE, persistedOpStateExpiryEpochSec: 0}, Type:RATIS, Factor:ONE, State:CLOSED, leaderId:f4f30912-ea27-4eb3-bee5-ae3f82ef3ad0, CreationTimestamp2021-01-01T14:16:34.527Z] moved to CLOSED state
2021-01-01 14:16:52,832 [EventQueue-StartAdminOnNodeForStartDatanodeAdminHandler] INFO  pipeline.RatisPipelineProvider (RatisPipelineProvider.java:lambda$close$1(199)) - Send pipeline:PipelineID=4fd7d95b-80b3-4c80-9895-3971c98ef519 close command to datanode f4f30912-ea27-4eb3-bee5-ae3f82ef3ad0
2021-01-01 14:16:52,832 [EventQueue-CloseContainerForCloseContainerEventHandler] WARN  container.SCMContainerManager (SCMContainerManager.java:updateContainerState(367)) - Unable to remove container #3 from pipeline PipelineID=e2c3b8d5-ffff-4969-b3cc-c6f7feeee428  as the pipeline no longer exists
2021-01-01 14:16:52,832 [EventQueue-StartAdminOnNodeForStartDatanodeAdminHandler] INFO  pipeline.PipelineStateManager (PipelineStateManager.java:removePipeline(106)) - Pipeline Pipeline[ Id: 4fd7d95b-80b3-4c80-9895-3971c98ef519, Nodes: f4f30912-ea27-4eb3-bee5-ae3f82ef3ad0{ip: 172.17.0.2, host: 722537d36201, networkLocation: /default-rack, certSerialId: null, persistedOpState: IN_SERVICE, persistedOpStateExpiryEpochSec: 0}, Type:RATIS, Factor:ONE, State:CLOSED, leaderId:f4f30912-ea27-4eb3-bee5-ae3f82ef3ad0, CreationTimestamp2021-01-01T14:16:34.527Z] removed from db
2021-01-01 14:16:52,832 [EventQueue-StartAdminOnNodeForStartDatanodeAdminHandler] INFO  node.StartDatanodeAdminHandler (StartDatanodeAdminHandler.java:onMessage(56)) - Admin start on datanode 9a3e098b-d23a-435e-81b9-d52adff52c28{ip: 172.17.0.2, host: 722537d36201, networkLocation: /default-rack, certSerialId: null, persistedOpState: IN_SERVICE, persistedOpStateExpiryEpochSec: 0}. Finalizing its pipelines [PipelineID=0d6e2dbd-a087-40ca-9707-b00951b4effb]
2021-01-01 14:16:52,833 [EventQueue-StartAdminOnNodeForStartDatanodeAdminHandler] INFO  pipeline.SCMPipelineManager (SCMPipelineManager.java:finalizeAndDestroyPipeline(482)) - Destroying pipeline:Pipeline[ Id: 0d6e2dbd-a087-40ca-9707-b00951b4effb, Nodes: 9a3e098b-d23a-435e-81b9-d52adff52c28{ip: 172.17.0.2, host: 722537d36201, networkLocation: /default-rack, certSerialId: null, persistedOpState: IN_SERVICE, persistedOpStateExpiryEpochSec: 0}, Type:RATIS, Factor:ONE, State:OPEN, leaderId:9a3e098b-d23a-435e-81b9-d52adff52c28, CreationTimestamp2021-01-01T14:16:34.358Z]
2021-01-01 14:16:52,833 [EventQueue-StartAdminOnNodeForStartDatanodeAdminHandler] INFO  pipeline.PipelineStateManager (PipelineStateManager.java:finalizePipeline(121)) - Pipeline Pipeline[ Id: 0d6e2dbd-a087-40ca-9707-b00951b4effb, Nodes: 9a3e098b-d23a-435e-81b9-d52adff52c28{ip: 172.17.0.2, host: 722537d36201, networkLocation: /default-rack, certSerialId: null, persistedOpState: IN_SERVICE, persistedOpStateExpiryEpochSec: 0}, Type:RATIS, Factor:ONE, State:CLOSED, leaderId:9a3e098b-d23a-435e-81b9-d52adff52c28, CreationTimestamp2021-01-01T14:16:34.358Z] moved to CLOSED state
2021-01-01 14:16:52,833 [EventQueue-StartAdminOnNodeForStartDatanodeAdminHandler] INFO  pipeline.RatisPipelineProvider (RatisPipelineProvider.java:lambda$close$1(199)) - Send pipeline:PipelineID=0d6e2dbd-a087-40ca-9707-b00951b4effb close command to datanode 9a3e098b-d23a-435e-81b9-d52adff52c28
2021-01-01 14:16:52,833 [EventQueue-StartAdminOnNodeForStartDatanodeAdminHandler] INFO  pipeline.PipelineStateManager (PipelineStateManager.java:removePipeline(106)) - Pipeline Pipeline[ Id: 0d6e2dbd-a087-40ca-9707-b00951b4effb, Nodes: 9a3e098b-d23a-435e-81b9-d52adff52c28{ip: 172.17.0.2, host: 722537d36201, networkLocation: /default-rack, certSerialId: null, persistedOpState: IN_SERVICE, persistedOpStateExpiryEpochSec: 0}, Type:RATIS, Factor:ONE, State:CLOSED, leaderId:9a3e098b-d23a-435e-81b9-d52adff52c28, CreationTimestamp2021-01-01T14:16:34.358Z] removed from db
2021-01-01 14:16:53,449 [IPC Server handler 8 on default port 35419] INFO  node.SCMNodeManager (SCMNodeManager.java:updateDatanodeOpState(419)) - Scheduling a command to update the operationalState persisted on the datanode as the reported value (IN_SERVICE, 0) does not match the value stored in SCM (ENTERING_MAINTENANCE, 0)
2021-01-01 14:16:53,454 [IPC Server handler 15 on default port 35419] INFO  node.SCMNodeManager (SCMNodeManager.java:updateDatanodeOpState(419)) - Scheduling a command to update the operationalState persisted on the datanode as the reported value (IN_SERVICE, 0) does not match the value stored in SCM (ENTERING_MAINTENANCE, 0)
2021-01-01 14:16:53,825 [DatanodeAdminManager-0] INFO  node.DatanodeAdminMonitorImpl (DatanodeAdminMonitorImpl.java:checkContainersReplicatedOnNode(297)) - 7cefa8e9-48e2-4714-becf-e2fa99455696{ip: 172.17.0.2, host: 722537d36201, networkLocation: /default-rack, certSerialId: null, persistedOpState: ENTERING_MAINTENANCE, persistedOpStateExpiryEpochSec: 0} has 2 sufficientlyReplicated, 0 underReplicated and 2 unhealthy containers
2021-01-01 14:16:53,825 [DatanodeAdminManager-0] INFO  node.DatanodeAdminMonitorImpl (DatanodeAdminMonitorImpl.java:run(136)) - There are 3 nodes tracked for decommission and maintenance. 0 pending nodes.
2021-01-01 14:16:54,449 [Command processor thread] INFO  server.RaftServer (RaftServerProxy.java:remove(104)) - f4f30912-ea27-4eb3-bee5-ae3f82ef3ad0: remove    LEADER f4f30912-ea27-4eb3-bee5-ae3f82ef3ad0@group-C6F7FEEEE428:t1, leader=f4f30912-ea27-4eb3-bee5-ae3f82ef3ad0, voted=f4f30912-ea27-4eb3-bee5-ae3f82ef3ad0, raftlog=f4f30912-ea27-4eb3-bee5-ae3f82ef3ad0@group-C6F7FEEEE428-SegmentedRaftLog:OPENED:c35,f35,i35, conf=0: [f4f30912-ea27-4eb3-bee5-ae3f82ef3ad0|rpc:172.17.0.2:45771|dataStream:, 9a3e098b-d23a-435e-81b9-d52adff52c28|rpc:172.17.0.2:32929|dataStream:, 7cefa8e9-48e2-4714-becf-e2fa99455696|rpc:172.17.0.2:37087|dataStream:], old=null RUNNING
2021-01-01 14:16:54,450 [Command processor thread] INFO  server.RaftServer$Division (RaftServerImpl.java:lambda$close$4(397)) - f4f30912-ea27-4eb3-bee5-ae3f82ef3ad0@group-C6F7FEEEE428: shutdown
2021-01-01 14:16:54,450 [Command processor thread] INFO  util.JmxRegister (JmxRegister.java:unregister(73)) - Successfully un-registered JMX Bean with object name Ratis:service=RaftServer,group=group-C6F7FEEEE428,id=f4f30912-ea27-4eb3-bee5-ae3f82ef3ad0
2021-01-01 14:16:54,450 [Command processor thread] INFO  impl.RoleInfo (RoleInfo.java:shutdownLeaderState(91)) - f4f30912-ea27-4eb3-bee5-ae3f82ef3ad0: shutdown f4f30912-ea27-4eb3-bee5-ae3f82ef3ad0@group-C6F7FEEEE428-LeaderStateImpl
2021-01-01 14:16:54,450 [Command processor thread] INFO  metrics.RatisMetrics (RatisMetrics.java:unregister(43)) - Unregistering Metrics Registry : ratis_grpc.log_appender.f4f30912-ea27-4eb3-bee5-ae3f82ef3ad0@group-C6F7FEEEE428
2021-01-01 14:16:54,450 [Command processor thread] INFO  metrics.RatisMetrics (RatisMetrics.java:unregister(43)) - Unregistering Metrics Registry : ratis_grpc.log_appender.f4f30912-ea27-4eb3-bee5-ae3f82ef3ad0@group-C6F7FEEEE428
2021-01-01 14:16:54,450 [Command processor thread] INFO  impl.PendingRequests (PendingRequests.java:sendNotLeaderResponses(249)) - f4f30912-ea27-4eb3-bee5-ae3f82ef3ad0@group-C6F7FEEEE428-PendingRequests: sendNotLeaderResponses
2021-01-01 14:16:54,450 [f4f30912-ea27-4eb3-bee5-ae3f82ef3ad0@group-C6F7FEEEE428->7cefa8e9-48e2-4714-becf-e2fa99455696-GrpcLogAppender-LogAppenderDaemon] WARN  server.GrpcLogAppender (GrpcLogAppender.java:mayWait(174)) - f4f30912-ea27-4eb3-bee5-ae3f82ef3ad0@group-C6F7FEEEE428->7cefa8e9-48e2-4714-becf-e2fa99455696-GrpcLogAppender: Wait interrupted by java.lang.InterruptedException
2021-01-01 14:16:54,452 [f4f30912-ea27-4eb3-bee5-ae3f82ef3ad0@group-C6F7FEEEE428->9a3e098b-d23a-435e-81b9-d52adff52c28-GrpcLogAppender-LogAppenderDaemon] WARN  server.GrpcLogAppender (GrpcLogAppender.java:mayWait(174)) - f4f30912-ea27-4eb3-bee5-ae3f82ef3ad0@group-C6F7FEEEE428->9a3e098b-d23a-435e-81b9-d52adff52c28-GrpcLogAppender: Wait interrupted by java.lang.InterruptedException
2021-01-01 14:16:54,453 [grpc-default-executor-2] INFO  server.GrpcServerProtocolService (GrpcServerProtocolService.java:onCompleted(138)) - 7cefa8e9-48e2-4714-becf-e2fa99455696: Completed APPEND_ENTRIES, lastRequest: f4f30912-ea27-4eb3-bee5-ae3f82ef3ad0->7cefa8e9-48e2-4714-becf-e2fa99455696#687-t1,previous=(t:1, i:34),leaderCommit=33,initializing? true,entries: size=1, first=(t:1, i:35), METADATAENTRY(c:33)
2021-01-01 14:16:54,453 [grpc-default-executor-6] INFO  server.GrpcServerProtocolService (GrpcServerProtocolService.java:onCompleted(138)) - 9a3e098b-d23a-435e-81b9-d52adff52c28: Completed APPEND_ENTRIES, lastRequest: f4f30912-ea27-4eb3-bee5-ae3f82ef3ad0->9a3e098b-d23a-435e-81b9-d52adff52c28#688-t1,previous=(t:1, i:34),leaderCommit=33,initializing? true,entries: size=1, first=(t:1, i:35), METADATAENTRY(c:33)
2021-01-01 14:16:54,454 [Command processor thread] INFO  server.RaftServer (RaftServerProxy.java:remove(104)) - 9a3e098b-d23a-435e-81b9-d52adff52c28: remove  FOLLOWER 9a3e098b-d23a-435e-81b9-d52adff52c28@group-C6F7FEEEE428:t1, leader=f4f30912-ea27-4eb3-bee5-ae3f82ef3ad0, voted=f4f30912-ea27-4eb3-bee5-ae3f82ef3ad0, raftlog=9a3e098b-d23a-435e-81b9-d52adff52c28@group-C6F7FEEEE428-SegmentedRaftLog:OPENED:c35,f35,i35, conf=0: [f4f30912-ea27-4eb3-bee5-ae3f82ef3ad0|rpc:172.17.0.2:45771|dataStream:, 9a3e098b-d23a-435e-81b9-d52adff52c28|rpc:172.17.0.2:32929|dataStream:, 7cefa8e9-48e2-4714-becf-e2fa99455696|rpc:172.17.0.2:37087|dataStream:], old=null RUNNING
2021-01-01 14:16:54,454 [Command processor thread] INFO  server.RaftServer$Division (RaftServerImpl.java:lambda$close$4(397)) - 9a3e098b-d23a-435e-81b9-d52adff52c28@group-C6F7FEEEE428: shutdown
2021-01-01 14:16:54,454 [Command processor thread] INFO  util.JmxRegister (JmxRegister.java:unregister(73)) - Successfully un-registered JMX Bean with object name Ratis:service=RaftServer,group=group-C6F7FEEEE428,id=9a3e098b-d23a-435e-81b9-d52adff52c28
2021-01-01 14:16:54,455 [Command processor thread] INFO  impl.RoleInfo (RoleInfo.java:shutdownFollowerState(108)) - 9a3e098b-d23a-435e-81b9-d52adff52c28: shutdown 9a3e098b-d23a-435e-81b9-d52adff52c28@group-C6F7FEEEE428-FollowerState
2021-01-01 14:16:54,455 [Command processor thread] INFO  impl.StateMachineUpdater (StateMachineUpdater.java:stopAndJoin(148)) - 9a3e098b-d23a-435e-81b9-d52adff52c28@group-C6F7FEEEE428-StateMachineUpdater: set stopIndex = 35
2021-01-01 14:16:54,455 [Thread-5781] INFO  impl.FollowerState (FollowerState.java:run(142)) - 9a3e098b-d23a-435e-81b9-d52adff52c28@group-C6F7FEEEE428-FollowerState was interrupted: {}
java.lang.InterruptedException: sleep interrupted
	at java.lang.Thread.sleep(Native Method)
	at java.lang.Thread.sleep(Thread.java:340)
	at java.util.concurrent.TimeUnit.sleep(TimeUnit.java:386)
	at org.apache.ratis.util.TimeDuration.sleep(TimeDuration.java:319)
	at org.apache.ratis.util.TimeDuration.sleep(TimeDuration.java:304)
	at org.apache.ratis.server.impl.FollowerState.run(FollowerState.java:117)
2021-01-01 14:16:54,456 [Command processor thread] INFO  metrics.RatisMetrics (RatisMetrics.java:unregister(43)) - Unregistering Metrics Registry : ratis.log_appender.f4f30912-ea27-4eb3-bee5-ae3f82ef3ad0@group-C6F7FEEEE428
2021-01-01 14:16:54,456 [Command processor thread] INFO  metrics.RatisMetrics (RatisMetrics.java:unregister(43)) - Unregistering Metrics Registry : ratis.server.f4f30912-ea27-4eb3-bee5-ae3f82ef3ad0@group-C6F7FEEEE428
2021-01-01 14:16:54,461 [grpc-default-executor-2] INFO  server.GrpcLogAppender (GrpcLogAppender.java:onCompleted(343)) - f4f30912-ea27-4eb3-bee5-ae3f82ef3ad0@group-C6F7FEEEE428->7cefa8e9-48e2-4714-becf-e2fa99455696-AppendLogResponseHandler: follower responses appendEntries COMPLETED
2021-01-01 14:16:54,461 [grpc-default-executor-2] INFO  leader.FollowerInfo (FollowerInfoImpl.java:lambda$new$0(46)) - f4f30912-ea27-4eb3-bee5-ae3f82ef3ad0@group-C6F7FEEEE428->7cefa8e9-48e2-4714-becf-e2fa99455696: nextIndex: updateUnconditionally 36 -> 35
2021-01-01 14:16:54,461 [grpc-default-executor-2] INFO  server.GrpcLogAppender (GrpcLogAppender.java:onCompleted(343)) - f4f30912-ea27-4eb3-bee5-ae3f82ef3ad0@group-C6F7FEEEE428->9a3e098b-d23a-435e-81b9-d52adff52c28-AppendLogResponseHandler: follower responses appendEntries COMPLETED
2021-01-01 14:16:54,461 [grpc-default-executor-2] INFO  leader.FollowerInfo (FollowerInfoImpl.java:lambda$new$0(46)) - f4f30912-ea27-4eb3-bee5-ae3f82ef3ad0@group-C6F7FEEEE428->9a3e098b-d23a-435e-81b9-d52adff52c28: nextIndex: updateUnconditionally 36 -> 35
2021-01-01 14:16:54,461 [9a3e098b-d23a-435e-81b9-d52adff52c28@group-C6F7FEEEE428-StateMachineUpdater] INFO  ratis.ContainerStateMachine (ContainerStateMachine.java:takeSnapshot(291)) - group-C6F7FEEEE428: Taking a snapshot at:(t:1, i:35) file /github/workspace/mnt/ozone/hadoop-ozone/integration-test/target/test-dir/MiniOzoneClusterImpl-cb490d7e-6ed4-4e2b-831b-323004451de6/datanode-1/data/ratis/e2c3b8d5-ffff-4969-b3cc-c6f7feeee428/sm/snapshot.1_35
2021-01-01 14:16:54,462 [Command processor thread] INFO  impl.StateMachineUpdater (StateMachineUpdater.java:stopAndJoin(148)) - f4f30912-ea27-4eb3-bee5-ae3f82ef3ad0@group-C6F7FEEEE428-StateMachineUpdater: set stopIndex = 35
2021-01-01 14:16:54,463 [f4f30912-ea27-4eb3-bee5-ae3f82ef3ad0@group-C6F7FEEEE428-StateMachineUpdater] INFO  ratis.ContainerStateMachine (ContainerStateMachine.java:takeSnapshot(291)) - group-C6F7FEEEE428: Taking a snapshot at:(t:1, i:35) file /github/workspace/mnt/ozone/hadoop-ozone/integration-test/target/test-dir/MiniOzoneClusterImpl-cb490d7e-6ed4-4e2b-831b-323004451de6/datanode-2/data/ratis/e2c3b8d5-ffff-4969-b3cc-c6f7feeee428/sm/snapshot.1_35
2021-01-01 14:16:54,463 [9a3e098b-d23a-435e-81b9-d52adff52c28@group-C6F7FEEEE428-StateMachineUpdater] INFO  ratis.ContainerStateMachine (ContainerStateMachine.java:takeSnapshot(302)) - group-C6F7FEEEE428: Finished taking a snapshot at:(t:1, i:35) file:/github/workspace/mnt/ozone/hadoop-ozone/integration-test/target/test-dir/MiniOzoneClusterImpl-cb490d7e-6ed4-4e2b-831b-323004451de6/datanode-1/data/ratis/e2c3b8d5-ffff-4969-b3cc-c6f7feeee428/sm/snapshot.1_35 time:1
2021-01-01 14:16:54,463 [9a3e098b-d23a-435e-81b9-d52adff52c28@group-C6F7FEEEE428-StateMachineUpdater] INFO  impl.StateMachineUpdater (StateMachineUpdater.java:takeSnapshot(279)) - 9a3e098b-d23a-435e-81b9-d52adff52c28@group-C6F7FEEEE428-StateMachineUpdater: Took a snapshot at index 35
2021-01-01 14:16:54,463 [9a3e098b-d23a-435e-81b9-d52adff52c28@group-C6F7FEEEE428-StateMachineUpdater] INFO  impl.StateMachineUpdater (StateMachineUpdater.java:lambda$new$0(88)) - 9a3e098b-d23a-435e-81b9-d52adff52c28@group-C6F7FEEEE428-StateMachineUpdater: snapshotIndex: updateIncreasingly -1 -> 35
2021-01-01 14:16:54,463 [f4f30912-ea27-4eb3-bee5-ae3f82ef3ad0@group-C6F7FEEEE428-StateMachineUpdater] INFO  ratis.ContainerStateMachine (ContainerStateMachine.java:takeSnapshot(302)) - group-C6F7FEEEE428: Finished taking a snapshot at:(t:1, i:35) file:/github/workspace/mnt/ozone/hadoop-ozone/integration-test/target/test-dir/MiniOzoneClusterImpl-cb490d7e-6ed4-4e2b-831b-323004451de6/datanode-2/data/ratis/e2c3b8d5-ffff-4969-b3cc-c6f7feeee428/sm/snapshot.1_35 time:1
2021-01-01 14:16:54,463 [f4f30912-ea27-4eb3-bee5-ae3f82ef3ad0@group-C6F7FEEEE428-StateMachineUpdater] INFO  impl.StateMachineUpdater (StateMachineUpdater.java:takeSnapshot(279)) - f4f30912-ea27-4eb3-bee5-ae3f82ef3ad0@group-C6F7FEEEE428-StateMachineUpdater: Took a snapshot at index 35
2021-01-01 14:16:54,463 [f4f30912-ea27-4eb3-bee5-ae3f82ef3ad0@group-C6F7FEEEE428-StateMachineUpdater] INFO  impl.StateMachineUpdater (StateMachineUpdater.java:lambda$new$0(88)) - f4f30912-ea27-4eb3-bee5-ae3f82ef3ad0@group-C6F7FEEEE428-StateMachineUpdater: snapshotIndex: updateIncreasingly -1 -> 35
2021-01-01 14:16:54,463 [9a3e098b-d23a-435e-81b9-d52adff52c28@group-C6F7FEEEE428-StateMachineUpdater] INFO  metrics.RatisMetrics (RatisMetrics.java:unregister(43)) - Unregistering Metrics Registry : ratis.state_machine.9a3e098b-d23a-435e-81b9-d52adff52c28@group-C6F7FEEEE428
2021-01-01 14:16:54,463 [f4f30912-ea27-4eb3-bee5-ae3f82ef3ad0@group-C6F7FEEEE428-StateMachineUpdater] INFO  metrics.RatisMetrics (RatisMetrics.java:unregister(43)) - Unregistering Metrics Registry : ratis.state_machine.f4f30912-ea27-4eb3-bee5-ae3f82ef3ad0@group-C6F7FEEEE428
2021-01-01 14:16:54,464 [Command processor thread] INFO  server.RaftServer$Division (ServerState.java:close(406)) - 9a3e098b-d23a-435e-81b9-d52adff52c28@group-C6F7FEEEE428: closes. applyIndex: 35
2021-01-01 14:16:54,464 [9a3e098b-d23a-435e-81b9-d52adff52c28@group-C6F7FEEEE428-SegmentedRaftLogWorker] INFO  segmented.SegmentedRaftLogWorker (SegmentedRaftLogWorker.java:run(326)) - 9a3e098b-d23a-435e-81b9-d52adff52c28@group-C6F7FEEEE428-SegmentedRaftLogWorker was interrupted, exiting. There are 0 tasks remaining in the queue.
2021-01-01 14:16:54,464 [Command processor thread] INFO  segmented.SegmentedRaftLogWorker (SegmentedRaftLogWorker.java:close(236)) - 9a3e098b-d23a-435e-81b9-d52adff52c28@group-C6F7FEEEE428-SegmentedRaftLogWorker close()
2021-01-01 14:16:54,464 [Command processor thread] INFO  metrics.RatisMetrics (RatisMetrics.java:unregister(43)) - Unregistering Metrics Registry : ratis.log_worker.9a3e098b-d23a-435e-81b9-d52adff52c28@group-C6F7FEEEE428
2021-01-01 14:16:54,465 [Command processor thread] INFO  metrics.RatisMetrics (RatisMetrics.java:unregister(43)) - Unregistering Metrics Registry : ratis.leader_election.9a3e098b-d23a-435e-81b9-d52adff52c28@group-C6F7FEEEE428
2021-01-01 14:16:54,465 [Command processor thread] INFO  metrics.RatisMetrics (RatisMetrics.java:unregister(43)) - Unregistering Metrics Registry : ratis.server.9a3e098b-d23a-435e-81b9-d52adff52c28@group-C6F7FEEEE428
2021-01-01 14:16:54,467 [Command processor thread] INFO  keyvalue.KeyValueContainer (KeyValueContainer.java:flushAndSyncDB(388)) - Container 1 is synced with bcsId 33.
2021-01-01 14:16:54,467 [Command processor thread] INFO  keyvalue.KeyValueContainer (KeyValueContainer.java:flushAndSyncDB(388)) - Container 1 is synced with bcsId 33.
2021-01-01 14:16:54,468 [EventQueue-IncrementalContainerReportForIncrementalContainerReportHandler] INFO  container.IncrementalContainerReportHandler (AbstractContainerReportHandler.java:updateContainerState(208)) - Moving container #1 to QUASI_CLOSED state, datanode 9a3e098b-d23a-435e-81b9-d52adff52c28{ip: 172.17.0.2, host: 722537d36201, networkLocation: /default-rack, certSerialId: null, persistedOpState: ENTERING_MAINTENANCE, persistedOpStateExpiryEpochSec: 0} reported QUASI_CLOSED replica.
2021-01-01 14:16:54,468 [Command processor thread] INFO  server.RaftServer$Division (ServerState.java:close(406)) - f4f30912-ea27-4eb3-bee5-ae3f82ef3ad0@group-C6F7FEEEE428: closes. applyIndex: 35
2021-01-01 14:16:54,469 [f4f30912-ea27-4eb3-bee5-ae3f82ef3ad0@group-C6F7FEEEE428-SegmentedRaftLogWorker] INFO  segmented.SegmentedRaftLogWorker (SegmentedRaftLogWorker.java:run(326)) - f4f30912-ea27-4eb3-bee5-ae3f82ef3ad0@group-C6F7FEEEE428-SegmentedRaftLogWorker was interrupted, exiting. There are 0 tasks remaining in the queue.
2021-01-01 14:16:54,469 [Command processor thread] INFO  segmented.SegmentedRaftLogWorker (SegmentedRaftLogWorker.java:close(236)) - f4f30912-ea27-4eb3-bee5-ae3f82ef3ad0@group-C6F7FEEEE428-SegmentedRaftLogWorker close()
2021-01-01 14:16:54,471 [Command processor thread] INFO  keyvalue.KeyValueContainer (KeyValueContainer.java:flushAndSyncDB(388)) - Container 3 is synced with bcsId 29.
2021-01-01 14:16:54,471 [Command processor thread] INFO  keyvalue.KeyValueContainer (KeyValueContainer.java:flushAndSyncDB(388)) - Container 3 is synced with bcsId 29.
2021-01-01 14:16:54,472 [Command processor thread] INFO  server.RaftServer$Division (RaftServerImpl.java:groupRemove(367)) - 9a3e098b-d23a-435e-81b9-d52adff52c28@group-C6F7FEEEE428: Succeed to remove RaftStorageDirectory Storage Directory /github/workspace/mnt/ozone/hadoop-ozone/integration-test/target/test-dir/MiniOzoneClusterImpl-cb490d7e-6ed4-4e2b-831b-323004451de6/datanode-1/data/ratis/e2c3b8d5-ffff-4969-b3cc-c6f7feeee428
2021-01-01 14:16:54,473 [EventQueue-IncrementalContainerReportForIncrementalContainerReportHandler] INFO  container.IncrementalContainerReportHandler (AbstractContainerReportHandler.java:updateContainerState(208)) - Moving container #3 to QUASI_CLOSED state, datanode 9a3e098b-d23a-435e-81b9-d52adff52c28{ip: 172.17.0.2, host: 722537d36201, networkLocation: /default-rack, certSerialId: null, persistedOpState: ENTERING_MAINTENANCE, persistedOpStateExpiryEpochSec: 0} reported QUASI_CLOSED replica.
2021-01-01 14:16:54,473 [Command processor thread] INFO  commandhandler.ClosePipelineCommandHandler (ClosePipelineCommandHandler.java:handle(75)) - Close Pipeline PipelineID=e2c3b8d5-ffff-4969-b3cc-c6f7feeee428 command on datanode 9a3e098b-d23a-435e-81b9-d52adff52c28.
2021-01-01 14:16:54,473 [Command processor thread] INFO  server.RaftServer (RaftServerProxy.java:remove(104)) - 9a3e098b-d23a-435e-81b9-d52adff52c28: remove    LEADER 9a3e098b-d23a-435e-81b9-d52adff52c28@group-B00951B4EFFB:t1, leader=9a3e098b-d23a-435e-81b9-d52adff52c28, voted=9a3e098b-d23a-435e-81b9-d52adff52c28, raftlog=9a3e098b-d23a-435e-81b9-d52adff52c28@group-B00951B4EFFB-SegmentedRaftLog:OPENED:c0,f0,i0, conf=0: [9a3e098b-d23a-435e-81b9-d52adff52c28|rpc:172.17.0.2:32929|dataStream:], old=null RUNNING
2021-01-01 14:16:54,473 [Command processor thread] INFO  server.RaftServer$Division (RaftServerImpl.java:lambda$close$4(397)) - 9a3e098b-d23a-435e-81b9-d52adff52c28@group-B00951B4EFFB: shutdown
2021-01-01 14:16:54,473 [Command processor thread] INFO  util.JmxRegister (JmxRegister.java:unregister(73)) - Successfully un-registered JMX Bean with object name Ratis:service=RaftServer,group=group-B00951B4EFFB,id=9a3e098b-d23a-435e-81b9-d52adff52c28
2021-01-01 14:16:54,473 [Command processor thread] INFO  impl.RoleInfo (RoleInfo.java:shutdownLeaderState(91)) - 9a3e098b-d23a-435e-81b9-d52adff52c28: shutdown 9a3e098b-d23a-435e-81b9-d52adff52c28@group-B00951B4EFFB-LeaderStateImpl
2021-01-01 14:16:54,473 [Command processor thread] INFO  metrics.RatisMetrics (RatisMetrics.java:unregister(43)) - Unregistering Metrics Registry : ratis.log_worker.f4f30912-ea27-4eb3-bee5-ae3f82ef3ad0@group-C6F7FEEEE428
2021-01-01 14:16:54,474 [Command processor thread] INFO  impl.PendingRequests (PendingRequests.java:sendNotLeaderResponses(249)) - 9a3e098b-d23a-435e-81b9-d52adff52c28@group-B00951B4EFFB-PendingRequests: sendNotLeaderResponses
2021-01-01 14:16:54,474 [Command processor thread] INFO  metrics.RatisMetrics (RatisMetrics.java:unregister(43)) - Unregistering Metrics Registry : ratis.leader_election.f4f30912-ea27-4eb3-bee5-ae3f82ef3ad0@group-C6F7FEEEE428
2021-01-01 14:16:54,474 [Command processor thread] INFO  metrics.RatisMetrics (RatisMetrics.java:unregister(43)) - Unregistering Metrics Registry : ratis.log_appender.9a3e098b-d23a-435e-81b9-d52adff52c28@group-B00951B4EFFB
2021-01-01 14:16:54,474 [Command processor thread] INFO  metrics.RatisMetrics (RatisMetrics.java:unregister(43)) - Unregistering Metrics Registry : ratis.server.f4f30912-ea27-4eb3-bee5-ae3f82ef3ad0@group-C6F7FEEEE428
2021-01-01 14:16:54,474 [Command processor thread] INFO  metrics.RatisMetrics (RatisMetrics.java:unregister(43)) - Unregistering Metrics Registry : ratis.server.9a3e098b-d23a-435e-81b9-d52adff52c28@group-B00951B4EFFB
2021-01-01 14:16:54,475 [Command processor thread] INFO  impl.StateMachineUpdater (StateMachineUpdater.java:stopAndJoin(148)) - 9a3e098b-d23a-435e-81b9-d52adff52c28@group-B00951B4EFFB-StateMachineUpdater: set stopIndex = 0
2021-01-01 14:16:54,475 [9a3e098b-d23a-435e-81b9-d52adff52c28@group-B00951B4EFFB-StateMachineUpdater] INFO  ratis.ContainerStateMachine (ContainerStateMachine.java:takeSnapshot(291)) - group-B00951B4EFFB: Taking a snapshot at:(t:1, i:0) file /github/workspace/mnt/ozone/hadoop-ozone/integration-test/target/test-dir/MiniOzoneClusterImpl-cb490d7e-6ed4-4e2b-831b-323004451de6/datanode-1/data/ratis/0d6e2dbd-a087-40ca-9707-b00951b4effb/sm/snapshot.1_0
2021-01-01 14:16:54,476 [9a3e098b-d23a-435e-81b9-d52adff52c28@group-B00951B4EFFB-StateMachineUpdater] INFO  ratis.ContainerStateMachine (ContainerStateMachine.java:takeSnapshot(302)) - group-B00951B4EFFB: Finished taking a snapshot at:(t:1, i:0) file:/github/workspace/mnt/ozone/hadoop-ozone/integration-test/target/test-dir/MiniOzoneClusterImpl-cb490d7e-6ed4-4e2b-831b-323004451de6/datanode-1/data/ratis/0d6e2dbd-a087-40ca-9707-b00951b4effb/sm/snapshot.1_0 time:0
2021-01-01 14:16:54,476 [9a3e098b-d23a-435e-81b9-d52adff52c28@group-B00951B4EFFB-StateMachineUpdater] INFO  impl.StateMachineUpdater (StateMachineUpdater.java:takeSnapshot(279)) - 9a3e098b-d23a-435e-81b9-d52adff52c28@group-B00951B4EFFB-StateMachineUpdater: Took a snapshot at index 0
2021-01-01 14:16:54,476 [9a3e098b-d23a-435e-81b9-d52adff52c28@group-B00951B4EFFB-StateMachineUpdater] INFO  impl.StateMachineUpdater (StateMachineUpdater.java:lambda$new$0(88)) - 9a3e098b-d23a-435e-81b9-d52adff52c28@group-B00951B4EFFB-StateMachineUpdater: snapshotIndex: updateIncreasingly -1 -> 0
2021-01-01 14:16:54,476 [9a3e098b-d23a-435e-81b9-d52adff52c28@group-B00951B4EFFB-StateMachineUpdater] INFO  metrics.RatisMetrics (RatisMetrics.java:unregister(43)) - Unregistering Metrics Registry : ratis.state_machine.9a3e098b-d23a-435e-81b9-d52adff52c28@group-B00951B4EFFB
2021-01-01 14:16:54,476 [Command processor thread] INFO  server.RaftServer$Division (ServerState.java:close(406)) - 9a3e098b-d23a-435e-81b9-d52adff52c28@group-B00951B4EFFB: closes. applyIndex: 0
2021-01-01 14:16:54,476 [9a3e098b-d23a-435e-81b9-d52adff52c28@group-B00951B4EFFB-SegmentedRaftLogWorker] INFO  segmented.SegmentedRaftLogWorker (SegmentedRaftLogWorker.java:run(326)) - 9a3e098b-d23a-435e-81b9-d52adff52c28@group-B00951B4EFFB-SegmentedRaftLogWorker was interrupted, exiting. There are 0 tasks remaining in the queue.
2021-01-01 14:16:54,476 [Command processor thread] INFO  segmented.SegmentedRaftLogWorker (SegmentedRaftLogWorker.java:close(236)) - 9a3e098b-d23a-435e-81b9-d52adff52c28@group-B00951B4EFFB-SegmentedRaftLogWorker close()
2021-01-01 14:16:54,477 [Command processor thread] INFO  keyvalue.KeyValueContainer (KeyValueContainer.java:flushAndSyncDB(388)) - Container 1 is synced with bcsId 33.
2021-01-01 14:16:54,477 [Command processor thread] INFO  keyvalue.KeyValueContainer (KeyValueContainer.java:flushAndSyncDB(388)) - Container 1 is synced with bcsId 33.
2021-01-01 14:16:54,477 [Command processor thread] INFO  metrics.RatisMetrics (RatisMetrics.java:unregister(43)) - Unregistering Metrics Registry : ratis.log_worker.9a3e098b-d23a-435e-81b9-d52adff52c28@group-B00951B4EFFB
2021-01-01 14:16:54,477 [Command processor thread] INFO  metrics.RatisMetrics (RatisMetrics.java:unregister(43)) - Unregistering Metrics Registry : ratis.leader_election.9a3e098b-d23a-435e-81b9-d52adff52c28@group-B00951B4EFFB
2021-01-01 14:16:54,477 [Command processor thread] INFO  metrics.RatisMetrics (RatisMetrics.java:unregister(43)) - Unregistering Metrics Registry : ratis.server.9a3e098b-d23a-435e-81b9-d52adff52c28@group-B00951B4EFFB
2021-01-01 14:16:54,478 [Command processor thread] INFO  server.RaftServer$Division (RaftServerImpl.java:groupRemove(367)) - 9a3e098b-d23a-435e-81b9-d52adff52c28@group-B00951B4EFFB: Succeed to remove RaftStorageDirectory Storage Directory /github/workspace/mnt/ozone/hadoop-ozone/integration-test/target/test-dir/MiniOzoneClusterImpl-cb490d7e-6ed4-4e2b-831b-323004451de6/datanode-1/data/ratis/0d6e2dbd-a087-40ca-9707-b00951b4effb
2021-01-01 14:16:54,478 [Command processor thread] INFO  commandhandler.ClosePipelineCommandHandler (ClosePipelineCommandHandler.java:handle(75)) - Close Pipeline PipelineID=0d6e2dbd-a087-40ca-9707-b00951b4effb command on datanode 9a3e098b-d23a-435e-81b9-d52adff52c28.
2021-01-01 14:16:54,479 [Command processor thread] WARN  server.RaftServer (RaftServerProxy.java:remove(99)) - 9a3e098b-d23a-435e-81b9-d52adff52c28: does not contain group: group-C6F7FEEEE428
2021-01-01 14:16:54,479 [Command processor thread] ERROR commandhandler.ClosePipelineCommandHandler (ClosePipelineCommandHandler.java:handle(78)) - Can't close pipeline PipelineID=e2c3b8d5-ffff-4969-b3cc-c6f7feeee428
java.io.IOException: 9a3e098b-d23a-435e-81b9-d52adff52c28: Group group-C6F7FEEEE428 not found.
	at org.apache.hadoop.ozone.container.common.transport.server.ratis.XceiverServerRatis.removeGroup(XceiverServerRatis.java:782)
	at org.apache.hadoop.ozone.container.common.statemachine.commandhandler.ClosePipelineCommandHandler.handle(ClosePipelineCommandHandler.java:74)
	at org.apache.hadoop.ozone.container.common.statemachine.commandhandler.CommandDispatcher.handle(CommandDispatcher.java:99)
	at org.apache.hadoop.ozone.container.common.statemachine.DatanodeStateMachine.lambda$initCommandHandlerThread$2(DatanodeStateMachine.java:498)
	at java.lang.Thread.run(Thread.java:748)
Caused by: org.apache.ratis.protocol.exceptions.GroupMismatchException: 9a3e098b-d23a-435e-81b9-d52adff52c28: Group group-C6F7FEEEE428 not found.
	at org.apache.ratis.server.impl.RaftServerProxy.groupRemoveAsync(RaftServerProxy.java:494)
	at org.apache.ratis.server.impl.RaftServerProxy.groupManagementAsync(RaftServerProxy.java:450)
	at org.apache.ratis.server.impl.RaftServerProxy.groupManagement(RaftServerProxy.java:430)
	at org.apache.hadoop.ozone.container.common.transport.server.ratis.XceiverServerRatis.removeGroup(XceiverServerRatis.java:780)
	... 4 more
2021-01-01 14:16:54,488 [Command processor thread] WARN  server.RaftServer (RaftServerProxy.java:remove(99)) - 9a3e098b-d23a-435e-81b9-d52adff52c28: does not contain group: group-B00951B4EFFB
2021-01-01 14:16:54,480 [Command processor thread] INFO  keyvalue.KeyValueContainer (KeyValueContainer.java:flushAndSyncDB(388)) - Container 3 is synced with bcsId 29.
2021-01-01 14:16:54,488 [Command processor thread] ERROR commandhandler.ClosePipelineCommandHandler (ClosePipelineCommandHandler.java:handle(78)) - Can't close pipeline PipelineID=0d6e2dbd-a087-40ca-9707-b00951b4effb
java.io.IOException: 9a3e098b-d23a-435e-81b9-d52adff52c28: Group group-B00951B4EFFB not found.
	at org.apache.hadoop.ozone.container.common.transport.server.ratis.XceiverServerRatis.removeGroup(XceiverServerRatis.java:782)
	at org.apache.hadoop.ozone.container.common.statemachine.commandhandler.ClosePipelineCommandHandler.handle(ClosePipelineCommandHandler.java:74)
	at org.apache.hadoop.ozone.container.common.statemachine.commandhandler.CommandDispatcher.handle(CommandDispatcher.java:99)
	at org.apache.hadoop.ozone.container.common.statemachine.DatanodeStateMachine.lambda$initCommandHandlerThread$2(DatanodeStateMachine.java:498)
	at java.lang.Thread.run(Thread.java:748)
Caused by: org.apache.ratis.protocol.exceptions.GroupMismatchException: 9a3e098b-d23a-435e-81b9-d52adff52c28: Group group-B00951B4EFFB not found.
	at org.apache.ratis.server.impl.RaftServerProxy.groupRemoveAsync(RaftServerProxy.java:494)
	at org.apache.ratis.server.impl.RaftServerProxy.groupManagementAsync(RaftServerProxy.java:450)
	at org.apache.ratis.server.impl.RaftServerProxy.groupManagement(RaftServerProxy.java:430)
	at org.apache.hadoop.ozone.container.common.transport.server.ratis.XceiverServerRatis.removeGroup(XceiverServerRatis.java:780)
	... 4 more
2021-01-01 14:16:54,488 [Command processor thread] WARN  server.RaftServer (RaftServerProxy.java:remove(99)) - 9a3e098b-d23a-435e-81b9-d52adff52c28: does not contain group: group-C6F7FEEEE428
2021-01-01 14:16:54,488 [Command processor thread] INFO  keyvalue.KeyValueContainer (KeyValueContainer.java:flushAndSyncDB(388)) - Container 3 is synced with bcsId 29.
2021-01-01 14:16:54,488 [Command processor thread] ERROR commandhandler.ClosePipelineCommandHandler (ClosePipelineCommandHandler.java:handle(78)) - Can't close pipeline PipelineID=e2c3b8d5-ffff-4969-b3cc-c6f7feeee428
java.io.IOException: 9a3e098b-d23a-435e-81b9-d52adff52c28: Group group-C6F7FEEEE428 not found.
	at org.apache.hadoop.ozone.container.common.transport.server.ratis.XceiverServerRatis.removeGroup(XceiverServerRatis.java:782)
	at org.apache.hadoop.ozone.container.common.statemachine.commandhandler.ClosePipelineCommandHandler.handle(ClosePipelineCommandHandler.java:74)
	at org.apache.hadoop.ozone.container.common.statemachine.commandhandler.CommandDispatcher.handle(CommandDispatcher.java:99)
	at org.apache.hadoop.ozone.container.common.statemachine.DatanodeStateMachine.lambda$initCommandHandlerThread$2(DatanodeStateMachine.java:498)
	at java.lang.Thread.run(Thread.java:748)
Caused by: org.apache.ratis.protocol.exceptions.GroupMismatchException: 9a3e098b-d23a-435e-81b9-d52adff52c28: Group group-C6F7FEEEE428 not found.
	at org.apache.ratis.server.impl.RaftServerProxy.groupRemoveAsync(RaftServerProxy.java:494)
	at org.apache.ratis.server.impl.RaftServerProxy.groupManagementAsync(RaftServerProxy.java:450)
	at org.apache.ratis.server.impl.RaftServerProxy.groupManagement(RaftServerProxy.java:430)
	at org.apache.hadoop.ozone.container.common.transport.server.ratis.XceiverServerRatis.removeGroup(XceiverServerRatis.java:780)
	... 4 more
2021-01-01 14:16:54,488 [Command processor thread] WARN  server.RaftServer (RaftServerProxy.java:remove(99)) - 9a3e098b-d23a-435e-81b9-d52adff52c28: does not contain group: group-B00951B4EFFB
2021-01-01 14:16:54,488 [Command processor thread] ERROR commandhandler.ClosePipelineCommandHandler (ClosePipelineCommandHandler.java:handle(78)) - Can't close pipeline PipelineID=0d6e2dbd-a087-40ca-9707-b00951b4effb
java.io.IOException: 9a3e098b-d23a-435e-81b9-d52adff52c28: Group group-B00951B4EFFB not found.
	at org.apache.hadoop.ozone.container.common.transport.server.ratis.XceiverServerRatis.removeGroup(XceiverServerRatis.java:782)
	at org.apache.hadoop.ozone.container.common.statemachine.commandhandler.ClosePipelineCommandHandler.handle(ClosePipelineCommandHandler.java:74)
	at org.apache.hadoop.ozone.container.common.statemachine.commandhandler.CommandDispatcher.handle(CommandDispatcher.java:99)
	at org.apache.hadoop.ozone.container.common.statemachine.DatanodeStateMachine.lambda$initCommandHandlerThread$2(DatanodeStateMachine.java:498)
	at java.lang.Thread.run(Thread.java:748)
Caused by: org.apache.ratis.protocol.exceptions.GroupMismatchException: 9a3e098b-d23a-435e-81b9-d52adff52c28: Group group-B00951B4EFFB not found.
	at org.apache.ratis.server.impl.RaftServerProxy.groupRemoveAsync(RaftServerProxy.java:494)
	at org.apache.ratis.server.impl.RaftServerProxy.groupManagementAsync(RaftServerProxy.java:450)
	at org.apache.ratis.server.impl.RaftServerProxy.groupManagement(RaftServerProxy.java:430)
	at org.apache.hadoop.ozone.container.common.transport.server.ratis.XceiverServerRatis.removeGroup(XceiverServerRatis.java:780)
	... 4 more
2021-01-01 14:16:54,488 [Command processor thread] WARN  server.RaftServer (RaftServerProxy.java:remove(99)) - 9a3e098b-d23a-435e-81b9-d52adff52c28: does not contain group: group-C6F7FEEEE428
2021-01-01 14:16:54,488 [Command processor thread] ERROR commandhandler.ClosePipelineCommandHandler (ClosePipelineCommandHandler.java:handle(78)) - Can't close pipeline PipelineID=e2c3b8d5-ffff-4969-b3cc-c6f7feeee428
java.io.IOException: 9a3e098b-d23a-435e-81b9-d52adff52c28: Group group-C6F7FEEEE428 not found.
	at org.apache.hadoop.ozone.container.common.transport.server.ratis.XceiverServerRatis.removeGroup(XceiverServerRatis.java:782)
	at org.apache.hadoop.ozone.container.common.statemachine.commandhandler.ClosePipelineCommandHandler.handle(ClosePipelineCommandHandler.java:74)
	at org.apache.hadoop.ozone.container.common.statemachine.commandhandler.CommandDispatcher.handle(CommandDispatcher.java:99)
	at org.apache.hadoop.ozone.container.common.statemachine.DatanodeStateMachine.lambda$initCommandHandlerThread$2(DatanodeStateMachine.java:498)
	at java.lang.Thread.run(Thread.java:748)
Caused by: org.apache.ratis.protocol.exceptions.GroupMismatchException: 9a3e098b-d23a-435e-81b9-d52adff52c28: Group group-C6F7FEEEE428 not found.
	at org.apache.ratis.server.impl.RaftServerProxy.groupRemoveAsync(RaftServerProxy.java:494)
	at org.apache.ratis.server.impl.RaftServerProxy.groupManagementAsync(RaftServerProxy.java:450)
	at org.apache.ratis.server.impl.RaftServerProxy.groupManagement(RaftServerProxy.java:430)
	at org.apache.hadoop.ozone.container.common.transport.server.ratis.XceiverServerRatis.removeGroup(XceiverServerRatis.java:780)
	... 4 more
2021-01-01 14:16:54,488 [Command processor thread] WARN  server.RaftServer (RaftServerProxy.java:remove(99)) - 9a3e098b-d23a-435e-81b9-d52adff52c28: does not contain group: group-B00951B4EFFB
2021-01-01 14:16:54,488 [Command processor thread] ERROR commandhandler.ClosePipelineCommandHandler (ClosePipelineCommandHandler.java:handle(78)) - Can't close pipeline PipelineID=0d6e2dbd-a087-40ca-9707-b00951b4effb
java.io.IOException: 9a3e098b-d23a-435e-81b9-d52adff52c28: Group group-B00951B4EFFB not found.
	at org.apache.hadoop.ozone.container.common.transport.server.ratis.XceiverServerRatis.removeGroup(XceiverServerRatis.java:782)
	at org.apache.hadoop.ozone.container.common.statemachine.commandhandler.ClosePipelineCommandHandler.handle(ClosePipelineCommandHandler.java:74)
	at org.apache.hadoop.ozone.container.common.statemachine.commandhandler.CommandDispatcher.handle(CommandDispatcher.java:99)
	at org.apache.hadoop.ozone.container.common.statemachine.DatanodeStateMachine.lambda$initCommandHandlerThread$2(DatanodeStateMachine.java:498)
	at java.lang.Thread.run(Thread.java:748)
Caused by: org.apache.ratis.protocol.exceptions.GroupMismatchException: 9a3e098b-d23a-435e-81b9-d52adff52c28: Group group-B00951B4EFFB not found.
	at org.apache.ratis.server.impl.RaftServerProxy.groupRemoveAsync(RaftServerProxy.java:494)
	at org.apache.ratis.server.impl.RaftServerProxy.groupManagementAsync(RaftServerProxy.java:450)
	at org.apache.ratis.server.impl.RaftServerProxy.groupManagement(RaftServerProxy.java:430)
	at org.apache.hadoop.ozone.container.common.transport.server.ratis.XceiverServerRatis.removeGroup(XceiverServerRatis.java:780)
	... 4 more
2021-01-01 14:16:54,488 [Command processor thread] WARN  server.RaftServer (RaftServerProxy.java:remove(99)) - 9a3e098b-d23a-435e-81b9-d52adff52c28: does not contain group: group-C6F7FEEEE428
2021-01-01 14:16:54,489 [Command processor thread] ERROR commandhandler.ClosePipelineCommandHandler (ClosePipelineCommandHandler.java:handle(78)) - Can't close pipeline PipelineID=e2c3b8d5-ffff-4969-b3cc-c6f7feeee428
java.io.IOException: 9a3e098b-d23a-435e-81b9-d52adff52c28: Group group-C6F7FEEEE428 not found.
	at org.apache.hadoop.ozone.container.common.transport.server.ratis.XceiverServerRatis.removeGroup(XceiverServerRatis.java:782)
	at org.apache.hadoop.ozone.container.common.statemachine.commandhandler.ClosePipelineCommandHandler.handle(ClosePipelineCommandHandler.java:74)
	at org.apache.hadoop.ozone.container.common.statemachine.commandhandler.CommandDispatcher.handle(CommandDispatcher.java:99)
	at org.apache.hadoop.ozone.container.common.statemachine.DatanodeStateMachine.lambda$initCommandHandlerThread$2(DatanodeStateMachine.java:498)
	at java.lang.Thread.run(Thread.java:748)
Caused by: org.apache.ratis.protocol.exceptions.GroupMismatchException: 9a3e098b-d23a-435e-81b9-d52adff52c28: Group group-C6F7FEEEE428 not found.
	at org.apache.ratis.server.impl.RaftServerProxy.groupRemoveAsync(RaftServerProxy.java:494)
	at org.apache.ratis.server.impl.RaftServerProxy.groupManagementAsync(RaftServerProxy.java:450)
	at org.apache.ratis.server.impl.RaftServerProxy.groupManagement(RaftServerProxy.java:430)
	at org.apache.hadoop.ozone.container.common.transport.server.ratis.XceiverServerRatis.removeGroup(XceiverServerRatis.java:780)
	... 4 more
2021-01-01 14:16:54,489 [Command processor thread] WARN  server.RaftServer (RaftServerProxy.java:remove(99)) - 9a3e098b-d23a-435e-81b9-d52adff52c28: does not contain group: group-B00951B4EFFB
2021-01-01 14:16:54,489 [Command processor thread] ERROR commandhandler.ClosePipelineCommandHandler (ClosePipelineCommandHandler.java:handle(78)) - Can't close pipeline PipelineID=0d6e2dbd-a087-40ca-9707-b00951b4effb
java.io.IOException: 9a3e098b-d23a-435e-81b9-d52adff52c28: Group group-B00951B4EFFB not found.
	at org.apache.hadoop.ozone.container.common.transport.server.ratis.XceiverServerRatis.removeGroup(XceiverServerRatis.java:782)
	at org.apache.hadoop.ozone.container.common.statemachine.commandhandler.ClosePipelineCommandHandler.handle(ClosePipelineCommandHandler.java:74)
	at org.apache.hadoop.ozone.container.common.statemachine.commandhandler.CommandDispatcher.handle(CommandDispatcher.java:99)
	at org.apache.hadoop.ozone.container.common.statemachine.DatanodeStateMachine.lambda$initCommandHandlerThread$2(DatanodeStateMachine.java:498)
	at java.lang.Thread.run(Thread.java:748)
Caused by: org.apache.ratis.protocol.exceptions.GroupMismatchException: 9a3e098b-d23a-435e-81b9-d52adff52c28: Group group-B00951B4EFFB not found.
	at org.apache.ratis.server.impl.RaftServerProxy.groupRemoveAsync(RaftServerProxy.java:494)
	at org.apache.ratis.server.impl.RaftServerProxy.groupManagementAsync(RaftServerProxy.java:450)
	at org.apache.ratis.server.impl.RaftServerProxy.groupManagement(RaftServerProxy.java:430)
	at org.apache.hadoop.ozone.container.common.transport.server.ratis.XceiverServerRatis.removeGroup(XceiverServerRatis.java:780)
	... 4 more
2021-01-01 14:16:54,489 [Command processor thread] WARN  server.RaftServer (RaftServerProxy.java:remove(99)) - 9a3e098b-d23a-435e-81b9-d52adff52c28: does not contain group: group-C6F7FEEEE428
2021-01-01 14:16:54,489 [Command processor thread] ERROR commandhandler.ClosePipelineCommandHandler (ClosePipelineCommandHandler.java:handle(78)) - Can't close pipeline PipelineID=e2c3b8d5-ffff-4969-b3cc-c6f7feeee428
java.io.IOException: 9a3e098b-d23a-435e-81b9-d52adff52c28: Group group-C6F7FEEEE428 not found.
	at org.apache.hadoop.ozone.container.common.transport.server.ratis.XceiverServerRatis.removeGroup(XceiverServerRatis.java:782)
	at org.apache.hadoop.ozone.container.common.statemachine.commandhandler.ClosePipelineCommandHandler.handle(ClosePipelineCommandHandler.java:74)
	at org.apache.hadoop.ozone.container.common.statemachine.commandhandler.CommandDispatcher.handle(CommandDispatcher.java:99)
	at org.apache.hadoop.ozone.container.common.statemachine.DatanodeStateMachine.lambda$initCommandHandlerThread$2(DatanodeStateMachine.java:498)
	at java.lang.Thread.run(Thread.java:748)
Caused by: org.apache.ratis.protocol.exceptions.GroupMismatchException: 9a3e098b-d23a-435e-81b9-d52adff52c28: Group group-C6F7FEEEE428 not found.
	at org.apache.ratis.server.impl.RaftServerProxy.groupRemoveAsync(RaftServerProxy.java:494)
	at org.apache.ratis.server.impl.RaftServerProxy.groupManagementAsync(RaftServerProxy.java:450)
	at org.apache.ratis.server.impl.RaftServerProxy.groupManagement(RaftServerProxy.java:430)
	at org.apache.hadoop.ozone.container.common.transport.server.ratis.XceiverServerRatis.removeGroup(XceiverServerRatis.java:780)
	... 4 more
2021-01-01 14:16:54,489 [Command processor thread] WARN  server.RaftServer (RaftServerProxy.java:remove(99)) - 9a3e098b-d23a-435e-81b9-d52adff52c28: does not contain group: group-B00951B4EFFB
2021-01-01 14:16:54,489 [Command processor thread] ERROR commandhandler.ClosePipelineCommandHandler (ClosePipelineCommandHandler.java:handle(78)) - Can't close pipeline PipelineID=0d6e2dbd-a087-40ca-9707-b00951b4effb
java.io.IOException: 9a3e098b-d23a-435e-81b9-d52adff52c28: Group group-B00951B4EFFB not found.
	at org.apache.hadoop.ozone.container.common.transport.server.ratis.XceiverServerRatis.removeGroup(XceiverServerRatis.java:782)
	at org.apache.hadoop.ozone.container.common.statemachine.commandhandler.ClosePipelineCommandHandler.handle(ClosePipelineCommandHandler.java:74)
	at org.apache.hadoop.ozone.container.common.statemachine.commandhandler.CommandDispatcher.handle(CommandDispatcher.java:99)
	at org.apache.hadoop.ozone.container.common.statemachine.DatanodeStateMachine.lambda$initCommandHandlerThread$2(DatanodeStateMachine.java:498)
	at java.lang.Thread.run(Thread.java:748)
Caused by: org.apache.ratis.protocol.exceptions.GroupMismatchException: 9a3e098b-d23a-435e-81b9-d52adff52c28: Group group-B00951B4EFFB not found.
	at org.apache.ratis.server.impl.RaftServerProxy.groupRemoveAsync(RaftServerProxy.java:494)
	at org.apache.ratis.server.impl.RaftServerProxy.groupManagementAsync(RaftServerProxy.java:450)
	at org.apache.ratis.server.impl.RaftServerProxy.groupManagement(RaftServerProxy.java:430)
	at org.apache.hadoop.ozone.container.common.transport.server.ratis.XceiverServerRatis.removeGroup(XceiverServerRatis.java:780)
	... 4 more
2021-01-01 14:16:54,491 [Command processor thread] INFO  server.RaftServer$Division (RaftServerImpl.java:groupRemove(367)) - f4f30912-ea27-4eb3-bee5-ae3f82ef3ad0@group-C6F7FEEEE428: Succeed to remove RaftStorageDirectory Storage Directory /github/workspace/mnt/ozone/hadoop-ozone/integration-test/target/test-dir/MiniOzoneClusterImpl-cb490d7e-6ed4-4e2b-831b-323004451de6/datanode-2/data/ratis/e2c3b8d5-ffff-4969-b3cc-c6f7feeee428
2021-01-01 14:16:54,491 [Command processor thread] INFO  commandhandler.ClosePipelineCommandHandler (ClosePipelineCommandHandler.java:handle(75)) - Close Pipeline PipelineID=e2c3b8d5-ffff-4969-b3cc-c6f7feeee428 command on datanode f4f30912-ea27-4eb3-bee5-ae3f82ef3ad0.
2021-01-01 14:16:54,491 [Command processor thread] INFO  server.RaftServer (RaftServerProxy.java:remove(104)) - f4f30912-ea27-4eb3-bee5-ae3f82ef3ad0: remove    LEADER f4f30912-ea27-4eb3-bee5-ae3f82ef3ad0@group-3971C98EF519:t1, leader=f4f30912-ea27-4eb3-bee5-ae3f82ef3ad0, voted=f4f30912-ea27-4eb3-bee5-ae3f82ef3ad0, raftlog=f4f30912-ea27-4eb3-bee5-ae3f82ef3ad0@group-3971C98EF519-SegmentedRaftLog:OPENED:c0,f0,i0, conf=0: [f4f30912-ea27-4eb3-bee5-ae3f82ef3ad0|rpc:172.17.0.2:45771|dataStream:], old=null RUNNING
2021-01-01 14:16:54,491 [Command processor thread] INFO  server.RaftServer$Division (RaftServerImpl.java:lambda$close$4(397)) - f4f30912-ea27-4eb3-bee5-ae3f82ef3ad0@group-3971C98EF519: shutdown
2021-01-01 14:16:54,491 [Command processor thread] INFO  util.JmxRegister (JmxRegister.java:unregister(73)) - Successfully un-registered JMX Bean with object name Ratis:service=RaftServer,group=group-3971C98EF519,id=f4f30912-ea27-4eb3-bee5-ae3f82ef3ad0
2021-01-01 14:16:54,491 [Command processor thread] INFO  impl.RoleInfo (RoleInfo.java:shutdownLeaderState(91)) - f4f30912-ea27-4eb3-bee5-ae3f82ef3ad0: shutdown f4f30912-ea27-4eb3-bee5-ae3f82ef3ad0@group-3971C98EF519-LeaderStateImpl
2021-01-01 14:16:54,491 [Command processor thread] INFO  impl.PendingRequests (PendingRequests.java:sendNotLeaderResponses(249)) - f4f30912-ea27-4eb3-bee5-ae3f82ef3ad0@group-3971C98EF519-PendingRequests: sendNotLeaderResponses
2021-01-01 14:16:54,491 [Command processor thread] INFO  metrics.RatisMetrics (RatisMetrics.java:unregister(43)) - Unregistering Metrics Registry : ratis.log_appender.f4f30912-ea27-4eb3-bee5-ae3f82ef3ad0@group-3971C98EF519
2021-01-01 14:16:54,492 [Command processor thread] INFO  metrics.RatisMetrics (RatisMetrics.java:unregister(43)) - Unregistering Metrics Registry : ratis.server.f4f30912-ea27-4eb3-bee5-ae3f82ef3ad0@group-3971C98EF519
2021-01-01 14:16:54,493 [f4f30912-ea27-4eb3-bee5-ae3f82ef3ad0@group-3971C98EF519-StateMachineUpdater] INFO  ratis.ContainerStateMachine (ContainerStateMachine.java:takeSnapshot(291)) - group-3971C98EF519: Taking a snapshot at:(t:1, i:0) file /github/workspace/mnt/ozone/hadoop-ozone/integration-test/target/test-dir/MiniOzoneClusterImpl-cb490d7e-6ed4-4e2b-831b-323004451de6/datanode-2/data/ratis/4fd7d95b-80b3-4c80-9895-3971c98ef519/sm/snapshot.1_0
2021-01-01 14:16:54,493 [Command processor thread] INFO  impl.StateMachineUpdater (StateMachineUpdater.java:stopAndJoin(148)) - f4f30912-ea27-4eb3-bee5-ae3f82ef3ad0@group-3971C98EF519-StateMachineUpdater: set stopIndex = 0
2021-01-01 14:16:54,493 [f4f30912-ea27-4eb3-bee5-ae3f82ef3ad0@group-3971C98EF519-StateMachineUpdater] INFO  ratis.ContainerStateMachine (ContainerStateMachine.java:takeSnapshot(302)) - group-3971C98EF519: Finished taking a snapshot at:(t:1, i:0) file:/github/workspace/mnt/ozone/hadoop-ozone/integration-test/target/test-dir/MiniOzoneClusterImpl-cb490d7e-6ed4-4e2b-831b-323004451de6/datanode-2/data/ratis/4fd7d95b-80b3-4c80-9895-3971c98ef519/sm/snapshot.1_0 time:1
2021-01-01 14:16:54,494 [f4f30912-ea27-4eb3-bee5-ae3f82ef3ad0@group-3971C98EF519-StateMachineUpdater] INFO  impl.StateMachineUpdater (StateMachineUpdater.java:takeSnapshot(279)) - f4f30912-ea27-4eb3-bee5-ae3f82ef3ad0@group-3971C98EF519-StateMachineUpdater: Took a snapshot at index 0
2021-01-01 14:16:54,494 [f4f30912-ea27-4eb3-bee5-ae3f82ef3ad0@group-3971C98EF519-StateMachineUpdater] INFO  impl.StateMachineUpdater (StateMachineUpdater.java:lambda$new$0(88)) - f4f30912-ea27-4eb3-bee5-ae3f82ef3ad0@group-3971C98EF519-StateMachineUpdater: snapshotIndex: updateIncreasingly -1 -> 0
2021-01-01 14:16:54,494 [f4f30912-ea27-4eb3-bee5-ae3f82ef3ad0@group-3971C98EF519-StateMachineUpdater] INFO  metrics.RatisMetrics (RatisMetrics.java:unregister(43)) - Unregistering Metrics Registry : ratis.state_machine.f4f30912-ea27-4eb3-bee5-ae3f82ef3ad0@group-3971C98EF519
2021-01-01 14:16:54,494 [Command processor thread] INFO  server.RaftServer$Division (ServerState.java:close(406)) - f4f30912-ea27-4eb3-bee5-ae3f82ef3ad0@group-3971C98EF519: closes. applyIndex: 0
2021-01-01 14:16:54,494 [f4f30912-ea27-4eb3-bee5-ae3f82ef3ad0@group-3971C98EF519-SegmentedRaftLogWorker] INFO  segmented.SegmentedRaftLogWorker (SegmentedRaftLogWorker.java:run(326)) - f4f30912-ea27-4eb3-bee5-ae3f82ef3ad0@group-3971C98EF519-SegmentedRaftLogWorker was interrupted, exiting. There are 0 tasks remaining in the queue.
2021-01-01 14:16:54,494 [Command processor thread] INFO  segmented.SegmentedRaftLogWorker (SegmentedRaftLogWorker.java:close(236)) - f4f30912-ea27-4eb3-bee5-ae3f82ef3ad0@group-3971C98EF519-SegmentedRaftLogWorker close()
2021-01-01 14:16:54,495 [Command processor thread] INFO  metrics.RatisMetrics (RatisMetrics.java:unregister(43)) - Unregistering Metrics Registry : ratis.log_worker.f4f30912-ea27-4eb3-bee5-ae3f82ef3ad0@group-3971C98EF519
2021-01-01 14:16:54,495 [Command processor thread] INFO  metrics.RatisMetrics (RatisMetrics.java:unregister(43)) - Unregistering Metrics Registry : ratis.leader_election.f4f30912-ea27-4eb3-bee5-ae3f82ef3ad0@group-3971C98EF519
2021-01-01 14:16:54,495 [Command processor thread] INFO  metrics.RatisMetrics (RatisMetrics.java:unregister(43)) - Unregistering Metrics Registry : ratis.server.f4f30912-ea27-4eb3-bee5-ae3f82ef3ad0@group-3971C98EF519
2021-01-01 14:16:54,495 [Command processor thread] INFO  server.RaftServer$Division (RaftServerImpl.java:groupRemove(367)) - f4f30912-ea27-4eb3-bee5-ae3f82ef3ad0@group-3971C98EF519: Succeed to remove RaftStorageDirectory Storage Directory /github/workspace/mnt/ozone/hadoop-ozone/integration-test/target/test-dir/MiniOzoneClusterImpl-cb490d7e-6ed4-4e2b-831b-323004451de6/datanode-2/data/ratis/4fd7d95b-80b3-4c80-9895-3971c98ef519
2021-01-01 14:16:54,496 [Command processor thread] INFO  commandhandler.ClosePipelineCommandHandler (ClosePipelineCommandHandler.java:handle(75)) - Close Pipeline PipelineID=4fd7d95b-80b3-4c80-9895-3971c98ef519 command on datanode f4f30912-ea27-4eb3-bee5-ae3f82ef3ad0.
2021-01-01 14:16:54,496 [Command processor thread] WARN  server.RaftServer (RaftServerProxy.java:remove(99)) - f4f30912-ea27-4eb3-bee5-ae3f82ef3ad0: does not contain group: group-3971C98EF519
2021-01-01 14:16:54,496 [Command processor thread] ERROR commandhandler.ClosePipelineCommandHandler (ClosePipelineCommandHandler.java:handle(78)) - Can't close pipeline PipelineID=4fd7d95b-80b3-4c80-9895-3971c98ef519
java.io.IOException: f4f30912-ea27-4eb3-bee5-ae3f82ef3ad0: Group group-3971C98EF519 not found.
	at org.apache.hadoop.ozone.container.common.transport.server.ratis.XceiverServerRatis.removeGroup(XceiverServerRatis.java:782)
	at org.apache.hadoop.ozone.container.common.statemachine.commandhandler.ClosePipelineCommandHandler.handle(ClosePipelineCommandHandler.java:74)
	at org.apache.hadoop.ozone.container.common.statemachine.commandhandler.CommandDispatcher.handle(CommandDispatcher.java:99)
	at org.apache.hadoop.ozone.container.common.statemachine.DatanodeStateMachine.lambda$initCommandHandlerThread$2(DatanodeStateMachine.java:498)
	at java.lang.Thread.run(Thread.java:748)
Caused by: org.apache.ratis.protocol.exceptions.GroupMismatchException: f4f30912-ea27-4eb3-bee5-ae3f82ef3ad0: Group group-3971C98EF519 not found.
	at org.apache.ratis.server.impl.RaftServerProxy.groupRemoveAsync(RaftServerProxy.java:494)
	at org.apache.ratis.server.impl.RaftServerProxy.groupManagementAsync(RaftServerProxy.java:450)
	at org.apache.ratis.server.impl.RaftServerProxy.groupManagement(RaftServerProxy.java:430)
	at org.apache.hadoop.ozone.container.common.transport.server.ratis.XceiverServerRatis.removeGroup(XceiverServerRatis.java:780)
	... 4 more
2021-01-01 14:16:54,496 [Command processor thread] WARN  server.RaftServer (RaftServerProxy.java:remove(99)) - f4f30912-ea27-4eb3-bee5-ae3f82ef3ad0: does not contain group: group-C6F7FEEEE428
2021-01-01 14:16:54,496 [Command processor thread] ERROR commandhandler.ClosePipelineCommandHandler (ClosePipelineCommandHandler.java:handle(78)) - Can't close pipeline PipelineID=e2c3b8d5-ffff-4969-b3cc-c6f7feeee428
java.io.IOException: f4f30912-ea27-4eb3-bee5-ae3f82ef3ad0: Group group-C6F7FEEEE428 not found.
	at org.apache.hadoop.ozone.container.common.transport.server.ratis.XceiverServerRatis.removeGroup(XceiverServerRatis.java:782)
	at org.apache.hadoop.ozone.container.common.statemachine.commandhandler.ClosePipelineCommandHandler.handle(ClosePipelineCommandHandler.java:74)
	at org.apache.hadoop.ozone.container.common.statemachine.commandhandler.CommandDispatcher.handle(CommandDispatcher.java:99)
	at org.apache.hadoop.ozone.container.common.statemachine.DatanodeStateMachine.lambda$initCommandHandlerThread$2(DatanodeStateMachine.java:498)
	at java.lang.Thread.run(Thread.java:748)
Caused by: org.apache.ratis.protocol.exceptions.GroupMismatchException: f4f30912-ea27-4eb3-bee5-ae3f82ef3ad0: Group group-C6F7FEEEE428 not found.
	at org.apache.ratis.server.impl.RaftServerProxy.groupRemoveAsync(RaftServerProxy.java:494)
	at org.apache.ratis.server.impl.RaftServerProxy.groupManagementAsync(RaftServerProxy.java:450)
	at org.apache.ratis.server.impl.RaftServerProxy.groupManagement(RaftServerProxy.java:430)
	at org.apache.hadoop.ozone.container.common.transport.server.ratis.XceiverServerRatis.removeGroup(XceiverServerRatis.java:780)
	... 4 more
2021-01-01 14:16:54,496 [Command processor thread] WARN  server.RaftServer (RaftServerProxy.java:remove(99)) - f4f30912-ea27-4eb3-bee5-ae3f82ef3ad0: does not contain group: group-3971C98EF519
2021-01-01 14:16:54,496 [Command processor thread] ERROR commandhandler.ClosePipelineCommandHandler (ClosePipelineCommandHandler.java:handle(78)) - Can't close pipeline PipelineID=4fd7d95b-80b3-4c80-9895-3971c98ef519
java.io.IOException: f4f30912-ea27-4eb3-bee5-ae3f82ef3ad0: Group group-3971C98EF519 not found.
	at org.apache.hadoop.ozone.container.common.transport.server.ratis.XceiverServerRatis.removeGroup(XceiverServerRatis.java:782)
	at org.apache.hadoop.ozone.container.common.statemachine.commandhandler.ClosePipelineCommandHandler.handle(ClosePipelineCommandHandler.java:74)
	at org.apache.hadoop.ozone.container.common.statemachine.commandhandler.CommandDispatcher.handle(CommandDispatcher.java:99)
	at org.apache.hadoop.ozone.container.common.statemachine.DatanodeStateMachine.lambda$initCommandHandlerThread$2(DatanodeStateMachine.java:498)
	at java.lang.Thread.run(Thread.java:748)
Caused by: org.apache.ratis.protocol.exceptions.GroupMismatchException: f4f30912-ea27-4eb3-bee5-ae3f82ef3ad0: Group group-3971C98EF519 not found.
	at org.apache.ratis.server.impl.RaftServerProxy.groupRemoveAsync(RaftServerProxy.java:494)
	at org.apache.ratis.server.impl.RaftServerProxy.groupManagementAsync(RaftServerProxy.java:450)
	at org.apache.ratis.server.impl.RaftServerProxy.groupManagement(RaftServerProxy.java:430)
	at org.apache.hadoop.ozone.container.common.transport.server.ratis.XceiverServerRatis.removeGroup(XceiverServerRatis.java:780)
	... 4 more
2021-01-01 14:16:54,497 [Command processor thread] WARN  server.RaftServer (RaftServerProxy.java:remove(99)) - f4f30912-ea27-4eb3-bee5-ae3f82ef3ad0: does not contain group: group-C6F7FEEEE428
2021-01-01 14:16:54,497 [Command processor thread] ERROR commandhandler.ClosePipelineCommandHandler (ClosePipelineCommandHandler.java:handle(78)) - Can't close pipeline PipelineID=e2c3b8d5-ffff-4969-b3cc-c6f7feeee428
java.io.IOException: f4f30912-ea27-4eb3-bee5-ae3f82ef3ad0: Group group-C6F7FEEEE428 not found.
	at org.apache.hadoop.ozone.container.common.transport.server.ratis.XceiverServerRatis.removeGroup(XceiverServerRatis.java:782)
	at org.apache.hadoop.ozone.container.common.statemachine.commandhandler.ClosePipelineCommandHandler.handle(ClosePipelineCommandHandler.java:74)
	at org.apache.hadoop.ozone.container.common.statemachine.commandhandler.CommandDispatcher.handle(CommandDispatcher.java:99)
	at org.apache.hadoop.ozone.container.common.statemachine.DatanodeStateMachine.lambda$initCommandHandlerThread$2(DatanodeStateMachine.java:498)
	at java.lang.Thread.run(Thread.java:748)
Caused by: org.apache.ratis.protocol.exceptions.GroupMismatchException: f4f30912-ea27-4eb3-bee5-ae3f82ef3ad0: Group group-C6F7FEEEE428 not found.
	at org.apache.ratis.server.impl.RaftServerProxy.groupRemoveAsync(RaftServerProxy.java:494)
	at org.apache.ratis.server.impl.RaftServerProxy.groupManagementAsync(RaftServerProxy.java:450)
	at org.apache.ratis.server.impl.RaftServerProxy.groupManagement(RaftServerProxy.java:430)
	at org.apache.hadoop.ozone.container.common.transport.server.ratis.XceiverServerRatis.removeGroup(XceiverServerRatis.java:780)
	... 4 more
2021-01-01 14:16:54,497 [Command processor thread] WARN  server.RaftServer (RaftServerProxy.java:remove(99)) - f4f30912-ea27-4eb3-bee5-ae3f82ef3ad0: does not contain group: group-3971C98EF519
2021-01-01 14:16:54,497 [Command processor thread] ERROR commandhandler.ClosePipelineCommandHandler (ClosePipelineCommandHandler.java:handle(78)) - Can't close pipeline PipelineID=4fd7d95b-80b3-4c80-9895-3971c98ef519
java.io.IOException: f4f30912-ea27-4eb3-bee5-ae3f82ef3ad0: Group group-3971C98EF519 not found.
	at org.apache.hadoop.ozone.container.common.transport.server.ratis.XceiverServerRatis.removeGroup(XceiverServerRatis.java:782)
	at org.apache.hadoop.ozone.container.common.statemachine.commandhandler.ClosePipelineCommandHandler.handle(ClosePipelineCommandHandler.java:74)
	at org.apache.hadoop.ozone.container.common.statemachine.commandhandler.CommandDispatcher.handle(CommandDispatcher.java:99)
	at org.apache.hadoop.ozone.container.common.statemachine.DatanodeStateMachine.lambda$initCommandHandlerThread$2(DatanodeStateMachine.java:498)
	at java.lang.Thread.run(Thread.java:748)
Caused by: org.apache.ratis.protocol.exceptions.GroupMismatchException: f4f30912-ea27-4eb3-bee5-ae3f82ef3ad0: Group group-3971C98EF519 not found.
	at org.apache.ratis.server.impl.RaftServerProxy.groupRemoveAsync(RaftServerProxy.java:494)
	at org.apache.ratis.server.impl.RaftServerProxy.groupManagementAsync(RaftServerProxy.java:450)
	at org.apache.ratis.server.impl.RaftServerProxy.groupManagement(RaftServerProxy.java:430)
	at org.apache.hadoop.ozone.container.common.transport.server.ratis.XceiverServerRatis.removeGroup(XceiverServerRatis.java:780)
	... 4 more
2021-01-01 14:16:54,497 [Command processor thread] WARN  server.RaftServer (RaftServerProxy.java:remove(99)) - f4f30912-ea27-4eb3-bee5-ae3f82ef3ad0: does not contain group: group-C6F7FEEEE428
2021-01-01 14:16:54,497 [Command processor thread] ERROR commandhandler.ClosePipelineCommandHandler (ClosePipelineCommandHandler.java:handle(78)) - Can't close pipeline PipelineID=e2c3b8d5-ffff-4969-b3cc-c6f7feeee428
java.io.IOException: f4f30912-ea27-4eb3-bee5-ae3f82ef3ad0: Group group-C6F7FEEEE428 not found.
	at org.apache.hadoop.ozone.container.common.transport.server.ratis.XceiverServerRatis.removeGroup(XceiverServerRatis.java:782)
	at org.apache.hadoop.ozone.container.common.statemachine.commandhandler.ClosePipelineCommandHandler.handle(ClosePipelineCommandHandler.java:74)
	at org.apache.hadoop.ozone.container.common.statemachine.commandhandler.CommandDispatcher.handle(CommandDispatcher.java:99)
	at org.apache.hadoop.ozone.container.common.statemachine.DatanodeStateMachine.lambda$initCommandHandlerThread$2(DatanodeStateMachine.java:498)
	at java.lang.Thread.run(Thread.java:748)
Caused by: org.apache.ratis.protocol.exceptions.GroupMismatchException: f4f30912-ea27-4eb3-bee5-ae3f82ef3ad0: Group group-C6F7FEEEE428 not found.
	at org.apache.ratis.server.impl.RaftServerProxy.groupRemoveAsync(RaftServerProxy.java:494)
	at org.apache.ratis.server.impl.RaftServerProxy.groupManagementAsync(RaftServerProxy.java:450)
	at org.apache.ratis.server.impl.RaftServerProxy.groupManagement(RaftServerProxy.java:430)
	at org.apache.hadoop.ozone.container.common.transport.server.ratis.XceiverServerRatis.removeGroup(XceiverServerRatis.java:780)
	... 4 more
2021-01-01 14:16:54,497 [Command processor thread] WARN  server.RaftServer (RaftServerProxy.java:remove(99)) - f4f30912-ea27-4eb3-bee5-ae3f82ef3ad0: does not contain group: group-3971C98EF519
2021-01-01 14:16:54,497 [Command processor thread] ERROR commandhandler.ClosePipelineCommandHandler (ClosePipelineCommandHandler.java:handle(78)) - Can't close pipeline PipelineID=4fd7d95b-80b3-4c80-9895-3971c98ef519
java.io.IOException: f4f30912-ea27-4eb3-bee5-ae3f82ef3ad0: Group group-3971C98EF519 not found.
	at org.apache.hadoop.ozone.container.common.transport.server.ratis.XceiverServerRatis.removeGroup(XceiverServerRatis.java:782)
	at org.apache.hadoop.ozone.container.common.statemachine.commandhandler.ClosePipelineCommandHandler.handle(ClosePipelineCommandHandler.java:74)
	at org.apache.hadoop.ozone.container.common.statemachine.commandhandler.CommandDispatcher.handle(CommandDispatcher.java:99)
	at org.apache.hadoop.ozone.container.common.statemachine.DatanodeStateMachine.lambda$initCommandHandlerThread$2(DatanodeStateMachine.java:498)
	at java.lang.Thread.run(Thread.java:748)
Caused by: org.apache.ratis.protocol.exceptions.GroupMismatchException: f4f30912-ea27-4eb3-bee5-ae3f82ef3ad0: Group group-3971C98EF519 not found.
	at org.apache.ratis.server.impl.RaftServerProxy.groupRemoveAsync(RaftServerProxy.java:494)
	at org.apache.ratis.server.impl.RaftServerProxy.groupManagementAsync(RaftServerProxy.java:450)
	at org.apache.ratis.server.impl.RaftServerProxy.groupManagement(RaftServerProxy.java:430)
	at org.apache.hadoop.ozone.container.common.transport.server.ratis.XceiverServerRatis.removeGroup(XceiverServerRatis.java:780)
	... 4 more
2021-01-01 14:16:54,497 [Command processor thread] WARN  server.RaftServer (RaftServerProxy.java:remove(99)) - f4f30912-ea27-4eb3-bee5-ae3f82ef3ad0: does not contain group: group-C6F7FEEEE428
2021-01-01 14:16:54,497 [Command processor thread] ERROR commandhandler.ClosePipelineCommandHandler (ClosePipelineCommandHandler.java:handle(78)) - Can't close pipeline PipelineID=e2c3b8d5-ffff-4969-b3cc-c6f7feeee428
java.io.IOException: f4f30912-ea27-4eb3-bee5-ae3f82ef3ad0: Group group-C6F7FEEEE428 not found.
	at org.apache.hadoop.ozone.container.common.transport.server.ratis.XceiverServerRatis.removeGroup(XceiverServerRatis.java:782)
	at org.apache.hadoop.ozone.container.common.statemachine.commandhandler.ClosePipelineCommandHandler.handle(ClosePipelineCommandHandler.java:74)
	at org.apache.hadoop.ozone.container.common.statemachine.commandhandler.CommandDispatcher.handle(CommandDispatcher.java:99)
	at org.apache.hadoop.ozone.container.common.statemachine.DatanodeStateMachine.lambda$initCommandHandlerThread$2(DatanodeStateMachine.java:498)
	at java.lang.Thread.run(Thread.java:748)
Caused by: org.apache.ratis.protocol.exceptions.GroupMismatchException: f4f30912-ea27-4eb3-bee5-ae3f82ef3ad0: Group group-C6F7FEEEE428 not found.
	at org.apache.ratis.server.impl.RaftServerProxy.groupRemoveAsync(RaftServerProxy.java:494)
	at org.apache.ratis.server.impl.RaftServerProxy.groupManagementAsync(RaftServerProxy.java:450)
	at org.apache.ratis.server.impl.RaftServerProxy.groupManagement(RaftServerProxy.java:430)
	at org.apache.hadoop.ozone.container.common.transport.server.ratis.XceiverServerRatis.removeGroup(XceiverServerRatis.java:780)
	... 4 more
2021-01-01 14:16:54,497 [Command processor thread] WARN  server.RaftServer (RaftServerProxy.java:remove(99)) - f4f30912-ea27-4eb3-bee5-ae3f82ef3ad0: does not contain group: group-3971C98EF519
2021-01-01 14:16:54,498 [Command processor thread] ERROR commandhandler.ClosePipelineCommandHandler (ClosePipelineCommandHandler.java:handle(78)) - Can't close pipeline PipelineID=4fd7d95b-80b3-4c80-9895-3971c98ef519
java.io.IOException: f4f30912-ea27-4eb3-bee5-ae3f82ef3ad0: Group group-3971C98EF519 not found.
	at org.apache.hadoop.ozone.container.common.transport.server.ratis.XceiverServerRatis.removeGroup(XceiverServerRatis.java:782)
	at org.apache.hadoop.ozone.container.common.statemachine.commandhandler.ClosePipelineCommandHandler.handle(ClosePipelineCommandHandler.java:74)
	at org.apache.hadoop.ozone.container.common.statemachine.commandhandler.CommandDispatcher.handle(CommandDispatcher.java:99)
	at org.apache.hadoop.ozone.container.common.statemachine.DatanodeStateMachine.lambda$initCommandHandlerThread$2(DatanodeStateMachine.java:498)
	at java.lang.Thread.run(Thread.java:748)
Caused by: org.apache.ratis.protocol.exceptions.GroupMismatchException: f4f30912-ea27-4eb3-bee5-ae3f82ef3ad0: Group group-3971C98EF519 not found.
	at org.apache.ratis.server.impl.RaftServerProxy.groupRemoveAsync(RaftServerProxy.java:494)
	at org.apache.ratis.server.impl.RaftServerProxy.groupManagementAsync(RaftServerProxy.java:450)
	at org.apache.ratis.server.impl.RaftServerProxy.groupManagement(RaftServerProxy.java:430)
	at org.apache.hadoop.ozone.container.common.transport.server.ratis.XceiverServerRatis.removeGroup(XceiverServerRatis.java:780)
	... 4 more
2021-01-01 14:16:54,498 [Command processor thread] WARN  server.RaftServer (RaftServerProxy.java:remove(99)) - f4f30912-ea27-4eb3-bee5-ae3f82ef3ad0: does not contain group: group-C6F7FEEEE428
2021-01-01 14:16:54,498 [Command processor thread] ERROR commandhandler.ClosePipelineCommandHandler (ClosePipelineCommandHandler.java:handle(78)) - Can't close pipeline PipelineID=e2c3b8d5-ffff-4969-b3cc-c6f7feeee428
java.io.IOException: f4f30912-ea27-4eb3-bee5-ae3f82ef3ad0: Group group-C6F7FEEEE428 not found.
	at org.apache.hadoop.ozone.container.common.transport.server.ratis.XceiverServerRatis.removeGroup(XceiverServerRatis.java:782)
	at org.apache.hadoop.ozone.container.common.statemachine.commandhandler.ClosePipelineCommandHandler.handle(ClosePipelineCommandHandler.java:74)
	at org.apache.hadoop.ozone.container.common.statemachine.commandhandler.CommandDispatcher.handle(CommandDispatcher.java:99)
	at org.apache.hadoop.ozone.container.common.statemachine.DatanodeStateMachine.lambda$initCommandHandlerThread$2(DatanodeStateMachine.java:498)
	at java.lang.Thread.run(Thread.java:748)
Caused by: org.apache.ratis.protocol.exceptions.GroupMismatchException: f4f30912-ea27-4eb3-bee5-ae3f82ef3ad0: Group group-C6F7FEEEE428 not found.
	at org.apache.ratis.server.impl.RaftServerProxy.groupRemoveAsync(RaftServerProxy.java:494)
	at org.apache.ratis.server.impl.RaftServerProxy.groupManagementAsync(RaftServerProxy.java:450)
	at org.apache.ratis.server.impl.RaftServerProxy.groupManagement(RaftServerProxy.java:430)
	at org.apache.hadoop.ozone.container.common.transport.server.ratis.XceiverServerRatis.removeGroup(XceiverServerRatis.java:780)
	... 4 more
2021-01-01 14:16:54,526 [Listener at 127.0.0.1/44197] INFO  server.StorageContainerManager (StorageContainerManager.java:stop(832)) - Stopping Replication Manager Service.
2021-01-01 14:16:54,526 [Listener at 127.0.0.1/44197] INFO  container.ReplicationManager (ReplicationManager.java:stop(234)) - Replication Monitor Thread is not running.
2021-01-01 14:16:54,526 [Listener at 127.0.0.1/44197] INFO  server.StorageContainerManager (StorageContainerManager.java:stop(839)) - Stopping the Datanode Admin Monitor.
2021-01-01 14:16:54,527 [Listener at 127.0.0.1/44197] INFO  server.StorageContainerManager (StorageContainerManager.java:stop(846)) - Stopping Lease Manager of the command watchers
2021-01-01 14:16:54,527 [Listener at 127.0.0.1/44197] INFO  server.StorageContainerManager (StorageContainerManager.java:stop(853)) - Stopping datanode service RPC server
2021-01-01 14:16:54,527 [Listener at 127.0.0.1/44197] INFO  server.SCMDatanodeProtocolServer (SCMDatanodeProtocolServer.java:stop(369)) - Stopping the RPC server for DataNodes
2021-01-01 14:16:54,527 [Listener at 127.0.0.1/44197] INFO  ipc.Server (Server.java:stop(3359)) - Stopping server on 35419
2021-01-01 14:16:54,529 [IPC Server listener on 0] INFO  ipc.Server (Server.java:run(1330)) - Stopping IPC Server listener on 0
2021-01-01 14:16:54,530 [IPC Server Responder] INFO  ipc.Server (Server.java:run(1465)) - Stopping IPC Server Responder
2021-01-01 14:16:54,561 [SCM Heartbeat Processing Thread - 0] WARN  node.NodeStateManager (NodeStateManager.java:scheduleNextHealthCheck(688)) - Current Thread is interrupted, shutting down HB processing thread for Node Manager.
2021-01-01 14:16:54,561 [Listener at 127.0.0.1/44197] INFO  server.StorageContainerManager (StorageContainerManager.java:stop(861)) - Stopping block service RPC server
2021-01-01 14:16:54,561 [Listener at 127.0.0.1/44197] INFO  server.SCMBlockProtocolServer (SCMBlockProtocolServer.java:stop(159)) - Stopping the RPC server for Block Protocol
2021-01-01 14:16:54,561 [Listener at 127.0.0.1/44197] INFO  ipc.Server (Server.java:stop(3359)) - Stopping server on 44377
2021-01-01 14:16:54,563 [IPC Server listener on 0] INFO  ipc.Server (Server.java:run(1330)) - Stopping IPC Server listener on 0
2021-01-01 14:16:54,564 [IPC Server Responder] INFO  ipc.Server (Server.java:run(1465)) - Stopping IPC Server Responder
2021-01-01 14:16:54,566 [Listener at 127.0.0.1/44197] INFO  server.StorageContainerManager (StorageContainerManager.java:stop(868)) - Stopping the StorageContainerLocationProtocol RPC server
2021-01-01 14:16:54,566 [Listener at 127.0.0.1/44197] INFO  server.SCMClientProtocolServer (SCMClientProtocolServer.java:stop(168)) - Stopping the RPC server for Client Protocol
2021-01-01 14:16:54,566 [Listener at 127.0.0.1/44197] INFO  ipc.Server (Server.java:stop(3359)) - Stopping server on 41791
2021-01-01 14:16:54,568 [IPC Server listener on 0] INFO  ipc.Server (Server.java:run(1330)) - Stopping IPC Server listener on 0
2021-01-01 14:16:54,569 [Listener at 127.0.0.1/44197] INFO  server.StorageContainerManager (StorageContainerManager.java:stop(875)) - Stopping Storage Container Manager HTTP server.
2021-01-01 14:16:54,569 [IPC Server Responder] INFO  ipc.Server (Server.java:run(1465)) - Stopping IPC Server Responder
2021-01-01 14:16:54,569 [Listener at 127.0.0.1/44197] INFO  handler.ContextHandler (ContextHandler.java:doStop(1154)) - Stopped o.e.j.w.WebAppContext@d88f81c{scm,/,null,STOPPED}{file:/github/workspace/mnt/ozone/hadoop-ozone/integration-test/target/test-classes/webapps/scm}
2021-01-01 14:16:54,570 [Listener at 127.0.0.1/44197] INFO  server.AbstractConnector (AbstractConnector.java:doStop(381)) - Stopped ServerConnector@12bd68bb{HTTP/1.1, (http/1.1)}{0.0.0.0:0}
2021-01-01 14:16:54,570 [Listener at 127.0.0.1/44197] INFO  server.session (HouseKeeper.java:stopScavenging(149)) - node0 Stopped scavenging
2021-01-01 14:16:54,570 [Listener at 127.0.0.1/44197] INFO  handler.ContextHandler (ContextHandler.java:doStop(1154)) - Stopped o.e.j.s.ServletContextHandler@27d48912{static,/static,file:///github/workspace/mnt/ozone/hadoop-ozone/integration-test/target/test-classes/webapps/static,STOPPED}
2021-01-01 14:16:54,570 [Listener at 127.0.0.1/44197] INFO  handler.ContextHandler (ContextHandler.java:doStop(1154)) - Stopped o.e.j.s.ServletContextHandler@7a248528{logs,/logs,file:///github/workspace/mnt/ozone/hadoop-ozone/integration-test/target/log,STOPPED}
2021-01-01 14:16:54,571 [Listener at 127.0.0.1/44197] INFO  server.StorageContainerManager (StorageContainerManager.java:stop(886)) - Stopping Block Manager Service.
2021-01-01 14:16:54,571 [Listener at 127.0.0.1/44197] INFO  utils.BackgroundService (BackgroundService.java:shutdown(132)) - Shutting down service SCMBlockDeletingService
2021-01-01 14:16:54,572 [Listener at 127.0.0.1/44197] INFO  utils.BackgroundService (BackgroundService.java:shutdown(132)) - Shutting down service SCMBlockDeletingService
2021-01-01 14:16:54,572 [Listener at 127.0.0.1/44197] INFO  server.StorageContainerManager (StorageContainerManager.java:stop(911)) - Stopping SCM Event Queue.
2021-01-01 14:16:54,575 [Listener at 127.0.0.1/44197] INFO  impl.MetricsSystemImpl (MetricsSystemImpl.java:stop(210)) - Stopping HddsDatanode metrics system...
2021-01-01 14:16:54,586 [Listener at 127.0.0.1/44197] INFO  impl.MetricsSystemImpl (MetricsSystemImpl.java:stop(216)) - HddsDatanode metrics system stopped.
2021-01-01 14:16:54,587 [Listener at 127.0.0.1/44197] WARN  server.ServerUtils (ServerUtils.java:getScmDbDir(148)) - ozone.scm.db.dirs is not configured. We recommend adding this setting. Falling back to ozone.metadata.dirs instead.
2021-01-01 14:16:54,588 [Listener at 127.0.0.1/44197] WARN  db.DBStoreBuilder (DBStoreBuilder.java:applyDBDefinition(145)) - ozone.scm.db.dirs is not configured. We recommend adding this setting. Falling back to ozone.metadata.dirs instead.
2021-01-01 14:16:54,599 [Listener at 127.0.0.1/44197] INFO  net.NodeSchemaLoader (NodeSchemaLoader.java:loadSchemaFromFile(126)) - Loading file from sun.misc.CompoundEnumeration@611f6bfc
2021-01-01 14:16:54,599 [Listener at 127.0.0.1/44197] INFO  net.NodeSchemaLoader (NodeSchemaLoader.java:loadSchema(172)) - Loading network topology layer schema file
2021-01-01 14:16:54,602 [Listener at 127.0.0.1/44197] INFO  node.SCMNodeManager (SCMNodeManager.java:<init>(123)) - Entering startup safe mode.
2021-01-01 14:16:54,603 [Listener at 127.0.0.1/44197] INFO  algorithms.ContainerPlacementPolicyFactory (ContainerPlacementPolicyFactory.java:getPolicy(60)) - Create container placement policy of type org.apache.hadoop.hdds.scm.container.placement.algorithms.SCMContainerPlacementRandom
2021-01-01 14:16:54,603 [Listener at 127.0.0.1/44197] INFO  algorithms.LeaderChoosePolicyFactory (LeaderChoosePolicyFactory.java:getPolicy(57)) - Create leader choose policy of type org.apache.hadoop.hdds.scm.pipeline.leader.choose.algorithms.DefaultLeaderChoosePolicy
2021-01-01 14:16:54,603 [Listener at 127.0.0.1/44197] INFO  pipeline.PipelineStateManager (PipelineStateManager.java:addPipeline(54)) - Created pipeline Pipeline[ Id: 1f37d510-d4c9-4bda-8ddd-7f9111ee38f3, Nodes: b05a1b8e-b732-4ead-90c9-c61088a01b0a{ip: 172.17.0.2, host: 722537d36201, networkLocation: /default-rack, certSerialId: null, persistedOpState: IN_SERVICE, persistedOpStateExpiryEpochSec: 0}, Type:RATIS, Factor:ONE, State:OPEN, leaderId:b05a1b8e-b732-4ead-90c9-c61088a01b0a, CreationTimestamp2021-01-01T14:16:54.603Z]
2021-01-01 14:16:54,603 [Listener at 127.0.0.1/44197] INFO  pipeline.PipelineStateManager (PipelineStateManager.java:addPipeline(54)) - Created pipeline Pipeline[ Id: a3f31094-69d4-4967-8aa8-69c508b4c6bd, Nodes: ee53c20d-fee6-4df8-8e2d-61e62324c9a5{ip: 172.17.0.2, host: 722537d36201, networkLocation: /default-rack, certSerialId: null, persistedOpState: IN_SERVICE, persistedOpStateExpiryEpochSec: 0}, Type:RATIS, Factor:ONE, State:OPEN, leaderId:ee53c20d-fee6-4df8-8e2d-61e62324c9a5, CreationTimestamp2021-01-01T14:16:54.603Z]
2021-01-01 14:16:54,603 [Listener at 127.0.0.1/44197] INFO  pipeline.PipelineStateManager (PipelineStateManager.java:addPipeline(54)) - Created pipeline Pipeline[ Id: cd15e804-9c33-45b3-a55d-8970901c8a83, Nodes: 6599d769-7ef0-430f-a42f-80d7661ca159{ip: 172.17.0.2, host: 722537d36201, networkLocation: /default-rack, certSerialId: null, persistedOpState: IN_SERVICE, persistedOpStateExpiryEpochSec: 0}, Type:RATIS, Factor:ONE, State:OPEN, leaderId:6599d769-7ef0-430f-a42f-80d7661ca159, CreationTimestamp2021-01-01T14:16:54.603Z]
2021-01-01 14:16:54,604 [Listener at 127.0.0.1/44197] INFO  pipeline.PipelineStateManager (PipelineStateManager.java:addPipeline(54)) - Created pipeline Pipeline[ Id: dbaa5e50-a9c4-4d51-9e1d-f1dacba0d7f0, Nodes: 6599d769-7ef0-430f-a42f-80d7661ca159{ip: 172.17.0.2, host: 722537d36201, networkLocation: /default-rack, certSerialId: null, persistedOpState: IN_SERVICE, persistedOpStateExpiryEpochSec: 0}b05a1b8e-b732-4ead-90c9-c61088a01b0a{ip: 172.17.0.2, host: 722537d36201, networkLocation: /default-rack, certSerialId: null, persistedOpState: IN_SERVICE, persistedOpStateExpiryEpochSec: 0}ee53c20d-fee6-4df8-8e2d-61e62324c9a5{ip: 172.17.0.2, host: 722537d36201, networkLocation: /default-rack, certSerialId: null, persistedOpState: IN_SERVICE, persistedOpStateExpiryEpochSec: 0}, Type:RATIS, Factor:THREE, State:OPEN, leaderId:6599d769-7ef0-430f-a42f-80d7661ca159, CreationTimestamp2021-01-01T14:16:54.604Z]
2021-01-01 14:16:54,604 [Listener at 127.0.0.1/44197] INFO  algorithms.PipelineChoosePolicyFactory (PipelineChoosePolicyFactory.java:createPipelineChoosePolicyFromClass(75)) - Create pipeline choose policy of type org.apache.hadoop.hdds.scm.pipeline.choose.algorithms.RandomPipelineChoosePolicy
2021-01-01 14:16:54,605 [Listener at 127.0.0.1/44197] INFO  safemode.HealthyPipelineSafeModeRule (HealthyPipelineSafeModeRule.java:<init>(89)) - Total pipeline count is 1, healthy pipeline threshold count is 1
2021-01-01 14:16:54,605 [Listener at 127.0.0.1/44197] INFO  safemode.OneReplicaPipelineSafeModeRule (OneReplicaPipelineSafeModeRule.java:<init>(84)) - Total pipeline count is 1, pipeline's with at least one datanode reported threshold count is 1
2021-01-01 14:16:54,606 [Listener at 127.0.0.1/44197] INFO  ipc.CallQueueManager (CallQueueManager.java:<init>(84)) - Using callQueue: class java.util.concurrent.LinkedBlockingQueue, queueCapacity: 2000, scheduler: class org.apache.hadoop.ipc.DefaultRpcScheduler, ipcBackoff: false.
2021-01-01 14:16:54,609 [Socket Reader #1 for port 35419] INFO  ipc.Server (Server.java:run(1219)) - Starting Socket Reader #1 for port 35419
2021-01-01 14:16:54,609 [Listener at 0.0.0.0/35419] INFO  ipc.CallQueueManager (CallQueueManager.java:<init>(84)) - Using callQueue: class java.util.concurrent.LinkedBlockingQueue, queueCapacity: 2000, scheduler: class org.apache.hadoop.ipc.DefaultRpcScheduler, ipcBackoff: false.
2021-01-01 14:16:54,613 [Socket Reader #1 for port 44377] INFO  ipc.Server (Server.java:run(1219)) - Starting Socket Reader #1 for port 44377
2021-01-01 14:16:54,614 [Listener at 0.0.0.0/44377] INFO  ipc.CallQueueManager (CallQueueManager.java:<init>(84)) - Using callQueue: class java.util.concurrent.LinkedBlockingQueue, queueCapacity: 2000, scheduler: class org.apache.hadoop.ipc.DefaultRpcScheduler, ipcBackoff: false.
2021-01-01 14:16:54,614 [Socket Reader #1 for port 41791] INFO  ipc.Server (Server.java:run(1219)) - Starting Socket Reader #1 for port 41791
2021-01-01 14:16:54,618 [Listener at 0.0.0.0/41791] INFO  http.BaseHttpServer (BaseHttpServer.java:newHttpServer2BuilderForOzone(207)) - Starting Web-server for scm at: http://0.0.0.0:39315
2021-01-01 14:16:54,618 [Listener at 0.0.0.0/41791] INFO  http.BaseHttpServer (BaseHttpServer.java:<init>(106)) - Hadoop Security Enabled: false Ozone Security Enabled: false Ozone HTTP Security Enabled: false 
2021-01-01 14:16:54,619 [Listener at 0.0.0.0/41791] INFO  server.AuthenticationFilter (AuthenticationFilter.java:constructSecretProvider(240)) - Unable to initialize FileSignerSecretProvider, falling back to use random secrets.
2021-01-01 14:16:54,624 [Listener at 0.0.0.0/41791] WARN  http.HttpRequestLog (HttpRequestLog.java:getRequestLog(103)) - Jetty request log can only be enabled using Log4j
2021-01-01 14:16:54,624 [Listener at 0.0.0.0/41791] INFO  http.HttpServer2 (HttpServer2.java:addGlobalFilter(1020)) - Added global filter 'safety' (class=org.apache.hadoop.hdds.server.http.HttpServer2$QuotingInputFilter)
2021-01-01 14:16:54,625 [Listener at 0.0.0.0/41791] INFO  http.HttpServer2 (HttpServer2.java:addFilter(996)) - Added filter static_user_filter (class=org.apache.hadoop.http.lib.StaticUserWebFilter$StaticUserFilter) to context scm
2021-01-01 14:16:54,625 [Listener at 0.0.0.0/41791] INFO  http.HttpServer2 (HttpServer2.java:addFilter(1004)) - Added filter static_user_filter (class=org.apache.hadoop.http.lib.StaticUserWebFilter$StaticUserFilter) to context static
2021-01-01 14:16:54,625 [Listener at 0.0.0.0/41791] INFO  http.HttpServer2 (HttpServer2.java:addFilter(1004)) - Added filter static_user_filter (class=org.apache.hadoop.http.lib.StaticUserWebFilter$StaticUserFilter) to context logs
2021-01-01 14:16:54,632 [Listener at 0.0.0.0/41791] INFO  server.StorageContainerManager (StorageContainerManager.java:start(789)) - StorageContainerLocationProtocol RPC server is listening at /0.0.0.0:41791
2021-01-01 14:16:54,633 [Listener at 0.0.0.0/41791] WARN  impl.MetricsConfig (MetricsConfig.java:loadFirst(134)) - Cannot locate configuration: tried hadoop-metrics2-storagecontainermanager.properties,hadoop-metrics2.properties
2021-01-01 14:16:54,633 [Listener at 0.0.0.0/41791] INFO  impl.MetricsSystemImpl (MetricsSystemImpl.java:startTimer(374)) - Scheduled Metric snapshot period at 10 second(s).
2021-01-01 14:16:54,634 [Listener at 0.0.0.0/41791] INFO  impl.MetricsSystemImpl (MetricsSystemImpl.java:start(191)) - StorageContainerManager metrics system started
2021-01-01 14:16:54,722 [Listener at 0.0.0.0/41791] WARN  impl.MetricsSystemImpl (MetricsSystemImpl.java:register(276)) - Sink prometheus already exists!
2021-01-01 14:16:54,772 [Listener at 0.0.0.0/41791] INFO  server.SCMClientProtocolServer (SCMClientProtocolServer.java:start(159)) - RPC server for Client  is listening at /0.0.0.0:41791
2021-01-01 14:16:54,772 [IPC Server Responder] INFO  ipc.Server (Server.java:run(1460)) - IPC Server Responder: starting
2021-01-01 14:16:54,772 [IPC Server listener on 41791] INFO  ipc.Server (Server.java:run(1298)) - IPC Server listener on 41791: starting
2021-01-01 14:16:54,785 [Listener at 0.0.0.0/41791] INFO  server.StorageContainerManager (StorageContainerManager.java:start(801)) - ScmBlockLocationProtocol RPC server is listening at /0.0.0.0:44377
2021-01-01 14:16:54,785 [Listener at 0.0.0.0/41791] INFO  server.SCMBlockProtocolServer (SCMBlockProtocolServer.java:start(150)) - RPC server for Block Protocol is listening at /0.0.0.0:44377
2021-01-01 14:16:54,785 [IPC Server Responder] INFO  ipc.Server (Server.java:run(1460)) - IPC Server Responder: starting
2021-01-01 14:16:54,786 [IPC Server listener on 44377] INFO  ipc.Server (Server.java:run(1298)) - IPC Server listener on 44377: starting
2021-01-01 14:16:54,793 [Listener at 0.0.0.0/41791] INFO  server.StorageContainerManager (StorageContainerManager.java:start(807)) - ScmDatanodeProtocl RPC server is listening at /0.0.0.0:35419
2021-01-01 14:16:54,793 [Listener at 0.0.0.0/41791] INFO  server.SCMDatanodeProtocolServer (SCMDatanodeProtocolServer.java:start(174)) - RPC server for DataNodes is listening at /0.0.0.0:35419
2021-01-01 14:16:54,793 [IPC Server Responder] INFO  ipc.Server (Server.java:run(1460)) - IPC Server Responder: starting
2021-01-01 14:16:54,796 [IPC Server listener on 35419] INFO  ipc.Server (Server.java:run(1298)) - IPC Server listener on 35419: starting
2021-01-01 14:16:54,801 [Listener at 0.0.0.0/41791] INFO  http.HttpServer2 (HttpServer2.java:bindListener(1238)) - Jetty bound to port 39315
2021-01-01 14:16:54,801 [Listener at 0.0.0.0/41791] INFO  server.Server (Server.java:doStart(375)) - jetty-9.4.34.v20201102; built: 2020-11-02T14:15:39.302Z; git: e46af88704a893fc12cb0e3bf46e2c7b48a009e7; jvm 1.8.0_232-b09
2021-01-01 14:16:54,802 [Listener at 0.0.0.0/41791] INFO  server.session (DefaultSessionIdManager.java:doStart(334)) - DefaultSessionIdManager workerName=node0
2021-01-01 14:16:54,802 [Listener at 0.0.0.0/41791] INFO  server.session (DefaultSessionIdManager.java:doStart(339)) - No SessionScavenger set, using defaults
2021-01-01 14:16:54,802 [Listener at 0.0.0.0/41791] INFO  server.session (HouseKeeper.java:startScavenging(132)) - node0 Scavenging every 660000ms
2021-01-01 14:16:54,802 [Listener at 0.0.0.0/41791] INFO  handler.ContextHandler (ContextHandler.java:doStart(916)) - Started o.e.j.s.ServletContextHandler@68852b5{logs,/logs,file:///github/workspace/mnt/ozone/hadoop-ozone/integration-test/target/log,AVAILABLE}
2021-01-01 14:16:54,803 [Listener at 0.0.0.0/41791] INFO  handler.ContextHandler (ContextHandler.java:doStart(916)) - Started o.e.j.s.ServletContextHandler@6e1b56ad{static,/static,file:///github/workspace/mnt/ozone/hadoop-ozone/integration-test/target/test-classes/webapps/static,AVAILABLE}
2021-01-01 14:16:54,805 [Listener at 0.0.0.0/41791] INFO  handler.ContextHandler (ContextHandler.java:doStart(916)) - Started o.e.j.w.WebAppContext@7a9bdca{scm,/,file:///github/workspace/mnt/ozone/hadoop-ozone/integration-test/target/test-classes/webapps/scm/,AVAILABLE}{file:/github/workspace/mnt/ozone/hadoop-ozone/integration-test/target/test-classes/webapps/scm}
2021-01-01 14:16:54,806 [Listener at 0.0.0.0/41791] INFO  server.AbstractConnector (AbstractConnector.java:doStart(331)) - Started ServerConnector@5035ce0b{HTTP/1.1, (http/1.1)}{0.0.0.0:39315}
2021-01-01 14:16:54,806 [Listener at 0.0.0.0/41791] INFO  server.Server (Server.java:doStart(415)) - Started @416895ms
2021-01-01 14:16:54,806 [Listener at 0.0.0.0/41791] WARN  impl.MetricsSystemImpl (MetricsSystemImpl.java:register(276)) - Sink prometheus already exists!
2021-01-01 14:16:54,810 [Listener at 0.0.0.0/41791] INFO  http.BaseHttpServer (BaseHttpServer.java:updateConnectorAddress(327)) - HTTP server of scm listening at http://0.0.0.0:39315
2021-01-01 14:16:54,811 [Listener at 0.0.0.0/41791] INFO  ozone.MiniOzoneClusterImpl (MiniOzoneClusterImpl.java:lambda$waitForClusterToBeReady$0(178)) - Waiting for nodes to be ready. Got 0 of 6 DN Heartbeats.
2021-01-01 14:16:54,811 [Listener at 0.0.0.0/41791] INFO  ozone.MiniOzoneClusterImpl (MiniOzoneClusterImpl.java:lambda$waitForClusterToBeReady$0(181)) - Waiting for cluster to exit safe mode
2021-01-01 14:16:54,811 [org.apache.hadoop.util.JvmPauseMonitor$Monitor@7315c662] INFO  util.JvmPauseMonitor (JvmPauseMonitor.java:run(188)) - Starting JVM pause monitor
2021-01-01 14:16:55,452 [Command processor thread] INFO  server.RaftServer (RaftServerProxy.java:remove(104)) - 7cefa8e9-48e2-4714-becf-e2fa99455696: remove    LEADER 7cefa8e9-48e2-4714-becf-e2fa99455696@group-132F36A5D2C2:t1, leader=7cefa8e9-48e2-4714-becf-e2fa99455696, voted=7cefa8e9-48e2-4714-becf-e2fa99455696, raftlog=7cefa8e9-48e2-4714-becf-e2fa99455696@group-132F36A5D2C2-SegmentedRaftLog:OPENED:c0,f0,i0, conf=0: [7cefa8e9-48e2-4714-becf-e2fa99455696|rpc:172.17.0.2:37087|dataStream:], old=null RUNNING
2021-01-01 14:16:55,452 [Command processor thread] INFO  server.RaftServer$Division (RaftServerImpl.java:lambda$close$4(397)) - 7cefa8e9-48e2-4714-becf-e2fa99455696@group-132F36A5D2C2: shutdown
2021-01-01 14:16:55,452 [Command processor thread] INFO  util.JmxRegister (JmxRegister.java:unregister(73)) - Successfully un-registered JMX Bean with object name Ratis:service=RaftServer,group=group-132F36A5D2C2,id=7cefa8e9-48e2-4714-becf-e2fa99455696
2021-01-01 14:16:55,452 [Command processor thread] INFO  impl.RoleInfo (RoleInfo.java:shutdownLeaderState(91)) - 7cefa8e9-48e2-4714-becf-e2fa99455696: shutdown 7cefa8e9-48e2-4714-becf-e2fa99455696@group-132F36A5D2C2-LeaderStateImpl
2021-01-01 14:16:55,452 [Command processor thread] INFO  impl.PendingRequests (PendingRequests.java:sendNotLeaderResponses(249)) - 7cefa8e9-48e2-4714-becf-e2fa99455696@group-132F36A5D2C2-PendingRequests: sendNotLeaderResponses
2021-01-01 14:16:55,452 [Command processor thread] INFO  metrics.RatisMetrics (RatisMetrics.java:unregister(43)) - Unregistering Metrics Registry : ratis.log_appender.7cefa8e9-48e2-4714-becf-e2fa99455696@group-132F36A5D2C2
2021-01-01 14:16:55,452 [Command processor thread] INFO  metrics.RatisMetrics (RatisMetrics.java:unregister(43)) - Unregistering Metrics Registry : ratis.server.7cefa8e9-48e2-4714-becf-e2fa99455696@group-132F36A5D2C2
2021-01-01 14:16:55,453 [Command processor thread] INFO  impl.StateMachineUpdater (StateMachineUpdater.java:stopAndJoin(148)) - 7cefa8e9-48e2-4714-becf-e2fa99455696@group-132F36A5D2C2-StateMachineUpdater: set stopIndex = 0
2021-01-01 14:16:55,454 [7cefa8e9-48e2-4714-becf-e2fa99455696@group-132F36A5D2C2-StateMachineUpdater] INFO  ratis.ContainerStateMachine (ContainerStateMachine.java:takeSnapshot(291)) - group-132F36A5D2C2: Taking a snapshot at:(t:1, i:0) file /github/workspace/mnt/ozone/hadoop-ozone/integration-test/target/test-dir/MiniOzoneClusterImpl-cb490d7e-6ed4-4e2b-831b-323004451de6/datanode-0/data/ratis/4551d66b-c24a-45f8-bda5-132f36a5d2c2/sm/snapshot.1_0
2021-01-01 14:16:55,455 [7cefa8e9-48e2-4714-becf-e2fa99455696@group-132F36A5D2C2-StateMachineUpdater] INFO  ratis.ContainerStateMachine (ContainerStateMachine.java:takeSnapshot(302)) - group-132F36A5D2C2: Finished taking a snapshot at:(t:1, i:0) file:/github/workspace/mnt/ozone/hadoop-ozone/integration-test/target/test-dir/MiniOzoneClusterImpl-cb490d7e-6ed4-4e2b-831b-323004451de6/datanode-0/data/ratis/4551d66b-c24a-45f8-bda5-132f36a5d2c2/sm/snapshot.1_0 time:1
2021-01-01 14:16:55,455 [7cefa8e9-48e2-4714-becf-e2fa99455696@group-132F36A5D2C2-StateMachineUpdater] INFO  impl.StateMachineUpdater (StateMachineUpdater.java:takeSnapshot(279)) - 7cefa8e9-48e2-4714-becf-e2fa99455696@group-132F36A5D2C2-StateMachineUpdater: Took a snapshot at index 0
2021-01-01 14:16:55,455 [7cefa8e9-48e2-4714-becf-e2fa99455696@group-132F36A5D2C2-StateMachineUpdater] INFO  impl.StateMachineUpdater (StateMachineUpdater.java:lambda$new$0(88)) - 7cefa8e9-48e2-4714-becf-e2fa99455696@group-132F36A5D2C2-StateMachineUpdater: snapshotIndex: updateIncreasingly -1 -> 0
2021-01-01 14:16:55,455 [7cefa8e9-48e2-4714-becf-e2fa99455696@group-132F36A5D2C2-StateMachineUpdater] INFO  metrics.RatisMetrics (RatisMetrics.java:unregister(43)) - Unregistering Metrics Registry : ratis.state_machine.7cefa8e9-48e2-4714-becf-e2fa99455696@group-132F36A5D2C2
2021-01-01 14:16:55,455 [Command processor thread] INFO  server.RaftServer$Division (ServerState.java:close(406)) - 7cefa8e9-48e2-4714-becf-e2fa99455696@group-132F36A5D2C2: closes. applyIndex: 0
2021-01-01 14:16:55,455 [7cefa8e9-48e2-4714-becf-e2fa99455696@group-132F36A5D2C2-SegmentedRaftLogWorker] INFO  segmented.SegmentedRaftLogWorker (SegmentedRaftLogWorker.java:run(326)) - 7cefa8e9-48e2-4714-becf-e2fa99455696@group-132F36A5D2C2-SegmentedRaftLogWorker was interrupted, exiting. There are 0 tasks remaining in the queue.
2021-01-01 14:16:55,455 [Command processor thread] INFO  segmented.SegmentedRaftLogWorker (SegmentedRaftLogWorker.java:close(236)) - 7cefa8e9-48e2-4714-becf-e2fa99455696@group-132F36A5D2C2-SegmentedRaftLogWorker close()
2021-01-01 14:16:55,456 [EndpointStateMachine task thread for /0.0.0.0:35419 - 0 ] WARN  statemachine.EndpointStateMachine (EndpointStateMachine.java:logIfNeeded(233)) - Unable to communicate to SCM server at 0.0.0.0:35419 for past 0 seconds.
java.io.EOFException: End of File Exception between local host is: "722537d36201/172.17.0.2"; destination host is: "0.0.0.0":35419; : java.io.EOFException; For more details see:  http://wiki.apache.org/hadoop/EOFException
	at sun.reflect.NativeConstructorAccessorImpl.newInstance0(Native Method)
	at sun.reflect.NativeConstructorAccessorImpl.newInstance(NativeConstructorAccessorImpl.java:62)
	at sun.reflect.DelegatingConstructorAccessorImpl.newInstance(DelegatingConstructorAccessorImpl.java:45)
	at java.lang.reflect.Constructor.newInstance(Constructor.java:423)
	at org.apache.hadoop.net.NetUtils.wrapWithMessage(NetUtils.java:833)
	at org.apache.hadoop.net.NetUtils.wrapException(NetUtils.java:791)
	at org.apache.hadoop.ipc.Client.getRpcResponse(Client.java:1549)
	at org.apache.hadoop.ipc.Client.call(Client.java:1491)
	at org.apache.hadoop.ipc.Client.call(Client.java:1388)
	at org.apache.hadoop.ipc.ProtobufRpcEngine$Invoker.invoke(ProtobufRpcEngine.java:233)
	at org.apache.hadoop.ipc.ProtobufRpcEngine$Invoker.invoke(ProtobufRpcEngine.java:118)
	at com.sun.proxy.$Proxy33.submitRequest(Unknown Source)
	at org.apache.hadoop.ozone.protocolPB.StorageContainerDatanodeProtocolClientSideTranslatorPB.submitRequest(StorageContainerDatanodeProtocolClientSideTranslatorPB.java:117)
	at org.apache.hadoop.ozone.protocolPB.StorageContainerDatanodeProtocolClientSideTranslatorPB.sendHeartbeat(StorageContainerDatanodeProtocolClientSideTranslatorPB.java:149)
	at org.apache.hadoop.ozone.container.common.states.endpoint.HeartbeatEndpointTask.call(HeartbeatEndpointTask.java:146)
	at org.apache.hadoop.ozone.container.common.states.endpoint.HeartbeatEndpointTask.call(HeartbeatEndpointTask.java:77)
	at java.util.concurrent.FutureTask.run(FutureTask.java:266)
	at java.util.concurrent.ThreadPoolExecutor.runWorker(ThreadPoolExecutor.java:1149)
	at java.util.concurrent.ThreadPoolExecutor$Worker.run(ThreadPoolExecutor.java:624)
	at java.lang.Thread.run(Thread.java:748)
Caused by: java.io.EOFException
	at java.io.DataInputStream.readInt(DataInputStream.java:392)
	at org.apache.hadoop.ipc.Client$IpcStreams.readResponse(Client.java:1850)
	at org.apache.hadoop.ipc.Client$Connection.receiveRpcResponse(Client.java:1183)
	at org.apache.hadoop.ipc.Client$Connection.run(Client.java:1079)
2021-01-01 14:16:55,457 [Command processor thread] INFO  metrics.RatisMetrics (RatisMetrics.java:unregister(43)) - Unregistering Metrics Registry : ratis.log_worker.7cefa8e9-48e2-4714-becf-e2fa99455696@group-132F36A5D2C2
2021-01-01 14:16:55,457 [Command processor thread] INFO  metrics.RatisMetrics (RatisMetrics.java:unregister(43)) - Unregistering Metrics Registry : ratis.leader_election.7cefa8e9-48e2-4714-becf-e2fa99455696@group-132F36A5D2C2
2021-01-01 14:16:55,457 [Command processor thread] INFO  metrics.RatisMetrics (RatisMetrics.java:unregister(43)) - Unregistering Metrics Registry : ratis.server.7cefa8e9-48e2-4714-becf-e2fa99455696@group-132F36A5D2C2
2021-01-01 14:16:55,458 [Command processor thread] INFO  server.RaftServer$Division (RaftServerImpl.java:groupRemove(367)) - 7cefa8e9-48e2-4714-becf-e2fa99455696@group-132F36A5D2C2: Succeed to remove RaftStorageDirectory Storage Directory /github/workspace/mnt/ozone/hadoop-ozone/integration-test/target/test-dir/MiniOzoneClusterImpl-cb490d7e-6ed4-4e2b-831b-323004451de6/datanode-0/data/ratis/4551d66b-c24a-45f8-bda5-132f36a5d2c2
2021-01-01 14:16:55,458 [Command processor thread] INFO  commandhandler.ClosePipelineCommandHandler (ClosePipelineCommandHandler.java:handle(75)) - Close Pipeline PipelineID=4551d66b-c24a-45f8-bda5-132f36a5d2c2 command on datanode 7cefa8e9-48e2-4714-becf-e2fa99455696.
2021-01-01 14:16:55,458 [Command processor thread] INFO  server.RaftServer (RaftServerProxy.java:remove(104)) - 7cefa8e9-48e2-4714-becf-e2fa99455696: remove  FOLLOWER 7cefa8e9-48e2-4714-becf-e2fa99455696@group-C6F7FEEEE428:t1, leader=f4f30912-ea27-4eb3-bee5-ae3f82ef3ad0, voted=7cefa8e9-48e2-4714-becf-e2fa99455696, raftlog=7cefa8e9-48e2-4714-becf-e2fa99455696@group-C6F7FEEEE428-SegmentedRaftLog:OPENED:c35,f35,i35, conf=0: [f4f30912-ea27-4eb3-bee5-ae3f82ef3ad0|rpc:172.17.0.2:45771|dataStream:, 9a3e098b-d23a-435e-81b9-d52adff52c28|rpc:172.17.0.2:32929|dataStream:, 7cefa8e9-48e2-4714-becf-e2fa99455696|rpc:172.17.0.2:37087|dataStream:], old=null RUNNING
2021-01-01 14:16:55,458 [Command processor thread] INFO  server.RaftServer$Division (RaftServerImpl.java:lambda$close$4(397)) - 7cefa8e9-48e2-4714-becf-e2fa99455696@group-C6F7FEEEE428: shutdown
2021-01-01 14:16:55,458 [Command processor thread] INFO  util.JmxRegister (JmxRegister.java:unregister(73)) - Successfully un-registered JMX Bean with object name Ratis:service=RaftServer,group=group-C6F7FEEEE428,id=7cefa8e9-48e2-4714-becf-e2fa99455696
2021-01-01 14:16:55,458 [Command processor thread] INFO  impl.RoleInfo (RoleInfo.java:shutdownFollowerState(108)) - 7cefa8e9-48e2-4714-becf-e2fa99455696: shutdown 7cefa8e9-48e2-4714-becf-e2fa99455696@group-C6F7FEEEE428-FollowerState
2021-01-01 14:16:55,458 [Thread-5790] INFO  impl.FollowerState (FollowerState.java:run(142)) - 7cefa8e9-48e2-4714-becf-e2fa99455696@group-C6F7FEEEE428-FollowerState was interrupted: {}
java.lang.InterruptedException: sleep interrupted
	at java.lang.Thread.sleep(Native Method)
	at java.lang.Thread.sleep(Thread.java:340)
	at java.util.concurrent.TimeUnit.sleep(TimeUnit.java:386)
	at org.apache.ratis.util.TimeDuration.sleep(TimeDuration.java:319)
	at org.apache.ratis.util.TimeDuration.sleep(TimeDuration.java:304)
	at org.apache.ratis.server.impl.FollowerState.run(FollowerState.java:117)
2021-01-01 14:16:55,458 [Command processor thread] INFO  impl.StateMachineUpdater (StateMachineUpdater.java:stopAndJoin(148)) - 7cefa8e9-48e2-4714-becf-e2fa99455696@group-C6F7FEEEE428-StateMachineUpdater: set stopIndex = 35
2021-01-01 14:16:55,459 [7cefa8e9-48e2-4714-becf-e2fa99455696@group-C6F7FEEEE428-StateMachineUpdater] INFO  ratis.ContainerStateMachine (ContainerStateMachine.java:takeSnapshot(291)) - group-C6F7FEEEE428: Taking a snapshot at:(t:1, i:35) file /github/workspace/mnt/ozone/hadoop-ozone/integration-test/target/test-dir/MiniOzoneClusterImpl-cb490d7e-6ed4-4e2b-831b-323004451de6/datanode-0/data/ratis/e2c3b8d5-ffff-4969-b3cc-c6f7feeee428/sm/snapshot.1_35
2021-01-01 14:16:55,460 [7cefa8e9-48e2-4714-becf-e2fa99455696@group-C6F7FEEEE428-StateMachineUpdater] INFO  ratis.ContainerStateMachine (ContainerStateMachine.java:takeSnapshot(302)) - group-C6F7FEEEE428: Finished taking a snapshot at:(t:1, i:35) file:/github/workspace/mnt/ozone/hadoop-ozone/integration-test/target/test-dir/MiniOzoneClusterImpl-cb490d7e-6ed4-4e2b-831b-323004451de6/datanode-0/data/ratis/e2c3b8d5-ffff-4969-b3cc-c6f7feeee428/sm/snapshot.1_35 time:0
2021-01-01 14:16:55,460 [7cefa8e9-48e2-4714-becf-e2fa99455696@group-C6F7FEEEE428-StateMachineUpdater] INFO  impl.StateMachineUpdater (StateMachineUpdater.java:takeSnapshot(279)) - 7cefa8e9-48e2-4714-becf-e2fa99455696@group-C6F7FEEEE428-StateMachineUpdater: Took a snapshot at index 35
2021-01-01 14:16:55,460 [7cefa8e9-48e2-4714-becf-e2fa99455696@group-C6F7FEEEE428-StateMachineUpdater] INFO  impl.StateMachineUpdater (StateMachineUpdater.java:lambda$new$0(88)) - 7cefa8e9-48e2-4714-becf-e2fa99455696@group-C6F7FEEEE428-StateMachineUpdater: snapshotIndex: updateIncreasingly -1 -> 35
2021-01-01 14:16:55,460 [7cefa8e9-48e2-4714-becf-e2fa99455696@group-C6F7FEEEE428-StateMachineUpdater] INFO  metrics.RatisMetrics (RatisMetrics.java:unregister(43)) - Unregistering Metrics Registry : ratis.state_machine.7cefa8e9-48e2-4714-becf-e2fa99455696@group-C6F7FEEEE428
2021-01-01 14:16:55,460 [Command processor thread] INFO  server.RaftServer$Division (ServerState.java:close(406)) - 7cefa8e9-48e2-4714-becf-e2fa99455696@group-C6F7FEEEE428: closes. applyIndex: 35
2021-01-01 14:16:55,461 [7cefa8e9-48e2-4714-becf-e2fa99455696@group-C6F7FEEEE428-SegmentedRaftLogWorker] INFO  segmented.SegmentedRaftLogWorker (SegmentedRaftLogWorker.java:run(326)) - 7cefa8e9-48e2-4714-becf-e2fa99455696@group-C6F7FEEEE428-SegmentedRaftLogWorker was interrupted, exiting. There are 0 tasks remaining in the queue.
2021-01-01 14:16:55,461 [Command processor thread] INFO  segmented.SegmentedRaftLogWorker (SegmentedRaftLogWorker.java:close(236)) - 7cefa8e9-48e2-4714-becf-e2fa99455696@group-C6F7FEEEE428-SegmentedRaftLogWorker close()
2021-01-01 14:16:55,461 [Command processor thread] INFO  metrics.RatisMetrics (RatisMetrics.java:unregister(43)) - Unregistering Metrics Registry : ratis.log_worker.7cefa8e9-48e2-4714-becf-e2fa99455696@group-C6F7FEEEE428
2021-01-01 14:16:55,461 [Command processor thread] INFO  metrics.RatisMetrics (RatisMetrics.java:unregister(43)) - Unregistering Metrics Registry : ratis.leader_election.7cefa8e9-48e2-4714-becf-e2fa99455696@group-C6F7FEEEE428
2021-01-01 14:16:55,462 [Command processor thread] INFO  metrics.RatisMetrics (RatisMetrics.java:unregister(43)) - Unregistering Metrics Registry : ratis.server.7cefa8e9-48e2-4714-becf-e2fa99455696@group-C6F7FEEEE428
2021-01-01 14:16:55,463 [Command processor thread] INFO  keyvalue.KeyValueContainer (KeyValueContainer.java:flushAndSyncDB(388)) - Container 1 is synced with bcsId 33.
2021-01-01 14:16:55,463 [Command processor thread] INFO  keyvalue.KeyValueContainer (KeyValueContainer.java:flushAndSyncDB(388)) - Container 1 is synced with bcsId 33.
2021-01-01 14:16:55,469 [IPC Server handler 0 on default port 35419] INFO  server.SCMDatanodeHeartbeatDispatcher (SCMDatanodeHeartbeatDispatcher.java:dispatch(96)) - SCM received heartbeat from an unregistered datanode 7cefa8e9-48e2-4714-becf-e2fa99455696{ip: 172.17.0.2, host: 722537d36201, networkLocation: /default-rack, certSerialId: null, persistedOpState: ENTERING_MAINTENANCE, persistedOpStateExpiryEpochSec: 0}. Asking datanode to re-register.
2021-01-01 14:16:55,473 [IPC Server handler 1 on default port 35419] INFO  net.NetworkTopologyImpl (NetworkTopologyImpl.java:add(111)) - Added a new node: /default-rack/7cefa8e9-48e2-4714-becf-e2fa99455696
2021-01-01 14:16:55,473 [IPC Server handler 1 on default port 35419] INFO  node.NodeStateManager (NodeStateManager.java:newNodeStatus(257)) - Updating nodeOperationalState on registration as the datanode has a persisted state of ENTERING_MAINTENANCE and expiry of 0
2021-01-01 14:16:55,479 [IPC Server handler 1 on default port 35419] INFO  node.SCMNodeManager (SCMNodeManager.java:register(341)) - Registered Data node : 7cefa8e9-48e2-4714-becf-e2fa99455696{ip: 172.17.0.2, host: 722537d36201, networkLocation: /default-rack, certSerialId: null, persistedOpState: ENTERING_MAINTENANCE, persistedOpStateExpiryEpochSec: 0}
2021-01-01 14:16:55,484 [EventQueue-NodeRegistrationContainerReportForDataNodeSafeModeRule] INFO  safemode.SCMSafeModeManager (DataNodeSafeModeRule.java:process(71)) - SCM in safe mode. 1 DataNodes registered, 1 required.
2021-01-01 14:16:55,485 [EventQueue-NodeRegistrationContainerReportForDataNodeSafeModeRule] INFO  safemode.SCMSafeModeManager (SCMSafeModeManager.java:validateSafeModeExitRules(214)) - DataNodeSafeModeRule rule is successfully validated
2021-01-01 14:16:55,485 [EventQueue-NodeRegistrationContainerReportForDataNodeSafeModeRule] INFO  safemode.SCMSafeModeManager (SCMSafeModeManager.java:completePreCheck(242)) - All SCM safe mode pre check rules have passed
2021-01-01 14:16:55,485 [IPC Server handler 2 on default port 35419] INFO  server.SCMDatanodeHeartbeatDispatcher (SCMDatanodeHeartbeatDispatcher.java:dispatch(96)) - SCM received heartbeat from an unregistered datanode 9a3e098b-d23a-435e-81b9-d52adff52c28{ip: 172.17.0.2, host: 722537d36201, networkLocation: /default-rack, certSerialId: null, persistedOpState: ENTERING_MAINTENANCE, persistedOpStateExpiryEpochSec: 0}. Asking datanode to re-register.
2021-01-01 14:16:55,485 [EventQueue-NodeRegistrationContainerReportForContainerSafeModeRule] INFO  safemode.SCMSafeModeManager (ContainerSafeModeRule.java:process(117)) - SCM in safe mode. 100.0 % containers have at least one reported replica.
2021-01-01 14:16:55,485 [Command processor thread] INFO  keyvalue.KeyValueContainer (KeyValueContainer.java:flushAndSyncDB(388)) - Container 3 is synced with bcsId 29.
2021-01-01 14:16:55,485 [Command processor thread] INFO  keyvalue.KeyValueContainer (KeyValueContainer.java:flushAndSyncDB(388)) - Container 3 is synced with bcsId 29.
2021-01-01 14:16:55,487 [Command processor thread] INFO  server.RaftServer$Division (RaftServerImpl.java:groupRemove(367)) - 7cefa8e9-48e2-4714-becf-e2fa99455696@group-C6F7FEEEE428: Succeed to remove RaftStorageDirectory Storage Directory /github/workspace/mnt/ozone/hadoop-ozone/integration-test/target/test-dir/MiniOzoneClusterImpl-cb490d7e-6ed4-4e2b-831b-323004451de6/datanode-0/data/ratis/e2c3b8d5-ffff-4969-b3cc-c6f7feeee428
2021-01-01 14:16:55,487 [Command processor thread] INFO  commandhandler.ClosePipelineCommandHandler (ClosePipelineCommandHandler.java:handle(75)) - Close Pipeline PipelineID=e2c3b8d5-ffff-4969-b3cc-c6f7feeee428 command on datanode 7cefa8e9-48e2-4714-becf-e2fa99455696.
2021-01-01 14:16:55,487 [Command processor thread] WARN  server.RaftServer (RaftServerProxy.java:remove(99)) - 7cefa8e9-48e2-4714-becf-e2fa99455696: does not contain group: group-132F36A5D2C2
2021-01-01 14:16:55,487 [Command processor thread] ERROR commandhandler.ClosePipelineCommandHandler (ClosePipelineCommandHandler.java:handle(78)) - Can't close pipeline PipelineID=4551d66b-c24a-45f8-bda5-132f36a5d2c2
java.io.IOException: 7cefa8e9-48e2-4714-becf-e2fa99455696: Group group-132F36A5D2C2 not found.
	at org.apache.hadoop.ozone.container.common.transport.server.ratis.XceiverServerRatis.removeGroup(XceiverServerRatis.java:782)
	at org.apache.hadoop.ozone.container.common.statemachine.commandhandler.ClosePipelineCommandHandler.handle(ClosePipelineCommandHandler.java:74)
	at org.apache.hadoop.ozone.container.common.statemachine.commandhandler.CommandDispatcher.handle(CommandDispatcher.java:99)
	at org.apache.hadoop.ozone.container.common.statemachine.DatanodeStateMachine.lambda$initCommandHandlerThread$2(DatanodeStateMachine.java:498)
	at java.lang.Thread.run(Thread.java:748)
Caused by: org.apache.ratis.protocol.exceptions.GroupMismatchException: 7cefa8e9-48e2-4714-becf-e2fa99455696: Group group-132F36A5D2C2 not found.
	at org.apache.ratis.server.impl.RaftServerProxy.groupRemoveAsync(RaftServerProxy.java:494)
	at org.apache.ratis.server.impl.RaftServerProxy.groupManagementAsync(RaftServerProxy.java:450)
	at org.apache.ratis.server.impl.RaftServerProxy.groupManagement(RaftServerProxy.java:430)
	at org.apache.hadoop.ozone.container.common.transport.server.ratis.XceiverServerRatis.removeGroup(XceiverServerRatis.java:780)
	... 4 more
2021-01-01 14:16:55,487 [Command processor thread] WARN  server.RaftServer (RaftServerProxy.java:remove(99)) - 7cefa8e9-48e2-4714-becf-e2fa99455696: does not contain group: group-C6F7FEEEE428
2021-01-01 14:16:55,487 [Command processor thread] ERROR commandhandler.ClosePipelineCommandHandler (ClosePipelineCommandHandler.java:handle(78)) - Can't close pipeline PipelineID=e2c3b8d5-ffff-4969-b3cc-c6f7feeee428
java.io.IOException: 7cefa8e9-48e2-4714-becf-e2fa99455696: Group group-C6F7FEEEE428 not found.
	at org.apache.hadoop.ozone.container.common.transport.server.ratis.XceiverServerRatis.removeGroup(XceiverServerRatis.java:782)
	at org.apache.hadoop.ozone.container.common.statemachine.commandhandler.ClosePipelineCommandHandler.handle(ClosePipelineCommandHandler.java:74)
	at org.apache.hadoop.ozone.container.common.statemachine.commandhandler.CommandDispatcher.handle(CommandDispatcher.java:99)
	at org.apache.hadoop.ozone.container.common.statemachine.DatanodeStateMachine.lambda$initCommandHandlerThread$2(DatanodeStateMachine.java:498)
	at java.lang.Thread.run(Thread.java:748)
Caused by: org.apache.ratis.protocol.exceptions.GroupMismatchException: 7cefa8e9-48e2-4714-becf-e2fa99455696: Group group-C6F7FEEEE428 not found.
	at org.apache.ratis.server.impl.RaftServerProxy.groupRemoveAsync(RaftServerProxy.java:494)
	at org.apache.ratis.server.impl.RaftServerProxy.groupManagementAsync(RaftServerProxy.java:450)
	at org.apache.ratis.server.impl.RaftServerProxy.groupManagement(RaftServerProxy.java:430)
	at org.apache.hadoop.ozone.container.common.transport.server.ratis.XceiverServerRatis.removeGroup(XceiverServerRatis.java:780)
	... 4 more
2021-01-01 14:16:55,487 [EventQueue-PipelineReportForOneReplicaPipelineSafeModeRule] INFO  safemode.SCMSafeModeManager (OneReplicaPipelineSafeModeRule.java:process(127)) - SCM in safe mode. Pipelines with at least one datanode reported count is 0, required at least one datanode reported per pipeline count is 1
2021-01-01 14:16:55,491 [EventQueue-NodeRegistrationContainerReportForContainerSafeModeRule] INFO  safemode.SCMSafeModeManager (SCMSafeModeManager.java:validateSafeModeExitRules(214)) - ContainerSafeModeRule rule is successfully validated
2021-01-01 14:16:55,491 [IPC Server handler 3 on default port 35419] INFO  server.SCMDatanodeHeartbeatDispatcher (SCMDatanodeHeartbeatDispatcher.java:dispatch(96)) - SCM received heartbeat from an unregistered datanode f4f30912-ea27-4eb3-bee5-ae3f82ef3ad0{ip: 172.17.0.2, host: 722537d36201, networkLocation: /default-rack, certSerialId: null, persistedOpState: ENTERING_MAINTENANCE, persistedOpStateExpiryEpochSec: 0}. Asking datanode to re-register.
2021-01-01 14:16:55,501 [IPC Server handler 4 on default port 35419] INFO  server.SCMDatanodeHeartbeatDispatcher (SCMDatanodeHeartbeatDispatcher.java:dispatch(96)) - SCM received heartbeat from an unregistered datanode b05a1b8e-b732-4ead-90c9-c61088a01b0a{ip: 172.17.0.2, host: 722537d36201, networkLocation: /default-rack, certSerialId: null, persistedOpState: null, persistedOpStateExpiryEpochSec: 0}. Asking datanode to re-register.
2021-01-01 14:16:55,503 [IPC Server handler 5 on default port 35419] INFO  server.SCMDatanodeHeartbeatDispatcher (SCMDatanodeHeartbeatDispatcher.java:dispatch(96)) - SCM received heartbeat from an unregistered datanode ee53c20d-fee6-4df8-8e2d-61e62324c9a5{ip: 172.17.0.2, host: 722537d36201, networkLocation: /default-rack, certSerialId: null, persistedOpState: null, persistedOpStateExpiryEpochSec: 0}. Asking datanode to re-register.
2021-01-01 14:16:55,506 [IPC Server handler 6 on default port 35419] INFO  server.SCMDatanodeHeartbeatDispatcher (SCMDatanodeHeartbeatDispatcher.java:dispatch(96)) - SCM received heartbeat from an unregistered datanode 6599d769-7ef0-430f-a42f-80d7661ca159{ip: 172.17.0.2, host: 722537d36201, networkLocation: /default-rack, certSerialId: null, persistedOpState: null, persistedOpStateExpiryEpochSec: 0}. Asking datanode to re-register.
2021-01-01 14:16:55,607 [EventQueue-StartAdminOnNodeForStartDatanodeAdminHandler] INFO  node.StartDatanodeAdminHandler (StartDatanodeAdminHandler.java:onMessage(56)) - Admin start on datanode 7cefa8e9-48e2-4714-becf-e2fa99455696{ip: 172.17.0.2, host: 722537d36201, networkLocation: /default-rack, certSerialId: null, persistedOpState: ENTERING_MAINTENANCE, persistedOpStateExpiryEpochSec: 0}. Finalizing its pipelines []
2021-01-01 14:16:55,607 [DatanodeAdminManager-0] INFO  node.DatanodeAdminMonitorImpl (DatanodeAdminMonitorImpl.java:checkContainersReplicatedOnNode(297)) - 7cefa8e9-48e2-4714-becf-e2fa99455696{ip: 172.17.0.2, host: 722537d36201, networkLocation: /default-rack, certSerialId: null, persistedOpState: ENTERING_MAINTENANCE, persistedOpStateExpiryEpochSec: 0} has 0 sufficientlyReplicated, 2 underReplicated and 0 unhealthy containers
2021-01-01 14:16:55,607 [DatanodeAdminManager-0] INFO  node.DatanodeAdminMonitorImpl (DatanodeAdminMonitorImpl.java:run(136)) - There are 1 nodes tracked for decommission and maintenance. 0 pending nodes.
2021-01-01 14:16:55,811 [Listener at 0.0.0.0/41791] INFO  ozone.MiniOzoneClusterImpl (MiniOzoneClusterImpl.java:lambda$waitForClusterToBeReady$0(178)) - Waiting for nodes to be ready. Got 1 of 6 DN Heartbeats.
2021-01-01 14:16:55,812 [Listener at 0.0.0.0/41791] INFO  ozone.MiniOzoneClusterImpl (MiniOzoneClusterImpl.java:lambda$waitForClusterToBeReady$0(181)) - Waiting for cluster to exit safe mode
2021-01-01 14:16:56,473 [IPC Server handler 1 on default port 35419] INFO  net.NetworkTopologyImpl (NetworkTopologyImpl.java:add(111)) - Added a new node: /default-rack/9a3e098b-d23a-435e-81b9-d52adff52c28
2021-01-01 14:16:56,473 [IPC Server handler 1 on default port 35419] INFO  node.NodeStateManager (NodeStateManager.java:newNodeStatus(257)) - Updating nodeOperationalState on registration as the datanode has a persisted state of ENTERING_MAINTENANCE and expiry of 0
2021-01-01 14:16:56,473 [IPC Server handler 1 on default port 35419] INFO  node.SCMNodeManager (SCMNodeManager.java:register(341)) - Registered Data node : 9a3e098b-d23a-435e-81b9-d52adff52c28{ip: 172.17.0.2, host: 722537d36201, networkLocation: /default-rack, certSerialId: null, persistedOpState: ENTERING_MAINTENANCE, persistedOpStateExpiryEpochSec: 0}
2021-01-01 14:16:56,474 [EventQueue-NodeRegistrationContainerReportForContainerSafeModeRule] INFO  safemode.SCMSafeModeManager (SCMSafeModeManager.java:validateSafeModeExitRules(214)) - ContainerSafeModeRule rule is successfully validated
2021-01-01 14:16:56,474 [EventQueue-NodeRegistrationContainerReportForDataNodeSafeModeRule] INFO  safemode.SCMSafeModeManager (SCMSafeModeManager.java:validateSafeModeExitRules(214)) - DataNodeSafeModeRule rule is successfully validated
2021-01-01 14:16:56,474 [EventQueue-PipelineReportForOneReplicaPipelineSafeModeRule] INFO  safemode.SCMSafeModeManager (OneReplicaPipelineSafeModeRule.java:process(127)) - SCM in safe mode. Pipelines with at least one datanode reported count is 0, required at least one datanode reported per pipeline count is 1
2021-01-01 14:16:56,489 [EventQueue-PipelineReportForOneReplicaPipelineSafeModeRule] INFO  safemode.SCMSafeModeManager (OneReplicaPipelineSafeModeRule.java:process(127)) - SCM in safe mode. Pipelines with at least one datanode reported count is 0, required at least one datanode reported per pipeline count is 1
2021-01-01 14:16:56,494 [IPC Server handler 4 on default port 35419] INFO  net.NetworkTopologyImpl (NetworkTopologyImpl.java:add(111)) - Added a new node: /default-rack/f4f30912-ea27-4eb3-bee5-ae3f82ef3ad0
2021-01-01 14:16:56,494 [IPC Server handler 4 on default port 35419] INFO  node.NodeStateManager (NodeStateManager.java:newNodeStatus(257)) - Updating nodeOperationalState on registration as the datanode has a persisted state of ENTERING_MAINTENANCE and expiry of 0
2021-01-01 14:16:56,494 [IPC Server handler 4 on default port 35419] INFO  node.SCMNodeManager (SCMNodeManager.java:register(341)) - Registered Data node : f4f30912-ea27-4eb3-bee5-ae3f82ef3ad0{ip: 172.17.0.2, host: 722537d36201, networkLocation: /default-rack, certSerialId: null, persistedOpState: ENTERING_MAINTENANCE, persistedOpStateExpiryEpochSec: 0}
2021-01-01 14:16:56,494 [EventQueue-NodeRegistrationContainerReportForDataNodeSafeModeRule] INFO  safemode.SCMSafeModeManager (SCMSafeModeManager.java:validateSafeModeExitRules(214)) - DataNodeSafeModeRule rule is successfully validated
2021-01-01 14:16:56,494 [EventQueue-NodeRegistrationContainerReportForContainerSafeModeRule] INFO  safemode.SCMSafeModeManager (SCMSafeModeManager.java:validateSafeModeExitRules(214)) - ContainerSafeModeRule rule is successfully validated
2021-01-01 14:16:56,494 [EventQueue-PipelineReportForOneReplicaPipelineSafeModeRule] INFO  safemode.SCMSafeModeManager (OneReplicaPipelineSafeModeRule.java:process(127)) - SCM in safe mode. Pipelines with at least one datanode reported count is 0, required at least one datanode reported per pipeline count is 1
2021-01-01 14:16:56,502 [IPC Server handler 5 on default port 35419] INFO  net.NetworkTopologyImpl (NetworkTopologyImpl.java:add(111)) - Added a new node: /default-rack/b05a1b8e-b732-4ead-90c9-c61088a01b0a
2021-01-01 14:16:56,502 [IPC Server handler 5 on default port 35419] INFO  node.SCMNodeManager (SCMNodeManager.java:register(341)) - Registered Data node : b05a1b8e-b732-4ead-90c9-c61088a01b0a{ip: 172.17.0.2, host: 722537d36201, networkLocation: /default-rack, certSerialId: null, persistedOpState: IN_SERVICE, persistedOpStateExpiryEpochSec: 0}
2021-01-01 14:16:56,502 [EventQueue-NodeRegistrationContainerReportForContainerSafeModeRule] INFO  safemode.SCMSafeModeManager (SCMSafeModeManager.java:validateSafeModeExitRules(214)) - ContainerSafeModeRule rule is successfully validated
2021-01-01 14:16:56,502 [EventQueue-NodeRegistrationContainerReportForDataNodeSafeModeRule] INFO  safemode.SCMSafeModeManager (SCMSafeModeManager.java:validateSafeModeExitRules(214)) - DataNodeSafeModeRule rule is successfully validated
2021-01-01 14:16:56,502 [EventQueue-PipelineReportForOneReplicaPipelineSafeModeRule] INFO  safemode.SCMSafeModeManager (OneReplicaPipelineSafeModeRule.java:process(127)) - SCM in safe mode. Pipelines with at least one datanode reported count is 1, required at least one datanode reported per pipeline count is 1
2021-01-01 14:16:56,502 [EventQueue-PipelineReportForOneReplicaPipelineSafeModeRule] INFO  safemode.SCMSafeModeManager (SCMSafeModeManager.java:validateSafeModeExitRules(214)) - AtleastOneDatanodeReportedRule rule is successfully validated
2021-01-01 14:16:56,503 [IPC Server handler 6 on default port 35419] INFO  net.NetworkTopologyImpl (NetworkTopologyImpl.java:add(111)) - Added a new node: /default-rack/ee53c20d-fee6-4df8-8e2d-61e62324c9a5
2021-01-01 14:16:56,503 [IPC Server handler 6 on default port 35419] INFO  node.SCMNodeManager (SCMNodeManager.java:register(341)) - Registered Data node : ee53c20d-fee6-4df8-8e2d-61e62324c9a5{ip: 172.17.0.2, host: 722537d36201, networkLocation: /default-rack, certSerialId: null, persistedOpState: IN_SERVICE, persistedOpStateExpiryEpochSec: 0}
2021-01-01 14:16:56,503 [EventQueue-NodeRegistrationContainerReportForDataNodeSafeModeRule] INFO  safemode.SCMSafeModeManager (SCMSafeModeManager.java:validateSafeModeExitRules(214)) - DataNodeSafeModeRule rule is successfully validated
2021-01-01 14:16:56,503 [EventQueue-NodeRegistrationContainerReportForContainerSafeModeRule] INFO  safemode.SCMSafeModeManager (SCMSafeModeManager.java:validateSafeModeExitRules(214)) - ContainerSafeModeRule rule is successfully validated
2021-01-01 14:16:56,504 [EventQueue-PipelineReportForOneReplicaPipelineSafeModeRule] INFO  safemode.SCMSafeModeManager (SCMSafeModeManager.java:validateSafeModeExitRules(214)) - AtleastOneDatanodeReportedRule rule is successfully validated
2021-01-01 14:16:56,504 [RatisPipelineUtilsThread] WARN  pipeline.PipelinePlacementPolicy (PipelinePlacementPolicy.java:filterViableNodes(139)) - Pipeline creation failed due to no sufficient healthy datanodes. Required 3. Found 2.
2021-01-01 14:16:56,506 [IPC Server handler 7 on default port 35419] INFO  net.NetworkTopologyImpl (NetworkTopologyImpl.java:add(111)) - Added a new node: /default-rack/6599d769-7ef0-430f-a42f-80d7661ca159
2021-01-01 14:16:56,506 [IPC Server handler 7 on default port 35419] INFO  node.SCMNodeManager (SCMNodeManager.java:register(341)) - Registered Data node : 6599d769-7ef0-430f-a42f-80d7661ca159{ip: 172.17.0.2, host: 722537d36201, networkLocation: /default-rack, certSerialId: null, persistedOpState: IN_SERVICE, persistedOpStateExpiryEpochSec: 0}
2021-01-01 14:16:56,507 [EventQueue-PipelineReportForOneReplicaPipelineSafeModeRule] INFO  safemode.SCMSafeModeManager (SCMSafeModeManager.java:validateSafeModeExitRules(214)) - AtleastOneDatanodeReportedRule rule is successfully validated
2021-01-01 14:16:56,507 [EventQueue-NodeRegistrationContainerReportForDataNodeSafeModeRule] INFO  safemode.SCMSafeModeManager (SCMSafeModeManager.java:validateSafeModeExitRules(214)) - DataNodeSafeModeRule rule is successfully validated
2021-01-01 14:16:56,507 [EventQueue-NodeRegistrationContainerReportForContainerSafeModeRule] INFO  safemode.SCMSafeModeManager (SCMSafeModeManager.java:validateSafeModeExitRules(214)) - ContainerSafeModeRule rule is successfully validated
2021-01-01 14:16:56,510 [EventQueue-OpenPipelineForHealthyPipelineSafeModeRule] INFO  safemode.SCMSafeModeManager (HealthyPipelineSafeModeRule.java:process(128)) - SCM in safe mode. Healthy pipelines reported count is 0, required healthy pipeline reported count is 1
2021-01-01 14:16:56,510 [EventQueue-OpenPipelineForHealthyPipelineSafeModeRule] INFO  safemode.SCMSafeModeManager (HealthyPipelineSafeModeRule.java:process(128)) - SCM in safe mode. Healthy pipelines reported count is 0, required healthy pipeline reported count is 1
2021-01-01 14:16:56,510 [EventQueue-OpenPipelineForHealthyPipelineSafeModeRule] INFO  safemode.SCMSafeModeManager (HealthyPipelineSafeModeRule.java:process(128)) - SCM in safe mode. Healthy pipelines reported count is 0, required healthy pipeline reported count is 1
2021-01-01 14:16:56,511 [EventQueue-OpenPipelineForHealthyPipelineSafeModeRule] INFO  safemode.SCMSafeModeManager (HealthyPipelineSafeModeRule.java:process(128)) - SCM in safe mode. Healthy pipelines reported count is 1, required healthy pipeline reported count is 1
2021-01-01 14:16:56,511 [EventQueue-OpenPipelineForHealthyPipelineSafeModeRule] INFO  safemode.SCMSafeModeManager (SCMSafeModeManager.java:validateSafeModeExitRules(214)) - HealthyPipelineSafeModeRule rule is successfully validated
2021-01-01 14:16:56,511 [EventQueue-OpenPipelineForHealthyPipelineSafeModeRule] INFO  safemode.SCMSafeModeManager (SCMSafeModeManager.java:validateSafeModeExitRules(228)) - ScmSafeModeManager, all rules are successfully validated
2021-01-01 14:16:56,511 [EventQueue-OpenPipelineForHealthyPipelineSafeModeRule] INFO  safemode.SCMSafeModeManager (SCMSafeModeManager.java:exitSafeMode(257)) - SCM exiting safe mode.
2021-01-01 14:16:56,606 [EventQueue-StartAdminOnNodeForStartDatanodeAdminHandler] INFO  node.StartDatanodeAdminHandler (StartDatanodeAdminHandler.java:onMessage(56)) - Admin start on datanode 9a3e098b-d23a-435e-81b9-d52adff52c28{ip: 172.17.0.2, host: 722537d36201, networkLocation: /default-rack, certSerialId: null, persistedOpState: ENTERING_MAINTENANCE, persistedOpStateExpiryEpochSec: 0}. Finalizing its pipelines []
2021-01-01 14:16:56,606 [DatanodeAdminManager-0] INFO  node.DatanodeAdminMonitorImpl (DatanodeAdminMonitorImpl.java:checkContainersReplicatedOnNode(297)) - f4f30912-ea27-4eb3-bee5-ae3f82ef3ad0{ip: 172.17.0.2, host: 722537d36201, networkLocation: /default-rack, certSerialId: null, persistedOpState: ENTERING_MAINTENANCE, persistedOpStateExpiryEpochSec: 0} has 0 sufficientlyReplicated, 2 underReplicated and 0 unhealthy containers
2021-01-01 14:16:56,606 [EventQueue-StartAdminOnNodeForStartDatanodeAdminHandler] INFO  node.StartDatanodeAdminHandler (StartDatanodeAdminHandler.java:onMessage(56)) - Admin start on datanode f4f30912-ea27-4eb3-bee5-ae3f82ef3ad0{ip: 172.17.0.2, host: 722537d36201, networkLocation: /default-rack, certSerialId: null, persistedOpState: ENTERING_MAINTENANCE, persistedOpStateExpiryEpochSec: 0}. Finalizing its pipelines []
2021-01-01 14:16:56,606 [DatanodeAdminManager-0] INFO  node.DatanodeAdminMonitorImpl (DatanodeAdminMonitorImpl.java:checkContainersReplicatedOnNode(297)) - 7cefa8e9-48e2-4714-becf-e2fa99455696{ip: 172.17.0.2, host: 722537d36201, networkLocation: /default-rack, certSerialId: null, persistedOpState: ENTERING_MAINTENANCE, persistedOpStateExpiryEpochSec: 0} has 0 sufficientlyReplicated, 2 underReplicated and 0 unhealthy containers
2021-01-01 14:16:56,606 [DatanodeAdminManager-0] INFO  node.DatanodeAdminMonitorImpl (DatanodeAdminMonitorImpl.java:checkContainersReplicatedOnNode(297)) - 9a3e098b-d23a-435e-81b9-d52adff52c28{ip: 172.17.0.2, host: 722537d36201, networkLocation: /default-rack, certSerialId: null, persistedOpState: ENTERING_MAINTENANCE, persistedOpStateExpiryEpochSec: 0} has 0 sufficientlyReplicated, 2 underReplicated and 0 unhealthy containers
2021-01-01 14:16:56,606 [DatanodeAdminManager-0] INFO  node.DatanodeAdminMonitorImpl (DatanodeAdminMonitorImpl.java:run(136)) - There are 3 nodes tracked for decommission and maintenance. 0 pending nodes.
2021-01-01 14:16:56,812 [Listener at 0.0.0.0/41791] INFO  ozone.MiniOzoneClusterImpl (MiniOzoneClusterImpl.java:lambda$waitForClusterToBeReady$0(178)) - Nodes are ready. Got 6 of 6 DN Heartbeats.
2021-01-01 14:16:56,812 [Listener at 0.0.0.0/41791] INFO  ozone.MiniOzoneClusterImpl (MiniOzoneClusterImpl.java:lambda$waitForClusterToBeReady$0(181)) - Cluster exits safe mode
2021-01-01 14:16:57,606 [DatanodeAdminManager-0] INFO  node.DatanodeAdminMonitorImpl (DatanodeAdminMonitorImpl.java:checkContainersReplicatedOnNode(297)) - f4f30912-ea27-4eb3-bee5-ae3f82ef3ad0{ip: 172.17.0.2, host: 722537d36201, networkLocation: /default-rack, certSerialId: null, persistedOpState: ENTERING_MAINTENANCE, persistedOpStateExpiryEpochSec: 0} has 0 sufficientlyReplicated, 2 underReplicated and 0 unhealthy containers
2021-01-01 14:16:57,606 [DatanodeAdminManager-0] INFO  node.DatanodeAdminMonitorImpl (DatanodeAdminMonitorImpl.java:checkContainersReplicatedOnNode(297)) - 7cefa8e9-48e2-4714-becf-e2fa99455696{ip: 172.17.0.2, host: 722537d36201, networkLocation: /default-rack, certSerialId: null, persistedOpState: ENTERING_MAINTENANCE, persistedOpStateExpiryEpochSec: 0} has 0 sufficientlyReplicated, 2 underReplicated and 0 unhealthy containers
2021-01-01 14:16:57,606 [DatanodeAdminManager-0] INFO  node.DatanodeAdminMonitorImpl (DatanodeAdminMonitorImpl.java:checkContainersReplicatedOnNode(297)) - 9a3e098b-d23a-435e-81b9-d52adff52c28{ip: 172.17.0.2, host: 722537d36201, networkLocation: /default-rack, certSerialId: null, persistedOpState: ENTERING_MAINTENANCE, persistedOpStateExpiryEpochSec: 0} has 0 sufficientlyReplicated, 2 underReplicated and 0 unhealthy containers
2021-01-01 14:16:57,606 [DatanodeAdminManager-0] INFO  node.DatanodeAdminMonitorImpl (DatanodeAdminMonitorImpl.java:run(136)) - There are 3 nodes tracked for decommission and maintenance. 0 pending nodes.
2021-01-01 14:16:58,606 [DatanodeAdminManager-0] INFO  node.DatanodeAdminMonitorImpl (DatanodeAdminMonitorImpl.java:checkContainersReplicatedOnNode(297)) - f4f30912-ea27-4eb3-bee5-ae3f82ef3ad0{ip: 172.17.0.2, host: 722537d36201, networkLocation: /default-rack, certSerialId: null, persistedOpState: ENTERING_MAINTENANCE, persistedOpStateExpiryEpochSec: 0} has 0 sufficientlyReplicated, 2 underReplicated and 0 unhealthy containers
2021-01-01 14:16:58,606 [DatanodeAdminManager-0] INFO  node.DatanodeAdminMonitorImpl (DatanodeAdminMonitorImpl.java:checkContainersReplicatedOnNode(297)) - 7cefa8e9-48e2-4714-becf-e2fa99455696{ip: 172.17.0.2, host: 722537d36201, networkLocation: /default-rack, certSerialId: null, persistedOpState: ENTERING_MAINTENANCE, persistedOpStateExpiryEpochSec: 0} has 0 sufficientlyReplicated, 2 underReplicated and 0 unhealthy containers
2021-01-01 14:16:58,606 [DatanodeAdminManager-0] INFO  node.DatanodeAdminMonitorImpl (DatanodeAdminMonitorImpl.java:checkContainersReplicatedOnNode(297)) - 9a3e098b-d23a-435e-81b9-d52adff52c28{ip: 172.17.0.2, host: 722537d36201, networkLocation: /default-rack, certSerialId: null, persistedOpState: ENTERING_MAINTENANCE, persistedOpStateExpiryEpochSec: 0} has 0 sufficientlyReplicated, 2 underReplicated and 0 unhealthy containers
2021-01-01 14:16:58,606 [DatanodeAdminManager-0] INFO  node.DatanodeAdminMonitorImpl (DatanodeAdminMonitorImpl.java:run(136)) - There are 3 nodes tracked for decommission and maintenance. 0 pending nodes.
2021-01-01 14:16:59,511 [EventQueue-Delayed safe mode statusForReplicationManager] INFO  container.ReplicationManager (ReplicationManager.java:start(186)) - Starting Replication Monitor Thread.
2021-01-01 14:16:59,516 [ReplicationMonitor] INFO  container.ReplicationManager (ReplicationManager.java:forceCloseContainer(633)) - Force closing container #1 with BCSID 33, which is in QUASI_CLOSED state.
2021-01-01 14:16:59,516 [ReplicationMonitor] INFO  container.ReplicationManager (ReplicationManager.java:sendCloseCommand(948)) - Sending close container command for container #1 to datanode 7cefa8e9-48e2-4714-becf-e2fa99455696{ip: 172.17.0.2, host: 722537d36201, networkLocation: /default-rack, certSerialId: null, persistedOpState: ENTERING_MAINTENANCE, persistedOpStateExpiryEpochSec: 0}.
2021-01-01 14:16:59,524 [ReplicationMonitor] INFO  container.ReplicationManager (ReplicationManager.java:sendCloseCommand(948)) - Sending close container command for container #1 to datanode f4f30912-ea27-4eb3-bee5-ae3f82ef3ad0{ip: 172.17.0.2, host: 722537d36201, networkLocation: /default-rack, certSerialId: null, persistedOpState: ENTERING_MAINTENANCE, persistedOpStateExpiryEpochSec: 0}.
2021-01-01 14:16:59,524 [ReplicationMonitor] INFO  container.ReplicationManager (ReplicationManager.java:sendCloseCommand(948)) - Sending close container command for container #1 to datanode 9a3e098b-d23a-435e-81b9-d52adff52c28{ip: 172.17.0.2, host: 722537d36201, networkLocation: /default-rack, certSerialId: null, persistedOpState: ENTERING_MAINTENANCE, persistedOpStateExpiryEpochSec: 0}.
2021-01-01 14:16:59,524 [ReplicationMonitor] INFO  container.ReplicationManager (ReplicationManager.java:forceCloseContainer(633)) - Force closing container #3 with BCSID 29, which is in QUASI_CLOSED state.
2021-01-01 14:16:59,524 [ReplicationMonitor] INFO  container.ReplicationManager (ReplicationManager.java:sendCloseCommand(948)) - Sending close container command for container #3 to datanode 7cefa8e9-48e2-4714-becf-e2fa99455696{ip: 172.17.0.2, host: 722537d36201, networkLocation: /default-rack, certSerialId: null, persistedOpState: ENTERING_MAINTENANCE, persistedOpStateExpiryEpochSec: 0}.
2021-01-01 14:16:59,525 [ReplicationMonitor] INFO  container.ReplicationManager (ReplicationManager.java:sendCloseCommand(948)) - Sending close container command for container #3 to datanode 9a3e098b-d23a-435e-81b9-d52adff52c28{ip: 172.17.0.2, host: 722537d36201, networkLocation: /default-rack, certSerialId: null, persistedOpState: ENTERING_MAINTENANCE, persistedOpStateExpiryEpochSec: 0}.
2021-01-01 14:16:59,525 [ReplicationMonitor] INFO  container.ReplicationManager (ReplicationManager.java:sendCloseCommand(948)) - Sending close container command for container #3 to datanode f4f30912-ea27-4eb3-bee5-ae3f82ef3ad0{ip: 172.17.0.2, host: 722537d36201, networkLocation: /default-rack, certSerialId: null, persistedOpState: ENTERING_MAINTENANCE, persistedOpStateExpiryEpochSec: 0}.
2021-01-01 14:16:59,525 [ReplicationMonitor] INFO  container.ReplicationManager (ReplicationManager.java:run(250)) - Replication Monitor Thread took 10 milliseconds for processing 4 containers.
2021-01-01 14:16:59,606 [DatanodeAdminManager-0] INFO  node.DatanodeAdminMonitorImpl (DatanodeAdminMonitorImpl.java:checkContainersReplicatedOnNode(297)) - f4f30912-ea27-4eb3-bee5-ae3f82ef3ad0{ip: 172.17.0.2, host: 722537d36201, networkLocation: /default-rack, certSerialId: null, persistedOpState: ENTERING_MAINTENANCE, persistedOpStateExpiryEpochSec: 0} has 0 sufficientlyReplicated, 2 underReplicated and 0 unhealthy containers
2021-01-01 14:16:59,606 [DatanodeAdminManager-0] INFO  node.DatanodeAdminMonitorImpl (DatanodeAdminMonitorImpl.java:checkContainersReplicatedOnNode(297)) - 7cefa8e9-48e2-4714-becf-e2fa99455696{ip: 172.17.0.2, host: 722537d36201, networkLocation: /default-rack, certSerialId: null, persistedOpState: ENTERING_MAINTENANCE, persistedOpStateExpiryEpochSec: 0} has 0 sufficientlyReplicated, 2 underReplicated and 0 unhealthy containers
2021-01-01 14:16:59,606 [DatanodeAdminManager-0] INFO  node.DatanodeAdminMonitorImpl (DatanodeAdminMonitorImpl.java:checkContainersReplicatedOnNode(297)) - 9a3e098b-d23a-435e-81b9-d52adff52c28{ip: 172.17.0.2, host: 722537d36201, networkLocation: /default-rack, certSerialId: null, persistedOpState: ENTERING_MAINTENANCE, persistedOpStateExpiryEpochSec: 0} has 0 sufficientlyReplicated, 2 underReplicated and 0 unhealthy containers
2021-01-01 14:16:59,606 [DatanodeAdminManager-0] INFO  node.DatanodeAdminMonitorImpl (DatanodeAdminMonitorImpl.java:run(136)) - There are 3 nodes tracked for decommission and maintenance. 0 pending nodes.
2021-01-01 14:17:00,525 [ReplicationMonitor] INFO  container.ReplicationManager (ReplicationManager.java:forceCloseContainer(633)) - Force closing container #1 with BCSID 33, which is in QUASI_CLOSED state.
2021-01-01 14:17:00,525 [ReplicationMonitor] INFO  container.ReplicationManager (ReplicationManager.java:sendCloseCommand(948)) - Sending close container command for container #1 to datanode 7cefa8e9-48e2-4714-becf-e2fa99455696{ip: 172.17.0.2, host: 722537d36201, networkLocation: /default-rack, certSerialId: null, persistedOpState: ENTERING_MAINTENANCE, persistedOpStateExpiryEpochSec: 0}.
2021-01-01 14:17:00,525 [ReplicationMonitor] INFO  container.ReplicationManager (ReplicationManager.java:sendCloseCommand(948)) - Sending close container command for container #1 to datanode f4f30912-ea27-4eb3-bee5-ae3f82ef3ad0{ip: 172.17.0.2, host: 722537d36201, networkLocation: /default-rack, certSerialId: null, persistedOpState: ENTERING_MAINTENANCE, persistedOpStateExpiryEpochSec: 0}.
2021-01-01 14:17:00,525 [ReplicationMonitor] INFO  container.ReplicationManager (ReplicationManager.java:sendCloseCommand(948)) - Sending close container command for container #1 to datanode 9a3e098b-d23a-435e-81b9-d52adff52c28{ip: 172.17.0.2, host: 722537d36201, networkLocation: /default-rack, certSerialId: null, persistedOpState: ENTERING_MAINTENANCE, persistedOpStateExpiryEpochSec: 0}.
2021-01-01 14:17:00,525 [ReplicationMonitor] INFO  container.ReplicationManager (ReplicationManager.java:forceCloseContainer(633)) - Force closing container #3 with BCSID 29, which is in QUASI_CLOSED state.
2021-01-01 14:17:00,525 [ReplicationMonitor] INFO  container.ReplicationManager (ReplicationManager.java:sendCloseCommand(948)) - Sending close container command for container #3 to datanode 7cefa8e9-48e2-4714-becf-e2fa99455696{ip: 172.17.0.2, host: 722537d36201, networkLocation: /default-rack, certSerialId: null, persistedOpState: ENTERING_MAINTENANCE, persistedOpStateExpiryEpochSec: 0}.
2021-01-01 14:17:00,525 [ReplicationMonitor] INFO  container.ReplicationManager (ReplicationManager.java:sendCloseCommand(948)) - Sending close container command for container #3 to datanode 9a3e098b-d23a-435e-81b9-d52adff52c28{ip: 172.17.0.2, host: 722537d36201, networkLocation: /default-rack, certSerialId: null, persistedOpState: ENTERING_MAINTENANCE, persistedOpStateExpiryEpochSec: 0}.
2021-01-01 14:17:00,525 [ReplicationMonitor] INFO  container.ReplicationManager (ReplicationManager.java:sendCloseCommand(948)) - Sending close container command for container #3 to datanode f4f30912-ea27-4eb3-bee5-ae3f82ef3ad0{ip: 172.17.0.2, host: 722537d36201, networkLocation: /default-rack, certSerialId: null, persistedOpState: ENTERING_MAINTENANCE, persistedOpStateExpiryEpochSec: 0}.
2021-01-01 14:17:00,526 [ReplicationMonitor] INFO  container.ReplicationManager (ReplicationManager.java:run(250)) - Replication Monitor Thread took 1 milliseconds for processing 4 containers.
2021-01-01 14:17:00,606 [DatanodeAdminManager-0] INFO  node.DatanodeAdminMonitorImpl (DatanodeAdminMonitorImpl.java:checkContainersReplicatedOnNode(297)) - f4f30912-ea27-4eb3-bee5-ae3f82ef3ad0{ip: 172.17.0.2, host: 722537d36201, networkLocation: /default-rack, certSerialId: null, persistedOpState: ENTERING_MAINTENANCE, persistedOpStateExpiryEpochSec: 0} has 0 sufficientlyReplicated, 2 underReplicated and 0 unhealthy containers
2021-01-01 14:17:00,606 [DatanodeAdminManager-0] INFO  node.DatanodeAdminMonitorImpl (DatanodeAdminMonitorImpl.java:checkContainersReplicatedOnNode(297)) - 7cefa8e9-48e2-4714-becf-e2fa99455696{ip: 172.17.0.2, host: 722537d36201, networkLocation: /default-rack, certSerialId: null, persistedOpState: ENTERING_MAINTENANCE, persistedOpStateExpiryEpochSec: 0} has 0 sufficientlyReplicated, 2 underReplicated and 0 unhealthy containers
2021-01-01 14:17:00,606 [DatanodeAdminManager-0] INFO  node.DatanodeAdminMonitorImpl (DatanodeAdminMonitorImpl.java:checkContainersReplicatedOnNode(297)) - 9a3e098b-d23a-435e-81b9-d52adff52c28{ip: 172.17.0.2, host: 722537d36201, networkLocation: /default-rack, certSerialId: null, persistedOpState: ENTERING_MAINTENANCE, persistedOpStateExpiryEpochSec: 0} has 0 sufficientlyReplicated, 2 underReplicated and 0 unhealthy containers
2021-01-01 14:17:00,606 [DatanodeAdminManager-0] INFO  node.DatanodeAdminMonitorImpl (DatanodeAdminMonitorImpl.java:run(136)) - There are 3 nodes tracked for decommission and maintenance. 0 pending nodes.
2021-01-01 14:17:01,526 [ReplicationMonitor] INFO  container.ReplicationManager (ReplicationManager.java:forceCloseContainer(633)) - Force closing container #1 with BCSID 33, which is in QUASI_CLOSED state.
2021-01-01 14:17:01,526 [ReplicationMonitor] INFO  container.ReplicationManager (ReplicationManager.java:sendCloseCommand(948)) - Sending close container command for container #1 to datanode 7cefa8e9-48e2-4714-becf-e2fa99455696{ip: 172.17.0.2, host: 722537d36201, networkLocation: /default-rack, certSerialId: null, persistedOpState: ENTERING_MAINTENANCE, persistedOpStateExpiryEpochSec: 0}.
2021-01-01 14:17:01,526 [ReplicationMonitor] INFO  container.ReplicationManager (ReplicationManager.java:sendCloseCommand(948)) - Sending close container command for container #1 to datanode f4f30912-ea27-4eb3-bee5-ae3f82ef3ad0{ip: 172.17.0.2, host: 722537d36201, networkLocation: /default-rack, certSerialId: null, persistedOpState: ENTERING_MAINTENANCE, persistedOpStateExpiryEpochSec: 0}.
2021-01-01 14:17:01,526 [ReplicationMonitor] INFO  container.ReplicationManager (ReplicationManager.java:sendCloseCommand(948)) - Sending close container command for container #1 to datanode 9a3e098b-d23a-435e-81b9-d52adff52c28{ip: 172.17.0.2, host: 722537d36201, networkLocation: /default-rack, certSerialId: null, persistedOpState: ENTERING_MAINTENANCE, persistedOpStateExpiryEpochSec: 0}.
2021-01-01 14:17:01,526 [ReplicationMonitor] INFO  container.ReplicationManager (ReplicationManager.java:forceCloseContainer(633)) - Force closing container #3 with BCSID 29, which is in QUASI_CLOSED state.
2021-01-01 14:17:01,526 [ReplicationMonitor] INFO  container.ReplicationManager (ReplicationManager.java:sendCloseCommand(948)) - Sending close container command for container #3 to datanode 7cefa8e9-48e2-4714-becf-e2fa99455696{ip: 172.17.0.2, host: 722537d36201, networkLocation: /default-rack, certSerialId: null, persistedOpState: ENTERING_MAINTENANCE, persistedOpStateExpiryEpochSec: 0}.
2021-01-01 14:17:01,526 [ReplicationMonitor] INFO  container.ReplicationManager (ReplicationManager.java:sendCloseCommand(948)) - Sending close container command for container #3 to datanode 9a3e098b-d23a-435e-81b9-d52adff52c28{ip: 172.17.0.2, host: 722537d36201, networkLocation: /default-rack, certSerialId: null, persistedOpState: ENTERING_MAINTENANCE, persistedOpStateExpiryEpochSec: 0}.
2021-01-01 14:17:01,526 [ReplicationMonitor] INFO  container.ReplicationManager (ReplicationManager.java:sendCloseCommand(948)) - Sending close container command for container #3 to datanode f4f30912-ea27-4eb3-bee5-ae3f82ef3ad0{ip: 172.17.0.2, host: 722537d36201, networkLocation: /default-rack, certSerialId: null, persistedOpState: ENTERING_MAINTENANCE, persistedOpStateExpiryEpochSec: 0}.
2021-01-01 14:17:01,526 [ReplicationMonitor] INFO  container.ReplicationManager (ReplicationManager.java:run(250)) - Replication Monitor Thread took 1 milliseconds for processing 4 containers.
2021-01-01 14:17:01,606 [DatanodeAdminManager-0] INFO  node.DatanodeAdminMonitorImpl (DatanodeAdminMonitorImpl.java:checkContainersReplicatedOnNode(297)) - f4f30912-ea27-4eb3-bee5-ae3f82ef3ad0{ip: 172.17.0.2, host: 722537d36201, networkLocation: /default-rack, certSerialId: null, persistedOpState: ENTERING_MAINTENANCE, persistedOpStateExpiryEpochSec: 0} has 0 sufficientlyReplicated, 2 underReplicated and 0 unhealthy containers
2021-01-01 14:17:01,606 [DatanodeAdminManager-0] INFO  node.DatanodeAdminMonitorImpl (DatanodeAdminMonitorImpl.java:checkContainersReplicatedOnNode(297)) - 7cefa8e9-48e2-4714-becf-e2fa99455696{ip: 172.17.0.2, host: 722537d36201, networkLocation: /default-rack, certSerialId: null, persistedOpState: ENTERING_MAINTENANCE, persistedOpStateExpiryEpochSec: 0} has 0 sufficientlyReplicated, 2 underReplicated and 0 unhealthy containers
2021-01-01 14:17:01,606 [DatanodeAdminManager-0] INFO  node.DatanodeAdminMonitorImpl (DatanodeAdminMonitorImpl.java:checkContainersReplicatedOnNode(297)) - 9a3e098b-d23a-435e-81b9-d52adff52c28{ip: 172.17.0.2, host: 722537d36201, networkLocation: /default-rack, certSerialId: null, persistedOpState: ENTERING_MAINTENANCE, persistedOpStateExpiryEpochSec: 0} has 0 sufficientlyReplicated, 2 underReplicated and 0 unhealthy containers
2021-01-01 14:17:01,606 [DatanodeAdminManager-0] INFO  node.DatanodeAdminMonitorImpl (DatanodeAdminMonitorImpl.java:run(136)) - There are 3 nodes tracked for decommission and maintenance. 0 pending nodes.
2021-01-01 14:17:02,474 [Command processor thread] INFO  keyvalue.KeyValueContainer (KeyValueContainer.java:flushAndSyncDB(388)) - Container 1 is synced with bcsId 33.
2021-01-01 14:17:02,475 [Command processor thread] INFO  keyvalue.KeyValueContainer (KeyValueContainer.java:flushAndSyncDB(388)) - Container 1 is synced with bcsId 33.
2021-01-01 14:17:02,476 [Command processor thread] INFO  keyvalue.KeyValueContainer (KeyValueContainer.java:close(326)) - Container 1 is closed with bcsId 33.
2021-01-01 14:17:02,477 [Command processor thread] INFO  keyvalue.KeyValueContainer (KeyValueContainer.java:flushAndSyncDB(388)) - Container 3 is synced with bcsId 29.
2021-01-01 14:17:02,477 [Command processor thread] INFO  keyvalue.KeyValueContainer (KeyValueContainer.java:flushAndSyncDB(388)) - Container 3 is synced with bcsId 29.
2021-01-01 14:17:02,478 [EventQueue-IncrementalContainerReportForIncrementalContainerReportHandler] INFO  container.IncrementalContainerReportHandler (AbstractContainerReportHandler.java:updateContainerState(241)) - Moving container #1 to CLOSED state, datanode 9a3e098b-d23a-435e-81b9-d52adff52c28{ip: 172.17.0.2, host: 722537d36201, networkLocation: /default-rack, certSerialId: null, persistedOpState: ENTERING_MAINTENANCE, persistedOpStateExpiryEpochSec: 0} reported CLOSED replica.
2021-01-01 14:17:02,481 [Command processor thread] INFO  keyvalue.KeyValueContainer (KeyValueContainer.java:close(326)) - Container 3 is closed with bcsId 29.
2021-01-01 14:17:02,482 [EventQueue-IncrementalContainerReportForIncrementalContainerReportHandler] INFO  container.IncrementalContainerReportHandler (AbstractContainerReportHandler.java:updateContainerState(241)) - Moving container #3 to CLOSED state, datanode 9a3e098b-d23a-435e-81b9-d52adff52c28{ip: 172.17.0.2, host: 722537d36201, networkLocation: /default-rack, certSerialId: null, persistedOpState: ENTERING_MAINTENANCE, persistedOpStateExpiryEpochSec: 0} reported CLOSED replica.
2021-01-01 14:17:02,489 [Command processor thread] INFO  keyvalue.KeyValueContainer (KeyValueContainer.java:flushAndSyncDB(388)) - Container 1 is synced with bcsId 33.
2021-01-01 14:17:02,489 [Command processor thread] INFO  keyvalue.KeyValueContainer (KeyValueContainer.java:flushAndSyncDB(388)) - Container 1 is synced with bcsId 33.
2021-01-01 14:17:02,490 [Command processor thread] INFO  keyvalue.KeyValueContainer (KeyValueContainer.java:close(326)) - Container 1 is closed with bcsId 33.
2021-01-01 14:17:02,490 [Command processor thread] INFO  keyvalue.KeyValueContainer (KeyValueContainer.java:flushAndSyncDB(388)) - Container 3 is synced with bcsId 29.
2021-01-01 14:17:02,490 [Command processor thread] INFO  keyvalue.KeyValueContainer (KeyValueContainer.java:flushAndSyncDB(388)) - Container 3 is synced with bcsId 29.
2021-01-01 14:17:02,491 [Command processor thread] INFO  keyvalue.KeyValueContainer (KeyValueContainer.java:close(326)) - Container 3 is closed with bcsId 29.
2021-01-01 14:17:02,494 [Command processor thread] INFO  keyvalue.KeyValueContainer (KeyValueContainer.java:flushAndSyncDB(388)) - Container 1 is synced with bcsId 33.
2021-01-01 14:17:02,494 [Command processor thread] INFO  keyvalue.KeyValueContainer (KeyValueContainer.java:flushAndSyncDB(388)) - Container 1 is synced with bcsId 33.
2021-01-01 14:17:02,495 [Command processor thread] INFO  keyvalue.KeyValueContainer (KeyValueContainer.java:close(326)) - Container 1 is closed with bcsId 33.
2021-01-01 14:17:02,495 [Command processor thread] INFO  keyvalue.KeyValueContainer (KeyValueContainer.java:flushAndSyncDB(388)) - Container 3 is synced with bcsId 29.
2021-01-01 14:17:02,495 [Command processor thread] INFO  keyvalue.KeyValueContainer (KeyValueContainer.java:flushAndSyncDB(388)) - Container 3 is synced with bcsId 29.
2021-01-01 14:17:02,497 [Command processor thread] INFO  keyvalue.KeyValueContainer (KeyValueContainer.java:close(326)) - Container 3 is closed with bcsId 29.
2021-01-01 14:17:02,527 [ReplicationMonitor] INFO  container.ReplicationManager (ReplicationManager.java:handleUnderReplicatedContainer(722)) - Container #1 is under replicated. Expected replica count is 3, but found 1.
2021-01-01 14:17:02,527 [ReplicationMonitor] INFO  container.ReplicationManager (ReplicationManager.java:sendReplicateCommand(970)) - Sending replicate container command for container #1 to datanode 6599d769-7ef0-430f-a42f-80d7661ca159{ip: 172.17.0.2, host: 722537d36201, networkLocation: /default-rack, certSerialId: null, persistedOpState: IN_SERVICE, persistedOpStateExpiryEpochSec: 0}
2021-01-01 14:17:02,527 [ReplicationMonitor] INFO  container.ReplicationManager (ReplicationManager.java:sendReplicateCommand(970)) - Sending replicate container command for container #1 to datanode b05a1b8e-b732-4ead-90c9-c61088a01b0a{ip: 172.17.0.2, host: 722537d36201, networkLocation: /default-rack, certSerialId: null, persistedOpState: IN_SERVICE, persistedOpStateExpiryEpochSec: 0}
2021-01-01 14:17:02,527 [ReplicationMonitor] INFO  container.ReplicationManager (ReplicationManager.java:handleUnderReplicatedContainer(722)) - Container #3 is under replicated. Expected replica count is 3, but found 1.
2021-01-01 14:17:02,527 [ReplicationMonitor] INFO  container.ReplicationManager (ReplicationManager.java:sendReplicateCommand(970)) - Sending replicate container command for container #3 to datanode ee53c20d-fee6-4df8-8e2d-61e62324c9a5{ip: 172.17.0.2, host: 722537d36201, networkLocation: /default-rack, certSerialId: null, persistedOpState: IN_SERVICE, persistedOpStateExpiryEpochSec: 0}
2021-01-01 14:17:02,527 [ReplicationMonitor] INFO  container.ReplicationManager (ReplicationManager.java:sendReplicateCommand(970)) - Sending replicate container command for container #3 to datanode 6599d769-7ef0-430f-a42f-80d7661ca159{ip: 172.17.0.2, host: 722537d36201, networkLocation: /default-rack, certSerialId: null, persistedOpState: IN_SERVICE, persistedOpStateExpiryEpochSec: 0}
2021-01-01 14:17:02,527 [ReplicationMonitor] INFO  container.ReplicationManager (ReplicationManager.java:run(250)) - Replication Monitor Thread took 0 milliseconds for processing 4 containers.
2021-01-01 14:17:02,606 [DatanodeAdminManager-0] INFO  node.DatanodeAdminMonitorImpl (DatanodeAdminMonitorImpl.java:checkContainersReplicatedOnNode(297)) - f4f30912-ea27-4eb3-bee5-ae3f82ef3ad0{ip: 172.17.0.2, host: 722537d36201, networkLocation: /default-rack, certSerialId: null, persistedOpState: ENTERING_MAINTENANCE, persistedOpStateExpiryEpochSec: 0} has 0 sufficientlyReplicated, 2 underReplicated and 0 unhealthy containers
2021-01-01 14:17:02,606 [DatanodeAdminManager-0] INFO  node.DatanodeAdminMonitorImpl (DatanodeAdminMonitorImpl.java:checkContainersReplicatedOnNode(297)) - 7cefa8e9-48e2-4714-becf-e2fa99455696{ip: 172.17.0.2, host: 722537d36201, networkLocation: /default-rack, certSerialId: null, persistedOpState: ENTERING_MAINTENANCE, persistedOpStateExpiryEpochSec: 0} has 0 sufficientlyReplicated, 2 underReplicated and 0 unhealthy containers
2021-01-01 14:17:02,606 [DatanodeAdminManager-0] INFO  node.DatanodeAdminMonitorImpl (DatanodeAdminMonitorImpl.java:checkContainersReplicatedOnNode(297)) - 9a3e098b-d23a-435e-81b9-d52adff52c28{ip: 172.17.0.2, host: 722537d36201, networkLocation: /default-rack, certSerialId: null, persistedOpState: ENTERING_MAINTENANCE, persistedOpStateExpiryEpochSec: 0} has 0 sufficientlyReplicated, 2 underReplicated and 0 unhealthy containers
2021-01-01 14:17:02,606 [DatanodeAdminManager-0] INFO  node.DatanodeAdminMonitorImpl (DatanodeAdminMonitorImpl.java:run(136)) - There are 3 nodes tracked for decommission and maintenance. 0 pending nodes.
2021-01-01 14:17:03,528 [ReplicationMonitor] INFO  container.ReplicationManager (ReplicationManager.java:run(250)) - Replication Monitor Thread took 0 milliseconds for processing 4 containers.
2021-01-01 14:17:03,606 [DatanodeAdminManager-0] INFO  node.DatanodeAdminMonitorImpl (DatanodeAdminMonitorImpl.java:checkContainersReplicatedOnNode(297)) - f4f30912-ea27-4eb3-bee5-ae3f82ef3ad0{ip: 172.17.0.2, host: 722537d36201, networkLocation: /default-rack, certSerialId: null, persistedOpState: ENTERING_MAINTENANCE, persistedOpStateExpiryEpochSec: 0} has 0 sufficientlyReplicated, 2 underReplicated and 0 unhealthy containers
2021-01-01 14:17:03,606 [DatanodeAdminManager-0] INFO  node.DatanodeAdminMonitorImpl (DatanodeAdminMonitorImpl.java:checkContainersReplicatedOnNode(297)) - 7cefa8e9-48e2-4714-becf-e2fa99455696{ip: 172.17.0.2, host: 722537d36201, networkLocation: /default-rack, certSerialId: null, persistedOpState: ENTERING_MAINTENANCE, persistedOpStateExpiryEpochSec: 0} has 0 sufficientlyReplicated, 2 underReplicated and 0 unhealthy containers
2021-01-01 14:17:03,606 [DatanodeAdminManager-0] INFO  node.DatanodeAdminMonitorImpl (DatanodeAdminMonitorImpl.java:checkContainersReplicatedOnNode(297)) - 9a3e098b-d23a-435e-81b9-d52adff52c28{ip: 172.17.0.2, host: 722537d36201, networkLocation: /default-rack, certSerialId: null, persistedOpState: ENTERING_MAINTENANCE, persistedOpStateExpiryEpochSec: 0} has 0 sufficientlyReplicated, 2 underReplicated and 0 unhealthy containers
2021-01-01 14:17:03,606 [DatanodeAdminManager-0] INFO  node.DatanodeAdminMonitorImpl (DatanodeAdminMonitorImpl.java:run(136)) - There are 3 nodes tracked for decommission and maintenance. 0 pending nodes.
2021-01-01 14:17:04,501 [ContainerReplicationThread-0] INFO  replication.DownloadAndImportReplicator (DownloadAndImportReplicator.java:replicate(106)) - Starting replication of container 1 from [7cefa8e9-48e2-4714-becf-e2fa99455696{ip: 172.17.0.2, host: 722537d36201, networkLocation: /default-rack, certSerialId: null, persistedOpState: ENTERING_MAINTENANCE, persistedOpStateExpiryEpochSec: 0}, f4f30912-ea27-4eb3-bee5-ae3f82ef3ad0{ip: 172.17.0.2, host: 722537d36201, networkLocation: /default-rack, certSerialId: null, persistedOpState: ENTERING_MAINTENANCE, persistedOpStateExpiryEpochSec: 0}, 9a3e098b-d23a-435e-81b9-d52adff52c28{ip: 172.17.0.2, host: 722537d36201, networkLocation: /default-rack, certSerialId: null, persistedOpState: ENTERING_MAINTENANCE, persistedOpStateExpiryEpochSec: 0}]
2021-01-01 14:17:04,513 [ContainerReplicationThread-0] INFO  replication.DownloadAndImportReplicator (DownloadAndImportReplicator.java:replicate(106)) - Starting replication of container 3 from [7cefa8e9-48e2-4714-becf-e2fa99455696{ip: 172.17.0.2, host: 722537d36201, networkLocation: /default-rack, certSerialId: null, persistedOpState: ENTERING_MAINTENANCE, persistedOpStateExpiryEpochSec: 0}, 9a3e098b-d23a-435e-81b9-d52adff52c28{ip: 172.17.0.2, host: 722537d36201, networkLocation: /default-rack, certSerialId: null, persistedOpState: ENTERING_MAINTENANCE, persistedOpStateExpiryEpochSec: 0}, f4f30912-ea27-4eb3-bee5-ae3f82ef3ad0{ip: 172.17.0.2, host: 722537d36201, networkLocation: /default-rack, certSerialId: null, persistedOpState: ENTERING_MAINTENANCE, persistedOpStateExpiryEpochSec: 0}]
2021-01-01 14:17:04,516 [grpc-default-executor-2] INFO  replication.GrpcReplicationService (GrpcReplicationService.java:download(52)) - Streaming container data (3) to other datanode
2021-01-01 14:17:04,521 [grpc-default-executor-2] INFO  replication.GrpcOutputStream (GrpcOutputStream.java:close(104)) - Sent 10840 bytes for container 3
2021-01-01 14:17:04,524 [grpc-default-executor-6] INFO  replication.GrpcReplicationClient (GrpcReplicationClient.java:onCompleted(177)) - Container 3 is downloaded to /github/workspace/mnt/ozone/hadoop-ozone/integration-test/target/test-dir/MiniOzoneClusterImpl-cb490d7e-6ed4-4e2b-831b-323004451de6/datanode-3/data/replication/work/container-3.tar.gz
2021-01-01 14:17:04,526 [ContainerReplicationThread-0] INFO  replication.DownloadAndImportReplicator (DownloadAndImportReplicator.java:replicate(117)) - Container 3 is downloaded, starting to import.
2021-01-01 14:17:04,526 [grpc-default-executor-6] INFO  replication.GrpcReplicationService (GrpcReplicationService.java:download(52)) - Streaming container data (1) to other datanode
2021-01-01 14:17:04,528 [ReplicationMonitor] INFO  container.ReplicationManager (ReplicationManager.java:run(250)) - Replication Monitor Thread took 0 milliseconds for processing 4 containers.
2021-01-01 14:17:04,531 [grpc-default-executor-6] INFO  replication.GrpcOutputStream (GrpcOutputStream.java:close(104)) - Sent 10861 bytes for container 1
2021-01-01 14:17:04,532 [grpc-default-executor-2] INFO  replication.GrpcReplicationClient (GrpcReplicationClient.java:onCompleted(177)) - Container 1 is downloaded to /github/workspace/mnt/ozone/hadoop-ozone/integration-test/target/test-dir/MiniOzoneClusterImpl-cb490d7e-6ed4-4e2b-831b-323004451de6/datanode-5/data/replication/work/container-1.tar.gz
2021-01-01 14:17:04,534 [ContainerReplicationThread-0] INFO  replication.DownloadAndImportReplicator (DownloadAndImportReplicator.java:replicate(117)) - Container 1 is downloaded, starting to import.
2021-01-01 14:17:04,547 [ContainerReplicationThread-0] INFO  replication.DownloadAndImportReplicator (DownloadAndImportReplicator.java:replicate(120)) - Container 3 is replicated successfully
2021-01-01 14:17:04,547 [ContainerReplicationThread-0] INFO  replication.ReplicationSupervisor (ReplicationSupervisor.java:run(146)) - Container 3 is replicated.
2021-01-01 14:17:04,549 [ContainerReplicationThread-0] INFO  replication.DownloadAndImportReplicator (DownloadAndImportReplicator.java:replicate(120)) - Container 1 is replicated successfully
2021-01-01 14:17:04,549 [ContainerReplicationThread-0] INFO  replication.ReplicationSupervisor (ReplicationSupervisor.java:run(146)) - Container 1 is replicated.
2021-01-01 14:17:04,606 [DatanodeAdminManager-0] INFO  node.DatanodeAdminMonitorImpl (DatanodeAdminMonitorImpl.java:checkContainersReplicatedOnNode(297)) - f4f30912-ea27-4eb3-bee5-ae3f82ef3ad0{ip: 172.17.0.2, host: 722537d36201, networkLocation: /default-rack, certSerialId: null, persistedOpState: ENTERING_MAINTENANCE, persistedOpStateExpiryEpochSec: 0} has 0 sufficientlyReplicated, 2 underReplicated and 0 unhealthy containers
2021-01-01 14:17:04,606 [DatanodeAdminManager-0] INFO  node.DatanodeAdminMonitorImpl (DatanodeAdminMonitorImpl.java:checkContainersReplicatedOnNode(297)) - 7cefa8e9-48e2-4714-becf-e2fa99455696{ip: 172.17.0.2, host: 722537d36201, networkLocation: /default-rack, certSerialId: null, persistedOpState: ENTERING_MAINTENANCE, persistedOpStateExpiryEpochSec: 0} has 0 sufficientlyReplicated, 2 underReplicated and 0 unhealthy containers
2021-01-01 14:17:04,606 [DatanodeAdminManager-0] INFO  node.DatanodeAdminMonitorImpl (DatanodeAdminMonitorImpl.java:checkContainersReplicatedOnNode(297)) - 9a3e098b-d23a-435e-81b9-d52adff52c28{ip: 172.17.0.2, host: 722537d36201, networkLocation: /default-rack, certSerialId: null, persistedOpState: ENTERING_MAINTENANCE, persistedOpStateExpiryEpochSec: 0} has 0 sufficientlyReplicated, 2 underReplicated and 0 unhealthy containers
2021-01-01 14:17:04,606 [DatanodeAdminManager-0] INFO  node.DatanodeAdminMonitorImpl (DatanodeAdminMonitorImpl.java:run(136)) - There are 3 nodes tracked for decommission and maintenance. 0 pending nodes.
2021-01-01 14:17:05,508 [ContainerReplicationThread-0] INFO  replication.DownloadAndImportReplicator (DownloadAndImportReplicator.java:replicate(106)) - Starting replication of container 1 from [7cefa8e9-48e2-4714-becf-e2fa99455696{ip: 172.17.0.2, host: 722537d36201, networkLocation: /default-rack, certSerialId: null, persistedOpState: ENTERING_MAINTENANCE, persistedOpStateExpiryEpochSec: 0}, f4f30912-ea27-4eb3-bee5-ae3f82ef3ad0{ip: 172.17.0.2, host: 722537d36201, networkLocation: /default-rack, certSerialId: null, persistedOpState: ENTERING_MAINTENANCE, persistedOpStateExpiryEpochSec: 0}, 9a3e098b-d23a-435e-81b9-d52adff52c28{ip: 172.17.0.2, host: 722537d36201, networkLocation: /default-rack, certSerialId: null, persistedOpState: ENTERING_MAINTENANCE, persistedOpStateExpiryEpochSec: 0}]
2021-01-01 14:17:05,508 [ContainerReplicationThread-1] INFO  replication.DownloadAndImportReplicator (DownloadAndImportReplicator.java:replicate(106)) - Starting replication of container 3 from [7cefa8e9-48e2-4714-becf-e2fa99455696{ip: 172.17.0.2, host: 722537d36201, networkLocation: /default-rack, certSerialId: null, persistedOpState: ENTERING_MAINTENANCE, persistedOpStateExpiryEpochSec: 0}, 9a3e098b-d23a-435e-81b9-d52adff52c28{ip: 172.17.0.2, host: 722537d36201, networkLocation: /default-rack, certSerialId: null, persistedOpState: ENTERING_MAINTENANCE, persistedOpStateExpiryEpochSec: 0}, f4f30912-ea27-4eb3-bee5-ae3f82ef3ad0{ip: 172.17.0.2, host: 722537d36201, networkLocation: /default-rack, certSerialId: null, persistedOpState: ENTERING_MAINTENANCE, persistedOpStateExpiryEpochSec: 0}]
2021-01-01 14:17:05,512 [grpc-default-executor-2] INFO  replication.GrpcReplicationService (GrpcReplicationService.java:download(52)) - Streaming container data (1) to other datanode
2021-01-01 14:17:05,513 [grpc-default-executor-6] INFO  replication.GrpcReplicationService (GrpcReplicationService.java:download(52)) - Streaming container data (3) to other datanode
2021-01-01 14:17:05,520 [grpc-default-executor-6] INFO  replication.GrpcOutputStream (GrpcOutputStream.java:close(104)) - Sent 10823 bytes for container 3
2021-01-01 14:17:05,521 [grpc-default-executor-3] INFO  replication.GrpcReplicationClient (GrpcReplicationClient.java:onCompleted(177)) - Container 3 is downloaded to /github/workspace/mnt/ozone/hadoop-ozone/integration-test/target/test-dir/MiniOzoneClusterImpl-cb490d7e-6ed4-4e2b-831b-323004451de6/datanode-4/data/replication/work/container-3.tar.gz
2021-01-01 14:17:05,522 [ContainerReplicationThread-1] INFO  replication.DownloadAndImportReplicator (DownloadAndImportReplicator.java:replicate(117)) - Container 3 is downloaded, starting to import.
2021-01-01 14:17:05,522 [grpc-default-executor-2] INFO  replication.GrpcOutputStream (GrpcOutputStream.java:close(104)) - Sent 10934 bytes for container 1
2021-01-01 14:17:05,525 [grpc-default-executor-2] INFO  replication.GrpcReplicationClient (GrpcReplicationClient.java:onCompleted(177)) - Container 1 is downloaded to /github/workspace/mnt/ozone/hadoop-ozone/integration-test/target/test-dir/MiniOzoneClusterImpl-cb490d7e-6ed4-4e2b-831b-323004451de6/datanode-4/data/replication/work/container-1.tar.gz
2021-01-01 14:17:05,527 [ContainerReplicationThread-0] INFO  replication.DownloadAndImportReplicator (DownloadAndImportReplicator.java:replicate(117)) - Container 1 is downloaded, starting to import.
2021-01-01 14:17:05,528 [ReplicationMonitor] INFO  container.ReplicationManager (ReplicationManager.java:run(250)) - Replication Monitor Thread took 1 milliseconds for processing 4 containers.
2021-01-01 14:17:05,546 [ContainerReplicationThread-1] INFO  replication.DownloadAndImportReplicator (DownloadAndImportReplicator.java:replicate(120)) - Container 3 is replicated successfully
2021-01-01 14:17:05,546 [ContainerReplicationThread-1] INFO  replication.ReplicationSupervisor (ReplicationSupervisor.java:run(146)) - Container 3 is replicated.
2021-01-01 14:17:05,550 [ContainerReplicationThread-0] INFO  replication.DownloadAndImportReplicator (DownloadAndImportReplicator.java:replicate(120)) - Container 1 is replicated successfully
2021-01-01 14:17:05,550 [ContainerReplicationThread-0] INFO  replication.ReplicationSupervisor (ReplicationSupervisor.java:run(146)) - Container 1 is replicated.
2021-01-01 14:17:05,606 [DatanodeAdminManager-0] INFO  node.DatanodeAdminMonitorImpl (DatanodeAdminMonitorImpl.java:checkContainersReplicatedOnNode(297)) - f4f30912-ea27-4eb3-bee5-ae3f82ef3ad0{ip: 172.17.0.2, host: 722537d36201, networkLocation: /default-rack, certSerialId: null, persistedOpState: ENTERING_MAINTENANCE, persistedOpStateExpiryEpochSec: 0} has 1 sufficientlyReplicated, 1 underReplicated and 0 unhealthy containers
2021-01-01 14:17:05,606 [DatanodeAdminManager-0] INFO  node.DatanodeAdminMonitorImpl (DatanodeAdminMonitorImpl.java:checkContainersReplicatedOnNode(297)) - 7cefa8e9-48e2-4714-becf-e2fa99455696{ip: 172.17.0.2, host: 722537d36201, networkLocation: /default-rack, certSerialId: null, persistedOpState: ENTERING_MAINTENANCE, persistedOpStateExpiryEpochSec: 0} has 1 sufficientlyReplicated, 1 underReplicated and 0 unhealthy containers
2021-01-01 14:17:05,606 [DatanodeAdminManager-0] INFO  node.DatanodeAdminMonitorImpl (DatanodeAdminMonitorImpl.java:checkContainersReplicatedOnNode(297)) - 9a3e098b-d23a-435e-81b9-d52adff52c28{ip: 172.17.0.2, host: 722537d36201, networkLocation: /default-rack, certSerialId: null, persistedOpState: ENTERING_MAINTENANCE, persistedOpStateExpiryEpochSec: 0} has 1 sufficientlyReplicated, 1 underReplicated and 0 unhealthy containers
2021-01-01 14:17:05,606 [DatanodeAdminManager-0] INFO  node.DatanodeAdminMonitorImpl (DatanodeAdminMonitorImpl.java:run(136)) - There are 3 nodes tracked for decommission and maintenance. 0 pending nodes.
2021-01-01 14:17:06,529 [ReplicationMonitor] INFO  container.ReplicationManager (ReplicationManager.java:handleUnderReplicatedContainer(722)) - Container #3 is under replicated. Expected replica count is 3, but found 2.
2021-01-01 14:17:06,529 [ReplicationMonitor] INFO  container.ReplicationManager (ReplicationManager.java:sendReplicateCommand(970)) - Sending replicate container command for container #3 to datanode ee53c20d-fee6-4df8-8e2d-61e62324c9a5{ip: 172.17.0.2, host: 722537d36201, networkLocation: /default-rack, certSerialId: null, persistedOpState: IN_SERVICE, persistedOpStateExpiryEpochSec: 0}
2021-01-01 14:17:06,529 [ReplicationMonitor] INFO  container.ReplicationManager (ReplicationManager.java:run(250)) - Replication Monitor Thread took 0 milliseconds for processing 4 containers.
2021-01-01 14:17:06,606 [DatanodeAdminManager-0] INFO  node.DatanodeAdminMonitorImpl (DatanodeAdminMonitorImpl.java:checkContainersReplicatedOnNode(297)) - f4f30912-ea27-4eb3-bee5-ae3f82ef3ad0{ip: 172.17.0.2, host: 722537d36201, networkLocation: /default-rack, certSerialId: null, persistedOpState: ENTERING_MAINTENANCE, persistedOpStateExpiryEpochSec: 0} has 0 sufficientlyReplicated, 2 underReplicated and 0 unhealthy containers
2021-01-01 14:17:06,606 [DatanodeAdminManager-0] INFO  node.DatanodeAdminMonitorImpl (DatanodeAdminMonitorImpl.java:checkContainersReplicatedOnNode(297)) - 7cefa8e9-48e2-4714-becf-e2fa99455696{ip: 172.17.0.2, host: 722537d36201, networkLocation: /default-rack, certSerialId: null, persistedOpState: ENTERING_MAINTENANCE, persistedOpStateExpiryEpochSec: 0} has 0 sufficientlyReplicated, 2 underReplicated and 0 unhealthy containers
2021-01-01 14:17:06,606 [DatanodeAdminManager-0] INFO  node.DatanodeAdminMonitorImpl (DatanodeAdminMonitorImpl.java:checkContainersReplicatedOnNode(297)) - 9a3e098b-d23a-435e-81b9-d52adff52c28{ip: 172.17.0.2, host: 722537d36201, networkLocation: /default-rack, certSerialId: null, persistedOpState: ENTERING_MAINTENANCE, persistedOpStateExpiryEpochSec: 0} has 0 sufficientlyReplicated, 2 underReplicated and 0 unhealthy containers
2021-01-01 14:17:06,606 [DatanodeAdminManager-0] INFO  node.DatanodeAdminMonitorImpl (DatanodeAdminMonitorImpl.java:run(136)) - There are 3 nodes tracked for decommission and maintenance. 0 pending nodes.
2021-01-01 14:17:07,529 [ReplicationMonitor] INFO  container.ReplicationManager (ReplicationManager.java:handleUnderReplicatedContainer(722)) - Container #1 is under replicated. Expected replica count is 3, but found 2.
2021-01-01 14:17:07,530 [ReplicationMonitor] INFO  container.ReplicationManager (ReplicationManager.java:sendReplicateCommand(970)) - Sending replicate container command for container #1 to datanode ee53c20d-fee6-4df8-8e2d-61e62324c9a5{ip: 172.17.0.2, host: 722537d36201, networkLocation: /default-rack, certSerialId: null, persistedOpState: IN_SERVICE, persistedOpStateExpiryEpochSec: 0}
2021-01-01 14:17:07,530 [ReplicationMonitor] INFO  container.ReplicationManager (ReplicationManager.java:run(250)) - Replication Monitor Thread took 1 milliseconds for processing 4 containers.
2021-01-01 14:17:07,549 [ContainerReplicationThread-2] INFO  replication.DownloadAndImportReplicator (DownloadAndImportReplicator.java:replicate(106)) - Starting replication of container 1 from [b05a1b8e-b732-4ead-90c9-c61088a01b0a{ip: 172.17.0.2, host: 722537d36201, networkLocation: /default-rack, certSerialId: null, persistedOpState: IN_SERVICE, persistedOpStateExpiryEpochSec: 0}, 7cefa8e9-48e2-4714-becf-e2fa99455696{ip: 172.17.0.2, host: 722537d36201, networkLocation: /default-rack, certSerialId: null, persistedOpState: ENTERING_MAINTENANCE, persistedOpStateExpiryEpochSec: 0}, f4f30912-ea27-4eb3-bee5-ae3f82ef3ad0{ip: 172.17.0.2, host: 722537d36201, networkLocation: /default-rack, certSerialId: null, persistedOpState: ENTERING_MAINTENANCE, persistedOpStateExpiryEpochSec: 0}, 9a3e098b-d23a-435e-81b9-d52adff52c28{ip: 172.17.0.2, host: 722537d36201, networkLocation: /default-rack, certSerialId: null, persistedOpState: ENTERING_MAINTENANCE, persistedOpStateExpiryEpochSec: 0}]
2021-01-01 14:17:07,555 [grpc-default-executor-6] INFO  replication.GrpcReplicationService (GrpcReplicationService.java:download(52)) - Streaming container data (1) to other datanode
2021-01-01 14:17:07,572 [grpc-default-executor-6] INFO  replication.GrpcOutputStream (GrpcOutputStream.java:close(104)) - Sent 16080 bytes for container 1
2021-01-01 14:17:07,574 [grpc-default-executor-6] INFO  replication.GrpcReplicationClient (GrpcReplicationClient.java:onCompleted(177)) - Container 1 is downloaded to /github/workspace/mnt/ozone/hadoop-ozone/integration-test/target/test-dir/MiniOzoneClusterImpl-cb490d7e-6ed4-4e2b-831b-323004451de6/datanode-3/data/replication/work/container-1.tar.gz
2021-01-01 14:17:07,576 [ContainerReplicationThread-2] INFO  replication.DownloadAndImportReplicator (DownloadAndImportReplicator.java:replicate(117)) - Container 1 is downloaded, starting to import.
2021-01-01 14:17:07,591 [ContainerReplicationThread-2] INFO  replication.DownloadAndImportReplicator (DownloadAndImportReplicator.java:replicate(120)) - Container 1 is replicated successfully
2021-01-01 14:17:07,591 [ContainerReplicationThread-2] INFO  replication.ReplicationSupervisor (ReplicationSupervisor.java:run(146)) - Container 1 is replicated.
2021-01-01 14:17:07,606 [DatanodeAdminManager-0] INFO  node.DatanodeAdminMonitorImpl (DatanodeAdminMonitorImpl.java:checkContainersReplicatedOnNode(297)) - f4f30912-ea27-4eb3-bee5-ae3f82ef3ad0{ip: 172.17.0.2, host: 722537d36201, networkLocation: /default-rack, certSerialId: null, persistedOpState: ENTERING_MAINTENANCE, persistedOpStateExpiryEpochSec: 0} has 2 sufficientlyReplicated, 0 underReplicated and 0 unhealthy containers
2021-01-01 14:17:07,606 [DatanodeAdminManager-0] INFO  node.DatanodeAdminMonitorImpl (DatanodeAdminMonitorImpl.java:putIntoMaintenance(313)) - Datanode f4f30912-ea27-4eb3-bee5-ae3f82ef3ad0{ip: 172.17.0.2, host: 722537d36201, networkLocation: /default-rack, certSerialId: null, persistedOpState: ENTERING_MAINTENANCE, persistedOpStateExpiryEpochSec: 0} has entered maintenance
2021-01-01 14:17:07,606 [DatanodeAdminManager-0] INFO  node.DatanodeAdminMonitorImpl (DatanodeAdminMonitorImpl.java:checkContainersReplicatedOnNode(297)) - 7cefa8e9-48e2-4714-becf-e2fa99455696{ip: 172.17.0.2, host: 722537d36201, networkLocation: /default-rack, certSerialId: null, persistedOpState: ENTERING_MAINTENANCE, persistedOpStateExpiryEpochSec: 0} has 2 sufficientlyReplicated, 0 underReplicated and 0 unhealthy containers
2021-01-01 14:17:07,606 [DatanodeAdminManager-0] INFO  node.DatanodeAdminMonitorImpl (DatanodeAdminMonitorImpl.java:putIntoMaintenance(313)) - Datanode 7cefa8e9-48e2-4714-becf-e2fa99455696{ip: 172.17.0.2, host: 722537d36201, networkLocation: /default-rack, certSerialId: null, persistedOpState: ENTERING_MAINTENANCE, persistedOpStateExpiryEpochSec: 0} has entered maintenance
2021-01-01 14:17:07,606 [DatanodeAdminManager-0] INFO  node.DatanodeAdminMonitorImpl (DatanodeAdminMonitorImpl.java:checkContainersReplicatedOnNode(297)) - 9a3e098b-d23a-435e-81b9-d52adff52c28{ip: 172.17.0.2, host: 722537d36201, networkLocation: /default-rack, certSerialId: null, persistedOpState: ENTERING_MAINTENANCE, persistedOpStateExpiryEpochSec: 0} has 2 sufficientlyReplicated, 0 underReplicated and 0 unhealthy containers
2021-01-01 14:17:07,606 [DatanodeAdminManager-0] INFO  node.DatanodeAdminMonitorImpl (DatanodeAdminMonitorImpl.java:putIntoMaintenance(313)) - Datanode 9a3e098b-d23a-435e-81b9-d52adff52c28{ip: 172.17.0.2, host: 722537d36201, networkLocation: /default-rack, certSerialId: null, persistedOpState: ENTERING_MAINTENANCE, persistedOpStateExpiryEpochSec: 0} has entered maintenance
2021-01-01 14:17:07,606 [DatanodeAdminManager-0] INFO  node.DatanodeAdminMonitorImpl (DatanodeAdminMonitorImpl.java:run(136)) - There are 3 nodes tracked for decommission and maintenance. 0 pending nodes.
2021-01-01 14:17:07,620 [Listener at 0.0.0.0/41791] INFO  ozone.MiniOzoneClusterImpl (MiniOzoneClusterImpl.java:shutdown(388)) - Shutting down the Mini Ozone Cluster
2021-01-01 14:17:07,620 [Listener at 0.0.0.0/41791] INFO  ozone.MiniOzoneClusterImpl (MiniOzoneClusterImpl.java:stop(403)) - Stopping the Mini Ozone Cluster
2021-01-01 14:17:07,620 [Listener at 0.0.0.0/41791] INFO  ozone.MiniOzoneClusterImpl (MiniOzoneClusterImpl.java:stopOM(485)) - Stopping the OzoneManager
2021-01-01 14:17:07,620 [Listener at 0.0.0.0/41791] INFO  ipc.Server (Server.java:stop(3359)) - Stopping server on 44197
2021-01-01 14:17:07,623 [IPC Server listener on 0] INFO  ipc.Server (Server.java:run(1330)) - Stopping IPC Server listener on 0
2021-01-01 14:17:07,623 [IPC Server Responder] INFO  ipc.Server (Server.java:run(1465)) - Stopping IPC Server Responder
2021-01-01 14:17:07,623 [Listener at 0.0.0.0/41791] INFO  ratis.OzoneManagerDoubleBuffer (OzoneManagerDoubleBuffer.java:stop(425)) - Stopping OMDoubleBuffer flush thread
2021-01-01 14:17:07,624 [OMDoubleBufferFlushThread] INFO  ratis.OzoneManagerDoubleBuffer (OzoneManagerDoubleBuffer.java:flushTransactions(352)) - OMDoubleBuffer flush thread OMDoubleBufferFlushThread is interrupted and will exit. OMDoubleBufferFlushThread
2021-01-01 14:17:07,624 [Listener at 0.0.0.0/41791] INFO  utils.BackgroundService (BackgroundService.java:shutdown(132)) - Shutting down service KeyDeletingService
2021-01-01 14:17:07,625 [Listener at 0.0.0.0/41791] INFO  handler.ContextHandler (ContextHandler.java:doStop(1154)) - Stopped o.e.j.w.WebAppContext@61805de3{ozoneManager,/,null,STOPPED}{file:/github/workspace/mnt/ozone/hadoop-ozone/integration-test/target/test-classes/webapps/ozoneManager}
2021-01-01 14:17:07,625 [Listener at 0.0.0.0/41791] INFO  server.AbstractConnector (AbstractConnector.java:doStop(381)) - Stopped ServerConnector@630a32f8{HTTP/1.1, (http/1.1)}{0.0.0.0:0}
2021-01-01 14:17:07,625 [Listener at 0.0.0.0/41791] INFO  server.session (HouseKeeper.java:stopScavenging(149)) - node0 Stopped scavenging
2021-01-01 14:17:07,625 [Listener at 0.0.0.0/41791] INFO  handler.ContextHandler (ContextHandler.java:doStop(1154)) - Stopped o.e.j.s.ServletContextHandler@1306e335{static,/static,file:///github/workspace/mnt/ozone/hadoop-ozone/integration-test/target/test-classes/webapps/static,STOPPED}
2021-01-01 14:17:07,625 [Listener at 0.0.0.0/41791] INFO  handler.ContextHandler (ContextHandler.java:doStop(1154)) - Stopped o.e.j.s.ServletContextHandler@4ac51b14{logs,/logs,file:///github/workspace/mnt/ozone/hadoop-ozone/integration-test/target/log,STOPPED}
2021-01-01 14:17:07,627 [Listener at 0.0.0.0/41791] INFO  ozone.MiniOzoneClusterImpl (MiniOzoneClusterImpl.java:stopDatanodes(462)) - Stopping the HddsDatanodes
2021-01-01 14:17:08,329 [Datanode State Machine Thread - 0] INFO  statemachine.DatanodeStateMachine (DatanodeStateMachine.java:lambda$startDaemon$0(408)) - Ozone container server started.
2021-01-01 14:17:08,329 [Listener at 0.0.0.0/41791] INFO  ozoneimpl.OzoneContainer (OzoneContainer.java:stop(257)) - Attempting to stop container services.
2021-01-01 14:17:08,329 [Listener at 0.0.0.0/41791] INFO  server.RaftServer (RaftServerProxy.java:lambda$close$6(387)) - ee53c20d-fee6-4df8-8e2d-61e62324c9a5: close
2021-01-01 14:17:08,329 [Listener at 0.0.0.0/41791] INFO  server.RaftServer$Division (RaftServerImpl.java:lambda$close$4(397)) - ee53c20d-fee6-4df8-8e2d-61e62324c9a5@group-69C508B4C6BD: shutdown
2021-01-01 14:17:08,330 [Listener at 0.0.0.0/41791] INFO  util.JmxRegister (JmxRegister.java:unregister(73)) - Successfully un-registered JMX Bean with object name Ratis:service=RaftServer,group=group-69C508B4C6BD,id=ee53c20d-fee6-4df8-8e2d-61e62324c9a5
2021-01-01 14:17:08,330 [Listener at 0.0.0.0/41791] INFO  impl.RoleInfo (RoleInfo.java:shutdownLeaderState(91)) - ee53c20d-fee6-4df8-8e2d-61e62324c9a5: shutdown ee53c20d-fee6-4df8-8e2d-61e62324c9a5@group-69C508B4C6BD-LeaderStateImpl
2021-01-01 14:17:08,330 [Listener at 0.0.0.0/41791] INFO  impl.PendingRequests (PendingRequests.java:sendNotLeaderResponses(249)) - ee53c20d-fee6-4df8-8e2d-61e62324c9a5@group-69C508B4C6BD-PendingRequests: sendNotLeaderResponses
2021-01-01 14:17:08,330 [Listener at 0.0.0.0/41791] INFO  metrics.RatisMetrics (RatisMetrics.java:unregister(43)) - Unregistering Metrics Registry : ratis.log_appender.ee53c20d-fee6-4df8-8e2d-61e62324c9a5@group-69C508B4C6BD
2021-01-01 14:17:08,330 [Listener at 0.0.0.0/41791] INFO  metrics.RatisMetrics (RatisMetrics.java:unregister(43)) - Unregistering Metrics Registry : ratis.server.ee53c20d-fee6-4df8-8e2d-61e62324c9a5@group-69C508B4C6BD
2021-01-01 14:17:08,332 [Listener at 0.0.0.0/41791] INFO  impl.StateMachineUpdater (StateMachineUpdater.java:stopAndJoin(148)) - ee53c20d-fee6-4df8-8e2d-61e62324c9a5@group-69C508B4C6BD-StateMachineUpdater: set stopIndex = 0
2021-01-01 14:17:08,332 [ee53c20d-fee6-4df8-8e2d-61e62324c9a5@group-69C508B4C6BD-StateMachineUpdater] INFO  ratis.ContainerStateMachine (ContainerStateMachine.java:takeSnapshot(291)) - group-69C508B4C6BD: Taking a snapshot at:(t:1, i:0) file /github/workspace/mnt/ozone/hadoop-ozone/integration-test/target/test-dir/MiniOzoneClusterImpl-cb490d7e-6ed4-4e2b-831b-323004451de6/datanode-3/data/ratis/a3f31094-69d4-4967-8aa8-69c508b4c6bd/sm/snapshot.1_0
2021-01-01 14:17:08,333 [ee53c20d-fee6-4df8-8e2d-61e62324c9a5@group-69C508B4C6BD-StateMachineUpdater] INFO  ratis.ContainerStateMachine (ContainerStateMachine.java:takeSnapshot(302)) - group-69C508B4C6BD: Finished taking a snapshot at:(t:1, i:0) file:/github/workspace/mnt/ozone/hadoop-ozone/integration-test/target/test-dir/MiniOzoneClusterImpl-cb490d7e-6ed4-4e2b-831b-323004451de6/datanode-3/data/ratis/a3f31094-69d4-4967-8aa8-69c508b4c6bd/sm/snapshot.1_0 time:0
2021-01-01 14:17:08,333 [ee53c20d-fee6-4df8-8e2d-61e62324c9a5@group-69C508B4C6BD-StateMachineUpdater] INFO  impl.StateMachineUpdater (StateMachineUpdater.java:takeSnapshot(279)) - ee53c20d-fee6-4df8-8e2d-61e62324c9a5@group-69C508B4C6BD-StateMachineUpdater: Took a snapshot at index 0
2021-01-01 14:17:08,333 [ee53c20d-fee6-4df8-8e2d-61e62324c9a5@group-69C508B4C6BD-StateMachineUpdater] INFO  impl.StateMachineUpdater (StateMachineUpdater.java:lambda$new$0(88)) - ee53c20d-fee6-4df8-8e2d-61e62324c9a5@group-69C508B4C6BD-StateMachineUpdater: snapshotIndex: updateIncreasingly -1 -> 0
2021-01-01 14:17:08,333 [ee53c20d-fee6-4df8-8e2d-61e62324c9a5@group-69C508B4C6BD-StateMachineUpdater] INFO  metrics.RatisMetrics (RatisMetrics.java:unregister(43)) - Unregistering Metrics Registry : ratis.state_machine.ee53c20d-fee6-4df8-8e2d-61e62324c9a5@group-69C508B4C6BD
2021-01-01 14:17:08,334 [Listener at 0.0.0.0/41791] INFO  server.RaftServer$Division (ServerState.java:close(406)) - ee53c20d-fee6-4df8-8e2d-61e62324c9a5@group-69C508B4C6BD: closes. applyIndex: 0
2021-01-01 14:17:08,334 [ee53c20d-fee6-4df8-8e2d-61e62324c9a5@group-69C508B4C6BD-SegmentedRaftLogWorker] INFO  segmented.SegmentedRaftLogWorker (SegmentedRaftLogWorker.java:run(326)) - ee53c20d-fee6-4df8-8e2d-61e62324c9a5@group-69C508B4C6BD-SegmentedRaftLogWorker was interrupted, exiting. There are 0 tasks remaining in the queue.
2021-01-01 14:17:08,336 [Listener at 0.0.0.0/41791] INFO  segmented.SegmentedRaftLogWorker (SegmentedRaftLogWorker.java:close(236)) - ee53c20d-fee6-4df8-8e2d-61e62324c9a5@group-69C508B4C6BD-SegmentedRaftLogWorker close()
2021-01-01 14:17:08,337 [Listener at 0.0.0.0/41791] INFO  metrics.RatisMetrics (RatisMetrics.java:unregister(43)) - Unregistering Metrics Registry : ratis.log_worker.ee53c20d-fee6-4df8-8e2d-61e62324c9a5@group-69C508B4C6BD
2021-01-01 14:17:08,337 [Listener at 0.0.0.0/41791] INFO  metrics.RatisMetrics (RatisMetrics.java:unregister(43)) - Unregistering Metrics Registry : ratis.leader_election.ee53c20d-fee6-4df8-8e2d-61e62324c9a5@group-69C508B4C6BD
2021-01-01 14:17:08,337 [Listener at 0.0.0.0/41791] INFO  metrics.RatisMetrics (RatisMetrics.java:unregister(43)) - Unregistering Metrics Registry : ratis.server.ee53c20d-fee6-4df8-8e2d-61e62324c9a5@group-69C508B4C6BD
2021-01-01 14:17:08,337 [Listener at 0.0.0.0/41791] INFO  server.RaftServer$Division (RaftServerImpl.java:lambda$close$4(397)) - ee53c20d-fee6-4df8-8e2d-61e62324c9a5@group-F1DACBA0D7F0: shutdown
2021-01-01 14:17:08,338 [Listener at 0.0.0.0/41791] INFO  util.JmxRegister (JmxRegister.java:unregister(73)) - Successfully un-registered JMX Bean with object name Ratis:service=RaftServer,group=group-F1DACBA0D7F0,id=ee53c20d-fee6-4df8-8e2d-61e62324c9a5
2021-01-01 14:17:08,338 [Listener at 0.0.0.0/41791] INFO  impl.RoleInfo (RoleInfo.java:shutdownFollowerState(108)) - ee53c20d-fee6-4df8-8e2d-61e62324c9a5: shutdown ee53c20d-fee6-4df8-8e2d-61e62324c9a5@group-F1DACBA0D7F0-FollowerState
2021-01-01 14:17:08,338 [Listener at 0.0.0.0/41791] INFO  impl.StateMachineUpdater (StateMachineUpdater.java:stopAndJoin(148)) - ee53c20d-fee6-4df8-8e2d-61e62324c9a5@group-F1DACBA0D7F0-StateMachineUpdater: set stopIndex = 43
2021-01-01 14:17:08,338 [ee53c20d-fee6-4df8-8e2d-61e62324c9a5@group-F1DACBA0D7F0-StateMachineUpdater] INFO  ratis.ContainerStateMachine (ContainerStateMachine.java:takeSnapshot(291)) - group-F1DACBA0D7F0: Taking a snapshot at:(t:1, i:43) file /github/workspace/mnt/ozone/hadoop-ozone/integration-test/target/test-dir/MiniOzoneClusterImpl-cb490d7e-6ed4-4e2b-831b-323004451de6/datanode-3/data/ratis/dbaa5e50-a9c4-4d51-9e1d-f1dacba0d7f0/sm/snapshot.1_43
2021-01-01 14:17:08,338 [Thread-5804] INFO  impl.FollowerState (FollowerState.java:run(142)) - ee53c20d-fee6-4df8-8e2d-61e62324c9a5@group-F1DACBA0D7F0-FollowerState was interrupted: {}
java.lang.InterruptedException: sleep interrupted
	at java.lang.Thread.sleep(Native Method)
	at java.lang.Thread.sleep(Thread.java:340)
	at java.util.concurrent.TimeUnit.sleep(TimeUnit.java:386)
	at org.apache.ratis.util.TimeDuration.sleep(TimeDuration.java:319)
	at org.apache.ratis.util.TimeDuration.sleep(TimeDuration.java:304)
	at org.apache.ratis.server.impl.FollowerState.run(FollowerState.java:117)
2021-01-01 14:17:08,339 [ee53c20d-fee6-4df8-8e2d-61e62324c9a5@group-F1DACBA0D7F0-StateMachineUpdater] INFO  ratis.ContainerStateMachine (ContainerStateMachine.java:takeSnapshot(302)) - group-F1DACBA0D7F0: Finished taking a snapshot at:(t:1, i:43) file:/github/workspace/mnt/ozone/hadoop-ozone/integration-test/target/test-dir/MiniOzoneClusterImpl-cb490d7e-6ed4-4e2b-831b-323004451de6/datanode-3/data/ratis/dbaa5e50-a9c4-4d51-9e1d-f1dacba0d7f0/sm/snapshot.1_43 time:1
2021-01-01 14:17:08,340 [ee53c20d-fee6-4df8-8e2d-61e62324c9a5@group-F1DACBA0D7F0-StateMachineUpdater] INFO  impl.StateMachineUpdater (StateMachineUpdater.java:takeSnapshot(279)) - ee53c20d-fee6-4df8-8e2d-61e62324c9a5@group-F1DACBA0D7F0-StateMachineUpdater: Took a snapshot at index 43
2021-01-01 14:17:08,340 [ee53c20d-fee6-4df8-8e2d-61e62324c9a5@group-F1DACBA0D7F0-StateMachineUpdater] INFO  impl.StateMachineUpdater (StateMachineUpdater.java:lambda$new$0(88)) - ee53c20d-fee6-4df8-8e2d-61e62324c9a5@group-F1DACBA0D7F0-StateMachineUpdater: snapshotIndex: updateIncreasingly -1 -> 43
2021-01-01 14:17:08,340 [ee53c20d-fee6-4df8-8e2d-61e62324c9a5@group-F1DACBA0D7F0-StateMachineUpdater] INFO  metrics.RatisMetrics (RatisMetrics.java:unregister(43)) - Unregistering Metrics Registry : ratis.state_machine.ee53c20d-fee6-4df8-8e2d-61e62324c9a5@group-F1DACBA0D7F0
2021-01-01 14:17:08,344 [Listener at 0.0.0.0/41791] INFO  server.RaftServer$Division (ServerState.java:close(406)) - ee53c20d-fee6-4df8-8e2d-61e62324c9a5@group-F1DACBA0D7F0: closes. applyIndex: 43
2021-01-01 14:17:08,344 [ee53c20d-fee6-4df8-8e2d-61e62324c9a5@group-F1DACBA0D7F0-SegmentedRaftLogWorker] INFO  segmented.SegmentedRaftLogWorker (SegmentedRaftLogWorker.java:run(326)) - ee53c20d-fee6-4df8-8e2d-61e62324c9a5@group-F1DACBA0D7F0-SegmentedRaftLogWorker was interrupted, exiting. There are 0 tasks remaining in the queue.
2021-01-01 14:17:08,344 [Listener at 0.0.0.0/41791] INFO  segmented.SegmentedRaftLogWorker (SegmentedRaftLogWorker.java:close(236)) - ee53c20d-fee6-4df8-8e2d-61e62324c9a5@group-F1DACBA0D7F0-SegmentedRaftLogWorker close()
2021-01-01 14:17:08,345 [Listener at 0.0.0.0/41791] INFO  metrics.RatisMetrics (RatisMetrics.java:unregister(43)) - Unregistering Metrics Registry : ratis.log_worker.ee53c20d-fee6-4df8-8e2d-61e62324c9a5@group-F1DACBA0D7F0
2021-01-01 14:17:08,345 [Listener at 0.0.0.0/41791] INFO  metrics.RatisMetrics (RatisMetrics.java:unregister(43)) - Unregistering Metrics Registry : ratis.leader_election.ee53c20d-fee6-4df8-8e2d-61e62324c9a5@group-F1DACBA0D7F0
2021-01-01 14:17:08,345 [Listener at 0.0.0.0/41791] INFO  metrics.RatisMetrics (RatisMetrics.java:unregister(43)) - Unregistering Metrics Registry : ratis.server.ee53c20d-fee6-4df8-8e2d-61e62324c9a5@group-F1DACBA0D7F0
2021-01-01 14:17:08,345 [Listener at 0.0.0.0/41791] INFO  server.GrpcService (GrpcService.java:closeImpl(184)) - ee53c20d-fee6-4df8-8e2d-61e62324c9a5: shutdown server with port 46799 now
2021-01-01 14:17:08,347 [Listener at 0.0.0.0/41791] INFO  server.GrpcService (GrpcService.java:closeImpl(193)) - ee53c20d-fee6-4df8-8e2d-61e62324c9a5: shutdown server with port 46799 successfully
2021-01-01 14:17:08,347 [org.apache.ratis.util.JvmPauseMonitor$$Lambda$222/1521334115@5f7e32c2] INFO  util.JvmPauseMonitor (JvmPauseMonitor.java:run(109)) - JvmPauseMonitor-ee53c20d-fee6-4df8-8e2d-61e62324c9a5: Stopped
2021-01-01 14:17:08,347 [grpc-default-executor-3] WARN  server.GrpcLogAppender (LogUtils.java:warn(122)) - 6599d769-7ef0-430f-a42f-80d7661ca159@group-F1DACBA0D7F0->ee53c20d-fee6-4df8-8e2d-61e62324c9a5-AppendLogResponseHandler: Failed appendEntries: org.apache.ratis.thirdparty.io.grpc.StatusRuntimeException: CANCELLED: HTTP/2 error code: CANCEL
Received Rst Stream
2021-01-01 14:17:08,348 [grpc-default-executor-3] INFO  leader.FollowerInfo (FollowerInfoImpl.java:lambda$new$0(46)) - 6599d769-7ef0-430f-a42f-80d7661ca159@group-F1DACBA0D7F0->ee53c20d-fee6-4df8-8e2d-61e62324c9a5: nextIndex: updateUnconditionally 44 -> 43
2021-01-01 14:17:08,347 [grpc-default-executor-2] WARN  server.GrpcServerProtocolService (LogUtils.java:warn(122)) - ee53c20d-fee6-4df8-8e2d-61e62324c9a5: installSnapshot onError, lastRequest: 6599d769-7ef0-430f-a42f-80d7661ca159->ee53c20d-fee6-4df8-8e2d-61e62324c9a5#955-t1,previous=(t:1, i:42),leaderCommit=41,initializing? true,entries: size=1, first=(t:1, i:43), METADATAENTRY(c:41): org.apache.ratis.thirdparty.io.grpc.StatusRuntimeException: CANCELLED: cancelled before receiving half close
2021-01-01 14:17:08,348 [Listener at 0.0.0.0/41791] INFO  utils.BackgroundService (BackgroundService.java:shutdown(132)) - Shutting down service BlockDeletingService
2021-01-01 14:17:08,353 [Listener at 0.0.0.0/41791] INFO  statemachine.DatanodeStateMachine (DatanodeStateMachine.java:stopDaemon(461)) - Ozone container server stopped.
2021-01-01 14:17:08,358 [grpc-default-executor-2] WARN  server.GrpcLogAppender (LogUtils.java:warn(122)) - 6599d769-7ef0-430f-a42f-80d7661ca159@group-F1DACBA0D7F0->ee53c20d-fee6-4df8-8e2d-61e62324c9a5-AppendLogResponseHandler: Failed appendEntries: org.apache.ratis.thirdparty.io.grpc.StatusRuntimeException: UNAVAILABLE: io exception
2021-01-01 14:17:08,359 [grpc-default-executor-2] INFO  leader.FollowerInfo (FollowerInfoImpl.java:lambda$new$0(46)) - 6599d769-7ef0-430f-a42f-80d7661ca159@group-F1DACBA0D7F0->ee53c20d-fee6-4df8-8e2d-61e62324c9a5: nextIndex: updateUnconditionally 44 -> 43
2021-01-01 14:17:08,361 [Listener at 0.0.0.0/41791] INFO  handler.ContextHandler (ContextHandler.java:doStop(1154)) - Stopped o.e.j.w.WebAppContext@5a931c02{hddsDatanode,/,null,STOPPED}{jar:file:/home/user/.m2/repository/org/apache/hadoop/hadoop-hdds-container-service/1.1.0-SNAPSHOT/hadoop-hdds-container-service-1.1.0-SNAPSHOT.jar!/webapps/hddsDatanode}
2021-01-01 14:17:08,362 [Listener at 0.0.0.0/41791] INFO  server.AbstractConnector (AbstractConnector.java:doStop(381)) - Stopped ServerConnector@5c18c936{HTTP/1.1, (http/1.1)}{0.0.0.0:0}
2021-01-01 14:17:08,362 [Listener at 0.0.0.0/41791] INFO  server.session (HouseKeeper.java:stopScavenging(149)) - node0 Stopped scavenging
2021-01-01 14:17:08,362 [Listener at 0.0.0.0/41791] INFO  handler.ContextHandler (ContextHandler.java:doStop(1154)) - Stopped o.e.j.s.ServletContextHandler@70ebe93e{static,/static,jar:file:/home/user/.m2/repository/org/apache/hadoop/hadoop-hdds-container-service/1.1.0-SNAPSHOT/hadoop-hdds-container-service-1.1.0-SNAPSHOT.jar!/webapps/static,STOPPED}
2021-01-01 14:17:08,362 [Listener at 0.0.0.0/41791] INFO  handler.ContextHandler (ContextHandler.java:doStop(1154)) - Stopped o.e.j.s.ServletContextHandler@5d2ac39f{logs,/logs,file:///github/workspace/mnt/ozone/hadoop-ozone/integration-test/target/log,STOPPED}
2021-01-01 14:17:08,482 [Datanode State Machine Thread - 0] INFO  statemachine.DatanodeStateMachine (DatanodeStateMachine.java:lambda$startDaemon$0(408)) - Ozone container server started.
2021-01-01 14:17:08,493 [IPC Server handler 17 on default port 35419] INFO  node.SCMNodeManager (SCMNodeManager.java:updateDatanodeOpState(419)) - Scheduling a command to update the operationalState persisted on the datanode as the reported value (ENTERING_MAINTENANCE, 0) does not match the value stored in SCM (IN_MAINTENANCE, 0)
2021-01-01 14:17:08,497 [IPC Server handler 12 on default port 35419] INFO  node.SCMNodeManager (SCMNodeManager.java:updateDatanodeOpState(419)) - Scheduling a command to update the operationalState persisted on the datanode as the reported value (ENTERING_MAINTENANCE, 0) does not match the value stored in SCM (IN_MAINTENANCE, 0)
2021-01-01 14:17:08,530 [ReplicationMonitor] INFO  container.ReplicationManager (ReplicationManager.java:run(250)) - Replication Monitor Thread took 0 milliseconds for processing 4 containers.
2021-01-01 14:17:08,549 [Datanode State Machine Thread - 0] INFO  statemachine.DatanodeStateMachine (DatanodeStateMachine.java:lambda$startDaemon$0(408)) - Ozone container server started.
2021-01-01 14:17:08,606 [DatanodeAdminManager-0] INFO  node.DatanodeAdminMonitorImpl (DatanodeAdminMonitorImpl.java:run(136)) - There are 3 nodes tracked for decommission and maintenance. 0 pending nodes.
2021-01-01 14:17:09,208 [ForkJoinPool.commonPool-worker-0] INFO  ozoneimpl.OzoneContainer (OzoneContainer.java:stop(257)) - Attempting to stop container services.
2021-01-01 14:17:09,209 [ForkJoinPool.commonPool-worker-0] INFO  server.RaftServer (RaftServerProxy.java:lambda$close$6(387)) - 9a3e098b-d23a-435e-81b9-d52adff52c28: close
2021-01-01 14:17:09,209 [ForkJoinPool.commonPool-worker-0] INFO  server.GrpcService (GrpcService.java:closeImpl(184)) - 9a3e098b-d23a-435e-81b9-d52adff52c28: shutdown server with port 32929 now
2021-01-01 14:17:09,210 [ForkJoinPool.commonPool-worker-0] INFO  server.GrpcService (GrpcService.java:closeImpl(193)) - 9a3e098b-d23a-435e-81b9-d52adff52c28: shutdown server with port 32929 successfully
2021-01-01 14:17:09,210 [org.apache.ratis.util.JvmPauseMonitor$$Lambda$222/1521334115@3d8c625d] INFO  util.JvmPauseMonitor (JvmPauseMonitor.java:run(109)) - JvmPauseMonitor-9a3e098b-d23a-435e-81b9-d52adff52c28: Stopped
2021-01-01 14:17:09,214 [ForkJoinPool.commonPool-worker-0] INFO  utils.BackgroundService (BackgroundService.java:shutdown(132)) - Shutting down service BlockDeletingService
2021-01-01 14:17:09,216 [ForkJoinPool.commonPool-worker-0] INFO  statemachine.DatanodeStateMachine (DatanodeStateMachine.java:stopDaemon(461)) - Ozone container server stopped.
2021-01-01 14:17:09,225 [ForkJoinPool.commonPool-worker-0] INFO  handler.ContextHandler (ContextHandler.java:doStop(1154)) - Stopped o.e.j.w.WebAppContext@4fcb1a13{hddsDatanode,/,null,STOPPED}{jar:file:/home/user/.m2/repository/org/apache/hadoop/hadoop-hdds-container-service/1.1.0-SNAPSHOT/hadoop-hdds-container-service-1.1.0-SNAPSHOT.jar!/webapps/hddsDatanode}
2021-01-01 14:17:09,225 [ForkJoinPool.commonPool-worker-0] INFO  server.AbstractConnector (AbstractConnector.java:doStop(381)) - Stopped ServerConnector@d5eed70{HTTP/1.1, (http/1.1)}{0.0.0.0:0}
2021-01-01 14:17:09,225 [ForkJoinPool.commonPool-worker-0] INFO  server.session (HouseKeeper.java:stopScavenging(149)) - node0 Stopped scavenging
2021-01-01 14:17:09,230 [ForkJoinPool.commonPool-worker-0] INFO  handler.ContextHandler (ContextHandler.java:doStop(1154)) - Stopped o.e.j.s.ServletContextHandler@57598df7{static,/static,jar:file:/home/user/.m2/repository/org/apache/hadoop/hadoop-hdds-container-service/1.1.0-SNAPSHOT/hadoop-hdds-container-service-1.1.0-SNAPSHOT.jar!/webapps/static,STOPPED}
2021-01-01 14:17:09,231 [ForkJoinPool.commonPool-worker-0] INFO  handler.ContextHandler (ContextHandler.java:doStop(1154)) - Stopped o.e.j.s.ServletContextHandler@13cd4784{logs,/logs,file:///github/workspace/mnt/ozone/hadoop-ozone/integration-test/target/log,STOPPED}
2021-01-01 14:17:09,497 [Datanode State Machine Thread - 0] INFO  statemachine.DatanodeStateMachine (DatanodeStateMachine.java:lambda$startDaemon$0(408)) - Ozone container server started.
2021-01-01 14:17:09,530 [ReplicationMonitor] INFO  container.ReplicationManager (ReplicationManager.java:run(250)) - Replication Monitor Thread took 0 milliseconds for processing 4 containers.
2021-01-01 14:17:09,606 [DatanodeAdminManager-0] INFO  node.DatanodeAdminMonitorImpl (DatanodeAdminMonitorImpl.java:run(136)) - There are 3 nodes tracked for decommission and maintenance. 0 pending nodes.
2021-01-01 14:17:10,177 [Listener at 0.0.0.0/41791] INFO  ozoneimpl.OzoneContainer (OzoneContainer.java:stop(257)) - Attempting to stop container services.
2021-01-01 14:17:10,178 [Listener at 0.0.0.0/41791] INFO  server.RaftServer (RaftServerProxy.java:lambda$close$6(387)) - b05a1b8e-b732-4ead-90c9-c61088a01b0a: close
2021-01-01 14:17:10,178 [Listener at 0.0.0.0/41791] INFO  server.RaftServer$Division (RaftServerImpl.java:lambda$close$4(397)) - b05a1b8e-b732-4ead-90c9-c61088a01b0a@group-7F9111EE38F3: shutdown
2021-01-01 14:17:10,178 [Listener at 0.0.0.0/41791] INFO  util.JmxRegister (JmxRegister.java:unregister(73)) - Successfully un-registered JMX Bean with object name Ratis:service=RaftServer,group=group-7F9111EE38F3,id=b05a1b8e-b732-4ead-90c9-c61088a01b0a
2021-01-01 14:17:10,178 [Listener at 0.0.0.0/41791] INFO  impl.RoleInfo (RoleInfo.java:shutdownLeaderState(91)) - b05a1b8e-b732-4ead-90c9-c61088a01b0a: shutdown b05a1b8e-b732-4ead-90c9-c61088a01b0a@group-7F9111EE38F3-LeaderStateImpl
2021-01-01 14:17:10,178 [Listener at 0.0.0.0/41791] INFO  impl.PendingRequests (PendingRequests.java:sendNotLeaderResponses(249)) - b05a1b8e-b732-4ead-90c9-c61088a01b0a@group-7F9111EE38F3-PendingRequests: sendNotLeaderResponses
2021-01-01 14:17:10,178 [Listener at 0.0.0.0/41791] INFO  metrics.RatisMetrics (RatisMetrics.java:unregister(43)) - Unregistering Metrics Registry : ratis.log_appender.b05a1b8e-b732-4ead-90c9-c61088a01b0a@group-7F9111EE38F3
2021-01-01 14:17:10,179 [Listener at 0.0.0.0/41791] INFO  metrics.RatisMetrics (RatisMetrics.java:unregister(43)) - Unregistering Metrics Registry : ratis.server.b05a1b8e-b732-4ead-90c9-c61088a01b0a@group-7F9111EE38F3
2021-01-01 14:17:10,180 [Listener at 0.0.0.0/41791] INFO  impl.StateMachineUpdater (StateMachineUpdater.java:stopAndJoin(148)) - b05a1b8e-b732-4ead-90c9-c61088a01b0a@group-7F9111EE38F3-StateMachineUpdater: set stopIndex = 0
2021-01-01 14:17:10,181 [b05a1b8e-b732-4ead-90c9-c61088a01b0a@group-7F9111EE38F3-StateMachineUpdater] INFO  ratis.ContainerStateMachine (ContainerStateMachine.java:takeSnapshot(291)) - group-7F9111EE38F3: Taking a snapshot at:(t:1, i:0) file /github/workspace/mnt/ozone/hadoop-ozone/integration-test/target/test-dir/MiniOzoneClusterImpl-cb490d7e-6ed4-4e2b-831b-323004451de6/datanode-5/data/ratis/1f37d510-d4c9-4bda-8ddd-7f9111ee38f3/sm/snapshot.1_0
2021-01-01 14:17:10,182 [b05a1b8e-b732-4ead-90c9-c61088a01b0a@group-7F9111EE38F3-StateMachineUpdater] INFO  ratis.ContainerStateMachine (ContainerStateMachine.java:takeSnapshot(302)) - group-7F9111EE38F3: Finished taking a snapshot at:(t:1, i:0) file:/github/workspace/mnt/ozone/hadoop-ozone/integration-test/target/test-dir/MiniOzoneClusterImpl-cb490d7e-6ed4-4e2b-831b-323004451de6/datanode-5/data/ratis/1f37d510-d4c9-4bda-8ddd-7f9111ee38f3/sm/snapshot.1_0 time:1
2021-01-01 14:17:10,182 [b05a1b8e-b732-4ead-90c9-c61088a01b0a@group-7F9111EE38F3-StateMachineUpdater] INFO  impl.StateMachineUpdater (StateMachineUpdater.java:takeSnapshot(279)) - b05a1b8e-b732-4ead-90c9-c61088a01b0a@group-7F9111EE38F3-StateMachineUpdater: Took a snapshot at index 0
2021-01-01 14:17:10,182 [b05a1b8e-b732-4ead-90c9-c61088a01b0a@group-7F9111EE38F3-StateMachineUpdater] INFO  impl.StateMachineUpdater (StateMachineUpdater.java:lambda$new$0(88)) - b05a1b8e-b732-4ead-90c9-c61088a01b0a@group-7F9111EE38F3-StateMachineUpdater: snapshotIndex: updateIncreasingly -1 -> 0
2021-01-01 14:17:10,182 [b05a1b8e-b732-4ead-90c9-c61088a01b0a@group-7F9111EE38F3-StateMachineUpdater] INFO  metrics.RatisMetrics (RatisMetrics.java:unregister(43)) - Unregistering Metrics Registry : ratis.state_machine.b05a1b8e-b732-4ead-90c9-c61088a01b0a@group-7F9111EE38F3
2021-01-01 14:17:10,182 [Listener at 0.0.0.0/41791] INFO  server.RaftServer$Division (ServerState.java:close(406)) - b05a1b8e-b732-4ead-90c9-c61088a01b0a@group-7F9111EE38F3: closes. applyIndex: 0
2021-01-01 14:17:10,183 [b05a1b8e-b732-4ead-90c9-c61088a01b0a@group-7F9111EE38F3-SegmentedRaftLogWorker] INFO  segmented.SegmentedRaftLogWorker (SegmentedRaftLogWorker.java:run(326)) - b05a1b8e-b732-4ead-90c9-c61088a01b0a@group-7F9111EE38F3-SegmentedRaftLogWorker was interrupted, exiting. There are 0 tasks remaining in the queue.
2021-01-01 14:17:10,183 [Listener at 0.0.0.0/41791] INFO  segmented.SegmentedRaftLogWorker (SegmentedRaftLogWorker.java:close(236)) - b05a1b8e-b732-4ead-90c9-c61088a01b0a@group-7F9111EE38F3-SegmentedRaftLogWorker close()
2021-01-01 14:17:10,184 [Listener at 0.0.0.0/41791] INFO  metrics.RatisMetrics (RatisMetrics.java:unregister(43)) - Unregistering Metrics Registry : ratis.log_worker.b05a1b8e-b732-4ead-90c9-c61088a01b0a@group-7F9111EE38F3
2021-01-01 14:17:10,184 [Listener at 0.0.0.0/41791] INFO  metrics.RatisMetrics (RatisMetrics.java:unregister(43)) - Unregistering Metrics Registry : ratis.leader_election.b05a1b8e-b732-4ead-90c9-c61088a01b0a@group-7F9111EE38F3
2021-01-01 14:17:10,184 [Listener at 0.0.0.0/41791] INFO  metrics.RatisMetrics (RatisMetrics.java:unregister(43)) - Unregistering Metrics Registry : ratis.server.b05a1b8e-b732-4ead-90c9-c61088a01b0a@group-7F9111EE38F3
2021-01-01 14:17:10,184 [Listener at 0.0.0.0/41791] INFO  server.RaftServer$Division (RaftServerImpl.java:lambda$close$4(397)) - b05a1b8e-b732-4ead-90c9-c61088a01b0a@group-F1DACBA0D7F0: shutdown
2021-01-01 14:17:10,184 [Listener at 0.0.0.0/41791] INFO  util.JmxRegister (JmxRegister.java:unregister(73)) - Successfully un-registered JMX Bean with object name Ratis:service=RaftServer,group=group-F1DACBA0D7F0,id=b05a1b8e-b732-4ead-90c9-c61088a01b0a
2021-01-01 14:17:10,185 [Listener at 0.0.0.0/41791] INFO  impl.RoleInfo (RoleInfo.java:shutdownFollowerState(108)) - b05a1b8e-b732-4ead-90c9-c61088a01b0a: shutdown b05a1b8e-b732-4ead-90c9-c61088a01b0a@group-F1DACBA0D7F0-FollowerState
2021-01-01 14:17:10,185 [Listener at 0.0.0.0/41791] INFO  impl.StateMachineUpdater (StateMachineUpdater.java:stopAndJoin(148)) - b05a1b8e-b732-4ead-90c9-c61088a01b0a@group-F1DACBA0D7F0-StateMachineUpdater: set stopIndex = 43
2021-01-01 14:17:10,185 [b05a1b8e-b732-4ead-90c9-c61088a01b0a@group-F1DACBA0D7F0-StateMachineUpdater] INFO  ratis.ContainerStateMachine (ContainerStateMachine.java:takeSnapshot(291)) - group-F1DACBA0D7F0: Taking a snapshot at:(t:1, i:43) file /github/workspace/mnt/ozone/hadoop-ozone/integration-test/target/test-dir/MiniOzoneClusterImpl-cb490d7e-6ed4-4e2b-831b-323004451de6/datanode-5/data/ratis/dbaa5e50-a9c4-4d51-9e1d-f1dacba0d7f0/sm/snapshot.1_43
2021-01-01 14:17:10,185 [Thread-5803] INFO  impl.FollowerState (FollowerState.java:run(142)) - b05a1b8e-b732-4ead-90c9-c61088a01b0a@group-F1DACBA0D7F0-FollowerState was interrupted: {}
java.lang.InterruptedException: sleep interrupted
	at java.lang.Thread.sleep(Native Method)
	at java.lang.Thread.sleep(Thread.java:340)
	at java.util.concurrent.TimeUnit.sleep(TimeUnit.java:386)
	at org.apache.ratis.util.TimeDuration.sleep(TimeDuration.java:319)
	at org.apache.ratis.util.TimeDuration.sleep(TimeDuration.java:304)
	at org.apache.ratis.server.impl.FollowerState.run(FollowerState.java:117)
2021-01-01 14:17:10,186 [b05a1b8e-b732-4ead-90c9-c61088a01b0a@group-F1DACBA0D7F0-StateMachineUpdater] INFO  ratis.ContainerStateMachine (ContainerStateMachine.java:takeSnapshot(302)) - group-F1DACBA0D7F0: Finished taking a snapshot at:(t:1, i:43) file:/github/workspace/mnt/ozone/hadoop-ozone/integration-test/target/test-dir/MiniOzoneClusterImpl-cb490d7e-6ed4-4e2b-831b-323004451de6/datanode-5/data/ratis/dbaa5e50-a9c4-4d51-9e1d-f1dacba0d7f0/sm/snapshot.1_43 time:1
2021-01-01 14:17:10,186 [b05a1b8e-b732-4ead-90c9-c61088a01b0a@group-F1DACBA0D7F0-StateMachineUpdater] INFO  impl.StateMachineUpdater (StateMachineUpdater.java:takeSnapshot(279)) - b05a1b8e-b732-4ead-90c9-c61088a01b0a@group-F1DACBA0D7F0-StateMachineUpdater: Took a snapshot at index 43
2021-01-01 14:17:10,186 [b05a1b8e-b732-4ead-90c9-c61088a01b0a@group-F1DACBA0D7F0-StateMachineUpdater] INFO  impl.StateMachineUpdater (StateMachineUpdater.java:lambda$new$0(88)) - b05a1b8e-b732-4ead-90c9-c61088a01b0a@group-F1DACBA0D7F0-StateMachineUpdater: snapshotIndex: updateIncreasingly -1 -> 43
2021-01-01 14:17:10,187 [b05a1b8e-b732-4ead-90c9-c61088a01b0a@group-F1DACBA0D7F0-StateMachineUpdater] INFO  metrics.RatisMetrics (RatisMetrics.java:unregister(43)) - Unregistering Metrics Registry : ratis.state_machine.b05a1b8e-b732-4ead-90c9-c61088a01b0a@group-F1DACBA0D7F0
2021-01-01 14:17:10,187 [Listener at 0.0.0.0/41791] INFO  server.RaftServer$Division (ServerState.java:close(406)) - b05a1b8e-b732-4ead-90c9-c61088a01b0a@group-F1DACBA0D7F0: closes. applyIndex: 43
2021-01-01 14:17:10,187 [b05a1b8e-b732-4ead-90c9-c61088a01b0a@group-F1DACBA0D7F0-SegmentedRaftLogWorker] INFO  segmented.SegmentedRaftLogWorker (SegmentedRaftLogWorker.java:run(326)) - b05a1b8e-b732-4ead-90c9-c61088a01b0a@group-F1DACBA0D7F0-SegmentedRaftLogWorker was interrupted, exiting. There are 0 tasks remaining in the queue.
2021-01-01 14:17:10,187 [Listener at 0.0.0.0/41791] INFO  segmented.SegmentedRaftLogWorker (SegmentedRaftLogWorker.java:close(236)) - b05a1b8e-b732-4ead-90c9-c61088a01b0a@group-F1DACBA0D7F0-SegmentedRaftLogWorker close()
2021-01-01 14:17:10,189 [Listener at 0.0.0.0/41791] INFO  metrics.RatisMetrics (RatisMetrics.java:unregister(43)) - Unregistering Metrics Registry : ratis.log_worker.b05a1b8e-b732-4ead-90c9-c61088a01b0a@group-F1DACBA0D7F0
2021-01-01 14:17:10,189 [Listener at 0.0.0.0/41791] INFO  metrics.RatisMetrics (RatisMetrics.java:unregister(43)) - Unregistering Metrics Registry : ratis.leader_election.b05a1b8e-b732-4ead-90c9-c61088a01b0a@group-F1DACBA0D7F0
2021-01-01 14:17:10,189 [Listener at 0.0.0.0/41791] INFO  metrics.RatisMetrics (RatisMetrics.java:unregister(43)) - Unregistering Metrics Registry : ratis.server.b05a1b8e-b732-4ead-90c9-c61088a01b0a@group-F1DACBA0D7F0
2021-01-01 14:17:10,190 [Listener at 0.0.0.0/41791] INFO  server.GrpcService (GrpcService.java:closeImpl(184)) - b05a1b8e-b732-4ead-90c9-c61088a01b0a: shutdown server with port 43445 now
2021-01-01 14:17:10,191 [grpc-default-executor-6] WARN  server.GrpcServerProtocolService (LogUtils.java:warn(122)) - b05a1b8e-b732-4ead-90c9-c61088a01b0a: installSnapshot onError, lastRequest: 6599d769-7ef0-430f-a42f-80d7661ca159->b05a1b8e-b732-4ead-90c9-c61088a01b0a#955-t1,previous=(t:1, i:42),leaderCommit=41,initializing? true,entries: size=1, first=(t:1, i:43), METADATAENTRY(c:41): org.apache.ratis.thirdparty.io.grpc.StatusRuntimeException: CANCELLED: cancelled before receiving half close
2021-01-01 14:17:10,191 [Listener at 0.0.0.0/41791] INFO  server.GrpcService (GrpcService.java:closeImpl(193)) - b05a1b8e-b732-4ead-90c9-c61088a01b0a: shutdown server with port 43445 successfully
2021-01-01 14:17:10,191 [grpc-default-executor-3] WARN  server.GrpcLogAppender (LogUtils.java:warn(122)) - 6599d769-7ef0-430f-a42f-80d7661ca159@group-F1DACBA0D7F0->b05a1b8e-b732-4ead-90c9-c61088a01b0a-AppendLogResponseHandler: Failed appendEntries: org.apache.ratis.thirdparty.io.grpc.StatusRuntimeException: CANCELLED: HTTP/2 error code: CANCEL
Received Rst Stream
2021-01-01 14:17:10,191 [org.apache.ratis.util.JvmPauseMonitor$$Lambda$222/1521334115@6d85d7a2] INFO  util.JvmPauseMonitor (JvmPauseMonitor.java:run(109)) - JvmPauseMonitor-b05a1b8e-b732-4ead-90c9-c61088a01b0a: Stopped
2021-01-01 14:17:10,191 [grpc-default-executor-3] INFO  leader.FollowerInfo (FollowerInfoImpl.java:lambda$new$0(46)) - 6599d769-7ef0-430f-a42f-80d7661ca159@group-F1DACBA0D7F0->b05a1b8e-b732-4ead-90c9-c61088a01b0a: nextIndex: updateUnconditionally 44 -> 43
2021-01-01 14:17:10,193 [grpc-default-executor-3] WARN  server.GrpcLogAppender (LogUtils.java:warn(122)) - 6599d769-7ef0-430f-a42f-80d7661ca159@group-F1DACBA0D7F0->b05a1b8e-b732-4ead-90c9-c61088a01b0a-AppendLogResponseHandler: Failed appendEntries: org.apache.ratis.thirdparty.io.grpc.StatusRuntimeException: UNAVAILABLE: io exception
2021-01-01 14:17:10,194 [grpc-default-executor-3] INFO  leader.FollowerInfo (FollowerInfoImpl.java:lambda$new$0(46)) - 6599d769-7ef0-430f-a42f-80d7661ca159@group-F1DACBA0D7F0->b05a1b8e-b732-4ead-90c9-c61088a01b0a: nextIndex: updateUnconditionally 44 -> 43
2021-01-01 14:17:10,194 [grpc-default-executor-3] WARN  server.GrpcLogAppender (LogUtils.java:warn(122)) - 6599d769-7ef0-430f-a42f-80d7661ca159@group-F1DACBA0D7F0->b05a1b8e-b732-4ead-90c9-c61088a01b0a-AppendLogResponseHandler: Failed appendEntries: org.apache.ratis.thirdparty.io.grpc.StatusRuntimeException: UNAVAILABLE: io exception
2021-01-01 14:17:10,195 [grpc-default-executor-3] INFO  leader.FollowerInfo (FollowerInfoImpl.java:lambda$new$0(46)) - 6599d769-7ef0-430f-a42f-80d7661ca159@group-F1DACBA0D7F0->b05a1b8e-b732-4ead-90c9-c61088a01b0a: nextIndex: updateUnconditionally 44 -> 43
2021-01-01 14:17:10,195 [grpc-default-executor-3] WARN  server.GrpcLogAppender (LogUtils.java:warn(122)) - 6599d769-7ef0-430f-a42f-80d7661ca159@group-F1DACBA0D7F0->b05a1b8e-b732-4ead-90c9-c61088a01b0a-AppendLogResponseHandler: Failed appendEntries: org.apache.ratis.thirdparty.io.grpc.StatusRuntimeException: UNAVAILABLE: io exception
2021-01-01 14:17:10,196 [grpc-default-executor-3] INFO  leader.FollowerInfo (FollowerInfoImpl.java:lambda$new$0(46)) - 6599d769-7ef0-430f-a42f-80d7661ca159@group-F1DACBA0D7F0->b05a1b8e-b732-4ead-90c9-c61088a01b0a: nextIndex: updateUnconditionally 44 -> 43
2021-01-01 14:17:10,200 [grpc-default-executor-2] WARN  server.GrpcLogAppender (LogUtils.java:warn(122)) - 6599d769-7ef0-430f-a42f-80d7661ca159@group-F1DACBA0D7F0->b05a1b8e-b732-4ead-90c9-c61088a01b0a-AppendLogResponseHandler: Failed appendEntries: org.apache.ratis.thirdparty.io.grpc.StatusRuntimeException: UNAVAILABLE: io exception
2021-01-01 14:17:10,200 [grpc-default-executor-2] INFO  leader.FollowerInfo (FollowerInfoImpl.java:lambda$new$0(46)) - 6599d769-7ef0-430f-a42f-80d7661ca159@group-F1DACBA0D7F0->b05a1b8e-b732-4ead-90c9-c61088a01b0a: nextIndex: updateUnconditionally 44 -> 43
2021-01-01 14:17:10,202 [Listener at 0.0.0.0/41791] INFO  utils.BackgroundService (BackgroundService.java:shutdown(132)) - Shutting down service BlockDeletingService
2021-01-01 14:17:10,204 [Listener at 0.0.0.0/41791] INFO  statemachine.DatanodeStateMachine (DatanodeStateMachine.java:stopDaemon(461)) - Ozone container server stopped.
2021-01-01 14:17:10,211 [Listener at 0.0.0.0/41791] INFO  handler.ContextHandler (ContextHandler.java:doStop(1154)) - Stopped o.e.j.w.WebAppContext@4b5aaf53{hddsDatanode,/,null,STOPPED}{jar:file:/home/user/.m2/repository/org/apache/hadoop/hadoop-hdds-container-service/1.1.0-SNAPSHOT/hadoop-hdds-container-service-1.1.0-SNAPSHOT.jar!/webapps/hddsDatanode}
2021-01-01 14:17:10,212 [Listener at 0.0.0.0/41791] INFO  server.AbstractConnector (AbstractConnector.java:doStop(381)) - Stopped ServerConnector@13190f44{HTTP/1.1, (http/1.1)}{0.0.0.0:0}
2021-01-01 14:17:10,212 [Listener at 0.0.0.0/41791] INFO  server.session (HouseKeeper.java:stopScavenging(149)) - node0 Stopped scavenging
2021-01-01 14:17:10,212 [Listener at 0.0.0.0/41791] INFO  handler.ContextHandler (ContextHandler.java:doStop(1154)) - Stopped o.e.j.s.ServletContextHandler@70e56195{static,/static,jar:file:/home/user/.m2/repository/org/apache/hadoop/hadoop-hdds-container-service/1.1.0-SNAPSHOT/hadoop-hdds-container-service-1.1.0-SNAPSHOT.jar!/webapps/static,STOPPED}
2021-01-01 14:17:10,212 [Listener at 0.0.0.0/41791] INFO  handler.ContextHandler (ContextHandler.java:doStop(1154)) - Stopped o.e.j.s.ServletContextHandler@8119d43{logs,/logs,file:///github/workspace/mnt/ozone/hadoop-ozone/integration-test/target/log,STOPPED}
2021-01-01 14:17:10,322 [ForkJoinPool.commonPool-worker-0] INFO  ozoneimpl.OzoneContainer (OzoneContainer.java:stop(257)) - Attempting to stop container services.
2021-01-01 14:17:10,323 [ForkJoinPool.commonPool-worker-0] INFO  server.RaftServer (RaftServerProxy.java:lambda$close$6(387)) - f4f30912-ea27-4eb3-bee5-ae3f82ef3ad0: close
2021-01-01 14:17:10,323 [ForkJoinPool.commonPool-worker-0] INFO  server.GrpcService (GrpcService.java:closeImpl(184)) - f4f30912-ea27-4eb3-bee5-ae3f82ef3ad0: shutdown server with port 45771 now
2021-01-01 14:17:10,325 [grpc-default-executor-3] WARN  client.GrpcClientProtocolService (LogUtils.java:warn(122)) - 1-UnorderedRequestStreamObserver1: onError: org.apache.ratis.thirdparty.io.grpc.StatusRuntimeException: CANCELLED: cancelled before receiving half close
2021-01-01 14:17:10,328 [ForkJoinPool.commonPool-worker-0] INFO  server.GrpcService (GrpcService.java:closeImpl(193)) - f4f30912-ea27-4eb3-bee5-ae3f82ef3ad0: shutdown server with port 45771 successfully
2021-01-01 14:17:10,328 [org.apache.ratis.util.JvmPauseMonitor$$Lambda$222/1521334115@497a2167] INFO  util.JvmPauseMonitor (JvmPauseMonitor.java:run(109)) - JvmPauseMonitor-f4f30912-ea27-4eb3-bee5-ae3f82ef3ad0: Stopped
2021-01-01 14:17:10,330 [ForkJoinPool.commonPool-worker-0] INFO  utils.BackgroundService (BackgroundService.java:shutdown(132)) - Shutting down service BlockDeletingService
2021-01-01 14:17:10,332 [ForkJoinPool.commonPool-worker-0] INFO  statemachine.DatanodeStateMachine (DatanodeStateMachine.java:stopDaemon(461)) - Ozone container server stopped.
2021-01-01 14:17:10,341 [ForkJoinPool.commonPool-worker-0] INFO  handler.ContextHandler (ContextHandler.java:doStop(1154)) - Stopped o.e.j.w.WebAppContext@2b9f2f24{hddsDatanode,/,null,STOPPED}{jar:file:/home/user/.m2/repository/org/apache/hadoop/hadoop-hdds-container-service/1.1.0-SNAPSHOT/hadoop-hdds-container-service-1.1.0-SNAPSHOT.jar!/webapps/hddsDatanode}
2021-01-01 14:17:10,344 [ForkJoinPool.commonPool-worker-0] INFO  server.AbstractConnector (AbstractConnector.java:doStop(381)) - Stopped ServerConnector@661a26a8{HTTP/1.1, (http/1.1)}{0.0.0.0:0}
2021-01-01 14:17:10,344 [ForkJoinPool.commonPool-worker-0] INFO  server.session (HouseKeeper.java:stopScavenging(149)) - node0 Stopped scavenging
2021-01-01 14:17:10,344 [ForkJoinPool.commonPool-worker-0] INFO  handler.ContextHandler (ContextHandler.java:doStop(1154)) - Stopped o.e.j.s.ServletContextHandler@c01b{static,/static,jar:file:/home/user/.m2/repository/org/apache/hadoop/hadoop-hdds-container-service/1.1.0-SNAPSHOT/hadoop-hdds-container-service-1.1.0-SNAPSHOT.jar!/webapps/static,STOPPED}
2021-01-01 14:17:10,345 [ForkJoinPool.commonPool-worker-0] INFO  handler.ContextHandler (ContextHandler.java:doStop(1154)) - Stopped o.e.j.s.ServletContextHandler@7bf344dd{logs,/logs,file:///github/workspace/mnt/ozone/hadoop-ozone/integration-test/target/log,STOPPED}
2021-01-01 14:17:10,493 [Datanode State Machine Thread - 0] INFO  statemachine.DatanodeStateMachine (DatanodeStateMachine.java:lambda$startDaemon$0(408)) - Ozone container server started.
2021-01-01 14:17:10,526 [EventQueue-StaleNodeForStaleNodeHandler] INFO  node.StaleNodeHandler (StaleNodeHandler.java:onMessage(58)) - Datanode 9a3e098b-d23a-435e-81b9-d52adff52c28{ip: 172.17.0.2, host: 722537d36201, networkLocation: /default-rack, certSerialId: null, persistedOpState: ENTERING_MAINTENANCE, persistedOpStateExpiryEpochSec: 0} moved to stale state. Finalizing its pipelines []
2021-01-01 14:17:10,531 [ReplicationMonitor] INFO  container.ReplicationManager (ReplicationManager.java:run(250)) - Replication Monitor Thread took 0 milliseconds for processing 4 containers.
2021-01-01 14:17:10,551 [Datanode State Machine Thread - 0] INFO  statemachine.DatanodeStateMachine (DatanodeStateMachine.java:lambda$startDaemon$0(408)) - Ozone container server started.
2021-01-01 14:17:10,606 [DatanodeAdminManager-0] INFO  node.DatanodeAdminMonitorImpl (DatanodeAdminMonitorImpl.java:run(136)) - There are 3 nodes tracked for decommission and maintenance. 0 pending nodes.
2021-01-01 14:17:10,626 [EventQueue-StaleNodeForStaleNodeHandler] INFO  node.StaleNodeHandler (StaleNodeHandler.java:onMessage(58)) - Datanode b05a1b8e-b732-4ead-90c9-c61088a01b0a{ip: 172.17.0.2, host: 722537d36201, networkLocation: /default-rack, certSerialId: null, persistedOpState: IN_SERVICE, persistedOpStateExpiryEpochSec: 0} moved to stale state. Finalizing its pipelines [PipelineID=1f37d510-d4c9-4bda-8ddd-7f9111ee38f3, PipelineID=dbaa5e50-a9c4-4d51-9e1d-f1dacba0d7f0]
2021-01-01 14:17:10,627 [EventQueue-StaleNodeForStaleNodeHandler] INFO  pipeline.SCMPipelineManager (SCMPipelineManager.java:finalizeAndDestroyPipeline(482)) - Destroying pipeline:Pipeline[ Id: 1f37d510-d4c9-4bda-8ddd-7f9111ee38f3, Nodes: b05a1b8e-b732-4ead-90c9-c61088a01b0a{ip: 172.17.0.2, host: 722537d36201, networkLocation: /default-rack, certSerialId: null, persistedOpState: IN_SERVICE, persistedOpStateExpiryEpochSec: 0}, Type:RATIS, Factor:ONE, State:OPEN, leaderId:b05a1b8e-b732-4ead-90c9-c61088a01b0a, CreationTimestamp2021-01-01T14:16:54.603Z]
2021-01-01 14:17:10,627 [EventQueue-StaleNodeForStaleNodeHandler] INFO  pipeline.PipelineStateManager (PipelineStateManager.java:finalizePipeline(121)) - Pipeline Pipeline[ Id: 1f37d510-d4c9-4bda-8ddd-7f9111ee38f3, Nodes: b05a1b8e-b732-4ead-90c9-c61088a01b0a{ip: 172.17.0.2, host: 722537d36201, networkLocation: /default-rack, certSerialId: null, persistedOpState: IN_SERVICE, persistedOpStateExpiryEpochSec: 0}, Type:RATIS, Factor:ONE, State:CLOSED, leaderId:b05a1b8e-b732-4ead-90c9-c61088a01b0a, CreationTimestamp2021-01-01T14:16:54.603Z] moved to CLOSED state
2021-01-01 14:17:10,627 [EventQueue-StaleNodeForStaleNodeHandler] INFO  pipeline.SCMPipelineManager (SCMPipelineManager.java:finalizeAndDestroyPipeline(482)) - Destroying pipeline:Pipeline[ Id: dbaa5e50-a9c4-4d51-9e1d-f1dacba0d7f0, Nodes: 6599d769-7ef0-430f-a42f-80d7661ca159{ip: 172.17.0.2, host: 722537d36201, networkLocation: /default-rack, certSerialId: null, persistedOpState: IN_SERVICE, persistedOpStateExpiryEpochSec: 0}b05a1b8e-b732-4ead-90c9-c61088a01b0a{ip: 172.17.0.2, host: 722537d36201, networkLocation: /default-rack, certSerialId: null, persistedOpState: IN_SERVICE, persistedOpStateExpiryEpochSec: 0}ee53c20d-fee6-4df8-8e2d-61e62324c9a5{ip: 172.17.0.2, host: 722537d36201, networkLocation: /default-rack, certSerialId: null, persistedOpState: IN_SERVICE, persistedOpStateExpiryEpochSec: 0}, Type:RATIS, Factor:THREE, State:OPEN, leaderId:6599d769-7ef0-430f-a42f-80d7661ca159, CreationTimestamp2021-01-01T14:16:54.604Z]
2021-01-01 14:17:10,627 [EventQueue-StaleNodeForStaleNodeHandler] INFO  pipeline.PipelineStateManager (PipelineStateManager.java:finalizePipeline(121)) - Pipeline Pipeline[ Id: dbaa5e50-a9c4-4d51-9e1d-f1dacba0d7f0, Nodes: 6599d769-7ef0-430f-a42f-80d7661ca159{ip: 172.17.0.2, host: 722537d36201, networkLocation: /default-rack, certSerialId: null, persistedOpState: IN_SERVICE, persistedOpStateExpiryEpochSec: 0}b05a1b8e-b732-4ead-90c9-c61088a01b0a{ip: 172.17.0.2, host: 722537d36201, networkLocation: /default-rack, certSerialId: null, persistedOpState: IN_SERVICE, persistedOpStateExpiryEpochSec: 0}ee53c20d-fee6-4df8-8e2d-61e62324c9a5{ip: 172.17.0.2, host: 722537d36201, networkLocation: /default-rack, certSerialId: null, persistedOpState: IN_SERVICE, persistedOpStateExpiryEpochSec: 0}, Type:RATIS, Factor:THREE, State:CLOSED, leaderId:6599d769-7ef0-430f-a42f-80d7661ca159, CreationTimestamp2021-01-01T14:16:54.604Z] moved to CLOSED state
2021-01-01 14:17:10,627 [EventQueue-StaleNodeForStaleNodeHandler] INFO  node.StaleNodeHandler (StaleNodeHandler.java:onMessage(58)) - Datanode ee53c20d-fee6-4df8-8e2d-61e62324c9a5{ip: 172.17.0.2, host: 722537d36201, networkLocation: /default-rack, certSerialId: null, persistedOpState: IN_SERVICE, persistedOpStateExpiryEpochSec: 0} moved to stale state. Finalizing its pipelines [PipelineID=a3f31094-69d4-4967-8aa8-69c508b4c6bd, PipelineID=dbaa5e50-a9c4-4d51-9e1d-f1dacba0d7f0]
2021-01-01 14:17:10,627 [EventQueue-CloseContainerForCloseContainerEventHandler] INFO  container.CloseContainerEventHandler (CloseContainerEventHandler.java:onMessage(61)) - Close container Event triggered for container : #2
2021-01-01 14:17:10,627 [EventQueue-StaleNodeForStaleNodeHandler] INFO  pipeline.SCMPipelineManager (SCMPipelineManager.java:finalizeAndDestroyPipeline(482)) - Destroying pipeline:Pipeline[ Id: a3f31094-69d4-4967-8aa8-69c508b4c6bd, Nodes: ee53c20d-fee6-4df8-8e2d-61e62324c9a5{ip: 172.17.0.2, host: 722537d36201, networkLocation: /default-rack, certSerialId: null, persistedOpState: IN_SERVICE, persistedOpStateExpiryEpochSec: 0}, Type:RATIS, Factor:ONE, State:OPEN, leaderId:ee53c20d-fee6-4df8-8e2d-61e62324c9a5, CreationTimestamp2021-01-01T14:16:54.603Z]
2021-01-01 14:17:10,628 [EventQueue-StaleNodeForStaleNodeHandler] INFO  pipeline.PipelineStateManager (PipelineStateManager.java:finalizePipeline(121)) - Pipeline Pipeline[ Id: a3f31094-69d4-4967-8aa8-69c508b4c6bd, Nodes: ee53c20d-fee6-4df8-8e2d-61e62324c9a5{ip: 172.17.0.2, host: 722537d36201, networkLocation: /default-rack, certSerialId: null, persistedOpState: IN_SERVICE, persistedOpStateExpiryEpochSec: 0}, Type:RATIS, Factor:ONE, State:CLOSED, leaderId:ee53c20d-fee6-4df8-8e2d-61e62324c9a5, CreationTimestamp2021-01-01T14:16:54.603Z] moved to CLOSED state
2021-01-01 14:17:10,628 [EventQueue-StaleNodeForStaleNodeHandler] INFO  pipeline.SCMPipelineManager (SCMPipelineManager.java:finalizeAndDestroyPipeline(482)) - Destroying pipeline:Pipeline[ Id: dbaa5e50-a9c4-4d51-9e1d-f1dacba0d7f0, Nodes: 6599d769-7ef0-430f-a42f-80d7661ca159{ip: 172.17.0.2, host: 722537d36201, networkLocation: /default-rack, certSerialId: null, persistedOpState: IN_SERVICE, persistedOpStateExpiryEpochSec: 0}b05a1b8e-b732-4ead-90c9-c61088a01b0a{ip: 172.17.0.2, host: 722537d36201, networkLocation: /default-rack, certSerialId: null, persistedOpState: IN_SERVICE, persistedOpStateExpiryEpochSec: 0}ee53c20d-fee6-4df8-8e2d-61e62324c9a5{ip: 172.17.0.2, host: 722537d36201, networkLocation: /default-rack, certSerialId: null, persistedOpState: IN_SERVICE, persistedOpStateExpiryEpochSec: 0}, Type:RATIS, Factor:THREE, State:CLOSED, leaderId:6599d769-7ef0-430f-a42f-80d7661ca159, CreationTimestamp2021-01-01T14:16:54.604Z]
2021-01-01 14:17:10,628 [EventQueue-CloseContainerForCloseContainerEventHandler] INFO  container.CloseContainerEventHandler (CloseContainerEventHandler.java:onMessage(61)) - Close container Event triggered for container : #4
2021-01-01 14:17:10,628 [EventQueue-CloseContainerForCloseContainerEventHandler] INFO  container.CloseContainerEventHandler (CloseContainerEventHandler.java:onMessage(61)) - Close container Event triggered for container : #4
2021-01-01 14:17:10,858 [grpc-default-executor-3] WARN  server.GrpcLogAppender (LogUtils.java:warn(122)) - 6599d769-7ef0-430f-a42f-80d7661ca159@group-F1DACBA0D7F0->ee53c20d-fee6-4df8-8e2d-61e62324c9a5-AppendLogResponseHandler: Failed appendEntries: org.apache.ratis.thirdparty.io.grpc.StatusRuntimeException: UNAVAILABLE: io exception
2021-01-01 14:17:10,859 [grpc-default-executor-3] INFO  leader.FollowerInfo (FollowerInfoImpl.java:lambda$new$0(46)) - 6599d769-7ef0-430f-a42f-80d7661ca159@group-F1DACBA0D7F0->ee53c20d-fee6-4df8-8e2d-61e62324c9a5: nextIndex: updateUnconditionally 44 -> 43
2021-01-01 14:17:11,177 [ForkJoinPool.commonPool-worker-0] INFO  ozoneimpl.OzoneContainer (OzoneContainer.java:stop(257)) - Attempting to stop container services.
2021-01-01 14:17:11,177 [ForkJoinPool.commonPool-worker-0] INFO  server.RaftServer (RaftServerProxy.java:lambda$close$6(387)) - 7cefa8e9-48e2-4714-becf-e2fa99455696: close
2021-01-01 14:17:11,178 [ForkJoinPool.commonPool-worker-0] INFO  server.GrpcService (GrpcService.java:closeImpl(184)) - 7cefa8e9-48e2-4714-becf-e2fa99455696: shutdown server with port 37087 now
2021-01-01 14:17:11,181 [ForkJoinPool.commonPool-worker-0] INFO  server.GrpcService (GrpcService.java:closeImpl(193)) - 7cefa8e9-48e2-4714-becf-e2fa99455696: shutdown server with port 37087 successfully
2021-01-01 14:17:11,181 [org.apache.ratis.util.JvmPauseMonitor$$Lambda$222/1521334115@7631f663] INFO  util.JvmPauseMonitor (JvmPauseMonitor.java:run(109)) - JvmPauseMonitor-7cefa8e9-48e2-4714-becf-e2fa99455696: Stopped
2021-01-01 14:17:11,183 [ForkJoinPool.commonPool-worker-0] INFO  utils.BackgroundService (BackgroundService.java:shutdown(132)) - Shutting down service BlockDeletingService
2021-01-01 14:17:11,184 [ForkJoinPool.commonPool-worker-0] INFO  statemachine.DatanodeStateMachine (DatanodeStateMachine.java:stopDaemon(461)) - Ozone container server stopped.
2021-01-01 14:17:11,193 [ForkJoinPool.commonPool-worker-0] INFO  handler.ContextHandler (ContextHandler.java:doStop(1154)) - Stopped o.e.j.w.WebAppContext@6266f63c{hddsDatanode,/,null,STOPPED}{jar:file:/home/user/.m2/repository/org/apache/hadoop/hadoop-hdds-container-service/1.1.0-SNAPSHOT/hadoop-hdds-container-service-1.1.0-SNAPSHOT.jar!/webapps/hddsDatanode}
2021-01-01 14:17:11,194 [ForkJoinPool.commonPool-worker-0] INFO  server.AbstractConnector (AbstractConnector.java:doStop(381)) - Stopped ServerConnector@6de41f86{HTTP/1.1, (http/1.1)}{0.0.0.0:0}
2021-01-01 14:17:11,194 [ForkJoinPool.commonPool-worker-0] INFO  server.session (HouseKeeper.java:stopScavenging(149)) - node0 Stopped scavenging
2021-01-01 14:17:11,195 [ForkJoinPool.commonPool-worker-0] INFO  handler.ContextHandler (ContextHandler.java:doStop(1154)) - Stopped o.e.j.s.ServletContextHandler@7e1b80d3{static,/static,jar:file:/home/user/.m2/repository/org/apache/hadoop/hadoop-hdds-container-service/1.1.0-SNAPSHOT/hadoop-hdds-container-service-1.1.0-SNAPSHOT.jar!/webapps/static,STOPPED}
2021-01-01 14:17:11,195 [ForkJoinPool.commonPool-worker-0] INFO  handler.ContextHandler (ContextHandler.java:doStop(1154)) - Stopped o.e.j.s.ServletContextHandler@4b885032{logs,/logs,file:///github/workspace/mnt/ozone/hadoop-ozone/integration-test/target/log,STOPPED}
2021-01-01 14:17:11,528 [EventQueue-StaleNodeForStaleNodeHandler] INFO  node.StaleNodeHandler (StaleNodeHandler.java:onMessage(58)) - Datanode f4f30912-ea27-4eb3-bee5-ae3f82ef3ad0{ip: 172.17.0.2, host: 722537d36201, networkLocation: /default-rack, certSerialId: null, persistedOpState: ENTERING_MAINTENANCE, persistedOpStateExpiryEpochSec: 0} moved to stale state. Finalizing its pipelines []
2021-01-01 14:17:11,531 [ReplicationMonitor] INFO  container.ReplicationManager (ReplicationManager.java:sendCloseCommand(948)) - Sending close container command for container #2 to datanode 6599d769-7ef0-430f-a42f-80d7661ca159{ip: 172.17.0.2, host: 722537d36201, networkLocation: /default-rack, certSerialId: null, persistedOpState: IN_SERVICE, persistedOpStateExpiryEpochSec: 0}.
2021-01-01 14:17:11,531 [ReplicationMonitor] INFO  container.ReplicationManager (ReplicationManager.java:sendCloseCommand(948)) - Sending close container command for container #2 to datanode b05a1b8e-b732-4ead-90c9-c61088a01b0a{ip: 172.17.0.2, host: 722537d36201, networkLocation: /default-rack, certSerialId: null, persistedOpState: IN_SERVICE, persistedOpStateExpiryEpochSec: 0}.
2021-01-01 14:17:11,532 [ReplicationMonitor] INFO  container.ReplicationManager (ReplicationManager.java:sendCloseCommand(948)) - Sending close container command for container #2 to datanode ee53c20d-fee6-4df8-8e2d-61e62324c9a5{ip: 172.17.0.2, host: 722537d36201, networkLocation: /default-rack, certSerialId: null, persistedOpState: IN_SERVICE, persistedOpStateExpiryEpochSec: 0}.
2021-01-01 14:17:11,532 [ReplicationMonitor] INFO  container.ReplicationManager (ReplicationManager.java:sendCloseCommand(948)) - Sending close container command for container #4 to datanode b05a1b8e-b732-4ead-90c9-c61088a01b0a{ip: 172.17.0.2, host: 722537d36201, networkLocation: /default-rack, certSerialId: null, persistedOpState: IN_SERVICE, persistedOpStateExpiryEpochSec: 0}.
2021-01-01 14:17:11,532 [ReplicationMonitor] INFO  container.ReplicationManager (ReplicationManager.java:sendCloseCommand(948)) - Sending close container command for container #4 to datanode ee53c20d-fee6-4df8-8e2d-61e62324c9a5{ip: 172.17.0.2, host: 722537d36201, networkLocation: /default-rack, certSerialId: null, persistedOpState: IN_SERVICE, persistedOpStateExpiryEpochSec: 0}.
2021-01-01 14:17:11,532 [ReplicationMonitor] INFO  container.ReplicationManager (ReplicationManager.java:sendCloseCommand(948)) - Sending close container command for container #4 to datanode 6599d769-7ef0-430f-a42f-80d7661ca159{ip: 172.17.0.2, host: 722537d36201, networkLocation: /default-rack, certSerialId: null, persistedOpState: IN_SERVICE, persistedOpStateExpiryEpochSec: 0}.
2021-01-01 14:17:11,532 [ReplicationMonitor] INFO  container.ReplicationManager (ReplicationManager.java:run(250)) - Replication Monitor Thread took 1 milliseconds for processing 4 containers.
2021-01-01 14:17:11,580 [Listener at 0.0.0.0/41791] INFO  ozoneimpl.OzoneContainer (OzoneContainer.java:stop(257)) - Attempting to stop container services.
2021-01-01 14:17:11,580 [Listener at 0.0.0.0/41791] INFO  server.RaftServer (RaftServerProxy.java:lambda$close$6(387)) - 6599d769-7ef0-430f-a42f-80d7661ca159: close
2021-01-01 14:17:11,580 [Listener at 0.0.0.0/41791] INFO  server.RaftServer$Division (RaftServerImpl.java:lambda$close$4(397)) - 6599d769-7ef0-430f-a42f-80d7661ca159@group-8970901C8A83: shutdown
2021-01-01 14:17:11,580 [Listener at 0.0.0.0/41791] INFO  util.JmxRegister (JmxRegister.java:unregister(73)) - Successfully un-registered JMX Bean with object name Ratis:service=RaftServer,group=group-8970901C8A83,id=6599d769-7ef0-430f-a42f-80d7661ca159
2021-01-01 14:17:11,581 [Listener at 0.0.0.0/41791] INFO  impl.RoleInfo (RoleInfo.java:shutdownLeaderState(91)) - 6599d769-7ef0-430f-a42f-80d7661ca159: shutdown 6599d769-7ef0-430f-a42f-80d7661ca159@group-8970901C8A83-LeaderStateImpl
2021-01-01 14:17:11,581 [Listener at 0.0.0.0/41791] INFO  impl.PendingRequests (PendingRequests.java:sendNotLeaderResponses(249)) - 6599d769-7ef0-430f-a42f-80d7661ca159@group-8970901C8A83-PendingRequests: sendNotLeaderResponses
2021-01-01 14:17:11,581 [Listener at 0.0.0.0/41791] INFO  metrics.RatisMetrics (RatisMetrics.java:unregister(43)) - Unregistering Metrics Registry : ratis.log_appender.6599d769-7ef0-430f-a42f-80d7661ca159@group-8970901C8A83
2021-01-01 14:17:11,581 [Listener at 0.0.0.0/41791] INFO  metrics.RatisMetrics (RatisMetrics.java:unregister(43)) - Unregistering Metrics Registry : ratis.server.6599d769-7ef0-430f-a42f-80d7661ca159@group-8970901C8A83
2021-01-01 14:17:11,583 [Listener at 0.0.0.0/41791] INFO  impl.StateMachineUpdater (StateMachineUpdater.java:stopAndJoin(148)) - 6599d769-7ef0-430f-a42f-80d7661ca159@group-8970901C8A83-StateMachineUpdater: set stopIndex = 0
2021-01-01 14:17:11,580 [ForkJoinPool.commonPool-worker-0] INFO  server.RaftServer$Division (RaftServerImpl.java:lambda$close$4(397)) - 6599d769-7ef0-430f-a42f-80d7661ca159@group-F1DACBA0D7F0: shutdown
2021-01-01 14:17:11,583 [ForkJoinPool.commonPool-worker-0] INFO  util.JmxRegister (JmxRegister.java:unregister(73)) - Successfully un-registered JMX Bean with object name Ratis:service=RaftServer,group=group-F1DACBA0D7F0,id=6599d769-7ef0-430f-a42f-80d7661ca159
2021-01-01 14:17:11,583 [ForkJoinPool.commonPool-worker-0] INFO  impl.RoleInfo (RoleInfo.java:shutdownLeaderState(91)) - 6599d769-7ef0-430f-a42f-80d7661ca159: shutdown 6599d769-7ef0-430f-a42f-80d7661ca159@group-F1DACBA0D7F0-LeaderStateImpl
2021-01-01 14:17:11,583 [ForkJoinPool.commonPool-worker-0] INFO  metrics.RatisMetrics (RatisMetrics.java:unregister(43)) - Unregistering Metrics Registry : ratis_grpc.log_appender.6599d769-7ef0-430f-a42f-80d7661ca159@group-F1DACBA0D7F0
2021-01-01 14:17:11,583 [6599d769-7ef0-430f-a42f-80d7661ca159@group-8970901C8A83-StateMachineUpdater] INFO  ratis.ContainerStateMachine (ContainerStateMachine.java:takeSnapshot(291)) - group-8970901C8A83: Taking a snapshot at:(t:1, i:0) file /github/workspace/mnt/ozone/hadoop-ozone/integration-test/target/test-dir/MiniOzoneClusterImpl-cb490d7e-6ed4-4e2b-831b-323004451de6/datanode-4/data/ratis/cd15e804-9c33-45b3-a55d-8970901c8a83/sm/snapshot.1_0
2021-01-01 14:17:11,584 [6599d769-7ef0-430f-a42f-80d7661ca159@group-F1DACBA0D7F0->b05a1b8e-b732-4ead-90c9-c61088a01b0a-GrpcLogAppender-LogAppenderDaemon] WARN  server.GrpcLogAppender (GrpcLogAppender.java:mayWait(174)) - 6599d769-7ef0-430f-a42f-80d7661ca159@group-F1DACBA0D7F0->b05a1b8e-b732-4ead-90c9-c61088a01b0a-GrpcLogAppender: Wait interrupted by java.lang.InterruptedException
2021-01-01 14:17:11,583 [ForkJoinPool.commonPool-worker-0] INFO  metrics.RatisMetrics (RatisMetrics.java:unregister(43)) - Unregistering Metrics Registry : ratis_grpc.log_appender.6599d769-7ef0-430f-a42f-80d7661ca159@group-F1DACBA0D7F0
2021-01-01 14:17:11,584 [6599d769-7ef0-430f-a42f-80d7661ca159@group-F1DACBA0D7F0->ee53c20d-fee6-4df8-8e2d-61e62324c9a5-GrpcLogAppender-LogAppenderDaemon] WARN  server.GrpcLogAppender (GrpcLogAppender.java:mayWait(174)) - 6599d769-7ef0-430f-a42f-80d7661ca159@group-F1DACBA0D7F0->ee53c20d-fee6-4df8-8e2d-61e62324c9a5-GrpcLogAppender: Wait interrupted by java.lang.InterruptedException
2021-01-01 14:17:11,584 [ForkJoinPool.commonPool-worker-0] INFO  impl.PendingRequests (PendingRequests.java:sendNotLeaderResponses(249)) - 6599d769-7ef0-430f-a42f-80d7661ca159@group-F1DACBA0D7F0-PendingRequests: sendNotLeaderResponses
2021-01-01 14:17:11,585 [6599d769-7ef0-430f-a42f-80d7661ca159@group-8970901C8A83-StateMachineUpdater] INFO  ratis.ContainerStateMachine (ContainerStateMachine.java:takeSnapshot(302)) - group-8970901C8A83: Finished taking a snapshot at:(t:1, i:0) file:/github/workspace/mnt/ozone/hadoop-ozone/integration-test/target/test-dir/MiniOzoneClusterImpl-cb490d7e-6ed4-4e2b-831b-323004451de6/datanode-4/data/ratis/cd15e804-9c33-45b3-a55d-8970901c8a83/sm/snapshot.1_0 time:1
2021-01-01 14:17:11,586 [6599d769-7ef0-430f-a42f-80d7661ca159@group-8970901C8A83-StateMachineUpdater] INFO  impl.StateMachineUpdater (StateMachineUpdater.java:takeSnapshot(279)) - 6599d769-7ef0-430f-a42f-80d7661ca159@group-8970901C8A83-StateMachineUpdater: Took a snapshot at index 0
2021-01-01 14:17:11,586 [6599d769-7ef0-430f-a42f-80d7661ca159@group-8970901C8A83-StateMachineUpdater] INFO  impl.StateMachineUpdater (StateMachineUpdater.java:lambda$new$0(88)) - 6599d769-7ef0-430f-a42f-80d7661ca159@group-8970901C8A83-StateMachineUpdater: snapshotIndex: updateIncreasingly -1 -> 0
2021-01-01 14:17:11,586 [6599d769-7ef0-430f-a42f-80d7661ca159@group-8970901C8A83-StateMachineUpdater] INFO  metrics.RatisMetrics (RatisMetrics.java:unregister(43)) - Unregistering Metrics Registry : ratis.state_machine.6599d769-7ef0-430f-a42f-80d7661ca159@group-8970901C8A83
2021-01-01 14:17:11,586 [Listener at 0.0.0.0/41791] INFO  server.RaftServer$Division (ServerState.java:close(406)) - 6599d769-7ef0-430f-a42f-80d7661ca159@group-8970901C8A83: closes. applyIndex: 0
2021-01-01 14:17:11,587 [6599d769-7ef0-430f-a42f-80d7661ca159@group-8970901C8A83-SegmentedRaftLogWorker] INFO  segmented.SegmentedRaftLogWorker (SegmentedRaftLogWorker.java:run(326)) - 6599d769-7ef0-430f-a42f-80d7661ca159@group-8970901C8A83-SegmentedRaftLogWorker was interrupted, exiting. There are 0 tasks remaining in the queue.
2021-01-01 14:17:11,587 [Listener at 0.0.0.0/41791] INFO  segmented.SegmentedRaftLogWorker (SegmentedRaftLogWorker.java:close(236)) - 6599d769-7ef0-430f-a42f-80d7661ca159@group-8970901C8A83-SegmentedRaftLogWorker close()
2021-01-01 14:17:11,586 [ForkJoinPool.commonPool-worker-0] INFO  metrics.RatisMetrics (RatisMetrics.java:unregister(43)) - Unregistering Metrics Registry : ratis.log_appender.6599d769-7ef0-430f-a42f-80d7661ca159@group-F1DACBA0D7F0
2021-01-01 14:17:11,588 [Listener at 0.0.0.0/41791] INFO  metrics.RatisMetrics (RatisMetrics.java:unregister(43)) - Unregistering Metrics Registry : ratis.log_worker.6599d769-7ef0-430f-a42f-80d7661ca159@group-8970901C8A83
2021-01-01 14:17:11,588 [ForkJoinPool.commonPool-worker-0] INFO  metrics.RatisMetrics (RatisMetrics.java:unregister(43)) - Unregistering Metrics Registry : ratis.server.6599d769-7ef0-430f-a42f-80d7661ca159@group-F1DACBA0D7F0
2021-01-01 14:17:11,588 [Listener at 0.0.0.0/41791] INFO  metrics.RatisMetrics (RatisMetrics.java:unregister(43)) - Unregistering Metrics Registry : ratis.leader_election.6599d769-7ef0-430f-a42f-80d7661ca159@group-8970901C8A83
2021-01-01 14:17:11,589 [Listener at 0.0.0.0/41791] INFO  metrics.RatisMetrics (RatisMetrics.java:unregister(43)) - Unregistering Metrics Registry : ratis.server.6599d769-7ef0-430f-a42f-80d7661ca159@group-8970901C8A83
2021-01-01 14:17:11,596 [ForkJoinPool.commonPool-worker-0] INFO  impl.StateMachineUpdater (StateMachineUpdater.java:stopAndJoin(148)) - 6599d769-7ef0-430f-a42f-80d7661ca159@group-F1DACBA0D7F0-StateMachineUpdater: set stopIndex = 43
2021-01-01 14:17:11,597 [6599d769-7ef0-430f-a42f-80d7661ca159@group-F1DACBA0D7F0-StateMachineUpdater] INFO  ratis.ContainerStateMachine (ContainerStateMachine.java:takeSnapshot(291)) - group-F1DACBA0D7F0: Taking a snapshot at:(t:1, i:43) file /github/workspace/mnt/ozone/hadoop-ozone/integration-test/target/test-dir/MiniOzoneClusterImpl-cb490d7e-6ed4-4e2b-831b-323004451de6/datanode-4/data/ratis/dbaa5e50-a9c4-4d51-9e1d-f1dacba0d7f0/sm/snapshot.1_43
2021-01-01 14:17:11,598 [6599d769-7ef0-430f-a42f-80d7661ca159@group-F1DACBA0D7F0-StateMachineUpdater] INFO  ratis.ContainerStateMachine (ContainerStateMachine.java:takeSnapshot(302)) - group-F1DACBA0D7F0: Finished taking a snapshot at:(t:1, i:43) file:/github/workspace/mnt/ozone/hadoop-ozone/integration-test/target/test-dir/MiniOzoneClusterImpl-cb490d7e-6ed4-4e2b-831b-323004451de6/datanode-4/data/ratis/dbaa5e50-a9c4-4d51-9e1d-f1dacba0d7f0/sm/snapshot.1_43 time:1
2021-01-01 14:17:11,598 [6599d769-7ef0-430f-a42f-80d7661ca159@group-F1DACBA0D7F0-StateMachineUpdater] INFO  impl.StateMachineUpdater (StateMachineUpdater.java:takeSnapshot(279)) - 6599d769-7ef0-430f-a42f-80d7661ca159@group-F1DACBA0D7F0-StateMachineUpdater: Took a snapshot at index 43
2021-01-01 14:17:11,598 [6599d769-7ef0-430f-a42f-80d7661ca159@group-F1DACBA0D7F0-StateMachineUpdater] INFO  impl.StateMachineUpdater (StateMachineUpdater.java:lambda$new$0(88)) - 6599d769-7ef0-430f-a42f-80d7661ca159@group-F1DACBA0D7F0-StateMachineUpdater: snapshotIndex: updateIncreasingly -1 -> 43
2021-01-01 14:17:11,598 [6599d769-7ef0-430f-a42f-80d7661ca159@group-F1DACBA0D7F0-StateMachineUpdater] INFO  metrics.RatisMetrics (RatisMetrics.java:unregister(43)) - Unregistering Metrics Registry : ratis.state_machine.6599d769-7ef0-430f-a42f-80d7661ca159@group-F1DACBA0D7F0
2021-01-01 14:17:11,598 [ForkJoinPool.commonPool-worker-0] INFO  server.RaftServer$Division (ServerState.java:close(406)) - 6599d769-7ef0-430f-a42f-80d7661ca159@group-F1DACBA0D7F0: closes. applyIndex: 43
2021-01-01 14:17:11,598 [6599d769-7ef0-430f-a42f-80d7661ca159@group-F1DACBA0D7F0-SegmentedRaftLogWorker] INFO  segmented.SegmentedRaftLogWorker (SegmentedRaftLogWorker.java:run(326)) - 6599d769-7ef0-430f-a42f-80d7661ca159@group-F1DACBA0D7F0-SegmentedRaftLogWorker was interrupted, exiting. There are 0 tasks remaining in the queue.
2021-01-01 14:17:11,598 [ForkJoinPool.commonPool-worker-0] INFO  segmented.SegmentedRaftLogWorker (SegmentedRaftLogWorker.java:close(236)) - 6599d769-7ef0-430f-a42f-80d7661ca159@group-F1DACBA0D7F0-SegmentedRaftLogWorker close()
2021-01-01 14:17:11,598 [ForkJoinPool.commonPool-worker-0] INFO  metrics.RatisMetrics (RatisMetrics.java:unregister(43)) - Unregistering Metrics Registry : ratis.log_worker.6599d769-7ef0-430f-a42f-80d7661ca159@group-F1DACBA0D7F0
2021-01-01 14:17:11,599 [ForkJoinPool.commonPool-worker-0] INFO  metrics.RatisMetrics (RatisMetrics.java:unregister(43)) - Unregistering Metrics Registry : ratis.leader_election.6599d769-7ef0-430f-a42f-80d7661ca159@group-F1DACBA0D7F0
2021-01-01 14:17:11,599 [ForkJoinPool.commonPool-worker-0] INFO  metrics.RatisMetrics (RatisMetrics.java:unregister(43)) - Unregistering Metrics Registry : ratis.server.6599d769-7ef0-430f-a42f-80d7661ca159@group-F1DACBA0D7F0
2021-01-01 14:17:11,599 [Listener at 0.0.0.0/41791] INFO  server.GrpcService (GrpcService.java:closeImpl(184)) - 6599d769-7ef0-430f-a42f-80d7661ca159: shutdown server with port 37921 now
2021-01-01 14:17:11,600 [grpc-default-executor-2] WARN  client.GrpcClientProtocolService (LogUtils.java:warn(122)) - 1-UnorderedRequestStreamObserver1: onError: org.apache.ratis.thirdparty.io.grpc.StatusRuntimeException: CANCELLED: cancelled before receiving half close
2021-01-01 14:17:11,601 [Listener at 0.0.0.0/41791] INFO  server.GrpcService (GrpcService.java:closeImpl(193)) - 6599d769-7ef0-430f-a42f-80d7661ca159: shutdown server with port 37921 successfully
2021-01-01 14:17:11,601 [org.apache.ratis.util.JvmPauseMonitor$$Lambda$222/1521334115@15e68f6a] INFO  util.JvmPauseMonitor (JvmPauseMonitor.java:run(109)) - JvmPauseMonitor-6599d769-7ef0-430f-a42f-80d7661ca159: Stopped
2021-01-01 14:17:11,602 [Listener at 0.0.0.0/41791] INFO  utils.BackgroundService (BackgroundService.java:shutdown(132)) - Shutting down service BlockDeletingService
2021-01-01 14:17:11,603 [Listener at 0.0.0.0/41791] INFO  statemachine.DatanodeStateMachine (DatanodeStateMachine.java:stopDaemon(461)) - Ozone container server stopped.
2021-01-01 14:17:11,606 [DatanodeAdminManager-0] INFO  node.DatanodeAdminMonitorImpl (DatanodeAdminMonitorImpl.java:run(136)) - There are 3 nodes tracked for decommission and maintenance. 0 pending nodes.
2021-01-01 14:17:11,611 [Listener at 0.0.0.0/41791] INFO  handler.ContextHandler (ContextHandler.java:doStop(1154)) - Stopped o.e.j.w.WebAppContext@3fc6ae7b{hddsDatanode,/,null,STOPPED}{jar:file:/home/user/.m2/repository/org/apache/hadoop/hadoop-hdds-container-service/1.1.0-SNAPSHOT/hadoop-hdds-container-service-1.1.0-SNAPSHOT.jar!/webapps/hddsDatanode}
2021-01-01 14:17:11,612 [Listener at 0.0.0.0/41791] INFO  server.AbstractConnector (AbstractConnector.java:doStop(381)) - Stopped ServerConnector@60a44e4{HTTP/1.1, (http/1.1)}{0.0.0.0:0}
2021-01-01 14:17:11,612 [Listener at 0.0.0.0/41791] INFO  server.session (HouseKeeper.java:stopScavenging(149)) - node0 Stopped scavenging
2021-01-01 14:17:11,612 [Listener at 0.0.0.0/41791] INFO  handler.ContextHandler (ContextHandler.java:doStop(1154)) - Stopped o.e.j.s.ServletContextHandler@14d16b8f{static,/static,jar:file:/home/user/.m2/repository/org/apache/hadoop/hadoop-hdds-container-service/1.1.0-SNAPSHOT/hadoop-hdds-container-service-1.1.0-SNAPSHOT.jar!/webapps/static,STOPPED}
2021-01-01 14:17:11,612 [Listener at 0.0.0.0/41791] INFO  handler.ContextHandler (ContextHandler.java:doStop(1154)) - Stopped o.e.j.s.ServletContextHandler@50b8504b{logs,/logs,file:///github/workspace/mnt/ozone/hadoop-ozone/integration-test/target/log,STOPPED}
2021-01-01 14:17:11,613 [Listener at 0.0.0.0/41791] INFO  ozone.MiniOzoneClusterImpl (MiniOzoneClusterImpl.java:stopSCM(477)) - Stopping the StorageContainerManager
2021-01-01 14:17:11,613 [Listener at 0.0.0.0/41791] INFO  server.StorageContainerManager (StorageContainerManager.java:stop(832)) - Stopping Replication Manager Service.
2021-01-01 14:17:11,613 [Listener at 0.0.0.0/41791] INFO  container.ReplicationManager (ReplicationManager.java:stop(227)) - Stopping Replication Monitor Thread.
2021-01-01 14:17:11,613 [Listener at 0.0.0.0/41791] INFO  server.StorageContainerManager (StorageContainerManager.java:stop(839)) - Stopping the Datanode Admin Monitor.
2021-01-01 14:17:11,613 [Listener at 0.0.0.0/41791] INFO  server.StorageContainerManager (StorageContainerManager.java:stop(846)) - Stopping Lease Manager of the command watchers
2021-01-01 14:17:11,613 [Listener at 0.0.0.0/41791] INFO  server.StorageContainerManager (StorageContainerManager.java:stop(853)) - Stopping datanode service RPC server
2021-01-01 14:17:11,614 [Listener at 0.0.0.0/41791] INFO  server.SCMDatanodeProtocolServer (SCMDatanodeProtocolServer.java:stop(369)) - Stopping the RPC server for DataNodes
2021-01-01 14:17:11,614 [Listener at 0.0.0.0/41791] INFO  ipc.Server (Server.java:stop(3359)) - Stopping server on 35419
2021-01-01 14:17:11,615 [IPC Server listener on 35419] INFO  ipc.Server (Server.java:run(1330)) - Stopping IPC Server listener on 35419
2021-01-01 14:17:11,616 [IPC Server Responder] INFO  ipc.Server (Server.java:run(1465)) - Stopping IPC Server Responder
2021-01-01 14:17:11,628 [SCM Heartbeat Processing Thread - 0] WARN  node.NodeStateManager (NodeStateManager.java:scheduleNextHealthCheck(688)) - Current Thread is interrupted, shutting down HB processing thread for Node Manager.
2021-01-01 14:17:11,628 [Listener at 0.0.0.0/41791] INFO  server.StorageContainerManager (StorageContainerManager.java:stop(861)) - Stopping block service RPC server
2021-01-01 14:17:11,628 [Listener at 0.0.0.0/41791] INFO  server.SCMBlockProtocolServer (SCMBlockProtocolServer.java:stop(159)) - Stopping the RPC server for Block Protocol
2021-01-01 14:17:11,628 [Listener at 0.0.0.0/41791] INFO  ipc.Server (Server.java:stop(3359)) - Stopping server on 44377
2021-01-01 14:17:11,630 [IPC Server listener on 44377] INFO  ipc.Server (Server.java:run(1330)) - Stopping IPC Server listener on 44377
2021-01-01 14:17:11,630 [IPC Server Responder] INFO  ipc.Server (Server.java:run(1465)) - Stopping IPC Server Responder
2021-01-01 14:17:11,630 [Listener at 0.0.0.0/41791] INFO  server.StorageContainerManager (StorageContainerManager.java:stop(868)) - Stopping the StorageContainerLocationProtocol RPC server
2021-01-01 14:17:11,631 [Listener at 0.0.0.0/41791] INFO  server.SCMClientProtocolServer (SCMClientProtocolServer.java:stop(168)) - Stopping the RPC server for Client Protocol
2021-01-01 14:17:11,631 [Listener at 0.0.0.0/41791] INFO  ipc.Server (Server.java:stop(3359)) - Stopping server on 41791
2021-01-01 14:17:11,632 [IPC Server listener on 41791] INFO  ipc.Server (Server.java:run(1330)) - Stopping IPC Server listener on 41791
2021-01-01 14:17:11,633 [IPC Server Responder] INFO  ipc.Server (Server.java:run(1465)) - Stopping IPC Server Responder
2021-01-01 14:17:11,633 [Listener at 0.0.0.0/41791] INFO  server.StorageContainerManager (StorageContainerManager.java:stop(875)) - Stopping Storage Container Manager HTTP server.
2021-01-01 14:17:11,633 [Listener at 0.0.0.0/41791] INFO  handler.ContextHandler (ContextHandler.java:doStop(1154)) - Stopped o.e.j.w.WebAppContext@7a9bdca{scm,/,null,STOPPED}{file:/github/workspace/mnt/ozone/hadoop-ozone/integration-test/target/test-classes/webapps/scm}
2021-01-01 14:17:11,634 [Listener at 0.0.0.0/41791] INFO  server.AbstractConnector (AbstractConnector.java:doStop(381)) - Stopped ServerConnector@5035ce0b{HTTP/1.1, (http/1.1)}{0.0.0.0:39315}
2021-01-01 14:17:11,634 [Listener at 0.0.0.0/41791] INFO  server.session (HouseKeeper.java:stopScavenging(149)) - node0 Stopped scavenging
2021-01-01 14:17:11,634 [Listener at 0.0.0.0/41791] INFO  handler.ContextHandler (ContextHandler.java:doStop(1154)) - Stopped o.e.j.s.ServletContextHandler@6e1b56ad{static,/static,file:///github/workspace/mnt/ozone/hadoop-ozone/integration-test/target/test-classes/webapps/static,STOPPED}
2021-01-01 14:17:11,634 [Listener at 0.0.0.0/41791] INFO  handler.ContextHandler (ContextHandler.java:doStop(1154)) - Stopped o.e.j.s.ServletContextHandler@68852b5{logs,/logs,file:///github/workspace/mnt/ozone/hadoop-ozone/integration-test/target/log,STOPPED}
2021-01-01 14:17:11,634 [Listener at 0.0.0.0/41791] INFO  server.StorageContainerManager (StorageContainerManager.java:stop(886)) - Stopping Block Manager Service.
2021-01-01 14:17:11,634 [Listener at 0.0.0.0/41791] INFO  utils.BackgroundService (BackgroundService.java:shutdown(132)) - Shutting down service SCMBlockDeletingService
2021-01-01 14:17:11,639 [Listener at 0.0.0.0/41791] INFO  utils.BackgroundService (BackgroundService.java:shutdown(132)) - Shutting down service SCMBlockDeletingService
2021-01-01 14:17:11,640 [Listener at 0.0.0.0/41791] INFO  server.StorageContainerManager (StorageContainerManager.java:stop(911)) - Stopping SCM Event Queue.
2021-01-01 14:17:11,642 [Listener at 0.0.0.0/41791] INFO  impl.MetricsSystemImpl (MetricsSystemImpl.java:stop(210)) - Stopping StorageContainerManager metrics system...
2021-01-01 14:17:11,643 [Listener at 0.0.0.0/41791] INFO  impl.MetricsSystemImpl (MetricsSystemImpl.java:stop(216)) - StorageContainerManager metrics system stopped.
]]></system-out>
    <system-err><![CDATA[Jan 01, 2021 2:17:04 PM org.apache.ratis.thirdparty.io.grpc.internal.ManagedChannelOrphanWrapper$ManagedChannelReference cleanQueue
SEVERE: *~*~*~ Channel ManagedChannelImpl{logId=567, target=172.17.0.2:38977} was not shutdown properly!!! ~*~*~*
    Make sure to call shutdown()/shutdownNow() and wait until awaitTermination() returns true.
java.lang.RuntimeException: ManagedChannel allocation site
	at org.apache.ratis.thirdparty.io.grpc.internal.ManagedChannelOrphanWrapper$ManagedChannelReference.<init>(ManagedChannelOrphanWrapper.java:93)
	at org.apache.ratis.thirdparty.io.grpc.internal.ManagedChannelOrphanWrapper.<init>(ManagedChannelOrphanWrapper.java:53)
	at org.apache.ratis.thirdparty.io.grpc.internal.ManagedChannelOrphanWrapper.<init>(ManagedChannelOrphanWrapper.java:44)
	at org.apache.ratis.thirdparty.io.grpc.internal.AbstractManagedChannelImplBuilder.build(AbstractManagedChannelImplBuilder.java:518)
	at org.apache.ratis.grpc.client.GrpcClientProtocolClient.<init>(GrpcClientProtocolClient.java:133)
	at org.apache.ratis.grpc.client.GrpcClientRpc.lambda$new$0(GrpcClientRpc.java:56)
	at org.apache.ratis.util.PeerProxyMap$PeerAndProxy.lambda$getProxy$0(PeerProxyMap.java:63)
	at org.apache.ratis.util.LifeCycle.startAndTransition(LifeCycle.java:270)
	at org.apache.ratis.util.PeerProxyMap$PeerAndProxy.getProxy(PeerProxyMap.java:62)
	at org.apache.ratis.util.PeerProxyMap.getProxy(PeerProxyMap.java:114)
	at org.apache.ratis.grpc.client.GrpcClientRpc.sendRequestAsync(GrpcClientRpc.java:67)
	at org.apache.ratis.client.impl.OrderedAsync.sendRequest(OrderedAsync.java:235)
	at org.apache.ratis.client.impl.OrderedAsync.sendRequestWithRetry(OrderedAsync.java:189)
	at org.apache.ratis.util.SlidingWindow$Client.sendOrDelayRequest(SlidingWindow.java:278)
	at org.apache.ratis.util.SlidingWindow$Client.submitNewRequest(SlidingWindow.java:257)
	at org.apache.ratis.client.impl.OrderedAsync.send(OrderedAsync.java:170)
	at org.apache.ratis.client.impl.OrderedAsync.newInstance(OrderedAsync.java:118)
	at org.apache.ratis.client.impl.RaftClientImpl.lambda$new$0(RaftClientImpl.java:148)
	at org.apache.ratis.util.MemoizedSupplier.get(MemoizedSupplier.java:62)
	at org.apache.ratis.client.impl.RaftClientImpl.getOrderedAsync(RaftClientImpl.java:200)
	at org.apache.ratis.client.impl.AsyncImpl.send(AsyncImpl.java:41)
	at org.apache.ratis.client.impl.AsyncImpl.send(AsyncImpl.java:46)
	at org.apache.hadoop.hdds.scm.XceiverClientRatis.lambda$sendRequestAsync$3(XceiverClientRatis.java:225)
	at org.apache.hadoop.hdds.tracing.TracingUtil.executeInNewSpan(TracingUtil.java:159)
	at org.apache.hadoop.hdds.scm.XceiverClientRatis.sendRequestAsync(XceiverClientRatis.java:210)
	at org.apache.hadoop.hdds.scm.XceiverClientRatis.sendCommandAsync(XceiverClientRatis.java:306)
	at org.apache.hadoop.hdds.scm.storage.ContainerProtocolCalls.writeChunkAsync(ContainerProtocolCalls.java:304)
	at org.apache.hadoop.hdds.scm.storage.BlockOutputStream.writeChunkToContainer(BlockOutputStream.java:665)
	at org.apache.hadoop.hdds.scm.storage.BlockOutputStream.writeChunk(BlockOutputStream.java:507)
	at org.apache.hadoop.hdds.scm.storage.BlockOutputStream.handleFlush(BlockOutputStream.java:521)
	at org.apache.hadoop.hdds.scm.storage.BlockOutputStream.close(BlockOutputStream.java:548)
	at org.apache.hadoop.ozone.client.io.BlockOutputStreamEntry.close(BlockOutputStreamEntry.java:129)
	at org.apache.hadoop.ozone.client.io.KeyOutputStream.handleStreamAction(KeyOutputStream.java:497)
	at org.apache.hadoop.ozone.client.io.KeyOutputStream.handleFlushOrClose(KeyOutputStream.java:471)
	at org.apache.hadoop.ozone.client.io.KeyOutputStream.close(KeyOutputStream.java:524)
	at org.apache.hadoop.ozone.client.io.OzoneOutputStream.close(OzoneOutputStream.java:60)
	at org.apache.hadoop.ozone.TestDataUtil.createKey(TestDataUtil.java:87)
	at org.apache.hadoop.ozone.scm.node.TestDecommissionAndMaintenance.generateData(TestDecommissionAndMaintenance.java:574)
	at org.apache.hadoop.ozone.scm.node.TestDecommissionAndMaintenance.testDecommissionedNodeCanBeRecommissioned(TestDecommissionAndMaintenance.java:275)
	at sun.reflect.NativeMethodAccessorImpl.invoke0(Native Method)
	at sun.reflect.NativeMethodAccessorImpl.invoke(NativeMethodAccessorImpl.java:62)
	at sun.reflect.DelegatingMethodAccessorImpl.invoke(DelegatingMethodAccessorImpl.java:43)
	at java.lang.reflect.Method.invoke(Method.java:498)
	at org.junit.runners.model.FrameworkMethod$1.runReflectiveCall(FrameworkMethod.java:47)
	at org.junit.internal.runners.model.ReflectiveCallable.run(ReflectiveCallable.java:12)
	at org.junit.runners.model.FrameworkMethod.invokeExplosively(FrameworkMethod.java:44)
	at org.junit.internal.runners.statements.InvokeMethod.evaluate(InvokeMethod.java:17)
	at org.junit.internal.runners.statements.RunBefores.evaluate(RunBefores.java:26)
	at org.junit.internal.runners.statements.RunAfters.evaluate(RunAfters.java:27)
	at org.junit.runners.ParentRunner.runLeaf(ParentRunner.java:271)
	at org.junit.runners.BlockJUnit4ClassRunner.runChild(BlockJUnit4ClassRunner.java:70)
	at org.junit.runners.BlockJUnit4ClassRunner.runChild(BlockJUnit4ClassRunner.java:50)
	at org.junit.runners.ParentRunner$3.run(ParentRunner.java:238)
	at org.junit.runners.ParentRunner$1.schedule(ParentRunner.java:63)
	at org.junit.runners.ParentRunner.runChildren(ParentRunner.java:236)
	at org.junit.runners.ParentRunner.access$000(ParentRunner.java:53)
	at org.junit.runners.ParentRunner$2.evaluate(ParentRunner.java:229)
	at org.junit.runners.ParentRunner.run(ParentRunner.java:309)
	at org.apache.maven.surefire.junit4.JUnit4Provider.execute(JUnit4Provider.java:365)
	at org.apache.maven.surefire.junit4.JUnit4Provider.executeWithRerun(JUnit4Provider.java:273)
	at org.apache.maven.surefire.junit4.JUnit4Provider.executeTestSet(JUnit4Provider.java:238)
	at org.apache.maven.surefire.junit4.JUnit4Provider.invoke(JUnit4Provider.java:159)
	at org.apache.maven.surefire.booter.ForkedBooter.invokeProviderInSameClassLoader(ForkedBooter.java:384)
	at org.apache.maven.surefire.booter.ForkedBooter.runSuitesInProcess(ForkedBooter.java:345)
	at org.apache.maven.surefire.booter.ForkedBooter.execute(ForkedBooter.java:126)
	at org.apache.maven.surefire.booter.ForkedBooter.main(ForkedBooter.java:418)

Jan 01, 2021 2:17:04 PM org.apache.ratis.thirdparty.io.grpc.internal.ManagedChannelOrphanWrapper$ManagedChannelReference cleanQueue
SEVERE: *~*~*~ Channel ManagedChannelImpl{logId=572, target=172.17.0.2:40143} was not shutdown properly!!! ~*~*~*
    Make sure to call shutdown()/shutdownNow() and wait until awaitTermination() returns true.
java.lang.RuntimeException: ManagedChannel allocation site
	at org.apache.ratis.thirdparty.io.grpc.internal.ManagedChannelOrphanWrapper$ManagedChannelReference.<init>(ManagedChannelOrphanWrapper.java:93)
	at org.apache.ratis.thirdparty.io.grpc.internal.ManagedChannelOrphanWrapper.<init>(ManagedChannelOrphanWrapper.java:53)
	at org.apache.ratis.thirdparty.io.grpc.internal.ManagedChannelOrphanWrapper.<init>(ManagedChannelOrphanWrapper.java:44)
	at org.apache.ratis.thirdparty.io.grpc.internal.AbstractManagedChannelImplBuilder.build(AbstractManagedChannelImplBuilder.java:518)
	at org.apache.ratis.grpc.client.GrpcClientProtocolClient.<init>(GrpcClientProtocolClient.java:133)
	at org.apache.ratis.grpc.client.GrpcClientRpc.lambda$new$0(GrpcClientRpc.java:56)
	at org.apache.ratis.util.PeerProxyMap$PeerAndProxy.lambda$getProxy$0(PeerProxyMap.java:63)
	at org.apache.ratis.util.LifeCycle.startAndTransition(LifeCycle.java:270)
	at org.apache.ratis.util.PeerProxyMap$PeerAndProxy.getProxy(PeerProxyMap.java:62)
	at org.apache.ratis.util.PeerProxyMap.getProxy(PeerProxyMap.java:114)
	at org.apache.ratis.grpc.client.GrpcClientRpc.sendRequestAsync(GrpcClientRpc.java:67)
	at org.apache.ratis.client.impl.OrderedAsync.sendRequest(OrderedAsync.java:235)
	at org.apache.ratis.client.impl.OrderedAsync.sendRequestWithRetry(OrderedAsync.java:189)
	at org.apache.ratis.util.SlidingWindow$Client.sendOrDelayRequest(SlidingWindow.java:278)
	at org.apache.ratis.util.SlidingWindow$Client.submitNewRequest(SlidingWindow.java:257)
	at org.apache.ratis.client.impl.OrderedAsync.send(OrderedAsync.java:170)
	at org.apache.ratis.client.impl.OrderedAsync.newInstance(OrderedAsync.java:118)
	at org.apache.ratis.client.impl.RaftClientImpl.lambda$new$0(RaftClientImpl.java:148)
	at org.apache.ratis.util.MemoizedSupplier.get(MemoizedSupplier.java:62)
	at org.apache.ratis.client.impl.RaftClientImpl.getOrderedAsync(RaftClientImpl.java:200)
	at org.apache.ratis.client.impl.AsyncImpl.send(AsyncImpl.java:41)
	at org.apache.ratis.client.impl.AsyncImpl.send(AsyncImpl.java:46)
	at org.apache.hadoop.hdds.scm.XceiverClientRatis.lambda$sendRequestAsync$3(XceiverClientRatis.java:225)
	at org.apache.hadoop.hdds.tracing.TracingUtil.executeInNewSpan(TracingUtil.java:159)
	at org.apache.hadoop.hdds.scm.XceiverClientRatis.sendRequestAsync(XceiverClientRatis.java:210)
	at org.apache.hadoop.hdds.scm.XceiverClientRatis.sendCommandAsync(XceiverClientRatis.java:306)
	at org.apache.hadoop.hdds.scm.storage.ContainerProtocolCalls.writeChunkAsync(ContainerProtocolCalls.java:304)
	at org.apache.hadoop.hdds.scm.storage.BlockOutputStream.writeChunkToContainer(BlockOutputStream.java:665)
	at org.apache.hadoop.hdds.scm.storage.BlockOutputStream.writeChunk(BlockOutputStream.java:507)
	at org.apache.hadoop.hdds.scm.storage.BlockOutputStream.handleFlush(BlockOutputStream.java:521)
	at org.apache.hadoop.hdds.scm.storage.BlockOutputStream.close(BlockOutputStream.java:548)
	at org.apache.hadoop.ozone.client.io.BlockOutputStreamEntry.close(BlockOutputStreamEntry.java:129)
	at org.apache.hadoop.ozone.client.io.KeyOutputStream.handleStreamAction(KeyOutputStream.java:497)
	at org.apache.hadoop.ozone.client.io.KeyOutputStream.handleFlushOrClose(KeyOutputStream.java:471)
	at org.apache.hadoop.ozone.client.io.KeyOutputStream.close(KeyOutputStream.java:524)
	at org.apache.hadoop.ozone.client.io.OzoneOutputStream.close(OzoneOutputStream.java:60)
	at org.apache.hadoop.ozone.TestDataUtil.createKey(TestDataUtil.java:87)
	at org.apache.hadoop.ozone.scm.node.TestDecommissionAndMaintenance.generateData(TestDecommissionAndMaintenance.java:574)
	at org.apache.hadoop.ozone.scm.node.TestDecommissionAndMaintenance.testDecommissionedNodeCanBeRecommissioned(TestDecommissionAndMaintenance.java:275)
	at sun.reflect.NativeMethodAccessorImpl.invoke0(Native Method)
	at sun.reflect.NativeMethodAccessorImpl.invoke(NativeMethodAccessorImpl.java:62)
	at sun.reflect.DelegatingMethodAccessorImpl.invoke(DelegatingMethodAccessorImpl.java:43)
	at java.lang.reflect.Method.invoke(Method.java:498)
	at org.junit.runners.model.FrameworkMethod$1.runReflectiveCall(FrameworkMethod.java:47)
	at org.junit.internal.runners.model.ReflectiveCallable.run(ReflectiveCallable.java:12)
	at org.junit.runners.model.FrameworkMethod.invokeExplosively(FrameworkMethod.java:44)
	at org.junit.internal.runners.statements.InvokeMethod.evaluate(InvokeMethod.java:17)
	at org.junit.internal.runners.statements.RunBefores.evaluate(RunBefores.java:26)
	at org.junit.internal.runners.statements.RunAfters.evaluate(RunAfters.java:27)
	at org.junit.runners.ParentRunner.runLeaf(ParentRunner.java:271)
	at org.junit.runners.BlockJUnit4ClassRunner.runChild(BlockJUnit4ClassRunner.java:70)
	at org.junit.runners.BlockJUnit4ClassRunner.runChild(BlockJUnit4ClassRunner.java:50)
	at org.junit.runners.ParentRunner$3.run(ParentRunner.java:238)
	at org.junit.runners.ParentRunner$1.schedule(ParentRunner.java:63)
	at org.junit.runners.ParentRunner.runChildren(ParentRunner.java:236)
	at org.junit.runners.ParentRunner.access$000(ParentRunner.java:53)
	at org.junit.runners.ParentRunner$2.evaluate(ParentRunner.java:229)
	at org.junit.runners.ParentRunner.run(ParentRunner.java:309)
	at org.apache.maven.surefire.junit4.JUnit4Provider.execute(JUnit4Provider.java:365)
	at org.apache.maven.surefire.junit4.JUnit4Provider.executeWithRerun(JUnit4Provider.java:273)
	at org.apache.maven.surefire.junit4.JUnit4Provider.executeTestSet(JUnit4Provider.java:238)
	at org.apache.maven.surefire.junit4.JUnit4Provider.invoke(JUnit4Provider.java:159)
	at org.apache.maven.surefire.booter.ForkedBooter.invokeProviderInSameClassLoader(ForkedBooter.java:384)
	at org.apache.maven.surefire.booter.ForkedBooter.runSuitesInProcess(ForkedBooter.java:345)
	at org.apache.maven.surefire.booter.ForkedBooter.execute(ForkedBooter.java:126)
	at org.apache.maven.surefire.booter.ForkedBooter.main(ForkedBooter.java:418)

]]></system-err>
  </testcase>
  <testcase name="testDecommissioningNodesCompleteDecommissionOnSCMRestart" classname="org.apache.hadoop.ozone.scm.node.TestDecommissionAndMaintenance" time="39.344"/>
</testsuite>