<?xml version="1.0" encoding="UTF-8"?>
<testsuite xmlns:xsi="http://www.w3.org/2001/XMLSchema-instance" xsi:noNamespaceSchemaLocation="https://maven.apache.org/surefire/maven-surefire-plugin/xsd/surefire-test-report.xsd" name="org.apache.hadoop.hdds.scm.pipeline.TestPipelineClose" time="156.864" tests="4" errors="0" skipped="0" failures="1">
  <properties>
    <property name="awt.toolkit" value="sun.awt.X11.XToolkit"/>
    <property name="file.encoding.pkg" value="sun.io"/>
    <property name="java.specification.version" value="1.8"/>
    <property name="sun.cpu.isalist" value=""/>
    <property name="sun.jnu.encoding" value="UTF-8"/>
    <property name="java.class.path" value="/home/runner/work/ozone/ozone/hadoop-ozone/integration-test/target/test-classes:/home/runner/work/ozone/ozone/hadoop-ozone/integration-test/target/classes:/home/runner/.m2/repository/org/apache/ozone/ozone-common/1.2.0-SNAPSHOT/ozone-common-1.2.0-SNAPSHOT.jar:/home/runner/.m2/repository/org/apache/commons/commons-compress/1.20/commons-compress-1.20.jar:/home/runner/.m2/repository/org/apache/ozone/hdds-common/1.2.0-SNAPSHOT/hdds-common-1.2.0-SNAPSHOT.jar:/home/runner/.m2/repository/org/apache/ozone/hdds-client/1.2.0-SNAPSHOT/hdds-client-1.2.0-SNAPSHOT.jar:/home/runner/.m2/repository/org/apache/ozone/ozone-interface-client/1.2.0-SNAPSHOT/ozone-interface-client-1.2.0-SNAPSHOT.jar:/home/runner/.m2/repository/org/apache/ozone/hdds-server-framework/1.2.0-SNAPSHOT/hdds-server-framework-1.2.0-SNAPSHOT.jar:/home/runner/.m2/repository/org/apache/ozone/hdds-interface-server/1.2.0-SNAPSHOT/hdds-interface-server-1.2.0-SNAPSHOT.jar:/home/runner/.m2/repository/org/eclipse/jetty/jetty-servlet/9.4.43.v20210629/jetty-servlet-9.4.43.v20210629.jar:/home/runner/.m2/repository/org/eclipse/jetty/jetty-security/9.4.43.v20210629/jetty-security-9.4.43.v20210629.jar:/home/runner/.m2/repository/org/rocksdb/rocksdbjni/6.20.3/rocksdbjni-6.20.3.jar:/home/runner/.m2/repository/io/prometheus/simpleclient_dropwizard/0.7.0/simpleclient_dropwizard-0.7.0.jar:/home/runner/.m2/repository/io/prometheus/simpleclient/0.7.0/simpleclient-0.7.0.jar:/home/runner/.m2/repository/io/prometheus/simpleclient_common/0.7.0/simpleclient_common-0.7.0.jar:/home/runner/.m2/repository/com/fasterxml/jackson/datatype/jackson-datatype-jsr310/2.12.1/jackson-datatype-jsr310-2.12.1.jar:/home/runner/.m2/repository/org/apache/ozone/hdds-test-utils/1.2.0-SNAPSHOT/hdds-test-utils-1.2.0-SNAPSHOT.jar:/home/runner/.m2/repository/com/google/guava/guava/30.1.1-jre/guava-30.1.1-jre.jar:/home/runner/.m2/repository/com/google/guava/failureaccess/1.0.1/failureaccess-1.0.1.jar:/home/runner/.m2/repository/com/google/guava/listenablefuture/9999.0-empty-to-avoid-conflict-with-guava/listenablefuture-9999.0-empty-to-avoid-conflict-with-guava.jar:/home/runner/.m2/repository/com/google/code/findbugs/jsr305/3.0.0/jsr305-3.0.0.jar:/home/runner/.m2/repository/org/checkerframework/checker-qual/3.8.0/checker-qual-3.8.0.jar:/home/runner/.m2/repository/com/google/errorprone/error_prone_annotations/2.2.0/error_prone_annotations-2.2.0.jar:/home/runner/.m2/repository/com/google/j2objc/j2objc-annotations/1.3/j2objc-annotations-1.3.jar:/home/runner/.m2/repository/commons-io/commons-io/2.8.0/commons-io-2.8.0.jar:/home/runner/.m2/repository/commons-logging/commons-logging/1.2/commons-logging-1.2.jar:/home/runner/.m2/repository/log4j/log4j/1.2.17/log4j-1.2.17.jar:/home/runner/.m2/repository/org/slf4j/slf4j-api/1.7.30/slf4j-api-1.7.30.jar:/home/runner/.m2/repository/org/apache/ozone/hdds-server-scm/1.2.0-SNAPSHOT/hdds-server-scm-1.2.0-SNAPSHOT.jar:/home/runner/.m2/repository/org/apache/ozone/hdds-container-service/1.2.0-SNAPSHOT/hdds-container-service-1.2.0-SNAPSHOT.jar:/home/runner/.m2/repository/org/apache/ozone/hdds-hadoop-dependency-server/1.2.0-SNAPSHOT/hdds-hadoop-dependency-server-1.2.0-SNAPSHOT.jar:/home/runner/.m2/repository/org/apache/hadoop/hadoop-hdfs/3.3.1/hadoop-hdfs-3.3.1.jar:/home/runner/.m2/repository/io/dropwizard/metrics/metrics-core/3.2.4/metrics-core-3.2.4.jar:/home/runner/.m2/repository/org/apache/hadoop/hadoop-hdfs-client/3.3.1/hadoop-hdfs-client-3.3.1.jar:/home/runner/.m2/repository/org/bouncycastle/bcprov-jdk15on/1.67/bcprov-jdk15on-1.67.jar:/home/runner/.m2/repository/com/google/protobuf/protobuf-java/2.5.0/protobuf-java-2.5.0.jar:/home/runner/.m2/repository/org/apache/ozone/ozone-manager/1.2.0-SNAPSHOT/ozone-manager-1.2.0-SNAPSHOT.jar:/home/runner/.m2/repository/org/aspectj/aspectjrt/1.8.9/aspectjrt-1.8.9.jar:/home/runner/.m2/repository/org/aspectj/aspectjweaver/1.8.9/aspectjweaver-1.8.9.jar:/home/runner/.m2/repository/org/apache/ozone/hdds-interface-client/1.2.0-SNAPSHOT/hdds-interface-client-1.2.0-SNAPSHOT.jar:/home/runner/.m2/repository/org/apache/hadoop/thirdparty/hadoop-shaded-protobuf_3_7/1.1.1/hadoop-shaded-protobuf_3_7-1.1.1.jar:/home/runner/.m2/repository/org/apache/ratis/ratis-thirdparty-misc/0.7.0/ratis-thirdparty-misc-0.7.0.jar:/home/runner/.m2/repository/org/apache/ozone/ozone-interface-storage/1.2.0-SNAPSHOT/ozone-interface-storage-1.2.0-SNAPSHOT.jar:/home/runner/.m2/repository/org/reflections/reflections/0.9.11/reflections-0.9.11.jar:/home/runner/.m2/repository/org/apache/hadoop/hadoop-minikdc/3.3.1/hadoop-minikdc-3.3.1.jar:/home/runner/.m2/repository/org/apache/kerby/kerb-simplekdc/1.0.1/kerb-simplekdc-1.0.1.jar:/home/runner/.m2/repository/org/apache/kerby/kerb-client/1.0.1/kerb-client-1.0.1.jar:/home/runner/.m2/repository/org/apache/kerby/kerby-config/1.0.1/kerby-config-1.0.1.jar:/home/runner/.m2/repository/org/apache/kerby/kerb-common/1.0.1/kerb-common-1.0.1.jar:/home/runner/.m2/repository/org/apache/kerby/kerb-crypto/1.0.1/kerb-crypto-1.0.1.jar:/home/runner/.m2/repository/org/apache/kerby/kerb-util/1.0.1/kerb-util-1.0.1.jar:/home/runner/.m2/repository/org/apache/kerby/token-provider/1.0.1/token-provider-1.0.1.jar:/home/runner/.m2/repository/org/apache/kerby/kerb-admin/1.0.1/kerb-admin-1.0.1.jar:/home/runner/.m2/repository/org/apache/kerby/kerb-server/1.0.1/kerb-server-1.0.1.jar:/home/runner/.m2/repository/org/apache/kerby/kerb-identity/1.0.1/kerb-identity-1.0.1.jar:/home/runner/.m2/repository/org/apache/kerby/kerby-xdr/1.0.1/kerby-xdr-1.0.1.jar:/home/runner/.m2/repository/org/slf4j/slf4j-log4j12/1.7.30/slf4j-log4j12-1.7.30.jar:/home/runner/.m2/repository/org/apache/ozone/ozone-s3gateway/1.2.0-SNAPSHOT/ozone-s3gateway-1.2.0-SNAPSHOT.jar:/home/runner/.m2/repository/org/javassist/javassist/3.21.0-GA/javassist-3.21.0-GA.jar:/home/runner/.m2/repository/org/jboss/weld/servlet/weld-servlet/2.4.7.Final/weld-servlet-2.4.7.Final.jar:/home/runner/.m2/repository/org/glassfish/jersey/containers/jersey-container-servlet-core/2.33/jersey-container-servlet-core-2.33.jar:/home/runner/.m2/repository/org/glassfish/hk2/external/jakarta.inject/2.6.1/jakarta.inject-2.6.1.jar:/home/runner/.m2/repository/org/glassfish/jersey/core/jersey-common/2.33/jersey-common-2.33.jar:/home/runner/.m2/repository/jakarta/ws/rs/jakarta.ws.rs-api/2.1.6/jakarta.ws.rs-api-2.1.6.jar:/home/runner/.m2/repository/org/glassfish/jersey/ext/cdi/jersey-cdi1x/2.33/jersey-cdi1x-2.33.jar:/home/runner/.m2/repository/org/glassfish/jersey/inject/jersey-hk2/2.33/jersey-hk2-2.33.jar:/home/runner/.m2/repository/org/glassfish/hk2/hk2-locator/2.6.1/hk2-locator-2.6.1.jar:/home/runner/.m2/repository/org/glassfish/jersey/media/jersey-media-jaxb/2.33/jersey-media-jaxb-2.33.jar:/home/runner/.m2/repository/org/glassfish/hk2/osgi-resource-locator/1.0.3/osgi-resource-locator-1.0.3.jar:/home/runner/.m2/repository/org/glassfish/hk2/hk2-api/2.5.0/hk2-api-2.5.0.jar:/home/runner/.m2/repository/org/glassfish/hk2/hk2-utils/2.5.0/hk2-utils-2.5.0.jar:/home/runner/.m2/repository/org/glassfish/hk2/external/aopalliance-repackaged/2.5.0/aopalliance-repackaged-2.5.0.jar:/home/runner/.m2/repository/com/fasterxml/jackson/dataformat/jackson-dataformat-xml/2.12.1/jackson-dataformat-xml-2.12.1.jar:/home/runner/.m2/repository/com/fasterxml/jackson/core/jackson-core/2.12.1/jackson-core-2.12.1.jar:/home/runner/.m2/repository/com/fasterxml/jackson/module/jackson-module-jaxb-annotations/2.12.1/jackson-module-jaxb-annotations-2.12.1.jar:/home/runner/.m2/repository/jakarta/xml/bind/jakarta.xml.bind-api/2.3.2/jakarta.xml.bind-api-2.3.2.jar:/home/runner/.m2/repository/org/codehaus/woodstox/stax2-api/3.1.4/stax2-api-3.1.4.jar:/home/runner/.m2/repository/com/fasterxml/woodstox/woodstox-core/5.0.3/woodstox-core-5.0.3.jar:/home/runner/.m2/repository/javax/enterprise/cdi-api/1.2/cdi-api-1.2.jar:/home/runner/.m2/repository/javax/el/javax.el-api/3.0.0/javax.el-api-3.0.0.jar:/home/runner/.m2/repository/javax/interceptor/javax.interceptor-api/1.2/javax.interceptor-api-1.2.jar:/home/runner/.m2/repository/javax/inject/javax.inject/1/javax.inject-1.jar:/home/runner/.m2/repository/javax/xml/bind/jaxb-api/2.3.0/jaxb-api-2.3.0.jar:/home/runner/.m2/repository/org/glassfish/jaxb/jaxb-runtime/2.3.0.1/jaxb-runtime-2.3.0.1.jar:/home/runner/.m2/repository/org/glassfish/jaxb/jaxb-core/2.3.0.1/jaxb-core-2.3.0.1.jar:/home/runner/.m2/repository/org/glassfish/jaxb/txw2/2.3.0.1/txw2-2.3.0.1.jar:/home/runner/.m2/repository/com/sun/istack/istack-commons-runtime/3.0.5/istack-commons-runtime-3.0.5.jar:/home/runner/.m2/repository/org/jvnet/staxex/stax-ex/1.7.8/stax-ex-1.7.8.jar:/home/runner/.m2/repository/com/sun/xml/fastinfoset/FastInfoset/1.2.13/FastInfoset-1.2.13.jar:/home/runner/.m2/repository/javax/activation/activation/1.1.1/activation-1.1.1.jar:/home/runner/.m2/repository/org/apache/ozone/ozone-csi/1.2.0-SNAPSHOT/ozone-csi-1.2.0-SNAPSHOT.jar:/home/runner/.m2/repository/com/google/protobuf/protobuf-java-util/3.12.0/protobuf-java-util-3.12.0.jar:/home/runner/.m2/repository/com/google/code/gson/gson/2.2.4/gson-2.2.4.jar:/home/runner/.m2/repository/org/apache/ozone/hdds-config/1.2.0-SNAPSHOT/hdds-config-1.2.0-SNAPSHOT.jar:/home/runner/.m2/repository/io/grpc/grpc-netty/1.33.0/grpc-netty-1.33.0.jar:/home/runner/.m2/repository/io/grpc/grpc-core/1.33.0/grpc-core-1.33.0.jar:/home/runner/.m2/repository/com/google/android/annotations/4.1.1.4/annotations-4.1.1.4.jar:/home/runner/.m2/repository/io/netty/netty-codec-http2/4.1.63.Final/netty-codec-http2-4.1.63.Final.jar:/home/runner/.m2/repository/io/netty/netty-codec-http/4.1.63.Final/netty-codec-http-4.1.63.Final.jar:/home/runner/.m2/repository/io/netty/netty-handler-proxy/4.1.63.Final/netty-handler-proxy-4.1.63.Final.jar:/home/runner/.m2/repository/io/netty/netty-codec-socks/4.1.63.Final/netty-codec-socks-4.1.63.Final.jar:/home/runner/.m2/repository/io/perfmark/perfmark-api/0.19.0/perfmark-api-0.19.0.jar:/home/runner/.m2/repository/org/codehaus/mojo/animal-sniffer-annotations/1.18/animal-sniffer-annotations-1.18.jar:/home/runner/.m2/repository/io/netty/netty-transport-native-epoll/4.1.63.Final/netty-transport-native-epoll-4.1.63.Final.jar:/home/runner/.m2/repository/io/netty/netty-common/4.1.63.Final/netty-common-4.1.63.Final.jar:/home/runner/.m2/repository/io/netty/netty-buffer/4.1.63.Final/netty-buffer-4.1.63.Final.jar:/home/runner/.m2/repository/io/netty/netty-transport-native-unix-common/4.1.63.Final/netty-transport-native-unix-common-4.1.63.Final.jar:/home/runner/.m2/repository/io/grpc/grpc-protobuf/1.33.0/grpc-protobuf-1.33.0.jar:/home/runner/.m2/repository/io/grpc/grpc-api/1.33.0/grpc-api-1.33.0.jar:/home/runner/.m2/repository/io/grpc/grpc-context/1.33.0/grpc-context-1.33.0.jar:/home/runner/.m2/repository/com/google/api/grpc/proto-google-common-protos/1.17.0/proto-google-common-protos-1.17.0.jar:/home/runner/.m2/repository/io/grpc/grpc-protobuf-lite/1.33.0/grpc-protobuf-lite-1.33.0.jar:/home/runner/.m2/repository/io/grpc/grpc-stub/1.33.0/grpc-stub-1.33.0.jar:/home/runner/.m2/repository/org/apache/ozone/ozone-recon/1.2.0-SNAPSHOT/ozone-recon-1.2.0-SNAPSHOT.jar:/home/runner/.m2/repository/org/apache/ozone/ozone-reconcodegen/1.2.0-SNAPSHOT/ozone-reconcodegen-1.2.0-SNAPSHOT.jar:/home/runner/.m2/repository/com/google/inject/extensions/guice-multibindings/4.0/guice-multibindings-4.0.jar:/home/runner/.m2/repository/com/google/inject/guice/4.0/guice-4.0.jar:/home/runner/.m2/repository/aopalliance/aopalliance/1.0/aopalliance-1.0.jar:/home/runner/.m2/repository/com/google/inject/extensions/guice-assistedinject/4.0/guice-assistedinject-4.0.jar:/home/runner/.m2/repository/com/google/inject/extensions/guice-servlet/4.0/guice-servlet-4.0.jar:/home/runner/.m2/repository/org/glassfish/jersey/containers/jersey-container-servlet/2.33/jersey-container-servlet-2.33.jar:/home/runner/.m2/repository/org/glassfish/hk2/guice-bridge/2.5.0/guice-bridge-2.5.0.jar:/home/runner/.m2/repository/org/glassfish/jersey/core/jersey-server/2.33/jersey-server-2.33.jar:/home/runner/.m2/repository/org/glassfish/jersey/core/jersey-client/2.33/jersey-client-2.33.jar:/home/runner/.m2/repository/jakarta/annotation/jakarta.annotation-api/1.3.5/jakarta.annotation-api-1.3.5.jar:/home/runner/.m2/repository/jakarta/validation/jakarta.validation-api/2.0.2/jakarta.validation-api-2.0.2.jar:/home/runner/.m2/repository/org/glassfish/jersey/media/jersey-media-json-jackson/2.33/jersey-media-json-jackson-2.33.jar:/home/runner/.m2/repository/org/glassfish/jersey/ext/jersey-entity-filtering/2.33/jersey-entity-filtering-2.33.jar:/home/runner/.m2/repository/org/jooq/jooq/3.11.10/jooq-3.11.10.jar:/home/runner/.m2/repository/org/jooq/jooq-meta/3.11.10/jooq-meta-3.11.10.jar:/home/runner/.m2/repository/org/jooq/jooq-codegen/3.11.10/jooq-codegen-3.11.10.jar:/home/runner/.m2/repository/com/jolbox/bonecp/0.8.0.RELEASE/bonecp-0.8.0.RELEASE.jar:/home/runner/.m2/repository/org/apache/derby/derby/10.14.2.0/derby-10.14.2.0.jar:/home/runner/.m2/repository/org/xerial/sqlite-jdbc/3.25.2/sqlite-jdbc-3.25.2.jar:/home/runner/.m2/repository/org/springframework/spring-jdbc/5.2.11.RELEASE/spring-jdbc-5.2.11.RELEASE.jar:/home/runner/.m2/repository/org/springframework/spring-beans/5.2.11.RELEASE/spring-beans-5.2.11.RELEASE.jar:/home/runner/.m2/repository/org/springframework/spring-core/5.2.11.RELEASE/spring-core-5.2.11.RELEASE.jar:/home/runner/.m2/repository/org/springframework/spring-jcl/5.2.11.RELEASE/spring-jcl-5.2.11.RELEASE.jar:/home/runner/.m2/repository/org/springframework/spring-tx/5.2.11.RELEASE/spring-tx-5.2.11.RELEASE.jar:/home/runner/.m2/repository/org/apache/ozone/ozone-client/1.2.0-SNAPSHOT/ozone-client-1.2.0-SNAPSHOT.jar:/home/runner/.m2/repository/org/apache/ozone/ozone-filesystem/1.2.0-SNAPSHOT/ozone-filesystem-1.2.0-SNAPSHOT.jar:/home/runner/.m2/repository/org/apache/ozone/ozone-filesystem-common/1.2.0-SNAPSHOT/ozone-filesystem-common-1.2.0-SNAPSHOT.jar:/home/runner/.m2/repository/org/apache/ozone/ozone-tools/1.2.0-SNAPSHOT/ozone-tools-1.2.0-SNAPSHOT.jar:/home/runner/.m2/repository/org/apache/ratis/ratis-tools/2.1.0/ratis-tools-2.1.0.jar:/home/runner/.m2/repository/org/apache/ratis/ratis-proto/2.1.0/ratis-proto-2.1.0.jar:/home/runner/.m2/repository/org/apache/ratis/ratis-common/2.1.0/ratis-common-2.1.0.jar:/home/runner/.m2/repository/com/amazonaws/aws-java-sdk-core/1.11.901/aws-java-sdk-core-1.11.901.jar:/home/runner/.m2/repository/org/apache/httpcomponents/httpclient/4.5.13/httpclient-4.5.13.jar:/home/runner/.m2/repository/org/apache/httpcomponents/httpcore/4.4.13/httpcore-4.4.13.jar:/home/runner/.m2/repository/software/amazon/ion/ion-java/1.0.2/ion-java-1.0.2.jar:/home/runner/.m2/repository/com/fasterxml/jackson/dataformat/jackson-dataformat-cbor/2.12.1/jackson-dataformat-cbor-2.12.1.jar:/home/runner/.m2/repository/joda-time/joda-time/2.8.1/joda-time-2.8.1.jar:/home/runner/.m2/repository/com/amazonaws/aws-java-sdk-s3/1.11.901/aws-java-sdk-s3-1.11.901.jar:/home/runner/.m2/repository/com/amazonaws/aws-java-sdk-kms/1.11.901/aws-java-sdk-kms-1.11.901.jar:/home/runner/.m2/repository/com/amazonaws/jmespath-java/1.11.901/jmespath-java-1.11.901.jar:/home/runner/.m2/repository/org/kohsuke/metainf-services/metainf-services/1.8/metainf-services-1.8.jar:/home/runner/.m2/repository/org/apache/ozone/hdds-tools/1.2.0-SNAPSHOT/hdds-tools-1.2.0-SNAPSHOT.jar:/home/runner/.m2/repository/commons-cli/commons-cli/1.2/commons-cli-1.2.jar:/home/runner/.m2/repository/org/apache/commons/commons-lang3/3.7/commons-lang3-3.7.jar:/home/runner/.m2/repository/org/apache/ozone/ozone-manager/1.2.0-SNAPSHOT/ozone-manager-1.2.0-SNAPSHOT-tests.jar:/home/runner/.m2/repository/org/apache/ozone/hdds-common/1.2.0-SNAPSHOT/hdds-common-1.2.0-SNAPSHOT-tests.jar:/home/runner/.m2/repository/org/apache/ozone/hdds-hadoop-dependency-client/1.2.0-SNAPSHOT/hdds-hadoop-dependency-client-1.2.0-SNAPSHOT.jar:/home/runner/.m2/repository/info/picocli/picocli/4.4.0/picocli-4.4.0.jar:/home/runner/.m2/repository/com/fasterxml/jackson/core/jackson-annotations/2.12.1/jackson-annotations-2.12.1.jar:/home/runner/.m2/repository/javax/annotation/javax.annotation-api/1.2/javax.annotation-api-1.2.jar:/home/runner/.m2/repository/org/apache/ratis/ratis-server/2.1.0/ratis-server-2.1.0.jar:/home/runner/.m2/repository/org/apache/ratis/ratis-client/2.1.0/ratis-client-2.1.0.jar:/home/runner/.m2/repository/org/apache/ratis/ratis-server-api/2.1.0/ratis-server-api-2.1.0.jar:/home/runner/.m2/repository/org/apache/ratis/ratis-metrics/2.1.0/ratis-metrics-2.1.0.jar:/home/runner/.m2/repository/org/apache/ratis/ratis-netty/2.1.0/ratis-netty-2.1.0.jar:/home/runner/.m2/repository/org/apache/ratis/ratis-grpc/2.1.0/ratis-grpc-2.1.0.jar:/home/runner/.m2/repository/org/apache/logging/log4j/log4j-api/2.13.3/log4j-api-2.13.3.jar:/home/runner/.m2/repository/org/apache/logging/log4j/log4j-core/2.13.3/log4j-core-2.13.3.jar:/home/runner/.m2/repository/com/lmax/disruptor/3.4.2/disruptor-3.4.2.jar:/home/runner/.m2/repository/org/apache/commons/commons-pool2/2.6.0/commons-pool2-2.6.0.jar:/home/runner/.m2/repository/org/bouncycastle/bcpkix-jdk15on/1.67/bcpkix-jdk15on-1.67.jar:/home/runner/.m2/repository/commons-validator/commons-validator/1.6/commons-validator-1.6.jar:/home/runner/.m2/repository/commons-beanutils/commons-beanutils/1.9.4/commons-beanutils-1.9.4.jar:/home/runner/.m2/repository/commons-digester/commons-digester/1.8.1/commons-digester-1.8.1.jar:/home/runner/.m2/repository/commons-collections/commons-collections/3.2.2/commons-collections-3.2.2.jar:/home/runner/.m2/repository/io/jaegertracing/jaeger-client/1.6.0/jaeger-client-1.6.0.jar:/home/runner/.m2/repository/io/jaegertracing/jaeger-thrift/1.6.0/jaeger-thrift-1.6.0.jar:/home/runner/.m2/repository/org/apache/thrift/libthrift/0.14.1/libthrift-0.14.1.jar:/home/runner/.m2/repository/com/squareup/okhttp3/okhttp/4.9.0/okhttp-4.9.0.jar:/home/runner/.m2/repository/com/squareup/okio/okio/2.8.0/okio-2.8.0.jar:/home/runner/.m2/repository/io/jaegertracing/jaeger-core/1.6.0/jaeger-core-1.6.0.jar:/home/runner/.m2/repository/io/jaegertracing/jaeger-tracerresolver/1.6.0/jaeger-tracerresolver-1.6.0.jar:/home/runner/.m2/repository/io/opentracing/contrib/opentracing-tracerresolver/0.1.8/opentracing-tracerresolver-0.1.8.jar:/home/runner/.m2/repository/org/jetbrains/kotlin/kotlin-stdlib/1.4.31/kotlin-stdlib-1.4.31.jar:/home/runner/.m2/repository/org/jetbrains/kotlin/kotlin-stdlib-common/1.4.31/kotlin-stdlib-common-1.4.31.jar:/home/runner/.m2/repository/org/jetbrains/annotations/13.0/annotations-13.0.jar:/home/runner/.m2/repository/io/opentracing/opentracing-util/0.33.0/opentracing-util-0.33.0.jar:/home/runner/.m2/repository/io/opentracing/opentracing-api/0.33.0/opentracing-api-0.33.0.jar:/home/runner/.m2/repository/io/opentracing/opentracing-noop/0.33.0/opentracing-noop-0.33.0.jar:/home/runner/.m2/repository/org/yaml/snakeyaml/1.26/snakeyaml-1.26.jar:/home/runner/.m2/repository/org/apache/ozone/hdds-interface-admin/1.2.0-SNAPSHOT/hdds-interface-admin-1.2.0-SNAPSHOT.jar:/home/runner/.m2/repository/junit/junit/4.13.1/junit-4.13.1.jar:/home/runner/.m2/repository/org/hamcrest/hamcrest-core/1.3/hamcrest-core-1.3.jar:/home/runner/.m2/repository/org/junit/jupiter/junit-jupiter-api/5.7.0/junit-jupiter-api-5.7.0.jar:/home/runner/.m2/repository/org/apiguardian/apiguardian-api/1.1.0/apiguardian-api-1.1.0.jar:/home/runner/.m2/repository/org/opentest4j/opentest4j/1.2.0/opentest4j-1.2.0.jar:/home/runner/.m2/repository/org/junit/platform/junit-platform-commons/1.7.0/junit-platform-commons-1.7.0.jar:/home/runner/.m2/repository/org/junit/jupiter/junit-jupiter-engine/5.7.0/junit-jupiter-engine-5.7.0.jar:/home/runner/.m2/repository/org/junit/platform/junit-platform-engine/1.7.0/junit-platform-engine-1.7.0.jar:/home/runner/.m2/repository/org/junit/vintage/junit-vintage-engine/5.7.0/junit-vintage-engine-5.7.0.jar:/home/runner/.m2/repository/org/junit/platform/junit-platform-launcher/1.7.0/junit-platform-launcher-1.7.0.jar:/home/runner/.m2/repository/org/openjdk/jmh/jmh-core/1.19/jmh-core-1.19.jar:/home/runner/.m2/repository/net/sf/jopt-simple/jopt-simple/4.6/jopt-simple-4.6.jar:/home/runner/.m2/repository/org/apache/commons/commons-math3/3.1.1/commons-math3-3.1.1.jar:/home/runner/.m2/repository/org/openjdk/jmh/jmh-generator-annprocess/1.19/jmh-generator-annprocess-1.19.jar:/home/runner/.m2/repository/org/mockito/mockito-core/2.28.2/mockito-core-2.28.2.jar:/home/runner/.m2/repository/net/bytebuddy/byte-buddy/1.9.10/byte-buddy-1.9.10.jar:/home/runner/.m2/repository/net/bytebuddy/byte-buddy-agent/1.9.10/byte-buddy-agent-1.9.10.jar:/home/runner/.m2/repository/org/objenesis/objenesis/1.0/objenesis-1.0.jar:/home/runner/.m2/repository/org/apache/hadoop/hadoop-kms/3.3.1/hadoop-kms-3.3.1.jar:/home/runner/.m2/repository/org/apache/hadoop/hadoop-auth/3.3.1/hadoop-auth-3.3.1.jar:/home/runner/.m2/repository/com/nimbusds/nimbus-jose-jwt/7.9/nimbus-jose-jwt-7.9.jar:/home/runner/.m2/repository/com/github/stephenc/jcip/jcip-annotations/1.0-1/jcip-annotations-1.0-1.jar:/home/runner/.m2/repository/net/minidev/json-smart/2.3/json-smart-2.3.jar:/home/runner/.m2/repository/net/minidev/accessors-smart/1.2/accessors-smart-1.2.jar:/home/runner/.m2/repository/org/ow2/asm/asm/5.0.4/asm-5.0.4.jar:/home/runner/.m2/repository/org/apache/zookeeper/zookeeper/3.5.6/zookeeper-3.5.6.jar:/home/runner/.m2/repository/org/apache/zookeeper/zookeeper-jute/3.5.6/zookeeper-jute-3.5.6.jar:/home/runner/.m2/repository/org/apache/yetus/audience-annotations/0.5.0/audience-annotations-0.5.0.jar:/home/runner/.m2/repository/org/apache/curator/curator-framework/4.2.0/curator-framework-4.2.0.jar:/home/runner/.m2/repository/org/apache/hadoop/thirdparty/hadoop-shaded-guava/1.1.1/hadoop-shaded-guava-1.1.1.jar:/home/runner/.m2/repository/com/sun/jersey/jersey-core/1.19/jersey-core-1.19.jar:/home/runner/.m2/repository/javax/ws/rs/jsr311-api/1.1.1/jsr311-api-1.1.1.jar:/home/runner/.m2/repository/com/sun/jersey/jersey-server/1.19/jersey-server-1.19.jar:/home/runner/.m2/repository/javax/servlet/javax.servlet-api/3.1.0/javax.servlet-api-3.1.0.jar:/home/runner/.m2/repository/org/eclipse/jetty/jetty-server/9.4.43.v20210629/jetty-server-9.4.43.v20210629.jar:/home/runner/.m2/repository/org/eclipse/jetty/jetty-http/9.4.43.v20210629/jetty-http-9.4.43.v20210629.jar:/home/runner/.m2/repository/org/eclipse/jetty/jetty-io/9.4.43.v20210629/jetty-io-9.4.43.v20210629.jar:/home/runner/.m2/repository/org/eclipse/jetty/jetty-webapp/9.4.43.v20210629/jetty-webapp-9.4.43.v20210629.jar:/home/runner/.m2/repository/org/eclipse/jetty/jetty-xml/9.4.43.v20210629/jetty-xml-9.4.43.v20210629.jar:/home/runner/.m2/repository/org/apache/hadoop/hadoop-common/3.3.1/hadoop-common-3.3.1.jar:/home/runner/.m2/repository/commons-net/commons-net/3.6/commons-net-3.6.jar:/home/runner/.m2/repository/jakarta/activation/jakarta.activation-api/1.2.1/jakarta.activation-api-1.2.1.jar:/home/runner/.m2/repository/com/sun/jersey/jersey-servlet/1.19/jersey-servlet-1.19.jar:/home/runner/.m2/repository/com/sun/jersey/jersey-json/1.19/jersey-json-1.19.jar:/home/runner/.m2/repository/org/codehaus/jettison/jettison/1.1/jettison-1.1.jar:/home/runner/.m2/repository/com/sun/xml/bind/jaxb-impl/2.2.3-1/jaxb-impl-2.2.3-1.jar:/home/runner/.m2/repository/org/codehaus/jackson/jackson-jaxrs/1.9.2/jackson-jaxrs-1.9.2.jar:/home/runner/.m2/repository/org/codehaus/jackson/jackson-xc/1.9.2/jackson-xc-1.9.2.jar:/home/runner/.m2/repository/org/apache/commons/commons-configuration2/2.1.1/commons-configuration2-2.1.1.jar:/home/runner/.m2/repository/org/apache/commons/commons-text/1.4/commons-text-1.4.jar:/home/runner/.m2/repository/com/google/re2j/re2j/1.1/re2j-1.1.jar:/home/runner/.m2/repository/com/jcraft/jsch/0.1.54/jsch-0.1.54.jar:/home/runner/.m2/repository/org/apache/curator/curator-client/4.2.0/curator-client-4.2.0.jar:/home/runner/.m2/repository/org/apache/curator/curator-recipes/4.2.0/curator-recipes-4.2.0.jar:/home/runner/.m2/repository/org/apache/kerby/kerb-core/1.0.1/kerb-core-1.0.1.jar:/home/runner/.m2/repository/org/apache/kerby/kerby-pkix/1.0.1/kerby-pkix-1.0.1.jar:/home/runner/.m2/repository/org/apache/kerby/kerby-asn1/1.0.1/kerby-asn1-1.0.1.jar:/home/runner/.m2/repository/org/apache/kerby/kerby-util/1.0.1/kerby-util-1.0.1.jar:/home/runner/.m2/repository/dnsjava/dnsjava/2.1.7/dnsjava-2.1.7.jar:/home/runner/.m2/repository/org/xerial/snappy/snappy-java/1.1.8.2/snappy-java-1.1.8.2.jar:/home/runner/.m2/repository/org/slf4j/jul-to-slf4j/1.7.30/jul-to-slf4j-1.7.30.jar:/home/runner/.m2/repository/org/eclipse/jetty/jetty-util/9.4.43.v20210629/jetty-util-9.4.43.v20210629.jar:/home/runner/.m2/repository/com/fasterxml/jackson/core/jackson-databind/2.12.1/jackson-databind-2.12.1.jar:/home/runner/.m2/repository/org/apache/hadoop/hadoop-kms/3.3.1/hadoop-kms-3.3.1-tests.jar:/home/runner/.m2/repository/org/apache/ozone/hdds-server-scm/1.2.0-SNAPSHOT/hdds-server-scm-1.2.0-SNAPSHOT-tests.jar:/home/runner/.m2/repository/org/apache/ozone/hdds-container-service/1.2.0-SNAPSHOT/hdds-container-service-1.2.0-SNAPSHOT-tests.jar:/home/runner/.m2/repository/commons-codec/commons-codec/1.11/commons-codec-1.11.jar:/home/runner/.m2/repository/io/netty/netty-transport/4.1.63.Final/netty-transport-4.1.63.Final.jar:/home/runner/.m2/repository/io/netty/netty-resolver/4.1.63.Final/netty-resolver-4.1.63.Final.jar:/home/runner/.m2/repository/io/netty/netty-codec/4.1.63.Final/netty-codec-4.1.63.Final.jar:/home/runner/.m2/repository/io/netty/netty-handler/4.1.63.Final/netty-handler-4.1.63.Final.jar:/home/runner/.m2/repository/org/apache/ozone/hdds-hadoop-dependency-test/1.2.0-SNAPSHOT/hdds-hadoop-dependency-test-1.2.0-SNAPSHOT.jar:/home/runner/.m2/repository/org/apache/hadoop/hadoop-common/3.3.1/hadoop-common-3.3.1-tests.jar:/home/runner/.m2/repository/org/assertj/assertj-core/3.12.2/assertj-core-3.12.2.jar:/home/runner/.m2/repository/org/apache/hadoop/hadoop-hdfs/3.3.1/hadoop-hdfs-3.3.1-tests.jar:/home/runner/.m2/repository/org/eclipse/jetty/jetty-util-ajax/9.4.43.v20210629/jetty-util-ajax-9.4.43.v20210629.jar:/home/runner/.m2/repository/commons-daemon/commons-daemon/1.0.13/commons-daemon-1.0.13.jar:/home/runner/.m2/repository/io/netty/netty/3.10.6.Final/netty-3.10.6.Final.jar:/home/runner/.m2/repository/io/netty/netty-all/4.1.63.Final/netty-all-4.1.63.Final.jar:/home/runner/.m2/repository/org/apache/htrace/htrace-core4/4.1.0-incubating/htrace-core4-4.1.0-incubating.jar:/home/runner/.m2/repository/org/fusesource/leveldbjni/leveldbjni-all/1.8/leveldbjni-all-1.8.jar:/home/runner/.m2/repository/org/apache/hadoop/hadoop-distcp/3.3.1/hadoop-distcp-3.3.1.jar:/home/runner/.m2/repository/org/apache/hadoop/hadoop-mapreduce-client-jobclient/3.3.1/hadoop-mapreduce-client-jobclient-3.3.1.jar:/home/runner/.m2/repository/org/apache/hadoop/hadoop-mapreduce-client-common/3.3.1/hadoop-mapreduce-client-common-3.3.1.jar:/home/runner/.m2/repository/org/apache/hadoop/hadoop-yarn-common/3.3.1/hadoop-yarn-common-3.3.1.jar:/home/runner/.m2/repository/org/apache/hadoop/hadoop-yarn-api/3.3.1/hadoop-yarn-api-3.3.1.jar:/home/runner/.m2/repository/com/sun/jersey/jersey-client/1.19/jersey-client-1.19.jar:/home/runner/.m2/repository/com/sun/jersey/contribs/jersey-guice/1.19/jersey-guice-1.19.jar:/home/runner/.m2/repository/com/fasterxml/jackson/jaxrs/jackson-jaxrs-json-provider/2.12.1/jackson-jaxrs-json-provider-2.12.1.jar:/home/runner/.m2/repository/com/fasterxml/jackson/jaxrs/jackson-jaxrs-base/2.12.1/jackson-jaxrs-base-2.12.1.jar:/home/runner/.m2/repository/org/apache/hadoop/hadoop-yarn-client/3.3.1/hadoop-yarn-client-3.3.1.jar:/home/runner/.m2/repository/org/eclipse/jetty/websocket/websocket-client/9.4.40.v20210413/websocket-client-9.4.40.v20210413.jar:/home/runner/.m2/repository/org/eclipse/jetty/jetty-client/9.4.40.v20210413/jetty-client-9.4.40.v20210413.jar:/home/runner/.m2/repository/org/eclipse/jetty/websocket/websocket-common/9.4.40.v20210413/websocket-common-9.4.40.v20210413.jar:/home/runner/.m2/repository/org/eclipse/jetty/websocket/websocket-api/9.4.40.v20210413/websocket-api-9.4.40.v20210413.jar:/home/runner/.m2/repository/org/jline/jline/3.9.0/jline-3.9.0.jar:/home/runner/.m2/repository/org/apache/hadoop/hadoop-mapreduce-client-core/3.3.1/hadoop-mapreduce-client-core-3.3.1.jar:/home/runner/.m2/repository/org/apache/avro/avro/1.7.7/avro-1.7.7.jar:/home/runner/.m2/repository/org/codehaus/jackson/jackson-core-asl/1.9.13/jackson-core-asl-1.9.13.jar:/home/runner/.m2/repository/org/codehaus/jackson/jackson-mapper-asl/1.9.13/jackson-mapper-asl-1.9.13.jar:/home/runner/.m2/repository/com/thoughtworks/paranamer/paranamer/2.3/paranamer-2.3.jar:/home/runner/.m2/repository/org/apache/hadoop/hadoop-annotations/3.3.1/hadoop-annotations-3.3.1.jar:/usr/lib/jvm/adoptopenjdk-8-hotspot-amd64/jre/../lib/tools.jar:/home/runner/.m2/repository/org/apache/hadoop/hadoop-distcp/3.3.1/hadoop-distcp-3.3.1-tests.jar:"/>
    <property name="java.vm.vendor" value="AdoptOpenJDK"/>
    <property name="sun.arch.data.model" value="64"/>
    <property name="test.build.dir" value="/home/runner/work/ozone/ozone/hadoop-ozone/integration-test/target/test-dir"/>
    <property name="test.cache.data" value=""/>
    <property name="java.vendor.url" value="https://adoptopenjdk.net/"/>
    <property name="user.timezone" value=""/>
    <property name="java.vm.specification.version" value="1.8"/>
    <property name="os.name" value="Linux"/>
    <property name="test.build.data" value="/home/runner/work/ozone/ozone/hadoop-ozone/integration-test/target/test-dir"/>
    <property name="sun.java.launcher" value="SUN_STANDARD"/>
    <property name="sun.boot.library.path" value="/usr/lib/jvm/adoptopenjdk-8-hotspot-amd64/jre/lib/amd64"/>
    <property name="sun.java.command" value="/home/runner/work/ozone/ozone/hadoop-ozone/integration-test/target/surefire/surefirebooter5835443249396898220.jar /home/runner/work/ozone/ozone/hadoop-ozone/integration-test/target/surefire 2021-08-10T06-39-38_888-jvmRun1 surefire4286074228295442196tmp surefire_143051469186393380979tmp"/>
    <property name="surefire.test.class.path" value="/home/runner/work/ozone/ozone/hadoop-ozone/integration-test/target/test-classes:/home/runner/work/ozone/ozone/hadoop-ozone/integration-test/target/classes:/home/runner/.m2/repository/org/apache/ozone/ozone-common/1.2.0-SNAPSHOT/ozone-common-1.2.0-SNAPSHOT.jar:/home/runner/.m2/repository/org/apache/commons/commons-compress/1.20/commons-compress-1.20.jar:/home/runner/.m2/repository/org/apache/ozone/hdds-common/1.2.0-SNAPSHOT/hdds-common-1.2.0-SNAPSHOT.jar:/home/runner/.m2/repository/org/apache/ozone/hdds-client/1.2.0-SNAPSHOT/hdds-client-1.2.0-SNAPSHOT.jar:/home/runner/.m2/repository/org/apache/ozone/ozone-interface-client/1.2.0-SNAPSHOT/ozone-interface-client-1.2.0-SNAPSHOT.jar:/home/runner/.m2/repository/org/apache/ozone/hdds-server-framework/1.2.0-SNAPSHOT/hdds-server-framework-1.2.0-SNAPSHOT.jar:/home/runner/.m2/repository/org/apache/ozone/hdds-interface-server/1.2.0-SNAPSHOT/hdds-interface-server-1.2.0-SNAPSHOT.jar:/home/runner/.m2/repository/org/eclipse/jetty/jetty-servlet/9.4.43.v20210629/jetty-servlet-9.4.43.v20210629.jar:/home/runner/.m2/repository/org/eclipse/jetty/jetty-security/9.4.43.v20210629/jetty-security-9.4.43.v20210629.jar:/home/runner/.m2/repository/org/rocksdb/rocksdbjni/6.20.3/rocksdbjni-6.20.3.jar:/home/runner/.m2/repository/io/prometheus/simpleclient_dropwizard/0.7.0/simpleclient_dropwizard-0.7.0.jar:/home/runner/.m2/repository/io/prometheus/simpleclient/0.7.0/simpleclient-0.7.0.jar:/home/runner/.m2/repository/io/prometheus/simpleclient_common/0.7.0/simpleclient_common-0.7.0.jar:/home/runner/.m2/repository/com/fasterxml/jackson/datatype/jackson-datatype-jsr310/2.12.1/jackson-datatype-jsr310-2.12.1.jar:/home/runner/.m2/repository/org/apache/ozone/hdds-test-utils/1.2.0-SNAPSHOT/hdds-test-utils-1.2.0-SNAPSHOT.jar:/home/runner/.m2/repository/com/google/guava/guava/30.1.1-jre/guava-30.1.1-jre.jar:/home/runner/.m2/repository/com/google/guava/failureaccess/1.0.1/failureaccess-1.0.1.jar:/home/runner/.m2/repository/com/google/guava/listenablefuture/9999.0-empty-to-avoid-conflict-with-guava/listenablefuture-9999.0-empty-to-avoid-conflict-with-guava.jar:/home/runner/.m2/repository/com/google/code/findbugs/jsr305/3.0.0/jsr305-3.0.0.jar:/home/runner/.m2/repository/org/checkerframework/checker-qual/3.8.0/checker-qual-3.8.0.jar:/home/runner/.m2/repository/com/google/errorprone/error_prone_annotations/2.2.0/error_prone_annotations-2.2.0.jar:/home/runner/.m2/repository/com/google/j2objc/j2objc-annotations/1.3/j2objc-annotations-1.3.jar:/home/runner/.m2/repository/commons-io/commons-io/2.8.0/commons-io-2.8.0.jar:/home/runner/.m2/repository/commons-logging/commons-logging/1.2/commons-logging-1.2.jar:/home/runner/.m2/repository/log4j/log4j/1.2.17/log4j-1.2.17.jar:/home/runner/.m2/repository/org/slf4j/slf4j-api/1.7.30/slf4j-api-1.7.30.jar:/home/runner/.m2/repository/org/apache/ozone/hdds-server-scm/1.2.0-SNAPSHOT/hdds-server-scm-1.2.0-SNAPSHOT.jar:/home/runner/.m2/repository/org/apache/ozone/hdds-container-service/1.2.0-SNAPSHOT/hdds-container-service-1.2.0-SNAPSHOT.jar:/home/runner/.m2/repository/org/apache/ozone/hdds-hadoop-dependency-server/1.2.0-SNAPSHOT/hdds-hadoop-dependency-server-1.2.0-SNAPSHOT.jar:/home/runner/.m2/repository/org/apache/hadoop/hadoop-hdfs/3.3.1/hadoop-hdfs-3.3.1.jar:/home/runner/.m2/repository/io/dropwizard/metrics/metrics-core/3.2.4/metrics-core-3.2.4.jar:/home/runner/.m2/repository/org/apache/hadoop/hadoop-hdfs-client/3.3.1/hadoop-hdfs-client-3.3.1.jar:/home/runner/.m2/repository/org/bouncycastle/bcprov-jdk15on/1.67/bcprov-jdk15on-1.67.jar:/home/runner/.m2/repository/com/google/protobuf/protobuf-java/2.5.0/protobuf-java-2.5.0.jar:/home/runner/.m2/repository/org/apache/ozone/ozone-manager/1.2.0-SNAPSHOT/ozone-manager-1.2.0-SNAPSHOT.jar:/home/runner/.m2/repository/org/aspectj/aspectjrt/1.8.9/aspectjrt-1.8.9.jar:/home/runner/.m2/repository/org/aspectj/aspectjweaver/1.8.9/aspectjweaver-1.8.9.jar:/home/runner/.m2/repository/org/apache/ozone/hdds-interface-client/1.2.0-SNAPSHOT/hdds-interface-client-1.2.0-SNAPSHOT.jar:/home/runner/.m2/repository/org/apache/hadoop/thirdparty/hadoop-shaded-protobuf_3_7/1.1.1/hadoop-shaded-protobuf_3_7-1.1.1.jar:/home/runner/.m2/repository/org/apache/ratis/ratis-thirdparty-misc/0.7.0/ratis-thirdparty-misc-0.7.0.jar:/home/runner/.m2/repository/org/apache/ozone/ozone-interface-storage/1.2.0-SNAPSHOT/ozone-interface-storage-1.2.0-SNAPSHOT.jar:/home/runner/.m2/repository/org/reflections/reflections/0.9.11/reflections-0.9.11.jar:/home/runner/.m2/repository/org/apache/hadoop/hadoop-minikdc/3.3.1/hadoop-minikdc-3.3.1.jar:/home/runner/.m2/repository/org/apache/kerby/kerb-simplekdc/1.0.1/kerb-simplekdc-1.0.1.jar:/home/runner/.m2/repository/org/apache/kerby/kerb-client/1.0.1/kerb-client-1.0.1.jar:/home/runner/.m2/repository/org/apache/kerby/kerby-config/1.0.1/kerby-config-1.0.1.jar:/home/runner/.m2/repository/org/apache/kerby/kerb-common/1.0.1/kerb-common-1.0.1.jar:/home/runner/.m2/repository/org/apache/kerby/kerb-crypto/1.0.1/kerb-crypto-1.0.1.jar:/home/runner/.m2/repository/org/apache/kerby/kerb-util/1.0.1/kerb-util-1.0.1.jar:/home/runner/.m2/repository/org/apache/kerby/token-provider/1.0.1/token-provider-1.0.1.jar:/home/runner/.m2/repository/org/apache/kerby/kerb-admin/1.0.1/kerb-admin-1.0.1.jar:/home/runner/.m2/repository/org/apache/kerby/kerb-server/1.0.1/kerb-server-1.0.1.jar:/home/runner/.m2/repository/org/apache/kerby/kerb-identity/1.0.1/kerb-identity-1.0.1.jar:/home/runner/.m2/repository/org/apache/kerby/kerby-xdr/1.0.1/kerby-xdr-1.0.1.jar:/home/runner/.m2/repository/org/slf4j/slf4j-log4j12/1.7.30/slf4j-log4j12-1.7.30.jar:/home/runner/.m2/repository/org/apache/ozone/ozone-s3gateway/1.2.0-SNAPSHOT/ozone-s3gateway-1.2.0-SNAPSHOT.jar:/home/runner/.m2/repository/org/javassist/javassist/3.21.0-GA/javassist-3.21.0-GA.jar:/home/runner/.m2/repository/org/jboss/weld/servlet/weld-servlet/2.4.7.Final/weld-servlet-2.4.7.Final.jar:/home/runner/.m2/repository/org/glassfish/jersey/containers/jersey-container-servlet-core/2.33/jersey-container-servlet-core-2.33.jar:/home/runner/.m2/repository/org/glassfish/hk2/external/jakarta.inject/2.6.1/jakarta.inject-2.6.1.jar:/home/runner/.m2/repository/org/glassfish/jersey/core/jersey-common/2.33/jersey-common-2.33.jar:/home/runner/.m2/repository/jakarta/ws/rs/jakarta.ws.rs-api/2.1.6/jakarta.ws.rs-api-2.1.6.jar:/home/runner/.m2/repository/org/glassfish/jersey/ext/cdi/jersey-cdi1x/2.33/jersey-cdi1x-2.33.jar:/home/runner/.m2/repository/org/glassfish/jersey/inject/jersey-hk2/2.33/jersey-hk2-2.33.jar:/home/runner/.m2/repository/org/glassfish/hk2/hk2-locator/2.6.1/hk2-locator-2.6.1.jar:/home/runner/.m2/repository/org/glassfish/jersey/media/jersey-media-jaxb/2.33/jersey-media-jaxb-2.33.jar:/home/runner/.m2/repository/org/glassfish/hk2/osgi-resource-locator/1.0.3/osgi-resource-locator-1.0.3.jar:/home/runner/.m2/repository/org/glassfish/hk2/hk2-api/2.5.0/hk2-api-2.5.0.jar:/home/runner/.m2/repository/org/glassfish/hk2/hk2-utils/2.5.0/hk2-utils-2.5.0.jar:/home/runner/.m2/repository/org/glassfish/hk2/external/aopalliance-repackaged/2.5.0/aopalliance-repackaged-2.5.0.jar:/home/runner/.m2/repository/com/fasterxml/jackson/dataformat/jackson-dataformat-xml/2.12.1/jackson-dataformat-xml-2.12.1.jar:/home/runner/.m2/repository/com/fasterxml/jackson/core/jackson-core/2.12.1/jackson-core-2.12.1.jar:/home/runner/.m2/repository/com/fasterxml/jackson/module/jackson-module-jaxb-annotations/2.12.1/jackson-module-jaxb-annotations-2.12.1.jar:/home/runner/.m2/repository/jakarta/xml/bind/jakarta.xml.bind-api/2.3.2/jakarta.xml.bind-api-2.3.2.jar:/home/runner/.m2/repository/org/codehaus/woodstox/stax2-api/3.1.4/stax2-api-3.1.4.jar:/home/runner/.m2/repository/com/fasterxml/woodstox/woodstox-core/5.0.3/woodstox-core-5.0.3.jar:/home/runner/.m2/repository/javax/enterprise/cdi-api/1.2/cdi-api-1.2.jar:/home/runner/.m2/repository/javax/el/javax.el-api/3.0.0/javax.el-api-3.0.0.jar:/home/runner/.m2/repository/javax/interceptor/javax.interceptor-api/1.2/javax.interceptor-api-1.2.jar:/home/runner/.m2/repository/javax/inject/javax.inject/1/javax.inject-1.jar:/home/runner/.m2/repository/javax/xml/bind/jaxb-api/2.3.0/jaxb-api-2.3.0.jar:/home/runner/.m2/repository/org/glassfish/jaxb/jaxb-runtime/2.3.0.1/jaxb-runtime-2.3.0.1.jar:/home/runner/.m2/repository/org/glassfish/jaxb/jaxb-core/2.3.0.1/jaxb-core-2.3.0.1.jar:/home/runner/.m2/repository/org/glassfish/jaxb/txw2/2.3.0.1/txw2-2.3.0.1.jar:/home/runner/.m2/repository/com/sun/istack/istack-commons-runtime/3.0.5/istack-commons-runtime-3.0.5.jar:/home/runner/.m2/repository/org/jvnet/staxex/stax-ex/1.7.8/stax-ex-1.7.8.jar:/home/runner/.m2/repository/com/sun/xml/fastinfoset/FastInfoset/1.2.13/FastInfoset-1.2.13.jar:/home/runner/.m2/repository/javax/activation/activation/1.1.1/activation-1.1.1.jar:/home/runner/.m2/repository/org/apache/ozone/ozone-csi/1.2.0-SNAPSHOT/ozone-csi-1.2.0-SNAPSHOT.jar:/home/runner/.m2/repository/com/google/protobuf/protobuf-java-util/3.12.0/protobuf-java-util-3.12.0.jar:/home/runner/.m2/repository/com/google/code/gson/gson/2.2.4/gson-2.2.4.jar:/home/runner/.m2/repository/org/apache/ozone/hdds-config/1.2.0-SNAPSHOT/hdds-config-1.2.0-SNAPSHOT.jar:/home/runner/.m2/repository/io/grpc/grpc-netty/1.33.0/grpc-netty-1.33.0.jar:/home/runner/.m2/repository/io/grpc/grpc-core/1.33.0/grpc-core-1.33.0.jar:/home/runner/.m2/repository/com/google/android/annotations/4.1.1.4/annotations-4.1.1.4.jar:/home/runner/.m2/repository/io/netty/netty-codec-http2/4.1.63.Final/netty-codec-http2-4.1.63.Final.jar:/home/runner/.m2/repository/io/netty/netty-codec-http/4.1.63.Final/netty-codec-http-4.1.63.Final.jar:/home/runner/.m2/repository/io/netty/netty-handler-proxy/4.1.63.Final/netty-handler-proxy-4.1.63.Final.jar:/home/runner/.m2/repository/io/netty/netty-codec-socks/4.1.63.Final/netty-codec-socks-4.1.63.Final.jar:/home/runner/.m2/repository/io/perfmark/perfmark-api/0.19.0/perfmark-api-0.19.0.jar:/home/runner/.m2/repository/org/codehaus/mojo/animal-sniffer-annotations/1.18/animal-sniffer-annotations-1.18.jar:/home/runner/.m2/repository/io/netty/netty-transport-native-epoll/4.1.63.Final/netty-transport-native-epoll-4.1.63.Final.jar:/home/runner/.m2/repository/io/netty/netty-common/4.1.63.Final/netty-common-4.1.63.Final.jar:/home/runner/.m2/repository/io/netty/netty-buffer/4.1.63.Final/netty-buffer-4.1.63.Final.jar:/home/runner/.m2/repository/io/netty/netty-transport-native-unix-common/4.1.63.Final/netty-transport-native-unix-common-4.1.63.Final.jar:/home/runner/.m2/repository/io/grpc/grpc-protobuf/1.33.0/grpc-protobuf-1.33.0.jar:/home/runner/.m2/repository/io/grpc/grpc-api/1.33.0/grpc-api-1.33.0.jar:/home/runner/.m2/repository/io/grpc/grpc-context/1.33.0/grpc-context-1.33.0.jar:/home/runner/.m2/repository/com/google/api/grpc/proto-google-common-protos/1.17.0/proto-google-common-protos-1.17.0.jar:/home/runner/.m2/repository/io/grpc/grpc-protobuf-lite/1.33.0/grpc-protobuf-lite-1.33.0.jar:/home/runner/.m2/repository/io/grpc/grpc-stub/1.33.0/grpc-stub-1.33.0.jar:/home/runner/.m2/repository/org/apache/ozone/ozone-recon/1.2.0-SNAPSHOT/ozone-recon-1.2.0-SNAPSHOT.jar:/home/runner/.m2/repository/org/apache/ozone/ozone-reconcodegen/1.2.0-SNAPSHOT/ozone-reconcodegen-1.2.0-SNAPSHOT.jar:/home/runner/.m2/repository/com/google/inject/extensions/guice-multibindings/4.0/guice-multibindings-4.0.jar:/home/runner/.m2/repository/com/google/inject/guice/4.0/guice-4.0.jar:/home/runner/.m2/repository/aopalliance/aopalliance/1.0/aopalliance-1.0.jar:/home/runner/.m2/repository/com/google/inject/extensions/guice-assistedinject/4.0/guice-assistedinject-4.0.jar:/home/runner/.m2/repository/com/google/inject/extensions/guice-servlet/4.0/guice-servlet-4.0.jar:/home/runner/.m2/repository/org/glassfish/jersey/containers/jersey-container-servlet/2.33/jersey-container-servlet-2.33.jar:/home/runner/.m2/repository/org/glassfish/hk2/guice-bridge/2.5.0/guice-bridge-2.5.0.jar:/home/runner/.m2/repository/org/glassfish/jersey/core/jersey-server/2.33/jersey-server-2.33.jar:/home/runner/.m2/repository/org/glassfish/jersey/core/jersey-client/2.33/jersey-client-2.33.jar:/home/runner/.m2/repository/jakarta/annotation/jakarta.annotation-api/1.3.5/jakarta.annotation-api-1.3.5.jar:/home/runner/.m2/repository/jakarta/validation/jakarta.validation-api/2.0.2/jakarta.validation-api-2.0.2.jar:/home/runner/.m2/repository/org/glassfish/jersey/media/jersey-media-json-jackson/2.33/jersey-media-json-jackson-2.33.jar:/home/runner/.m2/repository/org/glassfish/jersey/ext/jersey-entity-filtering/2.33/jersey-entity-filtering-2.33.jar:/home/runner/.m2/repository/org/jooq/jooq/3.11.10/jooq-3.11.10.jar:/home/runner/.m2/repository/org/jooq/jooq-meta/3.11.10/jooq-meta-3.11.10.jar:/home/runner/.m2/repository/org/jooq/jooq-codegen/3.11.10/jooq-codegen-3.11.10.jar:/home/runner/.m2/repository/com/jolbox/bonecp/0.8.0.RELEASE/bonecp-0.8.0.RELEASE.jar:/home/runner/.m2/repository/org/apache/derby/derby/10.14.2.0/derby-10.14.2.0.jar:/home/runner/.m2/repository/org/xerial/sqlite-jdbc/3.25.2/sqlite-jdbc-3.25.2.jar:/home/runner/.m2/repository/org/springframework/spring-jdbc/5.2.11.RELEASE/spring-jdbc-5.2.11.RELEASE.jar:/home/runner/.m2/repository/org/springframework/spring-beans/5.2.11.RELEASE/spring-beans-5.2.11.RELEASE.jar:/home/runner/.m2/repository/org/springframework/spring-core/5.2.11.RELEASE/spring-core-5.2.11.RELEASE.jar:/home/runner/.m2/repository/org/springframework/spring-jcl/5.2.11.RELEASE/spring-jcl-5.2.11.RELEASE.jar:/home/runner/.m2/repository/org/springframework/spring-tx/5.2.11.RELEASE/spring-tx-5.2.11.RELEASE.jar:/home/runner/.m2/repository/org/apache/ozone/ozone-client/1.2.0-SNAPSHOT/ozone-client-1.2.0-SNAPSHOT.jar:/home/runner/.m2/repository/org/apache/ozone/ozone-filesystem/1.2.0-SNAPSHOT/ozone-filesystem-1.2.0-SNAPSHOT.jar:/home/runner/.m2/repository/org/apache/ozone/ozone-filesystem-common/1.2.0-SNAPSHOT/ozone-filesystem-common-1.2.0-SNAPSHOT.jar:/home/runner/.m2/repository/org/apache/ozone/ozone-tools/1.2.0-SNAPSHOT/ozone-tools-1.2.0-SNAPSHOT.jar:/home/runner/.m2/repository/org/apache/ratis/ratis-tools/2.1.0/ratis-tools-2.1.0.jar:/home/runner/.m2/repository/org/apache/ratis/ratis-proto/2.1.0/ratis-proto-2.1.0.jar:/home/runner/.m2/repository/org/apache/ratis/ratis-common/2.1.0/ratis-common-2.1.0.jar:/home/runner/.m2/repository/com/amazonaws/aws-java-sdk-core/1.11.901/aws-java-sdk-core-1.11.901.jar:/home/runner/.m2/repository/org/apache/httpcomponents/httpclient/4.5.13/httpclient-4.5.13.jar:/home/runner/.m2/repository/org/apache/httpcomponents/httpcore/4.4.13/httpcore-4.4.13.jar:/home/runner/.m2/repository/software/amazon/ion/ion-java/1.0.2/ion-java-1.0.2.jar:/home/runner/.m2/repository/com/fasterxml/jackson/dataformat/jackson-dataformat-cbor/2.12.1/jackson-dataformat-cbor-2.12.1.jar:/home/runner/.m2/repository/joda-time/joda-time/2.8.1/joda-time-2.8.1.jar:/home/runner/.m2/repository/com/amazonaws/aws-java-sdk-s3/1.11.901/aws-java-sdk-s3-1.11.901.jar:/home/runner/.m2/repository/com/amazonaws/aws-java-sdk-kms/1.11.901/aws-java-sdk-kms-1.11.901.jar:/home/runner/.m2/repository/com/amazonaws/jmespath-java/1.11.901/jmespath-java-1.11.901.jar:/home/runner/.m2/repository/org/kohsuke/metainf-services/metainf-services/1.8/metainf-services-1.8.jar:/home/runner/.m2/repository/org/apache/ozone/hdds-tools/1.2.0-SNAPSHOT/hdds-tools-1.2.0-SNAPSHOT.jar:/home/runner/.m2/repository/commons-cli/commons-cli/1.2/commons-cli-1.2.jar:/home/runner/.m2/repository/org/apache/commons/commons-lang3/3.7/commons-lang3-3.7.jar:/home/runner/.m2/repository/org/apache/ozone/ozone-manager/1.2.0-SNAPSHOT/ozone-manager-1.2.0-SNAPSHOT-tests.jar:/home/runner/.m2/repository/org/apache/ozone/hdds-common/1.2.0-SNAPSHOT/hdds-common-1.2.0-SNAPSHOT-tests.jar:/home/runner/.m2/repository/org/apache/ozone/hdds-hadoop-dependency-client/1.2.0-SNAPSHOT/hdds-hadoop-dependency-client-1.2.0-SNAPSHOT.jar:/home/runner/.m2/repository/info/picocli/picocli/4.4.0/picocli-4.4.0.jar:/home/runner/.m2/repository/com/fasterxml/jackson/core/jackson-annotations/2.12.1/jackson-annotations-2.12.1.jar:/home/runner/.m2/repository/javax/annotation/javax.annotation-api/1.2/javax.annotation-api-1.2.jar:/home/runner/.m2/repository/org/apache/ratis/ratis-server/2.1.0/ratis-server-2.1.0.jar:/home/runner/.m2/repository/org/apache/ratis/ratis-client/2.1.0/ratis-client-2.1.0.jar:/home/runner/.m2/repository/org/apache/ratis/ratis-server-api/2.1.0/ratis-server-api-2.1.0.jar:/home/runner/.m2/repository/org/apache/ratis/ratis-metrics/2.1.0/ratis-metrics-2.1.0.jar:/home/runner/.m2/repository/org/apache/ratis/ratis-netty/2.1.0/ratis-netty-2.1.0.jar:/home/runner/.m2/repository/org/apache/ratis/ratis-grpc/2.1.0/ratis-grpc-2.1.0.jar:/home/runner/.m2/repository/org/apache/logging/log4j/log4j-api/2.13.3/log4j-api-2.13.3.jar:/home/runner/.m2/repository/org/apache/logging/log4j/log4j-core/2.13.3/log4j-core-2.13.3.jar:/home/runner/.m2/repository/com/lmax/disruptor/3.4.2/disruptor-3.4.2.jar:/home/runner/.m2/repository/org/apache/commons/commons-pool2/2.6.0/commons-pool2-2.6.0.jar:/home/runner/.m2/repository/org/bouncycastle/bcpkix-jdk15on/1.67/bcpkix-jdk15on-1.67.jar:/home/runner/.m2/repository/commons-validator/commons-validator/1.6/commons-validator-1.6.jar:/home/runner/.m2/repository/commons-beanutils/commons-beanutils/1.9.4/commons-beanutils-1.9.4.jar:/home/runner/.m2/repository/commons-digester/commons-digester/1.8.1/commons-digester-1.8.1.jar:/home/runner/.m2/repository/commons-collections/commons-collections/3.2.2/commons-collections-3.2.2.jar:/home/runner/.m2/repository/io/jaegertracing/jaeger-client/1.6.0/jaeger-client-1.6.0.jar:/home/runner/.m2/repository/io/jaegertracing/jaeger-thrift/1.6.0/jaeger-thrift-1.6.0.jar:/home/runner/.m2/repository/org/apache/thrift/libthrift/0.14.1/libthrift-0.14.1.jar:/home/runner/.m2/repository/com/squareup/okhttp3/okhttp/4.9.0/okhttp-4.9.0.jar:/home/runner/.m2/repository/com/squareup/okio/okio/2.8.0/okio-2.8.0.jar:/home/runner/.m2/repository/io/jaegertracing/jaeger-core/1.6.0/jaeger-core-1.6.0.jar:/home/runner/.m2/repository/io/jaegertracing/jaeger-tracerresolver/1.6.0/jaeger-tracerresolver-1.6.0.jar:/home/runner/.m2/repository/io/opentracing/contrib/opentracing-tracerresolver/0.1.8/opentracing-tracerresolver-0.1.8.jar:/home/runner/.m2/repository/org/jetbrains/kotlin/kotlin-stdlib/1.4.31/kotlin-stdlib-1.4.31.jar:/home/runner/.m2/repository/org/jetbrains/kotlin/kotlin-stdlib-common/1.4.31/kotlin-stdlib-common-1.4.31.jar:/home/runner/.m2/repository/org/jetbrains/annotations/13.0/annotations-13.0.jar:/home/runner/.m2/repository/io/opentracing/opentracing-util/0.33.0/opentracing-util-0.33.0.jar:/home/runner/.m2/repository/io/opentracing/opentracing-api/0.33.0/opentracing-api-0.33.0.jar:/home/runner/.m2/repository/io/opentracing/opentracing-noop/0.33.0/opentracing-noop-0.33.0.jar:/home/runner/.m2/repository/org/yaml/snakeyaml/1.26/snakeyaml-1.26.jar:/home/runner/.m2/repository/org/apache/ozone/hdds-interface-admin/1.2.0-SNAPSHOT/hdds-interface-admin-1.2.0-SNAPSHOT.jar:/home/runner/.m2/repository/junit/junit/4.13.1/junit-4.13.1.jar:/home/runner/.m2/repository/org/hamcrest/hamcrest-core/1.3/hamcrest-core-1.3.jar:/home/runner/.m2/repository/org/junit/jupiter/junit-jupiter-api/5.7.0/junit-jupiter-api-5.7.0.jar:/home/runner/.m2/repository/org/apiguardian/apiguardian-api/1.1.0/apiguardian-api-1.1.0.jar:/home/runner/.m2/repository/org/opentest4j/opentest4j/1.2.0/opentest4j-1.2.0.jar:/home/runner/.m2/repository/org/junit/platform/junit-platform-commons/1.7.0/junit-platform-commons-1.7.0.jar:/home/runner/.m2/repository/org/junit/jupiter/junit-jupiter-engine/5.7.0/junit-jupiter-engine-5.7.0.jar:/home/runner/.m2/repository/org/junit/platform/junit-platform-engine/1.7.0/junit-platform-engine-1.7.0.jar:/home/runner/.m2/repository/org/junit/vintage/junit-vintage-engine/5.7.0/junit-vintage-engine-5.7.0.jar:/home/runner/.m2/repository/org/junit/platform/junit-platform-launcher/1.7.0/junit-platform-launcher-1.7.0.jar:/home/runner/.m2/repository/org/openjdk/jmh/jmh-core/1.19/jmh-core-1.19.jar:/home/runner/.m2/repository/net/sf/jopt-simple/jopt-simple/4.6/jopt-simple-4.6.jar:/home/runner/.m2/repository/org/apache/commons/commons-math3/3.1.1/commons-math3-3.1.1.jar:/home/runner/.m2/repository/org/openjdk/jmh/jmh-generator-annprocess/1.19/jmh-generator-annprocess-1.19.jar:/home/runner/.m2/repository/org/mockito/mockito-core/2.28.2/mockito-core-2.28.2.jar:/home/runner/.m2/repository/net/bytebuddy/byte-buddy/1.9.10/byte-buddy-1.9.10.jar:/home/runner/.m2/repository/net/bytebuddy/byte-buddy-agent/1.9.10/byte-buddy-agent-1.9.10.jar:/home/runner/.m2/repository/org/objenesis/objenesis/1.0/objenesis-1.0.jar:/home/runner/.m2/repository/org/apache/hadoop/hadoop-kms/3.3.1/hadoop-kms-3.3.1.jar:/home/runner/.m2/repository/org/apache/hadoop/hadoop-auth/3.3.1/hadoop-auth-3.3.1.jar:/home/runner/.m2/repository/com/nimbusds/nimbus-jose-jwt/7.9/nimbus-jose-jwt-7.9.jar:/home/runner/.m2/repository/com/github/stephenc/jcip/jcip-annotations/1.0-1/jcip-annotations-1.0-1.jar:/home/runner/.m2/repository/net/minidev/json-smart/2.3/json-smart-2.3.jar:/home/runner/.m2/repository/net/minidev/accessors-smart/1.2/accessors-smart-1.2.jar:/home/runner/.m2/repository/org/ow2/asm/asm/5.0.4/asm-5.0.4.jar:/home/runner/.m2/repository/org/apache/zookeeper/zookeeper/3.5.6/zookeeper-3.5.6.jar:/home/runner/.m2/repository/org/apache/zookeeper/zookeeper-jute/3.5.6/zookeeper-jute-3.5.6.jar:/home/runner/.m2/repository/org/apache/yetus/audience-annotations/0.5.0/audience-annotations-0.5.0.jar:/home/runner/.m2/repository/org/apache/curator/curator-framework/4.2.0/curator-framework-4.2.0.jar:/home/runner/.m2/repository/org/apache/hadoop/thirdparty/hadoop-shaded-guava/1.1.1/hadoop-shaded-guava-1.1.1.jar:/home/runner/.m2/repository/com/sun/jersey/jersey-core/1.19/jersey-core-1.19.jar:/home/runner/.m2/repository/javax/ws/rs/jsr311-api/1.1.1/jsr311-api-1.1.1.jar:/home/runner/.m2/repository/com/sun/jersey/jersey-server/1.19/jersey-server-1.19.jar:/home/runner/.m2/repository/javax/servlet/javax.servlet-api/3.1.0/javax.servlet-api-3.1.0.jar:/home/runner/.m2/repository/org/eclipse/jetty/jetty-server/9.4.43.v20210629/jetty-server-9.4.43.v20210629.jar:/home/runner/.m2/repository/org/eclipse/jetty/jetty-http/9.4.43.v20210629/jetty-http-9.4.43.v20210629.jar:/home/runner/.m2/repository/org/eclipse/jetty/jetty-io/9.4.43.v20210629/jetty-io-9.4.43.v20210629.jar:/home/runner/.m2/repository/org/eclipse/jetty/jetty-webapp/9.4.43.v20210629/jetty-webapp-9.4.43.v20210629.jar:/home/runner/.m2/repository/org/eclipse/jetty/jetty-xml/9.4.43.v20210629/jetty-xml-9.4.43.v20210629.jar:/home/runner/.m2/repository/org/apache/hadoop/hadoop-common/3.3.1/hadoop-common-3.3.1.jar:/home/runner/.m2/repository/commons-net/commons-net/3.6/commons-net-3.6.jar:/home/runner/.m2/repository/jakarta/activation/jakarta.activation-api/1.2.1/jakarta.activation-api-1.2.1.jar:/home/runner/.m2/repository/com/sun/jersey/jersey-servlet/1.19/jersey-servlet-1.19.jar:/home/runner/.m2/repository/com/sun/jersey/jersey-json/1.19/jersey-json-1.19.jar:/home/runner/.m2/repository/org/codehaus/jettison/jettison/1.1/jettison-1.1.jar:/home/runner/.m2/repository/com/sun/xml/bind/jaxb-impl/2.2.3-1/jaxb-impl-2.2.3-1.jar:/home/runner/.m2/repository/org/codehaus/jackson/jackson-jaxrs/1.9.2/jackson-jaxrs-1.9.2.jar:/home/runner/.m2/repository/org/codehaus/jackson/jackson-xc/1.9.2/jackson-xc-1.9.2.jar:/home/runner/.m2/repository/org/apache/commons/commons-configuration2/2.1.1/commons-configuration2-2.1.1.jar:/home/runner/.m2/repository/org/apache/commons/commons-text/1.4/commons-text-1.4.jar:/home/runner/.m2/repository/com/google/re2j/re2j/1.1/re2j-1.1.jar:/home/runner/.m2/repository/com/jcraft/jsch/0.1.54/jsch-0.1.54.jar:/home/runner/.m2/repository/org/apache/curator/curator-client/4.2.0/curator-client-4.2.0.jar:/home/runner/.m2/repository/org/apache/curator/curator-recipes/4.2.0/curator-recipes-4.2.0.jar:/home/runner/.m2/repository/org/apache/kerby/kerb-core/1.0.1/kerb-core-1.0.1.jar:/home/runner/.m2/repository/org/apache/kerby/kerby-pkix/1.0.1/kerby-pkix-1.0.1.jar:/home/runner/.m2/repository/org/apache/kerby/kerby-asn1/1.0.1/kerby-asn1-1.0.1.jar:/home/runner/.m2/repository/org/apache/kerby/kerby-util/1.0.1/kerby-util-1.0.1.jar:/home/runner/.m2/repository/dnsjava/dnsjava/2.1.7/dnsjava-2.1.7.jar:/home/runner/.m2/repository/org/xerial/snappy/snappy-java/1.1.8.2/snappy-java-1.1.8.2.jar:/home/runner/.m2/repository/org/slf4j/jul-to-slf4j/1.7.30/jul-to-slf4j-1.7.30.jar:/home/runner/.m2/repository/org/eclipse/jetty/jetty-util/9.4.43.v20210629/jetty-util-9.4.43.v20210629.jar:/home/runner/.m2/repository/com/fasterxml/jackson/core/jackson-databind/2.12.1/jackson-databind-2.12.1.jar:/home/runner/.m2/repository/org/apache/hadoop/hadoop-kms/3.3.1/hadoop-kms-3.3.1-tests.jar:/home/runner/.m2/repository/org/apache/ozone/hdds-server-scm/1.2.0-SNAPSHOT/hdds-server-scm-1.2.0-SNAPSHOT-tests.jar:/home/runner/.m2/repository/org/apache/ozone/hdds-container-service/1.2.0-SNAPSHOT/hdds-container-service-1.2.0-SNAPSHOT-tests.jar:/home/runner/.m2/repository/commons-codec/commons-codec/1.11/commons-codec-1.11.jar:/home/runner/.m2/repository/io/netty/netty-transport/4.1.63.Final/netty-transport-4.1.63.Final.jar:/home/runner/.m2/repository/io/netty/netty-resolver/4.1.63.Final/netty-resolver-4.1.63.Final.jar:/home/runner/.m2/repository/io/netty/netty-codec/4.1.63.Final/netty-codec-4.1.63.Final.jar:/home/runner/.m2/repository/io/netty/netty-handler/4.1.63.Final/netty-handler-4.1.63.Final.jar:/home/runner/.m2/repository/org/apache/ozone/hdds-hadoop-dependency-test/1.2.0-SNAPSHOT/hdds-hadoop-dependency-test-1.2.0-SNAPSHOT.jar:/home/runner/.m2/repository/org/apache/hadoop/hadoop-common/3.3.1/hadoop-common-3.3.1-tests.jar:/home/runner/.m2/repository/org/assertj/assertj-core/3.12.2/assertj-core-3.12.2.jar:/home/runner/.m2/repository/org/apache/hadoop/hadoop-hdfs/3.3.1/hadoop-hdfs-3.3.1-tests.jar:/home/runner/.m2/repository/org/eclipse/jetty/jetty-util-ajax/9.4.43.v20210629/jetty-util-ajax-9.4.43.v20210629.jar:/home/runner/.m2/repository/commons-daemon/commons-daemon/1.0.13/commons-daemon-1.0.13.jar:/home/runner/.m2/repository/io/netty/netty/3.10.6.Final/netty-3.10.6.Final.jar:/home/runner/.m2/repository/io/netty/netty-all/4.1.63.Final/netty-all-4.1.63.Final.jar:/home/runner/.m2/repository/org/apache/htrace/htrace-core4/4.1.0-incubating/htrace-core4-4.1.0-incubating.jar:/home/runner/.m2/repository/org/fusesource/leveldbjni/leveldbjni-all/1.8/leveldbjni-all-1.8.jar:/home/runner/.m2/repository/org/apache/hadoop/hadoop-distcp/3.3.1/hadoop-distcp-3.3.1.jar:/home/runner/.m2/repository/org/apache/hadoop/hadoop-mapreduce-client-jobclient/3.3.1/hadoop-mapreduce-client-jobclient-3.3.1.jar:/home/runner/.m2/repository/org/apache/hadoop/hadoop-mapreduce-client-common/3.3.1/hadoop-mapreduce-client-common-3.3.1.jar:/home/runner/.m2/repository/org/apache/hadoop/hadoop-yarn-common/3.3.1/hadoop-yarn-common-3.3.1.jar:/home/runner/.m2/repository/org/apache/hadoop/hadoop-yarn-api/3.3.1/hadoop-yarn-api-3.3.1.jar:/home/runner/.m2/repository/com/sun/jersey/jersey-client/1.19/jersey-client-1.19.jar:/home/runner/.m2/repository/com/sun/jersey/contribs/jersey-guice/1.19/jersey-guice-1.19.jar:/home/runner/.m2/repository/com/fasterxml/jackson/jaxrs/jackson-jaxrs-json-provider/2.12.1/jackson-jaxrs-json-provider-2.12.1.jar:/home/runner/.m2/repository/com/fasterxml/jackson/jaxrs/jackson-jaxrs-base/2.12.1/jackson-jaxrs-base-2.12.1.jar:/home/runner/.m2/repository/org/apache/hadoop/hadoop-yarn-client/3.3.1/hadoop-yarn-client-3.3.1.jar:/home/runner/.m2/repository/org/eclipse/jetty/websocket/websocket-client/9.4.40.v20210413/websocket-client-9.4.40.v20210413.jar:/home/runner/.m2/repository/org/eclipse/jetty/jetty-client/9.4.40.v20210413/jetty-client-9.4.40.v20210413.jar:/home/runner/.m2/repository/org/eclipse/jetty/websocket/websocket-common/9.4.40.v20210413/websocket-common-9.4.40.v20210413.jar:/home/runner/.m2/repository/org/eclipse/jetty/websocket/websocket-api/9.4.40.v20210413/websocket-api-9.4.40.v20210413.jar:/home/runner/.m2/repository/org/jline/jline/3.9.0/jline-3.9.0.jar:/home/runner/.m2/repository/org/apache/hadoop/hadoop-mapreduce-client-core/3.3.1/hadoop-mapreduce-client-core-3.3.1.jar:/home/runner/.m2/repository/org/apache/avro/avro/1.7.7/avro-1.7.7.jar:/home/runner/.m2/repository/org/codehaus/jackson/jackson-core-asl/1.9.13/jackson-core-asl-1.9.13.jar:/home/runner/.m2/repository/org/codehaus/jackson/jackson-mapper-asl/1.9.13/jackson-mapper-asl-1.9.13.jar:/home/runner/.m2/repository/com/thoughtworks/paranamer/paranamer/2.3/paranamer-2.3.jar:/home/runner/.m2/repository/org/apache/hadoop/hadoop-annotations/3.3.1/hadoop-annotations-3.3.1.jar:/usr/lib/jvm/adoptopenjdk-8-hotspot-amd64/jre/../lib/tools.jar:/home/runner/.m2/repository/org/apache/hadoop/hadoop-distcp/3.3.1/hadoop-distcp-3.3.1-tests.jar:"/>
    <property name="sun.cpu.endian" value="little"/>
    <property name="user.home" value="/home/runner"/>
    <property name="user.language" value="en"/>
    <property name="java.specification.vendor" value="Oracle Corporation"/>
    <property name="java.home" value="/usr/lib/jvm/adoptopenjdk-8-hotspot-amd64/jre"/>
    <property name="java.security.krb5.conf" value="/home/runner/work/ozone/ozone/hadoop-ozone/integration-test/target/test-classes/krb5.conf"/>
    <property name="basedir" value="/home/runner/work/ozone/ozone/hadoop-ozone/integration-test"/>
    <property name="file.separator" value="/"/>
    <property name="line.separator" value="&#10;"/>
    <property name="java.vm.specification.vendor" value="Oracle Corporation"/>
    <property name="java.specification.name" value="Java Platform API Specification"/>
    <property name="java.awt.graphicsenv" value="sun.awt.X11GraphicsEnvironment"/>
    <property name="skip.installnpx" value="true"/>
    <property name="surefire.real.class.path" value="/home/runner/work/ozone/ozone/hadoop-ozone/integration-test/target/surefire/surefirebooter5835443249396898220.jar:/home/runner/.m2/repository/org/jacoco/org.jacoco.agent/0.8.5/org.jacoco.agent-0.8.5-runtime.jar"/>
    <property name="hadoop.log.dir" value="/home/runner/work/ozone/ozone/hadoop-ozone/integration-test/target/log"/>
    <property name="sun.boot.class.path" value="/usr/lib/jvm/adoptopenjdk-8-hotspot-amd64/jre/lib/resources.jar:/usr/lib/jvm/adoptopenjdk-8-hotspot-amd64/jre/lib/rt.jar:/usr/lib/jvm/adoptopenjdk-8-hotspot-amd64/jre/lib/sunrsasign.jar:/usr/lib/jvm/adoptopenjdk-8-hotspot-amd64/jre/lib/jsse.jar:/usr/lib/jvm/adoptopenjdk-8-hotspot-amd64/jre/lib/jce.jar:/usr/lib/jvm/adoptopenjdk-8-hotspot-amd64/jre/lib/charsets.jar:/usr/lib/jvm/adoptopenjdk-8-hotspot-amd64/jre/lib/jfr.jar:/usr/lib/jvm/adoptopenjdk-8-hotspot-amd64/jre/classes"/>
    <property name="sun.management.compiler" value="HotSpot 64-Bit Tiered Compilers"/>
    <property name="skip.npx" value="true"/>
    <property name="java.runtime.version" value="1.8.0_292-b10"/>
    <property name="java.net.preferIPv4Stack" value="true"/>
    <property name="user.name" value="runner"/>
    <property name="path.separator" value=":"/>
    <property name="java.security.egd" value="file:///dev/urandom"/>
    <property name="os.version" value="5.4.0-1055-azure"/>
    <property name="java.endorsed.dirs" value="/usr/lib/jvm/adoptopenjdk-8-hotspot-amd64/jre/lib/endorsed"/>
    <property name="java.runtime.name" value="OpenJDK Runtime Environment"/>
    <property name="file.encoding" value="UTF-8"/>
    <property name="java.vm.name" value="OpenJDK 64-Bit Server VM"/>
    <property name="test.build.webapps" value=""/>
    <property name="localRepository" value="/home/runner/.m2/repository"/>
    <property name="java.vendor.url.bug" value="https://github.com/AdoptOpenJDK/openjdk-support/issues"/>
    <property name="java.io.tmpdir" value="/tmp"/>
    <property name="require.test.libhadoop" value=""/>
    <property name="java.version" value="1.8.0_292"/>
    <property name="user.dir" value="/home/runner/work/ozone/ozone/hadoop-ozone/integration-test"/>
    <property name="os.arch" value="amd64"/>
    <property name="java.vm.specification.name" value="Java Virtual Machine Specification"/>
    <property name="test.build.classes" value="/home/runner/work/ozone/ozone/hadoop-ozone/integration-test/target/test-classes"/>
    <property name="java.awt.printerjob" value="sun.print.PSPrinterJob"/>
    <property name="sun.os.patch.level" value="unknown"/>
    <property name="hadoop.tmp.dir" value="/home/runner/work/ozone/ozone/hadoop-ozone/integration-test/target/tmp"/>
    <property name="java.library.path" value="/usr/java/packages/lib/amd64:/usr/lib64:/lib64:/lib:/usr/lib"/>
    <property name="java.vm.info" value="mixed mode"/>
    <property name="java.vendor" value="AdoptOpenJDK"/>
    <property name="java.vm.version" value="25.292-b10"/>
    <property name="java.ext.dirs" value="/usr/lib/jvm/adoptopenjdk-8-hotspot-amd64/jre/lib/ext:/usr/java/packages/lib/ext"/>
    <property name="sun.io.unicode.encoding" value="UnicodeLittle"/>
    <property name="java.class.version" value="52.0"/>
  </properties>
  <testcase name="testPipelineCloseWithPipelineAction" classname="org.apache.hadoop.hdds.scm.pipeline.TestPipelineClose" time="39.614"/>
  <testcase name="testPipelineCloseWithOpenContainer" classname="org.apache.hadoop.hdds.scm.pipeline.TestPipelineClose" time="36.052"/>
  <testcase name="testPipelineCloseWithClosedContainer" classname="org.apache.hadoop.hdds.scm.pipeline.TestPipelineClose" time="31.552"/>
  <testcase name="testPipelineCloseWithLogFailure" classname="org.apache.hadoop.hdds.scm.pipeline.TestPipelineClose" time="49.633">
    <failure message="&#10;Wanted but not invoked:&#10;pipelineActionHandler.onMessage(&#10;    &lt;Capturing argument&gt;,&#10;    &lt;any org.apache.hadoop.hdds.server.events.EventPublisher&gt;&#10;);&#10;-&gt; at org.apache.hadoop.hdds.scm.pipeline.PipelineActionHandler.onMessage(PipelineActionHandler.java:64)&#10;Actually, there were zero interactions with this mock.&#10;" type="Wanted but not invoked"><![CDATA[Wanted but not invoked:
pipelineActionHandler.onMessage(
    <Capturing argument>,
    <any org.apache.hadoop.hdds.server.events.EventPublisher>
);
-> at org.apache.hadoop.hdds.scm.pipeline.PipelineActionHandler.onMessage(PipelineActionHandler.java:64)
Actually, there were zero interactions with this mock.

	at org.apache.hadoop.hdds.scm.pipeline.PipelineActionHandler.onMessage(PipelineActionHandler.java:64)
	at org.apache.hadoop.hdds.scm.pipeline.TestPipelineClose.testPipelineCloseWithLogFailure(TestPipelineClose.java:246)
	at sun.reflect.NativeMethodAccessorImpl.invoke0(Native Method)
	at sun.reflect.NativeMethodAccessorImpl.invoke(NativeMethodAccessorImpl.java:62)
	at sun.reflect.DelegatingMethodAccessorImpl.invoke(DelegatingMethodAccessorImpl.java:43)
	at java.lang.reflect.Method.invoke(Method.java:498)
	at org.junit.runners.model.FrameworkMethod$1.runReflectiveCall(FrameworkMethod.java:59)
	at org.junit.internal.runners.model.ReflectiveCallable.run(ReflectiveCallable.java:12)
	at org.junit.runners.model.FrameworkMethod.invokeExplosively(FrameworkMethod.java:56)
	at org.junit.internal.runners.statements.InvokeMethod.evaluate(InvokeMethod.java:17)
	at org.junit.internal.runners.statements.RunBefores.evaluate(RunBefores.java:26)
	at org.junit.internal.runners.statements.RunAfters.evaluate(RunAfters.java:27)
	at org.junit.internal.runners.statements.FailOnTimeout$CallableStatement.call(FailOnTimeout.java:288)
	at org.junit.internal.runners.statements.FailOnTimeout$CallableStatement.call(FailOnTimeout.java:282)
	at java.util.concurrent.FutureTask.run(FutureTask.java:266)
	at java.lang.Thread.run(Thread.java:748)
]]></failure>
    <system-out><![CDATA[2021-08-10 07:01:14,708 [Time-limited test] WARN  server.ServerUtils (ServerUtils.java:getScmDbDir(148)) - ozone.scm.db.dirs is not configured. We recommend adding this setting. Falling back to ozone.metadata.dirs instead.
2021-08-10 07:01:14,716 [Time-limited test] INFO  ha.SCMHANodeDetails (SCMHANodeDetails.java:loadSCMHAConfig(157)) - ServiceID for StorageContainerManager is null
2021-08-10 07:01:14,716 [Time-limited test] INFO  ha.SCMHANodeDetails (SCMHANodeDetails.java:loadSCMHAConfig(162)) - ozone.scm.default.service.id is not defined, falling back to ozone.scm.service.ids to find serviceID for StorageContainerManager if it is HA enabled cluster
2021-08-10 07:01:14,726 [Time-limited test] WARN  server.ServerUtils (ServerUtils.java:getScmDbDir(148)) - ozone.scm.db.dirs is not configured. We recommend adding this setting. Falling back to ozone.metadata.dirs instead.
2021-08-10 07:01:14,728 [Time-limited test] INFO  upgrade.AbstractLayoutVersionManager (AbstractLayoutVersionManager.java:init(70)) - Initializing Layout version manager with metadata layout = SCM_HA (version = 2), software layout = SCM_HA (version = 2)
2021-08-10 07:01:14,821 [Time-limited test] INFO  reflections.Reflections (Reflections.java:scan(232)) - Reflections took 92 ms to scan 7 urls, producing 120 keys and 275 values 
2021-08-10 07:01:14,822 [Time-limited test] WARN  utils.HAUtils (HAUtils.java:getMetaDir(342)) - ozone.scm.db.dirs is not configured. We recommend adding this setting. Falling back to ozone.metadata.dirs instead.
2021-08-10 07:01:14,823 [Time-limited test] WARN  db.DBStoreBuilder (DBStoreBuilder.java:applyDBDefinition(145)) - ozone.scm.db.dirs is not configured. We recommend adding this setting. Falling back to ozone.metadata.dirs instead.
2021-08-10 07:01:14,979 [Time-limited test] INFO  net.NodeSchemaLoader (NodeSchemaLoader.java:loadSchemaFromFile(129)) - Loading schema from [jar:file:/home/runner/.m2/repository/org/apache/ozone/hdds-common/1.2.0-SNAPSHOT/hdds-common-1.2.0-SNAPSHOT.jar!/network-topology-default.xml]
2021-08-10 07:01:14,980 [Time-limited test] INFO  net.NodeSchemaLoader (NodeSchemaLoader.java:loadSchema(176)) - Loading network topology layer schema file
2021-08-10 07:01:14,995 [Time-limited test] INFO  ha.SequenceIdGenerator (SequenceIdGenerator.java:upgradeToSequenceId(327)) - upgrade localId to 107544261427200000
2021-08-10 07:01:14,997 [Time-limited test] INFO  ha.SequenceIdGenerator (SequenceIdGenerator.java:upgradeToSequenceId(337)) - upgrade delTxnId to 0
2021-08-10 07:01:14,997 [Time-limited test] INFO  ha.SequenceIdGenerator (SequenceIdGenerator.java:upgradeToSequenceId(351)) - upgrade containerId to 0
2021-08-10 07:01:14,997 [Time-limited test] INFO  ha.SequenceIdGenerator (SequenceIdGenerator.java:<init>(217)) - Init the HA SequenceIdGenerator.
2021-08-10 07:01:14,998 [Time-limited test] WARN  server.ServerUtils (ServerUtils.java:sanitizeUserArgs(73)) - ozone.scm.stale.node.interval value = 300000 is larger than max = 100000 based on the key value of ozone.scm.heartbeat.thread.interval, reset to the max value 100000.
2021-08-10 07:01:14,998 [Time-limited test] WARN  server.ServerUtils (ServerUtils.java:sanitizeUserArgs(73)) - ozone.scm.stale.node.interval value = 300000 is larger than max = 100000 based on the key value of ozone.scm.heartbeat.thread.interval, reset to the max value 100000.
2021-08-10 07:01:15,000 [Time-limited test] INFO  node.SCMNodeManager (SCMNodeManager.java:<init>(145)) - Entering startup safe mode.
2021-08-10 07:01:15,001 [Time-limited test] INFO  algorithms.ContainerPlacementPolicyFactory (ContainerPlacementPolicyFactory.java:getPolicy(60)) - Create container placement policy of type org.apache.hadoop.hdds.scm.container.placement.algorithms.SCMContainerPlacementRandom
2021-08-10 07:01:15,001 [Time-limited test] INFO  pipeline.PipelineStateManager (PipelineStateManagerV2Impl.java:initialize(78)) - No pipeline exists in current db
2021-08-10 07:01:15,001 [Time-limited test] INFO  algorithms.LeaderChoosePolicyFactory (LeaderChoosePolicyFactory.java:getPolicy(57)) - Create leader choose policy of type org.apache.hadoop.hdds.scm.pipeline.leader.choose.algorithms.MinLeaderCountChoosePolicy
2021-08-10 07:01:15,004 [Time-limited test] INFO  ha.SCMServiceManager (SCMServiceManager.java:register(43)) - Registering service BackgroundPipelineCreator.
2021-08-10 07:01:15,004 [Time-limited test] INFO  pipeline.BackgroundPipelineCreator (BackgroundPipelineCreatorV2.java:start(130)) - Starting RatisPipelineUtilsThread.
2021-08-10 07:01:15,009 [Time-limited test] INFO  algorithms.PipelineChoosePolicyFactory (PipelineChoosePolicyFactory.java:createPipelineChoosePolicyFromClass(73)) - Create pipeline choose policy of type org.apache.hadoop.hdds.scm.pipeline.choose.algorithms.RandomPipelineChoosePolicy
2021-08-10 07:01:15,009 [Time-limited test] INFO  ha.SCMServiceManager (SCMServiceManager.java:register(43)) - Registering service SCMBlockDeletingService.
2021-08-10 07:01:15,010 [Time-limited test] INFO  ha.SCMServiceManager (SCMServiceManager.java:register(43)) - Registering service ReplicationManager.
2021-08-10 07:01:15,010 [Time-limited test] INFO  container.ReplicationManager (ReplicationManager.java:start(286)) - Starting Replication Monitor Thread.
2021-08-10 07:01:15,032 [Time-limited test] INFO  safemode.ContainerSafeModeRule (ContainerSafeModeRule.java:<init>(89)) - containers with one replica threshold count 0
2021-08-10 07:01:15,032 [Time-limited test] INFO  safemode.HealthyPipelineSafeModeRule (HealthyPipelineSafeModeRule.java:initializeRule(156)) - Total pipeline count is 0, healthy pipeline threshold count is 1
2021-08-10 07:01:15,032 [Time-limited test] INFO  safemode.OneReplicaPipelineSafeModeRule (OneReplicaPipelineSafeModeRule.java:initializeRule(180)) - Total pipeline count is 0, pipeline's with at least one datanode reported threshold count is 0
2021-08-10 07:01:15,033 [ReplicationMonitor] INFO  container.ReplicationManager (ReplicationManager.java:processAll(341)) - Replication Monitor Thread took 0 milliseconds for processing 0 containers.
2021-08-10 07:01:15,033 [Time-limited test] INFO  ipc.CallQueueManager (CallQueueManager.java:<init>(90)) - Using callQueue: class java.util.concurrent.LinkedBlockingQueue, queueCapacity: 2000, scheduler: class org.apache.hadoop.ipc.DefaultRpcScheduler, ipcBackoff: false.
2021-08-10 07:01:15,035 [Socket Reader #1 for port 0] INFO  ipc.Server (Server.java:run(1265)) - Starting Socket Reader #1 for port 0
2021-08-10 07:01:15,036 [Listener at 0.0.0.0/46815] INFO  ipc.CallQueueManager (CallQueueManager.java:<init>(90)) - Using callQueue: class java.util.concurrent.LinkedBlockingQueue, queueCapacity: 2000, scheduler: class org.apache.hadoop.ipc.DefaultRpcScheduler, ipcBackoff: false.
2021-08-10 07:01:15,037 [Socket Reader #1 for port 0] INFO  ipc.Server (Server.java:run(1265)) - Starting Socket Reader #1 for port 0
2021-08-10 07:01:15,037 [Listener at 0.0.0.0/42807] INFO  ipc.CallQueueManager (CallQueueManager.java:<init>(90)) - Using callQueue: class java.util.concurrent.LinkedBlockingQueue, queueCapacity: 2000, scheduler: class org.apache.hadoop.ipc.DefaultRpcScheduler, ipcBackoff: false.
2021-08-10 07:01:15,041 [Socket Reader #1 for port 0] INFO  ipc.Server (Server.java:run(1265)) - Starting Socket Reader #1 for port 0
2021-08-10 07:01:15,108 [Listener at 0.0.0.0/38085] INFO  server.StorageContainerManager (StorageContainerManager.java:<init>(380)) - 
Container Balancer status:
Key                            Value
Running                        true
Container Balancer Configuration values:
Key                            Value
Threshold                      0.1
Max Datanodes to Balance       5
Max Size to Move               10737418240B

2021-08-10 07:01:15,109 [Listener at 0.0.0.0/38085] WARN  events.EventQueue (EventQueue.java:fireEvent(194)) - No event handler registered for event TypedEvent{payloadType=SafeModeStatus, name='Safe mode status'}
2021-08-10 07:01:15,109 [Listener at 0.0.0.0/38085] INFO  ha.SCMContext (SCMContext.java:updateSafeModeStatus(205)) - Update SafeModeStatus from SafeModeStatus{safeModeStatus=true, preCheckPassed=false} to SafeModeStatus{safeModeStatus=true, preCheckPassed=false}.
2021-08-10 07:01:15,109 [Listener at 0.0.0.0/38085] INFO  server.StorageContainerManager (StorageContainerManager.java:start(1246)) - StorageContainerLocationProtocol RPC server is listening at /0.0.0.0:38085
2021-08-10 07:01:15,110 [Listener at 0.0.0.0/38085] WARN  impl.MetricsConfig (MetricsConfig.java:loadFirst(136)) - Cannot locate configuration: tried hadoop-metrics2-storagecontainermanager.properties,hadoop-metrics2.properties
2021-08-10 07:01:15,115 [Listener at 0.0.0.0/38085] INFO  impl.MetricsSystemImpl (MetricsSystemImpl.java:startTimer(378)) - Scheduled Metric snapshot period at 10 second(s).
2021-08-10 07:01:15,115 [Listener at 0.0.0.0/38085] INFO  impl.MetricsSystemImpl (MetricsSystemImpl.java:start(191)) - StorageContainerManager metrics system started
2021-08-10 07:01:15,181 [Listener at 0.0.0.0/38085] INFO  impl.MetricsSinkAdapter (MetricsSinkAdapter.java:start(204)) - Sink prometheus started
2021-08-10 07:01:15,182 [Listener at 0.0.0.0/38085] INFO  impl.MetricsSystemImpl (MetricsSystemImpl.java:registerSink(305)) - Registered sink prometheus
2021-08-10 07:01:15,231 [Listener at 0.0.0.0/38085] INFO  server.SCMClientProtocolServer (SCMClientProtocolServer.java:start(165)) - RPC server for Client  is listening at /0.0.0.0:38085
2021-08-10 07:01:15,245 [IPC Server Responder] INFO  ipc.Server (Server.java:run(1507)) - IPC Server Responder: starting
2021-08-10 07:01:15,245 [IPC Server listener on 0] INFO  ipc.Server (Server.java:run(1344)) - IPC Server listener on 0: starting
2021-08-10 07:01:15,282 [Listener at 0.0.0.0/38085] INFO  server.StorageContainerManager (StorageContainerManager.java:start(1261)) - ScmBlockLocationProtocol RPC server is listening at /0.0.0.0:42807
2021-08-10 07:01:15,294 [Listener at 0.0.0.0/38085] INFO  server.SCMBlockProtocolServer (SCMBlockProtocolServer.java:start(151)) - RPC server for Block Protocol is listening at /0.0.0.0:42807
2021-08-10 07:01:15,296 [IPC Server Responder] INFO  ipc.Server (Server.java:run(1507)) - IPC Server Responder: starting
2021-08-10 07:01:15,312 [IPC Server listener on 0] INFO  ipc.Server (Server.java:run(1344)) - IPC Server listener on 0: starting
2021-08-10 07:01:15,314 [Listener at 0.0.0.0/38085] INFO  server.StorageContainerManager (StorageContainerManager.java:start(1267)) - ScmDatanodeProtocl RPC server is listening at /0.0.0.0:46815
2021-08-10 07:01:15,314 [Listener at 0.0.0.0/38085] INFO  server.SCMDatanodeProtocolServer (SCMDatanodeProtocolServer.java:start(181)) - RPC server for DataNodes is listening at /0.0.0.0:46815
2021-08-10 07:01:15,314 [IPC Server Responder] INFO  ipc.Server (Server.java:run(1507)) - IPC Server Responder: starting
2021-08-10 07:01:15,314 [IPC Server listener on 0] INFO  ipc.Server (Server.java:run(1344)) - IPC Server listener on 0: starting
2021-08-10 07:01:15,365 [Listener at 0.0.0.0/38085] INFO  http.BaseHttpServer (BaseHttpServer.java:newHttpServer2BuilderForOzone(209)) - Starting Web-server for scm at: http://0.0.0.0:0
2021-08-10 07:01:15,365 [Listener at 0.0.0.0/38085] INFO  http.BaseHttpServer (BaseHttpServer.java:<init>(107)) - Hadoop Security Enabled: false Ozone Security Enabled: false Ozone HTTP Security Enabled: false 
2021-08-10 07:01:15,367 [Listener at 0.0.0.0/38085] INFO  server.AuthenticationFilter (AuthenticationFilter.java:constructSecretProvider(240)) - Unable to initialize FileSignerSecretProvider, falling back to use random secrets.
2021-08-10 07:01:15,368 [Listener at 0.0.0.0/38085] WARN  http.HttpRequestLog (HttpRequestLog.java:getRequestLog(103)) - Jetty request log can only be enabled using Log4j
2021-08-10 07:01:15,369 [Listener at 0.0.0.0/38085] INFO  http.HttpServer2 (HttpServer2.java:addGlobalFilter(1020)) - Added global filter 'safety' (class=org.apache.hadoop.hdds.server.http.HttpServer2$QuotingInputFilter)
2021-08-10 07:01:15,369 [Listener at 0.0.0.0/38085] INFO  http.HttpServer2 (HttpServer2.java:addFilter(996)) - Added filter static_user_filter (class=org.apache.hadoop.http.lib.StaticUserWebFilter$StaticUserFilter) to context scm
2021-08-10 07:01:15,369 [Listener at 0.0.0.0/38085] INFO  http.HttpServer2 (HttpServer2.java:addFilter(1004)) - Added filter static_user_filter (class=org.apache.hadoop.http.lib.StaticUserWebFilter$StaticUserFilter) to context static
2021-08-10 07:01:15,369 [Listener at 0.0.0.0/38085] INFO  http.HttpServer2 (HttpServer2.java:addFilter(1004)) - Added filter static_user_filter (class=org.apache.hadoop.http.lib.StaticUserWebFilter$StaticUserFilter) to context logs
2021-08-10 07:01:15,370 [Listener at 0.0.0.0/38085] INFO  http.HttpServer2 (HttpServer2.java:bindListener(1239)) - Jetty bound to port 33549
2021-08-10 07:01:15,370 [Listener at 0.0.0.0/38085] INFO  server.Server (Server.java:doStart(375)) - jetty-9.4.43.v20210629; built: 2021-06-30T11:07:22.254Z; git: 526006ecfa3af7f1a27ef3a288e2bef7ea9dd7e8; jvm 1.8.0_292-b10
2021-08-10 07:01:15,373 [Listener at 0.0.0.0/38085] INFO  server.session (DefaultSessionIdManager.java:doStart(334)) - DefaultSessionIdManager workerName=node0
2021-08-10 07:01:15,373 [Listener at 0.0.0.0/38085] INFO  server.session (DefaultSessionIdManager.java:doStart(339)) - No SessionScavenger set, using defaults
2021-08-10 07:01:15,373 [Listener at 0.0.0.0/38085] INFO  server.session (HouseKeeper.java:startScavenging(132)) - node0 Scavenging every 600000ms
2021-08-10 07:01:15,374 [Listener at 0.0.0.0/38085] INFO  handler.ContextHandler (ContextHandler.java:doStart(915)) - Started o.e.j.s.ServletContextHandler@7f1c2819{logs,/logs,file:///home/runner/work/ozone/ozone/hadoop-ozone/integration-test/target/log,AVAILABLE}
2021-08-10 07:01:15,374 [Listener at 0.0.0.0/38085] INFO  handler.ContextHandler (ContextHandler.java:doStart(915)) - Started o.e.j.s.ServletContextHandler@2af52d97{static,/static,file:///home/runner/work/ozone/ozone/hadoop-ozone/integration-test/target/test-classes/webapps/static,AVAILABLE}
2021-08-10 07:01:15,377 [org.apache.hadoop.util.JvmPauseMonitor$Monitor@71304cf9] INFO  util.JvmPauseMonitor (JvmPauseMonitor.java:run(188)) - Starting JVM pause monitor
2021-08-10 07:01:15,394 [Listener at 0.0.0.0/38085] INFO  handler.ContextHandler (ContextHandler.java:doStart(915)) - Started o.e.j.w.WebAppContext@6639ee32{scm,/,file:///home/runner/work/ozone/ozone/hadoop-ozone/integration-test/target/test-classes/webapps/scm/,AVAILABLE}{file:/home/runner/work/ozone/ozone/hadoop-ozone/integration-test/target/test-classes/webapps/scm}
2021-08-10 07:01:15,397 [Listener at 0.0.0.0/38085] INFO  server.AbstractConnector (AbstractConnector.java:doStart(331)) - Started ServerConnector@3bbad958{HTTP/1.1, (http/1.1)}{0.0.0.0:33549}
2021-08-10 07:01:15,397 [Listener at 0.0.0.0/38085] INFO  server.Server (Server.java:doStart(415)) - Started @108895ms
2021-08-10 07:01:15,397 [Listener at 0.0.0.0/38085] WARN  impl.MetricsSystemImpl (MetricsSystemImpl.java:register(279)) - Sink prometheus already exists!
2021-08-10 07:01:15,398 [Listener at 0.0.0.0/38085] INFO  http.BaseHttpServer (BaseHttpServer.java:updateConnectorAddress(329)) - HTTP server of scm listening at http://0.0.0.0:33549
2021-08-10 07:01:15,398 [Listener at 0.0.0.0/38085] WARN  server.ServerUtils (ServerUtils.java:getDBPath(225)) - ozone.om.db.dirs is not configured. We recommend adding this setting. Falling back to ozone.metadata.dirs instead.
2021-08-10 07:01:15,400 [Listener at 0.0.0.0/38085] INFO  ha.OMHANodeDetails (OMHANodeDetails.java:loadOMHAConfig(112)) - ozone.om.internal.service.id is not defined, falling back to ozone.om.service.ids to find serviceID for OzoneManager if it is HA enabled cluster
2021-08-10 07:01:15,400 [Listener at 0.0.0.0/38085] INFO  ha.OMHANodeDetails (OMHANodeDetails.java:loadOMHAConfig(219)) - Configuration does not have ozone.om.address set. Falling back to the default OM address /127.0.0.1:0
2021-08-10 07:01:15,400 [Listener at 0.0.0.0/38085] INFO  ha.OMHANodeDetails (OMHANodeDetails.java:getOMNodeDetails(247)) - OM Service ID is not set. Setting it to the default ID: omServiceIdDefault
2021-08-10 07:01:15,400 [Listener at 0.0.0.0/38085] INFO  ha.OMHANodeDetails (OMHANodeDetails.java:getOMNodeDetails(254)) - OM Node ID is not set. Setting it to the default ID: om1
2021-08-10 07:01:15,400 [Listener at 0.0.0.0/38085] WARN  server.ServerUtils (ServerUtils.java:getDBPath(225)) - ozone.om.db.dirs is not configured. We recommend adding this setting. Falling back to ozone.metadata.dirs instead.
2021-08-10 07:01:15,402 [Listener at 0.0.0.0/38085] INFO  upgrade.AbstractLayoutVersionManager (AbstractLayoutVersionManager.java:init(70)) - Initializing Layout version manager with metadata layout = INITIAL_VERSION (version = 0), software layout = INITIAL_VERSION (version = 0)
2021-08-10 07:01:15,519 [Listener at 0.0.0.0/38085] INFO  reflections.Reflections (Reflections.java:scan(232)) - Reflections took 116 ms to scan 2 urls, producing 131 keys and 342 values [using 2 cores]
2021-08-10 07:01:15,520 [Listener at 0.0.0.0/38085] INFO  upgrade.OMLayoutVersionManager (OMLayoutVersionManager.java:lambda$0(116)) - Skipping Upgrade Action MockOmUpgradeAction since it has been finalized.
2021-08-10 07:01:15,520 [Listener at 0.0.0.0/38085] WARN  server.ServerUtils (ServerUtils.java:getDBPath(225)) - ozone.om.db.dirs is not configured. We recommend adding this setting. Falling back to ozone.metadata.dirs instead.
2021-08-10 07:01:15,558 [Listener at 0.0.0.0/38085] WARN  server.ServerUtils (ServerUtils.java:getDBPath(225)) - ozone.om.db.dirs is not configured. We recommend adding this setting. Falling back to ozone.metadata.dirs instead.
2021-08-10 07:01:15,560 [Listener at 0.0.0.0/38085] INFO  codec.OmKeyInfoCodec (OmKeyInfoCodec.java:<init>(51)) - OmKeyInfoCodec ignorePipeline = true
2021-08-10 07:01:15,560 [Listener at 0.0.0.0/38085] INFO  codec.RepeatedOmKeyInfoCodec (RepeatedOmKeyInfoCodec.java:<init>(42)) - RepeatedOmKeyInfoCodec ignorePipeline = true
2021-08-10 07:01:15,808 [Listener at 0.0.0.0/38085] INFO  om.OzoneManager (OzoneManager.java:addS3GVolumeToDB(4084)) - Created Volume s3v With Owner runner required for S3Gateway operations.
2021-08-10 07:01:15,808 [Listener at 0.0.0.0/38085] WARN  server.ServerUtils (ServerUtils.java:getDefaultRatisDirectory(237)) - Storage directory for Ratis is not configured. It is a good idea to map this to an SSD disk. Falling back to ozone.metadata.dirs
2021-08-10 07:01:15,814 [Listener at 0.0.0.0/38085] WARN  utils.OzoneManagerRatisUtils (OzoneManagerRatisUtils.java:getOMRatisSnapshotDirectory(391)) - ozone.om.ratis.snapshot.dir is not configured. Falling back to ozone.metadata.dirs config
2021-08-10 07:01:15,814 [Listener at 0.0.0.0/38085] WARN  impl.MetricRegistriesImpl (MetricRegistriesImpl.java:addReporterRegistration(111)) - New reporters are added after registries were created. Some metrics will be missing from the reporter. Please add reporter before adding any new registry.
2021-08-10 07:01:15,814 [Listener at 0.0.0.0/38085] WARN  impl.MetricRegistriesImpl (MetricRegistriesImpl.java:addReporterRegistration(111)) - New reporters are added after registries were created. Some metrics will be missing from the reporter. Please add reporter before adding any new registry.
2021-08-10 07:01:15,814 [Listener at 0.0.0.0/38085] WARN  server.ServerUtils (ServerUtils.java:getDefaultRatisDirectory(237)) - Storage directory for Ratis is not configured. It is a good idea to map this to an SSD disk. Falling back to ozone.metadata.dirs
2021-08-10 07:01:15,825 [Listener at 0.0.0.0/38085] INFO  ratis.OzoneManagerRatisServer (OzoneManagerRatisServer.java:<init>(158)) - Instantiating OM Ratis server with groupID: omServiceIdDefault and peers: localhost:9872
2021-08-10 07:01:15,826 [Listener at 0.0.0.0/38085] INFO  ratis.OzoneManagerStateMachine (OzoneManagerStateMachine.java:loadSnapshotInfoFromDB(605)) - LastAppliedIndex is set from TransactionInfo from OM DB as (t:0, i:~)
2021-08-10 07:01:15,828 [Listener at 0.0.0.0/38085] INFO  server.RaftServer (ConfUtils.java:logGet(44)) - raft.rpc.type = GRPC (default)
2021-08-10 07:01:15,828 [Listener at 0.0.0.0/38085] INFO  grpc.GrpcFactory (GrpcFactory.java:checkPooledByteBufAllocatorUseCacheForAllThreads(48)) - PERFORMANCE WARNING: useCacheForAllThreads is true that may cause Netty to create a lot garbage objects and, as a result, trigger GC.
	It is recommended to disable useCacheForAllThreads by setting -Dorg.apache.ratis.thirdparty.io.netty.allocator.useCacheForAllThreads=false in command line.
2021-08-10 07:01:15,829 [Listener at 0.0.0.0/38085] INFO  grpc.GrpcConfigKeys (ConfUtils.java:logGet(44)) - raft.grpc.admin.port = -1 (default)
2021-08-10 07:01:15,829 [Listener at 0.0.0.0/38085] INFO  grpc.GrpcConfigKeys (ConfUtils.java:logGet(44)) - raft.grpc.server.port = 9872 (custom)
2021-08-10 07:01:15,829 [Listener at 0.0.0.0/38085] INFO  grpc.GrpcConfigKeys (ConfUtils.java:logGet(44)) - raft.grpc.client.port = -1 (default)
2021-08-10 07:01:15,829 [Listener at 0.0.0.0/38085] INFO  grpc.GrpcConfigKeys (ConfUtils.java:logGet(44)) - raft.grpc.server.port = 9872 (custom)
2021-08-10 07:01:15,829 [Listener at 0.0.0.0/38085] INFO  grpc.GrpcConfigKeys (ConfUtils.java:logGet(44)) - raft.grpc.server.port = 9872 (custom)
2021-08-10 07:01:15,829 [Listener at 0.0.0.0/38085] INFO  server.GrpcService (ConfUtils.java:logGet(44)) - raft.grpc.message.size.max = 33554432 (custom)
2021-08-10 07:01:15,829 [Listener at 0.0.0.0/38085] INFO  server.RaftServerConfigKeys (ConfUtils.java:logGet(44)) - raft.server.log.appender.buffer.byte-limit = 33554432 (custom)
2021-08-10 07:01:15,829 [Listener at 0.0.0.0/38085] INFO  server.GrpcService (ConfUtils.java:logGet(44)) - raft.grpc.flow.control.window = 1MB (=1048576) (default)
2021-08-10 07:01:15,830 [Listener at 0.0.0.0/38085] INFO  server.RaftServerConfigKeys (ConfUtils.java:logGet(44)) - raft.server.rpc.request.timeout = 3000ms (default)
2021-08-10 07:01:15,831 [Listener at 0.0.0.0/38085] INFO  impl.DataStreamServerImpl (ConfUtils.java:logGet(44)) - raft.datastream.type = DISABLED (default)
2021-08-10 07:01:15,831 [Listener at 0.0.0.0/38085] INFO  server.RaftServerConfigKeys (ConfUtils.java:logGet(44)) - raft.server.rpc.slowness.timeout = 120s (custom)
2021-08-10 07:01:15,832 [Listener at 0.0.0.0/38085] INFO  server.RaftServerConfigKeys (ConfUtils.java:logGet(44)) - raft.server.leaderelection.leader.step-down.wait-time = 10s (default)
2021-08-10 07:01:15,832 [Listener at 0.0.0.0/38085] INFO  server.RaftServerConfigKeys (ConfUtils.java:logGet(44)) - raft.server.storage.dir = [/home/runner/work/ozone/ozone/hadoop-ozone/integration-test/target/test-dir/MiniOzoneClusterImpl-fdc8fd63-cfc3-45c6-b077-7c3a44cbc127/ozone-meta/ratis] (custom)
2021-08-10 07:01:15,834 [Listener at 0.0.0.0/38085] INFO  server.RaftServer (RaftServerProxy.java:addNew(95)) - om1: addNew group-C5BA1605619E:[om1|rpc:localhost:9872|priority:0] returns group-C5BA1605619E:java.util.concurrent.CompletableFuture@50defab0[Not completed]
2021-08-10 07:01:15,834 [Listener at 0.0.0.0/38085] INFO  om.OzoneManager (OzoneManager.java:initializeRatisServer(1542)) - OzoneManager Ratis server initialized at port 9872
2021-08-10 07:01:15,836 [Listener at 0.0.0.0/38085] INFO  ipc.CallQueueManager (CallQueueManager.java:<init>(90)) - Using callQueue: class java.util.concurrent.LinkedBlockingQueue, queueCapacity: 2000, scheduler: class org.apache.hadoop.ipc.DefaultRpcScheduler, ipcBackoff: false.
2021-08-10 07:01:15,837 [pool-355-thread-1] INFO  server.RaftServer$Division (RaftServerImpl.java:<init>(181)) - om1: new RaftServerImpl for group-C5BA1605619E:[om1|rpc:localhost:9872|priority:0] with OzoneManagerStateMachine:uninitialized
2021-08-10 07:01:15,837 [Socket Reader #1 for port 0] INFO  ipc.Server (Server.java:run(1265)) - Starting Socket Reader #1 for port 0
2021-08-10 07:01:15,849 [pool-355-thread-1] INFO  server.RaftServerConfigKeys (ConfUtils.java:logGet(44)) - raft.server.rpc.timeout.min = 1s (custom)
2021-08-10 07:01:15,849 [pool-355-thread-1] INFO  server.RaftServerConfigKeys (ConfUtils.java:logGet(44)) - raft.server.rpc.timeout.max = 1200ms (custom)
2021-08-10 07:01:15,849 [pool-355-thread-1] INFO  server.RaftServerConfigKeys (ConfUtils.java:logGet(44)) - raft.server.rpc.sleep.time = 25ms (default)
2021-08-10 07:01:15,849 [pool-355-thread-1] INFO  server.RaftServerConfigKeys (ConfUtils.java:logGet(44)) - raft.server.rpc.slowness.timeout = 120s (custom)
2021-08-10 07:01:15,849 [pool-355-thread-1] INFO  server.RaftServerConfigKeys (ConfUtils.java:logGet(44)) - raft.server.leaderelection.leader.step-down.wait-time = 10s (default)
2021-08-10 07:01:15,849 [pool-355-thread-1] INFO  server.RaftServerConfigKeys (ConfUtils.java:logGet(44)) - raft.server.sleep.deviation.threshold = 300ms (default)
2021-08-10 07:01:15,849 [pool-355-thread-1] INFO  server.RaftServerConfigKeys (ConfUtils.java:logGet(44)) - raft.server.log.appender.install.snapshot.enabled = false (custom)
2021-08-10 07:01:15,849 [pool-355-thread-1] INFO  server.RaftServer$Division (ServerState.java:<init>(105)) - om1@group-C5BA1605619E: ConfigurationManager, init=-1: [om1|rpc:localhost:9872|priority:0], old=null, confs=<EMPTY_MAP>
2021-08-10 07:01:15,849 [pool-355-thread-1] INFO  server.RaftServerConfigKeys (ConfUtils.java:logGet(44)) - raft.server.storage.dir = [/home/runner/work/ozone/ozone/hadoop-ozone/integration-test/target/test-dir/MiniOzoneClusterImpl-fdc8fd63-cfc3-45c6-b077-7c3a44cbc127/ozone-meta/ratis] (custom)
2021-08-10 07:01:15,849 [pool-355-thread-1] INFO  server.RaftServerConfigKeys (ConfUtils.java:logGet(44)) - raft.server.log.corruption.policy = EXCEPTION (default)
2021-08-10 07:01:15,849 [pool-355-thread-1] INFO  server.RaftServerConfigKeys (ConfUtils.java:logGet(44)) - raft.server.storage.free-space.min = 0MB (=0) (default)
2021-08-10 07:01:15,850 [pool-355-thread-1] INFO  storage.RaftStorageDirectory (RaftStorageDirectoryImpl.java:analyzeStorage(135)) - The storage directory /home/runner/work/ozone/ozone/hadoop-ozone/integration-test/target/test-dir/MiniOzoneClusterImpl-fdc8fd63-cfc3-45c6-b077-7c3a44cbc127/ozone-meta/ratis/bf265839-605b-3f16-9796-c5ba1605619e does not exist. Creating ...
2021-08-10 07:01:15,852 [pool-355-thread-1] INFO  storage.RaftStorageDirectory (RaftStorageDirectoryImpl.java:tryLock(230)) - Lock on /home/runner/work/ozone/ozone/hadoop-ozone/integration-test/target/test-dir/MiniOzoneClusterImpl-fdc8fd63-cfc3-45c6-b077-7c3a44cbc127/ozone-meta/ratis/bf265839-605b-3f16-9796-c5ba1605619e/in_use.lock acquired by nodename 20789@fv-az148-688
2021-08-10 07:01:15,866 [Listener at 127.0.0.1/43351] INFO  om.OzoneManager (OzoneManager.java:initFSOLayout(4290)) - Configured ozone.om.metadata.layout=SIMPLE and disabled optimized OM FS operations
2021-08-10 07:01:15,869 [pool-355-thread-1] INFO  storage.RaftStorage (RaftStorageImpl.java:format(89)) - Storage directory /home/runner/work/ozone/ozone/hadoop-ozone/integration-test/target/test-dir/MiniOzoneClusterImpl-fdc8fd63-cfc3-45c6-b077-7c3a44cbc127/ozone-meta/ratis/bf265839-605b-3f16-9796-c5ba1605619e has been successfully formatted.
2021-08-10 07:01:15,870 [pool-355-thread-1] INFO  server.RaftServerConfigKeys (ConfUtils.java:logGet(44)) - raft.server.notification.no-leader.timeout = 120s (custom)
2021-08-10 07:01:15,870 [pool-355-thread-1] INFO  server.RaftServerConfigKeys (ConfUtils.java:logGet(44)) - raft.server.log.use.memory = false (default)
2021-08-10 07:01:15,870 [pool-355-thread-1] INFO  server.RaftServerConfigKeys (ConfUtils.java:logGet(44)) - raft.server.log.purge.gap = 1000000 (custom)
2021-08-10 07:01:15,870 [pool-355-thread-1] INFO  server.RaftServerConfigKeys (ConfUtils.java:logGet(44)) - raft.server.log.appender.buffer.byte-limit = 33554432 (custom)
2021-08-10 07:01:15,870 [pool-355-thread-1] INFO  server.RaftServerConfigKeys (ConfUtils.java:logGet(44)) - raft.server.log.segment.size.max = 4194304 (custom)
2021-08-10 07:01:15,871 [pool-355-thread-1] INFO  server.RaftServerConfigKeys (ConfUtils.java:logGet(44)) - raft.server.log.segment.cache.num.max = 2 (custom)
2021-08-10 07:01:15,871 [pool-355-thread-1] INFO  server.RaftServerConfigKeys (ConfUtils.java:logGet(44)) - raft.server.log.segment.cache.size.max = 200MB (=209715200) (default)
2021-08-10 07:01:15,871 [pool-355-thread-1] INFO  segmented.SegmentedRaftLogWorker (SegmentedRaftLogWorker.java:<init>(182)) - new om1@group-C5BA1605619E-SegmentedRaftLogWorker for RaftStorageImpl:Storage Directory /home/runner/work/ozone/ozone/hadoop-ozone/integration-test/target/test-dir/MiniOzoneClusterImpl-fdc8fd63-cfc3-45c6-b077-7c3a44cbc127/ozone-meta/ratis/bf265839-605b-3f16-9796-c5ba1605619e
2021-08-10 07:01:15,871 [pool-355-thread-1] INFO  server.RaftServerConfigKeys (ConfUtils.java:logGet(44)) - raft.server.log.queue.byte-limit = 64MB (=67108864) (default)
2021-08-10 07:01:15,871 [pool-355-thread-1] INFO  server.RaftServerConfigKeys (ConfUtils.java:logGet(44)) - raft.server.log.queue.element-limit = 4096 (default)
2021-08-10 07:01:15,871 [pool-355-thread-1] INFO  server.RaftServerConfigKeys (ConfUtils.java:logGet(44)) - raft.server.log.segment.size.max = 4194304 (custom)
2021-08-10 07:01:15,871 [pool-355-thread-1] INFO  server.RaftServerConfigKeys (ConfUtils.java:logGet(44)) - raft.server.log.preallocated.size = 4194304 (custom)
2021-08-10 07:01:15,871 [pool-355-thread-1] INFO  server.RaftServerConfigKeys (ConfUtils.java:logGet(44)) - raft.server.log.force.sync.num = 128 (default)
2021-08-10 07:01:15,871 [pool-355-thread-1] INFO  server.RaftServerConfigKeys (ConfUtils.java:logGet(44)) - raft.server.log.statemachine.data.sync = true (default)
2021-08-10 07:01:15,871 [pool-355-thread-1] INFO  server.RaftServerConfigKeys (ConfUtils.java:logGet(44)) - raft.server.log.statemachine.data.sync.timeout = 10s (default)
2021-08-10 07:01:15,871 [pool-355-thread-1] INFO  server.RaftServerConfigKeys (ConfUtils.java:logGet(44)) - raft.server.log.statemachine.data.sync.timeout.retry = -1 (default)
2021-08-10 07:01:15,872 [pool-355-thread-1] INFO  server.RaftServerConfigKeys (ConfUtils.java:logGet(44)) - raft.server.log.write.buffer.size = 64KB (=65536) (default)
2021-08-10 07:01:15,872 [pool-355-thread-1] INFO  server.RaftServerConfigKeys (ConfUtils.java:logGet(44)) - raft.server.log.statemachine.data.caching.enabled = false (default)
2021-08-10 07:01:15,872 [pool-355-thread-1] INFO  segmented.SegmentedRaftLogWorker (SegmentedRaftLogWorker.java:lambda$new$0(133)) - om1@group-C5BA1605619E-SegmentedRaftLogWorker: flushIndex: setUnconditionally 0 -> -1
2021-08-10 07:01:15,872 [pool-355-thread-1] INFO  segmented.SegmentedRaftLogWorker (SegmentedRaftLogWorker.java:lambda$new$0(133)) - om1@group-C5BA1605619E-SegmentedRaftLogWorker: safeCacheEvictIndex: setUnconditionally 0 -> -1
2021-08-10 07:01:15,872 [pool-355-thread-1] INFO  server.RaftServerConfigKeys (ConfUtils.java:logGet(44)) - raft.server.snapshot.auto.trigger.enabled = true (custom)
2021-08-10 07:01:15,872 [pool-355-thread-1] INFO  server.RaftServerConfigKeys (ConfUtils.java:logGet(44)) - raft.server.snapshot.auto.trigger.threshold = 400000 (default)
2021-08-10 07:01:15,872 [pool-355-thread-1] INFO  server.RaftServerConfigKeys (ConfUtils.java:logGet(44)) - raft.server.snapshot.retention.file.num = -1 (default)
2021-08-10 07:01:15,872 [pool-355-thread-1] INFO  server.RaftServerConfigKeys (ConfUtils.java:logGet(44)) - raft.server.log.purge.upto.snapshot.index = true (custom)
2021-08-10 07:01:15,872 [pool-355-thread-1] INFO  server.RaftServerConfigKeys (ConfUtils.java:logGet(44)) - raft.server.retrycache.expirytime = 300s (custom)
2021-08-10 07:01:15,872 [pool-355-thread-1] INFO  server.RaftServerConfigKeys (ConfUtils.java:logGet(44)) - raft.server.retrycache.statistics.expirytime = 100μs (default)
2021-08-10 07:01:15,888 [Listener at 127.0.0.1/43351] INFO  impl.MetricsSystemImpl (MetricsSystemImpl.java:init(158)) - OzoneManager metrics system started (again)
2021-08-10 07:01:15,921 [Listener at 127.0.0.1/43351] INFO  om.OzoneManager (OzoneManager.java:start(1239)) - OzoneManager RPC server is listening at localhost/127.0.0.1:43351
2021-08-10 07:01:15,921 [Listener at 127.0.0.1/43351] INFO  ratis.OzoneManagerRatisServer (OzoneManagerRatisServer.java:start(516)) - Starting OzoneManagerRatisServer om1 at port 9872
2021-08-10 07:01:15,921 [Listener at 127.0.0.1/43351] INFO  server.RaftServer$Division (RaftServerImpl.java:start(296)) - om1@group-C5BA1605619E: start as a follower, conf=-1: [om1|rpc:localhost:9872|priority:0], old=null
2021-08-10 07:01:15,921 [Listener at 127.0.0.1/43351] INFO  server.RaftServer$Division (RaftServerImpl.java:setRole(285)) - om1@group-C5BA1605619E: changes role from      null to FOLLOWER at term 0 for startAsFollower
2021-08-10 07:01:15,921 [Listener at 127.0.0.1/43351] INFO  impl.RoleInfo (RoleInfo.java:updateAndGet(130)) - om1: start om1@group-C5BA1605619E-FollowerState
2021-08-10 07:01:15,921 [Listener at 127.0.0.1/43351] INFO  util.JmxRegister (JmxRegister.java:tryRegister(44)) - Successfully registered JMX Bean with object name Ratis:service=RaftServer,group=group-C5BA1605619E,id=om1
2021-08-10 07:01:15,935 [Listener at 127.0.0.1/43351] INFO  server.RaftServer (RaftServerProxy.java:lambda$start$5(374)) - om1: start RPC server
2021-08-10 07:01:15,941 [Listener at 127.0.0.1/43351] INFO  server.GrpcService (GrpcService.java:startImpl(253)) - om1: GrpcService started, listening on 9872
2021-08-10 07:01:15,947 [Listener at 127.0.0.1/43351] INFO  om.OzoneManager (OzoneManager.java:start(1257)) - Version File has different layout version (0) than OM DB (null). That is expected if this OM has never been finalized to a newer layout version.
2021-08-10 07:01:15,947 [org.apache.ratis.util.JvmPauseMonitor$$Lambda$531/1482834434@2175c4c1] INFO  util.JvmPauseMonitor (JvmPauseMonitor.java:run(103)) - JvmPauseMonitor-om1: Started
2021-08-10 07:01:15,976 [Listener at 127.0.0.1/43351] INFO  http.BaseHttpServer (BaseHttpServer.java:newHttpServer2BuilderForOzone(209)) - Starting Web-server for ozoneManager at: http://0.0.0.0:0
2021-08-10 07:01:15,977 [Listener at 127.0.0.1/43351] INFO  http.BaseHttpServer (BaseHttpServer.java:<init>(107)) - Hadoop Security Enabled: false Ozone Security Enabled: false Ozone HTTP Security Enabled: false 
2021-08-10 07:01:15,977 [Listener at 127.0.0.1/43351] INFO  server.AuthenticationFilter (AuthenticationFilter.java:constructSecretProvider(240)) - Unable to initialize FileSignerSecretProvider, falling back to use random secrets.
2021-08-10 07:01:15,983 [Listener at 127.0.0.1/43351] WARN  http.HttpRequestLog (HttpRequestLog.java:getRequestLog(103)) - Jetty request log can only be enabled using Log4j
2021-08-10 07:01:15,984 [Listener at 127.0.0.1/43351] INFO  http.HttpServer2 (HttpServer2.java:addGlobalFilter(1020)) - Added global filter 'safety' (class=org.apache.hadoop.hdds.server.http.HttpServer2$QuotingInputFilter)
2021-08-10 07:01:15,997 [Listener at 127.0.0.1/43351] INFO  http.HttpServer2 (HttpServer2.java:addFilter(996)) - Added filter static_user_filter (class=org.apache.hadoop.http.lib.StaticUserWebFilter$StaticUserFilter) to context ozoneManager
2021-08-10 07:01:15,997 [Listener at 127.0.0.1/43351] INFO  http.HttpServer2 (HttpServer2.java:addFilter(1004)) - Added filter static_user_filter (class=org.apache.hadoop.http.lib.StaticUserWebFilter$StaticUserFilter) to context logs
2021-08-10 07:01:15,998 [Listener at 127.0.0.1/43351] INFO  http.HttpServer2 (HttpServer2.java:addFilter(1004)) - Added filter static_user_filter (class=org.apache.hadoop.http.lib.StaticUserWebFilter$StaticUserFilter) to context static
2021-08-10 07:01:16,005 [Listener at 127.0.0.1/43351] INFO  http.HttpServer2 (HttpServer2.java:bindListener(1239)) - Jetty bound to port 35237
2021-08-10 07:01:16,005 [Listener at 127.0.0.1/43351] INFO  server.Server (Server.java:doStart(375)) - jetty-9.4.43.v20210629; built: 2021-06-30T11:07:22.254Z; git: 526006ecfa3af7f1a27ef3a288e2bef7ea9dd7e8; jvm 1.8.0_292-b10
2021-08-10 07:01:16,026 [Listener at 127.0.0.1/43351] INFO  server.session (DefaultSessionIdManager.java:doStart(334)) - DefaultSessionIdManager workerName=node0
2021-08-10 07:01:16,026 [Listener at 127.0.0.1/43351] INFO  server.session (DefaultSessionIdManager.java:doStart(339)) - No SessionScavenger set, using defaults
2021-08-10 07:01:16,027 [Listener at 127.0.0.1/43351] INFO  server.session (HouseKeeper.java:startScavenging(132)) - node0 Scavenging every 600000ms
2021-08-10 07:01:16,048 [Listener at 127.0.0.1/43351] INFO  handler.ContextHandler (ContextHandler.java:doStart(915)) - Started o.e.j.s.ServletContextHandler@77b5ff6c{logs,/logs,file:///home/runner/work/ozone/ozone/hadoop-ozone/integration-test/target/log,AVAILABLE}
2021-08-10 07:01:16,049 [Listener at 127.0.0.1/43351] INFO  handler.ContextHandler (ContextHandler.java:doStart(915)) - Started o.e.j.s.ServletContextHandler@1c3fee20{static,/static,file:///home/runner/work/ozone/ozone/hadoop-ozone/integration-test/target/test-classes/webapps/static,AVAILABLE}
2021-08-10 07:01:16,058 [Listener at 127.0.0.1/43351] INFO  handler.ContextHandler (ContextHandler.java:doStart(915)) - Started o.e.j.w.WebAppContext@717a2f41{ozoneManager,/,file:///home/runner/work/ozone/ozone/hadoop-ozone/integration-test/target/test-classes/webapps/ozoneManager/,AVAILABLE}{file:/home/runner/work/ozone/ozone/hadoop-ozone/integration-test/target/test-classes/webapps/ozoneManager}
2021-08-10 07:01:16,073 [Listener at 127.0.0.1/43351] INFO  server.AbstractConnector (AbstractConnector.java:doStart(331)) - Started ServerConnector@7327a2c9{HTTP/1.1, (http/1.1)}{0.0.0.0:35237}
2021-08-10 07:01:16,073 [Listener at 127.0.0.1/43351] INFO  server.Server (Server.java:doStart(415)) - Started @109572ms
2021-08-10 07:01:16,073 [Listener at 127.0.0.1/43351] WARN  impl.MetricsSystemImpl (MetricsSystemImpl.java:register(279)) - Sink prometheus already exists!
2021-08-10 07:01:16,074 [Listener at 127.0.0.1/43351] INFO  http.BaseHttpServer (BaseHttpServer.java:updateConnectorAddress(329)) - HTTP server of ozoneManager listening at http://0.0.0.0:35237
2021-08-10 07:01:16,079 [IPC Server Responder] INFO  ipc.Server (Server.java:run(1507)) - IPC Server Responder: starting
2021-08-10 07:01:16,086 [IPC Server listener on 0] INFO  ipc.Server (Server.java:run(1344)) - IPC Server listener on 0: starting
2021-08-10 07:01:16,104 [Listener at 127.0.0.1/43351] INFO  om.OzoneManager (OzoneManager.java:startTrashEmptier(1500)) - Trash Interval set to 0. Files deleted will not move to trash
2021-08-10 07:01:16,142 [Listener at 127.0.0.1/43351] WARN  impl.MetricRegistriesImpl (MetricRegistriesImpl.java:addReporterRegistration(111)) - New reporters are added after registries were created. Some metrics will be missing from the reporter. Please add reporter before adding any new registry.
2021-08-10 07:01:16,148 [Listener at 127.0.0.1/43351] WARN  impl.MetricRegistriesImpl (MetricRegistriesImpl.java:addReporterRegistration(111)) - New reporters are added after registries were created. Some metrics will be missing from the reporter. Please add reporter before adding any new registry.
2021-08-10 07:01:16,148 [Listener at 127.0.0.1/43351] INFO  impl.MetricsSystemImpl (MetricsSystemImpl.java:init(158)) - HddsDatanode metrics system started (again)
2021-08-10 07:01:16,148 [org.apache.hadoop.util.JvmPauseMonitor$Monitor@240d1072] INFO  util.JvmPauseMonitor (JvmPauseMonitor.java:run(188)) - Starting JVM pause monitor
2021-08-10 07:01:16,205 [Listener at 127.0.0.1/43351] INFO  ozone.HddsDatanodeService (HddsDatanodeService.java:start(234)) - HddsDatanodeService host:fv-az148-688.bm4ck3pvxvsene1rjriu5fhcdb.bx.internal.cloudapp.net ip:10.1.0.83
2021-08-10 07:01:16,258 [Listener at 127.0.0.1/43351] INFO  upgrade.AbstractLayoutVersionManager (AbstractLayoutVersionManager.java:init(70)) - Initializing Layout version manager with metadata layout = SCM_HA (version = 2), software layout = SCM_HA (version = 2)
2021-08-10 07:01:16,354 [Listener at 127.0.0.1/43351] INFO  reflections.Reflections (Reflections.java:scan(232)) - Reflections took 94 ms to scan 7 urls, producing 120 keys and 275 values 
2021-08-10 07:01:16,384 [Listener at 127.0.0.1/43351] INFO  volume.HddsVolume (HddsVolume.java:<init>(120)) - Creating HddsVolume: /home/runner/work/ozone/ozone/hadoop-ozone/integration-test/target/test-dir/MiniOzoneClusterImpl-fdc8fd63-cfc3-45c6-b077-7c3a44cbc127/datanode-0/data-0/containers/hdds of storage type : DISK capacity : 9223372036854775807
2021-08-10 07:01:16,384 [Listener at 127.0.0.1/43351] INFO  volume.MutableVolumeSet (MutableVolumeSet.java:initializeVolumeSet(181)) - Added Volume : /home/runner/work/ozone/ozone/hadoop-ozone/integration-test/target/test-dir/MiniOzoneClusterImpl-fdc8fd63-cfc3-45c6-b077-7c3a44cbc127/datanode-0/data-0/containers/hdds to VolumeSet
2021-08-10 07:01:16,384 [Listener at 127.0.0.1/43351] INFO  volume.ThrottledAsyncChecker (ThrottledAsyncChecker.java:schedule(141)) - Scheduling a check for /home/runner/work/ozone/ozone/hadoop-ozone/integration-test/target/test-dir/MiniOzoneClusterImpl-fdc8fd63-cfc3-45c6-b077-7c3a44cbc127/datanode-0/data-0/containers/hdds
2021-08-10 07:01:16,387 [Listener at 127.0.0.1/43351] INFO  volume.StorageVolumeChecker (StorageVolumeChecker.java:checkAllVolumes(202)) - Scheduled health check for volume /home/runner/work/ozone/ozone/hadoop-ozone/integration-test/target/test-dir/MiniOzoneClusterImpl-fdc8fd63-cfc3-45c6-b077-7c3a44cbc127/datanode-0/data-0/containers/hdds
2021-08-10 07:01:16,450 [Listener at 127.0.0.1/43351] INFO  volume.MutableVolumeSet (MutableVolumeSet.java:initializeVolumeSet(181)) - Added Volume : /home/runner/work/ozone/ozone/hadoop-ozone/integration-test/target/test-dir/MiniOzoneClusterImpl-fdc8fd63-cfc3-45c6-b077-7c3a44cbc127/datanode-0/data/ratis to VolumeSet
2021-08-10 07:01:16,450 [Listener at 127.0.0.1/43351] INFO  volume.ThrottledAsyncChecker (ThrottledAsyncChecker.java:schedule(141)) - Scheduling a check for /home/runner/work/ozone/ozone/hadoop-ozone/integration-test/target/test-dir/MiniOzoneClusterImpl-fdc8fd63-cfc3-45c6-b077-7c3a44cbc127/datanode-0/data/ratis
2021-08-10 07:01:16,450 [Listener at 127.0.0.1/43351] INFO  volume.StorageVolumeChecker (StorageVolumeChecker.java:checkAllVolumes(202)) - Scheduled health check for volume /home/runner/work/ozone/ozone/hadoop-ozone/integration-test/target/test-dir/MiniOzoneClusterImpl-fdc8fd63-cfc3-45c6-b077-7c3a44cbc127/datanode-0/data/ratis
2021-08-10 07:01:16,475 [Listener at 127.0.0.1/43351] INFO  ozoneimpl.ContainerReader (ContainerReader.java:<init>(98)) - Running in upgrade mode:true
2021-08-10 07:01:16,490 [Thread-896] INFO  ozoneimpl.ContainerReader (ContainerReader.java:readVolume(142)) - Start to verify containers on volume /home/runner/work/ozone/ozone/hadoop-ozone/integration-test/target/test-dir/MiniOzoneClusterImpl-fdc8fd63-cfc3-45c6-b077-7c3a44cbc127/datanode-0/data-0/containers/hdds
2021-08-10 07:01:16,490 [Thread-896] INFO  ozoneimpl.ContainerReader (ContainerReader.java:readVolume(174)) - Finish verifying containers on volume /home/runner/work/ozone/ozone/hadoop-ozone/integration-test/target/test-dir/MiniOzoneClusterImpl-fdc8fd63-cfc3-45c6-b077-7c3a44cbc127/datanode-0/data-0/containers/hdds
2021-08-10 07:01:16,490 [Listener at 127.0.0.1/43351] INFO  ozoneimpl.OzoneContainer (OzoneContainer.java:buildContainerSet(237)) - Build ContainerSet costs 0s
2021-08-10 07:01:16,500 [Listener at 127.0.0.1/43351] INFO  server.RaftServer (ConfUtils.java:logGet(44)) - raft.rpc.type = GRPC (default)
2021-08-10 07:01:16,501 [Listener at 127.0.0.1/43351] INFO  grpc.GrpcFactory (GrpcFactory.java:checkPooledByteBufAllocatorUseCacheForAllThreads(48)) - PERFORMANCE WARNING: useCacheForAllThreads is true that may cause Netty to create a lot garbage objects and, as a result, trigger GC.
	It is recommended to disable useCacheForAllThreads by setting -Dorg.apache.ratis.thirdparty.io.netty.allocator.useCacheForAllThreads=false in command line.
2021-08-10 07:01:16,501 [Listener at 127.0.0.1/43351] INFO  grpc.GrpcConfigKeys (ConfUtils.java:logGet(44)) - raft.grpc.admin.port = 0 (custom)
2021-08-10 07:01:16,501 [Listener at 127.0.0.1/43351] INFO  grpc.GrpcConfigKeys (ConfUtils.java:logGet(44)) - raft.grpc.client.port = 0 (custom)
2021-08-10 07:01:16,501 [Listener at 127.0.0.1/43351] INFO  grpc.GrpcConfigKeys (ConfUtils.java:logGet(44)) - raft.grpc.server.port = 0 (default)
2021-08-10 07:01:16,501 [Listener at 127.0.0.1/43351] INFO  server.GrpcService (ConfUtils.java:logGet(44)) - raft.grpc.message.size.max = 32MB (=33554432) (custom)
2021-08-10 07:01:16,501 [Listener at 127.0.0.1/43351] INFO  server.RaftServerConfigKeys (ConfUtils.java:logGet(44)) - raft.server.log.appender.buffer.byte-limit = 33554432 (custom)
2021-08-10 07:01:16,502 [Listener at 127.0.0.1/43351] INFO  server.GrpcService (ConfUtils.java:logGet(44)) - raft.grpc.flow.control.window = 5MB (=5242880) (custom)
2021-08-10 07:01:16,502 [Listener at 127.0.0.1/43351] INFO  server.RaftServerConfigKeys (ConfUtils.java:logGet(44)) - raft.server.rpc.request.timeout = 60s (custom)
2021-08-10 07:01:16,504 [Listener at 127.0.0.1/43351] INFO  impl.DataStreamServerImpl (ConfUtils.java:logGet(44)) - raft.datastream.type = DISABLED (default)
2021-08-10 07:01:16,512 [Listener at 127.0.0.1/43351] INFO  server.RaftServerConfigKeys (ConfUtils.java:logGet(44)) - raft.server.rpc.slowness.timeout = 300s (custom)
2021-08-10 07:01:16,512 [Listener at 127.0.0.1/43351] INFO  server.RaftServerConfigKeys (ConfUtils.java:logGet(44)) - raft.server.leaderelection.leader.step-down.wait-time = 10s (default)
2021-08-10 07:01:16,513 [Listener at 127.0.0.1/43351] INFO  server.RaftServerConfigKeys (ConfUtils.java:logGet(44)) - raft.server.storage.dir = [/home/runner/work/ozone/ozone/hadoop-ozone/integration-test/target/test-dir/MiniOzoneClusterImpl-fdc8fd63-cfc3-45c6-b077-7c3a44cbc127/datanode-0/data/ratis] (custom)
2021-08-10 07:01:16,526 [Listener at 127.0.0.1/43351] INFO  http.BaseHttpServer (BaseHttpServer.java:newHttpServer2BuilderForOzone(209)) - Starting Web-server for hddsDatanode at: http://0.0.0.0:0
2021-08-10 07:01:16,531 [Listener at 127.0.0.1/43351] INFO  http.BaseHttpServer (BaseHttpServer.java:<init>(107)) - Hadoop Security Enabled: false Ozone Security Enabled: false Ozone HTTP Security Enabled: false 
2021-08-10 07:01:16,550 [Listener at 127.0.0.1/43351] INFO  server.AuthenticationFilter (AuthenticationFilter.java:constructSecretProvider(240)) - Unable to initialize FileSignerSecretProvider, falling back to use random secrets.
2021-08-10 07:01:16,552 [Listener at 127.0.0.1/43351] WARN  http.HttpRequestLog (HttpRequestLog.java:getRequestLog(103)) - Jetty request log can only be enabled using Log4j
2021-08-10 07:01:16,553 [Listener at 127.0.0.1/43351] INFO  http.HttpServer2 (HttpServer2.java:addGlobalFilter(1020)) - Added global filter 'safety' (class=org.apache.hadoop.hdds.server.http.HttpServer2$QuotingInputFilter)
2021-08-10 07:01:16,554 [Listener at 127.0.0.1/43351] INFO  http.HttpServer2 (HttpServer2.java:addFilter(996)) - Added filter static_user_filter (class=org.apache.hadoop.http.lib.StaticUserWebFilter$StaticUserFilter) to context hddsDatanode
2021-08-10 07:01:16,554 [Listener at 127.0.0.1/43351] INFO  http.HttpServer2 (HttpServer2.java:addFilter(1004)) - Added filter static_user_filter (class=org.apache.hadoop.http.lib.StaticUserWebFilter$StaticUserFilter) to context logs
2021-08-10 07:01:16,554 [Listener at 127.0.0.1/43351] INFO  http.HttpServer2 (HttpServer2.java:addFilter(1004)) - Added filter static_user_filter (class=org.apache.hadoop.http.lib.StaticUserWebFilter$StaticUserFilter) to context static
2021-08-10 07:01:16,554 [Listener at 127.0.0.1/43351] INFO  http.HttpServer2 (HttpServer2.java:bindListener(1239)) - Jetty bound to port 42199
2021-08-10 07:01:16,554 [Listener at 127.0.0.1/43351] INFO  server.Server (Server.java:doStart(375)) - jetty-9.4.43.v20210629; built: 2021-06-30T11:07:22.254Z; git: 526006ecfa3af7f1a27ef3a288e2bef7ea9dd7e8; jvm 1.8.0_292-b10
2021-08-10 07:01:16,562 [Listener at 127.0.0.1/43351] INFO  server.session (DefaultSessionIdManager.java:doStart(334)) - DefaultSessionIdManager workerName=node0
2021-08-10 07:01:16,563 [Listener at 127.0.0.1/43351] INFO  server.session (DefaultSessionIdManager.java:doStart(339)) - No SessionScavenger set, using defaults
2021-08-10 07:01:16,563 [Listener at 127.0.0.1/43351] INFO  server.session (HouseKeeper.java:startScavenging(132)) - node0 Scavenging every 600000ms
2021-08-10 07:01:16,563 [Listener at 127.0.0.1/43351] INFO  handler.ContextHandler (ContextHandler.java:doStart(915)) - Started o.e.j.s.ServletContextHandler@367d53be{logs,/logs,file:///home/runner/work/ozone/ozone/hadoop-ozone/integration-test/target/log,AVAILABLE}
2021-08-10 07:01:16,564 [Listener at 127.0.0.1/43351] INFO  handler.ContextHandler (ContextHandler.java:doStart(915)) - Started o.e.j.s.ServletContextHandler@7c1c8bb1{static,/static,jar:file:/home/runner/.m2/repository/org/apache/ozone/hdds-container-service/1.2.0-SNAPSHOT/hdds-container-service-1.2.0-SNAPSHOT.jar!/webapps/static,AVAILABLE}
2021-08-10 07:01:16,626 [Listener at 127.0.0.1/43351] INFO  handler.ContextHandler (ContextHandler.java:doStart(915)) - Started o.e.j.w.WebAppContext@63483e8e{hddsDatanode,/,file:///tmp/jetty-0_0_0_0-42199-hdds-container-service-1_2_0-SNAPSHOT_jar-_-any-3362831488873858663/webapp/,AVAILABLE}{jar:file:/home/runner/.m2/repository/org/apache/ozone/hdds-container-service/1.2.0-SNAPSHOT/hdds-container-service-1.2.0-SNAPSHOT.jar!/webapps/hddsDatanode}
2021-08-10 07:01:16,644 [Listener at 127.0.0.1/43351] INFO  server.AbstractConnector (AbstractConnector.java:doStart(331)) - Started ServerConnector@5ea1b4a8{HTTP/1.1, (http/1.1)}{0.0.0.0:42199}
2021-08-10 07:01:16,644 [Listener at 127.0.0.1/43351] INFO  server.Server (Server.java:doStart(415)) - Started @110142ms
2021-08-10 07:01:16,644 [Listener at 127.0.0.1/43351] WARN  impl.MetricsSystemImpl (MetricsSystemImpl.java:register(279)) - Sink prometheus already exists!
2021-08-10 07:01:16,649 [Listener at 127.0.0.1/43351] INFO  http.BaseHttpServer (BaseHttpServer.java:updateConnectorAddress(329)) - HTTP server of hddsDatanode listening at http://0.0.0.0:42199
2021-08-10 07:01:16,658 [Listener at 127.0.0.1/43351] WARN  impl.MetricRegistriesImpl (MetricRegistriesImpl.java:addReporterRegistration(111)) - New reporters are added after registries were created. Some metrics will be missing from the reporter. Please add reporter before adding any new registry.
2021-08-10 07:01:16,658 [Listener at 127.0.0.1/43351] WARN  impl.MetricRegistriesImpl (MetricRegistriesImpl.java:addReporterRegistration(111)) - New reporters are added after registries were created. Some metrics will be missing from the reporter. Please add reporter before adding any new registry.
2021-08-10 07:01:16,658 [Listener at 127.0.0.1/43351] INFO  impl.MetricsSystemImpl (MetricsSystemImpl.java:init(158)) - HddsDatanode metrics system started (again)
2021-08-10 07:01:16,697 [Listener at 127.0.0.1/43351] INFO  ozone.HddsDatanodeService (HddsDatanodeService.java:start(234)) - HddsDatanodeService host:fv-az148-688.bm4ck3pvxvsene1rjriu5fhcdb.bx.internal.cloudapp.net ip:10.1.0.83
2021-08-10 07:01:16,718 [org.apache.hadoop.util.JvmPauseMonitor$Monitor@7747ef0f] INFO  util.JvmPauseMonitor (JvmPauseMonitor.java:run(188)) - Starting JVM pause monitor
2021-08-10 07:01:16,756 [Listener at 127.0.0.1/43351] INFO  upgrade.AbstractLayoutVersionManager (AbstractLayoutVersionManager.java:init(70)) - Initializing Layout version manager with metadata layout = SCM_HA (version = 2), software layout = SCM_HA (version = 2)
2021-08-10 07:01:16,777 [Datanode State Machine Task Thread - 0] INFO  datanode.InitDatanodeState (InitDatanodeState.java:persistContainerDatanodeDetails(145)) - DatanodeDetails is persisted to /home/runner/work/ozone/ozone/hadoop-ozone/integration-test/target/test-dir/MiniOzoneClusterImpl-fdc8fd63-cfc3-45c6-b077-7c3a44cbc127/datanode-0/meta/datanode.id
2021-08-10 07:01:16,829 [Listener at 127.0.0.1/43351] INFO  reflections.Reflections (Reflections.java:scan(232)) - Reflections took 60 ms to scan 7 urls, producing 120 keys and 275 values 
2021-08-10 07:01:16,844 [Listener at 127.0.0.1/43351] INFO  volume.HddsVolume (HddsVolume.java:<init>(120)) - Creating HddsVolume: /home/runner/work/ozone/ozone/hadoop-ozone/integration-test/target/test-dir/MiniOzoneClusterImpl-fdc8fd63-cfc3-45c6-b077-7c3a44cbc127/datanode-1/data-0/containers/hdds of storage type : DISK capacity : 9223372036854775807
2021-08-10 07:01:16,844 [Listener at 127.0.0.1/43351] INFO  volume.MutableVolumeSet (MutableVolumeSet.java:initializeVolumeSet(181)) - Added Volume : /home/runner/work/ozone/ozone/hadoop-ozone/integration-test/target/test-dir/MiniOzoneClusterImpl-fdc8fd63-cfc3-45c6-b077-7c3a44cbc127/datanode-1/data-0/containers/hdds to VolumeSet
2021-08-10 07:01:16,846 [Listener at 127.0.0.1/43351] INFO  volume.ThrottledAsyncChecker (ThrottledAsyncChecker.java:schedule(141)) - Scheduling a check for /home/runner/work/ozone/ozone/hadoop-ozone/integration-test/target/test-dir/MiniOzoneClusterImpl-fdc8fd63-cfc3-45c6-b077-7c3a44cbc127/datanode-1/data-0/containers/hdds
2021-08-10 07:01:16,847 [Listener at 127.0.0.1/43351] INFO  volume.StorageVolumeChecker (StorageVolumeChecker.java:checkAllVolumes(202)) - Scheduled health check for volume /home/runner/work/ozone/ozone/hadoop-ozone/integration-test/target/test-dir/MiniOzoneClusterImpl-fdc8fd63-cfc3-45c6-b077-7c3a44cbc127/datanode-1/data-0/containers/hdds
2021-08-10 07:01:16,862 [Listener at 127.0.0.1/43351] INFO  volume.MutableVolumeSet (MutableVolumeSet.java:initializeVolumeSet(181)) - Added Volume : /home/runner/work/ozone/ozone/hadoop-ozone/integration-test/target/test-dir/MiniOzoneClusterImpl-fdc8fd63-cfc3-45c6-b077-7c3a44cbc127/datanode-1/data/ratis to VolumeSet
2021-08-10 07:01:16,862 [Listener at 127.0.0.1/43351] INFO  volume.ThrottledAsyncChecker (ThrottledAsyncChecker.java:schedule(141)) - Scheduling a check for /home/runner/work/ozone/ozone/hadoop-ozone/integration-test/target/test-dir/MiniOzoneClusterImpl-fdc8fd63-cfc3-45c6-b077-7c3a44cbc127/datanode-1/data/ratis
2021-08-10 07:01:16,862 [Listener at 127.0.0.1/43351] INFO  volume.StorageVolumeChecker (StorageVolumeChecker.java:checkAllVolumes(202)) - Scheduled health check for volume /home/runner/work/ozone/ozone/hadoop-ozone/integration-test/target/test-dir/MiniOzoneClusterImpl-fdc8fd63-cfc3-45c6-b077-7c3a44cbc127/datanode-1/data/ratis
2021-08-10 07:01:16,892 [Listener at 127.0.0.1/43351] INFO  ozoneimpl.ContainerReader (ContainerReader.java:<init>(98)) - Running in upgrade mode:true
2021-08-10 07:01:16,892 [Thread-908] INFO  ozoneimpl.ContainerReader (ContainerReader.java:readVolume(142)) - Start to verify containers on volume /home/runner/work/ozone/ozone/hadoop-ozone/integration-test/target/test-dir/MiniOzoneClusterImpl-fdc8fd63-cfc3-45c6-b077-7c3a44cbc127/datanode-1/data-0/containers/hdds
2021-08-10 07:01:16,892 [Thread-908] INFO  ozoneimpl.ContainerReader (ContainerReader.java:readVolume(174)) - Finish verifying containers on volume /home/runner/work/ozone/ozone/hadoop-ozone/integration-test/target/test-dir/MiniOzoneClusterImpl-fdc8fd63-cfc3-45c6-b077-7c3a44cbc127/datanode-1/data-0/containers/hdds
2021-08-10 07:01:16,892 [Listener at 127.0.0.1/43351] INFO  ozoneimpl.OzoneContainer (OzoneContainer.java:buildContainerSet(237)) - Build ContainerSet costs 0s
2021-08-10 07:01:16,894 [Listener at 127.0.0.1/43351] INFO  server.RaftServer (ConfUtils.java:logGet(44)) - raft.rpc.type = GRPC (default)
2021-08-10 07:01:16,895 [Listener at 127.0.0.1/43351] INFO  grpc.GrpcFactory (GrpcFactory.java:checkPooledByteBufAllocatorUseCacheForAllThreads(48)) - PERFORMANCE WARNING: useCacheForAllThreads is true that may cause Netty to create a lot garbage objects and, as a result, trigger GC.
	It is recommended to disable useCacheForAllThreads by setting -Dorg.apache.ratis.thirdparty.io.netty.allocator.useCacheForAllThreads=false in command line.
2021-08-10 07:01:16,895 [Listener at 127.0.0.1/43351] INFO  grpc.GrpcConfigKeys (ConfUtils.java:logGet(44)) - raft.grpc.admin.port = 0 (custom)
2021-08-10 07:01:16,896 [Listener at 127.0.0.1/43351] INFO  grpc.GrpcConfigKeys (ConfUtils.java:logGet(44)) - raft.grpc.client.port = 0 (custom)
2021-08-10 07:01:16,896 [Listener at 127.0.0.1/43351] INFO  grpc.GrpcConfigKeys (ConfUtils.java:logGet(44)) - raft.grpc.server.port = 0 (default)
2021-08-10 07:01:16,896 [Listener at 127.0.0.1/43351] INFO  server.GrpcService (ConfUtils.java:logGet(44)) - raft.grpc.message.size.max = 32MB (=33554432) (custom)
2021-08-10 07:01:16,896 [Listener at 127.0.0.1/43351] INFO  server.RaftServerConfigKeys (ConfUtils.java:logGet(44)) - raft.server.log.appender.buffer.byte-limit = 33554432 (custom)
2021-08-10 07:01:16,896 [Listener at 127.0.0.1/43351] INFO  server.GrpcService (ConfUtils.java:logGet(44)) - raft.grpc.flow.control.window = 5MB (=5242880) (custom)
2021-08-10 07:01:16,898 [Listener at 127.0.0.1/43351] INFO  server.RaftServerConfigKeys (ConfUtils.java:logGet(44)) - raft.server.rpc.request.timeout = 60s (custom)
2021-08-10 07:01:16,899 [Listener at 127.0.0.1/43351] INFO  impl.DataStreamServerImpl (ConfUtils.java:logGet(44)) - raft.datastream.type = DISABLED (default)
2021-08-10 07:01:16,899 [Listener at 127.0.0.1/43351] INFO  server.RaftServerConfigKeys (ConfUtils.java:logGet(44)) - raft.server.rpc.slowness.timeout = 300s (custom)
2021-08-10 07:01:16,899 [Listener at 127.0.0.1/43351] INFO  server.RaftServerConfigKeys (ConfUtils.java:logGet(44)) - raft.server.leaderelection.leader.step-down.wait-time = 10s (default)
2021-08-10 07:01:16,899 [Listener at 127.0.0.1/43351] INFO  server.RaftServerConfigKeys (ConfUtils.java:logGet(44)) - raft.server.storage.dir = [/home/runner/work/ozone/ozone/hadoop-ozone/integration-test/target/test-dir/MiniOzoneClusterImpl-fdc8fd63-cfc3-45c6-b077-7c3a44cbc127/datanode-1/data/ratis] (custom)
2021-08-10 07:01:16,918 [Listener at 127.0.0.1/43351] INFO  http.BaseHttpServer (BaseHttpServer.java:newHttpServer2BuilderForOzone(209)) - Starting Web-server for hddsDatanode at: http://0.0.0.0:0
2021-08-10 07:01:16,918 [Listener at 127.0.0.1/43351] INFO  http.BaseHttpServer (BaseHttpServer.java:<init>(107)) - Hadoop Security Enabled: false Ozone Security Enabled: false Ozone HTTP Security Enabled: false 
2021-08-10 07:01:16,919 [Listener at 127.0.0.1/43351] INFO  server.AuthenticationFilter (AuthenticationFilter.java:constructSecretProvider(240)) - Unable to initialize FileSignerSecretProvider, falling back to use random secrets.
2021-08-10 07:01:16,938 [Listener at 127.0.0.1/43351] WARN  http.HttpRequestLog (HttpRequestLog.java:getRequestLog(103)) - Jetty request log can only be enabled using Log4j
2021-08-10 07:01:16,939 [Listener at 127.0.0.1/43351] INFO  http.HttpServer2 (HttpServer2.java:addGlobalFilter(1020)) - Added global filter 'safety' (class=org.apache.hadoop.hdds.server.http.HttpServer2$QuotingInputFilter)
2021-08-10 07:01:16,939 [Listener at 127.0.0.1/43351] INFO  http.HttpServer2 (HttpServer2.java:addFilter(996)) - Added filter static_user_filter (class=org.apache.hadoop.http.lib.StaticUserWebFilter$StaticUserFilter) to context hddsDatanode
2021-08-10 07:01:16,939 [Listener at 127.0.0.1/43351] INFO  http.HttpServer2 (HttpServer2.java:addFilter(1004)) - Added filter static_user_filter (class=org.apache.hadoop.http.lib.StaticUserWebFilter$StaticUserFilter) to context static
2021-08-10 07:01:16,939 [Listener at 127.0.0.1/43351] INFO  http.HttpServer2 (HttpServer2.java:addFilter(1004)) - Added filter static_user_filter (class=org.apache.hadoop.http.lib.StaticUserWebFilter$StaticUserFilter) to context logs
2021-08-10 07:01:16,940 [Listener at 127.0.0.1/43351] INFO  http.HttpServer2 (HttpServer2.java:bindListener(1239)) - Jetty bound to port 42003
2021-08-10 07:01:16,940 [Listener at 127.0.0.1/43351] INFO  server.Server (Server.java:doStart(375)) - jetty-9.4.43.v20210629; built: 2021-06-30T11:07:22.254Z; git: 526006ecfa3af7f1a27ef3a288e2bef7ea9dd7e8; jvm 1.8.0_292-b10
2021-08-10 07:01:16,986 [Listener at 127.0.0.1/43351] INFO  server.session (DefaultSessionIdManager.java:doStart(334)) - DefaultSessionIdManager workerName=node0
2021-08-10 07:01:16,987 [Listener at 127.0.0.1/43351] INFO  server.session (DefaultSessionIdManager.java:doStart(339)) - No SessionScavenger set, using defaults
2021-08-10 07:01:16,987 [Listener at 127.0.0.1/43351] INFO  server.session (HouseKeeper.java:startScavenging(132)) - node0 Scavenging every 600000ms
2021-08-10 07:01:16,988 [Listener at 127.0.0.1/43351] INFO  handler.ContextHandler (ContextHandler.java:doStart(915)) - Started o.e.j.s.ServletContextHandler@779f6450{logs,/logs,file:///home/runner/work/ozone/ozone/hadoop-ozone/integration-test/target/log,AVAILABLE}
2021-08-10 07:01:16,988 [Listener at 127.0.0.1/43351] INFO  handler.ContextHandler (ContextHandler.java:doStart(915)) - Started o.e.j.s.ServletContextHandler@50283b78{static,/static,jar:file:/home/runner/.m2/repository/org/apache/ozone/hdds-container-service/1.2.0-SNAPSHOT/hdds-container-service-1.2.0-SNAPSHOT.jar!/webapps/static,AVAILABLE}
2021-08-10 07:01:17,081 [Listener at 127.0.0.1/43351] INFO  handler.ContextHandler (ContextHandler.java:doStart(915)) - Started o.e.j.w.WebAppContext@742cd8bd{hddsDatanode,/,file:///tmp/jetty-0_0_0_0-42003-hdds-container-service-1_2_0-SNAPSHOT_jar-_-any-4109211416289309333/webapp/,AVAILABLE}{jar:file:/home/runner/.m2/repository/org/apache/ozone/hdds-container-service/1.2.0-SNAPSHOT/hdds-container-service-1.2.0-SNAPSHOT.jar!/webapps/hddsDatanode}
2021-08-10 07:01:17,092 [Listener at 127.0.0.1/43351] INFO  server.AbstractConnector (AbstractConnector.java:doStart(331)) - Started ServerConnector@19ec56a6{HTTP/1.1, (http/1.1)}{0.0.0.0:42003}
2021-08-10 07:01:17,093 [Listener at 127.0.0.1/43351] INFO  server.Server (Server.java:doStart(415)) - Started @110591ms
2021-08-10 07:01:17,093 [Listener at 127.0.0.1/43351] WARN  impl.MetricsSystemImpl (MetricsSystemImpl.java:register(279)) - Sink prometheus already exists!
2021-08-10 07:01:17,095 [Listener at 127.0.0.1/43351] INFO  http.BaseHttpServer (BaseHttpServer.java:updateConnectorAddress(329)) - HTTP server of hddsDatanode listening at http://0.0.0.0:42003
2021-08-10 07:01:17,095 [Listener at 127.0.0.1/43351] WARN  impl.MetricRegistriesImpl (MetricRegistriesImpl.java:addReporterRegistration(111)) - New reporters are added after registries were created. Some metrics will be missing from the reporter. Please add reporter before adding any new registry.
2021-08-10 07:01:17,095 [Listener at 127.0.0.1/43351] WARN  impl.MetricRegistriesImpl (MetricRegistriesImpl.java:addReporterRegistration(111)) - New reporters are added after registries were created. Some metrics will be missing from the reporter. Please add reporter before adding any new registry.
2021-08-10 07:01:17,095 [Listener at 127.0.0.1/43351] INFO  impl.MetricsSystemImpl (MetricsSystemImpl.java:init(158)) - HddsDatanode metrics system started (again)
2021-08-10 07:01:17,122 [Listener at 127.0.0.1/43351] INFO  ozone.HddsDatanodeService (HddsDatanodeService.java:start(234)) - HddsDatanodeService host:fv-az148-688.bm4ck3pvxvsene1rjriu5fhcdb.bx.internal.cloudapp.net ip:10.1.0.83
2021-08-10 07:01:17,141 [org.apache.hadoop.util.JvmPauseMonitor$Monitor@1240635b] INFO  util.JvmPauseMonitor (JvmPauseMonitor.java:run(188)) - Starting JVM pause monitor
2021-08-10 07:01:17,141 [om1@group-C5BA1605619E-FollowerState] INFO  impl.FollowerState (FollowerState.java:run(134)) - om1@group-C5BA1605619E-FollowerState: change to CANDIDATE, lastRpcElapsedTime:1220151782ns, electionTimeout:1181ms
2021-08-10 07:01:17,141 [om1@group-C5BA1605619E-FollowerState] INFO  impl.RoleInfo (RoleInfo.java:shutdownFollowerState(108)) - om1: shutdown om1@group-C5BA1605619E-FollowerState
2021-08-10 07:01:17,142 [om1@group-C5BA1605619E-FollowerState] INFO  server.RaftServer$Division (RaftServerImpl.java:setRole(285)) - om1@group-C5BA1605619E: changes role from  FOLLOWER to CANDIDATE at term 0 for changeToCandidate
2021-08-10 07:01:17,148 [om1@group-C5BA1605619E-FollowerState] INFO  server.RaftServerConfigKeys (ConfUtils.java:logGet(44)) - raft.server.leaderelection.pre-vote = false (custom)
2021-08-10 07:01:17,148 [om1@group-C5BA1605619E-FollowerState] INFO  impl.RoleInfo (RoleInfo.java:updateAndGet(130)) - om1: start om1@group-C5BA1605619E-LeaderElection28
2021-08-10 07:01:17,166 [Datanode State Machine Task Thread - 0] INFO  datanode.InitDatanodeState (InitDatanodeState.java:persistContainerDatanodeDetails(145)) - DatanodeDetails is persisted to /home/runner/work/ozone/ozone/hadoop-ozone/integration-test/target/test-dir/MiniOzoneClusterImpl-fdc8fd63-cfc3-45c6-b077-7c3a44cbc127/datanode-1/meta/datanode.id
2021-08-10 07:01:17,172 [om1@group-C5BA1605619E-LeaderElection28] INFO  impl.LeaderElection (LeaderElection.java:askForVotes(306)) - om1@group-C5BA1605619E-LeaderElection28 ELECTION round 0: submit vote requests at term 1 for -1: [om1|rpc:localhost:9872|priority:0], old=null
2021-08-10 07:01:17,173 [Listener at 127.0.0.1/43351] INFO  upgrade.AbstractLayoutVersionManager (AbstractLayoutVersionManager.java:init(70)) - Initializing Layout version manager with metadata layout = SCM_HA (version = 2), software layout = SCM_HA (version = 2)
2021-08-10 07:01:17,187 [om1@group-C5BA1605619E-LeaderElection28] INFO  impl.LeaderElection (LeaderElection.java:askForVotes(308)) - om1@group-C5BA1605619E-LeaderElection28 ELECTION round 0: result PASSED (term=1)
2021-08-10 07:01:17,187 [om1@group-C5BA1605619E-LeaderElection28] INFO  impl.RoleInfo (RoleInfo.java:shutdownLeaderElection(121)) - om1: shutdown om1@group-C5BA1605619E-LeaderElection28
2021-08-10 07:01:17,193 [om1@group-C5BA1605619E-LeaderElection28] INFO  server.RaftServer$Division (RaftServerImpl.java:setRole(285)) - om1@group-C5BA1605619E: changes role from CANDIDATE to LEADER at term 1 for changeToLeader
2021-08-10 07:01:17,193 [om1@group-C5BA1605619E-LeaderElection28] INFO  server.RaftServer$Division (ServerState.java:setLeader(285)) - om1@group-C5BA1605619E: change Leader from null to om1 at term 1 for becomeLeader, leader elected after 1323ms
2021-08-10 07:01:17,193 [om1@group-C5BA1605619E-LeaderElection28] INFO  server.RaftServerConfigKeys (ConfUtils.java:logGet(44)) - raft.server.staging.catchup.gap = 1000 (default)
2021-08-10 07:01:17,193 [om1@group-C5BA1605619E-LeaderElection28] INFO  server.RaftServerConfigKeys (ConfUtils.java:logGet(44)) - raft.server.write.element-limit = 4096 (default)
2021-08-10 07:01:17,194 [om1@group-C5BA1605619E-LeaderElection28] INFO  server.RaftServerConfigKeys (ConfUtils.java:logGet(44)) - raft.server.write.byte-limit = 64MB (=67108864) (default)
2021-08-10 07:01:17,194 [om1@group-C5BA1605619E-LeaderElection28] INFO  server.RaftServerConfigKeys (ConfUtils.java:logGet(44)) - raft.server.watch.timeout = 10s (default)
2021-08-10 07:01:17,194 [om1@group-C5BA1605619E-LeaderElection28] INFO  server.RaftServerConfigKeys (ConfUtils.java:logGet(44)) - raft.server.watch.timeout.denomination = 1s (default)
2021-08-10 07:01:17,194 [om1@group-C5BA1605619E-LeaderElection28] INFO  server.RaftServerConfigKeys (ConfUtils.java:logGet(44)) - raft.server.watch.element-limit = 65536 (default)
2021-08-10 07:01:17,194 [om1@group-C5BA1605619E-LeaderElection28] INFO  impl.RoleInfo (RoleInfo.java:updateAndGet(130)) - om1: start om1@group-C5BA1605619E-LeaderStateImpl
2021-08-10 07:01:17,194 [om1@group-C5BA1605619E-LeaderElection28] INFO  segmented.SegmentedRaftLogWorker (SegmentedRaftLogWorker.java:startLogSegment(394)) - om1@group-C5BA1605619E-SegmentedRaftLogWorker: Starting segment from index:0
2021-08-10 07:01:17,202 [om1@group-C5BA1605619E-SegmentedRaftLogWorker] INFO  segmented.SegmentedRaftLogWorker (SegmentedRaftLogWorker.java:execute(601)) - om1@group-C5BA1605619E-SegmentedRaftLogWorker: created new log segment /home/runner/work/ozone/ozone/hadoop-ozone/integration-test/target/test-dir/MiniOzoneClusterImpl-fdc8fd63-cfc3-45c6-b077-7c3a44cbc127/ozone-meta/ratis/bf265839-605b-3f16-9796-c5ba1605619e/current/log_inprogress_0
2021-08-10 07:01:17,240 [om1@group-C5BA1605619E-LeaderElection28] INFO  server.RaftServer$Division (ServerState.java:setRaftConf(387)) - om1@group-C5BA1605619E: set configuration 0: [om1|rpc:localhost:9872|admin:|client:|dataStream:|priority:0], old=null
2021-08-10 07:01:17,248 [om1@group-C5BA1605619E-StateMachineUpdater] INFO  ratis.OzoneManagerStateMachine (OzoneManagerStateMachine.java:notifyConfigurationChanged(188)) - Received Configuration change notification from Ratis. New Peer list:
[id: "om1"
address: "localhost:9872"
]
2021-08-10 07:01:17,280 [Listener at 127.0.0.1/43351] INFO  reflections.Reflections (Reflections.java:scan(232)) - Reflections took 106 ms to scan 7 urls, producing 120 keys and 275 values 
2021-08-10 07:01:17,304 [Listener at 127.0.0.1/43351] INFO  volume.HddsVolume (HddsVolume.java:<init>(120)) - Creating HddsVolume: /home/runner/work/ozone/ozone/hadoop-ozone/integration-test/target/test-dir/MiniOzoneClusterImpl-fdc8fd63-cfc3-45c6-b077-7c3a44cbc127/datanode-2/data-0/containers/hdds of storage type : DISK capacity : 9223372036854775807
2021-08-10 07:01:17,304 [Listener at 127.0.0.1/43351] INFO  volume.MutableVolumeSet (MutableVolumeSet.java:initializeVolumeSet(181)) - Added Volume : /home/runner/work/ozone/ozone/hadoop-ozone/integration-test/target/test-dir/MiniOzoneClusterImpl-fdc8fd63-cfc3-45c6-b077-7c3a44cbc127/datanode-2/data-0/containers/hdds to VolumeSet
2021-08-10 07:01:17,304 [Listener at 127.0.0.1/43351] INFO  volume.ThrottledAsyncChecker (ThrottledAsyncChecker.java:schedule(141)) - Scheduling a check for /home/runner/work/ozone/ozone/hadoop-ozone/integration-test/target/test-dir/MiniOzoneClusterImpl-fdc8fd63-cfc3-45c6-b077-7c3a44cbc127/datanode-2/data-0/containers/hdds
2021-08-10 07:01:17,311 [Listener at 127.0.0.1/43351] INFO  volume.StorageVolumeChecker (StorageVolumeChecker.java:checkAllVolumes(202)) - Scheduled health check for volume /home/runner/work/ozone/ozone/hadoop-ozone/integration-test/target/test-dir/MiniOzoneClusterImpl-fdc8fd63-cfc3-45c6-b077-7c3a44cbc127/datanode-2/data-0/containers/hdds
2021-08-10 07:01:17,326 [Listener at 127.0.0.1/43351] INFO  volume.MutableVolumeSet (MutableVolumeSet.java:initializeVolumeSet(181)) - Added Volume : /home/runner/work/ozone/ozone/hadoop-ozone/integration-test/target/test-dir/MiniOzoneClusterImpl-fdc8fd63-cfc3-45c6-b077-7c3a44cbc127/datanode-2/data/ratis to VolumeSet
2021-08-10 07:01:17,326 [Listener at 127.0.0.1/43351] INFO  volume.ThrottledAsyncChecker (ThrottledAsyncChecker.java:schedule(141)) - Scheduling a check for /home/runner/work/ozone/ozone/hadoop-ozone/integration-test/target/test-dir/MiniOzoneClusterImpl-fdc8fd63-cfc3-45c6-b077-7c3a44cbc127/datanode-2/data/ratis
2021-08-10 07:01:17,327 [Listener at 127.0.0.1/43351] INFO  volume.StorageVolumeChecker (StorageVolumeChecker.java:checkAllVolumes(202)) - Scheduled health check for volume /home/runner/work/ozone/ozone/hadoop-ozone/integration-test/target/test-dir/MiniOzoneClusterImpl-fdc8fd63-cfc3-45c6-b077-7c3a44cbc127/datanode-2/data/ratis
2021-08-10 07:01:17,364 [Listener at 127.0.0.1/43351] INFO  ozoneimpl.ContainerReader (ContainerReader.java:<init>(98)) - Running in upgrade mode:true
2021-08-10 07:01:17,364 [Thread-922] INFO  ozoneimpl.ContainerReader (ContainerReader.java:readVolume(142)) - Start to verify containers on volume /home/runner/work/ozone/ozone/hadoop-ozone/integration-test/target/test-dir/MiniOzoneClusterImpl-fdc8fd63-cfc3-45c6-b077-7c3a44cbc127/datanode-2/data-0/containers/hdds
2021-08-10 07:01:17,364 [Thread-922] INFO  ozoneimpl.ContainerReader (ContainerReader.java:readVolume(174)) - Finish verifying containers on volume /home/runner/work/ozone/ozone/hadoop-ozone/integration-test/target/test-dir/MiniOzoneClusterImpl-fdc8fd63-cfc3-45c6-b077-7c3a44cbc127/datanode-2/data-0/containers/hdds
2021-08-10 07:01:17,364 [Listener at 127.0.0.1/43351] INFO  ozoneimpl.OzoneContainer (OzoneContainer.java:buildContainerSet(237)) - Build ContainerSet costs 0s
2021-08-10 07:01:17,385 [Listener at 127.0.0.1/43351] INFO  server.RaftServer (ConfUtils.java:logGet(44)) - raft.rpc.type = GRPC (default)
2021-08-10 07:01:17,385 [Listener at 127.0.0.1/43351] INFO  grpc.GrpcFactory (GrpcFactory.java:checkPooledByteBufAllocatorUseCacheForAllThreads(48)) - PERFORMANCE WARNING: useCacheForAllThreads is true that may cause Netty to create a lot garbage objects and, as a result, trigger GC.
	It is recommended to disable useCacheForAllThreads by setting -Dorg.apache.ratis.thirdparty.io.netty.allocator.useCacheForAllThreads=false in command line.
2021-08-10 07:01:17,385 [Listener at 127.0.0.1/43351] INFO  grpc.GrpcConfigKeys (ConfUtils.java:logGet(44)) - raft.grpc.admin.port = 0 (custom)
2021-08-10 07:01:17,385 [Listener at 127.0.0.1/43351] INFO  grpc.GrpcConfigKeys (ConfUtils.java:logGet(44)) - raft.grpc.client.port = 0 (custom)
2021-08-10 07:01:17,385 [Listener at 127.0.0.1/43351] INFO  grpc.GrpcConfigKeys (ConfUtils.java:logGet(44)) - raft.grpc.server.port = 0 (default)
2021-08-10 07:01:17,385 [Listener at 127.0.0.1/43351] INFO  server.GrpcService (ConfUtils.java:logGet(44)) - raft.grpc.message.size.max = 32MB (=33554432) (custom)
2021-08-10 07:01:17,385 [Listener at 127.0.0.1/43351] INFO  server.RaftServerConfigKeys (ConfUtils.java:logGet(44)) - raft.server.log.appender.buffer.byte-limit = 33554432 (custom)
2021-08-10 07:01:17,385 [Listener at 127.0.0.1/43351] INFO  server.GrpcService (ConfUtils.java:logGet(44)) - raft.grpc.flow.control.window = 5MB (=5242880) (custom)
2021-08-10 07:01:17,385 [Listener at 127.0.0.1/43351] INFO  server.RaftServerConfigKeys (ConfUtils.java:logGet(44)) - raft.server.rpc.request.timeout = 60s (custom)
2021-08-10 07:01:17,387 [Listener at 127.0.0.1/43351] INFO  impl.DataStreamServerImpl (ConfUtils.java:logGet(44)) - raft.datastream.type = DISABLED (default)
2021-08-10 07:01:17,387 [Listener at 127.0.0.1/43351] INFO  server.RaftServerConfigKeys (ConfUtils.java:logGet(44)) - raft.server.rpc.slowness.timeout = 300s (custom)
2021-08-10 07:01:17,388 [Listener at 127.0.0.1/43351] INFO  server.RaftServerConfigKeys (ConfUtils.java:logGet(44)) - raft.server.leaderelection.leader.step-down.wait-time = 10s (default)
2021-08-10 07:01:17,388 [Listener at 127.0.0.1/43351] INFO  server.RaftServerConfigKeys (ConfUtils.java:logGet(44)) - raft.server.storage.dir = [/home/runner/work/ozone/ozone/hadoop-ozone/integration-test/target/test-dir/MiniOzoneClusterImpl-fdc8fd63-cfc3-45c6-b077-7c3a44cbc127/datanode-2/data/ratis] (custom)
2021-08-10 07:01:17,390 [Listener at 127.0.0.1/43351] INFO  http.BaseHttpServer (BaseHttpServer.java:newHttpServer2BuilderForOzone(209)) - Starting Web-server for hddsDatanode at: http://0.0.0.0:0
2021-08-10 07:01:17,390 [Listener at 127.0.0.1/43351] INFO  http.BaseHttpServer (BaseHttpServer.java:<init>(107)) - Hadoop Security Enabled: false Ozone Security Enabled: false Ozone HTTP Security Enabled: false 
2021-08-10 07:01:17,391 [Listener at 127.0.0.1/43351] INFO  server.AuthenticationFilter (AuthenticationFilter.java:constructSecretProvider(240)) - Unable to initialize FileSignerSecretProvider, falling back to use random secrets.
2021-08-10 07:01:17,403 [Listener at 127.0.0.1/43351] WARN  http.HttpRequestLog (HttpRequestLog.java:getRequestLog(103)) - Jetty request log can only be enabled using Log4j
2021-08-10 07:01:17,404 [Listener at 127.0.0.1/43351] INFO  http.HttpServer2 (HttpServer2.java:addGlobalFilter(1020)) - Added global filter 'safety' (class=org.apache.hadoop.hdds.server.http.HttpServer2$QuotingInputFilter)
2021-08-10 07:01:17,404 [Listener at 127.0.0.1/43351] INFO  http.HttpServer2 (HttpServer2.java:addFilter(996)) - Added filter static_user_filter (class=org.apache.hadoop.http.lib.StaticUserWebFilter$StaticUserFilter) to context hddsDatanode
2021-08-10 07:01:17,404 [Listener at 127.0.0.1/43351] INFO  http.HttpServer2 (HttpServer2.java:addFilter(1004)) - Added filter static_user_filter (class=org.apache.hadoop.http.lib.StaticUserWebFilter$StaticUserFilter) to context static
2021-08-10 07:01:17,404 [Listener at 127.0.0.1/43351] INFO  http.HttpServer2 (HttpServer2.java:addFilter(1004)) - Added filter static_user_filter (class=org.apache.hadoop.http.lib.StaticUserWebFilter$StaticUserFilter) to context logs
2021-08-10 07:01:17,405 [Listener at 127.0.0.1/43351] INFO  http.HttpServer2 (HttpServer2.java:bindListener(1239)) - Jetty bound to port 41899
2021-08-10 07:01:17,405 [Listener at 127.0.0.1/43351] INFO  server.Server (Server.java:doStart(375)) - jetty-9.4.43.v20210629; built: 2021-06-30T11:07:22.254Z; git: 526006ecfa3af7f1a27ef3a288e2bef7ea9dd7e8; jvm 1.8.0_292-b10
2021-08-10 07:01:17,407 [Listener at 127.0.0.1/43351] INFO  server.session (DefaultSessionIdManager.java:doStart(334)) - DefaultSessionIdManager workerName=node0
2021-08-10 07:01:17,407 [Listener at 127.0.0.1/43351] INFO  server.session (DefaultSessionIdManager.java:doStart(339)) - No SessionScavenger set, using defaults
2021-08-10 07:01:17,407 [Listener at 127.0.0.1/43351] INFO  server.session (HouseKeeper.java:startScavenging(132)) - node0 Scavenging every 600000ms
2021-08-10 07:01:17,408 [Listener at 127.0.0.1/43351] INFO  handler.ContextHandler (ContextHandler.java:doStart(915)) - Started o.e.j.s.ServletContextHandler@60565c8b{logs,/logs,file:///home/runner/work/ozone/ozone/hadoop-ozone/integration-test/target/log,AVAILABLE}
2021-08-10 07:01:17,408 [Listener at 127.0.0.1/43351] INFO  handler.ContextHandler (ContextHandler.java:doStart(915)) - Started o.e.j.s.ServletContextHandler@43f22ac3{static,/static,jar:file:/home/runner/.m2/repository/org/apache/ozone/hdds-container-service/1.2.0-SNAPSHOT/hdds-container-service-1.2.0-SNAPSHOT.jar!/webapps/static,AVAILABLE}
2021-08-10 07:01:17,463 [Listener at 127.0.0.1/43351] INFO  handler.ContextHandler (ContextHandler.java:doStart(915)) - Started o.e.j.w.WebAppContext@73faf6ea{hddsDatanode,/,file:///tmp/jetty-0_0_0_0-41899-hdds-container-service-1_2_0-SNAPSHOT_jar-_-any-6913006468707118548/webapp/,AVAILABLE}{jar:file:/home/runner/.m2/repository/org/apache/ozone/hdds-container-service/1.2.0-SNAPSHOT/hdds-container-service-1.2.0-SNAPSHOT.jar!/webapps/hddsDatanode}
2021-08-10 07:01:17,475 [Listener at 127.0.0.1/43351] INFO  server.AbstractConnector (AbstractConnector.java:doStart(331)) - Started ServerConnector@8b045b1{HTTP/1.1, (http/1.1)}{0.0.0.0:41899}
2021-08-10 07:01:17,476 [Listener at 127.0.0.1/43351] INFO  server.Server (Server.java:doStart(415)) - Started @110974ms
2021-08-10 07:01:17,476 [Listener at 127.0.0.1/43351] WARN  impl.MetricsSystemImpl (MetricsSystemImpl.java:register(279)) - Sink prometheus already exists!
2021-08-10 07:01:17,476 [Listener at 127.0.0.1/43351] INFO  http.BaseHttpServer (BaseHttpServer.java:updateConnectorAddress(329)) - HTTP server of hddsDatanode listening at http://0.0.0.0:41899
2021-08-10 07:01:17,477 [Listener at 127.0.0.1/43351] INFO  ozone.MiniOzoneClusterImpl (MiniOzoneClusterImpl.java:lambda$waitForClusterToBeReady$0(235)) - Waiting for nodes to be ready. Got 0 of 3 DN Heartbeats.
2021-08-10 07:01:17,477 [Listener at 127.0.0.1/43351] INFO  ozone.MiniOzoneClusterImpl (MiniOzoneClusterImpl.java:lambda$waitForClusterToBeReady$0(238)) - Waiting for cluster to exit safe mode
2021-08-10 07:01:17,477 [Listener at 127.0.0.1/43351] INFO  ozone.MiniOzoneClusterImpl (MiniOzoneClusterImpl.java:lambda$waitForClusterToBeReady$0(240)) - SCM became leader
2021-08-10 07:01:17,504 [org.apache.hadoop.util.JvmPauseMonitor$Monitor@1ee3c9d0] INFO  util.JvmPauseMonitor (JvmPauseMonitor.java:run(188)) - Starting JVM pause monitor
2021-08-10 07:01:17,540 [Datanode State Machine Task Thread - 0] INFO  datanode.InitDatanodeState (InitDatanodeState.java:persistContainerDatanodeDetails(145)) - DatanodeDetails is persisted to /home/runner/work/ozone/ozone/hadoop-ozone/integration-test/target/test-dir/MiniOzoneClusterImpl-fdc8fd63-cfc3-45c6-b077-7c3a44cbc127/datanode-2/meta/datanode.id
2021-08-10 07:01:18,477 [Listener at 127.0.0.1/43351] INFO  ozone.MiniOzoneClusterImpl (MiniOzoneClusterImpl.java:lambda$waitForClusterToBeReady$0(235)) - Waiting for nodes to be ready. Got 0 of 3 DN Heartbeats.
2021-08-10 07:01:18,477 [Listener at 127.0.0.1/43351] INFO  ozone.MiniOzoneClusterImpl (MiniOzoneClusterImpl.java:lambda$waitForClusterToBeReady$0(238)) - Waiting for cluster to exit safe mode
2021-08-10 07:01:18,477 [Listener at 127.0.0.1/43351] INFO  ozone.MiniOzoneClusterImpl (MiniOzoneClusterImpl.java:lambda$waitForClusterToBeReady$0(240)) - SCM became leader
2021-08-10 07:01:18,756 [EndpointStateMachine task thread for /0.0.0.0:46815 - 0 ] INFO  ozoneimpl.OzoneContainer (OzoneContainer.java:start(305)) - Attempting to start container services.
2021-08-10 07:01:18,756 [EndpointStateMachine task thread for /0.0.0.0:46815 - 0 ] INFO  ozoneimpl.OzoneContainer (OzoneContainer.java:startContainerScrub(250)) - Background container scanner has been disabled.
2021-08-10 07:01:18,757 [EndpointStateMachine task thread for /0.0.0.0:46815 - 0 ] INFO  replication.ReplicationServer (ReplicationServer.java:start(106)) - ReplicationServer is started using port 33797
2021-08-10 07:01:18,758 [EndpointStateMachine task thread for /0.0.0.0:46815 - 0 ] INFO  ratis.XceiverServerRatis (XceiverServerRatis.java:start(478)) - Starting XceiverServerRatis c04a7c39-1cc1-427e-b561-bc84fdac11df
2021-08-10 07:01:18,764 [EndpointStateMachine task thread for /0.0.0.0:46815 - 0 ] INFO  server.RaftServer (RaftServerProxy.java:lambda$start$5(374)) - c04a7c39-1cc1-427e-b561-bc84fdac11df: start RPC server
2021-08-10 07:01:18,768 [EndpointStateMachine task thread for /0.0.0.0:46815 - 0 ] INFO  server.GrpcService (GrpcService.java:startImpl(253)) - c04a7c39-1cc1-427e-b561-bc84fdac11df: GrpcService started, listening on 40237
2021-08-10 07:01:18,778 [EndpointStateMachine task thread for /0.0.0.0:46815 - 0 ] INFO  ratis.XceiverServerRatis (XceiverServerRatis.java:getRealPort(499)) - XceiverServerRatis c04a7c39-1cc1-427e-b561-bc84fdac11df is started using port 40237 for RATIS
2021-08-10 07:01:18,778 [EndpointStateMachine task thread for /0.0.0.0:46815 - 0 ] INFO  ratis.XceiverServerRatis (XceiverServerRatis.java:getRealPort(499)) - XceiverServerRatis c04a7c39-1cc1-427e-b561-bc84fdac11df is started using port 40237 for RATIS_ADMIN
2021-08-10 07:01:18,778 [EndpointStateMachine task thread for /0.0.0.0:46815 - 0 ] INFO  ratis.XceiverServerRatis (XceiverServerRatis.java:getRealPort(499)) - XceiverServerRatis c04a7c39-1cc1-427e-b561-bc84fdac11df is started using port 40237 for RATIS_SERVER
2021-08-10 07:01:18,778 [EndpointStateMachine task thread for /0.0.0.0:46815 - 0 ] INFO  server.XceiverServerGrpc (XceiverServerGrpc.java:start(135)) - XceiverServerGrpc c04a7c39-1cc1-427e-b561-bc84fdac11df is started using port 33337
2021-08-10 07:01:18,799 [org.apache.ratis.util.JvmPauseMonitor$$Lambda$531/1482834434@6e1f94fa] INFO  util.JvmPauseMonitor (JvmPauseMonitor.java:run(103)) - JvmPauseMonitor-c04a7c39-1cc1-427e-b561-bc84fdac11df: Started
2021-08-10 07:01:19,165 [EndpointStateMachine task thread for /0.0.0.0:46815 - 0 ] INFO  ozoneimpl.OzoneContainer (OzoneContainer.java:start(305)) - Attempting to start container services.
2021-08-10 07:01:19,165 [EndpointStateMachine task thread for /0.0.0.0:46815 - 0 ] INFO  ozoneimpl.OzoneContainer (OzoneContainer.java:startContainerScrub(250)) - Background container scanner has been disabled.
2021-08-10 07:01:19,165 [EndpointStateMachine task thread for /0.0.0.0:46815 - 0 ] INFO  replication.ReplicationServer (ReplicationServer.java:start(106)) - ReplicationServer is started using port 39227
2021-08-10 07:01:19,180 [EndpointStateMachine task thread for /0.0.0.0:46815 - 0 ] INFO  ratis.XceiverServerRatis (XceiverServerRatis.java:start(478)) - Starting XceiverServerRatis eff28ee8-57ea-45f2-9598-664172de0afc
2021-08-10 07:01:19,186 [EndpointStateMachine task thread for /0.0.0.0:46815 - 0 ] INFO  server.RaftServer (RaftServerProxy.java:lambda$start$5(374)) - eff28ee8-57ea-45f2-9598-664172de0afc: start RPC server
2021-08-10 07:01:19,187 [EndpointStateMachine task thread for /0.0.0.0:46815 - 0 ] INFO  server.GrpcService (GrpcService.java:startImpl(253)) - eff28ee8-57ea-45f2-9598-664172de0afc: GrpcService started, listening on 37107
2021-08-10 07:01:19,187 [EndpointStateMachine task thread for /0.0.0.0:46815 - 0 ] INFO  ratis.XceiverServerRatis (XceiverServerRatis.java:getRealPort(499)) - XceiverServerRatis eff28ee8-57ea-45f2-9598-664172de0afc is started using port 37107 for RATIS
2021-08-10 07:01:19,187 [EndpointStateMachine task thread for /0.0.0.0:46815 - 0 ] INFO  ratis.XceiverServerRatis (XceiverServerRatis.java:getRealPort(499)) - XceiverServerRatis eff28ee8-57ea-45f2-9598-664172de0afc is started using port 37107 for RATIS_ADMIN
2021-08-10 07:01:19,187 [EndpointStateMachine task thread for /0.0.0.0:46815 - 0 ] INFO  ratis.XceiverServerRatis (XceiverServerRatis.java:getRealPort(499)) - XceiverServerRatis eff28ee8-57ea-45f2-9598-664172de0afc is started using port 37107 for RATIS_SERVER
2021-08-10 07:01:19,188 [EndpointStateMachine task thread for /0.0.0.0:46815 - 0 ] INFO  server.XceiverServerGrpc (XceiverServerGrpc.java:start(135)) - XceiverServerGrpc eff28ee8-57ea-45f2-9598-664172de0afc is started using port 40575
2021-08-10 07:01:19,208 [org.apache.ratis.util.JvmPauseMonitor$$Lambda$531/1482834434@447f3e49] INFO  util.JvmPauseMonitor (JvmPauseMonitor.java:run(103)) - JvmPauseMonitor-eff28ee8-57ea-45f2-9598-664172de0afc: Started
2021-08-10 07:01:19,477 [Listener at 127.0.0.1/43351] INFO  ozone.MiniOzoneClusterImpl (MiniOzoneClusterImpl.java:lambda$waitForClusterToBeReady$0(235)) - Waiting for nodes to be ready. Got 0 of 3 DN Heartbeats.
2021-08-10 07:01:19,478 [Listener at 127.0.0.1/43351] INFO  ozone.MiniOzoneClusterImpl (MiniOzoneClusterImpl.java:lambda$waitForClusterToBeReady$0(238)) - Waiting for cluster to exit safe mode
2021-08-10 07:01:19,478 [Listener at 127.0.0.1/43351] INFO  ozone.MiniOzoneClusterImpl (MiniOzoneClusterImpl.java:lambda$waitForClusterToBeReady$0(240)) - SCM became leader
2021-08-10 07:01:19,512 [EndpointStateMachine task thread for /0.0.0.0:46815 - 0 ] INFO  ozoneimpl.OzoneContainer (OzoneContainer.java:start(305)) - Attempting to start container services.
2021-08-10 07:01:19,512 [EndpointStateMachine task thread for /0.0.0.0:46815 - 0 ] INFO  ozoneimpl.OzoneContainer (OzoneContainer.java:startContainerScrub(250)) - Background container scanner has been disabled.
2021-08-10 07:01:19,519 [EndpointStateMachine task thread for /0.0.0.0:46815 - 0 ] INFO  replication.ReplicationServer (ReplicationServer.java:start(106)) - ReplicationServer is started using port 45551
2021-08-10 07:01:19,521 [EndpointStateMachine task thread for /0.0.0.0:46815 - 0 ] INFO  ratis.XceiverServerRatis (XceiverServerRatis.java:start(478)) - Starting XceiverServerRatis 6b4f1d7a-7f8b-4ea3-931e-9057f129a70f
2021-08-10 07:01:19,524 [EndpointStateMachine task thread for /0.0.0.0:46815 - 0 ] INFO  server.RaftServer (RaftServerProxy.java:lambda$start$5(374)) - 6b4f1d7a-7f8b-4ea3-931e-9057f129a70f: start RPC server
2021-08-10 07:01:19,524 [EndpointStateMachine task thread for /0.0.0.0:46815 - 0 ] INFO  server.GrpcService (GrpcService.java:startImpl(253)) - 6b4f1d7a-7f8b-4ea3-931e-9057f129a70f: GrpcService started, listening on 39569
2021-08-10 07:01:19,524 [EndpointStateMachine task thread for /0.0.0.0:46815 - 0 ] INFO  ratis.XceiverServerRatis (XceiverServerRatis.java:getRealPort(499)) - XceiverServerRatis 6b4f1d7a-7f8b-4ea3-931e-9057f129a70f is started using port 39569 for RATIS
2021-08-10 07:01:19,525 [EndpointStateMachine task thread for /0.0.0.0:46815 - 0 ] INFO  ratis.XceiverServerRatis (XceiverServerRatis.java:getRealPort(499)) - XceiverServerRatis 6b4f1d7a-7f8b-4ea3-931e-9057f129a70f is started using port 39569 for RATIS_ADMIN
2021-08-10 07:01:19,525 [EndpointStateMachine task thread for /0.0.0.0:46815 - 0 ] INFO  ratis.XceiverServerRatis (XceiverServerRatis.java:getRealPort(499)) - XceiverServerRatis 6b4f1d7a-7f8b-4ea3-931e-9057f129a70f is started using port 39569 for RATIS_SERVER
2021-08-10 07:01:19,525 [org.apache.ratis.util.JvmPauseMonitor$$Lambda$531/1482834434@6bece3b0] INFO  util.JvmPauseMonitor (JvmPauseMonitor.java:run(103)) - JvmPauseMonitor-6b4f1d7a-7f8b-4ea3-931e-9057f129a70f: Started
2021-08-10 07:01:19,528 [EndpointStateMachine task thread for /0.0.0.0:46815 - 0 ] INFO  server.XceiverServerGrpc (XceiverServerGrpc.java:start(135)) - XceiverServerGrpc 6b4f1d7a-7f8b-4ea3-931e-9057f129a70f is started using port 44147
2021-08-10 07:01:20,478 [Listener at 127.0.0.1/43351] INFO  ozone.MiniOzoneClusterImpl (MiniOzoneClusterImpl.java:lambda$waitForClusterToBeReady$0(235)) - Waiting for nodes to be ready. Got 0 of 3 DN Heartbeats.
2021-08-10 07:01:20,478 [Listener at 127.0.0.1/43351] INFO  ozone.MiniOzoneClusterImpl (MiniOzoneClusterImpl.java:lambda$waitForClusterToBeReady$0(238)) - Waiting for cluster to exit safe mode
2021-08-10 07:01:20,478 [Listener at 127.0.0.1/43351] INFO  ozone.MiniOzoneClusterImpl (MiniOzoneClusterImpl.java:lambda$waitForClusterToBeReady$0(240)) - SCM became leader
2021-08-10 07:01:20,721 [IPC Server handler 1 on default port 46815] INFO  net.NetworkTopologyImpl (NetworkTopologyImpl.java:add(112)) - Added a new node: /default-rack/c04a7c39-1cc1-427e-b561-bc84fdac11df
2021-08-10 07:01:20,722 [IPC Server handler 1 on default port 46815] INFO  node.SCMNodeManager (SCMNodeManager.java:register(390)) - Registered Data node : c04a7c39-1cc1-427e-b561-bc84fdac11df{ip: 10.1.0.83, host: fv-az148-688.bm4ck3pvxvsene1rjriu5fhcdb.bx.internal.cloudapp.net, ports: [REPLICATION=33797, RATIS=40237, RATIS_ADMIN=40237, RATIS_SERVER=40237, STANDALONE=33337], networkLocation: /default-rack, certSerialId: null, persistedOpState: null, persistedOpStateExpiryEpochSec: 0}
2021-08-10 07:01:20,725 [EventQueue-NodeRegistrationContainerReportForContainerSafeModeRule] INFO  safemode.SCMSafeModeManager (SCMSafeModeManager.java:validateSafeModeExitRules(204)) - ContainerSafeModeRule rule is successfully validated
2021-08-10 07:01:20,731 [EventQueue-NewNodeForNewNodeHandler] INFO  pipeline.BackgroundPipelineCreator (BackgroundPipelineCreatorV2.java:notifyEventTriggered(285)) - trigger a one-shot run on RatisPipelineUtilsThread.
2021-08-10 07:01:20,732 [RatisPipelineUtilsThread - 0] INFO  pipeline.RatisPipelineProvider (RatisPipelineProvider.java:lambda$create$0(183)) - Sending CreatePipelineCommand for pipeline:PipelineID=19407cc5-f25d-408b-ba90-2cefe897ac6c to datanode:c04a7c39-1cc1-427e-b561-bc84fdac11df
2021-08-10 07:01:20,743 [EventQueue-NodeRegistrationContainerReportForDataNodeSafeModeRule] INFO  safemode.SCMSafeModeManager (DataNodeSafeModeRule.java:process(71)) - SCM in safe mode. 1 DataNodes registered, 3 required.
2021-08-10 07:01:20,744 [RatisPipelineUtilsThread - 0] INFO  pipeline.PipelineStateManager (PipelineStateManagerV2Impl.java:addPipeline(101)) - Created pipeline Pipeline[ Id: 19407cc5-f25d-408b-ba90-2cefe897ac6c, Nodes: c04a7c39-1cc1-427e-b561-bc84fdac11df{ip: 10.1.0.83, host: fv-az148-688.bm4ck3pvxvsene1rjriu5fhcdb.bx.internal.cloudapp.net, ports: [REPLICATION=33797, RATIS=40237, RATIS_ADMIN=40237, RATIS_SERVER=40237, STANDALONE=33337], networkLocation: /default-rack, certSerialId: null, persistedOpState: IN_SERVICE, persistedOpStateExpiryEpochSec: 0}, ReplicationConfig: RATIS/ONE, State:ALLOCATED, leaderId:, CreationTimestamp2021-08-10T07:01:20.732Z[Etc/UTC]].
2021-08-10 07:01:20,760 [EventQueue-PipelineReportForOneReplicaPipelineSafeModeRule] INFO  safemode.SCMSafeModeManager (SCMSafeModeManager.java:validateSafeModeExitRules(204)) - AtleastOneDatanodeReportedRule rule is successfully validated
2021-08-10 07:01:21,144 [IPC Server handler 2 on default port 46815] INFO  net.NetworkTopologyImpl (NetworkTopologyImpl.java:add(112)) - Added a new node: /default-rack/eff28ee8-57ea-45f2-9598-664172de0afc
2021-08-10 07:01:21,145 [IPC Server handler 2 on default port 46815] INFO  node.SCMNodeManager (SCMNodeManager.java:register(390)) - Registered Data node : eff28ee8-57ea-45f2-9598-664172de0afc{ip: 10.1.0.83, host: fv-az148-688.bm4ck3pvxvsene1rjriu5fhcdb.bx.internal.cloudapp.net, ports: [REPLICATION=39227, RATIS=37107, RATIS_ADMIN=37107, RATIS_SERVER=37107, STANDALONE=40575], networkLocation: /default-rack, certSerialId: null, persistedOpState: null, persistedOpStateExpiryEpochSec: 0}
2021-08-10 07:01:21,145 [EventQueue-NewNodeForNewNodeHandler] INFO  pipeline.BackgroundPipelineCreator (BackgroundPipelineCreatorV2.java:notifyEventTriggered(285)) - trigger a one-shot run on RatisPipelineUtilsThread.
2021-08-10 07:01:21,146 [EventQueue-NodeRegistrationContainerReportForDataNodeSafeModeRule] INFO  safemode.SCMSafeModeManager (DataNodeSafeModeRule.java:process(71)) - SCM in safe mode. 2 DataNodes registered, 3 required.
2021-08-10 07:01:21,146 [RatisPipelineUtilsThread - 0] INFO  pipeline.RatisPipelineProvider (RatisPipelineProvider.java:lambda$create$0(183)) - Sending CreatePipelineCommand for pipeline:PipelineID=473646d8-a5d9-4190-a5d4-6460917f694b to datanode:eff28ee8-57ea-45f2-9598-664172de0afc
2021-08-10 07:01:21,146 [RatisPipelineUtilsThread - 0] INFO  pipeline.PipelineStateManager (PipelineStateManagerV2Impl.java:addPipeline(101)) - Created pipeline Pipeline[ Id: 473646d8-a5d9-4190-a5d4-6460917f694b, Nodes: eff28ee8-57ea-45f2-9598-664172de0afc{ip: 10.1.0.83, host: fv-az148-688.bm4ck3pvxvsene1rjriu5fhcdb.bx.internal.cloudapp.net, ports: [REPLICATION=39227, RATIS=37107, RATIS_ADMIN=37107, RATIS_SERVER=37107, STANDALONE=40575], networkLocation: /default-rack, certSerialId: null, persistedOpState: IN_SERVICE, persistedOpStateExpiryEpochSec: 0}, ReplicationConfig: RATIS/ONE, State:ALLOCATED, leaderId:, CreationTimestamp2021-08-10T07:01:21.146Z[Etc/UTC]].
2021-08-10 07:01:21,479 [Listener at 127.0.0.1/43351] INFO  ozone.MiniOzoneClusterImpl (MiniOzoneClusterImpl.java:lambda$waitForClusterToBeReady$0(235)) - Waiting for nodes to be ready. Got 2 of 3 DN Heartbeats.
2021-08-10 07:01:21,479 [Listener at 127.0.0.1/43351] INFO  ozone.MiniOzoneClusterImpl (MiniOzoneClusterImpl.java:lambda$waitForClusterToBeReady$0(238)) - Waiting for cluster to exit safe mode
2021-08-10 07:01:21,479 [Listener at 127.0.0.1/43351] INFO  ozone.MiniOzoneClusterImpl (MiniOzoneClusterImpl.java:lambda$waitForClusterToBeReady$0(240)) - SCM became leader
2021-08-10 07:01:21,509 [IPC Server handler 0 on default port 46815] INFO  net.NetworkTopologyImpl (NetworkTopologyImpl.java:add(112)) - Added a new node: /default-rack/6b4f1d7a-7f8b-4ea3-931e-9057f129a70f
2021-08-10 07:01:21,510 [IPC Server handler 0 on default port 46815] INFO  node.SCMNodeManager (SCMNodeManager.java:register(390)) - Registered Data node : 6b4f1d7a-7f8b-4ea3-931e-9057f129a70f{ip: 10.1.0.83, host: fv-az148-688.bm4ck3pvxvsene1rjriu5fhcdb.bx.internal.cloudapp.net, ports: [REPLICATION=45551, RATIS=39569, RATIS_ADMIN=39569, RATIS_SERVER=39569, STANDALONE=44147], networkLocation: /default-rack, certSerialId: null, persistedOpState: null, persistedOpStateExpiryEpochSec: 0}
2021-08-10 07:01:21,510 [EventQueue-NewNodeForNewNodeHandler] INFO  pipeline.BackgroundPipelineCreator (BackgroundPipelineCreatorV2.java:notifyEventTriggered(285)) - trigger a one-shot run on RatisPipelineUtilsThread.
2021-08-10 07:01:21,510 [EventQueue-NodeRegistrationContainerReportForDataNodeSafeModeRule] INFO  safemode.SCMSafeModeManager (DataNodeSafeModeRule.java:process(71)) - SCM in safe mode. 3 DataNodes registered, 3 required.
2021-08-10 07:01:21,510 [EventQueue-NodeRegistrationContainerReportForDataNodeSafeModeRule] INFO  safemode.SCMSafeModeManager (SCMSafeModeManager.java:validateSafeModeExitRules(204)) - DataNodeSafeModeRule rule is successfully validated
2021-08-10 07:01:21,510 [EventQueue-NodeRegistrationContainerReportForDataNodeSafeModeRule] INFO  safemode.SCMSafeModeManager (SCMSafeModeManager.java:completePreCheck(233)) - All SCM safe mode pre check rules have passed
2021-08-10 07:01:21,510 [EventQueue-NodeRegistrationContainerReportForDataNodeSafeModeRule] WARN  events.EventQueue (EventQueue.java:fireEvent(194)) - No event handler registered for event TypedEvent{payloadType=SafeModeStatus, name='Safe mode status'}
2021-08-10 07:01:21,510 [RatisPipelineUtilsThread - 0] INFO  pipeline.RatisPipelineProvider (RatisPipelineProvider.java:lambda$create$0(183)) - Sending CreatePipelineCommand for pipeline:PipelineID=08b00ade-be06-483b-8dd9-f82145ddfb36 to datanode:6b4f1d7a-7f8b-4ea3-931e-9057f129a70f
2021-08-10 07:01:21,511 [RatisPipelineUtilsThread - 0] INFO  pipeline.PipelineStateManager (PipelineStateManagerV2Impl.java:addPipeline(101)) - Created pipeline Pipeline[ Id: 08b00ade-be06-483b-8dd9-f82145ddfb36, Nodes: 6b4f1d7a-7f8b-4ea3-931e-9057f129a70f{ip: 10.1.0.83, host: fv-az148-688.bm4ck3pvxvsene1rjriu5fhcdb.bx.internal.cloudapp.net, ports: [REPLICATION=45551, RATIS=39569, RATIS_ADMIN=39569, RATIS_SERVER=39569, STANDALONE=44147], networkLocation: /default-rack, certSerialId: null, persistedOpState: IN_SERVICE, persistedOpStateExpiryEpochSec: 0}, ReplicationConfig: RATIS/ONE, State:ALLOCATED, leaderId:, CreationTimestamp2021-08-10T07:01:21.510Z[Etc/UTC]].
2021-08-10 07:01:21,510 [EventQueue-NodeRegistrationContainerReportForDataNodeSafeModeRule] INFO  ha.SCMContext (SCMContext.java:updateSafeModeStatus(205)) - Update SafeModeStatus from SafeModeStatus{safeModeStatus=true, preCheckPassed=false} to SafeModeStatus{safeModeStatus=true, preCheckPassed=true}.
2021-08-10 07:01:21,514 [EventQueue-NodeRegistrationContainerReportForDataNodeSafeModeRule] INFO  pipeline.BackgroundPipelineCreator (BackgroundPipelineCreatorV2.java:notifyEventTriggered(285)) - trigger a one-shot run on RatisPipelineUtilsThread.
2021-08-10 07:01:21,514 [RatisPipelineUtilsThread - 0] INFO  pipeline.RatisPipelineProvider (RatisPipelineProvider.java:lambda$create$0(183)) - Sending CreatePipelineCommand for pipeline:PipelineID=c9eaf022-fdb1-4210-b0ec-7cafe9d6e6c5 to datanode:6b4f1d7a-7f8b-4ea3-931e-9057f129a70f
2021-08-10 07:01:21,515 [RatisPipelineUtilsThread - 0] INFO  pipeline.RatisPipelineProvider (RatisPipelineProvider.java:lambda$create$0(183)) - Sending CreatePipelineCommand for pipeline:PipelineID=c9eaf022-fdb1-4210-b0ec-7cafe9d6e6c5 to datanode:c04a7c39-1cc1-427e-b561-bc84fdac11df
2021-08-10 07:01:21,515 [RatisPipelineUtilsThread - 0] INFO  pipeline.RatisPipelineProvider (RatisPipelineProvider.java:lambda$create$0(183)) - Sending CreatePipelineCommand for pipeline:PipelineID=c9eaf022-fdb1-4210-b0ec-7cafe9d6e6c5 to datanode:eff28ee8-57ea-45f2-9598-664172de0afc
2021-08-10 07:01:21,515 [RatisPipelineUtilsThread - 0] INFO  pipeline.PipelineStateManager (PipelineStateManagerV2Impl.java:addPipeline(101)) - Created pipeline Pipeline[ Id: c9eaf022-fdb1-4210-b0ec-7cafe9d6e6c5, Nodes: 6b4f1d7a-7f8b-4ea3-931e-9057f129a70f{ip: 10.1.0.83, host: fv-az148-688.bm4ck3pvxvsene1rjriu5fhcdb.bx.internal.cloudapp.net, ports: [REPLICATION=45551, RATIS=39569, RATIS_ADMIN=39569, RATIS_SERVER=39569, STANDALONE=44147], networkLocation: /default-rack, certSerialId: null, persistedOpState: IN_SERVICE, persistedOpStateExpiryEpochSec: 0}c04a7c39-1cc1-427e-b561-bc84fdac11df{ip: 10.1.0.83, host: fv-az148-688.bm4ck3pvxvsene1rjriu5fhcdb.bx.internal.cloudapp.net, ports: [REPLICATION=33797, RATIS=40237, RATIS_ADMIN=40237, RATIS_SERVER=40237, STANDALONE=33337], networkLocation: /default-rack, certSerialId: null, persistedOpState: IN_SERVICE, persistedOpStateExpiryEpochSec: 0}eff28ee8-57ea-45f2-9598-664172de0afc{ip: 10.1.0.83, host: fv-az148-688.bm4ck3pvxvsene1rjriu5fhcdb.bx.internal.cloudapp.net, ports: [REPLICATION=39227, RATIS=37107, RATIS_ADMIN=37107, RATIS_SERVER=37107, STANDALONE=40575], networkLocation: /default-rack, certSerialId: null, persistedOpState: IN_SERVICE, persistedOpStateExpiryEpochSec: 0}, ReplicationConfig: RATIS/THREE, State:ALLOCATED, leaderId:, CreationTimestamp2021-08-10T07:01:21.514Z[Etc/UTC]].
2021-08-10 07:01:21,516 [RatisPipelineUtilsThread - 0] INFO  pipeline.RatisPipelineProvider (RatisPipelineProvider.java:lambda$create$0(183)) - Sending CreatePipelineCommand for pipeline:PipelineID=31799dc1-e164-409e-9282-920335f0079f to datanode:c04a7c39-1cc1-427e-b561-bc84fdac11df
2021-08-10 07:01:21,516 [RatisPipelineUtilsThread - 0] INFO  pipeline.RatisPipelineProvider (RatisPipelineProvider.java:lambda$create$0(183)) - Sending CreatePipelineCommand for pipeline:PipelineID=31799dc1-e164-409e-9282-920335f0079f to datanode:eff28ee8-57ea-45f2-9598-664172de0afc
2021-08-10 07:01:21,516 [RatisPipelineUtilsThread - 0] INFO  pipeline.RatisPipelineProvider (RatisPipelineProvider.java:lambda$create$0(183)) - Sending CreatePipelineCommand for pipeline:PipelineID=31799dc1-e164-409e-9282-920335f0079f to datanode:6b4f1d7a-7f8b-4ea3-931e-9057f129a70f
2021-08-10 07:01:21,516 [RatisPipelineUtilsThread - 0] INFO  pipeline.PipelineStateManager (PipelineStateManagerV2Impl.java:addPipeline(101)) - Created pipeline Pipeline[ Id: 31799dc1-e164-409e-9282-920335f0079f, Nodes: c04a7c39-1cc1-427e-b561-bc84fdac11df{ip: 10.1.0.83, host: fv-az148-688.bm4ck3pvxvsene1rjriu5fhcdb.bx.internal.cloudapp.net, ports: [REPLICATION=33797, RATIS=40237, RATIS_ADMIN=40237, RATIS_SERVER=40237, STANDALONE=33337], networkLocation: /default-rack, certSerialId: null, persistedOpState: IN_SERVICE, persistedOpStateExpiryEpochSec: 0}eff28ee8-57ea-45f2-9598-664172de0afc{ip: 10.1.0.83, host: fv-az148-688.bm4ck3pvxvsene1rjriu5fhcdb.bx.internal.cloudapp.net, ports: [REPLICATION=39227, RATIS=37107, RATIS_ADMIN=37107, RATIS_SERVER=37107, STANDALONE=40575], networkLocation: /default-rack, certSerialId: null, persistedOpState: IN_SERVICE, persistedOpStateExpiryEpochSec: 0}6b4f1d7a-7f8b-4ea3-931e-9057f129a70f{ip: 10.1.0.83, host: fv-az148-688.bm4ck3pvxvsene1rjriu5fhcdb.bx.internal.cloudapp.net, ports: [REPLICATION=45551, RATIS=39569, RATIS_ADMIN=39569, RATIS_SERVER=39569, STANDALONE=44147], networkLocation: /default-rack, certSerialId: null, persistedOpState: IN_SERVICE, persistedOpStateExpiryEpochSec: 0}, ReplicationConfig: RATIS/THREE, State:ALLOCATED, leaderId:, CreationTimestamp2021-08-10T07:01:21.516Z[Etc/UTC]].
2021-08-10 07:01:21,517 [RatisPipelineUtilsThread - 0] INFO  pipeline.PipelineManagerV2Impl (PipelineManagerV2Impl.java:recordMetricsForPipeline(614)) - Pipeline: PipelineID=31799dc1-e164-409e-9282-920335f0079f contains same datanodes as previous pipelines: PipelineID=c9eaf022-fdb1-4210-b0ec-7cafe9d6e6c5 nodeIds: c04a7c39-1cc1-427e-b561-bc84fdac11df, eff28ee8-57ea-45f2-9598-664172de0afc, 6b4f1d7a-7f8b-4ea3-931e-9057f129a70f
2021-08-10 07:01:22,484 [Listener at 127.0.0.1/43351] INFO  ozone.MiniOzoneClusterImpl (MiniOzoneClusterImpl.java:lambda$waitForClusterToBeReady$0(235)) - Nodes are ready. Got 3 of 3 DN Heartbeats.
2021-08-10 07:01:22,485 [Listener at 127.0.0.1/43351] INFO  ozone.MiniOzoneClusterImpl (MiniOzoneClusterImpl.java:lambda$waitForClusterToBeReady$0(238)) - Waiting for cluster to exit safe mode
2021-08-10 07:01:22,485 [Listener at 127.0.0.1/43351] INFO  ozone.MiniOzoneClusterImpl (MiniOzoneClusterImpl.java:lambda$waitForClusterToBeReady$0(240)) - SCM became leader
2021-08-10 07:01:23,486 [Listener at 127.0.0.1/43351] INFO  ozone.MiniOzoneClusterImpl (MiniOzoneClusterImpl.java:lambda$waitForClusterToBeReady$0(235)) - Nodes are ready. Got 3 of 3 DN Heartbeats.
2021-08-10 07:01:23,486 [Listener at 127.0.0.1/43351] INFO  ozone.MiniOzoneClusterImpl (MiniOzoneClusterImpl.java:lambda$waitForClusterToBeReady$0(238)) - Waiting for cluster to exit safe mode
2021-08-10 07:01:23,486 [Listener at 127.0.0.1/43351] INFO  ozone.MiniOzoneClusterImpl (MiniOzoneClusterImpl.java:lambda$waitForClusterToBeReady$0(240)) - SCM became leader
2021-08-10 07:01:23,721 [Command processor thread] INFO  server.RaftServer (RaftServerProxy.java:addNew(95)) - c04a7c39-1cc1-427e-b561-bc84fdac11df: addNew group-2CEFE897AC6C:[c04a7c39-1cc1-427e-b561-bc84fdac11df|rpc:10.1.0.83:40237|priority:1] returns group-2CEFE897AC6C:java.util.concurrent.CompletableFuture@4a6fe08[Not completed]
2021-08-10 07:01:23,723 [pool-369-thread-1] INFO  server.RaftServer$Division (RaftServerImpl.java:<init>(181)) - c04a7c39-1cc1-427e-b561-bc84fdac11df: new RaftServerImpl for group-2CEFE897AC6C:[c04a7c39-1cc1-427e-b561-bc84fdac11df|rpc:10.1.0.83:40237|priority:1] with ContainerStateMachine:uninitialized
2021-08-10 07:01:23,723 [pool-369-thread-1] INFO  server.RaftServerConfigKeys (ConfUtils.java:logGet(44)) - raft.server.rpc.timeout.min = 5s (custom)
2021-08-10 07:01:23,723 [pool-369-thread-1] INFO  server.RaftServerConfigKeys (ConfUtils.java:logGet(44)) - raft.server.rpc.timeout.max = 5200ms (custom)
2021-08-10 07:01:23,724 [pool-369-thread-1] INFO  server.RaftServerConfigKeys (ConfUtils.java:logGet(44)) - raft.server.rpc.sleep.time = 25ms (default)
2021-08-10 07:01:23,724 [pool-369-thread-1] INFO  server.RaftServerConfigKeys (ConfUtils.java:logGet(44)) - raft.server.rpc.slowness.timeout = 300s (custom)
2021-08-10 07:01:23,724 [pool-369-thread-1] INFO  server.RaftServerConfigKeys (ConfUtils.java:logGet(44)) - raft.server.leaderelection.leader.step-down.wait-time = 10s (default)
2021-08-10 07:01:23,724 [pool-369-thread-1] INFO  server.RaftServerConfigKeys (ConfUtils.java:logGet(44)) - raft.server.sleep.deviation.threshold = 300ms (default)
2021-08-10 07:01:23,724 [pool-369-thread-1] INFO  server.RaftServerConfigKeys (ConfUtils.java:logGet(44)) - raft.server.log.appender.install.snapshot.enabled = false (custom)
2021-08-10 07:01:23,724 [pool-369-thread-1] INFO  server.RaftServer$Division (ServerState.java:<init>(105)) - c04a7c39-1cc1-427e-b561-bc84fdac11df@group-2CEFE897AC6C: ConfigurationManager, init=-1: [c04a7c39-1cc1-427e-b561-bc84fdac11df|rpc:10.1.0.83:40237|priority:1], old=null, confs=<EMPTY_MAP>
2021-08-10 07:01:23,724 [pool-369-thread-1] INFO  server.RaftServerConfigKeys (ConfUtils.java:logGet(44)) - raft.server.storage.dir = [/home/runner/work/ozone/ozone/hadoop-ozone/integration-test/target/test-dir/MiniOzoneClusterImpl-fdc8fd63-cfc3-45c6-b077-7c3a44cbc127/datanode-0/data/ratis] (custom)
2021-08-10 07:01:23,724 [pool-369-thread-1] INFO  server.RaftServerConfigKeys (ConfUtils.java:logGet(44)) - raft.server.log.corruption.policy = EXCEPTION (default)
2021-08-10 07:01:23,724 [pool-369-thread-1] INFO  server.RaftServerConfigKeys (ConfUtils.java:logGet(44)) - raft.server.storage.free-space.min = 0MB (=0) (default)
2021-08-10 07:01:23,725 [pool-369-thread-1] INFO  storage.RaftStorageDirectory (RaftStorageDirectoryImpl.java:analyzeStorage(135)) - The storage directory /home/runner/work/ozone/ozone/hadoop-ozone/integration-test/target/test-dir/MiniOzoneClusterImpl-fdc8fd63-cfc3-45c6-b077-7c3a44cbc127/datanode-0/data/ratis/19407cc5-f25d-408b-ba90-2cefe897ac6c does not exist. Creating ...
2021-08-10 07:01:23,732 [pool-369-thread-1] INFO  storage.RaftStorageDirectory (RaftStorageDirectoryImpl.java:tryLock(230)) - Lock on /home/runner/work/ozone/ozone/hadoop-ozone/integration-test/target/test-dir/MiniOzoneClusterImpl-fdc8fd63-cfc3-45c6-b077-7c3a44cbc127/datanode-0/data/ratis/19407cc5-f25d-408b-ba90-2cefe897ac6c/in_use.lock acquired by nodename 20789@fv-az148-688
2021-08-10 07:01:23,743 [pool-369-thread-1] INFO  storage.RaftStorage (RaftStorageImpl.java:format(89)) - Storage directory /home/runner/work/ozone/ozone/hadoop-ozone/integration-test/target/test-dir/MiniOzoneClusterImpl-fdc8fd63-cfc3-45c6-b077-7c3a44cbc127/datanode-0/data/ratis/19407cc5-f25d-408b-ba90-2cefe897ac6c has been successfully formatted.
2021-08-10 07:01:23,752 [pool-369-thread-1] INFO  ratis.ContainerStateMachine (ContainerStateMachine.java:loadSnapshot(223)) - group-2CEFE897AC6C: The snapshot info is null. Setting the last applied indexto:(t:0, i:~)
2021-08-10 07:01:23,752 [Datanode State Machine Thread - 0] WARN  statemachine.StateContext (StateContext.java:execute(621)) - No available thread in pool for past 1 seconds.
2021-08-10 07:01:23,755 [EventQueue-PipelineReportForPipelineReportHandler] INFO  pipeline.PipelineManagerV2Impl (PipelineManagerV2Impl.java:openPipeline(283)) - Pipeline Pipeline[ Id: 19407cc5-f25d-408b-ba90-2cefe897ac6c, Nodes: c04a7c39-1cc1-427e-b561-bc84fdac11df{ip: 10.1.0.83, host: fv-az148-688.bm4ck3pvxvsene1rjriu5fhcdb.bx.internal.cloudapp.net, ports: [REPLICATION=33797, RATIS=40237, RATIS_ADMIN=40237, RATIS_SERVER=40237, STANDALONE=33337], networkLocation: /default-rack, certSerialId: null, persistedOpState: IN_SERVICE, persistedOpStateExpiryEpochSec: 0}, ReplicationConfig: RATIS/ONE, State:ALLOCATED, leaderId:c04a7c39-1cc1-427e-b561-bc84fdac11df, CreationTimestamp2021-08-10T07:01:20.732Z[Etc/UTC]] moved to OPEN state
2021-08-10 07:01:23,752 [pool-369-thread-1] INFO  server.RaftServerConfigKeys (ConfUtils.java:logGet(44)) - raft.server.notification.no-leader.timeout = 300s (custom)
2021-08-10 07:01:23,758 [pool-369-thread-1] INFO  server.RaftServerConfigKeys (ConfUtils.java:logGet(44)) - raft.server.log.use.memory = false (default)
2021-08-10 07:01:23,772 [pool-369-thread-1] INFO  server.RaftServerConfigKeys (ConfUtils.java:logGet(44)) - raft.server.log.purge.gap = 1000000 (custom)
2021-08-10 07:01:23,772 [pool-369-thread-1] INFO  server.RaftServerConfigKeys (ConfUtils.java:logGet(44)) - raft.server.log.appender.buffer.byte-limit = 33554432 (custom)
2021-08-10 07:01:23,773 [pool-369-thread-1] INFO  server.RaftServerConfigKeys (ConfUtils.java:logGet(44)) - raft.server.log.segment.size.max = 1048576 (custom)
2021-08-10 07:01:23,773 [pool-369-thread-1] INFO  server.RaftServerConfigKeys (ConfUtils.java:logGet(44)) - raft.server.log.segment.cache.num.max = 2 (custom)
2021-08-10 07:01:23,773 [pool-369-thread-1] INFO  server.RaftServerConfigKeys (ConfUtils.java:logGet(44)) - raft.server.log.segment.cache.size.max = 200MB (=209715200) (default)
2021-08-10 07:01:23,773 [pool-369-thread-1] INFO  segmented.SegmentedRaftLogWorker (SegmentedRaftLogWorker.java:<init>(182)) - new c04a7c39-1cc1-427e-b561-bc84fdac11df@group-2CEFE897AC6C-SegmentedRaftLogWorker for RaftStorageImpl:Storage Directory /home/runner/work/ozone/ozone/hadoop-ozone/integration-test/target/test-dir/MiniOzoneClusterImpl-fdc8fd63-cfc3-45c6-b077-7c3a44cbc127/datanode-0/data/ratis/19407cc5-f25d-408b-ba90-2cefe897ac6c
2021-08-10 07:01:23,773 [pool-369-thread-1] INFO  server.RaftServerConfigKeys (ConfUtils.java:logGet(44)) - raft.server.log.queue.byte-limit = 2147483647 (custom)
2021-08-10 07:01:23,773 [pool-369-thread-1] INFO  server.RaftServerConfigKeys (ConfUtils.java:logGet(44)) - raft.server.log.queue.element-limit = 1024 (custom)
2021-08-10 07:01:23,773 [pool-369-thread-1] INFO  server.RaftServerConfigKeys (ConfUtils.java:logGet(44)) - raft.server.log.segment.size.max = 1048576 (custom)
2021-08-10 07:01:23,773 [pool-369-thread-1] INFO  server.RaftServerConfigKeys (ConfUtils.java:logGet(44)) - raft.server.log.preallocated.size = 16384 (custom)
2021-08-10 07:01:23,773 [pool-369-thread-1] INFO  server.RaftServerConfigKeys (ConfUtils.java:logGet(44)) - raft.server.log.force.sync.num = 128 (default)
2021-08-10 07:01:23,773 [pool-369-thread-1] INFO  server.RaftServerConfigKeys (ConfUtils.java:logGet(44)) - raft.server.log.statemachine.data.sync = true (default)
2021-08-10 07:01:23,773 [pool-369-thread-1] INFO  server.RaftServerConfigKeys (ConfUtils.java:logGet(44)) - raft.server.log.statemachine.data.sync.timeout = 10s (default)
2021-08-10 07:01:23,774 [pool-369-thread-1] INFO  server.RaftServerConfigKeys (ConfUtils.java:logGet(44)) - raft.server.log.statemachine.data.sync.timeout.retry = -1 (default)
2021-08-10 07:01:23,774 [pool-369-thread-1] INFO  server.RaftServerConfigKeys (ConfUtils.java:logGet(44)) - raft.server.log.write.buffer.size = 1048576 (custom)
2021-08-10 07:01:23,774 [pool-369-thread-1] INFO  server.RaftServerConfigKeys (ConfUtils.java:logGet(44)) - raft.server.log.statemachine.data.caching.enabled = true (custom)
2021-08-10 07:01:23,775 [pool-369-thread-1] INFO  segmented.SegmentedRaftLogWorker (SegmentedRaftLogWorker.java:lambda$new$0(133)) - c04a7c39-1cc1-427e-b561-bc84fdac11df@group-2CEFE897AC6C-SegmentedRaftLogWorker: flushIndex: setUnconditionally 0 -> -1
2021-08-10 07:01:23,772 [EventQueue-OpenPipelineForHealthyPipelineSafeModeRule] INFO  safemode.SCMSafeModeManager (HealthyPipelineSafeModeRule.java:process(124)) - SCM in safe mode. Healthy pipelines reported count is 0, required healthy pipeline reported count is 1
2021-08-10 07:01:23,789 [pool-369-thread-1] INFO  segmented.SegmentedRaftLogWorker (SegmentedRaftLogWorker.java:lambda$new$0(133)) - c04a7c39-1cc1-427e-b561-bc84fdac11df@group-2CEFE897AC6C-SegmentedRaftLogWorker: safeCacheEvictIndex: setUnconditionally 0 -> -1
2021-08-10 07:01:23,790 [pool-369-thread-1] INFO  server.RaftServerConfigKeys (ConfUtils.java:logGet(44)) - raft.server.snapshot.auto.trigger.enabled = true (custom)
2021-08-10 07:01:23,790 [pool-369-thread-1] INFO  server.RaftServerConfigKeys (ConfUtils.java:logGet(44)) - raft.server.snapshot.auto.trigger.threshold = 10000 (custom)
2021-08-10 07:01:23,790 [pool-369-thread-1] INFO  server.RaftServerConfigKeys (ConfUtils.java:logGet(44)) - raft.server.snapshot.retention.file.num = 5 (custom)
2021-08-10 07:01:23,790 [pool-369-thread-1] INFO  server.RaftServerConfigKeys (ConfUtils.java:logGet(44)) - raft.server.log.purge.upto.snapshot.index = false (default)
2021-08-10 07:01:23,790 [pool-369-thread-1] INFO  server.RaftServerConfigKeys (ConfUtils.java:logGet(44)) - raft.server.retrycache.expirytime = 600000ms (custom)
2021-08-10 07:01:23,790 [pool-369-thread-1] INFO  server.RaftServerConfigKeys (ConfUtils.java:logGet(44)) - raft.server.retrycache.statistics.expirytime = 100μs (default)
2021-08-10 07:01:23,797 [pool-369-thread-1] INFO  server.RaftServer$Division (RaftServerImpl.java:start(296)) - c04a7c39-1cc1-427e-b561-bc84fdac11df@group-2CEFE897AC6C: start as a follower, conf=-1: [c04a7c39-1cc1-427e-b561-bc84fdac11df|rpc:10.1.0.83:40237|priority:1], old=null
2021-08-10 07:01:23,797 [pool-369-thread-1] INFO  server.RaftServer$Division (RaftServerImpl.java:setRole(285)) - c04a7c39-1cc1-427e-b561-bc84fdac11df@group-2CEFE897AC6C: changes role from      null to FOLLOWER at term 0 for startAsFollower
2021-08-10 07:01:23,797 [pool-369-thread-1] INFO  impl.RoleInfo (RoleInfo.java:updateAndGet(130)) - c04a7c39-1cc1-427e-b561-bc84fdac11df: start c04a7c39-1cc1-427e-b561-bc84fdac11df@group-2CEFE897AC6C-FollowerState
2021-08-10 07:01:23,799 [pool-369-thread-1] INFO  util.JmxRegister (JmxRegister.java:tryRegister(44)) - Successfully registered JMX Bean with object name Ratis:service=RaftServer,group=group-2CEFE897AC6C,id=c04a7c39-1cc1-427e-b561-bc84fdac11df
2021-08-10 07:01:23,806 [Command processor thread] INFO  ratis.XceiverServerRatis (XceiverServerRatis.java:addGroup(759)) - Created group PipelineID=19407cc5-f25d-408b-ba90-2cefe897ac6c
2021-08-10 07:01:23,806 [Command processor thread] INFO  commandhandler.CreatePipelineCommandHandler (CreatePipelineCommandHandler.java:handle(106)) - Created Pipeline RATIS ONE PipelineID=19407cc5-f25d-408b-ba90-2cefe897ac6c.
2021-08-10 07:01:23,806 [Command processor thread] INFO  server.RaftServer (RaftServerProxy.java:addNew(95)) - c04a7c39-1cc1-427e-b561-bc84fdac11df: addNew group-7CAFE9D6E6C5:[6b4f1d7a-7f8b-4ea3-931e-9057f129a70f|rpc:10.1.0.83:39569|priority:1, eff28ee8-57ea-45f2-9598-664172de0afc|rpc:10.1.0.83:37107|priority:0, c04a7c39-1cc1-427e-b561-bc84fdac11df|rpc:10.1.0.83:40237|priority:0] returns group-7CAFE9D6E6C5:java.util.concurrent.CompletableFuture@996a44[Not completed]
2021-08-10 07:01:23,807 [pool-369-thread-1] INFO  server.RaftServer$Division (RaftServerImpl.java:<init>(181)) - c04a7c39-1cc1-427e-b561-bc84fdac11df: new RaftServerImpl for group-7CAFE9D6E6C5:[6b4f1d7a-7f8b-4ea3-931e-9057f129a70f|rpc:10.1.0.83:39569|priority:1, eff28ee8-57ea-45f2-9598-664172de0afc|rpc:10.1.0.83:37107|priority:0, c04a7c39-1cc1-427e-b561-bc84fdac11df|rpc:10.1.0.83:40237|priority:0] with ContainerStateMachine:uninitialized
2021-08-10 07:01:23,807 [pool-369-thread-1] INFO  server.RaftServerConfigKeys (ConfUtils.java:logGet(44)) - raft.server.rpc.timeout.min = 5s (custom)
2021-08-10 07:01:23,807 [pool-369-thread-1] INFO  server.RaftServerConfigKeys (ConfUtils.java:logGet(44)) - raft.server.rpc.timeout.max = 5200ms (custom)
2021-08-10 07:01:23,807 [pool-369-thread-1] INFO  server.RaftServerConfigKeys (ConfUtils.java:logGet(44)) - raft.server.rpc.sleep.time = 25ms (default)
2021-08-10 07:01:23,807 [pool-369-thread-1] INFO  server.RaftServerConfigKeys (ConfUtils.java:logGet(44)) - raft.server.rpc.slowness.timeout = 300s (custom)
2021-08-10 07:01:23,807 [pool-369-thread-1] INFO  server.RaftServerConfigKeys (ConfUtils.java:logGet(44)) - raft.server.leaderelection.leader.step-down.wait-time = 10s (default)
2021-08-10 07:01:23,807 [pool-369-thread-1] INFO  server.RaftServerConfigKeys (ConfUtils.java:logGet(44)) - raft.server.sleep.deviation.threshold = 300ms (default)
2021-08-10 07:01:23,807 [pool-369-thread-1] INFO  server.RaftServerConfigKeys (ConfUtils.java:logGet(44)) - raft.server.log.appender.install.snapshot.enabled = false (custom)
2021-08-10 07:01:23,808 [pool-369-thread-1] INFO  server.RaftServer$Division (ServerState.java:<init>(105)) - c04a7c39-1cc1-427e-b561-bc84fdac11df@group-7CAFE9D6E6C5: ConfigurationManager, init=-1: [6b4f1d7a-7f8b-4ea3-931e-9057f129a70f|rpc:10.1.0.83:39569|priority:1, eff28ee8-57ea-45f2-9598-664172de0afc|rpc:10.1.0.83:37107|priority:0, c04a7c39-1cc1-427e-b561-bc84fdac11df|rpc:10.1.0.83:40237|priority:0], old=null, confs=<EMPTY_MAP>
2021-08-10 07:01:23,808 [pool-369-thread-1] INFO  server.RaftServerConfigKeys (ConfUtils.java:logGet(44)) - raft.server.storage.dir = [/home/runner/work/ozone/ozone/hadoop-ozone/integration-test/target/test-dir/MiniOzoneClusterImpl-fdc8fd63-cfc3-45c6-b077-7c3a44cbc127/datanode-0/data/ratis] (custom)
2021-08-10 07:01:23,808 [pool-369-thread-1] INFO  server.RaftServerConfigKeys (ConfUtils.java:logGet(44)) - raft.server.log.corruption.policy = EXCEPTION (default)
2021-08-10 07:01:23,808 [pool-369-thread-1] INFO  server.RaftServerConfigKeys (ConfUtils.java:logGet(44)) - raft.server.storage.free-space.min = 0MB (=0) (default)
2021-08-10 07:01:23,808 [pool-369-thread-1] INFO  storage.RaftStorageDirectory (RaftStorageDirectoryImpl.java:analyzeStorage(135)) - The storage directory /home/runner/work/ozone/ozone/hadoop-ozone/integration-test/target/test-dir/MiniOzoneClusterImpl-fdc8fd63-cfc3-45c6-b077-7c3a44cbc127/datanode-0/data/ratis/c9eaf022-fdb1-4210-b0ec-7cafe9d6e6c5 does not exist. Creating ...
2021-08-10 07:01:23,810 [pool-369-thread-1] INFO  storage.RaftStorageDirectory (RaftStorageDirectoryImpl.java:tryLock(230)) - Lock on /home/runner/work/ozone/ozone/hadoop-ozone/integration-test/target/test-dir/MiniOzoneClusterImpl-fdc8fd63-cfc3-45c6-b077-7c3a44cbc127/datanode-0/data/ratis/c9eaf022-fdb1-4210-b0ec-7cafe9d6e6c5/in_use.lock acquired by nodename 20789@fv-az148-688
2021-08-10 07:01:23,811 [pool-369-thread-1] INFO  storage.RaftStorage (RaftStorageImpl.java:format(89)) - Storage directory /home/runner/work/ozone/ozone/hadoop-ozone/integration-test/target/test-dir/MiniOzoneClusterImpl-fdc8fd63-cfc3-45c6-b077-7c3a44cbc127/datanode-0/data/ratis/c9eaf022-fdb1-4210-b0ec-7cafe9d6e6c5 has been successfully formatted.
2021-08-10 07:01:23,811 [Datanode State Machine Thread - 0] WARN  statemachine.StateContext (StateContext.java:execute(621)) - No available thread in pool for past 1 seconds.
2021-08-10 07:01:23,812 [pool-369-thread-1] INFO  ratis.ContainerStateMachine (ContainerStateMachine.java:loadSnapshot(223)) - group-7CAFE9D6E6C5: The snapshot info is null. Setting the last applied indexto:(t:0, i:~)
2021-08-10 07:01:23,812 [pool-369-thread-1] INFO  server.RaftServerConfigKeys (ConfUtils.java:logGet(44)) - raft.server.notification.no-leader.timeout = 300s (custom)
2021-08-10 07:01:23,812 [pool-369-thread-1] INFO  server.RaftServerConfigKeys (ConfUtils.java:logGet(44)) - raft.server.log.use.memory = false (default)
2021-08-10 07:01:23,812 [pool-369-thread-1] INFO  server.RaftServerConfigKeys (ConfUtils.java:logGet(44)) - raft.server.log.purge.gap = 1000000 (custom)
2021-08-10 07:01:23,812 [pool-369-thread-1] INFO  server.RaftServerConfigKeys (ConfUtils.java:logGet(44)) - raft.server.log.appender.buffer.byte-limit = 33554432 (custom)
2021-08-10 07:01:23,812 [pool-369-thread-1] INFO  server.RaftServerConfigKeys (ConfUtils.java:logGet(44)) - raft.server.log.segment.size.max = 1048576 (custom)
2021-08-10 07:01:23,812 [pool-369-thread-1] INFO  server.RaftServerConfigKeys (ConfUtils.java:logGet(44)) - raft.server.log.segment.cache.num.max = 2 (custom)
2021-08-10 07:01:23,812 [pool-369-thread-1] INFO  server.RaftServerConfigKeys (ConfUtils.java:logGet(44)) - raft.server.log.segment.cache.size.max = 200MB (=209715200) (default)
2021-08-10 07:01:23,813 [pool-369-thread-1] INFO  segmented.SegmentedRaftLogWorker (SegmentedRaftLogWorker.java:<init>(182)) - new c04a7c39-1cc1-427e-b561-bc84fdac11df@group-7CAFE9D6E6C5-SegmentedRaftLogWorker for RaftStorageImpl:Storage Directory /home/runner/work/ozone/ozone/hadoop-ozone/integration-test/target/test-dir/MiniOzoneClusterImpl-fdc8fd63-cfc3-45c6-b077-7c3a44cbc127/datanode-0/data/ratis/c9eaf022-fdb1-4210-b0ec-7cafe9d6e6c5
2021-08-10 07:01:23,813 [pool-369-thread-1] INFO  server.RaftServerConfigKeys (ConfUtils.java:logGet(44)) - raft.server.log.queue.byte-limit = 2147483647 (custom)
2021-08-10 07:01:23,813 [pool-369-thread-1] INFO  server.RaftServerConfigKeys (ConfUtils.java:logGet(44)) - raft.server.log.queue.element-limit = 1024 (custom)
2021-08-10 07:01:23,813 [pool-369-thread-1] INFO  server.RaftServerConfigKeys (ConfUtils.java:logGet(44)) - raft.server.log.segment.size.max = 1048576 (custom)
2021-08-10 07:01:23,813 [pool-369-thread-1] INFO  server.RaftServerConfigKeys (ConfUtils.java:logGet(44)) - raft.server.log.preallocated.size = 16384 (custom)
2021-08-10 07:01:23,813 [pool-369-thread-1] INFO  server.RaftServerConfigKeys (ConfUtils.java:logGet(44)) - raft.server.log.force.sync.num = 128 (default)
2021-08-10 07:01:23,813 [pool-369-thread-1] INFO  server.RaftServerConfigKeys (ConfUtils.java:logGet(44)) - raft.server.log.statemachine.data.sync = true (default)
2021-08-10 07:01:23,813 [pool-369-thread-1] INFO  server.RaftServerConfigKeys (ConfUtils.java:logGet(44)) - raft.server.log.statemachine.data.sync.timeout = 10s (default)
2021-08-10 07:01:23,813 [pool-369-thread-1] INFO  server.RaftServerConfigKeys (ConfUtils.java:logGet(44)) - raft.server.log.statemachine.data.sync.timeout.retry = -1 (default)
2021-08-10 07:01:23,814 [pool-369-thread-1] INFO  server.RaftServerConfigKeys (ConfUtils.java:logGet(44)) - raft.server.log.write.buffer.size = 1048576 (custom)
2021-08-10 07:01:23,814 [pool-369-thread-1] INFO  server.RaftServerConfigKeys (ConfUtils.java:logGet(44)) - raft.server.log.statemachine.data.caching.enabled = true (custom)
2021-08-10 07:01:23,814 [pool-369-thread-1] INFO  segmented.SegmentedRaftLogWorker (SegmentedRaftLogWorker.java:lambda$new$0(133)) - c04a7c39-1cc1-427e-b561-bc84fdac11df@group-7CAFE9D6E6C5-SegmentedRaftLogWorker: flushIndex: setUnconditionally 0 -> -1
2021-08-10 07:01:23,814 [pool-369-thread-1] INFO  segmented.SegmentedRaftLogWorker (SegmentedRaftLogWorker.java:lambda$new$0(133)) - c04a7c39-1cc1-427e-b561-bc84fdac11df@group-7CAFE9D6E6C5-SegmentedRaftLogWorker: safeCacheEvictIndex: setUnconditionally 0 -> -1
2021-08-10 07:01:23,814 [pool-369-thread-1] INFO  server.RaftServerConfigKeys (ConfUtils.java:logGet(44)) - raft.server.snapshot.auto.trigger.enabled = true (custom)
2021-08-10 07:01:23,814 [pool-369-thread-1] INFO  server.RaftServerConfigKeys (ConfUtils.java:logGet(44)) - raft.server.snapshot.auto.trigger.threshold = 10000 (custom)
2021-08-10 07:01:23,814 [pool-369-thread-1] INFO  server.RaftServerConfigKeys (ConfUtils.java:logGet(44)) - raft.server.snapshot.retention.file.num = 5 (custom)
2021-08-10 07:01:23,814 [pool-369-thread-1] INFO  server.RaftServerConfigKeys (ConfUtils.java:logGet(44)) - raft.server.log.purge.upto.snapshot.index = false (default)
2021-08-10 07:01:23,814 [pool-369-thread-1] INFO  server.RaftServerConfigKeys (ConfUtils.java:logGet(44)) - raft.server.retrycache.expirytime = 600000ms (custom)
2021-08-10 07:01:23,815 [pool-369-thread-1] INFO  server.RaftServerConfigKeys (ConfUtils.java:logGet(44)) - raft.server.retrycache.statistics.expirytime = 100μs (default)
2021-08-10 07:01:23,815 [pool-369-thread-1] INFO  server.RaftServer$Division (RaftServerImpl.java:start(296)) - c04a7c39-1cc1-427e-b561-bc84fdac11df@group-7CAFE9D6E6C5: start as a follower, conf=-1: [6b4f1d7a-7f8b-4ea3-931e-9057f129a70f|rpc:10.1.0.83:39569|priority:1, eff28ee8-57ea-45f2-9598-664172de0afc|rpc:10.1.0.83:37107|priority:0, c04a7c39-1cc1-427e-b561-bc84fdac11df|rpc:10.1.0.83:40237|priority:0], old=null
2021-08-10 07:01:23,815 [pool-369-thread-1] INFO  server.RaftServer$Division (RaftServerImpl.java:setRole(285)) - c04a7c39-1cc1-427e-b561-bc84fdac11df@group-7CAFE9D6E6C5: changes role from      null to FOLLOWER at term 0 for startAsFollower
2021-08-10 07:01:23,815 [pool-369-thread-1] INFO  impl.RoleInfo (RoleInfo.java:updateAndGet(130)) - c04a7c39-1cc1-427e-b561-bc84fdac11df: start c04a7c39-1cc1-427e-b561-bc84fdac11df@group-7CAFE9D6E6C5-FollowerState
2021-08-10 07:01:23,816 [pool-369-thread-1] INFO  util.JmxRegister (JmxRegister.java:tryRegister(44)) - Successfully registered JMX Bean with object name Ratis:service=RaftServer,group=group-7CAFE9D6E6C5,id=c04a7c39-1cc1-427e-b561-bc84fdac11df
2021-08-10 07:01:23,816 [Command processor thread] INFO  ratis.XceiverServerRatis (XceiverServerRatis.java:addGroup(759)) - Created group PipelineID=c9eaf022-fdb1-4210-b0ec-7cafe9d6e6c5
2021-08-10 07:01:23,824 [EventQueue-OpenPipelineForHealthyPipelineSafeModeRule] INFO  safemode.SCMSafeModeManager (HealthyPipelineSafeModeRule.java:process(124)) - SCM in safe mode. Healthy pipelines reported count is 0, required healthy pipeline reported count is 1
2021-08-10 07:01:23,849 [grpc-default-executor-0] INFO  server.RaftServer (RaftServerProxy.java:addNew(95)) - 6b4f1d7a-7f8b-4ea3-931e-9057f129a70f: addNew group-7CAFE9D6E6C5:[6b4f1d7a-7f8b-4ea3-931e-9057f129a70f|rpc:10.1.0.83:39569|dataStream:|priority:1, eff28ee8-57ea-45f2-9598-664172de0afc|rpc:10.1.0.83:37107|dataStream:|priority:0, c04a7c39-1cc1-427e-b561-bc84fdac11df|rpc:10.1.0.83:40237|dataStream:|priority:0] returns group-7CAFE9D6E6C5:java.util.concurrent.CompletableFuture@d06af88[Not completed]
2021-08-10 07:01:23,859 [pool-407-thread-1] INFO  server.RaftServer$Division (RaftServerImpl.java:<init>(181)) - 6b4f1d7a-7f8b-4ea3-931e-9057f129a70f: new RaftServerImpl for group-7CAFE9D6E6C5:[6b4f1d7a-7f8b-4ea3-931e-9057f129a70f|rpc:10.1.0.83:39569|dataStream:|priority:1, eff28ee8-57ea-45f2-9598-664172de0afc|rpc:10.1.0.83:37107|dataStream:|priority:0, c04a7c39-1cc1-427e-b561-bc84fdac11df|rpc:10.1.0.83:40237|dataStream:|priority:0] with ContainerStateMachine:uninitialized
2021-08-10 07:01:23,875 [pool-407-thread-1] INFO  server.RaftServerConfigKeys (ConfUtils.java:logGet(44)) - raft.server.rpc.timeout.min = 5s (custom)
2021-08-10 07:01:23,875 [pool-407-thread-1] INFO  server.RaftServerConfigKeys (ConfUtils.java:logGet(44)) - raft.server.rpc.timeout.max = 5200ms (custom)
2021-08-10 07:01:23,875 [pool-407-thread-1] INFO  server.RaftServerConfigKeys (ConfUtils.java:logGet(44)) - raft.server.rpc.sleep.time = 25ms (default)
2021-08-10 07:01:23,875 [pool-407-thread-1] INFO  server.RaftServerConfigKeys (ConfUtils.java:logGet(44)) - raft.server.rpc.slowness.timeout = 300s (custom)
2021-08-10 07:01:23,875 [pool-407-thread-1] INFO  server.RaftServerConfigKeys (ConfUtils.java:logGet(44)) - raft.server.leaderelection.leader.step-down.wait-time = 10s (default)
2021-08-10 07:01:23,875 [pool-407-thread-1] INFO  server.RaftServerConfigKeys (ConfUtils.java:logGet(44)) - raft.server.sleep.deviation.threshold = 300ms (default)
2021-08-10 07:01:23,876 [pool-407-thread-1] INFO  server.RaftServerConfigKeys (ConfUtils.java:logGet(44)) - raft.server.log.appender.install.snapshot.enabled = false (custom)
2021-08-10 07:01:23,876 [pool-407-thread-1] INFO  server.RaftServer$Division (ServerState.java:<init>(105)) - 6b4f1d7a-7f8b-4ea3-931e-9057f129a70f@group-7CAFE9D6E6C5: ConfigurationManager, init=-1: [6b4f1d7a-7f8b-4ea3-931e-9057f129a70f|rpc:10.1.0.83:39569|dataStream:|priority:1, eff28ee8-57ea-45f2-9598-664172de0afc|rpc:10.1.0.83:37107|dataStream:|priority:0, c04a7c39-1cc1-427e-b561-bc84fdac11df|rpc:10.1.0.83:40237|dataStream:|priority:0], old=null, confs=<EMPTY_MAP>
2021-08-10 07:01:23,876 [pool-407-thread-1] INFO  server.RaftServerConfigKeys (ConfUtils.java:logGet(44)) - raft.server.storage.dir = [/home/runner/work/ozone/ozone/hadoop-ozone/integration-test/target/test-dir/MiniOzoneClusterImpl-fdc8fd63-cfc3-45c6-b077-7c3a44cbc127/datanode-2/data/ratis] (custom)
2021-08-10 07:01:23,876 [pool-407-thread-1] INFO  server.RaftServerConfigKeys (ConfUtils.java:logGet(44)) - raft.server.log.corruption.policy = EXCEPTION (default)
2021-08-10 07:01:23,876 [pool-407-thread-1] INFO  server.RaftServerConfigKeys (ConfUtils.java:logGet(44)) - raft.server.storage.free-space.min = 0MB (=0) (default)
2021-08-10 07:01:23,876 [pool-407-thread-1] INFO  storage.RaftStorageDirectory (RaftStorageDirectoryImpl.java:analyzeStorage(135)) - The storage directory /home/runner/work/ozone/ozone/hadoop-ozone/integration-test/target/test-dir/MiniOzoneClusterImpl-fdc8fd63-cfc3-45c6-b077-7c3a44cbc127/datanode-2/data/ratis/c9eaf022-fdb1-4210-b0ec-7cafe9d6e6c5 does not exist. Creating ...
2021-08-10 07:01:23,878 [pool-407-thread-1] INFO  storage.RaftStorageDirectory (RaftStorageDirectoryImpl.java:tryLock(230)) - Lock on /home/runner/work/ozone/ozone/hadoop-ozone/integration-test/target/test-dir/MiniOzoneClusterImpl-fdc8fd63-cfc3-45c6-b077-7c3a44cbc127/datanode-2/data/ratis/c9eaf022-fdb1-4210-b0ec-7cafe9d6e6c5/in_use.lock acquired by nodename 20789@fv-az148-688
2021-08-10 07:01:23,879 [pool-407-thread-1] INFO  storage.RaftStorage (RaftStorageImpl.java:format(89)) - Storage directory /home/runner/work/ozone/ozone/hadoop-ozone/integration-test/target/test-dir/MiniOzoneClusterImpl-fdc8fd63-cfc3-45c6-b077-7c3a44cbc127/datanode-2/data/ratis/c9eaf022-fdb1-4210-b0ec-7cafe9d6e6c5 has been successfully formatted.
2021-08-10 07:01:23,906 [pool-407-thread-1] INFO  ratis.ContainerStateMachine (ContainerStateMachine.java:loadSnapshot(223)) - group-7CAFE9D6E6C5: The snapshot info is null. Setting the last applied indexto:(t:0, i:~)
2021-08-10 07:01:23,906 [pool-407-thread-1] INFO  server.RaftServerConfigKeys (ConfUtils.java:logGet(44)) - raft.server.notification.no-leader.timeout = 300s (custom)
2021-08-10 07:01:23,907 [pool-407-thread-1] INFO  server.RaftServerConfigKeys (ConfUtils.java:logGet(44)) - raft.server.log.use.memory = false (default)
2021-08-10 07:01:23,907 [pool-407-thread-1] INFO  server.RaftServerConfigKeys (ConfUtils.java:logGet(44)) - raft.server.log.purge.gap = 1000000 (custom)
2021-08-10 07:01:23,907 [pool-407-thread-1] INFO  server.RaftServerConfigKeys (ConfUtils.java:logGet(44)) - raft.server.log.appender.buffer.byte-limit = 33554432 (custom)
2021-08-10 07:01:23,907 [pool-407-thread-1] INFO  server.RaftServerConfigKeys (ConfUtils.java:logGet(44)) - raft.server.log.segment.size.max = 1048576 (custom)
2021-08-10 07:01:23,907 [pool-407-thread-1] INFO  server.RaftServerConfigKeys (ConfUtils.java:logGet(44)) - raft.server.log.segment.cache.num.max = 2 (custom)
2021-08-10 07:01:23,907 [pool-407-thread-1] INFO  server.RaftServerConfigKeys (ConfUtils.java:logGet(44)) - raft.server.log.segment.cache.size.max = 200MB (=209715200) (default)
2021-08-10 07:01:23,908 [pool-407-thread-1] INFO  segmented.SegmentedRaftLogWorker (SegmentedRaftLogWorker.java:<init>(182)) - new 6b4f1d7a-7f8b-4ea3-931e-9057f129a70f@group-7CAFE9D6E6C5-SegmentedRaftLogWorker for RaftStorageImpl:Storage Directory /home/runner/work/ozone/ozone/hadoop-ozone/integration-test/target/test-dir/MiniOzoneClusterImpl-fdc8fd63-cfc3-45c6-b077-7c3a44cbc127/datanode-2/data/ratis/c9eaf022-fdb1-4210-b0ec-7cafe9d6e6c5
2021-08-10 07:01:23,908 [pool-407-thread-1] INFO  server.RaftServerConfigKeys (ConfUtils.java:logGet(44)) - raft.server.log.queue.byte-limit = 2147483647 (custom)
2021-08-10 07:01:23,908 [pool-407-thread-1] INFO  server.RaftServerConfigKeys (ConfUtils.java:logGet(44)) - raft.server.log.queue.element-limit = 1024 (custom)
2021-08-10 07:01:23,908 [pool-407-thread-1] INFO  server.RaftServerConfigKeys (ConfUtils.java:logGet(44)) - raft.server.log.segment.size.max = 1048576 (custom)
2021-08-10 07:01:23,908 [pool-407-thread-1] INFO  server.RaftServerConfigKeys (ConfUtils.java:logGet(44)) - raft.server.log.preallocated.size = 16384 (custom)
2021-08-10 07:01:23,908 [pool-407-thread-1] INFO  server.RaftServerConfigKeys (ConfUtils.java:logGet(44)) - raft.server.log.force.sync.num = 128 (default)
2021-08-10 07:01:23,908 [pool-407-thread-1] INFO  server.RaftServerConfigKeys (ConfUtils.java:logGet(44)) - raft.server.log.statemachine.data.sync = true (default)
2021-08-10 07:01:23,908 [pool-407-thread-1] INFO  server.RaftServerConfigKeys (ConfUtils.java:logGet(44)) - raft.server.log.statemachine.data.sync.timeout = 10s (default)
2021-08-10 07:01:23,908 [pool-407-thread-1] INFO  server.RaftServerConfigKeys (ConfUtils.java:logGet(44)) - raft.server.log.statemachine.data.sync.timeout.retry = -1 (default)
2021-08-10 07:01:23,909 [pool-407-thread-1] INFO  server.RaftServerConfigKeys (ConfUtils.java:logGet(44)) - raft.server.log.write.buffer.size = 1048576 (custom)
2021-08-10 07:01:23,910 [pool-407-thread-1] INFO  server.RaftServerConfigKeys (ConfUtils.java:logGet(44)) - raft.server.log.statemachine.data.caching.enabled = true (custom)
2021-08-10 07:01:23,910 [pool-407-thread-1] INFO  segmented.SegmentedRaftLogWorker (SegmentedRaftLogWorker.java:lambda$new$0(133)) - 6b4f1d7a-7f8b-4ea3-931e-9057f129a70f@group-7CAFE9D6E6C5-SegmentedRaftLogWorker: flushIndex: setUnconditionally 0 -> -1
2021-08-10 07:01:23,910 [pool-407-thread-1] INFO  segmented.SegmentedRaftLogWorker (SegmentedRaftLogWorker.java:lambda$new$0(133)) - 6b4f1d7a-7f8b-4ea3-931e-9057f129a70f@group-7CAFE9D6E6C5-SegmentedRaftLogWorker: safeCacheEvictIndex: setUnconditionally 0 -> -1
2021-08-10 07:01:23,920 [pool-407-thread-1] INFO  server.RaftServerConfigKeys (ConfUtils.java:logGet(44)) - raft.server.snapshot.auto.trigger.enabled = true (custom)
2021-08-10 07:01:23,920 [pool-407-thread-1] INFO  server.RaftServerConfigKeys (ConfUtils.java:logGet(44)) - raft.server.snapshot.auto.trigger.threshold = 10000 (custom)
2021-08-10 07:01:23,920 [pool-407-thread-1] INFO  server.RaftServerConfigKeys (ConfUtils.java:logGet(44)) - raft.server.snapshot.retention.file.num = 5 (custom)
2021-08-10 07:01:23,921 [pool-407-thread-1] INFO  server.RaftServerConfigKeys (ConfUtils.java:logGet(44)) - raft.server.log.purge.upto.snapshot.index = false (default)
2021-08-10 07:01:23,921 [pool-407-thread-1] INFO  server.RaftServerConfigKeys (ConfUtils.java:logGet(44)) - raft.server.retrycache.expirytime = 600000ms (custom)
2021-08-10 07:01:23,921 [pool-407-thread-1] INFO  server.RaftServerConfigKeys (ConfUtils.java:logGet(44)) - raft.server.retrycache.statistics.expirytime = 100μs (default)
2021-08-10 07:01:23,922 [pool-407-thread-1] INFO  server.RaftServer$Division (RaftServerImpl.java:start(296)) - 6b4f1d7a-7f8b-4ea3-931e-9057f129a70f@group-7CAFE9D6E6C5: start as a follower, conf=-1: [6b4f1d7a-7f8b-4ea3-931e-9057f129a70f|rpc:10.1.0.83:39569|dataStream:|priority:1, eff28ee8-57ea-45f2-9598-664172de0afc|rpc:10.1.0.83:37107|dataStream:|priority:0, c04a7c39-1cc1-427e-b561-bc84fdac11df|rpc:10.1.0.83:40237|dataStream:|priority:0], old=null
2021-08-10 07:01:23,922 [pool-407-thread-1] INFO  server.RaftServer$Division (RaftServerImpl.java:setRole(285)) - 6b4f1d7a-7f8b-4ea3-931e-9057f129a70f@group-7CAFE9D6E6C5: changes role from      null to FOLLOWER at term 0 for startAsFollower
2021-08-10 07:01:23,922 [pool-407-thread-1] INFO  impl.RoleInfo (RoleInfo.java:updateAndGet(130)) - 6b4f1d7a-7f8b-4ea3-931e-9057f129a70f: start 6b4f1d7a-7f8b-4ea3-931e-9057f129a70f@group-7CAFE9D6E6C5-FollowerState
2021-08-10 07:01:23,924 [pool-407-thread-1] INFO  util.JmxRegister (JmxRegister.java:tryRegister(44)) - Successfully registered JMX Bean with object name Ratis:service=RaftServer,group=group-7CAFE9D6E6C5,id=6b4f1d7a-7f8b-4ea3-931e-9057f129a70f
2021-08-10 07:01:23,925 [Datanode State Machine Thread - 0] WARN  statemachine.StateContext (StateContext.java:execute(621)) - No available thread in pool for past 1 seconds.
2021-08-10 07:01:23,969 [grpc-default-executor-0] INFO  server.RaftServer (RaftServerProxy.java:addNew(95)) - eff28ee8-57ea-45f2-9598-664172de0afc: addNew group-7CAFE9D6E6C5:[6b4f1d7a-7f8b-4ea3-931e-9057f129a70f|rpc:10.1.0.83:39569|dataStream:|priority:1, eff28ee8-57ea-45f2-9598-664172de0afc|rpc:10.1.0.83:37107|dataStream:|priority:0, c04a7c39-1cc1-427e-b561-bc84fdac11df|rpc:10.1.0.83:40237|dataStream:|priority:0] returns group-7CAFE9D6E6C5:java.util.concurrent.CompletableFuture@a0e7c1f[Not completed]
2021-08-10 07:01:23,974 [pool-388-thread-1] INFO  server.RaftServer$Division (RaftServerImpl.java:<init>(181)) - eff28ee8-57ea-45f2-9598-664172de0afc: new RaftServerImpl for group-7CAFE9D6E6C5:[6b4f1d7a-7f8b-4ea3-931e-9057f129a70f|rpc:10.1.0.83:39569|dataStream:|priority:1, eff28ee8-57ea-45f2-9598-664172de0afc|rpc:10.1.0.83:37107|dataStream:|priority:0, c04a7c39-1cc1-427e-b561-bc84fdac11df|rpc:10.1.0.83:40237|dataStream:|priority:0] with ContainerStateMachine:uninitialized
2021-08-10 07:01:23,993 [pool-388-thread-1] INFO  server.RaftServerConfigKeys (ConfUtils.java:logGet(44)) - raft.server.rpc.timeout.min = 5s (custom)
2021-08-10 07:01:23,993 [pool-388-thread-1] INFO  server.RaftServerConfigKeys (ConfUtils.java:logGet(44)) - raft.server.rpc.timeout.max = 5200ms (custom)
2021-08-10 07:01:23,993 [pool-388-thread-1] INFO  server.RaftServerConfigKeys (ConfUtils.java:logGet(44)) - raft.server.rpc.sleep.time = 25ms (default)
2021-08-10 07:01:23,993 [pool-388-thread-1] INFO  server.RaftServerConfigKeys (ConfUtils.java:logGet(44)) - raft.server.rpc.slowness.timeout = 300s (custom)
2021-08-10 07:01:23,993 [pool-388-thread-1] INFO  server.RaftServerConfigKeys (ConfUtils.java:logGet(44)) - raft.server.leaderelection.leader.step-down.wait-time = 10s (default)
2021-08-10 07:01:23,993 [pool-388-thread-1] INFO  server.RaftServerConfigKeys (ConfUtils.java:logGet(44)) - raft.server.sleep.deviation.threshold = 300ms (default)
2021-08-10 07:01:23,993 [pool-388-thread-1] INFO  server.RaftServerConfigKeys (ConfUtils.java:logGet(44)) - raft.server.log.appender.install.snapshot.enabled = false (custom)
2021-08-10 07:01:23,993 [pool-388-thread-1] INFO  server.RaftServer$Division (ServerState.java:<init>(105)) - eff28ee8-57ea-45f2-9598-664172de0afc@group-7CAFE9D6E6C5: ConfigurationManager, init=-1: [6b4f1d7a-7f8b-4ea3-931e-9057f129a70f|rpc:10.1.0.83:39569|dataStream:|priority:1, eff28ee8-57ea-45f2-9598-664172de0afc|rpc:10.1.0.83:37107|dataStream:|priority:0, c04a7c39-1cc1-427e-b561-bc84fdac11df|rpc:10.1.0.83:40237|dataStream:|priority:0], old=null, confs=<EMPTY_MAP>
2021-08-10 07:01:23,993 [pool-388-thread-1] INFO  server.RaftServerConfigKeys (ConfUtils.java:logGet(44)) - raft.server.storage.dir = [/home/runner/work/ozone/ozone/hadoop-ozone/integration-test/target/test-dir/MiniOzoneClusterImpl-fdc8fd63-cfc3-45c6-b077-7c3a44cbc127/datanode-1/data/ratis] (custom)
2021-08-10 07:01:23,993 [pool-388-thread-1] INFO  server.RaftServerConfigKeys (ConfUtils.java:logGet(44)) - raft.server.log.corruption.policy = EXCEPTION (default)
2021-08-10 07:01:23,993 [pool-388-thread-1] INFO  server.RaftServerConfigKeys (ConfUtils.java:logGet(44)) - raft.server.storage.free-space.min = 0MB (=0) (default)
2021-08-10 07:01:23,994 [pool-388-thread-1] INFO  storage.RaftStorageDirectory (RaftStorageDirectoryImpl.java:analyzeStorage(135)) - The storage directory /home/runner/work/ozone/ozone/hadoop-ozone/integration-test/target/test-dir/MiniOzoneClusterImpl-fdc8fd63-cfc3-45c6-b077-7c3a44cbc127/datanode-1/data/ratis/c9eaf022-fdb1-4210-b0ec-7cafe9d6e6c5 does not exist. Creating ...
2021-08-10 07:01:23,995 [pool-388-thread-1] INFO  storage.RaftStorageDirectory (RaftStorageDirectoryImpl.java:tryLock(230)) - Lock on /home/runner/work/ozone/ozone/hadoop-ozone/integration-test/target/test-dir/MiniOzoneClusterImpl-fdc8fd63-cfc3-45c6-b077-7c3a44cbc127/datanode-1/data/ratis/c9eaf022-fdb1-4210-b0ec-7cafe9d6e6c5/in_use.lock acquired by nodename 20789@fv-az148-688
2021-08-10 07:01:23,996 [pool-388-thread-1] INFO  storage.RaftStorage (RaftStorageImpl.java:format(89)) - Storage directory /home/runner/work/ozone/ozone/hadoop-ozone/integration-test/target/test-dir/MiniOzoneClusterImpl-fdc8fd63-cfc3-45c6-b077-7c3a44cbc127/datanode-1/data/ratis/c9eaf022-fdb1-4210-b0ec-7cafe9d6e6c5 has been successfully formatted.
2021-08-10 07:01:24,009 [pool-388-thread-1] INFO  ratis.ContainerStateMachine (ContainerStateMachine.java:loadSnapshot(223)) - group-7CAFE9D6E6C5: The snapshot info is null. Setting the last applied indexto:(t:0, i:~)
2021-08-10 07:01:24,013 [pool-388-thread-1] INFO  server.RaftServerConfigKeys (ConfUtils.java:logGet(44)) - raft.server.notification.no-leader.timeout = 300s (custom)
2021-08-10 07:01:24,014 [pool-388-thread-1] INFO  server.RaftServerConfigKeys (ConfUtils.java:logGet(44)) - raft.server.log.use.memory = false (default)
2021-08-10 07:01:24,014 [pool-388-thread-1] INFO  server.RaftServerConfigKeys (ConfUtils.java:logGet(44)) - raft.server.log.purge.gap = 1000000 (custom)
2021-08-10 07:01:24,014 [pool-388-thread-1] INFO  server.RaftServerConfigKeys (ConfUtils.java:logGet(44)) - raft.server.log.appender.buffer.byte-limit = 33554432 (custom)
2021-08-10 07:01:24,014 [pool-388-thread-1] INFO  server.RaftServerConfigKeys (ConfUtils.java:logGet(44)) - raft.server.log.segment.size.max = 1048576 (custom)
2021-08-10 07:01:24,014 [pool-388-thread-1] INFO  server.RaftServerConfigKeys (ConfUtils.java:logGet(44)) - raft.server.log.segment.cache.num.max = 2 (custom)
2021-08-10 07:01:24,014 [pool-388-thread-1] INFO  server.RaftServerConfigKeys (ConfUtils.java:logGet(44)) - raft.server.log.segment.cache.size.max = 200MB (=209715200) (default)
2021-08-10 07:01:24,014 [pool-388-thread-1] INFO  segmented.SegmentedRaftLogWorker (SegmentedRaftLogWorker.java:<init>(182)) - new eff28ee8-57ea-45f2-9598-664172de0afc@group-7CAFE9D6E6C5-SegmentedRaftLogWorker for RaftStorageImpl:Storage Directory /home/runner/work/ozone/ozone/hadoop-ozone/integration-test/target/test-dir/MiniOzoneClusterImpl-fdc8fd63-cfc3-45c6-b077-7c3a44cbc127/datanode-1/data/ratis/c9eaf022-fdb1-4210-b0ec-7cafe9d6e6c5
2021-08-10 07:01:24,014 [pool-388-thread-1] INFO  server.RaftServerConfigKeys (ConfUtils.java:logGet(44)) - raft.server.log.queue.byte-limit = 2147483647 (custom)
2021-08-10 07:01:24,015 [pool-388-thread-1] INFO  server.RaftServerConfigKeys (ConfUtils.java:logGet(44)) - raft.server.log.queue.element-limit = 1024 (custom)
2021-08-10 07:01:24,015 [pool-388-thread-1] INFO  server.RaftServerConfigKeys (ConfUtils.java:logGet(44)) - raft.server.log.segment.size.max = 1048576 (custom)
2021-08-10 07:01:24,015 [pool-388-thread-1] INFO  server.RaftServerConfigKeys (ConfUtils.java:logGet(44)) - raft.server.log.preallocated.size = 16384 (custom)
2021-08-10 07:01:24,015 [pool-388-thread-1] INFO  server.RaftServerConfigKeys (ConfUtils.java:logGet(44)) - raft.server.log.force.sync.num = 128 (default)
2021-08-10 07:01:24,015 [pool-388-thread-1] INFO  server.RaftServerConfigKeys (ConfUtils.java:logGet(44)) - raft.server.log.statemachine.data.sync = true (default)
2021-08-10 07:01:24,015 [pool-388-thread-1] INFO  server.RaftServerConfigKeys (ConfUtils.java:logGet(44)) - raft.server.log.statemachine.data.sync.timeout = 10s (default)
2021-08-10 07:01:24,015 [pool-388-thread-1] INFO  server.RaftServerConfigKeys (ConfUtils.java:logGet(44)) - raft.server.log.statemachine.data.sync.timeout.retry = -1 (default)
2021-08-10 07:01:24,025 [pool-388-thread-1] INFO  server.RaftServerConfigKeys (ConfUtils.java:logGet(44)) - raft.server.log.write.buffer.size = 1048576 (custom)
2021-08-10 07:01:24,031 [pool-388-thread-1] INFO  server.RaftServerConfigKeys (ConfUtils.java:logGet(44)) - raft.server.log.statemachine.data.caching.enabled = true (custom)
2021-08-10 07:01:24,031 [pool-388-thread-1] INFO  segmented.SegmentedRaftLogWorker (SegmentedRaftLogWorker.java:lambda$new$0(133)) - eff28ee8-57ea-45f2-9598-664172de0afc@group-7CAFE9D6E6C5-SegmentedRaftLogWorker: flushIndex: setUnconditionally 0 -> -1
2021-08-10 07:01:24,031 [pool-388-thread-1] INFO  segmented.SegmentedRaftLogWorker (SegmentedRaftLogWorker.java:lambda$new$0(133)) - eff28ee8-57ea-45f2-9598-664172de0afc@group-7CAFE9D6E6C5-SegmentedRaftLogWorker: safeCacheEvictIndex: setUnconditionally 0 -> -1
2021-08-10 07:01:24,031 [pool-388-thread-1] INFO  server.RaftServerConfigKeys (ConfUtils.java:logGet(44)) - raft.server.snapshot.auto.trigger.enabled = true (custom)
2021-08-10 07:01:24,031 [pool-388-thread-1] INFO  server.RaftServerConfigKeys (ConfUtils.java:logGet(44)) - raft.server.snapshot.auto.trigger.threshold = 10000 (custom)
2021-08-10 07:01:24,031 [pool-388-thread-1] INFO  server.RaftServerConfigKeys (ConfUtils.java:logGet(44)) - raft.server.snapshot.retention.file.num = 5 (custom)
2021-08-10 07:01:24,031 [pool-388-thread-1] INFO  server.RaftServerConfigKeys (ConfUtils.java:logGet(44)) - raft.server.log.purge.upto.snapshot.index = false (default)
2021-08-10 07:01:24,031 [pool-388-thread-1] INFO  server.RaftServerConfigKeys (ConfUtils.java:logGet(44)) - raft.server.retrycache.expirytime = 600000ms (custom)
2021-08-10 07:01:24,031 [pool-388-thread-1] INFO  server.RaftServerConfigKeys (ConfUtils.java:logGet(44)) - raft.server.retrycache.statistics.expirytime = 100μs (default)
2021-08-10 07:01:24,032 [pool-388-thread-1] INFO  server.RaftServer$Division (RaftServerImpl.java:start(296)) - eff28ee8-57ea-45f2-9598-664172de0afc@group-7CAFE9D6E6C5: start as a follower, conf=-1: [6b4f1d7a-7f8b-4ea3-931e-9057f129a70f|rpc:10.1.0.83:39569|dataStream:|priority:1, eff28ee8-57ea-45f2-9598-664172de0afc|rpc:10.1.0.83:37107|dataStream:|priority:0, c04a7c39-1cc1-427e-b561-bc84fdac11df|rpc:10.1.0.83:40237|dataStream:|priority:0], old=null
2021-08-10 07:01:24,032 [pool-388-thread-1] INFO  server.RaftServer$Division (RaftServerImpl.java:setRole(285)) - eff28ee8-57ea-45f2-9598-664172de0afc@group-7CAFE9D6E6C5: changes role from      null to FOLLOWER at term 0 for startAsFollower
2021-08-10 07:01:24,032 [pool-388-thread-1] INFO  impl.RoleInfo (RoleInfo.java:updateAndGet(130)) - eff28ee8-57ea-45f2-9598-664172de0afc: start eff28ee8-57ea-45f2-9598-664172de0afc@group-7CAFE9D6E6C5-FollowerState
2021-08-10 07:01:24,035 [pool-388-thread-1] INFO  util.JmxRegister (JmxRegister.java:tryRegister(44)) - Successfully registered JMX Bean with object name Ratis:service=RaftServer,group=group-7CAFE9D6E6C5,id=eff28ee8-57ea-45f2-9598-664172de0afc
2021-08-10 07:01:24,067 [Command processor thread] INFO  commandhandler.CreatePipelineCommandHandler (CreatePipelineCommandHandler.java:handle(106)) - Created Pipeline RATIS THREE PipelineID=c9eaf022-fdb1-4210-b0ec-7cafe9d6e6c5.
2021-08-10 07:01:24,067 [Command processor thread] INFO  server.RaftServer (RaftServerProxy.java:addNew(95)) - c04a7c39-1cc1-427e-b561-bc84fdac11df: addNew group-920335F0079F:[6b4f1d7a-7f8b-4ea3-931e-9057f129a70f|rpc:10.1.0.83:39569|priority:0, eff28ee8-57ea-45f2-9598-664172de0afc|rpc:10.1.0.83:37107|priority:1, c04a7c39-1cc1-427e-b561-bc84fdac11df|rpc:10.1.0.83:40237|priority:0] returns group-920335F0079F:java.util.concurrent.CompletableFuture@465a92d3[Not completed]
2021-08-10 07:01:24,068 [pool-369-thread-1] INFO  server.RaftServer$Division (RaftServerImpl.java:<init>(181)) - c04a7c39-1cc1-427e-b561-bc84fdac11df: new RaftServerImpl for group-920335F0079F:[6b4f1d7a-7f8b-4ea3-931e-9057f129a70f|rpc:10.1.0.83:39569|priority:0, eff28ee8-57ea-45f2-9598-664172de0afc|rpc:10.1.0.83:37107|priority:1, c04a7c39-1cc1-427e-b561-bc84fdac11df|rpc:10.1.0.83:40237|priority:0] with ContainerStateMachine:uninitialized
2021-08-10 07:01:24,069 [pool-369-thread-1] INFO  server.RaftServerConfigKeys (ConfUtils.java:logGet(44)) - raft.server.rpc.timeout.min = 5s (custom)
2021-08-10 07:01:24,069 [pool-369-thread-1] INFO  server.RaftServerConfigKeys (ConfUtils.java:logGet(44)) - raft.server.rpc.timeout.max = 5200ms (custom)
2021-08-10 07:01:24,069 [pool-369-thread-1] INFO  server.RaftServerConfigKeys (ConfUtils.java:logGet(44)) - raft.server.rpc.sleep.time = 25ms (default)
2021-08-10 07:01:24,069 [pool-369-thread-1] INFO  server.RaftServerConfigKeys (ConfUtils.java:logGet(44)) - raft.server.rpc.slowness.timeout = 300s (custom)
2021-08-10 07:01:24,069 [pool-369-thread-1] INFO  server.RaftServerConfigKeys (ConfUtils.java:logGet(44)) - raft.server.leaderelection.leader.step-down.wait-time = 10s (default)
2021-08-10 07:01:24,069 [pool-369-thread-1] INFO  server.RaftServerConfigKeys (ConfUtils.java:logGet(44)) - raft.server.sleep.deviation.threshold = 300ms (default)
2021-08-10 07:01:24,069 [pool-369-thread-1] INFO  server.RaftServerConfigKeys (ConfUtils.java:logGet(44)) - raft.server.log.appender.install.snapshot.enabled = false (custom)
2021-08-10 07:01:24,069 [pool-369-thread-1] INFO  server.RaftServer$Division (ServerState.java:<init>(105)) - c04a7c39-1cc1-427e-b561-bc84fdac11df@group-920335F0079F: ConfigurationManager, init=-1: [6b4f1d7a-7f8b-4ea3-931e-9057f129a70f|rpc:10.1.0.83:39569|priority:0, eff28ee8-57ea-45f2-9598-664172de0afc|rpc:10.1.0.83:37107|priority:1, c04a7c39-1cc1-427e-b561-bc84fdac11df|rpc:10.1.0.83:40237|priority:0], old=null, confs=<EMPTY_MAP>
2021-08-10 07:01:24,069 [pool-369-thread-1] INFO  server.RaftServerConfigKeys (ConfUtils.java:logGet(44)) - raft.server.storage.dir = [/home/runner/work/ozone/ozone/hadoop-ozone/integration-test/target/test-dir/MiniOzoneClusterImpl-fdc8fd63-cfc3-45c6-b077-7c3a44cbc127/datanode-0/data/ratis] (custom)
2021-08-10 07:01:24,070 [pool-369-thread-1] INFO  server.RaftServerConfigKeys (ConfUtils.java:logGet(44)) - raft.server.log.corruption.policy = EXCEPTION (default)
2021-08-10 07:01:24,070 [pool-369-thread-1] INFO  server.RaftServerConfigKeys (ConfUtils.java:logGet(44)) - raft.server.storage.free-space.min = 0MB (=0) (default)
2021-08-10 07:01:24,070 [pool-369-thread-1] INFO  storage.RaftStorageDirectory (RaftStorageDirectoryImpl.java:analyzeStorage(135)) - The storage directory /home/runner/work/ozone/ozone/hadoop-ozone/integration-test/target/test-dir/MiniOzoneClusterImpl-fdc8fd63-cfc3-45c6-b077-7c3a44cbc127/datanode-0/data/ratis/31799dc1-e164-409e-9282-920335f0079f does not exist. Creating ...
2021-08-10 07:01:24,074 [pool-369-thread-1] INFO  storage.RaftStorageDirectory (RaftStorageDirectoryImpl.java:tryLock(230)) - Lock on /home/runner/work/ozone/ozone/hadoop-ozone/integration-test/target/test-dir/MiniOzoneClusterImpl-fdc8fd63-cfc3-45c6-b077-7c3a44cbc127/datanode-0/data/ratis/31799dc1-e164-409e-9282-920335f0079f/in_use.lock acquired by nodename 20789@fv-az148-688
2021-08-10 07:01:24,075 [pool-369-thread-1] INFO  storage.RaftStorage (RaftStorageImpl.java:format(89)) - Storage directory /home/runner/work/ozone/ozone/hadoop-ozone/integration-test/target/test-dir/MiniOzoneClusterImpl-fdc8fd63-cfc3-45c6-b077-7c3a44cbc127/datanode-0/data/ratis/31799dc1-e164-409e-9282-920335f0079f has been successfully formatted.
2021-08-10 07:01:24,076 [Datanode State Machine Thread - 0] WARN  statemachine.StateContext (StateContext.java:execute(621)) - No available thread in pool for past 1 seconds.
2021-08-10 07:01:24,077 [pool-369-thread-1] INFO  ratis.ContainerStateMachine (ContainerStateMachine.java:loadSnapshot(223)) - group-920335F0079F: The snapshot info is null. Setting the last applied indexto:(t:0, i:~)
2021-08-10 07:01:24,077 [pool-369-thread-1] INFO  server.RaftServerConfigKeys (ConfUtils.java:logGet(44)) - raft.server.notification.no-leader.timeout = 300s (custom)
2021-08-10 07:01:24,077 [pool-369-thread-1] INFO  server.RaftServerConfigKeys (ConfUtils.java:logGet(44)) - raft.server.log.use.memory = false (default)
2021-08-10 07:01:24,077 [pool-369-thread-1] INFO  server.RaftServerConfigKeys (ConfUtils.java:logGet(44)) - raft.server.log.purge.gap = 1000000 (custom)
2021-08-10 07:01:24,077 [pool-369-thread-1] INFO  server.RaftServerConfigKeys (ConfUtils.java:logGet(44)) - raft.server.log.appender.buffer.byte-limit = 33554432 (custom)
2021-08-10 07:01:24,077 [EventQueue-OpenPipelineForHealthyPipelineSafeModeRule] INFO  safemode.SCMSafeModeManager (HealthyPipelineSafeModeRule.java:process(124)) - SCM in safe mode. Healthy pipelines reported count is 0, required healthy pipeline reported count is 1
2021-08-10 07:01:24,078 [pool-369-thread-1] INFO  server.RaftServerConfigKeys (ConfUtils.java:logGet(44)) - raft.server.log.segment.size.max = 1048576 (custom)
2021-08-10 07:01:24,078 [pool-369-thread-1] INFO  server.RaftServerConfigKeys (ConfUtils.java:logGet(44)) - raft.server.log.segment.cache.num.max = 2 (custom)
2021-08-10 07:01:24,078 [pool-369-thread-1] INFO  server.RaftServerConfigKeys (ConfUtils.java:logGet(44)) - raft.server.log.segment.cache.size.max = 200MB (=209715200) (default)
2021-08-10 07:01:24,078 [pool-369-thread-1] INFO  segmented.SegmentedRaftLogWorker (SegmentedRaftLogWorker.java:<init>(182)) - new c04a7c39-1cc1-427e-b561-bc84fdac11df@group-920335F0079F-SegmentedRaftLogWorker for RaftStorageImpl:Storage Directory /home/runner/work/ozone/ozone/hadoop-ozone/integration-test/target/test-dir/MiniOzoneClusterImpl-fdc8fd63-cfc3-45c6-b077-7c3a44cbc127/datanode-0/data/ratis/31799dc1-e164-409e-9282-920335f0079f
2021-08-10 07:01:24,078 [pool-369-thread-1] INFO  server.RaftServerConfigKeys (ConfUtils.java:logGet(44)) - raft.server.log.queue.byte-limit = 2147483647 (custom)
2021-08-10 07:01:24,078 [pool-369-thread-1] INFO  server.RaftServerConfigKeys (ConfUtils.java:logGet(44)) - raft.server.log.queue.element-limit = 1024 (custom)
2021-08-10 07:01:24,078 [pool-369-thread-1] INFO  server.RaftServerConfigKeys (ConfUtils.java:logGet(44)) - raft.server.log.segment.size.max = 1048576 (custom)
2021-08-10 07:01:24,079 [pool-369-thread-1] INFO  server.RaftServerConfigKeys (ConfUtils.java:logGet(44)) - raft.server.log.preallocated.size = 16384 (custom)
2021-08-10 07:01:24,079 [pool-369-thread-1] INFO  server.RaftServerConfigKeys (ConfUtils.java:logGet(44)) - raft.server.log.force.sync.num = 128 (default)
2021-08-10 07:01:24,079 [pool-369-thread-1] INFO  server.RaftServerConfigKeys (ConfUtils.java:logGet(44)) - raft.server.log.statemachine.data.sync = true (default)
2021-08-10 07:01:24,079 [pool-369-thread-1] INFO  server.RaftServerConfigKeys (ConfUtils.java:logGet(44)) - raft.server.log.statemachine.data.sync.timeout = 10s (default)
2021-08-10 07:01:24,079 [pool-369-thread-1] INFO  server.RaftServerConfigKeys (ConfUtils.java:logGet(44)) - raft.server.log.statemachine.data.sync.timeout.retry = -1 (default)
2021-08-10 07:01:24,080 [pool-369-thread-1] INFO  server.RaftServerConfigKeys (ConfUtils.java:logGet(44)) - raft.server.log.write.buffer.size = 1048576 (custom)
2021-08-10 07:01:24,080 [pool-369-thread-1] INFO  server.RaftServerConfigKeys (ConfUtils.java:logGet(44)) - raft.server.log.statemachine.data.caching.enabled = true (custom)
2021-08-10 07:01:24,080 [pool-369-thread-1] INFO  segmented.SegmentedRaftLogWorker (SegmentedRaftLogWorker.java:lambda$new$0(133)) - c04a7c39-1cc1-427e-b561-bc84fdac11df@group-920335F0079F-SegmentedRaftLogWorker: flushIndex: setUnconditionally 0 -> -1
2021-08-10 07:01:24,080 [pool-369-thread-1] INFO  segmented.SegmentedRaftLogWorker (SegmentedRaftLogWorker.java:lambda$new$0(133)) - c04a7c39-1cc1-427e-b561-bc84fdac11df@group-920335F0079F-SegmentedRaftLogWorker: safeCacheEvictIndex: setUnconditionally 0 -> -1
2021-08-10 07:01:24,081 [pool-369-thread-1] INFO  server.RaftServerConfigKeys (ConfUtils.java:logGet(44)) - raft.server.snapshot.auto.trigger.enabled = true (custom)
2021-08-10 07:01:24,081 [pool-369-thread-1] INFO  server.RaftServerConfigKeys (ConfUtils.java:logGet(44)) - raft.server.snapshot.auto.trigger.threshold = 10000 (custom)
2021-08-10 07:01:24,081 [pool-369-thread-1] INFO  server.RaftServerConfigKeys (ConfUtils.java:logGet(44)) - raft.server.snapshot.retention.file.num = 5 (custom)
2021-08-10 07:01:24,081 [pool-369-thread-1] INFO  server.RaftServerConfigKeys (ConfUtils.java:logGet(44)) - raft.server.log.purge.upto.snapshot.index = false (default)
2021-08-10 07:01:24,081 [pool-369-thread-1] INFO  server.RaftServerConfigKeys (ConfUtils.java:logGet(44)) - raft.server.retrycache.expirytime = 600000ms (custom)
2021-08-10 07:01:24,081 [pool-369-thread-1] INFO  server.RaftServerConfigKeys (ConfUtils.java:logGet(44)) - raft.server.retrycache.statistics.expirytime = 100μs (default)
2021-08-10 07:01:24,082 [pool-369-thread-1] INFO  server.RaftServer$Division (RaftServerImpl.java:start(296)) - c04a7c39-1cc1-427e-b561-bc84fdac11df@group-920335F0079F: start as a follower, conf=-1: [6b4f1d7a-7f8b-4ea3-931e-9057f129a70f|rpc:10.1.0.83:39569|priority:0, eff28ee8-57ea-45f2-9598-664172de0afc|rpc:10.1.0.83:37107|priority:1, c04a7c39-1cc1-427e-b561-bc84fdac11df|rpc:10.1.0.83:40237|priority:0], old=null
2021-08-10 07:01:24,082 [pool-369-thread-1] INFO  server.RaftServer$Division (RaftServerImpl.java:setRole(285)) - c04a7c39-1cc1-427e-b561-bc84fdac11df@group-920335F0079F: changes role from      null to FOLLOWER at term 0 for startAsFollower
2021-08-10 07:01:24,082 [pool-369-thread-1] INFO  impl.RoleInfo (RoleInfo.java:updateAndGet(130)) - c04a7c39-1cc1-427e-b561-bc84fdac11df: start c04a7c39-1cc1-427e-b561-bc84fdac11df@group-920335F0079F-FollowerState
2021-08-10 07:01:24,083 [pool-369-thread-1] INFO  util.JmxRegister (JmxRegister.java:tryRegister(44)) - Successfully registered JMX Bean with object name Ratis:service=RaftServer,group=group-920335F0079F,id=c04a7c39-1cc1-427e-b561-bc84fdac11df
2021-08-10 07:01:24,084 [Command processor thread] INFO  ratis.XceiverServerRatis (XceiverServerRatis.java:addGroup(759)) - Created group PipelineID=31799dc1-e164-409e-9282-920335f0079f
2021-08-10 07:01:24,092 [grpc-default-executor-0] INFO  server.RaftServer (RaftServerProxy.java:addNew(95)) - eff28ee8-57ea-45f2-9598-664172de0afc: addNew group-920335F0079F:[6b4f1d7a-7f8b-4ea3-931e-9057f129a70f|rpc:10.1.0.83:39569|dataStream:|priority:0, eff28ee8-57ea-45f2-9598-664172de0afc|rpc:10.1.0.83:37107|dataStream:|priority:1, c04a7c39-1cc1-427e-b561-bc84fdac11df|rpc:10.1.0.83:40237|dataStream:|priority:0] returns group-920335F0079F:java.util.concurrent.CompletableFuture@effe40d[Not completed]
2021-08-10 07:01:24,093 [pool-388-thread-1] INFO  server.RaftServer$Division (RaftServerImpl.java:<init>(181)) - eff28ee8-57ea-45f2-9598-664172de0afc: new RaftServerImpl for group-920335F0079F:[6b4f1d7a-7f8b-4ea3-931e-9057f129a70f|rpc:10.1.0.83:39569|dataStream:|priority:0, eff28ee8-57ea-45f2-9598-664172de0afc|rpc:10.1.0.83:37107|dataStream:|priority:1, c04a7c39-1cc1-427e-b561-bc84fdac11df|rpc:10.1.0.83:40237|dataStream:|priority:0] with ContainerStateMachine:uninitialized
2021-08-10 07:01:24,093 [pool-388-thread-1] INFO  server.RaftServerConfigKeys (ConfUtils.java:logGet(44)) - raft.server.rpc.timeout.min = 5s (custom)
2021-08-10 07:01:24,093 [pool-388-thread-1] INFO  server.RaftServerConfigKeys (ConfUtils.java:logGet(44)) - raft.server.rpc.timeout.max = 5200ms (custom)
2021-08-10 07:01:24,093 [pool-388-thread-1] INFO  server.RaftServerConfigKeys (ConfUtils.java:logGet(44)) - raft.server.rpc.sleep.time = 25ms (default)
2021-08-10 07:01:24,093 [pool-388-thread-1] INFO  server.RaftServerConfigKeys (ConfUtils.java:logGet(44)) - raft.server.rpc.slowness.timeout = 300s (custom)
2021-08-10 07:01:24,093 [pool-388-thread-1] INFO  server.RaftServerConfigKeys (ConfUtils.java:logGet(44)) - raft.server.leaderelection.leader.step-down.wait-time = 10s (default)
2021-08-10 07:01:24,093 [pool-388-thread-1] INFO  server.RaftServerConfigKeys (ConfUtils.java:logGet(44)) - raft.server.sleep.deviation.threshold = 300ms (default)
2021-08-10 07:01:24,094 [pool-388-thread-1] INFO  server.RaftServerConfigKeys (ConfUtils.java:logGet(44)) - raft.server.log.appender.install.snapshot.enabled = false (custom)
2021-08-10 07:01:24,094 [pool-388-thread-1] INFO  server.RaftServer$Division (ServerState.java:<init>(105)) - eff28ee8-57ea-45f2-9598-664172de0afc@group-920335F0079F: ConfigurationManager, init=-1: [6b4f1d7a-7f8b-4ea3-931e-9057f129a70f|rpc:10.1.0.83:39569|dataStream:|priority:0, eff28ee8-57ea-45f2-9598-664172de0afc|rpc:10.1.0.83:37107|dataStream:|priority:1, c04a7c39-1cc1-427e-b561-bc84fdac11df|rpc:10.1.0.83:40237|dataStream:|priority:0], old=null, confs=<EMPTY_MAP>
2021-08-10 07:01:24,094 [pool-388-thread-1] INFO  server.RaftServerConfigKeys (ConfUtils.java:logGet(44)) - raft.server.storage.dir = [/home/runner/work/ozone/ozone/hadoop-ozone/integration-test/target/test-dir/MiniOzoneClusterImpl-fdc8fd63-cfc3-45c6-b077-7c3a44cbc127/datanode-1/data/ratis] (custom)
2021-08-10 07:01:24,094 [pool-388-thread-1] INFO  server.RaftServerConfigKeys (ConfUtils.java:logGet(44)) - raft.server.log.corruption.policy = EXCEPTION (default)
2021-08-10 07:01:24,094 [pool-388-thread-1] INFO  server.RaftServerConfigKeys (ConfUtils.java:logGet(44)) - raft.server.storage.free-space.min = 0MB (=0) (default)
2021-08-10 07:01:24,094 [pool-388-thread-1] INFO  storage.RaftStorageDirectory (RaftStorageDirectoryImpl.java:analyzeStorage(135)) - The storage directory /home/runner/work/ozone/ozone/hadoop-ozone/integration-test/target/test-dir/MiniOzoneClusterImpl-fdc8fd63-cfc3-45c6-b077-7c3a44cbc127/datanode-1/data/ratis/31799dc1-e164-409e-9282-920335f0079f does not exist. Creating ...
2021-08-10 07:01:24,101 [pool-388-thread-1] INFO  storage.RaftStorageDirectory (RaftStorageDirectoryImpl.java:tryLock(230)) - Lock on /home/runner/work/ozone/ozone/hadoop-ozone/integration-test/target/test-dir/MiniOzoneClusterImpl-fdc8fd63-cfc3-45c6-b077-7c3a44cbc127/datanode-1/data/ratis/31799dc1-e164-409e-9282-920335f0079f/in_use.lock acquired by nodename 20789@fv-az148-688
2021-08-10 07:01:24,102 [pool-388-thread-1] INFO  storage.RaftStorage (RaftStorageImpl.java:format(89)) - Storage directory /home/runner/work/ozone/ozone/hadoop-ozone/integration-test/target/test-dir/MiniOzoneClusterImpl-fdc8fd63-cfc3-45c6-b077-7c3a44cbc127/datanode-1/data/ratis/31799dc1-e164-409e-9282-920335f0079f has been successfully formatted.
2021-08-10 07:01:24,102 [pool-388-thread-1] INFO  ratis.ContainerStateMachine (ContainerStateMachine.java:loadSnapshot(223)) - group-920335F0079F: The snapshot info is null. Setting the last applied indexto:(t:0, i:~)
2021-08-10 07:01:24,102 [pool-388-thread-1] INFO  server.RaftServerConfigKeys (ConfUtils.java:logGet(44)) - raft.server.notification.no-leader.timeout = 300s (custom)
2021-08-10 07:01:24,102 [Datanode State Machine Thread - 0] WARN  statemachine.StateContext (StateContext.java:execute(621)) - No available thread in pool for past 1 seconds.
2021-08-10 07:01:24,102 [pool-388-thread-1] INFO  server.RaftServerConfigKeys (ConfUtils.java:logGet(44)) - raft.server.log.use.memory = false (default)
2021-08-10 07:01:24,103 [pool-388-thread-1] INFO  server.RaftServerConfigKeys (ConfUtils.java:logGet(44)) - raft.server.log.purge.gap = 1000000 (custom)
2021-08-10 07:01:24,103 [pool-388-thread-1] INFO  server.RaftServerConfigKeys (ConfUtils.java:logGet(44)) - raft.server.log.appender.buffer.byte-limit = 33554432 (custom)
2021-08-10 07:01:24,103 [pool-388-thread-1] INFO  server.RaftServerConfigKeys (ConfUtils.java:logGet(44)) - raft.server.log.segment.size.max = 1048576 (custom)
2021-08-10 07:01:24,104 [pool-388-thread-1] INFO  server.RaftServerConfigKeys (ConfUtils.java:logGet(44)) - raft.server.log.segment.cache.num.max = 2 (custom)
2021-08-10 07:01:24,105 [pool-388-thread-1] INFO  server.RaftServerConfigKeys (ConfUtils.java:logGet(44)) - raft.server.log.segment.cache.size.max = 200MB (=209715200) (default)
2021-08-10 07:01:24,105 [pool-388-thread-1] INFO  segmented.SegmentedRaftLogWorker (SegmentedRaftLogWorker.java:<init>(182)) - new eff28ee8-57ea-45f2-9598-664172de0afc@group-920335F0079F-SegmentedRaftLogWorker for RaftStorageImpl:Storage Directory /home/runner/work/ozone/ozone/hadoop-ozone/integration-test/target/test-dir/MiniOzoneClusterImpl-fdc8fd63-cfc3-45c6-b077-7c3a44cbc127/datanode-1/data/ratis/31799dc1-e164-409e-9282-920335f0079f
2021-08-10 07:01:24,105 [pool-388-thread-1] INFO  server.RaftServerConfigKeys (ConfUtils.java:logGet(44)) - raft.server.log.queue.byte-limit = 2147483647 (custom)
2021-08-10 07:01:24,105 [pool-388-thread-1] INFO  server.RaftServerConfigKeys (ConfUtils.java:logGet(44)) - raft.server.log.queue.element-limit = 1024 (custom)
2021-08-10 07:01:24,105 [pool-388-thread-1] INFO  server.RaftServerConfigKeys (ConfUtils.java:logGet(44)) - raft.server.log.segment.size.max = 1048576 (custom)
2021-08-10 07:01:24,105 [pool-388-thread-1] INFO  server.RaftServerConfigKeys (ConfUtils.java:logGet(44)) - raft.server.log.preallocated.size = 16384 (custom)
2021-08-10 07:01:24,105 [pool-388-thread-1] INFO  server.RaftServerConfigKeys (ConfUtils.java:logGet(44)) - raft.server.log.force.sync.num = 128 (default)
2021-08-10 07:01:24,105 [pool-388-thread-1] INFO  server.RaftServerConfigKeys (ConfUtils.java:logGet(44)) - raft.server.log.statemachine.data.sync = true (default)
2021-08-10 07:01:24,106 [pool-388-thread-1] INFO  server.RaftServerConfigKeys (ConfUtils.java:logGet(44)) - raft.server.log.statemachine.data.sync.timeout = 10s (default)
2021-08-10 07:01:24,106 [pool-388-thread-1] INFO  server.RaftServerConfigKeys (ConfUtils.java:logGet(44)) - raft.server.log.statemachine.data.sync.timeout.retry = -1 (default)
2021-08-10 07:01:24,107 [pool-388-thread-1] INFO  server.RaftServerConfigKeys (ConfUtils.java:logGet(44)) - raft.server.log.write.buffer.size = 1048576 (custom)
2021-08-10 07:01:24,108 [pool-388-thread-1] INFO  server.RaftServerConfigKeys (ConfUtils.java:logGet(44)) - raft.server.log.statemachine.data.caching.enabled = true (custom)
2021-08-10 07:01:24,108 [pool-388-thread-1] INFO  segmented.SegmentedRaftLogWorker (SegmentedRaftLogWorker.java:lambda$new$0(133)) - eff28ee8-57ea-45f2-9598-664172de0afc@group-920335F0079F-SegmentedRaftLogWorker: flushIndex: setUnconditionally 0 -> -1
2021-08-10 07:01:24,110 [pool-388-thread-1] INFO  segmented.SegmentedRaftLogWorker (SegmentedRaftLogWorker.java:lambda$new$0(133)) - eff28ee8-57ea-45f2-9598-664172de0afc@group-920335F0079F-SegmentedRaftLogWorker: safeCacheEvictIndex: setUnconditionally 0 -> -1
2021-08-10 07:01:24,114 [pool-388-thread-1] INFO  server.RaftServerConfigKeys (ConfUtils.java:logGet(44)) - raft.server.snapshot.auto.trigger.enabled = true (custom)
2021-08-10 07:01:24,114 [pool-388-thread-1] INFO  server.RaftServerConfigKeys (ConfUtils.java:logGet(44)) - raft.server.snapshot.auto.trigger.threshold = 10000 (custom)
2021-08-10 07:01:24,114 [pool-388-thread-1] INFO  server.RaftServerConfigKeys (ConfUtils.java:logGet(44)) - raft.server.snapshot.retention.file.num = 5 (custom)
2021-08-10 07:01:24,115 [pool-388-thread-1] INFO  server.RaftServerConfigKeys (ConfUtils.java:logGet(44)) - raft.server.log.purge.upto.snapshot.index = false (default)
2021-08-10 07:01:24,115 [pool-388-thread-1] INFO  server.RaftServerConfigKeys (ConfUtils.java:logGet(44)) - raft.server.retrycache.expirytime = 600000ms (custom)
2021-08-10 07:01:24,115 [pool-388-thread-1] INFO  server.RaftServerConfigKeys (ConfUtils.java:logGet(44)) - raft.server.retrycache.statistics.expirytime = 100μs (default)
2021-08-10 07:01:24,116 [pool-388-thread-1] INFO  server.RaftServer$Division (RaftServerImpl.java:start(296)) - eff28ee8-57ea-45f2-9598-664172de0afc@group-920335F0079F: start as a follower, conf=-1: [6b4f1d7a-7f8b-4ea3-931e-9057f129a70f|rpc:10.1.0.83:39569|dataStream:|priority:0, eff28ee8-57ea-45f2-9598-664172de0afc|rpc:10.1.0.83:37107|dataStream:|priority:1, c04a7c39-1cc1-427e-b561-bc84fdac11df|rpc:10.1.0.83:40237|dataStream:|priority:0], old=null
2021-08-10 07:01:24,116 [pool-388-thread-1] INFO  server.RaftServer$Division (RaftServerImpl.java:setRole(285)) - eff28ee8-57ea-45f2-9598-664172de0afc@group-920335F0079F: changes role from      null to FOLLOWER at term 0 for startAsFollower
2021-08-10 07:01:24,116 [pool-388-thread-1] INFO  impl.RoleInfo (RoleInfo.java:updateAndGet(130)) - eff28ee8-57ea-45f2-9598-664172de0afc: start eff28ee8-57ea-45f2-9598-664172de0afc@group-920335F0079F-FollowerState
2021-08-10 07:01:24,116 [pool-388-thread-1] INFO  util.JmxRegister (JmxRegister.java:tryRegister(44)) - Successfully registered JMX Bean with object name Ratis:service=RaftServer,group=group-920335F0079F,id=eff28ee8-57ea-45f2-9598-664172de0afc
2021-08-10 07:01:24,149 [Command processor thread] INFO  server.RaftServer (RaftServerProxy.java:addNew(95)) - eff28ee8-57ea-45f2-9598-664172de0afc: addNew group-6460917F694B:[eff28ee8-57ea-45f2-9598-664172de0afc|rpc:10.1.0.83:37107|priority:1] returns group-6460917F694B:java.util.concurrent.CompletableFuture@13bbc716[Not completed]
2021-08-10 07:01:24,150 [pool-388-thread-1] INFO  server.RaftServer$Division (RaftServerImpl.java:<init>(181)) - eff28ee8-57ea-45f2-9598-664172de0afc: new RaftServerImpl for group-6460917F694B:[eff28ee8-57ea-45f2-9598-664172de0afc|rpc:10.1.0.83:37107|priority:1] with ContainerStateMachine:uninitialized
2021-08-10 07:01:24,150 [pool-388-thread-1] INFO  server.RaftServerConfigKeys (ConfUtils.java:logGet(44)) - raft.server.rpc.timeout.min = 5s (custom)
2021-08-10 07:01:24,150 [pool-388-thread-1] INFO  server.RaftServerConfigKeys (ConfUtils.java:logGet(44)) - raft.server.rpc.timeout.max = 5200ms (custom)
2021-08-10 07:01:24,150 [pool-388-thread-1] INFO  server.RaftServerConfigKeys (ConfUtils.java:logGet(44)) - raft.server.rpc.sleep.time = 25ms (default)
2021-08-10 07:01:24,150 [pool-388-thread-1] INFO  server.RaftServerConfigKeys (ConfUtils.java:logGet(44)) - raft.server.rpc.slowness.timeout = 300s (custom)
2021-08-10 07:01:24,150 [pool-388-thread-1] INFO  server.RaftServerConfigKeys (ConfUtils.java:logGet(44)) - raft.server.leaderelection.leader.step-down.wait-time = 10s (default)
2021-08-10 07:01:24,150 [pool-388-thread-1] INFO  server.RaftServerConfigKeys (ConfUtils.java:logGet(44)) - raft.server.sleep.deviation.threshold = 300ms (default)
2021-08-10 07:01:24,150 [pool-388-thread-1] INFO  server.RaftServerConfigKeys (ConfUtils.java:logGet(44)) - raft.server.log.appender.install.snapshot.enabled = false (custom)
2021-08-10 07:01:24,150 [pool-388-thread-1] INFO  server.RaftServer$Division (ServerState.java:<init>(105)) - eff28ee8-57ea-45f2-9598-664172de0afc@group-6460917F694B: ConfigurationManager, init=-1: [eff28ee8-57ea-45f2-9598-664172de0afc|rpc:10.1.0.83:37107|priority:1], old=null, confs=<EMPTY_MAP>
2021-08-10 07:01:24,150 [pool-388-thread-1] INFO  server.RaftServerConfigKeys (ConfUtils.java:logGet(44)) - raft.server.storage.dir = [/home/runner/work/ozone/ozone/hadoop-ozone/integration-test/target/test-dir/MiniOzoneClusterImpl-fdc8fd63-cfc3-45c6-b077-7c3a44cbc127/datanode-1/data/ratis] (custom)
2021-08-10 07:01:24,151 [pool-388-thread-1] INFO  server.RaftServerConfigKeys (ConfUtils.java:logGet(44)) - raft.server.log.corruption.policy = EXCEPTION (default)
2021-08-10 07:01:24,151 [pool-388-thread-1] INFO  server.RaftServerConfigKeys (ConfUtils.java:logGet(44)) - raft.server.storage.free-space.min = 0MB (=0) (default)
2021-08-10 07:01:24,151 [pool-388-thread-1] INFO  storage.RaftStorageDirectory (RaftStorageDirectoryImpl.java:analyzeStorage(135)) - The storage directory /home/runner/work/ozone/ozone/hadoop-ozone/integration-test/target/test-dir/MiniOzoneClusterImpl-fdc8fd63-cfc3-45c6-b077-7c3a44cbc127/datanode-1/data/ratis/473646d8-a5d9-4190-a5d4-6460917f694b does not exist. Creating ...
2021-08-10 07:01:24,152 [pool-388-thread-1] INFO  storage.RaftStorageDirectory (RaftStorageDirectoryImpl.java:tryLock(230)) - Lock on /home/runner/work/ozone/ozone/hadoop-ozone/integration-test/target/test-dir/MiniOzoneClusterImpl-fdc8fd63-cfc3-45c6-b077-7c3a44cbc127/datanode-1/data/ratis/473646d8-a5d9-4190-a5d4-6460917f694b/in_use.lock acquired by nodename 20789@fv-az148-688
2021-08-10 07:01:24,157 [grpc-default-executor-0] INFO  server.RaftServer (RaftServerProxy.java:addNew(95)) - 6b4f1d7a-7f8b-4ea3-931e-9057f129a70f: addNew group-920335F0079F:[6b4f1d7a-7f8b-4ea3-931e-9057f129a70f|rpc:10.1.0.83:39569|dataStream:|priority:0, eff28ee8-57ea-45f2-9598-664172de0afc|rpc:10.1.0.83:37107|dataStream:|priority:1, c04a7c39-1cc1-427e-b561-bc84fdac11df|rpc:10.1.0.83:40237|dataStream:|priority:0] returns group-920335F0079F:java.util.concurrent.CompletableFuture@37da8f6d[Not completed]
2021-08-10 07:01:24,157 [pool-407-thread-1] INFO  server.RaftServer$Division (RaftServerImpl.java:<init>(181)) - 6b4f1d7a-7f8b-4ea3-931e-9057f129a70f: new RaftServerImpl for group-920335F0079F:[6b4f1d7a-7f8b-4ea3-931e-9057f129a70f|rpc:10.1.0.83:39569|dataStream:|priority:0, eff28ee8-57ea-45f2-9598-664172de0afc|rpc:10.1.0.83:37107|dataStream:|priority:1, c04a7c39-1cc1-427e-b561-bc84fdac11df|rpc:10.1.0.83:40237|dataStream:|priority:0] with ContainerStateMachine:uninitialized
2021-08-10 07:01:24,157 [pool-407-thread-1] INFO  server.RaftServerConfigKeys (ConfUtils.java:logGet(44)) - raft.server.rpc.timeout.min = 5s (custom)
2021-08-10 07:01:24,157 [pool-407-thread-1] INFO  server.RaftServerConfigKeys (ConfUtils.java:logGet(44)) - raft.server.rpc.timeout.max = 5200ms (custom)
2021-08-10 07:01:24,157 [pool-407-thread-1] INFO  server.RaftServerConfigKeys (ConfUtils.java:logGet(44)) - raft.server.rpc.sleep.time = 25ms (default)
2021-08-10 07:01:24,158 [pool-407-thread-1] INFO  server.RaftServerConfigKeys (ConfUtils.java:logGet(44)) - raft.server.rpc.slowness.timeout = 300s (custom)
2021-08-10 07:01:24,158 [pool-407-thread-1] INFO  server.RaftServerConfigKeys (ConfUtils.java:logGet(44)) - raft.server.leaderelection.leader.step-down.wait-time = 10s (default)
2021-08-10 07:01:24,158 [pool-407-thread-1] INFO  server.RaftServerConfigKeys (ConfUtils.java:logGet(44)) - raft.server.sleep.deviation.threshold = 300ms (default)
2021-08-10 07:01:24,158 [pool-407-thread-1] INFO  server.RaftServerConfigKeys (ConfUtils.java:logGet(44)) - raft.server.log.appender.install.snapshot.enabled = false (custom)
2021-08-10 07:01:24,158 [pool-407-thread-1] INFO  server.RaftServer$Division (ServerState.java:<init>(105)) - 6b4f1d7a-7f8b-4ea3-931e-9057f129a70f@group-920335F0079F: ConfigurationManager, init=-1: [6b4f1d7a-7f8b-4ea3-931e-9057f129a70f|rpc:10.1.0.83:39569|dataStream:|priority:0, eff28ee8-57ea-45f2-9598-664172de0afc|rpc:10.1.0.83:37107|dataStream:|priority:1, c04a7c39-1cc1-427e-b561-bc84fdac11df|rpc:10.1.0.83:40237|dataStream:|priority:0], old=null, confs=<EMPTY_MAP>
2021-08-10 07:01:24,158 [pool-407-thread-1] INFO  server.RaftServerConfigKeys (ConfUtils.java:logGet(44)) - raft.server.storage.dir = [/home/runner/work/ozone/ozone/hadoop-ozone/integration-test/target/test-dir/MiniOzoneClusterImpl-fdc8fd63-cfc3-45c6-b077-7c3a44cbc127/datanode-2/data/ratis] (custom)
2021-08-10 07:01:24,158 [pool-407-thread-1] INFO  server.RaftServerConfigKeys (ConfUtils.java:logGet(44)) - raft.server.log.corruption.policy = EXCEPTION (default)
2021-08-10 07:01:24,158 [pool-407-thread-1] INFO  server.RaftServerConfigKeys (ConfUtils.java:logGet(44)) - raft.server.storage.free-space.min = 0MB (=0) (default)
2021-08-10 07:01:24,158 [pool-407-thread-1] INFO  storage.RaftStorageDirectory (RaftStorageDirectoryImpl.java:analyzeStorage(135)) - The storage directory /home/runner/work/ozone/ozone/hadoop-ozone/integration-test/target/test-dir/MiniOzoneClusterImpl-fdc8fd63-cfc3-45c6-b077-7c3a44cbc127/datanode-2/data/ratis/31799dc1-e164-409e-9282-920335f0079f does not exist. Creating ...
2021-08-10 07:01:24,160 [pool-407-thread-1] INFO  storage.RaftStorageDirectory (RaftStorageDirectoryImpl.java:tryLock(230)) - Lock on /home/runner/work/ozone/ozone/hadoop-ozone/integration-test/target/test-dir/MiniOzoneClusterImpl-fdc8fd63-cfc3-45c6-b077-7c3a44cbc127/datanode-2/data/ratis/31799dc1-e164-409e-9282-920335f0079f/in_use.lock acquired by nodename 20789@fv-az148-688
2021-08-10 07:01:24,164 [pool-388-thread-1] INFO  storage.RaftStorage (RaftStorageImpl.java:format(89)) - Storage directory /home/runner/work/ozone/ozone/hadoop-ozone/integration-test/target/test-dir/MiniOzoneClusterImpl-fdc8fd63-cfc3-45c6-b077-7c3a44cbc127/datanode-1/data/ratis/473646d8-a5d9-4190-a5d4-6460917f694b has been successfully formatted.
2021-08-10 07:01:24,164 [pool-388-thread-1] INFO  ratis.ContainerStateMachine (ContainerStateMachine.java:loadSnapshot(223)) - group-6460917F694B: The snapshot info is null. Setting the last applied indexto:(t:0, i:~)
2021-08-10 07:01:24,166 [pool-388-thread-1] INFO  server.RaftServerConfigKeys (ConfUtils.java:logGet(44)) - raft.server.notification.no-leader.timeout = 300s (custom)
2021-08-10 07:01:24,166 [pool-388-thread-1] INFO  server.RaftServerConfigKeys (ConfUtils.java:logGet(44)) - raft.server.log.use.memory = false (default)
2021-08-10 07:01:24,166 [pool-388-thread-1] INFO  server.RaftServerConfigKeys (ConfUtils.java:logGet(44)) - raft.server.log.purge.gap = 1000000 (custom)
2021-08-10 07:01:24,166 [pool-388-thread-1] INFO  server.RaftServerConfigKeys (ConfUtils.java:logGet(44)) - raft.server.log.appender.buffer.byte-limit = 33554432 (custom)
2021-08-10 07:01:24,166 [pool-388-thread-1] INFO  server.RaftServerConfigKeys (ConfUtils.java:logGet(44)) - raft.server.log.segment.size.max = 1048576 (custom)
2021-08-10 07:01:24,166 [EventQueue-PipelineReportForPipelineReportHandler] INFO  pipeline.PipelineManagerV2Impl (PipelineManagerV2Impl.java:openPipeline(283)) - Pipeline Pipeline[ Id: 473646d8-a5d9-4190-a5d4-6460917f694b, Nodes: eff28ee8-57ea-45f2-9598-664172de0afc{ip: 10.1.0.83, host: fv-az148-688.bm4ck3pvxvsene1rjriu5fhcdb.bx.internal.cloudapp.net, ports: [REPLICATION=39227, RATIS=37107, RATIS_ADMIN=37107, RATIS_SERVER=37107, STANDALONE=40575], networkLocation: /default-rack, certSerialId: null, persistedOpState: IN_SERVICE, persistedOpStateExpiryEpochSec: 0}, ReplicationConfig: RATIS/ONE, State:ALLOCATED, leaderId:eff28ee8-57ea-45f2-9598-664172de0afc, CreationTimestamp2021-08-10T07:01:21.146Z[Etc/UTC]] moved to OPEN state
2021-08-10 07:01:24,167 [EventQueue-OpenPipelineForHealthyPipelineSafeModeRule] INFO  safemode.SCMSafeModeManager (HealthyPipelineSafeModeRule.java:process(124)) - SCM in safe mode. Healthy pipelines reported count is 0, required healthy pipeline reported count is 1
2021-08-10 07:01:24,164 [Datanode State Machine Thread - 0] WARN  statemachine.StateContext (StateContext.java:execute(621)) - No available thread in pool for past 1 seconds.
2021-08-10 07:01:24,179 [pool-388-thread-1] INFO  server.RaftServerConfigKeys (ConfUtils.java:logGet(44)) - raft.server.log.segment.cache.num.max = 2 (custom)
2021-08-10 07:01:24,181 [pool-388-thread-1] INFO  server.RaftServerConfigKeys (ConfUtils.java:logGet(44)) - raft.server.log.segment.cache.size.max = 200MB (=209715200) (default)
2021-08-10 07:01:24,181 [pool-388-thread-1] INFO  segmented.SegmentedRaftLogWorker (SegmentedRaftLogWorker.java:<init>(182)) - new eff28ee8-57ea-45f2-9598-664172de0afc@group-6460917F694B-SegmentedRaftLogWorker for RaftStorageImpl:Storage Directory /home/runner/work/ozone/ozone/hadoop-ozone/integration-test/target/test-dir/MiniOzoneClusterImpl-fdc8fd63-cfc3-45c6-b077-7c3a44cbc127/datanode-1/data/ratis/473646d8-a5d9-4190-a5d4-6460917f694b
2021-08-10 07:01:24,181 [pool-388-thread-1] INFO  server.RaftServerConfigKeys (ConfUtils.java:logGet(44)) - raft.server.log.queue.byte-limit = 2147483647 (custom)
2021-08-10 07:01:24,181 [pool-388-thread-1] INFO  server.RaftServerConfigKeys (ConfUtils.java:logGet(44)) - raft.server.log.queue.element-limit = 1024 (custom)
2021-08-10 07:01:24,181 [pool-388-thread-1] INFO  server.RaftServerConfigKeys (ConfUtils.java:logGet(44)) - raft.server.log.segment.size.max = 1048576 (custom)
2021-08-10 07:01:24,181 [pool-388-thread-1] INFO  server.RaftServerConfigKeys (ConfUtils.java:logGet(44)) - raft.server.log.preallocated.size = 16384 (custom)
2021-08-10 07:01:24,181 [pool-388-thread-1] INFO  server.RaftServerConfigKeys (ConfUtils.java:logGet(44)) - raft.server.log.force.sync.num = 128 (default)
2021-08-10 07:01:24,181 [pool-388-thread-1] INFO  server.RaftServerConfigKeys (ConfUtils.java:logGet(44)) - raft.server.log.statemachine.data.sync = true (default)
2021-08-10 07:01:24,182 [pool-388-thread-1] INFO  server.RaftServerConfigKeys (ConfUtils.java:logGet(44)) - raft.server.log.statemachine.data.sync.timeout = 10s (default)
2021-08-10 07:01:24,182 [pool-388-thread-1] INFO  server.RaftServerConfigKeys (ConfUtils.java:logGet(44)) - raft.server.log.statemachine.data.sync.timeout.retry = -1 (default)
2021-08-10 07:01:24,182 [pool-388-thread-1] INFO  server.RaftServerConfigKeys (ConfUtils.java:logGet(44)) - raft.server.log.write.buffer.size = 1048576 (custom)
2021-08-10 07:01:24,183 [pool-388-thread-1] INFO  server.RaftServerConfigKeys (ConfUtils.java:logGet(44)) - raft.server.log.statemachine.data.caching.enabled = true (custom)
2021-08-10 07:01:24,183 [pool-388-thread-1] INFO  segmented.SegmentedRaftLogWorker (SegmentedRaftLogWorker.java:lambda$new$0(133)) - eff28ee8-57ea-45f2-9598-664172de0afc@group-6460917F694B-SegmentedRaftLogWorker: flushIndex: setUnconditionally 0 -> -1
2021-08-10 07:01:24,183 [pool-388-thread-1] INFO  segmented.SegmentedRaftLogWorker (SegmentedRaftLogWorker.java:lambda$new$0(133)) - eff28ee8-57ea-45f2-9598-664172de0afc@group-6460917F694B-SegmentedRaftLogWorker: safeCacheEvictIndex: setUnconditionally 0 -> -1
2021-08-10 07:01:24,181 [pool-407-thread-1] INFO  storage.RaftStorage (RaftStorageImpl.java:format(89)) - Storage directory /home/runner/work/ozone/ozone/hadoop-ozone/integration-test/target/test-dir/MiniOzoneClusterImpl-fdc8fd63-cfc3-45c6-b077-7c3a44cbc127/datanode-2/data/ratis/31799dc1-e164-409e-9282-920335f0079f has been successfully formatted.
2021-08-10 07:01:24,184 [pool-388-thread-1] INFO  server.RaftServerConfigKeys (ConfUtils.java:logGet(44)) - raft.server.snapshot.auto.trigger.enabled = true (custom)
2021-08-10 07:01:24,184 [pool-388-thread-1] INFO  server.RaftServerConfigKeys (ConfUtils.java:logGet(44)) - raft.server.snapshot.auto.trigger.threshold = 10000 (custom)
2021-08-10 07:01:24,184 [pool-388-thread-1] INFO  server.RaftServerConfigKeys (ConfUtils.java:logGet(44)) - raft.server.snapshot.retention.file.num = 5 (custom)
2021-08-10 07:01:24,184 [pool-388-thread-1] INFO  server.RaftServerConfigKeys (ConfUtils.java:logGet(44)) - raft.server.log.purge.upto.snapshot.index = false (default)
2021-08-10 07:01:24,184 [pool-388-thread-1] INFO  server.RaftServerConfigKeys (ConfUtils.java:logGet(44)) - raft.server.retrycache.expirytime = 600000ms (custom)
2021-08-10 07:01:24,184 [pool-388-thread-1] INFO  server.RaftServerConfigKeys (ConfUtils.java:logGet(44)) - raft.server.retrycache.statistics.expirytime = 100μs (default)
2021-08-10 07:01:24,185 [pool-388-thread-1] INFO  server.RaftServer$Division (RaftServerImpl.java:start(296)) - eff28ee8-57ea-45f2-9598-664172de0afc@group-6460917F694B: start as a follower, conf=-1: [eff28ee8-57ea-45f2-9598-664172de0afc|rpc:10.1.0.83:37107|priority:1], old=null
2021-08-10 07:01:24,185 [pool-388-thread-1] INFO  server.RaftServer$Division (RaftServerImpl.java:setRole(285)) - eff28ee8-57ea-45f2-9598-664172de0afc@group-6460917F694B: changes role from      null to FOLLOWER at term 0 for startAsFollower
2021-08-10 07:01:24,185 [pool-388-thread-1] INFO  impl.RoleInfo (RoleInfo.java:updateAndGet(130)) - eff28ee8-57ea-45f2-9598-664172de0afc: start eff28ee8-57ea-45f2-9598-664172de0afc@group-6460917F694B-FollowerState
2021-08-10 07:01:24,185 [pool-388-thread-1] INFO  util.JmxRegister (JmxRegister.java:tryRegister(44)) - Successfully registered JMX Bean with object name Ratis:service=RaftServer,group=group-6460917F694B,id=eff28ee8-57ea-45f2-9598-664172de0afc
2021-08-10 07:01:24,186 [Command processor thread] INFO  ratis.XceiverServerRatis (XceiverServerRatis.java:addGroup(759)) - Created group PipelineID=473646d8-a5d9-4190-a5d4-6460917f694b
2021-08-10 07:01:24,186 [Command processor thread] INFO  commandhandler.CreatePipelineCommandHandler (CreatePipelineCommandHandler.java:handle(106)) - Created Pipeline RATIS ONE PipelineID=473646d8-a5d9-4190-a5d4-6460917f694b.
2021-08-10 07:01:24,186 [pool-407-thread-1] INFO  ratis.ContainerStateMachine (ContainerStateMachine.java:loadSnapshot(223)) - group-920335F0079F: The snapshot info is null. Setting the last applied indexto:(t:0, i:~)
2021-08-10 07:01:24,186 [pool-407-thread-1] INFO  server.RaftServerConfigKeys (ConfUtils.java:logGet(44)) - raft.server.notification.no-leader.timeout = 300s (custom)
2021-08-10 07:01:24,186 [pool-407-thread-1] INFO  server.RaftServerConfigKeys (ConfUtils.java:logGet(44)) - raft.server.log.use.memory = false (default)
2021-08-10 07:01:24,187 [pool-407-thread-1] INFO  server.RaftServerConfigKeys (ConfUtils.java:logGet(44)) - raft.server.log.purge.gap = 1000000 (custom)
2021-08-10 07:01:24,187 [pool-407-thread-1] INFO  server.RaftServerConfigKeys (ConfUtils.java:logGet(44)) - raft.server.log.appender.buffer.byte-limit = 33554432 (custom)
2021-08-10 07:01:24,187 [pool-407-thread-1] INFO  server.RaftServerConfigKeys (ConfUtils.java:logGet(44)) - raft.server.log.segment.size.max = 1048576 (custom)
2021-08-10 07:01:24,187 [pool-407-thread-1] INFO  server.RaftServerConfigKeys (ConfUtils.java:logGet(44)) - raft.server.log.segment.cache.num.max = 2 (custom)
2021-08-10 07:01:24,187 [pool-407-thread-1] INFO  server.RaftServerConfigKeys (ConfUtils.java:logGet(44)) - raft.server.log.segment.cache.size.max = 200MB (=209715200) (default)
2021-08-10 07:01:24,187 [pool-407-thread-1] INFO  segmented.SegmentedRaftLogWorker (SegmentedRaftLogWorker.java:<init>(182)) - new 6b4f1d7a-7f8b-4ea3-931e-9057f129a70f@group-920335F0079F-SegmentedRaftLogWorker for RaftStorageImpl:Storage Directory /home/runner/work/ozone/ozone/hadoop-ozone/integration-test/target/test-dir/MiniOzoneClusterImpl-fdc8fd63-cfc3-45c6-b077-7c3a44cbc127/datanode-2/data/ratis/31799dc1-e164-409e-9282-920335f0079f
2021-08-10 07:01:24,187 [pool-407-thread-1] INFO  server.RaftServerConfigKeys (ConfUtils.java:logGet(44)) - raft.server.log.queue.byte-limit = 2147483647 (custom)
2021-08-10 07:01:24,187 [pool-407-thread-1] INFO  server.RaftServerConfigKeys (ConfUtils.java:logGet(44)) - raft.server.log.queue.element-limit = 1024 (custom)
2021-08-10 07:01:24,187 [pool-407-thread-1] INFO  server.RaftServerConfigKeys (ConfUtils.java:logGet(44)) - raft.server.log.segment.size.max = 1048576 (custom)
2021-08-10 07:01:24,187 [pool-407-thread-1] INFO  server.RaftServerConfigKeys (ConfUtils.java:logGet(44)) - raft.server.log.preallocated.size = 16384 (custom)
2021-08-10 07:01:24,187 [pool-407-thread-1] INFO  server.RaftServerConfigKeys (ConfUtils.java:logGet(44)) - raft.server.log.force.sync.num = 128 (default)
2021-08-10 07:01:24,187 [pool-407-thread-1] INFO  server.RaftServerConfigKeys (ConfUtils.java:logGet(44)) - raft.server.log.statemachine.data.sync = true (default)
2021-08-10 07:01:24,187 [pool-407-thread-1] INFO  server.RaftServerConfigKeys (ConfUtils.java:logGet(44)) - raft.server.log.statemachine.data.sync.timeout = 10s (default)
2021-08-10 07:01:24,187 [pool-407-thread-1] INFO  server.RaftServerConfigKeys (ConfUtils.java:logGet(44)) - raft.server.log.statemachine.data.sync.timeout.retry = -1 (default)
2021-08-10 07:01:24,188 [pool-407-thread-1] INFO  server.RaftServerConfigKeys (ConfUtils.java:logGet(44)) - raft.server.log.write.buffer.size = 1048576 (custom)
2021-08-10 07:01:24,189 [pool-407-thread-1] INFO  server.RaftServerConfigKeys (ConfUtils.java:logGet(44)) - raft.server.log.statemachine.data.caching.enabled = true (custom)
2021-08-10 07:01:24,189 [pool-407-thread-1] INFO  segmented.SegmentedRaftLogWorker (SegmentedRaftLogWorker.java:lambda$new$0(133)) - 6b4f1d7a-7f8b-4ea3-931e-9057f129a70f@group-920335F0079F-SegmentedRaftLogWorker: flushIndex: setUnconditionally 0 -> -1
2021-08-10 07:01:24,189 [pool-407-thread-1] INFO  segmented.SegmentedRaftLogWorker (SegmentedRaftLogWorker.java:lambda$new$0(133)) - 6b4f1d7a-7f8b-4ea3-931e-9057f129a70f@group-920335F0079F-SegmentedRaftLogWorker: safeCacheEvictIndex: setUnconditionally 0 -> -1
2021-08-10 07:01:24,196 [Datanode State Machine Thread - 0] WARN  statemachine.StateContext (StateContext.java:execute(621)) - No available thread in pool for past 1 seconds.
2021-08-10 07:01:24,214 [pool-407-thread-1] INFO  server.RaftServerConfigKeys (ConfUtils.java:logGet(44)) - raft.server.snapshot.auto.trigger.enabled = true (custom)
2021-08-10 07:01:24,214 [pool-407-thread-1] INFO  server.RaftServerConfigKeys (ConfUtils.java:logGet(44)) - raft.server.snapshot.auto.trigger.threshold = 10000 (custom)
2021-08-10 07:01:24,214 [pool-407-thread-1] INFO  server.RaftServerConfigKeys (ConfUtils.java:logGet(44)) - raft.server.snapshot.retention.file.num = 5 (custom)
2021-08-10 07:01:24,214 [pool-407-thread-1] INFO  server.RaftServerConfigKeys (ConfUtils.java:logGet(44)) - raft.server.log.purge.upto.snapshot.index = false (default)
2021-08-10 07:01:24,215 [pool-407-thread-1] INFO  server.RaftServerConfigKeys (ConfUtils.java:logGet(44)) - raft.server.retrycache.expirytime = 600000ms (custom)
2021-08-10 07:01:24,215 [pool-407-thread-1] INFO  server.RaftServerConfigKeys (ConfUtils.java:logGet(44)) - raft.server.retrycache.statistics.expirytime = 100μs (default)
2021-08-10 07:01:24,216 [pool-407-thread-1] INFO  server.RaftServer$Division (RaftServerImpl.java:start(296)) - 6b4f1d7a-7f8b-4ea3-931e-9057f129a70f@group-920335F0079F: start as a follower, conf=-1: [6b4f1d7a-7f8b-4ea3-931e-9057f129a70f|rpc:10.1.0.83:39569|dataStream:|priority:0, eff28ee8-57ea-45f2-9598-664172de0afc|rpc:10.1.0.83:37107|dataStream:|priority:1, c04a7c39-1cc1-427e-b561-bc84fdac11df|rpc:10.1.0.83:40237|dataStream:|priority:0], old=null
2021-08-10 07:01:24,216 [pool-407-thread-1] INFO  server.RaftServer$Division (RaftServerImpl.java:setRole(285)) - 6b4f1d7a-7f8b-4ea3-931e-9057f129a70f@group-920335F0079F: changes role from      null to FOLLOWER at term 0 for startAsFollower
2021-08-10 07:01:24,216 [pool-407-thread-1] INFO  impl.RoleInfo (RoleInfo.java:updateAndGet(130)) - 6b4f1d7a-7f8b-4ea3-931e-9057f129a70f: start 6b4f1d7a-7f8b-4ea3-931e-9057f129a70f@group-920335F0079F-FollowerState
2021-08-10 07:01:24,221 [pool-407-thread-1] INFO  util.JmxRegister (JmxRegister.java:tryRegister(44)) - Successfully registered JMX Bean with object name Ratis:service=RaftServer,group=group-920335F0079F,id=6b4f1d7a-7f8b-4ea3-931e-9057f129a70f
2021-08-10 07:01:24,251 [Command processor thread] INFO  commandhandler.CreatePipelineCommandHandler (CreatePipelineCommandHandler.java:handle(106)) - Created Pipeline RATIS THREE PipelineID=31799dc1-e164-409e-9282-920335f0079f.
2021-08-10 07:01:24,486 [Listener at 127.0.0.1/43351] INFO  ozone.MiniOzoneClusterImpl (MiniOzoneClusterImpl.java:lambda$waitForClusterToBeReady$0(235)) - Nodes are ready. Got 3 of 3 DN Heartbeats.
2021-08-10 07:01:24,486 [Listener at 127.0.0.1/43351] INFO  ozone.MiniOzoneClusterImpl (MiniOzoneClusterImpl.java:lambda$waitForClusterToBeReady$0(238)) - Waiting for cluster to exit safe mode
2021-08-10 07:01:24,486 [Listener at 127.0.0.1/43351] INFO  ozone.MiniOzoneClusterImpl (MiniOzoneClusterImpl.java:lambda$waitForClusterToBeReady$0(240)) - SCM became leader
2021-08-10 07:01:24,507 [Command processor thread] INFO  server.RaftServer (RaftServerProxy.java:addNew(95)) - 6b4f1d7a-7f8b-4ea3-931e-9057f129a70f: addNew group-F82145DDFB36:[6b4f1d7a-7f8b-4ea3-931e-9057f129a70f|rpc:10.1.0.83:39569|priority:1] returns group-F82145DDFB36:java.util.concurrent.CompletableFuture@32341dde[Not completed]
2021-08-10 07:01:24,508 [pool-407-thread-1] INFO  server.RaftServer$Division (RaftServerImpl.java:<init>(181)) - 6b4f1d7a-7f8b-4ea3-931e-9057f129a70f: new RaftServerImpl for group-F82145DDFB36:[6b4f1d7a-7f8b-4ea3-931e-9057f129a70f|rpc:10.1.0.83:39569|priority:1] with ContainerStateMachine:uninitialized
2021-08-10 07:01:24,508 [pool-407-thread-1] INFO  server.RaftServerConfigKeys (ConfUtils.java:logGet(44)) - raft.server.rpc.timeout.min = 5s (custom)
2021-08-10 07:01:24,508 [pool-407-thread-1] INFO  server.RaftServerConfigKeys (ConfUtils.java:logGet(44)) - raft.server.rpc.timeout.max = 5200ms (custom)
2021-08-10 07:01:24,508 [pool-407-thread-1] INFO  server.RaftServerConfigKeys (ConfUtils.java:logGet(44)) - raft.server.rpc.sleep.time = 25ms (default)
2021-08-10 07:01:24,508 [pool-407-thread-1] INFO  server.RaftServerConfigKeys (ConfUtils.java:logGet(44)) - raft.server.rpc.slowness.timeout = 300s (custom)
2021-08-10 07:01:24,508 [pool-407-thread-1] INFO  server.RaftServerConfigKeys (ConfUtils.java:logGet(44)) - raft.server.leaderelection.leader.step-down.wait-time = 10s (default)
2021-08-10 07:01:24,508 [pool-407-thread-1] INFO  server.RaftServerConfigKeys (ConfUtils.java:logGet(44)) - raft.server.sleep.deviation.threshold = 300ms (default)
2021-08-10 07:01:24,508 [pool-407-thread-1] INFO  server.RaftServerConfigKeys (ConfUtils.java:logGet(44)) - raft.server.log.appender.install.snapshot.enabled = false (custom)
2021-08-10 07:01:24,508 [pool-407-thread-1] INFO  server.RaftServer$Division (ServerState.java:<init>(105)) - 6b4f1d7a-7f8b-4ea3-931e-9057f129a70f@group-F82145DDFB36: ConfigurationManager, init=-1: [6b4f1d7a-7f8b-4ea3-931e-9057f129a70f|rpc:10.1.0.83:39569|priority:1], old=null, confs=<EMPTY_MAP>
2021-08-10 07:01:24,508 [pool-407-thread-1] INFO  server.RaftServerConfigKeys (ConfUtils.java:logGet(44)) - raft.server.storage.dir = [/home/runner/work/ozone/ozone/hadoop-ozone/integration-test/target/test-dir/MiniOzoneClusterImpl-fdc8fd63-cfc3-45c6-b077-7c3a44cbc127/datanode-2/data/ratis] (custom)
2021-08-10 07:01:24,509 [pool-407-thread-1] INFO  server.RaftServerConfigKeys (ConfUtils.java:logGet(44)) - raft.server.log.corruption.policy = EXCEPTION (default)
2021-08-10 07:01:24,509 [pool-407-thread-1] INFO  server.RaftServerConfigKeys (ConfUtils.java:logGet(44)) - raft.server.storage.free-space.min = 0MB (=0) (default)
2021-08-10 07:01:24,509 [pool-407-thread-1] INFO  storage.RaftStorageDirectory (RaftStorageDirectoryImpl.java:analyzeStorage(135)) - The storage directory /home/runner/work/ozone/ozone/hadoop-ozone/integration-test/target/test-dir/MiniOzoneClusterImpl-fdc8fd63-cfc3-45c6-b077-7c3a44cbc127/datanode-2/data/ratis/08b00ade-be06-483b-8dd9-f82145ddfb36 does not exist. Creating ...
2021-08-10 07:01:24,510 [pool-407-thread-1] INFO  storage.RaftStorageDirectory (RaftStorageDirectoryImpl.java:tryLock(230)) - Lock on /home/runner/work/ozone/ozone/hadoop-ozone/integration-test/target/test-dir/MiniOzoneClusterImpl-fdc8fd63-cfc3-45c6-b077-7c3a44cbc127/datanode-2/data/ratis/08b00ade-be06-483b-8dd9-f82145ddfb36/in_use.lock acquired by nodename 20789@fv-az148-688
2021-08-10 07:01:24,513 [pool-407-thread-1] INFO  storage.RaftStorage (RaftStorageImpl.java:format(89)) - Storage directory /home/runner/work/ozone/ozone/hadoop-ozone/integration-test/target/test-dir/MiniOzoneClusterImpl-fdc8fd63-cfc3-45c6-b077-7c3a44cbc127/datanode-2/data/ratis/08b00ade-be06-483b-8dd9-f82145ddfb36 has been successfully formatted.
2021-08-10 07:01:24,514 [Datanode State Machine Thread - 0] WARN  statemachine.StateContext (StateContext.java:execute(621)) - No available thread in pool for past 1 seconds.
2021-08-10 07:01:24,515 [EventQueue-PipelineReportForPipelineReportHandler] INFO  pipeline.PipelineManagerV2Impl (PipelineManagerV2Impl.java:openPipeline(283)) - Pipeline Pipeline[ Id: 08b00ade-be06-483b-8dd9-f82145ddfb36, Nodes: 6b4f1d7a-7f8b-4ea3-931e-9057f129a70f{ip: 10.1.0.83, host: fv-az148-688.bm4ck3pvxvsene1rjriu5fhcdb.bx.internal.cloudapp.net, ports: [REPLICATION=45551, RATIS=39569, RATIS_ADMIN=39569, RATIS_SERVER=39569, STANDALONE=44147], networkLocation: /default-rack, certSerialId: null, persistedOpState: IN_SERVICE, persistedOpStateExpiryEpochSec: 0}, ReplicationConfig: RATIS/ONE, State:ALLOCATED, leaderId:6b4f1d7a-7f8b-4ea3-931e-9057f129a70f, CreationTimestamp2021-08-10T07:01:21.510Z[Etc/UTC]] moved to OPEN state
2021-08-10 07:01:24,515 [pool-407-thread-1] INFO  ratis.ContainerStateMachine (ContainerStateMachine.java:loadSnapshot(223)) - group-F82145DDFB36: The snapshot info is null. Setting the last applied indexto:(t:0, i:~)
2021-08-10 07:01:24,515 [pool-407-thread-1] INFO  server.RaftServerConfigKeys (ConfUtils.java:logGet(44)) - raft.server.notification.no-leader.timeout = 300s (custom)
2021-08-10 07:01:24,515 [EventQueue-OpenPipelineForHealthyPipelineSafeModeRule] INFO  safemode.SCMSafeModeManager (HealthyPipelineSafeModeRule.java:process(124)) - SCM in safe mode. Healthy pipelines reported count is 0, required healthy pipeline reported count is 1
2021-08-10 07:01:24,515 [pool-407-thread-1] INFO  server.RaftServerConfigKeys (ConfUtils.java:logGet(44)) - raft.server.log.use.memory = false (default)
2021-08-10 07:01:24,526 [pool-407-thread-1] INFO  server.RaftServerConfigKeys (ConfUtils.java:logGet(44)) - raft.server.log.purge.gap = 1000000 (custom)
2021-08-10 07:01:24,526 [pool-407-thread-1] INFO  server.RaftServerConfigKeys (ConfUtils.java:logGet(44)) - raft.server.log.appender.buffer.byte-limit = 33554432 (custom)
2021-08-10 07:01:24,526 [pool-407-thread-1] INFO  server.RaftServerConfigKeys (ConfUtils.java:logGet(44)) - raft.server.log.segment.size.max = 1048576 (custom)
2021-08-10 07:01:24,527 [pool-407-thread-1] INFO  server.RaftServerConfigKeys (ConfUtils.java:logGet(44)) - raft.server.log.segment.cache.num.max = 2 (custom)
2021-08-10 07:01:24,527 [pool-407-thread-1] INFO  server.RaftServerConfigKeys (ConfUtils.java:logGet(44)) - raft.server.log.segment.cache.size.max = 200MB (=209715200) (default)
2021-08-10 07:01:24,527 [pool-407-thread-1] INFO  segmented.SegmentedRaftLogWorker (SegmentedRaftLogWorker.java:<init>(182)) - new 6b4f1d7a-7f8b-4ea3-931e-9057f129a70f@group-F82145DDFB36-SegmentedRaftLogWorker for RaftStorageImpl:Storage Directory /home/runner/work/ozone/ozone/hadoop-ozone/integration-test/target/test-dir/MiniOzoneClusterImpl-fdc8fd63-cfc3-45c6-b077-7c3a44cbc127/datanode-2/data/ratis/08b00ade-be06-483b-8dd9-f82145ddfb36
2021-08-10 07:01:24,527 [pool-407-thread-1] INFO  server.RaftServerConfigKeys (ConfUtils.java:logGet(44)) - raft.server.log.queue.byte-limit = 2147483647 (custom)
2021-08-10 07:01:24,527 [pool-407-thread-1] INFO  server.RaftServerConfigKeys (ConfUtils.java:logGet(44)) - raft.server.log.queue.element-limit = 1024 (custom)
2021-08-10 07:01:24,527 [pool-407-thread-1] INFO  server.RaftServerConfigKeys (ConfUtils.java:logGet(44)) - raft.server.log.segment.size.max = 1048576 (custom)
2021-08-10 07:01:24,527 [pool-407-thread-1] INFO  server.RaftServerConfigKeys (ConfUtils.java:logGet(44)) - raft.server.log.preallocated.size = 16384 (custom)
2021-08-10 07:01:24,527 [pool-407-thread-1] INFO  server.RaftServerConfigKeys (ConfUtils.java:logGet(44)) - raft.server.log.force.sync.num = 128 (default)
2021-08-10 07:01:24,527 [pool-407-thread-1] INFO  server.RaftServerConfigKeys (ConfUtils.java:logGet(44)) - raft.server.log.statemachine.data.sync = true (default)
2021-08-10 07:01:24,527 [pool-407-thread-1] INFO  server.RaftServerConfigKeys (ConfUtils.java:logGet(44)) - raft.server.log.statemachine.data.sync.timeout = 10s (default)
2021-08-10 07:01:24,533 [pool-407-thread-1] INFO  server.RaftServerConfigKeys (ConfUtils.java:logGet(44)) - raft.server.log.statemachine.data.sync.timeout.retry = -1 (default)
2021-08-10 07:01:24,537 [pool-407-thread-1] INFO  server.RaftServerConfigKeys (ConfUtils.java:logGet(44)) - raft.server.log.write.buffer.size = 1048576 (custom)
2021-08-10 07:01:24,537 [pool-407-thread-1] INFO  server.RaftServerConfigKeys (ConfUtils.java:logGet(44)) - raft.server.log.statemachine.data.caching.enabled = true (custom)
2021-08-10 07:01:24,537 [pool-407-thread-1] INFO  segmented.SegmentedRaftLogWorker (SegmentedRaftLogWorker.java:lambda$new$0(133)) - 6b4f1d7a-7f8b-4ea3-931e-9057f129a70f@group-F82145DDFB36-SegmentedRaftLogWorker: flushIndex: setUnconditionally 0 -> -1
2021-08-10 07:01:24,537 [pool-407-thread-1] INFO  segmented.SegmentedRaftLogWorker (SegmentedRaftLogWorker.java:lambda$new$0(133)) - 6b4f1d7a-7f8b-4ea3-931e-9057f129a70f@group-F82145DDFB36-SegmentedRaftLogWorker: safeCacheEvictIndex: setUnconditionally 0 -> -1
2021-08-10 07:01:24,543 [pool-407-thread-1] INFO  server.RaftServerConfigKeys (ConfUtils.java:logGet(44)) - raft.server.snapshot.auto.trigger.enabled = true (custom)
2021-08-10 07:01:24,544 [pool-407-thread-1] INFO  server.RaftServerConfigKeys (ConfUtils.java:logGet(44)) - raft.server.snapshot.auto.trigger.threshold = 10000 (custom)
2021-08-10 07:01:24,544 [pool-407-thread-1] INFO  server.RaftServerConfigKeys (ConfUtils.java:logGet(44)) - raft.server.snapshot.retention.file.num = 5 (custom)
2021-08-10 07:01:24,544 [pool-407-thread-1] INFO  server.RaftServerConfigKeys (ConfUtils.java:logGet(44)) - raft.server.log.purge.upto.snapshot.index = false (default)
2021-08-10 07:01:24,544 [pool-407-thread-1] INFO  server.RaftServerConfigKeys (ConfUtils.java:logGet(44)) - raft.server.retrycache.expirytime = 600000ms (custom)
2021-08-10 07:01:24,544 [pool-407-thread-1] INFO  server.RaftServerConfigKeys (ConfUtils.java:logGet(44)) - raft.server.retrycache.statistics.expirytime = 100μs (default)
2021-08-10 07:01:24,545 [pool-407-thread-1] INFO  server.RaftServer$Division (RaftServerImpl.java:start(296)) - 6b4f1d7a-7f8b-4ea3-931e-9057f129a70f@group-F82145DDFB36: start as a follower, conf=-1: [6b4f1d7a-7f8b-4ea3-931e-9057f129a70f|rpc:10.1.0.83:39569|priority:1], old=null
2021-08-10 07:01:24,546 [pool-407-thread-1] INFO  server.RaftServer$Division (RaftServerImpl.java:setRole(285)) - 6b4f1d7a-7f8b-4ea3-931e-9057f129a70f@group-F82145DDFB36: changes role from      null to FOLLOWER at term 0 for startAsFollower
2021-08-10 07:01:24,547 [pool-407-thread-1] INFO  impl.RoleInfo (RoleInfo.java:updateAndGet(130)) - 6b4f1d7a-7f8b-4ea3-931e-9057f129a70f: start 6b4f1d7a-7f8b-4ea3-931e-9057f129a70f@group-F82145DDFB36-FollowerState
2021-08-10 07:01:24,554 [pool-407-thread-1] INFO  util.JmxRegister (JmxRegister.java:tryRegister(44)) - Successfully registered JMX Bean with object name Ratis:service=RaftServer,group=group-F82145DDFB36,id=6b4f1d7a-7f8b-4ea3-931e-9057f129a70f
2021-08-10 07:01:24,555 [Command processor thread] INFO  ratis.XceiverServerRatis (XceiverServerRatis.java:addGroup(759)) - Created group PipelineID=08b00ade-be06-483b-8dd9-f82145ddfb36
2021-08-10 07:01:24,555 [Command processor thread] INFO  commandhandler.CreatePipelineCommandHandler (CreatePipelineCommandHandler.java:handle(106)) - Created Pipeline RATIS ONE PipelineID=08b00ade-be06-483b-8dd9-f82145ddfb36.
2021-08-10 07:01:25,486 [Listener at 127.0.0.1/43351] INFO  ozone.MiniOzoneClusterImpl (MiniOzoneClusterImpl.java:lambda$waitForClusterToBeReady$0(235)) - Nodes are ready. Got 3 of 3 DN Heartbeats.
2021-08-10 07:01:25,487 [Listener at 127.0.0.1/43351] INFO  ozone.MiniOzoneClusterImpl (MiniOzoneClusterImpl.java:lambda$waitForClusterToBeReady$0(238)) - Waiting for cluster to exit safe mode
2021-08-10 07:01:25,487 [Listener at 127.0.0.1/43351] INFO  ozone.MiniOzoneClusterImpl (MiniOzoneClusterImpl.java:lambda$waitForClusterToBeReady$0(240)) - SCM became leader
2021-08-10 07:01:26,487 [Listener at 127.0.0.1/43351] INFO  ozone.MiniOzoneClusterImpl (MiniOzoneClusterImpl.java:lambda$waitForClusterToBeReady$0(235)) - Nodes are ready. Got 3 of 3 DN Heartbeats.
2021-08-10 07:01:26,487 [Listener at 127.0.0.1/43351] INFO  ozone.MiniOzoneClusterImpl (MiniOzoneClusterImpl.java:lambda$waitForClusterToBeReady$0(238)) - Waiting for cluster to exit safe mode
2021-08-10 07:01:26,487 [Listener at 127.0.0.1/43351] INFO  ozone.MiniOzoneClusterImpl (MiniOzoneClusterImpl.java:lambda$waitForClusterToBeReady$0(240)) - SCM became leader
2021-08-10 07:01:27,487 [Listener at 127.0.0.1/43351] INFO  ozone.MiniOzoneClusterImpl (MiniOzoneClusterImpl.java:lambda$waitForClusterToBeReady$0(235)) - Nodes are ready. Got 3 of 3 DN Heartbeats.
2021-08-10 07:01:27,487 [Listener at 127.0.0.1/43351] INFO  ozone.MiniOzoneClusterImpl (MiniOzoneClusterImpl.java:lambda$waitForClusterToBeReady$0(238)) - Waiting for cluster to exit safe mode
2021-08-10 07:01:27,487 [Listener at 127.0.0.1/43351] INFO  ozone.MiniOzoneClusterImpl (MiniOzoneClusterImpl.java:lambda$waitForClusterToBeReady$0(240)) - SCM became leader
2021-08-10 07:01:28,492 [Listener at 127.0.0.1/43351] INFO  ozone.MiniOzoneClusterImpl (MiniOzoneClusterImpl.java:lambda$waitForClusterToBeReady$0(235)) - Nodes are ready. Got 3 of 3 DN Heartbeats.
2021-08-10 07:01:28,492 [Listener at 127.0.0.1/43351] INFO  ozone.MiniOzoneClusterImpl (MiniOzoneClusterImpl.java:lambda$waitForClusterToBeReady$0(238)) - Waiting for cluster to exit safe mode
2021-08-10 07:01:28,492 [Listener at 127.0.0.1/43351] INFO  ozone.MiniOzoneClusterImpl (MiniOzoneClusterImpl.java:lambda$waitForClusterToBeReady$0(240)) - SCM became leader
2021-08-10 07:01:28,872 [c04a7c39-1cc1-427e-b561-bc84fdac11df@group-2CEFE897AC6C-FollowerState] INFO  impl.FollowerState (FollowerState.java:run(134)) - c04a7c39-1cc1-427e-b561-bc84fdac11df@group-2CEFE897AC6C-FollowerState: change to CANDIDATE, lastRpcElapsedTime:5074441396ns, electionTimeout:5070ms
2021-08-10 07:01:28,872 [c04a7c39-1cc1-427e-b561-bc84fdac11df@group-2CEFE897AC6C-FollowerState] INFO  impl.RoleInfo (RoleInfo.java:shutdownFollowerState(108)) - c04a7c39-1cc1-427e-b561-bc84fdac11df: shutdown c04a7c39-1cc1-427e-b561-bc84fdac11df@group-2CEFE897AC6C-FollowerState
2021-08-10 07:01:28,872 [c04a7c39-1cc1-427e-b561-bc84fdac11df@group-2CEFE897AC6C-FollowerState] INFO  server.RaftServer$Division (RaftServerImpl.java:setRole(285)) - c04a7c39-1cc1-427e-b561-bc84fdac11df@group-2CEFE897AC6C: changes role from  FOLLOWER to CANDIDATE at term 0 for changeToCandidate
2021-08-10 07:01:28,873 [c04a7c39-1cc1-427e-b561-bc84fdac11df@group-2CEFE897AC6C-FollowerState] INFO  server.RaftServerConfigKeys (ConfUtils.java:logGet(44)) - raft.server.leaderelection.pre-vote = false (custom)
2021-08-10 07:01:28,873 [c04a7c39-1cc1-427e-b561-bc84fdac11df@group-2CEFE897AC6C-FollowerState] INFO  impl.RoleInfo (RoleInfo.java:updateAndGet(130)) - c04a7c39-1cc1-427e-b561-bc84fdac11df: start c04a7c39-1cc1-427e-b561-bc84fdac11df@group-2CEFE897AC6C-LeaderElection29
2021-08-10 07:01:28,914 [c04a7c39-1cc1-427e-b561-bc84fdac11df@group-2CEFE897AC6C-LeaderElection29] INFO  impl.LeaderElection (LeaderElection.java:askForVotes(306)) - c04a7c39-1cc1-427e-b561-bc84fdac11df@group-2CEFE897AC6C-LeaderElection29 ELECTION round 0: submit vote requests at term 1 for -1: [c04a7c39-1cc1-427e-b561-bc84fdac11df|rpc:10.1.0.83:40237|priority:1], old=null
2021-08-10 07:01:28,914 [c04a7c39-1cc1-427e-b561-bc84fdac11df@group-2CEFE897AC6C-LeaderElection29] INFO  impl.LeaderElection (LeaderElection.java:askForVotes(308)) - c04a7c39-1cc1-427e-b561-bc84fdac11df@group-2CEFE897AC6C-LeaderElection29 ELECTION round 0: result PASSED (term=1)
2021-08-10 07:01:28,914 [c04a7c39-1cc1-427e-b561-bc84fdac11df@group-2CEFE897AC6C-LeaderElection29] INFO  impl.RoleInfo (RoleInfo.java:shutdownLeaderElection(121)) - c04a7c39-1cc1-427e-b561-bc84fdac11df: shutdown c04a7c39-1cc1-427e-b561-bc84fdac11df@group-2CEFE897AC6C-LeaderElection29
2021-08-10 07:01:28,914 [c04a7c39-1cc1-427e-b561-bc84fdac11df@group-2CEFE897AC6C-LeaderElection29] INFO  server.RaftServer$Division (RaftServerImpl.java:setRole(285)) - c04a7c39-1cc1-427e-b561-bc84fdac11df@group-2CEFE897AC6C: changes role from CANDIDATE to LEADER at term 1 for changeToLeader
2021-08-10 07:01:28,915 [c04a7c39-1cc1-427e-b561-bc84fdac11df@group-2CEFE897AC6C-LeaderElection29] INFO  ratis.XceiverServerRatis (XceiverServerRatis.java:handleLeaderChangedNotification(857)) - Leader change notification received for group: group-2CEFE897AC6C with new leaderId: c04a7c39-1cc1-427e-b561-bc84fdac11df
2021-08-10 07:01:28,915 [c04a7c39-1cc1-427e-b561-bc84fdac11df@group-2CEFE897AC6C-LeaderElection29] INFO  server.RaftServer$Division (ServerState.java:setLeader(285)) - c04a7c39-1cc1-427e-b561-bc84fdac11df@group-2CEFE897AC6C: change Leader from null to c04a7c39-1cc1-427e-b561-bc84fdac11df at term 1 for becomeLeader, leader elected after 5162ms
2021-08-10 07:01:28,915 [c04a7c39-1cc1-427e-b561-bc84fdac11df@group-2CEFE897AC6C-LeaderElection29] INFO  server.RaftServerConfigKeys (ConfUtils.java:logGet(44)) - raft.server.staging.catchup.gap = 1000 (default)
2021-08-10 07:01:28,915 [c04a7c39-1cc1-427e-b561-bc84fdac11df@group-2CEFE897AC6C-LeaderElection29] INFO  server.RaftServerConfigKeys (ConfUtils.java:logGet(44)) - raft.server.write.element-limit = 1024 (custom)
2021-08-10 07:01:28,915 [c04a7c39-1cc1-427e-b561-bc84fdac11df@group-2CEFE897AC6C-LeaderElection29] INFO  server.RaftServerConfigKeys (ConfUtils.java:logGet(44)) - raft.server.write.byte-limit = 1073741824 (custom)
2021-08-10 07:01:28,916 [c04a7c39-1cc1-427e-b561-bc84fdac11df@group-2CEFE897AC6C-LeaderElection29] INFO  server.RaftServerConfigKeys (ConfUtils.java:logGet(44)) - raft.server.watch.timeout = 180s (custom)
2021-08-10 07:01:28,916 [c04a7c39-1cc1-427e-b561-bc84fdac11df@group-2CEFE897AC6C-LeaderElection29] INFO  server.RaftServerConfigKeys (ConfUtils.java:logGet(44)) - raft.server.watch.timeout.denomination = 1s (default)
2021-08-10 07:01:28,916 [c04a7c39-1cc1-427e-b561-bc84fdac11df@group-2CEFE897AC6C-LeaderElection29] INFO  server.RaftServerConfigKeys (ConfUtils.java:logGet(44)) - raft.server.watch.element-limit = 65536 (default)
2021-08-10 07:01:28,916 [c04a7c39-1cc1-427e-b561-bc84fdac11df@group-2CEFE897AC6C-LeaderElection29] INFO  impl.RoleInfo (RoleInfo.java:updateAndGet(130)) - c04a7c39-1cc1-427e-b561-bc84fdac11df: start c04a7c39-1cc1-427e-b561-bc84fdac11df@group-2CEFE897AC6C-LeaderStateImpl
2021-08-10 07:01:28,916 [c04a7c39-1cc1-427e-b561-bc84fdac11df@group-2CEFE897AC6C-LeaderElection29] INFO  segmented.SegmentedRaftLogWorker (SegmentedRaftLogWorker.java:startLogSegment(394)) - c04a7c39-1cc1-427e-b561-bc84fdac11df@group-2CEFE897AC6C-SegmentedRaftLogWorker: Starting segment from index:0
2021-08-10 07:01:28,919 [EventQueue-OpenPipelineForHealthyPipelineSafeModeRule] INFO  safemode.SCMSafeModeManager (HealthyPipelineSafeModeRule.java:process(124)) - SCM in safe mode. Healthy pipelines reported count is 0, required healthy pipeline reported count is 1
2021-08-10 07:01:28,921 [c04a7c39-1cc1-427e-b561-bc84fdac11df@group-2CEFE897AC6C-SegmentedRaftLogWorker] INFO  segmented.SegmentedRaftLogWorker (SegmentedRaftLogWorker.java:execute(601)) - c04a7c39-1cc1-427e-b561-bc84fdac11df@group-2CEFE897AC6C-SegmentedRaftLogWorker: created new log segment /home/runner/work/ozone/ozone/hadoop-ozone/integration-test/target/test-dir/MiniOzoneClusterImpl-fdc8fd63-cfc3-45c6-b077-7c3a44cbc127/datanode-0/data/ratis/19407cc5-f25d-408b-ba90-2cefe897ac6c/current/log_inprogress_0
2021-08-10 07:01:28,939 [c04a7c39-1cc1-427e-b561-bc84fdac11df@group-2CEFE897AC6C-LeaderElection29] INFO  server.RaftServer$Division (ServerState.java:setRaftConf(387)) - c04a7c39-1cc1-427e-b561-bc84fdac11df@group-2CEFE897AC6C: set configuration 0: [c04a7c39-1cc1-427e-b561-bc84fdac11df|rpc:10.1.0.83:40237|dataStream:|priority:1], old=null
2021-08-10 07:01:28,988 [c04a7c39-1cc1-427e-b561-bc84fdac11df@group-7CAFE9D6E6C5-FollowerState] INFO  impl.FollowerState (FollowerState.java:run(134)) - c04a7c39-1cc1-427e-b561-bc84fdac11df@group-7CAFE9D6E6C5-FollowerState: change to CANDIDATE, lastRpcElapsedTime:5172854085ns, electionTimeout:5172ms
2021-08-10 07:01:28,988 [c04a7c39-1cc1-427e-b561-bc84fdac11df@group-7CAFE9D6E6C5-FollowerState] INFO  impl.RoleInfo (RoleInfo.java:shutdownFollowerState(108)) - c04a7c39-1cc1-427e-b561-bc84fdac11df: shutdown c04a7c39-1cc1-427e-b561-bc84fdac11df@group-7CAFE9D6E6C5-FollowerState
2021-08-10 07:01:28,988 [c04a7c39-1cc1-427e-b561-bc84fdac11df@group-7CAFE9D6E6C5-FollowerState] INFO  server.RaftServer$Division (RaftServerImpl.java:setRole(285)) - c04a7c39-1cc1-427e-b561-bc84fdac11df@group-7CAFE9D6E6C5: changes role from  FOLLOWER to CANDIDATE at term 0 for changeToCandidate
2021-08-10 07:01:28,988 [c04a7c39-1cc1-427e-b561-bc84fdac11df@group-7CAFE9D6E6C5-FollowerState] INFO  server.RaftServerConfigKeys (ConfUtils.java:logGet(44)) - raft.server.leaderelection.pre-vote = false (custom)
2021-08-10 07:01:28,989 [c04a7c39-1cc1-427e-b561-bc84fdac11df@group-7CAFE9D6E6C5-FollowerState] INFO  impl.RoleInfo (RoleInfo.java:updateAndGet(130)) - c04a7c39-1cc1-427e-b561-bc84fdac11df: start c04a7c39-1cc1-427e-b561-bc84fdac11df@group-7CAFE9D6E6C5-LeaderElection30
2021-08-10 07:01:29,013 [c04a7c39-1cc1-427e-b561-bc84fdac11df@group-7CAFE9D6E6C5-LeaderElection30] INFO  impl.LeaderElection (LeaderElection.java:askForVotes(306)) - c04a7c39-1cc1-427e-b561-bc84fdac11df@group-7CAFE9D6E6C5-LeaderElection30 ELECTION round 0: submit vote requests at term 1 for -1: [6b4f1d7a-7f8b-4ea3-931e-9057f129a70f|rpc:10.1.0.83:39569|priority:1, eff28ee8-57ea-45f2-9598-664172de0afc|rpc:10.1.0.83:37107|priority:0, c04a7c39-1cc1-427e-b561-bc84fdac11df|rpc:10.1.0.83:40237|priority:0], old=null
2021-08-10 07:01:29,041 [grpc-default-executor-0] INFO  server.RaftServer$Division (RaftServerImpl.java:requestVote(1043)) - 6b4f1d7a-7f8b-4ea3-931e-9057f129a70f@group-7CAFE9D6E6C5: receive requestVote(ELECTION, c04a7c39-1cc1-427e-b561-bc84fdac11df, group-7CAFE9D6E6C5, 1, (t:0, i:0))
2021-08-10 07:01:29,042 [grpc-default-executor-0] INFO  impl.VoteContext (VoteContext.java:log(48)) - 6b4f1d7a-7f8b-4ea3-931e-9057f129a70f@group-7CAFE9D6E6C5-FOLLOWER: reject ELECTION from c04a7c39-1cc1-427e-b561-bc84fdac11df: our priority 1 > candidate's priority 0
2021-08-10 07:01:29,042 [grpc-default-executor-0] INFO  server.RaftServer$Division (RaftServerImpl.java:setRole(285)) - 6b4f1d7a-7f8b-4ea3-931e-9057f129a70f@group-7CAFE9D6E6C5: changes role from  FOLLOWER to FOLLOWER at term 1 for candidate:c04a7c39-1cc1-427e-b561-bc84fdac11df
2021-08-10 07:01:29,042 [grpc-default-executor-0] INFO  impl.RoleInfo (RoleInfo.java:shutdownFollowerState(108)) - 6b4f1d7a-7f8b-4ea3-931e-9057f129a70f: shutdown 6b4f1d7a-7f8b-4ea3-931e-9057f129a70f@group-7CAFE9D6E6C5-FollowerState
2021-08-10 07:01:29,042 [grpc-default-executor-0] INFO  impl.RoleInfo (RoleInfo.java:updateAndGet(130)) - 6b4f1d7a-7f8b-4ea3-931e-9057f129a70f: start 6b4f1d7a-7f8b-4ea3-931e-9057f129a70f@group-7CAFE9D6E6C5-FollowerState
2021-08-10 07:01:29,043 [6b4f1d7a-7f8b-4ea3-931e-9057f129a70f@group-7CAFE9D6E6C5-FollowerState] INFO  impl.FollowerState (FollowerState.java:run(143)) - 6b4f1d7a-7f8b-4ea3-931e-9057f129a70f@group-7CAFE9D6E6C5-FollowerState was interrupted: {}
java.lang.InterruptedException: sleep interrupted
	at java.lang.Thread.sleep(Native Method)
	at java.lang.Thread.sleep(Thread.java:340)
	at java.util.concurrent.TimeUnit.sleep(TimeUnit.java:386)
	at org.apache.ratis.util.TimeDuration.sleep(TimeDuration.java:324)
	at org.apache.ratis.util.TimeDuration.sleep(TimeDuration.java:309)
	at org.apache.ratis.server.impl.FollowerState.run(FollowerState.java:118)
2021-08-10 07:01:29,046 [grpc-default-executor-0] INFO  server.RaftServer$Division (RaftServerImpl.java:requestVote(1075)) - 6b4f1d7a-7f8b-4ea3-931e-9057f129a70f@group-7CAFE9D6E6C5 replies to ELECTION vote request: c04a7c39-1cc1-427e-b561-bc84fdac11df<-6b4f1d7a-7f8b-4ea3-931e-9057f129a70f#0:FAIL-t1. Peer's state: 6b4f1d7a-7f8b-4ea3-931e-9057f129a70f@group-7CAFE9D6E6C5:t1, leader=null, voted=null, raftlog=6b4f1d7a-7f8b-4ea3-931e-9057f129a70f@group-7CAFE9D6E6C5-SegmentedRaftLog:OPENED:c-1,f-1,i0, conf=-1: [6b4f1d7a-7f8b-4ea3-931e-9057f129a70f|rpc:10.1.0.83:39569|dataStream:|priority:1, eff28ee8-57ea-45f2-9598-664172de0afc|rpc:10.1.0.83:37107|dataStream:|priority:0, c04a7c39-1cc1-427e-b561-bc84fdac11df|rpc:10.1.0.83:40237|dataStream:|priority:0], old=null
2021-08-10 07:01:29,079 [grpc-default-executor-1] INFO  server.RaftServer$Division (RaftServerImpl.java:requestVote(1043)) - eff28ee8-57ea-45f2-9598-664172de0afc@group-7CAFE9D6E6C5: receive requestVote(ELECTION, c04a7c39-1cc1-427e-b561-bc84fdac11df, group-7CAFE9D6E6C5, 1, (t:0, i:0))
2021-08-10 07:01:29,080 [grpc-default-executor-1] INFO  impl.VoteContext (VoteContext.java:log(48)) - eff28ee8-57ea-45f2-9598-664172de0afc@group-7CAFE9D6E6C5-FOLLOWER: accept ELECTION from c04a7c39-1cc1-427e-b561-bc84fdac11df: our priority 0 <= candidate's priority 0
2021-08-10 07:01:29,080 [grpc-default-executor-1] INFO  server.RaftServer$Division (RaftServerImpl.java:setRole(285)) - eff28ee8-57ea-45f2-9598-664172de0afc@group-7CAFE9D6E6C5: changes role from  FOLLOWER to FOLLOWER at term 1 for candidate:c04a7c39-1cc1-427e-b561-bc84fdac11df
2021-08-10 07:01:29,080 [grpc-default-executor-1] INFO  impl.RoleInfo (RoleInfo.java:shutdownFollowerState(108)) - eff28ee8-57ea-45f2-9598-664172de0afc: shutdown eff28ee8-57ea-45f2-9598-664172de0afc@group-7CAFE9D6E6C5-FollowerState
2021-08-10 07:01:29,080 [grpc-default-executor-1] INFO  impl.RoleInfo (RoleInfo.java:updateAndGet(130)) - eff28ee8-57ea-45f2-9598-664172de0afc: start eff28ee8-57ea-45f2-9598-664172de0afc@group-7CAFE9D6E6C5-FollowerState
2021-08-10 07:01:29,081 [eff28ee8-57ea-45f2-9598-664172de0afc@group-7CAFE9D6E6C5-FollowerState] INFO  impl.FollowerState (FollowerState.java:run(143)) - eff28ee8-57ea-45f2-9598-664172de0afc@group-7CAFE9D6E6C5-FollowerState was interrupted: {}
java.lang.InterruptedException: sleep interrupted
	at java.lang.Thread.sleep(Native Method)
	at java.lang.Thread.sleep(Thread.java:340)
	at java.util.concurrent.TimeUnit.sleep(TimeUnit.java:386)
	at org.apache.ratis.util.TimeDuration.sleep(TimeDuration.java:324)
	at org.apache.ratis.util.TimeDuration.sleep(TimeDuration.java:309)
	at org.apache.ratis.server.impl.FollowerState.run(FollowerState.java:118)
2021-08-10 07:01:29,081 [c04a7c39-1cc1-427e-b561-bc84fdac11df@group-7CAFE9D6E6C5-LeaderElection30] INFO  impl.LeaderElection (LeaderElection.java:logAndReturn(89)) - c04a7c39-1cc1-427e-b561-bc84fdac11df@group-7CAFE9D6E6C5-LeaderElection30: ELECTION REJECTED received 1 response(s) and 0 exception(s):
2021-08-10 07:01:29,107 [grpc-default-executor-1] INFO  server.RaftServer$Division (RaftServerImpl.java:requestVote(1075)) - eff28ee8-57ea-45f2-9598-664172de0afc@group-7CAFE9D6E6C5 replies to ELECTION vote request: c04a7c39-1cc1-427e-b561-bc84fdac11df<-eff28ee8-57ea-45f2-9598-664172de0afc#0:OK-t1. Peer's state: eff28ee8-57ea-45f2-9598-664172de0afc@group-7CAFE9D6E6C5:t1, leader=null, voted=c04a7c39-1cc1-427e-b561-bc84fdac11df, raftlog=eff28ee8-57ea-45f2-9598-664172de0afc@group-7CAFE9D6E6C5-SegmentedRaftLog:OPENED:c-1,f-1,i0, conf=-1: [6b4f1d7a-7f8b-4ea3-931e-9057f129a70f|rpc:10.1.0.83:39569|dataStream:|priority:1, eff28ee8-57ea-45f2-9598-664172de0afc|rpc:10.1.0.83:37107|dataStream:|priority:0, c04a7c39-1cc1-427e-b561-bc84fdac11df|rpc:10.1.0.83:40237|dataStream:|priority:0], old=null
2021-08-10 07:01:29,108 [c04a7c39-1cc1-427e-b561-bc84fdac11df@group-7CAFE9D6E6C5-LeaderElection30] INFO  impl.LeaderElection (LeaderElection.java:logAndReturn(93)) -   Response 0: c04a7c39-1cc1-427e-b561-bc84fdac11df<-6b4f1d7a-7f8b-4ea3-931e-9057f129a70f#0:FAIL-t1
2021-08-10 07:01:29,109 [c04a7c39-1cc1-427e-b561-bc84fdac11df@group-7CAFE9D6E6C5-LeaderElection30] INFO  impl.LeaderElection (LeaderElection.java:askForVotes(308)) - c04a7c39-1cc1-427e-b561-bc84fdac11df@group-7CAFE9D6E6C5-LeaderElection30 ELECTION round 0: result REJECTED
2021-08-10 07:01:29,109 [c04a7c39-1cc1-427e-b561-bc84fdac11df@group-7CAFE9D6E6C5-LeaderElection30] INFO  server.RaftServer$Division (RaftServerImpl.java:setRole(285)) - c04a7c39-1cc1-427e-b561-bc84fdac11df@group-7CAFE9D6E6C5: changes role from CANDIDATE to FOLLOWER at term 1 for REJECTED
2021-08-10 07:01:29,109 [c04a7c39-1cc1-427e-b561-bc84fdac11df@group-7CAFE9D6E6C5-LeaderElection30] INFO  impl.RoleInfo (RoleInfo.java:shutdownLeaderElection(121)) - c04a7c39-1cc1-427e-b561-bc84fdac11df: shutdown c04a7c39-1cc1-427e-b561-bc84fdac11df@group-7CAFE9D6E6C5-LeaderElection30
2021-08-10 07:01:29,109 [c04a7c39-1cc1-427e-b561-bc84fdac11df@group-7CAFE9D6E6C5-LeaderElection30] INFO  impl.RoleInfo (RoleInfo.java:updateAndGet(130)) - c04a7c39-1cc1-427e-b561-bc84fdac11df: start c04a7c39-1cc1-427e-b561-bc84fdac11df@group-7CAFE9D6E6C5-FollowerState
2021-08-10 07:01:29,132 [eff28ee8-57ea-45f2-9598-664172de0afc@group-920335F0079F-FollowerState] INFO  impl.FollowerState (FollowerState.java:run(134)) - eff28ee8-57ea-45f2-9598-664172de0afc@group-920335F0079F-FollowerState: change to CANDIDATE, lastRpcElapsedTime:5016546026ns, electionTimeout:5001ms
2021-08-10 07:01:29,137 [eff28ee8-57ea-45f2-9598-664172de0afc@group-920335F0079F-FollowerState] INFO  impl.RoleInfo (RoleInfo.java:shutdownFollowerState(108)) - eff28ee8-57ea-45f2-9598-664172de0afc: shutdown eff28ee8-57ea-45f2-9598-664172de0afc@group-920335F0079F-FollowerState
2021-08-10 07:01:29,137 [eff28ee8-57ea-45f2-9598-664172de0afc@group-920335F0079F-FollowerState] INFO  server.RaftServer$Division (RaftServerImpl.java:setRole(285)) - eff28ee8-57ea-45f2-9598-664172de0afc@group-920335F0079F: changes role from  FOLLOWER to CANDIDATE at term 0 for changeToCandidate
2021-08-10 07:01:29,140 [eff28ee8-57ea-45f2-9598-664172de0afc@group-920335F0079F-FollowerState] INFO  server.RaftServerConfigKeys (ConfUtils.java:logGet(44)) - raft.server.leaderelection.pre-vote = false (custom)
2021-08-10 07:01:29,140 [eff28ee8-57ea-45f2-9598-664172de0afc@group-920335F0079F-FollowerState] INFO  impl.RoleInfo (RoleInfo.java:updateAndGet(130)) - eff28ee8-57ea-45f2-9598-664172de0afc: start eff28ee8-57ea-45f2-9598-664172de0afc@group-920335F0079F-LeaderElection31
2021-08-10 07:01:29,147 [c04a7c39-1cc1-427e-b561-bc84fdac11df@group-920335F0079F-FollowerState] INFO  impl.FollowerState (FollowerState.java:run(134)) - c04a7c39-1cc1-427e-b561-bc84fdac11df@group-920335F0079F-FollowerState: change to CANDIDATE, lastRpcElapsedTime:5064613767ns, electionTimeout:5063ms
2021-08-10 07:01:29,147 [c04a7c39-1cc1-427e-b561-bc84fdac11df@group-920335F0079F-FollowerState] INFO  impl.RoleInfo (RoleInfo.java:shutdownFollowerState(108)) - c04a7c39-1cc1-427e-b561-bc84fdac11df: shutdown c04a7c39-1cc1-427e-b561-bc84fdac11df@group-920335F0079F-FollowerState
2021-08-10 07:01:29,147 [c04a7c39-1cc1-427e-b561-bc84fdac11df@group-920335F0079F-FollowerState] INFO  server.RaftServer$Division (RaftServerImpl.java:setRole(285)) - c04a7c39-1cc1-427e-b561-bc84fdac11df@group-920335F0079F: changes role from  FOLLOWER to CANDIDATE at term 0 for changeToCandidate
2021-08-10 07:01:29,147 [c04a7c39-1cc1-427e-b561-bc84fdac11df@group-920335F0079F-FollowerState] INFO  server.RaftServerConfigKeys (ConfUtils.java:logGet(44)) - raft.server.leaderelection.pre-vote = false (custom)
2021-08-10 07:01:29,147 [c04a7c39-1cc1-427e-b561-bc84fdac11df@group-920335F0079F-FollowerState] INFO  impl.RoleInfo (RoleInfo.java:updateAndGet(130)) - c04a7c39-1cc1-427e-b561-bc84fdac11df: start c04a7c39-1cc1-427e-b561-bc84fdac11df@group-920335F0079F-LeaderElection32
2021-08-10 07:01:29,153 [eff28ee8-57ea-45f2-9598-664172de0afc@group-920335F0079F-LeaderElection31] INFO  impl.LeaderElection (LeaderElection.java:askForVotes(306)) - eff28ee8-57ea-45f2-9598-664172de0afc@group-920335F0079F-LeaderElection31 ELECTION round 0: submit vote requests at term 1 for -1: [6b4f1d7a-7f8b-4ea3-931e-9057f129a70f|rpc:10.1.0.83:39569|dataStream:|priority:0, eff28ee8-57ea-45f2-9598-664172de0afc|rpc:10.1.0.83:37107|dataStream:|priority:1, c04a7c39-1cc1-427e-b561-bc84fdac11df|rpc:10.1.0.83:40237|dataStream:|priority:0], old=null
2021-08-10 07:01:29,190 [c04a7c39-1cc1-427e-b561-bc84fdac11df@group-920335F0079F-LeaderElection32] INFO  impl.LeaderElection (LeaderElection.java:askForVotes(306)) - c04a7c39-1cc1-427e-b561-bc84fdac11df@group-920335F0079F-LeaderElection32 ELECTION round 0: submit vote requests at term 1 for -1: [6b4f1d7a-7f8b-4ea3-931e-9057f129a70f|rpc:10.1.0.83:39569|priority:0, eff28ee8-57ea-45f2-9598-664172de0afc|rpc:10.1.0.83:37107|priority:1, c04a7c39-1cc1-427e-b561-bc84fdac11df|rpc:10.1.0.83:40237|priority:0], old=null
2021-08-10 07:01:29,233 [grpc-default-executor-1] INFO  server.RaftServer$Division (RaftServerImpl.java:requestVote(1043)) - 6b4f1d7a-7f8b-4ea3-931e-9057f129a70f@group-920335F0079F: receive requestVote(ELECTION, c04a7c39-1cc1-427e-b561-bc84fdac11df, group-920335F0079F, 1, (t:0, i:0))
2021-08-10 07:01:29,237 [grpc-default-executor-1] INFO  impl.VoteContext (VoteContext.java:log(48)) - 6b4f1d7a-7f8b-4ea3-931e-9057f129a70f@group-920335F0079F-FOLLOWER: accept ELECTION from c04a7c39-1cc1-427e-b561-bc84fdac11df: our priority 0 <= candidate's priority 0
2021-08-10 07:01:29,237 [grpc-default-executor-1] INFO  server.RaftServer$Division (RaftServerImpl.java:setRole(285)) - 6b4f1d7a-7f8b-4ea3-931e-9057f129a70f@group-920335F0079F: changes role from  FOLLOWER to FOLLOWER at term 1 for candidate:c04a7c39-1cc1-427e-b561-bc84fdac11df
2021-08-10 07:01:29,237 [grpc-default-executor-1] INFO  impl.RoleInfo (RoleInfo.java:shutdownFollowerState(108)) - 6b4f1d7a-7f8b-4ea3-931e-9057f129a70f: shutdown 6b4f1d7a-7f8b-4ea3-931e-9057f129a70f@group-920335F0079F-FollowerState
2021-08-10 07:01:29,237 [grpc-default-executor-1] INFO  impl.RoleInfo (RoleInfo.java:updateAndGet(130)) - 6b4f1d7a-7f8b-4ea3-931e-9057f129a70f: start 6b4f1d7a-7f8b-4ea3-931e-9057f129a70f@group-920335F0079F-FollowerState
2021-08-10 07:01:29,233 [grpc-default-executor-0] INFO  server.RaftServer$Division (RaftServerImpl.java:requestVote(1043)) - 6b4f1d7a-7f8b-4ea3-931e-9057f129a70f@group-920335F0079F: receive requestVote(ELECTION, eff28ee8-57ea-45f2-9598-664172de0afc, group-920335F0079F, 1, (t:0, i:0))
2021-08-10 07:01:29,240 [6b4f1d7a-7f8b-4ea3-931e-9057f129a70f@group-920335F0079F-FollowerState] INFO  impl.FollowerState (FollowerState.java:run(143)) - 6b4f1d7a-7f8b-4ea3-931e-9057f129a70f@group-920335F0079F-FollowerState was interrupted: {}
java.lang.InterruptedException: sleep interrupted
	at java.lang.Thread.sleep(Native Method)
	at java.lang.Thread.sleep(Thread.java:340)
	at java.util.concurrent.TimeUnit.sleep(TimeUnit.java:386)
	at org.apache.ratis.util.TimeDuration.sleep(TimeDuration.java:324)
	at org.apache.ratis.util.TimeDuration.sleep(TimeDuration.java:309)
	at org.apache.ratis.server.impl.FollowerState.run(FollowerState.java:118)
2021-08-10 07:01:29,247 [eff28ee8-57ea-45f2-9598-664172de0afc@group-6460917F694B-FollowerState] INFO  impl.FollowerState (FollowerState.java:run(134)) - eff28ee8-57ea-45f2-9598-664172de0afc@group-6460917F694B-FollowerState: change to CANDIDATE, lastRpcElapsedTime:5061620058ns, electionTimeout:5035ms
2021-08-10 07:01:29,247 [eff28ee8-57ea-45f2-9598-664172de0afc@group-6460917F694B-FollowerState] INFO  impl.RoleInfo (RoleInfo.java:shutdownFollowerState(108)) - eff28ee8-57ea-45f2-9598-664172de0afc: shutdown eff28ee8-57ea-45f2-9598-664172de0afc@group-6460917F694B-FollowerState
2021-08-10 07:01:29,247 [eff28ee8-57ea-45f2-9598-664172de0afc@group-6460917F694B-FollowerState] INFO  server.RaftServer$Division (RaftServerImpl.java:setRole(285)) - eff28ee8-57ea-45f2-9598-664172de0afc@group-6460917F694B: changes role from  FOLLOWER to CANDIDATE at term 0 for changeToCandidate
2021-08-10 07:01:29,247 [eff28ee8-57ea-45f2-9598-664172de0afc@group-6460917F694B-FollowerState] INFO  server.RaftServerConfigKeys (ConfUtils.java:logGet(44)) - raft.server.leaderelection.pre-vote = false (custom)
2021-08-10 07:01:29,247 [eff28ee8-57ea-45f2-9598-664172de0afc@group-6460917F694B-FollowerState] INFO  impl.RoleInfo (RoleInfo.java:updateAndGet(130)) - eff28ee8-57ea-45f2-9598-664172de0afc: start eff28ee8-57ea-45f2-9598-664172de0afc@group-6460917F694B-LeaderElection33
2021-08-10 07:01:29,249 [grpc-default-executor-1] INFO  server.RaftServer$Division (RaftServerImpl.java:requestVote(1075)) - 6b4f1d7a-7f8b-4ea3-931e-9057f129a70f@group-920335F0079F replies to ELECTION vote request: c04a7c39-1cc1-427e-b561-bc84fdac11df<-6b4f1d7a-7f8b-4ea3-931e-9057f129a70f#0:OK-t1. Peer's state: 6b4f1d7a-7f8b-4ea3-931e-9057f129a70f@group-920335F0079F:t1, leader=null, voted=c04a7c39-1cc1-427e-b561-bc84fdac11df, raftlog=6b4f1d7a-7f8b-4ea3-931e-9057f129a70f@group-920335F0079F-SegmentedRaftLog:OPENED:c-1,f-1,i0, conf=-1: [6b4f1d7a-7f8b-4ea3-931e-9057f129a70f|rpc:10.1.0.83:39569|dataStream:|priority:0, eff28ee8-57ea-45f2-9598-664172de0afc|rpc:10.1.0.83:37107|dataStream:|priority:1, c04a7c39-1cc1-427e-b561-bc84fdac11df|rpc:10.1.0.83:40237|dataStream:|priority:0], old=null
2021-08-10 07:01:29,261 [grpc-default-executor-0] INFO  impl.VoteContext (VoteContext.java:log(48)) - 6b4f1d7a-7f8b-4ea3-931e-9057f129a70f@group-920335F0079F-FOLLOWER: reject ELECTION from eff28ee8-57ea-45f2-9598-664172de0afc: already has voted for c04a7c39-1cc1-427e-b561-bc84fdac11df at current term 1
2021-08-10 07:01:29,261 [grpc-default-executor-0] INFO  server.RaftServer$Division (RaftServerImpl.java:requestVote(1075)) - 6b4f1d7a-7f8b-4ea3-931e-9057f129a70f@group-920335F0079F replies to ELECTION vote request: eff28ee8-57ea-45f2-9598-664172de0afc<-6b4f1d7a-7f8b-4ea3-931e-9057f129a70f#0:FAIL-t1. Peer's state: 6b4f1d7a-7f8b-4ea3-931e-9057f129a70f@group-920335F0079F:t1, leader=null, voted=c04a7c39-1cc1-427e-b561-bc84fdac11df, raftlog=6b4f1d7a-7f8b-4ea3-931e-9057f129a70f@group-920335F0079F-SegmentedRaftLog:OPENED:c-1,f-1,i0, conf=-1: [6b4f1d7a-7f8b-4ea3-931e-9057f129a70f|rpc:10.1.0.83:39569|dataStream:|priority:0, eff28ee8-57ea-45f2-9598-664172de0afc|rpc:10.1.0.83:37107|dataStream:|priority:1, c04a7c39-1cc1-427e-b561-bc84fdac11df|rpc:10.1.0.83:40237|dataStream:|priority:0], old=null
2021-08-10 07:01:29,264 [grpc-default-executor-2] INFO  server.RaftServer$Division (RaftServerImpl.java:requestVote(1043)) - eff28ee8-57ea-45f2-9598-664172de0afc@group-920335F0079F: receive requestVote(ELECTION, c04a7c39-1cc1-427e-b561-bc84fdac11df, group-920335F0079F, 1, (t:0, i:0))
2021-08-10 07:01:29,270 [grpc-default-executor-2] INFO  impl.VoteContext (VoteContext.java:log(48)) - eff28ee8-57ea-45f2-9598-664172de0afc@group-920335F0079F-CANDIDATE: reject ELECTION from c04a7c39-1cc1-427e-b561-bc84fdac11df: already has voted for eff28ee8-57ea-45f2-9598-664172de0afc at current term 1
2021-08-10 07:01:29,271 [grpc-default-executor-2] INFO  server.RaftServer$Division (RaftServerImpl.java:requestVote(1075)) - eff28ee8-57ea-45f2-9598-664172de0afc@group-920335F0079F replies to ELECTION vote request: c04a7c39-1cc1-427e-b561-bc84fdac11df<-eff28ee8-57ea-45f2-9598-664172de0afc#0:FAIL-t1. Peer's state: eff28ee8-57ea-45f2-9598-664172de0afc@group-920335F0079F:t1, leader=null, voted=eff28ee8-57ea-45f2-9598-664172de0afc, raftlog=eff28ee8-57ea-45f2-9598-664172de0afc@group-920335F0079F-SegmentedRaftLog:OPENED:c-1,f-1,i0, conf=-1: [6b4f1d7a-7f8b-4ea3-931e-9057f129a70f|rpc:10.1.0.83:39569|dataStream:|priority:0, eff28ee8-57ea-45f2-9598-664172de0afc|rpc:10.1.0.83:37107|dataStream:|priority:1, c04a7c39-1cc1-427e-b561-bc84fdac11df|rpc:10.1.0.83:40237|dataStream:|priority:0], old=null
2021-08-10 07:01:29,267 [eff28ee8-57ea-45f2-9598-664172de0afc@group-6460917F694B-LeaderElection33] INFO  impl.LeaderElection (LeaderElection.java:askForVotes(306)) - eff28ee8-57ea-45f2-9598-664172de0afc@group-6460917F694B-LeaderElection33 ELECTION round 0: submit vote requests at term 1 for -1: [eff28ee8-57ea-45f2-9598-664172de0afc|rpc:10.1.0.83:37107|priority:1], old=null
2021-08-10 07:01:29,272 [eff28ee8-57ea-45f2-9598-664172de0afc@group-6460917F694B-LeaderElection33] INFO  impl.LeaderElection (LeaderElection.java:askForVotes(308)) - eff28ee8-57ea-45f2-9598-664172de0afc@group-6460917F694B-LeaderElection33 ELECTION round 0: result PASSED (term=1)
2021-08-10 07:01:29,276 [eff28ee8-57ea-45f2-9598-664172de0afc@group-6460917F694B-LeaderElection33] INFO  impl.RoleInfo (RoleInfo.java:shutdownLeaderElection(121)) - eff28ee8-57ea-45f2-9598-664172de0afc: shutdown eff28ee8-57ea-45f2-9598-664172de0afc@group-6460917F694B-LeaderElection33
2021-08-10 07:01:29,276 [eff28ee8-57ea-45f2-9598-664172de0afc@group-6460917F694B-LeaderElection33] INFO  server.RaftServer$Division (RaftServerImpl.java:setRole(285)) - eff28ee8-57ea-45f2-9598-664172de0afc@group-6460917F694B: changes role from CANDIDATE to LEADER at term 1 for changeToLeader
2021-08-10 07:01:29,276 [eff28ee8-57ea-45f2-9598-664172de0afc@group-6460917F694B-LeaderElection33] INFO  ratis.XceiverServerRatis (XceiverServerRatis.java:handleLeaderChangedNotification(857)) - Leader change notification received for group: group-6460917F694B with new leaderId: eff28ee8-57ea-45f2-9598-664172de0afc
2021-08-10 07:01:29,277 [Datanode State Machine Thread - 0] WARN  statemachine.StateContext (StateContext.java:execute(621)) - No available thread in pool for past 1 seconds.
2021-08-10 07:01:29,277 [eff28ee8-57ea-45f2-9598-664172de0afc@group-6460917F694B-LeaderElection33] INFO  server.RaftServer$Division (ServerState.java:setLeader(285)) - eff28ee8-57ea-45f2-9598-664172de0afc@group-6460917F694B: change Leader from null to eff28ee8-57ea-45f2-9598-664172de0afc at term 1 for becomeLeader, leader elected after 5110ms
2021-08-10 07:01:29,289 [eff28ee8-57ea-45f2-9598-664172de0afc@group-6460917F694B-LeaderElection33] INFO  server.RaftServerConfigKeys (ConfUtils.java:logGet(44)) - raft.server.staging.catchup.gap = 1000 (default)
2021-08-10 07:01:29,289 [eff28ee8-57ea-45f2-9598-664172de0afc@group-6460917F694B-LeaderElection33] INFO  server.RaftServerConfigKeys (ConfUtils.java:logGet(44)) - raft.server.write.element-limit = 1024 (custom)
2021-08-10 07:01:29,289 [eff28ee8-57ea-45f2-9598-664172de0afc@group-6460917F694B-LeaderElection33] INFO  server.RaftServerConfigKeys (ConfUtils.java:logGet(44)) - raft.server.write.byte-limit = 1073741824 (custom)
2021-08-10 07:01:29,289 [eff28ee8-57ea-45f2-9598-664172de0afc@group-6460917F694B-LeaderElection33] INFO  server.RaftServerConfigKeys (ConfUtils.java:logGet(44)) - raft.server.watch.timeout = 180s (custom)
2021-08-10 07:01:29,289 [eff28ee8-57ea-45f2-9598-664172de0afc@group-6460917F694B-LeaderElection33] INFO  server.RaftServerConfigKeys (ConfUtils.java:logGet(44)) - raft.server.watch.timeout.denomination = 1s (default)
2021-08-10 07:01:29,289 [eff28ee8-57ea-45f2-9598-664172de0afc@group-6460917F694B-LeaderElection33] INFO  server.RaftServerConfigKeys (ConfUtils.java:logGet(44)) - raft.server.watch.element-limit = 65536 (default)
2021-08-10 07:01:29,290 [eff28ee8-57ea-45f2-9598-664172de0afc@group-6460917F694B-LeaderElection33] INFO  impl.RoleInfo (RoleInfo.java:updateAndGet(130)) - eff28ee8-57ea-45f2-9598-664172de0afc: start eff28ee8-57ea-45f2-9598-664172de0afc@group-6460917F694B-LeaderStateImpl
2021-08-10 07:01:29,290 [eff28ee8-57ea-45f2-9598-664172de0afc@group-6460917F694B-LeaderElection33] INFO  segmented.SegmentedRaftLogWorker (SegmentedRaftLogWorker.java:startLogSegment(394)) - eff28ee8-57ea-45f2-9598-664172de0afc@group-6460917F694B-SegmentedRaftLogWorker: Starting segment from index:0
2021-08-10 07:01:29,293 [eff28ee8-57ea-45f2-9598-664172de0afc@group-6460917F694B-SegmentedRaftLogWorker] INFO  segmented.SegmentedRaftLogWorker (SegmentedRaftLogWorker.java:execute(601)) - eff28ee8-57ea-45f2-9598-664172de0afc@group-6460917F694B-SegmentedRaftLogWorker: created new log segment /home/runner/work/ozone/ozone/hadoop-ozone/integration-test/target/test-dir/MiniOzoneClusterImpl-fdc8fd63-cfc3-45c6-b077-7c3a44cbc127/datanode-1/data/ratis/473646d8-a5d9-4190-a5d4-6460917f694b/current/log_inprogress_0
2021-08-10 07:01:29,297 [eff28ee8-57ea-45f2-9598-664172de0afc@group-6460917F694B-LeaderElection33] INFO  server.RaftServer$Division (ServerState.java:setRaftConf(387)) - eff28ee8-57ea-45f2-9598-664172de0afc@group-6460917F694B: set configuration 0: [eff28ee8-57ea-45f2-9598-664172de0afc|rpc:10.1.0.83:37107|dataStream:|priority:1], old=null
2021-08-10 07:01:29,302 [EventQueue-OpenPipelineForHealthyPipelineSafeModeRule] INFO  safemode.SCMSafeModeManager (HealthyPipelineSafeModeRule.java:process(124)) - SCM in safe mode. Healthy pipelines reported count is 0, required healthy pipeline reported count is 1
2021-08-10 07:01:29,318 [grpc-default-executor-3] INFO  server.RaftServer$Division (RaftServerImpl.java:requestVote(1043)) - c04a7c39-1cc1-427e-b561-bc84fdac11df@group-920335F0079F: receive requestVote(ELECTION, eff28ee8-57ea-45f2-9598-664172de0afc, group-920335F0079F, 1, (t:0, i:0))
2021-08-10 07:01:29,318 [grpc-default-executor-3] INFO  impl.VoteContext (VoteContext.java:log(48)) - c04a7c39-1cc1-427e-b561-bc84fdac11df@group-920335F0079F-CANDIDATE: reject ELECTION from eff28ee8-57ea-45f2-9598-664172de0afc: already has voted for c04a7c39-1cc1-427e-b561-bc84fdac11df at current term 1
2021-08-10 07:01:29,318 [grpc-default-executor-3] INFO  server.RaftServer$Division (RaftServerImpl.java:requestVote(1075)) - c04a7c39-1cc1-427e-b561-bc84fdac11df@group-920335F0079F replies to ELECTION vote request: eff28ee8-57ea-45f2-9598-664172de0afc<-c04a7c39-1cc1-427e-b561-bc84fdac11df#0:FAIL-t1. Peer's state: c04a7c39-1cc1-427e-b561-bc84fdac11df@group-920335F0079F:t1, leader=null, voted=c04a7c39-1cc1-427e-b561-bc84fdac11df, raftlog=c04a7c39-1cc1-427e-b561-bc84fdac11df@group-920335F0079F-SegmentedRaftLog:OPENED:c-1,f-1,i0, conf=-1: [6b4f1d7a-7f8b-4ea3-931e-9057f129a70f|rpc:10.1.0.83:39569|priority:0, eff28ee8-57ea-45f2-9598-664172de0afc|rpc:10.1.0.83:37107|priority:1, c04a7c39-1cc1-427e-b561-bc84fdac11df|rpc:10.1.0.83:40237|priority:0], old=null
2021-08-10 07:01:29,323 [c04a7c39-1cc1-427e-b561-bc84fdac11df@group-920335F0079F-LeaderElection32] INFO  impl.LeaderElection (LeaderElection.java:logAndReturn(89)) - c04a7c39-1cc1-427e-b561-bc84fdac11df@group-920335F0079F-LeaderElection32: ELECTION REJECTED received 2 response(s) and 0 exception(s):
2021-08-10 07:01:29,323 [c04a7c39-1cc1-427e-b561-bc84fdac11df@group-920335F0079F-LeaderElection32] INFO  impl.LeaderElection (LeaderElection.java:logAndReturn(93)) -   Response 0: c04a7c39-1cc1-427e-b561-bc84fdac11df<-6b4f1d7a-7f8b-4ea3-931e-9057f129a70f#0:OK-t1
2021-08-10 07:01:29,323 [c04a7c39-1cc1-427e-b561-bc84fdac11df@group-920335F0079F-LeaderElection32] INFO  impl.LeaderElection (LeaderElection.java:logAndReturn(93)) -   Response 1: c04a7c39-1cc1-427e-b561-bc84fdac11df<-eff28ee8-57ea-45f2-9598-664172de0afc#0:FAIL-t1
2021-08-10 07:01:29,323 [c04a7c39-1cc1-427e-b561-bc84fdac11df@group-920335F0079F-LeaderElection32] INFO  impl.LeaderElection (LeaderElection.java:askForVotes(308)) - c04a7c39-1cc1-427e-b561-bc84fdac11df@group-920335F0079F-LeaderElection32 ELECTION round 0: result REJECTED
2021-08-10 07:01:29,323 [c04a7c39-1cc1-427e-b561-bc84fdac11df@group-920335F0079F-LeaderElection32] INFO  server.RaftServer$Division (RaftServerImpl.java:setRole(285)) - c04a7c39-1cc1-427e-b561-bc84fdac11df@group-920335F0079F: changes role from CANDIDATE to FOLLOWER at term 1 for REJECTED
2021-08-10 07:01:29,323 [c04a7c39-1cc1-427e-b561-bc84fdac11df@group-920335F0079F-LeaderElection32] INFO  impl.RoleInfo (RoleInfo.java:shutdownLeaderElection(121)) - c04a7c39-1cc1-427e-b561-bc84fdac11df: shutdown c04a7c39-1cc1-427e-b561-bc84fdac11df@group-920335F0079F-LeaderElection32
2021-08-10 07:01:29,323 [c04a7c39-1cc1-427e-b561-bc84fdac11df@group-920335F0079F-LeaderElection32] INFO  impl.RoleInfo (RoleInfo.java:updateAndGet(130)) - c04a7c39-1cc1-427e-b561-bc84fdac11df: start c04a7c39-1cc1-427e-b561-bc84fdac11df@group-920335F0079F-FollowerState
2021-08-10 07:01:29,338 [eff28ee8-57ea-45f2-9598-664172de0afc@group-920335F0079F-LeaderElection31] INFO  impl.LeaderElection (LeaderElection.java:logAndReturn(89)) - eff28ee8-57ea-45f2-9598-664172de0afc@group-920335F0079F-LeaderElection31: ELECTION REJECTED received 2 response(s) and 0 exception(s):
2021-08-10 07:01:29,339 [eff28ee8-57ea-45f2-9598-664172de0afc@group-920335F0079F-LeaderElection31] INFO  impl.LeaderElection (LeaderElection.java:logAndReturn(93)) -   Response 0: eff28ee8-57ea-45f2-9598-664172de0afc<-6b4f1d7a-7f8b-4ea3-931e-9057f129a70f#0:FAIL-t1
2021-08-10 07:01:29,339 [eff28ee8-57ea-45f2-9598-664172de0afc@group-920335F0079F-LeaderElection31] INFO  impl.LeaderElection (LeaderElection.java:logAndReturn(93)) -   Response 1: eff28ee8-57ea-45f2-9598-664172de0afc<-c04a7c39-1cc1-427e-b561-bc84fdac11df#0:FAIL-t1
2021-08-10 07:01:29,339 [eff28ee8-57ea-45f2-9598-664172de0afc@group-920335F0079F-LeaderElection31] INFO  impl.LeaderElection (LeaderElection.java:askForVotes(308)) - eff28ee8-57ea-45f2-9598-664172de0afc@group-920335F0079F-LeaderElection31 ELECTION round 0: result REJECTED
2021-08-10 07:01:29,339 [eff28ee8-57ea-45f2-9598-664172de0afc@group-920335F0079F-LeaderElection31] INFO  server.RaftServer$Division (RaftServerImpl.java:setRole(285)) - eff28ee8-57ea-45f2-9598-664172de0afc@group-920335F0079F: changes role from CANDIDATE to FOLLOWER at term 1 for REJECTED
2021-08-10 07:01:29,339 [eff28ee8-57ea-45f2-9598-664172de0afc@group-920335F0079F-LeaderElection31] INFO  impl.RoleInfo (RoleInfo.java:shutdownLeaderElection(121)) - eff28ee8-57ea-45f2-9598-664172de0afc: shutdown eff28ee8-57ea-45f2-9598-664172de0afc@group-920335F0079F-LeaderElection31
2021-08-10 07:01:29,339 [eff28ee8-57ea-45f2-9598-664172de0afc@group-920335F0079F-LeaderElection31] INFO  impl.RoleInfo (RoleInfo.java:updateAndGet(130)) - eff28ee8-57ea-45f2-9598-664172de0afc: start eff28ee8-57ea-45f2-9598-664172de0afc@group-920335F0079F-FollowerState
2021-08-10 07:01:29,496 [Listener at 127.0.0.1/43351] INFO  ozone.MiniOzoneClusterImpl (MiniOzoneClusterImpl.java:lambda$waitForClusterToBeReady$0(235)) - Nodes are ready. Got 3 of 3 DN Heartbeats.
2021-08-10 07:01:29,497 [Listener at 127.0.0.1/43351] INFO  ozone.MiniOzoneClusterImpl (MiniOzoneClusterImpl.java:lambda$waitForClusterToBeReady$0(238)) - Waiting for cluster to exit safe mode
2021-08-10 07:01:29,497 [Listener at 127.0.0.1/43351] INFO  ozone.MiniOzoneClusterImpl (MiniOzoneClusterImpl.java:lambda$waitForClusterToBeReady$0(240)) - SCM became leader
2021-08-10 07:01:29,679 [6b4f1d7a-7f8b-4ea3-931e-9057f129a70f@group-F82145DDFB36-FollowerState] INFO  impl.FollowerState (FollowerState.java:run(134)) - 6b4f1d7a-7f8b-4ea3-931e-9057f129a70f@group-F82145DDFB36-FollowerState: change to CANDIDATE, lastRpcElapsedTime:5132051865ns, electionTimeout:5108ms
2021-08-10 07:01:29,679 [6b4f1d7a-7f8b-4ea3-931e-9057f129a70f@group-F82145DDFB36-FollowerState] INFO  impl.RoleInfo (RoleInfo.java:shutdownFollowerState(108)) - 6b4f1d7a-7f8b-4ea3-931e-9057f129a70f: shutdown 6b4f1d7a-7f8b-4ea3-931e-9057f129a70f@group-F82145DDFB36-FollowerState
2021-08-10 07:01:29,679 [6b4f1d7a-7f8b-4ea3-931e-9057f129a70f@group-F82145DDFB36-FollowerState] INFO  server.RaftServer$Division (RaftServerImpl.java:setRole(285)) - 6b4f1d7a-7f8b-4ea3-931e-9057f129a70f@group-F82145DDFB36: changes role from  FOLLOWER to CANDIDATE at term 0 for changeToCandidate
2021-08-10 07:01:29,679 [6b4f1d7a-7f8b-4ea3-931e-9057f129a70f@group-F82145DDFB36-FollowerState] INFO  server.RaftServerConfigKeys (ConfUtils.java:logGet(44)) - raft.server.leaderelection.pre-vote = false (custom)
2021-08-10 07:01:29,679 [6b4f1d7a-7f8b-4ea3-931e-9057f129a70f@group-F82145DDFB36-FollowerState] INFO  impl.RoleInfo (RoleInfo.java:updateAndGet(130)) - 6b4f1d7a-7f8b-4ea3-931e-9057f129a70f: start 6b4f1d7a-7f8b-4ea3-931e-9057f129a70f@group-F82145DDFB36-LeaderElection34
2021-08-10 07:01:29,688 [6b4f1d7a-7f8b-4ea3-931e-9057f129a70f@group-F82145DDFB36-LeaderElection34] INFO  impl.LeaderElection (LeaderElection.java:askForVotes(306)) - 6b4f1d7a-7f8b-4ea3-931e-9057f129a70f@group-F82145DDFB36-LeaderElection34 ELECTION round 0: submit vote requests at term 1 for -1: [6b4f1d7a-7f8b-4ea3-931e-9057f129a70f|rpc:10.1.0.83:39569|priority:1], old=null
2021-08-10 07:01:29,689 [6b4f1d7a-7f8b-4ea3-931e-9057f129a70f@group-F82145DDFB36-LeaderElection34] INFO  impl.LeaderElection (LeaderElection.java:askForVotes(308)) - 6b4f1d7a-7f8b-4ea3-931e-9057f129a70f@group-F82145DDFB36-LeaderElection34 ELECTION round 0: result PASSED (term=1)
2021-08-10 07:01:29,689 [6b4f1d7a-7f8b-4ea3-931e-9057f129a70f@group-F82145DDFB36-LeaderElection34] INFO  impl.RoleInfo (RoleInfo.java:shutdownLeaderElection(121)) - 6b4f1d7a-7f8b-4ea3-931e-9057f129a70f: shutdown 6b4f1d7a-7f8b-4ea3-931e-9057f129a70f@group-F82145DDFB36-LeaderElection34
2021-08-10 07:01:29,689 [6b4f1d7a-7f8b-4ea3-931e-9057f129a70f@group-F82145DDFB36-LeaderElection34] INFO  server.RaftServer$Division (RaftServerImpl.java:setRole(285)) - 6b4f1d7a-7f8b-4ea3-931e-9057f129a70f@group-F82145DDFB36: changes role from CANDIDATE to LEADER at term 1 for changeToLeader
2021-08-10 07:01:29,689 [6b4f1d7a-7f8b-4ea3-931e-9057f129a70f@group-F82145DDFB36-LeaderElection34] INFO  ratis.XceiverServerRatis (XceiverServerRatis.java:handleLeaderChangedNotification(857)) - Leader change notification received for group: group-F82145DDFB36 with new leaderId: 6b4f1d7a-7f8b-4ea3-931e-9057f129a70f
2021-08-10 07:01:29,689 [6b4f1d7a-7f8b-4ea3-931e-9057f129a70f@group-F82145DDFB36-LeaderElection34] INFO  server.RaftServer$Division (ServerState.java:setLeader(285)) - 6b4f1d7a-7f8b-4ea3-931e-9057f129a70f@group-F82145DDFB36: change Leader from null to 6b4f1d7a-7f8b-4ea3-931e-9057f129a70f at term 1 for becomeLeader, leader elected after 5173ms
2021-08-10 07:01:29,689 [6b4f1d7a-7f8b-4ea3-931e-9057f129a70f@group-F82145DDFB36-LeaderElection34] INFO  server.RaftServerConfigKeys (ConfUtils.java:logGet(44)) - raft.server.staging.catchup.gap = 1000 (default)
2021-08-10 07:01:29,689 [6b4f1d7a-7f8b-4ea3-931e-9057f129a70f@group-F82145DDFB36-LeaderElection34] INFO  server.RaftServerConfigKeys (ConfUtils.java:logGet(44)) - raft.server.write.element-limit = 1024 (custom)
2021-08-10 07:01:29,689 [6b4f1d7a-7f8b-4ea3-931e-9057f129a70f@group-F82145DDFB36-LeaderElection34] INFO  server.RaftServerConfigKeys (ConfUtils.java:logGet(44)) - raft.server.write.byte-limit = 1073741824 (custom)
2021-08-10 07:01:29,689 [6b4f1d7a-7f8b-4ea3-931e-9057f129a70f@group-F82145DDFB36-LeaderElection34] INFO  server.RaftServerConfigKeys (ConfUtils.java:logGet(44)) - raft.server.watch.timeout = 180s (custom)
2021-08-10 07:01:29,689 [6b4f1d7a-7f8b-4ea3-931e-9057f129a70f@group-F82145DDFB36-LeaderElection34] INFO  server.RaftServerConfigKeys (ConfUtils.java:logGet(44)) - raft.server.watch.timeout.denomination = 1s (default)
2021-08-10 07:01:29,689 [6b4f1d7a-7f8b-4ea3-931e-9057f129a70f@group-F82145DDFB36-LeaderElection34] INFO  server.RaftServerConfigKeys (ConfUtils.java:logGet(44)) - raft.server.watch.element-limit = 65536 (default)
2021-08-10 07:01:29,690 [6b4f1d7a-7f8b-4ea3-931e-9057f129a70f@group-F82145DDFB36-LeaderElection34] INFO  impl.RoleInfo (RoleInfo.java:updateAndGet(130)) - 6b4f1d7a-7f8b-4ea3-931e-9057f129a70f: start 6b4f1d7a-7f8b-4ea3-931e-9057f129a70f@group-F82145DDFB36-LeaderStateImpl
2021-08-10 07:01:29,690 [6b4f1d7a-7f8b-4ea3-931e-9057f129a70f@group-F82145DDFB36-LeaderElection34] INFO  segmented.SegmentedRaftLogWorker (SegmentedRaftLogWorker.java:startLogSegment(394)) - 6b4f1d7a-7f8b-4ea3-931e-9057f129a70f@group-F82145DDFB36-SegmentedRaftLogWorker: Starting segment from index:0
2021-08-10 07:01:29,691 [6b4f1d7a-7f8b-4ea3-931e-9057f129a70f@group-F82145DDFB36-SegmentedRaftLogWorker] INFO  segmented.SegmentedRaftLogWorker (SegmentedRaftLogWorker.java:execute(601)) - 6b4f1d7a-7f8b-4ea3-931e-9057f129a70f@group-F82145DDFB36-SegmentedRaftLogWorker: created new log segment /home/runner/work/ozone/ozone/hadoop-ozone/integration-test/target/test-dir/MiniOzoneClusterImpl-fdc8fd63-cfc3-45c6-b077-7c3a44cbc127/datanode-2/data/ratis/08b00ade-be06-483b-8dd9-f82145ddfb36/current/log_inprogress_0
2021-08-10 07:01:29,692 [EventQueue-OpenPipelineForHealthyPipelineSafeModeRule] INFO  safemode.SCMSafeModeManager (HealthyPipelineSafeModeRule.java:process(124)) - SCM in safe mode. Healthy pipelines reported count is 0, required healthy pipeline reported count is 1
2021-08-10 07:01:29,705 [6b4f1d7a-7f8b-4ea3-931e-9057f129a70f@group-F82145DDFB36-LeaderElection34] INFO  server.RaftServer$Division (ServerState.java:setRaftConf(387)) - 6b4f1d7a-7f8b-4ea3-931e-9057f129a70f@group-F82145DDFB36: set configuration 0: [6b4f1d7a-7f8b-4ea3-931e-9057f129a70f|rpc:10.1.0.83:39569|dataStream:|priority:1], old=null
2021-08-10 07:01:30,497 [Listener at 127.0.0.1/43351] INFO  ozone.MiniOzoneClusterImpl (MiniOzoneClusterImpl.java:lambda$waitForClusterToBeReady$0(235)) - Nodes are ready. Got 3 of 3 DN Heartbeats.
2021-08-10 07:01:30,497 [Listener at 127.0.0.1/43351] INFO  ozone.MiniOzoneClusterImpl (MiniOzoneClusterImpl.java:lambda$waitForClusterToBeReady$0(238)) - Waiting for cluster to exit safe mode
2021-08-10 07:01:30,497 [Listener at 127.0.0.1/43351] INFO  ozone.MiniOzoneClusterImpl (MiniOzoneClusterImpl.java:lambda$waitForClusterToBeReady$0(240)) - SCM became leader
2021-08-10 07:01:31,497 [Listener at 127.0.0.1/43351] INFO  ozone.MiniOzoneClusterImpl (MiniOzoneClusterImpl.java:lambda$waitForClusterToBeReady$0(235)) - Nodes are ready. Got 3 of 3 DN Heartbeats.
2021-08-10 07:01:31,497 [Listener at 127.0.0.1/43351] INFO  ozone.MiniOzoneClusterImpl (MiniOzoneClusterImpl.java:lambda$waitForClusterToBeReady$0(238)) - Waiting for cluster to exit safe mode
2021-08-10 07:01:31,497 [Listener at 127.0.0.1/43351] INFO  ozone.MiniOzoneClusterImpl (MiniOzoneClusterImpl.java:lambda$waitForClusterToBeReady$0(240)) - SCM became leader
2021-08-10 07:01:32,498 [Listener at 127.0.0.1/43351] INFO  ozone.MiniOzoneClusterImpl (MiniOzoneClusterImpl.java:lambda$waitForClusterToBeReady$0(235)) - Nodes are ready. Got 3 of 3 DN Heartbeats.
2021-08-10 07:01:32,498 [Listener at 127.0.0.1/43351] INFO  ozone.MiniOzoneClusterImpl (MiniOzoneClusterImpl.java:lambda$waitForClusterToBeReady$0(238)) - Waiting for cluster to exit safe mode
2021-08-10 07:01:32,498 [Listener at 127.0.0.1/43351] INFO  ozone.MiniOzoneClusterImpl (MiniOzoneClusterImpl.java:lambda$waitForClusterToBeReady$0(240)) - SCM became leader
2021-08-10 07:01:33,498 [Listener at 127.0.0.1/43351] INFO  ozone.MiniOzoneClusterImpl (MiniOzoneClusterImpl.java:lambda$waitForClusterToBeReady$0(235)) - Nodes are ready. Got 3 of 3 DN Heartbeats.
2021-08-10 07:01:33,498 [Listener at 127.0.0.1/43351] INFO  ozone.MiniOzoneClusterImpl (MiniOzoneClusterImpl.java:lambda$waitForClusterToBeReady$0(238)) - Waiting for cluster to exit safe mode
2021-08-10 07:01:33,498 [Listener at 127.0.0.1/43351] INFO  ozone.MiniOzoneClusterImpl (MiniOzoneClusterImpl.java:lambda$waitForClusterToBeReady$0(240)) - SCM became leader
2021-08-10 07:01:34,166 [c04a7c39-1cc1-427e-b561-bc84fdac11df@group-7CAFE9D6E6C5-FollowerState] INFO  impl.FollowerState (FollowerState.java:run(134)) - c04a7c39-1cc1-427e-b561-bc84fdac11df@group-7CAFE9D6E6C5-FollowerState: change to CANDIDATE, lastRpcElapsedTime:5057563146ns, electionTimeout:5034ms
2021-08-10 07:01:34,167 [c04a7c39-1cc1-427e-b561-bc84fdac11df@group-7CAFE9D6E6C5-FollowerState] INFO  impl.RoleInfo (RoleInfo.java:shutdownFollowerState(108)) - c04a7c39-1cc1-427e-b561-bc84fdac11df: shutdown c04a7c39-1cc1-427e-b561-bc84fdac11df@group-7CAFE9D6E6C5-FollowerState
2021-08-10 07:01:34,167 [c04a7c39-1cc1-427e-b561-bc84fdac11df@group-7CAFE9D6E6C5-FollowerState] INFO  server.RaftServer$Division (RaftServerImpl.java:setRole(285)) - c04a7c39-1cc1-427e-b561-bc84fdac11df@group-7CAFE9D6E6C5: changes role from  FOLLOWER to CANDIDATE at term 1 for changeToCandidate
2021-08-10 07:01:34,167 [c04a7c39-1cc1-427e-b561-bc84fdac11df@group-7CAFE9D6E6C5-FollowerState] INFO  server.RaftServerConfigKeys (ConfUtils.java:logGet(44)) - raft.server.leaderelection.pre-vote = false (custom)
2021-08-10 07:01:34,167 [c04a7c39-1cc1-427e-b561-bc84fdac11df@group-7CAFE9D6E6C5-FollowerState] INFO  impl.RoleInfo (RoleInfo.java:updateAndGet(130)) - c04a7c39-1cc1-427e-b561-bc84fdac11df: start c04a7c39-1cc1-427e-b561-bc84fdac11df@group-7CAFE9D6E6C5-LeaderElection35
2021-08-10 07:01:34,185 [eff28ee8-57ea-45f2-9598-664172de0afc@group-7CAFE9D6E6C5-FollowerState] INFO  impl.FollowerState (FollowerState.java:run(134)) - eff28ee8-57ea-45f2-9598-664172de0afc@group-7CAFE9D6E6C5-FollowerState: change to CANDIDATE, lastRpcElapsedTime:5077739506ns, electionTimeout:5075ms
2021-08-10 07:01:34,185 [eff28ee8-57ea-45f2-9598-664172de0afc@group-7CAFE9D6E6C5-FollowerState] INFO  impl.RoleInfo (RoleInfo.java:shutdownFollowerState(108)) - eff28ee8-57ea-45f2-9598-664172de0afc: shutdown eff28ee8-57ea-45f2-9598-664172de0afc@group-7CAFE9D6E6C5-FollowerState
2021-08-10 07:01:34,185 [eff28ee8-57ea-45f2-9598-664172de0afc@group-7CAFE9D6E6C5-FollowerState] INFO  server.RaftServer$Division (RaftServerImpl.java:setRole(285)) - eff28ee8-57ea-45f2-9598-664172de0afc@group-7CAFE9D6E6C5: changes role from  FOLLOWER to CANDIDATE at term 1 for changeToCandidate
2021-08-10 07:01:34,185 [eff28ee8-57ea-45f2-9598-664172de0afc@group-7CAFE9D6E6C5-FollowerState] INFO  server.RaftServerConfigKeys (ConfUtils.java:logGet(44)) - raft.server.leaderelection.pre-vote = false (custom)
2021-08-10 07:01:34,185 [eff28ee8-57ea-45f2-9598-664172de0afc@group-7CAFE9D6E6C5-FollowerState] INFO  impl.RoleInfo (RoleInfo.java:updateAndGet(130)) - eff28ee8-57ea-45f2-9598-664172de0afc: start eff28ee8-57ea-45f2-9598-664172de0afc@group-7CAFE9D6E6C5-LeaderElection36
2021-08-10 07:01:34,193 [eff28ee8-57ea-45f2-9598-664172de0afc@group-7CAFE9D6E6C5-LeaderElection36] INFO  impl.LeaderElection (LeaderElection.java:askForVotes(306)) - eff28ee8-57ea-45f2-9598-664172de0afc@group-7CAFE9D6E6C5-LeaderElection36 ELECTION round 0: submit vote requests at term 2 for -1: [6b4f1d7a-7f8b-4ea3-931e-9057f129a70f|rpc:10.1.0.83:39569|dataStream:|priority:1, eff28ee8-57ea-45f2-9598-664172de0afc|rpc:10.1.0.83:37107|dataStream:|priority:0, c04a7c39-1cc1-427e-b561-bc84fdac11df|rpc:10.1.0.83:40237|dataStream:|priority:0], old=null
2021-08-10 07:01:34,196 [c04a7c39-1cc1-427e-b561-bc84fdac11df@group-7CAFE9D6E6C5-LeaderElection35] INFO  impl.LeaderElection (LeaderElection.java:askForVotes(306)) - c04a7c39-1cc1-427e-b561-bc84fdac11df@group-7CAFE9D6E6C5-LeaderElection35 ELECTION round 0: submit vote requests at term 2 for -1: [6b4f1d7a-7f8b-4ea3-931e-9057f129a70f|rpc:10.1.0.83:39569|priority:1, eff28ee8-57ea-45f2-9598-664172de0afc|rpc:10.1.0.83:37107|priority:0, c04a7c39-1cc1-427e-b561-bc84fdac11df|rpc:10.1.0.83:40237|priority:0], old=null
2021-08-10 07:01:34,203 [grpc-default-executor-2] INFO  server.RaftServer$Division (RaftServerImpl.java:requestVote(1043)) - 6b4f1d7a-7f8b-4ea3-931e-9057f129a70f@group-7CAFE9D6E6C5: receive requestVote(ELECTION, eff28ee8-57ea-45f2-9598-664172de0afc, group-7CAFE9D6E6C5, 2, (t:0, i:0))
2021-08-10 07:01:34,214 [grpc-default-executor-2] INFO  impl.VoteContext (VoteContext.java:log(48)) - 6b4f1d7a-7f8b-4ea3-931e-9057f129a70f@group-7CAFE9D6E6C5-FOLLOWER: reject ELECTION from eff28ee8-57ea-45f2-9598-664172de0afc: our priority 1 > candidate's priority 0
2021-08-10 07:01:34,214 [grpc-default-executor-2] INFO  server.RaftServer$Division (RaftServerImpl.java:setRole(285)) - 6b4f1d7a-7f8b-4ea3-931e-9057f129a70f@group-7CAFE9D6E6C5: changes role from  FOLLOWER to FOLLOWER at term 2 for candidate:eff28ee8-57ea-45f2-9598-664172de0afc
2021-08-10 07:01:34,214 [grpc-default-executor-2] INFO  impl.RoleInfo (RoleInfo.java:shutdownFollowerState(108)) - 6b4f1d7a-7f8b-4ea3-931e-9057f129a70f: shutdown 6b4f1d7a-7f8b-4ea3-931e-9057f129a70f@group-7CAFE9D6E6C5-FollowerState
2021-08-10 07:01:34,214 [grpc-default-executor-2] INFO  impl.RoleInfo (RoleInfo.java:updateAndGet(130)) - 6b4f1d7a-7f8b-4ea3-931e-9057f129a70f: start 6b4f1d7a-7f8b-4ea3-931e-9057f129a70f@group-7CAFE9D6E6C5-FollowerState
2021-08-10 07:01:34,214 [6b4f1d7a-7f8b-4ea3-931e-9057f129a70f@group-7CAFE9D6E6C5-FollowerState] INFO  impl.FollowerState (FollowerState.java:run(143)) - 6b4f1d7a-7f8b-4ea3-931e-9057f129a70f@group-7CAFE9D6E6C5-FollowerState was interrupted: {}
java.lang.InterruptedException: sleep interrupted
	at java.lang.Thread.sleep(Native Method)
	at java.lang.Thread.sleep(Thread.java:340)
	at java.util.concurrent.TimeUnit.sleep(TimeUnit.java:386)
	at org.apache.ratis.util.TimeDuration.sleep(TimeDuration.java:324)
	at org.apache.ratis.util.TimeDuration.sleep(TimeDuration.java:309)
	at org.apache.ratis.server.impl.FollowerState.run(FollowerState.java:118)
2021-08-10 07:01:34,224 [grpc-default-executor-1] INFO  server.RaftServer$Division (RaftServerImpl.java:requestVote(1043)) - 6b4f1d7a-7f8b-4ea3-931e-9057f129a70f@group-7CAFE9D6E6C5: receive requestVote(ELECTION, c04a7c39-1cc1-427e-b561-bc84fdac11df, group-7CAFE9D6E6C5, 2, (t:0, i:0))
2021-08-10 07:01:34,224 [grpc-default-executor-3] INFO  server.RaftServer$Division (RaftServerImpl.java:requestVote(1043)) - c04a7c39-1cc1-427e-b561-bc84fdac11df@group-7CAFE9D6E6C5: receive requestVote(ELECTION, eff28ee8-57ea-45f2-9598-664172de0afc, group-7CAFE9D6E6C5, 2, (t:0, i:0))
2021-08-10 07:01:34,225 [grpc-default-executor-3] INFO  impl.VoteContext (VoteContext.java:log(48)) - c04a7c39-1cc1-427e-b561-bc84fdac11df@group-7CAFE9D6E6C5-CANDIDATE: reject ELECTION from eff28ee8-57ea-45f2-9598-664172de0afc: already has voted for c04a7c39-1cc1-427e-b561-bc84fdac11df at current term 2
2021-08-10 07:01:34,225 [grpc-default-executor-3] INFO  server.RaftServer$Division (RaftServerImpl.java:requestVote(1075)) - c04a7c39-1cc1-427e-b561-bc84fdac11df@group-7CAFE9D6E6C5 replies to ELECTION vote request: eff28ee8-57ea-45f2-9598-664172de0afc<-c04a7c39-1cc1-427e-b561-bc84fdac11df#0:FAIL-t2. Peer's state: c04a7c39-1cc1-427e-b561-bc84fdac11df@group-7CAFE9D6E6C5:t2, leader=null, voted=c04a7c39-1cc1-427e-b561-bc84fdac11df, raftlog=c04a7c39-1cc1-427e-b561-bc84fdac11df@group-7CAFE9D6E6C5-SegmentedRaftLog:OPENED:c-1,f-1,i0, conf=-1: [6b4f1d7a-7f8b-4ea3-931e-9057f129a70f|rpc:10.1.0.83:39569|priority:1, eff28ee8-57ea-45f2-9598-664172de0afc|rpc:10.1.0.83:37107|priority:0, c04a7c39-1cc1-427e-b561-bc84fdac11df|rpc:10.1.0.83:40237|priority:0], old=null
2021-08-10 07:01:34,238 [grpc-default-executor-2] INFO  server.RaftServer$Division (RaftServerImpl.java:requestVote(1075)) - 6b4f1d7a-7f8b-4ea3-931e-9057f129a70f@group-7CAFE9D6E6C5 replies to ELECTION vote request: eff28ee8-57ea-45f2-9598-664172de0afc<-6b4f1d7a-7f8b-4ea3-931e-9057f129a70f#0:FAIL-t2. Peer's state: 6b4f1d7a-7f8b-4ea3-931e-9057f129a70f@group-7CAFE9D6E6C5:t2, leader=null, voted=null, raftlog=6b4f1d7a-7f8b-4ea3-931e-9057f129a70f@group-7CAFE9D6E6C5-SegmentedRaftLog:OPENED:c-1,f-1,i0, conf=-1: [6b4f1d7a-7f8b-4ea3-931e-9057f129a70f|rpc:10.1.0.83:39569|dataStream:|priority:1, eff28ee8-57ea-45f2-9598-664172de0afc|rpc:10.1.0.83:37107|dataStream:|priority:0, c04a7c39-1cc1-427e-b561-bc84fdac11df|rpc:10.1.0.83:40237|dataStream:|priority:0], old=null
2021-08-10 07:01:34,239 [grpc-default-executor-0] INFO  server.RaftServer$Division (RaftServerImpl.java:requestVote(1043)) - eff28ee8-57ea-45f2-9598-664172de0afc@group-7CAFE9D6E6C5: receive requestVote(ELECTION, c04a7c39-1cc1-427e-b561-bc84fdac11df, group-7CAFE9D6E6C5, 2, (t:0, i:0))
2021-08-10 07:01:34,241 [grpc-default-executor-0] INFO  impl.VoteContext (VoteContext.java:log(48)) - eff28ee8-57ea-45f2-9598-664172de0afc@group-7CAFE9D6E6C5-CANDIDATE: reject ELECTION from c04a7c39-1cc1-427e-b561-bc84fdac11df: already has voted for eff28ee8-57ea-45f2-9598-664172de0afc at current term 2
2021-08-10 07:01:34,241 [grpc-default-executor-0] INFO  server.RaftServer$Division (RaftServerImpl.java:requestVote(1075)) - eff28ee8-57ea-45f2-9598-664172de0afc@group-7CAFE9D6E6C5 replies to ELECTION vote request: c04a7c39-1cc1-427e-b561-bc84fdac11df<-eff28ee8-57ea-45f2-9598-664172de0afc#0:FAIL-t2. Peer's state: eff28ee8-57ea-45f2-9598-664172de0afc@group-7CAFE9D6E6C5:t2, leader=null, voted=eff28ee8-57ea-45f2-9598-664172de0afc, raftlog=eff28ee8-57ea-45f2-9598-664172de0afc@group-7CAFE9D6E6C5-SegmentedRaftLog:OPENED:c-1,f-1,i0, conf=-1: [6b4f1d7a-7f8b-4ea3-931e-9057f129a70f|rpc:10.1.0.83:39569|dataStream:|priority:1, eff28ee8-57ea-45f2-9598-664172de0afc|rpc:10.1.0.83:37107|dataStream:|priority:0, c04a7c39-1cc1-427e-b561-bc84fdac11df|rpc:10.1.0.83:40237|dataStream:|priority:0], old=null
2021-08-10 07:01:34,240 [eff28ee8-57ea-45f2-9598-664172de0afc@group-7CAFE9D6E6C5-LeaderElection36] INFO  impl.LeaderElection (LeaderElection.java:logAndReturn(89)) - eff28ee8-57ea-45f2-9598-664172de0afc@group-7CAFE9D6E6C5-LeaderElection36: ELECTION REJECTED received 1 response(s) and 0 exception(s):
2021-08-10 07:01:34,242 [eff28ee8-57ea-45f2-9598-664172de0afc@group-7CAFE9D6E6C5-LeaderElection36] INFO  impl.LeaderElection (LeaderElection.java:logAndReturn(93)) -   Response 0: eff28ee8-57ea-45f2-9598-664172de0afc<-6b4f1d7a-7f8b-4ea3-931e-9057f129a70f#0:FAIL-t2
2021-08-10 07:01:34,242 [eff28ee8-57ea-45f2-9598-664172de0afc@group-7CAFE9D6E6C5-LeaderElection36] INFO  impl.LeaderElection (LeaderElection.java:askForVotes(308)) - eff28ee8-57ea-45f2-9598-664172de0afc@group-7CAFE9D6E6C5-LeaderElection36 ELECTION round 0: result REJECTED
2021-08-10 07:01:34,242 [eff28ee8-57ea-45f2-9598-664172de0afc@group-7CAFE9D6E6C5-LeaderElection36] INFO  server.RaftServer$Division (RaftServerImpl.java:setRole(285)) - eff28ee8-57ea-45f2-9598-664172de0afc@group-7CAFE9D6E6C5: changes role from CANDIDATE to FOLLOWER at term 2 for REJECTED
2021-08-10 07:01:34,242 [eff28ee8-57ea-45f2-9598-664172de0afc@group-7CAFE9D6E6C5-LeaderElection36] INFO  impl.RoleInfo (RoleInfo.java:shutdownLeaderElection(121)) - eff28ee8-57ea-45f2-9598-664172de0afc: shutdown eff28ee8-57ea-45f2-9598-664172de0afc@group-7CAFE9D6E6C5-LeaderElection36
2021-08-10 07:01:34,242 [eff28ee8-57ea-45f2-9598-664172de0afc@group-7CAFE9D6E6C5-LeaderElection36] INFO  impl.RoleInfo (RoleInfo.java:updateAndGet(130)) - eff28ee8-57ea-45f2-9598-664172de0afc: start eff28ee8-57ea-45f2-9598-664172de0afc@group-7CAFE9D6E6C5-FollowerState
2021-08-10 07:01:34,239 [grpc-default-executor-1] INFO  impl.VoteContext (VoteContext.java:log(48)) - 6b4f1d7a-7f8b-4ea3-931e-9057f129a70f@group-7CAFE9D6E6C5-FOLLOWER: reject ELECTION from c04a7c39-1cc1-427e-b561-bc84fdac11df: our priority 1 > candidate's priority 0
2021-08-10 07:01:34,263 [grpc-default-executor-1] INFO  server.RaftServer$Division (RaftServerImpl.java:setRole(285)) - 6b4f1d7a-7f8b-4ea3-931e-9057f129a70f@group-7CAFE9D6E6C5: changes role from  FOLLOWER to FOLLOWER at term 2 for candidate:c04a7c39-1cc1-427e-b561-bc84fdac11df
2021-08-10 07:01:34,263 [grpc-default-executor-1] INFO  impl.RoleInfo (RoleInfo.java:shutdownFollowerState(108)) - 6b4f1d7a-7f8b-4ea3-931e-9057f129a70f: shutdown 6b4f1d7a-7f8b-4ea3-931e-9057f129a70f@group-7CAFE9D6E6C5-FollowerState
2021-08-10 07:01:34,263 [grpc-default-executor-1] INFO  impl.RoleInfo (RoleInfo.java:updateAndGet(130)) - 6b4f1d7a-7f8b-4ea3-931e-9057f129a70f: start 6b4f1d7a-7f8b-4ea3-931e-9057f129a70f@group-7CAFE9D6E6C5-FollowerState
2021-08-10 07:01:34,264 [6b4f1d7a-7f8b-4ea3-931e-9057f129a70f@group-7CAFE9D6E6C5-FollowerState] INFO  impl.FollowerState (FollowerState.java:run(143)) - 6b4f1d7a-7f8b-4ea3-931e-9057f129a70f@group-7CAFE9D6E6C5-FollowerState was interrupted: {}
java.lang.InterruptedException: sleep interrupted
	at java.lang.Thread.sleep(Native Method)
	at java.lang.Thread.sleep(Thread.java:340)
	at java.util.concurrent.TimeUnit.sleep(TimeUnit.java:386)
	at org.apache.ratis.util.TimeDuration.sleep(TimeDuration.java:324)
	at org.apache.ratis.util.TimeDuration.sleep(TimeDuration.java:309)
	at org.apache.ratis.server.impl.FollowerState.run(FollowerState.java:118)
2021-08-10 07:01:34,264 [grpc-default-executor-1] INFO  server.RaftServer$Division (RaftServerImpl.java:requestVote(1075)) - 6b4f1d7a-7f8b-4ea3-931e-9057f129a70f@group-7CAFE9D6E6C5 replies to ELECTION vote request: c04a7c39-1cc1-427e-b561-bc84fdac11df<-6b4f1d7a-7f8b-4ea3-931e-9057f129a70f#0:FAIL-t2. Peer's state: 6b4f1d7a-7f8b-4ea3-931e-9057f129a70f@group-7CAFE9D6E6C5:t2, leader=null, voted=null, raftlog=6b4f1d7a-7f8b-4ea3-931e-9057f129a70f@group-7CAFE9D6E6C5-SegmentedRaftLog:OPENED:c-1,f-1,i0, conf=-1: [6b4f1d7a-7f8b-4ea3-931e-9057f129a70f|rpc:10.1.0.83:39569|dataStream:|priority:1, eff28ee8-57ea-45f2-9598-664172de0afc|rpc:10.1.0.83:37107|dataStream:|priority:0, c04a7c39-1cc1-427e-b561-bc84fdac11df|rpc:10.1.0.83:40237|dataStream:|priority:0], old=null
2021-08-10 07:01:34,265 [c04a7c39-1cc1-427e-b561-bc84fdac11df@group-7CAFE9D6E6C5-LeaderElection35] INFO  impl.LeaderElection (LeaderElection.java:logAndReturn(89)) - c04a7c39-1cc1-427e-b561-bc84fdac11df@group-7CAFE9D6E6C5-LeaderElection35: ELECTION REJECTED received 2 response(s) and 0 exception(s):
2021-08-10 07:01:34,265 [c04a7c39-1cc1-427e-b561-bc84fdac11df@group-7CAFE9D6E6C5-LeaderElection35] INFO  impl.LeaderElection (LeaderElection.java:logAndReturn(93)) -   Response 0: c04a7c39-1cc1-427e-b561-bc84fdac11df<-6b4f1d7a-7f8b-4ea3-931e-9057f129a70f#0:FAIL-t2
2021-08-10 07:01:34,265 [c04a7c39-1cc1-427e-b561-bc84fdac11df@group-7CAFE9D6E6C5-LeaderElection35] INFO  impl.LeaderElection (LeaderElection.java:logAndReturn(93)) -   Response 1: c04a7c39-1cc1-427e-b561-bc84fdac11df<-eff28ee8-57ea-45f2-9598-664172de0afc#0:FAIL-t2
2021-08-10 07:01:34,265 [c04a7c39-1cc1-427e-b561-bc84fdac11df@group-7CAFE9D6E6C5-LeaderElection35] INFO  impl.LeaderElection (LeaderElection.java:askForVotes(308)) - c04a7c39-1cc1-427e-b561-bc84fdac11df@group-7CAFE9D6E6C5-LeaderElection35 ELECTION round 0: result REJECTED
2021-08-10 07:01:34,265 [c04a7c39-1cc1-427e-b561-bc84fdac11df@group-7CAFE9D6E6C5-LeaderElection35] INFO  server.RaftServer$Division (RaftServerImpl.java:setRole(285)) - c04a7c39-1cc1-427e-b561-bc84fdac11df@group-7CAFE9D6E6C5: changes role from CANDIDATE to FOLLOWER at term 2 for REJECTED
2021-08-10 07:01:34,265 [c04a7c39-1cc1-427e-b561-bc84fdac11df@group-7CAFE9D6E6C5-LeaderElection35] INFO  impl.RoleInfo (RoleInfo.java:shutdownLeaderElection(121)) - c04a7c39-1cc1-427e-b561-bc84fdac11df: shutdown c04a7c39-1cc1-427e-b561-bc84fdac11df@group-7CAFE9D6E6C5-LeaderElection35
2021-08-10 07:01:34,265 [c04a7c39-1cc1-427e-b561-bc84fdac11df@group-7CAFE9D6E6C5-LeaderElection35] INFO  impl.RoleInfo (RoleInfo.java:updateAndGet(130)) - c04a7c39-1cc1-427e-b561-bc84fdac11df: start c04a7c39-1cc1-427e-b561-bc84fdac11df@group-7CAFE9D6E6C5-FollowerState
2021-08-10 07:01:34,420 [c04a7c39-1cc1-427e-b561-bc84fdac11df@group-920335F0079F-FollowerState] INFO  impl.FollowerState (FollowerState.java:run(134)) - c04a7c39-1cc1-427e-b561-bc84fdac11df@group-920335F0079F-FollowerState: change to CANDIDATE, lastRpcElapsedTime:5097230863ns, electionTimeout:5082ms
2021-08-10 07:01:34,421 [c04a7c39-1cc1-427e-b561-bc84fdac11df@group-920335F0079F-FollowerState] INFO  impl.RoleInfo (RoleInfo.java:shutdownFollowerState(108)) - c04a7c39-1cc1-427e-b561-bc84fdac11df: shutdown c04a7c39-1cc1-427e-b561-bc84fdac11df@group-920335F0079F-FollowerState
2021-08-10 07:01:34,421 [c04a7c39-1cc1-427e-b561-bc84fdac11df@group-920335F0079F-FollowerState] INFO  server.RaftServer$Division (RaftServerImpl.java:setRole(285)) - c04a7c39-1cc1-427e-b561-bc84fdac11df@group-920335F0079F: changes role from  FOLLOWER to CANDIDATE at term 1 for changeToCandidate
2021-08-10 07:01:34,421 [c04a7c39-1cc1-427e-b561-bc84fdac11df@group-920335F0079F-FollowerState] INFO  server.RaftServerConfigKeys (ConfUtils.java:logGet(44)) - raft.server.leaderelection.pre-vote = false (custom)
2021-08-10 07:01:34,421 [c04a7c39-1cc1-427e-b561-bc84fdac11df@group-920335F0079F-FollowerState] INFO  impl.RoleInfo (RoleInfo.java:updateAndGet(130)) - c04a7c39-1cc1-427e-b561-bc84fdac11df: start c04a7c39-1cc1-427e-b561-bc84fdac11df@group-920335F0079F-LeaderElection37
2021-08-10 07:01:34,436 [c04a7c39-1cc1-427e-b561-bc84fdac11df@group-920335F0079F-LeaderElection37] INFO  impl.LeaderElection (LeaderElection.java:askForVotes(306)) - c04a7c39-1cc1-427e-b561-bc84fdac11df@group-920335F0079F-LeaderElection37 ELECTION round 0: submit vote requests at term 2 for -1: [6b4f1d7a-7f8b-4ea3-931e-9057f129a70f|rpc:10.1.0.83:39569|priority:0, eff28ee8-57ea-45f2-9598-664172de0afc|rpc:10.1.0.83:37107|priority:1, c04a7c39-1cc1-427e-b561-bc84fdac11df|rpc:10.1.0.83:40237|priority:0], old=null
2021-08-10 07:01:34,459 [grpc-default-executor-1] INFO  server.RaftServer$Division (RaftServerImpl.java:requestVote(1043)) - 6b4f1d7a-7f8b-4ea3-931e-9057f129a70f@group-920335F0079F: receive requestVote(ELECTION, c04a7c39-1cc1-427e-b561-bc84fdac11df, group-920335F0079F, 2, (t:0, i:0))
2021-08-10 07:01:34,459 [grpc-default-executor-1] INFO  impl.VoteContext (VoteContext.java:log(48)) - 6b4f1d7a-7f8b-4ea3-931e-9057f129a70f@group-920335F0079F-FOLLOWER: accept ELECTION from c04a7c39-1cc1-427e-b561-bc84fdac11df: our priority 0 <= candidate's priority 0
2021-08-10 07:01:34,459 [grpc-default-executor-1] INFO  server.RaftServer$Division (RaftServerImpl.java:setRole(285)) - 6b4f1d7a-7f8b-4ea3-931e-9057f129a70f@group-920335F0079F: changes role from  FOLLOWER to FOLLOWER at term 2 for candidate:c04a7c39-1cc1-427e-b561-bc84fdac11df
2021-08-10 07:01:34,459 [grpc-default-executor-1] INFO  impl.RoleInfo (RoleInfo.java:shutdownFollowerState(108)) - 6b4f1d7a-7f8b-4ea3-931e-9057f129a70f: shutdown 6b4f1d7a-7f8b-4ea3-931e-9057f129a70f@group-920335F0079F-FollowerState
2021-08-10 07:01:34,459 [grpc-default-executor-1] INFO  impl.RoleInfo (RoleInfo.java:updateAndGet(130)) - 6b4f1d7a-7f8b-4ea3-931e-9057f129a70f: start 6b4f1d7a-7f8b-4ea3-931e-9057f129a70f@group-920335F0079F-FollowerState
2021-08-10 07:01:34,459 [6b4f1d7a-7f8b-4ea3-931e-9057f129a70f@group-920335F0079F-FollowerState] INFO  impl.FollowerState (FollowerState.java:run(143)) - 6b4f1d7a-7f8b-4ea3-931e-9057f129a70f@group-920335F0079F-FollowerState was interrupted: {}
java.lang.InterruptedException: sleep interrupted
	at java.lang.Thread.sleep(Native Method)
	at java.lang.Thread.sleep(Thread.java:340)
	at java.util.concurrent.TimeUnit.sleep(TimeUnit.java:386)
	at org.apache.ratis.util.TimeDuration.sleep(TimeDuration.java:324)
	at org.apache.ratis.util.TimeDuration.sleep(TimeDuration.java:309)
	at org.apache.ratis.server.impl.FollowerState.run(FollowerState.java:118)
2021-08-10 07:01:34,469 [grpc-default-executor-1] INFO  server.RaftServer$Division (RaftServerImpl.java:requestVote(1075)) - 6b4f1d7a-7f8b-4ea3-931e-9057f129a70f@group-920335F0079F replies to ELECTION vote request: c04a7c39-1cc1-427e-b561-bc84fdac11df<-6b4f1d7a-7f8b-4ea3-931e-9057f129a70f#0:OK-t2. Peer's state: 6b4f1d7a-7f8b-4ea3-931e-9057f129a70f@group-920335F0079F:t2, leader=null, voted=c04a7c39-1cc1-427e-b561-bc84fdac11df, raftlog=6b4f1d7a-7f8b-4ea3-931e-9057f129a70f@group-920335F0079F-SegmentedRaftLog:OPENED:c-1,f-1,i0, conf=-1: [6b4f1d7a-7f8b-4ea3-931e-9057f129a70f|rpc:10.1.0.83:39569|dataStream:|priority:0, eff28ee8-57ea-45f2-9598-664172de0afc|rpc:10.1.0.83:37107|dataStream:|priority:1, c04a7c39-1cc1-427e-b561-bc84fdac11df|rpc:10.1.0.83:40237|dataStream:|priority:0], old=null
2021-08-10 07:01:34,472 [grpc-default-executor-1] INFO  server.RaftServer$Division (RaftServerImpl.java:requestVote(1043)) - eff28ee8-57ea-45f2-9598-664172de0afc@group-920335F0079F: receive requestVote(ELECTION, c04a7c39-1cc1-427e-b561-bc84fdac11df, group-920335F0079F, 2, (t:0, i:0))
2021-08-10 07:01:34,472 [grpc-default-executor-1] INFO  impl.VoteContext (VoteContext.java:log(48)) - eff28ee8-57ea-45f2-9598-664172de0afc@group-920335F0079F-FOLLOWER: reject ELECTION from c04a7c39-1cc1-427e-b561-bc84fdac11df: our priority 1 > candidate's priority 0
2021-08-10 07:01:34,472 [grpc-default-executor-1] INFO  server.RaftServer$Division (RaftServerImpl.java:setRole(285)) - eff28ee8-57ea-45f2-9598-664172de0afc@group-920335F0079F: changes role from  FOLLOWER to FOLLOWER at term 2 for candidate:c04a7c39-1cc1-427e-b561-bc84fdac11df
2021-08-10 07:01:34,472 [grpc-default-executor-1] INFO  impl.RoleInfo (RoleInfo.java:shutdownFollowerState(108)) - eff28ee8-57ea-45f2-9598-664172de0afc: shutdown eff28ee8-57ea-45f2-9598-664172de0afc@group-920335F0079F-FollowerState
2021-08-10 07:01:34,472 [grpc-default-executor-1] INFO  impl.RoleInfo (RoleInfo.java:updateAndGet(130)) - eff28ee8-57ea-45f2-9598-664172de0afc: start eff28ee8-57ea-45f2-9598-664172de0afc@group-920335F0079F-FollowerState
2021-08-10 07:01:34,473 [eff28ee8-57ea-45f2-9598-664172de0afc@group-920335F0079F-FollowerState] INFO  impl.FollowerState (FollowerState.java:run(143)) - eff28ee8-57ea-45f2-9598-664172de0afc@group-920335F0079F-FollowerState was interrupted: {}
java.lang.InterruptedException: sleep interrupted
	at java.lang.Thread.sleep(Native Method)
	at java.lang.Thread.sleep(Thread.java:340)
	at java.util.concurrent.TimeUnit.sleep(TimeUnit.java:386)
	at org.apache.ratis.util.TimeDuration.sleep(TimeDuration.java:324)
	at org.apache.ratis.util.TimeDuration.sleep(TimeDuration.java:309)
	at org.apache.ratis.server.impl.FollowerState.run(FollowerState.java:118)
2021-08-10 07:01:34,493 [grpc-default-executor-1] INFO  server.RaftServer$Division (RaftServerImpl.java:requestVote(1075)) - eff28ee8-57ea-45f2-9598-664172de0afc@group-920335F0079F replies to ELECTION vote request: c04a7c39-1cc1-427e-b561-bc84fdac11df<-eff28ee8-57ea-45f2-9598-664172de0afc#0:FAIL-t2. Peer's state: eff28ee8-57ea-45f2-9598-664172de0afc@group-920335F0079F:t2, leader=null, voted=null, raftlog=eff28ee8-57ea-45f2-9598-664172de0afc@group-920335F0079F-SegmentedRaftLog:OPENED:c-1,f-1,i0, conf=-1: [6b4f1d7a-7f8b-4ea3-931e-9057f129a70f|rpc:10.1.0.83:39569|dataStream:|priority:0, eff28ee8-57ea-45f2-9598-664172de0afc|rpc:10.1.0.83:37107|dataStream:|priority:1, c04a7c39-1cc1-427e-b561-bc84fdac11df|rpc:10.1.0.83:40237|dataStream:|priority:0], old=null
2021-08-10 07:01:34,498 [Listener at 127.0.0.1/43351] INFO  ozone.MiniOzoneClusterImpl (MiniOzoneClusterImpl.java:lambda$waitForClusterToBeReady$0(235)) - Nodes are ready. Got 3 of 3 DN Heartbeats.
2021-08-10 07:01:34,499 [Listener at 127.0.0.1/43351] INFO  ozone.MiniOzoneClusterImpl (MiniOzoneClusterImpl.java:lambda$waitForClusterToBeReady$0(238)) - Waiting for cluster to exit safe mode
2021-08-10 07:01:34,499 [Listener at 127.0.0.1/43351] INFO  ozone.MiniOzoneClusterImpl (MiniOzoneClusterImpl.java:lambda$waitForClusterToBeReady$0(240)) - SCM became leader
2021-08-10 07:01:34,498 [c04a7c39-1cc1-427e-b561-bc84fdac11df@group-920335F0079F-LeaderElection37] INFO  impl.LeaderElection (LeaderElection.java:logAndReturn(89)) - c04a7c39-1cc1-427e-b561-bc84fdac11df@group-920335F0079F-LeaderElection37: ELECTION REJECTED received 2 response(s) and 0 exception(s):
2021-08-10 07:01:34,499 [c04a7c39-1cc1-427e-b561-bc84fdac11df@group-920335F0079F-LeaderElection37] INFO  impl.LeaderElection (LeaderElection.java:logAndReturn(93)) -   Response 0: c04a7c39-1cc1-427e-b561-bc84fdac11df<-6b4f1d7a-7f8b-4ea3-931e-9057f129a70f#0:OK-t2
2021-08-10 07:01:34,499 [c04a7c39-1cc1-427e-b561-bc84fdac11df@group-920335F0079F-LeaderElection37] INFO  impl.LeaderElection (LeaderElection.java:logAndReturn(93)) -   Response 1: c04a7c39-1cc1-427e-b561-bc84fdac11df<-eff28ee8-57ea-45f2-9598-664172de0afc#0:FAIL-t2
2021-08-10 07:01:34,499 [c04a7c39-1cc1-427e-b561-bc84fdac11df@group-920335F0079F-LeaderElection37] INFO  impl.LeaderElection (LeaderElection.java:askForVotes(308)) - c04a7c39-1cc1-427e-b561-bc84fdac11df@group-920335F0079F-LeaderElection37 ELECTION round 0: result REJECTED
2021-08-10 07:01:34,499 [c04a7c39-1cc1-427e-b561-bc84fdac11df@group-920335F0079F-LeaderElection37] INFO  server.RaftServer$Division (RaftServerImpl.java:setRole(285)) - c04a7c39-1cc1-427e-b561-bc84fdac11df@group-920335F0079F: changes role from CANDIDATE to FOLLOWER at term 2 for REJECTED
2021-08-10 07:01:34,499 [c04a7c39-1cc1-427e-b561-bc84fdac11df@group-920335F0079F-LeaderElection37] INFO  impl.RoleInfo (RoleInfo.java:shutdownLeaderElection(121)) - c04a7c39-1cc1-427e-b561-bc84fdac11df: shutdown c04a7c39-1cc1-427e-b561-bc84fdac11df@group-920335F0079F-LeaderElection37
2021-08-10 07:01:34,499 [c04a7c39-1cc1-427e-b561-bc84fdac11df@group-920335F0079F-LeaderElection37] INFO  impl.RoleInfo (RoleInfo.java:updateAndGet(130)) - c04a7c39-1cc1-427e-b561-bc84fdac11df: start c04a7c39-1cc1-427e-b561-bc84fdac11df@group-920335F0079F-FollowerState
2021-08-10 07:01:35,499 [Listener at 127.0.0.1/43351] INFO  ozone.MiniOzoneClusterImpl (MiniOzoneClusterImpl.java:lambda$waitForClusterToBeReady$0(235)) - Nodes are ready. Got 3 of 3 DN Heartbeats.
2021-08-10 07:01:35,499 [Listener at 127.0.0.1/43351] INFO  ozone.MiniOzoneClusterImpl (MiniOzoneClusterImpl.java:lambda$waitForClusterToBeReady$0(238)) - Waiting for cluster to exit safe mode
2021-08-10 07:01:35,499 [Listener at 127.0.0.1/43351] INFO  ozone.MiniOzoneClusterImpl (MiniOzoneClusterImpl.java:lambda$waitForClusterToBeReady$0(240)) - SCM became leader
2021-08-10 07:01:36,499 [Listener at 127.0.0.1/43351] INFO  ozone.MiniOzoneClusterImpl (MiniOzoneClusterImpl.java:lambda$waitForClusterToBeReady$0(235)) - Nodes are ready. Got 3 of 3 DN Heartbeats.
2021-08-10 07:01:36,499 [Listener at 127.0.0.1/43351] INFO  ozone.MiniOzoneClusterImpl (MiniOzoneClusterImpl.java:lambda$waitForClusterToBeReady$0(238)) - Waiting for cluster to exit safe mode
2021-08-10 07:01:36,500 [Listener at 127.0.0.1/43351] INFO  ozone.MiniOzoneClusterImpl (MiniOzoneClusterImpl.java:lambda$waitForClusterToBeReady$0(240)) - SCM became leader
2021-08-10 07:01:37,500 [Listener at 127.0.0.1/43351] INFO  ozone.MiniOzoneClusterImpl (MiniOzoneClusterImpl.java:lambda$waitForClusterToBeReady$0(235)) - Nodes are ready. Got 3 of 3 DN Heartbeats.
2021-08-10 07:01:37,500 [Listener at 127.0.0.1/43351] INFO  ozone.MiniOzoneClusterImpl (MiniOzoneClusterImpl.java:lambda$waitForClusterToBeReady$0(238)) - Waiting for cluster to exit safe mode
2021-08-10 07:01:37,500 [Listener at 127.0.0.1/43351] INFO  ozone.MiniOzoneClusterImpl (MiniOzoneClusterImpl.java:lambda$waitForClusterToBeReady$0(240)) - SCM became leader
2021-08-10 07:01:38,501 [Listener at 127.0.0.1/43351] INFO  ozone.MiniOzoneClusterImpl (MiniOzoneClusterImpl.java:lambda$waitForClusterToBeReady$0(235)) - Nodes are ready. Got 3 of 3 DN Heartbeats.
2021-08-10 07:01:38,501 [Listener at 127.0.0.1/43351] INFO  ozone.MiniOzoneClusterImpl (MiniOzoneClusterImpl.java:lambda$waitForClusterToBeReady$0(238)) - Waiting for cluster to exit safe mode
2021-08-10 07:01:38,501 [Listener at 127.0.0.1/43351] INFO  ozone.MiniOzoneClusterImpl (MiniOzoneClusterImpl.java:lambda$waitForClusterToBeReady$0(240)) - SCM became leader
2021-08-10 07:01:39,288 [eff28ee8-57ea-45f2-9598-664172de0afc@group-7CAFE9D6E6C5-FollowerState] INFO  impl.FollowerState (FollowerState.java:run(134)) - eff28ee8-57ea-45f2-9598-664172de0afc@group-7CAFE9D6E6C5-FollowerState: change to CANDIDATE, lastRpcElapsedTime:5046340613ns, electionTimeout:5045ms
2021-08-10 07:01:39,288 [eff28ee8-57ea-45f2-9598-664172de0afc@group-7CAFE9D6E6C5-FollowerState] INFO  impl.RoleInfo (RoleInfo.java:shutdownFollowerState(108)) - eff28ee8-57ea-45f2-9598-664172de0afc: shutdown eff28ee8-57ea-45f2-9598-664172de0afc@group-7CAFE9D6E6C5-FollowerState
2021-08-10 07:01:39,288 [eff28ee8-57ea-45f2-9598-664172de0afc@group-7CAFE9D6E6C5-FollowerState] INFO  server.RaftServer$Division (RaftServerImpl.java:setRole(285)) - eff28ee8-57ea-45f2-9598-664172de0afc@group-7CAFE9D6E6C5: changes role from  FOLLOWER to CANDIDATE at term 2 for changeToCandidate
2021-08-10 07:01:39,289 [eff28ee8-57ea-45f2-9598-664172de0afc@group-7CAFE9D6E6C5-FollowerState] INFO  server.RaftServerConfigKeys (ConfUtils.java:logGet(44)) - raft.server.leaderelection.pre-vote = false (custom)
2021-08-10 07:01:39,289 [eff28ee8-57ea-45f2-9598-664172de0afc@group-7CAFE9D6E6C5-FollowerState] INFO  impl.RoleInfo (RoleInfo.java:updateAndGet(130)) - eff28ee8-57ea-45f2-9598-664172de0afc: start eff28ee8-57ea-45f2-9598-664172de0afc@group-7CAFE9D6E6C5-LeaderElection38
2021-08-10 07:01:39,304 [eff28ee8-57ea-45f2-9598-664172de0afc@group-7CAFE9D6E6C5-LeaderElection38] INFO  impl.LeaderElection (LeaderElection.java:askForVotes(306)) - eff28ee8-57ea-45f2-9598-664172de0afc@group-7CAFE9D6E6C5-LeaderElection38 ELECTION round 0: submit vote requests at term 3 for -1: [6b4f1d7a-7f8b-4ea3-931e-9057f129a70f|rpc:10.1.0.83:39569|dataStream:|priority:1, eff28ee8-57ea-45f2-9598-664172de0afc|rpc:10.1.0.83:37107|dataStream:|priority:0, c04a7c39-1cc1-427e-b561-bc84fdac11df|rpc:10.1.0.83:40237|dataStream:|priority:0], old=null
2021-08-10 07:01:39,313 [grpc-default-executor-1] INFO  server.RaftServer$Division (RaftServerImpl.java:requestVote(1043)) - 6b4f1d7a-7f8b-4ea3-931e-9057f129a70f@group-7CAFE9D6E6C5: receive requestVote(ELECTION, eff28ee8-57ea-45f2-9598-664172de0afc, group-7CAFE9D6E6C5, 3, (t:0, i:0))
2021-08-10 07:01:39,313 [grpc-default-executor-1] INFO  impl.VoteContext (VoteContext.java:log(48)) - 6b4f1d7a-7f8b-4ea3-931e-9057f129a70f@group-7CAFE9D6E6C5-FOLLOWER: reject ELECTION from eff28ee8-57ea-45f2-9598-664172de0afc: our priority 1 > candidate's priority 0
2021-08-10 07:01:39,313 [grpc-default-executor-0] INFO  server.RaftServer$Division (RaftServerImpl.java:requestVote(1043)) - c04a7c39-1cc1-427e-b561-bc84fdac11df@group-7CAFE9D6E6C5: receive requestVote(ELECTION, eff28ee8-57ea-45f2-9598-664172de0afc, group-7CAFE9D6E6C5, 3, (t:0, i:0))
2021-08-10 07:01:39,317 [grpc-default-executor-0] INFO  impl.VoteContext (VoteContext.java:log(48)) - c04a7c39-1cc1-427e-b561-bc84fdac11df@group-7CAFE9D6E6C5-FOLLOWER: accept ELECTION from eff28ee8-57ea-45f2-9598-664172de0afc: our priority 0 <= candidate's priority 0
2021-08-10 07:01:39,317 [grpc-default-executor-0] INFO  server.RaftServer$Division (RaftServerImpl.java:setRole(285)) - c04a7c39-1cc1-427e-b561-bc84fdac11df@group-7CAFE9D6E6C5: changes role from  FOLLOWER to FOLLOWER at term 3 for candidate:eff28ee8-57ea-45f2-9598-664172de0afc
2021-08-10 07:01:39,317 [grpc-default-executor-0] INFO  impl.RoleInfo (RoleInfo.java:shutdownFollowerState(108)) - c04a7c39-1cc1-427e-b561-bc84fdac11df: shutdown c04a7c39-1cc1-427e-b561-bc84fdac11df@group-7CAFE9D6E6C5-FollowerState
2021-08-10 07:01:39,317 [grpc-default-executor-0] INFO  impl.RoleInfo (RoleInfo.java:updateAndGet(130)) - c04a7c39-1cc1-427e-b561-bc84fdac11df: start c04a7c39-1cc1-427e-b561-bc84fdac11df@group-7CAFE9D6E6C5-FollowerState
2021-08-10 07:01:39,313 [grpc-default-executor-1] INFO  server.RaftServer$Division (RaftServerImpl.java:setRole(285)) - 6b4f1d7a-7f8b-4ea3-931e-9057f129a70f@group-7CAFE9D6E6C5: changes role from  FOLLOWER to FOLLOWER at term 3 for candidate:eff28ee8-57ea-45f2-9598-664172de0afc
2021-08-10 07:01:39,317 [c04a7c39-1cc1-427e-b561-bc84fdac11df@group-7CAFE9D6E6C5-FollowerState] INFO  impl.FollowerState (FollowerState.java:run(143)) - c04a7c39-1cc1-427e-b561-bc84fdac11df@group-7CAFE9D6E6C5-FollowerState was interrupted: {}
java.lang.InterruptedException: sleep interrupted
	at java.lang.Thread.sleep(Native Method)
	at java.lang.Thread.sleep(Thread.java:340)
	at java.util.concurrent.TimeUnit.sleep(TimeUnit.java:386)
	at org.apache.ratis.util.TimeDuration.sleep(TimeDuration.java:324)
	at org.apache.ratis.util.TimeDuration.sleep(TimeDuration.java:309)
	at org.apache.ratis.server.impl.FollowerState.run(FollowerState.java:118)
2021-08-10 07:01:39,317 [grpc-default-executor-1] INFO  impl.RoleInfo (RoleInfo.java:shutdownFollowerState(108)) - 6b4f1d7a-7f8b-4ea3-931e-9057f129a70f: shutdown 6b4f1d7a-7f8b-4ea3-931e-9057f129a70f@group-7CAFE9D6E6C5-FollowerState
2021-08-10 07:01:39,333 [grpc-default-executor-1] INFO  impl.RoleInfo (RoleInfo.java:updateAndGet(130)) - 6b4f1d7a-7f8b-4ea3-931e-9057f129a70f: start 6b4f1d7a-7f8b-4ea3-931e-9057f129a70f@group-7CAFE9D6E6C5-FollowerState
2021-08-10 07:01:39,333 [6b4f1d7a-7f8b-4ea3-931e-9057f129a70f@group-7CAFE9D6E6C5-FollowerState] INFO  impl.FollowerState (FollowerState.java:run(143)) - 6b4f1d7a-7f8b-4ea3-931e-9057f129a70f@group-7CAFE9D6E6C5-FollowerState was interrupted: {}
java.lang.InterruptedException: sleep interrupted
	at java.lang.Thread.sleep(Native Method)
	at java.lang.Thread.sleep(Thread.java:340)
	at java.util.concurrent.TimeUnit.sleep(TimeUnit.java:386)
	at org.apache.ratis.util.TimeDuration.sleep(TimeDuration.java:324)
	at org.apache.ratis.util.TimeDuration.sleep(TimeDuration.java:309)
	at org.apache.ratis.server.impl.FollowerState.run(FollowerState.java:118)
2021-08-10 07:01:39,334 [grpc-default-executor-1] INFO  server.RaftServer$Division (RaftServerImpl.java:requestVote(1075)) - 6b4f1d7a-7f8b-4ea3-931e-9057f129a70f@group-7CAFE9D6E6C5 replies to ELECTION vote request: eff28ee8-57ea-45f2-9598-664172de0afc<-6b4f1d7a-7f8b-4ea3-931e-9057f129a70f#0:FAIL-t3. Peer's state: 6b4f1d7a-7f8b-4ea3-931e-9057f129a70f@group-7CAFE9D6E6C5:t3, leader=null, voted=null, raftlog=6b4f1d7a-7f8b-4ea3-931e-9057f129a70f@group-7CAFE9D6E6C5-SegmentedRaftLog:OPENED:c-1,f-1,i0, conf=-1: [6b4f1d7a-7f8b-4ea3-931e-9057f129a70f|rpc:10.1.0.83:39569|dataStream:|priority:1, eff28ee8-57ea-45f2-9598-664172de0afc|rpc:10.1.0.83:37107|dataStream:|priority:0, c04a7c39-1cc1-427e-b561-bc84fdac11df|rpc:10.1.0.83:40237|dataStream:|priority:0], old=null
2021-08-10 07:01:39,336 [eff28ee8-57ea-45f2-9598-664172de0afc@group-7CAFE9D6E6C5-LeaderElection38] INFO  impl.LeaderElection (LeaderElection.java:logAndReturn(89)) - eff28ee8-57ea-45f2-9598-664172de0afc@group-7CAFE9D6E6C5-LeaderElection38: ELECTION REJECTED received 1 response(s) and 0 exception(s):
2021-08-10 07:01:39,337 [eff28ee8-57ea-45f2-9598-664172de0afc@group-7CAFE9D6E6C5-LeaderElection38] INFO  impl.LeaderElection (LeaderElection.java:logAndReturn(93)) -   Response 0: eff28ee8-57ea-45f2-9598-664172de0afc<-6b4f1d7a-7f8b-4ea3-931e-9057f129a70f#0:FAIL-t3
2021-08-10 07:01:39,337 [eff28ee8-57ea-45f2-9598-664172de0afc@group-7CAFE9D6E6C5-LeaderElection38] INFO  impl.LeaderElection (LeaderElection.java:askForVotes(308)) - eff28ee8-57ea-45f2-9598-664172de0afc@group-7CAFE9D6E6C5-LeaderElection38 ELECTION round 0: result REJECTED
2021-08-10 07:01:39,337 [eff28ee8-57ea-45f2-9598-664172de0afc@group-7CAFE9D6E6C5-LeaderElection38] INFO  server.RaftServer$Division (RaftServerImpl.java:setRole(285)) - eff28ee8-57ea-45f2-9598-664172de0afc@group-7CAFE9D6E6C5: changes role from CANDIDATE to FOLLOWER at term 3 for REJECTED
2021-08-10 07:01:39,337 [eff28ee8-57ea-45f2-9598-664172de0afc@group-7CAFE9D6E6C5-LeaderElection38] INFO  impl.RoleInfo (RoleInfo.java:shutdownLeaderElection(121)) - eff28ee8-57ea-45f2-9598-664172de0afc: shutdown eff28ee8-57ea-45f2-9598-664172de0afc@group-7CAFE9D6E6C5-LeaderElection38
2021-08-10 07:01:39,337 [eff28ee8-57ea-45f2-9598-664172de0afc@group-7CAFE9D6E6C5-LeaderElection38] INFO  impl.RoleInfo (RoleInfo.java:updateAndGet(130)) - eff28ee8-57ea-45f2-9598-664172de0afc: start eff28ee8-57ea-45f2-9598-664172de0afc@group-7CAFE9D6E6C5-FollowerState
2021-08-10 07:01:39,352 [grpc-default-executor-0] INFO  server.RaftServer$Division (RaftServerImpl.java:requestVote(1075)) - c04a7c39-1cc1-427e-b561-bc84fdac11df@group-7CAFE9D6E6C5 replies to ELECTION vote request: eff28ee8-57ea-45f2-9598-664172de0afc<-c04a7c39-1cc1-427e-b561-bc84fdac11df#0:OK-t3. Peer's state: c04a7c39-1cc1-427e-b561-bc84fdac11df@group-7CAFE9D6E6C5:t3, leader=null, voted=eff28ee8-57ea-45f2-9598-664172de0afc, raftlog=c04a7c39-1cc1-427e-b561-bc84fdac11df@group-7CAFE9D6E6C5-SegmentedRaftLog:OPENED:c-1,f-1,i0, conf=-1: [6b4f1d7a-7f8b-4ea3-931e-9057f129a70f|rpc:10.1.0.83:39569|priority:1, eff28ee8-57ea-45f2-9598-664172de0afc|rpc:10.1.0.83:37107|priority:0, c04a7c39-1cc1-427e-b561-bc84fdac11df|rpc:10.1.0.83:40237|priority:0], old=null
2021-08-10 07:01:39,501 [Listener at 127.0.0.1/43351] INFO  ozone.MiniOzoneClusterImpl (MiniOzoneClusterImpl.java:lambda$waitForClusterToBeReady$0(235)) - Nodes are ready. Got 3 of 3 DN Heartbeats.
2021-08-10 07:01:39,501 [Listener at 127.0.0.1/43351] INFO  ozone.MiniOzoneClusterImpl (MiniOzoneClusterImpl.java:lambda$waitForClusterToBeReady$0(238)) - Waiting for cluster to exit safe mode
2021-08-10 07:01:39,501 [Listener at 127.0.0.1/43351] INFO  ozone.MiniOzoneClusterImpl (MiniOzoneClusterImpl.java:lambda$waitForClusterToBeReady$0(240)) - SCM became leader
2021-08-10 07:01:39,556 [6b4f1d7a-7f8b-4ea3-931e-9057f129a70f@group-920335F0079F-FollowerState] INFO  impl.FollowerState (FollowerState.java:run(134)) - 6b4f1d7a-7f8b-4ea3-931e-9057f129a70f@group-920335F0079F-FollowerState: change to CANDIDATE, lastRpcElapsedTime:5087577735ns, electionTimeout:5061ms
2021-08-10 07:01:39,561 [6b4f1d7a-7f8b-4ea3-931e-9057f129a70f@group-920335F0079F-FollowerState] INFO  impl.RoleInfo (RoleInfo.java:shutdownFollowerState(108)) - 6b4f1d7a-7f8b-4ea3-931e-9057f129a70f: shutdown 6b4f1d7a-7f8b-4ea3-931e-9057f129a70f@group-920335F0079F-FollowerState
2021-08-10 07:01:39,561 [6b4f1d7a-7f8b-4ea3-931e-9057f129a70f@group-920335F0079F-FollowerState] INFO  server.RaftServer$Division (RaftServerImpl.java:setRole(285)) - 6b4f1d7a-7f8b-4ea3-931e-9057f129a70f@group-920335F0079F: changes role from  FOLLOWER to CANDIDATE at term 2 for changeToCandidate
2021-08-10 07:01:39,561 [6b4f1d7a-7f8b-4ea3-931e-9057f129a70f@group-920335F0079F-FollowerState] INFO  server.RaftServerConfigKeys (ConfUtils.java:logGet(44)) - raft.server.leaderelection.pre-vote = false (custom)
2021-08-10 07:01:39,562 [6b4f1d7a-7f8b-4ea3-931e-9057f129a70f@group-920335F0079F-FollowerState] INFO  impl.RoleInfo (RoleInfo.java:updateAndGet(130)) - 6b4f1d7a-7f8b-4ea3-931e-9057f129a70f: start 6b4f1d7a-7f8b-4ea3-931e-9057f129a70f@group-920335F0079F-LeaderElection39
2021-08-10 07:01:39,574 [6b4f1d7a-7f8b-4ea3-931e-9057f129a70f@group-920335F0079F-LeaderElection39] INFO  impl.LeaderElection (LeaderElection.java:askForVotes(306)) - 6b4f1d7a-7f8b-4ea3-931e-9057f129a70f@group-920335F0079F-LeaderElection39 ELECTION round 0: submit vote requests at term 3 for -1: [6b4f1d7a-7f8b-4ea3-931e-9057f129a70f|rpc:10.1.0.83:39569|dataStream:|priority:0, eff28ee8-57ea-45f2-9598-664172de0afc|rpc:10.1.0.83:37107|dataStream:|priority:1, c04a7c39-1cc1-427e-b561-bc84fdac11df|rpc:10.1.0.83:40237|dataStream:|priority:0], old=null
2021-08-10 07:01:39,586 [grpc-default-executor-0] INFO  server.RaftServer$Division (RaftServerImpl.java:requestVote(1043)) - eff28ee8-57ea-45f2-9598-664172de0afc@group-920335F0079F: receive requestVote(ELECTION, 6b4f1d7a-7f8b-4ea3-931e-9057f129a70f, group-920335F0079F, 3, (t:0, i:0))
2021-08-10 07:01:39,586 [grpc-default-executor-0] INFO  impl.VoteContext (VoteContext.java:log(48)) - eff28ee8-57ea-45f2-9598-664172de0afc@group-920335F0079F-FOLLOWER: reject ELECTION from 6b4f1d7a-7f8b-4ea3-931e-9057f129a70f: our priority 1 > candidate's priority 0
2021-08-10 07:01:39,586 [grpc-default-executor-0] INFO  server.RaftServer$Division (RaftServerImpl.java:setRole(285)) - eff28ee8-57ea-45f2-9598-664172de0afc@group-920335F0079F: changes role from  FOLLOWER to FOLLOWER at term 3 for candidate:6b4f1d7a-7f8b-4ea3-931e-9057f129a70f
2021-08-10 07:01:39,586 [grpc-default-executor-0] INFO  impl.RoleInfo (RoleInfo.java:shutdownFollowerState(108)) - eff28ee8-57ea-45f2-9598-664172de0afc: shutdown eff28ee8-57ea-45f2-9598-664172de0afc@group-920335F0079F-FollowerState
2021-08-10 07:01:39,586 [grpc-default-executor-0] INFO  impl.RoleInfo (RoleInfo.java:updateAndGet(130)) - eff28ee8-57ea-45f2-9598-664172de0afc: start eff28ee8-57ea-45f2-9598-664172de0afc@group-920335F0079F-FollowerState
2021-08-10 07:01:39,586 [eff28ee8-57ea-45f2-9598-664172de0afc@group-920335F0079F-FollowerState] INFO  impl.FollowerState (FollowerState.java:run(143)) - eff28ee8-57ea-45f2-9598-664172de0afc@group-920335F0079F-FollowerState was interrupted: {}
java.lang.InterruptedException: sleep interrupted
	at java.lang.Thread.sleep(Native Method)
	at java.lang.Thread.sleep(Thread.java:340)
	at java.util.concurrent.TimeUnit.sleep(TimeUnit.java:386)
	at org.apache.ratis.util.TimeDuration.sleep(TimeDuration.java:324)
	at org.apache.ratis.util.TimeDuration.sleep(TimeDuration.java:309)
	at org.apache.ratis.server.impl.FollowerState.run(FollowerState.java:118)
2021-08-10 07:01:39,588 [grpc-default-executor-0] INFO  server.RaftServer$Division (RaftServerImpl.java:requestVote(1075)) - eff28ee8-57ea-45f2-9598-664172de0afc@group-920335F0079F replies to ELECTION vote request: 6b4f1d7a-7f8b-4ea3-931e-9057f129a70f<-eff28ee8-57ea-45f2-9598-664172de0afc#0:FAIL-t3. Peer's state: eff28ee8-57ea-45f2-9598-664172de0afc@group-920335F0079F:t3, leader=null, voted=null, raftlog=eff28ee8-57ea-45f2-9598-664172de0afc@group-920335F0079F-SegmentedRaftLog:OPENED:c-1,f-1,i0, conf=-1: [6b4f1d7a-7f8b-4ea3-931e-9057f129a70f|rpc:10.1.0.83:39569|dataStream:|priority:0, eff28ee8-57ea-45f2-9598-664172de0afc|rpc:10.1.0.83:37107|dataStream:|priority:1, c04a7c39-1cc1-427e-b561-bc84fdac11df|rpc:10.1.0.83:40237|dataStream:|priority:0], old=null
2021-08-10 07:01:39,612 [6b4f1d7a-7f8b-4ea3-931e-9057f129a70f@group-920335F0079F-LeaderElection39] INFO  impl.LeaderElection (LeaderElection.java:logAndReturn(89)) - 6b4f1d7a-7f8b-4ea3-931e-9057f129a70f@group-920335F0079F-LeaderElection39: ELECTION REJECTED received 1 response(s) and 0 exception(s):
2021-08-10 07:01:39,612 [6b4f1d7a-7f8b-4ea3-931e-9057f129a70f@group-920335F0079F-LeaderElection39] INFO  impl.LeaderElection (LeaderElection.java:logAndReturn(93)) -   Response 0: 6b4f1d7a-7f8b-4ea3-931e-9057f129a70f<-eff28ee8-57ea-45f2-9598-664172de0afc#0:FAIL-t3
2021-08-10 07:01:39,612 [6b4f1d7a-7f8b-4ea3-931e-9057f129a70f@group-920335F0079F-LeaderElection39] INFO  impl.LeaderElection (LeaderElection.java:askForVotes(308)) - 6b4f1d7a-7f8b-4ea3-931e-9057f129a70f@group-920335F0079F-LeaderElection39 ELECTION round 0: result REJECTED
2021-08-10 07:01:39,612 [6b4f1d7a-7f8b-4ea3-931e-9057f129a70f@group-920335F0079F-LeaderElection39] INFO  server.RaftServer$Division (RaftServerImpl.java:setRole(285)) - 6b4f1d7a-7f8b-4ea3-931e-9057f129a70f@group-920335F0079F: changes role from CANDIDATE to FOLLOWER at term 3 for REJECTED
2021-08-10 07:01:39,612 [6b4f1d7a-7f8b-4ea3-931e-9057f129a70f@group-920335F0079F-LeaderElection39] INFO  impl.RoleInfo (RoleInfo.java:shutdownLeaderElection(121)) - 6b4f1d7a-7f8b-4ea3-931e-9057f129a70f: shutdown 6b4f1d7a-7f8b-4ea3-931e-9057f129a70f@group-920335F0079F-LeaderElection39
2021-08-10 07:01:39,613 [6b4f1d7a-7f8b-4ea3-931e-9057f129a70f@group-920335F0079F-LeaderElection39] INFO  impl.RoleInfo (RoleInfo.java:updateAndGet(130)) - 6b4f1d7a-7f8b-4ea3-931e-9057f129a70f: start 6b4f1d7a-7f8b-4ea3-931e-9057f129a70f@group-920335F0079F-FollowerState
2021-08-10 07:01:39,655 [grpc-default-executor-0] INFO  server.RaftServer$Division (RaftServerImpl.java:requestVote(1043)) - c04a7c39-1cc1-427e-b561-bc84fdac11df@group-920335F0079F: receive requestVote(ELECTION, 6b4f1d7a-7f8b-4ea3-931e-9057f129a70f, group-920335F0079F, 3, (t:0, i:0))
2021-08-10 07:01:39,655 [grpc-default-executor-0] INFO  impl.VoteContext (VoteContext.java:log(48)) - c04a7c39-1cc1-427e-b561-bc84fdac11df@group-920335F0079F-FOLLOWER: accept ELECTION from 6b4f1d7a-7f8b-4ea3-931e-9057f129a70f: our priority 0 <= candidate's priority 0
2021-08-10 07:01:39,655 [grpc-default-executor-0] INFO  server.RaftServer$Division (RaftServerImpl.java:setRole(285)) - c04a7c39-1cc1-427e-b561-bc84fdac11df@group-920335F0079F: changes role from  FOLLOWER to FOLLOWER at term 3 for candidate:6b4f1d7a-7f8b-4ea3-931e-9057f129a70f
2021-08-10 07:01:39,655 [grpc-default-executor-0] INFO  impl.RoleInfo (RoleInfo.java:shutdownFollowerState(108)) - c04a7c39-1cc1-427e-b561-bc84fdac11df: shutdown c04a7c39-1cc1-427e-b561-bc84fdac11df@group-920335F0079F-FollowerState
2021-08-10 07:01:39,655 [grpc-default-executor-0] INFO  impl.RoleInfo (RoleInfo.java:updateAndGet(130)) - c04a7c39-1cc1-427e-b561-bc84fdac11df: start c04a7c39-1cc1-427e-b561-bc84fdac11df@group-920335F0079F-FollowerState
2021-08-10 07:01:39,655 [c04a7c39-1cc1-427e-b561-bc84fdac11df@group-920335F0079F-FollowerState] INFO  impl.FollowerState (FollowerState.java:run(143)) - c04a7c39-1cc1-427e-b561-bc84fdac11df@group-920335F0079F-FollowerState was interrupted: {}
java.lang.InterruptedException: sleep interrupted
	at java.lang.Thread.sleep(Native Method)
	at java.lang.Thread.sleep(Thread.java:340)
	at java.util.concurrent.TimeUnit.sleep(TimeUnit.java:386)
	at org.apache.ratis.util.TimeDuration.sleep(TimeDuration.java:324)
	at org.apache.ratis.util.TimeDuration.sleep(TimeDuration.java:309)
	at org.apache.ratis.server.impl.FollowerState.run(FollowerState.java:118)
2021-08-10 07:01:39,657 [grpc-default-executor-0] INFO  server.RaftServer$Division (RaftServerImpl.java:requestVote(1075)) - c04a7c39-1cc1-427e-b561-bc84fdac11df@group-920335F0079F replies to ELECTION vote request: 6b4f1d7a-7f8b-4ea3-931e-9057f129a70f<-c04a7c39-1cc1-427e-b561-bc84fdac11df#0:OK-t3. Peer's state: c04a7c39-1cc1-427e-b561-bc84fdac11df@group-920335F0079F:t3, leader=null, voted=6b4f1d7a-7f8b-4ea3-931e-9057f129a70f, raftlog=c04a7c39-1cc1-427e-b561-bc84fdac11df@group-920335F0079F-SegmentedRaftLog:OPENED:c-1,f-1,i0, conf=-1: [6b4f1d7a-7f8b-4ea3-931e-9057f129a70f|rpc:10.1.0.83:39569|priority:0, eff28ee8-57ea-45f2-9598-664172de0afc|rpc:10.1.0.83:37107|priority:1, c04a7c39-1cc1-427e-b561-bc84fdac11df|rpc:10.1.0.83:40237|priority:0], old=null
2021-08-10 07:01:40,502 [Listener at 127.0.0.1/43351] INFO  ozone.MiniOzoneClusterImpl (MiniOzoneClusterImpl.java:lambda$waitForClusterToBeReady$0(235)) - Nodes are ready. Got 3 of 3 DN Heartbeats.
2021-08-10 07:01:40,502 [Listener at 127.0.0.1/43351] INFO  ozone.MiniOzoneClusterImpl (MiniOzoneClusterImpl.java:lambda$waitForClusterToBeReady$0(238)) - Waiting for cluster to exit safe mode
2021-08-10 07:01:40,502 [Listener at 127.0.0.1/43351] INFO  ozone.MiniOzoneClusterImpl (MiniOzoneClusterImpl.java:lambda$waitForClusterToBeReady$0(240)) - SCM became leader
2021-08-10 07:01:41,502 [Listener at 127.0.0.1/43351] INFO  ozone.MiniOzoneClusterImpl (MiniOzoneClusterImpl.java:lambda$waitForClusterToBeReady$0(235)) - Nodes are ready. Got 3 of 3 DN Heartbeats.
2021-08-10 07:01:41,502 [Listener at 127.0.0.1/43351] INFO  ozone.MiniOzoneClusterImpl (MiniOzoneClusterImpl.java:lambda$waitForClusterToBeReady$0(238)) - Waiting for cluster to exit safe mode
2021-08-10 07:01:41,502 [Listener at 127.0.0.1/43351] INFO  ozone.MiniOzoneClusterImpl (MiniOzoneClusterImpl.java:lambda$waitForClusterToBeReady$0(240)) - SCM became leader
2021-08-10 07:01:42,502 [Listener at 127.0.0.1/43351] INFO  ozone.MiniOzoneClusterImpl (MiniOzoneClusterImpl.java:lambda$waitForClusterToBeReady$0(235)) - Nodes are ready. Got 3 of 3 DN Heartbeats.
2021-08-10 07:01:42,502 [Listener at 127.0.0.1/43351] INFO  ozone.MiniOzoneClusterImpl (MiniOzoneClusterImpl.java:lambda$waitForClusterToBeReady$0(238)) - Waiting for cluster to exit safe mode
2021-08-10 07:01:42,502 [Listener at 127.0.0.1/43351] INFO  ozone.MiniOzoneClusterImpl (MiniOzoneClusterImpl.java:lambda$waitForClusterToBeReady$0(240)) - SCM became leader
2021-08-10 07:01:43,503 [Listener at 127.0.0.1/43351] INFO  ozone.MiniOzoneClusterImpl (MiniOzoneClusterImpl.java:lambda$waitForClusterToBeReady$0(235)) - Nodes are ready. Got 3 of 3 DN Heartbeats.
2021-08-10 07:01:43,503 [Listener at 127.0.0.1/43351] INFO  ozone.MiniOzoneClusterImpl (MiniOzoneClusterImpl.java:lambda$waitForClusterToBeReady$0(238)) - Waiting for cluster to exit safe mode
2021-08-10 07:01:43,503 [Listener at 127.0.0.1/43351] INFO  ozone.MiniOzoneClusterImpl (MiniOzoneClusterImpl.java:lambda$waitForClusterToBeReady$0(240)) - SCM became leader
2021-08-10 07:01:44,419 [eff28ee8-57ea-45f2-9598-664172de0afc@group-7CAFE9D6E6C5-FollowerState] INFO  impl.FollowerState (FollowerState.java:run(134)) - eff28ee8-57ea-45f2-9598-664172de0afc@group-7CAFE9D6E6C5-FollowerState: change to CANDIDATE, lastRpcElapsedTime:5082524220ns, electionTimeout:5059ms
2021-08-10 07:01:44,419 [eff28ee8-57ea-45f2-9598-664172de0afc@group-7CAFE9D6E6C5-FollowerState] INFO  impl.RoleInfo (RoleInfo.java:shutdownFollowerState(108)) - eff28ee8-57ea-45f2-9598-664172de0afc: shutdown eff28ee8-57ea-45f2-9598-664172de0afc@group-7CAFE9D6E6C5-FollowerState
2021-08-10 07:01:44,420 [eff28ee8-57ea-45f2-9598-664172de0afc@group-7CAFE9D6E6C5-FollowerState] INFO  server.RaftServer$Division (RaftServerImpl.java:setRole(285)) - eff28ee8-57ea-45f2-9598-664172de0afc@group-7CAFE9D6E6C5: changes role from  FOLLOWER to CANDIDATE at term 3 for changeToCandidate
2021-08-10 07:01:44,420 [eff28ee8-57ea-45f2-9598-664172de0afc@group-7CAFE9D6E6C5-FollowerState] INFO  server.RaftServerConfigKeys (ConfUtils.java:logGet(44)) - raft.server.leaderelection.pre-vote = false (custom)
2021-08-10 07:01:44,420 [eff28ee8-57ea-45f2-9598-664172de0afc@group-7CAFE9D6E6C5-FollowerState] INFO  impl.RoleInfo (RoleInfo.java:updateAndGet(130)) - eff28ee8-57ea-45f2-9598-664172de0afc: start eff28ee8-57ea-45f2-9598-664172de0afc@group-7CAFE9D6E6C5-LeaderElection40
2021-08-10 07:01:44,429 [6b4f1d7a-7f8b-4ea3-931e-9057f129a70f@group-7CAFE9D6E6C5-FollowerState] INFO  impl.FollowerState (FollowerState.java:run(134)) - 6b4f1d7a-7f8b-4ea3-931e-9057f129a70f@group-7CAFE9D6E6C5-FollowerState: change to CANDIDATE, lastRpcElapsedTime:5095926859ns, electionTimeout:5037ms
2021-08-10 07:01:44,429 [6b4f1d7a-7f8b-4ea3-931e-9057f129a70f@group-7CAFE9D6E6C5-FollowerState] INFO  impl.RoleInfo (RoleInfo.java:shutdownFollowerState(108)) - 6b4f1d7a-7f8b-4ea3-931e-9057f129a70f: shutdown 6b4f1d7a-7f8b-4ea3-931e-9057f129a70f@group-7CAFE9D6E6C5-FollowerState
2021-08-10 07:01:44,429 [6b4f1d7a-7f8b-4ea3-931e-9057f129a70f@group-7CAFE9D6E6C5-FollowerState] INFO  server.RaftServer$Division (RaftServerImpl.java:setRole(285)) - 6b4f1d7a-7f8b-4ea3-931e-9057f129a70f@group-7CAFE9D6E6C5: changes role from  FOLLOWER to CANDIDATE at term 3 for changeToCandidate
2021-08-10 07:01:44,429 [6b4f1d7a-7f8b-4ea3-931e-9057f129a70f@group-7CAFE9D6E6C5-FollowerState] INFO  server.RaftServerConfigKeys (ConfUtils.java:logGet(44)) - raft.server.leaderelection.pre-vote = false (custom)
2021-08-10 07:01:44,429 [6b4f1d7a-7f8b-4ea3-931e-9057f129a70f@group-7CAFE9D6E6C5-FollowerState] INFO  impl.RoleInfo (RoleInfo.java:updateAndGet(130)) - 6b4f1d7a-7f8b-4ea3-931e-9057f129a70f: start 6b4f1d7a-7f8b-4ea3-931e-9057f129a70f@group-7CAFE9D6E6C5-LeaderElection41
2021-08-10 07:01:44,460 [eff28ee8-57ea-45f2-9598-664172de0afc@group-7CAFE9D6E6C5-LeaderElection40] INFO  impl.LeaderElection (LeaderElection.java:askForVotes(306)) - eff28ee8-57ea-45f2-9598-664172de0afc@group-7CAFE9D6E6C5-LeaderElection40 ELECTION round 0: submit vote requests at term 4 for -1: [6b4f1d7a-7f8b-4ea3-931e-9057f129a70f|rpc:10.1.0.83:39569|dataStream:|priority:1, eff28ee8-57ea-45f2-9598-664172de0afc|rpc:10.1.0.83:37107|dataStream:|priority:0, c04a7c39-1cc1-427e-b561-bc84fdac11df|rpc:10.1.0.83:40237|dataStream:|priority:0], old=null
2021-08-10 07:01:44,462 [6b4f1d7a-7f8b-4ea3-931e-9057f129a70f@group-7CAFE9D6E6C5-LeaderElection41] INFO  impl.LeaderElection (LeaderElection.java:askForVotes(306)) - 6b4f1d7a-7f8b-4ea3-931e-9057f129a70f@group-7CAFE9D6E6C5-LeaderElection41 ELECTION round 0: submit vote requests at term 4 for -1: [6b4f1d7a-7f8b-4ea3-931e-9057f129a70f|rpc:10.1.0.83:39569|dataStream:|priority:1, eff28ee8-57ea-45f2-9598-664172de0afc|rpc:10.1.0.83:37107|dataStream:|priority:0, c04a7c39-1cc1-427e-b561-bc84fdac11df|rpc:10.1.0.83:40237|dataStream:|priority:0], old=null
2021-08-10 07:01:44,465 [grpc-default-executor-0] INFO  server.RaftServer$Division (RaftServerImpl.java:requestVote(1043)) - 6b4f1d7a-7f8b-4ea3-931e-9057f129a70f@group-7CAFE9D6E6C5: receive requestVote(ELECTION, eff28ee8-57ea-45f2-9598-664172de0afc, group-7CAFE9D6E6C5, 4, (t:0, i:0))
2021-08-10 07:01:44,465 [grpc-default-executor-0] INFO  impl.VoteContext (VoteContext.java:log(48)) - 6b4f1d7a-7f8b-4ea3-931e-9057f129a70f@group-7CAFE9D6E6C5-CANDIDATE: reject ELECTION from eff28ee8-57ea-45f2-9598-664172de0afc: already has voted for 6b4f1d7a-7f8b-4ea3-931e-9057f129a70f at current term 4
2021-08-10 07:01:44,465 [grpc-default-executor-0] INFO  server.RaftServer$Division (RaftServerImpl.java:requestVote(1075)) - 6b4f1d7a-7f8b-4ea3-931e-9057f129a70f@group-7CAFE9D6E6C5 replies to ELECTION vote request: eff28ee8-57ea-45f2-9598-664172de0afc<-6b4f1d7a-7f8b-4ea3-931e-9057f129a70f#0:FAIL-t4. Peer's state: 6b4f1d7a-7f8b-4ea3-931e-9057f129a70f@group-7CAFE9D6E6C5:t4, leader=null, voted=6b4f1d7a-7f8b-4ea3-931e-9057f129a70f, raftlog=6b4f1d7a-7f8b-4ea3-931e-9057f129a70f@group-7CAFE9D6E6C5-SegmentedRaftLog:OPENED:c-1,f-1,i0, conf=-1: [6b4f1d7a-7f8b-4ea3-931e-9057f129a70f|rpc:10.1.0.83:39569|dataStream:|priority:1, eff28ee8-57ea-45f2-9598-664172de0afc|rpc:10.1.0.83:37107|dataStream:|priority:0, c04a7c39-1cc1-427e-b561-bc84fdac11df|rpc:10.1.0.83:40237|dataStream:|priority:0], old=null
2021-08-10 07:01:44,485 [c04a7c39-1cc1-427e-b561-bc84fdac11df@group-7CAFE9D6E6C5-FollowerState] INFO  impl.FollowerState (FollowerState.java:run(134)) - c04a7c39-1cc1-427e-b561-bc84fdac11df@group-7CAFE9D6E6C5-FollowerState: change to CANDIDATE, lastRpcElapsedTime:5133105268ns, electionTimeout:5133ms
2021-08-10 07:01:44,485 [c04a7c39-1cc1-427e-b561-bc84fdac11df@group-7CAFE9D6E6C5-FollowerState] INFO  impl.RoleInfo (RoleInfo.java:shutdownFollowerState(108)) - c04a7c39-1cc1-427e-b561-bc84fdac11df: shutdown c04a7c39-1cc1-427e-b561-bc84fdac11df@group-7CAFE9D6E6C5-FollowerState
2021-08-10 07:01:44,485 [c04a7c39-1cc1-427e-b561-bc84fdac11df@group-7CAFE9D6E6C5-FollowerState] INFO  server.RaftServer$Division (RaftServerImpl.java:setRole(285)) - c04a7c39-1cc1-427e-b561-bc84fdac11df@group-7CAFE9D6E6C5: changes role from  FOLLOWER to CANDIDATE at term 3 for changeToCandidate
2021-08-10 07:01:44,485 [c04a7c39-1cc1-427e-b561-bc84fdac11df@group-7CAFE9D6E6C5-FollowerState] INFO  server.RaftServerConfigKeys (ConfUtils.java:logGet(44)) - raft.server.leaderelection.pre-vote = false (custom)
2021-08-10 07:01:44,485 [c04a7c39-1cc1-427e-b561-bc84fdac11df@group-7CAFE9D6E6C5-FollowerState] INFO  impl.RoleInfo (RoleInfo.java:updateAndGet(130)) - c04a7c39-1cc1-427e-b561-bc84fdac11df: start c04a7c39-1cc1-427e-b561-bc84fdac11df@group-7CAFE9D6E6C5-LeaderElection42
2021-08-10 07:01:44,493 [grpc-default-executor-0] INFO  server.RaftServer$Division (RaftServerImpl.java:requestVote(1043)) - c04a7c39-1cc1-427e-b561-bc84fdac11df@group-7CAFE9D6E6C5: receive requestVote(ELECTION, 6b4f1d7a-7f8b-4ea3-931e-9057f129a70f, group-7CAFE9D6E6C5, 4, (t:0, i:0))
2021-08-10 07:01:44,493 [grpc-default-executor-0] INFO  impl.VoteContext (VoteContext.java:log(48)) - c04a7c39-1cc1-427e-b561-bc84fdac11df@group-7CAFE9D6E6C5-CANDIDATE: accept ELECTION from 6b4f1d7a-7f8b-4ea3-931e-9057f129a70f: our priority 0 <= candidate's priority 1
2021-08-10 07:01:44,493 [grpc-default-executor-0] INFO  server.RaftServer$Division (RaftServerImpl.java:setRole(285)) - c04a7c39-1cc1-427e-b561-bc84fdac11df@group-7CAFE9D6E6C5: changes role from CANDIDATE to FOLLOWER at term 4 for candidate:6b4f1d7a-7f8b-4ea3-931e-9057f129a70f
2021-08-10 07:01:44,493 [grpc-default-executor-0] INFO  impl.RoleInfo (RoleInfo.java:shutdownLeaderElection(121)) - c04a7c39-1cc1-427e-b561-bc84fdac11df: shutdown c04a7c39-1cc1-427e-b561-bc84fdac11df@group-7CAFE9D6E6C5-LeaderElection42
2021-08-10 07:01:44,493 [grpc-default-executor-0] INFO  impl.RoleInfo (RoleInfo.java:updateAndGet(130)) - c04a7c39-1cc1-427e-b561-bc84fdac11df: start c04a7c39-1cc1-427e-b561-bc84fdac11df@group-7CAFE9D6E6C5-FollowerState
2021-08-10 07:01:44,496 [eff28ee8-57ea-45f2-9598-664172de0afc@group-7CAFE9D6E6C5-LeaderElection40] INFO  impl.LeaderElection (LeaderElection.java:logAndReturn(89)) - eff28ee8-57ea-45f2-9598-664172de0afc@group-7CAFE9D6E6C5-LeaderElection40: ELECTION REJECTED received 1 response(s) and 0 exception(s):
2021-08-10 07:01:44,496 [eff28ee8-57ea-45f2-9598-664172de0afc@group-7CAFE9D6E6C5-LeaderElection40] INFO  impl.LeaderElection (LeaderElection.java:logAndReturn(93)) -   Response 0: eff28ee8-57ea-45f2-9598-664172de0afc<-6b4f1d7a-7f8b-4ea3-931e-9057f129a70f#0:FAIL-t4
2021-08-10 07:01:44,496 [eff28ee8-57ea-45f2-9598-664172de0afc@group-7CAFE9D6E6C5-LeaderElection40] INFO  impl.LeaderElection (LeaderElection.java:askForVotes(308)) - eff28ee8-57ea-45f2-9598-664172de0afc@group-7CAFE9D6E6C5-LeaderElection40 ELECTION round 0: result REJECTED
2021-08-10 07:01:44,496 [eff28ee8-57ea-45f2-9598-664172de0afc@group-7CAFE9D6E6C5-LeaderElection40] INFO  server.RaftServer$Division (RaftServerImpl.java:setRole(285)) - eff28ee8-57ea-45f2-9598-664172de0afc@group-7CAFE9D6E6C5: changes role from CANDIDATE to FOLLOWER at term 4 for REJECTED
2021-08-10 07:01:44,496 [eff28ee8-57ea-45f2-9598-664172de0afc@group-7CAFE9D6E6C5-LeaderElection40] INFO  impl.RoleInfo (RoleInfo.java:shutdownLeaderElection(121)) - eff28ee8-57ea-45f2-9598-664172de0afc: shutdown eff28ee8-57ea-45f2-9598-664172de0afc@group-7CAFE9D6E6C5-LeaderElection40
2021-08-10 07:01:44,496 [eff28ee8-57ea-45f2-9598-664172de0afc@group-7CAFE9D6E6C5-LeaderElection40] INFO  impl.RoleInfo (RoleInfo.java:updateAndGet(130)) - eff28ee8-57ea-45f2-9598-664172de0afc: start eff28ee8-57ea-45f2-9598-664172de0afc@group-7CAFE9D6E6C5-FollowerState
2021-08-10 07:01:44,502 [grpc-default-executor-0] INFO  server.RaftServer$Division (RaftServerImpl.java:requestVote(1075)) - c04a7c39-1cc1-427e-b561-bc84fdac11df@group-7CAFE9D6E6C5 replies to ELECTION vote request: 6b4f1d7a-7f8b-4ea3-931e-9057f129a70f<-c04a7c39-1cc1-427e-b561-bc84fdac11df#0:OK-t4. Peer's state: c04a7c39-1cc1-427e-b561-bc84fdac11df@group-7CAFE9D6E6C5:t4, leader=null, voted=6b4f1d7a-7f8b-4ea3-931e-9057f129a70f, raftlog=c04a7c39-1cc1-427e-b561-bc84fdac11df@group-7CAFE9D6E6C5-SegmentedRaftLog:OPENED:c-1,f-1,i0, conf=-1: [6b4f1d7a-7f8b-4ea3-931e-9057f129a70f|rpc:10.1.0.83:39569|priority:1, eff28ee8-57ea-45f2-9598-664172de0afc|rpc:10.1.0.83:37107|priority:0, c04a7c39-1cc1-427e-b561-bc84fdac11df|rpc:10.1.0.83:40237|priority:0], old=null
2021-08-10 07:01:44,503 [Listener at 127.0.0.1/43351] INFO  ozone.MiniOzoneClusterImpl (MiniOzoneClusterImpl.java:lambda$waitForClusterToBeReady$0(235)) - Nodes are ready. Got 3 of 3 DN Heartbeats.
2021-08-10 07:01:44,503 [Listener at 127.0.0.1/43351] INFO  ozone.MiniOzoneClusterImpl (MiniOzoneClusterImpl.java:lambda$waitForClusterToBeReady$0(238)) - Waiting for cluster to exit safe mode
2021-08-10 07:01:44,503 [Listener at 127.0.0.1/43351] INFO  ozone.MiniOzoneClusterImpl (MiniOzoneClusterImpl.java:lambda$waitForClusterToBeReady$0(240)) - SCM became leader
2021-08-10 07:01:44,517 [c04a7c39-1cc1-427e-b561-bc84fdac11df@group-7CAFE9D6E6C5-LeaderElection42] INFO  impl.LeaderElection (LeaderElection.java:run(230)) - c04a7c39-1cc1-427e-b561-bc84fdac11df@group-7CAFE9D6E6C5-LeaderElection42: skip running since this is already CLOSING
2021-08-10 07:01:44,520 [grpc-default-executor-1] INFO  server.RaftServer$Division (RaftServerImpl.java:requestVote(1043)) - c04a7c39-1cc1-427e-b561-bc84fdac11df@group-7CAFE9D6E6C5: receive requestVote(ELECTION, eff28ee8-57ea-45f2-9598-664172de0afc, group-7CAFE9D6E6C5, 4, (t:0, i:0))
2021-08-10 07:01:44,520 [grpc-default-executor-1] INFO  impl.VoteContext (VoteContext.java:log(48)) - c04a7c39-1cc1-427e-b561-bc84fdac11df@group-7CAFE9D6E6C5-FOLLOWER: reject ELECTION from eff28ee8-57ea-45f2-9598-664172de0afc: already has voted for 6b4f1d7a-7f8b-4ea3-931e-9057f129a70f at current term 4
2021-08-10 07:01:44,520 [grpc-default-executor-1] INFO  server.RaftServer$Division (RaftServerImpl.java:requestVote(1075)) - c04a7c39-1cc1-427e-b561-bc84fdac11df@group-7CAFE9D6E6C5 replies to ELECTION vote request: eff28ee8-57ea-45f2-9598-664172de0afc<-c04a7c39-1cc1-427e-b561-bc84fdac11df#0:FAIL-t4. Peer's state: c04a7c39-1cc1-427e-b561-bc84fdac11df@group-7CAFE9D6E6C5:t4, leader=null, voted=6b4f1d7a-7f8b-4ea3-931e-9057f129a70f, raftlog=c04a7c39-1cc1-427e-b561-bc84fdac11df@group-7CAFE9D6E6C5-SegmentedRaftLog:OPENED:c-1,f-1,i0, conf=-1: [6b4f1d7a-7f8b-4ea3-931e-9057f129a70f|rpc:10.1.0.83:39569|priority:1, eff28ee8-57ea-45f2-9598-664172de0afc|rpc:10.1.0.83:37107|priority:0, c04a7c39-1cc1-427e-b561-bc84fdac11df|rpc:10.1.0.83:40237|priority:0], old=null
2021-08-10 07:01:44,521 [grpc-default-executor-2] INFO  server.RaftServer$Division (RaftServerImpl.java:requestVote(1043)) - eff28ee8-57ea-45f2-9598-664172de0afc@group-7CAFE9D6E6C5: receive requestVote(ELECTION, 6b4f1d7a-7f8b-4ea3-931e-9057f129a70f, group-7CAFE9D6E6C5, 4, (t:0, i:0))
2021-08-10 07:01:44,521 [grpc-default-executor-2] INFO  impl.VoteContext (VoteContext.java:log(48)) - eff28ee8-57ea-45f2-9598-664172de0afc@group-7CAFE9D6E6C5-FOLLOWER: reject ELECTION from 6b4f1d7a-7f8b-4ea3-931e-9057f129a70f: already has voted for eff28ee8-57ea-45f2-9598-664172de0afc at current term 4
2021-08-10 07:01:44,521 [grpc-default-executor-2] INFO  server.RaftServer$Division (RaftServerImpl.java:requestVote(1075)) - eff28ee8-57ea-45f2-9598-664172de0afc@group-7CAFE9D6E6C5 replies to ELECTION vote request: 6b4f1d7a-7f8b-4ea3-931e-9057f129a70f<-eff28ee8-57ea-45f2-9598-664172de0afc#0:FAIL-t4. Peer's state: eff28ee8-57ea-45f2-9598-664172de0afc@group-7CAFE9D6E6C5:t4, leader=null, voted=eff28ee8-57ea-45f2-9598-664172de0afc, raftlog=eff28ee8-57ea-45f2-9598-664172de0afc@group-7CAFE9D6E6C5-SegmentedRaftLog:OPENED:c-1,f-1,i0, conf=-1: [6b4f1d7a-7f8b-4ea3-931e-9057f129a70f|rpc:10.1.0.83:39569|dataStream:|priority:1, eff28ee8-57ea-45f2-9598-664172de0afc|rpc:10.1.0.83:37107|dataStream:|priority:0, c04a7c39-1cc1-427e-b561-bc84fdac11df|rpc:10.1.0.83:40237|dataStream:|priority:0], old=null
2021-08-10 07:01:44,536 [6b4f1d7a-7f8b-4ea3-931e-9057f129a70f@group-7CAFE9D6E6C5-LeaderElection41] INFO  impl.LeaderElection (LeaderElection.java:logAndReturn(89)) - 6b4f1d7a-7f8b-4ea3-931e-9057f129a70f@group-7CAFE9D6E6C5-LeaderElection41: ELECTION PASSED received 2 response(s) and 0 exception(s):
2021-08-10 07:01:44,536 [6b4f1d7a-7f8b-4ea3-931e-9057f129a70f@group-7CAFE9D6E6C5-LeaderElection41] INFO  impl.LeaderElection (LeaderElection.java:logAndReturn(93)) -   Response 0: 6b4f1d7a-7f8b-4ea3-931e-9057f129a70f<-eff28ee8-57ea-45f2-9598-664172de0afc#0:FAIL-t4
2021-08-10 07:01:44,536 [6b4f1d7a-7f8b-4ea3-931e-9057f129a70f@group-7CAFE9D6E6C5-LeaderElection41] INFO  impl.LeaderElection (LeaderElection.java:logAndReturn(93)) -   Response 1: 6b4f1d7a-7f8b-4ea3-931e-9057f129a70f<-c04a7c39-1cc1-427e-b561-bc84fdac11df#0:OK-t4
2021-08-10 07:01:44,536 [6b4f1d7a-7f8b-4ea3-931e-9057f129a70f@group-7CAFE9D6E6C5-LeaderElection41] INFO  impl.LeaderElection (LeaderElection.java:askForVotes(308)) - 6b4f1d7a-7f8b-4ea3-931e-9057f129a70f@group-7CAFE9D6E6C5-LeaderElection41 ELECTION round 0: result PASSED
2021-08-10 07:01:44,536 [6b4f1d7a-7f8b-4ea3-931e-9057f129a70f@group-7CAFE9D6E6C5-LeaderElection41] INFO  impl.RoleInfo (RoleInfo.java:shutdownLeaderElection(121)) - 6b4f1d7a-7f8b-4ea3-931e-9057f129a70f: shutdown 6b4f1d7a-7f8b-4ea3-931e-9057f129a70f@group-7CAFE9D6E6C5-LeaderElection41
2021-08-10 07:01:44,536 [6b4f1d7a-7f8b-4ea3-931e-9057f129a70f@group-7CAFE9D6E6C5-LeaderElection41] INFO  server.RaftServer$Division (RaftServerImpl.java:setRole(285)) - 6b4f1d7a-7f8b-4ea3-931e-9057f129a70f@group-7CAFE9D6E6C5: changes role from CANDIDATE to LEADER at term 4 for changeToLeader
2021-08-10 07:01:44,536 [6b4f1d7a-7f8b-4ea3-931e-9057f129a70f@group-7CAFE9D6E6C5-LeaderElection41] INFO  ratis.XceiverServerRatis (XceiverServerRatis.java:handleLeaderChangedNotification(857)) - Leader change notification received for group: group-7CAFE9D6E6C5 with new leaderId: 6b4f1d7a-7f8b-4ea3-931e-9057f129a70f
2021-08-10 07:01:44,536 [6b4f1d7a-7f8b-4ea3-931e-9057f129a70f@group-7CAFE9D6E6C5-LeaderElection41] INFO  server.RaftServer$Division (ServerState.java:setLeader(285)) - 6b4f1d7a-7f8b-4ea3-931e-9057f129a70f@group-7CAFE9D6E6C5: change Leader from null to 6b4f1d7a-7f8b-4ea3-931e-9057f129a70f at term 4 for becomeLeader, leader elected after 20629ms
2021-08-10 07:01:44,536 [6b4f1d7a-7f8b-4ea3-931e-9057f129a70f@group-7CAFE9D6E6C5-LeaderElection41] INFO  server.RaftServerConfigKeys (ConfUtils.java:logGet(44)) - raft.server.staging.catchup.gap = 1000 (default)
2021-08-10 07:01:44,536 [Datanode State Machine Thread - 0] WARN  statemachine.StateContext (StateContext.java:execute(621)) - No available thread in pool for past 1 seconds.
2021-08-10 07:01:44,537 [6b4f1d7a-7f8b-4ea3-931e-9057f129a70f@group-7CAFE9D6E6C5-LeaderElection41] INFO  server.RaftServerConfigKeys (ConfUtils.java:logGet(44)) - raft.server.write.element-limit = 1024 (custom)
2021-08-10 07:01:44,537 [6b4f1d7a-7f8b-4ea3-931e-9057f129a70f@group-7CAFE9D6E6C5-LeaderElection41] INFO  server.RaftServerConfigKeys (ConfUtils.java:logGet(44)) - raft.server.write.byte-limit = 1073741824 (custom)
2021-08-10 07:01:44,537 [6b4f1d7a-7f8b-4ea3-931e-9057f129a70f@group-7CAFE9D6E6C5-LeaderElection41] INFO  server.RaftServerConfigKeys (ConfUtils.java:logGet(44)) - raft.server.watch.timeout = 180s (custom)
2021-08-10 07:01:44,537 [6b4f1d7a-7f8b-4ea3-931e-9057f129a70f@group-7CAFE9D6E6C5-LeaderElection41] INFO  server.RaftServerConfigKeys (ConfUtils.java:logGet(44)) - raft.server.watch.timeout.denomination = 1s (default)
2021-08-10 07:01:44,537 [6b4f1d7a-7f8b-4ea3-931e-9057f129a70f@group-7CAFE9D6E6C5-LeaderElection41] INFO  server.RaftServerConfigKeys (ConfUtils.java:logGet(44)) - raft.server.watch.element-limit = 65536 (default)
2021-08-10 07:01:44,537 [6b4f1d7a-7f8b-4ea3-931e-9057f129a70f@group-7CAFE9D6E6C5-LeaderElection41] INFO  server.RaftServerConfigKeys (ConfUtils.java:logGet(44)) - raft.server.log.appender.snapshot.chunk.size.max = 16MB (=16777216) (default)
2021-08-10 07:01:44,537 [6b4f1d7a-7f8b-4ea3-931e-9057f129a70f@group-7CAFE9D6E6C5-LeaderElection41] INFO  server.RaftServerConfigKeys (ConfUtils.java:logGet(44)) - raft.server.log.appender.buffer.byte-limit = 33554432 (custom)
2021-08-10 07:01:44,537 [6b4f1d7a-7f8b-4ea3-931e-9057f129a70f@group-7CAFE9D6E6C5-LeaderElection41] INFO  server.RaftServerConfigKeys (ConfUtils.java:logGet(44)) - raft.server.log.appender.buffer.element-limit = 1 (custom)
2021-08-10 07:01:44,537 [6b4f1d7a-7f8b-4ea3-931e-9057f129a70f@group-7CAFE9D6E6C5-LeaderElection41] INFO  grpc.GrpcConfigKeys (ConfUtils.java:logGet(44)) - raft.grpc.server.leader.outstanding.appends.max = 128 (default)
2021-08-10 07:01:44,537 [6b4f1d7a-7f8b-4ea3-931e-9057f129a70f@group-7CAFE9D6E6C5-LeaderElection41] INFO  server.RaftServerConfigKeys (ConfUtils.java:logGet(44)) - raft.server.rpc.request.timeout = 60s (custom)
2021-08-10 07:01:44,537 [6b4f1d7a-7f8b-4ea3-931e-9057f129a70f@group-7CAFE9D6E6C5-LeaderElection41] INFO  server.RaftServerConfigKeys (ConfUtils.java:logGet(44)) - raft.server.log.appender.install.snapshot.enabled = false (custom)
2021-08-10 07:01:44,538 [6b4f1d7a-7f8b-4ea3-931e-9057f129a70f@group-7CAFE9D6E6C5-LeaderElection41] INFO  server.RaftServerConfigKeys (ConfUtils.java:logGet(44)) - raft.server.log.appender.snapshot.chunk.size.max = 16MB (=16777216) (default)
2021-08-10 07:01:44,538 [6b4f1d7a-7f8b-4ea3-931e-9057f129a70f@group-7CAFE9D6E6C5-LeaderElection41] INFO  server.RaftServerConfigKeys (ConfUtils.java:logGet(44)) - raft.server.log.appender.buffer.byte-limit = 33554432 (custom)
2021-08-10 07:01:44,538 [6b4f1d7a-7f8b-4ea3-931e-9057f129a70f@group-7CAFE9D6E6C5-LeaderElection41] INFO  server.RaftServerConfigKeys (ConfUtils.java:logGet(44)) - raft.server.log.appender.buffer.element-limit = 1 (custom)
2021-08-10 07:01:44,538 [6b4f1d7a-7f8b-4ea3-931e-9057f129a70f@group-7CAFE9D6E6C5-LeaderElection41] INFO  grpc.GrpcConfigKeys (ConfUtils.java:logGet(44)) - raft.grpc.server.leader.outstanding.appends.max = 128 (default)
2021-08-10 07:01:44,539 [6b4f1d7a-7f8b-4ea3-931e-9057f129a70f@group-7CAFE9D6E6C5-LeaderElection41] INFO  server.RaftServerConfigKeys (ConfUtils.java:logGet(44)) - raft.server.rpc.request.timeout = 60s (custom)
2021-08-10 07:01:44,539 [6b4f1d7a-7f8b-4ea3-931e-9057f129a70f@group-7CAFE9D6E6C5-LeaderElection41] INFO  server.RaftServerConfigKeys (ConfUtils.java:logGet(44)) - raft.server.log.appender.install.snapshot.enabled = false (custom)
2021-08-10 07:01:44,539 [6b4f1d7a-7f8b-4ea3-931e-9057f129a70f@group-7CAFE9D6E6C5-LeaderElection41] INFO  impl.RoleInfo (RoleInfo.java:updateAndGet(130)) - 6b4f1d7a-7f8b-4ea3-931e-9057f129a70f: start 6b4f1d7a-7f8b-4ea3-931e-9057f129a70f@group-7CAFE9D6E6C5-LeaderStateImpl
2021-08-10 07:01:44,540 [6b4f1d7a-7f8b-4ea3-931e-9057f129a70f@group-7CAFE9D6E6C5-LeaderElection41] INFO  segmented.SegmentedRaftLogWorker (SegmentedRaftLogWorker.java:startLogSegment(394)) - 6b4f1d7a-7f8b-4ea3-931e-9057f129a70f@group-7CAFE9D6E6C5-SegmentedRaftLogWorker: Starting segment from index:0
2021-08-10 07:01:44,541 [EventQueue-PipelineReportForPipelineReportHandler] INFO  pipeline.PipelineManagerV2Impl (PipelineManagerV2Impl.java:openPipeline(283)) - Pipeline Pipeline[ Id: c9eaf022-fdb1-4210-b0ec-7cafe9d6e6c5, Nodes: 6b4f1d7a-7f8b-4ea3-931e-9057f129a70f{ip: 10.1.0.83, host: fv-az148-688.bm4ck3pvxvsene1rjriu5fhcdb.bx.internal.cloudapp.net, ports: [REPLICATION=45551, RATIS=39569, RATIS_ADMIN=39569, RATIS_SERVER=39569, STANDALONE=44147], networkLocation: /default-rack, certSerialId: null, persistedOpState: IN_SERVICE, persistedOpStateExpiryEpochSec: 0}c04a7c39-1cc1-427e-b561-bc84fdac11df{ip: 10.1.0.83, host: fv-az148-688.bm4ck3pvxvsene1rjriu5fhcdb.bx.internal.cloudapp.net, ports: [REPLICATION=33797, RATIS=40237, RATIS_ADMIN=40237, RATIS_SERVER=40237, STANDALONE=33337], networkLocation: /default-rack, certSerialId: null, persistedOpState: IN_SERVICE, persistedOpStateExpiryEpochSec: 0}eff28ee8-57ea-45f2-9598-664172de0afc{ip: 10.1.0.83, host: fv-az148-688.bm4ck3pvxvsene1rjriu5fhcdb.bx.internal.cloudapp.net, ports: [REPLICATION=39227, RATIS=37107, RATIS_ADMIN=37107, RATIS_SERVER=37107, STANDALONE=40575], networkLocation: /default-rack, certSerialId: null, persistedOpState: IN_SERVICE, persistedOpStateExpiryEpochSec: 0}, ReplicationConfig: RATIS/THREE, State:ALLOCATED, leaderId:6b4f1d7a-7f8b-4ea3-931e-9057f129a70f, CreationTimestamp2021-08-10T07:01:21.514Z[Etc/UTC]] moved to OPEN state
2021-08-10 07:01:44,542 [6b4f1d7a-7f8b-4ea3-931e-9057f129a70f@group-7CAFE9D6E6C5-SegmentedRaftLogWorker] INFO  segmented.SegmentedRaftLogWorker (SegmentedRaftLogWorker.java:execute(601)) - 6b4f1d7a-7f8b-4ea3-931e-9057f129a70f@group-7CAFE9D6E6C5-SegmentedRaftLogWorker: created new log segment /home/runner/work/ozone/ozone/hadoop-ozone/integration-test/target/test-dir/MiniOzoneClusterImpl-fdc8fd63-cfc3-45c6-b077-7c3a44cbc127/datanode-2/data/ratis/c9eaf022-fdb1-4210-b0ec-7cafe9d6e6c5/current/log_inprogress_0
2021-08-10 07:01:44,541 [EventQueue-OpenPipelineForHealthyPipelineSafeModeRule] INFO  safemode.SCMSafeModeManager (HealthyPipelineSafeModeRule.java:process(124)) - SCM in safe mode. Healthy pipelines reported count is 0, required healthy pipeline reported count is 1
2021-08-10 07:01:44,553 [EventQueue-OpenPipelineForHealthyPipelineSafeModeRule] INFO  safemode.SCMSafeModeManager (HealthyPipelineSafeModeRule.java:process(124)) - SCM in safe mode. Healthy pipelines reported count is 1, required healthy pipeline reported count is 1
2021-08-10 07:01:44,553 [EventQueue-OpenPipelineForHealthyPipelineSafeModeRule] INFO  safemode.SCMSafeModeManager (SCMSafeModeManager.java:validateSafeModeExitRules(204)) - HealthyPipelineSafeModeRule rule is successfully validated
2021-08-10 07:01:44,553 [EventQueue-OpenPipelineForHealthyPipelineSafeModeRule] INFO  safemode.SCMSafeModeManager (SCMSafeModeManager.java:validateSafeModeExitRules(219)) - ScmSafeModeManager, all rules are successfully validated
2021-08-10 07:01:44,553 [EventQueue-OpenPipelineForHealthyPipelineSafeModeRule] INFO  safemode.SCMSafeModeManager (SCMSafeModeManager.java:exitSafeMode(248)) - SCM exiting safe mode.
2021-08-10 07:01:44,553 [EventQueue-OpenPipelineForHealthyPipelineSafeModeRule] WARN  events.EventQueue (EventQueue.java:fireEvent(194)) - No event handler registered for event TypedEvent{payloadType=SafeModeStatus, name='Safe mode status'}
2021-08-10 07:01:44,553 [EventQueue-OpenPipelineForHealthyPipelineSafeModeRule] INFO  ha.SCMContext (SCMContext.java:updateSafeModeStatus(205)) - Update SafeModeStatus from SafeModeStatus{safeModeStatus=true, preCheckPassed=true} to SafeModeStatus{safeModeStatus=false, preCheckPassed=true}.
2021-08-10 07:01:44,553 [EventQueue-OpenPipelineForHealthyPipelineSafeModeRule] INFO  pipeline.BackgroundPipelineCreator (BackgroundPipelineCreatorV2.java:notifyStatusChanged(264)) - Service BackgroundPipelineCreator transitions to RUNNING.
2021-08-10 07:01:44,553 [EventQueue-OpenPipelineForHealthyPipelineSafeModeRule] INFO  container.ReplicationManager (ReplicationManager.java:notifyStatusChanged(1674)) - Service ReplicationManager transitions to RUNNING.
2021-08-10 07:01:44,593 [6b4f1d7a-7f8b-4ea3-931e-9057f129a70f@group-7CAFE9D6E6C5-LeaderElection41] INFO  server.RaftServer$Division (ServerState.java:setRaftConf(387)) - 6b4f1d7a-7f8b-4ea3-931e-9057f129a70f@group-7CAFE9D6E6C5: set configuration 0: [6b4f1d7a-7f8b-4ea3-931e-9057f129a70f|rpc:10.1.0.83:39569|dataStream:|priority:1, eff28ee8-57ea-45f2-9598-664172de0afc|rpc:10.1.0.83:37107|dataStream:|priority:0, c04a7c39-1cc1-427e-b561-bc84fdac11df|rpc:10.1.0.83:40237|dataStream:|priority:0], old=null
2021-08-10 07:01:44,623 [grpc-default-executor-1] INFO  ratis.XceiverServerRatis (XceiverServerRatis.java:handleLeaderChangedNotification(857)) - Leader change notification received for group: group-7CAFE9D6E6C5 with new leaderId: 6b4f1d7a-7f8b-4ea3-931e-9057f129a70f
2021-08-10 07:01:44,623 [grpc-default-executor-1] INFO  server.RaftServer$Division (ServerState.java:setLeader(285)) - eff28ee8-57ea-45f2-9598-664172de0afc@group-7CAFE9D6E6C5: change Leader from null to 6b4f1d7a-7f8b-4ea3-931e-9057f129a70f at term 4 for appendEntries, leader elected after 20609ms
2021-08-10 07:01:44,623 [grpc-default-executor-0] INFO  ratis.XceiverServerRatis (XceiverServerRatis.java:handleLeaderChangedNotification(857)) - Leader change notification received for group: group-7CAFE9D6E6C5 with new leaderId: 6b4f1d7a-7f8b-4ea3-931e-9057f129a70f
2021-08-10 07:01:44,623 [grpc-default-executor-0] INFO  server.RaftServer$Division (ServerState.java:setLeader(285)) - c04a7c39-1cc1-427e-b561-bc84fdac11df@group-7CAFE9D6E6C5: change Leader from null to 6b4f1d7a-7f8b-4ea3-931e-9057f129a70f at term 4 for appendEntries, leader elected after 20811ms
2021-08-10 07:01:44,649 [grpc-default-executor-0] INFO  server.RaftServer$Division (ServerState.java:setRaftConf(387)) - eff28ee8-57ea-45f2-9598-664172de0afc@group-7CAFE9D6E6C5: set configuration 0: [6b4f1d7a-7f8b-4ea3-931e-9057f129a70f|rpc:10.1.0.83:39569|dataStream:|priority:1, eff28ee8-57ea-45f2-9598-664172de0afc|rpc:10.1.0.83:37107|dataStream:|priority:0, c04a7c39-1cc1-427e-b561-bc84fdac11df|rpc:10.1.0.83:40237|dataStream:|priority:0], old=null
2021-08-10 07:01:44,649 [grpc-default-executor-0] INFO  segmented.SegmentedRaftLogWorker (SegmentedRaftLogWorker.java:startLogSegment(394)) - eff28ee8-57ea-45f2-9598-664172de0afc@group-7CAFE9D6E6C5-SegmentedRaftLogWorker: Starting segment from index:0
2021-08-10 07:01:44,650 [grpc-default-executor-1] INFO  server.RaftServer$Division (ServerState.java:setRaftConf(387)) - c04a7c39-1cc1-427e-b561-bc84fdac11df@group-7CAFE9D6E6C5: set configuration 0: [6b4f1d7a-7f8b-4ea3-931e-9057f129a70f|rpc:10.1.0.83:39569|dataStream:|priority:1, eff28ee8-57ea-45f2-9598-664172de0afc|rpc:10.1.0.83:37107|dataStream:|priority:0, c04a7c39-1cc1-427e-b561-bc84fdac11df|rpc:10.1.0.83:40237|dataStream:|priority:0], old=null
2021-08-10 07:01:44,650 [grpc-default-executor-1] INFO  segmented.SegmentedRaftLogWorker (SegmentedRaftLogWorker.java:startLogSegment(394)) - c04a7c39-1cc1-427e-b561-bc84fdac11df@group-7CAFE9D6E6C5-SegmentedRaftLogWorker: Starting segment from index:0
2021-08-10 07:01:44,651 [eff28ee8-57ea-45f2-9598-664172de0afc@group-7CAFE9D6E6C5-SegmentedRaftLogWorker] INFO  segmented.SegmentedRaftLogWorker (SegmentedRaftLogWorker.java:execute(601)) - eff28ee8-57ea-45f2-9598-664172de0afc@group-7CAFE9D6E6C5-SegmentedRaftLogWorker: created new log segment /home/runner/work/ozone/ozone/hadoop-ozone/integration-test/target/test-dir/MiniOzoneClusterImpl-fdc8fd63-cfc3-45c6-b077-7c3a44cbc127/datanode-1/data/ratis/c9eaf022-fdb1-4210-b0ec-7cafe9d6e6c5/current/log_inprogress_0
2021-08-10 07:01:44,653 [c04a7c39-1cc1-427e-b561-bc84fdac11df@group-7CAFE9D6E6C5-SegmentedRaftLogWorker] INFO  segmented.SegmentedRaftLogWorker (SegmentedRaftLogWorker.java:execute(601)) - c04a7c39-1cc1-427e-b561-bc84fdac11df@group-7CAFE9D6E6C5-SegmentedRaftLogWorker: created new log segment /home/runner/work/ozone/ozone/hadoop-ozone/integration-test/target/test-dir/MiniOzoneClusterImpl-fdc8fd63-cfc3-45c6-b077-7c3a44cbc127/datanode-0/data/ratis/c9eaf022-fdb1-4210-b0ec-7cafe9d6e6c5/current/log_inprogress_0
2021-08-10 07:01:44,766 [eff28ee8-57ea-45f2-9598-664172de0afc@group-920335F0079F-FollowerState] INFO  impl.FollowerState (FollowerState.java:run(134)) - eff28ee8-57ea-45f2-9598-664172de0afc@group-920335F0079F-FollowerState: change to CANDIDATE, lastRpcElapsedTime:5179387704ns, electionTimeout:5176ms
2021-08-10 07:01:44,766 [eff28ee8-57ea-45f2-9598-664172de0afc@group-920335F0079F-FollowerState] INFO  impl.RoleInfo (RoleInfo.java:shutdownFollowerState(108)) - eff28ee8-57ea-45f2-9598-664172de0afc: shutdown eff28ee8-57ea-45f2-9598-664172de0afc@group-920335F0079F-FollowerState
2021-08-10 07:01:44,766 [eff28ee8-57ea-45f2-9598-664172de0afc@group-920335F0079F-FollowerState] INFO  server.RaftServer$Division (RaftServerImpl.java:setRole(285)) - eff28ee8-57ea-45f2-9598-664172de0afc@group-920335F0079F: changes role from  FOLLOWER to CANDIDATE at term 3 for changeToCandidate
2021-08-10 07:01:44,766 [eff28ee8-57ea-45f2-9598-664172de0afc@group-920335F0079F-FollowerState] INFO  server.RaftServerConfigKeys (ConfUtils.java:logGet(44)) - raft.server.leaderelection.pre-vote = false (custom)
2021-08-10 07:01:44,766 [eff28ee8-57ea-45f2-9598-664172de0afc@group-920335F0079F-FollowerState] INFO  impl.RoleInfo (RoleInfo.java:updateAndGet(130)) - eff28ee8-57ea-45f2-9598-664172de0afc: start eff28ee8-57ea-45f2-9598-664172de0afc@group-920335F0079F-LeaderElection43
2021-08-10 07:01:44,766 [c04a7c39-1cc1-427e-b561-bc84fdac11df@group-920335F0079F-FollowerState] INFO  impl.FollowerState (FollowerState.java:run(134)) - c04a7c39-1cc1-427e-b561-bc84fdac11df@group-920335F0079F-FollowerState: change to CANDIDATE, lastRpcElapsedTime:5108298495ns, electionTimeout:5078ms
2021-08-10 07:01:44,766 [c04a7c39-1cc1-427e-b561-bc84fdac11df@group-920335F0079F-FollowerState] INFO  impl.RoleInfo (RoleInfo.java:shutdownFollowerState(108)) - c04a7c39-1cc1-427e-b561-bc84fdac11df: shutdown c04a7c39-1cc1-427e-b561-bc84fdac11df@group-920335F0079F-FollowerState
2021-08-10 07:01:44,766 [c04a7c39-1cc1-427e-b561-bc84fdac11df@group-920335F0079F-FollowerState] INFO  server.RaftServer$Division (RaftServerImpl.java:setRole(285)) - c04a7c39-1cc1-427e-b561-bc84fdac11df@group-920335F0079F: changes role from  FOLLOWER to CANDIDATE at term 3 for changeToCandidate
2021-08-10 07:01:44,784 [c04a7c39-1cc1-427e-b561-bc84fdac11df@group-920335F0079F-FollowerState] INFO  server.RaftServerConfigKeys (ConfUtils.java:logGet(44)) - raft.server.leaderelection.pre-vote = false (custom)
2021-08-10 07:01:44,784 [c04a7c39-1cc1-427e-b561-bc84fdac11df@group-920335F0079F-FollowerState] INFO  impl.RoleInfo (RoleInfo.java:updateAndGet(130)) - c04a7c39-1cc1-427e-b561-bc84fdac11df: start c04a7c39-1cc1-427e-b561-bc84fdac11df@group-920335F0079F-LeaderElection44
2021-08-10 07:01:44,786 [eff28ee8-57ea-45f2-9598-664172de0afc@group-920335F0079F-LeaderElection43] INFO  impl.LeaderElection (LeaderElection.java:askForVotes(306)) - eff28ee8-57ea-45f2-9598-664172de0afc@group-920335F0079F-LeaderElection43 ELECTION round 0: submit vote requests at term 4 for -1: [6b4f1d7a-7f8b-4ea3-931e-9057f129a70f|rpc:10.1.0.83:39569|dataStream:|priority:0, eff28ee8-57ea-45f2-9598-664172de0afc|rpc:10.1.0.83:37107|dataStream:|priority:1, c04a7c39-1cc1-427e-b561-bc84fdac11df|rpc:10.1.0.83:40237|dataStream:|priority:0], old=null
2021-08-10 07:01:44,802 [6b4f1d7a-7f8b-4ea3-931e-9057f129a70f@group-920335F0079F-FollowerState] INFO  impl.FollowerState (FollowerState.java:run(134)) - 6b4f1d7a-7f8b-4ea3-931e-9057f129a70f@group-920335F0079F-FollowerState: change to CANDIDATE, lastRpcElapsedTime:5189935835ns, electionTimeout:5186ms
2021-08-10 07:01:44,802 [6b4f1d7a-7f8b-4ea3-931e-9057f129a70f@group-920335F0079F-FollowerState] INFO  impl.RoleInfo (RoleInfo.java:shutdownFollowerState(108)) - 6b4f1d7a-7f8b-4ea3-931e-9057f129a70f: shutdown 6b4f1d7a-7f8b-4ea3-931e-9057f129a70f@group-920335F0079F-FollowerState
2021-08-10 07:01:44,803 [6b4f1d7a-7f8b-4ea3-931e-9057f129a70f@group-920335F0079F-FollowerState] INFO  server.RaftServer$Division (RaftServerImpl.java:setRole(285)) - 6b4f1d7a-7f8b-4ea3-931e-9057f129a70f@group-920335F0079F: changes role from  FOLLOWER to CANDIDATE at term 3 for changeToCandidate
2021-08-10 07:01:44,803 [grpc-default-executor-1] INFO  server.RaftServer$Division (RaftServerImpl.java:requestVote(1043)) - 6b4f1d7a-7f8b-4ea3-931e-9057f129a70f@group-920335F0079F: receive requestVote(ELECTION, eff28ee8-57ea-45f2-9598-664172de0afc, group-920335F0079F, 4, (t:0, i:0))
2021-08-10 07:01:44,803 [6b4f1d7a-7f8b-4ea3-931e-9057f129a70f@group-920335F0079F-FollowerState] INFO  server.RaftServerConfigKeys (ConfUtils.java:logGet(44)) - raft.server.leaderelection.pre-vote = false (custom)
2021-08-10 07:01:44,803 [6b4f1d7a-7f8b-4ea3-931e-9057f129a70f@group-920335F0079F-FollowerState] INFO  impl.RoleInfo (RoleInfo.java:updateAndGet(130)) - 6b4f1d7a-7f8b-4ea3-931e-9057f129a70f: start 6b4f1d7a-7f8b-4ea3-931e-9057f129a70f@group-920335F0079F-LeaderElection45
2021-08-10 07:01:44,803 [grpc-default-executor-0] INFO  server.RaftServer$Division (RaftServerImpl.java:requestVote(1043)) - c04a7c39-1cc1-427e-b561-bc84fdac11df@group-920335F0079F: receive requestVote(ELECTION, eff28ee8-57ea-45f2-9598-664172de0afc, group-920335F0079F, 4, (t:0, i:0))
2021-08-10 07:01:44,803 [grpc-default-executor-1] INFO  impl.VoteContext (VoteContext.java:log(48)) - 6b4f1d7a-7f8b-4ea3-931e-9057f129a70f@group-920335F0079F-CANDIDATE: accept ELECTION from eff28ee8-57ea-45f2-9598-664172de0afc: our priority 0 <= candidate's priority 1
2021-08-10 07:01:44,803 [grpc-default-executor-1] INFO  server.RaftServer$Division (RaftServerImpl.java:setRole(285)) - 6b4f1d7a-7f8b-4ea3-931e-9057f129a70f@group-920335F0079F: changes role from CANDIDATE to FOLLOWER at term 4 for candidate:eff28ee8-57ea-45f2-9598-664172de0afc
2021-08-10 07:01:44,803 [grpc-default-executor-1] INFO  impl.RoleInfo (RoleInfo.java:shutdownLeaderElection(121)) - 6b4f1d7a-7f8b-4ea3-931e-9057f129a70f: shutdown 6b4f1d7a-7f8b-4ea3-931e-9057f129a70f@group-920335F0079F-LeaderElection45
2021-08-10 07:01:44,803 [grpc-default-executor-1] INFO  impl.RoleInfo (RoleInfo.java:updateAndGet(130)) - 6b4f1d7a-7f8b-4ea3-931e-9057f129a70f: start 6b4f1d7a-7f8b-4ea3-931e-9057f129a70f@group-920335F0079F-FollowerState
2021-08-10 07:01:44,804 [6b4f1d7a-7f8b-4ea3-931e-9057f129a70f@group-920335F0079F-LeaderElection45] INFO  impl.LeaderElection (LeaderElection.java:run(230)) - 6b4f1d7a-7f8b-4ea3-931e-9057f129a70f@group-920335F0079F-LeaderElection45: skip running since this is already CLOSING
2021-08-10 07:01:44,810 [grpc-default-executor-1] INFO  server.RaftServer$Division (RaftServerImpl.java:requestVote(1075)) - 6b4f1d7a-7f8b-4ea3-931e-9057f129a70f@group-920335F0079F replies to ELECTION vote request: eff28ee8-57ea-45f2-9598-664172de0afc<-6b4f1d7a-7f8b-4ea3-931e-9057f129a70f#0:OK-t4. Peer's state: 6b4f1d7a-7f8b-4ea3-931e-9057f129a70f@group-920335F0079F:t4, leader=null, voted=eff28ee8-57ea-45f2-9598-664172de0afc, raftlog=6b4f1d7a-7f8b-4ea3-931e-9057f129a70f@group-920335F0079F-SegmentedRaftLog:OPENED:c-1,f-1,i0, conf=-1: [6b4f1d7a-7f8b-4ea3-931e-9057f129a70f|rpc:10.1.0.83:39569|dataStream:|priority:0, eff28ee8-57ea-45f2-9598-664172de0afc|rpc:10.1.0.83:37107|dataStream:|priority:1, c04a7c39-1cc1-427e-b561-bc84fdac11df|rpc:10.1.0.83:40237|dataStream:|priority:0], old=null
2021-08-10 07:01:44,811 [eff28ee8-57ea-45f2-9598-664172de0afc@group-920335F0079F-LeaderElection43] INFO  impl.LeaderElection (LeaderElection.java:logAndReturn(89)) - eff28ee8-57ea-45f2-9598-664172de0afc@group-920335F0079F-LeaderElection43: ELECTION PASSED received 1 response(s) and 0 exception(s):
2021-08-10 07:01:44,811 [eff28ee8-57ea-45f2-9598-664172de0afc@group-920335F0079F-LeaderElection43] INFO  impl.LeaderElection (LeaderElection.java:logAndReturn(93)) -   Response 0: eff28ee8-57ea-45f2-9598-664172de0afc<-6b4f1d7a-7f8b-4ea3-931e-9057f129a70f#0:OK-t4
2021-08-10 07:01:44,811 [eff28ee8-57ea-45f2-9598-664172de0afc@group-920335F0079F-LeaderElection43] INFO  impl.LeaderElection (LeaderElection.java:askForVotes(308)) - eff28ee8-57ea-45f2-9598-664172de0afc@group-920335F0079F-LeaderElection43 ELECTION round 0: result PASSED
2021-08-10 07:01:44,811 [eff28ee8-57ea-45f2-9598-664172de0afc@group-920335F0079F-LeaderElection43] INFO  impl.RoleInfo (RoleInfo.java:shutdownLeaderElection(121)) - eff28ee8-57ea-45f2-9598-664172de0afc: shutdown eff28ee8-57ea-45f2-9598-664172de0afc@group-920335F0079F-LeaderElection43
2021-08-10 07:01:44,811 [eff28ee8-57ea-45f2-9598-664172de0afc@group-920335F0079F-LeaderElection43] INFO  server.RaftServer$Division (RaftServerImpl.java:setRole(285)) - eff28ee8-57ea-45f2-9598-664172de0afc@group-920335F0079F: changes role from CANDIDATE to LEADER at term 4 for changeToLeader
2021-08-10 07:01:44,811 [eff28ee8-57ea-45f2-9598-664172de0afc@group-920335F0079F-LeaderElection43] INFO  ratis.XceiverServerRatis (XceiverServerRatis.java:handleLeaderChangedNotification(857)) - Leader change notification received for group: group-920335F0079F with new leaderId: eff28ee8-57ea-45f2-9598-664172de0afc
2021-08-10 07:01:44,811 [eff28ee8-57ea-45f2-9598-664172de0afc@group-920335F0079F-LeaderElection43] INFO  server.RaftServer$Division (ServerState.java:setLeader(285)) - eff28ee8-57ea-45f2-9598-664172de0afc@group-920335F0079F: change Leader from null to eff28ee8-57ea-45f2-9598-664172de0afc at term 4 for becomeLeader, leader elected after 20708ms
2021-08-10 07:01:44,812 [eff28ee8-57ea-45f2-9598-664172de0afc@group-920335F0079F-LeaderElection43] INFO  server.RaftServerConfigKeys (ConfUtils.java:logGet(44)) - raft.server.staging.catchup.gap = 1000 (default)
2021-08-10 07:01:44,812 [eff28ee8-57ea-45f2-9598-664172de0afc@group-920335F0079F-LeaderElection43] INFO  server.RaftServerConfigKeys (ConfUtils.java:logGet(44)) - raft.server.write.element-limit = 1024 (custom)
2021-08-10 07:01:44,812 [eff28ee8-57ea-45f2-9598-664172de0afc@group-920335F0079F-LeaderElection43] INFO  server.RaftServerConfigKeys (ConfUtils.java:logGet(44)) - raft.server.write.byte-limit = 1073741824 (custom)
2021-08-10 07:01:44,812 [eff28ee8-57ea-45f2-9598-664172de0afc@group-920335F0079F-LeaderElection43] INFO  server.RaftServerConfigKeys (ConfUtils.java:logGet(44)) - raft.server.watch.timeout = 180s (custom)
2021-08-10 07:01:44,812 [eff28ee8-57ea-45f2-9598-664172de0afc@group-920335F0079F-LeaderElection43] INFO  server.RaftServerConfigKeys (ConfUtils.java:logGet(44)) - raft.server.watch.timeout.denomination = 1s (default)
2021-08-10 07:01:44,814 [eff28ee8-57ea-45f2-9598-664172de0afc@group-920335F0079F-LeaderElection43] INFO  server.RaftServerConfigKeys (ConfUtils.java:logGet(44)) - raft.server.watch.element-limit = 65536 (default)
2021-08-10 07:01:44,814 [eff28ee8-57ea-45f2-9598-664172de0afc@group-920335F0079F-LeaderElection43] INFO  server.RaftServerConfigKeys (ConfUtils.java:logGet(44)) - raft.server.log.appender.snapshot.chunk.size.max = 16MB (=16777216) (default)
2021-08-10 07:01:44,814 [eff28ee8-57ea-45f2-9598-664172de0afc@group-920335F0079F-LeaderElection43] INFO  server.RaftServerConfigKeys (ConfUtils.java:logGet(44)) - raft.server.log.appender.buffer.byte-limit = 33554432 (custom)
2021-08-10 07:01:44,814 [eff28ee8-57ea-45f2-9598-664172de0afc@group-920335F0079F-LeaderElection43] INFO  server.RaftServerConfigKeys (ConfUtils.java:logGet(44)) - raft.server.log.appender.buffer.element-limit = 1 (custom)
2021-08-10 07:01:44,814 [eff28ee8-57ea-45f2-9598-664172de0afc@group-920335F0079F-LeaderElection43] INFO  grpc.GrpcConfigKeys (ConfUtils.java:logGet(44)) - raft.grpc.server.leader.outstanding.appends.max = 128 (default)
2021-08-10 07:01:44,814 [eff28ee8-57ea-45f2-9598-664172de0afc@group-920335F0079F-LeaderElection43] INFO  server.RaftServerConfigKeys (ConfUtils.java:logGet(44)) - raft.server.rpc.request.timeout = 60s (custom)
2021-08-10 07:01:44,814 [eff28ee8-57ea-45f2-9598-664172de0afc@group-920335F0079F-LeaderElection43] INFO  server.RaftServerConfigKeys (ConfUtils.java:logGet(44)) - raft.server.log.appender.install.snapshot.enabled = false (custom)
2021-08-10 07:01:44,815 [eff28ee8-57ea-45f2-9598-664172de0afc@group-920335F0079F-LeaderElection43] INFO  server.RaftServerConfigKeys (ConfUtils.java:logGet(44)) - raft.server.log.appender.snapshot.chunk.size.max = 16MB (=16777216) (default)
2021-08-10 07:01:44,815 [eff28ee8-57ea-45f2-9598-664172de0afc@group-920335F0079F-LeaderElection43] INFO  server.RaftServerConfigKeys (ConfUtils.java:logGet(44)) - raft.server.log.appender.buffer.byte-limit = 33554432 (custom)
2021-08-10 07:01:44,815 [eff28ee8-57ea-45f2-9598-664172de0afc@group-920335F0079F-LeaderElection43] INFO  server.RaftServerConfigKeys (ConfUtils.java:logGet(44)) - raft.server.log.appender.buffer.element-limit = 1 (custom)
2021-08-10 07:01:44,815 [eff28ee8-57ea-45f2-9598-664172de0afc@group-920335F0079F-LeaderElection43] INFO  grpc.GrpcConfigKeys (ConfUtils.java:logGet(44)) - raft.grpc.server.leader.outstanding.appends.max = 128 (default)
2021-08-10 07:01:44,815 [eff28ee8-57ea-45f2-9598-664172de0afc@group-920335F0079F-LeaderElection43] INFO  server.RaftServerConfigKeys (ConfUtils.java:logGet(44)) - raft.server.rpc.request.timeout = 60s (custom)
2021-08-10 07:01:44,815 [eff28ee8-57ea-45f2-9598-664172de0afc@group-920335F0079F-LeaderElection43] INFO  server.RaftServerConfigKeys (ConfUtils.java:logGet(44)) - raft.server.log.appender.install.snapshot.enabled = false (custom)
2021-08-10 07:01:44,816 [eff28ee8-57ea-45f2-9598-664172de0afc@group-920335F0079F-LeaderElection43] INFO  impl.RoleInfo (RoleInfo.java:updateAndGet(130)) - eff28ee8-57ea-45f2-9598-664172de0afc: start eff28ee8-57ea-45f2-9598-664172de0afc@group-920335F0079F-LeaderStateImpl
2021-08-10 07:01:44,816 [eff28ee8-57ea-45f2-9598-664172de0afc@group-920335F0079F-LeaderElection43] INFO  segmented.SegmentedRaftLogWorker (SegmentedRaftLogWorker.java:startLogSegment(394)) - eff28ee8-57ea-45f2-9598-664172de0afc@group-920335F0079F-SegmentedRaftLogWorker: Starting segment from index:0
2021-08-10 07:01:44,814 [EventQueue-PipelineReportForPipelineReportHandler] INFO  pipeline.PipelineManagerV2Impl (PipelineManagerV2Impl.java:openPipeline(283)) - Pipeline Pipeline[ Id: 31799dc1-e164-409e-9282-920335f0079f, Nodes: c04a7c39-1cc1-427e-b561-bc84fdac11df{ip: 10.1.0.83, host: fv-az148-688.bm4ck3pvxvsene1rjriu5fhcdb.bx.internal.cloudapp.net, ports: [REPLICATION=33797, RATIS=40237, RATIS_ADMIN=40237, RATIS_SERVER=40237, STANDALONE=33337], networkLocation: /default-rack, certSerialId: null, persistedOpState: IN_SERVICE, persistedOpStateExpiryEpochSec: 0}eff28ee8-57ea-45f2-9598-664172de0afc{ip: 10.1.0.83, host: fv-az148-688.bm4ck3pvxvsene1rjriu5fhcdb.bx.internal.cloudapp.net, ports: [REPLICATION=39227, RATIS=37107, RATIS_ADMIN=37107, RATIS_SERVER=37107, STANDALONE=40575], networkLocation: /default-rack, certSerialId: null, persistedOpState: IN_SERVICE, persistedOpStateExpiryEpochSec: 0}6b4f1d7a-7f8b-4ea3-931e-9057f129a70f{ip: 10.1.0.83, host: fv-az148-688.bm4ck3pvxvsene1rjriu5fhcdb.bx.internal.cloudapp.net, ports: [REPLICATION=45551, RATIS=39569, RATIS_ADMIN=39569, RATIS_SERVER=39569, STANDALONE=44147], networkLocation: /default-rack, certSerialId: null, persistedOpState: IN_SERVICE, persistedOpStateExpiryEpochSec: 0}, ReplicationConfig: RATIS/THREE, State:ALLOCATED, leaderId:eff28ee8-57ea-45f2-9598-664172de0afc, CreationTimestamp2021-08-10T07:01:21.516Z[Etc/UTC]] moved to OPEN state
2021-08-10 07:01:44,812 [Datanode State Machine Thread - 0] WARN  statemachine.StateContext (StateContext.java:execute(621)) - No available thread in pool for past 1 seconds.
2021-08-10 07:01:44,817 [c04a7c39-1cc1-427e-b561-bc84fdac11df@group-920335F0079F-LeaderElection44] INFO  impl.LeaderElection (LeaderElection.java:askForVotes(306)) - c04a7c39-1cc1-427e-b561-bc84fdac11df@group-920335F0079F-LeaderElection44 ELECTION round 0: submit vote requests at term 4 for -1: [6b4f1d7a-7f8b-4ea3-931e-9057f129a70f|rpc:10.1.0.83:39569|priority:0, eff28ee8-57ea-45f2-9598-664172de0afc|rpc:10.1.0.83:37107|priority:1, c04a7c39-1cc1-427e-b561-bc84fdac11df|rpc:10.1.0.83:40237|priority:0], old=null
2021-08-10 07:01:44,817 [grpc-default-executor-0] INFO  impl.VoteContext (VoteContext.java:log(48)) - c04a7c39-1cc1-427e-b561-bc84fdac11df@group-920335F0079F-CANDIDATE: reject ELECTION from eff28ee8-57ea-45f2-9598-664172de0afc: already has voted for c04a7c39-1cc1-427e-b561-bc84fdac11df at current term 4
2021-08-10 07:01:44,817 [grpc-default-executor-0] INFO  server.RaftServer$Division (RaftServerImpl.java:requestVote(1075)) - c04a7c39-1cc1-427e-b561-bc84fdac11df@group-920335F0079F replies to ELECTION vote request: eff28ee8-57ea-45f2-9598-664172de0afc<-c04a7c39-1cc1-427e-b561-bc84fdac11df#0:FAIL-t4. Peer's state: c04a7c39-1cc1-427e-b561-bc84fdac11df@group-920335F0079F:t4, leader=null, voted=c04a7c39-1cc1-427e-b561-bc84fdac11df, raftlog=c04a7c39-1cc1-427e-b561-bc84fdac11df@group-920335F0079F-SegmentedRaftLog:OPENED:c-1,f-1,i0, conf=-1: [6b4f1d7a-7f8b-4ea3-931e-9057f129a70f|rpc:10.1.0.83:39569|priority:0, eff28ee8-57ea-45f2-9598-664172de0afc|rpc:10.1.0.83:37107|priority:1, c04a7c39-1cc1-427e-b561-bc84fdac11df|rpc:10.1.0.83:40237|priority:0], old=null
2021-08-10 07:01:44,822 [eff28ee8-57ea-45f2-9598-664172de0afc@group-920335F0079F-SegmentedRaftLogWorker] INFO  segmented.SegmentedRaftLogWorker (SegmentedRaftLogWorker.java:execute(601)) - eff28ee8-57ea-45f2-9598-664172de0afc@group-920335F0079F-SegmentedRaftLogWorker: created new log segment /home/runner/work/ozone/ozone/hadoop-ozone/integration-test/target/test-dir/MiniOzoneClusterImpl-fdc8fd63-cfc3-45c6-b077-7c3a44cbc127/datanode-1/data/ratis/31799dc1-e164-409e-9282-920335f0079f/current/log_inprogress_0
2021-08-10 07:01:44,880 [grpc-default-executor-2] INFO  server.RaftServer$Division (RaftServerImpl.java:requestVote(1043)) - eff28ee8-57ea-45f2-9598-664172de0afc@group-920335F0079F: receive requestVote(ELECTION, c04a7c39-1cc1-427e-b561-bc84fdac11df, group-920335F0079F, 4, (t:0, i:0))
2021-08-10 07:01:44,880 [grpc-default-executor-3] INFO  server.RaftServer$Division (RaftServerImpl.java:requestVote(1043)) - 6b4f1d7a-7f8b-4ea3-931e-9057f129a70f@group-920335F0079F: receive requestVote(ELECTION, c04a7c39-1cc1-427e-b561-bc84fdac11df, group-920335F0079F, 4, (t:0, i:0))
2021-08-10 07:01:44,880 [grpc-default-executor-3] INFO  impl.VoteContext (VoteContext.java:log(48)) - 6b4f1d7a-7f8b-4ea3-931e-9057f129a70f@group-920335F0079F-FOLLOWER: reject ELECTION from c04a7c39-1cc1-427e-b561-bc84fdac11df: already has voted for eff28ee8-57ea-45f2-9598-664172de0afc at current term 4
2021-08-10 07:01:44,880 [grpc-default-executor-3] INFO  server.RaftServer$Division (RaftServerImpl.java:requestVote(1075)) - 6b4f1d7a-7f8b-4ea3-931e-9057f129a70f@group-920335F0079F replies to ELECTION vote request: c04a7c39-1cc1-427e-b561-bc84fdac11df<-6b4f1d7a-7f8b-4ea3-931e-9057f129a70f#0:FAIL-t4. Peer's state: 6b4f1d7a-7f8b-4ea3-931e-9057f129a70f@group-920335F0079F:t4, leader=null, voted=eff28ee8-57ea-45f2-9598-664172de0afc, raftlog=6b4f1d7a-7f8b-4ea3-931e-9057f129a70f@group-920335F0079F-SegmentedRaftLog:OPENED:c-1,f-1,i0, conf=-1: [6b4f1d7a-7f8b-4ea3-931e-9057f129a70f|rpc:10.1.0.83:39569|dataStream:|priority:0, eff28ee8-57ea-45f2-9598-664172de0afc|rpc:10.1.0.83:37107|dataStream:|priority:1, c04a7c39-1cc1-427e-b561-bc84fdac11df|rpc:10.1.0.83:40237|dataStream:|priority:0], old=null
2021-08-10 07:01:44,881 [grpc-default-executor-3] INFO  ratis.XceiverServerRatis (XceiverServerRatis.java:handleLeaderChangedNotification(857)) - Leader change notification received for group: group-920335F0079F with new leaderId: eff28ee8-57ea-45f2-9598-664172de0afc
2021-08-10 07:01:44,881 [grpc-default-executor-3] INFO  server.RaftServer$Division (ServerState.java:setLeader(285)) - 6b4f1d7a-7f8b-4ea3-931e-9057f129a70f@group-920335F0079F: change Leader from null to eff28ee8-57ea-45f2-9598-664172de0afc at term 4 for appendEntries, leader elected after 20694ms
2021-08-10 07:01:44,883 [grpc-default-executor-0] INFO  server.RaftServer$Division (RaftServerImpl.java:setRole(285)) - c04a7c39-1cc1-427e-b561-bc84fdac11df@group-920335F0079F: changes role from CANDIDATE to FOLLOWER at term 4 for appendEntries
2021-08-10 07:01:44,883 [grpc-default-executor-0] INFO  impl.RoleInfo (RoleInfo.java:shutdownLeaderElection(121)) - c04a7c39-1cc1-427e-b561-bc84fdac11df: shutdown c04a7c39-1cc1-427e-b561-bc84fdac11df@group-920335F0079F-LeaderElection44
2021-08-10 07:01:44,883 [grpc-default-executor-0] INFO  impl.RoleInfo (RoleInfo.java:updateAndGet(130)) - c04a7c39-1cc1-427e-b561-bc84fdac11df: start c04a7c39-1cc1-427e-b561-bc84fdac11df@group-920335F0079F-FollowerState
2021-08-10 07:01:44,884 [grpc-default-executor-0] INFO  ratis.XceiverServerRatis (XceiverServerRatis.java:handleLeaderChangedNotification(857)) - Leader change notification received for group: group-920335F0079F with new leaderId: eff28ee8-57ea-45f2-9598-664172de0afc
2021-08-10 07:01:44,884 [grpc-default-executor-0] INFO  server.RaftServer$Division (ServerState.java:setLeader(285)) - c04a7c39-1cc1-427e-b561-bc84fdac11df@group-920335F0079F: change Leader from null to eff28ee8-57ea-45f2-9598-664172de0afc at term 4 for appendEntries, leader elected after 20807ms
2021-08-10 07:01:44,890 [eff28ee8-57ea-45f2-9598-664172de0afc@group-920335F0079F-LeaderElection43] INFO  server.RaftServer$Division (ServerState.java:setRaftConf(387)) - eff28ee8-57ea-45f2-9598-664172de0afc@group-920335F0079F: set configuration 0: [6b4f1d7a-7f8b-4ea3-931e-9057f129a70f|rpc:10.1.0.83:39569|dataStream:|priority:0, eff28ee8-57ea-45f2-9598-664172de0afc|rpc:10.1.0.83:37107|dataStream:|priority:1, c04a7c39-1cc1-427e-b561-bc84fdac11df|rpc:10.1.0.83:40237|dataStream:|priority:0], old=null
2021-08-10 07:01:44,890 [grpc-default-executor-2] INFO  impl.VoteContext (VoteContext.java:log(48)) - eff28ee8-57ea-45f2-9598-664172de0afc@group-920335F0079F-LEADER: reject ELECTION from c04a7c39-1cc1-427e-b561-bc84fdac11df: already has voted for eff28ee8-57ea-45f2-9598-664172de0afc at current term 4
2021-08-10 07:01:44,890 [grpc-default-executor-2] INFO  server.RaftServer$Division (RaftServerImpl.java:requestVote(1075)) - eff28ee8-57ea-45f2-9598-664172de0afc@group-920335F0079F replies to ELECTION vote request: c04a7c39-1cc1-427e-b561-bc84fdac11df<-eff28ee8-57ea-45f2-9598-664172de0afc#0:FAIL-t4. Peer's state: eff28ee8-57ea-45f2-9598-664172de0afc@group-920335F0079F:t4, leader=eff28ee8-57ea-45f2-9598-664172de0afc, voted=eff28ee8-57ea-45f2-9598-664172de0afc, raftlog=eff28ee8-57ea-45f2-9598-664172de0afc@group-920335F0079F-SegmentedRaftLog:OPENED:c-1,f0,i0, conf=0: [6b4f1d7a-7f8b-4ea3-931e-9057f129a70f|rpc:10.1.0.83:39569|dataStream:|priority:0, eff28ee8-57ea-45f2-9598-664172de0afc|rpc:10.1.0.83:37107|dataStream:|priority:1, c04a7c39-1cc1-427e-b561-bc84fdac11df|rpc:10.1.0.83:40237|dataStream:|priority:0], old=null
2021-08-10 07:01:44,890 [grpc-default-executor-3] INFO  server.RaftServer$Division (ServerState.java:setRaftConf(387)) - 6b4f1d7a-7f8b-4ea3-931e-9057f129a70f@group-920335F0079F: set configuration 0: [6b4f1d7a-7f8b-4ea3-931e-9057f129a70f|rpc:10.1.0.83:39569|dataStream:|priority:0, eff28ee8-57ea-45f2-9598-664172de0afc|rpc:10.1.0.83:37107|dataStream:|priority:1, c04a7c39-1cc1-427e-b561-bc84fdac11df|rpc:10.1.0.83:40237|dataStream:|priority:0], old=null
2021-08-10 07:01:44,891 [grpc-default-executor-3] INFO  segmented.SegmentedRaftLogWorker (SegmentedRaftLogWorker.java:startLogSegment(394)) - 6b4f1d7a-7f8b-4ea3-931e-9057f129a70f@group-920335F0079F-SegmentedRaftLogWorker: Starting segment from index:0
2021-08-10 07:01:44,893 [c04a7c39-1cc1-427e-b561-bc84fdac11df@group-920335F0079F-LeaderElection44] INFO  impl.LeaderElection (LeaderElection.java:logAndReturn(89)) - c04a7c39-1cc1-427e-b561-bc84fdac11df@group-920335F0079F-LeaderElection44: ELECTION REJECTED received 2 response(s) and 0 exception(s):
2021-08-10 07:01:44,893 [c04a7c39-1cc1-427e-b561-bc84fdac11df@group-920335F0079F-LeaderElection44] INFO  impl.LeaderElection (LeaderElection.java:logAndReturn(93)) -   Response 0: c04a7c39-1cc1-427e-b561-bc84fdac11df<-6b4f1d7a-7f8b-4ea3-931e-9057f129a70f#0:FAIL-t4
2021-08-10 07:01:44,893 [c04a7c39-1cc1-427e-b561-bc84fdac11df@group-920335F0079F-LeaderElection44] INFO  impl.LeaderElection (LeaderElection.java:logAndReturn(93)) -   Response 1: c04a7c39-1cc1-427e-b561-bc84fdac11df<-eff28ee8-57ea-45f2-9598-664172de0afc#0:FAIL-t4
2021-08-10 07:01:44,893 [c04a7c39-1cc1-427e-b561-bc84fdac11df@group-920335F0079F-LeaderElection44] INFO  impl.LeaderElection (LeaderElection.java:askForVotes(308)) - c04a7c39-1cc1-427e-b561-bc84fdac11df@group-920335F0079F-LeaderElection44 ELECTION round 0: result REJECTED
2021-08-10 07:01:44,893 [6b4f1d7a-7f8b-4ea3-931e-9057f129a70f@group-920335F0079F-SegmentedRaftLogWorker] INFO  segmented.SegmentedRaftLogWorker (SegmentedRaftLogWorker.java:execute(601)) - 6b4f1d7a-7f8b-4ea3-931e-9057f129a70f@group-920335F0079F-SegmentedRaftLogWorker: created new log segment /home/runner/work/ozone/ozone/hadoop-ozone/integration-test/target/test-dir/MiniOzoneClusterImpl-fdc8fd63-cfc3-45c6-b077-7c3a44cbc127/datanode-2/data/ratis/31799dc1-e164-409e-9282-920335f0079f/current/log_inprogress_0
2021-08-10 07:01:44,919 [grpc-default-executor-0] INFO  server.RaftServer$Division (ServerState.java:setRaftConf(387)) - c04a7c39-1cc1-427e-b561-bc84fdac11df@group-920335F0079F: set configuration 0: [6b4f1d7a-7f8b-4ea3-931e-9057f129a70f|rpc:10.1.0.83:39569|dataStream:|priority:0, eff28ee8-57ea-45f2-9598-664172de0afc|rpc:10.1.0.83:37107|dataStream:|priority:1, c04a7c39-1cc1-427e-b561-bc84fdac11df|rpc:10.1.0.83:40237|dataStream:|priority:0], old=null
2021-08-10 07:01:44,919 [grpc-default-executor-0] INFO  segmented.SegmentedRaftLogWorker (SegmentedRaftLogWorker.java:startLogSegment(394)) - c04a7c39-1cc1-427e-b561-bc84fdac11df@group-920335F0079F-SegmentedRaftLogWorker: Starting segment from index:0
2021-08-10 07:01:44,921 [c04a7c39-1cc1-427e-b561-bc84fdac11df@group-920335F0079F-SegmentedRaftLogWorker] INFO  segmented.SegmentedRaftLogWorker (SegmentedRaftLogWorker.java:execute(601)) - c04a7c39-1cc1-427e-b561-bc84fdac11df@group-920335F0079F-SegmentedRaftLogWorker: created new log segment /home/runner/work/ozone/ozone/hadoop-ozone/integration-test/target/test-dir/MiniOzoneClusterImpl-fdc8fd63-cfc3-45c6-b077-7c3a44cbc127/datanode-0/data/ratis/31799dc1-e164-409e-9282-920335f0079f/current/log_inprogress_0
2021-08-10 07:01:45,504 [Listener at 127.0.0.1/43351] INFO  ozone.MiniOzoneClusterImpl (MiniOzoneClusterImpl.java:lambda$waitForClusterToBeReady$0(235)) - Nodes are ready. Got 3 of 3 DN Heartbeats.
2021-08-10 07:01:45,504 [Listener at 127.0.0.1/43351] INFO  ozone.MiniOzoneClusterImpl (MiniOzoneClusterImpl.java:lambda$waitForClusterToBeReady$0(238)) - Cluster exits safe mode
2021-08-10 07:01:45,504 [Listener at 127.0.0.1/43351] INFO  ozone.MiniOzoneClusterImpl (MiniOzoneClusterImpl.java:lambda$waitForClusterToBeReady$0(240)) - SCM became leader
2021-08-10 07:01:45,504 [Listener at 127.0.0.1/43351] INFO  ha.SequenceIdGenerator (SequenceIdGenerator.java:getNextId(127)) - Allocate a batch for containerId, change lastId from 0 to 1000.
2021-08-10 07:01:47,226 [Listener at 127.0.0.1/43351] ERROR ratis.XceiverServerRatis (XceiverServerRatis.java:triggerPipelineClose(672)) - pipeline Action CLOSE on pipeline PipelineID=31799dc1-e164-409e-9282-920335f0079f.Reason : Unspecified failure reported in Ratis log
2021-08-10 07:01:47,237 [EventQueue-PipelineActionsForPipelineActionHandler] INFO  pipeline.PipelineActionHandler (PipelineActionHandler.java:processPipelineAction(82)) - Received pipeline action CLOSE for PipelineID=31799dc1-e164-409e-9282-920335f0079f from datanode c04a7c39-1cc1-427e-b561-bc84fdac11df. Reason : Unspecified failure reported in Ratis log
2021-08-10 07:01:47,244 [EventQueue-PipelineActionsForPipelineActionHandler] INFO  pipeline.PipelineManagerV2Impl (PipelineManagerV2Impl.java:closePipeline(343)) - Pipeline Pipeline[ Id: 31799dc1-e164-409e-9282-920335f0079f, Nodes: c04a7c39-1cc1-427e-b561-bc84fdac11df{ip: 10.1.0.83, host: fv-az148-688.bm4ck3pvxvsene1rjriu5fhcdb.bx.internal.cloudapp.net, ports: [REPLICATION=33797, RATIS=40237, RATIS_ADMIN=40237, RATIS_SERVER=40237, STANDALONE=33337], networkLocation: /default-rack, certSerialId: null, persistedOpState: IN_SERVICE, persistedOpStateExpiryEpochSec: 0}eff28ee8-57ea-45f2-9598-664172de0afc{ip: 10.1.0.83, host: fv-az148-688.bm4ck3pvxvsene1rjriu5fhcdb.bx.internal.cloudapp.net, ports: [REPLICATION=39227, RATIS=37107, RATIS_ADMIN=37107, RATIS_SERVER=37107, STANDALONE=40575], networkLocation: /default-rack, certSerialId: null, persistedOpState: IN_SERVICE, persistedOpStateExpiryEpochSec: 0}6b4f1d7a-7f8b-4ea3-931e-9057f129a70f{ip: 10.1.0.83, host: fv-az148-688.bm4ck3pvxvsene1rjriu5fhcdb.bx.internal.cloudapp.net, ports: [REPLICATION=45551, RATIS=39569, RATIS_ADMIN=39569, RATIS_SERVER=39569, STANDALONE=44147], networkLocation: /default-rack, certSerialId: null, persistedOpState: IN_SERVICE, persistedOpStateExpiryEpochSec: 0}, ReplicationConfig: RATIS/THREE, State:OPEN, leaderId:eff28ee8-57ea-45f2-9598-664172de0afc, CreationTimestamp2021-08-10T07:01:21.516Z[Etc/UTC]] moved to CLOSED state
2021-08-10 07:01:47,316 [EventQueue-PipelineActionsForPipelineActionHandler] INFO  pipeline.RatisPipelineProvider (RatisPipelineProvider.java:lambda$close$1(222)) - Send pipeline:PipelineID=31799dc1-e164-409e-9282-920335f0079f close command to datanode c04a7c39-1cc1-427e-b561-bc84fdac11df
2021-08-10 07:01:47,318 [EventQueue-PipelineActionsForPipelineActionHandler] INFO  pipeline.RatisPipelineProvider (RatisPipelineProvider.java:lambda$close$1(222)) - Send pipeline:PipelineID=31799dc1-e164-409e-9282-920335f0079f close command to datanode eff28ee8-57ea-45f2-9598-664172de0afc
2021-08-10 07:01:47,319 [EventQueue-PipelineActionsForPipelineActionHandler] INFO  pipeline.RatisPipelineProvider (RatisPipelineProvider.java:lambda$close$1(222)) - Send pipeline:PipelineID=31799dc1-e164-409e-9282-920335f0079f close command to datanode 6b4f1d7a-7f8b-4ea3-931e-9057f129a70f
2021-08-10 07:01:47,319 [EventQueue-CloseContainerForCloseContainerEventHandler] INFO  container.CloseContainerEventHandler (CloseContainerEventHandler.java:onMessage(69)) - Close container Event triggered for container : #2
2021-08-10 07:01:47,324 [EventQueue-PipelineActionsForPipelineActionHandler] INFO  pipeline.PipelineStateManager (PipelineStateManagerV2Impl.java:removePipeline(211)) - Pipeline Pipeline[ Id: 31799dc1-e164-409e-9282-920335f0079f, Nodes: c04a7c39-1cc1-427e-b561-bc84fdac11df{ip: 10.1.0.83, host: fv-az148-688.bm4ck3pvxvsene1rjriu5fhcdb.bx.internal.cloudapp.net, ports: [REPLICATION=33797, RATIS=40237, RATIS_ADMIN=40237, RATIS_SERVER=40237, STANDALONE=33337], networkLocation: /default-rack, certSerialId: null, persistedOpState: IN_SERVICE, persistedOpStateExpiryEpochSec: 0}eff28ee8-57ea-45f2-9598-664172de0afc{ip: 10.1.0.83, host: fv-az148-688.bm4ck3pvxvsene1rjriu5fhcdb.bx.internal.cloudapp.net, ports: [REPLICATION=39227, RATIS=37107, RATIS_ADMIN=37107, RATIS_SERVER=37107, STANDALONE=40575], networkLocation: /default-rack, certSerialId: null, persistedOpState: IN_SERVICE, persistedOpStateExpiryEpochSec: 0}6b4f1d7a-7f8b-4ea3-931e-9057f129a70f{ip: 10.1.0.83, host: fv-az148-688.bm4ck3pvxvsene1rjriu5fhcdb.bx.internal.cloudapp.net, ports: [REPLICATION=45551, RATIS=39569, RATIS_ADMIN=39569, RATIS_SERVER=39569, STANDALONE=44147], networkLocation: /default-rack, certSerialId: null, persistedOpState: IN_SERVICE, persistedOpStateExpiryEpochSec: 0}, ReplicationConfig: RATIS/THREE, State:CLOSED, leaderId:eff28ee8-57ea-45f2-9598-664172de0afc, CreationTimestamp2021-08-10T07:01:21.516Z[Etc/UTC]] removed.
2021-08-10 07:01:47,363 [EventQueue-CloseContainerForCloseContainerEventHandler] INFO  pipeline.PipelineStateManager (PipelineStateManagerV2Impl.java:removeContainerFromPipeline(237)) - Pipeline PipelineID=31799dc1-e164-409e-9282-920335f0079f is not found in the pipeline2ContainerMap. Pipeline may have been closed already.
2021-08-10 07:01:47,558 [Listener at 127.0.0.1/43351] INFO  ozone.MiniOzoneClusterImpl (MiniOzoneClusterImpl.java:shutdown(453)) - Shutting down the Mini Ozone Cluster
2021-08-10 07:01:47,558 [Listener at 127.0.0.1/43351] INFO  ozone.MiniOzoneClusterImpl (MiniOzoneClusterImpl.java:stop(468)) - Stopping the Mini Ozone Cluster
2021-08-10 07:01:47,558 [Listener at 127.0.0.1/43351] INFO  ozone.MiniOzoneClusterImpl (MiniOzoneClusterImpl.java:stopOM(550)) - Stopping the OzoneManager
2021-08-10 07:01:47,558 [Listener at 127.0.0.1/43351] INFO  om.OzoneManager (OzoneManager.java:stop(1601)) - Stopping Ozone Manager
2021-08-10 07:01:47,559 [Listener at 127.0.0.1/43351] INFO  ipc.Server (Server.java:stop(3414)) - Stopping server on 43351
2021-08-10 07:01:47,621 [IPC Server Responder] INFO  ipc.Server (Server.java:run(1512)) - Stopping IPC Server Responder
2021-08-10 07:01:47,624 [IPC Server listener on 0] INFO  ipc.Server (Server.java:run(1376)) - Stopping IPC Server listener on 0
2021-08-10 07:01:47,647 [Listener at 127.0.0.1/43351] INFO  server.RaftServer (RaftServerProxy.java:lambda$close$6(391)) - om1: close
2021-08-10 07:01:47,647 [Listener at 127.0.0.1/43351] INFO  server.RaftServer$Division (RaftServerImpl.java:lambda$close$4(407)) - om1@group-C5BA1605619E: shutdown
2021-08-10 07:01:47,647 [Listener at 127.0.0.1/43351] INFO  util.JmxRegister (JmxRegister.java:unregister(73)) - Successfully un-registered JMX Bean with object name Ratis:service=RaftServer,group=group-C5BA1605619E,id=om1
2021-08-10 07:01:47,647 [Listener at 127.0.0.1/43351] INFO  impl.RoleInfo (RoleInfo.java:shutdownLeaderState(91)) - om1: shutdown om1@group-C5BA1605619E-LeaderStateImpl
2021-08-10 07:01:47,648 [Listener at 127.0.0.1/43351] INFO  impl.PendingRequests (PendingRequests.java:sendNotLeaderResponses(249)) - om1@group-C5BA1605619E-PendingRequests: sendNotLeaderResponses
2021-08-10 07:01:47,651 [Listener at 127.0.0.1/43351] INFO  impl.StateMachineUpdater (StateMachineUpdater.java:stopAndJoin(149)) - om1@group-C5BA1605619E-StateMachineUpdater: set stopIndex = 0
2021-08-10 07:01:47,653 [om1@group-C5BA1605619E-StateMachineUpdater] INFO  ratis.OzoneManagerStateMachine (OzoneManagerStateMachine.java:takeSnapshot(417)) - Current Snapshot Index (t:1, i:0)
2021-08-10 07:01:47,653 [om1@group-C5BA1605619E-StateMachineUpdater] INFO  impl.StateMachineUpdater (StateMachineUpdater.java:takeSnapshot(281)) - om1@group-C5BA1605619E-StateMachineUpdater: Took a snapshot at index 0
2021-08-10 07:01:47,653 [om1@group-C5BA1605619E-StateMachineUpdater] INFO  impl.StateMachineUpdater (StateMachineUpdater.java:lambda$new$0(89)) - om1@group-C5BA1605619E-StateMachineUpdater: snapshotIndex: updateIncreasingly -1 -> 0
2021-08-10 07:01:47,653 [om1@group-C5BA1605619E-StateMachineUpdater] INFO  ratis.OzoneManagerStateMachine (OzoneManagerStateMachine.java:close(471)) - StateMachine has shutdown. Shutdown OzoneManager if not already shutdown.
2021-08-10 07:01:47,654 [Listener at 127.0.0.1/43351] INFO  server.RaftServer$Division (ServerState.java:close(419)) - om1@group-C5BA1605619E: closes. applyIndex: 0
2021-08-10 07:01:47,654 [om1@group-C5BA1605619E-SegmentedRaftLogWorker] INFO  segmented.SegmentedRaftLogWorker (SegmentedRaftLogWorker.java:run(327)) - om1@group-C5BA1605619E-SegmentedRaftLogWorker was interrupted, exiting. There are 0 tasks remaining in the queue.
2021-08-10 07:01:47,665 [Listener at 127.0.0.1/43351] INFO  segmented.SegmentedRaftLogWorker (SegmentedRaftLogWorker.java:close(237)) - om1@group-C5BA1605619E-SegmentedRaftLogWorker close()
2021-08-10 07:01:47,667 [Listener at 127.0.0.1/43351] INFO  server.GrpcService (GrpcService.java:closeImpl(262)) - om1: shutdown server with port 9872 now
2021-08-10 07:01:47,672 [Listener at 127.0.0.1/43351] INFO  server.GrpcService (GrpcService.java:closeImpl(271)) - om1: shutdown server with port 9872 successfully
2021-08-10 07:01:47,672 [org.apache.ratis.util.JvmPauseMonitor$$Lambda$531/1482834434@2175c4c1] INFO  util.JvmPauseMonitor (JvmPauseMonitor.java:run(109)) - JvmPauseMonitor-om1: Stopped
2021-08-10 07:01:47,675 [Listener at 127.0.0.1/43351] INFO  ratis.OzoneManagerDoubleBuffer (OzoneManagerDoubleBuffer.java:stop(437)) - Stopping OMDoubleBuffer flush thread
2021-08-10 07:01:47,676 [OMDoubleBufferFlushThread] INFO  ratis.OzoneManagerDoubleBuffer (OzoneManagerDoubleBuffer.java:flushTransactions(356)) - OMDoubleBuffer flush thread OMDoubleBufferFlushThread is interrupted and will exit. OMDoubleBufferFlushThread
2021-08-10 07:01:47,680 [Listener at 127.0.0.1/43351] INFO  utils.BackgroundService (BackgroundService.java:shutdown(132)) - Shutting down service KeyDeletingService
2021-08-10 07:01:47,688 [Listener at 127.0.0.1/43351] INFO  handler.ContextHandler (ContextHandler.java:doStop(1153)) - Stopped o.e.j.w.WebAppContext@717a2f41{ozoneManager,/,null,STOPPED}{file:/home/runner/work/ozone/ozone/hadoop-ozone/integration-test/target/test-classes/webapps/ozoneManager}
2021-08-10 07:01:47,689 [Listener at 127.0.0.1/43351] INFO  server.AbstractConnector (AbstractConnector.java:doStop(381)) - Stopped ServerConnector@7327a2c9{HTTP/1.1, (http/1.1)}{0.0.0.0:0}
2021-08-10 07:01:47,689 [Listener at 127.0.0.1/43351] INFO  server.session (HouseKeeper.java:stopScavenging(149)) - node0 Stopped scavenging
2021-08-10 07:01:47,690 [Listener at 127.0.0.1/43351] INFO  handler.ContextHandler (ContextHandler.java:doStop(1153)) - Stopped o.e.j.s.ServletContextHandler@1c3fee20{static,/static,file:///home/runner/work/ozone/ozone/hadoop-ozone/integration-test/target/test-classes/webapps/static,STOPPED}
2021-08-10 07:01:47,690 [Listener at 127.0.0.1/43351] INFO  handler.ContextHandler (ContextHandler.java:doStop(1153)) - Stopped o.e.j.s.ServletContextHandler@77b5ff6c{logs,/logs,file:///home/runner/work/ozone/ozone/hadoop-ozone/integration-test/target/log,STOPPED}
2021-08-10 07:01:47,712 [Listener at 127.0.0.1/43351] INFO  ozone.MiniOzoneClusterImpl (MiniOzoneClusterImpl.java:stopDatanodes(527)) - Stopping the HddsDatanodes
2021-08-10 07:01:47,817 [Datanode State Machine Thread - 0] INFO  statemachine.DatanodeStateMachine (DatanodeStateMachine.java:lambda$startDaemon$0(457)) - Ozone container server started.
2021-08-10 07:01:48,228 [Datanode State Machine Thread - 0] INFO  statemachine.DatanodeStateMachine (DatanodeStateMachine.java:lambda$startDaemon$0(457)) - Ozone container server started.
2021-08-10 07:01:49,537 [Command processor thread] INFO  server.RaftServer (RaftServerProxy.java:remove(106)) - 6b4f1d7a-7f8b-4ea3-931e-9057f129a70f: remove  FOLLOWER 6b4f1d7a-7f8b-4ea3-931e-9057f129a70f@group-920335F0079F:t4, leader=eff28ee8-57ea-45f2-9598-664172de0afc, voted=eff28ee8-57ea-45f2-9598-664172de0afc, raftlog=6b4f1d7a-7f8b-4ea3-931e-9057f129a70f@group-920335F0079F-SegmentedRaftLog:OPENED:c0,f0,i0, conf=0: [6b4f1d7a-7f8b-4ea3-931e-9057f129a70f|rpc:10.1.0.83:39569|dataStream:|priority:0, eff28ee8-57ea-45f2-9598-664172de0afc|rpc:10.1.0.83:37107|dataStream:|priority:1, c04a7c39-1cc1-427e-b561-bc84fdac11df|rpc:10.1.0.83:40237|dataStream:|priority:0], old=null RUNNING
2021-08-10 07:01:49,537 [Command processor thread] INFO  server.RaftServer$Division (RaftServerImpl.java:lambda$close$4(407)) - 6b4f1d7a-7f8b-4ea3-931e-9057f129a70f@group-920335F0079F: shutdown
2021-08-10 07:01:49,537 [Command processor thread] INFO  util.JmxRegister (JmxRegister.java:unregister(73)) - Successfully un-registered JMX Bean with object name Ratis:service=RaftServer,group=group-920335F0079F,id=6b4f1d7a-7f8b-4ea3-931e-9057f129a70f
2021-08-10 07:01:49,538 [Command processor thread] INFO  impl.RoleInfo (RoleInfo.java:shutdownFollowerState(108)) - 6b4f1d7a-7f8b-4ea3-931e-9057f129a70f: shutdown 6b4f1d7a-7f8b-4ea3-931e-9057f129a70f@group-920335F0079F-FollowerState
2021-08-10 07:01:49,538 [Command processor thread] INFO  impl.StateMachineUpdater (StateMachineUpdater.java:stopAndJoin(149)) - 6b4f1d7a-7f8b-4ea3-931e-9057f129a70f@group-920335F0079F-StateMachineUpdater: set stopIndex = 0
2021-08-10 07:01:49,539 [6b4f1d7a-7f8b-4ea3-931e-9057f129a70f@group-920335F0079F-StateMachineUpdater] INFO  ratis.ContainerStateMachine (ContainerStateMachine.java:takeSnapshot(291)) - group-920335F0079F: Taking a snapshot at:(t:4, i:0) file /home/runner/work/ozone/ozone/hadoop-ozone/integration-test/target/test-dir/MiniOzoneClusterImpl-fdc8fd63-cfc3-45c6-b077-7c3a44cbc127/datanode-2/data/ratis/31799dc1-e164-409e-9282-920335f0079f/sm/snapshot.4_0
2021-08-10 07:01:49,540 [6b4f1d7a-7f8b-4ea3-931e-9057f129a70f@group-920335F0079F-FollowerState] INFO  impl.FollowerState (FollowerState.java:run(143)) - 6b4f1d7a-7f8b-4ea3-931e-9057f129a70f@group-920335F0079F-FollowerState was interrupted: {}
java.lang.InterruptedException: sleep interrupted
	at java.lang.Thread.sleep(Native Method)
	at java.lang.Thread.sleep(Thread.java:340)
	at java.util.concurrent.TimeUnit.sleep(TimeUnit.java:386)
	at org.apache.ratis.util.TimeDuration.sleep(TimeDuration.java:324)
	at org.apache.ratis.util.TimeDuration.sleep(TimeDuration.java:309)
	at org.apache.ratis.server.impl.FollowerState.run(FollowerState.java:118)
2021-08-10 07:01:49,562 [6b4f1d7a-7f8b-4ea3-931e-9057f129a70f@group-920335F0079F-StateMachineUpdater] INFO  ratis.ContainerStateMachine (ContainerStateMachine.java:takeSnapshot(302)) - group-920335F0079F: Finished taking a snapshot at:(t:4, i:0) file:/home/runner/work/ozone/ozone/hadoop-ozone/integration-test/target/test-dir/MiniOzoneClusterImpl-fdc8fd63-cfc3-45c6-b077-7c3a44cbc127/datanode-2/data/ratis/31799dc1-e164-409e-9282-920335f0079f/sm/snapshot.4_0 took: 23 ms
2021-08-10 07:01:49,562 [6b4f1d7a-7f8b-4ea3-931e-9057f129a70f@group-920335F0079F-StateMachineUpdater] INFO  impl.StateMachineUpdater (StateMachineUpdater.java:takeSnapshot(281)) - 6b4f1d7a-7f8b-4ea3-931e-9057f129a70f@group-920335F0079F-StateMachineUpdater: Took a snapshot at index 0
2021-08-10 07:01:49,562 [6b4f1d7a-7f8b-4ea3-931e-9057f129a70f@group-920335F0079F-StateMachineUpdater] INFO  impl.StateMachineUpdater (StateMachineUpdater.java:lambda$new$0(89)) - 6b4f1d7a-7f8b-4ea3-931e-9057f129a70f@group-920335F0079F-StateMachineUpdater: snapshotIndex: updateIncreasingly -1 -> 0
2021-08-10 07:01:49,563 [Command processor thread] INFO  server.RaftServer$Division (ServerState.java:close(419)) - 6b4f1d7a-7f8b-4ea3-931e-9057f129a70f@group-920335F0079F: closes. applyIndex: 0
2021-08-10 07:01:49,563 [6b4f1d7a-7f8b-4ea3-931e-9057f129a70f@group-920335F0079F-SegmentedRaftLogWorker] INFO  segmented.SegmentedRaftLogWorker (SegmentedRaftLogWorker.java:run(327)) - 6b4f1d7a-7f8b-4ea3-931e-9057f129a70f@group-920335F0079F-SegmentedRaftLogWorker was interrupted, exiting. There are 0 tasks remaining in the queue.
2021-08-10 07:01:49,565 [Command processor thread] INFO  segmented.SegmentedRaftLogWorker (SegmentedRaftLogWorker.java:close(237)) - 6b4f1d7a-7f8b-4ea3-931e-9057f129a70f@group-920335F0079F-SegmentedRaftLogWorker close()
2021-08-10 07:01:49,567 [Command processor thread] INFO  server.RaftServer$Division (RaftServerImpl.java:groupRemove(377)) - 6b4f1d7a-7f8b-4ea3-931e-9057f129a70f@group-920335F0079F: Succeed to remove RaftStorageDirectory Storage Directory /home/runner/work/ozone/ozone/hadoop-ozone/integration-test/target/test-dir/MiniOzoneClusterImpl-fdc8fd63-cfc3-45c6-b077-7c3a44cbc127/datanode-2/data/ratis/31799dc1-e164-409e-9282-920335f0079f
2021-08-10 07:01:49,567 [Command processor thread] INFO  commandhandler.ClosePipelineCommandHandler (ClosePipelineCommandHandler.java:handle(75)) - Close Pipeline PipelineID=31799dc1-e164-409e-9282-920335f0079f command on datanode 6b4f1d7a-7f8b-4ea3-931e-9057f129a70f.
2021-08-10 07:01:52,728 [ForkJoinPool.commonPool-worker-0] INFO  ozoneimpl.OzoneContainer (OzoneContainer.java:stop(326)) - Attempting to stop container services.
2021-08-10 07:01:52,729 [Listener at 127.0.0.1/43351] INFO  ozoneimpl.OzoneContainer (OzoneContainer.java:stop(326)) - Attempting to stop container services.
2021-08-10 07:01:52,730 [Listener at 127.0.0.1/43351] INFO  server.RaftServer (RaftServerProxy.java:lambda$close$6(391)) - eff28ee8-57ea-45f2-9598-664172de0afc: close
2021-08-10 07:01:52,730 [Listener at 127.0.0.1/43351] INFO  server.RaftServer$Division (RaftServerImpl.java:lambda$close$4(407)) - eff28ee8-57ea-45f2-9598-664172de0afc@group-6460917F694B: shutdown
2021-08-10 07:01:52,730 [Listener at 127.0.0.1/43351] INFO  util.JmxRegister (JmxRegister.java:unregister(73)) - Successfully un-registered JMX Bean with object name Ratis:service=RaftServer,group=group-6460917F694B,id=eff28ee8-57ea-45f2-9598-664172de0afc
2021-08-10 07:01:52,730 [Listener at 127.0.0.1/43351] INFO  impl.RoleInfo (RoleInfo.java:shutdownLeaderState(91)) - eff28ee8-57ea-45f2-9598-664172de0afc: shutdown eff28ee8-57ea-45f2-9598-664172de0afc@group-6460917F694B-LeaderStateImpl
2021-08-10 07:01:52,731 [Listener at 127.0.0.1/43351] INFO  impl.PendingRequests (PendingRequests.java:sendNotLeaderResponses(249)) - eff28ee8-57ea-45f2-9598-664172de0afc@group-6460917F694B-PendingRequests: sendNotLeaderResponses
2021-08-10 07:01:52,732 [ForkJoinPool.commonPool-worker-0] INFO  server.RaftServer (RaftServerProxy.java:lambda$close$6(391)) - c04a7c39-1cc1-427e-b561-bc84fdac11df: close
2021-08-10 07:01:52,732 [ForkJoinPool.commonPool-worker-0] INFO  server.RaftServer$Division (RaftServerImpl.java:lambda$close$4(407)) - c04a7c39-1cc1-427e-b561-bc84fdac11df@group-2CEFE897AC6C: shutdown
2021-08-10 07:01:52,732 [ForkJoinPool.commonPool-worker-0] INFO  util.JmxRegister (JmxRegister.java:unregister(73)) - Successfully un-registered JMX Bean with object name Ratis:service=RaftServer,group=group-2CEFE897AC6C,id=c04a7c39-1cc1-427e-b561-bc84fdac11df
2021-08-10 07:01:52,732 [ForkJoinPool.commonPool-worker-0] INFO  impl.RoleInfo (RoleInfo.java:shutdownLeaderState(91)) - c04a7c39-1cc1-427e-b561-bc84fdac11df: shutdown c04a7c39-1cc1-427e-b561-bc84fdac11df@group-2CEFE897AC6C-LeaderStateImpl
2021-08-10 07:01:52,733 [ForkJoinPool.commonPool-worker-0] INFO  impl.PendingRequests (PendingRequests.java:sendNotLeaderResponses(249)) - c04a7c39-1cc1-427e-b561-bc84fdac11df@group-2CEFE897AC6C-PendingRequests: sendNotLeaderResponses
2021-08-10 07:01:52,738 [c04a7c39-1cc1-427e-b561-bc84fdac11df@group-2CEFE897AC6C-StateMachineUpdater] INFO  ratis.ContainerStateMachine (ContainerStateMachine.java:takeSnapshot(291)) - group-2CEFE897AC6C: Taking a snapshot at:(t:1, i:0) file /home/runner/work/ozone/ozone/hadoop-ozone/integration-test/target/test-dir/MiniOzoneClusterImpl-fdc8fd63-cfc3-45c6-b077-7c3a44cbc127/datanode-0/data/ratis/19407cc5-f25d-408b-ba90-2cefe897ac6c/sm/snapshot.1_0
2021-08-10 07:01:52,738 [ForkJoinPool.commonPool-worker-0] INFO  impl.StateMachineUpdater (StateMachineUpdater.java:stopAndJoin(149)) - c04a7c39-1cc1-427e-b561-bc84fdac11df@group-2CEFE897AC6C-StateMachineUpdater: set stopIndex = 0
2021-08-10 07:01:52,747 [eff28ee8-57ea-45f2-9598-664172de0afc@group-6460917F694B-StateMachineUpdater] INFO  ratis.ContainerStateMachine (ContainerStateMachine.java:takeSnapshot(291)) - group-6460917F694B: Taking a snapshot at:(t:1, i:0) file /home/runner/work/ozone/ozone/hadoop-ozone/integration-test/target/test-dir/MiniOzoneClusterImpl-fdc8fd63-cfc3-45c6-b077-7c3a44cbc127/datanode-1/data/ratis/473646d8-a5d9-4190-a5d4-6460917f694b/sm/snapshot.1_0
2021-08-10 07:01:52,747 [c04a7c39-1cc1-427e-b561-bc84fdac11df@group-2CEFE897AC6C-StateMachineUpdater] INFO  ratis.ContainerStateMachine (ContainerStateMachine.java:takeSnapshot(302)) - group-2CEFE897AC6C: Finished taking a snapshot at:(t:1, i:0) file:/home/runner/work/ozone/ozone/hadoop-ozone/integration-test/target/test-dir/MiniOzoneClusterImpl-fdc8fd63-cfc3-45c6-b077-7c3a44cbc127/datanode-0/data/ratis/19407cc5-f25d-408b-ba90-2cefe897ac6c/sm/snapshot.1_0 took: 10 ms
2021-08-10 07:01:52,748 [c04a7c39-1cc1-427e-b561-bc84fdac11df@group-2CEFE897AC6C-StateMachineUpdater] INFO  impl.StateMachineUpdater (StateMachineUpdater.java:takeSnapshot(281)) - c04a7c39-1cc1-427e-b561-bc84fdac11df@group-2CEFE897AC6C-StateMachineUpdater: Took a snapshot at index 0
2021-08-10 07:01:52,748 [c04a7c39-1cc1-427e-b561-bc84fdac11df@group-2CEFE897AC6C-StateMachineUpdater] INFO  impl.StateMachineUpdater (StateMachineUpdater.java:lambda$new$0(89)) - c04a7c39-1cc1-427e-b561-bc84fdac11df@group-2CEFE897AC6C-StateMachineUpdater: snapshotIndex: updateIncreasingly -1 -> 0
2021-08-10 07:01:52,748 [eff28ee8-57ea-45f2-9598-664172de0afc@group-6460917F694B-StateMachineUpdater] INFO  ratis.ContainerStateMachine (ContainerStateMachine.java:takeSnapshot(302)) - group-6460917F694B: Finished taking a snapshot at:(t:1, i:0) file:/home/runner/work/ozone/ozone/hadoop-ozone/integration-test/target/test-dir/MiniOzoneClusterImpl-fdc8fd63-cfc3-45c6-b077-7c3a44cbc127/datanode-1/data/ratis/473646d8-a5d9-4190-a5d4-6460917f694b/sm/snapshot.1_0 took: 1 ms
2021-08-10 07:01:52,748 [eff28ee8-57ea-45f2-9598-664172de0afc@group-6460917F694B-StateMachineUpdater] INFO  impl.StateMachineUpdater (StateMachineUpdater.java:takeSnapshot(281)) - eff28ee8-57ea-45f2-9598-664172de0afc@group-6460917F694B-StateMachineUpdater: Took a snapshot at index 0
2021-08-10 07:01:52,748 [eff28ee8-57ea-45f2-9598-664172de0afc@group-6460917F694B-StateMachineUpdater] INFO  impl.StateMachineUpdater (StateMachineUpdater.java:lambda$new$0(89)) - eff28ee8-57ea-45f2-9598-664172de0afc@group-6460917F694B-StateMachineUpdater: snapshotIndex: updateIncreasingly -1 -> 0
2021-08-10 07:01:52,749 [Listener at 127.0.0.1/43351] INFO  impl.StateMachineUpdater (StateMachineUpdater.java:stopAndJoin(149)) - eff28ee8-57ea-45f2-9598-664172de0afc@group-6460917F694B-StateMachineUpdater: set stopIndex = 0
2021-08-10 07:01:52,749 [Listener at 127.0.0.1/43351] INFO  server.RaftServer$Division (ServerState.java:close(419)) - eff28ee8-57ea-45f2-9598-664172de0afc@group-6460917F694B: closes. applyIndex: 0
2021-08-10 07:01:52,754 [ForkJoinPool.commonPool-worker-0] INFO  server.RaftServer$Division (ServerState.java:close(419)) - c04a7c39-1cc1-427e-b561-bc84fdac11df@group-2CEFE897AC6C: closes. applyIndex: 0
2021-08-10 07:01:52,754 [eff28ee8-57ea-45f2-9598-664172de0afc@group-6460917F694B-SegmentedRaftLogWorker] INFO  segmented.SegmentedRaftLogWorker (SegmentedRaftLogWorker.java:run(327)) - eff28ee8-57ea-45f2-9598-664172de0afc@group-6460917F694B-SegmentedRaftLogWorker was interrupted, exiting. There are 0 tasks remaining in the queue.
2021-08-10 07:01:52,754 [c04a7c39-1cc1-427e-b561-bc84fdac11df@group-2CEFE897AC6C-SegmentedRaftLogWorker] INFO  segmented.SegmentedRaftLogWorker (SegmentedRaftLogWorker.java:run(327)) - c04a7c39-1cc1-427e-b561-bc84fdac11df@group-2CEFE897AC6C-SegmentedRaftLogWorker was interrupted, exiting. There are 0 tasks remaining in the queue.
2021-08-10 07:01:52,756 [Listener at 127.0.0.1/43351] INFO  segmented.SegmentedRaftLogWorker (SegmentedRaftLogWorker.java:close(237)) - eff28ee8-57ea-45f2-9598-664172de0afc@group-6460917F694B-SegmentedRaftLogWorker close()
2021-08-10 07:01:52,757 [Listener at 127.0.0.1/43351] INFO  server.RaftServer$Division (RaftServerImpl.java:lambda$close$4(407)) - eff28ee8-57ea-45f2-9598-664172de0afc@group-7CAFE9D6E6C5: shutdown
2021-08-10 07:01:52,757 [Listener at 127.0.0.1/43351] INFO  util.JmxRegister (JmxRegister.java:unregister(73)) - Successfully un-registered JMX Bean with object name Ratis:service=RaftServer,group=group-7CAFE9D6E6C5,id=eff28ee8-57ea-45f2-9598-664172de0afc
2021-08-10 07:01:52,757 [Listener at 127.0.0.1/43351] INFO  impl.RoleInfo (RoleInfo.java:shutdownFollowerState(108)) - eff28ee8-57ea-45f2-9598-664172de0afc: shutdown eff28ee8-57ea-45f2-9598-664172de0afc@group-7CAFE9D6E6C5-FollowerState
2021-08-10 07:01:52,757 [eff28ee8-57ea-45f2-9598-664172de0afc@group-7CAFE9D6E6C5-FollowerState] INFO  impl.FollowerState (FollowerState.java:run(143)) - eff28ee8-57ea-45f2-9598-664172de0afc@group-7CAFE9D6E6C5-FollowerState was interrupted: {}
java.lang.InterruptedException: sleep interrupted
	at java.lang.Thread.sleep(Native Method)
	at java.lang.Thread.sleep(Thread.java:340)
	at java.util.concurrent.TimeUnit.sleep(TimeUnit.java:386)
	at org.apache.ratis.util.TimeDuration.sleep(TimeDuration.java:324)
	at org.apache.ratis.util.TimeDuration.sleep(TimeDuration.java:309)
	at org.apache.ratis.server.impl.FollowerState.run(FollowerState.java:118)
2021-08-10 07:01:52,761 [eff28ee8-57ea-45f2-9598-664172de0afc@group-7CAFE9D6E6C5-StateMachineUpdater] INFO  ratis.ContainerStateMachine (ContainerStateMachine.java:takeSnapshot(291)) - group-7CAFE9D6E6C5: Taking a snapshot at:(t:4, i:0) file /home/runner/work/ozone/ozone/hadoop-ozone/integration-test/target/test-dir/MiniOzoneClusterImpl-fdc8fd63-cfc3-45c6-b077-7c3a44cbc127/datanode-1/data/ratis/c9eaf022-fdb1-4210-b0ec-7cafe9d6e6c5/sm/snapshot.4_0
2021-08-10 07:01:52,762 [eff28ee8-57ea-45f2-9598-664172de0afc@group-7CAFE9D6E6C5-StateMachineUpdater] INFO  ratis.ContainerStateMachine (ContainerStateMachine.java:takeSnapshot(302)) - group-7CAFE9D6E6C5: Finished taking a snapshot at:(t:4, i:0) file:/home/runner/work/ozone/ozone/hadoop-ozone/integration-test/target/test-dir/MiniOzoneClusterImpl-fdc8fd63-cfc3-45c6-b077-7c3a44cbc127/datanode-1/data/ratis/c9eaf022-fdb1-4210-b0ec-7cafe9d6e6c5/sm/snapshot.4_0 took: 2 ms
2021-08-10 07:01:52,762 [eff28ee8-57ea-45f2-9598-664172de0afc@group-7CAFE9D6E6C5-StateMachineUpdater] INFO  impl.StateMachineUpdater (StateMachineUpdater.java:takeSnapshot(281)) - eff28ee8-57ea-45f2-9598-664172de0afc@group-7CAFE9D6E6C5-StateMachineUpdater: Took a snapshot at index 0
2021-08-10 07:01:52,763 [eff28ee8-57ea-45f2-9598-664172de0afc@group-7CAFE9D6E6C5-StateMachineUpdater] INFO  impl.StateMachineUpdater (StateMachineUpdater.java:lambda$new$0(89)) - eff28ee8-57ea-45f2-9598-664172de0afc@group-7CAFE9D6E6C5-StateMachineUpdater: snapshotIndex: updateIncreasingly -1 -> 0
2021-08-10 07:01:52,786 [Listener at 127.0.0.1/43351] INFO  impl.StateMachineUpdater (StateMachineUpdater.java:stopAndJoin(149)) - eff28ee8-57ea-45f2-9598-664172de0afc@group-7CAFE9D6E6C5-StateMachineUpdater: set stopIndex = 0
2021-08-10 07:01:52,787 [Listener at 127.0.0.1/43351] INFO  server.RaftServer$Division (ServerState.java:close(419)) - eff28ee8-57ea-45f2-9598-664172de0afc@group-7CAFE9D6E6C5: closes. applyIndex: 0
2021-08-10 07:01:52,771 [ForkJoinPool.commonPool-worker-0] INFO  segmented.SegmentedRaftLogWorker (SegmentedRaftLogWorker.java:close(237)) - c04a7c39-1cc1-427e-b561-bc84fdac11df@group-2CEFE897AC6C-SegmentedRaftLogWorker close()
2021-08-10 07:01:52,788 [eff28ee8-57ea-45f2-9598-664172de0afc@group-7CAFE9D6E6C5-SegmentedRaftLogWorker] INFO  segmented.SegmentedRaftLogWorker (SegmentedRaftLogWorker.java:run(327)) - eff28ee8-57ea-45f2-9598-664172de0afc@group-7CAFE9D6E6C5-SegmentedRaftLogWorker was interrupted, exiting. There are 0 tasks remaining in the queue.
2021-08-10 07:01:52,794 [ForkJoinPool.commonPool-worker-0] INFO  server.RaftServer$Division (RaftServerImpl.java:lambda$close$4(407)) - c04a7c39-1cc1-427e-b561-bc84fdac11df@group-7CAFE9D6E6C5: shutdown
2021-08-10 07:01:52,794 [ForkJoinPool.commonPool-worker-0] INFO  util.JmxRegister (JmxRegister.java:unregister(73)) - Successfully un-registered JMX Bean with object name Ratis:service=RaftServer,group=group-7CAFE9D6E6C5,id=c04a7c39-1cc1-427e-b561-bc84fdac11df
2021-08-10 07:01:52,794 [ForkJoinPool.commonPool-worker-0] INFO  impl.RoleInfo (RoleInfo.java:shutdownFollowerState(108)) - c04a7c39-1cc1-427e-b561-bc84fdac11df: shutdown c04a7c39-1cc1-427e-b561-bc84fdac11df@group-7CAFE9D6E6C5-FollowerState
2021-08-10 07:01:52,794 [ForkJoinPool.commonPool-worker-0] INFO  impl.StateMachineUpdater (StateMachineUpdater.java:stopAndJoin(149)) - c04a7c39-1cc1-427e-b561-bc84fdac11df@group-7CAFE9D6E6C5-StateMachineUpdater: set stopIndex = 0
2021-08-10 07:01:52,795 [c04a7c39-1cc1-427e-b561-bc84fdac11df@group-7CAFE9D6E6C5-FollowerState] INFO  impl.FollowerState (FollowerState.java:run(143)) - c04a7c39-1cc1-427e-b561-bc84fdac11df@group-7CAFE9D6E6C5-FollowerState was interrupted: {}
java.lang.InterruptedException: sleep interrupted
	at java.lang.Thread.sleep(Native Method)
	at java.lang.Thread.sleep(Thread.java:340)
	at java.util.concurrent.TimeUnit.sleep(TimeUnit.java:386)
	at org.apache.ratis.util.TimeDuration.sleep(TimeDuration.java:324)
	at org.apache.ratis.util.TimeDuration.sleep(TimeDuration.java:309)
	at org.apache.ratis.server.impl.FollowerState.run(FollowerState.java:118)
2021-08-10 07:01:52,795 [c04a7c39-1cc1-427e-b561-bc84fdac11df@group-7CAFE9D6E6C5-StateMachineUpdater] INFO  ratis.ContainerStateMachine (ContainerStateMachine.java:takeSnapshot(291)) - group-7CAFE9D6E6C5: Taking a snapshot at:(t:4, i:0) file /home/runner/work/ozone/ozone/hadoop-ozone/integration-test/target/test-dir/MiniOzoneClusterImpl-fdc8fd63-cfc3-45c6-b077-7c3a44cbc127/datanode-0/data/ratis/c9eaf022-fdb1-4210-b0ec-7cafe9d6e6c5/sm/snapshot.4_0
2021-08-10 07:01:52,797 [c04a7c39-1cc1-427e-b561-bc84fdac11df@group-7CAFE9D6E6C5-StateMachineUpdater] INFO  ratis.ContainerStateMachine (ContainerStateMachine.java:takeSnapshot(302)) - group-7CAFE9D6E6C5: Finished taking a snapshot at:(t:4, i:0) file:/home/runner/work/ozone/ozone/hadoop-ozone/integration-test/target/test-dir/MiniOzoneClusterImpl-fdc8fd63-cfc3-45c6-b077-7c3a44cbc127/datanode-0/data/ratis/c9eaf022-fdb1-4210-b0ec-7cafe9d6e6c5/sm/snapshot.4_0 took: 2 ms
2021-08-10 07:01:52,797 [c04a7c39-1cc1-427e-b561-bc84fdac11df@group-7CAFE9D6E6C5-StateMachineUpdater] INFO  impl.StateMachineUpdater (StateMachineUpdater.java:takeSnapshot(281)) - c04a7c39-1cc1-427e-b561-bc84fdac11df@group-7CAFE9D6E6C5-StateMachineUpdater: Took a snapshot at index 0
2021-08-10 07:01:52,797 [c04a7c39-1cc1-427e-b561-bc84fdac11df@group-7CAFE9D6E6C5-StateMachineUpdater] INFO  impl.StateMachineUpdater (StateMachineUpdater.java:lambda$new$0(89)) - c04a7c39-1cc1-427e-b561-bc84fdac11df@group-7CAFE9D6E6C5-StateMachineUpdater: snapshotIndex: updateIncreasingly -1 -> 0
2021-08-10 07:01:52,798 [ForkJoinPool.commonPool-worker-0] INFO  server.RaftServer$Division (ServerState.java:close(419)) - c04a7c39-1cc1-427e-b561-bc84fdac11df@group-7CAFE9D6E6C5: closes. applyIndex: 0
2021-08-10 07:01:52,798 [c04a7c39-1cc1-427e-b561-bc84fdac11df@group-7CAFE9D6E6C5-SegmentedRaftLogWorker] INFO  segmented.SegmentedRaftLogWorker (SegmentedRaftLogWorker.java:run(327)) - c04a7c39-1cc1-427e-b561-bc84fdac11df@group-7CAFE9D6E6C5-SegmentedRaftLogWorker was interrupted, exiting. There are 0 tasks remaining in the queue.
2021-08-10 07:01:52,802 [ForkJoinPool.commonPool-worker-0] INFO  segmented.SegmentedRaftLogWorker (SegmentedRaftLogWorker.java:close(237)) - c04a7c39-1cc1-427e-b561-bc84fdac11df@group-7CAFE9D6E6C5-SegmentedRaftLogWorker close()
2021-08-10 07:01:52,803 [ForkJoinPool.commonPool-worker-0] INFO  server.RaftServer$Division (RaftServerImpl.java:lambda$close$4(407)) - c04a7c39-1cc1-427e-b561-bc84fdac11df@group-920335F0079F: shutdown
2021-08-10 07:01:52,804 [ForkJoinPool.commonPool-worker-0] INFO  util.JmxRegister (JmxRegister.java:unregister(73)) - Successfully un-registered JMX Bean with object name Ratis:service=RaftServer,group=group-920335F0079F,id=c04a7c39-1cc1-427e-b561-bc84fdac11df
2021-08-10 07:01:52,804 [ForkJoinPool.commonPool-worker-0] INFO  impl.RoleInfo (RoleInfo.java:shutdownFollowerState(108)) - c04a7c39-1cc1-427e-b561-bc84fdac11df: shutdown c04a7c39-1cc1-427e-b561-bc84fdac11df@group-920335F0079F-FollowerState
2021-08-10 07:01:52,804 [ForkJoinPool.commonPool-worker-0] INFO  impl.StateMachineUpdater (StateMachineUpdater.java:stopAndJoin(149)) - c04a7c39-1cc1-427e-b561-bc84fdac11df@group-920335F0079F-StateMachineUpdater: set stopIndex = 0
2021-08-10 07:01:52,804 [c04a7c39-1cc1-427e-b561-bc84fdac11df@group-920335F0079F-FollowerState] INFO  impl.FollowerState (FollowerState.java:run(143)) - c04a7c39-1cc1-427e-b561-bc84fdac11df@group-920335F0079F-FollowerState was interrupted: {}
java.lang.InterruptedException: sleep interrupted
	at java.lang.Thread.sleep(Native Method)
	at java.lang.Thread.sleep(Thread.java:340)
	at java.util.concurrent.TimeUnit.sleep(TimeUnit.java:386)
	at org.apache.ratis.util.TimeDuration.sleep(TimeDuration.java:324)
	at org.apache.ratis.util.TimeDuration.sleep(TimeDuration.java:309)
	at org.apache.ratis.server.impl.FollowerState.run(FollowerState.java:118)
2021-08-10 07:01:52,804 [c04a7c39-1cc1-427e-b561-bc84fdac11df@group-920335F0079F-StateMachineUpdater] INFO  ratis.ContainerStateMachine (ContainerStateMachine.java:takeSnapshot(291)) - group-920335F0079F: Taking a snapshot at:(t:4, i:0) file /home/runner/work/ozone/ozone/hadoop-ozone/integration-test/target/test-dir/MiniOzoneClusterImpl-fdc8fd63-cfc3-45c6-b077-7c3a44cbc127/datanode-0/data/ratis/31799dc1-e164-409e-9282-920335f0079f/sm/snapshot.4_0
2021-08-10 07:01:52,805 [c04a7c39-1cc1-427e-b561-bc84fdac11df@group-920335F0079F-StateMachineUpdater] INFO  ratis.ContainerStateMachine (ContainerStateMachine.java:takeSnapshot(302)) - group-920335F0079F: Finished taking a snapshot at:(t:4, i:0) file:/home/runner/work/ozone/ozone/hadoop-ozone/integration-test/target/test-dir/MiniOzoneClusterImpl-fdc8fd63-cfc3-45c6-b077-7c3a44cbc127/datanode-0/data/ratis/31799dc1-e164-409e-9282-920335f0079f/sm/snapshot.4_0 took: 1 ms
2021-08-10 07:01:52,806 [c04a7c39-1cc1-427e-b561-bc84fdac11df@group-920335F0079F-StateMachineUpdater] INFO  impl.StateMachineUpdater (StateMachineUpdater.java:takeSnapshot(281)) - c04a7c39-1cc1-427e-b561-bc84fdac11df@group-920335F0079F-StateMachineUpdater: Took a snapshot at index 0
2021-08-10 07:01:52,806 [c04a7c39-1cc1-427e-b561-bc84fdac11df@group-920335F0079F-StateMachineUpdater] INFO  impl.StateMachineUpdater (StateMachineUpdater.java:lambda$new$0(89)) - c04a7c39-1cc1-427e-b561-bc84fdac11df@group-920335F0079F-StateMachineUpdater: snapshotIndex: updateIncreasingly -1 -> 0
2021-08-10 07:01:52,806 [ForkJoinPool.commonPool-worker-0] INFO  server.RaftServer$Division (ServerState.java:close(419)) - c04a7c39-1cc1-427e-b561-bc84fdac11df@group-920335F0079F: closes. applyIndex: 0
2021-08-10 07:01:52,806 [c04a7c39-1cc1-427e-b561-bc84fdac11df@group-920335F0079F-SegmentedRaftLogWorker] INFO  segmented.SegmentedRaftLogWorker (SegmentedRaftLogWorker.java:run(327)) - c04a7c39-1cc1-427e-b561-bc84fdac11df@group-920335F0079F-SegmentedRaftLogWorker was interrupted, exiting. There are 0 tasks remaining in the queue.
2021-08-10 07:01:52,807 [ForkJoinPool.commonPool-worker-0] INFO  segmented.SegmentedRaftLogWorker (SegmentedRaftLogWorker.java:close(237)) - c04a7c39-1cc1-427e-b561-bc84fdac11df@group-920335F0079F-SegmentedRaftLogWorker close()
2021-08-10 07:01:52,808 [ForkJoinPool.commonPool-worker-0] INFO  server.GrpcService (GrpcService.java:closeImpl(262)) - c04a7c39-1cc1-427e-b561-bc84fdac11df: shutdown server with port 40237 now
2021-08-10 07:01:52,814 [Listener at 127.0.0.1/43351] INFO  segmented.SegmentedRaftLogWorker (SegmentedRaftLogWorker.java:close(237)) - eff28ee8-57ea-45f2-9598-664172de0afc@group-7CAFE9D6E6C5-SegmentedRaftLogWorker close()
2021-08-10 07:01:52,816 [Listener at 127.0.0.1/43351] INFO  server.RaftServer$Division (RaftServerImpl.java:lambda$close$4(407)) - eff28ee8-57ea-45f2-9598-664172de0afc@group-920335F0079F: shutdown
2021-08-10 07:01:52,816 [Listener at 127.0.0.1/43351] INFO  util.JmxRegister (JmxRegister.java:unregister(73)) - Successfully un-registered JMX Bean with object name Ratis:service=RaftServer,group=group-920335F0079F,id=eff28ee8-57ea-45f2-9598-664172de0afc
2021-08-10 07:01:52,816 [Listener at 127.0.0.1/43351] INFO  impl.RoleInfo (RoleInfo.java:shutdownLeaderState(91)) - eff28ee8-57ea-45f2-9598-664172de0afc: shutdown eff28ee8-57ea-45f2-9598-664172de0afc@group-920335F0079F-LeaderStateImpl
2021-08-10 07:01:52,817 [Listener at 127.0.0.1/43351] INFO  impl.PendingRequests (PendingRequests.java:sendNotLeaderResponses(249)) - eff28ee8-57ea-45f2-9598-664172de0afc@group-920335F0079F-PendingRequests: sendNotLeaderResponses
2021-08-10 07:01:52,817 [eff28ee8-57ea-45f2-9598-664172de0afc@group-920335F0079F->6b4f1d7a-7f8b-4ea3-931e-9057f129a70f-GrpcLogAppender-LogAppenderDaemon] WARN  server.GrpcLogAppender (GrpcLogAppender.java:mayWait(175)) - eff28ee8-57ea-45f2-9598-664172de0afc@group-920335F0079F->6b4f1d7a-7f8b-4ea3-931e-9057f129a70f-GrpcLogAppender: Wait interrupted by java.lang.InterruptedException
2021-08-10 07:01:52,818 [grpc-default-executor-3] INFO  server.GrpcServerProtocolService (GrpcServerProtocolService.java:onCompleted(140)) - 6b4f1d7a-7f8b-4ea3-931e-9057f129a70f: Completed APPEND_ENTRIES, lastRequest: eff28ee8-57ea-45f2-9598-664172de0afc->6b4f1d7a-7f8b-4ea3-931e-9057f129a70f#1-t4,previous=(t:0, i:0),leaderCommit=-1,initializing? true,entries: size=1, first=(t:4, i:0), CONFIGURATIONENTRY
2021-08-10 07:01:52,818 [eff28ee8-57ea-45f2-9598-664172de0afc@group-920335F0079F->c04a7c39-1cc1-427e-b561-bc84fdac11df-GrpcLogAppender-LogAppenderDaemon] WARN  server.GrpcLogAppender (GrpcLogAppender.java:mayWait(175)) - eff28ee8-57ea-45f2-9598-664172de0afc@group-920335F0079F->c04a7c39-1cc1-427e-b561-bc84fdac11df-GrpcLogAppender: Wait interrupted by java.lang.InterruptedException
2021-08-10 07:01:52,819 [Listener at 127.0.0.1/43351] INFO  impl.StateMachineUpdater (StateMachineUpdater.java:stopAndJoin(149)) - eff28ee8-57ea-45f2-9598-664172de0afc@group-920335F0079F-StateMachineUpdater: set stopIndex = 0
2021-08-10 07:01:52,819 [grpc-default-executor-0] INFO  server.GrpcServerProtocolService (GrpcServerProtocolService.java:onCompleted(140)) - c04a7c39-1cc1-427e-b561-bc84fdac11df: Completed APPEND_ENTRIES, lastRequest: eff28ee8-57ea-45f2-9598-664172de0afc->c04a7c39-1cc1-427e-b561-bc84fdac11df#1-t4,previous=(t:0, i:0),leaderCommit=-1,initializing? true,entries: size=1, first=(t:4, i:0), CONFIGURATIONENTRY
2021-08-10 07:01:52,820 [grpc-default-executor-1] WARN  server.GrpcServerProtocolService (LogUtils.java:warn(122)) - c04a7c39-1cc1-427e-b561-bc84fdac11df: installSnapshot onError, lastRequest: 6b4f1d7a-7f8b-4ea3-931e-9057f129a70f->c04a7c39-1cc1-427e-b561-bc84fdac11df#1-t4,previous=(t:0, i:0),leaderCommit=0,initializing? true,entries: size=1, first=(t:4, i:0), CONFIGURATIONENTRY: org.apache.ratis.thirdparty.io.grpc.StatusRuntimeException: CANCELLED: client cancelled
2021-08-10 07:01:52,821 [ForkJoinPool.commonPool-worker-0] INFO  server.GrpcService (GrpcService.java:closeImpl(271)) - c04a7c39-1cc1-427e-b561-bc84fdac11df: shutdown server with port 40237 successfully
2021-08-10 07:01:52,821 [grpc-default-executor-1] INFO  server.GrpcLogAppender (GrpcLogAppender.java:onError(333)) - eff28ee8-57ea-45f2-9598-664172de0afc@group-920335F0079F->c04a7c39-1cc1-427e-b561-bc84fdac11df-GrpcLogAppender is stopped
2021-08-10 07:01:52,822 [eff28ee8-57ea-45f2-9598-664172de0afc@group-920335F0079F-StateMachineUpdater] INFO  ratis.ContainerStateMachine (ContainerStateMachine.java:takeSnapshot(291)) - group-920335F0079F: Taking a snapshot at:(t:4, i:0) file /home/runner/work/ozone/ozone/hadoop-ozone/integration-test/target/test-dir/MiniOzoneClusterImpl-fdc8fd63-cfc3-45c6-b077-7c3a44cbc127/datanode-1/data/ratis/31799dc1-e164-409e-9282-920335f0079f/sm/snapshot.4_0
2021-08-10 07:01:52,823 [eff28ee8-57ea-45f2-9598-664172de0afc@group-920335F0079F-StateMachineUpdater] INFO  ratis.ContainerStateMachine (ContainerStateMachine.java:takeSnapshot(302)) - group-920335F0079F: Finished taking a snapshot at:(t:4, i:0) file:/home/runner/work/ozone/ozone/hadoop-ozone/integration-test/target/test-dir/MiniOzoneClusterImpl-fdc8fd63-cfc3-45c6-b077-7c3a44cbc127/datanode-1/data/ratis/31799dc1-e164-409e-9282-920335f0079f/sm/snapshot.4_0 took: 1 ms
2021-08-10 07:01:52,823 [eff28ee8-57ea-45f2-9598-664172de0afc@group-920335F0079F-StateMachineUpdater] INFO  impl.StateMachineUpdater (StateMachineUpdater.java:takeSnapshot(281)) - eff28ee8-57ea-45f2-9598-664172de0afc@group-920335F0079F-StateMachineUpdater: Took a snapshot at index 0
2021-08-10 07:01:52,823 [grpc-default-executor-0] INFO  server.GrpcLogAppender (GrpcLogAppender.java:onCompleted(344)) - eff28ee8-57ea-45f2-9598-664172de0afc@group-920335F0079F->6b4f1d7a-7f8b-4ea3-931e-9057f129a70f-AppendLogResponseHandler: follower responses appendEntries COMPLETED
2021-08-10 07:01:52,823 [grpc-default-executor-0] INFO  leader.FollowerInfo (FollowerInfoImpl.java:lambda$new$0(46)) - eff28ee8-57ea-45f2-9598-664172de0afc@group-920335F0079F->6b4f1d7a-7f8b-4ea3-931e-9057f129a70f: nextIndex: updateUnconditionally 1 -> 0
2021-08-10 07:01:52,823 [org.apache.ratis.util.JvmPauseMonitor$$Lambda$531/1482834434@6e1f94fa] INFO  util.JvmPauseMonitor (JvmPauseMonitor.java:run(109)) - JvmPauseMonitor-c04a7c39-1cc1-427e-b561-bc84fdac11df: Stopped
2021-08-10 07:01:52,823 [eff28ee8-57ea-45f2-9598-664172de0afc@group-920335F0079F-StateMachineUpdater] INFO  impl.StateMachineUpdater (StateMachineUpdater.java:lambda$new$0(89)) - eff28ee8-57ea-45f2-9598-664172de0afc@group-920335F0079F-StateMachineUpdater: snapshotIndex: updateIncreasingly -1 -> 0
2021-08-10 07:01:52,824 [Listener at 127.0.0.1/43351] INFO  server.RaftServer$Division (ServerState.java:close(419)) - eff28ee8-57ea-45f2-9598-664172de0afc@group-920335F0079F: closes. applyIndex: 0
2021-08-10 07:01:52,826 [eff28ee8-57ea-45f2-9598-664172de0afc@group-920335F0079F-SegmentedRaftLogWorker] INFO  segmented.SegmentedRaftLogWorker (SegmentedRaftLogWorker.java:run(327)) - eff28ee8-57ea-45f2-9598-664172de0afc@group-920335F0079F-SegmentedRaftLogWorker was interrupted, exiting. There are 0 tasks remaining in the queue.
2021-08-10 07:01:52,833 [ForkJoinPool.commonPool-worker-0] INFO  utils.BackgroundService (BackgroundService.java:shutdown(132)) - Shutting down service BlockDeletingService
2021-08-10 07:01:52,854 [grpc-default-executor-4] WARN  server.GrpcLogAppender (LogUtils.java:warn(122)) - 6b4f1d7a-7f8b-4ea3-931e-9057f129a70f@group-7CAFE9D6E6C5->c04a7c39-1cc1-427e-b561-bc84fdac11df-AppendLogResponseHandler: Failed appendEntries: org.apache.ratis.thirdparty.io.grpc.StatusRuntimeException: CANCELLED: HTTP/2 error code: CANCEL
Received Rst Stream
2021-08-10 07:01:52,855 [grpc-default-executor-4] WARN  server.GrpcLogAppender (GrpcLogAppender.java:resetClient(111)) - 6b4f1d7a-7f8b-4ea3-931e-9057f129a70f@group-7CAFE9D6E6C5->c04a7c39-1cc1-427e-b561-bc84fdac11df-GrpcLogAppender: Leader has not got in touch with Follower 6b4f1d7a-7f8b-4ea3-931e-9057f129a70f@group-7CAFE9D6E6C5->c04a7c39-1cc1-427e-b561-bc84fdac11df(c0,m0,n1, attendVote=true, lastRpcSendTime=622, lastRpcResponseTime=614) yet, just keep nextIndex unchanged and retry.
2021-08-10 07:01:52,881 [Listener at 127.0.0.1/43351] INFO  segmented.SegmentedRaftLogWorker (SegmentedRaftLogWorker.java:close(237)) - eff28ee8-57ea-45f2-9598-664172de0afc@group-920335F0079F-SegmentedRaftLogWorker close()
2021-08-10 07:01:52,905 [Listener at 127.0.0.1/43351] INFO  server.GrpcService (GrpcService.java:closeImpl(262)) - eff28ee8-57ea-45f2-9598-664172de0afc: shutdown server with port 37107 now
2021-08-10 07:01:52,907 [grpc-default-executor-0] WARN  server.GrpcServerProtocolService (LogUtils.java:warn(122)) - eff28ee8-57ea-45f2-9598-664172de0afc: installSnapshot onError, lastRequest: 6b4f1d7a-7f8b-4ea3-931e-9057f129a70f->eff28ee8-57ea-45f2-9598-664172de0afc#1-t4,previous=(t:0, i:0),leaderCommit=0,initializing? true,entries: size=1, first=(t:4, i:0), CONFIGURATIONENTRY: org.apache.ratis.thirdparty.io.grpc.StatusRuntimeException: CANCELLED: client cancelled
2021-08-10 07:01:52,907 [grpc-default-executor-3] WARN  server.GrpcLogAppender (LogUtils.java:warn(122)) - 6b4f1d7a-7f8b-4ea3-931e-9057f129a70f@group-7CAFE9D6E6C5->eff28ee8-57ea-45f2-9598-664172de0afc-AppendLogResponseHandler: Failed appendEntries: org.apache.ratis.thirdparty.io.grpc.StatusRuntimeException: CANCELLED: HTTP/2 error code: CANCEL
Received Rst Stream
2021-08-10 07:01:52,907 [grpc-default-executor-3] WARN  server.GrpcLogAppender (GrpcLogAppender.java:resetClient(111)) - 6b4f1d7a-7f8b-4ea3-931e-9057f129a70f@group-7CAFE9D6E6C5->eff28ee8-57ea-45f2-9598-664172de0afc-GrpcLogAppender: Leader has not got in touch with Follower 6b4f1d7a-7f8b-4ea3-931e-9057f129a70f@group-7CAFE9D6E6C5->eff28ee8-57ea-45f2-9598-664172de0afc(c0,m0,n1, attendVote=true, lastRpcSendTime=600, lastRpcResponseTime=575) yet, just keep nextIndex unchanged and retry.
2021-08-10 07:01:52,910 [Listener at 127.0.0.1/43351] INFO  server.GrpcService (GrpcService.java:closeImpl(271)) - eff28ee8-57ea-45f2-9598-664172de0afc: shutdown server with port 37107 successfully
2021-08-10 07:01:52,910 [org.apache.ratis.util.JvmPauseMonitor$$Lambda$531/1482834434@447f3e49] INFO  util.JvmPauseMonitor (JvmPauseMonitor.java:run(109)) - JvmPauseMonitor-eff28ee8-57ea-45f2-9598-664172de0afc: Stopped
2021-08-10 07:01:52,910 [Listener at 127.0.0.1/43351] INFO  utils.BackgroundService (BackgroundService.java:shutdown(132)) - Shutting down service BlockDeletingService
2021-08-10 07:01:54,785 [grpc-default-executor-3] WARN  server.GrpcLogAppender (LogUtils.java:warn(122)) - 6b4f1d7a-7f8b-4ea3-931e-9057f129a70f@group-7CAFE9D6E6C5->c04a7c39-1cc1-427e-b561-bc84fdac11df-AppendLogResponseHandler: Failed appendEntries: org.apache.ratis.thirdparty.io.grpc.StatusRuntimeException: UNAVAILABLE: io exception
2021-08-10 07:01:54,786 [grpc-default-executor-3] WARN  server.GrpcLogAppender (GrpcLogAppender.java:resetClient(111)) - 6b4f1d7a-7f8b-4ea3-931e-9057f129a70f@group-7CAFE9D6E6C5->c04a7c39-1cc1-427e-b561-bc84fdac11df-GrpcLogAppender: Leader has not got in touch with Follower 6b4f1d7a-7f8b-4ea3-931e-9057f129a70f@group-7CAFE9D6E6C5->c04a7c39-1cc1-427e-b561-bc84fdac11df(c0,m0,n1, attendVote=true, lastRpcSendTime=2553, lastRpcResponseTime=2546) yet, just keep nextIndex unchanged and retry.
2021-08-10 07:01:54,856 [grpc-default-executor-3] WARN  server.GrpcLogAppender (LogUtils.java:warn(122)) - 6b4f1d7a-7f8b-4ea3-931e-9057f129a70f@group-7CAFE9D6E6C5->eff28ee8-57ea-45f2-9598-664172de0afc-AppendLogResponseHandler: Failed appendEntries: org.apache.ratis.thirdparty.io.grpc.StatusRuntimeException: UNAVAILABLE: io exception
2021-08-10 07:01:54,857 [grpc-default-executor-3] WARN  server.GrpcLogAppender (GrpcLogAppender.java:resetClient(111)) - 6b4f1d7a-7f8b-4ea3-931e-9057f129a70f@group-7CAFE9D6E6C5->eff28ee8-57ea-45f2-9598-664172de0afc-GrpcLogAppender: Leader has not got in touch with Follower 6b4f1d7a-7f8b-4ea3-931e-9057f129a70f@group-7CAFE9D6E6C5->eff28ee8-57ea-45f2-9598-664172de0afc(c0,m0,n1, attendVote=true, lastRpcSendTime=0, lastRpcResponseTime=2525) yet, just keep nextIndex unchanged and retry.
2021-08-10 07:01:55,850 [ForkJoinPool.commonPool-worker-0] INFO  statemachine.DatanodeStateMachine (DatanodeStateMachine.java:stopDaemon(515)) - Ozone container server stopped.
2021-08-10 07:01:55,922 [Listener at 127.0.0.1/43351] INFO  statemachine.DatanodeStateMachine (DatanodeStateMachine.java:stopDaemon(515)) - Ozone container server stopped.
2021-08-10 07:01:55,934 [Listener at 127.0.0.1/43351] INFO  handler.ContextHandler (ContextHandler.java:doStop(1153)) - Stopped o.e.j.w.WebAppContext@742cd8bd{hddsDatanode,/,null,STOPPED}{jar:file:/home/runner/.m2/repository/org/apache/ozone/hdds-container-service/1.2.0-SNAPSHOT/hdds-container-service-1.2.0-SNAPSHOT.jar!/webapps/hddsDatanode}
2021-08-10 07:01:55,935 [ForkJoinPool.commonPool-worker-0] INFO  handler.ContextHandler (ContextHandler.java:doStop(1153)) - Stopped o.e.j.w.WebAppContext@63483e8e{hddsDatanode,/,null,STOPPED}{jar:file:/home/runner/.m2/repository/org/apache/ozone/hdds-container-service/1.2.0-SNAPSHOT/hdds-container-service-1.2.0-SNAPSHOT.jar!/webapps/hddsDatanode}
2021-08-10 07:01:55,935 [Listener at 127.0.0.1/43351] INFO  server.AbstractConnector (AbstractConnector.java:doStop(381)) - Stopped ServerConnector@19ec56a6{HTTP/1.1, (http/1.1)}{0.0.0.0:0}
2021-08-10 07:01:55,935 [ForkJoinPool.commonPool-worker-0] INFO  server.AbstractConnector (AbstractConnector.java:doStop(381)) - Stopped ServerConnector@5ea1b4a8{HTTP/1.1, (http/1.1)}{0.0.0.0:0}
2021-08-10 07:01:55,936 [ForkJoinPool.commonPool-worker-0] INFO  server.session (HouseKeeper.java:stopScavenging(149)) - node0 Stopped scavenging
2021-08-10 07:01:55,935 [Listener at 127.0.0.1/43351] INFO  server.session (HouseKeeper.java:stopScavenging(149)) - node0 Stopped scavenging
2021-08-10 07:01:55,961 [Listener at 127.0.0.1/43351] INFO  handler.ContextHandler (ContextHandler.java:doStop(1153)) - Stopped o.e.j.s.ServletContextHandler@50283b78{static,/static,jar:file:/home/runner/.m2/repository/org/apache/ozone/hdds-container-service/1.2.0-SNAPSHOT/hdds-container-service-1.2.0-SNAPSHOT.jar!/webapps/static,STOPPED}
2021-08-10 07:01:55,961 [Listener at 127.0.0.1/43351] INFO  handler.ContextHandler (ContextHandler.java:doStop(1153)) - Stopped o.e.j.s.ServletContextHandler@779f6450{logs,/logs,file:///home/runner/work/ozone/ozone/hadoop-ozone/integration-test/target/log,STOPPED}
2021-08-10 07:01:55,961 [ForkJoinPool.commonPool-worker-0] INFO  handler.ContextHandler (ContextHandler.java:doStop(1153)) - Stopped o.e.j.s.ServletContextHandler@7c1c8bb1{static,/static,jar:file:/home/runner/.m2/repository/org/apache/ozone/hdds-container-service/1.2.0-SNAPSHOT/hdds-container-service-1.2.0-SNAPSHOT.jar!/webapps/static,STOPPED}
2021-08-10 07:01:55,965 [ForkJoinPool.commonPool-worker-0] INFO  handler.ContextHandler (ContextHandler.java:doStop(1153)) - Stopped o.e.j.s.ServletContextHandler@367d53be{logs,/logs,file:///home/runner/work/ozone/ozone/hadoop-ozone/integration-test/target/log,STOPPED}
2021-08-10 07:01:56,544 [Datanode State Machine Thread - 0] INFO  statemachine.DatanodeStateMachine (DatanodeStateMachine.java:lambda$startDaemon$0(457)) - Ozone container server started.
2021-08-10 07:01:57,294 [grpc-default-executor-3] WARN  server.GrpcLogAppender (LogUtils.java:warn(122)) - 6b4f1d7a-7f8b-4ea3-931e-9057f129a70f@group-7CAFE9D6E6C5->c04a7c39-1cc1-427e-b561-bc84fdac11df-AppendLogResponseHandler: Failed appendEntries: org.apache.ratis.thirdparty.io.grpc.StatusRuntimeException: UNAVAILABLE: io exception
2021-08-10 07:01:57,296 [grpc-default-executor-3] WARN  server.GrpcLogAppender (GrpcLogAppender.java:resetClient(111)) - 6b4f1d7a-7f8b-4ea3-931e-9057f129a70f@group-7CAFE9D6E6C5->c04a7c39-1cc1-427e-b561-bc84fdac11df-GrpcLogAppender: Leader has not got in touch with Follower 6b4f1d7a-7f8b-4ea3-931e-9057f129a70f@group-7CAFE9D6E6C5->c04a7c39-1cc1-427e-b561-bc84fdac11df(c0,m0,n1, attendVote=true, lastRpcSendTime=2508, lastRpcResponseTime=5055) yet, just keep nextIndex unchanged and retry.
2021-08-10 07:01:57,362 [grpc-default-executor-3] WARN  server.GrpcLogAppender (LogUtils.java:warn(122)) - 6b4f1d7a-7f8b-4ea3-931e-9057f129a70f@group-7CAFE9D6E6C5->eff28ee8-57ea-45f2-9598-664172de0afc-AppendLogResponseHandler: Failed appendEntries: org.apache.ratis.thirdparty.io.grpc.StatusRuntimeException: UNAVAILABLE: io exception
2021-08-10 07:01:57,364 [grpc-default-executor-3] WARN  server.GrpcLogAppender (GrpcLogAppender.java:resetClient(111)) - 6b4f1d7a-7f8b-4ea3-931e-9057f129a70f@group-7CAFE9D6E6C5->eff28ee8-57ea-45f2-9598-664172de0afc-GrpcLogAppender: Leader has not got in touch with Follower 6b4f1d7a-7f8b-4ea3-931e-9057f129a70f@group-7CAFE9D6E6C5->eff28ee8-57ea-45f2-9598-664172de0afc(c0,m0,n1, attendVote=true, lastRpcSendTime=2508, lastRpcResponseTime=5032) yet, just keep nextIndex unchanged and retry.
2021-08-10 07:01:59,815 [grpc-default-executor-3] WARN  server.GrpcLogAppender (LogUtils.java:warn(122)) - 6b4f1d7a-7f8b-4ea3-931e-9057f129a70f@group-7CAFE9D6E6C5->c04a7c39-1cc1-427e-b561-bc84fdac11df-AppendLogResponseHandler: Failed appendEntries: org.apache.ratis.thirdparty.io.grpc.StatusRuntimeException: UNAVAILABLE: io exception
2021-08-10 07:01:59,816 [grpc-default-executor-3] WARN  server.GrpcLogAppender (GrpcLogAppender.java:resetClient(111)) - 6b4f1d7a-7f8b-4ea3-931e-9057f129a70f@group-7CAFE9D6E6C5->c04a7c39-1cc1-427e-b561-bc84fdac11df-GrpcLogAppender: Leader has not got in touch with Follower 6b4f1d7a-7f8b-4ea3-931e-9057f129a70f@group-7CAFE9D6E6C5->c04a7c39-1cc1-427e-b561-bc84fdac11df(c0,m0,n1, attendVote=true, lastRpcSendTime=0, lastRpcResponseTime=7575) yet, just keep nextIndex unchanged and retry.
2021-08-10 07:01:59,872 [grpc-default-executor-3] WARN  server.GrpcLogAppender (LogUtils.java:warn(122)) - 6b4f1d7a-7f8b-4ea3-931e-9057f129a70f@group-7CAFE9D6E6C5->eff28ee8-57ea-45f2-9598-664172de0afc-AppendLogResponseHandler: Failed appendEntries: org.apache.ratis.thirdparty.io.grpc.StatusRuntimeException: UNAVAILABLE: io exception
2021-08-10 07:01:59,873 [grpc-default-executor-3] WARN  server.GrpcLogAppender (GrpcLogAppender.java:resetClient(111)) - 6b4f1d7a-7f8b-4ea3-931e-9057f129a70f@group-7CAFE9D6E6C5->eff28ee8-57ea-45f2-9598-664172de0afc-GrpcLogAppender: Leader has not got in touch with Follower 6b4f1d7a-7f8b-4ea3-931e-9057f129a70f@group-7CAFE9D6E6C5->eff28ee8-57ea-45f2-9598-664172de0afc(c0,m0,n1, attendVote=true, lastRpcSendTime=0, lastRpcResponseTime=7541) yet, just keep nextIndex unchanged and retry.
2021-08-10 07:02:00,212 [6b4f1d7a-7f8b-4ea3-931e-9057f129a70f@group-7CAFE9D6E6C5-LeaderStateImpl] WARN  server.RaftServer$Division (LeaderStateImpl.java:checkLeadership(944)) - 6b4f1d7a-7f8b-4ea3-931e-9057f129a70f@group-7CAFE9D6E6C5-LeaderStateImpl: Lost leadership on term: 4. Election timeout: 5200ms. In charge for: 15675ms. Conf: 0: [6b4f1d7a-7f8b-4ea3-931e-9057f129a70f|rpc:10.1.0.83:39569|dataStream:|priority:1, eff28ee8-57ea-45f2-9598-664172de0afc|rpc:10.1.0.83:37107|dataStream:|priority:0, c04a7c39-1cc1-427e-b561-bc84fdac11df|rpc:10.1.0.83:40237|dataStream:|priority:0], old=null
2021-08-10 07:02:00,214 [6b4f1d7a-7f8b-4ea3-931e-9057f129a70f@group-7CAFE9D6E6C5-LeaderStateImpl] WARN  server.RaftServer$Division (LeaderStateImpl.java:lambda$checkLeadership$15(948)) - Follower 6b4f1d7a-7f8b-4ea3-931e-9057f129a70f@group-7CAFE9D6E6C5->eff28ee8-57ea-45f2-9598-664172de0afc(c0,m0,n1, attendVote=true, lastRpcSendTime=340, lastRpcResponseTime=7881)
2021-08-10 07:02:00,214 [6b4f1d7a-7f8b-4ea3-931e-9057f129a70f@group-7CAFE9D6E6C5-LeaderStateImpl] WARN  server.RaftServer$Division (LeaderStateImpl.java:lambda$checkLeadership$15(948)) - Follower 6b4f1d7a-7f8b-4ea3-931e-9057f129a70f@group-7CAFE9D6E6C5->c04a7c39-1cc1-427e-b561-bc84fdac11df(c0,m0,n1, attendVote=true, lastRpcSendTime=398, lastRpcResponseTime=7973)
2021-08-10 07:02:00,214 [6b4f1d7a-7f8b-4ea3-931e-9057f129a70f@group-7CAFE9D6E6C5-LeaderStateImpl] INFO  server.RaftServer$Division (RaftServerImpl.java:setRole(285)) - 6b4f1d7a-7f8b-4ea3-931e-9057f129a70f@group-7CAFE9D6E6C5: changes role from    LEADER to FOLLOWER at term 4 for StepDownReason:LOST_MAJORITY_HEARTBEATS
2021-08-10 07:02:00,214 [6b4f1d7a-7f8b-4ea3-931e-9057f129a70f@group-7CAFE9D6E6C5-LeaderStateImpl] INFO  impl.RoleInfo (RoleInfo.java:shutdownLeaderState(91)) - 6b4f1d7a-7f8b-4ea3-931e-9057f129a70f: shutdown 6b4f1d7a-7f8b-4ea3-931e-9057f129a70f@group-7CAFE9D6E6C5-LeaderStateImpl
2021-08-10 07:02:00,215 [6b4f1d7a-7f8b-4ea3-931e-9057f129a70f@group-7CAFE9D6E6C5-LeaderStateImpl] INFO  impl.PendingRequests (PendingRequests.java:sendNotLeaderResponses(249)) - 6b4f1d7a-7f8b-4ea3-931e-9057f129a70f@group-7CAFE9D6E6C5-PendingRequests: sendNotLeaderResponses
2021-08-10 07:02:00,216 [6b4f1d7a-7f8b-4ea3-931e-9057f129a70f@group-7CAFE9D6E6C5-LeaderStateImpl] INFO  impl.RoleInfo (RoleInfo.java:updateAndGet(130)) - 6b4f1d7a-7f8b-4ea3-931e-9057f129a70f: start 6b4f1d7a-7f8b-4ea3-931e-9057f129a70f@group-7CAFE9D6E6C5-FollowerState
2021-08-10 07:02:00,967 [ForkJoinPool.commonPool-worker-0] INFO  ozoneimpl.OzoneContainer (OzoneContainer.java:stop(326)) - Attempting to stop container services.
2021-08-10 07:02:00,972 [ForkJoinPool.commonPool-worker-0] INFO  server.RaftServer (RaftServerProxy.java:lambda$close$6(391)) - 6b4f1d7a-7f8b-4ea3-931e-9057f129a70f: close
2021-08-10 07:02:00,973 [ForkJoinPool.commonPool-worker-0] INFO  server.RaftServer$Division (RaftServerImpl.java:lambda$close$4(407)) - 6b4f1d7a-7f8b-4ea3-931e-9057f129a70f@group-F82145DDFB36: shutdown
2021-08-10 07:02:00,973 [ForkJoinPool.commonPool-worker-0] INFO  util.JmxRegister (JmxRegister.java:unregister(73)) - Successfully un-registered JMX Bean with object name Ratis:service=RaftServer,group=group-F82145DDFB36,id=6b4f1d7a-7f8b-4ea3-931e-9057f129a70f
2021-08-10 07:02:00,973 [ForkJoinPool.commonPool-worker-0] INFO  impl.RoleInfo (RoleInfo.java:shutdownLeaderState(91)) - 6b4f1d7a-7f8b-4ea3-931e-9057f129a70f: shutdown 6b4f1d7a-7f8b-4ea3-931e-9057f129a70f@group-F82145DDFB36-LeaderStateImpl
2021-08-10 07:02:00,973 [ForkJoinPool.commonPool-worker-0] INFO  impl.PendingRequests (PendingRequests.java:sendNotLeaderResponses(249)) - 6b4f1d7a-7f8b-4ea3-931e-9057f129a70f@group-F82145DDFB36-PendingRequests: sendNotLeaderResponses
2021-08-10 07:02:00,974 [ForkJoinPool.commonPool-worker-0] INFO  impl.StateMachineUpdater (StateMachineUpdater.java:stopAndJoin(149)) - 6b4f1d7a-7f8b-4ea3-931e-9057f129a70f@group-F82145DDFB36-StateMachineUpdater: set stopIndex = 0
2021-08-10 07:02:00,975 [6b4f1d7a-7f8b-4ea3-931e-9057f129a70f@group-F82145DDFB36-StateMachineUpdater] INFO  ratis.ContainerStateMachine (ContainerStateMachine.java:takeSnapshot(291)) - group-F82145DDFB36: Taking a snapshot at:(t:1, i:0) file /home/runner/work/ozone/ozone/hadoop-ozone/integration-test/target/test-dir/MiniOzoneClusterImpl-fdc8fd63-cfc3-45c6-b077-7c3a44cbc127/datanode-2/data/ratis/08b00ade-be06-483b-8dd9-f82145ddfb36/sm/snapshot.1_0
2021-08-10 07:02:00,976 [6b4f1d7a-7f8b-4ea3-931e-9057f129a70f@group-F82145DDFB36-StateMachineUpdater] INFO  ratis.ContainerStateMachine (ContainerStateMachine.java:takeSnapshot(302)) - group-F82145DDFB36: Finished taking a snapshot at:(t:1, i:0) file:/home/runner/work/ozone/ozone/hadoop-ozone/integration-test/target/test-dir/MiniOzoneClusterImpl-fdc8fd63-cfc3-45c6-b077-7c3a44cbc127/datanode-2/data/ratis/08b00ade-be06-483b-8dd9-f82145ddfb36/sm/snapshot.1_0 took: 2 ms
2021-08-10 07:02:00,976 [6b4f1d7a-7f8b-4ea3-931e-9057f129a70f@group-F82145DDFB36-StateMachineUpdater] INFO  impl.StateMachineUpdater (StateMachineUpdater.java:takeSnapshot(281)) - 6b4f1d7a-7f8b-4ea3-931e-9057f129a70f@group-F82145DDFB36-StateMachineUpdater: Took a snapshot at index 0
2021-08-10 07:02:00,976 [6b4f1d7a-7f8b-4ea3-931e-9057f129a70f@group-F82145DDFB36-StateMachineUpdater] INFO  impl.StateMachineUpdater (StateMachineUpdater.java:lambda$new$0(89)) - 6b4f1d7a-7f8b-4ea3-931e-9057f129a70f@group-F82145DDFB36-StateMachineUpdater: snapshotIndex: updateIncreasingly -1 -> 0
2021-08-10 07:02:00,977 [ForkJoinPool.commonPool-worker-0] INFO  server.RaftServer$Division (ServerState.java:close(419)) - 6b4f1d7a-7f8b-4ea3-931e-9057f129a70f@group-F82145DDFB36: closes. applyIndex: 0
2021-08-10 07:02:00,980 [6b4f1d7a-7f8b-4ea3-931e-9057f129a70f@group-F82145DDFB36-SegmentedRaftLogWorker] INFO  segmented.SegmentedRaftLogWorker (SegmentedRaftLogWorker.java:run(327)) - 6b4f1d7a-7f8b-4ea3-931e-9057f129a70f@group-F82145DDFB36-SegmentedRaftLogWorker was interrupted, exiting. There are 0 tasks remaining in the queue.
2021-08-10 07:02:00,982 [ForkJoinPool.commonPool-worker-0] INFO  segmented.SegmentedRaftLogWorker (SegmentedRaftLogWorker.java:close(237)) - 6b4f1d7a-7f8b-4ea3-931e-9057f129a70f@group-F82145DDFB36-SegmentedRaftLogWorker close()
2021-08-10 07:02:00,983 [ForkJoinPool.commonPool-worker-0] INFO  server.RaftServer$Division (RaftServerImpl.java:lambda$close$4(407)) - 6b4f1d7a-7f8b-4ea3-931e-9057f129a70f@group-7CAFE9D6E6C5: shutdown
2021-08-10 07:02:00,984 [ForkJoinPool.commonPool-worker-0] INFO  util.JmxRegister (JmxRegister.java:unregister(73)) - Successfully un-registered JMX Bean with object name Ratis:service=RaftServer,group=group-7CAFE9D6E6C5,id=6b4f1d7a-7f8b-4ea3-931e-9057f129a70f
2021-08-10 07:02:00,984 [ForkJoinPool.commonPool-worker-0] INFO  impl.RoleInfo (RoleInfo.java:shutdownFollowerState(108)) - 6b4f1d7a-7f8b-4ea3-931e-9057f129a70f: shutdown 6b4f1d7a-7f8b-4ea3-931e-9057f129a70f@group-7CAFE9D6E6C5-FollowerState
2021-08-10 07:02:00,984 [ForkJoinPool.commonPool-worker-0] INFO  impl.StateMachineUpdater (StateMachineUpdater.java:stopAndJoin(149)) - 6b4f1d7a-7f8b-4ea3-931e-9057f129a70f@group-7CAFE9D6E6C5-StateMachineUpdater: set stopIndex = 0
2021-08-10 07:02:00,984 [6b4f1d7a-7f8b-4ea3-931e-9057f129a70f@group-7CAFE9D6E6C5-FollowerState] INFO  impl.FollowerState (FollowerState.java:run(143)) - 6b4f1d7a-7f8b-4ea3-931e-9057f129a70f@group-7CAFE9D6E6C5-FollowerState was interrupted: {}
java.lang.InterruptedException: sleep interrupted
	at java.lang.Thread.sleep(Native Method)
	at java.lang.Thread.sleep(Thread.java:340)
	at java.util.concurrent.TimeUnit.sleep(TimeUnit.java:386)
	at org.apache.ratis.util.TimeDuration.sleep(TimeDuration.java:324)
	at org.apache.ratis.util.TimeDuration.sleep(TimeDuration.java:309)
	at org.apache.ratis.server.impl.FollowerState.run(FollowerState.java:118)
2021-08-10 07:02:00,985 [6b4f1d7a-7f8b-4ea3-931e-9057f129a70f@group-7CAFE9D6E6C5-StateMachineUpdater] INFO  ratis.ContainerStateMachine (ContainerStateMachine.java:takeSnapshot(291)) - group-7CAFE9D6E6C5: Taking a snapshot at:(t:4, i:0) file /home/runner/work/ozone/ozone/hadoop-ozone/integration-test/target/test-dir/MiniOzoneClusterImpl-fdc8fd63-cfc3-45c6-b077-7c3a44cbc127/datanode-2/data/ratis/c9eaf022-fdb1-4210-b0ec-7cafe9d6e6c5/sm/snapshot.4_0
2021-08-10 07:02:00,985 [6b4f1d7a-7f8b-4ea3-931e-9057f129a70f@group-7CAFE9D6E6C5-StateMachineUpdater] INFO  ratis.ContainerStateMachine (ContainerStateMachine.java:takeSnapshot(302)) - group-7CAFE9D6E6C5: Finished taking a snapshot at:(t:4, i:0) file:/home/runner/work/ozone/ozone/hadoop-ozone/integration-test/target/test-dir/MiniOzoneClusterImpl-fdc8fd63-cfc3-45c6-b077-7c3a44cbc127/datanode-2/data/ratis/c9eaf022-fdb1-4210-b0ec-7cafe9d6e6c5/sm/snapshot.4_0 took: 0 ms
2021-08-10 07:02:00,986 [6b4f1d7a-7f8b-4ea3-931e-9057f129a70f@group-7CAFE9D6E6C5-StateMachineUpdater] INFO  impl.StateMachineUpdater (StateMachineUpdater.java:takeSnapshot(281)) - 6b4f1d7a-7f8b-4ea3-931e-9057f129a70f@group-7CAFE9D6E6C5-StateMachineUpdater: Took a snapshot at index 0
2021-08-10 07:02:00,986 [6b4f1d7a-7f8b-4ea3-931e-9057f129a70f@group-7CAFE9D6E6C5-StateMachineUpdater] INFO  impl.StateMachineUpdater (StateMachineUpdater.java:lambda$new$0(89)) - 6b4f1d7a-7f8b-4ea3-931e-9057f129a70f@group-7CAFE9D6E6C5-StateMachineUpdater: snapshotIndex: updateIncreasingly -1 -> 0
2021-08-10 07:02:00,986 [ForkJoinPool.commonPool-worker-0] INFO  server.RaftServer$Division (ServerState.java:close(419)) - 6b4f1d7a-7f8b-4ea3-931e-9057f129a70f@group-7CAFE9D6E6C5: closes. applyIndex: 0
2021-08-10 07:02:00,986 [6b4f1d7a-7f8b-4ea3-931e-9057f129a70f@group-7CAFE9D6E6C5-SegmentedRaftLogWorker] INFO  segmented.SegmentedRaftLogWorker (SegmentedRaftLogWorker.java:run(327)) - 6b4f1d7a-7f8b-4ea3-931e-9057f129a70f@group-7CAFE9D6E6C5-SegmentedRaftLogWorker was interrupted, exiting. There are 0 tasks remaining in the queue.
2021-08-10 07:02:00,988 [ForkJoinPool.commonPool-worker-0] INFO  segmented.SegmentedRaftLogWorker (SegmentedRaftLogWorker.java:close(237)) - 6b4f1d7a-7f8b-4ea3-931e-9057f129a70f@group-7CAFE9D6E6C5-SegmentedRaftLogWorker close()
2021-08-10 07:02:00,990 [ForkJoinPool.commonPool-worker-0] INFO  server.GrpcService (GrpcService.java:closeImpl(262)) - 6b4f1d7a-7f8b-4ea3-931e-9057f129a70f: shutdown server with port 39569 now
2021-08-10 07:02:00,991 [ForkJoinPool.commonPool-worker-0] INFO  server.GrpcService (GrpcService.java:closeImpl(271)) - 6b4f1d7a-7f8b-4ea3-931e-9057f129a70f: shutdown server with port 39569 successfully
2021-08-10 07:02:00,991 [org.apache.ratis.util.JvmPauseMonitor$$Lambda$531/1482834434@6bece3b0] INFO  util.JvmPauseMonitor (JvmPauseMonitor.java:run(109)) - JvmPauseMonitor-6b4f1d7a-7f8b-4ea3-931e-9057f129a70f: Stopped
2021-08-10 07:02:01,001 [ForkJoinPool.commonPool-worker-0] INFO  utils.BackgroundService (BackgroundService.java:shutdown(132)) - Shutting down service BlockDeletingService
2021-08-10 07:02:04,022 [ForkJoinPool.commonPool-worker-0] INFO  statemachine.DatanodeStateMachine (DatanodeStateMachine.java:stopDaemon(515)) - Ozone container server stopped.
2021-08-10 07:02:04,044 [ForkJoinPool.commonPool-worker-0] INFO  handler.ContextHandler (ContextHandler.java:doStop(1153)) - Stopped o.e.j.w.WebAppContext@73faf6ea{hddsDatanode,/,null,STOPPED}{jar:file:/home/runner/.m2/repository/org/apache/ozone/hdds-container-service/1.2.0-SNAPSHOT/hdds-container-service-1.2.0-SNAPSHOT.jar!/webapps/hddsDatanode}
2021-08-10 07:02:04,045 [ForkJoinPool.commonPool-worker-0] INFO  server.AbstractConnector (AbstractConnector.java:doStop(381)) - Stopped ServerConnector@8b045b1{HTTP/1.1, (http/1.1)}{0.0.0.0:0}
2021-08-10 07:02:04,045 [ForkJoinPool.commonPool-worker-0] INFO  server.session (HouseKeeper.java:stopScavenging(149)) - node0 Stopped scavenging
2021-08-10 07:02:04,047 [ForkJoinPool.commonPool-worker-0] INFO  handler.ContextHandler (ContextHandler.java:doStop(1153)) - Stopped o.e.j.s.ServletContextHandler@43f22ac3{static,/static,jar:file:/home/runner/.m2/repository/org/apache/ozone/hdds-container-service/1.2.0-SNAPSHOT/hdds-container-service-1.2.0-SNAPSHOT.jar!/webapps/static,STOPPED}
2021-08-10 07:02:04,047 [ForkJoinPool.commonPool-worker-0] INFO  handler.ContextHandler (ContextHandler.java:doStop(1153)) - Stopped o.e.j.s.ServletContextHandler@60565c8b{logs,/logs,file:///home/runner/work/ozone/ozone/hadoop-ozone/integration-test/target/log,STOPPED}
2021-08-10 07:02:04,054 [Listener at 127.0.0.1/43351] INFO  ozone.MiniOzoneClusterImpl (MiniOzoneClusterImpl.java:stopSCM(542)) - Stopping the StorageContainerManager
2021-08-10 07:02:04,054 [Listener at 127.0.0.1/43351] INFO  server.StorageContainerManager (StorageContainerManager.java:stop(1338)) - Stopping Replication Manager Service.
2021-08-10 07:02:04,054 [Listener at 127.0.0.1/43351] INFO  container.ReplicationManager (ReplicationManager.java:stop(317)) - Stopping Replication Monitor Thread.
2021-08-10 07:02:04,054 [Listener at 127.0.0.1/43351] INFO  server.StorageContainerManager (StorageContainerManager.java:stop(1345)) - Stopping the Datanode Admin Monitor.
2021-08-10 07:02:04,054 [Listener at 127.0.0.1/43351] INFO  server.StorageContainerManager (StorageContainerManager.java:stop(1352)) - Stopping Lease Manager of the command watchers
2021-08-10 07:02:04,054 [Listener at 127.0.0.1/43351] INFO  server.StorageContainerManager (StorageContainerManager.java:stop(1359)) - Stopping datanode service RPC server
2021-08-10 07:02:04,054 [Listener at 127.0.0.1/43351] INFO  server.SCMDatanodeProtocolServer (SCMDatanodeProtocolServer.java:stop(389)) - Stopping the RPC server for DataNodes
2021-08-10 07:02:04,054 [Listener at 127.0.0.1/43351] INFO  ipc.Server (Server.java:stop(3414)) - Stopping server on 46815
2021-08-10 07:02:04,065 [IPC Server listener on 0] INFO  ipc.Server (Server.java:run(1376)) - Stopping IPC Server listener on 0
2021-08-10 07:02:04,065 [IPC Server Responder] INFO  ipc.Server (Server.java:run(1512)) - Stopping IPC Server Responder
2021-08-10 07:02:04,088 [SCM Heartbeat Processing Thread - 0] WARN  node.NodeStateManager (NodeStateManager.java:scheduleNextHealthCheck(799)) - Current Thread is interrupted, shutting down HB processing thread for Node Manager.
2021-08-10 07:02:04,089 [Listener at 127.0.0.1/43351] INFO  server.StorageContainerManager (StorageContainerManager.java:stop(1367)) - Stopping block service RPC server
2021-08-10 07:02:04,089 [Listener at 127.0.0.1/43351] INFO  server.SCMBlockProtocolServer (SCMBlockProtocolServer.java:stop(160)) - Stopping the RPC server for Block Protocol
2021-08-10 07:02:04,089 [Listener at 127.0.0.1/43351] INFO  ipc.Server (Server.java:stop(3414)) - Stopping server on 42807
2021-08-10 07:02:04,094 [Listener at 127.0.0.1/43351] INFO  server.StorageContainerManager (StorageContainerManager.java:stop(1374)) - Stopping the StorageContainerLocationProtocol RPC server
2021-08-10 07:02:04,095 [Listener at 127.0.0.1/43351] INFO  server.SCMClientProtocolServer (SCMClientProtocolServer.java:stop(174)) - Stopping the RPC server for Client Protocol
2021-08-10 07:02:04,095 [Listener at 127.0.0.1/43351] INFO  ipc.Server (Server.java:stop(3414)) - Stopping server on 38085
2021-08-10 07:02:04,095 [IPC Server Responder] INFO  ipc.Server (Server.java:run(1512)) - Stopping IPC Server Responder
2021-08-10 07:02:04,095 [IPC Server listener on 0] INFO  ipc.Server (Server.java:run(1376)) - Stopping IPC Server listener on 0
2021-08-10 07:02:04,124 [IPC Server listener on 0] INFO  ipc.Server (Server.java:run(1376)) - Stopping IPC Server listener on 0
2021-08-10 07:02:04,125 [IPC Server Responder] INFO  ipc.Server (Server.java:run(1512)) - Stopping IPC Server Responder
2021-08-10 07:02:04,132 [Listener at 127.0.0.1/43351] INFO  server.StorageContainerManager (StorageContainerManager.java:stop(1381)) - Stopping Storage Container Manager HTTP server.
2021-08-10 07:02:04,133 [Listener at 127.0.0.1/43351] INFO  handler.ContextHandler (ContextHandler.java:doStop(1153)) - Stopped o.e.j.w.WebAppContext@6639ee32{scm,/,null,STOPPED}{file:/home/runner/work/ozone/ozone/hadoop-ozone/integration-test/target/test-classes/webapps/scm}
2021-08-10 07:02:04,136 [Listener at 127.0.0.1/43351] INFO  server.AbstractConnector (AbstractConnector.java:doStop(381)) - Stopped ServerConnector@3bbad958{HTTP/1.1, (http/1.1)}{0.0.0.0:0}
2021-08-10 07:02:04,137 [Listener at 127.0.0.1/43351] INFO  server.session (HouseKeeper.java:stopScavenging(149)) - node0 Stopped scavenging
2021-08-10 07:02:04,137 [Listener at 127.0.0.1/43351] INFO  handler.ContextHandler (ContextHandler.java:doStop(1153)) - Stopped o.e.j.s.ServletContextHandler@2af52d97{static,/static,file:///home/runner/work/ozone/ozone/hadoop-ozone/integration-test/target/test-classes/webapps/static,STOPPED}
2021-08-10 07:02:04,137 [Listener at 127.0.0.1/43351] INFO  handler.ContextHandler (ContextHandler.java:doStop(1153)) - Stopped o.e.j.s.ServletContextHandler@7f1c2819{logs,/logs,file:///home/runner/work/ozone/ozone/hadoop-ozone/integration-test/target/log,STOPPED}
2021-08-10 07:02:04,145 [Listener at 127.0.0.1/43351] INFO  server.StorageContainerManager (StorageContainerManager.java:stop(1392)) - Stopping Block Manager Service.
2021-08-10 07:02:04,145 [Listener at 127.0.0.1/43351] INFO  utils.BackgroundService (BackgroundService.java:shutdown(132)) - Shutting down service SCMBlockDeletingService
2021-08-10 07:02:04,148 [Listener at 127.0.0.1/43351] INFO  utils.BackgroundService (BackgroundService.java:shutdown(132)) - Shutting down service SCMBlockDeletingService
2021-08-10 07:02:04,149 [Listener at 127.0.0.1/43351] INFO  server.StorageContainerManager (StorageContainerManager.java:stop(1419)) - Stopping SCM Event Queue.
2021-08-10 07:02:04,150 [Listener at 127.0.0.1/43351] INFO  server.StorageContainerManager (StorageContainerManager.java:stop(1430)) - Stopping SCM HA services.
2021-08-10 07:02:04,150 [Listener at 127.0.0.1/43351] INFO  pipeline.BackgroundPipelineCreator (BackgroundPipelineCreatorV2.java:stop(158)) - Stopping RatisPipelineUtilsThread.
2021-08-10 07:02:04,150 [Listener at 127.0.0.1/43351] INFO  server.StorageContainerManager (StorageContainerManager.java:stop(1440)) - Stopping SCM MetadataStore.
2021-08-10 07:02:04,153 [Listener at 127.0.0.1/43351] INFO  impl.MetricsSystemImpl (MetricsSystemImpl.java:stop(210)) - Stopping HddsDatanode metrics system...
2021-08-10 07:02:04,220 [prometheus] INFO  impl.MetricsSinkAdapter (MetricsSinkAdapter.java:publishMetricsFromQueue(141)) - prometheus thread interrupted.
2021-08-10 07:02:04,221 [Listener at 127.0.0.1/43351] INFO  impl.MetricsSystemImpl (MetricsSystemImpl.java:stop(216)) - HddsDatanode metrics system stopped.
]]></system-out>
  </testcase>
</testsuite>