<?xml version="1.0" encoding="UTF-8"?>
<testsuite xmlns:xsi="http://www.w3.org/2001/XMLSchema-instance" xsi:noNamespaceSchemaLocation="https://maven.apache.org/surefire/maven-surefire-plugin/xsd/surefire-test-report-3.0.xsd" version="3.0" name="org.apache.hadoop.ozone.TestSecureOzoneCluster" time="139.713" tests="16" errors="0" skipped="2" failures="1">
  <properties>
    <property name="awt.toolkit" value="sun.awt.X11.XToolkit"/>
    <property name="file.encoding.pkg" value="sun.io"/>
    <property name="java.specification.version" value="1.8"/>
    <property name="sun.cpu.isalist" value=""/>
    <property name="sun.jnu.encoding" value="UTF-8"/>
    <property name="java.class.path" value="/home/runner/work/ozone/ozone/hadoop-ozone/integration-test/target/test-classes:/home/runner/work/ozone/ozone/hadoop-ozone/integration-test/target/classes:/home/runner/.m2/repository/org/apache/ozone/ozone-common/1.4.0-SNAPSHOT/ozone-common-1.4.0-SNAPSHOT.jar:/home/runner/.m2/repository/io/grpc/grpc-netty/1.51.1/grpc-netty-1.51.1.jar:/home/runner/.m2/repository/io/grpc/grpc-core/1.51.1/grpc-core-1.51.1.jar:/home/runner/.m2/repository/com/google/android/annotations/4.1.1.4/annotations-4.1.1.4.jar:/home/runner/.m2/repository/org/codehaus/mojo/animal-sniffer-annotations/1.21/animal-sniffer-annotations-1.21.jar:/home/runner/.m2/repository/com/google/errorprone/error_prone_annotations/2.2.0/error_prone_annotations-2.2.0.jar:/home/runner/.m2/repository/io/perfmark/perfmark-api/0.25.0/perfmark-api-0.25.0.jar:/home/runner/.m2/repository/io/netty/netty-codec-http2/4.1.94.Final/netty-codec-http2-4.1.94.Final.jar:/home/runner/.m2/repository/io/netty/netty-common/4.1.94.Final/netty-common-4.1.94.Final.jar:/home/runner/.m2/repository/io/netty/netty-buffer/4.1.94.Final/netty-buffer-4.1.94.Final.jar:/home/runner/.m2/repository/io/netty/netty-codec-http/4.1.94.Final/netty-codec-http-4.1.94.Final.jar:/home/runner/.m2/repository/io/netty/netty-handler-proxy/4.1.94.Final/netty-handler-proxy-4.1.94.Final.jar:/home/runner/.m2/repository/io/netty/netty-codec-socks/4.1.94.Final/netty-codec-socks-4.1.94.Final.jar:/home/runner/.m2/repository/io/netty/netty-tcnative-boringssl-static/2.0.61.Final/netty-tcnative-boringssl-static-2.0.61.Final.jar:/home/runner/.m2/repository/io/netty/netty-tcnative-classes/2.0.61.Final/netty-tcnative-classes-2.0.61.Final.jar:/home/runner/.m2/repository/io/netty/netty-tcnative-boringssl-static/2.0.61.Final/netty-tcnative-boringssl-static-2.0.61.Final-linux-x86_64.jar:/home/runner/.m2/repository/io/netty/netty-tcnative-boringssl-static/2.0.61.Final/netty-tcnative-boringssl-static-2.0.61.Final-linux-aarch_64.jar:/home/runner/.m2/repository/io/netty/netty-tcnative-boringssl-static/2.0.61.Final/netty-tcnative-boringssl-static-2.0.61.Final-osx-x86_64.jar:/home/runner/.m2/repository/io/netty/netty-tcnative-boringssl-static/2.0.61.Final/netty-tcnative-boringssl-static-2.0.61.Final-osx-aarch_64.jar:/home/runner/.m2/repository/io/netty/netty-tcnative-boringssl-static/2.0.61.Final/netty-tcnative-boringssl-static-2.0.61.Final-windows-x86_64.jar:/home/runner/.m2/repository/org/apache/commons/commons-compress/1.21/commons-compress-1.21.jar:/home/runner/.m2/repository/org/apache/ozone/hdds-common/1.4.0-SNAPSHOT/hdds-common-1.4.0-SNAPSHOT.jar:/home/runner/.m2/repository/org/apache/ozone/hdds-client/1.4.0-SNAPSHOT/hdds-client-1.4.0-SNAPSHOT.jar:/home/runner/.m2/repository/org/apache/ozone/ozone-interface-client/1.4.0-SNAPSHOT/ozone-interface-client-1.4.0-SNAPSHOT.jar:/home/runner/.m2/repository/org/apache/hadoop/hadoop-hdfs-client/3.3.6/hadoop-hdfs-client-3.3.6.jar:/home/runner/.m2/repository/com/squareup/okhttp3/okhttp/4.9.3/okhttp-4.9.3.jar:/home/runner/.m2/repository/com/squareup/okio/okio/3.4.0/okio-3.4.0.jar:/home/runner/.m2/repository/com/squareup/okio/okio-jvm/3.4.0/okio-jvm-3.4.0.jar:/home/runner/.m2/repository/org/jetbrains/kotlin/kotlin-stdlib-jdk8/1.8.0/kotlin-stdlib-jdk8-1.8.0.jar:/home/runner/.m2/repository/org/jetbrains/kotlin/kotlin-stdlib-jdk7/1.8.0/kotlin-stdlib-jdk7-1.8.0.jar:/home/runner/.m2/repository/org/jetbrains/kotlin/kotlin-stdlib-common/1.6.21/kotlin-stdlib-common-1.6.21.jar:/home/runner/.m2/repository/org/apache/ozone/hdds-test-utils/1.4.0-SNAPSHOT/hdds-test-utils-1.4.0-SNAPSHOT.jar:/home/runner/.m2/repository/com/google/guava/guava/32.0.0-jre/guava-32.0.0-jre.jar:/home/runner/.m2/repository/com/google/guava/failureaccess/1.0.1/failureaccess-1.0.1.jar:/home/runner/.m2/repository/com/google/guava/listenablefuture/9999.0-empty-to-avoid-conflict-with-guava/listenablefuture-9999.0-empty-to-avoid-conflict-with-guava.jar:/home/runner/.m2/repository/com/google/code/findbugs/jsr305/3.0.0/jsr305-3.0.0.jar:/home/runner/.m2/repository/org/checkerframework/checker-qual/3.33.0/checker-qual-3.33.0.jar:/home/runner/.m2/repository/com/google/j2objc/j2objc-annotations/2.8/j2objc-annotations-2.8.jar:/home/runner/.m2/repository/commons-io/commons-io/2.11.0/commons-io-2.11.0.jar:/home/runner/.m2/repository/commons-logging/commons-logging/1.2/commons-logging-1.2.jar:/home/runner/.m2/repository/ch/qos/reload4j/reload4j/1.2.22/reload4j-1.2.22.jar:/home/runner/.m2/repository/org/slf4j/slf4j-api/1.7.36/slf4j-api-1.7.36.jar:/home/runner/.m2/repository/org/apache/logging/log4j/log4j-api/2.17.1/log4j-api-2.17.1.jar:/home/runner/.m2/repository/org/apache/ozone/hdds-server-scm/1.4.0-SNAPSHOT/hdds-server-scm-1.4.0-SNAPSHOT.jar:/home/runner/.m2/repository/org/apache/ozone/hdds-container-service/1.4.0-SNAPSHOT/hdds-container-service-1.4.0-SNAPSHOT.jar:/home/runner/.m2/repository/org/apache/ozone/hdds-hadoop-dependency-server/1.4.0-SNAPSHOT/hdds-hadoop-dependency-server-1.4.0-SNAPSHOT.jar:/home/runner/.m2/repository/org/apache/hadoop/hadoop-hdfs/3.3.6/hadoop-hdfs-3.3.6.jar:/home/runner/.m2/repository/commons-daemon/commons-daemon/1.0.13/commons-daemon-1.0.13.jar:/home/runner/.m2/repository/org/apache/ozone/hdds-server-framework/1.4.0-SNAPSHOT/hdds-server-framework-1.4.0-SNAPSHOT.jar:/home/runner/.m2/repository/io/dropwizard/metrics/metrics-core/3.2.4/metrics-core-3.2.4.jar:/home/runner/.m2/repository/org/apache/commons/commons-text/1.10.0/commons-text-1.10.0.jar:/home/runner/.m2/repository/org/bouncycastle/bcprov-jdk15on/1.67/bcprov-jdk15on-1.67.jar:/home/runner/.m2/repository/com/google/protobuf/protobuf-java/2.5.0/protobuf-java-2.5.0.jar:/home/runner/.m2/repository/org/apache/ozone/hdds-server-framework/1.4.0-SNAPSHOT/hdds-server-framework-1.4.0-SNAPSHOT-tests.jar:/home/runner/.m2/repository/org/apache/ozone/hdds-interface-server/1.4.0-SNAPSHOT/hdds-interface-server-1.4.0-SNAPSHOT.jar:/home/runner/.m2/repository/org/apache/ozone/hdds-interface-admin/1.4.0-SNAPSHOT/hdds-interface-admin-1.4.0-SNAPSHOT.jar:/home/runner/.m2/repository/org/apache/ozone/hdds-managed-rocksdb/1.4.0-SNAPSHOT/hdds-managed-rocksdb-1.4.0-SNAPSHOT.jar:/home/runner/.m2/repository/org/rocksdb/rocksdbjni/7.7.3/rocksdbjni-7.7.3.jar:/home/runner/.m2/repository/org/slf4j/slf4j-reload4j/1.7.36/slf4j-reload4j-1.7.36.jar:/home/runner/.m2/repository/org/apache/commons/commons-configuration2/2.1.1/commons-configuration2-2.1.1.jar:/home/runner/.m2/repository/commons-fileupload/commons-fileupload/1.5/commons-fileupload-1.5.jar:/home/runner/.m2/repository/org/apache/logging/log4j/log4j-core/2.17.1/log4j-core-2.17.1.jar:/home/runner/.m2/repository/com/lmax/disruptor/3.4.2/disruptor-3.4.2.jar:/home/runner/.m2/repository/org/eclipse/jetty/jetty-util/9.4.51.v20230217/jetty-util-9.4.51.v20230217.jar:/home/runner/.m2/repository/org/eclipse/jetty/jetty-server/9.4.51.v20230217/jetty-server-9.4.51.v20230217.jar:/home/runner/.m2/repository/org/eclipse/jetty/jetty-http/9.4.51.v20230217/jetty-http-9.4.51.v20230217.jar:/home/runner/.m2/repository/org/eclipse/jetty/jetty-io/9.4.51.v20230217/jetty-io-9.4.51.v20230217.jar:/home/runner/.m2/repository/org/eclipse/jetty/jetty-servlet/9.4.51.v20230217/jetty-servlet-9.4.51.v20230217.jar:/home/runner/.m2/repository/org/eclipse/jetty/jetty-security/9.4.51.v20230217/jetty-security-9.4.51.v20230217.jar:/home/runner/.m2/repository/org/eclipse/jetty/jetty-util-ajax/9.4.51.v20230217/jetty-util-ajax-9.4.51.v20230217.jar:/home/runner/.m2/repository/org/eclipse/jetty/jetty-webapp/9.4.51.v20230217/jetty-webapp-9.4.51.v20230217.jar:/home/runner/.m2/repository/org/eclipse/jetty/jetty-xml/9.4.51.v20230217/jetty-xml-9.4.51.v20230217.jar:/home/runner/.m2/repository/org/apache/ratis/ratis-server/2.5.1/ratis-server-2.5.1.jar:/home/runner/.m2/repository/org/apache/ratis/ratis-thirdparty-misc/1.0.4/ratis-thirdparty-misc-1.0.4.jar:/home/runner/.m2/repository/org/apache/ratis/ratis-proto/2.5.1/ratis-proto-2.5.1.jar:/home/runner/.m2/repository/org/apache/ratis/ratis-common/2.5.1/ratis-common-2.5.1.jar:/home/runner/.m2/repository/org/apache/ratis/ratis-client/2.5.1/ratis-client-2.5.1.jar:/home/runner/.m2/repository/org/apache/ratis/ratis-server-api/2.5.1/ratis-server-api-2.5.1.jar:/home/runner/.m2/repository/org/apache/ratis/ratis-metrics/2.5.1/ratis-metrics-2.5.1.jar:/home/runner/.m2/repository/io/prometheus/simpleclient_dropwizard/0.7.0/simpleclient_dropwizard-0.7.0.jar:/home/runner/.m2/repository/io/prometheus/simpleclient/0.7.0/simpleclient-0.7.0.jar:/home/runner/.m2/repository/io/prometheus/simpleclient_common/0.7.0/simpleclient_common-0.7.0.jar:/home/runner/.m2/repository/com/fasterxml/jackson/datatype/jackson-datatype-jsr310/2.13.4/jackson-datatype-jsr310-2.13.4.jar:/home/runner/.m2/repository/com/fasterxml/jackson/core/jackson-core/2.13.4/jackson-core-2.13.4.jar:/home/runner/.m2/repository/com/github/spotbugs/spotbugs-annotations/3.1.12/spotbugs-annotations-3.1.12.jar:/home/runner/.m2/repository/org/apache/ozone/rocksdb-checkpoint-differ/1.4.0-SNAPSHOT/rocksdb-checkpoint-differ-1.4.0-SNAPSHOT.jar:/home/runner/.m2/repository/org/jgrapht/jgrapht-core/1.0.1/jgrapht-core-1.0.1.jar:/home/runner/.m2/repository/org/jgrapht/jgrapht-ext/1.0.1/jgrapht-ext-1.0.1.jar:/home/runner/.m2/repository/org/tinyjee/jgraphx/jgraphx/2.0.0.1/jgraphx-2.0.0.1.jar:/home/runner/.m2/repository/jgraph/jgraph/5.13.0.0/jgraph-5.13.0.0.jar:/home/runner/.m2/repository/org/antlr/antlr4-runtime/4.5.3/antlr4-runtime-4.5.3.jar:/home/runner/.m2/repository/org/awaitility/awaitility/4.2.0/awaitility-4.2.0.jar:/home/runner/.m2/repository/org/hamcrest/hamcrest/2.1/hamcrest-2.1.jar:/home/runner/.m2/repository/org/apache/ozone/ozone-manager/1.4.0-SNAPSHOT/ozone-manager-1.4.0-SNAPSHOT.jar:/home/runner/.m2/repository/org/aspectj/aspectjrt/1.9.7/aspectjrt-1.9.7.jar:/home/runner/.m2/repository/org/aspectj/aspectjweaver/1.9.7/aspectjweaver-1.9.7.jar:/home/runner/.m2/repository/org/apache/ozone/hdds-interface-client/1.4.0-SNAPSHOT/hdds-interface-client-1.4.0-SNAPSHOT.jar:/home/runner/.m2/repository/org/apache/hadoop/thirdparty/hadoop-shaded-protobuf_3_7/1.1.1/hadoop-shaded-protobuf_3_7-1.1.1.jar:/home/runner/.m2/repository/org/apache/ozone/ozone-interface-storage/1.4.0-SNAPSHOT/ozone-interface-storage-1.4.0-SNAPSHOT.jar:/home/runner/.m2/repository/org/reflections/reflections/0.9.11/reflections-0.9.11.jar:/home/runner/.m2/repository/com/sun/jersey/jersey-client/1.19/jersey-client-1.19.jar:/home/runner/.m2/repository/org/codehaus/jackson/jackson-core-asl/1.9.13/jackson-core-asl-1.9.13.jar:/home/runner/.m2/repository/org/codehaus/jackson/jackson-mapper-asl/1.9.13/jackson-mapper-asl-1.9.13.jar:/home/runner/.m2/repository/org/codehaus/jackson/jackson-jaxrs/1.9.13/jackson-jaxrs-1.9.13.jar:/home/runner/.m2/repository/org/apache/ranger/ranger-intg/2.3.0/ranger-intg-2.3.0.jar:/home/runner/.m2/repository/org/apache/ranger/ranger-plugins-common/2.3.0/ranger-plugins-common-2.3.0.jar:/home/runner/.m2/repository/commons-lang/commons-lang/2.6/commons-lang-2.6.jar:/home/runner/.m2/repository/org/apache/ranger/ranger-plugins-cred/2.3.0/ranger-plugins-cred-2.3.0.jar:/home/runner/.m2/repository/org/apache/ranger/ranger-plugins-audit/2.3.0/ranger-plugins-audit-2.3.0.jar:/home/runner/.m2/repository/org/eclipse/jetty/jetty-client/9.4.51.v20230217/jetty-client-9.4.51.v20230217.jar:/home/runner/.m2/repository/org/apache/httpcomponents/httpmime/4.5.6/httpmime-4.5.6.jar:/home/runner/.m2/repository/org/apache/httpcomponents/httpcore-nio/4.4.13/httpcore-nio-4.4.13.jar:/home/runner/.m2/repository/org/apache/httpcomponents/httpasyncclient/4.1.3/httpasyncclient-4.1.3.jar:/home/runner/.m2/repository/com/carrotsearch/hppc/0.8.0/hppc-0.8.0.jar:/home/runner/.m2/repository/org/apache/orc/orc-core/1.5.8/orc-core-1.5.8.jar:/home/runner/.m2/repository/net/java/dev/jna/jna/5.2.0/jna-5.2.0.jar:/home/runner/.m2/repository/net/java/dev/jna/jna-platform/5.2.0/jna-platform-5.2.0.jar:/home/runner/.m2/repository/com/kstruct/gethostname4j/0.0.2/gethostname4j-0.0.2.jar:/home/runner/.m2/repository/org/apache/ranger/ranger-plugin-classloader/2.3.0/ranger-plugin-classloader-2.3.0.jar:/home/runner/.m2/repository/org/apache/ozone/hdds-rocks-native/1.4.0-SNAPSHOT/hdds-rocks-native-1.4.0-SNAPSHOT.jar:/home/runner/.m2/repository/org/apache/hadoop/hadoop-minikdc/3.3.6/hadoop-minikdc-3.3.6.jar:/home/runner/.m2/repository/org/apache/kerby/kerb-simplekdc/1.0.1/kerb-simplekdc-1.0.1.jar:/home/runner/.m2/repository/org/apache/kerby/kerb-client/1.0.1/kerb-client-1.0.1.jar:/home/runner/.m2/repository/org/apache/kerby/kerby-config/1.0.1/kerby-config-1.0.1.jar:/home/runner/.m2/repository/org/apache/kerby/kerb-common/1.0.1/kerb-common-1.0.1.jar:/home/runner/.m2/repository/org/apache/kerby/kerb-crypto/1.0.1/kerb-crypto-1.0.1.jar:/home/runner/.m2/repository/org/apache/kerby/kerb-util/1.0.1/kerb-util-1.0.1.jar:/home/runner/.m2/repository/org/apache/kerby/token-provider/1.0.1/token-provider-1.0.1.jar:/home/runner/.m2/repository/org/apache/kerby/kerb-admin/1.0.1/kerb-admin-1.0.1.jar:/home/runner/.m2/repository/org/apache/kerby/kerb-server/1.0.1/kerb-server-1.0.1.jar:/home/runner/.m2/repository/org/apache/kerby/kerb-identity/1.0.1/kerb-identity-1.0.1.jar:/home/runner/.m2/repository/org/apache/kerby/kerby-xdr/1.0.1/kerby-xdr-1.0.1.jar:/home/runner/.m2/repository/org/apache/ozone/ozone-s3gateway/1.4.0-SNAPSHOT/ozone-s3gateway-1.4.0-SNAPSHOT.jar:/home/runner/.m2/repository/org/javassist/javassist/3.21.0-GA/javassist-3.21.0-GA.jar:/home/runner/.m2/repository/org/jboss/weld/servlet/weld-servlet-shaded/3.1.9.Final/weld-servlet-shaded-3.1.9.Final.jar:/home/runner/.m2/repository/org/glassfish/jersey/containers/jersey-container-servlet-core/2.34/jersey-container-servlet-core-2.34.jar:/home/runner/.m2/repository/org/glassfish/hk2/external/jakarta.inject/2.6.1/jakarta.inject-2.6.1.jar:/home/runner/.m2/repository/org/glassfish/jersey/core/jersey-common/2.34/jersey-common-2.34.jar:/home/runner/.m2/repository/jakarta/ws/rs/jakarta.ws.rs-api/2.1.6/jakarta.ws.rs-api-2.1.6.jar:/home/runner/.m2/repository/org/glassfish/jersey/ext/cdi/jersey-cdi1x/2.34/jersey-cdi1x-2.34.jar:/home/runner/.m2/repository/org/glassfish/jersey/inject/jersey-hk2/2.34/jersey-hk2-2.34.jar:/home/runner/.m2/repository/org/glassfish/hk2/hk2-locator/2.6.1/hk2-locator-2.6.1.jar:/home/runner/.m2/repository/org/glassfish/jersey/media/jersey-media-jaxb/2.34/jersey-media-jaxb-2.34.jar:/home/runner/.m2/repository/org/glassfish/hk2/osgi-resource-locator/1.0.3/osgi-resource-locator-1.0.3.jar:/home/runner/.m2/repository/org/glassfish/hk2/hk2-api/2.5.0/hk2-api-2.5.0.jar:/home/runner/.m2/repository/org/glassfish/hk2/hk2-utils/2.5.0/hk2-utils-2.5.0.jar:/home/runner/.m2/repository/org/glassfish/hk2/external/aopalliance-repackaged/2.5.0/aopalliance-repackaged-2.5.0.jar:/home/runner/.m2/repository/com/fasterxml/jackson/dataformat/jackson-dataformat-xml/2.13.4/jackson-dataformat-xml-2.13.4.jar:/home/runner/.m2/repository/org/codehaus/woodstox/stax2-api/4.2.1/stax2-api-4.2.1.jar:/home/runner/.m2/repository/com/fasterxml/woodstox/woodstox-core/5.4.0/woodstox-core-5.4.0.jar:/home/runner/.m2/repository/com/fasterxml/jackson/module/jackson-module-jaxb-annotations/2.13.4/jackson-module-jaxb-annotations-2.13.4.jar:/home/runner/.m2/repository/jakarta/xml/bind/jakarta.xml.bind-api/2.3.3/jakarta.xml.bind-api-2.3.3.jar:/home/runner/.m2/repository/jakarta/activation/jakarta.activation-api/1.2.2/jakarta.activation-api-1.2.2.jar:/home/runner/.m2/repository/javax/enterprise/cdi-api/2.0/cdi-api-2.0.jar:/home/runner/.m2/repository/javax/el/javax.el-api/3.0.0/javax.el-api-3.0.0.jar:/home/runner/.m2/repository/javax/interceptor/javax.interceptor-api/1.2/javax.interceptor-api-1.2.jar:/home/runner/.m2/repository/javax/inject/javax.inject/1/javax.inject-1.jar:/home/runner/.m2/repository/javax/xml/bind/jaxb-api/2.3.0/jaxb-api-2.3.0.jar:/home/runner/.m2/repository/org/glassfish/jaxb/jaxb-runtime/2.3.0.1/jaxb-runtime-2.3.0.1.jar:/home/runner/.m2/repository/org/glassfish/jaxb/jaxb-core/2.3.0.1/jaxb-core-2.3.0.1.jar:/home/runner/.m2/repository/org/glassfish/jaxb/txw2/2.3.0.1/txw2-2.3.0.1.jar:/home/runner/.m2/repository/com/sun/istack/istack-commons-runtime/3.0.5/istack-commons-runtime-3.0.5.jar:/home/runner/.m2/repository/org/jvnet/staxex/stax-ex/1.7.8/stax-ex-1.7.8.jar:/home/runner/.m2/repository/com/sun/xml/fastinfoset/FastInfoset/1.2.13/FastInfoset-1.2.13.jar:/home/runner/.m2/repository/javax/activation/activation/1.1.1/activation-1.1.1.jar:/home/runner/.m2/repository/io/grpc/grpc-protobuf/1.51.1/grpc-protobuf-1.51.1.jar:/home/runner/.m2/repository/com/google/api/grpc/proto-google-common-protos/2.9.0/proto-google-common-protos-2.9.0.jar:/home/runner/.m2/repository/io/grpc/grpc-protobuf-lite/1.51.1/grpc-protobuf-lite-1.51.1.jar:/home/runner/.m2/repository/io/grpc/grpc-stub/1.51.1/grpc-stub-1.51.1.jar:/home/runner/.m2/repository/io/netty/netty-transport/4.1.94.Final/netty-transport-4.1.94.Final.jar:/home/runner/.m2/repository/io/netty/netty-resolver/4.1.94.Final/netty-resolver-4.1.94.Final.jar:/home/runner/.m2/repository/org/apache/ozone/ozone-csi/1.4.0-SNAPSHOT/ozone-csi-1.4.0-SNAPSHOT.jar:/home/runner/.m2/repository/com/google/protobuf/protobuf-java-util/3.19.6/protobuf-java-util-3.19.6.jar:/home/runner/.m2/repository/com/google/code/gson/gson/2.9.0/gson-2.9.0.jar:/home/runner/.m2/repository/org/apache/ozone/hdds-config/1.4.0-SNAPSHOT/hdds-config-1.4.0-SNAPSHOT.jar:/home/runner/.m2/repository/io/netty/netty-transport-native-epoll/4.1.94.Final/netty-transport-native-epoll-4.1.94.Final-linux-x86_64.jar:/home/runner/.m2/repository/io/netty/netty-transport-classes-epoll/4.1.94.Final/netty-transport-classes-epoll-4.1.94.Final.jar:/home/runner/.m2/repository/io/netty/netty-transport-native-unix-common/4.1.94.Final/netty-transport-native-unix-common-4.1.94.Final.jar:/home/runner/.m2/repository/org/apache/ozone/ozone-recon/1.4.0-SNAPSHOT/ozone-recon-1.4.0-SNAPSHOT.jar:/home/runner/.m2/repository/org/apache/ozone/ozone-reconcodegen/1.4.0-SNAPSHOT/ozone-reconcodegen-1.4.0-SNAPSHOT.jar:/home/runner/.m2/repository/com/google/inject/guice/5.1.0/guice-5.1.0.jar:/home/runner/.m2/repository/aopalliance/aopalliance/1.0/aopalliance-1.0.jar:/home/runner/.m2/repository/com/google/inject/extensions/guice-assistedinject/5.1.0/guice-assistedinject-5.1.0.jar:/home/runner/.m2/repository/com/google/inject/extensions/guice-servlet/5.1.0/guice-servlet-5.1.0.jar:/home/runner/.m2/repository/org/glassfish/jersey/containers/jersey-container-servlet/2.34/jersey-container-servlet-2.34.jar:/home/runner/.m2/repository/org/glassfish/hk2/guice-bridge/2.5.0/guice-bridge-2.5.0.jar:/home/runner/.m2/repository/org/glassfish/jersey/core/jersey-server/2.34/jersey-server-2.34.jar:/home/runner/.m2/repository/org/glassfish/jersey/core/jersey-client/2.34/jersey-client-2.34.jar:/home/runner/.m2/repository/jakarta/annotation/jakarta.annotation-api/1.3.5/jakarta.annotation-api-1.3.5.jar:/home/runner/.m2/repository/jakarta/validation/jakarta.validation-api/2.0.2/jakarta.validation-api-2.0.2.jar:/home/runner/.m2/repository/org/glassfish/jersey/media/jersey-media-json-jackson/2.34/jersey-media-json-jackson-2.34.jar:/home/runner/.m2/repository/org/glassfish/jersey/ext/jersey-entity-filtering/2.34/jersey-entity-filtering-2.34.jar:/home/runner/.m2/repository/org/jooq/jooq/3.11.10/jooq-3.11.10.jar:/home/runner/.m2/repository/org/jooq/jooq-meta/3.11.10/jooq-meta-3.11.10.jar:/home/runner/.m2/repository/org/jooq/jooq-codegen/3.11.10/jooq-codegen-3.11.10.jar:/home/runner/.m2/repository/com/jolbox/bonecp/0.8.0.RELEASE/bonecp-0.8.0.RELEASE.jar:/home/runner/.m2/repository/org/apache/derby/derby/10.14.2.0/derby-10.14.2.0.jar:/home/runner/.m2/repository/org/xerial/sqlite-jdbc/3.41.2.2/sqlite-jdbc-3.41.2.2.jar:/home/runner/.m2/repository/org/springframework/spring-jdbc/5.3.27/spring-jdbc-5.3.27.jar:/home/runner/.m2/repository/org/springframework/spring-beans/5.3.27/spring-beans-5.3.27.jar:/home/runner/.m2/repository/org/springframework/spring-core/5.3.27/spring-core-5.3.27.jar:/home/runner/.m2/repository/org/springframework/spring-tx/5.3.27/spring-tx-5.3.27.jar:/home/runner/.m2/repository/org/apache/ozone/ozone-client/1.4.0-SNAPSHOT/ozone-client-1.4.0-SNAPSHOT.jar:/home/runner/.m2/repository/org/apache/ozone/hdds-erasurecode/1.4.0-SNAPSHOT/hdds-erasurecode-1.4.0-SNAPSHOT.jar:/home/runner/.m2/repository/org/apache/ozone/ozone-filesystem/1.4.0-SNAPSHOT/ozone-filesystem-1.4.0-SNAPSHOT.jar:/home/runner/.m2/repository/org/apache/ozone/ozone-filesystem-common/1.4.0-SNAPSHOT/ozone-filesystem-common-1.4.0-SNAPSHOT.jar:/home/runner/.m2/repository/org/apache/ozone/ozone-tools/1.4.0-SNAPSHOT/ozone-tools-1.4.0-SNAPSHOT.jar:/home/runner/.m2/repository/com/amazonaws/aws-java-sdk-core/1.12.261/aws-java-sdk-core-1.12.261.jar:/home/runner/.m2/repository/org/apache/httpcomponents/httpclient/4.5.13/httpclient-4.5.13.jar:/home/runner/.m2/repository/org/apache/httpcomponents/httpcore/4.4.13/httpcore-4.4.13.jar:/home/runner/.m2/repository/software/amazon/ion/ion-java/1.0.2/ion-java-1.0.2.jar:/home/runner/.m2/repository/com/fasterxml/jackson/dataformat/jackson-dataformat-cbor/2.13.4/jackson-dataformat-cbor-2.13.4.jar:/home/runner/.m2/repository/joda-time/joda-time/2.10.6/joda-time-2.10.6.jar:/home/runner/.m2/repository/com/amazonaws/aws-java-sdk-s3/1.12.261/aws-java-sdk-s3-1.12.261.jar:/home/runner/.m2/repository/com/amazonaws/aws-java-sdk-kms/1.12.261/aws-java-sdk-kms-1.12.261.jar:/home/runner/.m2/repository/com/amazonaws/jmespath-java/1.12.261/jmespath-java-1.12.261.jar:/home/runner/.m2/repository/org/kohsuke/metainf-services/metainf-services/1.8/metainf-services-1.8.jar:/home/runner/.m2/repository/org/apache/ozone/hdds-tools/1.4.0-SNAPSHOT/hdds-tools-1.4.0-SNAPSHOT.jar:/home/runner/.m2/repository/org/apache/ratis/ratis-tools/2.5.1/ratis-tools-2.5.1.jar:/home/runner/.m2/repository/commons-cli/commons-cli/1.2/commons-cli-1.2.jar:/home/runner/.m2/repository/org/apache/commons/commons-lang3/3.7/commons-lang3-3.7.jar:/home/runner/.m2/repository/org/apache/ozone/ozone-manager/1.4.0-SNAPSHOT/ozone-manager-1.4.0-SNAPSHOT-tests.jar:/home/runner/.m2/repository/org/apache/ozone/hdds-common/1.4.0-SNAPSHOT/hdds-common-1.4.0-SNAPSHOT-tests.jar:/home/runner/.m2/repository/org/apache/ozone/hdds-hadoop-dependency-client/1.4.0-SNAPSHOT/hdds-hadoop-dependency-client-1.4.0-SNAPSHOT.jar:/home/runner/.m2/repository/info/picocli/picocli/4.6.1/picocli-4.6.1.jar:/home/runner/.m2/repository/com/fasterxml/jackson/core/jackson-annotations/2.13.4/jackson-annotations-2.13.4.jar:/home/runner/.m2/repository/org/apache/ozone/hdds-annotation-processing/1.4.0-SNAPSHOT/hdds-annotation-processing-1.4.0-SNAPSHOT.jar:/home/runner/.m2/repository/javax/annotation/javax.annotation-api/1.2/javax.annotation-api-1.2.jar:/home/runner/.m2/repository/org/apache/ratis/ratis-netty/2.5.1/ratis-netty-2.5.1.jar:/home/runner/.m2/repository/org/apache/ratis/ratis-grpc/2.5.1/ratis-grpc-2.5.1.jar:/home/runner/.m2/repository/org/apache/commons/commons-pool2/2.6.0/commons-pool2-2.6.0.jar:/home/runner/.m2/repository/org/bouncycastle/bcpkix-jdk15on/1.67/bcpkix-jdk15on-1.67.jar:/home/runner/.m2/repository/commons-validator/commons-validator/1.6/commons-validator-1.6.jar:/home/runner/.m2/repository/commons-beanutils/commons-beanutils/1.9.4/commons-beanutils-1.9.4.jar:/home/runner/.m2/repository/commons-digester/commons-digester/1.8.1/commons-digester-1.8.1.jar:/home/runner/.m2/repository/commons-collections/commons-collections/3.2.2/commons-collections-3.2.2.jar:/home/runner/.m2/repository/io/jaegertracing/jaeger-client/1.6.0/jaeger-client-1.6.0.jar:/home/runner/.m2/repository/io/jaegertracing/jaeger-thrift/1.6.0/jaeger-thrift-1.6.0.jar:/home/runner/.m2/repository/org/apache/thrift/libthrift/0.14.1/libthrift-0.14.1.jar:/home/runner/.m2/repository/io/jaegertracing/jaeger-core/1.6.0/jaeger-core-1.6.0.jar:/home/runner/.m2/repository/io/jaegertracing/jaeger-tracerresolver/1.6.0/jaeger-tracerresolver-1.6.0.jar:/home/runner/.m2/repository/io/opentracing/contrib/opentracing-tracerresolver/0.1.8/opentracing-tracerresolver-0.1.8.jar:/home/runner/.m2/repository/org/jetbrains/kotlin/kotlin-stdlib/1.6.21/kotlin-stdlib-1.6.21.jar:/home/runner/.m2/repository/org/jetbrains/annotations/13.0/annotations-13.0.jar:/home/runner/.m2/repository/io/opentracing/opentracing-util/0.33.0/opentracing-util-0.33.0.jar:/home/runner/.m2/repository/io/opentracing/opentracing-api/0.33.0/opentracing-api-0.33.0.jar:/home/runner/.m2/repository/io/opentracing/opentracing-noop/0.33.0/opentracing-noop-0.33.0.jar:/home/runner/.m2/repository/org/yaml/snakeyaml/2.0/snakeyaml-2.0.jar:/home/runner/.m2/repository/io/grpc/grpc-api/1.51.1/grpc-api-1.51.1.jar:/home/runner/.m2/repository/io/grpc/grpc-context/1.51.1/grpc-context-1.51.1.jar:/home/runner/.m2/repository/junit/junit/4.13.1/junit-4.13.1.jar:/home/runner/.m2/repository/org/hamcrest/hamcrest-core/1.3/hamcrest-core-1.3.jar:/home/runner/.m2/repository/org/junit/jupiter/junit-jupiter-api/5.8.2/junit-jupiter-api-5.8.2.jar:/home/runner/.m2/repository/org/opentest4j/opentest4j/1.2.0/opentest4j-1.2.0.jar:/home/runner/.m2/repository/org/junit/platform/junit-platform-commons/1.8.2/junit-platform-commons-1.8.2.jar:/home/runner/.m2/repository/org/apiguardian/apiguardian-api/1.1.2/apiguardian-api-1.1.2.jar:/home/runner/.m2/repository/org/junit/jupiter/junit-jupiter-params/5.8.2/junit-jupiter-params-5.8.2.jar:/home/runner/.m2/repository/org/junit/jupiter/junit-jupiter-migrationsupport/5.8.2/junit-jupiter-migrationsupport-5.8.2.jar:/home/runner/.m2/repository/org/junit/jupiter/junit-jupiter-engine/5.8.2/junit-jupiter-engine-5.8.2.jar:/home/runner/.m2/repository/org/junit/platform/junit-platform-engine/1.8.2/junit-platform-engine-1.8.2.jar:/home/runner/.m2/repository/org/junit/vintage/junit-vintage-engine/5.8.2/junit-vintage-engine-5.8.2.jar:/home/runner/.m2/repository/org/junit/platform/junit-platform-launcher/1.8.2/junit-platform-launcher-1.8.2.jar:/home/runner/.m2/repository/org/mockito/mockito-core/3.5.9/mockito-core-3.5.9.jar:/home/runner/.m2/repository/net/bytebuddy/byte-buddy/1.10.13/byte-buddy-1.10.13.jar:/home/runner/.m2/repository/net/bytebuddy/byte-buddy-agent/1.10.13/byte-buddy-agent-1.10.13.jar:/home/runner/.m2/repository/org/objenesis/objenesis/1.0/objenesis-1.0.jar:/home/runner/.m2/repository/org/apache/hadoop/hadoop-kms/3.3.6/hadoop-kms-3.3.6.jar:/home/runner/.m2/repository/org/apache/hadoop/hadoop-auth/3.3.6/hadoop-auth-3.3.6.jar:/home/runner/.m2/repository/com/nimbusds/nimbus-jose-jwt/9.8.1/nimbus-jose-jwt-9.8.1.jar:/home/runner/.m2/repository/com/github/stephenc/jcip/jcip-annotations/1.0-1/jcip-annotations-1.0-1.jar:/home/runner/.m2/repository/org/apache/zookeeper/zookeeper/3.5.6/zookeeper-3.5.6.jar:/home/runner/.m2/repository/org/apache/zookeeper/zookeeper-jute/3.5.6/zookeeper-jute-3.5.6.jar:/home/runner/.m2/repository/org/apache/yetus/audience-annotations/0.5.0/audience-annotations-0.5.0.jar:/home/runner/.m2/repository/org/apache/curator/curator-framework/4.2.0/curator-framework-4.2.0.jar:/home/runner/.m2/repository/org/apache/hadoop/thirdparty/hadoop-shaded-guava/1.1.1/hadoop-shaded-guava-1.1.1.jar:/home/runner/.m2/repository/com/sun/jersey/jersey-core/1.19/jersey-core-1.19.jar:/home/runner/.m2/repository/javax/ws/rs/jsr311-api/1.1.1/jsr311-api-1.1.1.jar:/home/runner/.m2/repository/com/sun/jersey/jersey-server/1.19/jersey-server-1.19.jar:/home/runner/.m2/repository/javax/servlet/javax.servlet-api/3.1.0/javax.servlet-api-3.1.0.jar:/home/runner/.m2/repository/org/apache/hadoop/hadoop-common/3.3.6/hadoop-common-3.3.6.jar:/home/runner/.m2/repository/org/apache/commons/commons-math3/3.1.1/commons-math3-3.1.1.jar:/home/runner/.m2/repository/commons-net/commons-net/3.9.0/commons-net-3.9.0.jar:/home/runner/.m2/repository/com/sun/jersey/jersey-servlet/1.19/jersey-servlet-1.19.jar:/home/runner/.m2/repository/com/github/pjfanning/jersey-json/1.20/jersey-json-1.20.jar:/home/runner/.m2/repository/org/codehaus/jettison/jettison/1.1/jettison-1.1.jar:/home/runner/.m2/repository/com/sun/xml/bind/jaxb-impl/2.2.3-1/jaxb-impl-2.2.3-1.jar:/home/runner/.m2/repository/com/google/re2j/re2j/1.1/re2j-1.1.jar:/home/runner/.m2/repository/com/jcraft/jsch/0.1.54/jsch-0.1.54.jar:/home/runner/.m2/repository/org/apache/curator/curator-client/4.2.0/curator-client-4.2.0.jar:/home/runner/.m2/repository/org/apache/curator/curator-recipes/5.2.0/curator-recipes-5.2.0.jar:/home/runner/.m2/repository/org/apache/kerby/kerb-core/1.0.1/kerb-core-1.0.1.jar:/home/runner/.m2/repository/org/apache/kerby/kerby-pkix/1.0.1/kerby-pkix-1.0.1.jar:/home/runner/.m2/repository/org/apache/kerby/kerby-asn1/1.0.1/kerby-asn1-1.0.1.jar:/home/runner/.m2/repository/org/apache/kerby/kerby-util/1.0.1/kerby-util-1.0.1.jar:/home/runner/.m2/repository/dnsjava/dnsjava/2.1.7/dnsjava-2.1.7.jar:/home/runner/.m2/repository/org/xerial/snappy/snappy-java/1.1.8.2/snappy-java-1.1.8.2.jar:/home/runner/.m2/repository/com/fasterxml/jackson/core/jackson-databind/2.13.4.2/jackson-databind-2.13.4.2.jar:/home/runner/.m2/repository/org/apache/hadoop/hadoop-kms/3.3.6/hadoop-kms-3.3.6-tests.jar:/home/runner/.m2/repository/org/apache/ozone/hdds-server-scm/1.4.0-SNAPSHOT/hdds-server-scm-1.4.0-SNAPSHOT-tests.jar:/home/runner/.m2/repository/org/apache/ozone/hdds-container-service/1.4.0-SNAPSHOT/hdds-container-service-1.4.0-SNAPSHOT-tests.jar:/home/runner/.m2/repository/com/github/luben/zstd-jni/1.5.2-5/zstd-jni-1.5.2-5.jar:/home/runner/.m2/repository/commons-codec/commons-codec/1.15/commons-codec-1.15.jar:/home/runner/.m2/repository/io/netty/netty-codec/4.1.94.Final/netty-codec-4.1.94.Final.jar:/home/runner/.m2/repository/io/netty/netty-handler/4.1.94.Final/netty-handler-4.1.94.Final.jar:/home/runner/.m2/repository/org/apache/ozone/hdds-hadoop-dependency-test/1.4.0-SNAPSHOT/hdds-hadoop-dependency-test-1.4.0-SNAPSHOT.jar:/home/runner/.m2/repository/org/apache/hadoop/hadoop-common/3.3.6/hadoop-common-3.3.6-tests.jar:/home/runner/.m2/repository/org/apache/hadoop/hadoop-hdfs/3.3.6/hadoop-hdfs-3.3.6-tests.jar:/home/runner/.m2/repository/org/assertj/assertj-core/3.12.2/assertj-core-3.12.2.jar:/home/runner/.m2/repository/org/apache/hadoop/hadoop-distcp/3.3.6/hadoop-distcp-3.3.6.jar:/home/runner/.m2/repository/org/apache/hadoop/hadoop-mapreduce-client-jobclient/3.3.6/hadoop-mapreduce-client-jobclient-3.3.6.jar:/home/runner/.m2/repository/org/apache/hadoop/hadoop-mapreduce-client-common/3.3.6/hadoop-mapreduce-client-common-3.3.6.jar:/home/runner/.m2/repository/org/apache/hadoop/hadoop-yarn-common/3.3.6/hadoop-yarn-common-3.3.6.jar:/home/runner/.m2/repository/org/apache/hadoop/hadoop-yarn-api/3.3.6/hadoop-yarn-api-3.3.6.jar:/home/runner/.m2/repository/com/sun/jersey/contribs/jersey-guice/1.19/jersey-guice-1.19.jar:/home/runner/.m2/repository/com/fasterxml/jackson/jaxrs/jackson-jaxrs-json-provider/2.13.4/jackson-jaxrs-json-provider-2.13.4.jar:/home/runner/.m2/repository/com/fasterxml/jackson/jaxrs/jackson-jaxrs-base/2.13.4/jackson-jaxrs-base-2.13.4.jar:/home/runner/.m2/repository/org/apache/hadoop/hadoop-yarn-client/3.3.6/hadoop-yarn-client-3.3.6.jar:/home/runner/.m2/repository/org/eclipse/jetty/websocket/websocket-client/9.4.51.v20230217/websocket-client-9.4.51.v20230217.jar:/home/runner/.m2/repository/org/eclipse/jetty/websocket/websocket-common/9.4.51.v20230217/websocket-common-9.4.51.v20230217.jar:/home/runner/.m2/repository/org/eclipse/jetty/websocket/websocket-api/9.4.51.v20230217/websocket-api-9.4.51.v20230217.jar:/home/runner/.m2/repository/org/jline/jline/3.9.0/jline-3.9.0.jar:/home/runner/.m2/repository/org/apache/hadoop/hadoop-mapreduce-client-core/3.3.6/hadoop-mapreduce-client-core-3.3.6.jar:/home/runner/.m2/repository/org/apache/avro/avro/1.7.7/avro-1.7.7.jar:/home/runner/.m2/repository/com/thoughtworks/paranamer/paranamer/2.3/paranamer-2.3.jar:/home/runner/.m2/repository/org/apache/hadoop/hadoop-annotations/3.3.6/hadoop-annotations-3.3.6.jar:/usr/lib/jvm/temurin-8-jdk-amd64/jre/../lib/tools.jar:/home/runner/.m2/repository/io/netty/netty/3.10.6.Final/netty-3.10.6.Final.jar:/home/runner/.m2/repository/org/apache/hadoop/hadoop-distcp/3.3.6/hadoop-distcp-3.3.6-tests.jar:/home/runner/.m2/repository/org/slf4j/jul-to-slf4j/1.7.36/jul-to-slf4j-1.7.36.jar:"/>
    <property name="java.vm.vendor" value="Temurin"/>
    <property name="sun.arch.data.model" value="64"/>
    <property name="test.build.dir" value="/home/runner/work/ozone/ozone/hadoop-ozone/integration-test/target/test-dir"/>
    <property name="sun.security.krb5.debug" value="false"/>
    <property name="test.cache.data" value=""/>
    <property name="java.vendor.url" value="https://adoptium.net/"/>
    <property name="user.timezone" value="Etc/UTC"/>
    <property name="os.name" value="Linux"/>
    <property name="java.vm.specification.version" value="1.8"/>
    <property name="test.build.data" value="/home/runner/work/ozone/ozone/hadoop-ozone/integration-test/target/test-dir"/>
    <property name="sun.java.launcher" value="SUN_STANDARD"/>
    <property name="sun.boot.library.path" value="/usr/lib/jvm/temurin-8-jdk-amd64/jre/lib/amd64"/>
    <property name="sun.java.command" value="/home/runner/work/ozone/ozone/hadoop-ozone/integration-test/target/surefire/surefirebooter255523318437296643.jar /home/runner/work/ozone/ozone/hadoop-ozone/integration-test/target/surefire 2023-08-10T18-28-54_874-jvmRun1 surefire7064196702794771161tmp surefire_98551933987600089580tmp"/>
    <property name="native.lib.tmp.dir" value="/tmp"/>
    <property name="surefire.test.class.path" value="/home/runner/work/ozone/ozone/hadoop-ozone/integration-test/target/test-classes:/home/runner/work/ozone/ozone/hadoop-ozone/integration-test/target/classes:/home/runner/.m2/repository/org/apache/ozone/ozone-common/1.4.0-SNAPSHOT/ozone-common-1.4.0-SNAPSHOT.jar:/home/runner/.m2/repository/io/grpc/grpc-netty/1.51.1/grpc-netty-1.51.1.jar:/home/runner/.m2/repository/io/grpc/grpc-core/1.51.1/grpc-core-1.51.1.jar:/home/runner/.m2/repository/com/google/android/annotations/4.1.1.4/annotations-4.1.1.4.jar:/home/runner/.m2/repository/org/codehaus/mojo/animal-sniffer-annotations/1.21/animal-sniffer-annotations-1.21.jar:/home/runner/.m2/repository/com/google/errorprone/error_prone_annotations/2.2.0/error_prone_annotations-2.2.0.jar:/home/runner/.m2/repository/io/perfmark/perfmark-api/0.25.0/perfmark-api-0.25.0.jar:/home/runner/.m2/repository/io/netty/netty-codec-http2/4.1.94.Final/netty-codec-http2-4.1.94.Final.jar:/home/runner/.m2/repository/io/netty/netty-common/4.1.94.Final/netty-common-4.1.94.Final.jar:/home/runner/.m2/repository/io/netty/netty-buffer/4.1.94.Final/netty-buffer-4.1.94.Final.jar:/home/runner/.m2/repository/io/netty/netty-codec-http/4.1.94.Final/netty-codec-http-4.1.94.Final.jar:/home/runner/.m2/repository/io/netty/netty-handler-proxy/4.1.94.Final/netty-handler-proxy-4.1.94.Final.jar:/home/runner/.m2/repository/io/netty/netty-codec-socks/4.1.94.Final/netty-codec-socks-4.1.94.Final.jar:/home/runner/.m2/repository/io/netty/netty-tcnative-boringssl-static/2.0.61.Final/netty-tcnative-boringssl-static-2.0.61.Final.jar:/home/runner/.m2/repository/io/netty/netty-tcnative-classes/2.0.61.Final/netty-tcnative-classes-2.0.61.Final.jar:/home/runner/.m2/repository/io/netty/netty-tcnative-boringssl-static/2.0.61.Final/netty-tcnative-boringssl-static-2.0.61.Final-linux-x86_64.jar:/home/runner/.m2/repository/io/netty/netty-tcnative-boringssl-static/2.0.61.Final/netty-tcnative-boringssl-static-2.0.61.Final-linux-aarch_64.jar:/home/runner/.m2/repository/io/netty/netty-tcnative-boringssl-static/2.0.61.Final/netty-tcnative-boringssl-static-2.0.61.Final-osx-x86_64.jar:/home/runner/.m2/repository/io/netty/netty-tcnative-boringssl-static/2.0.61.Final/netty-tcnative-boringssl-static-2.0.61.Final-osx-aarch_64.jar:/home/runner/.m2/repository/io/netty/netty-tcnative-boringssl-static/2.0.61.Final/netty-tcnative-boringssl-static-2.0.61.Final-windows-x86_64.jar:/home/runner/.m2/repository/org/apache/commons/commons-compress/1.21/commons-compress-1.21.jar:/home/runner/.m2/repository/org/apache/ozone/hdds-common/1.4.0-SNAPSHOT/hdds-common-1.4.0-SNAPSHOT.jar:/home/runner/.m2/repository/org/apache/ozone/hdds-client/1.4.0-SNAPSHOT/hdds-client-1.4.0-SNAPSHOT.jar:/home/runner/.m2/repository/org/apache/ozone/ozone-interface-client/1.4.0-SNAPSHOT/ozone-interface-client-1.4.0-SNAPSHOT.jar:/home/runner/.m2/repository/org/apache/hadoop/hadoop-hdfs-client/3.3.6/hadoop-hdfs-client-3.3.6.jar:/home/runner/.m2/repository/com/squareup/okhttp3/okhttp/4.9.3/okhttp-4.9.3.jar:/home/runner/.m2/repository/com/squareup/okio/okio/3.4.0/okio-3.4.0.jar:/home/runner/.m2/repository/com/squareup/okio/okio-jvm/3.4.0/okio-jvm-3.4.0.jar:/home/runner/.m2/repository/org/jetbrains/kotlin/kotlin-stdlib-jdk8/1.8.0/kotlin-stdlib-jdk8-1.8.0.jar:/home/runner/.m2/repository/org/jetbrains/kotlin/kotlin-stdlib-jdk7/1.8.0/kotlin-stdlib-jdk7-1.8.0.jar:/home/runner/.m2/repository/org/jetbrains/kotlin/kotlin-stdlib-common/1.6.21/kotlin-stdlib-common-1.6.21.jar:/home/runner/.m2/repository/org/apache/ozone/hdds-test-utils/1.4.0-SNAPSHOT/hdds-test-utils-1.4.0-SNAPSHOT.jar:/home/runner/.m2/repository/com/google/guava/guava/32.0.0-jre/guava-32.0.0-jre.jar:/home/runner/.m2/repository/com/google/guava/failureaccess/1.0.1/failureaccess-1.0.1.jar:/home/runner/.m2/repository/com/google/guava/listenablefuture/9999.0-empty-to-avoid-conflict-with-guava/listenablefuture-9999.0-empty-to-avoid-conflict-with-guava.jar:/home/runner/.m2/repository/com/google/code/findbugs/jsr305/3.0.0/jsr305-3.0.0.jar:/home/runner/.m2/repository/org/checkerframework/checker-qual/3.33.0/checker-qual-3.33.0.jar:/home/runner/.m2/repository/com/google/j2objc/j2objc-annotations/2.8/j2objc-annotations-2.8.jar:/home/runner/.m2/repository/commons-io/commons-io/2.11.0/commons-io-2.11.0.jar:/home/runner/.m2/repository/commons-logging/commons-logging/1.2/commons-logging-1.2.jar:/home/runner/.m2/repository/ch/qos/reload4j/reload4j/1.2.22/reload4j-1.2.22.jar:/home/runner/.m2/repository/org/slf4j/slf4j-api/1.7.36/slf4j-api-1.7.36.jar:/home/runner/.m2/repository/org/apache/logging/log4j/log4j-api/2.17.1/log4j-api-2.17.1.jar:/home/runner/.m2/repository/org/apache/ozone/hdds-server-scm/1.4.0-SNAPSHOT/hdds-server-scm-1.4.0-SNAPSHOT.jar:/home/runner/.m2/repository/org/apache/ozone/hdds-container-service/1.4.0-SNAPSHOT/hdds-container-service-1.4.0-SNAPSHOT.jar:/home/runner/.m2/repository/org/apache/ozone/hdds-hadoop-dependency-server/1.4.0-SNAPSHOT/hdds-hadoop-dependency-server-1.4.0-SNAPSHOT.jar:/home/runner/.m2/repository/org/apache/hadoop/hadoop-hdfs/3.3.6/hadoop-hdfs-3.3.6.jar:/home/runner/.m2/repository/commons-daemon/commons-daemon/1.0.13/commons-daemon-1.0.13.jar:/home/runner/.m2/repository/org/apache/ozone/hdds-server-framework/1.4.0-SNAPSHOT/hdds-server-framework-1.4.0-SNAPSHOT.jar:/home/runner/.m2/repository/io/dropwizard/metrics/metrics-core/3.2.4/metrics-core-3.2.4.jar:/home/runner/.m2/repository/org/apache/commons/commons-text/1.10.0/commons-text-1.10.0.jar:/home/runner/.m2/repository/org/bouncycastle/bcprov-jdk15on/1.67/bcprov-jdk15on-1.67.jar:/home/runner/.m2/repository/com/google/protobuf/protobuf-java/2.5.0/protobuf-java-2.5.0.jar:/home/runner/.m2/repository/org/apache/ozone/hdds-server-framework/1.4.0-SNAPSHOT/hdds-server-framework-1.4.0-SNAPSHOT-tests.jar:/home/runner/.m2/repository/org/apache/ozone/hdds-interface-server/1.4.0-SNAPSHOT/hdds-interface-server-1.4.0-SNAPSHOT.jar:/home/runner/.m2/repository/org/apache/ozone/hdds-interface-admin/1.4.0-SNAPSHOT/hdds-interface-admin-1.4.0-SNAPSHOT.jar:/home/runner/.m2/repository/org/apache/ozone/hdds-managed-rocksdb/1.4.0-SNAPSHOT/hdds-managed-rocksdb-1.4.0-SNAPSHOT.jar:/home/runner/.m2/repository/org/rocksdb/rocksdbjni/7.7.3/rocksdbjni-7.7.3.jar:/home/runner/.m2/repository/org/slf4j/slf4j-reload4j/1.7.36/slf4j-reload4j-1.7.36.jar:/home/runner/.m2/repository/org/apache/commons/commons-configuration2/2.1.1/commons-configuration2-2.1.1.jar:/home/runner/.m2/repository/commons-fileupload/commons-fileupload/1.5/commons-fileupload-1.5.jar:/home/runner/.m2/repository/org/apache/logging/log4j/log4j-core/2.17.1/log4j-core-2.17.1.jar:/home/runner/.m2/repository/com/lmax/disruptor/3.4.2/disruptor-3.4.2.jar:/home/runner/.m2/repository/org/eclipse/jetty/jetty-util/9.4.51.v20230217/jetty-util-9.4.51.v20230217.jar:/home/runner/.m2/repository/org/eclipse/jetty/jetty-server/9.4.51.v20230217/jetty-server-9.4.51.v20230217.jar:/home/runner/.m2/repository/org/eclipse/jetty/jetty-http/9.4.51.v20230217/jetty-http-9.4.51.v20230217.jar:/home/runner/.m2/repository/org/eclipse/jetty/jetty-io/9.4.51.v20230217/jetty-io-9.4.51.v20230217.jar:/home/runner/.m2/repository/org/eclipse/jetty/jetty-servlet/9.4.51.v20230217/jetty-servlet-9.4.51.v20230217.jar:/home/runner/.m2/repository/org/eclipse/jetty/jetty-security/9.4.51.v20230217/jetty-security-9.4.51.v20230217.jar:/home/runner/.m2/repository/org/eclipse/jetty/jetty-util-ajax/9.4.51.v20230217/jetty-util-ajax-9.4.51.v20230217.jar:/home/runner/.m2/repository/org/eclipse/jetty/jetty-webapp/9.4.51.v20230217/jetty-webapp-9.4.51.v20230217.jar:/home/runner/.m2/repository/org/eclipse/jetty/jetty-xml/9.4.51.v20230217/jetty-xml-9.4.51.v20230217.jar:/home/runner/.m2/repository/org/apache/ratis/ratis-server/2.5.1/ratis-server-2.5.1.jar:/home/runner/.m2/repository/org/apache/ratis/ratis-thirdparty-misc/1.0.4/ratis-thirdparty-misc-1.0.4.jar:/home/runner/.m2/repository/org/apache/ratis/ratis-proto/2.5.1/ratis-proto-2.5.1.jar:/home/runner/.m2/repository/org/apache/ratis/ratis-common/2.5.1/ratis-common-2.5.1.jar:/home/runner/.m2/repository/org/apache/ratis/ratis-client/2.5.1/ratis-client-2.5.1.jar:/home/runner/.m2/repository/org/apache/ratis/ratis-server-api/2.5.1/ratis-server-api-2.5.1.jar:/home/runner/.m2/repository/org/apache/ratis/ratis-metrics/2.5.1/ratis-metrics-2.5.1.jar:/home/runner/.m2/repository/io/prometheus/simpleclient_dropwizard/0.7.0/simpleclient_dropwizard-0.7.0.jar:/home/runner/.m2/repository/io/prometheus/simpleclient/0.7.0/simpleclient-0.7.0.jar:/home/runner/.m2/repository/io/prometheus/simpleclient_common/0.7.0/simpleclient_common-0.7.0.jar:/home/runner/.m2/repository/com/fasterxml/jackson/datatype/jackson-datatype-jsr310/2.13.4/jackson-datatype-jsr310-2.13.4.jar:/home/runner/.m2/repository/com/fasterxml/jackson/core/jackson-core/2.13.4/jackson-core-2.13.4.jar:/home/runner/.m2/repository/com/github/spotbugs/spotbugs-annotations/3.1.12/spotbugs-annotations-3.1.12.jar:/home/runner/.m2/repository/org/apache/ozone/rocksdb-checkpoint-differ/1.4.0-SNAPSHOT/rocksdb-checkpoint-differ-1.4.0-SNAPSHOT.jar:/home/runner/.m2/repository/org/jgrapht/jgrapht-core/1.0.1/jgrapht-core-1.0.1.jar:/home/runner/.m2/repository/org/jgrapht/jgrapht-ext/1.0.1/jgrapht-ext-1.0.1.jar:/home/runner/.m2/repository/org/tinyjee/jgraphx/jgraphx/2.0.0.1/jgraphx-2.0.0.1.jar:/home/runner/.m2/repository/jgraph/jgraph/5.13.0.0/jgraph-5.13.0.0.jar:/home/runner/.m2/repository/org/antlr/antlr4-runtime/4.5.3/antlr4-runtime-4.5.3.jar:/home/runner/.m2/repository/org/awaitility/awaitility/4.2.0/awaitility-4.2.0.jar:/home/runner/.m2/repository/org/hamcrest/hamcrest/2.1/hamcrest-2.1.jar:/home/runner/.m2/repository/org/apache/ozone/ozone-manager/1.4.0-SNAPSHOT/ozone-manager-1.4.0-SNAPSHOT.jar:/home/runner/.m2/repository/org/aspectj/aspectjrt/1.9.7/aspectjrt-1.9.7.jar:/home/runner/.m2/repository/org/aspectj/aspectjweaver/1.9.7/aspectjweaver-1.9.7.jar:/home/runner/.m2/repository/org/apache/ozone/hdds-interface-client/1.4.0-SNAPSHOT/hdds-interface-client-1.4.0-SNAPSHOT.jar:/home/runner/.m2/repository/org/apache/hadoop/thirdparty/hadoop-shaded-protobuf_3_7/1.1.1/hadoop-shaded-protobuf_3_7-1.1.1.jar:/home/runner/.m2/repository/org/apache/ozone/ozone-interface-storage/1.4.0-SNAPSHOT/ozone-interface-storage-1.4.0-SNAPSHOT.jar:/home/runner/.m2/repository/org/reflections/reflections/0.9.11/reflections-0.9.11.jar:/home/runner/.m2/repository/com/sun/jersey/jersey-client/1.19/jersey-client-1.19.jar:/home/runner/.m2/repository/org/codehaus/jackson/jackson-core-asl/1.9.13/jackson-core-asl-1.9.13.jar:/home/runner/.m2/repository/org/codehaus/jackson/jackson-mapper-asl/1.9.13/jackson-mapper-asl-1.9.13.jar:/home/runner/.m2/repository/org/codehaus/jackson/jackson-jaxrs/1.9.13/jackson-jaxrs-1.9.13.jar:/home/runner/.m2/repository/org/apache/ranger/ranger-intg/2.3.0/ranger-intg-2.3.0.jar:/home/runner/.m2/repository/org/apache/ranger/ranger-plugins-common/2.3.0/ranger-plugins-common-2.3.0.jar:/home/runner/.m2/repository/commons-lang/commons-lang/2.6/commons-lang-2.6.jar:/home/runner/.m2/repository/org/apache/ranger/ranger-plugins-cred/2.3.0/ranger-plugins-cred-2.3.0.jar:/home/runner/.m2/repository/org/apache/ranger/ranger-plugins-audit/2.3.0/ranger-plugins-audit-2.3.0.jar:/home/runner/.m2/repository/org/eclipse/jetty/jetty-client/9.4.51.v20230217/jetty-client-9.4.51.v20230217.jar:/home/runner/.m2/repository/org/apache/httpcomponents/httpmime/4.5.6/httpmime-4.5.6.jar:/home/runner/.m2/repository/org/apache/httpcomponents/httpcore-nio/4.4.13/httpcore-nio-4.4.13.jar:/home/runner/.m2/repository/org/apache/httpcomponents/httpasyncclient/4.1.3/httpasyncclient-4.1.3.jar:/home/runner/.m2/repository/com/carrotsearch/hppc/0.8.0/hppc-0.8.0.jar:/home/runner/.m2/repository/org/apache/orc/orc-core/1.5.8/orc-core-1.5.8.jar:/home/runner/.m2/repository/net/java/dev/jna/jna/5.2.0/jna-5.2.0.jar:/home/runner/.m2/repository/net/java/dev/jna/jna-platform/5.2.0/jna-platform-5.2.0.jar:/home/runner/.m2/repository/com/kstruct/gethostname4j/0.0.2/gethostname4j-0.0.2.jar:/home/runner/.m2/repository/org/apache/ranger/ranger-plugin-classloader/2.3.0/ranger-plugin-classloader-2.3.0.jar:/home/runner/.m2/repository/org/apache/ozone/hdds-rocks-native/1.4.0-SNAPSHOT/hdds-rocks-native-1.4.0-SNAPSHOT.jar:/home/runner/.m2/repository/org/apache/hadoop/hadoop-minikdc/3.3.6/hadoop-minikdc-3.3.6.jar:/home/runner/.m2/repository/org/apache/kerby/kerb-simplekdc/1.0.1/kerb-simplekdc-1.0.1.jar:/home/runner/.m2/repository/org/apache/kerby/kerb-client/1.0.1/kerb-client-1.0.1.jar:/home/runner/.m2/repository/org/apache/kerby/kerby-config/1.0.1/kerby-config-1.0.1.jar:/home/runner/.m2/repository/org/apache/kerby/kerb-common/1.0.1/kerb-common-1.0.1.jar:/home/runner/.m2/repository/org/apache/kerby/kerb-crypto/1.0.1/kerb-crypto-1.0.1.jar:/home/runner/.m2/repository/org/apache/kerby/kerb-util/1.0.1/kerb-util-1.0.1.jar:/home/runner/.m2/repository/org/apache/kerby/token-provider/1.0.1/token-provider-1.0.1.jar:/home/runner/.m2/repository/org/apache/kerby/kerb-admin/1.0.1/kerb-admin-1.0.1.jar:/home/runner/.m2/repository/org/apache/kerby/kerb-server/1.0.1/kerb-server-1.0.1.jar:/home/runner/.m2/repository/org/apache/kerby/kerb-identity/1.0.1/kerb-identity-1.0.1.jar:/home/runner/.m2/repository/org/apache/kerby/kerby-xdr/1.0.1/kerby-xdr-1.0.1.jar:/home/runner/.m2/repository/org/apache/ozone/ozone-s3gateway/1.4.0-SNAPSHOT/ozone-s3gateway-1.4.0-SNAPSHOT.jar:/home/runner/.m2/repository/org/javassist/javassist/3.21.0-GA/javassist-3.21.0-GA.jar:/home/runner/.m2/repository/org/jboss/weld/servlet/weld-servlet-shaded/3.1.9.Final/weld-servlet-shaded-3.1.9.Final.jar:/home/runner/.m2/repository/org/glassfish/jersey/containers/jersey-container-servlet-core/2.34/jersey-container-servlet-core-2.34.jar:/home/runner/.m2/repository/org/glassfish/hk2/external/jakarta.inject/2.6.1/jakarta.inject-2.6.1.jar:/home/runner/.m2/repository/org/glassfish/jersey/core/jersey-common/2.34/jersey-common-2.34.jar:/home/runner/.m2/repository/jakarta/ws/rs/jakarta.ws.rs-api/2.1.6/jakarta.ws.rs-api-2.1.6.jar:/home/runner/.m2/repository/org/glassfish/jersey/ext/cdi/jersey-cdi1x/2.34/jersey-cdi1x-2.34.jar:/home/runner/.m2/repository/org/glassfish/jersey/inject/jersey-hk2/2.34/jersey-hk2-2.34.jar:/home/runner/.m2/repository/org/glassfish/hk2/hk2-locator/2.6.1/hk2-locator-2.6.1.jar:/home/runner/.m2/repository/org/glassfish/jersey/media/jersey-media-jaxb/2.34/jersey-media-jaxb-2.34.jar:/home/runner/.m2/repository/org/glassfish/hk2/osgi-resource-locator/1.0.3/osgi-resource-locator-1.0.3.jar:/home/runner/.m2/repository/org/glassfish/hk2/hk2-api/2.5.0/hk2-api-2.5.0.jar:/home/runner/.m2/repository/org/glassfish/hk2/hk2-utils/2.5.0/hk2-utils-2.5.0.jar:/home/runner/.m2/repository/org/glassfish/hk2/external/aopalliance-repackaged/2.5.0/aopalliance-repackaged-2.5.0.jar:/home/runner/.m2/repository/com/fasterxml/jackson/dataformat/jackson-dataformat-xml/2.13.4/jackson-dataformat-xml-2.13.4.jar:/home/runner/.m2/repository/org/codehaus/woodstox/stax2-api/4.2.1/stax2-api-4.2.1.jar:/home/runner/.m2/repository/com/fasterxml/woodstox/woodstox-core/5.4.0/woodstox-core-5.4.0.jar:/home/runner/.m2/repository/com/fasterxml/jackson/module/jackson-module-jaxb-annotations/2.13.4/jackson-module-jaxb-annotations-2.13.4.jar:/home/runner/.m2/repository/jakarta/xml/bind/jakarta.xml.bind-api/2.3.3/jakarta.xml.bind-api-2.3.3.jar:/home/runner/.m2/repository/jakarta/activation/jakarta.activation-api/1.2.2/jakarta.activation-api-1.2.2.jar:/home/runner/.m2/repository/javax/enterprise/cdi-api/2.0/cdi-api-2.0.jar:/home/runner/.m2/repository/javax/el/javax.el-api/3.0.0/javax.el-api-3.0.0.jar:/home/runner/.m2/repository/javax/interceptor/javax.interceptor-api/1.2/javax.interceptor-api-1.2.jar:/home/runner/.m2/repository/javax/inject/javax.inject/1/javax.inject-1.jar:/home/runner/.m2/repository/javax/xml/bind/jaxb-api/2.3.0/jaxb-api-2.3.0.jar:/home/runner/.m2/repository/org/glassfish/jaxb/jaxb-runtime/2.3.0.1/jaxb-runtime-2.3.0.1.jar:/home/runner/.m2/repository/org/glassfish/jaxb/jaxb-core/2.3.0.1/jaxb-core-2.3.0.1.jar:/home/runner/.m2/repository/org/glassfish/jaxb/txw2/2.3.0.1/txw2-2.3.0.1.jar:/home/runner/.m2/repository/com/sun/istack/istack-commons-runtime/3.0.5/istack-commons-runtime-3.0.5.jar:/home/runner/.m2/repository/org/jvnet/staxex/stax-ex/1.7.8/stax-ex-1.7.8.jar:/home/runner/.m2/repository/com/sun/xml/fastinfoset/FastInfoset/1.2.13/FastInfoset-1.2.13.jar:/home/runner/.m2/repository/javax/activation/activation/1.1.1/activation-1.1.1.jar:/home/runner/.m2/repository/io/grpc/grpc-protobuf/1.51.1/grpc-protobuf-1.51.1.jar:/home/runner/.m2/repository/com/google/api/grpc/proto-google-common-protos/2.9.0/proto-google-common-protos-2.9.0.jar:/home/runner/.m2/repository/io/grpc/grpc-protobuf-lite/1.51.1/grpc-protobuf-lite-1.51.1.jar:/home/runner/.m2/repository/io/grpc/grpc-stub/1.51.1/grpc-stub-1.51.1.jar:/home/runner/.m2/repository/io/netty/netty-transport/4.1.94.Final/netty-transport-4.1.94.Final.jar:/home/runner/.m2/repository/io/netty/netty-resolver/4.1.94.Final/netty-resolver-4.1.94.Final.jar:/home/runner/.m2/repository/org/apache/ozone/ozone-csi/1.4.0-SNAPSHOT/ozone-csi-1.4.0-SNAPSHOT.jar:/home/runner/.m2/repository/com/google/protobuf/protobuf-java-util/3.19.6/protobuf-java-util-3.19.6.jar:/home/runner/.m2/repository/com/google/code/gson/gson/2.9.0/gson-2.9.0.jar:/home/runner/.m2/repository/org/apache/ozone/hdds-config/1.4.0-SNAPSHOT/hdds-config-1.4.0-SNAPSHOT.jar:/home/runner/.m2/repository/io/netty/netty-transport-native-epoll/4.1.94.Final/netty-transport-native-epoll-4.1.94.Final-linux-x86_64.jar:/home/runner/.m2/repository/io/netty/netty-transport-classes-epoll/4.1.94.Final/netty-transport-classes-epoll-4.1.94.Final.jar:/home/runner/.m2/repository/io/netty/netty-transport-native-unix-common/4.1.94.Final/netty-transport-native-unix-common-4.1.94.Final.jar:/home/runner/.m2/repository/org/apache/ozone/ozone-recon/1.4.0-SNAPSHOT/ozone-recon-1.4.0-SNAPSHOT.jar:/home/runner/.m2/repository/org/apache/ozone/ozone-reconcodegen/1.4.0-SNAPSHOT/ozone-reconcodegen-1.4.0-SNAPSHOT.jar:/home/runner/.m2/repository/com/google/inject/guice/5.1.0/guice-5.1.0.jar:/home/runner/.m2/repository/aopalliance/aopalliance/1.0/aopalliance-1.0.jar:/home/runner/.m2/repository/com/google/inject/extensions/guice-assistedinject/5.1.0/guice-assistedinject-5.1.0.jar:/home/runner/.m2/repository/com/google/inject/extensions/guice-servlet/5.1.0/guice-servlet-5.1.0.jar:/home/runner/.m2/repository/org/glassfish/jersey/containers/jersey-container-servlet/2.34/jersey-container-servlet-2.34.jar:/home/runner/.m2/repository/org/glassfish/hk2/guice-bridge/2.5.0/guice-bridge-2.5.0.jar:/home/runner/.m2/repository/org/glassfish/jersey/core/jersey-server/2.34/jersey-server-2.34.jar:/home/runner/.m2/repository/org/glassfish/jersey/core/jersey-client/2.34/jersey-client-2.34.jar:/home/runner/.m2/repository/jakarta/annotation/jakarta.annotation-api/1.3.5/jakarta.annotation-api-1.3.5.jar:/home/runner/.m2/repository/jakarta/validation/jakarta.validation-api/2.0.2/jakarta.validation-api-2.0.2.jar:/home/runner/.m2/repository/org/glassfish/jersey/media/jersey-media-json-jackson/2.34/jersey-media-json-jackson-2.34.jar:/home/runner/.m2/repository/org/glassfish/jersey/ext/jersey-entity-filtering/2.34/jersey-entity-filtering-2.34.jar:/home/runner/.m2/repository/org/jooq/jooq/3.11.10/jooq-3.11.10.jar:/home/runner/.m2/repository/org/jooq/jooq-meta/3.11.10/jooq-meta-3.11.10.jar:/home/runner/.m2/repository/org/jooq/jooq-codegen/3.11.10/jooq-codegen-3.11.10.jar:/home/runner/.m2/repository/com/jolbox/bonecp/0.8.0.RELEASE/bonecp-0.8.0.RELEASE.jar:/home/runner/.m2/repository/org/apache/derby/derby/10.14.2.0/derby-10.14.2.0.jar:/home/runner/.m2/repository/org/xerial/sqlite-jdbc/3.41.2.2/sqlite-jdbc-3.41.2.2.jar:/home/runner/.m2/repository/org/springframework/spring-jdbc/5.3.27/spring-jdbc-5.3.27.jar:/home/runner/.m2/repository/org/springframework/spring-beans/5.3.27/spring-beans-5.3.27.jar:/home/runner/.m2/repository/org/springframework/spring-core/5.3.27/spring-core-5.3.27.jar:/home/runner/.m2/repository/org/springframework/spring-tx/5.3.27/spring-tx-5.3.27.jar:/home/runner/.m2/repository/org/apache/ozone/ozone-client/1.4.0-SNAPSHOT/ozone-client-1.4.0-SNAPSHOT.jar:/home/runner/.m2/repository/org/apache/ozone/hdds-erasurecode/1.4.0-SNAPSHOT/hdds-erasurecode-1.4.0-SNAPSHOT.jar:/home/runner/.m2/repository/org/apache/ozone/ozone-filesystem/1.4.0-SNAPSHOT/ozone-filesystem-1.4.0-SNAPSHOT.jar:/home/runner/.m2/repository/org/apache/ozone/ozone-filesystem-common/1.4.0-SNAPSHOT/ozone-filesystem-common-1.4.0-SNAPSHOT.jar:/home/runner/.m2/repository/org/apache/ozone/ozone-tools/1.4.0-SNAPSHOT/ozone-tools-1.4.0-SNAPSHOT.jar:/home/runner/.m2/repository/com/amazonaws/aws-java-sdk-core/1.12.261/aws-java-sdk-core-1.12.261.jar:/home/runner/.m2/repository/org/apache/httpcomponents/httpclient/4.5.13/httpclient-4.5.13.jar:/home/runner/.m2/repository/org/apache/httpcomponents/httpcore/4.4.13/httpcore-4.4.13.jar:/home/runner/.m2/repository/software/amazon/ion/ion-java/1.0.2/ion-java-1.0.2.jar:/home/runner/.m2/repository/com/fasterxml/jackson/dataformat/jackson-dataformat-cbor/2.13.4/jackson-dataformat-cbor-2.13.4.jar:/home/runner/.m2/repository/joda-time/joda-time/2.10.6/joda-time-2.10.6.jar:/home/runner/.m2/repository/com/amazonaws/aws-java-sdk-s3/1.12.261/aws-java-sdk-s3-1.12.261.jar:/home/runner/.m2/repository/com/amazonaws/aws-java-sdk-kms/1.12.261/aws-java-sdk-kms-1.12.261.jar:/home/runner/.m2/repository/com/amazonaws/jmespath-java/1.12.261/jmespath-java-1.12.261.jar:/home/runner/.m2/repository/org/kohsuke/metainf-services/metainf-services/1.8/metainf-services-1.8.jar:/home/runner/.m2/repository/org/apache/ozone/hdds-tools/1.4.0-SNAPSHOT/hdds-tools-1.4.0-SNAPSHOT.jar:/home/runner/.m2/repository/org/apache/ratis/ratis-tools/2.5.1/ratis-tools-2.5.1.jar:/home/runner/.m2/repository/commons-cli/commons-cli/1.2/commons-cli-1.2.jar:/home/runner/.m2/repository/org/apache/commons/commons-lang3/3.7/commons-lang3-3.7.jar:/home/runner/.m2/repository/org/apache/ozone/ozone-manager/1.4.0-SNAPSHOT/ozone-manager-1.4.0-SNAPSHOT-tests.jar:/home/runner/.m2/repository/org/apache/ozone/hdds-common/1.4.0-SNAPSHOT/hdds-common-1.4.0-SNAPSHOT-tests.jar:/home/runner/.m2/repository/org/apache/ozone/hdds-hadoop-dependency-client/1.4.0-SNAPSHOT/hdds-hadoop-dependency-client-1.4.0-SNAPSHOT.jar:/home/runner/.m2/repository/info/picocli/picocli/4.6.1/picocli-4.6.1.jar:/home/runner/.m2/repository/com/fasterxml/jackson/core/jackson-annotations/2.13.4/jackson-annotations-2.13.4.jar:/home/runner/.m2/repository/org/apache/ozone/hdds-annotation-processing/1.4.0-SNAPSHOT/hdds-annotation-processing-1.4.0-SNAPSHOT.jar:/home/runner/.m2/repository/javax/annotation/javax.annotation-api/1.2/javax.annotation-api-1.2.jar:/home/runner/.m2/repository/org/apache/ratis/ratis-netty/2.5.1/ratis-netty-2.5.1.jar:/home/runner/.m2/repository/org/apache/ratis/ratis-grpc/2.5.1/ratis-grpc-2.5.1.jar:/home/runner/.m2/repository/org/apache/commons/commons-pool2/2.6.0/commons-pool2-2.6.0.jar:/home/runner/.m2/repository/org/bouncycastle/bcpkix-jdk15on/1.67/bcpkix-jdk15on-1.67.jar:/home/runner/.m2/repository/commons-validator/commons-validator/1.6/commons-validator-1.6.jar:/home/runner/.m2/repository/commons-beanutils/commons-beanutils/1.9.4/commons-beanutils-1.9.4.jar:/home/runner/.m2/repository/commons-digester/commons-digester/1.8.1/commons-digester-1.8.1.jar:/home/runner/.m2/repository/commons-collections/commons-collections/3.2.2/commons-collections-3.2.2.jar:/home/runner/.m2/repository/io/jaegertracing/jaeger-client/1.6.0/jaeger-client-1.6.0.jar:/home/runner/.m2/repository/io/jaegertracing/jaeger-thrift/1.6.0/jaeger-thrift-1.6.0.jar:/home/runner/.m2/repository/org/apache/thrift/libthrift/0.14.1/libthrift-0.14.1.jar:/home/runner/.m2/repository/io/jaegertracing/jaeger-core/1.6.0/jaeger-core-1.6.0.jar:/home/runner/.m2/repository/io/jaegertracing/jaeger-tracerresolver/1.6.0/jaeger-tracerresolver-1.6.0.jar:/home/runner/.m2/repository/io/opentracing/contrib/opentracing-tracerresolver/0.1.8/opentracing-tracerresolver-0.1.8.jar:/home/runner/.m2/repository/org/jetbrains/kotlin/kotlin-stdlib/1.6.21/kotlin-stdlib-1.6.21.jar:/home/runner/.m2/repository/org/jetbrains/annotations/13.0/annotations-13.0.jar:/home/runner/.m2/repository/io/opentracing/opentracing-util/0.33.0/opentracing-util-0.33.0.jar:/home/runner/.m2/repository/io/opentracing/opentracing-api/0.33.0/opentracing-api-0.33.0.jar:/home/runner/.m2/repository/io/opentracing/opentracing-noop/0.33.0/opentracing-noop-0.33.0.jar:/home/runner/.m2/repository/org/yaml/snakeyaml/2.0/snakeyaml-2.0.jar:/home/runner/.m2/repository/io/grpc/grpc-api/1.51.1/grpc-api-1.51.1.jar:/home/runner/.m2/repository/io/grpc/grpc-context/1.51.1/grpc-context-1.51.1.jar:/home/runner/.m2/repository/junit/junit/4.13.1/junit-4.13.1.jar:/home/runner/.m2/repository/org/hamcrest/hamcrest-core/1.3/hamcrest-core-1.3.jar:/home/runner/.m2/repository/org/junit/jupiter/junit-jupiter-api/5.8.2/junit-jupiter-api-5.8.2.jar:/home/runner/.m2/repository/org/opentest4j/opentest4j/1.2.0/opentest4j-1.2.0.jar:/home/runner/.m2/repository/org/junit/platform/junit-platform-commons/1.8.2/junit-platform-commons-1.8.2.jar:/home/runner/.m2/repository/org/apiguardian/apiguardian-api/1.1.2/apiguardian-api-1.1.2.jar:/home/runner/.m2/repository/org/junit/jupiter/junit-jupiter-params/5.8.2/junit-jupiter-params-5.8.2.jar:/home/runner/.m2/repository/org/junit/jupiter/junit-jupiter-migrationsupport/5.8.2/junit-jupiter-migrationsupport-5.8.2.jar:/home/runner/.m2/repository/org/junit/jupiter/junit-jupiter-engine/5.8.2/junit-jupiter-engine-5.8.2.jar:/home/runner/.m2/repository/org/junit/platform/junit-platform-engine/1.8.2/junit-platform-engine-1.8.2.jar:/home/runner/.m2/repository/org/junit/vintage/junit-vintage-engine/5.8.2/junit-vintage-engine-5.8.2.jar:/home/runner/.m2/repository/org/junit/platform/junit-platform-launcher/1.8.2/junit-platform-launcher-1.8.2.jar:/home/runner/.m2/repository/org/mockito/mockito-core/3.5.9/mockito-core-3.5.9.jar:/home/runner/.m2/repository/net/bytebuddy/byte-buddy/1.10.13/byte-buddy-1.10.13.jar:/home/runner/.m2/repository/net/bytebuddy/byte-buddy-agent/1.10.13/byte-buddy-agent-1.10.13.jar:/home/runner/.m2/repository/org/objenesis/objenesis/1.0/objenesis-1.0.jar:/home/runner/.m2/repository/org/apache/hadoop/hadoop-kms/3.3.6/hadoop-kms-3.3.6.jar:/home/runner/.m2/repository/org/apache/hadoop/hadoop-auth/3.3.6/hadoop-auth-3.3.6.jar:/home/runner/.m2/repository/com/nimbusds/nimbus-jose-jwt/9.8.1/nimbus-jose-jwt-9.8.1.jar:/home/runner/.m2/repository/com/github/stephenc/jcip/jcip-annotations/1.0-1/jcip-annotations-1.0-1.jar:/home/runner/.m2/repository/org/apache/zookeeper/zookeeper/3.5.6/zookeeper-3.5.6.jar:/home/runner/.m2/repository/org/apache/zookeeper/zookeeper-jute/3.5.6/zookeeper-jute-3.5.6.jar:/home/runner/.m2/repository/org/apache/yetus/audience-annotations/0.5.0/audience-annotations-0.5.0.jar:/home/runner/.m2/repository/org/apache/curator/curator-framework/4.2.0/curator-framework-4.2.0.jar:/home/runner/.m2/repository/org/apache/hadoop/thirdparty/hadoop-shaded-guava/1.1.1/hadoop-shaded-guava-1.1.1.jar:/home/runner/.m2/repository/com/sun/jersey/jersey-core/1.19/jersey-core-1.19.jar:/home/runner/.m2/repository/javax/ws/rs/jsr311-api/1.1.1/jsr311-api-1.1.1.jar:/home/runner/.m2/repository/com/sun/jersey/jersey-server/1.19/jersey-server-1.19.jar:/home/runner/.m2/repository/javax/servlet/javax.servlet-api/3.1.0/javax.servlet-api-3.1.0.jar:/home/runner/.m2/repository/org/apache/hadoop/hadoop-common/3.3.6/hadoop-common-3.3.6.jar:/home/runner/.m2/repository/org/apache/commons/commons-math3/3.1.1/commons-math3-3.1.1.jar:/home/runner/.m2/repository/commons-net/commons-net/3.9.0/commons-net-3.9.0.jar:/home/runner/.m2/repository/com/sun/jersey/jersey-servlet/1.19/jersey-servlet-1.19.jar:/home/runner/.m2/repository/com/github/pjfanning/jersey-json/1.20/jersey-json-1.20.jar:/home/runner/.m2/repository/org/codehaus/jettison/jettison/1.1/jettison-1.1.jar:/home/runner/.m2/repository/com/sun/xml/bind/jaxb-impl/2.2.3-1/jaxb-impl-2.2.3-1.jar:/home/runner/.m2/repository/com/google/re2j/re2j/1.1/re2j-1.1.jar:/home/runner/.m2/repository/com/jcraft/jsch/0.1.54/jsch-0.1.54.jar:/home/runner/.m2/repository/org/apache/curator/curator-client/4.2.0/curator-client-4.2.0.jar:/home/runner/.m2/repository/org/apache/curator/curator-recipes/5.2.0/curator-recipes-5.2.0.jar:/home/runner/.m2/repository/org/apache/kerby/kerb-core/1.0.1/kerb-core-1.0.1.jar:/home/runner/.m2/repository/org/apache/kerby/kerby-pkix/1.0.1/kerby-pkix-1.0.1.jar:/home/runner/.m2/repository/org/apache/kerby/kerby-asn1/1.0.1/kerby-asn1-1.0.1.jar:/home/runner/.m2/repository/org/apache/kerby/kerby-util/1.0.1/kerby-util-1.0.1.jar:/home/runner/.m2/repository/dnsjava/dnsjava/2.1.7/dnsjava-2.1.7.jar:/home/runner/.m2/repository/org/xerial/snappy/snappy-java/1.1.8.2/snappy-java-1.1.8.2.jar:/home/runner/.m2/repository/com/fasterxml/jackson/core/jackson-databind/2.13.4.2/jackson-databind-2.13.4.2.jar:/home/runner/.m2/repository/org/apache/hadoop/hadoop-kms/3.3.6/hadoop-kms-3.3.6-tests.jar:/home/runner/.m2/repository/org/apache/ozone/hdds-server-scm/1.4.0-SNAPSHOT/hdds-server-scm-1.4.0-SNAPSHOT-tests.jar:/home/runner/.m2/repository/org/apache/ozone/hdds-container-service/1.4.0-SNAPSHOT/hdds-container-service-1.4.0-SNAPSHOT-tests.jar:/home/runner/.m2/repository/com/github/luben/zstd-jni/1.5.2-5/zstd-jni-1.5.2-5.jar:/home/runner/.m2/repository/commons-codec/commons-codec/1.15/commons-codec-1.15.jar:/home/runner/.m2/repository/io/netty/netty-codec/4.1.94.Final/netty-codec-4.1.94.Final.jar:/home/runner/.m2/repository/io/netty/netty-handler/4.1.94.Final/netty-handler-4.1.94.Final.jar:/home/runner/.m2/repository/org/apache/ozone/hdds-hadoop-dependency-test/1.4.0-SNAPSHOT/hdds-hadoop-dependency-test-1.4.0-SNAPSHOT.jar:/home/runner/.m2/repository/org/apache/hadoop/hadoop-common/3.3.6/hadoop-common-3.3.6-tests.jar:/home/runner/.m2/repository/org/apache/hadoop/hadoop-hdfs/3.3.6/hadoop-hdfs-3.3.6-tests.jar:/home/runner/.m2/repository/org/assertj/assertj-core/3.12.2/assertj-core-3.12.2.jar:/home/runner/.m2/repository/org/apache/hadoop/hadoop-distcp/3.3.6/hadoop-distcp-3.3.6.jar:/home/runner/.m2/repository/org/apache/hadoop/hadoop-mapreduce-client-jobclient/3.3.6/hadoop-mapreduce-client-jobclient-3.3.6.jar:/home/runner/.m2/repository/org/apache/hadoop/hadoop-mapreduce-client-common/3.3.6/hadoop-mapreduce-client-common-3.3.6.jar:/home/runner/.m2/repository/org/apache/hadoop/hadoop-yarn-common/3.3.6/hadoop-yarn-common-3.3.6.jar:/home/runner/.m2/repository/org/apache/hadoop/hadoop-yarn-api/3.3.6/hadoop-yarn-api-3.3.6.jar:/home/runner/.m2/repository/com/sun/jersey/contribs/jersey-guice/1.19/jersey-guice-1.19.jar:/home/runner/.m2/repository/com/fasterxml/jackson/jaxrs/jackson-jaxrs-json-provider/2.13.4/jackson-jaxrs-json-provider-2.13.4.jar:/home/runner/.m2/repository/com/fasterxml/jackson/jaxrs/jackson-jaxrs-base/2.13.4/jackson-jaxrs-base-2.13.4.jar:/home/runner/.m2/repository/org/apache/hadoop/hadoop-yarn-client/3.3.6/hadoop-yarn-client-3.3.6.jar:/home/runner/.m2/repository/org/eclipse/jetty/websocket/websocket-client/9.4.51.v20230217/websocket-client-9.4.51.v20230217.jar:/home/runner/.m2/repository/org/eclipse/jetty/websocket/websocket-common/9.4.51.v20230217/websocket-common-9.4.51.v20230217.jar:/home/runner/.m2/repository/org/eclipse/jetty/websocket/websocket-api/9.4.51.v20230217/websocket-api-9.4.51.v20230217.jar:/home/runner/.m2/repository/org/jline/jline/3.9.0/jline-3.9.0.jar:/home/runner/.m2/repository/org/apache/hadoop/hadoop-mapreduce-client-core/3.3.6/hadoop-mapreduce-client-core-3.3.6.jar:/home/runner/.m2/repository/org/apache/avro/avro/1.7.7/avro-1.7.7.jar:/home/runner/.m2/repository/com/thoughtworks/paranamer/paranamer/2.3/paranamer-2.3.jar:/home/runner/.m2/repository/org/apache/hadoop/hadoop-annotations/3.3.6/hadoop-annotations-3.3.6.jar:/usr/lib/jvm/temurin-8-jdk-amd64/jre/../lib/tools.jar:/home/runner/.m2/repository/io/netty/netty/3.10.6.Final/netty-3.10.6.Final.jar:/home/runner/.m2/repository/org/apache/hadoop/hadoop-distcp/3.3.6/hadoop-distcp-3.3.6-tests.jar:/home/runner/.m2/repository/org/slf4j/jul-to-slf4j/1.7.36/jul-to-slf4j-1.7.36.jar:"/>
    <property name="sun.cpu.endian" value="little"/>
    <property name="user.home" value="/home/runner"/>
    <property name="user.language" value="en"/>
    <property name="java.specification.vendor" value="Oracle Corporation"/>
    <property name="java.home" value="/usr/lib/jvm/temurin-8-jdk-amd64/jre"/>
    <property name="java.security.krb5.conf" value="/home/runner/work/ozone/ozone/hadoop-ozone/integration-test/target/test-dir/TestSecureOzoneCluster/1691692703353/krb5.conf"/>
    <property name="file.separator" value="/"/>
    <property name="basedir" value="/home/runner/work/ozone/ozone/hadoop-ozone/integration-test"/>
    <property name="line.separator" value="&#10;"/>
    <property name="java.vm.specification.vendor" value="Oracle Corporation"/>
    <property name="java.specification.name" value="Java Platform API Specification"/>
    <property name="skip.installnpx" value="true"/>
    <property name="java.awt.graphicsenv" value="sun.awt.X11GraphicsEnvironment"/>
    <property name="surefire.real.class.path" value="/home/runner/work/ozone/ozone/hadoop-ozone/integration-test/target/surefire/surefirebooter255523318437296643.jar:/home/runner/.m2/repository/org/jacoco/org.jacoco.agent/0.8.5/org.jacoco.agent-0.8.5-runtime.jar"/>
    <property name="sun.boot.class.path" value="/usr/lib/jvm/temurin-8-jdk-amd64/jre/lib/resources.jar:/usr/lib/jvm/temurin-8-jdk-amd64/jre/lib/rt.jar:/usr/lib/jvm/temurin-8-jdk-amd64/jre/lib/sunrsasign.jar:/usr/lib/jvm/temurin-8-jdk-amd64/jre/lib/jsse.jar:/usr/lib/jvm/temurin-8-jdk-amd64/jre/lib/jce.jar:/usr/lib/jvm/temurin-8-jdk-amd64/jre/lib/charsets.jar:/usr/lib/jvm/temurin-8-jdk-amd64/jre/lib/jfr.jar:/usr/lib/jvm/temurin-8-jdk-amd64/jre/classes"/>
    <property name="hadoop.log.dir" value="/home/runner/work/ozone/ozone/hadoop-ozone/integration-test/target/log"/>
    <property name="sun.management.compiler" value="HotSpot 64-Bit Tiered Compilers"/>
    <property name="java.runtime.version" value="1.8.0_382-b05"/>
    <property name="skip.npx" value="true"/>
    <property name="user.name" value="runner"/>
    <property name="java.net.preferIPv4Stack" value="true"/>
    <property name="path.separator" value=":"/>
    <property name="java.security.egd" value="file:///dev/urandom"/>
    <property name="os.version" value="5.15.0-1042-azure"/>
    <property name="java.endorsed.dirs" value="/usr/lib/jvm/temurin-8-jdk-amd64/jre/lib/endorsed"/>
    <property name="java.runtime.name" value="OpenJDK Runtime Environment"/>
    <property name="file.encoding" value="UTF-8"/>
    <property name="java.vm.name" value="OpenJDK 64-Bit Server VM"/>
    <property name="test.build.webapps" value=""/>
    <property name="localRepository" value="/home/runner/.m2/repository"/>
    <property name="jetty.git.hash" value="b45c405e4544384de066f814ed42ae3dceacdd49"/>
    <property name="java.vendor.url.bug" value="https://github.com/adoptium/adoptium-support/issues"/>
    <property name="require.test.libhadoop" value=""/>
    <property name="java.io.tmpdir" value="/tmp"/>
    <property name="java.version" value="1.8.0_382"/>
    <property name="user.dir" value="/home/runner/work/ozone/ozone/hadoop-ozone/integration-test"/>
    <property name="os.arch" value="amd64"/>
    <property name="test.build.classes" value="/home/runner/work/ozone/ozone/hadoop-ozone/integration-test/target/test-classes"/>
    <property name="java.vm.specification.name" value="Java Virtual Machine Specification"/>
    <property name="java.awt.printerjob" value="sun.print.PSPrinterJob"/>
    <property name="sun.os.patch.level" value="unknown"/>
    <property name="org.apache.ratis.thirdparty.io.netty.allocator.useCacheForAllThreads" value="false"/>
    <property name="hadoop.tmp.dir" value="/home/runner/work/ozone/ozone/hadoop-ozone/integration-test/target/tmp"/>
    <property name="java.library.path" value="/usr/java/packages/lib/amd64:/usr/lib64:/lib64:/lib:/usr/lib"/>
    <property name="java.vendor" value="Temurin"/>
    <property name="java.vm.info" value="mixed mode"/>
    <property name="java.vm.version" value="25.382-b05"/>
    <property name="java.specification.maintenance.version" value="5"/>
    <property name="sun.io.unicode.encoding" value="UnicodeLittle"/>
    <property name="java.ext.dirs" value="/usr/lib/jvm/temurin-8-jdk-amd64/jre/lib/ext:/usr/java/packages/lib/ext"/>
    <property name="java.class.version" value="52.0"/>
  </properties>
  <testcase name="testSCMSecurityProtocol" classname="org.apache.hadoop.ozone.TestSecureOzoneCluster" time="7.244">
    <system-out><![CDATA[2023-08-10 18:36:08,670 [Time-limited test] INFO  net.ServerSocketUtil (ServerSocketUtil.java:getPort(55)) - Using port 9860
2023-08-10 18:36:08,671 [Time-limited test] INFO  net.ServerSocketUtil (ServerSocketUtil.java:getPort(55)) - Using port 9861
2023-08-10 18:36:08,672 [Time-limited test] INFO  net.ServerSocketUtil (ServerSocketUtil.java:getPort(55)) - Using port 9863
2023-08-10 18:36:08,672 [Time-limited test] INFO  net.ServerSocketUtil (ServerSocketUtil.java:getPort(55)) - Using port 9961
2023-08-10 18:36:08,672 [Time-limited test] INFO  net.ServerSocketUtil (ServerSocketUtil.java:getPort(55)) - Using port 1200
2023-08-10 18:36:08,672 [Time-limited test] INFO  net.ServerSocketUtil (ServerSocketUtil.java:getPort(55)) - Using port 1201
2023-08-10 18:36:08,678 [Time-limited test] INFO  minikdc.MiniKdc (MiniKdc.java:<init>(225)) - Configuration:
2023-08-10 18:36:08,678 [Time-limited test] INFO  minikdc.MiniKdc (MiniKdc.java:<init>(226)) - ---------------------------------------------------------------
2023-08-10 18:36:08,679 [Time-limited test] INFO  minikdc.MiniKdc (MiniKdc.java:<init>(228)) -   debug: false
2023-08-10 18:36:08,679 [Time-limited test] INFO  minikdc.MiniKdc (MiniKdc.java:<init>(228)) -   transport: TCP
2023-08-10 18:36:08,679 [Time-limited test] INFO  minikdc.MiniKdc (MiniKdc.java:<init>(228)) -   max.ticket.lifetime: 86400000
2023-08-10 18:36:08,679 [Time-limited test] INFO  minikdc.MiniKdc (MiniKdc.java:<init>(228)) -   org.name: EXAMPLE
2023-08-10 18:36:08,680 [Time-limited test] INFO  minikdc.MiniKdc (MiniKdc.java:<init>(228)) -   kdc.port: 0
2023-08-10 18:36:08,680 [Time-limited test] INFO  minikdc.MiniKdc (MiniKdc.java:<init>(228)) -   org.domain: COM
2023-08-10 18:36:08,680 [Time-limited test] INFO  minikdc.MiniKdc (MiniKdc.java:<init>(228)) -   max.renewable.lifetime: 604800000
2023-08-10 18:36:08,680 [Time-limited test] INFO  minikdc.MiniKdc (MiniKdc.java:<init>(228)) -   instance: DefaultKrbServer
2023-08-10 18:36:08,680 [Time-limited test] INFO  minikdc.MiniKdc (MiniKdc.java:<init>(228)) -   kdc.bind.address: localhost
2023-08-10 18:36:08,680 [Time-limited test] INFO  minikdc.MiniKdc (MiniKdc.java:<init>(230)) - ---------------------------------------------------------------
2023-08-10 18:36:08,762 [Time-limited test] INFO  minikdc.MiniKdc (MiniKdc.java:start(285)) - MiniKdc started.
2023-08-10 18:36:09,632 [Time-limited test] INFO  audit.AuditLogger (AuditLogger.java:refreshDebugCmdSet(126)) - Refresh DebugCmdSet for OMAudit to [].
2023-08-10 18:36:09,937 [Time-limited test] INFO  om.OzoneManager (OzoneManager.java:getOmDetailsProto(4555)) - OzoneManager ports added:[name: "RPC"
value: 1202
]
2023-08-10 18:36:09,947 [Time-limited test] WARN  server.ServerUtils (ServerUtils.java:getScmDbDir(155)) - ozone.scm.db.dirs is not configured. We recommend adding this setting. Falling back to ozone.metadata.dirs instead.
2023-08-10 18:36:10,097 [Time-limited test] INFO  reflections.Reflections (Reflections.java:scan(232)) - Reflections took 124 ms to scan 7 urls, producing 161 keys and 379 values 
2023-08-10 18:36:10,174 [Time-limited test] INFO  ha.HASecurityUtils (HASecurityUtils.java:initializeSecurity(98)) - Initializing secure StorageContainerManager.
2023-08-10 18:36:10,319 [Time-limited test] INFO  client.SCMCertificateClient (DefaultCertificateClient.java:updateCertSerialId(1244)) - Certificate serial ID set to null
2023-08-10 18:36:10,320 [Time-limited test] ERROR client.SCMCertificateClient (DefaultCertificateClient.java:getCertPath(362)) - Default certificate serial id is not set. Can't locate the default certificate for this client.
2023-08-10 18:36:10,320 [Time-limited test] INFO  client.SCMCertificateClient (DefaultCertificateClient.java:init(715)) - Certificate client init case: 0
2023-08-10 18:36:10,321 [Time-limited test] INFO  client.SCMCertificateClient (SCMCertificateClient.java:handleCase(103)) - Creating keypair for client as keypair and certificate not found.
2023-08-10 18:36:10,461 [Time-limited test] INFO  ha.HASecurityUtils (HASecurityUtils.java:initializeSecurity(108)) - Init response: GETCERT
2023-08-10 18:36:10,625 [Time-limited test] INFO  ozone.OzoneSecurityUtil (OzoneSecurityUtil.java:getValidInetsForCurrentHost(119)) - ip:fe80:0:0:0:20d:3aff:fee2:9454%eth0 not returned.
2023-08-10 18:36:10,625 [Time-limited test] INFO  ozone.OzoneSecurityUtil (OzoneSecurityUtil.java:getValidInetsForCurrentHost(116)) - Adding ip:10.1.0.69,host:fv-az194-926.m3vjxkz4xwiufi3h0wurkpa3rg.cx.internal.cloudapp.net
2023-08-10 18:36:10,625 [Time-limited test] INFO  ozone.OzoneSecurityUtil (OzoneSecurityUtil.java:getValidInetsForCurrentHost(119)) - ip:0:0:0:0:0:0:0:1%lo not returned.
2023-08-10 18:36:10,626 [Time-limited test] INFO  ozone.OzoneSecurityUtil (OzoneSecurityUtil.java:getValidInetsForCurrentHost(119)) - ip:127.0.0.1 not returned.
2023-08-10 18:36:10,681 [Time-limited test] INFO  utils.SelfSignedCertificate (SelfSignedCertificate.java:generateCertificate(157)) - Certificate 1 is issued by CN=scm-1@fv-az194-926,OU=87933271-ebac-4c30-884f-6e4cd327c664,O=f597f217-08e3-40e9-b457-b14c27f5a792 to CN=scm-1@fv-az194-926,OU=87933271-ebac-4c30-884f-6e4cd327c664,O=f597f217-08e3-40e9-b457-b14c27f5a792, valid from Thu Aug 10 18:36:10 UTC 2023 to Sun Sep 17 18:36:10 UTC 2028
2023-08-10 18:36:10,692 [Time-limited test] INFO  utils.CertificateCodec (CertificateCodec.java:writeCertificate(299)) - Save certificate to /tmp/junit8668618034870583286/junit4394325643126295404/scm-meta/scm/ca/certs/certificate.crt
2023-08-10 18:36:10,692 [Time-limited test] INFO  utils.CertificateCodec (CertificateCodec.java:writeCertificate(300)) - Certificate -----BEGIN CERTIFICATE-----
MIID5zCCAs+gAwIBAgIBATANBgkqhkiG9w0BAQsFADB7MRswGQYDVQQDDBJzY20t
MUBmdi1hejE5NC05MjYxLTArBgNVBAsMJDg3OTMzMjcxLWViYWMtNGMzMC04ODRm
LTZlNGNkMzI3YzY2NDEtMCsGA1UECgwkZjU5N2YyMTctMDhlMy00MGU5LWI0NTct
YjE0YzI3ZjVhNzkyMB4XDTIzMDgxMDE4MzYxMFoXDTI4MDkxNzE4MzYxMFowezEb
MBkGA1UEAwwSc2NtLTFAZnYtYXoxOTQtOTI2MS0wKwYDVQQLDCQ4NzkzMzI3MS1l
YmFjLTRjMzAtODg0Zi02ZTRjZDMyN2M2NjQxLTArBgNVBAoMJGY1OTdmMjE3LTA4
ZTMtNDBlOS1iNDU3LWIxNGMyN2Y1YTc5MjCCASIwDQYJKoZIhvcNAQEBBQADggEP
ADCCAQoCggEBAMUwPHqsu5A+GMdaLV1P536W2StLgpKvYlrwYnqxWhRqC5ReuJUU
ud8h/xZPP3AMw3MCwzkNYOUS/HyRjzLkXXzpZUgFAZIloezJiSktNAdaOguilHbg
AvV4uHtBmWzAD7yhiL5s+Ay5mkxdIWB2aWnWn+EkVbx0cvV2qY/JT8mNbrkL8Ebc
ua8Pf5uz9x0Wq6xJihVAVVlfOeLpGeiXjeoISb8ysm7VVVzXsy+tQm4FrALZTFbK
naGRctMvFUdV1vBYz3PtXAUTKPXovW8xkYKMVq/HSCMq5iCMBSEFa0qFQKb/kDRz
UkjpaFmEMHE6bipvXE/xjYMpmM50aox6x+MCAwEAAaN2MHQwDwYDVR0TAQH/BAUw
AwEB/zAOBgNVHQ8BAf8EBAMCAQYwUQYDVR0RBEowSIcECgEARYJAZnYtYXoxOTQt
OTI2Lm0zdmp4a3o0eHdpdWZpM2gwd3Vya3BhM3JnLmN4LmludGVybmFsLmNsb3Vk
YXBwLm5ldDANBgkqhkiG9w0BAQsFAAOCAQEAI4i5L9dMXdft01XQKLnpVKjTMjdv
kbX/tSg3dttxokbs3GoGmTRFN0PkYJfSnqnkWbwvl7VvAK63qlXSpjFAbihMugso
QWlEXF87nssFISfkG3Nx7vStLXjXp9A/tKKuveltMyuK7EqAj+ZTSt3ga/XTN/ad
0oazWyE8Up5qaEimv9mcd4TI4ccFje7fOhwHwi3G7YH1+Dhn+KG+fID1EwBT2ENv
k2YSs33OBZpxBD0l3lXHM3o5NvQq4wvRDX0Zqz++2wJZ91zRP1O3qgiPhEP+x7c5
3OaUi/m7CImNYn14olv1Ar7krnMufCmvJn39C4LwZ+PDIXl/IXbKE0c/xA==
-----END CERTIFICATE-----

2023-08-10 18:36:10,752 [Time-limited test] INFO  client.SCMCertificateClient (SCMCertificateClient.java:getCSRBuilder(165)) - Creating csr for SCM->hostName:fv-az194-926,scmId:87933271-ebac-4c30-884f-6e4cd327c664,clusterId:f597f217-08e3-40e9-b457-b14c27f5a792,subject:scm-sub-1530826927749@fv-az194-926
2023-08-10 18:36:10,753 [Time-limited test] INFO  ozone.OzoneSecurityUtil (OzoneSecurityUtil.java:getValidInetsForCurrentHost(119)) - ip:fe80:0:0:0:20d:3aff:fee2:9454%eth0 not returned.
2023-08-10 18:36:10,753 [Time-limited test] INFO  ozone.OzoneSecurityUtil (OzoneSecurityUtil.java:getValidInetsForCurrentHost(116)) - Adding ip:10.1.0.69,host:fv-az194-926.m3vjxkz4xwiufi3h0wurkpa3rg.cx.internal.cloudapp.net
2023-08-10 18:36:10,753 [Time-limited test] INFO  ozone.OzoneSecurityUtil (OzoneSecurityUtil.java:getValidInetsForCurrentHost(119)) - ip:0:0:0:0:0:0:0:1%lo not returned.
2023-08-10 18:36:10,753 [Time-limited test] INFO  ozone.OzoneSecurityUtil (OzoneSecurityUtil.java:getValidInetsForCurrentHost(119)) - ip:127.0.0.1 not returned.
2023-08-10 18:36:10,754 [Time-limited test] INFO  ha.HASecurityUtils (HASecurityUtils.java:generateCSR(308)) - Creating csr for SCM->hostName:fv-az194-926,scmId:87933271-ebac-4c30-884f-6e4cd327c664,clusterId:f597f217-08e3-40e9-b457-b14c27f5a792,subject:scm-sub-1530828783242@fv-az194-926
2023-08-10 18:36:10,789 [Time-limited test] INFO  authority.DefaultApprover (DefaultApprover.java:sign(154)) - Extensions in CSR: 2.5.29.19, 2.5.29.15, 2.5.29.17
2023-08-10 18:36:10,789 [Time-limited test] INFO  authority.DefaultApprover (DefaultApprover.java:sign(158)) - Extensions to add to the certificate if they present in CSR: 2.5.29.17, 2.5.29.19, 1.3.6.1.5.5.7.1.12, 2.5.29.35, 2.5.29.37, 2.5.29.15
2023-08-10 18:36:10,803 [Time-limited test] INFO  utils.CertificateCodec (CertificateCodec.java:writeCertificate(299)) - Save certificate to /tmp/junit8668618034870583286/junit4394325643126295404/scm-meta/scm/sub-ca/certs/CA-1.crt
2023-08-10 18:36:10,803 [Time-limited test] INFO  utils.CertificateCodec (CertificateCodec.java:writeCertificate(300)) - Certificate -----BEGIN CERTIFICATE-----
MIID5zCCAs+gAwIBAgIBATANBgkqhkiG9w0BAQsFADB7MRswGQYDVQQDDBJzY20t
MUBmdi1hejE5NC05MjYxLTArBgNVBAsMJDg3OTMzMjcxLWViYWMtNGMzMC04ODRm
LTZlNGNkMzI3YzY2NDEtMCsGA1UECgwkZjU5N2YyMTctMDhlMy00MGU5LWI0NTct
YjE0YzI3ZjVhNzkyMB4XDTIzMDgxMDE4MzYxMFoXDTI4MDkxNzE4MzYxMFowezEb
MBkGA1UEAwwSc2NtLTFAZnYtYXoxOTQtOTI2MS0wKwYDVQQLDCQ4NzkzMzI3MS1l
YmFjLTRjMzAtODg0Zi02ZTRjZDMyN2M2NjQxLTArBgNVBAoMJGY1OTdmMjE3LTA4
ZTMtNDBlOS1iNDU3LWIxNGMyN2Y1YTc5MjCCASIwDQYJKoZIhvcNAQEBBQADggEP
ADCCAQoCggEBAMUwPHqsu5A+GMdaLV1P536W2StLgpKvYlrwYnqxWhRqC5ReuJUU
ud8h/xZPP3AMw3MCwzkNYOUS/HyRjzLkXXzpZUgFAZIloezJiSktNAdaOguilHbg
AvV4uHtBmWzAD7yhiL5s+Ay5mkxdIWB2aWnWn+EkVbx0cvV2qY/JT8mNbrkL8Ebc
ua8Pf5uz9x0Wq6xJihVAVVlfOeLpGeiXjeoISb8ysm7VVVzXsy+tQm4FrALZTFbK
naGRctMvFUdV1vBYz3PtXAUTKPXovW8xkYKMVq/HSCMq5iCMBSEFa0qFQKb/kDRz
UkjpaFmEMHE6bipvXE/xjYMpmM50aox6x+MCAwEAAaN2MHQwDwYDVR0TAQH/BAUw
AwEB/zAOBgNVHQ8BAf8EBAMCAQYwUQYDVR0RBEowSIcECgEARYJAZnYtYXoxOTQt
OTI2Lm0zdmp4a3o0eHdpdWZpM2gwd3Vya3BhM3JnLmN4LmludGVybmFsLmNsb3Vk
YXBwLm5ldDANBgkqhkiG9w0BAQsFAAOCAQEAI4i5L9dMXdft01XQKLnpVKjTMjdv
kbX/tSg3dttxokbs3GoGmTRFN0PkYJfSnqnkWbwvl7VvAK63qlXSpjFAbihMugso
QWlEXF87nssFISfkG3Nx7vStLXjXp9A/tKKuveltMyuK7EqAj+ZTSt3ga/XTN/ad
0oazWyE8Up5qaEimv9mcd4TI4ccFje7fOhwHwi3G7YH1+Dhn+KG+fID1EwBT2ENv
k2YSs33OBZpxBD0l3lXHM3o5NvQq4wvRDX0Zqz++2wJZ91zRP1O3qgiPhEP+x7c5
3OaUi/m7CImNYn14olv1Ar7krnMufCmvJn39C4LwZ+PDIXl/IXbKE0c/xA==
-----END CERTIFICATE-----

2023-08-10 18:36:10,805 [Time-limited test] INFO  utils.CertificateCodec (CertificateCodec.java:writeCertificate(299)) - Save certificate to /tmp/junit8668618034870583286/junit4394325643126295404/scm-meta/scm/sub-ca/certs/1530862714225.crt
2023-08-10 18:36:10,805 [Time-limited test] INFO  utils.CertificateCodec (CertificateCodec.java:writeCertificate(300)) - Certificate -----BEGIN CERTIFICATE-----
MIID/TCCAuWgAwIBAgIGAWRuhz1xMA0GCSqGSIb3DQEBCwUAMHsxGzAZBgNVBAMM
EnNjbS0xQGZ2LWF6MTk0LTkyNjEtMCsGA1UECwwkODc5MzMyNzEtZWJhYy00YzMw
LTg4NGYtNmU0Y2QzMjdjNjY0MS0wKwYDVQQKDCRmNTk3ZjIxNy0wOGUzLTQwZTkt
YjQ1Ny1iMTRjMjdmNWE3OTIwHhcNMjMwODEwMTgzNjEwWhcNMjgwOTE3MTgzNjEw
WjCBizErMCkGA1UEAwwic2NtLXN1Yi0xNTMwODI4NzgzMjQyQGZ2LWF6MTk0LTky
NjEtMCsGA1UECwwkODc5MzMyNzEtZWJhYy00YzMwLTg4NGYtNmU0Y2QzMjdjNjY0
MS0wKwYDVQQKDCRmNTk3ZjIxNy0wOGUzLTQwZTktYjQ1Ny1iMTRjMjdmNWE3OTIw
ggEiMA0GCSqGSIb3DQEBAQUAA4IBDwAwggEKAoIBAQCqVq1ctCXPDrri6o2nIlru
yqHNSB/A70Yd+CUaaWv3ow9pR4S0D1n3V3vI1jDhgdkBVROo7kU6Tk1xdfEhkjfR
Nx3yxTxiT/5hD3MAXf+v0GRuPXEmmAHTXFqLfw4/IuWOhFwAG3qe8q6CZ+egkvq+
rsclJJ69QfTQaMxRlnmHnA6PdLlPwXPdaEfE+wZ7gc9uzdG4BhXCeMcFbEtNHBIV
bC/DFobG4gJwVZ59qPkAv76I/qTMnJyZz7neDORTuHtlbyWtFzV7BnPToIkJDM3S
q97AwbCIwjaBZu519PHUnqgqsfnF0KYLzaz30pfG7kW0gQva3Ztos7kNdfhUn/kF
AgMBAAGjdjB0MFEGA1UdEQRKMEiHBAoBAEWCQGZ2LWF6MTk0LTkyNi5tM3ZqeGt6
NHh3aXVmaTNoMHd1cmtwYTNyZy5jeC5pbnRlcm5hbC5jbG91ZGFwcC5uZXQwDwYD
VR0TAQH/BAUwAwEB/zAOBgNVHQ8BAf8EBAMCAb4wDQYJKoZIhvcNAQELBQADggEB
ADuOLIB8QfscfidlIqXM4L8h5BPQsLqMvTzWhMLIuIgd27gCDFNAbt60ztNjKQxb
xq17TXZsPzYTgtFzM4ZTgIOn5OU49Se5zUEwTlKbyTlmx+YRD5bEEZPSeEpWneFh
ODmBoOgH4NRcKkdr63RUk5YVXsPrU3whsKTOnXT+cgiLdPkmAfmsh+nUNLNs3N2J
CSejOog7zMxwMwZs9rE3DP6L/oeyAswWASQ1lly15rezUZXEaZW8MW3C9jyLftkY
nRmg8aBq8emB6JhUf/w/hdx8CUm99NpEzxCiA4ts+2/z8QmdYMelreGKPn8b9ZuK
GF5G/+LfaiHxT/2DhbVrxyY=
-----END CERTIFICATE-----

-----BEGIN CERTIFICATE-----
MIID5zCCAs+gAwIBAgIBATANBgkqhkiG9w0BAQsFADB7MRswGQYDVQQDDBJzY20t
MUBmdi1hejE5NC05MjYxLTArBgNVBAsMJDg3OTMzMjcxLWViYWMtNGMzMC04ODRm
LTZlNGNkMzI3YzY2NDEtMCsGA1UECgwkZjU5N2YyMTctMDhlMy00MGU5LWI0NTct
YjE0YzI3ZjVhNzkyMB4XDTIzMDgxMDE4MzYxMFoXDTI4MDkxNzE4MzYxMFowezEb
MBkGA1UEAwwSc2NtLTFAZnYtYXoxOTQtOTI2MS0wKwYDVQQLDCQ4NzkzMzI3MS1l
YmFjLTRjMzAtODg0Zi02ZTRjZDMyN2M2NjQxLTArBgNVBAoMJGY1OTdmMjE3LTA4
ZTMtNDBlOS1iNDU3LWIxNGMyN2Y1YTc5MjCCASIwDQYJKoZIhvcNAQEBBQADggEP
ADCCAQoCggEBAMUwPHqsu5A+GMdaLV1P536W2StLgpKvYlrwYnqxWhRqC5ReuJUU
ud8h/xZPP3AMw3MCwzkNYOUS/HyRjzLkXXzpZUgFAZIloezJiSktNAdaOguilHbg
AvV4uHtBmWzAD7yhiL5s+Ay5mkxdIWB2aWnWn+EkVbx0cvV2qY/JT8mNbrkL8Ebc
ua8Pf5uz9x0Wq6xJihVAVVlfOeLpGeiXjeoISb8ysm7VVVzXsy+tQm4FrALZTFbK
naGRctMvFUdV1vBYz3PtXAUTKPXovW8xkYKMVq/HSCMq5iCMBSEFa0qFQKb/kDRz
UkjpaFmEMHE6bipvXE/xjYMpmM50aox6x+MCAwEAAaN2MHQwDwYDVR0TAQH/BAUw
AwEB/zAOBgNVHQ8BAf8EBAMCAQYwUQYDVR0RBEowSIcECgEARYJAZnYtYXoxOTQt
OTI2Lm0zdmp4a3o0eHdpdWZpM2gwd3Vya3BhM3JnLmN4LmludGVybmFsLmNsb3Vk
YXBwLm5ldDANBgkqhkiG9w0BAQsFAAOCAQEAI4i5L9dMXdft01XQKLnpVKjTMjdv
kbX/tSg3dttxokbs3GoGmTRFN0PkYJfSnqnkWbwvl7VvAK63qlXSpjFAbihMugso
QWlEXF87nssFISfkG3Nx7vStLXjXp9A/tKKuveltMyuK7EqAj+ZTSt3ga/XTN/ad
0oazWyE8Up5qaEimv9mcd4TI4ccFje7fOhwHwi3G7YH1+Dhn+KG+fID1EwBT2ENv
k2YSs33OBZpxBD0l3lXHM3o5NvQq4wvRDX0Zqz++2wJZ91zRP1O3qgiPhEP+x7c5
3OaUi/m7CImNYn14olv1Ar7krnMufCmvJn39C4LwZ+PDIXl/IXbKE0c/xA==
-----END CERTIFICATE-----

2023-08-10 18:36:10,806 [Time-limited test] INFO  utils.CertificateCodec (CertificateCodec.java:writeCertificate(299)) - Save certificate to /tmp/junit8668618034870583286/junit4394325643126295404/scm-meta/scm/sub-ca/certs/certificate.crt
2023-08-10 18:36:10,806 [Time-limited test] INFO  utils.CertificateCodec (CertificateCodec.java:writeCertificate(300)) - Certificate -----BEGIN CERTIFICATE-----
MIID/TCCAuWgAwIBAgIGAWRuhz1xMA0GCSqGSIb3DQEBCwUAMHsxGzAZBgNVBAMM
EnNjbS0xQGZ2LWF6MTk0LTkyNjEtMCsGA1UECwwkODc5MzMyNzEtZWJhYy00YzMw
LTg4NGYtNmU0Y2QzMjdjNjY0MS0wKwYDVQQKDCRmNTk3ZjIxNy0wOGUzLTQwZTkt
YjQ1Ny1iMTRjMjdmNWE3OTIwHhcNMjMwODEwMTgzNjEwWhcNMjgwOTE3MTgzNjEw
WjCBizErMCkGA1UEAwwic2NtLXN1Yi0xNTMwODI4NzgzMjQyQGZ2LWF6MTk0LTky
NjEtMCsGA1UECwwkODc5MzMyNzEtZWJhYy00YzMwLTg4NGYtNmU0Y2QzMjdjNjY0
MS0wKwYDVQQKDCRmNTk3ZjIxNy0wOGUzLTQwZTktYjQ1Ny1iMTRjMjdmNWE3OTIw
ggEiMA0GCSqGSIb3DQEBAQUAA4IBDwAwggEKAoIBAQCqVq1ctCXPDrri6o2nIlru
yqHNSB/A70Yd+CUaaWv3ow9pR4S0D1n3V3vI1jDhgdkBVROo7kU6Tk1xdfEhkjfR
Nx3yxTxiT/5hD3MAXf+v0GRuPXEmmAHTXFqLfw4/IuWOhFwAG3qe8q6CZ+egkvq+
rsclJJ69QfTQaMxRlnmHnA6PdLlPwXPdaEfE+wZ7gc9uzdG4BhXCeMcFbEtNHBIV
bC/DFobG4gJwVZ59qPkAv76I/qTMnJyZz7neDORTuHtlbyWtFzV7BnPToIkJDM3S
q97AwbCIwjaBZu519PHUnqgqsfnF0KYLzaz30pfG7kW0gQva3Ztos7kNdfhUn/kF
AgMBAAGjdjB0MFEGA1UdEQRKMEiHBAoBAEWCQGZ2LWF6MTk0LTkyNi5tM3ZqeGt6
NHh3aXVmaTNoMHd1cmtwYTNyZy5jeC5pbnRlcm5hbC5jbG91ZGFwcC5uZXQwDwYD
VR0TAQH/BAUwAwEB/zAOBgNVHQ8BAf8EBAMCAb4wDQYJKoZIhvcNAQELBQADggEB
ADuOLIB8QfscfidlIqXM4L8h5BPQsLqMvTzWhMLIuIgd27gCDFNAbt60ztNjKQxb
xq17TXZsPzYTgtFzM4ZTgIOn5OU49Se5zUEwTlKbyTlmx+YRD5bEEZPSeEpWneFh
ODmBoOgH4NRcKkdr63RUk5YVXsPrU3whsKTOnXT+cgiLdPkmAfmsh+nUNLNs3N2J
CSejOog7zMxwMwZs9rE3DP6L/oeyAswWASQ1lly15rezUZXEaZW8MW3C9jyLftkY
nRmg8aBq8emB6JhUf/w/hdx8CUm99NpEzxCiA4ts+2/z8QmdYMelreGKPn8b9ZuK
GF5G/+LfaiHxT/2DhbVrxyY=
-----END CERTIFICATE-----

-----BEGIN CERTIFICATE-----
MIID5zCCAs+gAwIBAgIBATANBgkqhkiG9w0BAQsFADB7MRswGQYDVQQDDBJzY20t
MUBmdi1hejE5NC05MjYxLTArBgNVBAsMJDg3OTMzMjcxLWViYWMtNGMzMC04ODRm
LTZlNGNkMzI3YzY2NDEtMCsGA1UECgwkZjU5N2YyMTctMDhlMy00MGU5LWI0NTct
YjE0YzI3ZjVhNzkyMB4XDTIzMDgxMDE4MzYxMFoXDTI4MDkxNzE4MzYxMFowezEb
MBkGA1UEAwwSc2NtLTFAZnYtYXoxOTQtOTI2MS0wKwYDVQQLDCQ4NzkzMzI3MS1l
YmFjLTRjMzAtODg0Zi02ZTRjZDMyN2M2NjQxLTArBgNVBAoMJGY1OTdmMjE3LTA4
ZTMtNDBlOS1iNDU3LWIxNGMyN2Y1YTc5MjCCASIwDQYJKoZIhvcNAQEBBQADggEP
ADCCAQoCggEBAMUwPHqsu5A+GMdaLV1P536W2StLgpKvYlrwYnqxWhRqC5ReuJUU
ud8h/xZPP3AMw3MCwzkNYOUS/HyRjzLkXXzpZUgFAZIloezJiSktNAdaOguilHbg
AvV4uHtBmWzAD7yhiL5s+Ay5mkxdIWB2aWnWn+EkVbx0cvV2qY/JT8mNbrkL8Ebc
ua8Pf5uz9x0Wq6xJihVAVVlfOeLpGeiXjeoISb8ysm7VVVzXsy+tQm4FrALZTFbK
naGRctMvFUdV1vBYz3PtXAUTKPXovW8xkYKMVq/HSCMq5iCMBSEFa0qFQKb/kDRz
UkjpaFmEMHE6bipvXE/xjYMpmM50aox6x+MCAwEAAaN2MHQwDwYDVR0TAQH/BAUw
AwEB/zAOBgNVHQ8BAf8EBAMCAQYwUQYDVR0RBEowSIcECgEARYJAZnYtYXoxOTQt
OTI2Lm0zdmp4a3o0eHdpdWZpM2gwd3Vya3BhM3JnLmN4LmludGVybmFsLmNsb3Vk
YXBwLm5ldDANBgkqhkiG9w0BAQsFAAOCAQEAI4i5L9dMXdft01XQKLnpVKjTMjdv
kbX/tSg3dttxokbs3GoGmTRFN0PkYJfSnqnkWbwvl7VvAK63qlXSpjFAbihMugso
QWlEXF87nssFISfkG3Nx7vStLXjXp9A/tKKuveltMyuK7EqAj+ZTSt3ga/XTN/ad
0oazWyE8Up5qaEimv9mcd4TI4ccFje7fOhwHwi3G7YH1+Dhn+KG+fID1EwBT2ENv
k2YSs33OBZpxBD0l3lXHM3o5NvQq4wvRDX0Zqz++2wJZ91zRP1O3qgiPhEP+x7c5
3OaUi/m7CImNYn14olv1Ar7krnMufCmvJn39C4LwZ+PDIXl/IXbKE0c/xA==
-----END CERTIFICATE-----

2023-08-10 18:36:10,807 [Time-limited test] INFO  ha.HASecurityUtils (HASecurityUtils.java:initializeSecurity(121)) - Successfully stored SCM signed certificate.
2023-08-10 18:36:10,827 [Time-limited test] WARN  server.ServerUtils (ServerUtils.java:getScmDbDir(155)) - ozone.scm.db.dirs is not configured. We recommend adding this setting. Falling back to ozone.metadata.dirs instead.
2023-08-10 18:36:10,829 [Time-limited test] INFO  ha.SCMHANodeDetails (SCMHANodeDetails.java:loadSCMHAConfig(210)) - ServiceID for StorageContainerManager is null
2023-08-10 18:36:10,829 [Time-limited test] INFO  ha.SCMHANodeDetails (SCMHANodeDetails.java:loadSCMHAConfig(215)) - ozone.scm.default.service.id is not defined, falling back to ozone.scm.service.ids to find serviceID for StorageContainerManager if it is HA enabled cluster
2023-08-10 18:36:10,884 [pool-2-thread-1] INFO  request.KdcRequest (KdcRequest.java:preauth(651)) - The preauth data is empty.
2023-08-10 18:36:10,888 [pool-2-thread-1] INFO  server.KdcHandler (KdcHandler.java:handleRecoverableException(177)) - KRB error occurred while processing request:Additional pre-authentication required
2023-08-10 18:36:10,920 [pool-2-thread-1] INFO  request.AsRequest (AsRequest.java:issueTicket(112)) - AS_REQ ISSUE: authtime 1691692570919,scm/fv-az194-926.m3vjxkz4xwiufi3h0wurkpa3rg.cx.internal.cloudapp.net@EXAMPLE.COM for krbtgt/EXAMPLE.COM@EXAMPLE.COM
2023-08-10 18:36:10,926 [Time-limited test] INFO  security.UserGroupInformation (UserGroupInformation.java:loginUserFromKeytab(1132)) - Login successful for user scm/fv-az194-926.m3vjxkz4xwiufi3h0wurkpa3rg.cx.internal.cloudapp.net@EXAMPLE.COM using keytab file scm.keytab. Keytab auto renewal enabled : false
2023-08-10 18:36:10,926 [Time-limited test] INFO  server.StorageContainerManager (StorageContainerManager.java:loginAsSCMUserIfSecurityEnabled(1042)) - SCM login successful.
2023-08-10 18:36:10,933 [Time-limited test] INFO  client.SCMCertificateClient (DefaultCertificateClient.java:updateCertSerialId(1244)) - Certificate serial ID set to 1530862714225
2023-08-10 18:36:10,942 [Time-limited test] INFO  client.SCMCertificateClient (DefaultCertificateClient.java:readCertificateFile(237)) - Added certificate   [0]         Version: 3
         SerialNumber: 1530862714225
             IssuerDN: CN=scm-1@fv-az194-926,OU=87933271-ebac-4c30-884f-6e4cd327c664,O=f597f217-08e3-40e9-b457-b14c27f5a792
           Start Date: Thu Aug 10 18:36:10 UTC 2023
           Final Date: Sun Sep 17 18:36:10 UTC 2028
            SubjectDN: CN=scm-sub-1530828783242@fv-az194-926,OU=87933271-ebac-4c30-884f-6e4cd327c664,O=f597f217-08e3-40e9-b457-b14c27f5a792
           Public Key: RSA Public Key [95:67:e1:27:32:50:5a:f8:c2:66:9e:ac:6b:66:d5:cb:3f:a1:bd:e1],[56:66:d1:a4]
        modulus: aa56ad5cb425cf0ebae2ea8da7225aeecaa1cd481fc0ef461df8251a696bf7a30f694784b40f59f7577bc8d630e181d9015513a8ee453a4e4d7175f1219237d1371df2c53c624ffe610f73005dffafd0646e3d71269801d35c5a8b7f0e3f22e58e845c001b7a9ef2ae8267e7a092fabeaec725249ebd41f4d068cc519679879c0e8f74b94fc173dd6847c4fb067b81cf6ecdd1b80615c278c7056c4b4d1c12156c2fc31686c6e20270559e7da8f900bfbe88fea4cc9c9c99cfb9de0ce453b87b656f25ad17357b0673d3a089090ccdd2abdec0c1b088c2368166ee75f4f1d49ea82ab1f9c5d0a60bcdacf7d297c6ee45b4810bdadd9b68b3b90d75f8549ff905
public exponent: 10001

  Signature Algorithm: SHA256WITHRSA
            Signature: 3b8e2c807c41fb1c7e276522a5cce0bf21e413d0
                       b0ba8cbd3cd684c2c8b8881ddbb8020c53406ede
                       b4ced363290c5bc6ad7b4d766c3f361382d17333
                       86538083a7e4e538f527b9cd41304e529bc93966
                       c7e6110f96c41193d2784a569de161383981a0e8
                       07e0d45c2a476beb74549396155ec3eb537c21b0
                       a4ce9d74fe72088b74f92601f9ac87e9d434b36c
                       dcdd890927a33a883bcccc7033066cf6b1370cfe
                       8bfe87b202cc16012435965cb5e6b7b35195c469
                       95bc316dc2f63c8b7ed9189d19a0f1a06af1e981
                       e898547ffc3f85dc7c0949bdf4da44cf10a2038b
                       6cfb6ff3f1099d60c7a5ade18a3e7f1bf59b8a18
                       5e46ffe2df6a21f14ffd8385b56bc726
       Extensions: 
                       critical(false) 2.5.29.17 value = Sequence
    Tagged [7] IMPLICIT 
        DER Octet String[4] 
    Tagged [2] IMPLICIT 
        DER Octet String[64] 

                       critical(true) BasicConstraints: isCa(true)
                       critical(true) KeyUsage: 0xbe
 from file: /tmp/junit8668618034870583286/junit4394325643126295404/scm-meta/scm/sub-ca/certs/1530862714225.crt.
2023-08-10 18:36:10,944 [Time-limited test] INFO  client.SCMCertificateClient (DefaultCertificateClient.java:readCertificateFile(237)) - Added certificate   [0]         Version: 3
         SerialNumber: 1
             IssuerDN: CN=scm-1@fv-az194-926,OU=87933271-ebac-4c30-884f-6e4cd327c664,O=f597f217-08e3-40e9-b457-b14c27f5a792
           Start Date: Thu Aug 10 18:36:10 UTC 2023
           Final Date: Sun Sep 17 18:36:10 UTC 2028
            SubjectDN: CN=scm-1@fv-az194-926,OU=87933271-ebac-4c30-884f-6e4cd327c664,O=f597f217-08e3-40e9-b457-b14c27f5a792
           Public Key: RSA Public Key [54:66:9d:5e:75:b4:81:d8:cd:60:be:66:3f:aa:bf:6d:e2:c1:3e:50],[56:66:d1:a4]
        modulus: c5303c7aacbb903e18c75a2d5d4fe77e96d92b4b8292af625af0627ab15a146a0b945eb89514b9df21ff164f3f700cc37302c3390d60e512fc7c918f32e45d7ce9654805019225a1ecc989292d34075a3a0ba29476e002f578b87b41996cc00fbca188be6cf80cb99a4c5d2160766969d69fe12455bc7472f576a98fc94fc98d6eb90bf046dcb9af0f7f9bb3f71d16abac498a154055595f39e2e919e8978dea0849bf32b26ed5555cd7b32fad426e05ac02d94c56ca9da19172d32f154755d6f058cf73ed5c051328f5e8bd6f3191828c56afc748232ae6208c0521056b4a8540a6ff9034735248e968598430713a6e2a6f5c4ff18d832998ce746a8c7ac7e3
public exponent: 10001

  Signature Algorithm: SHA256WITHRSA
            Signature: 2388b92fd74c5dd7edd355d028b9e954a8d33237
                       6f91b5ffb5283776db71a246ecdc6a0699344537
                       43e46097d29ea9e459bc2f97b56f00aeb7aa55d2
                       a631406e284cba0b284169445c5f3b9ecb052127
                       e41b7371eef4ad2d78d7a7d03fb4a2aebde96d33
                       2b8aec4a808fe6534adde06bf5d337f69dd286b3
                       5b213c529e6a6848a6bfd99c7784c8e1c7058dee
                       df3a1c07c22dc6ed81f5f83867f8a1be7c80f513
                       0053d8436f936612b37dce059a71043d25de55c7
                       337a3936f42ae30bd10d7d19ab3fbedb0259f75c
                       d13f53b7aa088f8443fec7b739dce6948bf9bb08
                       898d627d78a25bf502bee4ae732e7c29af267dfd
                       0b82f067e3c321797f2176ca13473fc4
       Extensions: 
                       critical(true) BasicConstraints: isCa(true)
                       critical(true) KeyUsage: 0x6
                       critical(false) 2.5.29.17 value = Sequence
    Tagged [7] IMPLICIT 
        DER Octet String[4] 
    Tagged [2] IMPLICIT 
        DER Octet String[64] 

 from file: /tmp/junit8668618034870583286/junit4394325643126295404/scm-meta/scm/sub-ca/certs/CA-1.crt.
2023-08-10 18:36:10,946 [Time-limited test] INFO  client.SCMCertificateClient (DefaultCertificateClient.java:readCertificateFile(237)) - Added certificate   [0]         Version: 3
         SerialNumber: 1530862714225
             IssuerDN: CN=scm-1@fv-az194-926,OU=87933271-ebac-4c30-884f-6e4cd327c664,O=f597f217-08e3-40e9-b457-b14c27f5a792
           Start Date: Thu Aug 10 18:36:10 UTC 2023
           Final Date: Sun Sep 17 18:36:10 UTC 2028
            SubjectDN: CN=scm-sub-1530828783242@fv-az194-926,OU=87933271-ebac-4c30-884f-6e4cd327c664,O=f597f217-08e3-40e9-b457-b14c27f5a792
           Public Key: RSA Public Key [95:67:e1:27:32:50:5a:f8:c2:66:9e:ac:6b:66:d5:cb:3f:a1:bd:e1],[56:66:d1:a4]
        modulus: aa56ad5cb425cf0ebae2ea8da7225aeecaa1cd481fc0ef461df8251a696bf7a30f694784b40f59f7577bc8d630e181d9015513a8ee453a4e4d7175f1219237d1371df2c53c624ffe610f73005dffafd0646e3d71269801d35c5a8b7f0e3f22e58e845c001b7a9ef2ae8267e7a092fabeaec725249ebd41f4d068cc519679879c0e8f74b94fc173dd6847c4fb067b81cf6ecdd1b80615c278c7056c4b4d1c12156c2fc31686c6e20270559e7da8f900bfbe88fea4cc9c9c99cfb9de0ce453b87b656f25ad17357b0673d3a089090ccdd2abdec0c1b088c2368166ee75f4f1d49ea82ab1f9c5d0a60bcdacf7d297c6ee45b4810bdadd9b68b3b90d75f8549ff905
public exponent: 10001

  Signature Algorithm: SHA256WITHRSA
            Signature: 3b8e2c807c41fb1c7e276522a5cce0bf21e413d0
                       b0ba8cbd3cd684c2c8b8881ddbb8020c53406ede
                       b4ced363290c5bc6ad7b4d766c3f361382d17333
                       86538083a7e4e538f527b9cd41304e529bc93966
                       c7e6110f96c41193d2784a569de161383981a0e8
                       07e0d45c2a476beb74549396155ec3eb537c21b0
                       a4ce9d74fe72088b74f92601f9ac87e9d434b36c
                       dcdd890927a33a883bcccc7033066cf6b1370cfe
                       8bfe87b202cc16012435965cb5e6b7b35195c469
                       95bc316dc2f63c8b7ed9189d19a0f1a06af1e981
                       e898547ffc3f85dc7c0949bdf4da44cf10a2038b
                       6cfb6ff3f1099d60c7a5ade18a3e7f1bf59b8a18
                       5e46ffe2df6a21f14ffd8385b56bc726
       Extensions: 
                       critical(false) 2.5.29.17 value = Sequence
    Tagged [7] IMPLICIT 
        DER Octet String[4] 
    Tagged [2] IMPLICIT 
        DER Octet String[64] 

                       critical(true) BasicConstraints: isCa(true)
                       critical(true) KeyUsage: 0xbe
 from file: /tmp/junit8668618034870583286/junit4394325643126295404/scm-meta/scm/sub-ca/certs/certificate.crt.
2023-08-10 18:36:10,946 [Time-limited test] INFO  client.SCMCertificateClient (DefaultCertificateClient.java:loadAllCertificates(191)) - CertificateRenewerService and root ca rotation polling is disabled for scm/sub-ca
2023-08-10 18:36:10,999 [Time-limited test] WARN  utils.HAUtils (HAUtils.java:getMetaDir(339)) - ozone.scm.db.dirs is not configured. We recommend adding this setting. Falling back to ozone.metadata.dirs instead.
2023-08-10 18:36:11,150 [Time-limited test] WARN  db.DBStoreBuilder (DBStoreBuilder.java:applyDBDefinition(166)) - ozone.scm.db.dirs is not configured. We recommend adding this setting. Falling back to ozone.metadata.dirs instead.
2023-08-10 18:36:11,342 [Time-limited test] INFO  net.NodeSchemaLoader (NodeSchemaLoader.java:loadSchemaFromFile(129)) - Loading schema from [jar:file:/home/runner/.m2/repository/org/apache/ozone/hdds-common/1.4.0-SNAPSHOT/hdds-common-1.4.0-SNAPSHOT.jar!/network-topology-default.xml]
2023-08-10 18:36:11,343 [Time-limited test] INFO  net.NodeSchemaLoader (NodeSchemaLoader.java:loadSchema(176)) - Loading network topology layer schema file
2023-08-10 18:36:11,378 [Time-limited test] INFO  metrics.MetricRegistries (MetricRegistriesLoader.java:load(64)) - Loaded MetricRegistries class org.apache.ratis.metrics.impl.MetricRegistriesImpl
2023-08-10 18:36:11,389 [Time-limited test] INFO  upgrade.AbstractLayoutVersionManager (AbstractLayoutVersionManager.java:init(83)) - Initializing Layout version manager with metadata layout = HADOOP_PRC_PORTS_IN_DATANODEDETAILS (version = 7), software layout = HADOOP_PRC_PORTS_IN_DATANODEDETAILS (version = 7)
2023-08-10 18:36:11,505 [Time-limited test] INFO  ha.SequenceIdGenerator (SequenceIdGenerator.java:upgradeToSequenceId(365)) - upgrade localId to 111677748019200000
2023-08-10 18:36:11,506 [Time-limited test] INFO  ha.SequenceIdGenerator (SequenceIdGenerator.java:upgradeToSequenceId(375)) - upgrade delTxnId to 0
2023-08-10 18:36:11,513 [Time-limited test] INFO  ha.SequenceIdGenerator (SequenceIdGenerator.java:upgradeToSequenceId(392)) - upgrade containerId to 0
2023-08-10 18:36:11,515 [Time-limited test] INFO  ha.SequenceIdGenerator (SequenceIdGenerator.java:upgradeToSequenceId(428)) - upgrade rootCertificateId to 1
2023-08-10 18:36:11,516 [Time-limited test] INFO  ha.SequenceIdGenerator (SequenceIdGenerator.java:<init>(236)) - Init the HA SequenceIdGenerator.
2023-08-10 18:36:11,587 [Time-limited test] INFO  node.SCMNodeManager (SCMNodeManager.java:<init>(157)) - Entering startup safe mode.
2023-08-10 18:36:11,608 [Time-limited test] INFO  algorithms.ContainerPlacementPolicyFactory (ContainerPlacementPolicyFactory.java:getPolicyInternal(86)) - Create container placement policy of type org.apache.hadoop.hdds.scm.container.placement.algorithms.SCMContainerPlacementRackAware
2023-08-10 18:36:11,611 [Time-limited test] INFO  algorithms.ContainerPlacementPolicyFactory (ContainerPlacementPolicyFactory.java:getPolicyInternal(86)) - Create container placement policy of type org.apache.hadoop.hdds.scm.container.placement.algorithms.SCMContainerPlacementRackScatter
2023-08-10 18:36:11,619 [Time-limited test] INFO  pipeline.PipelineStateManagerImpl (PipelineStateManagerImpl.java:initialize(78)) - No pipeline exists in current db
2023-08-10 18:36:11,634 [Time-limited test] INFO  algorithms.LeaderChoosePolicyFactory (LeaderChoosePolicyFactory.java:getPolicy(57)) - Create leader choose policy of type org.apache.hadoop.hdds.scm.pipeline.leader.choose.algorithms.MinLeaderCountChoosePolicy
2023-08-10 18:36:11,635 [Time-limited test] INFO  algorithms.ContainerPlacementPolicyFactory (ContainerPlacementPolicyFactory.java:getPolicyInternal(86)) - Create container placement policy of type org.apache.hadoop.hdds.scm.container.placement.algorithms.SCMContainerPlacementRackScatter
2023-08-10 18:36:11,641 [Time-limited test] INFO  ha.SCMServiceManager (SCMServiceManager.java:register(42)) - Registering service BackgroundPipelineCreator.
2023-08-10 18:36:11,641 [Time-limited test] INFO  pipeline.BackgroundPipelineCreator (BackgroundPipelineCreator.java:start(124)) - Starting RatisPipelineUtilsThread.
2023-08-10 18:36:11,644 [Time-limited test] INFO  BackgroundPipelineScrubber (BackgroundSCMService.java:start(68)) - Starting BackgroundPipelineScrubber Service.
2023-08-10 18:36:11,645 [Time-limited test] INFO  ha.SCMServiceManager (SCMServiceManager.java:register(42)) - Registering service BackgroundPipelineScrubber.
2023-08-10 18:36:11,650 [Time-limited test] INFO  ExpiredContainerReplicaOpScrubber (BackgroundSCMService.java:start(68)) - Starting ExpiredContainerReplicaOpScrubber Service.
2023-08-10 18:36:11,651 [Time-limited test] INFO  ha.SCMServiceManager (SCMServiceManager.java:register(42)) - Registering service ExpiredContainerReplicaOpScrubber.
2023-08-10 18:36:11,672 [Time-limited test] INFO  algorithms.PipelineChoosePolicyFactory (PipelineChoosePolicyFactory.java:createPipelineChoosePolicyFromClass(78)) - Create pipeline choose policy of type org.apache.hadoop.hdds.scm.pipeline.choose.algorithms.RandomPipelineChoosePolicy
2023-08-10 18:36:11,673 [Time-limited test] INFO  algorithms.PipelineChoosePolicyFactory (PipelineChoosePolicyFactory.java:createPipelineChoosePolicyFromClass(78)) - Create pipeline choose policy of type org.apache.hadoop.hdds.scm.pipeline.choose.algorithms.RandomPipelineChoosePolicy
2023-08-10 18:36:11,682 [Time-limited test] WARN  util.MBeans (MBeans.java:register(111)) - Failed to register MBean "Hadoop:service=BlockManager,name=BlockManagerImpl"
javax.management.NotCompliantMBeanException: MBean class org.apache.hadoop.hdds.scm.block.BlockManagerImpl does not implement DynamicMBean, and neither follows the Standard MBean conventions (javax.management.NotCompliantMBeanException: Class org.apache.hadoop.hdds.scm.block.BlockManagerImpl is not a JMX compliant Standard MBean) nor the MXBean conventions (javax.management.NotCompliantMBeanException: org.apache.hadoop.hdds.scm.block.BlockManagerImpl: Class org.apache.hadoop.hdds.scm.block.BlockManagerImpl is not a JMX compliant MXBean)
	at com.sun.jmx.mbeanserver.Introspector.checkCompliance(Introspector.java:176)
	at com.sun.jmx.interceptor.DefaultMBeanServerInterceptor.registerMBean(DefaultMBeanServerInterceptor.java:317)
	at com.sun.jmx.mbeanserver.JmxMBeanServer.registerMBean(JmxMBeanServer.java:522)
	at org.apache.hadoop.metrics2.util.MBeans.register(MBeans.java:100)
	at org.apache.hadoop.metrics2.util.MBeans.register(MBeans.java:73)
	at org.apache.hadoop.hdds.scm.block.BlockManagerImpl.<init>(BlockManagerImpl.java:94)
	at org.apache.hadoop.hdds.scm.server.StorageContainerManager.initializeSystemManagers(StorageContainerManager.java:787)
	at org.apache.hadoop.hdds.scm.server.StorageContainerManager.<init>(StorageContainerManager.java:401)
	at org.apache.hadoop.hdds.scm.server.StorageContainerManager.createSCM(StorageContainerManager.java:598)
	at org.apache.hadoop.hdds.scm.HddsTestUtils.getScmSimple(HddsTestUtils.java:604)
	at org.apache.hadoop.hdds.scm.HddsTestUtils.getScmSimple(HddsTestUtils.java:589)
	at org.apache.hadoop.ozone.TestSecureOzoneCluster.testSCMSecurityProtocol(TestSecureOzoneCluster.java:373)
	at sun.reflect.NativeMethodAccessorImpl.invoke0(Native Method)
	at sun.reflect.NativeMethodAccessorImpl.invoke(NativeMethodAccessorImpl.java:62)
	at sun.reflect.DelegatingMethodAccessorImpl.invoke(DelegatingMethodAccessorImpl.java:43)
	at java.lang.reflect.Method.invoke(Method.java:498)
	at org.junit.runners.model.FrameworkMethod$1.runReflectiveCall(FrameworkMethod.java:59)
	at org.junit.internal.runners.model.ReflectiveCallable.run(ReflectiveCallable.java:12)
	at org.junit.runners.model.FrameworkMethod.invokeExplosively(FrameworkMethod.java:56)
	at org.junit.internal.runners.statements.InvokeMethod.evaluate(InvokeMethod.java:17)
	at org.junit.internal.runners.statements.RunBefores.evaluate(RunBefores.java:26)
	at org.junit.internal.runners.statements.RunAfters.evaluate(RunAfters.java:27)
	at org.junit.rules.ExternalResource$1.evaluate(ExternalResource.java:54)
	at org.junit.internal.runners.statements.FailOnTimeout$CallableStatement.call(FailOnTimeout.java:288)
	at org.junit.internal.runners.statements.FailOnTimeout$CallableStatement.call(FailOnTimeout.java:282)
	at java.util.concurrent.FutureTask.run(FutureTask.java:266)
	at java.lang.Thread.run(Thread.java:750)
2023-08-10 18:36:11,695 [Time-limited test] INFO  ha.SCMServiceManager (SCMServiceManager.java:register(42)) - Registering service SCMBlockDeletingService.
2023-08-10 18:36:11,759 [Time-limited test] INFO  replication.ReplicationManager (ReplicationManager.java:start(287)) - Starting Replication Monitor Thread.
2023-08-10 18:36:11,760 [Time-limited test] INFO  ha.SCMServiceManager (SCMServiceManager.java:register(42)) - Registering service ReplicationManager.
2023-08-10 18:36:11,766 [ReplicationMonitor] INFO  replication.ReplicationManager (ReplicationManager.java:processAll(361)) - Replication Manager is not ready to run until 300000ms after safemode exit
2023-08-10 18:36:11,775 [Time-limited test] INFO  safemode.ContainerSafeModeRule (ContainerSafeModeRule.java:<init>(89)) - containers with one replica threshold count 0
2023-08-10 18:36:11,778 [Time-limited test] INFO  safemode.HealthyPipelineSafeModeRule (HealthyPipelineSafeModeRule.java:initializeRule(169)) - Total pipeline count is 0, healthy pipeline threshold count is 0
2023-08-10 18:36:11,781 [Time-limited test] INFO  safemode.OneReplicaPipelineSafeModeRule (OneReplicaPipelineSafeModeRule.java:initializeRule(180)) - Total pipeline count is 0, pipeline's with at least one datanode reported threshold count is 0
2023-08-10 18:36:11,802 [Time-limited test] INFO  authority.DefaultCAServer (DefaultCAServer.java:lambda$processVerificationStatus$0(472)) - CertificateServer validation is successful
2023-08-10 18:36:11,804 [Time-limited test] INFO  authority.DefaultCAServer (DefaultCAServer.java:lambda$processVerificationStatus$0(472)) - CertificateServer validation is successful
2023-08-10 18:36:11,805 [Time-limited test] INFO  server.StorageContainerManager (StorageContainerManager.java:persistPrimarySCMCerts(932)) - Storing sub-ca certificate serialId 1530862714225 on primary SCM
2023-08-10 18:36:11,819 [Time-limited test] INFO  server.SCMCertStore (SCMCertStore.java:storeValidScmCertificate(122)) - Scm certificate 1530862714225 for CN=scm-sub-1530828783242@fv-az194-926,OU=87933271-ebac-4c30-884f-6e4cd327c664,O=f597f217-08e3-40e9-b457-b14c27f5a792 is stored
2023-08-10 18:36:11,819 [Time-limited test] INFO  server.StorageContainerManager (StorageContainerManager.java:persistPrimarySCMCerts(940)) - Storing root certificate serialId 1
2023-08-10 18:36:11,824 [Time-limited test] INFO  server.SCMCertStore (SCMCertStore.java:storeValidScmCertificate(122)) - Scm certificate 1 for CN=scm-1@fv-az194-926,OU=87933271-ebac-4c30-884f-6e4cd327c664,O=f597f217-08e3-40e9-b457-b14c27f5a792 is stored
2023-08-10 18:36:11,845 [Time-limited test] INFO  ipc.CallQueueManager (CallQueueManager.java:<init>(90)) - Using callQueue: class java.util.concurrent.LinkedBlockingQueue, queueCapacity: 200, scheduler: class org.apache.hadoop.ipc.DefaultRpcScheduler, ipcBackoff: false.
2023-08-10 18:36:11,882 [Time-limited test] INFO  ipc.Server (Server.java:<init>(1287)) - Listener at 0.0.0.0:9961
2023-08-10 18:36:11,884 [Socket Reader #1 for port 9961] INFO  ipc.Server (Server.java:run(1323)) - Starting Socket Reader #1 for port 9961
2023-08-10 18:36:11,925 [Time-limited test] INFO  server.StorageContainerManager (StorageContainerManager.java:<init>(425)) - SCM start with adminUsers: [runner, scm]
2023-08-10 18:36:11,945 [Time-limited test] INFO  audit.AuditLogger (AuditLogger.java:refreshDebugCmdSet(126)) - Refresh DebugCmdSet for SCMAudit to [].
2023-08-10 18:36:11,950 [Time-limited test] INFO  ipc.CallQueueManager (CallQueueManager.java:<init>(90)) - Using callQueue: class java.util.concurrent.LinkedBlockingQueue, queueCapacity: 10000, scheduler: class org.apache.hadoop.ipc.DefaultRpcScheduler, ipcBackoff: false.
2023-08-10 18:36:11,950 [Time-limited test] INFO  ipc.Server (Server.java:<init>(1287)) - Listener at 0.0.0.0:9861
2023-08-10 18:36:11,950 [Socket Reader #1 for port 9861] INFO  ipc.Server (Server.java:run(1323)) - Starting Socket Reader #1 for port 9861
2023-08-10 18:36:11,989 [Time-limited test] INFO  audit.AuditLogger (AuditLogger.java:refreshDebugCmdSet(126)) - Refresh DebugCmdSet for SCMAudit to [].
2023-08-10 18:36:11,994 [Time-limited test] INFO  ipc.CallQueueManager (CallQueueManager.java:<init>(90)) - Using callQueue: class java.util.concurrent.LinkedBlockingQueue, queueCapacity: 10000, scheduler: class org.apache.hadoop.ipc.DefaultRpcScheduler, ipcBackoff: false.
2023-08-10 18:36:11,995 [Time-limited test] INFO  ipc.Server (Server.java:<init>(1287)) - Listener at 0.0.0.0:9863
2023-08-10 18:36:11,995 [Socket Reader #1 for port 9863] INFO  ipc.Server (Server.java:run(1323)) - Starting Socket Reader #1 for port 9863
2023-08-10 18:36:12,032 [Time-limited test] INFO  audit.AuditLogger (AuditLogger.java:refreshDebugCmdSet(126)) - Refresh DebugCmdSet for SCMAudit to [].
2023-08-10 18:36:12,041 [Time-limited test] INFO  ipc.CallQueueManager (CallQueueManager.java:<init>(90)) - Using callQueue: class java.util.concurrent.LinkedBlockingQueue, queueCapacity: 10000, scheduler: class org.apache.hadoop.ipc.DefaultRpcScheduler, ipcBackoff: false.
2023-08-10 18:36:12,042 [Time-limited test] INFO  ipc.Server (Server.java:<init>(1287)) - Listener at 0.0.0.0:9860
2023-08-10 18:36:12,042 [Socket Reader #1 for port 9860] INFO  ipc.Server (Server.java:run(1323)) - Starting Socket Reader #1 for port 9860
2023-08-10 18:36:12,095 [Time-limited test] INFO  ha.SCMServiceManager (SCMServiceManager.java:register(42)) - Registering service ContainerBalancer.
2023-08-10 18:36:12,096 [Time-limited test] INFO  server.StorageContainerManager (StorageContainerManager.java:<init>(438)) - 
Container Balancer status:
Key                            Value
Running                        false
Container Balancer Configuration values:
Key                                                Value
Threshold                                          10
Max Datanodes to Involve per Iteration(percent)    20
Max Size to Move per Iteration                     500GB
Max Size Entering Target per Iteration             26GB
Max Size Leaving Source per Iteration              26GB

2023-08-10 18:36:12,096 [Time-limited test] INFO  ha.SCMContext (SCMContext.java:updateSafeModeStatus(228)) - Update SafeModeStatus from SafeModeStatus{safeModeStatus=true, preCheckPassed=false} to SafeModeStatus{safeModeStatus=true, preCheckPassed=false}.
2023-08-10 18:36:12,099 [Time-limited test] INFO  server.StorageContainerManager (StorageContainerManager.java:start(1483)) - StorageContainerLocationProtocol RPC server is listening at /0.0.0.0:9860
2023-08-10 18:36:12,157 [Time-limited test] WARN  impl.MetricsConfig (MetricsConfig.java:loadFirst(136)) - Cannot locate configuration: tried hadoop-metrics2-storagecontainermanager.properties,hadoop-metrics2.properties
2023-08-10 18:36:12,174 [Time-limited test] INFO  impl.MetricsSystemImpl (MetricsSystemImpl.java:startTimer(378)) - Scheduled Metric snapshot period at 10 second(s).
2023-08-10 18:36:12,174 [Time-limited test] INFO  impl.MetricsSystemImpl (MetricsSystemImpl.java:start(191)) - StorageContainerManager metrics system started
2023-08-10 18:36:12,250 [Time-limited test] INFO  server.SCMClientProtocolServer (SCMClientProtocolServer.java:start(201)) - RPC server for Client  is listening at /0.0.0.0:9860
2023-08-10 18:36:12,250 [IPC Server Responder] INFO  ipc.Server (Server.java:run(1562)) - IPC Server Responder: starting
2023-08-10 18:36:12,266 [Time-limited test] INFO  server.StorageContainerManager (StorageContainerManager.java:start(1496)) - ScmBlockLocationProtocol RPC server is listening at /0.0.0.0:9863
2023-08-10 18:36:12,266 [Time-limited test] INFO  server.SCMBlockProtocolServer (SCMBlockProtocolServer.java:start(152)) - RPC server for Block Protocol is listening at /0.0.0.0:9863
2023-08-10 18:36:12,267 [IPC Server Responder] INFO  ipc.Server (Server.java:run(1562)) - IPC Server Responder: starting
2023-08-10 18:36:12,267 [IPC Server listener on 9863] INFO  ipc.Server (Server.java:run(1402)) - IPC Server listener on 9863: starting
2023-08-10 18:36:12,281 [Time-limited test] INFO  server.SCMDatanodeProtocolServer (SCMDatanodeProtocolServer.java:start(193)) - ScmDatanodeProtocol RPC server for DataNodes is listening at /0.0.0.0:9861
2023-08-10 18:36:12,316 [Time-limited test] INFO  server.SCMSecurityProtocolServer (SCMSecurityProtocolServer.java:start(542)) - Starting RPC server for SCMSecurityProtocolServer. is listening at /0.0.0.0:9961
2023-08-10 18:36:12,321 [Time-limited test] INFO  server.SCMUpdateServiceGrpcServer (SCMUpdateServiceGrpcServer.java:start(58)) - SCMUpdateService starting
2023-08-10 18:36:12,337 [IPC Server listener on 9961] INFO  ipc.Server (Server.java:run(1402)) - IPC Server listener on 9961: starting
2023-08-10 18:36:12,346 [IPC Server Responder] INFO  ipc.Server (Server.java:run(1562)) - IPC Server Responder: starting
2023-08-10 18:36:12,347 [IPC Server listener on 9860] INFO  ipc.Server (Server.java:run(1402)) - IPC Server listener on 9860: starting
2023-08-10 18:36:12,348 [IPC Server listener on 9861] INFO  ipc.Server (Server.java:run(1402)) - IPC Server listener on 9861: starting
2023-08-10 18:36:12,348 [IPC Server Responder] INFO  ipc.Server (Server.java:run(1562)) - IPC Server Responder: starting
2023-08-10 18:36:12,570 [JvmPauseMonitor0] INFO  util.JvmPauseMonitor (JvmPauseMonitor.java:run(103)) - JvmPauseMonitor-87933271-ebac-4c30-884f-6e4cd327c664: Started
2023-08-10 18:36:12,571 [Time-limited test] INFO  http.BaseHttpServer (BaseHttpServer.java:newHttpServer2BuilderForOzone(224)) - Starting Web-server for scm at: http://0.0.0.0:9876
2023-08-10 18:36:12,571 [Time-limited test] INFO  http.BaseHttpServer (BaseHttpServer.java:<init>(111)) - Hadoop Security Enabled: true Ozone Security Enabled: true Ozone HTTP Security Enabled: false 
2023-08-10 18:36:12,591 [Time-limited test] INFO  util.log (Log.java:initialized(170)) - Logging initialized @5545ms to org.eclipse.jetty.util.log.Slf4jLog
2023-08-10 18:36:12,661 [Time-limited test] WARN  server.AuthenticationFilter (AuthenticationFilter.java:constructSecretProvider(240)) - Unable to initialize FileSignerSecretProvider, falling back to use random secrets. Reason: Could not read signature secret file: /home/runner/hadoop-http-auth-signature-secret
2023-08-10 18:36:12,665 [Time-limited test] INFO  http.HttpRequestLog (HttpRequestLog.java:getRequestLog(86)) - Http request log for http.requests.scm is not defined
2023-08-10 18:36:12,670 [Time-limited test] INFO  http.HttpServer2 (HttpServer2.java:addGlobalFilter(1031)) - Added global filter 'safety' (class=org.apache.hadoop.hdds.server.http.HttpServer2$QuotingInputFilter)
2023-08-10 18:36:12,672 [Time-limited test] INFO  http.HttpServer2 (HttpServer2.java:addFilter(1007)) - Added filter static_user_filter (class=org.apache.hadoop.http.lib.StaticUserWebFilter$StaticUserFilter) to context scm
2023-08-10 18:36:12,672 [Time-limited test] INFO  http.HttpServer2 (HttpServer2.java:addFilter(1015)) - Added filter static_user_filter (class=org.apache.hadoop.http.lib.StaticUserWebFilter$StaticUserFilter) to context logs
2023-08-10 18:36:12,672 [Time-limited test] INFO  http.HttpServer2 (HttpServer2.java:addFilter(1015)) - Added filter static_user_filter (class=org.apache.hadoop.http.lib.StaticUserWebFilter$StaticUserFilter) to context static
2023-08-10 18:36:12,700 [Time-limited test] INFO  http.BaseHttpServer (BaseHttpServer.java:<init>(190)) - HTTP server of scm uses base directory /tmp/junit8668618034870583286/junit4394325643126295404/scm-meta/webserver
2023-08-10 18:36:12,701 [Time-limited test] INFO  http.HttpServer2 (HttpServer2.java:bindListener(1250)) - Jetty bound to port 9876
2023-08-10 18:36:12,702 [Time-limited test] INFO  server.Server (Server.java:doStart(375)) - jetty-9.4.51.v20230217; built: 2023-02-17T08:19:37.309Z; git: b45c405e4544384de066f814ed42ae3dceacdd49; jvm 1.8.0_382-b05
2023-08-10 18:36:12,729 [Time-limited test] INFO  server.session (DefaultSessionIdManager.java:doStart(334)) - DefaultSessionIdManager workerName=node0
2023-08-10 18:36:12,729 [Time-limited test] INFO  server.session (DefaultSessionIdManager.java:doStart(339)) - No SessionScavenger set, using defaults
2023-08-10 18:36:12,730 [Time-limited test] INFO  server.session (HouseKeeper.java:startScavenging(132)) - node0 Scavenging every 660000ms
2023-08-10 18:36:12,744 [Time-limited test] INFO  handler.ContextHandler (ContextHandler.java:doStart(921)) - Started o.e.j.s.ServletContextHandler@14ed2a2c{logs,/logs,file:///home/runner/work/ozone/ozone/hadoop-ozone/integration-test/target/log,AVAILABLE}
2023-08-10 18:36:12,744 [Time-limited test] INFO  handler.ContextHandler (ContextHandler.java:doStart(921)) - Started o.e.j.s.ServletContextHandler@172650e7{static,/static,file:///home/runner/work/ozone/ozone/hadoop-ozone/integration-test/target/test-classes/webapps/static,AVAILABLE}
2023-08-10 18:36:12,777 [Time-limited test] INFO  handler.ContextHandler (ContextHandler.java:doStart(921)) - Started o.e.j.w.WebAppContext@61bcb5d2{scm,/,file:///home/runner/work/ozone/ozone/hadoop-ozone/integration-test/target/test-classes/webapps/scm/,AVAILABLE}{file:/home/runner/work/ozone/ozone/hadoop-ozone/integration-test/target/test-classes/webapps/scm}
2023-08-10 18:36:12,787 [Time-limited test] INFO  server.AbstractConnector (AbstractConnector.java:doStart(333)) - Started ServerConnector@346e550f{HTTP/1.1, (http/1.1)}{0.0.0.0:9876}
2023-08-10 18:36:12,787 [Time-limited test] INFO  server.Server (Server.java:doStart(415)) - Started @5741ms
2023-08-10 18:36:12,789 [Time-limited test] INFO  impl.MetricsSinkAdapter (MetricsSinkAdapter.java:start(204)) - Sink prometheus started
2023-08-10 18:36:12,789 [Time-limited test] INFO  impl.MetricsSystemImpl (MetricsSystemImpl.java:registerSink(305)) - Registered sink prometheus
2023-08-10 18:36:12,790 [Time-limited test] INFO  http.BaseHttpServer (BaseHttpServer.java:updateConnectorAddress(344)) - HTTP server of scm listening at http://0.0.0.0:9876
2023-08-10 18:36:12,796 [pool-2-thread-1] INFO  request.KdcRequest (KdcRequest.java:preauth(651)) - The preauth data is empty.
2023-08-10 18:36:12,796 [pool-2-thread-1] INFO  server.KdcHandler (KdcHandler.java:handleRecoverableException(177)) - KRB error occurred while processing request:Additional pre-authentication required
2023-08-10 18:36:12,806 [pool-2-thread-1] INFO  request.AsRequest (AsRequest.java:issueTicket(112)) - AS_REQ ISSUE: authtime 1691692572805,test@EXAMPLE.COM for krbtgt/EXAMPLE.COM@EXAMPLE.COM
2023-08-10 18:36:12,921 [pool-2-thread-1] INFO  request.TgsRequest (TgsRequest.java:issueTicket(115)) - TGS_REQ ISSUE: authtime 1691692572920,scm/fv-az194-926.m3vjxkz4xwiufi3h0wurkpa3rg.cx.internal.cloudapp.net for scm/fv-az194-926.m3vjxkz4xwiufi3h0wurkpa3rg.cx.internal.cloudapp.net@EXAMPLE.COM
2023-08-10 18:36:12,928 [pool-2-thread-2] INFO  request.TgsRequest (TgsRequest.java:issueTicket(115)) - TGS_REQ ISSUE: authtime 1691692572927,test for scm/fv-az194-926.m3vjxkz4xwiufi3h0wurkpa3rg.cx.internal.cloudapp.net@EXAMPLE.COM
2023-08-10 18:36:12,944 [Socket Reader #1 for port 9961] INFO  ipc.Server (Server.java:saslProcess(2139)) - Auth successful for test@EXAMPLE.COM (auth:KERBEROS) from fv-az194-926.m3vjxkz4xwiufi3h0wurkpa3rg.cx.internal.cloudapp.net:45642 / 10.1.0.69:45642
2023-08-10 18:36:12,952 [Socket Reader #1 for port 9961] INFO  ipc.Server (Server.java:saslProcess(2139)) - Auth successful for scm/fv-az194-926.m3vjxkz4xwiufi3h0wurkpa3rg.cx.internal.cloudapp.net@EXAMPLE.COM (auth:KERBEROS) from fv-az194-926.m3vjxkz4xwiufi3h0wurkpa3rg.cx.internal.cloudapp.net:44429 / 10.1.0.69:44429
2023-08-10 18:36:13,059 [IPC Server handler 1 on default port 9961] INFO  client.SCMCertificateClient (DefaultCertificateClient.java:getAllRootCaCerts(901)) - scm/sub-ca has 0 Root CA certificates
2023-08-10 18:36:13,059 [IPC Server handler 1 on default port 9961] INFO  client.SCMCertificateClient (DefaultCertificateClient.java:getAllCaCerts(909)) - scm/sub-ca has 1 CA certificates
2023-08-10 18:36:13,065 [IPC Server handler 0 on default port 9961] INFO  server.SCMSecurityProtocolServer (SCMSecurityProtocolServer.java:getCertificate(407)) - Certificate with serial id 100 not found.
2023-08-10 18:36:13,067 [scm/sub-ca-refreshCACertificates] INFO  client.SCMCertificateClient (DefaultCertificateClient.java:getAllRootCaCerts(901)) - scm/sub-ca has 0 Root CA certificates
2023-08-10 18:36:13,067 [scm/sub-ca-refreshCACertificates] INFO  client.SCMCertificateClient (DefaultCertificateClient.java:getAllCaCerts(909)) - scm/sub-ca has 1 CA certificates
2023-08-10 18:36:13,068 [scm/sub-ca-refreshCACertificates] INFO  client.SCMCertificateClient (SCMCertificateClient.java:run(277)) - CA certificates are not changed.
2023-08-10 18:36:13,072 [Time-limited test] WARN  ipc.Client (Client.java:run(733)) - Exception encountered while connecting to the server 0.0.0.0/0.0.0.0:9961
org.apache.hadoop.security.AccessControlException: Client cannot authenticate via:[KERBEROS]
	at org.apache.hadoop.security.SaslRpcClient.selectSaslClient(SaslRpcClient.java:179)
	at org.apache.hadoop.security.SaslRpcClient.saslConnect(SaslRpcClient.java:392)
	at org.apache.hadoop.ipc.Client$Connection.setupSaslConnection(Client.java:561)
	at org.apache.hadoop.ipc.Client$Connection.access$2100(Client.java:347)
	at org.apache.hadoop.ipc.Client$Connection$2.run(Client.java:783)
	at org.apache.hadoop.ipc.Client$Connection$2.run(Client.java:779)
	at java.security.AccessController.doPrivileged(Native Method)
	at javax.security.auth.Subject.doAs(Subject.java:422)
	at org.apache.hadoop.security.UserGroupInformation.doAs(UserGroupInformation.java:1899)
	at org.apache.hadoop.ipc.Client$Connection.setupIOstreams(Client.java:779)
	at org.apache.hadoop.ipc.Client$Connection.access$3800(Client.java:347)
	at org.apache.hadoop.ipc.Client.getConnection(Client.java:1632)
	at org.apache.hadoop.ipc.Client.call(Client.java:1457)
	at org.apache.hadoop.ipc.Client.call(Client.java:1410)
	at org.apache.hadoop.ipc.ProtobufRpcEngine$Invoker.invoke(ProtobufRpcEngine.java:250)
	at org.apache.hadoop.ipc.ProtobufRpcEngine$Invoker.invoke(ProtobufRpcEngine.java:132)
	at com.sun.proxy.$Proxy26.submitRequest(Unknown Source)
	at sun.reflect.NativeMethodAccessorImpl.invoke0(Native Method)
	at sun.reflect.NativeMethodAccessorImpl.invoke(NativeMethodAccessorImpl.java:62)
	at sun.reflect.DelegatingMethodAccessorImpl.invoke(DelegatingMethodAccessorImpl.java:43)
	at java.lang.reflect.Method.invoke(Method.java:498)
	at org.apache.hadoop.io.retry.RetryInvocationHandler.invokeMethod(RetryInvocationHandler.java:433)
	at org.apache.hadoop.io.retry.RetryInvocationHandler$Call.invokeMethod(RetryInvocationHandler.java:166)
	at org.apache.hadoop.io.retry.RetryInvocationHandler$Call.invoke(RetryInvocationHandler.java:158)
	at org.apache.hadoop.io.retry.RetryInvocationHandler$Call.invokeOnce(RetryInvocationHandler.java:96)
	at org.apache.hadoop.io.retry.RetryInvocationHandler.invoke(RetryInvocationHandler.java:362)
	at com.sun.proxy.$Proxy26.submitRequest(Unknown Source)
	at org.apache.hadoop.hdds.protocolPB.SCMSecurityProtocolClientSideTranslatorPB.submitRequest(SCMSecurityProtocolClientSideTranslatorPB.java:102)
	at org.apache.hadoop.hdds.protocolPB.SCMSecurityProtocolClientSideTranslatorPB.getCACert(SCMSecurityProtocolClientSideTranslatorPB.java:332)
	at org.apache.hadoop.hdds.protocolPB.SCMSecurityProtocolClientSideTranslatorPB.getCACertificate(SCMSecurityProtocolClientSideTranslatorPB.java:326)
	at org.junit.Assert.assertThrows(Assert.java:1001)
	at org.junit.Assert.assertThrows(Assert.java:981)
	at org.apache.hadoop.ozone.TestSecureOzoneCluster.testSCMSecurityProtocol(TestSecureOzoneCluster.java:405)
	at sun.reflect.NativeMethodAccessorImpl.invoke0(Native Method)
	at sun.reflect.NativeMethodAccessorImpl.invoke(NativeMethodAccessorImpl.java:62)
	at sun.reflect.DelegatingMethodAccessorImpl.invoke(DelegatingMethodAccessorImpl.java:43)
	at java.lang.reflect.Method.invoke(Method.java:498)
	at org.junit.runners.model.FrameworkMethod$1.runReflectiveCall(FrameworkMethod.java:59)
	at org.junit.internal.runners.model.ReflectiveCallable.run(ReflectiveCallable.java:12)
	at org.junit.runners.model.FrameworkMethod.invokeExplosively(FrameworkMethod.java:56)
	at org.junit.internal.runners.statements.InvokeMethod.evaluate(InvokeMethod.java:17)
	at org.junit.internal.runners.statements.RunBefores.evaluate(RunBefores.java:26)
	at org.junit.internal.runners.statements.RunAfters.evaluate(RunAfters.java:27)
	at org.junit.rules.ExternalResource$1.evaluate(ExternalResource.java:54)
	at org.junit.internal.runners.statements.FailOnTimeout$CallableStatement.call(FailOnTimeout.java:288)
	at org.junit.internal.runners.statements.FailOnTimeout$CallableStatement.call(FailOnTimeout.java:282)
	at java.util.concurrent.FutureTask.run(FutureTask.java:266)
	at java.lang.Thread.run(Thread.java:750)
2023-08-10 18:36:13,079 [Time-limited test] WARN  ipc.Client (Client.java:run(733)) - Exception encountered while connecting to the server 0.0.0.0/0.0.0.0:9961
org.apache.hadoop.security.AccessControlException: Client cannot authenticate via:[KERBEROS]
	at org.apache.hadoop.security.SaslRpcClient.selectSaslClient(SaslRpcClient.java:179)
	at org.apache.hadoop.security.SaslRpcClient.saslConnect(SaslRpcClient.java:392)
	at org.apache.hadoop.ipc.Client$Connection.setupSaslConnection(Client.java:561)
	at org.apache.hadoop.ipc.Client$Connection.access$2100(Client.java:347)
	at org.apache.hadoop.ipc.Client$Connection$2.run(Client.java:783)
	at org.apache.hadoop.ipc.Client$Connection$2.run(Client.java:779)
	at java.security.AccessController.doPrivileged(Native Method)
	at javax.security.auth.Subject.doAs(Subject.java:422)
	at org.apache.hadoop.security.UserGroupInformation.doAs(UserGroupInformation.java:1899)
	at org.apache.hadoop.ipc.Client$Connection.setupIOstreams(Client.java:779)
	at org.apache.hadoop.ipc.Client$Connection.access$3800(Client.java:347)
	at org.apache.hadoop.ipc.Client.getConnection(Client.java:1632)
	at org.apache.hadoop.ipc.Client.call(Client.java:1457)
	at org.apache.hadoop.ipc.Client.call(Client.java:1410)
	at org.apache.hadoop.ipc.ProtobufRpcEngine$Invoker.invoke(ProtobufRpcEngine.java:250)
	at org.apache.hadoop.ipc.ProtobufRpcEngine$Invoker.invoke(ProtobufRpcEngine.java:132)
	at com.sun.proxy.$Proxy26.submitRequest(Unknown Source)
	at sun.reflect.NativeMethodAccessorImpl.invoke0(Native Method)
	at sun.reflect.NativeMethodAccessorImpl.invoke(NativeMethodAccessorImpl.java:62)
	at sun.reflect.DelegatingMethodAccessorImpl.invoke(DelegatingMethodAccessorImpl.java:43)
	at java.lang.reflect.Method.invoke(Method.java:498)
	at org.apache.hadoop.io.retry.RetryInvocationHandler.invokeMethod(RetryInvocationHandler.java:433)
	at org.apache.hadoop.io.retry.RetryInvocationHandler$Call.invokeMethod(RetryInvocationHandler.java:166)
	at org.apache.hadoop.io.retry.RetryInvocationHandler$Call.invoke(RetryInvocationHandler.java:158)
	at org.apache.hadoop.io.retry.RetryInvocationHandler$Call.invokeOnce(RetryInvocationHandler.java:96)
	at org.apache.hadoop.io.retry.RetryInvocationHandler.invoke(RetryInvocationHandler.java:362)
	at com.sun.proxy.$Proxy26.submitRequest(Unknown Source)
	at org.apache.hadoop.hdds.protocolPB.SCMSecurityProtocolClientSideTranslatorPB.submitRequest(SCMSecurityProtocolClientSideTranslatorPB.java:102)
	at org.apache.hadoop.hdds.protocolPB.SCMSecurityProtocolClientSideTranslatorPB.getCertificate(SCMSecurityProtocolClientSideTranslatorPB.java:271)
	at org.apache.hadoop.ozone.TestSecureOzoneCluster.lambda$testSCMSecurityProtocol$1(TestSecureOzoneCluster.java:409)
	at org.junit.Assert.assertThrows(Assert.java:1001)
	at org.junit.Assert.assertThrows(Assert.java:981)
	at org.apache.hadoop.ozone.TestSecureOzoneCluster.testSCMSecurityProtocol(TestSecureOzoneCluster.java:408)
	at sun.reflect.NativeMethodAccessorImpl.invoke0(Native Method)
	at sun.reflect.NativeMethodAccessorImpl.invoke(NativeMethodAccessorImpl.java:62)
	at sun.reflect.DelegatingMethodAccessorImpl.invoke(DelegatingMethodAccessorImpl.java:43)
	at java.lang.reflect.Method.invoke(Method.java:498)
	at org.junit.runners.model.FrameworkMethod$1.runReflectiveCall(FrameworkMethod.java:59)
	at org.junit.internal.runners.model.ReflectiveCallable.run(ReflectiveCallable.java:12)
	at org.junit.runners.model.FrameworkMethod.invokeExplosively(FrameworkMethod.java:56)
	at org.junit.internal.runners.statements.InvokeMethod.evaluate(InvokeMethod.java:17)
	at org.junit.internal.runners.statements.RunBefores.evaluate(RunBefores.java:26)
	at org.junit.internal.runners.statements.RunAfters.evaluate(RunAfters.java:27)
	at org.junit.rules.ExternalResource$1.evaluate(ExternalResource.java:54)
	at org.junit.internal.runners.statements.FailOnTimeout$CallableStatement.call(FailOnTimeout.java:288)
	at org.junit.internal.runners.statements.FailOnTimeout$CallableStatement.call(FailOnTimeout.java:282)
	at java.util.concurrent.FutureTask.run(FutureTask.java:266)
	at java.lang.Thread.run(Thread.java:750)
2023-08-10 18:36:13,080 [Time-limited test] INFO  server.StorageContainerManager (StorageContainerManager.java:stop(1591)) - Container Balancer is not running.
2023-08-10 18:36:13,080 [Time-limited test] INFO  server.StorageContainerManager (StorageContainerManager.java:stopReplicationManager(1724)) - Stopping Replication Manager Service.
2023-08-10 18:36:13,080 [Time-limited test] INFO  replication.ReplicationManager (ReplicationManager.java:stop(319)) - Stopping Replication Monitor Thread.
2023-08-10 18:36:13,080 [Under Replicated Processor] WARN  replication.UnhealthyReplicationProcessor (UnhealthyReplicationProcessor.java:run(180)) - Under Replicated Processor interrupted. Exiting...
2023-08-10 18:36:13,080 [Time-limited test] INFO  server.StorageContainerManager (StorageContainerManager.java:stop(1600)) - Stopping the Datanode Admin Monitor.
2023-08-10 18:36:13,081 [ReplicationMonitor] INFO  replication.ReplicationManager (ReplicationManager.java:run(917)) - Replication Monitor Thread is stopped
2023-08-10 18:36:13,081 [Over Replicated Processor] WARN  replication.UnhealthyReplicationProcessor (UnhealthyReplicationProcessor.java:run(180)) - Over Replicated Processor interrupted. Exiting...
2023-08-10 18:36:13,082 [Time-limited test] INFO  server.StorageContainerManager (StorageContainerManager.java:stop(1607)) - Stopping datanode service RPC server
2023-08-10 18:36:13,083 [Time-limited test] INFO  server.SCMDatanodeProtocolServer (SCMDatanodeProtocolServer.java:stop(424)) - Stopping the RPC server for DataNodes
2023-08-10 18:36:13,083 [Time-limited test] INFO  ipc.Server (Server.java:stop(3523)) - Stopping server on 9861
2023-08-10 18:36:13,090 [IPC Server listener on 9861] INFO  ipc.Server (Server.java:run(1434)) - Stopping IPC Server listener on 9861
2023-08-10 18:36:13,092 [IPC Server Responder] INFO  ipc.Server (Server.java:run(1567)) - Stopping IPC Server Responder
2023-08-10 18:36:14,584 [SCM Heartbeat Processing Thread - 0] WARN  node.NodeStateManager (NodeStateManager.java:scheduleNextHealthCheck(874)) - Current Thread is interrupted, shutting down HB processing thread for Node Manager.
2023-08-10 18:36:14,585 [Time-limited test] INFO  server.StorageContainerManager (StorageContainerManager.java:stop(1615)) - Stopping block service RPC server
2023-08-10 18:36:14,585 [Time-limited test] INFO  server.SCMBlockProtocolServer (SCMBlockProtocolServer.java:stop(161)) - Stopping the RPC server for Block Protocol
2023-08-10 18:36:14,586 [Time-limited test] INFO  ipc.Server (Server.java:stop(3523)) - Stopping server on 9863
2023-08-10 18:36:14,596 [IPC Server listener on 9863] INFO  ipc.Server (Server.java:run(1434)) - Stopping IPC Server listener on 9863
2023-08-10 18:36:14,596 [Time-limited test] INFO  server.StorageContainerManager (StorageContainerManager.java:stop(1622)) - Stopping the StorageContainerLocationProtocol RPC server
2023-08-10 18:36:14,597 [Time-limited test] INFO  server.SCMClientProtocolServer (SCMClientProtocolServer.java:stop(210)) - Stopping the RPC server for Client Protocol
2023-08-10 18:36:14,597 [Time-limited test] INFO  ipc.Server (Server.java:stop(3523)) - Stopping server on 9860
2023-08-10 18:36:14,600 [IPC Server Responder] INFO  ipc.Server (Server.java:run(1567)) - Stopping IPC Server Responder
2023-08-10 18:36:14,610 [IPC Server listener on 9860] INFO  ipc.Server (Server.java:run(1434)) - Stopping IPC Server listener on 9860
2023-08-10 18:36:14,611 [IPC Server Responder] INFO  ipc.Server (Server.java:run(1567)) - Stopping IPC Server Responder
2023-08-10 18:36:14,611 [Time-limited test] INFO  server.StorageContainerManager (StorageContainerManager.java:stop(1629)) - Stopping Storage Container Manager HTTP server.
2023-08-10 18:36:14,614 [Time-limited test] INFO  handler.ContextHandler (ContextHandler.java:doStop(1159)) - Stopped o.e.j.w.WebAppContext@61bcb5d2{scm,/,null,STOPPED}{file:/home/runner/work/ozone/ozone/hadoop-ozone/integration-test/target/test-classes/webapps/scm}
2023-08-10 18:36:14,617 [Time-limited test] INFO  server.AbstractConnector (AbstractConnector.java:doStop(383)) - Stopped ServerConnector@346e550f{HTTP/1.1, (http/1.1)}{0.0.0.0:9876}
2023-08-10 18:36:14,617 [Time-limited test] INFO  server.session (HouseKeeper.java:stopScavenging(149)) - node0 Stopped scavenging
2023-08-10 18:36:14,617 [Time-limited test] INFO  handler.ContextHandler (ContextHandler.java:doStop(1159)) - Stopped o.e.j.s.ServletContextHandler@172650e7{static,/static,file:///home/runner/work/ozone/ozone/hadoop-ozone/integration-test/target/test-classes/webapps/static,STOPPED}
2023-08-10 18:36:14,617 [Time-limited test] INFO  handler.ContextHandler (ContextHandler.java:doStop(1159)) - Stopped o.e.j.s.ServletContextHandler@14ed2a2c{logs,/logs,file:///home/runner/work/ozone/ozone/hadoop-ozone/integration-test/target/log,STOPPED}
2023-08-10 18:36:14,621 [Time-limited test] INFO  server.StorageContainerManager (StorageContainerManager.java:stop(1637)) - Stopping SCM LayoutVersionManager Service.
2023-08-10 18:36:14,621 [Time-limited test] INFO  server.SCMSecurityProtocolServer (SCMSecurityProtocolServer.java:stop(550)) - Stopping the SCMSecurityProtocolServer.
2023-08-10 18:36:14,621 [Time-limited test] INFO  ipc.Server (Server.java:stop(3523)) - Stopping server on 9961
2023-08-10 18:36:14,622 [IPC Server listener on 9961] INFO  ipc.Server (Server.java:run(1434)) - Stopping IPC Server listener on 9961
2023-08-10 18:36:14,625 [IPC Server Responder] INFO  ipc.Server (Server.java:run(1567)) - Stopping IPC Server Responder
2023-08-10 18:36:14,626 [Time-limited test] INFO  server.SCMUpdateServiceGrpcServer (SCMUpdateServiceGrpcServer.java:stop(73)) - SCMUpdateService stopping
2023-08-10 18:36:14,634 [Time-limited test] INFO  server.SCMUpdateServiceGrpcServer (SCMUpdateServiceGrpcServer.java:stop(85)) - SCMUpdateService stopped!
2023-08-10 18:36:14,634 [Time-limited test] INFO  server.StorageContainerManager (StorageContainerManager.java:stop(1649)) - Stopping Block Manager Service.
2023-08-10 18:36:14,635 [Time-limited test] INFO  utils.BackgroundService (BackgroundService.java:shutdown(141)) - Shutting down service SCMBlockDeletingService
2023-08-10 18:36:14,635 [Time-limited test] INFO  utils.BackgroundService (BackgroundService.java:shutdown(141)) - Shutting down service SCMBlockDeletingService
2023-08-10 18:36:14,636 [Time-limited test] INFO  server.StorageContainerManager (StorageContainerManager.java:stop(1669)) - Stopping SCM Event Queue.
2023-08-10 18:36:14,637 [JvmPauseMonitor0] INFO  util.JvmPauseMonitor (JvmPauseMonitor.java:run(109)) - JvmPauseMonitor-87933271-ebac-4c30-884f-6e4cd327c664: Stopped
2023-08-10 18:36:14,638 [Time-limited test] INFO  server.StorageContainerManager (StorageContainerManager.java:stop(1680)) - Stopping SCM HA services.
2023-08-10 18:36:14,639 [Time-limited test] INFO  pipeline.BackgroundPipelineCreator (BackgroundPipelineCreator.java:stop(149)) - Stopping RatisPipelineUtilsThread.
2023-08-10 18:36:14,639 [RatisPipelineUtilsThread - 0] WARN  pipeline.BackgroundPipelineCreator (BackgroundPipelineCreator.java:run(180)) - RatisPipelineUtilsThread is interrupted.
2023-08-10 18:36:14,640 [BackgroundPipelineScrubberThread] WARN  BackgroundPipelineScrubber (BackgroundSCMService.java:run(115)) - BackgroundPipelineScrubber is interrupted, exit
2023-08-10 18:36:14,640 [Time-limited test] INFO  BackgroundPipelineScrubber (BackgroundSCMService.java:stop(131)) - Stopping BackgroundPipelineScrubber Service.
2023-08-10 18:36:14,641 [Time-limited test] INFO  impl.MetricsSystemImpl (MetricsSystemImpl.java:stop(210)) - Stopping StorageContainerManager metrics system...
2023-08-10 18:36:14,646 [prometheus] INFO  impl.MetricsSinkAdapter (MetricsSinkAdapter.java:publishMetricsFromQueue(141)) - prometheus thread interrupted.
2023-08-10 18:36:14,646 [Time-limited test] INFO  impl.MetricsSystemImpl (MetricsSystemImpl.java:stop(216)) - StorageContainerManager metrics system stopped.
2023-08-10 18:36:14,647 [Time-limited test] WARN  pipeline.BackgroundPipelineCreator (BackgroundPipelineCreator.java:stop(145)) - RatisPipelineUtilsThread is not running, just ignore.
2023-08-10 18:36:14,647 [Time-limited test] INFO  BackgroundPipelineScrubber (BackgroundSCMService.java:stop(126)) - BackgroundPipelineScrubber Service is not running, skip stop.
2023-08-10 18:36:14,647 [Time-limited test] INFO  ExpiredContainerReplicaOpScrubber (BackgroundSCMService.java:stop(131)) - Stopping ExpiredContainerReplicaOpScrubber Service.
2023-08-10 18:36:14,647 [ExpiredContainerReplicaOpScrubberThread] WARN  ExpiredContainerReplicaOpScrubber (BackgroundSCMService.java:run(115)) - ExpiredContainerReplicaOpScrubber is interrupted, exit
2023-08-10 18:36:14,648 [Time-limited test] INFO  utils.BackgroundService (BackgroundService.java:shutdown(141)) - Shutting down service SCMBlockDeletingService
2023-08-10 18:36:14,648 [Time-limited test] INFO  replication.ReplicationManager (ReplicationManager.java:stop(329)) - Replication Monitor Thread is not running.
2023-08-10 18:36:14,648 [Time-limited test] WARN  balancer.ContainerBalancer (ContainerBalancer.java:stop(326)) - Cannot stop Container Balancer because it's not running or stopping
2023-08-10 18:36:14,649 [Lease Manager-LeaseManager#LeaseMonitor] WARN  lease.LeaseManager (LeaseManager.java:run(272)) - Lease manager is interrupted. Shutting down...
java.lang.InterruptedException
	at java.util.concurrent.locks.AbstractQueuedSynchronizer.doAcquireSharedNanos(AbstractQueuedSynchronizer.java:1039)
	at java.util.concurrent.locks.AbstractQueuedSynchronizer.tryAcquireSharedNanos(AbstractQueuedSynchronizer.java:1328)
	at java.util.concurrent.Semaphore.tryAcquire(Semaphore.java:409)
	at org.apache.hadoop.ozone.lease.LeaseManager$LeaseMonitor.run(LeaseManager.java:270)
	at java.lang.Thread.run(Thread.java:750)
2023-08-10 18:36:14,649 [Time-limited test] INFO  server.StorageContainerManager (StorageContainerManager.java:stop(1715)) - Stopping SCM MetadataStore.
2023-08-10 18:36:14,657 [Time-limited test] INFO  impl.DefaultInternalKdcServerImpl (DefaultInternalKdcServerImpl.java:doStop(102)) - Default Internal kdc server stopped.
2023-08-10 18:36:15,657 [Time-limited test] INFO  minikdc.MiniKdc (MiniKdc.java:stop(359)) - MiniKdc stopped.
2023-08-10 18:36:15,657 [Time-limited test] INFO  server.StorageContainerManager (StorageContainerManager.java:stop(1580)) - Storage Container Manager is not running.
2023-08-10 18:36:15,657 [Time-limited test] INFO  server.StorageContainerManager (StorageContainerManager.java:stopReplicationManager(1724)) - Stopping Replication Manager Service.
2023-08-10 18:36:15,657 [Time-limited test] INFO  replication.ReplicationManager (ReplicationManager.java:stop(329)) - Replication Monitor Thread is not running.
2023-08-10 18:36:15,658 [Time-limited test] INFO  server.SCMSecurityProtocolServer (SCMSecurityProtocolServer.java:join(560)) - Join RPC server for SCMSecurityProtocolServer.
2023-08-10 18:36:15,658 [Time-limited test] INFO  server.SCMSecurityProtocolServer (SCMSecurityProtocolServer.java:join(562)) - Join gRPC server for SCMSecurityProtocolServer.
]]></system-out>
  </testcase>
  <testcase name="testSecureOmReInit" classname="org.apache.hadoop.ozone.TestSecureOzoneCluster" time="12.385">
    <system-out><![CDATA[2023-08-10 18:36:15,680 [Time-limited test] INFO  net.ServerSocketUtil (ServerSocketUtil.java:getPort(55)) - Using port 9860
2023-08-10 18:36:15,680 [Time-limited test] INFO  net.ServerSocketUtil (ServerSocketUtil.java:getPort(55)) - Using port 9861
2023-08-10 18:36:15,680 [Time-limited test] INFO  net.ServerSocketUtil (ServerSocketUtil.java:getPort(55)) - Using port 9863
2023-08-10 18:36:15,680 [Time-limited test] INFO  net.ServerSocketUtil (ServerSocketUtil.java:getPort(55)) - Using port 9961
2023-08-10 18:36:15,680 [Time-limited test] INFO  net.ServerSocketUtil (ServerSocketUtil.java:getPort(55)) - Using port 1200
2023-08-10 18:36:15,680 [Time-limited test] INFO  net.ServerSocketUtil (ServerSocketUtil.java:getPort(55)) - Using port 1201
2023-08-10 18:36:15,681 [Time-limited test] INFO  minikdc.MiniKdc (MiniKdc.java:<init>(225)) - Configuration:
2023-08-10 18:36:15,681 [Time-limited test] INFO  minikdc.MiniKdc (MiniKdc.java:<init>(226)) - ---------------------------------------------------------------
2023-08-10 18:36:15,681 [Time-limited test] INFO  minikdc.MiniKdc (MiniKdc.java:<init>(228)) -   debug: false
2023-08-10 18:36:15,681 [Time-limited test] INFO  minikdc.MiniKdc (MiniKdc.java:<init>(228)) -   transport: TCP
2023-08-10 18:36:15,681 [Time-limited test] INFO  minikdc.MiniKdc (MiniKdc.java:<init>(228)) -   max.ticket.lifetime: 86400000
2023-08-10 18:36:15,681 [Time-limited test] INFO  minikdc.MiniKdc (MiniKdc.java:<init>(228)) -   org.name: EXAMPLE
2023-08-10 18:36:15,681 [Time-limited test] INFO  minikdc.MiniKdc (MiniKdc.java:<init>(228)) -   kdc.port: 0
2023-08-10 18:36:15,681 [Time-limited test] INFO  minikdc.MiniKdc (MiniKdc.java:<init>(228)) -   org.domain: COM
2023-08-10 18:36:15,681 [Time-limited test] INFO  minikdc.MiniKdc (MiniKdc.java:<init>(228)) -   max.renewable.lifetime: 604800000
2023-08-10 18:36:15,681 [Time-limited test] INFO  minikdc.MiniKdc (MiniKdc.java:<init>(228)) -   instance: DefaultKrbServer
2023-08-10 18:36:15,681 [Time-limited test] INFO  minikdc.MiniKdc (MiniKdc.java:<init>(228)) -   kdc.bind.address: localhost
2023-08-10 18:36:15,681 [Time-limited test] INFO  minikdc.MiniKdc (MiniKdc.java:<init>(230)) - ---------------------------------------------------------------
2023-08-10 18:36:15,684 [Time-limited test] INFO  minikdc.MiniKdc (MiniKdc.java:start(285)) - MiniKdc started.
2023-08-10 18:36:16,364 [Time-limited test] INFO  om.OzoneManager (OzoneManager.java:getOmDetailsProto(4555)) - OzoneManager ports added:[name: "RPC"
value: 1202
]
2023-08-10 18:36:16,366 [Time-limited test] WARN  server.ServerUtils (ServerUtils.java:getScmDbDir(155)) - ozone.scm.db.dirs is not configured. We recommend adding this setting. Falling back to ozone.metadata.dirs instead.
2023-08-10 18:36:16,366 [Time-limited test] INFO  ha.HASecurityUtils (HASecurityUtils.java:initializeSecurity(98)) - Initializing secure StorageContainerManager.
2023-08-10 18:36:16,367 [Time-limited test] INFO  client.SCMCertificateClient (DefaultCertificateClient.java:updateCertSerialId(1244)) - Certificate serial ID set to null
2023-08-10 18:36:16,367 [Time-limited test] ERROR client.SCMCertificateClient (DefaultCertificateClient.java:getCertPath(362)) - Default certificate serial id is not set. Can't locate the default certificate for this client.
2023-08-10 18:36:16,367 [Time-limited test] INFO  client.SCMCertificateClient (DefaultCertificateClient.java:init(715)) - Certificate client init case: 0
2023-08-10 18:36:16,367 [Time-limited test] INFO  client.SCMCertificateClient (SCMCertificateClient.java:handleCase(103)) - Creating keypair for client as keypair and certificate not found.
2023-08-10 18:36:16,659 [Time-limited test] INFO  ha.HASecurityUtils (HASecurityUtils.java:initializeSecurity(108)) - Init response: GETCERT
2023-08-10 18:36:16,845 [Time-limited test] INFO  ozone.OzoneSecurityUtil (OzoneSecurityUtil.java:getValidInetsForCurrentHost(119)) - ip:fe80:0:0:0:20d:3aff:fee2:9454%eth0 not returned.
2023-08-10 18:36:16,845 [Time-limited test] INFO  ozone.OzoneSecurityUtil (OzoneSecurityUtil.java:getValidInetsForCurrentHost(116)) - Adding ip:10.1.0.69,host:fv-az194-926.m3vjxkz4xwiufi3h0wurkpa3rg.cx.internal.cloudapp.net
2023-08-10 18:36:16,846 [Time-limited test] INFO  ozone.OzoneSecurityUtil (OzoneSecurityUtil.java:getValidInetsForCurrentHost(119)) - ip:0:0:0:0:0:0:0:1%lo not returned.
2023-08-10 18:36:16,846 [Time-limited test] INFO  ozone.OzoneSecurityUtil (OzoneSecurityUtil.java:getValidInetsForCurrentHost(119)) - ip:127.0.0.1 not returned.
2023-08-10 18:36:16,849 [Time-limited test] INFO  utils.SelfSignedCertificate (SelfSignedCertificate.java:generateCertificate(157)) - Certificate 1 is issued by CN=scm-1@fv-az194-926,OU=d23a84dd-098d-4a68-8ea5-67e497b49841,O=3ba24766-2602-44b4-8f30-d114341492c1 to CN=scm-1@fv-az194-926,OU=d23a84dd-098d-4a68-8ea5-67e497b49841,O=3ba24766-2602-44b4-8f30-d114341492c1, valid from Thu Aug 10 18:36:16 UTC 2023 to Sun Sep 17 18:36:16 UTC 2028
2023-08-10 18:36:16,850 [Time-limited test] INFO  utils.CertificateCodec (CertificateCodec.java:writeCertificate(299)) - Save certificate to /tmp/junit854044890428382718/junit8696282383532216612/scm-meta/scm/ca/certs/certificate.crt
2023-08-10 18:36:16,851 [Time-limited test] INFO  utils.CertificateCodec (CertificateCodec.java:writeCertificate(300)) - Certificate -----BEGIN CERTIFICATE-----
MIID5zCCAs+gAwIBAgIBATANBgkqhkiG9w0BAQsFADB7MRswGQYDVQQDDBJzY20t
MUBmdi1hejE5NC05MjYxLTArBgNVBAsMJGQyM2E4NGRkLTA5OGQtNGE2OC04ZWE1
LTY3ZTQ5N2I0OTg0MTEtMCsGA1UECgwkM2JhMjQ3NjYtMjYwMi00NGI0LThmMzAt
ZDExNDM0MTQ5MmMxMB4XDTIzMDgxMDE4MzYxNloXDTI4MDkxNzE4MzYxNlowezEb
MBkGA1UEAwwSc2NtLTFAZnYtYXoxOTQtOTI2MS0wKwYDVQQLDCRkMjNhODRkZC0w
OThkLTRhNjgtOGVhNS02N2U0OTdiNDk4NDExLTArBgNVBAoMJDNiYTI0NzY2LTI2
MDItNDRiNC04ZjMwLWQxMTQzNDE0OTJjMTCCASIwDQYJKoZIhvcNAQEBBQADggEP
ADCCAQoCggEBAL7Nt3Im51svMgPba3+mdwWFpiBfiL7kQBO35252/u+0eG4Vy2WB
fdvd+Rrr84nCXSMVf0LWxL6fR2Glk4EvlCnkkQUqqpfH0VKUEE5G87IjtfLfPjfk
+2yDyWkzwHHdqDlbmWcY6ct1rn9TG6oNbN4HQLw2Fgz1yY+oMfJscXKcUg3GKOUV
1dFamWcLgM++kcAmTznQ2yey8O20n9syQm0u6qXPFZ3FnTky3h0DM51qR7dCUHQc
thlhhcjLHJ7rzHplk4XJyVWIAD6BiTFBU5g7Uq3ynGJ0gbV56kOsec2kV+7OgTP+
Op+B+h4K8eE7yxBSluTpnJ/IIp1G2EiZw+ECAwEAAaN2MHQwDwYDVR0TAQH/BAUw
AwEB/zAOBgNVHQ8BAf8EBAMCAQYwUQYDVR0RBEowSIcECgEARYJAZnYtYXoxOTQt
OTI2Lm0zdmp4a3o0eHdpdWZpM2gwd3Vya3BhM3JnLmN4LmludGVybmFsLmNsb3Vk
YXBwLm5ldDANBgkqhkiG9w0BAQsFAAOCAQEAAYqv/jdvfB5N8t93Y/ZKImgtpAxf
DmiKPyx/GKM1vNRrzS9OiL83AQmAPMXWGVweI+7Xj1K9sZvIrsLaTHNPCH3ZBNXp
sGaH0R+Wibv4LAWlz0GAEUp5oj/GbReXJ7rbWgiewlxG3EyUF3d2FPWgQ8ubhLRs
1AtUo48fX75ZQqULGdWCaBvP2wzgtNzxffc4YZMoiGLbbW/m7Lb37+cjLNepaHkq
JoN0XNapIM3YFEyWPEvOfqqv7HSjT9Jy0HvlI2tmZEpicNjZK+lD782gksLr1fCh
hYyzqnxhm54NLsJtlvFyR24wHLmgIMowImuWOlqmPJkvgzAD5YlPLVfqOw==
-----END CERTIFICATE-----

2023-08-10 18:36:16,851 [Time-limited test] INFO  client.SCMCertificateClient (SCMCertificateClient.java:getCSRBuilder(165)) - Creating csr for SCM->hostName:fv-az194-926,scmId:d23a84dd-098d-4a68-8ea5-67e497b49841,clusterId:3ba24766-2602-44b4-8f30-d114341492c1,subject:scm-sub-1536925968436@fv-az194-926
2023-08-10 18:36:16,851 [Time-limited test] INFO  ozone.OzoneSecurityUtil (OzoneSecurityUtil.java:getValidInetsForCurrentHost(119)) - ip:fe80:0:0:0:20d:3aff:fee2:9454%eth0 not returned.
2023-08-10 18:36:16,852 [Time-limited test] INFO  ozone.OzoneSecurityUtil (OzoneSecurityUtil.java:getValidInetsForCurrentHost(116)) - Adding ip:10.1.0.69,host:fv-az194-926.m3vjxkz4xwiufi3h0wurkpa3rg.cx.internal.cloudapp.net
2023-08-10 18:36:16,852 [Time-limited test] INFO  ozone.OzoneSecurityUtil (OzoneSecurityUtil.java:getValidInetsForCurrentHost(119)) - ip:0:0:0:0:0:0:0:1%lo not returned.
2023-08-10 18:36:16,852 [Time-limited test] INFO  ozone.OzoneSecurityUtil (OzoneSecurityUtil.java:getValidInetsForCurrentHost(119)) - ip:127.0.0.1 not returned.
2023-08-10 18:36:16,852 [Time-limited test] INFO  ha.HASecurityUtils (HASecurityUtils.java:generateCSR(308)) - Creating csr for SCM->hostName:fv-az194-926,scmId:d23a84dd-098d-4a68-8ea5-67e497b49841,clusterId:3ba24766-2602-44b4-8f30-d114341492c1,subject:scm-sub-1536926647834@fv-az194-926
2023-08-10 18:36:16,857 [Time-limited test] INFO  authority.DefaultApprover (DefaultApprover.java:sign(154)) - Extensions in CSR: 2.5.29.19, 2.5.29.15, 2.5.29.17
2023-08-10 18:36:16,857 [Time-limited test] INFO  authority.DefaultApprover (DefaultApprover.java:sign(158)) - Extensions to add to the certificate if they present in CSR: 2.5.29.17, 2.5.29.19, 1.3.6.1.5.5.7.1.12, 2.5.29.35, 2.5.29.37, 2.5.29.15
2023-08-10 18:36:16,861 [Time-limited test] INFO  utils.CertificateCodec (CertificateCodec.java:writeCertificate(299)) - Save certificate to /tmp/junit854044890428382718/junit8696282383532216612/scm-meta/scm/sub-ca/certs/CA-1.crt
2023-08-10 18:36:16,861 [Time-limited test] INFO  utils.CertificateCodec (CertificateCodec.java:writeCertificate(300)) - Certificate -----BEGIN CERTIFICATE-----
MIID5zCCAs+gAwIBAgIBATANBgkqhkiG9w0BAQsFADB7MRswGQYDVQQDDBJzY20t
MUBmdi1hejE5NC05MjYxLTArBgNVBAsMJGQyM2E4NGRkLTA5OGQtNGE2OC04ZWE1
LTY3ZTQ5N2I0OTg0MTEtMCsGA1UECgwkM2JhMjQ3NjYtMjYwMi00NGI0LThmMzAt
ZDExNDM0MTQ5MmMxMB4XDTIzMDgxMDE4MzYxNloXDTI4MDkxNzE4MzYxNlowezEb
MBkGA1UEAwwSc2NtLTFAZnYtYXoxOTQtOTI2MS0wKwYDVQQLDCRkMjNhODRkZC0w
OThkLTRhNjgtOGVhNS02N2U0OTdiNDk4NDExLTArBgNVBAoMJDNiYTI0NzY2LTI2
MDItNDRiNC04ZjMwLWQxMTQzNDE0OTJjMTCCASIwDQYJKoZIhvcNAQEBBQADggEP
ADCCAQoCggEBAL7Nt3Im51svMgPba3+mdwWFpiBfiL7kQBO35252/u+0eG4Vy2WB
fdvd+Rrr84nCXSMVf0LWxL6fR2Glk4EvlCnkkQUqqpfH0VKUEE5G87IjtfLfPjfk
+2yDyWkzwHHdqDlbmWcY6ct1rn9TG6oNbN4HQLw2Fgz1yY+oMfJscXKcUg3GKOUV
1dFamWcLgM++kcAmTznQ2yey8O20n9syQm0u6qXPFZ3FnTky3h0DM51qR7dCUHQc
thlhhcjLHJ7rzHplk4XJyVWIAD6BiTFBU5g7Uq3ynGJ0gbV56kOsec2kV+7OgTP+
Op+B+h4K8eE7yxBSluTpnJ/IIp1G2EiZw+ECAwEAAaN2MHQwDwYDVR0TAQH/BAUw
AwEB/zAOBgNVHQ8BAf8EBAMCAQYwUQYDVR0RBEowSIcECgEARYJAZnYtYXoxOTQt
OTI2Lm0zdmp4a3o0eHdpdWZpM2gwd3Vya3BhM3JnLmN4LmludGVybmFsLmNsb3Vk
YXBwLm5ldDANBgkqhkiG9w0BAQsFAAOCAQEAAYqv/jdvfB5N8t93Y/ZKImgtpAxf
DmiKPyx/GKM1vNRrzS9OiL83AQmAPMXWGVweI+7Xj1K9sZvIrsLaTHNPCH3ZBNXp
sGaH0R+Wibv4LAWlz0GAEUp5oj/GbReXJ7rbWgiewlxG3EyUF3d2FPWgQ8ubhLRs
1AtUo48fX75ZQqULGdWCaBvP2wzgtNzxffc4YZMoiGLbbW/m7Lb37+cjLNepaHkq
JoN0XNapIM3YFEyWPEvOfqqv7HSjT9Jy0HvlI2tmZEpicNjZK+lD782gksLr1fCh
hYyzqnxhm54NLsJtlvFyR24wHLmgIMowImuWOlqmPJkvgzAD5YlPLVfqOw==
-----END CERTIFICATE-----

2023-08-10 18:36:16,862 [Time-limited test] INFO  utils.CertificateCodec (CertificateCodec.java:writeCertificate(299)) - Save certificate to /tmp/junit854044890428382718/junit8696282383532216612/scm-meta/scm/sub-ca/certs/1536930944120.crt
2023-08-10 18:36:16,863 [Time-limited test] INFO  utils.CertificateCodec (CertificateCodec.java:writeCertificate(300)) - Certificate -----BEGIN CERTIFICATE-----
MIID/TCCAuWgAwIBAgIGAWXYORR4MA0GCSqGSIb3DQEBCwUAMHsxGzAZBgNVBAMM
EnNjbS0xQGZ2LWF6MTk0LTkyNjEtMCsGA1UECwwkZDIzYTg0ZGQtMDk4ZC00YTY4
LThlYTUtNjdlNDk3YjQ5ODQxMS0wKwYDVQQKDCQzYmEyNDc2Ni0yNjAyLTQ0YjQt
OGYzMC1kMTE0MzQxNDkyYzEwHhcNMjMwODEwMTgzNjE2WhcNMjgwOTE3MTgzNjE2
WjCBizErMCkGA1UEAwwic2NtLXN1Yi0xNTM2OTI2NjQ3ODM0QGZ2LWF6MTk0LTky
NjEtMCsGA1UECwwkZDIzYTg0ZGQtMDk4ZC00YTY4LThlYTUtNjdlNDk3YjQ5ODQx
MS0wKwYDVQQKDCQzYmEyNDc2Ni0yNjAyLTQ0YjQtOGYzMC1kMTE0MzQxNDkyYzEw
ggEiMA0GCSqGSIb3DQEBAQUAA4IBDwAwggEKAoIBAQCwCYItQZx0FefO/ojKI51+
kpPNu55iweu9J3ox4YiAsqRgeEz23AqbjtpNNKIHS3krTi4wlgUilKJIfDTfRIJs
SXCqJ+lDVCWosMSw9tHt8Xm0V2Vjo6OnMfVWoeAzxmHnO5e686RekIJLeHdFq57e
4rqvDUQ2COkWslPr6hXJbDh1giNJvmGxJUsTb/PjZjiRw5hvvpmcC2CS3VG17NVF
RpnZxJCDOroZ32hiOAw1/m0NPZ5wzNpIVEtlmcRlH/bkun1fPobZJL61Bc7E21fu
jpp0Z6x7WG6MI8b1NDPCs2pUSVX2Xz5ly/WQRvVmOMX2j3PI/1IM6a74ShK1IOet
AgMBAAGjdjB0MFEGA1UdEQRKMEiHBAoBAEWCQGZ2LWF6MTk0LTkyNi5tM3ZqeGt6
NHh3aXVmaTNoMHd1cmtwYTNyZy5jeC5pbnRlcm5hbC5jbG91ZGFwcC5uZXQwDwYD
VR0TAQH/BAUwAwEB/zAOBgNVHQ8BAf8EBAMCAb4wDQYJKoZIhvcNAQELBQADggEB
AGIoQRM1BtHh2D8fvKETewGB+zroEqTZyQtyZfl+3k6yoRYIEAYOnMsXTV6UVMY4
00PIIgR+/JLSZUwrk9imjXfQeZpU/S+KzsnCYteu+WSaGASaHGTr/Kc1l/KZuzJP
9kkON3cbBXKyztXt3/0WDQNeVA3tBha/Xn8a4ZGy4BduqL1GUYduSP2tTKB7VZsT
+AVipfsJlQU+pVl7PdLtJoWXuQL5oIVE6MlVVP2O7HiWYaNuNYgiHAqQusXJh9NQ
/xpiIqO2pcOIGsfyUua2S59n1rgYWMPULzjuFNsAZ/JicD+XrGsc28uzLmI/IFIA
0EogalFn8ZCVvJr1MmNTRd8=
-----END CERTIFICATE-----

-----BEGIN CERTIFICATE-----
MIID5zCCAs+gAwIBAgIBATANBgkqhkiG9w0BAQsFADB7MRswGQYDVQQDDBJzY20t
MUBmdi1hejE5NC05MjYxLTArBgNVBAsMJGQyM2E4NGRkLTA5OGQtNGE2OC04ZWE1
LTY3ZTQ5N2I0OTg0MTEtMCsGA1UECgwkM2JhMjQ3NjYtMjYwMi00NGI0LThmMzAt
ZDExNDM0MTQ5MmMxMB4XDTIzMDgxMDE4MzYxNloXDTI4MDkxNzE4MzYxNlowezEb
MBkGA1UEAwwSc2NtLTFAZnYtYXoxOTQtOTI2MS0wKwYDVQQLDCRkMjNhODRkZC0w
OThkLTRhNjgtOGVhNS02N2U0OTdiNDk4NDExLTArBgNVBAoMJDNiYTI0NzY2LTI2
MDItNDRiNC04ZjMwLWQxMTQzNDE0OTJjMTCCASIwDQYJKoZIhvcNAQEBBQADggEP
ADCCAQoCggEBAL7Nt3Im51svMgPba3+mdwWFpiBfiL7kQBO35252/u+0eG4Vy2WB
fdvd+Rrr84nCXSMVf0LWxL6fR2Glk4EvlCnkkQUqqpfH0VKUEE5G87IjtfLfPjfk
+2yDyWkzwHHdqDlbmWcY6ct1rn9TG6oNbN4HQLw2Fgz1yY+oMfJscXKcUg3GKOUV
1dFamWcLgM++kcAmTznQ2yey8O20n9syQm0u6qXPFZ3FnTky3h0DM51qR7dCUHQc
thlhhcjLHJ7rzHplk4XJyVWIAD6BiTFBU5g7Uq3ynGJ0gbV56kOsec2kV+7OgTP+
Op+B+h4K8eE7yxBSluTpnJ/IIp1G2EiZw+ECAwEAAaN2MHQwDwYDVR0TAQH/BAUw
AwEB/zAOBgNVHQ8BAf8EBAMCAQYwUQYDVR0RBEowSIcECgEARYJAZnYtYXoxOTQt
OTI2Lm0zdmp4a3o0eHdpdWZpM2gwd3Vya3BhM3JnLmN4LmludGVybmFsLmNsb3Vk
YXBwLm5ldDANBgkqhkiG9w0BAQsFAAOCAQEAAYqv/jdvfB5N8t93Y/ZKImgtpAxf
DmiKPyx/GKM1vNRrzS9OiL83AQmAPMXWGVweI+7Xj1K9sZvIrsLaTHNPCH3ZBNXp
sGaH0R+Wibv4LAWlz0GAEUp5oj/GbReXJ7rbWgiewlxG3EyUF3d2FPWgQ8ubhLRs
1AtUo48fX75ZQqULGdWCaBvP2wzgtNzxffc4YZMoiGLbbW/m7Lb37+cjLNepaHkq
JoN0XNapIM3YFEyWPEvOfqqv7HSjT9Jy0HvlI2tmZEpicNjZK+lD782gksLr1fCh
hYyzqnxhm54NLsJtlvFyR24wHLmgIMowImuWOlqmPJkvgzAD5YlPLVfqOw==
-----END CERTIFICATE-----

2023-08-10 18:36:16,863 [Time-limited test] INFO  utils.CertificateCodec (CertificateCodec.java:writeCertificate(299)) - Save certificate to /tmp/junit854044890428382718/junit8696282383532216612/scm-meta/scm/sub-ca/certs/certificate.crt
2023-08-10 18:36:16,863 [Time-limited test] INFO  utils.CertificateCodec (CertificateCodec.java:writeCertificate(300)) - Certificate -----BEGIN CERTIFICATE-----
MIID/TCCAuWgAwIBAgIGAWXYORR4MA0GCSqGSIb3DQEBCwUAMHsxGzAZBgNVBAMM
EnNjbS0xQGZ2LWF6MTk0LTkyNjEtMCsGA1UECwwkZDIzYTg0ZGQtMDk4ZC00YTY4
LThlYTUtNjdlNDk3YjQ5ODQxMS0wKwYDVQQKDCQzYmEyNDc2Ni0yNjAyLTQ0YjQt
OGYzMC1kMTE0MzQxNDkyYzEwHhcNMjMwODEwMTgzNjE2WhcNMjgwOTE3MTgzNjE2
WjCBizErMCkGA1UEAwwic2NtLXN1Yi0xNTM2OTI2NjQ3ODM0QGZ2LWF6MTk0LTky
NjEtMCsGA1UECwwkZDIzYTg0ZGQtMDk4ZC00YTY4LThlYTUtNjdlNDk3YjQ5ODQx
MS0wKwYDVQQKDCQzYmEyNDc2Ni0yNjAyLTQ0YjQtOGYzMC1kMTE0MzQxNDkyYzEw
ggEiMA0GCSqGSIb3DQEBAQUAA4IBDwAwggEKAoIBAQCwCYItQZx0FefO/ojKI51+
kpPNu55iweu9J3ox4YiAsqRgeEz23AqbjtpNNKIHS3krTi4wlgUilKJIfDTfRIJs
SXCqJ+lDVCWosMSw9tHt8Xm0V2Vjo6OnMfVWoeAzxmHnO5e686RekIJLeHdFq57e
4rqvDUQ2COkWslPr6hXJbDh1giNJvmGxJUsTb/PjZjiRw5hvvpmcC2CS3VG17NVF
RpnZxJCDOroZ32hiOAw1/m0NPZ5wzNpIVEtlmcRlH/bkun1fPobZJL61Bc7E21fu
jpp0Z6x7WG6MI8b1NDPCs2pUSVX2Xz5ly/WQRvVmOMX2j3PI/1IM6a74ShK1IOet
AgMBAAGjdjB0MFEGA1UdEQRKMEiHBAoBAEWCQGZ2LWF6MTk0LTkyNi5tM3ZqeGt6
NHh3aXVmaTNoMHd1cmtwYTNyZy5jeC5pbnRlcm5hbC5jbG91ZGFwcC5uZXQwDwYD
VR0TAQH/BAUwAwEB/zAOBgNVHQ8BAf8EBAMCAb4wDQYJKoZIhvcNAQELBQADggEB
AGIoQRM1BtHh2D8fvKETewGB+zroEqTZyQtyZfl+3k6yoRYIEAYOnMsXTV6UVMY4
00PIIgR+/JLSZUwrk9imjXfQeZpU/S+KzsnCYteu+WSaGASaHGTr/Kc1l/KZuzJP
9kkON3cbBXKyztXt3/0WDQNeVA3tBha/Xn8a4ZGy4BduqL1GUYduSP2tTKB7VZsT
+AVipfsJlQU+pVl7PdLtJoWXuQL5oIVE6MlVVP2O7HiWYaNuNYgiHAqQusXJh9NQ
/xpiIqO2pcOIGsfyUua2S59n1rgYWMPULzjuFNsAZ/JicD+XrGsc28uzLmI/IFIA
0EogalFn8ZCVvJr1MmNTRd8=
-----END CERTIFICATE-----

-----BEGIN CERTIFICATE-----
MIID5zCCAs+gAwIBAgIBATANBgkqhkiG9w0BAQsFADB7MRswGQYDVQQDDBJzY20t
MUBmdi1hejE5NC05MjYxLTArBgNVBAsMJGQyM2E4NGRkLTA5OGQtNGE2OC04ZWE1
LTY3ZTQ5N2I0OTg0MTEtMCsGA1UECgwkM2JhMjQ3NjYtMjYwMi00NGI0LThmMzAt
ZDExNDM0MTQ5MmMxMB4XDTIzMDgxMDE4MzYxNloXDTI4MDkxNzE4MzYxNlowezEb
MBkGA1UEAwwSc2NtLTFAZnYtYXoxOTQtOTI2MS0wKwYDVQQLDCRkMjNhODRkZC0w
OThkLTRhNjgtOGVhNS02N2U0OTdiNDk4NDExLTArBgNVBAoMJDNiYTI0NzY2LTI2
MDItNDRiNC04ZjMwLWQxMTQzNDE0OTJjMTCCASIwDQYJKoZIhvcNAQEBBQADggEP
ADCCAQoCggEBAL7Nt3Im51svMgPba3+mdwWFpiBfiL7kQBO35252/u+0eG4Vy2WB
fdvd+Rrr84nCXSMVf0LWxL6fR2Glk4EvlCnkkQUqqpfH0VKUEE5G87IjtfLfPjfk
+2yDyWkzwHHdqDlbmWcY6ct1rn9TG6oNbN4HQLw2Fgz1yY+oMfJscXKcUg3GKOUV
1dFamWcLgM++kcAmTznQ2yey8O20n9syQm0u6qXPFZ3FnTky3h0DM51qR7dCUHQc
thlhhcjLHJ7rzHplk4XJyVWIAD6BiTFBU5g7Uq3ynGJ0gbV56kOsec2kV+7OgTP+
Op+B+h4K8eE7yxBSluTpnJ/IIp1G2EiZw+ECAwEAAaN2MHQwDwYDVR0TAQH/BAUw
AwEB/zAOBgNVHQ8BAf8EBAMCAQYwUQYDVR0RBEowSIcECgEARYJAZnYtYXoxOTQt
OTI2Lm0zdmp4a3o0eHdpdWZpM2gwd3Vya3BhM3JnLmN4LmludGVybmFsLmNsb3Vk
YXBwLm5ldDANBgkqhkiG9w0BAQsFAAOCAQEAAYqv/jdvfB5N8t93Y/ZKImgtpAxf
DmiKPyx/GKM1vNRrzS9OiL83AQmAPMXWGVweI+7Xj1K9sZvIrsLaTHNPCH3ZBNXp
sGaH0R+Wibv4LAWlz0GAEUp5oj/GbReXJ7rbWgiewlxG3EyUF3d2FPWgQ8ubhLRs
1AtUo48fX75ZQqULGdWCaBvP2wzgtNzxffc4YZMoiGLbbW/m7Lb37+cjLNepaHkq
JoN0XNapIM3YFEyWPEvOfqqv7HSjT9Jy0HvlI2tmZEpicNjZK+lD782gksLr1fCh
hYyzqnxhm54NLsJtlvFyR24wHLmgIMowImuWOlqmPJkvgzAD5YlPLVfqOw==
-----END CERTIFICATE-----

2023-08-10 18:36:16,863 [Time-limited test] INFO  ha.HASecurityUtils (HASecurityUtils.java:initializeSecurity(121)) - Successfully stored SCM signed certificate.
2023-08-10 18:36:16,864 [Time-limited test] WARN  server.ServerUtils (ServerUtils.java:getScmDbDir(155)) - ozone.scm.db.dirs is not configured. We recommend adding this setting. Falling back to ozone.metadata.dirs instead.
2023-08-10 18:36:16,864 [Time-limited test] INFO  ha.SCMHANodeDetails (SCMHANodeDetails.java:loadSCMHAConfig(210)) - ServiceID for StorageContainerManager is null
2023-08-10 18:36:16,864 [Time-limited test] INFO  ha.SCMHANodeDetails (SCMHANodeDetails.java:loadSCMHAConfig(215)) - ozone.scm.default.service.id is not defined, falling back to ozone.scm.service.ids to find serviceID for StorageContainerManager if it is HA enabled cluster
2023-08-10 18:36:16,870 [pool-40-thread-1] INFO  request.KdcRequest (KdcRequest.java:preauth(651)) - The preauth data is empty.
2023-08-10 18:36:16,871 [pool-40-thread-1] INFO  server.KdcHandler (KdcHandler.java:handleRecoverableException(177)) - KRB error occurred while processing request:Additional pre-authentication required
2023-08-10 18:36:16,882 [pool-40-thread-2] INFO  request.AsRequest (AsRequest.java:issueTicket(112)) - AS_REQ ISSUE: authtime 1691692576878,scm/fv-az194-926.m3vjxkz4xwiufi3h0wurkpa3rg.cx.internal.cloudapp.net@EXAMPLE.COM for krbtgt/EXAMPLE.COM@EXAMPLE.COM
2023-08-10 18:36:16,883 [Time-limited test] INFO  security.UserGroupInformation (UserGroupInformation.java:loginUserFromKeytab(1132)) - Login successful for user scm/fv-az194-926.m3vjxkz4xwiufi3h0wurkpa3rg.cx.internal.cloudapp.net@EXAMPLE.COM using keytab file scm.keytab. Keytab auto renewal enabled : false
2023-08-10 18:36:16,884 [Time-limited test] INFO  server.StorageContainerManager (StorageContainerManager.java:loginAsSCMUserIfSecurityEnabled(1042)) - SCM login successful.
2023-08-10 18:36:16,885 [Time-limited test] INFO  client.SCMCertificateClient (DefaultCertificateClient.java:updateCertSerialId(1244)) - Certificate serial ID set to 1536930944120
2023-08-10 18:36:16,887 [Time-limited test] INFO  client.SCMCertificateClient (DefaultCertificateClient.java:readCertificateFile(237)) - Added certificate   [0]         Version: 3
         SerialNumber: 1
             IssuerDN: CN=scm-1@fv-az194-926,OU=d23a84dd-098d-4a68-8ea5-67e497b49841,O=3ba24766-2602-44b4-8f30-d114341492c1
           Start Date: Thu Aug 10 18:36:16 UTC 2023
           Final Date: Sun Sep 17 18:36:16 UTC 2028
            SubjectDN: CN=scm-1@fv-az194-926,OU=d23a84dd-098d-4a68-8ea5-67e497b49841,O=3ba24766-2602-44b4-8f30-d114341492c1
           Public Key: RSA Public Key [f6:ea:56:51:a8:8c:61:bb:62:e2:c5:17:54:2b:99:bc:04:90:51:7e],[56:66:d1:a4]
        modulus: becdb77226e75b2f3203db6b7fa6770585a6205f88bee44013b7e76e76feefb4786e15cb65817ddbddf91aebf389c25d23157f42d6c4be9f4761a593812f9429e491052aaa97c7d15294104e46f3b223b5f2df3e37e4fb6c83c96933c071dda8395b996718e9cb75ae7f531baa0d6cde0740bc36160cf5c98fa831f26c71729c520dc628e515d5d15a99670b80cfbe91c0264f39d0db27b2f0edb49fdb32426d2eeaa5cf159dc59d3932de1d03339d6a47b74250741cb6196185c8cb1c9eebcc7a659385c9c95588003e8189314153983b52adf29c627481b579ea43ac79cda457eece8133fe3a9f81fa1e0af1e13bcb105296e4e99c9fc8229d46d84899c3e1
public exponent: 10001

  Signature Algorithm: SHA256WITHRSA
            Signature: 018aaffe376f7c1e4df2df7763f64a22682da40c
                       5f0e688a3f2c7f18a335bcd46bcd2f4e88bf3701
                       09803cc5d6195c1e23eed78f52bdb19bc8aec2da
                       4c734f087dd904d5e9b06687d11f9689bbf82c05
                       a5cf4180114a79a23fc66d179727badb5a089ec2
                       5c46dc4c9417777614f5a043cb9b84b46cd40b54
                       a38f1f5fbe5942a50b19d582681bcfdb0ce0b4dc
                       f17df7386193288862db6d6fe6ecb6f7efe7232c
                       d7a968792a2683745cd6a920cdd8144c963c4bce
                       7eaaafec74a34fd272d07be5236b66644a6270d8
                       d92be943efcda092c2ebd5f0a1858cb3aa7c619b
                       9e0d2ec26d96f172476e301cb9a020ca30226b96
                       3a5aa63c992f833003e5894f2d57ea3b
       Extensions: 
                       critical(true) BasicConstraints: isCa(true)
                       critical(true) KeyUsage: 0x6
                       critical(false) 2.5.29.17 value = Sequence
    Tagged [7] IMPLICIT 
        DER Octet String[4] 
    Tagged [2] IMPLICIT 
        DER Octet String[64] 

 from file: /tmp/junit854044890428382718/junit8696282383532216612/scm-meta/scm/sub-ca/certs/CA-1.crt.
2023-08-10 18:36:16,888 [Time-limited test] INFO  client.SCMCertificateClient (DefaultCertificateClient.java:readCertificateFile(237)) - Added certificate   [0]         Version: 3
         SerialNumber: 1536930944120
             IssuerDN: CN=scm-1@fv-az194-926,OU=d23a84dd-098d-4a68-8ea5-67e497b49841,O=3ba24766-2602-44b4-8f30-d114341492c1
           Start Date: Thu Aug 10 18:36:16 UTC 2023
           Final Date: Sun Sep 17 18:36:16 UTC 2028
            SubjectDN: CN=scm-sub-1536926647834@fv-az194-926,OU=d23a84dd-098d-4a68-8ea5-67e497b49841,O=3ba24766-2602-44b4-8f30-d114341492c1
           Public Key: RSA Public Key [54:7b:9b:ab:bf:62:0b:90:c3:6a:17:66:05:48:9c:1f:63:49:8d:f9],[56:66:d1:a4]
        modulus: b009822d419c7415e7cefe88ca239d7e9293cdbb9e62c1ebbd277a31e18880b2a460784cf6dc0a9b8eda4d34a2074b792b4e2e3096052294a2487c34df44826c4970aa27e9435425a8b0c4b0f6d1edf179b4576563a3a3a731f556a1e033c661e73b97baf3a45e90824b787745ab9edee2baaf0d443608e916b253ebea15c96c3875822349be61b1254b136ff3e3663891c3986fbe999c0b6092dd51b5ecd5454699d9c490833aba19df6862380c35fe6d0d3d9e70ccda48544b6599c4651ff6e4ba7d5f3e86d924beb505cec4db57ee8e9a7467ac7b586e8c23c6f53433c2b36a544955f65f3e65cbf59046f56638c5f68f73c8ff520ce9aef84a12b520e7ad
public exponent: 10001

  Signature Algorithm: SHA256WITHRSA
            Signature: 622841133506d1e1d83f1fbca1137b0181fb3ae8
                       12a4d9c90b7265f97ede4eb2a1160810060e9ccb
                       174d5e9454c638d343c822047efc92d2654c2b93
                       d8a68d77d0799a54fd2f8acec9c262d7aef9649a
                       18049a1c64ebfca73597f299bb324ff6490e3777
                       1b0572b2ced5eddffd160d035e540ded0616bf5e
                       7f1ae191b2e0176ea8bd4651876e48fdad4ca07b
                       559b13f80562a5fb0995053ea5597b3dd2ed2685
                       97b902f9a08544e8c95554fd8eec789661a36e35
                       88221c0a90bac5c987d350ff1a6222a3b6a5c388
                       1ac7f252e6b64b9f67d6b81858c3d42f38ee14db
                       0067f262703f97ac6b1cdbcbb32e623f205200d0
                       4a206a5167f19095bc9af532635345df
       Extensions: 
                       critical(false) 2.5.29.17 value = Sequence
    Tagged [7] IMPLICIT 
        DER Octet String[4] 
    Tagged [2] IMPLICIT 
        DER Octet String[64] 

                       critical(true) BasicConstraints: isCa(true)
                       critical(true) KeyUsage: 0xbe
 from file: /tmp/junit854044890428382718/junit8696282383532216612/scm-meta/scm/sub-ca/certs/1536930944120.crt.
2023-08-10 18:36:16,892 [Time-limited test] INFO  client.SCMCertificateClient (DefaultCertificateClient.java:readCertificateFile(237)) - Added certificate   [0]         Version: 3
         SerialNumber: 1536930944120
             IssuerDN: CN=scm-1@fv-az194-926,OU=d23a84dd-098d-4a68-8ea5-67e497b49841,O=3ba24766-2602-44b4-8f30-d114341492c1
           Start Date: Thu Aug 10 18:36:16 UTC 2023
           Final Date: Sun Sep 17 18:36:16 UTC 2028
            SubjectDN: CN=scm-sub-1536926647834@fv-az194-926,OU=d23a84dd-098d-4a68-8ea5-67e497b49841,O=3ba24766-2602-44b4-8f30-d114341492c1
           Public Key: RSA Public Key [54:7b:9b:ab:bf:62:0b:90:c3:6a:17:66:05:48:9c:1f:63:49:8d:f9],[56:66:d1:a4]
        modulus: b009822d419c7415e7cefe88ca239d7e9293cdbb9e62c1ebbd277a31e18880b2a460784cf6dc0a9b8eda4d34a2074b792b4e2e3096052294a2487c34df44826c4970aa27e9435425a8b0c4b0f6d1edf179b4576563a3a3a731f556a1e033c661e73b97baf3a45e90824b787745ab9edee2baaf0d443608e916b253ebea15c96c3875822349be61b1254b136ff3e3663891c3986fbe999c0b6092dd51b5ecd5454699d9c490833aba19df6862380c35fe6d0d3d9e70ccda48544b6599c4651ff6e4ba7d5f3e86d924beb505cec4db57ee8e9a7467ac7b586e8c23c6f53433c2b36a544955f65f3e65cbf59046f56638c5f68f73c8ff520ce9aef84a12b520e7ad
public exponent: 10001

  Signature Algorithm: SHA256WITHRSA
            Signature: 622841133506d1e1d83f1fbca1137b0181fb3ae8
                       12a4d9c90b7265f97ede4eb2a1160810060e9ccb
                       174d5e9454c638d343c822047efc92d2654c2b93
                       d8a68d77d0799a54fd2f8acec9c262d7aef9649a
                       18049a1c64ebfca73597f299bb324ff6490e3777
                       1b0572b2ced5eddffd160d035e540ded0616bf5e
                       7f1ae191b2e0176ea8bd4651876e48fdad4ca07b
                       559b13f80562a5fb0995053ea5597b3dd2ed2685
                       97b902f9a08544e8c95554fd8eec789661a36e35
                       88221c0a90bac5c987d350ff1a6222a3b6a5c388
                       1ac7f252e6b64b9f67d6b81858c3d42f38ee14db
                       0067f262703f97ac6b1cdbcbb32e623f205200d0
                       4a206a5167f19095bc9af532635345df
       Extensions: 
                       critical(false) 2.5.29.17 value = Sequence
    Tagged [7] IMPLICIT 
        DER Octet String[4] 
    Tagged [2] IMPLICIT 
        DER Octet String[64] 

                       critical(true) BasicConstraints: isCa(true)
                       critical(true) KeyUsage: 0xbe
 from file: /tmp/junit854044890428382718/junit8696282383532216612/scm-meta/scm/sub-ca/certs/certificate.crt.
2023-08-10 18:36:16,892 [Time-limited test] INFO  client.SCMCertificateClient (DefaultCertificateClient.java:loadAllCertificates(191)) - CertificateRenewerService and root ca rotation polling is disabled for scm/sub-ca
2023-08-10 18:36:16,892 [Time-limited test] WARN  utils.HAUtils (HAUtils.java:getMetaDir(339)) - ozone.scm.db.dirs is not configured. We recommend adding this setting. Falling back to ozone.metadata.dirs instead.
2023-08-10 18:36:16,893 [Time-limited test] WARN  db.DBStoreBuilder (DBStoreBuilder.java:applyDBDefinition(166)) - ozone.scm.db.dirs is not configured. We recommend adding this setting. Falling back to ozone.metadata.dirs instead.
2023-08-10 18:36:16,978 [Time-limited test] INFO  net.NodeSchemaLoader (NodeSchemaLoader.java:loadSchemaFromFile(129)) - Loading schema from [jar:file:/home/runner/.m2/repository/org/apache/ozone/hdds-common/1.4.0-SNAPSHOT/hdds-common-1.4.0-SNAPSHOT.jar!/network-topology-default.xml]
2023-08-10 18:36:16,978 [Time-limited test] INFO  net.NodeSchemaLoader (NodeSchemaLoader.java:loadSchema(176)) - Loading network topology layer schema file
2023-08-10 18:36:16,980 [Time-limited test] INFO  upgrade.AbstractLayoutVersionManager (AbstractLayoutVersionManager.java:init(83)) - Initializing Layout version manager with metadata layout = HADOOP_PRC_PORTS_IN_DATANODEDETAILS (version = 7), software layout = HADOOP_PRC_PORTS_IN_DATANODEDETAILS (version = 7)
2023-08-10 18:36:16,982 [Time-limited test] INFO  ha.SequenceIdGenerator (SequenceIdGenerator.java:upgradeToSequenceId(365)) - upgrade localId to 111677748019200000
2023-08-10 18:36:16,983 [Time-limited test] INFO  ha.SequenceIdGenerator (SequenceIdGenerator.java:upgradeToSequenceId(375)) - upgrade delTxnId to 0
2023-08-10 18:36:16,983 [Time-limited test] INFO  ha.SequenceIdGenerator (SequenceIdGenerator.java:upgradeToSequenceId(392)) - upgrade containerId to 0
2023-08-10 18:36:16,984 [Time-limited test] INFO  ha.SequenceIdGenerator (SequenceIdGenerator.java:upgradeToSequenceId(428)) - upgrade rootCertificateId to 1
2023-08-10 18:36:16,984 [Time-limited test] INFO  ha.SequenceIdGenerator (SequenceIdGenerator.java:<init>(236)) - Init the HA SequenceIdGenerator.
2023-08-10 18:36:16,985 [Time-limited test] INFO  node.SCMNodeManager (SCMNodeManager.java:<init>(157)) - Entering startup safe mode.
2023-08-10 18:36:16,985 [Time-limited test] INFO  algorithms.ContainerPlacementPolicyFactory (ContainerPlacementPolicyFactory.java:getPolicyInternal(86)) - Create container placement policy of type org.apache.hadoop.hdds.scm.container.placement.algorithms.SCMContainerPlacementRackAware
2023-08-10 18:36:16,985 [Time-limited test] INFO  algorithms.ContainerPlacementPolicyFactory (ContainerPlacementPolicyFactory.java:getPolicyInternal(86)) - Create container placement policy of type org.apache.hadoop.hdds.scm.container.placement.algorithms.SCMContainerPlacementRackScatter
2023-08-10 18:36:16,986 [Time-limited test] INFO  pipeline.PipelineStateManagerImpl (PipelineStateManagerImpl.java:initialize(78)) - No pipeline exists in current db
2023-08-10 18:36:16,987 [Time-limited test] INFO  algorithms.LeaderChoosePolicyFactory (LeaderChoosePolicyFactory.java:getPolicy(57)) - Create leader choose policy of type org.apache.hadoop.hdds.scm.pipeline.leader.choose.algorithms.MinLeaderCountChoosePolicy
2023-08-10 18:36:16,987 [Time-limited test] INFO  algorithms.ContainerPlacementPolicyFactory (ContainerPlacementPolicyFactory.java:getPolicyInternal(86)) - Create container placement policy of type org.apache.hadoop.hdds.scm.container.placement.algorithms.SCMContainerPlacementRackScatter
2023-08-10 18:36:16,988 [Time-limited test] INFO  ha.SCMServiceManager (SCMServiceManager.java:register(42)) - Registering service BackgroundPipelineCreator.
2023-08-10 18:36:16,988 [Time-limited test] INFO  pipeline.BackgroundPipelineCreator (BackgroundPipelineCreator.java:start(124)) - Starting RatisPipelineUtilsThread.
2023-08-10 18:36:16,988 [Time-limited test] INFO  BackgroundPipelineScrubber (BackgroundSCMService.java:start(68)) - Starting BackgroundPipelineScrubber Service.
2023-08-10 18:36:16,988 [Time-limited test] INFO  ha.SCMServiceManager (SCMServiceManager.java:register(42)) - Registering service BackgroundPipelineScrubber.
2023-08-10 18:36:16,988 [Time-limited test] INFO  ExpiredContainerReplicaOpScrubber (BackgroundSCMService.java:start(68)) - Starting ExpiredContainerReplicaOpScrubber Service.
2023-08-10 18:36:16,989 [Time-limited test] INFO  ha.SCMServiceManager (SCMServiceManager.java:register(42)) - Registering service ExpiredContainerReplicaOpScrubber.
2023-08-10 18:36:16,990 [Time-limited test] INFO  algorithms.PipelineChoosePolicyFactory (PipelineChoosePolicyFactory.java:createPipelineChoosePolicyFromClass(78)) - Create pipeline choose policy of type org.apache.hadoop.hdds.scm.pipeline.choose.algorithms.RandomPipelineChoosePolicy
2023-08-10 18:36:16,991 [Time-limited test] INFO  algorithms.PipelineChoosePolicyFactory (PipelineChoosePolicyFactory.java:createPipelineChoosePolicyFromClass(78)) - Create pipeline choose policy of type org.apache.hadoop.hdds.scm.pipeline.choose.algorithms.RandomPipelineChoosePolicy
2023-08-10 18:36:16,992 [Time-limited test] WARN  util.MBeans (MBeans.java:register(111)) - Failed to register MBean "Hadoop:service=BlockManager,name=BlockManagerImpl-1"
javax.management.NotCompliantMBeanException: MBean class org.apache.hadoop.hdds.scm.block.BlockManagerImpl does not implement DynamicMBean, and neither follows the Standard MBean conventions (javax.management.NotCompliantMBeanException: Class org.apache.hadoop.hdds.scm.block.BlockManagerImpl is not a JMX compliant Standard MBean) nor the MXBean conventions (javax.management.NotCompliantMBeanException: org.apache.hadoop.hdds.scm.block.BlockManagerImpl: Class org.apache.hadoop.hdds.scm.block.BlockManagerImpl is not a JMX compliant MXBean)
	at com.sun.jmx.mbeanserver.Introspector.checkCompliance(Introspector.java:176)
	at com.sun.jmx.interceptor.DefaultMBeanServerInterceptor.registerMBean(DefaultMBeanServerInterceptor.java:317)
	at com.sun.jmx.mbeanserver.JmxMBeanServer.registerMBean(JmxMBeanServer.java:522)
	at org.apache.hadoop.metrics2.util.MBeans.register(MBeans.java:100)
	at org.apache.hadoop.metrics2.util.MBeans.register(MBeans.java:73)
	at org.apache.hadoop.hdds.scm.block.BlockManagerImpl.<init>(BlockManagerImpl.java:94)
	at org.apache.hadoop.hdds.scm.server.StorageContainerManager.initializeSystemManagers(StorageContainerManager.java:787)
	at org.apache.hadoop.hdds.scm.server.StorageContainerManager.<init>(StorageContainerManager.java:401)
	at org.apache.hadoop.hdds.scm.server.StorageContainerManager.createSCM(StorageContainerManager.java:598)
	at org.apache.hadoop.hdds.scm.HddsTestUtils.getScmSimple(HddsTestUtils.java:604)
	at org.apache.hadoop.hdds.scm.HddsTestUtils.getScmSimple(HddsTestUtils.java:589)
	at org.apache.hadoop.ozone.TestSecureOzoneCluster.testSecureOmReInit(TestSecureOzoneCluster.java:825)
	at sun.reflect.NativeMethodAccessorImpl.invoke0(Native Method)
	at sun.reflect.NativeMethodAccessorImpl.invoke(NativeMethodAccessorImpl.java:62)
	at sun.reflect.DelegatingMethodAccessorImpl.invoke(DelegatingMethodAccessorImpl.java:43)
	at java.lang.reflect.Method.invoke(Method.java:498)
	at org.junit.runners.model.FrameworkMethod$1.runReflectiveCall(FrameworkMethod.java:59)
	at org.junit.internal.runners.model.ReflectiveCallable.run(ReflectiveCallable.java:12)
	at org.junit.runners.model.FrameworkMethod.invokeExplosively(FrameworkMethod.java:56)
	at org.junit.internal.runners.statements.InvokeMethod.evaluate(InvokeMethod.java:17)
	at org.junit.internal.runners.statements.RunBefores.evaluate(RunBefores.java:26)
	at org.junit.internal.runners.statements.RunAfters.evaluate(RunAfters.java:27)
	at org.junit.rules.ExternalResource$1.evaluate(ExternalResource.java:54)
	at org.junit.internal.runners.statements.FailOnTimeout$CallableStatement.call(FailOnTimeout.java:288)
	at org.junit.internal.runners.statements.FailOnTimeout$CallableStatement.call(FailOnTimeout.java:282)
	at java.util.concurrent.FutureTask.run(FutureTask.java:266)
	at java.lang.Thread.run(Thread.java:750)
2023-08-10 18:36:16,993 [Time-limited test] INFO  ha.SCMServiceManager (SCMServiceManager.java:register(42)) - Registering service SCMBlockDeletingService.
2023-08-10 18:36:16,998 [Time-limited test] INFO  replication.ReplicationManager (ReplicationManager.java:start(287)) - Starting Replication Monitor Thread.
2023-08-10 18:36:17,002 [Time-limited test] INFO  ha.SCMServiceManager (SCMServiceManager.java:register(42)) - Registering service ReplicationManager.
2023-08-10 18:36:17,003 [Time-limited test] INFO  safemode.ContainerSafeModeRule (ContainerSafeModeRule.java:<init>(89)) - containers with one replica threshold count 0
2023-08-10 18:36:17,003 [Time-limited test] INFO  safemode.HealthyPipelineSafeModeRule (HealthyPipelineSafeModeRule.java:initializeRule(169)) - Total pipeline count is 0, healthy pipeline threshold count is 0
2023-08-10 18:36:17,003 [Time-limited test] INFO  safemode.OneReplicaPipelineSafeModeRule (OneReplicaPipelineSafeModeRule.java:initializeRule(180)) - Total pipeline count is 0, pipeline's with at least one datanode reported threshold count is 0
2023-08-10 18:36:17,004 [ReplicationMonitor] INFO  replication.ReplicationManager (ReplicationManager.java:processAll(361)) - Replication Manager is not ready to run until 300000ms after safemode exit
2023-08-10 18:36:17,006 [Time-limited test] INFO  authority.DefaultCAServer (DefaultCAServer.java:lambda$processVerificationStatus$0(472)) - CertificateServer validation is successful
2023-08-10 18:36:17,008 [Time-limited test] INFO  authority.DefaultCAServer (DefaultCAServer.java:lambda$processVerificationStatus$0(472)) - CertificateServer validation is successful
2023-08-10 18:36:17,008 [Time-limited test] INFO  server.StorageContainerManager (StorageContainerManager.java:persistPrimarySCMCerts(932)) - Storing sub-ca certificate serialId 1536930944120 on primary SCM
2023-08-10 18:36:17,011 [Time-limited test] INFO  server.SCMCertStore (SCMCertStore.java:storeValidScmCertificate(122)) - Scm certificate 1536930944120 for CN=scm-sub-1536926647834@fv-az194-926,OU=d23a84dd-098d-4a68-8ea5-67e497b49841,O=3ba24766-2602-44b4-8f30-d114341492c1 is stored
2023-08-10 18:36:17,011 [Time-limited test] INFO  server.StorageContainerManager (StorageContainerManager.java:persistPrimarySCMCerts(940)) - Storing root certificate serialId 1
2023-08-10 18:36:17,011 [Time-limited test] INFO  server.SCMCertStore (SCMCertStore.java:storeValidScmCertificate(122)) - Scm certificate 1 for CN=scm-1@fv-az194-926,OU=d23a84dd-098d-4a68-8ea5-67e497b49841,O=3ba24766-2602-44b4-8f30-d114341492c1 is stored
2023-08-10 18:36:17,012 [Time-limited test] INFO  ipc.CallQueueManager (CallQueueManager.java:<init>(90)) - Using callQueue: class java.util.concurrent.LinkedBlockingQueue, queueCapacity: 200, scheduler: class org.apache.hadoop.ipc.DefaultRpcScheduler, ipcBackoff: false.
2023-08-10 18:36:17,012 [Time-limited test] INFO  ipc.Server (Server.java:<init>(1287)) - Listener at 0.0.0.0:9961
2023-08-10 18:36:17,013 [Socket Reader #1 for port 9961] INFO  ipc.Server (Server.java:run(1323)) - Starting Socket Reader #1 for port 9961
2023-08-10 18:36:17,015 [Time-limited test] INFO  server.StorageContainerManager (StorageContainerManager.java:<init>(425)) - SCM start with adminUsers: [scm/fv-az194-926.m3vjxkz4xwiufi3h0wurkpa3rg.cx.internal.cloudapp.net@EXAMPLE.COM, scm]
2023-08-10 18:36:17,016 [Time-limited test] INFO  ipc.CallQueueManager (CallQueueManager.java:<init>(90)) - Using callQueue: class java.util.concurrent.LinkedBlockingQueue, queueCapacity: 10000, scheduler: class org.apache.hadoop.ipc.DefaultRpcScheduler, ipcBackoff: false.
2023-08-10 18:36:17,016 [Time-limited test] INFO  ipc.Server (Server.java:<init>(1287)) - Listener at 0.0.0.0:9861
2023-08-10 18:36:17,018 [Socket Reader #1 for port 9861] INFO  ipc.Server (Server.java:run(1323)) - Starting Socket Reader #1 for port 9861
2023-08-10 18:36:17,023 [Time-limited test] INFO  ipc.CallQueueManager (CallQueueManager.java:<init>(90)) - Using callQueue: class java.util.concurrent.LinkedBlockingQueue, queueCapacity: 10000, scheduler: class org.apache.hadoop.ipc.DefaultRpcScheduler, ipcBackoff: false.
2023-08-10 18:36:17,023 [Time-limited test] INFO  ipc.Server (Server.java:<init>(1287)) - Listener at 0.0.0.0:9863
2023-08-10 18:36:17,023 [Socket Reader #1 for port 9863] INFO  ipc.Server (Server.java:run(1323)) - Starting Socket Reader #1 for port 9863
2023-08-10 18:36:17,025 [Time-limited test] INFO  ipc.CallQueueManager (CallQueueManager.java:<init>(90)) - Using callQueue: class java.util.concurrent.LinkedBlockingQueue, queueCapacity: 10000, scheduler: class org.apache.hadoop.ipc.DefaultRpcScheduler, ipcBackoff: false.
2023-08-10 18:36:17,025 [Time-limited test] INFO  ipc.Server (Server.java:<init>(1287)) - Listener at 0.0.0.0:9860
2023-08-10 18:36:17,026 [Socket Reader #1 for port 9860] INFO  ipc.Server (Server.java:run(1323)) - Starting Socket Reader #1 for port 9860
2023-08-10 18:36:17,031 [Time-limited test] INFO  ha.SCMServiceManager (SCMServiceManager.java:register(42)) - Registering service ContainerBalancer.
2023-08-10 18:36:17,032 [Time-limited test] INFO  server.StorageContainerManager (StorageContainerManager.java:<init>(438)) - 
Container Balancer status:
Key                            Value
Running                        false
Container Balancer Configuration values:
Key                                                Value
Threshold                                          10
Max Datanodes to Involve per Iteration(percent)    20
Max Size to Move per Iteration                     500GB
Max Size Entering Target per Iteration             26GB
Max Size Leaving Source per Iteration              26GB

2023-08-10 18:36:17,032 [Time-limited test] INFO  ha.SCMContext (SCMContext.java:updateSafeModeStatus(228)) - Update SafeModeStatus from SafeModeStatus{safeModeStatus=true, preCheckPassed=false} to SafeModeStatus{safeModeStatus=true, preCheckPassed=false}.
2023-08-10 18:36:17,032 [Time-limited test] INFO  server.StorageContainerManager (StorageContainerManager.java:start(1483)) - StorageContainerLocationProtocol RPC server is listening at /0.0.0.0:9860
2023-08-10 18:36:17,033 [Time-limited test] WARN  impl.MetricsConfig (MetricsConfig.java:loadFirst(136)) - Cannot locate configuration: tried hadoop-metrics2-storagecontainermanager.properties,hadoop-metrics2.properties
2023-08-10 18:36:17,035 [Time-limited test] INFO  impl.MetricsSystemImpl (MetricsSystemImpl.java:startTimer(378)) - Scheduled Metric snapshot period at 10 second(s).
2023-08-10 18:36:17,035 [Time-limited test] INFO  impl.MetricsSystemImpl (MetricsSystemImpl.java:start(191)) - StorageContainerManager metrics system started
2023-08-10 18:36:17,042 [Time-limited test] INFO  impl.MetricsSinkAdapter (MetricsSinkAdapter.java:start(204)) - Sink prometheus started
2023-08-10 18:36:17,042 [Time-limited test] INFO  impl.MetricsSystemImpl (MetricsSystemImpl.java:registerSink(305)) - Registered sink prometheus
2023-08-10 18:36:17,062 [Time-limited test] INFO  server.SCMClientProtocolServer (SCMClientProtocolServer.java:start(201)) - RPC server for Client  is listening at /0.0.0.0:9860
2023-08-10 18:36:17,062 [IPC Server Responder] INFO  ipc.Server (Server.java:run(1562)) - IPC Server Responder: starting
2023-08-10 18:36:17,064 [IPC Server listener on 9860] INFO  ipc.Server (Server.java:run(1402)) - IPC Server listener on 9860: starting
2023-08-10 18:36:17,079 [Time-limited test] INFO  server.StorageContainerManager (StorageContainerManager.java:start(1496)) - ScmBlockLocationProtocol RPC server is listening at /0.0.0.0:9863
2023-08-10 18:36:17,079 [Time-limited test] INFO  server.SCMBlockProtocolServer (SCMBlockProtocolServer.java:start(152)) - RPC server for Block Protocol is listening at /0.0.0.0:9863
2023-08-10 18:36:17,080 [IPC Server Responder] INFO  ipc.Server (Server.java:run(1562)) - IPC Server Responder: starting
2023-08-10 18:36:17,080 [IPC Server listener on 9863] INFO  ipc.Server (Server.java:run(1402)) - IPC Server listener on 9863: starting
2023-08-10 18:36:17,093 [Time-limited test] INFO  server.SCMDatanodeProtocolServer (SCMDatanodeProtocolServer.java:start(193)) - ScmDatanodeProtocol RPC server for DataNodes is listening at /0.0.0.0:9861
2023-08-10 18:36:17,095 [IPC Server Responder] INFO  ipc.Server (Server.java:run(1562)) - IPC Server Responder: starting
2023-08-10 18:36:17,095 [IPC Server listener on 9861] INFO  ipc.Server (Server.java:run(1402)) - IPC Server listener on 9861: starting
2023-08-10 18:36:17,106 [Time-limited test] INFO  server.SCMSecurityProtocolServer (SCMSecurityProtocolServer.java:start(542)) - Starting RPC server for SCMSecurityProtocolServer. is listening at /0.0.0.0:9961
2023-08-10 18:36:17,106 [IPC Server Responder] INFO  ipc.Server (Server.java:run(1562)) - IPC Server Responder: starting
2023-08-10 18:36:17,106 [IPC Server listener on 9961] INFO  ipc.Server (Server.java:run(1402)) - IPC Server listener on 9961: starting
2023-08-10 18:36:17,110 [Time-limited test] INFO  server.SCMUpdateServiceGrpcServer (SCMUpdateServiceGrpcServer.java:start(58)) - SCMUpdateService starting
2023-08-10 18:36:17,123 [JvmPauseMonitor1] INFO  util.JvmPauseMonitor (JvmPauseMonitor.java:run(103)) - JvmPauseMonitor-d23a84dd-098d-4a68-8ea5-67e497b49841: Started
2023-08-10 18:36:17,123 [Time-limited test] INFO  http.BaseHttpServer (BaseHttpServer.java:newHttpServer2BuilderForOzone(224)) - Starting Web-server for scm at: http://0.0.0.0:9876
2023-08-10 18:36:17,123 [Time-limited test] INFO  http.BaseHttpServer (BaseHttpServer.java:<init>(111)) - Hadoop Security Enabled: true Ozone Security Enabled: true Ozone HTTP Security Enabled: false 
2023-08-10 18:36:17,125 [Time-limited test] WARN  server.AuthenticationFilter (AuthenticationFilter.java:constructSecretProvider(240)) - Unable to initialize FileSignerSecretProvider, falling back to use random secrets. Reason: Could not read signature secret file: /home/runner/hadoop-http-auth-signature-secret
2023-08-10 18:36:17,128 [Time-limited test] INFO  http.HttpRequestLog (HttpRequestLog.java:getRequestLog(86)) - Http request log for http.requests.scm is not defined
2023-08-10 18:36:17,130 [Time-limited test] INFO  http.HttpServer2 (HttpServer2.java:addGlobalFilter(1031)) - Added global filter 'safety' (class=org.apache.hadoop.hdds.server.http.HttpServer2$QuotingInputFilter)
2023-08-10 18:36:17,131 [Time-limited test] INFO  http.HttpServer2 (HttpServer2.java:addFilter(1007)) - Added filter static_user_filter (class=org.apache.hadoop.http.lib.StaticUserWebFilter$StaticUserFilter) to context scm
2023-08-10 18:36:17,131 [Time-limited test] INFO  http.HttpServer2 (HttpServer2.java:addFilter(1015)) - Added filter static_user_filter (class=org.apache.hadoop.http.lib.StaticUserWebFilter$StaticUserFilter) to context logs
2023-08-10 18:36:17,131 [Time-limited test] INFO  http.HttpServer2 (HttpServer2.java:addFilter(1015)) - Added filter static_user_filter (class=org.apache.hadoop.http.lib.StaticUserWebFilter$StaticUserFilter) to context static
2023-08-10 18:36:17,134 [Time-limited test] INFO  http.BaseHttpServer (BaseHttpServer.java:<init>(190)) - HTTP server of scm uses base directory /tmp/junit854044890428382718/junit8696282383532216612/scm-meta/webserver
2023-08-10 18:36:17,134 [Time-limited test] INFO  http.HttpServer2 (HttpServer2.java:bindListener(1250)) - Jetty bound to port 9876
2023-08-10 18:36:17,134 [Time-limited test] INFO  server.Server (Server.java:doStart(375)) - jetty-9.4.51.v20230217; built: 2023-02-17T08:19:37.309Z; git: b45c405e4544384de066f814ed42ae3dceacdd49; jvm 1.8.0_382-b05
2023-08-10 18:36:17,136 [Time-limited test] INFO  server.session (DefaultSessionIdManager.java:doStart(334)) - DefaultSessionIdManager workerName=node0
2023-08-10 18:36:17,136 [Time-limited test] INFO  server.session (DefaultSessionIdManager.java:doStart(339)) - No SessionScavenger set, using defaults
2023-08-10 18:36:17,136 [Time-limited test] INFO  server.session (HouseKeeper.java:startScavenging(132)) - node0 Scavenging every 660000ms
2023-08-10 18:36:17,138 [Time-limited test] INFO  handler.ContextHandler (ContextHandler.java:doStart(921)) - Started o.e.j.s.ServletContextHandler@11add6bc{logs,/logs,file:///home/runner/work/ozone/ozone/hadoop-ozone/integration-test/target/log,AVAILABLE}
2023-08-10 18:36:17,138 [Time-limited test] INFO  handler.ContextHandler (ContextHandler.java:doStart(921)) - Started o.e.j.s.ServletContextHandler@525c925f{static,/static,file:///home/runner/work/ozone/ozone/hadoop-ozone/integration-test/target/test-classes/webapps/static,AVAILABLE}
2023-08-10 18:36:17,144 [Time-limited test] INFO  handler.ContextHandler (ContextHandler.java:doStart(921)) - Started o.e.j.w.WebAppContext@164d512b{scm,/,file:///home/runner/work/ozone/ozone/hadoop-ozone/integration-test/target/test-classes/webapps/scm/,AVAILABLE}{file:/home/runner/work/ozone/ozone/hadoop-ozone/integration-test/target/test-classes/webapps/scm}
2023-08-10 18:36:17,146 [Time-limited test] INFO  server.AbstractConnector (AbstractConnector.java:doStart(333)) - Started ServerConnector@9c1eb8d{HTTP/1.1, (http/1.1)}{0.0.0.0:9876}
2023-08-10 18:36:17,148 [Time-limited test] INFO  server.Server (Server.java:doStart(415)) - Started @10102ms
2023-08-10 18:36:17,148 [Time-limited test] WARN  impl.MetricsSystemImpl (MetricsSystemImpl.java:register(279)) - Sink prometheus already exists!
2023-08-10 18:36:17,149 [Time-limited test] INFO  http.BaseHttpServer (BaseHttpServer.java:updateConnectorAddress(344)) - HTTP server of scm listening at http://0.0.0.0:9876
2023-08-10 18:36:17,152 [Time-limited test] WARN  server.ServerUtils (ServerUtils.java:getDBPath(311)) - ozone.om.db.dirs is not configured. We recommend adding this setting. Falling back to ozone.metadata.dirs instead.
2023-08-10 18:36:17,165 [pool-40-thread-2] INFO  request.TgsRequest (TgsRequest.java:issueTicket(115)) - TGS_REQ ISSUE: authtime 1691692577165,scm/fv-az194-926.m3vjxkz4xwiufi3h0wurkpa3rg.cx.internal.cloudapp.net for scm/fv-az194-926.m3vjxkz4xwiufi3h0wurkpa3rg.cx.internal.cloudapp.net@EXAMPLE.COM
2023-08-10 18:36:17,180 [Socket Reader #1 for port 9961] INFO  ipc.Server (Server.java:saslProcess(2139)) - Auth successful for scm/fv-az194-926.m3vjxkz4xwiufi3h0wurkpa3rg.cx.internal.cloudapp.net@EXAMPLE.COM (auth:KERBEROS) from fv-az194-926.m3vjxkz4xwiufi3h0wurkpa3rg.cx.internal.cloudapp.net:39117 / 10.1.0.69:39117
2023-08-10 18:36:17,188 [Time-limited test] INFO  ha.OMHANodeDetails (OMHANodeDetails.java:loadOMHAConfig(115)) - ozone.om.internal.service.id is not defined, falling back to ozone.om.service.ids to find serviceID for OzoneManager if it is HA enabled cluster
2023-08-10 18:36:17,188 [Time-limited test] INFO  ha.OMHANodeDetails (OMHANodeDetails.java:loadOMHAConfig(226)) - Configuration does not have ozone.om.address set. Falling back to the default OM address fv-az194-926.m3vjxkz4xwiufi3h0wurkpa3rg.cx.internal.cloudapp.net/10.1.0.69:1202
2023-08-10 18:36:17,189 [Time-limited test] INFO  ha.OMHANodeDetails (OMHANodeDetails.java:getOMNodeDetailsForNonHA(254)) - OM Service ID is not set. Setting it to the default ID: omServiceIdDefault
2023-08-10 18:36:17,189 [Time-limited test] INFO  ha.OMHANodeDetails (OMHANodeDetails.java:getOMNodeDetailsForNonHA(261)) - OM Node ID is not set. Setting it to the default ID: om1
2023-08-10 18:36:17,190 [IPC Server handler 1 on default port 9961] INFO  client.SCMCertificateClient (DefaultCertificateClient.java:getAllRootCaCerts(901)) - scm/sub-ca has 0 Root CA certificates
2023-08-10 18:36:17,190 [IPC Server handler 1 on default port 9961] INFO  client.SCMCertificateClient (DefaultCertificateClient.java:getAllCaCerts(909)) - scm/sub-ca has 1 CA certificates
2023-08-10 18:36:17,192 [scm/sub-ca-refreshCACertificates] INFO  client.SCMCertificateClient (DefaultCertificateClient.java:getAllRootCaCerts(901)) - scm/sub-ca has 0 Root CA certificates
2023-08-10 18:36:17,192 [scm/sub-ca-refreshCACertificates] INFO  client.SCMCertificateClient (DefaultCertificateClient.java:getAllCaCerts(909)) - scm/sub-ca has 1 CA certificates
2023-08-10 18:36:17,192 [scm/sub-ca-refreshCACertificates] INFO  client.SCMCertificateClient (SCMCertificateClient.java:run(277)) - CA certificates are not changed.
2023-08-10 18:36:17,199 [Time-limited test] WARN  server.ServerUtils (ServerUtils.java:getDBPath(311)) - ozone.om.db.dirs is not configured. We recommend adding this setting. Falling back to ozone.metadata.dirs instead.
2023-08-10 18:36:17,204 [Time-limited test] INFO  upgrade.AbstractLayoutVersionManager (AbstractLayoutVersionManager.java:init(83)) - Initializing Layout version manager with metadata layout = QUOTA (version = 6), software layout = QUOTA (version = 6)
2023-08-10 18:36:17,334 [Time-limited test] INFO  reflections.Reflections (Reflections.java:scan(232)) - Reflections took 128 ms to scan 2 urls, producing 188 keys and 512 values [using 2 cores]
2023-08-10 18:36:17,339 [Time-limited test] INFO  upgrade.OMLayoutVersionManager (OMLayoutVersionManager.java:lambda$0(115)) - Skipping Upgrade Action MockOmUpgradeAction since it has been finalized.
2023-08-10 18:36:17,339 [Time-limited test] INFO  upgrade.OMLayoutVersionManager (OMLayoutVersionManager.java:lambda$0(115)) - Skipping Upgrade Action QuotaRepairUpgradeAction since it has been finalized.
2023-08-10 18:36:17,341 [Time-limited test] WARN  server.ServerUtils (ServerUtils.java:getDBPath(311)) - ozone.om.db.dirs is not configured. We recommend adding this setting. Falling back to ozone.metadata.dirs instead.
2023-08-10 18:36:17,611 [Time-limited test] INFO  proxy.SCMBlockLocationFailoverProxyProvider (SCMBlockLocationFailoverProxyProvider.java:<init>(114)) - Created block location fail-over proxy with 1 nodes: [nodeId=scmNodeId,nodeAddress=/0.0.0.0:9863]
2023-08-10 18:36:17,670 [Time-limited test] INFO  om.OzoneManager (OzoneManager.java:<init>(662)) - OM start with adminUsers: [scm/fv-az194-926.m3vjxkz4xwiufi3h0wurkpa3rg.cx.internal.cloudapp.net@EXAMPLE.COM, scm]
2023-08-10 18:36:17,692 [Time-limited test] WARN  server.ServerUtils (ServerUtils.java:getDBPath(311)) - ozone.om.db.dirs is not configured. We recommend adding this setting. Falling back to ozone.metadata.dirs instead.
2023-08-10 18:36:17,715 [Time-limited test] INFO  helpers.OmKeyInfo (OmKeyInfo.java:getCodec(71)) - OmKeyInfo.getCodec ignorePipeline = true
2023-08-10 18:36:17,959 [Time-limited test] INFO  om.OzoneManager (OzoneManager.java:instantiateServices(791)) - S3 Multi-Tenancy is disabled
2023-08-10 18:36:17,969 [Time-limited test] INFO  security.OzoneSecretStore (OzoneSecretStore.java:loadState(69)) - Loaded 0 tokens
2023-08-10 18:36:17,969 [Time-limited test] INFO  security.OzoneDelegationTokenSecretManager (OzoneDelegationTokenSecretManager.java:loadTokenSecretState(530)) - Loading token state into token manager.
2023-08-10 18:36:17,992 [Time-limited test] INFO  om.OmSnapshotManager (OmSnapshotManager.java:<init>(175)) - Ozone filesystem snapshot feature is enabled.
2023-08-10 18:36:18,000 [Time-limited test] WARN  server.ServerUtils (ServerUtils.java:getDBPath(311)) - ozone.om.snapshot.diff.db.dir is not configured. We recommend adding this setting. Falling back to ozone.metadata.dirs instead.
2023-08-10 18:36:18,035 [Time-limited test] INFO  utils.NativeLibraryLoader (NativeLibraryLoader.java:loadLibrary(105)) - Loading Library: ozone_rocksdb_tools
2023-08-10 18:36:18,036 [Time-limited test] INFO  snapshot.SnapshotDiffManager (SnapshotDiffManager.java:closeExecutorService(1720)) - Shutting down executorService: 'SstDumpToolExecutor'
2023-08-10 18:36:18,088 [Time-limited test] INFO  om.OzoneManager (OzoneManager.java:addS3GVolumeToDB(4287)) - Created Volume s3v With Owner scm required for S3Gateway operations.
2023-08-10 18:36:18,144 [Time-limited test] WARN  server.ServerUtils (ServerUtils.java:getDefaultRatisDirectory(323)) - Storage directory for Ratis is not configured. It is a good idea to map this to an SSD disk. Falling back to ozone.metadata.dirs
2023-08-10 18:36:18,145 [Time-limited test] WARN  utils.OzoneManagerRatisUtils (OzoneManagerRatisUtils.java:getOMRatisSnapshotDirectory(461)) - ozone.om.ratis.snapshot.dir is not configured. Falling back to ozone.metadata.dirs config
2023-08-10 18:36:18,154 [Time-limited test] WARN  server.ServerUtils (ServerUtils.java:getDefaultRatisDirectory(323)) - Storage directory for Ratis is not configured. It is a good idea to map this to an SSD disk. Falling back to ozone.metadata.dirs
2023-08-10 18:36:18,175 [Time-limited test] INFO  ratis.OzoneManagerRatisServer (OzoneManagerRatisServer.java:<init>(163)) - Instantiating OM Ratis server with groupID: omServiceIdDefault and peers: fv-az194-926.m3vjxkz4xwiufi3h0wurkpa3rg.cx.internal.cloudapp.net:9872
2023-08-10 18:36:18,183 [Time-limited test] INFO  ratis.OzoneManagerStateMachine (OzoneManagerStateMachine.java:loadSnapshotInfoFromDB(687)) - LastAppliedIndex is set from TransactionInfo from OM DB as (t:0, i:~)
2023-08-10 18:36:18,233 [Time-limited test] INFO  server.RaftServer (ConfUtils.java:logGet(46)) - raft.rpc.type = GRPC (default)
2023-08-10 18:36:18,240 [Time-limited test] INFO  grpc.GrpcConfigKeys (ConfUtils.java:logFallback(53)) - raft.grpc.admin.host = null (fallback to raft.grpc.server.host)
2023-08-10 18:36:18,241 [Time-limited test] INFO  grpc.GrpcConfigKeys (ConfUtils.java:logFallback(53)) - raft.grpc.admin.port = 9872 (fallback to raft.grpc.server.port)
2023-08-10 18:36:18,241 [Time-limited test] INFO  grpc.GrpcConfigKeys (ConfUtils.java:logFallback(53)) - raft.grpc.client.host = null (fallback to raft.grpc.server.host)
2023-08-10 18:36:18,242 [Time-limited test] INFO  grpc.GrpcConfigKeys (ConfUtils.java:logFallback(53)) - raft.grpc.client.port = 9872 (fallback to raft.grpc.server.port)
2023-08-10 18:36:18,242 [Time-limited test] INFO  grpc.GrpcConfigKeys (ConfUtils.java:logGet(46)) - raft.grpc.server.host = null (default)
2023-08-10 18:36:18,242 [Time-limited test] INFO  grpc.GrpcConfigKeys (ConfUtils.java:logGet(46)) - raft.grpc.server.port = 9872 (custom)
2023-08-10 18:36:18,242 [Time-limited test] INFO  server.GrpcService (ConfUtils.java:logGet(46)) - raft.grpc.message.size.max = 33554432 (custom)
2023-08-10 18:36:18,243 [Time-limited test] INFO  server.RaftServerConfigKeys (ConfUtils.java:logGet(46)) - raft.server.log.appender.buffer.byte-limit = 33554432 (custom)
2023-08-10 18:36:18,244 [Time-limited test] INFO  server.GrpcService (ConfUtils.java:logGet(46)) - raft.grpc.flow.control.window = 1MB (=1048576) (default)
2023-08-10 18:36:18,244 [Time-limited test] INFO  server.RaftServerConfigKeys (ConfUtils.java:logGet(46)) - raft.server.rpc.request.timeout = 3000ms (default)
2023-08-10 18:36:18,252 [Time-limited test] INFO  grpc.GrpcConfigKeys (ConfUtils.java:logGet(46)) - raft.grpc.server.heartbeat.channel = true (default)
2023-08-10 18:36:18,255 [Time-limited test] INFO  grpc.GrpcConfigKeys (ConfUtils.java:logGet(46)) - raft.grpc.server.async.request.thread.pool.cached = true (default)
2023-08-10 18:36:18,255 [Time-limited test] INFO  grpc.GrpcConfigKeys (ConfUtils.java:logGet(46)) - raft.grpc.server.async.request.thread.pool.size = 32 (default)
2023-08-10 18:36:18,296 [Time-limited test] INFO  impl.DataStreamServerImpl (ConfUtils.java:logGet(46)) - raft.datastream.type = DISABLED (default)
2023-08-10 18:36:18,298 [Time-limited test] INFO  server.RaftServerConfigKeys (ConfUtils.java:logGet(46)) - raft.server.threadpool.proxy.cached = true (default)
2023-08-10 18:36:18,298 [Time-limited test] INFO  server.RaftServerConfigKeys (ConfUtils.java:logGet(46)) - raft.server.threadpool.proxy.size = 0 (default)
2023-08-10 18:36:18,298 [Time-limited test] INFO  server.RaftServerConfigKeys (ConfUtils.java:logGet(46)) - raft.server.rpc.slowness.timeout = 120s (custom)
2023-08-10 18:36:18,298 [Time-limited test] INFO  server.RaftServerConfigKeys (ConfUtils.java:logGet(46)) - raft.server.leaderelection.leader.step-down.wait-time = 10s (default)
2023-08-10 18:36:18,300 [Time-limited test] INFO  server.RaftServerConfigKeys (ConfUtils.java:logGet(46)) - raft.server.storage.dir = [/tmp/junit854044890428382718/junit8696282383532216612/scm-meta/ratis] (custom)
2023-08-10 18:36:18,306 [Time-limited test] INFO  server.RaftServer (RaftServerProxy.java:addNew(98)) - om1: addNew group-C5BA1605619E:[om1|rpc:fv-az194-926.m3vjxkz4xwiufi3h0wurkpa3rg.cx.internal.cloudapp.net:9872|priority:0|startupRole:FOLLOWER] returns group-C5BA1605619E:java.util.concurrent.CompletableFuture@63e8a281[Not completed]
2023-08-10 18:36:18,306 [Time-limited test] INFO  om.OzoneManager (OzoneManager.java:initializeRatisServer(2128)) - OzoneManager Ratis server initialized at port 9872
2023-08-10 18:36:18,309 [Time-limited test] INFO  om.OzoneManager (OzoneManager.java:getRpcServer(1193)) - Creating RPC Server
2023-08-10 18:36:18,340 [om1-groupManagement] INFO  server.RaftServer$Division (RaftServerImpl.java:<init>(198)) - om1: new RaftServerImpl for group-C5BA1605619E:[om1|rpc:fv-az194-926.m3vjxkz4xwiufi3h0wurkpa3rg.cx.internal.cloudapp.net:9872|priority:0|startupRole:FOLLOWER] with OzoneManagerStateMachine:uninitialized
2023-08-10 18:36:18,342 [om1-groupManagement] INFO  server.RaftServerConfigKeys (ConfUtils.java:logGet(46)) - raft.server.rpc.timeout.min = 5s (custom)
2023-08-10 18:36:18,344 [om1-groupManagement] INFO  server.RaftServerConfigKeys (ConfUtils.java:logGet(46)) - raft.server.rpc.timeout.max = 5200ms (custom)
2023-08-10 18:36:18,344 [om1-groupManagement] INFO  server.RaftServerConfigKeys (ConfUtils.java:logGet(46)) - raft.server.rpc.sleep.time = 25ms (default)
2023-08-10 18:36:18,344 [om1-groupManagement] INFO  server.RaftServerConfigKeys (ConfUtils.java:logGet(46)) - raft.server.rpc.slowness.timeout = 120s (custom)
2023-08-10 18:36:18,344 [om1-groupManagement] INFO  server.RaftServerConfigKeys (ConfUtils.java:logGet(46)) - raft.server.leaderelection.leader.step-down.wait-time = 10s (default)
2023-08-10 18:36:18,344 [om1-groupManagement] INFO  server.RaftServerConfigKeys (ConfUtils.java:logGet(46)) - raft.server.sleep.deviation.threshold = 300ms (default)
2023-08-10 18:36:18,351 [om1-groupManagement] INFO  server.RaftServer$Division (ServerState.java:<init>(120)) - om1@group-C5BA1605619E: ConfigurationManager, init=-1: peers:[om1|rpc:fv-az194-926.m3vjxkz4xwiufi3h0wurkpa3rg.cx.internal.cloudapp.net:9872|priority:0|startupRole:FOLLOWER]|listeners:[], old=null, confs=<EMPTY_MAP>
2023-08-10 18:36:18,351 [om1-groupManagement] INFO  server.RaftServerConfigKeys (ConfUtils.java:logGet(46)) - raft.server.storage.dir = [/tmp/junit854044890428382718/junit8696282383532216612/scm-meta/ratis] (custom)
2023-08-10 18:36:18,363 [om1-groupManagement] INFO  server.RaftServerConfigKeys (ConfUtils.java:logGet(46)) - raft.server.log.corruption.policy = EXCEPTION (default)
2023-08-10 18:36:18,363 [om1-groupManagement] INFO  server.RaftServerConfigKeys (ConfUtils.java:logGet(46)) - raft.server.storage.free-space.min = 0MB (=0) (default)
2023-08-10 18:36:18,369 [om1-groupManagement] INFO  server.RaftServerConfigKeys (ConfUtils.java:logGet(46)) - raft.server.notification.no-leader.timeout = 120s (custom)
2023-08-10 18:36:18,372 [om1-groupManagement] INFO  server.RaftServerConfigKeys (ConfUtils.java:logGet(46)) - raft.server.read.timeout = 10s (default)
2023-08-10 18:36:18,391 [om1-groupManagement] INFO  server.RaftServerConfigKeys (ConfUtils.java:logGet(46)) - raft.server.retrycache.expirytime = 300s (custom)
2023-08-10 18:36:18,391 [om1-groupManagement] INFO  server.RaftServerConfigKeys (ConfUtils.java:logGet(46)) - raft.server.retrycache.statistics.expirytime = 100μs (default)
2023-08-10 18:36:18,459 [om1-groupManagement] INFO  server.RaftServerConfigKeys (ConfUtils.java:logGet(46)) - raft.server.read.option = DEFAULT (default)
2023-08-10 18:36:18,507 [om1-groupManagement] INFO  server.RaftServerConfigKeys (ConfUtils.java:logGet(46)) - raft.server.rpc.request.timeout = 3000ms (default)
2023-08-10 18:36:18,514 [om1-groupManagement] INFO  server.RaftServerConfigKeys (ConfUtils.java:logGet(46)) - raft.server.log.appender.install.snapshot.enabled = false (custom)
2023-08-10 18:36:18,516 [om1-groupManagement] INFO  server.RaftServerConfigKeys (ConfUtils.java:logGet(46)) - raft.server.threadpool.server.cached = true (default)
2023-08-10 18:36:18,516 [om1-groupManagement] INFO  server.RaftServerConfigKeys (ConfUtils.java:logGet(46)) - raft.server.threadpool.server.size = 0 (default)
2023-08-10 18:36:18,517 [om1-groupManagement] INFO  server.RaftServerConfigKeys (ConfUtils.java:logGet(46)) - raft.server.threadpool.client.cached = true (default)
2023-08-10 18:36:18,518 [om1-groupManagement] INFO  server.RaftServerConfigKeys (ConfUtils.java:logGet(46)) - raft.server.threadpool.client.size = 0 (default)
2023-08-10 18:36:18,992 [Time-limited test] INFO  reflections.Reflections (Reflections.java:scan(232)) - Reflections took 619 ms to scan 19 urls, producing 70 keys and 5612 values [using 2 cores]
2023-08-10 18:36:19,148 [Time-limited test] INFO  ipc.CallQueueManager (CallQueueManager.java:<init>(90)) - Using callQueue: class java.util.concurrent.LinkedBlockingQueue, queueCapacity: 10000, scheduler: class org.apache.hadoop.ipc.DefaultRpcScheduler, ipcBackoff: false.
2023-08-10 18:36:19,148 [Time-limited test] INFO  ipc.Server (Server.java:<init>(1287)) - Listener at fv-az194-926.m3vjxkz4xwiufi3h0wurkpa3rg.cx.internal.cloudapp.net:1202
2023-08-10 18:36:19,149 [Socket Reader #1 for port 1202] INFO  ipc.Server (Server.java:run(1323)) - Starting Socket Reader #1 for port 1202
2023-08-10 18:36:19,171 [Time-limited test] INFO  ha.OMHANodeDetails (OMHANodeDetails.java:loadOMHAConfig(115)) - ozone.om.internal.service.id is not defined, falling back to ozone.om.service.ids to find serviceID for OzoneManager if it is HA enabled cluster
2023-08-10 18:36:19,171 [Time-limited test] INFO  ha.OMHANodeDetails (OMHANodeDetails.java:loadOMHAConfig(226)) - Configuration does not have ozone.om.address set. Falling back to the default OM address fv-az194-926.m3vjxkz4xwiufi3h0wurkpa3rg.cx.internal.cloudapp.net/10.1.0.69:1202
2023-08-10 18:36:19,171 [Time-limited test] INFO  ha.OMHANodeDetails (OMHANodeDetails.java:getOMNodeDetailsForNonHA(254)) - OM Service ID is not set. Setting it to the default ID: omServiceIdDefault
2023-08-10 18:36:19,171 [Time-limited test] INFO  ha.OMHANodeDetails (OMHANodeDetails.java:getOMNodeDetailsForNonHA(261)) - OM Node ID is not set. Setting it to the default ID: om1
2023-08-10 18:36:19,173 [pool-40-thread-2] INFO  request.KdcRequest (KdcRequest.java:preauth(651)) - The preauth data is empty.
2023-08-10 18:36:19,173 [pool-40-thread-2] INFO  server.KdcHandler (KdcHandler.java:handleRecoverableException(177)) - KRB error occurred while processing request:Additional pre-authentication required
2023-08-10 18:36:19,181 [pool-40-thread-2] INFO  request.AsRequest (AsRequest.java:issueTicket(112)) - AS_REQ ISSUE: authtime 1691692579181,scm/fv-az194-926.m3vjxkz4xwiufi3h0wurkpa3rg.cx.internal.cloudapp.net@EXAMPLE.COM for krbtgt/EXAMPLE.COM@EXAMPLE.COM
2023-08-10 18:36:19,183 [Time-limited test] INFO  security.UserGroupInformation (UserGroupInformation.java:loginUserFromKeytab(1132)) - Login successful for user scm/fv-az194-926.m3vjxkz4xwiufi3h0wurkpa3rg.cx.internal.cloudapp.net@EXAMPLE.COM using keytab file scm.keytab. Keytab auto renewal enabled : false
2023-08-10 18:36:19,183 [Time-limited test] INFO  om.OzoneManager (OzoneManager.java:loginOMUser(1161)) - Ozone Manager login successful.
2023-08-10 18:36:19,183 [Time-limited test] WARN  server.ServerUtils (ServerUtils.java:getDBPath(311)) - ozone.om.db.dirs is not configured. We recommend adding this setting. Falling back to ozone.metadata.dirs instead.
2023-08-10 18:36:19,184 [Time-limited test] INFO  proxy.SCMBlockLocationFailoverProxyProvider (SCMBlockLocationFailoverProxyProvider.java:<init>(114)) - Created block location fail-over proxy with 1 nodes: [nodeId=scmNodeId,nodeAddress=/0.0.0.0:9863]
2023-08-10 18:36:19,201 [pool-40-thread-2] INFO  request.TgsRequest (TgsRequest.java:issueTicket(115)) - TGS_REQ ISSUE: authtime 1691692579200,scm/fv-az194-926.m3vjxkz4xwiufi3h0wurkpa3rg.cx.internal.cloudapp.net for scm/fv-az194-926.m3vjxkz4xwiufi3h0wurkpa3rg.cx.internal.cloudapp.net@EXAMPLE.COM
2023-08-10 18:36:19,209 [Socket Reader #1 for port 9863] INFO  ipc.Server (Server.java:saslProcess(2139)) - Auth successful for scm/fv-az194-926.m3vjxkz4xwiufi3h0wurkpa3rg.cx.internal.cloudapp.net@EXAMPLE.COM (auth:KERBEROS) from fv-az194-926.m3vjxkz4xwiufi3h0wurkpa3rg.cx.internal.cloudapp.net:44145 / 10.1.0.69:44145
OM already initialized.Reusing existing cluster id for sd=/tmp/junit854044890428382718/junit8696282383532216612/scm-meta/om;cid=3ba24766-2602-44b4-8f30-d114341492c1;layoutVersion=6
2023-08-10 18:36:19,239 [Time-limited test] INFO  om.OzoneManager (OzoneManager.java:omInit(1369)) - OM storage initialized. Initializing security
2023-08-10 18:36:19,240 [Time-limited test] INFO  om.OzoneManager (OzoneManager.java:initializeSecurity(1382)) - Initializing secure OzoneManager.
2023-08-10 18:36:19,240 [Time-limited test] INFO  om.OzoneManager (OzoneManager.java:getOmDetailsProto(4555)) - OzoneManager ports added:[name: "RPC"
value: 1202
]
2023-08-10 18:36:19,241 [Time-limited test] INFO  security.OMCertificateClient (DefaultCertificateClient.java:updateCertSerialId(1244)) - Certificate serial ID set to null
2023-08-10 18:36:19,241 [Time-limited test] ERROR security.OMCertificateClient (DefaultCertificateClient.java:getCertPath(362)) - Default certificate serial id is not set. Can't locate the default certificate for this client.
2023-08-10 18:36:19,241 [Time-limited test] INFO  security.OMCertificateClient (DefaultCertificateClient.java:init(715)) - Certificate client init case: 0
2023-08-10 18:36:19,242 [Time-limited test] INFO  security.OMCertificateClient (CommonCertificateClient.java:handleCase(73)) - Creating keypair for client as keypair and certificate not found.
2023-08-10 18:36:19,690 [Time-limited test] INFO  om.OzoneManager (OzoneManager.java:initializeSecurity(1395)) - Init response: GETCERT
2023-08-10 18:36:19,690 [Time-limited test] INFO  ozone.OzoneSecurityUtil (OzoneSecurityUtil.java:getValidInetsForCurrentHost(119)) - ip:fe80:0:0:0:20d:3aff:fee2:9454%eth0 not returned.
2023-08-10 18:36:19,690 [Time-limited test] INFO  ozone.OzoneSecurityUtil (OzoneSecurityUtil.java:getValidInetsForCurrentHost(116)) - Adding ip:10.1.0.69,host:fv-az194-926.m3vjxkz4xwiufi3h0wurkpa3rg.cx.internal.cloudapp.net
2023-08-10 18:36:19,691 [Time-limited test] INFO  ozone.OzoneSecurityUtil (OzoneSecurityUtil.java:getValidInetsForCurrentHost(119)) - ip:0:0:0:0:0:0:0:1%lo not returned.
2023-08-10 18:36:19,691 [Time-limited test] INFO  ozone.OzoneSecurityUtil (OzoneSecurityUtil.java:getValidInetsForCurrentHost(119)) - ip:127.0.0.1 not returned.
2023-08-10 18:36:19,691 [Time-limited test] INFO  security.OMCertificateClient (OMCertificateClient.java:getCSRBuilder(114)) - Creating csr for OM->dns:fv-az194-926.m3vjxkz4xwiufi3h0wurkpa3rg.cx.internal.cloudapp.net,ip:10.1.0.69,scmId:d23a84dd-098d-4a68-8ea5-67e497b49841,clusterId:3ba24766-2602-44b4-8f30-d114341492c1,subject:scm@fv-az194-926.m3vjxkz4xwiufi3h0wurkpa3rg.cx.internal.cloudapp.net
2023-08-10 18:36:19,704 [Socket Reader #1 for port 9961] INFO  ipc.Server (Server.java:saslProcess(2139)) - Auth successful for scm/fv-az194-926.m3vjxkz4xwiufi3h0wurkpa3rg.cx.internal.cloudapp.net@EXAMPLE.COM (auth:KERBEROS) from fv-az194-926.m3vjxkz4xwiufi3h0wurkpa3rg.cx.internal.cloudapp.net:45267 / 10.1.0.69:45267
2023-08-10 18:36:19,713 [IPC Server handler 0 on default port 9961] INFO  server.SCMSecurityProtocolServer (SCMSecurityProtocolServer.java:getOMCertificate(284)) - Processing CSR for om fv-az194-926.m3vjxkz4xwiufi3h0wurkpa3rg.cx.internal.cloudapp.net, UUID: 3f8dc1d3-f3b0-4e23-8a18-b665dffb309b
2023-08-10 18:36:19,717 [IPC Server handler 0 on default port 9961] INFO  authority.DefaultApprover (DefaultApprover.java:sign(154)) - Extensions in CSR: 2.5.29.15, 2.5.29.17
2023-08-10 18:36:19,717 [IPC Server handler 0 on default port 9961] INFO  authority.DefaultApprover (DefaultApprover.java:sign(158)) - Extensions to add to the certificate if they present in CSR: 2.5.29.17, 2.5.29.19, 1.3.6.1.5.5.7.1.12, 2.5.29.35, 2.5.29.37, 2.5.29.15
2023-08-10 18:36:19,727 [Time-limited test] INFO  utils.CertificateCodec (CertificateCodec.java:writeCertificate(299)) - Save certificate to /tmp/junit854044890428382718/junit8696282383532216612/scm-meta/om/certs/1539791154308.crt
2023-08-10 18:36:19,727 [Time-limited test] INFO  utils.CertificateCodec (CertificateCodec.java:writeCertificate(300)) - Certificate -----BEGIN CERTIFICATE-----
MIIEHzCCAwegAwIBAgIGAWaCtGyEMA0GCSqGSIb3DQEBCwUAMIGLMSswKQYDVQQD
DCJzY20tc3ViLTE1MzY5MjY2NDc4MzRAZnYtYXoxOTQtOTI2MS0wKwYDVQQLDCRk
MjNhODRkZC0wOThkLTRhNjgtOGVhNS02N2U0OTdiNDk4NDExLTArBgNVBAoMJDNi
YTI0NzY2LTI2MDItNDRiNC04ZjMwLWQxMTQzNDE0OTJjMTAeFw0yMzA4MTAxODM2
MTlaFw0yNDA4MDkxODM2MTlaMIGtMU0wSwYDVQQDDERzY21AZnYtYXoxOTQtOTI2
Lm0zdmp4a3o0eHdpdWZpM2gwd3Vya3BhM3JnLmN4LmludGVybmFsLmNsb3VkYXBw
Lm5ldDEtMCsGA1UECwwkZDIzYTg0ZGQtMDk4ZC00YTY4LThlYTUtNjdlNDk3YjQ5
ODQxMS0wKwYDVQQKDCQzYmEyNDc2Ni0yNjAyLTQ0YjQtOGYzMC1kMTE0MzQxNDky
YzEwggEiMA0GCSqGSIb3DQEBAQUAA4IBDwAwggEKAoIBAQC29mlCahPW3QCsayXV
i81usFnFOxRJ9FcLtM5Sus/UuaXEvGQxpv/nUimQZSVXgIP2Bz3Xs6SKPIN0tKRq
ngn/bNxm31EmfFFIZJMtS62wOulAwSrMxpmDeUOFUlZmUDMZ3phPzfP9bW004JNV
bWUVHV+My55D3lY4UO3+nE+L7yJtTstK9ZFuhq3f1sZqQtFjl+3SQpSrJ6FQNZvA
Eg5RmuP3lyz5wMG7gc6mC2gM2vPvcDKiCgzeDBaH/gE/AdWqX24BnqqPCgG/eSPY
xsxKG7FWimkAxYVc130H2ygOOxmWY9HVUZVo0yOpnAEQZWMk+CF1eQw3WIqhdSuk
94PJAgMBAAGjZTBjMFEGA1UdEQRKMEiHBAoBAEWCQGZ2LWF6MTk0LTkyNi5tM3Zq
eGt6NHh3aXVmaTNoMHd1cmtwYTNyZy5jeC5pbnRlcm5hbC5jbG91ZGFwcC5uZXQw
DgYDVR0PAQH/BAQDAgO4MA0GCSqGSIb3DQEBCwUAA4IBAQAJZwbzZ3yln19QUlEC
tPbo/1P9ruk3d/+w6zm5lOZzGfFHuOo2xkGjHMbp53MYx2xgJnI1oMYQqw2K92/H
fpiy2k1zjhZIs1SFHnHz8DtxbNaZ1ixizb3jet8SfcmjyLi/95rJr7ZlsA2uRqBK
efA3P4B4DDm7TzbchpUUZJu/xCLhHdUGhDHiLPBsnA21+9cXkSmFQN5d0nUIn6Sc
NJaru1BxRwzgWSI6zYEpYhQBMlbG0B7oN/7xUQOFlmUf45yJPB1oT2VsCvbM9jEk
VV1eth2Tn88/P9CJFRgCgZcoNu73vMH1GUjXXTJljMhf4XJpm9E1HC99Xk8sGWUA
sLZW
-----END CERTIFICATE-----

-----BEGIN CERTIFICATE-----
MIID/TCCAuWgAwIBAgIGAWXYORR4MA0GCSqGSIb3DQEBCwUAMHsxGzAZBgNVBAMM
EnNjbS0xQGZ2LWF6MTk0LTkyNjEtMCsGA1UECwwkZDIzYTg0ZGQtMDk4ZC00YTY4
LThlYTUtNjdlNDk3YjQ5ODQxMS0wKwYDVQQKDCQzYmEyNDc2Ni0yNjAyLTQ0YjQt
OGYzMC1kMTE0MzQxNDkyYzEwHhcNMjMwODEwMTgzNjE2WhcNMjgwOTE3MTgzNjE2
WjCBizErMCkGA1UEAwwic2NtLXN1Yi0xNTM2OTI2NjQ3ODM0QGZ2LWF6MTk0LTky
NjEtMCsGA1UECwwkZDIzYTg0ZGQtMDk4ZC00YTY4LThlYTUtNjdlNDk3YjQ5ODQx
MS0wKwYDVQQKDCQzYmEyNDc2Ni0yNjAyLTQ0YjQtOGYzMC1kMTE0MzQxNDkyYzEw
ggEiMA0GCSqGSIb3DQEBAQUAA4IBDwAwggEKAoIBAQCwCYItQZx0FefO/ojKI51+
kpPNu55iweu9J3ox4YiAsqRgeEz23AqbjtpNNKIHS3krTi4wlgUilKJIfDTfRIJs
SXCqJ+lDVCWosMSw9tHt8Xm0V2Vjo6OnMfVWoeAzxmHnO5e686RekIJLeHdFq57e
4rqvDUQ2COkWslPr6hXJbDh1giNJvmGxJUsTb/PjZjiRw5hvvpmcC2CS3VG17NVF
RpnZxJCDOroZ32hiOAw1/m0NPZ5wzNpIVEtlmcRlH/bkun1fPobZJL61Bc7E21fu
jpp0Z6x7WG6MI8b1NDPCs2pUSVX2Xz5ly/WQRvVmOMX2j3PI/1IM6a74ShK1IOet
AgMBAAGjdjB0MFEGA1UdEQRKMEiHBAoBAEWCQGZ2LWF6MTk0LTkyNi5tM3ZqeGt6
NHh3aXVmaTNoMHd1cmtwYTNyZy5jeC5pbnRlcm5hbC5jbG91ZGFwcC5uZXQwDwYD
VR0TAQH/BAUwAwEB/zAOBgNVHQ8BAf8EBAMCAb4wDQYJKoZIhvcNAQELBQADggEB
AGIoQRM1BtHh2D8fvKETewGB+zroEqTZyQtyZfl+3k6yoRYIEAYOnMsXTV6UVMY4
00PIIgR+/JLSZUwrk9imjXfQeZpU/S+KzsnCYteu+WSaGASaHGTr/Kc1l/KZuzJP
9kkON3cbBXKyztXt3/0WDQNeVA3tBha/Xn8a4ZGy4BduqL1GUYduSP2tTKB7VZsT
+AVipfsJlQU+pVl7PdLtJoWXuQL5oIVE6MlVVP2O7HiWYaNuNYgiHAqQusXJh9NQ
/xpiIqO2pcOIGsfyUua2S59n1rgYWMPULzjuFNsAZ/JicD+XrGsc28uzLmI/IFIA
0EogalFn8ZCVvJr1MmNTRd8=
-----END CERTIFICATE-----

-----BEGIN CERTIFICATE-----
MIID5zCCAs+gAwIBAgIBATANBgkqhkiG9w0BAQsFADB7MRswGQYDVQQDDBJzY20t
MUBmdi1hejE5NC05MjYxLTArBgNVBAsMJGQyM2E4NGRkLTA5OGQtNGE2OC04ZWE1
LTY3ZTQ5N2I0OTg0MTEtMCsGA1UECgwkM2JhMjQ3NjYtMjYwMi00NGI0LThmMzAt
ZDExNDM0MTQ5MmMxMB4XDTIzMDgxMDE4MzYxNloXDTI4MDkxNzE4MzYxNlowezEb
MBkGA1UEAwwSc2NtLTFAZnYtYXoxOTQtOTI2MS0wKwYDVQQLDCRkMjNhODRkZC0w
OThkLTRhNjgtOGVhNS02N2U0OTdiNDk4NDExLTArBgNVBAoMJDNiYTI0NzY2LTI2
MDItNDRiNC04ZjMwLWQxMTQzNDE0OTJjMTCCASIwDQYJKoZIhvcNAQEBBQADggEP
ADCCAQoCggEBAL7Nt3Im51svMgPba3+mdwWFpiBfiL7kQBO35252/u+0eG4Vy2WB
fdvd+Rrr84nCXSMVf0LWxL6fR2Glk4EvlCnkkQUqqpfH0VKUEE5G87IjtfLfPjfk
+2yDyWkzwHHdqDlbmWcY6ct1rn9TG6oNbN4HQLw2Fgz1yY+oMfJscXKcUg3GKOUV
1dFamWcLgM++kcAmTznQ2yey8O20n9syQm0u6qXPFZ3FnTky3h0DM51qR7dCUHQc
thlhhcjLHJ7rzHplk4XJyVWIAD6BiTFBU5g7Uq3ynGJ0gbV56kOsec2kV+7OgTP+
Op+B+h4K8eE7yxBSluTpnJ/IIp1G2EiZw+ECAwEAAaN2MHQwDwYDVR0TAQH/BAUw
AwEB/zAOBgNVHQ8BAf8EBAMCAQYwUQYDVR0RBEowSIcECgEARYJAZnYtYXoxOTQt
OTI2Lm0zdmp4a3o0eHdpdWZpM2gwd3Vya3BhM3JnLmN4LmludGVybmFsLmNsb3Vk
YXBwLm5ldDANBgkqhkiG9w0BAQsFAAOCAQEAAYqv/jdvfB5N8t93Y/ZKImgtpAxf
DmiKPyx/GKM1vNRrzS9OiL83AQmAPMXWGVweI+7Xj1K9sZvIrsLaTHNPCH3ZBNXp
sGaH0R+Wibv4LAWlz0GAEUp5oj/GbReXJ7rbWgiewlxG3EyUF3d2FPWgQ8ubhLRs
1AtUo48fX75ZQqULGdWCaBvP2wzgtNzxffc4YZMoiGLbbW/m7Lb37+cjLNepaHkq
JoN0XNapIM3YFEyWPEvOfqqv7HSjT9Jy0HvlI2tmZEpicNjZK+lD782gksLr1fCh
hYyzqnxhm54NLsJtlvFyR24wHLmgIMowImuWOlqmPJkvgzAD5YlPLVfqOw==
-----END CERTIFICATE-----

2023-08-10 18:36:19,728 [Time-limited test] INFO  utils.CertificateCodec (CertificateCodec.java:writeCertificate(299)) - Save certificate to /tmp/junit854044890428382718/junit8696282383532216612/scm-meta/om/certs/CA-1536930944120.crt
2023-08-10 18:36:19,728 [Time-limited test] INFO  utils.CertificateCodec (CertificateCodec.java:writeCertificate(300)) - Certificate -----BEGIN CERTIFICATE-----
MIID/TCCAuWgAwIBAgIGAWXYORR4MA0GCSqGSIb3DQEBCwUAMHsxGzAZBgNVBAMM
EnNjbS0xQGZ2LWF6MTk0LTkyNjEtMCsGA1UECwwkZDIzYTg0ZGQtMDk4ZC00YTY4
LThlYTUtNjdlNDk3YjQ5ODQxMS0wKwYDVQQKDCQzYmEyNDc2Ni0yNjAyLTQ0YjQt
OGYzMC1kMTE0MzQxNDkyYzEwHhcNMjMwODEwMTgzNjE2WhcNMjgwOTE3MTgzNjE2
WjCBizErMCkGA1UEAwwic2NtLXN1Yi0xNTM2OTI2NjQ3ODM0QGZ2LWF6MTk0LTky
NjEtMCsGA1UECwwkZDIzYTg0ZGQtMDk4ZC00YTY4LThlYTUtNjdlNDk3YjQ5ODQx
MS0wKwYDVQQKDCQzYmEyNDc2Ni0yNjAyLTQ0YjQtOGYzMC1kMTE0MzQxNDkyYzEw
ggEiMA0GCSqGSIb3DQEBAQUAA4IBDwAwggEKAoIBAQCwCYItQZx0FefO/ojKI51+
kpPNu55iweu9J3ox4YiAsqRgeEz23AqbjtpNNKIHS3krTi4wlgUilKJIfDTfRIJs
SXCqJ+lDVCWosMSw9tHt8Xm0V2Vjo6OnMfVWoeAzxmHnO5e686RekIJLeHdFq57e
4rqvDUQ2COkWslPr6hXJbDh1giNJvmGxJUsTb/PjZjiRw5hvvpmcC2CS3VG17NVF
RpnZxJCDOroZ32hiOAw1/m0NPZ5wzNpIVEtlmcRlH/bkun1fPobZJL61Bc7E21fu
jpp0Z6x7WG6MI8b1NDPCs2pUSVX2Xz5ly/WQRvVmOMX2j3PI/1IM6a74ShK1IOet
AgMBAAGjdjB0MFEGA1UdEQRKMEiHBAoBAEWCQGZ2LWF6MTk0LTkyNi5tM3ZqeGt6
NHh3aXVmaTNoMHd1cmtwYTNyZy5jeC5pbnRlcm5hbC5jbG91ZGFwcC5uZXQwDwYD
VR0TAQH/BAUwAwEB/zAOBgNVHQ8BAf8EBAMCAb4wDQYJKoZIhvcNAQELBQADggEB
AGIoQRM1BtHh2D8fvKETewGB+zroEqTZyQtyZfl+3k6yoRYIEAYOnMsXTV6UVMY4
00PIIgR+/JLSZUwrk9imjXfQeZpU/S+KzsnCYteu+WSaGASaHGTr/Kc1l/KZuzJP
9kkON3cbBXKyztXt3/0WDQNeVA3tBha/Xn8a4ZGy4BduqL1GUYduSP2tTKB7VZsT
+AVipfsJlQU+pVl7PdLtJoWXuQL5oIVE6MlVVP2O7HiWYaNuNYgiHAqQusXJh9NQ
/xpiIqO2pcOIGsfyUua2S59n1rgYWMPULzjuFNsAZ/JicD+XrGsc28uzLmI/IFIA
0EogalFn8ZCVvJr1MmNTRd8=
-----END CERTIFICATE-----

-----BEGIN CERTIFICATE-----
MIID5zCCAs+gAwIBAgIBATANBgkqhkiG9w0BAQsFADB7MRswGQYDVQQDDBJzY20t
MUBmdi1hejE5NC05MjYxLTArBgNVBAsMJGQyM2E4NGRkLTA5OGQtNGE2OC04ZWE1
LTY3ZTQ5N2I0OTg0MTEtMCsGA1UECgwkM2JhMjQ3NjYtMjYwMi00NGI0LThmMzAt
ZDExNDM0MTQ5MmMxMB4XDTIzMDgxMDE4MzYxNloXDTI4MDkxNzE4MzYxNlowezEb
MBkGA1UEAwwSc2NtLTFAZnYtYXoxOTQtOTI2MS0wKwYDVQQLDCRkMjNhODRkZC0w
OThkLTRhNjgtOGVhNS02N2U0OTdiNDk4NDExLTArBgNVBAoMJDNiYTI0NzY2LTI2
MDItNDRiNC04ZjMwLWQxMTQzNDE0OTJjMTCCASIwDQYJKoZIhvcNAQEBBQADggEP
ADCCAQoCggEBAL7Nt3Im51svMgPba3+mdwWFpiBfiL7kQBO35252/u+0eG4Vy2WB
fdvd+Rrr84nCXSMVf0LWxL6fR2Glk4EvlCnkkQUqqpfH0VKUEE5G87IjtfLfPjfk
+2yDyWkzwHHdqDlbmWcY6ct1rn9TG6oNbN4HQLw2Fgz1yY+oMfJscXKcUg3GKOUV
1dFamWcLgM++kcAmTznQ2yey8O20n9syQm0u6qXPFZ3FnTky3h0DM51qR7dCUHQc
thlhhcjLHJ7rzHplk4XJyVWIAD6BiTFBU5g7Uq3ynGJ0gbV56kOsec2kV+7OgTP+
Op+B+h4K8eE7yxBSluTpnJ/IIp1G2EiZw+ECAwEAAaN2MHQwDwYDVR0TAQH/BAUw
AwEB/zAOBgNVHQ8BAf8EBAMCAQYwUQYDVR0RBEowSIcECgEARYJAZnYtYXoxOTQt
OTI2Lm0zdmp4a3o0eHdpdWZpM2gwd3Vya3BhM3JnLmN4LmludGVybmFsLmNsb3Vk
YXBwLm5ldDANBgkqhkiG9w0BAQsFAAOCAQEAAYqv/jdvfB5N8t93Y/ZKImgtpAxf
DmiKPyx/GKM1vNRrzS9OiL83AQmAPMXWGVweI+7Xj1K9sZvIrsLaTHNPCH3ZBNXp
sGaH0R+Wibv4LAWlz0GAEUp5oj/GbReXJ7rbWgiewlxG3EyUF3d2FPWgQ8ubhLRs
1AtUo48fX75ZQqULGdWCaBvP2wzgtNzxffc4YZMoiGLbbW/m7Lb37+cjLNepaHkq
JoN0XNapIM3YFEyWPEvOfqqv7HSjT9Jy0HvlI2tmZEpicNjZK+lD782gksLr1fCh
hYyzqnxhm54NLsJtlvFyR24wHLmgIMowImuWOlqmPJkvgzAD5YlPLVfqOw==
-----END CERTIFICATE-----

2023-08-10 18:36:19,729 [IPC Server handler 1 on default port 9961] INFO  client.SCMCertificateClient (DefaultCertificateClient.java:getAllRootCaCerts(901)) - scm/sub-ca has 0 Root CA certificates
2023-08-10 18:36:19,730 [IPC Server handler 1 on default port 9961] INFO  client.SCMCertificateClient (DefaultCertificateClient.java:getAllCaCerts(909)) - scm/sub-ca has 1 CA certificates
2023-08-10 18:36:19,731 [Time-limited test] INFO  utils.CertificateCodec (CertificateCodec.java:writeCertificate(299)) - Save certificate to /tmp/junit854044890428382718/junit8696282383532216612/scm-meta/om/certs/ROOTCA-1.crt
2023-08-10 18:36:19,731 [Time-limited test] INFO  utils.CertificateCodec (CertificateCodec.java:writeCertificate(300)) - Certificate -----BEGIN CERTIFICATE-----
MIID5zCCAs+gAwIBAgIBATANBgkqhkiG9w0BAQsFADB7MRswGQYDVQQDDBJzY20t
MUBmdi1hejE5NC05MjYxLTArBgNVBAsMJGQyM2E4NGRkLTA5OGQtNGE2OC04ZWE1
LTY3ZTQ5N2I0OTg0MTEtMCsGA1UECgwkM2JhMjQ3NjYtMjYwMi00NGI0LThmMzAt
ZDExNDM0MTQ5MmMxMB4XDTIzMDgxMDE4MzYxNloXDTI4MDkxNzE4MzYxNlowezEb
MBkGA1UEAwwSc2NtLTFAZnYtYXoxOTQtOTI2MS0wKwYDVQQLDCRkMjNhODRkZC0w
OThkLTRhNjgtOGVhNS02N2U0OTdiNDk4NDExLTArBgNVBAoMJDNiYTI0NzY2LTI2
MDItNDRiNC04ZjMwLWQxMTQzNDE0OTJjMTCCASIwDQYJKoZIhvcNAQEBBQADggEP
ADCCAQoCggEBAL7Nt3Im51svMgPba3+mdwWFpiBfiL7kQBO35252/u+0eG4Vy2WB
fdvd+Rrr84nCXSMVf0LWxL6fR2Glk4EvlCnkkQUqqpfH0VKUEE5G87IjtfLfPjfk
+2yDyWkzwHHdqDlbmWcY6ct1rn9TG6oNbN4HQLw2Fgz1yY+oMfJscXKcUg3GKOUV
1dFamWcLgM++kcAmTznQ2yey8O20n9syQm0u6qXPFZ3FnTky3h0DM51qR7dCUHQc
thlhhcjLHJ7rzHplk4XJyVWIAD6BiTFBU5g7Uq3ynGJ0gbV56kOsec2kV+7OgTP+
Op+B+h4K8eE7yxBSluTpnJ/IIp1G2EiZw+ECAwEAAaN2MHQwDwYDVR0TAQH/BAUw
AwEB/zAOBgNVHQ8BAf8EBAMCAQYwUQYDVR0RBEowSIcECgEARYJAZnYtYXoxOTQt
OTI2Lm0zdmp4a3o0eHdpdWZpM2gwd3Vya3BhM3JnLmN4LmludGVybmFsLmNsb3Vk
YXBwLm5ldDANBgkqhkiG9w0BAQsFAAOCAQEAAYqv/jdvfB5N8t93Y/ZKImgtpAxf
DmiKPyx/GKM1vNRrzS9OiL83AQmAPMXWGVweI+7Xj1K9sZvIrsLaTHNPCH3ZBNXp
sGaH0R+Wibv4LAWlz0GAEUp5oj/GbReXJ7rbWgiewlxG3EyUF3d2FPWgQ8ubhLRs
1AtUo48fX75ZQqULGdWCaBvP2wzgtNzxffc4YZMoiGLbbW/m7Lb37+cjLNepaHkq
JoN0XNapIM3YFEyWPEvOfqqv7HSjT9Jy0HvlI2tmZEpicNjZK+lD782gksLr1fCh
hYyzqnxhm54NLsJtlvFyR24wHLmgIMowImuWOlqmPJkvgzAD5YlPLVfqOw==
-----END CERTIFICATE-----

2023-08-10 18:36:19,731 [Time-limited test] INFO  security.OMCertificateClient (DefaultCertificateClient.java:updateCertSerialId(1244)) - Certificate serial ID set to 1539791154308
2023-08-10 18:36:19,733 [Time-limited test] INFO  security.OMCertificateClient (DefaultCertificateClient.java:readCertificateFile(237)) - Added certificate   [0]         Version: 3
         SerialNumber: 1536930944120
             IssuerDN: CN=scm-1@fv-az194-926,OU=d23a84dd-098d-4a68-8ea5-67e497b49841,O=3ba24766-2602-44b4-8f30-d114341492c1
           Start Date: Thu Aug 10 18:36:16 UTC 2023
           Final Date: Sun Sep 17 18:36:16 UTC 2028
            SubjectDN: CN=scm-sub-1536926647834@fv-az194-926,OU=d23a84dd-098d-4a68-8ea5-67e497b49841,O=3ba24766-2602-44b4-8f30-d114341492c1
           Public Key: RSA Public Key [54:7b:9b:ab:bf:62:0b:90:c3:6a:17:66:05:48:9c:1f:63:49:8d:f9],[56:66:d1:a4]
        modulus: b009822d419c7415e7cefe88ca239d7e9293cdbb9e62c1ebbd277a31e18880b2a460784cf6dc0a9b8eda4d34a2074b792b4e2e3096052294a2487c34df44826c4970aa27e9435425a8b0c4b0f6d1edf179b4576563a3a3a731f556a1e033c661e73b97baf3a45e90824b787745ab9edee2baaf0d443608e916b253ebea15c96c3875822349be61b1254b136ff3e3663891c3986fbe999c0b6092dd51b5ecd5454699d9c490833aba19df6862380c35fe6d0d3d9e70ccda48544b6599c4651ff6e4ba7d5f3e86d924beb505cec4db57ee8e9a7467ac7b586e8c23c6f53433c2b36a544955f65f3e65cbf59046f56638c5f68f73c8ff520ce9aef84a12b520e7ad
public exponent: 10001

  Signature Algorithm: SHA256WITHRSA
            Signature: 622841133506d1e1d83f1fbca1137b0181fb3ae8
                       12a4d9c90b7265f97ede4eb2a1160810060e9ccb
                       174d5e9454c638d343c822047efc92d2654c2b93
                       d8a68d77d0799a54fd2f8acec9c262d7aef9649a
                       18049a1c64ebfca73597f299bb324ff6490e3777
                       1b0572b2ced5eddffd160d035e540ded0616bf5e
                       7f1ae191b2e0176ea8bd4651876e48fdad4ca07b
                       559b13f80562a5fb0995053ea5597b3dd2ed2685
                       97b902f9a08544e8c95554fd8eec789661a36e35
                       88221c0a90bac5c987d350ff1a6222a3b6a5c388
                       1ac7f252e6b64b9f67d6b81858c3d42f38ee14db
                       0067f262703f97ac6b1cdbcbb32e623f205200d0
                       4a206a5167f19095bc9af532635345df
       Extensions: 
                       critical(false) 2.5.29.17 value = Sequence
    Tagged [7] IMPLICIT 
        DER Octet String[4] 
    Tagged [2] IMPLICIT 
        DER Octet String[64] 

                       critical(true) BasicConstraints: isCa(true)
                       critical(true) KeyUsage: 0xbe
 from file: /tmp/junit854044890428382718/junit8696282383532216612/scm-meta/om/certs/CA-1536930944120.crt.
2023-08-10 18:36:19,734 [Time-limited test] INFO  security.OMCertificateClient (DefaultCertificateClient.java:readCertificateFile(237)) - Added certificate   [0]         Version: 3
         SerialNumber: 1
             IssuerDN: CN=scm-1@fv-az194-926,OU=d23a84dd-098d-4a68-8ea5-67e497b49841,O=3ba24766-2602-44b4-8f30-d114341492c1
           Start Date: Thu Aug 10 18:36:16 UTC 2023
           Final Date: Sun Sep 17 18:36:16 UTC 2028
            SubjectDN: CN=scm-1@fv-az194-926,OU=d23a84dd-098d-4a68-8ea5-67e497b49841,O=3ba24766-2602-44b4-8f30-d114341492c1
           Public Key: RSA Public Key [f6:ea:56:51:a8:8c:61:bb:62:e2:c5:17:54:2b:99:bc:04:90:51:7e],[56:66:d1:a4]
        modulus: becdb77226e75b2f3203db6b7fa6770585a6205f88bee44013b7e76e76feefb4786e15cb65817ddbddf91aebf389c25d23157f42d6c4be9f4761a593812f9429e491052aaa97c7d15294104e46f3b223b5f2df3e37e4fb6c83c96933c071dda8395b996718e9cb75ae7f531baa0d6cde0740bc36160cf5c98fa831f26c71729c520dc628e515d5d15a99670b80cfbe91c0264f39d0db27b2f0edb49fdb32426d2eeaa5cf159dc59d3932de1d03339d6a47b74250741cb6196185c8cb1c9eebcc7a659385c9c95588003e8189314153983b52adf29c627481b579ea43ac79cda457eece8133fe3a9f81fa1e0af1e13bcb105296e4e99c9fc8229d46d84899c3e1
public exponent: 10001

  Signature Algorithm: SHA256WITHRSA
            Signature: 018aaffe376f7c1e4df2df7763f64a22682da40c
                       5f0e688a3f2c7f18a335bcd46bcd2f4e88bf3701
                       09803cc5d6195c1e23eed78f52bdb19bc8aec2da
                       4c734f087dd904d5e9b06687d11f9689bbf82c05
                       a5cf4180114a79a23fc66d179727badb5a089ec2
                       5c46dc4c9417777614f5a043cb9b84b46cd40b54
                       a38f1f5fbe5942a50b19d582681bcfdb0ce0b4dc
                       f17df7386193288862db6d6fe6ecb6f7efe7232c
                       d7a968792a2683745cd6a920cdd8144c963c4bce
                       7eaaafec74a34fd272d07be5236b66644a6270d8
                       d92be943efcda092c2ebd5f0a1858cb3aa7c619b
                       9e0d2ec26d96f172476e301cb9a020ca30226b96
                       3a5aa63c992f833003e5894f2d57ea3b
       Extensions: 
                       critical(true) BasicConstraints: isCa(true)
                       critical(true) KeyUsage: 0x6
                       critical(false) 2.5.29.17 value = Sequence
    Tagged [7] IMPLICIT 
        DER Octet String[4] 
    Tagged [2] IMPLICIT 
        DER Octet String[64] 

 from file: /tmp/junit854044890428382718/junit8696282383532216612/scm-meta/om/certs/ROOTCA-1.crt.
2023-08-10 18:36:19,741 [Time-limited test] INFO  security.OMCertificateClient (DefaultCertificateClient.java:readCertificateFile(237)) - Added certificate   [0]         Version: 3
         SerialNumber: 1539791154308
             IssuerDN: CN=scm-sub-1536926647834@fv-az194-926,OU=d23a84dd-098d-4a68-8ea5-67e497b49841,O=3ba24766-2602-44b4-8f30-d114341492c1
           Start Date: Thu Aug 10 18:36:19 UTC 2023
           Final Date: Fri Aug 09 18:36:19 UTC 2024
            SubjectDN: CN=scm@fv-az194-926.m3vjxkz4xwiufi3h0wurkpa3rg.cx.internal.cloudapp.net,OU=d23a84dd-098d-4a68-8ea5-67e497b49841,O=3ba24766-2602-44b4-8f30-d114341492c1
           Public Key: RSA Public Key [e5:b0:25:75:5c:af:05:87:10:2f:84:67:94:cc:07:54:10:81:1c:77],[56:66:d1:a4]
        modulus: b6f669426a13d6dd00ac6b25d58bcd6eb059c53b1449f4570bb4ce52bacfd4b9a5c4bc6431a6ffe75229906525578083f6073dd7b3a48a3c8374b4a46a9e09ff6cdc66df51267c514864932d4badb03ae940c12accc69983794385525666503319de984fcdf3fd6d6d34e093556d65151d5f8ccb9e43de563850edfe9c4f8bef226d4ecb4af5916e86addfd6c66a42d16397edd24294ab27a150359bc0120e519ae3f7972cf9c0c1bb81cea60b680cdaf3ef7032a20a0cde0c1687fe013f01d5aa5f6e019eaa8f0a01bf7923d8c6cc4a1bb1568a6900c5855cd77d07db280e3b199663d1d5519568d323a99c0110656324f82175790c37588aa1752ba4f783c9
public exponent: 10001

  Signature Algorithm: SHA256WITHRSA
            Signature: 096706f3677ca59f5f50525102b4f6e8ff53fdae
                       e93777ffb0eb39b994e67319f147b8ea36c641a3
                       1cc6e9e77318c76c60267235a0c610ab0d8af76f
                       c77e98b2da4d738e1648b354851e71f3f03b716c
                       d699d62c62cdbde37adf127dc9a3c8b8bff79ac9
                       afb665b00dae46a04a79f0373f80780c39bb4f36
                       dc869514649bbfc422e11dd5068431e22cf06c9c
                       0db5fbd71791298540de5dd275089fa49c3496ab
                       bb5071470ce059223acd81296214013256c6d01e
                       e837fef151038596651fe39c893c1d684f656c0a
                       f6ccf63124555d5eb61d939fcf3f3fd089151802
                       81972836eef7bcc1f51948d75d32658cc85fe172
                       699bd1351c2f7d5e4f2c196500b0b656
       Extensions: 
                       critical(false) 2.5.29.17 value = Sequence
    Tagged [7] IMPLICIT 
        DER Octet String[4] 
    Tagged [2] IMPLICIT 
        DER Octet String[64] 

                       critical(true) KeyUsage: 0xb8
 from file: /tmp/junit854044890428382718/junit8696282383532216612/scm-meta/om/certs/1539791154308.crt.
2023-08-10 18:36:19,745 [Time-limited test] INFO  security.OMCertificateClient (DefaultCertificateClient.java:startCertificateRenewerService(1347)) - CertificateRenewerService for om is started with first delay 31535989259 ms and interval 3333 ms.
2023-08-10 18:36:19,745 [Time-limited test] INFO  security.OMCertificateClient (DefaultCertificateClient.java:updateCertSerialId(1244)) - Certificate serial ID set to 1539791154308
2023-08-10 18:36:19,747 [Time-limited test] INFO  security.OMCertificateClient (DefaultCertificateClient.java:readCertificateFile(237)) - Added certificate   [0]         Version: 3
         SerialNumber: 1536930944120
             IssuerDN: CN=scm-1@fv-az194-926,OU=d23a84dd-098d-4a68-8ea5-67e497b49841,O=3ba24766-2602-44b4-8f30-d114341492c1
           Start Date: Thu Aug 10 18:36:16 UTC 2023
           Final Date: Sun Sep 17 18:36:16 UTC 2028
            SubjectDN: CN=scm-sub-1536926647834@fv-az194-926,OU=d23a84dd-098d-4a68-8ea5-67e497b49841,O=3ba24766-2602-44b4-8f30-d114341492c1
           Public Key: RSA Public Key [54:7b:9b:ab:bf:62:0b:90:c3:6a:17:66:05:48:9c:1f:63:49:8d:f9],[56:66:d1:a4]
        modulus: b009822d419c7415e7cefe88ca239d7e9293cdbb9e62c1ebbd277a31e18880b2a460784cf6dc0a9b8eda4d34a2074b792b4e2e3096052294a2487c34df44826c4970aa27e9435425a8b0c4b0f6d1edf179b4576563a3a3a731f556a1e033c661e73b97baf3a45e90824b787745ab9edee2baaf0d443608e916b253ebea15c96c3875822349be61b1254b136ff3e3663891c3986fbe999c0b6092dd51b5ecd5454699d9c490833aba19df6862380c35fe6d0d3d9e70ccda48544b6599c4651ff6e4ba7d5f3e86d924beb505cec4db57ee8e9a7467ac7b586e8c23c6f53433c2b36a544955f65f3e65cbf59046f56638c5f68f73c8ff520ce9aef84a12b520e7ad
public exponent: 10001

  Signature Algorithm: SHA256WITHRSA
            Signature: 622841133506d1e1d83f1fbca1137b0181fb3ae8
                       12a4d9c90b7265f97ede4eb2a1160810060e9ccb
                       174d5e9454c638d343c822047efc92d2654c2b93
                       d8a68d77d0799a54fd2f8acec9c262d7aef9649a
                       18049a1c64ebfca73597f299bb324ff6490e3777
                       1b0572b2ced5eddffd160d035e540ded0616bf5e
                       7f1ae191b2e0176ea8bd4651876e48fdad4ca07b
                       559b13f80562a5fb0995053ea5597b3dd2ed2685
                       97b902f9a08544e8c95554fd8eec789661a36e35
                       88221c0a90bac5c987d350ff1a6222a3b6a5c388
                       1ac7f252e6b64b9f67d6b81858c3d42f38ee14db
                       0067f262703f97ac6b1cdbcbb32e623f205200d0
                       4a206a5167f19095bc9af532635345df
       Extensions: 
                       critical(false) 2.5.29.17 value = Sequence
    Tagged [7] IMPLICIT 
        DER Octet String[4] 
    Tagged [2] IMPLICIT 
        DER Octet String[64] 

                       critical(true) BasicConstraints: isCa(true)
                       critical(true) KeyUsage: 0xbe
 from file: /tmp/junit854044890428382718/junit8696282383532216612/scm-meta/om/certs/CA-1536930944120.crt.
2023-08-10 18:36:19,749 [Time-limited test] INFO  security.OMCertificateClient (DefaultCertificateClient.java:readCertificateFile(237)) - Added certificate   [0]         Version: 3
         SerialNumber: 1
             IssuerDN: CN=scm-1@fv-az194-926,OU=d23a84dd-098d-4a68-8ea5-67e497b49841,O=3ba24766-2602-44b4-8f30-d114341492c1
           Start Date: Thu Aug 10 18:36:16 UTC 2023
           Final Date: Sun Sep 17 18:36:16 UTC 2028
            SubjectDN: CN=scm-1@fv-az194-926,OU=d23a84dd-098d-4a68-8ea5-67e497b49841,O=3ba24766-2602-44b4-8f30-d114341492c1
           Public Key: RSA Public Key [f6:ea:56:51:a8:8c:61:bb:62:e2:c5:17:54:2b:99:bc:04:90:51:7e],[56:66:d1:a4]
        modulus: becdb77226e75b2f3203db6b7fa6770585a6205f88bee44013b7e76e76feefb4786e15cb65817ddbddf91aebf389c25d23157f42d6c4be9f4761a593812f9429e491052aaa97c7d15294104e46f3b223b5f2df3e37e4fb6c83c96933c071dda8395b996718e9cb75ae7f531baa0d6cde0740bc36160cf5c98fa831f26c71729c520dc628e515d5d15a99670b80cfbe91c0264f39d0db27b2f0edb49fdb32426d2eeaa5cf159dc59d3932de1d03339d6a47b74250741cb6196185c8cb1c9eebcc7a659385c9c95588003e8189314153983b52adf29c627481b579ea43ac79cda457eece8133fe3a9f81fa1e0af1e13bcb105296e4e99c9fc8229d46d84899c3e1
public exponent: 10001

  Signature Algorithm: SHA256WITHRSA
            Signature: 018aaffe376f7c1e4df2df7763f64a22682da40c
                       5f0e688a3f2c7f18a335bcd46bcd2f4e88bf3701
                       09803cc5d6195c1e23eed78f52bdb19bc8aec2da
                       4c734f087dd904d5e9b06687d11f9689bbf82c05
                       a5cf4180114a79a23fc66d179727badb5a089ec2
                       5c46dc4c9417777614f5a043cb9b84b46cd40b54
                       a38f1f5fbe5942a50b19d582681bcfdb0ce0b4dc
                       f17df7386193288862db6d6fe6ecb6f7efe7232c
                       d7a968792a2683745cd6a920cdd8144c963c4bce
                       7eaaafec74a34fd272d07be5236b66644a6270d8
                       d92be943efcda092c2ebd5f0a1858cb3aa7c619b
                       9e0d2ec26d96f172476e301cb9a020ca30226b96
                       3a5aa63c992f833003e5894f2d57ea3b
       Extensions: 
                       critical(true) BasicConstraints: isCa(true)
                       critical(true) KeyUsage: 0x6
                       critical(false) 2.5.29.17 value = Sequence
    Tagged [7] IMPLICIT 
        DER Octet String[4] 
    Tagged [2] IMPLICIT 
        DER Octet String[64] 

 from file: /tmp/junit854044890428382718/junit8696282383532216612/scm-meta/om/certs/ROOTCA-1.crt.
2023-08-10 18:36:19,750 [Time-limited test] INFO  security.OMCertificateClient (DefaultCertificateClient.java:readCertificateFile(237)) - Added certificate   [0]         Version: 3
         SerialNumber: 1539791154308
             IssuerDN: CN=scm-sub-1536926647834@fv-az194-926,OU=d23a84dd-098d-4a68-8ea5-67e497b49841,O=3ba24766-2602-44b4-8f30-d114341492c1
           Start Date: Thu Aug 10 18:36:19 UTC 2023
           Final Date: Fri Aug 09 18:36:19 UTC 2024
            SubjectDN: CN=scm@fv-az194-926.m3vjxkz4xwiufi3h0wurkpa3rg.cx.internal.cloudapp.net,OU=d23a84dd-098d-4a68-8ea5-67e497b49841,O=3ba24766-2602-44b4-8f30-d114341492c1
           Public Key: RSA Public Key [e5:b0:25:75:5c:af:05:87:10:2f:84:67:94:cc:07:54:10:81:1c:77],[56:66:d1:a4]
        modulus: b6f669426a13d6dd00ac6b25d58bcd6eb059c53b1449f4570bb4ce52bacfd4b9a5c4bc6431a6ffe75229906525578083f6073dd7b3a48a3c8374b4a46a9e09ff6cdc66df51267c514864932d4badb03ae940c12accc69983794385525666503319de984fcdf3fd6d6d34e093556d65151d5f8ccb9e43de563850edfe9c4f8bef226d4ecb4af5916e86addfd6c66a42d16397edd24294ab27a150359bc0120e519ae3f7972cf9c0c1bb81cea60b680cdaf3ef7032a20a0cde0c1687fe013f01d5aa5f6e019eaa8f0a01bf7923d8c6cc4a1bb1568a6900c5855cd77d07db280e3b199663d1d5519568d323a99c0110656324f82175790c37588aa1752ba4f783c9
public exponent: 10001

  Signature Algorithm: SHA256WITHRSA
            Signature: 096706f3677ca59f5f50525102b4f6e8ff53fdae
                       e93777ffb0eb39b994e67319f147b8ea36c641a3
                       1cc6e9e77318c76c60267235a0c610ab0d8af76f
                       c77e98b2da4d738e1648b354851e71f3f03b716c
                       d699d62c62cdbde37adf127dc9a3c8b8bff79ac9
                       afb665b00dae46a04a79f0373f80780c39bb4f36
                       dc869514649bbfc422e11dd5068431e22cf06c9c
                       0db5fbd71791298540de5dd275089fa49c3496ab
                       bb5071470ce059223acd81296214013256c6d01e
                       e837fef151038596651fe39c893c1d684f656c0a
                       f6ccf63124555d5eb61d939fcf3f3fd089151802
                       81972836eef7bcc1f51948d75d32658cc85fe172
                       699bd1351c2f7d5e4f2c196500b0b656
       Extensions: 
                       critical(false) 2.5.29.17 value = Sequence
    Tagged [7] IMPLICIT 
        DER Octet String[4] 
    Tagged [2] IMPLICIT 
        DER Octet String[64] 

                       critical(true) KeyUsage: 0xb8
 from file: /tmp/junit854044890428382718/junit8696282383532216612/scm-meta/om/certs/1539791154308.crt.
2023-08-10 18:36:19,751 [Time-limited test] INFO  om.OzoneManager (OzoneManager.java:initializeSecurity(1405)) - Successfully stored SCM signed certificate.
2023-08-10 18:36:19,752 [Time-limited test] INFO  om.OzoneManager (OzoneManager.java:stop(2187)) - om1[fv-az194-926.m3vjxkz4xwiufi3h0wurkpa3rg.cx.internal.cloudapp.net:1202]: Stopping Ozone Manager
2023-08-10 18:36:19,752 [Time-limited test] INFO  ipc.Server (Server.java:stop(3523)) - Stopping server on 1202
2023-08-10 18:36:19,754 [Time-limited test] INFO  ratis.OzoneManagerStateMachine (OzoneManagerStateMachine.java:close(534)) - StateMachine has shutdown. Shutdown OzoneManager if not already shutdown.
2023-08-10 18:36:19,754 [Time-limited test] INFO  ratis.OzoneManagerDoubleBuffer (OzoneManagerDoubleBuffer.java:stopDaemon(551)) - Stopping OMDoubleBuffer flush thread
2023-08-10 18:36:19,754 [OMDoubleBufferFlushThread] INFO  ratis.OzoneManagerDoubleBuffer (OzoneManagerDoubleBuffer.java:canFlush(638)) - OMDoubleBuffer flush thread OMDoubleBufferFlushThread is interrupted and will exit.
2023-08-10 18:36:19,756 [Time-limited test] INFO  om.OzoneManager (OzoneManager.java:stopSecretManager(1068)) - Stopping OM delegation token secret manager.
2023-08-10 18:36:19,757 [Time-limited test] INFO  rocksdiff.RocksDBCheckpointDiffer (RocksDBCheckpointDiffer.java:close(340)) - Shutting down CompactionDagPruningService.
2023-08-10 18:36:19,762 [Time-limited test] INFO  snapshot.SnapshotDiffManager (SnapshotDiffManager.java:closeExecutorService(1720)) - Shutting down executorService: 'SnapDiffExecutor'
2023-08-10 18:36:19,763 [Time-limited test] INFO  snapshot.SnapshotDiffManager (SnapshotDiffManager.java:closeExecutorService(1720)) - Shutting down executorService: 'SstDumpToolExecutor'
2023-08-10 18:36:19,763 [Time-limited test] INFO  utils.BackgroundService (BackgroundService.java:shutdown(141)) - Shutting down service SnapshotDiffCleanupService
2023-08-10 18:36:19,765 [Time-limited test] INFO  ha.OMHANodeDetails (OMHANodeDetails.java:loadOMHAConfig(115)) - ozone.om.internal.service.id is not defined, falling back to ozone.om.service.ids to find serviceID for OzoneManager if it is HA enabled cluster
2023-08-10 18:36:19,765 [Time-limited test] INFO  ha.OMHANodeDetails (OMHANodeDetails.java:loadOMHAConfig(226)) - Configuration does not have ozone.om.address set. Falling back to the default OM address fv-az194-926.m3vjxkz4xwiufi3h0wurkpa3rg.cx.internal.cloudapp.net/10.1.0.69:1202
2023-08-10 18:36:19,765 [Time-limited test] INFO  ha.OMHANodeDetails (OMHANodeDetails.java:getOMNodeDetailsForNonHA(254)) - OM Service ID is not set. Setting it to the default ID: omServiceIdDefault
2023-08-10 18:36:19,765 [Time-limited test] INFO  ha.OMHANodeDetails (OMHANodeDetails.java:getOMNodeDetailsForNonHA(261)) - OM Node ID is not set. Setting it to the default ID: om1
2023-08-10 18:36:19,765 [Time-limited test] WARN  server.ServerUtils (ServerUtils.java:getDBPath(311)) - ozone.om.db.dirs is not configured. We recommend adding this setting. Falling back to ozone.metadata.dirs instead.
2023-08-10 18:36:19,766 [Time-limited test] INFO  upgrade.AbstractLayoutVersionManager (AbstractLayoutVersionManager.java:init(83)) - Initializing Layout version manager with metadata layout = QUOTA (version = 6), software layout = QUOTA (version = 6)
2023-08-10 18:36:19,846 [Time-limited test] INFO  reflections.Reflections (Reflections.java:scan(232)) - Reflections took 75 ms to scan 2 urls, producing 188 keys and 512 values [using 2 cores]
2023-08-10 18:36:19,846 [Time-limited test] INFO  upgrade.OMLayoutVersionManager (OMLayoutVersionManager.java:lambda$0(115)) - Skipping Upgrade Action MockOmUpgradeAction since it has been finalized.
2023-08-10 18:36:19,846 [Time-limited test] INFO  upgrade.OMLayoutVersionManager (OMLayoutVersionManager.java:lambda$0(115)) - Skipping Upgrade Action QuotaRepairUpgradeAction since it has been finalized.
2023-08-10 18:36:19,848 [pool-40-thread-2] INFO  request.KdcRequest (KdcRequest.java:preauth(651)) - The preauth data is empty.
2023-08-10 18:36:19,849 [pool-40-thread-2] INFO  server.KdcHandler (KdcHandler.java:handleRecoverableException(177)) - KRB error occurred while processing request:Additional pre-authentication required
2023-08-10 18:36:19,856 [pool-40-thread-1] INFO  request.AsRequest (AsRequest.java:issueTicket(112)) - AS_REQ ISSUE: authtime 1691692579855,scm/fv-az194-926.m3vjxkz4xwiufi3h0wurkpa3rg.cx.internal.cloudapp.net@EXAMPLE.COM for krbtgt/EXAMPLE.COM@EXAMPLE.COM
2023-08-10 18:36:19,857 [Time-limited test] INFO  security.UserGroupInformation (UserGroupInformation.java:loginUserFromKeytab(1132)) - Login successful for user scm/fv-az194-926.m3vjxkz4xwiufi3h0wurkpa3rg.cx.internal.cloudapp.net@EXAMPLE.COM using keytab file scm.keytab. Keytab auto renewal enabled : false
2023-08-10 18:36:19,857 [Time-limited test] INFO  om.OzoneManager (OzoneManager.java:loginOMUser(1161)) - Ozone Manager login successful.
2023-08-10 18:36:19,857 [Time-limited test] WARN  server.ServerUtils (ServerUtils.java:getDBPath(311)) - ozone.om.db.dirs is not configured. We recommend adding this setting. Falling back to ozone.metadata.dirs instead.
2023-08-10 18:36:19,858 [Time-limited test] INFO  proxy.SCMBlockLocationFailoverProxyProvider (SCMBlockLocationFailoverProxyProvider.java:<init>(114)) - Created block location fail-over proxy with 1 nodes: [nodeId=scmNodeId,nodeAddress=/0.0.0.0:9863]
2023-08-10 18:36:19,859 [Time-limited test] INFO  om.OzoneManager (OzoneManager.java:getOmDetailsProto(4555)) - OzoneManager ports added:[name: "RPC"
value: 1202
]
2023-08-10 18:36:19,862 [Time-limited test] INFO  security.OMCertificateClient (DefaultCertificateClient.java:updateCertSerialId(1244)) - Certificate serial ID set to 1539791154308
2023-08-10 18:36:19,866 [Time-limited test] INFO  security.OMCertificateClient (DefaultCertificateClient.java:readCertificateFile(237)) - Added certificate   [0]         Version: 3
         SerialNumber: 1536930944120
             IssuerDN: CN=scm-1@fv-az194-926,OU=d23a84dd-098d-4a68-8ea5-67e497b49841,O=3ba24766-2602-44b4-8f30-d114341492c1
           Start Date: Thu Aug 10 18:36:16 UTC 2023
           Final Date: Sun Sep 17 18:36:16 UTC 2028
            SubjectDN: CN=scm-sub-1536926647834@fv-az194-926,OU=d23a84dd-098d-4a68-8ea5-67e497b49841,O=3ba24766-2602-44b4-8f30-d114341492c1
           Public Key: RSA Public Key [54:7b:9b:ab:bf:62:0b:90:c3:6a:17:66:05:48:9c:1f:63:49:8d:f9],[56:66:d1:a4]
        modulus: b009822d419c7415e7cefe88ca239d7e9293cdbb9e62c1ebbd277a31e18880b2a460784cf6dc0a9b8eda4d34a2074b792b4e2e3096052294a2487c34df44826c4970aa27e9435425a8b0c4b0f6d1edf179b4576563a3a3a731f556a1e033c661e73b97baf3a45e90824b787745ab9edee2baaf0d443608e916b253ebea15c96c3875822349be61b1254b136ff3e3663891c3986fbe999c0b6092dd51b5ecd5454699d9c490833aba19df6862380c35fe6d0d3d9e70ccda48544b6599c4651ff6e4ba7d5f3e86d924beb505cec4db57ee8e9a7467ac7b586e8c23c6f53433c2b36a544955f65f3e65cbf59046f56638c5f68f73c8ff520ce9aef84a12b520e7ad
public exponent: 10001

  Signature Algorithm: SHA256WITHRSA
            Signature: 622841133506d1e1d83f1fbca1137b0181fb3ae8
                       12a4d9c90b7265f97ede4eb2a1160810060e9ccb
                       174d5e9454c638d343c822047efc92d2654c2b93
                       d8a68d77d0799a54fd2f8acec9c262d7aef9649a
                       18049a1c64ebfca73597f299bb324ff6490e3777
                       1b0572b2ced5eddffd160d035e540ded0616bf5e
                       7f1ae191b2e0176ea8bd4651876e48fdad4ca07b
                       559b13f80562a5fb0995053ea5597b3dd2ed2685
                       97b902f9a08544e8c95554fd8eec789661a36e35
                       88221c0a90bac5c987d350ff1a6222a3b6a5c388
                       1ac7f252e6b64b9f67d6b81858c3d42f38ee14db
                       0067f262703f97ac6b1cdbcbb32e623f205200d0
                       4a206a5167f19095bc9af532635345df
       Extensions: 
                       critical(false) 2.5.29.17 value = Sequence
    Tagged [7] IMPLICIT 
        DER Octet String[4] 
    Tagged [2] IMPLICIT 
        DER Octet String[64] 

                       critical(true) BasicConstraints: isCa(true)
                       critical(true) KeyUsage: 0xbe
 from file: /tmp/junit854044890428382718/junit8696282383532216612/scm-meta/om/certs/CA-1536930944120.crt.
2023-08-10 18:36:19,869 [Time-limited test] INFO  security.OMCertificateClient (DefaultCertificateClient.java:readCertificateFile(237)) - Added certificate   [0]         Version: 3
         SerialNumber: 1
             IssuerDN: CN=scm-1@fv-az194-926,OU=d23a84dd-098d-4a68-8ea5-67e497b49841,O=3ba24766-2602-44b4-8f30-d114341492c1
           Start Date: Thu Aug 10 18:36:16 UTC 2023
           Final Date: Sun Sep 17 18:36:16 UTC 2028
            SubjectDN: CN=scm-1@fv-az194-926,OU=d23a84dd-098d-4a68-8ea5-67e497b49841,O=3ba24766-2602-44b4-8f30-d114341492c1
           Public Key: RSA Public Key [f6:ea:56:51:a8:8c:61:bb:62:e2:c5:17:54:2b:99:bc:04:90:51:7e],[56:66:d1:a4]
        modulus: becdb77226e75b2f3203db6b7fa6770585a6205f88bee44013b7e76e76feefb4786e15cb65817ddbddf91aebf389c25d23157f42d6c4be9f4761a593812f9429e491052aaa97c7d15294104e46f3b223b5f2df3e37e4fb6c83c96933c071dda8395b996718e9cb75ae7f531baa0d6cde0740bc36160cf5c98fa831f26c71729c520dc628e515d5d15a99670b80cfbe91c0264f39d0db27b2f0edb49fdb32426d2eeaa5cf159dc59d3932de1d03339d6a47b74250741cb6196185c8cb1c9eebcc7a659385c9c95588003e8189314153983b52adf29c627481b579ea43ac79cda457eece8133fe3a9f81fa1e0af1e13bcb105296e4e99c9fc8229d46d84899c3e1
public exponent: 10001

  Signature Algorithm: SHA256WITHRSA
            Signature: 018aaffe376f7c1e4df2df7763f64a22682da40c
                       5f0e688a3f2c7f18a335bcd46bcd2f4e88bf3701
                       09803cc5d6195c1e23eed78f52bdb19bc8aec2da
                       4c734f087dd904d5e9b06687d11f9689bbf82c05
                       a5cf4180114a79a23fc66d179727badb5a089ec2
                       5c46dc4c9417777614f5a043cb9b84b46cd40b54
                       a38f1f5fbe5942a50b19d582681bcfdb0ce0b4dc
                       f17df7386193288862db6d6fe6ecb6f7efe7232c
                       d7a968792a2683745cd6a920cdd8144c963c4bce
                       7eaaafec74a34fd272d07be5236b66644a6270d8
                       d92be943efcda092c2ebd5f0a1858cb3aa7c619b
                       9e0d2ec26d96f172476e301cb9a020ca30226b96
                       3a5aa63c992f833003e5894f2d57ea3b
       Extensions: 
                       critical(true) BasicConstraints: isCa(true)
                       critical(true) KeyUsage: 0x6
                       critical(false) 2.5.29.17 value = Sequence
    Tagged [7] IMPLICIT 
        DER Octet String[4] 
    Tagged [2] IMPLICIT 
        DER Octet String[64] 

 from file: /tmp/junit854044890428382718/junit8696282383532216612/scm-meta/om/certs/ROOTCA-1.crt.
2023-08-10 18:36:19,873 [Time-limited test] INFO  security.OMCertificateClient (DefaultCertificateClient.java:readCertificateFile(237)) - Added certificate   [0]         Version: 3
         SerialNumber: 1539791154308
             IssuerDN: CN=scm-sub-1536926647834@fv-az194-926,OU=d23a84dd-098d-4a68-8ea5-67e497b49841,O=3ba24766-2602-44b4-8f30-d114341492c1
           Start Date: Thu Aug 10 18:36:19 UTC 2023
           Final Date: Fri Aug 09 18:36:19 UTC 2024
            SubjectDN: CN=scm@fv-az194-926.m3vjxkz4xwiufi3h0wurkpa3rg.cx.internal.cloudapp.net,OU=d23a84dd-098d-4a68-8ea5-67e497b49841,O=3ba24766-2602-44b4-8f30-d114341492c1
           Public Key: RSA Public Key [e5:b0:25:75:5c:af:05:87:10:2f:84:67:94:cc:07:54:10:81:1c:77],[56:66:d1:a4]
        modulus: b6f669426a13d6dd00ac6b25d58bcd6eb059c53b1449f4570bb4ce52bacfd4b9a5c4bc6431a6ffe75229906525578083f6073dd7b3a48a3c8374b4a46a9e09ff6cdc66df51267c514864932d4badb03ae940c12accc69983794385525666503319de984fcdf3fd6d6d34e093556d65151d5f8ccb9e43de563850edfe9c4f8bef226d4ecb4af5916e86addfd6c66a42d16397edd24294ab27a150359bc0120e519ae3f7972cf9c0c1bb81cea60b680cdaf3ef7032a20a0cde0c1687fe013f01d5aa5f6e019eaa8f0a01bf7923d8c6cc4a1bb1568a6900c5855cd77d07db280e3b199663d1d5519568d323a99c0110656324f82175790c37588aa1752ba4f783c9
public exponent: 10001

  Signature Algorithm: SHA256WITHRSA
            Signature: 096706f3677ca59f5f50525102b4f6e8ff53fdae
                       e93777ffb0eb39b994e67319f147b8ea36c641a3
                       1cc6e9e77318c76c60267235a0c610ab0d8af76f
                       c77e98b2da4d738e1648b354851e71f3f03b716c
                       d699d62c62cdbde37adf127dc9a3c8b8bff79ac9
                       afb665b00dae46a04a79f0373f80780c39bb4f36
                       dc869514649bbfc422e11dd5068431e22cf06c9c
                       0db5fbd71791298540de5dd275089fa49c3496ab
                       bb5071470ce059223acd81296214013256c6d01e
                       e837fef151038596651fe39c893c1d684f656c0a
                       f6ccf63124555d5eb61d939fcf3f3fd089151802
                       81972836eef7bcc1f51948d75d32658cc85fe172
                       699bd1351c2f7d5e4f2c196500b0b656
       Extensions: 
                       critical(false) 2.5.29.17 value = Sequence
    Tagged [7] IMPLICIT 
        DER Octet String[4] 
    Tagged [2] IMPLICIT 
        DER Octet String[64] 

                       critical(true) KeyUsage: 0xb8
 from file: /tmp/junit854044890428382718/junit8696282383532216612/scm-meta/om/certs/1539791154308.crt.
2023-08-10 18:36:19,876 [Time-limited test] INFO  security.OMCertificateClient (DefaultCertificateClient.java:startCertificateRenewerService(1347)) - CertificateRenewerService for om is started with first delay 31535989127 ms and interval 3333 ms.
2023-08-10 18:36:19,891 [Time-limited test] INFO  om.OzoneManager (OzoneManager.java:<init>(662)) - OM start with adminUsers: [scm/fv-az194-926.m3vjxkz4xwiufi3h0wurkpa3rg.cx.internal.cloudapp.net@EXAMPLE.COM, scm]
2023-08-10 18:36:19,892 [Time-limited test] WARN  server.ServerUtils (ServerUtils.java:getDBPath(311)) - ozone.om.db.dirs is not configured. We recommend adding this setting. Falling back to ozone.metadata.dirs instead.
2023-08-10 18:36:19,894 [Time-limited test] INFO  helpers.OmKeyInfo (OmKeyInfo.java:getCodec(71)) - OmKeyInfo.getCodec ignorePipeline = true
2023-08-10 18:36:19,961 [Time-limited test] INFO  om.OzoneManager (OzoneManager.java:instantiateServices(791)) - S3 Multi-Tenancy is disabled
2023-08-10 18:36:19,962 [Time-limited test] INFO  security.OzoneSecretStore (OzoneSecretStore.java:loadState(69)) - Loaded 0 tokens
2023-08-10 18:36:19,962 [Time-limited test] INFO  security.OzoneDelegationTokenSecretManager (OzoneDelegationTokenSecretManager.java:loadTokenSecretState(530)) - Loading token state into token manager.
2023-08-10 18:36:19,962 [Time-limited test] INFO  om.OmSnapshotManager (OmSnapshotManager.java:<init>(175)) - Ozone filesystem snapshot feature is enabled.
2023-08-10 18:36:19,962 [Time-limited test] WARN  server.ServerUtils (ServerUtils.java:getDBPath(311)) - ozone.om.snapshot.diff.db.dir is not configured. We recommend adding this setting. Falling back to ozone.metadata.dirs instead.
2023-08-10 18:36:19,983 [Time-limited test] INFO  snapshot.SnapshotDiffManager (SnapshotDiffManager.java:closeExecutorService(1720)) - Shutting down executorService: 'SstDumpToolExecutor'
2023-08-10 18:36:19,984 [Time-limited test] WARN  server.ServerUtils (ServerUtils.java:getDefaultRatisDirectory(323)) - Storage directory for Ratis is not configured. It is a good idea to map this to an SSD disk. Falling back to ozone.metadata.dirs
2023-08-10 18:36:19,984 [Time-limited test] WARN  utils.OzoneManagerRatisUtils (OzoneManagerRatisUtils.java:getOMRatisSnapshotDirectory(461)) - ozone.om.ratis.snapshot.dir is not configured. Falling back to ozone.metadata.dirs config
2023-08-10 18:36:19,984 [Time-limited test] WARN  server.ServerUtils (ServerUtils.java:getDefaultRatisDirectory(323)) - Storage directory for Ratis is not configured. It is a good idea to map this to an SSD disk. Falling back to ozone.metadata.dirs
2023-08-10 18:36:19,986 [Time-limited test] INFO  ratis.OzoneManagerRatisServer (OzoneManagerRatisServer.java:<init>(163)) - Instantiating OM Ratis server with groupID: omServiceIdDefault and peers: fv-az194-926.m3vjxkz4xwiufi3h0wurkpa3rg.cx.internal.cloudapp.net:9872
2023-08-10 18:36:19,986 [Time-limited test] INFO  ratis.OzoneManagerStateMachine (OzoneManagerStateMachine.java:loadSnapshotInfoFromDB(687)) - LastAppliedIndex is set from TransactionInfo from OM DB as (t:0, i:~)
2023-08-10 18:36:19,987 [Time-limited test] INFO  server.RaftServer (ConfUtils.java:logGet(46)) - raft.rpc.type = GRPC (default)
2023-08-10 18:36:19,987 [Time-limited test] INFO  grpc.GrpcConfigKeys (ConfUtils.java:logFallback(53)) - raft.grpc.admin.host = null (fallback to raft.grpc.server.host)
2023-08-10 18:36:19,987 [Time-limited test] INFO  grpc.GrpcConfigKeys (ConfUtils.java:logFallback(53)) - raft.grpc.admin.port = 9872 (fallback to raft.grpc.server.port)
2023-08-10 18:36:19,987 [Time-limited test] INFO  grpc.GrpcConfigKeys (ConfUtils.java:logFallback(53)) - raft.grpc.client.host = null (fallback to raft.grpc.server.host)
2023-08-10 18:36:19,987 [Time-limited test] INFO  grpc.GrpcConfigKeys (ConfUtils.java:logFallback(53)) - raft.grpc.client.port = 9872 (fallback to raft.grpc.server.port)
2023-08-10 18:36:19,987 [Time-limited test] INFO  grpc.GrpcConfigKeys (ConfUtils.java:logGet(46)) - raft.grpc.server.host = null (default)
2023-08-10 18:36:19,987 [Time-limited test] INFO  grpc.GrpcConfigKeys (ConfUtils.java:logGet(46)) - raft.grpc.server.port = 9872 (custom)
2023-08-10 18:36:19,987 [Time-limited test] INFO  server.GrpcService (ConfUtils.java:logGet(46)) - raft.grpc.message.size.max = 33554432 (custom)
2023-08-10 18:36:19,988 [Time-limited test] INFO  server.RaftServerConfigKeys (ConfUtils.java:logGet(46)) - raft.server.log.appender.buffer.byte-limit = 33554432 (custom)
2023-08-10 18:36:19,988 [Time-limited test] INFO  server.GrpcService (ConfUtils.java:logGet(46)) - raft.grpc.flow.control.window = 1MB (=1048576) (default)
2023-08-10 18:36:19,988 [Time-limited test] INFO  server.RaftServerConfigKeys (ConfUtils.java:logGet(46)) - raft.server.rpc.request.timeout = 3000ms (default)
2023-08-10 18:36:19,988 [Time-limited test] INFO  grpc.GrpcConfigKeys (ConfUtils.java:logGet(46)) - raft.grpc.server.heartbeat.channel = true (default)
2023-08-10 18:36:19,988 [Time-limited test] INFO  grpc.GrpcConfigKeys (ConfUtils.java:logGet(46)) - raft.grpc.server.async.request.thread.pool.cached = true (default)
2023-08-10 18:36:19,988 [Time-limited test] INFO  grpc.GrpcConfigKeys (ConfUtils.java:logGet(46)) - raft.grpc.server.async.request.thread.pool.size = 32 (default)
2023-08-10 18:36:19,989 [Time-limited test] INFO  impl.DataStreamServerImpl (ConfUtils.java:logGet(46)) - raft.datastream.type = DISABLED (default)
2023-08-10 18:36:19,989 [Time-limited test] INFO  server.RaftServerConfigKeys (ConfUtils.java:logGet(46)) - raft.server.threadpool.proxy.cached = true (default)
2023-08-10 18:36:19,989 [Time-limited test] INFO  server.RaftServerConfigKeys (ConfUtils.java:logGet(46)) - raft.server.threadpool.proxy.size = 0 (default)
2023-08-10 18:36:19,989 [Time-limited test] INFO  server.RaftServerConfigKeys (ConfUtils.java:logGet(46)) - raft.server.rpc.slowness.timeout = 120s (custom)
2023-08-10 18:36:19,989 [Time-limited test] INFO  server.RaftServerConfigKeys (ConfUtils.java:logGet(46)) - raft.server.leaderelection.leader.step-down.wait-time = 10s (default)
2023-08-10 18:36:19,989 [Time-limited test] INFO  server.RaftServerConfigKeys (ConfUtils.java:logGet(46)) - raft.server.storage.dir = [/tmp/junit854044890428382718/junit8696282383532216612/scm-meta/ratis] (custom)
2023-08-10 18:36:19,992 [Time-limited test] INFO  server.RaftServer (RaftServerProxy.java:addNew(98)) - om1: addNew group-C5BA1605619E:[om1|rpc:fv-az194-926.m3vjxkz4xwiufi3h0wurkpa3rg.cx.internal.cloudapp.net:9872|priority:0|startupRole:FOLLOWER] returns group-C5BA1605619E:java.util.concurrent.CompletableFuture@2967520c[Not completed]
2023-08-10 18:36:19,992 [Time-limited test] INFO  om.OzoneManager (OzoneManager.java:initializeRatisServer(2128)) - OzoneManager Ratis server initialized at port 9872
2023-08-10 18:36:19,993 [Time-limited test] INFO  om.OzoneManager (OzoneManager.java:getRpcServer(1193)) - Creating RPC Server
RaftServerImpl.java:<init>(198)) - om1: new RaftServerImpl for group-C5BA1605619E:[om1|rpc:fv-az194-926.m3vjxkz4xwiufi3h0wurkpa3rg.cx.internal.cloudapp.net:9872|priority:0|startupRole:FOLLOWER] with OzoneManagerStateMachine:uninitialized
2023-08-10 18:36:19,993 [Time-limited test] INFO  om.OzoneManager (OzoneManager.java:getRpcServer(1193)) - Creating RPC Server
2023-08-10 18:36:19,994 [om1-groupManagement] INFO  server.RaftServerConfigKeys (ConfUtils.java:logGet(46)) - raft.server.rpc.timeout.min = 5s (custom)
2023-08-10 18:36:19,994 [om1-groupManagement] INFO  server.RaftServerConfigKeys (ConfUtils.java:logGet(46)) - raft.server.rpc.timeout.max = 5200ms (custom)
2023-08-10 18:36:19,994 [om1-groupManagement] INFO  server.RaftServerConfigKeys (ConfUtils.java:logGet(46)) - raft.server.rpc.sleep.time = 25ms (default)
2023-08-10 18:36:19,994 [om1-groupManagement] INFO  server.RaftServerConfigKeys (ConfUtils.java:logGet(46)) - raft.server.rpc.slowness.timeout = 120s (custom)
2023-08-10 18:36:19,994 [om1-groupManagement] INFO  server.RaftServerConfigKeys (ConfUtils.java:logGet(46)) - raft.server.leaderelection.leader.step-down.wait-time = 10s (default)
2023-08-10 18:36:19,994 [om1-groupManagement] INFO  server.RaftServerConfigKeys (ConfUtils.java:logGet(46)) - raft.server.sleep.deviation.threshold = 300ms (default)
2023-08-10 18:36:19,994 [om1-groupManagement] INFO  server.RaftServer$Division (ServerState.java:<init>(120)) - om1@group-C5BA1605619E: ConfigurationManager, init=-1: peers:[om1|rpc:fv-az194-926.m3vjxkz4xwiufi3h0wurkpa3rg.cx.internal.cloudapp.net:9872|priority:0|startupRole:FOLLOWER]|listeners:[], old=null, confs=<EMPTY_MAP>
2023-08-10 18:36:19,994 [om1-groupManagement] INFO  server.RaftServerConfigKeys (ConfUtils.java:logGet(46)) - raft.server.storage.dir = [/tmp/junit854044890428382718/junit8696282383532216612/scm-meta/ratis] (custom)
2023-08-10 18:36:20,000 [om1-groupManagement] INFO  server.RaftServerConfigKeys (ConfUtils.java:logGet(46)) - raft.server.log.corruption.policy = EXCEPTION (default)
2023-08-10 18:36:20,000 [om1-groupManagement] INFO  server.RaftServerConfigKeys (ConfUtils.java:logGet(46)) - raft.server.storage.free-space.min = 0MB (=0) (default)
2023-08-10 18:36:20,000 [om1-groupManagement] INFO  server.RaftServerConfigKeys (ConfUtils.java:logGet(46)) - raft.server.notification.no-leader.timeout = 120s (custom)
2023-08-10 18:36:20,000 [om1-groupManagement] INFO  server.RaftServerConfigKeys (ConfUtils.java:logGet(46)) - raft.server.read.timeout = 10s (default)
2023-08-10 18:36:20,000 [om1-groupManagement] INFO  server.RaftServerConfigKeys (ConfUtils.java:logGet(46)) - raft.server.retrycache.expirytime = 300s (custom)
2023-08-10 18:36:20,000 [om1-groupManagement] INFO  server.RaftServerConfigKeys (ConfUtils.java:logGet(46)) - raft.server.retrycache.statistics.expirytime = 100μs (default)
2023-08-10 18:36:20,000 [om1-groupManagement] INFO  server.RaftServerConfigKeys (ConfUtils.java:logGet(46)) - raft.server.read.option = DEFAULT (default)
2023-08-10 18:36:20,006 [om1-groupManagement] INFO  server.RaftServerConfigKeys (ConfUtils.java:logGet(46)) - raft.server.rpc.request.timeout = 3000ms (default)
2023-08-10 18:36:20,006 [om1-groupManagement] INFO  server.RaftServerConfigKeys (ConfUtils.java:logGet(46)) - raft.server.log.appender.install.snapshot.enabled = false (custom)
2023-08-10 18:36:20,006 [om1-groupManagement] INFO  server.RaftServerConfigKeys (ConfUtils.java:logGet(46)) - raft.server.threadpool.server.cached = true (default)
2023-08-10 18:36:20,007 [om1-groupManagement] INFO  server.RaftServerConfigKeys (ConfUtils.java:logGet(46)) - raft.server.threadpool.server.size = 0 (default)
2023-08-10 18:36:20,007 [om1-groupManagement] INFO  server.RaftServerConfigKeys (ConfUtils.java:logGet(46)) - raft.server.threadpool.client.cached = true (default)
2023-08-10 18:36:20,007 [om1-groupManagement] INFO  server.RaftServerConfigKeys (ConfUtils.java:logGet(46)) - raft.server.threadpool.client.size = 0 (default)
2023-08-10 18:36:20,454 [Time-limited test] INFO  reflections.Reflections (Reflections.java:scan(232)) - Reflections took 460 ms to scan 19 urls, producing 70 keys and 5612 values [using 2 cores]
2023-08-10 18:36:20,457 [Time-limited test] INFO  ipc.CallQueueManager (CallQueueManager.java:<init>(90)) - Using callQueue: class java.util.concurrent.LinkedBlockingQueue, queueCapacity: 10000, scheduler: class org.apache.hadoop.ipc.DefaultRpcScheduler, ipcBackoff: false.
2023-08-10 18:36:20,457 [Time-limited test] INFO  ipc.Server (Server.java:<init>(1287)) - Listener at fv-az194-926.m3vjxkz4xwiufi3h0wurkpa3rg.cx.internal.cloudapp.net:1202
2023-08-10 18:36:20,458 [Socket Reader #1 for port 1202] INFO  ipc.Server (Server.java:run(1323)) - Starting Socket Reader #1 for port 1202
2023-08-10 18:36:20,934 [Time-limited test] INFO  server.StorageContainerManager (StorageContainerManager.java:stop(1591)) - Container Balancer is not running.
2023-08-10 18:36:20,934 [Time-limited test] INFO  server.StorageContainerManager (StorageContainerManager.java:stopReplicationManager(1724)) - Stopping Replication Manager Service.
2023-08-10 18:36:20,934 [Time-limited test] INFO  replication.ReplicationManager (ReplicationManager.java:stop(319)) - Stopping Replication Monitor Thread.
2023-08-10 18:36:20,934 [Under Replicated Processor] WARN  replication.UnhealthyReplicationProcessor (UnhealthyReplicationProcessor.java:run(180)) - Under Replicated Processor interrupted. Exiting...
2023-08-10 18:36:20,935 [Over Replicated Processor] WARN  replication.UnhealthyReplicationProcessor (UnhealthyReplicationProcessor.java:run(180)) - Over Replicated Processor interrupted. Exiting...
2023-08-10 18:36:20,935 [ReplicationMonitor] INFO  replication.ReplicationManager (ReplicationManager.java:run(917)) - Replication Monitor Thread is stopped
2023-08-10 18:36:20,936 [Time-limited test] INFO  server.StorageContainerManager (StorageContainerManager.java:stop(1600)) - Stopping the Datanode Admin Monitor.
2023-08-10 18:36:20,936 [Time-limited test] INFO  server.StorageContainerManager (StorageContainerManager.java:stop(1607)) - Stopping datanode service RPC server
2023-08-10 18:36:20,936 [Time-limited test] INFO  server.SCMDatanodeProtocolServer (SCMDatanodeProtocolServer.java:stop(424)) - Stopping the RPC server for DataNodes
2023-08-10 18:36:20,937 [Time-limited test] INFO  ipc.Server (Server.java:stop(3523)) - Stopping server on 9861
2023-08-10 18:36:20,945 [IPC Server listener on 9861] INFO  ipc.Server (Server.java:run(1434)) - Stopping IPC Server listener on 9861
2023-08-10 18:36:20,952 [IPC Server Responder] INFO  ipc.Server (Server.java:run(1567)) - Stopping IPC Server Responder
2023-08-10 18:36:22,986 [SCM Heartbeat Processing Thread - 0] WARN  node.NodeStateManager (NodeStateManager.java:scheduleNextHealthCheck(874)) - Current Thread is interrupted, shutting down HB processing thread for Node Manager.
2023-08-10 18:36:22,987 [Time-limited test] INFO  server.StorageContainerManager (StorageContainerManager.java:stop(1615)) - Stopping block service RPC server
2023-08-10 18:36:22,987 [Time-limited test] INFO  server.SCMBlockProtocolServer (SCMBlockProtocolServer.java:stop(161)) - Stopping the RPC server for Block Protocol
2023-08-10 18:36:22,987 [Time-limited test] INFO  ipc.Server (Server.java:stop(3523)) - Stopping server on 9863
2023-08-10 18:36:22,990 [IPC Server Responder] INFO  ipc.Server (Server.java:run(1567)) - Stopping IPC Server Responder
2023-08-10 18:36:22,990 [IPC Server listener on 9863] INFO  ipc.Server (Server.java:run(1434)) - Stopping IPC Server listener on 9863
2023-08-10 18:36:22,990 [Time-limited test] INFO  server.StorageContainerManager (StorageContainerManager.java:stop(1622)) - Stopping the StorageContainerLocationProtocol RPC server
2023-08-10 18:36:22,992 [Time-limited test] INFO  server.SCMClientProtocolServer (SCMClientProtocolServer.java:stop(210)) - Stopping the RPC server for Client Protocol
2023-08-10 18:36:22,992 [Time-limited test] INFO  ipc.Server (Server.java:stop(3523)) - Stopping server on 9860
2023-08-10 18:36:22,998 [IPC Server listener on 9860] INFO  ipc.Server (Server.java:run(1434)) - Stopping IPC Server listener on 9860
2023-08-10 18:36:22,998 [IPC Server Responder] INFO  ipc.Server (Server.java:run(1567)) - Stopping IPC Server Responder
2023-08-10 18:36:23,002 [Time-limited test] INFO  server.StorageContainerManager (StorageContainerManager.java:stop(1629)) - Stopping Storage Container Manager HTTP server.
2023-08-10 18:36:23,003 [Time-limited test] INFO  handler.ContextHandler (ContextHandler.java:doStop(1159)) - Stopped o.e.j.w.WebAppContext@164d512b{scm,/,null,STOPPED}{file:/home/runner/work/ozone/ozone/hadoop-ozone/integration-test/target/test-classes/webapps/scm}
2023-08-10 18:36:23,003 [Time-limited test] INFO  server.AbstractConnector (AbstractConnector.java:doStop(383)) - Stopped ServerConnector@9c1eb8d{HTTP/1.1, (http/1.1)}{0.0.0.0:9876}
2023-08-10 18:36:23,004 [Time-limited test] INFO  server.session (HouseKeeper.java:stopScavenging(149)) - node0 Stopped scavenging
2023-08-10 18:36:23,004 [Time-limited test] INFO  handler.ContextHandler (ContextHandler.java:doStop(1159)) - Stopped o.e.j.s.ServletContextHandler@525c925f{static,/static,file:///home/runner/work/ozone/ozone/hadoop-ozone/integration-test/target/test-classes/webapps/static,STOPPED}
2023-08-10 18:36:23,004 [Time-limited test] INFO  handler.ContextHandler (ContextHandler.java:doStop(1159)) - Stopped o.e.j.s.ServletContextHandler@11add6bc{logs,/logs,file:///home/runner/work/ozone/ozone/hadoop-ozone/integration-test/target/log,STOPPED}
2023-08-10 18:36:23,008 [Time-limited test] INFO  server.StorageContainerManager (StorageContainerManager.java:stop(1637)) - Stopping SCM LayoutVersionManager Service.
2023-08-10 18:36:23,010 [Time-limited test] INFO  server.SCMSecurityProtocolServer (SCMSecurityProtocolServer.java:stop(550)) - Stopping the SCMSecurityProtocolServer.
2023-08-10 18:36:23,010 [Time-limited test] INFO  ipc.Server (Server.java:stop(3523)) - Stopping server on 9961
2023-08-10 18:36:23,012 [IPC Server listener on 9961] INFO  ipc.Server (Server.java:run(1434)) - Stopping IPC Server listener on 9961
2023-08-10 18:36:23,015 [Time-limited test] INFO  server.SCMUpdateServiceGrpcServer (SCMUpdateServiceGrpcServer.java:stop(73)) - SCMUpdateService stopping
2023-08-10 18:36:23,015 [Time-limited test] INFO  server.SCMUpdateServiceGrpcServer (SCMUpdateServiceGrpcServer.java:stop(85)) - SCMUpdateService stopped!
2023-08-10 18:36:23,015 [Time-limited test] INFO  server.StorageContainerManager (StorageContainerManager.java:stop(1649)) - Stopping Block Manager Service.
2023-08-10 18:36:23,015 [Time-limited test] INFO  utils.BackgroundService (BackgroundService.java:shutdown(141)) - Shutting down service SCMBlockDeletingService
2023-08-10 18:36:23,017 [Time-limited test] INFO  utils.BackgroundService (BackgroundService.java:shutdown(141)) - Shutting down service SCMBlockDeletingService
2023-08-10 18:36:23,017 [Time-limited test] INFO  server.StorageContainerManager (StorageContainerManager.java:stop(1669)) - Stopping SCM Event Queue.
2023-08-10 18:36:23,017 [JvmPauseMonitor1] INFO  util.JvmPauseMonitor (JvmPauseMonitor.java:run(109)) - JvmPauseMonitor-d23a84dd-098d-4a68-8ea5-67e497b49841: Stopped
2023-08-10 18:36:23,017 [Time-limited test] INFO  server.StorageContainerManager (StorageContainerManager.java:stop(1680)) - Stopping SCM HA services.
2023-08-10 18:36:23,017 [Time-limited test] INFO  pipeline.BackgroundPipelineCreator (BackgroundPipelineCreator.java:stop(149)) - Stopping RatisPipelineUtilsThread.
2023-08-10 18:36:23,018 [RatisPipelineUtilsThread - 0] WARN  pipeline.BackgroundPipelineCreator (BackgroundPipelineCreator.java:run(180)) - RatisPipelineUtilsThread is interrupted.
2023-08-10 18:36:23,018 [Time-limited test] INFO  BackgroundPipelineScrubber (BackgroundSCMService.java:stop(131)) - Stopping BackgroundPipelineScrubber Service.
2023-08-10 18:36:23,018 [BackgroundPipelineScrubberThread] WARN  BackgroundPipelineScrubber (BackgroundSCMService.java:run(115)) - BackgroundPipelineScrubber is interrupted, exit
2023-08-10 18:36:23,018 [Time-limited test] INFO  impl.MetricsSystemImpl (MetricsSystemImpl.java:stop(210)) - Stopping StorageContainerManager metrics system...
2023-08-10 18:36:23,018 [IPC Server Responder] INFO  ipc.Server (Server.java:run(1567)) - Stopping IPC Server Responder
2023-08-10 18:36:23,020 [prometheus] INFO  impl.MetricsSinkAdapter (MetricsSinkAdapter.java:publishMetricsFromQueue(141)) - prometheus thread interrupted.
2023-08-10 18:36:23,022 [Time-limited test] INFO  impl.MetricsSystemImpl (MetricsSystemImpl.java:stop(216)) - StorageContainerManager metrics system stopped.
2023-08-10 18:36:23,022 [Time-limited test] WARN  pipeline.BackgroundPipelineCreator (BackgroundPipelineCreator.java:stop(145)) - RatisPipelineUtilsThread is not running, just ignore.
2023-08-10 18:36:23,022 [Time-limited test] INFO  BackgroundPipelineScrubber (BackgroundSCMService.java:stop(126)) - BackgroundPipelineScrubber Service is not running, skip stop.
2023-08-10 18:36:23,022 [ExpiredContainerReplicaOpScrubberThread] WARN  ExpiredContainerReplicaOpScrubber (BackgroundSCMService.java:run(115)) - ExpiredContainerReplicaOpScrubber is interrupted, exit
2023-08-10 18:36:23,022 [Time-limited test] INFO  ExpiredContainerReplicaOpScrubber (BackgroundSCMService.java:stop(131)) - Stopping ExpiredContainerReplicaOpScrubber Service.
2023-08-10 18:36:23,022 [Time-limited test] INFO  utils.BackgroundService (BackgroundService.java:shutdown(141)) - Shutting down service SCMBlockDeletingService
2023-08-10 18:36:23,022 [Time-limited test] INFO  replication.ReplicationManager (ReplicationManager.java:stop(329)) - Replication Monitor Thread is not running.
2023-08-10 18:36:23,022 [Time-limited test] WARN  balancer.ContainerBalancer (ContainerBalancer.java:stop(326)) - Cannot stop Container Balancer because it's not running or stopping
2023-08-10 18:36:23,022 [Time-limited test] INFO  server.StorageContainerManager (StorageContainerManager.java:stop(1715)) - Stopping SCM MetadataStore.
2023-08-10 18:36:23,023 [Time-limited test] INFO  impl.DefaultInternalKdcServerImpl (DefaultInternalKdcServerImpl.java:doStop(102)) - Default Internal kdc server stopped.
2023-08-10 18:36:24,024 [Time-limited test] INFO  minikdc.MiniKdc (MiniKdc.java:stop(359)) - MiniKdc stopped.
2023-08-10 18:36:24,024 [Time-limited test] INFO  server.StorageContainerManager (StorageContainerManager.java:stop(1580)) - Storage Container Manager is not running.
2023-08-10 18:36:24,024 [Time-limited test] INFO  server.StorageContainerManager (StorageContainerManager.java:stopReplicationManager(1724)) - Stopping Replication Manager Service.
2023-08-10 18:36:24,024 [Time-limited test] INFO  replication.ReplicationManager (ReplicationManager.java:stop(329)) - Replication Monitor Thread is not running.
2023-08-10 18:36:24,024 [Time-limited test] INFO  server.SCMSecurityProtocolServer (SCMSecurityProtocolServer.java:join(560)) - Join RPC server for SCMSecurityProtocolServer.
2023-08-10 18:36:24,024 [Time-limited test] INFO  server.SCMSecurityProtocolServer (SCMSecurityProtocolServer.java:join(562)) - Join gRPC server for SCMSecurityProtocolServer.
2023-08-10 18:36:24,024 [Time-limited test] INFO  om.OzoneManager (OzoneManager.java:stop(2187)) - om1[fv-az194-926.m3vjxkz4xwiufi3h0wurkpa3rg.cx.internal.cloudapp.net:1202]: Stopping Ozone Manager
2023-08-10 18:36:24,024 [Time-limited test] INFO  ipc.Server (Server.java:stop(3523)) - Stopping server on 1202
2023-08-10 18:36:28,043 [Time-limited test] INFO  om.GrpcOzoneManagerServer (GrpcOzoneManagerServer.java:stop(192)) - Server GrpcOzoneManagerServer is shutdown
2023-08-10 18:36:28,043 [Time-limited test] INFO  ratis.OzoneManagerStateMachine (OzoneManagerStateMachine.java:close(534)) - StateMachine has shutdown. Shutdown OzoneManager if not already shutdown.
2023-08-10 18:36:28,044 [Time-limited test] INFO  ratis.OzoneManagerDoubleBuffer (OzoneManagerDoubleBuffer.java:stopDaemon(551)) - Stopping OMDoubleBuffer flush thread
2023-08-10 18:36:28,044 [OMDoubleBufferFlushThread] INFO  ratis.OzoneManagerDoubleBuffer (OzoneManagerDoubleBuffer.java:canFlush(638)) - OMDoubleBuffer flush thread OMDoubleBufferFlushThread is interrupted and will exit.
2023-08-10 18:36:28,044 [Time-limited test] INFO  om.OzoneManager (OzoneManager.java:stopSecretManager(1063)) - Stopping secret key client.
2023-08-10 18:36:28,044 [Time-limited test] INFO  om.OzoneManager (OzoneManager.java:stopSecretManager(1068)) - Stopping OM delegation token secret manager.
2023-08-10 18:36:28,044 [Time-limited test] INFO  rocksdiff.RocksDBCheckpointDiffer (RocksDBCheckpointDiffer.java:close(340)) - Shutting down CompactionDagPruningService.
2023-08-10 18:36:28,045 [Time-limited test] INFO  snapshot.SnapshotDiffManager (SnapshotDiffManager.java:closeExecutorService(1720)) - Shutting down executorService: 'SnapDiffExecutor'
2023-08-10 18:36:28,045 [Time-limited test] INFO  snapshot.SnapshotDiffManager (SnapshotDiffManager.java:closeExecutorService(1720)) - Shutting down executorService: 'SstDumpToolExecutor'
2023-08-10 18:36:28,045 [Time-limited test] INFO  utils.BackgroundService (BackgroundService.java:shutdown(141)) - Shutting down service SnapshotDiffCleanupService
]]></system-out>
  </testcase>
  <testcase name="testGetSetRevokeS3Secret" classname="org.apache.hadoop.ozone.TestSecureOzoneCluster" time="10.224">
    <failure type="java.lang.AssertionError"><![CDATA[java.lang.AssertionError: Values should be different. Actual: f4d0ac527a708a27f2f6d69d0eef5a2854a359546e1bd2c5dfb4734586613718
	at org.junit.Assert.fail(Assert.java:89)
	at org.junit.Assert.failEquals(Assert.java:187)
	at org.junit.Assert.assertNotEquals(Assert.java:163)
	at org.junit.Assert.assertNotEquals(Assert.java:177)
	at org.apache.hadoop.ozone.TestSecureOzoneCluster.testGetSetRevokeS3Secret(TestSecureOzoneCluster.java:749)
	at sun.reflect.NativeMethodAccessorImpl.invoke0(Native Method)
	at sun.reflect.NativeMethodAccessorImpl.invoke(NativeMethodAccessorImpl.java:62)
	at sun.reflect.DelegatingMethodAccessorImpl.invoke(DelegatingMethodAccessorImpl.java:43)
	at java.lang.reflect.Method.invoke(Method.java:498)
	at org.junit.runners.model.FrameworkMethod$1.runReflectiveCall(FrameworkMethod.java:59)
	at org.junit.internal.runners.model.ReflectiveCallable.run(ReflectiveCallable.java:12)
	at org.junit.runners.model.FrameworkMethod.invokeExplosively(FrameworkMethod.java:56)
	at org.junit.internal.runners.statements.InvokeMethod.evaluate(InvokeMethod.java:17)
	at org.junit.internal.runners.statements.RunBefores.evaluate(RunBefores.java:26)
	at org.junit.internal.runners.statements.RunAfters.evaluate(RunAfters.java:27)
	at org.junit.rules.ExternalResource$1.evaluate(ExternalResource.java:54)
	at org.junit.internal.runners.statements.FailOnTimeout$CallableStatement.call(FailOnTimeout.java:288)
	at org.junit.internal.runners.statements.FailOnTimeout$CallableStatement.call(FailOnTimeout.java:282)
	at java.util.concurrent.FutureTask.run(FutureTask.java:266)
	at java.lang.Thread.run(Thread.java:750)
]]></failure>
    <system-out><![CDATA[2023-08-10 18:36:28,066 [Time-limited test] INFO  net.ServerSocketUtil (ServerSocketUtil.java:getPort(55)) - Using port 9860
2023-08-10 18:36:28,066 [Time-limited test] INFO  net.ServerSocketUtil (ServerSocketUtil.java:getPort(55)) - Using port 9861
2023-08-10 18:36:28,066 [Time-limited test] INFO  net.ServerSocketUtil (ServerSocketUtil.java:getPort(55)) - Using port 9863
2023-08-10 18:36:28,067 [Time-limited test] INFO  net.ServerSocketUtil (ServerSocketUtil.java:getPort(55)) - Using port 9961
2023-08-10 18:36:28,067 [Time-limited test] INFO  net.ServerSocketUtil (ServerSocketUtil.java:getPort(55)) - Using port 1200
2023-08-10 18:36:28,067 [Time-limited test] INFO  net.ServerSocketUtil (ServerSocketUtil.java:getPort(55)) - Using port 1201
2023-08-10 18:36:28,067 [Time-limited test] INFO  minikdc.MiniKdc (MiniKdc.java:<init>(225)) - Configuration:
2023-08-10 18:36:28,068 [Time-limited test] INFO  minikdc.MiniKdc (MiniKdc.java:<init>(226)) - ---------------------------------------------------------------
2023-08-10 18:36:28,068 [Time-limited test] INFO  minikdc.MiniKdc (MiniKdc.java:<init>(228)) -   debug: false
2023-08-10 18:36:28,068 [Time-limited test] INFO  minikdc.MiniKdc (MiniKdc.java:<init>(228)) -   transport: TCP
2023-08-10 18:36:28,068 [Time-limited test] INFO  minikdc.MiniKdc (MiniKdc.java:<init>(228)) -   max.ticket.lifetime: 86400000
2023-08-10 18:36:28,068 [Time-limited test] INFO  minikdc.MiniKdc (MiniKdc.java:<init>(228)) -   org.name: EXAMPLE
2023-08-10 18:36:28,068 [Time-limited test] INFO  minikdc.MiniKdc (MiniKdc.java:<init>(228)) -   kdc.port: 0
2023-08-10 18:36:28,068 [Time-limited test] INFO  minikdc.MiniKdc (MiniKdc.java:<init>(228)) -   org.domain: COM
2023-08-10 18:36:28,068 [Time-limited test] INFO  minikdc.MiniKdc (MiniKdc.java:<init>(228)) -   max.renewable.lifetime: 604800000
2023-08-10 18:36:28,068 [Time-limited test] INFO  minikdc.MiniKdc (MiniKdc.java:<init>(228)) -   instance: DefaultKrbServer
2023-08-10 18:36:28,068 [Time-limited test] INFO  minikdc.MiniKdc (MiniKdc.java:<init>(228)) -   kdc.bind.address: localhost
2023-08-10 18:36:28,068 [Time-limited test] INFO  minikdc.MiniKdc (MiniKdc.java:<init>(230)) - ---------------------------------------------------------------
2023-08-10 18:36:28,069 [Time-limited test] INFO  minikdc.MiniKdc (MiniKdc.java:start(285)) - MiniKdc started.
2023-08-10 18:36:28,274 [Time-limited test] INFO  om.OzoneManager (OzoneManager.java:getOmDetailsProto(4555)) - OzoneManager ports added:[name: "RPC"
value: 1202
]
2023-08-10 18:36:28,274 [Time-limited test] WARN  server.ServerUtils (ServerUtils.java:getDBPath(311)) - ozone.om.db.dirs is not configured. We recommend adding this setting. Falling back to ozone.metadata.dirs instead.
2023-08-10 18:36:28,276 [Time-limited test] INFO  ha.OMHANodeDetails (OMHANodeDetails.java:loadOMHAConfig(115)) - ozone.om.internal.service.id is not defined, falling back to ozone.om.service.ids to find serviceID for OzoneManager if it is HA enabled cluster
2023-08-10 18:36:28,276 [Time-limited test] INFO  ha.OMHANodeDetails (OMHANodeDetails.java:loadOMHAConfig(226)) - Configuration does not have ozone.om.address set. Falling back to the default OM address fv-az194-926.m3vjxkz4xwiufi3h0wurkpa3rg.cx.internal.cloudapp.net/10.1.0.69:1202
2023-08-10 18:36:28,276 [Time-limited test] INFO  ha.OMHANodeDetails (OMHANodeDetails.java:getOMNodeDetailsForNonHA(254)) - OM Service ID is not set. Setting it to the default ID: omServiceIdDefault
2023-08-10 18:36:28,276 [Time-limited test] INFO  ha.OMHANodeDetails (OMHANodeDetails.java:getOMNodeDetailsForNonHA(261)) - OM Node ID is not set. Setting it to the default ID: om1
2023-08-10 18:36:28,277 [Time-limited test] WARN  server.ServerUtils (ServerUtils.java:getDBPath(311)) - ozone.om.db.dirs is not configured. We recommend adding this setting. Falling back to ozone.metadata.dirs instead.
2023-08-10 18:36:28,277 [Time-limited test] INFO  upgrade.AbstractLayoutVersionManager (AbstractLayoutVersionManager.java:init(83)) - Initializing Layout version manager with metadata layout = QUOTA (version = 6), software layout = QUOTA (version = 6)
2023-08-10 18:36:28,477 [Time-limited test] INFO  reflections.Reflections (Reflections.java:scan(232)) - Reflections took 199 ms to scan 2 urls, producing 188 keys and 512 values [using 2 cores]
2023-08-10 18:36:28,478 [Time-limited test] INFO  upgrade.OMLayoutVersionManager (OMLayoutVersionManager.java:lambda$0(115)) - Skipping Upgrade Action MockOmUpgradeAction since it has been finalized.
2023-08-10 18:36:28,478 [Time-limited test] INFO  upgrade.OMLayoutVersionManager (OMLayoutVersionManager.java:lambda$0(115)) - Skipping Upgrade Action QuotaRepairUpgradeAction since it has been finalized.
2023-08-10 18:36:28,482 [pool-139-thread-1] INFO  request.KdcRequest (KdcRequest.java:preauth(651)) - The preauth data is empty.
2023-08-10 18:36:28,482 [pool-139-thread-1] INFO  server.KdcHandler (KdcHandler.java:handleRecoverableException(177)) - KRB error occurred while processing request:Additional pre-authentication required
2023-08-10 18:36:28,491 [pool-139-thread-2] INFO  request.AsRequest (AsRequest.java:issueTicket(112)) - AS_REQ ISSUE: authtime 1691692588490,om/fv-az194-926.m3vjxkz4xwiufi3h0wurkpa3rg.cx.internal.cloudapp.net@EXAMPLE.COM for krbtgt/EXAMPLE.COM@EXAMPLE.COM
2023-08-10 18:36:28,492 [Time-limited test] INFO  security.UserGroupInformation (UserGroupInformation.java:loginUserFromKeytab(1132)) - Login successful for user om/fv-az194-926.m3vjxkz4xwiufi3h0wurkpa3rg.cx.internal.cloudapp.net@EXAMPLE.COM using keytab file om.keytab. Keytab auto renewal enabled : false
2023-08-10 18:36:28,492 [Time-limited test] INFO  om.OzoneManager (OzoneManager.java:loginOMUser(1161)) - Ozone Manager login successful.
2023-08-10 18:36:28,492 [Time-limited test] WARN  server.ServerUtils (ServerUtils.java:getDBPath(311)) - ozone.om.db.dirs is not configured. We recommend adding this setting. Falling back to ozone.metadata.dirs instead.
2023-08-10 18:36:28,493 [Time-limited test] INFO  proxy.SCMBlockLocationFailoverProxyProvider (SCMBlockLocationFailoverProxyProvider.java:<init>(114)) - Created block location fail-over proxy with 1 nodes: [nodeId=scmNodeId,nodeAddress=localhost/127.0.0.1:9863]
2023-08-10 18:36:28,495 [Time-limited test] INFO  om.OzoneManager (OzoneManager.java:getOmDetailsProto(4555)) - OzoneManager ports added:[name: "RPC"
value: 1202
]
2023-08-10 18:36:28,496 [Time-limited test] INFO  security.OMCertificateClient (DefaultCertificateClient.java:updateCertSerialId(1244)) - Certificate serial ID set to 9879877970576
2023-08-10 18:36:28,496 [Time-limited test] WARN  security.OMCertificateClient (DefaultCertificateClient.java:loadAllCertificates(173)) - Certificates could not be loaded.
java.nio.file.NoSuchFileException: /tmp/junit781477064856697105/junit7487466675282982880/om-meta/om/certs
	at sun.nio.fs.UnixException.translateToIOException(UnixException.java:86)
	at sun.nio.fs.UnixException.rethrowAsIOException(UnixException.java:102)
	at sun.nio.fs.UnixException.rethrowAsIOException(UnixException.java:107)
	at sun.nio.fs.UnixFileSystemProvider.newDirectoryStream(UnixFileSystemProvider.java:427)
	at java.nio.file.Files.newDirectoryStream(Files.java:457)
	at java.nio.file.Files.list(Files.java:3451)
	at org.apache.hadoop.hdds.security.x509.certificate.client.DefaultCertificateClient.loadAllCertificates(DefaultCertificateClient.java:168)
	at org.apache.hadoop.hdds.security.x509.certificate.client.DefaultCertificateClient.updateCertSerialId(DefaultCertificateClient.java:1245)
	at org.apache.hadoop.hdds.security.x509.certificate.client.DefaultCertificateClient.<init>(DefaultCertificateClient.java:157)
	at org.apache.hadoop.hdds.security.x509.certificate.client.CommonCertificateClient.<init>(CommonCertificateClient.java:49)
	at org.apache.hadoop.ozone.security.OMCertificateClient.<init>(OMCertificateClient.java:68)
	at org.apache.hadoop.ozone.om.OzoneManager.<init>(OzoneManager.java:640)
	at org.apache.hadoop.ozone.om.OzoneManager.createOm(OzoneManager.java:754)
	at org.apache.hadoop.ozone.TestSecureOzoneCluster.setupOm(TestSecureOzoneCluster.java:701)
	at org.apache.hadoop.ozone.TestSecureOzoneCluster.testGetSetRevokeS3Secret(TestSecureOzoneCluster.java:708)
	at sun.reflect.NativeMethodAccessorImpl.invoke0(Native Method)
	at sun.reflect.NativeMethodAccessorImpl.invoke(NativeMethodAccessorImpl.java:62)
	at sun.reflect.DelegatingMethodAccessorImpl.invoke(DelegatingMethodAccessorImpl.java:43)
	at java.lang.reflect.Method.invoke(Method.java:498)
	at org.junit.runners.model.FrameworkMethod$1.runReflectiveCall(FrameworkMethod.java:59)
	at org.junit.internal.runners.model.ReflectiveCallable.run(ReflectiveCallable.java:12)
	at org.junit.runners.model.FrameworkMethod.invokeExplosively(FrameworkMethod.java:56)
	at org.junit.internal.runners.statements.InvokeMethod.evaluate(InvokeMethod.java:17)
	at org.junit.internal.runners.statements.RunBefores.evaluate(RunBefores.java:26)
	at org.junit.internal.runners.statements.RunAfters.evaluate(RunAfters.java:27)
	at org.junit.rules.ExternalResource$1.evaluate(ExternalResource.java:54)
	at org.junit.internal.runners.statements.FailOnTimeout$CallableStatement.call(FailOnTimeout.java:288)
	at org.junit.internal.runners.statements.FailOnTimeout$CallableStatement.call(FailOnTimeout.java:282)
	at java.util.concurrent.FutureTask.run(FutureTask.java:266)
	at java.lang.Thread.run(Thread.java:750)
2023-08-10 18:36:28,497 [Time-limited test] INFO  om.OzoneManager (OzoneManager.java:<init>(662)) - OM start with adminUsers: [scm/fv-az194-926.m3vjxkz4xwiufi3h0wurkpa3rg.cx.internal.cloudapp.net@EXAMPLE.COM, om]
2023-08-10 18:36:28,498 [Time-limited test] WARN  server.ServerUtils (ServerUtils.java:getDBPath(311)) - ozone.om.db.dirs is not configured. We recommend adding this setting. Falling back to ozone.metadata.dirs instead.
2023-08-10 18:36:28,498 [Time-limited test] INFO  helpers.OmKeyInfo (OmKeyInfo.java:getCodec(71)) - OmKeyInfo.getCodec ignorePipeline = true
2023-08-10 18:36:28,644 [Time-limited test] INFO  om.OzoneManager (OzoneManager.java:instantiateServices(791)) - S3 Multi-Tenancy is disabled
2023-08-10 18:36:28,645 [Time-limited test] INFO  security.OzoneSecretStore (OzoneSecretStore.java:loadState(69)) - Loaded 0 tokens
2023-08-10 18:36:28,645 [Time-limited test] INFO  security.OzoneDelegationTokenSecretManager (OzoneDelegationTokenSecretManager.java:loadTokenSecretState(530)) - Loading token state into token manager.
2023-08-10 18:36:28,645 [Time-limited test] INFO  om.OmSnapshotManager (OmSnapshotManager.java:<init>(175)) - Ozone filesystem snapshot feature is enabled.
2023-08-10 18:36:28,646 [Time-limited test] WARN  server.ServerUtils (ServerUtils.java:getDBPath(311)) - ozone.om.snapshot.diff.db.dir is not configured. We recommend adding this setting. Falling back to ozone.metadata.dirs instead.
2023-08-10 18:36:28,660 [Time-limited test] INFO  snapshot.SnapshotDiffManager (SnapshotDiffManager.java:closeExecutorService(1720)) - Shutting down executorService: 'SstDumpToolExecutor'
2023-08-10 18:36:28,670 [Time-limited test] INFO  om.OzoneManager (OzoneManager.java:addS3GVolumeToDB(4287)) - Created Volume s3v With Owner om required for S3Gateway operations.
2023-08-10 18:36:28,670 [Time-limited test] WARN  server.ServerUtils (ServerUtils.java:getDefaultRatisDirectory(323)) - Storage directory for Ratis is not configured. It is a good idea to map this to an SSD disk. Falling back to ozone.metadata.dirs
2023-08-10 18:36:28,670 [Time-limited test] WARN  utils.OzoneManagerRatisUtils (OzoneManagerRatisUtils.java:getOMRatisSnapshotDirectory(461)) - ozone.om.ratis.snapshot.dir is not configured. Falling back to ozone.metadata.dirs config
2023-08-10 18:36:28,670 [Time-limited test] WARN  server.ServerUtils (ServerUtils.java:getDefaultRatisDirectory(323)) - Storage directory for Ratis is not configured. It is a good idea to map this to an SSD disk. Falling back to ozone.metadata.dirs
2023-08-10 18:36:28,671 [Time-limited test] INFO  ratis.OzoneManagerRatisServer (OzoneManagerRatisServer.java:<init>(163)) - Instantiating OM Ratis server with groupID: omServiceIdDefault and peers: fv-az194-926.m3vjxkz4xwiufi3h0wurkpa3rg.cx.internal.cloudapp.net:9872
2023-08-10 18:36:28,672 [Time-limited test] INFO  ratis.OzoneManagerStateMachine (OzoneManagerStateMachine.java:loadSnapshotInfoFromDB(687)) - LastAppliedIndex is set from TransactionInfo from OM DB as (t:0, i:~)
2023-08-10 18:36:28,674 [Time-limited test] INFO  server.RaftServer (ConfUtils.java:logGet(46)) - raft.rpc.type = GRPC (default)
2023-08-10 18:36:28,675 [Time-limited test] INFO  grpc.GrpcConfigKeys (ConfUtils.java:logFallback(53)) - raft.grpc.admin.host = null (fallback to raft.grpc.server.host)
2023-08-10 18:36:28,675 [Time-limited test] INFO  grpc.GrpcConfigKeys (ConfUtils.java:logFallback(53)) - raft.grpc.admin.port = 9872 (fallback to raft.grpc.server.port)
2023-08-10 18:36:28,675 [Time-limited test] INFO  grpc.GrpcConfigKeys (ConfUtils.java:logFallback(53)) - raft.grpc.client.host = null (fallback to raft.grpc.server.host)
2023-08-10 18:36:28,675 [Time-limited test] INFO  grpc.GrpcConfigKeys (ConfUtils.java:logFallback(53)) - raft.grpc.client.port = 9872 (fallback to raft.grpc.server.port)
2023-08-10 18:36:28,675 [Time-limited test] INFO  grpc.GrpcConfigKeys (ConfUtils.java:logGet(46)) - raft.grpc.server.host = null (default)
2023-08-10 18:36:28,675 [Time-limited test] INFO  grpc.GrpcConfigKeys (ConfUtils.java:logGet(46)) - raft.grpc.server.port = 9872 (custom)
2023-08-10 18:36:28,675 [Time-limited test] INFO  server.GrpcService (ConfUtils.java:logGet(46)) - raft.grpc.message.size.max = 33554432 (custom)
2023-08-10 18:36:28,675 [Time-limited test] INFO  server.RaftServerConfigKeys (ConfUtils.java:logGet(46)) - raft.server.log.appender.buffer.byte-limit = 33554432 (custom)
2023-08-10 18:36:28,675 [Time-limited test] INFO  server.GrpcService (ConfUtils.java:logGet(46)) - raft.grpc.flow.control.window = 1MB (=1048576) (default)
2023-08-10 18:36:28,675 [Time-limited test] INFO  server.RaftServerConfigKeys (ConfUtils.java:logGet(46)) - raft.server.rpc.request.timeout = 3000ms (default)
2023-08-10 18:36:28,675 [Time-limited test] INFO  grpc.GrpcConfigKeys (ConfUtils.java:logGet(46)) - raft.grpc.server.heartbeat.channel = true (default)
2023-08-10 18:36:28,675 [Time-limited test] INFO  grpc.GrpcConfigKeys (ConfUtils.java:logGet(46)) - raft.grpc.server.async.request.thread.pool.cached = true (default)
2023-08-10 18:36:28,675 [Time-limited test] INFO  grpc.GrpcConfigKeys (ConfUtils.java:logGet(46)) - raft.grpc.server.async.request.thread.pool.size = 32 (default)
2023-08-10 18:36:28,677 [Time-limited test] INFO  impl.DataStreamServerImpl (ConfUtils.java:logGet(46)) - raft.datastream.type = DISABLED (default)
2023-08-10 18:36:28,677 [Time-limited test] INFO  server.RaftServerConfigKeys (ConfUtils.java:logGet(46)) - raft.server.threadpool.proxy.cached = true (default)
2023-08-10 18:36:28,677 [Time-limited test] INFO  server.RaftServerConfigKeys (ConfUtils.java:logGet(46)) - raft.server.threadpool.proxy.size = 0 (default)
2023-08-10 18:36:28,677 [Time-limited test] INFO  server.RaftServerConfigKeys (ConfUtils.java:logGet(46)) - raft.server.rpc.slowness.timeout = 120s (custom)
2023-08-10 18:36:28,677 [Time-limited test] INFO  server.RaftServerConfigKeys (ConfUtils.java:logGet(46)) - raft.server.leaderelection.leader.step-down.wait-time = 10s (default)
2023-08-10 18:36:28,677 [Time-limited test] INFO  server.RaftServerConfigKeys (ConfUtils.java:logGet(46)) - raft.server.storage.dir = [/tmp/junit781477064856697105/junit7487466675282982880/om-meta/ratis] (custom)
2023-08-10 18:36:28,678 [Time-limited test] INFO  server.RaftServer (RaftServerProxy.java:addNew(98)) - om1: addNew group-C5BA1605619E:[om1|rpc:fv-az194-926.m3vjxkz4xwiufi3h0wurkpa3rg.cx.internal.cloudapp.net:9872|priority:0|startupRole:FOLLOWER] returns group-C5BA1605619E:java.util.concurrent.CompletableFuture@24607be9[Not completed]
2023-08-10 18:36:28,678 [om1-groupManagement] INFO  server.RaftServer$Division (OzoneManager.java:initializeRatisServer(2128)) - OzoneManager Ratis server initialized at port 9872
RaftServerImpl.java:<init>(198)) - om1: new RaftServerImpl for group-C5BA1605619E:[om1|rpc:fv-az194-926.m3vjxkz4xwiufi3h0wurkpa3rg.cx.internal.cloudapp.net:9872|priority:0|startupRole:FOLLOWER] with OzoneManagerStateMachine:uninitialized
2023-08-10 18:36:28,678 [Time-limited test] INFO  om.OzoneManager (OzoneManager.java:initializeRatisServer(2128)) - OzoneManager Ratis server initialized at port 9872
2023-08-10 18:36:28,678 [Time-limited test] INFO  om.OzoneManager (ConfUtils.java:logGet(46)) - raft.server.rpc.timeout.min = 5s (custom)
2023-08-10 18:36:28,678 [Time-limited test] INFO  om.OzoneManager (OzoneManager.java:getRpcServer(1193)) - Creating RPC Server
2023-08-10 18:36:28,678 [om1-groupManagement] INFO  server.RaftServerConfigKeys (ConfUtils.java:logGet(46)) - raft.server.rpc.timeout.max = 5200ms (custom)
2023-08-10 18:36:28,678 [om1-groupManagement] INFO  server.RaftServerConfigKeys (ConfUtils.java:logGet(46)) - raft.server.rpc.sleep.time = 25ms (default)
2023-08-10 18:36:28,678 [om1-groupManagement] INFO  server.RaftServerConfigKeys (ConfUtils.java:logGet(46)) - raft.server.rpc.slowness.timeout = 120s (custom)
2023-08-10 18:36:28,679 [om1-groupManagement] INFO  server.RaftServerConfigKeys (ConfUtils.java:logGet(46)) - raft.server.leaderelection.leader.step-down.wait-time = 10s (default)
2023-08-10 18:36:28,679 [om1-groupManagement] INFO  server.RaftServerConfigKeys (ConfUtils.java:logGet(46)) - raft.server.sleep.deviation.threshold = 300ms (default)
2023-08-10 18:36:28,679 [om1-groupManagement] INFO  server.RaftServer$Division (ServerState.java:<init>(120)) - om1@group-C5BA1605619E: ConfigurationManager, init=-1: peers:[om1|rpc:fv-az194-926.m3vjxkz4xwiufi3h0wurkpa3rg.cx.internal.cloudapp.net:9872|priority:0|startupRole:FOLLOWER]|listeners:[], old=null, confs=<EMPTY_MAP>
2023-08-10 18:36:28,679 [om1-groupManagement] INFO  server.RaftServerConfigKeys (ConfUtils.java:logGet(46)) - raft.server.storage.dir = [/tmp/junit781477064856697105/junit7487466675282982880/om-meta/ratis] (custom)
2023-08-10 18:36:28,679 [om1-groupManagement] INFO  server.RaftServerConfigKeys (ConfUtils.java:logGet(46)) - raft.server.log.corruption.policy = EXCEPTION (default)
2023-08-10 18:36:28,679 [om1-groupManagement] INFO  server.RaftServerConfigKeys (ConfUtils.java:logGet(46)) - raft.server.storage.free-space.min = 0MB (=0) (default)
2023-08-10 18:36:28,679 [om1-groupManagement] INFO  server.RaftServerConfigKeys (ConfUtils.java:logGet(46)) - raft.server.notification.no-leader.timeout = 120s (custom)
2023-08-10 18:36:28,679 [om1-groupManagement] INFO  server.RaftServerConfigKeys (ConfUtils.java:logGet(46)) - raft.server.read.timeout = 10s (default)
2023-08-10 18:36:28,679 [om1-groupManagement] INFO  server.RaftServerConfigKeys (ConfUtils.java:logGet(46)) - raft.server.retrycache.expirytime = 300s (custom)
2023-08-10 18:36:28,679 [om1-groupManagement] INFO  server.RaftServerConfigKeys (ConfUtils.java:logGet(46)) - raft.server.retrycache.statistics.expirytime = 100μs (default)
2023-08-10 18:36:28,679 [om1-groupManagement] INFO  server.RaftServerConfigKeys (ConfUtils.java:logGet(46)) - raft.server.read.option = DEFAULT (default)
2023-08-10 18:36:28,680 [om1-groupManagement] INFO  server.RaftServerConfigKeys (ConfUtils.java:logGet(46)) - raft.server.rpc.request.timeout = 3000ms (default)
2023-08-10 18:36:28,680 [om1-groupManagement] INFO  server.RaftServerConfigKeys (ConfUtils.java:logGet(46)) - raft.server.log.appender.install.snapshot.enabled = false (custom)
2023-08-10 18:36:28,680 [om1-groupManagement] INFO  server.RaftServerConfigKeys (ConfUtils.java:logGet(46)) - raft.server.threadpool.server.cached = true (default)
2023-08-10 18:36:28,680 [om1-groupManagement] INFO  server.RaftServerConfigKeys (ConfUtils.java:logGet(46)) - raft.server.threadpool.server.size = 0 (default)
2023-08-10 18:36:28,680 [om1-groupManagement] INFO  server.RaftServerConfigKeys (ConfUtils.java:logGet(46)) - raft.server.threadpool.client.cached = true (default)
2023-08-10 18:36:28,680 [om1-groupManagement] INFO  server.RaftServerConfigKeys (ConfUtils.java:logGet(46)) - raft.server.threadpool.client.size = 0 (default)
2023-08-10 18:36:29,070 [Time-limited test] INFO  reflections.Reflections (Reflections.java:scan(232)) - Reflections took 391 ms to scan 19 urls, producing 70 keys and 5612 values [using 2 cores]
2023-08-10 18:36:29,071 [Time-limited test] INFO  ipc.CallQueueManager (CallQueueManager.java:<init>(90)) - Using callQueue: class java.util.concurrent.LinkedBlockingQueue, queueCapacity: 10000, scheduler: class org.apache.hadoop.ipc.DefaultRpcScheduler, ipcBackoff: false.
2023-08-10 18:36:29,072 [Time-limited test] INFO  ipc.Server (Server.java:<init>(1287)) - Listener at fv-az194-926.m3vjxkz4xwiufi3h0wurkpa3rg.cx.internal.cloudapp.net:1202
2023-08-10 18:36:29,073 [Socket Reader #1 for port 1202] INFO  ipc.Server (Server.java:run(1323)) - Starting Socket Reader #1 for port 1202
2023-08-10 18:36:29,784 [Time-limited test] INFO  utils.SelfSignedCertificate (SelfSignedCertificate.java:generateCertificate(157)) - Certificate 1 is issued by CN=rootCA@localhost,OU=scm1,O=cluster1 to CN=rootCA@localhost,OU=scm1,O=cluster1, valid from Thu Aug 10 18:36:29 UTC 2023 to Sun Sep 17 18:36:29 UTC 2028
2023-08-10 18:36:29,787 [Time-limited test] INFO  authority.DefaultApprover (DefaultApprover.java:sign(154)) - Extensions in CSR: 2.5.29.15
2023-08-10 18:36:29,788 [Time-limited test] INFO  authority.DefaultApprover (DefaultApprover.java:sign(158)) - Extensions to add to the certificate if they present in CSR: 2.5.29.17, 2.5.29.19, 1.3.6.1.5.5.7.1.12, 2.5.29.35, 2.5.29.37, 2.5.29.15
2023-08-10 18:36:29,797 [Time-limited test] INFO  ssl.ReloadingX509KeyManager (ReloadingX509KeyManager.java:loadKeyManager(222)) - Key manager is loaded with certificate chain
2023-08-10 18:36:29,802 [Time-limited test] INFO  ssl.ReloadingX509KeyManager (ReloadingX509KeyManager.java:loadKeyManager(224)) - [
[
  Version: V3
  Subject: O=cluster1, OU=scm1, CN=localhost
  Signature Algorithm: SHA256withRSA, OID = 1.2.840.113549.1.1.11

  Key:  Sun RSA public key, 2048 bits
  params: null
  modulus: 23184954372449033324762297120209886405869836551792344801204025716873516138747017911201328285796392540656002034342855997057099234976814718893212068596569328202671951222999140454516776601061153041108115754032533598938325155376187099629906653684681647736091466694233132308688627393244777328333561050646395944707501278527004620367321115203213982520241119529591273510286513891631210182922855922721690251743067906073843772552863037763669749351144900740381522252370496212585215076210104418740185682829359923512559958210501737288076948880505047468652334614767560062032777843026229573424126209436254573114579000937334926693069
  public exponent: 65537
  Validity: [From: Thu Aug 10 18:36:29 UTC 2023,
               To: Fri Aug 09 18:36:29 UTC 2024]
  Issuer: O=cluster1, OU=scm1, CN=rootCA@localhost
  SerialNumber: [    0168daf8 d0fd]

Certificate Extensions: 1
[1]: ObjectId: 2.5.29.15 Criticality=true
KeyUsage [
  DigitalSignature
  Key_Encipherment
  Data_Encipherment
  Key_Agreement
]

]
  Algorithm: [SHA256withRSA]
  Signature:
0000: 97 93 62 13 DC 86 DE 2F   CE B3 78 67 E5 A4 FE E9  ..b..../..xg....
0010: 95 76 D6 05 97 9E CC 56   3D FB 10 0E 59 26 65 30  .v.....V=...Y&e0
0020: C0 5E 82 5E 83 CA F8 81   F3 55 A8 E5 4B C8 CD 68  .^.^.....U..K..h
0030: 29 E8 76 52 E3 55 15 51   49 9D DA 9D 06 B1 4B E4  ).vR.U.QI.....K.
0040: 1D 1F 4B 4A F2 B8 D0 67   8A 88 B8 CA 15 C3 9B 65  ..KJ...g.......e
0050: 10 3D 26 C9 1A D5 A5 D7   CC 30 36 63 0C 92 3C 0A  .=&......06c..<.
0060: 89 17 B9 B7 5C 23 7C F0   BF 89 7B D4 1C CC 70 0D  ....\#........p.
0070: AB 10 B2 CD B1 25 23 DF   0F 64 87 D7 7C 38 69 83  .....%#..d...8i.
0080: E7 4B 48 62 DC 08 0C 32   89 7F 41 FA C7 12 7F D3  .KHb...2..A.....
0090: BF 9C A9 86 19 F2 EE 12   E1 54 EE AE 2C 14 47 2B  .........T..,.G+
00A0: 66 9F 59 18 B4 4C 92 B3   77 DA 7F B5 BD 03 B8 CA  f.Y..L..w.......
00B0: C9 DB F3 3E 23 A9 FF 47   4C 8F 4F 3A C7 4E 94 EF  ...>#..GL.O:.N..
00C0: EF BE DA 20 A6 00 11 55   77 1E 7E 77 42 4D FE C6  ... ...Uw..wBM..
00D0: 30 25 1F 0E 01 5D B2 BD   A9 00 20 F4 76 54 4D 59  0%...].... .vTMY
00E0: B5 0C 5D 49 92 A3 DF 62   0C 49 75 FE A6 FA 82 75  ..]I...b.Iu....u
00F0: AC DC C8 4E 10 29 0F 60   13 D2 FB 6D E9 92 35 41  ...N.).`...m..5A

]
2023-08-10 18:36:29,803 [Time-limited test] INFO  ssl.ReloadingX509KeyManager (ReloadingX509KeyManager.java:loadKeyManager(224)) - [
[
  Version: V3
  Subject: O=cluster1, OU=scm1, CN=rootCA@localhost
  Signature Algorithm: SHA256withRSA, OID = 1.2.840.113549.1.1.11

  Key:  Sun RSA public key, 2048 bits
  params: null
  modulus: 21888683691766170860738377960099350251017862387196310613882542108427204950211986752556380264743354230321780309486662851639399614111161954617641962743379820503253135565225335010417734746562205868641773692209485522998398551596849201007235138315116493918656357180727268156453932672774151049531429699599969687574200678381114131416942615840979484832765894843444277761537870801424795825989229732154911512337038119757994585265722088309388339278465236232627713414087728834850978452269819862639089655907436369331630253797732285126134296798759709249869157212003650703485304252725565054206026135807941601428438200009144624480633
  public exponent: 65537
  Validity: [From: Thu Aug 10 18:36:29 UTC 2023,
               To: Sun Sep 17 18:36:29 UTC 2028]
  Issuer: O=cluster1, OU=scm1, CN=rootCA@localhost
  SerialNumber: [    01]

Certificate Extensions: 2
[1]: ObjectId: 2.5.29.19 Criticality=true
BasicConstraints:[
  CA:true
  PathLen:2147483647
]

[2]: ObjectId: 2.5.29.15 Criticality=true
KeyUsage [
  Key_CertSign
  Crl_Sign
]

]
  Algorithm: [SHA256withRSA]
  Signature:
0000: 98 1B 96 DE D7 71 A0 4B   27 2B B8 C9 AF 66 6C EB  .....q.K'+...fl.
0010: 1D 4E 7A 89 22 A7 0E 1E   46 42 3F 54 25 A4 C1 2C  .Nz."...FB?T%..,
0020: 91 76 79 6D 19 D4 39 EB   5E 69 BC 09 0A CB 66 43  .vym..9.^i....fC
0030: 08 E3 21 F3 3B C2 2E 73   53 4A C3 4A A9 DC 81 E5  ..!.;..sSJ.J....
0040: 7F 23 12 7D EA 55 E7 05   EA 16 9A A4 53 F1 AC BF  .#...U......S...
0050: F3 83 C5 C8 C1 DC A6 AF   E2 29 C4 26 4E 29 89 8B  .........).&N)..
0060: E6 D1 AA C6 21 53 0F 20   12 11 7B 7E 21 CF 7E 89  ....!S. ....!...
0070: 55 9A DC F0 31 AB 4C FD   F6 F2 9C E7 42 52 E1 55  U...1.L.....BR.U
0080: CA 04 AB EF 0E 23 E2 67   B4 AB 7A 7F 4B 9A A0 3E  .....#.g..z.K..>
0090: CD CB 2B CB D6 FE 7C EC   24 F2 F4 E5 04 FD AA F1  ..+.....$.......
00A0: 4A 9C 08 DD 76 53 F4 D1   7E 3E D6 70 DE D7 F0 35  J...vS...>.p...5
00B0: 32 43 32 D4 DF 43 8B 56   17 82 F6 A3 04 41 42 72  2C2..C.V.....ABr
00C0: 12 A9 61 61 7F A9 0E 9D   C5 F2 98 41 2B D5 C7 8F  ..aa.......A+...
00D0: F5 70 6E AE B5 75 FA 7E   4C 5B 9F 16 EC 3D 85 9A  .pn..u..L[...=..
00E0: 94 F9 7A F5 2E 8D FA 47   3D E2 0B FD B3 4F 3E 66  ..z....G=....O>f
00F0: 34 5A 9C EC 13 C2 20 FF   53 AD 13 EF AF 23 65 C7  4Z.... .S....#e.

]
2023-08-10 18:36:29,807 [Time-limited test] INFO  ssl.ReloadingX509TrustManager (ReloadingX509TrustManager.java:insertCertsToKeystore(188)) - Trust manager is loaded with certificates
2023-08-10 18:36:29,808 [Time-limited test] INFO  ssl.ReloadingX509TrustManager (ReloadingX509TrustManager.java:insertCertsToKeystore(192)) - [
[
  Version: V3
  Subject: O=cluster1, OU=scm1, CN=rootCA@localhost
  Signature Algorithm: SHA256withRSA, OID = 1.2.840.113549.1.1.11

  Key:  Sun RSA public key, 2048 bits
  params: null
  modulus: 21888683691766170860738377960099350251017862387196310613882542108427204950211986752556380264743354230321780309486662851639399614111161954617641962743379820503253135565225335010417734746562205868641773692209485522998398551596849201007235138315116493918656357180727268156453932672774151049531429699599969687574200678381114131416942615840979484832765894843444277761537870801424795825989229732154911512337038119757994585265722088309388339278465236232627713414087728834850978452269819862639089655907436369331630253797732285126134296798759709249869157212003650703485304252725565054206026135807941601428438200009144624480633
  public exponent: 65537
  Validity: [From: Thu Aug 10 18:36:29 UTC 2023,
               To: Sun Sep 17 18:36:29 UTC 2028]
  Issuer: O=cluster1, OU=scm1, CN=rootCA@localhost
  SerialNumber: [    01]

Certificate Extensions: 2
[1]: ObjectId: 2.5.29.19 Criticality=true
BasicConstraints:[
  CA:true
  PathLen:2147483647
]

[2]: ObjectId: 2.5.29.15 Criticality=true
KeyUsage [
  Key_CertSign
  Crl_Sign
]

]
  Algorithm: [SHA256withRSA]
  Signature:
0000: 98 1B 96 DE D7 71 A0 4B   27 2B B8 C9 AF 66 6C EB  .....q.K'+...fl.
0010: 1D 4E 7A 89 22 A7 0E 1E   46 42 3F 54 25 A4 C1 2C  .Nz."...FB?T%..,
0020: 91 76 79 6D 19 D4 39 EB   5E 69 BC 09 0A CB 66 43  .vym..9.^i....fC
0030: 08 E3 21 F3 3B C2 2E 73   53 4A C3 4A A9 DC 81 E5  ..!.;..sSJ.J....
0040: 7F 23 12 7D EA 55 E7 05   EA 16 9A A4 53 F1 AC BF  .#...U......S...
0050: F3 83 C5 C8 C1 DC A6 AF   E2 29 C4 26 4E 29 89 8B  .........).&N)..
0060: E6 D1 AA C6 21 53 0F 20   12 11 7B 7E 21 CF 7E 89  ....!S. ....!...
0070: 55 9A DC F0 31 AB 4C FD   F6 F2 9C E7 42 52 E1 55  U...1.L.....BR.U
0080: CA 04 AB EF 0E 23 E2 67   B4 AB 7A 7F 4B 9A A0 3E  .....#.g..z.K..>
0090: CD CB 2B CB D6 FE 7C EC   24 F2 F4 E5 04 FD AA F1  ..+.....$.......
00A0: 4A 9C 08 DD 76 53 F4 D1   7E 3E D6 70 DE D7 F0 35  J...vS...>.p...5
00B0: 32 43 32 D4 DF 43 8B 56   17 82 F6 A3 04 41 42 72  2C2..C.V.....ABr
00C0: 12 A9 61 61 7F A9 0E 9D   C5 F2 98 41 2B D5 C7 8F  ..aa.......A+...
00D0: F5 70 6E AE B5 75 FA 7E   4C 5B 9F 16 EC 3D 85 9A  .pn..u..L[...=..
00E0: 94 F9 7A F5 2E 8D FA 47   3D E2 0B FD B3 4F 3E 66  ..z....G=....O>f
00F0: 34 5A 9C EC 13 C2 20 FF   53 AD 13 EF AF 23 65 C7  4Z.... .S....#e.

]
2023-08-10 18:36:29,811 [Time-limited test] INFO  ssl.ReloadingX509KeyManager (ReloadingX509KeyManager.java:loadKeyManager(222)) - Key manager is loaded with certificate chain
2023-08-10 18:36:29,811 [Time-limited test] INFO  ssl.ReloadingX509KeyManager (ReloadingX509KeyManager.java:loadKeyManager(224)) - [
[
  Version: V3
  Subject: O=cluster1, OU=scm1, CN=localhost
  Signature Algorithm: SHA256withRSA, OID = 1.2.840.113549.1.1.11

  Key:  Sun RSA public key, 2048 bits
  params: null
  modulus: 23184954372449033324762297120209886405869836551792344801204025716873516138747017911201328285796392540656002034342855997057099234976814718893212068596569328202671951222999140454516776601061153041108115754032533598938325155376187099629906653684681647736091466694233132308688627393244777328333561050646395944707501278527004620367321115203213982520241119529591273510286513891631210182922855922721690251743067906073843772552863037763669749351144900740381522252370496212585215076210104418740185682829359923512559958210501737288076948880505047468652334614767560062032777843026229573424126209436254573114579000937334926693069
  public exponent: 65537
  Validity: [From: Thu Aug 10 18:36:29 UTC 2023,
               To: Fri Aug 09 18:36:29 UTC 2024]
  Issuer: O=cluster1, OU=scm1, CN=rootCA@localhost
  SerialNumber: [    0168daf8 d0fd]

Certificate Extensions: 1
[1]: ObjectId: 2.5.29.15 Criticality=true
KeyUsage [
  DigitalSignature
  Key_Encipherment
  Data_Encipherment
  Key_Agreement
]

]
  Algorithm: [SHA256withRSA]
  Signature:
0000: 97 93 62 13 DC 86 DE 2F   CE B3 78 67 E5 A4 FE E9  ..b..../..xg....
0010: 95 76 D6 05 97 9E CC 56   3D FB 10 0E 59 26 65 30  .v.....V=...Y&e0
0020: C0 5E 82 5E 83 CA F8 81   F3 55 A8 E5 4B C8 CD 68  .^.^.....U..K..h
0030: 29 E8 76 52 E3 55 15 51   49 9D DA 9D 06 B1 4B E4  ).vR.U.QI.....K.
0040: 1D 1F 4B 4A F2 B8 D0 67   8A 88 B8 CA 15 C3 9B 65  ..KJ...g.......e
0050: 10 3D 26 C9 1A D5 A5 D7   CC 30 36 63 0C 92 3C 0A  .=&......06c..<.
0060: 89 17 B9 B7 5C 23 7C F0   BF 89 7B D4 1C CC 70 0D  ....\#........p.
0070: AB 10 B2 CD B1 25 23 DF   0F 64 87 D7 7C 38 69 83  .....%#..d...8i.
0080: E7 4B 48 62 DC 08 0C 32   89 7F 41 FA C7 12 7F D3  .KHb...2..A.....
0090: BF 9C A9 86 19 F2 EE 12   E1 54 EE AE 2C 14 47 2B  .........T..,.G+
00A0: 66 9F 59 18 B4 4C 92 B3   77 DA 7F B5 BD 03 B8 CA  f.Y..L..w.......
00B0: C9 DB F3 3E 23 A9 FF 47   4C 8F 4F 3A C7 4E 94 EF  ...>#..GL.O:.N..
00C0: EF BE DA 20 A6 00 11 55   77 1E 7E 77 42 4D FE C6  ... ...Uw..wBM..
00D0: 30 25 1F 0E 01 5D B2 BD   A9 00 20 F4 76 54 4D 59  0%...].... .vTMY
00E0: B5 0C 5D 49 92 A3 DF 62   0C 49 75 FE A6 FA 82 75  ..]I...b.Iu....u
00F0: AC DC C8 4E 10 29 0F 60   13 D2 FB 6D E9 92 35 41  ...N.).`...m..5A

]
2023-08-10 18:36:29,811 [Time-limited test] INFO  ssl.ReloadingX509KeyManager (ReloadingX509KeyManager.java:loadKeyManager(224)) - [
[
  Version: V3
  Subject: O=cluster1, OU=scm1, CN=rootCA@localhost
  Signature Algorithm: SHA256withRSA, OID = 1.2.840.113549.1.1.11

  Key:  Sun RSA public key, 2048 bits
  params: null
  modulus: 21888683691766170860738377960099350251017862387196310613882542108427204950211986752556380264743354230321780309486662851639399614111161954617641962743379820503253135565225335010417734746562205868641773692209485522998398551596849201007235138315116493918656357180727268156453932672774151049531429699599969687574200678381114131416942615840979484832765894843444277761537870801424795825989229732154911512337038119757994585265722088309388339278465236232627713414087728834850978452269819862639089655907436369331630253797732285126134296798759709249869157212003650703485304252725565054206026135807941601428438200009144624480633
  public exponent: 65537
  Validity: [From: Thu Aug 10 18:36:29 UTC 2023,
               To: Sun Sep 17 18:36:29 UTC 2028]
  Issuer: O=cluster1, OU=scm1, CN=rootCA@localhost
  SerialNumber: [    01]

Certificate Extensions: 2
[1]: ObjectId: 2.5.29.19 Criticality=true
BasicConstraints:[
  CA:true
  PathLen:2147483647
]

[2]: ObjectId: 2.5.29.15 Criticality=true
KeyUsage [
  Key_CertSign
  Crl_Sign
]

]
  Algorithm: [SHA256withRSA]
  Signature:
0000: 98 1B 96 DE D7 71 A0 4B   27 2B B8 C9 AF 66 6C EB  .....q.K'+...fl.
0010: 1D 4E 7A 89 22 A7 0E 1E   46 42 3F 54 25 A4 C1 2C  .Nz."...FB?T%..,
0020: 91 76 79 6D 19 D4 39 EB   5E 69 BC 09 0A CB 66 43  .vym..9.^i....fC
0030: 08 E3 21 F3 3B C2 2E 73   53 4A C3 4A A9 DC 81 E5  ..!.;..sSJ.J....
0040: 7F 23 12 7D EA 55 E7 05   EA 16 9A A4 53 F1 AC BF  .#...U......S...
0050: F3 83 C5 C8 C1 DC A6 AF   E2 29 C4 26 4E 29 89 8B  .........).&N)..
0060: E6 D1 AA C6 21 53 0F 20   12 11 7B 7E 21 CF 7E 89  ....!S. ....!...
0070: 55 9A DC F0 31 AB 4C FD   F6 F2 9C E7 42 52 E1 55  U...1.L.....BR.U
0080: CA 04 AB EF 0E 23 E2 67   B4 AB 7A 7F 4B 9A A0 3E  .....#.g..z.K..>
0090: CD CB 2B CB D6 FE 7C EC   24 F2 F4 E5 04 FD AA F1  ..+.....$.......
00A0: 4A 9C 08 DD 76 53 F4 D1   7E 3E D6 70 DE D7 F0 35  J...vS...>.p...5
00B0: 32 43 32 D4 DF 43 8B 56   17 82 F6 A3 04 41 42 72  2C2..C.V.....ABr
00C0: 12 A9 61 61 7F A9 0E 9D   C5 F2 98 41 2B D5 C7 8F  ..aa.......A+...
00D0: F5 70 6E AE B5 75 FA 7E   4C 5B 9F 16 EC 3D 85 9A  .pn..u..L[...=..
00E0: 94 F9 7A F5 2E 8D FA 47   3D E2 0B FD B3 4F 3E 66  ..z....G=....O>f
00F0: 34 5A 9C EC 13 C2 20 FF   53 AD 13 EF AF 23 65 C7  4Z.... .S....#e.

]
2023-08-10 18:36:29,812 [Time-limited test] INFO  ssl.ReloadingX509TrustManager (ReloadingX509TrustManager.java:insertCertsToKeystore(188)) - Trust manager is loaded with certificates
2023-08-10 18:36:29,812 [Time-limited test] INFO  ssl.ReloadingX509TrustManager (ReloadingX509TrustManager.java:insertCertsToKeystore(192)) - [
[
  Version: V3
  Subject: O=cluster1, OU=scm1, CN=rootCA@localhost
  Signature Algorithm: SHA256withRSA, OID = 1.2.840.113549.1.1.11

  Key:  Sun RSA public key, 2048 bits
  params: null
  modulus: 21888683691766170860738377960099350251017862387196310613882542108427204950211986752556380264743354230321780309486662851639399614111161954617641962743379820503253135565225335010417734746562205868641773692209485522998398551596849201007235138315116493918656357180727268156453932672774151049531429699599969687574200678381114131416942615840979484832765894843444277761537870801424795825989229732154911512337038119757994585265722088309388339278465236232627713414087728834850978452269819862639089655907436369331630253797732285126134296798759709249869157212003650703485304252725565054206026135807941601428438200009144624480633
  public exponent: 65537
  Validity: [From: Thu Aug 10 18:36:29 UTC 2023,
               To: Sun Sep 17 18:36:29 UTC 2028]
  Issuer: O=cluster1, OU=scm1, CN=rootCA@localhost
  SerialNumber: [    01]

Certificate Extensions: 2
[1]: ObjectId: 2.5.29.19 Criticality=true
BasicConstraints:[
  CA:true
  PathLen:2147483647
]

[2]: ObjectId: 2.5.29.15 Criticality=true
KeyUsage [
  Key_CertSign
  Crl_Sign
]

]
  Algorithm: [SHA256withRSA]
  Signature:
0000: 98 1B 96 DE D7 71 A0 4B   27 2B B8 C9 AF 66 6C EB  .....q.K'+...fl.
0010: 1D 4E 7A 89 22 A7 0E 1E   46 42 3F 54 25 A4 C1 2C  .Nz."...FB?T%..,
0020: 91 76 79 6D 19 D4 39 EB   5E 69 BC 09 0A CB 66 43  .vym..9.^i....fC
0030: 08 E3 21 F3 3B C2 2E 73   53 4A C3 4A A9 DC 81 E5  ..!.;..sSJ.J....
0040: 7F 23 12 7D EA 55 E7 05   EA 16 9A A4 53 F1 AC BF  .#...U......S...
0050: F3 83 C5 C8 C1 DC A6 AF   E2 29 C4 26 4E 29 89 8B  .........).&N)..
0060: E6 D1 AA C6 21 53 0F 20   12 11 7B 7E 21 CF 7E 89  ....!S. ....!...
0070: 55 9A DC F0 31 AB 4C FD   F6 F2 9C E7 42 52 E1 55  U...1.L.....BR.U
0080: CA 04 AB EF 0E 23 E2 67   B4 AB 7A 7F 4B 9A A0 3E  .....#.g..z.K..>
0090: CD CB 2B CB D6 FE 7C EC   24 F2 F4 E5 04 FD AA F1  ..+.....$.......
00A0: 4A 9C 08 DD 76 53 F4 D1   7E 3E D6 70 DE D7 F0 35  J...vS...>.p...5
00B0: 32 43 32 D4 DF 43 8B 56   17 82 F6 A3 04 41 42 72  2C2..C.V.....ABr
00C0: 12 A9 61 61 7F A9 0E 9D   C5 F2 98 41 2B D5 C7 8F  ..aa.......A+...
00D0: F5 70 6E AE B5 75 FA 7E   4C 5B 9F 16 EC 3D 85 9A  .pn..u..L[...=..
00E0: 94 F9 7A F5 2E 8D FA 47   3D E2 0B FD B3 4F 3E 66  ..z....G=....O>f
00F0: 34 5A 9C EC 13 C2 20 FF   53 AD 13 EF AF 23 65 C7  4Z.... .S....#e.

]
2023-08-10 18:36:29,815 [Time-limited test] WARN  impl.MetricsConfig (MetricsConfig.java:loadFirst(136)) - Cannot locate configuration: tried hadoop-metrics2-ozonemanager.properties,hadoop-metrics2.properties
2023-08-10 18:36:29,816 [Time-limited test] INFO  impl.MetricsSystemImpl (MetricsSystemImpl.java:startTimer(378)) - Scheduled Metric snapshot period at 10 second(s).
2023-08-10 18:36:29,816 [Time-limited test] INFO  impl.MetricsSystemImpl (MetricsSystemImpl.java:start(191)) - OzoneManager metrics system started
2023-08-10 18:36:29,826 [Time-limited test] INFO  impl.MetricsSinkAdapter (MetricsSinkAdapter.java:start(204)) - Sink prometheus started
2023-08-10 18:36:29,826 [Time-limited test] INFO  impl.MetricsSystemImpl (MetricsSystemImpl.java:registerSink(305)) - Registered sink prometheus
2023-08-10 18:36:29,845 [Time-limited test] INFO  om.OzoneManager (OzoneManager.java:start(1613)) - OzoneManager RPC server is listening at fv-az194-926.m3vjxkz4xwiufi3h0wurkpa3rg.cx.internal.cloudapp.net/10.1.0.69:1202
2023-08-10 18:36:29,845 [Time-limited test] INFO  ratis.OzoneManagerRatisServer (OzoneManagerRatisServer.java:start(558)) - Starting OzoneManagerRatisServer om1 at port 9872
2023-08-10 18:36:29,847 [om1-impl-thread1] INFO  storage.RaftStorageDirectory (RaftStorageDirectoryImpl.java:analyzeStorage(137)) - The storage directory /tmp/junit781477064856697105/junit7487466675282982880/om-meta/ratis/bf265839-605b-3f16-9796-c5ba1605619e does not exist. Creating ...
2023-08-10 18:36:29,853 [om1-impl-thread1] INFO  storage.RaftStorageDirectory (RaftStorageDirectoryImpl.java:tryLock(231)) - Lock on /tmp/junit781477064856697105/junit7487466675282982880/om-meta/ratis/bf265839-605b-3f16-9796-c5ba1605619e/in_use.lock acquired by nodename 9374@fv-az194-926
2023-08-10 18:36:29,860 [om1-impl-thread1] INFO  storage.RaftStorage (RaftStorageImpl.java:format(96)) - Storage directory /tmp/junit781477064856697105/junit7487466675282982880/om-meta/ratis/bf265839-605b-3f16-9796-c5ba1605619e has been successfully formatted.
2023-08-10 18:36:29,863 [om1-impl-thread1] INFO  server.RaftServerConfigKeys (ConfUtils.java:logGet(46)) - raft.server.log.use.memory = false (default)
2023-08-10 18:36:29,868 [om1-impl-thread1] INFO  server.RaftServerConfigKeys (ConfUtils.java:logGet(46)) - raft.server.log.purge.gap = 1000000 (custom)
2023-08-10 18:36:29,868 [om1-impl-thread1] INFO  server.RaftServerConfigKeys (ConfUtils.java:logGet(46)) - raft.server.log.appender.buffer.byte-limit = 33554432 (custom)
2023-08-10 18:36:29,870 [om1-impl-thread1] INFO  server.RaftServerConfigKeys (ConfUtils.java:logGet(46)) - raft.server.log.statemachine.data.read.timeout = 1000ms (default)
2023-08-10 18:36:29,870 [om1-impl-thread1] INFO  server.RaftServerConfigKeys (ConfUtils.java:logGet(46)) - raft.server.log.purge.preservation.log.num = 0 (default)
2023-08-10 18:36:29,872 [om1-impl-thread1] INFO  server.RaftServerConfigKeys (ConfUtils.java:logGet(46)) - raft.server.log.segment.size.max = 4194304 (custom)
2023-08-10 18:36:29,876 [om1-impl-thread1] INFO  server.RaftServerConfigKeys (ConfUtils.java:logGet(46)) - raft.server.log.segment.cache.num.max = 2 (custom)
2023-08-10 18:36:29,876 [om1-impl-thread1] INFO  server.RaftServerConfigKeys (ConfUtils.java:logGet(46)) - raft.server.log.segment.cache.size.max = 200MB (=209715200) (default)
2023-08-10 18:36:29,877 [om1-impl-thread1] INFO  server.RaftServerConfigKeys (ConfUtils.java:logGet(46)) - raft.server.log.appender.buffer.byte-limit = 33554432 (custom)
2023-08-10 18:36:29,881 [om1-impl-thread1] INFO  segmented.SegmentedRaftLogWorker (SegmentedRaftLogWorker.java:<init>(188)) - new om1@group-C5BA1605619E-SegmentedRaftLogWorker for RaftStorageImpl:Storage Directory /tmp/junit781477064856697105/junit7487466675282982880/om-meta/ratis/bf265839-605b-3f16-9796-c5ba1605619e
2023-08-10 18:36:29,881 [om1-impl-thread1] INFO  server.RaftServerConfigKeys (ConfUtils.java:logGet(46)) - raft.server.log.queue.byte-limit = 64MB (=67108864) (default)
2023-08-10 18:36:29,881 [om1-impl-thread1] INFO  server.RaftServerConfigKeys (ConfUtils.java:logGet(46)) - raft.server.log.queue.element-limit = 4096 (default)
2023-08-10 18:36:29,882 [om1-impl-thread1] INFO  server.RaftServerConfigKeys (ConfUtils.java:logGet(46)) - raft.server.log.segment.size.max = 4194304 (custom)
2023-08-10 18:36:29,882 [om1-impl-thread1] INFO  server.RaftServerConfigKeys (ConfUtils.java:logGet(46)) - raft.server.log.preallocated.size = 4194304 (custom)
2023-08-10 18:36:29,883 [om1-impl-thread1] INFO  server.RaftServerConfigKeys (ConfUtils.java:logGet(46)) - raft.server.log.force.sync.num = 128 (default)
2023-08-10 18:36:29,883 [om1-impl-thread1] INFO  server.RaftServerConfigKeys (ConfUtils.java:logGet(46)) - raft.server.log.statemachine.data.sync = true (default)
2023-08-10 18:36:29,883 [om1-impl-thread1] INFO  server.RaftServerConfigKeys (ConfUtils.java:logGet(46)) - raft.server.log.statemachine.data.sync.timeout = 10s (default)
2023-08-10 18:36:29,884 [om1-impl-thread1] INFO  server.RaftServerConfigKeys (ConfUtils.java:logGet(46)) - raft.server.log.statemachine.data.sync.timeout.retry = -1 (default)
2023-08-10 18:36:29,890 [om1-impl-thread1] INFO  server.RaftServerConfigKeys (ConfUtils.java:logGet(46)) - raft.server.log.write.buffer.size = 64KB (=65536) (default)
2023-08-10 18:36:29,890 [om1-impl-thread1] INFO  server.RaftServerConfigKeys (ConfUtils.java:logGet(46)) - raft.server.log.appender.buffer.byte-limit = 33554432 (custom)
2023-08-10 18:36:29,893 [om1-impl-thread1] INFO  server.RaftServerConfigKeys (ConfUtils.java:logGet(46)) - raft.server.log.unsafe-flush.enabled = false (default)
2023-08-10 18:36:29,893 [om1-impl-thread1] INFO  server.RaftServerConfigKeys (ConfUtils.java:logGet(46)) - raft.server.log.async-flush.enabled = false (default)
2023-08-10 18:36:29,893 [om1-impl-thread1] INFO  server.RaftServerConfigKeys (ConfUtils.java:logGet(46)) - raft.server.log.statemachine.data.caching.enabled = false (default)
2023-08-10 18:36:29,898 [om1-impl-thread1] INFO  segmented.SegmentedRaftLogWorker (SegmentedRaftLogWorker.java:lambda$new$0(135)) - om1@group-C5BA1605619E-SegmentedRaftLogWorker: flushIndex: setUnconditionally 0 -> -1
2023-08-10 18:36:29,898 [om1-impl-thread1] INFO  segmented.SegmentedRaftLogWorker (SegmentedRaftLogWorker.java:lambda$new$0(135)) - om1@group-C5BA1605619E-SegmentedRaftLogWorker: safeCacheEvictIndex: setUnconditionally 0 -> -1
2023-08-10 18:36:29,899 [om1-impl-thread1] INFO  server.RaftServer$Division (RaftServerImpl.java:start(342)) - om1@group-C5BA1605619E: start as a follower, conf=-1: peers:[om1|rpc:fv-az194-926.m3vjxkz4xwiufi3h0wurkpa3rg.cx.internal.cloudapp.net:9872|priority:0|startupRole:FOLLOWER]|listeners:[], old=null
2023-08-10 18:36:29,899 [om1-impl-thread1] INFO  server.RaftServer$Division (RaftServerImpl.java:setRole(329)) - om1@group-C5BA1605619E: changes role from      null to FOLLOWER at term 0 for startAsFollower
2023-08-10 18:36:29,904 [om1-impl-thread1] INFO  impl.RoleInfo (RoleInfo.java:updateAndGet(139)) - om1: start om1@group-C5BA1605619E-FollowerState
2023-08-10 18:36:29,905 [om1-impl-thread1] INFO  util.JmxRegister (JmxRegister.java:tryRegister(44)) - Successfully registered JMX Bean with object name Ratis:service=RaftServer,group=group-C5BA1605619E,id=om1
2023-08-10 18:36:29,907 [om1-impl-thread1] INFO  server.RaftServerConfigKeys (ConfUtils.java:logGet(46)) - raft.server.snapshot.auto.trigger.enabled = true (custom)
2023-08-10 18:36:29,907 [om1-impl-thread1] INFO  server.RaftServerConfigKeys (ConfUtils.java:logGet(46)) - raft.server.snapshot.auto.trigger.threshold = 400000 (default)
2023-08-10 18:36:29,907 [om1-impl-thread1] INFO  server.RaftServerConfigKeys (ConfUtils.java:logGet(46)) - raft.server.snapshot.retention.file.num = -1 (default)
2023-08-10 18:36:29,908 [om1-impl-thread1] INFO  server.RaftServerConfigKeys (ConfUtils.java:logGet(46)) - raft.server.log.purge.upto.snapshot.index = true (custom)
2023-08-10 18:36:29,910 [om1@group-C5BA1605619E-FollowerState] INFO  server.RaftServerConfigKeys (ConfUtils.java:logFallback(53)) - raft.server.rpc.first-election.timeout.min = 5s (fallback to raft.server.rpc.timeout.min)
2023-08-10 18:36:29,910 [om1@group-C5BA1605619E-FollowerState] INFO  server.RaftServerConfigKeys (ConfUtils.java:logFallback(53)) - raft.server.rpc.first-election.timeout.max = 5200ms (fallback to raft.server.rpc.timeout.max)
2023-08-10 18:36:29,910 [Time-limited test] INFO  server.RaftServer (RaftServerProxy.java:startImpl(400)) - om1: start RPC server
2023-08-10 18:36:29,915 [Time-limited test] INFO  server.GrpcService (GrpcService.java:startImpl(302)) - om1: GrpcService started, listening on 9872
2023-08-10 18:36:29,921 [Time-limited test] INFO  om.OzoneManager (OzoneManager.java:startSecretManager(1103)) - Starting OM delegation token secret manager
2023-08-10 18:36:29,922 [Time-limited test] INFO  security.OzoneDelegationTokenSecretManager (OzoneSecretManager.java:updateCurrentKey(175)) - Updating current master key for generating tokens. Cert id 1549861966077
2023-08-10 18:36:29,924 [JvmPauseMonitor2] INFO  util.JvmPauseMonitor (JvmPauseMonitor.java:run(103)) - JvmPauseMonitor-om1: Started
2023-08-10 18:36:29,924 [Time-limited test] INFO  om.OzoneManager (OzoneManager.java:start(1629)) - Version File has different layout version (6) than OM DB (null). That is expected if this OM has never been finalized to a newer layout version.
2023-08-10 18:36:29,925 [Thread[Thread-711,5,FailOnTimeoutGroup]] INFO  security.OzoneDelegationTokenSecretManager (OzoneDelegationTokenSecretManager.java:run(636)) - Starting expired delegation token remover thread, tokenRemoverScanInterval=60 min(s)
2023-08-10 18:36:29,944 [Time-limited test] INFO  http.BaseHttpServer (BaseHttpServer.java:newHttpServer2BuilderForOzone(224)) - Starting Web-server for ozoneManager at: http://0.0.0.0:9874
2023-08-10 18:36:29,944 [Time-limited test] INFO  http.BaseHttpServer (BaseHttpServer.java:<init>(111)) - Hadoop Security Enabled: true Ozone Security Enabled: true Ozone HTTP Security Enabled: false 
2023-08-10 18:36:29,945 [Time-limited test] WARN  server.AuthenticationFilter (AuthenticationFilter.java:constructSecretProvider(240)) - Unable to initialize FileSignerSecretProvider, falling back to use random secrets. Reason: Could not read signature secret file: /home/runner/hadoop-http-auth-signature-secret
2023-08-10 18:36:29,950 [Time-limited test] INFO  http.HttpRequestLog (HttpRequestLog.java:getRequestLog(86)) - Http request log for http.requests.ozoneManager is not defined
2023-08-10 18:36:29,951 [Time-limited test] INFO  http.HttpServer2 (HttpServer2.java:addGlobalFilter(1031)) - Added global filter 'safety' (class=org.apache.hadoop.hdds.server.http.HttpServer2$QuotingInputFilter)
2023-08-10 18:36:29,952 [Time-limited test] INFO  http.HttpServer2 (HttpServer2.java:addFilter(1007)) - Added filter static_user_filter (class=org.apache.hadoop.http.lib.StaticUserWebFilter$StaticUserFilter) to context ozoneManager
2023-08-10 18:36:29,952 [Time-limited test] INFO  http.HttpServer2 (HttpServer2.java:addFilter(1015)) - Added filter static_user_filter (class=org.apache.hadoop.http.lib.StaticUserWebFilter$StaticUserFilter) to context static
2023-08-10 18:36:29,952 [Time-limited test] INFO  http.HttpServer2 (HttpServer2.java:addFilter(1015)) - Added filter static_user_filter (class=org.apache.hadoop.http.lib.StaticUserWebFilter$StaticUserFilter) to context logs
2023-08-10 18:36:29,954 [Time-limited test] INFO  http.BaseHttpServer (BaseHttpServer.java:<init>(190)) - HTTP server of ozoneManager uses base directory /tmp/junit781477064856697105/junit7487466675282982880/om-meta/webserver
2023-08-10 18:36:29,957 [Time-limited test] INFO  http.HttpServer2 (HttpServer2.java:bindListener(1250)) - Jetty bound to port 9874
2023-08-10 18:36:29,957 [Time-limited test] INFO  server.Server (Server.java:doStart(375)) - jetty-9.4.51.v20230217; built: 2023-02-17T08:19:37.309Z; git: b45c405e4544384de066f814ed42ae3dceacdd49; jvm 1.8.0_382-b05
2023-08-10 18:36:29,958 [Time-limited test] INFO  server.session (DefaultSessionIdManager.java:doStart(334)) - DefaultSessionIdManager workerName=node0
2023-08-10 18:36:29,958 [Time-limited test] INFO  server.session (DefaultSessionIdManager.java:doStart(339)) - No SessionScavenger set, using defaults
2023-08-10 18:36:29,959 [Time-limited test] INFO  server.session (HouseKeeper.java:startScavenging(132)) - node0 Scavenging every 600000ms
2023-08-10 18:36:29,959 [Time-limited test] INFO  handler.ContextHandler (ContextHandler.java:doStart(921)) - Started o.e.j.s.ServletContextHandler@271239e9{logs,/logs,file:///home/runner/work/ozone/ozone/hadoop-ozone/integration-test/target/log,AVAILABLE}
2023-08-10 18:36:29,959 [Time-limited test] INFO  handler.ContextHandler (ContextHandler.java:doStart(921)) - Started o.e.j.s.ServletContextHandler@7241ce30{static,/static,file:///home/runner/work/ozone/ozone/hadoop-ozone/integration-test/target/test-classes/webapps/static,AVAILABLE}
2023-08-10 18:36:29,962 [Time-limited test] INFO  handler.ContextHandler (ContextHandler.java:doStart(921)) - Started o.e.j.w.WebAppContext@60eefafc{ozoneManager,/,file:///home/runner/work/ozone/ozone/hadoop-ozone/integration-test/target/test-classes/webapps/ozoneManager/,AVAILABLE}{file:/home/runner/work/ozone/ozone/hadoop-ozone/integration-test/target/test-classes/webapps/ozoneManager}
2023-08-10 18:36:29,964 [Time-limited test] INFO  server.AbstractConnector (AbstractConnector.java:doStart(333)) - Started ServerConnector@5a5ac251{HTTP/1.1, (http/1.1)}{0.0.0.0:9874}
2023-08-10 18:36:29,964 [Time-limited test] INFO  server.Server (Server.java:doStart(415)) - Started @22919ms
2023-08-10 18:36:29,964 [Time-limited test] WARN  impl.MetricsSystemImpl (MetricsSystemImpl.java:register(279)) - Sink prometheus already exists!
2023-08-10 18:36:29,965 [Time-limited test] INFO  http.BaseHttpServer (BaseHttpServer.java:updateConnectorAddress(344)) - HTTP server of ozoneManager listening at http://0.0.0.0:9874
2023-08-10 18:36:29,965 [IPC Server Responder] INFO  ipc.Server (Server.java:run(1562)) - IPC Server Responder: starting
2023-08-10 18:36:29,975 [Time-limited test] INFO  om.OzoneManager (OzoneManager.java:startTrashEmptier(2081)) - Trash Interval set to 0. Files deleted won't move to trash
2023-08-10 18:36:30,021 [IPC Server listener on 1202] INFO  ipc.Server (Server.java:run(1402)) - IPC Server listener on 1202: starting
2023-08-10 18:36:30,077 [pool-139-thread-2] INFO  request.TgsRequest (TgsRequest.java:issueTicket(115)) - TGS_REQ ISSUE: authtime 1691692590076,om/fv-az194-926.m3vjxkz4xwiufi3h0wurkpa3rg.cx.internal.cloudapp.net for om/fv-az194-926.m3vjxkz4xwiufi3h0wurkpa3rg.cx.internal.cloudapp.net@EXAMPLE.COM
2023-08-10 18:36:30,085 [Socket Reader #1 for port 1202] INFO  ipc.Server (Server.java:saslProcess(2139)) - Auth successful for om/fv-az194-926.m3vjxkz4xwiufi3h0wurkpa3rg.cx.internal.cloudapp.net@EXAMPLE.COM (auth:KERBEROS) from fv-az194-926.m3vjxkz4xwiufi3h0wurkpa3rg.cx.internal.cloudapp.net:39589 / 10.1.0.69:39589
2023-08-10 18:36:32,160 [Time-limited test] INFO  retry.RetryInvocationHandler (RetryInvocationHandler.java:log(422)) - com.google.protobuf.ServiceException: org.apache.hadoop.ipc.RemoteException(org.apache.hadoop.ozone.om.exceptions.OMNotLeaderException): OM:om1 is not the leader. Could not determine the leader node.
	at org.apache.hadoop.ozone.om.OzoneManager.checkLeaderStatus(OzoneManager.java:3999)
	at org.apache.hadoop.ozone.om.ratis.utils.OzoneManagerRatisUtils.checkLeaderStatus(OzoneManagerRatisUtils.java:473)
	at org.apache.hadoop.ozone.protocolPB.OzoneManagerProtocolServerSideTranslatorPB.processRequest(OzoneManagerProtocolServerSideTranslatorPB.java:185)
	at org.apache.hadoop.hdds.server.OzoneProtocolMessageDispatcher.processRequest(OzoneProtocolMessageDispatcher.java:87)
	at org.apache.hadoop.ozone.protocolPB.OzoneManagerProtocolServerSideTranslatorPB.submitRequest(OzoneManagerProtocolServerSideTranslatorPB.java:148)
	at org.apache.hadoop.ozone.protocol.proto.OzoneManagerProtocolProtos$OzoneManagerService$2.callBlockingMethod(OzoneManagerProtocolProtos.java)
	at org.apache.hadoop.ipc.ProtobufRpcEngine$Server.processCall(ProtobufRpcEngine.java:484)
	at org.apache.hadoop.ipc.ProtobufRpcEngine2$Server$ProtoBufRpcInvoker.call(ProtobufRpcEngine2.java:595)
	at org.apache.hadoop.ipc.ProtobufRpcEngine2$Server$ProtoBufRpcInvoker.call(ProtobufRpcEngine2.java:573)
	at org.apache.hadoop.ipc.RPC$Server.call(RPC.java:1227)
	at org.apache.hadoop.ipc.Server$RpcCall.run(Server.java:1094)
	at org.apache.hadoop.ipc.Server$RpcCall.run(Server.java:1017)
	at java.security.AccessController.doPrivileged(Native Method)
	at javax.security.auth.Subject.doAs(Subject.java:422)
	at org.apache.hadoop.security.UserGroupInformation.doAs(UserGroupInformation.java:1899)
	at org.apache.hadoop.ipc.Server$Handler.run(Server.java:3048)
, while invoking $Proxy53.submitRequest over nodeId=null,nodeAddress=fv-az194-926.m3vjxkz4xwiufi3h0wurkpa3rg.cx.internal.cloudapp.net:1202 after 1 failover attempts. Trying to failover after sleeping for 4000ms. Current retry count: 1.
2023-08-10 18:36:34,937 [om1@group-C5BA1605619E-FollowerState] INFO  impl.FollowerState (FollowerState.java:run(143)) - om1@group-C5BA1605619E-FollowerState: change to CANDIDATE, lastRpcElapsedTime:5032956980ns, electionTimeout:5026ms
2023-08-10 18:36:34,938 [om1@group-C5BA1605619E-FollowerState] INFO  impl.RoleInfo (RoleInfo.java:shutdownFollowerState(110)) - om1: shutdown om1@group-C5BA1605619E-FollowerState
2023-08-10 18:36:34,938 [om1@group-C5BA1605619E-FollowerState] INFO  server.RaftServer$Division (RaftServerImpl.java:setRole(329)) - om1@group-C5BA1605619E: changes role from  FOLLOWER to CANDIDATE at term 0 for changeToCandidate
2023-08-10 18:36:34,941 [om1@group-C5BA1605619E-FollowerState] INFO  server.RaftServerConfigKeys (ConfUtils.java:logGet(46)) - raft.server.leaderelection.pre-vote = true (default)
2023-08-10 18:36:34,941 [om1@group-C5BA1605619E-FollowerState] INFO  impl.RoleInfo (RoleInfo.java:updateAndGet(139)) - om1: start om1@group-C5BA1605619E-LeaderElection1
2023-08-10 18:36:34,943 [om1@group-C5BA1605619E-LeaderElection1] INFO  impl.LeaderElection (LeaderElection.java:askForVotes(321)) - om1@group-C5BA1605619E-LeaderElection1 PRE_VOTE round 0: submit vote requests at term 0 for -1: peers:[om1|rpc:fv-az194-926.m3vjxkz4xwiufi3h0wurkpa3rg.cx.internal.cloudapp.net:9872|priority:0|startupRole:FOLLOWER]|listeners:[], old=null
2023-08-10 18:36:34,944 [om1@group-C5BA1605619E-LeaderElection1] INFO  impl.LeaderElection (LeaderElection.java:askForVotes(323)) - om1@group-C5BA1605619E-LeaderElection1 PRE_VOTE round 0: result PASSED (term=0)
2023-08-10 18:36:34,945 [om1@group-C5BA1605619E-LeaderElection1] INFO  impl.LeaderElection (LeaderElection.java:askForVotes(321)) - om1@group-C5BA1605619E-LeaderElection1 ELECTION round 0: submit vote requests at term 1 for -1: peers:[om1|rpc:fv-az194-926.m3vjxkz4xwiufi3h0wurkpa3rg.cx.internal.cloudapp.net:9872|priority:0|startupRole:FOLLOWER]|listeners:[], old=null
2023-08-10 18:36:34,946 [om1@group-C5BA1605619E-LeaderElection1] INFO  impl.LeaderElection (LeaderElection.java:askForVotes(323)) - om1@group-C5BA1605619E-LeaderElection1 ELECTION round 0: result PASSED (term=1)
2023-08-10 18:36:34,946 [om1@group-C5BA1605619E-LeaderElection1] INFO  impl.RoleInfo (RoleInfo.java:shutdownLeaderElection(130)) - om1: shutdown om1@group-C5BA1605619E-LeaderElection1
2023-08-10 18:36:34,946 [om1@group-C5BA1605619E-LeaderElection1] INFO  server.RaftServer$Division (RaftServerImpl.java:setRole(329)) - om1@group-C5BA1605619E: changes role from CANDIDATE to LEADER at term 1 for changeToLeader
2023-08-10 18:36:34,947 [om1@group-C5BA1605619E-LeaderElection1] INFO  server.RaftServer$Division (ServerState.java:setLeader(317)) - om1@group-C5BA1605619E: change Leader from null to om1 at term 1 for becomeLeader, leader elected after 6266ms
2023-08-10 18:36:34,952 [om1@group-C5BA1605619E-LeaderElection1] INFO  server.RaftServerConfigKeys (ConfUtils.java:logGet(46)) - raft.server.staging.catchup.gap = 1000 (default)
2023-08-10 18:36:34,956 [om1@group-C5BA1605619E-LeaderElection1] INFO  server.RaftServerConfigKeys (ConfUtils.java:logGet(46)) - raft.server.write.element-limit = 4096 (default)
2023-08-10 18:36:34,956 [om1@group-C5BA1605619E-LeaderElection1] INFO  server.RaftServerConfigKeys (ConfUtils.java:logGet(46)) - raft.server.write.byte-limit = 64MB (=67108864) (default)
2023-08-10 18:36:34,960 [om1@group-C5BA1605619E-LeaderElection1] INFO  server.RaftServerConfigKeys (ConfUtils.java:logGet(46)) - raft.server.watch.timeout = 10s (default)
2023-08-10 18:36:34,960 [om1@group-C5BA1605619E-LeaderElection1] INFO  server.RaftServerConfigKeys (ConfUtils.java:logGet(46)) - raft.server.watch.timeout.denomination = 1s (default)
2023-08-10 18:36:34,960 [om1@group-C5BA1605619E-LeaderElection1] INFO  server.RaftServerConfigKeys (ConfUtils.java:logGet(46)) - raft.server.watch.element-limit = 65536 (default)
2023-08-10 18:36:34,964 [om1@group-C5BA1605619E-LeaderElection1] INFO  server.RaftServerConfigKeys (ConfUtils.java:logGet(46)) - raft.server.write.element-limit = 4096 (default)
2023-08-10 18:36:34,965 [om1@group-C5BA1605619E-LeaderElection1] INFO  server.RaftServerConfigKeys (ConfUtils.java:logGet(46)) - raft.server.write.follower.gap.ratio.max = -1.0 (default)
2023-08-10 18:36:34,966 [om1@group-C5BA1605619E-LeaderElection1] INFO  impl.RoleInfo (RoleInfo.java:updateAndGet(139)) - om1: start om1@group-C5BA1605619E-LeaderStateImpl
2023-08-10 18:36:34,980 [om1@group-C5BA1605619E-LeaderElection1] INFO  segmented.SegmentedRaftLogWorker (SegmentedRaftLogWorker.java:startLogSegment(447)) - om1@group-C5BA1605619E-SegmentedRaftLogWorker: Starting segment from index:0
2023-08-10 18:36:34,997 [om1@group-C5BA1605619E-LeaderElection1] INFO  server.RaftServer$Division (ServerState.java:setRaftConf(434)) - om1@group-C5BA1605619E: set configuration 0: peers:[om1|rpc:fv-az194-926.m3vjxkz4xwiufi3h0wurkpa3rg.cx.internal.cloudapp.net:9872|admin:|client:|dataStream:|priority:0|startupRole:FOLLOWER]|listeners:[], old=null
2023-08-10 18:36:35,055 [om1@group-C5BA1605619E-SegmentedRaftLogWorker] INFO  segmented.SegmentedRaftLogWorker (SegmentedRaftLogWorker.java:execute(651)) - om1@group-C5BA1605619E-SegmentedRaftLogWorker: created new log segment /tmp/junit781477064856697105/junit7487466675282982880/om-meta/ratis/bf265839-605b-3f16-9796-c5ba1605619e/current/log_inprogress_0
2023-08-10 18:36:35,130 [om1@group-C5BA1605619E-StateMachineUpdater] INFO  ratis.OzoneManagerStateMachine (OzoneManagerStateMachine.java:notifyConfigurationChanged(202)) - Received Configuration change notification from Ratis. New Peer list:
[id: "om1"
address: "fv-az194-926.m3vjxkz4xwiufi3h0wurkpa3rg.cx.internal.cloudapp.net:9872"
startupRole: FOLLOWER
]
2023-08-10 18:36:36,246 [OM StateMachine ApplyTransaction Thread - 0] INFO  security.S3RevokeSecretRequest (S3RevokeSecretRequest.java:validateAndUpdateCache(127)) - Secret for om/fv-az194-926.m3vjxkz4xwiufi3h0wurkpa3rg.cx.internal.cloudapp.net@EXAMPLE.COM is revoked.
2023-08-10 18:36:36,258 [Time-limited test] INFO  om.OzoneManager (OzoneManager.java:stop(2187)) - om1[fv-az194-926.m3vjxkz4xwiufi3h0wurkpa3rg.cx.internal.cloudapp.net:1202]: Stopping Ozone Manager
2023-08-10 18:36:36,258 [Time-limited test] INFO  ipc.Server (Server.java:stop(3523)) - Stopping server on 1202
2023-08-10 18:36:36,265 [IPC Server listener on 1202] INFO  ipc.Server (Server.java:run(1434)) - Stopping IPC Server listener on 1202
2023-08-10 18:36:36,268 [IPC Server Responder] INFO  ipc.Server (Server.java:run(1567)) - Stopping IPC Server Responder
2023-08-10 18:36:36,268 [Time-limited test] INFO  server.RaftServer (RaftServerProxy.java:lambda$close$6(416)) - om1: close
2023-08-10 18:36:36,269 [om1-impl-thread1] INFO  server.RaftServer$Division (RaftServerImpl.java:lambda$close$4(466)) - om1@group-C5BA1605619E: shutdown
2023-08-10 18:36:36,269 [om1-impl-thread1] INFO  util.JmxRegister (JmxRegister.java:unregister(73)) - Successfully un-registered JMX Bean with object name Ratis:service=RaftServer,group=group-C5BA1605619E,id=om1
2023-08-10 18:36:36,269 [om1-impl-thread1] INFO  impl.RoleInfo (RoleInfo.java:shutdownLeaderState(93)) - om1: shutdown om1@group-C5BA1605619E-LeaderStateImpl
2023-08-10 18:36:36,270 [om1-impl-thread1] INFO  impl.PendingRequests (PendingRequests.java:sendNotLeaderResponses(289)) - om1@group-C5BA1605619E-PendingRequests: sendNotLeaderResponses
2023-08-10 18:36:36,270 [Time-limited test] INFO  server.GrpcService (GrpcService.java:closeImpl(311)) - om1: shutdown server GrpcServerProtocolService now
2023-08-10 18:36:36,281 [om1-impl-thread1] INFO  impl.StateMachineUpdater (StateMachineUpdater.java:stopAndJoin(155)) - om1@group-C5BA1605619E-StateMachineUpdater: set stopIndex = 8
2023-08-10 18:36:36,281 [om1@group-C5BA1605619E-StateMachineUpdater] INFO  ratis.OzoneManagerStateMachine (OzoneManagerStateMachine.java:takeSnapshot(480)) - Current Snapshot Index (t:1, i:2)
2023-08-10 18:36:36,281 [Time-limited test] INFO  server.GrpcService (GrpcService.java:closeImpl(320)) - om1: shutdown server GrpcServerProtocolService successfully
2023-08-10 18:36:36,293 [om1@group-C5BA1605619E-StateMachineUpdater] INFO  impl.StateMachineUpdater (StateMachineUpdater.java:takeSnapshot(291)) - om1@group-C5BA1605619E-StateMachineUpdater: Took a snapshot at index 2
2023-08-10 18:36:36,293 [om1@group-C5BA1605619E-StateMachineUpdater] INFO  impl.StateMachineUpdater (StateMachineUpdater.java:lambda$new$0(97)) - om1@group-C5BA1605619E-StateMachineUpdater: snapshotIndex: updateIncreasingly -1 -> 2
2023-08-10 18:36:36,293 [om1@group-C5BA1605619E-StateMachineUpdater] INFO  ratis.OzoneManagerStateMachine (OzoneManagerStateMachine.java:takeSnapshot(480)) - Current Snapshot Index (t:1, i:8)
2023-08-10 18:36:36,296 [om1@group-C5BA1605619E-StateMachineUpdater] INFO  impl.StateMachineUpdater (StateMachineUpdater.java:takeSnapshot(291)) - om1@group-C5BA1605619E-StateMachineUpdater: Took a snapshot at index 8
2023-08-10 18:36:36,296 [om1@group-C5BA1605619E-StateMachineUpdater] INFO  impl.StateMachineUpdater (StateMachineUpdater.java:lambda$new$0(97)) - om1@group-C5BA1605619E-StateMachineUpdater: snapshotIndex: updateIncreasingly 2 -> 8
2023-08-10 18:36:36,296 [om1@group-C5BA1605619E-StateMachineUpdater] INFO  ratis.OzoneManagerStateMachine (OzoneManagerStateMachine.java:close(534)) - StateMachine has shutdown. Shutdown OzoneManager if not already shutdown.
2023-08-10 18:36:36,296 [om1@group-C5BA1605619E-StateMachineUpdater] INFO  ratis.OzoneManagerDoubleBuffer (OzoneManagerDoubleBuffer.java:stopDaemon(551)) - Stopping OMDoubleBuffer flush thread
2023-08-10 18:36:36,297 [OMDoubleBufferFlushThread] INFO  ratis.OzoneManagerDoubleBuffer (OzoneManagerDoubleBuffer.java:canFlush(638)) - OMDoubleBuffer flush thread OMDoubleBufferFlushThread is interrupted and will exit.
2023-08-10 18:36:36,297 [om1-impl-thread1] INFO  server.RaftServer$Division (ServerState.java:close(472)) - om1@group-C5BA1605619E: closes. applyIndex: 8
2023-08-10 18:36:37,259 [om1-impl-thread1] INFO  segmented.SegmentedRaftLogWorker (SegmentedRaftLogWorker.java:close(252)) - om1@group-C5BA1605619E-SegmentedRaftLogWorker close()
2023-08-10 18:36:37,259 [JvmPauseMonitor2] INFO  util.JvmPauseMonitor (JvmPauseMonitor.java:run(109)) - JvmPauseMonitor-om1: Stopped
2023-08-10 18:36:37,259 [Time-limited test] INFO  ratis.OzoneManagerStateMachine (OzoneManagerStateMachine.java:close(534)) - StateMachine has shutdown. Shutdown OzoneManager if not already shutdown.
2023-08-10 18:36:37,259 [Time-limited test] INFO  ratis.OzoneManagerDoubleBuffer (OzoneManagerDoubleBuffer.java:stopDaemon(560)) - OMDoubleBuffer flush thread is not running.
2023-08-10 18:36:37,260 [Time-limited test] INFO  utils.BackgroundService (BackgroundService.java:shutdown(141)) - Shutting down service KeyDeletingService
2023-08-10 18:36:37,260 [Time-limited test] INFO  utils.BackgroundService (BackgroundService.java:shutdown(141)) - Shutting down service KeyDeletingService
2023-08-10 18:36:37,260 [Time-limited test] INFO  utils.BackgroundService (BackgroundService.java:shutdown(141)) - Shutting down service OpenKeyCleanupService
2023-08-10 18:36:37,260 [Time-limited test] INFO  utils.BackgroundService (BackgroundService.java:shutdown(141)) - Shutting down service SstFilteringService
2023-08-10 18:36:37,260 [Time-limited test] INFO  utils.BackgroundService (BackgroundService.java:shutdown(141)) - Shutting down service SnapshotDeletingService
2023-08-10 18:36:37,261 [Time-limited test] INFO  om.OzoneManager (OzoneManager.java:stopSecretManager(1063)) - Stopping secret key client.
2023-08-10 18:36:37,261 [Time-limited test] INFO  om.OzoneManager (OzoneManager.java:stopSecretManager(1068)) - Stopping OM delegation token secret manager.
2023-08-10 18:36:37,261 [Thread[Thread-711,5,FailOnTimeoutGroup]] INFO  security.OzoneDelegationTokenSecretManager (OzoneDelegationTokenSecretManager.java:run(653)) - ExpiredTokenRemover was interrupted.
java.lang.InterruptedException: sleep interrupted
	at java.lang.Thread.sleep(Native Method)
	at org.apache.hadoop.ozone.security.OzoneDelegationTokenSecretManager$ExpiredTokenRemover.run(OzoneDelegationTokenSecretManager.java:649)
	at java.lang.Thread.run(Thread.java:750)
2023-08-10 18:36:37,261 [Time-limited test] INFO  handler.ContextHandler (ContextHandler.java:doStop(1159)) - Stopped o.e.j.w.WebAppContext@60eefafc{ozoneManager,/,null,STOPPED}{file:/home/runner/work/ozone/ozone/hadoop-ozone/integration-test/target/test-classes/webapps/ozoneManager}
2023-08-10 18:36:37,262 [Time-limited test] INFO  server.AbstractConnector (AbstractConnector.java:doStop(383)) - Stopped ServerConnector@5a5ac251{HTTP/1.1, (http/1.1)}{0.0.0.0:9874}
2023-08-10 18:36:37,262 [Time-limited test] INFO  server.session (HouseKeeper.java:stopScavenging(149)) - node0 Stopped scavenging
2023-08-10 18:36:37,262 [Time-limited test] INFO  handler.ContextHandler (ContextHandler.java:doStop(1159)) - Stopped o.e.j.s.ServletContextHandler@7241ce30{static,/static,file:///home/runner/work/ozone/ozone/hadoop-ozone/integration-test/target/test-classes/webapps/static,STOPPED}
2023-08-10 18:36:37,262 [Time-limited test] INFO  handler.ContextHandler (ContextHandler.java:doStop(1159)) - Stopped o.e.j.s.ServletContextHandler@271239e9{logs,/logs,file:///home/runner/work/ozone/ozone/hadoop-ozone/integration-test/target/log,STOPPED}
2023-08-10 18:36:37,264 [Time-limited test] INFO  rocksdiff.RocksDBCheckpointDiffer (RocksDBCheckpointDiffer.java:close(340)) - Shutting down CompactionDagPruningService.
2023-08-10 18:36:37,265 [Time-limited test] INFO  snapshot.SnapshotDiffManager (SnapshotDiffManager.java:closeExecutorService(1720)) - Shutting down executorService: 'SnapDiffExecutor'
2023-08-10 18:36:37,265 [Time-limited test] INFO  snapshot.SnapshotDiffManager (SnapshotDiffManager.java:closeExecutorService(1720)) - Shutting down executorService: 'SstDumpToolExecutor'
2023-08-10 18:36:37,265 [Time-limited test] INFO  utils.BackgroundService (BackgroundService.java:shutdown(141)) - Shutting down service SnapshotDiffCleanupService
2023-08-10 18:36:37,266 [Time-limited test] INFO  impl.DefaultInternalKdcServerImpl (DefaultInternalKdcServerImpl.java:doStop(102)) - Default Internal kdc server stopped.
2023-08-10 18:36:38,267 [Time-limited test] INFO  minikdc.MiniKdc (MiniKdc.java:stop(359)) - MiniKdc stopped.
2023-08-10 18:36:38,267 [Time-limited test] INFO  om.OzoneManager (OzoneManager.java:stop(2187)) - om1[fv-az194-926.m3vjxkz4xwiufi3h0wurkpa3rg.cx.internal.cloudapp.net:1202]: Stopping Ozone Manager
]]></system-out>
  </testcase>
  <testcase name="testCertificateRotationUnRecoverableFailure" classname="org.apache.hadoop.ozone.TestSecureOzoneCluster" time="0">
    <skipped message="Run it locally since it will terminate the process."/>
  </testcase>
  <testcase name="testOMGrpcServerCertificateRenew" classname="org.apache.hadoop.ozone.TestSecureOzoneCluster" time="0">
    <skipped message="HDDS-8764"/>
  </testcase>
  <testcase name="testCertificateRotation" classname="org.apache.hadoop.ozone.TestSecureOzoneCluster" time="21.882">
    <system-out><![CDATA[2023-08-10 18:36:38,293 [Time-limited test] INFO  net.ServerSocketUtil (ServerSocketUtil.java:getPort(55)) - Using port 9860
2023-08-10 18:36:38,293 [Time-limited test] INFO  net.ServerSocketUtil (ServerSocketUtil.java:getPort(55)) - Using port 9861
2023-08-10 18:36:38,293 [Time-limited test] INFO  net.ServerSocketUtil (ServerSocketUtil.java:getPort(55)) - Using port 9863
2023-08-10 18:36:38,293 [Time-limited test] INFO  net.ServerSocketUtil (ServerSocketUtil.java:getPort(55)) - Using port 9961
2023-08-10 18:36:38,293 [Time-limited test] INFO  net.ServerSocketUtil (ServerSocketUtil.java:getPort(55)) - Using port 1200
2023-08-10 18:36:38,293 [Time-limited test] INFO  net.ServerSocketUtil (ServerSocketUtil.java:getPort(55)) - Using port 1201
2023-08-10 18:36:38,293 [Time-limited test] INFO  minikdc.MiniKdc (MiniKdc.java:<init>(225)) - Configuration:
2023-08-10 18:36:38,293 [Time-limited test] INFO  minikdc.MiniKdc (MiniKdc.java:<init>(226)) - ---------------------------------------------------------------
2023-08-10 18:36:38,293 [Time-limited test] INFO  minikdc.MiniKdc (MiniKdc.java:<init>(228)) -   debug: false
2023-08-10 18:36:38,294 [Time-limited test] INFO  minikdc.MiniKdc (MiniKdc.java:<init>(228)) -   transport: TCP
2023-08-10 18:36:38,294 [Time-limited test] INFO  minikdc.MiniKdc (MiniKdc.java:<init>(228)) -   max.ticket.lifetime: 86400000
2023-08-10 18:36:38,294 [Time-limited test] INFO  minikdc.MiniKdc (MiniKdc.java:<init>(228)) -   org.name: EXAMPLE
2023-08-10 18:36:38,294 [Time-limited test] INFO  minikdc.MiniKdc (MiniKdc.java:<init>(228)) -   kdc.port: 0
2023-08-10 18:36:38,294 [Time-limited test] INFO  minikdc.MiniKdc (MiniKdc.java:<init>(228)) -   org.domain: COM
2023-08-10 18:36:38,294 [Time-limited test] INFO  minikdc.MiniKdc (MiniKdc.java:<init>(228)) -   max.renewable.lifetime: 604800000
2023-08-10 18:36:38,294 [Time-limited test] INFO  minikdc.MiniKdc (MiniKdc.java:<init>(228)) -   instance: DefaultKrbServer
2023-08-10 18:36:38,294 [Time-limited test] INFO  minikdc.MiniKdc (MiniKdc.java:<init>(228)) -   kdc.bind.address: localhost
2023-08-10 18:36:38,294 [Time-limited test] INFO  minikdc.MiniKdc (MiniKdc.java:<init>(230)) - ---------------------------------------------------------------
2023-08-10 18:36:38,295 [Time-limited test] INFO  minikdc.MiniKdc (MiniKdc.java:start(285)) - MiniKdc started.
2023-08-10 18:36:38,366 [Time-limited test] INFO  om.OzoneManager (OzoneManager.java:getOmDetailsProto(4555)) - OzoneManager ports added:[name: "RPC"
value: 1202
]
2023-08-10 18:36:38,366 [Time-limited test] WARN  server.ServerUtils (ServerUtils.java:getDBPath(311)) - ozone.om.db.dirs is not configured. We recommend adding this setting. Falling back to ozone.metadata.dirs instead.
2023-08-10 18:36:38,372 [Time-limited test] INFO  utils.SelfSignedCertificate (SelfSignedCertificate.java:generateCertificate(157)) - Certificate 1558443 is issued by CN=localhost,OU=test,O=cluster to CN=localhost,OU=test,O=cluster, valid from Thu Aug 10 18:36:38 UTC 2023 to Thu Aug 10 18:36:58 UTC 2023
2023-08-10 18:36:38,375 [Time-limited test] INFO  utils.CertificateCodec (CertificateCodec.java:writeCertificate(299)) - Save certificate to /tmp/junit7377988470932357698/junit5580718942300647476/om-meta/om/certs/certificate.crt
2023-08-10 18:36:38,375 [Time-limited test] INFO  utils.CertificateCodec (CertificateCodec.java:writeCertificate(300)) - Certificate -----BEGIN CERTIFICATE-----
MIIC5TCCAc2gAwIBAgIDF8erMA0GCSqGSIb3DQEBCwUAMDUxEjAQBgNVBAMMCWxv
Y2FsaG9zdDENMAsGA1UECwwEdGVzdDEQMA4GA1UECgwHY2x1c3RlcjAeFw0yMzA4
MTAxODM2MzhaFw0yMzA4MTAxODM2NThaMDUxEjAQBgNVBAMMCWxvY2FsaG9zdDEN
MAsGA1UECwwEdGVzdDEQMA4GA1UECgwHY2x1c3RlcjCCASIwDQYJKoZIhvcNAQEB
BQADggEPADCCAQoCggEBAMVF62B+7IPGb3M3TaYMZfWSBcYkKTUJbs0VFiLDi1y9
h+j8ip6f4aTLNqu3gntFNhi3lFs73Rzh+jVem4j4RMDOJVj5RFk6B81bioTCHUlq
VB85uOMBOaeEq6ZktFtyQO7DjX6HOH3WPs/m4H9p3u+wBA7eVCHt0dGR0CLrpSQv
7J4c2T5q1rxitj0sTtxqPVEFRX5A0UGFHjU99U5/eAB9X5O5M8BpsHFS6vsF1jiZ
9Ud0RiK1q/nJ4eWCLU+uzBmU5c3XZnqTfx+7RMTZqwJ++FKpBtmm/91dJpqjpgXT
t9KcGVUBtBy/f+e7M+/RQk7NjuJ/Z4i1ctdp8U3aekkCAwEAATANBgkqhkiG9w0B
AQsFAAOCAQEAtrZeKROWtJRdcj7gm28kuPrVQKiQ65uX338Gp7TbUvvvnG/HJUE5
8jRZRc7SF5WtuHa8C4aNN7nwhYF1k3DzeJu4W1eEajJOkTIKDB29gDBl7qoR10SR
IJj+Wfz/8VVThzImXEhzo63EYsuynM32IKCgmX4QsocKYhMW4gpKfMgD5Ft4EoG7
r41+ue2pVP3+QuX5eYo8vPVMZUkTGZ2vXy7FpYDofaMeolTjdZa07KJVs8tcq+Yb
degKXytW4MOeLIUVOdxgRyvqR/MwtolnFn/Zifj//ll6lwNFgM/JPEBBW8ZrFVM+
1Gz3TTNX4IVS01tnLjPnOwvOOgmrR9VFUw==
-----END CERTIFICATE-----

2023-08-10 18:36:38,375 [Time-limited test] INFO  utils.CertificateCodec (CertificateCodec.java:writeCertificate(299)) - Save certificate to /tmp/junit7377988470932357698/junit5580718942300647476/om-meta/om/certs/ROOTCA-1558443.crt
2023-08-10 18:36:38,375 [Time-limited test] INFO  utils.CertificateCodec (CertificateCodec.java:writeCertificate(300)) - Certificate -----BEGIN CERTIFICATE-----
MIIC5TCCAc2gAwIBAgIDF8erMA0GCSqGSIb3DQEBCwUAMDUxEjAQBgNVBAMMCWxv
Y2FsaG9zdDENMAsGA1UECwwEdGVzdDEQMA4GA1UECgwHY2x1c3RlcjAeFw0yMzA4
MTAxODM2MzhaFw0yMzA4MTAxODM2NThaMDUxEjAQBgNVBAMMCWxvY2FsaG9zdDEN
MAsGA1UECwwEdGVzdDEQMA4GA1UECgwHY2x1c3RlcjCCASIwDQYJKoZIhvcNAQEB
BQADggEPADCCAQoCggEBAMVF62B+7IPGb3M3TaYMZfWSBcYkKTUJbs0VFiLDi1y9
h+j8ip6f4aTLNqu3gntFNhi3lFs73Rzh+jVem4j4RMDOJVj5RFk6B81bioTCHUlq
VB85uOMBOaeEq6ZktFtyQO7DjX6HOH3WPs/m4H9p3u+wBA7eVCHt0dGR0CLrpSQv
7J4c2T5q1rxitj0sTtxqPVEFRX5A0UGFHjU99U5/eAB9X5O5M8BpsHFS6vsF1jiZ
9Ud0RiK1q/nJ4eWCLU+uzBmU5c3XZnqTfx+7RMTZqwJ++FKpBtmm/91dJpqjpgXT
t9KcGVUBtBy/f+e7M+/RQk7NjuJ/Z4i1ctdp8U3aekkCAwEAATANBgkqhkiG9w0B
AQsFAAOCAQEAtrZeKROWtJRdcj7gm28kuPrVQKiQ65uX338Gp7TbUvvvnG/HJUE5
8jRZRc7SF5WtuHa8C4aNN7nwhYF1k3DzeJu4W1eEajJOkTIKDB29gDBl7qoR10SR
IJj+Wfz/8VVThzImXEhzo63EYsuynM32IKCgmX4QsocKYhMW4gpKfMgD5Ft4EoG7
r41+ue2pVP3+QuX5eYo8vPVMZUkTGZ2vXy7FpYDofaMeolTjdZa07KJVs8tcq+Yb
degKXytW4MOeLIUVOdxgRyvqR/MwtolnFn/Zifj//ll6lwNFgM/JPEBBW8ZrFVM+
1Gz3TTNX4IVS01tnLjPnOwvOOgmrR9VFUw==
-----END CERTIFICATE-----

2023-08-10 18:36:38,430 [Time-limited test] INFO  utils.SelfSignedCertificate (SelfSignedCertificate.java:generateCertificate(157)) - Certificate 1558503 is issued by CN=localhost,OU=test,O=cluster to CN=localhost,OU=test,O=cluster, valid from Thu Aug 10 18:36:48 UTC 2023 to Thu Aug 10 18:37:08 UTC 2023
2023-08-10 18:36:39,527 [Time-limited test] INFO  security.OMCertificateClient (DefaultCertificateClient.java:updateCertSerialId(1244)) - Certificate serial ID set to 1558443
2023-08-10 18:36:39,541 [Time-limited test] INFO  security.OMCertificateClient (DefaultCertificateClient.java:readCertificateFile(237)) - Added certificate   [0]         Version: 3
         SerialNumber: 1558443
             IssuerDN: CN=localhost,OU=test,O=cluster
           Start Date: Thu Aug 10 18:36:38 UTC 2023
           Final Date: Thu Aug 10 18:36:58 UTC 2023
            SubjectDN: CN=localhost,OU=test,O=cluster
           Public Key: RSA Public Key [95:f6:a8:be:a6:10:cf:bc:12:7b:8f:60:84:43:b1:a8:c4:6c:bf:13],[56:66:d1:a4]
        modulus: c545eb607eec83c66f73374da60c65f59205c6242935096ecd151622c38b5cbd87e8fc8a9e9fe1a4cb36abb7827b453618b7945b3bdd1ce1fa355e9b88f844c0ce2558f944593a07cd5b8a84c21d496a541f39b8e30139a784aba664b45b7240eec38d7e87387dd63ecfe6e07f69deefb0040ede5421edd1d191d022eba5242fec9e1cd93e6ad6bc62b63d2c4edc6a3d5105457e40d141851e353df54e7f78007d5f93b933c069b07152eafb05d63899f547744622b5abf9c9e1e5822d4faecc1994e5cdd7667a937f1fbb44c4d9ab027ef852a906d9a6ffdd5d269aa3a605d3b7d29c195501b41cbf7fe7bb33efd1424ecd8ee27f6788b572d769f14dda7a49
public exponent: 10001

  Signature Algorithm: SHA256WITHRSA
            Signature: b6b65e291396b4945d723ee09b6f24b8fad540a8
                       90eb9b97df7f06a7b4db52fbef9c6fc7254139f2
                       345945ced21795adb876bc0b868d37b9f0858175
                       9370f3789bb85b57846a324e91320a0c1dbd8030
                       65eeaa11d744912098fe59fcfff155538732265c
                       4873a3adc462cbb29ccdf620a0a0997e10b2870a
                       621316e20a4a7cc803e45b781281bbaf8d7eb9ed
                       a954fdfe42e5f9798a3cbcf54c654913199daf5f
                       2ec5a580e87da31ea254e37596b4eca255b3cb5c
                       abe61b75e80a5f2b56e0c39e2c851539dc60472b
                       ea47f330b68967167fd989f8fffe597a97034580
                       cfc93c40415bc66b15533ed46cf74d3357e08552
                       d35b672e33e73b0bce3a09ab47d54553
 from file: /tmp/junit7377988470932357698/junit5580718942300647476/om-meta/om/certs/ROOTCA-1558443.crt.
2023-08-10 18:36:39,545 [Time-limited test] INFO  security.OMCertificateClient (DefaultCertificateClient.java:readCertificateFile(237)) - Added certificate   [0]         Version: 3
         SerialNumber: 1558443
             IssuerDN: CN=localhost,OU=test,O=cluster
           Start Date: Thu Aug 10 18:36:38 UTC 2023
           Final Date: Thu Aug 10 18:36:58 UTC 2023
            SubjectDN: CN=localhost,OU=test,O=cluster
           Public Key: RSA Public Key [95:f6:a8:be:a6:10:cf:bc:12:7b:8f:60:84:43:b1:a8:c4:6c:bf:13],[56:66:d1:a4]
        modulus: c545eb607eec83c66f73374da60c65f59205c6242935096ecd151622c38b5cbd87e8fc8a9e9fe1a4cb36abb7827b453618b7945b3bdd1ce1fa355e9b88f844c0ce2558f944593a07cd5b8a84c21d496a541f39b8e30139a784aba664b45b7240eec38d7e87387dd63ecfe6e07f69deefb0040ede5421edd1d191d022eba5242fec9e1cd93e6ad6bc62b63d2c4edc6a3d5105457e40d141851e353df54e7f78007d5f93b933c069b07152eafb05d63899f547744622b5abf9c9e1e5822d4faecc1994e5cdd7667a937f1fbb44c4d9ab027ef852a906d9a6ffdd5d269aa3a605d3b7d29c195501b41cbf7fe7bb33efd1424ecd8ee27f6788b572d769f14dda7a49
public exponent: 10001

  Signature Algorithm: SHA256WITHRSA
            Signature: b6b65e291396b4945d723ee09b6f24b8fad540a8
                       90eb9b97df7f06a7b4db52fbef9c6fc7254139f2
                       345945ced21795adb876bc0b868d37b9f0858175
                       9370f3789bb85b57846a324e91320a0c1dbd8030
                       65eeaa11d744912098fe59fcfff155538732265c
                       4873a3adc462cbb29ccdf620a0a0997e10b2870a
                       621316e20a4a7cc803e45b781281bbaf8d7eb9ed
                       a954fdfe42e5f9798a3cbcf54c654913199daf5f
                       2ec5a580e87da31ea254e37596b4eca255b3cb5c
                       abe61b75e80a5f2b56e0c39e2c851539dc60472b
                       ea47f330b68967167fd989f8fffe597a97034580
                       cfc93c40415bc66b15533ed46cf74d3357e08552
                       d35b672e33e73b0bce3a09ab47d54553
 from file: /tmp/junit7377988470932357698/junit5580718942300647476/om-meta/om/certs/certificate.crt.
2023-08-10 18:36:39,562 [Time-limited test] INFO  security.OMCertificateClient (DefaultCertificateClient.java:startCertificateRenewerService(1347)) - CertificateRenewerService for om is started with first delay 8446 ms and interval 3333 ms.
2023-08-10 18:36:39,563 [Time-limited test] INFO  security.OMCertificateClient (DefaultCertificateClient.java:init(715)) - Certificate client init case: 7
2023-08-10 18:36:39,563 [Time-limited test] INFO  security.OMCertificateClient (CommonCertificateClient.java:handleCase(110)) - Found certificate file along with KeyPair.
2023-08-10 18:36:39,626 [Time-limited test] INFO  security.OMCertificateClient (DefaultCertificateClient.java:validateKeyPairAndCertificate(794)) - Keypair validated.
2023-08-10 18:36:39,657 [Time-limited test] INFO  security.OMCertificateClient (DefaultCertificateClient.java:validateKeyPairAndCertificate(797)) - Keypair validated with certificate.
2023-08-10 18:36:39,657 [Time-limited test] INFO  ha.OMHANodeDetails (OMHANodeDetails.java:loadOMHAConfig(115)) - ozone.om.internal.service.id is not defined, falling back to ozone.om.service.ids to find serviceID for OzoneManager if it is HA enabled cluster
2023-08-10 18:36:39,658 [Time-limited test] INFO  ha.OMHANodeDetails (OMHANodeDetails.java:loadOMHAConfig(226)) - Configuration does not have ozone.om.address set. Falling back to the default OM address fv-az194-926.m3vjxkz4xwiufi3h0wurkpa3rg.cx.internal.cloudapp.net/10.1.0.69:1202
2023-08-10 18:36:39,658 [Time-limited test] INFO  ha.OMHANodeDetails (OMHANodeDetails.java:getOMNodeDetailsForNonHA(254)) - OM Service ID is not set. Setting it to the default ID: omServiceIdDefault
2023-08-10 18:36:39,658 [Time-limited test] INFO  ha.OMHANodeDetails (OMHANodeDetails.java:getOMNodeDetailsForNonHA(261)) - OM Node ID is not set. Setting it to the default ID: om1
2023-08-10 18:36:39,659 [Time-limited test] WARN  server.ServerUtils (ServerUtils.java:getDBPath(311)) - ozone.om.db.dirs is not configured. We recommend adding this setting. Falling back to ozone.metadata.dirs instead.
2023-08-10 18:36:39,660 [Time-limited test] INFO  upgrade.AbstractLayoutVersionManager (AbstractLayoutVersionManager.java:init(83)) - Initializing Layout version manager with metadata layout = QUOTA (version = 6), software layout = QUOTA (version = 6)
2023-08-10 18:36:39,892 [Time-limited test] INFO  reflections.Reflections (Reflections.java:scan(232)) - Reflections took 230 ms to scan 2 urls, producing 188 keys and 512 values [using 2 cores]
2023-08-10 18:36:39,893 [Time-limited test] INFO  upgrade.OMLayoutVersionManager (OMLayoutVersionManager.java:lambda$0(115)) - Skipping Upgrade Action MockOmUpgradeAction since it has been finalized.
2023-08-10 18:36:39,893 [Time-limited test] INFO  upgrade.OMLayoutVersionManager (OMLayoutVersionManager.java:lambda$0(115)) - Skipping Upgrade Action QuotaRepairUpgradeAction since it has been finalized.
2023-08-10 18:36:39,900 [pool-170-thread-1] INFO  request.KdcRequest (KdcRequest.java:preauth(651)) - The preauth data is empty.
2023-08-10 18:36:39,900 [pool-170-thread-1] INFO  server.KdcHandler (KdcHandler.java:handleRecoverableException(177)) - KRB error occurred while processing request:Additional pre-authentication required
2023-08-10 18:36:39,906 [pool-170-thread-2] INFO  request.AsRequest (AsRequest.java:issueTicket(112)) - AS_REQ ISSUE: authtime 1691692599905,om/fv-az194-926.m3vjxkz4xwiufi3h0wurkpa3rg.cx.internal.cloudapp.net@EXAMPLE.COM for krbtgt/EXAMPLE.COM@EXAMPLE.COM
2023-08-10 18:36:39,909 [Time-limited test] INFO  security.UserGroupInformation (UserGroupInformation.java:loginUserFromKeytab(1132)) - Login successful for user om/fv-az194-926.m3vjxkz4xwiufi3h0wurkpa3rg.cx.internal.cloudapp.net@EXAMPLE.COM using keytab file om.keytab. Keytab auto renewal enabled : false
2023-08-10 18:36:39,909 [Time-limited test] INFO  om.OzoneManager (OzoneManager.java:loginOMUser(1161)) - Ozone Manager login successful.
2023-08-10 18:36:39,909 [Time-limited test] WARN  server.ServerUtils (ServerUtils.java:getDBPath(311)) - ozone.om.db.dirs is not configured. We recommend adding this setting. Falling back to ozone.metadata.dirs instead.
2023-08-10 18:36:39,912 [Time-limited test] INFO  proxy.SCMBlockLocationFailoverProxyProvider (SCMBlockLocationFailoverProxyProvider.java:<init>(114)) - Created block location fail-over proxy with 1 nodes: [nodeId=scmNodeId,nodeAddress=localhost/127.0.0.1:9863]
2023-08-10 18:36:39,934 [Time-limited test] INFO  om.OzoneManager (OzoneManager.java:getOmDetailsProto(4555)) - OzoneManager ports added:[name: "RPC"
value: 1202
]
2023-08-10 18:36:39,939 [Time-limited test] INFO  security.OMCertificateClient (DefaultCertificateClient.java:updateCertSerialId(1244)) - Certificate serial ID set to 1558443
2023-08-10 18:36:39,942 [Time-limited test] INFO  security.OMCertificateClient (DefaultCertificateClient.java:readCertificateFile(237)) - Added certificate   [0]         Version: 3
         SerialNumber: 1558443
             IssuerDN: CN=localhost,OU=test,O=cluster
           Start Date: Thu Aug 10 18:36:38 UTC 2023
           Final Date: Thu Aug 10 18:36:58 UTC 2023
            SubjectDN: CN=localhost,OU=test,O=cluster
           Public Key: RSA Public Key [95:f6:a8:be:a6:10:cf:bc:12:7b:8f:60:84:43:b1:a8:c4:6c:bf:13],[56:66:d1:a4]
        modulus: c545eb607eec83c66f73374da60c65f59205c6242935096ecd151622c38b5cbd87e8fc8a9e9fe1a4cb36abb7827b453618b7945b3bdd1ce1fa355e9b88f844c0ce2558f944593a07cd5b8a84c21d496a541f39b8e30139a784aba664b45b7240eec38d7e87387dd63ecfe6e07f69deefb0040ede5421edd1d191d022eba5242fec9e1cd93e6ad6bc62b63d2c4edc6a3d5105457e40d141851e353df54e7f78007d5f93b933c069b07152eafb05d63899f547744622b5abf9c9e1e5822d4faecc1994e5cdd7667a937f1fbb44c4d9ab027ef852a906d9a6ffdd5d269aa3a605d3b7d29c195501b41cbf7fe7bb33efd1424ecd8ee27f6788b572d769f14dda7a49
public exponent: 10001

  Signature Algorithm: SHA256WITHRSA
            Signature: b6b65e291396b4945d723ee09b6f24b8fad540a8
                       90eb9b97df7f06a7b4db52fbef9c6fc7254139f2
                       345945ced21795adb876bc0b868d37b9f0858175
                       9370f3789bb85b57846a324e91320a0c1dbd8030
                       65eeaa11d744912098fe59fcfff155538732265c
                       4873a3adc462cbb29ccdf620a0a0997e10b2870a
                       621316e20a4a7cc803e45b781281bbaf8d7eb9ed
                       a954fdfe42e5f9798a3cbcf54c654913199daf5f
                       2ec5a580e87da31ea254e37596b4eca255b3cb5c
                       abe61b75e80a5f2b56e0c39e2c851539dc60472b
                       ea47f330b68967167fd989f8fffe597a97034580
                       cfc93c40415bc66b15533ed46cf74d3357e08552
                       d35b672e33e73b0bce3a09ab47d54553
 from file: /tmp/junit7377988470932357698/junit5580718942300647476/om-meta/om/certs/ROOTCA-1558443.crt.
2023-08-10 18:36:39,952 [Time-limited test] INFO  security.OMCertificateClient (DefaultCertificateClient.java:readCertificateFile(237)) - Added certificate   [0]         Version: 3
         SerialNumber: 1558443
             IssuerDN: CN=localhost,OU=test,O=cluster
           Start Date: Thu Aug 10 18:36:38 UTC 2023
           Final Date: Thu Aug 10 18:36:58 UTC 2023
            SubjectDN: CN=localhost,OU=test,O=cluster
           Public Key: RSA Public Key [95:f6:a8:be:a6:10:cf:bc:12:7b:8f:60:84:43:b1:a8:c4:6c:bf:13],[56:66:d1:a4]
        modulus: c545eb607eec83c66f73374da60c65f59205c6242935096ecd151622c38b5cbd87e8fc8a9e9fe1a4cb36abb7827b453618b7945b3bdd1ce1fa355e9b88f844c0ce2558f944593a07cd5b8a84c21d496a541f39b8e30139a784aba664b45b7240eec38d7e87387dd63ecfe6e07f69deefb0040ede5421edd1d191d022eba5242fec9e1cd93e6ad6bc62b63d2c4edc6a3d5105457e40d141851e353df54e7f78007d5f93b933c069b07152eafb05d63899f547744622b5abf9c9e1e5822d4faecc1994e5cdd7667a937f1fbb44c4d9ab027ef852a906d9a6ffdd5d269aa3a605d3b7d29c195501b41cbf7fe7bb33efd1424ecd8ee27f6788b572d769f14dda7a49
public exponent: 10001

  Signature Algorithm: SHA256WITHRSA
            Signature: b6b65e291396b4945d723ee09b6f24b8fad540a8
                       90eb9b97df7f06a7b4db52fbef9c6fc7254139f2
                       345945ced21795adb876bc0b868d37b9f0858175
                       9370f3789bb85b57846a324e91320a0c1dbd8030
                       65eeaa11d744912098fe59fcfff155538732265c
                       4873a3adc462cbb29ccdf620a0a0997e10b2870a
                       621316e20a4a7cc803e45b781281bbaf8d7eb9ed
                       a954fdfe42e5f9798a3cbcf54c654913199daf5f
                       2ec5a580e87da31ea254e37596b4eca255b3cb5c
                       abe61b75e80a5f2b56e0c39e2c851539dc60472b
                       ea47f330b68967167fd989f8fffe597a97034580
                       cfc93c40415bc66b15533ed46cf74d3357e08552
                       d35b672e33e73b0bce3a09ab47d54553
 from file: /tmp/junit7377988470932357698/junit5580718942300647476/om-meta/om/certs/certificate.crt.
2023-08-10 18:36:39,959 [Time-limited test] INFO  security.OMCertificateClient (DefaultCertificateClient.java:startCertificateRenewerService(1347)) - CertificateRenewerService for om is started with first delay 8048 ms and interval 3333 ms.
2023-08-10 18:36:39,983 [Time-limited test] INFO  om.OzoneManager (OzoneManager.java:<init>(662)) - OM start with adminUsers: [om/fv-az194-926.m3vjxkz4xwiufi3h0wurkpa3rg.cx.internal.cloudapp.net@EXAMPLE.COM, om]
2023-08-10 18:36:39,985 [Time-limited test] WARN  server.ServerUtils (ServerUtils.java:getDBPath(311)) - ozone.om.db.dirs is not configured. We recommend adding this setting. Falling back to ozone.metadata.dirs instead.
2023-08-10 18:36:39,986 [Time-limited test] INFO  helpers.OmKeyInfo (OmKeyInfo.java:getCodec(71)) - OmKeyInfo.getCodec ignorePipeline = true
2023-08-10 18:36:40,169 [Time-limited test] INFO  om.OzoneManager (OzoneManager.java:instantiateServices(791)) - S3 Multi-Tenancy is disabled
2023-08-10 18:36:40,170 [Time-limited test] INFO  security.OzoneSecretStore (OzoneSecretStore.java:loadState(69)) - Loaded 0 tokens
2023-08-10 18:36:40,170 [Time-limited test] INFO  security.OzoneDelegationTokenSecretManager (OzoneDelegationTokenSecretManager.java:loadTokenSecretState(530)) - Loading token state into token manager.
2023-08-10 18:36:40,170 [Time-limited test] INFO  om.OmSnapshotManager (OmSnapshotManager.java:<init>(175)) - Ozone filesystem snapshot feature is enabled.
2023-08-10 18:36:40,170 [Time-limited test] WARN  server.ServerUtils (ServerUtils.java:getDBPath(311)) - ozone.om.snapshot.diff.db.dir is not configured. We recommend adding this setting. Falling back to ozone.metadata.dirs instead.
2023-08-10 18:36:40,191 [Time-limited test] INFO  snapshot.SnapshotDiffManager (SnapshotDiffManager.java:closeExecutorService(1720)) - Shutting down executorService: 'SstDumpToolExecutor'
2023-08-10 18:36:40,198 [Time-limited test] INFO  om.OzoneManager (OzoneManager.java:addS3GVolumeToDB(4287)) - Created Volume s3v With Owner om required for S3Gateway operations.
2023-08-10 18:36:40,198 [Time-limited test] WARN  server.ServerUtils (ServerUtils.java:getDefaultRatisDirectory(323)) - Storage directory for Ratis is not configured. It is a good idea to map this to an SSD disk. Falling back to ozone.metadata.dirs
2023-08-10 18:36:40,198 [Time-limited test] WARN  utils.OzoneManagerRatisUtils (OzoneManagerRatisUtils.java:getOMRatisSnapshotDirectory(461)) - ozone.om.ratis.snapshot.dir is not configured. Falling back to ozone.metadata.dirs config
2023-08-10 18:36:40,199 [Time-limited test] WARN  server.ServerUtils (ServerUtils.java:getDefaultRatisDirectory(323)) - Storage directory for Ratis is not configured. It is a good idea to map this to an SSD disk. Falling back to ozone.metadata.dirs
2023-08-10 18:36:40,202 [Time-limited test] INFO  ratis.OzoneManagerRatisServer (OzoneManagerRatisServer.java:<init>(163)) - Instantiating OM Ratis server with groupID: omServiceIdDefault and peers: fv-az194-926.m3vjxkz4xwiufi3h0wurkpa3rg.cx.internal.cloudapp.net:9872
2023-08-10 18:36:40,203 [Time-limited test] INFO  ratis.OzoneManagerStateMachine (OzoneManagerStateMachine.java:loadSnapshotInfoFromDB(687)) - LastAppliedIndex is set from TransactionInfo from OM DB as (t:0, i:~)
2023-08-10 18:36:40,209 [Time-limited test] INFO  server.RaftServer (ConfUtils.java:logGet(46)) - raft.rpc.type = GRPC (default)
2023-08-10 18:36:40,209 [Time-limited test] INFO  grpc.GrpcConfigKeys (ConfUtils.java:logFallback(53)) - raft.grpc.admin.host = null (fallback to raft.grpc.server.host)
2023-08-10 18:36:40,209 [Time-limited test] INFO  grpc.GrpcConfigKeys (ConfUtils.java:logFallback(53)) - raft.grpc.admin.port = 9872 (fallback to raft.grpc.server.port)
2023-08-10 18:36:40,209 [Time-limited test] INFO  grpc.GrpcConfigKeys (ConfUtils.java:logFallback(53)) - raft.grpc.client.host = null (fallback to raft.grpc.server.host)
2023-08-10 18:36:40,210 [Time-limited test] INFO  grpc.GrpcConfigKeys (ConfUtils.java:logFallback(53)) - raft.grpc.client.port = 9872 (fallback to raft.grpc.server.port)
2023-08-10 18:36:40,210 [Time-limited test] INFO  grpc.GrpcConfigKeys (ConfUtils.java:logGet(46)) - raft.grpc.server.host = null (default)
2023-08-10 18:36:40,210 [Time-limited test] INFO  grpc.GrpcConfigKeys (ConfUtils.java:logGet(46)) - raft.grpc.server.port = 9872 (custom)
2023-08-10 18:36:40,210 [Time-limited test] INFO  server.GrpcService (ConfUtils.java:logGet(46)) - raft.grpc.message.size.max = 33554432 (custom)
2023-08-10 18:36:40,210 [Time-limited test] INFO  server.RaftServerConfigKeys (ConfUtils.java:logGet(46)) - raft.server.log.appender.buffer.byte-limit = 33554432 (custom)
2023-08-10 18:36:40,210 [Time-limited test] INFO  server.GrpcService (ConfUtils.java:logGet(46)) - raft.grpc.flow.control.window = 1MB (=1048576) (default)
2023-08-10 18:36:40,210 [Time-limited test] INFO  server.RaftServerConfigKeys (ConfUtils.java:logGet(46)) - raft.server.rpc.request.timeout = 3000ms (default)
2023-08-10 18:36:40,211 [Time-limited test] INFO  grpc.GrpcConfigKeys (ConfUtils.java:logGet(46)) - raft.grpc.server.heartbeat.channel = true (default)
2023-08-10 18:36:40,211 [Time-limited test] INFO  grpc.GrpcConfigKeys (ConfUtils.java:logGet(46)) - raft.grpc.server.async.request.thread.pool.cached = true (default)
2023-08-10 18:36:40,211 [Time-limited test] INFO  grpc.GrpcConfigKeys (ConfUtils.java:logGet(46)) - raft.grpc.server.async.request.thread.pool.size = 32 (default)
2023-08-10 18:36:40,212 [Time-limited test] INFO  impl.DataStreamServerImpl (ConfUtils.java:logGet(46)) - raft.datastream.type = DISABLED (default)
2023-08-10 18:36:40,212 [Time-limited test] INFO  server.RaftServerConfigKeys (ConfUtils.java:logGet(46)) - raft.server.threadpool.proxy.cached = true (default)
2023-08-10 18:36:40,213 [Time-limited test] INFO  server.RaftServerConfigKeys (ConfUtils.java:logGet(46)) - raft.server.threadpool.proxy.size = 0 (default)
2023-08-10 18:36:40,213 [Time-limited test] INFO  server.RaftServerConfigKeys (ConfUtils.java:logGet(46)) - raft.server.rpc.slowness.timeout = 120s (custom)
2023-08-10 18:36:40,213 [Time-limited test] INFO  server.RaftServerConfigKeys (ConfUtils.java:logGet(46)) - raft.server.leaderelection.leader.step-down.wait-time = 10s (default)
2023-08-10 18:36:40,213 [Time-limited test] INFO  server.RaftServerConfigKeys (ConfUtils.java:logGet(46)) - raft.server.storage.dir = [/tmp/junit7377988470932357698/junit5580718942300647476/om-meta/ratis] (custom)
2023-08-10 18:36:40,222 [Time-limited test] INFO  server.RaftServer (RaftServerProxy.java:addNew(98)) - om1: addNew group-C5BA1605619E:[om1|rpc:fv-az194-926.m3vjxkz4xwiufi3h0wurkpa3rg.cx.internal.cloudapp.net:9872|priority:0|startupRole:FOLLOWER] returns group-C5BA1605619E:java.util.concurrent.CompletableFuture@618cf9e1[Not completed]
2023-08-10 18:36:40,222 [Time-limited test] INFO  om.OzoneManager (OzoneManager.java:initializeRatisServer(2128)) - OzoneManager Ratis server initialized at port 9872
2023-08-10 18:36:40,223 [Time-limited test] INFO  om.OzoneManager (OzoneManager.java:getRpcServer(1193)) - Creating RPC Server
2023-08-10 18:36:40,227 [om1-groupManagement] INFO  server.RaftServer$Division (RaftServerImpl.java:<init>(198)) - om1: new RaftServerImpl for group-C5BA1605619E:[om1|rpc:fv-az194-926.m3vjxkz4xwiufi3h0wurkpa3rg.cx.internal.cloudapp.net:9872|priority:0|startupRole:FOLLOWER] with OzoneManagerStateMachine:uninitialized
2023-08-10 18:36:40,230 [om1-groupManagement] INFO  server.RaftServerConfigKeys (ConfUtils.java:logGet(46)) - raft.server.rpc.timeout.min = 5s (custom)
2023-08-10 18:36:40,230 [om1-groupManagement] INFO  server.RaftServerConfigKeys (ConfUtils.java:logGet(46)) - raft.server.rpc.timeout.max = 5200ms (custom)
2023-08-10 18:36:40,230 [om1-groupManagement] INFO  server.RaftServerConfigKeys (ConfUtils.java:logGet(46)) - raft.server.rpc.sleep.time = 25ms (default)
2023-08-10 18:36:40,230 [om1-groupManagement] INFO  server.RaftServerConfigKeys (ConfUtils.java:logGet(46)) - raft.server.rpc.slowness.timeout = 120s (custom)
2023-08-10 18:36:40,230 [om1-groupManagement] INFO  server.RaftServerConfigKeys (ConfUtils.java:logGet(46)) - raft.server.leaderelection.leader.step-down.wait-time = 10s (default)
2023-08-10 18:36:40,230 [om1-groupManagement] INFO  server.RaftServerConfigKeys (ConfUtils.java:logGet(46)) - raft.server.sleep.deviation.threshold = 300ms (default)
2023-08-10 18:36:40,230 [om1-groupManagement] INFO  server.RaftServer$Division (ServerState.java:<init>(120)) - om1@group-C5BA1605619E: ConfigurationManager, init=-1: peers:[om1|rpc:fv-az194-926.m3vjxkz4xwiufi3h0wurkpa3rg.cx.internal.cloudapp.net:9872|priority:0|startupRole:FOLLOWER]|listeners:[], old=null, confs=<EMPTY_MAP>
2023-08-10 18:36:40,230 [om1-groupManagement] INFO  server.RaftServerConfigKeys (ConfUtils.java:logGet(46)) - raft.server.storage.dir = [/tmp/junit7377988470932357698/junit5580718942300647476/om-meta/ratis] (custom)
2023-08-10 18:36:40,231 [om1-groupManagement] INFO  server.RaftServerConfigKeys (ConfUtils.java:logGet(46)) - raft.server.log.corruption.policy = EXCEPTION (default)
2023-08-10 18:36:40,231 [om1-groupManagement] INFO  server.RaftServerConfigKeys (ConfUtils.java:logGet(46)) - raft.server.storage.free-space.min = 0MB (=0) (default)
2023-08-10 18:36:40,231 [om1-groupManagement] INFO  server.RaftServerConfigKeys (ConfUtils.java:logGet(46)) - raft.server.notification.no-leader.timeout = 120s (custom)
2023-08-10 18:36:40,231 [om1-groupManagement] INFO  server.RaftServerConfigKeys (ConfUtils.java:logGet(46)) - raft.server.read.timeout = 10s (default)
2023-08-10 18:36:40,231 [om1-groupManagement] INFO  server.RaftServerConfigKeys (ConfUtils.java:logGet(46)) - raft.server.retrycache.expirytime = 300s (custom)
2023-08-10 18:36:40,231 [om1-groupManagement] INFO  server.RaftServerConfigKeys (ConfUtils.java:logGet(46)) - raft.server.retrycache.statistics.expirytime = 100μs (default)
2023-08-10 18:36:40,231 [om1-groupManagement] INFO  server.RaftServerConfigKeys (ConfUtils.java:logGet(46)) - raft.server.read.option = DEFAULT (default)
2023-08-10 18:36:40,232 [om1-groupManagement] INFO  server.RaftServerConfigKeys (ConfUtils.java:logGet(46)) - raft.server.rpc.request.timeout = 3000ms (default)
2023-08-10 18:36:40,232 [om1-groupManagement] INFO  server.RaftServerConfigKeys (ConfUtils.java:logGet(46)) - raft.server.log.appender.install.snapshot.enabled = false (custom)
2023-08-10 18:36:40,232 [om1-groupManagement] INFO  server.RaftServerConfigKeys (ConfUtils.java:logGet(46)) - raft.server.threadpool.server.cached = true (default)
2023-08-10 18:36:40,233 [om1-groupManagement] INFO  server.RaftServerConfigKeys (ConfUtils.java:logGet(46)) - raft.server.threadpool.server.size = 0 (default)
2023-08-10 18:36:40,233 [om1-groupManagement] INFO  server.RaftServerConfigKeys (ConfUtils.java:logGet(46)) - raft.server.threadpool.client.cached = true (default)
2023-08-10 18:36:40,233 [om1-groupManagement] INFO  server.RaftServerConfigKeys (ConfUtils.java:logGet(46)) - raft.server.threadpool.client.size = 0 (default)
2023-08-10 18:36:41,017 [Time-limited test] INFO  reflections.Reflections (Reflections.java:scan(232)) - Reflections took 793 ms to scan 19 urls, producing 70 keys and 5612 values [using 2 cores]
2023-08-10 18:36:41,027 [Time-limited test] INFO  ipc.CallQueueManager (CallQueueManager.java:<init>(90)) - Using callQueue: class java.util.concurrent.LinkedBlockingQueue, queueCapacity: 10000, scheduler: class org.apache.hadoop.ipc.DefaultRpcScheduler, ipcBackoff: false.
2023-08-10 18:36:41,027 [Time-limited test] INFO  ipc.Server (Server.java:<init>(1287)) - Listener at fv-az194-926.m3vjxkz4xwiufi3h0wurkpa3rg.cx.internal.cloudapp.net:1202
2023-08-10 18:36:41,038 [Socket Reader #1 for port 1202] INFO  ipc.Server (Server.java:run(1323)) - Starting Socket Reader #1 for port 1202
2023-08-10 18:36:41,113 [Time-limited test] INFO  security.OMCertificateClient (DefaultCertificateClient.java:getAllRootCaCerts(901)) - om has 1 Root CA certificates
2023-08-10 18:36:48,001 [om-CertificateRenewerService] INFO  security.OMCertificateClient (DefaultCertificateClient.java:run(1383)) - Current certificate 1558443 needs to be renewed remaining grace period PT0S. Forced renewal due to root ca rotation: false.
2023-08-10 18:36:48,300 [om-CertificateRenewerService] INFO  ozone.OzoneSecurityUtil (OzoneSecurityUtil.java:getValidInetsForCurrentHost(119)) - ip:fe80:0:0:0:20d:3aff:fee2:9454%eth0 not returned.
2023-08-10 18:36:48,301 [om-CertificateRenewerService] INFO  ozone.OzoneSecurityUtil (OzoneSecurityUtil.java:getValidInetsForCurrentHost(116)) - Adding ip:10.1.0.69,host:fv-az194-926.m3vjxkz4xwiufi3h0wurkpa3rg.cx.internal.cloudapp.net
2023-08-10 18:36:48,301 [om-CertificateRenewerService] INFO  ozone.OzoneSecurityUtil (OzoneSecurityUtil.java:getValidInetsForCurrentHost(119)) - ip:0:0:0:0:0:0:0:1%lo not returned.
2023-08-10 18:36:48,301 [om-CertificateRenewerService] INFO  ozone.OzoneSecurityUtil (OzoneSecurityUtil.java:getValidInetsForCurrentHost(119)) - ip:127.0.0.1 not returned.
2023-08-10 18:36:48,302 [om-CertificateRenewerService] INFO  security.OMCertificateClient (OMCertificateClient.java:getCSRBuilder(114)) - Creating csr for OM->dns:fv-az194-926.m3vjxkz4xwiufi3h0wurkpa3rg.cx.internal.cloudapp.net,ip:10.1.0.69,scmId:e6b12ccd-838f-425e-a790-4c728b9261be,clusterId:bac9565f-9e07-4939-947a-41577339401f,subject:om@fv-az194-926.m3vjxkz4xwiufi3h0wurkpa3rg.cx.internal.cloudapp.net
2023-08-10 18:36:48,315 [om-CertificateRenewerService] INFO  utils.CertificateCodec (CertificateCodec.java:writeCertificate(299)) - Save certificate to /tmp/junit7377988470932357698/junit5580718942300647476/om-meta/om/certs-next/1558503.crt
2023-08-10 18:36:48,316 [om-CertificateRenewerService] INFO  utils.CertificateCodec (CertificateCodec.java:writeCertificate(300)) - Certificate -----BEGIN CERTIFICATE-----
MIIB4DCCAUmgAwIBAgIDF8fnMA0GCSqGSIb3DQEBCwUAMDUxEjAQBgNVBAMMCWxv
Y2FsaG9zdDENMAsGA1UECwwEdGVzdDEQMA4GA1UECgwHY2x1c3RlcjAeFw0yMzA4
MTAxODM2NDhaFw0yMzA4MTAxODM3MDhaMDUxEjAQBgNVBAMMCWxvY2FsaG9zdDEN
MAsGA1UECwwEdGVzdDEQMA4GA1UECgwHY2x1c3RlcjCBnzANBgkqhkiG9w0BAQEF
AAOBjQAwgYkCgYEAnNWdeUvynq0YCJ3aRzz5S5fCoyguVCAHzMXRD0bI1/CCPV1E
7dBx2QSIn42eJuFL18JaHyqgO0TkwzGIAmjTfdGteHxNm+QWIlq8MndVYJItwGEQ
7UrEvOojk39C3HPv4rhEZZOK6jBYMDzxCtD4gry+N4xG5Xm6u1be+EC+fRUCAwEA
ATANBgkqhkiG9w0BAQsFAAOBgQCF/dFc3ZJxlEQxSy3DroWoODGoiFlkdA2AAOWA
/BAt8CSV8dB3d6z39Yx9XgVdLnLi+ebWPOv8oLQmshyLLnqRPZ/WgTcxC3646qvg
aiDCuCpXyijgE16j9aZOXl/CNA0o7wKdntL1CUDpUYG4mZGgOmZDeZzhoDgJKRPC
NrFWug==
-----END CERTIFICATE-----

2023-08-10 18:36:48,317 [om-CertificateRenewerService] INFO  utils.CertificateCodec (CertificateCodec.java:writeCertificate(299)) - Save certificate to /tmp/junit7377988470932357698/junit5580718942300647476/om-meta/om/certs-next/CA-1558503.crt
2023-08-10 18:36:48,317 [om-CertificateRenewerService] INFO  utils.CertificateCodec (CertificateCodec.java:writeCertificate(300)) - Certificate -----BEGIN CERTIFICATE-----
MIIB4DCCAUmgAwIBAgIDF8fnMA0GCSqGSIb3DQEBCwUAMDUxEjAQBgNVBAMMCWxv
Y2FsaG9zdDENMAsGA1UECwwEdGVzdDEQMA4GA1UECgwHY2x1c3RlcjAeFw0yMzA4
MTAxODM2NDhaFw0yMzA4MTAxODM3MDhaMDUxEjAQBgNVBAMMCWxvY2FsaG9zdDEN
MAsGA1UECwwEdGVzdDEQMA4GA1UECgwHY2x1c3RlcjCBnzANBgkqhkiG9w0BAQEF
AAOBjQAwgYkCgYEAnNWdeUvynq0YCJ3aRzz5S5fCoyguVCAHzMXRD0bI1/CCPV1E
7dBx2QSIn42eJuFL18JaHyqgO0TkwzGIAmjTfdGteHxNm+QWIlq8MndVYJItwGEQ
7UrEvOojk39C3HPv4rhEZZOK6jBYMDzxCtD4gry+N4xG5Xm6u1be+EC+fRUCAwEA
ATANBgkqhkiG9w0BAQsFAAOBgQCF/dFc3ZJxlEQxSy3DroWoODGoiFlkdA2AAOWA
/BAt8CSV8dB3d6z39Yx9XgVdLnLi+ebWPOv8oLQmshyLLnqRPZ/WgTcxC3646qvg
aiDCuCpXyijgE16j9aZOXl/CNA0o7wKdntL1CUDpUYG4mZGgOmZDeZzhoDgJKRPC
NrFWug==
-----END CERTIFICATE-----

2023-08-10 18:36:48,318 [om-CertificateRenewerService] INFO  security.OMCertificateClient (DefaultCertificateClient.java:updateCertSerialId(1244)) - Certificate serial ID set to 1558503
2023-08-10 18:36:48,324 [om-CertificateRenewerService] INFO  security.OMCertificateClient (DefaultCertificateClient.java:readCertificateFile(237)) - Added certificate   [0]         Version: 3
         SerialNumber: 1558443
             IssuerDN: CN=localhost,OU=test,O=cluster
           Start Date: Thu Aug 10 18:36:38 UTC 2023
           Final Date: Thu Aug 10 18:36:58 UTC 2023
            SubjectDN: CN=localhost,OU=test,O=cluster
           Public Key: RSA Public Key [95:f6:a8:be:a6:10:cf:bc:12:7b:8f:60:84:43:b1:a8:c4:6c:bf:13],[56:66:d1:a4]
        modulus: c545eb607eec83c66f73374da60c65f59205c6242935096ecd151622c38b5cbd87e8fc8a9e9fe1a4cb36abb7827b453618b7945b3bdd1ce1fa355e9b88f844c0ce2558f944593a07cd5b8a84c21d496a541f39b8e30139a784aba664b45b7240eec38d7e87387dd63ecfe6e07f69deefb0040ede5421edd1d191d022eba5242fec9e1cd93e6ad6bc62b63d2c4edc6a3d5105457e40d141851e353df54e7f78007d5f93b933c069b07152eafb05d63899f547744622b5abf9c9e1e5822d4faecc1994e5cdd7667a937f1fbb44c4d9ab027ef852a906d9a6ffdd5d269aa3a605d3b7d29c195501b41cbf7fe7bb33efd1424ecd8ee27f6788b572d769f14dda7a49
public exponent: 10001

  Signature Algorithm: SHA256WITHRSA
            Signature: b6b65e291396b4945d723ee09b6f24b8fad540a8
                       90eb9b97df7f06a7b4db52fbef9c6fc7254139f2
                       345945ced21795adb876bc0b868d37b9f0858175
                       9370f3789bb85b57846a324e91320a0c1dbd8030
                       65eeaa11d744912098fe59fcfff155538732265c
                       4873a3adc462cbb29ccdf620a0a0997e10b2870a
                       621316e20a4a7cc803e45b781281bbaf8d7eb9ed
                       a954fdfe42e5f9798a3cbcf54c654913199daf5f
                       2ec5a580e87da31ea254e37596b4eca255b3cb5c
                       abe61b75e80a5f2b56e0c39e2c851539dc60472b
                       ea47f330b68967167fd989f8fffe597a97034580
                       cfc93c40415bc66b15533ed46cf74d3357e08552
                       d35b672e33e73b0bce3a09ab47d54553
 from file: /tmp/junit7377988470932357698/junit5580718942300647476/om-meta/om/certs/ROOTCA-1558443.crt.
2023-08-10 18:36:48,325 [om-CertificateRenewerService] INFO  security.OMCertificateClient (DefaultCertificateClient.java:readCertificateFile(237)) - Added certificate   [0]         Version: 3
         SerialNumber: 1558443
             IssuerDN: CN=localhost,OU=test,O=cluster
           Start Date: Thu Aug 10 18:36:38 UTC 2023
           Final Date: Thu Aug 10 18:36:58 UTC 2023
            SubjectDN: CN=localhost,OU=test,O=cluster
           Public Key: RSA Public Key [95:f6:a8:be:a6:10:cf:bc:12:7b:8f:60:84:43:b1:a8:c4:6c:bf:13],[56:66:d1:a4]
        modulus: c545eb607eec83c66f73374da60c65f59205c6242935096ecd151622c38b5cbd87e8fc8a9e9fe1a4cb36abb7827b453618b7945b3bdd1ce1fa355e9b88f844c0ce2558f944593a07cd5b8a84c21d496a541f39b8e30139a784aba664b45b7240eec38d7e87387dd63ecfe6e07f69deefb0040ede5421edd1d191d022eba5242fec9e1cd93e6ad6bc62b63d2c4edc6a3d5105457e40d141851e353df54e7f78007d5f93b933c069b07152eafb05d63899f547744622b5abf9c9e1e5822d4faecc1994e5cdd7667a937f1fbb44c4d9ab027ef852a906d9a6ffdd5d269aa3a605d3b7d29c195501b41cbf7fe7bb33efd1424ecd8ee27f6788b572d769f14dda7a49
public exponent: 10001

  Signature Algorithm: SHA256WITHRSA
            Signature: b6b65e291396b4945d723ee09b6f24b8fad540a8
                       90eb9b97df7f06a7b4db52fbef9c6fc7254139f2
                       345945ced21795adb876bc0b868d37b9f0858175
                       9370f3789bb85b57846a324e91320a0c1dbd8030
                       65eeaa11d744912098fe59fcfff155538732265c
                       4873a3adc462cbb29ccdf620a0a0997e10b2870a
                       621316e20a4a7cc803e45b781281bbaf8d7eb9ed
                       a954fdfe42e5f9798a3cbcf54c654913199daf5f
                       2ec5a580e87da31ea254e37596b4eca255b3cb5c
                       abe61b75e80a5f2b56e0c39e2c851539dc60472b
                       ea47f330b68967167fd989f8fffe597a97034580
                       cfc93c40415bc66b15533ed46cf74d3357e08552
                       d35b672e33e73b0bce3a09ab47d54553
 from file: /tmp/junit7377988470932357698/junit5580718942300647476/om-meta/om/certs/certificate.crt.
2023-08-10 18:36:48,334 [om-CertificateRenewerService] INFO  security.OMCertificateClient (DefaultCertificateClient.java:renewAndStoreKeyAndCertificate(1162)) - Successful renew key and certificate. New certificate 1558503.
2023-08-10 18:36:48,334 [om-CertificateRenewerService] INFO  security.OMCertificateClient (DefaultCertificateClient.java:updateCertSerialId(1244)) - Certificate serial ID set to 1558503
2023-08-10 18:36:48,335 [om-CertificateRenewerService] INFO  security.OMCertificateClient (DefaultCertificateClient.java:readCertificateFile(237)) - Added certificate   [0]         Version: 3
         SerialNumber: 1558503
             IssuerDN: CN=localhost,OU=test,O=cluster
           Start Date: Thu Aug 10 18:36:48 UTC 2023
           Final Date: Thu Aug 10 18:37:08 UTC 2023
            SubjectDN: CN=localhost,OU=test,O=cluster
           Public Key: RSA Public Key [19:83:ae:92:fd:61:1c:2c:20:75:da:97:65:c7:b5:0b:9a:5c:d3:69],[56:66:d1:a4]
        modulus: 9cd59d794bf29ead18089dda473cf94b97c2a3282e542007ccc5d10f46c8d7f0823d5d44edd071d904889f8d9e26e14bd7c25a1f2aa03b44e4c331880268d37dd1ad787c4d9be416225abc32775560922dc06110ed4ac4bcea23937f42dc73efe2b84465938aea3058303cf10ad0f882bcbe378c46e579babb56def840be7d15
public exponent: 10001

  Signature Algorithm: SHA256WITHRSA
            Signature: 85fdd15cdd92719444314b2dc3ae85a83831a888
                       5964740d8000e580fc102df02495f1d07777acf7
                       f58c7d5e055d2e72e2f9e6d63cebfca0b426b21c
                       8b2e7a913d9fd68137310b7eb8eaabe06a20c2b8
                       2a57ca28e0135ea3f5a64e5e5fc2340d28ef029d
                       9ed2f50940e95181b89991a03a6643799ce1a038
                       092913c236b156ba
 from file: /tmp/junit7377988470932357698/junit5580718942300647476/om-meta/om/certs/1558503.crt.
2023-08-10 18:36:48,336 [om-CertificateRenewerService] INFO  security.OMCertificateClient (DefaultCertificateClient.java:readCertificateFile(237)) - Added certificate   [0]         Version: 3
         SerialNumber: 1558503
             IssuerDN: CN=localhost,OU=test,O=cluster
           Start Date: Thu Aug 10 18:36:48 UTC 2023
           Final Date: Thu Aug 10 18:37:08 UTC 2023
            SubjectDN: CN=localhost,OU=test,O=cluster
           Public Key: RSA Public Key [19:83:ae:92:fd:61:1c:2c:20:75:da:97:65:c7:b5:0b:9a:5c:d3:69],[56:66:d1:a4]
        modulus: 9cd59d794bf29ead18089dda473cf94b97c2a3282e542007ccc5d10f46c8d7f0823d5d44edd071d904889f8d9e26e14bd7c25a1f2aa03b44e4c331880268d37dd1ad787c4d9be416225abc32775560922dc06110ed4ac4bcea23937f42dc73efe2b84465938aea3058303cf10ad0f882bcbe378c46e579babb56def840be7d15
public exponent: 10001

  Signature Algorithm: SHA256WITHRSA
            Signature: 85fdd15cdd92719444314b2dc3ae85a83831a888
                       5964740d8000e580fc102df02495f1d07777acf7
                       f58c7d5e055d2e72e2f9e6d63cebfca0b426b21c
                       8b2e7a913d9fd68137310b7eb8eaabe06a20c2b8
                       2a57ca28e0135ea3f5a64e5e5fc2340d28ef029d
                       9ed2f50940e95181b89991a03a6643799ce1a038
                       092913c236b156ba
 from file: /tmp/junit7377988470932357698/junit5580718942300647476/om-meta/om/certs/CA-1558503.crt.
2023-08-10 18:36:48,336 [om-CertificateRenewerService] INFO  security.OMCertificateClient (DefaultCertificateClient.java:reloadKeyAndCertificate(1232)) - Reset and reloaded key and all certificates for new certificate 1558503.
2023-08-10 18:36:49,135 [Time-limited test] INFO  utils.SelfSignedCertificate (SelfSignedCertificate.java:generateCertificate(157)) - Certificate 1569208 is issued by CN=localhost,OU=test,O=cluster to CN=localhost,OU=test,O=cluster, valid from Thu Aug 10 18:36:49 UTC 2023 to Thu Aug 10 18:37:09 UTC 2023
2023-08-10 18:36:58,000 [om-CertificateRenewerService] INFO  security.OMCertificateClient (DefaultCertificateClient.java:run(1383)) - Current certificate 1558503 needs to be renewed remaining grace period PT0S. Forced renewal due to root ca rotation: false.
2023-08-10 18:36:58,432 [om-CertificateRenewerService] INFO  ozone.OzoneSecurityUtil (OzoneSecurityUtil.java:getValidInetsForCurrentHost(119)) - ip:fe80:0:0:0:20d:3aff:fee2:9454%eth0 not returned.
2023-08-10 18:36:58,432 [om-CertificateRenewerService] INFO  ozone.OzoneSecurityUtil (OzoneSecurityUtil.java:getValidInetsForCurrentHost(116)) - Adding ip:10.1.0.69,host:fv-az194-926.m3vjxkz4xwiufi3h0wurkpa3rg.cx.internal.cloudapp.net
2023-08-10 18:36:58,432 [om-CertificateRenewerService] INFO  ozone.OzoneSecurityUtil (OzoneSecurityUtil.java:getValidInetsForCurrentHost(119)) - ip:0:0:0:0:0:0:0:1%lo not returned.
2023-08-10 18:36:58,432 [om-CertificateRenewerService] INFO  ozone.OzoneSecurityUtil (OzoneSecurityUtil.java:getValidInetsForCurrentHost(119)) - ip:127.0.0.1 not returned.
2023-08-10 18:36:58,433 [om-CertificateRenewerService] INFO  security.OMCertificateClient (OMCertificateClient.java:getCSRBuilder(114)) - Creating csr for OM->dns:fv-az194-926.m3vjxkz4xwiufi3h0wurkpa3rg.cx.internal.cloudapp.net,ip:10.1.0.69,scmId:e6b12ccd-838f-425e-a790-4c728b9261be,clusterId:bac9565f-9e07-4939-947a-41577339401f,subject:om@fv-az194-926.m3vjxkz4xwiufi3h0wurkpa3rg.cx.internal.cloudapp.net
2023-08-10 18:36:58,436 [om-CertificateRenewerService] INFO  utils.CertificateCodec (CertificateCodec.java:writeCertificate(299)) - Save certificate to /tmp/junit7377988470932357698/junit5580718942300647476/om-meta/om/certs-next/1569208.crt
2023-08-10 18:36:58,436 [om-CertificateRenewerService] INFO  utils.CertificateCodec (CertificateCodec.java:writeCertificate(300)) - Certificate -----BEGIN CERTIFICATE-----
MIIB4DCCAUmgAwIBAgIDF/G4MA0GCSqGSIb3DQEBCwUAMDUxEjAQBgNVBAMMCWxv
Y2FsaG9zdDENMAsGA1UECwwEdGVzdDEQMA4GA1UECgwHY2x1c3RlcjAeFw0yMzA4
MTAxODM2NDlaFw0yMzA4MTAxODM3MDlaMDUxEjAQBgNVBAMMCWxvY2FsaG9zdDEN
MAsGA1UECwwEdGVzdDEQMA4GA1UECgwHY2x1c3RlcjCBnzANBgkqhkiG9w0BAQEF
AAOBjQAwgYkCgYEAxy8zmRqqGgFJLSqVnBYdJCLxQooB0d74bFJbQ02fddk7B23/
Q5Bu4WtzqRfF5A6XH9nq766TsZlxQDPnjwcljbyaVAbSctnpBfOUKCNhi8Zrm5Sg
I4MqrKocgK60DtFiDffxaGllKnsM7wwh1TU1ulr/GO1VFuPJhIaUtZ0aiekCAwEA
ATANBgkqhkiG9w0BAQsFAAOBgQCAXZXSDQDKhJp8q8JGZ/oVMoMWY3KJDBr1K5xS
1NAinoIsiWebgSafU4tSgWS3AIrslk7L6xm2V8els2icKiyy8xc5874Qqp8rjHaY
8/l3axYx/2QjcoUzSDUPgJ88Vl4PzOwYdMTCskTXXg/6LuXINzZ59bSEUjz5JbJ9
+PdUig==
-----END CERTIFICATE-----

2023-08-10 18:36:58,436 [om-CertificateRenewerService] INFO  utils.CertificateCodec (CertificateCodec.java:writeCertificate(299)) - Save certificate to /tmp/junit7377988470932357698/junit5580718942300647476/om-meta/om/certs-next/CA-1569208.crt
2023-08-10 18:36:58,437 [om-CertificateRenewerService] INFO  utils.CertificateCodec (CertificateCodec.java:writeCertificate(300)) - Certificate -----BEGIN CERTIFICATE-----
MIIB4DCCAUmgAwIBAgIDF/G4MA0GCSqGSIb3DQEBCwUAMDUxEjAQBgNVBAMMCWxv
Y2FsaG9zdDENMAsGA1UECwwEdGVzdDEQMA4GA1UECgwHY2x1c3RlcjAeFw0yMzA4
MTAxODM2NDlaFw0yMzA4MTAxODM3MDlaMDUxEjAQBgNVBAMMCWxvY2FsaG9zdDEN
MAsGA1UECwwEdGVzdDEQMA4GA1UECgwHY2x1c3RlcjCBnzANBgkqhkiG9w0BAQEF
AAOBjQAwgYkCgYEAxy8zmRqqGgFJLSqVnBYdJCLxQooB0d74bFJbQ02fddk7B23/
Q5Bu4WtzqRfF5A6XH9nq766TsZlxQDPnjwcljbyaVAbSctnpBfOUKCNhi8Zrm5Sg
I4MqrKocgK60DtFiDffxaGllKnsM7wwh1TU1ulr/GO1VFuPJhIaUtZ0aiekCAwEA
ATANBgkqhkiG9w0BAQsFAAOBgQCAXZXSDQDKhJp8q8JGZ/oVMoMWY3KJDBr1K5xS
1NAinoIsiWebgSafU4tSgWS3AIrslk7L6xm2V8els2icKiyy8xc5874Qqp8rjHaY
8/l3axYx/2QjcoUzSDUPgJ88Vl4PzOwYdMTCskTXXg/6LuXINzZ59bSEUjz5JbJ9
+PdUig==
-----END CERTIFICATE-----

2023-08-10 18:36:58,437 [om-CertificateRenewerService] INFO  security.OMCertificateClient (DefaultCertificateClient.java:updateCertSerialId(1244)) - Certificate serial ID set to 1569208
2023-08-10 18:36:58,442 [om-CertificateRenewerService] INFO  security.OMCertificateClient (DefaultCertificateClient.java:readCertificateFile(237)) - Added certificate   [0]         Version: 3
         SerialNumber: 1558503
             IssuerDN: CN=localhost,OU=test,O=cluster
           Start Date: Thu Aug 10 18:36:48 UTC 2023
           Final Date: Thu Aug 10 18:37:08 UTC 2023
            SubjectDN: CN=localhost,OU=test,O=cluster
           Public Key: RSA Public Key [19:83:ae:92:fd:61:1c:2c:20:75:da:97:65:c7:b5:0b:9a:5c:d3:69],[56:66:d1:a4]
        modulus: 9cd59d794bf29ead18089dda473cf94b97c2a3282e542007ccc5d10f46c8d7f0823d5d44edd071d904889f8d9e26e14bd7c25a1f2aa03b44e4c331880268d37dd1ad787c4d9be416225abc32775560922dc06110ed4ac4bcea23937f42dc73efe2b84465938aea3058303cf10ad0f882bcbe378c46e579babb56def840be7d15
public exponent: 10001

  Signature Algorithm: SHA256WITHRSA
            Signature: 85fdd15cdd92719444314b2dc3ae85a83831a888
                       5964740d8000e580fc102df02495f1d07777acf7
                       f58c7d5e055d2e72e2f9e6d63cebfca0b426b21c
                       8b2e7a913d9fd68137310b7eb8eaabe06a20c2b8
                       2a57ca28e0135ea3f5a64e5e5fc2340d28ef029d
                       9ed2f50940e95181b89991a03a6643799ce1a038
                       092913c236b156ba
 from file: /tmp/junit7377988470932357698/junit5580718942300647476/om-meta/om/certs/1558503.crt.
2023-08-10 18:36:58,443 [om-CertificateRenewerService] INFO  security.OMCertificateClient (DefaultCertificateClient.java:readCertificateFile(237)) - Added certificate   [0]         Version: 3
         SerialNumber: 1558503
             IssuerDN: CN=localhost,OU=test,O=cluster
           Start Date: Thu Aug 10 18:36:48 UTC 2023
           Final Date: Thu Aug 10 18:37:08 UTC 2023
            SubjectDN: CN=localhost,OU=test,O=cluster
           Public Key: RSA Public Key [19:83:ae:92:fd:61:1c:2c:20:75:da:97:65:c7:b5:0b:9a:5c:d3:69],[56:66:d1:a4]
        modulus: 9cd59d794bf29ead18089dda473cf94b97c2a3282e542007ccc5d10f46c8d7f0823d5d44edd071d904889f8d9e26e14bd7c25a1f2aa03b44e4c331880268d37dd1ad787c4d9be416225abc32775560922dc06110ed4ac4bcea23937f42dc73efe2b84465938aea3058303cf10ad0f882bcbe378c46e579babb56def840be7d15
public exponent: 10001

  Signature Algorithm: SHA256WITHRSA
            Signature: 85fdd15cdd92719444314b2dc3ae85a83831a888
                       5964740d8000e580fc102df02495f1d07777acf7
                       f58c7d5e055d2e72e2f9e6d63cebfca0b426b21c
                       8b2e7a913d9fd68137310b7eb8eaabe06a20c2b8
                       2a57ca28e0135ea3f5a64e5e5fc2340d28ef029d
                       9ed2f50940e95181b89991a03a6643799ce1a038
                       092913c236b156ba
 from file: /tmp/junit7377988470932357698/junit5580718942300647476/om-meta/om/certs/CA-1558503.crt.
2023-08-10 18:36:58,443 [om-CertificateRenewerService] INFO  security.OMCertificateClient (DefaultCertificateClient.java:renewAndStoreKeyAndCertificate(1162)) - Successful renew key and certificate. New certificate 1569208.
2023-08-10 18:36:58,443 [om-CertificateRenewerService] INFO  security.OMCertificateClient (DefaultCertificateClient.java:updateCertSerialId(1244)) - Certificate serial ID set to 1569208
2023-08-10 18:36:58,444 [om-CertificateRenewerService] INFO  security.OMCertificateClient (DefaultCertificateClient.java:readCertificateFile(237)) - Added certificate   [0]         Version: 3
         SerialNumber: 1569208
             IssuerDN: CN=localhost,OU=test,O=cluster
           Start Date: Thu Aug 10 18:36:49 UTC 2023
           Final Date: Thu Aug 10 18:37:09 UTC 2023
            SubjectDN: CN=localhost,OU=test,O=cluster
           Public Key: RSA Public Key [89:ff:d4:e6:6d:cd:2d:09:87:a6:87:a4:b3:6e:90:f2:7d:d2:58:e8],[56:66:d1:a4]
        modulus: c72f33991aaa1a01492d2a959c161d2422f1428a01d1def86c525b434d9f75d93b076dff43906ee16b73a917c5e40e971fd9eaefae93b199714033e78f07258dbc9a5406d272d9e905f3942823618bc66b9b94a023832aacaa1c80aeb40ed1620df7f16869652a7b0cef0c21d53535ba5aff18ed5516e3c9848694b59d1a89e9
public exponent: 10001

  Signature Algorithm: SHA256WITHRSA
            Signature: 805d95d20d00ca849a7cabc24667fa1532831663
                       72890c1af52b9c52d4d0229e822c89679b81269f
                       538b528164b7008aec964ecbeb19b657c7a5b368
                       9c2a2cb2f31739f3be10aa9f2b8c7698f3f9776b
                       1631ff642372853348350f809f3c565e0fccec18
                       74c4c2b244d75e0ffa2ee5c8373679f5b484523c
                       f925b27df8f7548a
 from file: /tmp/junit7377988470932357698/junit5580718942300647476/om-meta/om/certs/CA-1569208.crt.
2023-08-10 18:36:58,446 [om-CertificateRenewerService] INFO  security.OMCertificateClient (DefaultCertificateClient.java:readCertificateFile(237)) - Added certificate   [0]         Version: 3
         SerialNumber: 1569208
             IssuerDN: CN=localhost,OU=test,O=cluster
           Start Date: Thu Aug 10 18:36:49 UTC 2023
           Final Date: Thu Aug 10 18:37:09 UTC 2023
            SubjectDN: CN=localhost,OU=test,O=cluster
           Public Key: RSA Public Key [89:ff:d4:e6:6d:cd:2d:09:87:a6:87:a4:b3:6e:90:f2:7d:d2:58:e8],[56:66:d1:a4]
        modulus: c72f33991aaa1a01492d2a959c161d2422f1428a01d1def86c525b434d9f75d93b076dff43906ee16b73a917c5e40e971fd9eaefae93b199714033e78f07258dbc9a5406d272d9e905f3942823618bc66b9b94a023832aacaa1c80aeb40ed1620df7f16869652a7b0cef0c21d53535ba5aff18ed5516e3c9848694b59d1a89e9
public exponent: 10001

  Signature Algorithm: SHA256WITHRSA
            Signature: 805d95d20d00ca849a7cabc24667fa1532831663
                       72890c1af52b9c52d4d0229e822c89679b81269f
                       538b528164b7008aec964ecbeb19b657c7a5b368
                       9c2a2cb2f31739f3be10aa9f2b8c7698f3f9776b
                       1631ff642372853348350f809f3c565e0fccec18
                       74c4c2b244d75e0ffa2ee5c8373679f5b484523c
                       f925b27df8f7548a
 from file: /tmp/junit7377988470932357698/junit5580718942300647476/om-meta/om/certs/1569208.crt.
2023-08-10 18:36:58,446 [om-CertificateRenewerService] INFO  security.OMCertificateClient (DefaultCertificateClient.java:reloadKeyAndCertificate(1232)) - Reset and reloaded key and all certificates for new certificate 1569208.
2023-08-10 18:36:59,146 [Time-limited test] INFO  impl.DefaultInternalKdcServerImpl (DefaultInternalKdcServerImpl.java:doStop(102)) - Default Internal kdc server stopped.
2023-08-10 18:37:00,146 [Time-limited test] INFO  minikdc.MiniKdc (MiniKdc.java:stop(359)) - MiniKdc stopped.
2023-08-10 18:37:00,147 [Time-limited test] INFO  om.OzoneManager (OzoneManager.java:stop(2187)) - om1[fv-az194-926.m3vjxkz4xwiufi3h0wurkpa3rg.cx.internal.cloudapp.net:1202]: Stopping Ozone Manager
2023-08-10 18:37:00,147 [Time-limited test] INFO  ipc.Server (Server.java:stop(3523)) - Stopping server on 1202
2023-08-10 18:37:00,147 [Time-limited test] INFO  ratis.OzoneManagerStateMachine (OzoneManagerStateMachine.java:close(534)) - StateMachine has shutdown. Shutdown OzoneManager if not already shutdown.
2023-08-10 18:37:00,147 [Time-limited test] INFO  ratis.OzoneManagerDoubleBuffer (OzoneManagerDoubleBuffer.java:stopDaemon(551)) - Stopping OMDoubleBuffer flush thread
2023-08-10 18:37:00,148 [OMDoubleBufferFlushThread] INFO  ratis.OzoneManagerDoubleBuffer (OzoneManagerDoubleBuffer.java:canFlush(638)) - OMDoubleBuffer flush thread OMDoubleBufferFlushThread is interrupted and will exit.
2023-08-10 18:37:00,148 [Time-limited test] INFO  om.OzoneManager (OzoneManager.java:stopSecretManager(1063)) - Stopping secret key client.
2023-08-10 18:37:00,148 [Time-limited test] INFO  om.OzoneManager (OzoneManager.java:stopSecretManager(1068)) - Stopping OM delegation token secret manager.
2023-08-10 18:37:00,148 [Time-limited test] INFO  rocksdiff.RocksDBCheckpointDiffer (RocksDBCheckpointDiffer.java:close(340)) - Shutting down CompactionDagPruningService.
2023-08-10 18:37:00,152 [Time-limited test] INFO  snapshot.SnapshotDiffManager (SnapshotDiffManager.java:closeExecutorService(1720)) - Shutting down executorService: 'SnapDiffExecutor'
2023-08-10 18:37:00,152 [Time-limited test] INFO  snapshot.SnapshotDiffManager (SnapshotDiffManager.java:closeExecutorService(1720)) - Shutting down executorService: 'SstDumpToolExecutor'
2023-08-10 18:37:00,152 [Time-limited test] INFO  utils.BackgroundService (BackgroundService.java:shutdown(141)) - Shutting down service SnapshotDiffCleanupService
]]></system-out>
  </testcase>
  <testcase name="testSecureOmInitSuccess" classname="org.apache.hadoop.ozone.TestSecureOzoneCluster" time="4.812">
    <system-out><![CDATA[2023-08-10 18:37:00,202 [Time-limited test] INFO  net.ServerSocketUtil (ServerSocketUtil.java:getPort(55)) - Using port 9860
2023-08-10 18:37:00,202 [Time-limited test] INFO  net.ServerSocketUtil (ServerSocketUtil.java:getPort(55)) - Using port 9861
2023-08-10 18:37:00,203 [Time-limited test] INFO  net.ServerSocketUtil (ServerSocketUtil.java:getPort(55)) - Using port 9863
2023-08-10 18:37:00,203 [Time-limited test] INFO  net.ServerSocketUtil (ServerSocketUtil.java:getPort(55)) - Using port 9961
2023-08-10 18:37:00,203 [Time-limited test] INFO  net.ServerSocketUtil (ServerSocketUtil.java:getPort(55)) - Using port 1200
2023-08-10 18:37:00,203 [Time-limited test] INFO  net.ServerSocketUtil (ServerSocketUtil.java:getPort(55)) - Using port 1201
2023-08-10 18:37:00,205 [Time-limited test] INFO  minikdc.MiniKdc (MiniKdc.java:<init>(225)) - Configuration:
2023-08-10 18:37:00,206 [Time-limited test] INFO  minikdc.MiniKdc (MiniKdc.java:<init>(226)) - ---------------------------------------------------------------
2023-08-10 18:37:00,207 [Time-limited test] INFO  minikdc.MiniKdc (MiniKdc.java:<init>(228)) -   debug: false
2023-08-10 18:37:00,207 [Time-limited test] INFO  minikdc.MiniKdc (MiniKdc.java:<init>(228)) -   transport: TCP
2023-08-10 18:37:00,207 [Time-limited test] INFO  minikdc.MiniKdc (MiniKdc.java:<init>(228)) -   max.ticket.lifetime: 86400000
2023-08-10 18:37:00,207 [Time-limited test] INFO  minikdc.MiniKdc (MiniKdc.java:<init>(228)) -   org.name: EXAMPLE
2023-08-10 18:37:00,207 [Time-limited test] INFO  minikdc.MiniKdc (MiniKdc.java:<init>(228)) -   kdc.port: 0
2023-08-10 18:37:00,208 [Time-limited test] INFO  minikdc.MiniKdc (MiniKdc.java:<init>(228)) -   org.domain: COM
2023-08-10 18:37:00,208 [Time-limited test] INFO  minikdc.MiniKdc (MiniKdc.java:<init>(228)) -   max.renewable.lifetime: 604800000
2023-08-10 18:37:00,208 [Time-limited test] INFO  minikdc.MiniKdc (MiniKdc.java:<init>(228)) -   instance: DefaultKrbServer
2023-08-10 18:37:00,208 [Time-limited test] INFO  minikdc.MiniKdc (MiniKdc.java:<init>(228)) -   kdc.bind.address: localhost
2023-08-10 18:37:00,208 [Time-limited test] INFO  minikdc.MiniKdc (MiniKdc.java:<init>(230)) - ---------------------------------------------------------------
2023-08-10 18:37:00,213 [Time-limited test] INFO  minikdc.MiniKdc (MiniKdc.java:start(285)) - MiniKdc started.
2023-08-10 18:37:00,467 [Time-limited test] INFO  om.OzoneManager (OzoneManager.java:getOmDetailsProto(4555)) - OzoneManager ports added:[name: "RPC"
value: 1202
]
2023-08-10 18:37:00,468 [Time-limited test] WARN  server.ServerUtils (ServerUtils.java:getScmDbDir(155)) - ozone.scm.db.dirs is not configured. We recommend adding this setting. Falling back to ozone.metadata.dirs instead.
2023-08-10 18:37:00,468 [Time-limited test] INFO  ha.HASecurityUtils (HASecurityUtils.java:initializeSecurity(98)) - Initializing secure StorageContainerManager.
2023-08-10 18:37:00,470 [Time-limited test] INFO  client.SCMCertificateClient (DefaultCertificateClient.java:updateCertSerialId(1244)) - Certificate serial ID set to null
2023-08-10 18:37:00,470 [Time-limited test] ERROR client.SCMCertificateClient (DefaultCertificateClient.java:getCertPath(362)) - Default certificate serial id is not set. Can't locate the default certificate for this client.
2023-08-10 18:37:00,470 [Time-limited test] INFO  client.SCMCertificateClient (DefaultCertificateClient.java:init(715)) - Certificate client init case: 0
2023-08-10 18:37:00,470 [Time-limited test] INFO  client.SCMCertificateClient (SCMCertificateClient.java:handleCase(103)) - Creating keypair for client as keypair and certificate not found.
2023-08-10 18:37:00,637 [Time-limited test] INFO  ha.HASecurityUtils (HASecurityUtils.java:initializeSecurity(108)) - Init response: GETCERT
2023-08-10 18:37:00,769 [Time-limited test] INFO  ozone.OzoneSecurityUtil (OzoneSecurityUtil.java:getValidInetsForCurrentHost(119)) - ip:fe80:0:0:0:20d:3aff:fee2:9454%eth0 not returned.
2023-08-10 18:37:00,769 [Time-limited test] INFO  ozone.OzoneSecurityUtil (OzoneSecurityUtil.java:getValidInetsForCurrentHost(116)) - Adding ip:10.1.0.69,host:fv-az194-926.m3vjxkz4xwiufi3h0wurkpa3rg.cx.internal.cloudapp.net
2023-08-10 18:37:00,769 [Time-limited test] INFO  ozone.OzoneSecurityUtil (OzoneSecurityUtil.java:getValidInetsForCurrentHost(119)) - ip:0:0:0:0:0:0:0:1%lo not returned.
2023-08-10 18:37:00,769 [Time-limited test] INFO  ozone.OzoneSecurityUtil (OzoneSecurityUtil.java:getValidInetsForCurrentHost(119)) - ip:127.0.0.1 not returned.
2023-08-10 18:37:00,773 [Time-limited test] INFO  utils.SelfSignedCertificate (SelfSignedCertificate.java:generateCertificate(157)) - Certificate 1 is issued by CN=scm-1@fv-az194-926,OU=4f98336e-5ff9-4d03-825d-3b2d189a3f9d,O=8fc809a6-d3e5-4200-bcfc-2a2b06b2947d to CN=scm-1@fv-az194-926,OU=4f98336e-5ff9-4d03-825d-3b2d189a3f9d,O=8fc809a6-d3e5-4200-bcfc-2a2b06b2947d, valid from Thu Aug 10 18:37:00 UTC 2023 to Sun Sep 17 18:37:00 UTC 2028
2023-08-10 18:37:00,774 [Time-limited test] INFO  utils.CertificateCodec (CertificateCodec.java:writeCertificate(299)) - Save certificate to /tmp/junit6005004696544034695/junit4636491081685119907/scm-meta/scm/ca/certs/certificate.crt
2023-08-10 18:37:00,774 [Time-limited test] INFO  utils.CertificateCodec (CertificateCodec.java:writeCertificate(300)) - Certificate -----BEGIN CERTIFICATE-----
MIID5zCCAs+gAwIBAgIBATANBgkqhkiG9w0BAQsFADB7MRswGQYDVQQDDBJzY20t
MUBmdi1hejE5NC05MjYxLTArBgNVBAsMJDRmOTgzMzZlLTVmZjktNGQwMy04MjVk
LTNiMmQxODlhM2Y5ZDEtMCsGA1UECgwkOGZjODA5YTYtZDNlNS00MjAwLWJjZmMt
MmEyYjA2YjI5NDdkMB4XDTIzMDgxMDE4MzcwMFoXDTI4MDkxNzE4MzcwMFowezEb
MBkGA1UEAwwSc2NtLTFAZnYtYXoxOTQtOTI2MS0wKwYDVQQLDCQ0Zjk4MzM2ZS01
ZmY5LTRkMDMtODI1ZC0zYjJkMTg5YTNmOWQxLTArBgNVBAoMJDhmYzgwOWE2LWQz
ZTUtNDIwMC1iY2ZjLTJhMmIwNmIyOTQ3ZDCCASIwDQYJKoZIhvcNAQEBBQADggEP
ADCCAQoCggEBAL6Mu4tm0HutcpROpQYBWVoX53GV/DtsZnsznlRa7qD10dK49Tu5
dybpz5HaW0Ofryd0Y289cUzaoikuxg9/FM07XJLChLiPYSY7zrpcjT3Eezneve2a
dQeyxBAaXHV5OMnsPkcJoqD/+OYttHKDztbhzEygLom5SkJaF09wVcQVKWrMTvZz
B1caqK6ND7MMjnCRcZogXWyqrKqhUFpVasM1SPV8VhHAP0txui+ryj2RVNDAW/HQ
+qhIQbBbHJcQO31+FPB2++eMl0J+3VSvngQyXXBwDImSOVDU5CfquWvlkY3oC39g
oCuQxN5CSBtP0S9i2EJ8tXtpJOGbNwa5Ef0CAwEAAaN2MHQwDwYDVR0TAQH/BAUw
AwEB/zAOBgNVHQ8BAf8EBAMCAQYwUQYDVR0RBEowSIcECgEARYJAZnYtYXoxOTQt
OTI2Lm0zdmp4a3o0eHdpdWZpM2gwd3Vya3BhM3JnLmN4LmludGVybmFsLmNsb3Vk
YXBwLm5ldDANBgkqhkiG9w0BAQsFAAOCAQEAr/RZhe+y9xhHXNk15ZcQeoORDUE1
vvdI+jjVNHauMac47ajygGagWWg704EtGD2qUy28O0sWe9gqHeqOGcZGaBIS3RRX
ygdbOMeZLaIQiC5FXNTRrdVaICYIjmgYvD+04JLUrcz7/N5mHwWDzlFH8391iFQe
VqRVaJ5YdMyRfXhFNJduKkOmJ34UvuEDdAymA7L5eqlm3vdiul/fp+cHE5UKpNjx
q8nPTaoUJW/nhfZI8A5RyaXYiT7BSZz9SxWPzNAlyWm2goC1vl5ihl/AavYGrEj8
w3MEdjGRouFPVnpA1DJJtXY5GXEt8qKN+XfMJZlfPucGx49vKa8s3uXXQQ==
-----END CERTIFICATE-----

2023-08-10 18:37:00,774 [Time-limited test] INFO  client.SCMCertificateClient (SCMCertificateClient.java:getCSRBuilder(165)) - Creating csr for SCM->hostName:fv-az194-926,scmId:4f98336e-5ff9-4d03-825d-3b2d189a3f9d,clusterId:8fc809a6-d3e5-4200-bcfc-2a2b06b2947d,subject:scm-sub-1580849200544@fv-az194-926
2023-08-10 18:37:00,775 [Time-limited test] INFO  ozone.OzoneSecurityUtil (OzoneSecurityUtil.java:getValidInetsForCurrentHost(119)) - ip:fe80:0:0:0:20d:3aff:fee2:9454%eth0 not returned.
2023-08-10 18:37:00,775 [Time-limited test] INFO  ozone.OzoneSecurityUtil (OzoneSecurityUtil.java:getValidInetsForCurrentHost(116)) - Adding ip:10.1.0.69,host:fv-az194-926.m3vjxkz4xwiufi3h0wurkpa3rg.cx.internal.cloudapp.net
2023-08-10 18:37:00,775 [Time-limited test] INFO  ozone.OzoneSecurityUtil (OzoneSecurityUtil.java:getValidInetsForCurrentHost(119)) - ip:0:0:0:0:0:0:0:1%lo not returned.
2023-08-10 18:37:00,775 [Time-limited test] INFO  ozone.OzoneSecurityUtil (OzoneSecurityUtil.java:getValidInetsForCurrentHost(119)) - ip:127.0.0.1 not returned.
2023-08-10 18:37:00,775 [Time-limited test] INFO  ha.HASecurityUtils (HASecurityUtils.java:generateCSR(308)) - Creating csr for SCM->hostName:fv-az194-926,scmId:4f98336e-5ff9-4d03-825d-3b2d189a3f9d,clusterId:8fc809a6-d3e5-4200-bcfc-2a2b06b2947d,subject:scm-sub-1580849797442@fv-az194-926
2023-08-10 18:37:00,779 [Time-limited test] INFO  authority.DefaultApprover (DefaultApprover.java:sign(154)) - Extensions in CSR: 2.5.29.19, 2.5.29.15, 2.5.29.17
2023-08-10 18:37:00,779 [Time-limited test] INFO  authority.DefaultApprover (DefaultApprover.java:sign(158)) - Extensions to add to the certificate if they present in CSR: 2.5.29.17, 2.5.29.19, 1.3.6.1.5.5.7.1.12, 2.5.29.35, 2.5.29.37, 2.5.29.15
2023-08-10 18:37:00,783 [Time-limited test] INFO  utils.CertificateCodec (CertificateCodec.java:writeCertificate(299)) - Save certificate to /tmp/junit6005004696544034695/junit4636491081685119907/scm-meta/scm/sub-ca/certs/CA-1.crt
2023-08-10 18:37:00,784 [Time-limited test] INFO  utils.CertificateCodec (CertificateCodec.java:writeCertificate(300)) - Certificate -----BEGIN CERTIFICATE-----
MIID5zCCAs+gAwIBAgIBATANBgkqhkiG9w0BAQsFADB7MRswGQYDVQQDDBJzY20t
MUBmdi1hejE5NC05MjYxLTArBgNVBAsMJDRmOTgzMzZlLTVmZjktNGQwMy04MjVk
LTNiMmQxODlhM2Y5ZDEtMCsGA1UECgwkOGZjODA5YTYtZDNlNS00MjAwLWJjZmMt
MmEyYjA2YjI5NDdkMB4XDTIzMDgxMDE4MzcwMFoXDTI4MDkxNzE4MzcwMFowezEb
MBkGA1UEAwwSc2NtLTFAZnYtYXoxOTQtOTI2MS0wKwYDVQQLDCQ0Zjk4MzM2ZS01
ZmY5LTRkMDMtODI1ZC0zYjJkMTg5YTNmOWQxLTArBgNVBAoMJDhmYzgwOWE2LWQz
ZTUtNDIwMC1iY2ZjLTJhMmIwNmIyOTQ3ZDCCASIwDQYJKoZIhvcNAQEBBQADggEP
ADCCAQoCggEBAL6Mu4tm0HutcpROpQYBWVoX53GV/DtsZnsznlRa7qD10dK49Tu5
dybpz5HaW0Ofryd0Y289cUzaoikuxg9/FM07XJLChLiPYSY7zrpcjT3Eezneve2a
dQeyxBAaXHV5OMnsPkcJoqD/+OYttHKDztbhzEygLom5SkJaF09wVcQVKWrMTvZz
B1caqK6ND7MMjnCRcZogXWyqrKqhUFpVasM1SPV8VhHAP0txui+ryj2RVNDAW/HQ
+qhIQbBbHJcQO31+FPB2++eMl0J+3VSvngQyXXBwDImSOVDU5CfquWvlkY3oC39g
oCuQxN5CSBtP0S9i2EJ8tXtpJOGbNwa5Ef0CAwEAAaN2MHQwDwYDVR0TAQH/BAUw
AwEB/zAOBgNVHQ8BAf8EBAMCAQYwUQYDVR0RBEowSIcECgEARYJAZnYtYXoxOTQt
OTI2Lm0zdmp4a3o0eHdpdWZpM2gwd3Vya3BhM3JnLmN4LmludGVybmFsLmNsb3Vk
YXBwLm5ldDANBgkqhkiG9w0BAQsFAAOCAQEAr/RZhe+y9xhHXNk15ZcQeoORDUE1
vvdI+jjVNHauMac47ajygGagWWg704EtGD2qUy28O0sWe9gqHeqOGcZGaBIS3RRX
ygdbOMeZLaIQiC5FXNTRrdVaICYIjmgYvD+04JLUrcz7/N5mHwWDzlFH8391iFQe
VqRVaJ5YdMyRfXhFNJduKkOmJ34UvuEDdAymA7L5eqlm3vdiul/fp+cHE5UKpNjx
q8nPTaoUJW/nhfZI8A5RyaXYiT7BSZz9SxWPzNAlyWm2goC1vl5ihl/AavYGrEj8
w3MEdjGRouFPVnpA1DJJtXY5GXEt8qKN+XfMJZlfPucGx49vKa8s3uXXQQ==
-----END CERTIFICATE-----

2023-08-10 18:37:00,784 [Time-limited test] INFO  utils.CertificateCodec (CertificateCodec.java:writeCertificate(299)) - Save certificate to /tmp/junit6005004696544034695/junit4636491081685119907/scm-meta/scm/sub-ca/certs/1580853622130.crt
2023-08-10 18:37:00,785 [Time-limited test] INFO  utils.CertificateCodec (CertificateCodec.java:writeCertificate(300)) - Certificate -----BEGIN CERTIFICATE-----
MIID/TCCAuWgAwIBAgIGAXASN/VyMA0GCSqGSIb3DQEBCwUAMHsxGzAZBgNVBAMM
EnNjbS0xQGZ2LWF6MTk0LTkyNjEtMCsGA1UECwwkNGY5ODMzNmUtNWZmOS00ZDAz
LTgyNWQtM2IyZDE4OWEzZjlkMS0wKwYDVQQKDCQ4ZmM4MDlhNi1kM2U1LTQyMDAt
YmNmYy0yYTJiMDZiMjk0N2QwHhcNMjMwODEwMTgzNzAwWhcNMjgwOTE3MTgzNzAw
WjCBizErMCkGA1UEAwwic2NtLXN1Yi0xNTgwODQ5Nzk3NDQyQGZ2LWF6MTk0LTky
NjEtMCsGA1UECwwkNGY5ODMzNmUtNWZmOS00ZDAzLTgyNWQtM2IyZDE4OWEzZjlk
MS0wKwYDVQQKDCQ4ZmM4MDlhNi1kM2U1LTQyMDAtYmNmYy0yYTJiMDZiMjk0N2Qw
ggEiMA0GCSqGSIb3DQEBAQUAA4IBDwAwggEKAoIBAQCdueekBQmUer3J/ptEWzFS
I/nzMSrKfW72dwb9FsreTEAEsmrTBsB+NU/xOs6CJaz2XlS4Qc/V0/rSXPIuiE/B
WuToEqezPbmdO95Ox2tcgNKOzH80Zx5hkK15jqM4n+cFBvlme9hSGfWtGFAdmUOO
fGrKfQPWfNhg8hqq64swpNF+6MkM3QhYuYfT1wXu1IDdsC0ZxsoZ3zdgXg+M07qj
GaTBy4P/wqrjYvrrW9UEk1yZQJjj4VKyxBrxyFc8KkzNrvFcSY4/nmD4tx7lxhul
ioFgTsF0PUW/IPcWl0NH4ISzZB7vVFGwYK/oKK4B/Cc/v/6c5xkONvBBi2sRpITZ
AgMBAAGjdjB0MFEGA1UdEQRKMEiHBAoBAEWCQGZ2LWF6MTk0LTkyNi5tM3ZqeGt6
NHh3aXVmaTNoMHd1cmtwYTNyZy5jeC5pbnRlcm5hbC5jbG91ZGFwcC5uZXQwDwYD
VR0TAQH/BAUwAwEB/zAOBgNVHQ8BAf8EBAMCAb4wDQYJKoZIhvcNAQELBQADggEB
AEYNJcbG9Q1T+SLJjeK++j0l0HA3A15XnNEDYhJXdqq6GVMOW2eB5gjt2KKkjnxJ
3qMuusOsjZ4ikRJoXygGUDWd1drk6DMnvPR15OK6d3mPMcWCIeGiRw0Pp11XlKjf
s2M6XhnseWpAHySnRiLIcbQq8JFV/wiIbbO05iVh4NQgvXSt/mHIVaO4oU2bjuUE
3037aDsM2oQOCX5OFxe70+cWEHKYVDbLdmyhM1dAakp1F9WN8+PeSOPSjwOKmBH1
7Wp/jpKlwXKUN3lNFEO54lYhL12OukhBWh2uVkpF8E1oAkv08LrtQ7uIRWmKygub
KZEzDETW0LTrroMEKwAlKyw=
-----END CERTIFICATE-----

-----BEGIN CERTIFICATE-----
MIID5zCCAs+gAwIBAgIBATANBgkqhkiG9w0BAQsFADB7MRswGQYDVQQDDBJzY20t
MUBmdi1hejE5NC05MjYxLTArBgNVBAsMJDRmOTgzMzZlLTVmZjktNGQwMy04MjVk
LTNiMmQxODlhM2Y5ZDEtMCsGA1UECgwkOGZjODA5YTYtZDNlNS00MjAwLWJjZmMt
MmEyYjA2YjI5NDdkMB4XDTIzMDgxMDE4MzcwMFoXDTI4MDkxNzE4MzcwMFowezEb
MBkGA1UEAwwSc2NtLTFAZnYtYXoxOTQtOTI2MS0wKwYDVQQLDCQ0Zjk4MzM2ZS01
ZmY5LTRkMDMtODI1ZC0zYjJkMTg5YTNmOWQxLTArBgNVBAoMJDhmYzgwOWE2LWQz
ZTUtNDIwMC1iY2ZjLTJhMmIwNmIyOTQ3ZDCCASIwDQYJKoZIhvcNAQEBBQADggEP
ADCCAQoCggEBAL6Mu4tm0HutcpROpQYBWVoX53GV/DtsZnsznlRa7qD10dK49Tu5
dybpz5HaW0Ofryd0Y289cUzaoikuxg9/FM07XJLChLiPYSY7zrpcjT3Eezneve2a
dQeyxBAaXHV5OMnsPkcJoqD/+OYttHKDztbhzEygLom5SkJaF09wVcQVKWrMTvZz
B1caqK6ND7MMjnCRcZogXWyqrKqhUFpVasM1SPV8VhHAP0txui+ryj2RVNDAW/HQ
+qhIQbBbHJcQO31+FPB2++eMl0J+3VSvngQyXXBwDImSOVDU5CfquWvlkY3oC39g
oCuQxN5CSBtP0S9i2EJ8tXtpJOGbNwa5Ef0CAwEAAaN2MHQwDwYDVR0TAQH/BAUw
AwEB/zAOBgNVHQ8BAf8EBAMCAQYwUQYDVR0RBEowSIcECgEARYJAZnYtYXoxOTQt
OTI2Lm0zdmp4a3o0eHdpdWZpM2gwd3Vya3BhM3JnLmN4LmludGVybmFsLmNsb3Vk
YXBwLm5ldDANBgkqhkiG9w0BAQsFAAOCAQEAr/RZhe+y9xhHXNk15ZcQeoORDUE1
vvdI+jjVNHauMac47ajygGagWWg704EtGD2qUy28O0sWe9gqHeqOGcZGaBIS3RRX
ygdbOMeZLaIQiC5FXNTRrdVaICYIjmgYvD+04JLUrcz7/N5mHwWDzlFH8391iFQe
VqRVaJ5YdMyRfXhFNJduKkOmJ34UvuEDdAymA7L5eqlm3vdiul/fp+cHE5UKpNjx
q8nPTaoUJW/nhfZI8A5RyaXYiT7BSZz9SxWPzNAlyWm2goC1vl5ihl/AavYGrEj8
w3MEdjGRouFPVnpA1DJJtXY5GXEt8qKN+XfMJZlfPucGx49vKa8s3uXXQQ==
-----END CERTIFICATE-----

2023-08-10 18:37:00,785 [Time-limited test] INFO  utils.CertificateCodec (CertificateCodec.java:writeCertificate(299)) - Save certificate to /tmp/junit6005004696544034695/junit4636491081685119907/scm-meta/scm/sub-ca/certs/certificate.crt
2023-08-10 18:37:00,785 [Time-limited test] INFO  utils.CertificateCodec (CertificateCodec.java:writeCertificate(300)) - Certificate -----BEGIN CERTIFICATE-----
MIID/TCCAuWgAwIBAgIGAXASN/VyMA0GCSqGSIb3DQEBCwUAMHsxGzAZBgNVBAMM
EnNjbS0xQGZ2LWF6MTk0LTkyNjEtMCsGA1UECwwkNGY5ODMzNmUtNWZmOS00ZDAz
LTgyNWQtM2IyZDE4OWEzZjlkMS0wKwYDVQQKDCQ4ZmM4MDlhNi1kM2U1LTQyMDAt
YmNmYy0yYTJiMDZiMjk0N2QwHhcNMjMwODEwMTgzNzAwWhcNMjgwOTE3MTgzNzAw
WjCBizErMCkGA1UEAwwic2NtLXN1Yi0xNTgwODQ5Nzk3NDQyQGZ2LWF6MTk0LTky
NjEtMCsGA1UECwwkNGY5ODMzNmUtNWZmOS00ZDAzLTgyNWQtM2IyZDE4OWEzZjlk
MS0wKwYDVQQKDCQ4ZmM4MDlhNi1kM2U1LTQyMDAtYmNmYy0yYTJiMDZiMjk0N2Qw
ggEiMA0GCSqGSIb3DQEBAQUAA4IBDwAwggEKAoIBAQCdueekBQmUer3J/ptEWzFS
I/nzMSrKfW72dwb9FsreTEAEsmrTBsB+NU/xOs6CJaz2XlS4Qc/V0/rSXPIuiE/B
WuToEqezPbmdO95Ox2tcgNKOzH80Zx5hkK15jqM4n+cFBvlme9hSGfWtGFAdmUOO
fGrKfQPWfNhg8hqq64swpNF+6MkM3QhYuYfT1wXu1IDdsC0ZxsoZ3zdgXg+M07qj
GaTBy4P/wqrjYvrrW9UEk1yZQJjj4VKyxBrxyFc8KkzNrvFcSY4/nmD4tx7lxhul
ioFgTsF0PUW/IPcWl0NH4ISzZB7vVFGwYK/oKK4B/Cc/v/6c5xkONvBBi2sRpITZ
AgMBAAGjdjB0MFEGA1UdEQRKMEiHBAoBAEWCQGZ2LWF6MTk0LTkyNi5tM3ZqeGt6
NHh3aXVmaTNoMHd1cmtwYTNyZy5jeC5pbnRlcm5hbC5jbG91ZGFwcC5uZXQwDwYD
VR0TAQH/BAUwAwEB/zAOBgNVHQ8BAf8EBAMCAb4wDQYJKoZIhvcNAQELBQADggEB
AEYNJcbG9Q1T+SLJjeK++j0l0HA3A15XnNEDYhJXdqq6GVMOW2eB5gjt2KKkjnxJ
3qMuusOsjZ4ikRJoXygGUDWd1drk6DMnvPR15OK6d3mPMcWCIeGiRw0Pp11XlKjf
s2M6XhnseWpAHySnRiLIcbQq8JFV/wiIbbO05iVh4NQgvXSt/mHIVaO4oU2bjuUE
3037aDsM2oQOCX5OFxe70+cWEHKYVDbLdmyhM1dAakp1F9WN8+PeSOPSjwOKmBH1
7Wp/jpKlwXKUN3lNFEO54lYhL12OukhBWh2uVkpF8E1oAkv08LrtQ7uIRWmKygub
KZEzDETW0LTrroMEKwAlKyw=
-----END CERTIFICATE-----

-----BEGIN CERTIFICATE-----
MIID5zCCAs+gAwIBAgIBATANBgkqhkiG9w0BAQsFADB7MRswGQYDVQQDDBJzY20t
MUBmdi1hejE5NC05MjYxLTArBgNVBAsMJDRmOTgzMzZlLTVmZjktNGQwMy04MjVk
LTNiMmQxODlhM2Y5ZDEtMCsGA1UECgwkOGZjODA5YTYtZDNlNS00MjAwLWJjZmMt
MmEyYjA2YjI5NDdkMB4XDTIzMDgxMDE4MzcwMFoXDTI4MDkxNzE4MzcwMFowezEb
MBkGA1UEAwwSc2NtLTFAZnYtYXoxOTQtOTI2MS0wKwYDVQQLDCQ0Zjk4MzM2ZS01
ZmY5LTRkMDMtODI1ZC0zYjJkMTg5YTNmOWQxLTArBgNVBAoMJDhmYzgwOWE2LWQz
ZTUtNDIwMC1iY2ZjLTJhMmIwNmIyOTQ3ZDCCASIwDQYJKoZIhvcNAQEBBQADggEP
ADCCAQoCggEBAL6Mu4tm0HutcpROpQYBWVoX53GV/DtsZnsznlRa7qD10dK49Tu5
dybpz5HaW0Ofryd0Y289cUzaoikuxg9/FM07XJLChLiPYSY7zrpcjT3Eezneve2a
dQeyxBAaXHV5OMnsPkcJoqD/+OYttHKDztbhzEygLom5SkJaF09wVcQVKWrMTvZz
B1caqK6ND7MMjnCRcZogXWyqrKqhUFpVasM1SPV8VhHAP0txui+ryj2RVNDAW/HQ
+qhIQbBbHJcQO31+FPB2++eMl0J+3VSvngQyXXBwDImSOVDU5CfquWvlkY3oC39g
oCuQxN5CSBtP0S9i2EJ8tXtpJOGbNwa5Ef0CAwEAAaN2MHQwDwYDVR0TAQH/BAUw
AwEB/zAOBgNVHQ8BAf8EBAMCAQYwUQYDVR0RBEowSIcECgEARYJAZnYtYXoxOTQt
OTI2Lm0zdmp4a3o0eHdpdWZpM2gwd3Vya3BhM3JnLmN4LmludGVybmFsLmNsb3Vk
YXBwLm5ldDANBgkqhkiG9w0BAQsFAAOCAQEAr/RZhe+y9xhHXNk15ZcQeoORDUE1
vvdI+jjVNHauMac47ajygGagWWg704EtGD2qUy28O0sWe9gqHeqOGcZGaBIS3RRX
ygdbOMeZLaIQiC5FXNTRrdVaICYIjmgYvD+04JLUrcz7/N5mHwWDzlFH8391iFQe
VqRVaJ5YdMyRfXhFNJduKkOmJ34UvuEDdAymA7L5eqlm3vdiul/fp+cHE5UKpNjx
q8nPTaoUJW/nhfZI8A5RyaXYiT7BSZz9SxWPzNAlyWm2goC1vl5ihl/AavYGrEj8
w3MEdjGRouFPVnpA1DJJtXY5GXEt8qKN+XfMJZlfPucGx49vKa8s3uXXQQ==
-----END CERTIFICATE-----

2023-08-10 18:37:00,785 [Time-limited test] INFO  ha.HASecurityUtils (HASecurityUtils.java:initializeSecurity(121)) - Successfully stored SCM signed certificate.
2023-08-10 18:37:00,786 [Time-limited test] WARN  server.ServerUtils (ServerUtils.java:getScmDbDir(155)) - ozone.scm.db.dirs is not configured. We recommend adding this setting. Falling back to ozone.metadata.dirs instead.
2023-08-10 18:37:00,787 [Time-limited test] INFO  ha.SCMHANodeDetails (SCMHANodeDetails.java:loadSCMHAConfig(210)) - ServiceID for StorageContainerManager is null
2023-08-10 18:37:00,787 [Time-limited test] INFO  ha.SCMHANodeDetails (SCMHANodeDetails.java:loadSCMHAConfig(215)) - ozone.scm.default.service.id is not defined, falling back to ozone.scm.service.ids to find serviceID for StorageContainerManager if it is HA enabled cluster
2023-08-10 18:37:00,800 [pool-201-thread-1] INFO  request.KdcRequest (KdcRequest.java:preauth(651)) - The preauth data is empty.
2023-08-10 18:37:00,801 [pool-201-thread-1] INFO  server.KdcHandler (KdcHandler.java:handleRecoverableException(177)) - KRB error occurred while processing request:Additional pre-authentication required
2023-08-10 18:37:00,805 [pool-201-thread-1] INFO  request.AsRequest (AsRequest.java:issueTicket(112)) - AS_REQ ISSUE: authtime 1691692620805,scm/fv-az194-926.m3vjxkz4xwiufi3h0wurkpa3rg.cx.internal.cloudapp.net@EXAMPLE.COM for krbtgt/EXAMPLE.COM@EXAMPLE.COM
2023-08-10 18:37:00,807 [Time-limited test] INFO  security.UserGroupInformation (UserGroupInformation.java:loginUserFromKeytab(1132)) - Login successful for user scm/fv-az194-926.m3vjxkz4xwiufi3h0wurkpa3rg.cx.internal.cloudapp.net@EXAMPLE.COM using keytab file scm.keytab. Keytab auto renewal enabled : false
2023-08-10 18:37:00,807 [Time-limited test] INFO  server.StorageContainerManager (StorageContainerManager.java:loginAsSCMUserIfSecurityEnabled(1042)) - SCM login successful.
2023-08-10 18:37:00,809 [Time-limited test] INFO  client.SCMCertificateClient (DefaultCertificateClient.java:updateCertSerialId(1244)) - Certificate serial ID set to 1580853622130
2023-08-10 18:37:00,813 [Time-limited test] INFO  client.SCMCertificateClient (DefaultCertificateClient.java:readCertificateFile(237)) - Added certificate   [0]         Version: 3
         SerialNumber: 1580853622130
             IssuerDN: CN=scm-1@fv-az194-926,OU=4f98336e-5ff9-4d03-825d-3b2d189a3f9d,O=8fc809a6-d3e5-4200-bcfc-2a2b06b2947d
           Start Date: Thu Aug 10 18:37:00 UTC 2023
           Final Date: Sun Sep 17 18:37:00 UTC 2028
            SubjectDN: CN=scm-sub-1580849797442@fv-az194-926,OU=4f98336e-5ff9-4d03-825d-3b2d189a3f9d,O=8fc809a6-d3e5-4200-bcfc-2a2b06b2947d
           Public Key: RSA Public Key [06:a6:94:aa:eb:1a:87:c8:49:92:45:59:a8:f5:b9:f1:f8:a9:fa:38],[56:66:d1:a4]
        modulus: 9db9e7a40509947abdc9fe9b445b315223f9f3312aca7d6ef67706fd16cade4c4004b26ad306c07e354ff13ace8225acf65e54b841cfd5d3fad25cf22e884fc15ae4e812a7b33db99d3bde4ec76b5c80d28ecc7f34671e6190ad798ea3389fe70506f9667bd85219f5ad18501d99438e7c6aca7d03d67cd860f21aaaeb8b30a4d17ee8c90cdd0858b987d3d705eed480ddb02d19c6ca19df37605e0f8cd3baa319a4c1cb83ffc2aae362faeb5bd504935c994098e3e152b2c41af1c8573c2a4ccdaef15c498e3f9e60f8b71ee5c61ba58a81604ec1743d45bf20f716974347e084b3641eef5451b060afe828ae01fc273fbffe9ce7190e36f0418b6b11a484d9
public exponent: 10001

  Signature Algorithm: SHA256WITHRSA
            Signature: 460d25c6c6f50d53f922c98de2befa3d25d07037
                       035e579cd10362125776aaba19530e5b6781e608
                       edd8a2a48e7c49dea32ebac3ac8d9e229112685f
                       280650359dd5dae4e83327bcf475e4e2ba77798f
                       31c58221e1a2470d0fa75d5794a8dfb3633a5e19
                       ec796a401f24a74622c871b42af09155ff08886d
                       b3b4e62561e0d420bd74adfe61c855a3b8a14d9b
                       8ee504df4dfb683b0cda840e097e4e1717bbd3e7
                       161072985436cb766ca13357406a4a7517d58df3
                       e3de48e3d28f038a9811f5ed6a7f8e92a5c17294
                       37794d1443b9e256212f5d8eba48415a1dae564a
                       45f04d68024bf4f0baed43bb8845698aca0b9b29
                       91330c44d6d0b4ebae83042b00252b2c
       Extensions: 
                       critical(false) 2.5.29.17 value = Sequence
    Tagged [7] IMPLICIT 
        DER Octet String[4] 
    Tagged [2] IMPLICIT 
        DER Octet String[64] 

                       critical(true) BasicConstraints: isCa(true)
                       critical(true) KeyUsage: 0xbe
 from file: /tmp/junit6005004696544034695/junit4636491081685119907/scm-meta/scm/sub-ca/certs/1580853622130.crt.
2023-08-10 18:37:00,814 [Time-limited test] INFO  client.SCMCertificateClient (DefaultCertificateClient.java:readCertificateFile(237)) - Added certificate   [0]         Version: 3
         SerialNumber: 1
             IssuerDN: CN=scm-1@fv-az194-926,OU=4f98336e-5ff9-4d03-825d-3b2d189a3f9d,O=8fc809a6-d3e5-4200-bcfc-2a2b06b2947d
           Start Date: Thu Aug 10 18:37:00 UTC 2023
           Final Date: Sun Sep 17 18:37:00 UTC 2028
            SubjectDN: CN=scm-1@fv-az194-926,OU=4f98336e-5ff9-4d03-825d-3b2d189a3f9d,O=8fc809a6-d3e5-4200-bcfc-2a2b06b2947d
           Public Key: RSA Public Key [53:07:4e:4c:ac:0b:a0:c7:c5:81:f6:32:c5:84:7e:93:32:84:83:af],[56:66:d1:a4]
        modulus: be8cbb8b66d07bad72944ea50601595a17e77195fc3b6c667b339e545aeea0f5d1d2b8f53bb97726e9cf91da5b439faf2774636f3d714cdaa2292ec60f7f14cd3b5c92c284b88f61263bceba5c8d3dc47b39debded9a7507b2c4101a5c757938c9ec3e4709a2a0fff8e62db47283ced6e1cc4ca02e89b94a425a174f7055c415296acc4ef67307571aa8ae8d0fb30c8e7091719a205d6caaacaaa1505a556ac33548f57c5611c03f4b71ba2fabca3d9154d0c05bf1d0faa84841b05b1c97103b7d7e14f076fbe78c97427edd54af9e04325d70700c89923950d4e427eab96be5918de80b7f60a02b90c4de42481b4fd12f62d8427cb57b6924e19b3706b911fd
public exponent: 10001

  Signature Algorithm: SHA256WITHRSA
            Signature: aff45985efb2f718475cd935e597107a83910d41
                       35bef748fa38d53476ae31a738eda8f28066a059
                       683bd3812d183daa532dbc3b4b167bd82a1dea8e
                       19c646681212dd1457ca075b38c7992da210882e
                       455cd4d1add55a2026088e6818bc3fb4e092d4ad
                       ccfbfcde661f0583ce5147f37f7588541e56a455
                       689e5874cc917d784534976e2a43a6277e14bee1
                       03740ca603b2f97aa966def762ba5fdfa7e70713
                       950aa4d8f1abc9cf4daa14256fe785f648f00e51
                       c9a5d8893ec1499cfd4b158fccd025c969b68280
                       b5be5e62865fc06af606ac48fcc37304763191a2
                       e14f567a40d43249b5763919712df2a28df977cc
                       25995f3ee706c78f6f29af2cdee5d741
       Extensions: 
                       critical(true) BasicConstraints: isCa(true)
                       critical(true) KeyUsage: 0x6
                       critical(false) 2.5.29.17 value = Sequence
    Tagged [7] IMPLICIT 
        DER Octet String[4] 
    Tagged [2] IMPLICIT 
        DER Octet String[64] 

 from file: /tmp/junit6005004696544034695/junit4636491081685119907/scm-meta/scm/sub-ca/certs/CA-1.crt.
2023-08-10 18:37:00,818 [Time-limited test] INFO  client.SCMCertificateClient (DefaultCertificateClient.java:readCertificateFile(237)) - Added certificate   [0]         Version: 3
         SerialNumber: 1580853622130
             IssuerDN: CN=scm-1@fv-az194-926,OU=4f98336e-5ff9-4d03-825d-3b2d189a3f9d,O=8fc809a6-d3e5-4200-bcfc-2a2b06b2947d
           Start Date: Thu Aug 10 18:37:00 UTC 2023
           Final Date: Sun Sep 17 18:37:00 UTC 2028
            SubjectDN: CN=scm-sub-1580849797442@fv-az194-926,OU=4f98336e-5ff9-4d03-825d-3b2d189a3f9d,O=8fc809a6-d3e5-4200-bcfc-2a2b06b2947d
           Public Key: RSA Public Key [06:a6:94:aa:eb:1a:87:c8:49:92:45:59:a8:f5:b9:f1:f8:a9:fa:38],[56:66:d1:a4]
        modulus: 9db9e7a40509947abdc9fe9b445b315223f9f3312aca7d6ef67706fd16cade4c4004b26ad306c07e354ff13ace8225acf65e54b841cfd5d3fad25cf22e884fc15ae4e812a7b33db99d3bde4ec76b5c80d28ecc7f34671e6190ad798ea3389fe70506f9667bd85219f5ad18501d99438e7c6aca7d03d67cd860f21aaaeb8b30a4d17ee8c90cdd0858b987d3d705eed480ddb02d19c6ca19df37605e0f8cd3baa319a4c1cb83ffc2aae362faeb5bd504935c994098e3e152b2c41af1c8573c2a4ccdaef15c498e3f9e60f8b71ee5c61ba58a81604ec1743d45bf20f716974347e084b3641eef5451b060afe828ae01fc273fbffe9ce7190e36f0418b6b11a484d9
public exponent: 10001

  Signature Algorithm: SHA256WITHRSA
            Signature: 460d25c6c6f50d53f922c98de2befa3d25d07037
                       035e579cd10362125776aaba19530e5b6781e608
                       edd8a2a48e7c49dea32ebac3ac8d9e229112685f
                       280650359dd5dae4e83327bcf475e4e2ba77798f
                       31c58221e1a2470d0fa75d5794a8dfb3633a5e19
                       ec796a401f24a74622c871b42af09155ff08886d
                       b3b4e62561e0d420bd74adfe61c855a3b8a14d9b
                       8ee504df4dfb683b0cda840e097e4e1717bbd3e7
                       161072985436cb766ca13357406a4a7517d58df3
                       e3de48e3d28f038a9811f5ed6a7f8e92a5c17294
                       37794d1443b9e256212f5d8eba48415a1dae564a
                       45f04d68024bf4f0baed43bb8845698aca0b9b29
                       91330c44d6d0b4ebae83042b00252b2c
       Extensions: 
                       critical(false) 2.5.29.17 value = Sequence
    Tagged [7] IMPLICIT 
        DER Octet String[4] 
    Tagged [2] IMPLICIT 
        DER Octet String[64] 

                       critical(true) BasicConstraints: isCa(true)
                       critical(true) KeyUsage: 0xbe
 from file: /tmp/junit6005004696544034695/junit4636491081685119907/scm-meta/scm/sub-ca/certs/certificate.crt.
2023-08-10 18:37:00,818 [Time-limited test] INFO  client.SCMCertificateClient (DefaultCertificateClient.java:loadAllCertificates(191)) - CertificateRenewerService and root ca rotation polling is disabled for scm/sub-ca
2023-08-10 18:37:00,818 [Time-limited test] WARN  utils.HAUtils (HAUtils.java:getMetaDir(339)) - ozone.scm.db.dirs is not configured. We recommend adding this setting. Falling back to ozone.metadata.dirs instead.
2023-08-10 18:37:00,819 [Time-limited test] WARN  db.DBStoreBuilder (DBStoreBuilder.java:applyDBDefinition(166)) - ozone.scm.db.dirs is not configured. We recommend adding this setting. Falling back to ozone.metadata.dirs instead.
2023-08-10 18:37:00,914 [Time-limited test] INFO  net.NodeSchemaLoader (NodeSchemaLoader.java:loadSchemaFromFile(129)) - Loading schema from [jar:file:/home/runner/.m2/repository/org/apache/ozone/hdds-common/1.4.0-SNAPSHOT/hdds-common-1.4.0-SNAPSHOT.jar!/network-topology-default.xml]
2023-08-10 18:37:00,914 [Time-limited test] INFO  net.NodeSchemaLoader (NodeSchemaLoader.java:loadSchema(176)) - Loading network topology layer schema file
2023-08-10 18:37:00,920 [Time-limited test] INFO  upgrade.AbstractLayoutVersionManager (AbstractLayoutVersionManager.java:init(83)) - Initializing Layout version manager with metadata layout = HADOOP_PRC_PORTS_IN_DATANODEDETAILS (version = 7), software layout = HADOOP_PRC_PORTS_IN_DATANODEDETAILS (version = 7)
2023-08-10 18:37:00,927 [Time-limited test] INFO  ha.SequenceIdGenerator (SequenceIdGenerator.java:upgradeToSequenceId(365)) - upgrade localId to 111677748019200000
2023-08-10 18:37:00,927 [Time-limited test] INFO  ha.SequenceIdGenerator (SequenceIdGenerator.java:upgradeToSequenceId(375)) - upgrade delTxnId to 0
2023-08-10 18:37:00,928 [Time-limited test] INFO  ha.SequenceIdGenerator (SequenceIdGenerator.java:upgradeToSequenceId(392)) - upgrade containerId to 0
2023-08-10 18:37:00,928 [Time-limited test] INFO  ha.SequenceIdGenerator (SequenceIdGenerator.java:upgradeToSequenceId(428)) - upgrade rootCertificateId to 1
2023-08-10 18:37:00,929 [Time-limited test] INFO  ha.SequenceIdGenerator (SequenceIdGenerator.java:<init>(236)) - Init the HA SequenceIdGenerator.
2023-08-10 18:37:00,933 [Time-limited test] INFO  node.SCMNodeManager (SCMNodeManager.java:<init>(157)) - Entering startup safe mode.
2023-08-10 18:37:00,940 [Time-limited test] INFO  algorithms.ContainerPlacementPolicyFactory (ContainerPlacementPolicyFactory.java:getPolicyInternal(86)) - Create container placement policy of type org.apache.hadoop.hdds.scm.container.placement.algorithms.SCMContainerPlacementRackAware
2023-08-10 18:37:00,940 [Time-limited test] INFO  algorithms.ContainerPlacementPolicyFactory (ContainerPlacementPolicyFactory.java:getPolicyInternal(86)) - Create container placement policy of type org.apache.hadoop.hdds.scm.container.placement.algorithms.SCMContainerPlacementRackScatter
2023-08-10 18:37:00,940 [Time-limited test] INFO  pipeline.PipelineStateManagerImpl (PipelineStateManagerImpl.java:initialize(78)) - No pipeline exists in current db
2023-08-10 18:37:00,941 [Time-limited test] INFO  algorithms.LeaderChoosePolicyFactory (LeaderChoosePolicyFactory.java:getPolicy(57)) - Create leader choose policy of type org.apache.hadoop.hdds.scm.pipeline.leader.choose.algorithms.MinLeaderCountChoosePolicy
2023-08-10 18:37:00,941 [Time-limited test] INFO  algorithms.ContainerPlacementPolicyFactory (ContainerPlacementPolicyFactory.java:getPolicyInternal(86)) - Create container placement policy of type org.apache.hadoop.hdds.scm.container.placement.algorithms.SCMContainerPlacementRackScatter
2023-08-10 18:37:00,942 [Time-limited test] INFO  ha.SCMServiceManager (SCMServiceManager.java:register(42)) - Registering service BackgroundPipelineCreator.
2023-08-10 18:37:00,942 [Time-limited test] INFO  pipeline.BackgroundPipelineCreator (BackgroundPipelineCreator.java:start(124)) - Starting RatisPipelineUtilsThread.
2023-08-10 18:37:00,948 [Time-limited test] INFO  BackgroundPipelineScrubber (BackgroundSCMService.java:start(68)) - Starting BackgroundPipelineScrubber Service.
2023-08-10 18:37:00,949 [Time-limited test] INFO  ha.SCMServiceManager (SCMServiceManager.java:register(42)) - Registering service BackgroundPipelineScrubber.
2023-08-10 18:37:00,949 [Time-limited test] INFO  ExpiredContainerReplicaOpScrubber (BackgroundSCMService.java:start(68)) - Starting ExpiredContainerReplicaOpScrubber Service.
2023-08-10 18:37:00,950 [Time-limited test] INFO  ha.SCMServiceManager (SCMServiceManager.java:register(42)) - Registering service ExpiredContainerReplicaOpScrubber.
2023-08-10 18:37:00,952 [Time-limited test] INFO  algorithms.PipelineChoosePolicyFactory (PipelineChoosePolicyFactory.java:createPipelineChoosePolicyFromClass(78)) - Create pipeline choose policy of type org.apache.hadoop.hdds.scm.pipeline.choose.algorithms.RandomPipelineChoosePolicy
2023-08-10 18:37:00,952 [Time-limited test] INFO  algorithms.PipelineChoosePolicyFactory (PipelineChoosePolicyFactory.java:createPipelineChoosePolicyFromClass(78)) - Create pipeline choose policy of type org.apache.hadoop.hdds.scm.pipeline.choose.algorithms.RandomPipelineChoosePolicy
2023-08-10 18:37:00,952 [Time-limited test] WARN  util.MBeans (MBeans.java:register(111)) - Failed to register MBean "Hadoop:service=BlockManager,name=BlockManagerImpl-2"
javax.management.NotCompliantMBeanException: MBean class org.apache.hadoop.hdds.scm.block.BlockManagerImpl does not implement DynamicMBean, and neither follows the Standard MBean conventions (javax.management.NotCompliantMBeanException: Class org.apache.hadoop.hdds.scm.block.BlockManagerImpl is not a JMX compliant Standard MBean) nor the MXBean conventions (javax.management.NotCompliantMBeanException: org.apache.hadoop.hdds.scm.block.BlockManagerImpl: Class org.apache.hadoop.hdds.scm.block.BlockManagerImpl is not a JMX compliant MXBean)
	at com.sun.jmx.mbeanserver.Introspector.checkCompliance(Introspector.java:176)
	at com.sun.jmx.interceptor.DefaultMBeanServerInterceptor.registerMBean(DefaultMBeanServerInterceptor.java:317)
	at com.sun.jmx.mbeanserver.JmxMBeanServer.registerMBean(JmxMBeanServer.java:522)
	at org.apache.hadoop.metrics2.util.MBeans.register(MBeans.java:100)
	at org.apache.hadoop.metrics2.util.MBeans.register(MBeans.java:73)
	at org.apache.hadoop.hdds.scm.block.BlockManagerImpl.<init>(BlockManagerImpl.java:94)
	at org.apache.hadoop.hdds.scm.server.StorageContainerManager.initializeSystemManagers(StorageContainerManager.java:787)
	at org.apache.hadoop.hdds.scm.server.StorageContainerManager.<init>(StorageContainerManager.java:401)
	at org.apache.hadoop.hdds.scm.server.StorageContainerManager.createSCM(StorageContainerManager.java:598)
	at org.apache.hadoop.hdds.scm.HddsTestUtils.getScmSimple(HddsTestUtils.java:604)
	at org.apache.hadoop.hdds.scm.HddsTestUtils.getScmSimple(HddsTestUtils.java:589)
	at org.apache.hadoop.ozone.TestSecureOzoneCluster.testSecureOmInitSuccess(TestSecureOzoneCluster.java:873)
	at sun.reflect.NativeMethodAccessorImpl.invoke0(Native Method)
	at sun.reflect.NativeMethodAccessorImpl.invoke(NativeMethodAccessorImpl.java:62)
	at sun.reflect.DelegatingMethodAccessorImpl.invoke(DelegatingMethodAccessorImpl.java:43)
	at java.lang.reflect.Method.invoke(Method.java:498)
	at org.junit.runners.model.FrameworkMethod$1.runReflectiveCall(FrameworkMethod.java:59)
	at org.junit.internal.runners.model.ReflectiveCallable.run(ReflectiveCallable.java:12)
	at org.junit.runners.model.FrameworkMethod.invokeExplosively(FrameworkMethod.java:56)
	at org.junit.internal.runners.statements.InvokeMethod.evaluate(InvokeMethod.java:17)
	at org.junit.internal.runners.statements.RunBefores.evaluate(RunBefores.java:26)
	at org.junit.internal.runners.statements.RunAfters.evaluate(RunAfters.java:27)
	at org.junit.rules.ExternalResource$1.evaluate(ExternalResource.java:54)
	at org.junit.internal.runners.statements.FailOnTimeout$CallableStatement.call(FailOnTimeout.java:288)
	at org.junit.internal.runners.statements.FailOnTimeout$CallableStatement.call(FailOnTimeout.java:282)
	at java.util.concurrent.FutureTask.run(FutureTask.java:266)
	at java.lang.Thread.run(Thread.java:750)
2023-08-10 18:37:00,953 [Time-limited test] INFO  ha.SCMServiceManager (SCMServiceManager.java:register(42)) - Registering service SCMBlockDeletingService.
2023-08-10 18:37:00,959 [Time-limited test] INFO  replication.ReplicationManager (ReplicationManager.java:start(287)) - Starting Replication Monitor Thread.
2023-08-10 18:37:00,961 [Time-limited test] INFO  ha.SCMServiceManager (SCMServiceManager.java:register(42)) - Registering service ReplicationManager.
2023-08-10 18:37:00,962 [ReplicationMonitor] INFO  replication.ReplicationManager (ReplicationManager.java:processAll(361)) - Replication Manager is not ready to run until 300000ms after safemode exit
2023-08-10 18:37:00,963 [Time-limited test] INFO  safemode.ContainerSafeModeRule (ContainerSafeModeRule.java:<init>(89)) - containers with one replica threshold count 0
2023-08-10 18:37:00,964 [Time-limited test] INFO  safemode.HealthyPipelineSafeModeRule (HealthyPipelineSafeModeRule.java:initializeRule(169)) - Total pipeline count is 0, healthy pipeline threshold count is 0
2023-08-10 18:37:00,964 [Time-limited test] INFO  safemode.OneReplicaPipelineSafeModeRule (OneReplicaPipelineSafeModeRule.java:initializeRule(180)) - Total pipeline count is 0, pipeline's with at least one datanode reported threshold count is 0
2023-08-10 18:37:00,971 [Time-limited test] INFO  authority.DefaultCAServer (DefaultCAServer.java:lambda$processVerificationStatus$0(472)) - CertificateServer validation is successful
2023-08-10 18:37:00,971 [Time-limited test] INFO  authority.DefaultCAServer (DefaultCAServer.java:lambda$processVerificationStatus$0(472)) - CertificateServer validation is successful
2023-08-10 18:37:00,972 [Time-limited test] INFO  server.StorageContainerManager (StorageContainerManager.java:persistPrimarySCMCerts(932)) - Storing sub-ca certificate serialId 1580853622130 on primary SCM
2023-08-10 18:37:00,973 [Time-limited test] INFO  server.SCMCertStore (SCMCertStore.java:storeValidScmCertificate(122)) - Scm certificate 1580853622130 for CN=scm-sub-1580849797442@fv-az194-926,OU=4f98336e-5ff9-4d03-825d-3b2d189a3f9d,O=8fc809a6-d3e5-4200-bcfc-2a2b06b2947d is stored
2023-08-10 18:37:00,973 [Time-limited test] INFO  server.StorageContainerManager (StorageContainerManager.java:persistPrimarySCMCerts(940)) - Storing root certificate serialId 1
2023-08-10 18:37:00,974 [Time-limited test] INFO  server.SCMCertStore (SCMCertStore.java:storeValidScmCertificate(122)) - Scm certificate 1 for CN=scm-1@fv-az194-926,OU=4f98336e-5ff9-4d03-825d-3b2d189a3f9d,O=8fc809a6-d3e5-4200-bcfc-2a2b06b2947d is stored
2023-08-10 18:37:00,974 [Time-limited test] INFO  ipc.CallQueueManager (CallQueueManager.java:<init>(90)) - Using callQueue: class java.util.concurrent.LinkedBlockingQueue, queueCapacity: 200, scheduler: class org.apache.hadoop.ipc.DefaultRpcScheduler, ipcBackoff: false.
2023-08-10 18:37:00,974 [Time-limited test] INFO  ipc.Server (Server.java:<init>(1287)) - Listener at 0.0.0.0:9961
2023-08-10 18:37:00,977 [Socket Reader #1 for port 9961] INFO  ipc.Server (Server.java:run(1323)) - Starting Socket Reader #1 for port 9961
2023-08-10 18:37:00,988 [Time-limited test] INFO  server.StorageContainerManager (StorageContainerManager.java:<init>(425)) - SCM start with adminUsers: [om/fv-az194-926.m3vjxkz4xwiufi3h0wurkpa3rg.cx.internal.cloudapp.net@EXAMPLE.COM, scm]
2023-08-10 18:37:00,988 [Time-limited test] INFO  ipc.CallQueueManager (CallQueueManager.java:<init>(90)) - Using callQueue: class java.util.concurrent.LinkedBlockingQueue, queueCapacity: 10000, scheduler: class org.apache.hadoop.ipc.DefaultRpcScheduler, ipcBackoff: false.
2023-08-10 18:37:00,988 [Time-limited test] INFO  ipc.Server (Server.java:<init>(1287)) - Listener at 0.0.0.0:9861
2023-08-10 18:37:00,990 [Socket Reader #1 for port 9861] INFO  ipc.Server (Server.java:run(1323)) - Starting Socket Reader #1 for port 9861
2023-08-10 18:37:00,998 [Time-limited test] INFO  ipc.CallQueueManager (CallQueueManager.java:<init>(90)) - Using callQueue: class java.util.concurrent.LinkedBlockingQueue, queueCapacity: 10000, scheduler: class org.apache.hadoop.ipc.DefaultRpcScheduler, ipcBackoff: false.
2023-08-10 18:37:00,998 [Time-limited test] INFO  ipc.Server (Server.java:<init>(1287)) - Listener at 0.0.0.0:9863
2023-08-10 18:37:01,000 [Socket Reader #1 for port 9863] INFO  ipc.Server (Server.java:run(1323)) - Starting Socket Reader #1 for port 9863
2023-08-10 18:37:01,004 [Time-limited test] INFO  ipc.CallQueueManager (CallQueueManager.java:<init>(90)) - Using callQueue: class java.util.concurrent.LinkedBlockingQueue, queueCapacity: 10000, scheduler: class org.apache.hadoop.ipc.DefaultRpcScheduler, ipcBackoff: false.
2023-08-10 18:37:01,005 [Time-limited test] INFO  ipc.Server (Server.java:<init>(1287)) - Listener at 0.0.0.0:9860
2023-08-10 18:37:01,005 [Socket Reader #1 for port 9860] INFO  ipc.Server (Server.java:run(1323)) - Starting Socket Reader #1 for port 9860
2023-08-10 18:37:01,020 [Time-limited test] INFO  ha.SCMServiceManager (SCMServiceManager.java:register(42)) - Registering service ContainerBalancer.
2023-08-10 18:37:01,023 [Time-limited test] INFO  server.StorageContainerManager (StorageContainerManager.java:<init>(438)) - 
Container Balancer status:
Key                            Value
Running                        false
Container Balancer Configuration values:
Key                                                Value
Threshold                                          10
Max Datanodes to Involve per Iteration(percent)    20
Max Size to Move per Iteration                     500GB
Max Size Entering Target per Iteration             26GB
Max Size Leaving Source per Iteration              26GB

2023-08-10 18:37:01,023 [Time-limited test] INFO  ha.SCMContext (SCMContext.java:updateSafeModeStatus(228)) - Update SafeModeStatus from SafeModeStatus{safeModeStatus=true, preCheckPassed=false} to SafeModeStatus{safeModeStatus=true, preCheckPassed=false}.
2023-08-10 18:37:01,028 [Time-limited test] INFO  server.StorageContainerManager (StorageContainerManager.java:start(1483)) - StorageContainerLocationProtocol RPC server is listening at /0.0.0.0:9860
2023-08-10 18:37:01,028 [Time-limited test] INFO  impl.MetricsSystemImpl (MetricsSystemImpl.java:init(158)) - StorageContainerManager metrics system started (again)
2023-08-10 18:37:01,055 [Time-limited test] INFO  server.SCMClientProtocolServer (SCMClientProtocolServer.java:start(201)) - RPC server for Client  is listening at /0.0.0.0:9860
2023-08-10 18:37:01,056 [IPC Server Responder] INFO  ipc.Server (Server.java:run(1562)) - IPC Server Responder: starting
2023-08-10 18:37:01,056 [IPC Server listener on 9860] INFO  ipc.Server (Server.java:run(1402)) - IPC Server listener on 9860: starting
2023-08-10 18:37:01,093 [Time-limited test] INFO  server.StorageContainerManager (StorageContainerManager.java:start(1496)) - ScmBlockLocationProtocol RPC server is listening at /0.0.0.0:9863
2023-08-10 18:37:01,094 [Time-limited test] INFO  server.SCMBlockProtocolServer (SCMBlockProtocolServer.java:start(152)) - RPC server for Block Protocol is listening at /0.0.0.0:9863
2023-08-10 18:37:01,095 [IPC Server Responder] INFO  ipc.Server (Server.java:run(1562)) - IPC Server Responder: starting
2023-08-10 18:37:01,101 [Time-limited test] INFO  server.SCMDatanodeProtocolServer (SCMDatanodeProtocolServer.java:start(193)) - ScmDatanodeProtocol RPC server for DataNodes is listening at /0.0.0.0:9861
2023-08-10 18:37:01,102 [IPC Server Responder] INFO  ipc.Server (Server.java:run(1562)) - IPC Server Responder: starting
2023-08-10 18:37:01,102 [IPC Server listener on 9861] INFO  ipc.Server (Server.java:run(1402)) - IPC Server listener on 9861: starting
2023-08-10 18:37:01,108 [Time-limited test] INFO  server.SCMSecurityProtocolServer (SCMSecurityProtocolServer.java:start(542)) - Starting RPC server for SCMSecurityProtocolServer. is listening at /0.0.0.0:9961
2023-08-10 18:37:01,110 [IPC Server Responder] INFO  ipc.Server (Server.java:run(1562)) - IPC Server Responder: starting
2023-08-10 18:37:01,110 [IPC Server listener on 9961] INFO  ipc.Server (Server.java:run(1402)) - IPC Server listener on 9961: starting
2023-08-10 18:37:01,110 [IPC Server listener on 9863] INFO  ipc.Server (Server.java:run(1402)) - IPC Server listener on 9863: starting
2023-08-10 18:37:01,110 [Time-limited test] INFO  server.SCMUpdateServiceGrpcServer (SCMUpdateServiceGrpcServer.java:start(58)) - SCMUpdateService starting
2023-08-10 18:37:01,121 [JvmPauseMonitor3] INFO  util.JvmPauseMonitor (JvmPauseMonitor.java:run(103)) - JvmPauseMonitor-4f98336e-5ff9-4d03-825d-3b2d189a3f9d: Started
2023-08-10 18:37:01,122 [Time-limited test] INFO  http.BaseHttpServer (BaseHttpServer.java:newHttpServer2BuilderForOzone(224)) - Starting Web-server for scm at: http://0.0.0.0:9876
2023-08-10 18:37:01,124 [Time-limited test] INFO  http.BaseHttpServer (BaseHttpServer.java:<init>(111)) - Hadoop Security Enabled: true Ozone Security Enabled: true Ozone HTTP Security Enabled: false 
2023-08-10 18:37:01,125 [Time-limited test] WARN  server.AuthenticationFilter (AuthenticationFilter.java:constructSecretProvider(240)) - Unable to initialize FileSignerSecretProvider, falling back to use random secrets. Reason: Could not read signature secret file: /home/runner/hadoop-http-auth-signature-secret
2023-08-10 18:37:01,127 [Time-limited test] INFO  http.HttpRequestLog (HttpRequestLog.java:getRequestLog(86)) - Http request log for http.requests.scm is not defined
2023-08-10 18:37:01,129 [Time-limited test] INFO  http.HttpServer2 (HttpServer2.java:addGlobalFilter(1031)) - Added global filter 'safety' (class=org.apache.hadoop.hdds.server.http.HttpServer2$QuotingInputFilter)
2023-08-10 18:37:01,131 [Time-limited test] INFO  http.HttpServer2 (HttpServer2.java:addFilter(1007)) - Added filter static_user_filter (class=org.apache.hadoop.http.lib.StaticUserWebFilter$StaticUserFilter) to context scm
2023-08-10 18:37:01,131 [Time-limited test] INFO  http.HttpServer2 (HttpServer2.java:addFilter(1015)) - Added filter static_user_filter (class=org.apache.hadoop.http.lib.StaticUserWebFilter$StaticUserFilter) to context static
2023-08-10 18:37:01,131 [Time-limited test] INFO  http.HttpServer2 (HttpServer2.java:addFilter(1015)) - Added filter static_user_filter (class=org.apache.hadoop.http.lib.StaticUserWebFilter$StaticUserFilter) to context logs
2023-08-10 18:37:01,132 [Time-limited test] INFO  http.BaseHttpServer (BaseHttpServer.java:<init>(190)) - HTTP server of scm uses base directory /tmp/junit6005004696544034695/junit4636491081685119907/scm-meta/webserver
2023-08-10 18:37:01,133 [Time-limited test] INFO  http.HttpServer2 (HttpServer2.java:bindListener(1250)) - Jetty bound to port 9876
2023-08-10 18:37:01,133 [Time-limited test] INFO  server.Server (Server.java:doStart(375)) - jetty-9.4.51.v20230217; built: 2023-02-17T08:19:37.309Z; git: b45c405e4544384de066f814ed42ae3dceacdd49; jvm 1.8.0_382-b05
2023-08-10 18:37:01,142 [Time-limited test] INFO  server.session (DefaultSessionIdManager.java:doStart(334)) - DefaultSessionIdManager workerName=node0
2023-08-10 18:37:01,150 [Time-limited test] INFO  server.session (DefaultSessionIdManager.java:doStart(339)) - No SessionScavenger set, using defaults
2023-08-10 18:37:01,150 [Time-limited test] INFO  server.session (HouseKeeper.java:startScavenging(132)) - node0 Scavenging every 660000ms
2023-08-10 18:37:01,151 [Time-limited test] INFO  handler.ContextHandler (ContextHandler.java:doStart(921)) - Started o.e.j.s.ServletContextHandler@4a8087b4{logs,/logs,file:///home/runner/work/ozone/ozone/hadoop-ozone/integration-test/target/log,AVAILABLE}
2023-08-10 18:37:01,152 [Time-limited test] INFO  handler.ContextHandler (ContextHandler.java:doStart(921)) - Started o.e.j.s.ServletContextHandler@65fd0b1f{static,/static,file:///home/runner/work/ozone/ozone/hadoop-ozone/integration-test/target/test-classes/webapps/static,AVAILABLE}
2023-08-10 18:37:01,155 [Time-limited test] INFO  handler.ContextHandler (ContextHandler.java:doStart(921)) - Started o.e.j.w.WebAppContext@407108bf{scm,/,file:///home/runner/work/ozone/ozone/hadoop-ozone/integration-test/target/test-classes/webapps/scm/,AVAILABLE}{file:/home/runner/work/ozone/ozone/hadoop-ozone/integration-test/target/test-classes/webapps/scm}
2023-08-10 18:37:01,164 [Time-limited test] INFO  server.AbstractConnector (AbstractConnector.java:doStart(333)) - Started ServerConnector@26d5ecf1{HTTP/1.1, (http/1.1)}{0.0.0.0:9876}
2023-08-10 18:37:01,166 [Time-limited test] INFO  server.Server (Server.java:doStart(415)) - Started @54120ms
2023-08-10 18:37:01,166 [Time-limited test] WARN  impl.MetricsSystemImpl (MetricsSystemImpl.java:register(279)) - Sink prometheus already exists!
2023-08-10 18:37:01,166 [Time-limited test] INFO  http.BaseHttpServer (BaseHttpServer.java:updateConnectorAddress(344)) - HTTP server of scm listening at http://0.0.0.0:9876
2023-08-10 18:37:01,167 [Time-limited test] WARN  server.ServerUtils (ServerUtils.java:getDBPath(311)) - ozone.om.db.dirs is not configured. We recommend adding this setting. Falling back to ozone.metadata.dirs instead.
2023-08-10 18:37:01,167 [Time-limited test] INFO  om.OzoneManager (OzoneManager.java:initializeSecurity(1382)) - Initializing secure OzoneManager.
2023-08-10 18:37:01,168 [Time-limited test] INFO  om.OzoneManager (OzoneManager.java:getOmDetailsProto(4555)) - OzoneManager ports added:[name: "RPC"
value: 1202
]
2023-08-10 18:37:01,169 [Time-limited test] INFO  security.OMCertificateClient (DefaultCertificateClient.java:updateCertSerialId(1244)) - Certificate serial ID set to null
2023-08-10 18:37:01,169 [Time-limited test] ERROR security.OMCertificateClient (DefaultCertificateClient.java:getCertPath(362)) - Default certificate serial id is not set. Can't locate the default certificate for this client.
2023-08-10 18:37:01,169 [Time-limited test] INFO  security.OMCertificateClient (DefaultCertificateClient.java:init(715)) - Certificate client init case: 0
2023-08-10 18:37:01,169 [Time-limited test] INFO  security.OMCertificateClient (CommonCertificateClient.java:handleCase(73)) - Creating keypair for client as keypair and certificate not found.
2023-08-10 18:37:01,194 [pool-201-thread-1] INFO  request.TgsRequest (TgsRequest.java:issueTicket(115)) - TGS_REQ ISSUE: authtime 1691692621193,scm/fv-az194-926.m3vjxkz4xwiufi3h0wurkpa3rg.cx.internal.cloudapp.net for scm/fv-az194-926.m3vjxkz4xwiufi3h0wurkpa3rg.cx.internal.cloudapp.net@EXAMPLE.COM
2023-08-10 18:37:01,212 [Socket Reader #1 for port 9961] INFO  ipc.Server (Server.java:saslProcess(2139)) - Auth successful for scm/fv-az194-926.m3vjxkz4xwiufi3h0wurkpa3rg.cx.internal.cloudapp.net@EXAMPLE.COM (auth:KERBEROS) from fv-az194-926.m3vjxkz4xwiufi3h0wurkpa3rg.cx.internal.cloudapp.net:34517 / 10.1.0.69:34517
2023-08-10 18:37:01,238 [IPC Server handler 0 on default port 9961] INFO  client.SCMCertificateClient (DefaultCertificateClient.java:getAllRootCaCerts(901)) - scm/sub-ca has 0 Root CA certificates
2023-08-10 18:37:01,238 [IPC Server handler 0 on default port 9961] INFO  client.SCMCertificateClient (DefaultCertificateClient.java:getAllCaCerts(909)) - scm/sub-ca has 1 CA certificates
2023-08-10 18:37:01,244 [scm/sub-ca-refreshCACertificates] INFO  client.SCMCertificateClient (DefaultCertificateClient.java:getAllRootCaCerts(901)) - scm/sub-ca has 0 Root CA certificates
2023-08-10 18:37:01,244 [scm/sub-ca-refreshCACertificates] INFO  client.SCMCertificateClient (DefaultCertificateClient.java:getAllCaCerts(909)) - scm/sub-ca has 1 CA certificates
2023-08-10 18:37:01,244 [scm/sub-ca-refreshCACertificates] INFO  client.SCMCertificateClient (SCMCertificateClient.java:run(277)) - CA certificates are not changed.
2023-08-10 18:37:01,398 [Time-limited test] INFO  om.OzoneManager (OzoneManager.java:initializeSecurity(1395)) - Init response: GETCERT
2023-08-10 18:37:01,399 [Time-limited test] INFO  ozone.OzoneSecurityUtil (OzoneSecurityUtil.java:getValidInetsForCurrentHost(119)) - ip:fe80:0:0:0:20d:3aff:fee2:9454%eth0 not returned.
2023-08-10 18:37:01,399 [Time-limited test] INFO  ozone.OzoneSecurityUtil (OzoneSecurityUtil.java:getValidInetsForCurrentHost(116)) - Adding ip:10.1.0.69,host:fv-az194-926.m3vjxkz4xwiufi3h0wurkpa3rg.cx.internal.cloudapp.net
2023-08-10 18:37:01,399 [Time-limited test] INFO  ozone.OzoneSecurityUtil (OzoneSecurityUtil.java:getValidInetsForCurrentHost(119)) - ip:0:0:0:0:0:0:0:1%lo not returned.
2023-08-10 18:37:01,399 [Time-limited test] INFO  ozone.OzoneSecurityUtil (OzoneSecurityUtil.java:getValidInetsForCurrentHost(119)) - ip:127.0.0.1 not returned.
2023-08-10 18:37:01,399 [Time-limited test] INFO  security.OMCertificateClient (OMCertificateClient.java:getCSRBuilder(114)) - Creating csr for OM->dns:fv-az194-926.m3vjxkz4xwiufi3h0wurkpa3rg.cx.internal.cloudapp.net,ip:10.1.0.69,scmId:4f98336e-5ff9-4d03-825d-3b2d189a3f9d,clusterId:8fc809a6-d3e5-4200-bcfc-2a2b06b2947d,subject:scm@fv-az194-926.m3vjxkz4xwiufi3h0wurkpa3rg.cx.internal.cloudapp.net
2023-08-10 18:37:01,409 [Socket Reader #1 for port 9961] INFO  ipc.Server (Server.java:saslProcess(2139)) - Auth successful for scm/fv-az194-926.m3vjxkz4xwiufi3h0wurkpa3rg.cx.internal.cloudapp.net@EXAMPLE.COM (auth:KERBEROS) from fv-az194-926.m3vjxkz4xwiufi3h0wurkpa3rg.cx.internal.cloudapp.net:33745 / 10.1.0.69:33745
2023-08-10 18:37:01,418 [IPC Server handler 1 on default port 9961] INFO  server.SCMSecurityProtocolServer (SCMSecurityProtocolServer.java:getOMCertificate(284)) - Processing CSR for om fv-az194-926.m3vjxkz4xwiufi3h0wurkpa3rg.cx.internal.cloudapp.net, UUID: a46f3008-93a3-4c3b-8942-70ac25b9e9a7
2023-08-10 18:37:01,421 [IPC Server handler 1 on default port 9961] INFO  authority.DefaultApprover (DefaultApprover.java:sign(154)) - Extensions in CSR: 2.5.29.15, 2.5.29.17
2023-08-10 18:37:01,421 [IPC Server handler 1 on default port 9961] INFO  authority.DefaultApprover (DefaultApprover.java:sign(158)) - Extensions to add to the certificate if they present in CSR: 2.5.29.17, 2.5.29.19, 1.3.6.1.5.5.7.1.12, 2.5.29.35, 2.5.29.37, 2.5.29.15
2023-08-10 18:37:01,430 [Time-limited test] INFO  utils.CertificateCodec (CertificateCodec.java:writeCertificate(299)) - Save certificate to /tmp/junit6005004696544034695/junit4636491081685119907/scm-meta/om/certs/1581495223797.crt
2023-08-10 18:37:01,430 [Time-limited test] INFO  utils.CertificateCodec (CertificateCodec.java:writeCertificate(300)) - Certificate -----BEGIN CERTIFICATE-----
MIIEHzCCAwegAwIBAgIGAXA4dgX1MA0GCSqGSIb3DQEBCwUAMIGLMSswKQYDVQQD
DCJzY20tc3ViLTE1ODA4NDk3OTc0NDJAZnYtYXoxOTQtOTI2MS0wKwYDVQQLDCQ0
Zjk4MzM2ZS01ZmY5LTRkMDMtODI1ZC0zYjJkMTg5YTNmOWQxLTArBgNVBAoMJDhm
YzgwOWE2LWQzZTUtNDIwMC1iY2ZjLTJhMmIwNmIyOTQ3ZDAeFw0yMzA4MTAxODM3
MDFaFw0yNDA4MDkxODM3MDFaMIGtMU0wSwYDVQQDDERzY21AZnYtYXoxOTQtOTI2
Lm0zdmp4a3o0eHdpdWZpM2gwd3Vya3BhM3JnLmN4LmludGVybmFsLmNsb3VkYXBw
Lm5ldDEtMCsGA1UECwwkNGY5ODMzNmUtNWZmOS00ZDAzLTgyNWQtM2IyZDE4OWEz
ZjlkMS0wKwYDVQQKDCQ4ZmM4MDlhNi1kM2U1LTQyMDAtYmNmYy0yYTJiMDZiMjk0
N2QwggEiMA0GCSqGSIb3DQEBAQUAA4IBDwAwggEKAoIBAQDhFvqJMdgSl59/bSxA
YXtKN8h8gqzrMwgkhBdsT1ilJOfY+6Ipfd/vLtl5S9zqbqK+j1bfhsad6Fw6Sv2p
9JyRf9kS/wyJr/PncgDJ5tlPnW8WqSy3bvj20cLlYpuP+bJmSJ3Z4rzKOA0mgZYp
+nKRBqyXOiuv/GaFWKlEoI+9abhaKOVcOMNrO4KzYdesB0B/bssGAONuMnPbNsJZ
5KeSuQ34XMZ8kb0Y9TvjCabFi94YtJU9l22vDZcQO43iGM4CKvoxWWYW3sL5ndhX
iUbZadrR2SRvxygge5evIDCOMLUu5pgqfg31YXkqoTUFkJAlOsqBbSeWSr9AicU0
tF1fAgMBAAGjZTBjMFEGA1UdEQRKMEiHBAoBAEWCQGZ2LWF6MTk0LTkyNi5tM3Zq
eGt6NHh3aXVmaTNoMHd1cmtwYTNyZy5jeC5pbnRlcm5hbC5jbG91ZGFwcC5uZXQw
DgYDVR0PAQH/BAQDAgO4MA0GCSqGSIb3DQEBCwUAA4IBAQAIZotL7erp+ghQ+PyW
aNWvGfBmt7uQXzYfeN04BLQ/mfcaVbGLGqxcMk50ZmDX4qOqmTNDBuUq95YqCft8
REpZ1dFKSGmlGox/6BKNVrnzJdBCtr2HtedN+3cKK0aduojbrT2gAVm1TWGdyNio
XaUMdiD5lGWaS+iQtt0DXz3xYVEx2dBv2jCStq2t87cgQiZ1/JOwYvO3Q3k6oRkI
713RI9MZhJiKIsNF4q8hPkJgICFd6vEq92pmy3EYAXULwMU3AvmjzKa1DYME13rR
vAXqA4CO+WL+gz/sMqleE/QsZ7/DamSMk0soUGX3172jcqGUTJagtlYWalX8u8jC
zBhd
-----END CERTIFICATE-----

-----BEGIN CERTIFICATE-----
MIID/TCCAuWgAwIBAgIGAXASN/VyMA0GCSqGSIb3DQEBCwUAMHsxGzAZBgNVBAMM
EnNjbS0xQGZ2LWF6MTk0LTkyNjEtMCsGA1UECwwkNGY5ODMzNmUtNWZmOS00ZDAz
LTgyNWQtM2IyZDE4OWEzZjlkMS0wKwYDVQQKDCQ4ZmM4MDlhNi1kM2U1LTQyMDAt
YmNmYy0yYTJiMDZiMjk0N2QwHhcNMjMwODEwMTgzNzAwWhcNMjgwOTE3MTgzNzAw
WjCBizErMCkGA1UEAwwic2NtLXN1Yi0xNTgwODQ5Nzk3NDQyQGZ2LWF6MTk0LTky
NjEtMCsGA1UECwwkNGY5ODMzNmUtNWZmOS00ZDAzLTgyNWQtM2IyZDE4OWEzZjlk
MS0wKwYDVQQKDCQ4ZmM4MDlhNi1kM2U1LTQyMDAtYmNmYy0yYTJiMDZiMjk0N2Qw
ggEiMA0GCSqGSIb3DQEBAQUAA4IBDwAwggEKAoIBAQCdueekBQmUer3J/ptEWzFS
I/nzMSrKfW72dwb9FsreTEAEsmrTBsB+NU/xOs6CJaz2XlS4Qc/V0/rSXPIuiE/B
WuToEqezPbmdO95Ox2tcgNKOzH80Zx5hkK15jqM4n+cFBvlme9hSGfWtGFAdmUOO
fGrKfQPWfNhg8hqq64swpNF+6MkM3QhYuYfT1wXu1IDdsC0ZxsoZ3zdgXg+M07qj
GaTBy4P/wqrjYvrrW9UEk1yZQJjj4VKyxBrxyFc8KkzNrvFcSY4/nmD4tx7lxhul
ioFgTsF0PUW/IPcWl0NH4ISzZB7vVFGwYK/oKK4B/Cc/v/6c5xkONvBBi2sRpITZ
AgMBAAGjdjB0MFEGA1UdEQRKMEiHBAoBAEWCQGZ2LWF6MTk0LTkyNi5tM3ZqeGt6
NHh3aXVmaTNoMHd1cmtwYTNyZy5jeC5pbnRlcm5hbC5jbG91ZGFwcC5uZXQwDwYD
VR0TAQH/BAUwAwEB/zAOBgNVHQ8BAf8EBAMCAb4wDQYJKoZIhvcNAQELBQADggEB
AEYNJcbG9Q1T+SLJjeK++j0l0HA3A15XnNEDYhJXdqq6GVMOW2eB5gjt2KKkjnxJ
3qMuusOsjZ4ikRJoXygGUDWd1drk6DMnvPR15OK6d3mPMcWCIeGiRw0Pp11XlKjf
s2M6XhnseWpAHySnRiLIcbQq8JFV/wiIbbO05iVh4NQgvXSt/mHIVaO4oU2bjuUE
3037aDsM2oQOCX5OFxe70+cWEHKYVDbLdmyhM1dAakp1F9WN8+PeSOPSjwOKmBH1
7Wp/jpKlwXKUN3lNFEO54lYhL12OukhBWh2uVkpF8E1oAkv08LrtQ7uIRWmKygub
KZEzDETW0LTrroMEKwAlKyw=
-----END CERTIFICATE-----

-----BEGIN CERTIFICATE-----
MIID5zCCAs+gAwIBAgIBATANBgkqhkiG9w0BAQsFADB7MRswGQYDVQQDDBJzY20t
MUBmdi1hejE5NC05MjYxLTArBgNVBAsMJDRmOTgzMzZlLTVmZjktNGQwMy04MjVk
LTNiMmQxODlhM2Y5ZDEtMCsGA1UECgwkOGZjODA5YTYtZDNlNS00MjAwLWJjZmMt
MmEyYjA2YjI5NDdkMB4XDTIzMDgxMDE4MzcwMFoXDTI4MDkxNzE4MzcwMFowezEb
MBkGA1UEAwwSc2NtLTFAZnYtYXoxOTQtOTI2MS0wKwYDVQQLDCQ0Zjk4MzM2ZS01
ZmY5LTRkMDMtODI1ZC0zYjJkMTg5YTNmOWQxLTArBgNVBAoMJDhmYzgwOWE2LWQz
ZTUtNDIwMC1iY2ZjLTJhMmIwNmIyOTQ3ZDCCASIwDQYJKoZIhvcNAQEBBQADggEP
ADCCAQoCggEBAL6Mu4tm0HutcpROpQYBWVoX53GV/DtsZnsznlRa7qD10dK49Tu5
dybpz5HaW0Ofryd0Y289cUzaoikuxg9/FM07XJLChLiPYSY7zrpcjT3Eezneve2a
dQeyxBAaXHV5OMnsPkcJoqD/+OYttHKDztbhzEygLom5SkJaF09wVcQVKWrMTvZz
B1caqK6ND7MMjnCRcZogXWyqrKqhUFpVasM1SPV8VhHAP0txui+ryj2RVNDAW/HQ
+qhIQbBbHJcQO31+FPB2++eMl0J+3VSvngQyXXBwDImSOVDU5CfquWvlkY3oC39g
oCuQxN5CSBtP0S9i2EJ8tXtpJOGbNwa5Ef0CAwEAAaN2MHQwDwYDVR0TAQH/BAUw
AwEB/zAOBgNVHQ8BAf8EBAMCAQYwUQYDVR0RBEowSIcECgEARYJAZnYtYXoxOTQt
OTI2Lm0zdmp4a3o0eHdpdWZpM2gwd3Vya3BhM3JnLmN4LmludGVybmFsLmNsb3Vk
YXBwLm5ldDANBgkqhkiG9w0BAQsFAAOCAQEAr/RZhe+y9xhHXNk15ZcQeoORDUE1
vvdI+jjVNHauMac47ajygGagWWg704EtGD2qUy28O0sWe9gqHeqOGcZGaBIS3RRX
ygdbOMeZLaIQiC5FXNTRrdVaICYIjmgYvD+04JLUrcz7/N5mHwWDzlFH8391iFQe
VqRVaJ5YdMyRfXhFNJduKkOmJ34UvuEDdAymA7L5eqlm3vdiul/fp+cHE5UKpNjx
q8nPTaoUJW/nhfZI8A5RyaXYiT7BSZz9SxWPzNAlyWm2goC1vl5ihl/AavYGrEj8
w3MEdjGRouFPVnpA1DJJtXY5GXEt8qKN+XfMJZlfPucGx49vKa8s3uXXQQ==
-----END CERTIFICATE-----

2023-08-10 18:37:01,432 [Time-limited test] INFO  utils.CertificateCodec (CertificateCodec.java:writeCertificate(299)) - Save certificate to /tmp/junit6005004696544034695/junit4636491081685119907/scm-meta/om/certs/CA-1580853622130.crt
2023-08-10 18:37:01,433 [Time-limited test] INFO  utils.CertificateCodec (CertificateCodec.java:writeCertificate(300)) - Certificate -----BEGIN CERTIFICATE-----
MIID/TCCAuWgAwIBAgIGAXASN/VyMA0GCSqGSIb3DQEBCwUAMHsxGzAZBgNVBAMM
EnNjbS0xQGZ2LWF6MTk0LTkyNjEtMCsGA1UECwwkNGY5ODMzNmUtNWZmOS00ZDAz
LTgyNWQtM2IyZDE4OWEzZjlkMS0wKwYDVQQKDCQ4ZmM4MDlhNi1kM2U1LTQyMDAt
YmNmYy0yYTJiMDZiMjk0N2QwHhcNMjMwODEwMTgzNzAwWhcNMjgwOTE3MTgzNzAw
WjCBizErMCkGA1UEAwwic2NtLXN1Yi0xNTgwODQ5Nzk3NDQyQGZ2LWF6MTk0LTky
NjEtMCsGA1UECwwkNGY5ODMzNmUtNWZmOS00ZDAzLTgyNWQtM2IyZDE4OWEzZjlk
MS0wKwYDVQQKDCQ4ZmM4MDlhNi1kM2U1LTQyMDAtYmNmYy0yYTJiMDZiMjk0N2Qw
ggEiMA0GCSqGSIb3DQEBAQUAA4IBDwAwggEKAoIBAQCdueekBQmUer3J/ptEWzFS
I/nzMSrKfW72dwb9FsreTEAEsmrTBsB+NU/xOs6CJaz2XlS4Qc/V0/rSXPIuiE/B
WuToEqezPbmdO95Ox2tcgNKOzH80Zx5hkK15jqM4n+cFBvlme9hSGfWtGFAdmUOO
fGrKfQPWfNhg8hqq64swpNF+6MkM3QhYuYfT1wXu1IDdsC0ZxsoZ3zdgXg+M07qj
GaTBy4P/wqrjYvrrW9UEk1yZQJjj4VKyxBrxyFc8KkzNrvFcSY4/nmD4tx7lxhul
ioFgTsF0PUW/IPcWl0NH4ISzZB7vVFGwYK/oKK4B/Cc/v/6c5xkONvBBi2sRpITZ
AgMBAAGjdjB0MFEGA1UdEQRKMEiHBAoBAEWCQGZ2LWF6MTk0LTkyNi5tM3ZqeGt6
NHh3aXVmaTNoMHd1cmtwYTNyZy5jeC5pbnRlcm5hbC5jbG91ZGFwcC5uZXQwDwYD
VR0TAQH/BAUwAwEB/zAOBgNVHQ8BAf8EBAMCAb4wDQYJKoZIhvcNAQELBQADggEB
AEYNJcbG9Q1T+SLJjeK++j0l0HA3A15XnNEDYhJXdqq6GVMOW2eB5gjt2KKkjnxJ
3qMuusOsjZ4ikRJoXygGUDWd1drk6DMnvPR15OK6d3mPMcWCIeGiRw0Pp11XlKjf
s2M6XhnseWpAHySnRiLIcbQq8JFV/wiIbbO05iVh4NQgvXSt/mHIVaO4oU2bjuUE
3037aDsM2oQOCX5OFxe70+cWEHKYVDbLdmyhM1dAakp1F9WN8+PeSOPSjwOKmBH1
7Wp/jpKlwXKUN3lNFEO54lYhL12OukhBWh2uVkpF8E1oAkv08LrtQ7uIRWmKygub
KZEzDETW0LTrroMEKwAlKyw=
-----END CERTIFICATE-----

-----BEGIN CERTIFICATE-----
MIID5zCCAs+gAwIBAgIBATANBgkqhkiG9w0BAQsFADB7MRswGQYDVQQDDBJzY20t
MUBmdi1hejE5NC05MjYxLTArBgNVBAsMJDRmOTgzMzZlLTVmZjktNGQwMy04MjVk
LTNiMmQxODlhM2Y5ZDEtMCsGA1UECgwkOGZjODA5YTYtZDNlNS00MjAwLWJjZmMt
MmEyYjA2YjI5NDdkMB4XDTIzMDgxMDE4MzcwMFoXDTI4MDkxNzE4MzcwMFowezEb
MBkGA1UEAwwSc2NtLTFAZnYtYXoxOTQtOTI2MS0wKwYDVQQLDCQ0Zjk4MzM2ZS01
ZmY5LTRkMDMtODI1ZC0zYjJkMTg5YTNmOWQxLTArBgNVBAoMJDhmYzgwOWE2LWQz
ZTUtNDIwMC1iY2ZjLTJhMmIwNmIyOTQ3ZDCCASIwDQYJKoZIhvcNAQEBBQADggEP
ADCCAQoCggEBAL6Mu4tm0HutcpROpQYBWVoX53GV/DtsZnsznlRa7qD10dK49Tu5
dybpz5HaW0Ofryd0Y289cUzaoikuxg9/FM07XJLChLiPYSY7zrpcjT3Eezneve2a
dQeyxBAaXHV5OMnsPkcJoqD/+OYttHKDztbhzEygLom5SkJaF09wVcQVKWrMTvZz
B1caqK6ND7MMjnCRcZogXWyqrKqhUFpVasM1SPV8VhHAP0txui+ryj2RVNDAW/HQ
+qhIQbBbHJcQO31+FPB2++eMl0J+3VSvngQyXXBwDImSOVDU5CfquWvlkY3oC39g
oCuQxN5CSBtP0S9i2EJ8tXtpJOGbNwa5Ef0CAwEAAaN2MHQwDwYDVR0TAQH/BAUw
AwEB/zAOBgNVHQ8BAf8EBAMCAQYwUQYDVR0RBEowSIcECgEARYJAZnYtYXoxOTQt
OTI2Lm0zdmp4a3o0eHdpdWZpM2gwd3Vya3BhM3JnLmN4LmludGVybmFsLmNsb3Vk
YXBwLm5ldDANBgkqhkiG9w0BAQsFAAOCAQEAr/RZhe+y9xhHXNk15ZcQeoORDUE1
vvdI+jjVNHauMac47ajygGagWWg704EtGD2qUy28O0sWe9gqHeqOGcZGaBIS3RRX
ygdbOMeZLaIQiC5FXNTRrdVaICYIjmgYvD+04JLUrcz7/N5mHwWDzlFH8391iFQe
VqRVaJ5YdMyRfXhFNJduKkOmJ34UvuEDdAymA7L5eqlm3vdiul/fp+cHE5UKpNjx
q8nPTaoUJW/nhfZI8A5RyaXYiT7BSZz9SxWPzNAlyWm2goC1vl5ihl/AavYGrEj8
w3MEdjGRouFPVnpA1DJJtXY5GXEt8qKN+XfMJZlfPucGx49vKa8s3uXXQQ==
-----END CERTIFICATE-----

2023-08-10 18:37:01,434 [IPC Server handler 0 on default port 9961] INFO  client.SCMCertificateClient (DefaultCertificateClient.java:getAllRootCaCerts(901)) - scm/sub-ca has 0 Root CA certificates
2023-08-10 18:37:01,435 [IPC Server handler 0 on default port 9961] INFO  client.SCMCertificateClient (DefaultCertificateClient.java:getAllCaCerts(909)) - scm/sub-ca has 1 CA certificates
2023-08-10 18:37:01,436 [Time-limited test] INFO  utils.CertificateCodec (CertificateCodec.java:writeCertificate(299)) - Save certificate to /tmp/junit6005004696544034695/junit4636491081685119907/scm-meta/om/certs/ROOTCA-1.crt
2023-08-10 18:37:01,436 [Time-limited test] INFO  utils.CertificateCodec (CertificateCodec.java:writeCertificate(300)) - Certificate -----BEGIN CERTIFICATE-----
MIID5zCCAs+gAwIBAgIBATANBgkqhkiG9w0BAQsFADB7MRswGQYDVQQDDBJzY20t
MUBmdi1hejE5NC05MjYxLTArBgNVBAsMJDRmOTgzMzZlLTVmZjktNGQwMy04MjVk
LTNiMmQxODlhM2Y5ZDEtMCsGA1UECgwkOGZjODA5YTYtZDNlNS00MjAwLWJjZmMt
MmEyYjA2YjI5NDdkMB4XDTIzMDgxMDE4MzcwMFoXDTI4MDkxNzE4MzcwMFowezEb
MBkGA1UEAwwSc2NtLTFAZnYtYXoxOTQtOTI2MS0wKwYDVQQLDCQ0Zjk4MzM2ZS01
ZmY5LTRkMDMtODI1ZC0zYjJkMTg5YTNmOWQxLTArBgNVBAoMJDhmYzgwOWE2LWQz
ZTUtNDIwMC1iY2ZjLTJhMmIwNmIyOTQ3ZDCCASIwDQYJKoZIhvcNAQEBBQADggEP
ADCCAQoCggEBAL6Mu4tm0HutcpROpQYBWVoX53GV/DtsZnsznlRa7qD10dK49Tu5
dybpz5HaW0Ofryd0Y289cUzaoikuxg9/FM07XJLChLiPYSY7zrpcjT3Eezneve2a
dQeyxBAaXHV5OMnsPkcJoqD/+OYttHKDztbhzEygLom5SkJaF09wVcQVKWrMTvZz
B1caqK6ND7MMjnCRcZogXWyqrKqhUFpVasM1SPV8VhHAP0txui+ryj2RVNDAW/HQ
+qhIQbBbHJcQO31+FPB2++eMl0J+3VSvngQyXXBwDImSOVDU5CfquWvlkY3oC39g
oCuQxN5CSBtP0S9i2EJ8tXtpJOGbNwa5Ef0CAwEAAaN2MHQwDwYDVR0TAQH/BAUw
AwEB/zAOBgNVHQ8BAf8EBAMCAQYwUQYDVR0RBEowSIcECgEARYJAZnYtYXoxOTQt
OTI2Lm0zdmp4a3o0eHdpdWZpM2gwd3Vya3BhM3JnLmN4LmludGVybmFsLmNsb3Vk
YXBwLm5ldDANBgkqhkiG9w0BAQsFAAOCAQEAr/RZhe+y9xhHXNk15ZcQeoORDUE1
vvdI+jjVNHauMac47ajygGagWWg704EtGD2qUy28O0sWe9gqHeqOGcZGaBIS3RRX
ygdbOMeZLaIQiC5FXNTRrdVaICYIjmgYvD+04JLUrcz7/N5mHwWDzlFH8391iFQe
VqRVaJ5YdMyRfXhFNJduKkOmJ34UvuEDdAymA7L5eqlm3vdiul/fp+cHE5UKpNjx
q8nPTaoUJW/nhfZI8A5RyaXYiT7BSZz9SxWPzNAlyWm2goC1vl5ihl/AavYGrEj8
w3MEdjGRouFPVnpA1DJJtXY5GXEt8qKN+XfMJZlfPucGx49vKa8s3uXXQQ==
-----END CERTIFICATE-----

2023-08-10 18:37:01,436 [Time-limited test] INFO  security.OMCertificateClient (DefaultCertificateClient.java:updateCertSerialId(1244)) - Certificate serial ID set to 1581495223797
2023-08-10 18:37:01,438 [Time-limited test] INFO  security.OMCertificateClient (DefaultCertificateClient.java:readCertificateFile(237)) - Added certificate   [0]         Version: 3
         SerialNumber: 1580853622130
             IssuerDN: CN=scm-1@fv-az194-926,OU=4f98336e-5ff9-4d03-825d-3b2d189a3f9d,O=8fc809a6-d3e5-4200-bcfc-2a2b06b2947d
           Start Date: Thu Aug 10 18:37:00 UTC 2023
           Final Date: Sun Sep 17 18:37:00 UTC 2028
            SubjectDN: CN=scm-sub-1580849797442@fv-az194-926,OU=4f98336e-5ff9-4d03-825d-3b2d189a3f9d,O=8fc809a6-d3e5-4200-bcfc-2a2b06b2947d
           Public Key: RSA Public Key [06:a6:94:aa:eb:1a:87:c8:49:92:45:59:a8:f5:b9:f1:f8:a9:fa:38],[56:66:d1:a4]
        modulus: 9db9e7a40509947abdc9fe9b445b315223f9f3312aca7d6ef67706fd16cade4c4004b26ad306c07e354ff13ace8225acf65e54b841cfd5d3fad25cf22e884fc15ae4e812a7b33db99d3bde4ec76b5c80d28ecc7f34671e6190ad798ea3389fe70506f9667bd85219f5ad18501d99438e7c6aca7d03d67cd860f21aaaeb8b30a4d17ee8c90cdd0858b987d3d705eed480ddb02d19c6ca19df37605e0f8cd3baa319a4c1cb83ffc2aae362faeb5bd504935c994098e3e152b2c41af1c8573c2a4ccdaef15c498e3f9e60f8b71ee5c61ba58a81604ec1743d45bf20f716974347e084b3641eef5451b060afe828ae01fc273fbffe9ce7190e36f0418b6b11a484d9
public exponent: 10001

  Signature Algorithm: SHA256WITHRSA
            Signature: 460d25c6c6f50d53f922c98de2befa3d25d07037
                       035e579cd10362125776aaba19530e5b6781e608
                       edd8a2a48e7c49dea32ebac3ac8d9e229112685f
                       280650359dd5dae4e83327bcf475e4e2ba77798f
                       31c58221e1a2470d0fa75d5794a8dfb3633a5e19
                       ec796a401f24a74622c871b42af09155ff08886d
                       b3b4e62561e0d420bd74adfe61c855a3b8a14d9b
                       8ee504df4dfb683b0cda840e097e4e1717bbd3e7
                       161072985436cb766ca13357406a4a7517d58df3
                       e3de48e3d28f038a9811f5ed6a7f8e92a5c17294
                       37794d1443b9e256212f5d8eba48415a1dae564a
                       45f04d68024bf4f0baed43bb8845698aca0b9b29
                       91330c44d6d0b4ebae83042b00252b2c
       Extensions: 
                       critical(false) 2.5.29.17 value = Sequence
    Tagged [7] IMPLICIT 
        DER Octet String[4] 
    Tagged [2] IMPLICIT 
        DER Octet String[64] 

                       critical(true) BasicConstraints: isCa(true)
                       critical(true) KeyUsage: 0xbe
 from file: /tmp/junit6005004696544034695/junit4636491081685119907/scm-meta/om/certs/CA-1580853622130.crt.
2023-08-10 18:37:01,441 [Time-limited test] INFO  security.OMCertificateClient (DefaultCertificateClient.java:readCertificateFile(237)) - Added certificate   [0]         Version: 3
         SerialNumber: 1581495223797
             IssuerDN: CN=scm-sub-1580849797442@fv-az194-926,OU=4f98336e-5ff9-4d03-825d-3b2d189a3f9d,O=8fc809a6-d3e5-4200-bcfc-2a2b06b2947d
           Start Date: Thu Aug 10 18:37:01 UTC 2023
           Final Date: Fri Aug 09 18:37:01 UTC 2024
            SubjectDN: CN=scm@fv-az194-926.m3vjxkz4xwiufi3h0wurkpa3rg.cx.internal.cloudapp.net,OU=4f98336e-5ff9-4d03-825d-3b2d189a3f9d,O=8fc809a6-d3e5-4200-bcfc-2a2b06b2947d
           Public Key: RSA Public Key [fa:52:4c:79:06:df:35:94:25:0c:a7:27:36:77:d2:50:de:0e:02:f9],[56:66:d1:a4]
        modulus: e116fa8931d812979f7f6d2c40617b4a37c87c82aceb33082484176c4f58a524e7d8fba2297ddfef2ed9794bdcea6ea2be8f56df86c69de85c3a4afda9f49c917fd912ff0c89aff3e77200c9e6d94f9d6f16a92cb76ef8f6d1c2e5629b8ff9b266489dd9e2bcca380d26819629fa729106ac973a2baffc668558a944a08fbd69b85a28e55c38c36b3b82b361d7ac07407f6ecb0600e36e3273db36c259e4a792b90df85cc67c91bd18f53be309a6c58bde18b4953d976daf0d97103b8de218ce022afa31596616dec2f99dd8578946d969dad1d9246fc728207b97af20308e30b52ee6982a7e0df561792aa135059090253aca816d27964abf4089c534b45d5f
public exponent: 10001

  Signature Algorithm: SHA256WITHRSA
            Signature: 08668b4bedeae9fa0850f8fc9668d5af19f066b7
                       bb905f361f78dd3804b43f99f71a55b18b1aac5c
                       324e746660d7e2a3aa99334306e52af7962a09fb
                       7c444a59d5d14a4869a51a8c7fe8128d56b9f325
                       d042b6bd87b5e74dfb770a2b469dba88dbad3da0
                       0159b54d619dc8d8a85da50c7620f994659a4be8
                       90b6dd035f3df1615131d9d06fda3092b6adadf3
                       b720422675fc93b062f3b743793aa11908ef5dd1
                       23d31984988a22c345e2af213e426020215deaf1
                       2af76a66cb711801750bc0c53702f9a3cca6b50d
                       8304d77ad1bc05ea03808ef962fe833fec32a95e
                       13f42c67bfc36a648c934b285065f7d7bda372a1
                       944c96a0b656166a55fcbbc8c2cc185d
       Extensions: 
                       critical(false) 2.5.29.17 value = Sequence
    Tagged [7] IMPLICIT 
        DER Octet String[4] 
    Tagged [2] IMPLICIT 
        DER Octet String[64] 

                       critical(true) KeyUsage: 0xb8
 from file: /tmp/junit6005004696544034695/junit4636491081685119907/scm-meta/om/certs/1581495223797.crt.
2023-08-10 18:37:01,443 [Time-limited test] INFO  security.OMCertificateClient (DefaultCertificateClient.java:readCertificateFile(237)) - Added certificate   [0]         Version: 3
         SerialNumber: 1
             IssuerDN: CN=scm-1@fv-az194-926,OU=4f98336e-5ff9-4d03-825d-3b2d189a3f9d,O=8fc809a6-d3e5-4200-bcfc-2a2b06b2947d
           Start Date: Thu Aug 10 18:37:00 UTC 2023
           Final Date: Sun Sep 17 18:37:00 UTC 2028
            SubjectDN: CN=scm-1@fv-az194-926,OU=4f98336e-5ff9-4d03-825d-3b2d189a3f9d,O=8fc809a6-d3e5-4200-bcfc-2a2b06b2947d
           Public Key: RSA Public Key [53:07:4e:4c:ac:0b:a0:c7:c5:81:f6:32:c5:84:7e:93:32:84:83:af],[56:66:d1:a4]
        modulus: be8cbb8b66d07bad72944ea50601595a17e77195fc3b6c667b339e545aeea0f5d1d2b8f53bb97726e9cf91da5b439faf2774636f3d714cdaa2292ec60f7f14cd3b5c92c284b88f61263bceba5c8d3dc47b39debded9a7507b2c4101a5c757938c9ec3e4709a2a0fff8e62db47283ced6e1cc4ca02e89b94a425a174f7055c415296acc4ef67307571aa8ae8d0fb30c8e7091719a205d6caaacaaa1505a556ac33548f57c5611c03f4b71ba2fabca3d9154d0c05bf1d0faa84841b05b1c97103b7d7e14f076fbe78c97427edd54af9e04325d70700c89923950d4e427eab96be5918de80b7f60a02b90c4de42481b4fd12f62d8427cb57b6924e19b3706b911fd
public exponent: 10001

  Signature Algorithm: SHA256WITHRSA
            Signature: aff45985efb2f718475cd935e597107a83910d41
                       35bef748fa38d53476ae31a738eda8f28066a059
                       683bd3812d183daa532dbc3b4b167bd82a1dea8e
                       19c646681212dd1457ca075b38c7992da210882e
                       455cd4d1add55a2026088e6818bc3fb4e092d4ad
                       ccfbfcde661f0583ce5147f37f7588541e56a455
                       689e5874cc917d784534976e2a43a6277e14bee1
                       03740ca603b2f97aa966def762ba5fdfa7e70713
                       950aa4d8f1abc9cf4daa14256fe785f648f00e51
                       c9a5d8893ec1499cfd4b158fccd025c969b68280
                       b5be5e62865fc06af606ac48fcc37304763191a2
                       e14f567a40d43249b5763919712df2a28df977cc
                       25995f3ee706c78f6f29af2cdee5d741
       Extensions: 
                       critical(true) BasicConstraints: isCa(true)
                       critical(true) KeyUsage: 0x6
                       critical(false) 2.5.29.17 value = Sequence
    Tagged [7] IMPLICIT 
        DER Octet String[4] 
    Tagged [2] IMPLICIT 
        DER Octet String[64] 

 from file: /tmp/junit6005004696544034695/junit4636491081685119907/scm-meta/om/certs/ROOTCA-1.crt.
2023-08-10 18:37:01,448 [Time-limited test] INFO  security.OMCertificateClient (DefaultCertificateClient.java:startCertificateRenewerService(1347)) - CertificateRenewerService for om is started with first delay 31535989557 ms and interval 3333 ms.
2023-08-10 18:37:01,448 [Time-limited test] INFO  security.OMCertificateClient (DefaultCertificateClient.java:updateCertSerialId(1244)) - Certificate serial ID set to 1581495223797
2023-08-10 18:37:01,450 [Time-limited test] INFO  security.OMCertificateClient (DefaultCertificateClient.java:readCertificateFile(237)) - Added certificate   [0]         Version: 3
         SerialNumber: 1580853622130
             IssuerDN: CN=scm-1@fv-az194-926,OU=4f98336e-5ff9-4d03-825d-3b2d189a3f9d,O=8fc809a6-d3e5-4200-bcfc-2a2b06b2947d
           Start Date: Thu Aug 10 18:37:00 UTC 2023
           Final Date: Sun Sep 17 18:37:00 UTC 2028
            SubjectDN: CN=scm-sub-1580849797442@fv-az194-926,OU=4f98336e-5ff9-4d03-825d-3b2d189a3f9d,O=8fc809a6-d3e5-4200-bcfc-2a2b06b2947d
           Public Key: RSA Public Key [06:a6:94:aa:eb:1a:87:c8:49:92:45:59:a8:f5:b9:f1:f8:a9:fa:38],[56:66:d1:a4]
        modulus: 9db9e7a40509947abdc9fe9b445b315223f9f3312aca7d6ef67706fd16cade4c4004b26ad306c07e354ff13ace8225acf65e54b841cfd5d3fad25cf22e884fc15ae4e812a7b33db99d3bde4ec76b5c80d28ecc7f34671e6190ad798ea3389fe70506f9667bd85219f5ad18501d99438e7c6aca7d03d67cd860f21aaaeb8b30a4d17ee8c90cdd0858b987d3d705eed480ddb02d19c6ca19df37605e0f8cd3baa319a4c1cb83ffc2aae362faeb5bd504935c994098e3e152b2c41af1c8573c2a4ccdaef15c498e3f9e60f8b71ee5c61ba58a81604ec1743d45bf20f716974347e084b3641eef5451b060afe828ae01fc273fbffe9ce7190e36f0418b6b11a484d9
public exponent: 10001

  Signature Algorithm: SHA256WITHRSA
            Signature: 460d25c6c6f50d53f922c98de2befa3d25d07037
                       035e579cd10362125776aaba19530e5b6781e608
                       edd8a2a48e7c49dea32ebac3ac8d9e229112685f
                       280650359dd5dae4e83327bcf475e4e2ba77798f
                       31c58221e1a2470d0fa75d5794a8dfb3633a5e19
                       ec796a401f24a74622c871b42af09155ff08886d
                       b3b4e62561e0d420bd74adfe61c855a3b8a14d9b
                       8ee504df4dfb683b0cda840e097e4e1717bbd3e7
                       161072985436cb766ca13357406a4a7517d58df3
                       e3de48e3d28f038a9811f5ed6a7f8e92a5c17294
                       37794d1443b9e256212f5d8eba48415a1dae564a
                       45f04d68024bf4f0baed43bb8845698aca0b9b29
                       91330c44d6d0b4ebae83042b00252b2c
       Extensions: 
                       critical(false) 2.5.29.17 value = Sequence
    Tagged [7] IMPLICIT 
        DER Octet String[4] 
    Tagged [2] IMPLICIT 
        DER Octet String[64] 

                       critical(true) BasicConstraints: isCa(true)
                       critical(true) KeyUsage: 0xbe
 from file: /tmp/junit6005004696544034695/junit4636491081685119907/scm-meta/om/certs/CA-1580853622130.crt.
2023-08-10 18:37:01,451 [Time-limited test] INFO  security.OMCertificateClient (DefaultCertificateClient.java:readCertificateFile(237)) - Added certificate   [0]         Version: 3
         SerialNumber: 1581495223797
             IssuerDN: CN=scm-sub-1580849797442@fv-az194-926,OU=4f98336e-5ff9-4d03-825d-3b2d189a3f9d,O=8fc809a6-d3e5-4200-bcfc-2a2b06b2947d
           Start Date: Thu Aug 10 18:37:01 UTC 2023
           Final Date: Fri Aug 09 18:37:01 UTC 2024
            SubjectDN: CN=scm@fv-az194-926.m3vjxkz4xwiufi3h0wurkpa3rg.cx.internal.cloudapp.net,OU=4f98336e-5ff9-4d03-825d-3b2d189a3f9d,O=8fc809a6-d3e5-4200-bcfc-2a2b06b2947d
           Public Key: RSA Public Key [fa:52:4c:79:06:df:35:94:25:0c:a7:27:36:77:d2:50:de:0e:02:f9],[56:66:d1:a4]
        modulus: e116fa8931d812979f7f6d2c40617b4a37c87c82aceb33082484176c4f58a524e7d8fba2297ddfef2ed9794bdcea6ea2be8f56df86c69de85c3a4afda9f49c917fd912ff0c89aff3e77200c9e6d94f9d6f16a92cb76ef8f6d1c2e5629b8ff9b266489dd9e2bcca380d26819629fa729106ac973a2baffc668558a944a08fbd69b85a28e55c38c36b3b82b361d7ac07407f6ecb0600e36e3273db36c259e4a792b90df85cc67c91bd18f53be309a6c58bde18b4953d976daf0d97103b8de218ce022afa31596616dec2f99dd8578946d969dad1d9246fc728207b97af20308e30b52ee6982a7e0df561792aa135059090253aca816d27964abf4089c534b45d5f
public exponent: 10001

  Signature Algorithm: SHA256WITHRSA
            Signature: 08668b4bedeae9fa0850f8fc9668d5af19f066b7
                       bb905f361f78dd3804b43f99f71a55b18b1aac5c
                       324e746660d7e2a3aa99334306e52af7962a09fb
                       7c444a59d5d14a4869a51a8c7fe8128d56b9f325
                       d042b6bd87b5e74dfb770a2b469dba88dbad3da0
                       0159b54d619dc8d8a85da50c7620f994659a4be8
                       90b6dd035f3df1615131d9d06fda3092b6adadf3
                       b720422675fc93b062f3b743793aa11908ef5dd1
                       23d31984988a22c345e2af213e426020215deaf1
                       2af76a66cb711801750bc0c53702f9a3cca6b50d
                       8304d77ad1bc05ea03808ef962fe833fec32a95e
                       13f42c67bfc36a648c934b285065f7d7bda372a1
                       944c96a0b656166a55fcbbc8c2cc185d
       Extensions: 
                       critical(false) 2.5.29.17 value = Sequence
    Tagged [7] IMPLICIT 
        DER Octet String[4] 
    Tagged [2] IMPLICIT 
        DER Octet String[64] 

                       critical(true) KeyUsage: 0xb8
 from file: /tmp/junit6005004696544034695/junit4636491081685119907/scm-meta/om/certs/1581495223797.crt.
2023-08-10 18:37:01,452 [Time-limited test] INFO  security.OMCertificateClient (DefaultCertificateClient.java:readCertificateFile(237)) - Added certificate   [0]         Version: 3
         SerialNumber: 1
             IssuerDN: CN=scm-1@fv-az194-926,OU=4f98336e-5ff9-4d03-825d-3b2d189a3f9d,O=8fc809a6-d3e5-4200-bcfc-2a2b06b2947d
           Start Date: Thu Aug 10 18:37:00 UTC 2023
           Final Date: Sun Sep 17 18:37:00 UTC 2028
            SubjectDN: CN=scm-1@fv-az194-926,OU=4f98336e-5ff9-4d03-825d-3b2d189a3f9d,O=8fc809a6-d3e5-4200-bcfc-2a2b06b2947d
           Public Key: RSA Public Key [53:07:4e:4c:ac:0b:a0:c7:c5:81:f6:32:c5:84:7e:93:32:84:83:af],[56:66:d1:a4]
        modulus: be8cbb8b66d07bad72944ea50601595a17e77195fc3b6c667b339e545aeea0f5d1d2b8f53bb97726e9cf91da5b439faf2774636f3d714cdaa2292ec60f7f14cd3b5c92c284b88f61263bceba5c8d3dc47b39debded9a7507b2c4101a5c757938c9ec3e4709a2a0fff8e62db47283ced6e1cc4ca02e89b94a425a174f7055c415296acc4ef67307571aa8ae8d0fb30c8e7091719a205d6caaacaaa1505a556ac33548f57c5611c03f4b71ba2fabca3d9154d0c05bf1d0faa84841b05b1c97103b7d7e14f076fbe78c97427edd54af9e04325d70700c89923950d4e427eab96be5918de80b7f60a02b90c4de42481b4fd12f62d8427cb57b6924e19b3706b911fd
public exponent: 10001

  Signature Algorithm: SHA256WITHRSA
            Signature: aff45985efb2f718475cd935e597107a83910d41
                       35bef748fa38d53476ae31a738eda8f28066a059
                       683bd3812d183daa532dbc3b4b167bd82a1dea8e
                       19c646681212dd1457ca075b38c7992da210882e
                       455cd4d1add55a2026088e6818bc3fb4e092d4ad
                       ccfbfcde661f0583ce5147f37f7588541e56a455
                       689e5874cc917d784534976e2a43a6277e14bee1
                       03740ca603b2f97aa966def762ba5fdfa7e70713
                       950aa4d8f1abc9cf4daa14256fe785f648f00e51
                       c9a5d8893ec1499cfd4b158fccd025c969b68280
                       b5be5e62865fc06af606ac48fcc37304763191a2
                       e14f567a40d43249b5763919712df2a28df977cc
                       25995f3ee706c78f6f29af2cdee5d741
       Extensions: 
                       critical(true) BasicConstraints: isCa(true)
                       critical(true) KeyUsage: 0x6
                       critical(false) 2.5.29.17 value = Sequence
    Tagged [7] IMPLICIT 
        DER Octet String[4] 
    Tagged [2] IMPLICIT 
        DER Octet String[64] 

 from file: /tmp/junit6005004696544034695/junit4636491081685119907/scm-meta/om/certs/ROOTCA-1.crt.
2023-08-10 18:37:01,452 [Time-limited test] INFO  om.OzoneManager (OzoneManager.java:initializeSecurity(1405)) - Successfully stored SCM signed certificate.
2023-08-10 18:37:01,455 [Time-limited test] INFO  ha.OMHANodeDetails (OMHANodeDetails.java:loadOMHAConfig(115)) - ozone.om.internal.service.id is not defined, falling back to ozone.om.service.ids to find serviceID for OzoneManager if it is HA enabled cluster
2023-08-10 18:37:01,455 [Time-limited test] INFO  ha.OMHANodeDetails (OMHANodeDetails.java:loadOMHAConfig(226)) - Configuration does not have ozone.om.address set. Falling back to the default OM address fv-az194-926.m3vjxkz4xwiufi3h0wurkpa3rg.cx.internal.cloudapp.net/10.1.0.69:1202
2023-08-10 18:37:01,455 [Time-limited test] INFO  ha.OMHANodeDetails (OMHANodeDetails.java:getOMNodeDetailsForNonHA(254)) - OM Service ID is not set. Setting it to the default ID: omServiceIdDefault
2023-08-10 18:37:01,455 [Time-limited test] INFO  ha.OMHANodeDetails (OMHANodeDetails.java:getOMNodeDetailsForNonHA(261)) - OM Node ID is not set. Setting it to the default ID: om1
2023-08-10 18:37:01,455 [Time-limited test] WARN  server.ServerUtils (ServerUtils.java:getDBPath(311)) - ozone.om.db.dirs is not configured. We recommend adding this setting. Falling back to ozone.metadata.dirs instead.
2023-08-10 18:37:01,457 [Time-limited test] INFO  upgrade.AbstractLayoutVersionManager (AbstractLayoutVersionManager.java:init(83)) - Initializing Layout version manager with metadata layout = QUOTA (version = 6), software layout = QUOTA (version = 6)
2023-08-10 18:37:01,545 [Time-limited test] INFO  reflections.Reflections (Reflections.java:scan(232)) - Reflections took 87 ms to scan 2 urls, producing 188 keys and 512 values [using 2 cores]
2023-08-10 18:37:01,545 [Time-limited test] INFO  upgrade.OMLayoutVersionManager (OMLayoutVersionManager.java:lambda$0(115)) - Skipping Upgrade Action MockOmUpgradeAction since it has been finalized.
2023-08-10 18:37:01,545 [Time-limited test] INFO  upgrade.OMLayoutVersionManager (OMLayoutVersionManager.java:lambda$0(115)) - Skipping Upgrade Action QuotaRepairUpgradeAction since it has been finalized.
2023-08-10 18:37:01,549 [pool-201-thread-1] INFO  request.KdcRequest (KdcRequest.java:preauth(651)) - The preauth data is empty.
2023-08-10 18:37:01,549 [pool-201-thread-1] INFO  server.KdcHandler (KdcHandler.java:handleRecoverableException(177)) - KRB error occurred while processing request:Additional pre-authentication required
2023-08-10 18:37:01,557 [pool-201-thread-1] INFO  request.AsRequest (AsRequest.java:issueTicket(112)) - AS_REQ ISSUE: authtime 1691692621556,om/fv-az194-926.m3vjxkz4xwiufi3h0wurkpa3rg.cx.internal.cloudapp.net@EXAMPLE.COM for krbtgt/EXAMPLE.COM@EXAMPLE.COM
2023-08-10 18:37:01,559 [Time-limited test] INFO  security.UserGroupInformation (UserGroupInformation.java:loginUserFromKeytab(1132)) - Login successful for user om/fv-az194-926.m3vjxkz4xwiufi3h0wurkpa3rg.cx.internal.cloudapp.net@EXAMPLE.COM using keytab file om.keytab. Keytab auto renewal enabled : false
2023-08-10 18:37:01,559 [Time-limited test] INFO  om.OzoneManager (OzoneManager.java:loginOMUser(1161)) - Ozone Manager login successful.
2023-08-10 18:37:01,559 [Time-limited test] WARN  server.ServerUtils (ServerUtils.java:getDBPath(311)) - ozone.om.db.dirs is not configured. We recommend adding this setting. Falling back to ozone.metadata.dirs instead.
2023-08-10 18:37:01,560 [Time-limited test] INFO  proxy.SCMBlockLocationFailoverProxyProvider (SCMBlockLocationFailoverProxyProvider.java:<init>(114)) - Created block location fail-over proxy with 1 nodes: [nodeId=scmNodeId,nodeAddress=/0.0.0.0:9863]
2023-08-10 18:37:01,560 [Time-limited test] INFO  om.OzoneManager (OzoneManager.java:getOmDetailsProto(4555)) - OzoneManager ports added:[name: "RPC"
value: 1202
]
2023-08-10 18:37:01,563 [Time-limited test] INFO  security.OMCertificateClient (DefaultCertificateClient.java:updateCertSerialId(1244)) - Certificate serial ID set to 1581495223797
2023-08-10 18:37:01,566 [Time-limited test] INFO  security.OMCertificateClient (DefaultCertificateClient.java:readCertificateFile(237)) - Added certificate   [0]         Version: 3
         SerialNumber: 1580853622130
             IssuerDN: CN=scm-1@fv-az194-926,OU=4f98336e-5ff9-4d03-825d-3b2d189a3f9d,O=8fc809a6-d3e5-4200-bcfc-2a2b06b2947d
           Start Date: Thu Aug 10 18:37:00 UTC 2023
           Final Date: Sun Sep 17 18:37:00 UTC 2028
            SubjectDN: CN=scm-sub-1580849797442@fv-az194-926,OU=4f98336e-5ff9-4d03-825d-3b2d189a3f9d,O=8fc809a6-d3e5-4200-bcfc-2a2b06b2947d
           Public Key: RSA Public Key [06:a6:94:aa:eb:1a:87:c8:49:92:45:59:a8:f5:b9:f1:f8:a9:fa:38],[56:66:d1:a4]
        modulus: 9db9e7a40509947abdc9fe9b445b315223f9f3312aca7d6ef67706fd16cade4c4004b26ad306c07e354ff13ace8225acf65e54b841cfd5d3fad25cf22e884fc15ae4e812a7b33db99d3bde4ec76b5c80d28ecc7f34671e6190ad798ea3389fe70506f9667bd85219f5ad18501d99438e7c6aca7d03d67cd860f21aaaeb8b30a4d17ee8c90cdd0858b987d3d705eed480ddb02d19c6ca19df37605e0f8cd3baa319a4c1cb83ffc2aae362faeb5bd504935c994098e3e152b2c41af1c8573c2a4ccdaef15c498e3f9e60f8b71ee5c61ba58a81604ec1743d45bf20f716974347e084b3641eef5451b060afe828ae01fc273fbffe9ce7190e36f0418b6b11a484d9
public exponent: 10001

  Signature Algorithm: SHA256WITHRSA
            Signature: 460d25c6c6f50d53f922c98de2befa3d25d07037
                       035e579cd10362125776aaba19530e5b6781e608
                       edd8a2a48e7c49dea32ebac3ac8d9e229112685f
                       280650359dd5dae4e83327bcf475e4e2ba77798f
                       31c58221e1a2470d0fa75d5794a8dfb3633a5e19
                       ec796a401f24a74622c871b42af09155ff08886d
                       b3b4e62561e0d420bd74adfe61c855a3b8a14d9b
                       8ee504df4dfb683b0cda840e097e4e1717bbd3e7
                       161072985436cb766ca13357406a4a7517d58df3
                       e3de48e3d28f038a9811f5ed6a7f8e92a5c17294
                       37794d1443b9e256212f5d8eba48415a1dae564a
                       45f04d68024bf4f0baed43bb8845698aca0b9b29
                       91330c44d6d0b4ebae83042b00252b2c
       Extensions: 
                       critical(false) 2.5.29.17 value = Sequence
    Tagged [7] IMPLICIT 
        DER Octet String[4] 
    Tagged [2] IMPLICIT 
        DER Octet String[64] 

                       critical(true) BasicConstraints: isCa(true)
                       critical(true) KeyUsage: 0xbe
 from file: /tmp/junit6005004696544034695/junit4636491081685119907/scm-meta/om/certs/CA-1580853622130.crt.
2023-08-10 18:37:01,570 [Time-limited test] INFO  security.OMCertificateClient (DefaultCertificateClient.java:readCertificateFile(237)) - Added certificate   [0]         Version: 3
         SerialNumber: 1581495223797
             IssuerDN: CN=scm-sub-1580849797442@fv-az194-926,OU=4f98336e-5ff9-4d03-825d-3b2d189a3f9d,O=8fc809a6-d3e5-4200-bcfc-2a2b06b2947d
           Start Date: Thu Aug 10 18:37:01 UTC 2023
           Final Date: Fri Aug 09 18:37:01 UTC 2024
            SubjectDN: CN=scm@fv-az194-926.m3vjxkz4xwiufi3h0wurkpa3rg.cx.internal.cloudapp.net,OU=4f98336e-5ff9-4d03-825d-3b2d189a3f9d,O=8fc809a6-d3e5-4200-bcfc-2a2b06b2947d
           Public Key: RSA Public Key [fa:52:4c:79:06:df:35:94:25:0c:a7:27:36:77:d2:50:de:0e:02:f9],[56:66:d1:a4]
        modulus: e116fa8931d812979f7f6d2c40617b4a37c87c82aceb33082484176c4f58a524e7d8fba2297ddfef2ed9794bdcea6ea2be8f56df86c69de85c3a4afda9f49c917fd912ff0c89aff3e77200c9e6d94f9d6f16a92cb76ef8f6d1c2e5629b8ff9b266489dd9e2bcca380d26819629fa729106ac973a2baffc668558a944a08fbd69b85a28e55c38c36b3b82b361d7ac07407f6ecb0600e36e3273db36c259e4a792b90df85cc67c91bd18f53be309a6c58bde18b4953d976daf0d97103b8de218ce022afa31596616dec2f99dd8578946d969dad1d9246fc728207b97af20308e30b52ee6982a7e0df561792aa135059090253aca816d27964abf4089c534b45d5f
public exponent: 10001

  Signature Algorithm: SHA256WITHRSA
            Signature: 08668b4bedeae9fa0850f8fc9668d5af19f066b7
                       bb905f361f78dd3804b43f99f71a55b18b1aac5c
                       324e746660d7e2a3aa99334306e52af7962a09fb
                       7c444a59d5d14a4869a51a8c7fe8128d56b9f325
                       d042b6bd87b5e74dfb770a2b469dba88dbad3da0
                       0159b54d619dc8d8a85da50c7620f994659a4be8
                       90b6dd035f3df1615131d9d06fda3092b6adadf3
                       b720422675fc93b062f3b743793aa11908ef5dd1
                       23d31984988a22c345e2af213e426020215deaf1
                       2af76a66cb711801750bc0c53702f9a3cca6b50d
                       8304d77ad1bc05ea03808ef962fe833fec32a95e
                       13f42c67bfc36a648c934b285065f7d7bda372a1
                       944c96a0b656166a55fcbbc8c2cc185d
       Extensions: 
                       critical(false) 2.5.29.17 value = Sequence
    Tagged [7] IMPLICIT 
        DER Octet String[4] 
    Tagged [2] IMPLICIT 
        DER Octet String[64] 

                       critical(true) KeyUsage: 0xb8
 from file: /tmp/junit6005004696544034695/junit4636491081685119907/scm-meta/om/certs/1581495223797.crt.
2023-08-10 18:37:01,573 [Time-limited test] INFO  security.OMCertificateClient (DefaultCertificateClient.java:readCertificateFile(237)) - Added certificate   [0]         Version: 3
         SerialNumber: 1
             IssuerDN: CN=scm-1@fv-az194-926,OU=4f98336e-5ff9-4d03-825d-3b2d189a3f9d,O=8fc809a6-d3e5-4200-bcfc-2a2b06b2947d
           Start Date: Thu Aug 10 18:37:00 UTC 2023
           Final Date: Sun Sep 17 18:37:00 UTC 2028
            SubjectDN: CN=scm-1@fv-az194-926,OU=4f98336e-5ff9-4d03-825d-3b2d189a3f9d,O=8fc809a6-d3e5-4200-bcfc-2a2b06b2947d
           Public Key: RSA Public Key [53:07:4e:4c:ac:0b:a0:c7:c5:81:f6:32:c5:84:7e:93:32:84:83:af],[56:66:d1:a4]
        modulus: be8cbb8b66d07bad72944ea50601595a17e77195fc3b6c667b339e545aeea0f5d1d2b8f53bb97726e9cf91da5b439faf2774636f3d714cdaa2292ec60f7f14cd3b5c92c284b88f61263bceba5c8d3dc47b39debded9a7507b2c4101a5c757938c9ec3e4709a2a0fff8e62db47283ced6e1cc4ca02e89b94a425a174f7055c415296acc4ef67307571aa8ae8d0fb30c8e7091719a205d6caaacaaa1505a556ac33548f57c5611c03f4b71ba2fabca3d9154d0c05bf1d0faa84841b05b1c97103b7d7e14f076fbe78c97427edd54af9e04325d70700c89923950d4e427eab96be5918de80b7f60a02b90c4de42481b4fd12f62d8427cb57b6924e19b3706b911fd
public exponent: 10001

  Signature Algorithm: SHA256WITHRSA
            Signature: aff45985efb2f718475cd935e597107a83910d41
                       35bef748fa38d53476ae31a738eda8f28066a059
                       683bd3812d183daa532dbc3b4b167bd82a1dea8e
                       19c646681212dd1457ca075b38c7992da210882e
                       455cd4d1add55a2026088e6818bc3fb4e092d4ad
                       ccfbfcde661f0583ce5147f37f7588541e56a455
                       689e5874cc917d784534976e2a43a6277e14bee1
                       03740ca603b2f97aa966def762ba5fdfa7e70713
                       950aa4d8f1abc9cf4daa14256fe785f648f00e51
                       c9a5d8893ec1499cfd4b158fccd025c969b68280
                       b5be5e62865fc06af606ac48fcc37304763191a2
                       e14f567a40d43249b5763919712df2a28df977cc
                       25995f3ee706c78f6f29af2cdee5d741
       Extensions: 
                       critical(true) BasicConstraints: isCa(true)
                       critical(true) KeyUsage: 0x6
                       critical(false) 2.5.29.17 value = Sequence
    Tagged [7] IMPLICIT 
        DER Octet String[4] 
    Tagged [2] IMPLICIT 
        DER Octet String[64] 

 from file: /tmp/junit6005004696544034695/junit4636491081685119907/scm-meta/om/certs/ROOTCA-1.crt.
2023-08-10 18:37:01,578 [Time-limited test] INFO  security.OMCertificateClient (DefaultCertificateClient.java:startCertificateRenewerService(1347)) - CertificateRenewerService for om is started with first delay 31535989427 ms and interval 3333 ms.
2023-08-10 18:37:01,580 [Time-limited test] INFO  om.OzoneManager (OzoneManager.java:<init>(662)) - OM start with adminUsers: [om/fv-az194-926.m3vjxkz4xwiufi3h0wurkpa3rg.cx.internal.cloudapp.net@EXAMPLE.COM, om]
2023-08-10 18:37:01,580 [Time-limited test] WARN  server.ServerUtils (ServerUtils.java:getDBPath(311)) - ozone.om.db.dirs is not configured. We recommend adding this setting. Falling back to ozone.metadata.dirs instead.
2023-08-10 18:37:01,581 [Time-limited test] INFO  helpers.OmKeyInfo (OmKeyInfo.java:getCodec(71)) - OmKeyInfo.getCodec ignorePipeline = true
2023-08-10 18:37:01,749 [Time-limited test] INFO  om.OzoneManager (OzoneManager.java:instantiateServices(791)) - S3 Multi-Tenancy is disabled
2023-08-10 18:37:01,749 [Time-limited test] INFO  security.OzoneSecretStore (OzoneSecretStore.java:loadState(69)) - Loaded 0 tokens
2023-08-10 18:37:01,749 [Time-limited test] INFO  security.OzoneDelegationTokenSecretManager (OzoneDelegationTokenSecretManager.java:loadTokenSecretState(530)) - Loading token state into token manager.
2023-08-10 18:37:01,749 [Time-limited test] INFO  om.OmSnapshotManager (OmSnapshotManager.java:<init>(175)) - Ozone filesystem snapshot feature is enabled.
2023-08-10 18:37:01,750 [Time-limited test] WARN  server.ServerUtils (ServerUtils.java:getDBPath(311)) - ozone.om.snapshot.diff.db.dir is not configured. We recommend adding this setting. Falling back to ozone.metadata.dirs instead.
2023-08-10 18:37:01,771 [Time-limited test] INFO  snapshot.SnapshotDiffManager (SnapshotDiffManager.java:closeExecutorService(1720)) - Shutting down executorService: 'SstDumpToolExecutor'
2023-08-10 18:37:01,804 [Time-limited test] INFO  om.OzoneManager (OzoneManager.java:addS3GVolumeToDB(4287)) - Created Volume s3v With Owner om required for S3Gateway operations.
2023-08-10 18:37:01,804 [Time-limited test] WARN  server.ServerUtils (ServerUtils.java:getDefaultRatisDirectory(323)) - Storage directory for Ratis is not configured. It is a good idea to map this to an SSD disk. Falling back to ozone.metadata.dirs
2023-08-10 18:37:01,805 [Time-limited test] WARN  utils.OzoneManagerRatisUtils (OzoneManagerRatisUtils.java:getOMRatisSnapshotDirectory(461)) - ozone.om.ratis.snapshot.dir is not configured. Falling back to ozone.metadata.dirs config
2023-08-10 18:37:01,806 [Time-limited test] WARN  server.ServerUtils (ServerUtils.java:getDefaultRatisDirectory(323)) - Storage directory for Ratis is not configured. It is a good idea to map this to an SSD disk. Falling back to ozone.metadata.dirs
2023-08-10 18:37:01,808 [Time-limited test] INFO  ratis.OzoneManagerRatisServer (OzoneManagerRatisServer.java:<init>(163)) - Instantiating OM Ratis server with groupID: omServiceIdDefault and peers: fv-az194-926.m3vjxkz4xwiufi3h0wurkpa3rg.cx.internal.cloudapp.net:9872
2023-08-10 18:37:01,808 [Time-limited test] INFO  ratis.OzoneManagerStateMachine (OzoneManagerStateMachine.java:loadSnapshotInfoFromDB(687)) - LastAppliedIndex is set from TransactionInfo from OM DB as (t:0, i:~)
2023-08-10 18:37:01,810 [Time-limited test] INFO  server.RaftServer (ConfUtils.java:logGet(46)) - raft.rpc.type = GRPC (default)
2023-08-10 18:37:01,819 [Time-limited test] INFO  grpc.GrpcConfigKeys (ConfUtils.java:logFallback(53)) - raft.grpc.admin.host = null (fallback to raft.grpc.server.host)
2023-08-10 18:37:01,819 [Time-limited test] INFO  grpc.GrpcConfigKeys (ConfUtils.java:logFallback(53)) - raft.grpc.admin.port = 9872 (fallback to raft.grpc.server.port)
2023-08-10 18:37:01,819 [Time-limited test] INFO  grpc.GrpcConfigKeys (ConfUtils.java:logFallback(53)) - raft.grpc.client.host = null (fallback to raft.grpc.server.host)
2023-08-10 18:37:01,819 [Time-limited test] INFO  grpc.GrpcConfigKeys (ConfUtils.java:logFallback(53)) - raft.grpc.client.port = 9872 (fallback to raft.grpc.server.port)
2023-08-10 18:37:01,819 [Time-limited test] INFO  grpc.GrpcConfigKeys (ConfUtils.java:logGet(46)) - raft.grpc.server.host = null (default)
2023-08-10 18:37:01,819 [Time-limited test] INFO  grpc.GrpcConfigKeys (ConfUtils.java:logGet(46)) - raft.grpc.server.port = 9872 (custom)
2023-08-10 18:37:01,819 [Time-limited test] INFO  server.GrpcService (ConfUtils.java:logGet(46)) - raft.grpc.message.size.max = 33554432 (custom)
2023-08-10 18:37:01,820 [Time-limited test] INFO  server.RaftServerConfigKeys (ConfUtils.java:logGet(46)) - raft.server.log.appender.buffer.byte-limit = 33554432 (custom)
2023-08-10 18:37:01,820 [Time-limited test] INFO  server.GrpcService (ConfUtils.java:logGet(46)) - raft.grpc.flow.control.window = 1MB (=1048576) (default)
2023-08-10 18:37:01,820 [Time-limited test] INFO  server.RaftServerConfigKeys (ConfUtils.java:logGet(46)) - raft.server.rpc.request.timeout = 3000ms (default)
2023-08-10 18:37:01,820 [Time-limited test] INFO  grpc.GrpcConfigKeys (ConfUtils.java:logGet(46)) - raft.grpc.server.heartbeat.channel = true (default)
2023-08-10 18:37:01,820 [Time-limited test] INFO  grpc.GrpcConfigKeys (ConfUtils.java:logGet(46)) - raft.grpc.server.async.request.thread.pool.cached = true (default)
2023-08-10 18:37:01,820 [Time-limited test] INFO  grpc.GrpcConfigKeys (ConfUtils.java:logGet(46)) - raft.grpc.server.async.request.thread.pool.size = 32 (default)
2023-08-10 18:37:01,821 [Time-limited test] INFO  impl.DataStreamServerImpl (ConfUtils.java:logGet(46)) - raft.datastream.type = DISABLED (default)
2023-08-10 18:37:01,821 [Time-limited test] INFO  server.RaftServerConfigKeys (ConfUtils.java:logGet(46)) - raft.server.threadpool.proxy.cached = true (default)
2023-08-10 18:37:01,821 [Time-limited test] INFO  server.RaftServerConfigKeys (ConfUtils.java:logGet(46)) - raft.server.threadpool.proxy.size = 0 (default)
2023-08-10 18:37:01,822 [Time-limited test] INFO  server.RaftServerConfigKeys (ConfUtils.java:logGet(46)) - raft.server.rpc.slowness.timeout = 120s (custom)
2023-08-10 18:37:01,822 [Time-limited test] INFO  server.RaftServerConfigKeys (ConfUtils.java:logGet(46)) - raft.server.leaderelection.leader.step-down.wait-time = 10s (default)
2023-08-10 18:37:01,822 [Time-limited test] INFO  server.RaftServerConfigKeys (ConfUtils.java:logGet(46)) - raft.server.storage.dir = [/tmp/junit6005004696544034695/junit4636491081685119907/scm-meta/ratis] (custom)
2023-08-10 18:37:01,826 [Time-limited test] INFO  server.RaftServer (RaftServerProxy.java:addNew(98)) - om1: addNew group-C5BA1605619E:[om1|rpc:fv-az194-926.m3vjxkz4xwiufi3h0wurkpa3rg.cx.internal.cloudapp.net:9872|priority:0|startupRole:FOLLOWER] returns group-C5BA1605619E:java.util.concurrent.CompletableFuture@324174b4[Not completed]
2023-08-10 18:37:01,826 [om1-groupManagement] INFO  server.RaftServer$Division (RaftServerImpl.java:<init>(198)) - om1: new RaftServerImpl for group-C5BA1605619E:[om1|rpc:fv-az194-926.m3vjxkz4xwiufi3h0wurkpa3rg.cx.internal.cloudapp.net:9872|priority:0|startupRole:FOLLOWER] with OzoneManagerStateMachine:uninitialized
2023-08-10 18:37:01,826 [Time-limited test] INFO  om.OzoneManager (OzoneManager.java:initializeRatisServer(2128)) - OzoneManager Ratis server initialized at port 9872
2023-08-10 18:37:01,827 [Time-limited test] INFO  om.OzoneManager (ConfUtils.java:logGet(46)) - raft.server.rpc.timeout.min = 5s (custom)
2023-08-10 18:37:01,827 [Time-limited test] INFO  om.OzoneManager (OzoneManager.java:getRpcServer(1193)) - Creating RPC Server
2023-08-10 18:37:01,828 [om1-groupManagement] INFO  server.RaftServerConfigKeys (ConfUtils.java:logGet(46)) - raft.server.rpc.timeout.max = 5200ms (custom)
2023-08-10 18:37:01,829 [om1-groupManagement] INFO  server.RaftServerConfigKeys (ConfUtils.java:logGet(46)) - raft.server.rpc.sleep.time = 25ms (default)
2023-08-10 18:37:01,830 [om1-groupManagement] INFO  server.RaftServerConfigKeys (ConfUtils.java:logGet(46)) - raft.server.rpc.slowness.timeout = 120s (custom)
2023-08-10 18:37:01,838 [om1-groupManagement] INFO  server.RaftServerConfigKeys (ConfUtils.java:logGet(46)) - raft.server.leaderelection.leader.step-down.wait-time = 10s (default)
2023-08-10 18:37:01,839 [om1-groupManagement] INFO  server.RaftServerConfigKeys (ConfUtils.java:logGet(46)) - raft.server.sleep.deviation.threshold = 300ms (default)
2023-08-10 18:37:01,839 [om1-groupManagement] INFO  server.RaftServer$Division (ServerState.java:<init>(120)) - om1@group-C5BA1605619E: ConfigurationManager, init=-1: peers:[om1|rpc:fv-az194-926.m3vjxkz4xwiufi3h0wurkpa3rg.cx.internal.cloudapp.net:9872|priority:0|startupRole:FOLLOWER]|listeners:[], old=null, confs=<EMPTY_MAP>
2023-08-10 18:37:01,839 [om1-groupManagement] INFO  server.RaftServerConfigKeys (ConfUtils.java:logGet(46)) - raft.server.storage.dir = [/tmp/junit6005004696544034695/junit4636491081685119907/scm-meta/ratis] (custom)
2023-08-10 18:37:01,839 [om1-groupManagement] INFO  server.RaftServerConfigKeys (ConfUtils.java:logGet(46)) - raft.server.log.corruption.policy = EXCEPTION (default)
2023-08-10 18:37:01,839 [om1-groupManagement] INFO  server.RaftServerConfigKeys (ConfUtils.java:logGet(46)) - raft.server.storage.free-space.min = 0MB (=0) (default)
2023-08-10 18:37:01,839 [om1-groupManagement] INFO  server.RaftServerConfigKeys (ConfUtils.java:logGet(46)) - raft.server.notification.no-leader.timeout = 120s (custom)
2023-08-10 18:37:01,840 [om1-groupManagement] INFO  server.RaftServerConfigKeys (ConfUtils.java:logGet(46)) - raft.server.read.timeout = 10s (default)
2023-08-10 18:37:01,841 [om1-groupManagement] INFO  server.RaftServerConfigKeys (ConfUtils.java:logGet(46)) - raft.server.retrycache.expirytime = 300s (custom)
2023-08-10 18:37:01,841 [om1-groupManagement] INFO  server.RaftServerConfigKeys (ConfUtils.java:logGet(46)) - raft.server.retrycache.statistics.expirytime = 100μs (default)
2023-08-10 18:37:01,841 [om1-groupManagement] INFO  server.RaftServerConfigKeys (ConfUtils.java:logGet(46)) - raft.server.read.option = DEFAULT (default)
2023-08-10 18:37:01,841 [om1-groupManagement] INFO  server.RaftServerConfigKeys (ConfUtils.java:logGet(46)) - raft.server.rpc.request.timeout = 3000ms (default)
2023-08-10 18:37:01,841 [om1-groupManagement] INFO  server.RaftServerConfigKeys (ConfUtils.java:logGet(46)) - raft.server.log.appender.install.snapshot.enabled = false (custom)
2023-08-10 18:37:01,841 [om1-groupManagement] INFO  server.RaftServerConfigKeys (ConfUtils.java:logGet(46)) - raft.server.threadpool.server.cached = true (default)
2023-08-10 18:37:01,841 [om1-groupManagement] INFO  server.RaftServerConfigKeys (ConfUtils.java:logGet(46)) - raft.server.threadpool.server.size = 0 (default)
2023-08-10 18:37:01,842 [om1-groupManagement] INFO  server.RaftServerConfigKeys (ConfUtils.java:logGet(46)) - raft.server.threadpool.client.cached = true (default)
2023-08-10 18:37:01,842 [om1-groupManagement] INFO  server.RaftServerConfigKeys (ConfUtils.java:logGet(46)) - raft.server.threadpool.client.size = 0 (default)
2023-08-10 18:37:02,291 [Time-limited test] INFO  reflections.Reflections (Reflections.java:scan(232)) - Reflections took 463 ms to scan 19 urls, producing 70 keys and 5612 values [using 2 cores]
2023-08-10 18:37:02,293 [Time-limited test] INFO  ipc.CallQueueManager (CallQueueManager.java:<init>(90)) - Using callQueue: class java.util.concurrent.LinkedBlockingQueue, queueCapacity: 10000, scheduler: class org.apache.hadoop.ipc.DefaultRpcScheduler, ipcBackoff: false.
2023-08-10 18:37:02,293 [Time-limited test] INFO  ipc.Server (Server.java:<init>(1287)) - Listener at fv-az194-926.m3vjxkz4xwiufi3h0wurkpa3rg.cx.internal.cloudapp.net:1202
2023-08-10 18:37:02,295 [Socket Reader #1 for port 1202] INFO  ipc.Server (Server.java:run(1323)) - Starting Socket Reader #1 for port 1202
2023-08-10 18:37:02,328 [Time-limited test] INFO  server.StorageContainerManager (StorageContainerManager.java:stop(1591)) - Container Balancer is not running.
2023-08-10 18:37:02,328 [Time-limited test] INFO  server.StorageContainerManager (StorageContainerManager.java:stopReplicationManager(1724)) - Stopping Replication Manager Service.
2023-08-10 18:37:02,329 [Time-limited test] INFO  replication.ReplicationManager (ReplicationManager.java:stop(319)) - Stopping Replication Monitor Thread.
2023-08-10 18:37:02,329 [Under Replicated Processor] WARN  replication.UnhealthyReplicationProcessor (UnhealthyReplicationProcessor.java:run(180)) - Under Replicated Processor interrupted. Exiting...
2023-08-10 18:37:02,331 [Over Replicated Processor] WARN  replication.UnhealthyReplicationProcessor (UnhealthyReplicationProcessor.java:run(180)) - Over Replicated Processor interrupted. Exiting...
2023-08-10 18:37:02,331 [Time-limited test] INFO  server.StorageContainerManager (StorageContainerManager.java:stop(1600)) - Stopping the Datanode Admin Monitor.
2023-08-10 18:37:02,331 [ReplicationMonitor] INFO  replication.ReplicationManager (ReplicationManager.java:run(917)) - Replication Monitor Thread is stopped
2023-08-10 18:37:02,331 [Time-limited test] INFO  server.StorageContainerManager (StorageContainerManager.java:stop(1607)) - Stopping datanode service RPC server
2023-08-10 18:37:02,331 [Time-limited test] INFO  server.SCMDatanodeProtocolServer (SCMDatanodeProtocolServer.java:stop(424)) - Stopping the RPC server for DataNodes
2023-08-10 18:37:02,331 [Time-limited test] INFO  ipc.Server (Server.java:stop(3523)) - Stopping server on 9861
2023-08-10 18:37:02,343 [IPC Server listener on 9861] INFO  ipc.Server (Server.java:run(1434)) - Stopping IPC Server listener on 9861
2023-08-10 18:37:02,344 [IPC Server Responder] INFO  ipc.Server (Server.java:run(1567)) - Stopping IPC Server Responder
2023-08-10 18:37:03,929 [SCM Heartbeat Processing Thread - 0] WARN  node.NodeStateManager (NodeStateManager.java:scheduleNextHealthCheck(874)) - Current Thread is interrupted, shutting down HB processing thread for Node Manager.
2023-08-10 18:37:03,929 [Time-limited test] INFO  server.StorageContainerManager (StorageContainerManager.java:stop(1615)) - Stopping block service RPC server
2023-08-10 18:37:03,930 [Time-limited test] INFO  server.SCMBlockProtocolServer (SCMBlockProtocolServer.java:stop(161)) - Stopping the RPC server for Block Protocol
2023-08-10 18:37:03,930 [Time-limited test] INFO  ipc.Server (Server.java:stop(3523)) - Stopping server on 9863
2023-08-10 18:37:03,936 [IPC Server Responder] INFO  ipc.Server (Server.java:run(1567)) - Stopping IPC Server Responder
2023-08-10 18:37:03,936 [IPC Server listener on 9863] INFO  ipc.Server (Server.java:run(1434)) - Stopping IPC Server listener on 9863
2023-08-10 18:37:03,937 [Time-limited test] INFO  server.StorageContainerManager (StorageContainerManager.java:stop(1622)) - Stopping the StorageContainerLocationProtocol RPC server
2023-08-10 18:37:03,937 [Time-limited test] INFO  server.SCMClientProtocolServer (SCMClientProtocolServer.java:stop(210)) - Stopping the RPC server for Client Protocol
2023-08-10 18:37:03,937 [Time-limited test] INFO  ipc.Server (Server.java:stop(3523)) - Stopping server on 9860
2023-08-10 18:37:03,944 [IPC Server listener on 9860] INFO  ipc.Server (Server.java:run(1434)) - Stopping IPC Server listener on 9860
2023-08-10 18:37:03,944 [IPC Server Responder] INFO  ipc.Server (Server.java:run(1567)) - Stopping IPC Server Responder
2023-08-10 18:37:03,945 [Time-limited test] INFO  server.StorageContainerManager (StorageContainerManager.java:stop(1629)) - Stopping Storage Container Manager HTTP server.
2023-08-10 18:37:03,945 [Time-limited test] INFO  handler.ContextHandler (ContextHandler.java:doStop(1159)) - Stopped o.e.j.w.WebAppContext@407108bf{scm,/,null,STOPPED}{file:/home/runner/work/ozone/ozone/hadoop-ozone/integration-test/target/test-classes/webapps/scm}
2023-08-10 18:37:03,946 [Time-limited test] INFO  server.AbstractConnector (AbstractConnector.java:doStop(383)) - Stopped ServerConnector@26d5ecf1{HTTP/1.1, (http/1.1)}{0.0.0.0:9876}
2023-08-10 18:37:03,946 [Time-limited test] INFO  server.session (HouseKeeper.java:stopScavenging(149)) - node0 Stopped scavenging
2023-08-10 18:37:03,947 [Time-limited test] INFO  handler.ContextHandler (ContextHandler.java:doStop(1159)) - Stopped o.e.j.s.ServletContextHandler@65fd0b1f{static,/static,file:///home/runner/work/ozone/ozone/hadoop-ozone/integration-test/target/test-classes/webapps/static,STOPPED}
2023-08-10 18:37:03,947 [Time-limited test] INFO  handler.ContextHandler (ContextHandler.java:doStop(1159)) - Stopped o.e.j.s.ServletContextHandler@4a8087b4{logs,/logs,file:///home/runner/work/ozone/ozone/hadoop-ozone/integration-test/target/log,STOPPED}
2023-08-10 18:37:03,947 [Time-limited test] INFO  server.StorageContainerManager (StorageContainerManager.java:stop(1637)) - Stopping SCM LayoutVersionManager Service.
2023-08-10 18:37:03,947 [Time-limited test] INFO  server.SCMSecurityProtocolServer (SCMSecurityProtocolServer.java:stop(550)) - Stopping the SCMSecurityProtocolServer.
2023-08-10 18:37:03,947 [Time-limited test] INFO  ipc.Server (Server.java:stop(3523)) - Stopping server on 9961
2023-08-10 18:37:03,948 [IPC Server listener on 9961] INFO  ipc.Server (Server.java:run(1434)) - Stopping IPC Server listener on 9961
2023-08-10 18:37:03,949 [IPC Server Responder] INFO  ipc.Server (Server.java:run(1567)) - Stopping IPC Server Responder
2023-08-10 18:37:03,949 [Time-limited test] INFO  server.SCMUpdateServiceGrpcServer (SCMUpdateServiceGrpcServer.java:stop(73)) - SCMUpdateService stopping
2023-08-10 18:37:03,949 [Time-limited test] INFO  server.SCMUpdateServiceGrpcServer (SCMUpdateServiceGrpcServer.java:stop(85)) - SCMUpdateService stopped!
2023-08-10 18:37:03,949 [Time-limited test] INFO  server.StorageContainerManager (StorageContainerManager.java:stop(1649)) - Stopping Block Manager Service.
2023-08-10 18:37:03,950 [Time-limited test] INFO  utils.BackgroundService (BackgroundService.java:shutdown(141)) - Shutting down service SCMBlockDeletingService
2023-08-10 18:37:03,954 [Time-limited test] INFO  utils.BackgroundService (BackgroundService.java:shutdown(141)) - Shutting down service SCMBlockDeletingService
2023-08-10 18:37:03,954 [Time-limited test] INFO  server.StorageContainerManager (StorageContainerManager.java:stop(1669)) - Stopping SCM Event Queue.
2023-08-10 18:37:03,954 [JvmPauseMonitor3] INFO  util.JvmPauseMonitor (JvmPauseMonitor.java:run(109)) - JvmPauseMonitor-4f98336e-5ff9-4d03-825d-3b2d189a3f9d: Stopped
2023-08-10 18:37:03,956 [Time-limited test] INFO  server.StorageContainerManager (StorageContainerManager.java:stop(1680)) - Stopping SCM HA services.
2023-08-10 18:37:03,957 [Time-limited test] INFO  pipeline.BackgroundPipelineCreator (BackgroundPipelineCreator.java:stop(149)) - Stopping RatisPipelineUtilsThread.
2023-08-10 18:37:03,957 [RatisPipelineUtilsThread - 0] WARN  pipeline.BackgroundPipelineCreator (BackgroundPipelineCreator.java:run(180)) - RatisPipelineUtilsThread is interrupted.
2023-08-10 18:37:03,957 [BackgroundPipelineScrubberThread] WARN  BackgroundPipelineScrubber (BackgroundSCMService.java:run(115)) - BackgroundPipelineScrubber is interrupted, exit
2023-08-10 18:37:03,957 [Time-limited test] INFO  BackgroundPipelineScrubber (BackgroundSCMService.java:stop(131)) - Stopping BackgroundPipelineScrubber Service.
2023-08-10 18:37:03,957 [Time-limited test] INFO  impl.MetricsSystemImpl (MetricsSystemImpl.java:stop(210)) - Stopping StorageContainerManager metrics system...
2023-08-10 18:37:03,960 [prometheus] INFO  impl.MetricsSinkAdapter (MetricsSinkAdapter.java:publishMetricsFromQueue(141)) - prometheus thread interrupted.
2023-08-10 18:37:03,960 [Time-limited test] INFO  impl.MetricsSystemImpl (MetricsSystemImpl.java:stop(216)) - StorageContainerManager metrics system stopped.
2023-08-10 18:37:03,963 [Time-limited test] WARN  pipeline.BackgroundPipelineCreator (BackgroundPipelineCreator.java:stop(145)) - RatisPipelineUtilsThread is not running, just ignore.
2023-08-10 18:37:03,963 [Time-limited test] INFO  BackgroundPipelineScrubber (BackgroundSCMService.java:stop(126)) - BackgroundPipelineScrubber Service is not running, skip stop.
2023-08-10 18:37:03,963 [ExpiredContainerReplicaOpScrubberThread] WARN  ExpiredContainerReplicaOpScrubber (BackgroundSCMService.java:run(115)) - ExpiredContainerReplicaOpScrubber is interrupted, exit
2023-08-10 18:37:03,963 [Time-limited test] INFO  ExpiredContainerReplicaOpScrubber (BackgroundSCMService.java:stop(131)) - Stopping ExpiredContainerReplicaOpScrubber Service.
2023-08-10 18:37:03,964 [Time-limited test] INFO  utils.BackgroundService (BackgroundService.java:shutdown(141)) - Shutting down service SCMBlockDeletingService
2023-08-10 18:37:03,964 [Time-limited test] INFO  replication.ReplicationManager (ReplicationManager.java:stop(329)) - Replication Monitor Thread is not running.
2023-08-10 18:37:03,964 [Time-limited test] WARN  balancer.ContainerBalancer (ContainerBalancer.java:stop(326)) - Cannot stop Container Balancer because it's not running or stopping
2023-08-10 18:37:03,964 [Lease Manager-LeaseManager#LeaseMonitor] WARN  lease.LeaseManager (LeaseManager.java:run(272)) - Lease manager is interrupted. Shutting down...
java.lang.InterruptedException
	at java.util.concurrent.locks.AbstractQueuedSynchronizer.doAcquireSharedNanos(AbstractQueuedSynchronizer.java:1039)
	at java.util.concurrent.locks.AbstractQueuedSynchronizer.tryAcquireSharedNanos(AbstractQueuedSynchronizer.java:1328)
	at java.util.concurrent.Semaphore.tryAcquire(Semaphore.java:409)
	at org.apache.hadoop.ozone.lease.LeaseManager$LeaseMonitor.run(LeaseManager.java:270)
	at java.lang.Thread.run(Thread.java:750)
2023-08-10 18:37:03,964 [Time-limited test] INFO  server.StorageContainerManager (StorageContainerManager.java:stop(1715)) - Stopping SCM MetadataStore.
2023-08-10 18:37:03,965 [Time-limited test] INFO  om.OzoneManager (OzoneManager.java:stop(2187)) - om1[fv-az194-926.m3vjxkz4xwiufi3h0wurkpa3rg.cx.internal.cloudapp.net:1202]: Stopping Ozone Manager
2023-08-10 18:37:03,965 [Time-limited test] INFO  ipc.Server (Server.java:stop(3523)) - Stopping server on 1202
2023-08-10 18:37:03,965 [Time-limited test] INFO  ratis.OzoneManagerStateMachine (OzoneManagerStateMachine.java:close(534)) - StateMachine has shutdown. Shutdown OzoneManager if not already shutdown.
2023-08-10 18:37:03,965 [Time-limited test] INFO  ratis.OzoneManagerDoubleBuffer (OzoneManagerDoubleBuffer.java:stopDaemon(551)) - Stopping OMDoubleBuffer flush thread
2023-08-10 18:37:03,965 [OMDoubleBufferFlushThread] INFO  ratis.OzoneManagerDoubleBuffer (OzoneManagerDoubleBuffer.java:canFlush(638)) - OMDoubleBuffer flush thread OMDoubleBufferFlushThread is interrupted and will exit.
2023-08-10 18:37:03,966 [Time-limited test] INFO  om.OzoneManager (OzoneManager.java:stopSecretManager(1063)) - Stopping secret key client.
2023-08-10 18:37:03,966 [Time-limited test] INFO  om.OzoneManager (OzoneManager.java:stopSecretManager(1068)) - Stopping OM delegation token secret manager.
2023-08-10 18:37:03,966 [Time-limited test] INFO  rocksdiff.RocksDBCheckpointDiffer (RocksDBCheckpointDiffer.java:close(340)) - Shutting down CompactionDagPruningService.
2023-08-10 18:37:03,967 [Time-limited test] INFO  snapshot.SnapshotDiffManager (SnapshotDiffManager.java:closeExecutorService(1720)) - Shutting down executorService: 'SnapDiffExecutor'
2023-08-10 18:37:03,967 [Time-limited test] INFO  snapshot.SnapshotDiffManager (SnapshotDiffManager.java:closeExecutorService(1720)) - Shutting down executorService: 'SstDumpToolExecutor'
2023-08-10 18:37:03,967 [Time-limited test] INFO  utils.BackgroundService (BackgroundService.java:shutdown(141)) - Shutting down service SnapshotDiffCleanupService
2023-08-10 18:37:03,968 [Time-limited test] INFO  om.OzoneManager (OzoneManager.java:stop(2187)) - om1[fv-az194-926.m3vjxkz4xwiufi3h0wurkpa3rg.cx.internal.cloudapp.net:1202]: Stopping Ozone Manager
2023-08-10 18:37:03,969 [Time-limited test] INFO  impl.DefaultInternalKdcServerImpl (DefaultInternalKdcServerImpl.java:doStop(102)) - Default Internal kdc server stopped.
2023-08-10 18:37:04,969 [Time-limited test] INFO  minikdc.MiniKdc (MiniKdc.java:stop(359)) - MiniKdc stopped.
2023-08-10 18:37:04,969 [Time-limited test] INFO  server.StorageContainerManager (StorageContainerManager.java:stop(1580)) - Storage Container Manager is not running.
2023-08-10 18:37:04,969 [Time-limited test] INFO  server.StorageContainerManager (StorageContainerManager.java:stopReplicationManager(1724)) - Stopping Replication Manager Service.
2023-08-10 18:37:04,969 [Time-limited test] INFO  replication.ReplicationManager (ReplicationManager.java:stop(329)) - Replication Monitor Thread is not running.
2023-08-10 18:37:04,969 [Time-limited test] INFO  server.SCMSecurityProtocolServer (SCMSecurityProtocolServer.java:join(560)) - Join RPC server for SCMSecurityProtocolServer.
2023-08-10 18:37:04,969 [Time-limited test] INFO  server.SCMSecurityProtocolServer (SCMSecurityProtocolServer.java:join(562)) - Join gRPC server for SCMSecurityProtocolServer.
2023-08-10 18:37:04,969 [Time-limited test] INFO  om.OzoneManager (OzoneManager.java:stop(2187)) - om1[fv-az194-926.m3vjxkz4xwiufi3h0wurkpa3rg.cx.internal.cloudapp.net:1202]: Stopping Ozone Manager
]]></system-out>
  </testcase>
  <testcase name="testSecureOmInitializationSuccess" classname="org.apache.hadoop.ozone.TestSecureOzoneCluster" time="4.613">
    <system-out><![CDATA[2023-08-10 18:37:04,993 [Time-limited test] INFO  net.ServerSocketUtil (ServerSocketUtil.java:getPort(55)) - Using port 9860
2023-08-10 18:37:04,993 [Time-limited test] INFO  net.ServerSocketUtil (ServerSocketUtil.java:getPort(55)) - Using port 9861
2023-08-10 18:37:04,993 [Time-limited test] INFO  net.ServerSocketUtil (ServerSocketUtil.java:getPort(55)) - Using port 9863
2023-08-10 18:37:04,993 [Time-limited test] INFO  net.ServerSocketUtil (ServerSocketUtil.java:getPort(55)) - Using port 9961
2023-08-10 18:37:04,993 [Time-limited test] INFO  net.ServerSocketUtil (ServerSocketUtil.java:getPort(55)) - Using port 1200
2023-08-10 18:37:04,993 [Time-limited test] INFO  net.ServerSocketUtil (ServerSocketUtil.java:getPort(55)) - Using port 1201
2023-08-10 18:37:04,993 [Time-limited test] INFO  minikdc.MiniKdc (MiniKdc.java:<init>(225)) - Configuration:
2023-08-10 18:37:04,993 [Time-limited test] INFO  minikdc.MiniKdc (MiniKdc.java:<init>(226)) - ---------------------------------------------------------------
2023-08-10 18:37:04,993 [Time-limited test] INFO  minikdc.MiniKdc (MiniKdc.java:<init>(228)) -   debug: false
2023-08-10 18:37:04,993 [Time-limited test] INFO  minikdc.MiniKdc (MiniKdc.java:<init>(228)) -   transport: TCP
2023-08-10 18:37:04,993 [Time-limited test] INFO  minikdc.MiniKdc (MiniKdc.java:<init>(228)) -   max.ticket.lifetime: 86400000
2023-08-10 18:37:04,994 [Time-limited test] INFO  minikdc.MiniKdc (MiniKdc.java:<init>(228)) -   org.name: EXAMPLE
2023-08-10 18:37:04,994 [Time-limited test] INFO  minikdc.MiniKdc (MiniKdc.java:<init>(228)) -   kdc.port: 0
2023-08-10 18:37:04,994 [Time-limited test] INFO  minikdc.MiniKdc (MiniKdc.java:<init>(228)) -   org.domain: COM
2023-08-10 18:37:04,994 [Time-limited test] INFO  minikdc.MiniKdc (MiniKdc.java:<init>(228)) -   max.renewable.lifetime: 604800000
2023-08-10 18:37:04,994 [Time-limited test] INFO  minikdc.MiniKdc (MiniKdc.java:<init>(228)) -   instance: DefaultKrbServer
2023-08-10 18:37:04,994 [Time-limited test] INFO  minikdc.MiniKdc (MiniKdc.java:<init>(228)) -   kdc.bind.address: localhost
2023-08-10 18:37:04,994 [Time-limited test] INFO  minikdc.MiniKdc (MiniKdc.java:<init>(230)) - ---------------------------------------------------------------
2023-08-10 18:37:04,995 [Time-limited test] INFO  minikdc.MiniKdc (MiniKdc.java:start(285)) - MiniKdc started.
2023-08-10 18:37:05,053 [Time-limited test] INFO  om.OzoneManager (OzoneManager.java:getOmDetailsProto(4555)) - OzoneManager ports added:[name: "RPC"
value: 1202
]
2023-08-10 18:37:05,054 [Time-limited test] WARN  server.ServerUtils (ServerUtils.java:getScmDbDir(155)) - ozone.scm.db.dirs is not configured. We recommend adding this setting. Falling back to ozone.metadata.dirs instead.
2023-08-10 18:37:05,055 [Time-limited test] INFO  ha.HASecurityUtils (HASecurityUtils.java:initializeSecurity(98)) - Initializing secure StorageContainerManager.
2023-08-10 18:37:05,059 [Time-limited test] INFO  client.SCMCertificateClient (DefaultCertificateClient.java:updateCertSerialId(1244)) - Certificate serial ID set to null
2023-08-10 18:37:05,060 [Time-limited test] ERROR client.SCMCertificateClient (DefaultCertificateClient.java:getCertPath(362)) - Default certificate serial id is not set. Can't locate the default certificate for this client.
2023-08-10 18:37:05,060 [Time-limited test] INFO  client.SCMCertificateClient (DefaultCertificateClient.java:init(715)) - Certificate client init case: 0
2023-08-10 18:37:05,060 [Time-limited test] INFO  client.SCMCertificateClient (SCMCertificateClient.java:handleCase(103)) - Creating keypair for client as keypair and certificate not found.
2023-08-10 18:37:05,432 [Time-limited test] INFO  ha.HASecurityUtils (HASecurityUtils.java:initializeSecurity(108)) - Init response: GETCERT
2023-08-10 18:37:05,524 [Time-limited test] INFO  ozone.OzoneSecurityUtil (OzoneSecurityUtil.java:getValidInetsForCurrentHost(119)) - ip:fe80:0:0:0:20d:3aff:fee2:9454%eth0 not returned.
2023-08-10 18:37:05,524 [Time-limited test] INFO  ozone.OzoneSecurityUtil (OzoneSecurityUtil.java:getValidInetsForCurrentHost(116)) - Adding ip:10.1.0.69,host:fv-az194-926.m3vjxkz4xwiufi3h0wurkpa3rg.cx.internal.cloudapp.net
2023-08-10 18:37:05,525 [Time-limited test] INFO  ozone.OzoneSecurityUtil (OzoneSecurityUtil.java:getValidInetsForCurrentHost(119)) - ip:0:0:0:0:0:0:0:1%lo not returned.
2023-08-10 18:37:05,525 [Time-limited test] INFO  ozone.OzoneSecurityUtil (OzoneSecurityUtil.java:getValidInetsForCurrentHost(119)) - ip:127.0.0.1 not returned.
2023-08-10 18:37:05,527 [Time-limited test] INFO  utils.SelfSignedCertificate (SelfSignedCertificate.java:generateCertificate(157)) - Certificate 1 is issued by CN=scm-1@fv-az194-926,OU=eb2cb03c-a205-4200-b0dd-2ac59c9098b8,O=4f35ae79-79f0-4e6e-9851-023781f71f35 to CN=scm-1@fv-az194-926,OU=eb2cb03c-a205-4200-b0dd-2ac59c9098b8,O=4f35ae79-79f0-4e6e-9851-023781f71f35, valid from Thu Aug 10 18:37:05 UTC 2023 to Sun Sep 17 18:37:05 UTC 2028
2023-08-10 18:37:05,528 [Time-limited test] INFO  utils.CertificateCodec (CertificateCodec.java:writeCertificate(299)) - Save certificate to /tmp/junit7519050344947360267/junit1181947562306360931/scm-meta/scm/ca/certs/certificate.crt
2023-08-10 18:37:05,528 [Time-limited test] INFO  utils.CertificateCodec (CertificateCodec.java:writeCertificate(300)) - Certificate -----BEGIN CERTIFICATE-----
MIID5zCCAs+gAwIBAgIBATANBgkqhkiG9w0BAQsFADB7MRswGQYDVQQDDBJzY20t
MUBmdi1hejE5NC05MjYxLTArBgNVBAsMJGViMmNiMDNjLWEyMDUtNDIwMC1iMGRk
LTJhYzU5YzkwOThiODEtMCsGA1UECgwkNGYzNWFlNzktNzlmMC00ZTZlLTk4NTEt
MDIzNzgxZjcxZjM1MB4XDTIzMDgxMDE4MzcwNVoXDTI4MDkxNzE4MzcwNVowezEb
MBkGA1UEAwwSc2NtLTFAZnYtYXoxOTQtOTI2MS0wKwYDVQQLDCRlYjJjYjAzYy1h
MjA1LTQyMDAtYjBkZC0yYWM1OWM5MDk4YjgxLTArBgNVBAoMJDRmMzVhZTc5LTc5
ZjAtNGU2ZS05ODUxLTAyMzc4MWY3MWYzNTCCASIwDQYJKoZIhvcNAQEBBQADggEP
ADCCAQoCggEBALy9GxXBoOddMOqRqmPCIVNTBcJJYJ8O9UVosCSL+bHB9pnmBFc2
P7n3iamT02cqJE+WAfWV6ZSjFLbhFcXRRRNp4ji3C0l2cDjWTAItU8CeYwQgvNfn
d2SsFiCIa5ZtnALvx8HBmkacx1SyypoG2qkbDTZqUXKl20bDLxL5kmOAeWWaEw2m
mVrSsZtereTQB9noC+fYpIIteBwz25+ECkifk7o/ZKlZffrvxUuhQhOHhtIp+Jyz
MiRX00cpAsbW24eAPwsUxiHJ0SGqw5dpTmu0Li7aRzThWIET+CHtJR9SOjMPLXQj
fOwP1avEafieAxR1jRJnHufOv6dhy4nAj+0CAwEAAaN2MHQwDwYDVR0TAQH/BAUw
AwEB/zAOBgNVHQ8BAf8EBAMCAQYwUQYDVR0RBEowSIcECgEARYJAZnYtYXoxOTQt
OTI2Lm0zdmp4a3o0eHdpdWZpM2gwd3Vya3BhM3JnLmN4LmludGVybmFsLmNsb3Vk
YXBwLm5ldDANBgkqhkiG9w0BAQsFAAOCAQEAmyVBzAv8xkshViab4G3taRPzmZbc
7VyGCVqQSgjJd+6BenV7uTu1n04K9NGjfBgyZWE/m+CmSDYvXcXnHlc7PEKlUpB9
9KkdjkJwuxpJpPd41uiiUXeX8lqk4QfGH3yc8Fp6cKrpA3XUaupewSwBKk0Lw3lR
YUwrHXXsKCFpxHaOj2h+TfR27J3MbqO6yKoNAYdwYNBgB+VANoDixFJBbAoxQ/rq
qp2v4fk/F0Pb2VJb2l+vPjOsHK1Mc8WZoDDg+JFATmpE48n+6yMu4PN11w77ONA0
y7JUHgLGLWXIb7hiEkHQhLchHeC9QeqDHgRPTUKVFqDIu81R3iYRBY6K3A==
-----END CERTIFICATE-----

2023-08-10 18:37:05,529 [Time-limited test] INFO  client.SCMCertificateClient (SCMCertificateClient.java:getCSRBuilder(165)) - Creating csr for SCM->hostName:fv-az194-926,scmId:eb2cb03c-a205-4200-b0dd-2ac59c9098b8,clusterId:4f35ae79-79f0-4e6e-9851-023781f71f35,subject:scm-sub-1585603602407@fv-az194-926
2023-08-10 18:37:05,529 [Time-limited test] INFO  ozone.OzoneSecurityUtil (OzoneSecurityUtil.java:getValidInetsForCurrentHost(119)) - ip:fe80:0:0:0:20d:3aff:fee2:9454%eth0 not returned.
2023-08-10 18:37:05,529 [Time-limited test] INFO  ozone.OzoneSecurityUtil (OzoneSecurityUtil.java:getValidInetsForCurrentHost(116)) - Adding ip:10.1.0.69,host:fv-az194-926.m3vjxkz4xwiufi3h0wurkpa3rg.cx.internal.cloudapp.net
2023-08-10 18:37:05,529 [Time-limited test] INFO  ozone.OzoneSecurityUtil (OzoneSecurityUtil.java:getValidInetsForCurrentHost(119)) - ip:0:0:0:0:0:0:0:1%lo not returned.
2023-08-10 18:37:05,529 [Time-limited test] INFO  ozone.OzoneSecurityUtil (OzoneSecurityUtil.java:getValidInetsForCurrentHost(119)) - ip:127.0.0.1 not returned.
2023-08-10 18:37:05,529 [Time-limited test] INFO  ha.HASecurityUtils (HASecurityUtils.java:generateCSR(308)) - Creating csr for SCM->hostName:fv-az194-926,scmId:eb2cb03c-a205-4200-b0dd-2ac59c9098b8,clusterId:4f35ae79-79f0-4e6e-9851-023781f71f35,subject:scm-sub-1585604127205@fv-az194-926
2023-08-10 18:37:05,533 [Time-limited test] INFO  authority.DefaultApprover (DefaultApprover.java:sign(154)) - Extensions in CSR: 2.5.29.19, 2.5.29.15, 2.5.29.17
2023-08-10 18:37:05,533 [Time-limited test] INFO  authority.DefaultApprover (DefaultApprover.java:sign(158)) - Extensions to add to the certificate if they present in CSR: 2.5.29.17, 2.5.29.19, 1.3.6.1.5.5.7.1.12, 2.5.29.35, 2.5.29.37, 2.5.29.15
2023-08-10 18:37:05,536 [Time-limited test] INFO  utils.CertificateCodec (CertificateCodec.java:writeCertificate(299)) - Save certificate to /tmp/junit7519050344947360267/junit1181947562306360931/scm-meta/scm/sub-ca/certs/CA-1.crt
2023-08-10 18:37:05,537 [Time-limited test] INFO  utils.CertificateCodec (CertificateCodec.java:writeCertificate(300)) - Certificate -----BEGIN CERTIFICATE-----
MIID5zCCAs+gAwIBAgIBATANBgkqhkiG9w0BAQsFADB7MRswGQYDVQQDDBJzY20t
MUBmdi1hejE5NC05MjYxLTArBgNVBAsMJGViMmNiMDNjLWEyMDUtNDIwMC1iMGRk
LTJhYzU5YzkwOThiODEtMCsGA1UECgwkNGYzNWFlNzktNzlmMC00ZTZlLTk4NTEt
MDIzNzgxZjcxZjM1MB4XDTIzMDgxMDE4MzcwNVoXDTI4MDkxNzE4MzcwNVowezEb
MBkGA1UEAwwSc2NtLTFAZnYtYXoxOTQtOTI2MS0wKwYDVQQLDCRlYjJjYjAzYy1h
MjA1LTQyMDAtYjBkZC0yYWM1OWM5MDk4YjgxLTArBgNVBAoMJDRmMzVhZTc5LTc5
ZjAtNGU2ZS05ODUxLTAyMzc4MWY3MWYzNTCCASIwDQYJKoZIhvcNAQEBBQADggEP
ADCCAQoCggEBALy9GxXBoOddMOqRqmPCIVNTBcJJYJ8O9UVosCSL+bHB9pnmBFc2
P7n3iamT02cqJE+WAfWV6ZSjFLbhFcXRRRNp4ji3C0l2cDjWTAItU8CeYwQgvNfn
d2SsFiCIa5ZtnALvx8HBmkacx1SyypoG2qkbDTZqUXKl20bDLxL5kmOAeWWaEw2m
mVrSsZtereTQB9noC+fYpIIteBwz25+ECkifk7o/ZKlZffrvxUuhQhOHhtIp+Jyz
MiRX00cpAsbW24eAPwsUxiHJ0SGqw5dpTmu0Li7aRzThWIET+CHtJR9SOjMPLXQj
fOwP1avEafieAxR1jRJnHufOv6dhy4nAj+0CAwEAAaN2MHQwDwYDVR0TAQH/BAUw
AwEB/zAOBgNVHQ8BAf8EBAMCAQYwUQYDVR0RBEowSIcECgEARYJAZnYtYXoxOTQt
OTI2Lm0zdmp4a3o0eHdpdWZpM2gwd3Vya3BhM3JnLmN4LmludGVybmFsLmNsb3Vk
YXBwLm5ldDANBgkqhkiG9w0BAQsFAAOCAQEAmyVBzAv8xkshViab4G3taRPzmZbc
7VyGCVqQSgjJd+6BenV7uTu1n04K9NGjfBgyZWE/m+CmSDYvXcXnHlc7PEKlUpB9
9KkdjkJwuxpJpPd41uiiUXeX8lqk4QfGH3yc8Fp6cKrpA3XUaupewSwBKk0Lw3lR
YUwrHXXsKCFpxHaOj2h+TfR27J3MbqO6yKoNAYdwYNBgB+VANoDixFJBbAoxQ/rq
qp2v4fk/F0Pb2VJb2l+vPjOsHK1Mc8WZoDDg+JFATmpE48n+6yMu4PN11w77ONA0
y7JUHgLGLWXIb7hiEkHQhLchHeC9QeqDHgRPTUKVFqDIu81R3iYRBY6K3A==
-----END CERTIFICATE-----

2023-08-10 18:37:05,537 [Time-limited test] INFO  utils.CertificateCodec (CertificateCodec.java:writeCertificate(299)) - Save certificate to /tmp/junit7519050344947360267/junit1181947562306360931/scm-meta/scm/sub-ca/certs/1585607509194.crt
2023-08-10 18:37:05,537 [Time-limited test] INFO  utils.CertificateCodec (CertificateCodec.java:writeCertificate(300)) - Certificate -----BEGIN CERTIFICATE-----
MIID/TCCAuWgAwIBAgIGAXEtkoTKMA0GCSqGSIb3DQEBCwUAMHsxGzAZBgNVBAMM
EnNjbS0xQGZ2LWF6MTk0LTkyNjEtMCsGA1UECwwkZWIyY2IwM2MtYTIwNS00MjAw
LWIwZGQtMmFjNTljOTA5OGI4MS0wKwYDVQQKDCQ0ZjM1YWU3OS03OWYwLTRlNmUt
OTg1MS0wMjM3ODFmNzFmMzUwHhcNMjMwODEwMTgzNzA1WhcNMjgwOTE3MTgzNzA1
WjCBizErMCkGA1UEAwwic2NtLXN1Yi0xNTg1NjA0MTI3MjA1QGZ2LWF6MTk0LTky
NjEtMCsGA1UECwwkZWIyY2IwM2MtYTIwNS00MjAwLWIwZGQtMmFjNTljOTA5OGI4
MS0wKwYDVQQKDCQ0ZjM1YWU3OS03OWYwLTRlNmUtOTg1MS0wMjM3ODFmNzFmMzUw
ggEiMA0GCSqGSIb3DQEBAQUAA4IBDwAwggEKAoIBAQDTtTRRiUmJX8dS0p4HzNFN
FUL08nMakPzXks/m+ehcqvt3+nuf4HBN6y5AXtTZNjyKjH9LyyBVVl/HXNEJ1j0B
4WdGtKU6FEBnVN6SXKdUk2QmnVTFdh5aEzX+TMIcXWzc2Kq9J1JCT+DZzWP42laO
Mj732t5grwDWVsuvLcLta+6jqSLnN+/P3z+0ucx5YYxVvQDNEntOPLmsA8r1eGgc
zdaMZel6uywmjgtQXWfVWOJGnoPQ0MDFJdC54+eHQedDlgvoy+9ICGb2E4AUPKXe
wno+lDrF2623TYKvUdqWRO/aBe1L0kX5RNJDn9Eupl0/mQxvI2rFPuqqF+TAoECx
AgMBAAGjdjB0MFEGA1UdEQRKMEiHBAoBAEWCQGZ2LWF6MTk0LTkyNi5tM3ZqeGt6
NHh3aXVmaTNoMHd1cmtwYTNyZy5jeC5pbnRlcm5hbC5jbG91ZGFwcC5uZXQwDwYD
VR0TAQH/BAUwAwEB/zAOBgNVHQ8BAf8EBAMCAb4wDQYJKoZIhvcNAQELBQADggEB
AHdJbcKh3nzyFRirFRei+J3yzsxvFGhT7FS1r/qHrpjjW3DgPqGHD5k0tUhSQ4fC
r0BsteWG+DiMDU1A1GAaIvYEO4+so8S4VXE6VrHo5Hfk7PSrysNdJVOtIcb3Bf2Y
iut66IMIEGorRaTbasKRnEk9T+NtS4TQTST9XZ28KFRm+AFZb4Ee/bHBSCtUYprP
N6AQusjgCDFvB+g2HpwnOuodPQoD1yzOZmKiqYGBb41UVpWqCQbZAeNclCkQiLgQ
vna+iJOQXhGs5W1uQM3LxF6bUoA8/aJkQb7TXsPIThAby9c1dwqcIgzZsh/0HRBk
cotQErtJO9lppdCy3y4fXJE=
-----END CERTIFICATE-----

-----BEGIN CERTIFICATE-----
MIID5zCCAs+gAwIBAgIBATANBgkqhkiG9w0BAQsFADB7MRswGQYDVQQDDBJzY20t
MUBmdi1hejE5NC05MjYxLTArBgNVBAsMJGViMmNiMDNjLWEyMDUtNDIwMC1iMGRk
LTJhYzU5YzkwOThiODEtMCsGA1UECgwkNGYzNWFlNzktNzlmMC00ZTZlLTk4NTEt
MDIzNzgxZjcxZjM1MB4XDTIzMDgxMDE4MzcwNVoXDTI4MDkxNzE4MzcwNVowezEb
MBkGA1UEAwwSc2NtLTFAZnYtYXoxOTQtOTI2MS0wKwYDVQQLDCRlYjJjYjAzYy1h
MjA1LTQyMDAtYjBkZC0yYWM1OWM5MDk4YjgxLTArBgNVBAoMJDRmMzVhZTc5LTc5
ZjAtNGU2ZS05ODUxLTAyMzc4MWY3MWYzNTCCASIwDQYJKoZIhvcNAQEBBQADggEP
ADCCAQoCggEBALy9GxXBoOddMOqRqmPCIVNTBcJJYJ8O9UVosCSL+bHB9pnmBFc2
P7n3iamT02cqJE+WAfWV6ZSjFLbhFcXRRRNp4ji3C0l2cDjWTAItU8CeYwQgvNfn
d2SsFiCIa5ZtnALvx8HBmkacx1SyypoG2qkbDTZqUXKl20bDLxL5kmOAeWWaEw2m
mVrSsZtereTQB9noC+fYpIIteBwz25+ECkifk7o/ZKlZffrvxUuhQhOHhtIp+Jyz
MiRX00cpAsbW24eAPwsUxiHJ0SGqw5dpTmu0Li7aRzThWIET+CHtJR9SOjMPLXQj
fOwP1avEafieAxR1jRJnHufOv6dhy4nAj+0CAwEAAaN2MHQwDwYDVR0TAQH/BAUw
AwEB/zAOBgNVHQ8BAf8EBAMCAQYwUQYDVR0RBEowSIcECgEARYJAZnYtYXoxOTQt
OTI2Lm0zdmp4a3o0eHdpdWZpM2gwd3Vya3BhM3JnLmN4LmludGVybmFsLmNsb3Vk
YXBwLm5ldDANBgkqhkiG9w0BAQsFAAOCAQEAmyVBzAv8xkshViab4G3taRPzmZbc
7VyGCVqQSgjJd+6BenV7uTu1n04K9NGjfBgyZWE/m+CmSDYvXcXnHlc7PEKlUpB9
9KkdjkJwuxpJpPd41uiiUXeX8lqk4QfGH3yc8Fp6cKrpA3XUaupewSwBKk0Lw3lR
YUwrHXXsKCFpxHaOj2h+TfR27J3MbqO6yKoNAYdwYNBgB+VANoDixFJBbAoxQ/rq
qp2v4fk/F0Pb2VJb2l+vPjOsHK1Mc8WZoDDg+JFATmpE48n+6yMu4PN11w77ONA0
y7JUHgLGLWXIb7hiEkHQhLchHeC9QeqDHgRPTUKVFqDIu81R3iYRBY6K3A==
-----END CERTIFICATE-----

2023-08-10 18:37:05,537 [Time-limited test] INFO  utils.CertificateCodec (CertificateCodec.java:writeCertificate(299)) - Save certificate to /tmp/junit7519050344947360267/junit1181947562306360931/scm-meta/scm/sub-ca/certs/certificate.crt
2023-08-10 18:37:05,537 [Time-limited test] INFO  utils.CertificateCodec (CertificateCodec.java:writeCertificate(300)) - Certificate -----BEGIN CERTIFICATE-----
MIID/TCCAuWgAwIBAgIGAXEtkoTKMA0GCSqGSIb3DQEBCwUAMHsxGzAZBgNVBAMM
EnNjbS0xQGZ2LWF6MTk0LTkyNjEtMCsGA1UECwwkZWIyY2IwM2MtYTIwNS00MjAw
LWIwZGQtMmFjNTljOTA5OGI4MS0wKwYDVQQKDCQ0ZjM1YWU3OS03OWYwLTRlNmUt
OTg1MS0wMjM3ODFmNzFmMzUwHhcNMjMwODEwMTgzNzA1WhcNMjgwOTE3MTgzNzA1
WjCBizErMCkGA1UEAwwic2NtLXN1Yi0xNTg1NjA0MTI3MjA1QGZ2LWF6MTk0LTky
NjEtMCsGA1UECwwkZWIyY2IwM2MtYTIwNS00MjAwLWIwZGQtMmFjNTljOTA5OGI4
MS0wKwYDVQQKDCQ0ZjM1YWU3OS03OWYwLTRlNmUtOTg1MS0wMjM3ODFmNzFmMzUw
ggEiMA0GCSqGSIb3DQEBAQUAA4IBDwAwggEKAoIBAQDTtTRRiUmJX8dS0p4HzNFN
FUL08nMakPzXks/m+ehcqvt3+nuf4HBN6y5AXtTZNjyKjH9LyyBVVl/HXNEJ1j0B
4WdGtKU6FEBnVN6SXKdUk2QmnVTFdh5aEzX+TMIcXWzc2Kq9J1JCT+DZzWP42laO
Mj732t5grwDWVsuvLcLta+6jqSLnN+/P3z+0ucx5YYxVvQDNEntOPLmsA8r1eGgc
zdaMZel6uywmjgtQXWfVWOJGnoPQ0MDFJdC54+eHQedDlgvoy+9ICGb2E4AUPKXe
wno+lDrF2623TYKvUdqWRO/aBe1L0kX5RNJDn9Eupl0/mQxvI2rFPuqqF+TAoECx
AgMBAAGjdjB0MFEGA1UdEQRKMEiHBAoBAEWCQGZ2LWF6MTk0LTkyNi5tM3ZqeGt6
NHh3aXVmaTNoMHd1cmtwYTNyZy5jeC5pbnRlcm5hbC5jbG91ZGFwcC5uZXQwDwYD
VR0TAQH/BAUwAwEB/zAOBgNVHQ8BAf8EBAMCAb4wDQYJKoZIhvcNAQELBQADggEB
AHdJbcKh3nzyFRirFRei+J3yzsxvFGhT7FS1r/qHrpjjW3DgPqGHD5k0tUhSQ4fC
r0BsteWG+DiMDU1A1GAaIvYEO4+so8S4VXE6VrHo5Hfk7PSrysNdJVOtIcb3Bf2Y
iut66IMIEGorRaTbasKRnEk9T+NtS4TQTST9XZ28KFRm+AFZb4Ee/bHBSCtUYprP
N6AQusjgCDFvB+g2HpwnOuodPQoD1yzOZmKiqYGBb41UVpWqCQbZAeNclCkQiLgQ
vna+iJOQXhGs5W1uQM3LxF6bUoA8/aJkQb7TXsPIThAby9c1dwqcIgzZsh/0HRBk
cotQErtJO9lppdCy3y4fXJE=
-----END CERTIFICATE-----

-----BEGIN CERTIFICATE-----
MIID5zCCAs+gAwIBAgIBATANBgkqhkiG9w0BAQsFADB7MRswGQYDVQQDDBJzY20t
MUBmdi1hejE5NC05MjYxLTArBgNVBAsMJGViMmNiMDNjLWEyMDUtNDIwMC1iMGRk
LTJhYzU5YzkwOThiODEtMCsGA1UECgwkNGYzNWFlNzktNzlmMC00ZTZlLTk4NTEt
MDIzNzgxZjcxZjM1MB4XDTIzMDgxMDE4MzcwNVoXDTI4MDkxNzE4MzcwNVowezEb
MBkGA1UEAwwSc2NtLTFAZnYtYXoxOTQtOTI2MS0wKwYDVQQLDCRlYjJjYjAzYy1h
MjA1LTQyMDAtYjBkZC0yYWM1OWM5MDk4YjgxLTArBgNVBAoMJDRmMzVhZTc5LTc5
ZjAtNGU2ZS05ODUxLTAyMzc4MWY3MWYzNTCCASIwDQYJKoZIhvcNAQEBBQADggEP
ADCCAQoCggEBALy9GxXBoOddMOqRqmPCIVNTBcJJYJ8O9UVosCSL+bHB9pnmBFc2
P7n3iamT02cqJE+WAfWV6ZSjFLbhFcXRRRNp4ji3C0l2cDjWTAItU8CeYwQgvNfn
d2SsFiCIa5ZtnALvx8HBmkacx1SyypoG2qkbDTZqUXKl20bDLxL5kmOAeWWaEw2m
mVrSsZtereTQB9noC+fYpIIteBwz25+ECkifk7o/ZKlZffrvxUuhQhOHhtIp+Jyz
MiRX00cpAsbW24eAPwsUxiHJ0SGqw5dpTmu0Li7aRzThWIET+CHtJR9SOjMPLXQj
fOwP1avEafieAxR1jRJnHufOv6dhy4nAj+0CAwEAAaN2MHQwDwYDVR0TAQH/BAUw
AwEB/zAOBgNVHQ8BAf8EBAMCAQYwUQYDVR0RBEowSIcECgEARYJAZnYtYXoxOTQt
OTI2Lm0zdmp4a3o0eHdpdWZpM2gwd3Vya3BhM3JnLmN4LmludGVybmFsLmNsb3Vk
YXBwLm5ldDANBgkqhkiG9w0BAQsFAAOCAQEAmyVBzAv8xkshViab4G3taRPzmZbc
7VyGCVqQSgjJd+6BenV7uTu1n04K9NGjfBgyZWE/m+CmSDYvXcXnHlc7PEKlUpB9
9KkdjkJwuxpJpPd41uiiUXeX8lqk4QfGH3yc8Fp6cKrpA3XUaupewSwBKk0Lw3lR
YUwrHXXsKCFpxHaOj2h+TfR27J3MbqO6yKoNAYdwYNBgB+VANoDixFJBbAoxQ/rq
qp2v4fk/F0Pb2VJb2l+vPjOsHK1Mc8WZoDDg+JFATmpE48n+6yMu4PN11w77ONA0
y7JUHgLGLWXIb7hiEkHQhLchHeC9QeqDHgRPTUKVFqDIu81R3iYRBY6K3A==
-----END CERTIFICATE-----

2023-08-10 18:37:05,538 [Time-limited test] INFO  ha.HASecurityUtils (HASecurityUtils.java:initializeSecurity(121)) - Successfully stored SCM signed certificate.
2023-08-10 18:37:05,540 [Time-limited test] WARN  server.ServerUtils (ServerUtils.java:getScmDbDir(155)) - ozone.scm.db.dirs is not configured. We recommend adding this setting. Falling back to ozone.metadata.dirs instead.
2023-08-10 18:37:05,541 [Time-limited test] INFO  ha.SCMHANodeDetails (SCMHANodeDetails.java:loadSCMHAConfig(210)) - ServiceID for StorageContainerManager is null
2023-08-10 18:37:05,541 [Time-limited test] INFO  ha.SCMHANodeDetails (SCMHANodeDetails.java:loadSCMHAConfig(215)) - ozone.scm.default.service.id is not defined, falling back to ozone.scm.service.ids to find serviceID for StorageContainerManager if it is HA enabled cluster
2023-08-10 18:37:05,547 [pool-267-thread-1] INFO  request.KdcRequest (KdcRequest.java:preauth(651)) - The preauth data is empty.
2023-08-10 18:37:05,549 [pool-267-thread-1] INFO  server.KdcHandler (KdcHandler.java:handleRecoverableException(177)) - KRB error occurred while processing request:Additional pre-authentication required
2023-08-10 18:37:05,552 [pool-267-thread-1] INFO  request.AsRequest (AsRequest.java:issueTicket(112)) - AS_REQ ISSUE: authtime 1691692625552,scm/fv-az194-926.m3vjxkz4xwiufi3h0wurkpa3rg.cx.internal.cloudapp.net@EXAMPLE.COM for krbtgt/EXAMPLE.COM@EXAMPLE.COM
2023-08-10 18:37:05,553 [Time-limited test] INFO  security.UserGroupInformation (UserGroupInformation.java:loginUserFromKeytab(1132)) - Login successful for user scm/fv-az194-926.m3vjxkz4xwiufi3h0wurkpa3rg.cx.internal.cloudapp.net@EXAMPLE.COM using keytab file scm.keytab. Keytab auto renewal enabled : false
2023-08-10 18:37:05,554 [Time-limited test] INFO  server.StorageContainerManager (StorageContainerManager.java:loginAsSCMUserIfSecurityEnabled(1042)) - SCM login successful.
2023-08-10 18:37:05,555 [Time-limited test] INFO  client.SCMCertificateClient (DefaultCertificateClient.java:updateCertSerialId(1244)) - Certificate serial ID set to 1585607509194
2023-08-10 18:37:05,556 [Time-limited test] INFO  client.SCMCertificateClient (DefaultCertificateClient.java:readCertificateFile(237)) - Added certificate   [0]         Version: 3
         SerialNumber: 1585607509194
             IssuerDN: CN=scm-1@fv-az194-926,OU=eb2cb03c-a205-4200-b0dd-2ac59c9098b8,O=4f35ae79-79f0-4e6e-9851-023781f71f35
           Start Date: Thu Aug 10 18:37:05 UTC 2023
           Final Date: Sun Sep 17 18:37:05 UTC 2028
            SubjectDN: CN=scm-sub-1585604127205@fv-az194-926,OU=eb2cb03c-a205-4200-b0dd-2ac59c9098b8,O=4f35ae79-79f0-4e6e-9851-023781f71f35
           Public Key: RSA Public Key [d3:87:ca:4d:fe:86:36:0e:3f:f0:da:a1:54:55:fc:3d:f9:18:bf:17],[56:66:d1:a4]
        modulus: d3b534518949895fc752d29e07ccd14d1542f4f2731a90fcd792cfe6f9e85caafb77fa7b9fe0704deb2e405ed4d9363c8a8c7f4bcb2055565fc75cd109d63d01e16746b4a53a14406754de925ca7549364269d54c5761e5a1335fe4cc21c5d6cdcd8aabd2752424fe0d9cd63f8da568e323ef7dade60af00d656cbaf2dc2ed6beea3a922e737efcfdf3fb4b9cc79618c55bd00cd127b4e3cb9ac03caf578681ccdd68c65e97abb2c268e0b505d67d558e2469e83d0d0c0c525d0b9e3e78741e743960be8cbef480866f61380143ca5dec27a3e943ac5dbadb74d82af51da9644efda05ed4bd245f944d2439fd12ea65d3f990c6f236ac53eeaaa17e4c0a040b1
public exponent: 10001

  Signature Algorithm: SHA256WITHRSA
            Signature: 77496dc2a1de7cf21518ab1517a2f89df2cecc6f
                       146853ec54b5affa87ae98e35b70e03ea1870f99
                       34b548524387c2af406cb5e586f8388c0d4d40d4
                       601a22f6043b8faca3c4b855713a56b1e8e477e4
                       ecf4abcac35d2553ad21c6f705fd988aeb7ae883
                       08106a2b45a4db6ac2919c493d4fe36d4b84d04d
                       24fd5d9dbc285466f801596f811efdb1c1482b54
                       629acf37a010bac8e008316f07e8361e9c273aea
                       1d3d0a03d72cce6662a2a981816f8d545695aa09
                       06d901e35c94291088b810be76be8893905e11ac
                       e56d6e40cdcbc45e9b52803cfda26441bed35ec3
                       c84e101bcbd735770a9c220cd9b21ff41d106472
                       8b5012bb493bd969a5d0b2df2e1f5c91
       Extensions: 
                       critical(false) 2.5.29.17 value = Sequence
    Tagged [7] IMPLICIT 
        DER Octet String[4] 
    Tagged [2] IMPLICIT 
        DER Octet String[64] 

                       critical(true) BasicConstraints: isCa(true)
                       critical(true) KeyUsage: 0xbe
 from file: /tmp/junit7519050344947360267/junit1181947562306360931/scm-meta/scm/sub-ca/certs/1585607509194.crt.
2023-08-10 18:37:05,557 [Time-limited test] INFO  client.SCMCertificateClient (DefaultCertificateClient.java:readCertificateFile(237)) - Added certificate   [0]         Version: 3
         SerialNumber: 1
             IssuerDN: CN=scm-1@fv-az194-926,OU=eb2cb03c-a205-4200-b0dd-2ac59c9098b8,O=4f35ae79-79f0-4e6e-9851-023781f71f35
           Start Date: Thu Aug 10 18:37:05 UTC 2023
           Final Date: Sun Sep 17 18:37:05 UTC 2028
            SubjectDN: CN=scm-1@fv-az194-926,OU=eb2cb03c-a205-4200-b0dd-2ac59c9098b8,O=4f35ae79-79f0-4e6e-9851-023781f71f35
           Public Key: RSA Public Key [c3:1e:bf:07:46:9d:a9:d3:3f:25:70:30:67:b6:20:32:27:b1:30:ae],[56:66:d1:a4]
        modulus: bcbd1b15c1a0e75d30ea91aa63c221535305c249609f0ef54568b0248bf9b1c1f699e60457363fb9f789a993d3672a244f9601f595e994a314b6e115c5d1451369e238b70b49767038d64c022d53c09e630420bcd7e77764ac1620886b966d9c02efc7c1c19a469cc754b2ca9a06daa91b0d366a5172a5db46c32f12f992638079659a130da6995ad2b19b5eade4d007d9e80be7d8a4822d781c33db9f840a489f93ba3f64a9597dfaefc54ba142138786d229f89cb3322457d3472902c6d6db87803f0b14c621c9d121aac397694e6bb42e2eda4734e1588113f821ed251f523a330f2d74237cec0fd5abc469f89e0314758d12671ee7cebfa761cb89c08fed
public exponent: 10001

  Signature Algorithm: SHA256WITHRSA
            Signature: 9b2541cc0bfcc64b2156269be06ded6913f39996
                       dced5c86095a904a08c977ee817a757bb93bb59f
                       4e0af4d1a37c183265613f9be0a648362f5dc5e7
                       1e573b3c42a552907df4a91d8e4270bb1a49a4f7
                       78d6e8a2517797f25aa4e107c61f7c9cf05a7a70
                       aae90375d46aea5ec12c012a4d0bc37951614c2b
                       1d75ec282169c4768e8f687e4df476ec9dcc6ea3
                       bac8aa0d01877060d06007e5403680e2c452416c
                       0a3143faeaaa9dafe1f93f1743dbd9525bda5faf
                       3e33ac1cad4c73c599a030e0f891404e6a44e3c9
                       feeb232ee0f375d70efb38d034cbb2541e02c62d
                       65c86fb8621241d084b7211de0bd41ea831e044f
                       4d429516a0c8bbcd51de2611058e8adc
       Extensions: 
                       critical(true) BasicConstraints: isCa(true)
                       critical(true) KeyUsage: 0x6
                       critical(false) 2.5.29.17 value = Sequence
    Tagged [7] IMPLICIT 
        DER Octet String[4] 
    Tagged [2] IMPLICIT 
        DER Octet String[64] 

 from file: /tmp/junit7519050344947360267/junit1181947562306360931/scm-meta/scm/sub-ca/certs/CA-1.crt.
2023-08-10 18:37:05,560 [Time-limited test] INFO  client.SCMCertificateClient (DefaultCertificateClient.java:readCertificateFile(237)) - Added certificate   [0]         Version: 3
         SerialNumber: 1585607509194
             IssuerDN: CN=scm-1@fv-az194-926,OU=eb2cb03c-a205-4200-b0dd-2ac59c9098b8,O=4f35ae79-79f0-4e6e-9851-023781f71f35
           Start Date: Thu Aug 10 18:37:05 UTC 2023
           Final Date: Sun Sep 17 18:37:05 UTC 2028
            SubjectDN: CN=scm-sub-1585604127205@fv-az194-926,OU=eb2cb03c-a205-4200-b0dd-2ac59c9098b8,O=4f35ae79-79f0-4e6e-9851-023781f71f35
           Public Key: RSA Public Key [d3:87:ca:4d:fe:86:36:0e:3f:f0:da:a1:54:55:fc:3d:f9:18:bf:17],[56:66:d1:a4]
        modulus: d3b534518949895fc752d29e07ccd14d1542f4f2731a90fcd792cfe6f9e85caafb77fa7b9fe0704deb2e405ed4d9363c8a8c7f4bcb2055565fc75cd109d63d01e16746b4a53a14406754de925ca7549364269d54c5761e5a1335fe4cc21c5d6cdcd8aabd2752424fe0d9cd63f8da568e323ef7dade60af00d656cbaf2dc2ed6beea3a922e737efcfdf3fb4b9cc79618c55bd00cd127b4e3cb9ac03caf578681ccdd68c65e97abb2c268e0b505d67d558e2469e83d0d0c0c525d0b9e3e78741e743960be8cbef480866f61380143ca5dec27a3e943ac5dbadb74d82af51da9644efda05ed4bd245f944d2439fd12ea65d3f990c6f236ac53eeaaa17e4c0a040b1
public exponent: 10001

  Signature Algorithm: SHA256WITHRSA
            Signature: 77496dc2a1de7cf21518ab1517a2f89df2cecc6f
                       146853ec54b5affa87ae98e35b70e03ea1870f99
                       34b548524387c2af406cb5e586f8388c0d4d40d4
                       601a22f6043b8faca3c4b855713a56b1e8e477e4
                       ecf4abcac35d2553ad21c6f705fd988aeb7ae883
                       08106a2b45a4db6ac2919c493d4fe36d4b84d04d
                       24fd5d9dbc285466f801596f811efdb1c1482b54
                       629acf37a010bac8e008316f07e8361e9c273aea
                       1d3d0a03d72cce6662a2a981816f8d545695aa09
                       06d901e35c94291088b810be76be8893905e11ac
                       e56d6e40cdcbc45e9b52803cfda26441bed35ec3
                       c84e101bcbd735770a9c220cd9b21ff41d106472
                       8b5012bb493bd969a5d0b2df2e1f5c91
       Extensions: 
                       critical(false) 2.5.29.17 value = Sequence
    Tagged [7] IMPLICIT 
        DER Octet String[4] 
    Tagged [2] IMPLICIT 
        DER Octet String[64] 

                       critical(true) BasicConstraints: isCa(true)
                       critical(true) KeyUsage: 0xbe
 from file: /tmp/junit7519050344947360267/junit1181947562306360931/scm-meta/scm/sub-ca/certs/certificate.crt.
2023-08-10 18:37:05,560 [Time-limited test] INFO  client.SCMCertificateClient (DefaultCertificateClient.java:loadAllCertificates(191)) - CertificateRenewerService and root ca rotation polling is disabled for scm/sub-ca
2023-08-10 18:37:05,560 [Time-limited test] WARN  utils.HAUtils (HAUtils.java:getMetaDir(339)) - ozone.scm.db.dirs is not configured. We recommend adding this setting. Falling back to ozone.metadata.dirs instead.
2023-08-10 18:37:05,561 [Time-limited test] WARN  db.DBStoreBuilder (DBStoreBuilder.java:applyDBDefinition(166)) - ozone.scm.db.dirs is not configured. We recommend adding this setting. Falling back to ozone.metadata.dirs instead.
2023-08-10 18:37:05,739 [Time-limited test] INFO  net.NodeSchemaLoader (NodeSchemaLoader.java:loadSchemaFromFile(129)) - Loading schema from [jar:file:/home/runner/.m2/repository/org/apache/ozone/hdds-common/1.4.0-SNAPSHOT/hdds-common-1.4.0-SNAPSHOT.jar!/network-topology-default.xml]
2023-08-10 18:37:05,739 [Time-limited test] INFO  net.NodeSchemaLoader (NodeSchemaLoader.java:loadSchema(176)) - Loading network topology layer schema file
2023-08-10 18:37:05,741 [Time-limited test] INFO  upgrade.AbstractLayoutVersionManager (AbstractLayoutVersionManager.java:init(83)) - Initializing Layout version manager with metadata layout = HADOOP_PRC_PORTS_IN_DATANODEDETAILS (version = 7), software layout = HADOOP_PRC_PORTS_IN_DATANODEDETAILS (version = 7)
2023-08-10 18:37:05,743 [Time-limited test] INFO  ha.SequenceIdGenerator (SequenceIdGenerator.java:upgradeToSequenceId(365)) - upgrade localId to 111677748019200000
2023-08-10 18:37:05,744 [Time-limited test] INFO  ha.SequenceIdGenerator (SequenceIdGenerator.java:upgradeToSequenceId(375)) - upgrade delTxnId to 0
2023-08-10 18:37:05,744 [Time-limited test] INFO  ha.SequenceIdGenerator (SequenceIdGenerator.java:upgradeToSequenceId(392)) - upgrade containerId to 0
2023-08-10 18:37:05,745 [Time-limited test] INFO  ha.SequenceIdGenerator (SequenceIdGenerator.java:upgradeToSequenceId(428)) - upgrade rootCertificateId to 1
2023-08-10 18:37:05,745 [Time-limited test] INFO  ha.SequenceIdGenerator (SequenceIdGenerator.java:<init>(236)) - Init the HA SequenceIdGenerator.
2023-08-10 18:37:05,745 [Time-limited test] INFO  node.SCMNodeManager (SCMNodeManager.java:<init>(157)) - Entering startup safe mode.
2023-08-10 18:37:05,746 [Time-limited test] INFO  algorithms.ContainerPlacementPolicyFactory (ContainerPlacementPolicyFactory.java:getPolicyInternal(86)) - Create container placement policy of type org.apache.hadoop.hdds.scm.container.placement.algorithms.SCMContainerPlacementRackAware
2023-08-10 18:37:05,746 [Time-limited test] INFO  algorithms.ContainerPlacementPolicyFactory (ContainerPlacementPolicyFactory.java:getPolicyInternal(86)) - Create container placement policy of type org.apache.hadoop.hdds.scm.container.placement.algorithms.SCMContainerPlacementRackScatter
2023-08-10 18:37:05,746 [Time-limited test] INFO  pipeline.PipelineStateManagerImpl (PipelineStateManagerImpl.java:initialize(78)) - No pipeline exists in current db
2023-08-10 18:37:05,746 [Time-limited test] INFO  algorithms.LeaderChoosePolicyFactory (LeaderChoosePolicyFactory.java:getPolicy(57)) - Create leader choose policy of type org.apache.hadoop.hdds.scm.pipeline.leader.choose.algorithms.MinLeaderCountChoosePolicy
2023-08-10 18:37:05,746 [Time-limited test] INFO  algorithms.ContainerPlacementPolicyFactory (ContainerPlacementPolicyFactory.java:getPolicyInternal(86)) - Create container placement policy of type org.apache.hadoop.hdds.scm.container.placement.algorithms.SCMContainerPlacementRackScatter
2023-08-10 18:37:05,746 [Time-limited test] INFO  ha.SCMServiceManager (SCMServiceManager.java:register(42)) - Registering service BackgroundPipelineCreator.
2023-08-10 18:37:05,746 [Time-limited test] INFO  pipeline.BackgroundPipelineCreator (BackgroundPipelineCreator.java:start(124)) - Starting RatisPipelineUtilsThread.
2023-08-10 18:37:05,748 [Time-limited test] INFO  BackgroundPipelineScrubber (BackgroundSCMService.java:start(68)) - Starting BackgroundPipelineScrubber Service.
2023-08-10 18:37:05,748 [Time-limited test] INFO  ha.SCMServiceManager (SCMServiceManager.java:register(42)) - Registering service BackgroundPipelineScrubber.
2023-08-10 18:37:05,748 [Time-limited test] INFO  ExpiredContainerReplicaOpScrubber (BackgroundSCMService.java:start(68)) - Starting ExpiredContainerReplicaOpScrubber Service.
2023-08-10 18:37:05,748 [Time-limited test] INFO  ha.SCMServiceManager (SCMServiceManager.java:register(42)) - Registering service ExpiredContainerReplicaOpScrubber.
2023-08-10 18:37:05,749 [Time-limited test] INFO  algorithms.PipelineChoosePolicyFactory (PipelineChoosePolicyFactory.java:createPipelineChoosePolicyFromClass(78)) - Create pipeline choose policy of type org.apache.hadoop.hdds.scm.pipeline.choose.algorithms.RandomPipelineChoosePolicy
2023-08-10 18:37:05,749 [Time-limited test] INFO  algorithms.PipelineChoosePolicyFactory (PipelineChoosePolicyFactory.java:createPipelineChoosePolicyFromClass(78)) - Create pipeline choose policy of type org.apache.hadoop.hdds.scm.pipeline.choose.algorithms.RandomPipelineChoosePolicy
2023-08-10 18:37:05,749 [Time-limited test] WARN  util.MBeans (MBeans.java:register(111)) - Failed to register MBean "Hadoop:service=BlockManager,name=BlockManagerImpl-3"
javax.management.NotCompliantMBeanException: MBean class org.apache.hadoop.hdds.scm.block.BlockManagerImpl does not implement DynamicMBean, and neither follows the Standard MBean conventions (javax.management.NotCompliantMBeanException: Class org.apache.hadoop.hdds.scm.block.BlockManagerImpl is not a JMX compliant Standard MBean) nor the MXBean conventions (javax.management.NotCompliantMBeanException: org.apache.hadoop.hdds.scm.block.BlockManagerImpl: Class org.apache.hadoop.hdds.scm.block.BlockManagerImpl is not a JMX compliant MXBean)
	at com.sun.jmx.mbeanserver.Introspector.checkCompliance(Introspector.java:176)
	at com.sun.jmx.interceptor.DefaultMBeanServerInterceptor.registerMBean(DefaultMBeanServerInterceptor.java:317)
	at com.sun.jmx.mbeanserver.JmxMBeanServer.registerMBean(JmxMBeanServer.java:522)
	at org.apache.hadoop.metrics2.util.MBeans.register(MBeans.java:100)
	at org.apache.hadoop.metrics2.util.MBeans.register(MBeans.java:73)
	at org.apache.hadoop.hdds.scm.block.BlockManagerImpl.<init>(BlockManagerImpl.java:94)
	at org.apache.hadoop.hdds.scm.server.StorageContainerManager.initializeSystemManagers(StorageContainerManager.java:787)
	at org.apache.hadoop.hdds.scm.server.StorageContainerManager.<init>(StorageContainerManager.java:401)
	at org.apache.hadoop.hdds.scm.server.StorageContainerManager.createSCM(StorageContainerManager.java:598)
	at org.apache.hadoop.hdds.scm.HddsTestUtils.getScmSimple(HddsTestUtils.java:604)
	at org.apache.hadoop.hdds.scm.HddsTestUtils.getScmSimple(HddsTestUtils.java:589)
	at org.apache.hadoop.ozone.TestSecureOzoneCluster.testSecureOmInitializationSuccess(TestSecureOzoneCluster.java:540)
	at sun.reflect.NativeMethodAccessorImpl.invoke0(Native Method)
	at sun.reflect.NativeMethodAccessorImpl.invoke(NativeMethodAccessorImpl.java:62)
	at sun.reflect.DelegatingMethodAccessorImpl.invoke(DelegatingMethodAccessorImpl.java:43)
	at java.lang.reflect.Method.invoke(Method.java:498)
	at org.junit.runners.model.FrameworkMethod$1.runReflectiveCall(FrameworkMethod.java:59)
	at org.junit.internal.runners.model.ReflectiveCallable.run(ReflectiveCallable.java:12)
	at org.junit.runners.model.FrameworkMethod.invokeExplosively(FrameworkMethod.java:56)
	at org.junit.internal.runners.statements.InvokeMethod.evaluate(InvokeMethod.java:17)
	at org.junit.internal.runners.statements.RunBefores.evaluate(RunBefores.java:26)
	at org.junit.internal.runners.statements.RunAfters.evaluate(RunAfters.java:27)
	at org.junit.rules.ExternalResource$1.evaluate(ExternalResource.java:54)
	at org.junit.internal.runners.statements.FailOnTimeout$CallableStatement.call(FailOnTimeout.java:288)
	at org.junit.internal.runners.statements.FailOnTimeout$CallableStatement.call(FailOnTimeout.java:282)
	at java.util.concurrent.FutureTask.run(FutureTask.java:266)
	at java.lang.Thread.run(Thread.java:750)
2023-08-10 18:37:05,750 [Time-limited test] INFO  ha.SCMServiceManager (SCMServiceManager.java:register(42)) - Registering service SCMBlockDeletingService.
2023-08-10 18:37:05,750 [Time-limited test] INFO  replication.ReplicationManager (ReplicationManager.java:start(287)) - Starting Replication Monitor Thread.
2023-08-10 18:37:05,751 [Time-limited test] INFO  ha.SCMServiceManager (SCMServiceManager.java:register(42)) - Registering service ReplicationManager.
2023-08-10 18:37:05,751 [ReplicationMonitor] INFO  replication.ReplicationManager (ReplicationManager.java:processAll(361)) - Replication Manager is not ready to run until 300000ms after safemode exit
2023-08-10 18:37:05,752 [Time-limited test] INFO  safemode.ContainerSafeModeRule (ContainerSafeModeRule.java:<init>(89)) - containers with one replica threshold count 0
2023-08-10 18:37:05,752 [Time-limited test] INFO  safemode.HealthyPipelineSafeModeRule (HealthyPipelineSafeModeRule.java:initializeRule(169)) - Total pipeline count is 0, healthy pipeline threshold count is 0
2023-08-10 18:37:05,752 [Time-limited test] INFO  safemode.OneReplicaPipelineSafeModeRule (OneReplicaPipelineSafeModeRule.java:initializeRule(180)) - Total pipeline count is 0, pipeline's with at least one datanode reported threshold count is 0
2023-08-10 18:37:05,755 [Time-limited test] INFO  authority.DefaultCAServer (DefaultCAServer.java:lambda$processVerificationStatus$0(472)) - CertificateServer validation is successful
2023-08-10 18:37:05,756 [Time-limited test] INFO  authority.DefaultCAServer (DefaultCAServer.java:lambda$processVerificationStatus$0(472)) - CertificateServer validation is successful
2023-08-10 18:37:05,756 [Time-limited test] INFO  server.StorageContainerManager (StorageContainerManager.java:persistPrimarySCMCerts(932)) - Storing sub-ca certificate serialId 1585607509194 on primary SCM
2023-08-10 18:37:05,757 [Time-limited test] INFO  server.SCMCertStore (SCMCertStore.java:storeValidScmCertificate(122)) - Scm certificate 1585607509194 for CN=scm-sub-1585604127205@fv-az194-926,OU=eb2cb03c-a205-4200-b0dd-2ac59c9098b8,O=4f35ae79-79f0-4e6e-9851-023781f71f35 is stored
2023-08-10 18:37:05,757 [Time-limited test] INFO  server.StorageContainerManager (StorageContainerManager.java:persistPrimarySCMCerts(940)) - Storing root certificate serialId 1
2023-08-10 18:37:05,758 [Time-limited test] INFO  server.SCMCertStore (SCMCertStore.java:storeValidScmCertificate(122)) - Scm certificate 1 for CN=scm-1@fv-az194-926,OU=eb2cb03c-a205-4200-b0dd-2ac59c9098b8,O=4f35ae79-79f0-4e6e-9851-023781f71f35 is stored
2023-08-10 18:37:05,758 [Time-limited test] INFO  ipc.CallQueueManager (CallQueueManager.java:<init>(90)) - Using callQueue: class java.util.concurrent.LinkedBlockingQueue, queueCapacity: 200, scheduler: class org.apache.hadoop.ipc.DefaultRpcScheduler, ipcBackoff: false.
2023-08-10 18:37:05,758 [Time-limited test] INFO  ipc.Server (Server.java:<init>(1287)) - Listener at 0.0.0.0:9961
2023-08-10 18:37:05,758 [Socket Reader #1 for port 9961] INFO  ipc.Server (Server.java:run(1323)) - Starting Socket Reader #1 for port 9961
2023-08-10 18:37:05,759 [Time-limited test] INFO  server.StorageContainerManager (StorageContainerManager.java:<init>(425)) - SCM start with adminUsers: [om/fv-az194-926.m3vjxkz4xwiufi3h0wurkpa3rg.cx.internal.cloudapp.net@EXAMPLE.COM, scm]
2023-08-10 18:37:05,759 [Time-limited test] INFO  ipc.CallQueueManager (CallQueueManager.java:<init>(90)) - Using callQueue: class java.util.concurrent.LinkedBlockingQueue, queueCapacity: 10000, scheduler: class org.apache.hadoop.ipc.DefaultRpcScheduler, ipcBackoff: false.
2023-08-10 18:37:05,760 [Time-limited test] INFO  ipc.Server (Server.java:<init>(1287)) - Listener at 0.0.0.0:9861
2023-08-10 18:37:05,760 [Socket Reader #1 for port 9861] INFO  ipc.Server (Server.java:run(1323)) - Starting Socket Reader #1 for port 9861
2023-08-10 18:37:05,761 [Time-limited test] INFO  ipc.CallQueueManager (CallQueueManager.java:<init>(90)) - Using callQueue: class java.util.concurrent.LinkedBlockingQueue, queueCapacity: 10000, scheduler: class org.apache.hadoop.ipc.DefaultRpcScheduler, ipcBackoff: false.
2023-08-10 18:37:05,761 [Time-limited test] INFO  ipc.Server (Server.java:<init>(1287)) - Listener at 0.0.0.0:9863
2023-08-10 18:37:05,761 [Socket Reader #1 for port 9863] INFO  ipc.Server (Server.java:run(1323)) - Starting Socket Reader #1 for port 9863
2023-08-10 18:37:05,762 [Time-limited test] INFO  ipc.CallQueueManager (CallQueueManager.java:<init>(90)) - Using callQueue: class java.util.concurrent.LinkedBlockingQueue, queueCapacity: 10000, scheduler: class org.apache.hadoop.ipc.DefaultRpcScheduler, ipcBackoff: false.
2023-08-10 18:37:05,762 [Time-limited test] INFO  ipc.Server (Server.java:<init>(1287)) - Listener at 0.0.0.0:9860
2023-08-10 18:37:05,766 [Socket Reader #1 for port 9860] INFO  ipc.Server (Server.java:run(1323)) - Starting Socket Reader #1 for port 9860
2023-08-10 18:37:05,788 [Time-limited test] INFO  ha.SCMServiceManager (SCMServiceManager.java:register(42)) - Registering service ContainerBalancer.
2023-08-10 18:37:05,788 [Time-limited test] INFO  server.StorageContainerManager (StorageContainerManager.java:<init>(438)) - 
Container Balancer status:
Key                            Value
Running                        false
Container Balancer Configuration values:
Key                                                Value
Threshold                                          10
Max Datanodes to Involve per Iteration(percent)    20
Max Size to Move per Iteration                     500GB
Max Size Entering Target per Iteration             26GB
Max Size Leaving Source per Iteration              26GB

2023-08-10 18:37:05,788 [Time-limited test] INFO  ha.SCMContext (SCMContext.java:updateSafeModeStatus(228)) - Update SafeModeStatus from SafeModeStatus{safeModeStatus=true, preCheckPassed=false} to SafeModeStatus{safeModeStatus=true, preCheckPassed=false}.
2023-08-10 18:37:05,789 [Time-limited test] WARN  server.ServerUtils (ServerUtils.java:getDBPath(311)) - ozone.om.db.dirs is not configured. We recommend adding this setting. Falling back to ozone.metadata.dirs instead.
2023-08-10 18:37:05,790 [Time-limited test] INFO  ha.OMHANodeDetails (OMHANodeDetails.java:loadOMHAConfig(115)) - ozone.om.internal.service.id is not defined, falling back to ozone.om.service.ids to find serviceID for OzoneManager if it is HA enabled cluster
2023-08-10 18:37:05,790 [Time-limited test] INFO  ha.OMHANodeDetails (OMHANodeDetails.java:loadOMHAConfig(226)) - Configuration does not have ozone.om.address set. Falling back to the default OM address fv-az194-926.m3vjxkz4xwiufi3h0wurkpa3rg.cx.internal.cloudapp.net/10.1.0.69:1202
2023-08-10 18:37:05,790 [Time-limited test] INFO  ha.OMHANodeDetails (OMHANodeDetails.java:getOMNodeDetailsForNonHA(254)) - OM Service ID is not set. Setting it to the default ID: omServiceIdDefault
2023-08-10 18:37:05,790 [Time-limited test] INFO  ha.OMHANodeDetails (OMHANodeDetails.java:getOMNodeDetailsForNonHA(261)) - OM Node ID is not set. Setting it to the default ID: om1
2023-08-10 18:37:05,791 [Time-limited test] WARN  server.ServerUtils (ServerUtils.java:getDBPath(311)) - ozone.om.db.dirs is not configured. We recommend adding this setting. Falling back to ozone.metadata.dirs instead.
2023-08-10 18:37:05,791 [Time-limited test] INFO  upgrade.AbstractLayoutVersionManager (AbstractLayoutVersionManager.java:init(83)) - Initializing Layout version manager with metadata layout = QUOTA (version = 6), software layout = QUOTA (version = 6)
2023-08-10 18:37:05,872 [Time-limited test] INFO  reflections.Reflections (Reflections.java:scan(232)) - Reflections took 80 ms to scan 2 urls, producing 188 keys and 512 values [using 2 cores]
2023-08-10 18:37:05,872 [Time-limited test] INFO  upgrade.OMLayoutVersionManager (OMLayoutVersionManager.java:lambda$0(115)) - Skipping Upgrade Action MockOmUpgradeAction since it has been finalized.
2023-08-10 18:37:05,873 [Time-limited test] INFO  upgrade.OMLayoutVersionManager (OMLayoutVersionManager.java:lambda$0(115)) - Skipping Upgrade Action QuotaRepairUpgradeAction since it has been finalized.
2023-08-10 18:37:05,875 [pool-267-thread-1] INFO  request.KdcRequest (KdcRequest.java:preauth(651)) - The preauth data is empty.
2023-08-10 18:37:05,876 [pool-267-thread-1] INFO  server.KdcHandler (KdcHandler.java:handleRecoverableException(177)) - KRB error occurred while processing request:Additional pre-authentication required
2023-08-10 18:37:05,879 [pool-267-thread-1] INFO  request.AsRequest (AsRequest.java:issueTicket(112)) - AS_REQ ISSUE: authtime 1691692625879,om/fv-az194-926.m3vjxkz4xwiufi3h0wurkpa3rg.cx.internal.cloudapp.net@EXAMPLE.COM for krbtgt/EXAMPLE.COM@EXAMPLE.COM
2023-08-10 18:37:05,880 [Time-limited test] INFO  security.UserGroupInformation (UserGroupInformation.java:loginUserFromKeytab(1132)) - Login successful for user om/fv-az194-926.m3vjxkz4xwiufi3h0wurkpa3rg.cx.internal.cloudapp.net@EXAMPLE.COM using keytab file om.keytab. Keytab auto renewal enabled : false
2023-08-10 18:37:05,880 [Time-limited test] INFO  om.OzoneManager (OzoneManager.java:loginOMUser(1161)) - Ozone Manager login successful.
2023-08-10 18:37:05,881 [Time-limited test] WARN  server.ServerUtils (ServerUtils.java:getDBPath(311)) - ozone.om.db.dirs is not configured. We recommend adding this setting. Falling back to ozone.metadata.dirs instead.
2023-08-10 18:37:05,882 [Time-limited test] INFO  proxy.SCMBlockLocationFailoverProxyProvider (SCMBlockLocationFailoverProxyProvider.java:<init>(114)) - Created block location fail-over proxy with 1 nodes: [nodeId=scmNodeId,nodeAddress=/0.0.0.0:9863]
2023-08-10 18:37:05,885 [Time-limited test] INFO  om.OzoneManager (OzoneManager.java:getOmDetailsProto(4555)) - OzoneManager ports added:[name: "RPC"
value: 1202
]
2023-08-10 18:37:05,887 [Time-limited test] INFO  security.OMCertificateClient (DefaultCertificateClient.java:updateCertSerialId(1244)) - Certificate serial ID set to 9879877970576
2023-08-10 18:37:05,887 [Time-limited test] WARN  security.OMCertificateClient (DefaultCertificateClient.java:loadAllCertificates(173)) - Certificates could not be loaded.
java.nio.file.NoSuchFileException: /tmp/junit7519050344947360267/junit1181947562306360931/scm-meta/om/certs
	at sun.nio.fs.UnixException.translateToIOException(UnixException.java:86)
	at sun.nio.fs.UnixException.rethrowAsIOException(UnixException.java:102)
	at sun.nio.fs.UnixException.rethrowAsIOException(UnixException.java:107)
	at sun.nio.fs.UnixFileSystemProvider.newDirectoryStream(UnixFileSystemProvider.java:427)
	at java.nio.file.Files.newDirectoryStream(Files.java:457)
	at java.nio.file.Files.list(Files.java:3451)
	at org.apache.hadoop.hdds.security.x509.certificate.client.DefaultCertificateClient.loadAllCertificates(DefaultCertificateClient.java:168)
	at org.apache.hadoop.hdds.security.x509.certificate.client.DefaultCertificateClient.updateCertSerialId(DefaultCertificateClient.java:1245)
	at org.apache.hadoop.hdds.security.x509.certificate.client.DefaultCertificateClient.<init>(DefaultCertificateClient.java:157)
	at org.apache.hadoop.hdds.security.x509.certificate.client.CommonCertificateClient.<init>(CommonCertificateClient.java:49)
	at org.apache.hadoop.ozone.security.OMCertificateClient.<init>(OMCertificateClient.java:68)
	at org.apache.hadoop.ozone.om.OzoneManager.<init>(OzoneManager.java:640)
	at org.apache.hadoop.ozone.om.OzoneManager.createOm(OzoneManager.java:754)
	at org.apache.hadoop.ozone.TestSecureOzoneCluster.setupOm(TestSecureOzoneCluster.java:701)
	at org.apache.hadoop.ozone.TestSecureOzoneCluster.testSecureOmInitializationSuccess(TestSecureOzoneCluster.java:544)
	at sun.reflect.NativeMethodAccessorImpl.invoke0(Native Method)
	at sun.reflect.NativeMethodAccessorImpl.invoke(NativeMethodAccessorImpl.java:62)
	at sun.reflect.DelegatingMethodAccessorImpl.invoke(DelegatingMethodAccessorImpl.java:43)
	at java.lang.reflect.Method.invoke(Method.java:498)
	at org.junit.runners.model.FrameworkMethod$1.runReflectiveCall(FrameworkMethod.java:59)
	at org.junit.internal.runners.model.ReflectiveCallable.run(ReflectiveCallable.java:12)
	at org.junit.runners.model.FrameworkMethod.invokeExplosively(FrameworkMethod.java:56)
	at org.junit.internal.runners.statements.InvokeMethod.evaluate(InvokeMethod.java:17)
	at org.junit.internal.runners.statements.RunBefores.evaluate(RunBefores.java:26)
	at org.junit.internal.runners.statements.RunAfters.evaluate(RunAfters.java:27)
	at org.junit.rules.ExternalResource$1.evaluate(ExternalResource.java:54)
	at org.junit.internal.runners.statements.FailOnTimeout$CallableStatement.call(FailOnTimeout.java:288)
	at org.junit.internal.runners.statements.FailOnTimeout$CallableStatement.call(FailOnTimeout.java:282)
	at java.util.concurrent.FutureTask.run(FutureTask.java:266)
	at java.lang.Thread.run(Thread.java:750)
2023-08-10 18:37:05,894 [Time-limited test] INFO  om.OzoneManager (OzoneManager.java:<init>(662)) - OM start with adminUsers: [om/fv-az194-926.m3vjxkz4xwiufi3h0wurkpa3rg.cx.internal.cloudapp.net@EXAMPLE.COM, om]
2023-08-10 18:37:05,895 [Time-limited test] WARN  server.ServerUtils (ServerUtils.java:getDBPath(311)) - ozone.om.db.dirs is not configured. We recommend adding this setting. Falling back to ozone.metadata.dirs instead.
2023-08-10 18:37:05,896 [Time-limited test] INFO  helpers.OmKeyInfo (OmKeyInfo.java:getCodec(71)) - OmKeyInfo.getCodec ignorePipeline = true
2023-08-10 18:37:06,057 [Time-limited test] INFO  om.OzoneManager (OzoneManager.java:instantiateServices(791)) - S3 Multi-Tenancy is disabled
2023-08-10 18:37:06,057 [Time-limited test] INFO  security.OzoneSecretStore (OzoneSecretStore.java:loadState(69)) - Loaded 0 tokens
2023-08-10 18:37:06,057 [Time-limited test] INFO  security.OzoneDelegationTokenSecretManager (OzoneDelegationTokenSecretManager.java:loadTokenSecretState(530)) - Loading token state into token manager.
2023-08-10 18:37:06,057 [Time-limited test] INFO  om.OmSnapshotManager (OmSnapshotManager.java:<init>(175)) - Ozone filesystem snapshot feature is enabled.
2023-08-10 18:37:06,058 [Time-limited test] WARN  server.ServerUtils (ServerUtils.java:getDBPath(311)) - ozone.om.snapshot.diff.db.dir is not configured. We recommend adding this setting. Falling back to ozone.metadata.dirs instead.
2023-08-10 18:37:06,073 [Time-limited test] INFO  snapshot.SnapshotDiffManager (SnapshotDiffManager.java:closeExecutorService(1720)) - Shutting down executorService: 'SstDumpToolExecutor'
2023-08-10 18:37:06,076 [Time-limited test] INFO  om.OzoneManager (OzoneManager.java:addS3GVolumeToDB(4287)) - Created Volume s3v With Owner om required for S3Gateway operations.
2023-08-10 18:37:06,076 [Time-limited test] WARN  server.ServerUtils (ServerUtils.java:getDefaultRatisDirectory(323)) - Storage directory for Ratis is not configured. It is a good idea to map this to an SSD disk. Falling back to ozone.metadata.dirs
2023-08-10 18:37:06,076 [Time-limited test] WARN  utils.OzoneManagerRatisUtils (OzoneManagerRatisUtils.java:getOMRatisSnapshotDirectory(461)) - ozone.om.ratis.snapshot.dir is not configured. Falling back to ozone.metadata.dirs config
2023-08-10 18:37:06,077 [Time-limited test] WARN  server.ServerUtils (ServerUtils.java:getDefaultRatisDirectory(323)) - Storage directory for Ratis is not configured. It is a good idea to map this to an SSD disk. Falling back to ozone.metadata.dirs
2023-08-10 18:37:06,078 [Time-limited test] INFO  ratis.OzoneManagerRatisServer (OzoneManagerRatisServer.java:<init>(163)) - Instantiating OM Ratis server with groupID: omServiceIdDefault and peers: fv-az194-926.m3vjxkz4xwiufi3h0wurkpa3rg.cx.internal.cloudapp.net:9872
2023-08-10 18:37:06,078 [Time-limited test] INFO  ratis.OzoneManagerStateMachine (OzoneManagerStateMachine.java:loadSnapshotInfoFromDB(687)) - LastAppliedIndex is set from TransactionInfo from OM DB as (t:0, i:~)
2023-08-10 18:37:06,080 [Time-limited test] INFO  server.RaftServer (ConfUtils.java:logGet(46)) - raft.rpc.type = GRPC (default)
2023-08-10 18:37:06,080 [Time-limited test] INFO  grpc.GrpcConfigKeys (ConfUtils.java:logFallback(53)) - raft.grpc.admin.host = null (fallback to raft.grpc.server.host)
2023-08-10 18:37:06,080 [Time-limited test] INFO  grpc.GrpcConfigKeys (ConfUtils.java:logFallback(53)) - raft.grpc.admin.port = 9872 (fallback to raft.grpc.server.port)
2023-08-10 18:37:06,080 [Time-limited test] INFO  grpc.GrpcConfigKeys (ConfUtils.java:logFallback(53)) - raft.grpc.client.host = null (fallback to raft.grpc.server.host)
2023-08-10 18:37:06,080 [Time-limited test] INFO  grpc.GrpcConfigKeys (ConfUtils.java:logFallback(53)) - raft.grpc.client.port = 9872 (fallback to raft.grpc.server.port)
2023-08-10 18:37:06,080 [Time-limited test] INFO  grpc.GrpcConfigKeys (ConfUtils.java:logGet(46)) - raft.grpc.server.host = null (default)
2023-08-10 18:37:06,080 [Time-limited test] INFO  grpc.GrpcConfigKeys (ConfUtils.java:logGet(46)) - raft.grpc.server.port = 9872 (custom)
2023-08-10 18:37:06,080 [Time-limited test] INFO  server.GrpcService (ConfUtils.java:logGet(46)) - raft.grpc.message.size.max = 33554432 (custom)
2023-08-10 18:37:06,080 [Time-limited test] INFO  server.RaftServerConfigKeys (ConfUtils.java:logGet(46)) - raft.server.log.appender.buffer.byte-limit = 33554432 (custom)
2023-08-10 18:37:06,080 [Time-limited test] INFO  server.GrpcService (ConfUtils.java:logGet(46)) - raft.grpc.flow.control.window = 1MB (=1048576) (default)
2023-08-10 18:37:06,081 [Time-limited test] INFO  server.RaftServerConfigKeys (ConfUtils.java:logGet(46)) - raft.server.rpc.request.timeout = 3000ms (default)
2023-08-10 18:37:06,081 [Time-limited test] INFO  grpc.GrpcConfigKeys (ConfUtils.java:logGet(46)) - raft.grpc.server.heartbeat.channel = true (default)
2023-08-10 18:37:06,081 [Time-limited test] INFO  grpc.GrpcConfigKeys (ConfUtils.java:logGet(46)) - raft.grpc.server.async.request.thread.pool.cached = true (default)
2023-08-10 18:37:06,081 [Time-limited test] INFO  grpc.GrpcConfigKeys (ConfUtils.java:logGet(46)) - raft.grpc.server.async.request.thread.pool.size = 32 (default)
2023-08-10 18:37:06,082 [Time-limited test] INFO  impl.DataStreamServerImpl (ConfUtils.java:logGet(46)) - raft.datastream.type = DISABLED (default)
2023-08-10 18:37:06,082 [Time-limited test] INFO  server.RaftServerConfigKeys (ConfUtils.java:logGet(46)) - raft.server.threadpool.proxy.cached = true (default)
2023-08-10 18:37:06,082 [Time-limited test] INFO  server.RaftServerConfigKeys (ConfUtils.java:logGet(46)) - raft.server.threadpool.proxy.size = 0 (default)
2023-08-10 18:37:06,082 [Time-limited test] INFO  server.RaftServerConfigKeys (ConfUtils.java:logGet(46)) - raft.server.rpc.slowness.timeout = 120s (custom)
2023-08-10 18:37:06,082 [Time-limited test] INFO  server.RaftServerConfigKeys (ConfUtils.java:logGet(46)) - raft.server.leaderelection.leader.step-down.wait-time = 10s (default)
2023-08-10 18:37:06,082 [Time-limited test] INFO  server.RaftServerConfigKeys (ConfUtils.java:logGet(46)) - raft.server.storage.dir = [/tmp/junit7519050344947360267/junit1181947562306360931/scm-meta/ratis] (custom)
2023-08-10 18:37:06,083 [Time-limited test] INFO  server.RaftServer (RaftServerProxy.java:addNew(98)) - om1: addNew group-C5BA1605619E:[om1|rpc:fv-az194-926.m3vjxkz4xwiufi3h0wurkpa3rg.cx.internal.cloudapp.net:9872|priority:0|startupRole:FOLLOWER] returns group-C5BA1605619E:java.util.concurrent.CompletableFuture@49740cef[Not completed]
2023-08-10 18:37:06,083 [Time-limited test] INFO  om.OzoneManager (OzoneManager.java:initializeRatisServer(2128)) - OzoneManager Ratis server initialized at port 9872
2023-08-10 18:37:06,083 [Time-limited test] INFO  om.OzoneManager (OzoneManager.java:getRpcServer(1193)) - Creating RPC Server
2023-08-10 18:37:06,085 [om1-groupManagement] INFO  server.RaftServer$Division (RaftServerImpl.java:<init>(198)) - om1: new RaftServerImpl for group-C5BA1605619E:[om1|rpc:fv-az194-926.m3vjxkz4xwiufi3h0wurkpa3rg.cx.internal.cloudapp.net:9872|priority:0|startupRole:FOLLOWER] with OzoneManagerStateMachine:uninitialized
2023-08-10 18:37:06,085 [om1-groupManagement] INFO  server.RaftServerConfigKeys (ConfUtils.java:logGet(46)) - raft.server.rpc.timeout.min = 5s (custom)
2023-08-10 18:37:06,085 [om1-groupManagement] INFO  server.RaftServerConfigKeys (ConfUtils.java:logGet(46)) - raft.server.rpc.timeout.max = 5200ms (custom)
2023-08-10 18:37:06,085 [om1-groupManagement] INFO  server.RaftServerConfigKeys (ConfUtils.java:logGet(46)) - raft.server.rpc.sleep.time = 25ms (default)
2023-08-10 18:37:06,085 [om1-groupManagement] INFO  server.RaftServerConfigKeys (ConfUtils.java:logGet(46)) - raft.server.rpc.slowness.timeout = 120s (custom)
2023-08-10 18:37:06,086 [om1-groupManagement] INFO  server.RaftServerConfigKeys (ConfUtils.java:logGet(46)) - raft.server.leaderelection.leader.step-down.wait-time = 10s (default)
2023-08-10 18:37:06,086 [om1-groupManagement] INFO  server.RaftServerConfigKeys (ConfUtils.java:logGet(46)) - raft.server.sleep.deviation.threshold = 300ms (default)
2023-08-10 18:37:06,086 [om1-groupManagement] INFO  server.RaftServer$Division (ServerState.java:<init>(120)) - om1@group-C5BA1605619E: ConfigurationManager, init=-1: peers:[om1|rpc:fv-az194-926.m3vjxkz4xwiufi3h0wurkpa3rg.cx.internal.cloudapp.net:9872|priority:0|startupRole:FOLLOWER]|listeners:[], old=null, confs=<EMPTY_MAP>
2023-08-10 18:37:06,086 [om1-groupManagement] INFO  server.RaftServerConfigKeys (ConfUtils.java:logGet(46)) - raft.server.storage.dir = [/tmp/junit7519050344947360267/junit1181947562306360931/scm-meta/ratis] (custom)
2023-08-10 18:37:06,086 [om1-groupManagement] INFO  server.RaftServerConfigKeys (ConfUtils.java:logGet(46)) - raft.server.log.corruption.policy = EXCEPTION (default)
2023-08-10 18:37:06,086 [om1-groupManagement] INFO  server.RaftServerConfigKeys (ConfUtils.java:logGet(46)) - raft.server.storage.free-space.min = 0MB (=0) (default)
2023-08-10 18:37:06,086 [om1-groupManagement] INFO  server.RaftServerConfigKeys (ConfUtils.java:logGet(46)) - raft.server.notification.no-leader.timeout = 120s (custom)
2023-08-10 18:37:06,086 [om1-groupManagement] INFO  server.RaftServerConfigKeys (ConfUtils.java:logGet(46)) - raft.server.read.timeout = 10s (default)
2023-08-10 18:37:06,086 [om1-groupManagement] INFO  server.RaftServerConfigKeys (ConfUtils.java:logGet(46)) - raft.server.retrycache.expirytime = 300s (custom)
2023-08-10 18:37:06,086 [om1-groupManagement] INFO  server.RaftServerConfigKeys (ConfUtils.java:logGet(46)) - raft.server.retrycache.statistics.expirytime = 100μs (default)
2023-08-10 18:37:06,086 [om1-groupManagement] INFO  server.RaftServerConfigKeys (ConfUtils.java:logGet(46)) - raft.server.read.option = DEFAULT (default)
2023-08-10 18:37:06,088 [om1-groupManagement] INFO  server.RaftServerConfigKeys (ConfUtils.java:logGet(46)) - raft.server.rpc.request.timeout = 3000ms (default)
2023-08-10 18:37:06,088 [om1-groupManagement] INFO  server.RaftServerConfigKeys (ConfUtils.java:logGet(46)) - raft.server.log.appender.install.snapshot.enabled = false (custom)
2023-08-10 18:37:06,088 [om1-groupManagement] INFO  server.RaftServerConfigKeys (ConfUtils.java:logGet(46)) - raft.server.threadpool.server.cached = true (default)
2023-08-10 18:37:06,088 [om1-groupManagement] INFO  server.RaftServerConfigKeys (ConfUtils.java:logGet(46)) - raft.server.threadpool.server.size = 0 (default)
2023-08-10 18:37:06,088 [om1-groupManagement] INFO  server.RaftServerConfigKeys (ConfUtils.java:logGet(46)) - raft.server.threadpool.client.cached = true (default)
2023-08-10 18:37:06,088 [om1-groupManagement] INFO  server.RaftServerConfigKeys (ConfUtils.java:logGet(46)) - raft.server.threadpool.client.size = 0 (default)
2023-08-10 18:37:06,511 [Time-limited test] INFO  reflections.Reflections (Reflections.java:scan(232)) - Reflections took 427 ms to scan 19 urls, producing 70 keys and 5612 values [using 2 cores]
2023-08-10 18:37:06,513 [Time-limited test] INFO  ipc.CallQueueManager (CallQueueManager.java:<init>(90)) - Using callQueue: class java.util.concurrent.LinkedBlockingQueue, queueCapacity: 10000, scheduler: class org.apache.hadoop.ipc.DefaultRpcScheduler, ipcBackoff: false.
2023-08-10 18:37:06,513 [Time-limited test] INFO  ipc.Server (Server.java:<init>(1287)) - Listener at fv-az194-926.m3vjxkz4xwiufi3h0wurkpa3rg.cx.internal.cloudapp.net:1202
2023-08-10 18:37:06,515 [Socket Reader #1 for port 1202] INFO  ipc.Server (Server.java:run(1323)) - Starting Socket Reader #1 for port 1202
2023-08-10 18:37:06,533 [Time-limited test] WARN  impl.MetricsConfig (MetricsConfig.java:loadFirst(136)) - Cannot locate configuration: tried hadoop-metrics2-ozonemanager.properties,hadoop-metrics2.properties
2023-08-10 18:37:06,536 [Time-limited test] INFO  impl.MetricsSystemImpl (MetricsSystemImpl.java:startTimer(378)) - Scheduled Metric snapshot period at 10 second(s).
2023-08-10 18:37:06,536 [Time-limited test] INFO  impl.MetricsSystemImpl (MetricsSystemImpl.java:start(191)) - OzoneManager metrics system started
2023-08-10 18:37:06,557 [Time-limited test] INFO  impl.MetricsSinkAdapter (MetricsSinkAdapter.java:start(204)) - Sink prometheus started
2023-08-10 18:37:06,557 [Time-limited test] INFO  impl.MetricsSystemImpl (MetricsSystemImpl.java:registerSink(305)) - Registered sink prometheus
2023-08-10 18:37:06,569 [Time-limited test] INFO  om.OzoneManager (OzoneManager.java:start(1613)) - OzoneManager RPC server is listening at fv-az194-926.m3vjxkz4xwiufi3h0wurkpa3rg.cx.internal.cloudapp.net/10.1.0.69:1202
2023-08-10 18:37:06,570 [Time-limited test] INFO  ratis.OzoneManagerRatisServer (OzoneManagerRatisServer.java:start(558)) - Starting OzoneManagerRatisServer om1 at port 9872
2023-08-10 18:37:06,570 [om1-impl-thread1] INFO  storage.RaftStorageDirectory (RaftStorageDirectoryImpl.java:analyzeStorage(137)) - The storage directory /tmp/junit7519050344947360267/junit1181947562306360931/scm-meta/ratis/bf265839-605b-3f16-9796-c5ba1605619e does not exist. Creating ...
2023-08-10 18:37:06,571 [om1-impl-thread1] INFO  storage.RaftStorageDirectory (RaftStorageDirectoryImpl.java:tryLock(231)) - Lock on /tmp/junit7519050344947360267/junit1181947562306360931/scm-meta/ratis/bf265839-605b-3f16-9796-c5ba1605619e/in_use.lock acquired by nodename 9374@fv-az194-926
2023-08-10 18:37:06,572 [om1-impl-thread1] INFO  storage.RaftStorage (RaftStorageImpl.java:format(96)) - Storage directory /tmp/junit7519050344947360267/junit1181947562306360931/scm-meta/ratis/bf265839-605b-3f16-9796-c5ba1605619e has been successfully formatted.
2023-08-10 18:37:06,572 [om1-impl-thread1] INFO  server.RaftServerConfigKeys (ConfUtils.java:logGet(46)) - raft.server.log.use.memory = false (default)
2023-08-10 18:37:06,572 [om1-impl-thread1] INFO  server.RaftServerConfigKeys (ConfUtils.java:logGet(46)) - raft.server.log.purge.gap = 1000000 (custom)
2023-08-10 18:37:06,572 [om1-impl-thread1] INFO  server.RaftServerConfigKeys (ConfUtils.java:logGet(46)) - raft.server.log.appender.buffer.byte-limit = 33554432 (custom)
2023-08-10 18:37:06,572 [om1-impl-thread1] INFO  server.RaftServerConfigKeys (ConfUtils.java:logGet(46)) - raft.server.log.statemachine.data.read.timeout = 1000ms (default)
2023-08-10 18:37:06,572 [om1-impl-thread1] INFO  server.RaftServerConfigKeys (ConfUtils.java:logGet(46)) - raft.server.log.purge.preservation.log.num = 0 (default)
2023-08-10 18:37:06,573 [om1-impl-thread1] INFO  server.RaftServerConfigKeys (ConfUtils.java:logGet(46)) - raft.server.log.segment.size.max = 4194304 (custom)
2023-08-10 18:37:06,573 [om1-impl-thread1] INFO  server.RaftServerConfigKeys (ConfUtils.java:logGet(46)) - raft.server.log.segment.cache.num.max = 2 (custom)
2023-08-10 18:37:06,573 [om1-impl-thread1] INFO  server.RaftServerConfigKeys (ConfUtils.java:logGet(46)) - raft.server.log.segment.cache.size.max = 200MB (=209715200) (default)
2023-08-10 18:37:06,573 [om1-impl-thread1] INFO  server.RaftServerConfigKeys (ConfUtils.java:logGet(46)) - raft.server.log.appender.buffer.byte-limit = 33554432 (custom)
2023-08-10 18:37:06,573 [om1-impl-thread1] INFO  segmented.SegmentedRaftLogWorker (SegmentedRaftLogWorker.java:<init>(188)) - new om1@group-C5BA1605619E-SegmentedRaftLogWorker for RaftStorageImpl:Storage Directory /tmp/junit7519050344947360267/junit1181947562306360931/scm-meta/ratis/bf265839-605b-3f16-9796-c5ba1605619e
2023-08-10 18:37:06,573 [om1-impl-thread1] INFO  server.RaftServerConfigKeys (ConfUtils.java:logGet(46)) - raft.server.log.queue.byte-limit = 64MB (=67108864) (default)
2023-08-10 18:37:06,573 [om1-impl-thread1] INFO  server.RaftServerConfigKeys (ConfUtils.java:logGet(46)) - raft.server.log.queue.element-limit = 4096 (default)
2023-08-10 18:37:06,573 [om1-impl-thread1] INFO  server.RaftServerConfigKeys (ConfUtils.java:logGet(46)) - raft.server.log.segment.size.max = 4194304 (custom)
2023-08-10 18:37:06,573 [om1-impl-thread1] INFO  server.RaftServerConfigKeys (ConfUtils.java:logGet(46)) - raft.server.log.preallocated.size = 4194304 (custom)
2023-08-10 18:37:06,573 [om1-impl-thread1] INFO  server.RaftServerConfigKeys (ConfUtils.java:logGet(46)) - raft.server.log.force.sync.num = 128 (default)
2023-08-10 18:37:06,573 [om1-impl-thread1] INFO  server.RaftServerConfigKeys (ConfUtils.java:logGet(46)) - raft.server.log.statemachine.data.sync = true (default)
2023-08-10 18:37:06,573 [om1-impl-thread1] INFO  server.RaftServerConfigKeys (ConfUtils.java:logGet(46)) - raft.server.log.statemachine.data.sync.timeout = 10s (default)
2023-08-10 18:37:06,573 [om1-impl-thread1] INFO  server.RaftServerConfigKeys (ConfUtils.java:logGet(46)) - raft.server.log.statemachine.data.sync.timeout.retry = -1 (default)
2023-08-10 18:37:06,574 [om1-impl-thread1] INFO  server.RaftServerConfigKeys (ConfUtils.java:logGet(46)) - raft.server.log.write.buffer.size = 64KB (=65536) (default)
2023-08-10 18:37:06,574 [om1-impl-thread1] INFO  server.RaftServerConfigKeys (ConfUtils.java:logGet(46)) - raft.server.log.appender.buffer.byte-limit = 33554432 (custom)
2023-08-10 18:37:06,577 [om1-impl-thread1] INFO  server.RaftServerConfigKeys (ConfUtils.java:logGet(46)) - raft.server.log.unsafe-flush.enabled = false (default)
2023-08-10 18:37:06,577 [om1-impl-thread1] INFO  server.RaftServerConfigKeys (ConfUtils.java:logGet(46)) - raft.server.log.async-flush.enabled = false (default)
2023-08-10 18:37:06,577 [om1-impl-thread1] INFO  server.RaftServerConfigKeys (ConfUtils.java:logGet(46)) - raft.server.log.statemachine.data.caching.enabled = false (default)
2023-08-10 18:37:06,577 [om1-impl-thread1] INFO  segmented.SegmentedRaftLogWorker (SegmentedRaftLogWorker.java:lambda$new$0(135)) - om1@group-C5BA1605619E-SegmentedRaftLogWorker: flushIndex: setUnconditionally 0 -> -1
2023-08-10 18:37:06,577 [om1-impl-thread1] INFO  segmented.SegmentedRaftLogWorker (SegmentedRaftLogWorker.java:lambda$new$0(135)) - om1@group-C5BA1605619E-SegmentedRaftLogWorker: safeCacheEvictIndex: setUnconditionally 0 -> -1
2023-08-10 18:37:06,581 [om1-impl-thread1] INFO  server.RaftServer$Division (RaftServerImpl.java:start(342)) - om1@group-C5BA1605619E: start as a follower, conf=-1: peers:[om1|rpc:fv-az194-926.m3vjxkz4xwiufi3h0wurkpa3rg.cx.internal.cloudapp.net:9872|priority:0|startupRole:FOLLOWER]|listeners:[], old=null
2023-08-10 18:37:06,581 [om1-impl-thread1] INFO  server.RaftServer$Division (RaftServerImpl.java:setRole(329)) - om1@group-C5BA1605619E: changes role from      null to FOLLOWER at term 0 for startAsFollower
2023-08-10 18:37:06,581 [om1-impl-thread1] INFO  impl.RoleInfo (RoleInfo.java:updateAndGet(139)) - om1: start om1@group-C5BA1605619E-FollowerState
2023-08-10 18:37:06,581 [om1-impl-thread1] INFO  util.JmxRegister (JmxRegister.java:tryRegister(44)) - Successfully registered JMX Bean with object name Ratis:service=RaftServer,group=group-C5BA1605619E,id=om1
2023-08-10 18:37:06,582 [om1-impl-thread1] INFO  server.RaftServerConfigKeys (ConfUtils.java:logGet(46)) - raft.server.snapshot.auto.trigger.enabled = true (custom)
2023-08-10 18:37:06,582 [om1-impl-thread1] INFO  server.RaftServerConfigKeys (ConfUtils.java:logGet(46)) - raft.server.snapshot.auto.trigger.threshold = 400000 (default)
2023-08-10 18:37:06,582 [om1-impl-thread1] INFO  server.RaftServerConfigKeys (ConfUtils.java:logGet(46)) - raft.server.snapshot.retention.file.num = -1 (default)
2023-08-10 18:37:06,582 [om1-impl-thread1] INFO  server.RaftServerConfigKeys (ConfUtils.java:logGet(46)) - raft.server.log.purge.upto.snapshot.index = true (custom)
2023-08-10 18:37:06,582 [om1@group-C5BA1605619E-FollowerState] INFO  server.RaftServerConfigKeys (ConfUtils.java:logFallback(53)) - raft.server.rpc.first-election.timeout.min = 5s (fallback to raft.server.rpc.timeout.min)
2023-08-10 18:37:06,582 [om1@group-C5BA1605619E-FollowerState] INFO  server.RaftServerConfigKeys (ConfUtils.java:logFallback(53)) - raft.server.rpc.first-election.timeout.max = 5200ms (fallback to raft.server.rpc.timeout.max)
2023-08-10 18:37:06,584 [Time-limited test] INFO  server.RaftServer (RaftServerProxy.java:startImpl(400)) - om1: start RPC server
2023-08-10 18:37:06,585 [Time-limited test] INFO  server.GrpcService (GrpcService.java:startImpl(302)) - om1: GrpcService started, listening on 9872
2023-08-10 18:37:06,587 [Time-limited test] ERROR om.OzoneManager (OzoneManager.java:startSecretManager(1087)) - Unable to read key pair for OM.
org.apache.hadoop.hdds.security.exception.OzoneSecurityException: Error reading keypair & certificate
	at org.apache.hadoop.hdds.security.x509.certificate.client.CertificateClient.assertValidKeysAndCertificate(CertificateClient.java:215)
	at org.apache.hadoop.ozone.om.OzoneManager.startSecretManager(OzoneManager.java:1085)
	at org.apache.hadoop.ozone.om.OzoneManager.startSecretManagerIfNecessary(OzoneManager.java:2279)
	at org.apache.hadoop.ozone.om.OzoneManager.start(OzoneManager.java:1623)
	at org.apache.hadoop.ozone.TestSecureOzoneCluster.testSecureOmInitializationSuccess(TestSecureOzoneCluster.java:546)
	at sun.reflect.NativeMethodAccessorImpl.invoke0(Native Method)
	at sun.reflect.NativeMethodAccessorImpl.invoke(NativeMethodAccessorImpl.java:62)
	at sun.reflect.DelegatingMethodAccessorImpl.invoke(DelegatingMethodAccessorImpl.java:43)
	at java.lang.reflect.Method.invoke(Method.java:498)
	at org.junit.runners.model.FrameworkMethod$1.runReflectiveCall(FrameworkMethod.java:59)
	at org.junit.internal.runners.model.ReflectiveCallable.run(ReflectiveCallable.java:12)
	at org.junit.runners.model.FrameworkMethod.invokeExplosively(FrameworkMethod.java:56)
	at org.junit.internal.runners.statements.InvokeMethod.evaluate(InvokeMethod.java:17)
	at org.junit.internal.runners.statements.RunBefores.evaluate(RunBefores.java:26)
	at org.junit.internal.runners.statements.RunAfters.evaluate(RunAfters.java:27)
	at org.junit.rules.ExternalResource$1.evaluate(ExternalResource.java:54)
	at org.junit.internal.runners.statements.FailOnTimeout$CallableStatement.call(FailOnTimeout.java:288)
	at org.junit.internal.runners.statements.FailOnTimeout$CallableStatement.call(FailOnTimeout.java:282)
	at java.util.concurrent.FutureTask.run(FutureTask.java:266)
	at java.lang.Thread.run(Thread.java:750)
Caused by: java.lang.NullPointerException
	at java.util.Objects.requireNonNull(Objects.java:203)
	at org.apache.hadoop.hdds.security.x509.certificate.client.CertificateClient.assertValidKeysAndCertificate(CertificateClient.java:211)
	... 19 more
2023-08-10 18:37:06,591 [Time-limited test] INFO  impl.DefaultInternalKdcServerImpl (DefaultInternalKdcServerImpl.java:doStop(102)) - Default Internal kdc server stopped.
2023-08-10 18:37:06,592 [JvmPauseMonitor4] INFO  util.JvmPauseMonitor (JvmPauseMonitor.java:run(103)) - JvmPauseMonitor-om1: Started
2023-08-10 18:37:07,591 [Time-limited test] INFO  minikdc.MiniKdc (MiniKdc.java:stop(359)) - MiniKdc stopped.
2023-08-10 18:37:07,591 [Time-limited test] INFO  server.StorageContainerManager (StorageContainerManager.java:stop(1591)) - Container Balancer is not running.
2023-08-10 18:37:07,591 [Time-limited test] INFO  server.StorageContainerManager (StorageContainerManager.java:stopReplicationManager(1724)) - Stopping Replication Manager Service.
2023-08-10 18:37:07,592 [Time-limited test] INFO  replication.ReplicationManager (ReplicationManager.java:stop(319)) - Stopping Replication Monitor Thread.
2023-08-10 18:37:07,592 [Under Replicated Processor] WARN  replication.UnhealthyReplicationProcessor (UnhealthyReplicationProcessor.java:run(180)) - Under Replicated Processor interrupted. Exiting...
2023-08-10 18:37:07,592 [Over Replicated Processor] WARN  replication.UnhealthyReplicationProcessor (UnhealthyReplicationProcessor.java:run(180)) - Over Replicated Processor interrupted. Exiting...
2023-08-10 18:37:07,592 [ReplicationMonitor] INFO  replication.ReplicationManager (ReplicationManager.java:run(917)) - Replication Monitor Thread is stopped
2023-08-10 18:37:07,592 [Time-limited test] INFO  server.StorageContainerManager (StorageContainerManager.java:stop(1600)) - Stopping the Datanode Admin Monitor.
2023-08-10 18:37:07,592 [Time-limited test] INFO  server.StorageContainerManager (StorageContainerManager.java:stop(1607)) - Stopping datanode service RPC server
2023-08-10 18:37:07,592 [Time-limited test] INFO  server.SCMDatanodeProtocolServer (SCMDatanodeProtocolServer.java:stop(424)) - Stopping the RPC server for DataNodes
2023-08-10 18:37:07,592 [Time-limited test] INFO  ipc.Server (Server.java:stop(3523)) - Stopping server on 9861
2023-08-10 18:37:08,745 [SCM Heartbeat Processing Thread - 0] WARN  node.NodeStateManager (NodeStateManager.java:scheduleNextHealthCheck(874)) - Current Thread is interrupted, shutting down HB processing thread for Node Manager.
2023-08-10 18:37:08,746 [Time-limited test] INFO  server.StorageContainerManager (StorageContainerManager.java:stop(1615)) - Stopping block service RPC server
2023-08-10 18:37:08,746 [Time-limited test] INFO  server.SCMBlockProtocolServer (SCMBlockProtocolServer.java:stop(161)) - Stopping the RPC server for Block Protocol
2023-08-10 18:37:08,746 [Time-limited test] INFO  ipc.Server (Server.java:stop(3523)) - Stopping server on 9863
2023-08-10 18:37:08,746 [Time-limited test] INFO  server.StorageContainerManager (StorageContainerManager.java:stop(1622)) - Stopping the StorageContainerLocationProtocol RPC server
2023-08-10 18:37:08,746 [Time-limited test] INFO  server.SCMClientProtocolServer (SCMClientProtocolServer.java:stop(210)) - Stopping the RPC server for Client Protocol
2023-08-10 18:37:08,746 [Time-limited test] INFO  ipc.Server (Server.java:stop(3523)) - Stopping server on 9860
2023-08-10 18:37:08,747 [Time-limited test] INFO  server.StorageContainerManager (StorageContainerManager.java:stop(1629)) - Stopping Storage Container Manager HTTP server.
2023-08-10 18:37:08,748 [Time-limited test] INFO  server.StorageContainerManager (StorageContainerManager.java:stop(1637)) - Stopping SCM LayoutVersionManager Service.
2023-08-10 18:37:08,748 [Time-limited test] INFO  server.SCMSecurityProtocolServer (SCMSecurityProtocolServer.java:stop(550)) - Stopping the SCMSecurityProtocolServer.
2023-08-10 18:37:08,748 [Time-limited test] INFO  ipc.Server (Server.java:stop(3523)) - Stopping server on 9961
2023-08-10 18:37:08,748 [Time-limited test] INFO  server.SCMUpdateServiceGrpcServer (SCMUpdateServiceGrpcServer.java:stop(73)) - SCMUpdateService stopping
2023-08-10 18:37:08,748 [Time-limited test] INFO  server.StorageContainerManager (StorageContainerManager.java:stop(1649)) - Stopping Block Manager Service.
2023-08-10 18:37:08,748 [Time-limited test] INFO  utils.BackgroundService (BackgroundService.java:shutdown(141)) - Shutting down service SCMBlockDeletingService
2023-08-10 18:37:08,748 [Time-limited test] INFO  utils.BackgroundService (BackgroundService.java:shutdown(141)) - Shutting down service SCMBlockDeletingService
2023-08-10 18:37:08,748 [Time-limited test] INFO  server.StorageContainerManager (StorageContainerManager.java:stop(1669)) - Stopping SCM Event Queue.
2023-08-10 18:37:08,749 [Time-limited test] INFO  server.StorageContainerManager (StorageContainerManager.java:stop(1680)) - Stopping SCM HA services.
2023-08-10 18:37:08,749 [Time-limited test] INFO  pipeline.BackgroundPipelineCreator (BackgroundPipelineCreator.java:stop(149)) - Stopping RatisPipelineUtilsThread.
2023-08-10 18:37:08,749 [RatisPipelineUtilsThread - 0] WARN  pipeline.BackgroundPipelineCreator (BackgroundPipelineCreator.java:run(180)) - RatisPipelineUtilsThread is interrupted.
2023-08-10 18:37:08,749 [Time-limited test] INFO  BackgroundPipelineScrubber (BackgroundSCMService.java:stop(131)) - Stopping BackgroundPipelineScrubber Service.
2023-08-10 18:37:08,749 [Time-limited test] WARN  pipeline.BackgroundPipelineCreator (BackgroundPipelineCreator.java:stop(145)) - RatisPipelineUtilsThread is not running, just ignore.
2023-08-10 18:37:08,749 [Time-limited test] INFO  BackgroundPipelineScrubber (BackgroundSCMService.java:stop(126)) - BackgroundPipelineScrubber Service is not running, skip stop.
2023-08-10 18:37:08,749 [Time-limited test] INFO  ExpiredContainerReplicaOpScrubber (BackgroundSCMService.java:stop(131)) - Stopping ExpiredContainerReplicaOpScrubber Service.
2023-08-10 18:37:08,749 [Time-limited test] INFO  utils.BackgroundService (BackgroundService.java:shutdown(141)) - Shutting down service SCMBlockDeletingService
2023-08-10 18:37:08,749 [Time-limited test] INFO  replication.ReplicationManager (ReplicationManager.java:stop(329)) - Replication Monitor Thread is not running.
2023-08-10 18:37:08,749 [Time-limited test] WARN  balancer.ContainerBalancer (ContainerBalancer.java:stop(326)) - Cannot stop Container Balancer because it's not running or stopping
2023-08-10 18:37:08,749 [Time-limited test] INFO  server.StorageContainerManager (StorageContainerManager.java:stop(1715)) - Stopping SCM MetadataStore.
2023-08-10 18:37:08,750 [BackgroundPipelineScrubberThread] WARN  BackgroundPipelineScrubber (BackgroundSCMService.java:run(115)) - BackgroundPipelineScrubber is interrupted, exit
2023-08-10 18:37:08,750 [ExpiredContainerReplicaOpScrubberThread] WARN  ExpiredContainerReplicaOpScrubber (BackgroundSCMService.java:run(115)) - ExpiredContainerReplicaOpScrubber is interrupted, exit
2023-08-10 18:37:08,750 [Time-limited test] INFO  server.SCMSecurityProtocolServer (SCMSecurityProtocolServer.java:join(560)) - Join RPC server for SCMSecurityProtocolServer.
2023-08-10 18:37:08,751 [Time-limited test] INFO  server.SCMSecurityProtocolServer (SCMSecurityProtocolServer.java:join(562)) - Join gRPC server for SCMSecurityProtocolServer.
2023-08-10 18:37:08,751 [Time-limited test] INFO  om.OzoneManager (OzoneManager.java:stop(2187)) - om1[fv-az194-926.m3vjxkz4xwiufi3h0wurkpa3rg.cx.internal.cloudapp.net:1202]: Stopping Ozone Manager
2023-08-10 18:37:08,751 [Time-limited test] INFO  ipc.Server (Server.java:stop(3523)) - Stopping server on 1202
2023-08-10 18:37:08,751 [Time-limited test] INFO  server.RaftServer (RaftServerProxy.java:lambda$close$6(416)) - om1: close
2023-08-10 18:37:08,751 [Time-limited test] INFO  server.GrpcService (GrpcService.java:closeImpl(311)) - om1: shutdown server GrpcServerProtocolService now
2023-08-10 18:37:08,751 [om1-impl-thread1] INFO  server.RaftServer$Division (RaftServerImpl.java:lambda$close$4(466)) - om1@group-C5BA1605619E: shutdown
2023-08-10 18:37:08,751 [om1-impl-thread1] INFO  util.JmxRegister (JmxRegister.java:unregister(73)) - Successfully un-registered JMX Bean with object name Ratis:service=RaftServer,group=group-C5BA1605619E,id=om1
2023-08-10 18:37:08,752 [om1-impl-thread1] INFO  impl.RoleInfo (RoleInfo.java:shutdownFollowerState(110)) - om1: shutdown om1@group-C5BA1605619E-FollowerState
2023-08-10 18:37:08,752 [om1-impl-thread1] INFO  impl.StateMachineUpdater (StateMachineUpdater.java:stopAndJoin(155)) - om1@group-C5BA1605619E-StateMachineUpdater: set stopIndex = -1
2023-08-10 18:37:08,752 [om1@group-C5BA1605619E-FollowerState] INFO  impl.FollowerState (FollowerState.java:run(152)) - om1@group-C5BA1605619E-FollowerState was interrupted
2023-08-10 18:37:08,752 [om1@group-C5BA1605619E-StateMachineUpdater] INFO  ratis.OzoneManagerStateMachine (OzoneManagerStateMachine.java:close(534)) - StateMachine has shutdown. Shutdown OzoneManager if not already shutdown.
2023-08-10 18:37:08,752 [om1@group-C5BA1605619E-StateMachineUpdater] INFO  ratis.OzoneManagerDoubleBuffer (OzoneManagerDoubleBuffer.java:stopDaemon(551)) - Stopping OMDoubleBuffer flush thread
2023-08-10 18:37:08,752 [OMDoubleBufferFlushThread] INFO  ratis.OzoneManagerDoubleBuffer (OzoneManagerDoubleBuffer.java:canFlush(638)) - OMDoubleBuffer flush thread OMDoubleBufferFlushThread is interrupted and will exit.
2023-08-10 18:37:08,752 [om1-impl-thread1] INFO  server.RaftServer$Division (ServerState.java:close(472)) - om1@group-C5BA1605619E: closes. applyIndex: -1
2023-08-10 18:37:08,753 [Time-limited test] INFO  server.GrpcService (GrpcService.java:closeImpl(320)) - om1: shutdown server GrpcServerProtocolService successfully
2023-08-10 18:37:09,581 [om1-impl-thread1] INFO  segmented.SegmentedRaftLogWorker (SegmentedRaftLogWorker.java:close(252)) - om1@group-C5BA1605619E-SegmentedRaftLogWorker close()
2023-08-10 18:37:09,582 [JvmPauseMonitor4] INFO  util.JvmPauseMonitor (JvmPauseMonitor.java:run(109)) - JvmPauseMonitor-om1: Stopped
2023-08-10 18:37:09,582 [Time-limited test] INFO  ratis.OzoneManagerStateMachine (OzoneManagerStateMachine.java:close(534)) - StateMachine has shutdown. Shutdown OzoneManager if not already shutdown.
2023-08-10 18:37:09,582 [Time-limited test] INFO  ratis.OzoneManagerDoubleBuffer (OzoneManagerDoubleBuffer.java:stopDaemon(560)) - OMDoubleBuffer flush thread is not running.
2023-08-10 18:37:09,582 [Time-limited test] INFO  om.OzoneManager (OzoneManager.java:stopSecretManager(1063)) - Stopping secret key client.
2023-08-10 18:37:09,582 [Time-limited test] INFO  om.OzoneManager (OzoneManager.java:stopSecretManager(1068)) - Stopping OM delegation token secret manager.
2023-08-10 18:37:09,582 [Time-limited test] INFO  rocksdiff.RocksDBCheckpointDiffer (RocksDBCheckpointDiffer.java:close(340)) - Shutting down CompactionDagPruningService.
2023-08-10 18:37:09,583 [Time-limited test] INFO  snapshot.SnapshotDiffManager (SnapshotDiffManager.java:closeExecutorService(1720)) - Shutting down executorService: 'SnapDiffExecutor'
2023-08-10 18:37:09,583 [Time-limited test] INFO  snapshot.SnapshotDiffManager (SnapshotDiffManager.java:closeExecutorService(1720)) - Shutting down executorService: 'SstDumpToolExecutor'
2023-08-10 18:37:09,584 [Time-limited test] INFO  utils.BackgroundService (BackgroundService.java:shutdown(141)) - Shutting down service SnapshotDiffCleanupService
]]></system-out>
  </testcase>
  <testcase name="testAccessControlExceptionOnClient" classname="org.apache.hadoop.ozone.TestSecureOzoneCluster" time="10.23">
    <system-out><![CDATA[2023-08-10 18:37:09,616 [Time-limited test] INFO  net.ServerSocketUtil (ServerSocketUtil.java:getPort(55)) - Using port 9860
2023-08-10 18:37:09,616 [Time-limited test] INFO  net.ServerSocketUtil (ServerSocketUtil.java:getPort(55)) - Using port 9861
2023-08-10 18:37:09,616 [Time-limited test] INFO  net.ServerSocketUtil (ServerSocketUtil.java:getPort(55)) - Using port 9863
2023-08-10 18:37:09,617 [Time-limited test] INFO  net.ServerSocketUtil (ServerSocketUtil.java:getPort(55)) - Using port 9961
2023-08-10 18:37:09,617 [Time-limited test] INFO  net.ServerSocketUtil (ServerSocketUtil.java:getPort(55)) - Using port 1200
2023-08-10 18:37:09,617 [Time-limited test] INFO  net.ServerSocketUtil (ServerSocketUtil.java:getPort(55)) - Using port 1201
2023-08-10 18:37:09,617 [Time-limited test] INFO  minikdc.MiniKdc (MiniKdc.java:<init>(225)) - Configuration:
2023-08-10 18:37:09,617 [Time-limited test] INFO  minikdc.MiniKdc (MiniKdc.java:<init>(226)) - ---------------------------------------------------------------
2023-08-10 18:37:09,617 [Time-limited test] INFO  minikdc.MiniKdc (MiniKdc.java:<init>(228)) -   debug: false
2023-08-10 18:37:09,617 [Time-limited test] INFO  minikdc.MiniKdc (MiniKdc.java:<init>(228)) -   transport: TCP
2023-08-10 18:37:09,617 [Time-limited test] INFO  minikdc.MiniKdc (MiniKdc.java:<init>(228)) -   max.ticket.lifetime: 86400000
2023-08-10 18:37:09,617 [Time-limited test] INFO  minikdc.MiniKdc (MiniKdc.java:<init>(228)) -   org.name: EXAMPLE
2023-08-10 18:37:09,617 [Time-limited test] INFO  minikdc.MiniKdc (MiniKdc.java:<init>(228)) -   kdc.port: 0
2023-08-10 18:37:09,617 [Time-limited test] INFO  minikdc.MiniKdc (MiniKdc.java:<init>(228)) -   org.domain: COM
2023-08-10 18:37:09,617 [Time-limited test] INFO  minikdc.MiniKdc (MiniKdc.java:<init>(228)) -   max.renewable.lifetime: 604800000
2023-08-10 18:37:09,617 [Time-limited test] INFO  minikdc.MiniKdc (MiniKdc.java:<init>(228)) -   instance: DefaultKrbServer
2023-08-10 18:37:09,617 [Time-limited test] INFO  minikdc.MiniKdc (MiniKdc.java:<init>(228)) -   kdc.bind.address: localhost
2023-08-10 18:37:09,617 [Time-limited test] INFO  minikdc.MiniKdc (MiniKdc.java:<init>(230)) - ---------------------------------------------------------------
2023-08-10 18:37:09,619 [Time-limited test] INFO  minikdc.MiniKdc (MiniKdc.java:start(285)) - MiniKdc started.
2023-08-10 18:37:09,806 [Time-limited test] INFO  om.OzoneManager (OzoneManager.java:getOmDetailsProto(4555)) - OzoneManager ports added:[name: "RPC"
value: 1202
]
2023-08-10 18:37:09,806 [Time-limited test] WARN  server.ServerUtils (ServerUtils.java:getScmDbDir(155)) - ozone.scm.db.dirs is not configured. We recommend adding this setting. Falling back to ozone.metadata.dirs instead.
2023-08-10 18:37:09,806 [Time-limited test] INFO  ha.HASecurityUtils (HASecurityUtils.java:initializeSecurity(98)) - Initializing secure StorageContainerManager.
2023-08-10 18:37:09,808 [Time-limited test] INFO  client.SCMCertificateClient (DefaultCertificateClient.java:updateCertSerialId(1244)) - Certificate serial ID set to null
2023-08-10 18:37:09,808 [Time-limited test] ERROR client.SCMCertificateClient (DefaultCertificateClient.java:getCertPath(362)) - Default certificate serial id is not set. Can't locate the default certificate for this client.
2023-08-10 18:37:09,808 [Time-limited test] INFO  client.SCMCertificateClient (DefaultCertificateClient.java:init(715)) - Certificate client init case: 0
2023-08-10 18:37:09,808 [Time-limited test] INFO  client.SCMCertificateClient (SCMCertificateClient.java:handleCase(103)) - Creating keypair for client as keypair and certificate not found.
2023-08-10 18:37:09,935 [Time-limited test] INFO  ha.HASecurityUtils (HASecurityUtils.java:initializeSecurity(108)) - Init response: GETCERT
2023-08-10 18:37:10,145 [Time-limited test] INFO  ozone.OzoneSecurityUtil (OzoneSecurityUtil.java:getValidInetsForCurrentHost(119)) - ip:fe80:0:0:0:20d:3aff:fee2:9454%eth0 not returned.
2023-08-10 18:37:10,146 [Time-limited test] INFO  ozone.OzoneSecurityUtil (OzoneSecurityUtil.java:getValidInetsForCurrentHost(116)) - Adding ip:10.1.0.69,host:fv-az194-926.m3vjxkz4xwiufi3h0wurkpa3rg.cx.internal.cloudapp.net
2023-08-10 18:37:10,146 [Time-limited test] INFO  ozone.OzoneSecurityUtil (OzoneSecurityUtil.java:getValidInetsForCurrentHost(119)) - ip:0:0:0:0:0:0:0:1%lo not returned.
2023-08-10 18:37:10,146 [Time-limited test] INFO  ozone.OzoneSecurityUtil (OzoneSecurityUtil.java:getValidInetsForCurrentHost(119)) - ip:127.0.0.1 not returned.
2023-08-10 18:37:10,149 [Time-limited test] INFO  utils.SelfSignedCertificate (SelfSignedCertificate.java:generateCertificate(157)) - Certificate 1 is issued by CN=scm-1@fv-az194-926,OU=d9decda7-4faf-47d2-888e-abbcc529d260,O=086953b5-52af-484f-a426-595effab721a to CN=scm-1@fv-az194-926,OU=d9decda7-4faf-47d2-888e-abbcc529d260,O=086953b5-52af-484f-a426-595effab721a, valid from Thu Aug 10 18:37:10 UTC 2023 to Sun Sep 17 18:37:10 UTC 2028
2023-08-10 18:37:10,150 [Time-limited test] INFO  utils.CertificateCodec (CertificateCodec.java:writeCertificate(299)) - Save certificate to /tmp/junit7263880440697496510/junit5807653769189210206/scm-meta/scm/ca/certs/certificate.crt
2023-08-10 18:37:10,150 [Time-limited test] INFO  utils.CertificateCodec (CertificateCodec.java:writeCertificate(300)) - Certificate -----BEGIN CERTIFICATE-----
MIID5zCCAs+gAwIBAgIBATANBgkqhkiG9w0BAQsFADB7MRswGQYDVQQDDBJzY20t
MUBmdi1hejE5NC05MjYxLTArBgNVBAsMJGQ5ZGVjZGE3LTRmYWYtNDdkMi04ODhl
LWFiYmNjNTI5ZDI2MDEtMCsGA1UECgwkMDg2OTUzYjUtNTJhZi00ODRmLWE0MjYt
NTk1ZWZmYWI3MjFhMB4XDTIzMDgxMDE4MzcxMFoXDTI4MDkxNzE4MzcxMFowezEb
MBkGA1UEAwwSc2NtLTFAZnYtYXoxOTQtOTI2MS0wKwYDVQQLDCRkOWRlY2RhNy00
ZmFmLTQ3ZDItODg4ZS1hYmJjYzUyOWQyNjAxLTArBgNVBAoMJDA4Njk1M2I1LTUy
YWYtNDg0Zi1hNDI2LTU5NWVmZmFiNzIxYTCCASIwDQYJKoZIhvcNAQEBBQADggEP
ADCCAQoCggEBANBvr3OJvfxfHK3+5CQnj36n7c2wkDDUh1N5O1ZgBUHWqJPvUM1C
l43uePuQjQwaMsAhmpMd3zsf0WOWsN1iUr6hSAYh0h/TqlGqyV9QgH+wDPz054Rt
tpfxdCtLE4DMPSNiuaKKxBDb6kYyF9qNV6Y1iFeX8S0hXSWJEnoOlu0nnchGiIdn
E5y9ZlVwqF2LwimUULDBOC72yb55sXUvYlq6b7T0OBmoBUswxvHjUWWq3Lxe9k+x
+AbjNgwQ/PvrAyYgIX4PA60JQXVrAfhy00tHAQb1IBrOoljsllhCA/50sx2t+0Da
wCOuxuDVve1YAr0/4XuP19S7gnDB1WF8sLsCAwEAAaN2MHQwDwYDVR0TAQH/BAUw
AwEB/zAOBgNVHQ8BAf8EBAMCAQYwUQYDVR0RBEowSIcECgEARYJAZnYtYXoxOTQt
OTI2Lm0zdmp4a3o0eHdpdWZpM2gwd3Vya3BhM3JnLmN4LmludGVybmFsLmNsb3Vk
YXBwLm5ldDANBgkqhkiG9w0BAQsFAAOCAQEAa/BLqdt78enVIYfS8MvqJHme+Ezj
O82wGvZM43GsPQqtvVS8lMpkaSHJJ6WczBlW3WSx1S6lrGujg94u9nQ4DxyzE2wN
9lY0E0QAv1Mq2kZaGoG1sj3E+STShKpL+rAfVhMndXsVmKYNvGpRMSmd2a9aPZDH
I6QKqArgxbLzcxJeasrcD9UPrq3ABEBkk72l4PSIiLJjFs1X8clArApb+0xkUca+
2RHYRIPnfgwp/FMFUK+ao8Cnm6D0VquUCyzu1Zg04XESjoN1EevQ2kJ6m9TmqDBL
Ivw1qSbZQjyso1TXaO6IDuvIwCHPKA9UIKe+GZwkJr/sug4ah76ttDFuVA==
-----END CERTIFICATE-----

2023-08-10 18:37:10,150 [Time-limited test] INFO  client.SCMCertificateClient (SCMCertificateClient.java:getCSRBuilder(165)) - Creating csr for SCM->hostName:fv-az194-926,scmId:d9decda7-4faf-47d2-888e-abbcc529d260,clusterId:086953b5-52af-484f-a426-595effab721a,subject:scm-sub-1590224794700@fv-az194-926
2023-08-10 18:37:10,150 [Time-limited test] INFO  ozone.OzoneSecurityUtil (OzoneSecurityUtil.java:getValidInetsForCurrentHost(119)) - ip:fe80:0:0:0:20d:3aff:fee2:9454%eth0 not returned.
2023-08-10 18:37:10,150 [Time-limited test] INFO  ozone.OzoneSecurityUtil (OzoneSecurityUtil.java:getValidInetsForCurrentHost(116)) - Adding ip:10.1.0.69,host:fv-az194-926.m3vjxkz4xwiufi3h0wurkpa3rg.cx.internal.cloudapp.net
2023-08-10 18:37:10,150 [Time-limited test] INFO  ozone.OzoneSecurityUtil (OzoneSecurityUtil.java:getValidInetsForCurrentHost(119)) - ip:0:0:0:0:0:0:0:1%lo not returned.
2023-08-10 18:37:10,150 [Time-limited test] INFO  ozone.OzoneSecurityUtil (OzoneSecurityUtil.java:getValidInetsForCurrentHost(119)) - ip:127.0.0.1 not returned.
2023-08-10 18:37:10,151 [Time-limited test] INFO  ha.HASecurityUtils (HASecurityUtils.java:generateCSR(308)) - Creating csr for SCM->hostName:fv-az194-926,scmId:d9decda7-4faf-47d2-888e-abbcc529d260,clusterId:086953b5-52af-484f-a426-595effab721a,subject:scm-sub-1590225315498@fv-az194-926
2023-08-10 18:37:10,154 [Time-limited test] INFO  authority.DefaultApprover (DefaultApprover.java:sign(154)) - Extensions in CSR: 2.5.29.19, 2.5.29.15, 2.5.29.17
2023-08-10 18:37:10,154 [Time-limited test] INFO  authority.DefaultApprover (DefaultApprover.java:sign(158)) - Extensions to add to the certificate if they present in CSR: 2.5.29.17, 2.5.29.19, 1.3.6.1.5.5.7.1.12, 2.5.29.35, 2.5.29.37, 2.5.29.15
2023-08-10 18:37:10,158 [Time-limited test] INFO  utils.CertificateCodec (CertificateCodec.java:writeCertificate(299)) - Save certificate to /tmp/junit7263880440697496510/junit5807653769189210206/scm-meta/scm/sub-ca/certs/CA-1.crt
2023-08-10 18:37:10,158 [Time-limited test] INFO  utils.CertificateCodec (CertificateCodec.java:writeCertificate(300)) - Certificate -----BEGIN CERTIFICATE-----
MIID5zCCAs+gAwIBAgIBATANBgkqhkiG9w0BAQsFADB7MRswGQYDVQQDDBJzY20t
MUBmdi1hejE5NC05MjYxLTArBgNVBAsMJGQ5ZGVjZGE3LTRmYWYtNDdkMi04ODhl
LWFiYmNjNTI5ZDI2MDEtMCsGA1UECgwkMDg2OTUzYjUtNTJhZi00ODRmLWE0MjYt
NTk1ZWZmYWI3MjFhMB4XDTIzMDgxMDE4MzcxMFoXDTI4MDkxNzE4MzcxMFowezEb
MBkGA1UEAwwSc2NtLTFAZnYtYXoxOTQtOTI2MS0wKwYDVQQLDCRkOWRlY2RhNy00
ZmFmLTQ3ZDItODg4ZS1hYmJjYzUyOWQyNjAxLTArBgNVBAoMJDA4Njk1M2I1LTUy
YWYtNDg0Zi1hNDI2LTU5NWVmZmFiNzIxYTCCASIwDQYJKoZIhvcNAQEBBQADggEP
ADCCAQoCggEBANBvr3OJvfxfHK3+5CQnj36n7c2wkDDUh1N5O1ZgBUHWqJPvUM1C
l43uePuQjQwaMsAhmpMd3zsf0WOWsN1iUr6hSAYh0h/TqlGqyV9QgH+wDPz054Rt
tpfxdCtLE4DMPSNiuaKKxBDb6kYyF9qNV6Y1iFeX8S0hXSWJEnoOlu0nnchGiIdn
E5y9ZlVwqF2LwimUULDBOC72yb55sXUvYlq6b7T0OBmoBUswxvHjUWWq3Lxe9k+x
+AbjNgwQ/PvrAyYgIX4PA60JQXVrAfhy00tHAQb1IBrOoljsllhCA/50sx2t+0Da
wCOuxuDVve1YAr0/4XuP19S7gnDB1WF8sLsCAwEAAaN2MHQwDwYDVR0TAQH/BAUw
AwEB/zAOBgNVHQ8BAf8EBAMCAQYwUQYDVR0RBEowSIcECgEARYJAZnYtYXoxOTQt
OTI2Lm0zdmp4a3o0eHdpdWZpM2gwd3Vya3BhM3JnLmN4LmludGVybmFsLmNsb3Vk
YXBwLm5ldDANBgkqhkiG9w0BAQsFAAOCAQEAa/BLqdt78enVIYfS8MvqJHme+Ezj
O82wGvZM43GsPQqtvVS8lMpkaSHJJ6WczBlW3WSx1S6lrGujg94u9nQ4DxyzE2wN
9lY0E0QAv1Mq2kZaGoG1sj3E+STShKpL+rAfVhMndXsVmKYNvGpRMSmd2a9aPZDH
I6QKqArgxbLzcxJeasrcD9UPrq3ABEBkk72l4PSIiLJjFs1X8clArApb+0xkUca+
2RHYRIPnfgwp/FMFUK+ao8Cnm6D0VquUCyzu1Zg04XESjoN1EevQ2kJ6m9TmqDBL
Ivw1qSbZQjyso1TXaO6IDuvIwCHPKA9UIKe+GZwkJr/sug4ah76ttDFuVA==
-----END CERTIFICATE-----

2023-08-10 18:37:10,158 [Time-limited test] INFO  utils.CertificateCodec (CertificateCodec.java:writeCertificate(299)) - Save certificate to /tmp/junit7263880440697496510/junit5807653769189210206/scm-meta/scm/sub-ca/certs/1590228779786.crt
2023-08-10 18:37:10,158 [Time-limited test] INFO  utils.CertificateCodec (CertificateCodec.java:writeCertificate(300)) - Certificate -----BEGIN CERTIFICATE-----
MIID/TCCAuWgAwIBAgIGAXJBBYMKMA0GCSqGSIb3DQEBCwUAMHsxGzAZBgNVBAMM
EnNjbS0xQGZ2LWF6MTk0LTkyNjEtMCsGA1UECwwkZDlkZWNkYTctNGZhZi00N2Qy
LTg4OGUtYWJiY2M1MjlkMjYwMS0wKwYDVQQKDCQwODY5NTNiNS01MmFmLTQ4NGYt
YTQyNi01OTVlZmZhYjcyMWEwHhcNMjMwODEwMTgzNzEwWhcNMjgwOTE3MTgzNzEw
WjCBizErMCkGA1UEAwwic2NtLXN1Yi0xNTkwMjI1MzE1NDk4QGZ2LWF6MTk0LTky
NjEtMCsGA1UECwwkZDlkZWNkYTctNGZhZi00N2QyLTg4OGUtYWJiY2M1MjlkMjYw
MS0wKwYDVQQKDCQwODY5NTNiNS01MmFmLTQ4NGYtYTQyNi01OTVlZmZhYjcyMWEw
ggEiMA0GCSqGSIb3DQEBAQUAA4IBDwAwggEKAoIBAQCKf/kQ+hVzcqCnNkapbROQ
wZi2r0N2TPcVXTYfIhSNgmDaLZu3jw9kEg88w23T/3DxzYoyNhiV4pXiPSpwL9pf
CEyospthZBagOgNkB2pk39EX7Xzn3uE8bScNRVSifDjxD4k8rAFNs+LjdbyGVmlc
YVmiqpUwKreDJ1dfl/E2isadOv61mW3/fK8QlMEghHQdX3Cdc5E2K04DTBCE2f76
9dc2TzznDHOovBW8FUDUpdGhte0AfaF6LWNqpQCqpzhd0Vm2B11YzfaCbXT6725V
tWKN7pN1Qdq8FSpwhLQmVnVjYD3QrTVM+bLaJEy3sLfrpjYMn292MHEOf6qzKOA7
AgMBAAGjdjB0MFEGA1UdEQRKMEiHBAoBAEWCQGZ2LWF6MTk0LTkyNi5tM3ZqeGt6
NHh3aXVmaTNoMHd1cmtwYTNyZy5jeC5pbnRlcm5hbC5jbG91ZGFwcC5uZXQwDwYD
VR0TAQH/BAUwAwEB/zAOBgNVHQ8BAf8EBAMCAb4wDQYJKoZIhvcNAQELBQADggEB
AB4pXbw1rqWK/6s68cRpi5W2iXSXK6rzpdRE51KlUkbuuGfuupDaNl7F+wt/dmLk
EcamCdbmkfyOrZTp7QDmJnerssc6K9qRb+Qv8pKvKYrhmsBMvWWWPDOb1m2QD2M3
ikjTDIo1Yc8SuTGuL11qKaNl4MqpEN+Iis1QVq2WPEqNtFsNMBsQPISjmB1P+j/M
PcP39dbxff32I491zHXwFBdJSN4z9bNolF6nNp1uYETpBZTCuvuDSQ5WJX43Fihc
bEnOwLE5hJ87PRu33J/4/QpoEfW/inGgoOjPX3PczbhSgNg7+TXDNYQlLBpUWHnw
O3ukDxq000kHbzbYkhnc90M=
-----END CERTIFICATE-----

-----BEGIN CERTIFICATE-----
MIID5zCCAs+gAwIBAgIBATANBgkqhkiG9w0BAQsFADB7MRswGQYDVQQDDBJzY20t
MUBmdi1hejE5NC05MjYxLTArBgNVBAsMJGQ5ZGVjZGE3LTRmYWYtNDdkMi04ODhl
LWFiYmNjNTI5ZDI2MDEtMCsGA1UECgwkMDg2OTUzYjUtNTJhZi00ODRmLWE0MjYt
NTk1ZWZmYWI3MjFhMB4XDTIzMDgxMDE4MzcxMFoXDTI4MDkxNzE4MzcxMFowezEb
MBkGA1UEAwwSc2NtLTFAZnYtYXoxOTQtOTI2MS0wKwYDVQQLDCRkOWRlY2RhNy00
ZmFmLTQ3ZDItODg4ZS1hYmJjYzUyOWQyNjAxLTArBgNVBAoMJDA4Njk1M2I1LTUy
YWYtNDg0Zi1hNDI2LTU5NWVmZmFiNzIxYTCCASIwDQYJKoZIhvcNAQEBBQADggEP
ADCCAQoCggEBANBvr3OJvfxfHK3+5CQnj36n7c2wkDDUh1N5O1ZgBUHWqJPvUM1C
l43uePuQjQwaMsAhmpMd3zsf0WOWsN1iUr6hSAYh0h/TqlGqyV9QgH+wDPz054Rt
tpfxdCtLE4DMPSNiuaKKxBDb6kYyF9qNV6Y1iFeX8S0hXSWJEnoOlu0nnchGiIdn
E5y9ZlVwqF2LwimUULDBOC72yb55sXUvYlq6b7T0OBmoBUswxvHjUWWq3Lxe9k+x
+AbjNgwQ/PvrAyYgIX4PA60JQXVrAfhy00tHAQb1IBrOoljsllhCA/50sx2t+0Da
wCOuxuDVve1YAr0/4XuP19S7gnDB1WF8sLsCAwEAAaN2MHQwDwYDVR0TAQH/BAUw
AwEB/zAOBgNVHQ8BAf8EBAMCAQYwUQYDVR0RBEowSIcECgEARYJAZnYtYXoxOTQt
OTI2Lm0zdmp4a3o0eHdpdWZpM2gwd3Vya3BhM3JnLmN4LmludGVybmFsLmNsb3Vk
YXBwLm5ldDANBgkqhkiG9w0BAQsFAAOCAQEAa/BLqdt78enVIYfS8MvqJHme+Ezj
O82wGvZM43GsPQqtvVS8lMpkaSHJJ6WczBlW3WSx1S6lrGujg94u9nQ4DxyzE2wN
9lY0E0QAv1Mq2kZaGoG1sj3E+STShKpL+rAfVhMndXsVmKYNvGpRMSmd2a9aPZDH
I6QKqArgxbLzcxJeasrcD9UPrq3ABEBkk72l4PSIiLJjFs1X8clArApb+0xkUca+
2RHYRIPnfgwp/FMFUK+ao8Cnm6D0VquUCyzu1Zg04XESjoN1EevQ2kJ6m9TmqDBL
Ivw1qSbZQjyso1TXaO6IDuvIwCHPKA9UIKe+GZwkJr/sug4ah76ttDFuVA==
-----END CERTIFICATE-----

2023-08-10 18:37:10,159 [Time-limited test] INFO  utils.CertificateCodec (CertificateCodec.java:writeCertificate(299)) - Save certificate to /tmp/junit7263880440697496510/junit5807653769189210206/scm-meta/scm/sub-ca/certs/certificate.crt
2023-08-10 18:37:10,159 [Time-limited test] INFO  utils.CertificateCodec (CertificateCodec.java:writeCertificate(300)) - Certificate -----BEGIN CERTIFICATE-----
MIID/TCCAuWgAwIBAgIGAXJBBYMKMA0GCSqGSIb3DQEBCwUAMHsxGzAZBgNVBAMM
EnNjbS0xQGZ2LWF6MTk0LTkyNjEtMCsGA1UECwwkZDlkZWNkYTctNGZhZi00N2Qy
LTg4OGUtYWJiY2M1MjlkMjYwMS0wKwYDVQQKDCQwODY5NTNiNS01MmFmLTQ4NGYt
YTQyNi01OTVlZmZhYjcyMWEwHhcNMjMwODEwMTgzNzEwWhcNMjgwOTE3MTgzNzEw
WjCBizErMCkGA1UEAwwic2NtLXN1Yi0xNTkwMjI1MzE1NDk4QGZ2LWF6MTk0LTky
NjEtMCsGA1UECwwkZDlkZWNkYTctNGZhZi00N2QyLTg4OGUtYWJiY2M1MjlkMjYw
MS0wKwYDVQQKDCQwODY5NTNiNS01MmFmLTQ4NGYtYTQyNi01OTVlZmZhYjcyMWEw
ggEiMA0GCSqGSIb3DQEBAQUAA4IBDwAwggEKAoIBAQCKf/kQ+hVzcqCnNkapbROQ
wZi2r0N2TPcVXTYfIhSNgmDaLZu3jw9kEg88w23T/3DxzYoyNhiV4pXiPSpwL9pf
CEyospthZBagOgNkB2pk39EX7Xzn3uE8bScNRVSifDjxD4k8rAFNs+LjdbyGVmlc
YVmiqpUwKreDJ1dfl/E2isadOv61mW3/fK8QlMEghHQdX3Cdc5E2K04DTBCE2f76
9dc2TzznDHOovBW8FUDUpdGhte0AfaF6LWNqpQCqpzhd0Vm2B11YzfaCbXT6725V
tWKN7pN1Qdq8FSpwhLQmVnVjYD3QrTVM+bLaJEy3sLfrpjYMn292MHEOf6qzKOA7
AgMBAAGjdjB0MFEGA1UdEQRKMEiHBAoBAEWCQGZ2LWF6MTk0LTkyNi5tM3ZqeGt6
NHh3aXVmaTNoMHd1cmtwYTNyZy5jeC5pbnRlcm5hbC5jbG91ZGFwcC5uZXQwDwYD
VR0TAQH/BAUwAwEB/zAOBgNVHQ8BAf8EBAMCAb4wDQYJKoZIhvcNAQELBQADggEB
AB4pXbw1rqWK/6s68cRpi5W2iXSXK6rzpdRE51KlUkbuuGfuupDaNl7F+wt/dmLk
EcamCdbmkfyOrZTp7QDmJnerssc6K9qRb+Qv8pKvKYrhmsBMvWWWPDOb1m2QD2M3
ikjTDIo1Yc8SuTGuL11qKaNl4MqpEN+Iis1QVq2WPEqNtFsNMBsQPISjmB1P+j/M
PcP39dbxff32I491zHXwFBdJSN4z9bNolF6nNp1uYETpBZTCuvuDSQ5WJX43Fihc
bEnOwLE5hJ87PRu33J/4/QpoEfW/inGgoOjPX3PczbhSgNg7+TXDNYQlLBpUWHnw
O3ukDxq000kHbzbYkhnc90M=
-----END CERTIFICATE-----

-----BEGIN CERTIFICATE-----
MIID5zCCAs+gAwIBAgIBATANBgkqhkiG9w0BAQsFADB7MRswGQYDVQQDDBJzY20t
MUBmdi1hejE5NC05MjYxLTArBgNVBAsMJGQ5ZGVjZGE3LTRmYWYtNDdkMi04ODhl
LWFiYmNjNTI5ZDI2MDEtMCsGA1UECgwkMDg2OTUzYjUtNTJhZi00ODRmLWE0MjYt
NTk1ZWZmYWI3MjFhMB4XDTIzMDgxMDE4MzcxMFoXDTI4MDkxNzE4MzcxMFowezEb
MBkGA1UEAwwSc2NtLTFAZnYtYXoxOTQtOTI2MS0wKwYDVQQLDCRkOWRlY2RhNy00
ZmFmLTQ3ZDItODg4ZS1hYmJjYzUyOWQyNjAxLTArBgNVBAoMJDA4Njk1M2I1LTUy
YWYtNDg0Zi1hNDI2LTU5NWVmZmFiNzIxYTCCASIwDQYJKoZIhvcNAQEBBQADggEP
ADCCAQoCggEBANBvr3OJvfxfHK3+5CQnj36n7c2wkDDUh1N5O1ZgBUHWqJPvUM1C
l43uePuQjQwaMsAhmpMd3zsf0WOWsN1iUr6hSAYh0h/TqlGqyV9QgH+wDPz054Rt
tpfxdCtLE4DMPSNiuaKKxBDb6kYyF9qNV6Y1iFeX8S0hXSWJEnoOlu0nnchGiIdn
E5y9ZlVwqF2LwimUULDBOC72yb55sXUvYlq6b7T0OBmoBUswxvHjUWWq3Lxe9k+x
+AbjNgwQ/PvrAyYgIX4PA60JQXVrAfhy00tHAQb1IBrOoljsllhCA/50sx2t+0Da
wCOuxuDVve1YAr0/4XuP19S7gnDB1WF8sLsCAwEAAaN2MHQwDwYDVR0TAQH/BAUw
AwEB/zAOBgNVHQ8BAf8EBAMCAQYwUQYDVR0RBEowSIcECgEARYJAZnYtYXoxOTQt
OTI2Lm0zdmp4a3o0eHdpdWZpM2gwd3Vya3BhM3JnLmN4LmludGVybmFsLmNsb3Vk
YXBwLm5ldDANBgkqhkiG9w0BAQsFAAOCAQEAa/BLqdt78enVIYfS8MvqJHme+Ezj
O82wGvZM43GsPQqtvVS8lMpkaSHJJ6WczBlW3WSx1S6lrGujg94u9nQ4DxyzE2wN
9lY0E0QAv1Mq2kZaGoG1sj3E+STShKpL+rAfVhMndXsVmKYNvGpRMSmd2a9aPZDH
I6QKqArgxbLzcxJeasrcD9UPrq3ABEBkk72l4PSIiLJjFs1X8clArApb+0xkUca+
2RHYRIPnfgwp/FMFUK+ao8Cnm6D0VquUCyzu1Zg04XESjoN1EevQ2kJ6m9TmqDBL
Ivw1qSbZQjyso1TXaO6IDuvIwCHPKA9UIKe+GZwkJr/sug4ah76ttDFuVA==
-----END CERTIFICATE-----

2023-08-10 18:37:10,159 [Time-limited test] INFO  ha.HASecurityUtils (HASecurityUtils.java:initializeSecurity(121)) - Successfully stored SCM signed certificate.
2023-08-10 18:37:10,160 [Time-limited test] WARN  server.ServerUtils (ServerUtils.java:getScmDbDir(155)) - ozone.scm.db.dirs is not configured. We recommend adding this setting. Falling back to ozone.metadata.dirs instead.
2023-08-10 18:37:10,160 [Time-limited test] INFO  ha.SCMHANodeDetails (SCMHANodeDetails.java:loadSCMHAConfig(210)) - ServiceID for StorageContainerManager is null
2023-08-10 18:37:10,160 [Time-limited test] INFO  ha.SCMHANodeDetails (SCMHANodeDetails.java:loadSCMHAConfig(215)) - ozone.scm.default.service.id is not defined, falling back to ozone.scm.service.ids to find serviceID for StorageContainerManager if it is HA enabled cluster
2023-08-10 18:37:10,166 [pool-328-thread-1] INFO  request.KdcRequest (KdcRequest.java:preauth(651)) - The preauth data is empty.
2023-08-10 18:37:10,166 [pool-328-thread-1] INFO  server.KdcHandler (KdcHandler.java:handleRecoverableException(177)) - KRB error occurred while processing request:Additional pre-authentication required
2023-08-10 18:37:10,180 [pool-328-thread-2] INFO  request.AsRequest (AsRequest.java:issueTicket(112)) - AS_REQ ISSUE: authtime 1691692630180,scm/fv-az194-926.m3vjxkz4xwiufi3h0wurkpa3rg.cx.internal.cloudapp.net@EXAMPLE.COM for krbtgt/EXAMPLE.COM@EXAMPLE.COM
2023-08-10 18:37:10,183 [Time-limited test] INFO  security.UserGroupInformation (UserGroupInformation.java:loginUserFromKeytab(1132)) - Login successful for user scm/fv-az194-926.m3vjxkz4xwiufi3h0wurkpa3rg.cx.internal.cloudapp.net@EXAMPLE.COM using keytab file scm.keytab. Keytab auto renewal enabled : false
2023-08-10 18:37:10,183 [Time-limited test] INFO  server.StorageContainerManager (StorageContainerManager.java:loginAsSCMUserIfSecurityEnabled(1042)) - SCM login successful.
2023-08-10 18:37:10,184 [Time-limited test] INFO  client.SCMCertificateClient (DefaultCertificateClient.java:updateCertSerialId(1244)) - Certificate serial ID set to 1590228779786
2023-08-10 18:37:10,185 [Time-limited test] INFO  client.SCMCertificateClient (DefaultCertificateClient.java:readCertificateFile(237)) - Added certificate   [0]         Version: 3
         SerialNumber: 1590228779786
             IssuerDN: CN=scm-1@fv-az194-926,OU=d9decda7-4faf-47d2-888e-abbcc529d260,O=086953b5-52af-484f-a426-595effab721a
           Start Date: Thu Aug 10 18:37:10 UTC 2023
           Final Date: Sun Sep 17 18:37:10 UTC 2028
            SubjectDN: CN=scm-sub-1590225315498@fv-az194-926,OU=d9decda7-4faf-47d2-888e-abbcc529d260,O=086953b5-52af-484f-a426-595effab721a
           Public Key: RSA Public Key [76:64:5a:85:bf:bb:88:a5:12:02:4a:40:e4:16:41:61:76:55:0c:98],[56:66:d1:a4]
        modulus: 8a7ff910fa157372a0a73646a96d1390c198b6af43764cf7155d361f22148d8260da2d9bb78f0f64120f3cc36dd3ff70f1cd8a32361895e295e23d2a702fda5f084ca8b29b616416a03a0364076a64dfd117ed7ce7dee13c6d270d4554a27c38f10f893cac014db3e2e375bc8656695c6159a2aa95302ab78327575f97f1368ac69d3afeb5996dff7caf1094c12084741d5f709d7391362b4e034c1084d9fefaf5d7364f3ce70c73a8bc15bc1540d4a5d1a1b5ed007da17a2d636aa500aaa7385dd159b6075d58cdf6826d74faef6e55b5628dee937541dabc152a7084b426567563603dd0ad354cf9b2da244cb7b0b7eba6360c9f6f7630710e7faab328e03b
public exponent: 10001

  Signature Algorithm: SHA256WITHRSA
            Signature: 1e295dbc35aea58affab3af1c4698b95b6897497
                       2baaf3a5d444e752a55246eeb867eeba90da365e
                       c5fb0b7f7662e411c6a609d6e691fc8ead94e9ed
                       00e62677abb2c73a2bda916fe42ff292af298ae1
                       9ac04cbd65963c339bd66d900f63378a48d30c8a
                       3561cf12b931ae2f5d6a29a365e0caa910df888a
                       cd5056ad963c4a8db45b0d301b103c84a3981d4f
                       fa3fcc3dc3f7f5d6f17dfdf6238f75cc75f01417
                       4948de33f5b368945ea7369d6e6044e90594c2ba
                       fb83490e56257e3716285c6c49cec0b139849f3b
                       3d1bb7dc9ff8fd0a6811f5bf8a71a0a0e8cf5f73
                       dccdb85280d83bf935c33584252c1a545879f03b
                       7ba40f1ab4d349076f36d89219dcf743
       Extensions: 
                       critical(false) 2.5.29.17 value = Sequence
    Tagged [7] IMPLICIT 
        DER Octet String[4] 
    Tagged [2] IMPLICIT 
        DER Octet String[64] 

                       critical(true) BasicConstraints: isCa(true)
                       critical(true) KeyUsage: 0xbe
 from file: /tmp/junit7263880440697496510/junit5807653769189210206/scm-meta/scm/sub-ca/certs/1590228779786.crt.
2023-08-10 18:37:10,186 [Time-limited test] INFO  client.SCMCertificateClient (DefaultCertificateClient.java:readCertificateFile(237)) - Added certificate   [0]         Version: 3
         SerialNumber: 1
             IssuerDN: CN=scm-1@fv-az194-926,OU=d9decda7-4faf-47d2-888e-abbcc529d260,O=086953b5-52af-484f-a426-595effab721a
           Start Date: Thu Aug 10 18:37:10 UTC 2023
           Final Date: Sun Sep 17 18:37:10 UTC 2028
            SubjectDN: CN=scm-1@fv-az194-926,OU=d9decda7-4faf-47d2-888e-abbcc529d260,O=086953b5-52af-484f-a426-595effab721a
           Public Key: RSA Public Key [3d:38:c0:e3:37:43:1c:b5:a8:d5:2d:44:9c:c3:7f:d0:b5:0e:3d:27],[56:66:d1:a4]
        modulus: d06faf7389bdfc5f1cadfee424278f7ea7edcdb09030d48753793b56600541d6a893ef50cd42978dee78fb908d0c1a32c0219a931ddf3b1fd16396b0dd6252bea1480621d21fd3aa51aac95f50807fb00cfcf4e7846db697f1742b4b1380cc3d2362b9a28ac410dbea463217da8d57a635885797f12d215d2589127a0e96ed279dc846888767139cbd665570a85d8bc2299450b0c1382ef6c9be79b1752f625aba6fb4f43819a8054b30c6f1e35165aadcbc5ef64fb1f806e3360c10fcfbeb032620217e0f03ad0941756b01f872d34b470106f5201acea258ec96584203fe74b31dadfb40dac023aec6e0d5bded5802bd3fe17b8fd7d4bb8270c1d5617cb0bb
public exponent: 10001

  Signature Algorithm: SHA256WITHRSA
            Signature: 6bf04ba9db7bf1e9d52187d2f0cbea24799ef84c
                       e33bcdb01af64ce371ac3d0aadbd54bc94ca6469
                       21c927a59ccc1956dd64b1d52ea5ac6ba383de2e
                       f674380f1cb3136c0df65634134400bf532ada46
                       5a1a81b5b23dc4f924d284aa4bfab01f56132775
                       7b1598a60dbc6a5131299dd9af5a3d90c723a40a
                       a80ae0c5b2f373125e6acadc0fd50faeadc00440
                       6493bda5e0f48888b26316cd57f1c940ac0a5bfb
                       4c6451c6bed911d84483e77e0c29fc530550af9a
                       a3c0a79ba0f456ab940b2ceed59834e171128e83
                       7511ebd0da427a9bd4e6a8304b22fc35a926d942
                       3caca354d768ee880eebc8c021cf280f5420a7be
                       199c2426bfecba0e1a87beadb4316e54
       Extensions: 
                       critical(true) BasicConstraints: isCa(true)
                       critical(true) KeyUsage: 0x6
                       critical(false) 2.5.29.17 value = Sequence
    Tagged [7] IMPLICIT 
        DER Octet String[4] 
    Tagged [2] IMPLICIT 
        DER Octet String[64] 

 from file: /tmp/junit7263880440697496510/junit5807653769189210206/scm-meta/scm/sub-ca/certs/CA-1.crt.
2023-08-10 18:37:10,187 [Time-limited test] INFO  client.SCMCertificateClient (DefaultCertificateClient.java:readCertificateFile(237)) - Added certificate   [0]         Version: 3
         SerialNumber: 1590228779786
             IssuerDN: CN=scm-1@fv-az194-926,OU=d9decda7-4faf-47d2-888e-abbcc529d260,O=086953b5-52af-484f-a426-595effab721a
           Start Date: Thu Aug 10 18:37:10 UTC 2023
           Final Date: Sun Sep 17 18:37:10 UTC 2028
            SubjectDN: CN=scm-sub-1590225315498@fv-az194-926,OU=d9decda7-4faf-47d2-888e-abbcc529d260,O=086953b5-52af-484f-a426-595effab721a
           Public Key: RSA Public Key [76:64:5a:85:bf:bb:88:a5:12:02:4a:40:e4:16:41:61:76:55:0c:98],[56:66:d1:a4]
        modulus: 8a7ff910fa157372a0a73646a96d1390c198b6af43764cf7155d361f22148d8260da2d9bb78f0f64120f3cc36dd3ff70f1cd8a32361895e295e23d2a702fda5f084ca8b29b616416a03a0364076a64dfd117ed7ce7dee13c6d270d4554a27c38f10f893cac014db3e2e375bc8656695c6159a2aa95302ab78327575f97f1368ac69d3afeb5996dff7caf1094c12084741d5f709d7391362b4e034c1084d9fefaf5d7364f3ce70c73a8bc15bc1540d4a5d1a1b5ed007da17a2d636aa500aaa7385dd159b6075d58cdf6826d74faef6e55b5628dee937541dabc152a7084b426567563603dd0ad354cf9b2da244cb7b0b7eba6360c9f6f7630710e7faab328e03b
public exponent: 10001

  Signature Algorithm: SHA256WITHRSA
            Signature: 1e295dbc35aea58affab3af1c4698b95b6897497
                       2baaf3a5d444e752a55246eeb867eeba90da365e
                       c5fb0b7f7662e411c6a609d6e691fc8ead94e9ed
                       00e62677abb2c73a2bda916fe42ff292af298ae1
                       9ac04cbd65963c339bd66d900f63378a48d30c8a
                       3561cf12b931ae2f5d6a29a365e0caa910df888a
                       cd5056ad963c4a8db45b0d301b103c84a3981d4f
                       fa3fcc3dc3f7f5d6f17dfdf6238f75cc75f01417
                       4948de33f5b368945ea7369d6e6044e90594c2ba
                       fb83490e56257e3716285c6c49cec0b139849f3b
                       3d1bb7dc9ff8fd0a6811f5bf8a71a0a0e8cf5f73
                       dccdb85280d83bf935c33584252c1a545879f03b
                       7ba40f1ab4d349076f36d89219dcf743
       Extensions: 
                       critical(false) 2.5.29.17 value = Sequence
    Tagged [7] IMPLICIT 
        DER Octet String[4] 
    Tagged [2] IMPLICIT 
        DER Octet String[64] 

                       critical(true) BasicConstraints: isCa(true)
                       critical(true) KeyUsage: 0xbe
 from file: /tmp/junit7263880440697496510/junit5807653769189210206/scm-meta/scm/sub-ca/certs/certificate.crt.
2023-08-10 18:37:10,187 [Time-limited test] INFO  client.SCMCertificateClient (DefaultCertificateClient.java:loadAllCertificates(191)) - CertificateRenewerService and root ca rotation polling is disabled for scm/sub-ca
2023-08-10 18:37:10,187 [Time-limited test] WARN  utils.HAUtils (HAUtils.java:getMetaDir(339)) - ozone.scm.db.dirs is not configured. We recommend adding this setting. Falling back to ozone.metadata.dirs instead.
2023-08-10 18:37:10,187 [Time-limited test] WARN  db.DBStoreBuilder (DBStoreBuilder.java:applyDBDefinition(166)) - ozone.scm.db.dirs is not configured. We recommend adding this setting. Falling back to ozone.metadata.dirs instead.
2023-08-10 18:37:10,273 [Time-limited test] INFO  net.NodeSchemaLoader (NodeSchemaLoader.java:loadSchemaFromFile(129)) - Loading schema from [jar:file:/home/runner/.m2/repository/org/apache/ozone/hdds-common/1.4.0-SNAPSHOT/hdds-common-1.4.0-SNAPSHOT.jar!/network-topology-default.xml]
2023-08-10 18:37:10,274 [Time-limited test] INFO  net.NodeSchemaLoader (NodeSchemaLoader.java:loadSchema(176)) - Loading network topology layer schema file
2023-08-10 18:37:10,276 [Time-limited test] INFO  upgrade.AbstractLayoutVersionManager (AbstractLayoutVersionManager.java:init(83)) - Initializing Layout version manager with metadata layout = HADOOP_PRC_PORTS_IN_DATANODEDETAILS (version = 7), software layout = HADOOP_PRC_PORTS_IN_DATANODEDETAILS (version = 7)
2023-08-10 18:37:10,277 [Time-limited test] INFO  ha.SequenceIdGenerator (SequenceIdGenerator.java:upgradeToSequenceId(365)) - upgrade localId to 111677748019200000
2023-08-10 18:37:10,278 [Time-limited test] INFO  ha.SequenceIdGenerator (SequenceIdGenerator.java:upgradeToSequenceId(375)) - upgrade delTxnId to 0
2023-08-10 18:37:10,279 [Time-limited test] INFO  ha.SequenceIdGenerator (SequenceIdGenerator.java:upgradeToSequenceId(392)) - upgrade containerId to 0
2023-08-10 18:37:10,279 [Time-limited test] INFO  ha.SequenceIdGenerator (SequenceIdGenerator.java:upgradeToSequenceId(428)) - upgrade rootCertificateId to 1
2023-08-10 18:37:10,279 [Time-limited test] INFO  ha.SequenceIdGenerator (SequenceIdGenerator.java:<init>(236)) - Init the HA SequenceIdGenerator.
2023-08-10 18:37:10,280 [Time-limited test] INFO  node.SCMNodeManager (SCMNodeManager.java:<init>(157)) - Entering startup safe mode.
2023-08-10 18:37:10,281 [Time-limited test] INFO  algorithms.ContainerPlacementPolicyFactory (ContainerPlacementPolicyFactory.java:getPolicyInternal(86)) - Create container placement policy of type org.apache.hadoop.hdds.scm.container.placement.algorithms.SCMContainerPlacementRackAware
2023-08-10 18:37:10,281 [Time-limited test] INFO  algorithms.ContainerPlacementPolicyFactory (ContainerPlacementPolicyFactory.java:getPolicyInternal(86)) - Create container placement policy of type org.apache.hadoop.hdds.scm.container.placement.algorithms.SCMContainerPlacementRackScatter
2023-08-10 18:37:10,281 [Time-limited test] INFO  pipeline.PipelineStateManagerImpl (PipelineStateManagerImpl.java:initialize(78)) - No pipeline exists in current db
2023-08-10 18:37:10,281 [Time-limited test] INFO  algorithms.LeaderChoosePolicyFactory (LeaderChoosePolicyFactory.java:getPolicy(57)) - Create leader choose policy of type org.apache.hadoop.hdds.scm.pipeline.leader.choose.algorithms.MinLeaderCountChoosePolicy
2023-08-10 18:37:10,281 [Time-limited test] INFO  algorithms.ContainerPlacementPolicyFactory (ContainerPlacementPolicyFactory.java:getPolicyInternal(86)) - Create container placement policy of type org.apache.hadoop.hdds.scm.container.placement.algorithms.SCMContainerPlacementRackScatter
2023-08-10 18:37:10,281 [Time-limited test] INFO  ha.SCMServiceManager (SCMServiceManager.java:register(42)) - Registering service BackgroundPipelineCreator.
2023-08-10 18:37:10,282 [Time-limited test] INFO  pipeline.BackgroundPipelineCreator (BackgroundPipelineCreator.java:start(124)) - Starting RatisPipelineUtilsThread.
2023-08-10 18:37:10,286 [Time-limited test] INFO  BackgroundPipelineScrubber (BackgroundSCMService.java:start(68)) - Starting BackgroundPipelineScrubber Service.
2023-08-10 18:37:10,286 [Time-limited test] INFO  ha.SCMServiceManager (SCMServiceManager.java:register(42)) - Registering service BackgroundPipelineScrubber.
2023-08-10 18:37:10,286 [Time-limited test] INFO  ExpiredContainerReplicaOpScrubber (BackgroundSCMService.java:start(68)) - Starting ExpiredContainerReplicaOpScrubber Service.
2023-08-10 18:37:10,286 [Time-limited test] INFO  ha.SCMServiceManager (SCMServiceManager.java:register(42)) - Registering service ExpiredContainerReplicaOpScrubber.
2023-08-10 18:37:10,287 [Time-limited test] INFO  algorithms.PipelineChoosePolicyFactory (PipelineChoosePolicyFactory.java:createPipelineChoosePolicyFromClass(78)) - Create pipeline choose policy of type org.apache.hadoop.hdds.scm.pipeline.choose.algorithms.RandomPipelineChoosePolicy
2023-08-10 18:37:10,287 [Time-limited test] INFO  algorithms.PipelineChoosePolicyFactory (PipelineChoosePolicyFactory.java:createPipelineChoosePolicyFromClass(78)) - Create pipeline choose policy of type org.apache.hadoop.hdds.scm.pipeline.choose.algorithms.RandomPipelineChoosePolicy
2023-08-10 18:37:10,287 [Time-limited test] WARN  util.MBeans (MBeans.java:register(111)) - Failed to register MBean "Hadoop:service=BlockManager,name=BlockManagerImpl-4"
javax.management.NotCompliantMBeanException: MBean class org.apache.hadoop.hdds.scm.block.BlockManagerImpl does not implement DynamicMBean, and neither follows the Standard MBean conventions (javax.management.NotCompliantMBeanException: Class org.apache.hadoop.hdds.scm.block.BlockManagerImpl is not a JMX compliant Standard MBean) nor the MXBean conventions (javax.management.NotCompliantMBeanException: org.apache.hadoop.hdds.scm.block.BlockManagerImpl: Class org.apache.hadoop.hdds.scm.block.BlockManagerImpl is not a JMX compliant MXBean)
	at com.sun.jmx.mbeanserver.Introspector.checkCompliance(Introspector.java:176)
	at com.sun.jmx.interceptor.DefaultMBeanServerInterceptor.registerMBean(DefaultMBeanServerInterceptor.java:317)
	at com.sun.jmx.mbeanserver.JmxMBeanServer.registerMBean(JmxMBeanServer.java:522)
	at org.apache.hadoop.metrics2.util.MBeans.register(MBeans.java:100)
	at org.apache.hadoop.metrics2.util.MBeans.register(MBeans.java:73)
	at org.apache.hadoop.hdds.scm.block.BlockManagerImpl.<init>(BlockManagerImpl.java:94)
	at org.apache.hadoop.hdds.scm.server.StorageContainerManager.initializeSystemManagers(StorageContainerManager.java:787)
	at org.apache.hadoop.hdds.scm.server.StorageContainerManager.<init>(StorageContainerManager.java:401)
	at org.apache.hadoop.hdds.scm.server.StorageContainerManager.createSCM(StorageContainerManager.java:598)
	at org.apache.hadoop.hdds.scm.HddsTestUtils.getScmSimple(HddsTestUtils.java:604)
	at org.apache.hadoop.hdds.scm.HddsTestUtils.getScmSimple(HddsTestUtils.java:589)
	at org.apache.hadoop.ozone.TestSecureOzoneCluster.testAccessControlExceptionOnClient(TestSecureOzoneCluster.java:558)
	at sun.reflect.NativeMethodAccessorImpl.invoke0(Native Method)
	at sun.reflect.NativeMethodAccessorImpl.invoke(NativeMethodAccessorImpl.java:62)
	at sun.reflect.DelegatingMethodAccessorImpl.invoke(DelegatingMethodAccessorImpl.java:43)
	at java.lang.reflect.Method.invoke(Method.java:498)
	at org.junit.runners.model.FrameworkMethod$1.runReflectiveCall(FrameworkMethod.java:59)
	at org.junit.internal.runners.model.ReflectiveCallable.run(ReflectiveCallable.java:12)
	at org.junit.runners.model.FrameworkMethod.invokeExplosively(FrameworkMethod.java:56)
	at org.junit.internal.runners.statements.InvokeMethod.evaluate(InvokeMethod.java:17)
	at org.junit.internal.runners.statements.RunBefores.evaluate(RunBefores.java:26)
	at org.junit.internal.runners.statements.RunAfters.evaluate(RunAfters.java:27)
	at org.junit.rules.ExternalResource$1.evaluate(ExternalResource.java:54)
	at org.junit.internal.runners.statements.FailOnTimeout$CallableStatement.call(FailOnTimeout.java:288)
	at org.junit.internal.runners.statements.FailOnTimeout$CallableStatement.call(FailOnTimeout.java:282)
	at java.util.concurrent.FutureTask.run(FutureTask.java:266)
	at java.lang.Thread.run(Thread.java:750)
2023-08-10 18:37:10,288 [Time-limited test] INFO  ha.SCMServiceManager (SCMServiceManager.java:register(42)) - Registering service SCMBlockDeletingService.
2023-08-10 18:37:10,289 [Time-limited test] INFO  replication.ReplicationManager (ReplicationManager.java:start(287)) - Starting Replication Monitor Thread.
2023-08-10 18:37:10,294 [Time-limited test] INFO  ha.SCMServiceManager (SCMServiceManager.java:register(42)) - Registering service ReplicationManager.
2023-08-10 18:37:10,295 [Time-limited test] INFO  safemode.ContainerSafeModeRule (ContainerSafeModeRule.java:<init>(89)) - containers with one replica threshold count 0
2023-08-10 18:37:10,295 [Time-limited test] INFO  safemode.HealthyPipelineSafeModeRule (HealthyPipelineSafeModeRule.java:initializeRule(169)) - Total pipeline count is 0, healthy pipeline threshold count is 0
2023-08-10 18:37:10,295 [Time-limited test] INFO  safemode.OneReplicaPipelineSafeModeRule (OneReplicaPipelineSafeModeRule.java:initializeRule(180)) - Total pipeline count is 0, pipeline's with at least one datanode reported threshold count is 0
2023-08-10 18:37:10,296 [Time-limited test] INFO  authority.DefaultCAServer (DefaultCAServer.java:lambda$processVerificationStatus$0(472)) - CertificateServer validation is successful
2023-08-10 18:37:10,297 [Time-limited test] INFO  authority.DefaultCAServer (DefaultCAServer.java:lambda$processVerificationStatus$0(472)) - CertificateServer validation is successful
2023-08-10 18:37:10,297 [Time-limited test] INFO  server.StorageContainerManager (StorageContainerManager.java:persistPrimarySCMCerts(932)) - Storing sub-ca certificate serialId 1590228779786 on primary SCM
2023-08-10 18:37:10,298 [Time-limited test] INFO  server.SCMCertStore (SCMCertStore.java:storeValidScmCertificate(122)) - Scm certificate 1590228779786 for CN=scm-sub-1590225315498@fv-az194-926,OU=d9decda7-4faf-47d2-888e-abbcc529d260,O=086953b5-52af-484f-a426-595effab721a is stored
2023-08-10 18:37:10,298 [Time-limited test] INFO  server.StorageContainerManager (StorageContainerManager.java:persistPrimarySCMCerts(940)) - Storing root certificate serialId 1
2023-08-10 18:37:10,298 [ReplicationMonitor] INFO  replication.ReplicationManager (ReplicationManager.java:processAll(361)) - Replication Manager is not ready to run until 300000ms after safemode exit
2023-08-10 18:37:10,304 [Time-limited test] INFO  server.SCMCertStore (SCMCertStore.java:storeValidScmCertificate(122)) - Scm certificate 1 for CN=scm-1@fv-az194-926,OU=d9decda7-4faf-47d2-888e-abbcc529d260,O=086953b5-52af-484f-a426-595effab721a is stored
2023-08-10 18:37:10,305 [Time-limited test] INFO  ipc.CallQueueManager (CallQueueManager.java:<init>(90)) - Using callQueue: class java.util.concurrent.LinkedBlockingQueue, queueCapacity: 200, scheduler: class org.apache.hadoop.ipc.DefaultRpcScheduler, ipcBackoff: false.
2023-08-10 18:37:10,305 [Time-limited test] INFO  ipc.Server (Server.java:<init>(1287)) - Listener at 0.0.0.0:9961
2023-08-10 18:37:10,306 [Socket Reader #1 for port 9961] INFO  ipc.Server (Server.java:run(1323)) - Starting Socket Reader #1 for port 9961
2023-08-10 18:37:10,309 [Time-limited test] INFO  server.StorageContainerManager (StorageContainerManager.java:<init>(425)) - SCM start with adminUsers: [om/fv-az194-926.m3vjxkz4xwiufi3h0wurkpa3rg.cx.internal.cloudapp.net@EXAMPLE.COM, scm]
2023-08-10 18:37:10,309 [Time-limited test] INFO  ipc.CallQueueManager (CallQueueManager.java:<init>(90)) - Using callQueue: class java.util.concurrent.LinkedBlockingQueue, queueCapacity: 10000, scheduler: class org.apache.hadoop.ipc.DefaultRpcScheduler, ipcBackoff: false.
2023-08-10 18:37:10,309 [Time-limited test] INFO  ipc.Server (Server.java:<init>(1287)) - Listener at 0.0.0.0:9861
2023-08-10 18:37:10,313 [Socket Reader #1 for port 9861] INFO  ipc.Server (Server.java:run(1323)) - Starting Socket Reader #1 for port 9861
2023-08-10 18:37:10,317 [Time-limited test] INFO  ipc.CallQueueManager (CallQueueManager.java:<init>(90)) - Using callQueue: class java.util.concurrent.LinkedBlockingQueue, queueCapacity: 10000, scheduler: class org.apache.hadoop.ipc.DefaultRpcScheduler, ipcBackoff: false.
2023-08-10 18:37:10,317 [Time-limited test] INFO  ipc.Server (Server.java:<init>(1287)) - Listener at 0.0.0.0:9863
2023-08-10 18:37:10,318 [Socket Reader #1 for port 9863] INFO  ipc.Server (Server.java:run(1323)) - Starting Socket Reader #1 for port 9863
2023-08-10 18:37:10,321 [Time-limited test] INFO  ipc.CallQueueManager (CallQueueManager.java:<init>(90)) - Using callQueue: class java.util.concurrent.LinkedBlockingQueue, queueCapacity: 10000, scheduler: class org.apache.hadoop.ipc.DefaultRpcScheduler, ipcBackoff: false.
2023-08-10 18:37:10,321 [Time-limited test] INFO  ipc.Server (Server.java:<init>(1287)) - Listener at 0.0.0.0:9860
2023-08-10 18:37:10,321 [Socket Reader #1 for port 9860] INFO  ipc.Server (Server.java:run(1323)) - Starting Socket Reader #1 for port 9860
2023-08-10 18:37:10,331 [Time-limited test] INFO  ha.SCMServiceManager (SCMServiceManager.java:register(42)) - Registering service ContainerBalancer.
2023-08-10 18:37:10,331 [Time-limited test] INFO  server.StorageContainerManager (StorageContainerManager.java:<init>(438)) - 
Container Balancer status:
Key                            Value
Running                        false
Container Balancer Configuration values:
Key                                                Value
Threshold                                          10
Max Datanodes to Involve per Iteration(percent)    20
Max Size to Move per Iteration                     500GB
Max Size Entering Target per Iteration             26GB
Max Size Leaving Source per Iteration              26GB

2023-08-10 18:37:10,331 [Time-limited test] INFO  ha.SCMContext (SCMContext.java:updateSafeModeStatus(228)) - Update SafeModeStatus from SafeModeStatus{safeModeStatus=true, preCheckPassed=false} to SafeModeStatus{safeModeStatus=true, preCheckPassed=false}.
2023-08-10 18:37:10,331 [Time-limited test] WARN  server.ServerUtils (ServerUtils.java:getDBPath(311)) - ozone.om.db.dirs is not configured. We recommend adding this setting. Falling back to ozone.metadata.dirs instead.
2023-08-10 18:37:10,334 [Time-limited test] INFO  ha.OMHANodeDetails (OMHANodeDetails.java:loadOMHAConfig(115)) - ozone.om.internal.service.id is not defined, falling back to ozone.om.service.ids to find serviceID for OzoneManager if it is HA enabled cluster
2023-08-10 18:37:10,335 [Time-limited test] INFO  ha.OMHANodeDetails (OMHANodeDetails.java:loadOMHAConfig(226)) - Configuration does not have ozone.om.address set. Falling back to the default OM address fv-az194-926.m3vjxkz4xwiufi3h0wurkpa3rg.cx.internal.cloudapp.net/10.1.0.69:1202
2023-08-10 18:37:10,335 [Time-limited test] INFO  ha.OMHANodeDetails (OMHANodeDetails.java:getOMNodeDetailsForNonHA(254)) - OM Service ID is not set. Setting it to the default ID: omServiceIdDefault
2023-08-10 18:37:10,335 [Time-limited test] INFO  ha.OMHANodeDetails (OMHANodeDetails.java:getOMNodeDetailsForNonHA(261)) - OM Node ID is not set. Setting it to the default ID: om1
2023-08-10 18:37:10,335 [Time-limited test] WARN  server.ServerUtils (ServerUtils.java:getDBPath(311)) - ozone.om.db.dirs is not configured. We recommend adding this setting. Falling back to ozone.metadata.dirs instead.
2023-08-10 18:37:10,337 [Time-limited test] INFO  upgrade.AbstractLayoutVersionManager (AbstractLayoutVersionManager.java:init(83)) - Initializing Layout version manager with metadata layout = QUOTA (version = 6), software layout = QUOTA (version = 6)
2023-08-10 18:37:10,409 [Time-limited test] INFO  reflections.Reflections (Reflections.java:scan(232)) - Reflections took 69 ms to scan 2 urls, producing 188 keys and 512 values [using 2 cores]
2023-08-10 18:37:10,409 [Time-limited test] INFO  upgrade.OMLayoutVersionManager (OMLayoutVersionManager.java:lambda$0(115)) - Skipping Upgrade Action MockOmUpgradeAction since it has been finalized.
2023-08-10 18:37:10,409 [Time-limited test] INFO  upgrade.OMLayoutVersionManager (OMLayoutVersionManager.java:lambda$0(115)) - Skipping Upgrade Action QuotaRepairUpgradeAction since it has been finalized.
2023-08-10 18:37:10,411 [pool-328-thread-2] INFO  request.KdcRequest (KdcRequest.java:preauth(651)) - The preauth data is empty.
2023-08-10 18:37:10,411 [pool-328-thread-2] INFO  server.KdcHandler (KdcHandler.java:handleRecoverableException(177)) - KRB error occurred while processing request:Additional pre-authentication required
2023-08-10 18:37:10,419 [pool-328-thread-2] INFO  request.AsRequest (AsRequest.java:issueTicket(112)) - AS_REQ ISSUE: authtime 1691692630419,om/fv-az194-926.m3vjxkz4xwiufi3h0wurkpa3rg.cx.internal.cloudapp.net@EXAMPLE.COM for krbtgt/EXAMPLE.COM@EXAMPLE.COM
2023-08-10 18:37:10,420 [Time-limited test] INFO  security.UserGroupInformation (UserGroupInformation.java:loginUserFromKeytab(1132)) - Login successful for user om/fv-az194-926.m3vjxkz4xwiufi3h0wurkpa3rg.cx.internal.cloudapp.net@EXAMPLE.COM using keytab file om.keytab. Keytab auto renewal enabled : false
2023-08-10 18:37:10,420 [Time-limited test] INFO  om.OzoneManager (OzoneManager.java:loginOMUser(1161)) - Ozone Manager login successful.
2023-08-10 18:37:10,420 [Time-limited test] WARN  server.ServerUtils (ServerUtils.java:getDBPath(311)) - ozone.om.db.dirs is not configured. We recommend adding this setting. Falling back to ozone.metadata.dirs instead.
2023-08-10 18:37:10,421 [Time-limited test] INFO  proxy.SCMBlockLocationFailoverProxyProvider (SCMBlockLocationFailoverProxyProvider.java:<init>(114)) - Created block location fail-over proxy with 1 nodes: [nodeId=scmNodeId,nodeAddress=/0.0.0.0:9863]
2023-08-10 18:37:10,422 [Time-limited test] INFO  om.OzoneManager (OzoneManager.java:getOmDetailsProto(4555)) - OzoneManager ports added:[name: "RPC"
value: 1202
]
2023-08-10 18:37:10,423 [Time-limited test] INFO  security.OMCertificateClient (DefaultCertificateClient.java:updateCertSerialId(1244)) - Certificate serial ID set to 9879877970576
2023-08-10 18:37:10,423 [Time-limited test] WARN  security.OMCertificateClient (DefaultCertificateClient.java:loadAllCertificates(173)) - Certificates could not be loaded.
java.nio.file.NoSuchFileException: /tmp/junit7263880440697496510/junit5807653769189210206/scm-meta/om/certs
	at sun.nio.fs.UnixException.translateToIOException(UnixException.java:86)
	at sun.nio.fs.UnixException.rethrowAsIOException(UnixException.java:102)
	at sun.nio.fs.UnixException.rethrowAsIOException(UnixException.java:107)
	at sun.nio.fs.UnixFileSystemProvider.newDirectoryStream(UnixFileSystemProvider.java:427)
	at java.nio.file.Files.newDirectoryStream(Files.java:457)
	at java.nio.file.Files.list(Files.java:3451)
	at org.apache.hadoop.hdds.security.x509.certificate.client.DefaultCertificateClient.loadAllCertificates(DefaultCertificateClient.java:168)
	at org.apache.hadoop.hdds.security.x509.certificate.client.DefaultCertificateClient.updateCertSerialId(DefaultCertificateClient.java:1245)
	at org.apache.hadoop.hdds.security.x509.certificate.client.DefaultCertificateClient.<init>(DefaultCertificateClient.java:157)
	at org.apache.hadoop.hdds.security.x509.certificate.client.CommonCertificateClient.<init>(CommonCertificateClient.java:49)
	at org.apache.hadoop.ozone.security.OMCertificateClient.<init>(OMCertificateClient.java:68)
	at org.apache.hadoop.ozone.om.OzoneManager.<init>(OzoneManager.java:640)
	at org.apache.hadoop.ozone.om.OzoneManager.createOm(OzoneManager.java:754)
	at org.apache.hadoop.ozone.TestSecureOzoneCluster.setupOm(TestSecureOzoneCluster.java:701)
	at org.apache.hadoop.ozone.TestSecureOzoneCluster.testAccessControlExceptionOnClient(TestSecureOzoneCluster.java:561)
	at sun.reflect.NativeMethodAccessorImpl.invoke0(Native Method)
	at sun.reflect.NativeMethodAccessorImpl.invoke(NativeMethodAccessorImpl.java:62)
	at sun.reflect.DelegatingMethodAccessorImpl.invoke(DelegatingMethodAccessorImpl.java:43)
	at java.lang.reflect.Method.invoke(Method.java:498)
	at org.junit.runners.model.FrameworkMethod$1.runReflectiveCall(FrameworkMethod.java:59)
	at org.junit.internal.runners.model.ReflectiveCallable.run(ReflectiveCallable.java:12)
	at org.junit.runners.model.FrameworkMethod.invokeExplosively(FrameworkMethod.java:56)
	at org.junit.internal.runners.statements.InvokeMethod.evaluate(InvokeMethod.java:17)
	at org.junit.internal.runners.statements.RunBefores.evaluate(RunBefores.java:26)
	at org.junit.internal.runners.statements.RunAfters.evaluate(RunAfters.java:27)
	at org.junit.rules.ExternalResource$1.evaluate(ExternalResource.java:54)
	at org.junit.internal.runners.statements.FailOnTimeout$CallableStatement.call(FailOnTimeout.java:288)
	at org.junit.internal.runners.statements.FailOnTimeout$CallableStatement.call(FailOnTimeout.java:282)
	at java.util.concurrent.FutureTask.run(FutureTask.java:266)
	at java.lang.Thread.run(Thread.java:750)
2023-08-10 18:37:10,434 [Time-limited test] INFO  om.OzoneManager (OzoneManager.java:<init>(662)) - OM start with adminUsers: [om/fv-az194-926.m3vjxkz4xwiufi3h0wurkpa3rg.cx.internal.cloudapp.net@EXAMPLE.COM, om]
2023-08-10 18:37:10,436 [Time-limited test] WARN  server.ServerUtils (ServerUtils.java:getDBPath(311)) - ozone.om.db.dirs is not configured. We recommend adding this setting. Falling back to ozone.metadata.dirs instead.
2023-08-10 18:37:10,438 [Time-limited test] INFO  helpers.OmKeyInfo (OmKeyInfo.java:getCodec(71)) - OmKeyInfo.getCodec ignorePipeline = true
2023-08-10 18:37:10,597 [Time-limited test] INFO  om.OzoneManager (OzoneManager.java:instantiateServices(791)) - S3 Multi-Tenancy is disabled
2023-08-10 18:37:10,597 [Time-limited test] INFO  security.OzoneSecretStore (OzoneSecretStore.java:loadState(69)) - Loaded 0 tokens
2023-08-10 18:37:10,597 [Time-limited test] INFO  security.OzoneDelegationTokenSecretManager (OzoneDelegationTokenSecretManager.java:loadTokenSecretState(530)) - Loading token state into token manager.
2023-08-10 18:37:10,598 [Time-limited test] INFO  om.OmSnapshotManager (OmSnapshotManager.java:<init>(175)) - Ozone filesystem snapshot feature is enabled.
2023-08-10 18:37:10,598 [Time-limited test] WARN  server.ServerUtils (ServerUtils.java:getDBPath(311)) - ozone.om.snapshot.diff.db.dir is not configured. We recommend adding this setting. Falling back to ozone.metadata.dirs instead.
2023-08-10 18:37:10,616 [Time-limited test] INFO  snapshot.SnapshotDiffManager (SnapshotDiffManager.java:closeExecutorService(1720)) - Shutting down executorService: 'SstDumpToolExecutor'
2023-08-10 18:37:10,619 [Time-limited test] INFO  om.OzoneManager (OzoneManager.java:addS3GVolumeToDB(4287)) - Created Volume s3v With Owner om required for S3Gateway operations.
2023-08-10 18:37:10,619 [Time-limited test] WARN  server.ServerUtils (ServerUtils.java:getDefaultRatisDirectory(323)) - Storage directory for Ratis is not configured. It is a good idea to map this to an SSD disk. Falling back to ozone.metadata.dirs
2023-08-10 18:37:10,621 [Time-limited test] WARN  utils.OzoneManagerRatisUtils (OzoneManagerRatisUtils.java:getOMRatisSnapshotDirectory(461)) - ozone.om.ratis.snapshot.dir is not configured. Falling back to ozone.metadata.dirs config
2023-08-10 18:37:10,621 [Time-limited test] WARN  server.ServerUtils (ServerUtils.java:getDefaultRatisDirectory(323)) - Storage directory for Ratis is not configured. It is a good idea to map this to an SSD disk. Falling back to ozone.metadata.dirs
2023-08-10 18:37:10,625 [Time-limited test] INFO  ratis.OzoneManagerRatisServer (OzoneManagerRatisServer.java:<init>(163)) - Instantiating OM Ratis server with groupID: omServiceIdDefault and peers: fv-az194-926.m3vjxkz4xwiufi3h0wurkpa3rg.cx.internal.cloudapp.net:9872
2023-08-10 18:37:10,625 [Time-limited test] INFO  ratis.OzoneManagerStateMachine (OzoneManagerStateMachine.java:loadSnapshotInfoFromDB(687)) - LastAppliedIndex is set from TransactionInfo from OM DB as (t:0, i:~)
2023-08-10 18:37:10,625 [Time-limited test] INFO  server.RaftServer (ConfUtils.java:logGet(46)) - raft.rpc.type = GRPC (default)
2023-08-10 18:37:10,626 [Time-limited test] INFO  grpc.GrpcConfigKeys (ConfUtils.java:logFallback(53)) - raft.grpc.admin.host = null (fallback to raft.grpc.server.host)
2023-08-10 18:37:10,626 [Time-limited test] INFO  grpc.GrpcConfigKeys (ConfUtils.java:logFallback(53)) - raft.grpc.admin.port = 9872 (fallback to raft.grpc.server.port)
2023-08-10 18:37:10,626 [Time-limited test] INFO  grpc.GrpcConfigKeys (ConfUtils.java:logFallback(53)) - raft.grpc.client.host = null (fallback to raft.grpc.server.host)
2023-08-10 18:37:10,626 [Time-limited test] INFO  grpc.GrpcConfigKeys (ConfUtils.java:logFallback(53)) - raft.grpc.client.port = 9872 (fallback to raft.grpc.server.port)
2023-08-10 18:37:10,626 [Time-limited test] INFO  grpc.GrpcConfigKeys (ConfUtils.java:logGet(46)) - raft.grpc.server.host = null (default)
2023-08-10 18:37:10,626 [Time-limited test] INFO  grpc.GrpcConfigKeys (ConfUtils.java:logGet(46)) - raft.grpc.server.port = 9872 (custom)
2023-08-10 18:37:10,626 [Time-limited test] INFO  server.GrpcService (ConfUtils.java:logGet(46)) - raft.grpc.message.size.max = 33554432 (custom)
2023-08-10 18:37:10,626 [Time-limited test] INFO  server.RaftServerConfigKeys (ConfUtils.java:logGet(46)) - raft.server.log.appender.buffer.byte-limit = 33554432 (custom)
2023-08-10 18:37:10,626 [Time-limited test] INFO  server.GrpcService (ConfUtils.java:logGet(46)) - raft.grpc.flow.control.window = 1MB (=1048576) (default)
2023-08-10 18:37:10,626 [Time-limited test] INFO  server.RaftServerConfigKeys (ConfUtils.java:logGet(46)) - raft.server.rpc.request.timeout = 3000ms (default)
2023-08-10 18:37:10,626 [Time-limited test] INFO  grpc.GrpcConfigKeys (ConfUtils.java:logGet(46)) - raft.grpc.server.heartbeat.channel = true (default)
2023-08-10 18:37:10,626 [Time-limited test] INFO  grpc.GrpcConfigKeys (ConfUtils.java:logGet(46)) - raft.grpc.server.async.request.thread.pool.cached = true (default)
2023-08-10 18:37:10,626 [Time-limited test] INFO  grpc.GrpcConfigKeys (ConfUtils.java:logGet(46)) - raft.grpc.server.async.request.thread.pool.size = 32 (default)
2023-08-10 18:37:10,627 [Time-limited test] INFO  impl.DataStreamServerImpl (ConfUtils.java:logGet(46)) - raft.datastream.type = DISABLED (default)
2023-08-10 18:37:10,628 [Time-limited test] INFO  server.RaftServerConfigKeys (ConfUtils.java:logGet(46)) - raft.server.threadpool.proxy.cached = true (default)
2023-08-10 18:37:10,628 [Time-limited test] INFO  server.RaftServerConfigKeys (ConfUtils.java:logGet(46)) - raft.server.threadpool.proxy.size = 0 (default)
2023-08-10 18:37:10,628 [Time-limited test] INFO  server.RaftServerConfigKeys (ConfUtils.java:logGet(46)) - raft.server.rpc.slowness.timeout = 120s (custom)
2023-08-10 18:37:10,628 [Time-limited test] INFO  server.RaftServerConfigKeys (ConfUtils.java:logGet(46)) - raft.server.leaderelection.leader.step-down.wait-time = 10s (default)
2023-08-10 18:37:10,628 [Time-limited test] INFO  server.RaftServerConfigKeys (ConfUtils.java:logGet(46)) - raft.server.storage.dir = [/tmp/junit7263880440697496510/junit5807653769189210206/scm-meta/ratis] (custom)
2023-08-10 18:37:10,628 [Time-limited test] INFO  server.RaftServer (RaftServerProxy.java:addNew(98)) - om1: addNew group-C5BA1605619E:[om1|rpc:fv-az194-926.m3vjxkz4xwiufi3h0wurkpa3rg.cx.internal.cloudapp.net:9872|priority:0|startupRole:FOLLOWER] returns group-C5BA1605619E:java.util.concurrent.CompletableFuture@7b341810[Not completed]
2023-08-10 18:37:10,628 [Time-limited test] INFO  om.OzoneManager (OzoneManager.java:initializeRatisServer(2128)) - OzoneManager Ratis server initialized at port 9872
RaftServerImpl.java:<init>(198)) - om1: new RaftServerImpl for group-C5BA1605619E:[om1|rpc:fv-az194-926.m3vjxkz4xwiufi3h0wurkpa3rg.cx.internal.cloudapp.net:9872|priority:0|startupRole:FOLLOWER] with OzoneManagerStateMachine:uninitialized
2023-08-10 18:37:10,629 [om1-groupManagement] INFO  server.RaftServerConfigKeys (ConfUtils.java:logGet(46)) - raft.server.rpc.timeout.min = 5s (custom)
2023-08-10 18:37:10,629 [om1-groupManagement] INFO  server.RaftServerConfigKeys (ConfUtils.java:logGet(46)) - raft.server.rpc.timeout.max = 5200ms (custom)
2023-08-10 18:37:10,629 [om1-groupManagement] INFO  server.RaftServerConfigKeys (ConfUtils.java:logGet(46)) - raft.server.rpc.sleep.time = 25ms (default)
2023-08-10 18:37:10,629 [om1-groupManagement] INFO  server.RaftServerConfigKeys (ConfUtils.java:logGet(46)) - raft.server.rpc.slowness.timeout = 120s (custom)
2023-08-10 18:37:10,629 [om1-groupManagement] INFO  server.RaftServerConfigKeys (ConfUtils.java:logGet(46)) - raft.server.leaderelection.leader.step-down.wait-time = 10s (default)
2023-08-10 18:37:10,629 [om1-groupManagement] INFO  server.RaftServerConfigKeys (ConfUtils.java:logGet(46)) - raft.server.sleep.deviation.threshold = 300ms (default)
2023-08-10 18:37:10,629 [om1-groupManagement] INFO  server.RaftServer$Division (ServerState.java:<init>(120)) - om1@group-C5BA1605619E: ConfigurationManager, init=-1: peers:[om1|rpc:fv-az194-926.m3vjxkz4xwiufi3h0wurkpa3rg.cx.internal.cloudapp.net:9872|priority:0|startupRole:FOLLOWER]|listeners:[], old=null, confs=<EMPTY_MAP>
2023-08-10 18:37:10,629 [om1-groupManagement] INFO  server.RaftServerConfigKeys (ConfUtils.java:logGet(46)) - raft.server.storage.dir = [/tmp/junit7263880440697496510/junit5807653769189210206/scm-meta/ratis] (custom)
2023-08-10 18:37:10,629 [om1-groupManagement] INFO  server.RaftServerConfigKeys (ConfUtils.java:logGet(46)) - raft.server.log.corruption.policy = EXCEPTION (default)
2023-08-10 18:37:10,629 [om1-groupManagement] INFO  server.RaftServerConfigKeys (ConfUtils.java:logGet(46)) - raft.server.storage.free-space.min = 0MB (=0) (default)
2023-08-10 18:37:10,629 [om1-groupManagement] INFO  server.RaftServerConfigKeys (ConfUtils.java:logGet(46)) - raft.server.notification.no-leader.timeout = 120s (custom)
2023-08-10 18:37:10,629 [om1-groupManagement] INFO  server.RaftServerConfigKeys (ConfUtils.java:logGet(46)) - raft.server.read.timeout = 10s (default)
2023-08-10 18:37:10,629 [om1-groupManagement] INFO  server.RaftServerConfigKeys (ConfUtils.java:logGet(46)) - raft.server.retrycache.expirytime = 300s (custom)
2023-08-10 18:37:10,629 [om1-groupManagement] INFO  server.RaftServerConfigKeys (ConfUtils.java:logGet(46)) - raft.server.retrycache.statistics.expirytime = 100μs (default)
2023-08-10 18:37:10,629 [om1-groupManagement] INFO  server.RaftServerConfigKeys (ConfUtils.java:logGet(46)) - raft.server.read.option = DEFAULT (default)
2023-08-10 18:37:10,628 [Time-limited test] INFO  om.OzoneManager (OzoneManager.java:initializeRatisServer(2128)) - OzoneManager Ratis server initialized at port 9872
2023-08-10 18:37:10,630 [Time-limited test] INFO  om.OzoneManager (OzoneManager.java:getRpcServer(1193)) - Creating RPC Server
2023-08-10 18:37:10,630 [om1-groupManagement] INFO  server.RaftServerConfigKeys (ConfUtils.java:logGet(46)) - raft.server.rpc.request.timeout = 3000ms (default)
2023-08-10 18:37:10,635 [om1-groupManagement] INFO  server.RaftServerConfigKeys (ConfUtils.java:logGet(46)) - raft.server.log.appender.install.snapshot.enabled = false (custom)
2023-08-10 18:37:10,635 [om1-groupManagement] INFO  server.RaftServerConfigKeys (ConfUtils.java:logGet(46)) - raft.server.threadpool.server.cached = true (default)
2023-08-10 18:37:10,635 [om1-groupManagement] INFO  server.RaftServerConfigKeys (ConfUtils.java:logGet(46)) - raft.server.threadpool.server.size = 0 (default)
2023-08-10 18:37:10,635 [om1-groupManagement] INFO  server.RaftServerConfigKeys (ConfUtils.java:logGet(46)) - raft.server.threadpool.client.cached = true (default)
2023-08-10 18:37:10,635 [om1-groupManagement] INFO  server.RaftServerConfigKeys (ConfUtils.java:logGet(46)) - raft.server.threadpool.client.size = 0 (default)
2023-08-10 18:37:11,010 [Time-limited test] INFO  reflections.Reflections (Reflections.java:scan(232)) - Reflections took 375 ms to scan 19 urls, producing 70 keys and 5612 values [using 2 cores]
2023-08-10 18:37:11,012 [Time-limited test] INFO  ipc.CallQueueManager (CallQueueManager.java:<init>(90)) - Using callQueue: class java.util.concurrent.LinkedBlockingQueue, queueCapacity: 10000, scheduler: class org.apache.hadoop.ipc.DefaultRpcScheduler, ipcBackoff: false.
2023-08-10 18:37:11,013 [Time-limited test] INFO  ipc.Server (Server.java:<init>(1287)) - Listener at fv-az194-926.m3vjxkz4xwiufi3h0wurkpa3rg.cx.internal.cloudapp.net:1202
2023-08-10 18:37:11,014 [Socket Reader #1 for port 1202] INFO  ipc.Server (Server.java:run(1323)) - Starting Socket Reader #1 for port 1202
2023-08-10 18:37:11,564 [Time-limited test] INFO  utils.SelfSignedCertificate (SelfSignedCertificate.java:generateCertificate(157)) - Certificate 1 is issued by CN=rootCA@localhost,OU=scm1,O=cluster1 to CN=rootCA@localhost,OU=scm1,O=cluster1, valid from Thu Aug 10 18:37:11 UTC 2023 to Sun Sep 17 18:37:11 UTC 2028
2023-08-10 18:37:11,567 [Time-limited test] INFO  authority.DefaultApprover (DefaultApprover.java:sign(154)) - Extensions in CSR: 2.5.29.15
2023-08-10 18:37:11,567 [Time-limited test] INFO  authority.DefaultApprover (DefaultApprover.java:sign(158)) - Extensions to add to the certificate if they present in CSR: 2.5.29.17, 2.5.29.19, 1.3.6.1.5.5.7.1.12, 2.5.29.35, 2.5.29.37, 2.5.29.15
2023-08-10 18:37:11,570 [Time-limited test] INFO  ssl.ReloadingX509KeyManager (ReloadingX509KeyManager.java:loadKeyManager(222)) - Key manager is loaded with certificate chain
2023-08-10 18:37:11,571 [Time-limited test] INFO  ssl.ReloadingX509KeyManager (ReloadingX509KeyManager.java:loadKeyManager(224)) - [
[
  Version: V3
  Subject: O=cluster1, OU=scm1, CN=localhost
  Signature Algorithm: SHA256withRSA, OID = 1.2.840.113549.1.1.11

  Key:  Sun RSA public key, 2048 bits
  params: null
  modulus: 18273234211468305367779641850236723176887655735999733535118537951943474408188017303289569463105577507203291050732705394748239952016847366127752580223149779790646245744443707801173577554050626909799462380118785516847189215659437554609590360360059377325288349633081574544643208797638435291079189312911944726325434446541632399576344306693570404978790173079680377640153203010007233396901869653018917834860407929229460775949586339476935646313291803388771230459355824435349413453873535660747100427337735517117414360502114206561781973377184304590832076867328664462274160792487270249826386891882695312251135698105213525477591
  public exponent: 65537
  Validity: [From: Thu Aug 10 18:37:11 UTC 2023,
               To: Fri Aug 09 18:37:11 UTC 2024]
  Issuer: O=cluster1, OU=scm1, CN=rootCA@localhost
  SerialNumber: [    0172953c b5a1]

Certificate Extensions: 1
[1]: ObjectId: 2.5.29.15 Criticality=true
KeyUsage [
  DigitalSignature
  Key_Encipherment
  Data_Encipherment
  Key_Agreement
]

]
  Algorithm: [SHA256withRSA]
  Signature:
0000: 5D 85 9F 3B CB B7 8C DA   A1 01 25 D7 70 67 95 86  ]..;......%.pg..
0010: EC 72 1B 69 49 02 FC D2   65 B1 86 63 B6 10 DE 9A  .r.iI...e..c....
0020: E9 B1 67 A3 95 D6 91 36   98 E9 0F C6 89 38 55 CC  ..g....6.....8U.
0030: 58 87 81 1C 69 2A 3B DE   4C 9A 69 0A 4D 89 78 77  X...i*;.L.i.M.xw
0040: AD 59 D2 8A 90 83 2C 77   BE EC 78 8D E0 1F 14 62  .Y....,w..x....b
0050: EA C4 B5 6B 91 21 30 16   AE 91 E6 9E 77 D6 22 21  ...k.!0.....w."!
0060: EE 87 C8 A8 BD D6 E5 07   4D 77 2A 2E 2E DE E6 DF  ........Mw*.....
0070: E6 62 96 44 B1 33 00 4D   1F 67 10 9C E2 40 67 DA  .b.D.3.M.g...@g.
0080: 56 5B 50 6B 3A 30 7A 22   8A F2 4D 7E 60 79 CB 57  V[Pk:0z"..M.`y.W
0090: A7 CE 84 B3 02 C3 43 02   31 E5 BE 23 68 EE A3 51  ......C.1..#h..Q
00A0: 2D AD 72 70 E0 0B A7 34   31 7E E0 41 03 5C 36 DF  -.rp...41..A.\6.
00B0: BE 08 38 36 E4 60 FE DF   BB 2A B5 CA E7 68 0C DF  ..86.`...*...h..
00C0: 75 63 79 9C 74 07 E2 FA   6E F8 B6 BB B0 0D 4A DC  ucy.t...n.....J.
00D0: 16 68 D7 76 2D 39 8C 5D   20 F9 C4 34 07 00 30 CC  .h.v-9.] ..4..0.
00E0: EB 49 44 BD EA 04 6B 19   A3 DC 97 B7 F9 88 86 F9  .ID...k.........
00F0: 92 BA 40 79 AA 25 C4 5E   2E BF 27 89 59 0F AA 60  ..@y.%.^..'.Y..`

]
2023-08-10 18:37:11,572 [Time-limited test] INFO  ssl.ReloadingX509KeyManager (ReloadingX509KeyManager.java:loadKeyManager(224)) - [
[
  Version: V3
  Subject: O=cluster1, OU=scm1, CN=rootCA@localhost
  Signature Algorithm: SHA256withRSA, OID = 1.2.840.113549.1.1.11

  Key:  Sun RSA public key, 2048 bits
  params: null
  modulus: 23350848544071668719188506973317198041232617662633946107575596941052680719545187184890056304158436583027393135286827721185586172033927488216822414130702070117230164204287654872834158285465831368960686479010607681312686014219110304841647828309752779358967912696803101273437224223507382395020830407911407842545383117464267347601711572893795449289688278690593438163126618024771274653063263526427964547730625427801851648445692550403453339262883991755468495403495137063575300966761282302639672119408443954796447449454304606323520702422693879986958593660258230044162985678882237821696097451413815170973543048756311985327027
  public exponent: 65537
  Validity: [From: Thu Aug 10 18:37:11 UTC 2023,
               To: Sun Sep 17 18:37:11 UTC 2028]
  Issuer: O=cluster1, OU=scm1, CN=rootCA@localhost
  SerialNumber: [    01]

Certificate Extensions: 2
[1]: ObjectId: 2.5.29.19 Criticality=true
BasicConstraints:[
  CA:true
  PathLen:2147483647
]

[2]: ObjectId: 2.5.29.15 Criticality=true
KeyUsage [
  Key_CertSign
  Crl_Sign
]

]
  Algorithm: [SHA256withRSA]
  Signature:
0000: B7 6E 33 84 59 0A 26 32   6E 01 0E F4 E1 F2 C2 25  .n3.Y.&2n......%
0010: 29 81 9F F4 57 4B 48 89   A2 8C 29 7B 88 A0 ED AB  )...WKH...).....
0020: 0D 5E 79 30 CD 38 16 56   95 E4 79 CB 84 2E A7 4E  .^y0.8.V..y....N
0030: CA 9F 7B 51 23 F3 03 BC   29 8C E3 A1 BB 6C 65 AE  ...Q#...)....le.
0040: 35 2D 05 A1 4B 9F 0D 9A   3B 21 94 69 17 C0 61 A2  5-..K...;!.i..a.
0050: FD FD 8B 4D 11 FD 24 45   B8 B4 24 56 FB 8B FD DA  ...M..$E..$V....
0060: 79 A6 8C E7 25 D5 57 EE   1B CD BE 8C 2D D5 13 14  y...%.W.....-...
0070: E7 79 A1 FC 2C A0 F4 68   B3 CC A4 22 C8 A5 AC 18  .y..,..h..."....
0080: F1 1A 14 B0 91 80 9E E8   99 F9 9E 5C 85 7C 4F A0  ...........\..O.
0090: 24 E8 92 15 6C DD AE 20   E4 22 40 E8 10 3A BC F8  $...l.. ."@..:..
00A0: 1C 04 16 FE CA CC E9 0D   06 3F 9C B3 6B A3 96 FC  .........?..k...
00B0: 41 39 D0 0B 9F 22 62 30   4F 33 A2 26 6D 0C 8D 34  A9..."b0O3.&m..4
00C0: 97 18 90 91 4E 48 B2 55   7D 25 70 84 1B 5F 53 D3  ....NH.U.%p.._S.
00D0: EA 75 10 53 9D B1 20 F3   81 1D 79 42 56 42 21 D9  .u.S.. ...yBVB!.
00E0: D4 4A 75 84 03 4A CA 08   DE 13 F8 D2 79 5A 46 C6  .Ju..J......yZF.
00F0: 31 05 D6 58 1D 43 7D E2   98 EC 1C C3 91 27 E0 01  1..X.C.......'..

]
2023-08-10 18:37:11,572 [Time-limited test] INFO  ssl.ReloadingX509TrustManager (ReloadingX509TrustManager.java:insertCertsToKeystore(188)) - Trust manager is loaded with certificates
2023-08-10 18:37:11,573 [Time-limited test] INFO  ssl.ReloadingX509TrustManager (ReloadingX509TrustManager.java:insertCertsToKeystore(192)) - [
[
  Version: V3
  Subject: O=cluster1, OU=scm1, CN=rootCA@localhost
  Signature Algorithm: SHA256withRSA, OID = 1.2.840.113549.1.1.11

  Key:  Sun RSA public key, 2048 bits
  params: null
  modulus: 23350848544071668719188506973317198041232617662633946107575596941052680719545187184890056304158436583027393135286827721185586172033927488216822414130702070117230164204287654872834158285465831368960686479010607681312686014219110304841647828309752779358967912696803101273437224223507382395020830407911407842545383117464267347601711572893795449289688278690593438163126618024771274653063263526427964547730625427801851648445692550403453339262883991755468495403495137063575300966761282302639672119408443954796447449454304606323520702422693879986958593660258230044162985678882237821696097451413815170973543048756311985327027
  public exponent: 65537
  Validity: [From: Thu Aug 10 18:37:11 UTC 2023,
               To: Sun Sep 17 18:37:11 UTC 2028]
  Issuer: O=cluster1, OU=scm1, CN=rootCA@localhost
  SerialNumber: [    01]

Certificate Extensions: 2
[1]: ObjectId: 2.5.29.19 Criticality=true
BasicConstraints:[
  CA:true
  PathLen:2147483647
]

[2]: ObjectId: 2.5.29.15 Criticality=true
KeyUsage [
  Key_CertSign
  Crl_Sign
]

]
  Algorithm: [SHA256withRSA]
  Signature:
0000: B7 6E 33 84 59 0A 26 32   6E 01 0E F4 E1 F2 C2 25  .n3.Y.&2n......%
0010: 29 81 9F F4 57 4B 48 89   A2 8C 29 7B 88 A0 ED AB  )...WKH...).....
0020: 0D 5E 79 30 CD 38 16 56   95 E4 79 CB 84 2E A7 4E  .^y0.8.V..y....N
0030: CA 9F 7B 51 23 F3 03 BC   29 8C E3 A1 BB 6C 65 AE  ...Q#...)....le.
0040: 35 2D 05 A1 4B 9F 0D 9A   3B 21 94 69 17 C0 61 A2  5-..K...;!.i..a.
0050: FD FD 8B 4D 11 FD 24 45   B8 B4 24 56 FB 8B FD DA  ...M..$E..$V....
0060: 79 A6 8C E7 25 D5 57 EE   1B CD BE 8C 2D D5 13 14  y...%.W.....-...
0070: E7 79 A1 FC 2C A0 F4 68   B3 CC A4 22 C8 A5 AC 18  .y..,..h..."....
0080: F1 1A 14 B0 91 80 9E E8   99 F9 9E 5C 85 7C 4F A0  ...........\..O.
0090: 24 E8 92 15 6C DD AE 20   E4 22 40 E8 10 3A BC F8  $...l.. ."@..:..
00A0: 1C 04 16 FE CA CC E9 0D   06 3F 9C B3 6B A3 96 FC  .........?..k...
00B0: 41 39 D0 0B 9F 22 62 30   4F 33 A2 26 6D 0C 8D 34  A9..."b0O3.&m..4
00C0: 97 18 90 91 4E 48 B2 55   7D 25 70 84 1B 5F 53 D3  ....NH.U.%p.._S.
00D0: EA 75 10 53 9D B1 20 F3   81 1D 79 42 56 42 21 D9  .u.S.. ...yBVB!.
00E0: D4 4A 75 84 03 4A CA 08   DE 13 F8 D2 79 5A 46 C6  .Ju..J......yZF.
00F0: 31 05 D6 58 1D 43 7D E2   98 EC 1C C3 91 27 E0 01  1..X.C.......'..

]
2023-08-10 18:37:11,573 [Time-limited test] INFO  ssl.ReloadingX509KeyManager (ReloadingX509KeyManager.java:loadKeyManager(222)) - Key manager is loaded with certificate chain
2023-08-10 18:37:11,573 [Time-limited test] INFO  ssl.ReloadingX509KeyManager (ReloadingX509KeyManager.java:loadKeyManager(224)) - [
[
  Version: V3
  Subject: O=cluster1, OU=scm1, CN=localhost
  Signature Algorithm: SHA256withRSA, OID = 1.2.840.113549.1.1.11

  Key:  Sun RSA public key, 2048 bits
  params: null
  modulus: 18273234211468305367779641850236723176887655735999733535118537951943474408188017303289569463105577507203291050732705394748239952016847366127752580223149779790646245744443707801173577554050626909799462380118785516847189215659437554609590360360059377325288349633081574544643208797638435291079189312911944726325434446541632399576344306693570404978790173079680377640153203010007233396901869653018917834860407929229460775949586339476935646313291803388771230459355824435349413453873535660747100427337735517117414360502114206561781973377184304590832076867328664462274160792487270249826386891882695312251135698105213525477591
  public exponent: 65537
  Validity: [From: Thu Aug 10 18:37:11 UTC 2023,
               To: Fri Aug 09 18:37:11 UTC 2024]
  Issuer: O=cluster1, OU=scm1, CN=rootCA@localhost
  SerialNumber: [    0172953c b5a1]

Certificate Extensions: 1
[1]: ObjectId: 2.5.29.15 Criticality=true
KeyUsage [
  DigitalSignature
  Key_Encipherment
  Data_Encipherment
  Key_Agreement
]

]
  Algorithm: [SHA256withRSA]
  Signature:
0000: 5D 85 9F 3B CB B7 8C DA   A1 01 25 D7 70 67 95 86  ]..;......%.pg..
0010: EC 72 1B 69 49 02 FC D2   65 B1 86 63 B6 10 DE 9A  .r.iI...e..c....
0020: E9 B1 67 A3 95 D6 91 36   98 E9 0F C6 89 38 55 CC  ..g....6.....8U.
0030: 58 87 81 1C 69 2A 3B DE   4C 9A 69 0A 4D 89 78 77  X...i*;.L.i.M.xw
0040: AD 59 D2 8A 90 83 2C 77   BE EC 78 8D E0 1F 14 62  .Y....,w..x....b
0050: EA C4 B5 6B 91 21 30 16   AE 91 E6 9E 77 D6 22 21  ...k.!0.....w."!
0060: EE 87 C8 A8 BD D6 E5 07   4D 77 2A 2E 2E DE E6 DF  ........Mw*.....
0070: E6 62 96 44 B1 33 00 4D   1F 67 10 9C E2 40 67 DA  .b.D.3.M.g...@g.
0080: 56 5B 50 6B 3A 30 7A 22   8A F2 4D 7E 60 79 CB 57  V[Pk:0z"..M.`y.W
0090: A7 CE 84 B3 02 C3 43 02   31 E5 BE 23 68 EE A3 51  ......C.1..#h..Q
00A0: 2D AD 72 70 E0 0B A7 34   31 7E E0 41 03 5C 36 DF  -.rp...41..A.\6.
00B0: BE 08 38 36 E4 60 FE DF   BB 2A B5 CA E7 68 0C DF  ..86.`...*...h..
00C0: 75 63 79 9C 74 07 E2 FA   6E F8 B6 BB B0 0D 4A DC  ucy.t...n.....J.
00D0: 16 68 D7 76 2D 39 8C 5D   20 F9 C4 34 07 00 30 CC  .h.v-9.] ..4..0.
00E0: EB 49 44 BD EA 04 6B 19   A3 DC 97 B7 F9 88 86 F9  .ID...k.........
00F0: 92 BA 40 79 AA 25 C4 5E   2E BF 27 89 59 0F AA 60  ..@y.%.^..'.Y..`

]
2023-08-10 18:37:11,574 [Time-limited test] INFO  ssl.ReloadingX509KeyManager (ReloadingX509KeyManager.java:loadKeyManager(224)) - [
[
  Version: V3
  Subject: O=cluster1, OU=scm1, CN=rootCA@localhost
  Signature Algorithm: SHA256withRSA, OID = 1.2.840.113549.1.1.11

  Key:  Sun RSA public key, 2048 bits
  params: null
  modulus: 23350848544071668719188506973317198041232617662633946107575596941052680719545187184890056304158436583027393135286827721185586172033927488216822414130702070117230164204287654872834158285465831368960686479010607681312686014219110304841647828309752779358967912696803101273437224223507382395020830407911407842545383117464267347601711572893795449289688278690593438163126618024771274653063263526427964547730625427801851648445692550403453339262883991755468495403495137063575300966761282302639672119408443954796447449454304606323520702422693879986958593660258230044162985678882237821696097451413815170973543048756311985327027
  public exponent: 65537
  Validity: [From: Thu Aug 10 18:37:11 UTC 2023,
               To: Sun Sep 17 18:37:11 UTC 2028]
  Issuer: O=cluster1, OU=scm1, CN=rootCA@localhost
  SerialNumber: [    01]

Certificate Extensions: 2
[1]: ObjectId: 2.5.29.19 Criticality=true
BasicConstraints:[
  CA:true
  PathLen:2147483647
]

[2]: ObjectId: 2.5.29.15 Criticality=true
KeyUsage [
  Key_CertSign
  Crl_Sign
]

]
  Algorithm: [SHA256withRSA]
  Signature:
0000: B7 6E 33 84 59 0A 26 32   6E 01 0E F4 E1 F2 C2 25  .n3.Y.&2n......%
0010: 29 81 9F F4 57 4B 48 89   A2 8C 29 7B 88 A0 ED AB  )...WKH...).....
0020: 0D 5E 79 30 CD 38 16 56   95 E4 79 CB 84 2E A7 4E  .^y0.8.V..y....N
0030: CA 9F 7B 51 23 F3 03 BC   29 8C E3 A1 BB 6C 65 AE  ...Q#...)....le.
0040: 35 2D 05 A1 4B 9F 0D 9A   3B 21 94 69 17 C0 61 A2  5-..K...;!.i..a.
0050: FD FD 8B 4D 11 FD 24 45   B8 B4 24 56 FB 8B FD DA  ...M..$E..$V....
0060: 79 A6 8C E7 25 D5 57 EE   1B CD BE 8C 2D D5 13 14  y...%.W.....-...
0070: E7 79 A1 FC 2C A0 F4 68   B3 CC A4 22 C8 A5 AC 18  .y..,..h..."....
0080: F1 1A 14 B0 91 80 9E E8   99 F9 9E 5C 85 7C 4F A0  ...........\..O.
0090: 24 E8 92 15 6C DD AE 20   E4 22 40 E8 10 3A BC F8  $...l.. ."@..:..
00A0: 1C 04 16 FE CA CC E9 0D   06 3F 9C B3 6B A3 96 FC  .........?..k...
00B0: 41 39 D0 0B 9F 22 62 30   4F 33 A2 26 6D 0C 8D 34  A9..."b0O3.&m..4
00C0: 97 18 90 91 4E 48 B2 55   7D 25 70 84 1B 5F 53 D3  ....NH.U.%p.._S.
00D0: EA 75 10 53 9D B1 20 F3   81 1D 79 42 56 42 21 D9  .u.S.. ...yBVB!.
00E0: D4 4A 75 84 03 4A CA 08   DE 13 F8 D2 79 5A 46 C6  .Ju..J......yZF.
00F0: 31 05 D6 58 1D 43 7D E2   98 EC 1C C3 91 27 E0 01  1..X.C.......'..

]
2023-08-10 18:37:11,574 [Time-limited test] INFO  ssl.ReloadingX509TrustManager (ReloadingX509TrustManager.java:insertCertsToKeystore(188)) - Trust manager is loaded with certificates
2023-08-10 18:37:11,575 [Time-limited test] INFO  ssl.ReloadingX509TrustManager (ReloadingX509TrustManager.java:insertCertsToKeystore(192)) - [
[
  Version: V3
  Subject: O=cluster1, OU=scm1, CN=rootCA@localhost
  Signature Algorithm: SHA256withRSA, OID = 1.2.840.113549.1.1.11

  Key:  Sun RSA public key, 2048 bits
  params: null
  modulus: 23350848544071668719188506973317198041232617662633946107575596941052680719545187184890056304158436583027393135286827721185586172033927488216822414130702070117230164204287654872834158285465831368960686479010607681312686014219110304841647828309752779358967912696803101273437224223507382395020830407911407842545383117464267347601711572893795449289688278690593438163126618024771274653063263526427964547730625427801851648445692550403453339262883991755468495403495137063575300966761282302639672119408443954796447449454304606323520702422693879986958593660258230044162985678882237821696097451413815170973543048756311985327027
  public exponent: 65537
  Validity: [From: Thu Aug 10 18:37:11 UTC 2023,
               To: Sun Sep 17 18:37:11 UTC 2028]
  Issuer: O=cluster1, OU=scm1, CN=rootCA@localhost
  SerialNumber: [    01]

Certificate Extensions: 2
[1]: ObjectId: 2.5.29.19 Criticality=true
BasicConstraints:[
  CA:true
  PathLen:2147483647
]

[2]: ObjectId: 2.5.29.15 Criticality=true
KeyUsage [
  Key_CertSign
  Crl_Sign
]

]
  Algorithm: [SHA256withRSA]
  Signature:
0000: B7 6E 33 84 59 0A 26 32   6E 01 0E F4 E1 F2 C2 25  .n3.Y.&2n......%
0010: 29 81 9F F4 57 4B 48 89   A2 8C 29 7B 88 A0 ED AB  )...WKH...).....
0020: 0D 5E 79 30 CD 38 16 56   95 E4 79 CB 84 2E A7 4E  .^y0.8.V..y....N
0030: CA 9F 7B 51 23 F3 03 BC   29 8C E3 A1 BB 6C 65 AE  ...Q#...)....le.
0040: 35 2D 05 A1 4B 9F 0D 9A   3B 21 94 69 17 C0 61 A2  5-..K...;!.i..a.
0050: FD FD 8B 4D 11 FD 24 45   B8 B4 24 56 FB 8B FD DA  ...M..$E..$V....
0060: 79 A6 8C E7 25 D5 57 EE   1B CD BE 8C 2D D5 13 14  y...%.W.....-...
0070: E7 79 A1 FC 2C A0 F4 68   B3 CC A4 22 C8 A5 AC 18  .y..,..h..."....
0080: F1 1A 14 B0 91 80 9E E8   99 F9 9E 5C 85 7C 4F A0  ...........\..O.
0090: 24 E8 92 15 6C DD AE 20   E4 22 40 E8 10 3A BC F8  $...l.. ."@..:..
00A0: 1C 04 16 FE CA CC E9 0D   06 3F 9C B3 6B A3 96 FC  .........?..k...
00B0: 41 39 D0 0B 9F 22 62 30   4F 33 A2 26 6D 0C 8D 34  A9..."b0O3.&m..4
00C0: 97 18 90 91 4E 48 B2 55   7D 25 70 84 1B 5F 53 D3  ....NH.U.%p.._S.
00D0: EA 75 10 53 9D B1 20 F3   81 1D 79 42 56 42 21 D9  .u.S.. ...yBVB!.
00E0: D4 4A 75 84 03 4A CA 08   DE 13 F8 D2 79 5A 46 C6  .Ju..J......yZF.
00F0: 31 05 D6 58 1D 43 7D E2   98 EC 1C C3 91 27 E0 01  1..X.C.......'..

]
2023-08-10 18:37:11,576 [Time-limited test] INFO  impl.MetricsSystemImpl (MetricsSystemImpl.java:init(158)) - OzoneManager metrics system started (again)
2023-08-10 18:37:11,586 [Time-limited test] INFO  om.OzoneManager (OzoneManager.java:start(1613)) - OzoneManager RPC server is listening at fv-az194-926.m3vjxkz4xwiufi3h0wurkpa3rg.cx.internal.cloudapp.net/10.1.0.69:1202
2023-08-10 18:37:11,587 [Time-limited test] INFO  ratis.OzoneManagerRatisServer (OzoneManagerRatisServer.java:start(558)) - Starting OzoneManagerRatisServer om1 at port 9872
2023-08-10 18:37:11,587 [om1-impl-thread1] INFO  storage.RaftStorageDirectory (RaftStorageDirectoryImpl.java:analyzeStorage(137)) - The storage directory /tmp/junit7263880440697496510/junit5807653769189210206/scm-meta/ratis/bf265839-605b-3f16-9796-c5ba1605619e does not exist. Creating ...
2023-08-10 18:37:11,588 [om1-impl-thread1] INFO  storage.RaftStorageDirectory (RaftStorageDirectoryImpl.java:tryLock(231)) - Lock on /tmp/junit7263880440697496510/junit5807653769189210206/scm-meta/ratis/bf265839-605b-3f16-9796-c5ba1605619e/in_use.lock acquired by nodename 9374@fv-az194-926
2023-08-10 18:37:11,589 [om1-impl-thread1] INFO  storage.RaftStorage (RaftStorageImpl.java:format(96)) - Storage directory /tmp/junit7263880440697496510/junit5807653769189210206/scm-meta/ratis/bf265839-605b-3f16-9796-c5ba1605619e has been successfully formatted.
2023-08-10 18:37:11,590 [om1-impl-thread1] INFO  server.RaftServerConfigKeys (ConfUtils.java:logGet(46)) - raft.server.log.use.memory = false (default)
2023-08-10 18:37:11,590 [om1-impl-thread1] INFO  server.RaftServerConfigKeys (ConfUtils.java:logGet(46)) - raft.server.log.purge.gap = 1000000 (custom)
2023-08-10 18:37:11,590 [om1-impl-thread1] INFO  server.RaftServerConfigKeys (ConfUtils.java:logGet(46)) - raft.server.log.appender.buffer.byte-limit = 33554432 (custom)
2023-08-10 18:37:11,590 [om1-impl-thread1] INFO  server.RaftServerConfigKeys (ConfUtils.java:logGet(46)) - raft.server.log.statemachine.data.read.timeout = 1000ms (default)
2023-08-10 18:37:11,590 [om1-impl-thread1] INFO  server.RaftServerConfigKeys (ConfUtils.java:logGet(46)) - raft.server.log.purge.preservation.log.num = 0 (default)
2023-08-10 18:37:11,590 [om1-impl-thread1] INFO  server.RaftServerConfigKeys (ConfUtils.java:logGet(46)) - raft.server.log.segment.size.max = 4194304 (custom)
2023-08-10 18:37:11,590 [om1-impl-thread1] INFO  server.RaftServerConfigKeys (ConfUtils.java:logGet(46)) - raft.server.log.segment.cache.num.max = 2 (custom)
2023-08-10 18:37:11,590 [om1-impl-thread1] INFO  server.RaftServerConfigKeys (ConfUtils.java:logGet(46)) - raft.server.log.segment.cache.size.max = 200MB (=209715200) (default)
2023-08-10 18:37:11,590 [om1-impl-thread1] INFO  server.RaftServerConfigKeys (ConfUtils.java:logGet(46)) - raft.server.log.appender.buffer.byte-limit = 33554432 (custom)
2023-08-10 18:37:11,590 [om1-impl-thread1] INFO  segmented.SegmentedRaftLogWorker (SegmentedRaftLogWorker.java:<init>(188)) - new om1@group-C5BA1605619E-SegmentedRaftLogWorker for RaftStorageImpl:Storage Directory /tmp/junit7263880440697496510/junit5807653769189210206/scm-meta/ratis/bf265839-605b-3f16-9796-c5ba1605619e
2023-08-10 18:37:11,590 [om1-impl-thread1] INFO  server.RaftServerConfigKeys (ConfUtils.java:logGet(46)) - raft.server.log.queue.byte-limit = 64MB (=67108864) (default)
2023-08-10 18:37:11,590 [om1-impl-thread1] INFO  server.RaftServerConfigKeys (ConfUtils.java:logGet(46)) - raft.server.log.queue.element-limit = 4096 (default)
2023-08-10 18:37:11,590 [om1-impl-thread1] INFO  server.RaftServerConfigKeys (ConfUtils.java:logGet(46)) - raft.server.log.segment.size.max = 4194304 (custom)
2023-08-10 18:37:11,591 [om1-impl-thread1] INFO  server.RaftServerConfigKeys (ConfUtils.java:logGet(46)) - raft.server.log.preallocated.size = 4194304 (custom)
2023-08-10 18:37:11,591 [om1-impl-thread1] INFO  server.RaftServerConfigKeys (ConfUtils.java:logGet(46)) - raft.server.log.force.sync.num = 128 (default)
2023-08-10 18:37:11,591 [om1-impl-thread1] INFO  server.RaftServerConfigKeys (ConfUtils.java:logGet(46)) - raft.server.log.statemachine.data.sync = true (default)
2023-08-10 18:37:11,591 [om1-impl-thread1] INFO  server.RaftServerConfigKeys (ConfUtils.java:logGet(46)) - raft.server.log.statemachine.data.sync.timeout = 10s (default)
2023-08-10 18:37:11,591 [om1-impl-thread1] INFO  server.RaftServerConfigKeys (ConfUtils.java:logGet(46)) - raft.server.log.statemachine.data.sync.timeout.retry = -1 (default)
2023-08-10 18:37:11,591 [om1-impl-thread1] INFO  server.RaftServerConfigKeys (ConfUtils.java:logGet(46)) - raft.server.log.write.buffer.size = 64KB (=65536) (default)
2023-08-10 18:37:11,591 [om1-impl-thread1] INFO  server.RaftServerConfigKeys (ConfUtils.java:logGet(46)) - raft.server.log.appender.buffer.byte-limit = 33554432 (custom)
2023-08-10 18:37:11,606 [om1-impl-thread1] INFO  server.RaftServerConfigKeys (ConfUtils.java:logGet(46)) - raft.server.log.unsafe-flush.enabled = false (default)
2023-08-10 18:37:11,606 [om1-impl-thread1] INFO  server.RaftServerConfigKeys (ConfUtils.java:logGet(46)) - raft.server.log.async-flush.enabled = false (default)
2023-08-10 18:37:11,606 [om1-impl-thread1] INFO  server.RaftServerConfigKeys (ConfUtils.java:logGet(46)) - raft.server.log.statemachine.data.caching.enabled = false (default)
2023-08-10 18:37:11,606 [om1-impl-thread1] INFO  segmented.SegmentedRaftLogWorker (SegmentedRaftLogWorker.java:lambda$new$0(135)) - om1@group-C5BA1605619E-SegmentedRaftLogWorker: flushIndex: setUnconditionally 0 -> -1
2023-08-10 18:37:11,606 [om1-impl-thread1] INFO  segmented.SegmentedRaftLogWorker (SegmentedRaftLogWorker.java:lambda$new$0(135)) - om1@group-C5BA1605619E-SegmentedRaftLogWorker: safeCacheEvictIndex: setUnconditionally 0 -> -1
2023-08-10 18:37:11,608 [om1-impl-thread1] INFO  server.RaftServer$Division (RaftServerImpl.java:start(342)) - om1@group-C5BA1605619E: start as a follower, conf=-1: peers:[om1|rpc:fv-az194-926.m3vjxkz4xwiufi3h0wurkpa3rg.cx.internal.cloudapp.net:9872|priority:0|startupRole:FOLLOWER]|listeners:[], old=null
2023-08-10 18:37:11,608 [om1-impl-thread1] INFO  server.RaftServer$Division (RaftServerImpl.java:setRole(329)) - om1@group-C5BA1605619E: changes role from      null to FOLLOWER at term 0 for startAsFollower
2023-08-10 18:37:11,609 [om1-impl-thread1] INFO  impl.RoleInfo (RoleInfo.java:updateAndGet(139)) - om1: start om1@group-C5BA1605619E-FollowerState
2023-08-10 18:37:11,609 [om1@group-C5BA1605619E-FollowerState] INFO  server.RaftServerConfigKeys (ConfUtils.java:logFallback(53)) - raft.server.rpc.first-election.timeout.min = 5s (fallback to raft.server.rpc.timeout.min)
2023-08-10 18:37:11,609 [om1-impl-thread1] INFO  util.JmxRegister (JmxRegister.java:tryRegister(44)) - Successfully registered JMX Bean with object name Ratis:service=RaftServer,group=group-C5BA1605619E,id=om1
2023-08-10 18:37:11,609 [om1@group-C5BA1605619E-FollowerState] INFO  server.RaftServerConfigKeys (ConfUtils.java:logFallback(53)) - raft.server.rpc.first-election.timeout.max = 5200ms (fallback to raft.server.rpc.timeout.max)
2023-08-10 18:37:11,609 [om1-impl-thread1] INFO  server.RaftServerConfigKeys (ConfUtils.java:logGet(46)) - raft.server.snapshot.auto.trigger.enabled = true (custom)
2023-08-10 18:37:11,609 [om1-impl-thread1] INFO  server.RaftServerConfigKeys (ConfUtils.java:logGet(46)) - raft.server.snapshot.auto.trigger.threshold = 400000 (default)
2023-08-10 18:37:11,609 [om1-impl-thread1] INFO  server.RaftServerConfigKeys (ConfUtils.java:logGet(46)) - raft.server.snapshot.retention.file.num = -1 (default)
2023-08-10 18:37:11,609 [om1-impl-thread1] INFO  server.RaftServerConfigKeys (ConfUtils.java:logGet(46)) - raft.server.log.purge.upto.snapshot.index = true (custom)
2023-08-10 18:37:11,610 [Time-limited test] INFO  server.RaftServer (RaftServerProxy.java:startImpl(400)) - om1: start RPC server
2023-08-10 18:37:11,611 [Time-limited test] INFO  server.GrpcService (GrpcService.java:startImpl(302)) - om1: GrpcService started, listening on 9872
2023-08-10 18:37:11,611 [Time-limited test] INFO  om.OzoneManager (OzoneManager.java:startSecretManager(1103)) - Starting OM delegation token secret manager
2023-08-10 18:37:11,611 [Time-limited test] INFO  security.OzoneDelegationTokenSecretManager (OzoneSecretManager.java:updateCurrentKey(175)) - Updating current master key for generating tokens. Cert id 1591641683361
2023-08-10 18:37:11,611 [JvmPauseMonitor5] INFO  util.JvmPauseMonitor (JvmPauseMonitor.java:run(103)) - JvmPauseMonitor-om1: Started
2023-08-10 18:37:11,611 [Time-limited test] INFO  om.OzoneManager (OzoneManager.java:start(1629)) - Version File has different layout version (6) than OM DB (null). That is expected if this OM has never been finalized to a newer layout version.
2023-08-10 18:37:11,612 [Thread[Thread-1305,5,FailOnTimeoutGroup]] INFO  security.OzoneDelegationTokenSecretManager (OzoneDelegationTokenSecretManager.java:run(636)) - Starting expired delegation token remover thread, tokenRemoverScanInterval=60 min(s)
2023-08-10 18:37:11,619 [Time-limited test] INFO  http.BaseHttpServer (BaseHttpServer.java:newHttpServer2BuilderForOzone(224)) - Starting Web-server for ozoneManager at: http://0.0.0.0:9874
2023-08-10 18:37:11,619 [Time-limited test] INFO  http.BaseHttpServer (BaseHttpServer.java:<init>(111)) - Hadoop Security Enabled: true Ozone Security Enabled: true Ozone HTTP Security Enabled: false 
2023-08-10 18:37:11,620 [Time-limited test] WARN  server.AuthenticationFilter (AuthenticationFilter.java:constructSecretProvider(240)) - Unable to initialize FileSignerSecretProvider, falling back to use random secrets. Reason: Could not read signature secret file: /home/runner/hadoop-http-auth-signature-secret
2023-08-10 18:37:11,625 [Time-limited test] INFO  http.HttpRequestLog (HttpRequestLog.java:getRequestLog(86)) - Http request log for http.requests.ozoneManager is not defined
2023-08-10 18:37:11,627 [Time-limited test] INFO  http.HttpServer2 (HttpServer2.java:addGlobalFilter(1031)) - Added global filter 'safety' (class=org.apache.hadoop.hdds.server.http.HttpServer2$QuotingInputFilter)
2023-08-10 18:37:11,627 [Time-limited test] INFO  http.HttpServer2 (HttpServer2.java:addFilter(1007)) - Added filter static_user_filter (class=org.apache.hadoop.http.lib.StaticUserWebFilter$StaticUserFilter) to context ozoneManager
2023-08-10 18:37:11,627 [Time-limited test] INFO  http.HttpServer2 (HttpServer2.java:addFilter(1015)) - Added filter static_user_filter (class=org.apache.hadoop.http.lib.StaticUserWebFilter$StaticUserFilter) to context static
2023-08-10 18:37:11,628 [Time-limited test] INFO  http.HttpServer2 (HttpServer2.java:addFilter(1015)) - Added filter static_user_filter (class=org.apache.hadoop.http.lib.StaticUserWebFilter$StaticUserFilter) to context logs
2023-08-10 18:37:11,628 [Time-limited test] INFO  http.BaseHttpServer (BaseHttpServer.java:<init>(190)) - HTTP server of ozoneManager uses base directory /tmp/junit7263880440697496510/junit5807653769189210206/scm-meta/webserver
2023-08-10 18:37:11,628 [Time-limited test] INFO  http.HttpServer2 (HttpServer2.java:bindListener(1250)) - Jetty bound to port 9874
2023-08-10 18:37:11,629 [Time-limited test] INFO  server.Server (Server.java:doStart(375)) - jetty-9.4.51.v20230217; built: 2023-02-17T08:19:37.309Z; git: b45c405e4544384de066f814ed42ae3dceacdd49; jvm 1.8.0_382-b05
2023-08-10 18:37:11,635 [Time-limited test] INFO  server.session (DefaultSessionIdManager.java:doStart(334)) - DefaultSessionIdManager workerName=node0
2023-08-10 18:37:11,636 [Time-limited test] INFO  server.session (DefaultSessionIdManager.java:doStart(339)) - No SessionScavenger set, using defaults
2023-08-10 18:37:11,636 [Time-limited test] INFO  server.session (HouseKeeper.java:startScavenging(132)) - node0 Scavenging every 660000ms
2023-08-10 18:37:11,636 [Time-limited test] INFO  handler.ContextHandler (ContextHandler.java:doStart(921)) - Started o.e.j.s.ServletContextHandler@1d76d3e5{logs,/logs,file:///home/runner/work/ozone/ozone/hadoop-ozone/integration-test/target/log,AVAILABLE}
2023-08-10 18:37:11,637 [Time-limited test] INFO  handler.ContextHandler (ContextHandler.java:doStart(921)) - Started o.e.j.s.ServletContextHandler@1f23bc0{static,/static,file:///home/runner/work/ozone/ozone/hadoop-ozone/integration-test/target/test-classes/webapps/static,AVAILABLE}
2023-08-10 18:37:11,640 [Time-limited test] INFO  handler.ContextHandler (ContextHandler.java:doStart(921)) - Started o.e.j.w.WebAppContext@621db62c{ozoneManager,/,file:///home/runner/work/ozone/ozone/hadoop-ozone/integration-test/target/test-classes/webapps/ozoneManager/,AVAILABLE}{file:/home/runner/work/ozone/ozone/hadoop-ozone/integration-test/target/test-classes/webapps/ozoneManager}
2023-08-10 18:37:11,641 [Time-limited test] INFO  server.AbstractConnector (AbstractConnector.java:doStart(333)) - Started ServerConnector@3bc52b77{HTTP/1.1, (http/1.1)}{0.0.0.0:9874}
2023-08-10 18:37:11,641 [Time-limited test] INFO  server.Server (Server.java:doStart(415)) - Started @64595ms
2023-08-10 18:37:11,641 [Time-limited test] WARN  impl.MetricsSystemImpl (MetricsSystemImpl.java:register(279)) - Sink prometheus already exists!
2023-08-10 18:37:11,641 [Time-limited test] INFO  http.BaseHttpServer (BaseHttpServer.java:updateConnectorAddress(344)) - HTTP server of ozoneManager listening at http://0.0.0.0:9874
2023-08-10 18:37:11,642 [IPC Server Responder] INFO  ipc.Server (Server.java:run(1562)) - IPC Server Responder: starting
2023-08-10 18:37:11,642 [IPC Server listener on 1202] INFO  ipc.Server (Server.java:run(1402)) - IPC Server listener on 1202: starting
2023-08-10 18:37:11,654 [Time-limited test] INFO  om.OzoneManager (OzoneManager.java:startTrashEmptier(2081)) - Trash Interval set to 0. Files deleted won't move to trash
2023-08-10 18:37:11,659 [pool-328-thread-2] INFO  request.KdcRequest (KdcRequest.java:preauth(651)) - The preauth data is empty.
2023-08-10 18:37:11,659 [pool-328-thread-2] INFO  server.KdcHandler (KdcHandler.java:handleRecoverableException(177)) - KRB error occurred while processing request:Additional pre-authentication required
2023-08-10 18:37:11,662 [pool-328-thread-2] INFO  request.AsRequest (AsRequest.java:issueTicket(112)) - AS_REQ ISSUE: authtime 1691692631662,test@EXAMPLE.COM for krbtgt/EXAMPLE.COM@EXAMPLE.COM
2023-08-10 18:37:11,684 [pool-328-thread-2] INFO  request.TgsRequest (TgsRequest.java:issueTicket(115)) - TGS_REQ ISSUE: authtime 1691692631684,test for om/fv-az194-926.m3vjxkz4xwiufi3h0wurkpa3rg.cx.internal.cloudapp.net@EXAMPLE.COM
2023-08-10 18:37:11,690 [Socket Reader #1 for port 1202] INFO  ipc.Server (Server.java:saslProcess(2139)) - Auth successful for test@EXAMPLE.COM (auth:KERBEROS) from fv-az194-926.m3vjxkz4xwiufi3h0wurkpa3rg.cx.internal.cloudapp.net:59990 / 10.1.0.69:59990
2023-08-10 18:37:13,797 [Time-limited test] INFO  retry.RetryInvocationHandler (RetryInvocationHandler.java:log(422)) - com.google.protobuf.ServiceException: org.apache.hadoop.ipc.RemoteException(org.apache.hadoop.ozone.om.exceptions.OMNotLeaderException): OM:om1 is not the leader. Could not determine the leader node.
	at org.apache.hadoop.ozone.om.OzoneManager.checkLeaderStatus(OzoneManager.java:3999)
	at org.apache.hadoop.ozone.om.ratis.utils.OzoneManagerRatisUtils.checkLeaderStatus(OzoneManagerRatisUtils.java:473)
	at org.apache.hadoop.ozone.protocolPB.OzoneManagerProtocolServerSideTranslatorPB.processRequest(OzoneManagerProtocolServerSideTranslatorPB.java:185)
	at org.apache.hadoop.hdds.server.OzoneProtocolMessageDispatcher.processRequest(OzoneProtocolMessageDispatcher.java:87)
	at org.apache.hadoop.ozone.protocolPB.OzoneManagerProtocolServerSideTranslatorPB.submitRequest(OzoneManagerProtocolServerSideTranslatorPB.java:148)
	at org.apache.hadoop.ozone.protocol.proto.OzoneManagerProtocolProtos$OzoneManagerService$2.callBlockingMethod(OzoneManagerProtocolProtos.java)
	at org.apache.hadoop.ipc.ProtobufRpcEngine$Server.processCall(ProtobufRpcEngine.java:484)
	at org.apache.hadoop.ipc.ProtobufRpcEngine2$Server$ProtoBufRpcInvoker.call(ProtobufRpcEngine2.java:595)
	at org.apache.hadoop.ipc.ProtobufRpcEngine2$Server$ProtoBufRpcInvoker.call(ProtobufRpcEngine2.java:573)
	at org.apache.hadoop.ipc.RPC$Server.call(RPC.java:1227)
	at org.apache.hadoop.ipc.Server$RpcCall.run(Server.java:1094)
	at org.apache.hadoop.ipc.Server$RpcCall.run(Server.java:1017)
	at java.security.AccessController.doPrivileged(Native Method)
	at javax.security.auth.Subject.doAs(Subject.java:422)
	at org.apache.hadoop.security.UserGroupInformation.doAs(UserGroupInformation.java:1899)
	at org.apache.hadoop.ipc.Server$Handler.run(Server.java:3048)
, while invoking $Proxy53.submitRequest over nodeId=null,nodeAddress=fv-az194-926.m3vjxkz4xwiufi3h0wurkpa3rg.cx.internal.cloudapp.net:1202 after 1 failover attempts. Trying to failover after sleeping for 4000ms. Current retry count: 1.
2023-08-10 18:37:16,714 [om1@group-C5BA1605619E-FollowerState] INFO  impl.FollowerState (FollowerState.java:run(143)) - om1@group-C5BA1605619E-FollowerState: change to CANDIDATE, lastRpcElapsedTime:5105035828ns, electionTimeout:5104ms
2023-08-10 18:37:16,714 [om1@group-C5BA1605619E-FollowerState] INFO  impl.RoleInfo (RoleInfo.java:shutdownFollowerState(110)) - om1: shutdown om1@group-C5BA1605619E-FollowerState
2023-08-10 18:37:16,714 [om1@group-C5BA1605619E-FollowerState] INFO  server.RaftServer$Division (RaftServerImpl.java:setRole(329)) - om1@group-C5BA1605619E: changes role from  FOLLOWER to CANDIDATE at term 0 for changeToCandidate
2023-08-10 18:37:16,714 [om1@group-C5BA1605619E-FollowerState] INFO  server.RaftServerConfigKeys (ConfUtils.java:logGet(46)) - raft.server.leaderelection.pre-vote = true (default)
2023-08-10 18:37:16,714 [om1@group-C5BA1605619E-FollowerState] INFO  impl.RoleInfo (RoleInfo.java:updateAndGet(139)) - om1: start om1@group-C5BA1605619E-LeaderElection2
2023-08-10 18:37:16,716 [om1@group-C5BA1605619E-LeaderElection2] INFO  impl.LeaderElection (LeaderElection.java:askForVotes(321)) - om1@group-C5BA1605619E-LeaderElection2 PRE_VOTE round 0: submit vote requests at term 0 for -1: peers:[om1|rpc:fv-az194-926.m3vjxkz4xwiufi3h0wurkpa3rg.cx.internal.cloudapp.net:9872|priority:0|startupRole:FOLLOWER]|listeners:[], old=null
2023-08-10 18:37:16,717 [om1@group-C5BA1605619E-LeaderElection2] INFO  impl.LeaderElection (LeaderElection.java:askForVotes(323)) - om1@group-C5BA1605619E-LeaderElection2 PRE_VOTE round 0: result PASSED (term=0)
2023-08-10 18:37:16,718 [om1@group-C5BA1605619E-LeaderElection2] INFO  impl.LeaderElection (LeaderElection.java:askForVotes(321)) - om1@group-C5BA1605619E-LeaderElection2 ELECTION round 0: submit vote requests at term 1 for -1: peers:[om1|rpc:fv-az194-926.m3vjxkz4xwiufi3h0wurkpa3rg.cx.internal.cloudapp.net:9872|priority:0|startupRole:FOLLOWER]|listeners:[], old=null
2023-08-10 18:37:16,718 [om1@group-C5BA1605619E-LeaderElection2] INFO  impl.LeaderElection (LeaderElection.java:askForVotes(323)) - om1@group-C5BA1605619E-LeaderElection2 ELECTION round 0: result PASSED (term=1)
2023-08-10 18:37:16,718 [om1@group-C5BA1605619E-LeaderElection2] INFO  impl.RoleInfo (RoleInfo.java:shutdownLeaderElection(130)) - om1: shutdown om1@group-C5BA1605619E-LeaderElection2
2023-08-10 18:37:16,718 [om1@group-C5BA1605619E-LeaderElection2] INFO  server.RaftServer$Division (RaftServerImpl.java:setRole(329)) - om1@group-C5BA1605619E: changes role from CANDIDATE to LEADER at term 1 for changeToLeader
2023-08-10 18:37:16,718 [om1@group-C5BA1605619E-LeaderElection2] INFO  server.RaftServer$Division (ServerState.java:setLeader(317)) - om1@group-C5BA1605619E: change Leader from null to om1 at term 1 for becomeLeader, leader elected after 6088ms
2023-08-10 18:37:16,718 [om1@group-C5BA1605619E-LeaderElection2] INFO  server.RaftServerConfigKeys (ConfUtils.java:logGet(46)) - raft.server.staging.catchup.gap = 1000 (default)
2023-08-10 18:37:16,719 [om1@group-C5BA1605619E-LeaderElection2] INFO  server.RaftServerConfigKeys (ConfUtils.java:logGet(46)) - raft.server.write.element-limit = 4096 (default)
2023-08-10 18:37:16,719 [om1@group-C5BA1605619E-LeaderElection2] INFO  server.RaftServerConfigKeys (ConfUtils.java:logGet(46)) - raft.server.write.byte-limit = 64MB (=67108864) (default)
2023-08-10 18:37:16,719 [om1@group-C5BA1605619E-LeaderElection2] INFO  server.RaftServerConfigKeys (ConfUtils.java:logGet(46)) - raft.server.watch.timeout = 10s (default)
2023-08-10 18:37:16,719 [om1@group-C5BA1605619E-LeaderElection2] INFO  server.RaftServerConfigKeys (ConfUtils.java:logGet(46)) - raft.server.watch.timeout.denomination = 1s (default)
2023-08-10 18:37:16,719 [om1@group-C5BA1605619E-LeaderElection2] INFO  server.RaftServerConfigKeys (ConfUtils.java:logGet(46)) - raft.server.watch.element-limit = 65536 (default)
2023-08-10 18:37:16,719 [om1@group-C5BA1605619E-LeaderElection2] INFO  server.RaftServerConfigKeys (ConfUtils.java:logGet(46)) - raft.server.write.element-limit = 4096 (default)
2023-08-10 18:37:16,719 [om1@group-C5BA1605619E-LeaderElection2] INFO  server.RaftServerConfigKeys (ConfUtils.java:logGet(46)) - raft.server.write.follower.gap.ratio.max = -1.0 (default)
2023-08-10 18:37:16,719 [om1@group-C5BA1605619E-LeaderElection2] INFO  impl.RoleInfo (RoleInfo.java:updateAndGet(139)) - om1: start om1@group-C5BA1605619E-LeaderStateImpl
2023-08-10 18:37:16,720 [om1@group-C5BA1605619E-LeaderElection2] INFO  segmented.SegmentedRaftLogWorker (SegmentedRaftLogWorker.java:startLogSegment(447)) - om1@group-C5BA1605619E-SegmentedRaftLogWorker: Starting segment from index:0
2023-08-10 18:37:16,724 [om1@group-C5BA1605619E-LeaderElection2] INFO  server.RaftServer$Division (ServerState.java:setRaftConf(434)) - om1@group-C5BA1605619E: set configuration 0: peers:[om1|rpc:fv-az194-926.m3vjxkz4xwiufi3h0wurkpa3rg.cx.internal.cloudapp.net:9872|admin:|client:|dataStream:|priority:0|startupRole:FOLLOWER]|listeners:[], old=null
2023-08-10 18:37:16,732 [om1@group-C5BA1605619E-SegmentedRaftLogWorker] INFO  segmented.SegmentedRaftLogWorker (SegmentedRaftLogWorker.java:execute(651)) - om1@group-C5BA1605619E-SegmentedRaftLogWorker: created new log segment /tmp/junit7263880440697496510/junit5807653769189210206/scm-meta/ratis/bf265839-605b-3f16-9796-c5ba1605619e/current/log_inprogress_0
2023-08-10 18:37:16,734 [om1@group-C5BA1605619E-StateMachineUpdater] INFO  ratis.OzoneManagerStateMachine (OzoneManagerStateMachine.java:notifyConfigurationChanged(202)) - Received Configuration change notification from Ratis. New Peer list:
[id: "om1"
address: "fv-az194-926.m3vjxkz4xwiufi3h0wurkpa3rg.cx.internal.cloudapp.net:9872"
startupRole: FOLLOWER
]
2023-08-10 18:37:17,815 [OM StateMachine ApplyTransaction Thread - 0] INFO  volume.OMVolumeCreateRequest (OMVolumeCreateRequest.java:validateAndUpdateCache(196)) - created volume:vol1 for user:owner1
2023-08-10 18:37:17,850 [Time-limited test] WARN  ipc.Client (Client.java:run(733)) - Exception encountered while connecting to the server fv-az194-926.m3vjxkz4xwiufi3h0wurkpa3rg.cx.internal.cloudapp.net/10.1.0.69:1202
org.apache.hadoop.security.AccessControlException: Client cannot authenticate via:[TOKEN, KERBEROS]
	at org.apache.hadoop.security.SaslRpcClient.selectSaslClient(SaslRpcClient.java:179)
	at org.apache.hadoop.security.SaslRpcClient.saslConnect(SaslRpcClient.java:392)
	at org.apache.hadoop.ipc.Client$Connection.setupSaslConnection(Client.java:561)
	at org.apache.hadoop.ipc.Client$Connection.access$2100(Client.java:347)
	at org.apache.hadoop.ipc.Client$Connection$2.run(Client.java:783)
	at org.apache.hadoop.ipc.Client$Connection$2.run(Client.java:779)
	at java.security.AccessController.doPrivileged(Native Method)
	at javax.security.auth.Subject.doAs(Subject.java:422)
	at org.apache.hadoop.security.UserGroupInformation.doAs(UserGroupInformation.java:1899)
	at org.apache.hadoop.ipc.Client$Connection.setupIOstreams(Client.java:779)
	at org.apache.hadoop.ipc.Client$Connection.access$3800(Client.java:347)
	at org.apache.hadoop.ipc.Client.getConnection(Client.java:1632)
	at org.apache.hadoop.ipc.Client.call(Client.java:1457)
	at org.apache.hadoop.ipc.Client.call(Client.java:1410)
	at org.apache.hadoop.ipc.ProtobufRpcEngine$Invoker.invoke(ProtobufRpcEngine.java:250)
	at org.apache.hadoop.ipc.ProtobufRpcEngine$Invoker.invoke(ProtobufRpcEngine.java:132)
	at com.sun.proxy.$Proxy53.submitRequest(Unknown Source)
	at sun.reflect.NativeMethodAccessorImpl.invoke0(Native Method)
	at sun.reflect.NativeMethodAccessorImpl.invoke(NativeMethodAccessorImpl.java:62)
	at sun.reflect.DelegatingMethodAccessorImpl.invoke(DelegatingMethodAccessorImpl.java:43)
	at java.lang.reflect.Method.invoke(Method.java:498)
	at org.apache.hadoop.io.retry.RetryInvocationHandler.invokeMethod(RetryInvocationHandler.java:433)
	at org.apache.hadoop.io.retry.RetryInvocationHandler$Call.invokeMethod(RetryInvocationHandler.java:166)
	at org.apache.hadoop.io.retry.RetryInvocationHandler$Call.invoke(RetryInvocationHandler.java:158)
	at org.apache.hadoop.io.retry.RetryInvocationHandler$Call.invokeOnce(RetryInvocationHandler.java:96)
	at org.apache.hadoop.io.retry.RetryInvocationHandler.invoke(RetryInvocationHandler.java:362)
	at com.sun.proxy.$Proxy53.submitRequest(Unknown Source)
	at org.apache.hadoop.ozone.om.protocolPB.Hadoop3OmTransport.submitRequest(Hadoop3OmTransport.java:80)
	at org.apache.hadoop.ozone.om.protocolPB.OzoneManagerProtocolClientSideTranslatorPB.submitRequest(OzoneManagerProtocolClientSideTranslatorPB.java:321)
	at org.apache.hadoop.ozone.om.protocolPB.OzoneManagerProtocolClientSideTranslatorPB.listVolume(OzoneManagerProtocolClientSideTranslatorPB.java:527)
	at org.apache.hadoop.ozone.om.protocolPB.OzoneManagerProtocolClientSideTranslatorPB.listAllVolumes(OzoneManagerProtocolClientSideTranslatorPB.java:516)
	at org.apache.hadoop.ozone.TestSecureOzoneCluster.lambda$testAccessControlExceptionOnClient$5(TestSecureOzoneCluster.java:599)
	at org.junit.Assert.assertThrows(Assert.java:1001)
	at org.junit.Assert.assertThrows(Assert.java:981)
	at org.apache.hadoop.ozone.TestSecureOzoneCluster.testAccessControlExceptionOnClient(TestSecureOzoneCluster.java:598)
	at sun.reflect.NativeMethodAccessorImpl.invoke0(Native Method)
	at sun.reflect.NativeMethodAccessorImpl.invoke(NativeMethodAccessorImpl.java:62)
	at sun.reflect.DelegatingMethodAccessorImpl.invoke(DelegatingMethodAccessorImpl.java:43)
	at java.lang.reflect.Method.invoke(Method.java:498)
	at org.junit.runners.model.FrameworkMethod$1.runReflectiveCall(FrameworkMethod.java:59)
	at org.junit.internal.runners.model.ReflectiveCallable.run(ReflectiveCallable.java:12)
	at org.junit.runners.model.FrameworkMethod.invokeExplosively(FrameworkMethod.java:56)
	at org.junit.internal.runners.statements.InvokeMethod.evaluate(InvokeMethod.java:17)
	at org.junit.internal.runners.statements.RunBefores.evaluate(RunBefores.java:26)
	at org.junit.internal.runners.statements.RunAfters.evaluate(RunAfters.java:27)
	at org.junit.rules.ExternalResource$1.evaluate(ExternalResource.java:54)
	at org.junit.internal.runners.statements.FailOnTimeout$CallableStatement.call(FailOnTimeout.java:288)
	at org.junit.internal.runners.statements.FailOnTimeout$CallableStatement.call(FailOnTimeout.java:282)
	at java.util.concurrent.FutureTask.run(FutureTask.java:266)
	at java.lang.Thread.run(Thread.java:750)
2023-08-10 18:37:17,853 [Time-limited test] INFO  impl.DefaultInternalKdcServerImpl (DefaultInternalKdcServerImpl.java:doStop(102)) - Default Internal kdc server stopped.
2023-08-10 18:37:18,854 [Time-limited test] INFO  minikdc.MiniKdc (MiniKdc.java:stop(359)) - MiniKdc stopped.
2023-08-10 18:37:18,854 [Time-limited test] INFO  server.StorageContainerManager (StorageContainerManager.java:stop(1591)) - Container Balancer is not running.
2023-08-10 18:37:18,854 [Time-limited test] INFO  server.StorageContainerManager (StorageContainerManager.java:stopReplicationManager(1724)) - Stopping Replication Manager Service.
2023-08-10 18:37:18,854 [Time-limited test] INFO  replication.ReplicationManager (ReplicationManager.java:stop(319)) - Stopping Replication Monitor Thread.
2023-08-10 18:37:18,854 [Under Replicated Processor] WARN  replication.UnhealthyReplicationProcessor (UnhealthyReplicationProcessor.java:run(180)) - Under Replicated Processor interrupted. Exiting...
2023-08-10 18:37:18,854 [Over Replicated Processor] WARN  replication.UnhealthyReplicationProcessor (UnhealthyReplicationProcessor.java:run(180)) - Over Replicated Processor interrupted. Exiting...
2023-08-10 18:37:18,854 [ReplicationMonitor] INFO  replication.ReplicationManager (ReplicationManager.java:run(917)) - Replication Monitor Thread is stopped
2023-08-10 18:37:18,854 [Time-limited test] INFO  server.StorageContainerManager (StorageContainerManager.java:stop(1600)) - Stopping the Datanode Admin Monitor.
2023-08-10 18:37:18,855 [Time-limited test] INFO  server.StorageContainerManager (StorageContainerManager.java:stop(1607)) - Stopping datanode service RPC server
2023-08-10 18:37:18,855 [Time-limited test] INFO  server.SCMDatanodeProtocolServer (SCMDatanodeProtocolServer.java:stop(424)) - Stopping the RPC server for DataNodes
2023-08-10 18:37:18,855 [Time-limited test] INFO  ipc.Server (Server.java:stop(3523)) - Stopping server on 9861
2023-08-10 18:37:19,280 [SCM Heartbeat Processing Thread - 0] WARN  node.NodeStateManager (NodeStateManager.java:scheduleNextHealthCheck(874)) - Current Thread is interrupted, shutting down HB processing thread for Node Manager.
2023-08-10 18:37:19,281 [Time-limited test] INFO  server.StorageContainerManager (StorageContainerManager.java:stop(1615)) - Stopping block service RPC server
2023-08-10 18:37:19,281 [Time-limited test] INFO  server.SCMBlockProtocolServer (SCMBlockProtocolServer.java:stop(161)) - Stopping the RPC server for Block Protocol
2023-08-10 18:37:19,281 [Time-limited test] INFO  ipc.Server (Server.java:stop(3523)) - Stopping server on 9863
2023-08-10 18:37:19,282 [Time-limited test] INFO  server.StorageContainerManager (StorageContainerManager.java:stop(1622)) - Stopping the StorageContainerLocationProtocol RPC server
2023-08-10 18:37:19,282 [Time-limited test] INFO  server.SCMClientProtocolServer (SCMClientProtocolServer.java:stop(210)) - Stopping the RPC server for Client Protocol
2023-08-10 18:37:19,282 [Time-limited test] INFO  ipc.Server (Server.java:stop(3523)) - Stopping server on 9860
2023-08-10 18:37:19,282 [Time-limited test] INFO  server.StorageContainerManager (StorageContainerManager.java:stop(1629)) - Stopping Storage Container Manager HTTP server.
2023-08-10 18:37:19,283 [Time-limited test] INFO  server.StorageContainerManager (StorageContainerManager.java:stop(1637)) - Stopping SCM LayoutVersionManager Service.
2023-08-10 18:37:19,283 [Time-limited test] INFO  server.SCMSecurityProtocolServer (SCMSecurityProtocolServer.java:stop(550)) - Stopping the SCMSecurityProtocolServer.
2023-08-10 18:37:19,283 [Time-limited test] INFO  ipc.Server (Server.java:stop(3523)) - Stopping server on 9961
2023-08-10 18:37:19,283 [Time-limited test] INFO  server.SCMUpdateServiceGrpcServer (SCMUpdateServiceGrpcServer.java:stop(73)) - SCMUpdateService stopping
2023-08-10 18:37:19,283 [Time-limited test] INFO  server.StorageContainerManager (StorageContainerManager.java:stop(1649)) - Stopping Block Manager Service.
2023-08-10 18:37:19,283 [Time-limited test] INFO  utils.BackgroundService (BackgroundService.java:shutdown(141)) - Shutting down service SCMBlockDeletingService
2023-08-10 18:37:19,283 [Time-limited test] INFO  utils.BackgroundService (BackgroundService.java:shutdown(141)) - Shutting down service SCMBlockDeletingService
2023-08-10 18:37:19,283 [Time-limited test] INFO  server.StorageContainerManager (StorageContainerManager.java:stop(1669)) - Stopping SCM Event Queue.
2023-08-10 18:37:19,283 [Time-limited test] INFO  server.StorageContainerManager (StorageContainerManager.java:stop(1680)) - Stopping SCM HA services.
2023-08-10 18:37:19,284 [Time-limited test] INFO  pipeline.BackgroundPipelineCreator (BackgroundPipelineCreator.java:stop(149)) - Stopping RatisPipelineUtilsThread.
2023-08-10 18:37:19,284 [RatisPipelineUtilsThread - 0] WARN  pipeline.BackgroundPipelineCreator (BackgroundPipelineCreator.java:run(180)) - RatisPipelineUtilsThread is interrupted.
2023-08-10 18:37:19,284 [Time-limited test] INFO  BackgroundPipelineScrubber (BackgroundSCMService.java:stop(131)) - Stopping BackgroundPipelineScrubber Service.
2023-08-10 18:37:19,284 [BackgroundPipelineScrubberThread] WARN  BackgroundPipelineScrubber (BackgroundSCMService.java:run(115)) - BackgroundPipelineScrubber is interrupted, exit
2023-08-10 18:37:19,284 [Time-limited test] WARN  pipeline.BackgroundPipelineCreator (BackgroundPipelineCreator.java:stop(145)) - RatisPipelineUtilsThread is not running, just ignore.
2023-08-10 18:37:19,284 [Time-limited test] INFO  BackgroundPipelineScrubber (BackgroundSCMService.java:stop(126)) - BackgroundPipelineScrubber Service is not running, skip stop.
2023-08-10 18:37:19,284 [Time-limited test] INFO  ExpiredContainerReplicaOpScrubber (BackgroundSCMService.java:stop(131)) - Stopping ExpiredContainerReplicaOpScrubber Service.
2023-08-10 18:37:19,284 [ExpiredContainerReplicaOpScrubberThread] WARN  ExpiredContainerReplicaOpScrubber (BackgroundSCMService.java:run(115)) - ExpiredContainerReplicaOpScrubber is interrupted, exit
2023-08-10 18:37:19,284 [Time-limited test] INFO  utils.BackgroundService (BackgroundService.java:shutdown(141)) - Shutting down service SCMBlockDeletingService
2023-08-10 18:37:19,284 [Time-limited test] INFO  replication.ReplicationManager (ReplicationManager.java:stop(329)) - Replication Monitor Thread is not running.
2023-08-10 18:37:19,284 [Time-limited test] WARN  balancer.ContainerBalancer (ContainerBalancer.java:stop(326)) - Cannot stop Container Balancer because it's not running or stopping
2023-08-10 18:37:19,284 [Time-limited test] INFO  server.StorageContainerManager (StorageContainerManager.java:stop(1715)) - Stopping SCM MetadataStore.
2023-08-10 18:37:19,285 [Time-limited test] INFO  server.SCMSecurityProtocolServer (SCMSecurityProtocolServer.java:join(560)) - Join RPC server for SCMSecurityProtocolServer.
2023-08-10 18:37:19,285 [Time-limited test] INFO  server.SCMSecurityProtocolServer (SCMSecurityProtocolServer.java:join(562)) - Join gRPC server for SCMSecurityProtocolServer.
2023-08-10 18:37:19,285 [Time-limited test] INFO  om.OzoneManager (OzoneManager.java:stop(2187)) - om1[fv-az194-926.m3vjxkz4xwiufi3h0wurkpa3rg.cx.internal.cloudapp.net:1202]: Stopping Ozone Manager
2023-08-10 18:37:19,285 [Time-limited test] INFO  ipc.Server (Server.java:stop(3523)) - Stopping server on 1202
2023-08-10 18:37:19,286 [IPC Server listener on 1202] INFO  ipc.Server (Server.java:run(1434)) - Stopping IPC Server listener on 1202
2023-08-10 18:37:19,288 [IPC Server Responder] INFO  ipc.Server (Server.java:run(1567)) - Stopping IPC Server Responder
2023-08-10 18:37:19,288 [Time-limited test] INFO  server.RaftServer (RaftServerProxy.java:lambda$close$6(416)) - om1: close
2023-08-10 18:37:19,288 [Time-limited test] INFO  server.GrpcService (GrpcService.java:closeImpl(311)) - om1: shutdown server GrpcServerProtocolService now
2023-08-10 18:37:19,288 [om1-impl-thread1] INFO  server.RaftServer$Division (RaftServerImpl.java:lambda$close$4(466)) - om1@group-C5BA1605619E: shutdown
2023-08-10 18:37:19,288 [om1-impl-thread1] INFO  util.JmxRegister (JmxRegister.java:unregister(73)) - Successfully un-registered JMX Bean with object name Ratis:service=RaftServer,group=group-C5BA1605619E,id=om1
2023-08-10 18:37:19,288 [om1-impl-thread1] INFO  impl.RoleInfo (RoleInfo.java:shutdownLeaderState(93)) - om1: shutdown om1@group-C5BA1605619E-LeaderStateImpl
2023-08-10 18:37:19,289 [om1-impl-thread1] INFO  impl.PendingRequests (PendingRequests.java:sendNotLeaderResponses(289)) - om1@group-C5BA1605619E-PendingRequests: sendNotLeaderResponses
2023-08-10 18:37:19,290 [Time-limited test] INFO  server.GrpcService (GrpcService.java:closeImpl(320)) - om1: shutdown server GrpcServerProtocolService successfully
2023-08-10 18:37:19,291 [om1-impl-thread1] INFO  impl.StateMachineUpdater (StateMachineUpdater.java:stopAndJoin(155)) - om1@group-C5BA1605619E-StateMachineUpdater: set stopIndex = 2
2023-08-10 18:37:19,292 [om1@group-C5BA1605619E-StateMachineUpdater] INFO  ratis.OzoneManagerStateMachine (OzoneManagerStateMachine.java:takeSnapshot(480)) - Current Snapshot Index (t:1, i:2)
2023-08-10 18:37:19,300 [om1@group-C5BA1605619E-StateMachineUpdater] INFO  impl.StateMachineUpdater (StateMachineUpdater.java:takeSnapshot(291)) - om1@group-C5BA1605619E-StateMachineUpdater: Took a snapshot at index 2
2023-08-10 18:37:19,301 [om1@group-C5BA1605619E-StateMachineUpdater] INFO  impl.StateMachineUpdater (StateMachineUpdater.java:lambda$new$0(97)) - om1@group-C5BA1605619E-StateMachineUpdater: snapshotIndex: updateIncreasingly -1 -> 2
2023-08-10 18:37:19,301 [om1@group-C5BA1605619E-StateMachineUpdater] INFO  ratis.OzoneManagerStateMachine (OzoneManagerStateMachine.java:close(534)) - StateMachine has shutdown. Shutdown OzoneManager if not already shutdown.
2023-08-10 18:37:19,301 [om1@group-C5BA1605619E-StateMachineUpdater] INFO  ratis.OzoneManagerDoubleBuffer (OzoneManagerDoubleBuffer.java:stopDaemon(551)) - Stopping OMDoubleBuffer flush thread
2023-08-10 18:37:19,301 [OMDoubleBufferFlushThread] INFO  ratis.OzoneManagerDoubleBuffer (OzoneManagerDoubleBuffer.java:canFlush(638)) - OMDoubleBuffer flush thread OMDoubleBufferFlushThread is interrupted and will exit.
2023-08-10 18:37:19,301 [om1-impl-thread1] INFO  server.RaftServer$Division (ServerState.java:close(472)) - om1@group-C5BA1605619E: closes. applyIndex: 2
2023-08-10 18:37:19,806 [om1-impl-thread1] INFO  segmented.SegmentedRaftLogWorker (SegmentedRaftLogWorker.java:close(252)) - om1@group-C5BA1605619E-SegmentedRaftLogWorker close()
2023-08-10 18:37:19,807 [JvmPauseMonitor5] INFO  util.JvmPauseMonitor (JvmPauseMonitor.java:run(109)) - JvmPauseMonitor-om1: Stopped
2023-08-10 18:37:19,807 [Time-limited test] INFO  ratis.OzoneManagerStateMachine (OzoneManagerStateMachine.java:close(534)) - StateMachine has shutdown. Shutdown OzoneManager if not already shutdown.
2023-08-10 18:37:19,807 [Time-limited test] INFO  ratis.OzoneManagerDoubleBuffer (OzoneManagerDoubleBuffer.java:stopDaemon(560)) - OMDoubleBuffer flush thread is not running.
2023-08-10 18:37:19,807 [Time-limited test] INFO  utils.BackgroundService (BackgroundService.java:shutdown(141)) - Shutting down service KeyDeletingService
2023-08-10 18:37:19,807 [Time-limited test] INFO  utils.BackgroundService (BackgroundService.java:shutdown(141)) - Shutting down service KeyDeletingService
2023-08-10 18:37:19,808 [Time-limited test] INFO  utils.BackgroundService (BackgroundService.java:shutdown(141)) - Shutting down service OpenKeyCleanupService
2023-08-10 18:37:19,808 [Time-limited test] INFO  utils.BackgroundService (BackgroundService.java:shutdown(141)) - Shutting down service SstFilteringService
2023-08-10 18:37:19,808 [Time-limited test] INFO  utils.BackgroundService (BackgroundService.java:shutdown(141)) - Shutting down service SnapshotDeletingService
2023-08-10 18:37:19,808 [Time-limited test] INFO  om.OzoneManager (OzoneManager.java:stopSecretManager(1063)) - Stopping secret key client.
2023-08-10 18:37:19,808 [Time-limited test] INFO  om.OzoneManager (OzoneManager.java:stopSecretManager(1068)) - Stopping OM delegation token secret manager.
2023-08-10 18:37:19,809 [Thread[Thread-1305,5,FailOnTimeoutGroup]] INFO  security.OzoneDelegationTokenSecretManager (OzoneDelegationTokenSecretManager.java:run(653)) - ExpiredTokenRemover was interrupted.
java.lang.InterruptedException: sleep interrupted
	at java.lang.Thread.sleep(Native Method)
	at org.apache.hadoop.ozone.security.OzoneDelegationTokenSecretManager$ExpiredTokenRemover.run(OzoneDelegationTokenSecretManager.java:649)
	at java.lang.Thread.run(Thread.java:750)
2023-08-10 18:37:19,809 [Time-limited test] INFO  handler.ContextHandler (ContextHandler.java:doStop(1159)) - Stopped o.e.j.w.WebAppContext@621db62c{ozoneManager,/,null,STOPPED}{file:/home/runner/work/ozone/ozone/hadoop-ozone/integration-test/target/test-classes/webapps/ozoneManager}
2023-08-10 18:37:19,810 [Time-limited test] INFO  server.AbstractConnector (AbstractConnector.java:doStop(383)) - Stopped ServerConnector@3bc52b77{HTTP/1.1, (http/1.1)}{0.0.0.0:9874}
2023-08-10 18:37:19,810 [Time-limited test] INFO  server.session (HouseKeeper.java:stopScavenging(149)) - node0 Stopped scavenging
2023-08-10 18:37:19,810 [Time-limited test] INFO  handler.ContextHandler (ContextHandler.java:doStop(1159)) - Stopped o.e.j.s.ServletContextHandler@1f23bc0{static,/static,file:///home/runner/work/ozone/ozone/hadoop-ozone/integration-test/target/test-classes/webapps/static,STOPPED}
2023-08-10 18:37:19,811 [Time-limited test] INFO  handler.ContextHandler (ContextHandler.java:doStop(1159)) - Stopped o.e.j.s.ServletContextHandler@1d76d3e5{logs,/logs,file:///home/runner/work/ozone/ozone/hadoop-ozone/integration-test/target/log,STOPPED}
2023-08-10 18:37:19,811 [Time-limited test] INFO  rocksdiff.RocksDBCheckpointDiffer (RocksDBCheckpointDiffer.java:close(340)) - Shutting down CompactionDagPruningService.
2023-08-10 18:37:19,813 [Time-limited test] INFO  snapshot.SnapshotDiffManager (SnapshotDiffManager.java:closeExecutorService(1720)) - Shutting down executorService: 'SnapDiffExecutor'
2023-08-10 18:37:19,813 [Time-limited test] INFO  snapshot.SnapshotDiffManager (SnapshotDiffManager.java:closeExecutorService(1720)) - Shutting down executorService: 'SstDumpToolExecutor'
2023-08-10 18:37:19,813 [Time-limited test] INFO  utils.BackgroundService (BackgroundService.java:shutdown(141)) - Shutting down service SnapshotDiffCleanupService
]]></system-out>
  </testcase>
  <testcase name="testDelegationTokenRenewCrossCertificateRenew" classname="org.apache.hadoop.ozone.TestSecureOzoneCluster" time="19.264">
    <system-out><![CDATA[2023-08-10 18:37:19,835 [Time-limited test] INFO  net.ServerSocketUtil (ServerSocketUtil.java:getPort(55)) - Using port 9860
2023-08-10 18:37:19,835 [Time-limited test] INFO  net.ServerSocketUtil (ServerSocketUtil.java:getPort(55)) - Using port 9861
2023-08-10 18:37:19,835 [Time-limited test] INFO  net.ServerSocketUtil (ServerSocketUtil.java:getPort(55)) - Using port 9863
2023-08-10 18:37:19,835 [Time-limited test] INFO  net.ServerSocketUtil (ServerSocketUtil.java:getPort(55)) - Using port 9961
2023-08-10 18:37:19,835 [Time-limited test] INFO  net.ServerSocketUtil (ServerSocketUtil.java:getPort(55)) - Using port 1200
2023-08-10 18:37:19,835 [Time-limited test] INFO  net.ServerSocketUtil (ServerSocketUtil.java:getPort(55)) - Using port 1201
2023-08-10 18:37:19,836 [Time-limited test] INFO  minikdc.MiniKdc (MiniKdc.java:<init>(225)) - Configuration:
2023-08-10 18:37:19,836 [Time-limited test] INFO  minikdc.MiniKdc (MiniKdc.java:<init>(226)) - ---------------------------------------------------------------
2023-08-10 18:37:19,836 [Time-limited test] INFO  minikdc.MiniKdc (MiniKdc.java:<init>(228)) -   debug: false
2023-08-10 18:37:19,836 [Time-limited test] INFO  minikdc.MiniKdc (MiniKdc.java:<init>(228)) -   transport: TCP
2023-08-10 18:37:19,836 [Time-limited test] INFO  minikdc.MiniKdc (MiniKdc.java:<init>(228)) -   max.ticket.lifetime: 86400000
2023-08-10 18:37:19,836 [Time-limited test] INFO  minikdc.MiniKdc (MiniKdc.java:<init>(228)) -   org.name: EXAMPLE
2023-08-10 18:37:19,836 [Time-limited test] INFO  minikdc.MiniKdc (MiniKdc.java:<init>(228)) -   kdc.port: 0
2023-08-10 18:37:19,836 [Time-limited test] INFO  minikdc.MiniKdc (MiniKdc.java:<init>(228)) -   org.domain: COM
2023-08-10 18:37:19,836 [Time-limited test] INFO  minikdc.MiniKdc (MiniKdc.java:<init>(228)) -   max.renewable.lifetime: 604800000
2023-08-10 18:37:19,836 [Time-limited test] INFO  minikdc.MiniKdc (MiniKdc.java:<init>(228)) -   instance: DefaultKrbServer
2023-08-10 18:37:19,836 [Time-limited test] INFO  minikdc.MiniKdc (MiniKdc.java:<init>(228)) -   kdc.bind.address: localhost
2023-08-10 18:37:19,836 [Time-limited test] INFO  minikdc.MiniKdc (MiniKdc.java:<init>(230)) - ---------------------------------------------------------------
2023-08-10 18:37:19,837 [Time-limited test] INFO  minikdc.MiniKdc (MiniKdc.java:start(285)) - MiniKdc started.
2023-08-10 18:37:19,900 [Time-limited test] INFO  om.OzoneManager (OzoneManager.java:getOmDetailsProto(4555)) - OzoneManager ports added:[name: "RPC"
value: 1202
]
2023-08-10 18:37:19,901 [Time-limited test] WARN  server.ServerUtils (ServerUtils.java:getDBPath(311)) - ozone.om.db.dirs is not configured. We recommend adding this setting. Falling back to ozone.metadata.dirs instead.
2023-08-10 18:37:19,902 [Time-limited test] INFO  ha.OMHANodeDetails (OMHANodeDetails.java:loadOMHAConfig(115)) - ozone.om.internal.service.id is not defined, falling back to ozone.om.service.ids to find serviceID for OzoneManager if it is HA enabled cluster
2023-08-10 18:37:19,903 [Time-limited test] INFO  ha.OMHANodeDetails (OMHANodeDetails.java:loadOMHAConfig(226)) - Configuration does not have ozone.om.address set. Falling back to the default OM address fv-az194-926.m3vjxkz4xwiufi3h0wurkpa3rg.cx.internal.cloudapp.net/10.1.0.69:1202
2023-08-10 18:37:19,903 [Time-limited test] INFO  ha.OMHANodeDetails (OMHANodeDetails.java:getOMNodeDetailsForNonHA(254)) - OM Service ID is not set. Setting it to the default ID: omServiceIdDefault
2023-08-10 18:37:19,903 [Time-limited test] INFO  ha.OMHANodeDetails (OMHANodeDetails.java:getOMNodeDetailsForNonHA(261)) - OM Node ID is not set. Setting it to the default ID: om1
2023-08-10 18:37:19,903 [Time-limited test] WARN  server.ServerUtils (ServerUtils.java:getDBPath(311)) - ozone.om.db.dirs is not configured. We recommend adding this setting. Falling back to ozone.metadata.dirs instead.
2023-08-10 18:37:19,904 [Time-limited test] INFO  upgrade.AbstractLayoutVersionManager (AbstractLayoutVersionManager.java:init(83)) - Initializing Layout version manager with metadata layout = QUOTA (version = 6), software layout = QUOTA (version = 6)
2023-08-10 18:37:19,972 [Time-limited test] INFO  reflections.Reflections (Reflections.java:scan(232)) - Reflections took 68 ms to scan 2 urls, producing 188 keys and 512 values [using 2 cores]
2023-08-10 18:37:19,972 [Time-limited test] INFO  upgrade.OMLayoutVersionManager (OMLayoutVersionManager.java:lambda$0(115)) - Skipping Upgrade Action MockOmUpgradeAction since it has been finalized.
2023-08-10 18:37:19,972 [Time-limited test] INFO  upgrade.OMLayoutVersionManager (OMLayoutVersionManager.java:lambda$0(115)) - Skipping Upgrade Action QuotaRepairUpgradeAction since it has been finalized.
2023-08-10 18:37:19,974 [pool-390-thread-1] INFO  request.KdcRequest (KdcRequest.java:preauth(651)) - The preauth data is empty.
2023-08-10 18:37:19,975 [pool-390-thread-1] INFO  server.KdcHandler (KdcHandler.java:handleRecoverableException(177)) - KRB error occurred while processing request:Additional pre-authentication required
2023-08-10 18:37:19,979 [pool-390-thread-2] INFO  request.AsRequest (AsRequest.java:issueTicket(112)) - AS_REQ ISSUE: authtime 1691692639979,om/fv-az194-926.m3vjxkz4xwiufi3h0wurkpa3rg.cx.internal.cloudapp.net@EXAMPLE.COM for krbtgt/EXAMPLE.COM@EXAMPLE.COM
2023-08-10 18:37:19,980 [Time-limited test] INFO  security.UserGroupInformation (UserGroupInformation.java:loginUserFromKeytab(1132)) - Login successful for user om/fv-az194-926.m3vjxkz4xwiufi3h0wurkpa3rg.cx.internal.cloudapp.net@EXAMPLE.COM using keytab file om.keytab. Keytab auto renewal enabled : false
2023-08-10 18:37:19,980 [Time-limited test] INFO  om.OzoneManager (OzoneManager.java:loginOMUser(1161)) - Ozone Manager login successful.
2023-08-10 18:37:19,980 [Time-limited test] WARN  server.ServerUtils (ServerUtils.java:getDBPath(311)) - ozone.om.db.dirs is not configured. We recommend adding this setting. Falling back to ozone.metadata.dirs instead.
2023-08-10 18:37:19,981 [Time-limited test] INFO  proxy.SCMBlockLocationFailoverProxyProvider (SCMBlockLocationFailoverProxyProvider.java:<init>(114)) - Created block location fail-over proxy with 1 nodes: [nodeId=scmNodeId,nodeAddress=localhost/127.0.0.1:9863]
2023-08-10 18:37:19,982 [Time-limited test] INFO  om.OzoneManager (OzoneManager.java:getOmDetailsProto(4555)) - OzoneManager ports added:[name: "RPC"
value: 1202
]
2023-08-10 18:37:19,983 [Time-limited test] INFO  security.OMCertificateClient (DefaultCertificateClient.java:updateCertSerialId(1244)) - Certificate serial ID set to 9879877970576
2023-08-10 18:37:19,983 [Time-limited test] WARN  security.OMCertificateClient (DefaultCertificateClient.java:loadAllCertificates(173)) - Certificates could not be loaded.
java.nio.file.NoSuchFileException: /tmp/junit6886482783131334230/junit1086000174563661289/om-meta/om/certs
	at sun.nio.fs.UnixException.translateToIOException(UnixException.java:86)
	at sun.nio.fs.UnixException.rethrowAsIOException(UnixException.java:102)
	at sun.nio.fs.UnixException.rethrowAsIOException(UnixException.java:107)
	at sun.nio.fs.UnixFileSystemProvider.newDirectoryStream(UnixFileSystemProvider.java:427)
	at java.nio.file.Files.newDirectoryStream(Files.java:457)
	at java.nio.file.Files.list(Files.java:3451)
	at org.apache.hadoop.hdds.security.x509.certificate.client.DefaultCertificateClient.loadAllCertificates(DefaultCertificateClient.java:168)
	at org.apache.hadoop.hdds.security.x509.certificate.client.DefaultCertificateClient.updateCertSerialId(DefaultCertificateClient.java:1245)
	at org.apache.hadoop.hdds.security.x509.certificate.client.DefaultCertificateClient.<init>(DefaultCertificateClient.java:157)
	at org.apache.hadoop.hdds.security.x509.certificate.client.CommonCertificateClient.<init>(CommonCertificateClient.java:49)
	at org.apache.hadoop.ozone.security.OMCertificateClient.<init>(OMCertificateClient.java:68)
	at org.apache.hadoop.ozone.om.OzoneManager.<init>(OzoneManager.java:640)
	at org.apache.hadoop.ozone.om.OzoneManager.createOm(OzoneManager.java:754)
	at org.apache.hadoop.ozone.TestSecureOzoneCluster.setupOm(TestSecureOzoneCluster.java:701)
	at org.apache.hadoop.ozone.TestSecureOzoneCluster.testDelegationTokenRenewCrossCertificateRenew(TestSecureOzoneCluster.java:1158)
	at sun.reflect.NativeMethodAccessorImpl.invoke0(Native Method)
	at sun.reflect.NativeMethodAccessorImpl.invoke(NativeMethodAccessorImpl.java:62)
	at sun.reflect.DelegatingMethodAccessorImpl.invoke(DelegatingMethodAccessorImpl.java:43)
	at java.lang.reflect.Method.invoke(Method.java:498)
	at org.junit.runners.model.FrameworkMethod$1.runReflectiveCall(FrameworkMethod.java:59)
	at org.junit.internal.runners.model.ReflectiveCallable.run(ReflectiveCallable.java:12)
	at org.junit.runners.model.FrameworkMethod.invokeExplosively(FrameworkMethod.java:56)
	at org.junit.internal.runners.statements.InvokeMethod.evaluate(InvokeMethod.java:17)
	at org.junit.internal.runners.statements.RunBefores.evaluate(RunBefores.java:26)
	at org.junit.internal.runners.statements.RunAfters.evaluate(RunAfters.java:27)
	at org.junit.rules.ExternalResource$1.evaluate(ExternalResource.java:54)
	at org.junit.internal.runners.statements.FailOnTimeout$CallableStatement.call(FailOnTimeout.java:288)
	at org.junit.internal.runners.statements.FailOnTimeout$CallableStatement.call(FailOnTimeout.java:282)
	at java.util.concurrent.FutureTask.run(FutureTask.java:266)
	at java.lang.Thread.run(Thread.java:750)
2023-08-10 18:37:19,985 [Time-limited test] INFO  om.OzoneManager (OzoneManager.java:<init>(662)) - OM start with adminUsers: [om/fv-az194-926.m3vjxkz4xwiufi3h0wurkpa3rg.cx.internal.cloudapp.net@EXAMPLE.COM, om]
2023-08-10 18:37:19,985 [Time-limited test] WARN  server.ServerUtils (ServerUtils.java:getDBPath(311)) - ozone.om.db.dirs is not configured. We recommend adding this setting. Falling back to ozone.metadata.dirs instead.
2023-08-10 18:37:19,986 [Time-limited test] INFO  helpers.OmKeyInfo (OmKeyInfo.java:getCodec(71)) - OmKeyInfo.getCodec ignorePipeline = true
2023-08-10 18:37:20,143 [Time-limited test] INFO  om.OzoneManager (OzoneManager.java:instantiateServices(791)) - S3 Multi-Tenancy is disabled
2023-08-10 18:37:20,144 [Time-limited test] INFO  security.OzoneSecretStore (OzoneSecretStore.java:loadState(69)) - Loaded 0 tokens
2023-08-10 18:37:20,144 [Time-limited test] INFO  security.OzoneDelegationTokenSecretManager (OzoneDelegationTokenSecretManager.java:loadTokenSecretState(530)) - Loading token state into token manager.
2023-08-10 18:37:20,144 [Time-limited test] INFO  om.OmSnapshotManager (OmSnapshotManager.java:<init>(175)) - Ozone filesystem snapshot feature is enabled.
2023-08-10 18:37:20,144 [Time-limited test] WARN  server.ServerUtils (ServerUtils.java:getDBPath(311)) - ozone.om.snapshot.diff.db.dir is not configured. We recommend adding this setting. Falling back to ozone.metadata.dirs instead.
2023-08-10 18:37:20,159 [Time-limited test] INFO  snapshot.SnapshotDiffManager (SnapshotDiffManager.java:closeExecutorService(1720)) - Shutting down executorService: 'SstDumpToolExecutor'
2023-08-10 18:37:20,162 [Time-limited test] INFO  om.OzoneManager (OzoneManager.java:addS3GVolumeToDB(4287)) - Created Volume s3v With Owner om required for S3Gateway operations.
2023-08-10 18:37:20,162 [Time-limited test] WARN  server.ServerUtils (ServerUtils.java:getDefaultRatisDirectory(323)) - Storage directory for Ratis is not configured. It is a good idea to map this to an SSD disk. Falling back to ozone.metadata.dirs
2023-08-10 18:37:20,162 [Time-limited test] WARN  utils.OzoneManagerRatisUtils (OzoneManagerRatisUtils.java:getOMRatisSnapshotDirectory(461)) - ozone.om.ratis.snapshot.dir is not configured. Falling back to ozone.metadata.dirs config
2023-08-10 18:37:20,162 [Time-limited test] WARN  server.ServerUtils (ServerUtils.java:getDefaultRatisDirectory(323)) - Storage directory for Ratis is not configured. It is a good idea to map this to an SSD disk. Falling back to ozone.metadata.dirs
2023-08-10 18:37:20,164 [Time-limited test] INFO  ratis.OzoneManagerRatisServer (OzoneManagerRatisServer.java:<init>(163)) - Instantiating OM Ratis server with groupID: omServiceIdDefault and peers: fv-az194-926.m3vjxkz4xwiufi3h0wurkpa3rg.cx.internal.cloudapp.net:9872
2023-08-10 18:37:20,166 [Time-limited test] INFO  ratis.OzoneManagerStateMachine (OzoneManagerStateMachine.java:loadSnapshotInfoFromDB(687)) - LastAppliedIndex is set from TransactionInfo from OM DB as (t:0, i:~)
2023-08-10 18:37:20,166 [Time-limited test] INFO  server.RaftServer (ConfUtils.java:logGet(46)) - raft.rpc.type = GRPC (default)
2023-08-10 18:37:20,167 [Time-limited test] INFO  grpc.GrpcConfigKeys (ConfUtils.java:logFallback(53)) - raft.grpc.admin.host = null (fallback to raft.grpc.server.host)
2023-08-10 18:37:20,167 [Time-limited test] INFO  grpc.GrpcConfigKeys (ConfUtils.java:logFallback(53)) - raft.grpc.admin.port = 9872 (fallback to raft.grpc.server.port)
2023-08-10 18:37:20,167 [Time-limited test] INFO  grpc.GrpcConfigKeys (ConfUtils.java:logFallback(53)) - raft.grpc.client.host = null (fallback to raft.grpc.server.host)
2023-08-10 18:37:20,170 [Time-limited test] INFO  grpc.GrpcConfigKeys (ConfUtils.java:logFallback(53)) - raft.grpc.client.port = 9872 (fallback to raft.grpc.server.port)
2023-08-10 18:37:20,170 [Time-limited test] INFO  grpc.GrpcConfigKeys (ConfUtils.java:logGet(46)) - raft.grpc.server.host = null (default)
2023-08-10 18:37:20,170 [Time-limited test] INFO  grpc.GrpcConfigKeys (ConfUtils.java:logGet(46)) - raft.grpc.server.port = 9872 (custom)
2023-08-10 18:37:20,170 [Time-limited test] INFO  server.GrpcService (ConfUtils.java:logGet(46)) - raft.grpc.message.size.max = 33554432 (custom)
2023-08-10 18:37:20,170 [Time-limited test] INFO  server.RaftServerConfigKeys (ConfUtils.java:logGet(46)) - raft.server.log.appender.buffer.byte-limit = 33554432 (custom)
2023-08-10 18:37:20,170 [Time-limited test] INFO  server.GrpcService (ConfUtils.java:logGet(46)) - raft.grpc.flow.control.window = 1MB (=1048576) (default)
2023-08-10 18:37:20,170 [Time-limited test] INFO  server.RaftServerConfigKeys (ConfUtils.java:logGet(46)) - raft.server.rpc.request.timeout = 3000ms (default)
2023-08-10 18:37:20,170 [Time-limited test] INFO  grpc.GrpcConfigKeys (ConfUtils.java:logGet(46)) - raft.grpc.server.heartbeat.channel = true (default)
2023-08-10 18:37:20,170 [Time-limited test] INFO  grpc.GrpcConfigKeys (ConfUtils.java:logGet(46)) - raft.grpc.server.async.request.thread.pool.cached = true (default)
2023-08-10 18:37:20,170 [Time-limited test] INFO  grpc.GrpcConfigKeys (ConfUtils.java:logGet(46)) - raft.grpc.server.async.request.thread.pool.size = 32 (default)
2023-08-10 18:37:20,171 [Time-limited test] INFO  impl.DataStreamServerImpl (ConfUtils.java:logGet(46)) - raft.datastream.type = DISABLED (default)
2023-08-10 18:37:20,172 [Time-limited test] INFO  server.RaftServerConfigKeys (ConfUtils.java:logGet(46)) - raft.server.threadpool.proxy.cached = true (default)
2023-08-10 18:37:20,172 [Time-limited test] INFO  server.RaftServerConfigKeys (ConfUtils.java:logGet(46)) - raft.server.threadpool.proxy.size = 0 (default)
2023-08-10 18:37:20,172 [Time-limited test] INFO  server.RaftServerConfigKeys (ConfUtils.java:logGet(46)) - raft.server.rpc.slowness.timeout = 120s (custom)
2023-08-10 18:37:20,172 [Time-limited test] INFO  server.RaftServerConfigKeys (ConfUtils.java:logGet(46)) - raft.server.leaderelection.leader.step-down.wait-time = 10s (default)
2023-08-10 18:37:20,172 [Time-limited test] INFO  server.RaftServerConfigKeys (ConfUtils.java:logGet(46)) - raft.server.storage.dir = [/tmp/junit6886482783131334230/junit1086000174563661289/om-meta/ratis] (custom)
2023-08-10 18:37:20,172 [Time-limited test] INFO  server.RaftServer (RaftServerProxy.java:addNew(98)) - om1: addNew group-C5BA1605619E:[om1|rpc:fv-az194-926.m3vjxkz4xwiufi3h0wurkpa3rg.cx.internal.cloudapp.net:9872|priority:0|startupRole:FOLLOWER] returns group-C5BA1605619E:java.util.concurrent.CompletableFuture@64442368[Not completed]
2023-08-10 18:37:20,172 [Time-limited test] INFO  om.OzoneManager (OzoneManager.java:initializeRatisServer(2128)) - OzoneManager Ratis server initialized at port 9872
RaftServerImpl.java:<init>(198)) - om1: new RaftServerImpl for group-C5BA1605619E:[om1|rpc:fv-az194-926.m3vjxkz4xwiufi3h0wurkpa3rg.cx.internal.cloudapp.net:9872|priority:0|startupRole:FOLLOWER] with OzoneManagerStateMachine:uninitialized
2023-08-10 18:37:20,172 [Time-limited test] INFO  om.OzoneManager (OzoneManager.java:initializeRatisServer(2128)) - OzoneManager Ratis server initialized at port 9872
2023-08-10 18:37:20,173 [Time-limited test] INFO  om.OzoneManager (ConfUtils.java:logGet(46)) - raft.server.rpc.timeout.min = 5s (custom)
2023-08-10 18:37:20,173 [Time-limited test] INFO  om.OzoneManager (OzoneManager.java:getRpcServer(1193)) - Creating RPC Server
2023-08-10 18:37:20,173 [om1-groupManagement] INFO  server.RaftServerConfigKeys (ConfUtils.java:logGet(46)) - raft.server.rpc.timeout.max = 5200ms (custom)
2023-08-10 18:37:20,173 [om1-groupManagement] INFO  server.RaftServerConfigKeys (ConfUtils.java:logGet(46)) - raft.server.rpc.sleep.time = 25ms (default)
2023-08-10 18:37:20,173 [om1-groupManagement] INFO  server.RaftServerConfigKeys (ConfUtils.java:logGet(46)) - raft.server.rpc.slowness.timeout = 120s (custom)
2023-08-10 18:37:20,173 [om1-groupManagement] INFO  server.RaftServerConfigKeys (ConfUtils.java:logGet(46)) - raft.server.leaderelection.leader.step-down.wait-time = 10s (default)
2023-08-10 18:37:20,178 [om1-groupManagement] INFO  server.RaftServerConfigKeys (ConfUtils.java:logGet(46)) - raft.server.sleep.deviation.threshold = 300ms (default)
2023-08-10 18:37:20,178 [om1-groupManagement] INFO  server.RaftServer$Division (ServerState.java:<init>(120)) - om1@group-C5BA1605619E: ConfigurationManager, init=-1: peers:[om1|rpc:fv-az194-926.m3vjxkz4xwiufi3h0wurkpa3rg.cx.internal.cloudapp.net:9872|priority:0|startupRole:FOLLOWER]|listeners:[], old=null, confs=<EMPTY_MAP>
2023-08-10 18:37:20,178 [om1-groupManagement] INFO  server.RaftServerConfigKeys (ConfUtils.java:logGet(46)) - raft.server.storage.dir = [/tmp/junit6886482783131334230/junit1086000174563661289/om-meta/ratis] (custom)
2023-08-10 18:37:20,178 [om1-groupManagement] INFO  server.RaftServerConfigKeys (ConfUtils.java:logGet(46)) - raft.server.log.corruption.policy = EXCEPTION (default)
2023-08-10 18:37:20,178 [om1-groupManagement] INFO  server.RaftServerConfigKeys (ConfUtils.java:logGet(46)) - raft.server.storage.free-space.min = 0MB (=0) (default)
2023-08-10 18:37:20,178 [om1-groupManagement] INFO  server.RaftServerConfigKeys (ConfUtils.java:logGet(46)) - raft.server.notification.no-leader.timeout = 120s (custom)
2023-08-10 18:37:20,178 [om1-groupManagement] INFO  server.RaftServerConfigKeys (ConfUtils.java:logGet(46)) - raft.server.read.timeout = 10s (default)
2023-08-10 18:37:20,178 [om1-groupManagement] INFO  server.RaftServerConfigKeys (ConfUtils.java:logGet(46)) - raft.server.retrycache.expirytime = 300s (custom)
2023-08-10 18:37:20,178 [om1-groupManagement] INFO  server.RaftServerConfigKeys (ConfUtils.java:logGet(46)) - raft.server.retrycache.statistics.expirytime = 100μs (default)
2023-08-10 18:37:20,178 [om1-groupManagement] INFO  server.RaftServerConfigKeys (ConfUtils.java:logGet(46)) - raft.server.read.option = DEFAULT (default)
2023-08-10 18:37:20,179 [om1-groupManagement] INFO  server.RaftServerConfigKeys (ConfUtils.java:logGet(46)) - raft.server.rpc.request.timeout = 3000ms (default)
2023-08-10 18:37:20,179 [om1-groupManagement] INFO  server.RaftServerConfigKeys (ConfUtils.java:logGet(46)) - raft.server.log.appender.install.snapshot.enabled = false (custom)
2023-08-10 18:37:20,179 [om1-groupManagement] INFO  server.RaftServerConfigKeys (ConfUtils.java:logGet(46)) - raft.server.threadpool.server.cached = true (default)
2023-08-10 18:37:20,179 [om1-groupManagement] INFO  server.RaftServerConfigKeys (ConfUtils.java:logGet(46)) - raft.server.threadpool.server.size = 0 (default)
2023-08-10 18:37:20,179 [om1-groupManagement] INFO  server.RaftServerConfigKeys (ConfUtils.java:logGet(46)) - raft.server.threadpool.client.cached = true (default)
2023-08-10 18:37:20,179 [om1-groupManagement] INFO  server.RaftServerConfigKeys (ConfUtils.java:logGet(46)) - raft.server.threadpool.client.size = 0 (default)
2023-08-10 18:37:20,496 [Time-limited test] INFO  reflections.Reflections (Reflections.java:scan(232)) - Reflections took 323 ms to scan 19 urls, producing 70 keys and 5612 values [using 2 cores]
2023-08-10 18:37:20,497 [Time-limited test] INFO  ipc.CallQueueManager (CallQueueManager.java:<init>(90)) - Using callQueue: class java.util.concurrent.LinkedBlockingQueue, queueCapacity: 10000, scheduler: class org.apache.hadoop.ipc.DefaultRpcScheduler, ipcBackoff: false.
2023-08-10 18:37:20,497 [Time-limited test] INFO  ipc.Server (Server.java:<init>(1287)) - Listener at fv-az194-926.m3vjxkz4xwiufi3h0wurkpa3rg.cx.internal.cloudapp.net:1202
2023-08-10 18:37:20,498 [Socket Reader #1 for port 1202] INFO  ipc.Server (Server.java:run(1323)) - Starting Socket Reader #1 for port 1202
2023-08-10 18:37:21,018 [Time-limited test] INFO  utils.SelfSignedCertificate (SelfSignedCertificate.java:generateCertificate(157)) - Certificate 1 is issued by CN=rootCA@localhost,OU=scm1,O=cluster1 to CN=rootCA@localhost,OU=scm1,O=cluster1, valid from Thu Aug 10 18:37:21 UTC 2023 to Sun Sep 17 18:37:21 UTC 2028
2023-08-10 18:37:21,021 [Time-limited test] INFO  authority.DefaultApprover (DefaultApprover.java:sign(154)) - Extensions in CSR: 2.5.29.15
2023-08-10 18:37:21,021 [Time-limited test] INFO  authority.DefaultApprover (DefaultApprover.java:sign(158)) - Extensions to add to the certificate if they present in CSR: 2.5.29.17, 2.5.29.19, 1.3.6.1.5.5.7.1.12, 2.5.29.35, 2.5.29.37, 2.5.29.15
2023-08-10 18:37:21,024 [Time-limited test] INFO  ssl.ReloadingX509KeyManager (ReloadingX509KeyManager.java:loadKeyManager(222)) - Key manager is loaded with certificate chain
2023-08-10 18:37:21,024 [Time-limited test] INFO  ssl.ReloadingX509KeyManager (ReloadingX509KeyManager.java:loadKeyManager(224)) - [
[
  Version: V3
  Subject: O=cluster1, OU=scm1, CN=localhost
  Signature Algorithm: SHA256withRSA, OID = 1.2.840.113549.1.1.11

  Key:  Sun RSA public key, 2048 bits
  params: null
  modulus: 24542350220672934719001094039219271088168684944352775494444485554664339001629124228976578688889870442968484816989750729520037206921570089923226856600403657583604818163138299451704399671070954007544475039505083831891994659514698987385720786050410638025271231287154232332121567162637029782524292221668072931901395533085158646154155190833818362192680836368618718468495223770138650306878139256068377294209923370084703041524324407602144711610803917623462168139805796027810408103478879220105033565328985906859559366111648018482951644434636787836327299287928715780804767758965483057048073026978980079171985428125282881239349
  public exponent: 65537
  Validity: [From: Thu Aug 10 18:37:21 UTC 2023,
               To: Thu Aug 10 18:38:01 UTC 2023]
  Issuer: O=cluster1, OU=scm1, CN=rootCA@localhost
  SerialNumber: [    0174c8be 561b]

Certificate Extensions: 1
[1]: ObjectId: 2.5.29.15 Criticality=true
KeyUsage [
  DigitalSignature
  Key_Encipherment
  Data_Encipherment
  Key_Agreement
]

]
  Algorithm: [SHA256withRSA]
  Signature:
0000: 08 DB 97 8E CD E0 D4 7B   A0 B8 AA E6 D6 E0 DD D8  ................
0010: 0E 10 EA B3 1F EA 5A C0   A2 5E BF 66 06 A8 9E 41  ......Z..^.f...A
0020: CE 22 22 DF E1 82 AF 23   48 B4 44 B1 94 D4 54 43  .""....#H.D...TC
0030: 93 D8 97 60 98 69 8B E6   8B 4F 6F 9A BD 5E 46 0B  ...`.i...Oo..^F.
0040: CA 95 BE 11 F2 E8 9F 96   DC 55 83 1D C0 6D 8C 60  .........U...m.`
0050: 73 78 0D A6 75 51 CF 3B   FD 64 5C 75 B1 B4 43 F9  sx..uQ.;.d\u..C.
0060: D0 94 93 5C 66 0D 44 4F   E9 60 9E 41 16 14 C1 CE  ...\f.DO.`.A....
0070: E7 F9 4D 89 0B 07 D9 A7   F2 D5 47 B5 C8 9E C3 47  ..M.......G....G
0080: 4A F2 A3 8A 70 A3 26 3C   77 6A 23 53 13 FB 15 29  J...p.&<wj#S...)
0090: CD FA 41 E5 70 2B DF 46   C6 8A 56 12 95 F5 E4 FE  ..A.p+.F..V.....
00A0: 8E CB 5F CE A2 B6 E1 AE   23 0E 32 F4 BD 3B F8 CA  .._.....#.2..;..
00B0: BD 95 DE F1 A0 DE AF 50   9F 30 58 93 D2 05 91 04  .......P.0X.....
00C0: 66 D7 C8 80 12 8B 0A 66   4C F2 9D 7F A5 3A BB 48  f......fL....:.H
00D0: BB E8 59 9E 50 85 B3 A9   9A F7 C8 4A B0 92 3F 51  ..Y.P......J..?Q
00E0: 7D 26 8D B7 91 F4 DD 2D   43 BB 0B 3B 3B B2 6B BC  .&.....-C..;;.k.
00F0: 8F CD 1C D3 9C DD E0 1F   4E C0 17 35 00 39 A1 7D  ........N..5.9..

]
2023-08-10 18:37:21,025 [Time-limited test] INFO  ssl.ReloadingX509KeyManager (ReloadingX509KeyManager.java:loadKeyManager(224)) - [
[
  Version: V3
  Subject: O=cluster1, OU=scm1, CN=rootCA@localhost
  Signature Algorithm: SHA256withRSA, OID = 1.2.840.113549.1.1.11

  Key:  Sun RSA public key, 2048 bits
  params: null
  modulus: 23207318902710769553748043582843945366922255182958210462410382859915356939040837424440890306765386087941205485633732045982454928056251970225174848495048514686897404888243483956999146095043393551674505107081664240617050362795110785963254686376345749399967306820656928343399456920323408323874373378879302344496161942511057110380365091769018928163103908822274424008571072639753397984056973496903910677812917167915998956557938716089621585820479653468971186713476490761982375758730260419172748927391124860626360559063244983965280221750937207703231139175381964088862618450101346256169716972967062998035207426606095724372693
  public exponent: 65537
  Validity: [From: Thu Aug 10 18:37:21 UTC 2023,
               To: Sun Sep 17 18:37:21 UTC 2028]
  Issuer: O=cluster1, OU=scm1, CN=rootCA@localhost
  SerialNumber: [    01]

Certificate Extensions: 2
[1]: ObjectId: 2.5.29.19 Criticality=true
BasicConstraints:[
  CA:true
  PathLen:2147483647
]

[2]: ObjectId: 2.5.29.15 Criticality=true
KeyUsage [
  Key_CertSign
  Crl_Sign
]

]
  Algorithm: [SHA256withRSA]
  Signature:
0000: 58 A5 3C 00 19 0F 7B 93   69 30 A0 1F 3E 1C CB 13  X.<.....i0..>...
0010: FF 0A C0 9F 89 F6 2C 4F   51 AF D7 78 8D C8 40 A9  ......,OQ..x..@.
0020: 53 BF 12 B0 89 84 4D 65   2B 28 5F 04 F8 7E A9 27  S.....Me+(_....'
0030: 48 4B 17 EF A3 9F 96 06   2E 8D F1 AC 54 6A 91 47  HK..........Tj.G
0040: 83 13 70 5F AF 02 18 C3   BA C6 01 49 92 51 5D 5F  ..p_.......I.Q]_
0050: 9C B9 3F 34 5D 96 C1 7C   92 49 A2 E8 05 7A 3A A4  ..?4]....I...z:.
0060: 7F 78 87 71 00 6C 7A BA   B2 77 8D 95 9E DA 9B 0E  .x.q.lz..w......
0070: EB D2 62 BB BA 91 8D 3B   3B F2 30 A8 55 F7 C5 19  ..b....;;.0.U...
0080: D0 47 7B 49 B1 C5 A2 2B   FE C7 E9 BF E5 99 E5 92  .G.I...+........
0090: 5C 02 D6 C0 04 F2 90 9F   7B 34 F9 2F 3C D7 51 4B  \........4./<.QK
00A0: 31 93 82 36 CE 9E CB 22   2D 4B 7A F4 E8 71 2B 15  1..6..."-Kz..q+.
00B0: 94 7A 4C E2 5A 85 B5 DF   A2 9B B9 F9 3A D0 A7 6F  .zL.Z.......:..o
00C0: 83 F1 4B E1 64 4D EC 8B   50 B2 0B 55 15 8A 4B 38  ..K.dM..P..U..K8
00D0: 34 94 6B 66 46 33 33 74   52 C7 DF B6 C7 8A 05 A5  4.kfF33tR.......
00E0: 6B 0B 33 E4 38 51 1A 8B   71 C0 E9 1C 15 A0 1B 96  k.3.8Q..q.......
00F0: 61 4A 5F 2F 01 B4 BD 83   96 8E EE BB 0B 37 02 E8  aJ_/.........7..

]
2023-08-10 18:37:21,025 [Time-limited test] INFO  ssl.ReloadingX509TrustManager (ReloadingX509TrustManager.java:insertCertsToKeystore(188)) - Trust manager is loaded with certificates
2023-08-10 18:37:21,026 [Time-limited test] INFO  ssl.ReloadingX509TrustManager (ReloadingX509TrustManager.java:insertCertsToKeystore(192)) - [
[
  Version: V3
  Subject: O=cluster1, OU=scm1, CN=rootCA@localhost
  Signature Algorithm: SHA256withRSA, OID = 1.2.840.113549.1.1.11

  Key:  Sun RSA public key, 2048 bits
  params: null
  modulus: 23207318902710769553748043582843945366922255182958210462410382859915356939040837424440890306765386087941205485633732045982454928056251970225174848495048514686897404888243483956999146095043393551674505107081664240617050362795110785963254686376345749399967306820656928343399456920323408323874373378879302344496161942511057110380365091769018928163103908822274424008571072639753397984056973496903910677812917167915998956557938716089621585820479653468971186713476490761982375758730260419172748927391124860626360559063244983965280221750937207703231139175381964088862618450101346256169716972967062998035207426606095724372693
  public exponent: 65537
  Validity: [From: Thu Aug 10 18:37:21 UTC 2023,
               To: Sun Sep 17 18:37:21 UTC 2028]
  Issuer: O=cluster1, OU=scm1, CN=rootCA@localhost
  SerialNumber: [    01]

Certificate Extensions: 2
[1]: ObjectId: 2.5.29.19 Criticality=true
BasicConstraints:[
  CA:true
  PathLen:2147483647
]

[2]: ObjectId: 2.5.29.15 Criticality=true
KeyUsage [
  Key_CertSign
  Crl_Sign
]

]
  Algorithm: [SHA256withRSA]
  Signature:
0000: 58 A5 3C 00 19 0F 7B 93   69 30 A0 1F 3E 1C CB 13  X.<.....i0..>...
0010: FF 0A C0 9F 89 F6 2C 4F   51 AF D7 78 8D C8 40 A9  ......,OQ..x..@.
0020: 53 BF 12 B0 89 84 4D 65   2B 28 5F 04 F8 7E A9 27  S.....Me+(_....'
0030: 48 4B 17 EF A3 9F 96 06   2E 8D F1 AC 54 6A 91 47  HK..........Tj.G
0040: 83 13 70 5F AF 02 18 C3   BA C6 01 49 92 51 5D 5F  ..p_.......I.Q]_
0050: 9C B9 3F 34 5D 96 C1 7C   92 49 A2 E8 05 7A 3A A4  ..?4]....I...z:.
0060: 7F 78 87 71 00 6C 7A BA   B2 77 8D 95 9E DA 9B 0E  .x.q.lz..w......
0070: EB D2 62 BB BA 91 8D 3B   3B F2 30 A8 55 F7 C5 19  ..b....;;.0.U...
0080: D0 47 7B 49 B1 C5 A2 2B   FE C7 E9 BF E5 99 E5 92  .G.I...+........
0090: 5C 02 D6 C0 04 F2 90 9F   7B 34 F9 2F 3C D7 51 4B  \........4./<.QK
00A0: 31 93 82 36 CE 9E CB 22   2D 4B 7A F4 E8 71 2B 15  1..6..."-Kz..q+.
00B0: 94 7A 4C E2 5A 85 B5 DF   A2 9B B9 F9 3A D0 A7 6F  .zL.Z.......:..o
00C0: 83 F1 4B E1 64 4D EC 8B   50 B2 0B 55 15 8A 4B 38  ..K.dM..P..U..K8
00D0: 34 94 6B 66 46 33 33 74   52 C7 DF B6 C7 8A 05 A5  4.kfF33tR.......
00E0: 6B 0B 33 E4 38 51 1A 8B   71 C0 E9 1C 15 A0 1B 96  k.3.8Q..q.......
00F0: 61 4A 5F 2F 01 B4 BD 83   96 8E EE BB 0B 37 02 E8  aJ_/.........7..

]
2023-08-10 18:37:21,026 [Time-limited test] INFO  ssl.ReloadingX509KeyManager (ReloadingX509KeyManager.java:loadKeyManager(222)) - Key manager is loaded with certificate chain
2023-08-10 18:37:21,027 [Time-limited test] INFO  ssl.ReloadingX509KeyManager (ReloadingX509KeyManager.java:loadKeyManager(224)) - [
[
  Version: V3
  Subject: O=cluster1, OU=scm1, CN=localhost
  Signature Algorithm: SHA256withRSA, OID = 1.2.840.113549.1.1.11

  Key:  Sun RSA public key, 2048 bits
  params: null
  modulus: 24542350220672934719001094039219271088168684944352775494444485554664339001629124228976578688889870442968484816989750729520037206921570089923226856600403657583604818163138299451704399671070954007544475039505083831891994659514698987385720786050410638025271231287154232332121567162637029782524292221668072931901395533085158646154155190833818362192680836368618718468495223770138650306878139256068377294209923370084703041524324407602144711610803917623462168139805796027810408103478879220105033565328985906859559366111648018482951644434636787836327299287928715780804767758965483057048073026978980079171985428125282881239349
  public exponent: 65537
  Validity: [From: Thu Aug 10 18:37:21 UTC 2023,
               To: Thu Aug 10 18:38:01 UTC 2023]
  Issuer: O=cluster1, OU=scm1, CN=rootCA@localhost
  SerialNumber: [    0174c8be 561b]

Certificate Extensions: 1
[1]: ObjectId: 2.5.29.15 Criticality=true
KeyUsage [
  DigitalSignature
  Key_Encipherment
  Data_Encipherment
  Key_Agreement
]

]
  Algorithm: [SHA256withRSA]
  Signature:
0000: 08 DB 97 8E CD E0 D4 7B   A0 B8 AA E6 D6 E0 DD D8  ................
0010: 0E 10 EA B3 1F EA 5A C0   A2 5E BF 66 06 A8 9E 41  ......Z..^.f...A
0020: CE 22 22 DF E1 82 AF 23   48 B4 44 B1 94 D4 54 43  .""....#H.D...TC
0030: 93 D8 97 60 98 69 8B E6   8B 4F 6F 9A BD 5E 46 0B  ...`.i...Oo..^F.
0040: CA 95 BE 11 F2 E8 9F 96   DC 55 83 1D C0 6D 8C 60  .........U...m.`
0050: 73 78 0D A6 75 51 CF 3B   FD 64 5C 75 B1 B4 43 F9  sx..uQ.;.d\u..C.
0060: D0 94 93 5C 66 0D 44 4F   E9 60 9E 41 16 14 C1 CE  ...\f.DO.`.A....
0070: E7 F9 4D 89 0B 07 D9 A7   F2 D5 47 B5 C8 9E C3 47  ..M.......G....G
0080: 4A F2 A3 8A 70 A3 26 3C   77 6A 23 53 13 FB 15 29  J...p.&<wj#S...)
0090: CD FA 41 E5 70 2B DF 46   C6 8A 56 12 95 F5 E4 FE  ..A.p+.F..V.....
00A0: 8E CB 5F CE A2 B6 E1 AE   23 0E 32 F4 BD 3B F8 CA  .._.....#.2..;..
00B0: BD 95 DE F1 A0 DE AF 50   9F 30 58 93 D2 05 91 04  .......P.0X.....
00C0: 66 D7 C8 80 12 8B 0A 66   4C F2 9D 7F A5 3A BB 48  f......fL....:.H
00D0: BB E8 59 9E 50 85 B3 A9   9A F7 C8 4A B0 92 3F 51  ..Y.P......J..?Q
00E0: 7D 26 8D B7 91 F4 DD 2D   43 BB 0B 3B 3B B2 6B BC  .&.....-C..;;.k.
00F0: 8F CD 1C D3 9C DD E0 1F   4E C0 17 35 00 39 A1 7D  ........N..5.9..

]
2023-08-10 18:37:21,028 [Time-limited test] INFO  ssl.ReloadingX509KeyManager (ReloadingX509KeyManager.java:loadKeyManager(224)) - [
[
  Version: V3
  Subject: O=cluster1, OU=scm1, CN=rootCA@localhost
  Signature Algorithm: SHA256withRSA, OID = 1.2.840.113549.1.1.11

  Key:  Sun RSA public key, 2048 bits
  params: null
  modulus: 23207318902710769553748043582843945366922255182958210462410382859915356939040837424440890306765386087941205485633732045982454928056251970225174848495048514686897404888243483956999146095043393551674505107081664240617050362795110785963254686376345749399967306820656928343399456920323408323874373378879302344496161942511057110380365091769018928163103908822274424008571072639753397984056973496903910677812917167915998956557938716089621585820479653468971186713476490761982375758730260419172748927391124860626360559063244983965280221750937207703231139175381964088862618450101346256169716972967062998035207426606095724372693
  public exponent: 65537
  Validity: [From: Thu Aug 10 18:37:21 UTC 2023,
               To: Sun Sep 17 18:37:21 UTC 2028]
  Issuer: O=cluster1, OU=scm1, CN=rootCA@localhost
  SerialNumber: [    01]

Certificate Extensions: 2
[1]: ObjectId: 2.5.29.19 Criticality=true
BasicConstraints:[
  CA:true
  PathLen:2147483647
]

[2]: ObjectId: 2.5.29.15 Criticality=true
KeyUsage [
  Key_CertSign
  Crl_Sign
]

]
  Algorithm: [SHA256withRSA]
  Signature:
0000: 58 A5 3C 00 19 0F 7B 93   69 30 A0 1F 3E 1C CB 13  X.<.....i0..>...
0010: FF 0A C0 9F 89 F6 2C 4F   51 AF D7 78 8D C8 40 A9  ......,OQ..x..@.
0020: 53 BF 12 B0 89 84 4D 65   2B 28 5F 04 F8 7E A9 27  S.....Me+(_....'
0030: 48 4B 17 EF A3 9F 96 06   2E 8D F1 AC 54 6A 91 47  HK..........Tj.G
0040: 83 13 70 5F AF 02 18 C3   BA C6 01 49 92 51 5D 5F  ..p_.......I.Q]_
0050: 9C B9 3F 34 5D 96 C1 7C   92 49 A2 E8 05 7A 3A A4  ..?4]....I...z:.
0060: 7F 78 87 71 00 6C 7A BA   B2 77 8D 95 9E DA 9B 0E  .x.q.lz..w......
0070: EB D2 62 BB BA 91 8D 3B   3B F2 30 A8 55 F7 C5 19  ..b....;;.0.U...
0080: D0 47 7B 49 B1 C5 A2 2B   FE C7 E9 BF E5 99 E5 92  .G.I...+........
0090: 5C 02 D6 C0 04 F2 90 9F   7B 34 F9 2F 3C D7 51 4B  \........4./<.QK
00A0: 31 93 82 36 CE 9E CB 22   2D 4B 7A F4 E8 71 2B 15  1..6..."-Kz..q+.
00B0: 94 7A 4C E2 5A 85 B5 DF   A2 9B B9 F9 3A D0 A7 6F  .zL.Z.......:..o
00C0: 83 F1 4B E1 64 4D EC 8B   50 B2 0B 55 15 8A 4B 38  ..K.dM..P..U..K8
00D0: 34 94 6B 66 46 33 33 74   52 C7 DF B6 C7 8A 05 A5  4.kfF33tR.......
00E0: 6B 0B 33 E4 38 51 1A 8B   71 C0 E9 1C 15 A0 1B 96  k.3.8Q..q.......
00F0: 61 4A 5F 2F 01 B4 BD 83   96 8E EE BB 0B 37 02 E8  aJ_/.........7..

]
2023-08-10 18:37:21,028 [Time-limited test] INFO  ssl.ReloadingX509TrustManager (ReloadingX509TrustManager.java:insertCertsToKeystore(188)) - Trust manager is loaded with certificates
2023-08-10 18:37:21,029 [Time-limited test] INFO  ssl.ReloadingX509TrustManager (ReloadingX509TrustManager.java:insertCertsToKeystore(192)) - [
[
  Version: V3
  Subject: O=cluster1, OU=scm1, CN=rootCA@localhost
  Signature Algorithm: SHA256withRSA, OID = 1.2.840.113549.1.1.11

  Key:  Sun RSA public key, 2048 bits
  params: null
  modulus: 23207318902710769553748043582843945366922255182958210462410382859915356939040837424440890306765386087941205485633732045982454928056251970225174848495048514686897404888243483956999146095043393551674505107081664240617050362795110785963254686376345749399967306820656928343399456920323408323874373378879302344496161942511057110380365091769018928163103908822274424008571072639753397984056973496903910677812917167915998956557938716089621585820479653468971186713476490761982375758730260419172748927391124860626360559063244983965280221750937207703231139175381964088862618450101346256169716972967062998035207426606095724372693
  public exponent: 65537
  Validity: [From: Thu Aug 10 18:37:21 UTC 2023,
               To: Sun Sep 17 18:37:21 UTC 2028]
  Issuer: O=cluster1, OU=scm1, CN=rootCA@localhost
  SerialNumber: [    01]

Certificate Extensions: 2
[1]: ObjectId: 2.5.29.19 Criticality=true
BasicConstraints:[
  CA:true
  PathLen:2147483647
]

[2]: ObjectId: 2.5.29.15 Criticality=true
KeyUsage [
  Key_CertSign
  Crl_Sign
]

]
  Algorithm: [SHA256withRSA]
  Signature:
0000: 58 A5 3C 00 19 0F 7B 93   69 30 A0 1F 3E 1C CB 13  X.<.....i0..>...
0010: FF 0A C0 9F 89 F6 2C 4F   51 AF D7 78 8D C8 40 A9  ......,OQ..x..@.
0020: 53 BF 12 B0 89 84 4D 65   2B 28 5F 04 F8 7E A9 27  S.....Me+(_....'
0030: 48 4B 17 EF A3 9F 96 06   2E 8D F1 AC 54 6A 91 47  HK..........Tj.G
0040: 83 13 70 5F AF 02 18 C3   BA C6 01 49 92 51 5D 5F  ..p_.......I.Q]_
0050: 9C B9 3F 34 5D 96 C1 7C   92 49 A2 E8 05 7A 3A A4  ..?4]....I...z:.
0060: 7F 78 87 71 00 6C 7A BA   B2 77 8D 95 9E DA 9B 0E  .x.q.lz..w......
0070: EB D2 62 BB BA 91 8D 3B   3B F2 30 A8 55 F7 C5 19  ..b....;;.0.U...
0080: D0 47 7B 49 B1 C5 A2 2B   FE C7 E9 BF E5 99 E5 92  .G.I...+........
0090: 5C 02 D6 C0 04 F2 90 9F   7B 34 F9 2F 3C D7 51 4B  \........4./<.QK
00A0: 31 93 82 36 CE 9E CB 22   2D 4B 7A F4 E8 71 2B 15  1..6..."-Kz..q+.
00B0: 94 7A 4C E2 5A 85 B5 DF   A2 9B B9 F9 3A D0 A7 6F  .zL.Z.......:..o
00C0: 83 F1 4B E1 64 4D EC 8B   50 B2 0B 55 15 8A 4B 38  ..K.dM..P..U..K8
00D0: 34 94 6B 66 46 33 33 74   52 C7 DF B6 C7 8A 05 A5  4.kfF33tR.......
00E0: 6B 0B 33 E4 38 51 1A 8B   71 C0 E9 1C 15 A0 1B 96  k.3.8Q..q.......
00F0: 61 4A 5F 2F 01 B4 BD 83   96 8E EE BB 0B 37 02 E8  aJ_/.........7..

]
2023-08-10 18:37:21,035 [Time-limited test] INFO  impl.MetricsSystemImpl (MetricsSystemImpl.java:init(158)) - OzoneManager metrics system started (again)
2023-08-10 18:37:21,047 [Time-limited test] INFO  om.OzoneManager (OzoneManager.java:start(1613)) - OzoneManager RPC server is listening at fv-az194-926.m3vjxkz4xwiufi3h0wurkpa3rg.cx.internal.cloudapp.net/10.1.0.69:1202
2023-08-10 18:37:21,047 [Time-limited test] INFO  ratis.OzoneManagerRatisServer (OzoneManagerRatisServer.java:start(558)) - Starting OzoneManagerRatisServer om1 at port 9872
2023-08-10 18:37:21,047 [om1-impl-thread1] INFO  storage.RaftStorageDirectory (RaftStorageDirectoryImpl.java:analyzeStorage(137)) - The storage directory /tmp/junit6886482783131334230/junit1086000174563661289/om-meta/ratis/bf265839-605b-3f16-9796-c5ba1605619e does not exist. Creating ...
2023-08-10 18:37:21,048 [om1-impl-thread1] INFO  storage.RaftStorageDirectory (RaftStorageDirectoryImpl.java:tryLock(231)) - Lock on /tmp/junit6886482783131334230/junit1086000174563661289/om-meta/ratis/bf265839-605b-3f16-9796-c5ba1605619e/in_use.lock acquired by nodename 9374@fv-az194-926
2023-08-10 18:37:21,049 [om1-impl-thread1] INFO  storage.RaftStorage (RaftStorageImpl.java:format(96)) - Storage directory /tmp/junit6886482783131334230/junit1086000174563661289/om-meta/ratis/bf265839-605b-3f16-9796-c5ba1605619e has been successfully formatted.
2023-08-10 18:37:21,050 [om1-impl-thread1] INFO  server.RaftServerConfigKeys (ConfUtils.java:logGet(46)) - raft.server.log.use.memory = false (default)
2023-08-10 18:37:21,050 [om1-impl-thread1] INFO  server.RaftServerConfigKeys (ConfUtils.java:logGet(46)) - raft.server.log.purge.gap = 1000000 (custom)
2023-08-10 18:37:21,050 [om1-impl-thread1] INFO  server.RaftServerConfigKeys (ConfUtils.java:logGet(46)) - raft.server.log.appender.buffer.byte-limit = 33554432 (custom)
2023-08-10 18:37:21,050 [om1-impl-thread1] INFO  server.RaftServerConfigKeys (ConfUtils.java:logGet(46)) - raft.server.log.statemachine.data.read.timeout = 1000ms (default)
2023-08-10 18:37:21,050 [om1-impl-thread1] INFO  server.RaftServerConfigKeys (ConfUtils.java:logGet(46)) - raft.server.log.purge.preservation.log.num = 0 (default)
2023-08-10 18:37:21,050 [om1-impl-thread1] INFO  server.RaftServerConfigKeys (ConfUtils.java:logGet(46)) - raft.server.log.segment.size.max = 4194304 (custom)
2023-08-10 18:37:21,050 [om1-impl-thread1] INFO  server.RaftServerConfigKeys (ConfUtils.java:logGet(46)) - raft.server.log.segment.cache.num.max = 2 (custom)
2023-08-10 18:37:21,050 [om1-impl-thread1] INFO  server.RaftServerConfigKeys (ConfUtils.java:logGet(46)) - raft.server.log.segment.cache.size.max = 200MB (=209715200) (default)
2023-08-10 18:37:21,050 [om1-impl-thread1] INFO  server.RaftServerConfigKeys (ConfUtils.java:logGet(46)) - raft.server.log.appender.buffer.byte-limit = 33554432 (custom)
2023-08-10 18:37:21,050 [om1-impl-thread1] INFO  segmented.SegmentedRaftLogWorker (SegmentedRaftLogWorker.java:<init>(188)) - new om1@group-C5BA1605619E-SegmentedRaftLogWorker for RaftStorageImpl:Storage Directory /tmp/junit6886482783131334230/junit1086000174563661289/om-meta/ratis/bf265839-605b-3f16-9796-c5ba1605619e
2023-08-10 18:37:21,050 [om1-impl-thread1] INFO  server.RaftServerConfigKeys (ConfUtils.java:logGet(46)) - raft.server.log.queue.byte-limit = 64MB (=67108864) (default)
2023-08-10 18:37:21,050 [om1-impl-thread1] INFO  server.RaftServerConfigKeys (ConfUtils.java:logGet(46)) - raft.server.log.queue.element-limit = 4096 (default)
2023-08-10 18:37:21,050 [om1-impl-thread1] INFO  server.RaftServerConfigKeys (ConfUtils.java:logGet(46)) - raft.server.log.segment.size.max = 4194304 (custom)
2023-08-10 18:37:21,051 [om1-impl-thread1] INFO  server.RaftServerConfigKeys (ConfUtils.java:logGet(46)) - raft.server.log.preallocated.size = 4194304 (custom)
2023-08-10 18:37:21,051 [om1-impl-thread1] INFO  server.RaftServerConfigKeys (ConfUtils.java:logGet(46)) - raft.server.log.force.sync.num = 128 (default)
2023-08-10 18:37:21,051 [om1-impl-thread1] INFO  server.RaftServerConfigKeys (ConfUtils.java:logGet(46)) - raft.server.log.statemachine.data.sync = true (default)
2023-08-10 18:37:21,051 [om1-impl-thread1] INFO  server.RaftServerConfigKeys (ConfUtils.java:logGet(46)) - raft.server.log.statemachine.data.sync.timeout = 10s (default)
2023-08-10 18:37:21,051 [om1-impl-thread1] INFO  server.RaftServerConfigKeys (ConfUtils.java:logGet(46)) - raft.server.log.statemachine.data.sync.timeout.retry = -1 (default)
2023-08-10 18:37:21,051 [om1-impl-thread1] INFO  server.RaftServerConfigKeys (ConfUtils.java:logGet(46)) - raft.server.log.write.buffer.size = 64KB (=65536) (default)
2023-08-10 18:37:21,051 [om1-impl-thread1] INFO  server.RaftServerConfigKeys (ConfUtils.java:logGet(46)) - raft.server.log.appender.buffer.byte-limit = 33554432 (custom)
2023-08-10 18:37:21,054 [om1-impl-thread1] INFO  server.RaftServerConfigKeys (ConfUtils.java:logGet(46)) - raft.server.log.unsafe-flush.enabled = false (default)
2023-08-10 18:37:21,056 [om1-impl-thread1] INFO  server.RaftServerConfigKeys (ConfUtils.java:logGet(46)) - raft.server.log.async-flush.enabled = false (default)
2023-08-10 18:37:21,056 [om1-impl-thread1] INFO  server.RaftServerConfigKeys (ConfUtils.java:logGet(46)) - raft.server.log.statemachine.data.caching.enabled = false (default)
2023-08-10 18:37:21,057 [om1-impl-thread1] INFO  segmented.SegmentedRaftLogWorker (SegmentedRaftLogWorker.java:lambda$new$0(135)) - om1@group-C5BA1605619E-SegmentedRaftLogWorker: flushIndex: setUnconditionally 0 -> -1
2023-08-10 18:37:21,057 [om1-impl-thread1] INFO  segmented.SegmentedRaftLogWorker (SegmentedRaftLogWorker.java:lambda$new$0(135)) - om1@group-C5BA1605619E-SegmentedRaftLogWorker: safeCacheEvictIndex: setUnconditionally 0 -> -1
2023-08-10 18:37:21,057 [om1-impl-thread1] INFO  server.RaftServer$Division (RaftServerImpl.java:start(342)) - om1@group-C5BA1605619E: start as a follower, conf=-1: peers:[om1|rpc:fv-az194-926.m3vjxkz4xwiufi3h0wurkpa3rg.cx.internal.cloudapp.net:9872|priority:0|startupRole:FOLLOWER]|listeners:[], old=null
2023-08-10 18:37:21,057 [om1-impl-thread1] INFO  server.RaftServer$Division (RaftServerImpl.java:setRole(329)) - om1@group-C5BA1605619E: changes role from      null to FOLLOWER at term 0 for startAsFollower
2023-08-10 18:37:21,058 [om1-impl-thread1] INFO  impl.RoleInfo (RoleInfo.java:updateAndGet(139)) - om1: start om1@group-C5BA1605619E-FollowerState
2023-08-10 18:37:21,058 [om1-impl-thread1] INFO  util.JmxRegister (JmxRegister.java:tryRegister(44)) - Successfully registered JMX Bean with object name Ratis:service=RaftServer,group=group-C5BA1605619E,id=om1
2023-08-10 18:37:21,058 [om1-impl-thread1] INFO  server.RaftServerConfigKeys (ConfUtils.java:logGet(46)) - raft.server.snapshot.auto.trigger.enabled = true (custom)
2023-08-10 18:37:21,058 [om1-impl-thread1] INFO  server.RaftServerConfigKeys (ConfUtils.java:logGet(46)) - raft.server.snapshot.auto.trigger.threshold = 400000 (default)
2023-08-10 18:37:21,058 [om1-impl-thread1] INFO  server.RaftServerConfigKeys (ConfUtils.java:logGet(46)) - raft.server.snapshot.retention.file.num = -1 (default)
2023-08-10 18:37:21,058 [om1-impl-thread1] INFO  server.RaftServerConfigKeys (ConfUtils.java:logGet(46)) - raft.server.log.purge.upto.snapshot.index = true (custom)
2023-08-10 18:37:21,059 [om1@group-C5BA1605619E-FollowerState] INFO  server.RaftServerConfigKeys (ConfUtils.java:logFallback(53)) - raft.server.rpc.first-election.timeout.min = 5s (fallback to raft.server.rpc.timeout.min)
2023-08-10 18:37:21,059 [om1@group-C5BA1605619E-FollowerState] INFO  server.RaftServerConfigKeys (ConfUtils.java:logFallback(53)) - raft.server.rpc.first-election.timeout.max = 5200ms (fallback to raft.server.rpc.timeout.max)
2023-08-10 18:37:21,059 [Time-limited test] INFO  server.RaftServer (RaftServerProxy.java:startImpl(400)) - om1: start RPC server
2023-08-10 18:37:21,060 [Time-limited test] INFO  server.GrpcService (GrpcService.java:startImpl(302)) - om1: GrpcService started, listening on 9872
2023-08-10 18:37:21,060 [Time-limited test] INFO  om.OzoneManager (OzoneManager.java:startSecretManager(1103)) - Starting OM delegation token secret manager
2023-08-10 18:37:21,060 [Time-limited test] INFO  security.OzoneDelegationTokenSecretManager (OzoneSecretManager.java:updateCurrentKey(175)) - Updating current master key for generating tokens. Cert id 1601095751195
2023-08-10 18:37:21,060 [JvmPauseMonitor6] INFO  util.JvmPauseMonitor (JvmPauseMonitor.java:run(103)) - JvmPauseMonitor-om1: Started
2023-08-10 18:37:21,061 [Time-limited test] INFO  om.OzoneManager (OzoneManager.java:start(1629)) - Version File has different layout version (6) than OM DB (null). That is expected if this OM has never been finalized to a newer layout version.
2023-08-10 18:37:21,063 [Thread[Thread-1476,5,FailOnTimeoutGroup]] INFO  security.OzoneDelegationTokenSecretManager (OzoneDelegationTokenSecretManager.java:run(636)) - Starting expired delegation token remover thread, tokenRemoverScanInterval=60 min(s)
2023-08-10 18:37:21,070 [Time-limited test] INFO  http.BaseHttpServer (BaseHttpServer.java:newHttpServer2BuilderForOzone(224)) - Starting Web-server for ozoneManager at: http://0.0.0.0:9874
2023-08-10 18:37:21,070 [Time-limited test] INFO  http.BaseHttpServer (BaseHttpServer.java:<init>(111)) - Hadoop Security Enabled: true Ozone Security Enabled: true Ozone HTTP Security Enabled: false 
2023-08-10 18:37:21,071 [Time-limited test] WARN  server.AuthenticationFilter (AuthenticationFilter.java:constructSecretProvider(240)) - Unable to initialize FileSignerSecretProvider, falling back to use random secrets. Reason: Could not read signature secret file: /home/runner/hadoop-http-auth-signature-secret
2023-08-10 18:37:21,078 [Time-limited test] INFO  http.HttpRequestLog (HttpRequestLog.java:getRequestLog(86)) - Http request log for http.requests.ozoneManager is not defined
2023-08-10 18:37:21,079 [Time-limited test] INFO  http.HttpServer2 (HttpServer2.java:addGlobalFilter(1031)) - Added global filter 'safety' (class=org.apache.hadoop.hdds.server.http.HttpServer2$QuotingInputFilter)
2023-08-10 18:37:21,080 [Time-limited test] INFO  http.HttpServer2 (HttpServer2.java:addFilter(1007)) - Added filter static_user_filter (class=org.apache.hadoop.http.lib.StaticUserWebFilter$StaticUserFilter) to context ozoneManager
2023-08-10 18:37:21,080 [Time-limited test] INFO  http.HttpServer2 (HttpServer2.java:addFilter(1015)) - Added filter static_user_filter (class=org.apache.hadoop.http.lib.StaticUserWebFilter$StaticUserFilter) to context logs
2023-08-10 18:37:21,080 [Time-limited test] INFO  http.HttpServer2 (HttpServer2.java:addFilter(1015)) - Added filter static_user_filter (class=org.apache.hadoop.http.lib.StaticUserWebFilter$StaticUserFilter) to context static
2023-08-10 18:37:21,080 [Time-limited test] INFO  http.BaseHttpServer (BaseHttpServer.java:<init>(190)) - HTTP server of ozoneManager uses base directory /tmp/junit6886482783131334230/junit1086000174563661289/om-meta/webserver
2023-08-10 18:37:21,081 [Time-limited test] INFO  http.HttpServer2 (HttpServer2.java:bindListener(1250)) - Jetty bound to port 9874
2023-08-10 18:37:21,081 [Time-limited test] INFO  server.Server (Server.java:doStart(375)) - jetty-9.4.51.v20230217; built: 2023-02-17T08:19:37.309Z; git: b45c405e4544384de066f814ed42ae3dceacdd49; jvm 1.8.0_382-b05
2023-08-10 18:37:21,087 [Time-limited test] INFO  server.session (DefaultSessionIdManager.java:doStart(334)) - DefaultSessionIdManager workerName=node0
2023-08-10 18:37:21,087 [Time-limited test] INFO  server.session (DefaultSessionIdManager.java:doStart(339)) - No SessionScavenger set, using defaults
2023-08-10 18:37:21,087 [Time-limited test] INFO  server.session (HouseKeeper.java:startScavenging(132)) - node0 Scavenging every 600000ms
2023-08-10 18:37:21,087 [Time-limited test] INFO  handler.ContextHandler (ContextHandler.java:doStart(921)) - Started o.e.j.s.ServletContextHandler@3992fa16{logs,/logs,file:///home/runner/work/ozone/ozone/hadoop-ozone/integration-test/target/log,AVAILABLE}
2023-08-10 18:37:21,088 [Time-limited test] INFO  handler.ContextHandler (ContextHandler.java:doStart(921)) - Started o.e.j.s.ServletContextHandler@53ba956c{static,/static,file:///home/runner/work/ozone/ozone/hadoop-ozone/integration-test/target/test-classes/webapps/static,AVAILABLE}
2023-08-10 18:37:21,091 [Time-limited test] INFO  handler.ContextHandler (ContextHandler.java:doStart(921)) - Started o.e.j.w.WebAppContext@61f02ae6{ozoneManager,/,file:///home/runner/work/ozone/ozone/hadoop-ozone/integration-test/target/test-classes/webapps/ozoneManager/,AVAILABLE}{file:/home/runner/work/ozone/ozone/hadoop-ozone/integration-test/target/test-classes/webapps/ozoneManager}
2023-08-10 18:37:21,091 [Time-limited test] INFO  server.AbstractConnector (AbstractConnector.java:doStart(333)) - Started ServerConnector@dc2a84{HTTP/1.1, (http/1.1)}{0.0.0.0:9874}
2023-08-10 18:37:21,091 [Time-limited test] INFO  server.Server (Server.java:doStart(415)) - Started @74046ms
2023-08-10 18:37:21,091 [Time-limited test] WARN  impl.MetricsSystemImpl (MetricsSystemImpl.java:register(279)) - Sink prometheus already exists!
2023-08-10 18:37:21,092 [Time-limited test] INFO  http.BaseHttpServer (BaseHttpServer.java:updateConnectorAddress(344)) - HTTP server of ozoneManager listening at http://0.0.0.0:9874
2023-08-10 18:37:21,092 [IPC Server Responder] INFO  ipc.Server (Server.java:run(1562)) - IPC Server Responder: starting
2023-08-10 18:37:21,093 [IPC Server listener on 1202] INFO  ipc.Server (Server.java:run(1402)) - IPC Server listener on 1202: starting
2023-08-10 18:37:21,099 [Time-limited test] INFO  om.OzoneManager (OzoneManager.java:startTrashEmptier(2081)) - Trash Interval set to 0. Files deleted won't move to trash
2023-08-10 18:37:26,221 [om1@group-C5BA1605619E-FollowerState] INFO  impl.FollowerState (FollowerState.java:run(143)) - om1@group-C5BA1605619E-FollowerState: change to CANDIDATE, lastRpcElapsedTime:5163120044ns, electionTimeout:5162ms
2023-08-10 18:37:26,222 [om1@group-C5BA1605619E-FollowerState] INFO  impl.RoleInfo (RoleInfo.java:shutdownFollowerState(110)) - om1: shutdown om1@group-C5BA1605619E-FollowerState
2023-08-10 18:37:26,222 [om1@group-C5BA1605619E-FollowerState] INFO  server.RaftServer$Division (RaftServerImpl.java:setRole(329)) - om1@group-C5BA1605619E: changes role from  FOLLOWER to CANDIDATE at term 0 for changeToCandidate
2023-08-10 18:37:26,222 [om1@group-C5BA1605619E-FollowerState] INFO  server.RaftServerConfigKeys (ConfUtils.java:logGet(46)) - raft.server.leaderelection.pre-vote = true (default)
2023-08-10 18:37:26,222 [om1@group-C5BA1605619E-FollowerState] INFO  impl.RoleInfo (RoleInfo.java:updateAndGet(139)) - om1: start om1@group-C5BA1605619E-LeaderElection3
2023-08-10 18:37:26,226 [om1@group-C5BA1605619E-LeaderElection3] INFO  impl.LeaderElection (LeaderElection.java:askForVotes(321)) - om1@group-C5BA1605619E-LeaderElection3 PRE_VOTE round 0: submit vote requests at term 0 for -1: peers:[om1|rpc:fv-az194-926.m3vjxkz4xwiufi3h0wurkpa3rg.cx.internal.cloudapp.net:9872|priority:0|startupRole:FOLLOWER]|listeners:[], old=null
2023-08-10 18:37:26,226 [om1@group-C5BA1605619E-LeaderElection3] INFO  impl.LeaderElection (LeaderElection.java:askForVotes(323)) - om1@group-C5BA1605619E-LeaderElection3 PRE_VOTE round 0: result PASSED (term=0)
2023-08-10 18:37:26,228 [om1@group-C5BA1605619E-LeaderElection3] INFO  impl.LeaderElection (LeaderElection.java:askForVotes(321)) - om1@group-C5BA1605619E-LeaderElection3 ELECTION round 0: submit vote requests at term 1 for -1: peers:[om1|rpc:fv-az194-926.m3vjxkz4xwiufi3h0wurkpa3rg.cx.internal.cloudapp.net:9872|priority:0|startupRole:FOLLOWER]|listeners:[], old=null
2023-08-10 18:37:26,228 [om1@group-C5BA1605619E-LeaderElection3] INFO  impl.LeaderElection (LeaderElection.java:askForVotes(323)) - om1@group-C5BA1605619E-LeaderElection3 ELECTION round 0: result PASSED (term=1)
2023-08-10 18:37:26,228 [om1@group-C5BA1605619E-LeaderElection3] INFO  impl.RoleInfo (RoleInfo.java:shutdownLeaderElection(130)) - om1: shutdown om1@group-C5BA1605619E-LeaderElection3
2023-08-10 18:37:26,228 [om1@group-C5BA1605619E-LeaderElection3] INFO  server.RaftServer$Division (RaftServerImpl.java:setRole(329)) - om1@group-C5BA1605619E: changes role from CANDIDATE to LEADER at term 1 for changeToLeader
2023-08-10 18:37:26,228 [om1@group-C5BA1605619E-LeaderElection3] INFO  server.RaftServer$Division (ServerState.java:setLeader(317)) - om1@group-C5BA1605619E: change Leader from null to om1 at term 1 for becomeLeader, leader elected after 6050ms
2023-08-10 18:37:26,229 [om1@group-C5BA1605619E-LeaderElection3] INFO  server.RaftServerConfigKeys (ConfUtils.java:logGet(46)) - raft.server.staging.catchup.gap = 1000 (default)
2023-08-10 18:37:26,229 [om1@group-C5BA1605619E-LeaderElection3] INFO  server.RaftServerConfigKeys (ConfUtils.java:logGet(46)) - raft.server.write.element-limit = 4096 (default)
2023-08-10 18:37:26,229 [om1@group-C5BA1605619E-LeaderElection3] INFO  server.RaftServerConfigKeys (ConfUtils.java:logGet(46)) - raft.server.write.byte-limit = 64MB (=67108864) (default)
2023-08-10 18:37:26,229 [om1@group-C5BA1605619E-LeaderElection3] INFO  server.RaftServerConfigKeys (ConfUtils.java:logGet(46)) - raft.server.watch.timeout = 10s (default)
2023-08-10 18:37:26,229 [om1@group-C5BA1605619E-LeaderElection3] INFO  server.RaftServerConfigKeys (ConfUtils.java:logGet(46)) - raft.server.watch.timeout.denomination = 1s (default)
2023-08-10 18:37:26,229 [om1@group-C5BA1605619E-LeaderElection3] INFO  server.RaftServerConfigKeys (ConfUtils.java:logGet(46)) - raft.server.watch.element-limit = 65536 (default)
2023-08-10 18:37:26,230 [om1@group-C5BA1605619E-LeaderElection3] INFO  server.RaftServerConfigKeys (ConfUtils.java:logGet(46)) - raft.server.write.element-limit = 4096 (default)
2023-08-10 18:37:26,230 [om1@group-C5BA1605619E-LeaderElection3] INFO  server.RaftServerConfigKeys (ConfUtils.java:logGet(46)) - raft.server.write.follower.gap.ratio.max = -1.0 (default)
2023-08-10 18:37:26,230 [om1@group-C5BA1605619E-LeaderElection3] INFO  impl.RoleInfo (RoleInfo.java:updateAndGet(139)) - om1: start om1@group-C5BA1605619E-LeaderStateImpl
2023-08-10 18:37:26,230 [om1@group-C5BA1605619E-LeaderElection3] INFO  segmented.SegmentedRaftLogWorker (SegmentedRaftLogWorker.java:startLogSegment(447)) - om1@group-C5BA1605619E-SegmentedRaftLogWorker: Starting segment from index:0
2023-08-10 18:37:26,238 [om1@group-C5BA1605619E-LeaderElection3] INFO  server.RaftServer$Division (ServerState.java:setRaftConf(434)) - om1@group-C5BA1605619E: set configuration 0: peers:[om1|rpc:fv-az194-926.m3vjxkz4xwiufi3h0wurkpa3rg.cx.internal.cloudapp.net:9872|admin:|client:|dataStream:|priority:0|startupRole:FOLLOWER]|listeners:[], old=null
2023-08-10 18:37:26,238 [om1@group-C5BA1605619E-SegmentedRaftLogWorker] INFO  segmented.SegmentedRaftLogWorker (SegmentedRaftLogWorker.java:execute(651)) - om1@group-C5BA1605619E-SegmentedRaftLogWorker: created new log segment /tmp/junit6886482783131334230/junit1086000174563661289/om-meta/ratis/bf265839-605b-3f16-9796-c5ba1605619e/current/log_inprogress_0
2023-08-10 18:37:26,240 [om1@group-C5BA1605619E-StateMachineUpdater] INFO  ratis.OzoneManagerStateMachine (OzoneManagerStateMachine.java:notifyConfigurationChanged(202)) - Received Configuration change notification from Ratis. New Peer list:
[id: "om1"
address: "fv-az194-926.m3vjxkz4xwiufi3h0wurkpa3rg.cx.internal.cloudapp.net:9872"
startupRole: FOLLOWER
]
2023-08-10 18:37:26,319 [pool-390-thread-2] INFO  request.TgsRequest (TgsRequest.java:issueTicket(115)) - TGS_REQ ISSUE: authtime 1691692646319,om/fv-az194-926.m3vjxkz4xwiufi3h0wurkpa3rg.cx.internal.cloudapp.net for om/fv-az194-926.m3vjxkz4xwiufi3h0wurkpa3rg.cx.internal.cloudapp.net@EXAMPLE.COM
2023-08-10 18:37:26,327 [Socket Reader #1 for port 1202] INFO  ipc.Server (Server.java:saslProcess(2139)) - Auth successful for om/fv-az194-926.m3vjxkz4xwiufi3h0wurkpa3rg.cx.internal.cloudapp.net@EXAMPLE.COM (auth:KERBEROS) from fv-az194-926.m3vjxkz4xwiufi3h0wurkpa3rg.cx.internal.cloudapp.net:44407 / 10.1.0.69:44407
2023-08-10 18:37:36,189 [CertificateRenewerService] INFO  utils.SelfSignedCertificate (SelfSignedCertificate.java:generateCertificate(157)) - Certificate 2 is issued by CN=rootCA-new@localhost,OU=scm1,O=cluster1 to CN=rootCA-new@localhost,OU=scm1,O=cluster1, valid from Thu Aug 10 18:37:36 UTC 2023 to Sun Sep 17 18:37:36 UTC 2028
2023-08-10 18:37:36,976 [CertificateRenewerService] INFO  authority.DefaultApprover (DefaultApprover.java:sign(154)) - Extensions in CSR: 2.5.29.15
2023-08-10 18:37:36,976 [CertificateRenewerService] INFO  authority.DefaultApprover (DefaultApprover.java:sign(158)) - Extensions to add to the certificate if they present in CSR: 2.5.29.17, 2.5.29.19, 1.3.6.1.5.5.7.1.12, 2.5.29.35, 2.5.29.37, 2.5.29.15
Thu Aug 10 18:37:36 UTC 2023 certificated is renewed
2023-08-10 18:37:36,979 [CertificateRenewerService] INFO  ssl.PemFileBasedKeyStoresFactory (PemFileBasedKeyStoresFactory.java:notifyCertificateRenewed(157)) - CertificateClientTestImpl notify certificate renewed
2023-08-10 18:37:36,980 [CertificateRenewerService] INFO  ssl.ReloadingX509KeyManager (ReloadingX509KeyManager.java:loadKeyManager(222)) - Key manager is loaded with certificate chain
2023-08-10 18:37:36,981 [CertificateRenewerService] INFO  ssl.ReloadingX509KeyManager (ReloadingX509KeyManager.java:loadKeyManager(224)) - [
[
  Version: V3
  Subject: O=cluster1, OU=scm1, CN=localhost
  Signature Algorithm: SHA256withRSA, OID = 1.2.840.113549.1.1.11

  Key:  Sun RSA public key, 2048 bits
  params: null
  modulus: 26256378552112378341177351874150332690242648511409286497940743587508513035639066169320955250120878088980118825193714581069278323623629769042405769087508210545090951955089833791265860480358526978293016262727652796422824414429096477972550625302591664769515672843195890527516666593024919695984092692035256426090191719338298339505113743297105963436563641051774996020245774324265136799252044717852655957893210787738638361916257592947464373301588105715869975752494035426285894697047522214933218778247362779165905351661626154580767722359476573084686381942295117370741307628745534555876400485670098213253124958514310731000339
  public exponent: 65537
  Validity: [From: Thu Aug 10 18:37:36 UTC 2023,
               To: Thu Aug 10 18:38:16 UTC 2023]
  Issuer: O=cluster1, OU=scm1, CN=rootCA-new@localhost
  SerialNumber: [    01787fb5 ff31]

Certificate Extensions: 1
[1]: ObjectId: 2.5.29.15 Criticality=true
KeyUsage [
  DigitalSignature
  Key_Agreement
]

]
  Algorithm: [SHA256withRSA]
  Signature:
0000: 34 77 6E 5A D7 59 CB B2   50 B2 09 30 DD 83 46 B4  4wnZ.Y..P..0..F.
0010: 59 2E B2 E3 CB D5 BD 14   CF 2B BD 8E 1F 86 CD 12  Y........+......
0020: 71 1A 78 DE 5D E8 D5 1C   AB F8 16 E4 A9 6F 21 80  q.x.]........o!.
0030: 70 02 E6 4A 75 52 9D 29   CB B3 BE 1B B8 A9 B3 3C  p..JuR.).......<
0040: 3D F8 A6 02 85 F3 8D D8   9A EA B9 16 C0 1E CD 21  =..............!
0050: 63 E1 95 30 11 EB 8A AC   AA 59 0E 6D B8 29 DC 11  c..0.....Y.m.)..
0060: DA 35 AF 86 DB 85 2F 35   F6 68 40 4D 04 F3 EF 2D  .5..../5.h@M...-
0070: F8 EE CA FA 7C 98 A1 CB   56 A7 CC 1D C5 2C 94 FB  ........V....,..
0080: 72 11 B4 7D 52 7D 98 BC   C6 D0 0F 54 EF F4 16 AD  r...R......T....
0090: D9 D4 A8 13 62 EF F6 F2   6C A3 5E C0 D0 3B 47 5E  ....b...l.^..;G^
00A0: 33 00 CA 08 43 8E DB E8   03 E0 48 3B 98 CB EA C4  3...C.....H;....
00B0: 3B 02 D4 FB C2 D5 B7 F5   16 CE AB D9 D7 49 2C E7  ;............I,.
00C0: 70 C3 9F 3A 76 F1 58 F3   5D 6A D2 28 B2 F8 53 8B  p..:v.X.]j.(..S.
00D0: 1F 6B BD 0C 0A DF D4 E0   9B 04 7F AB 52 C7 78 C4  .k..........R.x.
00E0: 86 13 D3 73 E4 AE 07 B2   0A FB 7B B6 3B CD 0E CB  ...s........;...
00F0: AB 6B 34 62 4D 1A 33 E1   2E DB 62 B8 1A B2 3D BE  .k4bM.3...b...=.

]
2023-08-10 18:37:36,981 [CertificateRenewerService] INFO  ssl.ReloadingX509KeyManager (ReloadingX509KeyManager.java:loadKeyManager(224)) - [
[
  Version: V3
  Subject: O=cluster1, OU=scm1, CN=rootCA-new@localhost
  Signature Algorithm: SHA256withRSA, OID = 1.2.840.113549.1.1.11

  Key:  Sun RSA public key, 2048 bits
  params: null
  modulus: 25566930746534535915625812688092118670118380984283776274186135183867534507615430298734975360319792459086512162930778185896543196028897032366504477928529001184428301733485421864032308691436475891973016876946236633934322254203170261130229482599845478741468380597087047411876214156511674297013526484909294829720435865317543948645904499105845304608714316898732499686344465252313817532041952723707022894721953634651197627169058209412509451154525279476226796214594797828373634987032531317391011864430806531714285332212307286537860024547814691580895139482346991732818843850750662521874120105942921556751387589424065090328627
  public exponent: 65537
  Validity: [From: Thu Aug 10 18:37:36 UTC 2023,
               To: Sun Sep 17 18:37:36 UTC 2028]
  Issuer: O=cluster1, OU=scm1, CN=rootCA-new@localhost
  SerialNumber: [    02]

Certificate Extensions: 2
[1]: ObjectId: 2.5.29.19 Criticality=true
BasicConstraints:[
  CA:true
  PathLen:2147483647
]

[2]: ObjectId: 2.5.29.15 Criticality=true
KeyUsage [
  Key_CertSign
  Crl_Sign
]

]
  Algorithm: [SHA256withRSA]
  Signature:
0000: C3 81 91 8F 1F 90 7C B1   97 5A DC 1C FE 70 35 60  .........Z...p5`
0010: F1 9B 06 7E 6B D3 3C 89   EE 21 4F D2 0A EB 52 91  ....k.<..!O...R.
0020: BC 9E B9 83 C9 6F 4F F7   D2 7B C5 9E F8 14 12 13  .....oO.........
0030: 88 C1 68 9B 0A 77 89 6C   6A D3 EF 43 AD AF F1 A0  ..h..w.lj..C....
0040: 9C 47 4B 80 29 11 D8 E9   6E 39 91 C8 17 41 83 17  .GK.)...n9...A..
0050: 15 BC 32 45 74 B3 8D B0   AB D1 A5 FE B6 F2 C5 46  ..2Et..........F
0060: 96 2A 3A 7A 9A C6 A9 CB   A9 84 65 FD 6B BB 5D 59  .*:z......e.k.]Y
0070: 38 2C 76 7A 90 A5 11 AD   2F 1B 03 19 27 AB 0D 90  8,vz..../...'...
0080: 23 DE 28 20 C2 B0 2E 59   2A BF 39 48 35 CE 0E AA  #.( ...Y*.9H5...
0090: 91 DA 03 2A 4D C2 BF 4C   C8 95 B3 96 17 3F E6 D8  ...*M..L.....?..
00A0: 0C 12 2D 85 CD 6E 82 41   6F B1 A7 18 78 8F 74 30  ..-..n.Ao...x.t0
00B0: BA 68 16 1F 55 FD 75 24   0C 40 A4 F1 54 D2 77 B2  .h..U.u$.@..T.w.
00C0: 55 DA B3 F7 86 5F 30 CE   61 8B 9A 71 57 A9 02 06  U...._0.a..qW...
00D0: EB E0 E8 75 80 14 91 0A   77 54 2C 44 17 DF 25 B7  ...u....wT,D..%.
00E0: 2C 1F 39 B1 60 DB 3D 33   61 70 3A 0D 68 A5 D2 2C  ,.9.`.=3ap:.h..,
00F0: 2C A8 2D 98 72 13 09 42   1F 76 CF 17 DE 5A 3E F4  ,.-.r..B.v...Z>.

]
2023-08-10 18:37:36,981 [CertificateRenewerService] INFO  ssl.ReloadingX509KeyManager (ReloadingX509KeyManager.java:loadFrom(192)) - ReloadingX509KeyManager is reloaded
2023-08-10 18:37:36,982 [CertificateRenewerService] INFO  ssl.ReloadingX509TrustManager (ReloadingX509TrustManager.java:insertCertsToKeystore(188)) - Trust manager is loaded with certificates
2023-08-10 18:37:36,982 [CertificateRenewerService] INFO  ssl.ReloadingX509TrustManager (ReloadingX509TrustManager.java:insertCertsToKeystore(192)) - [
[
  Version: V3
  Subject: O=cluster1, OU=scm1, CN=rootCA@localhost
  Signature Algorithm: SHA256withRSA, OID = 1.2.840.113549.1.1.11

  Key:  Sun RSA public key, 2048 bits
  params: null
  modulus: 23207318902710769553748043582843945366922255182958210462410382859915356939040837424440890306765386087941205485633732045982454928056251970225174848495048514686897404888243483956999146095043393551674505107081664240617050362795110785963254686376345749399967306820656928343399456920323408323874373378879302344496161942511057110380365091769018928163103908822274424008571072639753397984056973496903910677812917167915998956557938716089621585820479653468971186713476490761982375758730260419172748927391124860626360559063244983965280221750937207703231139175381964088862618450101346256169716972967062998035207426606095724372693
  public exponent: 65537
  Validity: [From: Thu Aug 10 18:37:21 UTC 2023,
               To: Sun Sep 17 18:37:21 UTC 2028]
  Issuer: O=cluster1, OU=scm1, CN=rootCA@localhost
  SerialNumber: [    01]

Certificate Extensions: 2
[1]: ObjectId: 2.5.29.19 Criticality=true
BasicConstraints:[
  CA:true
  PathLen:2147483647
]

[2]: ObjectId: 2.5.29.15 Criticality=true
KeyUsage [
  Key_CertSign
  Crl_Sign
]

]
  Algorithm: [SHA256withRSA]
  Signature:
0000: 58 A5 3C 00 19 0F 7B 93   69 30 A0 1F 3E 1C CB 13  X.<.....i0..>...
0010: FF 0A C0 9F 89 F6 2C 4F   51 AF D7 78 8D C8 40 A9  ......,OQ..x..@.
0020: 53 BF 12 B0 89 84 4D 65   2B 28 5F 04 F8 7E A9 27  S.....Me+(_....'
0030: 48 4B 17 EF A3 9F 96 06   2E 8D F1 AC 54 6A 91 47  HK..........Tj.G
0040: 83 13 70 5F AF 02 18 C3   BA C6 01 49 92 51 5D 5F  ..p_.......I.Q]_
0050: 9C B9 3F 34 5D 96 C1 7C   92 49 A2 E8 05 7A 3A A4  ..?4]....I...z:.
0060: 7F 78 87 71 00 6C 7A BA   B2 77 8D 95 9E DA 9B 0E  .x.q.lz..w......
0070: EB D2 62 BB BA 91 8D 3B   3B F2 30 A8 55 F7 C5 19  ..b....;;.0.U...
0080: D0 47 7B 49 B1 C5 A2 2B   FE C7 E9 BF E5 99 E5 92  .G.I...+........
0090: 5C 02 D6 C0 04 F2 90 9F   7B 34 F9 2F 3C D7 51 4B  \........4./<.QK
00A0: 31 93 82 36 CE 9E CB 22   2D 4B 7A F4 E8 71 2B 15  1..6..."-Kz..q+.
00B0: 94 7A 4C E2 5A 85 B5 DF   A2 9B B9 F9 3A D0 A7 6F  .zL.Z.......:..o
00C0: 83 F1 4B E1 64 4D EC 8B   50 B2 0B 55 15 8A 4B 38  ..K.dM..P..U..K8
00D0: 34 94 6B 66 46 33 33 74   52 C7 DF B6 C7 8A 05 A5  4.kfF33tR.......
00E0: 6B 0B 33 E4 38 51 1A 8B   71 C0 E9 1C 15 A0 1B 96  k.3.8Q..q.......
00F0: 61 4A 5F 2F 01 B4 BD 83   96 8E EE BB 0B 37 02 E8  aJ_/.........7..

]
2023-08-10 18:37:36,982 [CertificateRenewerService] INFO  ssl.ReloadingX509TrustManager (ReloadingX509TrustManager.java:insertCertsToKeystore(192)) - [
[
  Version: V3
  Subject: O=cluster1, OU=scm1, CN=rootCA-new@localhost
  Signature Algorithm: SHA256withRSA, OID = 1.2.840.113549.1.1.11

  Key:  Sun RSA public key, 2048 bits
  params: null
  modulus: 25566930746534535915625812688092118670118380984283776274186135183867534507615430298734975360319792459086512162930778185896543196028897032366504477928529001184428301733485421864032308691436475891973016876946236633934322254203170261130229482599845478741468380597087047411876214156511674297013526484909294829720435865317543948645904499105845304608714316898732499686344465252313817532041952723707022894721953634651197627169058209412509451154525279476226796214594797828373634987032531317391011864430806531714285332212307286537860024547814691580895139482346991732818843850750662521874120105942921556751387589424065090328627
  public exponent: 65537
  Validity: [From: Thu Aug 10 18:37:36 UTC 2023,
               To: Sun Sep 17 18:37:36 UTC 2028]
  Issuer: O=cluster1, OU=scm1, CN=rootCA-new@localhost
  SerialNumber: [    02]

Certificate Extensions: 2
[1]: ObjectId: 2.5.29.19 Criticality=true
BasicConstraints:[
  CA:true
  PathLen:2147483647
]

[2]: ObjectId: 2.5.29.15 Criticality=true
KeyUsage [
  Key_CertSign
  Crl_Sign
]

]
  Algorithm: [SHA256withRSA]
  Signature:
0000: C3 81 91 8F 1F 90 7C B1   97 5A DC 1C FE 70 35 60  .........Z...p5`
0010: F1 9B 06 7E 6B D3 3C 89   EE 21 4F D2 0A EB 52 91  ....k.<..!O...R.
0020: BC 9E B9 83 C9 6F 4F F7   D2 7B C5 9E F8 14 12 13  .....oO.........
0030: 88 C1 68 9B 0A 77 89 6C   6A D3 EF 43 AD AF F1 A0  ..h..w.lj..C....
0040: 9C 47 4B 80 29 11 D8 E9   6E 39 91 C8 17 41 83 17  .GK.)...n9...A..
0050: 15 BC 32 45 74 B3 8D B0   AB D1 A5 FE B6 F2 C5 46  ..2Et..........F
0060: 96 2A 3A 7A 9A C6 A9 CB   A9 84 65 FD 6B BB 5D 59  .*:z......e.k.]Y
0070: 38 2C 76 7A 90 A5 11 AD   2F 1B 03 19 27 AB 0D 90  8,vz..../...'...
0080: 23 DE 28 20 C2 B0 2E 59   2A BF 39 48 35 CE 0E AA  #.( ...Y*.9H5...
0090: 91 DA 03 2A 4D C2 BF 4C   C8 95 B3 96 17 3F E6 D8  ...*M..L.....?..
00A0: 0C 12 2D 85 CD 6E 82 41   6F B1 A7 18 78 8F 74 30  ..-..n.Ao...x.t0
00B0: BA 68 16 1F 55 FD 75 24   0C 40 A4 F1 54 D2 77 B2  .h..U.u$.@..T.w.
00C0: 55 DA B3 F7 86 5F 30 CE   61 8B 9A 71 57 A9 02 06  U...._0.a..qW...
00D0: EB E0 E8 75 80 14 91 0A   77 54 2C 44 17 DF 25 B7  ...u....wT,D..%.
00E0: 2C 1F 39 B1 60 DB 3D 33   61 70 3A 0D 68 A5 D2 2C  ,.9.`.=3ap:.h..,
00F0: 2C A8 2D 98 72 13 09 42   1F 76 CF 17 DE 5A 3E F4  ,.-.r..B.v...Z>.

]
2023-08-10 18:37:36,983 [CertificateRenewerService] INFO  ssl.ReloadingX509TrustManager (ReloadingX509TrustManager.java:loadFrom(141)) - ReloadingX509TrustManager is reloaded.
2023-08-10 18:37:36,983 [CertificateRenewerService] INFO  security.OzoneDelegationTokenSecretManager (OzoneSecretManager.java:notifyCertificateRenewed(198)) - Certificate is changed from 1601095751195 to 1617050337073
2023-08-10 18:37:36,983 [CertificateRenewerService] INFO  security.OzoneDelegationTokenSecretManager (OzoneSecretManager.java:updateCurrentKey(175)) - Updating current master key for generating tokens. Cert id 1617050337073
2023-08-10 18:37:36,983 [CertificateRenewerService] INFO  ssl.PemFileBasedKeyStoresFactory (PemFileBasedKeyStoresFactory.java:notifyCertificateRenewed(157)) - CertificateClientTestImpl notify certificate renewed
2023-08-10 18:37:36,983 [CertificateRenewerService] INFO  ssl.ReloadingX509KeyManager (ReloadingX509KeyManager.java:loadKeyManager(222)) - Key manager is loaded with certificate chain
2023-08-10 18:37:36,983 [CertificateRenewerService] INFO  ssl.ReloadingX509KeyManager (ReloadingX509KeyManager.java:loadKeyManager(224)) - [
[
  Version: V3
  Subject: O=cluster1, OU=scm1, CN=localhost
  Signature Algorithm: SHA256withRSA, OID = 1.2.840.113549.1.1.11

  Key:  Sun RSA public key, 2048 bits
  params: null
  modulus: 26256378552112378341177351874150332690242648511409286497940743587508513035639066169320955250120878088980118825193714581069278323623629769042405769087508210545090951955089833791265860480358526978293016262727652796422824414429096477972550625302591664769515672843195890527516666593024919695984092692035256426090191719338298339505113743297105963436563641051774996020245774324265136799252044717852655957893210787738638361916257592947464373301588105715869975752494035426285894697047522214933218778247362779165905351661626154580767722359476573084686381942295117370741307628745534555876400485670098213253124958514310731000339
  public exponent: 65537
  Validity: [From: Thu Aug 10 18:37:36 UTC 2023,
               To: Thu Aug 10 18:38:16 UTC 2023]
  Issuer: O=cluster1, OU=scm1, CN=rootCA-new@localhost
  SerialNumber: [    01787fb5 ff31]

Certificate Extensions: 1
[1]: ObjectId: 2.5.29.15 Criticality=true
KeyUsage [
  DigitalSignature
  Key_Agreement
]

]
  Algorithm: [SHA256withRSA]
  Signature:
0000: 34 77 6E 5A D7 59 CB B2   50 B2 09 30 DD 83 46 B4  4wnZ.Y..P..0..F.
0010: 59 2E B2 E3 CB D5 BD 14   CF 2B BD 8E 1F 86 CD 12  Y........+......
0020: 71 1A 78 DE 5D E8 D5 1C   AB F8 16 E4 A9 6F 21 80  q.x.]........o!.
0030: 70 02 E6 4A 75 52 9D 29   CB B3 BE 1B B8 A9 B3 3C  p..JuR.).......<
0040: 3D F8 A6 02 85 F3 8D D8   9A EA B9 16 C0 1E CD 21  =..............!
0050: 63 E1 95 30 11 EB 8A AC   AA 59 0E 6D B8 29 DC 11  c..0.....Y.m.)..
0060: DA 35 AF 86 DB 85 2F 35   F6 68 40 4D 04 F3 EF 2D  .5..../5.h@M...-
0070: F8 EE CA FA 7C 98 A1 CB   56 A7 CC 1D C5 2C 94 FB  ........V....,..
0080: 72 11 B4 7D 52 7D 98 BC   C6 D0 0F 54 EF F4 16 AD  r...R......T....
0090: D9 D4 A8 13 62 EF F6 F2   6C A3 5E C0 D0 3B 47 5E  ....b...l.^..;G^
00A0: 33 00 CA 08 43 8E DB E8   03 E0 48 3B 98 CB EA C4  3...C.....H;....
00B0: 3B 02 D4 FB C2 D5 B7 F5   16 CE AB D9 D7 49 2C E7  ;............I,.
00C0: 70 C3 9F 3A 76 F1 58 F3   5D 6A D2 28 B2 F8 53 8B  p..:v.X.]j.(..S.
00D0: 1F 6B BD 0C 0A DF D4 E0   9B 04 7F AB 52 C7 78 C4  .k..........R.x.
00E0: 86 13 D3 73 E4 AE 07 B2   0A FB 7B B6 3B CD 0E CB  ...s........;...
00F0: AB 6B 34 62 4D 1A 33 E1   2E DB 62 B8 1A B2 3D BE  .k4bM.3...b...=.

]
2023-08-10 18:37:36,983 [CertificateRenewerService] INFO  ssl.ReloadingX509KeyManager (ReloadingX509KeyManager.java:loadKeyManager(224)) - [
[
  Version: V3
  Subject: O=cluster1, OU=scm1, CN=rootCA-new@localhost
  Signature Algorithm: SHA256withRSA, OID = 1.2.840.113549.1.1.11

  Key:  Sun RSA public key, 2048 bits
  params: null
  modulus: 25566930746534535915625812688092118670118380984283776274186135183867534507615430298734975360319792459086512162930778185896543196028897032366504477928529001184428301733485421864032308691436475891973016876946236633934322254203170261130229482599845478741468380597087047411876214156511674297013526484909294829720435865317543948645904499105845304608714316898732499686344465252313817532041952723707022894721953634651197627169058209412509451154525279476226796214594797828373634987032531317391011864430806531714285332212307286537860024547814691580895139482346991732818843850750662521874120105942921556751387589424065090328627
  public exponent: 65537
  Validity: [From: Thu Aug 10 18:37:36 UTC 2023,
               To: Sun Sep 17 18:37:36 UTC 2028]
  Issuer: O=cluster1, OU=scm1, CN=rootCA-new@localhost
  SerialNumber: [    02]

Certificate Extensions: 2
[1]: ObjectId: 2.5.29.19 Criticality=true
BasicConstraints:[
  CA:true
  PathLen:2147483647
]

[2]: ObjectId: 2.5.29.15 Criticality=true
KeyUsage [
  Key_CertSign
  Crl_Sign
]

]
  Algorithm: [SHA256withRSA]
  Signature:
0000: C3 81 91 8F 1F 90 7C B1   97 5A DC 1C FE 70 35 60  .........Z...p5`
0010: F1 9B 06 7E 6B D3 3C 89   EE 21 4F D2 0A EB 52 91  ....k.<..!O...R.
0020: BC 9E B9 83 C9 6F 4F F7   D2 7B C5 9E F8 14 12 13  .....oO.........
0030: 88 C1 68 9B 0A 77 89 6C   6A D3 EF 43 AD AF F1 A0  ..h..w.lj..C....
0040: 9C 47 4B 80 29 11 D8 E9   6E 39 91 C8 17 41 83 17  .GK.)...n9...A..
0050: 15 BC 32 45 74 B3 8D B0   AB D1 A5 FE B6 F2 C5 46  ..2Et..........F
0060: 96 2A 3A 7A 9A C6 A9 CB   A9 84 65 FD 6B BB 5D 59  .*:z......e.k.]Y
0070: 38 2C 76 7A 90 A5 11 AD   2F 1B 03 19 27 AB 0D 90  8,vz..../...'...
0080: 23 DE 28 20 C2 B0 2E 59   2A BF 39 48 35 CE 0E AA  #.( ...Y*.9H5...
0090: 91 DA 03 2A 4D C2 BF 4C   C8 95 B3 96 17 3F E6 D8  ...*M..L.....?..
00A0: 0C 12 2D 85 CD 6E 82 41   6F B1 A7 18 78 8F 74 30  ..-..n.Ao...x.t0
00B0: BA 68 16 1F 55 FD 75 24   0C 40 A4 F1 54 D2 77 B2  .h..U.u$.@..T.w.
00C0: 55 DA B3 F7 86 5F 30 CE   61 8B 9A 71 57 A9 02 06  U...._0.a..qW...
00D0: EB E0 E8 75 80 14 91 0A   77 54 2C 44 17 DF 25 B7  ...u....wT,D..%.
00E0: 2C 1F 39 B1 60 DB 3D 33   61 70 3A 0D 68 A5 D2 2C  ,.9.`.=3ap:.h..,
00F0: 2C A8 2D 98 72 13 09 42   1F 76 CF 17 DE 5A 3E F4  ,.-.r..B.v...Z>.

]
2023-08-10 18:37:36,984 [CertificateRenewerService] INFO  ssl.ReloadingX509KeyManager (ReloadingX509KeyManager.java:loadFrom(192)) - ReloadingX509KeyManager is reloaded
2023-08-10 18:37:36,984 [CertificateRenewerService] INFO  ssl.ReloadingX509TrustManager (ReloadingX509TrustManager.java:insertCertsToKeystore(188)) - Trust manager is loaded with certificates
2023-08-10 18:37:36,984 [CertificateRenewerService] INFO  ssl.ReloadingX509TrustManager (ReloadingX509TrustManager.java:insertCertsToKeystore(192)) - [
[
  Version: V3
  Subject: O=cluster1, OU=scm1, CN=rootCA@localhost
  Signature Algorithm: SHA256withRSA, OID = 1.2.840.113549.1.1.11

  Key:  Sun RSA public key, 2048 bits
  params: null
  modulus: 23207318902710769553748043582843945366922255182958210462410382859915356939040837424440890306765386087941205485633732045982454928056251970225174848495048514686897404888243483956999146095043393551674505107081664240617050362795110785963254686376345749399967306820656928343399456920323408323874373378879302344496161942511057110380365091769018928163103908822274424008571072639753397984056973496903910677812917167915998956557938716089621585820479653468971186713476490761982375758730260419172748927391124860626360559063244983965280221750937207703231139175381964088862618450101346256169716972967062998035207426606095724372693
  public exponent: 65537
  Validity: [From: Thu Aug 10 18:37:21 UTC 2023,
               To: Sun Sep 17 18:37:21 UTC 2028]
  Issuer: O=cluster1, OU=scm1, CN=rootCA@localhost
  SerialNumber: [    01]

Certificate Extensions: 2
[1]: ObjectId: 2.5.29.19 Criticality=true
BasicConstraints:[
  CA:true
  PathLen:2147483647
]

[2]: ObjectId: 2.5.29.15 Criticality=true
KeyUsage [
  Key_CertSign
  Crl_Sign
]

]
  Algorithm: [SHA256withRSA]
  Signature:
0000: 58 A5 3C 00 19 0F 7B 93   69 30 A0 1F 3E 1C CB 13  X.<.....i0..>...
0010: FF 0A C0 9F 89 F6 2C 4F   51 AF D7 78 8D C8 40 A9  ......,OQ..x..@.
0020: 53 BF 12 B0 89 84 4D 65   2B 28 5F 04 F8 7E A9 27  S.....Me+(_....'
0030: 48 4B 17 EF A3 9F 96 06   2E 8D F1 AC 54 6A 91 47  HK..........Tj.G
0040: 83 13 70 5F AF 02 18 C3   BA C6 01 49 92 51 5D 5F  ..p_.......I.Q]_
0050: 9C B9 3F 34 5D 96 C1 7C   92 49 A2 E8 05 7A 3A A4  ..?4]....I...z:.
0060: 7F 78 87 71 00 6C 7A BA   B2 77 8D 95 9E DA 9B 0E  .x.q.lz..w......
0070: EB D2 62 BB BA 91 8D 3B   3B F2 30 A8 55 F7 C5 19  ..b....;;.0.U...
0080: D0 47 7B 49 B1 C5 A2 2B   FE C7 E9 BF E5 99 E5 92  .G.I...+........
0090: 5C 02 D6 C0 04 F2 90 9F   7B 34 F9 2F 3C D7 51 4B  \........4./<.QK
00A0: 31 93 82 36 CE 9E CB 22   2D 4B 7A F4 E8 71 2B 15  1..6..."-Kz..q+.
00B0: 94 7A 4C E2 5A 85 B5 DF   A2 9B B9 F9 3A D0 A7 6F  .zL.Z.......:..o
00C0: 83 F1 4B E1 64 4D EC 8B   50 B2 0B 55 15 8A 4B 38  ..K.dM..P..U..K8
00D0: 34 94 6B 66 46 33 33 74   52 C7 DF B6 C7 8A 05 A5  4.kfF33tR.......
00E0: 6B 0B 33 E4 38 51 1A 8B   71 C0 E9 1C 15 A0 1B 96  k.3.8Q..q.......
00F0: 61 4A 5F 2F 01 B4 BD 83   96 8E EE BB 0B 37 02 E8  aJ_/.........7..

]
2023-08-10 18:37:36,984 [CertificateRenewerService] INFO  ssl.ReloadingX509TrustManager (ReloadingX509TrustManager.java:insertCertsToKeystore(192)) - [
[
  Version: V3
  Subject: O=cluster1, OU=scm1, CN=rootCA-new@localhost
  Signature Algorithm: SHA256withRSA, OID = 1.2.840.113549.1.1.11

  Key:  Sun RSA public key, 2048 bits
  params: null
  modulus: 25566930746534535915625812688092118670118380984283776274186135183867534507615430298734975360319792459086512162930778185896543196028897032366504477928529001184428301733485421864032308691436475891973016876946236633934322254203170261130229482599845478741468380597087047411876214156511674297013526484909294829720435865317543948645904499105845304608714316898732499686344465252313817532041952723707022894721953634651197627169058209412509451154525279476226796214594797828373634987032531317391011864430806531714285332212307286537860024547814691580895139482346991732818843850750662521874120105942921556751387589424065090328627
  public exponent: 65537
  Validity: [From: Thu Aug 10 18:37:36 UTC 2023,
               To: Sun Sep 17 18:37:36 UTC 2028]
  Issuer: O=cluster1, OU=scm1, CN=rootCA-new@localhost
  SerialNumber: [    02]

Certificate Extensions: 2
[1]: ObjectId: 2.5.29.19 Criticality=true
BasicConstraints:[
  CA:true
  PathLen:2147483647
]

[2]: ObjectId: 2.5.29.15 Criticality=true
KeyUsage [
  Key_CertSign
  Crl_Sign
]

]
  Algorithm: [SHA256withRSA]
  Signature:
0000: C3 81 91 8F 1F 90 7C B1   97 5A DC 1C FE 70 35 60  .........Z...p5`
0010: F1 9B 06 7E 6B D3 3C 89   EE 21 4F D2 0A EB 52 91  ....k.<..!O...R.
0020: BC 9E B9 83 C9 6F 4F F7   D2 7B C5 9E F8 14 12 13  .....oO.........
0030: 88 C1 68 9B 0A 77 89 6C   6A D3 EF 43 AD AF F1 A0  ..h..w.lj..C....
0040: 9C 47 4B 80 29 11 D8 E9   6E 39 91 C8 17 41 83 17  .GK.)...n9...A..
0050: 15 BC 32 45 74 B3 8D B0   AB D1 A5 FE B6 F2 C5 46  ..2Et..........F
0060: 96 2A 3A 7A 9A C6 A9 CB   A9 84 65 FD 6B BB 5D 59  .*:z......e.k.]Y
0070: 38 2C 76 7A 90 A5 11 AD   2F 1B 03 19 27 AB 0D 90  8,vz..../...'...
0080: 23 DE 28 20 C2 B0 2E 59   2A BF 39 48 35 CE 0E AA  #.( ...Y*.9H5...
0090: 91 DA 03 2A 4D C2 BF 4C   C8 95 B3 96 17 3F E6 D8  ...*M..L.....?..
00A0: 0C 12 2D 85 CD 6E 82 41   6F B1 A7 18 78 8F 74 30  ..-..n.Ao...x.t0
00B0: BA 68 16 1F 55 FD 75 24   0C 40 A4 F1 54 D2 77 B2  .h..U.u$.@..T.w.
00C0: 55 DA B3 F7 86 5F 30 CE   61 8B 9A 71 57 A9 02 06  U...._0.a..qW...
00D0: EB E0 E8 75 80 14 91 0A   77 54 2C 44 17 DF 25 B7  ...u....wT,D..%.
00E0: 2C 1F 39 B1 60 DB 3D 33   61 70 3A 0D 68 A5 D2 2C  ,.9.`.=3ap:.h..,
00F0: 2C A8 2D 98 72 13 09 42   1F 76 CF 17 DE 5A 3E F4  ,.-.r..B.v...Z>.

]
2023-08-10 18:37:36,984 [CertificateRenewerService] INFO  ssl.ReloadingX509TrustManager (ReloadingX509TrustManager.java:loadFrom(141)) - ReloadingX509TrustManager is reloaded.
2023-08-10 18:37:37,048 [Socket Reader #1 for port 1202] INFO  ipc.Server (Server.java:saslProcess(2139)) - Auth successful for om/fv-az194-926.m3vjxkz4xwiufi3h0wurkpa3rg.cx.internal.cloudapp.net@EXAMPLE.COM (auth:KERBEROS) from fv-az194-926.m3vjxkz4xwiufi3h0wurkpa3rg.cx.internal.cloudapp.net:43359 / 10.1.0.69:43359
2023-08-10 18:37:37,064 [Time-limited test] INFO  om.OzoneManager (OzoneManager.java:stop(2187)) - om1[fv-az194-926.m3vjxkz4xwiufi3h0wurkpa3rg.cx.internal.cloudapp.net:1202]: Stopping Ozone Manager
2023-08-10 18:37:37,064 [Time-limited test] INFO  ipc.Server (Server.java:stop(3523)) - Stopping server on 1202
2023-08-10 18:37:37,067 [IPC Server Responder] INFO  ipc.Server (Server.java:run(1567)) - Stopping IPC Server Responder
2023-08-10 18:37:37,068 [IPC Server listener on 1202] INFO  ipc.Server (Server.java:run(1434)) - Stopping IPC Server listener on 1202
2023-08-10 18:37:37,068 [Time-limited test] INFO  server.RaftServer (RaftServerProxy.java:lambda$close$6(416)) - om1: close
2023-08-10 18:37:37,068 [Time-limited test] INFO  server.GrpcService (GrpcService.java:closeImpl(311)) - om1: shutdown server GrpcServerProtocolService now
2023-08-10 18:37:37,068 [om1-impl-thread1] INFO  server.RaftServer$Division (RaftServerImpl.java:lambda$close$4(466)) - om1@group-C5BA1605619E: shutdown
2023-08-10 18:37:37,071 [om1-impl-thread1] INFO  util.JmxRegister (JmxRegister.java:unregister(73)) - Successfully un-registered JMX Bean with object name Ratis:service=RaftServer,group=group-C5BA1605619E,id=om1
2023-08-10 18:37:37,071 [om1-impl-thread1] INFO  impl.RoleInfo (RoleInfo.java:shutdownLeaderState(93)) - om1: shutdown om1@group-C5BA1605619E-LeaderStateImpl
2023-08-10 18:37:37,071 [om1-impl-thread1] INFO  impl.PendingRequests (PendingRequests.java:sendNotLeaderResponses(289)) - om1@group-C5BA1605619E-PendingRequests: sendNotLeaderResponses
2023-08-10 18:37:37,072 [Time-limited test] INFO  server.GrpcService (GrpcService.java:closeImpl(320)) - om1: shutdown server GrpcServerProtocolService successfully
2023-08-10 18:37:37,072 [om1-impl-thread1] INFO  impl.StateMachineUpdater (StateMachineUpdater.java:stopAndJoin(155)) - om1@group-C5BA1605619E-StateMachineUpdater: set stopIndex = 8
2023-08-10 18:37:37,073 [om1@group-C5BA1605619E-StateMachineUpdater] INFO  ratis.OzoneManagerStateMachine (OzoneManagerStateMachine.java:takeSnapshot(480)) - Current Snapshot Index (t:1, i:8)
2023-08-10 18:37:37,082 [om1@group-C5BA1605619E-StateMachineUpdater] INFO  impl.StateMachineUpdater (StateMachineUpdater.java:takeSnapshot(291)) - om1@group-C5BA1605619E-StateMachineUpdater: Took a snapshot at index 8
2023-08-10 18:37:37,082 [om1@group-C5BA1605619E-StateMachineUpdater] INFO  impl.StateMachineUpdater (StateMachineUpdater.java:lambda$new$0(97)) - om1@group-C5BA1605619E-StateMachineUpdater: snapshotIndex: updateIncreasingly -1 -> 8
2023-08-10 18:37:37,082 [om1@group-C5BA1605619E-StateMachineUpdater] INFO  ratis.OzoneManagerStateMachine (OzoneManagerStateMachine.java:close(534)) - StateMachine has shutdown. Shutdown OzoneManager if not already shutdown.
2023-08-10 18:37:37,082 [om1@group-C5BA1605619E-StateMachineUpdater] INFO  ratis.OzoneManagerDoubleBuffer (OzoneManagerDoubleBuffer.java:stopDaemon(551)) - Stopping OMDoubleBuffer flush thread
2023-08-10 18:37:37,082 [OMDoubleBufferFlushThread] INFO  ratis.OzoneManagerDoubleBuffer (OzoneManagerDoubleBuffer.java:canFlush(638)) - OMDoubleBuffer flush thread OMDoubleBufferFlushThread is interrupted and will exit.
2023-08-10 18:37:37,083 [om1-impl-thread1] INFO  server.RaftServer$Division (ServerState.java:close(472)) - om1@group-C5BA1605619E: closes. applyIndex: 8
2023-08-10 18:37:38,064 [om1-impl-thread1] INFO  segmented.SegmentedRaftLogWorker (SegmentedRaftLogWorker.java:close(252)) - om1@group-C5BA1605619E-SegmentedRaftLogWorker close()
2023-08-10 18:37:38,064 [JvmPauseMonitor6] INFO  util.JvmPauseMonitor (JvmPauseMonitor.java:run(109)) - JvmPauseMonitor-om1: Stopped
2023-08-10 18:37:38,065 [Time-limited test] INFO  ratis.OzoneManagerStateMachine (OzoneManagerStateMachine.java:close(534)) - StateMachine has shutdown. Shutdown OzoneManager if not already shutdown.
2023-08-10 18:37:38,065 [Time-limited test] INFO  ratis.OzoneManagerDoubleBuffer (OzoneManagerDoubleBuffer.java:stopDaemon(560)) - OMDoubleBuffer flush thread is not running.
2023-08-10 18:37:38,065 [Time-limited test] INFO  utils.BackgroundService (BackgroundService.java:shutdown(141)) - Shutting down service KeyDeletingService
2023-08-10 18:37:38,065 [Time-limited test] INFO  utils.BackgroundService (BackgroundService.java:shutdown(141)) - Shutting down service KeyDeletingService
2023-08-10 18:37:38,065 [Time-limited test] INFO  utils.BackgroundService (BackgroundService.java:shutdown(141)) - Shutting down service OpenKeyCleanupService
2023-08-10 18:37:38,066 [Time-limited test] INFO  utils.BackgroundService (BackgroundService.java:shutdown(141)) - Shutting down service SstFilteringService
2023-08-10 18:37:38,066 [Time-limited test] INFO  utils.BackgroundService (BackgroundService.java:shutdown(141)) - Shutting down service SnapshotDeletingService
2023-08-10 18:37:38,070 [Time-limited test] INFO  om.OzoneManager (OzoneManager.java:stopSecretManager(1063)) - Stopping secret key client.
2023-08-10 18:37:38,070 [Time-limited test] INFO  om.OzoneManager (OzoneManager.java:stopSecretManager(1068)) - Stopping OM delegation token secret manager.
2023-08-10 18:37:38,070 [Thread[Thread-1476,5,FailOnTimeoutGroup]] INFO  security.OzoneDelegationTokenSecretManager (OzoneDelegationTokenSecretManager.java:run(653)) - ExpiredTokenRemover was interrupted.
java.lang.InterruptedException: sleep interrupted
	at java.lang.Thread.sleep(Native Method)
	at org.apache.hadoop.ozone.security.OzoneDelegationTokenSecretManager$ExpiredTokenRemover.run(OzoneDelegationTokenSecretManager.java:649)
	at java.lang.Thread.run(Thread.java:750)
2023-08-10 18:37:38,071 [Time-limited test] INFO  handler.ContextHandler (ContextHandler.java:doStop(1159)) - Stopped o.e.j.w.WebAppContext@61f02ae6{ozoneManager,/,null,STOPPED}{file:/home/runner/work/ozone/ozone/hadoop-ozone/integration-test/target/test-classes/webapps/ozoneManager}
2023-08-10 18:37:38,074 [Time-limited test] INFO  server.AbstractConnector (AbstractConnector.java:doStop(383)) - Stopped ServerConnector@dc2a84{HTTP/1.1, (http/1.1)}{0.0.0.0:9874}
2023-08-10 18:37:38,074 [Time-limited test] INFO  server.session (HouseKeeper.java:stopScavenging(149)) - node0 Stopped scavenging
2023-08-10 18:37:38,074 [Time-limited test] INFO  handler.ContextHandler (ContextHandler.java:doStop(1159)) - Stopped o.e.j.s.ServletContextHandler@53ba956c{static,/static,file:///home/runner/work/ozone/ozone/hadoop-ozone/integration-test/target/test-classes/webapps/static,STOPPED}
2023-08-10 18:37:38,074 [Time-limited test] INFO  handler.ContextHandler (ContextHandler.java:doStop(1159)) - Stopped o.e.j.s.ServletContextHandler@3992fa16{logs,/logs,file:///home/runner/work/ozone/ozone/hadoop-ozone/integration-test/target/log,STOPPED}
2023-08-10 18:37:38,075 [Time-limited test] INFO  rocksdiff.RocksDBCheckpointDiffer (RocksDBCheckpointDiffer.java:close(340)) - Shutting down CompactionDagPruningService.
2023-08-10 18:37:38,077 [Time-limited test] INFO  snapshot.SnapshotDiffManager (SnapshotDiffManager.java:closeExecutorService(1720)) - Shutting down executorService: 'SnapDiffExecutor'
2023-08-10 18:37:38,077 [Time-limited test] INFO  snapshot.SnapshotDiffManager (SnapshotDiffManager.java:closeExecutorService(1720)) - Shutting down executorService: 'SstDumpToolExecutor'
2023-08-10 18:37:38,077 [Time-limited test] INFO  utils.BackgroundService (BackgroundService.java:shutdown(141)) - Shutting down service SnapshotDiffCleanupService
2023-08-10 18:37:38,079 [Time-limited test] INFO  impl.DefaultInternalKdcServerImpl (DefaultInternalKdcServerImpl.java:doStop(102)) - Default Internal kdc server stopped.
2023-08-10 18:37:39,079 [Time-limited test] INFO  minikdc.MiniKdc (MiniKdc.java:stop(359)) - MiniKdc stopped.
2023-08-10 18:37:39,079 [Time-limited test] INFO  om.OzoneManager (OzoneManager.java:stop(2187)) - om1[fv-az194-926.m3vjxkz4xwiufi3h0wurkpa3rg.cx.internal.cloudapp.net:1202]: Stopping Ozone Manager
]]></system-out>
  </testcase>
  <testcase name="testSecureScmStartupSuccess" classname="org.apache.hadoop.ozone.TestSecureOzoneCluster" time="3.735">
    <system-out><![CDATA[2023-08-10 18:37:39,096 [Time-limited test] INFO  net.ServerSocketUtil (ServerSocketUtil.java:getPort(55)) - Using port 9860
2023-08-10 18:37:39,097 [Time-limited test] INFO  net.ServerSocketUtil (ServerSocketUtil.java:getPort(55)) - Using port 9861
2023-08-10 18:37:39,097 [Time-limited test] INFO  net.ServerSocketUtil (ServerSocketUtil.java:getPort(55)) - Using port 9863
2023-08-10 18:37:39,097 [Time-limited test] INFO  net.ServerSocketUtil (ServerSocketUtil.java:getPort(55)) - Using port 9961
2023-08-10 18:37:39,097 [Time-limited test] INFO  net.ServerSocketUtil (ServerSocketUtil.java:getPort(55)) - Using port 1200
2023-08-10 18:37:39,097 [Time-limited test] INFO  net.ServerSocketUtil (ServerSocketUtil.java:getPort(55)) - Using port 1201
2023-08-10 18:37:39,097 [Time-limited test] INFO  minikdc.MiniKdc (MiniKdc.java:<init>(225)) - Configuration:
2023-08-10 18:37:39,097 [Time-limited test] INFO  minikdc.MiniKdc (MiniKdc.java:<init>(226)) - ---------------------------------------------------------------
2023-08-10 18:37:39,097 [Time-limited test] INFO  minikdc.MiniKdc (MiniKdc.java:<init>(228)) -   debug: false
2023-08-10 18:37:39,097 [Time-limited test] INFO  minikdc.MiniKdc (MiniKdc.java:<init>(228)) -   transport: TCP
2023-08-10 18:37:39,097 [Time-limited test] INFO  minikdc.MiniKdc (MiniKdc.java:<init>(228)) -   max.ticket.lifetime: 86400000
2023-08-10 18:37:39,097 [Time-limited test] INFO  minikdc.MiniKdc (MiniKdc.java:<init>(228)) -   org.name: EXAMPLE
2023-08-10 18:37:39,097 [Time-limited test] INFO  minikdc.MiniKdc (MiniKdc.java:<init>(228)) -   kdc.port: 0
2023-08-10 18:37:39,097 [Time-limited test] INFO  minikdc.MiniKdc (MiniKdc.java:<init>(228)) -   org.domain: COM
2023-08-10 18:37:39,097 [Time-limited test] INFO  minikdc.MiniKdc (MiniKdc.java:<init>(228)) -   max.renewable.lifetime: 604800000
2023-08-10 18:37:39,097 [Time-limited test] INFO  minikdc.MiniKdc (MiniKdc.java:<init>(228)) -   instance: DefaultKrbServer
2023-08-10 18:37:39,098 [Time-limited test] INFO  minikdc.MiniKdc (MiniKdc.java:<init>(228)) -   kdc.bind.address: localhost
2023-08-10 18:37:39,098 [Time-limited test] INFO  minikdc.MiniKdc (MiniKdc.java:<init>(230)) - ---------------------------------------------------------------
2023-08-10 18:37:39,099 [Time-limited test] INFO  minikdc.MiniKdc (MiniKdc.java:start(285)) - MiniKdc started.
2023-08-10 18:37:39,423 [Time-limited test] INFO  om.OzoneManager (OzoneManager.java:getOmDetailsProto(4555)) - OzoneManager ports added:[name: "RPC"
value: 1202
]
2023-08-10 18:37:39,423 [Time-limited test] WARN  server.ServerUtils (ServerUtils.java:getScmDbDir(155)) - ozone.scm.db.dirs is not configured. We recommend adding this setting. Falling back to ozone.metadata.dirs instead.
2023-08-10 18:37:39,423 [Time-limited test] INFO  ha.HASecurityUtils (HASecurityUtils.java:initializeSecurity(98)) - Initializing secure StorageContainerManager.
2023-08-10 18:37:39,424 [Time-limited test] INFO  client.SCMCertificateClient (DefaultCertificateClient.java:updateCertSerialId(1244)) - Certificate serial ID set to null
2023-08-10 18:37:39,424 [Time-limited test] ERROR client.SCMCertificateClient (DefaultCertificateClient.java:getCertPath(362)) - Default certificate serial id is not set. Can't locate the default certificate for this client.
2023-08-10 18:37:39,424 [Time-limited test] INFO  client.SCMCertificateClient (DefaultCertificateClient.java:init(715)) - Certificate client init case: 0
2023-08-10 18:37:39,425 [Time-limited test] INFO  client.SCMCertificateClient (SCMCertificateClient.java:handleCase(103)) - Creating keypair for client as keypair and certificate not found.
2023-08-10 18:37:39,563 [Time-limited test] INFO  ha.HASecurityUtils (HASecurityUtils.java:initializeSecurity(108)) - Init response: GETCERT
2023-08-10 18:37:39,677 [Time-limited test] INFO  ozone.OzoneSecurityUtil (OzoneSecurityUtil.java:getValidInetsForCurrentHost(119)) - ip:fe80:0:0:0:20d:3aff:fee2:9454%eth0 not returned.
2023-08-10 18:37:39,678 [Time-limited test] INFO  ozone.OzoneSecurityUtil (OzoneSecurityUtil.java:getValidInetsForCurrentHost(116)) - Adding ip:10.1.0.69,host:fv-az194-926.m3vjxkz4xwiufi3h0wurkpa3rg.cx.internal.cloudapp.net
2023-08-10 18:37:39,678 [Time-limited test] INFO  ozone.OzoneSecurityUtil (OzoneSecurityUtil.java:getValidInetsForCurrentHost(119)) - ip:0:0:0:0:0:0:0:1%lo not returned.
2023-08-10 18:37:39,678 [Time-limited test] INFO  ozone.OzoneSecurityUtil (OzoneSecurityUtil.java:getValidInetsForCurrentHost(119)) - ip:127.0.0.1 not returned.
2023-08-10 18:37:39,680 [Time-limited test] INFO  utils.SelfSignedCertificate (SelfSignedCertificate.java:generateCertificate(157)) - Certificate 1 is issued by CN=scm-1@fv-az194-926,OU=ad1db749-dbc9-44ad-b96f-b04c9de489ac,O=b4c1b9f4-0534-4eb5-9bc4-96973e083d55 to CN=scm-1@fv-az194-926,OU=ad1db749-dbc9-44ad-b96f-b04c9de489ac,O=b4c1b9f4-0534-4eb5-9bc4-96973e083d55, valid from Thu Aug 10 18:37:39 UTC 2023 to Sun Sep 17 18:37:39 UTC 2028
2023-08-10 18:37:39,681 [Time-limited test] INFO  utils.CertificateCodec (CertificateCodec.java:writeCertificate(299)) - Save certificate to /tmp/junit5224729735713687294/junit752572318445238033/scm-meta/scm/ca/certs/certificate.crt
2023-08-10 18:37:39,681 [Time-limited test] INFO  utils.CertificateCodec (CertificateCodec.java:writeCertificate(300)) - Certificate -----BEGIN CERTIFICATE-----
MIID5zCCAs+gAwIBAgIBATANBgkqhkiG9w0BAQsFADB7MRswGQYDVQQDDBJzY20t
MUBmdi1hejE5NC05MjYxLTArBgNVBAsMJGFkMWRiNzQ5LWRiYzktNDRhZC1iOTZm
LWIwNGM5ZGU0ODlhYzEtMCsGA1UECgwkYjRjMWI5ZjQtMDUzNC00ZWI1LTliYzQt
OTY5NzNlMDgzZDU1MB4XDTIzMDgxMDE4MzczOVoXDTI4MDkxNzE4MzczOVowezEb
MBkGA1UEAwwSc2NtLTFAZnYtYXoxOTQtOTI2MS0wKwYDVQQLDCRhZDFkYjc0OS1k
YmM5LTQ0YWQtYjk2Zi1iMDRjOWRlNDg5YWMxLTArBgNVBAoMJGI0YzFiOWY0LTA1
MzQtNGViNS05YmM0LTk2OTczZTA4M2Q1NTCCASIwDQYJKoZIhvcNAQEBBQADggEP
ADCCAQoCggEBAK9GKHVZ7C5w5TfNzf71Q/mCTHh6QhHUVkiZRBvx2TJhDWHp9jfE
O/Lgrtx8ZSnLqk6FiL9YMI7ttVezelM3CZ/x6DiXkuiGlt4uQvd468ecmSdBC4iV
Kx+Mwd/SlyIyHzs25VIFvavejDnKczpUtgxs8ZxbMOlz6RJlaeGsRUQ1lffsLwAv
dhS5VkXRub1/DfBlCeU9FRMsh12P8CC38+zulWdhIMSUdwWtZaFYf0KG5S1V7NGW
Ijiv9SKirhKYRjvoGDqpGlhYT3F/b5VSqZiuf702AiVHYjgKSl2w5rh+1CCRlq7p
pN5Bmf1XOJ8jirEolqONfO+wnDO7rKq1/KcCAwEAAaN2MHQwDwYDVR0TAQH/BAUw
AwEB/zAOBgNVHQ8BAf8EBAMCAQYwUQYDVR0RBEowSIcECgEARYJAZnYtYXoxOTQt
OTI2Lm0zdmp4a3o0eHdpdWZpM2gwd3Vya3BhM3JnLmN4LmludGVybmFsLmNsb3Vk
YXBwLm5ldDANBgkqhkiG9w0BAQsFAAOCAQEAWQye00HYuLj8jQ/ijQqHnpF66hrU
jmGBxDs+cJATGpP3W4URDac4AR3/IxDTtSl1/cbuPw37S1cpqeNz95p0K49VBeDi
WW/63IRGmJzYx591/TtaAFf8xrG0NYWo5NpgzRiX7K1G0f61puF5C6VMHKfz1egT
qaP5o9FH71s7OJOgMM0Iry+1Vut4BcYOOlyzRIDxEPCKqRldfp742v0gZegpgOIx
oojk0bC++Zi8XcEmppbsaXTuAccj0uietWKfPp4PjBuQoVWFEXZvjH4YOktzWElH
/k/T0MYnTeFmG//fjvheum3YXWvl8Ffg7yfb0aAUS7v8QBxIc3Ix1orVTg==
-----END CERTIFICATE-----

2023-08-10 18:37:39,682 [Time-limited test] INFO  client.SCMCertificateClient (SCMCertificateClient.java:getCSRBuilder(165)) - Creating csr for SCM->hostName:fv-az194-926,scmId:ad1db749-dbc9-44ad-b96f-b04c9de489ac,clusterId:b4c1b9f4-0534-4eb5-9bc4-96973e083d55,subject:scm-sub-1619756279469@fv-az194-926
2023-08-10 18:37:39,682 [Time-limited test] INFO  ozone.OzoneSecurityUtil (OzoneSecurityUtil.java:getValidInetsForCurrentHost(119)) - ip:fe80:0:0:0:20d:3aff:fee2:9454%eth0 not returned.
2023-08-10 18:37:39,682 [Time-limited test] INFO  ozone.OzoneSecurityUtil (OzoneSecurityUtil.java:getValidInetsForCurrentHost(116)) - Adding ip:10.1.0.69,host:fv-az194-926.m3vjxkz4xwiufi3h0wurkpa3rg.cx.internal.cloudapp.net
2023-08-10 18:37:39,682 [Time-limited test] INFO  ozone.OzoneSecurityUtil (OzoneSecurityUtil.java:getValidInetsForCurrentHost(119)) - ip:0:0:0:0:0:0:0:1%lo not returned.
2023-08-10 18:37:39,682 [Time-limited test] INFO  ozone.OzoneSecurityUtil (OzoneSecurityUtil.java:getValidInetsForCurrentHost(119)) - ip:127.0.0.1 not returned.
2023-08-10 18:37:39,682 [Time-limited test] INFO  ha.HASecurityUtils (HASecurityUtils.java:generateCSR(308)) - Creating csr for SCM->hostName:fv-az194-926,scmId:ad1db749-dbc9-44ad-b96f-b04c9de489ac,clusterId:b4c1b9f4-0534-4eb5-9bc4-96973e083d55,subject:scm-sub-1619756806062@fv-az194-926
2023-08-10 18:37:39,686 [Time-limited test] INFO  authority.DefaultApprover (DefaultApprover.java:sign(154)) - Extensions in CSR: 2.5.29.19, 2.5.29.15, 2.5.29.17
2023-08-10 18:37:39,686 [Time-limited test] INFO  authority.DefaultApprover (DefaultApprover.java:sign(158)) - Extensions to add to the certificate if they present in CSR: 2.5.29.17, 2.5.29.19, 1.3.6.1.5.5.7.1.12, 2.5.29.35, 2.5.29.37, 2.5.29.15
2023-08-10 18:37:39,689 [Time-limited test] INFO  utils.CertificateCodec (CertificateCodec.java:writeCertificate(299)) - Save certificate to /tmp/junit5224729735713687294/junit752572318445238033/scm-meta/scm/sub-ca/certs/CA-1.crt
2023-08-10 18:37:39,689 [Time-limited test] INFO  utils.CertificateCodec (CertificateCodec.java:writeCertificate(300)) - Certificate -----BEGIN CERTIFICATE-----
MIID5zCCAs+gAwIBAgIBATANBgkqhkiG9w0BAQsFADB7MRswGQYDVQQDDBJzY20t
MUBmdi1hejE5NC05MjYxLTArBgNVBAsMJGFkMWRiNzQ5LWRiYzktNDRhZC1iOTZm
LWIwNGM5ZGU0ODlhYzEtMCsGA1UECgwkYjRjMWI5ZjQtMDUzNC00ZWI1LTliYzQt
OTY5NzNlMDgzZDU1MB4XDTIzMDgxMDE4MzczOVoXDTI4MDkxNzE4MzczOVowezEb
MBkGA1UEAwwSc2NtLTFAZnYtYXoxOTQtOTI2MS0wKwYDVQQLDCRhZDFkYjc0OS1k
YmM5LTQ0YWQtYjk2Zi1iMDRjOWRlNDg5YWMxLTArBgNVBAoMJGI0YzFiOWY0LTA1
MzQtNGViNS05YmM0LTk2OTczZTA4M2Q1NTCCASIwDQYJKoZIhvcNAQEBBQADggEP
ADCCAQoCggEBAK9GKHVZ7C5w5TfNzf71Q/mCTHh6QhHUVkiZRBvx2TJhDWHp9jfE
O/Lgrtx8ZSnLqk6FiL9YMI7ttVezelM3CZ/x6DiXkuiGlt4uQvd468ecmSdBC4iV
Kx+Mwd/SlyIyHzs25VIFvavejDnKczpUtgxs8ZxbMOlz6RJlaeGsRUQ1lffsLwAv
dhS5VkXRub1/DfBlCeU9FRMsh12P8CC38+zulWdhIMSUdwWtZaFYf0KG5S1V7NGW
Ijiv9SKirhKYRjvoGDqpGlhYT3F/b5VSqZiuf702AiVHYjgKSl2w5rh+1CCRlq7p
pN5Bmf1XOJ8jirEolqONfO+wnDO7rKq1/KcCAwEAAaN2MHQwDwYDVR0TAQH/BAUw
AwEB/zAOBgNVHQ8BAf8EBAMCAQYwUQYDVR0RBEowSIcECgEARYJAZnYtYXoxOTQt
OTI2Lm0zdmp4a3o0eHdpdWZpM2gwd3Vya3BhM3JnLmN4LmludGVybmFsLmNsb3Vk
YXBwLm5ldDANBgkqhkiG9w0BAQsFAAOCAQEAWQye00HYuLj8jQ/ijQqHnpF66hrU
jmGBxDs+cJATGpP3W4URDac4AR3/IxDTtSl1/cbuPw37S1cpqeNz95p0K49VBeDi
WW/63IRGmJzYx591/TtaAFf8xrG0NYWo5NpgzRiX7K1G0f61puF5C6VMHKfz1egT
qaP5o9FH71s7OJOgMM0Iry+1Vut4BcYOOlyzRIDxEPCKqRldfp742v0gZegpgOIx
oojk0bC++Zi8XcEmppbsaXTuAccj0uietWKfPp4PjBuQoVWFEXZvjH4YOktzWElH
/k/T0MYnTeFmG//fjvheum3YXWvl8Ffg7yfb0aAUS7v8QBxIc3Ix1orVTg==
-----END CERTIFICATE-----

2023-08-10 18:37:39,689 [Time-limited test] INFO  utils.CertificateCodec (CertificateCodec.java:writeCertificate(299)) - Save certificate to /tmp/junit5224729735713687294/junit752572318445238033/scm-meta/scm/sub-ca/certs/1619760015025.crt
2023-08-10 18:37:39,689 [Time-limited test] INFO  utils.CertificateCodec (CertificateCodec.java:writeCertificate(300)) - Certificate -----BEGIN CERTIFICATE-----
MIID/TCCAuWgAwIBAgIGAXkhOGaxMA0GCSqGSIb3DQEBCwUAMHsxGzAZBgNVBAMM
EnNjbS0xQGZ2LWF6MTk0LTkyNjEtMCsGA1UECwwkYWQxZGI3NDktZGJjOS00NGFk
LWI5NmYtYjA0YzlkZTQ4OWFjMS0wKwYDVQQKDCRiNGMxYjlmNC0wNTM0LTRlYjUt
OWJjNC05Njk3M2UwODNkNTUwHhcNMjMwODEwMTgzNzM5WhcNMjgwOTE3MTgzNzM5
WjCBizErMCkGA1UEAwwic2NtLXN1Yi0xNjE5NzU2ODA2MDYyQGZ2LWF6MTk0LTky
NjEtMCsGA1UECwwkYWQxZGI3NDktZGJjOS00NGFkLWI5NmYtYjA0YzlkZTQ4OWFj
MS0wKwYDVQQKDCRiNGMxYjlmNC0wNTM0LTRlYjUtOWJjNC05Njk3M2UwODNkNTUw
ggEiMA0GCSqGSIb3DQEBAQUAA4IBDwAwggEKAoIBAQDCKvoUjCZ9kVJUC4FB+rzG
Wg8zVe/9n+5qAtgDzBgneOll7Y2aIdnHPWDDeqMg4Sum9GrYOtc5FkKdJUDN1gkW
3KEQn7AZTMGk/VYjlBQCdaeEKOZ8ycTJws8U2CU9M673h0BY8QtUpgNovPrMyiMA
0x2yhfrc1A3YZ0EVRbdR1s45ZGP8mejf6CqNnzwUb/Io8n0G5WOTTvwAeyk5HTjh
rWFGfMaNm60MwQr36TTIHI9SfcRdSxFg2Gy5TKWO3bRzzylItifOYZKuZuv2W8pj
ku00Svq4zuk5OPCynd9DT1UDeVBmyXVfzlHmhbqVJidekFTfH9rp3MRKkQP2IpOV
AgMBAAGjdjB0MFEGA1UdEQRKMEiHBAoBAEWCQGZ2LWF6MTk0LTkyNi5tM3ZqeGt6
NHh3aXVmaTNoMHd1cmtwYTNyZy5jeC5pbnRlcm5hbC5jbG91ZGFwcC5uZXQwDwYD
VR0TAQH/BAUwAwEB/zAOBgNVHQ8BAf8EBAMCAb4wDQYJKoZIhvcNAQELBQADggEB
ADWMIkqJZ48PuMGzz177XAnavgoLKpmkxNrH6t7nZy0T/36ulGrQBgfdDOiqewom
lNuwCyI+cWRYZUP5Gn2ZV2T9a6dq7hq4DdpNnU4bgphT6C8Hem9YcPXsTkIYoh+m
d2xIHfxU61noId6hjGdpxENyafe7A/3a114mRanzWGcvT/rOV94m+6nTtxnopd7k
zx+pjcTs3xBJQ+hom4KLtYhZItAO6dv2/yi0oNshMBKC9A4fRghgPXfQSMwDdJJf
mgWM6G5kq3AmF/0vmmL9Qj3HKBBw3S11A64DWsPnDg/4tyQ63xiDUn2cgaaDHLj3
ysfcpAanw4WHFCvtKNueyrs=
-----END CERTIFICATE-----

-----BEGIN CERTIFICATE-----
MIID5zCCAs+gAwIBAgIBATANBgkqhkiG9w0BAQsFADB7MRswGQYDVQQDDBJzY20t
MUBmdi1hejE5NC05MjYxLTArBgNVBAsMJGFkMWRiNzQ5LWRiYzktNDRhZC1iOTZm
LWIwNGM5ZGU0ODlhYzEtMCsGA1UECgwkYjRjMWI5ZjQtMDUzNC00ZWI1LTliYzQt
OTY5NzNlMDgzZDU1MB4XDTIzMDgxMDE4MzczOVoXDTI4MDkxNzE4MzczOVowezEb
MBkGA1UEAwwSc2NtLTFAZnYtYXoxOTQtOTI2MS0wKwYDVQQLDCRhZDFkYjc0OS1k
YmM5LTQ0YWQtYjk2Zi1iMDRjOWRlNDg5YWMxLTArBgNVBAoMJGI0YzFiOWY0LTA1
MzQtNGViNS05YmM0LTk2OTczZTA4M2Q1NTCCASIwDQYJKoZIhvcNAQEBBQADggEP
ADCCAQoCggEBAK9GKHVZ7C5w5TfNzf71Q/mCTHh6QhHUVkiZRBvx2TJhDWHp9jfE
O/Lgrtx8ZSnLqk6FiL9YMI7ttVezelM3CZ/x6DiXkuiGlt4uQvd468ecmSdBC4iV
Kx+Mwd/SlyIyHzs25VIFvavejDnKczpUtgxs8ZxbMOlz6RJlaeGsRUQ1lffsLwAv
dhS5VkXRub1/DfBlCeU9FRMsh12P8CC38+zulWdhIMSUdwWtZaFYf0KG5S1V7NGW
Ijiv9SKirhKYRjvoGDqpGlhYT3F/b5VSqZiuf702AiVHYjgKSl2w5rh+1CCRlq7p
pN5Bmf1XOJ8jirEolqONfO+wnDO7rKq1/KcCAwEAAaN2MHQwDwYDVR0TAQH/BAUw
AwEB/zAOBgNVHQ8BAf8EBAMCAQYwUQYDVR0RBEowSIcECgEARYJAZnYtYXoxOTQt
OTI2Lm0zdmp4a3o0eHdpdWZpM2gwd3Vya3BhM3JnLmN4LmludGVybmFsLmNsb3Vk
YXBwLm5ldDANBgkqhkiG9w0BAQsFAAOCAQEAWQye00HYuLj8jQ/ijQqHnpF66hrU
jmGBxDs+cJATGpP3W4URDac4AR3/IxDTtSl1/cbuPw37S1cpqeNz95p0K49VBeDi
WW/63IRGmJzYx591/TtaAFf8xrG0NYWo5NpgzRiX7K1G0f61puF5C6VMHKfz1egT
qaP5o9FH71s7OJOgMM0Iry+1Vut4BcYOOlyzRIDxEPCKqRldfp742v0gZegpgOIx
oojk0bC++Zi8XcEmppbsaXTuAccj0uietWKfPp4PjBuQoVWFEXZvjH4YOktzWElH
/k/T0MYnTeFmG//fjvheum3YXWvl8Ffg7yfb0aAUS7v8QBxIc3Ix1orVTg==
-----END CERTIFICATE-----

2023-08-10 18:37:39,689 [Time-limited test] INFO  utils.CertificateCodec (CertificateCodec.java:writeCertificate(299)) - Save certificate to /tmp/junit5224729735713687294/junit752572318445238033/scm-meta/scm/sub-ca/certs/certificate.crt
2023-08-10 18:37:39,689 [Time-limited test] INFO  utils.CertificateCodec (CertificateCodec.java:writeCertificate(300)) - Certificate -----BEGIN CERTIFICATE-----
MIID/TCCAuWgAwIBAgIGAXkhOGaxMA0GCSqGSIb3DQEBCwUAMHsxGzAZBgNVBAMM
EnNjbS0xQGZ2LWF6MTk0LTkyNjEtMCsGA1UECwwkYWQxZGI3NDktZGJjOS00NGFk
LWI5NmYtYjA0YzlkZTQ4OWFjMS0wKwYDVQQKDCRiNGMxYjlmNC0wNTM0LTRlYjUt
OWJjNC05Njk3M2UwODNkNTUwHhcNMjMwODEwMTgzNzM5WhcNMjgwOTE3MTgzNzM5
WjCBizErMCkGA1UEAwwic2NtLXN1Yi0xNjE5NzU2ODA2MDYyQGZ2LWF6MTk0LTky
NjEtMCsGA1UECwwkYWQxZGI3NDktZGJjOS00NGFkLWI5NmYtYjA0YzlkZTQ4OWFj
MS0wKwYDVQQKDCRiNGMxYjlmNC0wNTM0LTRlYjUtOWJjNC05Njk3M2UwODNkNTUw
ggEiMA0GCSqGSIb3DQEBAQUAA4IBDwAwggEKAoIBAQDCKvoUjCZ9kVJUC4FB+rzG
Wg8zVe/9n+5qAtgDzBgneOll7Y2aIdnHPWDDeqMg4Sum9GrYOtc5FkKdJUDN1gkW
3KEQn7AZTMGk/VYjlBQCdaeEKOZ8ycTJws8U2CU9M673h0BY8QtUpgNovPrMyiMA
0x2yhfrc1A3YZ0EVRbdR1s45ZGP8mejf6CqNnzwUb/Io8n0G5WOTTvwAeyk5HTjh
rWFGfMaNm60MwQr36TTIHI9SfcRdSxFg2Gy5TKWO3bRzzylItifOYZKuZuv2W8pj
ku00Svq4zuk5OPCynd9DT1UDeVBmyXVfzlHmhbqVJidekFTfH9rp3MRKkQP2IpOV
AgMBAAGjdjB0MFEGA1UdEQRKMEiHBAoBAEWCQGZ2LWF6MTk0LTkyNi5tM3ZqeGt6
NHh3aXVmaTNoMHd1cmtwYTNyZy5jeC5pbnRlcm5hbC5jbG91ZGFwcC5uZXQwDwYD
VR0TAQH/BAUwAwEB/zAOBgNVHQ8BAf8EBAMCAb4wDQYJKoZIhvcNAQELBQADggEB
ADWMIkqJZ48PuMGzz177XAnavgoLKpmkxNrH6t7nZy0T/36ulGrQBgfdDOiqewom
lNuwCyI+cWRYZUP5Gn2ZV2T9a6dq7hq4DdpNnU4bgphT6C8Hem9YcPXsTkIYoh+m
d2xIHfxU61noId6hjGdpxENyafe7A/3a114mRanzWGcvT/rOV94m+6nTtxnopd7k
zx+pjcTs3xBJQ+hom4KLtYhZItAO6dv2/yi0oNshMBKC9A4fRghgPXfQSMwDdJJf
mgWM6G5kq3AmF/0vmmL9Qj3HKBBw3S11A64DWsPnDg/4tyQ63xiDUn2cgaaDHLj3
ysfcpAanw4WHFCvtKNueyrs=
-----END CERTIFICATE-----

-----BEGIN CERTIFICATE-----
MIID5zCCAs+gAwIBAgIBATANBgkqhkiG9w0BAQsFADB7MRswGQYDVQQDDBJzY20t
MUBmdi1hejE5NC05MjYxLTArBgNVBAsMJGFkMWRiNzQ5LWRiYzktNDRhZC1iOTZm
LWIwNGM5ZGU0ODlhYzEtMCsGA1UECgwkYjRjMWI5ZjQtMDUzNC00ZWI1LTliYzQt
OTY5NzNlMDgzZDU1MB4XDTIzMDgxMDE4MzczOVoXDTI4MDkxNzE4MzczOVowezEb
MBkGA1UEAwwSc2NtLTFAZnYtYXoxOTQtOTI2MS0wKwYDVQQLDCRhZDFkYjc0OS1k
YmM5LTQ0YWQtYjk2Zi1iMDRjOWRlNDg5YWMxLTArBgNVBAoMJGI0YzFiOWY0LTA1
MzQtNGViNS05YmM0LTk2OTczZTA4M2Q1NTCCASIwDQYJKoZIhvcNAQEBBQADggEP
ADCCAQoCggEBAK9GKHVZ7C5w5TfNzf71Q/mCTHh6QhHUVkiZRBvx2TJhDWHp9jfE
O/Lgrtx8ZSnLqk6FiL9YMI7ttVezelM3CZ/x6DiXkuiGlt4uQvd468ecmSdBC4iV
Kx+Mwd/SlyIyHzs25VIFvavejDnKczpUtgxs8ZxbMOlz6RJlaeGsRUQ1lffsLwAv
dhS5VkXRub1/DfBlCeU9FRMsh12P8CC38+zulWdhIMSUdwWtZaFYf0KG5S1V7NGW
Ijiv9SKirhKYRjvoGDqpGlhYT3F/b5VSqZiuf702AiVHYjgKSl2w5rh+1CCRlq7p
pN5Bmf1XOJ8jirEolqONfO+wnDO7rKq1/KcCAwEAAaN2MHQwDwYDVR0TAQH/BAUw
AwEB/zAOBgNVHQ8BAf8EBAMCAQYwUQYDVR0RBEowSIcECgEARYJAZnYtYXoxOTQt
OTI2Lm0zdmp4a3o0eHdpdWZpM2gwd3Vya3BhM3JnLmN4LmludGVybmFsLmNsb3Vk
YXBwLm5ldDANBgkqhkiG9w0BAQsFAAOCAQEAWQye00HYuLj8jQ/ijQqHnpF66hrU
jmGBxDs+cJATGpP3W4URDac4AR3/IxDTtSl1/cbuPw37S1cpqeNz95p0K49VBeDi
WW/63IRGmJzYx591/TtaAFf8xrG0NYWo5NpgzRiX7K1G0f61puF5C6VMHKfz1egT
qaP5o9FH71s7OJOgMM0Iry+1Vut4BcYOOlyzRIDxEPCKqRldfp742v0gZegpgOIx
oojk0bC++Zi8XcEmppbsaXTuAccj0uietWKfPp4PjBuQoVWFEXZvjH4YOktzWElH
/k/T0MYnTeFmG//fjvheum3YXWvl8Ffg7yfb0aAUS7v8QBxIc3Ix1orVTg==
-----END CERTIFICATE-----

2023-08-10 18:37:39,690 [Time-limited test] INFO  ha.HASecurityUtils (HASecurityUtils.java:initializeSecurity(121)) - Successfully stored SCM signed certificate.
2023-08-10 18:37:39,691 [Time-limited test] WARN  server.ServerUtils (ServerUtils.java:getScmDbDir(155)) - ozone.scm.db.dirs is not configured. We recommend adding this setting. Falling back to ozone.metadata.dirs instead.
2023-08-10 18:37:39,691 [Time-limited test] INFO  ha.SCMHANodeDetails (SCMHANodeDetails.java:loadSCMHAConfig(210)) - ServiceID for StorageContainerManager is null
2023-08-10 18:37:39,691 [Time-limited test] INFO  ha.SCMHANodeDetails (SCMHANodeDetails.java:loadSCMHAConfig(215)) - ozone.scm.default.service.id is not defined, falling back to ozone.scm.service.ids to find serviceID for StorageContainerManager if it is HA enabled cluster
2023-08-10 18:37:39,698 [pool-422-thread-1] INFO  request.KdcRequest (KdcRequest.java:preauth(651)) - The preauth data is empty.
2023-08-10 18:37:39,699 [pool-422-thread-1] INFO  server.KdcHandler (KdcHandler.java:handleRecoverableException(177)) - KRB error occurred while processing request:Additional pre-authentication required
2023-08-10 18:37:39,707 [pool-422-thread-2] INFO  request.AsRequest (AsRequest.java:issueTicket(112)) - AS_REQ ISSUE: authtime 1691692659706,scm/fv-az194-926.m3vjxkz4xwiufi3h0wurkpa3rg.cx.internal.cloudapp.net@EXAMPLE.COM for krbtgt/EXAMPLE.COM@EXAMPLE.COM
2023-08-10 18:37:39,710 [Time-limited test] INFO  security.UserGroupInformation (UserGroupInformation.java:loginUserFromKeytab(1132)) - Login successful for user scm/fv-az194-926.m3vjxkz4xwiufi3h0wurkpa3rg.cx.internal.cloudapp.net@EXAMPLE.COM using keytab file scm.keytab. Keytab auto renewal enabled : false
2023-08-10 18:37:39,710 [Time-limited test] INFO  server.StorageContainerManager (StorageContainerManager.java:loginAsSCMUserIfSecurityEnabled(1042)) - SCM login successful.
2023-08-10 18:37:39,711 [Time-limited test] INFO  client.SCMCertificateClient (DefaultCertificateClient.java:updateCertSerialId(1244)) - Certificate serial ID set to 1619760015025
2023-08-10 18:37:39,712 [Time-limited test] INFO  client.SCMCertificateClient (DefaultCertificateClient.java:readCertificateFile(237)) - Added certificate   [0]         Version: 3
         SerialNumber: 1619760015025
             IssuerDN: CN=scm-1@fv-az194-926,OU=ad1db749-dbc9-44ad-b96f-b04c9de489ac,O=b4c1b9f4-0534-4eb5-9bc4-96973e083d55
           Start Date: Thu Aug 10 18:37:39 UTC 2023
           Final Date: Sun Sep 17 18:37:39 UTC 2028
            SubjectDN: CN=scm-sub-1619756806062@fv-az194-926,OU=ad1db749-dbc9-44ad-b96f-b04c9de489ac,O=b4c1b9f4-0534-4eb5-9bc4-96973e083d55
           Public Key: RSA Public Key [6c:cf:0b:ab:bb:c9:30:67:1a:13:38:1c:2e:cb:c3:40:94:4a:0c:d1],[56:66:d1:a4]
        modulus: c22afa148c267d9152540b8141fabcc65a0f3355effd9fee6a02d803cc182778e965ed8d9a21d9c73d60c37aa320e12ba6f46ad83ad73916429d2540cdd60916dca1109fb0194cc1a4fd562394140275a78428e67cc9c4c9c2cf14d8253d33aef7874058f10b54a60368bcfaccca2300d31db285fadcd40dd867411545b751d6ce396463fc99e8dfe82a8d9f3c146ff228f27d06e563934efc007b29391d38e1ad61467cc68d9bad0cc10af7e934c81c8f527dc45d4b1160d86cb94ca58eddb473cf2948b627ce6192ae66ebf65bca6392ed344afab8cee93938f0b29ddf434f5503795066c9755fce51e685ba9526275e9054df1fdae9dcc44a9103f6229395
public exponent: 10001

  Signature Algorithm: SHA256WITHRSA
            Signature: 358c224a89678f0fb8c1b3cf5efb5c09dabe0a0b
                       2a99a4c4dac7eadee7672d13ff7eae946ad00607
                       dd0ce8aa7b0a2694dbb00b223e7164586543f91a
                       7d995764fd6ba76aee1ab80dda4d9d4e1b829853
                       e82f077a6f5870f5ec4e4218a21fa6776c481dfc
                       54eb59e821dea18c6769c4437269f7bb03fddad7
                       5e2645a9f358672f4fface57de26fba9d3b719e8
                       a5dee4cf1fa98dc4ecdf104943e8689b828bb588
                       5922d00ee9dbf6ff28b4a0db21301282f40e1f46
                       08603d77d048cc0374925f9a058ce86e64ab7026
                       17fd2f9a62fd423dc7281070dd2d7503ae035ac3
                       e70e0ff8b7243adf1883527d9c81a6831cb8f7ca
                       c7dca406a7c38587142bed28db9ecabb
       Extensions: 
                       critical(false) 2.5.29.17 value = Sequence
    Tagged [7] IMPLICIT 
        DER Octet String[4] 
    Tagged [2] IMPLICIT 
        DER Octet String[64] 

                       critical(true) BasicConstraints: isCa(true)
                       critical(true) KeyUsage: 0xbe
 from file: /tmp/junit5224729735713687294/junit752572318445238033/scm-meta/scm/sub-ca/certs/1619760015025.crt.
2023-08-10 18:37:39,713 [Time-limited test] INFO  client.SCMCertificateClient (DefaultCertificateClient.java:readCertificateFile(237)) - Added certificate   [0]         Version: 3
         SerialNumber: 1
             IssuerDN: CN=scm-1@fv-az194-926,OU=ad1db749-dbc9-44ad-b96f-b04c9de489ac,O=b4c1b9f4-0534-4eb5-9bc4-96973e083d55
           Start Date: Thu Aug 10 18:37:39 UTC 2023
           Final Date: Sun Sep 17 18:37:39 UTC 2028
            SubjectDN: CN=scm-1@fv-az194-926,OU=ad1db749-dbc9-44ad-b96f-b04c9de489ac,O=b4c1b9f4-0534-4eb5-9bc4-96973e083d55
           Public Key: RSA Public Key [3f:f4:e7:dd:54:64:1f:4e:bc:d6:97:c4:6a:44:22:91:ab:0f:e2:8c],[56:66:d1:a4]
        modulus: af46287559ec2e70e537cdcdfef543f9824c787a4211d4564899441bf1d932610d61e9f637c43bf2e0aedc7c6529cbaa4e8588bf58308eedb557b37a5337099ff1e8389792e88696de2e42f778ebc79c9927410b88952b1f8cc1dfd29722321f3b36e55205bdabde8c39ca733a54b60c6cf19c5b30e973e9126569e1ac45443595f7ec2f002f7614b95645d1b9bd7f0df06509e53d15132c875d8ff020b7f3ecee95676120c4947705ad65a1587f4286e52d55ecd1962238aff522a2ae1298463be8183aa91a58584f717f6f9552a998ae7fbd3602254762380a4a5db0e6b87ed4209196aee9a4de4199fd57389f238ab12896a38d7cefb09c33bbacaab5fca7
public exponent: 10001

  Signature Algorithm: SHA256WITHRSA
            Signature: 590c9ed341d8b8b8fc8d0fe28d0a879e917aea1a
                       d48e6181c43b3e7090131a93f75b85110da73801
                       1dff2310d3b52975fdc6ee3f0dfb4b5729a9e373
                       f79a742b8f5505e0e2596ffadc8446989cd8c79f
                       75fd3b5a0057fcc6b1b43585a8e4da60cd1897ec
                       ad46d1feb5a6e1790ba54c1ca7f3d5e813a9a3f9
                       a3d147ef5b3b3893a030cd08af2fb556eb7805c6
                       0e3a5cb34480f110f08aa9195d7e9ef8dafd2065
                       e82980e231a288e4d1b0bef998bc5dc126a696ec
                       6974ee01c723d2e89eb5629f3e9e0f8c1b90a155
                       8511766f8c7e183a4b73584947fe4fd3d0c6274d
                       e1661bffdf8ef85eba6dd85d6be5f057e0ef27db
                       d1a0144bbbfc401c48737231d68ad54e
       Extensions: 
                       critical(true) BasicConstraints: isCa(true)
                       critical(true) KeyUsage: 0x6
                       critical(false) 2.5.29.17 value = Sequence
    Tagged [7] IMPLICIT 
        DER Octet String[4] 
    Tagged [2] IMPLICIT 
        DER Octet String[64] 

 from file: /tmp/junit5224729735713687294/junit752572318445238033/scm-meta/scm/sub-ca/certs/CA-1.crt.
2023-08-10 18:37:39,713 [Time-limited test] INFO  client.SCMCertificateClient (DefaultCertificateClient.java:readCertificateFile(237)) - Added certificate   [0]         Version: 3
         SerialNumber: 1619760015025
             IssuerDN: CN=scm-1@fv-az194-926,OU=ad1db749-dbc9-44ad-b96f-b04c9de489ac,O=b4c1b9f4-0534-4eb5-9bc4-96973e083d55
           Start Date: Thu Aug 10 18:37:39 UTC 2023
           Final Date: Sun Sep 17 18:37:39 UTC 2028
            SubjectDN: CN=scm-sub-1619756806062@fv-az194-926,OU=ad1db749-dbc9-44ad-b96f-b04c9de489ac,O=b4c1b9f4-0534-4eb5-9bc4-96973e083d55
           Public Key: RSA Public Key [6c:cf:0b:ab:bb:c9:30:67:1a:13:38:1c:2e:cb:c3:40:94:4a:0c:d1],[56:66:d1:a4]
        modulus: c22afa148c267d9152540b8141fabcc65a0f3355effd9fee6a02d803cc182778e965ed8d9a21d9c73d60c37aa320e12ba6f46ad83ad73916429d2540cdd60916dca1109fb0194cc1a4fd562394140275a78428e67cc9c4c9c2cf14d8253d33aef7874058f10b54a60368bcfaccca2300d31db285fadcd40dd867411545b751d6ce396463fc99e8dfe82a8d9f3c146ff228f27d06e563934efc007b29391d38e1ad61467cc68d9bad0cc10af7e934c81c8f527dc45d4b1160d86cb94ca58eddb473cf2948b627ce6192ae66ebf65bca6392ed344afab8cee93938f0b29ddf434f5503795066c9755fce51e685ba9526275e9054df1fdae9dcc44a9103f6229395
public exponent: 10001

  Signature Algorithm: SHA256WITHRSA
            Signature: 358c224a89678f0fb8c1b3cf5efb5c09dabe0a0b
                       2a99a4c4dac7eadee7672d13ff7eae946ad00607
                       dd0ce8aa7b0a2694dbb00b223e7164586543f91a
                       7d995764fd6ba76aee1ab80dda4d9d4e1b829853
                       e82f077a6f5870f5ec4e4218a21fa6776c481dfc
                       54eb59e821dea18c6769c4437269f7bb03fddad7
                       5e2645a9f358672f4fface57de26fba9d3b719e8
                       a5dee4cf1fa98dc4ecdf104943e8689b828bb588
                       5922d00ee9dbf6ff28b4a0db21301282f40e1f46
                       08603d77d048cc0374925f9a058ce86e64ab7026
                       17fd2f9a62fd423dc7281070dd2d7503ae035ac3
                       e70e0ff8b7243adf1883527d9c81a6831cb8f7ca
                       c7dca406a7c38587142bed28db9ecabb
       Extensions: 
                       critical(false) 2.5.29.17 value = Sequence
    Tagged [7] IMPLICIT 
        DER Octet String[4] 
    Tagged [2] IMPLICIT 
        DER Octet String[64] 

                       critical(true) BasicConstraints: isCa(true)
                       critical(true) KeyUsage: 0xbe
 from file: /tmp/junit5224729735713687294/junit752572318445238033/scm-meta/scm/sub-ca/certs/certificate.crt.
2023-08-10 18:37:39,713 [Time-limited test] INFO  client.SCMCertificateClient (DefaultCertificateClient.java:loadAllCertificates(191)) - CertificateRenewerService and root ca rotation polling is disabled for scm/sub-ca
2023-08-10 18:37:39,714 [Time-limited test] WARN  utils.HAUtils (HAUtils.java:getMetaDir(339)) - ozone.scm.db.dirs is not configured. We recommend adding this setting. Falling back to ozone.metadata.dirs instead.
2023-08-10 18:37:39,714 [Time-limited test] WARN  db.DBStoreBuilder (DBStoreBuilder.java:applyDBDefinition(166)) - ozone.scm.db.dirs is not configured. We recommend adding this setting. Falling back to ozone.metadata.dirs instead.
2023-08-10 18:37:39,799 [Time-limited test] INFO  net.NodeSchemaLoader (NodeSchemaLoader.java:loadSchemaFromFile(129)) - Loading schema from [jar:file:/home/runner/.m2/repository/org/apache/ozone/hdds-common/1.4.0-SNAPSHOT/hdds-common-1.4.0-SNAPSHOT.jar!/network-topology-default.xml]
2023-08-10 18:37:39,799 [Time-limited test] INFO  net.NodeSchemaLoader (NodeSchemaLoader.java:loadSchema(176)) - Loading network topology layer schema file
2023-08-10 18:37:39,801 [Time-limited test] INFO  upgrade.AbstractLayoutVersionManager (AbstractLayoutVersionManager.java:init(83)) - Initializing Layout version manager with metadata layout = HADOOP_PRC_PORTS_IN_DATANODEDETAILS (version = 7), software layout = HADOOP_PRC_PORTS_IN_DATANODEDETAILS (version = 7)
2023-08-10 18:37:39,802 [Time-limited test] INFO  ha.SequenceIdGenerator (SequenceIdGenerator.java:upgradeToSequenceId(365)) - upgrade localId to 111677748019200000
2023-08-10 18:37:39,803 [Time-limited test] INFO  ha.SequenceIdGenerator (SequenceIdGenerator.java:upgradeToSequenceId(375)) - upgrade delTxnId to 0
2023-08-10 18:37:39,804 [Time-limited test] INFO  ha.SequenceIdGenerator (SequenceIdGenerator.java:upgradeToSequenceId(392)) - upgrade containerId to 0
2023-08-10 18:37:39,804 [Time-limited test] INFO  ha.SequenceIdGenerator (SequenceIdGenerator.java:upgradeToSequenceId(428)) - upgrade rootCertificateId to 1
2023-08-10 18:37:39,804 [Time-limited test] INFO  ha.SequenceIdGenerator (SequenceIdGenerator.java:<init>(236)) - Init the HA SequenceIdGenerator.
2023-08-10 18:37:39,806 [Time-limited test] INFO  node.SCMNodeManager (SCMNodeManager.java:<init>(157)) - Entering startup safe mode.
2023-08-10 18:37:39,810 [Time-limited test] INFO  algorithms.ContainerPlacementPolicyFactory (ContainerPlacementPolicyFactory.java:getPolicyInternal(86)) - Create container placement policy of type org.apache.hadoop.hdds.scm.container.placement.algorithms.SCMContainerPlacementRackAware
2023-08-10 18:37:39,811 [Time-limited test] INFO  algorithms.ContainerPlacementPolicyFactory (ContainerPlacementPolicyFactory.java:getPolicyInternal(86)) - Create container placement policy of type org.apache.hadoop.hdds.scm.container.placement.algorithms.SCMContainerPlacementRackScatter
2023-08-10 18:37:39,811 [Time-limited test] INFO  pipeline.PipelineStateManagerImpl (PipelineStateManagerImpl.java:initialize(78)) - No pipeline exists in current db
2023-08-10 18:37:39,811 [Time-limited test] INFO  algorithms.LeaderChoosePolicyFactory (LeaderChoosePolicyFactory.java:getPolicy(57)) - Create leader choose policy of type org.apache.hadoop.hdds.scm.pipeline.leader.choose.algorithms.MinLeaderCountChoosePolicy
2023-08-10 18:37:39,811 [Time-limited test] INFO  algorithms.ContainerPlacementPolicyFactory (ContainerPlacementPolicyFactory.java:getPolicyInternal(86)) - Create container placement policy of type org.apache.hadoop.hdds.scm.container.placement.algorithms.SCMContainerPlacementRackScatter
2023-08-10 18:37:39,811 [Time-limited test] INFO  ha.SCMServiceManager (SCMServiceManager.java:register(42)) - Registering service BackgroundPipelineCreator.
2023-08-10 18:37:39,812 [Time-limited test] INFO  pipeline.BackgroundPipelineCreator (BackgroundPipelineCreator.java:start(124)) - Starting RatisPipelineUtilsThread.
2023-08-10 18:37:39,813 [Time-limited test] INFO  BackgroundPipelineScrubber (BackgroundSCMService.java:start(68)) - Starting BackgroundPipelineScrubber Service.
2023-08-10 18:37:39,814 [Time-limited test] INFO  ha.SCMServiceManager (SCMServiceManager.java:register(42)) - Registering service BackgroundPipelineScrubber.
2023-08-10 18:37:39,814 [Time-limited test] INFO  ExpiredContainerReplicaOpScrubber (BackgroundSCMService.java:start(68)) - Starting ExpiredContainerReplicaOpScrubber Service.
2023-08-10 18:37:39,814 [Time-limited test] INFO  ha.SCMServiceManager (SCMServiceManager.java:register(42)) - Registering service ExpiredContainerReplicaOpScrubber.
2023-08-10 18:37:39,815 [Time-limited test] INFO  algorithms.PipelineChoosePolicyFactory (PipelineChoosePolicyFactory.java:createPipelineChoosePolicyFromClass(78)) - Create pipeline choose policy of type org.apache.hadoop.hdds.scm.pipeline.choose.algorithms.RandomPipelineChoosePolicy
2023-08-10 18:37:39,819 [Time-limited test] INFO  algorithms.PipelineChoosePolicyFactory (PipelineChoosePolicyFactory.java:createPipelineChoosePolicyFromClass(78)) - Create pipeline choose policy of type org.apache.hadoop.hdds.scm.pipeline.choose.algorithms.RandomPipelineChoosePolicy
2023-08-10 18:37:39,819 [Time-limited test] WARN  util.MBeans (MBeans.java:register(111)) - Failed to register MBean "Hadoop:service=BlockManager,name=BlockManagerImpl-5"
javax.management.NotCompliantMBeanException: MBean class org.apache.hadoop.hdds.scm.block.BlockManagerImpl does not implement DynamicMBean, and neither follows the Standard MBean conventions (javax.management.NotCompliantMBeanException: Class org.apache.hadoop.hdds.scm.block.BlockManagerImpl is not a JMX compliant Standard MBean) nor the MXBean conventions (javax.management.NotCompliantMBeanException: org.apache.hadoop.hdds.scm.block.BlockManagerImpl: Class org.apache.hadoop.hdds.scm.block.BlockManagerImpl is not a JMX compliant MXBean)
	at com.sun.jmx.mbeanserver.Introspector.checkCompliance(Introspector.java:176)
	at com.sun.jmx.interceptor.DefaultMBeanServerInterceptor.registerMBean(DefaultMBeanServerInterceptor.java:317)
	at com.sun.jmx.mbeanserver.JmxMBeanServer.registerMBean(JmxMBeanServer.java:522)
	at org.apache.hadoop.metrics2.util.MBeans.register(MBeans.java:100)
	at org.apache.hadoop.metrics2.util.MBeans.register(MBeans.java:73)
	at org.apache.hadoop.hdds.scm.block.BlockManagerImpl.<init>(BlockManagerImpl.java:94)
	at org.apache.hadoop.hdds.scm.server.StorageContainerManager.initializeSystemManagers(StorageContainerManager.java:787)
	at org.apache.hadoop.hdds.scm.server.StorageContainerManager.<init>(StorageContainerManager.java:401)
	at org.apache.hadoop.hdds.scm.server.StorageContainerManager.createSCM(StorageContainerManager.java:598)
	at org.apache.hadoop.hdds.scm.HddsTestUtils.getScmSimple(HddsTestUtils.java:604)
	at org.apache.hadoop.hdds.scm.HddsTestUtils.getScmSimple(HddsTestUtils.java:589)
	at org.apache.hadoop.ozone.TestSecureOzoneCluster.testSecureScmStartupSuccess(TestSecureOzoneCluster.java:361)
	at sun.reflect.NativeMethodAccessorImpl.invoke0(Native Method)
	at sun.reflect.NativeMethodAccessorImpl.invoke(NativeMethodAccessorImpl.java:62)
	at sun.reflect.DelegatingMethodAccessorImpl.invoke(DelegatingMethodAccessorImpl.java:43)
	at java.lang.reflect.Method.invoke(Method.java:498)
	at org.junit.runners.model.FrameworkMethod$1.runReflectiveCall(FrameworkMethod.java:59)
	at org.junit.internal.runners.model.ReflectiveCallable.run(ReflectiveCallable.java:12)
	at org.junit.runners.model.FrameworkMethod.invokeExplosively(FrameworkMethod.java:56)
	at org.junit.internal.runners.statements.InvokeMethod.evaluate(InvokeMethod.java:17)
	at org.junit.internal.runners.statements.RunBefores.evaluate(RunBefores.java:26)
	at org.junit.internal.runners.statements.RunAfters.evaluate(RunAfters.java:27)
	at org.junit.rules.ExternalResource$1.evaluate(ExternalResource.java:54)
	at org.junit.internal.runners.statements.FailOnTimeout$CallableStatement.call(FailOnTimeout.java:288)
	at org.junit.internal.runners.statements.FailOnTimeout$CallableStatement.call(FailOnTimeout.java:282)
	at java.util.concurrent.FutureTask.run(FutureTask.java:266)
	at java.lang.Thread.run(Thread.java:750)
2023-08-10 18:37:39,820 [Time-limited test] INFO  ha.SCMServiceManager (SCMServiceManager.java:register(42)) - Registering service SCMBlockDeletingService.
2023-08-10 18:37:39,820 [Time-limited test] INFO  replication.ReplicationManager (ReplicationManager.java:start(287)) - Starting Replication Monitor Thread.
2023-08-10 18:37:39,821 [Time-limited test] INFO  ha.SCMServiceManager (SCMServiceManager.java:register(42)) - Registering service ReplicationManager.
2023-08-10 18:37:39,825 [ReplicationMonitor] INFO  replication.ReplicationManager (ReplicationManager.java:processAll(361)) - Replication Manager is not ready to run until 300000ms after safemode exit
2023-08-10 18:37:39,821 [Time-limited test] INFO  safemode.ContainerSafeModeRule (ContainerSafeModeRule.java:<init>(89)) - containers with one replica threshold count 0
2023-08-10 18:37:39,826 [Time-limited test] INFO  safemode.HealthyPipelineSafeModeRule (HealthyPipelineSafeModeRule.java:initializeRule(169)) - Total pipeline count is 0, healthy pipeline threshold count is 0
2023-08-10 18:37:39,826 [Time-limited test] INFO  safemode.OneReplicaPipelineSafeModeRule (OneReplicaPipelineSafeModeRule.java:initializeRule(180)) - Total pipeline count is 0, pipeline's with at least one datanode reported threshold count is 0
2023-08-10 18:37:39,830 [Time-limited test] INFO  authority.DefaultCAServer (DefaultCAServer.java:lambda$processVerificationStatus$0(472)) - CertificateServer validation is successful
2023-08-10 18:37:39,831 [Time-limited test] INFO  authority.DefaultCAServer (DefaultCAServer.java:lambda$processVerificationStatus$0(472)) - CertificateServer validation is successful
2023-08-10 18:37:39,831 [Time-limited test] INFO  server.StorageContainerManager (StorageContainerManager.java:persistPrimarySCMCerts(932)) - Storing sub-ca certificate serialId 1619760015025 on primary SCM
2023-08-10 18:37:39,832 [Time-limited test] INFO  server.SCMCertStore (SCMCertStore.java:storeValidScmCertificate(122)) - Scm certificate 1619760015025 for CN=scm-sub-1619756806062@fv-az194-926,OU=ad1db749-dbc9-44ad-b96f-b04c9de489ac,O=b4c1b9f4-0534-4eb5-9bc4-96973e083d55 is stored
2023-08-10 18:37:39,835 [Time-limited test] INFO  server.StorageContainerManager (StorageContainerManager.java:persistPrimarySCMCerts(940)) - Storing root certificate serialId 1
2023-08-10 18:37:39,836 [Time-limited test] INFO  server.SCMCertStore (SCMCertStore.java:storeValidScmCertificate(122)) - Scm certificate 1 for CN=scm-1@fv-az194-926,OU=ad1db749-dbc9-44ad-b96f-b04c9de489ac,O=b4c1b9f4-0534-4eb5-9bc4-96973e083d55 is stored
2023-08-10 18:37:39,836 [Time-limited test] INFO  ipc.CallQueueManager (CallQueueManager.java:<init>(90)) - Using callQueue: class java.util.concurrent.LinkedBlockingQueue, queueCapacity: 200, scheduler: class org.apache.hadoop.ipc.DefaultRpcScheduler, ipcBackoff: false.
2023-08-10 18:37:39,836 [Time-limited test] INFO  ipc.Server (Server.java:<init>(1287)) - Listener at 0.0.0.0:9961
2023-08-10 18:37:39,837 [Socket Reader #1 for port 9961] INFO  ipc.Server (Server.java:run(1323)) - Starting Socket Reader #1 for port 9961
2023-08-10 18:37:39,840 [Time-limited test] INFO  server.StorageContainerManager (StorageContainerManager.java:<init>(425)) - SCM start with adminUsers: [om/fv-az194-926.m3vjxkz4xwiufi3h0wurkpa3rg.cx.internal.cloudapp.net@EXAMPLE.COM, scm]
2023-08-10 18:37:39,840 [Time-limited test] INFO  ipc.CallQueueManager (CallQueueManager.java:<init>(90)) - Using callQueue: class java.util.concurrent.LinkedBlockingQueue, queueCapacity: 10000, scheduler: class org.apache.hadoop.ipc.DefaultRpcScheduler, ipcBackoff: false.
2023-08-10 18:37:39,840 [Time-limited test] INFO  ipc.Server (Server.java:<init>(1287)) - Listener at 0.0.0.0:9861
2023-08-10 18:37:39,844 [Socket Reader #1 for port 9861] INFO  ipc.Server (Server.java:run(1323)) - Starting Socket Reader #1 for port 9861
2023-08-10 18:37:39,845 [Time-limited test] INFO  ipc.CallQueueManager (CallQueueManager.java:<init>(90)) - Using callQueue: class java.util.concurrent.LinkedBlockingQueue, queueCapacity: 10000, scheduler: class org.apache.hadoop.ipc.DefaultRpcScheduler, ipcBackoff: false.
2023-08-10 18:37:39,845 [Time-limited test] INFO  ipc.Server (Server.java:<init>(1287)) - Listener at 0.0.0.0:9863
2023-08-10 18:37:39,846 [Socket Reader #1 for port 9863] INFO  ipc.Server (Server.java:run(1323)) - Starting Socket Reader #1 for port 9863
2023-08-10 18:37:39,851 [Time-limited test] INFO  ipc.CallQueueManager (CallQueueManager.java:<init>(90)) - Using callQueue: class java.util.concurrent.LinkedBlockingQueue, queueCapacity: 10000, scheduler: class org.apache.hadoop.ipc.DefaultRpcScheduler, ipcBackoff: false.
2023-08-10 18:37:39,851 [Time-limited test] INFO  ipc.Server (Server.java:<init>(1287)) - Listener at 0.0.0.0:9860
2023-08-10 18:37:39,851 [Socket Reader #1 for port 9860] INFO  ipc.Server (Server.java:run(1323)) - Starting Socket Reader #1 for port 9860
2023-08-10 18:37:39,857 [Time-limited test] INFO  ha.SCMServiceManager (SCMServiceManager.java:register(42)) - Registering service ContainerBalancer.
2023-08-10 18:37:39,857 [Time-limited test] INFO  server.StorageContainerManager (StorageContainerManager.java:<init>(438)) - 
Container Balancer status:
Key                            Value
Running                        false
Container Balancer Configuration values:
Key                                                Value
Threshold                                          10
Max Datanodes to Involve per Iteration(percent)    20
Max Size to Move per Iteration                     500GB
Max Size Entering Target per Iteration             26GB
Max Size Leaving Source per Iteration              26GB

2023-08-10 18:37:39,857 [Time-limited test] INFO  ha.SCMContext (SCMContext.java:updateSafeModeStatus(228)) - Update SafeModeStatus from SafeModeStatus{safeModeStatus=true, preCheckPassed=false} to SafeModeStatus{safeModeStatus=true, preCheckPassed=false}.
2023-08-10 18:37:39,860 [Time-limited test] INFO  impl.DefaultInternalKdcServerImpl (DefaultInternalKdcServerImpl.java:doStop(102)) - Default Internal kdc server stopped.
2023-08-10 18:37:40,860 [Time-limited test] INFO  minikdc.MiniKdc (MiniKdc.java:stop(359)) - MiniKdc stopped.
2023-08-10 18:37:40,861 [Time-limited test] INFO  server.StorageContainerManager (StorageContainerManager.java:stop(1591)) - Container Balancer is not running.
2023-08-10 18:37:40,861 [Time-limited test] INFO  server.StorageContainerManager (StorageContainerManager.java:stopReplicationManager(1724)) - Stopping Replication Manager Service.
2023-08-10 18:37:40,861 [Time-limited test] INFO  replication.ReplicationManager (ReplicationManager.java:stop(319)) - Stopping Replication Monitor Thread.
2023-08-10 18:37:40,861 [Time-limited test] INFO  server.StorageContainerManager (StorageContainerManager.java:stop(1600)) - Stopping the Datanode Admin Monitor.
2023-08-10 18:37:40,861 [Time-limited test] INFO  server.StorageContainerManager (StorageContainerManager.java:stop(1607)) - Stopping datanode service RPC server
2023-08-10 18:37:40,861 [Time-limited test] INFO  server.SCMDatanodeProtocolServer (SCMDatanodeProtocolServer.java:stop(424)) - Stopping the RPC server for DataNodes
2023-08-10 18:37:40,861 [Time-limited test] INFO  ipc.Server (Server.java:stop(3523)) - Stopping server on 9861
2023-08-10 18:37:40,861 [Over Replicated Processor] WARN  replication.UnhealthyReplicationProcessor (UnhealthyReplicationProcessor.java:run(180)) - Over Replicated Processor interrupted. Exiting...
2023-08-10 18:37:40,862 [ReplicationMonitor] INFO  replication.ReplicationManager (ReplicationManager.java:run(917)) - Replication Monitor Thread is stopped
2023-08-10 18:37:40,861 [Under Replicated Processor] WARN  replication.UnhealthyReplicationProcessor (UnhealthyReplicationProcessor.java:run(180)) - Under Replicated Processor interrupted. Exiting...
2023-08-10 18:37:42,805 [SCM Heartbeat Processing Thread - 0] WARN  node.NodeStateManager (NodeStateManager.java:scheduleNextHealthCheck(874)) - Current Thread is interrupted, shutting down HB processing thread for Node Manager.
2023-08-10 18:37:42,805 [Time-limited test] INFO  server.StorageContainerManager (StorageContainerManager.java:stop(1615)) - Stopping block service RPC server
2023-08-10 18:37:42,805 [Time-limited test] INFO  server.SCMBlockProtocolServer (SCMBlockProtocolServer.java:stop(161)) - Stopping the RPC server for Block Protocol
2023-08-10 18:37:42,805 [Time-limited test] INFO  ipc.Server (Server.java:stop(3523)) - Stopping server on 9863
2023-08-10 18:37:42,805 [Time-limited test] INFO  server.StorageContainerManager (StorageContainerManager.java:stop(1622)) - Stopping the StorageContainerLocationProtocol RPC server
2023-08-10 18:37:42,805 [Time-limited test] INFO  server.SCMClientProtocolServer (SCMClientProtocolServer.java:stop(210)) - Stopping the RPC server for Client Protocol
2023-08-10 18:37:42,806 [Time-limited test] INFO  ipc.Server (Server.java:stop(3523)) - Stopping server on 9860
2023-08-10 18:37:42,810 [Time-limited test] INFO  server.StorageContainerManager (StorageContainerManager.java:stop(1629)) - Stopping Storage Container Manager HTTP server.
2023-08-10 18:37:42,810 [Time-limited test] INFO  server.StorageContainerManager (StorageContainerManager.java:stop(1637)) - Stopping SCM LayoutVersionManager Service.
2023-08-10 18:37:42,810 [Time-limited test] INFO  server.SCMSecurityProtocolServer (SCMSecurityProtocolServer.java:stop(550)) - Stopping the SCMSecurityProtocolServer.
2023-08-10 18:37:42,810 [Time-limited test] INFO  ipc.Server (Server.java:stop(3523)) - Stopping server on 9961
2023-08-10 18:37:42,810 [Time-limited test] INFO  server.SCMUpdateServiceGrpcServer (SCMUpdateServiceGrpcServer.java:stop(73)) - SCMUpdateService stopping
2023-08-10 18:37:42,810 [Time-limited test] INFO  server.StorageContainerManager (StorageContainerManager.java:stop(1649)) - Stopping Block Manager Service.
2023-08-10 18:37:42,810 [Time-limited test] INFO  utils.BackgroundService (BackgroundService.java:shutdown(141)) - Shutting down service SCMBlockDeletingService
2023-08-10 18:37:42,810 [Time-limited test] INFO  utils.BackgroundService (BackgroundService.java:shutdown(141)) - Shutting down service SCMBlockDeletingService
2023-08-10 18:37:42,810 [Time-limited test] INFO  server.StorageContainerManager (StorageContainerManager.java:stop(1669)) - Stopping SCM Event Queue.
2023-08-10 18:37:42,811 [Time-limited test] INFO  server.StorageContainerManager (StorageContainerManager.java:stop(1680)) - Stopping SCM HA services.
2023-08-10 18:37:42,811 [Time-limited test] INFO  pipeline.BackgroundPipelineCreator (BackgroundPipelineCreator.java:stop(149)) - Stopping RatisPipelineUtilsThread.
2023-08-10 18:37:42,811 [RatisPipelineUtilsThread - 0] WARN  pipeline.BackgroundPipelineCreator (BackgroundPipelineCreator.java:run(180)) - RatisPipelineUtilsThread is interrupted.
2023-08-10 18:37:42,811 [Time-limited test] INFO  BackgroundPipelineScrubber (BackgroundSCMService.java:stop(131)) - Stopping BackgroundPipelineScrubber Service.
2023-08-10 18:37:42,811 [Time-limited test] WARN  pipeline.BackgroundPipelineCreator (BackgroundPipelineCreator.java:stop(145)) - RatisPipelineUtilsThread is not running, just ignore.
2023-08-10 18:37:42,811 [Time-limited test] INFO  BackgroundPipelineScrubber (BackgroundSCMService.java:stop(126)) - BackgroundPipelineScrubber Service is not running, skip stop.
2023-08-10 18:37:42,811 [Time-limited test] INFO  ExpiredContainerReplicaOpScrubber (BackgroundSCMService.java:stop(131)) - Stopping ExpiredContainerReplicaOpScrubber Service.
2023-08-10 18:37:42,811 [Time-limited test] INFO  utils.BackgroundService (BackgroundService.java:shutdown(141)) - Shutting down service SCMBlockDeletingService
2023-08-10 18:37:42,811 [Time-limited test] INFO  replication.ReplicationManager (ReplicationManager.java:stop(329)) - Replication Monitor Thread is not running.
2023-08-10 18:37:42,811 [Time-limited test] WARN  balancer.ContainerBalancer (ContainerBalancer.java:stop(326)) - Cannot stop Container Balancer because it's not running or stopping
2023-08-10 18:37:42,811 [Time-limited test] INFO  server.StorageContainerManager (StorageContainerManager.java:stop(1715)) - Stopping SCM MetadataStore.
2023-08-10 18:37:42,811 [ExpiredContainerReplicaOpScrubberThread] WARN  ExpiredContainerReplicaOpScrubber (BackgroundSCMService.java:run(115)) - ExpiredContainerReplicaOpScrubber is interrupted, exit
2023-08-10 18:37:42,811 [BackgroundPipelineScrubberThread] WARN  BackgroundPipelineScrubber (BackgroundSCMService.java:run(115)) - BackgroundPipelineScrubber is interrupted, exit
2023-08-10 18:37:42,814 [Time-limited test] INFO  server.SCMSecurityProtocolServer (SCMSecurityProtocolServer.java:join(560)) - Join RPC server for SCMSecurityProtocolServer.
2023-08-10 18:37:42,814 [Time-limited test] INFO  server.SCMSecurityProtocolServer (SCMSecurityProtocolServer.java:join(562)) - Join gRPC server for SCMSecurityProtocolServer.
]]></system-out>
  </testcase>
  <testcase name="testCertificateRotationRecoverableFailure" classname="org.apache.hadoop.ozone.TestSecureOzoneCluster" time="24.243">
    <system-out><![CDATA[2023-08-10 18:37:42,836 [Time-limited test] INFO  net.ServerSocketUtil (ServerSocketUtil.java:getPort(55)) - Using port 9860
2023-08-10 18:37:42,836 [Time-limited test] INFO  net.ServerSocketUtil (ServerSocketUtil.java:getPort(55)) - Using port 9861
2023-08-10 18:37:42,836 [Time-limited test] INFO  net.ServerSocketUtil (ServerSocketUtil.java:getPort(55)) - Using port 9863
2023-08-10 18:37:42,836 [Time-limited test] INFO  net.ServerSocketUtil (ServerSocketUtil.java:getPort(55)) - Using port 9961
2023-08-10 18:37:42,836 [Time-limited test] INFO  net.ServerSocketUtil (ServerSocketUtil.java:getPort(55)) - Using port 1200
2023-08-10 18:37:42,836 [Time-limited test] INFO  net.ServerSocketUtil (ServerSocketUtil.java:getPort(55)) - Using port 1201
2023-08-10 18:37:42,837 [Time-limited test] INFO  minikdc.MiniKdc (MiniKdc.java:<init>(225)) - Configuration:
2023-08-10 18:37:42,837 [Time-limited test] INFO  minikdc.MiniKdc (MiniKdc.java:<init>(226)) - ---------------------------------------------------------------
2023-08-10 18:37:42,837 [Time-limited test] INFO  minikdc.MiniKdc (MiniKdc.java:<init>(228)) -   debug: false
2023-08-10 18:37:42,837 [Time-limited test] INFO  minikdc.MiniKdc (MiniKdc.java:<init>(228)) -   transport: TCP
2023-08-10 18:37:42,837 [Time-limited test] INFO  minikdc.MiniKdc (MiniKdc.java:<init>(228)) -   max.ticket.lifetime: 86400000
2023-08-10 18:37:42,837 [Time-limited test] INFO  minikdc.MiniKdc (MiniKdc.java:<init>(228)) -   org.name: EXAMPLE
2023-08-10 18:37:42,837 [Time-limited test] INFO  minikdc.MiniKdc (MiniKdc.java:<init>(228)) -   kdc.port: 0
2023-08-10 18:37:42,846 [Time-limited test] INFO  minikdc.MiniKdc (MiniKdc.java:<init>(228)) -   org.domain: COM
2023-08-10 18:37:42,846 [Time-limited test] INFO  minikdc.MiniKdc (MiniKdc.java:<init>(228)) -   max.renewable.lifetime: 604800000
2023-08-10 18:37:42,846 [Time-limited test] INFO  minikdc.MiniKdc (MiniKdc.java:<init>(228)) -   instance: DefaultKrbServer
2023-08-10 18:37:42,846 [Time-limited test] INFO  minikdc.MiniKdc (MiniKdc.java:<init>(228)) -   kdc.bind.address: localhost
2023-08-10 18:37:42,846 [Time-limited test] INFO  minikdc.MiniKdc (MiniKdc.java:<init>(230)) - ---------------------------------------------------------------
2023-08-10 18:37:42,854 [Time-limited test] INFO  minikdc.MiniKdc (MiniKdc.java:start(285)) - MiniKdc started.
2023-08-10 18:37:42,964 [Time-limited test] INFO  om.OzoneManager (OzoneManager.java:getOmDetailsProto(4555)) - OzoneManager ports added:[name: "RPC"
value: 1202
]
2023-08-10 18:37:42,964 [Time-limited test] WARN  server.ServerUtils (ServerUtils.java:getDBPath(311)) - ozone.om.db.dirs is not configured. We recommend adding this setting. Falling back to ozone.metadata.dirs instead.
2023-08-10 18:37:42,972 [Time-limited test] INFO  utils.SelfSignedCertificate (SelfSignedCertificate.java:generateCertificate(157)) - Certificate 1623042 is issued by CN=localhost,OU=test,O=cluster to CN=localhost,OU=test,O=cluster, valid from Thu Aug 10 18:37:42 UTC 2023 to Thu Aug 10 18:38:02 UTC 2023
2023-08-10 18:37:42,973 [Time-limited test] INFO  utils.CertificateCodec (CertificateCodec.java:writeCertificate(299)) - Save certificate to /tmp/junit2974786553715224131/junit1324167284362398662/om-meta/om/certs/certificate.crt
2023-08-10 18:37:42,974 [Time-limited test] INFO  utils.CertificateCodec (CertificateCodec.java:writeCertificate(300)) - Certificate -----BEGIN CERTIFICATE-----
MIIC5TCCAc2gAwIBAgIDGMQCMA0GCSqGSIb3DQEBCwUAMDUxEjAQBgNVBAMMCWxv
Y2FsaG9zdDENMAsGA1UECwwEdGVzdDEQMA4GA1UECgwHY2x1c3RlcjAeFw0yMzA4
MTAxODM3NDJaFw0yMzA4MTAxODM4MDJaMDUxEjAQBgNVBAMMCWxvY2FsaG9zdDEN
MAsGA1UECwwEdGVzdDEQMA4GA1UECgwHY2x1c3RlcjCCASIwDQYJKoZIhvcNAQEB
BQADggEPADCCAQoCggEBALdIS3+K0wKk2BtxHZtdBEeDrALI0RPW3B7i4410/999
+vikSyWqLDET9QYDXrCwWkYJafms14EpwU9g/2fuYIaY5HsdhiyW7Pl5aEQ3S4Cy
TSGEgozJHTSFA+4+rHuwpu8Wo9d9O7wqiAT9hhWYkiBQ70HTslFosMa4L4NJdoJV
ogscDvefwmxm1ANdAiuU0RoIQwjf+aiIGWL64+sMidCAbJiorLEu3M3GfOWMwPm2
GMDH41k7ZMDdK4YMa2otYZWzpgtyqkuf7pRleSkNz8MEYZlhXUWa54GudmHsaMfG
sGwbka5vxqs5JHJMIBEpD7LiW/4794znn+7uya9eEbUCAwEAATANBgkqhkiG9w0B
AQsFAAOCAQEAI7yxvkovsLdpwz8XkALVnlYwH9POwrFKV5VmIxyZIop4RF+MfRC/
PUdlPcEjaejNsQxMtWMyXhnou9RRNjNVaFQFiz5QJifnnVYh15WIJR2tQY7SJSv8
HQAoi+JBctLliagt9fAy4xTY+znjHVuRsNyBfijB8iKg4ztU1yMJ2oMkbLe2dzhC
iaTgv1OCNaNPzV5pSnOY3gWGu/4uE7ojIZz+ArJNN/irqbWiEPdC8KYh4ZModIPJ
QWh2S26PRNxP4A/4w9KsALYRDpomyzqEJyR7afXWVfYkZ+KaxissSwaLJU7CJGBF
uUPPZyRUwMQh1TlCdc7tVzbixLQUoTK5Nw==
-----END CERTIFICATE-----

2023-08-10 18:37:43,013 [Time-limited test] INFO  utils.SelfSignedCertificate (SelfSignedCertificate.java:generateCertificate(157)) - Certificate 1623086 is issued by CN=localhost,OU=test,O=cluster to CN=localhost,OU=test,O=cluster, valid from Thu Aug 10 18:37:52 UTC 2023 to Thu Aug 10 18:38:12 UTC 2023
2023-08-10 18:37:43,013 [Time-limited test] INFO  security.OMCertificateClient (DefaultCertificateClient.java:updateCertSerialId(1244)) - Certificate serial ID set to 1623042
2023-08-10 18:37:43,014 [Time-limited test] INFO  security.OMCertificateClient (DefaultCertificateClient.java:readCertificateFile(237)) - Added certificate   [0]         Version: 3
         SerialNumber: 1623042
             IssuerDN: CN=localhost,OU=test,O=cluster
           Start Date: Thu Aug 10 18:37:42 UTC 2023
           Final Date: Thu Aug 10 18:38:02 UTC 2023
            SubjectDN: CN=localhost,OU=test,O=cluster
           Public Key: RSA Public Key [f3:86:af:52:2d:e7:f3:5c:5f:95:08:14:6f:fc:0f:a4:68:d0:f9:1c],[56:66:d1:a4]
        modulus: b7484b7f8ad302a4d81b711d9b5d044783ac02c8d113d6dc1ee2e38d74ffdf7dfaf8a44b25aa2c3113f506035eb0b05a460969f9acd78129c14f60ff67ee608698e47b1d862c96ecf9796844374b80b24d2184828cc91d348503ee3eac7bb0a6ef16a3d77d3bbc2a8804fd861598922050ef41d3b25168b0c6b82f8349768255a20b1c0ef79fc26c66d4035d022b94d11a084308dff9a8881962fae3eb0c89d0806c98a8acb12edccdc67ce58cc0f9b618c0c7e3593b64c0dd2b860c6b6a2d6195b3a60b72aa4b9fee946579290dcfc3046199615d459ae781ae7661ec68c7c6b06c1b91ae6fc6ab3924724c2011290fb2e25bfe3bf78ce79feeeec9af5e11b5
public exponent: 10001

  Signature Algorithm: SHA256WITHRSA
            Signature: 23bcb1be4a2fb0b769c33f179002d59e56301fd3
                       cec2b14a579566231c99228a78445f8c7d10bf3d
                       47653dc12369e8cdb10c4cb563325e19e8bbd451
                       3633556854058b3e502627e79d5621d79588251d
                       ad418ed2252bfc1d00288be24172d2e589a82df5
                       f032e314d8fb39e31d5b91b0dc817e28c1f222a0
                       e33b54d72309da83246cb7b677384289a4e0bf53
                       8235a34fcd5e694a7398de0586bbfe2e13ba2321
                       9cfe02b24d37f8aba9b5a210f742f0a621e19328
                       7483c94168764b6e8f44dc4fe00ff8c3d2ac00b6
                       110e9a26cb3a8427247b69f5d655f62467e29ac6
                       2b2c4b068b254ec2246045b943cf672454c0c421
                       d5394275ceed5736e2c4b414a132b937
 from file: /tmp/junit2974786553715224131/junit1324167284362398662/om-meta/om/certs/certificate.crt.
2023-08-10 18:37:43,018 [Time-limited test] INFO  security.OMCertificateClient (DefaultCertificateClient.java:startCertificateRenewerService(1347)) - CertificateRenewerService for om is started with first delay 8985 ms and interval 3333 ms.
2023-08-10 18:37:43,018 [Time-limited test] INFO  security.OMCertificateClient (DefaultCertificateClient.java:init(715)) - Certificate client init case: 7
2023-08-10 18:37:43,018 [Time-limited test] INFO  security.OMCertificateClient (CommonCertificateClient.java:handleCase(110)) - Found certificate file along with KeyPair.
2023-08-10 18:37:43,024 [Time-limited test] INFO  security.OMCertificateClient (DefaultCertificateClient.java:validateKeyPairAndCertificate(794)) - Keypair validated.
2023-08-10 18:37:43,030 [Time-limited test] INFO  security.OMCertificateClient (DefaultCertificateClient.java:validateKeyPairAndCertificate(797)) - Keypair validated with certificate.
2023-08-10 18:37:52,000 [om-CertificateRenewerService] INFO  security.OMCertificateClient (DefaultCertificateClient.java:run(1383)) - Current certificate 1623042 needs to be renewed remaining grace period PT0S. Forced renewal due to root ca rotation: false.
2023-08-10 18:37:52,183 [om-CertificateRenewerService] INFO  ozone.OzoneSecurityUtil (OzoneSecurityUtil.java:getValidInetsForCurrentHost(119)) - ip:fe80:0:0:0:20d:3aff:fee2:9454%eth0 not returned.
2023-08-10 18:37:52,184 [om-CertificateRenewerService] INFO  ozone.OzoneSecurityUtil (OzoneSecurityUtil.java:getValidInetsForCurrentHost(116)) - Adding ip:10.1.0.69,host:fv-az194-926.m3vjxkz4xwiufi3h0wurkpa3rg.cx.internal.cloudapp.net
2023-08-10 18:37:52,184 [om-CertificateRenewerService] INFO  ozone.OzoneSecurityUtil (OzoneSecurityUtil.java:getValidInetsForCurrentHost(119)) - ip:0:0:0:0:0:0:0:1%lo not returned.
2023-08-10 18:37:52,184 [om-CertificateRenewerService] INFO  ozone.OzoneSecurityUtil (OzoneSecurityUtil.java:getValidInetsForCurrentHost(119)) - ip:127.0.0.1 not returned.
2023-08-10 18:37:52,184 [om-CertificateRenewerService] INFO  security.OMCertificateClient (OMCertificateClient.java:getCSRBuilder(114)) - Creating csr for OM->dns:fv-az194-926.m3vjxkz4xwiufi3h0wurkpa3rg.cx.internal.cloudapp.net,ip:10.1.0.69,scmId:708c9324-cb79-4bb5-92ea-f5a33a54f0c3,clusterId:6aad9620-f4f3-4040-915e-59fd7f5a2ec4,subject:scm@fv-az194-926.m3vjxkz4xwiufi3h0wurkpa3rg.cx.internal.cloudapp.net
2023-08-10 18:37:52,187 [om-CertificateRenewerService] ERROR security.OMCertificateClient (DefaultCertificateClient.java:signAndStoreCertificate(1284)) - Error while signing and storing SCM signed certificate.
org.apache.hadoop.hdds.security.x509.exception.CertificateException: Unable to retrieve certificate chain.
	at org.apache.hadoop.hdds.security.x509.certificate.client.DefaultCertificateClient.signAndStoreCertificate(DefaultCertificateClient.java:1280)
	at org.apache.hadoop.hdds.security.x509.certificate.client.DefaultCertificateClient.renewAndStoreKeyAndCertificate(DefaultCertificateClient.java:1083)
	at org.apache.hadoop.hdds.security.x509.certificate.client.DefaultCertificateClient$CertificateRenewerService.run(DefaultCertificateClient.java:1388)
	at java.util.concurrent.Executors$RunnableAdapter.call(Executors.java:511)
	at java.util.concurrent.FutureTask.runAndReset(FutureTask.java:308)
	at java.util.concurrent.ScheduledThreadPoolExecutor$ScheduledFutureTask.access$301(ScheduledThreadPoolExecutor.java:180)
	at java.util.concurrent.ScheduledThreadPoolExecutor$ScheduledFutureTask.run(ScheduledThreadPoolExecutor.java:294)
	at java.util.concurrent.ThreadPoolExecutor.runWorker(ThreadPoolExecutor.java:1149)
	at java.util.concurrent.ThreadPoolExecutor$Worker.run(ThreadPoolExecutor.java:624)
	at java.lang.Thread.run(Thread.java:750)
2023-08-10 18:37:52,189 [om-CertificateRenewerService] ERROR security.OMCertificateClient (DefaultCertificateClient.java:run(1399)) - Failed to renew and store key and cert. Keep using existing certificates.
org.apache.hadoop.hdds.security.x509.exception.CertificateException: Error while signing and storing new certificates.
	at org.apache.hadoop.hdds.security.x509.certificate.client.DefaultCertificateClient.renewAndStoreKeyAndCertificate(DefaultCertificateClient.java:1086)
	at org.apache.hadoop.hdds.security.x509.certificate.client.DefaultCertificateClient$CertificateRenewerService.run(DefaultCertificateClient.java:1388)
	at java.util.concurrent.Executors$RunnableAdapter.call(Executors.java:511)
	at java.util.concurrent.FutureTask.runAndReset(FutureTask.java:308)
	at java.util.concurrent.ScheduledThreadPoolExecutor$ScheduledFutureTask.access$301(ScheduledThreadPoolExecutor.java:180)
	at java.util.concurrent.ScheduledThreadPoolExecutor$ScheduledFutureTask.run(ScheduledThreadPoolExecutor.java:294)
	at java.util.concurrent.ThreadPoolExecutor.runWorker(ThreadPoolExecutor.java:1149)
	at java.util.concurrent.ThreadPoolExecutor$Worker.run(ThreadPoolExecutor.java:624)
	at java.lang.Thread.run(Thread.java:750)
Caused by: org.apache.hadoop.hdds.security.x509.exception.CertificateException: Error while signing and storing SCM signed certificate.
	at org.apache.hadoop.hdds.security.x509.certificate.client.DefaultCertificateClient.signAndStoreCertificate(DefaultCertificateClient.java:1286)
	at org.apache.hadoop.hdds.security.x509.certificate.client.DefaultCertificateClient.renewAndStoreKeyAndCertificate(DefaultCertificateClient.java:1083)
	... 8 more
Caused by: org.apache.hadoop.hdds.security.x509.exception.CertificateException: Unable to retrieve certificate chain.
	at org.apache.hadoop.hdds.security.x509.certificate.client.DefaultCertificateClient.signAndStoreCertificate(DefaultCertificateClient.java:1280)
	... 9 more
2023-08-10 18:37:55,333 [om-CertificateRenewerService] INFO  security.OMCertificateClient (DefaultCertificateClient.java:run(1383)) - Current certificate 1623042 needs to be renewed remaining grace period PT0S. Forced renewal due to root ca rotation: false.
2023-08-10 18:37:55,496 [om-CertificateRenewerService] INFO  ozone.OzoneSecurityUtil (OzoneSecurityUtil.java:getValidInetsForCurrentHost(119)) - ip:fe80:0:0:0:20d:3aff:fee2:9454%eth0 not returned.
2023-08-10 18:37:55,496 [om-CertificateRenewerService] INFO  ozone.OzoneSecurityUtil (OzoneSecurityUtil.java:getValidInetsForCurrentHost(116)) - Adding ip:10.1.0.69,host:fv-az194-926.m3vjxkz4xwiufi3h0wurkpa3rg.cx.internal.cloudapp.net
2023-08-10 18:37:55,496 [om-CertificateRenewerService] INFO  ozone.OzoneSecurityUtil (OzoneSecurityUtil.java:getValidInetsForCurrentHost(119)) - ip:0:0:0:0:0:0:0:1%lo not returned.
2023-08-10 18:37:55,496 [om-CertificateRenewerService] INFO  ozone.OzoneSecurityUtil (OzoneSecurityUtil.java:getValidInetsForCurrentHost(119)) - ip:127.0.0.1 not returned.
2023-08-10 18:37:55,496 [om-CertificateRenewerService] INFO  security.OMCertificateClient (OMCertificateClient.java:getCSRBuilder(114)) - Creating csr for OM->dns:fv-az194-926.m3vjxkz4xwiufi3h0wurkpa3rg.cx.internal.cloudapp.net,ip:10.1.0.69,scmId:708c9324-cb79-4bb5-92ea-f5a33a54f0c3,clusterId:6aad9620-f4f3-4040-915e-59fd7f5a2ec4,subject:scm@fv-az194-926.m3vjxkz4xwiufi3h0wurkpa3rg.cx.internal.cloudapp.net
2023-08-10 18:37:55,498 [om-CertificateRenewerService] ERROR security.OMCertificateClient (DefaultCertificateClient.java:signAndStoreCertificate(1284)) - Error while signing and storing SCM signed certificate.
org.apache.hadoop.hdds.security.x509.exception.CertificateException: Unable to retrieve certificate chain.
	at org.apache.hadoop.hdds.security.x509.certificate.client.DefaultCertificateClient.signAndStoreCertificate(DefaultCertificateClient.java:1280)
	at org.apache.hadoop.hdds.security.x509.certificate.client.DefaultCertificateClient.renewAndStoreKeyAndCertificate(DefaultCertificateClient.java:1083)
	at org.apache.hadoop.hdds.security.x509.certificate.client.DefaultCertificateClient$CertificateRenewerService.run(DefaultCertificateClient.java:1388)
	at java.util.concurrent.Executors$RunnableAdapter.call(Executors.java:511)
	at java.util.concurrent.FutureTask.runAndReset(FutureTask.java:308)
	at java.util.concurrent.ScheduledThreadPoolExecutor$ScheduledFutureTask.access$301(ScheduledThreadPoolExecutor.java:180)
	at java.util.concurrent.ScheduledThreadPoolExecutor$ScheduledFutureTask.run(ScheduledThreadPoolExecutor.java:294)
	at java.util.concurrent.ThreadPoolExecutor.runWorker(ThreadPoolExecutor.java:1149)
	at java.util.concurrent.ThreadPoolExecutor$Worker.run(ThreadPoolExecutor.java:624)
	at java.lang.Thread.run(Thread.java:750)
2023-08-10 18:37:55,499 [om-CertificateRenewerService] ERROR security.OMCertificateClient (DefaultCertificateClient.java:run(1399)) - Failed to renew and store key and cert. Keep using existing certificates.
org.apache.hadoop.hdds.security.x509.exception.CertificateException: Error while signing and storing new certificates.
	at org.apache.hadoop.hdds.security.x509.certificate.client.DefaultCertificateClient.renewAndStoreKeyAndCertificate(DefaultCertificateClient.java:1086)
	at org.apache.hadoop.hdds.security.x509.certificate.client.DefaultCertificateClient$CertificateRenewerService.run(DefaultCertificateClient.java:1388)
	at java.util.concurrent.Executors$RunnableAdapter.call(Executors.java:511)
	at java.util.concurrent.FutureTask.runAndReset(FutureTask.java:308)
	at java.util.concurrent.ScheduledThreadPoolExecutor$ScheduledFutureTask.access$301(ScheduledThreadPoolExecutor.java:180)
	at java.util.concurrent.ScheduledThreadPoolExecutor$ScheduledFutureTask.run(ScheduledThreadPoolExecutor.java:294)
	at java.util.concurrent.ThreadPoolExecutor.runWorker(ThreadPoolExecutor.java:1149)
	at java.util.concurrent.ThreadPoolExecutor$Worker.run(ThreadPoolExecutor.java:624)
	at java.lang.Thread.run(Thread.java:750)
Caused by: org.apache.hadoop.hdds.security.x509.exception.CertificateException: Error while signing and storing SCM signed certificate.
	at org.apache.hadoop.hdds.security.x509.certificate.client.DefaultCertificateClient.signAndStoreCertificate(DefaultCertificateClient.java:1286)
	at org.apache.hadoop.hdds.security.x509.certificate.client.DefaultCertificateClient.renewAndStoreKeyAndCertificate(DefaultCertificateClient.java:1083)
	... 8 more
Caused by: org.apache.hadoop.hdds.security.x509.exception.CertificateException: Unable to retrieve certificate chain.
	at org.apache.hadoop.hdds.security.x509.certificate.client.DefaultCertificateClient.signAndStoreCertificate(DefaultCertificateClient.java:1280)
	... 9 more
2023-08-10 18:37:58,666 [om-CertificateRenewerService] INFO  security.OMCertificateClient (DefaultCertificateClient.java:run(1383)) - Current certificate 1623042 needs to be renewed remaining grace period PT0S. Forced renewal due to root ca rotation: false.
2023-08-10 18:37:59,011 [om-CertificateRenewerService] INFO  ozone.OzoneSecurityUtil (OzoneSecurityUtil.java:getValidInetsForCurrentHost(119)) - ip:fe80:0:0:0:20d:3aff:fee2:9454%eth0 not returned.
2023-08-10 18:37:59,011 [om-CertificateRenewerService] INFO  ozone.OzoneSecurityUtil (OzoneSecurityUtil.java:getValidInetsForCurrentHost(116)) - Adding ip:10.1.0.69,host:fv-az194-926.m3vjxkz4xwiufi3h0wurkpa3rg.cx.internal.cloudapp.net
2023-08-10 18:37:59,011 [om-CertificateRenewerService] INFO  ozone.OzoneSecurityUtil (OzoneSecurityUtil.java:getValidInetsForCurrentHost(119)) - ip:0:0:0:0:0:0:0:1%lo not returned.
2023-08-10 18:37:59,011 [om-CertificateRenewerService] INFO  ozone.OzoneSecurityUtil (OzoneSecurityUtil.java:getValidInetsForCurrentHost(119)) - ip:127.0.0.1 not returned.
2023-08-10 18:37:59,011 [om-CertificateRenewerService] INFO  security.OMCertificateClient (OMCertificateClient.java:getCSRBuilder(114)) - Creating csr for OM->dns:fv-az194-926.m3vjxkz4xwiufi3h0wurkpa3rg.cx.internal.cloudapp.net,ip:10.1.0.69,scmId:708c9324-cb79-4bb5-92ea-f5a33a54f0c3,clusterId:6aad9620-f4f3-4040-915e-59fd7f5a2ec4,subject:scm@fv-az194-926.m3vjxkz4xwiufi3h0wurkpa3rg.cx.internal.cloudapp.net
2023-08-10 18:37:59,013 [om-CertificateRenewerService] ERROR security.OMCertificateClient (DefaultCertificateClient.java:signAndStoreCertificate(1284)) - Error while signing and storing SCM signed certificate.
org.apache.hadoop.hdds.security.x509.exception.CertificateException: Unable to retrieve certificate chain.
	at org.apache.hadoop.hdds.security.x509.certificate.client.DefaultCertificateClient.signAndStoreCertificate(DefaultCertificateClient.java:1280)
	at org.apache.hadoop.hdds.security.x509.certificate.client.DefaultCertificateClient.renewAndStoreKeyAndCertificate(DefaultCertificateClient.java:1083)
	at org.apache.hadoop.hdds.security.x509.certificate.client.DefaultCertificateClient$CertificateRenewerService.run(DefaultCertificateClient.java:1388)
	at java.util.concurrent.Executors$RunnableAdapter.call(Executors.java:511)
	at java.util.concurrent.FutureTask.runAndReset(FutureTask.java:308)
	at java.util.concurrent.ScheduledThreadPoolExecutor$ScheduledFutureTask.access$301(ScheduledThreadPoolExecutor.java:180)
	at java.util.concurrent.ScheduledThreadPoolExecutor$ScheduledFutureTask.run(ScheduledThreadPoolExecutor.java:294)
	at java.util.concurrent.ThreadPoolExecutor.runWorker(ThreadPoolExecutor.java:1149)
	at java.util.concurrent.ThreadPoolExecutor$Worker.run(ThreadPoolExecutor.java:624)
	at java.lang.Thread.run(Thread.java:750)
2023-08-10 18:37:59,014 [om-CertificateRenewerService] ERROR security.OMCertificateClient (DefaultCertificateClient.java:run(1399)) - Failed to renew and store key and cert. Keep using existing certificates.
org.apache.hadoop.hdds.security.x509.exception.CertificateException: Error while signing and storing new certificates.
	at org.apache.hadoop.hdds.security.x509.certificate.client.DefaultCertificateClient.renewAndStoreKeyAndCertificate(DefaultCertificateClient.java:1086)
	at org.apache.hadoop.hdds.security.x509.certificate.client.DefaultCertificateClient$CertificateRenewerService.run(DefaultCertificateClient.java:1388)
	at java.util.concurrent.Executors$RunnableAdapter.call(Executors.java:511)
	at java.util.concurrent.FutureTask.runAndReset(FutureTask.java:308)
	at java.util.concurrent.ScheduledThreadPoolExecutor$ScheduledFutureTask.access$301(ScheduledThreadPoolExecutor.java:180)
	at java.util.concurrent.ScheduledThreadPoolExecutor$ScheduledFutureTask.run(ScheduledThreadPoolExecutor.java:294)
	at java.util.concurrent.ThreadPoolExecutor.runWorker(ThreadPoolExecutor.java:1149)
	at java.util.concurrent.ThreadPoolExecutor$Worker.run(ThreadPoolExecutor.java:624)
	at java.lang.Thread.run(Thread.java:750)
Caused by: org.apache.hadoop.hdds.security.x509.exception.CertificateException: Error while signing and storing SCM signed certificate.
	at org.apache.hadoop.hdds.security.x509.certificate.client.DefaultCertificateClient.signAndStoreCertificate(DefaultCertificateClient.java:1286)
	at org.apache.hadoop.hdds.security.x509.certificate.client.DefaultCertificateClient.renewAndStoreKeyAndCertificate(DefaultCertificateClient.java:1083)
	... 8 more
Caused by: org.apache.hadoop.hdds.security.x509.exception.CertificateException: Unable to retrieve certificate chain.
	at org.apache.hadoop.hdds.security.x509.certificate.client.DefaultCertificateClient.signAndStoreCertificate(DefaultCertificateClient.java:1280)
	... 9 more
2023-08-10 18:38:01,999 [om-CertificateRenewerService] INFO  security.OMCertificateClient (DefaultCertificateClient.java:run(1383)) - Current certificate 1623042 needs to be renewed remaining grace period PT0S. Forced renewal due to root ca rotation: false.
2023-08-10 18:38:02,282 [om-CertificateRenewerService] INFO  ozone.OzoneSecurityUtil (OzoneSecurityUtil.java:getValidInetsForCurrentHost(119)) - ip:fe80:0:0:0:20d:3aff:fee2:9454%eth0 not returned.
2023-08-10 18:38:02,282 [om-CertificateRenewerService] INFO  ozone.OzoneSecurityUtil (OzoneSecurityUtil.java:getValidInetsForCurrentHost(116)) - Adding ip:10.1.0.69,host:fv-az194-926.m3vjxkz4xwiufi3h0wurkpa3rg.cx.internal.cloudapp.net
2023-08-10 18:38:02,282 [om-CertificateRenewerService] INFO  ozone.OzoneSecurityUtil (OzoneSecurityUtil.java:getValidInetsForCurrentHost(119)) - ip:0:0:0:0:0:0:0:1%lo not returned.
2023-08-10 18:38:02,282 [om-CertificateRenewerService] INFO  ozone.OzoneSecurityUtil (OzoneSecurityUtil.java:getValidInetsForCurrentHost(119)) - ip:127.0.0.1 not returned.
2023-08-10 18:38:02,282 [om-CertificateRenewerService] INFO  security.OMCertificateClient (OMCertificateClient.java:getCSRBuilder(114)) - Creating csr for OM->dns:fv-az194-926.m3vjxkz4xwiufi3h0wurkpa3rg.cx.internal.cloudapp.net,ip:10.1.0.69,scmId:708c9324-cb79-4bb5-92ea-f5a33a54f0c3,clusterId:6aad9620-f4f3-4040-915e-59fd7f5a2ec4,subject:scm@fv-az194-926.m3vjxkz4xwiufi3h0wurkpa3rg.cx.internal.cloudapp.net
2023-08-10 18:38:02,285 [om-CertificateRenewerService] ERROR security.OMCertificateClient (DefaultCertificateClient.java:signAndStoreCertificate(1284)) - Error while signing and storing SCM signed certificate.
org.apache.hadoop.hdds.security.x509.exception.CertificateException: Unable to retrieve certificate chain.
	at org.apache.hadoop.hdds.security.x509.certificate.client.DefaultCertificateClient.signAndStoreCertificate(DefaultCertificateClient.java:1280)
	at org.apache.hadoop.hdds.security.x509.certificate.client.DefaultCertificateClient.renewAndStoreKeyAndCertificate(DefaultCertificateClient.java:1083)
	at org.apache.hadoop.hdds.security.x509.certificate.client.DefaultCertificateClient$CertificateRenewerService.run(DefaultCertificateClient.java:1388)
	at java.util.concurrent.Executors$RunnableAdapter.call(Executors.java:511)
	at java.util.concurrent.FutureTask.runAndReset(FutureTask.java:308)
	at java.util.concurrent.ScheduledThreadPoolExecutor$ScheduledFutureTask.access$301(ScheduledThreadPoolExecutor.java:180)
	at java.util.concurrent.ScheduledThreadPoolExecutor$ScheduledFutureTask.run(ScheduledThreadPoolExecutor.java:294)
	at java.util.concurrent.ThreadPoolExecutor.runWorker(ThreadPoolExecutor.java:1149)
	at java.util.concurrent.ThreadPoolExecutor$Worker.run(ThreadPoolExecutor.java:624)
	at java.lang.Thread.run(Thread.java:750)
2023-08-10 18:38:02,285 [om-CertificateRenewerService] ERROR security.OMCertificateClient (DefaultCertificateClient.java:run(1399)) - Failed to renew and store key and cert. Keep using existing certificates.
org.apache.hadoop.hdds.security.x509.exception.CertificateException: Error while signing and storing new certificates.
	at org.apache.hadoop.hdds.security.x509.certificate.client.DefaultCertificateClient.renewAndStoreKeyAndCertificate(DefaultCertificateClient.java:1086)
	at org.apache.hadoop.hdds.security.x509.certificate.client.DefaultCertificateClient$CertificateRenewerService.run(DefaultCertificateClient.java:1388)
	at java.util.concurrent.Executors$RunnableAdapter.call(Executors.java:511)
	at java.util.concurrent.FutureTask.runAndReset(FutureTask.java:308)
	at java.util.concurrent.ScheduledThreadPoolExecutor$ScheduledFutureTask.access$301(ScheduledThreadPoolExecutor.java:180)
	at java.util.concurrent.ScheduledThreadPoolExecutor$ScheduledFutureTask.run(ScheduledThreadPoolExecutor.java:294)
	at java.util.concurrent.ThreadPoolExecutor.runWorker(ThreadPoolExecutor.java:1149)
	at java.util.concurrent.ThreadPoolExecutor$Worker.run(ThreadPoolExecutor.java:624)
	at java.lang.Thread.run(Thread.java:750)
Caused by: org.apache.hadoop.hdds.security.x509.exception.CertificateException: Error while signing and storing SCM signed certificate.
	at org.apache.hadoop.hdds.security.x509.certificate.client.DefaultCertificateClient.signAndStoreCertificate(DefaultCertificateClient.java:1286)
	at org.apache.hadoop.hdds.security.x509.certificate.client.DefaultCertificateClient.renewAndStoreKeyAndCertificate(DefaultCertificateClient.java:1083)
	... 8 more
Caused by: org.apache.hadoop.hdds.security.x509.exception.CertificateException: Unable to retrieve certificate chain.
	at org.apache.hadoop.hdds.security.x509.certificate.client.DefaultCertificateClient.signAndStoreCertificate(DefaultCertificateClient.java:1280)
	... 9 more
2023-08-10 18:38:03,054 [Time-limited test] INFO  utils.SelfSignedCertificate (SelfSignedCertificate.java:generateCertificate(157)) - Certificate 1643128 is issued by CN=localhost,OU=test,O=cluster to CN=localhost,OU=test,O=cluster, valid from Thu Aug 10 18:38:03 UTC 2023 to Thu Aug 10 18:38:23 UTC 2023
2023-08-10 18:38:05,332 [om-CertificateRenewerService] INFO  security.OMCertificateClient (DefaultCertificateClient.java:run(1383)) - Current certificate 1623042 needs to be renewed remaining grace period PT0S. Forced renewal due to root ca rotation: false.
2023-08-10 18:38:05,580 [om-CertificateRenewerService] INFO  ozone.OzoneSecurityUtil (OzoneSecurityUtil.java:getValidInetsForCurrentHost(119)) - ip:fe80:0:0:0:20d:3aff:fee2:9454%eth0 not returned.
2023-08-10 18:38:05,580 [om-CertificateRenewerService] INFO  ozone.OzoneSecurityUtil (OzoneSecurityUtil.java:getValidInetsForCurrentHost(116)) - Adding ip:10.1.0.69,host:fv-az194-926.m3vjxkz4xwiufi3h0wurkpa3rg.cx.internal.cloudapp.net
2023-08-10 18:38:05,580 [om-CertificateRenewerService] INFO  ozone.OzoneSecurityUtil (OzoneSecurityUtil.java:getValidInetsForCurrentHost(119)) - ip:0:0:0:0:0:0:0:1%lo not returned.
2023-08-10 18:38:05,580 [om-CertificateRenewerService] INFO  ozone.OzoneSecurityUtil (OzoneSecurityUtil.java:getValidInetsForCurrentHost(119)) - ip:127.0.0.1 not returned.
2023-08-10 18:38:05,580 [om-CertificateRenewerService] INFO  security.OMCertificateClient (OMCertificateClient.java:getCSRBuilder(114)) - Creating csr for OM->dns:fv-az194-926.m3vjxkz4xwiufi3h0wurkpa3rg.cx.internal.cloudapp.net,ip:10.1.0.69,scmId:708c9324-cb79-4bb5-92ea-f5a33a54f0c3,clusterId:6aad9620-f4f3-4040-915e-59fd7f5a2ec4,subject:scm@fv-az194-926.m3vjxkz4xwiufi3h0wurkpa3rg.cx.internal.cloudapp.net
2023-08-10 18:38:05,583 [om-CertificateRenewerService] INFO  utils.CertificateCodec (CertificateCodec.java:writeCertificate(299)) - Save certificate to /tmp/junit2974786553715224131/junit1324167284362398662/om-meta/om/certs-next/1643128.crt
2023-08-10 18:38:05,583 [om-CertificateRenewerService] INFO  utils.CertificateCodec (CertificateCodec.java:writeCertificate(300)) - Certificate -----BEGIN CERTIFICATE-----
MIIB4DCCAUmgAwIBAgIDGRJ4MA0GCSqGSIb3DQEBCwUAMDUxEjAQBgNVBAMMCWxv
Y2FsaG9zdDENMAsGA1UECwwEdGVzdDEQMA4GA1UECgwHY2x1c3RlcjAeFw0yMzA4
MTAxODM4MDNaFw0yMzA4MTAxODM4MjNaMDUxEjAQBgNVBAMMCWxvY2FsaG9zdDEN
MAsGA1UECwwEdGVzdDEQMA4GA1UECgwHY2x1c3RlcjCBnzANBgkqhkiG9w0BAQEF
AAOBjQAwgYkCgYEAmB7rm2OBkMT4jFNqdoR6XnlLYanHPV/rcJ9n7PP85YcokWR8
vtPeJEWhXbmfpc/Tv/pV7XgvTHJYnly9thhFAXAt2vGv4QybR98TgV9fCY/4LlcT
TH5QE47sG8wqjM+l+f8TBL8sXFdqV35q9+Ym7i5XLKvjr4Fbv5cUeZ15MikCAwEA
ATANBgkqhkiG9w0BAQsFAAOBgQBRf4EkN5lrmd1e3poElHY70lN2k8KJuuEfXjXC
Y3FNgGq7bX43beOj+AVR9Td4BztfTk+CAPGXH8n9v4oATqYkZSaajFsXIGHNpgAS
uFmcFpEiwpSY+/MnRSQ3HkR7JUIRQnVpjtcHzfLEQ6fE23MR4aeAr0oT1xPLoii4
X3JfEw==
-----END CERTIFICATE-----

2023-08-10 18:38:05,583 [om-CertificateRenewerService] INFO  utils.CertificateCodec (CertificateCodec.java:writeCertificate(299)) - Save certificate to /tmp/junit2974786553715224131/junit1324167284362398662/om-meta/om/certs-next/CA-1643128.crt
2023-08-10 18:38:05,584 [om-CertificateRenewerService] INFO  utils.CertificateCodec (CertificateCodec.java:writeCertificate(300)) - Certificate -----BEGIN CERTIFICATE-----
MIIB4DCCAUmgAwIBAgIDGRJ4MA0GCSqGSIb3DQEBCwUAMDUxEjAQBgNVBAMMCWxv
Y2FsaG9zdDENMAsGA1UECwwEdGVzdDEQMA4GA1UECgwHY2x1c3RlcjAeFw0yMzA4
MTAxODM4MDNaFw0yMzA4MTAxODM4MjNaMDUxEjAQBgNVBAMMCWxvY2FsaG9zdDEN
MAsGA1UECwwEdGVzdDEQMA4GA1UECgwHY2x1c3RlcjCBnzANBgkqhkiG9w0BAQEF
AAOBjQAwgYkCgYEAmB7rm2OBkMT4jFNqdoR6XnlLYanHPV/rcJ9n7PP85YcokWR8
vtPeJEWhXbmfpc/Tv/pV7XgvTHJYnly9thhFAXAt2vGv4QybR98TgV9fCY/4LlcT
TH5QE47sG8wqjM+l+f8TBL8sXFdqV35q9+Ym7i5XLKvjr4Fbv5cUeZ15MikCAwEA
ATANBgkqhkiG9w0BAQsFAAOBgQBRf4EkN5lrmd1e3poElHY70lN2k8KJuuEfXjXC
Y3FNgGq7bX43beOj+AVR9Td4BztfTk+CAPGXH8n9v4oATqYkZSaajFsXIGHNpgAS
uFmcFpEiwpSY+/MnRSQ3HkR7JUIRQnVpjtcHzfLEQ6fE23MR4aeAr0oT1xPLoii4
X3JfEw==
-----END CERTIFICATE-----

2023-08-10 18:38:05,584 [om-CertificateRenewerService] INFO  security.OMCertificateClient (DefaultCertificateClient.java:updateCertSerialId(1244)) - Certificate serial ID set to 1643128
2023-08-10 18:38:05,585 [om-CertificateRenewerService] INFO  security.OMCertificateClient (DefaultCertificateClient.java:readCertificateFile(237)) - Added certificate   [0]         Version: 3
         SerialNumber: 1623042
             IssuerDN: CN=localhost,OU=test,O=cluster
           Start Date: Thu Aug 10 18:37:42 UTC 2023
           Final Date: Thu Aug 10 18:38:02 UTC 2023
            SubjectDN: CN=localhost,OU=test,O=cluster
           Public Key: RSA Public Key [f3:86:af:52:2d:e7:f3:5c:5f:95:08:14:6f:fc:0f:a4:68:d0:f9:1c],[56:66:d1:a4]
        modulus: b7484b7f8ad302a4d81b711d9b5d044783ac02c8d113d6dc1ee2e38d74ffdf7dfaf8a44b25aa2c3113f506035eb0b05a460969f9acd78129c14f60ff67ee608698e47b1d862c96ecf9796844374b80b24d2184828cc91d348503ee3eac7bb0a6ef16a3d77d3bbc2a8804fd861598922050ef41d3b25168b0c6b82f8349768255a20b1c0ef79fc26c66d4035d022b94d11a084308dff9a8881962fae3eb0c89d0806c98a8acb12edccdc67ce58cc0f9b618c0c7e3593b64c0dd2b860c6b6a2d6195b3a60b72aa4b9fee946579290dcfc3046199615d459ae781ae7661ec68c7c6b06c1b91ae6fc6ab3924724c2011290fb2e25bfe3bf78ce79feeeec9af5e11b5
public exponent: 10001

  Signature Algorithm: SHA256WITHRSA
            Signature: 23bcb1be4a2fb0b769c33f179002d59e56301fd3
                       cec2b14a579566231c99228a78445f8c7d10bf3d
                       47653dc12369e8cdb10c4cb563325e19e8bbd451
                       3633556854058b3e502627e79d5621d79588251d
                       ad418ed2252bfc1d00288be24172d2e589a82df5
                       f032e314d8fb39e31d5b91b0dc817e28c1f222a0
                       e33b54d72309da83246cb7b677384289a4e0bf53
                       8235a34fcd5e694a7398de0586bbfe2e13ba2321
                       9cfe02b24d37f8aba9b5a210f742f0a621e19328
                       7483c94168764b6e8f44dc4fe00ff8c3d2ac00b6
                       110e9a26cb3a8427247b69f5d655f62467e29ac6
                       2b2c4b068b254ec2246045b943cf672454c0c421
                       d5394275ceed5736e2c4b414a132b937
 from file: /tmp/junit2974786553715224131/junit1324167284362398662/om-meta/om/certs/certificate.crt.
2023-08-10 18:38:05,585 [om-CertificateRenewerService] INFO  security.OMCertificateClient (DefaultCertificateClient.java:renewAndStoreKeyAndCertificate(1162)) - Successful renew key and certificate. New certificate 1643128.
2023-08-10 18:38:05,585 [om-CertificateRenewerService] INFO  security.OMCertificateClient (DefaultCertificateClient.java:updateCertSerialId(1244)) - Certificate serial ID set to 1643128
2023-08-10 18:38:05,586 [om-CertificateRenewerService] INFO  security.OMCertificateClient (DefaultCertificateClient.java:readCertificateFile(237)) - Added certificate   [0]         Version: 3
         SerialNumber: 1643128
             IssuerDN: CN=localhost,OU=test,O=cluster
           Start Date: Thu Aug 10 18:38:03 UTC 2023
           Final Date: Thu Aug 10 18:38:23 UTC 2023
            SubjectDN: CN=localhost,OU=test,O=cluster
           Public Key: RSA Public Key [93:90:79:8e:cb:54:54:b1:79:2d:38:6c:1f:b9:ca:a1:e8:33:a2:b5],[56:66:d1:a4]
        modulus: 981eeb9b638190c4f88c536a76847a5e794b61a9c73d5feb709f67ecf3fce5872891647cbed3de2445a15db99fa5cfd3bffa55ed782f4c72589e5cbdb6184501702ddaf1afe10c9b47df13815f5f098ff82e57134c7e50138eec1bcc2a8ccfa5f9ff1304bf2c5c576a577e6af7e626ee2e572cabe3af815bbf9714799d793229
public exponent: 10001

  Signature Algorithm: SHA256WITHRSA
            Signature: 517f812437996b99dd5ede9a0494763bd2537693
                       c289bae11f5e35c263714d806abb6d7e376de3a3
                       f80551f53778073b5f4e4f8200f1971fc9fdbf8a
                       004ea62465269a8c5b172061cda60012b8599c16
                       9122c29498fbf3274524371e447b254211427569
                       8ed707cdf2c443a7c4db7311e1a780af4a13d713
                       cba228b85f725f13
 from file: /tmp/junit2974786553715224131/junit1324167284362398662/om-meta/om/certs/CA-1643128.crt.
2023-08-10 18:38:05,586 [om-CertificateRenewerService] INFO  security.OMCertificateClient (DefaultCertificateClient.java:readCertificateFile(237)) - Added certificate   [0]         Version: 3
         SerialNumber: 1643128
             IssuerDN: CN=localhost,OU=test,O=cluster
           Start Date: Thu Aug 10 18:38:03 UTC 2023
           Final Date: Thu Aug 10 18:38:23 UTC 2023
            SubjectDN: CN=localhost,OU=test,O=cluster
           Public Key: RSA Public Key [93:90:79:8e:cb:54:54:b1:79:2d:38:6c:1f:b9:ca:a1:e8:33:a2:b5],[56:66:d1:a4]
        modulus: 981eeb9b638190c4f88c536a76847a5e794b61a9c73d5feb709f67ecf3fce5872891647cbed3de2445a15db99fa5cfd3bffa55ed782f4c72589e5cbdb6184501702ddaf1afe10c9b47df13815f5f098ff82e57134c7e50138eec1bcc2a8ccfa5f9ff1304bf2c5c576a577e6af7e626ee2e572cabe3af815bbf9714799d793229
public exponent: 10001

  Signature Algorithm: SHA256WITHRSA
            Signature: 517f812437996b99dd5ede9a0494763bd2537693
                       c289bae11f5e35c263714d806abb6d7e376de3a3
                       f80551f53778073b5f4e4f8200f1971fc9fdbf8a
                       004ea62465269a8c5b172061cda60012b8599c16
                       9122c29498fbf3274524371e447b254211427569
                       8ed707cdf2c443a7c4db7311e1a780af4a13d713
                       cba228b85f725f13
 from file: /tmp/junit2974786553715224131/junit1324167284362398662/om-meta/om/certs/1643128.crt.
2023-08-10 18:38:05,586 [om-CertificateRenewerService] INFO  security.OMCertificateClient (DefaultCertificateClient.java:reloadKeyAndCertificate(1232)) - Reset and reloaded key and all certificates for new certificate 1643128.
2023-08-10 18:38:06,057 [Time-limited test] INFO  impl.DefaultInternalKdcServerImpl (DefaultInternalKdcServerImpl.java:doStop(102)) - Default Internal kdc server stopped.
2023-08-10 18:38:07,058 [Time-limited test] INFO  minikdc.MiniKdc (MiniKdc.java:stop(359)) - MiniKdc stopped.
]]></system-out>
  </testcase>
  <testcase name="testSecureOMInitializationFailure" classname="org.apache.hadoop.ozone.TestSecureOzoneCluster" time="3.782">
    <system-out><![CDATA[2023-08-10 18:38:07,075 [Time-limited test] INFO  net.ServerSocketUtil (ServerSocketUtil.java:getPort(55)) - Using port 9860
2023-08-10 18:38:07,075 [Time-limited test] INFO  net.ServerSocketUtil (ServerSocketUtil.java:getPort(55)) - Using port 9861
2023-08-10 18:38:07,075 [Time-limited test] INFO  net.ServerSocketUtil (ServerSocketUtil.java:getPort(55)) - Using port 9863
2023-08-10 18:38:07,075 [Time-limited test] INFO  net.ServerSocketUtil (ServerSocketUtil.java:getPort(55)) - Using port 9961
2023-08-10 18:38:07,075 [Time-limited test] INFO  net.ServerSocketUtil (ServerSocketUtil.java:getPort(55)) - Using port 1200
2023-08-10 18:38:07,075 [Time-limited test] INFO  net.ServerSocketUtil (ServerSocketUtil.java:getPort(55)) - Using port 1201
2023-08-10 18:38:07,075 [Time-limited test] INFO  minikdc.MiniKdc (MiniKdc.java:<init>(225)) - Configuration:
2023-08-10 18:38:07,076 [Time-limited test] INFO  minikdc.MiniKdc (MiniKdc.java:<init>(226)) - ---------------------------------------------------------------
2023-08-10 18:38:07,076 [Time-limited test] INFO  minikdc.MiniKdc (MiniKdc.java:<init>(228)) -   debug: false
2023-08-10 18:38:07,076 [Time-limited test] INFO  minikdc.MiniKdc (MiniKdc.java:<init>(228)) -   transport: TCP
2023-08-10 18:38:07,076 [Time-limited test] INFO  minikdc.MiniKdc (MiniKdc.java:<init>(228)) -   max.ticket.lifetime: 86400000
2023-08-10 18:38:07,076 [Time-limited test] INFO  minikdc.MiniKdc (MiniKdc.java:<init>(228)) -   org.name: EXAMPLE
2023-08-10 18:38:07,076 [Time-limited test] INFO  minikdc.MiniKdc (MiniKdc.java:<init>(228)) -   kdc.port: 0
2023-08-10 18:38:07,076 [Time-limited test] INFO  minikdc.MiniKdc (MiniKdc.java:<init>(228)) -   org.domain: COM
2023-08-10 18:38:07,076 [Time-limited test] INFO  minikdc.MiniKdc (MiniKdc.java:<init>(228)) -   max.renewable.lifetime: 604800000
2023-08-10 18:38:07,076 [Time-limited test] INFO  minikdc.MiniKdc (MiniKdc.java:<init>(228)) -   instance: DefaultKrbServer
2023-08-10 18:38:07,076 [Time-limited test] INFO  minikdc.MiniKdc (MiniKdc.java:<init>(228)) -   kdc.bind.address: localhost
2023-08-10 18:38:07,076 [Time-limited test] INFO  minikdc.MiniKdc (MiniKdc.java:<init>(230)) - ---------------------------------------------------------------
2023-08-10 18:38:07,084 [Time-limited test] INFO  minikdc.MiniKdc (MiniKdc.java:start(285)) - MiniKdc started.
2023-08-10 18:38:07,236 [Time-limited test] INFO  om.OzoneManager (OzoneManager.java:getOmDetailsProto(4555)) - OzoneManager ports added:[name: "RPC"
value: 1202
]
2023-08-10 18:38:07,236 [Time-limited test] WARN  server.ServerUtils (ServerUtils.java:getScmDbDir(155)) - ozone.scm.db.dirs is not configured. We recommend adding this setting. Falling back to ozone.metadata.dirs instead.
2023-08-10 18:38:07,236 [Time-limited test] INFO  ha.HASecurityUtils (HASecurityUtils.java:initializeSecurity(98)) - Initializing secure StorageContainerManager.
2023-08-10 18:38:07,237 [Time-limited test] INFO  client.SCMCertificateClient (DefaultCertificateClient.java:updateCertSerialId(1244)) - Certificate serial ID set to null
2023-08-10 18:38:07,237 [Time-limited test] ERROR client.SCMCertificateClient (DefaultCertificateClient.java:getCertPath(362)) - Default certificate serial id is not set. Can't locate the default certificate for this client.
2023-08-10 18:38:07,237 [Time-limited test] INFO  client.SCMCertificateClient (DefaultCertificateClient.java:init(715)) - Certificate client init case: 0
2023-08-10 18:38:07,237 [Time-limited test] INFO  client.SCMCertificateClient (SCMCertificateClient.java:handleCase(103)) - Creating keypair for client as keypair and certificate not found.
2023-08-10 18:38:07,391 [Time-limited test] INFO  ha.HASecurityUtils (HASecurityUtils.java:initializeSecurity(108)) - Init response: GETCERT
2023-08-10 18:38:07,695 [Time-limited test] INFO  ozone.OzoneSecurityUtil (OzoneSecurityUtil.java:getValidInetsForCurrentHost(119)) - ip:fe80:0:0:0:20d:3aff:fee2:9454%eth0 not returned.
2023-08-10 18:38:07,695 [Time-limited test] INFO  ozone.OzoneSecurityUtil (OzoneSecurityUtil.java:getValidInetsForCurrentHost(116)) - Adding ip:10.1.0.69,host:fv-az194-926.m3vjxkz4xwiufi3h0wurkpa3rg.cx.internal.cloudapp.net
2023-08-10 18:38:07,695 [Time-limited test] INFO  ozone.OzoneSecurityUtil (OzoneSecurityUtil.java:getValidInetsForCurrentHost(119)) - ip:0:0:0:0:0:0:0:1%lo not returned.
2023-08-10 18:38:07,695 [Time-limited test] INFO  ozone.OzoneSecurityUtil (OzoneSecurityUtil.java:getValidInetsForCurrentHost(119)) - ip:127.0.0.1 not returned.
2023-08-10 18:38:07,698 [Time-limited test] INFO  utils.SelfSignedCertificate (SelfSignedCertificate.java:generateCertificate(157)) - Certificate 1 is issued by CN=scm-1@fv-az194-926,OU=d67019e9-24ee-41f9-902d-bc39c1c879a5,O=8ae41f2d-b6ff-4d83-85dd-b22a96f3a883 to CN=scm-1@fv-az194-926,OU=d67019e9-24ee-41f9-902d-bc39c1c879a5,O=8ae41f2d-b6ff-4d83-85dd-b22a96f3a883, valid from Thu Aug 10 18:38:07 UTC 2023 to Sun Sep 17 18:38:07 UTC 2028
2023-08-10 18:38:07,699 [Time-limited test] INFO  utils.CertificateCodec (CertificateCodec.java:writeCertificate(299)) - Save certificate to /tmp/junit6878231887374393071/junit7322089686241822234/scm-meta/scm/ca/certs/certificate.crt
2023-08-10 18:38:07,699 [Time-limited test] INFO  utils.CertificateCodec (CertificateCodec.java:writeCertificate(300)) - Certificate -----BEGIN CERTIFICATE-----
MIID5zCCAs+gAwIBAgIBATANBgkqhkiG9w0BAQsFADB7MRswGQYDVQQDDBJzY20t
MUBmdi1hejE5NC05MjYxLTArBgNVBAsMJGQ2NzAxOWU5LTI0ZWUtNDFmOS05MDJk
LWJjMzljMWM4NzlhNTEtMCsGA1UECgwkOGFlNDFmMmQtYjZmZi00ZDgzLTg1ZGQt
YjIyYTk2ZjNhODgzMB4XDTIzMDgxMDE4MzgwN1oXDTI4MDkxNzE4MzgwN1owezEb
MBkGA1UEAwwSc2NtLTFAZnYtYXoxOTQtOTI2MS0wKwYDVQQLDCRkNjcwMTllOS0y
NGVlLTQxZjktOTAyZC1iYzM5YzFjODc5YTUxLTArBgNVBAoMJDhhZTQxZjJkLWI2
ZmYtNGQ4My04NWRkLWIyMmE5NmYzYTg4MzCCASIwDQYJKoZIhvcNAQEBBQADggEP
ADCCAQoCggEBAMI4kDjHxS/AjshxH7sHVrWiLA5VoYimOERYdTRXbNgDT4tmBJr+
BN/GQIXxV2T5epI+xMsWgnKLgfnpeBbY5uAEjGg/+AIaHPw+n6u8xsPDNZ1WrV8X
WzRFvr0LkRGrwa9u0snO53p7sp5tN3avHz584n4VUzoHt1dYTVvsUYHAwXWiCZ59
wzyiqcrTXMsQCZCdQeImOyBgDxP6U9CyhIKwZ3QEHPjyTN2bIkFY62lNIW9+JXb4
I+SvPVIYStFhNu/ngvvD914uI1QJnConKb1/DfmHgqODPUM1D60rtv3VIbCMuttc
QtDoZpnJrjkT2xHxVzOywZm9PBHgyaI/0AMCAwEAAaN2MHQwDwYDVR0TAQH/BAUw
AwEB/zAOBgNVHQ8BAf8EBAMCAQYwUQYDVR0RBEowSIcECgEARYJAZnYtYXoxOTQt
OTI2Lm0zdmp4a3o0eHdpdWZpM2gwd3Vya3BhM3JnLmN4LmludGVybmFsLmNsb3Vk
YXBwLm5ldDANBgkqhkiG9w0BAQsFAAOCAQEAGjR9OKOnDimXhm1vgNEOjkCX7XTD
J1EPjD3mpJ/2SCzbNnCzDga8S6cPvwPV6e/kEhVsdbTGuQ3oM0jqNTa+52iRnJGY
09y7RtnkuhI5oqLb+aJx0xlneW0JllUcep0DRGTLHqO8JdCRprd6Lw2u9edRmBpX
jkfSbdUr7rjZQYMLfFcMtFf9vfDuZY5hUUM3ZtdNMo7RAkl2yEdeuk4AIbdRrwsM
VeQQ7pPO1ou0zaB4DQC5UJ8F5HfQOEva+ezNMHtm0n20piz0auiyGPx3huxeAiX6
RW0DcDf4vGQaNXNiWygaZnEsQyEXX1GuQ96wZgAH561+Tl+Sn3Q44Opvcw==
-----END CERTIFICATE-----

2023-08-10 18:38:07,699 [Time-limited test] INFO  client.SCMCertificateClient (SCMCertificateClient.java:getCSRBuilder(165)) - Creating csr for SCM->hostName:fv-az194-926,scmId:d67019e9-24ee-41f9-902d-bc39c1c879a5,clusterId:8ae41f2d-b6ff-4d83-85dd-b22a96f3a883,subject:scm-sub-1647774203235@fv-az194-926
2023-08-10 18:38:07,700 [Time-limited test] INFO  ozone.OzoneSecurityUtil (OzoneSecurityUtil.java:getValidInetsForCurrentHost(119)) - ip:fe80:0:0:0:20d:3aff:fee2:9454%eth0 not returned.
2023-08-10 18:38:07,700 [Time-limited test] INFO  ozone.OzoneSecurityUtil (OzoneSecurityUtil.java:getValidInetsForCurrentHost(116)) - Adding ip:10.1.0.69,host:fv-az194-926.m3vjxkz4xwiufi3h0wurkpa3rg.cx.internal.cloudapp.net
2023-08-10 18:38:07,700 [Time-limited test] INFO  ozone.OzoneSecurityUtil (OzoneSecurityUtil.java:getValidInetsForCurrentHost(119)) - ip:0:0:0:0:0:0:0:1%lo not returned.
2023-08-10 18:38:07,700 [Time-limited test] INFO  ozone.OzoneSecurityUtil (OzoneSecurityUtil.java:getValidInetsForCurrentHost(119)) - ip:127.0.0.1 not returned.
2023-08-10 18:38:07,700 [Time-limited test] INFO  ha.HASecurityUtils (HASecurityUtils.java:generateCSR(308)) - Creating csr for SCM->hostName:fv-az194-926,scmId:d67019e9-24ee-41f9-902d-bc39c1c879a5,clusterId:8ae41f2d-b6ff-4d83-85dd-b22a96f3a883,subject:scm-sub-1647774784633@fv-az194-926
2023-08-10 18:38:07,703 [Time-limited test] INFO  authority.DefaultApprover (DefaultApprover.java:sign(154)) - Extensions in CSR: 2.5.29.19, 2.5.29.15, 2.5.29.17
2023-08-10 18:38:07,703 [Time-limited test] INFO  authority.DefaultApprover (DefaultApprover.java:sign(158)) - Extensions to add to the certificate if they present in CSR: 2.5.29.17, 2.5.29.19, 1.3.6.1.5.5.7.1.12, 2.5.29.35, 2.5.29.37, 2.5.29.15
2023-08-10 18:38:07,707 [Time-limited test] INFO  utils.CertificateCodec (CertificateCodec.java:writeCertificate(299)) - Save certificate to /tmp/junit6878231887374393071/junit7322089686241822234/scm-meta/scm/sub-ca/certs/CA-1.crt
2023-08-10 18:38:07,707 [Time-limited test] INFO  utils.CertificateCodec (CertificateCodec.java:writeCertificate(300)) - Certificate -----BEGIN CERTIFICATE-----
MIID5zCCAs+gAwIBAgIBATANBgkqhkiG9w0BAQsFADB7MRswGQYDVQQDDBJzY20t
MUBmdi1hejE5NC05MjYxLTArBgNVBAsMJGQ2NzAxOWU5LTI0ZWUtNDFmOS05MDJk
LWJjMzljMWM4NzlhNTEtMCsGA1UECgwkOGFlNDFmMmQtYjZmZi00ZDgzLTg1ZGQt
YjIyYTk2ZjNhODgzMB4XDTIzMDgxMDE4MzgwN1oXDTI4MDkxNzE4MzgwN1owezEb
MBkGA1UEAwwSc2NtLTFAZnYtYXoxOTQtOTI2MS0wKwYDVQQLDCRkNjcwMTllOS0y
NGVlLTQxZjktOTAyZC1iYzM5YzFjODc5YTUxLTArBgNVBAoMJDhhZTQxZjJkLWI2
ZmYtNGQ4My04NWRkLWIyMmE5NmYzYTg4MzCCASIwDQYJKoZIhvcNAQEBBQADggEP
ADCCAQoCggEBAMI4kDjHxS/AjshxH7sHVrWiLA5VoYimOERYdTRXbNgDT4tmBJr+
BN/GQIXxV2T5epI+xMsWgnKLgfnpeBbY5uAEjGg/+AIaHPw+n6u8xsPDNZ1WrV8X
WzRFvr0LkRGrwa9u0snO53p7sp5tN3avHz584n4VUzoHt1dYTVvsUYHAwXWiCZ59
wzyiqcrTXMsQCZCdQeImOyBgDxP6U9CyhIKwZ3QEHPjyTN2bIkFY62lNIW9+JXb4
I+SvPVIYStFhNu/ngvvD914uI1QJnConKb1/DfmHgqODPUM1D60rtv3VIbCMuttc
QtDoZpnJrjkT2xHxVzOywZm9PBHgyaI/0AMCAwEAAaN2MHQwDwYDVR0TAQH/BAUw
AwEB/zAOBgNVHQ8BAf8EBAMCAQYwUQYDVR0RBEowSIcECgEARYJAZnYtYXoxOTQt
OTI2Lm0zdmp4a3o0eHdpdWZpM2gwd3Vya3BhM3JnLmN4LmludGVybmFsLmNsb3Vk
YXBwLm5ldDANBgkqhkiG9w0BAQsFAAOCAQEAGjR9OKOnDimXhm1vgNEOjkCX7XTD
J1EPjD3mpJ/2SCzbNnCzDga8S6cPvwPV6e/kEhVsdbTGuQ3oM0jqNTa+52iRnJGY
09y7RtnkuhI5oqLb+aJx0xlneW0JllUcep0DRGTLHqO8JdCRprd6Lw2u9edRmBpX
jkfSbdUr7rjZQYMLfFcMtFf9vfDuZY5hUUM3ZtdNMo7RAkl2yEdeuk4AIbdRrwsM
VeQQ7pPO1ou0zaB4DQC5UJ8F5HfQOEva+ezNMHtm0n20piz0auiyGPx3huxeAiX6
RW0DcDf4vGQaNXNiWygaZnEsQyEXX1GuQ96wZgAH561+Tl+Sn3Q44Opvcw==
-----END CERTIFICATE-----

2023-08-10 18:38:07,707 [Time-limited test] INFO  utils.CertificateCodec (CertificateCodec.java:writeCertificate(299)) - Save certificate to /tmp/junit6878231887374393071/junit7322089686241822234/scm-meta/scm/sub-ca/certs/1647778000422.crt
2023-08-10 18:38:07,707 [Time-limited test] INFO  utils.CertificateCodec (CertificateCodec.java:writeCertificate(300)) - Certificate -----BEGIN CERTIFICATE-----
MIID/TCCAuWgAwIBAgIGAX+nOO4mMA0GCSqGSIb3DQEBCwUAMHsxGzAZBgNVBAMM
EnNjbS0xQGZ2LWF6MTk0LTkyNjEtMCsGA1UECwwkZDY3MDE5ZTktMjRlZS00MWY5
LTkwMmQtYmMzOWMxYzg3OWE1MS0wKwYDVQQKDCQ4YWU0MWYyZC1iNmZmLTRkODMt
ODVkZC1iMjJhOTZmM2E4ODMwHhcNMjMwODEwMTgzODA3WhcNMjgwOTE3MTgzODA3
WjCBizErMCkGA1UEAwwic2NtLXN1Yi0xNjQ3Nzc0Nzg0NjMzQGZ2LWF6MTk0LTky
NjEtMCsGA1UECwwkZDY3MDE5ZTktMjRlZS00MWY5LTkwMmQtYmMzOWMxYzg3OWE1
MS0wKwYDVQQKDCQ4YWU0MWYyZC1iNmZmLTRkODMtODVkZC1iMjJhOTZmM2E4ODMw
ggEiMA0GCSqGSIb3DQEBAQUAA4IBDwAwggEKAoIBAQCqj+sfPiltLvOaKzWXbec5
MqixCqWaYzWzMS5W3CZOYe3oZ8rrxQpcnI67EW6itb+rb52PkuyrIz4BUJPF2fWI
TeNn7nOwwJ4k3va+HnL7QYlcoFogsFK9bPjnCCEZx615/i26iEe4CiQUvYClr9xX
FEO0KTTHPhrIPHtZ/gIE4q+BPct5gG/bEWIxOdta6lZUL2G2eiwDVGSCr/i8IqO7
1tMkA6U6cDMMTXlZeryI3g+if9Osv7jpwnIwGB0YnEBAYPX5gg2VTA1mT97zYZL1
HLAXUlfUInGhLRDoB8eFSHC6KsE/JJwp6ZlIpvgZckSqU3IYe6XeLlTxIio6t0GR
AgMBAAGjdjB0MFEGA1UdEQRKMEiHBAoBAEWCQGZ2LWF6MTk0LTkyNi5tM3ZqeGt6
NHh3aXVmaTNoMHd1cmtwYTNyZy5jeC5pbnRlcm5hbC5jbG91ZGFwcC5uZXQwDwYD
VR0TAQH/BAUwAwEB/zAOBgNVHQ8BAf8EBAMCAb4wDQYJKoZIhvcNAQELBQADggEB
ALlIDZoLaQfXlwcGPBeIt08Kxx1euNVeN+5ul4WC3GWa77tPbg4T4a8UOKoIPnOZ
KGu89SEQZ0RZWbyC8nUinhFrKzy1vkIOTlTunj+P6/kKhDwVTn/Cm1HotxDbZigU
ja2tXnxTErUxkh43YnOFzvf5B/E0t7VIwf/syhF5OP4EeI+0H8zodYe/0o7HSRLl
NDmfEHQN3ld2xt1DiZf491XEUrgUJsZsTdGu6aMzKqk1w0Parl0mnAvaqim/moY/
z3bTy9syCG3ca4k77fU4Nb8U/MrFTmibs9SjbyKxjCd6Ki8AYylF/NHGm0GXbKgU
0rSJBtgI9vdVUDAg7YU25PY=
-----END CERTIFICATE-----

-----BEGIN CERTIFICATE-----
MIID5zCCAs+gAwIBAgIBATANBgkqhkiG9w0BAQsFADB7MRswGQYDVQQDDBJzY20t
MUBmdi1hejE5NC05MjYxLTArBgNVBAsMJGQ2NzAxOWU5LTI0ZWUtNDFmOS05MDJk
LWJjMzljMWM4NzlhNTEtMCsGA1UECgwkOGFlNDFmMmQtYjZmZi00ZDgzLTg1ZGQt
YjIyYTk2ZjNhODgzMB4XDTIzMDgxMDE4MzgwN1oXDTI4MDkxNzE4MzgwN1owezEb
MBkGA1UEAwwSc2NtLTFAZnYtYXoxOTQtOTI2MS0wKwYDVQQLDCRkNjcwMTllOS0y
NGVlLTQxZjktOTAyZC1iYzM5YzFjODc5YTUxLTArBgNVBAoMJDhhZTQxZjJkLWI2
ZmYtNGQ4My04NWRkLWIyMmE5NmYzYTg4MzCCASIwDQYJKoZIhvcNAQEBBQADggEP
ADCCAQoCggEBAMI4kDjHxS/AjshxH7sHVrWiLA5VoYimOERYdTRXbNgDT4tmBJr+
BN/GQIXxV2T5epI+xMsWgnKLgfnpeBbY5uAEjGg/+AIaHPw+n6u8xsPDNZ1WrV8X
WzRFvr0LkRGrwa9u0snO53p7sp5tN3avHz584n4VUzoHt1dYTVvsUYHAwXWiCZ59
wzyiqcrTXMsQCZCdQeImOyBgDxP6U9CyhIKwZ3QEHPjyTN2bIkFY62lNIW9+JXb4
I+SvPVIYStFhNu/ngvvD914uI1QJnConKb1/DfmHgqODPUM1D60rtv3VIbCMuttc
QtDoZpnJrjkT2xHxVzOywZm9PBHgyaI/0AMCAwEAAaN2MHQwDwYDVR0TAQH/BAUw
AwEB/zAOBgNVHQ8BAf8EBAMCAQYwUQYDVR0RBEowSIcECgEARYJAZnYtYXoxOTQt
OTI2Lm0zdmp4a3o0eHdpdWZpM2gwd3Vya3BhM3JnLmN4LmludGVybmFsLmNsb3Vk
YXBwLm5ldDANBgkqhkiG9w0BAQsFAAOCAQEAGjR9OKOnDimXhm1vgNEOjkCX7XTD
J1EPjD3mpJ/2SCzbNnCzDga8S6cPvwPV6e/kEhVsdbTGuQ3oM0jqNTa+52iRnJGY
09y7RtnkuhI5oqLb+aJx0xlneW0JllUcep0DRGTLHqO8JdCRprd6Lw2u9edRmBpX
jkfSbdUr7rjZQYMLfFcMtFf9vfDuZY5hUUM3ZtdNMo7RAkl2yEdeuk4AIbdRrwsM
VeQQ7pPO1ou0zaB4DQC5UJ8F5HfQOEva+ezNMHtm0n20piz0auiyGPx3huxeAiX6
RW0DcDf4vGQaNXNiWygaZnEsQyEXX1GuQ96wZgAH561+Tl+Sn3Q44Opvcw==
-----END CERTIFICATE-----

2023-08-10 18:38:07,707 [Time-limited test] INFO  utils.CertificateCodec (CertificateCodec.java:writeCertificate(299)) - Save certificate to /tmp/junit6878231887374393071/junit7322089686241822234/scm-meta/scm/sub-ca/certs/certificate.crt
2023-08-10 18:38:07,707 [Time-limited test] INFO  utils.CertificateCodec (CertificateCodec.java:writeCertificate(300)) - Certificate -----BEGIN CERTIFICATE-----
MIID/TCCAuWgAwIBAgIGAX+nOO4mMA0GCSqGSIb3DQEBCwUAMHsxGzAZBgNVBAMM
EnNjbS0xQGZ2LWF6MTk0LTkyNjEtMCsGA1UECwwkZDY3MDE5ZTktMjRlZS00MWY5
LTkwMmQtYmMzOWMxYzg3OWE1MS0wKwYDVQQKDCQ4YWU0MWYyZC1iNmZmLTRkODMt
ODVkZC1iMjJhOTZmM2E4ODMwHhcNMjMwODEwMTgzODA3WhcNMjgwOTE3MTgzODA3
WjCBizErMCkGA1UEAwwic2NtLXN1Yi0xNjQ3Nzc0Nzg0NjMzQGZ2LWF6MTk0LTky
NjEtMCsGA1UECwwkZDY3MDE5ZTktMjRlZS00MWY5LTkwMmQtYmMzOWMxYzg3OWE1
MS0wKwYDVQQKDCQ4YWU0MWYyZC1iNmZmLTRkODMtODVkZC1iMjJhOTZmM2E4ODMw
ggEiMA0GCSqGSIb3DQEBAQUAA4IBDwAwggEKAoIBAQCqj+sfPiltLvOaKzWXbec5
MqixCqWaYzWzMS5W3CZOYe3oZ8rrxQpcnI67EW6itb+rb52PkuyrIz4BUJPF2fWI
TeNn7nOwwJ4k3va+HnL7QYlcoFogsFK9bPjnCCEZx615/i26iEe4CiQUvYClr9xX
FEO0KTTHPhrIPHtZ/gIE4q+BPct5gG/bEWIxOdta6lZUL2G2eiwDVGSCr/i8IqO7
1tMkA6U6cDMMTXlZeryI3g+if9Osv7jpwnIwGB0YnEBAYPX5gg2VTA1mT97zYZL1
HLAXUlfUInGhLRDoB8eFSHC6KsE/JJwp6ZlIpvgZckSqU3IYe6XeLlTxIio6t0GR
AgMBAAGjdjB0MFEGA1UdEQRKMEiHBAoBAEWCQGZ2LWF6MTk0LTkyNi5tM3ZqeGt6
NHh3aXVmaTNoMHd1cmtwYTNyZy5jeC5pbnRlcm5hbC5jbG91ZGFwcC5uZXQwDwYD
VR0TAQH/BAUwAwEB/zAOBgNVHQ8BAf8EBAMCAb4wDQYJKoZIhvcNAQELBQADggEB
ALlIDZoLaQfXlwcGPBeIt08Kxx1euNVeN+5ul4WC3GWa77tPbg4T4a8UOKoIPnOZ
KGu89SEQZ0RZWbyC8nUinhFrKzy1vkIOTlTunj+P6/kKhDwVTn/Cm1HotxDbZigU
ja2tXnxTErUxkh43YnOFzvf5B/E0t7VIwf/syhF5OP4EeI+0H8zodYe/0o7HSRLl
NDmfEHQN3ld2xt1DiZf491XEUrgUJsZsTdGu6aMzKqk1w0Parl0mnAvaqim/moY/
z3bTy9syCG3ca4k77fU4Nb8U/MrFTmibs9SjbyKxjCd6Ki8AYylF/NHGm0GXbKgU
0rSJBtgI9vdVUDAg7YU25PY=
-----END CERTIFICATE-----

-----BEGIN CERTIFICATE-----
MIID5zCCAs+gAwIBAgIBATANBgkqhkiG9w0BAQsFADB7MRswGQYDVQQDDBJzY20t
MUBmdi1hejE5NC05MjYxLTArBgNVBAsMJGQ2NzAxOWU5LTI0ZWUtNDFmOS05MDJk
LWJjMzljMWM4NzlhNTEtMCsGA1UECgwkOGFlNDFmMmQtYjZmZi00ZDgzLTg1ZGQt
YjIyYTk2ZjNhODgzMB4XDTIzMDgxMDE4MzgwN1oXDTI4MDkxNzE4MzgwN1owezEb
MBkGA1UEAwwSc2NtLTFAZnYtYXoxOTQtOTI2MS0wKwYDVQQLDCRkNjcwMTllOS0y
NGVlLTQxZjktOTAyZC1iYzM5YzFjODc5YTUxLTArBgNVBAoMJDhhZTQxZjJkLWI2
ZmYtNGQ4My04NWRkLWIyMmE5NmYzYTg4MzCCASIwDQYJKoZIhvcNAQEBBQADggEP
ADCCAQoCggEBAMI4kDjHxS/AjshxH7sHVrWiLA5VoYimOERYdTRXbNgDT4tmBJr+
BN/GQIXxV2T5epI+xMsWgnKLgfnpeBbY5uAEjGg/+AIaHPw+n6u8xsPDNZ1WrV8X
WzRFvr0LkRGrwa9u0snO53p7sp5tN3avHz584n4VUzoHt1dYTVvsUYHAwXWiCZ59
wzyiqcrTXMsQCZCdQeImOyBgDxP6U9CyhIKwZ3QEHPjyTN2bIkFY62lNIW9+JXb4
I+SvPVIYStFhNu/ngvvD914uI1QJnConKb1/DfmHgqODPUM1D60rtv3VIbCMuttc
QtDoZpnJrjkT2xHxVzOywZm9PBHgyaI/0AMCAwEAAaN2MHQwDwYDVR0TAQH/BAUw
AwEB/zAOBgNVHQ8BAf8EBAMCAQYwUQYDVR0RBEowSIcECgEARYJAZnYtYXoxOTQt
OTI2Lm0zdmp4a3o0eHdpdWZpM2gwd3Vya3BhM3JnLmN4LmludGVybmFsLmNsb3Vk
YXBwLm5ldDANBgkqhkiG9w0BAQsFAAOCAQEAGjR9OKOnDimXhm1vgNEOjkCX7XTD
J1EPjD3mpJ/2SCzbNnCzDga8S6cPvwPV6e/kEhVsdbTGuQ3oM0jqNTa+52iRnJGY
09y7RtnkuhI5oqLb+aJx0xlneW0JllUcep0DRGTLHqO8JdCRprd6Lw2u9edRmBpX
jkfSbdUr7rjZQYMLfFcMtFf9vfDuZY5hUUM3ZtdNMo7RAkl2yEdeuk4AIbdRrwsM
VeQQ7pPO1ou0zaB4DQC5UJ8F5HfQOEva+ezNMHtm0n20piz0auiyGPx3huxeAiX6
RW0DcDf4vGQaNXNiWygaZnEsQyEXX1GuQ96wZgAH561+Tl+Sn3Q44Opvcw==
-----END CERTIFICATE-----

2023-08-10 18:38:07,707 [Time-limited test] INFO  ha.HASecurityUtils (HASecurityUtils.java:initializeSecurity(121)) - Successfully stored SCM signed certificate.
2023-08-10 18:38:07,709 [Time-limited test] WARN  server.ServerUtils (ServerUtils.java:getScmDbDir(155)) - ozone.scm.db.dirs is not configured. We recommend adding this setting. Falling back to ozone.metadata.dirs instead.
2023-08-10 18:38:07,711 [Time-limited test] INFO  ha.SCMHANodeDetails (SCMHANodeDetails.java:loadSCMHAConfig(210)) - ServiceID for StorageContainerManager is null
2023-08-10 18:38:07,711 [Time-limited test] INFO  ha.SCMHANodeDetails (SCMHANodeDetails.java:loadSCMHAConfig(215)) - ozone.scm.default.service.id is not defined, falling back to ozone.scm.service.ids to find serviceID for StorageContainerManager if it is HA enabled cluster
2023-08-10 18:38:07,717 [pool-456-thread-1] INFO  request.KdcRequest (KdcRequest.java:preauth(651)) - The preauth data is empty.
2023-08-10 18:38:07,717 [pool-456-thread-1] INFO  server.KdcHandler (KdcHandler.java:handleRecoverableException(177)) - KRB error occurred while processing request:Additional pre-authentication required
2023-08-10 18:38:07,727 [pool-456-thread-2] INFO  request.AsRequest (AsRequest.java:issueTicket(112)) - AS_REQ ISSUE: authtime 1691692687727,scm/fv-az194-926.m3vjxkz4xwiufi3h0wurkpa3rg.cx.internal.cloudapp.net@EXAMPLE.COM for krbtgt/EXAMPLE.COM@EXAMPLE.COM
2023-08-10 18:38:07,728 [Time-limited test] INFO  security.UserGroupInformation (UserGroupInformation.java:loginUserFromKeytab(1132)) - Login successful for user scm/fv-az194-926.m3vjxkz4xwiufi3h0wurkpa3rg.cx.internal.cloudapp.net@EXAMPLE.COM using keytab file scm.keytab. Keytab auto renewal enabled : false
2023-08-10 18:38:07,728 [Time-limited test] INFO  server.StorageContainerManager (StorageContainerManager.java:loginAsSCMUserIfSecurityEnabled(1042)) - SCM login successful.
2023-08-10 18:38:07,729 [Time-limited test] INFO  client.SCMCertificateClient (DefaultCertificateClient.java:updateCertSerialId(1244)) - Certificate serial ID set to 1647778000422
2023-08-10 18:38:07,730 [Time-limited test] INFO  client.SCMCertificateClient (DefaultCertificateClient.java:readCertificateFile(237)) - Added certificate   [0]         Version: 3
         SerialNumber: 1647778000422
             IssuerDN: CN=scm-1@fv-az194-926,OU=d67019e9-24ee-41f9-902d-bc39c1c879a5,O=8ae41f2d-b6ff-4d83-85dd-b22a96f3a883
           Start Date: Thu Aug 10 18:38:07 UTC 2023
           Final Date: Sun Sep 17 18:38:07 UTC 2028
            SubjectDN: CN=scm-sub-1647774784633@fv-az194-926,OU=d67019e9-24ee-41f9-902d-bc39c1c879a5,O=8ae41f2d-b6ff-4d83-85dd-b22a96f3a883
           Public Key: RSA Public Key [b2:be:9a:5f:b4:69:88:b1:a9:f5:1a:fa:31:d2:e6:28:a1:dc:f5:d9],[56:66:d1:a4]
        modulus: aa8feb1f3e296d2ef39a2b35976de73932a8b10aa59a6335b3312e56dc264e61ede867caebc50a5c9c8ebb116ea2b5bfab6f9d8f92ecab233e015093c5d9f5884de367ee73b0c09e24def6be1e72fb41895ca05a20b052bd6cf8e7082119c7ad79fe2dba8847b80a2414bd80a5afdc571443b42934c73e1ac83c7b59fe0204e2af813dcb79806fdb11623139db5aea56542f61b67a2c03546482aff8bc22a3bbd6d32403a53a70330c4d79597abc88de0fa27fd3acbfb8e9c27230181d189c404060f5f9820d954c0d664fdef36192f51cb0175257d42271a12d10e807c7854870ba2ac13f249c29e99948a6f8197244aa5372187ba5de2e54f1222a3ab74191
public exponent: 10001

  Signature Algorithm: SHA256WITHRSA
            Signature: b9480d9a0b6907d79707063c1788b74f0ac71d5e
                       b8d55e37ee6e978582dc659aefbb4f6e0e13e1af
                       1438aa083e7399286bbcf5211067445959bc82f2
                       75229e116b2b3cb5be420e4e54ee9e3f8febf90a
                       843c154e7fc29b51e8b710db6628148dadad5e7c
                       5312b531921e37627385cef7f907f134b7b548c1
                       ffecca117938fe04788fb41fcce87587bfd28ec7
                       4912e534399f10740dde5776c6dd438997f8f755
                       c452b81426c66c4dd1aee9a3332aa935c343daae
                       5d269c0bdaaa29bf9a863fcf76d3cbdb32086ddc
                       6b893bedf53835bf14fccac54e689bb3d4a36f22
                       b18c277a2a2f00632945fcd1c69b41976ca814d2
                       b48906d808f6f755503020ed8536e4f6
       Extensions: 
                       critical(false) 2.5.29.17 value = Sequence
    Tagged [7] IMPLICIT 
        DER Octet String[4] 
    Tagged [2] IMPLICIT 
        DER Octet String[64] 

                       critical(true) BasicConstraints: isCa(true)
                       critical(true) KeyUsage: 0xbe
 from file: /tmp/junit6878231887374393071/junit7322089686241822234/scm-meta/scm/sub-ca/certs/1647778000422.crt.
2023-08-10 18:38:07,731 [Time-limited test] INFO  client.SCMCertificateClient (DefaultCertificateClient.java:readCertificateFile(237)) - Added certificate   [0]         Version: 3
         SerialNumber: 1
             IssuerDN: CN=scm-1@fv-az194-926,OU=d67019e9-24ee-41f9-902d-bc39c1c879a5,O=8ae41f2d-b6ff-4d83-85dd-b22a96f3a883
           Start Date: Thu Aug 10 18:38:07 UTC 2023
           Final Date: Sun Sep 17 18:38:07 UTC 2028
            SubjectDN: CN=scm-1@fv-az194-926,OU=d67019e9-24ee-41f9-902d-bc39c1c879a5,O=8ae41f2d-b6ff-4d83-85dd-b22a96f3a883
           Public Key: RSA Public Key [72:98:a1:5a:65:ef:5f:6e:83:a2:44:13:62:ec:b7:eb:03:6d:12:a0],[56:66:d1:a4]
        modulus: c2389038c7c52fc08ec8711fbb0756b5a22c0e55a188a63844587534576cd8034f8b66049afe04dfc64085f15764f97a923ec4cb1682728b81f9e97816d8e6e0048c683ff8021a1cfc3e9fabbcc6c3c3359d56ad5f175b3445bebd0b9111abc1af6ed2c9cee77a7bb29e6d3776af1f3e7ce27e15533a07b757584d5bec5181c0c175a2099e7dc33ca2a9cad35ccb1009909d41e2263b20600f13fa53d0b28482b06774041cf8f24cdd9b224158eb694d216f7e2576f823e4af3d52184ad16136efe782fbc3f75e2e2354099c2a2729bd7f0df98782a3833d43350fad2bb6fdd521b08cbadb5c42d0e86699c9ae3913db11f15733b2c199bd3c11e0c9a23fd003
public exponent: 10001

  Signature Algorithm: SHA256WITHRSA
            Signature: 1a347d38a3a70e2997866d6f80d10e8e4097ed74
                       c327510f8c3de6a49ff6482cdb3670b30e06bc4b
                       a70fbf03d5e9efe412156c75b4c6b90de83348ea
                       3536bee768919c9198d3dcbb46d9e4ba1239a2a2
                       dbf9a271d31967796d0996551c7a9d034464cb1e
                       a3bc25d091a6b77a2f0daef5e751981a578e47d2
                       6dd52beeb8d941830b7c570cb457fdbdf0ee658e
                       6151433766d74d328ed1024976c8475eba4e0021
                       b751af0b0c55e410ee93ced68bb4cda0780d00b9
                       509f05e477d0384bdaf9eccd307b66d27db4a62c
                       f46ae8b218fc7786ec5e0225fa456d037037f8bc
                       641a3573625b281a66712c4321175f51ae43deb0
                       660007e7ad7e4e5f929f7438e0ea6f73
       Extensions: 
                       critical(true) BasicConstraints: isCa(true)
                       critical(true) KeyUsage: 0x6
                       critical(false) 2.5.29.17 value = Sequence
    Tagged [7] IMPLICIT 
        DER Octet String[4] 
    Tagged [2] IMPLICIT 
        DER Octet String[64] 

 from file: /tmp/junit6878231887374393071/junit7322089686241822234/scm-meta/scm/sub-ca/certs/CA-1.crt.
2023-08-10 18:38:07,732 [Time-limited test] INFO  client.SCMCertificateClient (DefaultCertificateClient.java:readCertificateFile(237)) - Added certificate   [0]         Version: 3
         SerialNumber: 1647778000422
             IssuerDN: CN=scm-1@fv-az194-926,OU=d67019e9-24ee-41f9-902d-bc39c1c879a5,O=8ae41f2d-b6ff-4d83-85dd-b22a96f3a883
           Start Date: Thu Aug 10 18:38:07 UTC 2023
           Final Date: Sun Sep 17 18:38:07 UTC 2028
            SubjectDN: CN=scm-sub-1647774784633@fv-az194-926,OU=d67019e9-24ee-41f9-902d-bc39c1c879a5,O=8ae41f2d-b6ff-4d83-85dd-b22a96f3a883
           Public Key: RSA Public Key [b2:be:9a:5f:b4:69:88:b1:a9:f5:1a:fa:31:d2:e6:28:a1:dc:f5:d9],[56:66:d1:a4]
        modulus: aa8feb1f3e296d2ef39a2b35976de73932a8b10aa59a6335b3312e56dc264e61ede867caebc50a5c9c8ebb116ea2b5bfab6f9d8f92ecab233e015093c5d9f5884de367ee73b0c09e24def6be1e72fb41895ca05a20b052bd6cf8e7082119c7ad79fe2dba8847b80a2414bd80a5afdc571443b42934c73e1ac83c7b59fe0204e2af813dcb79806fdb11623139db5aea56542f61b67a2c03546482aff8bc22a3bbd6d32403a53a70330c4d79597abc88de0fa27fd3acbfb8e9c27230181d189c404060f5f9820d954c0d664fdef36192f51cb0175257d42271a12d10e807c7854870ba2ac13f249c29e99948a6f8197244aa5372187ba5de2e54f1222a3ab74191
public exponent: 10001

  Signature Algorithm: SHA256WITHRSA
            Signature: b9480d9a0b6907d79707063c1788b74f0ac71d5e
                       b8d55e37ee6e978582dc659aefbb4f6e0e13e1af
                       1438aa083e7399286bbcf5211067445959bc82f2
                       75229e116b2b3cb5be420e4e54ee9e3f8febf90a
                       843c154e7fc29b51e8b710db6628148dadad5e7c
                       5312b531921e37627385cef7f907f134b7b548c1
                       ffecca117938fe04788fb41fcce87587bfd28ec7
                       4912e534399f10740dde5776c6dd438997f8f755
                       c452b81426c66c4dd1aee9a3332aa935c343daae
                       5d269c0bdaaa29bf9a863fcf76d3cbdb32086ddc
                       6b893bedf53835bf14fccac54e689bb3d4a36f22
                       b18c277a2a2f00632945fcd1c69b41976ca814d2
                       b48906d808f6f755503020ed8536e4f6
       Extensions: 
                       critical(false) 2.5.29.17 value = Sequence
    Tagged [7] IMPLICIT 
        DER Octet String[4] 
    Tagged [2] IMPLICIT 
        DER Octet String[64] 

                       critical(true) BasicConstraints: isCa(true)
                       critical(true) KeyUsage: 0xbe
 from file: /tmp/junit6878231887374393071/junit7322089686241822234/scm-meta/scm/sub-ca/certs/certificate.crt.
2023-08-10 18:38:07,732 [Time-limited test] INFO  client.SCMCertificateClient (DefaultCertificateClient.java:loadAllCertificates(191)) - CertificateRenewerService and root ca rotation polling is disabled for scm/sub-ca
2023-08-10 18:38:07,732 [Time-limited test] WARN  utils.HAUtils (HAUtils.java:getMetaDir(339)) - ozone.scm.db.dirs is not configured. We recommend adding this setting. Falling back to ozone.metadata.dirs instead.
2023-08-10 18:38:07,732 [Time-limited test] WARN  db.DBStoreBuilder (DBStoreBuilder.java:applyDBDefinition(166)) - ozone.scm.db.dirs is not configured. We recommend adding this setting. Falling back to ozone.metadata.dirs instead.
2023-08-10 18:38:07,822 [Time-limited test] INFO  net.NodeSchemaLoader (NodeSchemaLoader.java:loadSchemaFromFile(129)) - Loading schema from [jar:file:/home/runner/.m2/repository/org/apache/ozone/hdds-common/1.4.0-SNAPSHOT/hdds-common-1.4.0-SNAPSHOT.jar!/network-topology-default.xml]
2023-08-10 18:38:07,822 [Time-limited test] INFO  net.NodeSchemaLoader (NodeSchemaLoader.java:loadSchema(176)) - Loading network topology layer schema file
2023-08-10 18:38:07,829 [Time-limited test] INFO  upgrade.AbstractLayoutVersionManager (AbstractLayoutVersionManager.java:init(83)) - Initializing Layout version manager with metadata layout = HADOOP_PRC_PORTS_IN_DATANODEDETAILS (version = 7), software layout = HADOOP_PRC_PORTS_IN_DATANODEDETAILS (version = 7)
2023-08-10 18:38:07,830 [Time-limited test] INFO  ha.SequenceIdGenerator (SequenceIdGenerator.java:upgradeToSequenceId(365)) - upgrade localId to 111677748019200000
2023-08-10 18:38:07,830 [Time-limited test] INFO  ha.SequenceIdGenerator (SequenceIdGenerator.java:upgradeToSequenceId(375)) - upgrade delTxnId to 0
2023-08-10 18:38:07,831 [Time-limited test] INFO  ha.SequenceIdGenerator (SequenceIdGenerator.java:upgradeToSequenceId(392)) - upgrade containerId to 0
2023-08-10 18:38:07,831 [Time-limited test] INFO  ha.SequenceIdGenerator (SequenceIdGenerator.java:upgradeToSequenceId(428)) - upgrade rootCertificateId to 1
2023-08-10 18:38:07,831 [Time-limited test] INFO  ha.SequenceIdGenerator (SequenceIdGenerator.java:<init>(236)) - Init the HA SequenceIdGenerator.
2023-08-10 18:38:07,833 [Time-limited test] INFO  node.SCMNodeManager (SCMNodeManager.java:<init>(157)) - Entering startup safe mode.
2023-08-10 18:38:07,834 [Time-limited test] INFO  algorithms.ContainerPlacementPolicyFactory (ContainerPlacementPolicyFactory.java:getPolicyInternal(86)) - Create container placement policy of type org.apache.hadoop.hdds.scm.container.placement.algorithms.SCMContainerPlacementRackAware
2023-08-10 18:38:07,834 [Time-limited test] INFO  algorithms.ContainerPlacementPolicyFactory (ContainerPlacementPolicyFactory.java:getPolicyInternal(86)) - Create container placement policy of type org.apache.hadoop.hdds.scm.container.placement.algorithms.SCMContainerPlacementRackScatter
2023-08-10 18:38:07,834 [Time-limited test] INFO  pipeline.PipelineStateManagerImpl (PipelineStateManagerImpl.java:initialize(78)) - No pipeline exists in current db
2023-08-10 18:38:07,834 [Time-limited test] INFO  algorithms.LeaderChoosePolicyFactory (LeaderChoosePolicyFactory.java:getPolicy(57)) - Create leader choose policy of type org.apache.hadoop.hdds.scm.pipeline.leader.choose.algorithms.MinLeaderCountChoosePolicy
2023-08-10 18:38:07,834 [Time-limited test] INFO  algorithms.ContainerPlacementPolicyFactory (ContainerPlacementPolicyFactory.java:getPolicyInternal(86)) - Create container placement policy of type org.apache.hadoop.hdds.scm.container.placement.algorithms.SCMContainerPlacementRackScatter
2023-08-10 18:38:07,835 [Time-limited test] INFO  ha.SCMServiceManager (SCMServiceManager.java:register(42)) - Registering service BackgroundPipelineCreator.
2023-08-10 18:38:07,835 [Time-limited test] INFO  pipeline.BackgroundPipelineCreator (BackgroundPipelineCreator.java:start(124)) - Starting RatisPipelineUtilsThread.
2023-08-10 18:38:07,835 [Time-limited test] INFO  BackgroundPipelineScrubber (BackgroundSCMService.java:start(68)) - Starting BackgroundPipelineScrubber Service.
2023-08-10 18:38:07,835 [Time-limited test] INFO  ha.SCMServiceManager (SCMServiceManager.java:register(42)) - Registering service BackgroundPipelineScrubber.
2023-08-10 18:38:07,835 [Time-limited test] INFO  ExpiredContainerReplicaOpScrubber (BackgroundSCMService.java:start(68)) - Starting ExpiredContainerReplicaOpScrubber Service.
2023-08-10 18:38:07,835 [Time-limited test] INFO  ha.SCMServiceManager (SCMServiceManager.java:register(42)) - Registering service ExpiredContainerReplicaOpScrubber.
2023-08-10 18:38:07,836 [Time-limited test] INFO  algorithms.PipelineChoosePolicyFactory (PipelineChoosePolicyFactory.java:createPipelineChoosePolicyFromClass(78)) - Create pipeline choose policy of type org.apache.hadoop.hdds.scm.pipeline.choose.algorithms.RandomPipelineChoosePolicy
2023-08-10 18:38:07,836 [Time-limited test] INFO  algorithms.PipelineChoosePolicyFactory (PipelineChoosePolicyFactory.java:createPipelineChoosePolicyFromClass(78)) - Create pipeline choose policy of type org.apache.hadoop.hdds.scm.pipeline.choose.algorithms.RandomPipelineChoosePolicy
2023-08-10 18:38:07,836 [Time-limited test] WARN  util.MBeans (MBeans.java:register(111)) - Failed to register MBean "Hadoop:service=BlockManager,name=BlockManagerImpl-6"
javax.management.NotCompliantMBeanException: MBean class org.apache.hadoop.hdds.scm.block.BlockManagerImpl does not implement DynamicMBean, and neither follows the Standard MBean conventions (javax.management.NotCompliantMBeanException: Class org.apache.hadoop.hdds.scm.block.BlockManagerImpl is not a JMX compliant Standard MBean) nor the MXBean conventions (javax.management.NotCompliantMBeanException: org.apache.hadoop.hdds.scm.block.BlockManagerImpl: Class org.apache.hadoop.hdds.scm.block.BlockManagerImpl is not a JMX compliant MXBean)
	at com.sun.jmx.mbeanserver.Introspector.checkCompliance(Introspector.java:176)
	at com.sun.jmx.interceptor.DefaultMBeanServerInterceptor.registerMBean(DefaultMBeanServerInterceptor.java:317)
	at com.sun.jmx.mbeanserver.JmxMBeanServer.registerMBean(JmxMBeanServer.java:522)
	at org.apache.hadoop.metrics2.util.MBeans.register(MBeans.java:100)
	at org.apache.hadoop.metrics2.util.MBeans.register(MBeans.java:73)
	at org.apache.hadoop.hdds.scm.block.BlockManagerImpl.<init>(BlockManagerImpl.java:94)
	at org.apache.hadoop.hdds.scm.server.StorageContainerManager.initializeSystemManagers(StorageContainerManager.java:787)
	at org.apache.hadoop.hdds.scm.server.StorageContainerManager.<init>(StorageContainerManager.java:401)
	at org.apache.hadoop.hdds.scm.server.StorageContainerManager.createSCM(StorageContainerManager.java:598)
	at org.apache.hadoop.hdds.scm.HddsTestUtils.getScmSimple(HddsTestUtils.java:604)
	at org.apache.hadoop.hdds.scm.HddsTestUtils.getScmSimple(HddsTestUtils.java:589)
	at org.apache.hadoop.ozone.TestSecureOzoneCluster.testSecureOMInitializationFailure(TestSecureOzoneCluster.java:526)
	at sun.reflect.NativeMethodAccessorImpl.invoke0(Native Method)
	at sun.reflect.NativeMethodAccessorImpl.invoke(NativeMethodAccessorImpl.java:62)
	at sun.reflect.DelegatingMethodAccessorImpl.invoke(DelegatingMethodAccessorImpl.java:43)
	at java.lang.reflect.Method.invoke(Method.java:498)
	at org.junit.runners.model.FrameworkMethod$1.runReflectiveCall(FrameworkMethod.java:59)
	at org.junit.internal.runners.model.ReflectiveCallable.run(ReflectiveCallable.java:12)
	at org.junit.runners.model.FrameworkMethod.invokeExplosively(FrameworkMethod.java:56)
	at org.junit.internal.runners.statements.InvokeMethod.evaluate(InvokeMethod.java:17)
	at org.junit.internal.runners.statements.RunBefores.evaluate(RunBefores.java:26)
	at org.junit.internal.runners.statements.RunAfters.evaluate(RunAfters.java:27)
	at org.junit.rules.ExternalResource$1.evaluate(ExternalResource.java:54)
	at org.junit.internal.runners.statements.FailOnTimeout$CallableStatement.call(FailOnTimeout.java:288)
	at org.junit.internal.runners.statements.FailOnTimeout$CallableStatement.call(FailOnTimeout.java:282)
	at java.util.concurrent.FutureTask.run(FutureTask.java:266)
	at java.lang.Thread.run(Thread.java:750)
2023-08-10 18:38:07,837 [Time-limited test] INFO  ha.SCMServiceManager (SCMServiceManager.java:register(42)) - Registering service SCMBlockDeletingService.
2023-08-10 18:38:07,837 [Time-limited test] INFO  replication.ReplicationManager (ReplicationManager.java:start(287)) - Starting Replication Monitor Thread.
2023-08-10 18:38:07,839 [Time-limited test] INFO  ha.SCMServiceManager (SCMServiceManager.java:register(42)) - Registering service ReplicationManager.
2023-08-10 18:38:07,839 [Time-limited test] INFO  safemode.ContainerSafeModeRule (ContainerSafeModeRule.java:<init>(89)) - containers with one replica threshold count 0
2023-08-10 18:38:07,839 [Time-limited test] INFO  safemode.HealthyPipelineSafeModeRule (HealthyPipelineSafeModeRule.java:initializeRule(169)) - Total pipeline count is 0, healthy pipeline threshold count is 0
2023-08-10 18:38:07,840 [Time-limited test] INFO  safemode.OneReplicaPipelineSafeModeRule (OneReplicaPipelineSafeModeRule.java:initializeRule(180)) - Total pipeline count is 0, pipeline's with at least one datanode reported threshold count is 0
2023-08-10 18:38:07,840 [Time-limited test] INFO  authority.DefaultCAServer (DefaultCAServer.java:lambda$processVerificationStatus$0(472)) - CertificateServer validation is successful
2023-08-10 18:38:07,841 [Time-limited test] INFO  authority.DefaultCAServer (DefaultCAServer.java:lambda$processVerificationStatus$0(472)) - CertificateServer validation is successful
2023-08-10 18:38:07,841 [Time-limited test] INFO  server.StorageContainerManager (StorageContainerManager.java:persistPrimarySCMCerts(932)) - Storing sub-ca certificate serialId 1647778000422 on primary SCM
2023-08-10 18:38:07,842 [ReplicationMonitor] INFO  replication.ReplicationManager (ReplicationManager.java:processAll(361)) - Replication Manager is not ready to run until 300000ms after safemode exit
2023-08-10 18:38:07,842 [Time-limited test] INFO  server.SCMCertStore (SCMCertStore.java:storeValidScmCertificate(122)) - Scm certificate 1647778000422 for CN=scm-sub-1647774784633@fv-az194-926,OU=d67019e9-24ee-41f9-902d-bc39c1c879a5,O=8ae41f2d-b6ff-4d83-85dd-b22a96f3a883 is stored
2023-08-10 18:38:07,842 [Time-limited test] INFO  server.StorageContainerManager (StorageContainerManager.java:persistPrimarySCMCerts(940)) - Storing root certificate serialId 1
2023-08-10 18:38:07,843 [Time-limited test] INFO  server.SCMCertStore (SCMCertStore.java:storeValidScmCertificate(122)) - Scm certificate 1 for CN=scm-1@fv-az194-926,OU=d67019e9-24ee-41f9-902d-bc39c1c879a5,O=8ae41f2d-b6ff-4d83-85dd-b22a96f3a883 is stored
2023-08-10 18:38:07,843 [Time-limited test] INFO  ipc.CallQueueManager (CallQueueManager.java:<init>(90)) - Using callQueue: class java.util.concurrent.LinkedBlockingQueue, queueCapacity: 200, scheduler: class org.apache.hadoop.ipc.DefaultRpcScheduler, ipcBackoff: false.
2023-08-10 18:38:07,844 [Time-limited test] INFO  ipc.Server (Server.java:<init>(1287)) - Listener at 0.0.0.0:9961
2023-08-10 18:38:07,844 [Socket Reader #1 for port 9961] INFO  ipc.Server (Server.java:run(1323)) - Starting Socket Reader #1 for port 9961
2023-08-10 18:38:07,846 [Time-limited test] INFO  server.StorageContainerManager (StorageContainerManager.java:<init>(425)) - SCM start with adminUsers: [scm/fv-az194-926.m3vjxkz4xwiufi3h0wurkpa3rg.cx.internal.cloudapp.net@EXAMPLE.COM, scm]
2023-08-10 18:38:07,846 [Time-limited test] INFO  ipc.CallQueueManager (CallQueueManager.java:<init>(90)) - Using callQueue: class java.util.concurrent.LinkedBlockingQueue, queueCapacity: 10000, scheduler: class org.apache.hadoop.ipc.DefaultRpcScheduler, ipcBackoff: false.
2023-08-10 18:38:07,846 [Time-limited test] INFO  ipc.Server (Server.java:<init>(1287)) - Listener at 0.0.0.0:9861
2023-08-10 18:38:07,847 [Socket Reader #1 for port 9861] INFO  ipc.Server (Server.java:run(1323)) - Starting Socket Reader #1 for port 9861
2023-08-10 18:38:07,848 [Time-limited test] INFO  ipc.CallQueueManager (CallQueueManager.java:<init>(90)) - Using callQueue: class java.util.concurrent.LinkedBlockingQueue, queueCapacity: 10000, scheduler: class org.apache.hadoop.ipc.DefaultRpcScheduler, ipcBackoff: false.
2023-08-10 18:38:07,848 [Time-limited test] INFO  ipc.Server (Server.java:<init>(1287)) - Listener at 0.0.0.0:9863
2023-08-10 18:38:07,848 [Socket Reader #1 for port 9863] INFO  ipc.Server (Server.java:run(1323)) - Starting Socket Reader #1 for port 9863
2023-08-10 18:38:07,850 [Time-limited test] INFO  ipc.CallQueueManager (CallQueueManager.java:<init>(90)) - Using callQueue: class java.util.concurrent.LinkedBlockingQueue, queueCapacity: 10000, scheduler: class org.apache.hadoop.ipc.DefaultRpcScheduler, ipcBackoff: false.
2023-08-10 18:38:07,854 [Time-limited test] INFO  ipc.Server (Server.java:<init>(1287)) - Listener at 0.0.0.0:9860
2023-08-10 18:38:07,855 [Socket Reader #1 for port 9860] INFO  ipc.Server (Server.java:run(1323)) - Starting Socket Reader #1 for port 9860
2023-08-10 18:38:07,863 [Time-limited test] INFO  ha.SCMServiceManager (SCMServiceManager.java:register(42)) - Registering service ContainerBalancer.
2023-08-10 18:38:07,863 [Time-limited test] INFO  server.StorageContainerManager (StorageContainerManager.java:<init>(438)) - 
Container Balancer status:
Key                            Value
Running                        false
Container Balancer Configuration values:
Key                                                Value
Threshold                                          10
Max Datanodes to Involve per Iteration(percent)    20
Max Size to Move per Iteration                     500GB
Max Size Entering Target per Iteration             26GB
Max Size Leaving Source per Iteration              26GB

2023-08-10 18:38:07,863 [Time-limited test] INFO  ha.SCMContext (SCMContext.java:updateSafeModeStatus(228)) - Update SafeModeStatus from SafeModeStatus{safeModeStatus=true, preCheckPassed=false} to SafeModeStatus{safeModeStatus=true, preCheckPassed=false}.
2023-08-10 18:38:07,864 [Time-limited test] WARN  server.ServerUtils (ServerUtils.java:getDBPath(311)) - ozone.om.db.dirs is not configured. We recommend adding this setting. Falling back to ozone.metadata.dirs instead.
2023-08-10 18:38:07,869 [Time-limited test] INFO  ha.OMHANodeDetails (OMHANodeDetails.java:loadOMHAConfig(115)) - ozone.om.internal.service.id is not defined, falling back to ozone.om.service.ids to find serviceID for OzoneManager if it is HA enabled cluster
2023-08-10 18:38:07,869 [Time-limited test] INFO  ha.OMHANodeDetails (OMHANodeDetails.java:loadOMHAConfig(226)) - Configuration does not have ozone.om.address set. Falling back to the default OM address fv-az194-926.m3vjxkz4xwiufi3h0wurkpa3rg.cx.internal.cloudapp.net/10.1.0.69:1202
2023-08-10 18:38:07,869 [Time-limited test] INFO  ha.OMHANodeDetails (OMHANodeDetails.java:getOMNodeDetailsForNonHA(254)) - OM Service ID is not set. Setting it to the default ID: omServiceIdDefault
2023-08-10 18:38:07,870 [Time-limited test] INFO  ha.OMHANodeDetails (OMHANodeDetails.java:getOMNodeDetailsForNonHA(261)) - OM Node ID is not set. Setting it to the default ID: om1
2023-08-10 18:38:07,870 [Time-limited test] WARN  server.ServerUtils (ServerUtils.java:getDBPath(311)) - ozone.om.db.dirs is not configured. We recommend adding this setting. Falling back to ozone.metadata.dirs instead.
2023-08-10 18:38:07,871 [Time-limited test] INFO  upgrade.AbstractLayoutVersionManager (AbstractLayoutVersionManager.java:init(83)) - Initializing Layout version manager with metadata layout = QUOTA (version = 6), software layout = QUOTA (version = 6)
2023-08-10 18:38:07,939 [Time-limited test] INFO  reflections.Reflections (Reflections.java:scan(232)) - Reflections took 67 ms to scan 2 urls, producing 188 keys and 512 values [using 2 cores]
2023-08-10 18:38:07,939 [Time-limited test] INFO  upgrade.OMLayoutVersionManager (OMLayoutVersionManager.java:lambda$0(115)) - Skipping Upgrade Action MockOmUpgradeAction since it has been finalized.
2023-08-10 18:38:07,939 [Time-limited test] INFO  upgrade.OMLayoutVersionManager (OMLayoutVersionManager.java:lambda$0(115)) - Skipping Upgrade Action QuotaRepairUpgradeAction since it has been finalized.
2023-08-10 18:38:07,941 [pool-456-thread-2] INFO  request.KdcRequest (KdcRequest.java:preauth(651)) - The preauth data is empty.
2023-08-10 18:38:07,941 [pool-456-thread-2] INFO  server.KdcHandler (KdcHandler.java:handleRecoverableException(177)) - KRB error occurred while processing request:Additional pre-authentication required
2023-08-10 18:38:07,944 [pool-456-thread-2] INFO  request.AsRequest (AsRequest.java:issueTicket(112)) - AS_REQ ISSUE: authtime 1691692687944,om/fv-az194-926.m3vjxkz4xwiufi3h0wurkpa3rg.cx.internal.cloudapp.net@EXAMPLE.COM for krbtgt/EXAMPLE.COM@EXAMPLE.COM
2023-08-10 18:38:07,945 [Time-limited test] INFO  security.UserGroupInformation (UserGroupInformation.java:loginUserFromKeytab(1132)) - Login successful for user om/fv-az194-926.m3vjxkz4xwiufi3h0wurkpa3rg.cx.internal.cloudapp.net@EXAMPLE.COM using keytab file om.keytab. Keytab auto renewal enabled : false
2023-08-10 18:38:07,945 [Time-limited test] INFO  om.OzoneManager (OzoneManager.java:loginOMUser(1161)) - Ozone Manager login successful.
2023-08-10 18:38:07,945 [Time-limited test] WARN  server.ServerUtils (ServerUtils.java:getDBPath(311)) - ozone.om.db.dirs is not configured. We recommend adding this setting. Falling back to ozone.metadata.dirs instead.
2023-08-10 18:38:07,946 [Time-limited test] INFO  proxy.SCMBlockLocationFailoverProxyProvider (SCMBlockLocationFailoverProxyProvider.java:<init>(114)) - Created block location fail-over proxy with 1 nodes: [nodeId=scmNodeId,nodeAddress=/0.0.0.0:9863]
2023-08-10 18:38:07,947 [Time-limited test] INFO  om.OzoneManager (OzoneManager.java:getOmDetailsProto(4555)) - OzoneManager ports added:[name: "RPC"
value: 1202
]
2023-08-10 18:38:07,948 [Time-limited test] INFO  security.OMCertificateClient (DefaultCertificateClient.java:updateCertSerialId(1244)) - Certificate serial ID set to 9879877970576
2023-08-10 18:38:07,948 [Time-limited test] WARN  security.OMCertificateClient (DefaultCertificateClient.java:loadAllCertificates(173)) - Certificates could not be loaded.
java.nio.file.NoSuchFileException: /tmp/junit6878231887374393071/junit7322089686241822234/scm-meta/om/certs
	at sun.nio.fs.UnixException.translateToIOException(UnixException.java:86)
	at sun.nio.fs.UnixException.rethrowAsIOException(UnixException.java:102)
	at sun.nio.fs.UnixException.rethrowAsIOException(UnixException.java:107)
	at sun.nio.fs.UnixFileSystemProvider.newDirectoryStream(UnixFileSystemProvider.java:427)
	at java.nio.file.Files.newDirectoryStream(Files.java:457)
	at java.nio.file.Files.list(Files.java:3451)
	at org.apache.hadoop.hdds.security.x509.certificate.client.DefaultCertificateClient.loadAllCertificates(DefaultCertificateClient.java:168)
	at org.apache.hadoop.hdds.security.x509.certificate.client.DefaultCertificateClient.updateCertSerialId(DefaultCertificateClient.java:1245)
	at org.apache.hadoop.hdds.security.x509.certificate.client.DefaultCertificateClient.<init>(DefaultCertificateClient.java:157)
	at org.apache.hadoop.hdds.security.x509.certificate.client.CommonCertificateClient.<init>(CommonCertificateClient.java:49)
	at org.apache.hadoop.ozone.security.OMCertificateClient.<init>(OMCertificateClient.java:68)
	at org.apache.hadoop.ozone.om.OzoneManager.<init>(OzoneManager.java:640)
	at org.apache.hadoop.ozone.om.OzoneManager.createOm(OzoneManager.java:754)
	at org.apache.hadoop.ozone.TestSecureOzoneCluster.setupOm(TestSecureOzoneCluster.java:701)
	at org.apache.hadoop.ozone.TestSecureOzoneCluster.testSecureOMInitializationFailure(TestSecureOzoneCluster.java:527)
	at sun.reflect.NativeMethodAccessorImpl.invoke0(Native Method)
	at sun.reflect.NativeMethodAccessorImpl.invoke(NativeMethodAccessorImpl.java:62)
	at sun.reflect.DelegatingMethodAccessorImpl.invoke(DelegatingMethodAccessorImpl.java:43)
	at java.lang.reflect.Method.invoke(Method.java:498)
	at org.junit.runners.model.FrameworkMethod$1.runReflectiveCall(FrameworkMethod.java:59)
	at org.junit.internal.runners.model.ReflectiveCallable.run(ReflectiveCallable.java:12)
	at org.junit.runners.model.FrameworkMethod.invokeExplosively(FrameworkMethod.java:56)
	at org.junit.internal.runners.statements.InvokeMethod.evaluate(InvokeMethod.java:17)
	at org.junit.internal.runners.statements.RunBefores.evaluate(RunBefores.java:26)
	at org.junit.internal.runners.statements.RunAfters.evaluate(RunAfters.java:27)
	at org.junit.rules.ExternalResource$1.evaluate(ExternalResource.java:54)
	at org.junit.internal.runners.statements.FailOnTimeout$CallableStatement.call(FailOnTimeout.java:288)
	at org.junit.internal.runners.statements.FailOnTimeout$CallableStatement.call(FailOnTimeout.java:282)
	at java.util.concurrent.FutureTask.run(FutureTask.java:266)
	at java.lang.Thread.run(Thread.java:750)
2023-08-10 18:38:07,950 [Time-limited test] INFO  om.OzoneManager (OzoneManager.java:<init>(662)) - OM start with adminUsers: [scm/fv-az194-926.m3vjxkz4xwiufi3h0wurkpa3rg.cx.internal.cloudapp.net@EXAMPLE.COM, om]
2023-08-10 18:38:07,951 [Time-limited test] WARN  server.ServerUtils (ServerUtils.java:getDBPath(311)) - ozone.om.db.dirs is not configured. We recommend adding this setting. Falling back to ozone.metadata.dirs instead.
2023-08-10 18:38:07,951 [Time-limited test] INFO  helpers.OmKeyInfo (OmKeyInfo.java:getCodec(71)) - OmKeyInfo.getCodec ignorePipeline = true
2023-08-10 18:38:08,096 [Time-limited test] INFO  om.OzoneManager (OzoneManager.java:instantiateServices(791)) - S3 Multi-Tenancy is disabled
2023-08-10 18:38:08,096 [Time-limited test] INFO  security.OzoneSecretStore (OzoneSecretStore.java:loadState(69)) - Loaded 0 tokens
2023-08-10 18:38:08,096 [Time-limited test] INFO  security.OzoneDelegationTokenSecretManager (OzoneDelegationTokenSecretManager.java:loadTokenSecretState(530)) - Loading token state into token manager.
2023-08-10 18:38:08,096 [Time-limited test] INFO  om.OmSnapshotManager (OmSnapshotManager.java:<init>(175)) - Ozone filesystem snapshot feature is enabled.
2023-08-10 18:38:08,096 [Time-limited test] WARN  server.ServerUtils (ServerUtils.java:getDBPath(311)) - ozone.om.snapshot.diff.db.dir is not configured. We recommend adding this setting. Falling back to ozone.metadata.dirs instead.
2023-08-10 18:38:08,111 [Time-limited test] INFO  snapshot.SnapshotDiffManager (SnapshotDiffManager.java:closeExecutorService(1720)) - Shutting down executorService: 'SstDumpToolExecutor'
2023-08-10 18:38:08,121 [Time-limited test] INFO  om.OzoneManager (OzoneManager.java:addS3GVolumeToDB(4287)) - Created Volume s3v With Owner om required for S3Gateway operations.
2023-08-10 18:38:08,121 [Time-limited test] WARN  server.ServerUtils (ServerUtils.java:getDefaultRatisDirectory(323)) - Storage directory for Ratis is not configured. It is a good idea to map this to an SSD disk. Falling back to ozone.metadata.dirs
2023-08-10 18:38:08,122 [Time-limited test] WARN  utils.OzoneManagerRatisUtils (OzoneManagerRatisUtils.java:getOMRatisSnapshotDirectory(461)) - ozone.om.ratis.snapshot.dir is not configured. Falling back to ozone.metadata.dirs config
2023-08-10 18:38:08,122 [Time-limited test] WARN  server.ServerUtils (ServerUtils.java:getDefaultRatisDirectory(323)) - Storage directory for Ratis is not configured. It is a good idea to map this to an SSD disk. Falling back to ozone.metadata.dirs
2023-08-10 18:38:08,123 [Time-limited test] INFO  ratis.OzoneManagerRatisServer (OzoneManagerRatisServer.java:<init>(163)) - Instantiating OM Ratis server with groupID: omServiceIdDefault and peers: fv-az194-926.m3vjxkz4xwiufi3h0wurkpa3rg.cx.internal.cloudapp.net:9872
2023-08-10 18:38:08,124 [Time-limited test] INFO  ratis.OzoneManagerStateMachine (OzoneManagerStateMachine.java:loadSnapshotInfoFromDB(687)) - LastAppliedIndex is set from TransactionInfo from OM DB as (t:0, i:~)
2023-08-10 18:38:08,125 [Time-limited test] INFO  server.RaftServer (ConfUtils.java:logGet(46)) - raft.rpc.type = GRPC (default)
2023-08-10 18:38:08,125 [Time-limited test] INFO  grpc.GrpcConfigKeys (ConfUtils.java:logFallback(53)) - raft.grpc.admin.host = null (fallback to raft.grpc.server.host)
2023-08-10 18:38:08,125 [Time-limited test] INFO  grpc.GrpcConfigKeys (ConfUtils.java:logFallback(53)) - raft.grpc.admin.port = 9872 (fallback to raft.grpc.server.port)
2023-08-10 18:38:08,125 [Time-limited test] INFO  grpc.GrpcConfigKeys (ConfUtils.java:logFallback(53)) - raft.grpc.client.host = null (fallback to raft.grpc.server.host)
2023-08-10 18:38:08,125 [Time-limited test] INFO  grpc.GrpcConfigKeys (ConfUtils.java:logFallback(53)) - raft.grpc.client.port = 9872 (fallback to raft.grpc.server.port)
2023-08-10 18:38:08,125 [Time-limited test] INFO  grpc.GrpcConfigKeys (ConfUtils.java:logGet(46)) - raft.grpc.server.host = null (default)
2023-08-10 18:38:08,125 [Time-limited test] INFO  grpc.GrpcConfigKeys (ConfUtils.java:logGet(46)) - raft.grpc.server.port = 9872 (custom)
2023-08-10 18:38:08,125 [Time-limited test] INFO  server.GrpcService (ConfUtils.java:logGet(46)) - raft.grpc.message.size.max = 33554432 (custom)
2023-08-10 18:38:08,125 [Time-limited test] INFO  server.RaftServerConfigKeys (ConfUtils.java:logGet(46)) - raft.server.log.appender.buffer.byte-limit = 33554432 (custom)
2023-08-10 18:38:08,126 [Time-limited test] INFO  server.GrpcService (ConfUtils.java:logGet(46)) - raft.grpc.flow.control.window = 1MB (=1048576) (default)
2023-08-10 18:38:08,126 [Time-limited test] INFO  server.RaftServerConfigKeys (ConfUtils.java:logGet(46)) - raft.server.rpc.request.timeout = 3000ms (default)
2023-08-10 18:38:08,126 [Time-limited test] INFO  grpc.GrpcConfigKeys (ConfUtils.java:logGet(46)) - raft.grpc.server.heartbeat.channel = true (default)
2023-08-10 18:38:08,126 [Time-limited test] INFO  grpc.GrpcConfigKeys (ConfUtils.java:logGet(46)) - raft.grpc.server.async.request.thread.pool.cached = true (default)
2023-08-10 18:38:08,126 [Time-limited test] INFO  grpc.GrpcConfigKeys (ConfUtils.java:logGet(46)) - raft.grpc.server.async.request.thread.pool.size = 32 (default)
2023-08-10 18:38:08,131 [Time-limited test] INFO  impl.DataStreamServerImpl (ConfUtils.java:logGet(46)) - raft.datastream.type = DISABLED (default)
2023-08-10 18:38:08,131 [Time-limited test] INFO  server.RaftServerConfigKeys (ConfUtils.java:logGet(46)) - raft.server.threadpool.proxy.cached = true (default)
2023-08-10 18:38:08,131 [Time-limited test] INFO  server.RaftServerConfigKeys (ConfUtils.java:logGet(46)) - raft.server.threadpool.proxy.size = 0 (default)
2023-08-10 18:38:08,131 [Time-limited test] INFO  server.RaftServerConfigKeys (ConfUtils.java:logGet(46)) - raft.server.rpc.slowness.timeout = 120s (custom)
2023-08-10 18:38:08,131 [Time-limited test] INFO  server.RaftServerConfigKeys (ConfUtils.java:logGet(46)) - raft.server.leaderelection.leader.step-down.wait-time = 10s (default)
2023-08-10 18:38:08,131 [Time-limited test] INFO  server.RaftServerConfigKeys (ConfUtils.java:logGet(46)) - raft.server.storage.dir = [/tmp/junit6878231887374393071/junit7322089686241822234/scm-meta/ratis] (custom)
2023-08-10 18:38:08,133 [Time-limited test] INFO  server.RaftServer (RaftServerProxy.java:addNew(98)) - om1: addNew group-C5BA1605619E:[om1|rpc:fv-az194-926.m3vjxkz4xwiufi3h0wurkpa3rg.cx.internal.cloudapp.net:9872|priority:0|startupRole:FOLLOWER] returns group-C5BA1605619E:java.util.concurrent.CompletableFuture@2574da6[Not completed]
2023-08-10 18:38:08,133 [Time-limited test] INFO  om.OzoneManager (OzoneManager.java:initializeRatisServer(2128)) - OzoneManager Ratis server initialized at port 9872
RaftServerImpl.java:<init>(198)) - om1: new RaftServerImpl for group-C5BA1605619E:[om1|rpc:fv-az194-926.m3vjxkz4xwiufi3h0wurkpa3rg.cx.internal.cloudapp.net:9872|priority:0|startupRole:FOLLOWER] with OzoneManagerStateMachine:uninitialized
2023-08-10 18:38:08,133 [Time-limited test] INFO  om.OzoneManager (OzoneManager.java:initializeRatisServer(2128)) - OzoneManager Ratis server initialized at port 9872
2023-08-10 18:38:08,133 [Time-limited test] INFO  om.OzoneManager (ConfUtils.java:logGet(46)) - raft.server.rpc.timeout.min = 5s (custom)
2023-08-10 18:38:08,133 [Time-limited test] INFO  om.OzoneManager (OzoneManager.java:getRpcServer(1193)) - Creating RPC Server
2023-08-10 18:38:08,133 [om1-groupManagement] INFO  server.RaftServerConfigKeys (ConfUtils.java:logGet(46)) - raft.server.rpc.timeout.max = 5200ms (custom)
2023-08-10 18:38:08,133 [om1-groupManagement] INFO  server.RaftServerConfigKeys (ConfUtils.java:logGet(46)) - raft.server.rpc.sleep.time = 25ms (default)
2023-08-10 18:38:08,133 [om1-groupManagement] INFO  server.RaftServerConfigKeys (ConfUtils.java:logGet(46)) - raft.server.rpc.slowness.timeout = 120s (custom)
2023-08-10 18:38:08,133 [om1-groupManagement] INFO  server.RaftServerConfigKeys (ConfUtils.java:logGet(46)) - raft.server.leaderelection.leader.step-down.wait-time = 10s (default)
2023-08-10 18:38:08,133 [om1-groupManagement] INFO  server.RaftServerConfigKeys (ConfUtils.java:logGet(46)) - raft.server.sleep.deviation.threshold = 300ms (default)
2023-08-10 18:38:08,133 [om1-groupManagement] INFO  server.RaftServer$Division (ServerState.java:<init>(120)) - om1@group-C5BA1605619E: ConfigurationManager, init=-1: peers:[om1|rpc:fv-az194-926.m3vjxkz4xwiufi3h0wurkpa3rg.cx.internal.cloudapp.net:9872|priority:0|startupRole:FOLLOWER]|listeners:[], old=null, confs=<EMPTY_MAP>
2023-08-10 18:38:08,133 [om1-groupManagement] INFO  server.RaftServerConfigKeys (ConfUtils.java:logGet(46)) - raft.server.storage.dir = [/tmp/junit6878231887374393071/junit7322089686241822234/scm-meta/ratis] (custom)
2023-08-10 18:38:08,134 [om1-groupManagement] INFO  server.RaftServerConfigKeys (ConfUtils.java:logGet(46)) - raft.server.log.corruption.policy = EXCEPTION (default)
2023-08-10 18:38:08,134 [om1-groupManagement] INFO  server.RaftServerConfigKeys (ConfUtils.java:logGet(46)) - raft.server.storage.free-space.min = 0MB (=0) (default)
2023-08-10 18:38:08,134 [om1-groupManagement] INFO  server.RaftServerConfigKeys (ConfUtils.java:logGet(46)) - raft.server.notification.no-leader.timeout = 120s (custom)
2023-08-10 18:38:08,138 [om1-groupManagement] INFO  server.RaftServerConfigKeys (ConfUtils.java:logGet(46)) - raft.server.read.timeout = 10s (default)
2023-08-10 18:38:08,138 [om1-groupManagement] INFO  server.RaftServerConfigKeys (ConfUtils.java:logGet(46)) - raft.server.retrycache.expirytime = 300s (custom)
2023-08-10 18:38:08,138 [om1-groupManagement] INFO  server.RaftServerConfigKeys (ConfUtils.java:logGet(46)) - raft.server.retrycache.statistics.expirytime = 100μs (default)
2023-08-10 18:38:08,138 [om1-groupManagement] INFO  server.RaftServerConfigKeys (ConfUtils.java:logGet(46)) - raft.server.read.option = DEFAULT (default)
2023-08-10 18:38:08,140 [om1-groupManagement] INFO  server.RaftServerConfigKeys (ConfUtils.java:logGet(46)) - raft.server.rpc.request.timeout = 3000ms (default)
2023-08-10 18:38:08,140 [om1-groupManagement] INFO  server.RaftServerConfigKeys (ConfUtils.java:logGet(46)) - raft.server.log.appender.install.snapshot.enabled = false (custom)
2023-08-10 18:38:08,140 [om1-groupManagement] INFO  server.RaftServerConfigKeys (ConfUtils.java:logGet(46)) - raft.server.threadpool.server.cached = true (default)
2023-08-10 18:38:08,140 [om1-groupManagement] INFO  server.RaftServerConfigKeys (ConfUtils.java:logGet(46)) - raft.server.threadpool.server.size = 0 (default)
2023-08-10 18:38:08,141 [om1-groupManagement] INFO  server.RaftServerConfigKeys (ConfUtils.java:logGet(46)) - raft.server.threadpool.client.cached = true (default)
2023-08-10 18:38:08,141 [om1-groupManagement] INFO  server.RaftServerConfigKeys (ConfUtils.java:logGet(46)) - raft.server.threadpool.client.size = 0 (default)
2023-08-10 18:38:08,453 [Time-limited test] INFO  reflections.Reflections (Reflections.java:scan(232)) - Reflections took 318 ms to scan 19 urls, producing 70 keys and 5612 values [using 2 cores]
2023-08-10 18:38:08,455 [Time-limited test] INFO  ipc.CallQueueManager (CallQueueManager.java:<init>(90)) - Using callQueue: class java.util.concurrent.LinkedBlockingQueue, queueCapacity: 10000, scheduler: class org.apache.hadoop.ipc.DefaultRpcScheduler, ipcBackoff: false.
2023-08-10 18:38:08,455 [Time-limited test] INFO  ipc.Server (Server.java:<init>(1287)) - Listener at fv-az194-926.m3vjxkz4xwiufi3h0wurkpa3rg.cx.internal.cloudapp.net:1202
2023-08-10 18:38:08,456 [Socket Reader #1 for port 1202] INFO  ipc.Server (Server.java:run(1323)) - Starting Socket Reader #1 for port 1202
2023-08-10 18:38:08,473 [Time-limited test] INFO  ha.OMHANodeDetails (OMHANodeDetails.java:loadOMHAConfig(115)) - ozone.om.internal.service.id is not defined, falling back to ozone.om.service.ids to find serviceID for OzoneManager if it is HA enabled cluster
2023-08-10 18:38:08,473 [Time-limited test] INFO  ha.OMHANodeDetails (OMHANodeDetails.java:loadOMHAConfig(226)) - Configuration does not have ozone.om.address set. Falling back to the default OM address fv-az194-926.m3vjxkz4xwiufi3h0wurkpa3rg.cx.internal.cloudapp.net/10.1.0.69:1202
2023-08-10 18:38:08,473 [Time-limited test] INFO  ha.OMHANodeDetails (OMHANodeDetails.java:getOMNodeDetailsForNonHA(254)) - OM Service ID is not set. Setting it to the default ID: omServiceIdDefault
2023-08-10 18:38:08,473 [Time-limited test] INFO  ha.OMHANodeDetails (OMHANodeDetails.java:getOMNodeDetailsForNonHA(261)) - OM Node ID is not set. Setting it to the default ID: om1
2023-08-10 18:38:08,474 [Time-limited test] WARN  server.ServerUtils (ServerUtils.java:getDBPath(311)) - ozone.om.db.dirs is not configured. We recommend adding this setting. Falling back to ozone.metadata.dirs instead.
2023-08-10 18:38:08,475 [Time-limited test] INFO  upgrade.AbstractLayoutVersionManager (AbstractLayoutVersionManager.java:init(83)) - Initializing Layout version manager with metadata layout = QUOTA (version = 6), software layout = QUOTA (version = 6)
2023-08-10 18:38:08,540 [Time-limited test] INFO  reflections.Reflections (Reflections.java:scan(232)) - Reflections took 64 ms to scan 2 urls, producing 188 keys and 512 values [using 2 cores]
2023-08-10 18:38:08,541 [Time-limited test] INFO  upgrade.OMLayoutVersionManager (OMLayoutVersionManager.java:lambda$0(115)) - Skipping Upgrade Action MockOmUpgradeAction since it has been finalized.
2023-08-10 18:38:08,541 [Time-limited test] INFO  upgrade.OMLayoutVersionManager (OMLayoutVersionManager.java:lambda$0(115)) - Skipping Upgrade Action QuotaRepairUpgradeAction since it has been finalized.
2023-08-10 18:38:08,542 [Time-limited test] INFO  ha.OMHANodeDetails (OMHANodeDetails.java:loadOMHAConfig(115)) - ozone.om.internal.service.id is not defined, falling back to ozone.om.service.ids to find serviceID for OzoneManager if it is HA enabled cluster
2023-08-10 18:38:08,542 [Time-limited test] INFO  ha.OMHANodeDetails (OMHANodeDetails.java:loadOMHAConfig(226)) - Configuration does not have ozone.om.address set. Falling back to the default OM address fv-az194-926.m3vjxkz4xwiufi3h0wurkpa3rg.cx.internal.cloudapp.net/10.1.0.69:1202
2023-08-10 18:38:08,542 [Time-limited test] INFO  ha.OMHANodeDetails (OMHANodeDetails.java:getOMNodeDetailsForNonHA(254)) - OM Service ID is not set. Setting it to the default ID: omServiceIdDefault
2023-08-10 18:38:08,542 [Time-limited test] INFO  ha.OMHANodeDetails (OMHANodeDetails.java:getOMNodeDetailsForNonHA(261)) - OM Node ID is not set. Setting it to the default ID: om1
2023-08-10 18:38:08,543 [Time-limited test] WARN  server.ServerUtils (ServerUtils.java:getDBPath(311)) - ozone.om.db.dirs is not configured. We recommend adding this setting. Falling back to ozone.metadata.dirs instead.
2023-08-10 18:38:08,543 [Time-limited test] INFO  upgrade.AbstractLayoutVersionManager (AbstractLayoutVersionManager.java:init(83)) - Initializing Layout version manager with metadata layout = QUOTA (version = 6), software layout = QUOTA (version = 6)
2023-08-10 18:38:08,607 [Time-limited test] INFO  reflections.Reflections (Reflections.java:scan(232)) - Reflections took 63 ms to scan 2 urls, producing 188 keys and 512 values [using 2 cores]
2023-08-10 18:38:08,608 [Time-limited test] INFO  upgrade.OMLayoutVersionManager (OMLayoutVersionManager.java:lambda$0(115)) - Skipping Upgrade Action MockOmUpgradeAction since it has been finalized.
2023-08-10 18:38:08,608 [Time-limited test] INFO  upgrade.OMLayoutVersionManager (OMLayoutVersionManager.java:lambda$0(115)) - Skipping Upgrade Action QuotaRepairUpgradeAction since it has been finalized.
2023-08-10 18:38:08,609 [Time-limited test] INFO  ha.OMHANodeDetails (OMHANodeDetails.java:loadOMHAConfig(115)) - ozone.om.internal.service.id is not defined, falling back to ozone.om.service.ids to find serviceID for OzoneManager if it is HA enabled cluster
2023-08-10 18:38:08,609 [Time-limited test] INFO  ha.OMHANodeDetails (OMHANodeDetails.java:loadOMHAConfig(226)) - Configuration does not have ozone.om.address set. Falling back to the default OM address fv-az194-926.m3vjxkz4xwiufi3h0wurkpa3rg.cx.internal.cloudapp.net/10.1.0.69:1202
2023-08-10 18:38:08,609 [Time-limited test] INFO  ha.OMHANodeDetails (OMHANodeDetails.java:getOMNodeDetailsForNonHA(254)) - OM Service ID is not set. Setting it to the default ID: omServiceIdDefault
2023-08-10 18:38:08,609 [Time-limited test] INFO  ha.OMHANodeDetails (OMHANodeDetails.java:getOMNodeDetailsForNonHA(261)) - OM Node ID is not set. Setting it to the default ID: om1
2023-08-10 18:38:08,609 [Time-limited test] WARN  server.ServerUtils (ServerUtils.java:getDBPath(311)) - ozone.om.db.dirs is not configured. We recommend adding this setting. Falling back to ozone.metadata.dirs instead.
2023-08-10 18:38:08,614 [Time-limited test] INFO  upgrade.AbstractLayoutVersionManager (AbstractLayoutVersionManager.java:init(83)) - Initializing Layout version manager with metadata layout = QUOTA (version = 6), software layout = QUOTA (version = 6)
2023-08-10 18:38:08,678 [Time-limited test] INFO  reflections.Reflections (Reflections.java:scan(232)) - Reflections took 63 ms to scan 2 urls, producing 188 keys and 512 values [using 2 cores]
2023-08-10 18:38:08,678 [Time-limited test] INFO  upgrade.OMLayoutVersionManager (OMLayoutVersionManager.java:lambda$0(115)) - Skipping Upgrade Action MockOmUpgradeAction since it has been finalized.
2023-08-10 18:38:08,678 [Time-limited test] INFO  upgrade.OMLayoutVersionManager (OMLayoutVersionManager.java:lambda$0(115)) - Skipping Upgrade Action QuotaRepairUpgradeAction since it has been finalized.
2023-08-10 18:38:08,681 [Time-limited test] INFO  impl.DefaultInternalKdcServerImpl (DefaultInternalKdcServerImpl.java:doStop(102)) - Default Internal kdc server stopped.
2023-08-10 18:38:09,681 [Time-limited test] INFO  minikdc.MiniKdc (MiniKdc.java:stop(359)) - MiniKdc stopped.
2023-08-10 18:38:09,682 [Time-limited test] INFO  server.StorageContainerManager (StorageContainerManager.java:stop(1591)) - Container Balancer is not running.
2023-08-10 18:38:09,682 [Time-limited test] INFO  server.StorageContainerManager (StorageContainerManager.java:stopReplicationManager(1724)) - Stopping Replication Manager Service.
2023-08-10 18:38:09,682 [Time-limited test] INFO  replication.ReplicationManager (ReplicationManager.java:stop(319)) - Stopping Replication Monitor Thread.
2023-08-10 18:38:09,682 [Under Replicated Processor] WARN  replication.UnhealthyReplicationProcessor (UnhealthyReplicationProcessor.java:run(180)) - Under Replicated Processor interrupted. Exiting...
2023-08-10 18:38:09,682 [Over Replicated Processor] WARN  replication.UnhealthyReplicationProcessor (UnhealthyReplicationProcessor.java:run(180)) - Over Replicated Processor interrupted. Exiting...
2023-08-10 18:38:09,682 [ReplicationMonitor] INFO  replication.ReplicationManager (ReplicationManager.java:run(917)) - Replication Monitor Thread is stopped
2023-08-10 18:38:09,682 [Time-limited test] INFO  server.StorageContainerManager (StorageContainerManager.java:stop(1600)) - Stopping the Datanode Admin Monitor.
2023-08-10 18:38:09,682 [Time-limited test] INFO  server.StorageContainerManager (StorageContainerManager.java:stop(1607)) - Stopping datanode service RPC server
2023-08-10 18:38:09,682 [Time-limited test] INFO  server.SCMDatanodeProtocolServer (SCMDatanodeProtocolServer.java:stop(424)) - Stopping the RPC server for DataNodes
2023-08-10 18:38:09,682 [Time-limited test] INFO  ipc.Server (Server.java:stop(3523)) - Stopping server on 9861
2023-08-10 18:38:10,832 [SCM Heartbeat Processing Thread - 0] WARN  node.NodeStateManager (NodeStateManager.java:scheduleNextHealthCheck(874)) - Current Thread is interrupted, shutting down HB processing thread for Node Manager.
2023-08-10 18:38:10,832 [Time-limited test] INFO  server.StorageContainerManager (StorageContainerManager.java:stop(1615)) - Stopping block service RPC server
2023-08-10 18:38:10,832 [Time-limited test] INFO  server.SCMBlockProtocolServer (SCMBlockProtocolServer.java:stop(161)) - Stopping the RPC server for Block Protocol
2023-08-10 18:38:10,832 [Time-limited test] INFO  ipc.Server (Server.java:stop(3523)) - Stopping server on 9863
2023-08-10 18:38:10,833 [Time-limited test] INFO  server.StorageContainerManager (StorageContainerManager.java:stop(1622)) - Stopping the StorageContainerLocationProtocol RPC server
2023-08-10 18:38:10,833 [Time-limited test] INFO  server.SCMClientProtocolServer (SCMClientProtocolServer.java:stop(210)) - Stopping the RPC server for Client Protocol
2023-08-10 18:38:10,833 [Time-limited test] INFO  ipc.Server (Server.java:stop(3523)) - Stopping server on 9860
2023-08-10 18:38:10,833 [Time-limited test] INFO  server.StorageContainerManager (StorageContainerManager.java:stop(1629)) - Stopping Storage Container Manager HTTP server.
2023-08-10 18:38:10,833 [Time-limited test] INFO  server.StorageContainerManager (StorageContainerManager.java:stop(1637)) - Stopping SCM LayoutVersionManager Service.
2023-08-10 18:38:10,833 [Time-limited test] INFO  server.SCMSecurityProtocolServer (SCMSecurityProtocolServer.java:stop(550)) - Stopping the SCMSecurityProtocolServer.
2023-08-10 18:38:10,833 [Time-limited test] INFO  ipc.Server (Server.java:stop(3523)) - Stopping server on 9961
2023-08-10 18:38:10,833 [Time-limited test] INFO  server.SCMUpdateServiceGrpcServer (SCMUpdateServiceGrpcServer.java:stop(73)) - SCMUpdateService stopping
2023-08-10 18:38:10,833 [Time-limited test] INFO  server.StorageContainerManager (StorageContainerManager.java:stop(1649)) - Stopping Block Manager Service.
2023-08-10 18:38:10,833 [Time-limited test] INFO  utils.BackgroundService (BackgroundService.java:shutdown(141)) - Shutting down service SCMBlockDeletingService
2023-08-10 18:38:10,833 [Time-limited test] INFO  utils.BackgroundService (BackgroundService.java:shutdown(141)) - Shutting down service SCMBlockDeletingService
2023-08-10 18:38:10,833 [Time-limited test] INFO  server.StorageContainerManager (StorageContainerManager.java:stop(1669)) - Stopping SCM Event Queue.
2023-08-10 18:38:10,833 [Time-limited test] INFO  server.StorageContainerManager (StorageContainerManager.java:stop(1680)) - Stopping SCM HA services.
2023-08-10 18:38:10,834 [Time-limited test] INFO  pipeline.BackgroundPipelineCreator (BackgroundPipelineCreator.java:stop(149)) - Stopping RatisPipelineUtilsThread.
2023-08-10 18:38:10,834 [RatisPipelineUtilsThread - 0] WARN  pipeline.BackgroundPipelineCreator (BackgroundPipelineCreator.java:run(180)) - RatisPipelineUtilsThread is interrupted.
2023-08-10 18:38:10,834 [Time-limited test] INFO  BackgroundPipelineScrubber (BackgroundSCMService.java:stop(131)) - Stopping BackgroundPipelineScrubber Service.
2023-08-10 18:38:10,834 [Time-limited test] WARN  pipeline.BackgroundPipelineCreator (BackgroundPipelineCreator.java:stop(145)) - RatisPipelineUtilsThread is not running, just ignore.
2023-08-10 18:38:10,834 [Time-limited test] INFO  BackgroundPipelineScrubber (BackgroundSCMService.java:stop(126)) - BackgroundPipelineScrubber Service is not running, skip stop.
2023-08-10 18:38:10,834 [Time-limited test] INFO  ExpiredContainerReplicaOpScrubber (BackgroundSCMService.java:stop(131)) - Stopping ExpiredContainerReplicaOpScrubber Service.
2023-08-10 18:38:10,834 [Time-limited test] INFO  utils.BackgroundService (BackgroundService.java:shutdown(141)) - Shutting down service SCMBlockDeletingService
2023-08-10 18:38:10,834 [Time-limited test] INFO  replication.ReplicationManager (ReplicationManager.java:stop(329)) - Replication Monitor Thread is not running.
2023-08-10 18:38:10,834 [Time-limited test] WARN  balancer.ContainerBalancer (ContainerBalancer.java:stop(326)) - Cannot stop Container Balancer because it's not running or stopping
2023-08-10 18:38:10,834 [Time-limited test] INFO  server.StorageContainerManager (StorageContainerManager.java:stop(1715)) - Stopping SCM MetadataStore.
2023-08-10 18:38:10,835 [Time-limited test] INFO  server.SCMSecurityProtocolServer (SCMSecurityProtocolServer.java:join(560)) - Join RPC server for SCMSecurityProtocolServer.
2023-08-10 18:38:10,835 [Time-limited test] INFO  server.SCMSecurityProtocolServer (SCMSecurityProtocolServer.java:join(562)) - Join gRPC server for SCMSecurityProtocolServer.
2023-08-10 18:38:10,835 [Time-limited test] INFO  om.OzoneManager (OzoneManager.java:stop(2187)) - om1[fv-az194-926.m3vjxkz4xwiufi3h0wurkpa3rg.cx.internal.cloudapp.net:1202]: Stopping Ozone Manager
2023-08-10 18:38:10,835 [Time-limited test] INFO  ipc.Server (Server.java:stop(3523)) - Stopping server on 1202
2023-08-10 18:38:10,835 [BackgroundPipelineScrubberThread] WARN  BackgroundPipelineScrubber (BackgroundSCMService.java:run(115)) - BackgroundPipelineScrubber is interrupted, exit
2023-08-10 18:38:10,835 [ExpiredContainerReplicaOpScrubberThread] WARN  ExpiredContainerReplicaOpScrubber (BackgroundSCMService.java:run(115)) - ExpiredContainerReplicaOpScrubber is interrupted, exit
2023-08-10 18:38:10,837 [Time-limited test] INFO  ratis.OzoneManagerStateMachine (OzoneManagerStateMachine.java:close(534)) - StateMachine has shutdown. Shutdown OzoneManager if not already shutdown.
2023-08-10 18:38:10,837 [Time-limited test] INFO  ratis.OzoneManagerDoubleBuffer (OzoneManagerDoubleBuffer.java:stopDaemon(551)) - Stopping OMDoubleBuffer flush thread
2023-08-10 18:38:10,838 [OMDoubleBufferFlushThread] INFO  ratis.OzoneManagerDoubleBuffer (OzoneManagerDoubleBuffer.java:canFlush(638)) - OMDoubleBuffer flush thread OMDoubleBufferFlushThread is interrupted and will exit.
2023-08-10 18:38:10,838 [Time-limited test] INFO  om.OzoneManager (OzoneManager.java:stopSecretManager(1063)) - Stopping secret key client.
2023-08-10 18:38:10,838 [Time-limited test] INFO  om.OzoneManager (OzoneManager.java:stopSecretManager(1068)) - Stopping OM delegation token secret manager.
2023-08-10 18:38:10,838 [Time-limited test] INFO  rocksdiff.RocksDBCheckpointDiffer (RocksDBCheckpointDiffer.java:close(340)) - Shutting down CompactionDagPruningService.
2023-08-10 18:38:10,839 [Time-limited test] INFO  snapshot.SnapshotDiffManager (SnapshotDiffManager.java:closeExecutorService(1720)) - Shutting down executorService: 'SnapDiffExecutor'
2023-08-10 18:38:10,839 [Time-limited test] INFO  snapshot.SnapshotDiffManager (SnapshotDiffManager.java:closeExecutorService(1720)) - Shutting down executorService: 'SstDumpToolExecutor'
2023-08-10 18:38:10,839 [Time-limited test] INFO  utils.BackgroundService (BackgroundService.java:shutdown(141)) - Shutting down service SnapshotDiffCleanupService
]]></system-out>
  </testcase>
  <testcase name="testDelegationTokenRenewal" classname="org.apache.hadoop.ozone.TestSecureOzoneCluster" time="11.125">
    <system-out><![CDATA[2023-08-10 18:38:10,858 [Time-limited test] INFO  net.ServerSocketUtil (ServerSocketUtil.java:getPort(55)) - Using port 9860
2023-08-10 18:38:10,858 [Time-limited test] INFO  net.ServerSocketUtil (ServerSocketUtil.java:getPort(55)) - Using port 9861
2023-08-10 18:38:10,858 [Time-limited test] INFO  net.ServerSocketUtil (ServerSocketUtil.java:getPort(55)) - Using port 9863
2023-08-10 18:38:10,858 [Time-limited test] INFO  net.ServerSocketUtil (ServerSocketUtil.java:getPort(55)) - Using port 9961
2023-08-10 18:38:10,858 [Time-limited test] INFO  net.ServerSocketUtil (ServerSocketUtil.java:getPort(55)) - Using port 1200
2023-08-10 18:38:10,858 [Time-limited test] INFO  net.ServerSocketUtil (ServerSocketUtil.java:getPort(55)) - Using port 1201
2023-08-10 18:38:10,858 [Time-limited test] INFO  minikdc.MiniKdc (MiniKdc.java:<init>(225)) - Configuration:
2023-08-10 18:38:10,858 [Time-limited test] INFO  minikdc.MiniKdc (MiniKdc.java:<init>(226)) - ---------------------------------------------------------------
2023-08-10 18:38:10,858 [Time-limited test] INFO  minikdc.MiniKdc (MiniKdc.java:<init>(228)) -   debug: false
2023-08-10 18:38:10,858 [Time-limited test] INFO  minikdc.MiniKdc (MiniKdc.java:<init>(228)) -   transport: TCP
2023-08-10 18:38:10,858 [Time-limited test] INFO  minikdc.MiniKdc (MiniKdc.java:<init>(228)) -   max.ticket.lifetime: 86400000
2023-08-10 18:38:10,859 [Time-limited test] INFO  minikdc.MiniKdc (MiniKdc.java:<init>(228)) -   org.name: EXAMPLE
2023-08-10 18:38:10,859 [Time-limited test] INFO  minikdc.MiniKdc (MiniKdc.java:<init>(228)) -   kdc.port: 0
2023-08-10 18:38:10,859 [Time-limited test] INFO  minikdc.MiniKdc (MiniKdc.java:<init>(228)) -   org.domain: COM
2023-08-10 18:38:10,859 [Time-limited test] INFO  minikdc.MiniKdc (MiniKdc.java:<init>(228)) -   max.renewable.lifetime: 604800000
2023-08-10 18:38:10,859 [Time-limited test] INFO  minikdc.MiniKdc (MiniKdc.java:<init>(228)) -   instance: DefaultKrbServer
2023-08-10 18:38:10,859 [Time-limited test] INFO  minikdc.MiniKdc (MiniKdc.java:<init>(228)) -   kdc.bind.address: localhost
2023-08-10 18:38:10,859 [Time-limited test] INFO  minikdc.MiniKdc (MiniKdc.java:<init>(230)) - ---------------------------------------------------------------
2023-08-10 18:38:10,860 [Time-limited test] INFO  minikdc.MiniKdc (MiniKdc.java:start(285)) - MiniKdc started.
2023-08-10 18:38:11,063 [Time-limited test] INFO  om.OzoneManager (OzoneManager.java:getOmDetailsProto(4555)) - OzoneManager ports added:[name: "RPC"
value: 1202
]
2023-08-10 18:38:11,064 [Time-limited test] WARN  server.ServerUtils (ServerUtils.java:getDBPath(311)) - ozone.om.db.dirs is not configured. We recommend adding this setting. Falling back to ozone.metadata.dirs instead.
2023-08-10 18:38:11,065 [Time-limited test] INFO  ha.OMHANodeDetails (OMHANodeDetails.java:loadOMHAConfig(115)) - ozone.om.internal.service.id is not defined, falling back to ozone.om.service.ids to find serviceID for OzoneManager if it is HA enabled cluster
2023-08-10 18:38:11,066 [Time-limited test] INFO  ha.OMHANodeDetails (OMHANodeDetails.java:loadOMHAConfig(226)) - Configuration does not have ozone.om.address set. Falling back to the default OM address fv-az194-926.m3vjxkz4xwiufi3h0wurkpa3rg.cx.internal.cloudapp.net/10.1.0.69:1202
2023-08-10 18:38:11,066 [Time-limited test] INFO  ha.OMHANodeDetails (OMHANodeDetails.java:getOMNodeDetailsForNonHA(254)) - OM Service ID is not set. Setting it to the default ID: omServiceIdDefault
2023-08-10 18:38:11,066 [Time-limited test] INFO  ha.OMHANodeDetails (OMHANodeDetails.java:getOMNodeDetailsForNonHA(261)) - OM Node ID is not set. Setting it to the default ID: om1
2023-08-10 18:38:11,066 [Time-limited test] WARN  server.ServerUtils (ServerUtils.java:getDBPath(311)) - ozone.om.db.dirs is not configured. We recommend adding this setting. Falling back to ozone.metadata.dirs instead.
2023-08-10 18:38:11,067 [Time-limited test] INFO  upgrade.AbstractLayoutVersionManager (AbstractLayoutVersionManager.java:init(83)) - Initializing Layout version manager with metadata layout = QUOTA (version = 6), software layout = QUOTA (version = 6)
2023-08-10 18:38:11,227 [Time-limited test] INFO  reflections.Reflections (Reflections.java:scan(232)) - Reflections took 159 ms to scan 2 urls, producing 188 keys and 512 values [using 2 cores]
2023-08-10 18:38:11,228 [Time-limited test] INFO  upgrade.OMLayoutVersionManager (OMLayoutVersionManager.java:lambda$0(115)) - Skipping Upgrade Action MockOmUpgradeAction since it has been finalized.
2023-08-10 18:38:11,228 [Time-limited test] INFO  upgrade.OMLayoutVersionManager (OMLayoutVersionManager.java:lambda$0(115)) - Skipping Upgrade Action QuotaRepairUpgradeAction since it has been finalized.
2023-08-10 18:38:11,231 [pool-519-thread-1] INFO  request.KdcRequest (KdcRequest.java:preauth(651)) - The preauth data is empty.
2023-08-10 18:38:11,231 [pool-519-thread-1] INFO  server.KdcHandler (KdcHandler.java:handleRecoverableException(177)) - KRB error occurred while processing request:Additional pre-authentication required
2023-08-10 18:38:11,238 [pool-519-thread-2] INFO  request.AsRequest (AsRequest.java:issueTicket(112)) - AS_REQ ISSUE: authtime 1691692691236,om/fv-az194-926.m3vjxkz4xwiufi3h0wurkpa3rg.cx.internal.cloudapp.net@EXAMPLE.COM for krbtgt/EXAMPLE.COM@EXAMPLE.COM
2023-08-10 18:38:11,240 [Time-limited test] INFO  security.UserGroupInformation (UserGroupInformation.java:loginUserFromKeytab(1132)) - Login successful for user om/fv-az194-926.m3vjxkz4xwiufi3h0wurkpa3rg.cx.internal.cloudapp.net@EXAMPLE.COM using keytab file om.keytab. Keytab auto renewal enabled : false
2023-08-10 18:38:11,240 [Time-limited test] INFO  om.OzoneManager (OzoneManager.java:loginOMUser(1161)) - Ozone Manager login successful.
2023-08-10 18:38:11,240 [Time-limited test] WARN  server.ServerUtils (ServerUtils.java:getDBPath(311)) - ozone.om.db.dirs is not configured. We recommend adding this setting. Falling back to ozone.metadata.dirs instead.
2023-08-10 18:38:11,240 [Time-limited test] INFO  proxy.SCMBlockLocationFailoverProxyProvider (SCMBlockLocationFailoverProxyProvider.java:<init>(114)) - Created block location fail-over proxy with 1 nodes: [nodeId=scmNodeId,nodeAddress=localhost/127.0.0.1:9863]
2023-08-10 18:38:11,241 [Time-limited test] INFO  om.OzoneManager (OzoneManager.java:getOmDetailsProto(4555)) - OzoneManager ports added:[name: "RPC"
value: 1202
]
2023-08-10 18:38:11,242 [Time-limited test] INFO  security.OMCertificateClient (DefaultCertificateClient.java:updateCertSerialId(1244)) - Certificate serial ID set to 9879877970576
2023-08-10 18:38:11,242 [Time-limited test] WARN  security.OMCertificateClient (DefaultCertificateClient.java:loadAllCertificates(173)) - Certificates could not be loaded.
java.nio.file.NoSuchFileException: /tmp/junit6268160356292233199/junit5710059365739780865/om-meta/om/certs
	at sun.nio.fs.UnixException.translateToIOException(UnixException.java:86)
	at sun.nio.fs.UnixException.rethrowAsIOException(UnixException.java:102)
	at sun.nio.fs.UnixException.rethrowAsIOException(UnixException.java:107)
	at sun.nio.fs.UnixFileSystemProvider.newDirectoryStream(UnixFileSystemProvider.java:427)
	at java.nio.file.Files.newDirectoryStream(Files.java:457)
	at java.nio.file.Files.list(Files.java:3451)
	at org.apache.hadoop.hdds.security.x509.certificate.client.DefaultCertificateClient.loadAllCertificates(DefaultCertificateClient.java:168)
	at org.apache.hadoop.hdds.security.x509.certificate.client.DefaultCertificateClient.updateCertSerialId(DefaultCertificateClient.java:1245)
	at org.apache.hadoop.hdds.security.x509.certificate.client.DefaultCertificateClient.<init>(DefaultCertificateClient.java:157)
	at org.apache.hadoop.hdds.security.x509.certificate.client.CommonCertificateClient.<init>(CommonCertificateClient.java:49)
	at org.apache.hadoop.ozone.security.OMCertificateClient.<init>(OMCertificateClient.java:68)
	at org.apache.hadoop.ozone.om.OzoneManager.<init>(OzoneManager.java:640)
	at org.apache.hadoop.ozone.om.OzoneManager.createOm(OzoneManager.java:754)
	at org.apache.hadoop.ozone.TestSecureOzoneCluster.setupOm(TestSecureOzoneCluster.java:701)
	at org.apache.hadoop.ozone.TestSecureOzoneCluster.testDelegationTokenRenewal(TestSecureOzoneCluster.java:626)
	at sun.reflect.NativeMethodAccessorImpl.invoke0(Native Method)
	at sun.reflect.NativeMethodAccessorImpl.invoke(NativeMethodAccessorImpl.java:62)
	at sun.reflect.DelegatingMethodAccessorImpl.invoke(DelegatingMethodAccessorImpl.java:43)
	at java.lang.reflect.Method.invoke(Method.java:498)
	at org.junit.runners.model.FrameworkMethod$1.runReflectiveCall(FrameworkMethod.java:59)
	at org.junit.internal.runners.model.ReflectiveCallable.run(ReflectiveCallable.java:12)
	at org.junit.runners.model.FrameworkMethod.invokeExplosively(FrameworkMethod.java:56)
	at org.junit.internal.runners.statements.InvokeMethod.evaluate(InvokeMethod.java:17)
	at org.junit.internal.runners.statements.RunBefores.evaluate(RunBefores.java:26)
	at org.junit.internal.runners.statements.RunAfters.evaluate(RunAfters.java:27)
	at org.junit.rules.ExternalResource$1.evaluate(ExternalResource.java:54)
	at org.junit.internal.runners.statements.FailOnTimeout$CallableStatement.call(FailOnTimeout.java:288)
	at org.junit.internal.runners.statements.FailOnTimeout$CallableStatement.call(FailOnTimeout.java:282)
	at java.util.concurrent.FutureTask.run(FutureTask.java:266)
	at java.lang.Thread.run(Thread.java:750)
2023-08-10 18:38:11,243 [Time-limited test] INFO  om.OzoneManager (OzoneManager.java:<init>(662)) - OM start with adminUsers: [om/fv-az194-926.m3vjxkz4xwiufi3h0wurkpa3rg.cx.internal.cloudapp.net@EXAMPLE.COM, om]
2023-08-10 18:38:11,244 [Time-limited test] WARN  server.ServerUtils (ServerUtils.java:getDBPath(311)) - ozone.om.db.dirs is not configured. We recommend adding this setting. Falling back to ozone.metadata.dirs instead.
2023-08-10 18:38:11,244 [Time-limited test] INFO  helpers.OmKeyInfo (OmKeyInfo.java:getCodec(71)) - OmKeyInfo.getCodec ignorePipeline = true
2023-08-10 18:38:11,389 [Time-limited test] INFO  om.OzoneManager (OzoneManager.java:instantiateServices(791)) - S3 Multi-Tenancy is disabled
2023-08-10 18:38:11,389 [Time-limited test] INFO  security.OzoneSecretStore (OzoneSecretStore.java:loadState(69)) - Loaded 0 tokens
2023-08-10 18:38:11,389 [Time-limited test] INFO  security.OzoneDelegationTokenSecretManager (OzoneDelegationTokenSecretManager.java:loadTokenSecretState(530)) - Loading token state into token manager.
2023-08-10 18:38:11,389 [Time-limited test] INFO  om.OmSnapshotManager (OmSnapshotManager.java:<init>(175)) - Ozone filesystem snapshot feature is enabled.
2023-08-10 18:38:11,389 [Time-limited test] WARN  server.ServerUtils (ServerUtils.java:getDBPath(311)) - ozone.om.snapshot.diff.db.dir is not configured. We recommend adding this setting. Falling back to ozone.metadata.dirs instead.
2023-08-10 18:38:11,414 [Time-limited test] INFO  snapshot.SnapshotDiffManager (SnapshotDiffManager.java:closeExecutorService(1720)) - Shutting down executorService: 'SstDumpToolExecutor'
2023-08-10 18:38:11,420 [Time-limited test] INFO  om.OzoneManager (OzoneManager.java:addS3GVolumeToDB(4287)) - Created Volume s3v With Owner om required for S3Gateway operations.
2023-08-10 18:38:11,420 [Time-limited test] WARN  server.ServerUtils (ServerUtils.java:getDefaultRatisDirectory(323)) - Storage directory for Ratis is not configured. It is a good idea to map this to an SSD disk. Falling back to ozone.metadata.dirs
2023-08-10 18:38:11,420 [Time-limited test] WARN  utils.OzoneManagerRatisUtils (OzoneManagerRatisUtils.java:getOMRatisSnapshotDirectory(461)) - ozone.om.ratis.snapshot.dir is not configured. Falling back to ozone.metadata.dirs config
2023-08-10 18:38:11,420 [Time-limited test] WARN  server.ServerUtils (ServerUtils.java:getDefaultRatisDirectory(323)) - Storage directory for Ratis is not configured. It is a good idea to map this to an SSD disk. Falling back to ozone.metadata.dirs
2023-08-10 18:38:11,421 [Time-limited test] INFO  ratis.OzoneManagerRatisServer (OzoneManagerRatisServer.java:<init>(163)) - Instantiating OM Ratis server with groupID: omServiceIdDefault and peers: fv-az194-926.m3vjxkz4xwiufi3h0wurkpa3rg.cx.internal.cloudapp.net:9872
2023-08-10 18:38:11,422 [Time-limited test] INFO  ratis.OzoneManagerStateMachine (OzoneManagerStateMachine.java:loadSnapshotInfoFromDB(687)) - LastAppliedIndex is set from TransactionInfo from OM DB as (t:0, i:~)
2023-08-10 18:38:11,422 [Time-limited test] INFO  server.RaftServer (ConfUtils.java:logGet(46)) - raft.rpc.type = GRPC (default)
2023-08-10 18:38:11,422 [Time-limited test] INFO  grpc.GrpcConfigKeys (ConfUtils.java:logFallback(53)) - raft.grpc.admin.host = null (fallback to raft.grpc.server.host)
2023-08-10 18:38:11,422 [Time-limited test] INFO  grpc.GrpcConfigKeys (ConfUtils.java:logFallback(53)) - raft.grpc.admin.port = 9872 (fallback to raft.grpc.server.port)
2023-08-10 18:38:11,422 [Time-limited test] INFO  grpc.GrpcConfigKeys (ConfUtils.java:logFallback(53)) - raft.grpc.client.host = null (fallback to raft.grpc.server.host)
2023-08-10 18:38:11,422 [Time-limited test] INFO  grpc.GrpcConfigKeys (ConfUtils.java:logFallback(53)) - raft.grpc.client.port = 9872 (fallback to raft.grpc.server.port)
2023-08-10 18:38:11,422 [Time-limited test] INFO  grpc.GrpcConfigKeys (ConfUtils.java:logGet(46)) - raft.grpc.server.host = null (default)
2023-08-10 18:38:11,422 [Time-limited test] INFO  grpc.GrpcConfigKeys (ConfUtils.java:logGet(46)) - raft.grpc.server.port = 9872 (custom)
2023-08-10 18:38:11,422 [Time-limited test] INFO  server.GrpcService (ConfUtils.java:logGet(46)) - raft.grpc.message.size.max = 33554432 (custom)
2023-08-10 18:38:11,423 [Time-limited test] INFO  server.RaftServerConfigKeys (ConfUtils.java:logGet(46)) - raft.server.log.appender.buffer.byte-limit = 33554432 (custom)
2023-08-10 18:38:11,423 [Time-limited test] INFO  server.GrpcService (ConfUtils.java:logGet(46)) - raft.grpc.flow.control.window = 1MB (=1048576) (default)
2023-08-10 18:38:11,423 [Time-limited test] INFO  server.RaftServerConfigKeys (ConfUtils.java:logGet(46)) - raft.server.rpc.request.timeout = 3000ms (default)
2023-08-10 18:38:11,423 [Time-limited test] INFO  grpc.GrpcConfigKeys (ConfUtils.java:logGet(46)) - raft.grpc.server.heartbeat.channel = true (default)
2023-08-10 18:38:11,423 [Time-limited test] INFO  grpc.GrpcConfigKeys (ConfUtils.java:logGet(46)) - raft.grpc.server.async.request.thread.pool.cached = true (default)
2023-08-10 18:38:11,423 [Time-limited test] INFO  grpc.GrpcConfigKeys (ConfUtils.java:logGet(46)) - raft.grpc.server.async.request.thread.pool.size = 32 (default)
2023-08-10 18:38:11,424 [Time-limited test] INFO  impl.DataStreamServerImpl (ConfUtils.java:logGet(46)) - raft.datastream.type = DISABLED (default)
2023-08-10 18:38:11,424 [Time-limited test] INFO  server.RaftServerConfigKeys (ConfUtils.java:logGet(46)) - raft.server.threadpool.proxy.cached = true (default)
2023-08-10 18:38:11,424 [Time-limited test] INFO  server.RaftServerConfigKeys (ConfUtils.java:logGet(46)) - raft.server.threadpool.proxy.size = 0 (default)
2023-08-10 18:38:11,424 [Time-limited test] INFO  server.RaftServerConfigKeys (ConfUtils.java:logGet(46)) - raft.server.rpc.slowness.timeout = 120s (custom)
2023-08-10 18:38:11,424 [Time-limited test] INFO  server.RaftServerConfigKeys (ConfUtils.java:logGet(46)) - raft.server.leaderelection.leader.step-down.wait-time = 10s (default)
2023-08-10 18:38:11,424 [Time-limited test] INFO  server.RaftServerConfigKeys (ConfUtils.java:logGet(46)) - raft.server.storage.dir = [/tmp/junit6268160356292233199/junit5710059365739780865/om-meta/ratis] (custom)
2023-08-10 18:38:11,425 [Time-limited test] INFO  server.RaftServer (RaftServerProxy.java:addNew(98)) - om1: addNew group-C5BA1605619E:[om1|rpc:fv-az194-926.m3vjxkz4xwiufi3h0wurkpa3rg.cx.internal.cloudapp.net:9872|priority:0|startupRole:FOLLOWER] returns group-C5BA1605619E:java.util.concurrent.CompletableFuture@160186a5[Not completed]
2023-08-10 18:38:11,425 [Time-limited test] INFO  om.OzoneManager (OzoneManager.java:initializeRatisServer(2128)) - OzoneManager Ratis server initialized at port 9872
RaftServerImpl.java:<init>(198)) - om1: new RaftServerImpl for group-C5BA1605619E:[om1|rpc:fv-az194-926.m3vjxkz4xwiufi3h0wurkpa3rg.cx.internal.cloudapp.net:9872|priority:0|startupRole:FOLLOWER] with OzoneManagerStateMachine:uninitialized
2023-08-10 18:38:11,425 [Time-limited test] INFO  om.OzoneManager (OzoneManager.java:initializeRatisServer(2128)) - OzoneManager Ratis server initialized at port 9872
2023-08-10 18:38:11,425 [Time-limited test] INFO  om.OzoneManager (ConfUtils.java:logGet(46)) - raft.server.rpc.timeout.min = 5s (custom)
2023-08-10 18:38:11,425 [Time-limited test] INFO  om.OzoneManager (OzoneManager.java:getRpcServer(1193)) - Creating RPC Server
2023-08-10 18:38:11,425 [om1-groupManagement] INFO  server.RaftServerConfigKeys (ConfUtils.java:logGet(46)) - raft.server.rpc.timeout.max = 5200ms (custom)
2023-08-10 18:38:11,425 [om1-groupManagement] INFO  server.RaftServerConfigKeys (ConfUtils.java:logGet(46)) - raft.server.rpc.sleep.time = 25ms (default)
2023-08-10 18:38:11,425 [om1-groupManagement] INFO  server.RaftServerConfigKeys (ConfUtils.java:logGet(46)) - raft.server.rpc.slowness.timeout = 120s (custom)
2023-08-10 18:38:11,425 [om1-groupManagement] INFO  server.RaftServerConfigKeys (ConfUtils.java:logGet(46)) - raft.server.leaderelection.leader.step-down.wait-time = 10s (default)
2023-08-10 18:38:11,425 [om1-groupManagement] INFO  server.RaftServerConfigKeys (ConfUtils.java:logGet(46)) - raft.server.sleep.deviation.threshold = 300ms (default)
2023-08-10 18:38:11,426 [om1-groupManagement] INFO  server.RaftServer$Division (ServerState.java:<init>(120)) - om1@group-C5BA1605619E: ConfigurationManager, init=-1: peers:[om1|rpc:fv-az194-926.m3vjxkz4xwiufi3h0wurkpa3rg.cx.internal.cloudapp.net:9872|priority:0|startupRole:FOLLOWER]|listeners:[], old=null, confs=<EMPTY_MAP>
2023-08-10 18:38:11,426 [om1-groupManagement] INFO  server.RaftServerConfigKeys (ConfUtils.java:logGet(46)) - raft.server.storage.dir = [/tmp/junit6268160356292233199/junit5710059365739780865/om-meta/ratis] (custom)
2023-08-10 18:38:11,426 [om1-groupManagement] INFO  server.RaftServerConfigKeys (ConfUtils.java:logGet(46)) - raft.server.log.corruption.policy = EXCEPTION (default)
2023-08-10 18:38:11,426 [om1-groupManagement] INFO  server.RaftServerConfigKeys (ConfUtils.java:logGet(46)) - raft.server.storage.free-space.min = 0MB (=0) (default)
2023-08-10 18:38:11,426 [om1-groupManagement] INFO  server.RaftServerConfigKeys (ConfUtils.java:logGet(46)) - raft.server.notification.no-leader.timeout = 120s (custom)
2023-08-10 18:38:11,426 [om1-groupManagement] INFO  server.RaftServerConfigKeys (ConfUtils.java:logGet(46)) - raft.server.read.timeout = 10s (default)
2023-08-10 18:38:11,426 [om1-groupManagement] INFO  server.RaftServerConfigKeys (ConfUtils.java:logGet(46)) - raft.server.retrycache.expirytime = 300s (custom)
2023-08-10 18:38:11,426 [om1-groupManagement] INFO  server.RaftServerConfigKeys (ConfUtils.java:logGet(46)) - raft.server.retrycache.statistics.expirytime = 100μs (default)
2023-08-10 18:38:11,426 [om1-groupManagement] INFO  server.RaftServerConfigKeys (ConfUtils.java:logGet(46)) - raft.server.read.option = DEFAULT (default)
2023-08-10 18:38:11,426 [om1-groupManagement] INFO  server.RaftServerConfigKeys (ConfUtils.java:logGet(46)) - raft.server.rpc.request.timeout = 3000ms (default)
2023-08-10 18:38:11,426 [om1-groupManagement] INFO  server.RaftServerConfigKeys (ConfUtils.java:logGet(46)) - raft.server.log.appender.install.snapshot.enabled = false (custom)
2023-08-10 18:38:11,426 [om1-groupManagement] INFO  server.RaftServerConfigKeys (ConfUtils.java:logGet(46)) - raft.server.threadpool.server.cached = true (default)
2023-08-10 18:38:11,427 [om1-groupManagement] INFO  server.RaftServerConfigKeys (ConfUtils.java:logGet(46)) - raft.server.threadpool.server.size = 0 (default)
2023-08-10 18:38:11,427 [om1-groupManagement] INFO  server.RaftServerConfigKeys (ConfUtils.java:logGet(46)) - raft.server.threadpool.client.cached = true (default)
2023-08-10 18:38:11,427 [om1-groupManagement] INFO  server.RaftServerConfigKeys (ConfUtils.java:logGet(46)) - raft.server.threadpool.client.size = 0 (default)
2023-08-10 18:38:11,746 [Time-limited test] INFO  reflections.Reflections (Reflections.java:scan(232)) - Reflections took 320 ms to scan 19 urls, producing 70 keys and 5612 values [using 2 cores]
2023-08-10 18:38:11,747 [Time-limited test] INFO  ipc.CallQueueManager (CallQueueManager.java:<init>(90)) - Using callQueue: class java.util.concurrent.LinkedBlockingQueue, queueCapacity: 10000, scheduler: class org.apache.hadoop.ipc.DefaultRpcScheduler, ipcBackoff: false.
2023-08-10 18:38:11,747 [Time-limited test] INFO  ipc.Server (Server.java:<init>(1287)) - Listener at fv-az194-926.m3vjxkz4xwiufi3h0wurkpa3rg.cx.internal.cloudapp.net:1202
2023-08-10 18:38:11,748 [Socket Reader #1 for port 1202] INFO  ipc.Server (Server.java:run(1323)) - Starting Socket Reader #1 for port 1202
2023-08-10 18:38:12,817 [Time-limited test] INFO  utils.SelfSignedCertificate (SelfSignedCertificate.java:generateCertificate(157)) - Certificate 1 is issued by CN=rootCA@localhost,OU=scm1,O=cluster1 to CN=rootCA@localhost,OU=scm1,O=cluster1, valid from Thu Aug 10 18:38:12 UTC 2023 to Sun Sep 17 18:38:12 UTC 2028
2023-08-10 18:38:12,820 [Time-limited test] INFO  authority.DefaultApprover (DefaultApprover.java:sign(154)) - Extensions in CSR: 2.5.29.15
2023-08-10 18:38:12,820 [Time-limited test] INFO  authority.DefaultApprover (DefaultApprover.java:sign(158)) - Extensions to add to the certificate if they present in CSR: 2.5.29.17, 2.5.29.19, 1.3.6.1.5.5.7.1.12, 2.5.29.35, 2.5.29.37, 2.5.29.15
2023-08-10 18:38:12,823 [Time-limited test] INFO  ssl.ReloadingX509KeyManager (ReloadingX509KeyManager.java:loadKeyManager(222)) - Key manager is loaded with certificate chain
2023-08-10 18:38:12,823 [Time-limited test] INFO  ssl.ReloadingX509KeyManager (ReloadingX509KeyManager.java:loadKeyManager(224)) - [
[
  Version: V3
  Subject: O=cluster1, OU=scm1, CN=localhost
  Signature Algorithm: SHA256withRSA, OID = 1.2.840.113549.1.1.11

  Key:  Sun RSA public key, 2048 bits
  params: null
  modulus: 22790966571611063317015575365554222959249315788507006770182753080049377195797743227127119799539747540315263968479982998983882043352285552862241439882362750403883672501010407458223260825938588874754972878521417409381990315133175927410186035955199443003187792788398066597680208025262246560838204966608269139315273689545293841542506687654122754156848561318974901378149943126830986409532479455148831051167238442276580751795006130512848280611015404767167900348939986996202428881208448902307931522737368090255630432914603779231619199112471011806192102877917179152448557271254641160778368618978485850963309011852835733325811
  public exponent: 65537
  Validity: [From: Thu Aug 10 18:38:12 UTC 2023,
               To: Fri Aug 09 18:38:12 UTC 2024]
  Issuer: O=cluster1, OU=scm1, CN=rootCA@localhost
  SerialNumber: [    0180d835 09f6]

Certificate Extensions: 1
[1]: ObjectId: 2.5.29.15 Criticality=true
KeyUsage [
  DigitalSignature
  Key_Encipherment
  Data_Encipherment
  Key_Agreement
]

]
  Algorithm: [SHA256withRSA]
  Signature:
0000: 6C 8E 54 19 49 23 D6 8F   C3 74 88 83 08 C9 DC 00  l.T.I#...t......
0010: 75 F9 94 DF 63 DE 24 EE   D9 76 6F F7 D6 4C B1 86  u...c.$..vo..L..
0020: 7C DB 38 86 4A 79 E1 57   2D 08 FE 7B 23 1F 8F EE  ..8.Jy.W-...#...
0030: D2 51 7A 0A F0 35 F9 67   73 3D 01 CB B4 0C 37 45  .Qz..5.gs=....7E
0040: 2D 50 ED 54 4F 31 49 F0   33 6B F2 C2 76 5B E9 D5  -P.TO1I.3k..v[..
0050: B8 65 F6 BA 52 A9 89 12   3B E6 EC 1C 45 81 84 91  .e..R...;...E...
0060: CE 20 6C 69 D7 F3 2C A3   B0 DF 5F E7 CE 63 3F C2  . li..,..._..c?.
0070: 5E A6 67 83 45 4D 44 1A   9D 19 62 07 DA 56 35 D5  ^.g.EMD...b..V5.
0080: 84 E3 0B 9B 6A 7E DE FA   24 03 23 6F 38 9A 24 CD  ....j...$.#o8.$.
0090: 95 EA EF C6 87 69 47 83   7E 1C A3 53 76 EB 46 25  .....iG....Sv.F%
00A0: 3D 27 C5 22 16 21 F0 53   28 54 79 AB AB F4 D5 19  ='.".!.S(Ty.....
00B0: E9 D6 11 12 E7 37 E9 B5   33 48 67 4F DC FD 50 26  .....7..3HgO..P&
00C0: 4B 47 7E 3B 5F D0 79 4A   E5 AA 3E 1A 3D CA BF 5C  KG.;_.yJ..>.=..\
00D0: 3B 7D 9F DE 9F 49 3F 93   B2 7F 12 5A 2B 73 A8 D8  ;....I?....Z+s..
00E0: 36 4B 97 F6 58 83 F3 50   72 5E BD 4D 85 F9 0A 36  6K..X..Pr^.M...6
00F0: A4 0F C8 9A 97 9A D3 E0   33 E4 A3 F6 BE 4E 6B B0  ........3....Nk.

]
2023-08-10 18:38:12,823 [Time-limited test] INFO  ssl.ReloadingX509KeyManager (ReloadingX509KeyManager.java:loadKeyManager(224)) - [
[
  Version: V3
  Subject: O=cluster1, OU=scm1, CN=rootCA@localhost
  Signature Algorithm: SHA256withRSA, OID = 1.2.840.113549.1.1.11

  Key:  Sun RSA public key, 2048 bits
  params: null
  modulus: 27354942977617549482967037637611741815597134836368881129720330070860497038994854107936488328163497590477719084404023993764659029266600120359279250312063487241788648972456335015072812642715960246008910419542483697744325765899188913546453916737638249453301843942883541842566073422333509078646173404298454799245004234519396262790991759642938838530913100873634644635244535377051720772920023284903135217714596437209452793089831222047419654843707237111273072502122046275883647356173410518325202922044585185178550840302228366704094444816699529014113421143863221616072756096872255514661540970644876005232185081003687896573649
  public exponent: 65537
  Validity: [From: Thu Aug 10 18:38:12 UTC 2023,
               To: Sun Sep 17 18:38:12 UTC 2028]
  Issuer: O=cluster1, OU=scm1, CN=rootCA@localhost
  SerialNumber: [    01]

Certificate Extensions: 2
[1]: ObjectId: 2.5.29.19 Criticality=true
BasicConstraints:[
  CA:true
  PathLen:2147483647
]

[2]: ObjectId: 2.5.29.15 Criticality=true
KeyUsage [
  Key_CertSign
  Crl_Sign
]

]
  Algorithm: [SHA256withRSA]
  Signature:
0000: 51 5F D1 29 FA C5 AA 7E   4F 7D 7F C2 3F A8 81 2F  Q_.)....O...?../
0010: EC 32 CF A4 9B 0B F5 E4   63 4B E6 FF 15 75 A4 6B  .2......cK...u.k
0020: 33 57 73 D1 8B FE 9E 1D   5D 5C 0C 11 78 AD 46 47  3Ws.....]\..x.FG
0030: 1D 23 6A 64 57 99 32 A4   77 E0 16 8E B2 3E CF 28  .#jdW.2.w....>.(
0040: CC 74 AC 1A CF 0D 4A 5E   8C 70 41 FD AE 33 F6 B0  .t....J^.pA..3..
0050: C9 13 7C 1B 78 F3 A0 1C   F9 8D 3F C4 94 35 B2 5C  ....x.....?..5.\
0060: 2C 2E 0A B0 04 A8 56 52   C8 DC 32 CD CB A5 8F A4  ,.....VR..2.....
0070: 1B 47 3B 93 65 A3 14 AB   A4 C4 F3 50 58 15 08 6A  .G;.e......PX..j
0080: C3 2C F3 83 40 DA 49 53   A6 F2 3D 3D 29 59 C1 06  .,..@.IS..==)Y..
0090: 52 D7 5C 67 50 87 71 5F   A1 1B 1F 9D 91 3A AF D3  R.\gP.q_.....:..
00A0: 6C 24 F5 01 C3 38 39 32   3C DF EA 78 B2 B1 C2 5E  l$...892<..x...^
00B0: 2B 08 EC 36 38 69 D8 95   A8 2F 14 DF 53 56 1E BE  +..68i.../..SV..
00C0: 58 43 DA 3E CB 54 DC D5   A6 BD 69 0C 8E C3 B2 FB  XC.>.T....i.....
00D0: EE A9 B5 46 59 8F 25 34   07 C2 A3 9B A6 9A BC 87  ...FY.%4........
00E0: 6A EC 9A 55 C9 CA 3E 84   44 56 ED D2 A8 46 B3 E4  j..U..>.DV...F..
00F0: BD 75 D0 96 3C F3 CE B5   FF 93 F6 79 A8 12 63 B6  .u..<......y..c.

]
2023-08-10 18:38:12,824 [Time-limited test] INFO  ssl.ReloadingX509TrustManager (ReloadingX509TrustManager.java:insertCertsToKeystore(188)) - Trust manager is loaded with certificates
2023-08-10 18:38:12,824 [Time-limited test] INFO  ssl.ReloadingX509TrustManager (ReloadingX509TrustManager.java:insertCertsToKeystore(192)) - [
[
  Version: V3
  Subject: O=cluster1, OU=scm1, CN=rootCA@localhost
  Signature Algorithm: SHA256withRSA, OID = 1.2.840.113549.1.1.11

  Key:  Sun RSA public key, 2048 bits
  params: null
  modulus: 27354942977617549482967037637611741815597134836368881129720330070860497038994854107936488328163497590477719084404023993764659029266600120359279250312063487241788648972456335015072812642715960246008910419542483697744325765899188913546453916737638249453301843942883541842566073422333509078646173404298454799245004234519396262790991759642938838530913100873634644635244535377051720772920023284903135217714596437209452793089831222047419654843707237111273072502122046275883647356173410518325202922044585185178550840302228366704094444816699529014113421143863221616072756096872255514661540970644876005232185081003687896573649
  public exponent: 65537
  Validity: [From: Thu Aug 10 18:38:12 UTC 2023,
               To: Sun Sep 17 18:38:12 UTC 2028]
  Issuer: O=cluster1, OU=scm1, CN=rootCA@localhost
  SerialNumber: [    01]

Certificate Extensions: 2
[1]: ObjectId: 2.5.29.19 Criticality=true
BasicConstraints:[
  CA:true
  PathLen:2147483647
]

[2]: ObjectId: 2.5.29.15 Criticality=true
KeyUsage [
  Key_CertSign
  Crl_Sign
]

]
  Algorithm: [SHA256withRSA]
  Signature:
0000: 51 5F D1 29 FA C5 AA 7E   4F 7D 7F C2 3F A8 81 2F  Q_.)....O...?../
0010: EC 32 CF A4 9B 0B F5 E4   63 4B E6 FF 15 75 A4 6B  .2......cK...u.k
0020: 33 57 73 D1 8B FE 9E 1D   5D 5C 0C 11 78 AD 46 47  3Ws.....]\..x.FG
0030: 1D 23 6A 64 57 99 32 A4   77 E0 16 8E B2 3E CF 28  .#jdW.2.w....>.(
0040: CC 74 AC 1A CF 0D 4A 5E   8C 70 41 FD AE 33 F6 B0  .t....J^.pA..3..
0050: C9 13 7C 1B 78 F3 A0 1C   F9 8D 3F C4 94 35 B2 5C  ....x.....?..5.\
0060: 2C 2E 0A B0 04 A8 56 52   C8 DC 32 CD CB A5 8F A4  ,.....VR..2.....
0070: 1B 47 3B 93 65 A3 14 AB   A4 C4 F3 50 58 15 08 6A  .G;.e......PX..j
0080: C3 2C F3 83 40 DA 49 53   A6 F2 3D 3D 29 59 C1 06  .,..@.IS..==)Y..
0090: 52 D7 5C 67 50 87 71 5F   A1 1B 1F 9D 91 3A AF D3  R.\gP.q_.....:..
00A0: 6C 24 F5 01 C3 38 39 32   3C DF EA 78 B2 B1 C2 5E  l$...892<..x...^
00B0: 2B 08 EC 36 38 69 D8 95   A8 2F 14 DF 53 56 1E BE  +..68i.../..SV..
00C0: 58 43 DA 3E CB 54 DC D5   A6 BD 69 0C 8E C3 B2 FB  XC.>.T....i.....
00D0: EE A9 B5 46 59 8F 25 34   07 C2 A3 9B A6 9A BC 87  ...FY.%4........
00E0: 6A EC 9A 55 C9 CA 3E 84   44 56 ED D2 A8 46 B3 E4  j..U..>.DV...F..
00F0: BD 75 D0 96 3C F3 CE B5   FF 93 F6 79 A8 12 63 B6  .u..<......y..c.

]
2023-08-10 18:38:12,824 [Time-limited test] INFO  ssl.ReloadingX509KeyManager (ReloadingX509KeyManager.java:loadKeyManager(222)) - Key manager is loaded with certificate chain
2023-08-10 18:38:12,824 [Time-limited test] INFO  ssl.ReloadingX509KeyManager (ReloadingX509KeyManager.java:loadKeyManager(224)) - [
[
  Version: V3
  Subject: O=cluster1, OU=scm1, CN=localhost
  Signature Algorithm: SHA256withRSA, OID = 1.2.840.113549.1.1.11

  Key:  Sun RSA public key, 2048 bits
  params: null
  modulus: 22790966571611063317015575365554222959249315788507006770182753080049377195797743227127119799539747540315263968479982998983882043352285552862241439882362750403883672501010407458223260825938588874754972878521417409381990315133175927410186035955199443003187792788398066597680208025262246560838204966608269139315273689545293841542506687654122754156848561318974901378149943126830986409532479455148831051167238442276580751795006130512848280611015404767167900348939986996202428881208448902307931522737368090255630432914603779231619199112471011806192102877917179152448557271254641160778368618978485850963309011852835733325811
  public exponent: 65537
  Validity: [From: Thu Aug 10 18:38:12 UTC 2023,
               To: Fri Aug 09 18:38:12 UTC 2024]
  Issuer: O=cluster1, OU=scm1, CN=rootCA@localhost
  SerialNumber: [    0180d835 09f6]

Certificate Extensions: 1
[1]: ObjectId: 2.5.29.15 Criticality=true
KeyUsage [
  DigitalSignature
  Key_Encipherment
  Data_Encipherment
  Key_Agreement
]

]
  Algorithm: [SHA256withRSA]
  Signature:
0000: 6C 8E 54 19 49 23 D6 8F   C3 74 88 83 08 C9 DC 00  l.T.I#...t......
0010: 75 F9 94 DF 63 DE 24 EE   D9 76 6F F7 D6 4C B1 86  u...c.$..vo..L..
0020: 7C DB 38 86 4A 79 E1 57   2D 08 FE 7B 23 1F 8F EE  ..8.Jy.W-...#...
0030: D2 51 7A 0A F0 35 F9 67   73 3D 01 CB B4 0C 37 45  .Qz..5.gs=....7E
0040: 2D 50 ED 54 4F 31 49 F0   33 6B F2 C2 76 5B E9 D5  -P.TO1I.3k..v[..
0050: B8 65 F6 BA 52 A9 89 12   3B E6 EC 1C 45 81 84 91  .e..R...;...E...
0060: CE 20 6C 69 D7 F3 2C A3   B0 DF 5F E7 CE 63 3F C2  . li..,..._..c?.
0070: 5E A6 67 83 45 4D 44 1A   9D 19 62 07 DA 56 35 D5  ^.g.EMD...b..V5.
0080: 84 E3 0B 9B 6A 7E DE FA   24 03 23 6F 38 9A 24 CD  ....j...$.#o8.$.
0090: 95 EA EF C6 87 69 47 83   7E 1C A3 53 76 EB 46 25  .....iG....Sv.F%
00A0: 3D 27 C5 22 16 21 F0 53   28 54 79 AB AB F4 D5 19  ='.".!.S(Ty.....
00B0: E9 D6 11 12 E7 37 E9 B5   33 48 67 4F DC FD 50 26  .....7..3HgO..P&
00C0: 4B 47 7E 3B 5F D0 79 4A   E5 AA 3E 1A 3D CA BF 5C  KG.;_.yJ..>.=..\
00D0: 3B 7D 9F DE 9F 49 3F 93   B2 7F 12 5A 2B 73 A8 D8  ;....I?....Z+s..
00E0: 36 4B 97 F6 58 83 F3 50   72 5E BD 4D 85 F9 0A 36  6K..X..Pr^.M...6
00F0: A4 0F C8 9A 97 9A D3 E0   33 E4 A3 F6 BE 4E 6B B0  ........3....Nk.

]
2023-08-10 18:38:12,825 [Time-limited test] INFO  ssl.ReloadingX509KeyManager (ReloadingX509KeyManager.java:loadKeyManager(224)) - [
[
  Version: V3
  Subject: O=cluster1, OU=scm1, CN=rootCA@localhost
  Signature Algorithm: SHA256withRSA, OID = 1.2.840.113549.1.1.11

  Key:  Sun RSA public key, 2048 bits
  params: null
  modulus: 27354942977617549482967037637611741815597134836368881129720330070860497038994854107936488328163497590477719084404023993764659029266600120359279250312063487241788648972456335015072812642715960246008910419542483697744325765899188913546453916737638249453301843942883541842566073422333509078646173404298454799245004234519396262790991759642938838530913100873634644635244535377051720772920023284903135217714596437209452793089831222047419654843707237111273072502122046275883647356173410518325202922044585185178550840302228366704094444816699529014113421143863221616072756096872255514661540970644876005232185081003687896573649
  public exponent: 65537
  Validity: [From: Thu Aug 10 18:38:12 UTC 2023,
               To: Sun Sep 17 18:38:12 UTC 2028]
  Issuer: O=cluster1, OU=scm1, CN=rootCA@localhost
  SerialNumber: [    01]

Certificate Extensions: 2
[1]: ObjectId: 2.5.29.19 Criticality=true
BasicConstraints:[
  CA:true
  PathLen:2147483647
]

[2]: ObjectId: 2.5.29.15 Criticality=true
KeyUsage [
  Key_CertSign
  Crl_Sign
]

]
  Algorithm: [SHA256withRSA]
  Signature:
0000: 51 5F D1 29 FA C5 AA 7E   4F 7D 7F C2 3F A8 81 2F  Q_.)....O...?../
0010: EC 32 CF A4 9B 0B F5 E4   63 4B E6 FF 15 75 A4 6B  .2......cK...u.k
0020: 33 57 73 D1 8B FE 9E 1D   5D 5C 0C 11 78 AD 46 47  3Ws.....]\..x.FG
0030: 1D 23 6A 64 57 99 32 A4   77 E0 16 8E B2 3E CF 28  .#jdW.2.w....>.(
0040: CC 74 AC 1A CF 0D 4A 5E   8C 70 41 FD AE 33 F6 B0  .t....J^.pA..3..
0050: C9 13 7C 1B 78 F3 A0 1C   F9 8D 3F C4 94 35 B2 5C  ....x.....?..5.\
0060: 2C 2E 0A B0 04 A8 56 52   C8 DC 32 CD CB A5 8F A4  ,.....VR..2.....
0070: 1B 47 3B 93 65 A3 14 AB   A4 C4 F3 50 58 15 08 6A  .G;.e......PX..j
0080: C3 2C F3 83 40 DA 49 53   A6 F2 3D 3D 29 59 C1 06  .,..@.IS..==)Y..
0090: 52 D7 5C 67 50 87 71 5F   A1 1B 1F 9D 91 3A AF D3  R.\gP.q_.....:..
00A0: 6C 24 F5 01 C3 38 39 32   3C DF EA 78 B2 B1 C2 5E  l$...892<..x...^
00B0: 2B 08 EC 36 38 69 D8 95   A8 2F 14 DF 53 56 1E BE  +..68i.../..SV..
00C0: 58 43 DA 3E CB 54 DC D5   A6 BD 69 0C 8E C3 B2 FB  XC.>.T....i.....
00D0: EE A9 B5 46 59 8F 25 34   07 C2 A3 9B A6 9A BC 87  ...FY.%4........
00E0: 6A EC 9A 55 C9 CA 3E 84   44 56 ED D2 A8 46 B3 E4  j..U..>.DV...F..
00F0: BD 75 D0 96 3C F3 CE B5   FF 93 F6 79 A8 12 63 B6  .u..<......y..c.

]
2023-08-10 18:38:12,825 [Time-limited test] INFO  ssl.ReloadingX509TrustManager (ReloadingX509TrustManager.java:insertCertsToKeystore(188)) - Trust manager is loaded with certificates
2023-08-10 18:38:12,825 [Time-limited test] INFO  ssl.ReloadingX509TrustManager (ReloadingX509TrustManager.java:insertCertsToKeystore(192)) - [
[
  Version: V3
  Subject: O=cluster1, OU=scm1, CN=rootCA@localhost
  Signature Algorithm: SHA256withRSA, OID = 1.2.840.113549.1.1.11

  Key:  Sun RSA public key, 2048 bits
  params: null
  modulus: 27354942977617549482967037637611741815597134836368881129720330070860497038994854107936488328163497590477719084404023993764659029266600120359279250312063487241788648972456335015072812642715960246008910419542483697744325765899188913546453916737638249453301843942883541842566073422333509078646173404298454799245004234519396262790991759642938838530913100873634644635244535377051720772920023284903135217714596437209452793089831222047419654843707237111273072502122046275883647356173410518325202922044585185178550840302228366704094444816699529014113421143863221616072756096872255514661540970644876005232185081003687896573649
  public exponent: 65537
  Validity: [From: Thu Aug 10 18:38:12 UTC 2023,
               To: Sun Sep 17 18:38:12 UTC 2028]
  Issuer: O=cluster1, OU=scm1, CN=rootCA@localhost
  SerialNumber: [    01]

Certificate Extensions: 2
[1]: ObjectId: 2.5.29.19 Criticality=true
BasicConstraints:[
  CA:true
  PathLen:2147483647
]

[2]: ObjectId: 2.5.29.15 Criticality=true
KeyUsage [
  Key_CertSign
  Crl_Sign
]

]
  Algorithm: [SHA256withRSA]
  Signature:
0000: 51 5F D1 29 FA C5 AA 7E   4F 7D 7F C2 3F A8 81 2F  Q_.)....O...?../
0010: EC 32 CF A4 9B 0B F5 E4   63 4B E6 FF 15 75 A4 6B  .2......cK...u.k
0020: 33 57 73 D1 8B FE 9E 1D   5D 5C 0C 11 78 AD 46 47  3Ws.....]\..x.FG
0030: 1D 23 6A 64 57 99 32 A4   77 E0 16 8E B2 3E CF 28  .#jdW.2.w....>.(
0040: CC 74 AC 1A CF 0D 4A 5E   8C 70 41 FD AE 33 F6 B0  .t....J^.pA..3..
0050: C9 13 7C 1B 78 F3 A0 1C   F9 8D 3F C4 94 35 B2 5C  ....x.....?..5.\
0060: 2C 2E 0A B0 04 A8 56 52   C8 DC 32 CD CB A5 8F A4  ,.....VR..2.....
0070: 1B 47 3B 93 65 A3 14 AB   A4 C4 F3 50 58 15 08 6A  .G;.e......PX..j
0080: C3 2C F3 83 40 DA 49 53   A6 F2 3D 3D 29 59 C1 06  .,..@.IS..==)Y..
0090: 52 D7 5C 67 50 87 71 5F   A1 1B 1F 9D 91 3A AF D3  R.\gP.q_.....:..
00A0: 6C 24 F5 01 C3 38 39 32   3C DF EA 78 B2 B1 C2 5E  l$...892<..x...^
00B0: 2B 08 EC 36 38 69 D8 95   A8 2F 14 DF 53 56 1E BE  +..68i.../..SV..
00C0: 58 43 DA 3E CB 54 DC D5   A6 BD 69 0C 8E C3 B2 FB  XC.>.T....i.....
00D0: EE A9 B5 46 59 8F 25 34   07 C2 A3 9B A6 9A BC 87  ...FY.%4........
00E0: 6A EC 9A 55 C9 CA 3E 84   44 56 ED D2 A8 46 B3 E4  j..U..>.DV...F..
00F0: BD 75 D0 96 3C F3 CE B5   FF 93 F6 79 A8 12 63 B6  .u..<......y..c.

]
2023-08-10 18:38:12,826 [Time-limited test] INFO  impl.MetricsSystemImpl (MetricsSystemImpl.java:init(158)) - OzoneManager metrics system started (again)
2023-08-10 18:38:12,836 [Time-limited test] INFO  om.OzoneManager (OzoneManager.java:start(1613)) - OzoneManager RPC server is listening at fv-az194-926.m3vjxkz4xwiufi3h0wurkpa3rg.cx.internal.cloudapp.net/10.1.0.69:1202
2023-08-10 18:38:12,837 [Time-limited test] INFO  ratis.OzoneManagerRatisServer (OzoneManagerRatisServer.java:start(558)) - Starting OzoneManagerRatisServer om1 at port 9872
2023-08-10 18:38:12,837 [om1-impl-thread1] INFO  storage.RaftStorageDirectory (RaftStorageDirectoryImpl.java:analyzeStorage(137)) - The storage directory /tmp/junit6268160356292233199/junit5710059365739780865/om-meta/ratis/bf265839-605b-3f16-9796-c5ba1605619e does not exist. Creating ...
2023-08-10 18:38:12,838 [om1-impl-thread1] INFO  storage.RaftStorageDirectory (RaftStorageDirectoryImpl.java:tryLock(231)) - Lock on /tmp/junit6268160356292233199/junit5710059365739780865/om-meta/ratis/bf265839-605b-3f16-9796-c5ba1605619e/in_use.lock acquired by nodename 9374@fv-az194-926
2023-08-10 18:38:12,839 [om1-impl-thread1] INFO  storage.RaftStorage (RaftStorageImpl.java:format(96)) - Storage directory /tmp/junit6268160356292233199/junit5710059365739780865/om-meta/ratis/bf265839-605b-3f16-9796-c5ba1605619e has been successfully formatted.
2023-08-10 18:38:12,839 [om1-impl-thread1] INFO  server.RaftServerConfigKeys (ConfUtils.java:logGet(46)) - raft.server.log.use.memory = false (default)
2023-08-10 18:38:12,839 [om1-impl-thread1] INFO  server.RaftServerConfigKeys (ConfUtils.java:logGet(46)) - raft.server.log.purge.gap = 1000000 (custom)
2023-08-10 18:38:12,839 [om1-impl-thread1] INFO  server.RaftServerConfigKeys (ConfUtils.java:logGet(46)) - raft.server.log.appender.buffer.byte-limit = 33554432 (custom)
2023-08-10 18:38:12,839 [om1-impl-thread1] INFO  server.RaftServerConfigKeys (ConfUtils.java:logGet(46)) - raft.server.log.statemachine.data.read.timeout = 1000ms (default)
2023-08-10 18:38:12,839 [om1-impl-thread1] INFO  server.RaftServerConfigKeys (ConfUtils.java:logGet(46)) - raft.server.log.purge.preservation.log.num = 0 (default)
2023-08-10 18:38:12,839 [om1-impl-thread1] INFO  server.RaftServerConfigKeys (ConfUtils.java:logGet(46)) - raft.server.log.segment.size.max = 4194304 (custom)
2023-08-10 18:38:12,840 [om1-impl-thread1] INFO  server.RaftServerConfigKeys (ConfUtils.java:logGet(46)) - raft.server.log.segment.cache.num.max = 2 (custom)
2023-08-10 18:38:12,840 [om1-impl-thread1] INFO  server.RaftServerConfigKeys (ConfUtils.java:logGet(46)) - raft.server.log.segment.cache.size.max = 200MB (=209715200) (default)
2023-08-10 18:38:12,840 [om1-impl-thread1] INFO  server.RaftServerConfigKeys (ConfUtils.java:logGet(46)) - raft.server.log.appender.buffer.byte-limit = 33554432 (custom)
2023-08-10 18:38:12,840 [om1-impl-thread1] INFO  segmented.SegmentedRaftLogWorker (SegmentedRaftLogWorker.java:<init>(188)) - new om1@group-C5BA1605619E-SegmentedRaftLogWorker for RaftStorageImpl:Storage Directory /tmp/junit6268160356292233199/junit5710059365739780865/om-meta/ratis/bf265839-605b-3f16-9796-c5ba1605619e
2023-08-10 18:38:12,840 [om1-impl-thread1] INFO  server.RaftServerConfigKeys (ConfUtils.java:logGet(46)) - raft.server.log.queue.byte-limit = 64MB (=67108864) (default)
2023-08-10 18:38:12,840 [om1-impl-thread1] INFO  server.RaftServerConfigKeys (ConfUtils.java:logGet(46)) - raft.server.log.queue.element-limit = 4096 (default)
2023-08-10 18:38:12,840 [om1-impl-thread1] INFO  server.RaftServerConfigKeys (ConfUtils.java:logGet(46)) - raft.server.log.segment.size.max = 4194304 (custom)
2023-08-10 18:38:12,840 [om1-impl-thread1] INFO  server.RaftServerConfigKeys (ConfUtils.java:logGet(46)) - raft.server.log.preallocated.size = 4194304 (custom)
2023-08-10 18:38:12,840 [om1-impl-thread1] INFO  server.RaftServerConfigKeys (ConfUtils.java:logGet(46)) - raft.server.log.force.sync.num = 128 (default)
2023-08-10 18:38:12,840 [om1-impl-thread1] INFO  server.RaftServerConfigKeys (ConfUtils.java:logGet(46)) - raft.server.log.statemachine.data.sync = true (default)
2023-08-10 18:38:12,840 [om1-impl-thread1] INFO  server.RaftServerConfigKeys (ConfUtils.java:logGet(46)) - raft.server.log.statemachine.data.sync.timeout = 10s (default)
2023-08-10 18:38:12,840 [om1-impl-thread1] INFO  server.RaftServerConfigKeys (ConfUtils.java:logGet(46)) - raft.server.log.statemachine.data.sync.timeout.retry = -1 (default)
2023-08-10 18:38:12,840 [om1-impl-thread1] INFO  server.RaftServerConfigKeys (ConfUtils.java:logGet(46)) - raft.server.log.write.buffer.size = 64KB (=65536) (default)
2023-08-10 18:38:12,840 [om1-impl-thread1] INFO  server.RaftServerConfigKeys (ConfUtils.java:logGet(46)) - raft.server.log.appender.buffer.byte-limit = 33554432 (custom)
2023-08-10 18:38:12,843 [om1-impl-thread1] INFO  server.RaftServerConfigKeys (ConfUtils.java:logGet(46)) - raft.server.log.unsafe-flush.enabled = false (default)
2023-08-10 18:38:12,843 [om1-impl-thread1] INFO  server.RaftServerConfigKeys (ConfUtils.java:logGet(46)) - raft.server.log.async-flush.enabled = false (default)
2023-08-10 18:38:12,843 [om1-impl-thread1] INFO  server.RaftServerConfigKeys (ConfUtils.java:logGet(46)) - raft.server.log.statemachine.data.caching.enabled = false (default)
2023-08-10 18:38:12,844 [om1-impl-thread1] INFO  segmented.SegmentedRaftLogWorker (SegmentedRaftLogWorker.java:lambda$new$0(135)) - om1@group-C5BA1605619E-SegmentedRaftLogWorker: flushIndex: setUnconditionally 0 -> -1
2023-08-10 18:38:12,844 [om1-impl-thread1] INFO  segmented.SegmentedRaftLogWorker (SegmentedRaftLogWorker.java:lambda$new$0(135)) - om1@group-C5BA1605619E-SegmentedRaftLogWorker: safeCacheEvictIndex: setUnconditionally 0 -> -1
2023-08-10 18:38:12,844 [om1-impl-thread1] INFO  server.RaftServer$Division (RaftServerImpl.java:start(342)) - om1@group-C5BA1605619E: start as a follower, conf=-1: peers:[om1|rpc:fv-az194-926.m3vjxkz4xwiufi3h0wurkpa3rg.cx.internal.cloudapp.net:9872|priority:0|startupRole:FOLLOWER]|listeners:[], old=null
2023-08-10 18:38:12,845 [om1-impl-thread1] INFO  server.RaftServer$Division (RaftServerImpl.java:setRole(329)) - om1@group-C5BA1605619E: changes role from      null to FOLLOWER at term 0 for startAsFollower
2023-08-10 18:38:12,846 [om1-impl-thread1] INFO  impl.RoleInfo (RoleInfo.java:updateAndGet(139)) - om1: start om1@group-C5BA1605619E-FollowerState
2023-08-10 18:38:12,846 [om1-impl-thread1] INFO  util.JmxRegister (JmxRegister.java:tryRegister(44)) - Successfully registered JMX Bean with object name Ratis:service=RaftServer,group=group-C5BA1605619E,id=om1
2023-08-10 18:38:12,846 [om1-impl-thread1] INFO  server.RaftServerConfigKeys (ConfUtils.java:logGet(46)) - raft.server.snapshot.auto.trigger.enabled = true (custom)
2023-08-10 18:38:12,846 [om1-impl-thread1] INFO  server.RaftServerConfigKeys (ConfUtils.java:logGet(46)) - raft.server.snapshot.auto.trigger.threshold = 400000 (default)
2023-08-10 18:38:12,846 [om1-impl-thread1] INFO  server.RaftServerConfigKeys (ConfUtils.java:logGet(46)) - raft.server.snapshot.retention.file.num = -1 (default)
2023-08-10 18:38:12,846 [om1-impl-thread1] INFO  server.RaftServerConfigKeys (ConfUtils.java:logGet(46)) - raft.server.log.purge.upto.snapshot.index = true (custom)
2023-08-10 18:38:12,846 [om1@group-C5BA1605619E-FollowerState] INFO  server.RaftServerConfigKeys (ConfUtils.java:logFallback(53)) - raft.server.rpc.first-election.timeout.min = 5s (fallback to raft.server.rpc.timeout.min)
2023-08-10 18:38:12,846 [om1@group-C5BA1605619E-FollowerState] INFO  server.RaftServerConfigKeys (ConfUtils.java:logFallback(53)) - raft.server.rpc.first-election.timeout.max = 5200ms (fallback to raft.server.rpc.timeout.max)
2023-08-10 18:38:12,846 [Time-limited test] INFO  server.RaftServer (RaftServerProxy.java:startImpl(400)) - om1: start RPC server
2023-08-10 18:38:12,847 [Time-limited test] INFO  server.GrpcService (GrpcService.java:startImpl(302)) - om1: GrpcService started, listening on 9872
2023-08-10 18:38:12,848 [Time-limited test] INFO  om.OzoneManager (OzoneManager.java:startSecretManager(1103)) - Starting OM delegation token secret manager
2023-08-10 18:38:12,848 [JvmPauseMonitor7] INFO  util.JvmPauseMonitor (JvmPauseMonitor.java:run(103)) - JvmPauseMonitor-om1: Started
2023-08-10 18:38:12,848 [Time-limited test] INFO  security.OzoneDelegationTokenSecretManager (OzoneSecretManager.java:updateCurrentKey(175)) - Updating current master key for generating tokens. Cert id 1652894796278
2023-08-10 18:38:12,849 [Time-limited test] INFO  om.OzoneManager (OzoneManager.java:start(1629)) - Version File has different layout version (6) than OM DB (null). That is expected if this OM has never been finalized to a newer layout version.
2023-08-10 18:38:12,852 [Thread[Thread-1705,5,FailOnTimeoutGroup]] INFO  security.OzoneDelegationTokenSecretManager (OzoneDelegationTokenSecretManager.java:run(636)) - Starting expired delegation token remover thread, tokenRemoverScanInterval=60 min(s)
2023-08-10 18:38:12,853 [Time-limited test] INFO  http.BaseHttpServer (BaseHttpServer.java:newHttpServer2BuilderForOzone(224)) - Starting Web-server for ozoneManager at: http://0.0.0.0:9874
2023-08-10 18:38:12,853 [Time-limited test] INFO  http.BaseHttpServer (BaseHttpServer.java:<init>(111)) - Hadoop Security Enabled: true Ozone Security Enabled: true Ozone HTTP Security Enabled: false 
2023-08-10 18:38:12,854 [Time-limited test] WARN  server.AuthenticationFilter (AuthenticationFilter.java:constructSecretProvider(240)) - Unable to initialize FileSignerSecretProvider, falling back to use random secrets. Reason: Could not read signature secret file: /home/runner/hadoop-http-auth-signature-secret
2023-08-10 18:38:12,854 [Time-limited test] INFO  http.HttpRequestLog (HttpRequestLog.java:getRequestLog(86)) - Http request log for http.requests.ozoneManager is not defined
2023-08-10 18:38:12,857 [Time-limited test] INFO  http.HttpServer2 (HttpServer2.java:addGlobalFilter(1031)) - Added global filter 'safety' (class=org.apache.hadoop.hdds.server.http.HttpServer2$QuotingInputFilter)
2023-08-10 18:38:12,857 [Time-limited test] INFO  http.HttpServer2 (HttpServer2.java:addFilter(1007)) - Added filter static_user_filter (class=org.apache.hadoop.http.lib.StaticUserWebFilter$StaticUserFilter) to context ozoneManager
2023-08-10 18:38:12,858 [Time-limited test] INFO  http.HttpServer2 (HttpServer2.java:addFilter(1015)) - Added filter static_user_filter (class=org.apache.hadoop.http.lib.StaticUserWebFilter$StaticUserFilter) to context static
2023-08-10 18:38:12,858 [Time-limited test] INFO  http.HttpServer2 (HttpServer2.java:addFilter(1015)) - Added filter static_user_filter (class=org.apache.hadoop.http.lib.StaticUserWebFilter$StaticUserFilter) to context logs
2023-08-10 18:38:12,859 [Time-limited test] INFO  http.BaseHttpServer (BaseHttpServer.java:<init>(190)) - HTTP server of ozoneManager uses base directory /tmp/junit6268160356292233199/junit5710059365739780865/om-meta/webserver
2023-08-10 18:38:12,859 [Time-limited test] INFO  http.HttpServer2 (HttpServer2.java:bindListener(1250)) - Jetty bound to port 9874
2023-08-10 18:38:12,859 [Time-limited test] INFO  server.Server (Server.java:doStart(375)) - jetty-9.4.51.v20230217; built: 2023-02-17T08:19:37.309Z; git: b45c405e4544384de066f814ed42ae3dceacdd49; jvm 1.8.0_382-b05
2023-08-10 18:38:12,861 [Time-limited test] INFO  server.session (DefaultSessionIdManager.java:doStart(334)) - DefaultSessionIdManager workerName=node0
2023-08-10 18:38:12,861 [Time-limited test] INFO  server.session (DefaultSessionIdManager.java:doStart(339)) - No SessionScavenger set, using defaults
2023-08-10 18:38:12,861 [Time-limited test] INFO  server.session (HouseKeeper.java:startScavenging(132)) - node0 Scavenging every 600000ms
2023-08-10 18:38:12,861 [Time-limited test] INFO  handler.ContextHandler (ContextHandler.java:doStart(921)) - Started o.e.j.s.ServletContextHandler@7ca84293{logs,/logs,file:///home/runner/work/ozone/ozone/hadoop-ozone/integration-test/target/log,AVAILABLE}
2023-08-10 18:38:12,862 [Time-limited test] INFO  handler.ContextHandler (ContextHandler.java:doStart(921)) - Started o.e.j.s.ServletContextHandler@20ecaf48{static,/static,file:///home/runner/work/ozone/ozone/hadoop-ozone/integration-test/target/test-classes/webapps/static,AVAILABLE}
2023-08-10 18:38:12,865 [Time-limited test] INFO  handler.ContextHandler (ContextHandler.java:doStart(921)) - Started o.e.j.w.WebAppContext@73dc74cf{ozoneManager,/,file:///home/runner/work/ozone/ozone/hadoop-ozone/integration-test/target/test-classes/webapps/ozoneManager/,AVAILABLE}{file:/home/runner/work/ozone/ozone/hadoop-ozone/integration-test/target/test-classes/webapps/ozoneManager}
2023-08-10 18:38:12,867 [Time-limited test] INFO  server.AbstractConnector (AbstractConnector.java:doStart(333)) - Started ServerConnector@3cb586a2{HTTP/1.1, (http/1.1)}{0.0.0.0:9874}
2023-08-10 18:38:12,867 [Time-limited test] INFO  server.Server (Server.java:doStart(415)) - Started @125822ms
2023-08-10 18:38:12,867 [Time-limited test] WARN  impl.MetricsSystemImpl (MetricsSystemImpl.java:register(279)) - Sink prometheus already exists!
2023-08-10 18:38:12,868 [Time-limited test] INFO  http.BaseHttpServer (BaseHttpServer.java:updateConnectorAddress(344)) - HTTP server of ozoneManager listening at http://0.0.0.0:9874
2023-08-10 18:38:12,868 [IPC Server Responder] INFO  ipc.Server (Server.java:run(1562)) - IPC Server Responder: starting
2023-08-10 18:38:12,868 [IPC Server listener on 1202] INFO  ipc.Server (Server.java:run(1402)) - IPC Server listener on 1202: starting
2023-08-10 18:38:12,875 [Time-limited test] INFO  om.OzoneManager (OzoneManager.java:startTrashEmptier(2081)) - Trash Interval set to 0. Files deleted won't move to trash
2023-08-10 18:38:12,888 [pool-519-thread-2] INFO  request.TgsRequest (TgsRequest.java:issueTicket(115)) - TGS_REQ ISSUE: authtime 1691692692887,om/fv-az194-926.m3vjxkz4xwiufi3h0wurkpa3rg.cx.internal.cloudapp.net for om/fv-az194-926.m3vjxkz4xwiufi3h0wurkpa3rg.cx.internal.cloudapp.net@EXAMPLE.COM
2023-08-10 18:38:12,893 [Socket Reader #1 for port 1202] INFO  ipc.Server (Server.java:saslProcess(2139)) - Auth successful for om/fv-az194-926.m3vjxkz4xwiufi3h0wurkpa3rg.cx.internal.cloudapp.net@EXAMPLE.COM (auth:KERBEROS) from fv-az194-926.m3vjxkz4xwiufi3h0wurkpa3rg.cx.internal.cloudapp.net:35605 / 10.1.0.69:35605
2023-08-10 18:38:14,920 [Time-limited test] INFO  retry.RetryInvocationHandler (RetryInvocationHandler.java:log(422)) - com.google.protobuf.ServiceException: org.apache.hadoop.ipc.RemoteException(org.apache.hadoop.ozone.om.exceptions.OMNotLeaderException): OM:om1 is not the leader. Could not determine the leader node.
	at org.apache.hadoop.ozone.om.OzoneManager.checkLeaderStatus(OzoneManager.java:3999)
	at org.apache.hadoop.ozone.om.ratis.utils.OzoneManagerRatisUtils.checkLeaderStatus(OzoneManagerRatisUtils.java:473)
	at org.apache.hadoop.ozone.protocolPB.OzoneManagerProtocolServerSideTranslatorPB.processRequest(OzoneManagerProtocolServerSideTranslatorPB.java:185)
	at org.apache.hadoop.hdds.server.OzoneProtocolMessageDispatcher.processRequest(OzoneProtocolMessageDispatcher.java:87)
	at org.apache.hadoop.ozone.protocolPB.OzoneManagerProtocolServerSideTranslatorPB.submitRequest(OzoneManagerProtocolServerSideTranslatorPB.java:148)
	at org.apache.hadoop.ozone.protocol.proto.OzoneManagerProtocolProtos$OzoneManagerService$2.callBlockingMethod(OzoneManagerProtocolProtos.java)
	at org.apache.hadoop.ipc.ProtobufRpcEngine$Server.processCall(ProtobufRpcEngine.java:484)
	at org.apache.hadoop.ipc.ProtobufRpcEngine2$Server$ProtoBufRpcInvoker.call(ProtobufRpcEngine2.java:595)
	at org.apache.hadoop.ipc.ProtobufRpcEngine2$Server$ProtoBufRpcInvoker.call(ProtobufRpcEngine2.java:573)
	at org.apache.hadoop.ipc.RPC$Server.call(RPC.java:1227)
	at org.apache.hadoop.ipc.Server$RpcCall.run(Server.java:1094)
	at org.apache.hadoop.ipc.Server$RpcCall.run(Server.java:1017)
	at java.security.AccessController.doPrivileged(Native Method)
	at javax.security.auth.Subject.doAs(Subject.java:422)
	at org.apache.hadoop.security.UserGroupInformation.doAs(UserGroupInformation.java:1899)
	at org.apache.hadoop.ipc.Server$Handler.run(Server.java:3048)
, while invoking $Proxy53.submitRequest over nodeId=null,nodeAddress=fv-az194-926.m3vjxkz4xwiufi3h0wurkpa3rg.cx.internal.cloudapp.net:1202 after 1 failover attempts. Trying to failover after sleeping for 4000ms. Current retry count: 1.
2023-08-10 18:38:17,872 [om1@group-C5BA1605619E-FollowerState] INFO  impl.FollowerState (FollowerState.java:run(143)) - om1@group-C5BA1605619E-FollowerState: change to CANDIDATE, lastRpcElapsedTime:5026666045ns, electionTimeout:5026ms
2023-08-10 18:38:17,873 [om1@group-C5BA1605619E-FollowerState] INFO  impl.RoleInfo (RoleInfo.java:shutdownFollowerState(110)) - om1: shutdown om1@group-C5BA1605619E-FollowerState
2023-08-10 18:38:17,873 [om1@group-C5BA1605619E-FollowerState] INFO  server.RaftServer$Division (RaftServerImpl.java:setRole(329)) - om1@group-C5BA1605619E: changes role from  FOLLOWER to CANDIDATE at term 0 for changeToCandidate
2023-08-10 18:38:17,873 [om1@group-C5BA1605619E-FollowerState] INFO  server.RaftServerConfigKeys (ConfUtils.java:logGet(46)) - raft.server.leaderelection.pre-vote = true (default)
2023-08-10 18:38:17,873 [om1@group-C5BA1605619E-FollowerState] INFO  impl.RoleInfo (RoleInfo.java:updateAndGet(139)) - om1: start om1@group-C5BA1605619E-LeaderElection4
2023-08-10 18:38:17,874 [om1@group-C5BA1605619E-LeaderElection4] INFO  impl.LeaderElection (LeaderElection.java:askForVotes(321)) - om1@group-C5BA1605619E-LeaderElection4 PRE_VOTE round 0: submit vote requests at term 0 for -1: peers:[om1|rpc:fv-az194-926.m3vjxkz4xwiufi3h0wurkpa3rg.cx.internal.cloudapp.net:9872|priority:0|startupRole:FOLLOWER]|listeners:[], old=null
2023-08-10 18:38:17,874 [om1@group-C5BA1605619E-LeaderElection4] INFO  impl.LeaderElection (LeaderElection.java:askForVotes(323)) - om1@group-C5BA1605619E-LeaderElection4 PRE_VOTE round 0: result PASSED (term=0)
2023-08-10 18:38:17,876 [om1@group-C5BA1605619E-LeaderElection4] INFO  impl.LeaderElection (LeaderElection.java:askForVotes(321)) - om1@group-C5BA1605619E-LeaderElection4 ELECTION round 0: submit vote requests at term 1 for -1: peers:[om1|rpc:fv-az194-926.m3vjxkz4xwiufi3h0wurkpa3rg.cx.internal.cloudapp.net:9872|priority:0|startupRole:FOLLOWER]|listeners:[], old=null
2023-08-10 18:38:17,876 [om1@group-C5BA1605619E-LeaderElection4] INFO  impl.LeaderElection (LeaderElection.java:askForVotes(323)) - om1@group-C5BA1605619E-LeaderElection4 ELECTION round 0: result PASSED (term=1)
2023-08-10 18:38:17,876 [om1@group-C5BA1605619E-LeaderElection4] INFO  impl.RoleInfo (RoleInfo.java:shutdownLeaderElection(130)) - om1: shutdown om1@group-C5BA1605619E-LeaderElection4
2023-08-10 18:38:17,876 [om1@group-C5BA1605619E-LeaderElection4] INFO  server.RaftServer$Division (RaftServerImpl.java:setRole(329)) - om1@group-C5BA1605619E: changes role from CANDIDATE to LEADER at term 1 for changeToLeader
2023-08-10 18:38:17,876 [om1@group-C5BA1605619E-LeaderElection4] INFO  server.RaftServer$Division (ServerState.java:setLeader(317)) - om1@group-C5BA1605619E: change Leader from null to om1 at term 1 for becomeLeader, leader elected after 6450ms
2023-08-10 18:38:17,876 [om1@group-C5BA1605619E-LeaderElection4] INFO  server.RaftServerConfigKeys (ConfUtils.java:logGet(46)) - raft.server.staging.catchup.gap = 1000 (default)
2023-08-10 18:38:17,876 [om1@group-C5BA1605619E-LeaderElection4] INFO  server.RaftServerConfigKeys (ConfUtils.java:logGet(46)) - raft.server.write.element-limit = 4096 (default)
2023-08-10 18:38:17,876 [om1@group-C5BA1605619E-LeaderElection4] INFO  server.RaftServerConfigKeys (ConfUtils.java:logGet(46)) - raft.server.write.byte-limit = 64MB (=67108864) (default)
2023-08-10 18:38:17,877 [om1@group-C5BA1605619E-LeaderElection4] INFO  server.RaftServerConfigKeys (ConfUtils.java:logGet(46)) - raft.server.watch.timeout = 10s (default)
2023-08-10 18:38:17,877 [om1@group-C5BA1605619E-LeaderElection4] INFO  server.RaftServerConfigKeys (ConfUtils.java:logGet(46)) - raft.server.watch.timeout.denomination = 1s (default)
2023-08-10 18:38:17,877 [om1@group-C5BA1605619E-LeaderElection4] INFO  server.RaftServerConfigKeys (ConfUtils.java:logGet(46)) - raft.server.watch.element-limit = 65536 (default)
2023-08-10 18:38:17,877 [om1@group-C5BA1605619E-LeaderElection4] INFO  server.RaftServerConfigKeys (ConfUtils.java:logGet(46)) - raft.server.write.element-limit = 4096 (default)
2023-08-10 18:38:17,877 [om1@group-C5BA1605619E-LeaderElection4] INFO  server.RaftServerConfigKeys (ConfUtils.java:logGet(46)) - raft.server.write.follower.gap.ratio.max = -1.0 (default)
2023-08-10 18:38:17,877 [om1@group-C5BA1605619E-LeaderElection4] INFO  impl.RoleInfo (RoleInfo.java:updateAndGet(139)) - om1: start om1@group-C5BA1605619E-LeaderStateImpl
2023-08-10 18:38:17,877 [om1@group-C5BA1605619E-LeaderElection4] INFO  segmented.SegmentedRaftLogWorker (SegmentedRaftLogWorker.java:startLogSegment(447)) - om1@group-C5BA1605619E-SegmentedRaftLogWorker: Starting segment from index:0
2023-08-10 18:38:17,881 [om1@group-C5BA1605619E-LeaderElection4] INFO  server.RaftServer$Division (ServerState.java:setRaftConf(434)) - om1@group-C5BA1605619E: set configuration 0: peers:[om1|rpc:fv-az194-926.m3vjxkz4xwiufi3h0wurkpa3rg.cx.internal.cloudapp.net:9872|admin:|client:|dataStream:|priority:0|startupRole:FOLLOWER]|listeners:[], old=null
2023-08-10 18:38:17,885 [om1@group-C5BA1605619E-SegmentedRaftLogWorker] INFO  segmented.SegmentedRaftLogWorker (SegmentedRaftLogWorker.java:execute(651)) - om1@group-C5BA1605619E-SegmentedRaftLogWorker: created new log segment /tmp/junit6268160356292233199/junit5710059365739780865/om-meta/ratis/bf265839-605b-3f16-9796-c5ba1605619e/current/log_inprogress_0
2023-08-10 18:38:17,886 [om1@group-C5BA1605619E-StateMachineUpdater] INFO  ratis.OzoneManagerStateMachine (OzoneManagerStateMachine.java:notifyConfigurationChanged(202)) - Received Configuration change notification from Ratis. New Peer list:
[id: "om1"
address: "fv-az194-926.m3vjxkz4xwiufi3h0wurkpa3rg.cx.internal.cloudapp.net:9872"
startupRole: FOLLOWER
]
18:38:19.940 [IPC Server handler 2 on default port 1202] ERROR OMAudit - user=om/fv-az194-926.m3vjxkz4xwiufi3h0wurkpa3rg.cx.internal.cloudapp.net@EXAMPLE.COM | ip=10.1.0.69 | op=RENEW_DELEGATION_TOKEN {kind=OzoneToken, service=fv-az194-926.m3vjxkz4xwiufi3h0wurkpa3rg.cx.internal.cloudapp.net:1202, renewer=om} | ret=FAILURE
org.apache.hadoop.ozone.om.exceptions.OMException: om tried to renew an expired token (OzoneToken owner=om/fv-az194-926.m3vjxkz4xwiufi3h0wurkpa3rg.cx.internal.cloudapp.net@EXAMPLE.COM, renewer=om, realUser=, issueDate=2023-08-10T18:38:18.922Z, maxDate=2023-08-10T18:38:19.922Z, sequenceNumber=1, masterKeyId=1, strToSign=null, signature=null, awsAccessKeyId=null, omServiceId=omServiceIdDefault, omCertSerialId=1652894796278) max expiration date: 2023-08-10 18:38:19,922+0000 currentTime: 2023-08-10 18:38:19,937+0000
	at org.apache.hadoop.ozone.security.OzoneDelegationTokenSecretManager.renewToken(OzoneDelegationTokenSecretManager.java:296) ~[ozone-manager-1.4.0-SNAPSHOT.jar:?]
	at org.apache.hadoop.ozone.om.OzoneManager.renewDelegationToken(OzoneManager.java:2367) ~[ozone-manager-1.4.0-SNAPSHOT.jar:?]
	at org.apache.hadoop.ozone.om.request.security.OMRenewDelegationTokenRequest.preExecute(OMRenewDelegationTokenRequest.java:85) ~[ozone-manager-1.4.0-SNAPSHOT.jar:?]
	at org.apache.hadoop.ozone.protocolPB.OzoneManagerProtocolServerSideTranslatorPB.processRequest(OzoneManagerProtocolServerSideTranslatorPB.java:193) ~[ozone-manager-1.4.0-SNAPSHOT.jar:?]
	at org.apache.hadoop.hdds.server.OzoneProtocolMessageDispatcher.processRequest(OzoneProtocolMessageDispatcher.java:87) [hdds-server-framework-1.4.0-SNAPSHOT.jar:?]
	at org.apache.hadoop.ozone.protocolPB.OzoneManagerProtocolServerSideTranslatorPB.submitRequest(OzoneManagerProtocolServerSideTranslatorPB.java:148) [ozone-manager-1.4.0-SNAPSHOT.jar:?]
	at org.apache.hadoop.ozone.protocol.proto.OzoneManagerProtocolProtos$OzoneManagerService$2.callBlockingMethod(OzoneManagerProtocolProtos.java) [ozone-interface-client-1.4.0-SNAPSHOT.jar:?]
	at org.apache.hadoop.ipc.ProtobufRpcEngine$Server.processCall(ProtobufRpcEngine.java:484) [hadoop-common-3.3.6.jar:?]
	at org.apache.hadoop.ipc.ProtobufRpcEngine2$Server$ProtoBufRpcInvoker.call(ProtobufRpcEngine2.java:595) [hadoop-common-3.3.6.jar:?]
	at org.apache.hadoop.ipc.ProtobufRpcEngine2$Server$ProtoBufRpcInvoker.call(ProtobufRpcEngine2.java:573) [hadoop-common-3.3.6.jar:?]
	at org.apache.hadoop.ipc.RPC$Server.call(RPC.java:1227) [hadoop-common-3.3.6.jar:?]
	at org.apache.hadoop.ipc.Server$RpcCall.run(Server.java:1094) [hadoop-common-3.3.6.jar:?]
	at org.apache.hadoop.ipc.Server$RpcCall.run(Server.java:1017) [hadoop-common-3.3.6.jar:?]
	at java.security.AccessController.doPrivileged(Native Method) ~[?:1.8.0_382]
	at javax.security.auth.Subject.doAs(Subject.java:422) [?:1.8.0_382]
	at org.apache.hadoop.security.UserGroupInformation.doAs(UserGroupInformation.java:1899) [hadoop-common-3.3.6.jar:?]
	at org.apache.hadoop.ipc.Server$Handler.run(Server.java:3048) [hadoop-common-3.3.6.jar:?]
2023-08-10 18:38:19,959 [IPC Server handler 3 on default port 1202] ERROR om.OzoneManager (OzoneManager.java:renewDelegationToken(2377)) - Delegation token renewal failed for dt id: OzoneToken owner=om/fv-az194-926.m3vjxkz4xwiufi3h0wurkpa3rg.cx.internal.cloudapp.net@EXAMPLE.COM, renewer=randomService, realUser=, issueDate=2023-08-10T18:38:19.952Z, maxDate=2023-08-10T18:38:20.952Z, sequenceNumber=2, masterKeyId=1, strToSign=null, signature=null, awsAccessKeyId=null, omServiceId=omServiceIdDefault, omCertSerialId=1652894796278, cause: om tries to renew a token (OzoneToken owner=om/fv-az194-926.m3vjxkz4xwiufi3h0wurkpa3rg.cx.internal.cloudapp.net@EXAMPLE.COM, renewer=randomService, realUser=, issueDate=2023-08-10T18:38:19.952Z, maxDate=2023-08-10T18:38:20.952Z, sequenceNumber=2, masterKeyId=1, strToSign=null, signature=null, awsAccessKeyId=null, omServiceId=omServiceIdDefault, omCertSerialId=1652894796278) with non-matching renewer randomService
18:38:20.019 [IPC Server handler 3 on default port 1202] ERROR OMAudit - user=om/fv-az194-926.m3vjxkz4xwiufi3h0wurkpa3rg.cx.internal.cloudapp.net@EXAMPLE.COM | ip=10.1.0.69 | op=RENEW_DELEGATION_TOKEN {kind=OzoneToken, service=fv-az194-926.m3vjxkz4xwiufi3h0wurkpa3rg.cx.internal.cloudapp.net:1202, renewer=randomService} | ret=FAILURE
org.apache.hadoop.ozone.om.exceptions.OMException: Delegation token renewal failed for dt: Kind: OzoneToken, Service: fv-az194-926.m3vjxkz4xwiufi3h0wurkpa3rg.cx.internal.cloudapp.net:1202, Ident: (OzoneToken owner=om/fv-az194-926.m3vjxkz4xwiufi3h0wurkpa3rg.cx.internal.cloudapp.net@EXAMPLE.COM, renewer=randomService, realUser=, issueDate=2023-08-10T18:38:19.952Z, maxDate=2023-08-10T18:38:20.952Z, sequenceNumber=2, masterKeyId=1, strToSign=null, signature=null, awsAccessKeyId=null, omServiceId=omServiceIdDefault, omCertSerialId=1652894796278)
	at org.apache.hadoop.ozone.om.OzoneManager.renewDelegationToken(OzoneManager.java:2379) ~[ozone-manager-1.4.0-SNAPSHOT.jar:?]
	at org.apache.hadoop.ozone.om.request.security.OMRenewDelegationTokenRequest.preExecute(OMRenewDelegationTokenRequest.java:85) ~[ozone-manager-1.4.0-SNAPSHOT.jar:?]
	at org.apache.hadoop.ozone.protocolPB.OzoneManagerProtocolServerSideTranslatorPB.processRequest(OzoneManagerProtocolServerSideTranslatorPB.java:193) ~[ozone-manager-1.4.0-SNAPSHOT.jar:?]
	at org.apache.hadoop.hdds.server.OzoneProtocolMessageDispatcher.processRequest(OzoneProtocolMessageDispatcher.java:87) [hdds-server-framework-1.4.0-SNAPSHOT.jar:?]
	at org.apache.hadoop.ozone.protocolPB.OzoneManagerProtocolServerSideTranslatorPB.submitRequest(OzoneManagerProtocolServerSideTranslatorPB.java:148) [ozone-manager-1.4.0-SNAPSHOT.jar:?]
	at org.apache.hadoop.ozone.protocol.proto.OzoneManagerProtocolProtos$OzoneManagerService$2.callBlockingMethod(OzoneManagerProtocolProtos.java) [ozone-interface-client-1.4.0-SNAPSHOT.jar:?]
	at org.apache.hadoop.ipc.ProtobufRpcEngine$Server.processCall(ProtobufRpcEngine.java:484) [hadoop-common-3.3.6.jar:?]
	at org.apache.hadoop.ipc.ProtobufRpcEngine2$Server$ProtoBufRpcInvoker.call(ProtobufRpcEngine2.java:595) [hadoop-common-3.3.6.jar:?]
	at org.apache.hadoop.ipc.ProtobufRpcEngine2$Server$ProtoBufRpcInvoker.call(ProtobufRpcEngine2.java:573) [hadoop-common-3.3.6.jar:?]
	at org.apache.hadoop.ipc.RPC$Server.call(RPC.java:1227) [hadoop-common-3.3.6.jar:?]
	at org.apache.hadoop.ipc.Server$RpcCall.run(Server.java:1094) [hadoop-common-3.3.6.jar:?]
	at org.apache.hadoop.ipc.Server$RpcCall.run(Server.java:1017) [hadoop-common-3.3.6.jar:?]
	at java.security.AccessController.doPrivileged(Native Method) ~[?:1.8.0_382]
	at javax.security.auth.Subject.doAs(Subject.java:422) [?:1.8.0_382]
	at org.apache.hadoop.security.UserGroupInformation.doAs(UserGroupInformation.java:1899) [hadoop-common-3.3.6.jar:?]
	at org.apache.hadoop.ipc.Server$Handler.run(Server.java:3048) [hadoop-common-3.3.6.jar:?]
Caused by: org.apache.hadoop.security.AccessControlException: om tries to renew a token (OzoneToken owner=om/fv-az194-926.m3vjxkz4xwiufi3h0wurkpa3rg.cx.internal.cloudapp.net@EXAMPLE.COM, renewer=randomService, realUser=, issueDate=2023-08-10T18:38:19.952Z, maxDate=2023-08-10T18:38:20.952Z, sequenceNumber=2, masterKeyId=1, strToSign=null, signature=null, awsAccessKeyId=null, omServiceId=omServiceIdDefault, omCertSerialId=1652894796278) with non-matching renewer randomService
	at org.apache.hadoop.ozone.security.OzoneDelegationTokenSecretManager.renewToken(OzoneDelegationTokenSecretManager.java:308) ~[ozone-manager-1.4.0-SNAPSHOT.jar:?]
	at org.apache.hadoop.ozone.om.OzoneManager.renewDelegationToken(OzoneManager.java:2367) ~[ozone-manager-1.4.0-SNAPSHOT.jar:?]
	... 15 more
2023-08-10 18:38:20,022 [IPC Server handler 8 on default port 1202] ERROR om.OzoneManager (OzoneManager.java:renewDelegationToken(2377)) - Delegation token renewal failed for dt id: OzoneToken owner=om/fv-az194-926.m3vjxkz4xwiufi3h0wurkpa3rg.cx.internal.cloudapp.net@EXAMPLE.COM, renewer=om, realUser=, issueDate=2023-08-10T18:38:18.922Z, maxDate=2077-03-19T13:16:40.040Z, sequenceNumber=1, masterKeyId=1, strToSign=null, signature=null, awsAccessKeyId=null, omServiceId=omServiceIdDefault, omCertSerialId=1652894796278, cause: token (OzoneToken owner=om/fv-az194-926.m3vjxkz4xwiufi3h0wurkpa3rg.cx.internal.cloudapp.net@EXAMPLE.COM, renewer=om, realUser=, issueDate=2023-08-10T18:38:18.922Z, maxDate=2077-03-19T13:16:40.040Z, sequenceNumber=1, masterKeyId=1, strToSign=null, signature=null, awsAccessKeyId=null, omServiceId=omServiceIdDefault, omCertSerialId=1652894796278) can't be found in cache
18:38:20.024 [IPC Server handler 8 on default port 1202] ERROR OMAudit - user=om/fv-az194-926.m3vjxkz4xwiufi3h0wurkpa3rg.cx.internal.cloudapp.net@EXAMPLE.COM | ip=10.1.0.69 | op=RENEW_DELEGATION_TOKEN {kind=OzoneToken, service=fv-az194-926.m3vjxkz4xwiufi3h0wurkpa3rg.cx.internal.cloudapp.net:1202, renewer=om} | ret=FAILURE
org.apache.hadoop.ozone.om.exceptions.OMException: Delegation token renewal failed for dt: Kind: OzoneToken, Service: fv-az194-926.m3vjxkz4xwiufi3h0wurkpa3rg.cx.internal.cloudapp.net:1202, Ident: (OzoneToken owner=om/fv-az194-926.m3vjxkz4xwiufi3h0wurkpa3rg.cx.internal.cloudapp.net@EXAMPLE.COM, renewer=om, realUser=, issueDate=2023-08-10T18:38:18.922Z, maxDate=2077-03-19T13:16:40.040Z, sequenceNumber=1, masterKeyId=1, strToSign=null, signature=null, awsAccessKeyId=null, omServiceId=omServiceIdDefault, omCertSerialId=1652894796278)
	at org.apache.hadoop.ozone.om.OzoneManager.renewDelegationToken(OzoneManager.java:2379) ~[ozone-manager-1.4.0-SNAPSHOT.jar:?]
	at org.apache.hadoop.ozone.om.request.security.OMRenewDelegationTokenRequest.preExecute(OMRenewDelegationTokenRequest.java:85) ~[ozone-manager-1.4.0-SNAPSHOT.jar:?]
	at org.apache.hadoop.ozone.protocolPB.OzoneManagerProtocolServerSideTranslatorPB.processRequest(OzoneManagerProtocolServerSideTranslatorPB.java:193) ~[ozone-manager-1.4.0-SNAPSHOT.jar:?]
	at org.apache.hadoop.hdds.server.OzoneProtocolMessageDispatcher.processRequest(OzoneProtocolMessageDispatcher.java:87) [hdds-server-framework-1.4.0-SNAPSHOT.jar:?]
	at org.apache.hadoop.ozone.protocolPB.OzoneManagerProtocolServerSideTranslatorPB.submitRequest(OzoneManagerProtocolServerSideTranslatorPB.java:148) [ozone-manager-1.4.0-SNAPSHOT.jar:?]
	at org.apache.hadoop.ozone.protocol.proto.OzoneManagerProtocolProtos$OzoneManagerService$2.callBlockingMethod(OzoneManagerProtocolProtos.java) [ozone-interface-client-1.4.0-SNAPSHOT.jar:?]
	at org.apache.hadoop.ipc.ProtobufRpcEngine$Server.processCall(ProtobufRpcEngine.java:484) [hadoop-common-3.3.6.jar:?]
	at org.apache.hadoop.ipc.ProtobufRpcEngine2$Server$ProtoBufRpcInvoker.call(ProtobufRpcEngine2.java:595) [hadoop-common-3.3.6.jar:?]
	at org.apache.hadoop.ipc.ProtobufRpcEngine2$Server$ProtoBufRpcInvoker.call(ProtobufRpcEngine2.java:573) [hadoop-common-3.3.6.jar:?]
	at org.apache.hadoop.ipc.RPC$Server.call(RPC.java:1227) [hadoop-common-3.3.6.jar:?]
	at org.apache.hadoop.ipc.Server$RpcCall.run(Server.java:1094) [hadoop-common-3.3.6.jar:?]
	at org.apache.hadoop.ipc.Server$RpcCall.run(Server.java:1017) [hadoop-common-3.3.6.jar:?]
	at java.security.AccessController.doPrivileged(Native Method) ~[?:1.8.0_382]
	at javax.security.auth.Subject.doAs(Subject.java:422) [?:1.8.0_382]
	at org.apache.hadoop.security.UserGroupInformation.doAs(UserGroupInformation.java:1899) [hadoop-common-3.3.6.jar:?]
	at org.apache.hadoop.ipc.Server$Handler.run(Server.java:3048) [hadoop-common-3.3.6.jar:?]
Caused by: org.apache.hadoop.security.token.SecretManager$InvalidToken: token (OzoneToken owner=om/fv-az194-926.m3vjxkz4xwiufi3h0wurkpa3rg.cx.internal.cloudapp.net@EXAMPLE.COM, renewer=om, realUser=, issueDate=2023-08-10T18:38:18.922Z, maxDate=2077-03-19T13:16:40.040Z, sequenceNumber=1, masterKeyId=1, strToSign=null, signature=null, awsAccessKeyId=null, omServiceId=omServiceIdDefault, omCertSerialId=1652894796278) can't be found in cache
	at org.apache.hadoop.ozone.security.OzoneDelegationTokenSecretManager.validateToken(OzoneDelegationTokenSecretManager.java:432) ~[ozone-manager-1.4.0-SNAPSHOT.jar:?]
	at org.apache.hadoop.ozone.security.OzoneDelegationTokenSecretManager.renewToken(OzoneDelegationTokenSecretManager.java:301) ~[ozone-manager-1.4.0-SNAPSHOT.jar:?]
	at org.apache.hadoop.ozone.om.OzoneManager.renewDelegationToken(OzoneManager.java:2367) ~[ozone-manager-1.4.0-SNAPSHOT.jar:?]
	... 15 more
2023-08-10 18:38:20,025 [Time-limited test] INFO  om.OzoneManager (OzoneManager.java:stop(2187)) - om1[fv-az194-926.m3vjxkz4xwiufi3h0wurkpa3rg.cx.internal.cloudapp.net:1202]: Stopping Ozone Manager
2023-08-10 18:38:20,025 [Time-limited test] INFO  ipc.Server (Server.java:stop(3523)) - Stopping server on 1202
2023-08-10 18:38:20,028 [IPC Server listener on 1202] INFO  ipc.Server (Server.java:run(1434)) - Stopping IPC Server listener on 1202
2023-08-10 18:38:20,028 [IPC Server Responder] INFO  ipc.Server (Server.java:run(1567)) - Stopping IPC Server Responder
2023-08-10 18:38:20,030 [Time-limited test] INFO  server.RaftServer (RaftServerProxy.java:lambda$close$6(416)) - om1: close
2023-08-10 18:38:20,030 [Time-limited test] INFO  server.GrpcService (GrpcService.java:closeImpl(311)) - om1: shutdown server GrpcServerProtocolService now
2023-08-10 18:38:20,030 [om1-impl-thread1] INFO  server.RaftServer$Division (RaftServerImpl.java:lambda$close$4(466)) - om1@group-C5BA1605619E: shutdown
2023-08-10 18:38:20,030 [om1-impl-thread1] INFO  util.JmxRegister (JmxRegister.java:unregister(73)) - Successfully un-registered JMX Bean with object name Ratis:service=RaftServer,group=group-C5BA1605619E,id=om1
2023-08-10 18:38:20,030 [om1-impl-thread1] INFO  impl.RoleInfo (RoleInfo.java:shutdownLeaderState(93)) - om1: shutdown om1@group-C5BA1605619E-LeaderStateImpl
2023-08-10 18:38:20,030 [om1-impl-thread1] INFO  impl.PendingRequests (PendingRequests.java:sendNotLeaderResponses(289)) - om1@group-C5BA1605619E-PendingRequests: sendNotLeaderResponses
2023-08-10 18:38:20,033 [Time-limited test] INFO  server.GrpcService (GrpcService.java:closeImpl(320)) - om1: shutdown server GrpcServerProtocolService successfully
2023-08-10 18:38:20,034 [om1-impl-thread1] INFO  impl.StateMachineUpdater (StateMachineUpdater.java:stopAndJoin(155)) - om1@group-C5BA1605619E-StateMachineUpdater: set stopIndex = 6
2023-08-10 18:38:20,034 [om1@group-C5BA1605619E-StateMachineUpdater] INFO  ratis.OzoneManagerStateMachine (OzoneManagerStateMachine.java:takeSnapshot(480)) - Current Snapshot Index (t:1, i:6)
2023-08-10 18:38:20,043 [om1@group-C5BA1605619E-StateMachineUpdater] INFO  impl.StateMachineUpdater (StateMachineUpdater.java:takeSnapshot(291)) - om1@group-C5BA1605619E-StateMachineUpdater: Took a snapshot at index 6
2023-08-10 18:38:20,043 [om1@group-C5BA1605619E-StateMachineUpdater] INFO  impl.StateMachineUpdater (StateMachineUpdater.java:lambda$new$0(97)) - om1@group-C5BA1605619E-StateMachineUpdater: snapshotIndex: updateIncreasingly -1 -> 6
2023-08-10 18:38:20,043 [om1@group-C5BA1605619E-StateMachineUpdater] INFO  ratis.OzoneManagerStateMachine (OzoneManagerStateMachine.java:close(534)) - StateMachine has shutdown. Shutdown OzoneManager if not already shutdown.
2023-08-10 18:38:20,043 [om1@group-C5BA1605619E-StateMachineUpdater] INFO  ratis.OzoneManagerDoubleBuffer (OzoneManagerDoubleBuffer.java:stopDaemon(551)) - Stopping OMDoubleBuffer flush thread
2023-08-10 18:38:20,044 [OMDoubleBufferFlushThread] INFO  ratis.OzoneManagerDoubleBuffer (OzoneManagerDoubleBuffer.java:canFlush(638)) - OMDoubleBuffer flush thread OMDoubleBufferFlushThread is interrupted and will exit.
2023-08-10 18:38:20,044 [om1-impl-thread1] INFO  server.RaftServer$Division (ServerState.java:close(472)) - om1@group-C5BA1605619E: closes. applyIndex: 6
2023-08-10 18:38:20,957 [om1-impl-thread1] INFO  segmented.SegmentedRaftLogWorker (SegmentedRaftLogWorker.java:close(252)) - om1@group-C5BA1605619E-SegmentedRaftLogWorker close()
2023-08-10 18:38:20,958 [JvmPauseMonitor7] INFO  util.JvmPauseMonitor (JvmPauseMonitor.java:run(109)) - JvmPauseMonitor-om1: Stopped
2023-08-10 18:38:20,958 [Time-limited test] INFO  ratis.OzoneManagerStateMachine (OzoneManagerStateMachine.java:close(534)) - StateMachine has shutdown. Shutdown OzoneManager if not already shutdown.
2023-08-10 18:38:20,958 [Time-limited test] INFO  ratis.OzoneManagerDoubleBuffer (OzoneManagerDoubleBuffer.java:stopDaemon(560)) - OMDoubleBuffer flush thread is not running.
2023-08-10 18:38:20,958 [Time-limited test] INFO  utils.BackgroundService (BackgroundService.java:shutdown(141)) - Shutting down service KeyDeletingService
2023-08-10 18:38:20,958 [Time-limited test] INFO  utils.BackgroundService (BackgroundService.java:shutdown(141)) - Shutting down service KeyDeletingService
2023-08-10 18:38:20,959 [Time-limited test] INFO  utils.BackgroundService (BackgroundService.java:shutdown(141)) - Shutting down service OpenKeyCleanupService
2023-08-10 18:38:20,959 [Time-limited test] INFO  utils.BackgroundService (BackgroundService.java:shutdown(141)) - Shutting down service SstFilteringService
2023-08-10 18:38:20,959 [Time-limited test] INFO  utils.BackgroundService (BackgroundService.java:shutdown(141)) - Shutting down service SnapshotDeletingService
2023-08-10 18:38:20,959 [Time-limited test] INFO  om.OzoneManager (OzoneManager.java:stopSecretManager(1063)) - Stopping secret key client.
2023-08-10 18:38:20,959 [Time-limited test] INFO  om.OzoneManager (OzoneManager.java:stopSecretManager(1068)) - Stopping OM delegation token secret manager.
2023-08-10 18:38:20,959 [Thread[Thread-1705,5,FailOnTimeoutGroup]] INFO  security.OzoneDelegationTokenSecretManager (OzoneDelegationTokenSecretManager.java:run(653)) - ExpiredTokenRemover was interrupted.
java.lang.InterruptedException: sleep interrupted
	at java.lang.Thread.sleep(Native Method)
	at org.apache.hadoop.ozone.security.OzoneDelegationTokenSecretManager$ExpiredTokenRemover.run(OzoneDelegationTokenSecretManager.java:649)
	at java.lang.Thread.run(Thread.java:750)
2023-08-10 18:38:20,960 [Time-limited test] INFO  handler.ContextHandler (ContextHandler.java:doStop(1159)) - Stopped o.e.j.w.WebAppContext@73dc74cf{ozoneManager,/,null,STOPPED}{file:/home/runner/work/ozone/ozone/hadoop-ozone/integration-test/target/test-classes/webapps/ozoneManager}
2023-08-10 18:38:20,962 [Time-limited test] INFO  server.AbstractConnector (AbstractConnector.java:doStop(383)) - Stopped ServerConnector@3cb586a2{HTTP/1.1, (http/1.1)}{0.0.0.0:9874}
2023-08-10 18:38:20,962 [Time-limited test] INFO  server.session (HouseKeeper.java:stopScavenging(149)) - node0 Stopped scavenging
2023-08-10 18:38:20,962 [Time-limited test] INFO  handler.ContextHandler (ContextHandler.java:doStop(1159)) - Stopped o.e.j.s.ServletContextHandler@20ecaf48{static,/static,file:///home/runner/work/ozone/ozone/hadoop-ozone/integration-test/target/test-classes/webapps/static,STOPPED}
2023-08-10 18:38:20,962 [Time-limited test] INFO  handler.ContextHandler (ContextHandler.java:doStop(1159)) - Stopped o.e.j.s.ServletContextHandler@7ca84293{logs,/logs,file:///home/runner/work/ozone/ozone/hadoop-ozone/integration-test/target/log,STOPPED}
2023-08-10 18:38:20,963 [Time-limited test] INFO  rocksdiff.RocksDBCheckpointDiffer (RocksDBCheckpointDiffer.java:close(340)) - Shutting down CompactionDagPruningService.
2023-08-10 18:38:20,964 [Time-limited test] INFO  snapshot.SnapshotDiffManager (SnapshotDiffManager.java:closeExecutorService(1720)) - Shutting down executorService: 'SnapDiffExecutor'
2023-08-10 18:38:20,964 [Time-limited test] INFO  snapshot.SnapshotDiffManager (SnapshotDiffManager.java:closeExecutorService(1720)) - Shutting down executorService: 'SstDumpToolExecutor'
2023-08-10 18:38:20,964 [Time-limited test] INFO  utils.BackgroundService (BackgroundService.java:shutdown(141)) - Shutting down service SnapshotDiffCleanupService
2023-08-10 18:38:20,965 [Time-limited test] INFO  impl.DefaultInternalKdcServerImpl (DefaultInternalKdcServerImpl.java:doStop(102)) - Default Internal kdc server stopped.
2023-08-10 18:38:21,966 [Time-limited test] INFO  minikdc.MiniKdc (MiniKdc.java:stop(359)) - MiniKdc stopped.
2023-08-10 18:38:21,966 [Time-limited test] INFO  om.OzoneManager (OzoneManager.java:stop(2187)) - om1[fv-az194-926.m3vjxkz4xwiufi3h0wurkpa3rg.cx.internal.cloudapp.net:1202]: Stopping Ozone Manager
]]></system-out>
  </testcase>
  <testcase name="testSecureScmStartupFailure" classname="org.apache.hadoop.ozone.TestSecureOzoneCluster" time="1.367">
    <system-out><![CDATA[2023-08-10 18:38:21,983 [Time-limited test] INFO  net.ServerSocketUtil (ServerSocketUtil.java:getPort(55)) - Using port 9860
2023-08-10 18:38:21,983 [Time-limited test] INFO  net.ServerSocketUtil (ServerSocketUtil.java:getPort(55)) - Using port 9861
2023-08-10 18:38:21,983 [Time-limited test] INFO  net.ServerSocketUtil (ServerSocketUtil.java:getPort(55)) - Using port 9863
2023-08-10 18:38:21,983 [Time-limited test] INFO  net.ServerSocketUtil (ServerSocketUtil.java:getPort(55)) - Using port 9961
2023-08-10 18:38:21,983 [Time-limited test] INFO  net.ServerSocketUtil (ServerSocketUtil.java:getPort(55)) - Using port 1200
2023-08-10 18:38:21,983 [Time-limited test] INFO  net.ServerSocketUtil (ServerSocketUtil.java:getPort(55)) - Using port 1201
2023-08-10 18:38:21,983 [Time-limited test] INFO  minikdc.MiniKdc (MiniKdc.java:<init>(225)) - Configuration:
2023-08-10 18:38:21,983 [Time-limited test] INFO  minikdc.MiniKdc (MiniKdc.java:<init>(226)) - ---------------------------------------------------------------
2023-08-10 18:38:21,983 [Time-limited test] INFO  minikdc.MiniKdc (MiniKdc.java:<init>(228)) -   debug: false
2023-08-10 18:38:21,983 [Time-limited test] INFO  minikdc.MiniKdc (MiniKdc.java:<init>(228)) -   transport: TCP
2023-08-10 18:38:21,984 [Time-limited test] INFO  minikdc.MiniKdc (MiniKdc.java:<init>(228)) -   max.ticket.lifetime: 86400000
2023-08-10 18:38:21,984 [Time-limited test] INFO  minikdc.MiniKdc (MiniKdc.java:<init>(228)) -   org.name: EXAMPLE
2023-08-10 18:38:21,984 [Time-limited test] INFO  minikdc.MiniKdc (MiniKdc.java:<init>(228)) -   kdc.port: 0
2023-08-10 18:38:21,984 [Time-limited test] INFO  minikdc.MiniKdc (MiniKdc.java:<init>(228)) -   org.domain: COM
2023-08-10 18:38:21,984 [Time-limited test] INFO  minikdc.MiniKdc (MiniKdc.java:<init>(228)) -   max.renewable.lifetime: 604800000
2023-08-10 18:38:21,985 [Time-limited test] INFO  minikdc.MiniKdc (MiniKdc.java:<init>(228)) -   instance: DefaultKrbServer
2023-08-10 18:38:21,985 [Time-limited test] INFO  minikdc.MiniKdc (MiniKdc.java:<init>(228)) -   kdc.bind.address: localhost
2023-08-10 18:38:21,985 [Time-limited test] INFO  minikdc.MiniKdc (MiniKdc.java:<init>(230)) - ---------------------------------------------------------------
2023-08-10 18:38:21,986 [Time-limited test] INFO  minikdc.MiniKdc (MiniKdc.java:start(285)) - MiniKdc started.
2023-08-10 18:38:22,091 [Time-limited test] INFO  om.OzoneManager (OzoneManager.java:getOmDetailsProto(4555)) - OzoneManager ports added:[name: "RPC"
value: 1202
]
2023-08-10 18:38:22,091 [Time-limited test] WARN  server.ServerUtils (ServerUtils.java:getScmDbDir(155)) - ozone.scm.db.dirs is not configured. We recommend adding this setting. Falling back to ozone.metadata.dirs instead.
2023-08-10 18:38:22,091 [Time-limited test] INFO  ha.HASecurityUtils (HASecurityUtils.java:initializeSecurity(98)) - Initializing secure StorageContainerManager.
2023-08-10 18:38:22,092 [Time-limited test] INFO  client.SCMCertificateClient (DefaultCertificateClient.java:updateCertSerialId(1244)) - Certificate serial ID set to null
2023-08-10 18:38:22,092 [Time-limited test] ERROR client.SCMCertificateClient (DefaultCertificateClient.java:getCertPath(362)) - Default certificate serial id is not set. Can't locate the default certificate for this client.
2023-08-10 18:38:22,092 [Time-limited test] INFO  client.SCMCertificateClient (DefaultCertificateClient.java:init(715)) - Certificate client init case: 0
2023-08-10 18:38:22,092 [Time-limited test] INFO  client.SCMCertificateClient (SCMCertificateClient.java:handleCase(103)) - Creating keypair for client as keypair and certificate not found.
2023-08-10 18:38:22,178 [Time-limited test] INFO  ha.HASecurityUtils (HASecurityUtils.java:initializeSecurity(108)) - Init response: GETCERT
2023-08-10 18:38:22,314 [Time-limited test] INFO  ozone.OzoneSecurityUtil (OzoneSecurityUtil.java:getValidInetsForCurrentHost(119)) - ip:fe80:0:0:0:20d:3aff:fee2:9454%eth0 not returned.
2023-08-10 18:38:22,314 [Time-limited test] INFO  ozone.OzoneSecurityUtil (OzoneSecurityUtil.java:getValidInetsForCurrentHost(116)) - Adding ip:10.1.0.69,host:fv-az194-926.m3vjxkz4xwiufi3h0wurkpa3rg.cx.internal.cloudapp.net
2023-08-10 18:38:22,314 [Time-limited test] INFO  ozone.OzoneSecurityUtil (OzoneSecurityUtil.java:getValidInetsForCurrentHost(119)) - ip:0:0:0:0:0:0:0:1%lo not returned.
2023-08-10 18:38:22,314 [Time-limited test] INFO  ozone.OzoneSecurityUtil (OzoneSecurityUtil.java:getValidInetsForCurrentHost(119)) - ip:127.0.0.1 not returned.
2023-08-10 18:38:22,317 [Time-limited test] INFO  utils.SelfSignedCertificate (SelfSignedCertificate.java:generateCertificate(157)) - Certificate 1 is issued by CN=scm-1@fv-az194-926,OU=901972ff-63af-4ccd-8ed2-2c5ccd601277,O=cc56d2ce-905f-4911-976f-dd27be57b3ee to CN=scm-1@fv-az194-926,OU=901972ff-63af-4ccd-8ed2-2c5ccd601277,O=cc56d2ce-905f-4911-976f-dd27be57b3ee, valid from Thu Aug 10 18:38:22 UTC 2023 to Sun Sep 17 18:38:22 UTC 2028
2023-08-10 18:38:22,317 [Time-limited test] INFO  utils.CertificateCodec (CertificateCodec.java:writeCertificate(299)) - Save certificate to /tmp/junit4820834796167348399/junit3319668695843640225/scm-meta/scm/ca/certs/certificate.crt
2023-08-10 18:38:22,317 [Time-limited test] INFO  utils.CertificateCodec (CertificateCodec.java:writeCertificate(300)) - Certificate -----BEGIN CERTIFICATE-----
MIID5zCCAs+gAwIBAgIBATANBgkqhkiG9w0BAQsFADB7MRswGQYDVQQDDBJzY20t
MUBmdi1hejE5NC05MjYxLTArBgNVBAsMJDkwMTk3MmZmLTYzYWYtNGNjZC04ZWQy
LTJjNWNjZDYwMTI3NzEtMCsGA1UECgwkY2M1NmQyY2UtOTA1Zi00OTExLTk3NmYt
ZGQyN2JlNTdiM2VlMB4XDTIzMDgxMDE4MzgyMloXDTI4MDkxNzE4MzgyMlowezEb
MBkGA1UEAwwSc2NtLTFAZnYtYXoxOTQtOTI2MS0wKwYDVQQLDCQ5MDE5NzJmZi02
M2FmLTRjY2QtOGVkMi0yYzVjY2Q2MDEyNzcxLTArBgNVBAoMJGNjNTZkMmNlLTkw
NWYtNDkxMS05NzZmLWRkMjdiZTU3YjNlZTCCASIwDQYJKoZIhvcNAQEBBQADggEP
ADCCAQoCggEBANfXvq5MbytlnogvvjqhX+qYn9No44ssgG9od0THyiyHakcZ/3c2
CvAP7bTBonc/zY7f/qD4uLP2N3rRA+V4inKa5Z1010py0yeEuBN3y9kR9Cj9TmSW
mGGpcqVO1OhxzvOoMiGmayGZPQnNxu+OKFAlc1cxy23ilkaHe55n8Mw5v+FOv+GV
HO4s7QqyK3iO9qPTj2WiM8PpfhUlzQcNpDSf5jq5YKhufBY7JcbfIqVELN8LOaDL
SG3piW4UzGc+AC3p121seNlAX5xeV3Sr5BAr8iUSzd+uGTVEfUTwUYa3OSpeJcTu
vIAhZQPemDuO4u8XFqY2sy4SgHlTVAkFJ18CAwEAAaN2MHQwDwYDVR0TAQH/BAUw
AwEB/zAOBgNVHQ8BAf8EBAMCAQYwUQYDVR0RBEowSIcECgEARYJAZnYtYXoxOTQt
OTI2Lm0zdmp4a3o0eHdpdWZpM2gwd3Vya3BhM3JnLmN4LmludGVybmFsLmNsb3Vk
YXBwLm5ldDANBgkqhkiG9w0BAQsFAAOCAQEAsHVpB4UPXgKY1VKjZ9xsRG6sL7s9
NhwRLBTpJYH8tEHT1dqED5afDHtPRJ1obuLMwR447gyOsYlPKTJt26wkxU+pqtX0
nnDT0EEm6NIRUnj48+IRTeG2N5MopJiikMbsSyXd6fsA9k4KfnP4M8JQOrksg4kO
x/gAxVIwp2zn98e5RPxuGr/3H23VGmS6G2Rtr2o9ezGan2VOAVayiKd4w888HP0Z
vYSx4BNsvAQsDhpz1B/CQP0jcHvpvuvdDblf6gv3Gc0aIyUET7NHP5tI09+eJloi
zJfy4T4oUSdRwZGSk8xnTICSbZh5tF7BO1u45o/jPoltuVuFIdisW6zgUw==
-----END CERTIFICATE-----

2023-08-10 18:38:22,318 [Time-limited test] INFO  client.SCMCertificateClient (SCMCertificateClient.java:getCSRBuilder(165)) - Creating csr for SCM->hostName:fv-az194-926,scmId:901972ff-63af-4ccd-8ed2-2c5ccd601277,clusterId:cc56d2ce-905f-4911-976f-dd27be57b3ee,subject:scm-sub-1662392588203@fv-az194-926
2023-08-10 18:38:22,318 [Time-limited test] INFO  ozone.OzoneSecurityUtil (OzoneSecurityUtil.java:getValidInetsForCurrentHost(119)) - ip:fe80:0:0:0:20d:3aff:fee2:9454%eth0 not returned.
2023-08-10 18:38:22,318 [Time-limited test] INFO  ozone.OzoneSecurityUtil (OzoneSecurityUtil.java:getValidInetsForCurrentHost(116)) - Adding ip:10.1.0.69,host:fv-az194-926.m3vjxkz4xwiufi3h0wurkpa3rg.cx.internal.cloudapp.net
2023-08-10 18:38:22,318 [Time-limited test] INFO  ozone.OzoneSecurityUtil (OzoneSecurityUtil.java:getValidInetsForCurrentHost(119)) - ip:0:0:0:0:0:0:0:1%lo not returned.
2023-08-10 18:38:22,318 [Time-limited test] INFO  ozone.OzoneSecurityUtil (OzoneSecurityUtil.java:getValidInetsForCurrentHost(119)) - ip:127.0.0.1 not returned.
2023-08-10 18:38:22,318 [Time-limited test] INFO  ha.HASecurityUtils (HASecurityUtils.java:generateCSR(308)) - Creating csr for SCM->hostName:fv-az194-926,scmId:901972ff-63af-4ccd-8ed2-2c5ccd601277,clusterId:cc56d2ce-905f-4911-976f-dd27be57b3ee,subject:scm-sub-1662393110104@fv-az194-926
2023-08-10 18:38:22,322 [Time-limited test] INFO  authority.DefaultApprover (DefaultApprover.java:sign(154)) - Extensions in CSR: 2.5.29.19, 2.5.29.15, 2.5.29.17
2023-08-10 18:38:22,322 [Time-limited test] INFO  authority.DefaultApprover (DefaultApprover.java:sign(158)) - Extensions to add to the certificate if they present in CSR: 2.5.29.17, 2.5.29.19, 1.3.6.1.5.5.7.1.12, 2.5.29.35, 2.5.29.37, 2.5.29.15
2023-08-10 18:38:22,325 [Time-limited test] INFO  utils.CertificateCodec (CertificateCodec.java:writeCertificate(299)) - Save certificate to /tmp/junit4820834796167348399/junit3319668695843640225/scm-meta/scm/sub-ca/certs/CA-1.crt
2023-08-10 18:38:22,325 [Time-limited test] INFO  utils.CertificateCodec (CertificateCodec.java:writeCertificate(300)) - Certificate -----BEGIN CERTIFICATE-----
MIID5zCCAs+gAwIBAgIBATANBgkqhkiG9w0BAQsFADB7MRswGQYDVQQDDBJzY20t
MUBmdi1hejE5NC05MjYxLTArBgNVBAsMJDkwMTk3MmZmLTYzYWYtNGNjZC04ZWQy
LTJjNWNjZDYwMTI3NzEtMCsGA1UECgwkY2M1NmQyY2UtOTA1Zi00OTExLTk3NmYt
ZGQyN2JlNTdiM2VlMB4XDTIzMDgxMDE4MzgyMloXDTI4MDkxNzE4MzgyMlowezEb
MBkGA1UEAwwSc2NtLTFAZnYtYXoxOTQtOTI2MS0wKwYDVQQLDCQ5MDE5NzJmZi02
M2FmLTRjY2QtOGVkMi0yYzVjY2Q2MDEyNzcxLTArBgNVBAoMJGNjNTZkMmNlLTkw
NWYtNDkxMS05NzZmLWRkMjdiZTU3YjNlZTCCASIwDQYJKoZIhvcNAQEBBQADggEP
ADCCAQoCggEBANfXvq5MbytlnogvvjqhX+qYn9No44ssgG9od0THyiyHakcZ/3c2
CvAP7bTBonc/zY7f/qD4uLP2N3rRA+V4inKa5Z1010py0yeEuBN3y9kR9Cj9TmSW
mGGpcqVO1OhxzvOoMiGmayGZPQnNxu+OKFAlc1cxy23ilkaHe55n8Mw5v+FOv+GV
HO4s7QqyK3iO9qPTj2WiM8PpfhUlzQcNpDSf5jq5YKhufBY7JcbfIqVELN8LOaDL
SG3piW4UzGc+AC3p121seNlAX5xeV3Sr5BAr8iUSzd+uGTVEfUTwUYa3OSpeJcTu
vIAhZQPemDuO4u8XFqY2sy4SgHlTVAkFJ18CAwEAAaN2MHQwDwYDVR0TAQH/BAUw
AwEB/zAOBgNVHQ8BAf8EBAMCAQYwUQYDVR0RBEowSIcECgEARYJAZnYtYXoxOTQt
OTI2Lm0zdmp4a3o0eHdpdWZpM2gwd3Vya3BhM3JnLmN4LmludGVybmFsLmNsb3Vk
YXBwLm5ldDANBgkqhkiG9w0BAQsFAAOCAQEAsHVpB4UPXgKY1VKjZ9xsRG6sL7s9
NhwRLBTpJYH8tEHT1dqED5afDHtPRJ1obuLMwR447gyOsYlPKTJt26wkxU+pqtX0
nnDT0EEm6NIRUnj48+IRTeG2N5MopJiikMbsSyXd6fsA9k4KfnP4M8JQOrksg4kO
x/gAxVIwp2zn98e5RPxuGr/3H23VGmS6G2Rtr2o9ezGan2VOAVayiKd4w888HP0Z
vYSx4BNsvAQsDhpz1B/CQP0jcHvpvuvdDblf6gv3Gc0aIyUET7NHP5tI09+eJloi
zJfy4T4oUSdRwZGSk8xnTICSbZh5tF7BO1u45o/jPoltuVuFIdisW6zgUw==
-----END CERTIFICATE-----

2023-08-10 18:38:22,326 [Time-limited test] INFO  utils.CertificateCodec (CertificateCodec.java:writeCertificate(299)) - Save certificate to /tmp/junit4820834796167348399/junit3319668695843640225/scm-meta/scm/sub-ca/certs/1662396267612.crt
2023-08-10 18:38:22,326 [Time-limited test] INFO  utils.CertificateCodec (CertificateCodec.java:writeCertificate(300)) - Certificate -----BEGIN CERTIFICATE-----
MIID/TCCAuWgAwIBAgIGAYMOifxcMA0GCSqGSIb3DQEBCwUAMHsxGzAZBgNVBAMM
EnNjbS0xQGZ2LWF6MTk0LTkyNjEtMCsGA1UECwwkOTAxOTcyZmYtNjNhZi00Y2Nk
LThlZDItMmM1Y2NkNjAxMjc3MS0wKwYDVQQKDCRjYzU2ZDJjZS05MDVmLTQ5MTEt
OTc2Zi1kZDI3YmU1N2IzZWUwHhcNMjMwODEwMTgzODIyWhcNMjgwOTE3MTgzODIy
WjCBizErMCkGA1UEAwwic2NtLXN1Yi0xNjYyMzkzMTEwMTA0QGZ2LWF6MTk0LTky
NjEtMCsGA1UECwwkOTAxOTcyZmYtNjNhZi00Y2NkLThlZDItMmM1Y2NkNjAxMjc3
MS0wKwYDVQQKDCRjYzU2ZDJjZS05MDVmLTQ5MTEtOTc2Zi1kZDI3YmU1N2IzZWUw
ggEiMA0GCSqGSIb3DQEBAQUAA4IBDwAwggEKAoIBAQCSmQGBttUiphhjgXyIk36V
T85Xau9MsAWzIo/OzPpHt/l0zLyHlhkq6tww0v3+oaMNQhH1d7YYXUzsO3O5fDtz
Wr9ryHgh6Io6EoXOF4DyBuI6IqMvxNRxHG3mNwKV7zjfYH5kZCINzTqOIebYdnXx
rwAMHRDxrPuCpntDAGe/HzRYx6xw36+86c9chSwcYWQ/LWXOrCqfzBvHxo+KYwlF
0G1xCPFORp4mz5h+U/TiOvffsMmyLN9kfarXfDh8DM3jhEgyFYpnsMoMk3T0XhI7
2sz9kVzdskzx49pb8um7usn7iM+a6M84kmfYJYvMAM97V/4pywwna3NQhgFGD/zB
AgMBAAGjdjB0MFEGA1UdEQRKMEiHBAoBAEWCQGZ2LWF6MTk0LTkyNi5tM3ZqeGt6
NHh3aXVmaTNoMHd1cmtwYTNyZy5jeC5pbnRlcm5hbC5jbG91ZGFwcC5uZXQwDwYD
VR0TAQH/BAUwAwEB/zAOBgNVHQ8BAf8EBAMCAb4wDQYJKoZIhvcNAQELBQADggEB
ALZ8ChU1AZZGvOqRve7NtWfny8en0Q/VE7dtV9fJNug4scO5lV+sNY/r04T5qqsh
8jTSmi4qeEQ1dGaOTHaMzG+WSYrLz7HvQ28yvV0v125XyxYRlY8k9rObt/xjkUUR
pyUmDAmEcE78nWqk8BaaMi9OHQs8AJcI9QL3p7e8e3ihp47HcE0x98RkMiMMMTD6
WgEc14FTGCveJcSPE2DIj4jAbiHAScJvGGJoslnQPtkez70Kty6z3Gf/LKQOE5aa
yw8F2lmw9kTmFhERDbQmHx79qFu7dTDcE+2LwEKDJ82KwSHecQh4PKWaYb9kwo0u
awYGHnsMkdgcTI3Cx0nHf68=
-----END CERTIFICATE-----

-----BEGIN CERTIFICATE-----
MIID5zCCAs+gAwIBAgIBATANBgkqhkiG9w0BAQsFADB7MRswGQYDVQQDDBJzY20t
MUBmdi1hejE5NC05MjYxLTArBgNVBAsMJDkwMTk3MmZmLTYzYWYtNGNjZC04ZWQy
LTJjNWNjZDYwMTI3NzEtMCsGA1UECgwkY2M1NmQyY2UtOTA1Zi00OTExLTk3NmYt
ZGQyN2JlNTdiM2VlMB4XDTIzMDgxMDE4MzgyMloXDTI4MDkxNzE4MzgyMlowezEb
MBkGA1UEAwwSc2NtLTFAZnYtYXoxOTQtOTI2MS0wKwYDVQQLDCQ5MDE5NzJmZi02
M2FmLTRjY2QtOGVkMi0yYzVjY2Q2MDEyNzcxLTArBgNVBAoMJGNjNTZkMmNlLTkw
NWYtNDkxMS05NzZmLWRkMjdiZTU3YjNlZTCCASIwDQYJKoZIhvcNAQEBBQADggEP
ADCCAQoCggEBANfXvq5MbytlnogvvjqhX+qYn9No44ssgG9od0THyiyHakcZ/3c2
CvAP7bTBonc/zY7f/qD4uLP2N3rRA+V4inKa5Z1010py0yeEuBN3y9kR9Cj9TmSW
mGGpcqVO1OhxzvOoMiGmayGZPQnNxu+OKFAlc1cxy23ilkaHe55n8Mw5v+FOv+GV
HO4s7QqyK3iO9qPTj2WiM8PpfhUlzQcNpDSf5jq5YKhufBY7JcbfIqVELN8LOaDL
SG3piW4UzGc+AC3p121seNlAX5xeV3Sr5BAr8iUSzd+uGTVEfUTwUYa3OSpeJcTu
vIAhZQPemDuO4u8XFqY2sy4SgHlTVAkFJ18CAwEAAaN2MHQwDwYDVR0TAQH/BAUw
AwEB/zAOBgNVHQ8BAf8EBAMCAQYwUQYDVR0RBEowSIcECgEARYJAZnYtYXoxOTQt
OTI2Lm0zdmp4a3o0eHdpdWZpM2gwd3Vya3BhM3JnLmN4LmludGVybmFsLmNsb3Vk
YXBwLm5ldDANBgkqhkiG9w0BAQsFAAOCAQEAsHVpB4UPXgKY1VKjZ9xsRG6sL7s9
NhwRLBTpJYH8tEHT1dqED5afDHtPRJ1obuLMwR447gyOsYlPKTJt26wkxU+pqtX0
nnDT0EEm6NIRUnj48+IRTeG2N5MopJiikMbsSyXd6fsA9k4KfnP4M8JQOrksg4kO
x/gAxVIwp2zn98e5RPxuGr/3H23VGmS6G2Rtr2o9ezGan2VOAVayiKd4w888HP0Z
vYSx4BNsvAQsDhpz1B/CQP0jcHvpvuvdDblf6gv3Gc0aIyUET7NHP5tI09+eJloi
zJfy4T4oUSdRwZGSk8xnTICSbZh5tF7BO1u45o/jPoltuVuFIdisW6zgUw==
-----END CERTIFICATE-----

2023-08-10 18:38:22,326 [Time-limited test] INFO  utils.CertificateCodec (CertificateCodec.java:writeCertificate(299)) - Save certificate to /tmp/junit4820834796167348399/junit3319668695843640225/scm-meta/scm/sub-ca/certs/certificate.crt
2023-08-10 18:38:22,326 [Time-limited test] INFO  utils.CertificateCodec (CertificateCodec.java:writeCertificate(300)) - Certificate -----BEGIN CERTIFICATE-----
MIID/TCCAuWgAwIBAgIGAYMOifxcMA0GCSqGSIb3DQEBCwUAMHsxGzAZBgNVBAMM
EnNjbS0xQGZ2LWF6MTk0LTkyNjEtMCsGA1UECwwkOTAxOTcyZmYtNjNhZi00Y2Nk
LThlZDItMmM1Y2NkNjAxMjc3MS0wKwYDVQQKDCRjYzU2ZDJjZS05MDVmLTQ5MTEt
OTc2Zi1kZDI3YmU1N2IzZWUwHhcNMjMwODEwMTgzODIyWhcNMjgwOTE3MTgzODIy
WjCBizErMCkGA1UEAwwic2NtLXN1Yi0xNjYyMzkzMTEwMTA0QGZ2LWF6MTk0LTky
NjEtMCsGA1UECwwkOTAxOTcyZmYtNjNhZi00Y2NkLThlZDItMmM1Y2NkNjAxMjc3
MS0wKwYDVQQKDCRjYzU2ZDJjZS05MDVmLTQ5MTEtOTc2Zi1kZDI3YmU1N2IzZWUw
ggEiMA0GCSqGSIb3DQEBAQUAA4IBDwAwggEKAoIBAQCSmQGBttUiphhjgXyIk36V
T85Xau9MsAWzIo/OzPpHt/l0zLyHlhkq6tww0v3+oaMNQhH1d7YYXUzsO3O5fDtz
Wr9ryHgh6Io6EoXOF4DyBuI6IqMvxNRxHG3mNwKV7zjfYH5kZCINzTqOIebYdnXx
rwAMHRDxrPuCpntDAGe/HzRYx6xw36+86c9chSwcYWQ/LWXOrCqfzBvHxo+KYwlF
0G1xCPFORp4mz5h+U/TiOvffsMmyLN9kfarXfDh8DM3jhEgyFYpnsMoMk3T0XhI7
2sz9kVzdskzx49pb8um7usn7iM+a6M84kmfYJYvMAM97V/4pywwna3NQhgFGD/zB
AgMBAAGjdjB0MFEGA1UdEQRKMEiHBAoBAEWCQGZ2LWF6MTk0LTkyNi5tM3ZqeGt6
NHh3aXVmaTNoMHd1cmtwYTNyZy5jeC5pbnRlcm5hbC5jbG91ZGFwcC5uZXQwDwYD
VR0TAQH/BAUwAwEB/zAOBgNVHQ8BAf8EBAMCAb4wDQYJKoZIhvcNAQELBQADggEB
ALZ8ChU1AZZGvOqRve7NtWfny8en0Q/VE7dtV9fJNug4scO5lV+sNY/r04T5qqsh
8jTSmi4qeEQ1dGaOTHaMzG+WSYrLz7HvQ28yvV0v125XyxYRlY8k9rObt/xjkUUR
pyUmDAmEcE78nWqk8BaaMi9OHQs8AJcI9QL3p7e8e3ihp47HcE0x98RkMiMMMTD6
WgEc14FTGCveJcSPE2DIj4jAbiHAScJvGGJoslnQPtkez70Kty6z3Gf/LKQOE5aa
yw8F2lmw9kTmFhERDbQmHx79qFu7dTDcE+2LwEKDJ82KwSHecQh4PKWaYb9kwo0u
awYGHnsMkdgcTI3Cx0nHf68=
-----END CERTIFICATE-----

-----BEGIN CERTIFICATE-----
MIID5zCCAs+gAwIBAgIBATANBgkqhkiG9w0BAQsFADB7MRswGQYDVQQDDBJzY20t
MUBmdi1hejE5NC05MjYxLTArBgNVBAsMJDkwMTk3MmZmLTYzYWYtNGNjZC04ZWQy
LTJjNWNjZDYwMTI3NzEtMCsGA1UECgwkY2M1NmQyY2UtOTA1Zi00OTExLTk3NmYt
ZGQyN2JlNTdiM2VlMB4XDTIzMDgxMDE4MzgyMloXDTI4MDkxNzE4MzgyMlowezEb
MBkGA1UEAwwSc2NtLTFAZnYtYXoxOTQtOTI2MS0wKwYDVQQLDCQ5MDE5NzJmZi02
M2FmLTRjY2QtOGVkMi0yYzVjY2Q2MDEyNzcxLTArBgNVBAoMJGNjNTZkMmNlLTkw
NWYtNDkxMS05NzZmLWRkMjdiZTU3YjNlZTCCASIwDQYJKoZIhvcNAQEBBQADggEP
ADCCAQoCggEBANfXvq5MbytlnogvvjqhX+qYn9No44ssgG9od0THyiyHakcZ/3c2
CvAP7bTBonc/zY7f/qD4uLP2N3rRA+V4inKa5Z1010py0yeEuBN3y9kR9Cj9TmSW
mGGpcqVO1OhxzvOoMiGmayGZPQnNxu+OKFAlc1cxy23ilkaHe55n8Mw5v+FOv+GV
HO4s7QqyK3iO9qPTj2WiM8PpfhUlzQcNpDSf5jq5YKhufBY7JcbfIqVELN8LOaDL
SG3piW4UzGc+AC3p121seNlAX5xeV3Sr5BAr8iUSzd+uGTVEfUTwUYa3OSpeJcTu
vIAhZQPemDuO4u8XFqY2sy4SgHlTVAkFJ18CAwEAAaN2MHQwDwYDVR0TAQH/BAUw
AwEB/zAOBgNVHQ8BAf8EBAMCAQYwUQYDVR0RBEowSIcECgEARYJAZnYtYXoxOTQt
OTI2Lm0zdmp4a3o0eHdpdWZpM2gwd3Vya3BhM3JnLmN4LmludGVybmFsLmNsb3Vk
YXBwLm5ldDANBgkqhkiG9w0BAQsFAAOCAQEAsHVpB4UPXgKY1VKjZ9xsRG6sL7s9
NhwRLBTpJYH8tEHT1dqED5afDHtPRJ1obuLMwR447gyOsYlPKTJt26wkxU+pqtX0
nnDT0EEm6NIRUnj48+IRTeG2N5MopJiikMbsSyXd6fsA9k4KfnP4M8JQOrksg4kO
x/gAxVIwp2zn98e5RPxuGr/3H23VGmS6G2Rtr2o9ezGan2VOAVayiKd4w888HP0Z
vYSx4BNsvAQsDhpz1B/CQP0jcHvpvuvdDblf6gv3Gc0aIyUET7NHP5tI09+eJloi
zJfy4T4oUSdRwZGSk8xnTICSbZh5tF7BO1u45o/jPoltuVuFIdisW6zgUw==
-----END CERTIFICATE-----

2023-08-10 18:38:22,326 [Time-limited test] INFO  ha.HASecurityUtils (HASecurityUtils.java:initializeSecurity(121)) - Successfully stored SCM signed certificate.
2023-08-10 18:38:22,328 [Time-limited test] WARN  server.ServerUtils (ServerUtils.java:getScmDbDir(155)) - ozone.scm.db.dirs is not configured. We recommend adding this setting. Falling back to ozone.metadata.dirs instead.
2023-08-10 18:38:22,329 [Time-limited test] INFO  ha.SCMHANodeDetails (SCMHANodeDetails.java:loadSCMHAConfig(210)) - ServiceID for StorageContainerManager is null
2023-08-10 18:38:22,329 [Time-limited test] INFO  ha.SCMHANodeDetails (SCMHANodeDetails.java:loadSCMHAConfig(215)) - ozone.scm.default.service.id is not defined, falling back to ozone.scm.service.ids to find serviceID for StorageContainerManager if it is HA enabled cluster
2023-08-10 18:38:22,331 [Time-limited test] WARN  server.ServerUtils (ServerUtils.java:getScmDbDir(155)) - ozone.scm.db.dirs is not configured. We recommend adding this setting. Falling back to ozone.metadata.dirs instead.
2023-08-10 18:38:22,331 [Time-limited test] INFO  ha.SCMHANodeDetails (SCMHANodeDetails.java:loadSCMHAConfig(210)) - ServiceID for StorageContainerManager is null
2023-08-10 18:38:22,331 [Time-limited test] INFO  ha.SCMHANodeDetails (SCMHANodeDetails.java:loadSCMHAConfig(215)) - ozone.scm.default.service.id is not defined, falling back to ozone.scm.service.ids to find serviceID for StorageContainerManager if it is HA enabled cluster
2023-08-10 18:38:22,332 [Time-limited test] WARN  server.ServerUtils (ServerUtils.java:getScmDbDir(155)) - ozone.scm.db.dirs is not configured. We recommend adding this setting. Falling back to ozone.metadata.dirs instead.
2023-08-10 18:38:22,332 [Time-limited test] INFO  ha.SCMHANodeDetails (SCMHANodeDetails.java:loadSCMHAConfig(210)) - ServiceID for StorageContainerManager is null
2023-08-10 18:38:22,332 [Time-limited test] INFO  ha.SCMHANodeDetails (SCMHANodeDetails.java:loadSCMHAConfig(215)) - ozone.scm.default.service.id is not defined, falling back to ozone.scm.service.ids to find serviceID for StorageContainerManager if it is HA enabled cluster
2023-08-10 18:38:22,333 [Time-limited test] WARN  server.ServerUtils (ServerUtils.java:getScmDbDir(155)) - ozone.scm.db.dirs is not configured. We recommend adding this setting. Falling back to ozone.metadata.dirs instead.
2023-08-10 18:38:22,333 [Time-limited test] INFO  ha.SCMHANodeDetails (SCMHANodeDetails.java:loadSCMHAConfig(210)) - ServiceID for StorageContainerManager is null
2023-08-10 18:38:22,333 [Time-limited test] INFO  ha.SCMHANodeDetails (SCMHANodeDetails.java:loadSCMHAConfig(215)) - ozone.scm.default.service.id is not defined, falling back to ozone.scm.service.ids to find serviceID for StorageContainerManager if it is HA enabled cluster
2023-08-10 18:38:22,333 [Time-limited test] INFO  impl.DefaultInternalKdcServerImpl (DefaultInternalKdcServerImpl.java:doStop(102)) - Default Internal kdc server stopped.
2023-08-10 18:38:23,334 [Time-limited test] INFO  minikdc.MiniKdc (MiniKdc.java:stop(359)) - MiniKdc stopped.
]]></system-out>
  </testcase>
  <testcase name="testAdminAccessControlException" classname="org.apache.hadoop.ozone.TestSecureOzoneCluster" time="4.778">
    <system-out><![CDATA[2023-08-10 18:38:23,352 [Time-limited test] INFO  net.ServerSocketUtil (ServerSocketUtil.java:getPort(55)) - Using port 9860
2023-08-10 18:38:23,352 [Time-limited test] INFO  net.ServerSocketUtil (ServerSocketUtil.java:getPort(55)) - Using port 9861
2023-08-10 18:38:23,352 [Time-limited test] INFO  net.ServerSocketUtil (ServerSocketUtil.java:getPort(55)) - Using port 9863
2023-08-10 18:38:23,352 [Time-limited test] INFO  net.ServerSocketUtil (ServerSocketUtil.java:getPort(55)) - Using port 9961
2023-08-10 18:38:23,352 [Time-limited test] INFO  net.ServerSocketUtil (ServerSocketUtil.java:getPort(55)) - Using port 1200
2023-08-10 18:38:23,352 [Time-limited test] INFO  net.ServerSocketUtil (ServerSocketUtil.java:getPort(55)) - Using port 1201
2023-08-10 18:38:23,353 [Time-limited test] INFO  minikdc.MiniKdc (MiniKdc.java:<init>(225)) - Configuration:
2023-08-10 18:38:23,353 [Time-limited test] INFO  minikdc.MiniKdc (MiniKdc.java:<init>(226)) - ---------------------------------------------------------------
2023-08-10 18:38:23,353 [Time-limited test] INFO  minikdc.MiniKdc (MiniKdc.java:<init>(228)) -   debug: false
2023-08-10 18:38:23,354 [Time-limited test] INFO  minikdc.MiniKdc (MiniKdc.java:<init>(228)) -   transport: TCP
2023-08-10 18:38:23,354 [Time-limited test] INFO  minikdc.MiniKdc (MiniKdc.java:<init>(228)) -   max.ticket.lifetime: 86400000
2023-08-10 18:38:23,354 [Time-limited test] INFO  minikdc.MiniKdc (MiniKdc.java:<init>(228)) -   org.name: EXAMPLE
2023-08-10 18:38:23,354 [Time-limited test] INFO  minikdc.MiniKdc (MiniKdc.java:<init>(228)) -   kdc.port: 0
2023-08-10 18:38:23,354 [Time-limited test] INFO  minikdc.MiniKdc (MiniKdc.java:<init>(228)) -   org.domain: COM
2023-08-10 18:38:23,354 [Time-limited test] INFO  minikdc.MiniKdc (MiniKdc.java:<init>(228)) -   max.renewable.lifetime: 604800000
2023-08-10 18:38:23,354 [Time-limited test] INFO  minikdc.MiniKdc (MiniKdc.java:<init>(228)) -   instance: DefaultKrbServer
2023-08-10 18:38:23,354 [Time-limited test] INFO  minikdc.MiniKdc (MiniKdc.java:<init>(228)) -   kdc.bind.address: localhost
2023-08-10 18:38:23,354 [Time-limited test] INFO  minikdc.MiniKdc (MiniKdc.java:<init>(230)) - ---------------------------------------------------------------
2023-08-10 18:38:23,355 [Time-limited test] INFO  minikdc.MiniKdc (MiniKdc.java:start(285)) - MiniKdc started.
2023-08-10 18:38:23,444 [Time-limited test] INFO  om.OzoneManager (OzoneManager.java:getOmDetailsProto(4555)) - OzoneManager ports added:[name: "RPC"
value: 1202
]
2023-08-10 18:38:23,444 [Time-limited test] WARN  server.ServerUtils (ServerUtils.java:getScmDbDir(155)) - ozone.scm.db.dirs is not configured. We recommend adding this setting. Falling back to ozone.metadata.dirs instead.
2023-08-10 18:38:23,445 [Time-limited test] INFO  ha.HASecurityUtils (HASecurityUtils.java:initializeSecurity(98)) - Initializing secure StorageContainerManager.
2023-08-10 18:38:23,445 [Time-limited test] INFO  client.SCMCertificateClient (DefaultCertificateClient.java:updateCertSerialId(1244)) - Certificate serial ID set to null
2023-08-10 18:38:23,445 [Time-limited test] ERROR client.SCMCertificateClient (DefaultCertificateClient.java:getCertPath(362)) - Default certificate serial id is not set. Can't locate the default certificate for this client.
2023-08-10 18:38:23,445 [Time-limited test] INFO  client.SCMCertificateClient (DefaultCertificateClient.java:init(715)) - Certificate client init case: 0
2023-08-10 18:38:23,446 [Time-limited test] INFO  client.SCMCertificateClient (SCMCertificateClient.java:handleCase(103)) - Creating keypair for client as keypair and certificate not found.
2023-08-10 18:38:23,549 [Time-limited test] INFO  ha.HASecurityUtils (HASecurityUtils.java:initializeSecurity(108)) - Init response: GETCERT
2023-08-10 18:38:23,949 [Time-limited test] INFO  ozone.OzoneSecurityUtil (OzoneSecurityUtil.java:getValidInetsForCurrentHost(119)) - ip:fe80:0:0:0:20d:3aff:fee2:9454%eth0 not returned.
2023-08-10 18:38:23,949 [Time-limited test] INFO  ozone.OzoneSecurityUtil (OzoneSecurityUtil.java:getValidInetsForCurrentHost(116)) - Adding ip:10.1.0.69,host:fv-az194-926.m3vjxkz4xwiufi3h0wurkpa3rg.cx.internal.cloudapp.net
2023-08-10 18:38:23,949 [Time-limited test] INFO  ozone.OzoneSecurityUtil (OzoneSecurityUtil.java:getValidInetsForCurrentHost(119)) - ip:0:0:0:0:0:0:0:1%lo not returned.
2023-08-10 18:38:23,949 [Time-limited test] INFO  ozone.OzoneSecurityUtil (OzoneSecurityUtil.java:getValidInetsForCurrentHost(119)) - ip:127.0.0.1 not returned.
2023-08-10 18:38:23,952 [Time-limited test] INFO  utils.SelfSignedCertificate (SelfSignedCertificate.java:generateCertificate(157)) - Certificate 1 is issued by CN=scm-1@fv-az194-926,OU=99d34dcf-da7c-43cb-bcd1-bb7e917be455,O=c52c326a-61ba-4884-b836-0a5e8f0591b8 to CN=scm-1@fv-az194-926,OU=99d34dcf-da7c-43cb-bcd1-bb7e917be455,O=c52c326a-61ba-4884-b836-0a5e8f0591b8, valid from Thu Aug 10 18:38:23 UTC 2023 to Sun Sep 17 18:38:23 UTC 2028
2023-08-10 18:38:23,953 [Time-limited test] INFO  utils.CertificateCodec (CertificateCodec.java:writeCertificate(299)) - Save certificate to /tmp/junit8702849483422925460/junit4710518711459813340/scm-meta/scm/ca/certs/certificate.crt
2023-08-10 18:38:23,953 [Time-limited test] INFO  utils.CertificateCodec (CertificateCodec.java:writeCertificate(300)) - Certificate -----BEGIN CERTIFICATE-----
MIID5zCCAs+gAwIBAgIBATANBgkqhkiG9w0BAQsFADB7MRswGQYDVQQDDBJzY20t
MUBmdi1hejE5NC05MjYxLTArBgNVBAsMJDk5ZDM0ZGNmLWRhN2MtNDNjYi1iY2Qx
LWJiN2U5MTdiZTQ1NTEtMCsGA1UECgwkYzUyYzMyNmEtNjFiYS00ODg0LWI4MzYt
MGE1ZThmMDU5MWI4MB4XDTIzMDgxMDE4MzgyM1oXDTI4MDkxNzE4MzgyM1owezEb
MBkGA1UEAwwSc2NtLTFAZnYtYXoxOTQtOTI2MS0wKwYDVQQLDCQ5OWQzNGRjZi1k
YTdjLTQzY2ItYmNkMS1iYjdlOTE3YmU0NTUxLTArBgNVBAoMJGM1MmMzMjZhLTYx
YmEtNDg4NC1iODM2LTBhNWU4ZjA1OTFiODCCASIwDQYJKoZIhvcNAQEBBQADggEP
ADCCAQoCggEBANNzazCCqCzsCNdOY3yBCf2cP+vQakpH/PDf3r7S+rJVI154yLxo
mVLNAhkA6/4uLb7eJ/Mn6+zGvIaOWIJUdr5Wnaqr3bq+0JxVgqGsl4vH48h8sHCa
eiJBXcahZ5Y3Bb8+mFXbgTCeBNw99mNaxC1vI78nuwGB9/Ov/Lj9eZK5pL15JhSY
N4OfeS2yVIBWHpj1kfaMI08hIV8AoRbwV4eeB81y6YgqrfKKXmqIqt1Lvo2RRHUi
tSfLm01olt0nFNxPY2f0417PihMr1HG7R6/IP7TRANvdQ6N69wZen8B2OMCIWSlB
SY0sNu7hGJNgRXcxaBjdryE67Ib3Ep3U1BsCAwEAAaN2MHQwDwYDVR0TAQH/BAUw
AwEB/zAOBgNVHQ8BAf8EBAMCAQYwUQYDVR0RBEowSIcECgEARYJAZnYtYXoxOTQt
OTI2Lm0zdmp4a3o0eHdpdWZpM2gwd3Vya3BhM3JnLmN4LmludGVybmFsLmNsb3Vk
YXBwLm5ldDANBgkqhkiG9w0BAQsFAAOCAQEABtSkS9a8FcwSteeqlAkOGgzDuYJq
ryCEt6NMVntnve5nrYG9oGPZfCY4MVgjnz/c291oTzJQFWbCItfNRX8T/vGvhyM9
k+VNKp7WX8UVNEtCeCm+WLwarsz5Xjhzvis44IXEnw1hUNyg0PZkh9656COWRxy+
nNJFgdlxPawcHgZHpVGdaZtSFl9HJbBr/yrZWwZ7QLWZ7xDuDRaORH72Vkc6gbR/
mcvLirrrR+VA0hY0B9+CRSeheODkVnghX/U8m6uvMz4lkAqvbA++L1vhS7XW57uV
LhGBgBZKbhe7hhp5ooJTwOQxbcpYlTqVmyV6t3joV8hcirdbzAtetWXyZA==
-----END CERTIFICATE-----

2023-08-10 18:38:23,953 [Time-limited test] INFO  client.SCMCertificateClient (SCMCertificateClient.java:getCSRBuilder(165)) - Creating csr for SCM->hostName:fv-az194-926,scmId:99d34dcf-da7c-43cb-bcd1-bb7e917be455,clusterId:c52c326a-61ba-4884-b836-0a5e8f0591b8,subject:scm-sub-1664027919738@fv-az194-926
2023-08-10 18:38:23,953 [Time-limited test] INFO  ozone.OzoneSecurityUtil (OzoneSecurityUtil.java:getValidInetsForCurrentHost(119)) - ip:fe80:0:0:0:20d:3aff:fee2:9454%eth0 not returned.
2023-08-10 18:38:23,953 [Time-limited test] INFO  ozone.OzoneSecurityUtil (OzoneSecurityUtil.java:getValidInetsForCurrentHost(116)) - Adding ip:10.1.0.69,host:fv-az194-926.m3vjxkz4xwiufi3h0wurkpa3rg.cx.internal.cloudapp.net
2023-08-10 18:38:23,954 [Time-limited test] INFO  ozone.OzoneSecurityUtil (OzoneSecurityUtil.java:getValidInetsForCurrentHost(119)) - ip:0:0:0:0:0:0:0:1%lo not returned.
2023-08-10 18:38:23,954 [Time-limited test] INFO  ozone.OzoneSecurityUtil (OzoneSecurityUtil.java:getValidInetsForCurrentHost(119)) - ip:127.0.0.1 not returned.
2023-08-10 18:38:23,954 [Time-limited test] INFO  ha.HASecurityUtils (HASecurityUtils.java:generateCSR(308)) - Creating csr for SCM->hostName:fv-az194-926,scmId:99d34dcf-da7c-43cb-bcd1-bb7e917be455,clusterId:c52c326a-61ba-4884-b836-0a5e8f0591b8,subject:scm-sub-1664028461839@fv-az194-926
2023-08-10 18:38:23,957 [Time-limited test] INFO  authority.DefaultApprover (DefaultApprover.java:sign(154)) - Extensions in CSR: 2.5.29.19, 2.5.29.15, 2.5.29.17
2023-08-10 18:38:23,957 [Time-limited test] INFO  authority.DefaultApprover (DefaultApprover.java:sign(158)) - Extensions to add to the certificate if they present in CSR: 2.5.29.17, 2.5.29.19, 1.3.6.1.5.5.7.1.12, 2.5.29.35, 2.5.29.37, 2.5.29.15
2023-08-10 18:38:23,960 [Time-limited test] INFO  utils.CertificateCodec (CertificateCodec.java:writeCertificate(299)) - Save certificate to /tmp/junit8702849483422925460/junit4710518711459813340/scm-meta/scm/sub-ca/certs/CA-1.crt
2023-08-10 18:38:23,960 [Time-limited test] INFO  utils.CertificateCodec (CertificateCodec.java:writeCertificate(300)) - Certificate -----BEGIN CERTIFICATE-----
MIID5zCCAs+gAwIBAgIBATANBgkqhkiG9w0BAQsFADB7MRswGQYDVQQDDBJzY20t
MUBmdi1hejE5NC05MjYxLTArBgNVBAsMJDk5ZDM0ZGNmLWRhN2MtNDNjYi1iY2Qx
LWJiN2U5MTdiZTQ1NTEtMCsGA1UECgwkYzUyYzMyNmEtNjFiYS00ODg0LWI4MzYt
MGE1ZThmMDU5MWI4MB4XDTIzMDgxMDE4MzgyM1oXDTI4MDkxNzE4MzgyM1owezEb
MBkGA1UEAwwSc2NtLTFAZnYtYXoxOTQtOTI2MS0wKwYDVQQLDCQ5OWQzNGRjZi1k
YTdjLTQzY2ItYmNkMS1iYjdlOTE3YmU0NTUxLTArBgNVBAoMJGM1MmMzMjZhLTYx
YmEtNDg4NC1iODM2LTBhNWU4ZjA1OTFiODCCASIwDQYJKoZIhvcNAQEBBQADggEP
ADCCAQoCggEBANNzazCCqCzsCNdOY3yBCf2cP+vQakpH/PDf3r7S+rJVI154yLxo
mVLNAhkA6/4uLb7eJ/Mn6+zGvIaOWIJUdr5Wnaqr3bq+0JxVgqGsl4vH48h8sHCa
eiJBXcahZ5Y3Bb8+mFXbgTCeBNw99mNaxC1vI78nuwGB9/Ov/Lj9eZK5pL15JhSY
N4OfeS2yVIBWHpj1kfaMI08hIV8AoRbwV4eeB81y6YgqrfKKXmqIqt1Lvo2RRHUi
tSfLm01olt0nFNxPY2f0417PihMr1HG7R6/IP7TRANvdQ6N69wZen8B2OMCIWSlB
SY0sNu7hGJNgRXcxaBjdryE67Ib3Ep3U1BsCAwEAAaN2MHQwDwYDVR0TAQH/BAUw
AwEB/zAOBgNVHQ8BAf8EBAMCAQYwUQYDVR0RBEowSIcECgEARYJAZnYtYXoxOTQt
OTI2Lm0zdmp4a3o0eHdpdWZpM2gwd3Vya3BhM3JnLmN4LmludGVybmFsLmNsb3Vk
YXBwLm5ldDANBgkqhkiG9w0BAQsFAAOCAQEABtSkS9a8FcwSteeqlAkOGgzDuYJq
ryCEt6NMVntnve5nrYG9oGPZfCY4MVgjnz/c291oTzJQFWbCItfNRX8T/vGvhyM9
k+VNKp7WX8UVNEtCeCm+WLwarsz5Xjhzvis44IXEnw1hUNyg0PZkh9656COWRxy+
nNJFgdlxPawcHgZHpVGdaZtSFl9HJbBr/yrZWwZ7QLWZ7xDuDRaORH72Vkc6gbR/
mcvLirrrR+VA0hY0B9+CRSeheODkVnghX/U8m6uvMz4lkAqvbA++L1vhS7XW57uV
LhGBgBZKbhe7hhp5ooJTwOQxbcpYlTqVmyV6t3joV8hcirdbzAtetWXyZA==
-----END CERTIFICATE-----

2023-08-10 18:38:23,962 [Time-limited test] INFO  utils.CertificateCodec (CertificateCodec.java:writeCertificate(299)) - Save certificate to /tmp/junit8702849483422925460/junit4710518711459813340/scm-meta/scm/sub-ca/certs/1664031606047.crt
2023-08-10 18:38:23,962 [Time-limited test] INFO  utils.CertificateCodec (CertificateCodec.java:writeCertificate(300)) - Certificate -----BEGIN CERTIFICATE-----
MIID/TCCAuWgAwIBAgIGAYNwA0UfMA0GCSqGSIb3DQEBCwUAMHsxGzAZBgNVBAMM
EnNjbS0xQGZ2LWF6MTk0LTkyNjEtMCsGA1UECwwkOTlkMzRkY2YtZGE3Yy00M2Ni
LWJjZDEtYmI3ZTkxN2JlNDU1MS0wKwYDVQQKDCRjNTJjMzI2YS02MWJhLTQ4ODQt
YjgzNi0wYTVlOGYwNTkxYjgwHhcNMjMwODEwMTgzODIzWhcNMjgwOTE3MTgzODIz
WjCBizErMCkGA1UEAwwic2NtLXN1Yi0xNjY0MDI4NDYxODM5QGZ2LWF6MTk0LTky
NjEtMCsGA1UECwwkOTlkMzRkY2YtZGE3Yy00M2NiLWJjZDEtYmI3ZTkxN2JlNDU1
MS0wKwYDVQQKDCRjNTJjMzI2YS02MWJhLTQ4ODQtYjgzNi0wYTVlOGYwNTkxYjgw
ggEiMA0GCSqGSIb3DQEBAQUAA4IBDwAwggEKAoIBAQCi2+1FX6NGcErmu8S4k57u
BVwx0aTpJcIm/4/hOvdjlUoQMkqSksoiqn5u6/GkobQ6f80fZb9jDdvc/BxzEVcq
k5hSokmxSP5EpHuzMZqu4RuqFq4Ghtg6l8hcuW7Sonbv2eqCPfPQy9tRs0k4zWWU
ognUtQZNzb+rQ+fxjRx23mLe13CCGGGdIdvrZUliHZ+n7BtjKBoM17behStZ7K10
K4KO9sR+2sfL1y1XIOIzosZDRYCe/2J43cDQ3OkK18+YBbcXKJ953pf2254dwv1Q
FkxQrd+rJryT1oFI/sHpiiF0oStPPkYtlzvdQL3LmnRXvnNPLHwlOCuHoMa2jHAJ
AgMBAAGjdjB0MFEGA1UdEQRKMEiHBAoBAEWCQGZ2LWF6MTk0LTkyNi5tM3ZqeGt6
NHh3aXVmaTNoMHd1cmtwYTNyZy5jeC5pbnRlcm5hbC5jbG91ZGFwcC5uZXQwDwYD
VR0TAQH/BAUwAwEB/zAOBgNVHQ8BAf8EBAMCAb4wDQYJKoZIhvcNAQELBQADggEB
AJRVSeSO8ZN2X3wbbW9AMdL/GfyVfuhs1qxZyiTJydpMphrS/d+6oV0GnERup00r
URTfaxis+YBZwzZFtKLdqi7U1410a3LGpEgln5NpbldBK4E7DExZD6bJFd12ThLD
wyCJcd96xxxGSbudE/LLZnTtz6wUTOyNyha4PCCmrT9ViqPeY9F8+EM0waAlp+fr
i8mVBcpPVwrOHsetfN147ezwmXQv4Ma3moK7l2LsFSUgYNhxlSEwm5SmXvH5ek6b
6edr+gq6ma3yCBZ92FiiXDjN3ZuIsP1LLCyY6jb3ODPSKIjVtAkx2crjulRKkUgi
/wX0Jy8wX+CHQ8VJtzz41Yc=
-----END CERTIFICATE-----

-----BEGIN CERTIFICATE-----
MIID5zCCAs+gAwIBAgIBATANBgkqhkiG9w0BAQsFADB7MRswGQYDVQQDDBJzY20t
MUBmdi1hejE5NC05MjYxLTArBgNVBAsMJDk5ZDM0ZGNmLWRhN2MtNDNjYi1iY2Qx
LWJiN2U5MTdiZTQ1NTEtMCsGA1UECgwkYzUyYzMyNmEtNjFiYS00ODg0LWI4MzYt
MGE1ZThmMDU5MWI4MB4XDTIzMDgxMDE4MzgyM1oXDTI4MDkxNzE4MzgyM1owezEb
MBkGA1UEAwwSc2NtLTFAZnYtYXoxOTQtOTI2MS0wKwYDVQQLDCQ5OWQzNGRjZi1k
YTdjLTQzY2ItYmNkMS1iYjdlOTE3YmU0NTUxLTArBgNVBAoMJGM1MmMzMjZhLTYx
YmEtNDg4NC1iODM2LTBhNWU4ZjA1OTFiODCCASIwDQYJKoZIhvcNAQEBBQADggEP
ADCCAQoCggEBANNzazCCqCzsCNdOY3yBCf2cP+vQakpH/PDf3r7S+rJVI154yLxo
mVLNAhkA6/4uLb7eJ/Mn6+zGvIaOWIJUdr5Wnaqr3bq+0JxVgqGsl4vH48h8sHCa
eiJBXcahZ5Y3Bb8+mFXbgTCeBNw99mNaxC1vI78nuwGB9/Ov/Lj9eZK5pL15JhSY
N4OfeS2yVIBWHpj1kfaMI08hIV8AoRbwV4eeB81y6YgqrfKKXmqIqt1Lvo2RRHUi
tSfLm01olt0nFNxPY2f0417PihMr1HG7R6/IP7TRANvdQ6N69wZen8B2OMCIWSlB
SY0sNu7hGJNgRXcxaBjdryE67Ib3Ep3U1BsCAwEAAaN2MHQwDwYDVR0TAQH/BAUw
AwEB/zAOBgNVHQ8BAf8EBAMCAQYwUQYDVR0RBEowSIcECgEARYJAZnYtYXoxOTQt
OTI2Lm0zdmp4a3o0eHdpdWZpM2gwd3Vya3BhM3JnLmN4LmludGVybmFsLmNsb3Vk
YXBwLm5ldDANBgkqhkiG9w0BAQsFAAOCAQEABtSkS9a8FcwSteeqlAkOGgzDuYJq
ryCEt6NMVntnve5nrYG9oGPZfCY4MVgjnz/c291oTzJQFWbCItfNRX8T/vGvhyM9
k+VNKp7WX8UVNEtCeCm+WLwarsz5Xjhzvis44IXEnw1hUNyg0PZkh9656COWRxy+
nNJFgdlxPawcHgZHpVGdaZtSFl9HJbBr/yrZWwZ7QLWZ7xDuDRaORH72Vkc6gbR/
mcvLirrrR+VA0hY0B9+CRSeheODkVnghX/U8m6uvMz4lkAqvbA++L1vhS7XW57uV
LhGBgBZKbhe7hhp5ooJTwOQxbcpYlTqVmyV6t3joV8hcirdbzAtetWXyZA==
-----END CERTIFICATE-----

2023-08-10 18:38:23,962 [Time-limited test] INFO  utils.CertificateCodec (CertificateCodec.java:writeCertificate(299)) - Save certificate to /tmp/junit8702849483422925460/junit4710518711459813340/scm-meta/scm/sub-ca/certs/certificate.crt
2023-08-10 18:38:23,962 [Time-limited test] INFO  utils.CertificateCodec (CertificateCodec.java:writeCertificate(300)) - Certificate -----BEGIN CERTIFICATE-----
MIID/TCCAuWgAwIBAgIGAYNwA0UfMA0GCSqGSIb3DQEBCwUAMHsxGzAZBgNVBAMM
EnNjbS0xQGZ2LWF6MTk0LTkyNjEtMCsGA1UECwwkOTlkMzRkY2YtZGE3Yy00M2Ni
LWJjZDEtYmI3ZTkxN2JlNDU1MS0wKwYDVQQKDCRjNTJjMzI2YS02MWJhLTQ4ODQt
YjgzNi0wYTVlOGYwNTkxYjgwHhcNMjMwODEwMTgzODIzWhcNMjgwOTE3MTgzODIz
WjCBizErMCkGA1UEAwwic2NtLXN1Yi0xNjY0MDI4NDYxODM5QGZ2LWF6MTk0LTky
NjEtMCsGA1UECwwkOTlkMzRkY2YtZGE3Yy00M2NiLWJjZDEtYmI3ZTkxN2JlNDU1
MS0wKwYDVQQKDCRjNTJjMzI2YS02MWJhLTQ4ODQtYjgzNi0wYTVlOGYwNTkxYjgw
ggEiMA0GCSqGSIb3DQEBAQUAA4IBDwAwggEKAoIBAQCi2+1FX6NGcErmu8S4k57u
BVwx0aTpJcIm/4/hOvdjlUoQMkqSksoiqn5u6/GkobQ6f80fZb9jDdvc/BxzEVcq
k5hSokmxSP5EpHuzMZqu4RuqFq4Ghtg6l8hcuW7Sonbv2eqCPfPQy9tRs0k4zWWU
ognUtQZNzb+rQ+fxjRx23mLe13CCGGGdIdvrZUliHZ+n7BtjKBoM17behStZ7K10
K4KO9sR+2sfL1y1XIOIzosZDRYCe/2J43cDQ3OkK18+YBbcXKJ953pf2254dwv1Q
FkxQrd+rJryT1oFI/sHpiiF0oStPPkYtlzvdQL3LmnRXvnNPLHwlOCuHoMa2jHAJ
AgMBAAGjdjB0MFEGA1UdEQRKMEiHBAoBAEWCQGZ2LWF6MTk0LTkyNi5tM3ZqeGt6
NHh3aXVmaTNoMHd1cmtwYTNyZy5jeC5pbnRlcm5hbC5jbG91ZGFwcC5uZXQwDwYD
VR0TAQH/BAUwAwEB/zAOBgNVHQ8BAf8EBAMCAb4wDQYJKoZIhvcNAQELBQADggEB
AJRVSeSO8ZN2X3wbbW9AMdL/GfyVfuhs1qxZyiTJydpMphrS/d+6oV0GnERup00r
URTfaxis+YBZwzZFtKLdqi7U1410a3LGpEgln5NpbldBK4E7DExZD6bJFd12ThLD
wyCJcd96xxxGSbudE/LLZnTtz6wUTOyNyha4PCCmrT9ViqPeY9F8+EM0waAlp+fr
i8mVBcpPVwrOHsetfN147ezwmXQv4Ma3moK7l2LsFSUgYNhxlSEwm5SmXvH5ek6b
6edr+gq6ma3yCBZ92FiiXDjN3ZuIsP1LLCyY6jb3ODPSKIjVtAkx2crjulRKkUgi
/wX0Jy8wX+CHQ8VJtzz41Yc=
-----END CERTIFICATE-----

-----BEGIN CERTIFICATE-----
MIID5zCCAs+gAwIBAgIBATANBgkqhkiG9w0BAQsFADB7MRswGQYDVQQDDBJzY20t
MUBmdi1hejE5NC05MjYxLTArBgNVBAsMJDk5ZDM0ZGNmLWRhN2MtNDNjYi1iY2Qx
LWJiN2U5MTdiZTQ1NTEtMCsGA1UECgwkYzUyYzMyNmEtNjFiYS00ODg0LWI4MzYt
MGE1ZThmMDU5MWI4MB4XDTIzMDgxMDE4MzgyM1oXDTI4MDkxNzE4MzgyM1owezEb
MBkGA1UEAwwSc2NtLTFAZnYtYXoxOTQtOTI2MS0wKwYDVQQLDCQ5OWQzNGRjZi1k
YTdjLTQzY2ItYmNkMS1iYjdlOTE3YmU0NTUxLTArBgNVBAoMJGM1MmMzMjZhLTYx
YmEtNDg4NC1iODM2LTBhNWU4ZjA1OTFiODCCASIwDQYJKoZIhvcNAQEBBQADggEP
ADCCAQoCggEBANNzazCCqCzsCNdOY3yBCf2cP+vQakpH/PDf3r7S+rJVI154yLxo
mVLNAhkA6/4uLb7eJ/Mn6+zGvIaOWIJUdr5Wnaqr3bq+0JxVgqGsl4vH48h8sHCa
eiJBXcahZ5Y3Bb8+mFXbgTCeBNw99mNaxC1vI78nuwGB9/Ov/Lj9eZK5pL15JhSY
N4OfeS2yVIBWHpj1kfaMI08hIV8AoRbwV4eeB81y6YgqrfKKXmqIqt1Lvo2RRHUi
tSfLm01olt0nFNxPY2f0417PihMr1HG7R6/IP7TRANvdQ6N69wZen8B2OMCIWSlB
SY0sNu7hGJNgRXcxaBjdryE67Ib3Ep3U1BsCAwEAAaN2MHQwDwYDVR0TAQH/BAUw
AwEB/zAOBgNVHQ8BAf8EBAMCAQYwUQYDVR0RBEowSIcECgEARYJAZnYtYXoxOTQt
OTI2Lm0zdmp4a3o0eHdpdWZpM2gwd3Vya3BhM3JnLmN4LmludGVybmFsLmNsb3Vk
YXBwLm5ldDANBgkqhkiG9w0BAQsFAAOCAQEABtSkS9a8FcwSteeqlAkOGgzDuYJq
ryCEt6NMVntnve5nrYG9oGPZfCY4MVgjnz/c291oTzJQFWbCItfNRX8T/vGvhyM9
k+VNKp7WX8UVNEtCeCm+WLwarsz5Xjhzvis44IXEnw1hUNyg0PZkh9656COWRxy+
nNJFgdlxPawcHgZHpVGdaZtSFl9HJbBr/yrZWwZ7QLWZ7xDuDRaORH72Vkc6gbR/
mcvLirrrR+VA0hY0B9+CRSeheODkVnghX/U8m6uvMz4lkAqvbA++L1vhS7XW57uV
LhGBgBZKbhe7hhp5ooJTwOQxbcpYlTqVmyV6t3joV8hcirdbzAtetWXyZA==
-----END CERTIFICATE-----

2023-08-10 18:38:23,963 [Time-limited test] INFO  ha.HASecurityUtils (HASecurityUtils.java:initializeSecurity(121)) - Successfully stored SCM signed certificate.
2023-08-10 18:38:23,964 [Time-limited test] WARN  server.ServerUtils (ServerUtils.java:getScmDbDir(155)) - ozone.scm.db.dirs is not configured. We recommend adding this setting. Falling back to ozone.metadata.dirs instead.
2023-08-10 18:38:23,964 [Time-limited test] INFO  ha.SCMHANodeDetails (SCMHANodeDetails.java:loadSCMHAConfig(210)) - ServiceID for StorageContainerManager is null
2023-08-10 18:38:23,964 [Time-limited test] INFO  ha.SCMHANodeDetails (SCMHANodeDetails.java:loadSCMHAConfig(215)) - ozone.scm.default.service.id is not defined, falling back to ozone.scm.service.ids to find serviceID for StorageContainerManager if it is HA enabled cluster
2023-08-10 18:38:23,968 [pool-551-thread-1] INFO  request.KdcRequest (KdcRequest.java:preauth(651)) - The preauth data is empty.
2023-08-10 18:38:23,968 [pool-551-thread-1] INFO  server.KdcHandler (KdcHandler.java:handleRecoverableException(177)) - KRB error occurred while processing request:Additional pre-authentication required
2023-08-10 18:38:23,974 [pool-551-thread-2] INFO  request.AsRequest (AsRequest.java:issueTicket(112)) - AS_REQ ISSUE: authtime 1691692703974,scm/fv-az194-926.m3vjxkz4xwiufi3h0wurkpa3rg.cx.internal.cloudapp.net@EXAMPLE.COM for krbtgt/EXAMPLE.COM@EXAMPLE.COM
2023-08-10 18:38:23,975 [Time-limited test] INFO  security.UserGroupInformation (UserGroupInformation.java:loginUserFromKeytab(1132)) - Login successful for user scm/fv-az194-926.m3vjxkz4xwiufi3h0wurkpa3rg.cx.internal.cloudapp.net@EXAMPLE.COM using keytab file scm.keytab. Keytab auto renewal enabled : false
2023-08-10 18:38:23,976 [Time-limited test] INFO  server.StorageContainerManager (StorageContainerManager.java:loginAsSCMUserIfSecurityEnabled(1042)) - SCM login successful.
2023-08-10 18:38:23,976 [Time-limited test] INFO  client.SCMCertificateClient (DefaultCertificateClient.java:updateCertSerialId(1244)) - Certificate serial ID set to 1664031606047
2023-08-10 18:38:23,977 [Time-limited test] INFO  client.SCMCertificateClient (DefaultCertificateClient.java:readCertificateFile(237)) - Added certificate   [0]         Version: 3
         SerialNumber: 1664031606047
             IssuerDN: CN=scm-1@fv-az194-926,OU=99d34dcf-da7c-43cb-bcd1-bb7e917be455,O=c52c326a-61ba-4884-b836-0a5e8f0591b8
           Start Date: Thu Aug 10 18:38:23 UTC 2023
           Final Date: Sun Sep 17 18:38:23 UTC 2028
            SubjectDN: CN=scm-sub-1664028461839@fv-az194-926,OU=99d34dcf-da7c-43cb-bcd1-bb7e917be455,O=c52c326a-61ba-4884-b836-0a5e8f0591b8
           Public Key: RSA Public Key [d0:11:7a:1d:0e:50:cc:a8:0f:d4:bf:3b:01:4f:72:0a:a6:8b:9c:ec],[56:66:d1:a4]
        modulus: a2dbed455fa346704ae6bbc4b8939eee055c31d1a4e925c226ff8fe13af763954a10324a9292ca22aa7e6eebf1a4a1b43a7fcd1f65bf630ddbdcfc1c7311572a939852a249b148fe44a47bb3319aaee11baa16ae0686d83a97c85cb96ed2a276efd9ea823df3d0cbdb51b34938cd6594a209d4b5064dcdbfab43e7f18d1c76de62ded7708218619d21dbeb6549621d9fa7ec1b63281a0cd7b6de852b59ecad742b828ef6c47edac7cbd72d5720e233a2c64345809eff6278ddc0d0dce90ad7cf9805b717289f79de97f6db9e1dc2fd50164c50addfab26bc93d68148fec1e98a2174a12b4f3e462d973bdd40bdcb9a7457be734f2c7c25382b87a0c6b68c7009
public exponent: 10001

  Signature Algorithm: SHA256WITHRSA
            Signature: 945549e48ef193765f7c1b6d6f4031d2ff19fc95
                       7ee86cd6ac59ca24c9c9da4ca61ad2fddfbaa15d
                       069c446ea74d2b5114df6b18acf98059c33645b4
                       a2ddaa2ed4d78d746b72c6a448259f93696e5741
                       2b813b0c4c590fa6c915dd764e12c3c3208971df
                       7ac71c4649bb9d13f2cb6674edcfac144cec8dca
                       16b83c20a6ad3f558aa3de63d17cf84334c1a025
                       a7e7eb8bc99505ca4f570ace1ec7ad7cdd78edec
                       f099742fe0c6b79a82bb9762ec15252060d87195
                       21309b94a65ef1f97a4e9be9e76bfa0aba99adf2
                       08167dd858a25c38cddd9b88b0fd4b2c2c98ea36
                       f73833d22888d5b40931d9cae3ba544a914822ff
                       05f4272f305fe08743c549b73cf8d587
       Extensions: 
                       critical(false) 2.5.29.17 value = Sequence
    Tagged [7] IMPLICIT 
        DER Octet String[4] 
    Tagged [2] IMPLICIT 
        DER Octet String[64] 

                       critical(true) BasicConstraints: isCa(true)
                       critical(true) KeyUsage: 0xbe
 from file: /tmp/junit8702849483422925460/junit4710518711459813340/scm-meta/scm/sub-ca/certs/1664031606047.crt.
2023-08-10 18:38:23,978 [Time-limited test] INFO  client.SCMCertificateClient (DefaultCertificateClient.java:readCertificateFile(237)) - Added certificate   [0]         Version: 3
         SerialNumber: 1
             IssuerDN: CN=scm-1@fv-az194-926,OU=99d34dcf-da7c-43cb-bcd1-bb7e917be455,O=c52c326a-61ba-4884-b836-0a5e8f0591b8
           Start Date: Thu Aug 10 18:38:23 UTC 2023
           Final Date: Sun Sep 17 18:38:23 UTC 2028
            SubjectDN: CN=scm-1@fv-az194-926,OU=99d34dcf-da7c-43cb-bcd1-bb7e917be455,O=c52c326a-61ba-4884-b836-0a5e8f0591b8
           Public Key: RSA Public Key [de:f8:21:cc:78:85:07:fd:d3:a4:93:e2:09:c0:56:b6:01:af:3b:da],[56:66:d1:a4]
        modulus: d3736b3082a82cec08d74e637c8109fd9c3febd06a4a47fcf0dfdebed2fab255235e78c8bc689952cd021900ebfe2e2dbede27f327ebecc6bc868e58825476be569daaabddbabed09c5582a1ac978bc7e3c87cb0709a7a22415dc6a167963705bf3e9855db81309e04dc3df6635ac42d6f23bf27bb0181f7f3affcb8fd7992b9a4bd7926149837839f792db25480561e98f591f68c234f21215f00a116f057879e07cd72e9882aadf28a5e6a88aadd4bbe8d91447522b527cb9b4d6896dd2714dc4f6367f4e35ecf8a132bd471bb47afc83fb4d100dbdd43a37af7065e9fc07638c088592941498d2c36eee11893604577316818ddaf213aec86f7129dd4d41b
public exponent: 10001

  Signature Algorithm: SHA256WITHRSA
            Signature: 06d4a44bd6bc15cc12b5e7aa94090e1a0cc3b982
                       6aaf2084b7a34c567b67bdee67ad81bda063d97c
                       26383158239f3fdcdbdd684f32501566c222d7cd
                       457f13fef1af87233d93e54d2a9ed65fc515344b
                       427829be58bc1aaeccf95e3873be2b38e085c49f
                       0d6150dca0d0f66487deb9e82396471cbe9cd245
                       81d9713dac1c1e0647a5519d699b52165f4725b0
                       6bff2ad95b067b40b599ef10ee0d168e447ef656
                       473a81b47f99cbcb8abaeb47e540d2163407df82
                       4527a178e0e45678215ff53c9babaf333e25900a
                       af6c0fbe2f5be14bb5d6e7bb952e118180164a6e
                       17bb861a79a28253c0e4316dca58953a959b257a
                       b778e857c85c8ab75bcc0b5eb565f264
       Extensions: 
                       critical(true) BasicConstraints: isCa(true)
                       critical(true) KeyUsage: 0x6
                       critical(false) 2.5.29.17 value = Sequence
    Tagged [7] IMPLICIT 
        DER Octet String[4] 
    Tagged [2] IMPLICIT 
        DER Octet String[64] 

 from file: /tmp/junit8702849483422925460/junit4710518711459813340/scm-meta/scm/sub-ca/certs/CA-1.crt.
2023-08-10 18:38:23,979 [Time-limited test] INFO  client.SCMCertificateClient (DefaultCertificateClient.java:readCertificateFile(237)) - Added certificate   [0]         Version: 3
         SerialNumber: 1664031606047
             IssuerDN: CN=scm-1@fv-az194-926,OU=99d34dcf-da7c-43cb-bcd1-bb7e917be455,O=c52c326a-61ba-4884-b836-0a5e8f0591b8
           Start Date: Thu Aug 10 18:38:23 UTC 2023
           Final Date: Sun Sep 17 18:38:23 UTC 2028
            SubjectDN: CN=scm-sub-1664028461839@fv-az194-926,OU=99d34dcf-da7c-43cb-bcd1-bb7e917be455,O=c52c326a-61ba-4884-b836-0a5e8f0591b8
           Public Key: RSA Public Key [d0:11:7a:1d:0e:50:cc:a8:0f:d4:bf:3b:01:4f:72:0a:a6:8b:9c:ec],[56:66:d1:a4]
        modulus: a2dbed455fa346704ae6bbc4b8939eee055c31d1a4e925c226ff8fe13af763954a10324a9292ca22aa7e6eebf1a4a1b43a7fcd1f65bf630ddbdcfc1c7311572a939852a249b148fe44a47bb3319aaee11baa16ae0686d83a97c85cb96ed2a276efd9ea823df3d0cbdb51b34938cd6594a209d4b5064dcdbfab43e7f18d1c76de62ded7708218619d21dbeb6549621d9fa7ec1b63281a0cd7b6de852b59ecad742b828ef6c47edac7cbd72d5720e233a2c64345809eff6278ddc0d0dce90ad7cf9805b717289f79de97f6db9e1dc2fd50164c50addfab26bc93d68148fec1e98a2174a12b4f3e462d973bdd40bdcb9a7457be734f2c7c25382b87a0c6b68c7009
public exponent: 10001

  Signature Algorithm: SHA256WITHRSA
            Signature: 945549e48ef193765f7c1b6d6f4031d2ff19fc95
                       7ee86cd6ac59ca24c9c9da4ca61ad2fddfbaa15d
                       069c446ea74d2b5114df6b18acf98059c33645b4
                       a2ddaa2ed4d78d746b72c6a448259f93696e5741
                       2b813b0c4c590fa6c915dd764e12c3c3208971df
                       7ac71c4649bb9d13f2cb6674edcfac144cec8dca
                       16b83c20a6ad3f558aa3de63d17cf84334c1a025
                       a7e7eb8bc99505ca4f570ace1ec7ad7cdd78edec
                       f099742fe0c6b79a82bb9762ec15252060d87195
                       21309b94a65ef1f97a4e9be9e76bfa0aba99adf2
                       08167dd858a25c38cddd9b88b0fd4b2c2c98ea36
                       f73833d22888d5b40931d9cae3ba544a914822ff
                       05f4272f305fe08743c549b73cf8d587
       Extensions: 
                       critical(false) 2.5.29.17 value = Sequence
    Tagged [7] IMPLICIT 
        DER Octet String[4] 
    Tagged [2] IMPLICIT 
        DER Octet String[64] 

                       critical(true) BasicConstraints: isCa(true)
                       critical(true) KeyUsage: 0xbe
 from file: /tmp/junit8702849483422925460/junit4710518711459813340/scm-meta/scm/sub-ca/certs/certificate.crt.
2023-08-10 18:38:23,979 [Time-limited test] INFO  client.SCMCertificateClient (DefaultCertificateClient.java:loadAllCertificates(191)) - CertificateRenewerService and root ca rotation polling is disabled for scm/sub-ca
2023-08-10 18:38:23,979 [Time-limited test] WARN  utils.HAUtils (HAUtils.java:getMetaDir(339)) - ozone.scm.db.dirs is not configured. We recommend adding this setting. Falling back to ozone.metadata.dirs instead.
2023-08-10 18:38:23,979 [Time-limited test] WARN  db.DBStoreBuilder (DBStoreBuilder.java:applyDBDefinition(166)) - ozone.scm.db.dirs is not configured. We recommend adding this setting. Falling back to ozone.metadata.dirs instead.
2023-08-10 18:38:24,071 [Time-limited test] INFO  net.NodeSchemaLoader (NodeSchemaLoader.java:loadSchemaFromFile(129)) - Loading schema from [jar:file:/home/runner/.m2/repository/org/apache/ozone/hdds-common/1.4.0-SNAPSHOT/hdds-common-1.4.0-SNAPSHOT.jar!/network-topology-default.xml]
2023-08-10 18:38:24,071 [Time-limited test] INFO  net.NodeSchemaLoader (NodeSchemaLoader.java:loadSchema(176)) - Loading network topology layer schema file
2023-08-10 18:38:24,076 [Time-limited test] INFO  upgrade.AbstractLayoutVersionManager (AbstractLayoutVersionManager.java:init(83)) - Initializing Layout version manager with metadata layout = HADOOP_PRC_PORTS_IN_DATANODEDETAILS (version = 7), software layout = HADOOP_PRC_PORTS_IN_DATANODEDETAILS (version = 7)
2023-08-10 18:38:24,079 [Time-limited test] INFO  ha.SequenceIdGenerator (SequenceIdGenerator.java:upgradeToSequenceId(365)) - upgrade localId to 111677748019200000
2023-08-10 18:38:24,081 [Time-limited test] INFO  ha.SequenceIdGenerator (SequenceIdGenerator.java:upgradeToSequenceId(375)) - upgrade delTxnId to 0
2023-08-10 18:38:24,083 [Time-limited test] INFO  ha.SequenceIdGenerator (SequenceIdGenerator.java:upgradeToSequenceId(392)) - upgrade containerId to 0
2023-08-10 18:38:24,083 [Time-limited test] INFO  ha.SequenceIdGenerator (SequenceIdGenerator.java:upgradeToSequenceId(428)) - upgrade rootCertificateId to 1
2023-08-10 18:38:24,083 [Time-limited test] INFO  ha.SequenceIdGenerator (SequenceIdGenerator.java:<init>(236)) - Init the HA SequenceIdGenerator.
2023-08-10 18:38:24,083 [Time-limited test] INFO  node.SCMNodeManager (SCMNodeManager.java:<init>(157)) - Entering startup safe mode.
2023-08-10 18:38:24,084 [Time-limited test] INFO  algorithms.ContainerPlacementPolicyFactory (ContainerPlacementPolicyFactory.java:getPolicyInternal(86)) - Create container placement policy of type org.apache.hadoop.hdds.scm.container.placement.algorithms.SCMContainerPlacementRackAware
2023-08-10 18:38:24,084 [Time-limited test] INFO  algorithms.ContainerPlacementPolicyFactory (ContainerPlacementPolicyFactory.java:getPolicyInternal(86)) - Create container placement policy of type org.apache.hadoop.hdds.scm.container.placement.algorithms.SCMContainerPlacementRackScatter
2023-08-10 18:38:24,084 [Time-limited test] INFO  pipeline.PipelineStateManagerImpl (PipelineStateManagerImpl.java:initialize(78)) - No pipeline exists in current db
2023-08-10 18:38:24,084 [Time-limited test] INFO  algorithms.LeaderChoosePolicyFactory (LeaderChoosePolicyFactory.java:getPolicy(57)) - Create leader choose policy of type org.apache.hadoop.hdds.scm.pipeline.leader.choose.algorithms.MinLeaderCountChoosePolicy
2023-08-10 18:38:24,084 [Time-limited test] INFO  algorithms.ContainerPlacementPolicyFactory (ContainerPlacementPolicyFactory.java:getPolicyInternal(86)) - Create container placement policy of type org.apache.hadoop.hdds.scm.container.placement.algorithms.SCMContainerPlacementRackScatter
2023-08-10 18:38:24,085 [Time-limited test] INFO  ha.SCMServiceManager (SCMServiceManager.java:register(42)) - Registering service BackgroundPipelineCreator.
2023-08-10 18:38:24,085 [Time-limited test] INFO  pipeline.BackgroundPipelineCreator (BackgroundPipelineCreator.java:start(124)) - Starting RatisPipelineUtilsThread.
2023-08-10 18:38:24,085 [Time-limited test] INFO  BackgroundPipelineScrubber (BackgroundSCMService.java:start(68)) - Starting BackgroundPipelineScrubber Service.
2023-08-10 18:38:24,085 [Time-limited test] INFO  ha.SCMServiceManager (SCMServiceManager.java:register(42)) - Registering service BackgroundPipelineScrubber.
2023-08-10 18:38:24,085 [Time-limited test] INFO  ExpiredContainerReplicaOpScrubber (BackgroundSCMService.java:start(68)) - Starting ExpiredContainerReplicaOpScrubber Service.
2023-08-10 18:38:24,085 [Time-limited test] INFO  ha.SCMServiceManager (SCMServiceManager.java:register(42)) - Registering service ExpiredContainerReplicaOpScrubber.
2023-08-10 18:38:24,086 [Time-limited test] INFO  algorithms.PipelineChoosePolicyFactory (PipelineChoosePolicyFactory.java:createPipelineChoosePolicyFromClass(78)) - Create pipeline choose policy of type org.apache.hadoop.hdds.scm.pipeline.choose.algorithms.RandomPipelineChoosePolicy
2023-08-10 18:38:24,086 [Time-limited test] INFO  algorithms.PipelineChoosePolicyFactory (PipelineChoosePolicyFactory.java:createPipelineChoosePolicyFromClass(78)) - Create pipeline choose policy of type org.apache.hadoop.hdds.scm.pipeline.choose.algorithms.RandomPipelineChoosePolicy
2023-08-10 18:38:24,086 [Time-limited test] WARN  util.MBeans (MBeans.java:register(111)) - Failed to register MBean "Hadoop:service=BlockManager,name=BlockManagerImpl-7"
javax.management.NotCompliantMBeanException: MBean class org.apache.hadoop.hdds.scm.block.BlockManagerImpl does not implement DynamicMBean, and neither follows the Standard MBean conventions (javax.management.NotCompliantMBeanException: Class org.apache.hadoop.hdds.scm.block.BlockManagerImpl is not a JMX compliant Standard MBean) nor the MXBean conventions (javax.management.NotCompliantMBeanException: org.apache.hadoop.hdds.scm.block.BlockManagerImpl: Class org.apache.hadoop.hdds.scm.block.BlockManagerImpl is not a JMX compliant MXBean)
	at com.sun.jmx.mbeanserver.Introspector.checkCompliance(Introspector.java:176)
	at com.sun.jmx.interceptor.DefaultMBeanServerInterceptor.registerMBean(DefaultMBeanServerInterceptor.java:317)
	at com.sun.jmx.mbeanserver.JmxMBeanServer.registerMBean(JmxMBeanServer.java:522)
	at org.apache.hadoop.metrics2.util.MBeans.register(MBeans.java:100)
	at org.apache.hadoop.metrics2.util.MBeans.register(MBeans.java:73)
	at org.apache.hadoop.hdds.scm.block.BlockManagerImpl.<init>(BlockManagerImpl.java:94)
	at org.apache.hadoop.hdds.scm.server.StorageContainerManager.initializeSystemManagers(StorageContainerManager.java:787)
	at org.apache.hadoop.hdds.scm.server.StorageContainerManager.<init>(StorageContainerManager.java:401)
	at org.apache.hadoop.hdds.scm.server.StorageContainerManager.createSCM(StorageContainerManager.java:598)
	at org.apache.hadoop.hdds.scm.HddsTestUtils.getScmSimple(HddsTestUtils.java:604)
	at org.apache.hadoop.hdds.scm.HddsTestUtils.getScmSimple(HddsTestUtils.java:589)
	at org.apache.hadoop.ozone.TestSecureOzoneCluster.testAdminAccessControlException(TestSecureOzoneCluster.java:422)
	at sun.reflect.NativeMethodAccessorImpl.invoke0(Native Method)
	at sun.reflect.NativeMethodAccessorImpl.invoke(NativeMethodAccessorImpl.java:62)
	at sun.reflect.DelegatingMethodAccessorImpl.invoke(DelegatingMethodAccessorImpl.java:43)
	at java.lang.reflect.Method.invoke(Method.java:498)
	at org.junit.runners.model.FrameworkMethod$1.runReflectiveCall(FrameworkMethod.java:59)
	at org.junit.internal.runners.model.ReflectiveCallable.run(ReflectiveCallable.java:12)
	at org.junit.runners.model.FrameworkMethod.invokeExplosively(FrameworkMethod.java:56)
	at org.junit.internal.runners.statements.InvokeMethod.evaluate(InvokeMethod.java:17)
	at org.junit.internal.runners.statements.RunBefores.evaluate(RunBefores.java:26)
	at org.junit.internal.runners.statements.RunAfters.evaluate(RunAfters.java:27)
	at org.junit.rules.ExternalResource$1.evaluate(ExternalResource.java:54)
	at org.junit.internal.runners.statements.FailOnTimeout$CallableStatement.call(FailOnTimeout.java:288)
	at org.junit.internal.runners.statements.FailOnTimeout$CallableStatement.call(FailOnTimeout.java:282)
	at java.util.concurrent.FutureTask.run(FutureTask.java:266)
	at java.lang.Thread.run(Thread.java:750)
2023-08-10 18:38:24,087 [Time-limited test] INFO  ha.SCMServiceManager (SCMServiceManager.java:register(42)) - Registering service SCMBlockDeletingService.
2023-08-10 18:38:24,088 [Time-limited test] INFO  replication.ReplicationManager (ReplicationManager.java:start(287)) - Starting Replication Monitor Thread.
2023-08-10 18:38:24,094 [Time-limited test] INFO  ha.SCMServiceManager (SCMServiceManager.java:register(42)) - Registering service ReplicationManager.
2023-08-10 18:38:24,095 [Time-limited test] INFO  safemode.ContainerSafeModeRule (ContainerSafeModeRule.java:<init>(89)) - containers with one replica threshold count 0
2023-08-10 18:38:24,095 [Time-limited test] INFO  safemode.HealthyPipelineSafeModeRule (HealthyPipelineSafeModeRule.java:initializeRule(169)) - Total pipeline count is 0, healthy pipeline threshold count is 0
2023-08-10 18:38:24,095 [Time-limited test] INFO  safemode.OneReplicaPipelineSafeModeRule (OneReplicaPipelineSafeModeRule.java:initializeRule(180)) - Total pipeline count is 0, pipeline's with at least one datanode reported threshold count is 0
2023-08-10 18:38:24,096 [ReplicationMonitor] INFO  replication.ReplicationManager (ReplicationManager.java:processAll(361)) - Replication Manager is not ready to run until 300000ms after safemode exit
2023-08-10 18:38:24,096 [Time-limited test] INFO  authority.DefaultCAServer (DefaultCAServer.java:lambda$processVerificationStatus$0(472)) - CertificateServer validation is successful
2023-08-10 18:38:24,097 [Time-limited test] INFO  authority.DefaultCAServer (DefaultCAServer.java:lambda$processVerificationStatus$0(472)) - CertificateServer validation is successful
2023-08-10 18:38:24,100 [Time-limited test] INFO  server.StorageContainerManager (StorageContainerManager.java:persistPrimarySCMCerts(932)) - Storing sub-ca certificate serialId 1664031606047 on primary SCM
2023-08-10 18:38:24,101 [Time-limited test] INFO  server.SCMCertStore (SCMCertStore.java:storeValidScmCertificate(122)) - Scm certificate 1664031606047 for CN=scm-sub-1664028461839@fv-az194-926,OU=99d34dcf-da7c-43cb-bcd1-bb7e917be455,O=c52c326a-61ba-4884-b836-0a5e8f0591b8 is stored
2023-08-10 18:38:24,101 [Time-limited test] INFO  server.StorageContainerManager (StorageContainerManager.java:persistPrimarySCMCerts(940)) - Storing root certificate serialId 1
2023-08-10 18:38:24,102 [Time-limited test] INFO  server.SCMCertStore (SCMCertStore.java:storeValidScmCertificate(122)) - Scm certificate 1 for CN=scm-1@fv-az194-926,OU=99d34dcf-da7c-43cb-bcd1-bb7e917be455,O=c52c326a-61ba-4884-b836-0a5e8f0591b8 is stored
2023-08-10 18:38:24,102 [Time-limited test] INFO  ipc.CallQueueManager (CallQueueManager.java:<init>(90)) - Using callQueue: class java.util.concurrent.LinkedBlockingQueue, queueCapacity: 200, scheduler: class org.apache.hadoop.ipc.DefaultRpcScheduler, ipcBackoff: false.
2023-08-10 18:38:24,102 [Time-limited test] INFO  ipc.Server (Server.java:<init>(1287)) - Listener at 0.0.0.0:9961
2023-08-10 18:38:24,102 [Socket Reader #1 for port 9961] INFO  ipc.Server (Server.java:run(1323)) - Starting Socket Reader #1 for port 9961
2023-08-10 18:38:24,104 [Time-limited test] INFO  server.StorageContainerManager (StorageContainerManager.java:<init>(425)) - SCM start with adminUsers: [om/fv-az194-926.m3vjxkz4xwiufi3h0wurkpa3rg.cx.internal.cloudapp.net@EXAMPLE.COM, scm]
2023-08-10 18:38:24,104 [Time-limited test] INFO  ipc.CallQueueManager (CallQueueManager.java:<init>(90)) - Using callQueue: class java.util.concurrent.LinkedBlockingQueue, queueCapacity: 10000, scheduler: class org.apache.hadoop.ipc.DefaultRpcScheduler, ipcBackoff: false.
2023-08-10 18:38:24,104 [Time-limited test] INFO  ipc.Server (Server.java:<init>(1287)) - Listener at 0.0.0.0:9861
2023-08-10 18:38:24,104 [Socket Reader #1 for port 9861] INFO  ipc.Server (Server.java:run(1323)) - Starting Socket Reader #1 for port 9861
2023-08-10 18:38:24,110 [Time-limited test] INFO  ipc.CallQueueManager (CallQueueManager.java:<init>(90)) - Using callQueue: class java.util.concurrent.LinkedBlockingQueue, queueCapacity: 10000, scheduler: class org.apache.hadoop.ipc.DefaultRpcScheduler, ipcBackoff: false.
2023-08-10 18:38:24,110 [Time-limited test] INFO  ipc.Server (Server.java:<init>(1287)) - Listener at 0.0.0.0:9863
2023-08-10 18:38:24,114 [Socket Reader #1 for port 9863] INFO  ipc.Server (Server.java:run(1323)) - Starting Socket Reader #1 for port 9863
2023-08-10 18:38:24,115 [Time-limited test] INFO  ipc.CallQueueManager (CallQueueManager.java:<init>(90)) - Using callQueue: class java.util.concurrent.LinkedBlockingQueue, queueCapacity: 10000, scheduler: class org.apache.hadoop.ipc.DefaultRpcScheduler, ipcBackoff: false.
2023-08-10 18:38:24,115 [Time-limited test] INFO  ipc.Server (Server.java:<init>(1287)) - Listener at 0.0.0.0:9860
2023-08-10 18:38:24,115 [Socket Reader #1 for port 9860] INFO  ipc.Server (Server.java:run(1323)) - Starting Socket Reader #1 for port 9860
2023-08-10 18:38:24,125 [Time-limited test] INFO  ha.SCMServiceManager (SCMServiceManager.java:register(42)) - Registering service ContainerBalancer.
2023-08-10 18:38:24,126 [Time-limited test] INFO  server.StorageContainerManager (StorageContainerManager.java:<init>(438)) - 
Container Balancer status:
Key                            Value
Running                        false
Container Balancer Configuration values:
Key                                                Value
Threshold                                          10
Max Datanodes to Involve per Iteration(percent)    20
Max Size to Move per Iteration                     500GB
Max Size Entering Target per Iteration             26GB
Max Size Leaving Source per Iteration              26GB

2023-08-10 18:38:24,126 [Time-limited test] INFO  ha.SCMContext (SCMContext.java:updateSafeModeStatus(228)) - Update SafeModeStatus from SafeModeStatus{safeModeStatus=true, preCheckPassed=false} to SafeModeStatus{safeModeStatus=true, preCheckPassed=false}.
2023-08-10 18:38:24,126 [Time-limited test] INFO  server.StorageContainerManager (StorageContainerManager.java:start(1483)) - StorageContainerLocationProtocol RPC server is listening at /0.0.0.0:9860
2023-08-10 18:38:24,126 [Time-limited test] INFO  impl.MetricsSystemImpl (MetricsSystemImpl.java:init(158)) - StorageContainerManager metrics system started (again)
2023-08-10 18:38:24,143 [Time-limited test] INFO  server.SCMClientProtocolServer (SCMClientProtocolServer.java:start(201)) - RPC server for Client  is listening at /0.0.0.0:9860
2023-08-10 18:38:24,144 [IPC Server Responder] INFO  ipc.Server (Server.java:run(1562)) - IPC Server Responder: starting
2023-08-10 18:38:24,152 [Time-limited test] INFO  server.StorageContainerManager (StorageContainerManager.java:start(1496)) - ScmBlockLocationProtocol RPC server is listening at /0.0.0.0:9863
2023-08-10 18:38:24,144 [IPC Server listener on 9860] INFO  ipc.Server (Server.java:run(1402)) - IPC Server listener on 9860: starting
2023-08-10 18:38:24,153 [Time-limited test] INFO  server.SCMBlockProtocolServer (SCMBlockProtocolServer.java:start(152)) - RPC server for Block Protocol is listening at /0.0.0.0:9863
2023-08-10 18:38:24,153 [IPC Server Responder] INFO  ipc.Server (Server.java:run(1562)) - IPC Server Responder: starting
2023-08-10 18:38:24,154 [IPC Server listener on 9863] INFO  ipc.Server (Server.java:run(1402)) - IPC Server listener on 9863: starting
2023-08-10 18:38:24,160 [Time-limited test] INFO  server.SCMDatanodeProtocolServer (SCMDatanodeProtocolServer.java:start(193)) - ScmDatanodeProtocol RPC server for DataNodes is listening at /0.0.0.0:9861
2023-08-10 18:38:24,160 [IPC Server Responder] INFO  ipc.Server (Server.java:run(1562)) - IPC Server Responder: starting
2023-08-10 18:38:24,161 [IPC Server listener on 9861] INFO  ipc.Server (Server.java:run(1402)) - IPC Server listener on 9861: starting
2023-08-10 18:38:24,167 [Time-limited test] INFO  server.SCMSecurityProtocolServer (SCMSecurityProtocolServer.java:start(542)) - Starting RPC server for SCMSecurityProtocolServer. is listening at /0.0.0.0:9961
2023-08-10 18:38:24,168 [IPC Server Responder] INFO  ipc.Server (Server.java:run(1562)) - IPC Server Responder: starting
2023-08-10 18:38:24,168 [IPC Server listener on 9961] INFO  ipc.Server (Server.java:run(1402)) - IPC Server listener on 9961: starting
2023-08-10 18:38:24,168 [Time-limited test] INFO  server.SCMUpdateServiceGrpcServer (SCMUpdateServiceGrpcServer.java:start(58)) - SCMUpdateService starting
2023-08-10 18:38:24,176 [JvmPauseMonitor8] INFO  util.JvmPauseMonitor (JvmPauseMonitor.java:run(103)) - JvmPauseMonitor-99d34dcf-da7c-43cb-bcd1-bb7e917be455: Started
2023-08-10 18:38:24,184 [Time-limited test] INFO  http.BaseHttpServer (BaseHttpServer.java:newHttpServer2BuilderForOzone(224)) - Starting Web-server for scm at: http://0.0.0.0:9876
2023-08-10 18:38:24,184 [Time-limited test] INFO  http.BaseHttpServer (BaseHttpServer.java:<init>(111)) - Hadoop Security Enabled: true Ozone Security Enabled: true Ozone HTTP Security Enabled: false 
2023-08-10 18:38:24,185 [Time-limited test] WARN  server.AuthenticationFilter (AuthenticationFilter.java:constructSecretProvider(240)) - Unable to initialize FileSignerSecretProvider, falling back to use random secrets. Reason: Could not read signature secret file: /home/runner/hadoop-http-auth-signature-secret
2023-08-10 18:38:24,186 [Time-limited test] INFO  http.HttpRequestLog (HttpRequestLog.java:getRequestLog(86)) - Http request log for http.requests.scm is not defined
2023-08-10 18:38:24,188 [Time-limited test] INFO  http.HttpServer2 (HttpServer2.java:addGlobalFilter(1031)) - Added global filter 'safety' (class=org.apache.hadoop.hdds.server.http.HttpServer2$QuotingInputFilter)
2023-08-10 18:38:24,189 [Time-limited test] INFO  http.HttpServer2 (HttpServer2.java:addFilter(1007)) - Added filter static_user_filter (class=org.apache.hadoop.http.lib.StaticUserWebFilter$StaticUserFilter) to context scm
2023-08-10 18:38:24,189 [Time-limited test] INFO  http.HttpServer2 (HttpServer2.java:addFilter(1015)) - Added filter static_user_filter (class=org.apache.hadoop.http.lib.StaticUserWebFilter$StaticUserFilter) to context logs
2023-08-10 18:38:24,189 [Time-limited test] INFO  http.HttpServer2 (HttpServer2.java:addFilter(1015)) - Added filter static_user_filter (class=org.apache.hadoop.http.lib.StaticUserWebFilter$StaticUserFilter) to context static
2023-08-10 18:38:24,189 [Time-limited test] INFO  http.BaseHttpServer (BaseHttpServer.java:<init>(190)) - HTTP server of scm uses base directory /tmp/junit8702849483422925460/junit4710518711459813340/scm-meta/webserver
2023-08-10 18:38:24,190 [Time-limited test] INFO  http.HttpServer2 (HttpServer2.java:bindListener(1250)) - Jetty bound to port 9876
2023-08-10 18:38:24,190 [Time-limited test] INFO  server.Server (Server.java:doStart(375)) - jetty-9.4.51.v20230217; built: 2023-02-17T08:19:37.309Z; git: b45c405e4544384de066f814ed42ae3dceacdd49; jvm 1.8.0_382-b05
2023-08-10 18:38:24,191 [Time-limited test] INFO  server.session (DefaultSessionIdManager.java:doStart(334)) - DefaultSessionIdManager workerName=node0
2023-08-10 18:38:24,191 [Time-limited test] INFO  server.session (DefaultSessionIdManager.java:doStart(339)) - No SessionScavenger set, using defaults
2023-08-10 18:38:24,191 [Time-limited test] INFO  server.session (HouseKeeper.java:startScavenging(132)) - node0 Scavenging every 600000ms
2023-08-10 18:38:24,191 [Time-limited test] INFO  handler.ContextHandler (ContextHandler.java:doStart(921)) - Started o.e.j.s.ServletContextHandler@464f7719{logs,/logs,file:///home/runner/work/ozone/ozone/hadoop-ozone/integration-test/target/log,AVAILABLE}
2023-08-10 18:38:24,192 [Time-limited test] INFO  handler.ContextHandler (ContextHandler.java:doStart(921)) - Started o.e.j.s.ServletContextHandler@38ddc86a{static,/static,file:///home/runner/work/ozone/ozone/hadoop-ozone/integration-test/target/test-classes/webapps/static,AVAILABLE}
2023-08-10 18:38:24,195 [Time-limited test] INFO  handler.ContextHandler (ContextHandler.java:doStart(921)) - Started o.e.j.w.WebAppContext@14c9b32f{scm,/,file:///home/runner/work/ozone/ozone/hadoop-ozone/integration-test/target/test-classes/webapps/scm/,AVAILABLE}{file:/home/runner/work/ozone/ozone/hadoop-ozone/integration-test/target/test-classes/webapps/scm}
2023-08-10 18:38:24,198 [Time-limited test] INFO  server.AbstractConnector (AbstractConnector.java:doStart(333)) - Started ServerConnector@7e443c{HTTP/1.1, (http/1.1)}{0.0.0.0:9876}
2023-08-10 18:38:24,198 [Time-limited test] INFO  server.Server (Server.java:doStart(415)) - Started @137153ms
2023-08-10 18:38:24,198 [Time-limited test] WARN  impl.MetricsSystemImpl (MetricsSystemImpl.java:register(279)) - Sink prometheus already exists!
2023-08-10 18:38:24,199 [Time-limited test] INFO  http.BaseHttpServer (BaseHttpServer.java:updateConnectorAddress(344)) - HTTP server of scm listening at http://0.0.0.0:9876
2023-08-10 18:38:24,200 [pool-551-thread-2] INFO  request.KdcRequest (KdcRequest.java:preauth(651)) - The preauth data is empty.
2023-08-10 18:38:24,201 [pool-551-thread-2] INFO  server.KdcHandler (KdcHandler.java:handleRecoverableException(177)) - KRB error occurred while processing request:Additional pre-authentication required
2023-08-10 18:38:24,203 [pool-551-thread-1] INFO  request.AsRequest (AsRequest.java:issueTicket(112)) - AS_REQ ISSUE: authtime 1691692704202,test@EXAMPLE.COM for krbtgt/EXAMPLE.COM@EXAMPLE.COM
2023-08-10 18:38:24,228 [pool-551-thread-1] INFO  request.TgsRequest (TgsRequest.java:issueTicket(115)) - TGS_REQ ISSUE: authtime 1691692704227,scm/fv-az194-926.m3vjxkz4xwiufi3h0wurkpa3rg.cx.internal.cloudapp.net for scm/fv-az194-926.m3vjxkz4xwiufi3h0wurkpa3rg.cx.internal.cloudapp.net@EXAMPLE.COM
2023-08-10 18:38:24,232 [Socket Reader #1 for port 9961] INFO  ipc.Server (Server.java:saslProcess(2139)) - Auth successful for scm/fv-az194-926.m3vjxkz4xwiufi3h0wurkpa3rg.cx.internal.cloudapp.net@EXAMPLE.COM (auth:KERBEROS) from fv-az194-926.m3vjxkz4xwiufi3h0wurkpa3rg.cx.internal.cloudapp.net:46861 / 10.1.0.69:46861
2023-08-10 18:38:24,245 [pool-551-thread-1] INFO  request.TgsRequest (TgsRequest.java:issueTicket(115)) - TGS_REQ ISSUE: authtime 1691692704245,test for scm/fv-az194-926.m3vjxkz4xwiufi3h0wurkpa3rg.cx.internal.cloudapp.net@EXAMPLE.COM
2023-08-10 18:38:24,258 [IPC Server handler 1 on default port 9961] INFO  client.SCMCertificateClient (DefaultCertificateClient.java:getAllRootCaCerts(901)) - scm/sub-ca has 0 Root CA certificates
2023-08-10 18:38:24,258 [IPC Server handler 1 on default port 9961] INFO  client.SCMCertificateClient (DefaultCertificateClient.java:getAllCaCerts(909)) - scm/sub-ca has 1 CA certificates
2023-08-10 18:38:24,260 [scm/sub-ca-refreshCACertificates] INFO  client.SCMCertificateClient (DefaultCertificateClient.java:getAllRootCaCerts(901)) - scm/sub-ca has 0 Root CA certificates
2023-08-10 18:38:24,260 [scm/sub-ca-refreshCACertificates] INFO  client.SCMCertificateClient (DefaultCertificateClient.java:getAllCaCerts(909)) - scm/sub-ca has 1 CA certificates
2023-08-10 18:38:24,260 [scm/sub-ca-refreshCACertificates] INFO  client.SCMCertificateClient (SCMCertificateClient.java:run(277)) - CA certificates are not changed.
2023-08-10 18:38:24,260 [Socket Reader #1 for port 9860] INFO  ipc.Server (Server.java:saslProcess(2139)) - Auth successful for test@EXAMPLE.COM (auth:KERBEROS) from fv-az194-926.m3vjxkz4xwiufi3h0wurkpa3rg.cx.internal.cloudapp.net:42860 / 10.1.0.69:42860
2023-08-10 18:38:24,432 [IPC Server handler 0 on default port 9860] INFO  ipc.Server (Server.java:logException(3109)) - IPC Server handler 0 on default port 9860, call Call#30 Retry#0 org.apache.hadoop.hdds.scm.protocol.StorageContainerLocationProtocol.submitRequest from fv-az194-926.m3vjxkz4xwiufi3h0wurkpa3rg.cx.internal.cloudapp.net:42860 / 10.1.0.69:42860
org.apache.hadoop.security.AccessControlException: Access denied for user test@EXAMPLE.COM. SCM superuser privilege is required.
	at org.apache.hadoop.hdds.scm.server.StorageContainerManager.checkAdminAccess(StorageContainerManager.java:1895)
	at org.apache.hadoop.hdds.scm.server.SCMClientProtocolServer.forceExitSafeMode(SCMClientProtocolServer.java:935)
	at org.apache.hadoop.hdds.scm.protocol.StorageContainerLocationProtocolServerSideTranslatorPB.forceExitSafeMode(StorageContainerLocationProtocolServerSideTranslatorPB.java:1013)
	at org.apache.hadoop.hdds.scm.protocol.StorageContainerLocationProtocolServerSideTranslatorPB.processRequest(StorageContainerLocationProtocolServerSideTranslatorPB.java:533)
	at org.apache.hadoop.hdds.server.OzoneProtocolMessageDispatcher.processRequest(OzoneProtocolMessageDispatcher.java:87)
	at org.apache.hadoop.hdds.scm.protocol.StorageContainerLocationProtocolServerSideTranslatorPB.submitRequest(StorageContainerLocationProtocolServerSideTranslatorPB.java:221)
	at org.apache.hadoop.hdds.protocol.proto.StorageContainerLocationProtocolProtos$StorageContainerLocationProtocolService$2.callBlockingMethod(StorageContainerLocationProtocolProtos.java)
	at org.apache.hadoop.ipc.ProtobufRpcEngine$Server.processCall(ProtobufRpcEngine.java:484)
	at org.apache.hadoop.ipc.ProtobufRpcEngine2$Server$ProtoBufRpcInvoker.call(ProtobufRpcEngine2.java:595)
	at org.apache.hadoop.ipc.ProtobufRpcEngine2$Server$ProtoBufRpcInvoker.call(ProtobufRpcEngine2.java:573)
	at org.apache.hadoop.ipc.RPC$Server.call(RPC.java:1227)
	at org.apache.hadoop.ipc.Server$RpcCall.run(Server.java:1094)
	at org.apache.hadoop.ipc.Server$RpcCall.run(Server.java:1017)
	at java.security.AccessController.doPrivileged(Native Method)
	at javax.security.auth.Subject.doAs(Subject.java:422)
	at org.apache.hadoop.security.UserGroupInformation.doAs(UserGroupInformation.java:1899)
	at org.apache.hadoop.ipc.Server$Handler.run(Server.java:3048)
2023-08-10 18:38:24,438 [Time-limited test] WARN  ipc.Client (Client.java:run(733)) - Exception encountered while connecting to the server 0.0.0.0/0.0.0.0:9860
org.apache.hadoop.security.AccessControlException: Client cannot authenticate via:[KERBEROS]
	at org.apache.hadoop.security.SaslRpcClient.selectSaslClient(SaslRpcClient.java:179)
	at org.apache.hadoop.security.SaslRpcClient.saslConnect(SaslRpcClient.java:392)
	at org.apache.hadoop.ipc.Client$Connection.setupSaslConnection(Client.java:561)
	at org.apache.hadoop.ipc.Client$Connection.access$2100(Client.java:347)
	at org.apache.hadoop.ipc.Client$Connection$2.run(Client.java:783)
	at org.apache.hadoop.ipc.Client$Connection$2.run(Client.java:779)
	at java.security.AccessController.doPrivileged(Native Method)
	at javax.security.auth.Subject.doAs(Subject.java:422)
	at org.apache.hadoop.security.UserGroupInformation.doAs(UserGroupInformation.java:1899)
	at org.apache.hadoop.ipc.Client$Connection.setupIOstreams(Client.java:779)
	at org.apache.hadoop.ipc.Client$Connection.access$3800(Client.java:347)
	at org.apache.hadoop.ipc.Client.getConnection(Client.java:1632)
	at org.apache.hadoop.ipc.Client.call(Client.java:1457)
	at org.apache.hadoop.ipc.Client.call(Client.java:1410)
	at org.apache.hadoop.ipc.ProtobufRpcEngine$Invoker.invoke(ProtobufRpcEngine.java:250)
	at org.apache.hadoop.ipc.ProtobufRpcEngine$Invoker.invoke(ProtobufRpcEngine.java:132)
	at com.sun.proxy.$Proxy48.submitRequest(Unknown Source)
	at org.apache.hadoop.hdds.scm.protocolPB.StorageContainerLocationProtocolClientSideTranslatorPB.submitRpcRequest(StorageContainerLocationProtocolClientSideTranslatorPB.java:191)
	at org.apache.hadoop.hdds.scm.protocolPB.StorageContainerLocationProtocolClientSideTranslatorPB.submitRequest(StorageContainerLocationProtocolClientSideTranslatorPB.java:175)
	at org.apache.hadoop.hdds.scm.protocolPB.StorageContainerLocationProtocolClientSideTranslatorPB.forceExitSafeMode(StorageContainerLocationProtocolClientSideTranslatorPB.java:792)
	at org.junit.Assert.assertThrows(Assert.java:1001)
	at org.junit.Assert.assertThrows(Assert.java:981)
	at org.apache.hadoop.ozone.TestSecureOzoneCluster.testAdminAccessControlException(TestSecureOzoneCluster.java:444)
	at sun.reflect.NativeMethodAccessorImpl.invoke0(Native Method)
	at sun.reflect.NativeMethodAccessorImpl.invoke(NativeMethodAccessorImpl.java:62)
	at sun.reflect.DelegatingMethodAccessorImpl.invoke(DelegatingMethodAccessorImpl.java:43)
	at java.lang.reflect.Method.invoke(Method.java:498)
	at org.junit.runners.model.FrameworkMethod$1.runReflectiveCall(FrameworkMethod.java:59)
	at org.junit.internal.runners.model.ReflectiveCallable.run(ReflectiveCallable.java:12)
	at org.junit.runners.model.FrameworkMethod.invokeExplosively(FrameworkMethod.java:56)
	at org.junit.internal.runners.statements.InvokeMethod.evaluate(InvokeMethod.java:17)
	at org.junit.internal.runners.statements.RunBefores.evaluate(RunBefores.java:26)
	at org.junit.internal.runners.statements.RunAfters.evaluate(RunAfters.java:27)
	at org.junit.rules.ExternalResource$1.evaluate(ExternalResource.java:54)
	at org.junit.internal.runners.statements.FailOnTimeout$CallableStatement.call(FailOnTimeout.java:288)
	at org.junit.internal.runners.statements.FailOnTimeout$CallableStatement.call(FailOnTimeout.java:282)
	at java.util.concurrent.FutureTask.run(FutureTask.java:266)
	at java.lang.Thread.run(Thread.java:750)
2023-08-10 18:38:24,439 [Time-limited test] INFO  server.StorageContainerManager (StorageContainerManager.java:stop(1591)) - Container Balancer is not running.
2023-08-10 18:38:24,439 [Time-limited test] INFO  server.StorageContainerManager (StorageContainerManager.java:stopReplicationManager(1724)) - Stopping Replication Manager Service.
2023-08-10 18:38:24,439 [Time-limited test] INFO  replication.ReplicationManager (ReplicationManager.java:stop(319)) - Stopping Replication Monitor Thread.
2023-08-10 18:38:24,440 [Under Replicated Processor] WARN  replication.UnhealthyReplicationProcessor (UnhealthyReplicationProcessor.java:run(180)) - Under Replicated Processor interrupted. Exiting...
2023-08-10 18:38:24,440 [Over Replicated Processor] WARN  replication.UnhealthyReplicationProcessor (UnhealthyReplicationProcessor.java:run(180)) - Over Replicated Processor interrupted. Exiting...
2023-08-10 18:38:24,440 [Time-limited test] INFO  server.StorageContainerManager (StorageContainerManager.java:stop(1600)) - Stopping the Datanode Admin Monitor.
2023-08-10 18:38:24,440 [ReplicationMonitor] INFO  replication.ReplicationManager (ReplicationManager.java:run(917)) - Replication Monitor Thread is stopped
2023-08-10 18:38:24,440 [Time-limited test] INFO  server.StorageContainerManager (StorageContainerManager.java:stop(1607)) - Stopping datanode service RPC server
2023-08-10 18:38:24,440 [Time-limited test] INFO  server.SCMDatanodeProtocolServer (SCMDatanodeProtocolServer.java:stop(424)) - Stopping the RPC server for DataNodes
2023-08-10 18:38:24,440 [Time-limited test] INFO  ipc.Server (Server.java:stop(3523)) - Stopping server on 9861
2023-08-10 18:38:24,443 [IPC Server listener on 9861] INFO  ipc.Server (Server.java:run(1434)) - Stopping IPC Server listener on 9861
2023-08-10 18:38:24,445 [IPC Server Responder] INFO  ipc.Server (Server.java:run(1567)) - Stopping IPC Server Responder
2023-08-10 18:38:27,083 [SCM Heartbeat Processing Thread - 0] WARN  node.NodeStateManager (NodeStateManager.java:scheduleNextHealthCheck(874)) - Current Thread is interrupted, shutting down HB processing thread for Node Manager.
2023-08-10 18:38:27,084 [Time-limited test] INFO  server.StorageContainerManager (StorageContainerManager.java:stop(1615)) - Stopping block service RPC server
2023-08-10 18:38:27,084 [Time-limited test] INFO  server.SCMBlockProtocolServer (SCMBlockProtocolServer.java:stop(161)) - Stopping the RPC server for Block Protocol
2023-08-10 18:38:27,084 [Time-limited test] INFO  ipc.Server (Server.java:stop(3523)) - Stopping server on 9863
2023-08-10 18:38:27,091 [IPC Server Responder] INFO  ipc.Server (Server.java:run(1567)) - Stopping IPC Server Responder
2023-08-10 18:38:27,091 [Time-limited test] INFO  server.StorageContainerManager (StorageContainerManager.java:stop(1622)) - Stopping the StorageContainerLocationProtocol RPC server
2023-08-10 18:38:27,091 [IPC Server listener on 9863] INFO  ipc.Server (Server.java:run(1434)) - Stopping IPC Server listener on 9863
2023-08-10 18:38:27,091 [Time-limited test] INFO  server.SCMClientProtocolServer (SCMClientProtocolServer.java:stop(210)) - Stopping the RPC server for Client Protocol
2023-08-10 18:38:27,091 [Time-limited test] INFO  ipc.Server (Server.java:stop(3523)) - Stopping server on 9860
2023-08-10 18:38:27,093 [IPC Server Responder] INFO  ipc.Server (Server.java:run(1567)) - Stopping IPC Server Responder
2023-08-10 18:38:27,093 [IPC Server listener on 9860] INFO  ipc.Server (Server.java:run(1434)) - Stopping IPC Server listener on 9860
2023-08-10 18:38:27,094 [Time-limited test] INFO  server.StorageContainerManager (StorageContainerManager.java:stop(1629)) - Stopping Storage Container Manager HTTP server.
2023-08-10 18:38:27,095 [Time-limited test] INFO  handler.ContextHandler (ContextHandler.java:doStop(1159)) - Stopped o.e.j.w.WebAppContext@14c9b32f{scm,/,null,STOPPED}{file:/home/runner/work/ozone/ozone/hadoop-ozone/integration-test/target/test-classes/webapps/scm}
2023-08-10 18:38:27,098 [Time-limited test] INFO  server.AbstractConnector (AbstractConnector.java:doStop(383)) - Stopped ServerConnector@7e443c{HTTP/1.1, (http/1.1)}{0.0.0.0:9876}
2023-08-10 18:38:27,098 [Time-limited test] INFO  server.session (HouseKeeper.java:stopScavenging(149)) - node0 Stopped scavenging
2023-08-10 18:38:27,098 [Time-limited test] INFO  handler.ContextHandler (ContextHandler.java:doStop(1159)) - Stopped o.e.j.s.ServletContextHandler@38ddc86a{static,/static,file:///home/runner/work/ozone/ozone/hadoop-ozone/integration-test/target/test-classes/webapps/static,STOPPED}
2023-08-10 18:38:27,098 [Time-limited test] INFO  handler.ContextHandler (ContextHandler.java:doStop(1159)) - Stopped o.e.j.s.ServletContextHandler@464f7719{logs,/logs,file:///home/runner/work/ozone/ozone/hadoop-ozone/integration-test/target/log,STOPPED}
2023-08-10 18:38:27,099 [Time-limited test] INFO  server.StorageContainerManager (StorageContainerManager.java:stop(1637)) - Stopping SCM LayoutVersionManager Service.
2023-08-10 18:38:27,101 [Time-limited test] INFO  server.SCMSecurityProtocolServer (SCMSecurityProtocolServer.java:stop(550)) - Stopping the SCMSecurityProtocolServer.
2023-08-10 18:38:27,102 [Time-limited test] INFO  ipc.Server (Server.java:stop(3523)) - Stopping server on 9961
2023-08-10 18:38:27,103 [IPC Server listener on 9961] INFO  ipc.Server (Server.java:run(1434)) - Stopping IPC Server listener on 9961
2023-08-10 18:38:27,104 [IPC Server Responder] INFO  ipc.Server (Server.java:run(1567)) - Stopping IPC Server Responder
2023-08-10 18:38:27,105 [Time-limited test] INFO  server.SCMUpdateServiceGrpcServer (SCMUpdateServiceGrpcServer.java:stop(73)) - SCMUpdateService stopping
2023-08-10 18:38:27,105 [Time-limited test] INFO  server.SCMUpdateServiceGrpcServer (SCMUpdateServiceGrpcServer.java:stop(85)) - SCMUpdateService stopped!
2023-08-10 18:38:27,105 [Time-limited test] INFO  server.StorageContainerManager (StorageContainerManager.java:stop(1649)) - Stopping Block Manager Service.
2023-08-10 18:38:27,105 [Time-limited test] INFO  utils.BackgroundService (BackgroundService.java:shutdown(141)) - Shutting down service SCMBlockDeletingService
2023-08-10 18:38:27,105 [Time-limited test] INFO  utils.BackgroundService (BackgroundService.java:shutdown(141)) - Shutting down service SCMBlockDeletingService
2023-08-10 18:38:27,105 [Time-limited test] INFO  server.StorageContainerManager (StorageContainerManager.java:stop(1669)) - Stopping SCM Event Queue.
2023-08-10 18:38:27,106 [JvmPauseMonitor8] INFO  util.JvmPauseMonitor (JvmPauseMonitor.java:run(109)) - JvmPauseMonitor-99d34dcf-da7c-43cb-bcd1-bb7e917be455: Stopped
2023-08-10 18:38:27,106 [Time-limited test] INFO  server.StorageContainerManager (StorageContainerManager.java:stop(1680)) - Stopping SCM HA services.
2023-08-10 18:38:27,106 [Time-limited test] INFO  pipeline.BackgroundPipelineCreator (BackgroundPipelineCreator.java:stop(149)) - Stopping RatisPipelineUtilsThread.
2023-08-10 18:38:27,106 [RatisPipelineUtilsThread - 0] WARN  pipeline.BackgroundPipelineCreator (BackgroundPipelineCreator.java:run(180)) - RatisPipelineUtilsThread is interrupted.
2023-08-10 18:38:27,106 [BackgroundPipelineScrubberThread] WARN  BackgroundPipelineScrubber (BackgroundSCMService.java:run(115)) - BackgroundPipelineScrubber is interrupted, exit
2023-08-10 18:38:27,106 [Time-limited test] INFO  BackgroundPipelineScrubber (BackgroundSCMService.java:stop(131)) - Stopping BackgroundPipelineScrubber Service.
2023-08-10 18:38:27,106 [Time-limited test] INFO  impl.MetricsSystemImpl (MetricsSystemImpl.java:stop(210)) - Stopping StorageContainerManager metrics system...
2023-08-10 18:38:27,109 [prometheus] INFO  impl.MetricsSinkAdapter (MetricsSinkAdapter.java:publishMetricsFromQueue(141)) - prometheus thread interrupted.
2023-08-10 18:38:27,109 [Time-limited test] INFO  impl.MetricsSystemImpl (MetricsSystemImpl.java:stop(216)) - StorageContainerManager metrics system stopped.
2023-08-10 18:38:27,109 [Time-limited test] WARN  pipeline.BackgroundPipelineCreator (BackgroundPipelineCreator.java:stop(145)) - RatisPipelineUtilsThread is not running, just ignore.
2023-08-10 18:38:27,109 [Time-limited test] INFO  BackgroundPipelineScrubber (BackgroundSCMService.java:stop(126)) - BackgroundPipelineScrubber Service is not running, skip stop.
2023-08-10 18:38:27,109 [ExpiredContainerReplicaOpScrubberThread] WARN  ExpiredContainerReplicaOpScrubber (BackgroundSCMService.java:run(115)) - ExpiredContainerReplicaOpScrubber is interrupted, exit
2023-08-10 18:38:27,109 [Time-limited test] INFO  ExpiredContainerReplicaOpScrubber (BackgroundSCMService.java:stop(131)) - Stopping ExpiredContainerReplicaOpScrubber Service.
2023-08-10 18:38:27,109 [Time-limited test] INFO  utils.BackgroundService (BackgroundService.java:shutdown(141)) - Shutting down service SCMBlockDeletingService
2023-08-10 18:38:27,109 [Time-limited test] INFO  replication.ReplicationManager (ReplicationManager.java:stop(329)) - Replication Monitor Thread is not running.
2023-08-10 18:38:27,109 [Time-limited test] WARN  balancer.ContainerBalancer (ContainerBalancer.java:stop(326)) - Cannot stop Container Balancer because it's not running or stopping
2023-08-10 18:38:27,110 [Time-limited test] INFO  server.StorageContainerManager (StorageContainerManager.java:stop(1715)) - Stopping SCM MetadataStore.
2023-08-10 18:38:27,111 [Time-limited test] INFO  impl.DefaultInternalKdcServerImpl (DefaultInternalKdcServerImpl.java:doStop(102)) - Default Internal kdc server stopped.
2023-08-10 18:38:28,111 [Time-limited test] INFO  minikdc.MiniKdc (MiniKdc.java:stop(359)) - MiniKdc stopped.
2023-08-10 18:38:28,111 [Time-limited test] INFO  server.StorageContainerManager (StorageContainerManager.java:stop(1580)) - Storage Container Manager is not running.
2023-08-10 18:38:28,111 [Time-limited test] INFO  server.StorageContainerManager (StorageContainerManager.java:stopReplicationManager(1724)) - Stopping Replication Manager Service.
2023-08-10 18:38:28,111 [Time-limited test] INFO  replication.ReplicationManager (ReplicationManager.java:stop(329)) - Replication Monitor Thread is not running.
2023-08-10 18:38:28,111 [Time-limited test] INFO  server.SCMSecurityProtocolServer (SCMSecurityProtocolServer.java:join(560)) - Join RPC server for SCMSecurityProtocolServer.
2023-08-10 18:38:28,111 [Time-limited test] INFO  server.SCMSecurityProtocolServer (SCMSecurityProtocolServer.java:join(562)) - Join gRPC server for SCMSecurityProtocolServer.
]]></system-out>
  </testcase>
</testsuite>