<?xml version="1.0" encoding="UTF-8"?>
<testsuite xmlns:xsi="http://www.w3.org/2001/XMLSchema-instance" xsi:noNamespaceSchemaLocation="https://maven.apache.org/surefire/maven-surefire-plugin/xsd/surefire-test-report.xsd" name="org.apache.hadoop.ozone.client.rpc.TestCommitWatcher" time="83.791" tests="2" errors="0" skipped="0" failures="1">
  <properties>
    <property name="awt.toolkit" value="sun.awt.X11.XToolkit"/>
    <property name="file.encoding.pkg" value="sun.io"/>
    <property name="java.specification.version" value="1.8"/>
    <property name="sun.cpu.isalist" value=""/>
    <property name="sun.jnu.encoding" value="ANSI_X3.4-1968"/>
    <property name="java.class.path" value="/github/workspace/mnt/ozone/hadoop-ozone/integration-test/target/test-classes:/github/workspace/mnt/ozone/hadoop-ozone/integration-test/target/classes:/home/user/.m2/repository/org/apache/hadoop/hadoop-ozone-common/0.6.0-SNAPSHOT/hadoop-ozone-common-0.6.0-SNAPSHOT.jar:/home/user/.m2/repository/org/apache/commons/commons-compress/1.4.1/commons-compress-1.4.1.jar:/home/user/.m2/repository/org/tukaani/xz/1.0/xz-1.0.jar:/home/user/.m2/repository/org/apache/hadoop/hadoop-hdds-common/0.6.0-SNAPSHOT/hadoop-hdds-common-0.6.0-SNAPSHOT.jar:/home/user/.m2/repository/org/apache/hadoop/hadoop-hdds-hadoop-dependency-client/0.6.0-SNAPSHOT/hadoop-hdds-hadoop-dependency-client-0.6.0-SNAPSHOT.jar:/home/user/.m2/repository/info/picocli/picocli/3.9.6/picocli-3.9.6.jar:/home/user/.m2/repository/com/fasterxml/jackson/core/jackson-annotations/2.10.3/jackson-annotations-2.10.3.jar:/home/user/.m2/repository/javax/annotation/javax.annotation-api/1.2/javax.annotation-api-1.2.jar:/home/user/.m2/repository/org/apache/ratis/ratis-server/1.0.0/ratis-server-1.0.0.jar:/home/user/.m2/repository/org/apache/ratis/ratis-client/1.0.0/ratis-client-1.0.0.jar:/home/user/.m2/repository/org/apache/ratis/ratis-metrics/1.0.0/ratis-metrics-1.0.0.jar:/home/user/.m2/repository/org/apache/ratis/ratis-netty/1.0.0/ratis-netty-1.0.0.jar:/home/user/.m2/repository/org/apache/ratis/ratis-grpc/1.0.0/ratis-grpc-1.0.0.jar:/home/user/.m2/repository/org/apache/logging/log4j/log4j-api/2.11.0/log4j-api-2.11.0.jar:/home/user/.m2/repository/org/apache/logging/log4j/log4j-core/2.11.0/log4j-core-2.11.0.jar:/home/user/.m2/repository/com/lmax/disruptor/3.4.2/disruptor-3.4.2.jar:/home/user/.m2/repository/org/apache/commons/commons-pool2/2.6.0/commons-pool2-2.6.0.jar:/home/user/.m2/repository/org/bouncycastle/bcpkix-jdk15on/1.60/bcpkix-jdk15on-1.60.jar:/home/user/.m2/repository/commons-validator/commons-validator/1.6/commons-validator-1.6.jar:/home/user/.m2/repository/commons-digester/commons-digester/1.8.1/commons-digester-1.8.1.jar:/home/user/.m2/repository/io/jaegertracing/jaeger-client/1.2.0/jaeger-client-1.2.0.jar:/home/user/.m2/repository/io/jaegertracing/jaeger-thrift/1.2.0/jaeger-thrift-1.2.0.jar:/home/user/.m2/repository/org/apache/thrift/libthrift/0.13.0/libthrift-0.13.0.jar:/home/user/.m2/repository/com/squareup/okhttp3/okhttp/4.2.2/okhttp-4.2.2.jar:/home/user/.m2/repository/com/squareup/okio/okio/2.2.2/okio-2.2.2.jar:/home/user/.m2/repository/org/jetbrains/kotlin/kotlin-stdlib/1.3.50/kotlin-stdlib-1.3.50.jar:/home/user/.m2/repository/org/jetbrains/kotlin/kotlin-stdlib-common/1.3.50/kotlin-stdlib-common-1.3.50.jar:/home/user/.m2/repository/org/jetbrains/annotations/13.0/annotations-13.0.jar:/home/user/.m2/repository/io/jaegertracing/jaeger-core/1.2.0/jaeger-core-1.2.0.jar:/home/user/.m2/repository/io/jaegertracing/jaeger-tracerresolver/1.2.0/jaeger-tracerresolver-1.2.0.jar:/home/user/.m2/repository/io/opentracing/contrib/opentracing-tracerresolver/0.1.8/opentracing-tracerresolver-0.1.8.jar:/home/user/.m2/repository/io/opentracing/opentracing-util/0.33.0/opentracing-util-0.33.0.jar:/home/user/.m2/repository/io/opentracing/opentracing-api/0.33.0/opentracing-api-0.33.0.jar:/home/user/.m2/repository/io/opentracing/opentracing-noop/0.33.0/opentracing-noop-0.33.0.jar:/home/user/.m2/repository/org/apache/hadoop/hadoop-hdds-client/0.6.0-SNAPSHOT/hadoop-hdds-client-0.6.0-SNAPSHOT.jar:/home/user/.m2/repository/org/apache/hadoop/hadoop-ozone-interface-client/0.6.0-SNAPSHOT/hadoop-ozone-interface-client-0.6.0-SNAPSHOT.jar:/home/user/.m2/repository/org/apache/hadoop/hadoop-hdds-test-utils/0.6.0-SNAPSHOT/hadoop-hdds-test-utils-0.6.0-SNAPSHOT.jar:/home/user/.m2/repository/com/google/guava/guava/28.2-jre/guava-28.2-jre.jar:/home/user/.m2/repository/com/google/guava/failureaccess/1.0.1/failureaccess-1.0.1.jar:/home/user/.m2/repository/com/google/guava/listenablefuture/9999.0-empty-to-avoid-conflict-with-guava/listenablefuture-9999.0-empty-to-avoid-conflict-with-guava.jar:/home/user/.m2/repository/com/google/code/findbugs/jsr305/3.0.0/jsr305-3.0.0.jar:/home/user/.m2/repository/org/checkerframework/checker-qual/2.10.0/checker-qual-2.10.0.jar:/home/user/.m2/repository/com/google/errorprone/error_prone_annotations/2.2.0/error_prone_annotations-2.2.0.jar:/home/user/.m2/repository/com/google/j2objc/j2objc-annotations/1.3/j2objc-annotations-1.3.jar:/home/user/.m2/repository/commons-io/commons-io/2.5/commons-io-2.5.jar:/home/user/.m2/repository/commons-logging/commons-logging/1.2/commons-logging-1.2.jar:/home/user/.m2/repository/log4j/log4j/1.2.17/log4j-1.2.17.jar:/home/user/.m2/repository/org/slf4j/slf4j-api/1.7.25/slf4j-api-1.7.25.jar:/home/user/.m2/repository/org/apache/hadoop/hadoop-hdds-server-scm/0.6.0-SNAPSHOT/hadoop-hdds-server-scm-0.6.0-SNAPSHOT.jar:/home/user/.m2/repository/org/apache/hadoop/hadoop-hdds-container-service/0.6.0-SNAPSHOT/hadoop-hdds-container-service-0.6.0-SNAPSHOT.jar:/home/user/.m2/repository/org/apache/hadoop/hadoop-hdds-hadoop-dependency-server/0.6.0-SNAPSHOT/hadoop-hdds-hadoop-dependency-server-0.6.0-SNAPSHOT.jar:/home/user/.m2/repository/org/apache/hadoop/hadoop-hdds-server-framework/0.6.0-SNAPSHOT/hadoop-hdds-server-framework-0.6.0-SNAPSHOT.jar:/home/user/.m2/repository/org/apache/hadoop/hadoop-hdds-interface-server/0.6.0-SNAPSHOT/hadoop-hdds-interface-server-0.6.0-SNAPSHOT.jar:/home/user/.m2/repository/org/apache/hadoop/hadoop-hdds-interface-admin/0.6.0-SNAPSHOT/hadoop-hdds-interface-admin-0.6.0-SNAPSHOT.jar:/home/user/.m2/repository/org/rocksdb/rocksdbjni/6.8.1/rocksdbjni-6.8.1.jar:/home/user/.m2/repository/io/prometheus/simpleclient_dropwizard/0.7.0/simpleclient_dropwizard-0.7.0.jar:/home/user/.m2/repository/io/prometheus/simpleclient/0.7.0/simpleclient-0.7.0.jar:/home/user/.m2/repository/io/prometheus/simpleclient_common/0.7.0/simpleclient_common-0.7.0.jar:/home/user/.m2/repository/com/fasterxml/jackson/datatype/jackson-datatype-jsr310/2.10.3/jackson-datatype-jsr310-2.10.3.jar:/home/user/.m2/repository/org/apache/hadoop/hadoop-hdds-docs/0.6.0-SNAPSHOT/hadoop-hdds-docs-0.6.0-SNAPSHOT.jar:/home/user/.m2/repository/io/dropwizard/metrics/metrics-core/3.2.4/metrics-core-3.2.4.jar:/home/user/.m2/repository/org/apache/hadoop/hadoop-hdfs-client/3.2.1/hadoop-hdfs-client-3.2.1.jar:/home/user/.m2/repository/org/bouncycastle/bcprov-jdk15on/1.60/bcprov-jdk15on-1.60.jar:/home/user/.m2/repository/org/apache/hadoop/hadoop-ozone-ozone-manager/0.6.0-SNAPSHOT/hadoop-ozone-ozone-manager-0.6.0-SNAPSHOT.jar:/home/user/.m2/repository/org/apache/hadoop/hadoop-hdds-interface-client/0.6.0-SNAPSHOT/hadoop-hdds-interface-client-0.6.0-SNAPSHOT.jar:/home/user/.m2/repository/org/apache/ratis/ratis-thirdparty-misc/0.5.0/ratis-thirdparty-misc-0.5.0.jar:/home/user/.m2/repository/org/apache/hadoop/hadoop-minikdc/3.2.1/hadoop-minikdc-3.2.1.jar:/home/user/.m2/repository/org/apache/kerby/kerb-simplekdc/1.0.1/kerb-simplekdc-1.0.1.jar:/home/user/.m2/repository/org/apache/kerby/kerb-client/1.0.1/kerb-client-1.0.1.jar:/home/user/.m2/repository/org/apache/kerby/kerby-config/1.0.1/kerby-config-1.0.1.jar:/home/user/.m2/repository/org/apache/kerby/kerb-core/1.0.1/kerb-core-1.0.1.jar:/home/user/.m2/repository/org/apache/kerby/kerby-pkix/1.0.1/kerby-pkix-1.0.1.jar:/home/user/.m2/repository/org/apache/kerby/kerby-asn1/1.0.1/kerby-asn1-1.0.1.jar:/home/user/.m2/repository/org/apache/kerby/kerby-util/1.0.1/kerby-util-1.0.1.jar:/home/user/.m2/repository/org/apache/kerby/kerb-common/1.0.1/kerb-common-1.0.1.jar:/home/user/.m2/repository/org/apache/kerby/kerb-crypto/1.0.1/kerb-crypto-1.0.1.jar:/home/user/.m2/repository/org/apache/kerby/kerb-util/1.0.1/kerb-util-1.0.1.jar:/home/user/.m2/repository/org/apache/kerby/token-provider/1.0.1/token-provider-1.0.1.jar:/home/user/.m2/repository/org/apache/kerby/kerb-admin/1.0.1/kerb-admin-1.0.1.jar:/home/user/.m2/repository/org/apache/kerby/kerb-server/1.0.1/kerb-server-1.0.1.jar:/home/user/.m2/repository/org/apache/kerby/kerb-identity/1.0.1/kerb-identity-1.0.1.jar:/home/user/.m2/repository/org/apache/kerby/kerby-xdr/1.0.1/kerby-xdr-1.0.1.jar:/home/user/.m2/repository/org/slf4j/slf4j-log4j12/1.7.25/slf4j-log4j12-1.7.25.jar:/home/user/.m2/repository/org/apache/hadoop/hadoop-ozone-s3gateway/0.6.0-SNAPSHOT/hadoop-ozone-s3gateway-0.6.0-SNAPSHOT.jar:/home/user/.m2/repository/org/jboss/weld/servlet/weld-servlet/2.4.7.Final/weld-servlet-2.4.7.Final.jar:/home/user/.m2/repository/org/glassfish/jersey/containers/jersey-container-servlet-core/2.27/jersey-container-servlet-core-2.27.jar:/home/user/.m2/repository/org/glassfish/hk2/external/javax.inject/2.5.0-b42/javax.inject-2.5.0-b42.jar:/home/user/.m2/repository/org/glassfish/jersey/core/jersey-common/2.27/jersey-common-2.27.jar:/home/user/.m2/repository/org/glassfish/hk2/osgi-resource-locator/1.0.1/osgi-resource-locator-1.0.1.jar:/home/user/.m2/repository/javax/ws/rs/javax.ws.rs-api/2.1/javax.ws.rs-api-2.1.jar:/home/user/.m2/repository/org/glassfish/jersey/ext/cdi/jersey-cdi1x/2.27/jersey-cdi1x-2.27.jar:/home/user/.m2/repository/org/glassfish/jersey/inject/jersey-hk2/2.27/jersey-hk2-2.27.jar:/home/user/.m2/repository/org/glassfish/hk2/hk2-locator/2.5.0-b42/hk2-locator-2.5.0-b42.jar:/home/user/.m2/repository/org/javassist/javassist/3.22.0-CR2/javassist-3.22.0-CR2.jar:/home/user/.m2/repository/org/glassfish/hk2/hk2-api/2.5.0/hk2-api-2.5.0.jar:/home/user/.m2/repository/org/glassfish/hk2/external/jakarta.inject/2.5.0/jakarta.inject-2.5.0.jar:/home/user/.m2/repository/org/glassfish/hk2/hk2-utils/2.5.0/hk2-utils-2.5.0.jar:/home/user/.m2/repository/jakarta/annotation/jakarta.annotation-api/1.3.4/jakarta.annotation-api-1.3.4.jar:/home/user/.m2/repository/org/glassfish/hk2/external/aopalliance-repackaged/2.5.0/aopalliance-repackaged-2.5.0.jar:/home/user/.m2/repository/com/fasterxml/jackson/dataformat/jackson-dataformat-xml/2.10.3/jackson-dataformat-xml-2.10.3.jar:/home/user/.m2/repository/com/fasterxml/jackson/core/jackson-core/2.10.3/jackson-core-2.10.3.jar:/home/user/.m2/repository/com/fasterxml/jackson/module/jackson-module-jaxb-annotations/2.10.3/jackson-module-jaxb-annotations-2.10.3.jar:/home/user/.m2/repository/jakarta/xml/bind/jakarta.xml.bind-api/2.3.2/jakarta.xml.bind-api-2.3.2.jar:/home/user/.m2/repository/jakarta/activation/jakarta.activation-api/1.2.1/jakarta.activation-api-1.2.1.jar:/home/user/.m2/repository/org/codehaus/woodstox/stax2-api/3.1.4/stax2-api-3.1.4.jar:/home/user/.m2/repository/com/fasterxml/woodstox/woodstox-core/5.0.3/woodstox-core-5.0.3.jar:/home/user/.m2/repository/javax/enterprise/cdi-api/1.2/cdi-api-1.2.jar:/home/user/.m2/repository/javax/el/javax.el-api/3.0.0/javax.el-api-3.0.0.jar:/home/user/.m2/repository/javax/interceptor/javax.interceptor-api/1.2/javax.interceptor-api-1.2.jar:/home/user/.m2/repository/javax/inject/javax.inject/1/javax.inject-1.jar:/home/user/.m2/repository/com/sun/xml/bind/jaxb-impl/2.3.0.1/jaxb-impl-2.3.0.1.jar:/home/user/.m2/repository/com/sun/xml/bind/jaxb-core/2.3.0.1/jaxb-core-2.3.0.1.jar:/home/user/.m2/repository/javax/xml/bind/jaxb-api/2.3.0/jaxb-api-2.3.0.jar:/home/user/.m2/repository/javax/activation/activation/1.1.1/activation-1.1.1.jar:/home/user/.m2/repository/org/apache/hadoop/hadoop-ozone-csi/0.6.0-SNAPSHOT/hadoop-ozone-csi-0.6.0-SNAPSHOT.jar:/home/user/.m2/repository/com/google/protobuf/protobuf-java-util/3.11.0/protobuf-java-util-3.11.0.jar:/home/user/.m2/repository/com/google/code/gson/gson/2.2.4/gson-2.2.4.jar:/home/user/.m2/repository/org/apache/hadoop/hadoop-hdds-config/0.6.0-SNAPSHOT/hadoop-hdds-config-0.6.0-SNAPSHOT.jar:/home/user/.m2/repository/com/google/protobuf/protobuf-java/2.5.0/protobuf-java-2.5.0.jar:/home/user/.m2/repository/io/grpc/grpc-netty/1.29.0/grpc-netty-1.29.0.jar:/home/user/.m2/repository/io/grpc/grpc-core/1.29.0/grpc-core-1.29.0.jar:/home/user/.m2/repository/com/google/android/annotations/4.1.1.4/annotations-4.1.1.4.jar:/home/user/.m2/repository/io/perfmark/perfmark-api/0.19.0/perfmark-api-0.19.0.jar:/home/user/.m2/repository/io/netty/netty-codec-http2/4.1.48.Final/netty-codec-http2-4.1.48.Final.jar:/home/user/.m2/repository/io/netty/netty-codec/4.1.48.Final/netty-codec-4.1.48.Final.jar:/home/user/.m2/repository/io/netty/netty-handler/4.1.48.Final/netty-handler-4.1.48.Final.jar:/home/user/.m2/repository/io/netty/netty-codec-http/4.1.48.Final/netty-codec-http-4.1.48.Final.jar:/home/user/.m2/repository/io/netty/netty-handler-proxy/4.1.48.Final/netty-handler-proxy-4.1.48.Final.jar:/home/user/.m2/repository/io/netty/netty-codec-socks/4.1.48.Final/netty-codec-socks-4.1.48.Final.jar:/home/user/.m2/repository/io/netty/netty-transport-native-epoll/4.1.48.Final/netty-transport-native-epoll-4.1.48.Final.jar:/home/user/.m2/repository/io/netty/netty-common/4.1.48.Final/netty-common-4.1.48.Final.jar:/home/user/.m2/repository/io/netty/netty-buffer/4.1.48.Final/netty-buffer-4.1.48.Final.jar:/home/user/.m2/repository/io/netty/netty-transport/4.1.48.Final/netty-transport-4.1.48.Final.jar:/home/user/.m2/repository/io/netty/netty-resolver/4.1.48.Final/netty-resolver-4.1.48.Final.jar:/home/user/.m2/repository/io/netty/netty-transport-native-unix-common/4.1.48.Final/netty-transport-native-unix-common-4.1.48.Final.jar:/home/user/.m2/repository/io/grpc/grpc-protobuf/1.29.0/grpc-protobuf-1.29.0.jar:/home/user/.m2/repository/io/grpc/grpc-api/1.29.0/grpc-api-1.29.0.jar:/home/user/.m2/repository/io/grpc/grpc-context/1.29.0/grpc-context-1.29.0.jar:/home/user/.m2/repository/org/codehaus/mojo/animal-sniffer-annotations/1.18/animal-sniffer-annotations-1.18.jar:/home/user/.m2/repository/com/google/api/grpc/proto-google-common-protos/1.17.0/proto-google-common-protos-1.17.0.jar:/home/user/.m2/repository/io/grpc/grpc-protobuf-lite/1.29.0/grpc-protobuf-lite-1.29.0.jar:/home/user/.m2/repository/io/grpc/grpc-stub/1.29.0/grpc-stub-1.29.0.jar:/home/user/.m2/repository/org/apache/hadoop/hadoop-ozone-recon/0.6.0-SNAPSHOT/hadoop-ozone-recon-0.6.0-SNAPSHOT.jar:/home/user/.m2/repository/org/apache/hadoop/hadoop-ozone-reconcodegen/0.6.0-SNAPSHOT/hadoop-ozone-reconcodegen-0.6.0-SNAPSHOT.jar:/home/user/.m2/repository/com/google/inject/extensions/guice-multibindings/4.0/guice-multibindings-4.0.jar:/home/user/.m2/repository/com/google/inject/guice/4.0/guice-4.0.jar:/home/user/.m2/repository/aopalliance/aopalliance/1.0/aopalliance-1.0.jar:/home/user/.m2/repository/com/google/inject/extensions/guice-assistedinject/4.0/guice-assistedinject-4.0.jar:/home/user/.m2/repository/com/google/inject/extensions/guice-servlet/4.0/guice-servlet-4.0.jar:/home/user/.m2/repository/org/glassfish/jersey/containers/jersey-container-servlet/2.27/jersey-container-servlet-2.27.jar:/home/user/.m2/repository/org/glassfish/hk2/guice-bridge/2.5.0/guice-bridge-2.5.0.jar:/home/user/.m2/repository/org/glassfish/jersey/core/jersey-server/2.27/jersey-server-2.27.jar:/home/user/.m2/repository/org/glassfish/jersey/core/jersey-client/2.27/jersey-client-2.27.jar:/home/user/.m2/repository/org/glassfish/jersey/media/jersey-media-jaxb/2.27/jersey-media-jaxb-2.27.jar:/home/user/.m2/repository/javax/validation/validation-api/1.1.0.Final/validation-api-1.1.0.Final.jar:/home/user/.m2/repository/org/glassfish/jersey/media/jersey-media-json-jackson/2.27/jersey-media-json-jackson-2.27.jar:/home/user/.m2/repository/org/glassfish/jersey/ext/jersey-entity-filtering/2.27/jersey-entity-filtering-2.27.jar:/home/user/.m2/repository/org/jooq/jooq/3.11.10/jooq-3.11.10.jar:/home/user/.m2/repository/org/jooq/jooq-meta/3.11.10/jooq-meta-3.11.10.jar:/home/user/.m2/repository/org/jooq/jooq-codegen/3.11.10/jooq-codegen-3.11.10.jar:/home/user/.m2/repository/com/jolbox/bonecp/0.8.0.RELEASE/bonecp-0.8.0.RELEASE.jar:/home/user/.m2/repository/org/apache/derby/derby/10.14.2.0/derby-10.14.2.0.jar:/home/user/.m2/repository/org/xerial/sqlite-jdbc/3.25.2/sqlite-jdbc-3.25.2.jar:/home/user/.m2/repository/org/springframework/spring-jdbc/5.2.5.RELEASE/spring-jdbc-5.2.5.RELEASE.jar:/home/user/.m2/repository/org/springframework/spring-beans/5.2.5.RELEASE/spring-beans-5.2.5.RELEASE.jar:/home/user/.m2/repository/org/springframework/spring-core/5.2.5.RELEASE/spring-core-5.2.5.RELEASE.jar:/home/user/.m2/repository/org/springframework/spring-jcl/5.2.5.RELEASE/spring-jcl-5.2.5.RELEASE.jar:/home/user/.m2/repository/org/springframework/spring-tx/5.2.5.RELEASE/spring-tx-5.2.5.RELEASE.jar:/home/user/.m2/repository/org/apache/hadoop/hadoop-ozone-client/0.6.0-SNAPSHOT/hadoop-ozone-client-0.6.0-SNAPSHOT.jar:/home/user/.m2/repository/org/apache/hadoop/hadoop-ozone-filesystem/0.6.0-SNAPSHOT/hadoop-ozone-filesystem-0.6.0-SNAPSHOT.jar:/home/user/.m2/repository/org/apache/hadoop/hadoop-ozone-filesystem-common/0.6.0-SNAPSHOT/hadoop-ozone-filesystem-common-0.6.0-SNAPSHOT.jar:/home/user/.m2/repository/org/apache/hadoop/hadoop-ozone-tools/0.6.0-SNAPSHOT/hadoop-ozone-tools-0.6.0-SNAPSHOT.jar:/home/user/.m2/repository/org/apache/hadoop/hadoop-hdfs/3.2.1/hadoop-hdfs-3.2.1.jar:/home/user/.m2/repository/org/apache/ratis/ratis-tools/1.0.0/ratis-tools-1.0.0.jar:/home/user/.m2/repository/org/apache/ratis/ratis-proto/1.0.0/ratis-proto-1.0.0.jar:/home/user/.m2/repository/org/apache/ratis/ratis-common/1.0.0/ratis-common-1.0.0.jar:/home/user/.m2/repository/com/amazonaws/aws-java-sdk-core/1.11.615/aws-java-sdk-core-1.11.615.jar:/home/user/.m2/repository/org/apache/httpcomponents/httpclient/4.5.2/httpclient-4.5.2.jar:/home/user/.m2/repository/org/apache/httpcomponents/httpcore/4.4.4/httpcore-4.4.4.jar:/home/user/.m2/repository/software/amazon/ion/ion-java/1.0.2/ion-java-1.0.2.jar:/home/user/.m2/repository/com/fasterxml/jackson/dataformat/jackson-dataformat-cbor/2.10.3/jackson-dataformat-cbor-2.10.3.jar:/home/user/.m2/repository/joda-time/joda-time/2.8.1/joda-time-2.8.1.jar:/home/user/.m2/repository/com/amazonaws/aws-java-sdk-s3/1.11.615/aws-java-sdk-s3-1.11.615.jar:/home/user/.m2/repository/com/amazonaws/aws-java-sdk-kms/1.11.615/aws-java-sdk-kms-1.11.615.jar:/home/user/.m2/repository/com/amazonaws/jmespath-java/1.11.615/jmespath-java-1.11.615.jar:/home/user/.m2/repository/org/apache/hadoop/hadoop-hdds-tools/0.6.0-SNAPSHOT/hadoop-hdds-tools-0.6.0-SNAPSHOT.jar:/home/user/.m2/repository/commons-cli/commons-cli/1.2/commons-cli-1.2.jar:/home/user/.m2/repository/org/apache/commons/commons-lang3/3.7/commons-lang3-3.7.jar:/home/user/.m2/repository/org/apache/hadoop/hadoop-ozone-ozone-manager/0.6.0-SNAPSHOT/hadoop-ozone-ozone-manager-0.6.0-SNAPSHOT-tests.jar:/home/user/.m2/repository/junit/junit/4.11/junit-4.11.jar:/home/user/.m2/repository/org/hamcrest/hamcrest-core/1.3/hamcrest-core-1.3.jar:/home/user/.m2/repository/org/openjdk/jmh/jmh-core/1.19/jmh-core-1.19.jar:/home/user/.m2/repository/net/sf/jopt-simple/jopt-simple/4.6/jopt-simple-4.6.jar:/home/user/.m2/repository/org/apache/commons/commons-math3/3.1.1/commons-math3-3.1.1.jar:/home/user/.m2/repository/org/openjdk/jmh/jmh-generator-annprocess/1.19/jmh-generator-annprocess-1.19.jar:/home/user/.m2/repository/org/mockito/mockito-all/1.8.5/mockito-all-1.8.5.jar:/home/user/.m2/repository/org/apache/hadoop/hadoop-kms/3.2.1/hadoop-kms-3.2.1.jar:/home/user/.m2/repository/org/apache/hadoop/hadoop-auth/3.2.1/hadoop-auth-3.2.1.jar:/home/user/.m2/repository/com/nimbusds/nimbus-jose-jwt/7.9/nimbus-jose-jwt-7.9.jar:/home/user/.m2/repository/com/github/stephenc/jcip/jcip-annotations/1.0-1/jcip-annotations-1.0-1.jar:/home/user/.m2/repository/net/minidev/json-smart/2.3/json-smart-2.3.jar:/home/user/.m2/repository/net/minidev/accessors-smart/1.2/accessors-smart-1.2.jar:/home/user/.m2/repository/org/ow2/asm/asm/5.0.4/asm-5.0.4.jar:/home/user/.m2/repository/org/apache/zookeeper/zookeeper/3.4.13/zookeeper-3.4.13.jar:/home/user/.m2/repository/org/apache/yetus/audience-annotations/0.5.0/audience-annotations-0.5.0.jar:/home/user/.m2/repository/org/apache/curator/curator-framework/2.13.0/curator-framework-2.13.0.jar:/home/user/.m2/repository/com/sun/jersey/jersey-core/1.19/jersey-core-1.19.jar:/home/user/.m2/repository/javax/ws/rs/jsr311-api/1.1.1/jsr311-api-1.1.1.jar:/home/user/.m2/repository/com/sun/jersey/jersey-server/1.19/jersey-server-1.19.jar:/home/user/.m2/repository/javax/servlet/javax.servlet-api/3.1.0/javax.servlet-api-3.1.0.jar:/home/user/.m2/repository/org/eclipse/jetty/jetty-server/9.4.26.v20200117/jetty-server-9.4.26.v20200117.jar:/home/user/.m2/repository/org/eclipse/jetty/jetty-http/9.4.26.v20200117/jetty-http-9.4.26.v20200117.jar:/home/user/.m2/repository/org/eclipse/jetty/jetty-io/9.4.26.v20200117/jetty-io-9.4.26.v20200117.jar:/home/user/.m2/repository/org/eclipse/jetty/jetty-webapp/9.4.26.v20200117/jetty-webapp-9.4.26.v20200117.jar:/home/user/.m2/repository/org/eclipse/jetty/jetty-xml/9.4.26.v20200117/jetty-xml-9.4.26.v20200117.jar:/home/user/.m2/repository/org/eclipse/jetty/jetty-servlet/9.4.26.v20200117/jetty-servlet-9.4.26.v20200117.jar:/home/user/.m2/repository/org/eclipse/jetty/jetty-security/9.4.26.v20200117/jetty-security-9.4.26.v20200117.jar:/home/user/.m2/repository/org/apache/hadoop/hadoop-common/3.2.1/hadoop-common-3.2.1.jar:/home/user/.m2/repository/commons-net/commons-net/3.6/commons-net-3.6.jar:/home/user/.m2/repository/commons-collections/commons-collections/3.2.2/commons-collections-3.2.2.jar:/home/user/.m2/repository/com/sun/jersey/jersey-servlet/1.19/jersey-servlet-1.19.jar:/home/user/.m2/repository/com/sun/jersey/jersey-json/1.19/jersey-json-1.19.jar:/home/user/.m2/repository/org/codehaus/jettison/jettison/1.1/jettison-1.1.jar:/home/user/.m2/repository/org/codehaus/jackson/jackson-jaxrs/1.9.2/jackson-jaxrs-1.9.2.jar:/home/user/.m2/repository/org/codehaus/jackson/jackson-xc/1.9.2/jackson-xc-1.9.2.jar:/home/user/.m2/repository/commons-beanutils/commons-beanutils/1.9.4/commons-beanutils-1.9.4.jar:/home/user/.m2/repository/org/apache/commons/commons-configuration2/2.1.1/commons-configuration2-2.1.1.jar:/home/user/.m2/repository/org/apache/commons/commons-text/1.4/commons-text-1.4.jar:/home/user/.m2/repository/com/google/re2j/re2j/1.1/re2j-1.1.jar:/home/user/.m2/repository/com/jcraft/jsch/0.1.54/jsch-0.1.54.jar:/home/user/.m2/repository/org/apache/curator/curator-client/2.13.0/curator-client-2.13.0.jar:/home/user/.m2/repository/org/apache/curator/curator-recipes/2.13.0/curator-recipes-2.13.0.jar:/home/user/.m2/repository/dnsjava/dnsjava/2.1.7/dnsjava-2.1.7.jar:/home/user/.m2/repository/org/slf4j/jul-to-slf4j/1.7.25/jul-to-slf4j-1.7.25.jar:/home/user/.m2/repository/org/eclipse/jetty/jetty-util/9.4.26.v20200117/jetty-util-9.4.26.v20200117.jar:/home/user/.m2/repository/com/fasterxml/jackson/core/jackson-databind/2.10.3/jackson-databind-2.10.3.jar:/home/user/.m2/repository/org/apache/hadoop/hadoop-kms/3.2.1/hadoop-kms-3.2.1-tests.jar:/home/user/.m2/repository/org/apache/hadoop/hadoop-hdds-server-scm/0.6.0-SNAPSHOT/hadoop-hdds-server-scm-0.6.0-SNAPSHOT-tests.jar:/home/user/.m2/repository/org/apache/hadoop/hadoop-hdds-container-service/0.6.0-SNAPSHOT/hadoop-hdds-container-service-0.6.0-SNAPSHOT-tests.jar:/home/user/.m2/repository/org/apache/hadoop/hadoop-hdds-common/0.6.0-SNAPSHOT/hadoop-hdds-common-0.6.0-SNAPSHOT-tests.jar:/home/user/.m2/repository/org/yaml/snakeyaml/1.16/snakeyaml-1.16.jar:/home/user/.m2/repository/org/apache/hadoop/hadoop-hdds-hadoop-dependency-test/0.6.0-SNAPSHOT/hadoop-hdds-hadoop-dependency-test-0.6.0-SNAPSHOT.jar:/home/user/.m2/repository/org/apache/hadoop/hadoop-common/3.2.1/hadoop-common-3.2.1-tests.jar:/home/user/.m2/repository/javax/servlet/jsp/jsp-api/2.1/jsp-api-2.1.jar:/home/user/.m2/repository/org/apache/hadoop/hadoop-hdfs/3.2.1/hadoop-hdfs-3.2.1-tests.jar:/home/user/.m2/repository/org/eclipse/jetty/jetty-util-ajax/9.4.26.v20200117/jetty-util-ajax-9.4.26.v20200117.jar:/home/user/.m2/repository/commons-codec/commons-codec/1.11/commons-codec-1.11.jar:/home/user/.m2/repository/commons-daemon/commons-daemon/1.0.13/commons-daemon-1.0.13.jar:/home/user/.m2/repository/io/netty/netty/3.10.5.Final/netty-3.10.5.Final.jar:/home/user/.m2/repository/io/netty/netty-all/4.1.48.Final/netty-all-4.1.48.Final.jar:/home/user/.m2/repository/org/apache/htrace/htrace-core4/4.1.0-incubating/htrace-core4-4.1.0-incubating.jar:/home/user/.m2/repository/org/fusesource/leveldbjni/leveldbjni-all/1.8/leveldbjni-all-1.8.jar:/home/user/.m2/repository/org/apache/hadoop/hadoop-distcp/3.2.1/hadoop-distcp-3.2.1.jar:/home/user/.m2/repository/org/apache/hadoop/hadoop-mapreduce-client-jobclient/3.2.1/hadoop-mapreduce-client-jobclient-3.2.1.jar:/home/user/.m2/repository/org/apache/hadoop/hadoop-mapreduce-client-common/3.2.1/hadoop-mapreduce-client-common-3.2.1.jar:/home/user/.m2/repository/org/apache/hadoop/hadoop-yarn-common/3.2.1/hadoop-yarn-common-3.2.1.jar:/home/user/.m2/repository/org/apache/hadoop/hadoop-yarn-api/3.2.1/hadoop-yarn-api-3.2.1.jar:/home/user/.m2/repository/com/sun/jersey/jersey-client/1.19/jersey-client-1.19.jar:/home/user/.m2/repository/com/sun/jersey/contribs/jersey-guice/1.19/jersey-guice-1.19.jar:/home/user/.m2/repository/com/fasterxml/jackson/jaxrs/jackson-jaxrs-json-provider/2.10.3/jackson-jaxrs-json-provider-2.10.3.jar:/home/user/.m2/repository/com/fasterxml/jackson/jaxrs/jackson-jaxrs-base/2.10.3/jackson-jaxrs-base-2.10.3.jar:/home/user/.m2/repository/org/apache/hadoop/hadoop-yarn-client/3.2.1/hadoop-yarn-client-3.2.1.jar:/home/user/.m2/repository/org/apache/hadoop/hadoop-mapreduce-client-core/3.2.1/hadoop-mapreduce-client-core-3.2.1.jar:/home/user/.m2/repository/org/apache/avro/avro/1.7.7/avro-1.7.7.jar:/home/user/.m2/repository/org/codehaus/jackson/jackson-core-asl/1.9.13/jackson-core-asl-1.9.13.jar:/home/user/.m2/repository/org/codehaus/jackson/jackson-mapper-asl/1.9.13/jackson-mapper-asl-1.9.13.jar:/home/user/.m2/repository/com/thoughtworks/paranamer/paranamer/2.3/paranamer-2.3.jar:/home/user/.m2/repository/org/xerial/snappy/snappy-java/1.0.5/snappy-java-1.0.5.jar:/home/user/.m2/repository/org/apache/hadoop/hadoop-annotations/3.2.1/hadoop-annotations-3.2.1.jar:/usr/lib/jvm/java-1.8.0-openjdk-1.8.0.232.b09-0.el7_7.x86_64/jre/../lib/tools.jar:/home/user/.m2/repository/org/apache/hadoop/hadoop-distcp/3.2.1/hadoop-distcp-3.2.1-tests.jar:"/>
    <property name="java.vm.vendor" value="Oracle Corporation"/>
    <property name="sun.arch.data.model" value="64"/>
    <property name="test.build.dir" value="/github/workspace/mnt/ozone/hadoop-ozone/integration-test/target/test-dir"/>
    <property name="test.cache.data" value=""/>
    <property name="java.vendor.url" value="http://java.oracle.com/"/>
    <property name="user.timezone" value=""/>
    <property name="java.vm.specification.version" value="1.8"/>
    <property name="os.name" value="Linux"/>
    <property name="test.build.data" value="/github/workspace/mnt/ozone/hadoop-ozone/integration-test/target/test-dir"/>
    <property name="user.country" value="US"/>
    <property name="sun.java.launcher" value="SUN_STANDARD"/>
    <property name="sun.boot.library.path" value="/usr/lib/jvm/java-1.8.0-openjdk-1.8.0.232.b09-0.el7_7.x86_64/jre/lib/amd64"/>
    <property name="sun.java.command" value="/github/workspace/mnt/ozone/hadoop-ozone/integration-test/target/surefire/surefirebooter7867266970985301460.jar /github/workspace/mnt/ozone/hadoop-ozone/integration-test/target/surefire 2020-07-21T12-25-44_141-jvmRun1 surefire4724390585488203868tmp surefire_193722122511203028494tmp"/>
    <property name="surefire.test.class.path" value="/github/workspace/mnt/ozone/hadoop-ozone/integration-test/target/test-classes:/github/workspace/mnt/ozone/hadoop-ozone/integration-test/target/classes:/home/user/.m2/repository/org/apache/hadoop/hadoop-ozone-common/0.6.0-SNAPSHOT/hadoop-ozone-common-0.6.0-SNAPSHOT.jar:/home/user/.m2/repository/org/apache/commons/commons-compress/1.4.1/commons-compress-1.4.1.jar:/home/user/.m2/repository/org/tukaani/xz/1.0/xz-1.0.jar:/home/user/.m2/repository/org/apache/hadoop/hadoop-hdds-common/0.6.0-SNAPSHOT/hadoop-hdds-common-0.6.0-SNAPSHOT.jar:/home/user/.m2/repository/org/apache/hadoop/hadoop-hdds-hadoop-dependency-client/0.6.0-SNAPSHOT/hadoop-hdds-hadoop-dependency-client-0.6.0-SNAPSHOT.jar:/home/user/.m2/repository/info/picocli/picocli/3.9.6/picocli-3.9.6.jar:/home/user/.m2/repository/com/fasterxml/jackson/core/jackson-annotations/2.10.3/jackson-annotations-2.10.3.jar:/home/user/.m2/repository/javax/annotation/javax.annotation-api/1.2/javax.annotation-api-1.2.jar:/home/user/.m2/repository/org/apache/ratis/ratis-server/1.0.0/ratis-server-1.0.0.jar:/home/user/.m2/repository/org/apache/ratis/ratis-client/1.0.0/ratis-client-1.0.0.jar:/home/user/.m2/repository/org/apache/ratis/ratis-metrics/1.0.0/ratis-metrics-1.0.0.jar:/home/user/.m2/repository/org/apache/ratis/ratis-netty/1.0.0/ratis-netty-1.0.0.jar:/home/user/.m2/repository/org/apache/ratis/ratis-grpc/1.0.0/ratis-grpc-1.0.0.jar:/home/user/.m2/repository/org/apache/logging/log4j/log4j-api/2.11.0/log4j-api-2.11.0.jar:/home/user/.m2/repository/org/apache/logging/log4j/log4j-core/2.11.0/log4j-core-2.11.0.jar:/home/user/.m2/repository/com/lmax/disruptor/3.4.2/disruptor-3.4.2.jar:/home/user/.m2/repository/org/apache/commons/commons-pool2/2.6.0/commons-pool2-2.6.0.jar:/home/user/.m2/repository/org/bouncycastle/bcpkix-jdk15on/1.60/bcpkix-jdk15on-1.60.jar:/home/user/.m2/repository/commons-validator/commons-validator/1.6/commons-validator-1.6.jar:/home/user/.m2/repository/commons-digester/commons-digester/1.8.1/commons-digester-1.8.1.jar:/home/user/.m2/repository/io/jaegertracing/jaeger-client/1.2.0/jaeger-client-1.2.0.jar:/home/user/.m2/repository/io/jaegertracing/jaeger-thrift/1.2.0/jaeger-thrift-1.2.0.jar:/home/user/.m2/repository/org/apache/thrift/libthrift/0.13.0/libthrift-0.13.0.jar:/home/user/.m2/repository/com/squareup/okhttp3/okhttp/4.2.2/okhttp-4.2.2.jar:/home/user/.m2/repository/com/squareup/okio/okio/2.2.2/okio-2.2.2.jar:/home/user/.m2/repository/org/jetbrains/kotlin/kotlin-stdlib/1.3.50/kotlin-stdlib-1.3.50.jar:/home/user/.m2/repository/org/jetbrains/kotlin/kotlin-stdlib-common/1.3.50/kotlin-stdlib-common-1.3.50.jar:/home/user/.m2/repository/org/jetbrains/annotations/13.0/annotations-13.0.jar:/home/user/.m2/repository/io/jaegertracing/jaeger-core/1.2.0/jaeger-core-1.2.0.jar:/home/user/.m2/repository/io/jaegertracing/jaeger-tracerresolver/1.2.0/jaeger-tracerresolver-1.2.0.jar:/home/user/.m2/repository/io/opentracing/contrib/opentracing-tracerresolver/0.1.8/opentracing-tracerresolver-0.1.8.jar:/home/user/.m2/repository/io/opentracing/opentracing-util/0.33.0/opentracing-util-0.33.0.jar:/home/user/.m2/repository/io/opentracing/opentracing-api/0.33.0/opentracing-api-0.33.0.jar:/home/user/.m2/repository/io/opentracing/opentracing-noop/0.33.0/opentracing-noop-0.33.0.jar:/home/user/.m2/repository/org/apache/hadoop/hadoop-hdds-client/0.6.0-SNAPSHOT/hadoop-hdds-client-0.6.0-SNAPSHOT.jar:/home/user/.m2/repository/org/apache/hadoop/hadoop-ozone-interface-client/0.6.0-SNAPSHOT/hadoop-ozone-interface-client-0.6.0-SNAPSHOT.jar:/home/user/.m2/repository/org/apache/hadoop/hadoop-hdds-test-utils/0.6.0-SNAPSHOT/hadoop-hdds-test-utils-0.6.0-SNAPSHOT.jar:/home/user/.m2/repository/com/google/guava/guava/28.2-jre/guava-28.2-jre.jar:/home/user/.m2/repository/com/google/guava/failureaccess/1.0.1/failureaccess-1.0.1.jar:/home/user/.m2/repository/com/google/guava/listenablefuture/9999.0-empty-to-avoid-conflict-with-guava/listenablefuture-9999.0-empty-to-avoid-conflict-with-guava.jar:/home/user/.m2/repository/com/google/code/findbugs/jsr305/3.0.0/jsr305-3.0.0.jar:/home/user/.m2/repository/org/checkerframework/checker-qual/2.10.0/checker-qual-2.10.0.jar:/home/user/.m2/repository/com/google/errorprone/error_prone_annotations/2.2.0/error_prone_annotations-2.2.0.jar:/home/user/.m2/repository/com/google/j2objc/j2objc-annotations/1.3/j2objc-annotations-1.3.jar:/home/user/.m2/repository/commons-io/commons-io/2.5/commons-io-2.5.jar:/home/user/.m2/repository/commons-logging/commons-logging/1.2/commons-logging-1.2.jar:/home/user/.m2/repository/log4j/log4j/1.2.17/log4j-1.2.17.jar:/home/user/.m2/repository/org/slf4j/slf4j-api/1.7.25/slf4j-api-1.7.25.jar:/home/user/.m2/repository/org/apache/hadoop/hadoop-hdds-server-scm/0.6.0-SNAPSHOT/hadoop-hdds-server-scm-0.6.0-SNAPSHOT.jar:/home/user/.m2/repository/org/apache/hadoop/hadoop-hdds-container-service/0.6.0-SNAPSHOT/hadoop-hdds-container-service-0.6.0-SNAPSHOT.jar:/home/user/.m2/repository/org/apache/hadoop/hadoop-hdds-hadoop-dependency-server/0.6.0-SNAPSHOT/hadoop-hdds-hadoop-dependency-server-0.6.0-SNAPSHOT.jar:/home/user/.m2/repository/org/apache/hadoop/hadoop-hdds-server-framework/0.6.0-SNAPSHOT/hadoop-hdds-server-framework-0.6.0-SNAPSHOT.jar:/home/user/.m2/repository/org/apache/hadoop/hadoop-hdds-interface-server/0.6.0-SNAPSHOT/hadoop-hdds-interface-server-0.6.0-SNAPSHOT.jar:/home/user/.m2/repository/org/apache/hadoop/hadoop-hdds-interface-admin/0.6.0-SNAPSHOT/hadoop-hdds-interface-admin-0.6.0-SNAPSHOT.jar:/home/user/.m2/repository/org/rocksdb/rocksdbjni/6.8.1/rocksdbjni-6.8.1.jar:/home/user/.m2/repository/io/prometheus/simpleclient_dropwizard/0.7.0/simpleclient_dropwizard-0.7.0.jar:/home/user/.m2/repository/io/prometheus/simpleclient/0.7.0/simpleclient-0.7.0.jar:/home/user/.m2/repository/io/prometheus/simpleclient_common/0.7.0/simpleclient_common-0.7.0.jar:/home/user/.m2/repository/com/fasterxml/jackson/datatype/jackson-datatype-jsr310/2.10.3/jackson-datatype-jsr310-2.10.3.jar:/home/user/.m2/repository/org/apache/hadoop/hadoop-hdds-docs/0.6.0-SNAPSHOT/hadoop-hdds-docs-0.6.0-SNAPSHOT.jar:/home/user/.m2/repository/io/dropwizard/metrics/metrics-core/3.2.4/metrics-core-3.2.4.jar:/home/user/.m2/repository/org/apache/hadoop/hadoop-hdfs-client/3.2.1/hadoop-hdfs-client-3.2.1.jar:/home/user/.m2/repository/org/bouncycastle/bcprov-jdk15on/1.60/bcprov-jdk15on-1.60.jar:/home/user/.m2/repository/org/apache/hadoop/hadoop-ozone-ozone-manager/0.6.0-SNAPSHOT/hadoop-ozone-ozone-manager-0.6.0-SNAPSHOT.jar:/home/user/.m2/repository/org/apache/hadoop/hadoop-hdds-interface-client/0.6.0-SNAPSHOT/hadoop-hdds-interface-client-0.6.0-SNAPSHOT.jar:/home/user/.m2/repository/org/apache/ratis/ratis-thirdparty-misc/0.5.0/ratis-thirdparty-misc-0.5.0.jar:/home/user/.m2/repository/org/apache/hadoop/hadoop-minikdc/3.2.1/hadoop-minikdc-3.2.1.jar:/home/user/.m2/repository/org/apache/kerby/kerb-simplekdc/1.0.1/kerb-simplekdc-1.0.1.jar:/home/user/.m2/repository/org/apache/kerby/kerb-client/1.0.1/kerb-client-1.0.1.jar:/home/user/.m2/repository/org/apache/kerby/kerby-config/1.0.1/kerby-config-1.0.1.jar:/home/user/.m2/repository/org/apache/kerby/kerb-core/1.0.1/kerb-core-1.0.1.jar:/home/user/.m2/repository/org/apache/kerby/kerby-pkix/1.0.1/kerby-pkix-1.0.1.jar:/home/user/.m2/repository/org/apache/kerby/kerby-asn1/1.0.1/kerby-asn1-1.0.1.jar:/home/user/.m2/repository/org/apache/kerby/kerby-util/1.0.1/kerby-util-1.0.1.jar:/home/user/.m2/repository/org/apache/kerby/kerb-common/1.0.1/kerb-common-1.0.1.jar:/home/user/.m2/repository/org/apache/kerby/kerb-crypto/1.0.1/kerb-crypto-1.0.1.jar:/home/user/.m2/repository/org/apache/kerby/kerb-util/1.0.1/kerb-util-1.0.1.jar:/home/user/.m2/repository/org/apache/kerby/token-provider/1.0.1/token-provider-1.0.1.jar:/home/user/.m2/repository/org/apache/kerby/kerb-admin/1.0.1/kerb-admin-1.0.1.jar:/home/user/.m2/repository/org/apache/kerby/kerb-server/1.0.1/kerb-server-1.0.1.jar:/home/user/.m2/repository/org/apache/kerby/kerb-identity/1.0.1/kerb-identity-1.0.1.jar:/home/user/.m2/repository/org/apache/kerby/kerby-xdr/1.0.1/kerby-xdr-1.0.1.jar:/home/user/.m2/repository/org/slf4j/slf4j-log4j12/1.7.25/slf4j-log4j12-1.7.25.jar:/home/user/.m2/repository/org/apache/hadoop/hadoop-ozone-s3gateway/0.6.0-SNAPSHOT/hadoop-ozone-s3gateway-0.6.0-SNAPSHOT.jar:/home/user/.m2/repository/org/jboss/weld/servlet/weld-servlet/2.4.7.Final/weld-servlet-2.4.7.Final.jar:/home/user/.m2/repository/org/glassfish/jersey/containers/jersey-container-servlet-core/2.27/jersey-container-servlet-core-2.27.jar:/home/user/.m2/repository/org/glassfish/hk2/external/javax.inject/2.5.0-b42/javax.inject-2.5.0-b42.jar:/home/user/.m2/repository/org/glassfish/jersey/core/jersey-common/2.27/jersey-common-2.27.jar:/home/user/.m2/repository/org/glassfish/hk2/osgi-resource-locator/1.0.1/osgi-resource-locator-1.0.1.jar:/home/user/.m2/repository/javax/ws/rs/javax.ws.rs-api/2.1/javax.ws.rs-api-2.1.jar:/home/user/.m2/repository/org/glassfish/jersey/ext/cdi/jersey-cdi1x/2.27/jersey-cdi1x-2.27.jar:/home/user/.m2/repository/org/glassfish/jersey/inject/jersey-hk2/2.27/jersey-hk2-2.27.jar:/home/user/.m2/repository/org/glassfish/hk2/hk2-locator/2.5.0-b42/hk2-locator-2.5.0-b42.jar:/home/user/.m2/repository/org/javassist/javassist/3.22.0-CR2/javassist-3.22.0-CR2.jar:/home/user/.m2/repository/org/glassfish/hk2/hk2-api/2.5.0/hk2-api-2.5.0.jar:/home/user/.m2/repository/org/glassfish/hk2/external/jakarta.inject/2.5.0/jakarta.inject-2.5.0.jar:/home/user/.m2/repository/org/glassfish/hk2/hk2-utils/2.5.0/hk2-utils-2.5.0.jar:/home/user/.m2/repository/jakarta/annotation/jakarta.annotation-api/1.3.4/jakarta.annotation-api-1.3.4.jar:/home/user/.m2/repository/org/glassfish/hk2/external/aopalliance-repackaged/2.5.0/aopalliance-repackaged-2.5.0.jar:/home/user/.m2/repository/com/fasterxml/jackson/dataformat/jackson-dataformat-xml/2.10.3/jackson-dataformat-xml-2.10.3.jar:/home/user/.m2/repository/com/fasterxml/jackson/core/jackson-core/2.10.3/jackson-core-2.10.3.jar:/home/user/.m2/repository/com/fasterxml/jackson/module/jackson-module-jaxb-annotations/2.10.3/jackson-module-jaxb-annotations-2.10.3.jar:/home/user/.m2/repository/jakarta/xml/bind/jakarta.xml.bind-api/2.3.2/jakarta.xml.bind-api-2.3.2.jar:/home/user/.m2/repository/jakarta/activation/jakarta.activation-api/1.2.1/jakarta.activation-api-1.2.1.jar:/home/user/.m2/repository/org/codehaus/woodstox/stax2-api/3.1.4/stax2-api-3.1.4.jar:/home/user/.m2/repository/com/fasterxml/woodstox/woodstox-core/5.0.3/woodstox-core-5.0.3.jar:/home/user/.m2/repository/javax/enterprise/cdi-api/1.2/cdi-api-1.2.jar:/home/user/.m2/repository/javax/el/javax.el-api/3.0.0/javax.el-api-3.0.0.jar:/home/user/.m2/repository/javax/interceptor/javax.interceptor-api/1.2/javax.interceptor-api-1.2.jar:/home/user/.m2/repository/javax/inject/javax.inject/1/javax.inject-1.jar:/home/user/.m2/repository/com/sun/xml/bind/jaxb-impl/2.3.0.1/jaxb-impl-2.3.0.1.jar:/home/user/.m2/repository/com/sun/xml/bind/jaxb-core/2.3.0.1/jaxb-core-2.3.0.1.jar:/home/user/.m2/repository/javax/xml/bind/jaxb-api/2.3.0/jaxb-api-2.3.0.jar:/home/user/.m2/repository/javax/activation/activation/1.1.1/activation-1.1.1.jar:/home/user/.m2/repository/org/apache/hadoop/hadoop-ozone-csi/0.6.0-SNAPSHOT/hadoop-ozone-csi-0.6.0-SNAPSHOT.jar:/home/user/.m2/repository/com/google/protobuf/protobuf-java-util/3.11.0/protobuf-java-util-3.11.0.jar:/home/user/.m2/repository/com/google/code/gson/gson/2.2.4/gson-2.2.4.jar:/home/user/.m2/repository/org/apache/hadoop/hadoop-hdds-config/0.6.0-SNAPSHOT/hadoop-hdds-config-0.6.0-SNAPSHOT.jar:/home/user/.m2/repository/com/google/protobuf/protobuf-java/2.5.0/protobuf-java-2.5.0.jar:/home/user/.m2/repository/io/grpc/grpc-netty/1.29.0/grpc-netty-1.29.0.jar:/home/user/.m2/repository/io/grpc/grpc-core/1.29.0/grpc-core-1.29.0.jar:/home/user/.m2/repository/com/google/android/annotations/4.1.1.4/annotations-4.1.1.4.jar:/home/user/.m2/repository/io/perfmark/perfmark-api/0.19.0/perfmark-api-0.19.0.jar:/home/user/.m2/repository/io/netty/netty-codec-http2/4.1.48.Final/netty-codec-http2-4.1.48.Final.jar:/home/user/.m2/repository/io/netty/netty-codec/4.1.48.Final/netty-codec-4.1.48.Final.jar:/home/user/.m2/repository/io/netty/netty-handler/4.1.48.Final/netty-handler-4.1.48.Final.jar:/home/user/.m2/repository/io/netty/netty-codec-http/4.1.48.Final/netty-codec-http-4.1.48.Final.jar:/home/user/.m2/repository/io/netty/netty-handler-proxy/4.1.48.Final/netty-handler-proxy-4.1.48.Final.jar:/home/user/.m2/repository/io/netty/netty-codec-socks/4.1.48.Final/netty-codec-socks-4.1.48.Final.jar:/home/user/.m2/repository/io/netty/netty-transport-native-epoll/4.1.48.Final/netty-transport-native-epoll-4.1.48.Final.jar:/home/user/.m2/repository/io/netty/netty-common/4.1.48.Final/netty-common-4.1.48.Final.jar:/home/user/.m2/repository/io/netty/netty-buffer/4.1.48.Final/netty-buffer-4.1.48.Final.jar:/home/user/.m2/repository/io/netty/netty-transport/4.1.48.Final/netty-transport-4.1.48.Final.jar:/home/user/.m2/repository/io/netty/netty-resolver/4.1.48.Final/netty-resolver-4.1.48.Final.jar:/home/user/.m2/repository/io/netty/netty-transport-native-unix-common/4.1.48.Final/netty-transport-native-unix-common-4.1.48.Final.jar:/home/user/.m2/repository/io/grpc/grpc-protobuf/1.29.0/grpc-protobuf-1.29.0.jar:/home/user/.m2/repository/io/grpc/grpc-api/1.29.0/grpc-api-1.29.0.jar:/home/user/.m2/repository/io/grpc/grpc-context/1.29.0/grpc-context-1.29.0.jar:/home/user/.m2/repository/org/codehaus/mojo/animal-sniffer-annotations/1.18/animal-sniffer-annotations-1.18.jar:/home/user/.m2/repository/com/google/api/grpc/proto-google-common-protos/1.17.0/proto-google-common-protos-1.17.0.jar:/home/user/.m2/repository/io/grpc/grpc-protobuf-lite/1.29.0/grpc-protobuf-lite-1.29.0.jar:/home/user/.m2/repository/io/grpc/grpc-stub/1.29.0/grpc-stub-1.29.0.jar:/home/user/.m2/repository/org/apache/hadoop/hadoop-ozone-recon/0.6.0-SNAPSHOT/hadoop-ozone-recon-0.6.0-SNAPSHOT.jar:/home/user/.m2/repository/org/apache/hadoop/hadoop-ozone-reconcodegen/0.6.0-SNAPSHOT/hadoop-ozone-reconcodegen-0.6.0-SNAPSHOT.jar:/home/user/.m2/repository/com/google/inject/extensions/guice-multibindings/4.0/guice-multibindings-4.0.jar:/home/user/.m2/repository/com/google/inject/guice/4.0/guice-4.0.jar:/home/user/.m2/repository/aopalliance/aopalliance/1.0/aopalliance-1.0.jar:/home/user/.m2/repository/com/google/inject/extensions/guice-assistedinject/4.0/guice-assistedinject-4.0.jar:/home/user/.m2/repository/com/google/inject/extensions/guice-servlet/4.0/guice-servlet-4.0.jar:/home/user/.m2/repository/org/glassfish/jersey/containers/jersey-container-servlet/2.27/jersey-container-servlet-2.27.jar:/home/user/.m2/repository/org/glassfish/hk2/guice-bridge/2.5.0/guice-bridge-2.5.0.jar:/home/user/.m2/repository/org/glassfish/jersey/core/jersey-server/2.27/jersey-server-2.27.jar:/home/user/.m2/repository/org/glassfish/jersey/core/jersey-client/2.27/jersey-client-2.27.jar:/home/user/.m2/repository/org/glassfish/jersey/media/jersey-media-jaxb/2.27/jersey-media-jaxb-2.27.jar:/home/user/.m2/repository/javax/validation/validation-api/1.1.0.Final/validation-api-1.1.0.Final.jar:/home/user/.m2/repository/org/glassfish/jersey/media/jersey-media-json-jackson/2.27/jersey-media-json-jackson-2.27.jar:/home/user/.m2/repository/org/glassfish/jersey/ext/jersey-entity-filtering/2.27/jersey-entity-filtering-2.27.jar:/home/user/.m2/repository/org/jooq/jooq/3.11.10/jooq-3.11.10.jar:/home/user/.m2/repository/org/jooq/jooq-meta/3.11.10/jooq-meta-3.11.10.jar:/home/user/.m2/repository/org/jooq/jooq-codegen/3.11.10/jooq-codegen-3.11.10.jar:/home/user/.m2/repository/com/jolbox/bonecp/0.8.0.RELEASE/bonecp-0.8.0.RELEASE.jar:/home/user/.m2/repository/org/apache/derby/derby/10.14.2.0/derby-10.14.2.0.jar:/home/user/.m2/repository/org/xerial/sqlite-jdbc/3.25.2/sqlite-jdbc-3.25.2.jar:/home/user/.m2/repository/org/springframework/spring-jdbc/5.2.5.RELEASE/spring-jdbc-5.2.5.RELEASE.jar:/home/user/.m2/repository/org/springframework/spring-beans/5.2.5.RELEASE/spring-beans-5.2.5.RELEASE.jar:/home/user/.m2/repository/org/springframework/spring-core/5.2.5.RELEASE/spring-core-5.2.5.RELEASE.jar:/home/user/.m2/repository/org/springframework/spring-jcl/5.2.5.RELEASE/spring-jcl-5.2.5.RELEASE.jar:/home/user/.m2/repository/org/springframework/spring-tx/5.2.5.RELEASE/spring-tx-5.2.5.RELEASE.jar:/home/user/.m2/repository/org/apache/hadoop/hadoop-ozone-client/0.6.0-SNAPSHOT/hadoop-ozone-client-0.6.0-SNAPSHOT.jar:/home/user/.m2/repository/org/apache/hadoop/hadoop-ozone-filesystem/0.6.0-SNAPSHOT/hadoop-ozone-filesystem-0.6.0-SNAPSHOT.jar:/home/user/.m2/repository/org/apache/hadoop/hadoop-ozone-filesystem-common/0.6.0-SNAPSHOT/hadoop-ozone-filesystem-common-0.6.0-SNAPSHOT.jar:/home/user/.m2/repository/org/apache/hadoop/hadoop-ozone-tools/0.6.0-SNAPSHOT/hadoop-ozone-tools-0.6.0-SNAPSHOT.jar:/home/user/.m2/repository/org/apache/hadoop/hadoop-hdfs/3.2.1/hadoop-hdfs-3.2.1.jar:/home/user/.m2/repository/org/apache/ratis/ratis-tools/1.0.0/ratis-tools-1.0.0.jar:/home/user/.m2/repository/org/apache/ratis/ratis-proto/1.0.0/ratis-proto-1.0.0.jar:/home/user/.m2/repository/org/apache/ratis/ratis-common/1.0.0/ratis-common-1.0.0.jar:/home/user/.m2/repository/com/amazonaws/aws-java-sdk-core/1.11.615/aws-java-sdk-core-1.11.615.jar:/home/user/.m2/repository/org/apache/httpcomponents/httpclient/4.5.2/httpclient-4.5.2.jar:/home/user/.m2/repository/org/apache/httpcomponents/httpcore/4.4.4/httpcore-4.4.4.jar:/home/user/.m2/repository/software/amazon/ion/ion-java/1.0.2/ion-java-1.0.2.jar:/home/user/.m2/repository/com/fasterxml/jackson/dataformat/jackson-dataformat-cbor/2.10.3/jackson-dataformat-cbor-2.10.3.jar:/home/user/.m2/repository/joda-time/joda-time/2.8.1/joda-time-2.8.1.jar:/home/user/.m2/repository/com/amazonaws/aws-java-sdk-s3/1.11.615/aws-java-sdk-s3-1.11.615.jar:/home/user/.m2/repository/com/amazonaws/aws-java-sdk-kms/1.11.615/aws-java-sdk-kms-1.11.615.jar:/home/user/.m2/repository/com/amazonaws/jmespath-java/1.11.615/jmespath-java-1.11.615.jar:/home/user/.m2/repository/org/apache/hadoop/hadoop-hdds-tools/0.6.0-SNAPSHOT/hadoop-hdds-tools-0.6.0-SNAPSHOT.jar:/home/user/.m2/repository/commons-cli/commons-cli/1.2/commons-cli-1.2.jar:/home/user/.m2/repository/org/apache/commons/commons-lang3/3.7/commons-lang3-3.7.jar:/home/user/.m2/repository/org/apache/hadoop/hadoop-ozone-ozone-manager/0.6.0-SNAPSHOT/hadoop-ozone-ozone-manager-0.6.0-SNAPSHOT-tests.jar:/home/user/.m2/repository/junit/junit/4.11/junit-4.11.jar:/home/user/.m2/repository/org/hamcrest/hamcrest-core/1.3/hamcrest-core-1.3.jar:/home/user/.m2/repository/org/openjdk/jmh/jmh-core/1.19/jmh-core-1.19.jar:/home/user/.m2/repository/net/sf/jopt-simple/jopt-simple/4.6/jopt-simple-4.6.jar:/home/user/.m2/repository/org/apache/commons/commons-math3/3.1.1/commons-math3-3.1.1.jar:/home/user/.m2/repository/org/openjdk/jmh/jmh-generator-annprocess/1.19/jmh-generator-annprocess-1.19.jar:/home/user/.m2/repository/org/mockito/mockito-all/1.8.5/mockito-all-1.8.5.jar:/home/user/.m2/repository/org/apache/hadoop/hadoop-kms/3.2.1/hadoop-kms-3.2.1.jar:/home/user/.m2/repository/org/apache/hadoop/hadoop-auth/3.2.1/hadoop-auth-3.2.1.jar:/home/user/.m2/repository/com/nimbusds/nimbus-jose-jwt/7.9/nimbus-jose-jwt-7.9.jar:/home/user/.m2/repository/com/github/stephenc/jcip/jcip-annotations/1.0-1/jcip-annotations-1.0-1.jar:/home/user/.m2/repository/net/minidev/json-smart/2.3/json-smart-2.3.jar:/home/user/.m2/repository/net/minidev/accessors-smart/1.2/accessors-smart-1.2.jar:/home/user/.m2/repository/org/ow2/asm/asm/5.0.4/asm-5.0.4.jar:/home/user/.m2/repository/org/apache/zookeeper/zookeeper/3.4.13/zookeeper-3.4.13.jar:/home/user/.m2/repository/org/apache/yetus/audience-annotations/0.5.0/audience-annotations-0.5.0.jar:/home/user/.m2/repository/org/apache/curator/curator-framework/2.13.0/curator-framework-2.13.0.jar:/home/user/.m2/repository/com/sun/jersey/jersey-core/1.19/jersey-core-1.19.jar:/home/user/.m2/repository/javax/ws/rs/jsr311-api/1.1.1/jsr311-api-1.1.1.jar:/home/user/.m2/repository/com/sun/jersey/jersey-server/1.19/jersey-server-1.19.jar:/home/user/.m2/repository/javax/servlet/javax.servlet-api/3.1.0/javax.servlet-api-3.1.0.jar:/home/user/.m2/repository/org/eclipse/jetty/jetty-server/9.4.26.v20200117/jetty-server-9.4.26.v20200117.jar:/home/user/.m2/repository/org/eclipse/jetty/jetty-http/9.4.26.v20200117/jetty-http-9.4.26.v20200117.jar:/home/user/.m2/repository/org/eclipse/jetty/jetty-io/9.4.26.v20200117/jetty-io-9.4.26.v20200117.jar:/home/user/.m2/repository/org/eclipse/jetty/jetty-webapp/9.4.26.v20200117/jetty-webapp-9.4.26.v20200117.jar:/home/user/.m2/repository/org/eclipse/jetty/jetty-xml/9.4.26.v20200117/jetty-xml-9.4.26.v20200117.jar:/home/user/.m2/repository/org/eclipse/jetty/jetty-servlet/9.4.26.v20200117/jetty-servlet-9.4.26.v20200117.jar:/home/user/.m2/repository/org/eclipse/jetty/jetty-security/9.4.26.v20200117/jetty-security-9.4.26.v20200117.jar:/home/user/.m2/repository/org/apache/hadoop/hadoop-common/3.2.1/hadoop-common-3.2.1.jar:/home/user/.m2/repository/commons-net/commons-net/3.6/commons-net-3.6.jar:/home/user/.m2/repository/commons-collections/commons-collections/3.2.2/commons-collections-3.2.2.jar:/home/user/.m2/repository/com/sun/jersey/jersey-servlet/1.19/jersey-servlet-1.19.jar:/home/user/.m2/repository/com/sun/jersey/jersey-json/1.19/jersey-json-1.19.jar:/home/user/.m2/repository/org/codehaus/jettison/jettison/1.1/jettison-1.1.jar:/home/user/.m2/repository/org/codehaus/jackson/jackson-jaxrs/1.9.2/jackson-jaxrs-1.9.2.jar:/home/user/.m2/repository/org/codehaus/jackson/jackson-xc/1.9.2/jackson-xc-1.9.2.jar:/home/user/.m2/repository/commons-beanutils/commons-beanutils/1.9.4/commons-beanutils-1.9.4.jar:/home/user/.m2/repository/org/apache/commons/commons-configuration2/2.1.1/commons-configuration2-2.1.1.jar:/home/user/.m2/repository/org/apache/commons/commons-text/1.4/commons-text-1.4.jar:/home/user/.m2/repository/com/google/re2j/re2j/1.1/re2j-1.1.jar:/home/user/.m2/repository/com/jcraft/jsch/0.1.54/jsch-0.1.54.jar:/home/user/.m2/repository/org/apache/curator/curator-client/2.13.0/curator-client-2.13.0.jar:/home/user/.m2/repository/org/apache/curator/curator-recipes/2.13.0/curator-recipes-2.13.0.jar:/home/user/.m2/repository/dnsjava/dnsjava/2.1.7/dnsjava-2.1.7.jar:/home/user/.m2/repository/org/slf4j/jul-to-slf4j/1.7.25/jul-to-slf4j-1.7.25.jar:/home/user/.m2/repository/org/eclipse/jetty/jetty-util/9.4.26.v20200117/jetty-util-9.4.26.v20200117.jar:/home/user/.m2/repository/com/fasterxml/jackson/core/jackson-databind/2.10.3/jackson-databind-2.10.3.jar:/home/user/.m2/repository/org/apache/hadoop/hadoop-kms/3.2.1/hadoop-kms-3.2.1-tests.jar:/home/user/.m2/repository/org/apache/hadoop/hadoop-hdds-server-scm/0.6.0-SNAPSHOT/hadoop-hdds-server-scm-0.6.0-SNAPSHOT-tests.jar:/home/user/.m2/repository/org/apache/hadoop/hadoop-hdds-container-service/0.6.0-SNAPSHOT/hadoop-hdds-container-service-0.6.0-SNAPSHOT-tests.jar:/home/user/.m2/repository/org/apache/hadoop/hadoop-hdds-common/0.6.0-SNAPSHOT/hadoop-hdds-common-0.6.0-SNAPSHOT-tests.jar:/home/user/.m2/repository/org/yaml/snakeyaml/1.16/snakeyaml-1.16.jar:/home/user/.m2/repository/org/apache/hadoop/hadoop-hdds-hadoop-dependency-test/0.6.0-SNAPSHOT/hadoop-hdds-hadoop-dependency-test-0.6.0-SNAPSHOT.jar:/home/user/.m2/repository/org/apache/hadoop/hadoop-common/3.2.1/hadoop-common-3.2.1-tests.jar:/home/user/.m2/repository/javax/servlet/jsp/jsp-api/2.1/jsp-api-2.1.jar:/home/user/.m2/repository/org/apache/hadoop/hadoop-hdfs/3.2.1/hadoop-hdfs-3.2.1-tests.jar:/home/user/.m2/repository/org/eclipse/jetty/jetty-util-ajax/9.4.26.v20200117/jetty-util-ajax-9.4.26.v20200117.jar:/home/user/.m2/repository/commons-codec/commons-codec/1.11/commons-codec-1.11.jar:/home/user/.m2/repository/commons-daemon/commons-daemon/1.0.13/commons-daemon-1.0.13.jar:/home/user/.m2/repository/io/netty/netty/3.10.5.Final/netty-3.10.5.Final.jar:/home/user/.m2/repository/io/netty/netty-all/4.1.48.Final/netty-all-4.1.48.Final.jar:/home/user/.m2/repository/org/apache/htrace/htrace-core4/4.1.0-incubating/htrace-core4-4.1.0-incubating.jar:/home/user/.m2/repository/org/fusesource/leveldbjni/leveldbjni-all/1.8/leveldbjni-all-1.8.jar:/home/user/.m2/repository/org/apache/hadoop/hadoop-distcp/3.2.1/hadoop-distcp-3.2.1.jar:/home/user/.m2/repository/org/apache/hadoop/hadoop-mapreduce-client-jobclient/3.2.1/hadoop-mapreduce-client-jobclient-3.2.1.jar:/home/user/.m2/repository/org/apache/hadoop/hadoop-mapreduce-client-common/3.2.1/hadoop-mapreduce-client-common-3.2.1.jar:/home/user/.m2/repository/org/apache/hadoop/hadoop-yarn-common/3.2.1/hadoop-yarn-common-3.2.1.jar:/home/user/.m2/repository/org/apache/hadoop/hadoop-yarn-api/3.2.1/hadoop-yarn-api-3.2.1.jar:/home/user/.m2/repository/com/sun/jersey/jersey-client/1.19/jersey-client-1.19.jar:/home/user/.m2/repository/com/sun/jersey/contribs/jersey-guice/1.19/jersey-guice-1.19.jar:/home/user/.m2/repository/com/fasterxml/jackson/jaxrs/jackson-jaxrs-json-provider/2.10.3/jackson-jaxrs-json-provider-2.10.3.jar:/home/user/.m2/repository/com/fasterxml/jackson/jaxrs/jackson-jaxrs-base/2.10.3/jackson-jaxrs-base-2.10.3.jar:/home/user/.m2/repository/org/apache/hadoop/hadoop-yarn-client/3.2.1/hadoop-yarn-client-3.2.1.jar:/home/user/.m2/repository/org/apache/hadoop/hadoop-mapreduce-client-core/3.2.1/hadoop-mapreduce-client-core-3.2.1.jar:/home/user/.m2/repository/org/apache/avro/avro/1.7.7/avro-1.7.7.jar:/home/user/.m2/repository/org/codehaus/jackson/jackson-core-asl/1.9.13/jackson-core-asl-1.9.13.jar:/home/user/.m2/repository/org/codehaus/jackson/jackson-mapper-asl/1.9.13/jackson-mapper-asl-1.9.13.jar:/home/user/.m2/repository/com/thoughtworks/paranamer/paranamer/2.3/paranamer-2.3.jar:/home/user/.m2/repository/org/xerial/snappy/snappy-java/1.0.5/snappy-java-1.0.5.jar:/home/user/.m2/repository/org/apache/hadoop/hadoop-annotations/3.2.1/hadoop-annotations-3.2.1.jar:/usr/lib/jvm/java-1.8.0-openjdk-1.8.0.232.b09-0.el7_7.x86_64/jre/../lib/tools.jar:/home/user/.m2/repository/org/apache/hadoop/hadoop-distcp/3.2.1/hadoop-distcp-3.2.1-tests.jar:"/>
    <property name="sun.cpu.endian" value="little"/>
    <property name="user.home" value="/home/user"/>
    <property name="user.language" value="en"/>
    <property name="java.specification.vendor" value="Oracle Corporation"/>
    <property name="java.home" value="/usr/lib/jvm/java-1.8.0-openjdk-1.8.0.232.b09-0.el7_7.x86_64/jre"/>
    <property name="java.security.krb5.conf" value="/github/workspace/mnt/ozone/hadoop-ozone/integration-test/target/test-classes/krb5.conf"/>
    <property name="basedir" value="/github/workspace/mnt/ozone/hadoop-ozone/integration-test"/>
    <property name="file.separator" value="/"/>
    <property name="line.separator" value="&#10;"/>
    <property name="java.vm.specification.vendor" value="Oracle Corporation"/>
    <property name="java.specification.name" value="Java Platform API Specification"/>
    <property name="java.awt.graphicsenv" value="sun.awt.X11GraphicsEnvironment"/>
    <property name="skip.installnpx" value="true"/>
    <property name="surefire.real.class.path" value="/github/workspace/mnt/ozone/hadoop-ozone/integration-test/target/surefire/surefirebooter7867266970985301460.jar:/home/user/.m2/repository/org/jacoco/org.jacoco.agent/0.8.5/org.jacoco.agent-0.8.5-runtime.jar"/>
    <property name="hadoop.log.dir" value="/github/workspace/mnt/ozone/hadoop-ozone/integration-test/target/log"/>
    <property name="sun.boot.class.path" value="/usr/lib/jvm/java-1.8.0-openjdk-1.8.0.232.b09-0.el7_7.x86_64/jre/lib/resources.jar:/usr/lib/jvm/java-1.8.0-openjdk-1.8.0.232.b09-0.el7_7.x86_64/jre/lib/rt.jar:/usr/lib/jvm/java-1.8.0-openjdk-1.8.0.232.b09-0.el7_7.x86_64/jre/lib/sunrsasign.jar:/usr/lib/jvm/java-1.8.0-openjdk-1.8.0.232.b09-0.el7_7.x86_64/jre/lib/jsse.jar:/usr/lib/jvm/java-1.8.0-openjdk-1.8.0.232.b09-0.el7_7.x86_64/jre/lib/jce.jar:/usr/lib/jvm/java-1.8.0-openjdk-1.8.0.232.b09-0.el7_7.x86_64/jre/lib/charsets.jar:/usr/lib/jvm/java-1.8.0-openjdk-1.8.0.232.b09-0.el7_7.x86_64/jre/lib/jfr.jar:/usr/lib/jvm/java-1.8.0-openjdk-1.8.0.232.b09-0.el7_7.x86_64/jre/classes"/>
    <property name="sun.management.compiler" value="HotSpot 64-Bit Tiered Compilers"/>
    <property name="skip.npx" value="true"/>
    <property name="java.runtime.version" value="1.8.0_232-b09"/>
    <property name="java.net.preferIPv4Stack" value="true"/>
    <property name="user.name" value="jenkins1001"/>
    <property name="path.separator" value=":"/>
    <property name="java.security.egd" value="file:///dev/urandom"/>
    <property name="os.version" value="5.3.0-1032-azure"/>
    <property name="java.endorsed.dirs" value="/usr/lib/jvm/java-1.8.0-openjdk-1.8.0.232.b09-0.el7_7.x86_64/jre/lib/endorsed"/>
    <property name="java.runtime.name" value="OpenJDK Runtime Environment"/>
    <property name="file.encoding" value="ANSI_X3.4-1968"/>
    <property name="java.vm.name" value="OpenJDK 64-Bit Server VM"/>
    <property name="test.build.webapps" value=""/>
    <property name="localRepository" value="/home/user/.m2/repository"/>
    <property name="java.vendor.url.bug" value="http://bugreport.sun.com/bugreport/"/>
    <property name="java.io.tmpdir" value="/tmp"/>
    <property name="require.test.libhadoop" value=""/>
    <property name="java.version" value="1.8.0_232"/>
    <property name="user.dir" value="/github/workspace/mnt/ozone/hadoop-ozone/integration-test"/>
    <property name="os.arch" value="amd64"/>
    <property name="java.vm.specification.name" value="Java Virtual Machine Specification"/>
    <property name="test.build.classes" value="/github/workspace/mnt/ozone/hadoop-ozone/integration-test/target/test-classes"/>
    <property name="java.awt.printerjob" value="sun.print.PSPrinterJob"/>
    <property name="sun.os.patch.level" value="unknown"/>
    <property name="hadoop.tmp.dir" value="/github/workspace/mnt/ozone/hadoop-ozone/integration-test/target/tmp"/>
    <property name="java.library.path" value="/usr/lib:/usr/java/packages/lib/amd64:/usr/lib64:/lib64:/lib:/usr/lib"/>
    <property name="java.vm.info" value="mixed mode"/>
    <property name="java.vendor" value="Oracle Corporation"/>
    <property name="java.vm.version" value="25.232-b09"/>
    <property name="java.ext.dirs" value="/usr/lib/jvm/java-1.8.0-openjdk-1.8.0.232.b09-0.el7_7.x86_64/jre/lib/ext:/usr/java/packages/lib/ext"/>
    <property name="sun.io.unicode.encoding" value="UnicodeLittle"/>
    <property name="java.class.version" value="52.0"/>
  </properties>
  <testcase name="testReleaseBuffers" classname="org.apache.hadoop.ozone.client.rpc.TestCommitWatcher" time="38.795"/>
  <testcase name="testReleaseBuffersOnException" classname="org.apache.hadoop.ozone.client.rpc.TestCommitWatcher" time="44.689">
    <failure type="java.lang.AssertionError">java.lang.AssertionError
	at org.junit.Assert.fail(Assert.java:86)
	at org.junit.Assert.assertTrue(Assert.java:41)
	at org.junit.Assert.assertTrue(Assert.java:52)
	at org.apache.hadoop.ozone.client.rpc.TestCommitWatcher.testReleaseBuffersOnException(TestCommitWatcher.java:320)
	at sun.reflect.NativeMethodAccessorImpl.invoke0(Native Method)
	at sun.reflect.NativeMethodAccessorImpl.invoke(NativeMethodAccessorImpl.java:62)
	at sun.reflect.DelegatingMethodAccessorImpl.invoke(DelegatingMethodAccessorImpl.java:43)
	at java.lang.reflect.Method.invoke(Method.java:498)
	at org.junit.runners.model.FrameworkMethod$1.runReflectiveCall(FrameworkMethod.java:47)
	at org.junit.internal.runners.model.ReflectiveCallable.run(ReflectiveCallable.java:12)
	at org.junit.runners.model.FrameworkMethod.invokeExplosively(FrameworkMethod.java:44)
	at org.junit.internal.runners.statements.InvokeMethod.evaluate(InvokeMethod.java:17)
	at org.junit.internal.runners.statements.RunBefores.evaluate(RunBefores.java:26)
	at org.junit.internal.runners.statements.RunAfters.evaluate(RunAfters.java:27)
	at org.junit.internal.runners.statements.FailOnTimeout$StatementThread.run(FailOnTimeout.java:74)
</failure>
    <system-out><![CDATA[2020-07-21 13:02:23,006 [Thread-357] WARN  server.ServerUtils (ServerUtils.java:getScmDbDir(148)) - ozone.scm.db.dirs is not configured. We recommend adding this setting. Falling back to ozone.metadata.dirs instead.
2020-07-21 13:02:23,008 [Thread-357] WARN  server.ServerUtils (ServerUtils.java:getScmDbDir(148)) - ozone.scm.db.dirs is not configured. We recommend adding this setting. Falling back to ozone.metadata.dirs instead.
2020-07-21 13:02:23,009 [Thread-357] WARN  db.DBStoreBuilder (DBStoreBuilder.java:createDBStoreBuilder(277)) - ozone.scm.db.dirs is not configured. We recommend adding this setting. Falling back to ozone.metadata.dirs instead.
2020-07-21 13:02:23,037 [Thread-357] INFO  net.NodeSchemaLoader (NodeSchemaLoader.java:loadSchemaFromFile(126)) - Loading file from sun.misc.CompoundEnumeration@4387a77f
2020-07-21 13:02:23,037 [Thread-357] INFO  net.NodeSchemaLoader (NodeSchemaLoader.java:loadSchema(172)) - Loading network topology layer schema file
2020-07-21 13:02:23,040 [Thread-357] WARN  server.ServerUtils (ServerUtils.java:sanitizeUserArgs(73)) - ozone.scm.stale.node.interval value = 1000000 is larger than max = 100000 based on the key value of ozone.scm.heartbeat.thread.interval, reset to the max value 100000.
2020-07-21 13:02:23,040 [Thread-357] WARN  server.ServerUtils (ServerUtils.java:sanitizeUserArgs(73)) - ozone.scm.stale.node.interval value = 1000000 is larger than max = 100000 based on the key value of ozone.scm.heartbeat.thread.interval, reset to the max value 100000.
2020-07-21 13:02:23,040 [Thread-357] INFO  node.SCMNodeManager (SCMNodeManager.java:<init>(116)) - Entering startup safe mode.
2020-07-21 13:02:23,041 [Thread-357] INFO  algorithms.ContainerPlacementPolicyFactory (ContainerPlacementPolicyFactory.java:getPolicy(60)) - Create container placement policy of type org.apache.hadoop.hdds.scm.container.placement.algorithms.SCMContainerPlacementRandom
2020-07-21 13:02:23,041 [Thread-357] INFO  pipeline.SCMPipelineManager (SCMPipelineManager.java:initializePipelineState(158)) - No pipeline exists in current db
2020-07-21 13:02:23,043 [Thread-357] INFO  safemode.HealthyPipelineSafeModeRule (HealthyPipelineSafeModeRule.java:<init>(89)) - Total pipeline count is 0, healthy pipeline threshold count is 0
2020-07-21 13:02:23,043 [Thread-357] INFO  safemode.OneReplicaPipelineSafeModeRule (OneReplicaPipelineSafeModeRule.java:<init>(79)) - Total pipeline count is 0, pipeline's with at least one datanode reported threshold count is 0
2020-07-21 13:02:23,044 [Thread-357] INFO  ipc.CallQueueManager (CallQueueManager.java:<init>(84)) - Using callQueue: class java.util.concurrent.LinkedBlockingQueue, queueCapacity: 2000, scheduler: class org.apache.hadoop.ipc.DefaultRpcScheduler, ipcBackoff: false.
2020-07-21 13:02:23,044 [RatisPipelineUtilsThread] ERROR pipeline.SCMPipelineManager (SCMPipelineManager.java:createPipeline(275)) - Failed to create pipeline of type RATIS and factor ONE. Exception: Cannot create pipeline of factor 1 using 0 nodes. Used 0 nodes. Healthy nodes 0
2020-07-21 13:02:23,045 [Socket Reader #1 for port 0] INFO  ipc.Server (Server.java:run(1219)) - Starting Socket Reader #1 for port 0
2020-07-21 13:02:23,045 [Listener at 0.0.0.0/35463] INFO  ipc.CallQueueManager (CallQueueManager.java:<init>(84)) - Using callQueue: class java.util.concurrent.LinkedBlockingQueue, queueCapacity: 2000, scheduler: class org.apache.hadoop.ipc.DefaultRpcScheduler, ipcBackoff: false.
2020-07-21 13:02:23,053 [Socket Reader #1 for port 0] INFO  ipc.Server (Server.java:run(1219)) - Starting Socket Reader #1 for port 0
2020-07-21 13:02:23,057 [Listener at 0.0.0.0/32875] INFO  ipc.CallQueueManager (CallQueueManager.java:<init>(84)) - Using callQueue: class java.util.concurrent.LinkedBlockingQueue, queueCapacity: 2000, scheduler: class org.apache.hadoop.ipc.DefaultRpcScheduler, ipcBackoff: false.
2020-07-21 13:02:23,057 [Socket Reader #1 for port 0] INFO  ipc.Server (Server.java:run(1219)) - Starting Socket Reader #1 for port 0
2020-07-21 13:02:23,061 [Listener at 0.0.0.0/39581] INFO  http.BaseHttpServer (BaseHttpServer.java:newHttpServer2BuilderForOzone(207)) - Starting Web-server for scm at: http://0.0.0.0:0
2020-07-21 13:02:23,061 [Listener at 0.0.0.0/39581] INFO  http.BaseHttpServer (BaseHttpServer.java:<init>(106)) - Hadoop Security Enabled: false Ozone Security Enabled: false Ozone HTTP Security Enabled: false 
2020-07-21 13:02:23,063 [Listener at 0.0.0.0/39581] INFO  server.AuthenticationFilter (AuthenticationFilter.java:constructSecretProvider(240)) - Unable to initialize FileSignerSecretProvider, falling back to use random secrets.
2020-07-21 13:02:23,063 [Listener at 0.0.0.0/39581] WARN  http.HttpRequestLog (HttpRequestLog.java:getRequestLog(103)) - Jetty request log can only be enabled using Log4j
2020-07-21 13:02:23,064 [Listener at 0.0.0.0/39581] INFO  http.HttpServer2 (HttpServer2.java:addGlobalFilter(998)) - Added global filter 'safety' (class=org.apache.hadoop.hdds.server.http.HttpServer2$QuotingInputFilter)
2020-07-21 13:02:23,065 [Listener at 0.0.0.0/39581] INFO  http.HttpServer2 (HttpServer2.java:addFilter(974)) - Added filter static_user_filter (class=org.apache.hadoop.http.lib.StaticUserWebFilter$StaticUserFilter) to context scm
2020-07-21 13:02:23,065 [Listener at 0.0.0.0/39581] INFO  http.HttpServer2 (HttpServer2.java:addFilter(982)) - Added filter static_user_filter (class=org.apache.hadoop.http.lib.StaticUserWebFilter$StaticUserFilter) to context logs
2020-07-21 13:02:23,065 [Listener at 0.0.0.0/39581] INFO  http.HttpServer2 (HttpServer2.java:addFilter(982)) - Added filter static_user_filter (class=org.apache.hadoop.http.lib.StaticUserWebFilter$StaticUserFilter) to context static
2020-07-21 13:02:23,069 [Listener at 0.0.0.0/39581] INFO  server.StorageContainerManager (StorageContainerManager.java:start(784)) - StorageContainerLocationProtocol RPC server is listening at /0.0.0.0:39581
2020-07-21 13:02:23,070 [Listener at 0.0.0.0/39581] WARN  impl.MetricsConfig (MetricsConfig.java:loadFirst(134)) - Cannot locate configuration: tried hadoop-metrics2-storagecontainermanager.properties,hadoop-metrics2.properties
2020-07-21 13:02:23,071 [Listener at 0.0.0.0/39581] INFO  impl.MetricsSystemImpl (MetricsSystemImpl.java:startTimer(374)) - Scheduled Metric snapshot period at 10 second(s).
2020-07-21 13:02:23,071 [Listener at 0.0.0.0/39581] INFO  impl.MetricsSystemImpl (MetricsSystemImpl.java:start(191)) - StorageContainerManager metrics system started
2020-07-21 13:02:23,078 [Listener at 0.0.0.0/39581] WARN  impl.MetricsSystemImpl (MetricsSystemImpl.java:register(276)) - Sink prometheus already exists!
2020-07-21 13:02:23,086 [Listener at 0.0.0.0/39581] INFO  server.SCMClientProtocolServer (SCMClientProtocolServer.java:start(156)) - RPC server for Client  is listening at /0.0.0.0:39581
2020-07-21 13:02:23,086 [IPC Server Responder] INFO  ipc.Server (Server.java:run(1460)) - IPC Server Responder: starting
2020-07-21 13:02:23,086 [IPC Server listener on 0] INFO  ipc.Server (Server.java:run(1298)) - IPC Server listener on 0: starting
2020-07-21 13:02:23,093 [Listener at 0.0.0.0/39581] INFO  server.StorageContainerManager (StorageContainerManager.java:start(796)) - ScmBlockLocationProtocol RPC server is listening at /0.0.0.0:32875
2020-07-21 13:02:23,093 [Listener at 0.0.0.0/39581] INFO  server.SCMBlockProtocolServer (SCMBlockProtocolServer.java:start(149)) - RPC server for Block Protocol is listening at /0.0.0.0:32875
2020-07-21 13:02:23,094 [IPC Server Responder] INFO  ipc.Server (Server.java:run(1460)) - IPC Server Responder: starting
2020-07-21 13:02:23,094 [IPC Server listener on 0] INFO  ipc.Server (Server.java:run(1298)) - IPC Server listener on 0: starting
2020-07-21 13:02:23,097 [Listener at 0.0.0.0/39581] INFO  server.StorageContainerManager (StorageContainerManager.java:start(802)) - ScmDatanodeProtocl RPC server is listening at /0.0.0.0:35463
2020-07-21 13:02:23,097 [Listener at 0.0.0.0/39581] INFO  server.SCMDatanodeProtocolServer (SCMDatanodeProtocolServer.java:start(172)) - RPC server for DataNodes is listening at /0.0.0.0:35463
2020-07-21 13:02:23,098 [IPC Server Responder] INFO  ipc.Server (Server.java:run(1460)) - IPC Server Responder: starting
2020-07-21 13:02:23,101 [IPC Server listener on 0] INFO  ipc.Server (Server.java:run(1298)) - IPC Server listener on 0: starting
2020-07-21 13:02:23,107 [Listener at 0.0.0.0/39581] INFO  http.HttpServer2 (HttpServer2.java:bindListener(1216)) - Jetty bound to port 34065
2020-07-21 13:02:23,107 [Listener at 0.0.0.0/39581] INFO  server.Server (Server.java:doStart(359)) - jetty-9.4.26.v20200117; built: 2020-01-17T12:35:33.676Z; git: 7b38981d25d14afb4a12ff1f2596756144edf695; jvm 1.8.0_232-b09
2020-07-21 13:02:23,109 [Listener at 0.0.0.0/39581] INFO  server.session (DefaultSessionIdManager.java:doStart(333)) - DefaultSessionIdManager workerName=node0
2020-07-21 13:02:23,109 [Listener at 0.0.0.0/39581] INFO  server.session (DefaultSessionIdManager.java:doStart(338)) - No SessionScavenger set, using defaults
2020-07-21 13:02:23,109 [Listener at 0.0.0.0/39581] INFO  server.session (HouseKeeper.java:startScavenging(140)) - node0 Scavenging every 600000ms
2020-07-21 13:02:23,110 [Listener at 0.0.0.0/39581] INFO  handler.ContextHandler (ContextHandler.java:doStart(825)) - Started o.e.j.s.ServletContextHandler@37b9bb83{logs,/logs,file:///github/workspace/mnt/ozone/hadoop-ozone/integration-test/target/log,AVAILABLE}
2020-07-21 13:02:23,111 [Listener at 0.0.0.0/39581] INFO  handler.ContextHandler (ContextHandler.java:doStart(825)) - Started o.e.j.s.ServletContextHandler@29a99ff3{static,/static,file:///github/workspace/mnt/ozone/hadoop-ozone/integration-test/target/test-classes/webapps/static,AVAILABLE}
2020-07-21 13:02:23,114 [Listener at 0.0.0.0/39581] INFO  handler.ContextHandler (ContextHandler.java:doStart(825)) - Started o.e.j.w.WebAppContext@29afc41c{scm,/,file:///github/workspace/mnt/ozone/hadoop-ozone/integration-test/target/test-classes/webapps/scm/,AVAILABLE}{file:/github/workspace/mnt/ozone/hadoop-ozone/integration-test/target/test-classes/webapps/scm}
2020-07-21 13:02:23,115 [Listener at 0.0.0.0/39581] INFO  server.AbstractConnector (AbstractConnector.java:doStart(330)) - Started ServerConnector@cc2f00b{HTTP/1.1,[http/1.1]}{0.0.0.0:34065}
2020-07-21 13:02:23,115 [Listener at 0.0.0.0/39581] INFO  server.Server (Server.java:doStart(399)) - Started @39837ms
2020-07-21 13:02:23,115 [Listener at 0.0.0.0/39581] WARN  impl.MetricsSystemImpl (MetricsSystemImpl.java:register(276)) - Sink prometheus already exists!
2020-07-21 13:02:23,119 [Listener at 0.0.0.0/39581] INFO  http.BaseHttpServer (BaseHttpServer.java:updateConnectorAddress(327)) - HTTP server of scm listening at http://0.0.0.0:34065
2020-07-21 13:02:23,120 [org.apache.hadoop.util.JvmPauseMonitor$Monitor@395bdc44] INFO  util.JvmPauseMonitor (JvmPauseMonitor.java:run(188)) - Starting JVM pause monitor
2020-07-21 13:02:23,121 [Listener at 0.0.0.0/39581] WARN  server.ServerUtils (ServerUtils.java:getDBPath(225)) - ozone.om.db.dirs is not configured. We recommend adding this setting. Falling back to ozone.metadata.dirs instead.
2020-07-21 13:02:23,122 [Listener at 0.0.0.0/39581] INFO  ha.OMHANodeDetails (OMHANodeDetails.java:loadOMHAConfig(104)) - ozone.om.internal.service.id is not defined, falling back to ozone.om.service.ids to find serviceID for OzoneManager if it is HA enabled cluster
2020-07-21 13:02:23,122 [Listener at 0.0.0.0/39581] INFO  ha.OMHANodeDetails (OMHANodeDetails.java:loadOMHAConfig(213)) - Configuration either no ozone.om.address set. Falling back to the default OM address /127.0.0.1:0
2020-07-21 13:02:23,122 [Listener at 0.0.0.0/39581] INFO  ha.OMHANodeDetails (OMHANodeDetails.java:getOMNodeDetails(241)) - OM Service ID is not set. Setting it to the default ID: omServiceIdDefault
2020-07-21 13:02:23,122 [Listener at 0.0.0.0/39581] WARN  server.ServerUtils (ServerUtils.java:getDBPath(225)) - ozone.om.db.dirs is not configured. We recommend adding this setting. Falling back to ozone.metadata.dirs instead.
2020-07-21 13:02:23,123 [Listener at 0.0.0.0/39581] WARN  server.ServerUtils (ServerUtils.java:getDBPath(225)) - ozone.om.db.dirs is not configured. We recommend adding this setting. Falling back to ozone.metadata.dirs instead.
2020-07-21 13:02:23,126 [Listener at 0.0.0.0/39581] WARN  server.ServerUtils (ServerUtils.java:getDBPath(225)) - ozone.om.db.dirs is not configured. We recommend adding this setting. Falling back to ozone.metadata.dirs instead.
2020-07-21 13:02:23,174 [Listener at 0.0.0.0/39581] INFO  ipc.CallQueueManager (CallQueueManager.java:<init>(84)) - Using callQueue: class java.util.concurrent.LinkedBlockingQueue, queueCapacity: 2000, scheduler: class org.apache.hadoop.ipc.DefaultRpcScheduler, ipcBackoff: false.
2020-07-21 13:02:23,175 [Socket Reader #1 for port 0] INFO  ipc.Server (Server.java:run(1219)) - Starting Socket Reader #1 for port 0
2020-07-21 13:02:23,191 [Listener at 127.0.0.1/40369] INFO  impl.MetricsSystemImpl (MetricsSystemImpl.java:init(158)) - OzoneManager metrics system started (again)
2020-07-21 13:02:23,192 [Listener at 127.0.0.1/40369] INFO  om.OzoneManager (OzoneManager.java:start(1101)) - OzoneManager RPC server is listening at localhost/127.0.0.1:40369
2020-07-21 13:02:23,197 [IPC Server Responder] INFO  ipc.Server (Server.java:run(1460)) - IPC Server Responder: starting
2020-07-21 13:02:23,198 [IPC Server listener on 0] INFO  ipc.Server (Server.java:run(1298)) - IPC Server listener on 0: starting
2020-07-21 13:02:23,208 [Listener at 127.0.0.1/40369] INFO  http.BaseHttpServer (BaseHttpServer.java:newHttpServer2BuilderForOzone(207)) - Starting Web-server for ozoneManager at: http://0.0.0.0:0
2020-07-21 13:02:23,208 [Listener at 127.0.0.1/40369] INFO  http.BaseHttpServer (BaseHttpServer.java:<init>(106)) - Hadoop Security Enabled: false Ozone Security Enabled: false Ozone HTTP Security Enabled: false 
2020-07-21 13:02:23,209 [Listener at 127.0.0.1/40369] INFO  server.AuthenticationFilter (AuthenticationFilter.java:constructSecretProvider(240)) - Unable to initialize FileSignerSecretProvider, falling back to use random secrets.
2020-07-21 13:02:23,210 [Listener at 127.0.0.1/40369] WARN  http.HttpRequestLog (HttpRequestLog.java:getRequestLog(103)) - Jetty request log can only be enabled using Log4j
2020-07-21 13:02:23,211 [Listener at 127.0.0.1/40369] INFO  http.HttpServer2 (HttpServer2.java:addGlobalFilter(998)) - Added global filter 'safety' (class=org.apache.hadoop.hdds.server.http.HttpServer2$QuotingInputFilter)
2020-07-21 13:02:23,212 [Listener at 127.0.0.1/40369] INFO  http.HttpServer2 (HttpServer2.java:addFilter(974)) - Added filter static_user_filter (class=org.apache.hadoop.http.lib.StaticUserWebFilter$StaticUserFilter) to context ozoneManager
2020-07-21 13:02:23,212 [Listener at 127.0.0.1/40369] INFO  http.HttpServer2 (HttpServer2.java:addFilter(982)) - Added filter static_user_filter (class=org.apache.hadoop.http.lib.StaticUserWebFilter$StaticUserFilter) to context logs
2020-07-21 13:02:23,212 [Listener at 127.0.0.1/40369] INFO  http.HttpServer2 (HttpServer2.java:addFilter(982)) - Added filter static_user_filter (class=org.apache.hadoop.http.lib.StaticUserWebFilter$StaticUserFilter) to context static
2020-07-21 13:02:23,213 [Listener at 127.0.0.1/40369] INFO  http.HttpServer2 (HttpServer2.java:bindListener(1216)) - Jetty bound to port 43737
2020-07-21 13:02:23,213 [Listener at 127.0.0.1/40369] INFO  server.Server (Server.java:doStart(359)) - jetty-9.4.26.v20200117; built: 2020-01-17T12:35:33.676Z; git: 7b38981d25d14afb4a12ff1f2596756144edf695; jvm 1.8.0_232-b09
2020-07-21 13:02:23,215 [Listener at 127.0.0.1/40369] INFO  server.session (DefaultSessionIdManager.java:doStart(333)) - DefaultSessionIdManager workerName=node0
2020-07-21 13:02:23,216 [Listener at 127.0.0.1/40369] INFO  server.session (DefaultSessionIdManager.java:doStart(338)) - No SessionScavenger set, using defaults
2020-07-21 13:02:23,216 [Listener at 127.0.0.1/40369] INFO  server.session (HouseKeeper.java:startScavenging(140)) - node0 Scavenging every 660000ms
2020-07-21 13:02:23,216 [Listener at 127.0.0.1/40369] INFO  handler.ContextHandler (ContextHandler.java:doStart(825)) - Started o.e.j.s.ServletContextHandler@601aeee2{logs,/logs,file:///github/workspace/mnt/ozone/hadoop-ozone/integration-test/target/log,AVAILABLE}
2020-07-21 13:02:23,216 [Listener at 127.0.0.1/40369] INFO  handler.ContextHandler (ContextHandler.java:doStart(825)) - Started o.e.j.s.ServletContextHandler@345964f5{static,/static,file:///github/workspace/mnt/ozone/hadoop-ozone/integration-test/target/test-classes/webapps/static,AVAILABLE}
2020-07-21 13:02:23,219 [Listener at 127.0.0.1/40369] INFO  handler.ContextHandler (ContextHandler.java:doStart(825)) - Started o.e.j.w.WebAppContext@48c40d3d{ozoneManager,/,file:///github/workspace/mnt/ozone/hadoop-ozone/integration-test/target/test-classes/webapps/ozoneManager/,AVAILABLE}{file:/github/workspace/mnt/ozone/hadoop-ozone/integration-test/target/test-classes/webapps/ozoneManager}
2020-07-21 13:02:23,221 [Listener at 127.0.0.1/40369] INFO  server.AbstractConnector (AbstractConnector.java:doStart(330)) - Started ServerConnector@5eddce82{HTTP/1.1,[http/1.1]}{0.0.0.0:43737}
2020-07-21 13:02:23,221 [Listener at 127.0.0.1/40369] INFO  server.Server (Server.java:doStart(399)) - Started @39944ms
2020-07-21 13:02:23,221 [Listener at 127.0.0.1/40369] WARN  impl.MetricsSystemImpl (MetricsSystemImpl.java:register(276)) - Sink prometheus already exists!
2020-07-21 13:02:23,224 [Listener at 127.0.0.1/40369] INFO  http.BaseHttpServer (BaseHttpServer.java:updateConnectorAddress(327)) - HTTP server of ozoneManager listening at http://0.0.0.0:43737
2020-07-21 13:02:23,233 [org.apache.hadoop.util.JvmPauseMonitor$Monitor@687bee70] INFO  util.JvmPauseMonitor (JvmPauseMonitor.java:run(188)) - Starting JVM pause monitor
2020-07-21 13:02:23,236 [Listener at 127.0.0.1/40369] INFO  impl.MetricsSystemImpl (MetricsSystemImpl.java:init(158)) - HddsDatanode metrics system started (again)
2020-07-21 13:02:23,238 [Listener at 127.0.0.1/40369] INFO  ozone.HddsDatanodeService (HddsDatanodeService.java:start(214)) - HddsDatanodeService host:5dff0df2806b ip:172.17.0.2
2020-07-21 13:02:23,239 [Listener at 127.0.0.1/40369] INFO  volume.HddsVolume (HddsVolume.java:<init>(176)) - Creating Volume: /github/workspace/mnt/ozone/hadoop-ozone/integration-test/target/test-dir/MiniOzoneClusterImpl-be9508b3-40a4-4101-8d37-3f3c8981745f/datanode-0/data-0/containers/hdds of storage type : DISK and capacity : 9223372036854775807
2020-07-21 13:02:23,239 [Listener at 127.0.0.1/40369] INFO  volume.MutableVolumeSet (MutableVolumeSet.java:initializeVolumeSet(179)) - Added Volume : /github/workspace/mnt/ozone/hadoop-ozone/integration-test/target/test-dir/MiniOzoneClusterImpl-be9508b3-40a4-4101-8d37-3f3c8981745f/datanode-0/data-0/containers/hdds to VolumeSet
2020-07-21 13:02:23,239 [Listener at 127.0.0.1/40369] INFO  volume.ThrottledAsyncChecker (ThrottledAsyncChecker.java:schedule(141)) - Scheduling a check for /github/workspace/mnt/ozone/hadoop-ozone/integration-test/target/test-dir/MiniOzoneClusterImpl-be9508b3-40a4-4101-8d37-3f3c8981745f/datanode-0/data-0/containers/hdds
2020-07-21 13:02:23,240 [Listener at 127.0.0.1/40369] INFO  volume.HddsVolumeChecker (HddsVolumeChecker.java:checkAllVolumes(200)) - Scheduled health check for volume /github/workspace/mnt/ozone/hadoop-ozone/integration-test/target/test-dir/MiniOzoneClusterImpl-be9508b3-40a4-4101-8d37-3f3c8981745f/datanode-0/data-0/containers/hdds
2020-07-21 13:02:23,256 [Listener at 127.0.0.1/40369] INFO  impl.RaftServerProxy (ConfUtils.java:logGet(44)) - raft.rpc.type = GRPC (default)
2020-07-21 13:02:23,256 [Listener at 127.0.0.1/40369] INFO  grpc.GrpcFactory (GrpcFactory.java:checkPooledByteBufAllocatorUseCacheForAllThreads(45)) - PERFORMANCE WARNING: useCacheForAllThreads is true that may cause Netty to create a lot garbage objects and, as a result, trigger GC.
	It is recommended to disable useCacheForAllThreads by setting -Dorg.apache.ratis.thirdparty.io.netty.allocator.useCacheForAllThreads=false in command line.
2020-07-21 13:02:23,256 [Listener at 127.0.0.1/40369] INFO  grpc.GrpcConfigKeys (ConfUtils.java:logGet(44)) - raft.grpc.server.port = 0 (default)
2020-07-21 13:02:23,256 [Listener at 127.0.0.1/40369] INFO  server.GrpcService (ConfUtils.java:logGet(44)) - raft.grpc.message.size.max = 32MB (=33554432) (custom)
2020-07-21 13:02:23,256 [Listener at 127.0.0.1/40369] INFO  server.RaftServerConfigKeys (ConfUtils.java:logGet(44)) - raft.server.log.appender.buffer.byte-limit = 33554432 (custom)
2020-07-21 13:02:23,257 [Listener at 127.0.0.1/40369] INFO  server.GrpcService (ConfUtils.java:logGet(44)) - raft.grpc.flow.control.window = 5MB (=5242880) (custom)
2020-07-21 13:02:23,257 [Listener at 127.0.0.1/40369] INFO  server.RaftServerConfigKeys (ConfUtils.java:logGet(44)) - raft.server.rpc.request.timeout = 3000ms (default)
2020-07-21 13:02:23,258 [Listener at 127.0.0.1/40369] INFO  server.RaftServerConfigKeys (ConfUtils.java:logGet(44)) - raft.server.storage.dir = [/github/workspace/mnt/ozone/hadoop-ozone/integration-test/target/test-dir/MiniOzoneClusterImpl-be9508b3-40a4-4101-8d37-3f3c8981745f/datanode-0/data/ratis] (custom)
2020-07-21 13:02:23,262 [Listener at 127.0.0.1/40369] INFO  http.BaseHttpServer (BaseHttpServer.java:newHttpServer2BuilderForOzone(207)) - Starting Web-server for hddsDatanode at: http://0.0.0.0:0
2020-07-21 13:02:23,262 [Listener at 127.0.0.1/40369] INFO  http.BaseHttpServer (BaseHttpServer.java:<init>(106)) - Hadoop Security Enabled: false Ozone Security Enabled: false Ozone HTTP Security Enabled: false 
2020-07-21 13:02:23,263 [Listener at 127.0.0.1/40369] INFO  server.AuthenticationFilter (AuthenticationFilter.java:constructSecretProvider(240)) - Unable to initialize FileSignerSecretProvider, falling back to use random secrets.
2020-07-21 13:02:23,265 [Listener at 127.0.0.1/40369] WARN  http.HttpRequestLog (HttpRequestLog.java:getRequestLog(103)) - Jetty request log can only be enabled using Log4j
2020-07-21 13:02:23,265 [Listener at 127.0.0.1/40369] INFO  http.HttpServer2 (HttpServer2.java:addGlobalFilter(998)) - Added global filter 'safety' (class=org.apache.hadoop.hdds.server.http.HttpServer2$QuotingInputFilter)
2020-07-21 13:02:23,266 [Listener at 127.0.0.1/40369] INFO  http.HttpServer2 (HttpServer2.java:addFilter(974)) - Added filter static_user_filter (class=org.apache.hadoop.http.lib.StaticUserWebFilter$StaticUserFilter) to context hddsDatanode
2020-07-21 13:02:23,266 [Listener at 127.0.0.1/40369] INFO  http.HttpServer2 (HttpServer2.java:addFilter(982)) - Added filter static_user_filter (class=org.apache.hadoop.http.lib.StaticUserWebFilter$StaticUserFilter) to context static
2020-07-21 13:02:23,266 [Listener at 127.0.0.1/40369] INFO  http.HttpServer2 (HttpServer2.java:addFilter(982)) - Added filter static_user_filter (class=org.apache.hadoop.http.lib.StaticUserWebFilter$StaticUserFilter) to context logs
2020-07-21 13:02:23,266 [Listener at 127.0.0.1/40369] INFO  http.HttpServer2 (HttpServer2.java:bindListener(1216)) - Jetty bound to port 35533
2020-07-21 13:02:23,266 [Listener at 127.0.0.1/40369] INFO  server.Server (Server.java:doStart(359)) - jetty-9.4.26.v20200117; built: 2020-01-17T12:35:33.676Z; git: 7b38981d25d14afb4a12ff1f2596756144edf695; jvm 1.8.0_232-b09
2020-07-21 13:02:23,270 [Listener at 127.0.0.1/40369] INFO  server.session (DefaultSessionIdManager.java:doStart(333)) - DefaultSessionIdManager workerName=node0
2020-07-21 13:02:23,270 [Listener at 127.0.0.1/40369] INFO  server.session (DefaultSessionIdManager.java:doStart(338)) - No SessionScavenger set, using defaults
2020-07-21 13:02:23,270 [Listener at 127.0.0.1/40369] INFO  server.session (HouseKeeper.java:startScavenging(140)) - node0 Scavenging every 660000ms
2020-07-21 13:02:23,271 [Listener at 127.0.0.1/40369] INFO  handler.ContextHandler (ContextHandler.java:doStart(825)) - Started o.e.j.s.ServletContextHandler@5b1769bf{logs,/logs,file:///github/workspace/mnt/ozone/hadoop-ozone/integration-test/target/log,AVAILABLE}
2020-07-21 13:02:23,272 [Listener at 127.0.0.1/40369] INFO  handler.ContextHandler (ContextHandler.java:doStart(825)) - Started o.e.j.s.ServletContextHandler@6c00d6d3{static,/static,jar:file:/home/user/.m2/repository/org/apache/hadoop/hadoop-hdds-container-service/0.6.0-SNAPSHOT/hadoop-hdds-container-service-0.6.0-SNAPSHOT.jar!/webapps/static,AVAILABLE}
2020-07-21 13:02:23,344 [Listener at 127.0.0.1/40369] INFO  handler.ContextHandler (ContextHandler.java:doStart(825)) - Started o.e.j.w.WebAppContext@6d5b1e7d{hddsDatanode,/,file:///tmp/jetty-0_0_0_0-35533-hadoop-hdds-container-service-0_6_0-SNAPSHOT_jar-_-any-5977788101950916498.dir/webapp/,AVAILABLE}{jar:file:/home/user/.m2/repository/org/apache/hadoop/hadoop-hdds-container-service/0.6.0-SNAPSHOT/hadoop-hdds-container-service-0.6.0-SNAPSHOT.jar!/webapps/hddsDatanode}
2020-07-21 13:02:23,345 [Listener at 127.0.0.1/40369] INFO  server.AbstractConnector (AbstractConnector.java:doStart(330)) - Started ServerConnector@2137ba17{HTTP/1.1,[http/1.1]}{0.0.0.0:35533}
2020-07-21 13:02:23,345 [Listener at 127.0.0.1/40369] INFO  server.Server (Server.java:doStart(399)) - Started @40068ms
2020-07-21 13:02:23,346 [Listener at 127.0.0.1/40369] WARN  impl.MetricsSystemImpl (MetricsSystemImpl.java:register(276)) - Sink prometheus already exists!
2020-07-21 13:02:23,348 [Listener at 127.0.0.1/40369] INFO  http.BaseHttpServer (BaseHttpServer.java:updateConnectorAddress(327)) - HTTP server of hddsDatanode listening at http://0.0.0.0:35533
2020-07-21 13:02:23,349 [Listener at 127.0.0.1/40369] INFO  impl.MetricsSystemImpl (MetricsSystemImpl.java:init(158)) - HddsDatanode metrics system started (again)
2020-07-21 13:02:23,350 [Listener at 127.0.0.1/40369] INFO  ozone.HddsDatanodeService (HddsDatanodeService.java:start(214)) - HddsDatanodeService host:5dff0df2806b ip:172.17.0.2
2020-07-21 13:02:23,356 [Listener at 127.0.0.1/40369] INFO  volume.HddsVolume (HddsVolume.java:<init>(176)) - Creating Volume: /github/workspace/mnt/ozone/hadoop-ozone/integration-test/target/test-dir/MiniOzoneClusterImpl-be9508b3-40a4-4101-8d37-3f3c8981745f/datanode-1/data-0/containers/hdds of storage type : DISK and capacity : 9223372036854775807
2020-07-21 13:02:23,356 [Listener at 127.0.0.1/40369] INFO  volume.MutableVolumeSet (MutableVolumeSet.java:initializeVolumeSet(179)) - Added Volume : /github/workspace/mnt/ozone/hadoop-ozone/integration-test/target/test-dir/MiniOzoneClusterImpl-be9508b3-40a4-4101-8d37-3f3c8981745f/datanode-1/data-0/containers/hdds to VolumeSet
2020-07-21 13:02:23,357 [Listener at 127.0.0.1/40369] INFO  volume.ThrottledAsyncChecker (ThrottledAsyncChecker.java:schedule(141)) - Scheduling a check for /github/workspace/mnt/ozone/hadoop-ozone/integration-test/target/test-dir/MiniOzoneClusterImpl-be9508b3-40a4-4101-8d37-3f3c8981745f/datanode-1/data-0/containers/hdds
2020-07-21 13:02:23,357 [Listener at 127.0.0.1/40369] INFO  volume.HddsVolumeChecker (HddsVolumeChecker.java:checkAllVolumes(200)) - Scheduled health check for volume /github/workspace/mnt/ozone/hadoop-ozone/integration-test/target/test-dir/MiniOzoneClusterImpl-be9508b3-40a4-4101-8d37-3f3c8981745f/datanode-1/data-0/containers/hdds
2020-07-21 13:02:23,374 [org.apache.hadoop.util.JvmPauseMonitor$Monitor@6222032e] INFO  util.JvmPauseMonitor (JvmPauseMonitor.java:run(188)) - Starting JVM pause monitor
2020-07-21 13:02:23,379 [Datanode State Machine Thread - 0] INFO  datanode.InitDatanodeState (InitDatanodeState.java:persistContainerDatanodeDetails(145)) - DatanodeDetails is persisted to /github/workspace/mnt/ozone/hadoop-ozone/integration-test/target/test-dir/MiniOzoneClusterImpl-be9508b3-40a4-4101-8d37-3f3c8981745f/datanode-0/meta/datanode.id
2020-07-21 13:02:23,384 [Listener at 127.0.0.1/40369] INFO  impl.RaftServerProxy (ConfUtils.java:logGet(44)) - raft.rpc.type = GRPC (default)
2020-07-21 13:02:23,385 [Listener at 127.0.0.1/40369] INFO  grpc.GrpcFactory (GrpcFactory.java:checkPooledByteBufAllocatorUseCacheForAllThreads(45)) - PERFORMANCE WARNING: useCacheForAllThreads is true that may cause Netty to create a lot garbage objects and, as a result, trigger GC.
	It is recommended to disable useCacheForAllThreads by setting -Dorg.apache.ratis.thirdparty.io.netty.allocator.useCacheForAllThreads=false in command line.
2020-07-21 13:02:23,385 [Listener at 127.0.0.1/40369] INFO  grpc.GrpcConfigKeys (ConfUtils.java:logGet(44)) - raft.grpc.server.port = 0 (default)
2020-07-21 13:02:23,385 [Listener at 127.0.0.1/40369] INFO  server.GrpcService (ConfUtils.java:logGet(44)) - raft.grpc.message.size.max = 32MB (=33554432) (custom)
2020-07-21 13:02:23,385 [Listener at 127.0.0.1/40369] INFO  server.RaftServerConfigKeys (ConfUtils.java:logGet(44)) - raft.server.log.appender.buffer.byte-limit = 33554432 (custom)
2020-07-21 13:02:23,385 [Listener at 127.0.0.1/40369] INFO  server.GrpcService (ConfUtils.java:logGet(44)) - raft.grpc.flow.control.window = 5MB (=5242880) (custom)
2020-07-21 13:02:23,385 [Listener at 127.0.0.1/40369] INFO  server.RaftServerConfigKeys (ConfUtils.java:logGet(44)) - raft.server.rpc.request.timeout = 3000ms (default)
2020-07-21 13:02:23,386 [Listener at 127.0.0.1/40369] INFO  server.RaftServerConfigKeys (ConfUtils.java:logGet(44)) - raft.server.storage.dir = [/github/workspace/mnt/ozone/hadoop-ozone/integration-test/target/test-dir/MiniOzoneClusterImpl-be9508b3-40a4-4101-8d37-3f3c8981745f/datanode-1/data/ratis] (custom)
2020-07-21 13:02:23,390 [Listener at 127.0.0.1/40369] INFO  http.BaseHttpServer (BaseHttpServer.java:newHttpServer2BuilderForOzone(207)) - Starting Web-server for hddsDatanode at: http://0.0.0.0:0
2020-07-21 13:02:23,390 [Listener at 127.0.0.1/40369] INFO  http.BaseHttpServer (BaseHttpServer.java:<init>(106)) - Hadoop Security Enabled: false Ozone Security Enabled: false Ozone HTTP Security Enabled: false 
2020-07-21 13:02:23,391 [Listener at 127.0.0.1/40369] INFO  server.AuthenticationFilter (AuthenticationFilter.java:constructSecretProvider(240)) - Unable to initialize FileSignerSecretProvider, falling back to use random secrets.
2020-07-21 13:02:23,391 [Listener at 127.0.0.1/40369] WARN  http.HttpRequestLog (HttpRequestLog.java:getRequestLog(103)) - Jetty request log can only be enabled using Log4j
2020-07-21 13:02:23,392 [Listener at 127.0.0.1/40369] INFO  http.HttpServer2 (HttpServer2.java:addGlobalFilter(998)) - Added global filter 'safety' (class=org.apache.hadoop.hdds.server.http.HttpServer2$QuotingInputFilter)
2020-07-21 13:02:23,392 [Listener at 127.0.0.1/40369] INFO  http.HttpServer2 (HttpServer2.java:addFilter(974)) - Added filter static_user_filter (class=org.apache.hadoop.http.lib.StaticUserWebFilter$StaticUserFilter) to context hddsDatanode
2020-07-21 13:02:23,393 [Listener at 127.0.0.1/40369] INFO  http.HttpServer2 (HttpServer2.java:addFilter(982)) - Added filter static_user_filter (class=org.apache.hadoop.http.lib.StaticUserWebFilter$StaticUserFilter) to context static
2020-07-21 13:02:23,393 [Listener at 127.0.0.1/40369] INFO  http.HttpServer2 (HttpServer2.java:addFilter(982)) - Added filter static_user_filter (class=org.apache.hadoop.http.lib.StaticUserWebFilter$StaticUserFilter) to context logs
2020-07-21 13:02:23,393 [Listener at 127.0.0.1/40369] INFO  http.HttpServer2 (HttpServer2.java:bindListener(1216)) - Jetty bound to port 41047
2020-07-21 13:02:23,393 [Listener at 127.0.0.1/40369] INFO  server.Server (Server.java:doStart(359)) - jetty-9.4.26.v20200117; built: 2020-01-17T12:35:33.676Z; git: 7b38981d25d14afb4a12ff1f2596756144edf695; jvm 1.8.0_232-b09
2020-07-21 13:02:23,394 [Listener at 127.0.0.1/40369] INFO  server.session (DefaultSessionIdManager.java:doStart(333)) - DefaultSessionIdManager workerName=node0
2020-07-21 13:02:23,395 [Listener at 127.0.0.1/40369] INFO  server.session (DefaultSessionIdManager.java:doStart(338)) - No SessionScavenger set, using defaults
2020-07-21 13:02:23,395 [Listener at 127.0.0.1/40369] INFO  server.session (HouseKeeper.java:startScavenging(140)) - node0 Scavenging every 600000ms
2020-07-21 13:02:23,395 [Listener at 127.0.0.1/40369] INFO  handler.ContextHandler (ContextHandler.java:doStart(825)) - Started o.e.j.s.ServletContextHandler@3ea6c45{logs,/logs,file:///github/workspace/mnt/ozone/hadoop-ozone/integration-test/target/log,AVAILABLE}
2020-07-21 13:02:23,396 [Listener at 127.0.0.1/40369] INFO  handler.ContextHandler (ContextHandler.java:doStart(825)) - Started o.e.j.s.ServletContextHandler@4a657059{static,/static,jar:file:/home/user/.m2/repository/org/apache/hadoop/hadoop-hdds-container-service/0.6.0-SNAPSHOT/hadoop-hdds-container-service-0.6.0-SNAPSHOT.jar!/webapps/static,AVAILABLE}
2020-07-21 13:02:23,466 [Listener at 127.0.0.1/40369] INFO  handler.ContextHandler (ContextHandler.java:doStart(825)) - Started o.e.j.w.WebAppContext@4db431a2{hddsDatanode,/,file:///tmp/jetty-0_0_0_0-41047-hadoop-hdds-container-service-0_6_0-SNAPSHOT_jar-_-any-3105845220998385293.dir/webapp/,AVAILABLE}{jar:file:/home/user/.m2/repository/org/apache/hadoop/hadoop-hdds-container-service/0.6.0-SNAPSHOT/hadoop-hdds-container-service-0.6.0-SNAPSHOT.jar!/webapps/hddsDatanode}
2020-07-21 13:02:23,467 [Listener at 127.0.0.1/40369] INFO  server.AbstractConnector (AbstractConnector.java:doStart(330)) - Started ServerConnector@13436d0d{HTTP/1.1,[http/1.1]}{0.0.0.0:41047}
2020-07-21 13:02:23,468 [Listener at 127.0.0.1/40369] INFO  server.Server (Server.java:doStart(399)) - Started @40190ms
2020-07-21 13:02:23,468 [Listener at 127.0.0.1/40369] WARN  impl.MetricsSystemImpl (MetricsSystemImpl.java:register(276)) - Sink prometheus already exists!
2020-07-21 13:02:23,471 [Listener at 127.0.0.1/40369] INFO  http.BaseHttpServer (BaseHttpServer.java:updateConnectorAddress(327)) - HTTP server of hddsDatanode listening at http://0.0.0.0:41047
2020-07-21 13:02:23,473 [Listener at 127.0.0.1/40369] INFO  impl.MetricsSystemImpl (MetricsSystemImpl.java:init(158)) - HddsDatanode metrics system started (again)
2020-07-21 13:02:23,475 [Listener at 127.0.0.1/40369] INFO  ozone.HddsDatanodeService (HddsDatanodeService.java:start(214)) - HddsDatanodeService host:5dff0df2806b ip:172.17.0.2
2020-07-21 13:02:23,483 [org.apache.hadoop.util.JvmPauseMonitor$Monitor@403072d9] INFO  util.JvmPauseMonitor (JvmPauseMonitor.java:run(188)) - Starting JVM pause monitor
2020-07-21 13:02:23,485 [Datanode State Machine Thread - 0] INFO  datanode.InitDatanodeState (InitDatanodeState.java:persistContainerDatanodeDetails(145)) - DatanodeDetails is persisted to /github/workspace/mnt/ozone/hadoop-ozone/integration-test/target/test-dir/MiniOzoneClusterImpl-be9508b3-40a4-4101-8d37-3f3c8981745f/datanode-1/meta/datanode.id
2020-07-21 13:02:23,489 [Listener at 127.0.0.1/40369] INFO  volume.HddsVolume (HddsVolume.java:<init>(176)) - Creating Volume: /github/workspace/mnt/ozone/hadoop-ozone/integration-test/target/test-dir/MiniOzoneClusterImpl-be9508b3-40a4-4101-8d37-3f3c8981745f/datanode-2/data-0/containers/hdds of storage type : DISK and capacity : 9223372036854775807
2020-07-21 13:02:23,489 [Listener at 127.0.0.1/40369] INFO  volume.MutableVolumeSet (MutableVolumeSet.java:initializeVolumeSet(179)) - Added Volume : /github/workspace/mnt/ozone/hadoop-ozone/integration-test/target/test-dir/MiniOzoneClusterImpl-be9508b3-40a4-4101-8d37-3f3c8981745f/datanode-2/data-0/containers/hdds to VolumeSet
2020-07-21 13:02:23,489 [Listener at 127.0.0.1/40369] INFO  volume.ThrottledAsyncChecker (ThrottledAsyncChecker.java:schedule(141)) - Scheduling a check for /github/workspace/mnt/ozone/hadoop-ozone/integration-test/target/test-dir/MiniOzoneClusterImpl-be9508b3-40a4-4101-8d37-3f3c8981745f/datanode-2/data-0/containers/hdds
2020-07-21 13:02:23,489 [Listener at 127.0.0.1/40369] INFO  volume.HddsVolumeChecker (HddsVolumeChecker.java:checkAllVolumes(200)) - Scheduled health check for volume /github/workspace/mnt/ozone/hadoop-ozone/integration-test/target/test-dir/MiniOzoneClusterImpl-be9508b3-40a4-4101-8d37-3f3c8981745f/datanode-2/data-0/containers/hdds
2020-07-21 13:02:23,505 [Listener at 127.0.0.1/40369] INFO  impl.RaftServerProxy (ConfUtils.java:logGet(44)) - raft.rpc.type = GRPC (default)
2020-07-21 13:02:23,505 [Listener at 127.0.0.1/40369] INFO  grpc.GrpcFactory (GrpcFactory.java:checkPooledByteBufAllocatorUseCacheForAllThreads(45)) - PERFORMANCE WARNING: useCacheForAllThreads is true that may cause Netty to create a lot garbage objects and, as a result, trigger GC.
	It is recommended to disable useCacheForAllThreads by setting -Dorg.apache.ratis.thirdparty.io.netty.allocator.useCacheForAllThreads=false in command line.
2020-07-21 13:02:23,505 [Listener at 127.0.0.1/40369] INFO  grpc.GrpcConfigKeys (ConfUtils.java:logGet(44)) - raft.grpc.server.port = 0 (default)
2020-07-21 13:02:23,505 [Listener at 127.0.0.1/40369] INFO  server.GrpcService (ConfUtils.java:logGet(44)) - raft.grpc.message.size.max = 32MB (=33554432) (custom)
2020-07-21 13:02:23,506 [Listener at 127.0.0.1/40369] INFO  server.RaftServerConfigKeys (ConfUtils.java:logGet(44)) - raft.server.log.appender.buffer.byte-limit = 33554432 (custom)
2020-07-21 13:02:23,506 [Listener at 127.0.0.1/40369] INFO  server.GrpcService (ConfUtils.java:logGet(44)) - raft.grpc.flow.control.window = 5MB (=5242880) (custom)
2020-07-21 13:02:23,506 [Listener at 127.0.0.1/40369] INFO  server.RaftServerConfigKeys (ConfUtils.java:logGet(44)) - raft.server.rpc.request.timeout = 3000ms (default)
2020-07-21 13:02:23,507 [Listener at 127.0.0.1/40369] INFO  server.RaftServerConfigKeys (ConfUtils.java:logGet(44)) - raft.server.storage.dir = [/github/workspace/mnt/ozone/hadoop-ozone/integration-test/target/test-dir/MiniOzoneClusterImpl-be9508b3-40a4-4101-8d37-3f3c8981745f/datanode-2/data/ratis] (custom)
2020-07-21 13:02:23,510 [Listener at 127.0.0.1/40369] INFO  http.BaseHttpServer (BaseHttpServer.java:newHttpServer2BuilderForOzone(207)) - Starting Web-server for hddsDatanode at: http://0.0.0.0:0
2020-07-21 13:02:23,510 [Listener at 127.0.0.1/40369] INFO  http.BaseHttpServer (BaseHttpServer.java:<init>(106)) - Hadoop Security Enabled: false Ozone Security Enabled: false Ozone HTTP Security Enabled: false 
2020-07-21 13:02:23,511 [Listener at 127.0.0.1/40369] INFO  server.AuthenticationFilter (AuthenticationFilter.java:constructSecretProvider(240)) - Unable to initialize FileSignerSecretProvider, falling back to use random secrets.
2020-07-21 13:02:23,512 [Listener at 127.0.0.1/40369] WARN  http.HttpRequestLog (HttpRequestLog.java:getRequestLog(103)) - Jetty request log can only be enabled using Log4j
2020-07-21 13:02:23,512 [Listener at 127.0.0.1/40369] INFO  http.HttpServer2 (HttpServer2.java:addGlobalFilter(998)) - Added global filter 'safety' (class=org.apache.hadoop.hdds.server.http.HttpServer2$QuotingInputFilter)
2020-07-21 13:02:23,513 [Listener at 127.0.0.1/40369] INFO  http.HttpServer2 (HttpServer2.java:addFilter(974)) - Added filter static_user_filter (class=org.apache.hadoop.http.lib.StaticUserWebFilter$StaticUserFilter) to context hddsDatanode
2020-07-21 13:02:23,513 [Listener at 127.0.0.1/40369] INFO  http.HttpServer2 (HttpServer2.java:addFilter(982)) - Added filter static_user_filter (class=org.apache.hadoop.http.lib.StaticUserWebFilter$StaticUserFilter) to context logs
2020-07-21 13:02:23,513 [Listener at 127.0.0.1/40369] INFO  http.HttpServer2 (HttpServer2.java:addFilter(982)) - Added filter static_user_filter (class=org.apache.hadoop.http.lib.StaticUserWebFilter$StaticUserFilter) to context static
2020-07-21 13:02:23,513 [Listener at 127.0.0.1/40369] INFO  http.HttpServer2 (HttpServer2.java:bindListener(1216)) - Jetty bound to port 44097
2020-07-21 13:02:23,513 [Listener at 127.0.0.1/40369] INFO  server.Server (Server.java:doStart(359)) - jetty-9.4.26.v20200117; built: 2020-01-17T12:35:33.676Z; git: 7b38981d25d14afb4a12ff1f2596756144edf695; jvm 1.8.0_232-b09
2020-07-21 13:02:23,515 [Listener at 127.0.0.1/40369] INFO  server.session (DefaultSessionIdManager.java:doStart(333)) - DefaultSessionIdManager workerName=node0
2020-07-21 13:02:23,515 [Listener at 127.0.0.1/40369] INFO  server.session (DefaultSessionIdManager.java:doStart(338)) - No SessionScavenger set, using defaults
2020-07-21 13:02:23,515 [Listener at 127.0.0.1/40369] INFO  server.session (HouseKeeper.java:startScavenging(140)) - node0 Scavenging every 600000ms
2020-07-21 13:02:23,515 [Listener at 127.0.0.1/40369] INFO  handler.ContextHandler (ContextHandler.java:doStart(825)) - Started o.e.j.s.ServletContextHandler@7986e2b0{logs,/logs,file:///github/workspace/mnt/ozone/hadoop-ozone/integration-test/target/log,AVAILABLE}
2020-07-21 13:02:23,516 [Listener at 127.0.0.1/40369] INFO  handler.ContextHandler (ContextHandler.java:doStart(825)) - Started o.e.j.s.ServletContextHandler@48eb5534{static,/static,jar:file:/home/user/.m2/repository/org/apache/hadoop/hadoop-hdds-container-service/0.6.0-SNAPSHOT/hadoop-hdds-container-service-0.6.0-SNAPSHOT.jar!/webapps/static,AVAILABLE}
2020-07-21 13:02:23,585 [Listener at 127.0.0.1/40369] INFO  handler.ContextHandler (ContextHandler.java:doStart(825)) - Started o.e.j.w.WebAppContext@2f7c1d9{hddsDatanode,/,file:///tmp/jetty-0_0_0_0-44097-hadoop-hdds-container-service-0_6_0-SNAPSHOT_jar-_-any-8368781692294270668.dir/webapp/,AVAILABLE}{jar:file:/home/user/.m2/repository/org/apache/hadoop/hadoop-hdds-container-service/0.6.0-SNAPSHOT/hadoop-hdds-container-service-0.6.0-SNAPSHOT.jar!/webapps/hddsDatanode}
2020-07-21 13:02:23,587 [Listener at 127.0.0.1/40369] INFO  server.AbstractConnector (AbstractConnector.java:doStart(330)) - Started ServerConnector@53d1d0f8{HTTP/1.1,[http/1.1]}{0.0.0.0:44097}
2020-07-21 13:02:23,587 [Listener at 127.0.0.1/40369] INFO  server.Server (Server.java:doStart(399)) - Started @40309ms
2020-07-21 13:02:23,587 [Listener at 127.0.0.1/40369] WARN  impl.MetricsSystemImpl (MetricsSystemImpl.java:register(276)) - Sink prometheus already exists!
2020-07-21 13:02:23,590 [Listener at 127.0.0.1/40369] INFO  http.BaseHttpServer (BaseHttpServer.java:updateConnectorAddress(327)) - HTTP server of hddsDatanode listening at http://0.0.0.0:44097
2020-07-21 13:02:23,591 [Listener at 127.0.0.1/40369] INFO  impl.MetricsSystemImpl (MetricsSystemImpl.java:init(158)) - HddsDatanode metrics system started (again)
2020-07-21 13:02:23,592 [Listener at 127.0.0.1/40369] INFO  ozone.HddsDatanodeService (HddsDatanodeService.java:start(214)) - HddsDatanodeService host:5dff0df2806b ip:172.17.0.2
2020-07-21 13:02:23,593 [Listener at 127.0.0.1/40369] INFO  volume.HddsVolume (HddsVolume.java:<init>(176)) - Creating Volume: /github/workspace/mnt/ozone/hadoop-ozone/integration-test/target/test-dir/MiniOzoneClusterImpl-be9508b3-40a4-4101-8d37-3f3c8981745f/datanode-3/data-0/containers/hdds of storage type : DISK and capacity : 9223372036854775807
2020-07-21 13:02:23,593 [Listener at 127.0.0.1/40369] INFO  volume.MutableVolumeSet (MutableVolumeSet.java:initializeVolumeSet(179)) - Added Volume : /github/workspace/mnt/ozone/hadoop-ozone/integration-test/target/test-dir/MiniOzoneClusterImpl-be9508b3-40a4-4101-8d37-3f3c8981745f/datanode-3/data-0/containers/hdds to VolumeSet
2020-07-21 13:02:23,594 [Listener at 127.0.0.1/40369] INFO  volume.ThrottledAsyncChecker (ThrottledAsyncChecker.java:schedule(141)) - Scheduling a check for /github/workspace/mnt/ozone/hadoop-ozone/integration-test/target/test-dir/MiniOzoneClusterImpl-be9508b3-40a4-4101-8d37-3f3c8981745f/datanode-3/data-0/containers/hdds
2020-07-21 13:02:23,597 [Listener at 127.0.0.1/40369] INFO  volume.HddsVolumeChecker (HddsVolumeChecker.java:checkAllVolumes(200)) - Scheduled health check for volume /github/workspace/mnt/ozone/hadoop-ozone/integration-test/target/test-dir/MiniOzoneClusterImpl-be9508b3-40a4-4101-8d37-3f3c8981745f/datanode-3/data-0/containers/hdds
2020-07-21 13:02:23,597 [org.apache.hadoop.util.JvmPauseMonitor$Monitor@48f8c8a5] INFO  util.JvmPauseMonitor (JvmPauseMonitor.java:run(188)) - Starting JVM pause monitor
2020-07-21 13:02:23,602 [Datanode State Machine Thread - 0] INFO  datanode.InitDatanodeState (InitDatanodeState.java:persistContainerDatanodeDetails(145)) - DatanodeDetails is persisted to /github/workspace/mnt/ozone/hadoop-ozone/integration-test/target/test-dir/MiniOzoneClusterImpl-be9508b3-40a4-4101-8d37-3f3c8981745f/datanode-2/meta/datanode.id
2020-07-21 13:02:23,612 [Listener at 127.0.0.1/40369] INFO  impl.RaftServerProxy (ConfUtils.java:logGet(44)) - raft.rpc.type = GRPC (default)
2020-07-21 13:02:23,613 [Listener at 127.0.0.1/40369] INFO  grpc.GrpcFactory (GrpcFactory.java:checkPooledByteBufAllocatorUseCacheForAllThreads(45)) - PERFORMANCE WARNING: useCacheForAllThreads is true that may cause Netty to create a lot garbage objects and, as a result, trigger GC.
	It is recommended to disable useCacheForAllThreads by setting -Dorg.apache.ratis.thirdparty.io.netty.allocator.useCacheForAllThreads=false in command line.
2020-07-21 13:02:23,613 [Listener at 127.0.0.1/40369] INFO  grpc.GrpcConfigKeys (ConfUtils.java:logGet(44)) - raft.grpc.server.port = 0 (default)
2020-07-21 13:02:23,613 [Listener at 127.0.0.1/40369] INFO  server.GrpcService (ConfUtils.java:logGet(44)) - raft.grpc.message.size.max = 32MB (=33554432) (custom)
2020-07-21 13:02:23,613 [Listener at 127.0.0.1/40369] INFO  server.RaftServerConfigKeys (ConfUtils.java:logGet(44)) - raft.server.log.appender.buffer.byte-limit = 33554432 (custom)
2020-07-21 13:02:23,613 [Listener at 127.0.0.1/40369] INFO  server.GrpcService (ConfUtils.java:logGet(44)) - raft.grpc.flow.control.window = 5MB (=5242880) (custom)
2020-07-21 13:02:23,613 [Listener at 127.0.0.1/40369] INFO  server.RaftServerConfigKeys (ConfUtils.java:logGet(44)) - raft.server.rpc.request.timeout = 3000ms (default)
2020-07-21 13:02:23,614 [Listener at 127.0.0.1/40369] INFO  server.RaftServerConfigKeys (ConfUtils.java:logGet(44)) - raft.server.storage.dir = [/github/workspace/mnt/ozone/hadoop-ozone/integration-test/target/test-dir/MiniOzoneClusterImpl-be9508b3-40a4-4101-8d37-3f3c8981745f/datanode-3/data/ratis] (custom)
2020-07-21 13:02:23,618 [Listener at 127.0.0.1/40369] INFO  http.BaseHttpServer (BaseHttpServer.java:newHttpServer2BuilderForOzone(207)) - Starting Web-server for hddsDatanode at: http://0.0.0.0:0
2020-07-21 13:02:23,618 [Listener at 127.0.0.1/40369] INFO  http.BaseHttpServer (BaseHttpServer.java:<init>(106)) - Hadoop Security Enabled: false Ozone Security Enabled: false Ozone HTTP Security Enabled: false 
2020-07-21 13:02:23,619 [Listener at 127.0.0.1/40369] INFO  server.AuthenticationFilter (AuthenticationFilter.java:constructSecretProvider(240)) - Unable to initialize FileSignerSecretProvider, falling back to use random secrets.
2020-07-21 13:02:23,621 [Listener at 127.0.0.1/40369] WARN  http.HttpRequestLog (HttpRequestLog.java:getRequestLog(103)) - Jetty request log can only be enabled using Log4j
2020-07-21 13:02:23,622 [Listener at 127.0.0.1/40369] INFO  http.HttpServer2 (HttpServer2.java:addGlobalFilter(998)) - Added global filter 'safety' (class=org.apache.hadoop.hdds.server.http.HttpServer2$QuotingInputFilter)
2020-07-21 13:02:23,622 [Listener at 127.0.0.1/40369] INFO  http.HttpServer2 (HttpServer2.java:addFilter(974)) - Added filter static_user_filter (class=org.apache.hadoop.http.lib.StaticUserWebFilter$StaticUserFilter) to context hddsDatanode
2020-07-21 13:02:23,622 [Listener at 127.0.0.1/40369] INFO  http.HttpServer2 (HttpServer2.java:addFilter(982)) - Added filter static_user_filter (class=org.apache.hadoop.http.lib.StaticUserWebFilter$StaticUserFilter) to context static
2020-07-21 13:02:23,622 [Listener at 127.0.0.1/40369] INFO  http.HttpServer2 (HttpServer2.java:addFilter(982)) - Added filter static_user_filter (class=org.apache.hadoop.http.lib.StaticUserWebFilter$StaticUserFilter) to context logs
2020-07-21 13:02:23,623 [Listener at 127.0.0.1/40369] INFO  http.HttpServer2 (HttpServer2.java:bindListener(1216)) - Jetty bound to port 41459
2020-07-21 13:02:23,623 [Listener at 127.0.0.1/40369] INFO  server.Server (Server.java:doStart(359)) - jetty-9.4.26.v20200117; built: 2020-01-17T12:35:33.676Z; git: 7b38981d25d14afb4a12ff1f2596756144edf695; jvm 1.8.0_232-b09
2020-07-21 13:02:23,624 [Listener at 127.0.0.1/40369] INFO  server.session (DefaultSessionIdManager.java:doStart(333)) - DefaultSessionIdManager workerName=node0
2020-07-21 13:02:23,624 [Listener at 127.0.0.1/40369] INFO  server.session (DefaultSessionIdManager.java:doStart(338)) - No SessionScavenger set, using defaults
2020-07-21 13:02:23,624 [Listener at 127.0.0.1/40369] INFO  server.session (HouseKeeper.java:startScavenging(140)) - node0 Scavenging every 660000ms
2020-07-21 13:02:23,625 [Listener at 127.0.0.1/40369] INFO  handler.ContextHandler (ContextHandler.java:doStart(825)) - Started o.e.j.s.ServletContextHandler@14b90793{logs,/logs,file:///github/workspace/mnt/ozone/hadoop-ozone/integration-test/target/log,AVAILABLE}
2020-07-21 13:02:23,625 [Listener at 127.0.0.1/40369] INFO  handler.ContextHandler (ContextHandler.java:doStart(825)) - Started o.e.j.s.ServletContextHandler@2f31aca2{static,/static,jar:file:/home/user/.m2/repository/org/apache/hadoop/hadoop-hdds-container-service/0.6.0-SNAPSHOT/hadoop-hdds-container-service-0.6.0-SNAPSHOT.jar!/webapps/static,AVAILABLE}
2020-07-21 13:02:23,696 [Listener at 127.0.0.1/40369] INFO  handler.ContextHandler (ContextHandler.java:doStart(825)) - Started o.e.j.w.WebAppContext@60900326{hddsDatanode,/,file:///tmp/jetty-0_0_0_0-41459-hadoop-hdds-container-service-0_6_0-SNAPSHOT_jar-_-any-3255208146711132114.dir/webapp/,AVAILABLE}{jar:file:/home/user/.m2/repository/org/apache/hadoop/hadoop-hdds-container-service/0.6.0-SNAPSHOT/hadoop-hdds-container-service-0.6.0-SNAPSHOT.jar!/webapps/hddsDatanode}
2020-07-21 13:02:23,698 [Listener at 127.0.0.1/40369] INFO  server.AbstractConnector (AbstractConnector.java:doStart(330)) - Started ServerConnector@29210298{HTTP/1.1,[http/1.1]}{0.0.0.0:41459}
2020-07-21 13:02:23,698 [Listener at 127.0.0.1/40369] INFO  server.Server (Server.java:doStart(399)) - Started @40421ms
2020-07-21 13:02:23,698 [Listener at 127.0.0.1/40369] WARN  impl.MetricsSystemImpl (MetricsSystemImpl.java:register(276)) - Sink prometheus already exists!
2020-07-21 13:02:23,701 [Listener at 127.0.0.1/40369] INFO  http.BaseHttpServer (BaseHttpServer.java:updateConnectorAddress(327)) - HTTP server of hddsDatanode listening at http://0.0.0.0:41459
2020-07-21 13:02:23,705 [Listener at 127.0.0.1/40369] INFO  impl.MetricsSystemImpl (MetricsSystemImpl.java:init(158)) - HddsDatanode metrics system started (again)
2020-07-21 13:02:23,707 [Listener at 127.0.0.1/40369] INFO  ozone.HddsDatanodeService (HddsDatanodeService.java:start(214)) - HddsDatanodeService host:5dff0df2806b ip:172.17.0.2
2020-07-21 13:02:23,709 [org.apache.hadoop.util.JvmPauseMonitor$Monitor@1d40dd25] INFO  util.JvmPauseMonitor (JvmPauseMonitor.java:run(188)) - Starting JVM pause monitor
2020-07-21 13:02:23,709 [Listener at 127.0.0.1/40369] INFO  volume.HddsVolume (HddsVolume.java:<init>(176)) - Creating Volume: /github/workspace/mnt/ozone/hadoop-ozone/integration-test/target/test-dir/MiniOzoneClusterImpl-be9508b3-40a4-4101-8d37-3f3c8981745f/datanode-4/data-0/containers/hdds of storage type : DISK and capacity : 9223372036854775807
2020-07-21 13:02:23,710 [Listener at 127.0.0.1/40369] INFO  volume.MutableVolumeSet (MutableVolumeSet.java:initializeVolumeSet(179)) - Added Volume : /github/workspace/mnt/ozone/hadoop-ozone/integration-test/target/test-dir/MiniOzoneClusterImpl-be9508b3-40a4-4101-8d37-3f3c8981745f/datanode-4/data-0/containers/hdds to VolumeSet
2020-07-21 13:02:23,710 [Listener at 127.0.0.1/40369] INFO  volume.ThrottledAsyncChecker (ThrottledAsyncChecker.java:schedule(141)) - Scheduling a check for /github/workspace/mnt/ozone/hadoop-ozone/integration-test/target/test-dir/MiniOzoneClusterImpl-be9508b3-40a4-4101-8d37-3f3c8981745f/datanode-4/data-0/containers/hdds
2020-07-21 13:02:23,711 [Datanode State Machine Thread - 0] INFO  datanode.InitDatanodeState (InitDatanodeState.java:persistContainerDatanodeDetails(145)) - DatanodeDetails is persisted to /github/workspace/mnt/ozone/hadoop-ozone/integration-test/target/test-dir/MiniOzoneClusterImpl-be9508b3-40a4-4101-8d37-3f3c8981745f/datanode-3/meta/datanode.id
2020-07-21 13:02:23,711 [Listener at 127.0.0.1/40369] INFO  volume.HddsVolumeChecker (HddsVolumeChecker.java:checkAllVolumes(200)) - Scheduled health check for volume /github/workspace/mnt/ozone/hadoop-ozone/integration-test/target/test-dir/MiniOzoneClusterImpl-be9508b3-40a4-4101-8d37-3f3c8981745f/datanode-4/data-0/containers/hdds
2020-07-21 13:02:23,726 [Listener at 127.0.0.1/40369] INFO  impl.RaftServerProxy (ConfUtils.java:logGet(44)) - raft.rpc.type = GRPC (default)
2020-07-21 13:02:23,727 [Listener at 127.0.0.1/40369] INFO  grpc.GrpcFactory (GrpcFactory.java:checkPooledByteBufAllocatorUseCacheForAllThreads(45)) - PERFORMANCE WARNING: useCacheForAllThreads is true that may cause Netty to create a lot garbage objects and, as a result, trigger GC.
	It is recommended to disable useCacheForAllThreads by setting -Dorg.apache.ratis.thirdparty.io.netty.allocator.useCacheForAllThreads=false in command line.
2020-07-21 13:02:23,727 [Listener at 127.0.0.1/40369] INFO  grpc.GrpcConfigKeys (ConfUtils.java:logGet(44)) - raft.grpc.server.port = 0 (default)
2020-07-21 13:02:23,727 [Listener at 127.0.0.1/40369] INFO  server.GrpcService (ConfUtils.java:logGet(44)) - raft.grpc.message.size.max = 32MB (=33554432) (custom)
2020-07-21 13:02:23,727 [Listener at 127.0.0.1/40369] INFO  server.RaftServerConfigKeys (ConfUtils.java:logGet(44)) - raft.server.log.appender.buffer.byte-limit = 33554432 (custom)
2020-07-21 13:02:23,727 [Listener at 127.0.0.1/40369] INFO  server.GrpcService (ConfUtils.java:logGet(44)) - raft.grpc.flow.control.window = 5MB (=5242880) (custom)
2020-07-21 13:02:23,727 [Listener at 127.0.0.1/40369] INFO  server.RaftServerConfigKeys (ConfUtils.java:logGet(44)) - raft.server.rpc.request.timeout = 3000ms (default)
2020-07-21 13:02:23,728 [Listener at 127.0.0.1/40369] INFO  server.RaftServerConfigKeys (ConfUtils.java:logGet(44)) - raft.server.storage.dir = [/github/workspace/mnt/ozone/hadoop-ozone/integration-test/target/test-dir/MiniOzoneClusterImpl-be9508b3-40a4-4101-8d37-3f3c8981745f/datanode-4/data/ratis] (custom)
2020-07-21 13:02:23,732 [Listener at 127.0.0.1/40369] INFO  http.BaseHttpServer (BaseHttpServer.java:newHttpServer2BuilderForOzone(207)) - Starting Web-server for hddsDatanode at: http://0.0.0.0:0
2020-07-21 13:02:23,732 [Listener at 127.0.0.1/40369] INFO  http.BaseHttpServer (BaseHttpServer.java:<init>(106)) - Hadoop Security Enabled: false Ozone Security Enabled: false Ozone HTTP Security Enabled: false 
2020-07-21 13:02:23,733 [Listener at 127.0.0.1/40369] INFO  server.AuthenticationFilter (AuthenticationFilter.java:constructSecretProvider(240)) - Unable to initialize FileSignerSecretProvider, falling back to use random secrets.
2020-07-21 13:02:23,733 [Listener at 127.0.0.1/40369] WARN  http.HttpRequestLog (HttpRequestLog.java:getRequestLog(103)) - Jetty request log can only be enabled using Log4j
2020-07-21 13:02:23,734 [Listener at 127.0.0.1/40369] INFO  http.HttpServer2 (HttpServer2.java:addGlobalFilter(998)) - Added global filter 'safety' (class=org.apache.hadoop.hdds.server.http.HttpServer2$QuotingInputFilter)
2020-07-21 13:02:23,735 [Listener at 127.0.0.1/40369] INFO  http.HttpServer2 (HttpServer2.java:addFilter(974)) - Added filter static_user_filter (class=org.apache.hadoop.http.lib.StaticUserWebFilter$StaticUserFilter) to context hddsDatanode
2020-07-21 13:02:23,735 [Listener at 127.0.0.1/40369] INFO  http.HttpServer2 (HttpServer2.java:addFilter(982)) - Added filter static_user_filter (class=org.apache.hadoop.http.lib.StaticUserWebFilter$StaticUserFilter) to context logs
2020-07-21 13:02:23,735 [Listener at 127.0.0.1/40369] INFO  http.HttpServer2 (HttpServer2.java:addFilter(982)) - Added filter static_user_filter (class=org.apache.hadoop.http.lib.StaticUserWebFilter$StaticUserFilter) to context static
2020-07-21 13:02:23,735 [Listener at 127.0.0.1/40369] INFO  http.HttpServer2 (HttpServer2.java:bindListener(1216)) - Jetty bound to port 32915
2020-07-21 13:02:23,735 [Listener at 127.0.0.1/40369] INFO  server.Server (Server.java:doStart(359)) - jetty-9.4.26.v20200117; built: 2020-01-17T12:35:33.676Z; git: 7b38981d25d14afb4a12ff1f2596756144edf695; jvm 1.8.0_232-b09
2020-07-21 13:02:23,737 [Listener at 127.0.0.1/40369] INFO  server.session (DefaultSessionIdManager.java:doStart(333)) - DefaultSessionIdManager workerName=node0
2020-07-21 13:02:23,737 [Listener at 127.0.0.1/40369] INFO  server.session (DefaultSessionIdManager.java:doStart(338)) - No SessionScavenger set, using defaults
2020-07-21 13:02:23,738 [Listener at 127.0.0.1/40369] INFO  server.session (HouseKeeper.java:startScavenging(140)) - node0 Scavenging every 660000ms
2020-07-21 13:02:23,738 [Listener at 127.0.0.1/40369] INFO  handler.ContextHandler (ContextHandler.java:doStart(825)) - Started o.e.j.s.ServletContextHandler@247eec9a{logs,/logs,file:///github/workspace/mnt/ozone/hadoop-ozone/integration-test/target/log,AVAILABLE}
2020-07-21 13:02:23,739 [Listener at 127.0.0.1/40369] INFO  handler.ContextHandler (ContextHandler.java:doStart(825)) - Started o.e.j.s.ServletContextHandler@d5b04c{static,/static,jar:file:/home/user/.m2/repository/org/apache/hadoop/hadoop-hdds-container-service/0.6.0-SNAPSHOT/hadoop-hdds-container-service-0.6.0-SNAPSHOT.jar!/webapps/static,AVAILABLE}
2020-07-21 13:02:23,811 [Listener at 127.0.0.1/40369] INFO  handler.ContextHandler (ContextHandler.java:doStart(825)) - Started o.e.j.w.WebAppContext@6072e245{hddsDatanode,/,file:///tmp/jetty-0_0_0_0-32915-hadoop-hdds-container-service-0_6_0-SNAPSHOT_jar-_-any-1638462637593334661.dir/webapp/,AVAILABLE}{jar:file:/home/user/.m2/repository/org/apache/hadoop/hadoop-hdds-container-service/0.6.0-SNAPSHOT/hadoop-hdds-container-service-0.6.0-SNAPSHOT.jar!/webapps/hddsDatanode}
2020-07-21 13:02:23,814 [Listener at 127.0.0.1/40369] INFO  server.AbstractConnector (AbstractConnector.java:doStart(330)) - Started ServerConnector@2814faca{HTTP/1.1,[http/1.1]}{0.0.0.0:32915}
2020-07-21 13:02:23,814 [Listener at 127.0.0.1/40369] INFO  server.Server (Server.java:doStart(399)) - Started @40537ms
2020-07-21 13:02:23,814 [Listener at 127.0.0.1/40369] WARN  impl.MetricsSystemImpl (MetricsSystemImpl.java:register(276)) - Sink prometheus already exists!
2020-07-21 13:02:23,820 [Listener at 127.0.0.1/40369] INFO  http.BaseHttpServer (BaseHttpServer.java:updateConnectorAddress(327)) - HTTP server of hddsDatanode listening at http://0.0.0.0:32915
2020-07-21 13:02:23,820 [Listener at 127.0.0.1/40369] INFO  impl.MetricsSystemImpl (MetricsSystemImpl.java:init(158)) - HddsDatanode metrics system started (again)
2020-07-21 13:02:23,822 [Listener at 127.0.0.1/40369] INFO  ozone.HddsDatanodeService (HddsDatanodeService.java:start(214)) - HddsDatanodeService host:5dff0df2806b ip:172.17.0.2
2020-07-21 13:02:23,823 [Listener at 127.0.0.1/40369] INFO  volume.HddsVolume (HddsVolume.java:<init>(176)) - Creating Volume: /github/workspace/mnt/ozone/hadoop-ozone/integration-test/target/test-dir/MiniOzoneClusterImpl-be9508b3-40a4-4101-8d37-3f3c8981745f/datanode-5/data-0/containers/hdds of storage type : DISK and capacity : 9223372036854775807
2020-07-21 13:02:23,823 [Listener at 127.0.0.1/40369] INFO  volume.MutableVolumeSet (MutableVolumeSet.java:initializeVolumeSet(179)) - Added Volume : /github/workspace/mnt/ozone/hadoop-ozone/integration-test/target/test-dir/MiniOzoneClusterImpl-be9508b3-40a4-4101-8d37-3f3c8981745f/datanode-5/data-0/containers/hdds to VolumeSet
2020-07-21 13:02:23,823 [Listener at 127.0.0.1/40369] INFO  volume.ThrottledAsyncChecker (ThrottledAsyncChecker.java:schedule(141)) - Scheduling a check for /github/workspace/mnt/ozone/hadoop-ozone/integration-test/target/test-dir/MiniOzoneClusterImpl-be9508b3-40a4-4101-8d37-3f3c8981745f/datanode-5/data-0/containers/hdds
2020-07-21 13:02:23,824 [Listener at 127.0.0.1/40369] INFO  volume.HddsVolumeChecker (HddsVolumeChecker.java:checkAllVolumes(200)) - Scheduled health check for volume /github/workspace/mnt/ozone/hadoop-ozone/integration-test/target/test-dir/MiniOzoneClusterImpl-be9508b3-40a4-4101-8d37-3f3c8981745f/datanode-5/data-0/containers/hdds
2020-07-21 13:02:23,849 [org.apache.hadoop.util.JvmPauseMonitor$Monitor@4d7bd513] INFO  util.JvmPauseMonitor (JvmPauseMonitor.java:run(188)) - Starting JVM pause monitor
2020-07-21 13:02:23,851 [Listener at 127.0.0.1/40369] INFO  impl.RaftServerProxy (ConfUtils.java:logGet(44)) - raft.rpc.type = GRPC (default)
2020-07-21 13:02:23,852 [Listener at 127.0.0.1/40369] INFO  grpc.GrpcFactory (GrpcFactory.java:checkPooledByteBufAllocatorUseCacheForAllThreads(45)) - PERFORMANCE WARNING: useCacheForAllThreads is true that may cause Netty to create a lot garbage objects and, as a result, trigger GC.
	It is recommended to disable useCacheForAllThreads by setting -Dorg.apache.ratis.thirdparty.io.netty.allocator.useCacheForAllThreads=false in command line.
2020-07-21 13:02:23,852 [Listener at 127.0.0.1/40369] INFO  grpc.GrpcConfigKeys (ConfUtils.java:logGet(44)) - raft.grpc.server.port = 0 (default)
2020-07-21 13:02:23,852 [Listener at 127.0.0.1/40369] INFO  server.GrpcService (ConfUtils.java:logGet(44)) - raft.grpc.message.size.max = 32MB (=33554432) (custom)
2020-07-21 13:02:23,852 [Listener at 127.0.0.1/40369] INFO  server.RaftServerConfigKeys (ConfUtils.java:logGet(44)) - raft.server.log.appender.buffer.byte-limit = 33554432 (custom)
2020-07-21 13:02:23,852 [Listener at 127.0.0.1/40369] INFO  server.GrpcService (ConfUtils.java:logGet(44)) - raft.grpc.flow.control.window = 5MB (=5242880) (custom)
2020-07-21 13:02:23,852 [Listener at 127.0.0.1/40369] INFO  server.RaftServerConfigKeys (ConfUtils.java:logGet(44)) - raft.server.rpc.request.timeout = 3000ms (default)
2020-07-21 13:02:23,853 [Listener at 127.0.0.1/40369] INFO  server.RaftServerConfigKeys (ConfUtils.java:logGet(44)) - raft.server.storage.dir = [/github/workspace/mnt/ozone/hadoop-ozone/integration-test/target/test-dir/MiniOzoneClusterImpl-be9508b3-40a4-4101-8d37-3f3c8981745f/datanode-5/data/ratis] (custom)
2020-07-21 13:02:23,855 [Datanode State Machine Thread - 0] INFO  datanode.InitDatanodeState (InitDatanodeState.java:persistContainerDatanodeDetails(145)) - DatanodeDetails is persisted to /github/workspace/mnt/ozone/hadoop-ozone/integration-test/target/test-dir/MiniOzoneClusterImpl-be9508b3-40a4-4101-8d37-3f3c8981745f/datanode-4/meta/datanode.id
2020-07-21 13:02:23,857 [Listener at 127.0.0.1/40369] INFO  http.BaseHttpServer (BaseHttpServer.java:newHttpServer2BuilderForOzone(207)) - Starting Web-server for hddsDatanode at: http://0.0.0.0:0
2020-07-21 13:02:23,857 [Listener at 127.0.0.1/40369] INFO  http.BaseHttpServer (BaseHttpServer.java:<init>(106)) - Hadoop Security Enabled: false Ozone Security Enabled: false Ozone HTTP Security Enabled: false 
2020-07-21 13:02:23,858 [Listener at 127.0.0.1/40369] INFO  server.AuthenticationFilter (AuthenticationFilter.java:constructSecretProvider(240)) - Unable to initialize FileSignerSecretProvider, falling back to use random secrets.
2020-07-21 13:02:23,859 [Listener at 127.0.0.1/40369] WARN  http.HttpRequestLog (HttpRequestLog.java:getRequestLog(103)) - Jetty request log can only be enabled using Log4j
2020-07-21 13:02:23,859 [Listener at 127.0.0.1/40369] INFO  http.HttpServer2 (HttpServer2.java:addGlobalFilter(998)) - Added global filter 'safety' (class=org.apache.hadoop.hdds.server.http.HttpServer2$QuotingInputFilter)
2020-07-21 13:02:23,860 [Listener at 127.0.0.1/40369] INFO  http.HttpServer2 (HttpServer2.java:addFilter(974)) - Added filter static_user_filter (class=org.apache.hadoop.http.lib.StaticUserWebFilter$StaticUserFilter) to context hddsDatanode
2020-07-21 13:02:23,860 [Listener at 127.0.0.1/40369] INFO  http.HttpServer2 (HttpServer2.java:addFilter(982)) - Added filter static_user_filter (class=org.apache.hadoop.http.lib.StaticUserWebFilter$StaticUserFilter) to context logs
2020-07-21 13:02:23,860 [Listener at 127.0.0.1/40369] INFO  http.HttpServer2 (HttpServer2.java:addFilter(982)) - Added filter static_user_filter (class=org.apache.hadoop.http.lib.StaticUserWebFilter$StaticUserFilter) to context static
2020-07-21 13:02:23,860 [Listener at 127.0.0.1/40369] INFO  http.HttpServer2 (HttpServer2.java:bindListener(1216)) - Jetty bound to port 40531
2020-07-21 13:02:23,861 [Listener at 127.0.0.1/40369] INFO  server.Server (Server.java:doStart(359)) - jetty-9.4.26.v20200117; built: 2020-01-17T12:35:33.676Z; git: 7b38981d25d14afb4a12ff1f2596756144edf695; jvm 1.8.0_232-b09
2020-07-21 13:02:23,862 [Listener at 127.0.0.1/40369] INFO  server.session (DefaultSessionIdManager.java:doStart(333)) - DefaultSessionIdManager workerName=node0
2020-07-21 13:02:23,862 [Listener at 127.0.0.1/40369] INFO  server.session (DefaultSessionIdManager.java:doStart(338)) - No SessionScavenger set, using defaults
2020-07-21 13:02:23,862 [Listener at 127.0.0.1/40369] INFO  server.session (HouseKeeper.java:startScavenging(140)) - node0 Scavenging every 660000ms
2020-07-21 13:02:23,863 [Listener at 127.0.0.1/40369] INFO  handler.ContextHandler (ContextHandler.java:doStart(825)) - Started o.e.j.s.ServletContextHandler@464a629d{logs,/logs,file:///github/workspace/mnt/ozone/hadoop-ozone/integration-test/target/log,AVAILABLE}
2020-07-21 13:02:23,864 [Listener at 127.0.0.1/40369] INFO  handler.ContextHandler (ContextHandler.java:doStart(825)) - Started o.e.j.s.ServletContextHandler@6c1b4134{static,/static,jar:file:/home/user/.m2/repository/org/apache/hadoop/hadoop-hdds-container-service/0.6.0-SNAPSHOT/hadoop-hdds-container-service-0.6.0-SNAPSHOT.jar!/webapps/static,AVAILABLE}
2020-07-21 13:02:23,935 [Listener at 127.0.0.1/40369] INFO  handler.ContextHandler (ContextHandler.java:doStart(825)) - Started o.e.j.w.WebAppContext@5f182d8d{hddsDatanode,/,file:///tmp/jetty-0_0_0_0-40531-hadoop-hdds-container-service-0_6_0-SNAPSHOT_jar-_-any-205620467665755835.dir/webapp/,AVAILABLE}{jar:file:/home/user/.m2/repository/org/apache/hadoop/hadoop-hdds-container-service/0.6.0-SNAPSHOT/hadoop-hdds-container-service-0.6.0-SNAPSHOT.jar!/webapps/hddsDatanode}
2020-07-21 13:02:23,936 [Listener at 127.0.0.1/40369] INFO  server.AbstractConnector (AbstractConnector.java:doStart(330)) - Started ServerConnector@2a81a2ea{HTTP/1.1,[http/1.1]}{0.0.0.0:40531}
2020-07-21 13:02:23,936 [Listener at 127.0.0.1/40369] INFO  server.Server (Server.java:doStart(399)) - Started @40659ms
2020-07-21 13:02:23,937 [Listener at 127.0.0.1/40369] WARN  impl.MetricsSystemImpl (MetricsSystemImpl.java:register(276)) - Sink prometheus already exists!
2020-07-21 13:02:23,948 [Listener at 127.0.0.1/40369] INFO  http.BaseHttpServer (BaseHttpServer.java:updateConnectorAddress(327)) - HTTP server of hddsDatanode listening at http://0.0.0.0:40531
2020-07-21 13:02:23,955 [Listener at 127.0.0.1/40369] INFO  impl.MetricsSystemImpl (MetricsSystemImpl.java:init(158)) - HddsDatanode metrics system started (again)
2020-07-21 13:02:23,956 [Listener at 127.0.0.1/40369] INFO  ozone.HddsDatanodeService (HddsDatanodeService.java:start(214)) - HddsDatanodeService host:5dff0df2806b ip:172.17.0.2
2020-07-21 13:02:23,957 [Listener at 127.0.0.1/40369] INFO  volume.HddsVolume (HddsVolume.java:<init>(176)) - Creating Volume: /github/workspace/mnt/ozone/hadoop-ozone/integration-test/target/test-dir/MiniOzoneClusterImpl-be9508b3-40a4-4101-8d37-3f3c8981745f/datanode-6/data-0/containers/hdds of storage type : DISK and capacity : 9223372036854775807
2020-07-21 13:02:23,958 [Listener at 127.0.0.1/40369] INFO  volume.MutableVolumeSet (MutableVolumeSet.java:initializeVolumeSet(179)) - Added Volume : /github/workspace/mnt/ozone/hadoop-ozone/integration-test/target/test-dir/MiniOzoneClusterImpl-be9508b3-40a4-4101-8d37-3f3c8981745f/datanode-6/data-0/containers/hdds to VolumeSet
2020-07-21 13:02:23,958 [Listener at 127.0.0.1/40369] INFO  volume.ThrottledAsyncChecker (ThrottledAsyncChecker.java:schedule(141)) - Scheduling a check for /github/workspace/mnt/ozone/hadoop-ozone/integration-test/target/test-dir/MiniOzoneClusterImpl-be9508b3-40a4-4101-8d37-3f3c8981745f/datanode-6/data-0/containers/hdds
2020-07-21 13:02:23,958 [org.apache.hadoop.util.JvmPauseMonitor$Monitor@5f04f077] INFO  util.JvmPauseMonitor (JvmPauseMonitor.java:run(188)) - Starting JVM pause monitor
2020-07-21 13:02:23,958 [Listener at 127.0.0.1/40369] INFO  volume.HddsVolumeChecker (HddsVolumeChecker.java:checkAllVolumes(200)) - Scheduled health check for volume /github/workspace/mnt/ozone/hadoop-ozone/integration-test/target/test-dir/MiniOzoneClusterImpl-be9508b3-40a4-4101-8d37-3f3c8981745f/datanode-6/data-0/containers/hdds
2020-07-21 13:02:23,962 [Datanode State Machine Thread - 0] INFO  datanode.InitDatanodeState (InitDatanodeState.java:persistContainerDatanodeDetails(145)) - DatanodeDetails is persisted to /github/workspace/mnt/ozone/hadoop-ozone/integration-test/target/test-dir/MiniOzoneClusterImpl-be9508b3-40a4-4101-8d37-3f3c8981745f/datanode-5/meta/datanode.id
2020-07-21 13:02:23,976 [Listener at 127.0.0.1/40369] INFO  impl.RaftServerProxy (ConfUtils.java:logGet(44)) - raft.rpc.type = GRPC (default)
2020-07-21 13:02:23,976 [Listener at 127.0.0.1/40369] INFO  grpc.GrpcFactory (GrpcFactory.java:checkPooledByteBufAllocatorUseCacheForAllThreads(45)) - PERFORMANCE WARNING: useCacheForAllThreads is true that may cause Netty to create a lot garbage objects and, as a result, trigger GC.
	It is recommended to disable useCacheForAllThreads by setting -Dorg.apache.ratis.thirdparty.io.netty.allocator.useCacheForAllThreads=false in command line.
2020-07-21 13:02:23,976 [Listener at 127.0.0.1/40369] INFO  grpc.GrpcConfigKeys (ConfUtils.java:logGet(44)) - raft.grpc.server.port = 0 (default)
2020-07-21 13:02:23,976 [Listener at 127.0.0.1/40369] INFO  server.GrpcService (ConfUtils.java:logGet(44)) - raft.grpc.message.size.max = 32MB (=33554432) (custom)
2020-07-21 13:02:23,977 [Listener at 127.0.0.1/40369] INFO  server.RaftServerConfigKeys (ConfUtils.java:logGet(44)) - raft.server.log.appender.buffer.byte-limit = 33554432 (custom)
2020-07-21 13:02:23,977 [Listener at 127.0.0.1/40369] INFO  server.GrpcService (ConfUtils.java:logGet(44)) - raft.grpc.flow.control.window = 5MB (=5242880) (custom)
2020-07-21 13:02:23,977 [Listener at 127.0.0.1/40369] INFO  server.RaftServerConfigKeys (ConfUtils.java:logGet(44)) - raft.server.rpc.request.timeout = 3000ms (default)
2020-07-21 13:02:23,978 [Listener at 127.0.0.1/40369] INFO  server.RaftServerConfigKeys (ConfUtils.java:logGet(44)) - raft.server.storage.dir = [/github/workspace/mnt/ozone/hadoop-ozone/integration-test/target/test-dir/MiniOzoneClusterImpl-be9508b3-40a4-4101-8d37-3f3c8981745f/datanode-6/data/ratis] (custom)
2020-07-21 13:02:23,982 [Listener at 127.0.0.1/40369] INFO  http.BaseHttpServer (BaseHttpServer.java:newHttpServer2BuilderForOzone(207)) - Starting Web-server for hddsDatanode at: http://0.0.0.0:0
2020-07-21 13:02:23,982 [Listener at 127.0.0.1/40369] INFO  http.BaseHttpServer (BaseHttpServer.java:<init>(106)) - Hadoop Security Enabled: false Ozone Security Enabled: false Ozone HTTP Security Enabled: false 
2020-07-21 13:02:23,983 [Listener at 127.0.0.1/40369] INFO  server.AuthenticationFilter (AuthenticationFilter.java:constructSecretProvider(240)) - Unable to initialize FileSignerSecretProvider, falling back to use random secrets.
2020-07-21 13:02:23,983 [Listener at 127.0.0.1/40369] WARN  http.HttpRequestLog (HttpRequestLog.java:getRequestLog(103)) - Jetty request log can only be enabled using Log4j
2020-07-21 13:02:23,984 [Listener at 127.0.0.1/40369] INFO  http.HttpServer2 (HttpServer2.java:addGlobalFilter(998)) - Added global filter 'safety' (class=org.apache.hadoop.hdds.server.http.HttpServer2$QuotingInputFilter)
2020-07-21 13:02:23,984 [Listener at 127.0.0.1/40369] INFO  http.HttpServer2 (HttpServer2.java:addFilter(974)) - Added filter static_user_filter (class=org.apache.hadoop.http.lib.StaticUserWebFilter$StaticUserFilter) to context hddsDatanode
2020-07-21 13:02:23,984 [Listener at 127.0.0.1/40369] INFO  http.HttpServer2 (HttpServer2.java:addFilter(982)) - Added filter static_user_filter (class=org.apache.hadoop.http.lib.StaticUserWebFilter$StaticUserFilter) to context logs
2020-07-21 13:02:23,984 [Listener at 127.0.0.1/40369] INFO  http.HttpServer2 (HttpServer2.java:addFilter(982)) - Added filter static_user_filter (class=org.apache.hadoop.http.lib.StaticUserWebFilter$StaticUserFilter) to context static
2020-07-21 13:02:23,985 [Listener at 127.0.0.1/40369] INFO  http.HttpServer2 (HttpServer2.java:bindListener(1216)) - Jetty bound to port 45729
2020-07-21 13:02:23,985 [Listener at 127.0.0.1/40369] INFO  server.Server (Server.java:doStart(359)) - jetty-9.4.26.v20200117; built: 2020-01-17T12:35:33.676Z; git: 7b38981d25d14afb4a12ff1f2596756144edf695; jvm 1.8.0_232-b09
2020-07-21 13:02:23,987 [Listener at 127.0.0.1/40369] INFO  server.session (DefaultSessionIdManager.java:doStart(333)) - DefaultSessionIdManager workerName=node0
2020-07-21 13:02:23,987 [Listener at 127.0.0.1/40369] INFO  server.session (DefaultSessionIdManager.java:doStart(338)) - No SessionScavenger set, using defaults
2020-07-21 13:02:23,987 [Listener at 127.0.0.1/40369] INFO  server.session (HouseKeeper.java:startScavenging(140)) - node0 Scavenging every 600000ms
2020-07-21 13:02:23,988 [Listener at 127.0.0.1/40369] INFO  handler.ContextHandler (ContextHandler.java:doStart(825)) - Started o.e.j.s.ServletContextHandler@7a66451b{logs,/logs,file:///github/workspace/mnt/ozone/hadoop-ozone/integration-test/target/log,AVAILABLE}
2020-07-21 13:02:23,988 [Listener at 127.0.0.1/40369] INFO  handler.ContextHandler (ContextHandler.java:doStart(825)) - Started o.e.j.s.ServletContextHandler@225ec391{static,/static,jar:file:/home/user/.m2/repository/org/apache/hadoop/hadoop-hdds-container-service/0.6.0-SNAPSHOT/hadoop-hdds-container-service-0.6.0-SNAPSHOT.jar!/webapps/static,AVAILABLE}
2020-07-21 13:02:24,079 [Listener at 127.0.0.1/40369] INFO  handler.ContextHandler (ContextHandler.java:doStart(825)) - Started o.e.j.w.WebAppContext@4273b1f{hddsDatanode,/,file:///tmp/jetty-0_0_0_0-45729-hadoop-hdds-container-service-0_6_0-SNAPSHOT_jar-_-any-921751213963649441.dir/webapp/,AVAILABLE}{jar:file:/home/user/.m2/repository/org/apache/hadoop/hadoop-hdds-container-service/0.6.0-SNAPSHOT/hadoop-hdds-container-service-0.6.0-SNAPSHOT.jar!/webapps/hddsDatanode}
2020-07-21 13:02:24,082 [Listener at 127.0.0.1/40369] INFO  server.AbstractConnector (AbstractConnector.java:doStart(330)) - Started ServerConnector@16146f73{HTTP/1.1,[http/1.1]}{0.0.0.0:45729}
2020-07-21 13:02:24,083 [Listener at 127.0.0.1/40369] INFO  server.Server (Server.java:doStart(399)) - Started @40805ms
2020-07-21 13:02:24,083 [Listener at 127.0.0.1/40369] WARN  impl.MetricsSystemImpl (MetricsSystemImpl.java:register(276)) - Sink prometheus already exists!
2020-07-21 13:02:24,094 [Listener at 127.0.0.1/40369] INFO  http.BaseHttpServer (BaseHttpServer.java:updateConnectorAddress(327)) - HTTP server of hddsDatanode listening at http://0.0.0.0:45729
2020-07-21 13:02:24,095 [Listener at 127.0.0.1/40369] INFO  ozone.MiniOzoneClusterImpl (MiniOzoneClusterImpl.java:lambda$waitForClusterToBeReady$0(177)) - Waiting for nodes to be ready. Got 0 of 7 DN Heartbeats.
2020-07-21 13:02:24,095 [Listener at 127.0.0.1/40369] INFO  ozone.MiniOzoneClusterImpl (MiniOzoneClusterImpl.java:lambda$waitForClusterToBeReady$0(180)) - Waiting for cluster to exit safe mode
2020-07-21 13:02:24,101 [org.apache.hadoop.util.JvmPauseMonitor$Monitor@5831db1d] INFO  util.JvmPauseMonitor (JvmPauseMonitor.java:run(188)) - Starting JVM pause monitor
2020-07-21 13:02:24,107 [Datanode State Machine Thread - 0] INFO  datanode.InitDatanodeState (InitDatanodeState.java:persistContainerDatanodeDetails(145)) - DatanodeDetails is persisted to /github/workspace/mnt/ozone/hadoop-ozone/integration-test/target/test-dir/MiniOzoneClusterImpl-be9508b3-40a4-4101-8d37-3f3c8981745f/datanode-6/meta/datanode.id
2020-07-21 13:02:25,095 [Listener at 127.0.0.1/40369] INFO  ozone.MiniOzoneClusterImpl (MiniOzoneClusterImpl.java:lambda$waitForClusterToBeReady$0(177)) - Waiting for nodes to be ready. Got 0 of 7 DN Heartbeats.
2020-07-21 13:02:25,095 [Listener at 127.0.0.1/40369] INFO  ozone.MiniOzoneClusterImpl (MiniOzoneClusterImpl.java:lambda$waitForClusterToBeReady$0(180)) - Waiting for cluster to exit safe mode
2020-07-21 13:02:25,370 [Datanode State Machine Thread - 0] INFO  ozoneimpl.OzoneContainer (OzoneContainer.java:start(233)) - Attempting to start container services.
2020-07-21 13:02:25,370 [Datanode State Machine Thread - 0] INFO  ozoneimpl.OzoneContainer (OzoneContainer.java:startContainerScrub(197)) - Background container scanner has been disabled.
2020-07-21 13:02:25,370 [Datanode State Machine Thread - 0] INFO  ratis.XceiverServerRatis (XceiverServerRatis.java:start(438)) - Starting XceiverServerRatis ce9f2b91-9bfb-469e-a42d-467d0f33a62f at port 0
2020-07-21 13:02:25,371 [Datanode State Machine Thread - 0] INFO  impl.RaftServerProxy (RaftServerProxy.java:lambda$start$3(304)) - ce9f2b91-9bfb-469e-a42d-467d0f33a62f: start RPC server
2020-07-21 13:02:25,372 [Datanode State Machine Thread - 0] INFO  server.GrpcService (GrpcService.java:startImpl(160)) - ce9f2b91-9bfb-469e-a42d-467d0f33a62f: GrpcService started, listening on 0.0.0.0/0.0.0.0:35939
2020-07-21 13:02:25,372 [Datanode State Machine Thread - 0] INFO  ratis.XceiverServerRatis (XceiverServerRatis.java:start(450)) - XceiverServerRatis ce9f2b91-9bfb-469e-a42d-467d0f33a62f is started using port 35939
2020-07-21 13:02:25,372 [Datanode State Machine Thread - 0] INFO  server.XceiverServerGrpc (XceiverServerGrpc.java:start(145)) - XceiverServerGrpc ce9f2b91-9bfb-469e-a42d-467d0f33a62f is started using port 34879
2020-07-21 13:02:25,487 [Datanode State Machine Thread - 0] INFO  ozoneimpl.OzoneContainer (OzoneContainer.java:start(233)) - Attempting to start container services.
2020-07-21 13:02:25,488 [Datanode State Machine Thread - 0] INFO  ozoneimpl.OzoneContainer (OzoneContainer.java:startContainerScrub(197)) - Background container scanner has been disabled.
2020-07-21 13:02:25,488 [Datanode State Machine Thread - 0] INFO  ratis.XceiverServerRatis (XceiverServerRatis.java:start(438)) - Starting XceiverServerRatis f4989c0c-dcd3-472e-ad74-017c452c42a3 at port 0
2020-07-21 13:02:25,489 [Datanode State Machine Thread - 0] INFO  impl.RaftServerProxy (RaftServerProxy.java:lambda$start$3(304)) - f4989c0c-dcd3-472e-ad74-017c452c42a3: start RPC server
2020-07-21 13:02:25,490 [Datanode State Machine Thread - 0] INFO  server.GrpcService (GrpcService.java:startImpl(160)) - f4989c0c-dcd3-472e-ad74-017c452c42a3: GrpcService started, listening on 0.0.0.0/0.0.0.0:36033
2020-07-21 13:02:25,490 [Datanode State Machine Thread - 0] INFO  ratis.XceiverServerRatis (XceiverServerRatis.java:start(450)) - XceiverServerRatis f4989c0c-dcd3-472e-ad74-017c452c42a3 is started using port 36033
2020-07-21 13:02:25,496 [Datanode State Machine Thread - 0] INFO  server.XceiverServerGrpc (XceiverServerGrpc.java:start(145)) - XceiverServerGrpc f4989c0c-dcd3-472e-ad74-017c452c42a3 is started using port 36519
2020-07-21 13:02:25,600 [Datanode State Machine Thread - 0] INFO  ozoneimpl.OzoneContainer (OzoneContainer.java:start(233)) - Attempting to start container services.
2020-07-21 13:02:25,600 [Datanode State Machine Thread - 0] INFO  ozoneimpl.OzoneContainer (OzoneContainer.java:startContainerScrub(197)) - Background container scanner has been disabled.
2020-07-21 13:02:25,601 [Datanode State Machine Thread - 0] INFO  ratis.XceiverServerRatis (XceiverServerRatis.java:start(438)) - Starting XceiverServerRatis 52573f45-fbdb-4827-a4d1-e8c2ad0f3cc3 at port 0
2020-07-21 13:02:25,603 [Datanode State Machine Thread - 0] INFO  impl.RaftServerProxy (RaftServerProxy.java:lambda$start$3(304)) - 52573f45-fbdb-4827-a4d1-e8c2ad0f3cc3: start RPC server
2020-07-21 13:02:25,604 [Datanode State Machine Thread - 0] INFO  server.GrpcService (GrpcService.java:startImpl(160)) - 52573f45-fbdb-4827-a4d1-e8c2ad0f3cc3: GrpcService started, listening on 0.0.0.0/0.0.0.0:40403
2020-07-21 13:02:25,604 [Datanode State Machine Thread - 0] INFO  ratis.XceiverServerRatis (XceiverServerRatis.java:start(450)) - XceiverServerRatis 52573f45-fbdb-4827-a4d1-e8c2ad0f3cc3 is started using port 40403
2020-07-21 13:02:25,610 [Datanode State Machine Thread - 0] INFO  server.XceiverServerGrpc (XceiverServerGrpc.java:start(145)) - XceiverServerGrpc 52573f45-fbdb-4827-a4d1-e8c2ad0f3cc3 is started using port 46613
2020-07-21 13:02:25,712 [Datanode State Machine Thread - 0] INFO  ozoneimpl.OzoneContainer (OzoneContainer.java:start(233)) - Attempting to start container services.
2020-07-21 13:02:25,712 [Datanode State Machine Thread - 0] INFO  ozoneimpl.OzoneContainer (OzoneContainer.java:startContainerScrub(197)) - Background container scanner has been disabled.
2020-07-21 13:02:25,712 [Datanode State Machine Thread - 0] INFO  ratis.XceiverServerRatis (XceiverServerRatis.java:start(438)) - Starting XceiverServerRatis d5ca780d-91ab-4a71-97a7-7cd5dfc24b80 at port 0
2020-07-21 13:02:25,713 [Datanode State Machine Thread - 0] INFO  impl.RaftServerProxy (RaftServerProxy.java:lambda$start$3(304)) - d5ca780d-91ab-4a71-97a7-7cd5dfc24b80: start RPC server
2020-07-21 13:02:25,714 [Datanode State Machine Thread - 0] INFO  server.GrpcService (GrpcService.java:startImpl(160)) - d5ca780d-91ab-4a71-97a7-7cd5dfc24b80: GrpcService started, listening on 0.0.0.0/0.0.0.0:38705
2020-07-21 13:02:25,714 [Datanode State Machine Thread - 0] INFO  ratis.XceiverServerRatis (XceiverServerRatis.java:start(450)) - XceiverServerRatis d5ca780d-91ab-4a71-97a7-7cd5dfc24b80 is started using port 38705
2020-07-21 13:02:25,714 [Datanode State Machine Thread - 0] INFO  server.XceiverServerGrpc (XceiverServerGrpc.java:start(145)) - XceiverServerGrpc d5ca780d-91ab-4a71-97a7-7cd5dfc24b80 is started using port 43643
2020-07-21 13:02:25,852 [Datanode State Machine Thread - 0] INFO  ozoneimpl.OzoneContainer (OzoneContainer.java:start(233)) - Attempting to start container services.
2020-07-21 13:02:25,852 [Datanode State Machine Thread - 0] INFO  ozoneimpl.OzoneContainer (OzoneContainer.java:startContainerScrub(197)) - Background container scanner has been disabled.
2020-07-21 13:02:25,852 [Datanode State Machine Thread - 0] INFO  ratis.XceiverServerRatis (XceiverServerRatis.java:start(438)) - Starting XceiverServerRatis 2eac0f59-dcd3-4eb3-89d2-7c59b77080ad at port 0
2020-07-21 13:02:25,853 [Datanode State Machine Thread - 0] INFO  impl.RaftServerProxy (RaftServerProxy.java:lambda$start$3(304)) - 2eac0f59-dcd3-4eb3-89d2-7c59b77080ad: start RPC server
2020-07-21 13:02:25,854 [Datanode State Machine Thread - 0] INFO  server.GrpcService (GrpcService.java:startImpl(160)) - 2eac0f59-dcd3-4eb3-89d2-7c59b77080ad: GrpcService started, listening on 0.0.0.0/0.0.0.0:39189
2020-07-21 13:02:25,854 [Datanode State Machine Thread - 0] INFO  ratis.XceiverServerRatis (XceiverServerRatis.java:start(450)) - XceiverServerRatis 2eac0f59-dcd3-4eb3-89d2-7c59b77080ad is started using port 39189
2020-07-21 13:02:25,858 [Datanode State Machine Thread - 0] INFO  server.XceiverServerGrpc (XceiverServerGrpc.java:start(145)) - XceiverServerGrpc 2eac0f59-dcd3-4eb3-89d2-7c59b77080ad is started using port 37143
2020-07-21 13:02:25,961 [Datanode State Machine Thread - 0] INFO  ozoneimpl.OzoneContainer (OzoneContainer.java:start(233)) - Attempting to start container services.
2020-07-21 13:02:25,961 [Datanode State Machine Thread - 0] INFO  ozoneimpl.OzoneContainer (OzoneContainer.java:startContainerScrub(197)) - Background container scanner has been disabled.
2020-07-21 13:02:25,961 [Datanode State Machine Thread - 0] INFO  ratis.XceiverServerRatis (XceiverServerRatis.java:start(438)) - Starting XceiverServerRatis a34b7963-95e6-4818-b5ff-93e9d77f8426 at port 0
2020-07-21 13:02:25,962 [Datanode State Machine Thread - 0] INFO  impl.RaftServerProxy (RaftServerProxy.java:lambda$start$3(304)) - a34b7963-95e6-4818-b5ff-93e9d77f8426: start RPC server
2020-07-21 13:02:25,963 [Datanode State Machine Thread - 0] INFO  server.GrpcService (GrpcService.java:startImpl(160)) - a34b7963-95e6-4818-b5ff-93e9d77f8426: GrpcService started, listening on 0.0.0.0/0.0.0.0:40065
2020-07-21 13:02:25,963 [Datanode State Machine Thread - 0] INFO  ratis.XceiverServerRatis (XceiverServerRatis.java:start(450)) - XceiverServerRatis a34b7963-95e6-4818-b5ff-93e9d77f8426 is started using port 40065
2020-07-21 13:02:25,964 [Datanode State Machine Thread - 0] INFO  server.XceiverServerGrpc (XceiverServerGrpc.java:start(145)) - XceiverServerGrpc a34b7963-95e6-4818-b5ff-93e9d77f8426 is started using port 32993
2020-07-21 13:02:26,096 [Listener at 127.0.0.1/40369] INFO  ozone.MiniOzoneClusterImpl (MiniOzoneClusterImpl.java:lambda$waitForClusterToBeReady$0(177)) - Waiting for nodes to be ready. Got 0 of 7 DN Heartbeats.
2020-07-21 13:02:26,096 [Listener at 127.0.0.1/40369] INFO  ozone.MiniOzoneClusterImpl (MiniOzoneClusterImpl.java:lambda$waitForClusterToBeReady$0(180)) - Waiting for cluster to exit safe mode
2020-07-21 13:02:26,103 [Datanode State Machine Thread - 0] INFO  ozoneimpl.OzoneContainer (OzoneContainer.java:start(233)) - Attempting to start container services.
2020-07-21 13:02:26,103 [Datanode State Machine Thread - 0] INFO  ozoneimpl.OzoneContainer (OzoneContainer.java:startContainerScrub(197)) - Background container scanner has been disabled.
2020-07-21 13:02:26,103 [Datanode State Machine Thread - 0] INFO  ratis.XceiverServerRatis (XceiverServerRatis.java:start(438)) - Starting XceiverServerRatis 348bca5e-25af-4723-bedb-70bc4f16e84a at port 0
2020-07-21 13:02:26,104 [Datanode State Machine Thread - 0] INFO  impl.RaftServerProxy (RaftServerProxy.java:lambda$start$3(304)) - 348bca5e-25af-4723-bedb-70bc4f16e84a: start RPC server
2020-07-21 13:02:26,105 [Datanode State Machine Thread - 0] INFO  server.GrpcService (GrpcService.java:startImpl(160)) - 348bca5e-25af-4723-bedb-70bc4f16e84a: GrpcService started, listening on 0.0.0.0/0.0.0.0:38655
2020-07-21 13:02:26,105 [Datanode State Machine Thread - 0] INFO  ratis.XceiverServerRatis (XceiverServerRatis.java:start(450)) - XceiverServerRatis 348bca5e-25af-4723-bedb-70bc4f16e84a is started using port 38655
2020-07-21 13:02:26,105 [Datanode State Machine Thread - 0] INFO  server.XceiverServerGrpc (XceiverServerGrpc.java:start(145)) - XceiverServerGrpc 348bca5e-25af-4723-bedb-70bc4f16e84a is started using port 42075
2020-07-21 13:02:27,096 [Listener at 127.0.0.1/40369] INFO  ozone.MiniOzoneClusterImpl (MiniOzoneClusterImpl.java:lambda$waitForClusterToBeReady$0(177)) - Waiting for nodes to be ready. Got 0 of 7 DN Heartbeats.
2020-07-21 13:02:27,097 [Listener at 127.0.0.1/40369] INFO  ozone.MiniOzoneClusterImpl (MiniOzoneClusterImpl.java:lambda$waitForClusterToBeReady$0(180)) - Waiting for cluster to exit safe mode
2020-07-21 13:02:27,366 [IPC Server handler 0 on default port 35463] INFO  net.NetworkTopology (NetworkTopologyImpl.java:add(111)) - Added a new node: /default-rack/ce9f2b91-9bfb-469e-a42d-467d0f33a62f
2020-07-21 13:02:27,367 [IPC Server handler 0 on default port 35463] INFO  node.SCMNodeManager (SCMNodeManager.java:register(273)) - Registered Data node : ce9f2b91-9bfb-469e-a42d-467d0f33a62f{ip: 172.17.0.2, host: 5dff0df2806b, networkLocation: /default-rack, certSerialId: null}
2020-07-21 13:02:27,367 [RatisPipelineUtilsThread] INFO  pipeline.RatisPipelineProvider (RatisPipelineProvider.java:lambda$create$0(138)) - Sending CreatePipelineCommand for pipeline:PipelineID=523050c6-d3b0-47bf-ba4c-ae882e417fba to datanode:ce9f2b91-9bfb-469e-a42d-467d0f33a62f
2020-07-21 13:02:27,371 [RatisPipelineUtilsThread] INFO  pipeline.PipelineStateManager (PipelineStateManager.java:addPipeline(54)) - Created pipeline Pipeline[ Id: 523050c6-d3b0-47bf-ba4c-ae882e417fba, Nodes: ce9f2b91-9bfb-469e-a42d-467d0f33a62f{ip: 172.17.0.2, host: 5dff0df2806b, networkLocation: /default-rack, certSerialId: null}, Type:RATIS, Factor:ONE, State:ALLOCATED, leaderId:, CreationTimestamp2020-07-21T13:02:27.367Z]
2020-07-21 13:02:27,371 [RatisPipelineUtilsThread] ERROR pipeline.SCMPipelineManager (SCMPipelineManager.java:createPipeline(275)) - Failed to create pipeline of type RATIS and factor ONE. Exception: Cannot create pipeline of factor 1 using 0 nodes. Used 1 nodes. Healthy nodes 1
2020-07-21 13:02:27,371 [EventQueue-NodeRegistrationContainerReportForContainerSafeModeRule] INFO  safemode.SCMSafeModeManager (SCMSafeModeManager.java:validateSafeModeExitRules(214)) - ContainerSafeModeRule rule is successfully validated
2020-07-21 13:02:27,372 [EventQueue-NodeRegistrationContainerReportForDataNodeSafeModeRule] INFO  safemode.SCMSafeModeManager (DataNodeSafeModeRule.java:process(71)) - SCM in safe mode. 1 DataNodes registered, 1 required.
2020-07-21 13:02:27,372 [EventQueue-NodeRegistrationContainerReportForDataNodeSafeModeRule] INFO  safemode.SCMSafeModeManager (SCMSafeModeManager.java:validateSafeModeExitRules(214)) - DataNodeSafeModeRule rule is successfully validated
2020-07-21 13:02:27,372 [EventQueue-NodeRegistrationContainerReportForDataNodeSafeModeRule] INFO  safemode.SCMSafeModeManager (SCMSafeModeManager.java:completePreCheck(242)) - All SCM safe mode pre check rules have passed
2020-07-21 13:02:27,373 [RatisPipelineUtilsThread] ERROR pipeline.SCMPipelineManager (SCMPipelineManager.java:createPipeline(275)) - Failed to create pipeline of type RATIS and factor ONE. Exception: Cannot create pipeline of factor 1 using 0 nodes. Used 1 nodes. Healthy nodes 1
2020-07-21 13:02:27,373 [RatisPipelineUtilsThread] WARN  pipeline.PipelinePlacementPolicy (PipelinePlacementPolicy.java:filterViableNodes(133)) - Pipeline creation failed due to no sufficient healthy datanodes. Required 3. Found 1.
2020-07-21 13:02:27,373 [RatisPipelineUtilsThread] ERROR pipeline.SCMPipelineManager (SCMPipelineManager.java:createPipeline(275)) - Failed to create pipeline of type RATIS and factor THREE. Exception: Pipeline creation failed due to no sufficient healthy datanodes. Required 3. Found 1.
2020-07-21 13:02:27,485 [IPC Server handler 2 on default port 35463] INFO  net.NetworkTopology (NetworkTopologyImpl.java:add(111)) - Added a new node: /default-rack/f4989c0c-dcd3-472e-ad74-017c452c42a3
2020-07-21 13:02:27,485 [IPC Server handler 2 on default port 35463] INFO  node.SCMNodeManager (SCMNodeManager.java:register(273)) - Registered Data node : f4989c0c-dcd3-472e-ad74-017c452c42a3{ip: 172.17.0.2, host: 5dff0df2806b, networkLocation: /default-rack, certSerialId: null}
2020-07-21 13:02:27,486 [EventQueue-NodeRegistrationContainerReportForDataNodeSafeModeRule] INFO  safemode.SCMSafeModeManager (SCMSafeModeManager.java:validateSafeModeExitRules(214)) - DataNodeSafeModeRule rule is successfully validated
2020-07-21 13:02:27,486 [EventQueue-NodeRegistrationContainerReportForContainerSafeModeRule] INFO  safemode.SCMSafeModeManager (SCMSafeModeManager.java:validateSafeModeExitRules(214)) - ContainerSafeModeRule rule is successfully validated
2020-07-21 13:02:27,487 [RatisPipelineUtilsThread] INFO  pipeline.RatisPipelineProvider (RatisPipelineProvider.java:lambda$create$0(138)) - Sending CreatePipelineCommand for pipeline:PipelineID=cdc1e895-57bb-404e-b93d-d380da10bac2 to datanode:f4989c0c-dcd3-472e-ad74-017c452c42a3
2020-07-21 13:02:27,487 [RatisPipelineUtilsThread] INFO  pipeline.PipelineStateManager (PipelineStateManager.java:addPipeline(54)) - Created pipeline Pipeline[ Id: cdc1e895-57bb-404e-b93d-d380da10bac2, Nodes: f4989c0c-dcd3-472e-ad74-017c452c42a3{ip: 172.17.0.2, host: 5dff0df2806b, networkLocation: /default-rack, certSerialId: null}, Type:RATIS, Factor:ONE, State:ALLOCATED, leaderId:, CreationTimestamp2020-07-21T13:02:27.487Z]
2020-07-21 13:02:27,487 [RatisPipelineUtilsThread] ERROR pipeline.SCMPipelineManager (SCMPipelineManager.java:createPipeline(275)) - Failed to create pipeline of type RATIS and factor ONE. Exception: Cannot create pipeline of factor 1 using 0 nodes. Used 2 nodes. Healthy nodes 2
2020-07-21 13:02:27,487 [RatisPipelineUtilsThread] WARN  pipeline.PipelinePlacementPolicy (PipelinePlacementPolicy.java:filterViableNodes(133)) - Pipeline creation failed due to no sufficient healthy datanodes. Required 3. Found 2.
2020-07-21 13:02:27,487 [RatisPipelineUtilsThread] ERROR pipeline.SCMPipelineManager (SCMPipelineManager.java:createPipeline(275)) - Failed to create pipeline of type RATIS and factor THREE. Exception: Pipeline creation failed due to no sufficient healthy datanodes. Required 3. Found 2.
2020-07-21 13:02:27,599 [IPC Server handler 3 on default port 35463] INFO  net.NetworkTopology (NetworkTopologyImpl.java:add(111)) - Added a new node: /default-rack/52573f45-fbdb-4827-a4d1-e8c2ad0f3cc3
2020-07-21 13:02:27,599 [IPC Server handler 3 on default port 35463] INFO  node.SCMNodeManager (SCMNodeManager.java:register(273)) - Registered Data node : 52573f45-fbdb-4827-a4d1-e8c2ad0f3cc3{ip: 172.17.0.2, host: 5dff0df2806b, networkLocation: /default-rack, certSerialId: null}
2020-07-21 13:02:27,599 [RatisPipelineUtilsThread] INFO  pipeline.RatisPipelineProvider (RatisPipelineProvider.java:lambda$create$0(138)) - Sending CreatePipelineCommand for pipeline:PipelineID=659d47db-e412-48ed-8bb9-54c18ec8830d to datanode:52573f45-fbdb-4827-a4d1-e8c2ad0f3cc3
2020-07-21 13:02:27,600 [RatisPipelineUtilsThread] INFO  pipeline.PipelineStateManager (PipelineStateManager.java:addPipeline(54)) - Created pipeline Pipeline[ Id: 659d47db-e412-48ed-8bb9-54c18ec8830d, Nodes: 52573f45-fbdb-4827-a4d1-e8c2ad0f3cc3{ip: 172.17.0.2, host: 5dff0df2806b, networkLocation: /default-rack, certSerialId: null}, Type:RATIS, Factor:ONE, State:ALLOCATED, leaderId:, CreationTimestamp2020-07-21T13:02:27.599Z]
2020-07-21 13:02:27,600 [RatisPipelineUtilsThread] ERROR pipeline.SCMPipelineManager (SCMPipelineManager.java:createPipeline(275)) - Failed to create pipeline of type RATIS and factor ONE. Exception: Cannot create pipeline of factor 1 using 0 nodes. Used 3 nodes. Healthy nodes 3
2020-07-21 13:02:27,600 [RatisPipelineUtilsThread] INFO  pipeline.RatisPipelineProvider (RatisPipelineProvider.java:lambda$create$0(138)) - Sending CreatePipelineCommand for pipeline:PipelineID=8f6a8b41-efeb-4935-b3c5-9e5ef260e081 to datanode:52573f45-fbdb-4827-a4d1-e8c2ad0f3cc3
2020-07-21 13:02:27,599 [EventQueue-NodeRegistrationContainerReportForContainerSafeModeRule] INFO  safemode.SCMSafeModeManager (SCMSafeModeManager.java:validateSafeModeExitRules(214)) - ContainerSafeModeRule rule is successfully validated
2020-07-21 13:02:27,601 [RatisPipelineUtilsThread] INFO  pipeline.RatisPipelineProvider (RatisPipelineProvider.java:lambda$create$0(138)) - Sending CreatePipelineCommand for pipeline:PipelineID=8f6a8b41-efeb-4935-b3c5-9e5ef260e081 to datanode:ce9f2b91-9bfb-469e-a42d-467d0f33a62f
2020-07-21 13:02:27,601 [EventQueue-NodeRegistrationContainerReportForDataNodeSafeModeRule] INFO  safemode.SCMSafeModeManager (SCMSafeModeManager.java:validateSafeModeExitRules(214)) - DataNodeSafeModeRule rule is successfully validated
2020-07-21 13:02:27,601 [RatisPipelineUtilsThread] INFO  pipeline.RatisPipelineProvider (RatisPipelineProvider.java:lambda$create$0(138)) - Sending CreatePipelineCommand for pipeline:PipelineID=8f6a8b41-efeb-4935-b3c5-9e5ef260e081 to datanode:f4989c0c-dcd3-472e-ad74-017c452c42a3
2020-07-21 13:02:27,601 [RatisPipelineUtilsThread] INFO  pipeline.PipelineStateManager (PipelineStateManager.java:addPipeline(54)) - Created pipeline Pipeline[ Id: 8f6a8b41-efeb-4935-b3c5-9e5ef260e081, Nodes: 52573f45-fbdb-4827-a4d1-e8c2ad0f3cc3{ip: 172.17.0.2, host: 5dff0df2806b, networkLocation: /default-rack, certSerialId: null}ce9f2b91-9bfb-469e-a42d-467d0f33a62f{ip: 172.17.0.2, host: 5dff0df2806b, networkLocation: /default-rack, certSerialId: null}f4989c0c-dcd3-472e-ad74-017c452c42a3{ip: 172.17.0.2, host: 5dff0df2806b, networkLocation: /default-rack, certSerialId: null}, Type:RATIS, Factor:THREE, State:ALLOCATED, leaderId:, CreationTimestamp2020-07-21T13:02:27.600Z]
2020-07-21 13:02:27,601 [RatisPipelineUtilsThread] ERROR pipeline.SCMPipelineManager (SCMPipelineManager.java:createPipeline(275)) - Failed to create pipeline of type RATIS and factor THREE. Exception: Pipeline creation failed because nodes are engaged in other pipelines and every node can only be engaged in max 2 pipelines. Required 3. Found 0
2020-07-21 13:02:27,711 [IPC Server handler 1 on default port 35463] INFO  net.NetworkTopology (NetworkTopologyImpl.java:add(111)) - Added a new node: /default-rack/d5ca780d-91ab-4a71-97a7-7cd5dfc24b80
2020-07-21 13:02:27,712 [IPC Server handler 1 on default port 35463] INFO  node.SCMNodeManager (SCMNodeManager.java:register(273)) - Registered Data node : d5ca780d-91ab-4a71-97a7-7cd5dfc24b80{ip: 172.17.0.2, host: 5dff0df2806b, networkLocation: /default-rack, certSerialId: null}
2020-07-21 13:02:27,712 [EventQueue-NodeRegistrationContainerReportForContainerSafeModeRule] INFO  safemode.SCMSafeModeManager (SCMSafeModeManager.java:validateSafeModeExitRules(214)) - ContainerSafeModeRule rule is successfully validated
2020-07-21 13:02:27,713 [EventQueue-NodeRegistrationContainerReportForDataNodeSafeModeRule] INFO  safemode.SCMSafeModeManager (SCMSafeModeManager.java:validateSafeModeExitRules(214)) - DataNodeSafeModeRule rule is successfully validated
2020-07-21 13:02:27,713 [RatisPipelineUtilsThread] INFO  pipeline.RatisPipelineProvider (RatisPipelineProvider.java:lambda$create$0(138)) - Sending CreatePipelineCommand for pipeline:PipelineID=04182b48-8322-47e7-b01c-04bd99c537ea to datanode:d5ca780d-91ab-4a71-97a7-7cd5dfc24b80
2020-07-21 13:02:27,714 [RatisPipelineUtilsThread] INFO  pipeline.PipelineStateManager (PipelineStateManager.java:addPipeline(54)) - Created pipeline Pipeline[ Id: 04182b48-8322-47e7-b01c-04bd99c537ea, Nodes: d5ca780d-91ab-4a71-97a7-7cd5dfc24b80{ip: 172.17.0.2, host: 5dff0df2806b, networkLocation: /default-rack, certSerialId: null}, Type:RATIS, Factor:ONE, State:ALLOCATED, leaderId:, CreationTimestamp2020-07-21T13:02:27.713Z]
2020-07-21 13:02:27,714 [RatisPipelineUtilsThread] ERROR pipeline.SCMPipelineManager (SCMPipelineManager.java:createPipeline(275)) - Failed to create pipeline of type RATIS and factor ONE. Exception: Cannot create pipeline of factor 1 using 0 nodes. Used 4 nodes. Healthy nodes 4
2020-07-21 13:02:27,715 [RatisPipelineUtilsThread] ERROR pipeline.SCMPipelineManager (SCMPipelineManager.java:createPipeline(275)) - Failed to create pipeline of type RATIS and factor THREE. Exception: Pipeline creation failed because nodes are engaged in other pipelines and every node can only be engaged in max 2 pipelines. Required 3. Found 1
2020-07-21 13:02:27,851 [IPC Server handler 4 on default port 35463] INFO  net.NetworkTopology (NetworkTopologyImpl.java:add(111)) - Added a new node: /default-rack/2eac0f59-dcd3-4eb3-89d2-7c59b77080ad
2020-07-21 13:02:27,851 [IPC Server handler 4 on default port 35463] INFO  node.SCMNodeManager (SCMNodeManager.java:register(273)) - Registered Data node : 2eac0f59-dcd3-4eb3-89d2-7c59b77080ad{ip: 172.17.0.2, host: 5dff0df2806b, networkLocation: /default-rack, certSerialId: null}
2020-07-21 13:02:27,851 [EventQueue-NodeRegistrationContainerReportForContainerSafeModeRule] INFO  safemode.SCMSafeModeManager (SCMSafeModeManager.java:validateSafeModeExitRules(214)) - ContainerSafeModeRule rule is successfully validated
2020-07-21 13:02:27,852 [EventQueue-NodeRegistrationContainerReportForDataNodeSafeModeRule] INFO  safemode.SCMSafeModeManager (SCMSafeModeManager.java:validateSafeModeExitRules(214)) - DataNodeSafeModeRule rule is successfully validated
2020-07-21 13:02:27,852 [RatisPipelineUtilsThread] INFO  pipeline.RatisPipelineProvider (RatisPipelineProvider.java:lambda$create$0(138)) - Sending CreatePipelineCommand for pipeline:PipelineID=2a6df2b0-bb2d-466f-8b5b-67a49a9db092 to datanode:2eac0f59-dcd3-4eb3-89d2-7c59b77080ad
2020-07-21 13:02:27,853 [RatisPipelineUtilsThread] INFO  pipeline.PipelineStateManager (PipelineStateManager.java:addPipeline(54)) - Created pipeline Pipeline[ Id: 2a6df2b0-bb2d-466f-8b5b-67a49a9db092, Nodes: 2eac0f59-dcd3-4eb3-89d2-7c59b77080ad{ip: 172.17.0.2, host: 5dff0df2806b, networkLocation: /default-rack, certSerialId: null}, Type:RATIS, Factor:ONE, State:ALLOCATED, leaderId:, CreationTimestamp2020-07-21T13:02:27.852Z]
2020-07-21 13:02:27,853 [RatisPipelineUtilsThread] ERROR pipeline.SCMPipelineManager (SCMPipelineManager.java:createPipeline(275)) - Failed to create pipeline of type RATIS and factor ONE. Exception: Cannot create pipeline of factor 1 using 0 nodes. Used 5 nodes. Healthy nodes 5
2020-07-21 13:02:27,853 [RatisPipelineUtilsThread] ERROR pipeline.SCMPipelineManager (SCMPipelineManager.java:createPipeline(275)) - Failed to create pipeline of type RATIS and factor THREE. Exception: Pipeline creation failed because nodes are engaged in other pipelines and every node can only be engaged in max 2 pipelines. Required 3. Found 2
2020-07-21 13:02:27,959 [IPC Server handler 5 on default port 35463] INFO  net.NetworkTopology (NetworkTopologyImpl.java:add(111)) - Added a new node: /default-rack/a34b7963-95e6-4818-b5ff-93e9d77f8426
2020-07-21 13:02:27,959 [IPC Server handler 5 on default port 35463] INFO  node.SCMNodeManager (SCMNodeManager.java:register(273)) - Registered Data node : a34b7963-95e6-4818-b5ff-93e9d77f8426{ip: 172.17.0.2, host: 5dff0df2806b, networkLocation: /default-rack, certSerialId: null}
2020-07-21 13:02:27,960 [EventQueue-NodeRegistrationContainerReportForContainerSafeModeRule] INFO  safemode.SCMSafeModeManager (SCMSafeModeManager.java:validateSafeModeExitRules(214)) - ContainerSafeModeRule rule is successfully validated
2020-07-21 13:02:27,960 [RatisPipelineUtilsThread] INFO  pipeline.RatisPipelineProvider (RatisPipelineProvider.java:lambda$create$0(138)) - Sending CreatePipelineCommand for pipeline:PipelineID=4df0033a-938b-4290-885e-630e287534d4 to datanode:a34b7963-95e6-4818-b5ff-93e9d77f8426
2020-07-21 13:02:27,960 [EventQueue-NodeRegistrationContainerReportForDataNodeSafeModeRule] INFO  safemode.SCMSafeModeManager (SCMSafeModeManager.java:validateSafeModeExitRules(214)) - DataNodeSafeModeRule rule is successfully validated
2020-07-21 13:02:27,961 [RatisPipelineUtilsThread] INFO  pipeline.PipelineStateManager (PipelineStateManager.java:addPipeline(54)) - Created pipeline Pipeline[ Id: 4df0033a-938b-4290-885e-630e287534d4, Nodes: a34b7963-95e6-4818-b5ff-93e9d77f8426{ip: 172.17.0.2, host: 5dff0df2806b, networkLocation: /default-rack, certSerialId: null}, Type:RATIS, Factor:ONE, State:ALLOCATED, leaderId:, CreationTimestamp2020-07-21T13:02:27.960Z]
2020-07-21 13:02:27,961 [RatisPipelineUtilsThread] ERROR pipeline.SCMPipelineManager (SCMPipelineManager.java:createPipeline(275)) - Failed to create pipeline of type RATIS and factor ONE. Exception: Cannot create pipeline of factor 1 using 0 nodes. Used 6 nodes. Healthy nodes 6
2020-07-21 13:02:27,962 [RatisPipelineUtilsThread] INFO  pipeline.RatisPipelineProvider (RatisPipelineProvider.java:lambda$create$0(138)) - Sending CreatePipelineCommand for pipeline:PipelineID=ce92a1de-a3af-46f7-98ce-36d9e753d036 to datanode:2eac0f59-dcd3-4eb3-89d2-7c59b77080ad
2020-07-21 13:02:27,962 [RatisPipelineUtilsThread] INFO  pipeline.RatisPipelineProvider (RatisPipelineProvider.java:lambda$create$0(138)) - Sending CreatePipelineCommand for pipeline:PipelineID=ce92a1de-a3af-46f7-98ce-36d9e753d036 to datanode:a34b7963-95e6-4818-b5ff-93e9d77f8426
2020-07-21 13:02:27,962 [RatisPipelineUtilsThread] INFO  pipeline.RatisPipelineProvider (RatisPipelineProvider.java:lambda$create$0(138)) - Sending CreatePipelineCommand for pipeline:PipelineID=ce92a1de-a3af-46f7-98ce-36d9e753d036 to datanode:d5ca780d-91ab-4a71-97a7-7cd5dfc24b80
2020-07-21 13:02:27,963 [RatisPipelineUtilsThread] INFO  pipeline.PipelineStateManager (PipelineStateManager.java:addPipeline(54)) - Created pipeline Pipeline[ Id: ce92a1de-a3af-46f7-98ce-36d9e753d036, Nodes: 2eac0f59-dcd3-4eb3-89d2-7c59b77080ad{ip: 172.17.0.2, host: 5dff0df2806b, networkLocation: /default-rack, certSerialId: null}a34b7963-95e6-4818-b5ff-93e9d77f8426{ip: 172.17.0.2, host: 5dff0df2806b, networkLocation: /default-rack, certSerialId: null}d5ca780d-91ab-4a71-97a7-7cd5dfc24b80{ip: 172.17.0.2, host: 5dff0df2806b, networkLocation: /default-rack, certSerialId: null}, Type:RATIS, Factor:THREE, State:ALLOCATED, leaderId:, CreationTimestamp2020-07-21T13:02:27.962Z]
2020-07-21 13:02:27,963 [RatisPipelineUtilsThread] ERROR pipeline.SCMPipelineManager (SCMPipelineManager.java:createPipeline(275)) - Failed to create pipeline of type RATIS and factor THREE. Exception: Pipeline creation failed because nodes are engaged in other pipelines and every node can only be engaged in max 2 pipelines. Required 3. Found 0
2020-07-21 13:02:28,097 [Listener at 127.0.0.1/40369] INFO  ozone.MiniOzoneClusterImpl (MiniOzoneClusterImpl.java:lambda$waitForClusterToBeReady$0(177)) - Waiting for nodes to be ready. Got 6 of 7 DN Heartbeats.
2020-07-21 13:02:28,098 [Listener at 127.0.0.1/40369] INFO  ozone.MiniOzoneClusterImpl (MiniOzoneClusterImpl.java:lambda$waitForClusterToBeReady$0(180)) - Waiting for cluster to exit safe mode
2020-07-21 13:02:28,101 [IPC Server handler 6 on default port 35463] INFO  net.NetworkTopology (NetworkTopologyImpl.java:add(111)) - Added a new node: /default-rack/348bca5e-25af-4723-bedb-70bc4f16e84a
2020-07-21 13:02:28,102 [IPC Server handler 6 on default port 35463] INFO  node.SCMNodeManager (SCMNodeManager.java:register(273)) - Registered Data node : 348bca5e-25af-4723-bedb-70bc4f16e84a{ip: 172.17.0.2, host: 5dff0df2806b, networkLocation: /default-rack, certSerialId: null}
2020-07-21 13:02:28,102 [EventQueue-NodeRegistrationContainerReportForDataNodeSafeModeRule] INFO  safemode.SCMSafeModeManager (SCMSafeModeManager.java:validateSafeModeExitRules(214)) - DataNodeSafeModeRule rule is successfully validated
2020-07-21 13:02:28,102 [EventQueue-NodeRegistrationContainerReportForContainerSafeModeRule] INFO  safemode.SCMSafeModeManager (SCMSafeModeManager.java:validateSafeModeExitRules(214)) - ContainerSafeModeRule rule is successfully validated
2020-07-21 13:02:28,105 [RatisPipelineUtilsThread] INFO  pipeline.RatisPipelineProvider (RatisPipelineProvider.java:lambda$create$0(138)) - Sending CreatePipelineCommand for pipeline:PipelineID=140b312a-ccbb-43fa-a844-0103c602af91 to datanode:348bca5e-25af-4723-bedb-70bc4f16e84a
2020-07-21 13:02:28,106 [RatisPipelineUtilsThread] INFO  pipeline.PipelineStateManager (PipelineStateManager.java:addPipeline(54)) - Created pipeline Pipeline[ Id: 140b312a-ccbb-43fa-a844-0103c602af91, Nodes: 348bca5e-25af-4723-bedb-70bc4f16e84a{ip: 172.17.0.2, host: 5dff0df2806b, networkLocation: /default-rack, certSerialId: null}, Type:RATIS, Factor:ONE, State:ALLOCATED, leaderId:, CreationTimestamp2020-07-21T13:02:28.105Z]
2020-07-21 13:02:28,107 [RatisPipelineUtilsThread] ERROR pipeline.SCMPipelineManager (SCMPipelineManager.java:createPipeline(275)) - Failed to create pipeline of type RATIS and factor ONE. Exception: Cannot create pipeline of factor 1 using 0 nodes. Used 7 nodes. Healthy nodes 7
2020-07-21 13:02:28,107 [RatisPipelineUtilsThread] ERROR pipeline.SCMPipelineManager (SCMPipelineManager.java:createPipeline(275)) - Failed to create pipeline of type RATIS and factor THREE. Exception: Pipeline creation failed because nodes are engaged in other pipelines and every node can only be engaged in max 2 pipelines. Required 3. Found 1
2020-07-21 13:02:29,098 [Listener at 127.0.0.1/40369] INFO  ozone.MiniOzoneClusterImpl (MiniOzoneClusterImpl.java:lambda$waitForClusterToBeReady$0(177)) - Nodes are ready. Got 7 of 7 DN Heartbeats.
2020-07-21 13:02:29,098 [Listener at 127.0.0.1/40369] INFO  ozone.MiniOzoneClusterImpl (MiniOzoneClusterImpl.java:lambda$waitForClusterToBeReady$0(180)) - Waiting for cluster to exit safe mode
2020-07-21 13:02:30,099 [Listener at 127.0.0.1/40369] INFO  ozone.MiniOzoneClusterImpl (MiniOzoneClusterImpl.java:lambda$waitForClusterToBeReady$0(177)) - Nodes are ready. Got 7 of 7 DN Heartbeats.
2020-07-21 13:02:30,099 [Listener at 127.0.0.1/40369] INFO  ozone.MiniOzoneClusterImpl (MiniOzoneClusterImpl.java:lambda$waitForClusterToBeReady$0(180)) - Waiting for cluster to exit safe mode
2020-07-21 13:02:30,367 [Command processor thread] INFO  impl.RaftServerProxy (RaftServerProxy.java:addNew(89)) - ce9f2b91-9bfb-469e-a42d-467d0f33a62f: addNew group-AE882E417FBA:[ce9f2b91-9bfb-469e-a42d-467d0f33a62f:172.17.0.2:35939] returns group-AE882E417FBA:java.util.concurrent.CompletableFuture@61627d3b[Not completed]
2020-07-21 13:02:30,370 [pool-160-thread-1] INFO  impl.RaftServerImpl (RaftServerImpl.java:<init>(107)) - ce9f2b91-9bfb-469e-a42d-467d0f33a62f: new RaftServerImpl for group-AE882E417FBA:[ce9f2b91-9bfb-469e-a42d-467d0f33a62f:172.17.0.2:35939] with ContainerStateMachine:uninitialized
2020-07-21 13:02:30,370 [pool-160-thread-1] INFO  server.RaftServerConfigKeys (ConfUtils.java:logGet(44)) - raft.server.rpc.timeout.min = 5s (custom)
2020-07-21 13:02:30,370 [pool-160-thread-1] INFO  server.RaftServerConfigKeys (ConfUtils.java:logGet(44)) - raft.server.rpc.timeout.max = 5200ms (custom)
2020-07-21 13:02:30,371 [pool-160-thread-1] INFO  server.RaftServerConfigKeys (ConfUtils.java:logGet(44)) - raft.server.rpcslowness.timeout = 300000ms (custom)
2020-07-21 13:02:30,371 [pool-160-thread-1] INFO  server.RaftServerConfigKeys (ConfUtils.java:logGet(44)) - raft.server.sleep.deviation.threshold = 300 (default)
2020-07-21 13:02:30,371 [pool-160-thread-1] INFO  server.RaftServerConfigKeys (ConfUtils.java:logGet(44)) - raft.server.log.appender.install.snapshot.enabled = false (custom)
2020-07-21 13:02:30,371 [pool-160-thread-1] INFO  impl.RaftServerImpl (ServerState.java:<init>(103)) - ce9f2b91-9bfb-469e-a42d-467d0f33a62f@group-AE882E417FBA: ConfigurationManager, init=-1: [ce9f2b91-9bfb-469e-a42d-467d0f33a62f:172.17.0.2:35939], old=null, confs=<EMPTY_MAP>
2020-07-21 13:02:30,371 [pool-160-thread-1] INFO  server.RaftServerConfigKeys (ConfUtils.java:logGet(44)) - raft.server.storage.dir = [/github/workspace/mnt/ozone/hadoop-ozone/integration-test/target/test-dir/MiniOzoneClusterImpl-be9508b3-40a4-4101-8d37-3f3c8981745f/datanode-0/data/ratis] (custom)
2020-07-21 13:02:30,372 [pool-160-thread-1] INFO  server.RaftServerConfigKeys (ConfUtils.java:logGet(44)) - raft.server.log.corruption.policy = EXCEPTION (default)
2020-07-21 13:02:30,372 [pool-160-thread-1] INFO  storage.RaftStorageDirectory (RaftStorageDirectory.java:analyzeStorage(261)) - The storage directory /github/workspace/mnt/ozone/hadoop-ozone/integration-test/target/test-dir/MiniOzoneClusterImpl-be9508b3-40a4-4101-8d37-3f3c8981745f/datanode-0/data/ratis/523050c6-d3b0-47bf-ba4c-ae882e417fba does not exist. Creating ...
2020-07-21 13:02:30,374 [pool-160-thread-1] INFO  storage.RaftStorageDirectory (RaftStorageDirectory.java:tryLock(343)) - Lock on /github/workspace/mnt/ozone/hadoop-ozone/integration-test/target/test-dir/MiniOzoneClusterImpl-be9508b3-40a4-4101-8d37-3f3c8981745f/datanode-0/data/ratis/523050c6-d3b0-47bf-ba4c-ae882e417fba/in_use.lock acquired by nodename 39214@5dff0df2806b
2020-07-21 13:02:30,375 [pool-160-thread-1] INFO  storage.RaftStorage (RaftStorage.java:format(84)) - Storage directory /github/workspace/mnt/ozone/hadoop-ozone/integration-test/target/test-dir/MiniOzoneClusterImpl-be9508b3-40a4-4101-8d37-3f3c8981745f/datanode-0/data/ratis/523050c6-d3b0-47bf-ba4c-ae882e417fba has been successfully formatted.
2020-07-21 13:02:30,377 [pool-160-thread-1] INFO  ratis.ContainerStateMachine (ContainerStateMachine.java:loadSnapshot(225)) - group-AE882E417FBA: The snapshot info is null. Setting the last applied indexto:(t:0, i:~)
2020-07-21 13:02:30,377 [pool-160-thread-1] INFO  server.RaftServerConfigKeys (ConfUtils.java:logGet(44)) - raft.server.notification.no-leader.timeout = 300000ms (custom)
2020-07-21 13:02:30,377 [EventQueue-PipelineReportForPipelineReportHandler] INFO  pipeline.PipelineStateManager (PipelineStateManager.java:openPipeline(131)) - Pipeline Pipeline[ Id: 523050c6-d3b0-47bf-ba4c-ae882e417fba, Nodes: ce9f2b91-9bfb-469e-a42d-467d0f33a62f{ip: 172.17.0.2, host: 5dff0df2806b, networkLocation: /default-rack, certSerialId: null}, Type:RATIS, Factor:ONE, State:ALLOCATED, leaderId:ce9f2b91-9bfb-469e-a42d-467d0f33a62f, CreationTimestamp2020-07-21T13:02:27.367Z] moved to OPEN state
2020-07-21 13:02:30,378 [EventQueue-OpenPipelineForHealthyPipelineSafeModeRule] INFO  safemode.SCMSafeModeManager (HealthyPipelineSafeModeRule.java:process(129)) - SCM in safe mode. Healthy pipelines reported count is 0, required healthy pipeline reported count is 1
2020-07-21 13:02:30,379 [pool-160-thread-1] INFO  server.RaftServerConfigKeys (ConfUtils.java:logGet(44)) - raft.server.log.use.memory = false (default)
2020-07-21 13:02:30,379 [pool-160-thread-1] INFO  server.RaftServerConfigKeys (ConfUtils.java:logGet(44)) - raft.server.log.purge.gap = 1000000 (custom)
2020-07-21 13:02:30,379 [pool-160-thread-1] INFO  metrics.RatisMetrics (RatisMetrics.java:lambda$create$0(36)) - Creating Metrics Registry : ratis.log_worker.ce9f2b91-9bfb-469e-a42d-467d0f33a62f@group-AE882E417FBA
2020-07-21 13:02:30,379 [pool-160-thread-1] INFO  server.RaftServerConfigKeys (ConfUtils.java:logGet(44)) - raft.server.log.appender.buffer.byte-limit = 33554432 (custom)
2020-07-21 13:02:30,379 [pool-160-thread-1] INFO  server.RaftServerConfigKeys (ConfUtils.java:logGet(44)) - raft.server.log.segment.size.max = 1048576 (custom)
2020-07-21 13:02:30,380 [pool-160-thread-1] INFO  server.RaftServerConfigKeys (ConfUtils.java:logGet(44)) - raft.server.log.segment.cache.num.max = 2 (custom)
2020-07-21 13:02:30,380 [pool-160-thread-1] INFO  segmented.SegmentedRaftLogWorker (SegmentedRaftLogWorker.java:<init>(180)) - new ce9f2b91-9bfb-469e-a42d-467d0f33a62f@group-AE882E417FBA-SegmentedRaftLogWorker for RaftStorage:Storage Directory /github/workspace/mnt/ozone/hadoop-ozone/integration-test/target/test-dir/MiniOzoneClusterImpl-be9508b3-40a4-4101-8d37-3f3c8981745f/datanode-0/data/ratis/523050c6-d3b0-47bf-ba4c-ae882e417fba
2020-07-21 13:02:30,380 [pool-160-thread-1] INFO  server.RaftServerConfigKeys (ConfUtils.java:logGet(44)) - raft.server.log.queue.byte-limit = 2147483647 (custom)
2020-07-21 13:02:30,380 [pool-160-thread-1] INFO  server.RaftServerConfigKeys (ConfUtils.java:logGet(44)) - raft.server.log.queue.element-limit = 1024 (custom)
2020-07-21 13:02:30,380 [pool-160-thread-1] INFO  server.RaftServerConfigKeys (ConfUtils.java:logGet(44)) - raft.server.log.segment.size.max = 1048576 (custom)
2020-07-21 13:02:30,380 [pool-160-thread-1] INFO  server.RaftServerConfigKeys (ConfUtils.java:logGet(44)) - raft.server.log.preallocated.size = 16384 (custom)
2020-07-21 13:02:30,380 [pool-160-thread-1] INFO  server.RaftServerConfigKeys (ConfUtils.java:logGet(44)) - raft.server.log.write.buffer.size = 1048576 (custom)
2020-07-21 13:02:30,380 [pool-160-thread-1] INFO  server.RaftServerConfigKeys (ConfUtils.java:logGet(44)) - raft.server.log.force.sync.num = 128 (default)
2020-07-21 13:02:30,380 [pool-160-thread-1] INFO  server.RaftServerConfigKeys (ConfUtils.java:logGet(44)) - raft.server.log.statemachine.data.sync = true (default)
2020-07-21 13:02:30,380 [pool-160-thread-1] INFO  server.RaftServerConfigKeys (ConfUtils.java:logGet(44)) - raft.server.log.statemachine.data.sync.timeout = 10s (default)
2020-07-21 13:02:30,381 [pool-160-thread-1] INFO  server.RaftServerConfigKeys (ConfUtils.java:logGet(44)) - raft.server.log.statemachine.data.sync.timeout.retry = -1 (default)
2020-07-21 13:02:30,382 [pool-160-thread-1] INFO  server.RaftServerConfigKeys (ConfUtils.java:logGet(44)) - raft.server.log.statemachine.data.caching.enabled = true (custom)
2020-07-21 13:02:30,382 [pool-160-thread-1] INFO  segmented.SegmentedRaftLogWorker (SegmentedRaftLogWorker.java:lambda$new$0(129)) - ce9f2b91-9bfb-469e-a42d-467d0f33a62f@group-AE882E417FBA-SegmentedRaftLogWorker: flushIndex: setUnconditionally 0 -> -1
2020-07-21 13:02:30,382 [pool-160-thread-1] INFO  segmented.SegmentedRaftLogWorker (SegmentedRaftLogWorker.java:lambda$new$0(129)) - ce9f2b91-9bfb-469e-a42d-467d0f33a62f@group-AE882E417FBA-SegmentedRaftLogWorker: safeCacheEvictIndex: setUnconditionally 0 -> -1
2020-07-21 13:02:30,383 [EventQueue-OpenPipelineForOneReplicaPipelineSafeModeRule] INFO  safemode.SCMSafeModeManager (SCMSafeModeManager.java:validateSafeModeExitRules(214)) - AtleastOneDatanodeReportedRule rule is successfully validated
2020-07-21 13:02:30,385 [pool-160-thread-1] INFO  server.RaftServerConfigKeys (ConfUtils.java:logGet(44)) - raft.server.snapshot.auto.trigger.enabled = true (custom)
2020-07-21 13:02:30,385 [pool-160-thread-1] INFO  server.RaftServerConfigKeys (ConfUtils.java:logGet(44)) - raft.server.snapshot.auto.trigger.threshold = 10000 (custom)
2020-07-21 13:02:30,385 [pool-160-thread-1] INFO  server.RaftServerConfigKeys (ConfUtils.java:logGet(44)) - raft.server.snapshot.retention.file.num = 5 (custom)
2020-07-21 13:02:30,385 [pool-160-thread-1] INFO  server.RaftServerConfigKeys (ConfUtils.java:logGet(44)) - raft.server.log.purge.upto.snapshot.index = false (default)
2020-07-21 13:02:30,385 [pool-160-thread-1] INFO  server.RaftServerConfigKeys (ConfUtils.java:logGet(44)) - raft.server.retrycache.expirytime = 600000ms (custom)
2020-07-21 13:02:30,385 [pool-160-thread-1] INFO  metrics.RatisMetrics (RatisMetrics.java:lambda$create$0(36)) - Creating Metrics Registry : ratis.leader_election.ce9f2b91-9bfb-469e-a42d-467d0f33a62f@group-AE882E417FBA
2020-07-21 13:02:30,386 [pool-160-thread-1] INFO  metrics.RatisMetrics (RatisMetrics.java:lambda$create$0(36)) - Creating Metrics Registry : ratis.server.ce9f2b91-9bfb-469e-a42d-467d0f33a62f@group-AE882E417FBA
2020-07-21 13:02:30,387 [pool-160-thread-1] INFO  impl.RaftServerImpl (RaftServerImpl.java:start(196)) - ce9f2b91-9bfb-469e-a42d-467d0f33a62f@group-AE882E417FBA: start as a follower, conf=-1: [ce9f2b91-9bfb-469e-a42d-467d0f33a62f:172.17.0.2:35939], old=null
2020-07-21 13:02:30,387 [pool-160-thread-1] INFO  impl.RaftServerImpl (RaftServerImpl.java:setRole(185)) - ce9f2b91-9bfb-469e-a42d-467d0f33a62f@group-AE882E417FBA: changes role from      null to FOLLOWER at term 0 for startAsFollower
2020-07-21 13:02:30,387 [pool-160-thread-1] INFO  impl.RoleInfo (RoleInfo.java:updateAndGet(143)) - ce9f2b91-9bfb-469e-a42d-467d0f33a62f: start FollowerState
2020-07-21 13:02:30,389 [pool-160-thread-1] INFO  util.JmxRegister (JmxRegister.java:tryRegister(44)) - Successfully registered JMX Bean with object name Ratis:service=RaftServer,group=group-AE882E417FBA,id=ce9f2b91-9bfb-469e-a42d-467d0f33a62f
2020-07-21 13:02:30,389 [pool-160-thread-1] INFO  metrics.RatisMetrics (RatisMetrics.java:lambda$create$0(36)) - Creating Metrics Registry : ratis.state_machine.ce9f2b91-9bfb-469e-a42d-467d0f33a62f@group-AE882E417FBA
2020-07-21 13:02:30,390 [Command processor thread] INFO  commandhandler.CreatePipelineCommandHandler (CreatePipelineCommandHandler.java:handle(109)) - Created Pipeline RATIS ONE #id: "523050c6-d3b0-47bf-ba4c-ae882e417fba"
uuid128 {
  mostSigBits: 5922322324877494207
  leastSigBits: -5022447584510115910
}
.
2020-07-21 13:02:30,391 [Command processor thread] INFO  impl.RaftServerProxy (RaftServerProxy.java:addNew(89)) - ce9f2b91-9bfb-469e-a42d-467d0f33a62f: addNew group-9E5EF260E081:[f4989c0c-dcd3-472e-ad74-017c452c42a3:172.17.0.2:36033, 52573f45-fbdb-4827-a4d1-e8c2ad0f3cc3:172.17.0.2:40403, ce9f2b91-9bfb-469e-a42d-467d0f33a62f:172.17.0.2:35939] returns group-9E5EF260E081:java.util.concurrent.CompletableFuture@655df5cf[Not completed]
2020-07-21 13:02:30,392 [pool-160-thread-1] INFO  impl.RaftServerImpl (RaftServerImpl.java:<init>(107)) - ce9f2b91-9bfb-469e-a42d-467d0f33a62f: new RaftServerImpl for group-9E5EF260E081:[f4989c0c-dcd3-472e-ad74-017c452c42a3:172.17.0.2:36033, 52573f45-fbdb-4827-a4d1-e8c2ad0f3cc3:172.17.0.2:40403, ce9f2b91-9bfb-469e-a42d-467d0f33a62f:172.17.0.2:35939] with ContainerStateMachine:uninitialized
2020-07-21 13:02:30,392 [pool-160-thread-1] INFO  server.RaftServerConfigKeys (ConfUtils.java:logGet(44)) - raft.server.rpc.timeout.min = 5s (custom)
2020-07-21 13:02:30,392 [pool-160-thread-1] INFO  server.RaftServerConfigKeys (ConfUtils.java:logGet(44)) - raft.server.rpc.timeout.max = 5200ms (custom)
2020-07-21 13:02:30,392 [pool-160-thread-1] INFO  server.RaftServerConfigKeys (ConfUtils.java:logGet(44)) - raft.server.rpcslowness.timeout = 300000ms (custom)
2020-07-21 13:02:30,392 [pool-160-thread-1] INFO  server.RaftServerConfigKeys (ConfUtils.java:logGet(44)) - raft.server.sleep.deviation.threshold = 300 (default)
2020-07-21 13:02:30,392 [pool-160-thread-1] INFO  server.RaftServerConfigKeys (ConfUtils.java:logGet(44)) - raft.server.log.appender.install.snapshot.enabled = false (custom)
2020-07-21 13:02:30,392 [pool-160-thread-1] INFO  impl.RaftServerImpl (ServerState.java:<init>(103)) - ce9f2b91-9bfb-469e-a42d-467d0f33a62f@group-9E5EF260E081: ConfigurationManager, init=-1: [f4989c0c-dcd3-472e-ad74-017c452c42a3:172.17.0.2:36033, 52573f45-fbdb-4827-a4d1-e8c2ad0f3cc3:172.17.0.2:40403, ce9f2b91-9bfb-469e-a42d-467d0f33a62f:172.17.0.2:35939], old=null, confs=<EMPTY_MAP>
2020-07-21 13:02:30,393 [pool-160-thread-1] INFO  server.RaftServerConfigKeys (ConfUtils.java:logGet(44)) - raft.server.storage.dir = [/github/workspace/mnt/ozone/hadoop-ozone/integration-test/target/test-dir/MiniOzoneClusterImpl-be9508b3-40a4-4101-8d37-3f3c8981745f/datanode-0/data/ratis] (custom)
2020-07-21 13:02:30,393 [pool-160-thread-1] INFO  server.RaftServerConfigKeys (ConfUtils.java:logGet(44)) - raft.server.log.corruption.policy = EXCEPTION (default)
2020-07-21 13:02:30,393 [pool-160-thread-1] INFO  storage.RaftStorageDirectory (RaftStorageDirectory.java:analyzeStorage(261)) - The storage directory /github/workspace/mnt/ozone/hadoop-ozone/integration-test/target/test-dir/MiniOzoneClusterImpl-be9508b3-40a4-4101-8d37-3f3c8981745f/datanode-0/data/ratis/8f6a8b41-efeb-4935-b3c5-9e5ef260e081 does not exist. Creating ...
2020-07-21 13:02:30,395 [pool-160-thread-1] INFO  storage.RaftStorageDirectory (RaftStorageDirectory.java:tryLock(343)) - Lock on /github/workspace/mnt/ozone/hadoop-ozone/integration-test/target/test-dir/MiniOzoneClusterImpl-be9508b3-40a4-4101-8d37-3f3c8981745f/datanode-0/data/ratis/8f6a8b41-efeb-4935-b3c5-9e5ef260e081/in_use.lock acquired by nodename 39214@5dff0df2806b
2020-07-21 13:02:30,396 [pool-160-thread-1] INFO  storage.RaftStorage (RaftStorage.java:format(84)) - Storage directory /github/workspace/mnt/ozone/hadoop-ozone/integration-test/target/test-dir/MiniOzoneClusterImpl-be9508b3-40a4-4101-8d37-3f3c8981745f/datanode-0/data/ratis/8f6a8b41-efeb-4935-b3c5-9e5ef260e081 has been successfully formatted.
2020-07-21 13:02:30,396 [pool-160-thread-1] INFO  ratis.ContainerStateMachine (ContainerStateMachine.java:loadSnapshot(225)) - group-9E5EF260E081: The snapshot info is null. Setting the last applied indexto:(t:0, i:~)
2020-07-21 13:02:30,397 [pool-160-thread-1] INFO  server.RaftServerConfigKeys (ConfUtils.java:logGet(44)) - raft.server.notification.no-leader.timeout = 300000ms (custom)
2020-07-21 13:02:30,397 [pool-160-thread-1] INFO  server.RaftServerConfigKeys (ConfUtils.java:logGet(44)) - raft.server.log.use.memory = false (default)
2020-07-21 13:02:30,397 [pool-160-thread-1] INFO  server.RaftServerConfigKeys (ConfUtils.java:logGet(44)) - raft.server.log.purge.gap = 1000000 (custom)
2020-07-21 13:02:30,397 [pool-160-thread-1] INFO  metrics.RatisMetrics (RatisMetrics.java:lambda$create$0(36)) - Creating Metrics Registry : ratis.log_worker.ce9f2b91-9bfb-469e-a42d-467d0f33a62f@group-9E5EF260E081
2020-07-21 13:02:30,397 [pool-160-thread-1] INFO  server.RaftServerConfigKeys (ConfUtils.java:logGet(44)) - raft.server.log.appender.buffer.byte-limit = 33554432 (custom)
2020-07-21 13:02:30,398 [pool-160-thread-1] INFO  server.RaftServerConfigKeys (ConfUtils.java:logGet(44)) - raft.server.log.segment.size.max = 1048576 (custom)
2020-07-21 13:02:30,399 [pool-160-thread-1] INFO  server.RaftServerConfigKeys (ConfUtils.java:logGet(44)) - raft.server.log.segment.cache.num.max = 2 (custom)
2020-07-21 13:02:30,399 [pool-160-thread-1] INFO  segmented.SegmentedRaftLogWorker (SegmentedRaftLogWorker.java:<init>(180)) - new ce9f2b91-9bfb-469e-a42d-467d0f33a62f@group-9E5EF260E081-SegmentedRaftLogWorker for RaftStorage:Storage Directory /github/workspace/mnt/ozone/hadoop-ozone/integration-test/target/test-dir/MiniOzoneClusterImpl-be9508b3-40a4-4101-8d37-3f3c8981745f/datanode-0/data/ratis/8f6a8b41-efeb-4935-b3c5-9e5ef260e081
2020-07-21 13:02:30,399 [pool-160-thread-1] INFO  server.RaftServerConfigKeys (ConfUtils.java:logGet(44)) - raft.server.log.queue.byte-limit = 2147483647 (custom)
2020-07-21 13:02:30,399 [pool-160-thread-1] INFO  server.RaftServerConfigKeys (ConfUtils.java:logGet(44)) - raft.server.log.queue.element-limit = 1024 (custom)
2020-07-21 13:02:30,399 [pool-160-thread-1] INFO  server.RaftServerConfigKeys (ConfUtils.java:logGet(44)) - raft.server.log.segment.size.max = 1048576 (custom)
2020-07-21 13:02:30,399 [pool-160-thread-1] INFO  server.RaftServerConfigKeys (ConfUtils.java:logGet(44)) - raft.server.log.preallocated.size = 16384 (custom)
2020-07-21 13:02:30,399 [pool-160-thread-1] INFO  server.RaftServerConfigKeys (ConfUtils.java:logGet(44)) - raft.server.log.write.buffer.size = 1048576 (custom)
2020-07-21 13:02:30,399 [pool-160-thread-1] INFO  server.RaftServerConfigKeys (ConfUtils.java:logGet(44)) - raft.server.log.force.sync.num = 128 (default)
2020-07-21 13:02:30,399 [pool-160-thread-1] INFO  server.RaftServerConfigKeys (ConfUtils.java:logGet(44)) - raft.server.log.statemachine.data.sync = true (default)
2020-07-21 13:02:30,399 [pool-160-thread-1] INFO  server.RaftServerConfigKeys (ConfUtils.java:logGet(44)) - raft.server.log.statemachine.data.sync.timeout = 10s (default)
2020-07-21 13:02:30,399 [pool-160-thread-1] INFO  server.RaftServerConfigKeys (ConfUtils.java:logGet(44)) - raft.server.log.statemachine.data.sync.timeout.retry = -1 (default)
2020-07-21 13:02:30,401 [pool-160-thread-1] INFO  server.RaftServerConfigKeys (ConfUtils.java:logGet(44)) - raft.server.log.statemachine.data.caching.enabled = true (custom)
2020-07-21 13:02:30,401 [pool-160-thread-1] INFO  segmented.SegmentedRaftLogWorker (SegmentedRaftLogWorker.java:lambda$new$0(129)) - ce9f2b91-9bfb-469e-a42d-467d0f33a62f@group-9E5EF260E081-SegmentedRaftLogWorker: flushIndex: setUnconditionally 0 -> -1
2020-07-21 13:02:30,401 [pool-160-thread-1] INFO  segmented.SegmentedRaftLogWorker (SegmentedRaftLogWorker.java:lambda$new$0(129)) - ce9f2b91-9bfb-469e-a42d-467d0f33a62f@group-9E5EF260E081-SegmentedRaftLogWorker: safeCacheEvictIndex: setUnconditionally 0 -> -1
2020-07-21 13:02:30,401 [pool-160-thread-1] INFO  server.RaftServerConfigKeys (ConfUtils.java:logGet(44)) - raft.server.snapshot.auto.trigger.enabled = true (custom)
2020-07-21 13:02:30,401 [pool-160-thread-1] INFO  server.RaftServerConfigKeys (ConfUtils.java:logGet(44)) - raft.server.snapshot.auto.trigger.threshold = 10000 (custom)
2020-07-21 13:02:30,401 [pool-160-thread-1] INFO  server.RaftServerConfigKeys (ConfUtils.java:logGet(44)) - raft.server.snapshot.retention.file.num = 5 (custom)
2020-07-21 13:02:30,401 [pool-160-thread-1] INFO  server.RaftServerConfigKeys (ConfUtils.java:logGet(44)) - raft.server.log.purge.upto.snapshot.index = false (default)
2020-07-21 13:02:30,401 [pool-160-thread-1] INFO  server.RaftServerConfigKeys (ConfUtils.java:logGet(44)) - raft.server.retrycache.expirytime = 600000ms (custom)
2020-07-21 13:02:30,402 [pool-160-thread-1] INFO  metrics.RatisMetrics (RatisMetrics.java:lambda$create$0(36)) - Creating Metrics Registry : ratis.leader_election.ce9f2b91-9bfb-469e-a42d-467d0f33a62f@group-9E5EF260E081
2020-07-21 13:02:30,402 [pool-160-thread-1] INFO  metrics.RatisMetrics (RatisMetrics.java:lambda$create$0(36)) - Creating Metrics Registry : ratis.server.ce9f2b91-9bfb-469e-a42d-467d0f33a62f@group-9E5EF260E081
2020-07-21 13:02:30,403 [pool-160-thread-1] INFO  impl.RaftServerImpl (RaftServerImpl.java:start(196)) - ce9f2b91-9bfb-469e-a42d-467d0f33a62f@group-9E5EF260E081: start as a follower, conf=-1: [f4989c0c-dcd3-472e-ad74-017c452c42a3:172.17.0.2:36033, 52573f45-fbdb-4827-a4d1-e8c2ad0f3cc3:172.17.0.2:40403, ce9f2b91-9bfb-469e-a42d-467d0f33a62f:172.17.0.2:35939], old=null
2020-07-21 13:02:30,403 [pool-160-thread-1] INFO  impl.RaftServerImpl (RaftServerImpl.java:setRole(185)) - ce9f2b91-9bfb-469e-a42d-467d0f33a62f@group-9E5EF260E081: changes role from      null to FOLLOWER at term 0 for startAsFollower
2020-07-21 13:02:30,403 [pool-160-thread-1] INFO  impl.RoleInfo (RoleInfo.java:updateAndGet(143)) - ce9f2b91-9bfb-469e-a42d-467d0f33a62f: start FollowerState
2020-07-21 13:02:30,406 [pool-160-thread-1] INFO  util.JmxRegister (JmxRegister.java:tryRegister(44)) - Successfully registered JMX Bean with object name Ratis:service=RaftServer,group=group-9E5EF260E081,id=ce9f2b91-9bfb-469e-a42d-467d0f33a62f
2020-07-21 13:02:30,406 [pool-160-thread-1] INFO  metrics.RatisMetrics (RatisMetrics.java:lambda$create$0(36)) - Creating Metrics Registry : ratis.state_machine.ce9f2b91-9bfb-469e-a42d-467d0f33a62f@group-9E5EF260E081
2020-07-21 13:02:30,421 [grpc-default-executor-2] INFO  impl.RaftServerProxy (RaftServerProxy.java:addNew(89)) - 52573f45-fbdb-4827-a4d1-e8c2ad0f3cc3: addNew group-9E5EF260E081:[f4989c0c-dcd3-472e-ad74-017c452c42a3:172.17.0.2:36033, 52573f45-fbdb-4827-a4d1-e8c2ad0f3cc3:172.17.0.2:40403, ce9f2b91-9bfb-469e-a42d-467d0f33a62f:172.17.0.2:35939] returns group-9E5EF260E081:java.util.concurrent.CompletableFuture@3f3193c2[Not completed]
2020-07-21 13:02:30,423 [pool-190-thread-1] INFO  impl.RaftServerImpl (RaftServerImpl.java:<init>(107)) - 52573f45-fbdb-4827-a4d1-e8c2ad0f3cc3: new RaftServerImpl for group-9E5EF260E081:[f4989c0c-dcd3-472e-ad74-017c452c42a3:172.17.0.2:36033, 52573f45-fbdb-4827-a4d1-e8c2ad0f3cc3:172.17.0.2:40403, ce9f2b91-9bfb-469e-a42d-467d0f33a62f:172.17.0.2:35939] with ContainerStateMachine:uninitialized
2020-07-21 13:02:30,424 [pool-190-thread-1] INFO  server.RaftServerConfigKeys (ConfUtils.java:logGet(44)) - raft.server.rpc.timeout.min = 5s (custom)
2020-07-21 13:02:30,424 [pool-190-thread-1] INFO  server.RaftServerConfigKeys (ConfUtils.java:logGet(44)) - raft.server.rpc.timeout.max = 5200ms (custom)
2020-07-21 13:02:30,424 [pool-190-thread-1] INFO  server.RaftServerConfigKeys (ConfUtils.java:logGet(44)) - raft.server.rpcslowness.timeout = 300000ms (custom)
2020-07-21 13:02:30,424 [pool-190-thread-1] INFO  server.RaftServerConfigKeys (ConfUtils.java:logGet(44)) - raft.server.sleep.deviation.threshold = 300 (default)
2020-07-21 13:02:30,424 [pool-190-thread-1] INFO  server.RaftServerConfigKeys (ConfUtils.java:logGet(44)) - raft.server.log.appender.install.snapshot.enabled = false (custom)
2020-07-21 13:02:30,424 [pool-190-thread-1] INFO  impl.RaftServerImpl (ServerState.java:<init>(103)) - 52573f45-fbdb-4827-a4d1-e8c2ad0f3cc3@group-9E5EF260E081: ConfigurationManager, init=-1: [f4989c0c-dcd3-472e-ad74-017c452c42a3:172.17.0.2:36033, 52573f45-fbdb-4827-a4d1-e8c2ad0f3cc3:172.17.0.2:40403, ce9f2b91-9bfb-469e-a42d-467d0f33a62f:172.17.0.2:35939], old=null, confs=<EMPTY_MAP>
2020-07-21 13:02:30,425 [pool-190-thread-1] INFO  server.RaftServerConfigKeys (ConfUtils.java:logGet(44)) - raft.server.storage.dir = [/github/workspace/mnt/ozone/hadoop-ozone/integration-test/target/test-dir/MiniOzoneClusterImpl-be9508b3-40a4-4101-8d37-3f3c8981745f/datanode-2/data/ratis] (custom)
2020-07-21 13:02:30,425 [pool-190-thread-1] INFO  server.RaftServerConfigKeys (ConfUtils.java:logGet(44)) - raft.server.log.corruption.policy = EXCEPTION (default)
2020-07-21 13:02:30,425 [pool-190-thread-1] INFO  storage.RaftStorageDirectory (RaftStorageDirectory.java:analyzeStorage(261)) - The storage directory /github/workspace/mnt/ozone/hadoop-ozone/integration-test/target/test-dir/MiniOzoneClusterImpl-be9508b3-40a4-4101-8d37-3f3c8981745f/datanode-2/data/ratis/8f6a8b41-efeb-4935-b3c5-9e5ef260e081 does not exist. Creating ...
2020-07-21 13:02:30,426 [pool-190-thread-1] INFO  storage.RaftStorageDirectory (RaftStorageDirectory.java:tryLock(343)) - Lock on /github/workspace/mnt/ozone/hadoop-ozone/integration-test/target/test-dir/MiniOzoneClusterImpl-be9508b3-40a4-4101-8d37-3f3c8981745f/datanode-2/data/ratis/8f6a8b41-efeb-4935-b3c5-9e5ef260e081/in_use.lock acquired by nodename 39214@5dff0df2806b
2020-07-21 13:02:30,427 [pool-190-thread-1] INFO  storage.RaftStorage (RaftStorage.java:format(84)) - Storage directory /github/workspace/mnt/ozone/hadoop-ozone/integration-test/target/test-dir/MiniOzoneClusterImpl-be9508b3-40a4-4101-8d37-3f3c8981745f/datanode-2/data/ratis/8f6a8b41-efeb-4935-b3c5-9e5ef260e081 has been successfully formatted.
2020-07-21 13:02:30,428 [pool-190-thread-1] INFO  ratis.ContainerStateMachine (ContainerStateMachine.java:loadSnapshot(225)) - group-9E5EF260E081: The snapshot info is null. Setting the last applied indexto:(t:0, i:~)
2020-07-21 13:02:30,428 [pool-190-thread-1] INFO  server.RaftServerConfigKeys (ConfUtils.java:logGet(44)) - raft.server.notification.no-leader.timeout = 300000ms (custom)
2020-07-21 13:02:30,428 [pool-190-thread-1] INFO  server.RaftServerConfigKeys (ConfUtils.java:logGet(44)) - raft.server.log.use.memory = false (default)
2020-07-21 13:02:30,428 [pool-190-thread-1] INFO  server.RaftServerConfigKeys (ConfUtils.java:logGet(44)) - raft.server.log.purge.gap = 1000000 (custom)
2020-07-21 13:02:30,428 [pool-190-thread-1] INFO  metrics.RatisMetrics (RatisMetrics.java:lambda$create$0(36)) - Creating Metrics Registry : ratis.log_worker.52573f45-fbdb-4827-a4d1-e8c2ad0f3cc3@group-9E5EF260E081
2020-07-21 13:02:30,430 [pool-190-thread-1] INFO  server.RaftServerConfigKeys (ConfUtils.java:logGet(44)) - raft.server.log.appender.buffer.byte-limit = 33554432 (custom)
2020-07-21 13:02:30,431 [pool-190-thread-1] INFO  server.RaftServerConfigKeys (ConfUtils.java:logGet(44)) - raft.server.log.segment.size.max = 1048576 (custom)
2020-07-21 13:02:30,431 [pool-190-thread-1] INFO  server.RaftServerConfigKeys (ConfUtils.java:logGet(44)) - raft.server.log.segment.cache.num.max = 2 (custom)
2020-07-21 13:02:30,431 [pool-190-thread-1] INFO  segmented.SegmentedRaftLogWorker (SegmentedRaftLogWorker.java:<init>(180)) - new 52573f45-fbdb-4827-a4d1-e8c2ad0f3cc3@group-9E5EF260E081-SegmentedRaftLogWorker for RaftStorage:Storage Directory /github/workspace/mnt/ozone/hadoop-ozone/integration-test/target/test-dir/MiniOzoneClusterImpl-be9508b3-40a4-4101-8d37-3f3c8981745f/datanode-2/data/ratis/8f6a8b41-efeb-4935-b3c5-9e5ef260e081
2020-07-21 13:02:30,431 [pool-190-thread-1] INFO  server.RaftServerConfigKeys (ConfUtils.java:logGet(44)) - raft.server.log.queue.byte-limit = 2147483647 (custom)
2020-07-21 13:02:30,431 [pool-190-thread-1] INFO  server.RaftServerConfigKeys (ConfUtils.java:logGet(44)) - raft.server.log.queue.element-limit = 1024 (custom)
2020-07-21 13:02:30,432 [pool-190-thread-1] INFO  server.RaftServerConfigKeys (ConfUtils.java:logGet(44)) - raft.server.log.segment.size.max = 1048576 (custom)
2020-07-21 13:02:30,432 [pool-190-thread-1] INFO  server.RaftServerConfigKeys (ConfUtils.java:logGet(44)) - raft.server.log.preallocated.size = 16384 (custom)
2020-07-21 13:02:30,432 [pool-190-thread-1] INFO  server.RaftServerConfigKeys (ConfUtils.java:logGet(44)) - raft.server.log.write.buffer.size = 1048576 (custom)
2020-07-21 13:02:30,432 [pool-190-thread-1] INFO  server.RaftServerConfigKeys (ConfUtils.java:logGet(44)) - raft.server.log.force.sync.num = 128 (default)
2020-07-21 13:02:30,432 [pool-190-thread-1] INFO  server.RaftServerConfigKeys (ConfUtils.java:logGet(44)) - raft.server.log.statemachine.data.sync = true (default)
2020-07-21 13:02:30,432 [pool-190-thread-1] INFO  server.RaftServerConfigKeys (ConfUtils.java:logGet(44)) - raft.server.log.statemachine.data.sync.timeout = 10s (default)
2020-07-21 13:02:30,432 [pool-190-thread-1] INFO  server.RaftServerConfigKeys (ConfUtils.java:logGet(44)) - raft.server.log.statemachine.data.sync.timeout.retry = -1 (default)
2020-07-21 13:02:30,435 [pool-190-thread-1] INFO  server.RaftServerConfigKeys (ConfUtils.java:logGet(44)) - raft.server.log.statemachine.data.caching.enabled = true (custom)
2020-07-21 13:02:30,435 [pool-190-thread-1] INFO  segmented.SegmentedRaftLogWorker (SegmentedRaftLogWorker.java:lambda$new$0(129)) - 52573f45-fbdb-4827-a4d1-e8c2ad0f3cc3@group-9E5EF260E081-SegmentedRaftLogWorker: flushIndex: setUnconditionally 0 -> -1
2020-07-21 13:02:30,435 [pool-190-thread-1] INFO  segmented.SegmentedRaftLogWorker (SegmentedRaftLogWorker.java:lambda$new$0(129)) - 52573f45-fbdb-4827-a4d1-e8c2ad0f3cc3@group-9E5EF260E081-SegmentedRaftLogWorker: safeCacheEvictIndex: setUnconditionally 0 -> -1
2020-07-21 13:02:30,437 [pool-190-thread-1] INFO  server.RaftServerConfigKeys (ConfUtils.java:logGet(44)) - raft.server.snapshot.auto.trigger.enabled = true (custom)
2020-07-21 13:02:30,437 [pool-190-thread-1] INFO  server.RaftServerConfigKeys (ConfUtils.java:logGet(44)) - raft.server.snapshot.auto.trigger.threshold = 10000 (custom)
2020-07-21 13:02:30,437 [pool-190-thread-1] INFO  server.RaftServerConfigKeys (ConfUtils.java:logGet(44)) - raft.server.snapshot.retention.file.num = 5 (custom)
2020-07-21 13:02:30,437 [pool-190-thread-1] INFO  server.RaftServerConfigKeys (ConfUtils.java:logGet(44)) - raft.server.log.purge.upto.snapshot.index = false (default)
2020-07-21 13:02:30,437 [pool-190-thread-1] INFO  server.RaftServerConfigKeys (ConfUtils.java:logGet(44)) - raft.server.retrycache.expirytime = 600000ms (custom)
2020-07-21 13:02:30,437 [pool-190-thread-1] INFO  metrics.RatisMetrics (RatisMetrics.java:lambda$create$0(36)) - Creating Metrics Registry : ratis.leader_election.52573f45-fbdb-4827-a4d1-e8c2ad0f3cc3@group-9E5EF260E081
2020-07-21 13:02:30,437 [pool-190-thread-1] INFO  metrics.RatisMetrics (RatisMetrics.java:lambda$create$0(36)) - Creating Metrics Registry : ratis.server.52573f45-fbdb-4827-a4d1-e8c2ad0f3cc3@group-9E5EF260E081
2020-07-21 13:02:30,438 [pool-190-thread-1] INFO  impl.RaftServerImpl (RaftServerImpl.java:start(196)) - 52573f45-fbdb-4827-a4d1-e8c2ad0f3cc3@group-9E5EF260E081: start as a follower, conf=-1: [f4989c0c-dcd3-472e-ad74-017c452c42a3:172.17.0.2:36033, 52573f45-fbdb-4827-a4d1-e8c2ad0f3cc3:172.17.0.2:40403, ce9f2b91-9bfb-469e-a42d-467d0f33a62f:172.17.0.2:35939], old=null
2020-07-21 13:02:30,438 [pool-190-thread-1] INFO  impl.RaftServerImpl (RaftServerImpl.java:setRole(185)) - 52573f45-fbdb-4827-a4d1-e8c2ad0f3cc3@group-9E5EF260E081: changes role from      null to FOLLOWER at term 0 for startAsFollower
2020-07-21 13:02:30,438 [pool-190-thread-1] INFO  impl.RoleInfo (RoleInfo.java:updateAndGet(143)) - 52573f45-fbdb-4827-a4d1-e8c2ad0f3cc3: start FollowerState
2020-07-21 13:02:30,439 [pool-190-thread-1] INFO  util.JmxRegister (JmxRegister.java:tryRegister(44)) - Successfully registered JMX Bean with object name Ratis:service=RaftServer,group=group-9E5EF260E081,id=52573f45-fbdb-4827-a4d1-e8c2ad0f3cc3
2020-07-21 13:02:30,439 [pool-190-thread-1] INFO  metrics.RatisMetrics (RatisMetrics.java:lambda$create$0(36)) - Creating Metrics Registry : ratis.state_machine.52573f45-fbdb-4827-a4d1-e8c2ad0f3cc3@group-9E5EF260E081
2020-07-21 13:02:30,463 [grpc-default-executor-2] INFO  impl.RaftServerProxy (RaftServerProxy.java:addNew(89)) - f4989c0c-dcd3-472e-ad74-017c452c42a3: addNew group-9E5EF260E081:[f4989c0c-dcd3-472e-ad74-017c452c42a3:172.17.0.2:36033, 52573f45-fbdb-4827-a4d1-e8c2ad0f3cc3:172.17.0.2:40403, ce9f2b91-9bfb-469e-a42d-467d0f33a62f:172.17.0.2:35939] returns group-9E5EF260E081:java.util.concurrent.CompletableFuture@47ef6f5d[Not completed]
2020-07-21 13:02:30,466 [pool-175-thread-1] INFO  impl.RaftServerImpl (RaftServerImpl.java:<init>(107)) - f4989c0c-dcd3-472e-ad74-017c452c42a3: new RaftServerImpl for group-9E5EF260E081:[f4989c0c-dcd3-472e-ad74-017c452c42a3:172.17.0.2:36033, 52573f45-fbdb-4827-a4d1-e8c2ad0f3cc3:172.17.0.2:40403, ce9f2b91-9bfb-469e-a42d-467d0f33a62f:172.17.0.2:35939] with ContainerStateMachine:uninitialized
2020-07-21 13:02:30,468 [pool-175-thread-1] INFO  server.RaftServerConfigKeys (ConfUtils.java:logGet(44)) - raft.server.rpc.timeout.min = 5s (custom)
2020-07-21 13:02:30,468 [pool-175-thread-1] INFO  server.RaftServerConfigKeys (ConfUtils.java:logGet(44)) - raft.server.rpc.timeout.max = 5200ms (custom)
2020-07-21 13:02:30,468 [pool-175-thread-1] INFO  server.RaftServerConfigKeys (ConfUtils.java:logGet(44)) - raft.server.rpcslowness.timeout = 300000ms (custom)
2020-07-21 13:02:30,468 [pool-175-thread-1] INFO  server.RaftServerConfigKeys (ConfUtils.java:logGet(44)) - raft.server.sleep.deviation.threshold = 300 (default)
2020-07-21 13:02:30,468 [pool-175-thread-1] INFO  server.RaftServerConfigKeys (ConfUtils.java:logGet(44)) - raft.server.log.appender.install.snapshot.enabled = false (custom)
2020-07-21 13:02:30,468 [pool-175-thread-1] INFO  impl.RaftServerImpl (ServerState.java:<init>(103)) - f4989c0c-dcd3-472e-ad74-017c452c42a3@group-9E5EF260E081: ConfigurationManager, init=-1: [f4989c0c-dcd3-472e-ad74-017c452c42a3:172.17.0.2:36033, 52573f45-fbdb-4827-a4d1-e8c2ad0f3cc3:172.17.0.2:40403, ce9f2b91-9bfb-469e-a42d-467d0f33a62f:172.17.0.2:35939], old=null, confs=<EMPTY_MAP>
2020-07-21 13:02:30,468 [pool-175-thread-1] INFO  server.RaftServerConfigKeys (ConfUtils.java:logGet(44)) - raft.server.storage.dir = [/github/workspace/mnt/ozone/hadoop-ozone/integration-test/target/test-dir/MiniOzoneClusterImpl-be9508b3-40a4-4101-8d37-3f3c8981745f/datanode-1/data/ratis] (custom)
2020-07-21 13:02:30,469 [pool-175-thread-1] INFO  server.RaftServerConfigKeys (ConfUtils.java:logGet(44)) - raft.server.log.corruption.policy = EXCEPTION (default)
2020-07-21 13:02:30,469 [pool-175-thread-1] INFO  storage.RaftStorageDirectory (RaftStorageDirectory.java:analyzeStorage(261)) - The storage directory /github/workspace/mnt/ozone/hadoop-ozone/integration-test/target/test-dir/MiniOzoneClusterImpl-be9508b3-40a4-4101-8d37-3f3c8981745f/datanode-1/data/ratis/8f6a8b41-efeb-4935-b3c5-9e5ef260e081 does not exist. Creating ...
2020-07-21 13:02:30,470 [pool-175-thread-1] INFO  storage.RaftStorageDirectory (RaftStorageDirectory.java:tryLock(343)) - Lock on /github/workspace/mnt/ozone/hadoop-ozone/integration-test/target/test-dir/MiniOzoneClusterImpl-be9508b3-40a4-4101-8d37-3f3c8981745f/datanode-1/data/ratis/8f6a8b41-efeb-4935-b3c5-9e5ef260e081/in_use.lock acquired by nodename 39214@5dff0df2806b
2020-07-21 13:02:30,471 [pool-175-thread-1] INFO  storage.RaftStorage (RaftStorage.java:format(84)) - Storage directory /github/workspace/mnt/ozone/hadoop-ozone/integration-test/target/test-dir/MiniOzoneClusterImpl-be9508b3-40a4-4101-8d37-3f3c8981745f/datanode-1/data/ratis/8f6a8b41-efeb-4935-b3c5-9e5ef260e081 has been successfully formatted.
2020-07-21 13:02:30,472 [pool-175-thread-1] INFO  ratis.ContainerStateMachine (ContainerStateMachine.java:loadSnapshot(225)) - group-9E5EF260E081: The snapshot info is null. Setting the last applied indexto:(t:0, i:~)
2020-07-21 13:02:30,472 [pool-175-thread-1] INFO  server.RaftServerConfigKeys (ConfUtils.java:logGet(44)) - raft.server.notification.no-leader.timeout = 300000ms (custom)
2020-07-21 13:02:30,472 [pool-175-thread-1] INFO  server.RaftServerConfigKeys (ConfUtils.java:logGet(44)) - raft.server.log.use.memory = false (default)
2020-07-21 13:02:30,474 [pool-175-thread-1] INFO  server.RaftServerConfigKeys (ConfUtils.java:logGet(44)) - raft.server.log.purge.gap = 1000000 (custom)
2020-07-21 13:02:30,475 [pool-175-thread-1] INFO  metrics.RatisMetrics (RatisMetrics.java:lambda$create$0(36)) - Creating Metrics Registry : ratis.log_worker.f4989c0c-dcd3-472e-ad74-017c452c42a3@group-9E5EF260E081
2020-07-21 13:02:30,475 [pool-175-thread-1] INFO  server.RaftServerConfigKeys (ConfUtils.java:logGet(44)) - raft.server.log.appender.buffer.byte-limit = 33554432 (custom)
2020-07-21 13:02:30,476 [pool-175-thread-1] INFO  server.RaftServerConfigKeys (ConfUtils.java:logGet(44)) - raft.server.log.segment.size.max = 1048576 (custom)
2020-07-21 13:02:30,476 [pool-175-thread-1] INFO  server.RaftServerConfigKeys (ConfUtils.java:logGet(44)) - raft.server.log.segment.cache.num.max = 2 (custom)
2020-07-21 13:02:30,476 [pool-175-thread-1] INFO  segmented.SegmentedRaftLogWorker (SegmentedRaftLogWorker.java:<init>(180)) - new f4989c0c-dcd3-472e-ad74-017c452c42a3@group-9E5EF260E081-SegmentedRaftLogWorker for RaftStorage:Storage Directory /github/workspace/mnt/ozone/hadoop-ozone/integration-test/target/test-dir/MiniOzoneClusterImpl-be9508b3-40a4-4101-8d37-3f3c8981745f/datanode-1/data/ratis/8f6a8b41-efeb-4935-b3c5-9e5ef260e081
2020-07-21 13:02:30,476 [pool-175-thread-1] INFO  server.RaftServerConfigKeys (ConfUtils.java:logGet(44)) - raft.server.log.queue.byte-limit = 2147483647 (custom)
2020-07-21 13:02:30,476 [pool-175-thread-1] INFO  server.RaftServerConfigKeys (ConfUtils.java:logGet(44)) - raft.server.log.queue.element-limit = 1024 (custom)
2020-07-21 13:02:30,476 [pool-175-thread-1] INFO  server.RaftServerConfigKeys (ConfUtils.java:logGet(44)) - raft.server.log.segment.size.max = 1048576 (custom)
2020-07-21 13:02:30,476 [pool-175-thread-1] INFO  server.RaftServerConfigKeys (ConfUtils.java:logGet(44)) - raft.server.log.preallocated.size = 16384 (custom)
2020-07-21 13:02:30,476 [pool-175-thread-1] INFO  server.RaftServerConfigKeys (ConfUtils.java:logGet(44)) - raft.server.log.write.buffer.size = 1048576 (custom)
2020-07-21 13:02:30,477 [pool-175-thread-1] INFO  server.RaftServerConfigKeys (ConfUtils.java:logGet(44)) - raft.server.log.force.sync.num = 128 (default)
2020-07-21 13:02:30,477 [pool-175-thread-1] INFO  server.RaftServerConfigKeys (ConfUtils.java:logGet(44)) - raft.server.log.statemachine.data.sync = true (default)
2020-07-21 13:02:30,477 [pool-175-thread-1] INFO  server.RaftServerConfigKeys (ConfUtils.java:logGet(44)) - raft.server.log.statemachine.data.sync.timeout = 10s (default)
2020-07-21 13:02:30,477 [pool-175-thread-1] INFO  server.RaftServerConfigKeys (ConfUtils.java:logGet(44)) - raft.server.log.statemachine.data.sync.timeout.retry = -1 (default)
2020-07-21 13:02:30,478 [pool-175-thread-1] INFO  server.RaftServerConfigKeys (ConfUtils.java:logGet(44)) - raft.server.log.statemachine.data.caching.enabled = true (custom)
2020-07-21 13:02:30,478 [pool-175-thread-1] INFO  segmented.SegmentedRaftLogWorker (SegmentedRaftLogWorker.java:lambda$new$0(129)) - f4989c0c-dcd3-472e-ad74-017c452c42a3@group-9E5EF260E081-SegmentedRaftLogWorker: flushIndex: setUnconditionally 0 -> -1
2020-07-21 13:02:30,478 [pool-175-thread-1] INFO  segmented.SegmentedRaftLogWorker (SegmentedRaftLogWorker.java:lambda$new$0(129)) - f4989c0c-dcd3-472e-ad74-017c452c42a3@group-9E5EF260E081-SegmentedRaftLogWorker: safeCacheEvictIndex: setUnconditionally 0 -> -1
2020-07-21 13:02:30,479 [pool-175-thread-1] INFO  server.RaftServerConfigKeys (ConfUtils.java:logGet(44)) - raft.server.snapshot.auto.trigger.enabled = true (custom)
2020-07-21 13:02:30,479 [pool-175-thread-1] INFO  server.RaftServerConfigKeys (ConfUtils.java:logGet(44)) - raft.server.snapshot.auto.trigger.threshold = 10000 (custom)
2020-07-21 13:02:30,479 [pool-175-thread-1] INFO  server.RaftServerConfigKeys (ConfUtils.java:logGet(44)) - raft.server.snapshot.retention.file.num = 5 (custom)
2020-07-21 13:02:30,479 [pool-175-thread-1] INFO  server.RaftServerConfigKeys (ConfUtils.java:logGet(44)) - raft.server.log.purge.upto.snapshot.index = false (default)
2020-07-21 13:02:30,479 [pool-175-thread-1] INFO  server.RaftServerConfigKeys (ConfUtils.java:logGet(44)) - raft.server.retrycache.expirytime = 600000ms (custom)
2020-07-21 13:02:30,479 [pool-175-thread-1] INFO  metrics.RatisMetrics (RatisMetrics.java:lambda$create$0(36)) - Creating Metrics Registry : ratis.leader_election.f4989c0c-dcd3-472e-ad74-017c452c42a3@group-9E5EF260E081
2020-07-21 13:02:30,480 [pool-175-thread-1] INFO  metrics.RatisMetrics (RatisMetrics.java:lambda$create$0(36)) - Creating Metrics Registry : ratis.server.f4989c0c-dcd3-472e-ad74-017c452c42a3@group-9E5EF260E081
2020-07-21 13:02:30,487 [Command processor thread] INFO  impl.RaftServerProxy (RaftServerProxy.java:addNew(89)) - f4989c0c-dcd3-472e-ad74-017c452c42a3: addNew group-D380DA10BAC2:[f4989c0c-dcd3-472e-ad74-017c452c42a3:172.17.0.2:36033] returns group-D380DA10BAC2:java.util.concurrent.CompletableFuture@51d55817[Not completed]
2020-07-21 13:02:30,497 [pool-175-thread-1] INFO  impl.RaftServerImpl (RaftServerImpl.java:<init>(107)) - f4989c0c-dcd3-472e-ad74-017c452c42a3: new RaftServerImpl for group-D380DA10BAC2:[f4989c0c-dcd3-472e-ad74-017c452c42a3:172.17.0.2:36033] with ContainerStateMachine:uninitialized
2020-07-21 13:02:30,497 [pool-175-thread-1] INFO  server.RaftServerConfigKeys (ConfUtils.java:logGet(44)) - raft.server.rpc.timeout.min = 5s (custom)
2020-07-21 13:02:30,497 [pool-175-thread-1] INFO  server.RaftServerConfigKeys (ConfUtils.java:logGet(44)) - raft.server.rpc.timeout.max = 5200ms (custom)
2020-07-21 13:02:30,497 [pool-175-thread-1] INFO  server.RaftServerConfigKeys (ConfUtils.java:logGet(44)) - raft.server.rpcslowness.timeout = 300000ms (custom)
2020-07-21 13:02:30,497 [pool-175-thread-1] INFO  server.RaftServerConfigKeys (ConfUtils.java:logGet(44)) - raft.server.sleep.deviation.threshold = 300 (default)
2020-07-21 13:02:30,497 [pool-175-thread-1] INFO  server.RaftServerConfigKeys (ConfUtils.java:logGet(44)) - raft.server.log.appender.install.snapshot.enabled = false (custom)
2020-07-21 13:02:30,498 [pool-175-thread-1] INFO  impl.RaftServerImpl (ServerState.java:<init>(103)) - f4989c0c-dcd3-472e-ad74-017c452c42a3@group-D380DA10BAC2: ConfigurationManager, init=-1: [f4989c0c-dcd3-472e-ad74-017c452c42a3:172.17.0.2:36033], old=null, confs=<EMPTY_MAP>
2020-07-21 13:02:30,498 [pool-175-thread-1] INFO  server.RaftServerConfigKeys (ConfUtils.java:logGet(44)) - raft.server.storage.dir = [/github/workspace/mnt/ozone/hadoop-ozone/integration-test/target/test-dir/MiniOzoneClusterImpl-be9508b3-40a4-4101-8d37-3f3c8981745f/datanode-1/data/ratis] (custom)
2020-07-21 13:02:30,498 [pool-175-thread-1] INFO  server.RaftServerConfigKeys (ConfUtils.java:logGet(44)) - raft.server.log.corruption.policy = EXCEPTION (default)
2020-07-21 13:02:30,498 [pool-175-thread-1] INFO  storage.RaftStorageDirectory (RaftStorageDirectory.java:analyzeStorage(261)) - The storage directory /github/workspace/mnt/ozone/hadoop-ozone/integration-test/target/test-dir/MiniOzoneClusterImpl-be9508b3-40a4-4101-8d37-3f3c8981745f/datanode-1/data/ratis/cdc1e895-57bb-404e-b93d-d380da10bac2 does not exist. Creating ...
2020-07-21 13:02:30,499 [pool-175-thread-1] INFO  storage.RaftStorageDirectory (RaftStorageDirectory.java:tryLock(343)) - Lock on /github/workspace/mnt/ozone/hadoop-ozone/integration-test/target/test-dir/MiniOzoneClusterImpl-be9508b3-40a4-4101-8d37-3f3c8981745f/datanode-1/data/ratis/cdc1e895-57bb-404e-b93d-d380da10bac2/in_use.lock acquired by nodename 39214@5dff0df2806b
2020-07-21 13:02:30,500 [pool-175-thread-1] INFO  storage.RaftStorage (RaftStorage.java:format(84)) - Storage directory /github/workspace/mnt/ozone/hadoop-ozone/integration-test/target/test-dir/MiniOzoneClusterImpl-be9508b3-40a4-4101-8d37-3f3c8981745f/datanode-1/data/ratis/cdc1e895-57bb-404e-b93d-d380da10bac2 has been successfully formatted.
2020-07-21 13:02:30,501 [pool-175-thread-1] INFO  ratis.ContainerStateMachine (ContainerStateMachine.java:loadSnapshot(225)) - group-D380DA10BAC2: The snapshot info is null. Setting the last applied indexto:(t:0, i:~)
2020-07-21 13:02:30,501 [EventQueue-PipelineReportForPipelineReportHandler] INFO  pipeline.PipelineStateManager (PipelineStateManager.java:openPipeline(131)) - Pipeline Pipeline[ Id: cdc1e895-57bb-404e-b93d-d380da10bac2, Nodes: f4989c0c-dcd3-472e-ad74-017c452c42a3{ip: 172.17.0.2, host: 5dff0df2806b, networkLocation: /default-rack, certSerialId: null}, Type:RATIS, Factor:ONE, State:ALLOCATED, leaderId:f4989c0c-dcd3-472e-ad74-017c452c42a3, CreationTimestamp2020-07-21T13:02:27.487Z] moved to OPEN state
2020-07-21 13:02:30,501 [pool-175-thread-1] INFO  server.RaftServerConfigKeys (ConfUtils.java:logGet(44)) - raft.server.notification.no-leader.timeout = 300000ms (custom)
2020-07-21 13:02:30,501 [pool-175-thread-1] INFO  server.RaftServerConfigKeys (ConfUtils.java:logGet(44)) - raft.server.log.use.memory = false (default)
2020-07-21 13:02:30,501 [pool-175-thread-1] INFO  server.RaftServerConfigKeys (ConfUtils.java:logGet(44)) - raft.server.log.purge.gap = 1000000 (custom)
2020-07-21 13:02:30,502 [EventQueue-OpenPipelineForOneReplicaPipelineSafeModeRule] INFO  safemode.SCMSafeModeManager (SCMSafeModeManager.java:validateSafeModeExitRules(214)) - AtleastOneDatanodeReportedRule rule is successfully validated
2020-07-21 13:02:30,502 [EventQueue-OpenPipelineForHealthyPipelineSafeModeRule] INFO  safemode.SCMSafeModeManager (HealthyPipelineSafeModeRule.java:process(129)) - SCM in safe mode. Healthy pipelines reported count is 0, required healthy pipeline reported count is 1
2020-07-21 13:02:30,502 [pool-175-thread-1] INFO  metrics.RatisMetrics (RatisMetrics.java:lambda$create$0(36)) - Creating Metrics Registry : ratis.log_worker.f4989c0c-dcd3-472e-ad74-017c452c42a3@group-D380DA10BAC2
2020-07-21 13:02:30,502 [pool-175-thread-1] INFO  server.RaftServerConfigKeys (ConfUtils.java:logGet(44)) - raft.server.log.appender.buffer.byte-limit = 33554432 (custom)
2020-07-21 13:02:30,502 [pool-175-thread-1] INFO  server.RaftServerConfigKeys (ConfUtils.java:logGet(44)) - raft.server.log.segment.size.max = 1048576 (custom)
2020-07-21 13:02:30,503 [pool-175-thread-1] INFO  server.RaftServerConfigKeys (ConfUtils.java:logGet(44)) - raft.server.log.segment.cache.num.max = 2 (custom)
2020-07-21 13:02:30,503 [pool-175-thread-1] INFO  segmented.SegmentedRaftLogWorker (SegmentedRaftLogWorker.java:<init>(180)) - new f4989c0c-dcd3-472e-ad74-017c452c42a3@group-D380DA10BAC2-SegmentedRaftLogWorker for RaftStorage:Storage Directory /github/workspace/mnt/ozone/hadoop-ozone/integration-test/target/test-dir/MiniOzoneClusterImpl-be9508b3-40a4-4101-8d37-3f3c8981745f/datanode-1/data/ratis/cdc1e895-57bb-404e-b93d-d380da10bac2
2020-07-21 13:02:30,503 [pool-175-thread-1] INFO  server.RaftServerConfigKeys (ConfUtils.java:logGet(44)) - raft.server.log.queue.byte-limit = 2147483647 (custom)
2020-07-21 13:02:30,503 [pool-175-thread-1] INFO  server.RaftServerConfigKeys (ConfUtils.java:logGet(44)) - raft.server.log.queue.element-limit = 1024 (custom)
2020-07-21 13:02:30,503 [pool-175-thread-1] INFO  server.RaftServerConfigKeys (ConfUtils.java:logGet(44)) - raft.server.log.segment.size.max = 1048576 (custom)
2020-07-21 13:02:30,503 [pool-175-thread-1] INFO  server.RaftServerConfigKeys (ConfUtils.java:logGet(44)) - raft.server.log.preallocated.size = 16384 (custom)
2020-07-21 13:02:30,503 [pool-175-thread-1] INFO  server.RaftServerConfigKeys (ConfUtils.java:logGet(44)) - raft.server.log.write.buffer.size = 1048576 (custom)
2020-07-21 13:02:30,503 [pool-175-thread-1] INFO  server.RaftServerConfigKeys (ConfUtils.java:logGet(44)) - raft.server.log.force.sync.num = 128 (default)
2020-07-21 13:02:30,503 [pool-175-thread-1] INFO  server.RaftServerConfigKeys (ConfUtils.java:logGet(44)) - raft.server.log.statemachine.data.sync = true (default)
2020-07-21 13:02:30,504 [pool-175-thread-1] INFO  server.RaftServerConfigKeys (ConfUtils.java:logGet(44)) - raft.server.log.statemachine.data.sync.timeout = 10s (default)
2020-07-21 13:02:30,504 [pool-175-thread-1] INFO  server.RaftServerConfigKeys (ConfUtils.java:logGet(44)) - raft.server.log.statemachine.data.sync.timeout.retry = -1 (default)
2020-07-21 13:02:30,505 [pool-175-thread-1] INFO  server.RaftServerConfigKeys (ConfUtils.java:logGet(44)) - raft.server.log.statemachine.data.caching.enabled = true (custom)
2020-07-21 13:02:30,505 [pool-175-thread-1] INFO  segmented.SegmentedRaftLogWorker (SegmentedRaftLogWorker.java:lambda$new$0(129)) - f4989c0c-dcd3-472e-ad74-017c452c42a3@group-D380DA10BAC2-SegmentedRaftLogWorker: flushIndex: setUnconditionally 0 -> -1
2020-07-21 13:02:30,505 [pool-175-thread-1] INFO  segmented.SegmentedRaftLogWorker (SegmentedRaftLogWorker.java:lambda$new$0(129)) - f4989c0c-dcd3-472e-ad74-017c452c42a3@group-D380DA10BAC2-SegmentedRaftLogWorker: safeCacheEvictIndex: setUnconditionally 0 -> -1
2020-07-21 13:02:30,505 [pool-175-thread-1] INFO  server.RaftServerConfigKeys (ConfUtils.java:logGet(44)) - raft.server.snapshot.auto.trigger.enabled = true (custom)
2020-07-21 13:02:30,505 [pool-175-thread-1] INFO  server.RaftServerConfigKeys (ConfUtils.java:logGet(44)) - raft.server.snapshot.auto.trigger.threshold = 10000 (custom)
2020-07-21 13:02:30,506 [pool-175-thread-1] INFO  server.RaftServerConfigKeys (ConfUtils.java:logGet(44)) - raft.server.snapshot.retention.file.num = 5 (custom)
2020-07-21 13:02:30,506 [pool-175-thread-1] INFO  server.RaftServerConfigKeys (ConfUtils.java:logGet(44)) - raft.server.log.purge.upto.snapshot.index = false (default)
2020-07-21 13:02:30,506 [pool-175-thread-1] INFO  server.RaftServerConfigKeys (ConfUtils.java:logGet(44)) - raft.server.retrycache.expirytime = 600000ms (custom)
2020-07-21 13:02:30,506 [pool-175-thread-1] INFO  metrics.RatisMetrics (RatisMetrics.java:lambda$create$0(36)) - Creating Metrics Registry : ratis.leader_election.f4989c0c-dcd3-472e-ad74-017c452c42a3@group-D380DA10BAC2
2020-07-21 13:02:30,506 [pool-175-thread-1] INFO  metrics.RatisMetrics (RatisMetrics.java:lambda$create$0(36)) - Creating Metrics Registry : ratis.server.f4989c0c-dcd3-472e-ad74-017c452c42a3@group-D380DA10BAC2
2020-07-21 13:02:30,507 [pool-175-thread-1] INFO  impl.RaftServerImpl (RaftServerImpl.java:start(196)) - f4989c0c-dcd3-472e-ad74-017c452c42a3@group-9E5EF260E081: start as a follower, conf=-1: [f4989c0c-dcd3-472e-ad74-017c452c42a3:172.17.0.2:36033, 52573f45-fbdb-4827-a4d1-e8c2ad0f3cc3:172.17.0.2:40403, ce9f2b91-9bfb-469e-a42d-467d0f33a62f:172.17.0.2:35939], old=null
2020-07-21 13:02:30,507 [pool-175-thread-1] INFO  impl.RaftServerImpl (RaftServerImpl.java:setRole(185)) - f4989c0c-dcd3-472e-ad74-017c452c42a3@group-9E5EF260E081: changes role from      null to FOLLOWER at term 0 for startAsFollower
2020-07-21 13:02:30,507 [pool-175-thread-1] INFO  impl.RoleInfo (RoleInfo.java:updateAndGet(143)) - f4989c0c-dcd3-472e-ad74-017c452c42a3: start FollowerState
2020-07-21 13:02:30,507 [pool-175-thread-1] INFO  util.JmxRegister (JmxRegister.java:tryRegister(44)) - Successfully registered JMX Bean with object name Ratis:service=RaftServer,group=group-9E5EF260E081,id=f4989c0c-dcd3-472e-ad74-017c452c42a3
2020-07-21 13:02:30,507 [pool-175-thread-1] INFO  metrics.RatisMetrics (RatisMetrics.java:lambda$create$0(36)) - Creating Metrics Registry : ratis.state_machine.f4989c0c-dcd3-472e-ad74-017c452c42a3@group-9E5EF260E081
2020-07-21 13:02:30,510 [pool-175-thread-1] INFO  impl.RaftServerImpl (RaftServerImpl.java:start(196)) - f4989c0c-dcd3-472e-ad74-017c452c42a3@group-D380DA10BAC2: start as a follower, conf=-1: [f4989c0c-dcd3-472e-ad74-017c452c42a3:172.17.0.2:36033], old=null
2020-07-21 13:02:30,510 [pool-175-thread-1] INFO  impl.RaftServerImpl (RaftServerImpl.java:setRole(185)) - f4989c0c-dcd3-472e-ad74-017c452c42a3@group-D380DA10BAC2: changes role from      null to FOLLOWER at term 0 for startAsFollower
2020-07-21 13:02:30,511 [pool-175-thread-1] INFO  impl.RoleInfo (RoleInfo.java:updateAndGet(143)) - f4989c0c-dcd3-472e-ad74-017c452c42a3: start FollowerState
2020-07-21 13:02:30,513 [pool-175-thread-1] INFO  util.JmxRegister (JmxRegister.java:tryRegister(44)) - Successfully registered JMX Bean with object name Ratis:service=RaftServer,group=group-D380DA10BAC2,id=f4989c0c-dcd3-472e-ad74-017c452c42a3
2020-07-21 13:02:30,513 [pool-175-thread-1] INFO  metrics.RatisMetrics (RatisMetrics.java:lambda$create$0(36)) - Creating Metrics Registry : ratis.state_machine.f4989c0c-dcd3-472e-ad74-017c452c42a3@group-D380DA10BAC2
2020-07-21 13:02:30,517 [Command processor thread] INFO  commandhandler.CreatePipelineCommandHandler (CreatePipelineCommandHandler.java:handle(109)) - Created Pipeline RATIS ONE #id: "cdc1e895-57bb-404e-b93d-d380da10bac2"
uuid128 {
  mostSigBits: -3620356897309507506
  leastSigBits: -5098686652745729342
}
.
2020-07-21 13:02:30,519 [Command processor thread] INFO  commandhandler.CreatePipelineCommandHandler (CreatePipelineCommandHandler.java:handle(109)) - Created Pipeline RATIS THREE #id: "8f6a8b41-efeb-4935-b3c5-9e5ef260e081"
uuid128 {
  mostSigBits: -8112518663440217803
  leastSigBits: -5492810039877902207
}
.
2020-07-21 13:02:30,597 [Command processor thread] INFO  impl.RaftServerProxy (RaftServerProxy.java:addNew(89)) - 52573f45-fbdb-4827-a4d1-e8c2ad0f3cc3: addNew group-54C18EC8830D:[52573f45-fbdb-4827-a4d1-e8c2ad0f3cc3:172.17.0.2:40403] returns group-54C18EC8830D:java.util.concurrent.CompletableFuture@5733cdf1[Not completed]
2020-07-21 13:02:30,599 [pool-190-thread-1] INFO  impl.RaftServerImpl (RaftServerImpl.java:<init>(107)) - 52573f45-fbdb-4827-a4d1-e8c2ad0f3cc3: new RaftServerImpl for group-54C18EC8830D:[52573f45-fbdb-4827-a4d1-e8c2ad0f3cc3:172.17.0.2:40403] with ContainerStateMachine:uninitialized
2020-07-21 13:02:30,599 [pool-190-thread-1] INFO  server.RaftServerConfigKeys (ConfUtils.java:logGet(44)) - raft.server.rpc.timeout.min = 5s (custom)
2020-07-21 13:02:30,599 [pool-190-thread-1] INFO  server.RaftServerConfigKeys (ConfUtils.java:logGet(44)) - raft.server.rpc.timeout.max = 5200ms (custom)
2020-07-21 13:02:30,599 [pool-190-thread-1] INFO  server.RaftServerConfigKeys (ConfUtils.java:logGet(44)) - raft.server.rpcslowness.timeout = 300000ms (custom)
2020-07-21 13:02:30,599 [pool-190-thread-1] INFO  server.RaftServerConfigKeys (ConfUtils.java:logGet(44)) - raft.server.sleep.deviation.threshold = 300 (default)
2020-07-21 13:02:30,599 [pool-190-thread-1] INFO  server.RaftServerConfigKeys (ConfUtils.java:logGet(44)) - raft.server.log.appender.install.snapshot.enabled = false (custom)
2020-07-21 13:02:30,599 [pool-190-thread-1] INFO  impl.RaftServerImpl (ServerState.java:<init>(103)) - 52573f45-fbdb-4827-a4d1-e8c2ad0f3cc3@group-54C18EC8830D: ConfigurationManager, init=-1: [52573f45-fbdb-4827-a4d1-e8c2ad0f3cc3:172.17.0.2:40403], old=null, confs=<EMPTY_MAP>
2020-07-21 13:02:30,599 [pool-190-thread-1] INFO  server.RaftServerConfigKeys (ConfUtils.java:logGet(44)) - raft.server.storage.dir = [/github/workspace/mnt/ozone/hadoop-ozone/integration-test/target/test-dir/MiniOzoneClusterImpl-be9508b3-40a4-4101-8d37-3f3c8981745f/datanode-2/data/ratis] (custom)
2020-07-21 13:02:30,600 [pool-190-thread-1] INFO  server.RaftServerConfigKeys (ConfUtils.java:logGet(44)) - raft.server.log.corruption.policy = EXCEPTION (default)
2020-07-21 13:02:30,600 [pool-190-thread-1] INFO  storage.RaftStorageDirectory (RaftStorageDirectory.java:analyzeStorage(261)) - The storage directory /github/workspace/mnt/ozone/hadoop-ozone/integration-test/target/test-dir/MiniOzoneClusterImpl-be9508b3-40a4-4101-8d37-3f3c8981745f/datanode-2/data/ratis/659d47db-e412-48ed-8bb9-54c18ec8830d does not exist. Creating ...
2020-07-21 13:02:30,601 [pool-190-thread-1] INFO  storage.RaftStorageDirectory (RaftStorageDirectory.java:tryLock(343)) - Lock on /github/workspace/mnt/ozone/hadoop-ozone/integration-test/target/test-dir/MiniOzoneClusterImpl-be9508b3-40a4-4101-8d37-3f3c8981745f/datanode-2/data/ratis/659d47db-e412-48ed-8bb9-54c18ec8830d/in_use.lock acquired by nodename 39214@5dff0df2806b
2020-07-21 13:02:30,603 [pool-190-thread-1] INFO  storage.RaftStorage (RaftStorage.java:format(84)) - Storage directory /github/workspace/mnt/ozone/hadoop-ozone/integration-test/target/test-dir/MiniOzoneClusterImpl-be9508b3-40a4-4101-8d37-3f3c8981745f/datanode-2/data/ratis/659d47db-e412-48ed-8bb9-54c18ec8830d has been successfully formatted.
2020-07-21 13:02:30,603 [pool-190-thread-1] INFO  ratis.ContainerStateMachine (ContainerStateMachine.java:loadSnapshot(225)) - group-54C18EC8830D: The snapshot info is null. Setting the last applied indexto:(t:0, i:~)
2020-07-21 13:02:30,603 [pool-190-thread-1] INFO  server.RaftServerConfigKeys (ConfUtils.java:logGet(44)) - raft.server.notification.no-leader.timeout = 300000ms (custom)
2020-07-21 13:02:30,604 [pool-190-thread-1] INFO  server.RaftServerConfigKeys (ConfUtils.java:logGet(44)) - raft.server.log.use.memory = false (default)
2020-07-21 13:02:30,604 [pool-190-thread-1] INFO  server.RaftServerConfigKeys (ConfUtils.java:logGet(44)) - raft.server.log.purge.gap = 1000000 (custom)
2020-07-21 13:02:30,604 [pool-190-thread-1] INFO  metrics.RatisMetrics (RatisMetrics.java:lambda$create$0(36)) - Creating Metrics Registry : ratis.log_worker.52573f45-fbdb-4827-a4d1-e8c2ad0f3cc3@group-54C18EC8830D
2020-07-21 13:02:30,605 [EventQueue-PipelineReportForPipelineReportHandler] INFO  pipeline.PipelineStateManager (PipelineStateManager.java:openPipeline(131)) - Pipeline Pipeline[ Id: 659d47db-e412-48ed-8bb9-54c18ec8830d, Nodes: 52573f45-fbdb-4827-a4d1-e8c2ad0f3cc3{ip: 172.17.0.2, host: 5dff0df2806b, networkLocation: /default-rack, certSerialId: null}, Type:RATIS, Factor:ONE, State:ALLOCATED, leaderId:52573f45-fbdb-4827-a4d1-e8c2ad0f3cc3, CreationTimestamp2020-07-21T13:02:27.599Z] moved to OPEN state
2020-07-21 13:02:30,605 [EventQueue-OpenPipelineForHealthyPipelineSafeModeRule] INFO  safemode.SCMSafeModeManager (HealthyPipelineSafeModeRule.java:process(129)) - SCM in safe mode. Healthy pipelines reported count is 0, required healthy pipeline reported count is 1
2020-07-21 13:02:30,605 [EventQueue-OpenPipelineForOneReplicaPipelineSafeModeRule] INFO  safemode.SCMSafeModeManager (SCMSafeModeManager.java:validateSafeModeExitRules(214)) - AtleastOneDatanodeReportedRule rule is successfully validated
2020-07-21 13:02:30,606 [pool-190-thread-1] INFO  server.RaftServerConfigKeys (ConfUtils.java:logGet(44)) - raft.server.log.appender.buffer.byte-limit = 33554432 (custom)
2020-07-21 13:02:30,606 [pool-190-thread-1] INFO  server.RaftServerConfigKeys (ConfUtils.java:logGet(44)) - raft.server.log.segment.size.max = 1048576 (custom)
2020-07-21 13:02:30,607 [pool-190-thread-1] INFO  server.RaftServerConfigKeys (ConfUtils.java:logGet(44)) - raft.server.log.segment.cache.num.max = 2 (custom)
2020-07-21 13:02:30,607 [pool-190-thread-1] INFO  segmented.SegmentedRaftLogWorker (SegmentedRaftLogWorker.java:<init>(180)) - new 52573f45-fbdb-4827-a4d1-e8c2ad0f3cc3@group-54C18EC8830D-SegmentedRaftLogWorker for RaftStorage:Storage Directory /github/workspace/mnt/ozone/hadoop-ozone/integration-test/target/test-dir/MiniOzoneClusterImpl-be9508b3-40a4-4101-8d37-3f3c8981745f/datanode-2/data/ratis/659d47db-e412-48ed-8bb9-54c18ec8830d
2020-07-21 13:02:30,607 [pool-190-thread-1] INFO  server.RaftServerConfigKeys (ConfUtils.java:logGet(44)) - raft.server.log.queue.byte-limit = 2147483647 (custom)
2020-07-21 13:02:30,607 [pool-190-thread-1] INFO  server.RaftServerConfigKeys (ConfUtils.java:logGet(44)) - raft.server.log.queue.element-limit = 1024 (custom)
2020-07-21 13:02:30,607 [pool-190-thread-1] INFO  server.RaftServerConfigKeys (ConfUtils.java:logGet(44)) - raft.server.log.segment.size.max = 1048576 (custom)
2020-07-21 13:02:30,607 [pool-190-thread-1] INFO  server.RaftServerConfigKeys (ConfUtils.java:logGet(44)) - raft.server.log.preallocated.size = 16384 (custom)
2020-07-21 13:02:30,607 [pool-190-thread-1] INFO  server.RaftServerConfigKeys (ConfUtils.java:logGet(44)) - raft.server.log.write.buffer.size = 1048576 (custom)
2020-07-21 13:02:30,607 [pool-190-thread-1] INFO  server.RaftServerConfigKeys (ConfUtils.java:logGet(44)) - raft.server.log.force.sync.num = 128 (default)
2020-07-21 13:02:30,607 [pool-190-thread-1] INFO  server.RaftServerConfigKeys (ConfUtils.java:logGet(44)) - raft.server.log.statemachine.data.sync = true (default)
2020-07-21 13:02:30,607 [pool-190-thread-1] INFO  server.RaftServerConfigKeys (ConfUtils.java:logGet(44)) - raft.server.log.statemachine.data.sync.timeout = 10s (default)
2020-07-21 13:02:30,607 [pool-190-thread-1] INFO  server.RaftServerConfigKeys (ConfUtils.java:logGet(44)) - raft.server.log.statemachine.data.sync.timeout.retry = -1 (default)
2020-07-21 13:02:30,609 [pool-190-thread-1] INFO  server.RaftServerConfigKeys (ConfUtils.java:logGet(44)) - raft.server.log.statemachine.data.caching.enabled = true (custom)
2020-07-21 13:02:30,609 [pool-190-thread-1] INFO  segmented.SegmentedRaftLogWorker (SegmentedRaftLogWorker.java:lambda$new$0(129)) - 52573f45-fbdb-4827-a4d1-e8c2ad0f3cc3@group-54C18EC8830D-SegmentedRaftLogWorker: flushIndex: setUnconditionally 0 -> -1
2020-07-21 13:02:30,609 [pool-190-thread-1] INFO  segmented.SegmentedRaftLogWorker (SegmentedRaftLogWorker.java:lambda$new$0(129)) - 52573f45-fbdb-4827-a4d1-e8c2ad0f3cc3@group-54C18EC8830D-SegmentedRaftLogWorker: safeCacheEvictIndex: setUnconditionally 0 -> -1
2020-07-21 13:02:30,615 [pool-190-thread-1] INFO  server.RaftServerConfigKeys (ConfUtils.java:logGet(44)) - raft.server.snapshot.auto.trigger.enabled = true (custom)
2020-07-21 13:02:30,615 [pool-190-thread-1] INFO  server.RaftServerConfigKeys (ConfUtils.java:logGet(44)) - raft.server.snapshot.auto.trigger.threshold = 10000 (custom)
2020-07-21 13:02:30,615 [pool-190-thread-1] INFO  server.RaftServerConfigKeys (ConfUtils.java:logGet(44)) - raft.server.snapshot.retention.file.num = 5 (custom)
2020-07-21 13:02:30,615 [pool-190-thread-1] INFO  server.RaftServerConfigKeys (ConfUtils.java:logGet(44)) - raft.server.log.purge.upto.snapshot.index = false (default)
2020-07-21 13:02:30,615 [pool-190-thread-1] INFO  server.RaftServerConfigKeys (ConfUtils.java:logGet(44)) - raft.server.retrycache.expirytime = 600000ms (custom)
2020-07-21 13:02:30,615 [pool-190-thread-1] INFO  metrics.RatisMetrics (RatisMetrics.java:lambda$create$0(36)) - Creating Metrics Registry : ratis.leader_election.52573f45-fbdb-4827-a4d1-e8c2ad0f3cc3@group-54C18EC8830D
2020-07-21 13:02:30,616 [pool-190-thread-1] INFO  metrics.RatisMetrics (RatisMetrics.java:lambda$create$0(36)) - Creating Metrics Registry : ratis.server.52573f45-fbdb-4827-a4d1-e8c2ad0f3cc3@group-54C18EC8830D
2020-07-21 13:02:30,617 [pool-190-thread-1] INFO  impl.RaftServerImpl (RaftServerImpl.java:start(196)) - 52573f45-fbdb-4827-a4d1-e8c2ad0f3cc3@group-54C18EC8830D: start as a follower, conf=-1: [52573f45-fbdb-4827-a4d1-e8c2ad0f3cc3:172.17.0.2:40403], old=null
2020-07-21 13:02:30,617 [pool-190-thread-1] INFO  impl.RaftServerImpl (RaftServerImpl.java:setRole(185)) - 52573f45-fbdb-4827-a4d1-e8c2ad0f3cc3@group-54C18EC8830D: changes role from      null to FOLLOWER at term 0 for startAsFollower
2020-07-21 13:02:30,617 [pool-190-thread-1] INFO  impl.RoleInfo (RoleInfo.java:updateAndGet(143)) - 52573f45-fbdb-4827-a4d1-e8c2ad0f3cc3: start FollowerState
2020-07-21 13:02:30,617 [pool-190-thread-1] INFO  util.JmxRegister (JmxRegister.java:tryRegister(44)) - Successfully registered JMX Bean with object name Ratis:service=RaftServer,group=group-54C18EC8830D,id=52573f45-fbdb-4827-a4d1-e8c2ad0f3cc3
2020-07-21 13:02:30,617 [pool-190-thread-1] INFO  metrics.RatisMetrics (RatisMetrics.java:lambda$create$0(36)) - Creating Metrics Registry : ratis.state_machine.52573f45-fbdb-4827-a4d1-e8c2ad0f3cc3@group-54C18EC8830D
2020-07-21 13:02:30,618 [Command processor thread] INFO  commandhandler.CreatePipelineCommandHandler (CreatePipelineCommandHandler.java:handle(109)) - Created Pipeline RATIS ONE #id: "659d47db-e412-48ed-8bb9-54c18ec8830d"
uuid128 {
  mostSigBits: 7322087578924108013
  leastSigBits: -8378572441445170419
}
.
2020-07-21 13:02:30,711 [Command processor thread] INFO  impl.RaftServerProxy (RaftServerProxy.java:addNew(89)) - d5ca780d-91ab-4a71-97a7-7cd5dfc24b80: addNew group-04BD99C537EA:[d5ca780d-91ab-4a71-97a7-7cd5dfc24b80:172.17.0.2:38705] returns group-04BD99C537EA:java.util.concurrent.CompletableFuture@205038cb[Not completed]
2020-07-21 13:02:30,713 [pool-205-thread-1] INFO  impl.RaftServerImpl (RaftServerImpl.java:<init>(107)) - d5ca780d-91ab-4a71-97a7-7cd5dfc24b80: new RaftServerImpl for group-04BD99C537EA:[d5ca780d-91ab-4a71-97a7-7cd5dfc24b80:172.17.0.2:38705] with ContainerStateMachine:uninitialized
2020-07-21 13:02:30,713 [pool-205-thread-1] INFO  server.RaftServerConfigKeys (ConfUtils.java:logGet(44)) - raft.server.rpc.timeout.min = 5s (custom)
2020-07-21 13:02:30,714 [pool-205-thread-1] INFO  server.RaftServerConfigKeys (ConfUtils.java:logGet(44)) - raft.server.rpc.timeout.max = 5200ms (custom)
2020-07-21 13:02:30,714 [pool-205-thread-1] INFO  server.RaftServerConfigKeys (ConfUtils.java:logGet(44)) - raft.server.rpcslowness.timeout = 300000ms (custom)
2020-07-21 13:02:30,714 [pool-205-thread-1] INFO  server.RaftServerConfigKeys (ConfUtils.java:logGet(44)) - raft.server.sleep.deviation.threshold = 300 (default)
2020-07-21 13:02:30,714 [pool-205-thread-1] INFO  server.RaftServerConfigKeys (ConfUtils.java:logGet(44)) - raft.server.log.appender.install.snapshot.enabled = false (custom)
2020-07-21 13:02:30,714 [pool-205-thread-1] INFO  impl.RaftServerImpl (ServerState.java:<init>(103)) - d5ca780d-91ab-4a71-97a7-7cd5dfc24b80@group-04BD99C537EA: ConfigurationManager, init=-1: [d5ca780d-91ab-4a71-97a7-7cd5dfc24b80:172.17.0.2:38705], old=null, confs=<EMPTY_MAP>
2020-07-21 13:02:30,714 [pool-205-thread-1] INFO  server.RaftServerConfigKeys (ConfUtils.java:logGet(44)) - raft.server.storage.dir = [/github/workspace/mnt/ozone/hadoop-ozone/integration-test/target/test-dir/MiniOzoneClusterImpl-be9508b3-40a4-4101-8d37-3f3c8981745f/datanode-3/data/ratis] (custom)
2020-07-21 13:02:30,714 [pool-205-thread-1] INFO  server.RaftServerConfigKeys (ConfUtils.java:logGet(44)) - raft.server.log.corruption.policy = EXCEPTION (default)
2020-07-21 13:02:30,715 [pool-205-thread-1] INFO  storage.RaftStorageDirectory (RaftStorageDirectory.java:analyzeStorage(261)) - The storage directory /github/workspace/mnt/ozone/hadoop-ozone/integration-test/target/test-dir/MiniOzoneClusterImpl-be9508b3-40a4-4101-8d37-3f3c8981745f/datanode-3/data/ratis/04182b48-8322-47e7-b01c-04bd99c537ea does not exist. Creating ...
2020-07-21 13:02:30,716 [pool-205-thread-1] INFO  storage.RaftStorageDirectory (RaftStorageDirectory.java:tryLock(343)) - Lock on /github/workspace/mnt/ozone/hadoop-ozone/integration-test/target/test-dir/MiniOzoneClusterImpl-be9508b3-40a4-4101-8d37-3f3c8981745f/datanode-3/data/ratis/04182b48-8322-47e7-b01c-04bd99c537ea/in_use.lock acquired by nodename 39214@5dff0df2806b
2020-07-21 13:02:30,717 [pool-205-thread-1] INFO  storage.RaftStorage (RaftStorage.java:format(84)) - Storage directory /github/workspace/mnt/ozone/hadoop-ozone/integration-test/target/test-dir/MiniOzoneClusterImpl-be9508b3-40a4-4101-8d37-3f3c8981745f/datanode-3/data/ratis/04182b48-8322-47e7-b01c-04bd99c537ea has been successfully formatted.
2020-07-21 13:02:30,718 [pool-205-thread-1] INFO  ratis.ContainerStateMachine (ContainerStateMachine.java:loadSnapshot(225)) - group-04BD99C537EA: The snapshot info is null. Setting the last applied indexto:(t:0, i:~)
2020-07-21 13:02:30,719 [pool-205-thread-1] INFO  server.RaftServerConfigKeys (ConfUtils.java:logGet(44)) - raft.server.notification.no-leader.timeout = 300000ms (custom)
2020-07-21 13:02:30,720 [EventQueue-PipelineReportForPipelineReportHandler] INFO  pipeline.PipelineStateManager (PipelineStateManager.java:openPipeline(131)) - Pipeline Pipeline[ Id: 04182b48-8322-47e7-b01c-04bd99c537ea, Nodes: d5ca780d-91ab-4a71-97a7-7cd5dfc24b80{ip: 172.17.0.2, host: 5dff0df2806b, networkLocation: /default-rack, certSerialId: null}, Type:RATIS, Factor:ONE, State:ALLOCATED, leaderId:d5ca780d-91ab-4a71-97a7-7cd5dfc24b80, CreationTimestamp2020-07-21T13:02:27.713Z] moved to OPEN state
2020-07-21 13:02:30,720 [EventQueue-OpenPipelineForHealthyPipelineSafeModeRule] INFO  safemode.SCMSafeModeManager (HealthyPipelineSafeModeRule.java:process(129)) - SCM in safe mode. Healthy pipelines reported count is 0, required healthy pipeline reported count is 1
2020-07-21 13:02:30,720 [EventQueue-OpenPipelineForOneReplicaPipelineSafeModeRule] INFO  safemode.SCMSafeModeManager (SCMSafeModeManager.java:validateSafeModeExitRules(214)) - AtleastOneDatanodeReportedRule rule is successfully validated
2020-07-21 13:02:30,720 [pool-205-thread-1] INFO  server.RaftServerConfigKeys (ConfUtils.java:logGet(44)) - raft.server.log.use.memory = false (default)
2020-07-21 13:02:30,720 [pool-205-thread-1] INFO  server.RaftServerConfigKeys (ConfUtils.java:logGet(44)) - raft.server.log.purge.gap = 1000000 (custom)
2020-07-21 13:02:30,720 [pool-205-thread-1] INFO  metrics.RatisMetrics (RatisMetrics.java:lambda$create$0(36)) - Creating Metrics Registry : ratis.log_worker.d5ca780d-91ab-4a71-97a7-7cd5dfc24b80@group-04BD99C537EA
2020-07-21 13:02:30,721 [pool-205-thread-1] INFO  server.RaftServerConfigKeys (ConfUtils.java:logGet(44)) - raft.server.log.appender.buffer.byte-limit = 33554432 (custom)
2020-07-21 13:02:30,721 [pool-205-thread-1] INFO  server.RaftServerConfigKeys (ConfUtils.java:logGet(44)) - raft.server.log.segment.size.max = 1048576 (custom)
2020-07-21 13:02:30,721 [pool-205-thread-1] INFO  server.RaftServerConfigKeys (ConfUtils.java:logGet(44)) - raft.server.log.segment.cache.num.max = 2 (custom)
2020-07-21 13:02:30,722 [pool-205-thread-1] INFO  segmented.SegmentedRaftLogWorker (SegmentedRaftLogWorker.java:<init>(180)) - new d5ca780d-91ab-4a71-97a7-7cd5dfc24b80@group-04BD99C537EA-SegmentedRaftLogWorker for RaftStorage:Storage Directory /github/workspace/mnt/ozone/hadoop-ozone/integration-test/target/test-dir/MiniOzoneClusterImpl-be9508b3-40a4-4101-8d37-3f3c8981745f/datanode-3/data/ratis/04182b48-8322-47e7-b01c-04bd99c537ea
2020-07-21 13:02:30,722 [pool-205-thread-1] INFO  server.RaftServerConfigKeys (ConfUtils.java:logGet(44)) - raft.server.log.queue.byte-limit = 2147483647 (custom)
2020-07-21 13:02:30,722 [pool-205-thread-1] INFO  server.RaftServerConfigKeys (ConfUtils.java:logGet(44)) - raft.server.log.queue.element-limit = 1024 (custom)
2020-07-21 13:02:30,722 [pool-205-thread-1] INFO  server.RaftServerConfigKeys (ConfUtils.java:logGet(44)) - raft.server.log.segment.size.max = 1048576 (custom)
2020-07-21 13:02:30,722 [pool-205-thread-1] INFO  server.RaftServerConfigKeys (ConfUtils.java:logGet(44)) - raft.server.log.preallocated.size = 16384 (custom)
2020-07-21 13:02:30,722 [pool-205-thread-1] INFO  server.RaftServerConfigKeys (ConfUtils.java:logGet(44)) - raft.server.log.write.buffer.size = 1048576 (custom)
2020-07-21 13:02:30,722 [pool-205-thread-1] INFO  server.RaftServerConfigKeys (ConfUtils.java:logGet(44)) - raft.server.log.force.sync.num = 128 (default)
2020-07-21 13:02:30,722 [pool-205-thread-1] INFO  server.RaftServerConfigKeys (ConfUtils.java:logGet(44)) - raft.server.log.statemachine.data.sync = true (default)
2020-07-21 13:02:30,722 [pool-205-thread-1] INFO  server.RaftServerConfigKeys (ConfUtils.java:logGet(44)) - raft.server.log.statemachine.data.sync.timeout = 10s (default)
2020-07-21 13:02:30,722 [pool-205-thread-1] INFO  server.RaftServerConfigKeys (ConfUtils.java:logGet(44)) - raft.server.log.statemachine.data.sync.timeout.retry = -1 (default)
2020-07-21 13:02:30,724 [pool-205-thread-1] INFO  server.RaftServerConfigKeys (ConfUtils.java:logGet(44)) - raft.server.log.statemachine.data.caching.enabled = true (custom)
2020-07-21 13:02:30,724 [pool-205-thread-1] INFO  segmented.SegmentedRaftLogWorker (SegmentedRaftLogWorker.java:lambda$new$0(129)) - d5ca780d-91ab-4a71-97a7-7cd5dfc24b80@group-04BD99C537EA-SegmentedRaftLogWorker: flushIndex: setUnconditionally 0 -> -1
2020-07-21 13:02:30,724 [pool-205-thread-1] INFO  segmented.SegmentedRaftLogWorker (SegmentedRaftLogWorker.java:lambda$new$0(129)) - d5ca780d-91ab-4a71-97a7-7cd5dfc24b80@group-04BD99C537EA-SegmentedRaftLogWorker: safeCacheEvictIndex: setUnconditionally 0 -> -1
2020-07-21 13:02:30,724 [pool-205-thread-1] INFO  server.RaftServerConfigKeys (ConfUtils.java:logGet(44)) - raft.server.snapshot.auto.trigger.enabled = true (custom)
2020-07-21 13:02:30,724 [pool-205-thread-1] INFO  server.RaftServerConfigKeys (ConfUtils.java:logGet(44)) - raft.server.snapshot.auto.trigger.threshold = 10000 (custom)
2020-07-21 13:02:30,725 [pool-205-thread-1] INFO  server.RaftServerConfigKeys (ConfUtils.java:logGet(44)) - raft.server.snapshot.retention.file.num = 5 (custom)
2020-07-21 13:02:30,725 [pool-205-thread-1] INFO  server.RaftServerConfigKeys (ConfUtils.java:logGet(44)) - raft.server.log.purge.upto.snapshot.index = false (default)
2020-07-21 13:02:30,725 [pool-205-thread-1] INFO  server.RaftServerConfigKeys (ConfUtils.java:logGet(44)) - raft.server.retrycache.expirytime = 600000ms (custom)
2020-07-21 13:02:30,725 [pool-205-thread-1] INFO  metrics.RatisMetrics (RatisMetrics.java:lambda$create$0(36)) - Creating Metrics Registry : ratis.leader_election.d5ca780d-91ab-4a71-97a7-7cd5dfc24b80@group-04BD99C537EA
2020-07-21 13:02:30,725 [pool-205-thread-1] INFO  metrics.RatisMetrics (RatisMetrics.java:lambda$create$0(36)) - Creating Metrics Registry : ratis.server.d5ca780d-91ab-4a71-97a7-7cd5dfc24b80@group-04BD99C537EA
2020-07-21 13:02:30,726 [pool-205-thread-1] INFO  impl.RaftServerImpl (RaftServerImpl.java:start(196)) - d5ca780d-91ab-4a71-97a7-7cd5dfc24b80@group-04BD99C537EA: start as a follower, conf=-1: [d5ca780d-91ab-4a71-97a7-7cd5dfc24b80:172.17.0.2:38705], old=null
2020-07-21 13:02:30,726 [pool-205-thread-1] INFO  impl.RaftServerImpl (RaftServerImpl.java:setRole(185)) - d5ca780d-91ab-4a71-97a7-7cd5dfc24b80@group-04BD99C537EA: changes role from      null to FOLLOWER at term 0 for startAsFollower
2020-07-21 13:02:30,726 [pool-205-thread-1] INFO  impl.RoleInfo (RoleInfo.java:updateAndGet(143)) - d5ca780d-91ab-4a71-97a7-7cd5dfc24b80: start FollowerState
2020-07-21 13:02:30,729 [pool-205-thread-1] INFO  util.JmxRegister (JmxRegister.java:tryRegister(44)) - Successfully registered JMX Bean with object name Ratis:service=RaftServer,group=group-04BD99C537EA,id=d5ca780d-91ab-4a71-97a7-7cd5dfc24b80
2020-07-21 13:02:30,729 [pool-205-thread-1] INFO  metrics.RatisMetrics (RatisMetrics.java:lambda$create$0(36)) - Creating Metrics Registry : ratis.state_machine.d5ca780d-91ab-4a71-97a7-7cd5dfc24b80@group-04BD99C537EA
2020-07-21 13:02:30,729 [Command processor thread] INFO  commandhandler.CreatePipelineCommandHandler (CreatePipelineCommandHandler.java:handle(109)) - Created Pipeline RATIS ONE #id: "04182b48-8322-47e7-b01c-04bd99c537ea"
uuid128 {
  mostSigBits: 295033366030469095
  leastSigBits: -5756721011311167510
}
.
2020-07-21 13:02:30,731 [Command processor thread] INFO  impl.RaftServerProxy (RaftServerProxy.java:addNew(89)) - d5ca780d-91ab-4a71-97a7-7cd5dfc24b80: addNew group-36D9E753D036:[a34b7963-95e6-4818-b5ff-93e9d77f8426:172.17.0.2:40065, d5ca780d-91ab-4a71-97a7-7cd5dfc24b80:172.17.0.2:38705, 2eac0f59-dcd3-4eb3-89d2-7c59b77080ad:172.17.0.2:39189] returns group-36D9E753D036:java.util.concurrent.CompletableFuture@246fb819[Not completed]
2020-07-21 13:02:30,732 [pool-205-thread-1] INFO  impl.RaftServerImpl (RaftServerImpl.java:<init>(107)) - d5ca780d-91ab-4a71-97a7-7cd5dfc24b80: new RaftServerImpl for group-36D9E753D036:[a34b7963-95e6-4818-b5ff-93e9d77f8426:172.17.0.2:40065, d5ca780d-91ab-4a71-97a7-7cd5dfc24b80:172.17.0.2:38705, 2eac0f59-dcd3-4eb3-89d2-7c59b77080ad:172.17.0.2:39189] with ContainerStateMachine:uninitialized
2020-07-21 13:02:30,732 [pool-205-thread-1] INFO  server.RaftServerConfigKeys (ConfUtils.java:logGet(44)) - raft.server.rpc.timeout.min = 5s (custom)
2020-07-21 13:02:30,732 [pool-205-thread-1] INFO  server.RaftServerConfigKeys (ConfUtils.java:logGet(44)) - raft.server.rpc.timeout.max = 5200ms (custom)
2020-07-21 13:02:30,733 [pool-205-thread-1] INFO  server.RaftServerConfigKeys (ConfUtils.java:logGet(44)) - raft.server.rpcslowness.timeout = 300000ms (custom)
2020-07-21 13:02:30,733 [pool-205-thread-1] INFO  server.RaftServerConfigKeys (ConfUtils.java:logGet(44)) - raft.server.sleep.deviation.threshold = 300 (default)
2020-07-21 13:02:30,733 [pool-205-thread-1] INFO  server.RaftServerConfigKeys (ConfUtils.java:logGet(44)) - raft.server.log.appender.install.snapshot.enabled = false (custom)
2020-07-21 13:02:30,733 [pool-205-thread-1] INFO  impl.RaftServerImpl (ServerState.java:<init>(103)) - d5ca780d-91ab-4a71-97a7-7cd5dfc24b80@group-36D9E753D036: ConfigurationManager, init=-1: [a34b7963-95e6-4818-b5ff-93e9d77f8426:172.17.0.2:40065, d5ca780d-91ab-4a71-97a7-7cd5dfc24b80:172.17.0.2:38705, 2eac0f59-dcd3-4eb3-89d2-7c59b77080ad:172.17.0.2:39189], old=null, confs=<EMPTY_MAP>
2020-07-21 13:02:30,733 [pool-205-thread-1] INFO  server.RaftServerConfigKeys (ConfUtils.java:logGet(44)) - raft.server.storage.dir = [/github/workspace/mnt/ozone/hadoop-ozone/integration-test/target/test-dir/MiniOzoneClusterImpl-be9508b3-40a4-4101-8d37-3f3c8981745f/datanode-3/data/ratis] (custom)
2020-07-21 13:02:30,733 [pool-205-thread-1] INFO  server.RaftServerConfigKeys (ConfUtils.java:logGet(44)) - raft.server.log.corruption.policy = EXCEPTION (default)
2020-07-21 13:02:30,733 [pool-205-thread-1] INFO  storage.RaftStorageDirectory (RaftStorageDirectory.java:analyzeStorage(261)) - The storage directory /github/workspace/mnt/ozone/hadoop-ozone/integration-test/target/test-dir/MiniOzoneClusterImpl-be9508b3-40a4-4101-8d37-3f3c8981745f/datanode-3/data/ratis/ce92a1de-a3af-46f7-98ce-36d9e753d036 does not exist. Creating ...
2020-07-21 13:02:30,734 [pool-205-thread-1] INFO  storage.RaftStorageDirectory (RaftStorageDirectory.java:tryLock(343)) - Lock on /github/workspace/mnt/ozone/hadoop-ozone/integration-test/target/test-dir/MiniOzoneClusterImpl-be9508b3-40a4-4101-8d37-3f3c8981745f/datanode-3/data/ratis/ce92a1de-a3af-46f7-98ce-36d9e753d036/in_use.lock acquired by nodename 39214@5dff0df2806b
2020-07-21 13:02:30,735 [pool-205-thread-1] INFO  storage.RaftStorage (RaftStorage.java:format(84)) - Storage directory /github/workspace/mnt/ozone/hadoop-ozone/integration-test/target/test-dir/MiniOzoneClusterImpl-be9508b3-40a4-4101-8d37-3f3c8981745f/datanode-3/data/ratis/ce92a1de-a3af-46f7-98ce-36d9e753d036 has been successfully formatted.
2020-07-21 13:02:30,735 [pool-205-thread-1] INFO  ratis.ContainerStateMachine (ContainerStateMachine.java:loadSnapshot(225)) - group-36D9E753D036: The snapshot info is null. Setting the last applied indexto:(t:0, i:~)
2020-07-21 13:02:30,736 [pool-205-thread-1] INFO  server.RaftServerConfigKeys (ConfUtils.java:logGet(44)) - raft.server.notification.no-leader.timeout = 300000ms (custom)
2020-07-21 13:02:30,736 [pool-205-thread-1] INFO  server.RaftServerConfigKeys (ConfUtils.java:logGet(44)) - raft.server.log.use.memory = false (default)
2020-07-21 13:02:30,736 [pool-205-thread-1] INFO  server.RaftServerConfigKeys (ConfUtils.java:logGet(44)) - raft.server.log.purge.gap = 1000000 (custom)
2020-07-21 13:02:30,736 [pool-205-thread-1] INFO  metrics.RatisMetrics (RatisMetrics.java:lambda$create$0(36)) - Creating Metrics Registry : ratis.log_worker.d5ca780d-91ab-4a71-97a7-7cd5dfc24b80@group-36D9E753D036
2020-07-21 13:02:30,737 [pool-205-thread-1] INFO  server.RaftServerConfigKeys (ConfUtils.java:logGet(44)) - raft.server.log.appender.buffer.byte-limit = 33554432 (custom)
2020-07-21 13:02:30,737 [pool-205-thread-1] INFO  server.RaftServerConfigKeys (ConfUtils.java:logGet(44)) - raft.server.log.segment.size.max = 1048576 (custom)
2020-07-21 13:02:30,737 [pool-205-thread-1] INFO  server.RaftServerConfigKeys (ConfUtils.java:logGet(44)) - raft.server.log.segment.cache.num.max = 2 (custom)
2020-07-21 13:02:30,738 [pool-205-thread-1] INFO  segmented.SegmentedRaftLogWorker (SegmentedRaftLogWorker.java:<init>(180)) - new d5ca780d-91ab-4a71-97a7-7cd5dfc24b80@group-36D9E753D036-SegmentedRaftLogWorker for RaftStorage:Storage Directory /github/workspace/mnt/ozone/hadoop-ozone/integration-test/target/test-dir/MiniOzoneClusterImpl-be9508b3-40a4-4101-8d37-3f3c8981745f/datanode-3/data/ratis/ce92a1de-a3af-46f7-98ce-36d9e753d036
2020-07-21 13:02:30,738 [pool-205-thread-1] INFO  server.RaftServerConfigKeys (ConfUtils.java:logGet(44)) - raft.server.log.queue.byte-limit = 2147483647 (custom)
2020-07-21 13:02:30,738 [pool-205-thread-1] INFO  server.RaftServerConfigKeys (ConfUtils.java:logGet(44)) - raft.server.log.queue.element-limit = 1024 (custom)
2020-07-21 13:02:30,738 [pool-205-thread-1] INFO  server.RaftServerConfigKeys (ConfUtils.java:logGet(44)) - raft.server.log.segment.size.max = 1048576 (custom)
2020-07-21 13:02:30,738 [pool-205-thread-1] INFO  server.RaftServerConfigKeys (ConfUtils.java:logGet(44)) - raft.server.log.preallocated.size = 16384 (custom)
2020-07-21 13:02:30,739 [pool-205-thread-1] INFO  server.RaftServerConfigKeys (ConfUtils.java:logGet(44)) - raft.server.log.write.buffer.size = 1048576 (custom)
2020-07-21 13:02:30,739 [pool-205-thread-1] INFO  server.RaftServerConfigKeys (ConfUtils.java:logGet(44)) - raft.server.log.force.sync.num = 128 (default)
2020-07-21 13:02:30,739 [pool-205-thread-1] INFO  server.RaftServerConfigKeys (ConfUtils.java:logGet(44)) - raft.server.log.statemachine.data.sync = true (default)
2020-07-21 13:02:30,739 [pool-205-thread-1] INFO  server.RaftServerConfigKeys (ConfUtils.java:logGet(44)) - raft.server.log.statemachine.data.sync.timeout = 10s (default)
2020-07-21 13:02:30,739 [pool-205-thread-1] INFO  server.RaftServerConfigKeys (ConfUtils.java:logGet(44)) - raft.server.log.statemachine.data.sync.timeout.retry = -1 (default)
2020-07-21 13:02:30,741 [pool-205-thread-1] INFO  server.RaftServerConfigKeys (ConfUtils.java:logGet(44)) - raft.server.log.statemachine.data.caching.enabled = true (custom)
2020-07-21 13:02:30,742 [pool-205-thread-1] INFO  segmented.SegmentedRaftLogWorker (SegmentedRaftLogWorker.java:lambda$new$0(129)) - d5ca780d-91ab-4a71-97a7-7cd5dfc24b80@group-36D9E753D036-SegmentedRaftLogWorker: flushIndex: setUnconditionally 0 -> -1
2020-07-21 13:02:30,744 [pool-205-thread-1] INFO  segmented.SegmentedRaftLogWorker (SegmentedRaftLogWorker.java:lambda$new$0(129)) - d5ca780d-91ab-4a71-97a7-7cd5dfc24b80@group-36D9E753D036-SegmentedRaftLogWorker: safeCacheEvictIndex: setUnconditionally 0 -> -1
2020-07-21 13:02:30,744 [pool-205-thread-1] INFO  server.RaftServerConfigKeys (ConfUtils.java:logGet(44)) - raft.server.snapshot.auto.trigger.enabled = true (custom)
2020-07-21 13:02:30,744 [pool-205-thread-1] INFO  server.RaftServerConfigKeys (ConfUtils.java:logGet(44)) - raft.server.snapshot.auto.trigger.threshold = 10000 (custom)
2020-07-21 13:02:30,744 [pool-205-thread-1] INFO  server.RaftServerConfigKeys (ConfUtils.java:logGet(44)) - raft.server.snapshot.retention.file.num = 5 (custom)
2020-07-21 13:02:30,744 [pool-205-thread-1] INFO  server.RaftServerConfigKeys (ConfUtils.java:logGet(44)) - raft.server.log.purge.upto.snapshot.index = false (default)
2020-07-21 13:02:30,744 [pool-205-thread-1] INFO  server.RaftServerConfigKeys (ConfUtils.java:logGet(44)) - raft.server.retrycache.expirytime = 600000ms (custom)
2020-07-21 13:02:30,745 [pool-205-thread-1] INFO  metrics.RatisMetrics (RatisMetrics.java:lambda$create$0(36)) - Creating Metrics Registry : ratis.leader_election.d5ca780d-91ab-4a71-97a7-7cd5dfc24b80@group-36D9E753D036
2020-07-21 13:02:30,745 [pool-205-thread-1] INFO  metrics.RatisMetrics (RatisMetrics.java:lambda$create$0(36)) - Creating Metrics Registry : ratis.server.d5ca780d-91ab-4a71-97a7-7cd5dfc24b80@group-36D9E753D036
2020-07-21 13:02:30,746 [pool-205-thread-1] INFO  impl.RaftServerImpl (RaftServerImpl.java:start(196)) - d5ca780d-91ab-4a71-97a7-7cd5dfc24b80@group-36D9E753D036: start as a follower, conf=-1: [a34b7963-95e6-4818-b5ff-93e9d77f8426:172.17.0.2:40065, d5ca780d-91ab-4a71-97a7-7cd5dfc24b80:172.17.0.2:38705, 2eac0f59-dcd3-4eb3-89d2-7c59b77080ad:172.17.0.2:39189], old=null
2020-07-21 13:02:30,747 [pool-205-thread-1] INFO  impl.RaftServerImpl (RaftServerImpl.java:setRole(185)) - d5ca780d-91ab-4a71-97a7-7cd5dfc24b80@group-36D9E753D036: changes role from      null to FOLLOWER at term 0 for startAsFollower
2020-07-21 13:02:30,747 [pool-205-thread-1] INFO  impl.RoleInfo (RoleInfo.java:updateAndGet(143)) - d5ca780d-91ab-4a71-97a7-7cd5dfc24b80: start FollowerState
2020-07-21 13:02:30,747 [pool-205-thread-1] INFO  util.JmxRegister (JmxRegister.java:tryRegister(44)) - Successfully registered JMX Bean with object name Ratis:service=RaftServer,group=group-36D9E753D036,id=d5ca780d-91ab-4a71-97a7-7cd5dfc24b80
2020-07-21 13:02:30,747 [pool-205-thread-1] INFO  metrics.RatisMetrics (RatisMetrics.java:lambda$create$0(36)) - Creating Metrics Registry : ratis.state_machine.d5ca780d-91ab-4a71-97a7-7cd5dfc24b80@group-36D9E753D036
2020-07-21 13:02:30,757 [grpc-default-executor-2] INFO  impl.RaftServerProxy (RaftServerProxy.java:addNew(89)) - 2eac0f59-dcd3-4eb3-89d2-7c59b77080ad: addNew group-36D9E753D036:[a34b7963-95e6-4818-b5ff-93e9d77f8426:172.17.0.2:40065, d5ca780d-91ab-4a71-97a7-7cd5dfc24b80:172.17.0.2:38705, 2eac0f59-dcd3-4eb3-89d2-7c59b77080ad:172.17.0.2:39189] returns group-36D9E753D036:java.util.concurrent.CompletableFuture@7197d1da[Not completed]
2020-07-21 13:02:30,758 [pool-220-thread-1] INFO  impl.RaftServerImpl (RaftServerImpl.java:<init>(107)) - 2eac0f59-dcd3-4eb3-89d2-7c59b77080ad: new RaftServerImpl for group-36D9E753D036:[a34b7963-95e6-4818-b5ff-93e9d77f8426:172.17.0.2:40065, d5ca780d-91ab-4a71-97a7-7cd5dfc24b80:172.17.0.2:38705, 2eac0f59-dcd3-4eb3-89d2-7c59b77080ad:172.17.0.2:39189] with ContainerStateMachine:uninitialized
2020-07-21 13:02:30,759 [pool-220-thread-1] INFO  server.RaftServerConfigKeys (ConfUtils.java:logGet(44)) - raft.server.rpc.timeout.min = 5s (custom)
2020-07-21 13:02:30,759 [pool-220-thread-1] INFO  server.RaftServerConfigKeys (ConfUtils.java:logGet(44)) - raft.server.rpc.timeout.max = 5200ms (custom)
2020-07-21 13:02:30,759 [pool-220-thread-1] INFO  server.RaftServerConfigKeys (ConfUtils.java:logGet(44)) - raft.server.rpcslowness.timeout = 300000ms (custom)
2020-07-21 13:02:30,759 [pool-220-thread-1] INFO  server.RaftServerConfigKeys (ConfUtils.java:logGet(44)) - raft.server.sleep.deviation.threshold = 300 (default)
2020-07-21 13:02:30,759 [pool-220-thread-1] INFO  server.RaftServerConfigKeys (ConfUtils.java:logGet(44)) - raft.server.log.appender.install.snapshot.enabled = false (custom)
2020-07-21 13:02:30,759 [pool-220-thread-1] INFO  impl.RaftServerImpl (ServerState.java:<init>(103)) - 2eac0f59-dcd3-4eb3-89d2-7c59b77080ad@group-36D9E753D036: ConfigurationManager, init=-1: [a34b7963-95e6-4818-b5ff-93e9d77f8426:172.17.0.2:40065, d5ca780d-91ab-4a71-97a7-7cd5dfc24b80:172.17.0.2:38705, 2eac0f59-dcd3-4eb3-89d2-7c59b77080ad:172.17.0.2:39189], old=null, confs=<EMPTY_MAP>
2020-07-21 13:02:30,759 [pool-220-thread-1] INFO  server.RaftServerConfigKeys (ConfUtils.java:logGet(44)) - raft.server.storage.dir = [/github/workspace/mnt/ozone/hadoop-ozone/integration-test/target/test-dir/MiniOzoneClusterImpl-be9508b3-40a4-4101-8d37-3f3c8981745f/datanode-4/data/ratis] (custom)
2020-07-21 13:02:30,759 [pool-220-thread-1] INFO  server.RaftServerConfigKeys (ConfUtils.java:logGet(44)) - raft.server.log.corruption.policy = EXCEPTION (default)
2020-07-21 13:02:30,759 [pool-220-thread-1] INFO  storage.RaftStorageDirectory (RaftStorageDirectory.java:analyzeStorage(261)) - The storage directory /github/workspace/mnt/ozone/hadoop-ozone/integration-test/target/test-dir/MiniOzoneClusterImpl-be9508b3-40a4-4101-8d37-3f3c8981745f/datanode-4/data/ratis/ce92a1de-a3af-46f7-98ce-36d9e753d036 does not exist. Creating ...
2020-07-21 13:02:30,761 [pool-220-thread-1] INFO  storage.RaftStorageDirectory (RaftStorageDirectory.java:tryLock(343)) - Lock on /github/workspace/mnt/ozone/hadoop-ozone/integration-test/target/test-dir/MiniOzoneClusterImpl-be9508b3-40a4-4101-8d37-3f3c8981745f/datanode-4/data/ratis/ce92a1de-a3af-46f7-98ce-36d9e753d036/in_use.lock acquired by nodename 39214@5dff0df2806b
2020-07-21 13:02:30,761 [pool-220-thread-1] INFO  storage.RaftStorage (RaftStorage.java:format(84)) - Storage directory /github/workspace/mnt/ozone/hadoop-ozone/integration-test/target/test-dir/MiniOzoneClusterImpl-be9508b3-40a4-4101-8d37-3f3c8981745f/datanode-4/data/ratis/ce92a1de-a3af-46f7-98ce-36d9e753d036 has been successfully formatted.
2020-07-21 13:02:30,763 [pool-220-thread-1] INFO  ratis.ContainerStateMachine (ContainerStateMachine.java:loadSnapshot(225)) - group-36D9E753D036: The snapshot info is null. Setting the last applied indexto:(t:0, i:~)
2020-07-21 13:02:30,763 [pool-220-thread-1] INFO  server.RaftServerConfigKeys (ConfUtils.java:logGet(44)) - raft.server.notification.no-leader.timeout = 300000ms (custom)
2020-07-21 13:02:30,763 [pool-220-thread-1] INFO  server.RaftServerConfigKeys (ConfUtils.java:logGet(44)) - raft.server.log.use.memory = false (default)
2020-07-21 13:02:30,763 [pool-220-thread-1] INFO  server.RaftServerConfigKeys (ConfUtils.java:logGet(44)) - raft.server.log.purge.gap = 1000000 (custom)
2020-07-21 13:02:30,763 [pool-220-thread-1] INFO  metrics.RatisMetrics (RatisMetrics.java:lambda$create$0(36)) - Creating Metrics Registry : ratis.log_worker.2eac0f59-dcd3-4eb3-89d2-7c59b77080ad@group-36D9E753D036
2020-07-21 13:02:30,764 [pool-220-thread-1] INFO  server.RaftServerConfigKeys (ConfUtils.java:logGet(44)) - raft.server.log.appender.buffer.byte-limit = 33554432 (custom)
2020-07-21 13:02:30,764 [pool-220-thread-1] INFO  server.RaftServerConfigKeys (ConfUtils.java:logGet(44)) - raft.server.log.segment.size.max = 1048576 (custom)
2020-07-21 13:02:30,764 [pool-220-thread-1] INFO  server.RaftServerConfigKeys (ConfUtils.java:logGet(44)) - raft.server.log.segment.cache.num.max = 2 (custom)
2020-07-21 13:02:30,764 [pool-220-thread-1] INFO  segmented.SegmentedRaftLogWorker (SegmentedRaftLogWorker.java:<init>(180)) - new 2eac0f59-dcd3-4eb3-89d2-7c59b77080ad@group-36D9E753D036-SegmentedRaftLogWorker for RaftStorage:Storage Directory /github/workspace/mnt/ozone/hadoop-ozone/integration-test/target/test-dir/MiniOzoneClusterImpl-be9508b3-40a4-4101-8d37-3f3c8981745f/datanode-4/data/ratis/ce92a1de-a3af-46f7-98ce-36d9e753d036
2020-07-21 13:02:30,764 [pool-220-thread-1] INFO  server.RaftServerConfigKeys (ConfUtils.java:logGet(44)) - raft.server.log.queue.byte-limit = 2147483647 (custom)
2020-07-21 13:02:30,764 [pool-220-thread-1] INFO  server.RaftServerConfigKeys (ConfUtils.java:logGet(44)) - raft.server.log.queue.element-limit = 1024 (custom)
2020-07-21 13:02:30,765 [pool-220-thread-1] INFO  server.RaftServerConfigKeys (ConfUtils.java:logGet(44)) - raft.server.log.segment.size.max = 1048576 (custom)
2020-07-21 13:02:30,765 [pool-220-thread-1] INFO  server.RaftServerConfigKeys (ConfUtils.java:logGet(44)) - raft.server.log.preallocated.size = 16384 (custom)
2020-07-21 13:02:30,765 [pool-220-thread-1] INFO  server.RaftServerConfigKeys (ConfUtils.java:logGet(44)) - raft.server.log.write.buffer.size = 1048576 (custom)
2020-07-21 13:02:30,765 [pool-220-thread-1] INFO  server.RaftServerConfigKeys (ConfUtils.java:logGet(44)) - raft.server.log.force.sync.num = 128 (default)
2020-07-21 13:02:30,765 [pool-220-thread-1] INFO  server.RaftServerConfigKeys (ConfUtils.java:logGet(44)) - raft.server.log.statemachine.data.sync = true (default)
2020-07-21 13:02:30,765 [pool-220-thread-1] INFO  server.RaftServerConfigKeys (ConfUtils.java:logGet(44)) - raft.server.log.statemachine.data.sync.timeout = 10s (default)
2020-07-21 13:02:30,765 [pool-220-thread-1] INFO  server.RaftServerConfigKeys (ConfUtils.java:logGet(44)) - raft.server.log.statemachine.data.sync.timeout.retry = -1 (default)
2020-07-21 13:02:30,767 [pool-220-thread-1] INFO  server.RaftServerConfigKeys (ConfUtils.java:logGet(44)) - raft.server.log.statemachine.data.caching.enabled = true (custom)
2020-07-21 13:02:30,767 [pool-220-thread-1] INFO  segmented.SegmentedRaftLogWorker (SegmentedRaftLogWorker.java:lambda$new$0(129)) - 2eac0f59-dcd3-4eb3-89d2-7c59b77080ad@group-36D9E753D036-SegmentedRaftLogWorker: flushIndex: setUnconditionally 0 -> -1
2020-07-21 13:02:30,768 [pool-220-thread-1] INFO  segmented.SegmentedRaftLogWorker (SegmentedRaftLogWorker.java:lambda$new$0(129)) - 2eac0f59-dcd3-4eb3-89d2-7c59b77080ad@group-36D9E753D036-SegmentedRaftLogWorker: safeCacheEvictIndex: setUnconditionally 0 -> -1
2020-07-21 13:02:30,769 [pool-220-thread-1] INFO  server.RaftServerConfigKeys (ConfUtils.java:logGet(44)) - raft.server.snapshot.auto.trigger.enabled = true (custom)
2020-07-21 13:02:30,769 [pool-220-thread-1] INFO  server.RaftServerConfigKeys (ConfUtils.java:logGet(44)) - raft.server.snapshot.auto.trigger.threshold = 10000 (custom)
2020-07-21 13:02:30,769 [pool-220-thread-1] INFO  server.RaftServerConfigKeys (ConfUtils.java:logGet(44)) - raft.server.snapshot.retention.file.num = 5 (custom)
2020-07-21 13:02:30,769 [pool-220-thread-1] INFO  server.RaftServerConfigKeys (ConfUtils.java:logGet(44)) - raft.server.log.purge.upto.snapshot.index = false (default)
2020-07-21 13:02:30,769 [pool-220-thread-1] INFO  server.RaftServerConfigKeys (ConfUtils.java:logGet(44)) - raft.server.retrycache.expirytime = 600000ms (custom)
2020-07-21 13:02:30,769 [pool-220-thread-1] INFO  metrics.RatisMetrics (RatisMetrics.java:lambda$create$0(36)) - Creating Metrics Registry : ratis.leader_election.2eac0f59-dcd3-4eb3-89d2-7c59b77080ad@group-36D9E753D036
2020-07-21 13:02:30,769 [pool-220-thread-1] INFO  metrics.RatisMetrics (RatisMetrics.java:lambda$create$0(36)) - Creating Metrics Registry : ratis.server.2eac0f59-dcd3-4eb3-89d2-7c59b77080ad@group-36D9E753D036
2020-07-21 13:02:30,771 [pool-220-thread-1] INFO  impl.RaftServerImpl (RaftServerImpl.java:start(196)) - 2eac0f59-dcd3-4eb3-89d2-7c59b77080ad@group-36D9E753D036: start as a follower, conf=-1: [a34b7963-95e6-4818-b5ff-93e9d77f8426:172.17.0.2:40065, d5ca780d-91ab-4a71-97a7-7cd5dfc24b80:172.17.0.2:38705, 2eac0f59-dcd3-4eb3-89d2-7c59b77080ad:172.17.0.2:39189], old=null
2020-07-21 13:02:30,771 [pool-220-thread-1] INFO  impl.RaftServerImpl (RaftServerImpl.java:setRole(185)) - 2eac0f59-dcd3-4eb3-89d2-7c59b77080ad@group-36D9E753D036: changes role from      null to FOLLOWER at term 0 for startAsFollower
2020-07-21 13:02:30,771 [pool-220-thread-1] INFO  impl.RoleInfo (RoleInfo.java:updateAndGet(143)) - 2eac0f59-dcd3-4eb3-89d2-7c59b77080ad: start FollowerState
2020-07-21 13:02:30,777 [pool-220-thread-1] INFO  util.JmxRegister (JmxRegister.java:tryRegister(44)) - Successfully registered JMX Bean with object name Ratis:service=RaftServer,group=group-36D9E753D036,id=2eac0f59-dcd3-4eb3-89d2-7c59b77080ad
2020-07-21 13:02:30,777 [pool-220-thread-1] INFO  metrics.RatisMetrics (RatisMetrics.java:lambda$create$0(36)) - Creating Metrics Registry : ratis.state_machine.2eac0f59-dcd3-4eb3-89d2-7c59b77080ad@group-36D9E753D036
2020-07-21 13:02:30,794 [grpc-default-executor-2] INFO  impl.RaftServerProxy (RaftServerProxy.java:addNew(89)) - a34b7963-95e6-4818-b5ff-93e9d77f8426: addNew group-36D9E753D036:[a34b7963-95e6-4818-b5ff-93e9d77f8426:172.17.0.2:40065, d5ca780d-91ab-4a71-97a7-7cd5dfc24b80:172.17.0.2:38705, 2eac0f59-dcd3-4eb3-89d2-7c59b77080ad:172.17.0.2:39189] returns group-36D9E753D036:java.util.concurrent.CompletableFuture@57005c85[Not completed]
2020-07-21 13:02:30,795 [pool-235-thread-1] INFO  impl.RaftServerImpl (RaftServerImpl.java:<init>(107)) - a34b7963-95e6-4818-b5ff-93e9d77f8426: new RaftServerImpl for group-36D9E753D036:[a34b7963-95e6-4818-b5ff-93e9d77f8426:172.17.0.2:40065, d5ca780d-91ab-4a71-97a7-7cd5dfc24b80:172.17.0.2:38705, 2eac0f59-dcd3-4eb3-89d2-7c59b77080ad:172.17.0.2:39189] with ContainerStateMachine:uninitialized
2020-07-21 13:02:30,796 [pool-235-thread-1] INFO  server.RaftServerConfigKeys (ConfUtils.java:logGet(44)) - raft.server.rpc.timeout.min = 5s (custom)
2020-07-21 13:02:30,796 [pool-235-thread-1] INFO  server.RaftServerConfigKeys (ConfUtils.java:logGet(44)) - raft.server.rpc.timeout.max = 5200ms (custom)
2020-07-21 13:02:30,796 [pool-235-thread-1] INFO  server.RaftServerConfigKeys (ConfUtils.java:logGet(44)) - raft.server.rpcslowness.timeout = 300000ms (custom)
2020-07-21 13:02:30,796 [pool-235-thread-1] INFO  server.RaftServerConfigKeys (ConfUtils.java:logGet(44)) - raft.server.sleep.deviation.threshold = 300 (default)
2020-07-21 13:02:30,796 [pool-235-thread-1] INFO  server.RaftServerConfigKeys (ConfUtils.java:logGet(44)) - raft.server.log.appender.install.snapshot.enabled = false (custom)
2020-07-21 13:02:30,796 [pool-235-thread-1] INFO  impl.RaftServerImpl (ServerState.java:<init>(103)) - a34b7963-95e6-4818-b5ff-93e9d77f8426@group-36D9E753D036: ConfigurationManager, init=-1: [a34b7963-95e6-4818-b5ff-93e9d77f8426:172.17.0.2:40065, d5ca780d-91ab-4a71-97a7-7cd5dfc24b80:172.17.0.2:38705, 2eac0f59-dcd3-4eb3-89d2-7c59b77080ad:172.17.0.2:39189], old=null, confs=<EMPTY_MAP>
2020-07-21 13:02:30,796 [pool-235-thread-1] INFO  server.RaftServerConfigKeys (ConfUtils.java:logGet(44)) - raft.server.storage.dir = [/github/workspace/mnt/ozone/hadoop-ozone/integration-test/target/test-dir/MiniOzoneClusterImpl-be9508b3-40a4-4101-8d37-3f3c8981745f/datanode-5/data/ratis] (custom)
2020-07-21 13:02:30,796 [pool-235-thread-1] INFO  server.RaftServerConfigKeys (ConfUtils.java:logGet(44)) - raft.server.log.corruption.policy = EXCEPTION (default)
2020-07-21 13:02:30,796 [pool-235-thread-1] INFO  storage.RaftStorageDirectory (RaftStorageDirectory.java:analyzeStorage(261)) - The storage directory /github/workspace/mnt/ozone/hadoop-ozone/integration-test/target/test-dir/MiniOzoneClusterImpl-be9508b3-40a4-4101-8d37-3f3c8981745f/datanode-5/data/ratis/ce92a1de-a3af-46f7-98ce-36d9e753d036 does not exist. Creating ...
2020-07-21 13:02:30,798 [pool-235-thread-1] INFO  storage.RaftStorageDirectory (RaftStorageDirectory.java:tryLock(343)) - Lock on /github/workspace/mnt/ozone/hadoop-ozone/integration-test/target/test-dir/MiniOzoneClusterImpl-be9508b3-40a4-4101-8d37-3f3c8981745f/datanode-5/data/ratis/ce92a1de-a3af-46f7-98ce-36d9e753d036/in_use.lock acquired by nodename 39214@5dff0df2806b
2020-07-21 13:02:30,799 [pool-235-thread-1] INFO  storage.RaftStorage (RaftStorage.java:format(84)) - Storage directory /github/workspace/mnt/ozone/hadoop-ozone/integration-test/target/test-dir/MiniOzoneClusterImpl-be9508b3-40a4-4101-8d37-3f3c8981745f/datanode-5/data/ratis/ce92a1de-a3af-46f7-98ce-36d9e753d036 has been successfully formatted.
2020-07-21 13:02:30,800 [pool-235-thread-1] INFO  ratis.ContainerStateMachine (ContainerStateMachine.java:loadSnapshot(225)) - group-36D9E753D036: The snapshot info is null. Setting the last applied indexto:(t:0, i:~)
2020-07-21 13:02:30,801 [pool-235-thread-1] INFO  server.RaftServerConfigKeys (ConfUtils.java:logGet(44)) - raft.server.notification.no-leader.timeout = 300000ms (custom)
2020-07-21 13:02:30,801 [pool-235-thread-1] INFO  server.RaftServerConfigKeys (ConfUtils.java:logGet(44)) - raft.server.log.use.memory = false (default)
2020-07-21 13:02:30,801 [pool-235-thread-1] INFO  server.RaftServerConfigKeys (ConfUtils.java:logGet(44)) - raft.server.log.purge.gap = 1000000 (custom)
2020-07-21 13:02:30,801 [pool-235-thread-1] INFO  metrics.RatisMetrics (RatisMetrics.java:lambda$create$0(36)) - Creating Metrics Registry : ratis.log_worker.a34b7963-95e6-4818-b5ff-93e9d77f8426@group-36D9E753D036
2020-07-21 13:02:30,801 [pool-235-thread-1] INFO  server.RaftServerConfigKeys (ConfUtils.java:logGet(44)) - raft.server.log.appender.buffer.byte-limit = 33554432 (custom)
2020-07-21 13:02:30,802 [pool-235-thread-1] INFO  server.RaftServerConfigKeys (ConfUtils.java:logGet(44)) - raft.server.log.segment.size.max = 1048576 (custom)
2020-07-21 13:02:30,802 [pool-235-thread-1] INFO  server.RaftServerConfigKeys (ConfUtils.java:logGet(44)) - raft.server.log.segment.cache.num.max = 2 (custom)
2020-07-21 13:02:30,802 [pool-235-thread-1] INFO  segmented.SegmentedRaftLogWorker (SegmentedRaftLogWorker.java:<init>(180)) - new a34b7963-95e6-4818-b5ff-93e9d77f8426@group-36D9E753D036-SegmentedRaftLogWorker for RaftStorage:Storage Directory /github/workspace/mnt/ozone/hadoop-ozone/integration-test/target/test-dir/MiniOzoneClusterImpl-be9508b3-40a4-4101-8d37-3f3c8981745f/datanode-5/data/ratis/ce92a1de-a3af-46f7-98ce-36d9e753d036
2020-07-21 13:02:30,802 [pool-235-thread-1] INFO  server.RaftServerConfigKeys (ConfUtils.java:logGet(44)) - raft.server.log.queue.byte-limit = 2147483647 (custom)
2020-07-21 13:02:30,802 [pool-235-thread-1] INFO  server.RaftServerConfigKeys (ConfUtils.java:logGet(44)) - raft.server.log.queue.element-limit = 1024 (custom)
2020-07-21 13:02:30,802 [pool-235-thread-1] INFO  server.RaftServerConfigKeys (ConfUtils.java:logGet(44)) - raft.server.log.segment.size.max = 1048576 (custom)
2020-07-21 13:02:30,802 [pool-235-thread-1] INFO  server.RaftServerConfigKeys (ConfUtils.java:logGet(44)) - raft.server.log.preallocated.size = 16384 (custom)
2020-07-21 13:02:30,802 [pool-235-thread-1] INFO  server.RaftServerConfigKeys (ConfUtils.java:logGet(44)) - raft.server.log.write.buffer.size = 1048576 (custom)
2020-07-21 13:02:30,802 [pool-235-thread-1] INFO  server.RaftServerConfigKeys (ConfUtils.java:logGet(44)) - raft.server.log.force.sync.num = 128 (default)
2020-07-21 13:02:30,803 [pool-235-thread-1] INFO  server.RaftServerConfigKeys (ConfUtils.java:logGet(44)) - raft.server.log.statemachine.data.sync = true (default)
2020-07-21 13:02:30,803 [pool-235-thread-1] INFO  server.RaftServerConfigKeys (ConfUtils.java:logGet(44)) - raft.server.log.statemachine.data.sync.timeout = 10s (default)
2020-07-21 13:02:30,803 [pool-235-thread-1] INFO  server.RaftServerConfigKeys (ConfUtils.java:logGet(44)) - raft.server.log.statemachine.data.sync.timeout.retry = -1 (default)
2020-07-21 13:02:30,805 [pool-235-thread-1] INFO  server.RaftServerConfigKeys (ConfUtils.java:logGet(44)) - raft.server.log.statemachine.data.caching.enabled = true (custom)
2020-07-21 13:02:30,805 [pool-235-thread-1] INFO  segmented.SegmentedRaftLogWorker (SegmentedRaftLogWorker.java:lambda$new$0(129)) - a34b7963-95e6-4818-b5ff-93e9d77f8426@group-36D9E753D036-SegmentedRaftLogWorker: flushIndex: setUnconditionally 0 -> -1
2020-07-21 13:02:30,805 [pool-235-thread-1] INFO  segmented.SegmentedRaftLogWorker (SegmentedRaftLogWorker.java:lambda$new$0(129)) - a34b7963-95e6-4818-b5ff-93e9d77f8426@group-36D9E753D036-SegmentedRaftLogWorker: safeCacheEvictIndex: setUnconditionally 0 -> -1
2020-07-21 13:02:30,805 [pool-235-thread-1] INFO  server.RaftServerConfigKeys (ConfUtils.java:logGet(44)) - raft.server.snapshot.auto.trigger.enabled = true (custom)
2020-07-21 13:02:30,805 [pool-235-thread-1] INFO  server.RaftServerConfigKeys (ConfUtils.java:logGet(44)) - raft.server.snapshot.auto.trigger.threshold = 10000 (custom)
2020-07-21 13:02:30,805 [pool-235-thread-1] INFO  server.RaftServerConfigKeys (ConfUtils.java:logGet(44)) - raft.server.snapshot.retention.file.num = 5 (custom)
2020-07-21 13:02:30,805 [pool-235-thread-1] INFO  server.RaftServerConfigKeys (ConfUtils.java:logGet(44)) - raft.server.log.purge.upto.snapshot.index = false (default)
2020-07-21 13:02:30,805 [pool-235-thread-1] INFO  server.RaftServerConfigKeys (ConfUtils.java:logGet(44)) - raft.server.retrycache.expirytime = 600000ms (custom)
2020-07-21 13:02:30,805 [pool-235-thread-1] INFO  metrics.RatisMetrics (RatisMetrics.java:lambda$create$0(36)) - Creating Metrics Registry : ratis.leader_election.a34b7963-95e6-4818-b5ff-93e9d77f8426@group-36D9E753D036
2020-07-21 13:02:30,806 [pool-235-thread-1] INFO  metrics.RatisMetrics (RatisMetrics.java:lambda$create$0(36)) - Creating Metrics Registry : ratis.server.a34b7963-95e6-4818-b5ff-93e9d77f8426@group-36D9E753D036
2020-07-21 13:02:30,807 [pool-235-thread-1] INFO  impl.RaftServerImpl (RaftServerImpl.java:start(196)) - a34b7963-95e6-4818-b5ff-93e9d77f8426@group-36D9E753D036: start as a follower, conf=-1: [a34b7963-95e6-4818-b5ff-93e9d77f8426:172.17.0.2:40065, d5ca780d-91ab-4a71-97a7-7cd5dfc24b80:172.17.0.2:38705, 2eac0f59-dcd3-4eb3-89d2-7c59b77080ad:172.17.0.2:39189], old=null
2020-07-21 13:02:30,807 [pool-235-thread-1] INFO  impl.RaftServerImpl (RaftServerImpl.java:setRole(185)) - a34b7963-95e6-4818-b5ff-93e9d77f8426@group-36D9E753D036: changes role from      null to FOLLOWER at term 0 for startAsFollower
2020-07-21 13:02:30,807 [pool-235-thread-1] INFO  impl.RoleInfo (RoleInfo.java:updateAndGet(143)) - a34b7963-95e6-4818-b5ff-93e9d77f8426: start FollowerState
2020-07-21 13:02:30,807 [pool-235-thread-1] INFO  util.JmxRegister (JmxRegister.java:tryRegister(44)) - Successfully registered JMX Bean with object name Ratis:service=RaftServer,group=group-36D9E753D036,id=a34b7963-95e6-4818-b5ff-93e9d77f8426
2020-07-21 13:02:30,807 [pool-235-thread-1] INFO  metrics.RatisMetrics (RatisMetrics.java:lambda$create$0(36)) - Creating Metrics Registry : ratis.state_machine.a34b7963-95e6-4818-b5ff-93e9d77f8426@group-36D9E753D036
2020-07-21 13:02:30,824 [Command processor thread] INFO  commandhandler.CreatePipelineCommandHandler (CreatePipelineCommandHandler.java:handle(109)) - Created Pipeline RATIS THREE #id: "ce92a1de-a3af-46f7-98ce-36d9e753d036"
uuid128 {
  mostSigBits: -3561606377695656201
  leastSigBits: -7435945625225277386
}
.
2020-07-21 13:02:30,850 [Command processor thread] INFO  impl.RaftServerProxy (RaftServerProxy.java:addNew(89)) - 2eac0f59-dcd3-4eb3-89d2-7c59b77080ad: addNew group-67A49A9DB092:[2eac0f59-dcd3-4eb3-89d2-7c59b77080ad:172.17.0.2:39189] returns group-67A49A9DB092:java.util.concurrent.CompletableFuture@5830d073[Not completed]
2020-07-21 13:02:30,851 [pool-220-thread-1] INFO  impl.RaftServerImpl (RaftServerImpl.java:<init>(107)) - 2eac0f59-dcd3-4eb3-89d2-7c59b77080ad: new RaftServerImpl for group-67A49A9DB092:[2eac0f59-dcd3-4eb3-89d2-7c59b77080ad:172.17.0.2:39189] with ContainerStateMachine:uninitialized
2020-07-21 13:02:30,851 [pool-220-thread-1] INFO  server.RaftServerConfigKeys (ConfUtils.java:logGet(44)) - raft.server.rpc.timeout.min = 5s (custom)
2020-07-21 13:02:30,851 [pool-220-thread-1] INFO  server.RaftServerConfigKeys (ConfUtils.java:logGet(44)) - raft.server.rpc.timeout.max = 5200ms (custom)
2020-07-21 13:02:30,851 [pool-220-thread-1] INFO  server.RaftServerConfigKeys (ConfUtils.java:logGet(44)) - raft.server.rpcslowness.timeout = 300000ms (custom)
2020-07-21 13:02:30,852 [pool-220-thread-1] INFO  server.RaftServerConfigKeys (ConfUtils.java:logGet(44)) - raft.server.sleep.deviation.threshold = 300 (default)
2020-07-21 13:02:30,852 [pool-220-thread-1] INFO  server.RaftServerConfigKeys (ConfUtils.java:logGet(44)) - raft.server.log.appender.install.snapshot.enabled = false (custom)
2020-07-21 13:02:30,852 [pool-220-thread-1] INFO  impl.RaftServerImpl (ServerState.java:<init>(103)) - 2eac0f59-dcd3-4eb3-89d2-7c59b77080ad@group-67A49A9DB092: ConfigurationManager, init=-1: [2eac0f59-dcd3-4eb3-89d2-7c59b77080ad:172.17.0.2:39189], old=null, confs=<EMPTY_MAP>
2020-07-21 13:02:30,852 [pool-220-thread-1] INFO  server.RaftServerConfigKeys (ConfUtils.java:logGet(44)) - raft.server.storage.dir = [/github/workspace/mnt/ozone/hadoop-ozone/integration-test/target/test-dir/MiniOzoneClusterImpl-be9508b3-40a4-4101-8d37-3f3c8981745f/datanode-4/data/ratis] (custom)
2020-07-21 13:02:30,853 [pool-220-thread-1] INFO  server.RaftServerConfigKeys (ConfUtils.java:logGet(44)) - raft.server.log.corruption.policy = EXCEPTION (default)
2020-07-21 13:02:30,853 [pool-220-thread-1] INFO  storage.RaftStorageDirectory (RaftStorageDirectory.java:analyzeStorage(261)) - The storage directory /github/workspace/mnt/ozone/hadoop-ozone/integration-test/target/test-dir/MiniOzoneClusterImpl-be9508b3-40a4-4101-8d37-3f3c8981745f/datanode-4/data/ratis/2a6df2b0-bb2d-466f-8b5b-67a49a9db092 does not exist. Creating ...
2020-07-21 13:02:30,857 [pool-220-thread-1] INFO  storage.RaftStorageDirectory (RaftStorageDirectory.java:tryLock(343)) - Lock on /github/workspace/mnt/ozone/hadoop-ozone/integration-test/target/test-dir/MiniOzoneClusterImpl-be9508b3-40a4-4101-8d37-3f3c8981745f/datanode-4/data/ratis/2a6df2b0-bb2d-466f-8b5b-67a49a9db092/in_use.lock acquired by nodename 39214@5dff0df2806b
2020-07-21 13:02:30,858 [pool-220-thread-1] INFO  storage.RaftStorage (RaftStorage.java:format(84)) - Storage directory /github/workspace/mnt/ozone/hadoop-ozone/integration-test/target/test-dir/MiniOzoneClusterImpl-be9508b3-40a4-4101-8d37-3f3c8981745f/datanode-4/data/ratis/2a6df2b0-bb2d-466f-8b5b-67a49a9db092 has been successfully formatted.
2020-07-21 13:02:30,858 [pool-220-thread-1] INFO  ratis.ContainerStateMachine (ContainerStateMachine.java:loadSnapshot(225)) - group-67A49A9DB092: The snapshot info is null. Setting the last applied indexto:(t:0, i:~)
2020-07-21 13:02:30,859 [pool-220-thread-1] INFO  server.RaftServerConfigKeys (ConfUtils.java:logGet(44)) - raft.server.notification.no-leader.timeout = 300000ms (custom)
2020-07-21 13:02:30,859 [pool-220-thread-1] INFO  server.RaftServerConfigKeys (ConfUtils.java:logGet(44)) - raft.server.log.use.memory = false (default)
2020-07-21 13:02:30,859 [pool-220-thread-1] INFO  server.RaftServerConfigKeys (ConfUtils.java:logGet(44)) - raft.server.log.purge.gap = 1000000 (custom)
2020-07-21 13:02:30,859 [pool-220-thread-1] INFO  metrics.RatisMetrics (RatisMetrics.java:lambda$create$0(36)) - Creating Metrics Registry : ratis.log_worker.2eac0f59-dcd3-4eb3-89d2-7c59b77080ad@group-67A49A9DB092
2020-07-21 13:02:30,859 [pool-220-thread-1] INFO  server.RaftServerConfigKeys (ConfUtils.java:logGet(44)) - raft.server.log.appender.buffer.byte-limit = 33554432 (custom)
2020-07-21 13:02:30,859 [pool-220-thread-1] INFO  server.RaftServerConfigKeys (ConfUtils.java:logGet(44)) - raft.server.log.segment.size.max = 1048576 (custom)
2020-07-21 13:02:30,860 [EventQueue-PipelineReportForPipelineReportHandler] INFO  pipeline.PipelineStateManager (PipelineStateManager.java:openPipeline(131)) - Pipeline Pipeline[ Id: 2a6df2b0-bb2d-466f-8b5b-67a49a9db092, Nodes: 2eac0f59-dcd3-4eb3-89d2-7c59b77080ad{ip: 172.17.0.2, host: 5dff0df2806b, networkLocation: /default-rack, certSerialId: null}, Type:RATIS, Factor:ONE, State:ALLOCATED, leaderId:2eac0f59-dcd3-4eb3-89d2-7c59b77080ad, CreationTimestamp2020-07-21T13:02:27.852Z] moved to OPEN state
2020-07-21 13:02:30,860 [EventQueue-OpenPipelineForHealthyPipelineSafeModeRule] INFO  safemode.SCMSafeModeManager (HealthyPipelineSafeModeRule.java:process(129)) - SCM in safe mode. Healthy pipelines reported count is 0, required healthy pipeline reported count is 1
2020-07-21 13:02:30,860 [EventQueue-OpenPipelineForOneReplicaPipelineSafeModeRule] INFO  safemode.SCMSafeModeManager (SCMSafeModeManager.java:validateSafeModeExitRules(214)) - AtleastOneDatanodeReportedRule rule is successfully validated
2020-07-21 13:02:30,861 [pool-220-thread-1] INFO  server.RaftServerConfigKeys (ConfUtils.java:logGet(44)) - raft.server.log.segment.cache.num.max = 2 (custom)
2020-07-21 13:02:30,861 [pool-220-thread-1] INFO  segmented.SegmentedRaftLogWorker (SegmentedRaftLogWorker.java:<init>(180)) - new 2eac0f59-dcd3-4eb3-89d2-7c59b77080ad@group-67A49A9DB092-SegmentedRaftLogWorker for RaftStorage:Storage Directory /github/workspace/mnt/ozone/hadoop-ozone/integration-test/target/test-dir/MiniOzoneClusterImpl-be9508b3-40a4-4101-8d37-3f3c8981745f/datanode-4/data/ratis/2a6df2b0-bb2d-466f-8b5b-67a49a9db092
2020-07-21 13:02:30,861 [pool-220-thread-1] INFO  server.RaftServerConfigKeys (ConfUtils.java:logGet(44)) - raft.server.log.queue.byte-limit = 2147483647 (custom)
2020-07-21 13:02:30,861 [pool-220-thread-1] INFO  server.RaftServerConfigKeys (ConfUtils.java:logGet(44)) - raft.server.log.queue.element-limit = 1024 (custom)
2020-07-21 13:02:30,861 [pool-220-thread-1] INFO  server.RaftServerConfigKeys (ConfUtils.java:logGet(44)) - raft.server.log.segment.size.max = 1048576 (custom)
2020-07-21 13:02:30,861 [pool-220-thread-1] INFO  server.RaftServerConfigKeys (ConfUtils.java:logGet(44)) - raft.server.log.preallocated.size = 16384 (custom)
2020-07-21 13:02:30,861 [pool-220-thread-1] INFO  server.RaftServerConfigKeys (ConfUtils.java:logGet(44)) - raft.server.log.write.buffer.size = 1048576 (custom)
2020-07-21 13:02:30,861 [pool-220-thread-1] INFO  server.RaftServerConfigKeys (ConfUtils.java:logGet(44)) - raft.server.log.force.sync.num = 128 (default)
2020-07-21 13:02:30,861 [pool-220-thread-1] INFO  server.RaftServerConfigKeys (ConfUtils.java:logGet(44)) - raft.server.log.statemachine.data.sync = true (default)
2020-07-21 13:02:30,861 [pool-220-thread-1] INFO  server.RaftServerConfigKeys (ConfUtils.java:logGet(44)) - raft.server.log.statemachine.data.sync.timeout = 10s (default)
2020-07-21 13:02:30,861 [pool-220-thread-1] INFO  server.RaftServerConfigKeys (ConfUtils.java:logGet(44)) - raft.server.log.statemachine.data.sync.timeout.retry = -1 (default)
2020-07-21 13:02:30,863 [pool-220-thread-1] INFO  server.RaftServerConfigKeys (ConfUtils.java:logGet(44)) - raft.server.log.statemachine.data.caching.enabled = true (custom)
2020-07-21 13:02:30,865 [pool-220-thread-1] INFO  segmented.SegmentedRaftLogWorker (SegmentedRaftLogWorker.java:lambda$new$0(129)) - 2eac0f59-dcd3-4eb3-89d2-7c59b77080ad@group-67A49A9DB092-SegmentedRaftLogWorker: flushIndex: setUnconditionally 0 -> -1
2020-07-21 13:02:30,865 [pool-220-thread-1] INFO  segmented.SegmentedRaftLogWorker (SegmentedRaftLogWorker.java:lambda$new$0(129)) - 2eac0f59-dcd3-4eb3-89d2-7c59b77080ad@group-67A49A9DB092-SegmentedRaftLogWorker: safeCacheEvictIndex: setUnconditionally 0 -> -1
2020-07-21 13:02:30,868 [pool-220-thread-1] INFO  server.RaftServerConfigKeys (ConfUtils.java:logGet(44)) - raft.server.snapshot.auto.trigger.enabled = true (custom)
2020-07-21 13:02:30,868 [pool-220-thread-1] INFO  server.RaftServerConfigKeys (ConfUtils.java:logGet(44)) - raft.server.snapshot.auto.trigger.threshold = 10000 (custom)
2020-07-21 13:02:30,868 [pool-220-thread-1] INFO  server.RaftServerConfigKeys (ConfUtils.java:logGet(44)) - raft.server.snapshot.retention.file.num = 5 (custom)
2020-07-21 13:02:30,868 [pool-220-thread-1] INFO  server.RaftServerConfigKeys (ConfUtils.java:logGet(44)) - raft.server.log.purge.upto.snapshot.index = false (default)
2020-07-21 13:02:30,868 [pool-220-thread-1] INFO  server.RaftServerConfigKeys (ConfUtils.java:logGet(44)) - raft.server.retrycache.expirytime = 600000ms (custom)
2020-07-21 13:02:30,868 [pool-220-thread-1] INFO  metrics.RatisMetrics (RatisMetrics.java:lambda$create$0(36)) - Creating Metrics Registry : ratis.leader_election.2eac0f59-dcd3-4eb3-89d2-7c59b77080ad@group-67A49A9DB092
2020-07-21 13:02:30,869 [pool-220-thread-1] INFO  metrics.RatisMetrics (RatisMetrics.java:lambda$create$0(36)) - Creating Metrics Registry : ratis.server.2eac0f59-dcd3-4eb3-89d2-7c59b77080ad@group-67A49A9DB092
2020-07-21 13:02:30,870 [pool-220-thread-1] INFO  impl.RaftServerImpl (RaftServerImpl.java:start(196)) - 2eac0f59-dcd3-4eb3-89d2-7c59b77080ad@group-67A49A9DB092: start as a follower, conf=-1: [2eac0f59-dcd3-4eb3-89d2-7c59b77080ad:172.17.0.2:39189], old=null
2020-07-21 13:02:30,870 [pool-220-thread-1] INFO  impl.RaftServerImpl (RaftServerImpl.java:setRole(185)) - 2eac0f59-dcd3-4eb3-89d2-7c59b77080ad@group-67A49A9DB092: changes role from      null to FOLLOWER at term 0 for startAsFollower
2020-07-21 13:02:30,870 [pool-220-thread-1] INFO  impl.RoleInfo (RoleInfo.java:updateAndGet(143)) - 2eac0f59-dcd3-4eb3-89d2-7c59b77080ad: start FollowerState
2020-07-21 13:02:30,870 [pool-220-thread-1] INFO  util.JmxRegister (JmxRegister.java:tryRegister(44)) - Successfully registered JMX Bean with object name Ratis:service=RaftServer,group=group-67A49A9DB092,id=2eac0f59-dcd3-4eb3-89d2-7c59b77080ad
2020-07-21 13:02:30,870 [pool-220-thread-1] INFO  metrics.RatisMetrics (RatisMetrics.java:lambda$create$0(36)) - Creating Metrics Registry : ratis.state_machine.2eac0f59-dcd3-4eb3-89d2-7c59b77080ad@group-67A49A9DB092
2020-07-21 13:02:30,872 [Command processor thread] INFO  commandhandler.CreatePipelineCommandHandler (CreatePipelineCommandHandler.java:handle(109)) - Created Pipeline RATIS ONE #id: "2a6df2b0-bb2d-466f-8b5b-67a49a9db092"
uuid128 {
  mostSigBits: 3057366562922907247
  leastSigBits: -8405010322890575726
}
.
2020-07-21 13:02:30,958 [Command processor thread] INFO  impl.RaftServerProxy (RaftServerProxy.java:addNew(89)) - a34b7963-95e6-4818-b5ff-93e9d77f8426: addNew group-630E287534D4:[a34b7963-95e6-4818-b5ff-93e9d77f8426:172.17.0.2:40065] returns group-630E287534D4:java.util.concurrent.CompletableFuture@742827e0[Not completed]
2020-07-21 13:02:30,960 [pool-235-thread-1] INFO  impl.RaftServerImpl (RaftServerImpl.java:<init>(107)) - a34b7963-95e6-4818-b5ff-93e9d77f8426: new RaftServerImpl for group-630E287534D4:[a34b7963-95e6-4818-b5ff-93e9d77f8426:172.17.0.2:40065] with ContainerStateMachine:uninitialized
2020-07-21 13:02:30,960 [pool-235-thread-1] INFO  server.RaftServerConfigKeys (ConfUtils.java:logGet(44)) - raft.server.rpc.timeout.min = 5s (custom)
2020-07-21 13:02:30,960 [pool-235-thread-1] INFO  server.RaftServerConfigKeys (ConfUtils.java:logGet(44)) - raft.server.rpc.timeout.max = 5200ms (custom)
2020-07-21 13:02:30,961 [pool-235-thread-1] INFO  server.RaftServerConfigKeys (ConfUtils.java:logGet(44)) - raft.server.rpcslowness.timeout = 300000ms (custom)
2020-07-21 13:02:30,961 [pool-235-thread-1] INFO  server.RaftServerConfigKeys (ConfUtils.java:logGet(44)) - raft.server.sleep.deviation.threshold = 300 (default)
2020-07-21 13:02:30,961 [pool-235-thread-1] INFO  server.RaftServerConfigKeys (ConfUtils.java:logGet(44)) - raft.server.log.appender.install.snapshot.enabled = false (custom)
2020-07-21 13:02:30,961 [pool-235-thread-1] INFO  impl.RaftServerImpl (ServerState.java:<init>(103)) - a34b7963-95e6-4818-b5ff-93e9d77f8426@group-630E287534D4: ConfigurationManager, init=-1: [a34b7963-95e6-4818-b5ff-93e9d77f8426:172.17.0.2:40065], old=null, confs=<EMPTY_MAP>
2020-07-21 13:02:30,961 [pool-235-thread-1] INFO  server.RaftServerConfigKeys (ConfUtils.java:logGet(44)) - raft.server.storage.dir = [/github/workspace/mnt/ozone/hadoop-ozone/integration-test/target/test-dir/MiniOzoneClusterImpl-be9508b3-40a4-4101-8d37-3f3c8981745f/datanode-5/data/ratis] (custom)
2020-07-21 13:02:30,961 [pool-235-thread-1] INFO  server.RaftServerConfigKeys (ConfUtils.java:logGet(44)) - raft.server.log.corruption.policy = EXCEPTION (default)
2020-07-21 13:02:30,961 [pool-235-thread-1] INFO  storage.RaftStorageDirectory (RaftStorageDirectory.java:analyzeStorage(261)) - The storage directory /github/workspace/mnt/ozone/hadoop-ozone/integration-test/target/test-dir/MiniOzoneClusterImpl-be9508b3-40a4-4101-8d37-3f3c8981745f/datanode-5/data/ratis/4df0033a-938b-4290-885e-630e287534d4 does not exist. Creating ...
2020-07-21 13:02:30,962 [pool-235-thread-1] INFO  storage.RaftStorageDirectory (RaftStorageDirectory.java:tryLock(343)) - Lock on /github/workspace/mnt/ozone/hadoop-ozone/integration-test/target/test-dir/MiniOzoneClusterImpl-be9508b3-40a4-4101-8d37-3f3c8981745f/datanode-5/data/ratis/4df0033a-938b-4290-885e-630e287534d4/in_use.lock acquired by nodename 39214@5dff0df2806b
2020-07-21 13:02:30,963 [pool-235-thread-1] INFO  storage.RaftStorage (RaftStorage.java:format(84)) - Storage directory /github/workspace/mnt/ozone/hadoop-ozone/integration-test/target/test-dir/MiniOzoneClusterImpl-be9508b3-40a4-4101-8d37-3f3c8981745f/datanode-5/data/ratis/4df0033a-938b-4290-885e-630e287534d4 has been successfully formatted.
2020-07-21 13:02:30,964 [pool-235-thread-1] INFO  ratis.ContainerStateMachine (ContainerStateMachine.java:loadSnapshot(225)) - group-630E287534D4: The snapshot info is null. Setting the last applied indexto:(t:0, i:~)
2020-07-21 13:02:30,964 [pool-235-thread-1] INFO  server.RaftServerConfigKeys (ConfUtils.java:logGet(44)) - raft.server.notification.no-leader.timeout = 300000ms (custom)
2020-07-21 13:02:30,964 [pool-235-thread-1] INFO  server.RaftServerConfigKeys (ConfUtils.java:logGet(44)) - raft.server.log.use.memory = false (default)
2020-07-21 13:02:30,964 [pool-235-thread-1] INFO  server.RaftServerConfigKeys (ConfUtils.java:logGet(44)) - raft.server.log.purge.gap = 1000000 (custom)
2020-07-21 13:02:30,964 [pool-235-thread-1] INFO  metrics.RatisMetrics (RatisMetrics.java:lambda$create$0(36)) - Creating Metrics Registry : ratis.log_worker.a34b7963-95e6-4818-b5ff-93e9d77f8426@group-630E287534D4
2020-07-21 13:02:30,964 [pool-235-thread-1] INFO  server.RaftServerConfigKeys (ConfUtils.java:logGet(44)) - raft.server.log.appender.buffer.byte-limit = 33554432 (custom)
2020-07-21 13:02:30,964 [pool-235-thread-1] INFO  server.RaftServerConfigKeys (ConfUtils.java:logGet(44)) - raft.server.log.segment.size.max = 1048576 (custom)
2020-07-21 13:02:30,965 [EventQueue-PipelineReportForPipelineReportHandler] INFO  pipeline.PipelineStateManager (PipelineStateManager.java:openPipeline(131)) - Pipeline Pipeline[ Id: 4df0033a-938b-4290-885e-630e287534d4, Nodes: a34b7963-95e6-4818-b5ff-93e9d77f8426{ip: 172.17.0.2, host: 5dff0df2806b, networkLocation: /default-rack, certSerialId: null}, Type:RATIS, Factor:ONE, State:ALLOCATED, leaderId:a34b7963-95e6-4818-b5ff-93e9d77f8426, CreationTimestamp2020-07-21T13:02:27.960Z] moved to OPEN state
2020-07-21 13:02:30,965 [pool-235-thread-1] INFO  server.RaftServerConfigKeys (ConfUtils.java:logGet(44)) - raft.server.log.segment.cache.num.max = 2 (custom)
2020-07-21 13:02:30,965 [EventQueue-OpenPipelineForHealthyPipelineSafeModeRule] INFO  safemode.SCMSafeModeManager (HealthyPipelineSafeModeRule.java:process(129)) - SCM in safe mode. Healthy pipelines reported count is 0, required healthy pipeline reported count is 1
2020-07-21 13:02:30,965 [EventQueue-OpenPipelineForOneReplicaPipelineSafeModeRule] INFO  safemode.SCMSafeModeManager (SCMSafeModeManager.java:validateSafeModeExitRules(214)) - AtleastOneDatanodeReportedRule rule is successfully validated
2020-07-21 13:02:30,965 [pool-235-thread-1] INFO  segmented.SegmentedRaftLogWorker (SegmentedRaftLogWorker.java:<init>(180)) - new a34b7963-95e6-4818-b5ff-93e9d77f8426@group-630E287534D4-SegmentedRaftLogWorker for RaftStorage:Storage Directory /github/workspace/mnt/ozone/hadoop-ozone/integration-test/target/test-dir/MiniOzoneClusterImpl-be9508b3-40a4-4101-8d37-3f3c8981745f/datanode-5/data/ratis/4df0033a-938b-4290-885e-630e287534d4
2020-07-21 13:02:30,965 [pool-235-thread-1] INFO  server.RaftServerConfigKeys (ConfUtils.java:logGet(44)) - raft.server.log.queue.byte-limit = 2147483647 (custom)
2020-07-21 13:02:30,966 [pool-235-thread-1] INFO  server.RaftServerConfigKeys (ConfUtils.java:logGet(44)) - raft.server.log.queue.element-limit = 1024 (custom)
2020-07-21 13:02:30,966 [pool-235-thread-1] INFO  server.RaftServerConfigKeys (ConfUtils.java:logGet(44)) - raft.server.log.segment.size.max = 1048576 (custom)
2020-07-21 13:02:30,966 [pool-235-thread-1] INFO  server.RaftServerConfigKeys (ConfUtils.java:logGet(44)) - raft.server.log.preallocated.size = 16384 (custom)
2020-07-21 13:02:30,966 [pool-235-thread-1] INFO  server.RaftServerConfigKeys (ConfUtils.java:logGet(44)) - raft.server.log.write.buffer.size = 1048576 (custom)
2020-07-21 13:02:30,966 [pool-235-thread-1] INFO  server.RaftServerConfigKeys (ConfUtils.java:logGet(44)) - raft.server.log.force.sync.num = 128 (default)
2020-07-21 13:02:30,966 [pool-235-thread-1] INFO  server.RaftServerConfigKeys (ConfUtils.java:logGet(44)) - raft.server.log.statemachine.data.sync = true (default)
2020-07-21 13:02:30,966 [pool-235-thread-1] INFO  server.RaftServerConfigKeys (ConfUtils.java:logGet(44)) - raft.server.log.statemachine.data.sync.timeout = 10s (default)
2020-07-21 13:02:30,966 [pool-235-thread-1] INFO  server.RaftServerConfigKeys (ConfUtils.java:logGet(44)) - raft.server.log.statemachine.data.sync.timeout.retry = -1 (default)
2020-07-21 13:02:30,968 [pool-235-thread-1] INFO  server.RaftServerConfigKeys (ConfUtils.java:logGet(44)) - raft.server.log.statemachine.data.caching.enabled = true (custom)
2020-07-21 13:02:30,968 [pool-235-thread-1] INFO  segmented.SegmentedRaftLogWorker (SegmentedRaftLogWorker.java:lambda$new$0(129)) - a34b7963-95e6-4818-b5ff-93e9d77f8426@group-630E287534D4-SegmentedRaftLogWorker: flushIndex: setUnconditionally 0 -> -1
2020-07-21 13:02:30,968 [pool-235-thread-1] INFO  segmented.SegmentedRaftLogWorker (SegmentedRaftLogWorker.java:lambda$new$0(129)) - a34b7963-95e6-4818-b5ff-93e9d77f8426@group-630E287534D4-SegmentedRaftLogWorker: safeCacheEvictIndex: setUnconditionally 0 -> -1
2020-07-21 13:02:30,968 [pool-235-thread-1] INFO  server.RaftServerConfigKeys (ConfUtils.java:logGet(44)) - raft.server.snapshot.auto.trigger.enabled = true (custom)
2020-07-21 13:02:30,969 [pool-235-thread-1] INFO  server.RaftServerConfigKeys (ConfUtils.java:logGet(44)) - raft.server.snapshot.auto.trigger.threshold = 10000 (custom)
2020-07-21 13:02:30,969 [pool-235-thread-1] INFO  server.RaftServerConfigKeys (ConfUtils.java:logGet(44)) - raft.server.snapshot.retention.file.num = 5 (custom)
2020-07-21 13:02:30,969 [pool-235-thread-1] INFO  server.RaftServerConfigKeys (ConfUtils.java:logGet(44)) - raft.server.log.purge.upto.snapshot.index = false (default)
2020-07-21 13:02:30,969 [pool-235-thread-1] INFO  server.RaftServerConfigKeys (ConfUtils.java:logGet(44)) - raft.server.retrycache.expirytime = 600000ms (custom)
2020-07-21 13:02:30,969 [pool-235-thread-1] INFO  metrics.RatisMetrics (RatisMetrics.java:lambda$create$0(36)) - Creating Metrics Registry : ratis.leader_election.a34b7963-95e6-4818-b5ff-93e9d77f8426@group-630E287534D4
2020-07-21 13:02:30,969 [pool-235-thread-1] INFO  metrics.RatisMetrics (RatisMetrics.java:lambda$create$0(36)) - Creating Metrics Registry : ratis.server.a34b7963-95e6-4818-b5ff-93e9d77f8426@group-630E287534D4
2020-07-21 13:02:30,970 [pool-235-thread-1] INFO  impl.RaftServerImpl (RaftServerImpl.java:start(196)) - a34b7963-95e6-4818-b5ff-93e9d77f8426@group-630E287534D4: start as a follower, conf=-1: [a34b7963-95e6-4818-b5ff-93e9d77f8426:172.17.0.2:40065], old=null
2020-07-21 13:02:30,970 [pool-235-thread-1] INFO  impl.RaftServerImpl (RaftServerImpl.java:setRole(185)) - a34b7963-95e6-4818-b5ff-93e9d77f8426@group-630E287534D4: changes role from      null to FOLLOWER at term 0 for startAsFollower
2020-07-21 13:02:30,970 [pool-235-thread-1] INFO  impl.RoleInfo (RoleInfo.java:updateAndGet(143)) - a34b7963-95e6-4818-b5ff-93e9d77f8426: start FollowerState
2020-07-21 13:02:30,973 [pool-235-thread-1] INFO  util.JmxRegister (JmxRegister.java:tryRegister(44)) - Successfully registered JMX Bean with object name Ratis:service=RaftServer,group=group-630E287534D4,id=a34b7963-95e6-4818-b5ff-93e9d77f8426
2020-07-21 13:02:30,973 [pool-235-thread-1] INFO  metrics.RatisMetrics (RatisMetrics.java:lambda$create$0(36)) - Creating Metrics Registry : ratis.state_machine.a34b7963-95e6-4818-b5ff-93e9d77f8426@group-630E287534D4
2020-07-21 13:02:30,974 [Command processor thread] INFO  commandhandler.CreatePipelineCommandHandler (CreatePipelineCommandHandler.java:handle(109)) - Created Pipeline RATIS ONE #id: "4df0033a-938b-4290-885e-630e287534d4"
uuid128 {
  mostSigBits: 5615992285449372304
  leastSigBits: -8620343724281088812
}
.
2020-07-21 13:02:31,099 [Listener at 127.0.0.1/40369] INFO  ozone.MiniOzoneClusterImpl (MiniOzoneClusterImpl.java:lambda$waitForClusterToBeReady$0(177)) - Nodes are ready. Got 7 of 7 DN Heartbeats.
2020-07-21 13:02:31,100 [Listener at 127.0.0.1/40369] INFO  ozone.MiniOzoneClusterImpl (MiniOzoneClusterImpl.java:lambda$waitForClusterToBeReady$0(180)) - Waiting for cluster to exit safe mode
2020-07-21 13:02:31,102 [Command processor thread] INFO  impl.RaftServerProxy (RaftServerProxy.java:addNew(89)) - 348bca5e-25af-4723-bedb-70bc4f16e84a: addNew group-0103C602AF91:[348bca5e-25af-4723-bedb-70bc4f16e84a:172.17.0.2:38655] returns group-0103C602AF91:java.util.concurrent.CompletableFuture@1c4983ee[Not completed]
2020-07-21 13:02:31,104 [pool-250-thread-1] INFO  impl.RaftServerImpl (RaftServerImpl.java:<init>(107)) - 348bca5e-25af-4723-bedb-70bc4f16e84a: new RaftServerImpl for group-0103C602AF91:[348bca5e-25af-4723-bedb-70bc4f16e84a:172.17.0.2:38655] with ContainerStateMachine:uninitialized
2020-07-21 13:02:31,104 [pool-250-thread-1] INFO  server.RaftServerConfigKeys (ConfUtils.java:logGet(44)) - raft.server.rpc.timeout.min = 5s (custom)
2020-07-21 13:02:31,105 [pool-250-thread-1] INFO  server.RaftServerConfigKeys (ConfUtils.java:logGet(44)) - raft.server.rpc.timeout.max = 5200ms (custom)
2020-07-21 13:02:31,105 [pool-250-thread-1] INFO  server.RaftServerConfigKeys (ConfUtils.java:logGet(44)) - raft.server.rpcslowness.timeout = 300000ms (custom)
2020-07-21 13:02:31,105 [pool-250-thread-1] INFO  server.RaftServerConfigKeys (ConfUtils.java:logGet(44)) - raft.server.sleep.deviation.threshold = 300 (default)
2020-07-21 13:02:31,105 [pool-250-thread-1] INFO  server.RaftServerConfigKeys (ConfUtils.java:logGet(44)) - raft.server.log.appender.install.snapshot.enabled = false (custom)
2020-07-21 13:02:31,105 [pool-250-thread-1] INFO  impl.RaftServerImpl (ServerState.java:<init>(103)) - 348bca5e-25af-4723-bedb-70bc4f16e84a@group-0103C602AF91: ConfigurationManager, init=-1: [348bca5e-25af-4723-bedb-70bc4f16e84a:172.17.0.2:38655], old=null, confs=<EMPTY_MAP>
2020-07-21 13:02:31,105 [pool-250-thread-1] INFO  server.RaftServerConfigKeys (ConfUtils.java:logGet(44)) - raft.server.storage.dir = [/github/workspace/mnt/ozone/hadoop-ozone/integration-test/target/test-dir/MiniOzoneClusterImpl-be9508b3-40a4-4101-8d37-3f3c8981745f/datanode-6/data/ratis] (custom)
2020-07-21 13:02:31,105 [pool-250-thread-1] INFO  server.RaftServerConfigKeys (ConfUtils.java:logGet(44)) - raft.server.log.corruption.policy = EXCEPTION (default)
2020-07-21 13:02:31,105 [pool-250-thread-1] INFO  storage.RaftStorageDirectory (RaftStorageDirectory.java:analyzeStorage(261)) - The storage directory /github/workspace/mnt/ozone/hadoop-ozone/integration-test/target/test-dir/MiniOzoneClusterImpl-be9508b3-40a4-4101-8d37-3f3c8981745f/datanode-6/data/ratis/140b312a-ccbb-43fa-a844-0103c602af91 does not exist. Creating ...
2020-07-21 13:02:31,106 [pool-250-thread-1] INFO  storage.RaftStorageDirectory (RaftStorageDirectory.java:tryLock(343)) - Lock on /github/workspace/mnt/ozone/hadoop-ozone/integration-test/target/test-dir/MiniOzoneClusterImpl-be9508b3-40a4-4101-8d37-3f3c8981745f/datanode-6/data/ratis/140b312a-ccbb-43fa-a844-0103c602af91/in_use.lock acquired by nodename 39214@5dff0df2806b
2020-07-21 13:02:31,107 [pool-250-thread-1] INFO  storage.RaftStorage (RaftStorage.java:format(84)) - Storage directory /github/workspace/mnt/ozone/hadoop-ozone/integration-test/target/test-dir/MiniOzoneClusterImpl-be9508b3-40a4-4101-8d37-3f3c8981745f/datanode-6/data/ratis/140b312a-ccbb-43fa-a844-0103c602af91 has been successfully formatted.
2020-07-21 13:02:31,108 [pool-250-thread-1] INFO  ratis.ContainerStateMachine (ContainerStateMachine.java:loadSnapshot(225)) - group-0103C602AF91: The snapshot info is null. Setting the last applied indexto:(t:0, i:~)
2020-07-21 13:02:31,109 [pool-250-thread-1] INFO  server.RaftServerConfigKeys (ConfUtils.java:logGet(44)) - raft.server.notification.no-leader.timeout = 300000ms (custom)
2020-07-21 13:02:31,109 [pool-250-thread-1] INFO  server.RaftServerConfigKeys (ConfUtils.java:logGet(44)) - raft.server.log.use.memory = false (default)
2020-07-21 13:02:31,109 [pool-250-thread-1] INFO  server.RaftServerConfigKeys (ConfUtils.java:logGet(44)) - raft.server.log.purge.gap = 1000000 (custom)
2020-07-21 13:02:31,109 [pool-250-thread-1] INFO  metrics.RatisMetrics (RatisMetrics.java:lambda$create$0(36)) - Creating Metrics Registry : ratis.log_worker.348bca5e-25af-4723-bedb-70bc4f16e84a@group-0103C602AF91
2020-07-21 13:02:31,109 [EventQueue-PipelineReportForPipelineReportHandler] INFO  pipeline.PipelineStateManager (PipelineStateManager.java:openPipeline(131)) - Pipeline Pipeline[ Id: 140b312a-ccbb-43fa-a844-0103c602af91, Nodes: 348bca5e-25af-4723-bedb-70bc4f16e84a{ip: 172.17.0.2, host: 5dff0df2806b, networkLocation: /default-rack, certSerialId: null}, Type:RATIS, Factor:ONE, State:ALLOCATED, leaderId:348bca5e-25af-4723-bedb-70bc4f16e84a, CreationTimestamp2020-07-21T13:02:28.105Z] moved to OPEN state
2020-07-21 13:02:31,109 [pool-250-thread-1] INFO  server.RaftServerConfigKeys (ConfUtils.java:logGet(44)) - raft.server.log.appender.buffer.byte-limit = 33554432 (custom)
2020-07-21 13:02:31,109 [EventQueue-OpenPipelineForHealthyPipelineSafeModeRule] INFO  safemode.SCMSafeModeManager (HealthyPipelineSafeModeRule.java:process(129)) - SCM in safe mode. Healthy pipelines reported count is 0, required healthy pipeline reported count is 1
2020-07-21 13:02:31,109 [pool-250-thread-1] INFO  server.RaftServerConfigKeys (ConfUtils.java:logGet(44)) - raft.server.log.segment.size.max = 1048576 (custom)
2020-07-21 13:02:31,109 [EventQueue-OpenPipelineForOneReplicaPipelineSafeModeRule] INFO  safemode.SCMSafeModeManager (SCMSafeModeManager.java:validateSafeModeExitRules(214)) - AtleastOneDatanodeReportedRule rule is successfully validated
2020-07-21 13:02:31,113 [pool-250-thread-1] INFO  server.RaftServerConfigKeys (ConfUtils.java:logGet(44)) - raft.server.log.segment.cache.num.max = 2 (custom)
2020-07-21 13:02:31,113 [pool-250-thread-1] INFO  segmented.SegmentedRaftLogWorker (SegmentedRaftLogWorker.java:<init>(180)) - new 348bca5e-25af-4723-bedb-70bc4f16e84a@group-0103C602AF91-SegmentedRaftLogWorker for RaftStorage:Storage Directory /github/workspace/mnt/ozone/hadoop-ozone/integration-test/target/test-dir/MiniOzoneClusterImpl-be9508b3-40a4-4101-8d37-3f3c8981745f/datanode-6/data/ratis/140b312a-ccbb-43fa-a844-0103c602af91
2020-07-21 13:02:31,113 [pool-250-thread-1] INFO  server.RaftServerConfigKeys (ConfUtils.java:logGet(44)) - raft.server.log.queue.byte-limit = 2147483647 (custom)
2020-07-21 13:02:31,113 [pool-250-thread-1] INFO  server.RaftServerConfigKeys (ConfUtils.java:logGet(44)) - raft.server.log.queue.element-limit = 1024 (custom)
2020-07-21 13:02:31,113 [pool-250-thread-1] INFO  server.RaftServerConfigKeys (ConfUtils.java:logGet(44)) - raft.server.log.segment.size.max = 1048576 (custom)
2020-07-21 13:02:31,113 [pool-250-thread-1] INFO  server.RaftServerConfigKeys (ConfUtils.java:logGet(44)) - raft.server.log.preallocated.size = 16384 (custom)
2020-07-21 13:02:31,113 [pool-250-thread-1] INFO  server.RaftServerConfigKeys (ConfUtils.java:logGet(44)) - raft.server.log.write.buffer.size = 1048576 (custom)
2020-07-21 13:02:31,113 [pool-250-thread-1] INFO  server.RaftServerConfigKeys (ConfUtils.java:logGet(44)) - raft.server.log.force.sync.num = 128 (default)
2020-07-21 13:02:31,113 [pool-250-thread-1] INFO  server.RaftServerConfigKeys (ConfUtils.java:logGet(44)) - raft.server.log.statemachine.data.sync = true (default)
2020-07-21 13:02:31,113 [pool-250-thread-1] INFO  server.RaftServerConfigKeys (ConfUtils.java:logGet(44)) - raft.server.log.statemachine.data.sync.timeout = 10s (default)
2020-07-21 13:02:31,114 [pool-250-thread-1] INFO  server.RaftServerConfigKeys (ConfUtils.java:logGet(44)) - raft.server.log.statemachine.data.sync.timeout.retry = -1 (default)
2020-07-21 13:02:31,115 [pool-250-thread-1] INFO  server.RaftServerConfigKeys (ConfUtils.java:logGet(44)) - raft.server.log.statemachine.data.caching.enabled = true (custom)
2020-07-21 13:02:31,115 [pool-250-thread-1] INFO  segmented.SegmentedRaftLogWorker (SegmentedRaftLogWorker.java:lambda$new$0(129)) - 348bca5e-25af-4723-bedb-70bc4f16e84a@group-0103C602AF91-SegmentedRaftLogWorker: flushIndex: setUnconditionally 0 -> -1
2020-07-21 13:02:31,115 [pool-250-thread-1] INFO  segmented.SegmentedRaftLogWorker (SegmentedRaftLogWorker.java:lambda$new$0(129)) - 348bca5e-25af-4723-bedb-70bc4f16e84a@group-0103C602AF91-SegmentedRaftLogWorker: safeCacheEvictIndex: setUnconditionally 0 -> -1
2020-07-21 13:02:31,121 [pool-250-thread-1] INFO  server.RaftServerConfigKeys (ConfUtils.java:logGet(44)) - raft.server.snapshot.auto.trigger.enabled = true (custom)
2020-07-21 13:02:31,121 [pool-250-thread-1] INFO  server.RaftServerConfigKeys (ConfUtils.java:logGet(44)) - raft.server.snapshot.auto.trigger.threshold = 10000 (custom)
2020-07-21 13:02:31,121 [pool-250-thread-1] INFO  server.RaftServerConfigKeys (ConfUtils.java:logGet(44)) - raft.server.snapshot.retention.file.num = 5 (custom)
2020-07-21 13:02:31,121 [pool-250-thread-1] INFO  server.RaftServerConfigKeys (ConfUtils.java:logGet(44)) - raft.server.log.purge.upto.snapshot.index = false (default)
2020-07-21 13:02:31,121 [pool-250-thread-1] INFO  server.RaftServerConfigKeys (ConfUtils.java:logGet(44)) - raft.server.retrycache.expirytime = 600000ms (custom)
2020-07-21 13:02:31,121 [pool-250-thread-1] INFO  metrics.RatisMetrics (RatisMetrics.java:lambda$create$0(36)) - Creating Metrics Registry : ratis.leader_election.348bca5e-25af-4723-bedb-70bc4f16e84a@group-0103C602AF91
2020-07-21 13:02:31,122 [pool-250-thread-1] INFO  metrics.RatisMetrics (RatisMetrics.java:lambda$create$0(36)) - Creating Metrics Registry : ratis.server.348bca5e-25af-4723-bedb-70bc4f16e84a@group-0103C602AF91
2020-07-21 13:02:31,122 [pool-250-thread-1] INFO  impl.RaftServerImpl (RaftServerImpl.java:start(196)) - 348bca5e-25af-4723-bedb-70bc4f16e84a@group-0103C602AF91: start as a follower, conf=-1: [348bca5e-25af-4723-bedb-70bc4f16e84a:172.17.0.2:38655], old=null
2020-07-21 13:02:31,123 [pool-250-thread-1] INFO  impl.RaftServerImpl (RaftServerImpl.java:setRole(185)) - 348bca5e-25af-4723-bedb-70bc4f16e84a@group-0103C602AF91: changes role from      null to FOLLOWER at term 0 for startAsFollower
2020-07-21 13:02:31,123 [pool-250-thread-1] INFO  impl.RoleInfo (RoleInfo.java:updateAndGet(143)) - 348bca5e-25af-4723-bedb-70bc4f16e84a: start FollowerState
2020-07-21 13:02:31,123 [pool-250-thread-1] INFO  util.JmxRegister (JmxRegister.java:tryRegister(44)) - Successfully registered JMX Bean with object name Ratis:service=RaftServer,group=group-0103C602AF91,id=348bca5e-25af-4723-bedb-70bc4f16e84a
2020-07-21 13:02:31,123 [pool-250-thread-1] INFO  metrics.RatisMetrics (RatisMetrics.java:lambda$create$0(36)) - Creating Metrics Registry : ratis.state_machine.348bca5e-25af-4723-bedb-70bc4f16e84a@group-0103C602AF91
2020-07-21 13:02:31,124 [Command processor thread] INFO  commandhandler.CreatePipelineCommandHandler (CreatePipelineCommandHandler.java:handle(109)) - Created Pipeline RATIS ONE #id: "140b312a-ccbb-43fa-a844-0103c602af91"
uuid128 {
  mostSigBits: 1444302165395588090
  leastSigBits: -6321926861202739311
}
.
2020-07-21 13:02:32,100 [Listener at 127.0.0.1/40369] INFO  ozone.MiniOzoneClusterImpl (MiniOzoneClusterImpl.java:lambda$waitForClusterToBeReady$0(177)) - Nodes are ready. Got 7 of 7 DN Heartbeats.
2020-07-21 13:02:32,100 [Listener at 127.0.0.1/40369] INFO  ozone.MiniOzoneClusterImpl (MiniOzoneClusterImpl.java:lambda$waitForClusterToBeReady$0(180)) - Waiting for cluster to exit safe mode
2020-07-21 13:02:33,100 [Listener at 127.0.0.1/40369] INFO  ozone.MiniOzoneClusterImpl (MiniOzoneClusterImpl.java:lambda$waitForClusterToBeReady$0(177)) - Nodes are ready. Got 7 of 7 DN Heartbeats.
2020-07-21 13:02:33,100 [Listener at 127.0.0.1/40369] INFO  ozone.MiniOzoneClusterImpl (MiniOzoneClusterImpl.java:lambda$waitForClusterToBeReady$0(180)) - Waiting for cluster to exit safe mode
2020-07-21 13:02:34,100 [Listener at 127.0.0.1/40369] INFO  ozone.MiniOzoneClusterImpl (MiniOzoneClusterImpl.java:lambda$waitForClusterToBeReady$0(177)) - Nodes are ready. Got 7 of 7 DN Heartbeats.
2020-07-21 13:02:34,101 [Listener at 127.0.0.1/40369] INFO  ozone.MiniOzoneClusterImpl (MiniOzoneClusterImpl.java:lambda$waitForClusterToBeReady$0(180)) - Waiting for cluster to exit safe mode
2020-07-21 13:02:35,101 [Listener at 127.0.0.1/40369] INFO  ozone.MiniOzoneClusterImpl (MiniOzoneClusterImpl.java:lambda$waitForClusterToBeReady$0(177)) - Nodes are ready. Got 7 of 7 DN Heartbeats.
2020-07-21 13:02:35,101 [Listener at 127.0.0.1/40369] INFO  ozone.MiniOzoneClusterImpl (MiniOzoneClusterImpl.java:lambda$waitForClusterToBeReady$0(180)) - Waiting for cluster to exit safe mode
2020-07-21 13:02:35,488 [Thread-583] INFO  impl.FollowerState (FollowerState.java:run(108)) - ce9f2b91-9bfb-469e-a42d-467d0f33a62f@group-AE882E417FBA-FollowerState: change to CANDIDATE, lastRpcTime:5100ms, electionTimeout:5098ms
2020-07-21 13:02:35,488 [Thread-583] INFO  impl.RoleInfo (RoleInfo.java:shutdownFollowerState(121)) - ce9f2b91-9bfb-469e-a42d-467d0f33a62f: shutdown FollowerState
2020-07-21 13:02:35,488 [Thread-583] INFO  impl.RaftServerImpl (RaftServerImpl.java:setRole(185)) - ce9f2b91-9bfb-469e-a42d-467d0f33a62f@group-AE882E417FBA: changes role from  FOLLOWER to CANDIDATE at term 0 for changeToCandidate
2020-07-21 13:02:35,488 [Thread-583] INFO  impl.RoleInfo (RoleInfo.java:updateAndGet(143)) - ce9f2b91-9bfb-469e-a42d-467d0f33a62f: start LeaderElection
2020-07-21 13:02:35,493 [ce9f2b91-9bfb-469e-a42d-467d0f33a62f@group-AE882E417FBA-LeaderElection15] INFO  impl.LeaderElection (LeaderElection.java:askForVotes(209)) - ce9f2b91-9bfb-469e-a42d-467d0f33a62f@group-AE882E417FBA-LeaderElection15: begin an election at term 1 for -1: [ce9f2b91-9bfb-469e-a42d-467d0f33a62f:172.17.0.2:35939], old=null
2020-07-21 13:02:35,493 [ce9f2b91-9bfb-469e-a42d-467d0f33a62f@group-AE882E417FBA-LeaderElection15] INFO  impl.RoleInfo (RoleInfo.java:shutdownLeaderElection(134)) - ce9f2b91-9bfb-469e-a42d-467d0f33a62f: shutdown LeaderElection
2020-07-21 13:02:35,493 [ce9f2b91-9bfb-469e-a42d-467d0f33a62f@group-AE882E417FBA-LeaderElection15] INFO  impl.RaftServerImpl (RaftServerImpl.java:setRole(185)) - ce9f2b91-9bfb-469e-a42d-467d0f33a62f@group-AE882E417FBA: changes role from CANDIDATE to LEADER at term 1 for changeToLeader
2020-07-21 13:02:35,493 [ce9f2b91-9bfb-469e-a42d-467d0f33a62f@group-AE882E417FBA-LeaderElection15] INFO  ratis.XceiverServerRatis (XceiverServerRatis.java:handleLeaderChangedNotification(820)) - Leader change notification received for group: group-AE882E417FBA with new leaderId: ce9f2b91-9bfb-469e-a42d-467d0f33a62f
2020-07-21 13:02:35,493 [ce9f2b91-9bfb-469e-a42d-467d0f33a62f@group-AE882E417FBA-LeaderElection15] INFO  impl.RaftServerImpl (ServerState.java:setLeader(255)) - ce9f2b91-9bfb-469e-a42d-467d0f33a62f@group-AE882E417FBA: change Leader from null to ce9f2b91-9bfb-469e-a42d-467d0f33a62f at term 1 for becomeLeader, leader elected after 5116ms
2020-07-21 13:02:35,494 [ce9f2b91-9bfb-469e-a42d-467d0f33a62f@group-AE882E417FBA-LeaderElection15] INFO  server.RaftServerConfigKeys (ConfUtils.java:logGet(44)) - raft.server.staging.catchup.gap = 1000 (default)
2020-07-21 13:02:35,494 [ce9f2b91-9bfb-469e-a42d-467d0f33a62f@group-AE882E417FBA-LeaderElection15] INFO  server.RaftServerConfigKeys (ConfUtils.java:logGet(44)) - raft.server.rpc.sleep.time = 25ms (default)
2020-07-21 13:02:35,494 [ce9f2b91-9bfb-469e-a42d-467d0f33a62f@group-AE882E417FBA-LeaderElection15] INFO  metrics.RatisMetrics (RatisMetrics.java:lambda$create$0(36)) - Creating Metrics Registry : ratis.log_appender.ce9f2b91-9bfb-469e-a42d-467d0f33a62f@group-AE882E417FBA
2020-07-21 13:02:35,494 [ce9f2b91-9bfb-469e-a42d-467d0f33a62f@group-AE882E417FBA-LeaderElection15] INFO  server.RaftServerConfigKeys (ConfUtils.java:logGet(44)) - raft.server.write.element-limit = 1024 (custom)
2020-07-21 13:02:35,495 [ce9f2b91-9bfb-469e-a42d-467d0f33a62f@group-AE882E417FBA-LeaderElection15] INFO  server.RaftServerConfigKeys (ConfUtils.java:logGet(44)) - raft.server.write.byte-limit = 1073741824 (custom)
2020-07-21 13:02:35,496 [ce9f2b91-9bfb-469e-a42d-467d0f33a62f@group-AE882E417FBA-LeaderElection15] INFO  server.RaftServerConfigKeys (ConfUtils.java:logGet(44)) - raft.server.watch.timeout = 3000ms (custom)
2020-07-21 13:02:35,496 [ce9f2b91-9bfb-469e-a42d-467d0f33a62f@group-AE882E417FBA-LeaderElection15] INFO  server.RaftServerConfigKeys (ConfUtils.java:logGet(44)) - raft.server.watch.timeout.denomination = 1s (default)
2020-07-21 13:02:35,496 [ce9f2b91-9bfb-469e-a42d-467d0f33a62f@group-AE882E417FBA-LeaderElection15] INFO  server.RaftServerConfigKeys (ConfUtils.java:logGet(44)) - raft.server.watch.element-limit = 65536 (default)
2020-07-21 13:02:35,496 [ce9f2b91-9bfb-469e-a42d-467d0f33a62f@group-AE882E417FBA-LeaderElection15] INFO  impl.RoleInfo (RoleInfo.java:updateAndGet(143)) - ce9f2b91-9bfb-469e-a42d-467d0f33a62f: start LeaderState
2020-07-21 13:02:35,496 [ce9f2b91-9bfb-469e-a42d-467d0f33a62f@group-AE882E417FBA-LeaderElection15] INFO  segmented.SegmentedRaftLogWorker (SegmentedRaftLogWorker.java:startLogSegment(397)) - ce9f2b91-9bfb-469e-a42d-467d0f33a62f@group-AE882E417FBA-SegmentedRaftLogWorker: Starting segment from index:0
2020-07-21 13:02:35,498 [ce9f2b91-9bfb-469e-a42d-467d0f33a62f@group-AE882E417FBA-LeaderElection15] INFO  impl.RaftServerImpl (ServerState.java:setRaftConf(356)) - ce9f2b91-9bfb-469e-a42d-467d0f33a62f@group-AE882E417FBA: set configuration 0: [ce9f2b91-9bfb-469e-a42d-467d0f33a62f:172.17.0.2:35939], old=null at 0
2020-07-21 13:02:35,498 [ce9f2b91-9bfb-469e-a42d-467d0f33a62f@group-AE882E417FBA-SegmentedRaftLogWorker] INFO  segmented.SegmentedRaftLogWorker (SegmentedRaftLogWorker.java:execute(596)) - ce9f2b91-9bfb-469e-a42d-467d0f33a62f@group-AE882E417FBA-SegmentedRaftLogWorker: created new log segment /github/workspace/mnt/ozone/hadoop-ozone/integration-test/target/test-dir/MiniOzoneClusterImpl-be9508b3-40a4-4101-8d37-3f3c8981745f/datanode-0/data/ratis/523050c6-d3b0-47bf-ba4c-ae882e417fba/current/log_inprogress_0
2020-07-21 13:02:35,550 [Thread-591] INFO  impl.FollowerState (FollowerState.java:run(108)) - f4989c0c-dcd3-472e-ad74-017c452c42a3@group-9E5EF260E081-FollowerState: change to CANDIDATE, lastRpcTime:5043ms, electionTimeout:5042ms
2020-07-21 13:02:35,551 [Thread-591] INFO  impl.RoleInfo (RoleInfo.java:shutdownFollowerState(121)) - f4989c0c-dcd3-472e-ad74-017c452c42a3: shutdown FollowerState
2020-07-21 13:02:35,551 [Thread-591] INFO  impl.RaftServerImpl (RaftServerImpl.java:setRole(185)) - f4989c0c-dcd3-472e-ad74-017c452c42a3@group-9E5EF260E081: changes role from  FOLLOWER to CANDIDATE at term 0 for changeToCandidate
2020-07-21 13:02:35,552 [Thread-591] INFO  impl.RoleInfo (RoleInfo.java:updateAndGet(143)) - f4989c0c-dcd3-472e-ad74-017c452c42a3: start LeaderElection
2020-07-21 13:02:35,556 [f4989c0c-dcd3-472e-ad74-017c452c42a3@group-9E5EF260E081-LeaderElection16] INFO  impl.LeaderElection (LeaderElection.java:askForVotes(209)) - f4989c0c-dcd3-472e-ad74-017c452c42a3@group-9E5EF260E081-LeaderElection16: begin an election at term 1 for -1: [f4989c0c-dcd3-472e-ad74-017c452c42a3:172.17.0.2:36033, 52573f45-fbdb-4827-a4d1-e8c2ad0f3cc3:172.17.0.2:40403, ce9f2b91-9bfb-469e-a42d-467d0f33a62f:172.17.0.2:35939], old=null
2020-07-21 13:02:35,566 [grpc-default-executor-2] INFO  impl.RaftServerImpl (RaftServerImpl.java:setRole(185)) - ce9f2b91-9bfb-469e-a42d-467d0f33a62f@group-9E5EF260E081: changes role from  FOLLOWER to FOLLOWER at term 1 for recognizeCandidate:f4989c0c-dcd3-472e-ad74-017c452c42a3
2020-07-21 13:02:35,566 [grpc-default-executor-2] INFO  impl.RoleInfo (RoleInfo.java:shutdownFollowerState(121)) - ce9f2b91-9bfb-469e-a42d-467d0f33a62f: shutdown FollowerState
2020-07-21 13:02:35,566 [grpc-default-executor-2] INFO  impl.RoleInfo (RoleInfo.java:updateAndGet(143)) - ce9f2b91-9bfb-469e-a42d-467d0f33a62f: start FollowerState
2020-07-21 13:02:35,566 [Thread-585] INFO  impl.FollowerState (FollowerState.java:run(117)) - ce9f2b91-9bfb-469e-a42d-467d0f33a62f@group-9E5EF260E081-FollowerState was interrupted: java.lang.InterruptedException: sleep interrupted
2020-07-21 13:02:35,575 [f4989c0c-dcd3-472e-ad74-017c452c42a3@group-9E5EF260E081-LeaderElection16] INFO  impl.LeaderElection (LeaderElection.java:logAndReturn(61)) - f4989c0c-dcd3-472e-ad74-017c452c42a3@group-9E5EF260E081-LeaderElection16: Election PASSED; received 1 response(s) [f4989c0c-dcd3-472e-ad74-017c452c42a3<-ce9f2b91-9bfb-469e-a42d-467d0f33a62f#0:OK-t1] and 0 exception(s); f4989c0c-dcd3-472e-ad74-017c452c42a3@group-9E5EF260E081:t1, leader=null, voted=f4989c0c-dcd3-472e-ad74-017c452c42a3, raftlog=f4989c0c-dcd3-472e-ad74-017c452c42a3@group-9E5EF260E081-SegmentedRaftLog:OPENED:c-1,f-1,i0, conf=-1: [f4989c0c-dcd3-472e-ad74-017c452c42a3:172.17.0.2:36033, 52573f45-fbdb-4827-a4d1-e8c2ad0f3cc3:172.17.0.2:40403, ce9f2b91-9bfb-469e-a42d-467d0f33a62f:172.17.0.2:35939], old=null
2020-07-21 13:02:35,575 [f4989c0c-dcd3-472e-ad74-017c452c42a3@group-9E5EF260E081-LeaderElection16] INFO  impl.RoleInfo (RoleInfo.java:shutdownLeaderElection(134)) - f4989c0c-dcd3-472e-ad74-017c452c42a3: shutdown LeaderElection
2020-07-21 13:02:35,576 [f4989c0c-dcd3-472e-ad74-017c452c42a3@group-9E5EF260E081-LeaderElection16] INFO  impl.RaftServerImpl (RaftServerImpl.java:setRole(185)) - f4989c0c-dcd3-472e-ad74-017c452c42a3@group-9E5EF260E081: changes role from CANDIDATE to LEADER at term 1 for changeToLeader
2020-07-21 13:02:35,576 [f4989c0c-dcd3-472e-ad74-017c452c42a3@group-9E5EF260E081-LeaderElection16] INFO  ratis.XceiverServerRatis (XceiverServerRatis.java:handleLeaderChangedNotification(820)) - Leader change notification received for group: group-9E5EF260E081 with new leaderId: f4989c0c-dcd3-472e-ad74-017c452c42a3
2020-07-21 13:02:35,576 [f4989c0c-dcd3-472e-ad74-017c452c42a3@group-9E5EF260E081-LeaderElection16] INFO  impl.RaftServerImpl (ServerState.java:setLeader(255)) - f4989c0c-dcd3-472e-ad74-017c452c42a3@group-9E5EF260E081: change Leader from null to f4989c0c-dcd3-472e-ad74-017c452c42a3 at term 1 for becomeLeader, leader elected after 5103ms
2020-07-21 13:02:35,576 [grpc-default-executor-2] INFO  impl.RaftServerImpl (RaftServerImpl.java:setRole(185)) - 52573f45-fbdb-4827-a4d1-e8c2ad0f3cc3@group-9E5EF260E081: changes role from  FOLLOWER to FOLLOWER at term 1 for recognizeCandidate:f4989c0c-dcd3-472e-ad74-017c452c42a3
2020-07-21 13:02:35,577 [grpc-default-executor-2] INFO  impl.RoleInfo (RoleInfo.java:shutdownFollowerState(121)) - 52573f45-fbdb-4827-a4d1-e8c2ad0f3cc3: shutdown FollowerState
2020-07-21 13:02:35,577 [grpc-default-executor-2] INFO  impl.RoleInfo (RoleInfo.java:updateAndGet(143)) - 52573f45-fbdb-4827-a4d1-e8c2ad0f3cc3: start FollowerState
2020-07-21 13:02:35,577 [Thread-587] INFO  impl.FollowerState (FollowerState.java:run(117)) - 52573f45-fbdb-4827-a4d1-e8c2ad0f3cc3@group-9E5EF260E081-FollowerState was interrupted: java.lang.InterruptedException: sleep interrupted
2020-07-21 13:02:35,576 [f4989c0c-dcd3-472e-ad74-017c452c42a3@group-9E5EF260E081-LeaderElection16] INFO  server.RaftServerConfigKeys (ConfUtils.java:logGet(44)) - raft.server.staging.catchup.gap = 1000 (default)
2020-07-21 13:02:35,577 [f4989c0c-dcd3-472e-ad74-017c452c42a3@group-9E5EF260E081-LeaderElection16] INFO  server.RaftServerConfigKeys (ConfUtils.java:logGet(44)) - raft.server.rpc.sleep.time = 25ms (default)
2020-07-21 13:02:35,578 [EventQueue-PipelineReportForPipelineReportHandler] INFO  pipeline.PipelineStateManager (PipelineStateManager.java:openPipeline(131)) - Pipeline Pipeline[ Id: 8f6a8b41-efeb-4935-b3c5-9e5ef260e081, Nodes: 52573f45-fbdb-4827-a4d1-e8c2ad0f3cc3{ip: 172.17.0.2, host: 5dff0df2806b, networkLocation: /default-rack, certSerialId: null}ce9f2b91-9bfb-469e-a42d-467d0f33a62f{ip: 172.17.0.2, host: 5dff0df2806b, networkLocation: /default-rack, certSerialId: null}f4989c0c-dcd3-472e-ad74-017c452c42a3{ip: 172.17.0.2, host: 5dff0df2806b, networkLocation: /default-rack, certSerialId: null}, Type:RATIS, Factor:THREE, State:ALLOCATED, leaderId:f4989c0c-dcd3-472e-ad74-017c452c42a3, CreationTimestamp2020-07-21T13:02:27.600Z] moved to OPEN state
2020-07-21 13:02:35,578 [EventQueue-OpenPipelineForHealthyPipelineSafeModeRule] INFO  safemode.SCMSafeModeManager (HealthyPipelineSafeModeRule.java:process(129)) - SCM in safe mode. Healthy pipelines reported count is 1, required healthy pipeline reported count is 1
2020-07-21 13:02:35,578 [EventQueue-OpenPipelineForHealthyPipelineSafeModeRule] INFO  safemode.SCMSafeModeManager (SCMSafeModeManager.java:validateSafeModeExitRules(214)) - HealthyPipelineSafeModeRule rule is successfully validated
2020-07-21 13:02:35,578 [EventQueue-OpenPipelineForHealthyPipelineSafeModeRule] INFO  safemode.SCMSafeModeManager (SCMSafeModeManager.java:validateSafeModeExitRules(228)) - ScmSafeModeManager, all rules are successfully validated
2020-07-21 13:02:35,578 [EventQueue-OpenPipelineForHealthyPipelineSafeModeRule] INFO  safemode.SCMSafeModeManager (SCMSafeModeManager.java:exitSafeMode(257)) - SCM exiting safe mode.
2020-07-21 13:02:35,589 [f4989c0c-dcd3-472e-ad74-017c452c42a3@group-9E5EF260E081-LeaderElection16] INFO  metrics.RatisMetrics (RatisMetrics.java:lambda$create$0(36)) - Creating Metrics Registry : ratis.log_appender.f4989c0c-dcd3-472e-ad74-017c452c42a3@group-9E5EF260E081
2020-07-21 13:02:35,590 [f4989c0c-dcd3-472e-ad74-017c452c42a3@group-9E5EF260E081-LeaderElection16] INFO  server.RaftServerConfigKeys (ConfUtils.java:logGet(44)) - raft.server.write.element-limit = 1024 (custom)
2020-07-21 13:02:35,590 [f4989c0c-dcd3-472e-ad74-017c452c42a3@group-9E5EF260E081-LeaderElection16] INFO  server.RaftServerConfigKeys (ConfUtils.java:logGet(44)) - raft.server.write.byte-limit = 1073741824 (custom)
2020-07-21 13:02:35,591 [f4989c0c-dcd3-472e-ad74-017c452c42a3@group-9E5EF260E081-LeaderElection16] INFO  server.RaftServerConfigKeys (ConfUtils.java:logGet(44)) - raft.server.watch.timeout = 3000ms (custom)
2020-07-21 13:02:35,591 [f4989c0c-dcd3-472e-ad74-017c452c42a3@group-9E5EF260E081-LeaderElection16] INFO  server.RaftServerConfigKeys (ConfUtils.java:logGet(44)) - raft.server.watch.timeout.denomination = 1s (default)
2020-07-21 13:02:35,591 [f4989c0c-dcd3-472e-ad74-017c452c42a3@group-9E5EF260E081-LeaderElection16] INFO  server.RaftServerConfigKeys (ConfUtils.java:logGet(44)) - raft.server.watch.element-limit = 65536 (default)
2020-07-21 13:02:35,591 [f4989c0c-dcd3-472e-ad74-017c452c42a3@group-9E5EF260E081-LeaderElection16] INFO  server.RaftServerConfigKeys (ConfUtils.java:logGet(44)) - raft.server.log.appender.snapshot.chunk.size.max = 16MB (=16777216) (default)
2020-07-21 13:02:35,591 [f4989c0c-dcd3-472e-ad74-017c452c42a3@group-9E5EF260E081-LeaderElection16] INFO  server.RaftServerConfigKeys (ConfUtils.java:logGet(44)) - raft.server.log.appender.buffer.byte-limit = 33554432 (custom)
2020-07-21 13:02:35,591 [f4989c0c-dcd3-472e-ad74-017c452c42a3@group-9E5EF260E081-LeaderElection16] INFO  server.RaftServerConfigKeys (ConfUtils.java:logGet(44)) - raft.server.log.appender.buffer.element-limit = 1 (custom)
2020-07-21 13:02:35,591 [f4989c0c-dcd3-472e-ad74-017c452c42a3@group-9E5EF260E081-LeaderElection16] INFO  grpc.GrpcConfigKeys (ConfUtils.java:logGet(44)) - raft.grpc.server.leader.outstanding.appends.max = 128 (default)
2020-07-21 13:02:35,591 [f4989c0c-dcd3-472e-ad74-017c452c42a3@group-9E5EF260E081-LeaderElection16] INFO  server.RaftServerConfigKeys (ConfUtils.java:logGet(44)) - raft.server.rpc.request.timeout = 3000ms (default)
2020-07-21 13:02:35,591 [f4989c0c-dcd3-472e-ad74-017c452c42a3@group-9E5EF260E081-LeaderElection16] INFO  server.RaftServerConfigKeys (ConfUtils.java:logGet(44)) - raft.server.log.appender.install.snapshot.enabled = false (custom)
2020-07-21 13:02:35,592 [f4989c0c-dcd3-472e-ad74-017c452c42a3@group-9E5EF260E081-LeaderElection16] INFO  metrics.RatisMetrics (RatisMetrics.java:lambda$create$0(36)) - Creating Metrics Registry : ratis_grpc.log_appender.f4989c0c-dcd3-472e-ad74-017c452c42a3@group-9E5EF260E081
2020-07-21 13:02:35,593 [f4989c0c-dcd3-472e-ad74-017c452c42a3@group-9E5EF260E081-LeaderElection16] INFO  server.RaftServerConfigKeys (ConfUtils.java:logGet(44)) - raft.server.log.appender.snapshot.chunk.size.max = 16MB (=16777216) (default)
2020-07-21 13:02:35,593 [f4989c0c-dcd3-472e-ad74-017c452c42a3@group-9E5EF260E081-LeaderElection16] INFO  server.RaftServerConfigKeys (ConfUtils.java:logGet(44)) - raft.server.log.appender.buffer.byte-limit = 33554432 (custom)
2020-07-21 13:02:35,593 [f4989c0c-dcd3-472e-ad74-017c452c42a3@group-9E5EF260E081-LeaderElection16] INFO  server.RaftServerConfigKeys (ConfUtils.java:logGet(44)) - raft.server.log.appender.buffer.element-limit = 1 (custom)
2020-07-21 13:02:35,593 [f4989c0c-dcd3-472e-ad74-017c452c42a3@group-9E5EF260E081-LeaderElection16] INFO  grpc.GrpcConfigKeys (ConfUtils.java:logGet(44)) - raft.grpc.server.leader.outstanding.appends.max = 128 (default)
2020-07-21 13:02:35,593 [f4989c0c-dcd3-472e-ad74-017c452c42a3@group-9E5EF260E081-LeaderElection16] INFO  server.RaftServerConfigKeys (ConfUtils.java:logGet(44)) - raft.server.rpc.request.timeout = 3000ms (default)
2020-07-21 13:02:35,593 [f4989c0c-dcd3-472e-ad74-017c452c42a3@group-9E5EF260E081-LeaderElection16] INFO  server.RaftServerConfigKeys (ConfUtils.java:logGet(44)) - raft.server.log.appender.install.snapshot.enabled = false (custom)
2020-07-21 13:02:35,594 [f4989c0c-dcd3-472e-ad74-017c452c42a3@group-9E5EF260E081-LeaderElection16] INFO  impl.RoleInfo (RoleInfo.java:updateAndGet(143)) - f4989c0c-dcd3-472e-ad74-017c452c42a3: start LeaderState
2020-07-21 13:02:35,594 [f4989c0c-dcd3-472e-ad74-017c452c42a3@group-9E5EF260E081-LeaderElection16] INFO  segmented.SegmentedRaftLogWorker (SegmentedRaftLogWorker.java:startLogSegment(397)) - f4989c0c-dcd3-472e-ad74-017c452c42a3@group-9E5EF260E081-SegmentedRaftLogWorker: Starting segment from index:0
2020-07-21 13:02:35,595 [f4989c0c-dcd3-472e-ad74-017c452c42a3@group-9E5EF260E081-SegmentedRaftLogWorker] INFO  segmented.SegmentedRaftLogWorker (SegmentedRaftLogWorker.java:execute(596)) - f4989c0c-dcd3-472e-ad74-017c452c42a3@group-9E5EF260E081-SegmentedRaftLogWorker: created new log segment /github/workspace/mnt/ozone/hadoop-ozone/integration-test/target/test-dir/MiniOzoneClusterImpl-be9508b3-40a4-4101-8d37-3f3c8981745f/datanode-1/data/ratis/8f6a8b41-efeb-4935-b3c5-9e5ef260e081/current/log_inprogress_0
2020-07-21 13:02:35,596 [f4989c0c-dcd3-472e-ad74-017c452c42a3@group-9E5EF260E081-LeaderElection16] INFO  impl.RaftServerImpl (ServerState.java:setRaftConf(356)) - f4989c0c-dcd3-472e-ad74-017c452c42a3@group-9E5EF260E081: set configuration 0: [f4989c0c-dcd3-472e-ad74-017c452c42a3:172.17.0.2:36033, 52573f45-fbdb-4827-a4d1-e8c2ad0f3cc3:172.17.0.2:40403, ce9f2b91-9bfb-469e-a42d-467d0f33a62f:172.17.0.2:35939], old=null at 0
2020-07-21 13:02:35,606 [grpc-default-executor-4] INFO  ratis.XceiverServerRatis (XceiverServerRatis.java:handleLeaderChangedNotification(820)) - Leader change notification received for group: group-9E5EF260E081 with new leaderId: f4989c0c-dcd3-472e-ad74-017c452c42a3
2020-07-21 13:02:35,606 [grpc-default-executor-4] INFO  impl.RaftServerImpl (ServerState.java:setLeader(255)) - 52573f45-fbdb-4827-a4d1-e8c2ad0f3cc3@group-9E5EF260E081: change Leader from null to f4989c0c-dcd3-472e-ad74-017c452c42a3 at term 1 for appendEntries, leader elected after 5178ms
2020-07-21 13:02:35,607 [grpc-default-executor-4] INFO  impl.RaftServerImpl (ServerState.java:setRaftConf(356)) - 52573f45-fbdb-4827-a4d1-e8c2ad0f3cc3@group-9E5EF260E081: set configuration 0: [f4989c0c-dcd3-472e-ad74-017c452c42a3:172.17.0.2:36033, 52573f45-fbdb-4827-a4d1-e8c2ad0f3cc3:172.17.0.2:40403, ce9f2b91-9bfb-469e-a42d-467d0f33a62f:172.17.0.2:35939], old=null at 0
2020-07-21 13:02:35,607 [grpc-default-executor-4] INFO  segmented.SegmentedRaftLogWorker (SegmentedRaftLogWorker.java:startLogSegment(397)) - 52573f45-fbdb-4827-a4d1-e8c2ad0f3cc3@group-9E5EF260E081-SegmentedRaftLogWorker: Starting segment from index:0
2020-07-21 13:02:35,609 [grpc-default-executor-1] INFO  ratis.XceiverServerRatis (XceiverServerRatis.java:handleLeaderChangedNotification(820)) - Leader change notification received for group: group-9E5EF260E081 with new leaderId: f4989c0c-dcd3-472e-ad74-017c452c42a3
2020-07-21 13:02:35,609 [grpc-default-executor-1] INFO  impl.RaftServerImpl (ServerState.java:setLeader(255)) - ce9f2b91-9bfb-469e-a42d-467d0f33a62f@group-9E5EF260E081: change Leader from null to f4989c0c-dcd3-472e-ad74-017c452c42a3 at term 1 for appendEntries, leader elected after 5212ms
2020-07-21 13:02:35,610 [grpc-default-executor-1] INFO  impl.RaftServerImpl (ServerState.java:setRaftConf(356)) - ce9f2b91-9bfb-469e-a42d-467d0f33a62f@group-9E5EF260E081: set configuration 0: [f4989c0c-dcd3-472e-ad74-017c452c42a3:172.17.0.2:36033, 52573f45-fbdb-4827-a4d1-e8c2ad0f3cc3:172.17.0.2:40403, ce9f2b91-9bfb-469e-a42d-467d0f33a62f:172.17.0.2:35939], old=null at 0
2020-07-21 13:02:35,610 [grpc-default-executor-1] INFO  segmented.SegmentedRaftLogWorker (SegmentedRaftLogWorker.java:startLogSegment(397)) - ce9f2b91-9bfb-469e-a42d-467d0f33a62f@group-9E5EF260E081-SegmentedRaftLogWorker: Starting segment from index:0
2020-07-21 13:02:35,609 [52573f45-fbdb-4827-a4d1-e8c2ad0f3cc3@group-9E5EF260E081-SegmentedRaftLogWorker] INFO  segmented.SegmentedRaftLogWorker (SegmentedRaftLogWorker.java:execute(596)) - 52573f45-fbdb-4827-a4d1-e8c2ad0f3cc3@group-9E5EF260E081-SegmentedRaftLogWorker: created new log segment /github/workspace/mnt/ozone/hadoop-ozone/integration-test/target/test-dir/MiniOzoneClusterImpl-be9508b3-40a4-4101-8d37-3f3c8981745f/datanode-2/data/ratis/8f6a8b41-efeb-4935-b3c5-9e5ef260e081/current/log_inprogress_0
2020-07-21 13:02:35,614 [ce9f2b91-9bfb-469e-a42d-467d0f33a62f@group-9E5EF260E081-SegmentedRaftLogWorker] INFO  segmented.SegmentedRaftLogWorker (SegmentedRaftLogWorker.java:execute(596)) - ce9f2b91-9bfb-469e-a42d-467d0f33a62f@group-9E5EF260E081-SegmentedRaftLogWorker: created new log segment /github/workspace/mnt/ozone/hadoop-ozone/integration-test/target/test-dir/MiniOzoneClusterImpl-be9508b3-40a4-4101-8d37-3f3c8981745f/datanode-0/data/ratis/8f6a8b41-efeb-4935-b3c5-9e5ef260e081/current/log_inprogress_0
2020-07-21 13:02:35,632 [Thread-595] INFO  impl.FollowerState (FollowerState.java:run(108)) - 52573f45-fbdb-4827-a4d1-e8c2ad0f3cc3@group-54C18EC8830D-FollowerState: change to CANDIDATE, lastRpcTime:5015ms, electionTimeout:5014ms
2020-07-21 13:02:35,632 [Thread-595] INFO  impl.RoleInfo (RoleInfo.java:shutdownFollowerState(121)) - 52573f45-fbdb-4827-a4d1-e8c2ad0f3cc3: shutdown FollowerState
2020-07-21 13:02:35,632 [Thread-595] INFO  impl.RaftServerImpl (RaftServerImpl.java:setRole(185)) - 52573f45-fbdb-4827-a4d1-e8c2ad0f3cc3@group-54C18EC8830D: changes role from  FOLLOWER to CANDIDATE at term 0 for changeToCandidate
2020-07-21 13:02:35,633 [Thread-595] INFO  impl.RoleInfo (RoleInfo.java:updateAndGet(143)) - 52573f45-fbdb-4827-a4d1-e8c2ad0f3cc3: start LeaderElection
2020-07-21 13:02:35,640 [52573f45-fbdb-4827-a4d1-e8c2ad0f3cc3@group-54C18EC8830D-LeaderElection17] INFO  impl.LeaderElection (LeaderElection.java:askForVotes(209)) - 52573f45-fbdb-4827-a4d1-e8c2ad0f3cc3@group-54C18EC8830D-LeaderElection17: begin an election at term 1 for -1: [52573f45-fbdb-4827-a4d1-e8c2ad0f3cc3:172.17.0.2:40403], old=null
2020-07-21 13:02:35,640 [52573f45-fbdb-4827-a4d1-e8c2ad0f3cc3@group-54C18EC8830D-LeaderElection17] INFO  impl.RoleInfo (RoleInfo.java:shutdownLeaderElection(134)) - 52573f45-fbdb-4827-a4d1-e8c2ad0f3cc3: shutdown LeaderElection
2020-07-21 13:02:35,640 [52573f45-fbdb-4827-a4d1-e8c2ad0f3cc3@group-54C18EC8830D-LeaderElection17] INFO  impl.RaftServerImpl (RaftServerImpl.java:setRole(185)) - 52573f45-fbdb-4827-a4d1-e8c2ad0f3cc3@group-54C18EC8830D: changes role from CANDIDATE to LEADER at term 1 for changeToLeader
2020-07-21 13:02:35,640 [52573f45-fbdb-4827-a4d1-e8c2ad0f3cc3@group-54C18EC8830D-LeaderElection17] INFO  ratis.XceiverServerRatis (XceiverServerRatis.java:handleLeaderChangedNotification(820)) - Leader change notification received for group: group-54C18EC8830D with new leaderId: 52573f45-fbdb-4827-a4d1-e8c2ad0f3cc3
2020-07-21 13:02:35,641 [52573f45-fbdb-4827-a4d1-e8c2ad0f3cc3@group-54C18EC8830D-LeaderElection17] INFO  impl.RaftServerImpl (ServerState.java:setLeader(255)) - 52573f45-fbdb-4827-a4d1-e8c2ad0f3cc3@group-54C18EC8830D: change Leader from null to 52573f45-fbdb-4827-a4d1-e8c2ad0f3cc3 at term 1 for becomeLeader, leader elected after 5037ms
2020-07-21 13:02:35,642 [52573f45-fbdb-4827-a4d1-e8c2ad0f3cc3@group-54C18EC8830D-LeaderElection17] INFO  server.RaftServerConfigKeys (ConfUtils.java:logGet(44)) - raft.server.staging.catchup.gap = 1000 (default)
2020-07-21 13:02:35,642 [52573f45-fbdb-4827-a4d1-e8c2ad0f3cc3@group-54C18EC8830D-LeaderElection17] INFO  server.RaftServerConfigKeys (ConfUtils.java:logGet(44)) - raft.server.rpc.sleep.time = 25ms (default)
2020-07-21 13:02:35,643 [52573f45-fbdb-4827-a4d1-e8c2ad0f3cc3@group-54C18EC8830D-LeaderElection17] INFO  metrics.RatisMetrics (RatisMetrics.java:lambda$create$0(36)) - Creating Metrics Registry : ratis.log_appender.52573f45-fbdb-4827-a4d1-e8c2ad0f3cc3@group-54C18EC8830D
2020-07-21 13:02:35,643 [52573f45-fbdb-4827-a4d1-e8c2ad0f3cc3@group-54C18EC8830D-LeaderElection17] INFO  server.RaftServerConfigKeys (ConfUtils.java:logGet(44)) - raft.server.write.element-limit = 1024 (custom)
2020-07-21 13:02:35,643 [52573f45-fbdb-4827-a4d1-e8c2ad0f3cc3@group-54C18EC8830D-LeaderElection17] INFO  server.RaftServerConfigKeys (ConfUtils.java:logGet(44)) - raft.server.write.byte-limit = 1073741824 (custom)
2020-07-21 13:02:35,643 [52573f45-fbdb-4827-a4d1-e8c2ad0f3cc3@group-54C18EC8830D-LeaderElection17] INFO  server.RaftServerConfigKeys (ConfUtils.java:logGet(44)) - raft.server.watch.timeout = 3000ms (custom)
2020-07-21 13:02:35,643 [52573f45-fbdb-4827-a4d1-e8c2ad0f3cc3@group-54C18EC8830D-LeaderElection17] INFO  server.RaftServerConfigKeys (ConfUtils.java:logGet(44)) - raft.server.watch.timeout.denomination = 1s (default)
2020-07-21 13:02:35,644 [52573f45-fbdb-4827-a4d1-e8c2ad0f3cc3@group-54C18EC8830D-LeaderElection17] INFO  server.RaftServerConfigKeys (ConfUtils.java:logGet(44)) - raft.server.watch.element-limit = 65536 (default)
2020-07-21 13:02:35,644 [52573f45-fbdb-4827-a4d1-e8c2ad0f3cc3@group-54C18EC8830D-LeaderElection17] INFO  impl.RoleInfo (RoleInfo.java:updateAndGet(143)) - 52573f45-fbdb-4827-a4d1-e8c2ad0f3cc3: start LeaderState
2020-07-21 13:02:35,644 [52573f45-fbdb-4827-a4d1-e8c2ad0f3cc3@group-54C18EC8830D-LeaderElection17] INFO  segmented.SegmentedRaftLogWorker (SegmentedRaftLogWorker.java:startLogSegment(397)) - 52573f45-fbdb-4827-a4d1-e8c2ad0f3cc3@group-54C18EC8830D-SegmentedRaftLogWorker: Starting segment from index:0
2020-07-21 13:02:35,645 [52573f45-fbdb-4827-a4d1-e8c2ad0f3cc3@group-54C18EC8830D-SegmentedRaftLogWorker] INFO  segmented.SegmentedRaftLogWorker (SegmentedRaftLogWorker.java:execute(596)) - 52573f45-fbdb-4827-a4d1-e8c2ad0f3cc3@group-54C18EC8830D-SegmentedRaftLogWorker: created new log segment /github/workspace/mnt/ozone/hadoop-ozone/integration-test/target/test-dir/MiniOzoneClusterImpl-be9508b3-40a4-4101-8d37-3f3c8981745f/datanode-2/data/ratis/659d47db-e412-48ed-8bb9-54c18ec8830d/current/log_inprogress_0
2020-07-21 13:02:35,646 [52573f45-fbdb-4827-a4d1-e8c2ad0f3cc3@group-54C18EC8830D-LeaderElection17] INFO  impl.RaftServerImpl (ServerState.java:setRaftConf(356)) - 52573f45-fbdb-4827-a4d1-e8c2ad0f3cc3@group-54C18EC8830D: set configuration 0: [52573f45-fbdb-4827-a4d1-e8c2ad0f3cc3:172.17.0.2:40403], old=null at 0
2020-07-21 13:02:35,691 [Thread-593] INFO  impl.FollowerState (FollowerState.java:run(108)) - f4989c0c-dcd3-472e-ad74-017c452c42a3@group-D380DA10BAC2-FollowerState: change to CANDIDATE, lastRpcTime:5180ms, electionTimeout:5178ms
2020-07-21 13:02:35,692 [Thread-593] INFO  impl.RoleInfo (RoleInfo.java:shutdownFollowerState(121)) - f4989c0c-dcd3-472e-ad74-017c452c42a3: shutdown FollowerState
2020-07-21 13:02:35,692 [Thread-593] INFO  impl.RaftServerImpl (RaftServerImpl.java:setRole(185)) - f4989c0c-dcd3-472e-ad74-017c452c42a3@group-D380DA10BAC2: changes role from  FOLLOWER to CANDIDATE at term 0 for changeToCandidate
2020-07-21 13:02:35,692 [Thread-593] INFO  impl.RoleInfo (RoleInfo.java:updateAndGet(143)) - f4989c0c-dcd3-472e-ad74-017c452c42a3: start LeaderElection
2020-07-21 13:02:35,695 [f4989c0c-dcd3-472e-ad74-017c452c42a3@group-D380DA10BAC2-LeaderElection18] INFO  impl.LeaderElection (LeaderElection.java:askForVotes(209)) - f4989c0c-dcd3-472e-ad74-017c452c42a3@group-D380DA10BAC2-LeaderElection18: begin an election at term 1 for -1: [f4989c0c-dcd3-472e-ad74-017c452c42a3:172.17.0.2:36033], old=null
2020-07-21 13:02:35,696 [f4989c0c-dcd3-472e-ad74-017c452c42a3@group-D380DA10BAC2-LeaderElection18] INFO  impl.RoleInfo (RoleInfo.java:shutdownLeaderElection(134)) - f4989c0c-dcd3-472e-ad74-017c452c42a3: shutdown LeaderElection
2020-07-21 13:02:35,696 [f4989c0c-dcd3-472e-ad74-017c452c42a3@group-D380DA10BAC2-LeaderElection18] INFO  impl.RaftServerImpl (RaftServerImpl.java:setRole(185)) - f4989c0c-dcd3-472e-ad74-017c452c42a3@group-D380DA10BAC2: changes role from CANDIDATE to LEADER at term 1 for changeToLeader
2020-07-21 13:02:35,696 [f4989c0c-dcd3-472e-ad74-017c452c42a3@group-D380DA10BAC2-LeaderElection18] INFO  ratis.XceiverServerRatis (XceiverServerRatis.java:handleLeaderChangedNotification(820)) - Leader change notification received for group: group-D380DA10BAC2 with new leaderId: f4989c0c-dcd3-472e-ad74-017c452c42a3
2020-07-21 13:02:35,696 [f4989c0c-dcd3-472e-ad74-017c452c42a3@group-D380DA10BAC2-LeaderElection18] INFO  impl.RaftServerImpl (ServerState.java:setLeader(255)) - f4989c0c-dcd3-472e-ad74-017c452c42a3@group-D380DA10BAC2: change Leader from null to f4989c0c-dcd3-472e-ad74-017c452c42a3 at term 1 for becomeLeader, leader elected after 5194ms
2020-07-21 13:02:35,698 [f4989c0c-dcd3-472e-ad74-017c452c42a3@group-D380DA10BAC2-LeaderElection18] INFO  server.RaftServerConfigKeys (ConfUtils.java:logGet(44)) - raft.server.staging.catchup.gap = 1000 (default)
2020-07-21 13:02:35,698 [f4989c0c-dcd3-472e-ad74-017c452c42a3@group-D380DA10BAC2-LeaderElection18] INFO  server.RaftServerConfigKeys (ConfUtils.java:logGet(44)) - raft.server.rpc.sleep.time = 25ms (default)
2020-07-21 13:02:35,698 [f4989c0c-dcd3-472e-ad74-017c452c42a3@group-D380DA10BAC2-LeaderElection18] INFO  metrics.RatisMetrics (RatisMetrics.java:lambda$create$0(36)) - Creating Metrics Registry : ratis.log_appender.f4989c0c-dcd3-472e-ad74-017c452c42a3@group-D380DA10BAC2
2020-07-21 13:02:35,699 [f4989c0c-dcd3-472e-ad74-017c452c42a3@group-D380DA10BAC2-LeaderElection18] INFO  server.RaftServerConfigKeys (ConfUtils.java:logGet(44)) - raft.server.write.element-limit = 1024 (custom)
2020-07-21 13:02:35,699 [f4989c0c-dcd3-472e-ad74-017c452c42a3@group-D380DA10BAC2-LeaderElection18] INFO  server.RaftServerConfigKeys (ConfUtils.java:logGet(44)) - raft.server.write.byte-limit = 1073741824 (custom)
2020-07-21 13:02:35,699 [f4989c0c-dcd3-472e-ad74-017c452c42a3@group-D380DA10BAC2-LeaderElection18] INFO  server.RaftServerConfigKeys (ConfUtils.java:logGet(44)) - raft.server.watch.timeout = 3000ms (custom)
2020-07-21 13:02:35,699 [f4989c0c-dcd3-472e-ad74-017c452c42a3@group-D380DA10BAC2-LeaderElection18] INFO  server.RaftServerConfigKeys (ConfUtils.java:logGet(44)) - raft.server.watch.timeout.denomination = 1s (default)
2020-07-21 13:02:35,699 [f4989c0c-dcd3-472e-ad74-017c452c42a3@group-D380DA10BAC2-LeaderElection18] INFO  server.RaftServerConfigKeys (ConfUtils.java:logGet(44)) - raft.server.watch.element-limit = 65536 (default)
2020-07-21 13:02:35,700 [f4989c0c-dcd3-472e-ad74-017c452c42a3@group-D380DA10BAC2-LeaderElection18] INFO  impl.RoleInfo (RoleInfo.java:updateAndGet(143)) - f4989c0c-dcd3-472e-ad74-017c452c42a3: start LeaderState
2020-07-21 13:02:35,701 [f4989c0c-dcd3-472e-ad74-017c452c42a3@group-D380DA10BAC2-LeaderElection18] INFO  segmented.SegmentedRaftLogWorker (SegmentedRaftLogWorker.java:startLogSegment(397)) - f4989c0c-dcd3-472e-ad74-017c452c42a3@group-D380DA10BAC2-SegmentedRaftLogWorker: Starting segment from index:0
2020-07-21 13:02:35,702 [f4989c0c-dcd3-472e-ad74-017c452c42a3@group-D380DA10BAC2-SegmentedRaftLogWorker] INFO  segmented.SegmentedRaftLogWorker (SegmentedRaftLogWorker.java:execute(596)) - f4989c0c-dcd3-472e-ad74-017c452c42a3@group-D380DA10BAC2-SegmentedRaftLogWorker: created new log segment /github/workspace/mnt/ozone/hadoop-ozone/integration-test/target/test-dir/MiniOzoneClusterImpl-be9508b3-40a4-4101-8d37-3f3c8981745f/datanode-1/data/ratis/cdc1e895-57bb-404e-b93d-d380da10bac2/current/log_inprogress_0
2020-07-21 13:02:35,702 [f4989c0c-dcd3-472e-ad74-017c452c42a3@group-D380DA10BAC2-LeaderElection18] INFO  impl.RaftServerImpl (ServerState.java:setRaftConf(356)) - f4989c0c-dcd3-472e-ad74-017c452c42a3@group-D380DA10BAC2: set configuration 0: [f4989c0c-dcd3-472e-ad74-017c452c42a3:172.17.0.2:36033], old=null at 0
2020-07-21 13:02:35,830 [Thread-604] INFO  impl.FollowerState (FollowerState.java:run(108)) - a34b7963-95e6-4818-b5ff-93e9d77f8426@group-36D9E753D036-FollowerState: change to CANDIDATE, lastRpcTime:5023ms, electionTimeout:5022ms
2020-07-21 13:02:35,831 [Thread-604] INFO  impl.RoleInfo (RoleInfo.java:shutdownFollowerState(121)) - a34b7963-95e6-4818-b5ff-93e9d77f8426: shutdown FollowerState
2020-07-21 13:02:35,831 [Thread-604] INFO  impl.RaftServerImpl (RaftServerImpl.java:setRole(185)) - a34b7963-95e6-4818-b5ff-93e9d77f8426@group-36D9E753D036: changes role from  FOLLOWER to CANDIDATE at term 0 for changeToCandidate
2020-07-21 13:02:35,831 [Thread-604] INFO  impl.RoleInfo (RoleInfo.java:updateAndGet(143)) - a34b7963-95e6-4818-b5ff-93e9d77f8426: start LeaderElection
2020-07-21 13:02:35,838 [a34b7963-95e6-4818-b5ff-93e9d77f8426@group-36D9E753D036-LeaderElection19] INFO  impl.LeaderElection (LeaderElection.java:askForVotes(209)) - a34b7963-95e6-4818-b5ff-93e9d77f8426@group-36D9E753D036-LeaderElection19: begin an election at term 1 for -1: [a34b7963-95e6-4818-b5ff-93e9d77f8426:172.17.0.2:40065, d5ca780d-91ab-4a71-97a7-7cd5dfc24b80:172.17.0.2:38705, 2eac0f59-dcd3-4eb3-89d2-7c59b77080ad:172.17.0.2:39189], old=null
2020-07-21 13:02:35,851 [grpc-default-executor-1] INFO  impl.RaftServerImpl (RaftServerImpl.java:setRole(185)) - 2eac0f59-dcd3-4eb3-89d2-7c59b77080ad@group-36D9E753D036: changes role from  FOLLOWER to FOLLOWER at term 1 for recognizeCandidate:a34b7963-95e6-4818-b5ff-93e9d77f8426
2020-07-21 13:02:35,852 [grpc-default-executor-4] INFO  impl.RaftServerImpl (RaftServerImpl.java:setRole(185)) - d5ca780d-91ab-4a71-97a7-7cd5dfc24b80@group-36D9E753D036: changes role from  FOLLOWER to FOLLOWER at term 1 for recognizeCandidate:a34b7963-95e6-4818-b5ff-93e9d77f8426
2020-07-21 13:02:35,852 [grpc-default-executor-4] INFO  impl.RoleInfo (RoleInfo.java:shutdownFollowerState(121)) - d5ca780d-91ab-4a71-97a7-7cd5dfc24b80: shutdown FollowerState
2020-07-21 13:02:35,852 [grpc-default-executor-1] INFO  impl.RoleInfo (RoleInfo.java:shutdownFollowerState(121)) - 2eac0f59-dcd3-4eb3-89d2-7c59b77080ad: shutdown FollowerState
2020-07-21 13:02:35,852 [Thread-599] INFO  impl.FollowerState (FollowerState.java:run(117)) - d5ca780d-91ab-4a71-97a7-7cd5dfc24b80@group-36D9E753D036-FollowerState was interrupted: java.lang.InterruptedException: sleep interrupted
2020-07-21 13:02:35,852 [Thread-601] INFO  impl.FollowerState (FollowerState.java:run(117)) - 2eac0f59-dcd3-4eb3-89d2-7c59b77080ad@group-36D9E753D036-FollowerState was interrupted: java.lang.InterruptedException: sleep interrupted
2020-07-21 13:02:35,852 [grpc-default-executor-4] INFO  impl.RoleInfo (RoleInfo.java:updateAndGet(143)) - d5ca780d-91ab-4a71-97a7-7cd5dfc24b80: start FollowerState
2020-07-21 13:02:35,852 [grpc-default-executor-1] INFO  impl.RoleInfo (RoleInfo.java:updateAndGet(143)) - 2eac0f59-dcd3-4eb3-89d2-7c59b77080ad: start FollowerState
2020-07-21 13:02:35,860 [a34b7963-95e6-4818-b5ff-93e9d77f8426@group-36D9E753D036-LeaderElection19] INFO  impl.LeaderElection (LeaderElection.java:logAndReturn(61)) - a34b7963-95e6-4818-b5ff-93e9d77f8426@group-36D9E753D036-LeaderElection19: Election PASSED; received 1 response(s) [a34b7963-95e6-4818-b5ff-93e9d77f8426<-d5ca780d-91ab-4a71-97a7-7cd5dfc24b80#0:OK-t1] and 0 exception(s); a34b7963-95e6-4818-b5ff-93e9d77f8426@group-36D9E753D036:t1, leader=null, voted=a34b7963-95e6-4818-b5ff-93e9d77f8426, raftlog=a34b7963-95e6-4818-b5ff-93e9d77f8426@group-36D9E753D036-SegmentedRaftLog:OPENED:c-1,f-1,i0, conf=-1: [a34b7963-95e6-4818-b5ff-93e9d77f8426:172.17.0.2:40065, d5ca780d-91ab-4a71-97a7-7cd5dfc24b80:172.17.0.2:38705, 2eac0f59-dcd3-4eb3-89d2-7c59b77080ad:172.17.0.2:39189], old=null
2020-07-21 13:02:35,861 [a34b7963-95e6-4818-b5ff-93e9d77f8426@group-36D9E753D036-LeaderElection19] INFO  impl.RoleInfo (RoleInfo.java:shutdownLeaderElection(134)) - a34b7963-95e6-4818-b5ff-93e9d77f8426: shutdown LeaderElection
2020-07-21 13:02:35,861 [a34b7963-95e6-4818-b5ff-93e9d77f8426@group-36D9E753D036-LeaderElection19] INFO  impl.RaftServerImpl (RaftServerImpl.java:setRole(185)) - a34b7963-95e6-4818-b5ff-93e9d77f8426@group-36D9E753D036: changes role from CANDIDATE to LEADER at term 1 for changeToLeader
2020-07-21 13:02:35,861 [a34b7963-95e6-4818-b5ff-93e9d77f8426@group-36D9E753D036-LeaderElection19] INFO  ratis.XceiverServerRatis (XceiverServerRatis.java:handleLeaderChangedNotification(820)) - Leader change notification received for group: group-36D9E753D036 with new leaderId: a34b7963-95e6-4818-b5ff-93e9d77f8426
2020-07-21 13:02:35,861 [a34b7963-95e6-4818-b5ff-93e9d77f8426@group-36D9E753D036-LeaderElection19] INFO  impl.RaftServerImpl (ServerState.java:setLeader(255)) - a34b7963-95e6-4818-b5ff-93e9d77f8426@group-36D9E753D036: change Leader from null to a34b7963-95e6-4818-b5ff-93e9d77f8426 at term 1 for becomeLeader, leader elected after 5059ms
2020-07-21 13:02:35,862 [a34b7963-95e6-4818-b5ff-93e9d77f8426@group-36D9E753D036-LeaderElection19] INFO  server.RaftServerConfigKeys (ConfUtils.java:logGet(44)) - raft.server.staging.catchup.gap = 1000 (default)
2020-07-21 13:02:35,862 [a34b7963-95e6-4818-b5ff-93e9d77f8426@group-36D9E753D036-LeaderElection19] INFO  server.RaftServerConfigKeys (ConfUtils.java:logGet(44)) - raft.server.rpc.sleep.time = 25ms (default)
2020-07-21 13:02:35,863 [EventQueue-PipelineReportForPipelineReportHandler] INFO  pipeline.PipelineStateManager (PipelineStateManager.java:openPipeline(131)) - Pipeline Pipeline[ Id: ce92a1de-a3af-46f7-98ce-36d9e753d036, Nodes: 2eac0f59-dcd3-4eb3-89d2-7c59b77080ad{ip: 172.17.0.2, host: 5dff0df2806b, networkLocation: /default-rack, certSerialId: null}a34b7963-95e6-4818-b5ff-93e9d77f8426{ip: 172.17.0.2, host: 5dff0df2806b, networkLocation: /default-rack, certSerialId: null}d5ca780d-91ab-4a71-97a7-7cd5dfc24b80{ip: 172.17.0.2, host: 5dff0df2806b, networkLocation: /default-rack, certSerialId: null}, Type:RATIS, Factor:THREE, State:ALLOCATED, leaderId:a34b7963-95e6-4818-b5ff-93e9d77f8426, CreationTimestamp2020-07-21T13:02:27.962Z] moved to OPEN state
2020-07-21 13:02:35,865 [a34b7963-95e6-4818-b5ff-93e9d77f8426@group-36D9E753D036-LeaderElection19] INFO  metrics.RatisMetrics (RatisMetrics.java:lambda$create$0(36)) - Creating Metrics Registry : ratis.log_appender.a34b7963-95e6-4818-b5ff-93e9d77f8426@group-36D9E753D036
2020-07-21 13:02:35,865 [a34b7963-95e6-4818-b5ff-93e9d77f8426@group-36D9E753D036-LeaderElection19] INFO  server.RaftServerConfigKeys (ConfUtils.java:logGet(44)) - raft.server.write.element-limit = 1024 (custom)
2020-07-21 13:02:35,865 [a34b7963-95e6-4818-b5ff-93e9d77f8426@group-36D9E753D036-LeaderElection19] INFO  server.RaftServerConfigKeys (ConfUtils.java:logGet(44)) - raft.server.write.byte-limit = 1073741824 (custom)
2020-07-21 13:02:35,865 [a34b7963-95e6-4818-b5ff-93e9d77f8426@group-36D9E753D036-LeaderElection19] INFO  server.RaftServerConfigKeys (ConfUtils.java:logGet(44)) - raft.server.watch.timeout = 3000ms (custom)
2020-07-21 13:02:35,865 [a34b7963-95e6-4818-b5ff-93e9d77f8426@group-36D9E753D036-LeaderElection19] INFO  server.RaftServerConfigKeys (ConfUtils.java:logGet(44)) - raft.server.watch.timeout.denomination = 1s (default)
2020-07-21 13:02:35,865 [a34b7963-95e6-4818-b5ff-93e9d77f8426@group-36D9E753D036-LeaderElection19] INFO  server.RaftServerConfigKeys (ConfUtils.java:logGet(44)) - raft.server.watch.element-limit = 65536 (default)
2020-07-21 13:02:35,866 [a34b7963-95e6-4818-b5ff-93e9d77f8426@group-36D9E753D036-LeaderElection19] INFO  server.RaftServerConfigKeys (ConfUtils.java:logGet(44)) - raft.server.log.appender.snapshot.chunk.size.max = 16MB (=16777216) (default)
2020-07-21 13:02:35,866 [a34b7963-95e6-4818-b5ff-93e9d77f8426@group-36D9E753D036-LeaderElection19] INFO  server.RaftServerConfigKeys (ConfUtils.java:logGet(44)) - raft.server.log.appender.buffer.byte-limit = 33554432 (custom)
2020-07-21 13:02:35,866 [a34b7963-95e6-4818-b5ff-93e9d77f8426@group-36D9E753D036-LeaderElection19] INFO  server.RaftServerConfigKeys (ConfUtils.java:logGet(44)) - raft.server.log.appender.buffer.element-limit = 1 (custom)
2020-07-21 13:02:35,866 [a34b7963-95e6-4818-b5ff-93e9d77f8426@group-36D9E753D036-LeaderElection19] INFO  grpc.GrpcConfigKeys (ConfUtils.java:logGet(44)) - raft.grpc.server.leader.outstanding.appends.max = 128 (default)
2020-07-21 13:02:35,866 [a34b7963-95e6-4818-b5ff-93e9d77f8426@group-36D9E753D036-LeaderElection19] INFO  server.RaftServerConfigKeys (ConfUtils.java:logGet(44)) - raft.server.rpc.request.timeout = 3000ms (default)
2020-07-21 13:02:35,866 [a34b7963-95e6-4818-b5ff-93e9d77f8426@group-36D9E753D036-LeaderElection19] INFO  server.RaftServerConfigKeys (ConfUtils.java:logGet(44)) - raft.server.log.appender.install.snapshot.enabled = false (custom)
2020-07-21 13:02:35,866 [a34b7963-95e6-4818-b5ff-93e9d77f8426@group-36D9E753D036-LeaderElection19] INFO  metrics.RatisMetrics (RatisMetrics.java:lambda$create$0(36)) - Creating Metrics Registry : ratis_grpc.log_appender.a34b7963-95e6-4818-b5ff-93e9d77f8426@group-36D9E753D036
2020-07-21 13:02:35,867 [a34b7963-95e6-4818-b5ff-93e9d77f8426@group-36D9E753D036-LeaderElection19] INFO  server.RaftServerConfigKeys (ConfUtils.java:logGet(44)) - raft.server.log.appender.snapshot.chunk.size.max = 16MB (=16777216) (default)
2020-07-21 13:02:35,867 [a34b7963-95e6-4818-b5ff-93e9d77f8426@group-36D9E753D036-LeaderElection19] INFO  server.RaftServerConfigKeys (ConfUtils.java:logGet(44)) - raft.server.log.appender.buffer.byte-limit = 33554432 (custom)
2020-07-21 13:02:35,867 [a34b7963-95e6-4818-b5ff-93e9d77f8426@group-36D9E753D036-LeaderElection19] INFO  server.RaftServerConfigKeys (ConfUtils.java:logGet(44)) - raft.server.log.appender.buffer.element-limit = 1 (custom)
2020-07-21 13:02:35,867 [a34b7963-95e6-4818-b5ff-93e9d77f8426@group-36D9E753D036-LeaderElection19] INFO  grpc.GrpcConfigKeys (ConfUtils.java:logGet(44)) - raft.grpc.server.leader.outstanding.appends.max = 128 (default)
2020-07-21 13:02:35,867 [a34b7963-95e6-4818-b5ff-93e9d77f8426@group-36D9E753D036-LeaderElection19] INFO  server.RaftServerConfigKeys (ConfUtils.java:logGet(44)) - raft.server.rpc.request.timeout = 3000ms (default)
2020-07-21 13:02:35,867 [a34b7963-95e6-4818-b5ff-93e9d77f8426@group-36D9E753D036-LeaderElection19] INFO  server.RaftServerConfigKeys (ConfUtils.java:logGet(44)) - raft.server.log.appender.install.snapshot.enabled = false (custom)
2020-07-21 13:02:35,868 [a34b7963-95e6-4818-b5ff-93e9d77f8426@group-36D9E753D036-LeaderElection19] INFO  impl.RoleInfo (RoleInfo.java:updateAndGet(143)) - a34b7963-95e6-4818-b5ff-93e9d77f8426: start LeaderState
2020-07-21 13:02:35,869 [a34b7963-95e6-4818-b5ff-93e9d77f8426@group-36D9E753D036-LeaderElection19] INFO  segmented.SegmentedRaftLogWorker (SegmentedRaftLogWorker.java:startLogSegment(397)) - a34b7963-95e6-4818-b5ff-93e9d77f8426@group-36D9E753D036-SegmentedRaftLogWorker: Starting segment from index:0
2020-07-21 13:02:35,870 [a34b7963-95e6-4818-b5ff-93e9d77f8426@group-36D9E753D036-SegmentedRaftLogWorker] INFO  segmented.SegmentedRaftLogWorker (SegmentedRaftLogWorker.java:execute(596)) - a34b7963-95e6-4818-b5ff-93e9d77f8426@group-36D9E753D036-SegmentedRaftLogWorker: created new log segment /github/workspace/mnt/ozone/hadoop-ozone/integration-test/target/test-dir/MiniOzoneClusterImpl-be9508b3-40a4-4101-8d37-3f3c8981745f/datanode-5/data/ratis/ce92a1de-a3af-46f7-98ce-36d9e753d036/current/log_inprogress_0
2020-07-21 13:02:35,870 [a34b7963-95e6-4818-b5ff-93e9d77f8426@group-36D9E753D036-LeaderElection19] INFO  impl.RaftServerImpl (ServerState.java:setRaftConf(356)) - a34b7963-95e6-4818-b5ff-93e9d77f8426@group-36D9E753D036: set configuration 0: [a34b7963-95e6-4818-b5ff-93e9d77f8426:172.17.0.2:40065, d5ca780d-91ab-4a71-97a7-7cd5dfc24b80:172.17.0.2:38705, 2eac0f59-dcd3-4eb3-89d2-7c59b77080ad:172.17.0.2:39189], old=null at 0
2020-07-21 13:02:35,881 [grpc-default-executor-4] INFO  ratis.XceiverServerRatis (XceiverServerRatis.java:handleLeaderChangedNotification(820)) - Leader change notification received for group: group-36D9E753D036 with new leaderId: a34b7963-95e6-4818-b5ff-93e9d77f8426
2020-07-21 13:02:35,881 [grpc-default-executor-4] INFO  impl.RaftServerImpl (ServerState.java:setLeader(255)) - d5ca780d-91ab-4a71-97a7-7cd5dfc24b80@group-36D9E753D036: change Leader from null to a34b7963-95e6-4818-b5ff-93e9d77f8426 at term 1 for appendEntries, leader elected after 5144ms
2020-07-21 13:02:35,883 [grpc-default-executor-1] INFO  ratis.XceiverServerRatis (XceiverServerRatis.java:handleLeaderChangedNotification(820)) - Leader change notification received for group: group-36D9E753D036 with new leaderId: a34b7963-95e6-4818-b5ff-93e9d77f8426
2020-07-21 13:02:35,883 [grpc-default-executor-1] INFO  impl.RaftServerImpl (ServerState.java:setLeader(255)) - 2eac0f59-dcd3-4eb3-89d2-7c59b77080ad@group-36D9E753D036: change Leader from null to a34b7963-95e6-4818-b5ff-93e9d77f8426 at term 1 for appendEntries, leader elected after 5119ms
2020-07-21 13:02:35,884 [grpc-default-executor-4] INFO  impl.RaftServerImpl (ServerState.java:setRaftConf(356)) - d5ca780d-91ab-4a71-97a7-7cd5dfc24b80@group-36D9E753D036: set configuration 0: [a34b7963-95e6-4818-b5ff-93e9d77f8426:172.17.0.2:40065, d5ca780d-91ab-4a71-97a7-7cd5dfc24b80:172.17.0.2:38705, 2eac0f59-dcd3-4eb3-89d2-7c59b77080ad:172.17.0.2:39189], old=null at 0
2020-07-21 13:02:35,884 [grpc-default-executor-4] INFO  segmented.SegmentedRaftLogWorker (SegmentedRaftLogWorker.java:startLogSegment(397)) - d5ca780d-91ab-4a71-97a7-7cd5dfc24b80@group-36D9E753D036-SegmentedRaftLogWorker: Starting segment from index:0
2020-07-21 13:02:35,891 [grpc-default-executor-1] INFO  impl.RaftServerImpl (ServerState.java:setRaftConf(356)) - 2eac0f59-dcd3-4eb3-89d2-7c59b77080ad@group-36D9E753D036: set configuration 0: [a34b7963-95e6-4818-b5ff-93e9d77f8426:172.17.0.2:40065, d5ca780d-91ab-4a71-97a7-7cd5dfc24b80:172.17.0.2:38705, 2eac0f59-dcd3-4eb3-89d2-7c59b77080ad:172.17.0.2:39189], old=null at 0
2020-07-21 13:02:35,892 [grpc-default-executor-1] INFO  segmented.SegmentedRaftLogWorker (SegmentedRaftLogWorker.java:startLogSegment(397)) - 2eac0f59-dcd3-4eb3-89d2-7c59b77080ad@group-36D9E753D036-SegmentedRaftLogWorker: Starting segment from index:0
2020-07-21 13:02:35,893 [2eac0f59-dcd3-4eb3-89d2-7c59b77080ad@group-36D9E753D036-SegmentedRaftLogWorker] INFO  segmented.SegmentedRaftLogWorker (SegmentedRaftLogWorker.java:execute(596)) - 2eac0f59-dcd3-4eb3-89d2-7c59b77080ad@group-36D9E753D036-SegmentedRaftLogWorker: created new log segment /github/workspace/mnt/ozone/hadoop-ozone/integration-test/target/test-dir/MiniOzoneClusterImpl-be9508b3-40a4-4101-8d37-3f3c8981745f/datanode-4/data/ratis/ce92a1de-a3af-46f7-98ce-36d9e753d036/current/log_inprogress_0
2020-07-21 13:02:35,893 [d5ca780d-91ab-4a71-97a7-7cd5dfc24b80@group-36D9E753D036-SegmentedRaftLogWorker] INFO  segmented.SegmentedRaftLogWorker (SegmentedRaftLogWorker.java:execute(596)) - d5ca780d-91ab-4a71-97a7-7cd5dfc24b80@group-36D9E753D036-SegmentedRaftLogWorker: created new log segment /github/workspace/mnt/ozone/hadoop-ozone/integration-test/target/test-dir/MiniOzoneClusterImpl-be9508b3-40a4-4101-8d37-3f3c8981745f/datanode-3/data/ratis/ce92a1de-a3af-46f7-98ce-36d9e753d036/current/log_inprogress_0
2020-07-21 13:02:35,909 [Thread-597] INFO  impl.FollowerState (FollowerState.java:run(108)) - d5ca780d-91ab-4a71-97a7-7cd5dfc24b80@group-04BD99C537EA-FollowerState: change to CANDIDATE, lastRpcTime:5182ms, electionTimeout:5179ms
2020-07-21 13:02:35,909 [Thread-597] INFO  impl.RoleInfo (RoleInfo.java:shutdownFollowerState(121)) - d5ca780d-91ab-4a71-97a7-7cd5dfc24b80: shutdown FollowerState
2020-07-21 13:02:35,909 [Thread-597] INFO  impl.RaftServerImpl (RaftServerImpl.java:setRole(185)) - d5ca780d-91ab-4a71-97a7-7cd5dfc24b80@group-04BD99C537EA: changes role from  FOLLOWER to CANDIDATE at term 0 for changeToCandidate
2020-07-21 13:02:35,909 [Thread-597] INFO  impl.RoleInfo (RoleInfo.java:updateAndGet(143)) - d5ca780d-91ab-4a71-97a7-7cd5dfc24b80: start LeaderElection
2020-07-21 13:02:35,913 [d5ca780d-91ab-4a71-97a7-7cd5dfc24b80@group-04BD99C537EA-LeaderElection20] INFO  impl.LeaderElection (LeaderElection.java:askForVotes(209)) - d5ca780d-91ab-4a71-97a7-7cd5dfc24b80@group-04BD99C537EA-LeaderElection20: begin an election at term 1 for -1: [d5ca780d-91ab-4a71-97a7-7cd5dfc24b80:172.17.0.2:38705], old=null
2020-07-21 13:02:35,913 [d5ca780d-91ab-4a71-97a7-7cd5dfc24b80@group-04BD99C537EA-LeaderElection20] INFO  impl.RoleInfo (RoleInfo.java:shutdownLeaderElection(134)) - d5ca780d-91ab-4a71-97a7-7cd5dfc24b80: shutdown LeaderElection
2020-07-21 13:02:35,913 [d5ca780d-91ab-4a71-97a7-7cd5dfc24b80@group-04BD99C537EA-LeaderElection20] INFO  impl.RaftServerImpl (RaftServerImpl.java:setRole(185)) - d5ca780d-91ab-4a71-97a7-7cd5dfc24b80@group-04BD99C537EA: changes role from CANDIDATE to LEADER at term 1 for changeToLeader
2020-07-21 13:02:35,913 [d5ca780d-91ab-4a71-97a7-7cd5dfc24b80@group-04BD99C537EA-LeaderElection20] INFO  ratis.XceiverServerRatis (XceiverServerRatis.java:handleLeaderChangedNotification(820)) - Leader change notification received for group: group-04BD99C537EA with new leaderId: d5ca780d-91ab-4a71-97a7-7cd5dfc24b80
2020-07-21 13:02:35,913 [d5ca780d-91ab-4a71-97a7-7cd5dfc24b80@group-04BD99C537EA-LeaderElection20] INFO  impl.RaftServerImpl (ServerState.java:setLeader(255)) - d5ca780d-91ab-4a71-97a7-7cd5dfc24b80@group-04BD99C537EA: change Leader from null to d5ca780d-91ab-4a71-97a7-7cd5dfc24b80 at term 1 for becomeLeader, leader elected after 5194ms
2020-07-21 13:02:35,914 [d5ca780d-91ab-4a71-97a7-7cd5dfc24b80@group-04BD99C537EA-LeaderElection20] INFO  server.RaftServerConfigKeys (ConfUtils.java:logGet(44)) - raft.server.staging.catchup.gap = 1000 (default)
2020-07-21 13:02:35,914 [d5ca780d-91ab-4a71-97a7-7cd5dfc24b80@group-04BD99C537EA-LeaderElection20] INFO  server.RaftServerConfigKeys (ConfUtils.java:logGet(44)) - raft.server.rpc.sleep.time = 25ms (default)
2020-07-21 13:02:35,915 [d5ca780d-91ab-4a71-97a7-7cd5dfc24b80@group-04BD99C537EA-LeaderElection20] INFO  metrics.RatisMetrics (RatisMetrics.java:lambda$create$0(36)) - Creating Metrics Registry : ratis.log_appender.d5ca780d-91ab-4a71-97a7-7cd5dfc24b80@group-04BD99C537EA
2020-07-21 13:02:35,915 [d5ca780d-91ab-4a71-97a7-7cd5dfc24b80@group-04BD99C537EA-LeaderElection20] INFO  server.RaftServerConfigKeys (ConfUtils.java:logGet(44)) - raft.server.write.element-limit = 1024 (custom)
2020-07-21 13:02:35,915 [d5ca780d-91ab-4a71-97a7-7cd5dfc24b80@group-04BD99C537EA-LeaderElection20] INFO  server.RaftServerConfigKeys (ConfUtils.java:logGet(44)) - raft.server.write.byte-limit = 1073741824 (custom)
2020-07-21 13:02:35,916 [d5ca780d-91ab-4a71-97a7-7cd5dfc24b80@group-04BD99C537EA-LeaderElection20] INFO  server.RaftServerConfigKeys (ConfUtils.java:logGet(44)) - raft.server.watch.timeout = 3000ms (custom)
2020-07-21 13:02:35,916 [d5ca780d-91ab-4a71-97a7-7cd5dfc24b80@group-04BD99C537EA-LeaderElection20] INFO  server.RaftServerConfigKeys (ConfUtils.java:logGet(44)) - raft.server.watch.timeout.denomination = 1s (default)
2020-07-21 13:02:35,916 [d5ca780d-91ab-4a71-97a7-7cd5dfc24b80@group-04BD99C537EA-LeaderElection20] INFO  server.RaftServerConfigKeys (ConfUtils.java:logGet(44)) - raft.server.watch.element-limit = 65536 (default)
2020-07-21 13:02:35,916 [d5ca780d-91ab-4a71-97a7-7cd5dfc24b80@group-04BD99C537EA-LeaderElection20] INFO  impl.RoleInfo (RoleInfo.java:updateAndGet(143)) - d5ca780d-91ab-4a71-97a7-7cd5dfc24b80: start LeaderState
2020-07-21 13:02:35,917 [d5ca780d-91ab-4a71-97a7-7cd5dfc24b80@group-04BD99C537EA-LeaderElection20] INFO  segmented.SegmentedRaftLogWorker (SegmentedRaftLogWorker.java:startLogSegment(397)) - d5ca780d-91ab-4a71-97a7-7cd5dfc24b80@group-04BD99C537EA-SegmentedRaftLogWorker: Starting segment from index:0
2020-07-21 13:02:35,918 [d5ca780d-91ab-4a71-97a7-7cd5dfc24b80@group-04BD99C537EA-LeaderElection20] INFO  impl.RaftServerImpl (ServerState.java:setRaftConf(356)) - d5ca780d-91ab-4a71-97a7-7cd5dfc24b80@group-04BD99C537EA: set configuration 0: [d5ca780d-91ab-4a71-97a7-7cd5dfc24b80:172.17.0.2:38705], old=null at 0
2020-07-21 13:02:35,918 [d5ca780d-91ab-4a71-97a7-7cd5dfc24b80@group-04BD99C537EA-SegmentedRaftLogWorker] INFO  segmented.SegmentedRaftLogWorker (SegmentedRaftLogWorker.java:execute(596)) - d5ca780d-91ab-4a71-97a7-7cd5dfc24b80@group-04BD99C537EA-SegmentedRaftLogWorker: created new log segment /github/workspace/mnt/ozone/hadoop-ozone/integration-test/target/test-dir/MiniOzoneClusterImpl-be9508b3-40a4-4101-8d37-3f3c8981745f/datanode-3/data/ratis/04182b48-8322-47e7-b01c-04bd99c537ea/current/log_inprogress_0
2020-07-21 13:02:36,010 [Thread-607] INFO  impl.FollowerState (FollowerState.java:run(108)) - 2eac0f59-dcd3-4eb3-89d2-7c59b77080ad@group-67A49A9DB092-FollowerState: change to CANDIDATE, lastRpcTime:5140ms, electionTimeout:5139ms
2020-07-21 13:02:36,010 [Thread-607] INFO  impl.RoleInfo (RoleInfo.java:shutdownFollowerState(121)) - 2eac0f59-dcd3-4eb3-89d2-7c59b77080ad: shutdown FollowerState
2020-07-21 13:02:36,011 [Thread-607] INFO  impl.RaftServerImpl (RaftServerImpl.java:setRole(185)) - 2eac0f59-dcd3-4eb3-89d2-7c59b77080ad@group-67A49A9DB092: changes role from  FOLLOWER to CANDIDATE at term 0 for changeToCandidate
2020-07-21 13:02:36,011 [Thread-607] INFO  impl.RoleInfo (RoleInfo.java:updateAndGet(143)) - 2eac0f59-dcd3-4eb3-89d2-7c59b77080ad: start LeaderElection
2020-07-21 13:02:36,013 [2eac0f59-dcd3-4eb3-89d2-7c59b77080ad@group-67A49A9DB092-LeaderElection21] INFO  impl.LeaderElection (LeaderElection.java:askForVotes(209)) - 2eac0f59-dcd3-4eb3-89d2-7c59b77080ad@group-67A49A9DB092-LeaderElection21: begin an election at term 1 for -1: [2eac0f59-dcd3-4eb3-89d2-7c59b77080ad:172.17.0.2:39189], old=null
2020-07-21 13:02:36,013 [2eac0f59-dcd3-4eb3-89d2-7c59b77080ad@group-67A49A9DB092-LeaderElection21] INFO  impl.RoleInfo (RoleInfo.java:shutdownLeaderElection(134)) - 2eac0f59-dcd3-4eb3-89d2-7c59b77080ad: shutdown LeaderElection
2020-07-21 13:02:36,014 [2eac0f59-dcd3-4eb3-89d2-7c59b77080ad@group-67A49A9DB092-LeaderElection21] INFO  impl.RaftServerImpl (RaftServerImpl.java:setRole(185)) - 2eac0f59-dcd3-4eb3-89d2-7c59b77080ad@group-67A49A9DB092: changes role from CANDIDATE to LEADER at term 1 for changeToLeader
2020-07-21 13:02:36,014 [2eac0f59-dcd3-4eb3-89d2-7c59b77080ad@group-67A49A9DB092-LeaderElection21] INFO  ratis.XceiverServerRatis (XceiverServerRatis.java:handleLeaderChangedNotification(820)) - Leader change notification received for group: group-67A49A9DB092 with new leaderId: 2eac0f59-dcd3-4eb3-89d2-7c59b77080ad
2020-07-21 13:02:36,014 [2eac0f59-dcd3-4eb3-89d2-7c59b77080ad@group-67A49A9DB092-LeaderElection21] INFO  impl.RaftServerImpl (ServerState.java:setLeader(255)) - 2eac0f59-dcd3-4eb3-89d2-7c59b77080ad@group-67A49A9DB092: change Leader from null to 2eac0f59-dcd3-4eb3-89d2-7c59b77080ad at term 1 for becomeLeader, leader elected after 5155ms
2020-07-21 13:02:36,015 [2eac0f59-dcd3-4eb3-89d2-7c59b77080ad@group-67A49A9DB092-LeaderElection21] INFO  server.RaftServerConfigKeys (ConfUtils.java:logGet(44)) - raft.server.staging.catchup.gap = 1000 (default)
2020-07-21 13:02:36,015 [2eac0f59-dcd3-4eb3-89d2-7c59b77080ad@group-67A49A9DB092-LeaderElection21] INFO  server.RaftServerConfigKeys (ConfUtils.java:logGet(44)) - raft.server.rpc.sleep.time = 25ms (default)
2020-07-21 13:02:36,015 [2eac0f59-dcd3-4eb3-89d2-7c59b77080ad@group-67A49A9DB092-LeaderElection21] INFO  metrics.RatisMetrics (RatisMetrics.java:lambda$create$0(36)) - Creating Metrics Registry : ratis.log_appender.2eac0f59-dcd3-4eb3-89d2-7c59b77080ad@group-67A49A9DB092
2020-07-21 13:02:36,015 [2eac0f59-dcd3-4eb3-89d2-7c59b77080ad@group-67A49A9DB092-LeaderElection21] INFO  server.RaftServerConfigKeys (ConfUtils.java:logGet(44)) - raft.server.write.element-limit = 1024 (custom)
2020-07-21 13:02:36,015 [2eac0f59-dcd3-4eb3-89d2-7c59b77080ad@group-67A49A9DB092-LeaderElection21] INFO  server.RaftServerConfigKeys (ConfUtils.java:logGet(44)) - raft.server.write.byte-limit = 1073741824 (custom)
2020-07-21 13:02:36,017 [2eac0f59-dcd3-4eb3-89d2-7c59b77080ad@group-67A49A9DB092-LeaderElection21] INFO  server.RaftServerConfigKeys (ConfUtils.java:logGet(44)) - raft.server.watch.timeout = 3000ms (custom)
2020-07-21 13:02:36,017 [2eac0f59-dcd3-4eb3-89d2-7c59b77080ad@group-67A49A9DB092-LeaderElection21] INFO  server.RaftServerConfigKeys (ConfUtils.java:logGet(44)) - raft.server.watch.timeout.denomination = 1s (default)
2020-07-21 13:02:36,017 [2eac0f59-dcd3-4eb3-89d2-7c59b77080ad@group-67A49A9DB092-LeaderElection21] INFO  server.RaftServerConfigKeys (ConfUtils.java:logGet(44)) - raft.server.watch.element-limit = 65536 (default)
2020-07-21 13:02:36,017 [2eac0f59-dcd3-4eb3-89d2-7c59b77080ad@group-67A49A9DB092-LeaderElection21] INFO  impl.RoleInfo (RoleInfo.java:updateAndGet(143)) - 2eac0f59-dcd3-4eb3-89d2-7c59b77080ad: start LeaderState
2020-07-21 13:02:36,018 [2eac0f59-dcd3-4eb3-89d2-7c59b77080ad@group-67A49A9DB092-LeaderElection21] INFO  segmented.SegmentedRaftLogWorker (SegmentedRaftLogWorker.java:startLogSegment(397)) - 2eac0f59-dcd3-4eb3-89d2-7c59b77080ad@group-67A49A9DB092-SegmentedRaftLogWorker: Starting segment from index:0
2020-07-21 13:02:36,018 [2eac0f59-dcd3-4eb3-89d2-7c59b77080ad@group-67A49A9DB092-LeaderElection21] INFO  impl.RaftServerImpl (ServerState.java:setRaftConf(356)) - 2eac0f59-dcd3-4eb3-89d2-7c59b77080ad@group-67A49A9DB092: set configuration 0: [2eac0f59-dcd3-4eb3-89d2-7c59b77080ad:172.17.0.2:39189], old=null at 0
2020-07-21 13:02:36,019 [2eac0f59-dcd3-4eb3-89d2-7c59b77080ad@group-67A49A9DB092-SegmentedRaftLogWorker] INFO  segmented.SegmentedRaftLogWorker (SegmentedRaftLogWorker.java:execute(596)) - 2eac0f59-dcd3-4eb3-89d2-7c59b77080ad@group-67A49A9DB092-SegmentedRaftLogWorker: created new log segment /github/workspace/mnt/ozone/hadoop-ozone/integration-test/target/test-dir/MiniOzoneClusterImpl-be9508b3-40a4-4101-8d37-3f3c8981745f/datanode-4/data/ratis/2a6df2b0-bb2d-466f-8b5b-67a49a9db092/current/log_inprogress_0
2020-07-21 13:02:36,101 [Listener at 127.0.0.1/40369] INFO  ozone.MiniOzoneClusterImpl (MiniOzoneClusterImpl.java:lambda$waitForClusterToBeReady$0(177)) - Nodes are ready. Got 7 of 7 DN Heartbeats.
2020-07-21 13:02:36,101 [Listener at 127.0.0.1/40369] INFO  ozone.MiniOzoneClusterImpl (MiniOzoneClusterImpl.java:lambda$waitForClusterToBeReady$0(180)) - Cluster exits safe mode
2020-07-21 13:02:36,119 [Listener at 127.0.0.1/40369] INFO  rpc.RpcClient (RpcClient.java:createVolume(314)) - Creating Volume: testblockoutputstream, with jenkins1001 as owner.
2020-07-21 13:02:36,120 [IPC Server handler 5 on default port 40369] INFO  volume.OMVolumeCreateRequest (OMVolumeCreateRequest.java:validateAndUpdateCache(195)) - created volume:testblockoutputstream for user:jenkins1001
2020-07-21 13:02:36,124 [Listener at 127.0.0.1/40369] INFO  rpc.RpcClient (RpcClient.java:createBucket(459)) - Creating Bucket: testblockoutputstream/testblockoutputstream, with Versioning false and Storage Type set to DISK and Encryption set to false 
2020-07-21 13:02:36,125 [Listener at 127.0.0.1/40369] INFO  ozone.MiniOzoneClusterImpl (MiniOzoneClusterImpl.java:getStorageContainerLocationClient(289)) - Creating StorageContainerLocationProtocol RPC client with address /0.0.0.0:39581
2020-07-21 13:02:36,169 [Thread-609] INFO  impl.FollowerState (FollowerState.java:run(108)) - a34b7963-95e6-4818-b5ff-93e9d77f8426@group-630E287534D4-FollowerState: change to CANDIDATE, lastRpcTime:5199ms, electionTimeout:5196ms
2020-07-21 13:02:36,170 [Thread-609] INFO  impl.RoleInfo (RoleInfo.java:shutdownFollowerState(121)) - a34b7963-95e6-4818-b5ff-93e9d77f8426: shutdown FollowerState
2020-07-21 13:02:36,170 [Thread-609] INFO  impl.RaftServerImpl (RaftServerImpl.java:setRole(185)) - a34b7963-95e6-4818-b5ff-93e9d77f8426@group-630E287534D4: changes role from  FOLLOWER to CANDIDATE at term 0 for changeToCandidate
2020-07-21 13:02:36,170 [Thread-609] INFO  impl.RoleInfo (RoleInfo.java:updateAndGet(143)) - a34b7963-95e6-4818-b5ff-93e9d77f8426: start LeaderElection
2020-07-21 13:02:36,185 [Thread-611] INFO  impl.FollowerState (FollowerState.java:run(108)) - 348bca5e-25af-4723-bedb-70bc4f16e84a@group-0103C602AF91-FollowerState: change to CANDIDATE, lastRpcTime:5062ms, electionTimeout:5061ms
2020-07-21 13:02:36,185 [Thread-611] INFO  impl.RoleInfo (RoleInfo.java:shutdownFollowerState(121)) - 348bca5e-25af-4723-bedb-70bc4f16e84a: shutdown FollowerState
2020-07-21 13:02:36,186 [Thread-611] INFO  impl.RaftServerImpl (RaftServerImpl.java:setRole(185)) - 348bca5e-25af-4723-bedb-70bc4f16e84a@group-0103C602AF91: changes role from  FOLLOWER to CANDIDATE at term 0 for changeToCandidate
2020-07-21 13:02:36,186 [Thread-611] INFO  impl.RoleInfo (RoleInfo.java:updateAndGet(143)) - 348bca5e-25af-4723-bedb-70bc4f16e84a: start LeaderElection
2020-07-21 13:02:36,207 [ChunkWriter-0-0] WARN  helpers.ChunkUtils (ChunkUtils.java:validateChunkForOverwrite(224)) - Duplicate write chunk request. Chunk overwrite without explicit request. ChunkInfo{chunkName='1595336556137.data.0, offset=0, len=1048576}
2020-07-21 13:02:36,233 [348bca5e-25af-4723-bedb-70bc4f16e84a@group-0103C602AF91-LeaderElection23] INFO  impl.LeaderElection (LeaderElection.java:askForVotes(209)) - 348bca5e-25af-4723-bedb-70bc4f16e84a@group-0103C602AF91-LeaderElection23: begin an election at term 1 for -1: [348bca5e-25af-4723-bedb-70bc4f16e84a:172.17.0.2:38655], old=null
2020-07-21 13:02:36,233 [348bca5e-25af-4723-bedb-70bc4f16e84a@group-0103C602AF91-LeaderElection23] INFO  impl.RoleInfo (RoleInfo.java:shutdownLeaderElection(134)) - 348bca5e-25af-4723-bedb-70bc4f16e84a: shutdown LeaderElection
2020-07-21 13:02:36,233 [348bca5e-25af-4723-bedb-70bc4f16e84a@group-0103C602AF91-LeaderElection23] INFO  impl.RaftServerImpl (RaftServerImpl.java:setRole(185)) - 348bca5e-25af-4723-bedb-70bc4f16e84a@group-0103C602AF91: changes role from CANDIDATE to LEADER at term 1 for changeToLeader
2020-07-21 13:02:36,233 [348bca5e-25af-4723-bedb-70bc4f16e84a@group-0103C602AF91-LeaderElection23] INFO  ratis.XceiverServerRatis (XceiverServerRatis.java:handleLeaderChangedNotification(820)) - Leader change notification received for group: group-0103C602AF91 with new leaderId: 348bca5e-25af-4723-bedb-70bc4f16e84a
2020-07-21 13:02:36,233 [348bca5e-25af-4723-bedb-70bc4f16e84a@group-0103C602AF91-LeaderElection23] INFO  impl.RaftServerImpl (ServerState.java:setLeader(255)) - 348bca5e-25af-4723-bedb-70bc4f16e84a@group-0103C602AF91: change Leader from null to 348bca5e-25af-4723-bedb-70bc4f16e84a at term 1 for becomeLeader, leader elected after 5124ms
2020-07-21 13:02:36,233 [348bca5e-25af-4723-bedb-70bc4f16e84a@group-0103C602AF91-LeaderElection23] INFO  server.RaftServerConfigKeys (ConfUtils.java:logGet(44)) - raft.server.staging.catchup.gap = 1000 (default)
2020-07-21 13:02:36,233 [348bca5e-25af-4723-bedb-70bc4f16e84a@group-0103C602AF91-LeaderElection23] INFO  server.RaftServerConfigKeys (ConfUtils.java:logGet(44)) - raft.server.rpc.sleep.time = 25ms (default)
2020-07-21 13:02:36,233 [348bca5e-25af-4723-bedb-70bc4f16e84a@group-0103C602AF91-LeaderElection23] INFO  metrics.RatisMetrics (RatisMetrics.java:lambda$create$0(36)) - Creating Metrics Registry : ratis.log_appender.348bca5e-25af-4723-bedb-70bc4f16e84a@group-0103C602AF91
2020-07-21 13:02:36,234 [348bca5e-25af-4723-bedb-70bc4f16e84a@group-0103C602AF91-LeaderElection23] INFO  server.RaftServerConfigKeys (ConfUtils.java:logGet(44)) - raft.server.write.element-limit = 1024 (custom)
2020-07-21 13:02:36,235 [348bca5e-25af-4723-bedb-70bc4f16e84a@group-0103C602AF91-LeaderElection23] INFO  server.RaftServerConfigKeys (ConfUtils.java:logGet(44)) - raft.server.write.byte-limit = 1073741824 (custom)
2020-07-21 13:02:36,235 [348bca5e-25af-4723-bedb-70bc4f16e84a@group-0103C602AF91-LeaderElection23] INFO  server.RaftServerConfigKeys (ConfUtils.java:logGet(44)) - raft.server.watch.timeout = 3000ms (custom)
2020-07-21 13:02:36,235 [348bca5e-25af-4723-bedb-70bc4f16e84a@group-0103C602AF91-LeaderElection23] INFO  server.RaftServerConfigKeys (ConfUtils.java:logGet(44)) - raft.server.watch.timeout.denomination = 1s (default)
2020-07-21 13:02:36,235 [348bca5e-25af-4723-bedb-70bc4f16e84a@group-0103C602AF91-LeaderElection23] INFO  server.RaftServerConfigKeys (ConfUtils.java:logGet(44)) - raft.server.watch.element-limit = 65536 (default)
2020-07-21 13:02:36,235 [348bca5e-25af-4723-bedb-70bc4f16e84a@group-0103C602AF91-LeaderElection23] INFO  impl.RoleInfo (RoleInfo.java:updateAndGet(143)) - 348bca5e-25af-4723-bedb-70bc4f16e84a: start LeaderState
2020-07-21 13:02:36,235 [348bca5e-25af-4723-bedb-70bc4f16e84a@group-0103C602AF91-LeaderElection23] INFO  segmented.SegmentedRaftLogWorker (SegmentedRaftLogWorker.java:startLogSegment(397)) - 348bca5e-25af-4723-bedb-70bc4f16e84a@group-0103C602AF91-SegmentedRaftLogWorker: Starting segment from index:0
2020-07-21 13:02:36,238 [348bca5e-25af-4723-bedb-70bc4f16e84a@group-0103C602AF91-SegmentedRaftLogWorker] INFO  segmented.SegmentedRaftLogWorker (SegmentedRaftLogWorker.java:execute(596)) - 348bca5e-25af-4723-bedb-70bc4f16e84a@group-0103C602AF91-SegmentedRaftLogWorker: created new log segment /github/workspace/mnt/ozone/hadoop-ozone/integration-test/target/test-dir/MiniOzoneClusterImpl-be9508b3-40a4-4101-8d37-3f3c8981745f/datanode-6/data/ratis/140b312a-ccbb-43fa-a844-0103c602af91/current/log_inprogress_0
2020-07-21 13:02:36,238 [ChunkWriter-0-0] WARN  helpers.ChunkUtils (ChunkUtils.java:validateChunkForOverwrite(224)) - Duplicate write chunk request. Chunk overwrite without explicit request. ChunkInfo{chunkName='1595336556137.data.0, offset=0, len=1048576}
2020-07-21 13:02:36,239 [348bca5e-25af-4723-bedb-70bc4f16e84a@group-0103C602AF91-LeaderElection23] INFO  impl.RaftServerImpl (ServerState.java:setRaftConf(356)) - 348bca5e-25af-4723-bedb-70bc4f16e84a@group-0103C602AF91: set configuration 0: [348bca5e-25af-4723-bedb-70bc4f16e84a:172.17.0.2:38655], old=null at 0
2020-07-21 13:02:36,267 [a34b7963-95e6-4818-b5ff-93e9d77f8426@group-630E287534D4-LeaderElection22] INFO  impl.LeaderElection (LeaderElection.java:askForVotes(209)) - a34b7963-95e6-4818-b5ff-93e9d77f8426@group-630E287534D4-LeaderElection22: begin an election at term 1 for -1: [a34b7963-95e6-4818-b5ff-93e9d77f8426:172.17.0.2:40065], old=null
2020-07-21 13:02:36,268 [a34b7963-95e6-4818-b5ff-93e9d77f8426@group-630E287534D4-LeaderElection22] INFO  impl.RoleInfo (RoleInfo.java:shutdownLeaderElection(134)) - a34b7963-95e6-4818-b5ff-93e9d77f8426: shutdown LeaderElection
2020-07-21 13:02:36,268 [a34b7963-95e6-4818-b5ff-93e9d77f8426@group-630E287534D4-LeaderElection22] INFO  impl.RaftServerImpl (RaftServerImpl.java:setRole(185)) - a34b7963-95e6-4818-b5ff-93e9d77f8426@group-630E287534D4: changes role from CANDIDATE to LEADER at term 1 for changeToLeader
2020-07-21 13:02:36,268 [a34b7963-95e6-4818-b5ff-93e9d77f8426@group-630E287534D4-LeaderElection22] INFO  ratis.XceiverServerRatis (XceiverServerRatis.java:handleLeaderChangedNotification(820)) - Leader change notification received for group: group-630E287534D4 with new leaderId: a34b7963-95e6-4818-b5ff-93e9d77f8426
2020-07-21 13:02:36,271 [ChunkWriter-0-0] WARN  helpers.ChunkUtils (ChunkUtils.java:validateChunkForOverwrite(224)) - Duplicate write chunk request. Chunk overwrite without explicit request. ChunkInfo{chunkName='1595336556137.data.0, offset=0, len=1048576}
2020-07-21 13:02:36,277 [a34b7963-95e6-4818-b5ff-93e9d77f8426@group-630E287534D4-LeaderElection22] INFO  impl.RaftServerImpl (ServerState.java:setLeader(255)) - a34b7963-95e6-4818-b5ff-93e9d77f8426@group-630E287534D4: change Leader from null to a34b7963-95e6-4818-b5ff-93e9d77f8426 at term 1 for becomeLeader, leader elected after 5303ms
2020-07-21 13:02:36,277 [a34b7963-95e6-4818-b5ff-93e9d77f8426@group-630E287534D4-LeaderElection22] INFO  server.RaftServerConfigKeys (ConfUtils.java:logGet(44)) - raft.server.staging.catchup.gap = 1000 (default)
2020-07-21 13:02:36,282 [a34b7963-95e6-4818-b5ff-93e9d77f8426@group-630E287534D4-LeaderElection22] INFO  server.RaftServerConfigKeys (ConfUtils.java:logGet(44)) - raft.server.rpc.sleep.time = 25ms (default)
2020-07-21 13:02:36,290 [a34b7963-95e6-4818-b5ff-93e9d77f8426@group-630E287534D4-LeaderElection22] INFO  metrics.RatisMetrics (RatisMetrics.java:lambda$create$0(36)) - Creating Metrics Registry : ratis.log_appender.a34b7963-95e6-4818-b5ff-93e9d77f8426@group-630E287534D4
2020-07-21 13:02:36,290 [a34b7963-95e6-4818-b5ff-93e9d77f8426@group-630E287534D4-LeaderElection22] INFO  server.RaftServerConfigKeys (ConfUtils.java:logGet(44)) - raft.server.write.element-limit = 1024 (custom)
2020-07-21 13:02:36,290 [a34b7963-95e6-4818-b5ff-93e9d77f8426@group-630E287534D4-LeaderElection22] INFO  server.RaftServerConfigKeys (ConfUtils.java:logGet(44)) - raft.server.write.byte-limit = 1073741824 (custom)
2020-07-21 13:02:36,290 [a34b7963-95e6-4818-b5ff-93e9d77f8426@group-630E287534D4-LeaderElection22] INFO  server.RaftServerConfigKeys (ConfUtils.java:logGet(44)) - raft.server.watch.timeout = 3000ms (custom)
2020-07-21 13:02:36,290 [a34b7963-95e6-4818-b5ff-93e9d77f8426@group-630E287534D4-LeaderElection22] INFO  server.RaftServerConfigKeys (ConfUtils.java:logGet(44)) - raft.server.watch.timeout.denomination = 1s (default)
2020-07-21 13:02:36,290 [a34b7963-95e6-4818-b5ff-93e9d77f8426@group-630E287534D4-LeaderElection22] INFO  server.RaftServerConfigKeys (ConfUtils.java:logGet(44)) - raft.server.watch.element-limit = 65536 (default)
2020-07-21 13:02:36,290 [a34b7963-95e6-4818-b5ff-93e9d77f8426@group-630E287534D4-LeaderElection22] INFO  impl.RoleInfo (RoleInfo.java:updateAndGet(143)) - a34b7963-95e6-4818-b5ff-93e9d77f8426: start LeaderState
2020-07-21 13:02:36,291 [a34b7963-95e6-4818-b5ff-93e9d77f8426@group-630E287534D4-LeaderElection22] INFO  segmented.SegmentedRaftLogWorker (SegmentedRaftLogWorker.java:startLogSegment(397)) - a34b7963-95e6-4818-b5ff-93e9d77f8426@group-630E287534D4-SegmentedRaftLogWorker: Starting segment from index:0
2020-07-21 13:02:36,292 [a34b7963-95e6-4818-b5ff-93e9d77f8426@group-630E287534D4-SegmentedRaftLogWorker] INFO  segmented.SegmentedRaftLogWorker (SegmentedRaftLogWorker.java:execute(596)) - a34b7963-95e6-4818-b5ff-93e9d77f8426@group-630E287534D4-SegmentedRaftLogWorker: created new log segment /github/workspace/mnt/ozone/hadoop-ozone/integration-test/target/test-dir/MiniOzoneClusterImpl-be9508b3-40a4-4101-8d37-3f3c8981745f/datanode-5/data/ratis/4df0033a-938b-4290-885e-630e287534d4/current/log_inprogress_0
2020-07-21 13:02:36,301 [a34b7963-95e6-4818-b5ff-93e9d77f8426@group-630E287534D4-LeaderElection22] INFO  impl.RaftServerImpl (ServerState.java:setRaftConf(356)) - a34b7963-95e6-4818-b5ff-93e9d77f8426@group-630E287534D4: set configuration 0: [a34b7963-95e6-4818-b5ff-93e9d77f8426:172.17.0.2:40065], old=null at 0
2020-07-21 13:02:37,272 [Datanode State Machine Thread - 0] INFO  statemachine.DatanodeStateMachine (DatanodeStateMachine.java:lambda$startDaemon$0(380)) - Ozone container server started.
2020-07-21 13:02:38,599 [EventQueue-Delayed safe mode statusForReplicationManager] INFO  container.ReplicationManager (ReplicationManager.java:start(177)) - Starting Replication Monitor Thread.
2020-07-21 13:02:38,600 [ReplicationMonitor] INFO  container.ReplicationManager (ReplicationManager.java:run(241)) - Replication Monitor Thread took 0 milliseconds for processing 1 containers.
2020-07-21 13:02:41,325 [Listener at 127.0.0.1/40369] INFO  ozoneimpl.OzoneContainer (OzoneContainer.java:stop(247)) - Attempting to stop container services.
2020-07-21 13:02:41,326 [Listener at 127.0.0.1/40369] INFO  impl.RaftServerProxy (RaftServerProxy.java:lambda$close$4(319)) - 52573f45-fbdb-4827-a4d1-e8c2ad0f3cc3: close
2020-07-21 13:02:41,326 [Listener at 127.0.0.1/40369] INFO  impl.RaftServerImpl (RaftServerImpl.java:lambda$shutdown$3(263)) - 52573f45-fbdb-4827-a4d1-e8c2ad0f3cc3@group-54C18EC8830D: shutdown
2020-07-21 13:02:41,326 [Listener at 127.0.0.1/40369] INFO  util.JmxRegister (JmxRegister.java:unregister(73)) - Successfully un-registered JMX Bean with object name Ratis:service=RaftServer,group=group-54C18EC8830D,id=52573f45-fbdb-4827-a4d1-e8c2ad0f3cc3
2020-07-21 13:02:41,326 [Listener at 127.0.0.1/40369] INFO  impl.RoleInfo (RoleInfo.java:shutdownLeaderState(104)) - 52573f45-fbdb-4827-a4d1-e8c2ad0f3cc3: shutdown LeaderState
2020-07-21 13:02:41,326 [Listener at 127.0.0.1/40369] INFO  impl.PendingRequests (PendingRequests.java:sendNotLeaderResponses(249)) - 52573f45-fbdb-4827-a4d1-e8c2ad0f3cc3@group-54C18EC8830D-PendingRequests: sendNotLeaderResponses
2020-07-21 13:02:41,326 [Listener at 127.0.0.1/40369] INFO  metrics.RatisMetrics (RatisMetrics.java:unregister(43)) - Unregistering Metrics Registry : ratis.log_appender.52573f45-fbdb-4827-a4d1-e8c2ad0f3cc3@group-54C18EC8830D
2020-07-21 13:02:41,327 [Listener at 127.0.0.1/40369] INFO  metrics.RatisMetrics (RatisMetrics.java:unregister(43)) - Unregistering Metrics Registry : ratis.server.52573f45-fbdb-4827-a4d1-e8c2ad0f3cc3@group-54C18EC8830D
2020-07-21 13:02:41,327 [Listener at 127.0.0.1/40369] INFO  impl.StateMachineUpdater (StateMachineUpdater.java:stopAndJoin(142)) - 52573f45-fbdb-4827-a4d1-e8c2ad0f3cc3@group-54C18EC8830D-StateMachineUpdater: set stopIndex = 0
2020-07-21 13:02:41,329 [52573f45-fbdb-4827-a4d1-e8c2ad0f3cc3@group-54C18EC8830D-StateMachineUpdater] INFO  ratis.ContainerStateMachine (ContainerStateMachine.java:takeSnapshot(293)) - group-54C18EC8830D: Taking a snapshot at:(t:1, i:0) file /github/workspace/mnt/ozone/hadoop-ozone/integration-test/target/test-dir/MiniOzoneClusterImpl-be9508b3-40a4-4101-8d37-3f3c8981745f/datanode-2/data/ratis/659d47db-e412-48ed-8bb9-54c18ec8830d/sm/snapshot.1_0
2020-07-21 13:02:41,329 [ForkJoinPool.commonPool-worker-0] INFO  impl.RaftServerImpl (RaftServerImpl.java:lambda$shutdown$3(263)) - 52573f45-fbdb-4827-a4d1-e8c2ad0f3cc3@group-9E5EF260E081: shutdown
2020-07-21 13:02:41,329 [ForkJoinPool.commonPool-worker-0] INFO  util.JmxRegister (JmxRegister.java:unregister(73)) - Successfully un-registered JMX Bean with object name Ratis:service=RaftServer,group=group-9E5EF260E081,id=52573f45-fbdb-4827-a4d1-e8c2ad0f3cc3
2020-07-21 13:02:41,329 [ForkJoinPool.commonPool-worker-0] INFO  impl.RoleInfo (RoleInfo.java:shutdownFollowerState(121)) - 52573f45-fbdb-4827-a4d1-e8c2ad0f3cc3: shutdown FollowerState
2020-07-21 13:02:41,330 [ForkJoinPool.commonPool-worker-0] INFO  impl.StateMachineUpdater (StateMachineUpdater.java:stopAndJoin(142)) - 52573f45-fbdb-4827-a4d1-e8c2ad0f3cc3@group-9E5EF260E081-StateMachineUpdater: set stopIndex = 8
2020-07-21 13:02:41,330 [Thread-618] INFO  impl.FollowerState (FollowerState.java:run(117)) - 52573f45-fbdb-4827-a4d1-e8c2ad0f3cc3@group-9E5EF260E081-FollowerState was interrupted: java.lang.InterruptedException: sleep interrupted
2020-07-21 13:02:41,330 [52573f45-fbdb-4827-a4d1-e8c2ad0f3cc3@group-9E5EF260E081-StateMachineUpdater] INFO  ratis.ContainerStateMachine (ContainerStateMachine.java:takeSnapshot(293)) - group-9E5EF260E081: Taking a snapshot at:(t:1, i:8) file /github/workspace/mnt/ozone/hadoop-ozone/integration-test/target/test-dir/MiniOzoneClusterImpl-be9508b3-40a4-4101-8d37-3f3c8981745f/datanode-2/data/ratis/8f6a8b41-efeb-4935-b3c5-9e5ef260e081/sm/snapshot.1_8
2020-07-21 13:02:41,330 [52573f45-fbdb-4827-a4d1-e8c2ad0f3cc3@group-54C18EC8830D-StateMachineUpdater] INFO  ratis.ContainerStateMachine (ContainerStateMachine.java:takeSnapshot(304)) - group-54C18EC8830D: Finished taking a snapshot at:(t:1, i:0) file:/github/workspace/mnt/ozone/hadoop-ozone/integration-test/target/test-dir/MiniOzoneClusterImpl-be9508b3-40a4-4101-8d37-3f3c8981745f/datanode-2/data/ratis/659d47db-e412-48ed-8bb9-54c18ec8830d/sm/snapshot.1_0 time:1
2020-07-21 13:02:41,331 [52573f45-fbdb-4827-a4d1-e8c2ad0f3cc3@group-9E5EF260E081-StateMachineUpdater] INFO  ratis.ContainerStateMachine (ContainerStateMachine.java:takeSnapshot(304)) - group-9E5EF260E081: Finished taking a snapshot at:(t:1, i:8) file:/github/workspace/mnt/ozone/hadoop-ozone/integration-test/target/test-dir/MiniOzoneClusterImpl-be9508b3-40a4-4101-8d37-3f3c8981745f/datanode-2/data/ratis/8f6a8b41-efeb-4935-b3c5-9e5ef260e081/sm/snapshot.1_8 time:1
2020-07-21 13:02:41,331 [52573f45-fbdb-4827-a4d1-e8c2ad0f3cc3@group-54C18EC8830D-StateMachineUpdater] INFO  impl.StateMachineUpdater (StateMachineUpdater.java:takeSnapshot(277)) - 52573f45-fbdb-4827-a4d1-e8c2ad0f3cc3@group-54C18EC8830D-StateMachineUpdater: Took a snapshot at index 0
2020-07-21 13:02:41,331 [52573f45-fbdb-4827-a4d1-e8c2ad0f3cc3@group-54C18EC8830D-StateMachineUpdater] INFO  impl.StateMachineUpdater (StateMachineUpdater.java:lambda$new$0(87)) - 52573f45-fbdb-4827-a4d1-e8c2ad0f3cc3@group-54C18EC8830D-StateMachineUpdater: snapshotIndex: updateIncreasingly -1 -> 0
2020-07-21 13:02:41,331 [52573f45-fbdb-4827-a4d1-e8c2ad0f3cc3@group-9E5EF260E081-StateMachineUpdater] INFO  impl.StateMachineUpdater (StateMachineUpdater.java:takeSnapshot(277)) - 52573f45-fbdb-4827-a4d1-e8c2ad0f3cc3@group-9E5EF260E081-StateMachineUpdater: Took a snapshot at index 8
2020-07-21 13:02:41,331 [52573f45-fbdb-4827-a4d1-e8c2ad0f3cc3@group-9E5EF260E081-StateMachineUpdater] INFO  impl.StateMachineUpdater (StateMachineUpdater.java:lambda$new$0(87)) - 52573f45-fbdb-4827-a4d1-e8c2ad0f3cc3@group-9E5EF260E081-StateMachineUpdater: snapshotIndex: updateIncreasingly -1 -> 8
2020-07-21 13:02:41,331 [52573f45-fbdb-4827-a4d1-e8c2ad0f3cc3@group-54C18EC8830D-StateMachineUpdater] INFO  metrics.RatisMetrics (RatisMetrics.java:unregister(43)) - Unregistering Metrics Registry : ratis.state_machine.52573f45-fbdb-4827-a4d1-e8c2ad0f3cc3@group-54C18EC8830D
2020-07-21 13:02:41,331 [52573f45-fbdb-4827-a4d1-e8c2ad0f3cc3@group-9E5EF260E081-StateMachineUpdater] INFO  metrics.RatisMetrics (RatisMetrics.java:unregister(43)) - Unregistering Metrics Registry : ratis.state_machine.52573f45-fbdb-4827-a4d1-e8c2ad0f3cc3@group-9E5EF260E081
2020-07-21 13:02:41,332 [Listener at 127.0.0.1/40369] INFO  impl.RaftServerImpl (ServerState.java:close(387)) - 52573f45-fbdb-4827-a4d1-e8c2ad0f3cc3@group-54C18EC8830D: closes. applyIndex: 0
2020-07-21 13:02:41,332 [52573f45-fbdb-4827-a4d1-e8c2ad0f3cc3@group-54C18EC8830D-SegmentedRaftLogWorker] INFO  segmented.SegmentedRaftLogWorker (SegmentedRaftLogWorker.java:run(327)) - 52573f45-fbdb-4827-a4d1-e8c2ad0f3cc3@group-54C18EC8830D-SegmentedRaftLogWorker was interrupted, exiting. There are 0 tasks remaining in the queue.
2020-07-21 13:02:41,333 [Listener at 127.0.0.1/40369] INFO  segmented.SegmentedRaftLogWorker (SegmentedRaftLogWorker.java:close(234)) - 52573f45-fbdb-4827-a4d1-e8c2ad0f3cc3@group-54C18EC8830D-SegmentedRaftLogWorker close()
2020-07-21 13:02:41,332 [ForkJoinPool.commonPool-worker-0] INFO  impl.RaftServerImpl (ServerState.java:close(387)) - 52573f45-fbdb-4827-a4d1-e8c2ad0f3cc3@group-9E5EF260E081: closes. applyIndex: 8
2020-07-21 13:02:41,334 [Listener at 127.0.0.1/40369] INFO  metrics.RatisMetrics (RatisMetrics.java:unregister(43)) - Unregistering Metrics Registry : ratis.log_worker.52573f45-fbdb-4827-a4d1-e8c2ad0f3cc3@group-54C18EC8830D
2020-07-21 13:02:41,334 [Listener at 127.0.0.1/40369] INFO  metrics.RatisMetrics (RatisMetrics.java:unregister(43)) - Unregistering Metrics Registry : ratis.leader_election.52573f45-fbdb-4827-a4d1-e8c2ad0f3cc3@group-54C18EC8830D
2020-07-21 13:02:41,334 [Listener at 127.0.0.1/40369] INFO  metrics.RatisMetrics (RatisMetrics.java:unregister(43)) - Unregistering Metrics Registry : ratis.server.52573f45-fbdb-4827-a4d1-e8c2ad0f3cc3@group-54C18EC8830D
2020-07-21 13:02:41,336 [52573f45-fbdb-4827-a4d1-e8c2ad0f3cc3@group-9E5EF260E081-SegmentedRaftLogWorker] INFO  segmented.SegmentedRaftLogWorker (SegmentedRaftLogWorker.java:run(327)) - 52573f45-fbdb-4827-a4d1-e8c2ad0f3cc3@group-9E5EF260E081-SegmentedRaftLogWorker was interrupted, exiting. There are 0 tasks remaining in the queue.
2020-07-21 13:02:41,337 [ForkJoinPool.commonPool-worker-0] INFO  segmented.SegmentedRaftLogWorker (SegmentedRaftLogWorker.java:close(234)) - 52573f45-fbdb-4827-a4d1-e8c2ad0f3cc3@group-9E5EF260E081-SegmentedRaftLogWorker close()
2020-07-21 13:02:41,338 [ForkJoinPool.commonPool-worker-0] INFO  metrics.RatisMetrics (RatisMetrics.java:unregister(43)) - Unregistering Metrics Registry : ratis.log_worker.52573f45-fbdb-4827-a4d1-e8c2ad0f3cc3@group-9E5EF260E081
2020-07-21 13:02:41,338 [ForkJoinPool.commonPool-worker-0] INFO  metrics.RatisMetrics (RatisMetrics.java:unregister(43)) - Unregistering Metrics Registry : ratis.leader_election.52573f45-fbdb-4827-a4d1-e8c2ad0f3cc3@group-9E5EF260E081
2020-07-21 13:02:41,338 [ForkJoinPool.commonPool-worker-0] INFO  metrics.RatisMetrics (RatisMetrics.java:unregister(43)) - Unregistering Metrics Registry : ratis.server.52573f45-fbdb-4827-a4d1-e8c2ad0f3cc3@group-9E5EF260E081
2020-07-21 13:02:41,338 [Listener at 127.0.0.1/40369] INFO  server.GrpcService (GrpcService.java:closeImpl(166)) - 52573f45-fbdb-4827-a4d1-e8c2ad0f3cc3: shutdown server with port 40403 now
2020-07-21 13:02:41,341 [Listener at 127.0.0.1/40369] INFO  server.GrpcService (GrpcService.java:closeImpl(174)) - 52573f45-fbdb-4827-a4d1-e8c2ad0f3cc3: shutdown server with port 40403 successfully
2020-07-21 13:02:41,341 [grpc-default-executor-2] WARN  server.GrpcServerProtocolService (LogUtils.java:warn(122)) - 52573f45-fbdb-4827-a4d1-e8c2ad0f3cc3: installSnapshot onError, lastRequest: f4989c0c-dcd3-472e-ad74-017c452c42a3->52573f45-fbdb-4827-a4d1-e8c2ad0f3cc3#9-t1, previous=(t:1, i:7), leaderCommit=4, initializing? false, entries: size=1, first=(t:1, i:8), METADATAENTRY(c:4): org.apache.ratis.thirdparty.io.grpc.StatusRuntimeException: CANCELLED: cancelled before receiving half close
2020-07-21 13:02:41,342 [grpc-default-executor-4] WARN  server.GrpcLogAppender (LogUtils.java:warn(122)) - f4989c0c-dcd3-472e-ad74-017c452c42a3@group-9E5EF260E081->52573f45-fbdb-4827-a4d1-e8c2ad0f3cc3-AppendLogResponseHandler: Failed appendEntries: org.apache.ratis.thirdparty.io.grpc.StatusRuntimeException: CANCELLED: HTTP/2 error code: CANCEL
Received Rst Stream
2020-07-21 13:02:41,343 [Listener at 127.0.0.1/40369] INFO  utils.BackgroundService (BackgroundService.java:shutdown(157)) - Shutting down service BlockDeletingService
2020-07-21 13:02:41,344 [grpc-default-executor-4] INFO  impl.FollowerInfo (FollowerInfo.java:lambda$new$0(51)) - f4989c0c-dcd3-472e-ad74-017c452c42a3@group-9E5EF260E081->52573f45-fbdb-4827-a4d1-e8c2ad0f3cc3: nextIndex: updateUnconditionally 9 -> 8
2020-07-21 13:02:41,344 [Listener at 127.0.0.1/40369] INFO  statemachine.DatanodeStateMachine (DatanodeStateMachine.java:stopDaemon(428)) - Ozone container server stopped.
2020-07-21 13:02:41,350 [Listener at 127.0.0.1/40369] INFO  handler.ContextHandler (ContextHandler.java:doStop(1016)) - Stopped o.e.j.w.WebAppContext@2f7c1d9{hddsDatanode,/,null,UNAVAILABLE}{jar:file:/home/user/.m2/repository/org/apache/hadoop/hadoop-hdds-container-service/0.6.0-SNAPSHOT/hadoop-hdds-container-service-0.6.0-SNAPSHOT.jar!/webapps/hddsDatanode}
2020-07-21 13:02:41,351 [Listener at 127.0.0.1/40369] INFO  server.AbstractConnector (AbstractConnector.java:doStop(380)) - Stopped ServerConnector@53d1d0f8{HTTP/1.1,[http/1.1]}{0.0.0.0:0}
2020-07-21 13:02:41,351 [Listener at 127.0.0.1/40369] INFO  server.session (HouseKeeper.java:stopScavenging(158)) - node0 Stopped scavenging
2020-07-21 13:02:41,351 [Listener at 127.0.0.1/40369] INFO  handler.ContextHandler (ContextHandler.java:doStop(1016)) - Stopped o.e.j.s.ServletContextHandler@48eb5534{static,/static,jar:file:/home/user/.m2/repository/org/apache/hadoop/hadoop-hdds-container-service/0.6.0-SNAPSHOT/hadoop-hdds-container-service-0.6.0-SNAPSHOT.jar!/webapps/static,UNAVAILABLE}
2020-07-21 13:02:41,351 [Listener at 127.0.0.1/40369] INFO  handler.ContextHandler (ContextHandler.java:doStop(1016)) - Stopped o.e.j.s.ServletContextHandler@7986e2b0{logs,/logs,file:///github/workspace/mnt/ozone/hadoop-ozone/integration-test/target/log,UNAVAILABLE}
2020-07-21 13:02:42,273 [Datanode State Machine Thread - 0] INFO  statemachine.DatanodeStateMachine (DatanodeStateMachine.java:lambda$startDaemon$0(380)) - Ozone container server started.
2020-07-21 13:02:43,795 [grpc-default-executor-2] WARN  server.GrpcLogAppender (LogUtils.java:warn(122)) - f4989c0c-dcd3-472e-ad74-017c452c42a3@group-9E5EF260E081->52573f45-fbdb-4827-a4d1-e8c2ad0f3cc3-AppendLogResponseHandler: Failed appendEntries: org.apache.ratis.thirdparty.io.grpc.StatusRuntimeException: UNAVAILABLE: io exception
2020-07-21 13:02:43,797 [grpc-default-executor-2] INFO  impl.FollowerInfo (FollowerInfo.java:lambda$new$0(51)) - f4989c0c-dcd3-472e-ad74-017c452c42a3@group-9E5EF260E081->52573f45-fbdb-4827-a4d1-e8c2ad0f3cc3: nextIndex: updateUnconditionally 9 -> 8
2020-07-21 13:02:46,297 [grpc-default-executor-2] WARN  server.GrpcLogAppender (LogUtils.java:warn(122)) - f4989c0c-dcd3-472e-ad74-017c452c42a3@group-9E5EF260E081->52573f45-fbdb-4827-a4d1-e8c2ad0f3cc3-AppendLogResponseHandler: Failed appendEntries: org.apache.ratis.thirdparty.io.grpc.StatusRuntimeException: UNAVAILABLE: io exception
2020-07-21 13:02:46,298 [grpc-default-executor-2] INFO  impl.FollowerInfo (FollowerInfo.java:lambda$new$0(51)) - f4989c0c-dcd3-472e-ad74-017c452c42a3@group-9E5EF260E081->52573f45-fbdb-4827-a4d1-e8c2ad0f3cc3: nextIndex: updateUnconditionally 9 -> 8
2020-07-21 13:02:46,353 [Listener at 127.0.0.1/40369] INFO  ozoneimpl.OzoneContainer (OzoneContainer.java:stop(247)) - Attempting to stop container services.
2020-07-21 13:02:46,353 [Listener at 127.0.0.1/40369] INFO  impl.RaftServerProxy (RaftServerProxy.java:lambda$close$4(319)) - ce9f2b91-9bfb-469e-a42d-467d0f33a62f: close
2020-07-21 13:02:46,354 [Listener at 127.0.0.1/40369] INFO  impl.RaftServerImpl (RaftServerImpl.java:lambda$shutdown$3(263)) - ce9f2b91-9bfb-469e-a42d-467d0f33a62f@group-AE882E417FBA: shutdown
2020-07-21 13:02:46,354 [ForkJoinPool.commonPool-worker-1] INFO  impl.RaftServerImpl (RaftServerImpl.java:lambda$shutdown$3(263)) - ce9f2b91-9bfb-469e-a42d-467d0f33a62f@group-9E5EF260E081: shutdown
2020-07-21 13:02:46,354 [Listener at 127.0.0.1/40369] INFO  util.JmxRegister (JmxRegister.java:unregister(73)) - Successfully un-registered JMX Bean with object name Ratis:service=RaftServer,group=group-AE882E417FBA,id=ce9f2b91-9bfb-469e-a42d-467d0f33a62f
2020-07-21 13:02:46,354 [Listener at 127.0.0.1/40369] INFO  impl.RoleInfo (RoleInfo.java:shutdownLeaderState(104)) - ce9f2b91-9bfb-469e-a42d-467d0f33a62f: shutdown LeaderState
2020-07-21 13:02:46,355 [Listener at 127.0.0.1/40369] INFO  impl.PendingRequests (PendingRequests.java:sendNotLeaderResponses(249)) - ce9f2b91-9bfb-469e-a42d-467d0f33a62f@group-AE882E417FBA-PendingRequests: sendNotLeaderResponses
2020-07-21 13:02:46,355 [Listener at 127.0.0.1/40369] INFO  metrics.RatisMetrics (RatisMetrics.java:unregister(43)) - Unregistering Metrics Registry : ratis.log_appender.ce9f2b91-9bfb-469e-a42d-467d0f33a62f@group-AE882E417FBA
2020-07-21 13:02:46,355 [Listener at 127.0.0.1/40369] INFO  metrics.RatisMetrics (RatisMetrics.java:unregister(43)) - Unregistering Metrics Registry : ratis.server.ce9f2b91-9bfb-469e-a42d-467d0f33a62f@group-AE882E417FBA
2020-07-21 13:02:46,356 [Listener at 127.0.0.1/40369] INFO  impl.StateMachineUpdater (StateMachineUpdater.java:stopAndJoin(142)) - ce9f2b91-9bfb-469e-a42d-467d0f33a62f@group-AE882E417FBA-StateMachineUpdater: set stopIndex = 0
2020-07-21 13:02:46,354 [ForkJoinPool.commonPool-worker-1] INFO  util.JmxRegister (JmxRegister.java:unregister(73)) - Successfully un-registered JMX Bean with object name Ratis:service=RaftServer,group=group-9E5EF260E081,id=ce9f2b91-9bfb-469e-a42d-467d0f33a62f
2020-07-21 13:02:46,356 [ForkJoinPool.commonPool-worker-1] INFO  impl.RoleInfo (RoleInfo.java:shutdownFollowerState(121)) - ce9f2b91-9bfb-469e-a42d-467d0f33a62f: shutdown FollowerState
2020-07-21 13:02:46,356 [Thread-617] INFO  impl.FollowerState (FollowerState.java:run(117)) - ce9f2b91-9bfb-469e-a42d-467d0f33a62f@group-9E5EF260E081-FollowerState was interrupted: java.lang.InterruptedException: sleep interrupted
2020-07-21 13:02:46,356 [ce9f2b91-9bfb-469e-a42d-467d0f33a62f@group-AE882E417FBA-StateMachineUpdater] INFO  ratis.ContainerStateMachine (ContainerStateMachine.java:takeSnapshot(293)) - group-AE882E417FBA: Taking a snapshot at:(t:1, i:0) file /github/workspace/mnt/ozone/hadoop-ozone/integration-test/target/test-dir/MiniOzoneClusterImpl-be9508b3-40a4-4101-8d37-3f3c8981745f/datanode-0/data/ratis/523050c6-d3b0-47bf-ba4c-ae882e417fba/sm/snapshot.1_0
2020-07-21 13:02:46,358 [ce9f2b91-9bfb-469e-a42d-467d0f33a62f@group-9E5EF260E081-StateMachineUpdater] INFO  ratis.ContainerStateMachine (ContainerStateMachine.java:takeSnapshot(293)) - group-9E5EF260E081: Taking a snapshot at:(t:1, i:8) file /github/workspace/mnt/ozone/hadoop-ozone/integration-test/target/test-dir/MiniOzoneClusterImpl-be9508b3-40a4-4101-8d37-3f3c8981745f/datanode-0/data/ratis/8f6a8b41-efeb-4935-b3c5-9e5ef260e081/sm/snapshot.1_8
2020-07-21 13:02:46,359 [ce9f2b91-9bfb-469e-a42d-467d0f33a62f@group-AE882E417FBA-StateMachineUpdater] INFO  ratis.ContainerStateMachine (ContainerStateMachine.java:takeSnapshot(304)) - group-AE882E417FBA: Finished taking a snapshot at:(t:1, i:0) file:/github/workspace/mnt/ozone/hadoop-ozone/integration-test/target/test-dir/MiniOzoneClusterImpl-be9508b3-40a4-4101-8d37-3f3c8981745f/datanode-0/data/ratis/523050c6-d3b0-47bf-ba4c-ae882e417fba/sm/snapshot.1_0 time:2
2020-07-21 13:02:46,359 [ce9f2b91-9bfb-469e-a42d-467d0f33a62f@group-AE882E417FBA-StateMachineUpdater] INFO  impl.StateMachineUpdater (StateMachineUpdater.java:takeSnapshot(277)) - ce9f2b91-9bfb-469e-a42d-467d0f33a62f@group-AE882E417FBA-StateMachineUpdater: Took a snapshot at index 0
2020-07-21 13:02:46,359 [ce9f2b91-9bfb-469e-a42d-467d0f33a62f@group-AE882E417FBA-StateMachineUpdater] INFO  impl.StateMachineUpdater (StateMachineUpdater.java:lambda$new$0(87)) - ce9f2b91-9bfb-469e-a42d-467d0f33a62f@group-AE882E417FBA-StateMachineUpdater: snapshotIndex: updateIncreasingly -1 -> 0
2020-07-21 13:02:46,359 [ce9f2b91-9bfb-469e-a42d-467d0f33a62f@group-AE882E417FBA-StateMachineUpdater] INFO  metrics.RatisMetrics (RatisMetrics.java:unregister(43)) - Unregistering Metrics Registry : ratis.state_machine.ce9f2b91-9bfb-469e-a42d-467d0f33a62f@group-AE882E417FBA
2020-07-21 13:02:46,360 [Listener at 127.0.0.1/40369] INFO  impl.RaftServerImpl (ServerState.java:close(387)) - ce9f2b91-9bfb-469e-a42d-467d0f33a62f@group-AE882E417FBA: closes. applyIndex: 0
2020-07-21 13:02:46,360 [ce9f2b91-9bfb-469e-a42d-467d0f33a62f@group-9E5EF260E081-StateMachineUpdater] INFO  ratis.ContainerStateMachine (ContainerStateMachine.java:takeSnapshot(304)) - group-9E5EF260E081: Finished taking a snapshot at:(t:1, i:8) file:/github/workspace/mnt/ozone/hadoop-ozone/integration-test/target/test-dir/MiniOzoneClusterImpl-be9508b3-40a4-4101-8d37-3f3c8981745f/datanode-0/data/ratis/8f6a8b41-efeb-4935-b3c5-9e5ef260e081/sm/snapshot.1_8 time:2
2020-07-21 13:02:46,360 [ce9f2b91-9bfb-469e-a42d-467d0f33a62f@group-AE882E417FBA-SegmentedRaftLogWorker] INFO  segmented.SegmentedRaftLogWorker (SegmentedRaftLogWorker.java:run(327)) - ce9f2b91-9bfb-469e-a42d-467d0f33a62f@group-AE882E417FBA-SegmentedRaftLogWorker was interrupted, exiting. There are 0 tasks remaining in the queue.
2020-07-21 13:02:46,360 [ForkJoinPool.commonPool-worker-1] INFO  impl.StateMachineUpdater (StateMachineUpdater.java:stopAndJoin(142)) - ce9f2b91-9bfb-469e-a42d-467d0f33a62f@group-9E5EF260E081-StateMachineUpdater: set stopIndex = 8
2020-07-21 13:02:46,361 [ce9f2b91-9bfb-469e-a42d-467d0f33a62f@group-9E5EF260E081-StateMachineUpdater] INFO  impl.StateMachineUpdater (StateMachineUpdater.java:takeSnapshot(277)) - ce9f2b91-9bfb-469e-a42d-467d0f33a62f@group-9E5EF260E081-StateMachineUpdater: Took a snapshot at index 8
2020-07-21 13:02:46,361 [ce9f2b91-9bfb-469e-a42d-467d0f33a62f@group-9E5EF260E081-StateMachineUpdater] INFO  impl.StateMachineUpdater (StateMachineUpdater.java:lambda$new$0(87)) - ce9f2b91-9bfb-469e-a42d-467d0f33a62f@group-9E5EF260E081-StateMachineUpdater: snapshotIndex: updateIncreasingly -1 -> 8
2020-07-21 13:02:46,362 [ce9f2b91-9bfb-469e-a42d-467d0f33a62f@group-9E5EF260E081-StateMachineUpdater] INFO  metrics.RatisMetrics (RatisMetrics.java:unregister(43)) - Unregistering Metrics Registry : ratis.state_machine.ce9f2b91-9bfb-469e-a42d-467d0f33a62f@group-9E5EF260E081
2020-07-21 13:02:46,362 [ForkJoinPool.commonPool-worker-1] INFO  impl.RaftServerImpl (ServerState.java:close(387)) - ce9f2b91-9bfb-469e-a42d-467d0f33a62f@group-9E5EF260E081: closes. applyIndex: 8
2020-07-21 13:02:46,362 [Listener at 127.0.0.1/40369] INFO  segmented.SegmentedRaftLogWorker (SegmentedRaftLogWorker.java:close(234)) - ce9f2b91-9bfb-469e-a42d-467d0f33a62f@group-AE882E417FBA-SegmentedRaftLogWorker close()
2020-07-21 13:02:46,362 [ce9f2b91-9bfb-469e-a42d-467d0f33a62f@group-9E5EF260E081-SegmentedRaftLogWorker] INFO  segmented.SegmentedRaftLogWorker (SegmentedRaftLogWorker.java:run(327)) - ce9f2b91-9bfb-469e-a42d-467d0f33a62f@group-9E5EF260E081-SegmentedRaftLogWorker was interrupted, exiting. There are 0 tasks remaining in the queue.
2020-07-21 13:02:46,374 [ForkJoinPool.commonPool-worker-1] INFO  segmented.SegmentedRaftLogWorker (SegmentedRaftLogWorker.java:close(234)) - ce9f2b91-9bfb-469e-a42d-467d0f33a62f@group-9E5EF260E081-SegmentedRaftLogWorker close()
2020-07-21 13:02:46,374 [Listener at 127.0.0.1/40369] INFO  metrics.RatisMetrics (RatisMetrics.java:unregister(43)) - Unregistering Metrics Registry : ratis.log_worker.ce9f2b91-9bfb-469e-a42d-467d0f33a62f@group-AE882E417FBA
2020-07-21 13:02:46,375 [ForkJoinPool.commonPool-worker-1] INFO  metrics.RatisMetrics (RatisMetrics.java:unregister(43)) - Unregistering Metrics Registry : ratis.log_worker.ce9f2b91-9bfb-469e-a42d-467d0f33a62f@group-9E5EF260E081
2020-07-21 13:02:46,375 [Listener at 127.0.0.1/40369] INFO  metrics.RatisMetrics (RatisMetrics.java:unregister(43)) - Unregistering Metrics Registry : ratis.leader_election.ce9f2b91-9bfb-469e-a42d-467d0f33a62f@group-AE882E417FBA
2020-07-21 13:02:46,375 [ForkJoinPool.commonPool-worker-1] INFO  metrics.RatisMetrics (RatisMetrics.java:unregister(43)) - Unregistering Metrics Registry : ratis.leader_election.ce9f2b91-9bfb-469e-a42d-467d0f33a62f@group-9E5EF260E081
2020-07-21 13:02:46,375 [ForkJoinPool.commonPool-worker-1] INFO  metrics.RatisMetrics (RatisMetrics.java:unregister(43)) - Unregistering Metrics Registry : ratis.server.ce9f2b91-9bfb-469e-a42d-467d0f33a62f@group-9E5EF260E081
2020-07-21 13:02:46,375 [Listener at 127.0.0.1/40369] INFO  metrics.RatisMetrics (RatisMetrics.java:unregister(43)) - Unregistering Metrics Registry : ratis.server.ce9f2b91-9bfb-469e-a42d-467d0f33a62f@group-AE882E417FBA
2020-07-21 13:02:46,375 [Listener at 127.0.0.1/40369] INFO  server.GrpcService (GrpcService.java:closeImpl(166)) - ce9f2b91-9bfb-469e-a42d-467d0f33a62f: shutdown server with port 35939 now
2020-07-21 13:02:46,376 [grpc-default-executor-4] WARN  server.GrpcServerProtocolService (LogUtils.java:warn(122)) - ce9f2b91-9bfb-469e-a42d-467d0f33a62f: installSnapshot onError, lastRequest: f4989c0c-dcd3-472e-ad74-017c452c42a3->ce9f2b91-9bfb-469e-a42d-467d0f33a62f#9-t1, previous=(t:1, i:7), leaderCommit=4, initializing? false, entries: size=1, first=(t:1, i:8), METADATAENTRY(c:4): org.apache.ratis.thirdparty.io.grpc.StatusRuntimeException: CANCELLED: cancelled before receiving half close
2020-07-21 13:02:46,378 [Listener at 127.0.0.1/40369] INFO  server.GrpcService (GrpcService.java:closeImpl(174)) - ce9f2b91-9bfb-469e-a42d-467d0f33a62f: shutdown server with port 35939 successfully
2020-07-21 13:02:46,378 [Listener at 127.0.0.1/40369] INFO  utils.BackgroundService (BackgroundService.java:shutdown(157)) - Shutting down service BlockDeletingService
2020-07-21 13:02:46,378 [grpc-default-executor-4] WARN  server.GrpcLogAppender (LogUtils.java:warn(122)) - f4989c0c-dcd3-472e-ad74-017c452c42a3@group-9E5EF260E081->ce9f2b91-9bfb-469e-a42d-467d0f33a62f-AppendLogResponseHandler: Failed appendEntries: org.apache.ratis.thirdparty.io.grpc.StatusRuntimeException: CANCELLED: HTTP/2 error code: CANCEL
Received Rst Stream
2020-07-21 13:02:46,382 [grpc-default-executor-4] INFO  impl.FollowerInfo (FollowerInfo.java:lambda$new$0(51)) - f4989c0c-dcd3-472e-ad74-017c452c42a3@group-9E5EF260E081->ce9f2b91-9bfb-469e-a42d-467d0f33a62f: nextIndex: updateUnconditionally 9 -> 8
2020-07-21 13:02:46,382 [Listener at 127.0.0.1/40369] INFO  statemachine.DatanodeStateMachine (DatanodeStateMachine.java:stopDaemon(428)) - Ozone container server stopped.
2020-07-21 13:02:46,388 [Listener at 127.0.0.1/40369] INFO  handler.ContextHandler (ContextHandler.java:doStop(1016)) - Stopped o.e.j.w.WebAppContext@6d5b1e7d{hddsDatanode,/,null,UNAVAILABLE}{jar:file:/home/user/.m2/repository/org/apache/hadoop/hadoop-hdds-container-service/0.6.0-SNAPSHOT/hadoop-hdds-container-service-0.6.0-SNAPSHOT.jar!/webapps/hddsDatanode}
2020-07-21 13:02:46,389 [Listener at 127.0.0.1/40369] INFO  server.AbstractConnector (AbstractConnector.java:doStop(380)) - Stopped ServerConnector@2137ba17{HTTP/1.1,[http/1.1]}{0.0.0.0:0}
2020-07-21 13:02:46,389 [Listener at 127.0.0.1/40369] INFO  server.session (HouseKeeper.java:stopScavenging(158)) - node0 Stopped scavenging
2020-07-21 13:02:46,389 [Listener at 127.0.0.1/40369] INFO  handler.ContextHandler (ContextHandler.java:doStop(1016)) - Stopped o.e.j.s.ServletContextHandler@6c00d6d3{static,/static,jar:file:/home/user/.m2/repository/org/apache/hadoop/hadoop-hdds-container-service/0.6.0-SNAPSHOT/hadoop-hdds-container-service-0.6.0-SNAPSHOT.jar!/webapps/static,UNAVAILABLE}
2020-07-21 13:02:46,389 [Listener at 127.0.0.1/40369] INFO  handler.ContextHandler (ContextHandler.java:doStop(1016)) - Stopped o.e.j.s.ServletContextHandler@5b1769bf{logs,/logs,file:///github/workspace/mnt/ozone/hadoop-ozone/integration-test/target/log,UNAVAILABLE}
2020-07-21 13:02:48,800 [grpc-default-executor-2] WARN  server.GrpcLogAppender (LogUtils.java:warn(122)) - f4989c0c-dcd3-472e-ad74-017c452c42a3@group-9E5EF260E081->52573f45-fbdb-4827-a4d1-e8c2ad0f3cc3-AppendLogResponseHandler: Failed appendEntries: org.apache.ratis.thirdparty.io.grpc.StatusRuntimeException: UNAVAILABLE: io exception
2020-07-21 13:02:48,802 [grpc-default-executor-2] INFO  impl.FollowerInfo (FollowerInfo.java:lambda$new$0(51)) - f4989c0c-dcd3-472e-ad74-017c452c42a3@group-9E5EF260E081->52573f45-fbdb-4827-a4d1-e8c2ad0f3cc3: nextIndex: updateUnconditionally 9 -> 8
2020-07-21 13:02:48,808 [grpc-default-executor-4] WARN  server.GrpcLogAppender (LogUtils.java:warn(122)) - f4989c0c-dcd3-472e-ad74-017c452c42a3@group-9E5EF260E081->ce9f2b91-9bfb-469e-a42d-467d0f33a62f-AppendLogResponseHandler: Failed appendEntries: org.apache.ratis.thirdparty.io.grpc.StatusRuntimeException: UNAVAILABLE: io exception
2020-07-21 13:02:48,809 [grpc-default-executor-4] INFO  impl.FollowerInfo (FollowerInfo.java:lambda$new$0(51)) - f4989c0c-dcd3-472e-ad74-017c452c42a3@group-9E5EF260E081->ce9f2b91-9bfb-469e-a42d-467d0f33a62f: nextIndex: updateUnconditionally 9 -> 8
2020-07-21 13:02:49,397 [Listener at 127.0.0.1/40369] WARN  scm.XceiverClientRatis (XceiverClientRatis.java:watchForCommit(265)) - 3 way commit failed on pipeline Pipeline[ Id: 8f6a8b41-efeb-4935-b3c5-9e5ef260e081, Nodes: 52573f45-fbdb-4827-a4d1-e8c2ad0f3cc3{ip: 172.17.0.2, host: 5dff0df2806b, networkLocation: /default-rack, certSerialId: null}ce9f2b91-9bfb-469e-a42d-467d0f33a62f{ip: 172.17.0.2, host: 5dff0df2806b, networkLocation: /default-rack, certSerialId: null}f4989c0c-dcd3-472e-ad74-017c452c42a3{ip: 172.17.0.2, host: 5dff0df2806b, networkLocation: /default-rack, certSerialId: null}, Type:RATIS, Factor:THREE, State:OPEN, leaderId:f4989c0c-dcd3-472e-ad74-017c452c42a3, CreationTimestamp2020-07-21T13:02:27.600Z]
java.util.concurrent.ExecutionException: org.apache.ratis.protocol.TimeoutIOException: Request #26 timeout 3000ms
	at java.util.concurrent.CompletableFuture.reportGet(CompletableFuture.java:357)
	at java.util.concurrent.CompletableFuture.get(CompletableFuture.java:1908)
	at org.apache.hadoop.hdds.scm.XceiverClientRatis.watchForCommit(XceiverClientRatis.java:262)
	at org.apache.hadoop.hdds.scm.storage.CommitWatcher.watchForCommit(CommitWatcher.java:190)
	at org.apache.hadoop.ozone.client.rpc.TestCommitWatcher.testReleaseBuffersOnException(TestCommitWatcher.java:312)
	at sun.reflect.NativeMethodAccessorImpl.invoke0(Native Method)
	at sun.reflect.NativeMethodAccessorImpl.invoke(NativeMethodAccessorImpl.java:62)
	at sun.reflect.DelegatingMethodAccessorImpl.invoke(DelegatingMethodAccessorImpl.java:43)
	at java.lang.reflect.Method.invoke(Method.java:498)
	at org.junit.runners.model.FrameworkMethod$1.runReflectiveCall(FrameworkMethod.java:47)
	at org.junit.internal.runners.model.ReflectiveCallable.run(ReflectiveCallable.java:12)
	at org.junit.runners.model.FrameworkMethod.invokeExplosively(FrameworkMethod.java:44)
	at org.junit.internal.runners.statements.InvokeMethod.evaluate(InvokeMethod.java:17)
	at org.junit.internal.runners.statements.RunBefores.evaluate(RunBefores.java:26)
	at org.junit.internal.runners.statements.RunAfters.evaluate(RunAfters.java:27)
	at org.junit.internal.runners.statements.FailOnTimeout$StatementThread.run(FailOnTimeout.java:74)
Caused by: org.apache.ratis.protocol.TimeoutIOException: Request #26 timeout 3000ms
	at org.apache.ratis.grpc.client.GrpcClientProtocolClient$AsyncStreamObservers.lambda$timeoutCheck$5(GrpcClientProtocolClient.java:331)
	at java.util.Optional.ifPresent(Optional.java:159)
	at org.apache.ratis.grpc.client.GrpcClientProtocolClient$AsyncStreamObservers.handleReplyFuture(GrpcClientProtocolClient.java:336)
	at org.apache.ratis.grpc.client.GrpcClientProtocolClient$AsyncStreamObservers.timeoutCheck(GrpcClientProtocolClient.java:331)
	at org.apache.ratis.grpc.client.GrpcClientProtocolClient$AsyncStreamObservers.lambda$onNext$1(GrpcClientProtocolClient.java:320)
	at org.apache.ratis.util.TimeoutScheduler.lambda$onTimeout$0(TimeoutScheduler.java:141)
	at org.apache.ratis.util.TimeoutScheduler.lambda$onTimeout$1(TimeoutScheduler.java:155)
	at org.apache.ratis.util.LogUtils.runAndLog(LogUtils.java:38)
	at org.apache.ratis.util.LogUtils$1.run(LogUtils.java:79)
	at java.util.concurrent.Executors$RunnableAdapter.call(Executors.java:511)
	at java.util.concurrent.FutureTask.run(FutureTask.java:266)
	at java.util.concurrent.ScheduledThreadPoolExecutor$ScheduledFutureTask.access$201(ScheduledThreadPoolExecutor.java:180)
	at java.util.concurrent.ScheduledThreadPoolExecutor$ScheduledFutureTask.run(ScheduledThreadPoolExecutor.java:293)
	at java.util.concurrent.ThreadPoolExecutor.runWorker(ThreadPoolExecutor.java:1149)
	at java.util.concurrent.ThreadPoolExecutor$Worker.run(ThreadPoolExecutor.java:624)
	at java.lang.Thread.run(Thread.java:748)
2020-07-21 13:02:50,032 [Thread-697] INFO  client.GrpcClientProtocolService (GrpcClientProtocolService.java:lambda$processClientRequest$0(283)) - Failed RaftClientRequest:client-00571AE71B2B->f4989c0c-dcd3-472e-ad74-017c452c42a3@group-9E5EF260E081, cid=26, seq=0, Watch-ALL_COMMITTED(104), Message:<EMPTY>, reply=RaftClientReply:client-00571AE71B2B->f4989c0c-dcd3-472e-ad74-017c452c42a3@group-9E5EF260E081, cid=26, FAILED org.apache.ratis.protocol.NotReplicatedException: Request with call Id 26 and log index 104 is not yet replicated to ALL_COMMITTED, logIndex=104, commits[f4989c0c-dcd3-472e-ad74-017c452c42a3:c8, 52573f45-fbdb-4827-a4d1-e8c2ad0f3cc3:c8, ce9f2b91-9bfb-469e-a42d-467d0f33a62f:c8]
2020-07-21 13:02:51,301 [grpc-default-executor-2] WARN  server.GrpcLogAppender (LogUtils.java:warn(122)) - f4989c0c-dcd3-472e-ad74-017c452c42a3@group-9E5EF260E081->52573f45-fbdb-4827-a4d1-e8c2ad0f3cc3-AppendLogResponseHandler: Failed appendEntries: org.apache.ratis.thirdparty.io.grpc.StatusRuntimeException: UNAVAILABLE: io exception
2020-07-21 13:02:51,305 [grpc-default-executor-2] INFO  impl.FollowerInfo (FollowerInfo.java:lambda$new$0(51)) - f4989c0c-dcd3-472e-ad74-017c452c42a3@group-9E5EF260E081->52573f45-fbdb-4827-a4d1-e8c2ad0f3cc3: nextIndex: updateUnconditionally 9 -> 8
2020-07-21 13:02:51,309 [grpc-default-executor-4] WARN  server.GrpcLogAppender (LogUtils.java:warn(122)) - f4989c0c-dcd3-472e-ad74-017c452c42a3@group-9E5EF260E081->ce9f2b91-9bfb-469e-a42d-467d0f33a62f-AppendLogResponseHandler: Failed appendEntries: org.apache.ratis.thirdparty.io.grpc.StatusRuntimeException: UNAVAILABLE: io exception
2020-07-21 13:02:51,311 [grpc-default-executor-4] INFO  impl.FollowerInfo (FollowerInfo.java:lambda$new$0(51)) - f4989c0c-dcd3-472e-ad74-017c452c42a3@group-9E5EF260E081->ce9f2b91-9bfb-469e-a42d-467d0f33a62f: nextIndex: updateUnconditionally 9 -> 8
2020-07-21 13:02:52,400 [Listener at 127.0.0.1/40369] WARN  storage.CommitWatcher (CommitWatcher.java:getIOExceptionForWatchForCommit(209)) - watchForCommit failed for index 104
java.util.concurrent.ExecutionException: org.apache.ratis.protocol.TimeoutIOException: Request #27 timeout 3000ms
	at java.util.concurrent.CompletableFuture.reportGet(CompletableFuture.java:357)
	at java.util.concurrent.CompletableFuture.get(CompletableFuture.java:1908)
	at org.apache.hadoop.hdds.scm.XceiverClientRatis.watchForCommit(XceiverClientRatis.java:271)
	at org.apache.hadoop.hdds.scm.storage.CommitWatcher.watchForCommit(CommitWatcher.java:190)
	at org.apache.hadoop.ozone.client.rpc.TestCommitWatcher.testReleaseBuffersOnException(TestCommitWatcher.java:312)
	at sun.reflect.NativeMethodAccessorImpl.invoke0(Native Method)
	at sun.reflect.NativeMethodAccessorImpl.invoke(NativeMethodAccessorImpl.java:62)
	at sun.reflect.DelegatingMethodAccessorImpl.invoke(DelegatingMethodAccessorImpl.java:43)
	at java.lang.reflect.Method.invoke(Method.java:498)
	at org.junit.runners.model.FrameworkMethod$1.runReflectiveCall(FrameworkMethod.java:47)
	at org.junit.internal.runners.model.ReflectiveCallable.run(ReflectiveCallable.java:12)
	at org.junit.runners.model.FrameworkMethod.invokeExplosively(FrameworkMethod.java:44)
	at org.junit.internal.runners.statements.InvokeMethod.evaluate(InvokeMethod.java:17)
	at org.junit.internal.runners.statements.RunBefores.evaluate(RunBefores.java:26)
	at org.junit.internal.runners.statements.RunAfters.evaluate(RunAfters.java:27)
	at org.junit.internal.runners.statements.FailOnTimeout$StatementThread.run(FailOnTimeout.java:74)
Caused by: org.apache.ratis.protocol.TimeoutIOException: Request #27 timeout 3000ms
	at org.apache.ratis.grpc.client.GrpcClientProtocolClient$AsyncStreamObservers.lambda$timeoutCheck$5(GrpcClientProtocolClient.java:331)
	at java.util.Optional.ifPresent(Optional.java:159)
	at org.apache.ratis.grpc.client.GrpcClientProtocolClient$AsyncStreamObservers.handleReplyFuture(GrpcClientProtocolClient.java:336)
	at org.apache.ratis.grpc.client.GrpcClientProtocolClient$AsyncStreamObservers.timeoutCheck(GrpcClientProtocolClient.java:331)
	at org.apache.ratis.grpc.client.GrpcClientProtocolClient$AsyncStreamObservers.lambda$onNext$1(GrpcClientProtocolClient.java:320)
	at org.apache.ratis.util.TimeoutScheduler.lambda$onTimeout$0(TimeoutScheduler.java:141)
	at org.apache.ratis.util.TimeoutScheduler.lambda$onTimeout$1(TimeoutScheduler.java:155)
	at org.apache.ratis.util.LogUtils.runAndLog(LogUtils.java:38)
	at org.apache.ratis.util.LogUtils$1.run(LogUtils.java:79)
	at java.util.concurrent.Executors$RunnableAdapter.call(Executors.java:511)
	at java.util.concurrent.FutureTask.run(FutureTask.java:266)
	at java.util.concurrent.ScheduledThreadPoolExecutor$ScheduledFutureTask.access$201(ScheduledThreadPoolExecutor.java:180)
	at java.util.concurrent.ScheduledThreadPoolExecutor$ScheduledFutureTask.run(ScheduledThreadPoolExecutor.java:293)
	at java.util.concurrent.ThreadPoolExecutor.runWorker(ThreadPoolExecutor.java:1149)
	at java.util.concurrent.ThreadPoolExecutor$Worker.run(ThreadPoolExecutor.java:624)
	at java.lang.Thread.run(Thread.java:748)
2020-07-21 13:02:52,402 [Listener at 127.0.0.1/40369] INFO  ozone.MiniOzoneClusterImpl (MiniOzoneClusterImpl.java:shutdown(387)) - Shutting down the Mini Ozone Cluster
2020-07-21 13:02:52,402 [Listener at 127.0.0.1/40369] INFO  ozone.MiniOzoneClusterImpl (MiniOzoneClusterImpl.java:stop(402)) - Stopping the Mini Ozone Cluster
2020-07-21 13:02:52,402 [Listener at 127.0.0.1/40369] INFO  ozone.MiniOzoneClusterImpl (MiniOzoneClusterImpl.java:stopOM(484)) - Stopping the OzoneManager
2020-07-21 13:02:52,402 [Listener at 127.0.0.1/40369] INFO  ipc.Server (Server.java:stop(3359)) - Stopping server on 40369
2020-07-21 13:02:52,408 [IPC Server listener on 0] INFO  ipc.Server (Server.java:run(1330)) - Stopping IPC Server listener on 0
2020-07-21 13:02:52,408 [Listener at 127.0.0.1/40369] INFO  ratis.OzoneManagerDoubleBuffer (OzoneManagerDoubleBuffer.java:stop(458)) - Stopping OMDoubleBuffer flush thread
2020-07-21 13:02:52,408 [IPC Server Responder] INFO  ipc.Server (Server.java:run(1465)) - Stopping IPC Server Responder
2020-07-21 13:02:52,408 [OMDoubleBufferFlushThread] INFO  ratis.OzoneManagerDoubleBuffer (OzoneManagerDoubleBuffer.java:flushTransactions(357)) - OMDoubleBuffer flush thread OMDoubleBufferFlushThread is interrupted and will exit. OMDoubleBufferFlushThread
2020-07-21 13:02:52,409 [Listener at 127.0.0.1/40369] INFO  utils.BackgroundService (BackgroundService.java:shutdown(157)) - Shutting down service KeyDeletingService
2020-07-21 13:02:52,409 [Listener at 127.0.0.1/40369] INFO  handler.ContextHandler (ContextHandler.java:doStop(1016)) - Stopped o.e.j.w.WebAppContext@48c40d3d{ozoneManager,/,null,UNAVAILABLE}{file:/github/workspace/mnt/ozone/hadoop-ozone/integration-test/target/test-classes/webapps/ozoneManager}
2020-07-21 13:02:52,410 [Listener at 127.0.0.1/40369] INFO  server.AbstractConnector (AbstractConnector.java:doStop(380)) - Stopped ServerConnector@5eddce82{HTTP/1.1,[http/1.1]}{0.0.0.0:0}
2020-07-21 13:02:52,410 [Listener at 127.0.0.1/40369] INFO  server.session (HouseKeeper.java:stopScavenging(158)) - node0 Stopped scavenging
2020-07-21 13:02:52,410 [Listener at 127.0.0.1/40369] INFO  handler.ContextHandler (ContextHandler.java:doStop(1016)) - Stopped o.e.j.s.ServletContextHandler@345964f5{static,/static,file:///github/workspace/mnt/ozone/hadoop-ozone/integration-test/target/test-classes/webapps/static,UNAVAILABLE}
2020-07-21 13:02:52,410 [Listener at 127.0.0.1/40369] INFO  handler.ContextHandler (ContextHandler.java:doStop(1016)) - Stopped o.e.j.s.ServletContextHandler@601aeee2{logs,/logs,file:///github/workspace/mnt/ozone/hadoop-ozone/integration-test/target/log,UNAVAILABLE}
2020-07-21 13:02:52,412 [Listener at 127.0.0.1/40369] INFO  ozone.MiniOzoneClusterImpl (MiniOzoneClusterImpl.java:stopDatanodes(461)) - Stopping the HddsDatanodes
2020-07-21 13:02:53,016 [Datanode State Machine Thread - 0] INFO  statemachine.DatanodeStateMachine (DatanodeStateMachine.java:lambda$startDaemon$0(380)) - Ozone container server started.
2020-07-21 13:02:53,027 [Thread-701] INFO  client.GrpcClientProtocolService (GrpcClientProtocolService.java:lambda$processClientRequest$0(283)) - Failed RaftClientRequest:client-00571AE71B2B->f4989c0c-dcd3-472e-ad74-017c452c42a3@group-9E5EF260E081, cid=27, seq=0, Watch-MAJORITY_COMMITTED(104), Message:<EMPTY>, reply=RaftClientReply:client-00571AE71B2B->f4989c0c-dcd3-472e-ad74-017c452c42a3@group-9E5EF260E081, cid=27, FAILED org.apache.ratis.protocol.NotReplicatedException: Request with call Id 27 and log index 104 is not yet replicated to MAJORITY_COMMITTED, logIndex=104, commits[f4989c0c-dcd3-472e-ad74-017c452c42a3:c8, 52573f45-fbdb-4827-a4d1-e8c2ad0f3cc3:c8, ce9f2b91-9bfb-469e-a42d-467d0f33a62f:c8]
2020-07-21 13:02:53,205 [Datanode State Machine Thread - 0] INFO  statemachine.DatanodeStateMachine (DatanodeStateMachine.java:lambda$startDaemon$0(380)) - Ozone container server started.
2020-07-21 13:02:53,805 [grpc-default-executor-2] WARN  server.GrpcLogAppender (LogUtils.java:warn(122)) - f4989c0c-dcd3-472e-ad74-017c452c42a3@group-9E5EF260E081->52573f45-fbdb-4827-a4d1-e8c2ad0f3cc3-AppendLogResponseHandler: Failed appendEntries: org.apache.ratis.thirdparty.io.grpc.StatusRuntimeException: UNAVAILABLE: io exception
2020-07-21 13:02:53,807 [grpc-default-executor-2] INFO  impl.FollowerInfo (FollowerInfo.java:lambda$new$0(51)) - f4989c0c-dcd3-472e-ad74-017c452c42a3@group-9E5EF260E081->52573f45-fbdb-4827-a4d1-e8c2ad0f3cc3: nextIndex: updateUnconditionally 9 -> 8
2020-07-21 13:02:53,811 [grpc-default-executor-4] WARN  server.GrpcLogAppender (LogUtils.java:warn(122)) - f4989c0c-dcd3-472e-ad74-017c452c42a3@group-9E5EF260E081->ce9f2b91-9bfb-469e-a42d-467d0f33a62f-AppendLogResponseHandler: Failed appendEntries: org.apache.ratis.thirdparty.io.grpc.StatusRuntimeException: UNAVAILABLE: io exception
2020-07-21 13:02:53,812 [grpc-default-executor-4] INFO  impl.FollowerInfo (FollowerInfo.java:lambda$new$0(51)) - f4989c0c-dcd3-472e-ad74-017c452c42a3@group-9E5EF260E081->ce9f2b91-9bfb-469e-a42d-467d0f33a62f: nextIndex: updateUnconditionally 9 -> 8
2020-07-21 13:02:56,307 [grpc-default-executor-4] WARN  server.GrpcLogAppender (LogUtils.java:warn(122)) - f4989c0c-dcd3-472e-ad74-017c452c42a3@group-9E5EF260E081->52573f45-fbdb-4827-a4d1-e8c2ad0f3cc3-AppendLogResponseHandler: Failed appendEntries: org.apache.ratis.thirdparty.io.grpc.StatusRuntimeException: UNAVAILABLE: io exception
2020-07-21 13:02:56,308 [grpc-default-executor-4] INFO  impl.FollowerInfo (FollowerInfo.java:lambda$new$0(51)) - f4989c0c-dcd3-472e-ad74-017c452c42a3@group-9E5EF260E081->52573f45-fbdb-4827-a4d1-e8c2ad0f3cc3: nextIndex: updateUnconditionally 9 -> 8
2020-07-21 13:02:56,315 [grpc-default-executor-2] WARN  server.GrpcLogAppender (LogUtils.java:warn(122)) - f4989c0c-dcd3-472e-ad74-017c452c42a3@group-9E5EF260E081->ce9f2b91-9bfb-469e-a42d-467d0f33a62f-AppendLogResponseHandler: Failed appendEntries: org.apache.ratis.thirdparty.io.grpc.StatusRuntimeException: UNAVAILABLE: io exception
2020-07-21 13:02:56,316 [grpc-default-executor-2] INFO  impl.FollowerInfo (FollowerInfo.java:lambda$new$0(51)) - f4989c0c-dcd3-472e-ad74-017c452c42a3@group-9E5EF260E081->ce9f2b91-9bfb-469e-a42d-467d0f33a62f: nextIndex: updateUnconditionally 9 -> 8
2020-07-21 13:02:57,413 [Listener at 127.0.0.1/40369] INFO  ozoneimpl.OzoneContainer (OzoneContainer.java:stop(247)) - Attempting to stop container services.
2020-07-21 13:02:57,414 [ForkJoinPool.commonPool-worker-0] INFO  ozoneimpl.OzoneContainer (OzoneContainer.java:stop(247)) - Attempting to stop container services.
2020-07-21 13:02:57,414 [Listener at 127.0.0.1/40369] INFO  impl.RaftServerProxy (RaftServerProxy.java:lambda$close$4(319)) - 2eac0f59-dcd3-4eb3-89d2-7c59b77080ad: close
2020-07-21 13:02:57,414 [ForkJoinPool.commonPool-worker-0] INFO  impl.RaftServerProxy (RaftServerProxy.java:lambda$close$4(319)) - f4989c0c-dcd3-472e-ad74-017c452c42a3: close
2020-07-21 13:02:57,414 [Listener at 127.0.0.1/40369] INFO  impl.RaftServerImpl (RaftServerImpl.java:lambda$shutdown$3(263)) - 2eac0f59-dcd3-4eb3-89d2-7c59b77080ad@group-36D9E753D036: shutdown
2020-07-21 13:02:57,415 [Listener at 127.0.0.1/40369] INFO  util.JmxRegister (JmxRegister.java:unregister(73)) - Successfully un-registered JMX Bean with object name Ratis:service=RaftServer,group=group-36D9E753D036,id=2eac0f59-dcd3-4eb3-89d2-7c59b77080ad
2020-07-21 13:02:57,415 [Listener at 127.0.0.1/40369] INFO  impl.RoleInfo (RoleInfo.java:shutdownFollowerState(121)) - 2eac0f59-dcd3-4eb3-89d2-7c59b77080ad: shutdown FollowerState
2020-07-21 13:02:57,415 [Listener at 127.0.0.1/40369] INFO  impl.StateMachineUpdater (StateMachineUpdater.java:stopAndJoin(142)) - 2eac0f59-dcd3-4eb3-89d2-7c59b77080ad@group-36D9E753D036-StateMachineUpdater: set stopIndex = 0
2020-07-21 13:02:57,416 [Thread-636] INFO  impl.FollowerState (FollowerState.java:run(117)) - 2eac0f59-dcd3-4eb3-89d2-7c59b77080ad@group-36D9E753D036-FollowerState was interrupted: java.lang.InterruptedException: sleep interrupted
2020-07-21 13:02:57,416 [2eac0f59-dcd3-4eb3-89d2-7c59b77080ad@group-36D9E753D036-StateMachineUpdater] INFO  ratis.ContainerStateMachine (ContainerStateMachine.java:takeSnapshot(293)) - group-36D9E753D036: Taking a snapshot at:(t:1, i:0) file /github/workspace/mnt/ozone/hadoop-ozone/integration-test/target/test-dir/MiniOzoneClusterImpl-be9508b3-40a4-4101-8d37-3f3c8981745f/datanode-4/data/ratis/ce92a1de-a3af-46f7-98ce-36d9e753d036/sm/snapshot.1_0
2020-07-21 13:02:57,415 [ForkJoinPool.commonPool-worker-0] INFO  impl.RaftServerImpl (RaftServerImpl.java:lambda$shutdown$3(263)) - f4989c0c-dcd3-472e-ad74-017c452c42a3@group-D380DA10BAC2: shutdown
2020-07-21 13:02:57,417 [ForkJoinPool.commonPool-worker-0] INFO  util.JmxRegister (JmxRegister.java:unregister(73)) - Successfully un-registered JMX Bean with object name Ratis:service=RaftServer,group=group-D380DA10BAC2,id=f4989c0c-dcd3-472e-ad74-017c452c42a3
2020-07-21 13:02:57,417 [ForkJoinPool.commonPool-worker-0] INFO  impl.RoleInfo (RoleInfo.java:shutdownLeaderState(104)) - f4989c0c-dcd3-472e-ad74-017c452c42a3: shutdown LeaderState
2020-07-21 13:02:57,418 [ForkJoinPool.commonPool-worker-0] INFO  impl.PendingRequests (PendingRequests.java:sendNotLeaderResponses(249)) - f4989c0c-dcd3-472e-ad74-017c452c42a3@group-D380DA10BAC2-PendingRequests: sendNotLeaderResponses
2020-07-21 13:02:57,418 [2eac0f59-dcd3-4eb3-89d2-7c59b77080ad@group-36D9E753D036-StateMachineUpdater] INFO  ratis.ContainerStateMachine (ContainerStateMachine.java:takeSnapshot(304)) - group-36D9E753D036: Finished taking a snapshot at:(t:1, i:0) file:/github/workspace/mnt/ozone/hadoop-ozone/integration-test/target/test-dir/MiniOzoneClusterImpl-be9508b3-40a4-4101-8d37-3f3c8981745f/datanode-4/data/ratis/ce92a1de-a3af-46f7-98ce-36d9e753d036/sm/snapshot.1_0 time:3
2020-07-21 13:02:57,418 [ForkJoinPool.commonPool-worker-0] INFO  metrics.RatisMetrics (RatisMetrics.java:unregister(43)) - Unregistering Metrics Registry : ratis.log_appender.f4989c0c-dcd3-472e-ad74-017c452c42a3@group-D380DA10BAC2
2020-07-21 13:02:57,418 [2eac0f59-dcd3-4eb3-89d2-7c59b77080ad@group-36D9E753D036-StateMachineUpdater] INFO  impl.StateMachineUpdater (StateMachineUpdater.java:takeSnapshot(277)) - 2eac0f59-dcd3-4eb3-89d2-7c59b77080ad@group-36D9E753D036-StateMachineUpdater: Took a snapshot at index 0
2020-07-21 13:02:57,418 [2eac0f59-dcd3-4eb3-89d2-7c59b77080ad@group-36D9E753D036-StateMachineUpdater] INFO  impl.StateMachineUpdater (StateMachineUpdater.java:lambda$new$0(87)) - 2eac0f59-dcd3-4eb3-89d2-7c59b77080ad@group-36D9E753D036-StateMachineUpdater: snapshotIndex: updateIncreasingly -1 -> 0
2020-07-21 13:02:57,418 [ForkJoinPool.commonPool-worker-0] INFO  metrics.RatisMetrics (RatisMetrics.java:unregister(43)) - Unregistering Metrics Registry : ratis.server.f4989c0c-dcd3-472e-ad74-017c452c42a3@group-D380DA10BAC2
2020-07-21 13:02:57,420 [ForkJoinPool.commonPool-worker-0] INFO  impl.StateMachineUpdater (StateMachineUpdater.java:stopAndJoin(142)) - f4989c0c-dcd3-472e-ad74-017c452c42a3@group-D380DA10BAC2-StateMachineUpdater: set stopIndex = 0
2020-07-21 13:02:57,419 [2eac0f59-dcd3-4eb3-89d2-7c59b77080ad@group-36D9E753D036-StateMachineUpdater] INFO  metrics.RatisMetrics (RatisMetrics.java:unregister(43)) - Unregistering Metrics Registry : ratis.state_machine.2eac0f59-dcd3-4eb3-89d2-7c59b77080ad@group-36D9E753D036
2020-07-21 13:02:57,421 [f4989c0c-dcd3-472e-ad74-017c452c42a3@group-D380DA10BAC2-StateMachineUpdater] INFO  ratis.ContainerStateMachine (ContainerStateMachine.java:takeSnapshot(293)) - group-D380DA10BAC2: Taking a snapshot at:(t:1, i:0) file /github/workspace/mnt/ozone/hadoop-ozone/integration-test/target/test-dir/MiniOzoneClusterImpl-be9508b3-40a4-4101-8d37-3f3c8981745f/datanode-1/data/ratis/cdc1e895-57bb-404e-b93d-d380da10bac2/sm/snapshot.1_0
2020-07-21 13:02:57,421 [Listener at 127.0.0.1/40369] INFO  impl.RaftServerImpl (ServerState.java:close(387)) - 2eac0f59-dcd3-4eb3-89d2-7c59b77080ad@group-36D9E753D036: closes. applyIndex: 0
2020-07-21 13:02:57,421 [f4989c0c-dcd3-472e-ad74-017c452c42a3@group-D380DA10BAC2-StateMachineUpdater] INFO  ratis.ContainerStateMachine (ContainerStateMachine.java:takeSnapshot(304)) - group-D380DA10BAC2: Finished taking a snapshot at:(t:1, i:0) file:/github/workspace/mnt/ozone/hadoop-ozone/integration-test/target/test-dir/MiniOzoneClusterImpl-be9508b3-40a4-4101-8d37-3f3c8981745f/datanode-1/data/ratis/cdc1e895-57bb-404e-b93d-d380da10bac2/sm/snapshot.1_0 time:1
2020-07-21 13:02:57,422 [f4989c0c-dcd3-472e-ad74-017c452c42a3@group-D380DA10BAC2-StateMachineUpdater] INFO  impl.StateMachineUpdater (StateMachineUpdater.java:takeSnapshot(277)) - f4989c0c-dcd3-472e-ad74-017c452c42a3@group-D380DA10BAC2-StateMachineUpdater: Took a snapshot at index 0
2020-07-21 13:02:57,422 [f4989c0c-dcd3-472e-ad74-017c452c42a3@group-D380DA10BAC2-StateMachineUpdater] INFO  impl.StateMachineUpdater (StateMachineUpdater.java:lambda$new$0(87)) - f4989c0c-dcd3-472e-ad74-017c452c42a3@group-D380DA10BAC2-StateMachineUpdater: snapshotIndex: updateIncreasingly -1 -> 0
2020-07-21 13:02:57,422 [f4989c0c-dcd3-472e-ad74-017c452c42a3@group-D380DA10BAC2-StateMachineUpdater] INFO  metrics.RatisMetrics (RatisMetrics.java:unregister(43)) - Unregistering Metrics Registry : ratis.state_machine.f4989c0c-dcd3-472e-ad74-017c452c42a3@group-D380DA10BAC2
2020-07-21 13:02:57,422 [ForkJoinPool.commonPool-worker-0] INFO  impl.RaftServerImpl (ServerState.java:close(387)) - f4989c0c-dcd3-472e-ad74-017c452c42a3@group-D380DA10BAC2: closes. applyIndex: 0
2020-07-21 13:02:57,422 [2eac0f59-dcd3-4eb3-89d2-7c59b77080ad@group-36D9E753D036-SegmentedRaftLogWorker] INFO  segmented.SegmentedRaftLogWorker (SegmentedRaftLogWorker.java:run(327)) - 2eac0f59-dcd3-4eb3-89d2-7c59b77080ad@group-36D9E753D036-SegmentedRaftLogWorker was interrupted, exiting. There are 0 tasks remaining in the queue.
2020-07-21 13:02:57,423 [f4989c0c-dcd3-472e-ad74-017c452c42a3@group-D380DA10BAC2-SegmentedRaftLogWorker] INFO  segmented.SegmentedRaftLogWorker (SegmentedRaftLogWorker.java:run(327)) - f4989c0c-dcd3-472e-ad74-017c452c42a3@group-D380DA10BAC2-SegmentedRaftLogWorker was interrupted, exiting. There are 0 tasks remaining in the queue.
2020-07-21 13:02:57,424 [Listener at 127.0.0.1/40369] INFO  segmented.SegmentedRaftLogWorker (SegmentedRaftLogWorker.java:close(234)) - 2eac0f59-dcd3-4eb3-89d2-7c59b77080ad@group-36D9E753D036-SegmentedRaftLogWorker close()
2020-07-21 13:02:57,424 [ForkJoinPool.commonPool-worker-0] INFO  segmented.SegmentedRaftLogWorker (SegmentedRaftLogWorker.java:close(234)) - f4989c0c-dcd3-472e-ad74-017c452c42a3@group-D380DA10BAC2-SegmentedRaftLogWorker close()
2020-07-21 13:02:57,425 [Listener at 127.0.0.1/40369] INFO  metrics.RatisMetrics (RatisMetrics.java:unregister(43)) - Unregistering Metrics Registry : ratis.log_worker.2eac0f59-dcd3-4eb3-89d2-7c59b77080ad@group-36D9E753D036
2020-07-21 13:02:57,425 [ForkJoinPool.commonPool-worker-0] INFO  metrics.RatisMetrics (RatisMetrics.java:unregister(43)) - Unregistering Metrics Registry : ratis.log_worker.f4989c0c-dcd3-472e-ad74-017c452c42a3@group-D380DA10BAC2
2020-07-21 13:02:57,425 [Listener at 127.0.0.1/40369] INFO  metrics.RatisMetrics (RatisMetrics.java:unregister(43)) - Unregistering Metrics Registry : ratis.leader_election.2eac0f59-dcd3-4eb3-89d2-7c59b77080ad@group-36D9E753D036
2020-07-21 13:02:57,425 [ForkJoinPool.commonPool-worker-0] INFO  metrics.RatisMetrics (RatisMetrics.java:unregister(43)) - Unregistering Metrics Registry : ratis.leader_election.f4989c0c-dcd3-472e-ad74-017c452c42a3@group-D380DA10BAC2
2020-07-21 13:02:57,426 [ForkJoinPool.commonPool-worker-0] INFO  metrics.RatisMetrics (RatisMetrics.java:unregister(43)) - Unregistering Metrics Registry : ratis.server.f4989c0c-dcd3-472e-ad74-017c452c42a3@group-D380DA10BAC2
2020-07-21 13:02:57,425 [Listener at 127.0.0.1/40369] INFO  metrics.RatisMetrics (RatisMetrics.java:unregister(43)) - Unregistering Metrics Registry : ratis.server.2eac0f59-dcd3-4eb3-89d2-7c59b77080ad@group-36D9E753D036
2020-07-21 13:02:57,426 [Listener at 127.0.0.1/40369] INFO  impl.RaftServerImpl (RaftServerImpl.java:lambda$shutdown$3(263)) - 2eac0f59-dcd3-4eb3-89d2-7c59b77080ad@group-67A49A9DB092: shutdown
2020-07-21 13:02:57,426 [Listener at 127.0.0.1/40369] INFO  util.JmxRegister (JmxRegister.java:unregister(73)) - Successfully un-registered JMX Bean with object name Ratis:service=RaftServer,group=group-67A49A9DB092,id=2eac0f59-dcd3-4eb3-89d2-7c59b77080ad
2020-07-21 13:02:57,426 [Listener at 127.0.0.1/40369] INFO  impl.RoleInfo (RoleInfo.java:shutdownLeaderState(104)) - 2eac0f59-dcd3-4eb3-89d2-7c59b77080ad: shutdown LeaderState
2020-07-21 13:02:57,426 [Listener at 127.0.0.1/40369] INFO  impl.PendingRequests (PendingRequests.java:sendNotLeaderResponses(249)) - 2eac0f59-dcd3-4eb3-89d2-7c59b77080ad@group-67A49A9DB092-PendingRequests: sendNotLeaderResponses
2020-07-21 13:02:57,426 [Listener at 127.0.0.1/40369] INFO  metrics.RatisMetrics (RatisMetrics.java:unregister(43)) - Unregistering Metrics Registry : ratis.log_appender.2eac0f59-dcd3-4eb3-89d2-7c59b77080ad@group-67A49A9DB092
2020-07-21 13:02:57,426 [ForkJoinPool.commonPool-worker-0] INFO  impl.RaftServerImpl (RaftServerImpl.java:lambda$shutdown$3(263)) - f4989c0c-dcd3-472e-ad74-017c452c42a3@group-9E5EF260E081: shutdown
2020-07-21 13:02:57,427 [Listener at 127.0.0.1/40369] INFO  metrics.RatisMetrics (RatisMetrics.java:unregister(43)) - Unregistering Metrics Registry : ratis.server.2eac0f59-dcd3-4eb3-89d2-7c59b77080ad@group-67A49A9DB092
2020-07-21 13:02:57,427 [ForkJoinPool.commonPool-worker-0] INFO  util.JmxRegister (JmxRegister.java:unregister(73)) - Successfully un-registered JMX Bean with object name Ratis:service=RaftServer,group=group-9E5EF260E081,id=f4989c0c-dcd3-472e-ad74-017c452c42a3
2020-07-21 13:02:57,427 [ForkJoinPool.commonPool-worker-0] INFO  impl.RoleInfo (RoleInfo.java:shutdownLeaderState(104)) - f4989c0c-dcd3-472e-ad74-017c452c42a3: shutdown LeaderState
2020-07-21 13:02:57,427 [ForkJoinPool.commonPool-worker-0] INFO  metrics.RatisMetrics (RatisMetrics.java:unregister(43)) - Unregistering Metrics Registry : ratis_grpc.log_appender.f4989c0c-dcd3-472e-ad74-017c452c42a3@group-9E5EF260E081
2020-07-21 13:02:57,427 [org.apache.ratis.server.impl.LogAppender$AppenderDaemon$$Lambda$483/2100527464@77b23874] WARN  server.GrpcLogAppender (GrpcLogAppender.java:mayWait(153)) - f4989c0c-dcd3-472e-ad74-017c452c42a3@group-9E5EF260E081->52573f45-fbdb-4827-a4d1-e8c2ad0f3cc3-GrpcLogAppender: Wait interrupted by java.lang.InterruptedException
2020-07-21 13:02:57,428 [Listener at 127.0.0.1/40369] INFO  impl.StateMachineUpdater (StateMachineUpdater.java:stopAndJoin(142)) - 2eac0f59-dcd3-4eb3-89d2-7c59b77080ad@group-67A49A9DB092-StateMachineUpdater: set stopIndex = 0
2020-07-21 13:02:57,427 [ForkJoinPool.commonPool-worker-0] INFO  metrics.RatisMetrics (RatisMetrics.java:unregister(43)) - Unregistering Metrics Registry : ratis_grpc.log_appender.f4989c0c-dcd3-472e-ad74-017c452c42a3@group-9E5EF260E081
2020-07-21 13:02:57,428 [2eac0f59-dcd3-4eb3-89d2-7c59b77080ad@group-67A49A9DB092-StateMachineUpdater] INFO  ratis.ContainerStateMachine (ContainerStateMachine.java:takeSnapshot(293)) - group-67A49A9DB092: Taking a snapshot at:(t:1, i:0) file /github/workspace/mnt/ozone/hadoop-ozone/integration-test/target/test-dir/MiniOzoneClusterImpl-be9508b3-40a4-4101-8d37-3f3c8981745f/datanode-4/data/ratis/2a6df2b0-bb2d-466f-8b5b-67a49a9db092/sm/snapshot.1_0
2020-07-21 13:02:57,428 [org.apache.ratis.server.impl.LogAppender$AppenderDaemon$$Lambda$483/2100527464@3bd5c15c] WARN  server.GrpcLogAppender (GrpcLogAppender.java:mayWait(153)) - f4989c0c-dcd3-472e-ad74-017c452c42a3@group-9E5EF260E081->ce9f2b91-9bfb-469e-a42d-467d0f33a62f-GrpcLogAppender: Wait interrupted by java.lang.InterruptedException
2020-07-21 13:02:57,428 [ForkJoinPool.commonPool-worker-0] INFO  impl.PendingRequests (PendingRequests.java:sendNotLeaderResponses(249)) - f4989c0c-dcd3-472e-ad74-017c452c42a3@group-9E5EF260E081-PendingRequests: sendNotLeaderResponses
2020-07-21 13:02:57,430 [2eac0f59-dcd3-4eb3-89d2-7c59b77080ad@group-67A49A9DB092-StateMachineUpdater] INFO  ratis.ContainerStateMachine (ContainerStateMachine.java:takeSnapshot(304)) - group-67A49A9DB092: Finished taking a snapshot at:(t:1, i:0) file:/github/workspace/mnt/ozone/hadoop-ozone/integration-test/target/test-dir/MiniOzoneClusterImpl-be9508b3-40a4-4101-8d37-3f3c8981745f/datanode-4/data/ratis/2a6df2b0-bb2d-466f-8b5b-67a49a9db092/sm/snapshot.1_0 time:1
2020-07-21 13:02:57,430 [2eac0f59-dcd3-4eb3-89d2-7c59b77080ad@group-67A49A9DB092-StateMachineUpdater] INFO  impl.StateMachineUpdater (StateMachineUpdater.java:takeSnapshot(277)) - 2eac0f59-dcd3-4eb3-89d2-7c59b77080ad@group-67A49A9DB092-StateMachineUpdater: Took a snapshot at index 0
2020-07-21 13:02:57,430 [2eac0f59-dcd3-4eb3-89d2-7c59b77080ad@group-67A49A9DB092-StateMachineUpdater] INFO  impl.StateMachineUpdater (StateMachineUpdater.java:lambda$new$0(87)) - 2eac0f59-dcd3-4eb3-89d2-7c59b77080ad@group-67A49A9DB092-StateMachineUpdater: snapshotIndex: updateIncreasingly -1 -> 0
2020-07-21 13:02:57,430 [2eac0f59-dcd3-4eb3-89d2-7c59b77080ad@group-67A49A9DB092-StateMachineUpdater] INFO  metrics.RatisMetrics (RatisMetrics.java:unregister(43)) - Unregistering Metrics Registry : ratis.state_machine.2eac0f59-dcd3-4eb3-89d2-7c59b77080ad@group-67A49A9DB092
2020-07-21 13:02:57,430 [Listener at 127.0.0.1/40369] INFO  impl.RaftServerImpl (ServerState.java:close(387)) - 2eac0f59-dcd3-4eb3-89d2-7c59b77080ad@group-67A49A9DB092: closes. applyIndex: 0
2020-07-21 13:02:57,431 [2eac0f59-dcd3-4eb3-89d2-7c59b77080ad@group-67A49A9DB092-SegmentedRaftLogWorker] INFO  segmented.SegmentedRaftLogWorker (SegmentedRaftLogWorker.java:run(327)) - 2eac0f59-dcd3-4eb3-89d2-7c59b77080ad@group-67A49A9DB092-SegmentedRaftLogWorker was interrupted, exiting. There are 0 tasks remaining in the queue.
2020-07-21 13:02:57,430 [ForkJoinPool.commonPool-worker-0] INFO  metrics.RatisMetrics (RatisMetrics.java:unregister(43)) - Unregistering Metrics Registry : ratis.log_appender.f4989c0c-dcd3-472e-ad74-017c452c42a3@group-9E5EF260E081
2020-07-21 13:02:57,431 [Listener at 127.0.0.1/40369] INFO  segmented.SegmentedRaftLogWorker (SegmentedRaftLogWorker.java:close(234)) - 2eac0f59-dcd3-4eb3-89d2-7c59b77080ad@group-67A49A9DB092-SegmentedRaftLogWorker close()
2020-07-21 13:02:57,434 [ForkJoinPool.commonPool-worker-0] INFO  metrics.RatisMetrics (RatisMetrics.java:unregister(43)) - Unregistering Metrics Registry : ratis.server.f4989c0c-dcd3-472e-ad74-017c452c42a3@group-9E5EF260E081
2020-07-21 13:02:57,436 [Listener at 127.0.0.1/40369] INFO  metrics.RatisMetrics (RatisMetrics.java:unregister(43)) - Unregistering Metrics Registry : ratis.log_worker.2eac0f59-dcd3-4eb3-89d2-7c59b77080ad@group-67A49A9DB092
2020-07-21 13:02:57,436 [Listener at 127.0.0.1/40369] INFO  metrics.RatisMetrics (RatisMetrics.java:unregister(43)) - Unregistering Metrics Registry : ratis.leader_election.2eac0f59-dcd3-4eb3-89d2-7c59b77080ad@group-67A49A9DB092
2020-07-21 13:02:57,436 [Listener at 127.0.0.1/40369] INFO  metrics.RatisMetrics (RatisMetrics.java:unregister(43)) - Unregistering Metrics Registry : ratis.server.2eac0f59-dcd3-4eb3-89d2-7c59b77080ad@group-67A49A9DB092
2020-07-21 13:02:57,437 [Listener at 127.0.0.1/40369] INFO  server.GrpcService (GrpcService.java:closeImpl(166)) - 2eac0f59-dcd3-4eb3-89d2-7c59b77080ad: shutdown server with port 39189 now
2020-07-21 13:02:57,437 [f4989c0c-dcd3-472e-ad74-017c452c42a3@group-9E5EF260E081-StateMachineUpdater] INFO  ratis.ContainerStateMachine (ContainerStateMachine.java:takeSnapshot(293)) - group-9E5EF260E081: Taking a snapshot at:(t:1, i:8) file /github/workspace/mnt/ozone/hadoop-ozone/integration-test/target/test-dir/MiniOzoneClusterImpl-be9508b3-40a4-4101-8d37-3f3c8981745f/datanode-1/data/ratis/8f6a8b41-efeb-4935-b3c5-9e5ef260e081/sm/snapshot.1_8
2020-07-21 13:02:57,437 [grpc-default-executor-4] WARN  server.GrpcServerProtocolService (LogUtils.java:warn(122)) - 2eac0f59-dcd3-4eb3-89d2-7c59b77080ad: installSnapshot onError, lastRequest: a34b7963-95e6-4818-b5ff-93e9d77f8426->2eac0f59-dcd3-4eb3-89d2-7c59b77080ad#1-t1, previous=(t:0, i:0), leaderCommit=-1, initializing? false, entries: size=1, first=(t:1, i:0), CONFIGURATIONENTRY: org.apache.ratis.thirdparty.io.grpc.StatusRuntimeException: CANCELLED: cancelled before receiving half close
2020-07-21 13:02:57,438 [grpc-default-executor-1] WARN  server.GrpcLogAppender (LogUtils.java:warn(122)) - a34b7963-95e6-4818-b5ff-93e9d77f8426@group-36D9E753D036->2eac0f59-dcd3-4eb3-89d2-7c59b77080ad-AppendLogResponseHandler: Failed appendEntries: org.apache.ratis.thirdparty.io.grpc.StatusRuntimeException: CANCELLED: HTTP/2 error code: CANCEL
Received Rst Stream
2020-07-21 13:02:57,438 [ForkJoinPool.commonPool-worker-0] INFO  impl.StateMachineUpdater (StateMachineUpdater.java:stopAndJoin(142)) - f4989c0c-dcd3-472e-ad74-017c452c42a3@group-9E5EF260E081-StateMachineUpdater: set stopIndex = 8
2020-07-21 13:02:57,438 [f4989c0c-dcd3-472e-ad74-017c452c42a3@group-9E5EF260E081-StateMachineUpdater] INFO  ratis.ContainerStateMachine (ContainerStateMachine.java:takeSnapshot(304)) - group-9E5EF260E081: Finished taking a snapshot at:(t:1, i:8) file:/github/workspace/mnt/ozone/hadoop-ozone/integration-test/target/test-dir/MiniOzoneClusterImpl-be9508b3-40a4-4101-8d37-3f3c8981745f/datanode-1/data/ratis/8f6a8b41-efeb-4935-b3c5-9e5ef260e081/sm/snapshot.1_8 time:2
2020-07-21 13:02:57,440 [f4989c0c-dcd3-472e-ad74-017c452c42a3@group-9E5EF260E081-StateMachineUpdater] INFO  impl.StateMachineUpdater (StateMachineUpdater.java:takeSnapshot(277)) - f4989c0c-dcd3-472e-ad74-017c452c42a3@group-9E5EF260E081-StateMachineUpdater: Took a snapshot at index 8
2020-07-21 13:02:57,440 [f4989c0c-dcd3-472e-ad74-017c452c42a3@group-9E5EF260E081-StateMachineUpdater] INFO  impl.StateMachineUpdater (StateMachineUpdater.java:lambda$new$0(87)) - f4989c0c-dcd3-472e-ad74-017c452c42a3@group-9E5EF260E081-StateMachineUpdater: snapshotIndex: updateIncreasingly -1 -> 8
2020-07-21 13:02:57,440 [Listener at 127.0.0.1/40369] INFO  server.GrpcService (GrpcService.java:closeImpl(174)) - 2eac0f59-dcd3-4eb3-89d2-7c59b77080ad: shutdown server with port 39189 successfully
2020-07-21 13:02:57,441 [Listener at 127.0.0.1/40369] INFO  utils.BackgroundService (BackgroundService.java:shutdown(157)) - Shutting down service BlockDeletingService
2020-07-21 13:02:57,442 [f4989c0c-dcd3-472e-ad74-017c452c42a3@group-9E5EF260E081-StateMachineUpdater] INFO  metrics.RatisMetrics (RatisMetrics.java:unregister(43)) - Unregistering Metrics Registry : ratis.state_machine.f4989c0c-dcd3-472e-ad74-017c452c42a3@group-9E5EF260E081
2020-07-21 13:02:57,442 [ForkJoinPool.commonPool-worker-0] INFO  impl.RaftServerImpl (ServerState.java:close(387)) - f4989c0c-dcd3-472e-ad74-017c452c42a3@group-9E5EF260E081: closes. applyIndex: 8
2020-07-21 13:02:57,443 [grpc-default-executor-1] INFO  impl.FollowerInfo (FollowerInfo.java:lambda$new$0(51)) - a34b7963-95e6-4818-b5ff-93e9d77f8426@group-36D9E753D036->2eac0f59-dcd3-4eb3-89d2-7c59b77080ad: nextIndex: updateUnconditionally 1 -> 0
2020-07-21 13:02:57,443 [Listener at 127.0.0.1/40369] INFO  statemachine.DatanodeStateMachine (DatanodeStateMachine.java:stopDaemon(428)) - Ozone container server stopped.
2020-07-21 13:02:57,449 [f4989c0c-dcd3-472e-ad74-017c452c42a3@group-9E5EF260E081-SegmentedRaftLogWorker] INFO  segmented.SegmentedRaftLogWorker (SegmentedRaftLogWorker.java:run(327)) - f4989c0c-dcd3-472e-ad74-017c452c42a3@group-9E5EF260E081-SegmentedRaftLogWorker was interrupted, exiting. There are 0 tasks remaining in the queue.
2020-07-21 13:02:57,449 [ForkJoinPool.commonPool-worker-0] INFO  segmented.SegmentedRaftLogWorker (SegmentedRaftLogWorker.java:close(234)) - f4989c0c-dcd3-472e-ad74-017c452c42a3@group-9E5EF260E081-SegmentedRaftLogWorker close()
2020-07-21 13:02:57,449 [ForkJoinPool.commonPool-worker-0] INFO  metrics.RatisMetrics (RatisMetrics.java:unregister(43)) - Unregistering Metrics Registry : ratis.log_worker.f4989c0c-dcd3-472e-ad74-017c452c42a3@group-9E5EF260E081
2020-07-21 13:02:57,450 [ForkJoinPool.commonPool-worker-0] INFO  metrics.RatisMetrics (RatisMetrics.java:unregister(43)) - Unregistering Metrics Registry : ratis.leader_election.f4989c0c-dcd3-472e-ad74-017c452c42a3@group-9E5EF260E081
2020-07-21 13:02:57,450 [ForkJoinPool.commonPool-worker-0] INFO  metrics.RatisMetrics (RatisMetrics.java:unregister(43)) - Unregistering Metrics Registry : ratis.server.f4989c0c-dcd3-472e-ad74-017c452c42a3@group-9E5EF260E081
2020-07-21 13:02:57,450 [ForkJoinPool.commonPool-worker-0] INFO  server.GrpcService (GrpcService.java:closeImpl(166)) - f4989c0c-dcd3-472e-ad74-017c452c42a3: shutdown server with port 36033 now
2020-07-21 13:02:57,451 [grpc-default-executor-2] WARN  client.GrpcClientProtocolService (LogUtils.java:warn(122)) - 1-UnorderedRequestStreamObserver1: onError: org.apache.ratis.thirdparty.io.grpc.StatusRuntimeException: CANCELLED: cancelled before receiving half close
2020-07-21 13:02:57,452 [ForkJoinPool.commonPool-worker-0] INFO  server.GrpcService (GrpcService.java:closeImpl(174)) - f4989c0c-dcd3-472e-ad74-017c452c42a3: shutdown server with port 36033 successfully
2020-07-21 13:02:57,455 [ForkJoinPool.commonPool-worker-0] INFO  utils.BackgroundService (BackgroundService.java:shutdown(157)) - Shutting down service BlockDeletingService
2020-07-21 13:02:57,457 [ForkJoinPool.commonPool-worker-0] INFO  statemachine.DatanodeStateMachine (DatanodeStateMachine.java:stopDaemon(428)) - Ozone container server stopped.
2020-07-21 13:02:57,464 [Listener at 127.0.0.1/40369] INFO  handler.ContextHandler (ContextHandler.java:doStop(1016)) - Stopped o.e.j.w.WebAppContext@6072e245{hddsDatanode,/,null,UNAVAILABLE}{jar:file:/home/user/.m2/repository/org/apache/hadoop/hadoop-hdds-container-service/0.6.0-SNAPSHOT/hadoop-hdds-container-service-0.6.0-SNAPSHOT.jar!/webapps/hddsDatanode}
2020-07-21 13:02:57,464 [ForkJoinPool.commonPool-worker-0] INFO  handler.ContextHandler (ContextHandler.java:doStop(1016)) - Stopped o.e.j.w.WebAppContext@4db431a2{hddsDatanode,/,null,UNAVAILABLE}{jar:file:/home/user/.m2/repository/org/apache/hadoop/hadoop-hdds-container-service/0.6.0-SNAPSHOT/hadoop-hdds-container-service-0.6.0-SNAPSHOT.jar!/webapps/hddsDatanode}
2020-07-21 13:02:57,466 [Listener at 127.0.0.1/40369] INFO  server.AbstractConnector (AbstractConnector.java:doStop(380)) - Stopped ServerConnector@2814faca{HTTP/1.1,[http/1.1]}{0.0.0.0:0}
2020-07-21 13:02:57,466 [Listener at 127.0.0.1/40369] INFO  server.session (HouseKeeper.java:stopScavenging(158)) - node0 Stopped scavenging
2020-07-21 13:02:57,466 [Listener at 127.0.0.1/40369] INFO  handler.ContextHandler (ContextHandler.java:doStop(1016)) - Stopped o.e.j.s.ServletContextHandler@d5b04c{static,/static,jar:file:/home/user/.m2/repository/org/apache/hadoop/hadoop-hdds-container-service/0.6.0-SNAPSHOT/hadoop-hdds-container-service-0.6.0-SNAPSHOT.jar!/webapps/static,UNAVAILABLE}
2020-07-21 13:02:57,467 [Listener at 127.0.0.1/40369] INFO  handler.ContextHandler (ContextHandler.java:doStop(1016)) - Stopped o.e.j.s.ServletContextHandler@247eec9a{logs,/logs,file:///github/workspace/mnt/ozone/hadoop-ozone/integration-test/target/log,UNAVAILABLE}
2020-07-21 13:02:57,467 [ForkJoinPool.commonPool-worker-0] INFO  server.AbstractConnector (AbstractConnector.java:doStop(380)) - Stopped ServerConnector@13436d0d{HTTP/1.1,[http/1.1]}{0.0.0.0:0}
2020-07-21 13:02:57,468 [ForkJoinPool.commonPool-worker-0] INFO  server.session (HouseKeeper.java:stopScavenging(158)) - node0 Stopped scavenging
2020-07-21 13:02:57,468 [ForkJoinPool.commonPool-worker-0] INFO  handler.ContextHandler (ContextHandler.java:doStop(1016)) - Stopped o.e.j.s.ServletContextHandler@4a657059{static,/static,jar:file:/home/user/.m2/repository/org/apache/hadoop/hadoop-hdds-container-service/0.6.0-SNAPSHOT/hadoop-hdds-container-service-0.6.0-SNAPSHOT.jar!/webapps/static,UNAVAILABLE}
2020-07-21 13:02:57,469 [ForkJoinPool.commonPool-worker-0] INFO  handler.ContextHandler (ContextHandler.java:doStop(1016)) - Stopped o.e.j.s.ServletContextHandler@3ea6c45{logs,/logs,file:///github/workspace/mnt/ozone/hadoop-ozone/integration-test/target/log,UNAVAILABLE}
2020-07-21 13:02:57,917 [Datanode State Machine Thread - 0] INFO  statemachine.DatanodeStateMachine (DatanodeStateMachine.java:lambda$startDaemon$0(380)) - Ozone container server started.
2020-07-21 13:02:58,239 [Datanode State Machine Thread - 0] INFO  statemachine.DatanodeStateMachine (DatanodeStateMachine.java:lambda$startDaemon$0(380)) - Ozone container server started.
2020-07-21 13:02:58,440 [grpc-default-executor-4] WARN  server.GrpcLogAppender (LogUtils.java:warn(122)) - a34b7963-95e6-4818-b5ff-93e9d77f8426@group-36D9E753D036->2eac0f59-dcd3-4eb3-89d2-7c59b77080ad-AppendLogResponseHandler: Failed appendEntries: org.apache.ratis.thirdparty.io.grpc.StatusRuntimeException: UNAVAILABLE: io exception
2020-07-21 13:02:58,442 [grpc-default-executor-4] INFO  impl.FollowerInfo (FollowerInfo.java:lambda$new$0(51)) - a34b7963-95e6-4818-b5ff-93e9d77f8426@group-36D9E753D036->2eac0f59-dcd3-4eb3-89d2-7c59b77080ad: nextIndex: updateUnconditionally 1 -> 0
2020-07-21 13:03:00,942 [grpc-default-executor-2] WARN  server.GrpcLogAppender (LogUtils.java:warn(122)) - a34b7963-95e6-4818-b5ff-93e9d77f8426@group-36D9E753D036->2eac0f59-dcd3-4eb3-89d2-7c59b77080ad-AppendLogResponseHandler: Failed appendEntries: org.apache.ratis.thirdparty.io.grpc.StatusRuntimeException: UNAVAILABLE: io exception
2020-07-21 13:03:00,947 [grpc-default-executor-2] INFO  impl.FollowerInfo (FollowerInfo.java:lambda$new$0(51)) - a34b7963-95e6-4818-b5ff-93e9d77f8426@group-36D9E753D036->2eac0f59-dcd3-4eb3-89d2-7c59b77080ad: nextIndex: updateUnconditionally 1 -> 0
2020-07-21 13:03:02,469 [Listener at 127.0.0.1/40369] INFO  ozoneimpl.OzoneContainer (OzoneContainer.java:stop(247)) - Attempting to stop container services.
2020-07-21 13:03:02,469 [Listener at 127.0.0.1/40369] INFO  impl.RaftServerProxy (RaftServerProxy.java:lambda$close$4(319)) - d5ca780d-91ab-4a71-97a7-7cd5dfc24b80: close
2020-07-21 13:03:02,470 [Listener at 127.0.0.1/40369] INFO  impl.RaftServerImpl (RaftServerImpl.java:lambda$shutdown$3(263)) - d5ca780d-91ab-4a71-97a7-7cd5dfc24b80@group-36D9E753D036: shutdown
2020-07-21 13:03:02,470 [Listener at 127.0.0.1/40369] INFO  util.JmxRegister (JmxRegister.java:unregister(73)) - Successfully un-registered JMX Bean with object name Ratis:service=RaftServer,group=group-36D9E753D036,id=d5ca780d-91ab-4a71-97a7-7cd5dfc24b80
2020-07-21 13:03:02,470 [Listener at 127.0.0.1/40369] INFO  impl.RoleInfo (RoleInfo.java:shutdownFollowerState(121)) - d5ca780d-91ab-4a71-97a7-7cd5dfc24b80: shutdown FollowerState
2020-07-21 13:03:02,470 [Listener at 127.0.0.1/40369] INFO  impl.StateMachineUpdater (StateMachineUpdater.java:stopAndJoin(142)) - d5ca780d-91ab-4a71-97a7-7cd5dfc24b80@group-36D9E753D036-StateMachineUpdater: set stopIndex = 0
2020-07-21 13:03:02,470 [d5ca780d-91ab-4a71-97a7-7cd5dfc24b80@group-36D9E753D036-StateMachineUpdater] INFO  ratis.ContainerStateMachine (ContainerStateMachine.java:takeSnapshot(293)) - group-36D9E753D036: Taking a snapshot at:(t:1, i:0) file /github/workspace/mnt/ozone/hadoop-ozone/integration-test/target/test-dir/MiniOzoneClusterImpl-be9508b3-40a4-4101-8d37-3f3c8981745f/datanode-3/data/ratis/ce92a1de-a3af-46f7-98ce-36d9e753d036/sm/snapshot.1_0
2020-07-21 13:03:02,471 [ForkJoinPool.commonPool-worker-0] INFO  ozoneimpl.OzoneContainer (OzoneContainer.java:stop(247)) - Attempting to stop container services.
2020-07-21 13:03:02,471 [Thread-635] INFO  impl.FollowerState (FollowerState.java:run(117)) - d5ca780d-91ab-4a71-97a7-7cd5dfc24b80@group-36D9E753D036-FollowerState was interrupted: java.lang.InterruptedException: sleep interrupted
2020-07-21 13:03:02,471 [ForkJoinPool.commonPool-worker-0] INFO  impl.RaftServerProxy (RaftServerProxy.java:lambda$close$4(319)) - 348bca5e-25af-4723-bedb-70bc4f16e84a: close
2020-07-21 13:03:02,471 [d5ca780d-91ab-4a71-97a7-7cd5dfc24b80@group-36D9E753D036-StateMachineUpdater] INFO  ratis.ContainerStateMachine (ContainerStateMachine.java:takeSnapshot(304)) - group-36D9E753D036: Finished taking a snapshot at:(t:1, i:0) file:/github/workspace/mnt/ozone/hadoop-ozone/integration-test/target/test-dir/MiniOzoneClusterImpl-be9508b3-40a4-4101-8d37-3f3c8981745f/datanode-3/data/ratis/ce92a1de-a3af-46f7-98ce-36d9e753d036/sm/snapshot.1_0 time:1
2020-07-21 13:03:02,472 [d5ca780d-91ab-4a71-97a7-7cd5dfc24b80@group-36D9E753D036-StateMachineUpdater] INFO  impl.StateMachineUpdater (StateMachineUpdater.java:takeSnapshot(277)) - d5ca780d-91ab-4a71-97a7-7cd5dfc24b80@group-36D9E753D036-StateMachineUpdater: Took a snapshot at index 0
2020-07-21 13:03:02,472 [d5ca780d-91ab-4a71-97a7-7cd5dfc24b80@group-36D9E753D036-StateMachineUpdater] INFO  impl.StateMachineUpdater (StateMachineUpdater.java:lambda$new$0(87)) - d5ca780d-91ab-4a71-97a7-7cd5dfc24b80@group-36D9E753D036-StateMachineUpdater: snapshotIndex: updateIncreasingly -1 -> 0
2020-07-21 13:03:02,472 [ForkJoinPool.commonPool-worker-0] INFO  impl.RaftServerImpl (RaftServerImpl.java:lambda$shutdown$3(263)) - 348bca5e-25af-4723-bedb-70bc4f16e84a@group-0103C602AF91: shutdown
2020-07-21 13:03:02,472 [ForkJoinPool.commonPool-worker-0] INFO  util.JmxRegister (JmxRegister.java:unregister(73)) - Successfully un-registered JMX Bean with object name Ratis:service=RaftServer,group=group-0103C602AF91,id=348bca5e-25af-4723-bedb-70bc4f16e84a
2020-07-21 13:03:02,472 [ForkJoinPool.commonPool-worker-0] INFO  impl.RoleInfo (RoleInfo.java:shutdownLeaderState(104)) - 348bca5e-25af-4723-bedb-70bc4f16e84a: shutdown LeaderState
2020-07-21 13:03:02,472 [ForkJoinPool.commonPool-worker-0] INFO  impl.PendingRequests (PendingRequests.java:sendNotLeaderResponses(249)) - 348bca5e-25af-4723-bedb-70bc4f16e84a@group-0103C602AF91-PendingRequests: sendNotLeaderResponses
2020-07-21 13:03:02,472 [ForkJoinPool.commonPool-worker-0] INFO  metrics.RatisMetrics (RatisMetrics.java:unregister(43)) - Unregistering Metrics Registry : ratis.log_appender.348bca5e-25af-4723-bedb-70bc4f16e84a@group-0103C602AF91
2020-07-21 13:03:02,473 [ForkJoinPool.commonPool-worker-0] INFO  metrics.RatisMetrics (RatisMetrics.java:unregister(43)) - Unregistering Metrics Registry : ratis.server.348bca5e-25af-4723-bedb-70bc4f16e84a@group-0103C602AF91
2020-07-21 13:03:02,474 [ForkJoinPool.commonPool-worker-0] INFO  impl.StateMachineUpdater (StateMachineUpdater.java:stopAndJoin(142)) - 348bca5e-25af-4723-bedb-70bc4f16e84a@group-0103C602AF91-StateMachineUpdater: set stopIndex = 0
2020-07-21 13:03:02,474 [d5ca780d-91ab-4a71-97a7-7cd5dfc24b80@group-36D9E753D036-StateMachineUpdater] INFO  metrics.RatisMetrics (RatisMetrics.java:unregister(43)) - Unregistering Metrics Registry : ratis.state_machine.d5ca780d-91ab-4a71-97a7-7cd5dfc24b80@group-36D9E753D036
2020-07-21 13:03:02,474 [348bca5e-25af-4723-bedb-70bc4f16e84a@group-0103C602AF91-StateMachineUpdater] INFO  ratis.ContainerStateMachine (ContainerStateMachine.java:takeSnapshot(293)) - group-0103C602AF91: Taking a snapshot at:(t:1, i:0) file /github/workspace/mnt/ozone/hadoop-ozone/integration-test/target/test-dir/MiniOzoneClusterImpl-be9508b3-40a4-4101-8d37-3f3c8981745f/datanode-6/data/ratis/140b312a-ccbb-43fa-a844-0103c602af91/sm/snapshot.1_0
2020-07-21 13:03:02,474 [Listener at 127.0.0.1/40369] INFO  impl.RaftServerImpl (ServerState.java:close(387)) - d5ca780d-91ab-4a71-97a7-7cd5dfc24b80@group-36D9E753D036: closes. applyIndex: 0
2020-07-21 13:03:02,474 [d5ca780d-91ab-4a71-97a7-7cd5dfc24b80@group-36D9E753D036-SegmentedRaftLogWorker] INFO  segmented.SegmentedRaftLogWorker (SegmentedRaftLogWorker.java:run(327)) - d5ca780d-91ab-4a71-97a7-7cd5dfc24b80@group-36D9E753D036-SegmentedRaftLogWorker was interrupted, exiting. There are 0 tasks remaining in the queue.
2020-07-21 13:03:02,475 [Listener at 127.0.0.1/40369] INFO  segmented.SegmentedRaftLogWorker (SegmentedRaftLogWorker.java:close(234)) - d5ca780d-91ab-4a71-97a7-7cd5dfc24b80@group-36D9E753D036-SegmentedRaftLogWorker close()
2020-07-21 13:03:02,476 [348bca5e-25af-4723-bedb-70bc4f16e84a@group-0103C602AF91-StateMachineUpdater] INFO  ratis.ContainerStateMachine (ContainerStateMachine.java:takeSnapshot(304)) - group-0103C602AF91: Finished taking a snapshot at:(t:1, i:0) file:/github/workspace/mnt/ozone/hadoop-ozone/integration-test/target/test-dir/MiniOzoneClusterImpl-be9508b3-40a4-4101-8d37-3f3c8981745f/datanode-6/data/ratis/140b312a-ccbb-43fa-a844-0103c602af91/sm/snapshot.1_0 time:1
2020-07-21 13:03:02,476 [348bca5e-25af-4723-bedb-70bc4f16e84a@group-0103C602AF91-StateMachineUpdater] INFO  impl.StateMachineUpdater (StateMachineUpdater.java:takeSnapshot(277)) - 348bca5e-25af-4723-bedb-70bc4f16e84a@group-0103C602AF91-StateMachineUpdater: Took a snapshot at index 0
2020-07-21 13:03:02,476 [348bca5e-25af-4723-bedb-70bc4f16e84a@group-0103C602AF91-StateMachineUpdater] INFO  impl.StateMachineUpdater (StateMachineUpdater.java:lambda$new$0(87)) - 348bca5e-25af-4723-bedb-70bc4f16e84a@group-0103C602AF91-StateMachineUpdater: snapshotIndex: updateIncreasingly -1 -> 0
2020-07-21 13:03:02,476 [348bca5e-25af-4723-bedb-70bc4f16e84a@group-0103C602AF91-StateMachineUpdater] INFO  metrics.RatisMetrics (RatisMetrics.java:unregister(43)) - Unregistering Metrics Registry : ratis.state_machine.348bca5e-25af-4723-bedb-70bc4f16e84a@group-0103C602AF91
2020-07-21 13:03:02,476 [ForkJoinPool.commonPool-worker-0] INFO  impl.RaftServerImpl (ServerState.java:close(387)) - 348bca5e-25af-4723-bedb-70bc4f16e84a@group-0103C602AF91: closes. applyIndex: 0
2020-07-21 13:03:02,481 [348bca5e-25af-4723-bedb-70bc4f16e84a@group-0103C602AF91-SegmentedRaftLogWorker] INFO  segmented.SegmentedRaftLogWorker (SegmentedRaftLogWorker.java:run(327)) - 348bca5e-25af-4723-bedb-70bc4f16e84a@group-0103C602AF91-SegmentedRaftLogWorker was interrupted, exiting. There are 0 tasks remaining in the queue.
2020-07-21 13:03:02,481 [Listener at 127.0.0.1/40369] INFO  metrics.RatisMetrics (RatisMetrics.java:unregister(43)) - Unregistering Metrics Registry : ratis.log_worker.d5ca780d-91ab-4a71-97a7-7cd5dfc24b80@group-36D9E753D036
2020-07-21 13:03:02,482 [Listener at 127.0.0.1/40369] INFO  metrics.RatisMetrics (RatisMetrics.java:unregister(43)) - Unregistering Metrics Registry : ratis.leader_election.d5ca780d-91ab-4a71-97a7-7cd5dfc24b80@group-36D9E753D036
2020-07-21 13:03:02,482 [Listener at 127.0.0.1/40369] INFO  metrics.RatisMetrics (RatisMetrics.java:unregister(43)) - Unregistering Metrics Registry : ratis.server.d5ca780d-91ab-4a71-97a7-7cd5dfc24b80@group-36D9E753D036
2020-07-21 13:03:02,482 [Listener at 127.0.0.1/40369] INFO  impl.RaftServerImpl (RaftServerImpl.java:lambda$shutdown$3(263)) - d5ca780d-91ab-4a71-97a7-7cd5dfc24b80@group-04BD99C537EA: shutdown
2020-07-21 13:03:02,482 [Listener at 127.0.0.1/40369] INFO  util.JmxRegister (JmxRegister.java:unregister(73)) - Successfully un-registered JMX Bean with object name Ratis:service=RaftServer,group=group-04BD99C537EA,id=d5ca780d-91ab-4a71-97a7-7cd5dfc24b80
2020-07-21 13:03:02,482 [Listener at 127.0.0.1/40369] INFO  impl.RoleInfo (RoleInfo.java:shutdownLeaderState(104)) - d5ca780d-91ab-4a71-97a7-7cd5dfc24b80: shutdown LeaderState
2020-07-21 13:03:02,482 [Listener at 127.0.0.1/40369] INFO  impl.PendingRequests (PendingRequests.java:sendNotLeaderResponses(249)) - d5ca780d-91ab-4a71-97a7-7cd5dfc24b80@group-04BD99C537EA-PendingRequests: sendNotLeaderResponses
2020-07-21 13:03:02,482 [Listener at 127.0.0.1/40369] INFO  metrics.RatisMetrics (RatisMetrics.java:unregister(43)) - Unregistering Metrics Registry : ratis.log_appender.d5ca780d-91ab-4a71-97a7-7cd5dfc24b80@group-04BD99C537EA
2020-07-21 13:03:02,483 [Listener at 127.0.0.1/40369] INFO  metrics.RatisMetrics (RatisMetrics.java:unregister(43)) - Unregistering Metrics Registry : ratis.server.d5ca780d-91ab-4a71-97a7-7cd5dfc24b80@group-04BD99C537EA
2020-07-21 13:03:02,483 [Listener at 127.0.0.1/40369] INFO  impl.StateMachineUpdater (StateMachineUpdater.java:stopAndJoin(142)) - d5ca780d-91ab-4a71-97a7-7cd5dfc24b80@group-04BD99C537EA-StateMachineUpdater: set stopIndex = 0
2020-07-21 13:03:02,484 [d5ca780d-91ab-4a71-97a7-7cd5dfc24b80@group-04BD99C537EA-StateMachineUpdater] INFO  ratis.ContainerStateMachine (ContainerStateMachine.java:takeSnapshot(293)) - group-04BD99C537EA: Taking a snapshot at:(t:1, i:0) file /github/workspace/mnt/ozone/hadoop-ozone/integration-test/target/test-dir/MiniOzoneClusterImpl-be9508b3-40a4-4101-8d37-3f3c8981745f/datanode-3/data/ratis/04182b48-8322-47e7-b01c-04bd99c537ea/sm/snapshot.1_0
2020-07-21 13:03:02,484 [ForkJoinPool.commonPool-worker-0] INFO  segmented.SegmentedRaftLogWorker (SegmentedRaftLogWorker.java:close(234)) - 348bca5e-25af-4723-bedb-70bc4f16e84a@group-0103C602AF91-SegmentedRaftLogWorker close()
2020-07-21 13:03:02,484 [ForkJoinPool.commonPool-worker-0] INFO  metrics.RatisMetrics (RatisMetrics.java:unregister(43)) - Unregistering Metrics Registry : ratis.log_worker.348bca5e-25af-4723-bedb-70bc4f16e84a@group-0103C602AF91
2020-07-21 13:03:02,484 [d5ca780d-91ab-4a71-97a7-7cd5dfc24b80@group-04BD99C537EA-StateMachineUpdater] INFO  ratis.ContainerStateMachine (ContainerStateMachine.java:takeSnapshot(304)) - group-04BD99C537EA: Finished taking a snapshot at:(t:1, i:0) file:/github/workspace/mnt/ozone/hadoop-ozone/integration-test/target/test-dir/MiniOzoneClusterImpl-be9508b3-40a4-4101-8d37-3f3c8981745f/datanode-3/data/ratis/04182b48-8322-47e7-b01c-04bd99c537ea/sm/snapshot.1_0 time:1
2020-07-21 13:03:02,484 [ForkJoinPool.commonPool-worker-0] INFO  metrics.RatisMetrics (RatisMetrics.java:unregister(43)) - Unregistering Metrics Registry : ratis.leader_election.348bca5e-25af-4723-bedb-70bc4f16e84a@group-0103C602AF91
2020-07-21 13:03:02,485 [ForkJoinPool.commonPool-worker-0] INFO  metrics.RatisMetrics (RatisMetrics.java:unregister(43)) - Unregistering Metrics Registry : ratis.server.348bca5e-25af-4723-bedb-70bc4f16e84a@group-0103C602AF91
2020-07-21 13:03:02,485 [d5ca780d-91ab-4a71-97a7-7cd5dfc24b80@group-04BD99C537EA-StateMachineUpdater] INFO  impl.StateMachineUpdater (StateMachineUpdater.java:takeSnapshot(277)) - d5ca780d-91ab-4a71-97a7-7cd5dfc24b80@group-04BD99C537EA-StateMachineUpdater: Took a snapshot at index 0
2020-07-21 13:03:02,485 [ForkJoinPool.commonPool-worker-0] INFO  server.GrpcService (GrpcService.java:closeImpl(166)) - 348bca5e-25af-4723-bedb-70bc4f16e84a: shutdown server with port 38655 now
2020-07-21 13:03:02,485 [d5ca780d-91ab-4a71-97a7-7cd5dfc24b80@group-04BD99C537EA-StateMachineUpdater] INFO  impl.StateMachineUpdater (StateMachineUpdater.java:lambda$new$0(87)) - d5ca780d-91ab-4a71-97a7-7cd5dfc24b80@group-04BD99C537EA-StateMachineUpdater: snapshotIndex: updateIncreasingly -1 -> 0
2020-07-21 13:03:02,485 [d5ca780d-91ab-4a71-97a7-7cd5dfc24b80@group-04BD99C537EA-StateMachineUpdater] INFO  metrics.RatisMetrics (RatisMetrics.java:unregister(43)) - Unregistering Metrics Registry : ratis.state_machine.d5ca780d-91ab-4a71-97a7-7cd5dfc24b80@group-04BD99C537EA
2020-07-21 13:03:02,485 [ForkJoinPool.commonPool-worker-0] INFO  server.GrpcService (GrpcService.java:closeImpl(174)) - 348bca5e-25af-4723-bedb-70bc4f16e84a: shutdown server with port 38655 successfully
2020-07-21 13:03:02,485 [Listener at 127.0.0.1/40369] INFO  impl.RaftServerImpl (ServerState.java:close(387)) - d5ca780d-91ab-4a71-97a7-7cd5dfc24b80@group-04BD99C537EA: closes. applyIndex: 0
2020-07-21 13:03:02,486 [d5ca780d-91ab-4a71-97a7-7cd5dfc24b80@group-04BD99C537EA-SegmentedRaftLogWorker] INFO  segmented.SegmentedRaftLogWorker (SegmentedRaftLogWorker.java:run(327)) - d5ca780d-91ab-4a71-97a7-7cd5dfc24b80@group-04BD99C537EA-SegmentedRaftLogWorker was interrupted, exiting. There are 0 tasks remaining in the queue.
2020-07-21 13:03:02,486 [Listener at 127.0.0.1/40369] INFO  segmented.SegmentedRaftLogWorker (SegmentedRaftLogWorker.java:close(234)) - d5ca780d-91ab-4a71-97a7-7cd5dfc24b80@group-04BD99C537EA-SegmentedRaftLogWorker close()
2020-07-21 13:03:02,487 [Listener at 127.0.0.1/40369] INFO  metrics.RatisMetrics (RatisMetrics.java:unregister(43)) - Unregistering Metrics Registry : ratis.log_worker.d5ca780d-91ab-4a71-97a7-7cd5dfc24b80@group-04BD99C537EA
2020-07-21 13:03:02,487 [ForkJoinPool.commonPool-worker-0] INFO  utils.BackgroundService (BackgroundService.java:shutdown(157)) - Shutting down service BlockDeletingService
2020-07-21 13:03:02,487 [Listener at 127.0.0.1/40369] INFO  metrics.RatisMetrics (RatisMetrics.java:unregister(43)) - Unregistering Metrics Registry : ratis.leader_election.d5ca780d-91ab-4a71-97a7-7cd5dfc24b80@group-04BD99C537EA
2020-07-21 13:03:02,488 [Listener at 127.0.0.1/40369] INFO  metrics.RatisMetrics (RatisMetrics.java:unregister(43)) - Unregistering Metrics Registry : ratis.server.d5ca780d-91ab-4a71-97a7-7cd5dfc24b80@group-04BD99C537EA
2020-07-21 13:03:02,488 [Listener at 127.0.0.1/40369] INFO  server.GrpcService (GrpcService.java:closeImpl(166)) - d5ca780d-91ab-4a71-97a7-7cd5dfc24b80: shutdown server with port 38705 now
2020-07-21 13:03:02,489 [Listener at 127.0.0.1/40369] INFO  server.GrpcService (GrpcService.java:closeImpl(174)) - d5ca780d-91ab-4a71-97a7-7cd5dfc24b80: shutdown server with port 38705 successfully
2020-07-21 13:03:02,490 [grpc-default-executor-4] WARN  server.GrpcServerProtocolService (LogUtils.java:warn(122)) - d5ca780d-91ab-4a71-97a7-7cd5dfc24b80: installSnapshot onError, lastRequest: a34b7963-95e6-4818-b5ff-93e9d77f8426->d5ca780d-91ab-4a71-97a7-7cd5dfc24b80#1-t1, previous=(t:0, i:0), leaderCommit=-1, initializing? false, entries: size=1, first=(t:1, i:0), CONFIGURATIONENTRY: org.apache.ratis.thirdparty.io.grpc.StatusRuntimeException: CANCELLED: cancelled before receiving half close
2020-07-21 13:03:02,490 [grpc-default-executor-1] WARN  server.GrpcLogAppender (LogUtils.java:warn(122)) - a34b7963-95e6-4818-b5ff-93e9d77f8426@group-36D9E753D036->d5ca780d-91ab-4a71-97a7-7cd5dfc24b80-AppendLogResponseHandler: Failed appendEntries: org.apache.ratis.thirdparty.io.grpc.StatusRuntimeException: CANCELLED: HTTP/2 error code: CANCEL
Received Rst Stream
2020-07-21 13:03:02,491 [Listener at 127.0.0.1/40369] INFO  utils.BackgroundService (BackgroundService.java:shutdown(157)) - Shutting down service BlockDeletingService
2020-07-21 13:03:02,498 [grpc-default-executor-1] INFO  impl.FollowerInfo (FollowerInfo.java:lambda$new$0(51)) - a34b7963-95e6-4818-b5ff-93e9d77f8426@group-36D9E753D036->d5ca780d-91ab-4a71-97a7-7cd5dfc24b80: nextIndex: updateUnconditionally 1 -> 0
2020-07-21 13:03:02,499 [Listener at 127.0.0.1/40369] INFO  statemachine.DatanodeStateMachine (DatanodeStateMachine.java:stopDaemon(428)) - Ozone container server stopped.
2020-07-21 13:03:02,499 [ForkJoinPool.commonPool-worker-0] INFO  statemachine.DatanodeStateMachine (DatanodeStateMachine.java:stopDaemon(428)) - Ozone container server stopped.
2020-07-21 13:03:02,505 [Listener at 127.0.0.1/40369] INFO  handler.ContextHandler (ContextHandler.java:doStop(1016)) - Stopped o.e.j.w.WebAppContext@60900326{hddsDatanode,/,null,UNAVAILABLE}{jar:file:/home/user/.m2/repository/org/apache/hadoop/hadoop-hdds-container-service/0.6.0-SNAPSHOT/hadoop-hdds-container-service-0.6.0-SNAPSHOT.jar!/webapps/hddsDatanode}
2020-07-21 13:03:02,510 [Listener at 127.0.0.1/40369] INFO  server.AbstractConnector (AbstractConnector.java:doStop(380)) - Stopped ServerConnector@29210298{HTTP/1.1,[http/1.1]}{0.0.0.0:0}
2020-07-21 13:03:02,510 [Listener at 127.0.0.1/40369] INFO  server.session (HouseKeeper.java:stopScavenging(158)) - node0 Stopped scavenging
2020-07-21 13:03:02,510 [Listener at 127.0.0.1/40369] INFO  handler.ContextHandler (ContextHandler.java:doStop(1016)) - Stopped o.e.j.s.ServletContextHandler@2f31aca2{static,/static,jar:file:/home/user/.m2/repository/org/apache/hadoop/hadoop-hdds-container-service/0.6.0-SNAPSHOT/hadoop-hdds-container-service-0.6.0-SNAPSHOT.jar!/webapps/static,UNAVAILABLE}
2020-07-21 13:03:02,510 [Listener at 127.0.0.1/40369] INFO  handler.ContextHandler (ContextHandler.java:doStop(1016)) - Stopped o.e.j.s.ServletContextHandler@14b90793{logs,/logs,file:///github/workspace/mnt/ozone/hadoop-ozone/integration-test/target/log,UNAVAILABLE}
2020-07-21 13:03:02,512 [ForkJoinPool.commonPool-worker-0] INFO  handler.ContextHandler (ContextHandler.java:doStop(1016)) - Stopped o.e.j.w.WebAppContext@4273b1f{hddsDatanode,/,null,UNAVAILABLE}{jar:file:/home/user/.m2/repository/org/apache/hadoop/hadoop-hdds-container-service/0.6.0-SNAPSHOT/hadoop-hdds-container-service-0.6.0-SNAPSHOT.jar!/webapps/hddsDatanode}
2020-07-21 13:03:02,513 [ForkJoinPool.commonPool-worker-0] INFO  server.AbstractConnector (AbstractConnector.java:doStop(380)) - Stopped ServerConnector@16146f73{HTTP/1.1,[http/1.1]}{0.0.0.0:0}
2020-07-21 13:03:02,514 [ForkJoinPool.commonPool-worker-0] INFO  server.session (HouseKeeper.java:stopScavenging(158)) - node0 Stopped scavenging
2020-07-21 13:03:02,514 [ForkJoinPool.commonPool-worker-0] INFO  handler.ContextHandler (ContextHandler.java:doStop(1016)) - Stopped o.e.j.s.ServletContextHandler@225ec391{static,/static,jar:file:/home/user/.m2/repository/org/apache/hadoop/hadoop-hdds-container-service/0.6.0-SNAPSHOT/hadoop-hdds-container-service-0.6.0-SNAPSHOT.jar!/webapps/static,UNAVAILABLE}
2020-07-21 13:03:02,515 [ForkJoinPool.commonPool-worker-0] INFO  handler.ContextHandler (ContextHandler.java:doStop(1016)) - Stopped o.e.j.s.ServletContextHandler@7a66451b{logs,/logs,file:///github/workspace/mnt/ozone/hadoop-ozone/integration-test/target/log,UNAVAILABLE}
2020-07-21 13:03:03,293 [Datanode State Machine Thread - 0] INFO  statemachine.DatanodeStateMachine (DatanodeStateMachine.java:lambda$startDaemon$0(380)) - Ozone container server started.
2020-07-21 13:03:03,448 [grpc-default-executor-1] WARN  server.GrpcLogAppender (LogUtils.java:warn(122)) - a34b7963-95e6-4818-b5ff-93e9d77f8426@group-36D9E753D036->2eac0f59-dcd3-4eb3-89d2-7c59b77080ad-AppendLogResponseHandler: Failed appendEntries: org.apache.ratis.thirdparty.io.grpc.StatusRuntimeException: UNAVAILABLE: io exception
2020-07-21 13:03:03,449 [grpc-default-executor-4] WARN  server.GrpcLogAppender (LogUtils.java:warn(122)) - a34b7963-95e6-4818-b5ff-93e9d77f8426@group-36D9E753D036->d5ca780d-91ab-4a71-97a7-7cd5dfc24b80-AppendLogResponseHandler: Failed appendEntries: org.apache.ratis.thirdparty.io.grpc.StatusRuntimeException: UNAVAILABLE: io exception
2020-07-21 13:03:03,450 [grpc-default-executor-1] INFO  impl.FollowerInfo (FollowerInfo.java:lambda$new$0(51)) - a34b7963-95e6-4818-b5ff-93e9d77f8426@group-36D9E753D036->2eac0f59-dcd3-4eb3-89d2-7c59b77080ad: nextIndex: updateUnconditionally 1 -> 0
2020-07-21 13:03:03,450 [grpc-default-executor-4] INFO  impl.FollowerInfo (FollowerInfo.java:lambda$new$0(51)) - a34b7963-95e6-4818-b5ff-93e9d77f8426@group-36D9E753D036->d5ca780d-91ab-4a71-97a7-7cd5dfc24b80: nextIndex: updateUnconditionally 1 -> 0
2020-07-21 13:03:05,949 [grpc-default-executor-1] WARN  server.GrpcLogAppender (LogUtils.java:warn(122)) - a34b7963-95e6-4818-b5ff-93e9d77f8426@group-36D9E753D036->2eac0f59-dcd3-4eb3-89d2-7c59b77080ad-AppendLogResponseHandler: Failed appendEntries: org.apache.ratis.thirdparty.io.grpc.StatusRuntimeException: UNAVAILABLE: io exception
2020-07-21 13:03:05,951 [grpc-default-executor-1] INFO  impl.FollowerInfo (FollowerInfo.java:lambda$new$0(51)) - a34b7963-95e6-4818-b5ff-93e9d77f8426@group-36D9E753D036->2eac0f59-dcd3-4eb3-89d2-7c59b77080ad: nextIndex: updateUnconditionally 1 -> 0
2020-07-21 13:03:05,952 [grpc-default-executor-1] WARN  server.GrpcLogAppender (LogUtils.java:warn(122)) - a34b7963-95e6-4818-b5ff-93e9d77f8426@group-36D9E753D036->d5ca780d-91ab-4a71-97a7-7cd5dfc24b80-AppendLogResponseHandler: Failed appendEntries: org.apache.ratis.thirdparty.io.grpc.StatusRuntimeException: UNAVAILABLE: io exception
2020-07-21 13:03:05,954 [grpc-default-executor-1] INFO  impl.FollowerInfo (FollowerInfo.java:lambda$new$0(51)) - a34b7963-95e6-4818-b5ff-93e9d77f8426@group-36D9E753D036->d5ca780d-91ab-4a71-97a7-7cd5dfc24b80: nextIndex: updateUnconditionally 1 -> 0
2020-07-21 13:03:07,520 [ForkJoinPool.commonPool-worker-0] INFO  ozoneimpl.OzoneContainer (OzoneContainer.java:stop(247)) - Attempting to stop container services.
2020-07-21 13:03:07,520 [ForkJoinPool.commonPool-worker-0] INFO  impl.RaftServerProxy (RaftServerProxy.java:lambda$close$4(319)) - a34b7963-95e6-4818-b5ff-93e9d77f8426: close
2020-07-21 13:03:07,521 [ForkJoinPool.commonPool-worker-0] INFO  impl.RaftServerImpl (RaftServerImpl.java:lambda$shutdown$3(263)) - a34b7963-95e6-4818-b5ff-93e9d77f8426@group-630E287534D4: shutdown
2020-07-21 13:03:07,521 [ForkJoinPool.commonPool-worker-0] INFO  util.JmxRegister (JmxRegister.java:unregister(73)) - Successfully un-registered JMX Bean with object name Ratis:service=RaftServer,group=group-630E287534D4,id=a34b7963-95e6-4818-b5ff-93e9d77f8426
2020-07-21 13:03:07,521 [ForkJoinPool.commonPool-worker-0] INFO  impl.RoleInfo (RoleInfo.java:shutdownLeaderState(104)) - a34b7963-95e6-4818-b5ff-93e9d77f8426: shutdown LeaderState
2020-07-21 13:03:07,521 [ForkJoinPool.commonPool-worker-0] INFO  impl.PendingRequests (PendingRequests.java:sendNotLeaderResponses(249)) - a34b7963-95e6-4818-b5ff-93e9d77f8426@group-630E287534D4-PendingRequests: sendNotLeaderResponses
2020-07-21 13:03:07,521 [ForkJoinPool.commonPool-worker-0] INFO  metrics.RatisMetrics (RatisMetrics.java:unregister(43)) - Unregistering Metrics Registry : ratis.log_appender.a34b7963-95e6-4818-b5ff-93e9d77f8426@group-630E287534D4
2020-07-21 13:03:07,522 [ForkJoinPool.commonPool-worker-0] INFO  metrics.RatisMetrics (RatisMetrics.java:unregister(43)) - Unregistering Metrics Registry : ratis.server.a34b7963-95e6-4818-b5ff-93e9d77f8426@group-630E287534D4
2020-07-21 13:03:07,522 [ForkJoinPool.commonPool-worker-0] INFO  impl.StateMachineUpdater (StateMachineUpdater.java:stopAndJoin(142)) - a34b7963-95e6-4818-b5ff-93e9d77f8426@group-630E287534D4-StateMachineUpdater: set stopIndex = 0
2020-07-21 13:03:07,523 [a34b7963-95e6-4818-b5ff-93e9d77f8426@group-630E287534D4-StateMachineUpdater] INFO  ratis.ContainerStateMachine (ContainerStateMachine.java:takeSnapshot(293)) - group-630E287534D4: Taking a snapshot at:(t:1, i:0) file /github/workspace/mnt/ozone/hadoop-ozone/integration-test/target/test-dir/MiniOzoneClusterImpl-be9508b3-40a4-4101-8d37-3f3c8981745f/datanode-5/data/ratis/4df0033a-938b-4290-885e-630e287534d4/sm/snapshot.1_0
2020-07-21 13:03:07,524 [a34b7963-95e6-4818-b5ff-93e9d77f8426@group-630E287534D4-StateMachineUpdater] INFO  ratis.ContainerStateMachine (ContainerStateMachine.java:takeSnapshot(304)) - group-630E287534D4: Finished taking a snapshot at:(t:1, i:0) file:/github/workspace/mnt/ozone/hadoop-ozone/integration-test/target/test-dir/MiniOzoneClusterImpl-be9508b3-40a4-4101-8d37-3f3c8981745f/datanode-5/data/ratis/4df0033a-938b-4290-885e-630e287534d4/sm/snapshot.1_0 time:1
2020-07-21 13:03:07,524 [a34b7963-95e6-4818-b5ff-93e9d77f8426@group-630E287534D4-StateMachineUpdater] INFO  impl.StateMachineUpdater (StateMachineUpdater.java:takeSnapshot(277)) - a34b7963-95e6-4818-b5ff-93e9d77f8426@group-630E287534D4-StateMachineUpdater: Took a snapshot at index 0
2020-07-21 13:03:07,524 [a34b7963-95e6-4818-b5ff-93e9d77f8426@group-630E287534D4-StateMachineUpdater] INFO  impl.StateMachineUpdater (StateMachineUpdater.java:lambda$new$0(87)) - a34b7963-95e6-4818-b5ff-93e9d77f8426@group-630E287534D4-StateMachineUpdater: snapshotIndex: updateIncreasingly -1 -> 0
2020-07-21 13:03:07,525 [a34b7963-95e6-4818-b5ff-93e9d77f8426@group-630E287534D4-StateMachineUpdater] INFO  metrics.RatisMetrics (RatisMetrics.java:unregister(43)) - Unregistering Metrics Registry : ratis.state_machine.a34b7963-95e6-4818-b5ff-93e9d77f8426@group-630E287534D4
2020-07-21 13:03:07,525 [ForkJoinPool.commonPool-worker-0] INFO  impl.RaftServerImpl (ServerState.java:close(387)) - a34b7963-95e6-4818-b5ff-93e9d77f8426@group-630E287534D4: closes. applyIndex: 0
2020-07-21 13:03:07,525 [a34b7963-95e6-4818-b5ff-93e9d77f8426@group-630E287534D4-SegmentedRaftLogWorker] INFO  segmented.SegmentedRaftLogWorker (SegmentedRaftLogWorker.java:run(327)) - a34b7963-95e6-4818-b5ff-93e9d77f8426@group-630E287534D4-SegmentedRaftLogWorker was interrupted, exiting. There are 0 tasks remaining in the queue.
2020-07-21 13:03:07,526 [ForkJoinPool.commonPool-worker-0] INFO  segmented.SegmentedRaftLogWorker (SegmentedRaftLogWorker.java:close(234)) - a34b7963-95e6-4818-b5ff-93e9d77f8426@group-630E287534D4-SegmentedRaftLogWorker close()
2020-07-21 13:03:07,528 [ForkJoinPool.commonPool-worker-0] INFO  metrics.RatisMetrics (RatisMetrics.java:unregister(43)) - Unregistering Metrics Registry : ratis.log_worker.a34b7963-95e6-4818-b5ff-93e9d77f8426@group-630E287534D4
2020-07-21 13:03:07,528 [ForkJoinPool.commonPool-worker-0] INFO  metrics.RatisMetrics (RatisMetrics.java:unregister(43)) - Unregistering Metrics Registry : ratis.leader_election.a34b7963-95e6-4818-b5ff-93e9d77f8426@group-630E287534D4
2020-07-21 13:03:07,528 [ForkJoinPool.commonPool-worker-0] INFO  metrics.RatisMetrics (RatisMetrics.java:unregister(43)) - Unregistering Metrics Registry : ratis.server.a34b7963-95e6-4818-b5ff-93e9d77f8426@group-630E287534D4
2020-07-21 13:03:07,529 [ForkJoinPool.commonPool-worker-0] INFO  impl.RaftServerImpl (RaftServerImpl.java:lambda$shutdown$3(263)) - a34b7963-95e6-4818-b5ff-93e9d77f8426@group-36D9E753D036: shutdown
2020-07-21 13:03:07,529 [ForkJoinPool.commonPool-worker-0] INFO  util.JmxRegister (JmxRegister.java:unregister(73)) - Successfully un-registered JMX Bean with object name Ratis:service=RaftServer,group=group-36D9E753D036,id=a34b7963-95e6-4818-b5ff-93e9d77f8426
2020-07-21 13:03:07,529 [ForkJoinPool.commonPool-worker-0] INFO  impl.RoleInfo (RoleInfo.java:shutdownLeaderState(104)) - a34b7963-95e6-4818-b5ff-93e9d77f8426: shutdown LeaderState
2020-07-21 13:03:07,529 [ForkJoinPool.commonPool-worker-0] INFO  metrics.RatisMetrics (RatisMetrics.java:unregister(43)) - Unregistering Metrics Registry : ratis_grpc.log_appender.a34b7963-95e6-4818-b5ff-93e9d77f8426@group-36D9E753D036
2020-07-21 13:03:07,529 [ForkJoinPool.commonPool-worker-0] INFO  metrics.RatisMetrics (RatisMetrics.java:unregister(43)) - Unregistering Metrics Registry : ratis_grpc.log_appender.a34b7963-95e6-4818-b5ff-93e9d77f8426@group-36D9E753D036
2020-07-21 13:03:07,529 [org.apache.ratis.server.impl.LogAppender$AppenderDaemon$$Lambda$483/2100527464@487ffc0f] WARN  server.GrpcLogAppender (GrpcLogAppender.java:mayWait(153)) - a34b7963-95e6-4818-b5ff-93e9d77f8426@group-36D9E753D036->d5ca780d-91ab-4a71-97a7-7cd5dfc24b80-GrpcLogAppender: Wait interrupted by java.lang.InterruptedException
2020-07-21 13:03:07,530 [ForkJoinPool.commonPool-worker-0] INFO  impl.PendingRequests (PendingRequests.java:sendNotLeaderResponses(249)) - a34b7963-95e6-4818-b5ff-93e9d77f8426@group-36D9E753D036-PendingRequests: sendNotLeaderResponses
2020-07-21 13:03:07,530 [org.apache.ratis.server.impl.LogAppender$AppenderDaemon$$Lambda$483/2100527464@40ec1413] WARN  server.GrpcLogAppender (GrpcLogAppender.java:mayWait(153)) - a34b7963-95e6-4818-b5ff-93e9d77f8426@group-36D9E753D036->2eac0f59-dcd3-4eb3-89d2-7c59b77080ad-GrpcLogAppender: Wait interrupted by java.lang.InterruptedException
2020-07-21 13:03:07,530 [ForkJoinPool.commonPool-worker-0] INFO  metrics.RatisMetrics (RatisMetrics.java:unregister(43)) - Unregistering Metrics Registry : ratis.log_appender.a34b7963-95e6-4818-b5ff-93e9d77f8426@group-36D9E753D036
2020-07-21 13:03:07,531 [ForkJoinPool.commonPool-worker-0] INFO  metrics.RatisMetrics (RatisMetrics.java:unregister(43)) - Unregistering Metrics Registry : ratis.server.a34b7963-95e6-4818-b5ff-93e9d77f8426@group-36D9E753D036
2020-07-21 13:03:07,531 [ForkJoinPool.commonPool-worker-0] INFO  impl.StateMachineUpdater (StateMachineUpdater.java:stopAndJoin(142)) - a34b7963-95e6-4818-b5ff-93e9d77f8426@group-36D9E753D036-StateMachineUpdater: set stopIndex = 0
2020-07-21 13:03:07,531 [a34b7963-95e6-4818-b5ff-93e9d77f8426@group-36D9E753D036-StateMachineUpdater] INFO  ratis.ContainerStateMachine (ContainerStateMachine.java:takeSnapshot(293)) - group-36D9E753D036: Taking a snapshot at:(t:1, i:0) file /github/workspace/mnt/ozone/hadoop-ozone/integration-test/target/test-dir/MiniOzoneClusterImpl-be9508b3-40a4-4101-8d37-3f3c8981745f/datanode-5/data/ratis/ce92a1de-a3af-46f7-98ce-36d9e753d036/sm/snapshot.1_0
2020-07-21 13:03:07,532 [a34b7963-95e6-4818-b5ff-93e9d77f8426@group-36D9E753D036-StateMachineUpdater] INFO  ratis.ContainerStateMachine (ContainerStateMachine.java:takeSnapshot(304)) - group-36D9E753D036: Finished taking a snapshot at:(t:1, i:0) file:/github/workspace/mnt/ozone/hadoop-ozone/integration-test/target/test-dir/MiniOzoneClusterImpl-be9508b3-40a4-4101-8d37-3f3c8981745f/datanode-5/data/ratis/ce92a1de-a3af-46f7-98ce-36d9e753d036/sm/snapshot.1_0 time:1
2020-07-21 13:03:07,532 [a34b7963-95e6-4818-b5ff-93e9d77f8426@group-36D9E753D036-StateMachineUpdater] INFO  impl.StateMachineUpdater (StateMachineUpdater.java:takeSnapshot(277)) - a34b7963-95e6-4818-b5ff-93e9d77f8426@group-36D9E753D036-StateMachineUpdater: Took a snapshot at index 0
2020-07-21 13:03:07,532 [a34b7963-95e6-4818-b5ff-93e9d77f8426@group-36D9E753D036-StateMachineUpdater] INFO  impl.StateMachineUpdater (StateMachineUpdater.java:lambda$new$0(87)) - a34b7963-95e6-4818-b5ff-93e9d77f8426@group-36D9E753D036-StateMachineUpdater: snapshotIndex: updateIncreasingly -1 -> 0
2020-07-21 13:03:07,532 [a34b7963-95e6-4818-b5ff-93e9d77f8426@group-36D9E753D036-StateMachineUpdater] INFO  metrics.RatisMetrics (RatisMetrics.java:unregister(43)) - Unregistering Metrics Registry : ratis.state_machine.a34b7963-95e6-4818-b5ff-93e9d77f8426@group-36D9E753D036
2020-07-21 13:03:07,532 [ForkJoinPool.commonPool-worker-0] INFO  impl.RaftServerImpl (ServerState.java:close(387)) - a34b7963-95e6-4818-b5ff-93e9d77f8426@group-36D9E753D036: closes. applyIndex: 0
2020-07-21 13:03:07,533 [a34b7963-95e6-4818-b5ff-93e9d77f8426@group-36D9E753D036-SegmentedRaftLogWorker] INFO  segmented.SegmentedRaftLogWorker (SegmentedRaftLogWorker.java:run(327)) - a34b7963-95e6-4818-b5ff-93e9d77f8426@group-36D9E753D036-SegmentedRaftLogWorker was interrupted, exiting. There are 0 tasks remaining in the queue.
2020-07-21 13:03:07,533 [ForkJoinPool.commonPool-worker-0] INFO  segmented.SegmentedRaftLogWorker (SegmentedRaftLogWorker.java:close(234)) - a34b7963-95e6-4818-b5ff-93e9d77f8426@group-36D9E753D036-SegmentedRaftLogWorker close()
2020-07-21 13:03:07,533 [ForkJoinPool.commonPool-worker-0] INFO  metrics.RatisMetrics (RatisMetrics.java:unregister(43)) - Unregistering Metrics Registry : ratis.log_worker.a34b7963-95e6-4818-b5ff-93e9d77f8426@group-36D9E753D036
2020-07-21 13:03:07,533 [ForkJoinPool.commonPool-worker-0] INFO  metrics.RatisMetrics (RatisMetrics.java:unregister(43)) - Unregistering Metrics Registry : ratis.leader_election.a34b7963-95e6-4818-b5ff-93e9d77f8426@group-36D9E753D036
2020-07-21 13:03:07,533 [ForkJoinPool.commonPool-worker-0] INFO  metrics.RatisMetrics (RatisMetrics.java:unregister(43)) - Unregistering Metrics Registry : ratis.server.a34b7963-95e6-4818-b5ff-93e9d77f8426@group-36D9E753D036
2020-07-21 13:03:07,533 [ForkJoinPool.commonPool-worker-0] INFO  server.GrpcService (GrpcService.java:closeImpl(166)) - a34b7963-95e6-4818-b5ff-93e9d77f8426: shutdown server with port 40065 now
2020-07-21 13:03:07,535 [ForkJoinPool.commonPool-worker-0] INFO  server.GrpcService (GrpcService.java:closeImpl(174)) - a34b7963-95e6-4818-b5ff-93e9d77f8426: shutdown server with port 40065 successfully
2020-07-21 13:03:07,536 [ForkJoinPool.commonPool-worker-0] INFO  utils.BackgroundService (BackgroundService.java:shutdown(157)) - Shutting down service BlockDeletingService
2020-07-21 13:03:07,537 [ForkJoinPool.commonPool-worker-0] INFO  statemachine.DatanodeStateMachine (DatanodeStateMachine.java:stopDaemon(428)) - Ozone container server stopped.
2020-07-21 13:03:07,544 [ForkJoinPool.commonPool-worker-0] INFO  handler.ContextHandler (ContextHandler.java:doStop(1016)) - Stopped o.e.j.w.WebAppContext@5f182d8d{hddsDatanode,/,null,UNAVAILABLE}{jar:file:/home/user/.m2/repository/org/apache/hadoop/hadoop-hdds-container-service/0.6.0-SNAPSHOT/hadoop-hdds-container-service-0.6.0-SNAPSHOT.jar!/webapps/hddsDatanode}
2020-07-21 13:03:07,545 [ForkJoinPool.commonPool-worker-0] INFO  server.AbstractConnector (AbstractConnector.java:doStop(380)) - Stopped ServerConnector@2a81a2ea{HTTP/1.1,[http/1.1]}{0.0.0.0:0}
2020-07-21 13:03:07,545 [ForkJoinPool.commonPool-worker-0] INFO  server.session (HouseKeeper.java:stopScavenging(158)) - node0 Stopped scavenging
2020-07-21 13:03:07,545 [ForkJoinPool.commonPool-worker-0] INFO  handler.ContextHandler (ContextHandler.java:doStop(1016)) - Stopped o.e.j.s.ServletContextHandler@6c1b4134{static,/static,jar:file:/home/user/.m2/repository/org/apache/hadoop/hadoop-hdds-container-service/0.6.0-SNAPSHOT/hadoop-hdds-container-service-0.6.0-SNAPSHOT.jar!/webapps/static,UNAVAILABLE}
2020-07-21 13:03:07,546 [ForkJoinPool.commonPool-worker-0] INFO  handler.ContextHandler (ContextHandler.java:doStop(1016)) - Stopped o.e.j.s.ServletContextHandler@464a629d{logs,/logs,file:///github/workspace/mnt/ozone/hadoop-ozone/integration-test/target/log,UNAVAILABLE}
2020-07-21 13:03:07,547 [Listener at 127.0.0.1/40369] INFO  ozone.MiniOzoneClusterImpl (MiniOzoneClusterImpl.java:stopSCM(476)) - Stopping the StorageContainerManager
2020-07-21 13:03:07,547 [Listener at 127.0.0.1/40369] INFO  server.StorageContainerManager (StorageContainerManager.java:stop(827)) - Stopping Replication Manager Service.
2020-07-21 13:03:07,547 [Listener at 127.0.0.1/40369] INFO  container.ReplicationManager (ReplicationManager.java:stop(218)) - Stopping Replication Monitor Thread.
2020-07-21 13:03:07,548 [Listener at 127.0.0.1/40369] INFO  server.StorageContainerManager (StorageContainerManager.java:stop(834)) - Stopping Lease Manager of the command watchers
2020-07-21 13:03:07,548 [Listener at 127.0.0.1/40369] INFO  server.StorageContainerManager (StorageContainerManager.java:stop(841)) - Stopping datanode service RPC server
2020-07-21 13:03:07,548 [Listener at 127.0.0.1/40369] INFO  server.SCMDatanodeProtocolServer (SCMDatanodeProtocolServer.java:stop(361)) - Stopping the RPC server for DataNodes
2020-07-21 13:03:07,548 [Listener at 127.0.0.1/40369] INFO  ipc.Server (Server.java:stop(3359)) - Stopping server on 35463
2020-07-21 13:03:07,549 [CommandWatcher-LeaseManager#LeaseMonitor] ERROR lease.LeaseManager (LeaseManager.java:run(238)) - Execution was interrupted 
java.lang.InterruptedException: sleep interrupted
	at java.lang.Thread.sleep(Native Method)
	at org.apache.hadoop.ozone.lease.LeaseManager$LeaseMonitor.run(LeaseManager.java:234)
	at java.lang.Thread.run(Thread.java:748)
2020-07-21 13:03:07,551 [IPC Server Responder] INFO  ipc.Server (Server.java:run(1465)) - Stopping IPC Server Responder
2020-07-21 13:03:07,551 [IPC Server listener on 0] INFO  ipc.Server (Server.java:run(1330)) - Stopping IPC Server listener on 0
2020-07-21 13:03:07,644 [SCM Heartbeat Processing Thread - 0] WARN  node.NodeStateManager (NodeStateManager.java:scheduleNextHealthCheck(661)) - Current Thread is interrupted, shutting down HB processing thread for Node Manager.
2020-07-21 13:03:07,644 [Listener at 127.0.0.1/40369] INFO  server.StorageContainerManager (StorageContainerManager.java:stop(849)) - Stopping block service RPC server
2020-07-21 13:03:07,645 [Listener at 127.0.0.1/40369] INFO  server.SCMBlockProtocolServer (SCMBlockProtocolServer.java:stop(158)) - Stopping the RPC server for Block Protocol
2020-07-21 13:03:07,645 [Listener at 127.0.0.1/40369] INFO  ipc.Server (Server.java:stop(3359)) - Stopping server on 32875
2020-07-21 13:03:07,647 [IPC Server listener on 0] INFO  ipc.Server (Server.java:run(1330)) - Stopping IPC Server listener on 0
2020-07-21 13:03:07,647 [Listener at 127.0.0.1/40369] INFO  server.StorageContainerManager (StorageContainerManager.java:stop(856)) - Stopping the StorageContainerLocationProtocol RPC server
2020-07-21 13:03:07,647 [IPC Server Responder] INFO  ipc.Server (Server.java:run(1465)) - Stopping IPC Server Responder
2020-07-21 13:03:07,648 [Listener at 127.0.0.1/40369] INFO  server.SCMClientProtocolServer (SCMClientProtocolServer.java:stop(165)) - Stopping the RPC server for Client Protocol
2020-07-21 13:03:07,648 [Listener at 127.0.0.1/40369] INFO  ipc.Server (Server.java:stop(3359)) - Stopping server on 39581
2020-07-21 13:03:07,651 [IPC Server listener on 0] INFO  ipc.Server (Server.java:run(1330)) - Stopping IPC Server listener on 0
2020-07-21 13:03:07,653 [IPC Server Responder] INFO  ipc.Server (Server.java:run(1465)) - Stopping IPC Server Responder
2020-07-21 13:03:07,653 [Listener at 127.0.0.1/40369] INFO  server.StorageContainerManager (StorageContainerManager.java:stop(863)) - Stopping Storage Container Manager HTTP server.
2020-07-21 13:03:07,654 [Listener at 127.0.0.1/40369] INFO  handler.ContextHandler (ContextHandler.java:doStop(1016)) - Stopped o.e.j.w.WebAppContext@29afc41c{scm,/,null,UNAVAILABLE}{file:/github/workspace/mnt/ozone/hadoop-ozone/integration-test/target/test-classes/webapps/scm}
2020-07-21 13:03:07,654 [Listener at 127.0.0.1/40369] INFO  server.AbstractConnector (AbstractConnector.java:doStop(380)) - Stopped ServerConnector@cc2f00b{HTTP/1.1,[http/1.1]}{0.0.0.0:0}
2020-07-21 13:03:07,654 [Listener at 127.0.0.1/40369] INFO  server.session (HouseKeeper.java:stopScavenging(158)) - node0 Stopped scavenging
2020-07-21 13:03:07,654 [Listener at 127.0.0.1/40369] INFO  handler.ContextHandler (ContextHandler.java:doStop(1016)) - Stopped o.e.j.s.ServletContextHandler@29a99ff3{static,/static,file:///github/workspace/mnt/ozone/hadoop-ozone/integration-test/target/test-classes/webapps/static,UNAVAILABLE}
2020-07-21 13:03:07,655 [Listener at 127.0.0.1/40369] INFO  handler.ContextHandler (ContextHandler.java:doStop(1016)) - Stopped o.e.j.s.ServletContextHandler@37b9bb83{logs,/logs,file:///github/workspace/mnt/ozone/hadoop-ozone/integration-test/target/log,UNAVAILABLE}
2020-07-21 13:03:07,657 [Listener at 127.0.0.1/40369] INFO  server.StorageContainerManager (StorageContainerManager.java:stop(874)) - Stopping Block Manager Service.
2020-07-21 13:03:07,658 [Listener at 127.0.0.1/40369] INFO  utils.BackgroundService (BackgroundService.java:shutdown(157)) - Shutting down service SCMBlockDeletingService
2020-07-21 13:03:07,658 [Listener at 127.0.0.1/40369] INFO  utils.BackgroundService (BackgroundService.java:shutdown(157)) - Shutting down service SCMBlockDeletingService
2020-07-21 13:03:07,658 [Listener at 127.0.0.1/40369] INFO  server.StorageContainerManager (StorageContainerManager.java:stop(899)) - Stopping SCM Event Queue.
2020-07-21 13:03:07,660 [Listener at 127.0.0.1/40369] INFO  impl.MetricsSystemImpl (MetricsSystemImpl.java:stop(210)) - Stopping HddsDatanode metrics system...
2020-07-21 13:03:07,670 [Listener at 127.0.0.1/40369] INFO  impl.MetricsSystemImpl (MetricsSystemImpl.java:stop(216)) - HddsDatanode metrics system stopped.
]]></system-out>
  </testcase>
</testsuite>