<?xml version="1.0" encoding="UTF-8"?>
<testsuite xmlns:xsi="http://www.w3.org/2001/XMLSchema-instance" xsi:noNamespaceSchemaLocation="https://maven.apache.org/surefire/maven-surefire-plugin/xsd/surefire-test-report.xsd" name="org.apache.hadoop.ozone.client.rpc.TestCommitWatcher" time="84.377" tests="2" errors="0" skipped="0" failures="1">
  <properties>
    <property name="awt.toolkit" value="sun.awt.X11.XToolkit"/>
    <property name="file.encoding.pkg" value="sun.io"/>
    <property name="java.specification.version" value="1.8"/>
    <property name="sun.cpu.isalist" value=""/>
    <property name="sun.jnu.encoding" value="ANSI_X3.4-1968"/>
    <property name="java.class.path" value="/github/workspace/mnt/ozone/hadoop-ozone/integration-test/target/test-classes:/github/workspace/mnt/ozone/hadoop-ozone/integration-test/target/classes:/home/user/.m2/repository/org/apache/hadoop/hadoop-ozone-common/0.6.0-SNAPSHOT/hadoop-ozone-common-0.6.0-SNAPSHOT.jar:/home/user/.m2/repository/org/apache/commons/commons-compress/1.4.1/commons-compress-1.4.1.jar:/home/user/.m2/repository/org/tukaani/xz/1.0/xz-1.0.jar:/home/user/.m2/repository/org/apache/hadoop/hadoop-hdds-common/0.6.0-SNAPSHOT/hadoop-hdds-common-0.6.0-SNAPSHOT.jar:/home/user/.m2/repository/org/apache/hadoop/hadoop-hdds-hadoop-dependency-client/0.6.0-SNAPSHOT/hadoop-hdds-hadoop-dependency-client-0.6.0-SNAPSHOT.jar:/home/user/.m2/repository/info/picocli/picocli/3.9.6/picocli-3.9.6.jar:/home/user/.m2/repository/com/fasterxml/jackson/core/jackson-annotations/2.10.3/jackson-annotations-2.10.3.jar:/home/user/.m2/repository/javax/annotation/javax.annotation-api/1.2/javax.annotation-api-1.2.jar:/home/user/.m2/repository/org/apache/ratis/ratis-server/0.6.0-6ab75ae-SNAPSHOT/ratis-server-0.6.0-6ab75ae-SNAPSHOT.jar:/home/user/.m2/repository/org/apache/ratis/ratis-client/0.6.0-6ab75ae-SNAPSHOT/ratis-client-0.6.0-6ab75ae-SNAPSHOT.jar:/home/user/.m2/repository/org/apache/ratis/ratis-metrics/0.6.0-6ab75ae-SNAPSHOT/ratis-metrics-0.6.0-6ab75ae-SNAPSHOT.jar:/home/user/.m2/repository/org/apache/ratis/ratis-netty/0.6.0-6ab75ae-SNAPSHOT/ratis-netty-0.6.0-6ab75ae-SNAPSHOT.jar:/home/user/.m2/repository/org/apache/ratis/ratis-grpc/0.6.0-6ab75ae-SNAPSHOT/ratis-grpc-0.6.0-6ab75ae-SNAPSHOT.jar:/home/user/.m2/repository/org/apache/logging/log4j/log4j-api/2.11.0/log4j-api-2.11.0.jar:/home/user/.m2/repository/org/apache/logging/log4j/log4j-core/2.11.0/log4j-core-2.11.0.jar:/home/user/.m2/repository/com/lmax/disruptor/3.4.2/disruptor-3.4.2.jar:/home/user/.m2/repository/org/apache/commons/commons-pool2/2.6.0/commons-pool2-2.6.0.jar:/home/user/.m2/repository/org/bouncycastle/bcpkix-jdk15on/1.60/bcpkix-jdk15on-1.60.jar:/home/user/.m2/repository/commons-validator/commons-validator/1.6/commons-validator-1.6.jar:/home/user/.m2/repository/commons-digester/commons-digester/1.8.1/commons-digester-1.8.1.jar:/home/user/.m2/repository/io/jaegertracing/jaeger-client/1.2.0/jaeger-client-1.2.0.jar:/home/user/.m2/repository/io/jaegertracing/jaeger-thrift/1.2.0/jaeger-thrift-1.2.0.jar:/home/user/.m2/repository/org/apache/thrift/libthrift/0.13.0/libthrift-0.13.0.jar:/home/user/.m2/repository/com/squareup/okhttp3/okhttp/4.2.2/okhttp-4.2.2.jar:/home/user/.m2/repository/com/squareup/okio/okio/2.2.2/okio-2.2.2.jar:/home/user/.m2/repository/org/jetbrains/kotlin/kotlin-stdlib/1.3.50/kotlin-stdlib-1.3.50.jar:/home/user/.m2/repository/org/jetbrains/kotlin/kotlin-stdlib-common/1.3.50/kotlin-stdlib-common-1.3.50.jar:/home/user/.m2/repository/org/jetbrains/annotations/13.0/annotations-13.0.jar:/home/user/.m2/repository/io/jaegertracing/jaeger-core/1.2.0/jaeger-core-1.2.0.jar:/home/user/.m2/repository/io/jaegertracing/jaeger-tracerresolver/1.2.0/jaeger-tracerresolver-1.2.0.jar:/home/user/.m2/repository/io/opentracing/contrib/opentracing-tracerresolver/0.1.8/opentracing-tracerresolver-0.1.8.jar:/home/user/.m2/repository/io/opentracing/opentracing-util/0.33.0/opentracing-util-0.33.0.jar:/home/user/.m2/repository/io/opentracing/opentracing-api/0.33.0/opentracing-api-0.33.0.jar:/home/user/.m2/repository/io/opentracing/opentracing-noop/0.33.0/opentracing-noop-0.33.0.jar:/home/user/.m2/repository/org/apache/hadoop/hadoop-hdds-client/0.6.0-SNAPSHOT/hadoop-hdds-client-0.6.0-SNAPSHOT.jar:/home/user/.m2/repository/org/apache/hadoop/hadoop-ozone-interface-client/0.6.0-SNAPSHOT/hadoop-ozone-interface-client-0.6.0-SNAPSHOT.jar:/home/user/.m2/repository/org/apache/hadoop/hadoop-hdds-test-utils/0.6.0-SNAPSHOT/hadoop-hdds-test-utils-0.6.0-SNAPSHOT.jar:/home/user/.m2/repository/com/google/guava/guava/28.2-jre/guava-28.2-jre.jar:/home/user/.m2/repository/com/google/guava/failureaccess/1.0.1/failureaccess-1.0.1.jar:/home/user/.m2/repository/com/google/guava/listenablefuture/9999.0-empty-to-avoid-conflict-with-guava/listenablefuture-9999.0-empty-to-avoid-conflict-with-guava.jar:/home/user/.m2/repository/com/google/code/findbugs/jsr305/3.0.0/jsr305-3.0.0.jar:/home/user/.m2/repository/org/checkerframework/checker-qual/2.10.0/checker-qual-2.10.0.jar:/home/user/.m2/repository/com/google/errorprone/error_prone_annotations/2.2.0/error_prone_annotations-2.2.0.jar:/home/user/.m2/repository/com/google/j2objc/j2objc-annotations/1.3/j2objc-annotations-1.3.jar:/home/user/.m2/repository/commons-io/commons-io/2.5/commons-io-2.5.jar:/home/user/.m2/repository/commons-logging/commons-logging/1.2/commons-logging-1.2.jar:/home/user/.m2/repository/log4j/log4j/1.2.17/log4j-1.2.17.jar:/home/user/.m2/repository/org/slf4j/slf4j-api/1.7.25/slf4j-api-1.7.25.jar:/home/user/.m2/repository/org/apache/hadoop/hadoop-hdds-server-scm/0.6.0-SNAPSHOT/hadoop-hdds-server-scm-0.6.0-SNAPSHOT.jar:/home/user/.m2/repository/org/apache/hadoop/hadoop-hdds-container-service/0.6.0-SNAPSHOT/hadoop-hdds-container-service-0.6.0-SNAPSHOT.jar:/home/user/.m2/repository/org/apache/hadoop/hadoop-hdds-hadoop-dependency-server/0.6.0-SNAPSHOT/hadoop-hdds-hadoop-dependency-server-0.6.0-SNAPSHOT.jar:/home/user/.m2/repository/org/apache/hadoop/hadoop-hdds-server-framework/0.6.0-SNAPSHOT/hadoop-hdds-server-framework-0.6.0-SNAPSHOT.jar:/home/user/.m2/repository/org/apache/hadoop/hadoop-hdds-interface-server/0.6.0-SNAPSHOT/hadoop-hdds-interface-server-0.6.0-SNAPSHOT.jar:/home/user/.m2/repository/org/apache/hadoop/hadoop-hdds-interface-admin/0.6.0-SNAPSHOT/hadoop-hdds-interface-admin-0.6.0-SNAPSHOT.jar:/home/user/.m2/repository/org/rocksdb/rocksdbjni/6.8.1/rocksdbjni-6.8.1.jar:/home/user/.m2/repository/io/prometheus/simpleclient_dropwizard/0.7.0/simpleclient_dropwizard-0.7.0.jar:/home/user/.m2/repository/io/prometheus/simpleclient/0.7.0/simpleclient-0.7.0.jar:/home/user/.m2/repository/io/prometheus/simpleclient_common/0.7.0/simpleclient_common-0.7.0.jar:/home/user/.m2/repository/com/fasterxml/jackson/datatype/jackson-datatype-jsr310/2.10.3/jackson-datatype-jsr310-2.10.3.jar:/home/user/.m2/repository/org/apache/hadoop/hadoop-hdds-docs/0.6.0-SNAPSHOT/hadoop-hdds-docs-0.6.0-SNAPSHOT.jar:/home/user/.m2/repository/io/dropwizard/metrics/metrics-core/3.2.4/metrics-core-3.2.4.jar:/home/user/.m2/repository/org/apache/hadoop/hadoop-hdfs-client/3.2.1/hadoop-hdfs-client-3.2.1.jar:/home/user/.m2/repository/org/bouncycastle/bcprov-jdk15on/1.60/bcprov-jdk15on-1.60.jar:/home/user/.m2/repository/org/apache/hadoop/hadoop-ozone-ozone-manager/0.6.0-SNAPSHOT/hadoop-ozone-ozone-manager-0.6.0-SNAPSHOT.jar:/home/user/.m2/repository/org/apache/hadoop/hadoop-hdds-interface-client/0.6.0-SNAPSHOT/hadoop-hdds-interface-client-0.6.0-SNAPSHOT.jar:/home/user/.m2/repository/org/apache/ratis/ratis-thirdparty-misc/0.4.0/ratis-thirdparty-misc-0.4.0.jar:/home/user/.m2/repository/org/apache/hadoop/hadoop-minikdc/3.2.1/hadoop-minikdc-3.2.1.jar:/home/user/.m2/repository/org/apache/kerby/kerb-simplekdc/1.0.1/kerb-simplekdc-1.0.1.jar:/home/user/.m2/repository/org/apache/kerby/kerb-client/1.0.1/kerb-client-1.0.1.jar:/home/user/.m2/repository/org/apache/kerby/kerby-config/1.0.1/kerby-config-1.0.1.jar:/home/user/.m2/repository/org/apache/kerby/kerb-core/1.0.1/kerb-core-1.0.1.jar:/home/user/.m2/repository/org/apache/kerby/kerby-pkix/1.0.1/kerby-pkix-1.0.1.jar:/home/user/.m2/repository/org/apache/kerby/kerby-asn1/1.0.1/kerby-asn1-1.0.1.jar:/home/user/.m2/repository/org/apache/kerby/kerby-util/1.0.1/kerby-util-1.0.1.jar:/home/user/.m2/repository/org/apache/kerby/kerb-common/1.0.1/kerb-common-1.0.1.jar:/home/user/.m2/repository/org/apache/kerby/kerb-crypto/1.0.1/kerb-crypto-1.0.1.jar:/home/user/.m2/repository/org/apache/kerby/kerb-util/1.0.1/kerb-util-1.0.1.jar:/home/user/.m2/repository/org/apache/kerby/token-provider/1.0.1/token-provider-1.0.1.jar:/home/user/.m2/repository/org/apache/kerby/kerb-admin/1.0.1/kerb-admin-1.0.1.jar:/home/user/.m2/repository/org/apache/kerby/kerb-server/1.0.1/kerb-server-1.0.1.jar:/home/user/.m2/repository/org/apache/kerby/kerb-identity/1.0.1/kerb-identity-1.0.1.jar:/home/user/.m2/repository/org/apache/kerby/kerby-xdr/1.0.1/kerby-xdr-1.0.1.jar:/home/user/.m2/repository/org/slf4j/slf4j-log4j12/1.7.25/slf4j-log4j12-1.7.25.jar:/home/user/.m2/repository/org/apache/hadoop/hadoop-ozone-s3gateway/0.6.0-SNAPSHOT/hadoop-ozone-s3gateway-0.6.0-SNAPSHOT.jar:/home/user/.m2/repository/org/jboss/weld/servlet/weld-servlet/2.4.7.Final/weld-servlet-2.4.7.Final.jar:/home/user/.m2/repository/org/glassfish/jersey/containers/jersey-container-servlet-core/2.27/jersey-container-servlet-core-2.27.jar:/home/user/.m2/repository/org/glassfish/hk2/external/javax.inject/2.5.0-b42/javax.inject-2.5.0-b42.jar:/home/user/.m2/repository/org/glassfish/jersey/core/jersey-common/2.27/jersey-common-2.27.jar:/home/user/.m2/repository/org/glassfish/hk2/osgi-resource-locator/1.0.1/osgi-resource-locator-1.0.1.jar:/home/user/.m2/repository/javax/ws/rs/javax.ws.rs-api/2.1/javax.ws.rs-api-2.1.jar:/home/user/.m2/repository/org/glassfish/jersey/ext/cdi/jersey-cdi1x/2.27/jersey-cdi1x-2.27.jar:/home/user/.m2/repository/org/glassfish/jersey/inject/jersey-hk2/2.27/jersey-hk2-2.27.jar:/home/user/.m2/repository/org/glassfish/hk2/hk2-locator/2.5.0-b42/hk2-locator-2.5.0-b42.jar:/home/user/.m2/repository/org/javassist/javassist/3.22.0-CR2/javassist-3.22.0-CR2.jar:/home/user/.m2/repository/org/glassfish/hk2/hk2-api/2.5.0/hk2-api-2.5.0.jar:/home/user/.m2/repository/org/glassfish/hk2/external/jakarta.inject/2.5.0/jakarta.inject-2.5.0.jar:/home/user/.m2/repository/org/glassfish/hk2/hk2-utils/2.5.0/hk2-utils-2.5.0.jar:/home/user/.m2/repository/jakarta/annotation/jakarta.annotation-api/1.3.4/jakarta.annotation-api-1.3.4.jar:/home/user/.m2/repository/org/glassfish/hk2/external/aopalliance-repackaged/2.5.0/aopalliance-repackaged-2.5.0.jar:/home/user/.m2/repository/com/fasterxml/jackson/dataformat/jackson-dataformat-xml/2.10.3/jackson-dataformat-xml-2.10.3.jar:/home/user/.m2/repository/com/fasterxml/jackson/core/jackson-core/2.10.3/jackson-core-2.10.3.jar:/home/user/.m2/repository/com/fasterxml/jackson/module/jackson-module-jaxb-annotations/2.10.3/jackson-module-jaxb-annotations-2.10.3.jar:/home/user/.m2/repository/jakarta/xml/bind/jakarta.xml.bind-api/2.3.2/jakarta.xml.bind-api-2.3.2.jar:/home/user/.m2/repository/jakarta/activation/jakarta.activation-api/1.2.1/jakarta.activation-api-1.2.1.jar:/home/user/.m2/repository/org/codehaus/woodstox/stax2-api/3.1.4/stax2-api-3.1.4.jar:/home/user/.m2/repository/com/fasterxml/woodstox/woodstox-core/5.0.3/woodstox-core-5.0.3.jar:/home/user/.m2/repository/javax/enterprise/cdi-api/1.2/cdi-api-1.2.jar:/home/user/.m2/repository/javax/el/javax.el-api/3.0.0/javax.el-api-3.0.0.jar:/home/user/.m2/repository/javax/interceptor/javax.interceptor-api/1.2/javax.interceptor-api-1.2.jar:/home/user/.m2/repository/javax/inject/javax.inject/1/javax.inject-1.jar:/home/user/.m2/repository/com/sun/xml/bind/jaxb-impl/2.3.0.1/jaxb-impl-2.3.0.1.jar:/home/user/.m2/repository/com/sun/xml/bind/jaxb-core/2.3.0.1/jaxb-core-2.3.0.1.jar:/home/user/.m2/repository/javax/xml/bind/jaxb-api/2.3.0/jaxb-api-2.3.0.jar:/home/user/.m2/repository/javax/activation/activation/1.1.1/activation-1.1.1.jar:/home/user/.m2/repository/org/apache/hadoop/hadoop-ozone-csi/0.6.0-SNAPSHOT/hadoop-ozone-csi-0.6.0-SNAPSHOT.jar:/home/user/.m2/repository/com/google/protobuf/protobuf-java-util/3.11.0/protobuf-java-util-3.11.0.jar:/home/user/.m2/repository/com/google/code/gson/gson/2.2.4/gson-2.2.4.jar:/home/user/.m2/repository/org/apache/hadoop/hadoop-hdds-config/0.6.0-SNAPSHOT/hadoop-hdds-config-0.6.0-SNAPSHOT.jar:/home/user/.m2/repository/com/google/protobuf/protobuf-java/2.5.0/protobuf-java-2.5.0.jar:/home/user/.m2/repository/io/grpc/grpc-netty/1.29.0/grpc-netty-1.29.0.jar:/home/user/.m2/repository/io/grpc/grpc-core/1.29.0/grpc-core-1.29.0.jar:/home/user/.m2/repository/com/google/android/annotations/4.1.1.4/annotations-4.1.1.4.jar:/home/user/.m2/repository/io/perfmark/perfmark-api/0.19.0/perfmark-api-0.19.0.jar:/home/user/.m2/repository/io/netty/netty-codec-http2/4.1.48.Final/netty-codec-http2-4.1.48.Final.jar:/home/user/.m2/repository/io/netty/netty-codec/4.1.48.Final/netty-codec-4.1.48.Final.jar:/home/user/.m2/repository/io/netty/netty-handler/4.1.48.Final/netty-handler-4.1.48.Final.jar:/home/user/.m2/repository/io/netty/netty-codec-http/4.1.48.Final/netty-codec-http-4.1.48.Final.jar:/home/user/.m2/repository/io/netty/netty-handler-proxy/4.1.48.Final/netty-handler-proxy-4.1.48.Final.jar:/home/user/.m2/repository/io/netty/netty-codec-socks/4.1.48.Final/netty-codec-socks-4.1.48.Final.jar:/home/user/.m2/repository/io/netty/netty-transport-native-epoll/4.1.48.Final/netty-transport-native-epoll-4.1.48.Final.jar:/home/user/.m2/repository/io/netty/netty-common/4.1.48.Final/netty-common-4.1.48.Final.jar:/home/user/.m2/repository/io/netty/netty-buffer/4.1.48.Final/netty-buffer-4.1.48.Final.jar:/home/user/.m2/repository/io/netty/netty-transport/4.1.48.Final/netty-transport-4.1.48.Final.jar:/home/user/.m2/repository/io/netty/netty-resolver/4.1.48.Final/netty-resolver-4.1.48.Final.jar:/home/user/.m2/repository/io/netty/netty-transport-native-unix-common/4.1.48.Final/netty-transport-native-unix-common-4.1.48.Final.jar:/home/user/.m2/repository/io/grpc/grpc-protobuf/1.29.0/grpc-protobuf-1.29.0.jar:/home/user/.m2/repository/io/grpc/grpc-api/1.29.0/grpc-api-1.29.0.jar:/home/user/.m2/repository/io/grpc/grpc-context/1.29.0/grpc-context-1.29.0.jar:/home/user/.m2/repository/org/codehaus/mojo/animal-sniffer-annotations/1.18/animal-sniffer-annotations-1.18.jar:/home/user/.m2/repository/com/google/api/grpc/proto-google-common-protos/1.17.0/proto-google-common-protos-1.17.0.jar:/home/user/.m2/repository/io/grpc/grpc-protobuf-lite/1.29.0/grpc-protobuf-lite-1.29.0.jar:/home/user/.m2/repository/io/grpc/grpc-stub/1.29.0/grpc-stub-1.29.0.jar:/home/user/.m2/repository/org/apache/hadoop/hadoop-ozone-recon/0.6.0-SNAPSHOT/hadoop-ozone-recon-0.6.0-SNAPSHOT.jar:/home/user/.m2/repository/org/apache/hadoop/hadoop-ozone-reconcodegen/0.6.0-SNAPSHOT/hadoop-ozone-reconcodegen-0.6.0-SNAPSHOT.jar:/home/user/.m2/repository/com/google/inject/extensions/guice-multibindings/4.0/guice-multibindings-4.0.jar:/home/user/.m2/repository/com/google/inject/guice/4.0/guice-4.0.jar:/home/user/.m2/repository/aopalliance/aopalliance/1.0/aopalliance-1.0.jar:/home/user/.m2/repository/com/google/inject/extensions/guice-assistedinject/4.0/guice-assistedinject-4.0.jar:/home/user/.m2/repository/com/google/inject/extensions/guice-servlet/4.0/guice-servlet-4.0.jar:/home/user/.m2/repository/org/glassfish/jersey/containers/jersey-container-servlet/2.27/jersey-container-servlet-2.27.jar:/home/user/.m2/repository/org/glassfish/hk2/guice-bridge/2.5.0/guice-bridge-2.5.0.jar:/home/user/.m2/repository/org/glassfish/jersey/core/jersey-server/2.27/jersey-server-2.27.jar:/home/user/.m2/repository/org/glassfish/jersey/core/jersey-client/2.27/jersey-client-2.27.jar:/home/user/.m2/repository/org/glassfish/jersey/media/jersey-media-jaxb/2.27/jersey-media-jaxb-2.27.jar:/home/user/.m2/repository/javax/validation/validation-api/1.1.0.Final/validation-api-1.1.0.Final.jar:/home/user/.m2/repository/org/glassfish/jersey/media/jersey-media-json-jackson/2.27/jersey-media-json-jackson-2.27.jar:/home/user/.m2/repository/org/glassfish/jersey/ext/jersey-entity-filtering/2.27/jersey-entity-filtering-2.27.jar:/home/user/.m2/repository/org/jooq/jooq/3.11.10/jooq-3.11.10.jar:/home/user/.m2/repository/org/jooq/jooq-meta/3.11.10/jooq-meta-3.11.10.jar:/home/user/.m2/repository/org/jooq/jooq-codegen/3.11.10/jooq-codegen-3.11.10.jar:/home/user/.m2/repository/com/jolbox/bonecp/0.8.0.RELEASE/bonecp-0.8.0.RELEASE.jar:/home/user/.m2/repository/org/apache/derby/derby/10.14.2.0/derby-10.14.2.0.jar:/home/user/.m2/repository/org/xerial/sqlite-jdbc/3.25.2/sqlite-jdbc-3.25.2.jar:/home/user/.m2/repository/org/springframework/spring-jdbc/5.2.5.RELEASE/spring-jdbc-5.2.5.RELEASE.jar:/home/user/.m2/repository/org/springframework/spring-beans/5.2.5.RELEASE/spring-beans-5.2.5.RELEASE.jar:/home/user/.m2/repository/org/springframework/spring-core/5.2.5.RELEASE/spring-core-5.2.5.RELEASE.jar:/home/user/.m2/repository/org/springframework/spring-jcl/5.2.5.RELEASE/spring-jcl-5.2.5.RELEASE.jar:/home/user/.m2/repository/org/springframework/spring-tx/5.2.5.RELEASE/spring-tx-5.2.5.RELEASE.jar:/home/user/.m2/repository/org/apache/hadoop/hadoop-ozone-client/0.6.0-SNAPSHOT/hadoop-ozone-client-0.6.0-SNAPSHOT.jar:/home/user/.m2/repository/org/apache/hadoop/hadoop-ozone-filesystem/0.6.0-SNAPSHOT/hadoop-ozone-filesystem-0.6.0-SNAPSHOT.jar:/home/user/.m2/repository/org/apache/hadoop/hadoop-ozone-filesystem-common/0.6.0-SNAPSHOT/hadoop-ozone-filesystem-common-0.6.0-SNAPSHOT.jar:/home/user/.m2/repository/org/apache/hadoop/hadoop-ozone-tools/0.6.0-SNAPSHOT/hadoop-ozone-tools-0.6.0-SNAPSHOT.jar:/home/user/.m2/repository/org/apache/hadoop/hadoop-hdfs/3.2.1/hadoop-hdfs-3.2.1.jar:/home/user/.m2/repository/org/apache/ratis/ratis-tools/0.6.0-6ab75ae-SNAPSHOT/ratis-tools-0.6.0-6ab75ae-SNAPSHOT.jar:/home/user/.m2/repository/org/apache/ratis/ratis-proto/0.6.0-6ab75ae-SNAPSHOT/ratis-proto-0.6.0-6ab75ae-SNAPSHOT.jar:/home/user/.m2/repository/org/apache/ratis/ratis-common/0.6.0-6ab75ae-SNAPSHOT/ratis-common-0.6.0-6ab75ae-SNAPSHOT.jar:/home/user/.m2/repository/com/amazonaws/aws-java-sdk-core/1.11.615/aws-java-sdk-core-1.11.615.jar:/home/user/.m2/repository/org/apache/httpcomponents/httpclient/4.5.2/httpclient-4.5.2.jar:/home/user/.m2/repository/org/apache/httpcomponents/httpcore/4.4.4/httpcore-4.4.4.jar:/home/user/.m2/repository/software/amazon/ion/ion-java/1.0.2/ion-java-1.0.2.jar:/home/user/.m2/repository/com/fasterxml/jackson/dataformat/jackson-dataformat-cbor/2.10.3/jackson-dataformat-cbor-2.10.3.jar:/home/user/.m2/repository/joda-time/joda-time/2.8.1/joda-time-2.8.1.jar:/home/user/.m2/repository/com/amazonaws/aws-java-sdk-s3/1.11.615/aws-java-sdk-s3-1.11.615.jar:/home/user/.m2/repository/com/amazonaws/aws-java-sdk-kms/1.11.615/aws-java-sdk-kms-1.11.615.jar:/home/user/.m2/repository/com/amazonaws/jmespath-java/1.11.615/jmespath-java-1.11.615.jar:/home/user/.m2/repository/org/apache/hadoop/hadoop-hdds-tools/0.6.0-SNAPSHOT/hadoop-hdds-tools-0.6.0-SNAPSHOT.jar:/home/user/.m2/repository/commons-cli/commons-cli/1.2/commons-cli-1.2.jar:/home/user/.m2/repository/org/apache/commons/commons-lang3/3.7/commons-lang3-3.7.jar:/home/user/.m2/repository/org/apache/hadoop/hadoop-ozone-ozone-manager/0.6.0-SNAPSHOT/hadoop-ozone-ozone-manager-0.6.0-SNAPSHOT-tests.jar:/home/user/.m2/repository/junit/junit/4.11/junit-4.11.jar:/home/user/.m2/repository/org/hamcrest/hamcrest-core/1.3/hamcrest-core-1.3.jar:/home/user/.m2/repository/org/openjdk/jmh/jmh-core/1.19/jmh-core-1.19.jar:/home/user/.m2/repository/net/sf/jopt-simple/jopt-simple/4.6/jopt-simple-4.6.jar:/home/user/.m2/repository/org/apache/commons/commons-math3/3.1.1/commons-math3-3.1.1.jar:/home/user/.m2/repository/org/openjdk/jmh/jmh-generator-annprocess/1.19/jmh-generator-annprocess-1.19.jar:/home/user/.m2/repository/org/mockito/mockito-all/1.8.5/mockito-all-1.8.5.jar:/home/user/.m2/repository/org/apache/hadoop/hadoop-kms/3.2.1/hadoop-kms-3.2.1.jar:/home/user/.m2/repository/org/apache/hadoop/hadoop-auth/3.2.1/hadoop-auth-3.2.1.jar:/home/user/.m2/repository/com/nimbusds/nimbus-jose-jwt/7.9/nimbus-jose-jwt-7.9.jar:/home/user/.m2/repository/com/github/stephenc/jcip/jcip-annotations/1.0-1/jcip-annotations-1.0-1.jar:/home/user/.m2/repository/net/minidev/json-smart/2.3/json-smart-2.3.jar:/home/user/.m2/repository/net/minidev/accessors-smart/1.2/accessors-smart-1.2.jar:/home/user/.m2/repository/org/ow2/asm/asm/5.0.4/asm-5.0.4.jar:/home/user/.m2/repository/org/apache/zookeeper/zookeeper/3.4.13/zookeeper-3.4.13.jar:/home/user/.m2/repository/org/apache/yetus/audience-annotations/0.5.0/audience-annotations-0.5.0.jar:/home/user/.m2/repository/org/apache/curator/curator-framework/2.13.0/curator-framework-2.13.0.jar:/home/user/.m2/repository/com/sun/jersey/jersey-core/1.19/jersey-core-1.19.jar:/home/user/.m2/repository/javax/ws/rs/jsr311-api/1.1.1/jsr311-api-1.1.1.jar:/home/user/.m2/repository/com/sun/jersey/jersey-server/1.19/jersey-server-1.19.jar:/home/user/.m2/repository/javax/servlet/javax.servlet-api/3.1.0/javax.servlet-api-3.1.0.jar:/home/user/.m2/repository/org/eclipse/jetty/jetty-server/9.4.26.v20200117/jetty-server-9.4.26.v20200117.jar:/home/user/.m2/repository/org/eclipse/jetty/jetty-http/9.4.26.v20200117/jetty-http-9.4.26.v20200117.jar:/home/user/.m2/repository/org/eclipse/jetty/jetty-io/9.4.26.v20200117/jetty-io-9.4.26.v20200117.jar:/home/user/.m2/repository/org/eclipse/jetty/jetty-webapp/9.4.26.v20200117/jetty-webapp-9.4.26.v20200117.jar:/home/user/.m2/repository/org/eclipse/jetty/jetty-xml/9.4.26.v20200117/jetty-xml-9.4.26.v20200117.jar:/home/user/.m2/repository/org/eclipse/jetty/jetty-servlet/9.4.26.v20200117/jetty-servlet-9.4.26.v20200117.jar:/home/user/.m2/repository/org/eclipse/jetty/jetty-security/9.4.26.v20200117/jetty-security-9.4.26.v20200117.jar:/home/user/.m2/repository/org/apache/hadoop/hadoop-common/3.2.1/hadoop-common-3.2.1.jar:/home/user/.m2/repository/commons-net/commons-net/3.6/commons-net-3.6.jar:/home/user/.m2/repository/commons-collections/commons-collections/3.2.2/commons-collections-3.2.2.jar:/home/user/.m2/repository/com/sun/jersey/jersey-servlet/1.19/jersey-servlet-1.19.jar:/home/user/.m2/repository/com/sun/jersey/jersey-json/1.19/jersey-json-1.19.jar:/home/user/.m2/repository/org/codehaus/jettison/jettison/1.1/jettison-1.1.jar:/home/user/.m2/repository/org/codehaus/jackson/jackson-jaxrs/1.9.2/jackson-jaxrs-1.9.2.jar:/home/user/.m2/repository/org/codehaus/jackson/jackson-xc/1.9.2/jackson-xc-1.9.2.jar:/home/user/.m2/repository/commons-beanutils/commons-beanutils/1.9.4/commons-beanutils-1.9.4.jar:/home/user/.m2/repository/org/apache/commons/commons-configuration2/2.1.1/commons-configuration2-2.1.1.jar:/home/user/.m2/repository/org/apache/commons/commons-text/1.4/commons-text-1.4.jar:/home/user/.m2/repository/com/google/re2j/re2j/1.1/re2j-1.1.jar:/home/user/.m2/repository/com/jcraft/jsch/0.1.54/jsch-0.1.54.jar:/home/user/.m2/repository/org/apache/curator/curator-client/2.13.0/curator-client-2.13.0.jar:/home/user/.m2/repository/org/apache/curator/curator-recipes/2.13.0/curator-recipes-2.13.0.jar:/home/user/.m2/repository/dnsjava/dnsjava/2.1.7/dnsjava-2.1.7.jar:/home/user/.m2/repository/org/slf4j/jul-to-slf4j/1.7.25/jul-to-slf4j-1.7.25.jar:/home/user/.m2/repository/org/eclipse/jetty/jetty-util/9.4.26.v20200117/jetty-util-9.4.26.v20200117.jar:/home/user/.m2/repository/com/fasterxml/jackson/core/jackson-databind/2.10.3/jackson-databind-2.10.3.jar:/home/user/.m2/repository/org/apache/hadoop/hadoop-kms/3.2.1/hadoop-kms-3.2.1-tests.jar:/home/user/.m2/repository/org/apache/hadoop/hadoop-hdds-server-scm/0.6.0-SNAPSHOT/hadoop-hdds-server-scm-0.6.0-SNAPSHOT-tests.jar:/home/user/.m2/repository/org/apache/hadoop/hadoop-hdds-container-service/0.6.0-SNAPSHOT/hadoop-hdds-container-service-0.6.0-SNAPSHOT-tests.jar:/home/user/.m2/repository/org/apache/hadoop/hadoop-hdds-common/0.6.0-SNAPSHOT/hadoop-hdds-common-0.6.0-SNAPSHOT-tests.jar:/home/user/.m2/repository/org/yaml/snakeyaml/1.16/snakeyaml-1.16.jar:/home/user/.m2/repository/org/apache/hadoop/hadoop-hdds-hadoop-dependency-test/0.6.0-SNAPSHOT/hadoop-hdds-hadoop-dependency-test-0.6.0-SNAPSHOT.jar:/home/user/.m2/repository/org/apache/hadoop/hadoop-common/3.2.1/hadoop-common-3.2.1-tests.jar:/home/user/.m2/repository/javax/servlet/jsp/jsp-api/2.1/jsp-api-2.1.jar:/home/user/.m2/repository/org/apache/hadoop/hadoop-hdfs/3.2.1/hadoop-hdfs-3.2.1-tests.jar:/home/user/.m2/repository/org/eclipse/jetty/jetty-util-ajax/9.4.26.v20200117/jetty-util-ajax-9.4.26.v20200117.jar:/home/user/.m2/repository/commons-codec/commons-codec/1.11/commons-codec-1.11.jar:/home/user/.m2/repository/commons-daemon/commons-daemon/1.0.13/commons-daemon-1.0.13.jar:/home/user/.m2/repository/io/netty/netty/3.10.5.Final/netty-3.10.5.Final.jar:/home/user/.m2/repository/io/netty/netty-all/4.1.48.Final/netty-all-4.1.48.Final.jar:/home/user/.m2/repository/org/apache/htrace/htrace-core4/4.1.0-incubating/htrace-core4-4.1.0-incubating.jar:/home/user/.m2/repository/org/fusesource/leveldbjni/leveldbjni-all/1.8/leveldbjni-all-1.8.jar:/home/user/.m2/repository/org/apache/hadoop/hadoop-distcp/3.2.1/hadoop-distcp-3.2.1.jar:/home/user/.m2/repository/org/apache/hadoop/hadoop-mapreduce-client-jobclient/3.2.1/hadoop-mapreduce-client-jobclient-3.2.1.jar:/home/user/.m2/repository/org/apache/hadoop/hadoop-mapreduce-client-common/3.2.1/hadoop-mapreduce-client-common-3.2.1.jar:/home/user/.m2/repository/org/apache/hadoop/hadoop-yarn-common/3.2.1/hadoop-yarn-common-3.2.1.jar:/home/user/.m2/repository/org/apache/hadoop/hadoop-yarn-api/3.2.1/hadoop-yarn-api-3.2.1.jar:/home/user/.m2/repository/com/sun/jersey/jersey-client/1.19/jersey-client-1.19.jar:/home/user/.m2/repository/com/sun/jersey/contribs/jersey-guice/1.19/jersey-guice-1.19.jar:/home/user/.m2/repository/com/fasterxml/jackson/jaxrs/jackson-jaxrs-json-provider/2.10.3/jackson-jaxrs-json-provider-2.10.3.jar:/home/user/.m2/repository/com/fasterxml/jackson/jaxrs/jackson-jaxrs-base/2.10.3/jackson-jaxrs-base-2.10.3.jar:/home/user/.m2/repository/org/apache/hadoop/hadoop-yarn-client/3.2.1/hadoop-yarn-client-3.2.1.jar:/home/user/.m2/repository/org/apache/hadoop/hadoop-mapreduce-client-core/3.2.1/hadoop-mapreduce-client-core-3.2.1.jar:/home/user/.m2/repository/org/apache/avro/avro/1.7.7/avro-1.7.7.jar:/home/user/.m2/repository/org/codehaus/jackson/jackson-core-asl/1.9.13/jackson-core-asl-1.9.13.jar:/home/user/.m2/repository/org/codehaus/jackson/jackson-mapper-asl/1.9.13/jackson-mapper-asl-1.9.13.jar:/home/user/.m2/repository/com/thoughtworks/paranamer/paranamer/2.3/paranamer-2.3.jar:/home/user/.m2/repository/org/xerial/snappy/snappy-java/1.0.5/snappy-java-1.0.5.jar:/home/user/.m2/repository/org/apache/hadoop/hadoop-annotations/3.2.1/hadoop-annotations-3.2.1.jar:/usr/lib/jvm/java-1.8.0-openjdk-1.8.0.232.b09-0.el7_7.x86_64/jre/../lib/tools.jar:/home/user/.m2/repository/org/apache/hadoop/hadoop-distcp/3.2.1/hadoop-distcp-3.2.1-tests.jar:"/>
    <property name="java.vm.vendor" value="Oracle Corporation"/>
    <property name="sun.arch.data.model" value="64"/>
    <property name="test.build.dir" value="/github/workspace/mnt/ozone/hadoop-ozone/integration-test/target/test-dir"/>
    <property name="test.cache.data" value=""/>
    <property name="java.vendor.url" value="http://java.oracle.com/"/>
    <property name="user.timezone" value=""/>
    <property name="java.vm.specification.version" value="1.8"/>
    <property name="os.name" value="Linux"/>
    <property name="test.build.data" value="/github/workspace/mnt/ozone/hadoop-ozone/integration-test/target/test-dir"/>
    <property name="user.country" value="US"/>
    <property name="sun.java.launcher" value="SUN_STANDARD"/>
    <property name="sun.boot.library.path" value="/usr/lib/jvm/java-1.8.0-openjdk-1.8.0.232.b09-0.el7_7.x86_64/jre/lib/amd64"/>
    <property name="sun.java.command" value="/github/workspace/mnt/ozone/hadoop-ozone/integration-test/target/surefire/surefirebooter147775409306984376.jar /github/workspace/mnt/ozone/hadoop-ozone/integration-test/target/surefire 2020-07-19T12-54-11_046-jvmRun1 surefire252673890901157221tmp surefire_42035519880810421607tmp"/>
    <property name="surefire.test.class.path" value="/github/workspace/mnt/ozone/hadoop-ozone/integration-test/target/test-classes:/github/workspace/mnt/ozone/hadoop-ozone/integration-test/target/classes:/home/user/.m2/repository/org/apache/hadoop/hadoop-ozone-common/0.6.0-SNAPSHOT/hadoop-ozone-common-0.6.0-SNAPSHOT.jar:/home/user/.m2/repository/org/apache/commons/commons-compress/1.4.1/commons-compress-1.4.1.jar:/home/user/.m2/repository/org/tukaani/xz/1.0/xz-1.0.jar:/home/user/.m2/repository/org/apache/hadoop/hadoop-hdds-common/0.6.0-SNAPSHOT/hadoop-hdds-common-0.6.0-SNAPSHOT.jar:/home/user/.m2/repository/org/apache/hadoop/hadoop-hdds-hadoop-dependency-client/0.6.0-SNAPSHOT/hadoop-hdds-hadoop-dependency-client-0.6.0-SNAPSHOT.jar:/home/user/.m2/repository/info/picocli/picocli/3.9.6/picocli-3.9.6.jar:/home/user/.m2/repository/com/fasterxml/jackson/core/jackson-annotations/2.10.3/jackson-annotations-2.10.3.jar:/home/user/.m2/repository/javax/annotation/javax.annotation-api/1.2/javax.annotation-api-1.2.jar:/home/user/.m2/repository/org/apache/ratis/ratis-server/0.6.0-6ab75ae-SNAPSHOT/ratis-server-0.6.0-6ab75ae-SNAPSHOT.jar:/home/user/.m2/repository/org/apache/ratis/ratis-client/0.6.0-6ab75ae-SNAPSHOT/ratis-client-0.6.0-6ab75ae-SNAPSHOT.jar:/home/user/.m2/repository/org/apache/ratis/ratis-metrics/0.6.0-6ab75ae-SNAPSHOT/ratis-metrics-0.6.0-6ab75ae-SNAPSHOT.jar:/home/user/.m2/repository/org/apache/ratis/ratis-netty/0.6.0-6ab75ae-SNAPSHOT/ratis-netty-0.6.0-6ab75ae-SNAPSHOT.jar:/home/user/.m2/repository/org/apache/ratis/ratis-grpc/0.6.0-6ab75ae-SNAPSHOT/ratis-grpc-0.6.0-6ab75ae-SNAPSHOT.jar:/home/user/.m2/repository/org/apache/logging/log4j/log4j-api/2.11.0/log4j-api-2.11.0.jar:/home/user/.m2/repository/org/apache/logging/log4j/log4j-core/2.11.0/log4j-core-2.11.0.jar:/home/user/.m2/repository/com/lmax/disruptor/3.4.2/disruptor-3.4.2.jar:/home/user/.m2/repository/org/apache/commons/commons-pool2/2.6.0/commons-pool2-2.6.0.jar:/home/user/.m2/repository/org/bouncycastle/bcpkix-jdk15on/1.60/bcpkix-jdk15on-1.60.jar:/home/user/.m2/repository/commons-validator/commons-validator/1.6/commons-validator-1.6.jar:/home/user/.m2/repository/commons-digester/commons-digester/1.8.1/commons-digester-1.8.1.jar:/home/user/.m2/repository/io/jaegertracing/jaeger-client/1.2.0/jaeger-client-1.2.0.jar:/home/user/.m2/repository/io/jaegertracing/jaeger-thrift/1.2.0/jaeger-thrift-1.2.0.jar:/home/user/.m2/repository/org/apache/thrift/libthrift/0.13.0/libthrift-0.13.0.jar:/home/user/.m2/repository/com/squareup/okhttp3/okhttp/4.2.2/okhttp-4.2.2.jar:/home/user/.m2/repository/com/squareup/okio/okio/2.2.2/okio-2.2.2.jar:/home/user/.m2/repository/org/jetbrains/kotlin/kotlin-stdlib/1.3.50/kotlin-stdlib-1.3.50.jar:/home/user/.m2/repository/org/jetbrains/kotlin/kotlin-stdlib-common/1.3.50/kotlin-stdlib-common-1.3.50.jar:/home/user/.m2/repository/org/jetbrains/annotations/13.0/annotations-13.0.jar:/home/user/.m2/repository/io/jaegertracing/jaeger-core/1.2.0/jaeger-core-1.2.0.jar:/home/user/.m2/repository/io/jaegertracing/jaeger-tracerresolver/1.2.0/jaeger-tracerresolver-1.2.0.jar:/home/user/.m2/repository/io/opentracing/contrib/opentracing-tracerresolver/0.1.8/opentracing-tracerresolver-0.1.8.jar:/home/user/.m2/repository/io/opentracing/opentracing-util/0.33.0/opentracing-util-0.33.0.jar:/home/user/.m2/repository/io/opentracing/opentracing-api/0.33.0/opentracing-api-0.33.0.jar:/home/user/.m2/repository/io/opentracing/opentracing-noop/0.33.0/opentracing-noop-0.33.0.jar:/home/user/.m2/repository/org/apache/hadoop/hadoop-hdds-client/0.6.0-SNAPSHOT/hadoop-hdds-client-0.6.0-SNAPSHOT.jar:/home/user/.m2/repository/org/apache/hadoop/hadoop-ozone-interface-client/0.6.0-SNAPSHOT/hadoop-ozone-interface-client-0.6.0-SNAPSHOT.jar:/home/user/.m2/repository/org/apache/hadoop/hadoop-hdds-test-utils/0.6.0-SNAPSHOT/hadoop-hdds-test-utils-0.6.0-SNAPSHOT.jar:/home/user/.m2/repository/com/google/guava/guava/28.2-jre/guava-28.2-jre.jar:/home/user/.m2/repository/com/google/guava/failureaccess/1.0.1/failureaccess-1.0.1.jar:/home/user/.m2/repository/com/google/guava/listenablefuture/9999.0-empty-to-avoid-conflict-with-guava/listenablefuture-9999.0-empty-to-avoid-conflict-with-guava.jar:/home/user/.m2/repository/com/google/code/findbugs/jsr305/3.0.0/jsr305-3.0.0.jar:/home/user/.m2/repository/org/checkerframework/checker-qual/2.10.0/checker-qual-2.10.0.jar:/home/user/.m2/repository/com/google/errorprone/error_prone_annotations/2.2.0/error_prone_annotations-2.2.0.jar:/home/user/.m2/repository/com/google/j2objc/j2objc-annotations/1.3/j2objc-annotations-1.3.jar:/home/user/.m2/repository/commons-io/commons-io/2.5/commons-io-2.5.jar:/home/user/.m2/repository/commons-logging/commons-logging/1.2/commons-logging-1.2.jar:/home/user/.m2/repository/log4j/log4j/1.2.17/log4j-1.2.17.jar:/home/user/.m2/repository/org/slf4j/slf4j-api/1.7.25/slf4j-api-1.7.25.jar:/home/user/.m2/repository/org/apache/hadoop/hadoop-hdds-server-scm/0.6.0-SNAPSHOT/hadoop-hdds-server-scm-0.6.0-SNAPSHOT.jar:/home/user/.m2/repository/org/apache/hadoop/hadoop-hdds-container-service/0.6.0-SNAPSHOT/hadoop-hdds-container-service-0.6.0-SNAPSHOT.jar:/home/user/.m2/repository/org/apache/hadoop/hadoop-hdds-hadoop-dependency-server/0.6.0-SNAPSHOT/hadoop-hdds-hadoop-dependency-server-0.6.0-SNAPSHOT.jar:/home/user/.m2/repository/org/apache/hadoop/hadoop-hdds-server-framework/0.6.0-SNAPSHOT/hadoop-hdds-server-framework-0.6.0-SNAPSHOT.jar:/home/user/.m2/repository/org/apache/hadoop/hadoop-hdds-interface-server/0.6.0-SNAPSHOT/hadoop-hdds-interface-server-0.6.0-SNAPSHOT.jar:/home/user/.m2/repository/org/apache/hadoop/hadoop-hdds-interface-admin/0.6.0-SNAPSHOT/hadoop-hdds-interface-admin-0.6.0-SNAPSHOT.jar:/home/user/.m2/repository/org/rocksdb/rocksdbjni/6.8.1/rocksdbjni-6.8.1.jar:/home/user/.m2/repository/io/prometheus/simpleclient_dropwizard/0.7.0/simpleclient_dropwizard-0.7.0.jar:/home/user/.m2/repository/io/prometheus/simpleclient/0.7.0/simpleclient-0.7.0.jar:/home/user/.m2/repository/io/prometheus/simpleclient_common/0.7.0/simpleclient_common-0.7.0.jar:/home/user/.m2/repository/com/fasterxml/jackson/datatype/jackson-datatype-jsr310/2.10.3/jackson-datatype-jsr310-2.10.3.jar:/home/user/.m2/repository/org/apache/hadoop/hadoop-hdds-docs/0.6.0-SNAPSHOT/hadoop-hdds-docs-0.6.0-SNAPSHOT.jar:/home/user/.m2/repository/io/dropwizard/metrics/metrics-core/3.2.4/metrics-core-3.2.4.jar:/home/user/.m2/repository/org/apache/hadoop/hadoop-hdfs-client/3.2.1/hadoop-hdfs-client-3.2.1.jar:/home/user/.m2/repository/org/bouncycastle/bcprov-jdk15on/1.60/bcprov-jdk15on-1.60.jar:/home/user/.m2/repository/org/apache/hadoop/hadoop-ozone-ozone-manager/0.6.0-SNAPSHOT/hadoop-ozone-ozone-manager-0.6.0-SNAPSHOT.jar:/home/user/.m2/repository/org/apache/hadoop/hadoop-hdds-interface-client/0.6.0-SNAPSHOT/hadoop-hdds-interface-client-0.6.0-SNAPSHOT.jar:/home/user/.m2/repository/org/apache/ratis/ratis-thirdparty-misc/0.4.0/ratis-thirdparty-misc-0.4.0.jar:/home/user/.m2/repository/org/apache/hadoop/hadoop-minikdc/3.2.1/hadoop-minikdc-3.2.1.jar:/home/user/.m2/repository/org/apache/kerby/kerb-simplekdc/1.0.1/kerb-simplekdc-1.0.1.jar:/home/user/.m2/repository/org/apache/kerby/kerb-client/1.0.1/kerb-client-1.0.1.jar:/home/user/.m2/repository/org/apache/kerby/kerby-config/1.0.1/kerby-config-1.0.1.jar:/home/user/.m2/repository/org/apache/kerby/kerb-core/1.0.1/kerb-core-1.0.1.jar:/home/user/.m2/repository/org/apache/kerby/kerby-pkix/1.0.1/kerby-pkix-1.0.1.jar:/home/user/.m2/repository/org/apache/kerby/kerby-asn1/1.0.1/kerby-asn1-1.0.1.jar:/home/user/.m2/repository/org/apache/kerby/kerby-util/1.0.1/kerby-util-1.0.1.jar:/home/user/.m2/repository/org/apache/kerby/kerb-common/1.0.1/kerb-common-1.0.1.jar:/home/user/.m2/repository/org/apache/kerby/kerb-crypto/1.0.1/kerb-crypto-1.0.1.jar:/home/user/.m2/repository/org/apache/kerby/kerb-util/1.0.1/kerb-util-1.0.1.jar:/home/user/.m2/repository/org/apache/kerby/token-provider/1.0.1/token-provider-1.0.1.jar:/home/user/.m2/repository/org/apache/kerby/kerb-admin/1.0.1/kerb-admin-1.0.1.jar:/home/user/.m2/repository/org/apache/kerby/kerb-server/1.0.1/kerb-server-1.0.1.jar:/home/user/.m2/repository/org/apache/kerby/kerb-identity/1.0.1/kerb-identity-1.0.1.jar:/home/user/.m2/repository/org/apache/kerby/kerby-xdr/1.0.1/kerby-xdr-1.0.1.jar:/home/user/.m2/repository/org/slf4j/slf4j-log4j12/1.7.25/slf4j-log4j12-1.7.25.jar:/home/user/.m2/repository/org/apache/hadoop/hadoop-ozone-s3gateway/0.6.0-SNAPSHOT/hadoop-ozone-s3gateway-0.6.0-SNAPSHOT.jar:/home/user/.m2/repository/org/jboss/weld/servlet/weld-servlet/2.4.7.Final/weld-servlet-2.4.7.Final.jar:/home/user/.m2/repository/org/glassfish/jersey/containers/jersey-container-servlet-core/2.27/jersey-container-servlet-core-2.27.jar:/home/user/.m2/repository/org/glassfish/hk2/external/javax.inject/2.5.0-b42/javax.inject-2.5.0-b42.jar:/home/user/.m2/repository/org/glassfish/jersey/core/jersey-common/2.27/jersey-common-2.27.jar:/home/user/.m2/repository/org/glassfish/hk2/osgi-resource-locator/1.0.1/osgi-resource-locator-1.0.1.jar:/home/user/.m2/repository/javax/ws/rs/javax.ws.rs-api/2.1/javax.ws.rs-api-2.1.jar:/home/user/.m2/repository/org/glassfish/jersey/ext/cdi/jersey-cdi1x/2.27/jersey-cdi1x-2.27.jar:/home/user/.m2/repository/org/glassfish/jersey/inject/jersey-hk2/2.27/jersey-hk2-2.27.jar:/home/user/.m2/repository/org/glassfish/hk2/hk2-locator/2.5.0-b42/hk2-locator-2.5.0-b42.jar:/home/user/.m2/repository/org/javassist/javassist/3.22.0-CR2/javassist-3.22.0-CR2.jar:/home/user/.m2/repository/org/glassfish/hk2/hk2-api/2.5.0/hk2-api-2.5.0.jar:/home/user/.m2/repository/org/glassfish/hk2/external/jakarta.inject/2.5.0/jakarta.inject-2.5.0.jar:/home/user/.m2/repository/org/glassfish/hk2/hk2-utils/2.5.0/hk2-utils-2.5.0.jar:/home/user/.m2/repository/jakarta/annotation/jakarta.annotation-api/1.3.4/jakarta.annotation-api-1.3.4.jar:/home/user/.m2/repository/org/glassfish/hk2/external/aopalliance-repackaged/2.5.0/aopalliance-repackaged-2.5.0.jar:/home/user/.m2/repository/com/fasterxml/jackson/dataformat/jackson-dataformat-xml/2.10.3/jackson-dataformat-xml-2.10.3.jar:/home/user/.m2/repository/com/fasterxml/jackson/core/jackson-core/2.10.3/jackson-core-2.10.3.jar:/home/user/.m2/repository/com/fasterxml/jackson/module/jackson-module-jaxb-annotations/2.10.3/jackson-module-jaxb-annotations-2.10.3.jar:/home/user/.m2/repository/jakarta/xml/bind/jakarta.xml.bind-api/2.3.2/jakarta.xml.bind-api-2.3.2.jar:/home/user/.m2/repository/jakarta/activation/jakarta.activation-api/1.2.1/jakarta.activation-api-1.2.1.jar:/home/user/.m2/repository/org/codehaus/woodstox/stax2-api/3.1.4/stax2-api-3.1.4.jar:/home/user/.m2/repository/com/fasterxml/woodstox/woodstox-core/5.0.3/woodstox-core-5.0.3.jar:/home/user/.m2/repository/javax/enterprise/cdi-api/1.2/cdi-api-1.2.jar:/home/user/.m2/repository/javax/el/javax.el-api/3.0.0/javax.el-api-3.0.0.jar:/home/user/.m2/repository/javax/interceptor/javax.interceptor-api/1.2/javax.interceptor-api-1.2.jar:/home/user/.m2/repository/javax/inject/javax.inject/1/javax.inject-1.jar:/home/user/.m2/repository/com/sun/xml/bind/jaxb-impl/2.3.0.1/jaxb-impl-2.3.0.1.jar:/home/user/.m2/repository/com/sun/xml/bind/jaxb-core/2.3.0.1/jaxb-core-2.3.0.1.jar:/home/user/.m2/repository/javax/xml/bind/jaxb-api/2.3.0/jaxb-api-2.3.0.jar:/home/user/.m2/repository/javax/activation/activation/1.1.1/activation-1.1.1.jar:/home/user/.m2/repository/org/apache/hadoop/hadoop-ozone-csi/0.6.0-SNAPSHOT/hadoop-ozone-csi-0.6.0-SNAPSHOT.jar:/home/user/.m2/repository/com/google/protobuf/protobuf-java-util/3.11.0/protobuf-java-util-3.11.0.jar:/home/user/.m2/repository/com/google/code/gson/gson/2.2.4/gson-2.2.4.jar:/home/user/.m2/repository/org/apache/hadoop/hadoop-hdds-config/0.6.0-SNAPSHOT/hadoop-hdds-config-0.6.0-SNAPSHOT.jar:/home/user/.m2/repository/com/google/protobuf/protobuf-java/2.5.0/protobuf-java-2.5.0.jar:/home/user/.m2/repository/io/grpc/grpc-netty/1.29.0/grpc-netty-1.29.0.jar:/home/user/.m2/repository/io/grpc/grpc-core/1.29.0/grpc-core-1.29.0.jar:/home/user/.m2/repository/com/google/android/annotations/4.1.1.4/annotations-4.1.1.4.jar:/home/user/.m2/repository/io/perfmark/perfmark-api/0.19.0/perfmark-api-0.19.0.jar:/home/user/.m2/repository/io/netty/netty-codec-http2/4.1.48.Final/netty-codec-http2-4.1.48.Final.jar:/home/user/.m2/repository/io/netty/netty-codec/4.1.48.Final/netty-codec-4.1.48.Final.jar:/home/user/.m2/repository/io/netty/netty-handler/4.1.48.Final/netty-handler-4.1.48.Final.jar:/home/user/.m2/repository/io/netty/netty-codec-http/4.1.48.Final/netty-codec-http-4.1.48.Final.jar:/home/user/.m2/repository/io/netty/netty-handler-proxy/4.1.48.Final/netty-handler-proxy-4.1.48.Final.jar:/home/user/.m2/repository/io/netty/netty-codec-socks/4.1.48.Final/netty-codec-socks-4.1.48.Final.jar:/home/user/.m2/repository/io/netty/netty-transport-native-epoll/4.1.48.Final/netty-transport-native-epoll-4.1.48.Final.jar:/home/user/.m2/repository/io/netty/netty-common/4.1.48.Final/netty-common-4.1.48.Final.jar:/home/user/.m2/repository/io/netty/netty-buffer/4.1.48.Final/netty-buffer-4.1.48.Final.jar:/home/user/.m2/repository/io/netty/netty-transport/4.1.48.Final/netty-transport-4.1.48.Final.jar:/home/user/.m2/repository/io/netty/netty-resolver/4.1.48.Final/netty-resolver-4.1.48.Final.jar:/home/user/.m2/repository/io/netty/netty-transport-native-unix-common/4.1.48.Final/netty-transport-native-unix-common-4.1.48.Final.jar:/home/user/.m2/repository/io/grpc/grpc-protobuf/1.29.0/grpc-protobuf-1.29.0.jar:/home/user/.m2/repository/io/grpc/grpc-api/1.29.0/grpc-api-1.29.0.jar:/home/user/.m2/repository/io/grpc/grpc-context/1.29.0/grpc-context-1.29.0.jar:/home/user/.m2/repository/org/codehaus/mojo/animal-sniffer-annotations/1.18/animal-sniffer-annotations-1.18.jar:/home/user/.m2/repository/com/google/api/grpc/proto-google-common-protos/1.17.0/proto-google-common-protos-1.17.0.jar:/home/user/.m2/repository/io/grpc/grpc-protobuf-lite/1.29.0/grpc-protobuf-lite-1.29.0.jar:/home/user/.m2/repository/io/grpc/grpc-stub/1.29.0/grpc-stub-1.29.0.jar:/home/user/.m2/repository/org/apache/hadoop/hadoop-ozone-recon/0.6.0-SNAPSHOT/hadoop-ozone-recon-0.6.0-SNAPSHOT.jar:/home/user/.m2/repository/org/apache/hadoop/hadoop-ozone-reconcodegen/0.6.0-SNAPSHOT/hadoop-ozone-reconcodegen-0.6.0-SNAPSHOT.jar:/home/user/.m2/repository/com/google/inject/extensions/guice-multibindings/4.0/guice-multibindings-4.0.jar:/home/user/.m2/repository/com/google/inject/guice/4.0/guice-4.0.jar:/home/user/.m2/repository/aopalliance/aopalliance/1.0/aopalliance-1.0.jar:/home/user/.m2/repository/com/google/inject/extensions/guice-assistedinject/4.0/guice-assistedinject-4.0.jar:/home/user/.m2/repository/com/google/inject/extensions/guice-servlet/4.0/guice-servlet-4.0.jar:/home/user/.m2/repository/org/glassfish/jersey/containers/jersey-container-servlet/2.27/jersey-container-servlet-2.27.jar:/home/user/.m2/repository/org/glassfish/hk2/guice-bridge/2.5.0/guice-bridge-2.5.0.jar:/home/user/.m2/repository/org/glassfish/jersey/core/jersey-server/2.27/jersey-server-2.27.jar:/home/user/.m2/repository/org/glassfish/jersey/core/jersey-client/2.27/jersey-client-2.27.jar:/home/user/.m2/repository/org/glassfish/jersey/media/jersey-media-jaxb/2.27/jersey-media-jaxb-2.27.jar:/home/user/.m2/repository/javax/validation/validation-api/1.1.0.Final/validation-api-1.1.0.Final.jar:/home/user/.m2/repository/org/glassfish/jersey/media/jersey-media-json-jackson/2.27/jersey-media-json-jackson-2.27.jar:/home/user/.m2/repository/org/glassfish/jersey/ext/jersey-entity-filtering/2.27/jersey-entity-filtering-2.27.jar:/home/user/.m2/repository/org/jooq/jooq/3.11.10/jooq-3.11.10.jar:/home/user/.m2/repository/org/jooq/jooq-meta/3.11.10/jooq-meta-3.11.10.jar:/home/user/.m2/repository/org/jooq/jooq-codegen/3.11.10/jooq-codegen-3.11.10.jar:/home/user/.m2/repository/com/jolbox/bonecp/0.8.0.RELEASE/bonecp-0.8.0.RELEASE.jar:/home/user/.m2/repository/org/apache/derby/derby/10.14.2.0/derby-10.14.2.0.jar:/home/user/.m2/repository/org/xerial/sqlite-jdbc/3.25.2/sqlite-jdbc-3.25.2.jar:/home/user/.m2/repository/org/springframework/spring-jdbc/5.2.5.RELEASE/spring-jdbc-5.2.5.RELEASE.jar:/home/user/.m2/repository/org/springframework/spring-beans/5.2.5.RELEASE/spring-beans-5.2.5.RELEASE.jar:/home/user/.m2/repository/org/springframework/spring-core/5.2.5.RELEASE/spring-core-5.2.5.RELEASE.jar:/home/user/.m2/repository/org/springframework/spring-jcl/5.2.5.RELEASE/spring-jcl-5.2.5.RELEASE.jar:/home/user/.m2/repository/org/springframework/spring-tx/5.2.5.RELEASE/spring-tx-5.2.5.RELEASE.jar:/home/user/.m2/repository/org/apache/hadoop/hadoop-ozone-client/0.6.0-SNAPSHOT/hadoop-ozone-client-0.6.0-SNAPSHOT.jar:/home/user/.m2/repository/org/apache/hadoop/hadoop-ozone-filesystem/0.6.0-SNAPSHOT/hadoop-ozone-filesystem-0.6.0-SNAPSHOT.jar:/home/user/.m2/repository/org/apache/hadoop/hadoop-ozone-filesystem-common/0.6.0-SNAPSHOT/hadoop-ozone-filesystem-common-0.6.0-SNAPSHOT.jar:/home/user/.m2/repository/org/apache/hadoop/hadoop-ozone-tools/0.6.0-SNAPSHOT/hadoop-ozone-tools-0.6.0-SNAPSHOT.jar:/home/user/.m2/repository/org/apache/hadoop/hadoop-hdfs/3.2.1/hadoop-hdfs-3.2.1.jar:/home/user/.m2/repository/org/apache/ratis/ratis-tools/0.6.0-6ab75ae-SNAPSHOT/ratis-tools-0.6.0-6ab75ae-SNAPSHOT.jar:/home/user/.m2/repository/org/apache/ratis/ratis-proto/0.6.0-6ab75ae-SNAPSHOT/ratis-proto-0.6.0-6ab75ae-SNAPSHOT.jar:/home/user/.m2/repository/org/apache/ratis/ratis-common/0.6.0-6ab75ae-SNAPSHOT/ratis-common-0.6.0-6ab75ae-SNAPSHOT.jar:/home/user/.m2/repository/com/amazonaws/aws-java-sdk-core/1.11.615/aws-java-sdk-core-1.11.615.jar:/home/user/.m2/repository/org/apache/httpcomponents/httpclient/4.5.2/httpclient-4.5.2.jar:/home/user/.m2/repository/org/apache/httpcomponents/httpcore/4.4.4/httpcore-4.4.4.jar:/home/user/.m2/repository/software/amazon/ion/ion-java/1.0.2/ion-java-1.0.2.jar:/home/user/.m2/repository/com/fasterxml/jackson/dataformat/jackson-dataformat-cbor/2.10.3/jackson-dataformat-cbor-2.10.3.jar:/home/user/.m2/repository/joda-time/joda-time/2.8.1/joda-time-2.8.1.jar:/home/user/.m2/repository/com/amazonaws/aws-java-sdk-s3/1.11.615/aws-java-sdk-s3-1.11.615.jar:/home/user/.m2/repository/com/amazonaws/aws-java-sdk-kms/1.11.615/aws-java-sdk-kms-1.11.615.jar:/home/user/.m2/repository/com/amazonaws/jmespath-java/1.11.615/jmespath-java-1.11.615.jar:/home/user/.m2/repository/org/apache/hadoop/hadoop-hdds-tools/0.6.0-SNAPSHOT/hadoop-hdds-tools-0.6.0-SNAPSHOT.jar:/home/user/.m2/repository/commons-cli/commons-cli/1.2/commons-cli-1.2.jar:/home/user/.m2/repository/org/apache/commons/commons-lang3/3.7/commons-lang3-3.7.jar:/home/user/.m2/repository/org/apache/hadoop/hadoop-ozone-ozone-manager/0.6.0-SNAPSHOT/hadoop-ozone-ozone-manager-0.6.0-SNAPSHOT-tests.jar:/home/user/.m2/repository/junit/junit/4.11/junit-4.11.jar:/home/user/.m2/repository/org/hamcrest/hamcrest-core/1.3/hamcrest-core-1.3.jar:/home/user/.m2/repository/org/openjdk/jmh/jmh-core/1.19/jmh-core-1.19.jar:/home/user/.m2/repository/net/sf/jopt-simple/jopt-simple/4.6/jopt-simple-4.6.jar:/home/user/.m2/repository/org/apache/commons/commons-math3/3.1.1/commons-math3-3.1.1.jar:/home/user/.m2/repository/org/openjdk/jmh/jmh-generator-annprocess/1.19/jmh-generator-annprocess-1.19.jar:/home/user/.m2/repository/org/mockito/mockito-all/1.8.5/mockito-all-1.8.5.jar:/home/user/.m2/repository/org/apache/hadoop/hadoop-kms/3.2.1/hadoop-kms-3.2.1.jar:/home/user/.m2/repository/org/apache/hadoop/hadoop-auth/3.2.1/hadoop-auth-3.2.1.jar:/home/user/.m2/repository/com/nimbusds/nimbus-jose-jwt/7.9/nimbus-jose-jwt-7.9.jar:/home/user/.m2/repository/com/github/stephenc/jcip/jcip-annotations/1.0-1/jcip-annotations-1.0-1.jar:/home/user/.m2/repository/net/minidev/json-smart/2.3/json-smart-2.3.jar:/home/user/.m2/repository/net/minidev/accessors-smart/1.2/accessors-smart-1.2.jar:/home/user/.m2/repository/org/ow2/asm/asm/5.0.4/asm-5.0.4.jar:/home/user/.m2/repository/org/apache/zookeeper/zookeeper/3.4.13/zookeeper-3.4.13.jar:/home/user/.m2/repository/org/apache/yetus/audience-annotations/0.5.0/audience-annotations-0.5.0.jar:/home/user/.m2/repository/org/apache/curator/curator-framework/2.13.0/curator-framework-2.13.0.jar:/home/user/.m2/repository/com/sun/jersey/jersey-core/1.19/jersey-core-1.19.jar:/home/user/.m2/repository/javax/ws/rs/jsr311-api/1.1.1/jsr311-api-1.1.1.jar:/home/user/.m2/repository/com/sun/jersey/jersey-server/1.19/jersey-server-1.19.jar:/home/user/.m2/repository/javax/servlet/javax.servlet-api/3.1.0/javax.servlet-api-3.1.0.jar:/home/user/.m2/repository/org/eclipse/jetty/jetty-server/9.4.26.v20200117/jetty-server-9.4.26.v20200117.jar:/home/user/.m2/repository/org/eclipse/jetty/jetty-http/9.4.26.v20200117/jetty-http-9.4.26.v20200117.jar:/home/user/.m2/repository/org/eclipse/jetty/jetty-io/9.4.26.v20200117/jetty-io-9.4.26.v20200117.jar:/home/user/.m2/repository/org/eclipse/jetty/jetty-webapp/9.4.26.v20200117/jetty-webapp-9.4.26.v20200117.jar:/home/user/.m2/repository/org/eclipse/jetty/jetty-xml/9.4.26.v20200117/jetty-xml-9.4.26.v20200117.jar:/home/user/.m2/repository/org/eclipse/jetty/jetty-servlet/9.4.26.v20200117/jetty-servlet-9.4.26.v20200117.jar:/home/user/.m2/repository/org/eclipse/jetty/jetty-security/9.4.26.v20200117/jetty-security-9.4.26.v20200117.jar:/home/user/.m2/repository/org/apache/hadoop/hadoop-common/3.2.1/hadoop-common-3.2.1.jar:/home/user/.m2/repository/commons-net/commons-net/3.6/commons-net-3.6.jar:/home/user/.m2/repository/commons-collections/commons-collections/3.2.2/commons-collections-3.2.2.jar:/home/user/.m2/repository/com/sun/jersey/jersey-servlet/1.19/jersey-servlet-1.19.jar:/home/user/.m2/repository/com/sun/jersey/jersey-json/1.19/jersey-json-1.19.jar:/home/user/.m2/repository/org/codehaus/jettison/jettison/1.1/jettison-1.1.jar:/home/user/.m2/repository/org/codehaus/jackson/jackson-jaxrs/1.9.2/jackson-jaxrs-1.9.2.jar:/home/user/.m2/repository/org/codehaus/jackson/jackson-xc/1.9.2/jackson-xc-1.9.2.jar:/home/user/.m2/repository/commons-beanutils/commons-beanutils/1.9.4/commons-beanutils-1.9.4.jar:/home/user/.m2/repository/org/apache/commons/commons-configuration2/2.1.1/commons-configuration2-2.1.1.jar:/home/user/.m2/repository/org/apache/commons/commons-text/1.4/commons-text-1.4.jar:/home/user/.m2/repository/com/google/re2j/re2j/1.1/re2j-1.1.jar:/home/user/.m2/repository/com/jcraft/jsch/0.1.54/jsch-0.1.54.jar:/home/user/.m2/repository/org/apache/curator/curator-client/2.13.0/curator-client-2.13.0.jar:/home/user/.m2/repository/org/apache/curator/curator-recipes/2.13.0/curator-recipes-2.13.0.jar:/home/user/.m2/repository/dnsjava/dnsjava/2.1.7/dnsjava-2.1.7.jar:/home/user/.m2/repository/org/slf4j/jul-to-slf4j/1.7.25/jul-to-slf4j-1.7.25.jar:/home/user/.m2/repository/org/eclipse/jetty/jetty-util/9.4.26.v20200117/jetty-util-9.4.26.v20200117.jar:/home/user/.m2/repository/com/fasterxml/jackson/core/jackson-databind/2.10.3/jackson-databind-2.10.3.jar:/home/user/.m2/repository/org/apache/hadoop/hadoop-kms/3.2.1/hadoop-kms-3.2.1-tests.jar:/home/user/.m2/repository/org/apache/hadoop/hadoop-hdds-server-scm/0.6.0-SNAPSHOT/hadoop-hdds-server-scm-0.6.0-SNAPSHOT-tests.jar:/home/user/.m2/repository/org/apache/hadoop/hadoop-hdds-container-service/0.6.0-SNAPSHOT/hadoop-hdds-container-service-0.6.0-SNAPSHOT-tests.jar:/home/user/.m2/repository/org/apache/hadoop/hadoop-hdds-common/0.6.0-SNAPSHOT/hadoop-hdds-common-0.6.0-SNAPSHOT-tests.jar:/home/user/.m2/repository/org/yaml/snakeyaml/1.16/snakeyaml-1.16.jar:/home/user/.m2/repository/org/apache/hadoop/hadoop-hdds-hadoop-dependency-test/0.6.0-SNAPSHOT/hadoop-hdds-hadoop-dependency-test-0.6.0-SNAPSHOT.jar:/home/user/.m2/repository/org/apache/hadoop/hadoop-common/3.2.1/hadoop-common-3.2.1-tests.jar:/home/user/.m2/repository/javax/servlet/jsp/jsp-api/2.1/jsp-api-2.1.jar:/home/user/.m2/repository/org/apache/hadoop/hadoop-hdfs/3.2.1/hadoop-hdfs-3.2.1-tests.jar:/home/user/.m2/repository/org/eclipse/jetty/jetty-util-ajax/9.4.26.v20200117/jetty-util-ajax-9.4.26.v20200117.jar:/home/user/.m2/repository/commons-codec/commons-codec/1.11/commons-codec-1.11.jar:/home/user/.m2/repository/commons-daemon/commons-daemon/1.0.13/commons-daemon-1.0.13.jar:/home/user/.m2/repository/io/netty/netty/3.10.5.Final/netty-3.10.5.Final.jar:/home/user/.m2/repository/io/netty/netty-all/4.1.48.Final/netty-all-4.1.48.Final.jar:/home/user/.m2/repository/org/apache/htrace/htrace-core4/4.1.0-incubating/htrace-core4-4.1.0-incubating.jar:/home/user/.m2/repository/org/fusesource/leveldbjni/leveldbjni-all/1.8/leveldbjni-all-1.8.jar:/home/user/.m2/repository/org/apache/hadoop/hadoop-distcp/3.2.1/hadoop-distcp-3.2.1.jar:/home/user/.m2/repository/org/apache/hadoop/hadoop-mapreduce-client-jobclient/3.2.1/hadoop-mapreduce-client-jobclient-3.2.1.jar:/home/user/.m2/repository/org/apache/hadoop/hadoop-mapreduce-client-common/3.2.1/hadoop-mapreduce-client-common-3.2.1.jar:/home/user/.m2/repository/org/apache/hadoop/hadoop-yarn-common/3.2.1/hadoop-yarn-common-3.2.1.jar:/home/user/.m2/repository/org/apache/hadoop/hadoop-yarn-api/3.2.1/hadoop-yarn-api-3.2.1.jar:/home/user/.m2/repository/com/sun/jersey/jersey-client/1.19/jersey-client-1.19.jar:/home/user/.m2/repository/com/sun/jersey/contribs/jersey-guice/1.19/jersey-guice-1.19.jar:/home/user/.m2/repository/com/fasterxml/jackson/jaxrs/jackson-jaxrs-json-provider/2.10.3/jackson-jaxrs-json-provider-2.10.3.jar:/home/user/.m2/repository/com/fasterxml/jackson/jaxrs/jackson-jaxrs-base/2.10.3/jackson-jaxrs-base-2.10.3.jar:/home/user/.m2/repository/org/apache/hadoop/hadoop-yarn-client/3.2.1/hadoop-yarn-client-3.2.1.jar:/home/user/.m2/repository/org/apache/hadoop/hadoop-mapreduce-client-core/3.2.1/hadoop-mapreduce-client-core-3.2.1.jar:/home/user/.m2/repository/org/apache/avro/avro/1.7.7/avro-1.7.7.jar:/home/user/.m2/repository/org/codehaus/jackson/jackson-core-asl/1.9.13/jackson-core-asl-1.9.13.jar:/home/user/.m2/repository/org/codehaus/jackson/jackson-mapper-asl/1.9.13/jackson-mapper-asl-1.9.13.jar:/home/user/.m2/repository/com/thoughtworks/paranamer/paranamer/2.3/paranamer-2.3.jar:/home/user/.m2/repository/org/xerial/snappy/snappy-java/1.0.5/snappy-java-1.0.5.jar:/home/user/.m2/repository/org/apache/hadoop/hadoop-annotations/3.2.1/hadoop-annotations-3.2.1.jar:/usr/lib/jvm/java-1.8.0-openjdk-1.8.0.232.b09-0.el7_7.x86_64/jre/../lib/tools.jar:/home/user/.m2/repository/org/apache/hadoop/hadoop-distcp/3.2.1/hadoop-distcp-3.2.1-tests.jar:"/>
    <property name="sun.cpu.endian" value="little"/>
    <property name="user.home" value="/home/user"/>
    <property name="user.language" value="en"/>
    <property name="java.specification.vendor" value="Oracle Corporation"/>
    <property name="java.home" value="/usr/lib/jvm/java-1.8.0-openjdk-1.8.0.232.b09-0.el7_7.x86_64/jre"/>
    <property name="java.security.krb5.conf" value="/github/workspace/mnt/ozone/hadoop-ozone/integration-test/target/test-classes/krb5.conf"/>
    <property name="basedir" value="/github/workspace/mnt/ozone/hadoop-ozone/integration-test"/>
    <property name="file.separator" value="/"/>
    <property name="line.separator" value="&#10;"/>
    <property name="java.vm.specification.vendor" value="Oracle Corporation"/>
    <property name="java.specification.name" value="Java Platform API Specification"/>
    <property name="java.awt.graphicsenv" value="sun.awt.X11GraphicsEnvironment"/>
    <property name="skip.installnpx" value="true"/>
    <property name="surefire.real.class.path" value="/github/workspace/mnt/ozone/hadoop-ozone/integration-test/target/surefire/surefirebooter147775409306984376.jar:/home/user/.m2/repository/org/jacoco/org.jacoco.agent/0.8.5/org.jacoco.agent-0.8.5-runtime.jar"/>
    <property name="hadoop.log.dir" value="/github/workspace/mnt/ozone/hadoop-ozone/integration-test/target/log"/>
    <property name="sun.boot.class.path" value="/usr/lib/jvm/java-1.8.0-openjdk-1.8.0.232.b09-0.el7_7.x86_64/jre/lib/resources.jar:/usr/lib/jvm/java-1.8.0-openjdk-1.8.0.232.b09-0.el7_7.x86_64/jre/lib/rt.jar:/usr/lib/jvm/java-1.8.0-openjdk-1.8.0.232.b09-0.el7_7.x86_64/jre/lib/sunrsasign.jar:/usr/lib/jvm/java-1.8.0-openjdk-1.8.0.232.b09-0.el7_7.x86_64/jre/lib/jsse.jar:/usr/lib/jvm/java-1.8.0-openjdk-1.8.0.232.b09-0.el7_7.x86_64/jre/lib/jce.jar:/usr/lib/jvm/java-1.8.0-openjdk-1.8.0.232.b09-0.el7_7.x86_64/jre/lib/charsets.jar:/usr/lib/jvm/java-1.8.0-openjdk-1.8.0.232.b09-0.el7_7.x86_64/jre/lib/jfr.jar:/usr/lib/jvm/java-1.8.0-openjdk-1.8.0.232.b09-0.el7_7.x86_64/jre/classes"/>
    <property name="sun.management.compiler" value="HotSpot 64-Bit Tiered Compilers"/>
    <property name="skip.npx" value="true"/>
    <property name="java.runtime.version" value="1.8.0_232-b09"/>
    <property name="java.net.preferIPv4Stack" value="true"/>
    <property name="user.name" value="jenkins1001"/>
    <property name="path.separator" value=":"/>
    <property name="java.security.egd" value="file:///dev/urandom"/>
    <property name="os.version" value="5.3.0-1032-azure"/>
    <property name="java.endorsed.dirs" value="/usr/lib/jvm/java-1.8.0-openjdk-1.8.0.232.b09-0.el7_7.x86_64/jre/lib/endorsed"/>
    <property name="java.runtime.name" value="OpenJDK Runtime Environment"/>
    <property name="file.encoding" value="ANSI_X3.4-1968"/>
    <property name="java.vm.name" value="OpenJDK 64-Bit Server VM"/>
    <property name="test.build.webapps" value=""/>
    <property name="localRepository" value="/home/user/.m2/repository"/>
    <property name="java.vendor.url.bug" value="http://bugreport.sun.com/bugreport/"/>
    <property name="java.io.tmpdir" value="/tmp"/>
    <property name="require.test.libhadoop" value=""/>
    <property name="java.version" value="1.8.0_232"/>
    <property name="user.dir" value="/github/workspace/mnt/ozone/hadoop-ozone/integration-test"/>
    <property name="os.arch" value="amd64"/>
    <property name="java.vm.specification.name" value="Java Virtual Machine Specification"/>
    <property name="test.build.classes" value="/github/workspace/mnt/ozone/hadoop-ozone/integration-test/target/test-classes"/>
    <property name="java.awt.printerjob" value="sun.print.PSPrinterJob"/>
    <property name="sun.os.patch.level" value="unknown"/>
    <property name="hadoop.tmp.dir" value="/github/workspace/mnt/ozone/hadoop-ozone/integration-test/target/tmp"/>
    <property name="java.library.path" value="/usr/lib:/usr/java/packages/lib/amd64:/usr/lib64:/lib64:/lib:/usr/lib"/>
    <property name="java.vm.info" value="mixed mode"/>
    <property name="java.vendor" value="Oracle Corporation"/>
    <property name="java.vm.version" value="25.232-b09"/>
    <property name="java.ext.dirs" value="/usr/lib/jvm/java-1.8.0-openjdk-1.8.0.232.b09-0.el7_7.x86_64/jre/lib/ext:/usr/java/packages/lib/ext"/>
    <property name="sun.io.unicode.encoding" value="UnicodeLittle"/>
    <property name="java.class.version" value="52.0"/>
  </properties>
  <testcase name="testReleaseBuffers" classname="org.apache.hadoop.ozone.client.rpc.TestCommitWatcher" time="39.168"/>
  <testcase name="testReleaseBuffersOnException" classname="org.apache.hadoop.ozone.client.rpc.TestCommitWatcher" time="44.87">
    <failure type="java.lang.AssertionError">java.lang.AssertionError
	at org.junit.Assert.fail(Assert.java:86)
	at org.junit.Assert.assertTrue(Assert.java:41)
	at org.junit.Assert.assertTrue(Assert.java:52)
	at org.apache.hadoop.ozone.client.rpc.TestCommitWatcher.testReleaseBuffersOnException(TestCommitWatcher.java:320)
	at sun.reflect.NativeMethodAccessorImpl.invoke0(Native Method)
	at sun.reflect.NativeMethodAccessorImpl.invoke(NativeMethodAccessorImpl.java:62)
	at sun.reflect.DelegatingMethodAccessorImpl.invoke(DelegatingMethodAccessorImpl.java:43)
	at java.lang.reflect.Method.invoke(Method.java:498)
	at org.junit.runners.model.FrameworkMethod$1.runReflectiveCall(FrameworkMethod.java:47)
	at org.junit.internal.runners.model.ReflectiveCallable.run(ReflectiveCallable.java:12)
	at org.junit.runners.model.FrameworkMethod.invokeExplosively(FrameworkMethod.java:44)
	at org.junit.internal.runners.statements.InvokeMethod.evaluate(InvokeMethod.java:17)
	at org.junit.internal.runners.statements.RunBefores.evaluate(RunBefores.java:26)
	at org.junit.internal.runners.statements.RunAfters.evaluate(RunAfters.java:27)
	at org.junit.internal.runners.statements.FailOnTimeout$StatementThread.run(FailOnTimeout.java:74)
</failure>
    <system-out><![CDATA[2020-07-19 12:59:02,500 [Thread-353] WARN  server.ServerUtils (ServerUtils.java:getScmDbDir(148)) - ozone.scm.db.dirs is not configured. We recommend adding this setting. Falling back to ozone.metadata.dirs instead.
2020-07-19 12:59:02,502 [Thread-353] WARN  server.ServerUtils (ServerUtils.java:getScmDbDir(148)) - ozone.scm.db.dirs is not configured. We recommend adding this setting. Falling back to ozone.metadata.dirs instead.
2020-07-19 12:59:02,502 [Thread-353] WARN  db.DBStoreBuilder (DBStoreBuilder.java:createDBStoreBuilder(277)) - ozone.scm.db.dirs is not configured. We recommend adding this setting. Falling back to ozone.metadata.dirs instead.
2020-07-19 12:59:02,536 [Thread-353] INFO  net.NodeSchemaLoader (NodeSchemaLoader.java:loadSchemaFromFile(126)) - Loading file from sun.misc.CompoundEnumeration@142f6d0b
2020-07-19 12:59:02,536 [Thread-353] INFO  net.NodeSchemaLoader (NodeSchemaLoader.java:loadSchema(172)) - Loading network topology layer schema file
2020-07-19 12:59:02,539 [Thread-353] WARN  server.ServerUtils (ServerUtils.java:sanitizeUserArgs(73)) - ozone.scm.stale.node.interval value = 1000000 is larger than max = 100000 based on the key value of ozone.scm.heartbeat.thread.interval, reset to the max value 100000.
2020-07-19 12:59:02,539 [Thread-353] WARN  server.ServerUtils (ServerUtils.java:sanitizeUserArgs(73)) - ozone.scm.stale.node.interval value = 1000000 is larger than max = 100000 based on the key value of ozone.scm.heartbeat.thread.interval, reset to the max value 100000.
2020-07-19 12:59:02,540 [Thread-353] INFO  node.SCMNodeManager (SCMNodeManager.java:<init>(116)) - Entering startup safe mode.
2020-07-19 12:59:02,541 [Thread-353] INFO  algorithms.ContainerPlacementPolicyFactory (ContainerPlacementPolicyFactory.java:getPolicy(60)) - Create container placement policy of type org.apache.hadoop.hdds.scm.container.placement.algorithms.SCMContainerPlacementRandom
2020-07-19 12:59:02,541 [Thread-353] INFO  pipeline.SCMPipelineManager (SCMPipelineManager.java:initializePipelineState(158)) - No pipeline exists in current db
2020-07-19 12:59:02,543 [Thread-353] INFO  safemode.HealthyPipelineSafeModeRule (HealthyPipelineSafeModeRule.java:<init>(89)) - Total pipeline count is 0, healthy pipeline threshold count is 0
2020-07-19 12:59:02,543 [Thread-353] INFO  safemode.OneReplicaPipelineSafeModeRule (OneReplicaPipelineSafeModeRule.java:<init>(79)) - Total pipeline count is 0, pipeline's with at least one datanode reported threshold count is 0
2020-07-19 12:59:02,545 [RatisPipelineUtilsThread] ERROR pipeline.SCMPipelineManager (SCMPipelineManager.java:createPipeline(275)) - Failed to create pipeline of type RATIS and factor ONE. Exception: Cannot create pipeline of factor 1 using 0 nodes. Used 0 nodes. Healthy nodes 0
2020-07-19 12:59:02,545 [Thread-353] INFO  ipc.CallQueueManager (CallQueueManager.java:<init>(84)) - Using callQueue: class java.util.concurrent.LinkedBlockingQueue, queueCapacity: 2000, scheduler: class org.apache.hadoop.ipc.DefaultRpcScheduler, ipcBackoff: false.
2020-07-19 12:59:02,546 [Socket Reader #1 for port 0] INFO  ipc.Server (Server.java:run(1219)) - Starting Socket Reader #1 for port 0
2020-07-19 12:59:02,546 [Listener at 0.0.0.0/43203] INFO  ipc.CallQueueManager (CallQueueManager.java:<init>(84)) - Using callQueue: class java.util.concurrent.LinkedBlockingQueue, queueCapacity: 2000, scheduler: class org.apache.hadoop.ipc.DefaultRpcScheduler, ipcBackoff: false.
2020-07-19 12:59:02,551 [Socket Reader #1 for port 0] INFO  ipc.Server (Server.java:run(1219)) - Starting Socket Reader #1 for port 0
2020-07-19 12:59:02,552 [Listener at 0.0.0.0/36471] INFO  ipc.CallQueueManager (CallQueueManager.java:<init>(84)) - Using callQueue: class java.util.concurrent.LinkedBlockingQueue, queueCapacity: 2000, scheduler: class org.apache.hadoop.ipc.DefaultRpcScheduler, ipcBackoff: false.
2020-07-19 12:59:02,554 [Socket Reader #1 for port 0] INFO  ipc.Server (Server.java:run(1219)) - Starting Socket Reader #1 for port 0
2020-07-19 12:59:02,560 [Listener at 0.0.0.0/42889] INFO  http.BaseHttpServer (BaseHttpServer.java:newHttpServer2BuilderForOzone(207)) - Starting Web-server for scm at: http://0.0.0.0:0
2020-07-19 12:59:02,560 [Listener at 0.0.0.0/42889] INFO  http.BaseHttpServer (BaseHttpServer.java:<init>(106)) - Hadoop Security Enabled: false Ozone Security Enabled: false Ozone HTTP Security Enabled: false 
2020-07-19 12:59:02,561 [Listener at 0.0.0.0/42889] INFO  server.AuthenticationFilter (AuthenticationFilter.java:constructSecretProvider(240)) - Unable to initialize FileSignerSecretProvider, falling back to use random secrets.
2020-07-19 12:59:02,562 [Listener at 0.0.0.0/42889] WARN  http.HttpRequestLog (HttpRequestLog.java:getRequestLog(103)) - Jetty request log can only be enabled using Log4j
2020-07-19 12:59:02,563 [Listener at 0.0.0.0/42889] INFO  http.HttpServer2 (HttpServer2.java:addGlobalFilter(998)) - Added global filter 'safety' (class=org.apache.hadoop.hdds.server.http.HttpServer2$QuotingInputFilter)
2020-07-19 12:59:02,564 [Listener at 0.0.0.0/42889] INFO  http.HttpServer2 (HttpServer2.java:addFilter(974)) - Added filter static_user_filter (class=org.apache.hadoop.http.lib.StaticUserWebFilter$StaticUserFilter) to context scm
2020-07-19 12:59:02,564 [Listener at 0.0.0.0/42889] INFO  http.HttpServer2 (HttpServer2.java:addFilter(982)) - Added filter static_user_filter (class=org.apache.hadoop.http.lib.StaticUserWebFilter$StaticUserFilter) to context static
2020-07-19 12:59:02,564 [Listener at 0.0.0.0/42889] INFO  http.HttpServer2 (HttpServer2.java:addFilter(982)) - Added filter static_user_filter (class=org.apache.hadoop.http.lib.StaticUserWebFilter$StaticUserFilter) to context logs
2020-07-19 12:59:02,568 [Listener at 0.0.0.0/42889] INFO  server.StorageContainerManager (StorageContainerManager.java:start(784)) - StorageContainerLocationProtocol RPC server is listening at /0.0.0.0:42889
2020-07-19 12:59:02,569 [Listener at 0.0.0.0/42889] WARN  impl.MetricsConfig (MetricsConfig.java:loadFirst(134)) - Cannot locate configuration: tried hadoop-metrics2-storagecontainermanager.properties,hadoop-metrics2.properties
2020-07-19 12:59:02,571 [Listener at 0.0.0.0/42889] INFO  impl.MetricsSystemImpl (MetricsSystemImpl.java:startTimer(374)) - Scheduled Metric snapshot period at 10 second(s).
2020-07-19 12:59:02,571 [Listener at 0.0.0.0/42889] INFO  impl.MetricsSystemImpl (MetricsSystemImpl.java:start(191)) - StorageContainerManager metrics system started
2020-07-19 12:59:02,584 [Listener at 0.0.0.0/42889] WARN  impl.MetricsSystemImpl (MetricsSystemImpl.java:register(276)) - Sink prometheus already exists!
2020-07-19 12:59:02,595 [Listener at 0.0.0.0/42889] INFO  server.SCMClientProtocolServer (SCMClientProtocolServer.java:start(156)) - RPC server for Client  is listening at /0.0.0.0:42889
2020-07-19 12:59:02,595 [IPC Server Responder] INFO  ipc.Server (Server.java:run(1460)) - IPC Server Responder: starting
2020-07-19 12:59:02,596 [IPC Server listener on 0] INFO  ipc.Server (Server.java:run(1298)) - IPC Server listener on 0: starting
2020-07-19 12:59:02,602 [Listener at 0.0.0.0/42889] INFO  server.StorageContainerManager (StorageContainerManager.java:start(796)) - ScmBlockLocationProtocol RPC server is listening at /0.0.0.0:36471
2020-07-19 12:59:02,602 [Listener at 0.0.0.0/42889] INFO  server.SCMBlockProtocolServer (SCMBlockProtocolServer.java:start(149)) - RPC server for Block Protocol is listening at /0.0.0.0:36471
2020-07-19 12:59:02,603 [IPC Server Responder] INFO  ipc.Server (Server.java:run(1460)) - IPC Server Responder: starting
2020-07-19 12:59:02,603 [IPC Server listener on 0] INFO  ipc.Server (Server.java:run(1298)) - IPC Server listener on 0: starting
2020-07-19 12:59:02,613 [Listener at 0.0.0.0/42889] INFO  server.StorageContainerManager (StorageContainerManager.java:start(802)) - ScmDatanodeProtocl RPC server is listening at /0.0.0.0:43203
2020-07-19 12:59:02,613 [Listener at 0.0.0.0/42889] INFO  server.SCMDatanodeProtocolServer (SCMDatanodeProtocolServer.java:start(172)) - RPC server for DataNodes is listening at /0.0.0.0:43203
2020-07-19 12:59:02,613 [IPC Server Responder] INFO  ipc.Server (Server.java:run(1460)) - IPC Server Responder: starting
2020-07-19 12:59:02,614 [IPC Server listener on 0] INFO  ipc.Server (Server.java:run(1298)) - IPC Server listener on 0: starting
2020-07-19 12:59:02,618 [Listener at 0.0.0.0/42889] INFO  http.HttpServer2 (HttpServer2.java:bindListener(1216)) - Jetty bound to port 33103
2020-07-19 12:59:02,620 [Listener at 0.0.0.0/42889] INFO  server.Server (Server.java:doStart(359)) - jetty-9.4.26.v20200117; built: 2020-01-17T12:35:33.676Z; git: 7b38981d25d14afb4a12ff1f2596756144edf695; jvm 1.8.0_232-b09
2020-07-19 12:59:02,626 [Listener at 0.0.0.0/42889] INFO  server.session (DefaultSessionIdManager.java:doStart(333)) - DefaultSessionIdManager workerName=node0
2020-07-19 12:59:02,626 [Listener at 0.0.0.0/42889] INFO  server.session (DefaultSessionIdManager.java:doStart(338)) - No SessionScavenger set, using defaults
2020-07-19 12:59:02,626 [Listener at 0.0.0.0/42889] INFO  server.session (HouseKeeper.java:startScavenging(140)) - node0 Scavenging every 660000ms
2020-07-19 12:59:02,627 [Listener at 0.0.0.0/42889] INFO  handler.ContextHandler (ContextHandler.java:doStart(825)) - Started o.e.j.s.ServletContextHandler@567e0a02{logs,/logs,file:///github/workspace/mnt/ozone/hadoop-ozone/integration-test/target/log,AVAILABLE}
2020-07-19 12:59:02,627 [Listener at 0.0.0.0/42889] INFO  handler.ContextHandler (ContextHandler.java:doStart(825)) - Started o.e.j.s.ServletContextHandler@85951ea{static,/static,file:///github/workspace/mnt/ozone/hadoop-ozone/integration-test/target/test-classes/webapps/static,AVAILABLE}
2020-07-19 12:59:02,631 [Listener at 0.0.0.0/42889] INFO  handler.ContextHandler (ContextHandler.java:doStart(825)) - Started o.e.j.w.WebAppContext@6b100fc{scm,/,file:///github/workspace/mnt/ozone/hadoop-ozone/integration-test/target/test-classes/webapps/scm/,AVAILABLE}{file:/github/workspace/mnt/ozone/hadoop-ozone/integration-test/target/test-classes/webapps/scm}
2020-07-19 12:59:02,631 [Listener at 0.0.0.0/42889] INFO  server.AbstractConnector (AbstractConnector.java:doStart(330)) - Started ServerConnector@7d0034cf{HTTP/1.1,[http/1.1]}{0.0.0.0:33103}
2020-07-19 12:59:02,631 [Listener at 0.0.0.0/42889] INFO  server.Server (Server.java:doStart(399)) - Started @40273ms
2020-07-19 12:59:02,632 [Listener at 0.0.0.0/42889] WARN  impl.MetricsSystemImpl (MetricsSystemImpl.java:register(276)) - Sink prometheus already exists!
2020-07-19 12:59:02,638 [Listener at 0.0.0.0/42889] INFO  http.BaseHttpServer (BaseHttpServer.java:updateConnectorAddress(327)) - HTTP server of scm listening at http://0.0.0.0:33103
2020-07-19 12:59:02,639 [Listener at 0.0.0.0/42889] WARN  server.ServerUtils (ServerUtils.java:getDBPath(225)) - ozone.om.db.dirs is not configured. We recommend adding this setting. Falling back to ozone.metadata.dirs instead.
2020-07-19 12:59:02,639 [org.apache.hadoop.util.JvmPauseMonitor$Monitor@4fa8e11b] INFO  util.JvmPauseMonitor (JvmPauseMonitor.java:run(188)) - Starting JVM pause monitor
2020-07-19 12:59:02,641 [Listener at 0.0.0.0/42889] INFO  ha.OMHANodeDetails (OMHANodeDetails.java:loadOMHAConfig(104)) - ozone.om.internal.service.id is not defined, falling back to ozone.om.service.ids to find serviceID for OzoneManager if it is HA enabled cluster
2020-07-19 12:59:02,641 [Listener at 0.0.0.0/42889] INFO  ha.OMHANodeDetails (OMHANodeDetails.java:loadOMHAConfig(213)) - Configuration either no ozone.om.address set. Falling back to the default OM address /127.0.0.1:0
2020-07-19 12:59:02,641 [Listener at 0.0.0.0/42889] INFO  ha.OMHANodeDetails (OMHANodeDetails.java:getOMNodeDetails(241)) - OM Service ID is not set. Setting it to the default ID: omServiceIdDefault
2020-07-19 12:59:02,642 [Listener at 0.0.0.0/42889] WARN  server.ServerUtils (ServerUtils.java:getDBPath(225)) - ozone.om.db.dirs is not configured. We recommend adding this setting. Falling back to ozone.metadata.dirs instead.
2020-07-19 12:59:02,642 [Listener at 0.0.0.0/42889] WARN  server.ServerUtils (ServerUtils.java:getDBPath(225)) - ozone.om.db.dirs is not configured. We recommend adding this setting. Falling back to ozone.metadata.dirs instead.
2020-07-19 12:59:02,650 [Listener at 0.0.0.0/42889] WARN  server.ServerUtils (ServerUtils.java:getDBPath(225)) - ozone.om.db.dirs is not configured. We recommend adding this setting. Falling back to ozone.metadata.dirs instead.
2020-07-19 12:59:02,709 [Listener at 0.0.0.0/42889] INFO  ipc.CallQueueManager (CallQueueManager.java:<init>(84)) - Using callQueue: class java.util.concurrent.LinkedBlockingQueue, queueCapacity: 2000, scheduler: class org.apache.hadoop.ipc.DefaultRpcScheduler, ipcBackoff: false.
2020-07-19 12:59:02,710 [Socket Reader #1 for port 0] INFO  ipc.Server (Server.java:run(1219)) - Starting Socket Reader #1 for port 0
2020-07-19 12:59:02,731 [Listener at 127.0.0.1/43321] INFO  impl.MetricsSystemImpl (MetricsSystemImpl.java:init(158)) - OzoneManager metrics system started (again)
2020-07-19 12:59:02,732 [Listener at 127.0.0.1/43321] INFO  om.OzoneManager (OzoneManager.java:start(1101)) - OzoneManager RPC server is listening at localhost/127.0.0.1:43321
2020-07-19 12:59:02,733 [IPC Server Responder] INFO  ipc.Server (Server.java:run(1460)) - IPC Server Responder: starting
2020-07-19 12:59:02,734 [IPC Server listener on 0] INFO  ipc.Server (Server.java:run(1298)) - IPC Server listener on 0: starting
2020-07-19 12:59:02,744 [Listener at 127.0.0.1/43321] INFO  http.BaseHttpServer (BaseHttpServer.java:newHttpServer2BuilderForOzone(207)) - Starting Web-server for ozoneManager at: http://0.0.0.0:0
2020-07-19 12:59:02,744 [Listener at 127.0.0.1/43321] INFO  http.BaseHttpServer (BaseHttpServer.java:<init>(106)) - Hadoop Security Enabled: false Ozone Security Enabled: false Ozone HTTP Security Enabled: false 
2020-07-19 12:59:02,745 [Listener at 127.0.0.1/43321] INFO  server.AuthenticationFilter (AuthenticationFilter.java:constructSecretProvider(240)) - Unable to initialize FileSignerSecretProvider, falling back to use random secrets.
2020-07-19 12:59:02,747 [Listener at 127.0.0.1/43321] WARN  http.HttpRequestLog (HttpRequestLog.java:getRequestLog(103)) - Jetty request log can only be enabled using Log4j
2020-07-19 12:59:02,748 [Listener at 127.0.0.1/43321] INFO  http.HttpServer2 (HttpServer2.java:addGlobalFilter(998)) - Added global filter 'safety' (class=org.apache.hadoop.hdds.server.http.HttpServer2$QuotingInputFilter)
2020-07-19 12:59:02,749 [Listener at 127.0.0.1/43321] INFO  http.HttpServer2 (HttpServer2.java:addFilter(974)) - Added filter static_user_filter (class=org.apache.hadoop.http.lib.StaticUserWebFilter$StaticUserFilter) to context ozoneManager
2020-07-19 12:59:02,749 [Listener at 127.0.0.1/43321] INFO  http.HttpServer2 (HttpServer2.java:addFilter(982)) - Added filter static_user_filter (class=org.apache.hadoop.http.lib.StaticUserWebFilter$StaticUserFilter) to context static
2020-07-19 12:59:02,749 [Listener at 127.0.0.1/43321] INFO  http.HttpServer2 (HttpServer2.java:addFilter(982)) - Added filter static_user_filter (class=org.apache.hadoop.http.lib.StaticUserWebFilter$StaticUserFilter) to context logs
2020-07-19 12:59:02,750 [Listener at 127.0.0.1/43321] INFO  http.HttpServer2 (HttpServer2.java:bindListener(1216)) - Jetty bound to port 41923
2020-07-19 12:59:02,750 [Listener at 127.0.0.1/43321] INFO  server.Server (Server.java:doStart(359)) - jetty-9.4.26.v20200117; built: 2020-01-17T12:35:33.676Z; git: 7b38981d25d14afb4a12ff1f2596756144edf695; jvm 1.8.0_232-b09
2020-07-19 12:59:02,751 [Listener at 127.0.0.1/43321] INFO  server.session (DefaultSessionIdManager.java:doStart(333)) - DefaultSessionIdManager workerName=node0
2020-07-19 12:59:02,751 [Listener at 127.0.0.1/43321] INFO  server.session (DefaultSessionIdManager.java:doStart(338)) - No SessionScavenger set, using defaults
2020-07-19 12:59:02,751 [Listener at 127.0.0.1/43321] INFO  server.session (HouseKeeper.java:startScavenging(140)) - node0 Scavenging every 600000ms
2020-07-19 12:59:02,752 [Listener at 127.0.0.1/43321] INFO  handler.ContextHandler (ContextHandler.java:doStart(825)) - Started o.e.j.s.ServletContextHandler@d64513d{logs,/logs,file:///github/workspace/mnt/ozone/hadoop-ozone/integration-test/target/log,AVAILABLE}
2020-07-19 12:59:02,752 [Listener at 127.0.0.1/43321] INFO  handler.ContextHandler (ContextHandler.java:doStart(825)) - Started o.e.j.s.ServletContextHandler@2cdf24fc{static,/static,file:///github/workspace/mnt/ozone/hadoop-ozone/integration-test/target/test-classes/webapps/static,AVAILABLE}
2020-07-19 12:59:02,756 [Listener at 127.0.0.1/43321] INFO  handler.ContextHandler (ContextHandler.java:doStart(825)) - Started o.e.j.w.WebAppContext@805b2dc{ozoneManager,/,file:///github/workspace/mnt/ozone/hadoop-ozone/integration-test/target/test-classes/webapps/ozoneManager/,AVAILABLE}{file:/github/workspace/mnt/ozone/hadoop-ozone/integration-test/target/test-classes/webapps/ozoneManager}
2020-07-19 12:59:02,757 [Listener at 127.0.0.1/43321] INFO  server.AbstractConnector (AbstractConnector.java:doStart(330)) - Started ServerConnector@1683b60c{HTTP/1.1,[http/1.1]}{0.0.0.0:41923}
2020-07-19 12:59:02,757 [Listener at 127.0.0.1/43321] INFO  server.Server (Server.java:doStart(399)) - Started @40399ms
2020-07-19 12:59:02,757 [Listener at 127.0.0.1/43321] WARN  impl.MetricsSystemImpl (MetricsSystemImpl.java:register(276)) - Sink prometheus already exists!
2020-07-19 12:59:02,762 [Listener at 127.0.0.1/43321] INFO  http.BaseHttpServer (BaseHttpServer.java:updateConnectorAddress(327)) - HTTP server of ozoneManager listening at http://0.0.0.0:41923
2020-07-19 12:59:02,762 [org.apache.hadoop.util.JvmPauseMonitor$Monitor@7fe5e109] INFO  util.JvmPauseMonitor (JvmPauseMonitor.java:run(188)) - Starting JVM pause monitor
2020-07-19 12:59:02,774 [Listener at 127.0.0.1/43321] INFO  impl.MetricsSystemImpl (MetricsSystemImpl.java:init(158)) - HddsDatanode metrics system started (again)
2020-07-19 12:59:02,775 [Listener at 127.0.0.1/43321] INFO  ozone.HddsDatanodeService (HddsDatanodeService.java:start(214)) - HddsDatanodeService host:fe49c764e40f ip:172.17.0.2
2020-07-19 12:59:02,780 [Listener at 127.0.0.1/43321] INFO  volume.HddsVolume (HddsVolume.java:<init>(176)) - Creating Volume: /github/workspace/mnt/ozone/hadoop-ozone/integration-test/target/test-dir/MiniOzoneClusterImpl-8824b896-4141-4ae0-8a85-a38dd1836ba7/datanode-0/data-0/containers/hdds of storage type : DISK and capacity : 9223372036854775807
2020-07-19 12:59:02,780 [Listener at 127.0.0.1/43321] INFO  volume.MutableVolumeSet (MutableVolumeSet.java:initializeVolumeSet(179)) - Added Volume : /github/workspace/mnt/ozone/hadoop-ozone/integration-test/target/test-dir/MiniOzoneClusterImpl-8824b896-4141-4ae0-8a85-a38dd1836ba7/datanode-0/data-0/containers/hdds to VolumeSet
2020-07-19 12:59:02,780 [Listener at 127.0.0.1/43321] INFO  volume.ThrottledAsyncChecker (ThrottledAsyncChecker.java:schedule(141)) - Scheduling a check for /github/workspace/mnt/ozone/hadoop-ozone/integration-test/target/test-dir/MiniOzoneClusterImpl-8824b896-4141-4ae0-8a85-a38dd1836ba7/datanode-0/data-0/containers/hdds
2020-07-19 12:59:02,781 [Listener at 127.0.0.1/43321] INFO  volume.HddsVolumeChecker (HddsVolumeChecker.java:checkAllVolumes(200)) - Scheduled health check for volume /github/workspace/mnt/ozone/hadoop-ozone/integration-test/target/test-dir/MiniOzoneClusterImpl-8824b896-4141-4ae0-8a85-a38dd1836ba7/datanode-0/data-0/containers/hdds
2020-07-19 12:59:02,804 [Listener at 127.0.0.1/43321] INFO  impl.RaftServerProxy (ConfUtils.java:logGet(44)) - raft.rpc.type = GRPC (default)
2020-07-19 12:59:02,804 [Listener at 127.0.0.1/43321] INFO  grpc.GrpcFactory (GrpcFactory.java:checkPooledByteBufAllocatorUseCacheForAllThreads(45)) - PERFORMANCE WARNING: useCacheForAllThreads is true that may cause Netty to create a lot garbage objects and, as a result, trigger GC.
	It is recommended to disable useCacheForAllThreads by setting -Dorg.apache.ratis.thirdparty.io.netty.allocator.useCacheForAllThreads=false in command line.
2020-07-19 12:59:02,804 [Listener at 127.0.0.1/43321] INFO  grpc.GrpcConfigKeys (ConfUtils.java:logGet(44)) - raft.grpc.server.port = 0 (default)
2020-07-19 12:59:02,804 [Listener at 127.0.0.1/43321] INFO  server.GrpcService (ConfUtils.java:logGet(44)) - raft.grpc.message.size.max = 32MB (=33554432) (custom)
2020-07-19 12:59:02,804 [Listener at 127.0.0.1/43321] INFO  server.RaftServerConfigKeys (ConfUtils.java:logGet(44)) - raft.server.log.appender.buffer.byte-limit = 33554432 (custom)
2020-07-19 12:59:02,804 [Listener at 127.0.0.1/43321] INFO  server.GrpcService (ConfUtils.java:logGet(44)) - raft.grpc.flow.control.window = 5MB (=5242880) (custom)
2020-07-19 12:59:02,805 [Listener at 127.0.0.1/43321] INFO  server.RaftServerConfigKeys (ConfUtils.java:logGet(44)) - raft.server.rpc.request.timeout = 3000ms (default)
2020-07-19 12:59:02,806 [Listener at 127.0.0.1/43321] INFO  server.RaftServerConfigKeys (ConfUtils.java:logGet(44)) - raft.server.storage.dir = [/github/workspace/mnt/ozone/hadoop-ozone/integration-test/target/test-dir/MiniOzoneClusterImpl-8824b896-4141-4ae0-8a85-a38dd1836ba7/datanode-0/data/ratis] (custom)
2020-07-19 12:59:02,811 [Listener at 127.0.0.1/43321] INFO  http.BaseHttpServer (BaseHttpServer.java:newHttpServer2BuilderForOzone(207)) - Starting Web-server for hddsDatanode at: http://0.0.0.0:0
2020-07-19 12:59:02,812 [Listener at 127.0.0.1/43321] INFO  http.BaseHttpServer (BaseHttpServer.java:<init>(106)) - Hadoop Security Enabled: false Ozone Security Enabled: false Ozone HTTP Security Enabled: false 
2020-07-19 12:59:02,812 [Listener at 127.0.0.1/43321] INFO  server.AuthenticationFilter (AuthenticationFilter.java:constructSecretProvider(240)) - Unable to initialize FileSignerSecretProvider, falling back to use random secrets.
2020-07-19 12:59:02,813 [Listener at 127.0.0.1/43321] WARN  http.HttpRequestLog (HttpRequestLog.java:getRequestLog(103)) - Jetty request log can only be enabled using Log4j
2020-07-19 12:59:02,814 [Listener at 127.0.0.1/43321] INFO  http.HttpServer2 (HttpServer2.java:addGlobalFilter(998)) - Added global filter 'safety' (class=org.apache.hadoop.hdds.server.http.HttpServer2$QuotingInputFilter)
2020-07-19 12:59:02,814 [Listener at 127.0.0.1/43321] INFO  http.HttpServer2 (HttpServer2.java:addFilter(974)) - Added filter static_user_filter (class=org.apache.hadoop.http.lib.StaticUserWebFilter$StaticUserFilter) to context hddsDatanode
2020-07-19 12:59:02,814 [Listener at 127.0.0.1/43321] INFO  http.HttpServer2 (HttpServer2.java:addFilter(982)) - Added filter static_user_filter (class=org.apache.hadoop.http.lib.StaticUserWebFilter$StaticUserFilter) to context static
2020-07-19 12:59:02,814 [Listener at 127.0.0.1/43321] INFO  http.HttpServer2 (HttpServer2.java:addFilter(982)) - Added filter static_user_filter (class=org.apache.hadoop.http.lib.StaticUserWebFilter$StaticUserFilter) to context logs
2020-07-19 12:59:02,815 [Listener at 127.0.0.1/43321] INFO  http.HttpServer2 (HttpServer2.java:bindListener(1216)) - Jetty bound to port 39385
2020-07-19 12:59:02,815 [Listener at 127.0.0.1/43321] INFO  server.Server (Server.java:doStart(359)) - jetty-9.4.26.v20200117; built: 2020-01-17T12:35:33.676Z; git: 7b38981d25d14afb4a12ff1f2596756144edf695; jvm 1.8.0_232-b09
2020-07-19 12:59:02,816 [Listener at 127.0.0.1/43321] INFO  server.session (DefaultSessionIdManager.java:doStart(333)) - DefaultSessionIdManager workerName=node0
2020-07-19 12:59:02,816 [Listener at 127.0.0.1/43321] INFO  server.session (DefaultSessionIdManager.java:doStart(338)) - No SessionScavenger set, using defaults
2020-07-19 12:59:02,817 [Listener at 127.0.0.1/43321] INFO  server.session (HouseKeeper.java:startScavenging(140)) - node0 Scavenging every 600000ms
2020-07-19 12:59:02,817 [Listener at 127.0.0.1/43321] INFO  handler.ContextHandler (ContextHandler.java:doStart(825)) - Started o.e.j.s.ServletContextHandler@39b6ad40{logs,/logs,file:///github/workspace/mnt/ozone/hadoop-ozone/integration-test/target/log,AVAILABLE}
2020-07-19 12:59:02,818 [Listener at 127.0.0.1/43321] INFO  handler.ContextHandler (ContextHandler.java:doStart(825)) - Started o.e.j.s.ServletContextHandler@21709c75{static,/static,jar:file:/home/user/.m2/repository/org/apache/hadoop/hadoop-hdds-container-service/0.6.0-SNAPSHOT/hadoop-hdds-container-service-0.6.0-SNAPSHOT.jar!/webapps/static,AVAILABLE}
2020-07-19 12:59:02,899 [Listener at 127.0.0.1/43321] INFO  handler.ContextHandler (ContextHandler.java:doStart(825)) - Started o.e.j.w.WebAppContext@5aebaf68{hddsDatanode,/,file:///tmp/jetty-0_0_0_0-39385-hadoop-hdds-container-service-0_6_0-SNAPSHOT_jar-_-any-5707772965154058534.dir/webapp/,AVAILABLE}{jar:file:/home/user/.m2/repository/org/apache/hadoop/hadoop-hdds-container-service/0.6.0-SNAPSHOT/hadoop-hdds-container-service-0.6.0-SNAPSHOT.jar!/webapps/hddsDatanode}
2020-07-19 12:59:02,900 [Listener at 127.0.0.1/43321] INFO  server.AbstractConnector (AbstractConnector.java:doStart(330)) - Started ServerConnector@770e8c17{HTTP/1.1,[http/1.1]}{0.0.0.0:39385}
2020-07-19 12:59:02,900 [Listener at 127.0.0.1/43321] INFO  server.Server (Server.java:doStart(399)) - Started @40542ms
2020-07-19 12:59:02,900 [Listener at 127.0.0.1/43321] WARN  impl.MetricsSystemImpl (MetricsSystemImpl.java:register(276)) - Sink prometheus already exists!
2020-07-19 12:59:02,906 [Listener at 127.0.0.1/43321] INFO  http.BaseHttpServer (BaseHttpServer.java:updateConnectorAddress(327)) - HTTP server of hddsDatanode listening at http://0.0.0.0:39385
2020-07-19 12:59:02,907 [Listener at 127.0.0.1/43321] INFO  impl.MetricsSystemImpl (MetricsSystemImpl.java:init(158)) - HddsDatanode metrics system started (again)
2020-07-19 12:59:02,909 [Listener at 127.0.0.1/43321] INFO  ozone.HddsDatanodeService (HddsDatanodeService.java:start(214)) - HddsDatanodeService host:fe49c764e40f ip:172.17.0.2
2020-07-19 12:59:02,910 [Datanode State Machine Thread - 0] INFO  datanode.InitDatanodeState (InitDatanodeState.java:persistContainerDatanodeDetails(145)) - DatanodeDetails is persisted to /github/workspace/mnt/ozone/hadoop-ozone/integration-test/target/test-dir/MiniOzoneClusterImpl-8824b896-4141-4ae0-8a85-a38dd1836ba7/datanode-0/meta/datanode.id
2020-07-19 12:59:02,910 [org.apache.hadoop.util.JvmPauseMonitor$Monitor@1e27f618] INFO  util.JvmPauseMonitor (JvmPauseMonitor.java:run(188)) - Starting JVM pause monitor
2020-07-19 12:59:02,911 [Listener at 127.0.0.1/43321] INFO  volume.HddsVolume (HddsVolume.java:<init>(176)) - Creating Volume: /github/workspace/mnt/ozone/hadoop-ozone/integration-test/target/test-dir/MiniOzoneClusterImpl-8824b896-4141-4ae0-8a85-a38dd1836ba7/datanode-1/data-0/containers/hdds of storage type : DISK and capacity : 9223372036854775807
2020-07-19 12:59:02,911 [Listener at 127.0.0.1/43321] INFO  volume.MutableVolumeSet (MutableVolumeSet.java:initializeVolumeSet(179)) - Added Volume : /github/workspace/mnt/ozone/hadoop-ozone/integration-test/target/test-dir/MiniOzoneClusterImpl-8824b896-4141-4ae0-8a85-a38dd1836ba7/datanode-1/data-0/containers/hdds to VolumeSet
2020-07-19 12:59:02,911 [Listener at 127.0.0.1/43321] INFO  volume.ThrottledAsyncChecker (ThrottledAsyncChecker.java:schedule(141)) - Scheduling a check for /github/workspace/mnt/ozone/hadoop-ozone/integration-test/target/test-dir/MiniOzoneClusterImpl-8824b896-4141-4ae0-8a85-a38dd1836ba7/datanode-1/data-0/containers/hdds
2020-07-19 12:59:02,912 [Listener at 127.0.0.1/43321] INFO  volume.HddsVolumeChecker (HddsVolumeChecker.java:checkAllVolumes(200)) - Scheduled health check for volume /github/workspace/mnt/ozone/hadoop-ozone/integration-test/target/test-dir/MiniOzoneClusterImpl-8824b896-4141-4ae0-8a85-a38dd1836ba7/datanode-1/data-0/containers/hdds
2020-07-19 12:59:02,933 [Listener at 127.0.0.1/43321] INFO  impl.RaftServerProxy (ConfUtils.java:logGet(44)) - raft.rpc.type = GRPC (default)
2020-07-19 12:59:02,933 [Listener at 127.0.0.1/43321] INFO  grpc.GrpcFactory (GrpcFactory.java:checkPooledByteBufAllocatorUseCacheForAllThreads(45)) - PERFORMANCE WARNING: useCacheForAllThreads is true that may cause Netty to create a lot garbage objects and, as a result, trigger GC.
	It is recommended to disable useCacheForAllThreads by setting -Dorg.apache.ratis.thirdparty.io.netty.allocator.useCacheForAllThreads=false in command line.
2020-07-19 12:59:02,933 [Listener at 127.0.0.1/43321] INFO  grpc.GrpcConfigKeys (ConfUtils.java:logGet(44)) - raft.grpc.server.port = 0 (default)
2020-07-19 12:59:02,934 [Listener at 127.0.0.1/43321] INFO  server.GrpcService (ConfUtils.java:logGet(44)) - raft.grpc.message.size.max = 32MB (=33554432) (custom)
2020-07-19 12:59:02,934 [Listener at 127.0.0.1/43321] INFO  server.RaftServerConfigKeys (ConfUtils.java:logGet(44)) - raft.server.log.appender.buffer.byte-limit = 33554432 (custom)
2020-07-19 12:59:02,934 [Listener at 127.0.0.1/43321] INFO  server.GrpcService (ConfUtils.java:logGet(44)) - raft.grpc.flow.control.window = 5MB (=5242880) (custom)
2020-07-19 12:59:02,934 [Listener at 127.0.0.1/43321] INFO  server.RaftServerConfigKeys (ConfUtils.java:logGet(44)) - raft.server.rpc.request.timeout = 3000ms (default)
2020-07-19 12:59:02,935 [Listener at 127.0.0.1/43321] INFO  server.RaftServerConfigKeys (ConfUtils.java:logGet(44)) - raft.server.storage.dir = [/github/workspace/mnt/ozone/hadoop-ozone/integration-test/target/test-dir/MiniOzoneClusterImpl-8824b896-4141-4ae0-8a85-a38dd1836ba7/datanode-1/data/ratis] (custom)
2020-07-19 12:59:02,940 [Listener at 127.0.0.1/43321] INFO  http.BaseHttpServer (BaseHttpServer.java:newHttpServer2BuilderForOzone(207)) - Starting Web-server for hddsDatanode at: http://0.0.0.0:0
2020-07-19 12:59:02,940 [Listener at 127.0.0.1/43321] INFO  http.BaseHttpServer (BaseHttpServer.java:<init>(106)) - Hadoop Security Enabled: false Ozone Security Enabled: false Ozone HTTP Security Enabled: false 
2020-07-19 12:59:02,941 [Listener at 127.0.0.1/43321] INFO  server.AuthenticationFilter (AuthenticationFilter.java:constructSecretProvider(240)) - Unable to initialize FileSignerSecretProvider, falling back to use random secrets.
2020-07-19 12:59:02,942 [Listener at 127.0.0.1/43321] WARN  http.HttpRequestLog (HttpRequestLog.java:getRequestLog(103)) - Jetty request log can only be enabled using Log4j
2020-07-19 12:59:02,942 [Listener at 127.0.0.1/43321] INFO  http.HttpServer2 (HttpServer2.java:addGlobalFilter(998)) - Added global filter 'safety' (class=org.apache.hadoop.hdds.server.http.HttpServer2$QuotingInputFilter)
2020-07-19 12:59:02,943 [Listener at 127.0.0.1/43321] INFO  http.HttpServer2 (HttpServer2.java:addFilter(974)) - Added filter static_user_filter (class=org.apache.hadoop.http.lib.StaticUserWebFilter$StaticUserFilter) to context hddsDatanode
2020-07-19 12:59:02,943 [Listener at 127.0.0.1/43321] INFO  http.HttpServer2 (HttpServer2.java:addFilter(982)) - Added filter static_user_filter (class=org.apache.hadoop.http.lib.StaticUserWebFilter$StaticUserFilter) to context static
2020-07-19 12:59:02,943 [Listener at 127.0.0.1/43321] INFO  http.HttpServer2 (HttpServer2.java:addFilter(982)) - Added filter static_user_filter (class=org.apache.hadoop.http.lib.StaticUserWebFilter$StaticUserFilter) to context logs
2020-07-19 12:59:02,943 [Listener at 127.0.0.1/43321] INFO  http.HttpServer2 (HttpServer2.java:bindListener(1216)) - Jetty bound to port 33537
2020-07-19 12:59:02,943 [Listener at 127.0.0.1/43321] INFO  server.Server (Server.java:doStart(359)) - jetty-9.4.26.v20200117; built: 2020-01-17T12:35:33.676Z; git: 7b38981d25d14afb4a12ff1f2596756144edf695; jvm 1.8.0_232-b09
2020-07-19 12:59:02,947 [Listener at 127.0.0.1/43321] INFO  server.session (DefaultSessionIdManager.java:doStart(333)) - DefaultSessionIdManager workerName=node0
2020-07-19 12:59:02,947 [Listener at 127.0.0.1/43321] INFO  server.session (DefaultSessionIdManager.java:doStart(338)) - No SessionScavenger set, using defaults
2020-07-19 12:59:02,947 [Listener at 127.0.0.1/43321] INFO  server.session (HouseKeeper.java:startScavenging(140)) - node0 Scavenging every 600000ms
2020-07-19 12:59:02,948 [Listener at 127.0.0.1/43321] INFO  handler.ContextHandler (ContextHandler.java:doStart(825)) - Started o.e.j.s.ServletContextHandler@5ad927d6{logs,/logs,file:///github/workspace/mnt/ozone/hadoop-ozone/integration-test/target/log,AVAILABLE}
2020-07-19 12:59:02,948 [Listener at 127.0.0.1/43321] INFO  handler.ContextHandler (ContextHandler.java:doStart(825)) - Started o.e.j.s.ServletContextHandler@95956a1{static,/static,jar:file:/home/user/.m2/repository/org/apache/hadoop/hadoop-hdds-container-service/0.6.0-SNAPSHOT/hadoop-hdds-container-service-0.6.0-SNAPSHOT.jar!/webapps/static,AVAILABLE}
2020-07-19 12:59:03,027 [Listener at 127.0.0.1/43321] INFO  handler.ContextHandler (ContextHandler.java:doStart(825)) - Started o.e.j.w.WebAppContext@774bc932{hddsDatanode,/,file:///tmp/jetty-0_0_0_0-33537-hadoop-hdds-container-service-0_6_0-SNAPSHOT_jar-_-any-8537131049667183357.dir/webapp/,AVAILABLE}{jar:file:/home/user/.m2/repository/org/apache/hadoop/hadoop-hdds-container-service/0.6.0-SNAPSHOT/hadoop-hdds-container-service-0.6.0-SNAPSHOT.jar!/webapps/hddsDatanode}
2020-07-19 12:59:03,028 [Listener at 127.0.0.1/43321] INFO  server.AbstractConnector (AbstractConnector.java:doStart(330)) - Started ServerConnector@49d7fce0{HTTP/1.1,[http/1.1]}{0.0.0.0:33537}
2020-07-19 12:59:03,028 [Listener at 127.0.0.1/43321] INFO  server.Server (Server.java:doStart(399)) - Started @40670ms
2020-07-19 12:59:03,028 [Listener at 127.0.0.1/43321] WARN  impl.MetricsSystemImpl (MetricsSystemImpl.java:register(276)) - Sink prometheus already exists!
2020-07-19 12:59:03,033 [Listener at 127.0.0.1/43321] INFO  http.BaseHttpServer (BaseHttpServer.java:updateConnectorAddress(327)) - HTTP server of hddsDatanode listening at http://0.0.0.0:33537
2020-07-19 12:59:03,035 [Listener at 127.0.0.1/43321] INFO  impl.MetricsSystemImpl (MetricsSystemImpl.java:init(158)) - HddsDatanode metrics system started (again)
2020-07-19 12:59:03,036 [org.apache.hadoop.util.JvmPauseMonitor$Monitor@6013d610] INFO  util.JvmPauseMonitor (JvmPauseMonitor.java:run(188)) - Starting JVM pause monitor
2020-07-19 12:59:03,037 [Listener at 127.0.0.1/43321] INFO  ozone.HddsDatanodeService (HddsDatanodeService.java:start(214)) - HddsDatanodeService host:fe49c764e40f ip:172.17.0.2
2020-07-19 12:59:03,039 [Datanode State Machine Thread - 0] INFO  datanode.InitDatanodeState (InitDatanodeState.java:persistContainerDatanodeDetails(145)) - DatanodeDetails is persisted to /github/workspace/mnt/ozone/hadoop-ozone/integration-test/target/test-dir/MiniOzoneClusterImpl-8824b896-4141-4ae0-8a85-a38dd1836ba7/datanode-1/meta/datanode.id
2020-07-19 12:59:03,039 [Listener at 127.0.0.1/43321] INFO  volume.HddsVolume (HddsVolume.java:<init>(176)) - Creating Volume: /github/workspace/mnt/ozone/hadoop-ozone/integration-test/target/test-dir/MiniOzoneClusterImpl-8824b896-4141-4ae0-8a85-a38dd1836ba7/datanode-2/data-0/containers/hdds of storage type : DISK and capacity : 9223372036854775807
2020-07-19 12:59:03,040 [Listener at 127.0.0.1/43321] INFO  volume.MutableVolumeSet (MutableVolumeSet.java:initializeVolumeSet(179)) - Added Volume : /github/workspace/mnt/ozone/hadoop-ozone/integration-test/target/test-dir/MiniOzoneClusterImpl-8824b896-4141-4ae0-8a85-a38dd1836ba7/datanode-2/data-0/containers/hdds to VolumeSet
2020-07-19 12:59:03,040 [Listener at 127.0.0.1/43321] INFO  volume.ThrottledAsyncChecker (ThrottledAsyncChecker.java:schedule(141)) - Scheduling a check for /github/workspace/mnt/ozone/hadoop-ozone/integration-test/target/test-dir/MiniOzoneClusterImpl-8824b896-4141-4ae0-8a85-a38dd1836ba7/datanode-2/data-0/containers/hdds
2020-07-19 12:59:03,041 [Listener at 127.0.0.1/43321] INFO  volume.HddsVolumeChecker (HddsVolumeChecker.java:checkAllVolumes(200)) - Scheduled health check for volume /github/workspace/mnt/ozone/hadoop-ozone/integration-test/target/test-dir/MiniOzoneClusterImpl-8824b896-4141-4ae0-8a85-a38dd1836ba7/datanode-2/data-0/containers/hdds
2020-07-19 12:59:03,057 [Listener at 127.0.0.1/43321] INFO  impl.RaftServerProxy (ConfUtils.java:logGet(44)) - raft.rpc.type = GRPC (default)
2020-07-19 12:59:03,058 [Listener at 127.0.0.1/43321] INFO  grpc.GrpcFactory (GrpcFactory.java:checkPooledByteBufAllocatorUseCacheForAllThreads(45)) - PERFORMANCE WARNING: useCacheForAllThreads is true that may cause Netty to create a lot garbage objects and, as a result, trigger GC.
	It is recommended to disable useCacheForAllThreads by setting -Dorg.apache.ratis.thirdparty.io.netty.allocator.useCacheForAllThreads=false in command line.
2020-07-19 12:59:03,058 [Listener at 127.0.0.1/43321] INFO  grpc.GrpcConfigKeys (ConfUtils.java:logGet(44)) - raft.grpc.server.port = 0 (default)
2020-07-19 12:59:03,058 [Listener at 127.0.0.1/43321] INFO  server.GrpcService (ConfUtils.java:logGet(44)) - raft.grpc.message.size.max = 32MB (=33554432) (custom)
2020-07-19 12:59:03,058 [Listener at 127.0.0.1/43321] INFO  server.RaftServerConfigKeys (ConfUtils.java:logGet(44)) - raft.server.log.appender.buffer.byte-limit = 33554432 (custom)
2020-07-19 12:59:03,058 [Listener at 127.0.0.1/43321] INFO  server.GrpcService (ConfUtils.java:logGet(44)) - raft.grpc.flow.control.window = 5MB (=5242880) (custom)
2020-07-19 12:59:03,058 [Listener at 127.0.0.1/43321] INFO  server.RaftServerConfigKeys (ConfUtils.java:logGet(44)) - raft.server.rpc.request.timeout = 3000ms (default)
2020-07-19 12:59:03,059 [Listener at 127.0.0.1/43321] INFO  server.RaftServerConfigKeys (ConfUtils.java:logGet(44)) - raft.server.storage.dir = [/github/workspace/mnt/ozone/hadoop-ozone/integration-test/target/test-dir/MiniOzoneClusterImpl-8824b896-4141-4ae0-8a85-a38dd1836ba7/datanode-2/data/ratis] (custom)
2020-07-19 12:59:03,065 [Listener at 127.0.0.1/43321] INFO  http.BaseHttpServer (BaseHttpServer.java:newHttpServer2BuilderForOzone(207)) - Starting Web-server for hddsDatanode at: http://0.0.0.0:0
2020-07-19 12:59:03,066 [Listener at 127.0.0.1/43321] INFO  http.BaseHttpServer (BaseHttpServer.java:<init>(106)) - Hadoop Security Enabled: false Ozone Security Enabled: false Ozone HTTP Security Enabled: false 
2020-07-19 12:59:03,066 [Listener at 127.0.0.1/43321] INFO  server.AuthenticationFilter (AuthenticationFilter.java:constructSecretProvider(240)) - Unable to initialize FileSignerSecretProvider, falling back to use random secrets.
2020-07-19 12:59:03,067 [Listener at 127.0.0.1/43321] WARN  http.HttpRequestLog (HttpRequestLog.java:getRequestLog(103)) - Jetty request log can only be enabled using Log4j
2020-07-19 12:59:03,067 [Listener at 127.0.0.1/43321] INFO  http.HttpServer2 (HttpServer2.java:addGlobalFilter(998)) - Added global filter 'safety' (class=org.apache.hadoop.hdds.server.http.HttpServer2$QuotingInputFilter)
2020-07-19 12:59:03,068 [Listener at 127.0.0.1/43321] INFO  http.HttpServer2 (HttpServer2.java:addFilter(974)) - Added filter static_user_filter (class=org.apache.hadoop.http.lib.StaticUserWebFilter$StaticUserFilter) to context hddsDatanode
2020-07-19 12:59:03,068 [Listener at 127.0.0.1/43321] INFO  http.HttpServer2 (HttpServer2.java:addFilter(982)) - Added filter static_user_filter (class=org.apache.hadoop.http.lib.StaticUserWebFilter$StaticUserFilter) to context logs
2020-07-19 12:59:03,068 [Listener at 127.0.0.1/43321] INFO  http.HttpServer2 (HttpServer2.java:addFilter(982)) - Added filter static_user_filter (class=org.apache.hadoop.http.lib.StaticUserWebFilter$StaticUserFilter) to context static
2020-07-19 12:59:03,069 [Listener at 127.0.0.1/43321] INFO  http.HttpServer2 (HttpServer2.java:bindListener(1216)) - Jetty bound to port 38381
2020-07-19 12:59:03,069 [Listener at 127.0.0.1/43321] INFO  server.Server (Server.java:doStart(359)) - jetty-9.4.26.v20200117; built: 2020-01-17T12:35:33.676Z; git: 7b38981d25d14afb4a12ff1f2596756144edf695; jvm 1.8.0_232-b09
2020-07-19 12:59:03,070 [Listener at 127.0.0.1/43321] INFO  server.session (DefaultSessionIdManager.java:doStart(333)) - DefaultSessionIdManager workerName=node0
2020-07-19 12:59:03,070 [Listener at 127.0.0.1/43321] INFO  server.session (DefaultSessionIdManager.java:doStart(338)) - No SessionScavenger set, using defaults
2020-07-19 12:59:03,071 [Listener at 127.0.0.1/43321] INFO  server.session (HouseKeeper.java:startScavenging(140)) - node0 Scavenging every 600000ms
2020-07-19 12:59:03,071 [Listener at 127.0.0.1/43321] INFO  handler.ContextHandler (ContextHandler.java:doStart(825)) - Started o.e.j.s.ServletContextHandler@23b22bb5{logs,/logs,file:///github/workspace/mnt/ozone/hadoop-ozone/integration-test/target/log,AVAILABLE}
2020-07-19 12:59:03,071 [Listener at 127.0.0.1/43321] INFO  handler.ContextHandler (ContextHandler.java:doStart(825)) - Started o.e.j.s.ServletContextHandler@352107ad{static,/static,jar:file:/home/user/.m2/repository/org/apache/hadoop/hadoop-hdds-container-service/0.6.0-SNAPSHOT/hadoop-hdds-container-service-0.6.0-SNAPSHOT.jar!/webapps/static,AVAILABLE}
2020-07-19 12:59:03,152 [Listener at 127.0.0.1/43321] INFO  handler.ContextHandler (ContextHandler.java:doStart(825)) - Started o.e.j.w.WebAppContext@46690dd0{hddsDatanode,/,file:///tmp/jetty-0_0_0_0-38381-hadoop-hdds-container-service-0_6_0-SNAPSHOT_jar-_-any-2545811621584189672.dir/webapp/,AVAILABLE}{jar:file:/home/user/.m2/repository/org/apache/hadoop/hadoop-hdds-container-service/0.6.0-SNAPSHOT/hadoop-hdds-container-service-0.6.0-SNAPSHOT.jar!/webapps/hddsDatanode}
2020-07-19 12:59:03,154 [Listener at 127.0.0.1/43321] INFO  server.AbstractConnector (AbstractConnector.java:doStart(330)) - Started ServerConnector@eb82538{HTTP/1.1,[http/1.1]}{0.0.0.0:38381}
2020-07-19 12:59:03,154 [Listener at 127.0.0.1/43321] INFO  server.Server (Server.java:doStart(399)) - Started @40796ms
2020-07-19 12:59:03,154 [Listener at 127.0.0.1/43321] WARN  impl.MetricsSystemImpl (MetricsSystemImpl.java:register(276)) - Sink prometheus already exists!
2020-07-19 12:59:03,158 [Listener at 127.0.0.1/43321] INFO  http.BaseHttpServer (BaseHttpServer.java:updateConnectorAddress(327)) - HTTP server of hddsDatanode listening at http://0.0.0.0:38381
2020-07-19 12:59:03,161 [Listener at 127.0.0.1/43321] INFO  impl.MetricsSystemImpl (MetricsSystemImpl.java:init(158)) - HddsDatanode metrics system started (again)
2020-07-19 12:59:03,163 [org.apache.hadoop.util.JvmPauseMonitor$Monitor@11f8917f] INFO  util.JvmPauseMonitor (JvmPauseMonitor.java:run(188)) - Starting JVM pause monitor
2020-07-19 12:59:03,164 [Listener at 127.0.0.1/43321] INFO  ozone.HddsDatanodeService (HddsDatanodeService.java:start(214)) - HddsDatanodeService host:fe49c764e40f ip:172.17.0.2
2020-07-19 12:59:03,165 [Listener at 127.0.0.1/43321] INFO  volume.HddsVolume (HddsVolume.java:<init>(176)) - Creating Volume: /github/workspace/mnt/ozone/hadoop-ozone/integration-test/target/test-dir/MiniOzoneClusterImpl-8824b896-4141-4ae0-8a85-a38dd1836ba7/datanode-3/data-0/containers/hdds of storage type : DISK and capacity : 9223372036854775807
2020-07-19 12:59:03,165 [Listener at 127.0.0.1/43321] INFO  volume.MutableVolumeSet (MutableVolumeSet.java:initializeVolumeSet(179)) - Added Volume : /github/workspace/mnt/ozone/hadoop-ozone/integration-test/target/test-dir/MiniOzoneClusterImpl-8824b896-4141-4ae0-8a85-a38dd1836ba7/datanode-3/data-0/containers/hdds to VolumeSet
2020-07-19 12:59:03,166 [Listener at 127.0.0.1/43321] INFO  volume.ThrottledAsyncChecker (ThrottledAsyncChecker.java:schedule(141)) - Scheduling a check for /github/workspace/mnt/ozone/hadoop-ozone/integration-test/target/test-dir/MiniOzoneClusterImpl-8824b896-4141-4ae0-8a85-a38dd1836ba7/datanode-3/data-0/containers/hdds
2020-07-19 12:59:03,167 [Datanode State Machine Thread - 0] INFO  datanode.InitDatanodeState (InitDatanodeState.java:persistContainerDatanodeDetails(145)) - DatanodeDetails is persisted to /github/workspace/mnt/ozone/hadoop-ozone/integration-test/target/test-dir/MiniOzoneClusterImpl-8824b896-4141-4ae0-8a85-a38dd1836ba7/datanode-2/meta/datanode.id
2020-07-19 12:59:03,167 [Listener at 127.0.0.1/43321] INFO  volume.HddsVolumeChecker (HddsVolumeChecker.java:checkAllVolumes(200)) - Scheduled health check for volume /github/workspace/mnt/ozone/hadoop-ozone/integration-test/target/test-dir/MiniOzoneClusterImpl-8824b896-4141-4ae0-8a85-a38dd1836ba7/datanode-3/data-0/containers/hdds
2020-07-19 12:59:03,183 [Listener at 127.0.0.1/43321] INFO  impl.RaftServerProxy (ConfUtils.java:logGet(44)) - raft.rpc.type = GRPC (default)
2020-07-19 12:59:03,183 [Listener at 127.0.0.1/43321] INFO  grpc.GrpcFactory (GrpcFactory.java:checkPooledByteBufAllocatorUseCacheForAllThreads(45)) - PERFORMANCE WARNING: useCacheForAllThreads is true that may cause Netty to create a lot garbage objects and, as a result, trigger GC.
	It is recommended to disable useCacheForAllThreads by setting -Dorg.apache.ratis.thirdparty.io.netty.allocator.useCacheForAllThreads=false in command line.
2020-07-19 12:59:03,183 [Listener at 127.0.0.1/43321] INFO  grpc.GrpcConfigKeys (ConfUtils.java:logGet(44)) - raft.grpc.server.port = 0 (default)
2020-07-19 12:59:03,183 [Listener at 127.0.0.1/43321] INFO  server.GrpcService (ConfUtils.java:logGet(44)) - raft.grpc.message.size.max = 32MB (=33554432) (custom)
2020-07-19 12:59:03,183 [Listener at 127.0.0.1/43321] INFO  server.RaftServerConfigKeys (ConfUtils.java:logGet(44)) - raft.server.log.appender.buffer.byte-limit = 33554432 (custom)
2020-07-19 12:59:03,183 [Listener at 127.0.0.1/43321] INFO  server.GrpcService (ConfUtils.java:logGet(44)) - raft.grpc.flow.control.window = 5MB (=5242880) (custom)
2020-07-19 12:59:03,183 [Listener at 127.0.0.1/43321] INFO  server.RaftServerConfigKeys (ConfUtils.java:logGet(44)) - raft.server.rpc.request.timeout = 3000ms (default)
2020-07-19 12:59:03,184 [Listener at 127.0.0.1/43321] INFO  server.RaftServerConfigKeys (ConfUtils.java:logGet(44)) - raft.server.storage.dir = [/github/workspace/mnt/ozone/hadoop-ozone/integration-test/target/test-dir/MiniOzoneClusterImpl-8824b896-4141-4ae0-8a85-a38dd1836ba7/datanode-3/data/ratis] (custom)
2020-07-19 12:59:03,190 [Listener at 127.0.0.1/43321] INFO  http.BaseHttpServer (BaseHttpServer.java:newHttpServer2BuilderForOzone(207)) - Starting Web-server for hddsDatanode at: http://0.0.0.0:0
2020-07-19 12:59:03,190 [Listener at 127.0.0.1/43321] INFO  http.BaseHttpServer (BaseHttpServer.java:<init>(106)) - Hadoop Security Enabled: false Ozone Security Enabled: false Ozone HTTP Security Enabled: false 
2020-07-19 12:59:03,191 [Listener at 127.0.0.1/43321] INFO  server.AuthenticationFilter (AuthenticationFilter.java:constructSecretProvider(240)) - Unable to initialize FileSignerSecretProvider, falling back to use random secrets.
2020-07-19 12:59:03,192 [Listener at 127.0.0.1/43321] WARN  http.HttpRequestLog (HttpRequestLog.java:getRequestLog(103)) - Jetty request log can only be enabled using Log4j
2020-07-19 12:59:03,192 [Listener at 127.0.0.1/43321] INFO  http.HttpServer2 (HttpServer2.java:addGlobalFilter(998)) - Added global filter 'safety' (class=org.apache.hadoop.hdds.server.http.HttpServer2$QuotingInputFilter)
2020-07-19 12:59:03,193 [Listener at 127.0.0.1/43321] INFO  http.HttpServer2 (HttpServer2.java:addFilter(974)) - Added filter static_user_filter (class=org.apache.hadoop.http.lib.StaticUserWebFilter$StaticUserFilter) to context hddsDatanode
2020-07-19 12:59:03,193 [Listener at 127.0.0.1/43321] INFO  http.HttpServer2 (HttpServer2.java:addFilter(982)) - Added filter static_user_filter (class=org.apache.hadoop.http.lib.StaticUserWebFilter$StaticUserFilter) to context static
2020-07-19 12:59:03,193 [Listener at 127.0.0.1/43321] INFO  http.HttpServer2 (HttpServer2.java:addFilter(982)) - Added filter static_user_filter (class=org.apache.hadoop.http.lib.StaticUserWebFilter$StaticUserFilter) to context logs
2020-07-19 12:59:03,193 [Listener at 127.0.0.1/43321] INFO  http.HttpServer2 (HttpServer2.java:bindListener(1216)) - Jetty bound to port 45429
2020-07-19 12:59:03,194 [Listener at 127.0.0.1/43321] INFO  server.Server (Server.java:doStart(359)) - jetty-9.4.26.v20200117; built: 2020-01-17T12:35:33.676Z; git: 7b38981d25d14afb4a12ff1f2596756144edf695; jvm 1.8.0_232-b09
2020-07-19 12:59:03,195 [Listener at 127.0.0.1/43321] INFO  server.session (DefaultSessionIdManager.java:doStart(333)) - DefaultSessionIdManager workerName=node0
2020-07-19 12:59:03,195 [Listener at 127.0.0.1/43321] INFO  server.session (DefaultSessionIdManager.java:doStart(338)) - No SessionScavenger set, using defaults
2020-07-19 12:59:03,195 [Listener at 127.0.0.1/43321] INFO  server.session (HouseKeeper.java:startScavenging(140)) - node0 Scavenging every 600000ms
2020-07-19 12:59:03,196 [Listener at 127.0.0.1/43321] INFO  handler.ContextHandler (ContextHandler.java:doStart(825)) - Started o.e.j.s.ServletContextHandler@1990435c{logs,/logs,file:///github/workspace/mnt/ozone/hadoop-ozone/integration-test/target/log,AVAILABLE}
2020-07-19 12:59:03,196 [Listener at 127.0.0.1/43321] INFO  handler.ContextHandler (ContextHandler.java:doStart(825)) - Started o.e.j.s.ServletContextHandler@309e840c{static,/static,jar:file:/home/user/.m2/repository/org/apache/hadoop/hadoop-hdds-container-service/0.6.0-SNAPSHOT/hadoop-hdds-container-service-0.6.0-SNAPSHOT.jar!/webapps/static,AVAILABLE}
2020-07-19 12:59:03,274 [Listener at 127.0.0.1/43321] INFO  handler.ContextHandler (ContextHandler.java:doStart(825)) - Started o.e.j.w.WebAppContext@2836f9ec{hddsDatanode,/,file:///tmp/jetty-0_0_0_0-45429-hadoop-hdds-container-service-0_6_0-SNAPSHOT_jar-_-any-5043527517766589694.dir/webapp/,AVAILABLE}{jar:file:/home/user/.m2/repository/org/apache/hadoop/hadoop-hdds-container-service/0.6.0-SNAPSHOT/hadoop-hdds-container-service-0.6.0-SNAPSHOT.jar!/webapps/hddsDatanode}
2020-07-19 12:59:03,275 [Listener at 127.0.0.1/43321] INFO  server.AbstractConnector (AbstractConnector.java:doStart(330)) - Started ServerConnector@47582433{HTTP/1.1,[http/1.1]}{0.0.0.0:45429}
2020-07-19 12:59:03,276 [Listener at 127.0.0.1/43321] INFO  server.Server (Server.java:doStart(399)) - Started @40918ms
2020-07-19 12:59:03,276 [Listener at 127.0.0.1/43321] WARN  impl.MetricsSystemImpl (MetricsSystemImpl.java:register(276)) - Sink prometheus already exists!
2020-07-19 12:59:03,280 [Listener at 127.0.0.1/43321] INFO  http.BaseHttpServer (BaseHttpServer.java:updateConnectorAddress(327)) - HTTP server of hddsDatanode listening at http://0.0.0.0:45429
2020-07-19 12:59:03,282 [Listener at 127.0.0.1/43321] INFO  impl.MetricsSystemImpl (MetricsSystemImpl.java:init(158)) - HddsDatanode metrics system started (again)
2020-07-19 12:59:03,287 [org.apache.hadoop.util.JvmPauseMonitor$Monitor@48fe813] INFO  util.JvmPauseMonitor (JvmPauseMonitor.java:run(188)) - Starting JVM pause monitor
2020-07-19 12:59:03,288 [Listener at 127.0.0.1/43321] INFO  ozone.HddsDatanodeService (HddsDatanodeService.java:start(214)) - HddsDatanodeService host:fe49c764e40f ip:172.17.0.2
2020-07-19 12:59:03,290 [Datanode State Machine Thread - 0] INFO  datanode.InitDatanodeState (InitDatanodeState.java:persistContainerDatanodeDetails(145)) - DatanodeDetails is persisted to /github/workspace/mnt/ozone/hadoop-ozone/integration-test/target/test-dir/MiniOzoneClusterImpl-8824b896-4141-4ae0-8a85-a38dd1836ba7/datanode-3/meta/datanode.id
2020-07-19 12:59:03,291 [Listener at 127.0.0.1/43321] INFO  volume.HddsVolume (HddsVolume.java:<init>(176)) - Creating Volume: /github/workspace/mnt/ozone/hadoop-ozone/integration-test/target/test-dir/MiniOzoneClusterImpl-8824b896-4141-4ae0-8a85-a38dd1836ba7/datanode-4/data-0/containers/hdds of storage type : DISK and capacity : 9223372036854775807
2020-07-19 12:59:03,291 [Listener at 127.0.0.1/43321] INFO  volume.MutableVolumeSet (MutableVolumeSet.java:initializeVolumeSet(179)) - Added Volume : /github/workspace/mnt/ozone/hadoop-ozone/integration-test/target/test-dir/MiniOzoneClusterImpl-8824b896-4141-4ae0-8a85-a38dd1836ba7/datanode-4/data-0/containers/hdds to VolumeSet
2020-07-19 12:59:03,291 [Listener at 127.0.0.1/43321] INFO  volume.ThrottledAsyncChecker (ThrottledAsyncChecker.java:schedule(141)) - Scheduling a check for /github/workspace/mnt/ozone/hadoop-ozone/integration-test/target/test-dir/MiniOzoneClusterImpl-8824b896-4141-4ae0-8a85-a38dd1836ba7/datanode-4/data-0/containers/hdds
2020-07-19 12:59:03,294 [Listener at 127.0.0.1/43321] INFO  volume.HddsVolumeChecker (HddsVolumeChecker.java:checkAllVolumes(200)) - Scheduled health check for volume /github/workspace/mnt/ozone/hadoop-ozone/integration-test/target/test-dir/MiniOzoneClusterImpl-8824b896-4141-4ae0-8a85-a38dd1836ba7/datanode-4/data-0/containers/hdds
2020-07-19 12:59:03,310 [Listener at 127.0.0.1/43321] INFO  impl.RaftServerProxy (ConfUtils.java:logGet(44)) - raft.rpc.type = GRPC (default)
2020-07-19 12:59:03,310 [Listener at 127.0.0.1/43321] INFO  grpc.GrpcFactory (GrpcFactory.java:checkPooledByteBufAllocatorUseCacheForAllThreads(45)) - PERFORMANCE WARNING: useCacheForAllThreads is true that may cause Netty to create a lot garbage objects and, as a result, trigger GC.
	It is recommended to disable useCacheForAllThreads by setting -Dorg.apache.ratis.thirdparty.io.netty.allocator.useCacheForAllThreads=false in command line.
2020-07-19 12:59:03,310 [Listener at 127.0.0.1/43321] INFO  grpc.GrpcConfigKeys (ConfUtils.java:logGet(44)) - raft.grpc.server.port = 0 (default)
2020-07-19 12:59:03,310 [Listener at 127.0.0.1/43321] INFO  server.GrpcService (ConfUtils.java:logGet(44)) - raft.grpc.message.size.max = 32MB (=33554432) (custom)
2020-07-19 12:59:03,311 [Listener at 127.0.0.1/43321] INFO  server.RaftServerConfigKeys (ConfUtils.java:logGet(44)) - raft.server.log.appender.buffer.byte-limit = 33554432 (custom)
2020-07-19 12:59:03,311 [Listener at 127.0.0.1/43321] INFO  server.GrpcService (ConfUtils.java:logGet(44)) - raft.grpc.flow.control.window = 5MB (=5242880) (custom)
2020-07-19 12:59:03,311 [Listener at 127.0.0.1/43321] INFO  server.RaftServerConfigKeys (ConfUtils.java:logGet(44)) - raft.server.rpc.request.timeout = 3000ms (default)
2020-07-19 12:59:03,312 [Listener at 127.0.0.1/43321] INFO  server.RaftServerConfigKeys (ConfUtils.java:logGet(44)) - raft.server.storage.dir = [/github/workspace/mnt/ozone/hadoop-ozone/integration-test/target/test-dir/MiniOzoneClusterImpl-8824b896-4141-4ae0-8a85-a38dd1836ba7/datanode-4/data/ratis] (custom)
2020-07-19 12:59:03,317 [Listener at 127.0.0.1/43321] INFO  http.BaseHttpServer (BaseHttpServer.java:newHttpServer2BuilderForOzone(207)) - Starting Web-server for hddsDatanode at: http://0.0.0.0:0
2020-07-19 12:59:03,318 [Listener at 127.0.0.1/43321] INFO  http.BaseHttpServer (BaseHttpServer.java:<init>(106)) - Hadoop Security Enabled: false Ozone Security Enabled: false Ozone HTTP Security Enabled: false 
2020-07-19 12:59:03,319 [Listener at 127.0.0.1/43321] INFO  server.AuthenticationFilter (AuthenticationFilter.java:constructSecretProvider(240)) - Unable to initialize FileSignerSecretProvider, falling back to use random secrets.
2020-07-19 12:59:03,320 [Listener at 127.0.0.1/43321] WARN  http.HttpRequestLog (HttpRequestLog.java:getRequestLog(103)) - Jetty request log can only be enabled using Log4j
2020-07-19 12:59:03,321 [Listener at 127.0.0.1/43321] INFO  http.HttpServer2 (HttpServer2.java:addGlobalFilter(998)) - Added global filter 'safety' (class=org.apache.hadoop.hdds.server.http.HttpServer2$QuotingInputFilter)
2020-07-19 12:59:03,322 [Listener at 127.0.0.1/43321] INFO  http.HttpServer2 (HttpServer2.java:addFilter(974)) - Added filter static_user_filter (class=org.apache.hadoop.http.lib.StaticUserWebFilter$StaticUserFilter) to context hddsDatanode
2020-07-19 12:59:03,322 [Listener at 127.0.0.1/43321] INFO  http.HttpServer2 (HttpServer2.java:addFilter(982)) - Added filter static_user_filter (class=org.apache.hadoop.http.lib.StaticUserWebFilter$StaticUserFilter) to context static
2020-07-19 12:59:03,322 [Listener at 127.0.0.1/43321] INFO  http.HttpServer2 (HttpServer2.java:addFilter(982)) - Added filter static_user_filter (class=org.apache.hadoop.http.lib.StaticUserWebFilter$StaticUserFilter) to context logs
2020-07-19 12:59:03,323 [Listener at 127.0.0.1/43321] INFO  http.HttpServer2 (HttpServer2.java:bindListener(1216)) - Jetty bound to port 33811
2020-07-19 12:59:03,323 [Listener at 127.0.0.1/43321] INFO  server.Server (Server.java:doStart(359)) - jetty-9.4.26.v20200117; built: 2020-01-17T12:35:33.676Z; git: 7b38981d25d14afb4a12ff1f2596756144edf695; jvm 1.8.0_232-b09
2020-07-19 12:59:03,325 [Listener at 127.0.0.1/43321] INFO  server.session (DefaultSessionIdManager.java:doStart(333)) - DefaultSessionIdManager workerName=node0
2020-07-19 12:59:03,325 [Listener at 127.0.0.1/43321] INFO  server.session (DefaultSessionIdManager.java:doStart(338)) - No SessionScavenger set, using defaults
2020-07-19 12:59:03,325 [Listener at 127.0.0.1/43321] INFO  server.session (HouseKeeper.java:startScavenging(140)) - node0 Scavenging every 600000ms
2020-07-19 12:59:03,326 [Listener at 127.0.0.1/43321] INFO  handler.ContextHandler (ContextHandler.java:doStart(825)) - Started o.e.j.s.ServletContextHandler@9d8d07{logs,/logs,file:///github/workspace/mnt/ozone/hadoop-ozone/integration-test/target/log,AVAILABLE}
2020-07-19 12:59:03,326 [Listener at 127.0.0.1/43321] INFO  handler.ContextHandler (ContextHandler.java:doStart(825)) - Started o.e.j.s.ServletContextHandler@ee3dfc6{static,/static,jar:file:/home/user/.m2/repository/org/apache/hadoop/hadoop-hdds-container-service/0.6.0-SNAPSHOT/hadoop-hdds-container-service-0.6.0-SNAPSHOT.jar!/webapps/static,AVAILABLE}
2020-07-19 12:59:03,407 [Listener at 127.0.0.1/43321] INFO  handler.ContextHandler (ContextHandler.java:doStart(825)) - Started o.e.j.w.WebAppContext@cea86f4{hddsDatanode,/,file:///tmp/jetty-0_0_0_0-33811-hadoop-hdds-container-service-0_6_0-SNAPSHOT_jar-_-any-5412526040475948596.dir/webapp/,AVAILABLE}{jar:file:/home/user/.m2/repository/org/apache/hadoop/hadoop-hdds-container-service/0.6.0-SNAPSHOT/hadoop-hdds-container-service-0.6.0-SNAPSHOT.jar!/webapps/hddsDatanode}
2020-07-19 12:59:03,409 [Listener at 127.0.0.1/43321] INFO  server.AbstractConnector (AbstractConnector.java:doStart(330)) - Started ServerConnector@60423d65{HTTP/1.1,[http/1.1]}{0.0.0.0:33811}
2020-07-19 12:59:03,409 [Listener at 127.0.0.1/43321] INFO  server.Server (Server.java:doStart(399)) - Started @41051ms
2020-07-19 12:59:03,409 [Listener at 127.0.0.1/43321] WARN  impl.MetricsSystemImpl (MetricsSystemImpl.java:register(276)) - Sink prometheus already exists!
2020-07-19 12:59:03,414 [Listener at 127.0.0.1/43321] INFO  http.BaseHttpServer (BaseHttpServer.java:updateConnectorAddress(327)) - HTTP server of hddsDatanode listening at http://0.0.0.0:33811
2020-07-19 12:59:03,416 [Listener at 127.0.0.1/43321] INFO  impl.MetricsSystemImpl (MetricsSystemImpl.java:init(158)) - HddsDatanode metrics system started (again)
2020-07-19 12:59:03,419 [org.apache.hadoop.util.JvmPauseMonitor$Monitor@3442a66b] INFO  util.JvmPauseMonitor (JvmPauseMonitor.java:run(188)) - Starting JVM pause monitor
2020-07-19 12:59:03,420 [Listener at 127.0.0.1/43321] INFO  ozone.HddsDatanodeService (HddsDatanodeService.java:start(214)) - HddsDatanodeService host:fe49c764e40f ip:172.17.0.2
2020-07-19 12:59:03,422 [Datanode State Machine Thread - 0] INFO  datanode.InitDatanodeState (InitDatanodeState.java:persistContainerDatanodeDetails(145)) - DatanodeDetails is persisted to /github/workspace/mnt/ozone/hadoop-ozone/integration-test/target/test-dir/MiniOzoneClusterImpl-8824b896-4141-4ae0-8a85-a38dd1836ba7/datanode-4/meta/datanode.id
2020-07-19 12:59:03,422 [Listener at 127.0.0.1/43321] INFO  volume.HddsVolume (HddsVolume.java:<init>(176)) - Creating Volume: /github/workspace/mnt/ozone/hadoop-ozone/integration-test/target/test-dir/MiniOzoneClusterImpl-8824b896-4141-4ae0-8a85-a38dd1836ba7/datanode-5/data-0/containers/hdds of storage type : DISK and capacity : 9223372036854775807
2020-07-19 12:59:03,423 [Listener at 127.0.0.1/43321] INFO  volume.MutableVolumeSet (MutableVolumeSet.java:initializeVolumeSet(179)) - Added Volume : /github/workspace/mnt/ozone/hadoop-ozone/integration-test/target/test-dir/MiniOzoneClusterImpl-8824b896-4141-4ae0-8a85-a38dd1836ba7/datanode-5/data-0/containers/hdds to VolumeSet
2020-07-19 12:59:03,423 [Listener at 127.0.0.1/43321] INFO  volume.ThrottledAsyncChecker (ThrottledAsyncChecker.java:schedule(141)) - Scheduling a check for /github/workspace/mnt/ozone/hadoop-ozone/integration-test/target/test-dir/MiniOzoneClusterImpl-8824b896-4141-4ae0-8a85-a38dd1836ba7/datanode-5/data-0/containers/hdds
2020-07-19 12:59:03,427 [Listener at 127.0.0.1/43321] INFO  volume.HddsVolumeChecker (HddsVolumeChecker.java:checkAllVolumes(200)) - Scheduled health check for volume /github/workspace/mnt/ozone/hadoop-ozone/integration-test/target/test-dir/MiniOzoneClusterImpl-8824b896-4141-4ae0-8a85-a38dd1836ba7/datanode-5/data-0/containers/hdds
2020-07-19 12:59:03,443 [Listener at 127.0.0.1/43321] INFO  impl.RaftServerProxy (ConfUtils.java:logGet(44)) - raft.rpc.type = GRPC (default)
2020-07-19 12:59:03,443 [Listener at 127.0.0.1/43321] INFO  grpc.GrpcFactory (GrpcFactory.java:checkPooledByteBufAllocatorUseCacheForAllThreads(45)) - PERFORMANCE WARNING: useCacheForAllThreads is true that may cause Netty to create a lot garbage objects and, as a result, trigger GC.
	It is recommended to disable useCacheForAllThreads by setting -Dorg.apache.ratis.thirdparty.io.netty.allocator.useCacheForAllThreads=false in command line.
2020-07-19 12:59:03,443 [Listener at 127.0.0.1/43321] INFO  grpc.GrpcConfigKeys (ConfUtils.java:logGet(44)) - raft.grpc.server.port = 0 (default)
2020-07-19 12:59:03,443 [Listener at 127.0.0.1/43321] INFO  server.GrpcService (ConfUtils.java:logGet(44)) - raft.grpc.message.size.max = 32MB (=33554432) (custom)
2020-07-19 12:59:03,443 [Listener at 127.0.0.1/43321] INFO  server.RaftServerConfigKeys (ConfUtils.java:logGet(44)) - raft.server.log.appender.buffer.byte-limit = 33554432 (custom)
2020-07-19 12:59:03,443 [Listener at 127.0.0.1/43321] INFO  server.GrpcService (ConfUtils.java:logGet(44)) - raft.grpc.flow.control.window = 5MB (=5242880) (custom)
2020-07-19 12:59:03,444 [Listener at 127.0.0.1/43321] INFO  server.RaftServerConfigKeys (ConfUtils.java:logGet(44)) - raft.server.rpc.request.timeout = 3000ms (default)
2020-07-19 12:59:03,444 [Listener at 127.0.0.1/43321] INFO  server.RaftServerConfigKeys (ConfUtils.java:logGet(44)) - raft.server.storage.dir = [/github/workspace/mnt/ozone/hadoop-ozone/integration-test/target/test-dir/MiniOzoneClusterImpl-8824b896-4141-4ae0-8a85-a38dd1836ba7/datanode-5/data/ratis] (custom)
2020-07-19 12:59:03,454 [Listener at 127.0.0.1/43321] INFO  http.BaseHttpServer (BaseHttpServer.java:newHttpServer2BuilderForOzone(207)) - Starting Web-server for hddsDatanode at: http://0.0.0.0:0
2020-07-19 12:59:03,454 [Listener at 127.0.0.1/43321] INFO  http.BaseHttpServer (BaseHttpServer.java:<init>(106)) - Hadoop Security Enabled: false Ozone Security Enabled: false Ozone HTTP Security Enabled: false 
2020-07-19 12:59:03,455 [Listener at 127.0.0.1/43321] INFO  server.AuthenticationFilter (AuthenticationFilter.java:constructSecretProvider(240)) - Unable to initialize FileSignerSecretProvider, falling back to use random secrets.
2020-07-19 12:59:03,456 [Listener at 127.0.0.1/43321] WARN  http.HttpRequestLog (HttpRequestLog.java:getRequestLog(103)) - Jetty request log can only be enabled using Log4j
2020-07-19 12:59:03,456 [Listener at 127.0.0.1/43321] INFO  http.HttpServer2 (HttpServer2.java:addGlobalFilter(998)) - Added global filter 'safety' (class=org.apache.hadoop.hdds.server.http.HttpServer2$QuotingInputFilter)
2020-07-19 12:59:03,457 [Listener at 127.0.0.1/43321] INFO  http.HttpServer2 (HttpServer2.java:addFilter(974)) - Added filter static_user_filter (class=org.apache.hadoop.http.lib.StaticUserWebFilter$StaticUserFilter) to context hddsDatanode
2020-07-19 12:59:03,457 [Listener at 127.0.0.1/43321] INFO  http.HttpServer2 (HttpServer2.java:addFilter(982)) - Added filter static_user_filter (class=org.apache.hadoop.http.lib.StaticUserWebFilter$StaticUserFilter) to context logs
2020-07-19 12:59:03,457 [Listener at 127.0.0.1/43321] INFO  http.HttpServer2 (HttpServer2.java:addFilter(982)) - Added filter static_user_filter (class=org.apache.hadoop.http.lib.StaticUserWebFilter$StaticUserFilter) to context static
2020-07-19 12:59:03,458 [Listener at 127.0.0.1/43321] INFO  http.HttpServer2 (HttpServer2.java:bindListener(1216)) - Jetty bound to port 46601
2020-07-19 12:59:03,458 [Listener at 127.0.0.1/43321] INFO  server.Server (Server.java:doStart(359)) - jetty-9.4.26.v20200117; built: 2020-01-17T12:35:33.676Z; git: 7b38981d25d14afb4a12ff1f2596756144edf695; jvm 1.8.0_232-b09
2020-07-19 12:59:03,459 [Listener at 127.0.0.1/43321] INFO  server.session (DefaultSessionIdManager.java:doStart(333)) - DefaultSessionIdManager workerName=node0
2020-07-19 12:59:03,460 [Listener at 127.0.0.1/43321] INFO  server.session (DefaultSessionIdManager.java:doStart(338)) - No SessionScavenger set, using defaults
2020-07-19 12:59:03,460 [Listener at 127.0.0.1/43321] INFO  server.session (HouseKeeper.java:startScavenging(140)) - node0 Scavenging every 660000ms
2020-07-19 12:59:03,460 [Listener at 127.0.0.1/43321] INFO  handler.ContextHandler (ContextHandler.java:doStart(825)) - Started o.e.j.s.ServletContextHandler@73ebfeaa{logs,/logs,file:///github/workspace/mnt/ozone/hadoop-ozone/integration-test/target/log,AVAILABLE}
2020-07-19 12:59:03,461 [Listener at 127.0.0.1/43321] INFO  handler.ContextHandler (ContextHandler.java:doStart(825)) - Started o.e.j.s.ServletContextHandler@d75755e{static,/static,jar:file:/home/user/.m2/repository/org/apache/hadoop/hadoop-hdds-container-service/0.6.0-SNAPSHOT/hadoop-hdds-container-service-0.6.0-SNAPSHOT.jar!/webapps/static,AVAILABLE}
2020-07-19 12:59:03,540 [Listener at 127.0.0.1/43321] INFO  handler.ContextHandler (ContextHandler.java:doStart(825)) - Started o.e.j.w.WebAppContext@371abe5d{hddsDatanode,/,file:///tmp/jetty-0_0_0_0-46601-hadoop-hdds-container-service-0_6_0-SNAPSHOT_jar-_-any-5365693475160290579.dir/webapp/,AVAILABLE}{jar:file:/home/user/.m2/repository/org/apache/hadoop/hadoop-hdds-container-service/0.6.0-SNAPSHOT/hadoop-hdds-container-service-0.6.0-SNAPSHOT.jar!/webapps/hddsDatanode}
2020-07-19 12:59:03,541 [Listener at 127.0.0.1/43321] INFO  server.AbstractConnector (AbstractConnector.java:doStart(330)) - Started ServerConnector@1fef5919{HTTP/1.1,[http/1.1]}{0.0.0.0:46601}
2020-07-19 12:59:03,541 [Listener at 127.0.0.1/43321] INFO  server.Server (Server.java:doStart(399)) - Started @41183ms
2020-07-19 12:59:03,541 [Listener at 127.0.0.1/43321] WARN  impl.MetricsSystemImpl (MetricsSystemImpl.java:register(276)) - Sink prometheus already exists!
2020-07-19 12:59:03,547 [Listener at 127.0.0.1/43321] INFO  http.BaseHttpServer (BaseHttpServer.java:updateConnectorAddress(327)) - HTTP server of hddsDatanode listening at http://0.0.0.0:46601
2020-07-19 12:59:03,547 [Listener at 127.0.0.1/43321] INFO  impl.MetricsSystemImpl (MetricsSystemImpl.java:init(158)) - HddsDatanode metrics system started (again)
2020-07-19 12:59:03,549 [Listener at 127.0.0.1/43321] INFO  ozone.HddsDatanodeService (HddsDatanodeService.java:start(214)) - HddsDatanodeService host:fe49c764e40f ip:172.17.0.2
2020-07-19 12:59:03,550 [Listener at 127.0.0.1/43321] INFO  volume.HddsVolume (HddsVolume.java:<init>(176)) - Creating Volume: /github/workspace/mnt/ozone/hadoop-ozone/integration-test/target/test-dir/MiniOzoneClusterImpl-8824b896-4141-4ae0-8a85-a38dd1836ba7/datanode-6/data-0/containers/hdds of storage type : DISK and capacity : 9223372036854775807
2020-07-19 12:59:03,550 [Listener at 127.0.0.1/43321] INFO  volume.MutableVolumeSet (MutableVolumeSet.java:initializeVolumeSet(179)) - Added Volume : /github/workspace/mnt/ozone/hadoop-ozone/integration-test/target/test-dir/MiniOzoneClusterImpl-8824b896-4141-4ae0-8a85-a38dd1836ba7/datanode-6/data-0/containers/hdds to VolumeSet
2020-07-19 12:59:03,550 [Listener at 127.0.0.1/43321] INFO  volume.ThrottledAsyncChecker (ThrottledAsyncChecker.java:schedule(141)) - Scheduling a check for /github/workspace/mnt/ozone/hadoop-ozone/integration-test/target/test-dir/MiniOzoneClusterImpl-8824b896-4141-4ae0-8a85-a38dd1836ba7/datanode-6/data-0/containers/hdds
2020-07-19 12:59:03,567 [org.apache.hadoop.util.JvmPauseMonitor$Monitor@30b557c7] INFO  util.JvmPauseMonitor (JvmPauseMonitor.java:run(188)) - Starting JVM pause monitor
2020-07-19 12:59:03,568 [Listener at 127.0.0.1/43321] INFO  volume.HddsVolumeChecker (HddsVolumeChecker.java:checkAllVolumes(200)) - Scheduled health check for volume /github/workspace/mnt/ozone/hadoop-ozone/integration-test/target/test-dir/MiniOzoneClusterImpl-8824b896-4141-4ae0-8a85-a38dd1836ba7/datanode-6/data-0/containers/hdds
2020-07-19 12:59:03,572 [Datanode State Machine Thread - 0] INFO  datanode.InitDatanodeState (InitDatanodeState.java:persistContainerDatanodeDetails(145)) - DatanodeDetails is persisted to /github/workspace/mnt/ozone/hadoop-ozone/integration-test/target/test-dir/MiniOzoneClusterImpl-8824b896-4141-4ae0-8a85-a38dd1836ba7/datanode-5/meta/datanode.id
2020-07-19 12:59:03,586 [Listener at 127.0.0.1/43321] INFO  impl.RaftServerProxy (ConfUtils.java:logGet(44)) - raft.rpc.type = GRPC (default)
2020-07-19 12:59:03,586 [Listener at 127.0.0.1/43321] INFO  grpc.GrpcFactory (GrpcFactory.java:checkPooledByteBufAllocatorUseCacheForAllThreads(45)) - PERFORMANCE WARNING: useCacheForAllThreads is true that may cause Netty to create a lot garbage objects and, as a result, trigger GC.
	It is recommended to disable useCacheForAllThreads by setting -Dorg.apache.ratis.thirdparty.io.netty.allocator.useCacheForAllThreads=false in command line.
2020-07-19 12:59:03,586 [Listener at 127.0.0.1/43321] INFO  grpc.GrpcConfigKeys (ConfUtils.java:logGet(44)) - raft.grpc.server.port = 0 (default)
2020-07-19 12:59:03,586 [Listener at 127.0.0.1/43321] INFO  server.GrpcService (ConfUtils.java:logGet(44)) - raft.grpc.message.size.max = 32MB (=33554432) (custom)
2020-07-19 12:59:03,586 [Listener at 127.0.0.1/43321] INFO  server.RaftServerConfigKeys (ConfUtils.java:logGet(44)) - raft.server.log.appender.buffer.byte-limit = 33554432 (custom)
2020-07-19 12:59:03,586 [Listener at 127.0.0.1/43321] INFO  server.GrpcService (ConfUtils.java:logGet(44)) - raft.grpc.flow.control.window = 5MB (=5242880) (custom)
2020-07-19 12:59:03,586 [Listener at 127.0.0.1/43321] INFO  server.RaftServerConfigKeys (ConfUtils.java:logGet(44)) - raft.server.rpc.request.timeout = 3000ms (default)
2020-07-19 12:59:03,590 [Listener at 127.0.0.1/43321] INFO  server.RaftServerConfigKeys (ConfUtils.java:logGet(44)) - raft.server.storage.dir = [/github/workspace/mnt/ozone/hadoop-ozone/integration-test/target/test-dir/MiniOzoneClusterImpl-8824b896-4141-4ae0-8a85-a38dd1836ba7/datanode-6/data/ratis] (custom)
2020-07-19 12:59:03,595 [Listener at 127.0.0.1/43321] INFO  http.BaseHttpServer (BaseHttpServer.java:newHttpServer2BuilderForOzone(207)) - Starting Web-server for hddsDatanode at: http://0.0.0.0:0
2020-07-19 12:59:03,595 [Listener at 127.0.0.1/43321] INFO  http.BaseHttpServer (BaseHttpServer.java:<init>(106)) - Hadoop Security Enabled: false Ozone Security Enabled: false Ozone HTTP Security Enabled: false 
2020-07-19 12:59:03,596 [Listener at 127.0.0.1/43321] INFO  server.AuthenticationFilter (AuthenticationFilter.java:constructSecretProvider(240)) - Unable to initialize FileSignerSecretProvider, falling back to use random secrets.
2020-07-19 12:59:03,597 [Listener at 127.0.0.1/43321] WARN  http.HttpRequestLog (HttpRequestLog.java:getRequestLog(103)) - Jetty request log can only be enabled using Log4j
2020-07-19 12:59:03,597 [Listener at 127.0.0.1/43321] INFO  http.HttpServer2 (HttpServer2.java:addGlobalFilter(998)) - Added global filter 'safety' (class=org.apache.hadoop.hdds.server.http.HttpServer2$QuotingInputFilter)
2020-07-19 12:59:03,598 [Listener at 127.0.0.1/43321] INFO  http.HttpServer2 (HttpServer2.java:addFilter(974)) - Added filter static_user_filter (class=org.apache.hadoop.http.lib.StaticUserWebFilter$StaticUserFilter) to context hddsDatanode
2020-07-19 12:59:03,598 [Listener at 127.0.0.1/43321] INFO  http.HttpServer2 (HttpServer2.java:addFilter(982)) - Added filter static_user_filter (class=org.apache.hadoop.http.lib.StaticUserWebFilter$StaticUserFilter) to context logs
2020-07-19 12:59:03,598 [Listener at 127.0.0.1/43321] INFO  http.HttpServer2 (HttpServer2.java:addFilter(982)) - Added filter static_user_filter (class=org.apache.hadoop.http.lib.StaticUserWebFilter$StaticUserFilter) to context static
2020-07-19 12:59:03,599 [Listener at 127.0.0.1/43321] INFO  http.HttpServer2 (HttpServer2.java:bindListener(1216)) - Jetty bound to port 40305
2020-07-19 12:59:03,599 [Listener at 127.0.0.1/43321] INFO  server.Server (Server.java:doStart(359)) - jetty-9.4.26.v20200117; built: 2020-01-17T12:35:33.676Z; git: 7b38981d25d14afb4a12ff1f2596756144edf695; jvm 1.8.0_232-b09
2020-07-19 12:59:03,600 [Listener at 127.0.0.1/43321] INFO  server.session (DefaultSessionIdManager.java:doStart(333)) - DefaultSessionIdManager workerName=node0
2020-07-19 12:59:03,600 [Listener at 127.0.0.1/43321] INFO  server.session (DefaultSessionIdManager.java:doStart(338)) - No SessionScavenger set, using defaults
2020-07-19 12:59:03,601 [Listener at 127.0.0.1/43321] INFO  server.session (HouseKeeper.java:startScavenging(140)) - node0 Scavenging every 660000ms
2020-07-19 12:59:03,604 [Listener at 127.0.0.1/43321] INFO  handler.ContextHandler (ContextHandler.java:doStart(825)) - Started o.e.j.s.ServletContextHandler@5529437{logs,/logs,file:///github/workspace/mnt/ozone/hadoop-ozone/integration-test/target/log,AVAILABLE}
2020-07-19 12:59:03,604 [Listener at 127.0.0.1/43321] INFO  handler.ContextHandler (ContextHandler.java:doStart(825)) - Started o.e.j.s.ServletContextHandler@1e04656e{static,/static,jar:file:/home/user/.m2/repository/org/apache/hadoop/hadoop-hdds-container-service/0.6.0-SNAPSHOT/hadoop-hdds-container-service-0.6.0-SNAPSHOT.jar!/webapps/static,AVAILABLE}
2020-07-19 12:59:03,686 [Listener at 127.0.0.1/43321] INFO  handler.ContextHandler (ContextHandler.java:doStart(825)) - Started o.e.j.w.WebAppContext@59612e7c{hddsDatanode,/,file:///tmp/jetty-0_0_0_0-40305-hadoop-hdds-container-service-0_6_0-SNAPSHOT_jar-_-any-5877392481395369283.dir/webapp/,AVAILABLE}{jar:file:/home/user/.m2/repository/org/apache/hadoop/hadoop-hdds-container-service/0.6.0-SNAPSHOT/hadoop-hdds-container-service-0.6.0-SNAPSHOT.jar!/webapps/hddsDatanode}
2020-07-19 12:59:03,687 [Listener at 127.0.0.1/43321] INFO  server.AbstractConnector (AbstractConnector.java:doStart(330)) - Started ServerConnector@361ebebf{HTTP/1.1,[http/1.1]}{0.0.0.0:40305}
2020-07-19 12:59:03,687 [Listener at 127.0.0.1/43321] INFO  server.Server (Server.java:doStart(399)) - Started @41329ms
2020-07-19 12:59:03,688 [Listener at 127.0.0.1/43321] WARN  impl.MetricsSystemImpl (MetricsSystemImpl.java:register(276)) - Sink prometheus already exists!
2020-07-19 12:59:03,694 [Listener at 127.0.0.1/43321] INFO  http.BaseHttpServer (BaseHttpServer.java:updateConnectorAddress(327)) - HTTP server of hddsDatanode listening at http://0.0.0.0:40305
2020-07-19 12:59:03,695 [Listener at 127.0.0.1/43321] INFO  ozone.MiniOzoneClusterImpl (MiniOzoneClusterImpl.java:lambda$waitForClusterToBeReady$0(177)) - Waiting for nodes to be ready. Got 0 of 7 DN Heartbeats.
2020-07-19 12:59:03,695 [Listener at 127.0.0.1/43321] INFO  ozone.MiniOzoneClusterImpl (MiniOzoneClusterImpl.java:lambda$waitForClusterToBeReady$0(180)) - Waiting for cluster to exit safe mode
2020-07-19 12:59:03,698 [Datanode State Machine Thread - 0] INFO  datanode.InitDatanodeState (InitDatanodeState.java:persistContainerDatanodeDetails(145)) - DatanodeDetails is persisted to /github/workspace/mnt/ozone/hadoop-ozone/integration-test/target/test-dir/MiniOzoneClusterImpl-8824b896-4141-4ae0-8a85-a38dd1836ba7/datanode-6/meta/datanode.id
2020-07-19 12:59:03,699 [org.apache.hadoop.util.JvmPauseMonitor$Monitor@6bf0b71d] INFO  util.JvmPauseMonitor (JvmPauseMonitor.java:run(188)) - Starting JVM pause monitor
2020-07-19 12:59:04,695 [Listener at 127.0.0.1/43321] INFO  ozone.MiniOzoneClusterImpl (MiniOzoneClusterImpl.java:lambda$waitForClusterToBeReady$0(177)) - Waiting for nodes to be ready. Got 0 of 7 DN Heartbeats.
2020-07-19 12:59:04,696 [Listener at 127.0.0.1/43321] INFO  ozone.MiniOzoneClusterImpl (MiniOzoneClusterImpl.java:lambda$waitForClusterToBeReady$0(180)) - Waiting for cluster to exit safe mode
2020-07-19 12:59:04,914 [Datanode State Machine Thread - 0] INFO  ozoneimpl.OzoneContainer (OzoneContainer.java:start(233)) - Attempting to start container services.
2020-07-19 12:59:04,914 [Datanode State Machine Thread - 0] INFO  ozoneimpl.OzoneContainer (OzoneContainer.java:startContainerScrub(197)) - Background container scanner has been disabled.
2020-07-19 12:59:04,915 [Datanode State Machine Thread - 0] INFO  ratis.XceiverServerRatis (XceiverServerRatis.java:start(438)) - Starting XceiverServerRatis 2b2d82e9-81b7-495a-ad91-4c9f861a0950 at port 0
2020-07-19 12:59:04,920 [Datanode State Machine Thread - 0] INFO  impl.RaftServerProxy (RaftServerProxy.java:lambda$start$3(304)) - 2b2d82e9-81b7-495a-ad91-4c9f861a0950: start RPC server
2020-07-19 12:59:04,921 [Datanode State Machine Thread - 0] INFO  server.GrpcService (GrpcService.java:startImpl(160)) - 2b2d82e9-81b7-495a-ad91-4c9f861a0950: GrpcService started, listening on 0.0.0.0/0.0.0.0:35891
2020-07-19 12:59:04,921 [Datanode State Machine Thread - 0] INFO  ratis.XceiverServerRatis (XceiverServerRatis.java:start(450)) - XceiverServerRatis 2b2d82e9-81b7-495a-ad91-4c9f861a0950 is started using port 35891
2020-07-19 12:59:04,922 [Datanode State Machine Thread - 0] INFO  server.XceiverServerGrpc (XceiverServerGrpc.java:start(145)) - XceiverServerGrpc 2b2d82e9-81b7-495a-ad91-4c9f861a0950 is started using port 37967
2020-07-19 12:59:05,040 [Datanode State Machine Thread - 0] INFO  ozoneimpl.OzoneContainer (OzoneContainer.java:start(233)) - Attempting to start container services.
2020-07-19 12:59:05,041 [Datanode State Machine Thread - 0] INFO  ozoneimpl.OzoneContainer (OzoneContainer.java:startContainerScrub(197)) - Background container scanner has been disabled.
2020-07-19 12:59:05,041 [Datanode State Machine Thread - 0] INFO  ratis.XceiverServerRatis (XceiverServerRatis.java:start(438)) - Starting XceiverServerRatis 8a75226f-9665-4023-8f83-5359208d8c5d at port 0
2020-07-19 12:59:05,042 [Datanode State Machine Thread - 0] INFO  impl.RaftServerProxy (RaftServerProxy.java:lambda$start$3(304)) - 8a75226f-9665-4023-8f83-5359208d8c5d: start RPC server
2020-07-19 12:59:05,043 [Datanode State Machine Thread - 0] INFO  server.GrpcService (GrpcService.java:startImpl(160)) - 8a75226f-9665-4023-8f83-5359208d8c5d: GrpcService started, listening on 0.0.0.0/0.0.0.0:42023
2020-07-19 12:59:05,044 [Datanode State Machine Thread - 0] INFO  ratis.XceiverServerRatis (XceiverServerRatis.java:start(450)) - XceiverServerRatis 8a75226f-9665-4023-8f83-5359208d8c5d is started using port 42023
2020-07-19 12:59:05,044 [Datanode State Machine Thread - 0] INFO  server.XceiverServerGrpc (XceiverServerGrpc.java:start(145)) - XceiverServerGrpc 8a75226f-9665-4023-8f83-5359208d8c5d is started using port 41327
2020-07-19 12:59:05,166 [Datanode State Machine Thread - 0] INFO  ozoneimpl.OzoneContainer (OzoneContainer.java:start(233)) - Attempting to start container services.
2020-07-19 12:59:05,166 [Datanode State Machine Thread - 0] INFO  ozoneimpl.OzoneContainer (OzoneContainer.java:startContainerScrub(197)) - Background container scanner has been disabled.
2020-07-19 12:59:05,167 [Datanode State Machine Thread - 0] INFO  ratis.XceiverServerRatis (XceiverServerRatis.java:start(438)) - Starting XceiverServerRatis af89afa7-310b-41e3-a030-5f9c19d0a39c at port 0
2020-07-19 12:59:05,170 [Datanode State Machine Thread - 0] INFO  impl.RaftServerProxy (RaftServerProxy.java:lambda$start$3(304)) - af89afa7-310b-41e3-a030-5f9c19d0a39c: start RPC server
2020-07-19 12:59:05,170 [Datanode State Machine Thread - 0] INFO  server.GrpcService (GrpcService.java:startImpl(160)) - af89afa7-310b-41e3-a030-5f9c19d0a39c: GrpcService started, listening on 0.0.0.0/0.0.0.0:33475
2020-07-19 12:59:05,170 [Datanode State Machine Thread - 0] INFO  ratis.XceiverServerRatis (XceiverServerRatis.java:start(450)) - XceiverServerRatis af89afa7-310b-41e3-a030-5f9c19d0a39c is started using port 33475
2020-07-19 12:59:05,175 [Datanode State Machine Thread - 0] INFO  server.XceiverServerGrpc (XceiverServerGrpc.java:start(145)) - XceiverServerGrpc af89afa7-310b-41e3-a030-5f9c19d0a39c is started using port 43923
2020-07-19 12:59:05,290 [Datanode State Machine Thread - 0] INFO  ozoneimpl.OzoneContainer (OzoneContainer.java:start(233)) - Attempting to start container services.
2020-07-19 12:59:05,290 [Datanode State Machine Thread - 0] INFO  ozoneimpl.OzoneContainer (OzoneContainer.java:startContainerScrub(197)) - Background container scanner has been disabled.
2020-07-19 12:59:05,291 [Datanode State Machine Thread - 0] INFO  ratis.XceiverServerRatis (XceiverServerRatis.java:start(438)) - Starting XceiverServerRatis 60b4693a-24a9-4f9a-8d7e-763e228c0b97 at port 0
2020-07-19 12:59:05,292 [Datanode State Machine Thread - 0] INFO  impl.RaftServerProxy (RaftServerProxy.java:lambda$start$3(304)) - 60b4693a-24a9-4f9a-8d7e-763e228c0b97: start RPC server
2020-07-19 12:59:05,294 [Datanode State Machine Thread - 0] INFO  server.GrpcService (GrpcService.java:startImpl(160)) - 60b4693a-24a9-4f9a-8d7e-763e228c0b97: GrpcService started, listening on 0.0.0.0/0.0.0.0:45129
2020-07-19 12:59:05,294 [Datanode State Machine Thread - 0] INFO  ratis.XceiverServerRatis (XceiverServerRatis.java:start(450)) - XceiverServerRatis 60b4693a-24a9-4f9a-8d7e-763e228c0b97 is started using port 45129
2020-07-19 12:59:05,294 [Datanode State Machine Thread - 0] INFO  server.XceiverServerGrpc (XceiverServerGrpc.java:start(145)) - XceiverServerGrpc 60b4693a-24a9-4f9a-8d7e-763e228c0b97 is started using port 42517
2020-07-19 12:59:05,422 [Datanode State Machine Thread - 0] INFO  ozoneimpl.OzoneContainer (OzoneContainer.java:start(233)) - Attempting to start container services.
2020-07-19 12:59:05,422 [Datanode State Machine Thread - 0] INFO  ozoneimpl.OzoneContainer (OzoneContainer.java:startContainerScrub(197)) - Background container scanner has been disabled.
2020-07-19 12:59:05,422 [Datanode State Machine Thread - 0] INFO  ratis.XceiverServerRatis (XceiverServerRatis.java:start(438)) - Starting XceiverServerRatis 45b92da7-6fd5-4e69-8c49-135295713f70 at port 0
2020-07-19 12:59:05,423 [Datanode State Machine Thread - 0] INFO  impl.RaftServerProxy (RaftServerProxy.java:lambda$start$3(304)) - 45b92da7-6fd5-4e69-8c49-135295713f70: start RPC server
2020-07-19 12:59:05,424 [Datanode State Machine Thread - 0] INFO  server.GrpcService (GrpcService.java:startImpl(160)) - 45b92da7-6fd5-4e69-8c49-135295713f70: GrpcService started, listening on 0.0.0.0/0.0.0.0:46823
2020-07-19 12:59:05,424 [Datanode State Machine Thread - 0] INFO  ratis.XceiverServerRatis (XceiverServerRatis.java:start(450)) - XceiverServerRatis 45b92da7-6fd5-4e69-8c49-135295713f70 is started using port 46823
2020-07-19 12:59:05,425 [Datanode State Machine Thread - 0] INFO  server.XceiverServerGrpc (XceiverServerGrpc.java:start(145)) - XceiverServerGrpc 45b92da7-6fd5-4e69-8c49-135295713f70 is started using port 34359
2020-07-19 12:59:05,570 [Datanode State Machine Thread - 0] INFO  ozoneimpl.OzoneContainer (OzoneContainer.java:start(233)) - Attempting to start container services.
2020-07-19 12:59:05,571 [Datanode State Machine Thread - 0] INFO  ozoneimpl.OzoneContainer (OzoneContainer.java:startContainerScrub(197)) - Background container scanner has been disabled.
2020-07-19 12:59:05,571 [Datanode State Machine Thread - 0] INFO  ratis.XceiverServerRatis (XceiverServerRatis.java:start(438)) - Starting XceiverServerRatis 7448be25-6ee6-481d-867e-081d62f0ad37 at port 0
2020-07-19 12:59:05,572 [Datanode State Machine Thread - 0] INFO  impl.RaftServerProxy (RaftServerProxy.java:lambda$start$3(304)) - 7448be25-6ee6-481d-867e-081d62f0ad37: start RPC server
2020-07-19 12:59:05,572 [Datanode State Machine Thread - 0] INFO  server.GrpcService (GrpcService.java:startImpl(160)) - 7448be25-6ee6-481d-867e-081d62f0ad37: GrpcService started, listening on 0.0.0.0/0.0.0.0:39635
2020-07-19 12:59:05,572 [Datanode State Machine Thread - 0] INFO  ratis.XceiverServerRatis (XceiverServerRatis.java:start(450)) - XceiverServerRatis 7448be25-6ee6-481d-867e-081d62f0ad37 is started using port 39635
2020-07-19 12:59:05,574 [Datanode State Machine Thread - 0] INFO  server.XceiverServerGrpc (XceiverServerGrpc.java:start(145)) - XceiverServerGrpc 7448be25-6ee6-481d-867e-081d62f0ad37 is started using port 36563
2020-07-19 12:59:05,696 [Listener at 127.0.0.1/43321] INFO  ozone.MiniOzoneClusterImpl (MiniOzoneClusterImpl.java:lambda$waitForClusterToBeReady$0(177)) - Waiting for nodes to be ready. Got 0 of 7 DN Heartbeats.
2020-07-19 12:59:05,696 [Listener at 127.0.0.1/43321] INFO  ozone.MiniOzoneClusterImpl (MiniOzoneClusterImpl.java:lambda$waitForClusterToBeReady$0(180)) - Waiting for cluster to exit safe mode
2020-07-19 12:59:05,700 [Datanode State Machine Thread - 0] INFO  ozoneimpl.OzoneContainer (OzoneContainer.java:start(233)) - Attempting to start container services.
2020-07-19 12:59:05,700 [Datanode State Machine Thread - 0] INFO  ozoneimpl.OzoneContainer (OzoneContainer.java:startContainerScrub(197)) - Background container scanner has been disabled.
2020-07-19 12:59:05,701 [Datanode State Machine Thread - 0] INFO  ratis.XceiverServerRatis (XceiverServerRatis.java:start(438)) - Starting XceiverServerRatis 029654c1-37af-45dc-9620-2886658484eb at port 0
2020-07-19 12:59:05,703 [Datanode State Machine Thread - 0] INFO  impl.RaftServerProxy (RaftServerProxy.java:lambda$start$3(304)) - 029654c1-37af-45dc-9620-2886658484eb: start RPC server
2020-07-19 12:59:05,704 [Datanode State Machine Thread - 0] INFO  server.GrpcService (GrpcService.java:startImpl(160)) - 029654c1-37af-45dc-9620-2886658484eb: GrpcService started, listening on 0.0.0.0/0.0.0.0:35523
2020-07-19 12:59:05,704 [Datanode State Machine Thread - 0] INFO  ratis.XceiverServerRatis (XceiverServerRatis.java:start(450)) - XceiverServerRatis 029654c1-37af-45dc-9620-2886658484eb is started using port 35523
2020-07-19 12:59:05,704 [Datanode State Machine Thread - 0] INFO  server.XceiverServerGrpc (XceiverServerGrpc.java:start(145)) - XceiverServerGrpc 029654c1-37af-45dc-9620-2886658484eb is started using port 40587
2020-07-19 12:59:06,697 [Listener at 127.0.0.1/43321] INFO  ozone.MiniOzoneClusterImpl (MiniOzoneClusterImpl.java:lambda$waitForClusterToBeReady$0(177)) - Waiting for nodes to be ready. Got 0 of 7 DN Heartbeats.
2020-07-19 12:59:06,697 [Listener at 127.0.0.1/43321] INFO  ozone.MiniOzoneClusterImpl (MiniOzoneClusterImpl.java:lambda$waitForClusterToBeReady$0(180)) - Waiting for cluster to exit safe mode
2020-07-19 12:59:06,910 [IPC Server handler 1 on default port 43203] INFO  net.NetworkTopology (NetworkTopologyImpl.java:add(111)) - Added a new node: /default-rack/2b2d82e9-81b7-495a-ad91-4c9f861a0950
2020-07-19 12:59:06,912 [IPC Server handler 1 on default port 43203] INFO  node.SCMNodeManager (SCMNodeManager.java:register(273)) - Registered Data node : 2b2d82e9-81b7-495a-ad91-4c9f861a0950{ip: 172.17.0.2, host: fe49c764e40f, networkLocation: /default-rack, certSerialId: null}
2020-07-19 12:59:06,912 [RatisPipelineUtilsThread] INFO  pipeline.RatisPipelineProvider (RatisPipelineProvider.java:lambda$create$0(138)) - Sending CreatePipelineCommand for pipeline:PipelineID=e59ec45f-9855-439c-afcb-663640651964 to datanode:2b2d82e9-81b7-495a-ad91-4c9f861a0950
2020-07-19 12:59:06,913 [EventQueue-NodeRegistrationContainerReportForContainerSafeModeRule] INFO  safemode.SCMSafeModeManager (SCMSafeModeManager.java:validateSafeModeExitRules(214)) - ContainerSafeModeRule rule is successfully validated
2020-07-19 12:59:06,914 [RatisPipelineUtilsThread] INFO  pipeline.PipelineStateManager (PipelineStateManager.java:addPipeline(54)) - Created pipeline Pipeline[ Id: e59ec45f-9855-439c-afcb-663640651964, Nodes: 2b2d82e9-81b7-495a-ad91-4c9f861a0950{ip: 172.17.0.2, host: fe49c764e40f, networkLocation: /default-rack, certSerialId: null}, Type:RATIS, Factor:ONE, State:ALLOCATED, leaderId:, CreationTimestamp2020-07-19T12:59:06.912Z]
2020-07-19 12:59:06,915 [RatisPipelineUtilsThread] ERROR pipeline.SCMPipelineManager (SCMPipelineManager.java:createPipeline(275)) - Failed to create pipeline of type RATIS and factor ONE. Exception: Cannot create pipeline of factor 1 using 0 nodes. Used 1 nodes. Healthy nodes 1
2020-07-19 12:59:06,915 [EventQueue-NodeRegistrationContainerReportForDataNodeSafeModeRule] INFO  safemode.SCMSafeModeManager (DataNodeSafeModeRule.java:process(71)) - SCM in safe mode. 1 DataNodes registered, 1 required.
2020-07-19 12:59:06,920 [EventQueue-NodeRegistrationContainerReportForDataNodeSafeModeRule] INFO  safemode.SCMSafeModeManager (SCMSafeModeManager.java:validateSafeModeExitRules(214)) - DataNodeSafeModeRule rule is successfully validated
2020-07-19 12:59:06,920 [EventQueue-NodeRegistrationContainerReportForDataNodeSafeModeRule] INFO  safemode.SCMSafeModeManager (SCMSafeModeManager.java:completePreCheck(242)) - All SCM safe mode pre check rules have passed
2020-07-19 12:59:06,920 [RatisPipelineUtilsThread] ERROR pipeline.SCMPipelineManager (SCMPipelineManager.java:createPipeline(275)) - Failed to create pipeline of type RATIS and factor ONE. Exception: Cannot create pipeline of factor 1 using 0 nodes. Used 1 nodes. Healthy nodes 1
2020-07-19 12:59:06,920 [RatisPipelineUtilsThread] WARN  pipeline.PipelinePlacementPolicy (PipelinePlacementPolicy.java:filterViableNodes(133)) - Pipeline creation failed due to no sufficient healthy datanodes. Required 3. Found 1.
2020-07-19 12:59:06,920 [RatisPipelineUtilsThread] ERROR pipeline.SCMPipelineManager (SCMPipelineManager.java:createPipeline(275)) - Failed to create pipeline of type RATIS and factor THREE. Exception: Pipeline creation failed due to no sufficient healthy datanodes. Required 3. Found 1.
2020-07-19 12:59:07,038 [IPC Server handler 2 on default port 43203] INFO  net.NetworkTopology (NetworkTopologyImpl.java:add(111)) - Added a new node: /default-rack/8a75226f-9665-4023-8f83-5359208d8c5d
2020-07-19 12:59:07,038 [IPC Server handler 2 on default port 43203] INFO  node.SCMNodeManager (SCMNodeManager.java:register(273)) - Registered Data node : 8a75226f-9665-4023-8f83-5359208d8c5d{ip: 172.17.0.2, host: fe49c764e40f, networkLocation: /default-rack, certSerialId: null}
2020-07-19 12:59:07,039 [EventQueue-NodeRegistrationContainerReportForContainerSafeModeRule] INFO  safemode.SCMSafeModeManager (SCMSafeModeManager.java:validateSafeModeExitRules(214)) - ContainerSafeModeRule rule is successfully validated
2020-07-19 12:59:07,039 [EventQueue-NodeRegistrationContainerReportForDataNodeSafeModeRule] INFO  safemode.SCMSafeModeManager (SCMSafeModeManager.java:validateSafeModeExitRules(214)) - DataNodeSafeModeRule rule is successfully validated
2020-07-19 12:59:07,039 [RatisPipelineUtilsThread] INFO  pipeline.RatisPipelineProvider (RatisPipelineProvider.java:lambda$create$0(138)) - Sending CreatePipelineCommand for pipeline:PipelineID=58c46952-28a9-4ba9-bb67-70a6b8d38945 to datanode:8a75226f-9665-4023-8f83-5359208d8c5d
2020-07-19 12:59:07,040 [RatisPipelineUtilsThread] INFO  pipeline.PipelineStateManager (PipelineStateManager.java:addPipeline(54)) - Created pipeline Pipeline[ Id: 58c46952-28a9-4ba9-bb67-70a6b8d38945, Nodes: 8a75226f-9665-4023-8f83-5359208d8c5d{ip: 172.17.0.2, host: fe49c764e40f, networkLocation: /default-rack, certSerialId: null}, Type:RATIS, Factor:ONE, State:ALLOCATED, leaderId:, CreationTimestamp2020-07-19T12:59:07.039Z]
2020-07-19 12:59:07,040 [RatisPipelineUtilsThread] ERROR pipeline.SCMPipelineManager (SCMPipelineManager.java:createPipeline(275)) - Failed to create pipeline of type RATIS and factor ONE. Exception: Cannot create pipeline of factor 1 using 0 nodes. Used 2 nodes. Healthy nodes 2
2020-07-19 12:59:07,040 [RatisPipelineUtilsThread] WARN  pipeline.PipelinePlacementPolicy (PipelinePlacementPolicy.java:filterViableNodes(133)) - Pipeline creation failed due to no sufficient healthy datanodes. Required 3. Found 2.
2020-07-19 12:59:07,040 [RatisPipelineUtilsThread] ERROR pipeline.SCMPipelineManager (SCMPipelineManager.java:createPipeline(275)) - Failed to create pipeline of type RATIS and factor THREE. Exception: Pipeline creation failed due to no sufficient healthy datanodes. Required 3. Found 2.
2020-07-19 12:59:07,165 [IPC Server handler 3 on default port 43203] INFO  net.NetworkTopology (NetworkTopologyImpl.java:add(111)) - Added a new node: /default-rack/af89afa7-310b-41e3-a030-5f9c19d0a39c
2020-07-19 12:59:07,165 [IPC Server handler 3 on default port 43203] INFO  node.SCMNodeManager (SCMNodeManager.java:register(273)) - Registered Data node : af89afa7-310b-41e3-a030-5f9c19d0a39c{ip: 172.17.0.2, host: fe49c764e40f, networkLocation: /default-rack, certSerialId: null}
2020-07-19 12:59:07,165 [EventQueue-NodeRegistrationContainerReportForContainerSafeModeRule] INFO  safemode.SCMSafeModeManager (SCMSafeModeManager.java:validateSafeModeExitRules(214)) - ContainerSafeModeRule rule is successfully validated
2020-07-19 12:59:07,165 [EventQueue-NodeRegistrationContainerReportForDataNodeSafeModeRule] INFO  safemode.SCMSafeModeManager (SCMSafeModeManager.java:validateSafeModeExitRules(214)) - DataNodeSafeModeRule rule is successfully validated
2020-07-19 12:59:07,166 [RatisPipelineUtilsThread] INFO  pipeline.RatisPipelineProvider (RatisPipelineProvider.java:lambda$create$0(138)) - Sending CreatePipelineCommand for pipeline:PipelineID=6ac2399f-98b2-46f0-a6b3-8f0c7f9c9eb9 to datanode:af89afa7-310b-41e3-a030-5f9c19d0a39c
2020-07-19 12:59:07,167 [RatisPipelineUtilsThread] INFO  pipeline.PipelineStateManager (PipelineStateManager.java:addPipeline(54)) - Created pipeline Pipeline[ Id: 6ac2399f-98b2-46f0-a6b3-8f0c7f9c9eb9, Nodes: af89afa7-310b-41e3-a030-5f9c19d0a39c{ip: 172.17.0.2, host: fe49c764e40f, networkLocation: /default-rack, certSerialId: null}, Type:RATIS, Factor:ONE, State:ALLOCATED, leaderId:, CreationTimestamp2020-07-19T12:59:07.166Z]
2020-07-19 12:59:07,167 [RatisPipelineUtilsThread] ERROR pipeline.SCMPipelineManager (SCMPipelineManager.java:createPipeline(275)) - Failed to create pipeline of type RATIS and factor ONE. Exception: Cannot create pipeline of factor 1 using 0 nodes. Used 3 nodes. Healthy nodes 3
2020-07-19 12:59:07,168 [RatisPipelineUtilsThread] INFO  pipeline.RatisPipelineProvider (RatisPipelineProvider.java:lambda$create$0(138)) - Sending CreatePipelineCommand for pipeline:PipelineID=5ebf3169-d61a-42a2-8dc1-bdd9e056ee21 to datanode:8a75226f-9665-4023-8f83-5359208d8c5d
2020-07-19 12:59:07,168 [RatisPipelineUtilsThread] INFO  pipeline.RatisPipelineProvider (RatisPipelineProvider.java:lambda$create$0(138)) - Sending CreatePipelineCommand for pipeline:PipelineID=5ebf3169-d61a-42a2-8dc1-bdd9e056ee21 to datanode:af89afa7-310b-41e3-a030-5f9c19d0a39c
2020-07-19 12:59:07,168 [RatisPipelineUtilsThread] INFO  pipeline.RatisPipelineProvider (RatisPipelineProvider.java:lambda$create$0(138)) - Sending CreatePipelineCommand for pipeline:PipelineID=5ebf3169-d61a-42a2-8dc1-bdd9e056ee21 to datanode:2b2d82e9-81b7-495a-ad91-4c9f861a0950
2020-07-19 12:59:07,168 [RatisPipelineUtilsThread] INFO  pipeline.PipelineStateManager (PipelineStateManager.java:addPipeline(54)) - Created pipeline Pipeline[ Id: 5ebf3169-d61a-42a2-8dc1-bdd9e056ee21, Nodes: 8a75226f-9665-4023-8f83-5359208d8c5d{ip: 172.17.0.2, host: fe49c764e40f, networkLocation: /default-rack, certSerialId: null}af89afa7-310b-41e3-a030-5f9c19d0a39c{ip: 172.17.0.2, host: fe49c764e40f, networkLocation: /default-rack, certSerialId: null}2b2d82e9-81b7-495a-ad91-4c9f861a0950{ip: 172.17.0.2, host: fe49c764e40f, networkLocation: /default-rack, certSerialId: null}, Type:RATIS, Factor:THREE, State:ALLOCATED, leaderId:, CreationTimestamp2020-07-19T12:59:07.168Z]
2020-07-19 12:59:07,169 [RatisPipelineUtilsThread] ERROR pipeline.SCMPipelineManager (SCMPipelineManager.java:createPipeline(275)) - Failed to create pipeline of type RATIS and factor THREE. Exception: Pipeline creation failed because nodes are engaged in other pipelines and every node can only be engaged in max 2 pipelines. Required 3. Found 0
2020-07-19 12:59:07,289 [IPC Server handler 5 on default port 43203] INFO  net.NetworkTopology (NetworkTopologyImpl.java:add(111)) - Added a new node: /default-rack/60b4693a-24a9-4f9a-8d7e-763e228c0b97
2020-07-19 12:59:07,290 [IPC Server handler 5 on default port 43203] INFO  node.SCMNodeManager (SCMNodeManager.java:register(273)) - Registered Data node : 60b4693a-24a9-4f9a-8d7e-763e228c0b97{ip: 172.17.0.2, host: fe49c764e40f, networkLocation: /default-rack, certSerialId: null}
2020-07-19 12:59:07,291 [EventQueue-NodeRegistrationContainerReportForContainerSafeModeRule] INFO  safemode.SCMSafeModeManager (SCMSafeModeManager.java:validateSafeModeExitRules(214)) - ContainerSafeModeRule rule is successfully validated
2020-07-19 12:59:07,291 [RatisPipelineUtilsThread] INFO  pipeline.RatisPipelineProvider (RatisPipelineProvider.java:lambda$create$0(138)) - Sending CreatePipelineCommand for pipeline:PipelineID=b7fd7509-c4d3-4488-8e1e-f2a7ffde51a0 to datanode:60b4693a-24a9-4f9a-8d7e-763e228c0b97
2020-07-19 12:59:07,291 [EventQueue-NodeRegistrationContainerReportForDataNodeSafeModeRule] INFO  safemode.SCMSafeModeManager (SCMSafeModeManager.java:validateSafeModeExitRules(214)) - DataNodeSafeModeRule rule is successfully validated
2020-07-19 12:59:07,292 [RatisPipelineUtilsThread] INFO  pipeline.PipelineStateManager (PipelineStateManager.java:addPipeline(54)) - Created pipeline Pipeline[ Id: b7fd7509-c4d3-4488-8e1e-f2a7ffde51a0, Nodes: 60b4693a-24a9-4f9a-8d7e-763e228c0b97{ip: 172.17.0.2, host: fe49c764e40f, networkLocation: /default-rack, certSerialId: null}, Type:RATIS, Factor:ONE, State:ALLOCATED, leaderId:, CreationTimestamp2020-07-19T12:59:07.291Z]
2020-07-19 12:59:07,293 [RatisPipelineUtilsThread] ERROR pipeline.SCMPipelineManager (SCMPipelineManager.java:createPipeline(275)) - Failed to create pipeline of type RATIS and factor ONE. Exception: Cannot create pipeline of factor 1 using 0 nodes. Used 4 nodes. Healthy nodes 4
2020-07-19 12:59:07,293 [RatisPipelineUtilsThread] ERROR pipeline.SCMPipelineManager (SCMPipelineManager.java:createPipeline(275)) - Failed to create pipeline of type RATIS and factor THREE. Exception: Pipeline creation failed because nodes are engaged in other pipelines and every node can only be engaged in max 2 pipelines. Required 3. Found 1
2020-07-19 12:59:07,422 [IPC Server handler 6 on default port 43203] INFO  net.NetworkTopology (NetworkTopologyImpl.java:add(111)) - Added a new node: /default-rack/45b92da7-6fd5-4e69-8c49-135295713f70
2020-07-19 12:59:07,422 [IPC Server handler 6 on default port 43203] INFO  node.SCMNodeManager (SCMNodeManager.java:register(273)) - Registered Data node : 45b92da7-6fd5-4e69-8c49-135295713f70{ip: 172.17.0.2, host: fe49c764e40f, networkLocation: /default-rack, certSerialId: null}
2020-07-19 12:59:07,423 [EventQueue-NodeRegistrationContainerReportForDataNodeSafeModeRule] INFO  safemode.SCMSafeModeManager (SCMSafeModeManager.java:validateSafeModeExitRules(214)) - DataNodeSafeModeRule rule is successfully validated
2020-07-19 12:59:07,423 [EventQueue-NodeRegistrationContainerReportForContainerSafeModeRule] INFO  safemode.SCMSafeModeManager (SCMSafeModeManager.java:validateSafeModeExitRules(214)) - ContainerSafeModeRule rule is successfully validated
2020-07-19 12:59:07,423 [RatisPipelineUtilsThread] INFO  pipeline.RatisPipelineProvider (RatisPipelineProvider.java:lambda$create$0(138)) - Sending CreatePipelineCommand for pipeline:PipelineID=4c75bb63-2c9a-457c-b5fe-a40045290981 to datanode:45b92da7-6fd5-4e69-8c49-135295713f70
2020-07-19 12:59:07,424 [RatisPipelineUtilsThread] INFO  pipeline.PipelineStateManager (PipelineStateManager.java:addPipeline(54)) - Created pipeline Pipeline[ Id: 4c75bb63-2c9a-457c-b5fe-a40045290981, Nodes: 45b92da7-6fd5-4e69-8c49-135295713f70{ip: 172.17.0.2, host: fe49c764e40f, networkLocation: /default-rack, certSerialId: null}, Type:RATIS, Factor:ONE, State:ALLOCATED, leaderId:, CreationTimestamp2020-07-19T12:59:07.423Z]
2020-07-19 12:59:07,424 [RatisPipelineUtilsThread] ERROR pipeline.SCMPipelineManager (SCMPipelineManager.java:createPipeline(275)) - Failed to create pipeline of type RATIS and factor ONE. Exception: Cannot create pipeline of factor 1 using 0 nodes. Used 5 nodes. Healthy nodes 5
2020-07-19 12:59:07,425 [RatisPipelineUtilsThread] ERROR pipeline.SCMPipelineManager (SCMPipelineManager.java:createPipeline(275)) - Failed to create pipeline of type RATIS and factor THREE. Exception: Pipeline creation failed because nodes are engaged in other pipelines and every node can only be engaged in max 2 pipelines. Required 3. Found 2
2020-07-19 12:59:07,569 [IPC Server handler 7 on default port 43203] INFO  net.NetworkTopology (NetworkTopologyImpl.java:add(111)) - Added a new node: /default-rack/7448be25-6ee6-481d-867e-081d62f0ad37
2020-07-19 12:59:07,569 [IPC Server handler 7 on default port 43203] INFO  node.SCMNodeManager (SCMNodeManager.java:register(273)) - Registered Data node : 7448be25-6ee6-481d-867e-081d62f0ad37{ip: 172.17.0.2, host: fe49c764e40f, networkLocation: /default-rack, certSerialId: null}
2020-07-19 12:59:07,569 [EventQueue-NodeRegistrationContainerReportForDataNodeSafeModeRule] INFO  safemode.SCMSafeModeManager (SCMSafeModeManager.java:validateSafeModeExitRules(214)) - DataNodeSafeModeRule rule is successfully validated
2020-07-19 12:59:07,570 [EventQueue-NodeRegistrationContainerReportForContainerSafeModeRule] INFO  safemode.SCMSafeModeManager (SCMSafeModeManager.java:validateSafeModeExitRules(214)) - ContainerSafeModeRule rule is successfully validated
2020-07-19 12:59:07,573 [RatisPipelineUtilsThread] INFO  pipeline.RatisPipelineProvider (RatisPipelineProvider.java:lambda$create$0(138)) - Sending CreatePipelineCommand for pipeline:PipelineID=4b63a041-6533-4abc-831e-97e268fda089 to datanode:7448be25-6ee6-481d-867e-081d62f0ad37
2020-07-19 12:59:07,574 [RatisPipelineUtilsThread] INFO  pipeline.PipelineStateManager (PipelineStateManager.java:addPipeline(54)) - Created pipeline Pipeline[ Id: 4b63a041-6533-4abc-831e-97e268fda089, Nodes: 7448be25-6ee6-481d-867e-081d62f0ad37{ip: 172.17.0.2, host: fe49c764e40f, networkLocation: /default-rack, certSerialId: null}, Type:RATIS, Factor:ONE, State:ALLOCATED, leaderId:, CreationTimestamp2020-07-19T12:59:07.573Z]
2020-07-19 12:59:07,574 [RatisPipelineUtilsThread] ERROR pipeline.SCMPipelineManager (SCMPipelineManager.java:createPipeline(275)) - Failed to create pipeline of type RATIS and factor ONE. Exception: Cannot create pipeline of factor 1 using 0 nodes. Used 6 nodes. Healthy nodes 6
2020-07-19 12:59:07,574 [RatisPipelineUtilsThread] INFO  pipeline.RatisPipelineProvider (RatisPipelineProvider.java:lambda$create$0(138)) - Sending CreatePipelineCommand for pipeline:PipelineID=20295e19-fc6c-450f-aa9f-3183008b4f90 to datanode:7448be25-6ee6-481d-867e-081d62f0ad37
2020-07-19 12:59:07,575 [RatisPipelineUtilsThread] INFO  pipeline.RatisPipelineProvider (RatisPipelineProvider.java:lambda$create$0(138)) - Sending CreatePipelineCommand for pipeline:PipelineID=20295e19-fc6c-450f-aa9f-3183008b4f90 to datanode:60b4693a-24a9-4f9a-8d7e-763e228c0b97
2020-07-19 12:59:07,575 [RatisPipelineUtilsThread] INFO  pipeline.RatisPipelineProvider (RatisPipelineProvider.java:lambda$create$0(138)) - Sending CreatePipelineCommand for pipeline:PipelineID=20295e19-fc6c-450f-aa9f-3183008b4f90 to datanode:45b92da7-6fd5-4e69-8c49-135295713f70
2020-07-19 12:59:07,575 [RatisPipelineUtilsThread] INFO  pipeline.PipelineStateManager (PipelineStateManager.java:addPipeline(54)) - Created pipeline Pipeline[ Id: 20295e19-fc6c-450f-aa9f-3183008b4f90, Nodes: 7448be25-6ee6-481d-867e-081d62f0ad37{ip: 172.17.0.2, host: fe49c764e40f, networkLocation: /default-rack, certSerialId: null}60b4693a-24a9-4f9a-8d7e-763e228c0b97{ip: 172.17.0.2, host: fe49c764e40f, networkLocation: /default-rack, certSerialId: null}45b92da7-6fd5-4e69-8c49-135295713f70{ip: 172.17.0.2, host: fe49c764e40f, networkLocation: /default-rack, certSerialId: null}, Type:RATIS, Factor:THREE, State:ALLOCATED, leaderId:, CreationTimestamp2020-07-19T12:59:07.574Z]
2020-07-19 12:59:07,575 [RatisPipelineUtilsThread] ERROR pipeline.SCMPipelineManager (SCMPipelineManager.java:createPipeline(275)) - Failed to create pipeline of type RATIS and factor THREE. Exception: Pipeline creation failed because nodes are engaged in other pipelines and every node can only be engaged in max 2 pipelines. Required 3. Found 0
2020-07-19 12:59:07,697 [Listener at 127.0.0.1/43321] INFO  ozone.MiniOzoneClusterImpl (MiniOzoneClusterImpl.java:lambda$waitForClusterToBeReady$0(177)) - Waiting for nodes to be ready. Got 6 of 7 DN Heartbeats.
2020-07-19 12:59:07,698 [Listener at 127.0.0.1/43321] INFO  ozone.MiniOzoneClusterImpl (MiniOzoneClusterImpl.java:lambda$waitForClusterToBeReady$0(180)) - Waiting for cluster to exit safe mode
2020-07-19 12:59:07,699 [IPC Server handler 1 on default port 43203] INFO  net.NetworkTopology (NetworkTopologyImpl.java:add(111)) - Added a new node: /default-rack/029654c1-37af-45dc-9620-2886658484eb
2020-07-19 12:59:07,700 [IPC Server handler 1 on default port 43203] INFO  node.SCMNodeManager (SCMNodeManager.java:register(273)) - Registered Data node : 029654c1-37af-45dc-9620-2886658484eb{ip: 172.17.0.2, host: fe49c764e40f, networkLocation: /default-rack, certSerialId: null}
2020-07-19 12:59:07,700 [EventQueue-NodeRegistrationContainerReportForDataNodeSafeModeRule] INFO  safemode.SCMSafeModeManager (SCMSafeModeManager.java:validateSafeModeExitRules(214)) - DataNodeSafeModeRule rule is successfully validated
2020-07-19 12:59:07,700 [EventQueue-NodeRegistrationContainerReportForContainerSafeModeRule] INFO  safemode.SCMSafeModeManager (SCMSafeModeManager.java:validateSafeModeExitRules(214)) - ContainerSafeModeRule rule is successfully validated
2020-07-19 12:59:07,701 [RatisPipelineUtilsThread] INFO  pipeline.RatisPipelineProvider (RatisPipelineProvider.java:lambda$create$0(138)) - Sending CreatePipelineCommand for pipeline:PipelineID=88be61f1-3a97-4ae3-b0c8-dad710de08ab to datanode:029654c1-37af-45dc-9620-2886658484eb
2020-07-19 12:59:07,701 [RatisPipelineUtilsThread] INFO  pipeline.PipelineStateManager (PipelineStateManager.java:addPipeline(54)) - Created pipeline Pipeline[ Id: 88be61f1-3a97-4ae3-b0c8-dad710de08ab, Nodes: 029654c1-37af-45dc-9620-2886658484eb{ip: 172.17.0.2, host: fe49c764e40f, networkLocation: /default-rack, certSerialId: null}, Type:RATIS, Factor:ONE, State:ALLOCATED, leaderId:, CreationTimestamp2020-07-19T12:59:07.701Z]
2020-07-19 12:59:07,703 [RatisPipelineUtilsThread] ERROR pipeline.SCMPipelineManager (SCMPipelineManager.java:createPipeline(275)) - Failed to create pipeline of type RATIS and factor ONE. Exception: Cannot create pipeline of factor 1 using 0 nodes. Used 7 nodes. Healthy nodes 7
2020-07-19 12:59:07,703 [RatisPipelineUtilsThread] ERROR pipeline.SCMPipelineManager (SCMPipelineManager.java:createPipeline(275)) - Failed to create pipeline of type RATIS and factor THREE. Exception: Pipeline creation failed because nodes are engaged in other pipelines and every node can only be engaged in max 2 pipelines. Required 3. Found 1
2020-07-19 12:59:08,699 [Listener at 127.0.0.1/43321] INFO  ozone.MiniOzoneClusterImpl (MiniOzoneClusterImpl.java:lambda$waitForClusterToBeReady$0(177)) - Nodes are ready. Got 7 of 7 DN Heartbeats.
2020-07-19 12:59:08,699 [Listener at 127.0.0.1/43321] INFO  ozone.MiniOzoneClusterImpl (MiniOzoneClusterImpl.java:lambda$waitForClusterToBeReady$0(180)) - Waiting for cluster to exit safe mode
2020-07-19 12:59:09,699 [Listener at 127.0.0.1/43321] INFO  ozone.MiniOzoneClusterImpl (MiniOzoneClusterImpl.java:lambda$waitForClusterToBeReady$0(177)) - Nodes are ready. Got 7 of 7 DN Heartbeats.
2020-07-19 12:59:09,699 [Listener at 127.0.0.1/43321] INFO  ozone.MiniOzoneClusterImpl (MiniOzoneClusterImpl.java:lambda$waitForClusterToBeReady$0(180)) - Waiting for cluster to exit safe mode
2020-07-19 12:59:09,910 [Command processor thread] INFO  impl.RaftServerProxy (RaftServerProxy.java:addNew(89)) - 2b2d82e9-81b7-495a-ad91-4c9f861a0950: addNew group-663640651964:[2b2d82e9-81b7-495a-ad91-4c9f861a0950:172.17.0.2:35891] returns group-663640651964:java.util.concurrent.CompletableFuture@920a487[Not completed]
2020-07-19 12:59:09,911 [pool-160-thread-1] INFO  impl.RaftServerImpl (RaftServerImpl.java:<init>(99)) - 2b2d82e9-81b7-495a-ad91-4c9f861a0950: new RaftServerImpl for group-663640651964:[2b2d82e9-81b7-495a-ad91-4c9f861a0950:172.17.0.2:35891] with ContainerStateMachine:uninitialized
2020-07-19 12:59:09,911 [pool-160-thread-1] INFO  server.RaftServerConfigKeys (ConfUtils.java:logGet(44)) - raft.server.rpc.timeout.min = 5s (custom)
2020-07-19 12:59:09,912 [pool-160-thread-1] INFO  server.RaftServerConfigKeys (ConfUtils.java:logGet(44)) - raft.server.rpc.timeout.max = 5200ms (custom)
2020-07-19 12:59:09,912 [pool-160-thread-1] INFO  server.RaftServerConfigKeys (ConfUtils.java:logGet(44)) - raft.server.rpcslowness.timeout = 300000ms (custom)
2020-07-19 12:59:09,912 [pool-160-thread-1] INFO  server.RaftServerConfigKeys (ConfUtils.java:logGet(44)) - raft.server.sleep.deviation.threshold = 300 (default)
2020-07-19 12:59:09,912 [pool-160-thread-1] INFO  server.RaftServerConfigKeys (ConfUtils.java:logGet(44)) - raft.server.log.appender.install.snapshot.enabled = false (custom)
2020-07-19 12:59:09,912 [pool-160-thread-1] INFO  impl.RaftServerImpl (ServerState.java:<init>(103)) - 2b2d82e9-81b7-495a-ad91-4c9f861a0950@group-663640651964: ConfigurationManager, init=-1: [2b2d82e9-81b7-495a-ad91-4c9f861a0950:172.17.0.2:35891], old=null, confs=<EMPTY_MAP>
2020-07-19 12:59:09,913 [pool-160-thread-1] INFO  server.RaftServerConfigKeys (ConfUtils.java:logGet(44)) - raft.server.storage.dir = [/github/workspace/mnt/ozone/hadoop-ozone/integration-test/target/test-dir/MiniOzoneClusterImpl-8824b896-4141-4ae0-8a85-a38dd1836ba7/datanode-0/data/ratis] (custom)
2020-07-19 12:59:09,913 [pool-160-thread-1] INFO  server.RaftServerConfigKeys (ConfUtils.java:logGet(44)) - raft.server.log.corruption.policy = EXCEPTION (default)
2020-07-19 12:59:09,913 [pool-160-thread-1] INFO  storage.RaftStorageDirectory (RaftStorageDirectory.java:analyzeStorage(261)) - The storage directory /github/workspace/mnt/ozone/hadoop-ozone/integration-test/target/test-dir/MiniOzoneClusterImpl-8824b896-4141-4ae0-8a85-a38dd1836ba7/datanode-0/data/ratis/e59ec45f-9855-439c-afcb-663640651964 does not exist. Creating ...
2020-07-19 12:59:09,914 [pool-160-thread-1] INFO  storage.RaftStorageDirectory (RaftStorageDirectory.java:tryLock(343)) - Lock on /github/workspace/mnt/ozone/hadoop-ozone/integration-test/target/test-dir/MiniOzoneClusterImpl-8824b896-4141-4ae0-8a85-a38dd1836ba7/datanode-0/data/ratis/e59ec45f-9855-439c-afcb-663640651964/in_use.lock acquired by nodename 5176@fe49c764e40f
2020-07-19 12:59:09,915 [pool-160-thread-1] INFO  storage.RaftStorage (RaftStorage.java:format(84)) - Storage directory /github/workspace/mnt/ozone/hadoop-ozone/integration-test/target/test-dir/MiniOzoneClusterImpl-8824b896-4141-4ae0-8a85-a38dd1836ba7/datanode-0/data/ratis/e59ec45f-9855-439c-afcb-663640651964 has been successfully formatted.
2020-07-19 12:59:09,916 [pool-160-thread-1] INFO  ratis.ContainerStateMachine (ContainerStateMachine.java:loadSnapshot(225)) - group-663640651964: The snapshot info is null. Setting the last applied indexto:(t:0, i:~)
2020-07-19 12:59:09,916 [pool-160-thread-1] INFO  server.RaftServerConfigKeys (ConfUtils.java:logGet(44)) - raft.server.notification.no-leader.timeout = 300000ms (custom)
2020-07-19 12:59:09,916 [pool-160-thread-1] INFO  server.RaftServerConfigKeys (ConfUtils.java:logGet(44)) - raft.server.log.use.memory = false (default)
2020-07-19 12:59:09,916 [pool-160-thread-1] INFO  server.RaftServerConfigKeys (ConfUtils.java:logGet(44)) - raft.server.log.purge.gap = 1000000 (custom)
2020-07-19 12:59:09,917 [pool-160-thread-1] INFO  server.RaftServerConfigKeys (ConfUtils.java:logGet(44)) - raft.server.log.appender.buffer.byte-limit = 33554432 (custom)
2020-07-19 12:59:09,917 [pool-160-thread-1] INFO  server.RaftServerConfigKeys (ConfUtils.java:logGet(44)) - raft.server.log.segment.size.max = 1048576 (custom)
2020-07-19 12:59:09,917 [pool-160-thread-1] INFO  metrics.RatisMetrics (RatisMetrics.java:lambda$create$0(36)) - Creating Metrics Registry : ratis.log_worker.2b2d82e9-81b7-495a-ad91-4c9f861a0950@group-663640651964
2020-07-19 12:59:09,917 [pool-160-thread-1] INFO  server.RaftServerConfigKeys (ConfUtils.java:logGet(44)) - raft.server.log.segment.cache.num.max = 2 (custom)
2020-07-19 12:59:09,917 [EventQueue-PipelineReportForPipelineReportHandler] INFO  pipeline.PipelineStateManager (PipelineStateManager.java:openPipeline(131)) - Pipeline Pipeline[ Id: e59ec45f-9855-439c-afcb-663640651964, Nodes: 2b2d82e9-81b7-495a-ad91-4c9f861a0950{ip: 172.17.0.2, host: fe49c764e40f, networkLocation: /default-rack, certSerialId: null}, Type:RATIS, Factor:ONE, State:ALLOCATED, leaderId:2b2d82e9-81b7-495a-ad91-4c9f861a0950, CreationTimestamp2020-07-19T12:59:06.912Z] moved to OPEN state
2020-07-19 12:59:09,917 [pool-160-thread-1] INFO  segmented.SegmentedRaftLogWorker (SegmentedRaftLogWorker.java:<init>(180)) - new 2b2d82e9-81b7-495a-ad91-4c9f861a0950@group-663640651964-SegmentedRaftLogWorker for RaftStorage:Storage Directory /github/workspace/mnt/ozone/hadoop-ozone/integration-test/target/test-dir/MiniOzoneClusterImpl-8824b896-4141-4ae0-8a85-a38dd1836ba7/datanode-0/data/ratis/e59ec45f-9855-439c-afcb-663640651964
2020-07-19 12:59:09,918 [pool-160-thread-1] INFO  server.RaftServerConfigKeys (ConfUtils.java:logGet(44)) - raft.server.log.queue.byte-limit = 2147483647 (custom)
2020-07-19 12:59:09,918 [pool-160-thread-1] INFO  server.RaftServerConfigKeys (ConfUtils.java:logGet(44)) - raft.server.log.queue.element-limit = 1024 (custom)
2020-07-19 12:59:09,918 [EventQueue-OpenPipelineForOneReplicaPipelineSafeModeRule] INFO  safemode.SCMSafeModeManager (SCMSafeModeManager.java:validateSafeModeExitRules(214)) - AtleastOneDatanodeReportedRule rule is successfully validated
2020-07-19 12:59:09,918 [pool-160-thread-1] INFO  server.RaftServerConfigKeys (ConfUtils.java:logGet(44)) - raft.server.log.segment.size.max = 1048576 (custom)
2020-07-19 12:59:09,920 [pool-160-thread-1] INFO  server.RaftServerConfigKeys (ConfUtils.java:logGet(44)) - raft.server.log.preallocated.size = 16384 (custom)
2020-07-19 12:59:09,921 [pool-160-thread-1] INFO  server.RaftServerConfigKeys (ConfUtils.java:logGet(44)) - raft.server.log.write.buffer.size = 1048576 (custom)
2020-07-19 12:59:09,921 [pool-160-thread-1] INFO  server.RaftServerConfigKeys (ConfUtils.java:logGet(44)) - raft.server.log.force.sync.num = 128 (default)
2020-07-19 12:59:09,921 [pool-160-thread-1] INFO  server.RaftServerConfigKeys (ConfUtils.java:logGet(44)) - raft.server.log.statemachine.data.sync = true (default)
2020-07-19 12:59:09,921 [pool-160-thread-1] INFO  server.RaftServerConfigKeys (ConfUtils.java:logGet(44)) - raft.server.log.statemachine.data.sync.timeout = 10s (default)
2020-07-19 12:59:09,921 [pool-160-thread-1] INFO  server.RaftServerConfigKeys (ConfUtils.java:logGet(44)) - raft.server.log.statemachine.data.sync.timeout.retry = -1 (default)
2020-07-19 12:59:09,923 [pool-160-thread-1] INFO  server.RaftServerConfigKeys (ConfUtils.java:logGet(44)) - raft.server.log.statemachine.data.caching.enabled = true (custom)
2020-07-19 12:59:09,923 [pool-160-thread-1] INFO  segmented.SegmentedRaftLogWorker (SegmentedRaftLogWorker.java:lambda$new$0(129)) - 2b2d82e9-81b7-495a-ad91-4c9f861a0950@group-663640651964-SegmentedRaftLogWorker: flushIndex: setUnconditionally 0 -> -1
2020-07-19 12:59:09,923 [pool-160-thread-1] INFO  segmented.SegmentedRaftLogWorker (SegmentedRaftLogWorker.java:lambda$new$0(129)) - 2b2d82e9-81b7-495a-ad91-4c9f861a0950@group-663640651964-SegmentedRaftLogWorker: safeCacheEvictIndex: setUnconditionally 0 -> -1
2020-07-19 12:59:09,923 [pool-160-thread-1] INFO  server.RaftServerConfigKeys (ConfUtils.java:logGet(44)) - raft.server.snapshot.auto.trigger.enabled = true (custom)
2020-07-19 12:59:09,924 [pool-160-thread-1] INFO  server.RaftServerConfigKeys (ConfUtils.java:logGet(44)) - raft.server.snapshot.auto.trigger.threshold = 10000 (custom)
2020-07-19 12:59:09,924 [pool-160-thread-1] INFO  server.RaftServerConfigKeys (ConfUtils.java:logGet(44)) - raft.server.snapshot.retention.file.num = 5 (custom)
2020-07-19 12:59:09,924 [pool-160-thread-1] INFO  server.RaftServerConfigKeys (ConfUtils.java:logGet(44)) - raft.server.log.purge.upto.snapshot.index = false (default)
2020-07-19 12:59:09,924 [pool-160-thread-1] INFO  server.RaftServerConfigKeys (ConfUtils.java:logGet(44)) - raft.server.retrycache.expirytime = 600000ms (custom)
2020-07-19 12:59:09,924 [pool-160-thread-1] INFO  metrics.RatisMetrics (RatisMetrics.java:lambda$create$0(36)) - Creating Metrics Registry : ratis.leader_election.2b2d82e9-81b7-495a-ad91-4c9f861a0950@group-663640651964
2020-07-19 12:59:09,924 [pool-160-thread-1] INFO  metrics.RatisMetrics (RatisMetrics.java:lambda$create$0(36)) - Creating Metrics Registry : ratis.server.2b2d82e9-81b7-495a-ad91-4c9f861a0950@group-663640651964
2020-07-19 12:59:09,925 [EventQueue-OpenPipelineForHealthyPipelineSafeModeRule] INFO  safemode.SCMSafeModeManager (HealthyPipelineSafeModeRule.java:process(129)) - SCM in safe mode. Healthy pipelines reported count is 0, required healthy pipeline reported count is 1
2020-07-19 12:59:09,928 [pool-160-thread-1] INFO  impl.RaftServerImpl (RaftServerImpl.java:start(186)) - 2b2d82e9-81b7-495a-ad91-4c9f861a0950@group-663640651964: start as a follower, conf=-1: [2b2d82e9-81b7-495a-ad91-4c9f861a0950:172.17.0.2:35891], old=null
2020-07-19 12:59:09,928 [pool-160-thread-1] INFO  impl.RaftServerImpl (RaftServerImpl.java:setRole(175)) - 2b2d82e9-81b7-495a-ad91-4c9f861a0950@group-663640651964: changes role from      null to FOLLOWER at term 0 for startAsFollower
2020-07-19 12:59:09,928 [pool-160-thread-1] INFO  impl.RoleInfo (RoleInfo.java:updateAndGet(143)) - 2b2d82e9-81b7-495a-ad91-4c9f861a0950: start FollowerState
2020-07-19 12:59:09,929 [pool-160-thread-1] INFO  util.JmxRegister (JmxRegister.java:tryRegister(44)) - Successfully registered JMX Bean with object name Ratis:service=RaftServer,group=group-663640651964,id=2b2d82e9-81b7-495a-ad91-4c9f861a0950
2020-07-19 12:59:09,929 [pool-160-thread-1] INFO  metrics.RatisMetrics (RatisMetrics.java:lambda$create$0(36)) - Creating Metrics Registry : ratis.state_machine.2b2d82e9-81b7-495a-ad91-4c9f861a0950@group-663640651964
2020-07-19 12:59:09,930 [Command processor thread] INFO  commandhandler.CreatePipelineCommandHandler (CreatePipelineCommandHandler.java:handle(109)) - Created Pipeline RATIS ONE #id: "e59ec45f-9855-439c-afcb-663640651964"
uuid128 {
  mostSigBits: -1900866077847108708
  leastSigBits: -5779413313605265052
}
.
2020-07-19 12:59:09,930 [Command processor thread] INFO  impl.RaftServerProxy (RaftServerProxy.java:addNew(89)) - 2b2d82e9-81b7-495a-ad91-4c9f861a0950: addNew group-BDD9E056EE21:[8a75226f-9665-4023-8f83-5359208d8c5d:172.17.0.2:42023, 2b2d82e9-81b7-495a-ad91-4c9f861a0950:172.17.0.2:35891, af89afa7-310b-41e3-a030-5f9c19d0a39c:172.17.0.2:33475] returns group-BDD9E056EE21:java.util.concurrent.CompletableFuture@d1f317b[Not completed]
2020-07-19 12:59:09,932 [pool-160-thread-1] INFO  impl.RaftServerImpl (RaftServerImpl.java:<init>(99)) - 2b2d82e9-81b7-495a-ad91-4c9f861a0950: new RaftServerImpl for group-BDD9E056EE21:[8a75226f-9665-4023-8f83-5359208d8c5d:172.17.0.2:42023, 2b2d82e9-81b7-495a-ad91-4c9f861a0950:172.17.0.2:35891, af89afa7-310b-41e3-a030-5f9c19d0a39c:172.17.0.2:33475] with ContainerStateMachine:uninitialized
2020-07-19 12:59:09,933 [pool-160-thread-1] INFO  server.RaftServerConfigKeys (ConfUtils.java:logGet(44)) - raft.server.rpc.timeout.min = 5s (custom)
2020-07-19 12:59:09,933 [pool-160-thread-1] INFO  server.RaftServerConfigKeys (ConfUtils.java:logGet(44)) - raft.server.rpc.timeout.max = 5200ms (custom)
2020-07-19 12:59:09,933 [pool-160-thread-1] INFO  server.RaftServerConfigKeys (ConfUtils.java:logGet(44)) - raft.server.rpcslowness.timeout = 300000ms (custom)
2020-07-19 12:59:09,933 [pool-160-thread-1] INFO  server.RaftServerConfigKeys (ConfUtils.java:logGet(44)) - raft.server.sleep.deviation.threshold = 300 (default)
2020-07-19 12:59:09,933 [pool-160-thread-1] INFO  server.RaftServerConfigKeys (ConfUtils.java:logGet(44)) - raft.server.log.appender.install.snapshot.enabled = false (custom)
2020-07-19 12:59:09,933 [pool-160-thread-1] INFO  impl.RaftServerImpl (ServerState.java:<init>(103)) - 2b2d82e9-81b7-495a-ad91-4c9f861a0950@group-BDD9E056EE21: ConfigurationManager, init=-1: [8a75226f-9665-4023-8f83-5359208d8c5d:172.17.0.2:42023, 2b2d82e9-81b7-495a-ad91-4c9f861a0950:172.17.0.2:35891, af89afa7-310b-41e3-a030-5f9c19d0a39c:172.17.0.2:33475], old=null, confs=<EMPTY_MAP>
2020-07-19 12:59:09,933 [pool-160-thread-1] INFO  server.RaftServerConfigKeys (ConfUtils.java:logGet(44)) - raft.server.storage.dir = [/github/workspace/mnt/ozone/hadoop-ozone/integration-test/target/test-dir/MiniOzoneClusterImpl-8824b896-4141-4ae0-8a85-a38dd1836ba7/datanode-0/data/ratis] (custom)
2020-07-19 12:59:09,933 [pool-160-thread-1] INFO  server.RaftServerConfigKeys (ConfUtils.java:logGet(44)) - raft.server.log.corruption.policy = EXCEPTION (default)
2020-07-19 12:59:09,933 [pool-160-thread-1] INFO  storage.RaftStorageDirectory (RaftStorageDirectory.java:analyzeStorage(261)) - The storage directory /github/workspace/mnt/ozone/hadoop-ozone/integration-test/target/test-dir/MiniOzoneClusterImpl-8824b896-4141-4ae0-8a85-a38dd1836ba7/datanode-0/data/ratis/5ebf3169-d61a-42a2-8dc1-bdd9e056ee21 does not exist. Creating ...
2020-07-19 12:59:09,935 [pool-160-thread-1] INFO  storage.RaftStorageDirectory (RaftStorageDirectory.java:tryLock(343)) - Lock on /github/workspace/mnt/ozone/hadoop-ozone/integration-test/target/test-dir/MiniOzoneClusterImpl-8824b896-4141-4ae0-8a85-a38dd1836ba7/datanode-0/data/ratis/5ebf3169-d61a-42a2-8dc1-bdd9e056ee21/in_use.lock acquired by nodename 5176@fe49c764e40f
2020-07-19 12:59:09,937 [pool-160-thread-1] INFO  storage.RaftStorage (RaftStorage.java:format(84)) - Storage directory /github/workspace/mnt/ozone/hadoop-ozone/integration-test/target/test-dir/MiniOzoneClusterImpl-8824b896-4141-4ae0-8a85-a38dd1836ba7/datanode-0/data/ratis/5ebf3169-d61a-42a2-8dc1-bdd9e056ee21 has been successfully formatted.
2020-07-19 12:59:09,937 [pool-160-thread-1] INFO  ratis.ContainerStateMachine (ContainerStateMachine.java:loadSnapshot(225)) - group-BDD9E056EE21: The snapshot info is null. Setting the last applied indexto:(t:0, i:~)
2020-07-19 12:59:09,937 [pool-160-thread-1] INFO  server.RaftServerConfigKeys (ConfUtils.java:logGet(44)) - raft.server.notification.no-leader.timeout = 300000ms (custom)
2020-07-19 12:59:09,938 [pool-160-thread-1] INFO  server.RaftServerConfigKeys (ConfUtils.java:logGet(44)) - raft.server.log.use.memory = false (default)
2020-07-19 12:59:09,939 [pool-160-thread-1] INFO  server.RaftServerConfigKeys (ConfUtils.java:logGet(44)) - raft.server.log.purge.gap = 1000000 (custom)
2020-07-19 12:59:09,939 [pool-160-thread-1] INFO  server.RaftServerConfigKeys (ConfUtils.java:logGet(44)) - raft.server.log.appender.buffer.byte-limit = 33554432 (custom)
2020-07-19 12:59:09,939 [pool-160-thread-1] INFO  server.RaftServerConfigKeys (ConfUtils.java:logGet(44)) - raft.server.log.segment.size.max = 1048576 (custom)
2020-07-19 12:59:09,939 [pool-160-thread-1] INFO  metrics.RatisMetrics (RatisMetrics.java:lambda$create$0(36)) - Creating Metrics Registry : ratis.log_worker.2b2d82e9-81b7-495a-ad91-4c9f861a0950@group-BDD9E056EE21
2020-07-19 12:59:09,939 [pool-160-thread-1] INFO  server.RaftServerConfigKeys (ConfUtils.java:logGet(44)) - raft.server.log.segment.cache.num.max = 2 (custom)
2020-07-19 12:59:09,940 [pool-160-thread-1] INFO  segmented.SegmentedRaftLogWorker (SegmentedRaftLogWorker.java:<init>(180)) - new 2b2d82e9-81b7-495a-ad91-4c9f861a0950@group-BDD9E056EE21-SegmentedRaftLogWorker for RaftStorage:Storage Directory /github/workspace/mnt/ozone/hadoop-ozone/integration-test/target/test-dir/MiniOzoneClusterImpl-8824b896-4141-4ae0-8a85-a38dd1836ba7/datanode-0/data/ratis/5ebf3169-d61a-42a2-8dc1-bdd9e056ee21
2020-07-19 12:59:09,940 [pool-160-thread-1] INFO  server.RaftServerConfigKeys (ConfUtils.java:logGet(44)) - raft.server.log.queue.byte-limit = 2147483647 (custom)
2020-07-19 12:59:09,940 [pool-160-thread-1] INFO  server.RaftServerConfigKeys (ConfUtils.java:logGet(44)) - raft.server.log.queue.element-limit = 1024 (custom)
2020-07-19 12:59:09,940 [pool-160-thread-1] INFO  server.RaftServerConfigKeys (ConfUtils.java:logGet(44)) - raft.server.log.segment.size.max = 1048576 (custom)
2020-07-19 12:59:09,940 [pool-160-thread-1] INFO  server.RaftServerConfigKeys (ConfUtils.java:logGet(44)) - raft.server.log.preallocated.size = 16384 (custom)
2020-07-19 12:59:09,940 [pool-160-thread-1] INFO  server.RaftServerConfigKeys (ConfUtils.java:logGet(44)) - raft.server.log.write.buffer.size = 1048576 (custom)
2020-07-19 12:59:09,940 [pool-160-thread-1] INFO  server.RaftServerConfigKeys (ConfUtils.java:logGet(44)) - raft.server.log.force.sync.num = 128 (default)
2020-07-19 12:59:09,940 [pool-160-thread-1] INFO  server.RaftServerConfigKeys (ConfUtils.java:logGet(44)) - raft.server.log.statemachine.data.sync = true (default)
2020-07-19 12:59:09,941 [pool-160-thread-1] INFO  server.RaftServerConfigKeys (ConfUtils.java:logGet(44)) - raft.server.log.statemachine.data.sync.timeout = 10s (default)
2020-07-19 12:59:09,941 [pool-160-thread-1] INFO  server.RaftServerConfigKeys (ConfUtils.java:logGet(44)) - raft.server.log.statemachine.data.sync.timeout.retry = -1 (default)
2020-07-19 12:59:09,943 [pool-160-thread-1] INFO  server.RaftServerConfigKeys (ConfUtils.java:logGet(44)) - raft.server.log.statemachine.data.caching.enabled = true (custom)
2020-07-19 12:59:09,943 [pool-160-thread-1] INFO  segmented.SegmentedRaftLogWorker (SegmentedRaftLogWorker.java:lambda$new$0(129)) - 2b2d82e9-81b7-495a-ad91-4c9f861a0950@group-BDD9E056EE21-SegmentedRaftLogWorker: flushIndex: setUnconditionally 0 -> -1
2020-07-19 12:59:09,945 [pool-160-thread-1] INFO  segmented.SegmentedRaftLogWorker (SegmentedRaftLogWorker.java:lambda$new$0(129)) - 2b2d82e9-81b7-495a-ad91-4c9f861a0950@group-BDD9E056EE21-SegmentedRaftLogWorker: safeCacheEvictIndex: setUnconditionally 0 -> -1
2020-07-19 12:59:09,947 [pool-160-thread-1] INFO  server.RaftServerConfigKeys (ConfUtils.java:logGet(44)) - raft.server.snapshot.auto.trigger.enabled = true (custom)
2020-07-19 12:59:09,947 [pool-160-thread-1] INFO  server.RaftServerConfigKeys (ConfUtils.java:logGet(44)) - raft.server.snapshot.auto.trigger.threshold = 10000 (custom)
2020-07-19 12:59:09,947 [pool-160-thread-1] INFO  server.RaftServerConfigKeys (ConfUtils.java:logGet(44)) - raft.server.snapshot.retention.file.num = 5 (custom)
2020-07-19 12:59:09,947 [pool-160-thread-1] INFO  server.RaftServerConfigKeys (ConfUtils.java:logGet(44)) - raft.server.log.purge.upto.snapshot.index = false (default)
2020-07-19 12:59:09,948 [pool-160-thread-1] INFO  server.RaftServerConfigKeys (ConfUtils.java:logGet(44)) - raft.server.retrycache.expirytime = 600000ms (custom)
2020-07-19 12:59:09,948 [pool-160-thread-1] INFO  metrics.RatisMetrics (RatisMetrics.java:lambda$create$0(36)) - Creating Metrics Registry : ratis.leader_election.2b2d82e9-81b7-495a-ad91-4c9f861a0950@group-BDD9E056EE21
2020-07-19 12:59:09,949 [pool-160-thread-1] INFO  metrics.RatisMetrics (RatisMetrics.java:lambda$create$0(36)) - Creating Metrics Registry : ratis.server.2b2d82e9-81b7-495a-ad91-4c9f861a0950@group-BDD9E056EE21
2020-07-19 12:59:09,950 [pool-160-thread-1] INFO  impl.RaftServerImpl (RaftServerImpl.java:start(186)) - 2b2d82e9-81b7-495a-ad91-4c9f861a0950@group-BDD9E056EE21: start as a follower, conf=-1: [8a75226f-9665-4023-8f83-5359208d8c5d:172.17.0.2:42023, 2b2d82e9-81b7-495a-ad91-4c9f861a0950:172.17.0.2:35891, af89afa7-310b-41e3-a030-5f9c19d0a39c:172.17.0.2:33475], old=null
2020-07-19 12:59:09,950 [pool-160-thread-1] INFO  impl.RaftServerImpl (RaftServerImpl.java:setRole(175)) - 2b2d82e9-81b7-495a-ad91-4c9f861a0950@group-BDD9E056EE21: changes role from      null to FOLLOWER at term 0 for startAsFollower
2020-07-19 12:59:09,950 [pool-160-thread-1] INFO  impl.RoleInfo (RoleInfo.java:updateAndGet(143)) - 2b2d82e9-81b7-495a-ad91-4c9f861a0950: start FollowerState
2020-07-19 12:59:09,953 [pool-160-thread-1] INFO  util.JmxRegister (JmxRegister.java:tryRegister(44)) - Successfully registered JMX Bean with object name Ratis:service=RaftServer,group=group-BDD9E056EE21,id=2b2d82e9-81b7-495a-ad91-4c9f861a0950
2020-07-19 12:59:09,953 [pool-160-thread-1] INFO  metrics.RatisMetrics (RatisMetrics.java:lambda$create$0(36)) - Creating Metrics Registry : ratis.state_machine.2b2d82e9-81b7-495a-ad91-4c9f861a0950@group-BDD9E056EE21
2020-07-19 12:59:09,966 [grpc-default-executor-1] INFO  impl.RaftServerProxy (RaftServerProxy.java:addNew(89)) - 8a75226f-9665-4023-8f83-5359208d8c5d: addNew group-BDD9E056EE21:[8a75226f-9665-4023-8f83-5359208d8c5d:172.17.0.2:42023, 2b2d82e9-81b7-495a-ad91-4c9f861a0950:172.17.0.2:35891, af89afa7-310b-41e3-a030-5f9c19d0a39c:172.17.0.2:33475] returns group-BDD9E056EE21:java.util.concurrent.CompletableFuture@6d77d953[Not completed]
2020-07-19 12:59:09,967 [pool-175-thread-1] INFO  impl.RaftServerImpl (RaftServerImpl.java:<init>(99)) - 8a75226f-9665-4023-8f83-5359208d8c5d: new RaftServerImpl for group-BDD9E056EE21:[8a75226f-9665-4023-8f83-5359208d8c5d:172.17.0.2:42023, 2b2d82e9-81b7-495a-ad91-4c9f861a0950:172.17.0.2:35891, af89afa7-310b-41e3-a030-5f9c19d0a39c:172.17.0.2:33475] with ContainerStateMachine:uninitialized
2020-07-19 12:59:09,967 [pool-175-thread-1] INFO  server.RaftServerConfigKeys (ConfUtils.java:logGet(44)) - raft.server.rpc.timeout.min = 5s (custom)
2020-07-19 12:59:09,967 [pool-175-thread-1] INFO  server.RaftServerConfigKeys (ConfUtils.java:logGet(44)) - raft.server.rpc.timeout.max = 5200ms (custom)
2020-07-19 12:59:09,967 [pool-175-thread-1] INFO  server.RaftServerConfigKeys (ConfUtils.java:logGet(44)) - raft.server.rpcslowness.timeout = 300000ms (custom)
2020-07-19 12:59:09,967 [pool-175-thread-1] INFO  server.RaftServerConfigKeys (ConfUtils.java:logGet(44)) - raft.server.sleep.deviation.threshold = 300 (default)
2020-07-19 12:59:09,967 [pool-175-thread-1] INFO  server.RaftServerConfigKeys (ConfUtils.java:logGet(44)) - raft.server.log.appender.install.snapshot.enabled = false (custom)
2020-07-19 12:59:09,968 [pool-175-thread-1] INFO  impl.RaftServerImpl (ServerState.java:<init>(103)) - 8a75226f-9665-4023-8f83-5359208d8c5d@group-BDD9E056EE21: ConfigurationManager, init=-1: [8a75226f-9665-4023-8f83-5359208d8c5d:172.17.0.2:42023, 2b2d82e9-81b7-495a-ad91-4c9f861a0950:172.17.0.2:35891, af89afa7-310b-41e3-a030-5f9c19d0a39c:172.17.0.2:33475], old=null, confs=<EMPTY_MAP>
2020-07-19 12:59:09,968 [pool-175-thread-1] INFO  server.RaftServerConfigKeys (ConfUtils.java:logGet(44)) - raft.server.storage.dir = [/github/workspace/mnt/ozone/hadoop-ozone/integration-test/target/test-dir/MiniOzoneClusterImpl-8824b896-4141-4ae0-8a85-a38dd1836ba7/datanode-1/data/ratis] (custom)
2020-07-19 12:59:09,968 [pool-175-thread-1] INFO  server.RaftServerConfigKeys (ConfUtils.java:logGet(44)) - raft.server.log.corruption.policy = EXCEPTION (default)
2020-07-19 12:59:09,968 [pool-175-thread-1] INFO  storage.RaftStorageDirectory (RaftStorageDirectory.java:analyzeStorage(261)) - The storage directory /github/workspace/mnt/ozone/hadoop-ozone/integration-test/target/test-dir/MiniOzoneClusterImpl-8824b896-4141-4ae0-8a85-a38dd1836ba7/datanode-1/data/ratis/5ebf3169-d61a-42a2-8dc1-bdd9e056ee21 does not exist. Creating ...
2020-07-19 12:59:09,969 [pool-175-thread-1] INFO  storage.RaftStorageDirectory (RaftStorageDirectory.java:tryLock(343)) - Lock on /github/workspace/mnt/ozone/hadoop-ozone/integration-test/target/test-dir/MiniOzoneClusterImpl-8824b896-4141-4ae0-8a85-a38dd1836ba7/datanode-1/data/ratis/5ebf3169-d61a-42a2-8dc1-bdd9e056ee21/in_use.lock acquired by nodename 5176@fe49c764e40f
2020-07-19 12:59:09,970 [pool-175-thread-1] INFO  storage.RaftStorage (RaftStorage.java:format(84)) - Storage directory /github/workspace/mnt/ozone/hadoop-ozone/integration-test/target/test-dir/MiniOzoneClusterImpl-8824b896-4141-4ae0-8a85-a38dd1836ba7/datanode-1/data/ratis/5ebf3169-d61a-42a2-8dc1-bdd9e056ee21 has been successfully formatted.
2020-07-19 12:59:09,971 [pool-175-thread-1] INFO  ratis.ContainerStateMachine (ContainerStateMachine.java:loadSnapshot(225)) - group-BDD9E056EE21: The snapshot info is null. Setting the last applied indexto:(t:0, i:~)
2020-07-19 12:59:09,971 [pool-175-thread-1] INFO  server.RaftServerConfigKeys (ConfUtils.java:logGet(44)) - raft.server.notification.no-leader.timeout = 300000ms (custom)
2020-07-19 12:59:09,972 [pool-175-thread-1] INFO  server.RaftServerConfigKeys (ConfUtils.java:logGet(44)) - raft.server.log.use.memory = false (default)
2020-07-19 12:59:09,972 [pool-175-thread-1] INFO  server.RaftServerConfigKeys (ConfUtils.java:logGet(44)) - raft.server.log.purge.gap = 1000000 (custom)
2020-07-19 12:59:09,972 [pool-175-thread-1] INFO  server.RaftServerConfigKeys (ConfUtils.java:logGet(44)) - raft.server.log.appender.buffer.byte-limit = 33554432 (custom)
2020-07-19 12:59:09,972 [pool-175-thread-1] INFO  server.RaftServerConfigKeys (ConfUtils.java:logGet(44)) - raft.server.log.segment.size.max = 1048576 (custom)
2020-07-19 12:59:09,972 [pool-175-thread-1] INFO  metrics.RatisMetrics (RatisMetrics.java:lambda$create$0(36)) - Creating Metrics Registry : ratis.log_worker.8a75226f-9665-4023-8f83-5359208d8c5d@group-BDD9E056EE21
2020-07-19 12:59:09,972 [pool-175-thread-1] INFO  server.RaftServerConfigKeys (ConfUtils.java:logGet(44)) - raft.server.log.segment.cache.num.max = 2 (custom)
2020-07-19 12:59:09,972 [pool-175-thread-1] INFO  segmented.SegmentedRaftLogWorker (SegmentedRaftLogWorker.java:<init>(180)) - new 8a75226f-9665-4023-8f83-5359208d8c5d@group-BDD9E056EE21-SegmentedRaftLogWorker for RaftStorage:Storage Directory /github/workspace/mnt/ozone/hadoop-ozone/integration-test/target/test-dir/MiniOzoneClusterImpl-8824b896-4141-4ae0-8a85-a38dd1836ba7/datanode-1/data/ratis/5ebf3169-d61a-42a2-8dc1-bdd9e056ee21
2020-07-19 12:59:09,973 [pool-175-thread-1] INFO  server.RaftServerConfigKeys (ConfUtils.java:logGet(44)) - raft.server.log.queue.byte-limit = 2147483647 (custom)
2020-07-19 12:59:09,973 [pool-175-thread-1] INFO  server.RaftServerConfigKeys (ConfUtils.java:logGet(44)) - raft.server.log.queue.element-limit = 1024 (custom)
2020-07-19 12:59:09,973 [pool-175-thread-1] INFO  server.RaftServerConfigKeys (ConfUtils.java:logGet(44)) - raft.server.log.segment.size.max = 1048576 (custom)
2020-07-19 12:59:09,973 [pool-175-thread-1] INFO  server.RaftServerConfigKeys (ConfUtils.java:logGet(44)) - raft.server.log.preallocated.size = 16384 (custom)
2020-07-19 12:59:09,973 [pool-175-thread-1] INFO  server.RaftServerConfigKeys (ConfUtils.java:logGet(44)) - raft.server.log.write.buffer.size = 1048576 (custom)
2020-07-19 12:59:09,973 [pool-175-thread-1] INFO  server.RaftServerConfigKeys (ConfUtils.java:logGet(44)) - raft.server.log.force.sync.num = 128 (default)
2020-07-19 12:59:09,973 [pool-175-thread-1] INFO  server.RaftServerConfigKeys (ConfUtils.java:logGet(44)) - raft.server.log.statemachine.data.sync = true (default)
2020-07-19 12:59:09,973 [pool-175-thread-1] INFO  server.RaftServerConfigKeys (ConfUtils.java:logGet(44)) - raft.server.log.statemachine.data.sync.timeout = 10s (default)
2020-07-19 12:59:09,973 [pool-175-thread-1] INFO  server.RaftServerConfigKeys (ConfUtils.java:logGet(44)) - raft.server.log.statemachine.data.sync.timeout.retry = -1 (default)
2020-07-19 12:59:09,975 [pool-175-thread-1] INFO  server.RaftServerConfigKeys (ConfUtils.java:logGet(44)) - raft.server.log.statemachine.data.caching.enabled = true (custom)
2020-07-19 12:59:09,975 [pool-175-thread-1] INFO  segmented.SegmentedRaftLogWorker (SegmentedRaftLogWorker.java:lambda$new$0(129)) - 8a75226f-9665-4023-8f83-5359208d8c5d@group-BDD9E056EE21-SegmentedRaftLogWorker: flushIndex: setUnconditionally 0 -> -1
2020-07-19 12:59:09,975 [pool-175-thread-1] INFO  segmented.SegmentedRaftLogWorker (SegmentedRaftLogWorker.java:lambda$new$0(129)) - 8a75226f-9665-4023-8f83-5359208d8c5d@group-BDD9E056EE21-SegmentedRaftLogWorker: safeCacheEvictIndex: setUnconditionally 0 -> -1
2020-07-19 12:59:09,976 [pool-175-thread-1] INFO  server.RaftServerConfigKeys (ConfUtils.java:logGet(44)) - raft.server.snapshot.auto.trigger.enabled = true (custom)
2020-07-19 12:59:09,976 [pool-175-thread-1] INFO  server.RaftServerConfigKeys (ConfUtils.java:logGet(44)) - raft.server.snapshot.auto.trigger.threshold = 10000 (custom)
2020-07-19 12:59:09,976 [pool-175-thread-1] INFO  server.RaftServerConfigKeys (ConfUtils.java:logGet(44)) - raft.server.snapshot.retention.file.num = 5 (custom)
2020-07-19 12:59:09,976 [pool-175-thread-1] INFO  server.RaftServerConfigKeys (ConfUtils.java:logGet(44)) - raft.server.log.purge.upto.snapshot.index = false (default)
2020-07-19 12:59:09,976 [pool-175-thread-1] INFO  server.RaftServerConfigKeys (ConfUtils.java:logGet(44)) - raft.server.retrycache.expirytime = 600000ms (custom)
2020-07-19 12:59:09,976 [pool-175-thread-1] INFO  metrics.RatisMetrics (RatisMetrics.java:lambda$create$0(36)) - Creating Metrics Registry : ratis.leader_election.8a75226f-9665-4023-8f83-5359208d8c5d@group-BDD9E056EE21
2020-07-19 12:59:09,977 [pool-175-thread-1] INFO  metrics.RatisMetrics (RatisMetrics.java:lambda$create$0(36)) - Creating Metrics Registry : ratis.server.8a75226f-9665-4023-8f83-5359208d8c5d@group-BDD9E056EE21
2020-07-19 12:59:09,978 [pool-175-thread-1] INFO  impl.RaftServerImpl (RaftServerImpl.java:start(186)) - 8a75226f-9665-4023-8f83-5359208d8c5d@group-BDD9E056EE21: start as a follower, conf=-1: [8a75226f-9665-4023-8f83-5359208d8c5d:172.17.0.2:42023, 2b2d82e9-81b7-495a-ad91-4c9f861a0950:172.17.0.2:35891, af89afa7-310b-41e3-a030-5f9c19d0a39c:172.17.0.2:33475], old=null
2020-07-19 12:59:09,978 [pool-175-thread-1] INFO  impl.RaftServerImpl (RaftServerImpl.java:setRole(175)) - 8a75226f-9665-4023-8f83-5359208d8c5d@group-BDD9E056EE21: changes role from      null to FOLLOWER at term 0 for startAsFollower
2020-07-19 12:59:09,978 [pool-175-thread-1] INFO  impl.RoleInfo (RoleInfo.java:updateAndGet(143)) - 8a75226f-9665-4023-8f83-5359208d8c5d: start FollowerState
2020-07-19 12:59:09,979 [pool-175-thread-1] INFO  util.JmxRegister (JmxRegister.java:tryRegister(44)) - Successfully registered JMX Bean with object name Ratis:service=RaftServer,group=group-BDD9E056EE21,id=8a75226f-9665-4023-8f83-5359208d8c5d
2020-07-19 12:59:09,979 [pool-175-thread-1] INFO  metrics.RatisMetrics (RatisMetrics.java:lambda$create$0(36)) - Creating Metrics Registry : ratis.state_machine.8a75226f-9665-4023-8f83-5359208d8c5d@group-BDD9E056EE21
2020-07-19 12:59:10,008 [grpc-default-executor-1] INFO  impl.RaftServerProxy (RaftServerProxy.java:addNew(89)) - af89afa7-310b-41e3-a030-5f9c19d0a39c: addNew group-BDD9E056EE21:[8a75226f-9665-4023-8f83-5359208d8c5d:172.17.0.2:42023, 2b2d82e9-81b7-495a-ad91-4c9f861a0950:172.17.0.2:35891, af89afa7-310b-41e3-a030-5f9c19d0a39c:172.17.0.2:33475] returns group-BDD9E056EE21:java.util.concurrent.CompletableFuture@69b4031f[Not completed]
2020-07-19 12:59:10,009 [pool-190-thread-1] INFO  impl.RaftServerImpl (RaftServerImpl.java:<init>(99)) - af89afa7-310b-41e3-a030-5f9c19d0a39c: new RaftServerImpl for group-BDD9E056EE21:[8a75226f-9665-4023-8f83-5359208d8c5d:172.17.0.2:42023, 2b2d82e9-81b7-495a-ad91-4c9f861a0950:172.17.0.2:35891, af89afa7-310b-41e3-a030-5f9c19d0a39c:172.17.0.2:33475] with ContainerStateMachine:uninitialized
2020-07-19 12:59:10,009 [pool-190-thread-1] INFO  server.RaftServerConfigKeys (ConfUtils.java:logGet(44)) - raft.server.rpc.timeout.min = 5s (custom)
2020-07-19 12:59:10,009 [pool-190-thread-1] INFO  server.RaftServerConfigKeys (ConfUtils.java:logGet(44)) - raft.server.rpc.timeout.max = 5200ms (custom)
2020-07-19 12:59:10,009 [pool-190-thread-1] INFO  server.RaftServerConfigKeys (ConfUtils.java:logGet(44)) - raft.server.rpcslowness.timeout = 300000ms (custom)
2020-07-19 12:59:10,009 [pool-190-thread-1] INFO  server.RaftServerConfigKeys (ConfUtils.java:logGet(44)) - raft.server.sleep.deviation.threshold = 300 (default)
2020-07-19 12:59:10,009 [pool-190-thread-1] INFO  server.RaftServerConfigKeys (ConfUtils.java:logGet(44)) - raft.server.log.appender.install.snapshot.enabled = false (custom)
2020-07-19 12:59:10,010 [pool-190-thread-1] INFO  impl.RaftServerImpl (ServerState.java:<init>(103)) - af89afa7-310b-41e3-a030-5f9c19d0a39c@group-BDD9E056EE21: ConfigurationManager, init=-1: [8a75226f-9665-4023-8f83-5359208d8c5d:172.17.0.2:42023, 2b2d82e9-81b7-495a-ad91-4c9f861a0950:172.17.0.2:35891, af89afa7-310b-41e3-a030-5f9c19d0a39c:172.17.0.2:33475], old=null, confs=<EMPTY_MAP>
2020-07-19 12:59:10,010 [pool-190-thread-1] INFO  server.RaftServerConfigKeys (ConfUtils.java:logGet(44)) - raft.server.storage.dir = [/github/workspace/mnt/ozone/hadoop-ozone/integration-test/target/test-dir/MiniOzoneClusterImpl-8824b896-4141-4ae0-8a85-a38dd1836ba7/datanode-2/data/ratis] (custom)
2020-07-19 12:59:10,010 [pool-190-thread-1] INFO  server.RaftServerConfigKeys (ConfUtils.java:logGet(44)) - raft.server.log.corruption.policy = EXCEPTION (default)
2020-07-19 12:59:10,010 [pool-190-thread-1] INFO  storage.RaftStorageDirectory (RaftStorageDirectory.java:analyzeStorage(261)) - The storage directory /github/workspace/mnt/ozone/hadoop-ozone/integration-test/target/test-dir/MiniOzoneClusterImpl-8824b896-4141-4ae0-8a85-a38dd1836ba7/datanode-2/data/ratis/5ebf3169-d61a-42a2-8dc1-bdd9e056ee21 does not exist. Creating ...
2020-07-19 12:59:10,011 [pool-190-thread-1] INFO  storage.RaftStorageDirectory (RaftStorageDirectory.java:tryLock(343)) - Lock on /github/workspace/mnt/ozone/hadoop-ozone/integration-test/target/test-dir/MiniOzoneClusterImpl-8824b896-4141-4ae0-8a85-a38dd1836ba7/datanode-2/data/ratis/5ebf3169-d61a-42a2-8dc1-bdd9e056ee21/in_use.lock acquired by nodename 5176@fe49c764e40f
2020-07-19 12:59:10,012 [pool-190-thread-1] INFO  storage.RaftStorage (RaftStorage.java:format(84)) - Storage directory /github/workspace/mnt/ozone/hadoop-ozone/integration-test/target/test-dir/MiniOzoneClusterImpl-8824b896-4141-4ae0-8a85-a38dd1836ba7/datanode-2/data/ratis/5ebf3169-d61a-42a2-8dc1-bdd9e056ee21 has been successfully formatted.
2020-07-19 12:59:10,013 [pool-190-thread-1] INFO  ratis.ContainerStateMachine (ContainerStateMachine.java:loadSnapshot(225)) - group-BDD9E056EE21: The snapshot info is null. Setting the last applied indexto:(t:0, i:~)
2020-07-19 12:59:10,013 [pool-190-thread-1] INFO  server.RaftServerConfigKeys (ConfUtils.java:logGet(44)) - raft.server.notification.no-leader.timeout = 300000ms (custom)
2020-07-19 12:59:10,013 [pool-190-thread-1] INFO  server.RaftServerConfigKeys (ConfUtils.java:logGet(44)) - raft.server.log.use.memory = false (default)
2020-07-19 12:59:10,013 [pool-190-thread-1] INFO  server.RaftServerConfigKeys (ConfUtils.java:logGet(44)) - raft.server.log.purge.gap = 1000000 (custom)
2020-07-19 12:59:10,014 [pool-190-thread-1] INFO  server.RaftServerConfigKeys (ConfUtils.java:logGet(44)) - raft.server.log.appender.buffer.byte-limit = 33554432 (custom)
2020-07-19 12:59:10,014 [pool-190-thread-1] INFO  server.RaftServerConfigKeys (ConfUtils.java:logGet(44)) - raft.server.log.segment.size.max = 1048576 (custom)
2020-07-19 12:59:10,014 [pool-190-thread-1] INFO  metrics.RatisMetrics (RatisMetrics.java:lambda$create$0(36)) - Creating Metrics Registry : ratis.log_worker.af89afa7-310b-41e3-a030-5f9c19d0a39c@group-BDD9E056EE21
2020-07-19 12:59:10,014 [pool-190-thread-1] INFO  server.RaftServerConfigKeys (ConfUtils.java:logGet(44)) - raft.server.log.segment.cache.num.max = 2 (custom)
2020-07-19 12:59:10,014 [pool-190-thread-1] INFO  segmented.SegmentedRaftLogWorker (SegmentedRaftLogWorker.java:<init>(180)) - new af89afa7-310b-41e3-a030-5f9c19d0a39c@group-BDD9E056EE21-SegmentedRaftLogWorker for RaftStorage:Storage Directory /github/workspace/mnt/ozone/hadoop-ozone/integration-test/target/test-dir/MiniOzoneClusterImpl-8824b896-4141-4ae0-8a85-a38dd1836ba7/datanode-2/data/ratis/5ebf3169-d61a-42a2-8dc1-bdd9e056ee21
2020-07-19 12:59:10,014 [pool-190-thread-1] INFO  server.RaftServerConfigKeys (ConfUtils.java:logGet(44)) - raft.server.log.queue.byte-limit = 2147483647 (custom)
2020-07-19 12:59:10,014 [pool-190-thread-1] INFO  server.RaftServerConfigKeys (ConfUtils.java:logGet(44)) - raft.server.log.queue.element-limit = 1024 (custom)
2020-07-19 12:59:10,014 [pool-190-thread-1] INFO  server.RaftServerConfigKeys (ConfUtils.java:logGet(44)) - raft.server.log.segment.size.max = 1048576 (custom)
2020-07-19 12:59:10,015 [pool-190-thread-1] INFO  server.RaftServerConfigKeys (ConfUtils.java:logGet(44)) - raft.server.log.preallocated.size = 16384 (custom)
2020-07-19 12:59:10,015 [pool-190-thread-1] INFO  server.RaftServerConfigKeys (ConfUtils.java:logGet(44)) - raft.server.log.write.buffer.size = 1048576 (custom)
2020-07-19 12:59:10,015 [pool-190-thread-1] INFO  server.RaftServerConfigKeys (ConfUtils.java:logGet(44)) - raft.server.log.force.sync.num = 128 (default)
2020-07-19 12:59:10,015 [pool-190-thread-1] INFO  server.RaftServerConfigKeys (ConfUtils.java:logGet(44)) - raft.server.log.statemachine.data.sync = true (default)
2020-07-19 12:59:10,015 [pool-190-thread-1] INFO  server.RaftServerConfigKeys (ConfUtils.java:logGet(44)) - raft.server.log.statemachine.data.sync.timeout = 10s (default)
2020-07-19 12:59:10,015 [pool-190-thread-1] INFO  server.RaftServerConfigKeys (ConfUtils.java:logGet(44)) - raft.server.log.statemachine.data.sync.timeout.retry = -1 (default)
2020-07-19 12:59:10,017 [pool-190-thread-1] INFO  server.RaftServerConfigKeys (ConfUtils.java:logGet(44)) - raft.server.log.statemachine.data.caching.enabled = true (custom)
2020-07-19 12:59:10,018 [pool-190-thread-1] INFO  segmented.SegmentedRaftLogWorker (SegmentedRaftLogWorker.java:lambda$new$0(129)) - af89afa7-310b-41e3-a030-5f9c19d0a39c@group-BDD9E056EE21-SegmentedRaftLogWorker: flushIndex: setUnconditionally 0 -> -1
2020-07-19 12:59:10,018 [pool-190-thread-1] INFO  segmented.SegmentedRaftLogWorker (SegmentedRaftLogWorker.java:lambda$new$0(129)) - af89afa7-310b-41e3-a030-5f9c19d0a39c@group-BDD9E056EE21-SegmentedRaftLogWorker: safeCacheEvictIndex: setUnconditionally 0 -> -1
2020-07-19 12:59:10,018 [pool-190-thread-1] INFO  server.RaftServerConfigKeys (ConfUtils.java:logGet(44)) - raft.server.snapshot.auto.trigger.enabled = true (custom)
2020-07-19 12:59:10,018 [pool-190-thread-1] INFO  server.RaftServerConfigKeys (ConfUtils.java:logGet(44)) - raft.server.snapshot.auto.trigger.threshold = 10000 (custom)
2020-07-19 12:59:10,018 [pool-190-thread-1] INFO  server.RaftServerConfigKeys (ConfUtils.java:logGet(44)) - raft.server.snapshot.retention.file.num = 5 (custom)
2020-07-19 12:59:10,018 [pool-190-thread-1] INFO  server.RaftServerConfigKeys (ConfUtils.java:logGet(44)) - raft.server.log.purge.upto.snapshot.index = false (default)
2020-07-19 12:59:10,018 [pool-190-thread-1] INFO  server.RaftServerConfigKeys (ConfUtils.java:logGet(44)) - raft.server.retrycache.expirytime = 600000ms (custom)
2020-07-19 12:59:10,018 [pool-190-thread-1] INFO  metrics.RatisMetrics (RatisMetrics.java:lambda$create$0(36)) - Creating Metrics Registry : ratis.leader_election.af89afa7-310b-41e3-a030-5f9c19d0a39c@group-BDD9E056EE21
2020-07-19 12:59:10,019 [pool-190-thread-1] INFO  metrics.RatisMetrics (RatisMetrics.java:lambda$create$0(36)) - Creating Metrics Registry : ratis.server.af89afa7-310b-41e3-a030-5f9c19d0a39c@group-BDD9E056EE21
2020-07-19 12:59:10,020 [pool-190-thread-1] INFO  impl.RaftServerImpl (RaftServerImpl.java:start(186)) - af89afa7-310b-41e3-a030-5f9c19d0a39c@group-BDD9E056EE21: start as a follower, conf=-1: [8a75226f-9665-4023-8f83-5359208d8c5d:172.17.0.2:42023, 2b2d82e9-81b7-495a-ad91-4c9f861a0950:172.17.0.2:35891, af89afa7-310b-41e3-a030-5f9c19d0a39c:172.17.0.2:33475], old=null
2020-07-19 12:59:10,020 [pool-190-thread-1] INFO  impl.RaftServerImpl (RaftServerImpl.java:setRole(175)) - af89afa7-310b-41e3-a030-5f9c19d0a39c@group-BDD9E056EE21: changes role from      null to FOLLOWER at term 0 for startAsFollower
2020-07-19 12:59:10,021 [pool-190-thread-1] INFO  impl.RoleInfo (RoleInfo.java:updateAndGet(143)) - af89afa7-310b-41e3-a030-5f9c19d0a39c: start FollowerState
2020-07-19 12:59:10,021 [pool-190-thread-1] INFO  util.JmxRegister (JmxRegister.java:tryRegister(44)) - Successfully registered JMX Bean with object name Ratis:service=RaftServer,group=group-BDD9E056EE21,id=af89afa7-310b-41e3-a030-5f9c19d0a39c
2020-07-19 12:59:10,021 [pool-190-thread-1] INFO  metrics.RatisMetrics (RatisMetrics.java:lambda$create$0(36)) - Creating Metrics Registry : ratis.state_machine.af89afa7-310b-41e3-a030-5f9c19d0a39c@group-BDD9E056EE21
2020-07-19 12:59:10,025 [Command processor thread] INFO  commandhandler.CreatePipelineCommandHandler (CreatePipelineCommandHandler.java:handle(109)) - Created Pipeline RATIS THREE #id: "5ebf3169-d61a-42a2-8dc1-bdd9e056ee21"
uuid128 {
  mostSigBits: 6827229890750333602
  leastSigBits: -8232089900387209695
}
.
2020-07-19 12:59:10,036 [Command processor thread] INFO  impl.RaftServerProxy (RaftServerProxy.java:addNew(89)) - 8a75226f-9665-4023-8f83-5359208d8c5d: addNew group-70A6B8D38945:[8a75226f-9665-4023-8f83-5359208d8c5d:172.17.0.2:42023] returns group-70A6B8D38945:java.util.concurrent.CompletableFuture@3975c438[Not completed]
2020-07-19 12:59:10,037 [pool-175-thread-1] INFO  impl.RaftServerImpl (RaftServerImpl.java:<init>(99)) - 8a75226f-9665-4023-8f83-5359208d8c5d: new RaftServerImpl for group-70A6B8D38945:[8a75226f-9665-4023-8f83-5359208d8c5d:172.17.0.2:42023] with ContainerStateMachine:uninitialized
2020-07-19 12:59:10,037 [pool-175-thread-1] INFO  server.RaftServerConfigKeys (ConfUtils.java:logGet(44)) - raft.server.rpc.timeout.min = 5s (custom)
2020-07-19 12:59:10,037 [pool-175-thread-1] INFO  server.RaftServerConfigKeys (ConfUtils.java:logGet(44)) - raft.server.rpc.timeout.max = 5200ms (custom)
2020-07-19 12:59:10,037 [pool-175-thread-1] INFO  server.RaftServerConfigKeys (ConfUtils.java:logGet(44)) - raft.server.rpcslowness.timeout = 300000ms (custom)
2020-07-19 12:59:10,037 [pool-175-thread-1] INFO  server.RaftServerConfigKeys (ConfUtils.java:logGet(44)) - raft.server.sleep.deviation.threshold = 300 (default)
2020-07-19 12:59:10,037 [pool-175-thread-1] INFO  server.RaftServerConfigKeys (ConfUtils.java:logGet(44)) - raft.server.log.appender.install.snapshot.enabled = false (custom)
2020-07-19 12:59:10,037 [pool-175-thread-1] INFO  impl.RaftServerImpl (ServerState.java:<init>(103)) - 8a75226f-9665-4023-8f83-5359208d8c5d@group-70A6B8D38945: ConfigurationManager, init=-1: [8a75226f-9665-4023-8f83-5359208d8c5d:172.17.0.2:42023], old=null, confs=<EMPTY_MAP>
2020-07-19 12:59:10,037 [pool-175-thread-1] INFO  server.RaftServerConfigKeys (ConfUtils.java:logGet(44)) - raft.server.storage.dir = [/github/workspace/mnt/ozone/hadoop-ozone/integration-test/target/test-dir/MiniOzoneClusterImpl-8824b896-4141-4ae0-8a85-a38dd1836ba7/datanode-1/data/ratis] (custom)
2020-07-19 12:59:10,038 [pool-175-thread-1] INFO  server.RaftServerConfigKeys (ConfUtils.java:logGet(44)) - raft.server.log.corruption.policy = EXCEPTION (default)
2020-07-19 12:59:10,038 [pool-175-thread-1] INFO  storage.RaftStorageDirectory (RaftStorageDirectory.java:analyzeStorage(261)) - The storage directory /github/workspace/mnt/ozone/hadoop-ozone/integration-test/target/test-dir/MiniOzoneClusterImpl-8824b896-4141-4ae0-8a85-a38dd1836ba7/datanode-1/data/ratis/58c46952-28a9-4ba9-bb67-70a6b8d38945 does not exist. Creating ...
2020-07-19 12:59:10,039 [pool-175-thread-1] INFO  storage.RaftStorageDirectory (RaftStorageDirectory.java:tryLock(343)) - Lock on /github/workspace/mnt/ozone/hadoop-ozone/integration-test/target/test-dir/MiniOzoneClusterImpl-8824b896-4141-4ae0-8a85-a38dd1836ba7/datanode-1/data/ratis/58c46952-28a9-4ba9-bb67-70a6b8d38945/in_use.lock acquired by nodename 5176@fe49c764e40f
2020-07-19 12:59:10,040 [pool-175-thread-1] INFO  storage.RaftStorage (RaftStorage.java:format(84)) - Storage directory /github/workspace/mnt/ozone/hadoop-ozone/integration-test/target/test-dir/MiniOzoneClusterImpl-8824b896-4141-4ae0-8a85-a38dd1836ba7/datanode-1/data/ratis/58c46952-28a9-4ba9-bb67-70a6b8d38945 has been successfully formatted.
2020-07-19 12:59:10,040 [pool-175-thread-1] INFO  ratis.ContainerStateMachine (ContainerStateMachine.java:loadSnapshot(225)) - group-70A6B8D38945: The snapshot info is null. Setting the last applied indexto:(t:0, i:~)
2020-07-19 12:59:10,040 [pool-175-thread-1] INFO  server.RaftServerConfigKeys (ConfUtils.java:logGet(44)) - raft.server.notification.no-leader.timeout = 300000ms (custom)
2020-07-19 12:59:10,040 [pool-175-thread-1] INFO  server.RaftServerConfigKeys (ConfUtils.java:logGet(44)) - raft.server.log.use.memory = false (default)
2020-07-19 12:59:10,040 [pool-175-thread-1] INFO  server.RaftServerConfigKeys (ConfUtils.java:logGet(44)) - raft.server.log.purge.gap = 1000000 (custom)
2020-07-19 12:59:10,040 [pool-175-thread-1] INFO  server.RaftServerConfigKeys (ConfUtils.java:logGet(44)) - raft.server.log.appender.buffer.byte-limit = 33554432 (custom)
2020-07-19 12:59:10,040 [pool-175-thread-1] INFO  server.RaftServerConfigKeys (ConfUtils.java:logGet(44)) - raft.server.log.segment.size.max = 1048576 (custom)
2020-07-19 12:59:10,040 [pool-175-thread-1] INFO  metrics.RatisMetrics (RatisMetrics.java:lambda$create$0(36)) - Creating Metrics Registry : ratis.log_worker.8a75226f-9665-4023-8f83-5359208d8c5d@group-70A6B8D38945
2020-07-19 12:59:10,040 [pool-175-thread-1] INFO  server.RaftServerConfigKeys (ConfUtils.java:logGet(44)) - raft.server.log.segment.cache.num.max = 2 (custom)
2020-07-19 12:59:10,040 [pool-175-thread-1] INFO  segmented.SegmentedRaftLogWorker (SegmentedRaftLogWorker.java:<init>(180)) - new 8a75226f-9665-4023-8f83-5359208d8c5d@group-70A6B8D38945-SegmentedRaftLogWorker for RaftStorage:Storage Directory /github/workspace/mnt/ozone/hadoop-ozone/integration-test/target/test-dir/MiniOzoneClusterImpl-8824b896-4141-4ae0-8a85-a38dd1836ba7/datanode-1/data/ratis/58c46952-28a9-4ba9-bb67-70a6b8d38945
2020-07-19 12:59:10,041 [pool-175-thread-1] INFO  server.RaftServerConfigKeys (ConfUtils.java:logGet(44)) - raft.server.log.queue.byte-limit = 2147483647 (custom)
2020-07-19 12:59:10,041 [pool-175-thread-1] INFO  server.RaftServerConfigKeys (ConfUtils.java:logGet(44)) - raft.server.log.queue.element-limit = 1024 (custom)
2020-07-19 12:59:10,041 [pool-175-thread-1] INFO  server.RaftServerConfigKeys (ConfUtils.java:logGet(44)) - raft.server.log.segment.size.max = 1048576 (custom)
2020-07-19 12:59:10,041 [pool-175-thread-1] INFO  server.RaftServerConfigKeys (ConfUtils.java:logGet(44)) - raft.server.log.preallocated.size = 16384 (custom)
2020-07-19 12:59:10,041 [pool-175-thread-1] INFO  server.RaftServerConfigKeys (ConfUtils.java:logGet(44)) - raft.server.log.write.buffer.size = 1048576 (custom)
2020-07-19 12:59:10,041 [pool-175-thread-1] INFO  server.RaftServerConfigKeys (ConfUtils.java:logGet(44)) - raft.server.log.force.sync.num = 128 (default)
2020-07-19 12:59:10,041 [pool-175-thread-1] INFO  server.RaftServerConfigKeys (ConfUtils.java:logGet(44)) - raft.server.log.statemachine.data.sync = true (default)
2020-07-19 12:59:10,041 [pool-175-thread-1] INFO  server.RaftServerConfigKeys (ConfUtils.java:logGet(44)) - raft.server.log.statemachine.data.sync.timeout = 10s (default)
2020-07-19 12:59:10,041 [pool-175-thread-1] INFO  server.RaftServerConfigKeys (ConfUtils.java:logGet(44)) - raft.server.log.statemachine.data.sync.timeout.retry = -1 (default)
2020-07-19 12:59:10,043 [pool-175-thread-1] INFO  server.RaftServerConfigKeys (ConfUtils.java:logGet(44)) - raft.server.log.statemachine.data.caching.enabled = true (custom)
2020-07-19 12:59:10,044 [pool-175-thread-1] INFO  segmented.SegmentedRaftLogWorker (SegmentedRaftLogWorker.java:lambda$new$0(129)) - 8a75226f-9665-4023-8f83-5359208d8c5d@group-70A6B8D38945-SegmentedRaftLogWorker: flushIndex: setUnconditionally 0 -> -1
2020-07-19 12:59:10,044 [EventQueue-PipelineReportForPipelineReportHandler] INFO  pipeline.PipelineStateManager (PipelineStateManager.java:openPipeline(131)) - Pipeline Pipeline[ Id: 58c46952-28a9-4ba9-bb67-70a6b8d38945, Nodes: 8a75226f-9665-4023-8f83-5359208d8c5d{ip: 172.17.0.2, host: fe49c764e40f, networkLocation: /default-rack, certSerialId: null}, Type:RATIS, Factor:ONE, State:ALLOCATED, leaderId:8a75226f-9665-4023-8f83-5359208d8c5d, CreationTimestamp2020-07-19T12:59:07.039Z] moved to OPEN state
2020-07-19 12:59:10,044 [EventQueue-OpenPipelineForOneReplicaPipelineSafeModeRule] INFO  safemode.SCMSafeModeManager (SCMSafeModeManager.java:validateSafeModeExitRules(214)) - AtleastOneDatanodeReportedRule rule is successfully validated
2020-07-19 12:59:10,044 [pool-175-thread-1] INFO  segmented.SegmentedRaftLogWorker (SegmentedRaftLogWorker.java:lambda$new$0(129)) - 8a75226f-9665-4023-8f83-5359208d8c5d@group-70A6B8D38945-SegmentedRaftLogWorker: safeCacheEvictIndex: setUnconditionally 0 -> -1
2020-07-19 12:59:10,044 [EventQueue-OpenPipelineForHealthyPipelineSafeModeRule] INFO  safemode.SCMSafeModeManager (HealthyPipelineSafeModeRule.java:process(129)) - SCM in safe mode. Healthy pipelines reported count is 0, required healthy pipeline reported count is 1
2020-07-19 12:59:10,045 [pool-175-thread-1] INFO  server.RaftServerConfigKeys (ConfUtils.java:logGet(44)) - raft.server.snapshot.auto.trigger.enabled = true (custom)
2020-07-19 12:59:10,045 [pool-175-thread-1] INFO  server.RaftServerConfigKeys (ConfUtils.java:logGet(44)) - raft.server.snapshot.auto.trigger.threshold = 10000 (custom)
2020-07-19 12:59:10,045 [pool-175-thread-1] INFO  server.RaftServerConfigKeys (ConfUtils.java:logGet(44)) - raft.server.snapshot.retention.file.num = 5 (custom)
2020-07-19 12:59:10,045 [pool-175-thread-1] INFO  server.RaftServerConfigKeys (ConfUtils.java:logGet(44)) - raft.server.log.purge.upto.snapshot.index = false (default)
2020-07-19 12:59:10,046 [pool-175-thread-1] INFO  server.RaftServerConfigKeys (ConfUtils.java:logGet(44)) - raft.server.retrycache.expirytime = 600000ms (custom)
2020-07-19 12:59:10,046 [pool-175-thread-1] INFO  metrics.RatisMetrics (RatisMetrics.java:lambda$create$0(36)) - Creating Metrics Registry : ratis.leader_election.8a75226f-9665-4023-8f83-5359208d8c5d@group-70A6B8D38945
2020-07-19 12:59:10,046 [pool-175-thread-1] INFO  metrics.RatisMetrics (RatisMetrics.java:lambda$create$0(36)) - Creating Metrics Registry : ratis.server.8a75226f-9665-4023-8f83-5359208d8c5d@group-70A6B8D38945
2020-07-19 12:59:10,048 [pool-175-thread-1] INFO  impl.RaftServerImpl (RaftServerImpl.java:start(186)) - 8a75226f-9665-4023-8f83-5359208d8c5d@group-70A6B8D38945: start as a follower, conf=-1: [8a75226f-9665-4023-8f83-5359208d8c5d:172.17.0.2:42023], old=null
2020-07-19 12:59:10,048 [pool-175-thread-1] INFO  impl.RaftServerImpl (RaftServerImpl.java:setRole(175)) - 8a75226f-9665-4023-8f83-5359208d8c5d@group-70A6B8D38945: changes role from      null to FOLLOWER at term 0 for startAsFollower
2020-07-19 12:59:10,048 [pool-175-thread-1] INFO  impl.RoleInfo (RoleInfo.java:updateAndGet(143)) - 8a75226f-9665-4023-8f83-5359208d8c5d: start FollowerState
2020-07-19 12:59:10,048 [pool-175-thread-1] INFO  util.JmxRegister (JmxRegister.java:tryRegister(44)) - Successfully registered JMX Bean with object name Ratis:service=RaftServer,group=group-70A6B8D38945,id=8a75226f-9665-4023-8f83-5359208d8c5d
2020-07-19 12:59:10,048 [pool-175-thread-1] INFO  metrics.RatisMetrics (RatisMetrics.java:lambda$create$0(36)) - Creating Metrics Registry : ratis.state_machine.8a75226f-9665-4023-8f83-5359208d8c5d@group-70A6B8D38945
2020-07-19 12:59:10,049 [Command processor thread] INFO  commandhandler.CreatePipelineCommandHandler (CreatePipelineCommandHandler.java:handle(109)) - Created Pipeline RATIS ONE #id: "58c46952-28a9-4ba9-bb67-70a6b8d38945"
uuid128 {
  mostSigBits: 6396353172363365289
  leastSigBits: -4942858204648076987
}
.
2020-07-19 12:59:10,164 [Command processor thread] INFO  impl.RaftServerProxy (RaftServerProxy.java:addNew(89)) - af89afa7-310b-41e3-a030-5f9c19d0a39c: addNew group-8F0C7F9C9EB9:[af89afa7-310b-41e3-a030-5f9c19d0a39c:172.17.0.2:33475] returns group-8F0C7F9C9EB9:java.util.concurrent.CompletableFuture@59c9696c[Not completed]
2020-07-19 12:59:10,165 [pool-190-thread-1] INFO  impl.RaftServerImpl (RaftServerImpl.java:<init>(99)) - af89afa7-310b-41e3-a030-5f9c19d0a39c: new RaftServerImpl for group-8F0C7F9C9EB9:[af89afa7-310b-41e3-a030-5f9c19d0a39c:172.17.0.2:33475] with ContainerStateMachine:uninitialized
2020-07-19 12:59:10,165 [pool-190-thread-1] INFO  server.RaftServerConfigKeys (ConfUtils.java:logGet(44)) - raft.server.rpc.timeout.min = 5s (custom)
2020-07-19 12:59:10,165 [pool-190-thread-1] INFO  server.RaftServerConfigKeys (ConfUtils.java:logGet(44)) - raft.server.rpc.timeout.max = 5200ms (custom)
2020-07-19 12:59:10,165 [pool-190-thread-1] INFO  server.RaftServerConfigKeys (ConfUtils.java:logGet(44)) - raft.server.rpcslowness.timeout = 300000ms (custom)
2020-07-19 12:59:10,165 [pool-190-thread-1] INFO  server.RaftServerConfigKeys (ConfUtils.java:logGet(44)) - raft.server.sleep.deviation.threshold = 300 (default)
2020-07-19 12:59:10,165 [pool-190-thread-1] INFO  server.RaftServerConfigKeys (ConfUtils.java:logGet(44)) - raft.server.log.appender.install.snapshot.enabled = false (custom)
2020-07-19 12:59:10,165 [pool-190-thread-1] INFO  impl.RaftServerImpl (ServerState.java:<init>(103)) - af89afa7-310b-41e3-a030-5f9c19d0a39c@group-8F0C7F9C9EB9: ConfigurationManager, init=-1: [af89afa7-310b-41e3-a030-5f9c19d0a39c:172.17.0.2:33475], old=null, confs=<EMPTY_MAP>
2020-07-19 12:59:10,166 [pool-190-thread-1] INFO  server.RaftServerConfigKeys (ConfUtils.java:logGet(44)) - raft.server.storage.dir = [/github/workspace/mnt/ozone/hadoop-ozone/integration-test/target/test-dir/MiniOzoneClusterImpl-8824b896-4141-4ae0-8a85-a38dd1836ba7/datanode-2/data/ratis] (custom)
2020-07-19 12:59:10,166 [pool-190-thread-1] INFO  server.RaftServerConfigKeys (ConfUtils.java:logGet(44)) - raft.server.log.corruption.policy = EXCEPTION (default)
2020-07-19 12:59:10,166 [pool-190-thread-1] INFO  storage.RaftStorageDirectory (RaftStorageDirectory.java:analyzeStorage(261)) - The storage directory /github/workspace/mnt/ozone/hadoop-ozone/integration-test/target/test-dir/MiniOzoneClusterImpl-8824b896-4141-4ae0-8a85-a38dd1836ba7/datanode-2/data/ratis/6ac2399f-98b2-46f0-a6b3-8f0c7f9c9eb9 does not exist. Creating ...
2020-07-19 12:59:10,167 [pool-190-thread-1] INFO  storage.RaftStorageDirectory (RaftStorageDirectory.java:tryLock(343)) - Lock on /github/workspace/mnt/ozone/hadoop-ozone/integration-test/target/test-dir/MiniOzoneClusterImpl-8824b896-4141-4ae0-8a85-a38dd1836ba7/datanode-2/data/ratis/6ac2399f-98b2-46f0-a6b3-8f0c7f9c9eb9/in_use.lock acquired by nodename 5176@fe49c764e40f
2020-07-19 12:59:10,168 [pool-190-thread-1] INFO  storage.RaftStorage (RaftStorage.java:format(84)) - Storage directory /github/workspace/mnt/ozone/hadoop-ozone/integration-test/target/test-dir/MiniOzoneClusterImpl-8824b896-4141-4ae0-8a85-a38dd1836ba7/datanode-2/data/ratis/6ac2399f-98b2-46f0-a6b3-8f0c7f9c9eb9 has been successfully formatted.
2020-07-19 12:59:10,168 [pool-190-thread-1] INFO  ratis.ContainerStateMachine (ContainerStateMachine.java:loadSnapshot(225)) - group-8F0C7F9C9EB9: The snapshot info is null. Setting the last applied indexto:(t:0, i:~)
2020-07-19 12:59:10,168 [pool-190-thread-1] INFO  server.RaftServerConfigKeys (ConfUtils.java:logGet(44)) - raft.server.notification.no-leader.timeout = 300000ms (custom)
2020-07-19 12:59:10,169 [pool-190-thread-1] INFO  server.RaftServerConfigKeys (ConfUtils.java:logGet(44)) - raft.server.log.use.memory = false (default)
2020-07-19 12:59:10,169 [pool-190-thread-1] INFO  server.RaftServerConfigKeys (ConfUtils.java:logGet(44)) - raft.server.log.purge.gap = 1000000 (custom)
2020-07-19 12:59:10,169 [pool-190-thread-1] INFO  server.RaftServerConfigKeys (ConfUtils.java:logGet(44)) - raft.server.log.appender.buffer.byte-limit = 33554432 (custom)
2020-07-19 12:59:10,169 [pool-190-thread-1] INFO  server.RaftServerConfigKeys (ConfUtils.java:logGet(44)) - raft.server.log.segment.size.max = 1048576 (custom)
2020-07-19 12:59:10,169 [pool-190-thread-1] INFO  metrics.RatisMetrics (RatisMetrics.java:lambda$create$0(36)) - Creating Metrics Registry : ratis.log_worker.af89afa7-310b-41e3-a030-5f9c19d0a39c@group-8F0C7F9C9EB9
2020-07-19 12:59:10,169 [EventQueue-PipelineReportForPipelineReportHandler] INFO  pipeline.PipelineStateManager (PipelineStateManager.java:openPipeline(131)) - Pipeline Pipeline[ Id: 6ac2399f-98b2-46f0-a6b3-8f0c7f9c9eb9, Nodes: af89afa7-310b-41e3-a030-5f9c19d0a39c{ip: 172.17.0.2, host: fe49c764e40f, networkLocation: /default-rack, certSerialId: null}, Type:RATIS, Factor:ONE, State:ALLOCATED, leaderId:af89afa7-310b-41e3-a030-5f9c19d0a39c, CreationTimestamp2020-07-19T12:59:07.166Z] moved to OPEN state
2020-07-19 12:59:10,170 [pool-190-thread-1] INFO  server.RaftServerConfigKeys (ConfUtils.java:logGet(44)) - raft.server.log.segment.cache.num.max = 2 (custom)
2020-07-19 12:59:10,170 [EventQueue-OpenPipelineForHealthyPipelineSafeModeRule] INFO  safemode.SCMSafeModeManager (HealthyPipelineSafeModeRule.java:process(129)) - SCM in safe mode. Healthy pipelines reported count is 0, required healthy pipeline reported count is 1
2020-07-19 12:59:10,170 [EventQueue-OpenPipelineForOneReplicaPipelineSafeModeRule] INFO  safemode.SCMSafeModeManager (SCMSafeModeManager.java:validateSafeModeExitRules(214)) - AtleastOneDatanodeReportedRule rule is successfully validated
2020-07-19 12:59:10,170 [pool-190-thread-1] INFO  segmented.SegmentedRaftLogWorker (SegmentedRaftLogWorker.java:<init>(180)) - new af89afa7-310b-41e3-a030-5f9c19d0a39c@group-8F0C7F9C9EB9-SegmentedRaftLogWorker for RaftStorage:Storage Directory /github/workspace/mnt/ozone/hadoop-ozone/integration-test/target/test-dir/MiniOzoneClusterImpl-8824b896-4141-4ae0-8a85-a38dd1836ba7/datanode-2/data/ratis/6ac2399f-98b2-46f0-a6b3-8f0c7f9c9eb9
2020-07-19 12:59:10,170 [pool-190-thread-1] INFO  server.RaftServerConfigKeys (ConfUtils.java:logGet(44)) - raft.server.log.queue.byte-limit = 2147483647 (custom)
2020-07-19 12:59:10,170 [pool-190-thread-1] INFO  server.RaftServerConfigKeys (ConfUtils.java:logGet(44)) - raft.server.log.queue.element-limit = 1024 (custom)
2020-07-19 12:59:10,170 [pool-190-thread-1] INFO  server.RaftServerConfigKeys (ConfUtils.java:logGet(44)) - raft.server.log.segment.size.max = 1048576 (custom)
2020-07-19 12:59:10,170 [pool-190-thread-1] INFO  server.RaftServerConfigKeys (ConfUtils.java:logGet(44)) - raft.server.log.preallocated.size = 16384 (custom)
2020-07-19 12:59:10,170 [pool-190-thread-1] INFO  server.RaftServerConfigKeys (ConfUtils.java:logGet(44)) - raft.server.log.write.buffer.size = 1048576 (custom)
2020-07-19 12:59:10,170 [pool-190-thread-1] INFO  server.RaftServerConfigKeys (ConfUtils.java:logGet(44)) - raft.server.log.force.sync.num = 128 (default)
2020-07-19 12:59:10,170 [pool-190-thread-1] INFO  server.RaftServerConfigKeys (ConfUtils.java:logGet(44)) - raft.server.log.statemachine.data.sync = true (default)
2020-07-19 12:59:10,170 [pool-190-thread-1] INFO  server.RaftServerConfigKeys (ConfUtils.java:logGet(44)) - raft.server.log.statemachine.data.sync.timeout = 10s (default)
2020-07-19 12:59:10,170 [pool-190-thread-1] INFO  server.RaftServerConfigKeys (ConfUtils.java:logGet(44)) - raft.server.log.statemachine.data.sync.timeout.retry = -1 (default)
2020-07-19 12:59:10,172 [pool-190-thread-1] INFO  server.RaftServerConfigKeys (ConfUtils.java:logGet(44)) - raft.server.log.statemachine.data.caching.enabled = true (custom)
2020-07-19 12:59:10,173 [pool-190-thread-1] INFO  segmented.SegmentedRaftLogWorker (SegmentedRaftLogWorker.java:lambda$new$0(129)) - af89afa7-310b-41e3-a030-5f9c19d0a39c@group-8F0C7F9C9EB9-SegmentedRaftLogWorker: flushIndex: setUnconditionally 0 -> -1
2020-07-19 12:59:10,173 [pool-190-thread-1] INFO  segmented.SegmentedRaftLogWorker (SegmentedRaftLogWorker.java:lambda$new$0(129)) - af89afa7-310b-41e3-a030-5f9c19d0a39c@group-8F0C7F9C9EB9-SegmentedRaftLogWorker: safeCacheEvictIndex: setUnconditionally 0 -> -1
2020-07-19 12:59:10,173 [pool-190-thread-1] INFO  server.RaftServerConfigKeys (ConfUtils.java:logGet(44)) - raft.server.snapshot.auto.trigger.enabled = true (custom)
2020-07-19 12:59:10,173 [pool-190-thread-1] INFO  server.RaftServerConfigKeys (ConfUtils.java:logGet(44)) - raft.server.snapshot.auto.trigger.threshold = 10000 (custom)
2020-07-19 12:59:10,173 [pool-190-thread-1] INFO  server.RaftServerConfigKeys (ConfUtils.java:logGet(44)) - raft.server.snapshot.retention.file.num = 5 (custom)
2020-07-19 12:59:10,173 [pool-190-thread-1] INFO  server.RaftServerConfigKeys (ConfUtils.java:logGet(44)) - raft.server.log.purge.upto.snapshot.index = false (default)
2020-07-19 12:59:10,173 [pool-190-thread-1] INFO  server.RaftServerConfigKeys (ConfUtils.java:logGet(44)) - raft.server.retrycache.expirytime = 600000ms (custom)
2020-07-19 12:59:10,173 [pool-190-thread-1] INFO  metrics.RatisMetrics (RatisMetrics.java:lambda$create$0(36)) - Creating Metrics Registry : ratis.leader_election.af89afa7-310b-41e3-a030-5f9c19d0a39c@group-8F0C7F9C9EB9
2020-07-19 12:59:10,174 [pool-190-thread-1] INFO  metrics.RatisMetrics (RatisMetrics.java:lambda$create$0(36)) - Creating Metrics Registry : ratis.server.af89afa7-310b-41e3-a030-5f9c19d0a39c@group-8F0C7F9C9EB9
2020-07-19 12:59:10,176 [pool-190-thread-1] INFO  impl.RaftServerImpl (RaftServerImpl.java:start(186)) - af89afa7-310b-41e3-a030-5f9c19d0a39c@group-8F0C7F9C9EB9: start as a follower, conf=-1: [af89afa7-310b-41e3-a030-5f9c19d0a39c:172.17.0.2:33475], old=null
2020-07-19 12:59:10,176 [pool-190-thread-1] INFO  impl.RaftServerImpl (RaftServerImpl.java:setRole(175)) - af89afa7-310b-41e3-a030-5f9c19d0a39c@group-8F0C7F9C9EB9: changes role from      null to FOLLOWER at term 0 for startAsFollower
2020-07-19 12:59:10,176 [pool-190-thread-1] INFO  impl.RoleInfo (RoleInfo.java:updateAndGet(143)) - af89afa7-310b-41e3-a030-5f9c19d0a39c: start FollowerState
2020-07-19 12:59:10,176 [pool-190-thread-1] INFO  util.JmxRegister (JmxRegister.java:tryRegister(44)) - Successfully registered JMX Bean with object name Ratis:service=RaftServer,group=group-8F0C7F9C9EB9,id=af89afa7-310b-41e3-a030-5f9c19d0a39c
2020-07-19 12:59:10,176 [pool-190-thread-1] INFO  metrics.RatisMetrics (RatisMetrics.java:lambda$create$0(36)) - Creating Metrics Registry : ratis.state_machine.af89afa7-310b-41e3-a030-5f9c19d0a39c@group-8F0C7F9C9EB9
2020-07-19 12:59:10,181 [Command processor thread] INFO  commandhandler.CreatePipelineCommandHandler (CreatePipelineCommandHandler.java:handle(109)) - Created Pipeline RATIS ONE #id: "6ac2399f-98b2-46f0-a6b3-8f0c7f9c9eb9"
uuid128 {
  mostSigBits: 7692774471126632176
  leastSigBits: -6434642158738956615
}
.
2020-07-19 12:59:10,289 [Command processor thread] INFO  impl.RaftServerProxy (RaftServerProxy.java:addNew(89)) - 60b4693a-24a9-4f9a-8d7e-763e228c0b97: addNew group-F2A7FFDE51A0:[60b4693a-24a9-4f9a-8d7e-763e228c0b97:172.17.0.2:45129] returns group-F2A7FFDE51A0:java.util.concurrent.CompletableFuture@3936c272[Not completed]
2020-07-19 12:59:10,292 [pool-205-thread-1] INFO  impl.RaftServerImpl (RaftServerImpl.java:<init>(99)) - 60b4693a-24a9-4f9a-8d7e-763e228c0b97: new RaftServerImpl for group-F2A7FFDE51A0:[60b4693a-24a9-4f9a-8d7e-763e228c0b97:172.17.0.2:45129] with ContainerStateMachine:uninitialized
2020-07-19 12:59:10,292 [pool-205-thread-1] INFO  server.RaftServerConfigKeys (ConfUtils.java:logGet(44)) - raft.server.rpc.timeout.min = 5s (custom)
2020-07-19 12:59:10,292 [pool-205-thread-1] INFO  server.RaftServerConfigKeys (ConfUtils.java:logGet(44)) - raft.server.rpc.timeout.max = 5200ms (custom)
2020-07-19 12:59:10,292 [pool-205-thread-1] INFO  server.RaftServerConfigKeys (ConfUtils.java:logGet(44)) - raft.server.rpcslowness.timeout = 300000ms (custom)
2020-07-19 12:59:10,292 [pool-205-thread-1] INFO  server.RaftServerConfigKeys (ConfUtils.java:logGet(44)) - raft.server.sleep.deviation.threshold = 300 (default)
2020-07-19 12:59:10,293 [pool-205-thread-1] INFO  server.RaftServerConfigKeys (ConfUtils.java:logGet(44)) - raft.server.log.appender.install.snapshot.enabled = false (custom)
2020-07-19 12:59:10,293 [pool-205-thread-1] INFO  impl.RaftServerImpl (ServerState.java:<init>(103)) - 60b4693a-24a9-4f9a-8d7e-763e228c0b97@group-F2A7FFDE51A0: ConfigurationManager, init=-1: [60b4693a-24a9-4f9a-8d7e-763e228c0b97:172.17.0.2:45129], old=null, confs=<EMPTY_MAP>
2020-07-19 12:59:10,293 [pool-205-thread-1] INFO  server.RaftServerConfigKeys (ConfUtils.java:logGet(44)) - raft.server.storage.dir = [/github/workspace/mnt/ozone/hadoop-ozone/integration-test/target/test-dir/MiniOzoneClusterImpl-8824b896-4141-4ae0-8a85-a38dd1836ba7/datanode-3/data/ratis] (custom)
2020-07-19 12:59:10,293 [pool-205-thread-1] INFO  server.RaftServerConfigKeys (ConfUtils.java:logGet(44)) - raft.server.log.corruption.policy = EXCEPTION (default)
2020-07-19 12:59:10,293 [pool-205-thread-1] INFO  storage.RaftStorageDirectory (RaftStorageDirectory.java:analyzeStorage(261)) - The storage directory /github/workspace/mnt/ozone/hadoop-ozone/integration-test/target/test-dir/MiniOzoneClusterImpl-8824b896-4141-4ae0-8a85-a38dd1836ba7/datanode-3/data/ratis/b7fd7509-c4d3-4488-8e1e-f2a7ffde51a0 does not exist. Creating ...
2020-07-19 12:59:10,295 [pool-205-thread-1] INFO  storage.RaftStorageDirectory (RaftStorageDirectory.java:tryLock(343)) - Lock on /github/workspace/mnt/ozone/hadoop-ozone/integration-test/target/test-dir/MiniOzoneClusterImpl-8824b896-4141-4ae0-8a85-a38dd1836ba7/datanode-3/data/ratis/b7fd7509-c4d3-4488-8e1e-f2a7ffde51a0/in_use.lock acquired by nodename 5176@fe49c764e40f
2020-07-19 12:59:10,296 [pool-205-thread-1] INFO  storage.RaftStorage (RaftStorage.java:format(84)) - Storage directory /github/workspace/mnt/ozone/hadoop-ozone/integration-test/target/test-dir/MiniOzoneClusterImpl-8824b896-4141-4ae0-8a85-a38dd1836ba7/datanode-3/data/ratis/b7fd7509-c4d3-4488-8e1e-f2a7ffde51a0 has been successfully formatted.
2020-07-19 12:59:10,298 [pool-205-thread-1] INFO  ratis.ContainerStateMachine (ContainerStateMachine.java:loadSnapshot(225)) - group-F2A7FFDE51A0: The snapshot info is null. Setting the last applied indexto:(t:0, i:~)
2020-07-19 12:59:10,298 [pool-205-thread-1] INFO  server.RaftServerConfigKeys (ConfUtils.java:logGet(44)) - raft.server.notification.no-leader.timeout = 300000ms (custom)
2020-07-19 12:59:10,298 [pool-205-thread-1] INFO  server.RaftServerConfigKeys (ConfUtils.java:logGet(44)) - raft.server.log.use.memory = false (default)
2020-07-19 12:59:10,298 [pool-205-thread-1] INFO  server.RaftServerConfigKeys (ConfUtils.java:logGet(44)) - raft.server.log.purge.gap = 1000000 (custom)
2020-07-19 12:59:10,298 [pool-205-thread-1] INFO  server.RaftServerConfigKeys (ConfUtils.java:logGet(44)) - raft.server.log.appender.buffer.byte-limit = 33554432 (custom)
2020-07-19 12:59:10,299 [EventQueue-PipelineReportForPipelineReportHandler] INFO  pipeline.PipelineStateManager (PipelineStateManager.java:openPipeline(131)) - Pipeline Pipeline[ Id: b7fd7509-c4d3-4488-8e1e-f2a7ffde51a0, Nodes: 60b4693a-24a9-4f9a-8d7e-763e228c0b97{ip: 172.17.0.2, host: fe49c764e40f, networkLocation: /default-rack, certSerialId: null}, Type:RATIS, Factor:ONE, State:ALLOCATED, leaderId:60b4693a-24a9-4f9a-8d7e-763e228c0b97, CreationTimestamp2020-07-19T12:59:07.291Z] moved to OPEN state
2020-07-19 12:59:10,299 [EventQueue-OpenPipelineForOneReplicaPipelineSafeModeRule] INFO  safemode.SCMSafeModeManager (SCMSafeModeManager.java:validateSafeModeExitRules(214)) - AtleastOneDatanodeReportedRule rule is successfully validated
2020-07-19 12:59:10,299 [EventQueue-OpenPipelineForHealthyPipelineSafeModeRule] INFO  safemode.SCMSafeModeManager (HealthyPipelineSafeModeRule.java:process(129)) - SCM in safe mode. Healthy pipelines reported count is 0, required healthy pipeline reported count is 1
2020-07-19 12:59:10,299 [pool-205-thread-1] INFO  server.RaftServerConfigKeys (ConfUtils.java:logGet(44)) - raft.server.log.segment.size.max = 1048576 (custom)
2020-07-19 12:59:10,299 [pool-205-thread-1] INFO  metrics.RatisMetrics (RatisMetrics.java:lambda$create$0(36)) - Creating Metrics Registry : ratis.log_worker.60b4693a-24a9-4f9a-8d7e-763e228c0b97@group-F2A7FFDE51A0
2020-07-19 12:59:10,300 [pool-205-thread-1] INFO  server.RaftServerConfigKeys (ConfUtils.java:logGet(44)) - raft.server.log.segment.cache.num.max = 2 (custom)
2020-07-19 12:59:10,300 [pool-205-thread-1] INFO  segmented.SegmentedRaftLogWorker (SegmentedRaftLogWorker.java:<init>(180)) - new 60b4693a-24a9-4f9a-8d7e-763e228c0b97@group-F2A7FFDE51A0-SegmentedRaftLogWorker for RaftStorage:Storage Directory /github/workspace/mnt/ozone/hadoop-ozone/integration-test/target/test-dir/MiniOzoneClusterImpl-8824b896-4141-4ae0-8a85-a38dd1836ba7/datanode-3/data/ratis/b7fd7509-c4d3-4488-8e1e-f2a7ffde51a0
2020-07-19 12:59:10,300 [pool-205-thread-1] INFO  server.RaftServerConfigKeys (ConfUtils.java:logGet(44)) - raft.server.log.queue.byte-limit = 2147483647 (custom)
2020-07-19 12:59:10,300 [pool-205-thread-1] INFO  server.RaftServerConfigKeys (ConfUtils.java:logGet(44)) - raft.server.log.queue.element-limit = 1024 (custom)
2020-07-19 12:59:10,300 [pool-205-thread-1] INFO  server.RaftServerConfigKeys (ConfUtils.java:logGet(44)) - raft.server.log.segment.size.max = 1048576 (custom)
2020-07-19 12:59:10,300 [pool-205-thread-1] INFO  server.RaftServerConfigKeys (ConfUtils.java:logGet(44)) - raft.server.log.preallocated.size = 16384 (custom)
2020-07-19 12:59:10,300 [pool-205-thread-1] INFO  server.RaftServerConfigKeys (ConfUtils.java:logGet(44)) - raft.server.log.write.buffer.size = 1048576 (custom)
2020-07-19 12:59:10,300 [pool-205-thread-1] INFO  server.RaftServerConfigKeys (ConfUtils.java:logGet(44)) - raft.server.log.force.sync.num = 128 (default)
2020-07-19 12:59:10,300 [pool-205-thread-1] INFO  server.RaftServerConfigKeys (ConfUtils.java:logGet(44)) - raft.server.log.statemachine.data.sync = true (default)
2020-07-19 12:59:10,301 [pool-205-thread-1] INFO  server.RaftServerConfigKeys (ConfUtils.java:logGet(44)) - raft.server.log.statemachine.data.sync.timeout = 10s (default)
2020-07-19 12:59:10,301 [pool-205-thread-1] INFO  server.RaftServerConfigKeys (ConfUtils.java:logGet(44)) - raft.server.log.statemachine.data.sync.timeout.retry = -1 (default)
2020-07-19 12:59:10,303 [pool-205-thread-1] INFO  server.RaftServerConfigKeys (ConfUtils.java:logGet(44)) - raft.server.log.statemachine.data.caching.enabled = true (custom)
2020-07-19 12:59:10,303 [pool-205-thread-1] INFO  segmented.SegmentedRaftLogWorker (SegmentedRaftLogWorker.java:lambda$new$0(129)) - 60b4693a-24a9-4f9a-8d7e-763e228c0b97@group-F2A7FFDE51A0-SegmentedRaftLogWorker: flushIndex: setUnconditionally 0 -> -1
2020-07-19 12:59:10,303 [pool-205-thread-1] INFO  segmented.SegmentedRaftLogWorker (SegmentedRaftLogWorker.java:lambda$new$0(129)) - 60b4693a-24a9-4f9a-8d7e-763e228c0b97@group-F2A7FFDE51A0-SegmentedRaftLogWorker: safeCacheEvictIndex: setUnconditionally 0 -> -1
2020-07-19 12:59:10,306 [pool-205-thread-1] INFO  server.RaftServerConfigKeys (ConfUtils.java:logGet(44)) - raft.server.snapshot.auto.trigger.enabled = true (custom)
2020-07-19 12:59:10,306 [pool-205-thread-1] INFO  server.RaftServerConfigKeys (ConfUtils.java:logGet(44)) - raft.server.snapshot.auto.trigger.threshold = 10000 (custom)
2020-07-19 12:59:10,306 [pool-205-thread-1] INFO  server.RaftServerConfigKeys (ConfUtils.java:logGet(44)) - raft.server.snapshot.retention.file.num = 5 (custom)
2020-07-19 12:59:10,306 [pool-205-thread-1] INFO  server.RaftServerConfigKeys (ConfUtils.java:logGet(44)) - raft.server.log.purge.upto.snapshot.index = false (default)
2020-07-19 12:59:10,306 [pool-205-thread-1] INFO  server.RaftServerConfigKeys (ConfUtils.java:logGet(44)) - raft.server.retrycache.expirytime = 600000ms (custom)
2020-07-19 12:59:10,306 [pool-205-thread-1] INFO  metrics.RatisMetrics (RatisMetrics.java:lambda$create$0(36)) - Creating Metrics Registry : ratis.leader_election.60b4693a-24a9-4f9a-8d7e-763e228c0b97@group-F2A7FFDE51A0
2020-07-19 12:59:10,307 [pool-205-thread-1] INFO  metrics.RatisMetrics (RatisMetrics.java:lambda$create$0(36)) - Creating Metrics Registry : ratis.server.60b4693a-24a9-4f9a-8d7e-763e228c0b97@group-F2A7FFDE51A0
2020-07-19 12:59:10,308 [pool-205-thread-1] INFO  impl.RaftServerImpl (RaftServerImpl.java:start(186)) - 60b4693a-24a9-4f9a-8d7e-763e228c0b97@group-F2A7FFDE51A0: start as a follower, conf=-1: [60b4693a-24a9-4f9a-8d7e-763e228c0b97:172.17.0.2:45129], old=null
2020-07-19 12:59:10,310 [pool-205-thread-1] INFO  impl.RaftServerImpl (RaftServerImpl.java:setRole(175)) - 60b4693a-24a9-4f9a-8d7e-763e228c0b97@group-F2A7FFDE51A0: changes role from      null to FOLLOWER at term 0 for startAsFollower
2020-07-19 12:59:10,311 [pool-205-thread-1] INFO  impl.RoleInfo (RoleInfo.java:updateAndGet(143)) - 60b4693a-24a9-4f9a-8d7e-763e228c0b97: start FollowerState
2020-07-19 12:59:10,317 [pool-205-thread-1] INFO  util.JmxRegister (JmxRegister.java:tryRegister(44)) - Successfully registered JMX Bean with object name Ratis:service=RaftServer,group=group-F2A7FFDE51A0,id=60b4693a-24a9-4f9a-8d7e-763e228c0b97
2020-07-19 12:59:10,317 [pool-205-thread-1] INFO  metrics.RatisMetrics (RatisMetrics.java:lambda$create$0(36)) - Creating Metrics Registry : ratis.state_machine.60b4693a-24a9-4f9a-8d7e-763e228c0b97@group-F2A7FFDE51A0
2020-07-19 12:59:10,318 [Command processor thread] INFO  commandhandler.CreatePipelineCommandHandler (CreatePipelineCommandHandler.java:handle(109)) - Created Pipeline RATIS ONE #id: "b7fd7509-c4d3-4488-8e1e-f2a7ffde51a0"
uuid128 {
  mostSigBits: -5188862510843607928
  leastSigBits: -8205854667656244832
}
.
2020-07-19 12:59:10,318 [Command processor thread] INFO  impl.RaftServerProxy (RaftServerProxy.java:addNew(89)) - 60b4693a-24a9-4f9a-8d7e-763e228c0b97: addNew group-3183008B4F90:[7448be25-6ee6-481d-867e-081d62f0ad37:172.17.0.2:39635, 60b4693a-24a9-4f9a-8d7e-763e228c0b97:172.17.0.2:45129, 45b92da7-6fd5-4e69-8c49-135295713f70:172.17.0.2:46823] returns group-3183008B4F90:java.util.concurrent.CompletableFuture@3d09418c[Not completed]
2020-07-19 12:59:10,319 [pool-205-thread-1] INFO  impl.RaftServerImpl (RaftServerImpl.java:<init>(99)) - 60b4693a-24a9-4f9a-8d7e-763e228c0b97: new RaftServerImpl for group-3183008B4F90:[7448be25-6ee6-481d-867e-081d62f0ad37:172.17.0.2:39635, 60b4693a-24a9-4f9a-8d7e-763e228c0b97:172.17.0.2:45129, 45b92da7-6fd5-4e69-8c49-135295713f70:172.17.0.2:46823] with ContainerStateMachine:uninitialized
2020-07-19 12:59:10,319 [pool-205-thread-1] INFO  server.RaftServerConfigKeys (ConfUtils.java:logGet(44)) - raft.server.rpc.timeout.min = 5s (custom)
2020-07-19 12:59:10,319 [pool-205-thread-1] INFO  server.RaftServerConfigKeys (ConfUtils.java:logGet(44)) - raft.server.rpc.timeout.max = 5200ms (custom)
2020-07-19 12:59:10,320 [pool-205-thread-1] INFO  server.RaftServerConfigKeys (ConfUtils.java:logGet(44)) - raft.server.rpcslowness.timeout = 300000ms (custom)
2020-07-19 12:59:10,320 [pool-205-thread-1] INFO  server.RaftServerConfigKeys (ConfUtils.java:logGet(44)) - raft.server.sleep.deviation.threshold = 300 (default)
2020-07-19 12:59:10,320 [pool-205-thread-1] INFO  server.RaftServerConfigKeys (ConfUtils.java:logGet(44)) - raft.server.log.appender.install.snapshot.enabled = false (custom)
2020-07-19 12:59:10,320 [pool-205-thread-1] INFO  impl.RaftServerImpl (ServerState.java:<init>(103)) - 60b4693a-24a9-4f9a-8d7e-763e228c0b97@group-3183008B4F90: ConfigurationManager, init=-1: [7448be25-6ee6-481d-867e-081d62f0ad37:172.17.0.2:39635, 60b4693a-24a9-4f9a-8d7e-763e228c0b97:172.17.0.2:45129, 45b92da7-6fd5-4e69-8c49-135295713f70:172.17.0.2:46823], old=null, confs=<EMPTY_MAP>
2020-07-19 12:59:10,320 [pool-205-thread-1] INFO  server.RaftServerConfigKeys (ConfUtils.java:logGet(44)) - raft.server.storage.dir = [/github/workspace/mnt/ozone/hadoop-ozone/integration-test/target/test-dir/MiniOzoneClusterImpl-8824b896-4141-4ae0-8a85-a38dd1836ba7/datanode-3/data/ratis] (custom)
2020-07-19 12:59:10,320 [pool-205-thread-1] INFO  server.RaftServerConfigKeys (ConfUtils.java:logGet(44)) - raft.server.log.corruption.policy = EXCEPTION (default)
2020-07-19 12:59:10,320 [pool-205-thread-1] INFO  storage.RaftStorageDirectory (RaftStorageDirectory.java:analyzeStorage(261)) - The storage directory /github/workspace/mnt/ozone/hadoop-ozone/integration-test/target/test-dir/MiniOzoneClusterImpl-8824b896-4141-4ae0-8a85-a38dd1836ba7/datanode-3/data/ratis/20295e19-fc6c-450f-aa9f-3183008b4f90 does not exist. Creating ...
2020-07-19 12:59:10,324 [pool-205-thread-1] INFO  storage.RaftStorageDirectory (RaftStorageDirectory.java:tryLock(343)) - Lock on /github/workspace/mnt/ozone/hadoop-ozone/integration-test/target/test-dir/MiniOzoneClusterImpl-8824b896-4141-4ae0-8a85-a38dd1836ba7/datanode-3/data/ratis/20295e19-fc6c-450f-aa9f-3183008b4f90/in_use.lock acquired by nodename 5176@fe49c764e40f
2020-07-19 12:59:10,326 [pool-205-thread-1] INFO  storage.RaftStorage (RaftStorage.java:format(84)) - Storage directory /github/workspace/mnt/ozone/hadoop-ozone/integration-test/target/test-dir/MiniOzoneClusterImpl-8824b896-4141-4ae0-8a85-a38dd1836ba7/datanode-3/data/ratis/20295e19-fc6c-450f-aa9f-3183008b4f90 has been successfully formatted.
2020-07-19 12:59:10,326 [pool-205-thread-1] INFO  ratis.ContainerStateMachine (ContainerStateMachine.java:loadSnapshot(225)) - group-3183008B4F90: The snapshot info is null. Setting the last applied indexto:(t:0, i:~)
2020-07-19 12:59:10,326 [pool-205-thread-1] INFO  server.RaftServerConfigKeys (ConfUtils.java:logGet(44)) - raft.server.notification.no-leader.timeout = 300000ms (custom)
2020-07-19 12:59:10,326 [pool-205-thread-1] INFO  server.RaftServerConfigKeys (ConfUtils.java:logGet(44)) - raft.server.log.use.memory = false (default)
2020-07-19 12:59:10,326 [pool-205-thread-1] INFO  server.RaftServerConfigKeys (ConfUtils.java:logGet(44)) - raft.server.log.purge.gap = 1000000 (custom)
2020-07-19 12:59:10,326 [pool-205-thread-1] INFO  server.RaftServerConfigKeys (ConfUtils.java:logGet(44)) - raft.server.log.appender.buffer.byte-limit = 33554432 (custom)
2020-07-19 12:59:10,326 [pool-205-thread-1] INFO  server.RaftServerConfigKeys (ConfUtils.java:logGet(44)) - raft.server.log.segment.size.max = 1048576 (custom)
2020-07-19 12:59:10,327 [pool-205-thread-1] INFO  metrics.RatisMetrics (RatisMetrics.java:lambda$create$0(36)) - Creating Metrics Registry : ratis.log_worker.60b4693a-24a9-4f9a-8d7e-763e228c0b97@group-3183008B4F90
2020-07-19 12:59:10,327 [pool-205-thread-1] INFO  server.RaftServerConfigKeys (ConfUtils.java:logGet(44)) - raft.server.log.segment.cache.num.max = 2 (custom)
2020-07-19 12:59:10,327 [pool-205-thread-1] INFO  segmented.SegmentedRaftLogWorker (SegmentedRaftLogWorker.java:<init>(180)) - new 60b4693a-24a9-4f9a-8d7e-763e228c0b97@group-3183008B4F90-SegmentedRaftLogWorker for RaftStorage:Storage Directory /github/workspace/mnt/ozone/hadoop-ozone/integration-test/target/test-dir/MiniOzoneClusterImpl-8824b896-4141-4ae0-8a85-a38dd1836ba7/datanode-3/data/ratis/20295e19-fc6c-450f-aa9f-3183008b4f90
2020-07-19 12:59:10,327 [pool-205-thread-1] INFO  server.RaftServerConfigKeys (ConfUtils.java:logGet(44)) - raft.server.log.queue.byte-limit = 2147483647 (custom)
2020-07-19 12:59:10,328 [pool-205-thread-1] INFO  server.RaftServerConfigKeys (ConfUtils.java:logGet(44)) - raft.server.log.queue.element-limit = 1024 (custom)
2020-07-19 12:59:10,328 [pool-205-thread-1] INFO  server.RaftServerConfigKeys (ConfUtils.java:logGet(44)) - raft.server.log.segment.size.max = 1048576 (custom)
2020-07-19 12:59:10,328 [pool-205-thread-1] INFO  server.RaftServerConfigKeys (ConfUtils.java:logGet(44)) - raft.server.log.preallocated.size = 16384 (custom)
2020-07-19 12:59:10,328 [pool-205-thread-1] INFO  server.RaftServerConfigKeys (ConfUtils.java:logGet(44)) - raft.server.log.write.buffer.size = 1048576 (custom)
2020-07-19 12:59:10,328 [pool-205-thread-1] INFO  server.RaftServerConfigKeys (ConfUtils.java:logGet(44)) - raft.server.log.force.sync.num = 128 (default)
2020-07-19 12:59:10,328 [pool-205-thread-1] INFO  server.RaftServerConfigKeys (ConfUtils.java:logGet(44)) - raft.server.log.statemachine.data.sync = true (default)
2020-07-19 12:59:10,328 [pool-205-thread-1] INFO  server.RaftServerConfigKeys (ConfUtils.java:logGet(44)) - raft.server.log.statemachine.data.sync.timeout = 10s (default)
2020-07-19 12:59:10,328 [pool-205-thread-1] INFO  server.RaftServerConfigKeys (ConfUtils.java:logGet(44)) - raft.server.log.statemachine.data.sync.timeout.retry = -1 (default)
2020-07-19 12:59:10,330 [pool-205-thread-1] INFO  server.RaftServerConfigKeys (ConfUtils.java:logGet(44)) - raft.server.log.statemachine.data.caching.enabled = true (custom)
2020-07-19 12:59:10,330 [pool-205-thread-1] INFO  segmented.SegmentedRaftLogWorker (SegmentedRaftLogWorker.java:lambda$new$0(129)) - 60b4693a-24a9-4f9a-8d7e-763e228c0b97@group-3183008B4F90-SegmentedRaftLogWorker: flushIndex: setUnconditionally 0 -> -1
2020-07-19 12:59:10,330 [pool-205-thread-1] INFO  segmented.SegmentedRaftLogWorker (SegmentedRaftLogWorker.java:lambda$new$0(129)) - 60b4693a-24a9-4f9a-8d7e-763e228c0b97@group-3183008B4F90-SegmentedRaftLogWorker: safeCacheEvictIndex: setUnconditionally 0 -> -1
2020-07-19 12:59:10,331 [pool-205-thread-1] INFO  server.RaftServerConfigKeys (ConfUtils.java:logGet(44)) - raft.server.snapshot.auto.trigger.enabled = true (custom)
2020-07-19 12:59:10,331 [pool-205-thread-1] INFO  server.RaftServerConfigKeys (ConfUtils.java:logGet(44)) - raft.server.snapshot.auto.trigger.threshold = 10000 (custom)
2020-07-19 12:59:10,331 [pool-205-thread-1] INFO  server.RaftServerConfigKeys (ConfUtils.java:logGet(44)) - raft.server.snapshot.retention.file.num = 5 (custom)
2020-07-19 12:59:10,331 [pool-205-thread-1] INFO  server.RaftServerConfigKeys (ConfUtils.java:logGet(44)) - raft.server.log.purge.upto.snapshot.index = false (default)
2020-07-19 12:59:10,331 [pool-205-thread-1] INFO  server.RaftServerConfigKeys (ConfUtils.java:logGet(44)) - raft.server.retrycache.expirytime = 600000ms (custom)
2020-07-19 12:59:10,331 [pool-205-thread-1] INFO  metrics.RatisMetrics (RatisMetrics.java:lambda$create$0(36)) - Creating Metrics Registry : ratis.leader_election.60b4693a-24a9-4f9a-8d7e-763e228c0b97@group-3183008B4F90
2020-07-19 12:59:10,332 [pool-205-thread-1] INFO  metrics.RatisMetrics (RatisMetrics.java:lambda$create$0(36)) - Creating Metrics Registry : ratis.server.60b4693a-24a9-4f9a-8d7e-763e228c0b97@group-3183008B4F90
2020-07-19 12:59:10,333 [pool-205-thread-1] INFO  impl.RaftServerImpl (RaftServerImpl.java:start(186)) - 60b4693a-24a9-4f9a-8d7e-763e228c0b97@group-3183008B4F90: start as a follower, conf=-1: [7448be25-6ee6-481d-867e-081d62f0ad37:172.17.0.2:39635, 60b4693a-24a9-4f9a-8d7e-763e228c0b97:172.17.0.2:45129, 45b92da7-6fd5-4e69-8c49-135295713f70:172.17.0.2:46823], old=null
2020-07-19 12:59:10,333 [pool-205-thread-1] INFO  impl.RaftServerImpl (RaftServerImpl.java:setRole(175)) - 60b4693a-24a9-4f9a-8d7e-763e228c0b97@group-3183008B4F90: changes role from      null to FOLLOWER at term 0 for startAsFollower
2020-07-19 12:59:10,333 [pool-205-thread-1] INFO  impl.RoleInfo (RoleInfo.java:updateAndGet(143)) - 60b4693a-24a9-4f9a-8d7e-763e228c0b97: start FollowerState
2020-07-19 12:59:10,336 [pool-205-thread-1] INFO  util.JmxRegister (JmxRegister.java:tryRegister(44)) - Successfully registered JMX Bean with object name Ratis:service=RaftServer,group=group-3183008B4F90,id=60b4693a-24a9-4f9a-8d7e-763e228c0b97
2020-07-19 12:59:10,336 [pool-205-thread-1] INFO  metrics.RatisMetrics (RatisMetrics.java:lambda$create$0(36)) - Creating Metrics Registry : ratis.state_machine.60b4693a-24a9-4f9a-8d7e-763e228c0b97@group-3183008B4F90
2020-07-19 12:59:10,347 [grpc-default-executor-1] INFO  impl.RaftServerProxy (RaftServerProxy.java:addNew(89)) - 7448be25-6ee6-481d-867e-081d62f0ad37: addNew group-3183008B4F90:[7448be25-6ee6-481d-867e-081d62f0ad37:172.17.0.2:39635, 60b4693a-24a9-4f9a-8d7e-763e228c0b97:172.17.0.2:45129, 45b92da7-6fd5-4e69-8c49-135295713f70:172.17.0.2:46823] returns group-3183008B4F90:java.util.concurrent.CompletableFuture@1d57435[Not completed]
2020-07-19 12:59:10,349 [pool-235-thread-1] INFO  impl.RaftServerImpl (RaftServerImpl.java:<init>(99)) - 7448be25-6ee6-481d-867e-081d62f0ad37: new RaftServerImpl for group-3183008B4F90:[7448be25-6ee6-481d-867e-081d62f0ad37:172.17.0.2:39635, 60b4693a-24a9-4f9a-8d7e-763e228c0b97:172.17.0.2:45129, 45b92da7-6fd5-4e69-8c49-135295713f70:172.17.0.2:46823] with ContainerStateMachine:uninitialized
2020-07-19 12:59:10,349 [pool-235-thread-1] INFO  server.RaftServerConfigKeys (ConfUtils.java:logGet(44)) - raft.server.rpc.timeout.min = 5s (custom)
2020-07-19 12:59:10,349 [pool-235-thread-1] INFO  server.RaftServerConfigKeys (ConfUtils.java:logGet(44)) - raft.server.rpc.timeout.max = 5200ms (custom)
2020-07-19 12:59:10,349 [pool-235-thread-1] INFO  server.RaftServerConfigKeys (ConfUtils.java:logGet(44)) - raft.server.rpcslowness.timeout = 300000ms (custom)
2020-07-19 12:59:10,350 [pool-235-thread-1] INFO  server.RaftServerConfigKeys (ConfUtils.java:logGet(44)) - raft.server.sleep.deviation.threshold = 300 (default)
2020-07-19 12:59:10,350 [pool-235-thread-1] INFO  server.RaftServerConfigKeys (ConfUtils.java:logGet(44)) - raft.server.log.appender.install.snapshot.enabled = false (custom)
2020-07-19 12:59:10,350 [pool-235-thread-1] INFO  impl.RaftServerImpl (ServerState.java:<init>(103)) - 7448be25-6ee6-481d-867e-081d62f0ad37@group-3183008B4F90: ConfigurationManager, init=-1: [7448be25-6ee6-481d-867e-081d62f0ad37:172.17.0.2:39635, 60b4693a-24a9-4f9a-8d7e-763e228c0b97:172.17.0.2:45129, 45b92da7-6fd5-4e69-8c49-135295713f70:172.17.0.2:46823], old=null, confs=<EMPTY_MAP>
2020-07-19 12:59:10,350 [pool-235-thread-1] INFO  server.RaftServerConfigKeys (ConfUtils.java:logGet(44)) - raft.server.storage.dir = [/github/workspace/mnt/ozone/hadoop-ozone/integration-test/target/test-dir/MiniOzoneClusterImpl-8824b896-4141-4ae0-8a85-a38dd1836ba7/datanode-5/data/ratis] (custom)
2020-07-19 12:59:10,350 [pool-235-thread-1] INFO  server.RaftServerConfigKeys (ConfUtils.java:logGet(44)) - raft.server.log.corruption.policy = EXCEPTION (default)
2020-07-19 12:59:10,350 [pool-235-thread-1] INFO  storage.RaftStorageDirectory (RaftStorageDirectory.java:analyzeStorage(261)) - The storage directory /github/workspace/mnt/ozone/hadoop-ozone/integration-test/target/test-dir/MiniOzoneClusterImpl-8824b896-4141-4ae0-8a85-a38dd1836ba7/datanode-5/data/ratis/20295e19-fc6c-450f-aa9f-3183008b4f90 does not exist. Creating ...
2020-07-19 12:59:10,351 [pool-235-thread-1] INFO  storage.RaftStorageDirectory (RaftStorageDirectory.java:tryLock(343)) - Lock on /github/workspace/mnt/ozone/hadoop-ozone/integration-test/target/test-dir/MiniOzoneClusterImpl-8824b896-4141-4ae0-8a85-a38dd1836ba7/datanode-5/data/ratis/20295e19-fc6c-450f-aa9f-3183008b4f90/in_use.lock acquired by nodename 5176@fe49c764e40f
2020-07-19 12:59:10,353 [pool-235-thread-1] INFO  storage.RaftStorage (RaftStorage.java:format(84)) - Storage directory /github/workspace/mnt/ozone/hadoop-ozone/integration-test/target/test-dir/MiniOzoneClusterImpl-8824b896-4141-4ae0-8a85-a38dd1836ba7/datanode-5/data/ratis/20295e19-fc6c-450f-aa9f-3183008b4f90 has been successfully formatted.
2020-07-19 12:59:10,353 [pool-235-thread-1] INFO  ratis.ContainerStateMachine (ContainerStateMachine.java:loadSnapshot(225)) - group-3183008B4F90: The snapshot info is null. Setting the last applied indexto:(t:0, i:~)
2020-07-19 12:59:10,354 [pool-235-thread-1] INFO  server.RaftServerConfigKeys (ConfUtils.java:logGet(44)) - raft.server.notification.no-leader.timeout = 300000ms (custom)
2020-07-19 12:59:10,354 [pool-235-thread-1] INFO  server.RaftServerConfigKeys (ConfUtils.java:logGet(44)) - raft.server.log.use.memory = false (default)
2020-07-19 12:59:10,354 [pool-235-thread-1] INFO  server.RaftServerConfigKeys (ConfUtils.java:logGet(44)) - raft.server.log.purge.gap = 1000000 (custom)
2020-07-19 12:59:10,354 [pool-235-thread-1] INFO  server.RaftServerConfigKeys (ConfUtils.java:logGet(44)) - raft.server.log.appender.buffer.byte-limit = 33554432 (custom)
2020-07-19 12:59:10,355 [pool-235-thread-1] INFO  server.RaftServerConfigKeys (ConfUtils.java:logGet(44)) - raft.server.log.segment.size.max = 1048576 (custom)
2020-07-19 12:59:10,355 [pool-235-thread-1] INFO  metrics.RatisMetrics (RatisMetrics.java:lambda$create$0(36)) - Creating Metrics Registry : ratis.log_worker.7448be25-6ee6-481d-867e-081d62f0ad37@group-3183008B4F90
2020-07-19 12:59:10,355 [pool-235-thread-1] INFO  server.RaftServerConfigKeys (ConfUtils.java:logGet(44)) - raft.server.log.segment.cache.num.max = 2 (custom)
2020-07-19 12:59:10,355 [pool-235-thread-1] INFO  segmented.SegmentedRaftLogWorker (SegmentedRaftLogWorker.java:<init>(180)) - new 7448be25-6ee6-481d-867e-081d62f0ad37@group-3183008B4F90-SegmentedRaftLogWorker for RaftStorage:Storage Directory /github/workspace/mnt/ozone/hadoop-ozone/integration-test/target/test-dir/MiniOzoneClusterImpl-8824b896-4141-4ae0-8a85-a38dd1836ba7/datanode-5/data/ratis/20295e19-fc6c-450f-aa9f-3183008b4f90
2020-07-19 12:59:10,355 [pool-235-thread-1] INFO  server.RaftServerConfigKeys (ConfUtils.java:logGet(44)) - raft.server.log.queue.byte-limit = 2147483647 (custom)
2020-07-19 12:59:10,355 [pool-235-thread-1] INFO  server.RaftServerConfigKeys (ConfUtils.java:logGet(44)) - raft.server.log.queue.element-limit = 1024 (custom)
2020-07-19 12:59:10,355 [pool-235-thread-1] INFO  server.RaftServerConfigKeys (ConfUtils.java:logGet(44)) - raft.server.log.segment.size.max = 1048576 (custom)
2020-07-19 12:59:10,355 [pool-235-thread-1] INFO  server.RaftServerConfigKeys (ConfUtils.java:logGet(44)) - raft.server.log.preallocated.size = 16384 (custom)
2020-07-19 12:59:10,356 [pool-235-thread-1] INFO  server.RaftServerConfigKeys (ConfUtils.java:logGet(44)) - raft.server.log.write.buffer.size = 1048576 (custom)
2020-07-19 12:59:10,356 [pool-235-thread-1] INFO  server.RaftServerConfigKeys (ConfUtils.java:logGet(44)) - raft.server.log.force.sync.num = 128 (default)
2020-07-19 12:59:10,356 [pool-235-thread-1] INFO  server.RaftServerConfigKeys (ConfUtils.java:logGet(44)) - raft.server.log.statemachine.data.sync = true (default)
2020-07-19 12:59:10,356 [pool-235-thread-1] INFO  server.RaftServerConfigKeys (ConfUtils.java:logGet(44)) - raft.server.log.statemachine.data.sync.timeout = 10s (default)
2020-07-19 12:59:10,356 [pool-235-thread-1] INFO  server.RaftServerConfigKeys (ConfUtils.java:logGet(44)) - raft.server.log.statemachine.data.sync.timeout.retry = -1 (default)
2020-07-19 12:59:10,358 [pool-235-thread-1] INFO  server.RaftServerConfigKeys (ConfUtils.java:logGet(44)) - raft.server.log.statemachine.data.caching.enabled = true (custom)
2020-07-19 12:59:10,358 [pool-235-thread-1] INFO  segmented.SegmentedRaftLogWorker (SegmentedRaftLogWorker.java:lambda$new$0(129)) - 7448be25-6ee6-481d-867e-081d62f0ad37@group-3183008B4F90-SegmentedRaftLogWorker: flushIndex: setUnconditionally 0 -> -1
2020-07-19 12:59:10,358 [pool-235-thread-1] INFO  segmented.SegmentedRaftLogWorker (SegmentedRaftLogWorker.java:lambda$new$0(129)) - 7448be25-6ee6-481d-867e-081d62f0ad37@group-3183008B4F90-SegmentedRaftLogWorker: safeCacheEvictIndex: setUnconditionally 0 -> -1
2020-07-19 12:59:10,358 [pool-235-thread-1] INFO  server.RaftServerConfigKeys (ConfUtils.java:logGet(44)) - raft.server.snapshot.auto.trigger.enabled = true (custom)
2020-07-19 12:59:10,358 [pool-235-thread-1] INFO  server.RaftServerConfigKeys (ConfUtils.java:logGet(44)) - raft.server.snapshot.auto.trigger.threshold = 10000 (custom)
2020-07-19 12:59:10,358 [pool-235-thread-1] INFO  server.RaftServerConfigKeys (ConfUtils.java:logGet(44)) - raft.server.snapshot.retention.file.num = 5 (custom)
2020-07-19 12:59:10,358 [pool-235-thread-1] INFO  server.RaftServerConfigKeys (ConfUtils.java:logGet(44)) - raft.server.log.purge.upto.snapshot.index = false (default)
2020-07-19 12:59:10,358 [pool-235-thread-1] INFO  server.RaftServerConfigKeys (ConfUtils.java:logGet(44)) - raft.server.retrycache.expirytime = 600000ms (custom)
2020-07-19 12:59:10,359 [pool-235-thread-1] INFO  metrics.RatisMetrics (RatisMetrics.java:lambda$create$0(36)) - Creating Metrics Registry : ratis.leader_election.7448be25-6ee6-481d-867e-081d62f0ad37@group-3183008B4F90
2020-07-19 12:59:10,360 [pool-235-thread-1] INFO  metrics.RatisMetrics (RatisMetrics.java:lambda$create$0(36)) - Creating Metrics Registry : ratis.server.7448be25-6ee6-481d-867e-081d62f0ad37@group-3183008B4F90
2020-07-19 12:59:10,360 [pool-235-thread-1] INFO  impl.RaftServerImpl (RaftServerImpl.java:start(186)) - 7448be25-6ee6-481d-867e-081d62f0ad37@group-3183008B4F90: start as a follower, conf=-1: [7448be25-6ee6-481d-867e-081d62f0ad37:172.17.0.2:39635, 60b4693a-24a9-4f9a-8d7e-763e228c0b97:172.17.0.2:45129, 45b92da7-6fd5-4e69-8c49-135295713f70:172.17.0.2:46823], old=null
2020-07-19 12:59:10,361 [pool-235-thread-1] INFO  impl.RaftServerImpl (RaftServerImpl.java:setRole(175)) - 7448be25-6ee6-481d-867e-081d62f0ad37@group-3183008B4F90: changes role from      null to FOLLOWER at term 0 for startAsFollower
2020-07-19 12:59:10,361 [pool-235-thread-1] INFO  impl.RoleInfo (RoleInfo.java:updateAndGet(143)) - 7448be25-6ee6-481d-867e-081d62f0ad37: start FollowerState
2020-07-19 12:59:10,361 [pool-235-thread-1] INFO  util.JmxRegister (JmxRegister.java:tryRegister(44)) - Successfully registered JMX Bean with object name Ratis:service=RaftServer,group=group-3183008B4F90,id=7448be25-6ee6-481d-867e-081d62f0ad37
2020-07-19 12:59:10,361 [pool-235-thread-1] INFO  metrics.RatisMetrics (RatisMetrics.java:lambda$create$0(36)) - Creating Metrics Registry : ratis.state_machine.7448be25-6ee6-481d-867e-081d62f0ad37@group-3183008B4F90
2020-07-19 12:59:10,372 [grpc-default-executor-1] INFO  impl.RaftServerProxy (RaftServerProxy.java:addNew(89)) - 45b92da7-6fd5-4e69-8c49-135295713f70: addNew group-3183008B4F90:[7448be25-6ee6-481d-867e-081d62f0ad37:172.17.0.2:39635, 60b4693a-24a9-4f9a-8d7e-763e228c0b97:172.17.0.2:45129, 45b92da7-6fd5-4e69-8c49-135295713f70:172.17.0.2:46823] returns group-3183008B4F90:java.util.concurrent.CompletableFuture@2d23f80e[Not completed]
2020-07-19 12:59:10,373 [pool-220-thread-1] INFO  impl.RaftServerImpl (RaftServerImpl.java:<init>(99)) - 45b92da7-6fd5-4e69-8c49-135295713f70: new RaftServerImpl for group-3183008B4F90:[7448be25-6ee6-481d-867e-081d62f0ad37:172.17.0.2:39635, 60b4693a-24a9-4f9a-8d7e-763e228c0b97:172.17.0.2:45129, 45b92da7-6fd5-4e69-8c49-135295713f70:172.17.0.2:46823] with ContainerStateMachine:uninitialized
2020-07-19 12:59:10,373 [pool-220-thread-1] INFO  server.RaftServerConfigKeys (ConfUtils.java:logGet(44)) - raft.server.rpc.timeout.min = 5s (custom)
2020-07-19 12:59:10,373 [pool-220-thread-1] INFO  server.RaftServerConfigKeys (ConfUtils.java:logGet(44)) - raft.server.rpc.timeout.max = 5200ms (custom)
2020-07-19 12:59:10,374 [pool-220-thread-1] INFO  server.RaftServerConfigKeys (ConfUtils.java:logGet(44)) - raft.server.rpcslowness.timeout = 300000ms (custom)
2020-07-19 12:59:10,374 [pool-220-thread-1] INFO  server.RaftServerConfigKeys (ConfUtils.java:logGet(44)) - raft.server.sleep.deviation.threshold = 300 (default)
2020-07-19 12:59:10,374 [pool-220-thread-1] INFO  server.RaftServerConfigKeys (ConfUtils.java:logGet(44)) - raft.server.log.appender.install.snapshot.enabled = false (custom)
2020-07-19 12:59:10,374 [pool-220-thread-1] INFO  impl.RaftServerImpl (ServerState.java:<init>(103)) - 45b92da7-6fd5-4e69-8c49-135295713f70@group-3183008B4F90: ConfigurationManager, init=-1: [7448be25-6ee6-481d-867e-081d62f0ad37:172.17.0.2:39635, 60b4693a-24a9-4f9a-8d7e-763e228c0b97:172.17.0.2:45129, 45b92da7-6fd5-4e69-8c49-135295713f70:172.17.0.2:46823], old=null, confs=<EMPTY_MAP>
2020-07-19 12:59:10,374 [pool-220-thread-1] INFO  server.RaftServerConfigKeys (ConfUtils.java:logGet(44)) - raft.server.storage.dir = [/github/workspace/mnt/ozone/hadoop-ozone/integration-test/target/test-dir/MiniOzoneClusterImpl-8824b896-4141-4ae0-8a85-a38dd1836ba7/datanode-4/data/ratis] (custom)
2020-07-19 12:59:10,374 [pool-220-thread-1] INFO  server.RaftServerConfigKeys (ConfUtils.java:logGet(44)) - raft.server.log.corruption.policy = EXCEPTION (default)
2020-07-19 12:59:10,374 [pool-220-thread-1] INFO  storage.RaftStorageDirectory (RaftStorageDirectory.java:analyzeStorage(261)) - The storage directory /github/workspace/mnt/ozone/hadoop-ozone/integration-test/target/test-dir/MiniOzoneClusterImpl-8824b896-4141-4ae0-8a85-a38dd1836ba7/datanode-4/data/ratis/20295e19-fc6c-450f-aa9f-3183008b4f90 does not exist. Creating ...
2020-07-19 12:59:10,375 [pool-220-thread-1] INFO  storage.RaftStorageDirectory (RaftStorageDirectory.java:tryLock(343)) - Lock on /github/workspace/mnt/ozone/hadoop-ozone/integration-test/target/test-dir/MiniOzoneClusterImpl-8824b896-4141-4ae0-8a85-a38dd1836ba7/datanode-4/data/ratis/20295e19-fc6c-450f-aa9f-3183008b4f90/in_use.lock acquired by nodename 5176@fe49c764e40f
2020-07-19 12:59:10,376 [pool-220-thread-1] INFO  storage.RaftStorage (RaftStorage.java:format(84)) - Storage directory /github/workspace/mnt/ozone/hadoop-ozone/integration-test/target/test-dir/MiniOzoneClusterImpl-8824b896-4141-4ae0-8a85-a38dd1836ba7/datanode-4/data/ratis/20295e19-fc6c-450f-aa9f-3183008b4f90 has been successfully formatted.
2020-07-19 12:59:10,378 [pool-220-thread-1] INFO  ratis.ContainerStateMachine (ContainerStateMachine.java:loadSnapshot(225)) - group-3183008B4F90: The snapshot info is null. Setting the last applied indexto:(t:0, i:~)
2020-07-19 12:59:10,378 [pool-220-thread-1] INFO  server.RaftServerConfigKeys (ConfUtils.java:logGet(44)) - raft.server.notification.no-leader.timeout = 300000ms (custom)
2020-07-19 12:59:10,379 [pool-220-thread-1] INFO  server.RaftServerConfigKeys (ConfUtils.java:logGet(44)) - raft.server.log.use.memory = false (default)
2020-07-19 12:59:10,379 [pool-220-thread-1] INFO  server.RaftServerConfigKeys (ConfUtils.java:logGet(44)) - raft.server.log.purge.gap = 1000000 (custom)
2020-07-19 12:59:10,379 [pool-220-thread-1] INFO  server.RaftServerConfigKeys (ConfUtils.java:logGet(44)) - raft.server.log.appender.buffer.byte-limit = 33554432 (custom)
2020-07-19 12:59:10,380 [pool-220-thread-1] INFO  server.RaftServerConfigKeys (ConfUtils.java:logGet(44)) - raft.server.log.segment.size.max = 1048576 (custom)
2020-07-19 12:59:10,380 [pool-220-thread-1] INFO  metrics.RatisMetrics (RatisMetrics.java:lambda$create$0(36)) - Creating Metrics Registry : ratis.log_worker.45b92da7-6fd5-4e69-8c49-135295713f70@group-3183008B4F90
2020-07-19 12:59:10,380 [pool-220-thread-1] INFO  server.RaftServerConfigKeys (ConfUtils.java:logGet(44)) - raft.server.log.segment.cache.num.max = 2 (custom)
2020-07-19 12:59:10,380 [pool-220-thread-1] INFO  segmented.SegmentedRaftLogWorker (SegmentedRaftLogWorker.java:<init>(180)) - new 45b92da7-6fd5-4e69-8c49-135295713f70@group-3183008B4F90-SegmentedRaftLogWorker for RaftStorage:Storage Directory /github/workspace/mnt/ozone/hadoop-ozone/integration-test/target/test-dir/MiniOzoneClusterImpl-8824b896-4141-4ae0-8a85-a38dd1836ba7/datanode-4/data/ratis/20295e19-fc6c-450f-aa9f-3183008b4f90
2020-07-19 12:59:10,380 [pool-220-thread-1] INFO  server.RaftServerConfigKeys (ConfUtils.java:logGet(44)) - raft.server.log.queue.byte-limit = 2147483647 (custom)
2020-07-19 12:59:10,380 [pool-220-thread-1] INFO  server.RaftServerConfigKeys (ConfUtils.java:logGet(44)) - raft.server.log.queue.element-limit = 1024 (custom)
2020-07-19 12:59:10,380 [pool-220-thread-1] INFO  server.RaftServerConfigKeys (ConfUtils.java:logGet(44)) - raft.server.log.segment.size.max = 1048576 (custom)
2020-07-19 12:59:10,381 [pool-220-thread-1] INFO  server.RaftServerConfigKeys (ConfUtils.java:logGet(44)) - raft.server.log.preallocated.size = 16384 (custom)
2020-07-19 12:59:10,381 [pool-220-thread-1] INFO  server.RaftServerConfigKeys (ConfUtils.java:logGet(44)) - raft.server.log.write.buffer.size = 1048576 (custom)
2020-07-19 12:59:10,381 [pool-220-thread-1] INFO  server.RaftServerConfigKeys (ConfUtils.java:logGet(44)) - raft.server.log.force.sync.num = 128 (default)
2020-07-19 12:59:10,381 [pool-220-thread-1] INFO  server.RaftServerConfigKeys (ConfUtils.java:logGet(44)) - raft.server.log.statemachine.data.sync = true (default)
2020-07-19 12:59:10,381 [pool-220-thread-1] INFO  server.RaftServerConfigKeys (ConfUtils.java:logGet(44)) - raft.server.log.statemachine.data.sync.timeout = 10s (default)
2020-07-19 12:59:10,381 [pool-220-thread-1] INFO  server.RaftServerConfigKeys (ConfUtils.java:logGet(44)) - raft.server.log.statemachine.data.sync.timeout.retry = -1 (default)
2020-07-19 12:59:10,383 [pool-220-thread-1] INFO  server.RaftServerConfigKeys (ConfUtils.java:logGet(44)) - raft.server.log.statemachine.data.caching.enabled = true (custom)
2020-07-19 12:59:10,384 [pool-220-thread-1] INFO  segmented.SegmentedRaftLogWorker (SegmentedRaftLogWorker.java:lambda$new$0(129)) - 45b92da7-6fd5-4e69-8c49-135295713f70@group-3183008B4F90-SegmentedRaftLogWorker: flushIndex: setUnconditionally 0 -> -1
2020-07-19 12:59:10,384 [pool-220-thread-1] INFO  segmented.SegmentedRaftLogWorker (SegmentedRaftLogWorker.java:lambda$new$0(129)) - 45b92da7-6fd5-4e69-8c49-135295713f70@group-3183008B4F90-SegmentedRaftLogWorker: safeCacheEvictIndex: setUnconditionally 0 -> -1
2020-07-19 12:59:10,384 [pool-220-thread-1] INFO  server.RaftServerConfigKeys (ConfUtils.java:logGet(44)) - raft.server.snapshot.auto.trigger.enabled = true (custom)
2020-07-19 12:59:10,384 [pool-220-thread-1] INFO  server.RaftServerConfigKeys (ConfUtils.java:logGet(44)) - raft.server.snapshot.auto.trigger.threshold = 10000 (custom)
2020-07-19 12:59:10,384 [pool-220-thread-1] INFO  server.RaftServerConfigKeys (ConfUtils.java:logGet(44)) - raft.server.snapshot.retention.file.num = 5 (custom)
2020-07-19 12:59:10,384 [pool-220-thread-1] INFO  server.RaftServerConfigKeys (ConfUtils.java:logGet(44)) - raft.server.log.purge.upto.snapshot.index = false (default)
2020-07-19 12:59:10,384 [pool-220-thread-1] INFO  server.RaftServerConfigKeys (ConfUtils.java:logGet(44)) - raft.server.retrycache.expirytime = 600000ms (custom)
2020-07-19 12:59:10,384 [pool-220-thread-1] INFO  metrics.RatisMetrics (RatisMetrics.java:lambda$create$0(36)) - Creating Metrics Registry : ratis.leader_election.45b92da7-6fd5-4e69-8c49-135295713f70@group-3183008B4F90
2020-07-19 12:59:10,385 [pool-220-thread-1] INFO  metrics.RatisMetrics (RatisMetrics.java:lambda$create$0(36)) - Creating Metrics Registry : ratis.server.45b92da7-6fd5-4e69-8c49-135295713f70@group-3183008B4F90
2020-07-19 12:59:10,386 [pool-220-thread-1] INFO  impl.RaftServerImpl (RaftServerImpl.java:start(186)) - 45b92da7-6fd5-4e69-8c49-135295713f70@group-3183008B4F90: start as a follower, conf=-1: [7448be25-6ee6-481d-867e-081d62f0ad37:172.17.0.2:39635, 60b4693a-24a9-4f9a-8d7e-763e228c0b97:172.17.0.2:45129, 45b92da7-6fd5-4e69-8c49-135295713f70:172.17.0.2:46823], old=null
2020-07-19 12:59:10,386 [pool-220-thread-1] INFO  impl.RaftServerImpl (RaftServerImpl.java:setRole(175)) - 45b92da7-6fd5-4e69-8c49-135295713f70@group-3183008B4F90: changes role from      null to FOLLOWER at term 0 for startAsFollower
2020-07-19 12:59:10,386 [pool-220-thread-1] INFO  impl.RoleInfo (RoleInfo.java:updateAndGet(143)) - 45b92da7-6fd5-4e69-8c49-135295713f70: start FollowerState
2020-07-19 12:59:10,391 [pool-220-thread-1] INFO  util.JmxRegister (JmxRegister.java:tryRegister(44)) - Successfully registered JMX Bean with object name Ratis:service=RaftServer,group=group-3183008B4F90,id=45b92da7-6fd5-4e69-8c49-135295713f70
2020-07-19 12:59:10,391 [pool-220-thread-1] INFO  metrics.RatisMetrics (RatisMetrics.java:lambda$create$0(36)) - Creating Metrics Registry : ratis.state_machine.45b92da7-6fd5-4e69-8c49-135295713f70@group-3183008B4F90
2020-07-19 12:59:10,406 [Command processor thread] INFO  commandhandler.CreatePipelineCommandHandler (CreatePipelineCommandHandler.java:handle(109)) - Created Pipeline RATIS THREE #id: "20295e19-fc6c-450f-aa9f-3183008b4f90"
uuid128 {
  mostSigBits: 2317486948960978191
  leastSigBits: -6152144127245201520
}
.
2020-07-19 12:59:10,422 [Command processor thread] INFO  impl.RaftServerProxy (RaftServerProxy.java:addNew(89)) - 45b92da7-6fd5-4e69-8c49-135295713f70: addNew group-A40045290981:[45b92da7-6fd5-4e69-8c49-135295713f70:172.17.0.2:46823] returns group-A40045290981:java.util.concurrent.CompletableFuture@53a61591[Not completed]
2020-07-19 12:59:10,423 [pool-220-thread-1] INFO  impl.RaftServerImpl (RaftServerImpl.java:<init>(99)) - 45b92da7-6fd5-4e69-8c49-135295713f70: new RaftServerImpl for group-A40045290981:[45b92da7-6fd5-4e69-8c49-135295713f70:172.17.0.2:46823] with ContainerStateMachine:uninitialized
2020-07-19 12:59:10,423 [pool-220-thread-1] INFO  server.RaftServerConfigKeys (ConfUtils.java:logGet(44)) - raft.server.rpc.timeout.min = 5s (custom)
2020-07-19 12:59:10,423 [pool-220-thread-1] INFO  server.RaftServerConfigKeys (ConfUtils.java:logGet(44)) - raft.server.rpc.timeout.max = 5200ms (custom)
2020-07-19 12:59:10,423 [pool-220-thread-1] INFO  server.RaftServerConfigKeys (ConfUtils.java:logGet(44)) - raft.server.rpcslowness.timeout = 300000ms (custom)
2020-07-19 12:59:10,423 [pool-220-thread-1] INFO  server.RaftServerConfigKeys (ConfUtils.java:logGet(44)) - raft.server.sleep.deviation.threshold = 300 (default)
2020-07-19 12:59:10,423 [pool-220-thread-1] INFO  server.RaftServerConfigKeys (ConfUtils.java:logGet(44)) - raft.server.log.appender.install.snapshot.enabled = false (custom)
2020-07-19 12:59:10,423 [pool-220-thread-1] INFO  impl.RaftServerImpl (ServerState.java:<init>(103)) - 45b92da7-6fd5-4e69-8c49-135295713f70@group-A40045290981: ConfigurationManager, init=-1: [45b92da7-6fd5-4e69-8c49-135295713f70:172.17.0.2:46823], old=null, confs=<EMPTY_MAP>
2020-07-19 12:59:10,424 [pool-220-thread-1] INFO  server.RaftServerConfigKeys (ConfUtils.java:logGet(44)) - raft.server.storage.dir = [/github/workspace/mnt/ozone/hadoop-ozone/integration-test/target/test-dir/MiniOzoneClusterImpl-8824b896-4141-4ae0-8a85-a38dd1836ba7/datanode-4/data/ratis] (custom)
2020-07-19 12:59:10,424 [pool-220-thread-1] INFO  server.RaftServerConfigKeys (ConfUtils.java:logGet(44)) - raft.server.log.corruption.policy = EXCEPTION (default)
2020-07-19 12:59:10,424 [pool-220-thread-1] INFO  storage.RaftStorageDirectory (RaftStorageDirectory.java:analyzeStorage(261)) - The storage directory /github/workspace/mnt/ozone/hadoop-ozone/integration-test/target/test-dir/MiniOzoneClusterImpl-8824b896-4141-4ae0-8a85-a38dd1836ba7/datanode-4/data/ratis/4c75bb63-2c9a-457c-b5fe-a40045290981 does not exist. Creating ...
2020-07-19 12:59:10,425 [pool-220-thread-1] INFO  storage.RaftStorageDirectory (RaftStorageDirectory.java:tryLock(343)) - Lock on /github/workspace/mnt/ozone/hadoop-ozone/integration-test/target/test-dir/MiniOzoneClusterImpl-8824b896-4141-4ae0-8a85-a38dd1836ba7/datanode-4/data/ratis/4c75bb63-2c9a-457c-b5fe-a40045290981/in_use.lock acquired by nodename 5176@fe49c764e40f
2020-07-19 12:59:10,426 [pool-220-thread-1] INFO  storage.RaftStorage (RaftStorage.java:format(84)) - Storage directory /github/workspace/mnt/ozone/hadoop-ozone/integration-test/target/test-dir/MiniOzoneClusterImpl-8824b896-4141-4ae0-8a85-a38dd1836ba7/datanode-4/data/ratis/4c75bb63-2c9a-457c-b5fe-a40045290981 has been successfully formatted.
2020-07-19 12:59:10,426 [pool-220-thread-1] INFO  ratis.ContainerStateMachine (ContainerStateMachine.java:loadSnapshot(225)) - group-A40045290981: The snapshot info is null. Setting the last applied indexto:(t:0, i:~)
2020-07-19 12:59:10,426 [pool-220-thread-1] INFO  server.RaftServerConfigKeys (ConfUtils.java:logGet(44)) - raft.server.notification.no-leader.timeout = 300000ms (custom)
2020-07-19 12:59:10,427 [pool-220-thread-1] INFO  server.RaftServerConfigKeys (ConfUtils.java:logGet(44)) - raft.server.log.use.memory = false (default)
2020-07-19 12:59:10,427 [pool-220-thread-1] INFO  server.RaftServerConfigKeys (ConfUtils.java:logGet(44)) - raft.server.log.purge.gap = 1000000 (custom)
2020-07-19 12:59:10,427 [EventQueue-PipelineReportForPipelineReportHandler] INFO  pipeline.PipelineStateManager (PipelineStateManager.java:openPipeline(131)) - Pipeline Pipeline[ Id: 4c75bb63-2c9a-457c-b5fe-a40045290981, Nodes: 45b92da7-6fd5-4e69-8c49-135295713f70{ip: 172.17.0.2, host: fe49c764e40f, networkLocation: /default-rack, certSerialId: null}, Type:RATIS, Factor:ONE, State:ALLOCATED, leaderId:45b92da7-6fd5-4e69-8c49-135295713f70, CreationTimestamp2020-07-19T12:59:07.423Z] moved to OPEN state
2020-07-19 12:59:10,428 [EventQueue-OpenPipelineForOneReplicaPipelineSafeModeRule] INFO  safemode.SCMSafeModeManager (SCMSafeModeManager.java:validateSafeModeExitRules(214)) - AtleastOneDatanodeReportedRule rule is successfully validated
2020-07-19 12:59:10,428 [EventQueue-OpenPipelineForHealthyPipelineSafeModeRule] INFO  safemode.SCMSafeModeManager (HealthyPipelineSafeModeRule.java:process(129)) - SCM in safe mode. Healthy pipelines reported count is 0, required healthy pipeline reported count is 1
2020-07-19 12:59:10,428 [pool-220-thread-1] INFO  server.RaftServerConfigKeys (ConfUtils.java:logGet(44)) - raft.server.log.appender.buffer.byte-limit = 33554432 (custom)
2020-07-19 12:59:10,428 [pool-220-thread-1] INFO  server.RaftServerConfigKeys (ConfUtils.java:logGet(44)) - raft.server.log.segment.size.max = 1048576 (custom)
2020-07-19 12:59:10,428 [pool-220-thread-1] INFO  metrics.RatisMetrics (RatisMetrics.java:lambda$create$0(36)) - Creating Metrics Registry : ratis.log_worker.45b92da7-6fd5-4e69-8c49-135295713f70@group-A40045290981
2020-07-19 12:59:10,428 [pool-220-thread-1] INFO  server.RaftServerConfigKeys (ConfUtils.java:logGet(44)) - raft.server.log.segment.cache.num.max = 2 (custom)
2020-07-19 12:59:10,428 [pool-220-thread-1] INFO  segmented.SegmentedRaftLogWorker (SegmentedRaftLogWorker.java:<init>(180)) - new 45b92da7-6fd5-4e69-8c49-135295713f70@group-A40045290981-SegmentedRaftLogWorker for RaftStorage:Storage Directory /github/workspace/mnt/ozone/hadoop-ozone/integration-test/target/test-dir/MiniOzoneClusterImpl-8824b896-4141-4ae0-8a85-a38dd1836ba7/datanode-4/data/ratis/4c75bb63-2c9a-457c-b5fe-a40045290981
2020-07-19 12:59:10,428 [pool-220-thread-1] INFO  server.RaftServerConfigKeys (ConfUtils.java:logGet(44)) - raft.server.log.queue.byte-limit = 2147483647 (custom)
2020-07-19 12:59:10,428 [pool-220-thread-1] INFO  server.RaftServerConfigKeys (ConfUtils.java:logGet(44)) - raft.server.log.queue.element-limit = 1024 (custom)
2020-07-19 12:59:10,429 [pool-220-thread-1] INFO  server.RaftServerConfigKeys (ConfUtils.java:logGet(44)) - raft.server.log.segment.size.max = 1048576 (custom)
2020-07-19 12:59:10,429 [pool-220-thread-1] INFO  server.RaftServerConfigKeys (ConfUtils.java:logGet(44)) - raft.server.log.preallocated.size = 16384 (custom)
2020-07-19 12:59:10,429 [pool-220-thread-1] INFO  server.RaftServerConfigKeys (ConfUtils.java:logGet(44)) - raft.server.log.write.buffer.size = 1048576 (custom)
2020-07-19 12:59:10,429 [pool-220-thread-1] INFO  server.RaftServerConfigKeys (ConfUtils.java:logGet(44)) - raft.server.log.force.sync.num = 128 (default)
2020-07-19 12:59:10,429 [pool-220-thread-1] INFO  server.RaftServerConfigKeys (ConfUtils.java:logGet(44)) - raft.server.log.statemachine.data.sync = true (default)
2020-07-19 12:59:10,429 [pool-220-thread-1] INFO  server.RaftServerConfigKeys (ConfUtils.java:logGet(44)) - raft.server.log.statemachine.data.sync.timeout = 10s (default)
2020-07-19 12:59:10,429 [pool-220-thread-1] INFO  server.RaftServerConfigKeys (ConfUtils.java:logGet(44)) - raft.server.log.statemachine.data.sync.timeout.retry = -1 (default)
2020-07-19 12:59:10,431 [pool-220-thread-1] INFO  server.RaftServerConfigKeys (ConfUtils.java:logGet(44)) - raft.server.log.statemachine.data.caching.enabled = true (custom)
2020-07-19 12:59:10,431 [pool-220-thread-1] INFO  segmented.SegmentedRaftLogWorker (SegmentedRaftLogWorker.java:lambda$new$0(129)) - 45b92da7-6fd5-4e69-8c49-135295713f70@group-A40045290981-SegmentedRaftLogWorker: flushIndex: setUnconditionally 0 -> -1
2020-07-19 12:59:10,431 [pool-220-thread-1] INFO  segmented.SegmentedRaftLogWorker (SegmentedRaftLogWorker.java:lambda$new$0(129)) - 45b92da7-6fd5-4e69-8c49-135295713f70@group-A40045290981-SegmentedRaftLogWorker: safeCacheEvictIndex: setUnconditionally 0 -> -1
2020-07-19 12:59:10,434 [pool-220-thread-1] INFO  server.RaftServerConfigKeys (ConfUtils.java:logGet(44)) - raft.server.snapshot.auto.trigger.enabled = true (custom)
2020-07-19 12:59:10,434 [pool-220-thread-1] INFO  server.RaftServerConfigKeys (ConfUtils.java:logGet(44)) - raft.server.snapshot.auto.trigger.threshold = 10000 (custom)
2020-07-19 12:59:10,434 [pool-220-thread-1] INFO  server.RaftServerConfigKeys (ConfUtils.java:logGet(44)) - raft.server.snapshot.retention.file.num = 5 (custom)
2020-07-19 12:59:10,434 [pool-220-thread-1] INFO  server.RaftServerConfigKeys (ConfUtils.java:logGet(44)) - raft.server.log.purge.upto.snapshot.index = false (default)
2020-07-19 12:59:10,434 [pool-220-thread-1] INFO  server.RaftServerConfigKeys (ConfUtils.java:logGet(44)) - raft.server.retrycache.expirytime = 600000ms (custom)
2020-07-19 12:59:10,434 [pool-220-thread-1] INFO  metrics.RatisMetrics (RatisMetrics.java:lambda$create$0(36)) - Creating Metrics Registry : ratis.leader_election.45b92da7-6fd5-4e69-8c49-135295713f70@group-A40045290981
2020-07-19 12:59:10,435 [pool-220-thread-1] INFO  metrics.RatisMetrics (RatisMetrics.java:lambda$create$0(36)) - Creating Metrics Registry : ratis.server.45b92da7-6fd5-4e69-8c49-135295713f70@group-A40045290981
2020-07-19 12:59:10,436 [pool-220-thread-1] INFO  impl.RaftServerImpl (RaftServerImpl.java:start(186)) - 45b92da7-6fd5-4e69-8c49-135295713f70@group-A40045290981: start as a follower, conf=-1: [45b92da7-6fd5-4e69-8c49-135295713f70:172.17.0.2:46823], old=null
2020-07-19 12:59:10,436 [pool-220-thread-1] INFO  impl.RaftServerImpl (RaftServerImpl.java:setRole(175)) - 45b92da7-6fd5-4e69-8c49-135295713f70@group-A40045290981: changes role from      null to FOLLOWER at term 0 for startAsFollower
2020-07-19 12:59:10,436 [pool-220-thread-1] INFO  impl.RoleInfo (RoleInfo.java:updateAndGet(143)) - 45b92da7-6fd5-4e69-8c49-135295713f70: start FollowerState
2020-07-19 12:59:10,437 [pool-220-thread-1] INFO  util.JmxRegister (JmxRegister.java:tryRegister(44)) - Successfully registered JMX Bean with object name Ratis:service=RaftServer,group=group-A40045290981,id=45b92da7-6fd5-4e69-8c49-135295713f70
2020-07-19 12:59:10,437 [pool-220-thread-1] INFO  metrics.RatisMetrics (RatisMetrics.java:lambda$create$0(36)) - Creating Metrics Registry : ratis.state_machine.45b92da7-6fd5-4e69-8c49-135295713f70@group-A40045290981
2020-07-19 12:59:10,438 [Command processor thread] INFO  commandhandler.CreatePipelineCommandHandler (CreatePipelineCommandHandler.java:handle(109)) - Created Pipeline RATIS ONE #id: "4c75bb63-2c9a-457c-b5fe-a40045290981"
uuid128 {
  mostSigBits: 5509515753782134140
  leastSigBits: -5332644587692815999
}
.
2020-07-19 12:59:10,568 [Command processor thread] INFO  impl.RaftServerProxy (RaftServerProxy.java:addNew(89)) - 7448be25-6ee6-481d-867e-081d62f0ad37: addNew group-97E268FDA089:[7448be25-6ee6-481d-867e-081d62f0ad37:172.17.0.2:39635] returns group-97E268FDA089:java.util.concurrent.CompletableFuture@6e136785[Not completed]
2020-07-19 12:59:10,570 [pool-235-thread-1] INFO  impl.RaftServerImpl (RaftServerImpl.java:<init>(99)) - 7448be25-6ee6-481d-867e-081d62f0ad37: new RaftServerImpl for group-97E268FDA089:[7448be25-6ee6-481d-867e-081d62f0ad37:172.17.0.2:39635] with ContainerStateMachine:uninitialized
2020-07-19 12:59:10,570 [pool-235-thread-1] INFO  server.RaftServerConfigKeys (ConfUtils.java:logGet(44)) - raft.server.rpc.timeout.min = 5s (custom)
2020-07-19 12:59:10,570 [pool-235-thread-1] INFO  server.RaftServerConfigKeys (ConfUtils.java:logGet(44)) - raft.server.rpc.timeout.max = 5200ms (custom)
2020-07-19 12:59:10,570 [pool-235-thread-1] INFO  server.RaftServerConfigKeys (ConfUtils.java:logGet(44)) - raft.server.rpcslowness.timeout = 300000ms (custom)
2020-07-19 12:59:10,570 [pool-235-thread-1] INFO  server.RaftServerConfigKeys (ConfUtils.java:logGet(44)) - raft.server.sleep.deviation.threshold = 300 (default)
2020-07-19 12:59:10,570 [pool-235-thread-1] INFO  server.RaftServerConfigKeys (ConfUtils.java:logGet(44)) - raft.server.log.appender.install.snapshot.enabled = false (custom)
2020-07-19 12:59:10,570 [pool-235-thread-1] INFO  impl.RaftServerImpl (ServerState.java:<init>(103)) - 7448be25-6ee6-481d-867e-081d62f0ad37@group-97E268FDA089: ConfigurationManager, init=-1: [7448be25-6ee6-481d-867e-081d62f0ad37:172.17.0.2:39635], old=null, confs=<EMPTY_MAP>
2020-07-19 12:59:10,570 [pool-235-thread-1] INFO  server.RaftServerConfigKeys (ConfUtils.java:logGet(44)) - raft.server.storage.dir = [/github/workspace/mnt/ozone/hadoop-ozone/integration-test/target/test-dir/MiniOzoneClusterImpl-8824b896-4141-4ae0-8a85-a38dd1836ba7/datanode-5/data/ratis] (custom)
2020-07-19 12:59:10,571 [pool-235-thread-1] INFO  server.RaftServerConfigKeys (ConfUtils.java:logGet(44)) - raft.server.log.corruption.policy = EXCEPTION (default)
2020-07-19 12:59:10,571 [pool-235-thread-1] INFO  storage.RaftStorageDirectory (RaftStorageDirectory.java:analyzeStorage(261)) - The storage directory /github/workspace/mnt/ozone/hadoop-ozone/integration-test/target/test-dir/MiniOzoneClusterImpl-8824b896-4141-4ae0-8a85-a38dd1836ba7/datanode-5/data/ratis/4b63a041-6533-4abc-831e-97e268fda089 does not exist. Creating ...
2020-07-19 12:59:10,572 [pool-235-thread-1] INFO  storage.RaftStorageDirectory (RaftStorageDirectory.java:tryLock(343)) - Lock on /github/workspace/mnt/ozone/hadoop-ozone/integration-test/target/test-dir/MiniOzoneClusterImpl-8824b896-4141-4ae0-8a85-a38dd1836ba7/datanode-5/data/ratis/4b63a041-6533-4abc-831e-97e268fda089/in_use.lock acquired by nodename 5176@fe49c764e40f
2020-07-19 12:59:10,573 [pool-235-thread-1] INFO  storage.RaftStorage (RaftStorage.java:format(84)) - Storage directory /github/workspace/mnt/ozone/hadoop-ozone/integration-test/target/test-dir/MiniOzoneClusterImpl-8824b896-4141-4ae0-8a85-a38dd1836ba7/datanode-5/data/ratis/4b63a041-6533-4abc-831e-97e268fda089 has been successfully formatted.
2020-07-19 12:59:10,573 [pool-235-thread-1] INFO  ratis.ContainerStateMachine (ContainerStateMachine.java:loadSnapshot(225)) - group-97E268FDA089: The snapshot info is null. Setting the last applied indexto:(t:0, i:~)
2020-07-19 12:59:10,574 [pool-235-thread-1] INFO  server.RaftServerConfigKeys (ConfUtils.java:logGet(44)) - raft.server.notification.no-leader.timeout = 300000ms (custom)
2020-07-19 12:59:10,574 [pool-235-thread-1] INFO  server.RaftServerConfigKeys (ConfUtils.java:logGet(44)) - raft.server.log.use.memory = false (default)
2020-07-19 12:59:10,574 [pool-235-thread-1] INFO  server.RaftServerConfigKeys (ConfUtils.java:logGet(44)) - raft.server.log.purge.gap = 1000000 (custom)
2020-07-19 12:59:10,574 [EventQueue-PipelineReportForPipelineReportHandler] INFO  pipeline.PipelineStateManager (PipelineStateManager.java:openPipeline(131)) - Pipeline Pipeline[ Id: 4b63a041-6533-4abc-831e-97e268fda089, Nodes: 7448be25-6ee6-481d-867e-081d62f0ad37{ip: 172.17.0.2, host: fe49c764e40f, networkLocation: /default-rack, certSerialId: null}, Type:RATIS, Factor:ONE, State:ALLOCATED, leaderId:7448be25-6ee6-481d-867e-081d62f0ad37, CreationTimestamp2020-07-19T12:59:07.573Z] moved to OPEN state
2020-07-19 12:59:10,575 [EventQueue-OpenPipelineForOneReplicaPipelineSafeModeRule] INFO  safemode.SCMSafeModeManager (SCMSafeModeManager.java:validateSafeModeExitRules(214)) - AtleastOneDatanodeReportedRule rule is successfully validated
2020-07-19 12:59:10,575 [EventQueue-OpenPipelineForHealthyPipelineSafeModeRule] INFO  safemode.SCMSafeModeManager (HealthyPipelineSafeModeRule.java:process(129)) - SCM in safe mode. Healthy pipelines reported count is 0, required healthy pipeline reported count is 1
2020-07-19 12:59:10,575 [pool-235-thread-1] INFO  server.RaftServerConfigKeys (ConfUtils.java:logGet(44)) - raft.server.log.appender.buffer.byte-limit = 33554432 (custom)
2020-07-19 12:59:10,575 [pool-235-thread-1] INFO  server.RaftServerConfigKeys (ConfUtils.java:logGet(44)) - raft.server.log.segment.size.max = 1048576 (custom)
2020-07-19 12:59:10,576 [pool-235-thread-1] INFO  metrics.RatisMetrics (RatisMetrics.java:lambda$create$0(36)) - Creating Metrics Registry : ratis.log_worker.7448be25-6ee6-481d-867e-081d62f0ad37@group-97E268FDA089
2020-07-19 12:59:10,576 [pool-235-thread-1] INFO  server.RaftServerConfigKeys (ConfUtils.java:logGet(44)) - raft.server.log.segment.cache.num.max = 2 (custom)
2020-07-19 12:59:10,576 [pool-235-thread-1] INFO  segmented.SegmentedRaftLogWorker (SegmentedRaftLogWorker.java:<init>(180)) - new 7448be25-6ee6-481d-867e-081d62f0ad37@group-97E268FDA089-SegmentedRaftLogWorker for RaftStorage:Storage Directory /github/workspace/mnt/ozone/hadoop-ozone/integration-test/target/test-dir/MiniOzoneClusterImpl-8824b896-4141-4ae0-8a85-a38dd1836ba7/datanode-5/data/ratis/4b63a041-6533-4abc-831e-97e268fda089
2020-07-19 12:59:10,576 [pool-235-thread-1] INFO  server.RaftServerConfigKeys (ConfUtils.java:logGet(44)) - raft.server.log.queue.byte-limit = 2147483647 (custom)
2020-07-19 12:59:10,576 [pool-235-thread-1] INFO  server.RaftServerConfigKeys (ConfUtils.java:logGet(44)) - raft.server.log.queue.element-limit = 1024 (custom)
2020-07-19 12:59:10,576 [pool-235-thread-1] INFO  server.RaftServerConfigKeys (ConfUtils.java:logGet(44)) - raft.server.log.segment.size.max = 1048576 (custom)
2020-07-19 12:59:10,576 [pool-235-thread-1] INFO  server.RaftServerConfigKeys (ConfUtils.java:logGet(44)) - raft.server.log.preallocated.size = 16384 (custom)
2020-07-19 12:59:10,576 [pool-235-thread-1] INFO  server.RaftServerConfigKeys (ConfUtils.java:logGet(44)) - raft.server.log.write.buffer.size = 1048576 (custom)
2020-07-19 12:59:10,576 [pool-235-thread-1] INFO  server.RaftServerConfigKeys (ConfUtils.java:logGet(44)) - raft.server.log.force.sync.num = 128 (default)
2020-07-19 12:59:10,576 [pool-235-thread-1] INFO  server.RaftServerConfigKeys (ConfUtils.java:logGet(44)) - raft.server.log.statemachine.data.sync = true (default)
2020-07-19 12:59:10,577 [pool-235-thread-1] INFO  server.RaftServerConfigKeys (ConfUtils.java:logGet(44)) - raft.server.log.statemachine.data.sync.timeout = 10s (default)
2020-07-19 12:59:10,577 [pool-235-thread-1] INFO  server.RaftServerConfigKeys (ConfUtils.java:logGet(44)) - raft.server.log.statemachine.data.sync.timeout.retry = -1 (default)
2020-07-19 12:59:10,578 [pool-235-thread-1] INFO  server.RaftServerConfigKeys (ConfUtils.java:logGet(44)) - raft.server.log.statemachine.data.caching.enabled = true (custom)
2020-07-19 12:59:10,579 [pool-235-thread-1] INFO  segmented.SegmentedRaftLogWorker (SegmentedRaftLogWorker.java:lambda$new$0(129)) - 7448be25-6ee6-481d-867e-081d62f0ad37@group-97E268FDA089-SegmentedRaftLogWorker: flushIndex: setUnconditionally 0 -> -1
2020-07-19 12:59:10,579 [pool-235-thread-1] INFO  segmented.SegmentedRaftLogWorker (SegmentedRaftLogWorker.java:lambda$new$0(129)) - 7448be25-6ee6-481d-867e-081d62f0ad37@group-97E268FDA089-SegmentedRaftLogWorker: safeCacheEvictIndex: setUnconditionally 0 -> -1
2020-07-19 12:59:10,579 [pool-235-thread-1] INFO  server.RaftServerConfigKeys (ConfUtils.java:logGet(44)) - raft.server.snapshot.auto.trigger.enabled = true (custom)
2020-07-19 12:59:10,579 [pool-235-thread-1] INFO  server.RaftServerConfigKeys (ConfUtils.java:logGet(44)) - raft.server.snapshot.auto.trigger.threshold = 10000 (custom)
2020-07-19 12:59:10,579 [pool-235-thread-1] INFO  server.RaftServerConfigKeys (ConfUtils.java:logGet(44)) - raft.server.snapshot.retention.file.num = 5 (custom)
2020-07-19 12:59:10,579 [pool-235-thread-1] INFO  server.RaftServerConfigKeys (ConfUtils.java:logGet(44)) - raft.server.log.purge.upto.snapshot.index = false (default)
2020-07-19 12:59:10,579 [pool-235-thread-1] INFO  server.RaftServerConfigKeys (ConfUtils.java:logGet(44)) - raft.server.retrycache.expirytime = 600000ms (custom)
2020-07-19 12:59:10,579 [pool-235-thread-1] INFO  metrics.RatisMetrics (RatisMetrics.java:lambda$create$0(36)) - Creating Metrics Registry : ratis.leader_election.7448be25-6ee6-481d-867e-081d62f0ad37@group-97E268FDA089
2020-07-19 12:59:10,580 [pool-235-thread-1] INFO  metrics.RatisMetrics (RatisMetrics.java:lambda$create$0(36)) - Creating Metrics Registry : ratis.server.7448be25-6ee6-481d-867e-081d62f0ad37@group-97E268FDA089
2020-07-19 12:59:10,581 [pool-235-thread-1] INFO  impl.RaftServerImpl (RaftServerImpl.java:start(186)) - 7448be25-6ee6-481d-867e-081d62f0ad37@group-97E268FDA089: start as a follower, conf=-1: [7448be25-6ee6-481d-867e-081d62f0ad37:172.17.0.2:39635], old=null
2020-07-19 12:59:10,581 [pool-235-thread-1] INFO  impl.RaftServerImpl (RaftServerImpl.java:setRole(175)) - 7448be25-6ee6-481d-867e-081d62f0ad37@group-97E268FDA089: changes role from      null to FOLLOWER at term 0 for startAsFollower
2020-07-19 12:59:10,581 [pool-235-thread-1] INFO  impl.RoleInfo (RoleInfo.java:updateAndGet(143)) - 7448be25-6ee6-481d-867e-081d62f0ad37: start FollowerState
2020-07-19 12:59:10,587 [pool-235-thread-1] INFO  util.JmxRegister (JmxRegister.java:tryRegister(44)) - Successfully registered JMX Bean with object name Ratis:service=RaftServer,group=group-97E268FDA089,id=7448be25-6ee6-481d-867e-081d62f0ad37
2020-07-19 12:59:10,587 [pool-235-thread-1] INFO  metrics.RatisMetrics (RatisMetrics.java:lambda$create$0(36)) - Creating Metrics Registry : ratis.state_machine.7448be25-6ee6-481d-867e-081d62f0ad37@group-97E268FDA089
2020-07-19 12:59:10,588 [Command processor thread] INFO  commandhandler.CreatePipelineCommandHandler (CreatePipelineCommandHandler.java:handle(109)) - Created Pipeline RATIS ONE #id: "4b63a041-6533-4abc-831e-97e268fda089"
uuid128 {
  mostSigBits: 5432361778270128828
  leastSigBits: -8998588006759817079
}
.
2020-07-19 12:59:10,699 [Command processor thread] INFO  impl.RaftServerProxy (RaftServerProxy.java:addNew(89)) - 029654c1-37af-45dc-9620-2886658484eb: addNew group-DAD710DE08AB:[029654c1-37af-45dc-9620-2886658484eb:172.17.0.2:35523] returns group-DAD710DE08AB:java.util.concurrent.CompletableFuture@598dba0f[Not completed]
2020-07-19 12:59:10,700 [Listener at 127.0.0.1/43321] INFO  ozone.MiniOzoneClusterImpl (MiniOzoneClusterImpl.java:lambda$waitForClusterToBeReady$0(177)) - Nodes are ready. Got 7 of 7 DN Heartbeats.
2020-07-19 12:59:10,700 [Listener at 127.0.0.1/43321] INFO  ozone.MiniOzoneClusterImpl (MiniOzoneClusterImpl.java:lambda$waitForClusterToBeReady$0(180)) - Waiting for cluster to exit safe mode
2020-07-19 12:59:10,701 [pool-250-thread-1] INFO  impl.RaftServerImpl (RaftServerImpl.java:<init>(99)) - 029654c1-37af-45dc-9620-2886658484eb: new RaftServerImpl for group-DAD710DE08AB:[029654c1-37af-45dc-9620-2886658484eb:172.17.0.2:35523] with ContainerStateMachine:uninitialized
2020-07-19 12:59:10,702 [pool-250-thread-1] INFO  server.RaftServerConfigKeys (ConfUtils.java:logGet(44)) - raft.server.rpc.timeout.min = 5s (custom)
2020-07-19 12:59:10,702 [pool-250-thread-1] INFO  server.RaftServerConfigKeys (ConfUtils.java:logGet(44)) - raft.server.rpc.timeout.max = 5200ms (custom)
2020-07-19 12:59:10,702 [pool-250-thread-1] INFO  server.RaftServerConfigKeys (ConfUtils.java:logGet(44)) - raft.server.rpcslowness.timeout = 300000ms (custom)
2020-07-19 12:59:10,702 [pool-250-thread-1] INFO  server.RaftServerConfigKeys (ConfUtils.java:logGet(44)) - raft.server.sleep.deviation.threshold = 300 (default)
2020-07-19 12:59:10,702 [pool-250-thread-1] INFO  server.RaftServerConfigKeys (ConfUtils.java:logGet(44)) - raft.server.log.appender.install.snapshot.enabled = false (custom)
2020-07-19 12:59:10,702 [pool-250-thread-1] INFO  impl.RaftServerImpl (ServerState.java:<init>(103)) - 029654c1-37af-45dc-9620-2886658484eb@group-DAD710DE08AB: ConfigurationManager, init=-1: [029654c1-37af-45dc-9620-2886658484eb:172.17.0.2:35523], old=null, confs=<EMPTY_MAP>
2020-07-19 12:59:10,703 [pool-250-thread-1] INFO  server.RaftServerConfigKeys (ConfUtils.java:logGet(44)) - raft.server.storage.dir = [/github/workspace/mnt/ozone/hadoop-ozone/integration-test/target/test-dir/MiniOzoneClusterImpl-8824b896-4141-4ae0-8a85-a38dd1836ba7/datanode-6/data/ratis] (custom)
2020-07-19 12:59:10,703 [pool-250-thread-1] INFO  server.RaftServerConfigKeys (ConfUtils.java:logGet(44)) - raft.server.log.corruption.policy = EXCEPTION (default)
2020-07-19 12:59:10,703 [pool-250-thread-1] INFO  storage.RaftStorageDirectory (RaftStorageDirectory.java:analyzeStorage(261)) - The storage directory /github/workspace/mnt/ozone/hadoop-ozone/integration-test/target/test-dir/MiniOzoneClusterImpl-8824b896-4141-4ae0-8a85-a38dd1836ba7/datanode-6/data/ratis/88be61f1-3a97-4ae3-b0c8-dad710de08ab does not exist. Creating ...
2020-07-19 12:59:10,704 [pool-250-thread-1] INFO  storage.RaftStorageDirectory (RaftStorageDirectory.java:tryLock(343)) - Lock on /github/workspace/mnt/ozone/hadoop-ozone/integration-test/target/test-dir/MiniOzoneClusterImpl-8824b896-4141-4ae0-8a85-a38dd1836ba7/datanode-6/data/ratis/88be61f1-3a97-4ae3-b0c8-dad710de08ab/in_use.lock acquired by nodename 5176@fe49c764e40f
2020-07-19 12:59:10,705 [pool-250-thread-1] INFO  storage.RaftStorage (RaftStorage.java:format(84)) - Storage directory /github/workspace/mnt/ozone/hadoop-ozone/integration-test/target/test-dir/MiniOzoneClusterImpl-8824b896-4141-4ae0-8a85-a38dd1836ba7/datanode-6/data/ratis/88be61f1-3a97-4ae3-b0c8-dad710de08ab has been successfully formatted.
2020-07-19 12:59:10,706 [pool-250-thread-1] INFO  ratis.ContainerStateMachine (ContainerStateMachine.java:loadSnapshot(225)) - group-DAD710DE08AB: The snapshot info is null. Setting the last applied indexto:(t:0, i:~)
2020-07-19 12:59:10,707 [pool-250-thread-1] INFO  server.RaftServerConfigKeys (ConfUtils.java:logGet(44)) - raft.server.notification.no-leader.timeout = 300000ms (custom)
2020-07-19 12:59:10,707 [pool-250-thread-1] INFO  server.RaftServerConfigKeys (ConfUtils.java:logGet(44)) - raft.server.log.use.memory = false (default)
2020-07-19 12:59:10,707 [pool-250-thread-1] INFO  server.RaftServerConfigKeys (ConfUtils.java:logGet(44)) - raft.server.log.purge.gap = 1000000 (custom)
2020-07-19 12:59:10,707 [pool-250-thread-1] INFO  server.RaftServerConfigKeys (ConfUtils.java:logGet(44)) - raft.server.log.appender.buffer.byte-limit = 33554432 (custom)
2020-07-19 12:59:10,707 [pool-250-thread-1] INFO  server.RaftServerConfigKeys (ConfUtils.java:logGet(44)) - raft.server.log.segment.size.max = 1048576 (custom)
2020-07-19 12:59:10,707 [pool-250-thread-1] INFO  metrics.RatisMetrics (RatisMetrics.java:lambda$create$0(36)) - Creating Metrics Registry : ratis.log_worker.029654c1-37af-45dc-9620-2886658484eb@group-DAD710DE08AB
2020-07-19 12:59:10,707 [pool-250-thread-1] INFO  server.RaftServerConfigKeys (ConfUtils.java:logGet(44)) - raft.server.log.segment.cache.num.max = 2 (custom)
2020-07-19 12:59:10,708 [pool-250-thread-1] INFO  segmented.SegmentedRaftLogWorker (SegmentedRaftLogWorker.java:<init>(180)) - new 029654c1-37af-45dc-9620-2886658484eb@group-DAD710DE08AB-SegmentedRaftLogWorker for RaftStorage:Storage Directory /github/workspace/mnt/ozone/hadoop-ozone/integration-test/target/test-dir/MiniOzoneClusterImpl-8824b896-4141-4ae0-8a85-a38dd1836ba7/datanode-6/data/ratis/88be61f1-3a97-4ae3-b0c8-dad710de08ab
2020-07-19 12:59:10,708 [pool-250-thread-1] INFO  server.RaftServerConfigKeys (ConfUtils.java:logGet(44)) - raft.server.log.queue.byte-limit = 2147483647 (custom)
2020-07-19 12:59:10,708 [pool-250-thread-1] INFO  server.RaftServerConfigKeys (ConfUtils.java:logGet(44)) - raft.server.log.queue.element-limit = 1024 (custom)
2020-07-19 12:59:10,708 [pool-250-thread-1] INFO  server.RaftServerConfigKeys (ConfUtils.java:logGet(44)) - raft.server.log.segment.size.max = 1048576 (custom)
2020-07-19 12:59:10,708 [pool-250-thread-1] INFO  server.RaftServerConfigKeys (ConfUtils.java:logGet(44)) - raft.server.log.preallocated.size = 16384 (custom)
2020-07-19 12:59:10,708 [EventQueue-PipelineReportForPipelineReportHandler] INFO  pipeline.PipelineStateManager (PipelineStateManager.java:openPipeline(131)) - Pipeline Pipeline[ Id: 88be61f1-3a97-4ae3-b0c8-dad710de08ab, Nodes: 029654c1-37af-45dc-9620-2886658484eb{ip: 172.17.0.2, host: fe49c764e40f, networkLocation: /default-rack, certSerialId: null}, Type:RATIS, Factor:ONE, State:ALLOCATED, leaderId:029654c1-37af-45dc-9620-2886658484eb, CreationTimestamp2020-07-19T12:59:07.701Z] moved to OPEN state
2020-07-19 12:59:10,708 [pool-250-thread-1] INFO  server.RaftServerConfigKeys (ConfUtils.java:logGet(44)) - raft.server.log.write.buffer.size = 1048576 (custom)
2020-07-19 12:59:10,708 [EventQueue-OpenPipelineForHealthyPipelineSafeModeRule] INFO  safemode.SCMSafeModeManager (HealthyPipelineSafeModeRule.java:process(129)) - SCM in safe mode. Healthy pipelines reported count is 0, required healthy pipeline reported count is 1
2020-07-19 12:59:10,708 [EventQueue-OpenPipelineForOneReplicaPipelineSafeModeRule] INFO  safemode.SCMSafeModeManager (SCMSafeModeManager.java:validateSafeModeExitRules(214)) - AtleastOneDatanodeReportedRule rule is successfully validated
2020-07-19 12:59:10,709 [pool-250-thread-1] INFO  server.RaftServerConfigKeys (ConfUtils.java:logGet(44)) - raft.server.log.force.sync.num = 128 (default)
2020-07-19 12:59:10,709 [pool-250-thread-1] INFO  server.RaftServerConfigKeys (ConfUtils.java:logGet(44)) - raft.server.log.statemachine.data.sync = true (default)
2020-07-19 12:59:10,709 [pool-250-thread-1] INFO  server.RaftServerConfigKeys (ConfUtils.java:logGet(44)) - raft.server.log.statemachine.data.sync.timeout = 10s (default)
2020-07-19 12:59:10,709 [pool-250-thread-1] INFO  server.RaftServerConfigKeys (ConfUtils.java:logGet(44)) - raft.server.log.statemachine.data.sync.timeout.retry = -1 (default)
2020-07-19 12:59:10,711 [pool-250-thread-1] INFO  server.RaftServerConfigKeys (ConfUtils.java:logGet(44)) - raft.server.log.statemachine.data.caching.enabled = true (custom)
2020-07-19 12:59:10,711 [pool-250-thread-1] INFO  segmented.SegmentedRaftLogWorker (SegmentedRaftLogWorker.java:lambda$new$0(129)) - 029654c1-37af-45dc-9620-2886658484eb@group-DAD710DE08AB-SegmentedRaftLogWorker: flushIndex: setUnconditionally 0 -> -1
2020-07-19 12:59:10,711 [pool-250-thread-1] INFO  segmented.SegmentedRaftLogWorker (SegmentedRaftLogWorker.java:lambda$new$0(129)) - 029654c1-37af-45dc-9620-2886658484eb@group-DAD710DE08AB-SegmentedRaftLogWorker: safeCacheEvictIndex: setUnconditionally 0 -> -1
2020-07-19 12:59:10,711 [pool-250-thread-1] INFO  server.RaftServerConfigKeys (ConfUtils.java:logGet(44)) - raft.server.snapshot.auto.trigger.enabled = true (custom)
2020-07-19 12:59:10,711 [pool-250-thread-1] INFO  server.RaftServerConfigKeys (ConfUtils.java:logGet(44)) - raft.server.snapshot.auto.trigger.threshold = 10000 (custom)
2020-07-19 12:59:10,711 [pool-250-thread-1] INFO  server.RaftServerConfigKeys (ConfUtils.java:logGet(44)) - raft.server.snapshot.retention.file.num = 5 (custom)
2020-07-19 12:59:10,712 [pool-250-thread-1] INFO  server.RaftServerConfigKeys (ConfUtils.java:logGet(44)) - raft.server.log.purge.upto.snapshot.index = false (default)
2020-07-19 12:59:10,712 [pool-250-thread-1] INFO  server.RaftServerConfigKeys (ConfUtils.java:logGet(44)) - raft.server.retrycache.expirytime = 600000ms (custom)
2020-07-19 12:59:10,712 [pool-250-thread-1] INFO  metrics.RatisMetrics (RatisMetrics.java:lambda$create$0(36)) - Creating Metrics Registry : ratis.leader_election.029654c1-37af-45dc-9620-2886658484eb@group-DAD710DE08AB
2020-07-19 12:59:10,712 [pool-250-thread-1] INFO  metrics.RatisMetrics (RatisMetrics.java:lambda$create$0(36)) - Creating Metrics Registry : ratis.server.029654c1-37af-45dc-9620-2886658484eb@group-DAD710DE08AB
2020-07-19 12:59:10,713 [pool-250-thread-1] INFO  impl.RaftServerImpl (RaftServerImpl.java:start(186)) - 029654c1-37af-45dc-9620-2886658484eb@group-DAD710DE08AB: start as a follower, conf=-1: [029654c1-37af-45dc-9620-2886658484eb:172.17.0.2:35523], old=null
2020-07-19 12:59:10,713 [pool-250-thread-1] INFO  impl.RaftServerImpl (RaftServerImpl.java:setRole(175)) - 029654c1-37af-45dc-9620-2886658484eb@group-DAD710DE08AB: changes role from      null to FOLLOWER at term 0 for startAsFollower
2020-07-19 12:59:10,713 [pool-250-thread-1] INFO  impl.RoleInfo (RoleInfo.java:updateAndGet(143)) - 029654c1-37af-45dc-9620-2886658484eb: start FollowerState
2020-07-19 12:59:10,715 [pool-250-thread-1] INFO  util.JmxRegister (JmxRegister.java:tryRegister(44)) - Successfully registered JMX Bean with object name Ratis:service=RaftServer,group=group-DAD710DE08AB,id=029654c1-37af-45dc-9620-2886658484eb
2020-07-19 12:59:10,715 [pool-250-thread-1] INFO  metrics.RatisMetrics (RatisMetrics.java:lambda$create$0(36)) - Creating Metrics Registry : ratis.state_machine.029654c1-37af-45dc-9620-2886658484eb@group-DAD710DE08AB
2020-07-19 12:59:10,716 [Command processor thread] INFO  commandhandler.CreatePipelineCommandHandler (CreatePipelineCommandHandler.java:handle(109)) - Created Pipeline RATIS ONE #id: "88be61f1-3a97-4ae3-b0c8-dad710de08ab"
uuid128 {
  mostSigBits: -8593323350278321437
  leastSigBits: -5708071910456293205
}
.
2020-07-19 12:59:11,700 [Listener at 127.0.0.1/43321] INFO  ozone.MiniOzoneClusterImpl (MiniOzoneClusterImpl.java:lambda$waitForClusterToBeReady$0(177)) - Nodes are ready. Got 7 of 7 DN Heartbeats.
2020-07-19 12:59:11,700 [Listener at 127.0.0.1/43321] INFO  ozone.MiniOzoneClusterImpl (MiniOzoneClusterImpl.java:lambda$waitForClusterToBeReady$0(180)) - Waiting for cluster to exit safe mode
2020-07-19 12:59:12,700 [Listener at 127.0.0.1/43321] INFO  ozone.MiniOzoneClusterImpl (MiniOzoneClusterImpl.java:lambda$waitForClusterToBeReady$0(177)) - Nodes are ready. Got 7 of 7 DN Heartbeats.
2020-07-19 12:59:12,701 [Listener at 127.0.0.1/43321] INFO  ozone.MiniOzoneClusterImpl (MiniOzoneClusterImpl.java:lambda$waitForClusterToBeReady$0(180)) - Waiting for cluster to exit safe mode
2020-07-19 12:59:13,701 [Listener at 127.0.0.1/43321] INFO  ozone.MiniOzoneClusterImpl (MiniOzoneClusterImpl.java:lambda$waitForClusterToBeReady$0(177)) - Nodes are ready. Got 7 of 7 DN Heartbeats.
2020-07-19 12:59:13,701 [Listener at 127.0.0.1/43321] INFO  ozone.MiniOzoneClusterImpl (MiniOzoneClusterImpl.java:lambda$waitForClusterToBeReady$0(180)) - Waiting for cluster to exit safe mode
2020-07-19 12:59:14,701 [Listener at 127.0.0.1/43321] INFO  ozone.MiniOzoneClusterImpl (MiniOzoneClusterImpl.java:lambda$waitForClusterToBeReady$0(177)) - Nodes are ready. Got 7 of 7 DN Heartbeats.
2020-07-19 12:59:14,702 [Listener at 127.0.0.1/43321] INFO  ozone.MiniOzoneClusterImpl (MiniOzoneClusterImpl.java:lambda$waitForClusterToBeReady$0(180)) - Waiting for cluster to exit safe mode
2020-07-19 12:59:15,018 [Thread-581] INFO  impl.FollowerState (FollowerState.java:run(108)) - 2b2d82e9-81b7-495a-ad91-4c9f861a0950@group-BDD9E056EE21-FollowerState: change to CANDIDATE, lastRpcTime:5068ms, electionTimeout:5065ms
2020-07-19 12:59:15,019 [Thread-581] INFO  impl.RoleInfo (RoleInfo.java:shutdownFollowerState(121)) - 2b2d82e9-81b7-495a-ad91-4c9f861a0950: shutdown FollowerState
2020-07-19 12:59:15,019 [Thread-581] INFO  impl.RaftServerImpl (RaftServerImpl.java:setRole(175)) - 2b2d82e9-81b7-495a-ad91-4c9f861a0950@group-BDD9E056EE21: changes role from  FOLLOWER to CANDIDATE at term 0 for changeToCandidate
2020-07-19 12:59:15,019 [Thread-581] INFO  impl.RoleInfo (RoleInfo.java:updateAndGet(143)) - 2b2d82e9-81b7-495a-ad91-4c9f861a0950: start LeaderElection
2020-07-19 12:59:15,025 [2b2d82e9-81b7-495a-ad91-4c9f861a0950@group-BDD9E056EE21-LeaderElection12] INFO  impl.LeaderElection (LeaderElection.java:askForVotes(206)) - 2b2d82e9-81b7-495a-ad91-4c9f861a0950@group-BDD9E056EE21-LeaderElection12: begin an election at term 1 for -1: [8a75226f-9665-4023-8f83-5359208d8c5d:172.17.0.2:42023, 2b2d82e9-81b7-495a-ad91-4c9f861a0950:172.17.0.2:35891, af89afa7-310b-41e3-a030-5f9c19d0a39c:172.17.0.2:33475], old=null
2020-07-19 12:59:15,034 [grpc-default-executor-1] INFO  impl.RaftServerImpl (RaftServerImpl.java:setRole(175)) - af89afa7-310b-41e3-a030-5f9c19d0a39c@group-BDD9E056EE21: changes role from  FOLLOWER to FOLLOWER at term 1 for recognizeCandidate:2b2d82e9-81b7-495a-ad91-4c9f861a0950
2020-07-19 12:59:15,034 [grpc-default-executor-1] INFO  impl.RoleInfo (RoleInfo.java:shutdownFollowerState(121)) - af89afa7-310b-41e3-a030-5f9c19d0a39c: shutdown FollowerState
2020-07-19 12:59:15,034 [grpc-default-executor-1] INFO  impl.RoleInfo (RoleInfo.java:updateAndGet(143)) - af89afa7-310b-41e3-a030-5f9c19d0a39c: start FollowerState
2020-07-19 12:59:15,034 [Thread-586] INFO  impl.FollowerState (FollowerState.java:run(117)) - af89afa7-310b-41e3-a030-5f9c19d0a39c@group-BDD9E056EE21-FollowerState was interrupted: java.lang.InterruptedException: sleep interrupted
2020-07-19 12:59:15,037 [grpc-default-executor-3] INFO  impl.RaftServerImpl (RaftServerImpl.java:setRole(175)) - 8a75226f-9665-4023-8f83-5359208d8c5d@group-BDD9E056EE21: changes role from  FOLLOWER to FOLLOWER at term 1 for recognizeCandidate:2b2d82e9-81b7-495a-ad91-4c9f861a0950
2020-07-19 12:59:15,037 [grpc-default-executor-3] INFO  impl.RoleInfo (RoleInfo.java:shutdownFollowerState(121)) - 8a75226f-9665-4023-8f83-5359208d8c5d: shutdown FollowerState
2020-07-19 12:59:15,037 [grpc-default-executor-3] INFO  impl.RoleInfo (RoleInfo.java:updateAndGet(143)) - 8a75226f-9665-4023-8f83-5359208d8c5d: start FollowerState
2020-07-19 12:59:15,037 [Thread-583] INFO  impl.FollowerState (FollowerState.java:run(117)) - 8a75226f-9665-4023-8f83-5359208d8c5d@group-BDD9E056EE21-FollowerState was interrupted: java.lang.InterruptedException: sleep interrupted
2020-07-19 12:59:15,052 [2b2d82e9-81b7-495a-ad91-4c9f861a0950@group-BDD9E056EE21-LeaderElection12] INFO  impl.LeaderElection (LeaderElection.java:logAndReturn(61)) - 2b2d82e9-81b7-495a-ad91-4c9f861a0950@group-BDD9E056EE21-LeaderElection12: Election PASSED; received 1 response(s) [2b2d82e9-81b7-495a-ad91-4c9f861a0950<-af89afa7-310b-41e3-a030-5f9c19d0a39c#0:OK-t1] and 0 exception(s); 2b2d82e9-81b7-495a-ad91-4c9f861a0950@group-BDD9E056EE21:t1, leader=null, voted=2b2d82e9-81b7-495a-ad91-4c9f861a0950, raftlog=2b2d82e9-81b7-495a-ad91-4c9f861a0950@group-BDD9E056EE21-SegmentedRaftLog:OPENED:c-1,f-1,i0, conf=-1: [8a75226f-9665-4023-8f83-5359208d8c5d:172.17.0.2:42023, 2b2d82e9-81b7-495a-ad91-4c9f861a0950:172.17.0.2:35891, af89afa7-310b-41e3-a030-5f9c19d0a39c:172.17.0.2:33475], old=null
2020-07-19 12:59:15,052 [2b2d82e9-81b7-495a-ad91-4c9f861a0950@group-BDD9E056EE21-LeaderElection12] INFO  impl.RoleInfo (RoleInfo.java:shutdownLeaderElection(134)) - 2b2d82e9-81b7-495a-ad91-4c9f861a0950: shutdown LeaderElection
2020-07-19 12:59:15,052 [2b2d82e9-81b7-495a-ad91-4c9f861a0950@group-BDD9E056EE21-LeaderElection12] INFO  impl.RaftServerImpl (RaftServerImpl.java:setRole(175)) - 2b2d82e9-81b7-495a-ad91-4c9f861a0950@group-BDD9E056EE21: changes role from CANDIDATE to LEADER at term 1 for changeToLeader
2020-07-19 12:59:15,052 [2b2d82e9-81b7-495a-ad91-4c9f861a0950@group-BDD9E056EE21-LeaderElection12] INFO  ratis.XceiverServerRatis (XceiverServerRatis.java:handleLeaderChangedNotification(820)) - Leader change notification received for group: group-BDD9E056EE21 with new leaderId: 2b2d82e9-81b7-495a-ad91-4c9f861a0950
2020-07-19 12:59:15,052 [2b2d82e9-81b7-495a-ad91-4c9f861a0950@group-BDD9E056EE21-LeaderElection12] INFO  impl.RaftServerImpl (ServerState.java:setLeader(255)) - 2b2d82e9-81b7-495a-ad91-4c9f861a0950@group-BDD9E056EE21: change Leader from null to 2b2d82e9-81b7-495a-ad91-4c9f861a0950 at term 1 for becomeLeader, leader elected after 5114ms
2020-07-19 12:59:15,054 [EventQueue-PipelineReportForPipelineReportHandler] INFO  pipeline.PipelineStateManager (PipelineStateManager.java:openPipeline(131)) - Pipeline Pipeline[ Id: 5ebf3169-d61a-42a2-8dc1-bdd9e056ee21, Nodes: 8a75226f-9665-4023-8f83-5359208d8c5d{ip: 172.17.0.2, host: fe49c764e40f, networkLocation: /default-rack, certSerialId: null}af89afa7-310b-41e3-a030-5f9c19d0a39c{ip: 172.17.0.2, host: fe49c764e40f, networkLocation: /default-rack, certSerialId: null}2b2d82e9-81b7-495a-ad91-4c9f861a0950{ip: 172.17.0.2, host: fe49c764e40f, networkLocation: /default-rack, certSerialId: null}, Type:RATIS, Factor:THREE, State:ALLOCATED, leaderId:2b2d82e9-81b7-495a-ad91-4c9f861a0950, CreationTimestamp2020-07-19T12:59:07.168Z] moved to OPEN state
2020-07-19 12:59:15,054 [2b2d82e9-81b7-495a-ad91-4c9f861a0950@group-BDD9E056EE21-LeaderElection12] INFO  server.RaftServerConfigKeys (ConfUtils.java:logGet(44)) - raft.server.staging.catchup.gap = 1000 (default)
2020-07-19 12:59:15,055 [EventQueue-OpenPipelineForOneReplicaPipelineSafeModeRule] INFO  safemode.SCMSafeModeManager (SCMSafeModeManager.java:validateSafeModeExitRules(214)) - AtleastOneDatanodeReportedRule rule is successfully validated
2020-07-19 12:59:15,055 [EventQueue-OpenPipelineForHealthyPipelineSafeModeRule] INFO  safemode.SCMSafeModeManager (HealthyPipelineSafeModeRule.java:process(129)) - SCM in safe mode. Healthy pipelines reported count is 1, required healthy pipeline reported count is 1
2020-07-19 12:59:15,055 [2b2d82e9-81b7-495a-ad91-4c9f861a0950@group-BDD9E056EE21-LeaderElection12] INFO  server.RaftServerConfigKeys (ConfUtils.java:logGet(44)) - raft.server.rpc.sleep.time = 25ms (default)
2020-07-19 12:59:15,059 [EventQueue-OpenPipelineForHealthyPipelineSafeModeRule] INFO  safemode.SCMSafeModeManager (SCMSafeModeManager.java:validateSafeModeExitRules(214)) - HealthyPipelineSafeModeRule rule is successfully validated
2020-07-19 12:59:15,059 [EventQueue-OpenPipelineForHealthyPipelineSafeModeRule] INFO  safemode.SCMSafeModeManager (SCMSafeModeManager.java:validateSafeModeExitRules(228)) - ScmSafeModeManager, all rules are successfully validated
2020-07-19 12:59:15,059 [EventQueue-OpenPipelineForHealthyPipelineSafeModeRule] INFO  safemode.SCMSafeModeManager (SCMSafeModeManager.java:exitSafeMode(257)) - SCM exiting safe mode.
2020-07-19 12:59:15,059 [2b2d82e9-81b7-495a-ad91-4c9f861a0950@group-BDD9E056EE21-LeaderElection12] INFO  metrics.RatisMetrics (RatisMetrics.java:lambda$create$0(36)) - Creating Metrics Registry : ratis.log_appender.2b2d82e9-81b7-495a-ad91-4c9f861a0950@group-BDD9E056EE21
2020-07-19 12:59:15,059 [2b2d82e9-81b7-495a-ad91-4c9f861a0950@group-BDD9E056EE21-LeaderElection12] INFO  server.RaftServerConfigKeys (ConfUtils.java:logGet(44)) - raft.server.write.element-limit = 1024 (custom)
2020-07-19 12:59:15,060 [2b2d82e9-81b7-495a-ad91-4c9f861a0950@group-BDD9E056EE21-LeaderElection12] INFO  server.RaftServerConfigKeys (ConfUtils.java:logGet(44)) - raft.server.write.byte-limit = 1073741824 (custom)
2020-07-19 12:59:15,060 [2b2d82e9-81b7-495a-ad91-4c9f861a0950@group-BDD9E056EE21-LeaderElection12] INFO  server.RaftServerConfigKeys (ConfUtils.java:logGet(44)) - raft.server.watch.timeout = 3000ms (custom)
2020-07-19 12:59:15,060 [2b2d82e9-81b7-495a-ad91-4c9f861a0950@group-BDD9E056EE21-LeaderElection12] INFO  server.RaftServerConfigKeys (ConfUtils.java:logGet(44)) - raft.server.watch.timeout.denomination = 1s (default)
2020-07-19 12:59:15,060 [2b2d82e9-81b7-495a-ad91-4c9f861a0950@group-BDD9E056EE21-LeaderElection12] INFO  server.RaftServerConfigKeys (ConfUtils.java:logGet(44)) - raft.server.watch.element-limit = 65536 (default)
2020-07-19 12:59:15,060 [2b2d82e9-81b7-495a-ad91-4c9f861a0950@group-BDD9E056EE21-LeaderElection12] INFO  server.RaftServerConfigKeys (ConfUtils.java:logGet(44)) - raft.server.log.appender.snapshot.chunk.size.max = 16MB (=16777216) (default)
2020-07-19 12:59:15,060 [2b2d82e9-81b7-495a-ad91-4c9f861a0950@group-BDD9E056EE21-LeaderElection12] INFO  server.RaftServerConfigKeys (ConfUtils.java:logGet(44)) - raft.server.log.appender.buffer.byte-limit = 33554432 (custom)
2020-07-19 12:59:15,060 [2b2d82e9-81b7-495a-ad91-4c9f861a0950@group-BDD9E056EE21-LeaderElection12] INFO  server.RaftServerConfigKeys (ConfUtils.java:logGet(44)) - raft.server.log.appender.buffer.element-limit = 1 (custom)
2020-07-19 12:59:15,061 [2b2d82e9-81b7-495a-ad91-4c9f861a0950@group-BDD9E056EE21-LeaderElection12] INFO  grpc.GrpcConfigKeys (ConfUtils.java:logGet(44)) - raft.grpc.server.leader.outstanding.appends.max = 128 (default)
2020-07-19 12:59:15,061 [2b2d82e9-81b7-495a-ad91-4c9f861a0950@group-BDD9E056EE21-LeaderElection12] INFO  server.RaftServerConfigKeys (ConfUtils.java:logGet(44)) - raft.server.rpc.request.timeout = 3000ms (default)
2020-07-19 12:59:15,061 [2b2d82e9-81b7-495a-ad91-4c9f861a0950@group-BDD9E056EE21-LeaderElection12] INFO  server.RaftServerConfigKeys (ConfUtils.java:logGet(44)) - raft.server.log.appender.install.snapshot.enabled = false (custom)
2020-07-19 12:59:15,061 [2b2d82e9-81b7-495a-ad91-4c9f861a0950@group-BDD9E056EE21-LeaderElection12] INFO  metrics.RatisMetrics (RatisMetrics.java:lambda$create$0(36)) - Creating Metrics Registry : ratis_grpc.log_appender.2b2d82e9-81b7-495a-ad91-4c9f861a0950@group-BDD9E056EE21
2020-07-19 12:59:15,062 [2b2d82e9-81b7-495a-ad91-4c9f861a0950@group-BDD9E056EE21-LeaderElection12] INFO  server.RaftServerConfigKeys (ConfUtils.java:logGet(44)) - raft.server.log.appender.snapshot.chunk.size.max = 16MB (=16777216) (default)
2020-07-19 12:59:15,062 [2b2d82e9-81b7-495a-ad91-4c9f861a0950@group-BDD9E056EE21-LeaderElection12] INFO  server.RaftServerConfigKeys (ConfUtils.java:logGet(44)) - raft.server.log.appender.buffer.byte-limit = 33554432 (custom)
2020-07-19 12:59:15,062 [2b2d82e9-81b7-495a-ad91-4c9f861a0950@group-BDD9E056EE21-LeaderElection12] INFO  server.RaftServerConfigKeys (ConfUtils.java:logGet(44)) - raft.server.log.appender.buffer.element-limit = 1 (custom)
2020-07-19 12:59:15,062 [2b2d82e9-81b7-495a-ad91-4c9f861a0950@group-BDD9E056EE21-LeaderElection12] INFO  grpc.GrpcConfigKeys (ConfUtils.java:logGet(44)) - raft.grpc.server.leader.outstanding.appends.max = 128 (default)
2020-07-19 12:59:15,062 [2b2d82e9-81b7-495a-ad91-4c9f861a0950@group-BDD9E056EE21-LeaderElection12] INFO  server.RaftServerConfigKeys (ConfUtils.java:logGet(44)) - raft.server.rpc.request.timeout = 3000ms (default)
2020-07-19 12:59:15,062 [2b2d82e9-81b7-495a-ad91-4c9f861a0950@group-BDD9E056EE21-LeaderElection12] INFO  server.RaftServerConfigKeys (ConfUtils.java:logGet(44)) - raft.server.log.appender.install.snapshot.enabled = false (custom)
2020-07-19 12:59:15,063 [2b2d82e9-81b7-495a-ad91-4c9f861a0950@group-BDD9E056EE21-LeaderElection12] INFO  impl.RoleInfo (RoleInfo.java:updateAndGet(143)) - 2b2d82e9-81b7-495a-ad91-4c9f861a0950: start LeaderState
2020-07-19 12:59:15,064 [2b2d82e9-81b7-495a-ad91-4c9f861a0950@group-BDD9E056EE21-LeaderElection12] INFO  segmented.SegmentedRaftLogWorker (SegmentedRaftLogWorker.java:startLogSegment(397)) - 2b2d82e9-81b7-495a-ad91-4c9f861a0950@group-BDD9E056EE21-SegmentedRaftLogWorker: Starting segment from index:0
2020-07-19 12:59:15,065 [2b2d82e9-81b7-495a-ad91-4c9f861a0950@group-BDD9E056EE21-SegmentedRaftLogWorker] INFO  segmented.SegmentedRaftLogWorker (SegmentedRaftLogWorker.java:execute(596)) - 2b2d82e9-81b7-495a-ad91-4c9f861a0950@group-BDD9E056EE21-SegmentedRaftLogWorker: created new log segment /github/workspace/mnt/ozone/hadoop-ozone/integration-test/target/test-dir/MiniOzoneClusterImpl-8824b896-4141-4ae0-8a85-a38dd1836ba7/datanode-0/data/ratis/5ebf3169-d61a-42a2-8dc1-bdd9e056ee21/current/log_inprogress_0
2020-07-19 12:59:15,070 [2b2d82e9-81b7-495a-ad91-4c9f861a0950@group-BDD9E056EE21-LeaderElection12] INFO  impl.RaftServerImpl (ServerState.java:setRaftConf(356)) - 2b2d82e9-81b7-495a-ad91-4c9f861a0950@group-BDD9E056EE21: set configuration 0: [8a75226f-9665-4023-8f83-5359208d8c5d:172.17.0.2:42023, 2b2d82e9-81b7-495a-ad91-4c9f861a0950:172.17.0.2:35891, af89afa7-310b-41e3-a030-5f9c19d0a39c:172.17.0.2:33475], old=null at 0
2020-07-19 12:59:15,081 [grpc-default-executor-3] INFO  ratis.XceiverServerRatis (XceiverServerRatis.java:handleLeaderChangedNotification(820)) - Leader change notification received for group: group-BDD9E056EE21 with new leaderId: 2b2d82e9-81b7-495a-ad91-4c9f861a0950
2020-07-19 12:59:15,081 [grpc-default-executor-3] INFO  impl.RaftServerImpl (ServerState.java:setLeader(255)) - 8a75226f-9665-4023-8f83-5359208d8c5d@group-BDD9E056EE21: change Leader from null to 2b2d82e9-81b7-495a-ad91-4c9f861a0950 at term 1 for appendEntries, leader elected after 5109ms
2020-07-19 12:59:15,085 [grpc-default-executor-3] INFO  impl.RaftServerImpl (ServerState.java:setRaftConf(356)) - 8a75226f-9665-4023-8f83-5359208d8c5d@group-BDD9E056EE21: set configuration 0: [8a75226f-9665-4023-8f83-5359208d8c5d:172.17.0.2:42023, 2b2d82e9-81b7-495a-ad91-4c9f861a0950:172.17.0.2:35891, af89afa7-310b-41e3-a030-5f9c19d0a39c:172.17.0.2:33475], old=null at 0
2020-07-19 12:59:15,085 [grpc-default-executor-3] INFO  segmented.SegmentedRaftLogWorker (SegmentedRaftLogWorker.java:startLogSegment(397)) - 8a75226f-9665-4023-8f83-5359208d8c5d@group-BDD9E056EE21-SegmentedRaftLogWorker: Starting segment from index:0
2020-07-19 12:59:15,086 [Thread-579] INFO  impl.FollowerState (FollowerState.java:run(108)) - 2b2d82e9-81b7-495a-ad91-4c9f861a0950@group-663640651964-FollowerState: change to CANDIDATE, lastRpcTime:5157ms, electionTimeout:5156ms
2020-07-19 12:59:15,086 [Thread-579] INFO  impl.RoleInfo (RoleInfo.java:shutdownFollowerState(121)) - 2b2d82e9-81b7-495a-ad91-4c9f861a0950: shutdown FollowerState
2020-07-19 12:59:15,086 [Thread-579] INFO  impl.RaftServerImpl (RaftServerImpl.java:setRole(175)) - 2b2d82e9-81b7-495a-ad91-4c9f861a0950@group-663640651964: changes role from  FOLLOWER to CANDIDATE at term 0 for changeToCandidate
2020-07-19 12:59:15,086 [Thread-579] INFO  impl.RoleInfo (RoleInfo.java:updateAndGet(143)) - 2b2d82e9-81b7-495a-ad91-4c9f861a0950: start LeaderElection
2020-07-19 12:59:15,088 [grpc-default-executor-0] INFO  ratis.XceiverServerRatis (XceiverServerRatis.java:handleLeaderChangedNotification(820)) - Leader change notification received for group: group-BDD9E056EE21 with new leaderId: 2b2d82e9-81b7-495a-ad91-4c9f861a0950
2020-07-19 12:59:15,088 [grpc-default-executor-0] INFO  impl.RaftServerImpl (ServerState.java:setLeader(255)) - af89afa7-310b-41e3-a030-5f9c19d0a39c@group-BDD9E056EE21: change Leader from null to 2b2d82e9-81b7-495a-ad91-4c9f861a0950 at term 1 for appendEntries, leader elected after 5074ms
2020-07-19 12:59:15,088 [grpc-default-executor-0] INFO  impl.RaftServerImpl (ServerState.java:setRaftConf(356)) - af89afa7-310b-41e3-a030-5f9c19d0a39c@group-BDD9E056EE21: set configuration 0: [8a75226f-9665-4023-8f83-5359208d8c5d:172.17.0.2:42023, 2b2d82e9-81b7-495a-ad91-4c9f861a0950:172.17.0.2:35891, af89afa7-310b-41e3-a030-5f9c19d0a39c:172.17.0.2:33475], old=null at 0
2020-07-19 12:59:15,089 [grpc-default-executor-0] INFO  segmented.SegmentedRaftLogWorker (SegmentedRaftLogWorker.java:startLogSegment(397)) - af89afa7-310b-41e3-a030-5f9c19d0a39c@group-BDD9E056EE21-SegmentedRaftLogWorker: Starting segment from index:0
2020-07-19 12:59:15,090 [8a75226f-9665-4023-8f83-5359208d8c5d@group-BDD9E056EE21-SegmentedRaftLogWorker] INFO  segmented.SegmentedRaftLogWorker (SegmentedRaftLogWorker.java:execute(596)) - 8a75226f-9665-4023-8f83-5359208d8c5d@group-BDD9E056EE21-SegmentedRaftLogWorker: created new log segment /github/workspace/mnt/ozone/hadoop-ozone/integration-test/target/test-dir/MiniOzoneClusterImpl-8824b896-4141-4ae0-8a85-a38dd1836ba7/datanode-1/data/ratis/5ebf3169-d61a-42a2-8dc1-bdd9e056ee21/current/log_inprogress_0
2020-07-19 12:59:15,096 [af89afa7-310b-41e3-a030-5f9c19d0a39c@group-BDD9E056EE21-SegmentedRaftLogWorker] INFO  segmented.SegmentedRaftLogWorker (SegmentedRaftLogWorker.java:execute(596)) - af89afa7-310b-41e3-a030-5f9c19d0a39c@group-BDD9E056EE21-SegmentedRaftLogWorker: created new log segment /github/workspace/mnt/ozone/hadoop-ozone/integration-test/target/test-dir/MiniOzoneClusterImpl-8824b896-4141-4ae0-8a85-a38dd1836ba7/datanode-2/data/ratis/5ebf3169-d61a-42a2-8dc1-bdd9e056ee21/current/log_inprogress_0
2020-07-19 12:59:15,103 [2b2d82e9-81b7-495a-ad91-4c9f861a0950@group-663640651964-LeaderElection13] INFO  impl.LeaderElection (LeaderElection.java:askForVotes(206)) - 2b2d82e9-81b7-495a-ad91-4c9f861a0950@group-663640651964-LeaderElection13: begin an election at term 1 for -1: [2b2d82e9-81b7-495a-ad91-4c9f861a0950:172.17.0.2:35891], old=null
2020-07-19 12:59:15,103 [2b2d82e9-81b7-495a-ad91-4c9f861a0950@group-663640651964-LeaderElection13] INFO  impl.RoleInfo (RoleInfo.java:shutdownLeaderElection(134)) - 2b2d82e9-81b7-495a-ad91-4c9f861a0950: shutdown LeaderElection
2020-07-19 12:59:15,103 [2b2d82e9-81b7-495a-ad91-4c9f861a0950@group-663640651964-LeaderElection13] INFO  impl.RaftServerImpl (RaftServerImpl.java:setRole(175)) - 2b2d82e9-81b7-495a-ad91-4c9f861a0950@group-663640651964: changes role from CANDIDATE to LEADER at term 1 for changeToLeader
2020-07-19 12:59:15,103 [2b2d82e9-81b7-495a-ad91-4c9f861a0950@group-663640651964-LeaderElection13] INFO  ratis.XceiverServerRatis (XceiverServerRatis.java:handleLeaderChangedNotification(820)) - Leader change notification received for group: group-663640651964 with new leaderId: 2b2d82e9-81b7-495a-ad91-4c9f861a0950
2020-07-19 12:59:15,103 [2b2d82e9-81b7-495a-ad91-4c9f861a0950@group-663640651964-LeaderElection13] INFO  impl.RaftServerImpl (ServerState.java:setLeader(255)) - 2b2d82e9-81b7-495a-ad91-4c9f861a0950@group-663640651964: change Leader from null to 2b2d82e9-81b7-495a-ad91-4c9f861a0950 at term 1 for becomeLeader, leader elected after 5187ms
2020-07-19 12:59:15,103 [2b2d82e9-81b7-495a-ad91-4c9f861a0950@group-663640651964-LeaderElection13] INFO  server.RaftServerConfigKeys (ConfUtils.java:logGet(44)) - raft.server.staging.catchup.gap = 1000 (default)
2020-07-19 12:59:15,103 [2b2d82e9-81b7-495a-ad91-4c9f861a0950@group-663640651964-LeaderElection13] INFO  server.RaftServerConfigKeys (ConfUtils.java:logGet(44)) - raft.server.rpc.sleep.time = 25ms (default)
2020-07-19 12:59:15,103 [2b2d82e9-81b7-495a-ad91-4c9f861a0950@group-663640651964-LeaderElection13] INFO  metrics.RatisMetrics (RatisMetrics.java:lambda$create$0(36)) - Creating Metrics Registry : ratis.log_appender.2b2d82e9-81b7-495a-ad91-4c9f861a0950@group-663640651964
2020-07-19 12:59:15,104 [2b2d82e9-81b7-495a-ad91-4c9f861a0950@group-663640651964-LeaderElection13] INFO  server.RaftServerConfigKeys (ConfUtils.java:logGet(44)) - raft.server.write.element-limit = 1024 (custom)
2020-07-19 12:59:15,104 [2b2d82e9-81b7-495a-ad91-4c9f861a0950@group-663640651964-LeaderElection13] INFO  server.RaftServerConfigKeys (ConfUtils.java:logGet(44)) - raft.server.write.byte-limit = 1073741824 (custom)
2020-07-19 12:59:15,104 [2b2d82e9-81b7-495a-ad91-4c9f861a0950@group-663640651964-LeaderElection13] INFO  server.RaftServerConfigKeys (ConfUtils.java:logGet(44)) - raft.server.watch.timeout = 3000ms (custom)
2020-07-19 12:59:15,104 [2b2d82e9-81b7-495a-ad91-4c9f861a0950@group-663640651964-LeaderElection13] INFO  server.RaftServerConfigKeys (ConfUtils.java:logGet(44)) - raft.server.watch.timeout.denomination = 1s (default)
2020-07-19 12:59:15,104 [2b2d82e9-81b7-495a-ad91-4c9f861a0950@group-663640651964-LeaderElection13] INFO  server.RaftServerConfigKeys (ConfUtils.java:logGet(44)) - raft.server.watch.element-limit = 65536 (default)
2020-07-19 12:59:15,104 [2b2d82e9-81b7-495a-ad91-4c9f861a0950@group-663640651964-LeaderElection13] INFO  impl.RoleInfo (RoleInfo.java:updateAndGet(143)) - 2b2d82e9-81b7-495a-ad91-4c9f861a0950: start LeaderState
2020-07-19 12:59:15,105 [2b2d82e9-81b7-495a-ad91-4c9f861a0950@group-663640651964-LeaderElection13] INFO  segmented.SegmentedRaftLogWorker (SegmentedRaftLogWorker.java:startLogSegment(397)) - 2b2d82e9-81b7-495a-ad91-4c9f861a0950@group-663640651964-SegmentedRaftLogWorker: Starting segment from index:0
2020-07-19 12:59:15,107 [2b2d82e9-81b7-495a-ad91-4c9f861a0950@group-663640651964-SegmentedRaftLogWorker] INFO  segmented.SegmentedRaftLogWorker (SegmentedRaftLogWorker.java:execute(596)) - 2b2d82e9-81b7-495a-ad91-4c9f861a0950@group-663640651964-SegmentedRaftLogWorker: created new log segment /github/workspace/mnt/ozone/hadoop-ozone/integration-test/target/test-dir/MiniOzoneClusterImpl-8824b896-4141-4ae0-8a85-a38dd1836ba7/datanode-0/data/ratis/e59ec45f-9855-439c-afcb-663640651964/current/log_inprogress_0
2020-07-19 12:59:15,107 [Thread-589] INFO  impl.FollowerState (FollowerState.java:run(108)) - 8a75226f-9665-4023-8f83-5359208d8c5d@group-70A6B8D38945-FollowerState: change to CANDIDATE, lastRpcTime:5059ms, electionTimeout:5058ms
2020-07-19 12:59:15,111 [2b2d82e9-81b7-495a-ad91-4c9f861a0950@group-663640651964-LeaderElection13] INFO  impl.RaftServerImpl (ServerState.java:setRaftConf(356)) - 2b2d82e9-81b7-495a-ad91-4c9f861a0950@group-663640651964: set configuration 0: [2b2d82e9-81b7-495a-ad91-4c9f861a0950:172.17.0.2:35891], old=null at 0
2020-07-19 12:59:15,113 [Thread-589] INFO  impl.RoleInfo (RoleInfo.java:shutdownFollowerState(121)) - 8a75226f-9665-4023-8f83-5359208d8c5d: shutdown FollowerState
2020-07-19 12:59:15,113 [Thread-589] INFO  impl.RaftServerImpl (RaftServerImpl.java:setRole(175)) - 8a75226f-9665-4023-8f83-5359208d8c5d@group-70A6B8D38945: changes role from  FOLLOWER to CANDIDATE at term 0 for changeToCandidate
2020-07-19 12:59:15,113 [Thread-589] INFO  impl.RoleInfo (RoleInfo.java:updateAndGet(143)) - 8a75226f-9665-4023-8f83-5359208d8c5d: start LeaderElection
2020-07-19 12:59:15,117 [8a75226f-9665-4023-8f83-5359208d8c5d@group-70A6B8D38945-LeaderElection14] INFO  impl.LeaderElection (LeaderElection.java:askForVotes(206)) - 8a75226f-9665-4023-8f83-5359208d8c5d@group-70A6B8D38945-LeaderElection14: begin an election at term 1 for -1: [8a75226f-9665-4023-8f83-5359208d8c5d:172.17.0.2:42023], old=null
2020-07-19 12:59:15,118 [8a75226f-9665-4023-8f83-5359208d8c5d@group-70A6B8D38945-LeaderElection14] INFO  impl.RoleInfo (RoleInfo.java:shutdownLeaderElection(134)) - 8a75226f-9665-4023-8f83-5359208d8c5d: shutdown LeaderElection
2020-07-19 12:59:15,118 [8a75226f-9665-4023-8f83-5359208d8c5d@group-70A6B8D38945-LeaderElection14] INFO  impl.RaftServerImpl (RaftServerImpl.java:setRole(175)) - 8a75226f-9665-4023-8f83-5359208d8c5d@group-70A6B8D38945: changes role from CANDIDATE to LEADER at term 1 for changeToLeader
2020-07-19 12:59:15,118 [8a75226f-9665-4023-8f83-5359208d8c5d@group-70A6B8D38945-LeaderElection14] INFO  ratis.XceiverServerRatis (XceiverServerRatis.java:handleLeaderChangedNotification(820)) - Leader change notification received for group: group-70A6B8D38945 with new leaderId: 8a75226f-9665-4023-8f83-5359208d8c5d
2020-07-19 12:59:15,118 [8a75226f-9665-4023-8f83-5359208d8c5d@group-70A6B8D38945-LeaderElection14] INFO  impl.RaftServerImpl (ServerState.java:setLeader(255)) - 8a75226f-9665-4023-8f83-5359208d8c5d@group-70A6B8D38945: change Leader from null to 8a75226f-9665-4023-8f83-5359208d8c5d at term 1 for becomeLeader, leader elected after 5078ms
2020-07-19 12:59:15,119 [8a75226f-9665-4023-8f83-5359208d8c5d@group-70A6B8D38945-LeaderElection14] INFO  server.RaftServerConfigKeys (ConfUtils.java:logGet(44)) - raft.server.staging.catchup.gap = 1000 (default)
2020-07-19 12:59:15,119 [8a75226f-9665-4023-8f83-5359208d8c5d@group-70A6B8D38945-LeaderElection14] INFO  server.RaftServerConfigKeys (ConfUtils.java:logGet(44)) - raft.server.rpc.sleep.time = 25ms (default)
2020-07-19 12:59:15,119 [8a75226f-9665-4023-8f83-5359208d8c5d@group-70A6B8D38945-LeaderElection14] INFO  metrics.RatisMetrics (RatisMetrics.java:lambda$create$0(36)) - Creating Metrics Registry : ratis.log_appender.8a75226f-9665-4023-8f83-5359208d8c5d@group-70A6B8D38945
2020-07-19 12:59:15,120 [8a75226f-9665-4023-8f83-5359208d8c5d@group-70A6B8D38945-LeaderElection14] INFO  server.RaftServerConfigKeys (ConfUtils.java:logGet(44)) - raft.server.write.element-limit = 1024 (custom)
2020-07-19 12:59:15,120 [8a75226f-9665-4023-8f83-5359208d8c5d@group-70A6B8D38945-LeaderElection14] INFO  server.RaftServerConfigKeys (ConfUtils.java:logGet(44)) - raft.server.write.byte-limit = 1073741824 (custom)
2020-07-19 12:59:15,121 [8a75226f-9665-4023-8f83-5359208d8c5d@group-70A6B8D38945-LeaderElection14] INFO  server.RaftServerConfigKeys (ConfUtils.java:logGet(44)) - raft.server.watch.timeout = 3000ms (custom)
2020-07-19 12:59:15,121 [8a75226f-9665-4023-8f83-5359208d8c5d@group-70A6B8D38945-LeaderElection14] INFO  server.RaftServerConfigKeys (ConfUtils.java:logGet(44)) - raft.server.watch.timeout.denomination = 1s (default)
2020-07-19 12:59:15,121 [8a75226f-9665-4023-8f83-5359208d8c5d@group-70A6B8D38945-LeaderElection14] INFO  server.RaftServerConfigKeys (ConfUtils.java:logGet(44)) - raft.server.watch.element-limit = 65536 (default)
2020-07-19 12:59:15,122 [8a75226f-9665-4023-8f83-5359208d8c5d@group-70A6B8D38945-LeaderElection14] INFO  impl.RoleInfo (RoleInfo.java:updateAndGet(143)) - 8a75226f-9665-4023-8f83-5359208d8c5d: start LeaderState
2020-07-19 12:59:15,122 [8a75226f-9665-4023-8f83-5359208d8c5d@group-70A6B8D38945-LeaderElection14] INFO  segmented.SegmentedRaftLogWorker (SegmentedRaftLogWorker.java:startLogSegment(397)) - 8a75226f-9665-4023-8f83-5359208d8c5d@group-70A6B8D38945-SegmentedRaftLogWorker: Starting segment from index:0
2020-07-19 12:59:15,123 [8a75226f-9665-4023-8f83-5359208d8c5d@group-70A6B8D38945-SegmentedRaftLogWorker] INFO  segmented.SegmentedRaftLogWorker (SegmentedRaftLogWorker.java:execute(596)) - 8a75226f-9665-4023-8f83-5359208d8c5d@group-70A6B8D38945-SegmentedRaftLogWorker: created new log segment /github/workspace/mnt/ozone/hadoop-ozone/integration-test/target/test-dir/MiniOzoneClusterImpl-8824b896-4141-4ae0-8a85-a38dd1836ba7/datanode-1/data/ratis/58c46952-28a9-4ba9-bb67-70a6b8d38945/current/log_inprogress_0
2020-07-19 12:59:15,124 [8a75226f-9665-4023-8f83-5359208d8c5d@group-70A6B8D38945-LeaderElection14] INFO  impl.RaftServerImpl (ServerState.java:setRaftConf(356)) - 8a75226f-9665-4023-8f83-5359208d8c5d@group-70A6B8D38945: set configuration 0: [8a75226f-9665-4023-8f83-5359208d8c5d:172.17.0.2:42023], old=null at 0
2020-07-19 12:59:15,352 [Thread-593] INFO  impl.FollowerState (FollowerState.java:run(108)) - 60b4693a-24a9-4f9a-8d7e-763e228c0b97@group-F2A7FFDE51A0-FollowerState: change to CANDIDATE, lastRpcTime:5041ms, electionTimeout:5034ms
2020-07-19 12:59:15,352 [Thread-593] INFO  impl.RoleInfo (RoleInfo.java:shutdownFollowerState(121)) - 60b4693a-24a9-4f9a-8d7e-763e228c0b97: shutdown FollowerState
2020-07-19 12:59:15,353 [Thread-593] INFO  impl.RaftServerImpl (RaftServerImpl.java:setRole(175)) - 60b4693a-24a9-4f9a-8d7e-763e228c0b97@group-F2A7FFDE51A0: changes role from  FOLLOWER to CANDIDATE at term 0 for changeToCandidate
2020-07-19 12:59:15,353 [Thread-593] INFO  impl.RoleInfo (RoleInfo.java:updateAndGet(143)) - 60b4693a-24a9-4f9a-8d7e-763e228c0b97: start LeaderElection
2020-07-19 12:59:15,357 [60b4693a-24a9-4f9a-8d7e-763e228c0b97@group-F2A7FFDE51A0-LeaderElection15] INFO  impl.LeaderElection (LeaderElection.java:askForVotes(206)) - 60b4693a-24a9-4f9a-8d7e-763e228c0b97@group-F2A7FFDE51A0-LeaderElection15: begin an election at term 1 for -1: [60b4693a-24a9-4f9a-8d7e-763e228c0b97:172.17.0.2:45129], old=null
2020-07-19 12:59:15,357 [60b4693a-24a9-4f9a-8d7e-763e228c0b97@group-F2A7FFDE51A0-LeaderElection15] INFO  impl.RoleInfo (RoleInfo.java:shutdownLeaderElection(134)) - 60b4693a-24a9-4f9a-8d7e-763e228c0b97: shutdown LeaderElection
2020-07-19 12:59:15,357 [60b4693a-24a9-4f9a-8d7e-763e228c0b97@group-F2A7FFDE51A0-LeaderElection15] INFO  impl.RaftServerImpl (RaftServerImpl.java:setRole(175)) - 60b4693a-24a9-4f9a-8d7e-763e228c0b97@group-F2A7FFDE51A0: changes role from CANDIDATE to LEADER at term 1 for changeToLeader
2020-07-19 12:59:15,357 [60b4693a-24a9-4f9a-8d7e-763e228c0b97@group-F2A7FFDE51A0-LeaderElection15] INFO  ratis.XceiverServerRatis (XceiverServerRatis.java:handleLeaderChangedNotification(820)) - Leader change notification received for group: group-F2A7FFDE51A0 with new leaderId: 60b4693a-24a9-4f9a-8d7e-763e228c0b97
2020-07-19 12:59:15,357 [60b4693a-24a9-4f9a-8d7e-763e228c0b97@group-F2A7FFDE51A0-LeaderElection15] INFO  impl.RaftServerImpl (ServerState.java:setLeader(255)) - 60b4693a-24a9-4f9a-8d7e-763e228c0b97@group-F2A7FFDE51A0: change Leader from null to 60b4693a-24a9-4f9a-8d7e-763e228c0b97 at term 1 for becomeLeader, leader elected after 5059ms
2020-07-19 12:59:15,358 [60b4693a-24a9-4f9a-8d7e-763e228c0b97@group-F2A7FFDE51A0-LeaderElection15] INFO  server.RaftServerConfigKeys (ConfUtils.java:logGet(44)) - raft.server.staging.catchup.gap = 1000 (default)
2020-07-19 12:59:15,358 [60b4693a-24a9-4f9a-8d7e-763e228c0b97@group-F2A7FFDE51A0-LeaderElection15] INFO  server.RaftServerConfigKeys (ConfUtils.java:logGet(44)) - raft.server.rpc.sleep.time = 25ms (default)
2020-07-19 12:59:15,359 [60b4693a-24a9-4f9a-8d7e-763e228c0b97@group-F2A7FFDE51A0-LeaderElection15] INFO  metrics.RatisMetrics (RatisMetrics.java:lambda$create$0(36)) - Creating Metrics Registry : ratis.log_appender.60b4693a-24a9-4f9a-8d7e-763e228c0b97@group-F2A7FFDE51A0
2020-07-19 12:59:15,360 [60b4693a-24a9-4f9a-8d7e-763e228c0b97@group-F2A7FFDE51A0-LeaderElection15] INFO  server.RaftServerConfigKeys (ConfUtils.java:logGet(44)) - raft.server.write.element-limit = 1024 (custom)
2020-07-19 12:59:15,360 [60b4693a-24a9-4f9a-8d7e-763e228c0b97@group-F2A7FFDE51A0-LeaderElection15] INFO  server.RaftServerConfigKeys (ConfUtils.java:logGet(44)) - raft.server.write.byte-limit = 1073741824 (custom)
2020-07-19 12:59:15,361 [60b4693a-24a9-4f9a-8d7e-763e228c0b97@group-F2A7FFDE51A0-LeaderElection15] INFO  server.RaftServerConfigKeys (ConfUtils.java:logGet(44)) - raft.server.watch.timeout = 3000ms (custom)
2020-07-19 12:59:15,361 [60b4693a-24a9-4f9a-8d7e-763e228c0b97@group-F2A7FFDE51A0-LeaderElection15] INFO  server.RaftServerConfigKeys (ConfUtils.java:logGet(44)) - raft.server.watch.timeout.denomination = 1s (default)
2020-07-19 12:59:15,361 [60b4693a-24a9-4f9a-8d7e-763e228c0b97@group-F2A7FFDE51A0-LeaderElection15] INFO  server.RaftServerConfigKeys (ConfUtils.java:logGet(44)) - raft.server.watch.element-limit = 65536 (default)
2020-07-19 12:59:15,361 [60b4693a-24a9-4f9a-8d7e-763e228c0b97@group-F2A7FFDE51A0-LeaderElection15] INFO  impl.RoleInfo (RoleInfo.java:updateAndGet(143)) - 60b4693a-24a9-4f9a-8d7e-763e228c0b97: start LeaderState
2020-07-19 12:59:15,361 [60b4693a-24a9-4f9a-8d7e-763e228c0b97@group-F2A7FFDE51A0-LeaderElection15] INFO  segmented.SegmentedRaftLogWorker (SegmentedRaftLogWorker.java:startLogSegment(397)) - 60b4693a-24a9-4f9a-8d7e-763e228c0b97@group-F2A7FFDE51A0-SegmentedRaftLogWorker: Starting segment from index:0
2020-07-19 12:59:15,362 [60b4693a-24a9-4f9a-8d7e-763e228c0b97@group-F2A7FFDE51A0-LeaderElection15] INFO  impl.RaftServerImpl (ServerState.java:setRaftConf(356)) - 60b4693a-24a9-4f9a-8d7e-763e228c0b97@group-F2A7FFDE51A0: set configuration 0: [60b4693a-24a9-4f9a-8d7e-763e228c0b97:172.17.0.2:45129], old=null at 0
2020-07-19 12:59:15,362 [60b4693a-24a9-4f9a-8d7e-763e228c0b97@group-F2A7FFDE51A0-SegmentedRaftLogWorker] INFO  segmented.SegmentedRaftLogWorker (SegmentedRaftLogWorker.java:execute(596)) - 60b4693a-24a9-4f9a-8d7e-763e228c0b97@group-F2A7FFDE51A0-SegmentedRaftLogWorker: created new log segment /github/workspace/mnt/ozone/hadoop-ozone/integration-test/target/test-dir/MiniOzoneClusterImpl-8824b896-4141-4ae0-8a85-a38dd1836ba7/datanode-3/data/ratis/b7fd7509-c4d3-4488-8e1e-f2a7ffde51a0/current/log_inprogress_0
2020-07-19 12:59:15,364 [Thread-591] INFO  impl.FollowerState (FollowerState.java:run(108)) - af89afa7-310b-41e3-a030-5f9c19d0a39c@group-8F0C7F9C9EB9-FollowerState: change to CANDIDATE, lastRpcTime:5188ms, electionTimeout:5188ms
2020-07-19 12:59:15,365 [Thread-591] INFO  impl.RoleInfo (RoleInfo.java:shutdownFollowerState(121)) - af89afa7-310b-41e3-a030-5f9c19d0a39c: shutdown FollowerState
2020-07-19 12:59:15,365 [Thread-591] INFO  impl.RaftServerImpl (RaftServerImpl.java:setRole(175)) - af89afa7-310b-41e3-a030-5f9c19d0a39c@group-8F0C7F9C9EB9: changes role from  FOLLOWER to CANDIDATE at term 0 for changeToCandidate
2020-07-19 12:59:15,365 [Thread-591] INFO  impl.RoleInfo (RoleInfo.java:updateAndGet(143)) - af89afa7-310b-41e3-a030-5f9c19d0a39c: start LeaderElection
2020-07-19 12:59:15,372 [af89afa7-310b-41e3-a030-5f9c19d0a39c@group-8F0C7F9C9EB9-LeaderElection16] INFO  impl.LeaderElection (LeaderElection.java:askForVotes(206)) - af89afa7-310b-41e3-a030-5f9c19d0a39c@group-8F0C7F9C9EB9-LeaderElection16: begin an election at term 1 for -1: [af89afa7-310b-41e3-a030-5f9c19d0a39c:172.17.0.2:33475], old=null
2020-07-19 12:59:15,372 [af89afa7-310b-41e3-a030-5f9c19d0a39c@group-8F0C7F9C9EB9-LeaderElection16] INFO  impl.RoleInfo (RoleInfo.java:shutdownLeaderElection(134)) - af89afa7-310b-41e3-a030-5f9c19d0a39c: shutdown LeaderElection
2020-07-19 12:59:15,372 [af89afa7-310b-41e3-a030-5f9c19d0a39c@group-8F0C7F9C9EB9-LeaderElection16] INFO  impl.RaftServerImpl (RaftServerImpl.java:setRole(175)) - af89afa7-310b-41e3-a030-5f9c19d0a39c@group-8F0C7F9C9EB9: changes role from CANDIDATE to LEADER at term 1 for changeToLeader
2020-07-19 12:59:15,372 [af89afa7-310b-41e3-a030-5f9c19d0a39c@group-8F0C7F9C9EB9-LeaderElection16] INFO  ratis.XceiverServerRatis (XceiverServerRatis.java:handleLeaderChangedNotification(820)) - Leader change notification received for group: group-8F0C7F9C9EB9 with new leaderId: af89afa7-310b-41e3-a030-5f9c19d0a39c
2020-07-19 12:59:15,372 [af89afa7-310b-41e3-a030-5f9c19d0a39c@group-8F0C7F9C9EB9-LeaderElection16] INFO  impl.RaftServerImpl (ServerState.java:setLeader(255)) - af89afa7-310b-41e3-a030-5f9c19d0a39c@group-8F0C7F9C9EB9: change Leader from null to af89afa7-310b-41e3-a030-5f9c19d0a39c at term 1 for becomeLeader, leader elected after 5203ms
2020-07-19 12:59:15,373 [af89afa7-310b-41e3-a030-5f9c19d0a39c@group-8F0C7F9C9EB9-LeaderElection16] INFO  server.RaftServerConfigKeys (ConfUtils.java:logGet(44)) - raft.server.staging.catchup.gap = 1000 (default)
2020-07-19 12:59:15,373 [af89afa7-310b-41e3-a030-5f9c19d0a39c@group-8F0C7F9C9EB9-LeaderElection16] INFO  server.RaftServerConfigKeys (ConfUtils.java:logGet(44)) - raft.server.rpc.sleep.time = 25ms (default)
2020-07-19 12:59:15,373 [af89afa7-310b-41e3-a030-5f9c19d0a39c@group-8F0C7F9C9EB9-LeaderElection16] INFO  metrics.RatisMetrics (RatisMetrics.java:lambda$create$0(36)) - Creating Metrics Registry : ratis.log_appender.af89afa7-310b-41e3-a030-5f9c19d0a39c@group-8F0C7F9C9EB9
2020-07-19 12:59:15,373 [af89afa7-310b-41e3-a030-5f9c19d0a39c@group-8F0C7F9C9EB9-LeaderElection16] INFO  server.RaftServerConfigKeys (ConfUtils.java:logGet(44)) - raft.server.write.element-limit = 1024 (custom)
2020-07-19 12:59:15,373 [af89afa7-310b-41e3-a030-5f9c19d0a39c@group-8F0C7F9C9EB9-LeaderElection16] INFO  server.RaftServerConfigKeys (ConfUtils.java:logGet(44)) - raft.server.write.byte-limit = 1073741824 (custom)
2020-07-19 12:59:15,374 [af89afa7-310b-41e3-a030-5f9c19d0a39c@group-8F0C7F9C9EB9-LeaderElection16] INFO  server.RaftServerConfigKeys (ConfUtils.java:logGet(44)) - raft.server.watch.timeout = 3000ms (custom)
2020-07-19 12:59:15,374 [af89afa7-310b-41e3-a030-5f9c19d0a39c@group-8F0C7F9C9EB9-LeaderElection16] INFO  server.RaftServerConfigKeys (ConfUtils.java:logGet(44)) - raft.server.watch.timeout.denomination = 1s (default)
2020-07-19 12:59:15,374 [af89afa7-310b-41e3-a030-5f9c19d0a39c@group-8F0C7F9C9EB9-LeaderElection16] INFO  server.RaftServerConfigKeys (ConfUtils.java:logGet(44)) - raft.server.watch.element-limit = 65536 (default)
2020-07-19 12:59:15,374 [af89afa7-310b-41e3-a030-5f9c19d0a39c@group-8F0C7F9C9EB9-LeaderElection16] INFO  impl.RoleInfo (RoleInfo.java:updateAndGet(143)) - af89afa7-310b-41e3-a030-5f9c19d0a39c: start LeaderState
2020-07-19 12:59:15,375 [af89afa7-310b-41e3-a030-5f9c19d0a39c@group-8F0C7F9C9EB9-LeaderElection16] INFO  segmented.SegmentedRaftLogWorker (SegmentedRaftLogWorker.java:startLogSegment(397)) - af89afa7-310b-41e3-a030-5f9c19d0a39c@group-8F0C7F9C9EB9-SegmentedRaftLogWorker: Starting segment from index:0
2020-07-19 12:59:15,375 [af89afa7-310b-41e3-a030-5f9c19d0a39c@group-8F0C7F9C9EB9-LeaderElection16] INFO  impl.RaftServerImpl (ServerState.java:setRaftConf(356)) - af89afa7-310b-41e3-a030-5f9c19d0a39c@group-8F0C7F9C9EB9: set configuration 0: [af89afa7-310b-41e3-a030-5f9c19d0a39c:172.17.0.2:33475], old=null at 0
2020-07-19 12:59:15,377 [af89afa7-310b-41e3-a030-5f9c19d0a39c@group-8F0C7F9C9EB9-SegmentedRaftLogWorker] INFO  segmented.SegmentedRaftLogWorker (SegmentedRaftLogWorker.java:execute(596)) - af89afa7-310b-41e3-a030-5f9c19d0a39c@group-8F0C7F9C9EB9-SegmentedRaftLogWorker: created new log segment /github/workspace/mnt/ozone/hadoop-ozone/integration-test/target/test-dir/MiniOzoneClusterImpl-8824b896-4141-4ae0-8a85-a38dd1836ba7/datanode-2/data/ratis/6ac2399f-98b2-46f0-a6b3-8f0c7f9c9eb9/current/log_inprogress_0
2020-07-19 12:59:15,425 [Thread-597] INFO  impl.FollowerState (FollowerState.java:run(108)) - 7448be25-6ee6-481d-867e-081d62f0ad37@group-3183008B4F90-FollowerState: change to CANDIDATE, lastRpcTime:5064ms, electionTimeout:5063ms
2020-07-19 12:59:15,425 [Thread-597] INFO  impl.RoleInfo (RoleInfo.java:shutdownFollowerState(121)) - 7448be25-6ee6-481d-867e-081d62f0ad37: shutdown FollowerState
2020-07-19 12:59:15,425 [Thread-597] INFO  impl.RaftServerImpl (RaftServerImpl.java:setRole(175)) - 7448be25-6ee6-481d-867e-081d62f0ad37@group-3183008B4F90: changes role from  FOLLOWER to CANDIDATE at term 0 for changeToCandidate
2020-07-19 12:59:15,425 [Thread-597] INFO  impl.RoleInfo (RoleInfo.java:updateAndGet(143)) - 7448be25-6ee6-481d-867e-081d62f0ad37: start LeaderElection
2020-07-19 12:59:15,430 [7448be25-6ee6-481d-867e-081d62f0ad37@group-3183008B4F90-LeaderElection17] INFO  impl.LeaderElection (LeaderElection.java:askForVotes(206)) - 7448be25-6ee6-481d-867e-081d62f0ad37@group-3183008B4F90-LeaderElection17: begin an election at term 1 for -1: [7448be25-6ee6-481d-867e-081d62f0ad37:172.17.0.2:39635, 60b4693a-24a9-4f9a-8d7e-763e228c0b97:172.17.0.2:45129, 45b92da7-6fd5-4e69-8c49-135295713f70:172.17.0.2:46823], old=null
2020-07-19 12:59:15,442 [Thread-595] INFO  impl.FollowerState (FollowerState.java:run(108)) - 60b4693a-24a9-4f9a-8d7e-763e228c0b97@group-3183008B4F90-FollowerState: change to CANDIDATE, lastRpcTime:5108ms, electionTimeout:5105ms
2020-07-19 12:59:15,443 [Thread-595] INFO  impl.RoleInfo (RoleInfo.java:shutdownFollowerState(121)) - 60b4693a-24a9-4f9a-8d7e-763e228c0b97: shutdown FollowerState
2020-07-19 12:59:15,443 [Thread-595] INFO  impl.RaftServerImpl (RaftServerImpl.java:setRole(175)) - 60b4693a-24a9-4f9a-8d7e-763e228c0b97@group-3183008B4F90: changes role from  FOLLOWER to CANDIDATE at term 0 for changeToCandidate
2020-07-19 12:59:15,443 [Thread-595] INFO  impl.RoleInfo (RoleInfo.java:updateAndGet(143)) - 60b4693a-24a9-4f9a-8d7e-763e228c0b97: start LeaderElection
2020-07-19 12:59:15,456 [grpc-default-executor-0] INFO  impl.RaftServerImpl (RaftServerImpl.java:setRole(175)) - 45b92da7-6fd5-4e69-8c49-135295713f70@group-3183008B4F90: changes role from  FOLLOWER to FOLLOWER at term 1 for recognizeCandidate:7448be25-6ee6-481d-867e-081d62f0ad37
2020-07-19 12:59:15,457 [grpc-default-executor-0] INFO  impl.RoleInfo (RoleInfo.java:shutdownFollowerState(121)) - 45b92da7-6fd5-4e69-8c49-135295713f70: shutdown FollowerState
2020-07-19 12:59:15,457 [grpc-default-executor-0] INFO  impl.RoleInfo (RoleInfo.java:updateAndGet(143)) - 45b92da7-6fd5-4e69-8c49-135295713f70: start FollowerState
2020-07-19 12:59:15,457 [Thread-600] INFO  impl.FollowerState (FollowerState.java:run(117)) - 45b92da7-6fd5-4e69-8c49-135295713f70@group-3183008B4F90-FollowerState was interrupted: java.lang.InterruptedException: sleep interrupted
2020-07-19 12:59:15,457 [grpc-default-executor-3] INFO  impl.RaftServerImpl (RaftServerImpl.java:setRole(175)) - 60b4693a-24a9-4f9a-8d7e-763e228c0b97@group-3183008B4F90: changes role from CANDIDATE to FOLLOWER at term 1 for recognizeCandidate:7448be25-6ee6-481d-867e-081d62f0ad37
2020-07-19 12:59:15,457 [grpc-default-executor-3] INFO  impl.RoleInfo (RoleInfo.java:shutdownLeaderElection(134)) - 60b4693a-24a9-4f9a-8d7e-763e228c0b97: shutdown LeaderElection
2020-07-19 12:59:15,458 [grpc-default-executor-3] INFO  impl.RoleInfo (RoleInfo.java:updateAndGet(143)) - 60b4693a-24a9-4f9a-8d7e-763e228c0b97: start FollowerState
2020-07-19 12:59:15,463 [7448be25-6ee6-481d-867e-081d62f0ad37@group-3183008B4F90-LeaderElection17] INFO  impl.LeaderElection (LeaderElection.java:logAndReturn(61)) - 7448be25-6ee6-481d-867e-081d62f0ad37@group-3183008B4F90-LeaderElection17: Election PASSED; received 1 response(s) [7448be25-6ee6-481d-867e-081d62f0ad37<-45b92da7-6fd5-4e69-8c49-135295713f70#0:OK-t1] and 0 exception(s); 7448be25-6ee6-481d-867e-081d62f0ad37@group-3183008B4F90:t1, leader=null, voted=7448be25-6ee6-481d-867e-081d62f0ad37, raftlog=7448be25-6ee6-481d-867e-081d62f0ad37@group-3183008B4F90-SegmentedRaftLog:OPENED:c-1,f-1,i0, conf=-1: [7448be25-6ee6-481d-867e-081d62f0ad37:172.17.0.2:39635, 60b4693a-24a9-4f9a-8d7e-763e228c0b97:172.17.0.2:45129, 45b92da7-6fd5-4e69-8c49-135295713f70:172.17.0.2:46823], old=null
2020-07-19 12:59:15,463 [7448be25-6ee6-481d-867e-081d62f0ad37@group-3183008B4F90-LeaderElection17] INFO  impl.RoleInfo (RoleInfo.java:shutdownLeaderElection(134)) - 7448be25-6ee6-481d-867e-081d62f0ad37: shutdown LeaderElection
2020-07-19 12:59:15,463 [7448be25-6ee6-481d-867e-081d62f0ad37@group-3183008B4F90-LeaderElection17] INFO  impl.RaftServerImpl (RaftServerImpl.java:setRole(175)) - 7448be25-6ee6-481d-867e-081d62f0ad37@group-3183008B4F90: changes role from CANDIDATE to LEADER at term 1 for changeToLeader
2020-07-19 12:59:15,463 [7448be25-6ee6-481d-867e-081d62f0ad37@group-3183008B4F90-LeaderElection17] INFO  ratis.XceiverServerRatis (XceiverServerRatis.java:handleLeaderChangedNotification(820)) - Leader change notification received for group: group-3183008B4F90 with new leaderId: 7448be25-6ee6-481d-867e-081d62f0ad37
2020-07-19 12:59:15,463 [7448be25-6ee6-481d-867e-081d62f0ad37@group-3183008B4F90-LeaderElection17] INFO  impl.RaftServerImpl (ServerState.java:setLeader(255)) - 7448be25-6ee6-481d-867e-081d62f0ad37@group-3183008B4F90: change Leader from null to 7448be25-6ee6-481d-867e-081d62f0ad37 at term 1 for becomeLeader, leader elected after 5109ms
2020-07-19 12:59:15,465 [60b4693a-24a9-4f9a-8d7e-763e228c0b97@group-3183008B4F90-LeaderElection18] INFO  impl.LeaderElection (LeaderElection.java:askForVotes(206)) - 60b4693a-24a9-4f9a-8d7e-763e228c0b97@group-3183008B4F90-LeaderElection18: begin an election at term 2 for -1: [7448be25-6ee6-481d-867e-081d62f0ad37:172.17.0.2:39635, 60b4693a-24a9-4f9a-8d7e-763e228c0b97:172.17.0.2:45129, 45b92da7-6fd5-4e69-8c49-135295713f70:172.17.0.2:46823], old=null
2020-07-19 12:59:15,465 [7448be25-6ee6-481d-867e-081d62f0ad37@group-3183008B4F90-LeaderElection17] INFO  server.RaftServerConfigKeys (ConfUtils.java:logGet(44)) - raft.server.staging.catchup.gap = 1000 (default)
2020-07-19 12:59:15,467 [7448be25-6ee6-481d-867e-081d62f0ad37@group-3183008B4F90-LeaderElection17] INFO  server.RaftServerConfigKeys (ConfUtils.java:logGet(44)) - raft.server.rpc.sleep.time = 25ms (default)
2020-07-19 12:59:15,465 [EventQueue-PipelineReportForPipelineReportHandler] INFO  pipeline.PipelineStateManager (PipelineStateManager.java:openPipeline(131)) - Pipeline Pipeline[ Id: 20295e19-fc6c-450f-aa9f-3183008b4f90, Nodes: 7448be25-6ee6-481d-867e-081d62f0ad37{ip: 172.17.0.2, host: fe49c764e40f, networkLocation: /default-rack, certSerialId: null}60b4693a-24a9-4f9a-8d7e-763e228c0b97{ip: 172.17.0.2, host: fe49c764e40f, networkLocation: /default-rack, certSerialId: null}45b92da7-6fd5-4e69-8c49-135295713f70{ip: 172.17.0.2, host: fe49c764e40f, networkLocation: /default-rack, certSerialId: null}, Type:RATIS, Factor:THREE, State:ALLOCATED, leaderId:7448be25-6ee6-481d-867e-081d62f0ad37, CreationTimestamp2020-07-19T12:59:07.574Z] moved to OPEN state
2020-07-19 12:59:15,468 [7448be25-6ee6-481d-867e-081d62f0ad37@group-3183008B4F90-LeaderElection17] INFO  metrics.RatisMetrics (RatisMetrics.java:lambda$create$0(36)) - Creating Metrics Registry : ratis.log_appender.7448be25-6ee6-481d-867e-081d62f0ad37@group-3183008B4F90
2020-07-19 12:59:15,468 [7448be25-6ee6-481d-867e-081d62f0ad37@group-3183008B4F90-LeaderElection17] INFO  server.RaftServerConfigKeys (ConfUtils.java:logGet(44)) - raft.server.write.element-limit = 1024 (custom)
2020-07-19 12:59:15,468 [7448be25-6ee6-481d-867e-081d62f0ad37@group-3183008B4F90-LeaderElection17] INFO  server.RaftServerConfigKeys (ConfUtils.java:logGet(44)) - raft.server.write.byte-limit = 1073741824 (custom)
2020-07-19 12:59:15,469 [7448be25-6ee6-481d-867e-081d62f0ad37@group-3183008B4F90-LeaderElection17] INFO  server.RaftServerConfigKeys (ConfUtils.java:logGet(44)) - raft.server.watch.timeout = 3000ms (custom)
2020-07-19 12:59:15,469 [7448be25-6ee6-481d-867e-081d62f0ad37@group-3183008B4F90-LeaderElection17] INFO  server.RaftServerConfigKeys (ConfUtils.java:logGet(44)) - raft.server.watch.timeout.denomination = 1s (default)
2020-07-19 12:59:15,469 [7448be25-6ee6-481d-867e-081d62f0ad37@group-3183008B4F90-LeaderElection17] INFO  server.RaftServerConfigKeys (ConfUtils.java:logGet(44)) - raft.server.watch.element-limit = 65536 (default)
2020-07-19 12:59:15,469 [7448be25-6ee6-481d-867e-081d62f0ad37@group-3183008B4F90-LeaderElection17] INFO  server.RaftServerConfigKeys (ConfUtils.java:logGet(44)) - raft.server.log.appender.snapshot.chunk.size.max = 16MB (=16777216) (default)
2020-07-19 12:59:15,469 [7448be25-6ee6-481d-867e-081d62f0ad37@group-3183008B4F90-LeaderElection17] INFO  server.RaftServerConfigKeys (ConfUtils.java:logGet(44)) - raft.server.log.appender.buffer.byte-limit = 33554432 (custom)
2020-07-19 12:59:15,469 [7448be25-6ee6-481d-867e-081d62f0ad37@group-3183008B4F90-LeaderElection17] INFO  server.RaftServerConfigKeys (ConfUtils.java:logGet(44)) - raft.server.log.appender.buffer.element-limit = 1 (custom)
2020-07-19 12:59:15,476 [60b4693a-24a9-4f9a-8d7e-763e228c0b97@group-3183008B4F90-LeaderElection18] INFO  impl.LeaderElection (LeaderElection.java:logAndReturn(61)) - 60b4693a-24a9-4f9a-8d7e-763e228c0b97@group-3183008B4F90-LeaderElection18: Election REJECTED; received 0 response(s) [] and 0 exception(s); 60b4693a-24a9-4f9a-8d7e-763e228c0b97@group-3183008B4F90:t2, leader=null, voted=60b4693a-24a9-4f9a-8d7e-763e228c0b97, raftlog=60b4693a-24a9-4f9a-8d7e-763e228c0b97@group-3183008B4F90-SegmentedRaftLog:OPENED:c-1,f-1,i0, conf=-1: [7448be25-6ee6-481d-867e-081d62f0ad37:172.17.0.2:39635, 60b4693a-24a9-4f9a-8d7e-763e228c0b97:172.17.0.2:45129, 45b92da7-6fd5-4e69-8c49-135295713f70:172.17.0.2:46823], old=null
2020-07-19 12:59:15,484 [7448be25-6ee6-481d-867e-081d62f0ad37@group-3183008B4F90-LeaderElection17] INFO  grpc.GrpcConfigKeys (ConfUtils.java:logGet(44)) - raft.grpc.server.leader.outstanding.appends.max = 128 (default)
2020-07-19 12:59:15,484 [7448be25-6ee6-481d-867e-081d62f0ad37@group-3183008B4F90-LeaderElection17] INFO  server.RaftServerConfigKeys (ConfUtils.java:logGet(44)) - raft.server.rpc.request.timeout = 3000ms (default)
2020-07-19 12:59:15,484 [7448be25-6ee6-481d-867e-081d62f0ad37@group-3183008B4F90-LeaderElection17] INFO  server.RaftServerConfigKeys (ConfUtils.java:logGet(44)) - raft.server.log.appender.install.snapshot.enabled = false (custom)
2020-07-19 12:59:15,484 [7448be25-6ee6-481d-867e-081d62f0ad37@group-3183008B4F90-LeaderElection17] INFO  metrics.RatisMetrics (RatisMetrics.java:lambda$create$0(36)) - Creating Metrics Registry : ratis_grpc.log_appender.7448be25-6ee6-481d-867e-081d62f0ad37@group-3183008B4F90
2020-07-19 12:59:15,485 [7448be25-6ee6-481d-867e-081d62f0ad37@group-3183008B4F90-LeaderElection17] INFO  server.RaftServerConfigKeys (ConfUtils.java:logGet(44)) - raft.server.log.appender.snapshot.chunk.size.max = 16MB (=16777216) (default)
2020-07-19 12:59:15,486 [7448be25-6ee6-481d-867e-081d62f0ad37@group-3183008B4F90-LeaderElection17] INFO  server.RaftServerConfigKeys (ConfUtils.java:logGet(44)) - raft.server.log.appender.buffer.byte-limit = 33554432 (custom)
2020-07-19 12:59:15,486 [7448be25-6ee6-481d-867e-081d62f0ad37@group-3183008B4F90-LeaderElection17] INFO  server.RaftServerConfigKeys (ConfUtils.java:logGet(44)) - raft.server.log.appender.buffer.element-limit = 1 (custom)
2020-07-19 12:59:15,486 [7448be25-6ee6-481d-867e-081d62f0ad37@group-3183008B4F90-LeaderElection17] INFO  grpc.GrpcConfigKeys (ConfUtils.java:logGet(44)) - raft.grpc.server.leader.outstanding.appends.max = 128 (default)
2020-07-19 12:59:15,486 [7448be25-6ee6-481d-867e-081d62f0ad37@group-3183008B4F90-LeaderElection17] INFO  server.RaftServerConfigKeys (ConfUtils.java:logGet(44)) - raft.server.rpc.request.timeout = 3000ms (default)
2020-07-19 12:59:15,486 [7448be25-6ee6-481d-867e-081d62f0ad37@group-3183008B4F90-LeaderElection17] INFO  server.RaftServerConfigKeys (ConfUtils.java:logGet(44)) - raft.server.log.appender.install.snapshot.enabled = false (custom)
2020-07-19 12:59:15,487 [7448be25-6ee6-481d-867e-081d62f0ad37@group-3183008B4F90-LeaderElection17] INFO  impl.RoleInfo (RoleInfo.java:updateAndGet(143)) - 7448be25-6ee6-481d-867e-081d62f0ad37: start LeaderState
2020-07-19 12:59:15,488 [7448be25-6ee6-481d-867e-081d62f0ad37@group-3183008B4F90-LeaderElection17] INFO  segmented.SegmentedRaftLogWorker (SegmentedRaftLogWorker.java:startLogSegment(397)) - 7448be25-6ee6-481d-867e-081d62f0ad37@group-3183008B4F90-SegmentedRaftLogWorker: Starting segment from index:0
2020-07-19 12:59:15,489 [7448be25-6ee6-481d-867e-081d62f0ad37@group-3183008B4F90-SegmentedRaftLogWorker] INFO  segmented.SegmentedRaftLogWorker (SegmentedRaftLogWorker.java:execute(596)) - 7448be25-6ee6-481d-867e-081d62f0ad37@group-3183008B4F90-SegmentedRaftLogWorker: created new log segment /github/workspace/mnt/ozone/hadoop-ozone/integration-test/target/test-dir/MiniOzoneClusterImpl-8824b896-4141-4ae0-8a85-a38dd1836ba7/datanode-5/data/ratis/20295e19-fc6c-450f-aa9f-3183008b4f90/current/log_inprogress_0
2020-07-19 12:59:15,498 [7448be25-6ee6-481d-867e-081d62f0ad37@group-3183008B4F90-LeaderElection17] INFO  impl.RaftServerImpl (ServerState.java:setRaftConf(356)) - 7448be25-6ee6-481d-867e-081d62f0ad37@group-3183008B4F90: set configuration 0: [7448be25-6ee6-481d-867e-081d62f0ad37:172.17.0.2:39635, 60b4693a-24a9-4f9a-8d7e-763e228c0b97:172.17.0.2:45129, 45b92da7-6fd5-4e69-8c49-135295713f70:172.17.0.2:46823], old=null at 0
2020-07-19 12:59:15,515 [grpc-default-executor-0] INFO  impl.RaftServerImpl (ServerState.java:setLeader(255)) - 7448be25-6ee6-481d-867e-081d62f0ad37@group-3183008B4F90: change Leader from 7448be25-6ee6-481d-867e-081d62f0ad37 to null at term 2 for updateCurrentTerm
2020-07-19 12:59:15,515 [grpc-default-executor-0] INFO  impl.RaftServerImpl (RaftServerImpl.java:setRole(175)) - 7448be25-6ee6-481d-867e-081d62f0ad37@group-3183008B4F90: changes role from    LEADER to FOLLOWER at term 2 for recognizeCandidate:60b4693a-24a9-4f9a-8d7e-763e228c0b97
2020-07-19 12:59:15,515 [grpc-default-executor-0] INFO  impl.RoleInfo (RoleInfo.java:shutdownLeaderState(104)) - 7448be25-6ee6-481d-867e-081d62f0ad37: shutdown LeaderState
2020-07-19 12:59:15,516 [grpc-default-executor-0] INFO  metrics.RatisMetrics (RatisMetrics.java:unregister(43)) - Unregistering Metrics Registry : ratis_grpc.log_appender.7448be25-6ee6-481d-867e-081d62f0ad37@group-3183008B4F90
2020-07-19 12:59:15,516 [grpc-default-executor-0] INFO  metrics.RatisMetrics (RatisMetrics.java:unregister(43)) - Unregistering Metrics Registry : ratis_grpc.log_appender.7448be25-6ee6-481d-867e-081d62f0ad37@group-3183008B4F90
2020-07-19 12:59:15,516 [org.apache.ratis.server.impl.LogAppender$AppenderDaemon$$Lambda$439/925326744@1bf16981] WARN  server.GrpcLogAppender (GrpcLogAppender.java:mayWait(153)) - 7448be25-6ee6-481d-867e-081d62f0ad37@group-3183008B4F90->60b4693a-24a9-4f9a-8d7e-763e228c0b97-GrpcLogAppender: Wait interrupted by java.lang.InterruptedException
2020-07-19 12:59:15,517 [grpc-default-executor-2] INFO  server.GrpcServerProtocolService (GrpcServerProtocolService.java:onCompleted(138)) - 60b4693a-24a9-4f9a-8d7e-763e228c0b97: Completed APPEND_ENTRIES, lastRequest: 7448be25-6ee6-481d-867e-081d62f0ad37->60b4693a-24a9-4f9a-8d7e-763e228c0b97#1-t1, previous=(t:0, i:0), leaderCommit=-1, initializing? false, entries: size=1, first=(t:1, i:0), CONFIGURATIONENTRY
2020-07-19 12:59:15,518 [grpc-default-executor-1] INFO  impl.RaftServerImpl (RaftServerImpl.java:setRole(175)) - 45b92da7-6fd5-4e69-8c49-135295713f70@group-3183008B4F90: changes role from  FOLLOWER to FOLLOWER at term 2 for recognizeCandidate:60b4693a-24a9-4f9a-8d7e-763e228c0b97
2020-07-19 12:59:15,518 [grpc-default-executor-1] INFO  impl.RoleInfo (RoleInfo.java:shutdownFollowerState(121)) - 45b92da7-6fd5-4e69-8c49-135295713f70: shutdown FollowerState
2020-07-19 12:59:15,518 [grpc-default-executor-1] INFO  impl.RoleInfo (RoleInfo.java:updateAndGet(143)) - 45b92da7-6fd5-4e69-8c49-135295713f70: start FollowerState
2020-07-19 12:59:15,518 [Thread-634] INFO  impl.FollowerState (FollowerState.java:run(117)) - 45b92da7-6fd5-4e69-8c49-135295713f70@group-3183008B4F90-FollowerState was interrupted: java.lang.InterruptedException: sleep interrupted
2020-07-19 12:59:15,522 [org.apache.ratis.server.impl.LogAppender$AppenderDaemon$$Lambda$439/925326744@45d07fb8] WARN  server.GrpcLogAppender (GrpcLogAppender.java:mayWait(153)) - 7448be25-6ee6-481d-867e-081d62f0ad37@group-3183008B4F90->45b92da7-6fd5-4e69-8c49-135295713f70-GrpcLogAppender: Wait interrupted by java.lang.InterruptedException
2020-07-19 12:59:15,523 [grpc-default-executor-0] INFO  impl.PendingRequests (PendingRequests.java:sendNotLeaderResponses(249)) - 7448be25-6ee6-481d-867e-081d62f0ad37@group-3183008B4F90-PendingRequests: sendNotLeaderResponses
2020-07-19 12:59:15,523 [grpc-default-executor-0] INFO  metrics.RatisMetrics (RatisMetrics.java:unregister(43)) - Unregistering Metrics Registry : ratis.log_appender.7448be25-6ee6-481d-867e-081d62f0ad37@group-3183008B4F90
2020-07-19 12:59:15,523 [grpc-default-executor-0] INFO  metrics.RatisMetrics (RatisMetrics.java:unregister(43)) - Unregistering Metrics Registry : ratis.server.7448be25-6ee6-481d-867e-081d62f0ad37@group-3183008B4F90
2020-07-19 12:59:15,524 [grpc-default-executor-0] INFO  impl.RoleInfo (RoleInfo.java:updateAndGet(143)) - 7448be25-6ee6-481d-867e-081d62f0ad37: start FollowerState
2020-07-19 12:59:15,525 [grpc-default-executor-3] INFO  server.GrpcServerProtocolService (GrpcServerProtocolService.java:onCompleted(138)) - 45b92da7-6fd5-4e69-8c49-135295713f70: Completed APPEND_ENTRIES, lastRequest: 7448be25-6ee6-481d-867e-081d62f0ad37->45b92da7-6fd5-4e69-8c49-135295713f70#1-t1, previous=(t:0, i:0), leaderCommit=-1, initializing? false, entries: size=1, first=(t:1, i:0), CONFIGURATIONENTRY
2020-07-19 12:59:15,529 [grpc-default-executor-4] INFO  server.GrpcLogAppender (GrpcLogAppender.java:onCompleted(319)) - 7448be25-6ee6-481d-867e-081d62f0ad37@group-3183008B4F90->60b4693a-24a9-4f9a-8d7e-763e228c0b97-AppendLogResponseHandler: follower responses appendEntries COMPLETED
2020-07-19 12:59:15,529 [grpc-default-executor-0] INFO  server.GrpcLogAppender (GrpcLogAppender.java:onCompleted(319)) - 7448be25-6ee6-481d-867e-081d62f0ad37@group-3183008B4F90->45b92da7-6fd5-4e69-8c49-135295713f70-AppendLogResponseHandler: follower responses appendEntries COMPLETED
2020-07-19 12:59:15,532 [grpc-default-executor-0] INFO  impl.FollowerInfo (FollowerInfo.java:lambda$new$0(51)) - 7448be25-6ee6-481d-867e-081d62f0ad37@group-3183008B4F90->45b92da7-6fd5-4e69-8c49-135295713f70: nextIndex: updateUnconditionally 1 -> 0
2020-07-19 12:59:15,532 [grpc-default-executor-4] INFO  impl.FollowerInfo (FollowerInfo.java:lambda$new$0(51)) - 7448be25-6ee6-481d-867e-081d62f0ad37@group-3183008B4F90->60b4693a-24a9-4f9a-8d7e-763e228c0b97: nextIndex: updateUnconditionally 1 -> 0
2020-07-19 12:59:15,636 [Thread-603] INFO  impl.FollowerState (FollowerState.java:run(108)) - 45b92da7-6fd5-4e69-8c49-135295713f70@group-A40045290981-FollowerState: change to CANDIDATE, lastRpcTime:5199ms, electionTimeout:5198ms
2020-07-19 12:59:15,636 [Thread-603] INFO  impl.RoleInfo (RoleInfo.java:shutdownFollowerState(121)) - 45b92da7-6fd5-4e69-8c49-135295713f70: shutdown FollowerState
2020-07-19 12:59:15,636 [Thread-603] INFO  impl.RaftServerImpl (RaftServerImpl.java:setRole(175)) - 45b92da7-6fd5-4e69-8c49-135295713f70@group-A40045290981: changes role from  FOLLOWER to CANDIDATE at term 0 for changeToCandidate
2020-07-19 12:59:15,636 [Thread-603] INFO  impl.RoleInfo (RoleInfo.java:updateAndGet(143)) - 45b92da7-6fd5-4e69-8c49-135295713f70: start LeaderElection
2020-07-19 12:59:15,640 [45b92da7-6fd5-4e69-8c49-135295713f70@group-A40045290981-LeaderElection19] INFO  impl.LeaderElection (LeaderElection.java:askForVotes(206)) - 45b92da7-6fd5-4e69-8c49-135295713f70@group-A40045290981-LeaderElection19: begin an election at term 1 for -1: [45b92da7-6fd5-4e69-8c49-135295713f70:172.17.0.2:46823], old=null
2020-07-19 12:59:15,640 [45b92da7-6fd5-4e69-8c49-135295713f70@group-A40045290981-LeaderElection19] INFO  impl.RoleInfo (RoleInfo.java:shutdownLeaderElection(134)) - 45b92da7-6fd5-4e69-8c49-135295713f70: shutdown LeaderElection
2020-07-19 12:59:15,640 [45b92da7-6fd5-4e69-8c49-135295713f70@group-A40045290981-LeaderElection19] INFO  impl.RaftServerImpl (RaftServerImpl.java:setRole(175)) - 45b92da7-6fd5-4e69-8c49-135295713f70@group-A40045290981: changes role from CANDIDATE to LEADER at term 1 for changeToLeader
2020-07-19 12:59:15,640 [45b92da7-6fd5-4e69-8c49-135295713f70@group-A40045290981-LeaderElection19] INFO  ratis.XceiverServerRatis (XceiverServerRatis.java:handleLeaderChangedNotification(820)) - Leader change notification received for group: group-A40045290981 with new leaderId: 45b92da7-6fd5-4e69-8c49-135295713f70
2020-07-19 12:59:15,640 [45b92da7-6fd5-4e69-8c49-135295713f70@group-A40045290981-LeaderElection19] INFO  impl.RaftServerImpl (ServerState.java:setLeader(255)) - 45b92da7-6fd5-4e69-8c49-135295713f70@group-A40045290981: change Leader from null to 45b92da7-6fd5-4e69-8c49-135295713f70 at term 1 for becomeLeader, leader elected after 5213ms
2020-07-19 12:59:15,642 [45b92da7-6fd5-4e69-8c49-135295713f70@group-A40045290981-LeaderElection19] INFO  server.RaftServerConfigKeys (ConfUtils.java:logGet(44)) - raft.server.staging.catchup.gap = 1000 (default)
2020-07-19 12:59:15,642 [45b92da7-6fd5-4e69-8c49-135295713f70@group-A40045290981-LeaderElection19] INFO  server.RaftServerConfigKeys (ConfUtils.java:logGet(44)) - raft.server.rpc.sleep.time = 25ms (default)
2020-07-19 12:59:15,642 [45b92da7-6fd5-4e69-8c49-135295713f70@group-A40045290981-LeaderElection19] INFO  metrics.RatisMetrics (RatisMetrics.java:lambda$create$0(36)) - Creating Metrics Registry : ratis.log_appender.45b92da7-6fd5-4e69-8c49-135295713f70@group-A40045290981
2020-07-19 12:59:15,643 [45b92da7-6fd5-4e69-8c49-135295713f70@group-A40045290981-LeaderElection19] INFO  server.RaftServerConfigKeys (ConfUtils.java:logGet(44)) - raft.server.write.element-limit = 1024 (custom)
2020-07-19 12:59:15,643 [45b92da7-6fd5-4e69-8c49-135295713f70@group-A40045290981-LeaderElection19] INFO  server.RaftServerConfigKeys (ConfUtils.java:logGet(44)) - raft.server.write.byte-limit = 1073741824 (custom)
2020-07-19 12:59:15,643 [45b92da7-6fd5-4e69-8c49-135295713f70@group-A40045290981-LeaderElection19] INFO  server.RaftServerConfigKeys (ConfUtils.java:logGet(44)) - raft.server.watch.timeout = 3000ms (custom)
2020-07-19 12:59:15,643 [45b92da7-6fd5-4e69-8c49-135295713f70@group-A40045290981-LeaderElection19] INFO  server.RaftServerConfigKeys (ConfUtils.java:logGet(44)) - raft.server.watch.timeout.denomination = 1s (default)
2020-07-19 12:59:15,643 [45b92da7-6fd5-4e69-8c49-135295713f70@group-A40045290981-LeaderElection19] INFO  server.RaftServerConfigKeys (ConfUtils.java:logGet(44)) - raft.server.watch.element-limit = 65536 (default)
2020-07-19 12:59:15,643 [45b92da7-6fd5-4e69-8c49-135295713f70@group-A40045290981-LeaderElection19] INFO  impl.RoleInfo (RoleInfo.java:updateAndGet(143)) - 45b92da7-6fd5-4e69-8c49-135295713f70: start LeaderState
2020-07-19 12:59:15,644 [45b92da7-6fd5-4e69-8c49-135295713f70@group-A40045290981-LeaderElection19] INFO  segmented.SegmentedRaftLogWorker (SegmentedRaftLogWorker.java:startLogSegment(397)) - 45b92da7-6fd5-4e69-8c49-135295713f70@group-A40045290981-SegmentedRaftLogWorker: Starting segment from index:0
2020-07-19 12:59:15,646 [45b92da7-6fd5-4e69-8c49-135295713f70@group-A40045290981-SegmentedRaftLogWorker] INFO  segmented.SegmentedRaftLogWorker (SegmentedRaftLogWorker.java:execute(596)) - 45b92da7-6fd5-4e69-8c49-135295713f70@group-A40045290981-SegmentedRaftLogWorker: created new log segment /github/workspace/mnt/ozone/hadoop-ozone/integration-test/target/test-dir/MiniOzoneClusterImpl-8824b896-4141-4ae0-8a85-a38dd1836ba7/datanode-4/data/ratis/4c75bb63-2c9a-457c-b5fe-a40045290981/current/log_inprogress_0
2020-07-19 12:59:15,649 [45b92da7-6fd5-4e69-8c49-135295713f70@group-A40045290981-LeaderElection19] INFO  impl.RaftServerImpl (ServerState.java:setRaftConf(356)) - 45b92da7-6fd5-4e69-8c49-135295713f70@group-A40045290981: set configuration 0: [45b92da7-6fd5-4e69-8c49-135295713f70:172.17.0.2:46823], old=null at 0
2020-07-19 12:59:15,702 [Listener at 127.0.0.1/43321] INFO  ozone.MiniOzoneClusterImpl (MiniOzoneClusterImpl.java:lambda$waitForClusterToBeReady$0(177)) - Nodes are ready. Got 7 of 7 DN Heartbeats.
2020-07-19 12:59:15,702 [Listener at 127.0.0.1/43321] INFO  ozone.MiniOzoneClusterImpl (MiniOzoneClusterImpl.java:lambda$waitForClusterToBeReady$0(180)) - Cluster exits safe mode
2020-07-19 12:59:15,712 [Listener at 127.0.0.1/43321] INFO  rpc.RpcClient (RpcClient.java:createVolume(314)) - Creating Volume: testblockoutputstream, with jenkins1001 as owner.
2020-07-19 12:59:15,714 [IPC Server handler 3 on default port 43321] INFO  volume.OMVolumeCreateRequest (OMVolumeCreateRequest.java:validateAndUpdateCache(195)) - created volume:testblockoutputstream for user:jenkins1001
2020-07-19 12:59:15,717 [Thread-605] INFO  impl.FollowerState (FollowerState.java:run(108)) - 7448be25-6ee6-481d-867e-081d62f0ad37@group-97E268FDA089-FollowerState: change to CANDIDATE, lastRpcTime:5135ms, electionTimeout:5129ms
2020-07-19 12:59:15,719 [Thread-605] INFO  impl.RoleInfo (RoleInfo.java:shutdownFollowerState(121)) - 7448be25-6ee6-481d-867e-081d62f0ad37: shutdown FollowerState
2020-07-19 12:59:15,719 [Thread-605] INFO  impl.RaftServerImpl (RaftServerImpl.java:setRole(175)) - 7448be25-6ee6-481d-867e-081d62f0ad37@group-97E268FDA089: changes role from  FOLLOWER to CANDIDATE at term 0 for changeToCandidate
2020-07-19 12:59:15,719 [Thread-605] INFO  impl.RoleInfo (RoleInfo.java:updateAndGet(143)) - 7448be25-6ee6-481d-867e-081d62f0ad37: start LeaderElection
2020-07-19 12:59:15,720 [Listener at 127.0.0.1/43321] INFO  rpc.RpcClient (RpcClient.java:createBucket(459)) - Creating Bucket: testblockoutputstream/testblockoutputstream, with Versioning false and Storage Type set to DISK and Encryption set to false 
2020-07-19 12:59:15,722 [Listener at 127.0.0.1/43321] INFO  ozone.MiniOzoneClusterImpl (MiniOzoneClusterImpl.java:getStorageContainerLocationClient(289)) - Creating StorageContainerLocationProtocol RPC client with address /0.0.0.0:42889
2020-07-19 12:59:15,722 [7448be25-6ee6-481d-867e-081d62f0ad37@group-97E268FDA089-LeaderElection20] INFO  impl.LeaderElection (LeaderElection.java:askForVotes(206)) - 7448be25-6ee6-481d-867e-081d62f0ad37@group-97E268FDA089-LeaderElection20: begin an election at term 1 for -1: [7448be25-6ee6-481d-867e-081d62f0ad37:172.17.0.2:39635], old=null
2020-07-19 12:59:15,723 [7448be25-6ee6-481d-867e-081d62f0ad37@group-97E268FDA089-LeaderElection20] INFO  impl.RoleInfo (RoleInfo.java:shutdownLeaderElection(134)) - 7448be25-6ee6-481d-867e-081d62f0ad37: shutdown LeaderElection
2020-07-19 12:59:15,723 [7448be25-6ee6-481d-867e-081d62f0ad37@group-97E268FDA089-LeaderElection20] INFO  impl.RaftServerImpl (RaftServerImpl.java:setRole(175)) - 7448be25-6ee6-481d-867e-081d62f0ad37@group-97E268FDA089: changes role from CANDIDATE to LEADER at term 1 for changeToLeader
2020-07-19 12:59:15,723 [7448be25-6ee6-481d-867e-081d62f0ad37@group-97E268FDA089-LeaderElection20] INFO  ratis.XceiverServerRatis (XceiverServerRatis.java:handleLeaderChangedNotification(820)) - Leader change notification received for group: group-97E268FDA089 with new leaderId: 7448be25-6ee6-481d-867e-081d62f0ad37
2020-07-19 12:59:15,723 [7448be25-6ee6-481d-867e-081d62f0ad37@group-97E268FDA089-LeaderElection20] INFO  impl.RaftServerImpl (ServerState.java:setLeader(255)) - 7448be25-6ee6-481d-867e-081d62f0ad37@group-97E268FDA089: change Leader from null to 7448be25-6ee6-481d-867e-081d62f0ad37 at term 1 for becomeLeader, leader elected after 5149ms
2020-07-19 12:59:15,723 [7448be25-6ee6-481d-867e-081d62f0ad37@group-97E268FDA089-LeaderElection20] INFO  server.RaftServerConfigKeys (ConfUtils.java:logGet(44)) - raft.server.staging.catchup.gap = 1000 (default)
2020-07-19 12:59:15,723 [7448be25-6ee6-481d-867e-081d62f0ad37@group-97E268FDA089-LeaderElection20] INFO  server.RaftServerConfigKeys (ConfUtils.java:logGet(44)) - raft.server.rpc.sleep.time = 25ms (default)
2020-07-19 12:59:15,724 [7448be25-6ee6-481d-867e-081d62f0ad37@group-97E268FDA089-LeaderElection20] INFO  metrics.RatisMetrics (RatisMetrics.java:lambda$create$0(36)) - Creating Metrics Registry : ratis.log_appender.7448be25-6ee6-481d-867e-081d62f0ad37@group-97E268FDA089
2020-07-19 12:59:15,726 [7448be25-6ee6-481d-867e-081d62f0ad37@group-97E268FDA089-LeaderElection20] INFO  server.RaftServerConfigKeys (ConfUtils.java:logGet(44)) - raft.server.write.element-limit = 1024 (custom)
2020-07-19 12:59:15,726 [7448be25-6ee6-481d-867e-081d62f0ad37@group-97E268FDA089-LeaderElection20] INFO  server.RaftServerConfigKeys (ConfUtils.java:logGet(44)) - raft.server.write.byte-limit = 1073741824 (custom)
2020-07-19 12:59:15,726 [7448be25-6ee6-481d-867e-081d62f0ad37@group-97E268FDA089-LeaderElection20] INFO  server.RaftServerConfigKeys (ConfUtils.java:logGet(44)) - raft.server.watch.timeout = 3000ms (custom)
2020-07-19 12:59:15,726 [7448be25-6ee6-481d-867e-081d62f0ad37@group-97E268FDA089-LeaderElection20] INFO  server.RaftServerConfigKeys (ConfUtils.java:logGet(44)) - raft.server.watch.timeout.denomination = 1s (default)
2020-07-19 12:59:15,726 [7448be25-6ee6-481d-867e-081d62f0ad37@group-97E268FDA089-LeaderElection20] INFO  server.RaftServerConfigKeys (ConfUtils.java:logGet(44)) - raft.server.watch.element-limit = 65536 (default)
2020-07-19 12:59:15,726 [7448be25-6ee6-481d-867e-081d62f0ad37@group-97E268FDA089-LeaderElection20] INFO  impl.RoleInfo (RoleInfo.java:updateAndGet(143)) - 7448be25-6ee6-481d-867e-081d62f0ad37: start LeaderState
2020-07-19 12:59:15,726 [7448be25-6ee6-481d-867e-081d62f0ad37@group-97E268FDA089-LeaderElection20] INFO  segmented.SegmentedRaftLogWorker (SegmentedRaftLogWorker.java:startLogSegment(397)) - 7448be25-6ee6-481d-867e-081d62f0ad37@group-97E268FDA089-SegmentedRaftLogWorker: Starting segment from index:0
2020-07-19 12:59:15,728 [7448be25-6ee6-481d-867e-081d62f0ad37@group-97E268FDA089-SegmentedRaftLogWorker] INFO  segmented.SegmentedRaftLogWorker (SegmentedRaftLogWorker.java:execute(596)) - 7448be25-6ee6-481d-867e-081d62f0ad37@group-97E268FDA089-SegmentedRaftLogWorker: created new log segment /github/workspace/mnt/ozone/hadoop-ozone/integration-test/target/test-dir/MiniOzoneClusterImpl-8824b896-4141-4ae0-8a85-a38dd1836ba7/datanode-5/data/ratis/4b63a041-6533-4abc-831e-97e268fda089/current/log_inprogress_0
2020-07-19 12:59:15,737 [7448be25-6ee6-481d-867e-081d62f0ad37@group-97E268FDA089-LeaderElection20] INFO  impl.RaftServerImpl (ServerState.java:setRaftConf(356)) - 7448be25-6ee6-481d-867e-081d62f0ad37@group-97E268FDA089: set configuration 0: [7448be25-6ee6-481d-867e-081d62f0ad37:172.17.0.2:39635], old=null at 0
2020-07-19 12:59:15,763 [Thread-607] INFO  impl.FollowerState (FollowerState.java:run(108)) - 029654c1-37af-45dc-9620-2886658484eb@group-DAD710DE08AB-FollowerState: change to CANDIDATE, lastRpcTime:5049ms, electionTimeout:5047ms
2020-07-19 12:59:15,763 [Thread-607] INFO  impl.RoleInfo (RoleInfo.java:shutdownFollowerState(121)) - 029654c1-37af-45dc-9620-2886658484eb: shutdown FollowerState
2020-07-19 12:59:15,763 [Thread-607] INFO  impl.RaftServerImpl (RaftServerImpl.java:setRole(175)) - 029654c1-37af-45dc-9620-2886658484eb@group-DAD710DE08AB: changes role from  FOLLOWER to CANDIDATE at term 0 for changeToCandidate
2020-07-19 12:59:15,763 [Thread-607] INFO  impl.RoleInfo (RoleInfo.java:updateAndGet(143)) - 029654c1-37af-45dc-9620-2886658484eb: start LeaderElection
2020-07-19 12:59:15,773 [029654c1-37af-45dc-9620-2886658484eb@group-DAD710DE08AB-LeaderElection21] INFO  impl.LeaderElection (LeaderElection.java:askForVotes(206)) - 029654c1-37af-45dc-9620-2886658484eb@group-DAD710DE08AB-LeaderElection21: begin an election at term 1 for -1: [029654c1-37af-45dc-9620-2886658484eb:172.17.0.2:35523], old=null
2020-07-19 12:59:15,773 [029654c1-37af-45dc-9620-2886658484eb@group-DAD710DE08AB-LeaderElection21] INFO  impl.RoleInfo (RoleInfo.java:shutdownLeaderElection(134)) - 029654c1-37af-45dc-9620-2886658484eb: shutdown LeaderElection
2020-07-19 12:59:15,773 [029654c1-37af-45dc-9620-2886658484eb@group-DAD710DE08AB-LeaderElection21] INFO  impl.RaftServerImpl (RaftServerImpl.java:setRole(175)) - 029654c1-37af-45dc-9620-2886658484eb@group-DAD710DE08AB: changes role from CANDIDATE to LEADER at term 1 for changeToLeader
2020-07-19 12:59:15,773 [029654c1-37af-45dc-9620-2886658484eb@group-DAD710DE08AB-LeaderElection21] INFO  ratis.XceiverServerRatis (XceiverServerRatis.java:handleLeaderChangedNotification(820)) - Leader change notification received for group: group-DAD710DE08AB with new leaderId: 029654c1-37af-45dc-9620-2886658484eb
2020-07-19 12:59:15,774 [029654c1-37af-45dc-9620-2886658484eb@group-DAD710DE08AB-LeaderElection21] INFO  impl.RaftServerImpl (ServerState.java:setLeader(255)) - 029654c1-37af-45dc-9620-2886658484eb@group-DAD710DE08AB: change Leader from null to 029654c1-37af-45dc-9620-2886658484eb at term 1 for becomeLeader, leader elected after 5066ms
2020-07-19 12:59:15,774 [029654c1-37af-45dc-9620-2886658484eb@group-DAD710DE08AB-LeaderElection21] INFO  server.RaftServerConfigKeys (ConfUtils.java:logGet(44)) - raft.server.staging.catchup.gap = 1000 (default)
2020-07-19 12:59:15,774 [029654c1-37af-45dc-9620-2886658484eb@group-DAD710DE08AB-LeaderElection21] INFO  server.RaftServerConfigKeys (ConfUtils.java:logGet(44)) - raft.server.rpc.sleep.time = 25ms (default)
2020-07-19 12:59:15,774 [029654c1-37af-45dc-9620-2886658484eb@group-DAD710DE08AB-LeaderElection21] INFO  metrics.RatisMetrics (RatisMetrics.java:lambda$create$0(36)) - Creating Metrics Registry : ratis.log_appender.029654c1-37af-45dc-9620-2886658484eb@group-DAD710DE08AB
2020-07-19 12:59:15,774 [029654c1-37af-45dc-9620-2886658484eb@group-DAD710DE08AB-LeaderElection21] INFO  server.RaftServerConfigKeys (ConfUtils.java:logGet(44)) - raft.server.write.element-limit = 1024 (custom)
2020-07-19 12:59:15,775 [029654c1-37af-45dc-9620-2886658484eb@group-DAD710DE08AB-LeaderElection21] INFO  server.RaftServerConfigKeys (ConfUtils.java:logGet(44)) - raft.server.write.byte-limit = 1073741824 (custom)
2020-07-19 12:59:15,775 [029654c1-37af-45dc-9620-2886658484eb@group-DAD710DE08AB-LeaderElection21] INFO  server.RaftServerConfigKeys (ConfUtils.java:logGet(44)) - raft.server.watch.timeout = 3000ms (custom)
2020-07-19 12:59:15,775 [029654c1-37af-45dc-9620-2886658484eb@group-DAD710DE08AB-LeaderElection21] INFO  server.RaftServerConfigKeys (ConfUtils.java:logGet(44)) - raft.server.watch.timeout.denomination = 1s (default)
2020-07-19 12:59:15,775 [029654c1-37af-45dc-9620-2886658484eb@group-DAD710DE08AB-LeaderElection21] INFO  server.RaftServerConfigKeys (ConfUtils.java:logGet(44)) - raft.server.watch.element-limit = 65536 (default)
2020-07-19 12:59:15,775 [029654c1-37af-45dc-9620-2886658484eb@group-DAD710DE08AB-LeaderElection21] INFO  impl.RoleInfo (RoleInfo.java:updateAndGet(143)) - 029654c1-37af-45dc-9620-2886658484eb: start LeaderState
2020-07-19 12:59:15,778 [029654c1-37af-45dc-9620-2886658484eb@group-DAD710DE08AB-LeaderElection21] INFO  segmented.SegmentedRaftLogWorker (SegmentedRaftLogWorker.java:startLogSegment(397)) - 029654c1-37af-45dc-9620-2886658484eb@group-DAD710DE08AB-SegmentedRaftLogWorker: Starting segment from index:0
2020-07-19 12:59:15,784 [029654c1-37af-45dc-9620-2886658484eb@group-DAD710DE08AB-SegmentedRaftLogWorker] INFO  segmented.SegmentedRaftLogWorker (SegmentedRaftLogWorker.java:execute(596)) - 029654c1-37af-45dc-9620-2886658484eb@group-DAD710DE08AB-SegmentedRaftLogWorker: created new log segment /github/workspace/mnt/ozone/hadoop-ozone/integration-test/target/test-dir/MiniOzoneClusterImpl-8824b896-4141-4ae0-8a85-a38dd1836ba7/datanode-6/data/ratis/88be61f1-3a97-4ae3-b0c8-dad710de08ab/current/log_inprogress_0
2020-07-19 12:59:15,789 [029654c1-37af-45dc-9620-2886658484eb@group-DAD710DE08AB-LeaderElection21] INFO  impl.RaftServerImpl (ServerState.java:setRaftConf(356)) - 029654c1-37af-45dc-9620-2886658484eb@group-DAD710DE08AB: set configuration 0: [029654c1-37af-45dc-9620-2886658484eb:172.17.0.2:35523], old=null at 0
2020-07-19 12:59:15,887 [ChunkWriter-1-0] WARN  helpers.ChunkUtils (ChunkUtils.java:validateChunkForOverwrite(224)) - Duplicate write chunk request. Chunk overwrite without explicit request. ChunkInfo{chunkName='1595163555741.data.0, offset=0, len=1048576}
2020-07-19 12:59:15,893 [ChunkWriter-1-0] WARN  helpers.ChunkUtils (ChunkUtils.java:validateChunkForOverwrite(224)) - Duplicate write chunk request. Chunk overwrite without explicit request. ChunkInfo{chunkName='1595163555741.data.0, offset=0, len=1048576}
2020-07-19 12:59:15,927 [ChunkWriter-1-0] WARN  helpers.ChunkUtils (ChunkUtils.java:validateChunkForOverwrite(224)) - Duplicate write chunk request. Chunk overwrite without explicit request. ChunkInfo{chunkName='1595163555741.data.0, offset=0, len=1048576}
2020-07-19 12:59:16,927 [Datanode State Machine Thread - 0] INFO  statemachine.DatanodeStateMachine (DatanodeStateMachine.java:lambda$startDaemon$0(380)) - Ozone container server started.
2020-07-19 12:59:18,067 [EventQueue-Delayed safe mode statusForReplicationManager] INFO  container.ReplicationManager (ReplicationManager.java:start(177)) - Starting Replication Monitor Thread.
2020-07-19 12:59:18,068 [ReplicationMonitor] INFO  container.ReplicationManager (ReplicationManager.java:run(241)) - Replication Monitor Thread took 0 milliseconds for processing 1 containers.
2020-07-19 12:59:20,527 [Thread-635] INFO  impl.FollowerState (FollowerState.java:run(108)) - 60b4693a-24a9-4f9a-8d7e-763e228c0b97@group-3183008B4F90-FollowerState: change to CANDIDATE, lastRpcTime:5069ms, electionTimeout:5069ms
2020-07-19 12:59:20,528 [Thread-635] INFO  impl.RoleInfo (RoleInfo.java:shutdownFollowerState(121)) - 60b4693a-24a9-4f9a-8d7e-763e228c0b97: shutdown FollowerState
2020-07-19 12:59:20,528 [Thread-635] INFO  impl.RaftServerImpl (RaftServerImpl.java:setRole(175)) - 60b4693a-24a9-4f9a-8d7e-763e228c0b97@group-3183008B4F90: changes role from  FOLLOWER to CANDIDATE at term 2 for changeToCandidate
2020-07-19 12:59:20,528 [Thread-635] INFO  impl.RoleInfo (RoleInfo.java:updateAndGet(143)) - 60b4693a-24a9-4f9a-8d7e-763e228c0b97: start LeaderElection
2020-07-19 12:59:20,531 [60b4693a-24a9-4f9a-8d7e-763e228c0b97@group-3183008B4F90-LeaderElection22] INFO  impl.LeaderElection (LeaderElection.java:askForVotes(206)) - 60b4693a-24a9-4f9a-8d7e-763e228c0b97@group-3183008B4F90-LeaderElection22: begin an election at term 3 for -1: [7448be25-6ee6-481d-867e-081d62f0ad37:172.17.0.2:39635, 60b4693a-24a9-4f9a-8d7e-763e228c0b97:172.17.0.2:45129, 45b92da7-6fd5-4e69-8c49-135295713f70:172.17.0.2:46823], old=null
2020-07-19 12:59:20,540 [grpc-default-executor-3] INFO  impl.RaftServerImpl (RaftServerImpl.java:setRole(175)) - 7448be25-6ee6-481d-867e-081d62f0ad37@group-3183008B4F90: changes role from  FOLLOWER to FOLLOWER at term 3 for recognizeCandidate:60b4693a-24a9-4f9a-8d7e-763e228c0b97
2020-07-19 12:59:20,540 [grpc-default-executor-3] INFO  impl.RoleInfo (RoleInfo.java:shutdownFollowerState(121)) - 7448be25-6ee6-481d-867e-081d62f0ad37: shutdown FollowerState
2020-07-19 12:59:20,540 [grpc-default-executor-3] INFO  impl.RoleInfo (RoleInfo.java:updateAndGet(143)) - 7448be25-6ee6-481d-867e-081d62f0ad37: start FollowerState
2020-07-19 12:59:20,540 [Thread-642] INFO  impl.FollowerState (FollowerState.java:run(117)) - 7448be25-6ee6-481d-867e-081d62f0ad37@group-3183008B4F90-FollowerState was interrupted: java.lang.InterruptedException: sleep interrupted
2020-07-19 12:59:20,541 [grpc-default-executor-4] INFO  impl.RaftServerImpl (RaftServerImpl.java:setRole(175)) - 45b92da7-6fd5-4e69-8c49-135295713f70@group-3183008B4F90: changes role from  FOLLOWER to FOLLOWER at term 3 for recognizeCandidate:60b4693a-24a9-4f9a-8d7e-763e228c0b97
2020-07-19 12:59:20,541 [grpc-default-executor-4] INFO  impl.RoleInfo (RoleInfo.java:shutdownFollowerState(121)) - 45b92da7-6fd5-4e69-8c49-135295713f70: shutdown FollowerState
2020-07-19 12:59:20,542 [grpc-default-executor-4] INFO  impl.RoleInfo (RoleInfo.java:updateAndGet(143)) - 45b92da7-6fd5-4e69-8c49-135295713f70: start FollowerState
2020-07-19 12:59:20,542 [Thread-641] INFO  impl.FollowerState (FollowerState.java:run(117)) - 45b92da7-6fd5-4e69-8c49-135295713f70@group-3183008B4F90-FollowerState was interrupted: java.lang.InterruptedException: sleep interrupted
2020-07-19 12:59:20,545 [60b4693a-24a9-4f9a-8d7e-763e228c0b97@group-3183008B4F90-LeaderElection22] INFO  impl.LeaderElection (LeaderElection.java:logAndReturn(61)) - 60b4693a-24a9-4f9a-8d7e-763e228c0b97@group-3183008B4F90-LeaderElection22: Election PASSED; received 2 response(s) [60b4693a-24a9-4f9a-8d7e-763e228c0b97<-7448be25-6ee6-481d-867e-081d62f0ad37#0:FAIL-t3, 60b4693a-24a9-4f9a-8d7e-763e228c0b97<-45b92da7-6fd5-4e69-8c49-135295713f70#0:OK-t3] and 0 exception(s); 60b4693a-24a9-4f9a-8d7e-763e228c0b97@group-3183008B4F90:t3, leader=null, voted=60b4693a-24a9-4f9a-8d7e-763e228c0b97, raftlog=60b4693a-24a9-4f9a-8d7e-763e228c0b97@group-3183008B4F90-SegmentedRaftLog:OPENED:c-1,f-1,i0, conf=-1: [7448be25-6ee6-481d-867e-081d62f0ad37:172.17.0.2:39635, 60b4693a-24a9-4f9a-8d7e-763e228c0b97:172.17.0.2:45129, 45b92da7-6fd5-4e69-8c49-135295713f70:172.17.0.2:46823], old=null
2020-07-19 12:59:20,545 [60b4693a-24a9-4f9a-8d7e-763e228c0b97@group-3183008B4F90-LeaderElection22] INFO  impl.RoleInfo (RoleInfo.java:shutdownLeaderElection(134)) - 60b4693a-24a9-4f9a-8d7e-763e228c0b97: shutdown LeaderElection
2020-07-19 12:59:20,545 [60b4693a-24a9-4f9a-8d7e-763e228c0b97@group-3183008B4F90-LeaderElection22] INFO  impl.RaftServerImpl (RaftServerImpl.java:setRole(175)) - 60b4693a-24a9-4f9a-8d7e-763e228c0b97@group-3183008B4F90: changes role from CANDIDATE to LEADER at term 3 for changeToLeader
2020-07-19 12:59:20,545 [60b4693a-24a9-4f9a-8d7e-763e228c0b97@group-3183008B4F90-LeaderElection22] INFO  ratis.XceiverServerRatis (XceiverServerRatis.java:handleLeaderChangedNotification(820)) - Leader change notification received for group: group-3183008B4F90 with new leaderId: 60b4693a-24a9-4f9a-8d7e-763e228c0b97
2020-07-19 12:59:20,546 [60b4693a-24a9-4f9a-8d7e-763e228c0b97@group-3183008B4F90-LeaderElection22] INFO  impl.RaftServerImpl (ServerState.java:setLeader(255)) - 60b4693a-24a9-4f9a-8d7e-763e228c0b97@group-3183008B4F90: change Leader from null to 60b4693a-24a9-4f9a-8d7e-763e228c0b97 at term 3 for becomeLeader, leader elected after 10219ms
2020-07-19 12:59:20,546 [60b4693a-24a9-4f9a-8d7e-763e228c0b97@group-3183008B4F90-LeaderElection22] INFO  server.RaftServerConfigKeys (ConfUtils.java:logGet(44)) - raft.server.staging.catchup.gap = 1000 (default)
2020-07-19 12:59:20,546 [60b4693a-24a9-4f9a-8d7e-763e228c0b97@group-3183008B4F90-LeaderElection22] INFO  server.RaftServerConfigKeys (ConfUtils.java:logGet(44)) - raft.server.rpc.sleep.time = 25ms (default)
2020-07-19 12:59:20,546 [60b4693a-24a9-4f9a-8d7e-763e228c0b97@group-3183008B4F90-LeaderElection22] INFO  metrics.RatisMetrics (RatisMetrics.java:lambda$create$0(36)) - Creating Metrics Registry : ratis.log_appender.60b4693a-24a9-4f9a-8d7e-763e228c0b97@group-3183008B4F90
2020-07-19 12:59:20,546 [60b4693a-24a9-4f9a-8d7e-763e228c0b97@group-3183008B4F90-LeaderElection22] INFO  server.RaftServerConfigKeys (ConfUtils.java:logGet(44)) - raft.server.write.element-limit = 1024 (custom)
2020-07-19 12:59:20,546 [60b4693a-24a9-4f9a-8d7e-763e228c0b97@group-3183008B4F90-LeaderElection22] INFO  server.RaftServerConfigKeys (ConfUtils.java:logGet(44)) - raft.server.write.byte-limit = 1073741824 (custom)
2020-07-19 12:59:20,546 [60b4693a-24a9-4f9a-8d7e-763e228c0b97@group-3183008B4F90-LeaderElection22] INFO  server.RaftServerConfigKeys (ConfUtils.java:logGet(44)) - raft.server.watch.timeout = 3000ms (custom)
2020-07-19 12:59:20,547 [60b4693a-24a9-4f9a-8d7e-763e228c0b97@group-3183008B4F90-LeaderElection22] INFO  server.RaftServerConfigKeys (ConfUtils.java:logGet(44)) - raft.server.watch.timeout.denomination = 1s (default)
2020-07-19 12:59:20,547 [60b4693a-24a9-4f9a-8d7e-763e228c0b97@group-3183008B4F90-LeaderElection22] INFO  server.RaftServerConfigKeys (ConfUtils.java:logGet(44)) - raft.server.watch.element-limit = 65536 (default)
2020-07-19 12:59:20,547 [60b4693a-24a9-4f9a-8d7e-763e228c0b97@group-3183008B4F90-LeaderElection22] INFO  server.RaftServerConfigKeys (ConfUtils.java:logGet(44)) - raft.server.log.appender.snapshot.chunk.size.max = 16MB (=16777216) (default)
2020-07-19 12:59:20,547 [60b4693a-24a9-4f9a-8d7e-763e228c0b97@group-3183008B4F90-LeaderElection22] INFO  server.RaftServerConfigKeys (ConfUtils.java:logGet(44)) - raft.server.log.appender.buffer.byte-limit = 33554432 (custom)
2020-07-19 12:59:20,547 [60b4693a-24a9-4f9a-8d7e-763e228c0b97@group-3183008B4F90-LeaderElection22] INFO  server.RaftServerConfigKeys (ConfUtils.java:logGet(44)) - raft.server.log.appender.buffer.element-limit = 1 (custom)
2020-07-19 12:59:20,547 [60b4693a-24a9-4f9a-8d7e-763e228c0b97@group-3183008B4F90-LeaderElection22] INFO  grpc.GrpcConfigKeys (ConfUtils.java:logGet(44)) - raft.grpc.server.leader.outstanding.appends.max = 128 (default)
2020-07-19 12:59:20,547 [60b4693a-24a9-4f9a-8d7e-763e228c0b97@group-3183008B4F90-LeaderElection22] INFO  server.RaftServerConfigKeys (ConfUtils.java:logGet(44)) - raft.server.rpc.request.timeout = 3000ms (default)
2020-07-19 12:59:20,547 [60b4693a-24a9-4f9a-8d7e-763e228c0b97@group-3183008B4F90-LeaderElection22] INFO  server.RaftServerConfigKeys (ConfUtils.java:logGet(44)) - raft.server.log.appender.install.snapshot.enabled = false (custom)
2020-07-19 12:59:20,547 [60b4693a-24a9-4f9a-8d7e-763e228c0b97@group-3183008B4F90-LeaderElection22] INFO  metrics.RatisMetrics (RatisMetrics.java:lambda$create$0(36)) - Creating Metrics Registry : ratis_grpc.log_appender.60b4693a-24a9-4f9a-8d7e-763e228c0b97@group-3183008B4F90
2020-07-19 12:59:20,548 [60b4693a-24a9-4f9a-8d7e-763e228c0b97@group-3183008B4F90-LeaderElection22] INFO  server.RaftServerConfigKeys (ConfUtils.java:logGet(44)) - raft.server.log.appender.snapshot.chunk.size.max = 16MB (=16777216) (default)
2020-07-19 12:59:20,548 [60b4693a-24a9-4f9a-8d7e-763e228c0b97@group-3183008B4F90-LeaderElection22] INFO  server.RaftServerConfigKeys (ConfUtils.java:logGet(44)) - raft.server.log.appender.buffer.byte-limit = 33554432 (custom)
2020-07-19 12:59:20,548 [60b4693a-24a9-4f9a-8d7e-763e228c0b97@group-3183008B4F90-LeaderElection22] INFO  server.RaftServerConfigKeys (ConfUtils.java:logGet(44)) - raft.server.log.appender.buffer.element-limit = 1 (custom)
2020-07-19 12:59:20,548 [60b4693a-24a9-4f9a-8d7e-763e228c0b97@group-3183008B4F90-LeaderElection22] INFO  grpc.GrpcConfigKeys (ConfUtils.java:logGet(44)) - raft.grpc.server.leader.outstanding.appends.max = 128 (default)
2020-07-19 12:59:20,548 [60b4693a-24a9-4f9a-8d7e-763e228c0b97@group-3183008B4F90-LeaderElection22] INFO  server.RaftServerConfigKeys (ConfUtils.java:logGet(44)) - raft.server.rpc.request.timeout = 3000ms (default)
2020-07-19 12:59:20,549 [60b4693a-24a9-4f9a-8d7e-763e228c0b97@group-3183008B4F90-LeaderElection22] INFO  server.RaftServerConfigKeys (ConfUtils.java:logGet(44)) - raft.server.log.appender.install.snapshot.enabled = false (custom)
2020-07-19 12:59:20,549 [60b4693a-24a9-4f9a-8d7e-763e228c0b97@group-3183008B4F90-LeaderElection22] INFO  impl.RoleInfo (RoleInfo.java:updateAndGet(143)) - 60b4693a-24a9-4f9a-8d7e-763e228c0b97: start LeaderState
2020-07-19 12:59:20,550 [60b4693a-24a9-4f9a-8d7e-763e228c0b97@group-3183008B4F90-LeaderElection22] INFO  segmented.SegmentedRaftLogWorker (SegmentedRaftLogWorker.java:startLogSegment(397)) - 60b4693a-24a9-4f9a-8d7e-763e228c0b97@group-3183008B4F90-SegmentedRaftLogWorker: Starting segment from index:0
2020-07-19 12:59:20,551 [60b4693a-24a9-4f9a-8d7e-763e228c0b97@group-3183008B4F90-SegmentedRaftLogWorker] INFO  segmented.SegmentedRaftLogWorker (SegmentedRaftLogWorker.java:execute(596)) - 60b4693a-24a9-4f9a-8d7e-763e228c0b97@group-3183008B4F90-SegmentedRaftLogWorker: created new log segment /github/workspace/mnt/ozone/hadoop-ozone/integration-test/target/test-dir/MiniOzoneClusterImpl-8824b896-4141-4ae0-8a85-a38dd1836ba7/datanode-3/data/ratis/20295e19-fc6c-450f-aa9f-3183008b4f90/current/log_inprogress_0
2020-07-19 12:59:20,560 [60b4693a-24a9-4f9a-8d7e-763e228c0b97@group-3183008B4F90-LeaderElection22] INFO  impl.RaftServerImpl (ServerState.java:setRaftConf(356)) - 60b4693a-24a9-4f9a-8d7e-763e228c0b97@group-3183008B4F90: set configuration 0: [7448be25-6ee6-481d-867e-081d62f0ad37:172.17.0.2:39635, 60b4693a-24a9-4f9a-8d7e-763e228c0b97:172.17.0.2:45129, 45b92da7-6fd5-4e69-8c49-135295713f70:172.17.0.2:46823], old=null at 0
2020-07-19 12:59:20,571 [grpc-default-executor-4] INFO  ratis.XceiverServerRatis (XceiverServerRatis.java:handleLeaderChangedNotification(820)) - Leader change notification received for group: group-3183008B4F90 with new leaderId: 60b4693a-24a9-4f9a-8d7e-763e228c0b97
2020-07-19 12:59:20,571 [grpc-default-executor-4] INFO  impl.RaftServerImpl (ServerState.java:setLeader(255)) - 45b92da7-6fd5-4e69-8c49-135295713f70@group-3183008B4F90: change Leader from null to 60b4693a-24a9-4f9a-8d7e-763e228c0b97 at term 3 for appendEntries, leader elected after 10192ms
2020-07-19 12:59:20,579 [grpc-default-executor-3] INFO  ratis.XceiverServerRatis (XceiverServerRatis.java:handleLeaderChangedNotification(820)) - Leader change notification received for group: group-3183008B4F90 with new leaderId: 60b4693a-24a9-4f9a-8d7e-763e228c0b97
2020-07-19 12:59:20,579 [grpc-default-executor-3] INFO  impl.RaftServerImpl (ServerState.java:setLeader(255)) - 7448be25-6ee6-481d-867e-081d62f0ad37@group-3183008B4F90: change Leader from null to 60b4693a-24a9-4f9a-8d7e-763e228c0b97 at term 3 for appendEntries, leader elected after 5063ms
2020-07-19 12:59:20,581 [grpc-default-executor-4] INFO  impl.RaftServerImpl (ServerState.java:setRaftConf(356)) - 45b92da7-6fd5-4e69-8c49-135295713f70@group-3183008B4F90: set configuration 0: [7448be25-6ee6-481d-867e-081d62f0ad37:172.17.0.2:39635, 60b4693a-24a9-4f9a-8d7e-763e228c0b97:172.17.0.2:45129, 45b92da7-6fd5-4e69-8c49-135295713f70:172.17.0.2:46823], old=null at 0
2020-07-19 12:59:20,581 [grpc-default-executor-4] INFO  segmented.SegmentedRaftLogWorker (SegmentedRaftLogWorker.java:startLogSegment(397)) - 45b92da7-6fd5-4e69-8c49-135295713f70@group-3183008B4F90-SegmentedRaftLogWorker: Starting segment from index:0
2020-07-19 12:59:20,589 [grpc-default-executor-4] INFO  impl.RaftServerImpl (ServerState.java:setRaftConf(356)) - 7448be25-6ee6-481d-867e-081d62f0ad37@group-3183008B4F90: set configuration 0: [7448be25-6ee6-481d-867e-081d62f0ad37:172.17.0.2:39635, 60b4693a-24a9-4f9a-8d7e-763e228c0b97:172.17.0.2:45129, 45b92da7-6fd5-4e69-8c49-135295713f70:172.17.0.2:46823], old=null at 0
2020-07-19 12:59:20,590 [grpc-default-executor-4] INFO  segmented.SegmentedRaftLogWorker (SegmentedRaftLogWorker.java:truncate(413)) - 7448be25-6ee6-481d-867e-081d62f0ad37@group-3183008B4F90-SegmentedRaftLogWorker: Truncating segments toTruncate: null
  toDelete: [(0, 0) isOpen? true, length=0, newEndIndex=-1], start index 0
2020-07-19 12:59:20,591 [grpc-default-executor-4] INFO  segmented.SegmentedRaftLogWorker (SegmentedRaftLogWorker.java:startLogSegment(397)) - 7448be25-6ee6-481d-867e-081d62f0ad37@group-3183008B4F90-SegmentedRaftLogWorker: Starting segment from index:0
2020-07-19 12:59:20,592 [7448be25-6ee6-481d-867e-081d62f0ad37@group-3183008B4F90-SegmentedRaftLogWorker] INFO  segmented.SegmentedRaftLogWorker (SegmentedRaftLogWorker.java:execute(663)) - 7448be25-6ee6-481d-867e-081d62f0ad37@group-3183008B4F90-SegmentedRaftLogWorker: Deleted log file /github/workspace/mnt/ozone/hadoop-ozone/integration-test/target/test-dir/MiniOzoneClusterImpl-8824b896-4141-4ae0-8a85-a38dd1836ba7/datanode-5/data/ratis/20295e19-fc6c-450f-aa9f-3183008b4f90/current/log_inprogress_0
2020-07-19 12:59:20,592 [45b92da7-6fd5-4e69-8c49-135295713f70@group-3183008B4F90-SegmentedRaftLogWorker] INFO  segmented.SegmentedRaftLogWorker (SegmentedRaftLogWorker.java:execute(596)) - 45b92da7-6fd5-4e69-8c49-135295713f70@group-3183008B4F90-SegmentedRaftLogWorker: created new log segment /github/workspace/mnt/ozone/hadoop-ozone/integration-test/target/test-dir/MiniOzoneClusterImpl-8824b896-4141-4ae0-8a85-a38dd1836ba7/datanode-4/data/ratis/20295e19-fc6c-450f-aa9f-3183008b4f90/current/log_inprogress_0
2020-07-19 12:59:20,592 [7448be25-6ee6-481d-867e-081d62f0ad37@group-3183008B4F90-SegmentedRaftLogWorker] INFO  segmented.SegmentedRaftLogWorker (SegmentedRaftLogWorker.java:lambda$new$0(129)) - 7448be25-6ee6-481d-867e-081d62f0ad37@group-3183008B4F90-SegmentedRaftLogWorker: flushIndex: setUnconditionally 0 -> -1
2020-07-19 12:59:20,593 [7448be25-6ee6-481d-867e-081d62f0ad37@group-3183008B4F90-SegmentedRaftLogWorker] INFO  segmented.SegmentedRaftLogWorker (SegmentedRaftLogWorker.java:lambda$new$0(129)) - 7448be25-6ee6-481d-867e-081d62f0ad37@group-3183008B4F90-SegmentedRaftLogWorker: safeCacheEvictIndex: setUnconditionally -1 -> -1
2020-07-19 12:59:20,594 [7448be25-6ee6-481d-867e-081d62f0ad37@group-3183008B4F90-SegmentedRaftLogWorker] INFO  segmented.SegmentedRaftLogWorker (SegmentedRaftLogWorker.java:execute(596)) - 7448be25-6ee6-481d-867e-081d62f0ad37@group-3183008B4F90-SegmentedRaftLogWorker: created new log segment /github/workspace/mnt/ozone/hadoop-ozone/integration-test/target/test-dir/MiniOzoneClusterImpl-8824b896-4141-4ae0-8a85-a38dd1836ba7/datanode-5/data/ratis/20295e19-fc6c-450f-aa9f-3183008b4f90/current/log_inprogress_0
2020-07-19 12:59:20,996 [Listener at 127.0.0.1/43321] INFO  ozoneimpl.OzoneContainer (OzoneContainer.java:stop(247)) - Attempting to stop container services.
2020-07-19 12:59:20,996 [Listener at 127.0.0.1/43321] INFO  impl.RaftServerProxy (RaftServerProxy.java:lambda$close$4(319)) - 8a75226f-9665-4023-8f83-5359208d8c5d: close
2020-07-19 12:59:20,996 [Listener at 127.0.0.1/43321] INFO  impl.RaftServerImpl (RaftServerImpl.java:lambda$shutdown$3(252)) - 8a75226f-9665-4023-8f83-5359208d8c5d@group-BDD9E056EE21: shutdown
2020-07-19 12:59:20,996 [Listener at 127.0.0.1/43321] INFO  util.JmxRegister (JmxRegister.java:unregister(73)) - Successfully un-registered JMX Bean with object name Ratis:service=RaftServer,group=group-BDD9E056EE21,id=8a75226f-9665-4023-8f83-5359208d8c5d
2020-07-19 12:59:20,997 [Listener at 127.0.0.1/43321] INFO  impl.RoleInfo (RoleInfo.java:shutdownFollowerState(121)) - 8a75226f-9665-4023-8f83-5359208d8c5d: shutdown FollowerState
2020-07-19 12:59:20,997 [Listener at 127.0.0.1/43321] INFO  impl.StateMachineUpdater (StateMachineUpdater.java:stopAndJoin(142)) - 8a75226f-9665-4023-8f83-5359208d8c5d@group-BDD9E056EE21-StateMachineUpdater: set stopIndex = 8
2020-07-19 12:59:20,997 [Thread-612] INFO  impl.FollowerState (FollowerState.java:run(117)) - 8a75226f-9665-4023-8f83-5359208d8c5d@group-BDD9E056EE21-FollowerState was interrupted: java.lang.InterruptedException: sleep interrupted
2020-07-19 12:59:20,997 [8a75226f-9665-4023-8f83-5359208d8c5d@group-BDD9E056EE21-StateMachineUpdater] INFO  ratis.ContainerStateMachine (ContainerStateMachine.java:takeSnapshot(293)) - group-BDD9E056EE21: Taking a snapshot at:(t:1, i:8) file /github/workspace/mnt/ozone/hadoop-ozone/integration-test/target/test-dir/MiniOzoneClusterImpl-8824b896-4141-4ae0-8a85-a38dd1836ba7/datanode-1/data/ratis/5ebf3169-d61a-42a2-8dc1-bdd9e056ee21/sm/snapshot.1_8
2020-07-19 12:59:21,001 [8a75226f-9665-4023-8f83-5359208d8c5d@group-BDD9E056EE21-StateMachineUpdater] INFO  ratis.ContainerStateMachine (ContainerStateMachine.java:takeSnapshot(304)) - group-BDD9E056EE21: Finished taking a snapshot at:(t:1, i:8) file:/github/workspace/mnt/ozone/hadoop-ozone/integration-test/target/test-dir/MiniOzoneClusterImpl-8824b896-4141-4ae0-8a85-a38dd1836ba7/datanode-1/data/ratis/5ebf3169-d61a-42a2-8dc1-bdd9e056ee21/sm/snapshot.1_8 time:4
2020-07-19 12:59:21,001 [8a75226f-9665-4023-8f83-5359208d8c5d@group-BDD9E056EE21-StateMachineUpdater] INFO  impl.StateMachineUpdater (StateMachineUpdater.java:takeSnapshot(277)) - 8a75226f-9665-4023-8f83-5359208d8c5d@group-BDD9E056EE21-StateMachineUpdater: Took a snapshot at index 8
2020-07-19 12:59:21,002 [8a75226f-9665-4023-8f83-5359208d8c5d@group-BDD9E056EE21-StateMachineUpdater] INFO  impl.StateMachineUpdater (StateMachineUpdater.java:lambda$new$0(87)) - 8a75226f-9665-4023-8f83-5359208d8c5d@group-BDD9E056EE21-StateMachineUpdater: snapshotIndex: updateIncreasingly -1 -> 8
2020-07-19 12:59:21,002 [8a75226f-9665-4023-8f83-5359208d8c5d@group-BDD9E056EE21-StateMachineUpdater] INFO  metrics.RatisMetrics (RatisMetrics.java:unregister(43)) - Unregistering Metrics Registry : ratis.state_machine.8a75226f-9665-4023-8f83-5359208d8c5d@group-BDD9E056EE21
2020-07-19 12:59:21,002 [Listener at 127.0.0.1/43321] INFO  impl.RaftServerImpl (ServerState.java:close(387)) - 8a75226f-9665-4023-8f83-5359208d8c5d@group-BDD9E056EE21: closes. applyIndex: 8
2020-07-19 12:59:21,002 [8a75226f-9665-4023-8f83-5359208d8c5d@group-BDD9E056EE21-SegmentedRaftLogWorker] INFO  segmented.SegmentedRaftLogWorker (SegmentedRaftLogWorker.java:run(327)) - 8a75226f-9665-4023-8f83-5359208d8c5d@group-BDD9E056EE21-SegmentedRaftLogWorker was interrupted, exiting. There are 0 tasks remaining in the queue.
2020-07-19 12:59:21,003 [Listener at 127.0.0.1/43321] INFO  segmented.SegmentedRaftLogWorker (SegmentedRaftLogWorker.java:close(234)) - 8a75226f-9665-4023-8f83-5359208d8c5d@group-BDD9E056EE21-SegmentedRaftLogWorker close()
2020-07-19 12:59:21,004 [Listener at 127.0.0.1/43321] INFO  metrics.RatisMetrics (RatisMetrics.java:unregister(43)) - Unregistering Metrics Registry : ratis.log_worker.8a75226f-9665-4023-8f83-5359208d8c5d@group-BDD9E056EE21
2020-07-19 12:59:21,005 [Listener at 127.0.0.1/43321] INFO  metrics.RatisMetrics (RatisMetrics.java:unregister(43)) - Unregistering Metrics Registry : ratis.leader_election.8a75226f-9665-4023-8f83-5359208d8c5d@group-BDD9E056EE21
2020-07-19 12:59:21,005 [Listener at 127.0.0.1/43321] INFO  metrics.RatisMetrics (RatisMetrics.java:unregister(43)) - Unregistering Metrics Registry : ratis.server.8a75226f-9665-4023-8f83-5359208d8c5d@group-BDD9E056EE21
2020-07-19 12:59:21,005 [Listener at 127.0.0.1/43321] INFO  impl.RaftServerImpl (RaftServerImpl.java:lambda$shutdown$3(252)) - 8a75226f-9665-4023-8f83-5359208d8c5d@group-70A6B8D38945: shutdown
2020-07-19 12:59:21,005 [Listener at 127.0.0.1/43321] INFO  util.JmxRegister (JmxRegister.java:unregister(73)) - Successfully un-registered JMX Bean with object name Ratis:service=RaftServer,group=group-70A6B8D38945,id=8a75226f-9665-4023-8f83-5359208d8c5d
2020-07-19 12:59:21,005 [Listener at 127.0.0.1/43321] INFO  impl.RoleInfo (RoleInfo.java:shutdownLeaderState(104)) - 8a75226f-9665-4023-8f83-5359208d8c5d: shutdown LeaderState
2020-07-19 12:59:21,005 [Listener at 127.0.0.1/43321] INFO  impl.PendingRequests (PendingRequests.java:sendNotLeaderResponses(249)) - 8a75226f-9665-4023-8f83-5359208d8c5d@group-70A6B8D38945-PendingRequests: sendNotLeaderResponses
2020-07-19 12:59:21,005 [Listener at 127.0.0.1/43321] INFO  metrics.RatisMetrics (RatisMetrics.java:unregister(43)) - Unregistering Metrics Registry : ratis.log_appender.8a75226f-9665-4023-8f83-5359208d8c5d@group-70A6B8D38945
2020-07-19 12:59:21,005 [Listener at 127.0.0.1/43321] INFO  metrics.RatisMetrics (RatisMetrics.java:unregister(43)) - Unregistering Metrics Registry : ratis.server.8a75226f-9665-4023-8f83-5359208d8c5d@group-70A6B8D38945
2020-07-19 12:59:21,006 [Listener at 127.0.0.1/43321] INFO  impl.StateMachineUpdater (StateMachineUpdater.java:stopAndJoin(142)) - 8a75226f-9665-4023-8f83-5359208d8c5d@group-70A6B8D38945-StateMachineUpdater: set stopIndex = 0
2020-07-19 12:59:21,006 [8a75226f-9665-4023-8f83-5359208d8c5d@group-70A6B8D38945-StateMachineUpdater] INFO  ratis.ContainerStateMachine (ContainerStateMachine.java:takeSnapshot(293)) - group-70A6B8D38945: Taking a snapshot at:(t:1, i:0) file /github/workspace/mnt/ozone/hadoop-ozone/integration-test/target/test-dir/MiniOzoneClusterImpl-8824b896-4141-4ae0-8a85-a38dd1836ba7/datanode-1/data/ratis/58c46952-28a9-4ba9-bb67-70a6b8d38945/sm/snapshot.1_0
2020-07-19 12:59:21,007 [8a75226f-9665-4023-8f83-5359208d8c5d@group-70A6B8D38945-StateMachineUpdater] INFO  ratis.ContainerStateMachine (ContainerStateMachine.java:takeSnapshot(304)) - group-70A6B8D38945: Finished taking a snapshot at:(t:1, i:0) file:/github/workspace/mnt/ozone/hadoop-ozone/integration-test/target/test-dir/MiniOzoneClusterImpl-8824b896-4141-4ae0-8a85-a38dd1836ba7/datanode-1/data/ratis/58c46952-28a9-4ba9-bb67-70a6b8d38945/sm/snapshot.1_0 time:1
2020-07-19 12:59:21,007 [8a75226f-9665-4023-8f83-5359208d8c5d@group-70A6B8D38945-StateMachineUpdater] INFO  impl.StateMachineUpdater (StateMachineUpdater.java:takeSnapshot(277)) - 8a75226f-9665-4023-8f83-5359208d8c5d@group-70A6B8D38945-StateMachineUpdater: Took a snapshot at index 0
2020-07-19 12:59:21,007 [8a75226f-9665-4023-8f83-5359208d8c5d@group-70A6B8D38945-StateMachineUpdater] INFO  impl.StateMachineUpdater (StateMachineUpdater.java:lambda$new$0(87)) - 8a75226f-9665-4023-8f83-5359208d8c5d@group-70A6B8D38945-StateMachineUpdater: snapshotIndex: updateIncreasingly -1 -> 0
2020-07-19 12:59:21,007 [8a75226f-9665-4023-8f83-5359208d8c5d@group-70A6B8D38945-StateMachineUpdater] INFO  metrics.RatisMetrics (RatisMetrics.java:unregister(43)) - Unregistering Metrics Registry : ratis.state_machine.8a75226f-9665-4023-8f83-5359208d8c5d@group-70A6B8D38945
2020-07-19 12:59:21,007 [Listener at 127.0.0.1/43321] INFO  impl.RaftServerImpl (ServerState.java:close(387)) - 8a75226f-9665-4023-8f83-5359208d8c5d@group-70A6B8D38945: closes. applyIndex: 0
2020-07-19 12:59:21,008 [8a75226f-9665-4023-8f83-5359208d8c5d@group-70A6B8D38945-SegmentedRaftLogWorker] INFO  segmented.SegmentedRaftLogWorker (SegmentedRaftLogWorker.java:run(327)) - 8a75226f-9665-4023-8f83-5359208d8c5d@group-70A6B8D38945-SegmentedRaftLogWorker was interrupted, exiting. There are 0 tasks remaining in the queue.
2020-07-19 12:59:21,008 [Listener at 127.0.0.1/43321] INFO  segmented.SegmentedRaftLogWorker (SegmentedRaftLogWorker.java:close(234)) - 8a75226f-9665-4023-8f83-5359208d8c5d@group-70A6B8D38945-SegmentedRaftLogWorker close()
2020-07-19 12:59:21,009 [Listener at 127.0.0.1/43321] INFO  metrics.RatisMetrics (RatisMetrics.java:unregister(43)) - Unregistering Metrics Registry : ratis.log_worker.8a75226f-9665-4023-8f83-5359208d8c5d@group-70A6B8D38945
2020-07-19 12:59:21,010 [Listener at 127.0.0.1/43321] INFO  metrics.RatisMetrics (RatisMetrics.java:unregister(43)) - Unregistering Metrics Registry : ratis.leader_election.8a75226f-9665-4023-8f83-5359208d8c5d@group-70A6B8D38945
2020-07-19 12:59:21,010 [Listener at 127.0.0.1/43321] INFO  metrics.RatisMetrics (RatisMetrics.java:unregister(43)) - Unregistering Metrics Registry : ratis.server.8a75226f-9665-4023-8f83-5359208d8c5d@group-70A6B8D38945
2020-07-19 12:59:21,010 [Listener at 127.0.0.1/43321] INFO  server.GrpcService (GrpcService.java:closeImpl(166)) - 8a75226f-9665-4023-8f83-5359208d8c5d: shutdown server with port 42023 now
2020-07-19 12:59:21,011 [grpc-default-executor-3] WARN  server.GrpcServerProtocolService (LogUtils.java:warn(122)) - 8a75226f-9665-4023-8f83-5359208d8c5d: installSnapshot onError, lastRequest: 2b2d82e9-81b7-495a-ad91-4c9f861a0950->8a75226f-9665-4023-8f83-5359208d8c5d#9-t1, previous=(t:1, i:7), leaderCommit=5, initializing? false, entries: size=1, first=(t:1, i:8), METADATAENTRY(c:4): org.apache.ratis.thirdparty.io.grpc.StatusRuntimeException: CANCELLED: cancelled before receiving half close
2020-07-19 12:59:21,011 [grpc-default-executor-0] WARN  server.GrpcLogAppender (LogUtils.java:warn(122)) - 2b2d82e9-81b7-495a-ad91-4c9f861a0950@group-BDD9E056EE21->8a75226f-9665-4023-8f83-5359208d8c5d-AppendLogResponseHandler: Failed appendEntries: org.apache.ratis.thirdparty.io.grpc.StatusRuntimeException: CANCELLED: HTTP/2 error code: CANCEL
Received Rst Stream
2020-07-19 12:59:21,012 [Listener at 127.0.0.1/43321] INFO  server.GrpcService (GrpcService.java:closeImpl(174)) - 8a75226f-9665-4023-8f83-5359208d8c5d: shutdown server with port 42023 successfully
2020-07-19 12:59:21,013 [grpc-default-executor-0] INFO  impl.FollowerInfo (FollowerInfo.java:lambda$new$0(51)) - 2b2d82e9-81b7-495a-ad91-4c9f861a0950@group-BDD9E056EE21->8a75226f-9665-4023-8f83-5359208d8c5d: nextIndex: updateUnconditionally 9 -> 8
2020-07-19 12:59:21,013 [Listener at 127.0.0.1/43321] INFO  utils.BackgroundService (BackgroundService.java:shutdown(157)) - Shutting down service BlockDeletingService
2020-07-19 12:59:21,015 [Listener at 127.0.0.1/43321] INFO  statemachine.DatanodeStateMachine (DatanodeStateMachine.java:stopDaemon(428)) - Ozone container server stopped.
2020-07-19 12:59:21,021 [Listener at 127.0.0.1/43321] INFO  handler.ContextHandler (ContextHandler.java:doStop(1016)) - Stopped o.e.j.w.WebAppContext@774bc932{hddsDatanode,/,null,UNAVAILABLE}{jar:file:/home/user/.m2/repository/org/apache/hadoop/hadoop-hdds-container-service/0.6.0-SNAPSHOT/hadoop-hdds-container-service-0.6.0-SNAPSHOT.jar!/webapps/hddsDatanode}
2020-07-19 12:59:21,021 [Listener at 127.0.0.1/43321] INFO  server.AbstractConnector (AbstractConnector.java:doStop(380)) - Stopped ServerConnector@49d7fce0{HTTP/1.1,[http/1.1]}{0.0.0.0:0}
2020-07-19 12:59:21,022 [Listener at 127.0.0.1/43321] INFO  server.session (HouseKeeper.java:stopScavenging(158)) - node0 Stopped scavenging
2020-07-19 12:59:21,022 [Listener at 127.0.0.1/43321] INFO  handler.ContextHandler (ContextHandler.java:doStop(1016)) - Stopped o.e.j.s.ServletContextHandler@95956a1{static,/static,jar:file:/home/user/.m2/repository/org/apache/hadoop/hadoop-hdds-container-service/0.6.0-SNAPSHOT/hadoop-hdds-container-service-0.6.0-SNAPSHOT.jar!/webapps/static,UNAVAILABLE}
2020-07-19 12:59:21,022 [Listener at 127.0.0.1/43321] INFO  handler.ContextHandler (ContextHandler.java:doStop(1016)) - Stopped o.e.j.s.ServletContextHandler@5ad927d6{logs,/logs,file:///github/workspace/mnt/ozone/hadoop-ozone/integration-test/target/log,UNAVAILABLE}
2020-07-19 12:59:21,895 [Datanode State Machine Thread - 0] INFO  statemachine.DatanodeStateMachine (DatanodeStateMachine.java:lambda$startDaemon$0(380)) - Ozone container server started.
2020-07-19 12:59:23,496 [grpc-default-executor-4] WARN  server.GrpcLogAppender (LogUtils.java:warn(122)) - 2b2d82e9-81b7-495a-ad91-4c9f861a0950@group-BDD9E056EE21->8a75226f-9665-4023-8f83-5359208d8c5d-AppendLogResponseHandler: Failed appendEntries: org.apache.ratis.thirdparty.io.grpc.StatusRuntimeException: UNAVAILABLE: io exception
2020-07-19 12:59:23,499 [grpc-default-executor-4] INFO  impl.FollowerInfo (FollowerInfo.java:lambda$new$0(51)) - 2b2d82e9-81b7-495a-ad91-4c9f861a0950@group-BDD9E056EE21->8a75226f-9665-4023-8f83-5359208d8c5d: nextIndex: updateUnconditionally 9 -> 8
2020-07-19 12:59:25,998 [grpc-default-executor-0] WARN  server.GrpcLogAppender (LogUtils.java:warn(122)) - 2b2d82e9-81b7-495a-ad91-4c9f861a0950@group-BDD9E056EE21->8a75226f-9665-4023-8f83-5359208d8c5d-AppendLogResponseHandler: Failed appendEntries: org.apache.ratis.thirdparty.io.grpc.StatusRuntimeException: UNAVAILABLE: io exception
2020-07-19 12:59:26,000 [grpc-default-executor-0] INFO  impl.FollowerInfo (FollowerInfo.java:lambda$new$0(51)) - 2b2d82e9-81b7-495a-ad91-4c9f861a0950@group-BDD9E056EE21->8a75226f-9665-4023-8f83-5359208d8c5d: nextIndex: updateUnconditionally 9 -> 8
2020-07-19 12:59:26,024 [Listener at 127.0.0.1/43321] INFO  ozoneimpl.OzoneContainer (OzoneContainer.java:stop(247)) - Attempting to stop container services.
2020-07-19 12:59:26,024 [Listener at 127.0.0.1/43321] INFO  impl.RaftServerProxy (RaftServerProxy.java:lambda$close$4(319)) - af89afa7-310b-41e3-a030-5f9c19d0a39c: close
2020-07-19 12:59:26,025 [Listener at 127.0.0.1/43321] INFO  impl.RaftServerImpl (RaftServerImpl.java:lambda$shutdown$3(252)) - af89afa7-310b-41e3-a030-5f9c19d0a39c@group-BDD9E056EE21: shutdown
2020-07-19 12:59:26,025 [Listener at 127.0.0.1/43321] INFO  util.JmxRegister (JmxRegister.java:unregister(73)) - Successfully un-registered JMX Bean with object name Ratis:service=RaftServer,group=group-BDD9E056EE21,id=af89afa7-310b-41e3-a030-5f9c19d0a39c
2020-07-19 12:59:26,025 [Listener at 127.0.0.1/43321] INFO  impl.RoleInfo (RoleInfo.java:shutdownFollowerState(121)) - af89afa7-310b-41e3-a030-5f9c19d0a39c: shutdown FollowerState
2020-07-19 12:59:26,025 [Listener at 127.0.0.1/43321] INFO  impl.StateMachineUpdater (StateMachineUpdater.java:stopAndJoin(142)) - af89afa7-310b-41e3-a030-5f9c19d0a39c@group-BDD9E056EE21-StateMachineUpdater: set stopIndex = 8
2020-07-19 12:59:26,025 [Thread-611] INFO  impl.FollowerState (FollowerState.java:run(117)) - af89afa7-310b-41e3-a030-5f9c19d0a39c@group-BDD9E056EE21-FollowerState was interrupted: java.lang.InterruptedException: sleep interrupted
2020-07-19 12:59:26,026 [af89afa7-310b-41e3-a030-5f9c19d0a39c@group-BDD9E056EE21-StateMachineUpdater] INFO  ratis.ContainerStateMachine (ContainerStateMachine.java:takeSnapshot(293)) - group-BDD9E056EE21: Taking a snapshot at:(t:1, i:8) file /github/workspace/mnt/ozone/hadoop-ozone/integration-test/target/test-dir/MiniOzoneClusterImpl-8824b896-4141-4ae0-8a85-a38dd1836ba7/datanode-2/data/ratis/5ebf3169-d61a-42a2-8dc1-bdd9e056ee21/sm/snapshot.1_8
2020-07-19 12:59:26,028 [af89afa7-310b-41e3-a030-5f9c19d0a39c@group-BDD9E056EE21-StateMachineUpdater] INFO  ratis.ContainerStateMachine (ContainerStateMachine.java:takeSnapshot(304)) - group-BDD9E056EE21: Finished taking a snapshot at:(t:1, i:8) file:/github/workspace/mnt/ozone/hadoop-ozone/integration-test/target/test-dir/MiniOzoneClusterImpl-8824b896-4141-4ae0-8a85-a38dd1836ba7/datanode-2/data/ratis/5ebf3169-d61a-42a2-8dc1-bdd9e056ee21/sm/snapshot.1_8 time:2
2020-07-19 12:59:26,028 [af89afa7-310b-41e3-a030-5f9c19d0a39c@group-BDD9E056EE21-StateMachineUpdater] INFO  impl.StateMachineUpdater (StateMachineUpdater.java:takeSnapshot(277)) - af89afa7-310b-41e3-a030-5f9c19d0a39c@group-BDD9E056EE21-StateMachineUpdater: Took a snapshot at index 8
2020-07-19 12:59:26,028 [af89afa7-310b-41e3-a030-5f9c19d0a39c@group-BDD9E056EE21-StateMachineUpdater] INFO  impl.StateMachineUpdater (StateMachineUpdater.java:lambda$new$0(87)) - af89afa7-310b-41e3-a030-5f9c19d0a39c@group-BDD9E056EE21-StateMachineUpdater: snapshotIndex: updateIncreasingly -1 -> 8
2020-07-19 12:59:26,028 [af89afa7-310b-41e3-a030-5f9c19d0a39c@group-BDD9E056EE21-StateMachineUpdater] INFO  metrics.RatisMetrics (RatisMetrics.java:unregister(43)) - Unregistering Metrics Registry : ratis.state_machine.af89afa7-310b-41e3-a030-5f9c19d0a39c@group-BDD9E056EE21
2020-07-19 12:59:26,029 [Listener at 127.0.0.1/43321] INFO  impl.RaftServerImpl (ServerState.java:close(387)) - af89afa7-310b-41e3-a030-5f9c19d0a39c@group-BDD9E056EE21: closes. applyIndex: 8
2020-07-19 12:59:26,029 [af89afa7-310b-41e3-a030-5f9c19d0a39c@group-BDD9E056EE21-SegmentedRaftLogWorker] INFO  segmented.SegmentedRaftLogWorker (SegmentedRaftLogWorker.java:run(327)) - af89afa7-310b-41e3-a030-5f9c19d0a39c@group-BDD9E056EE21-SegmentedRaftLogWorker was interrupted, exiting. There are 0 tasks remaining in the queue.
2020-07-19 12:59:26,031 [Listener at 127.0.0.1/43321] INFO  segmented.SegmentedRaftLogWorker (SegmentedRaftLogWorker.java:close(234)) - af89afa7-310b-41e3-a030-5f9c19d0a39c@group-BDD9E056EE21-SegmentedRaftLogWorker close()
2020-07-19 12:59:26,032 [Listener at 127.0.0.1/43321] INFO  metrics.RatisMetrics (RatisMetrics.java:unregister(43)) - Unregistering Metrics Registry : ratis.log_worker.af89afa7-310b-41e3-a030-5f9c19d0a39c@group-BDD9E056EE21
2020-07-19 12:59:26,033 [Listener at 127.0.0.1/43321] INFO  metrics.RatisMetrics (RatisMetrics.java:unregister(43)) - Unregistering Metrics Registry : ratis.leader_election.af89afa7-310b-41e3-a030-5f9c19d0a39c@group-BDD9E056EE21
2020-07-19 12:59:26,033 [Listener at 127.0.0.1/43321] INFO  metrics.RatisMetrics (RatisMetrics.java:unregister(43)) - Unregistering Metrics Registry : ratis.server.af89afa7-310b-41e3-a030-5f9c19d0a39c@group-BDD9E056EE21
2020-07-19 12:59:26,033 [Listener at 127.0.0.1/43321] INFO  impl.RaftServerImpl (RaftServerImpl.java:lambda$shutdown$3(252)) - af89afa7-310b-41e3-a030-5f9c19d0a39c@group-8F0C7F9C9EB9: shutdown
2020-07-19 12:59:26,034 [Listener at 127.0.0.1/43321] INFO  util.JmxRegister (JmxRegister.java:unregister(73)) - Successfully un-registered JMX Bean with object name Ratis:service=RaftServer,group=group-8F0C7F9C9EB9,id=af89afa7-310b-41e3-a030-5f9c19d0a39c
2020-07-19 12:59:26,034 [Listener at 127.0.0.1/43321] INFO  impl.RoleInfo (RoleInfo.java:shutdownLeaderState(104)) - af89afa7-310b-41e3-a030-5f9c19d0a39c: shutdown LeaderState
2020-07-19 12:59:26,034 [Listener at 127.0.0.1/43321] INFO  impl.PendingRequests (PendingRequests.java:sendNotLeaderResponses(249)) - af89afa7-310b-41e3-a030-5f9c19d0a39c@group-8F0C7F9C9EB9-PendingRequests: sendNotLeaderResponses
2020-07-19 12:59:26,034 [Listener at 127.0.0.1/43321] INFO  metrics.RatisMetrics (RatisMetrics.java:unregister(43)) - Unregistering Metrics Registry : ratis.log_appender.af89afa7-310b-41e3-a030-5f9c19d0a39c@group-8F0C7F9C9EB9
2020-07-19 12:59:26,034 [Listener at 127.0.0.1/43321] INFO  metrics.RatisMetrics (RatisMetrics.java:unregister(43)) - Unregistering Metrics Registry : ratis.server.af89afa7-310b-41e3-a030-5f9c19d0a39c@group-8F0C7F9C9EB9
2020-07-19 12:59:26,035 [af89afa7-310b-41e3-a030-5f9c19d0a39c@group-8F0C7F9C9EB9-StateMachineUpdater] INFO  ratis.ContainerStateMachine (ContainerStateMachine.java:takeSnapshot(293)) - group-8F0C7F9C9EB9: Taking a snapshot at:(t:1, i:0) file /github/workspace/mnt/ozone/hadoop-ozone/integration-test/target/test-dir/MiniOzoneClusterImpl-8824b896-4141-4ae0-8a85-a38dd1836ba7/datanode-2/data/ratis/6ac2399f-98b2-46f0-a6b3-8f0c7f9c9eb9/sm/snapshot.1_0
2020-07-19 12:59:26,035 [Listener at 127.0.0.1/43321] INFO  impl.StateMachineUpdater (StateMachineUpdater.java:stopAndJoin(142)) - af89afa7-310b-41e3-a030-5f9c19d0a39c@group-8F0C7F9C9EB9-StateMachineUpdater: set stopIndex = 0
2020-07-19 12:59:26,036 [af89afa7-310b-41e3-a030-5f9c19d0a39c@group-8F0C7F9C9EB9-StateMachineUpdater] INFO  ratis.ContainerStateMachine (ContainerStateMachine.java:takeSnapshot(304)) - group-8F0C7F9C9EB9: Finished taking a snapshot at:(t:1, i:0) file:/github/workspace/mnt/ozone/hadoop-ozone/integration-test/target/test-dir/MiniOzoneClusterImpl-8824b896-4141-4ae0-8a85-a38dd1836ba7/datanode-2/data/ratis/6ac2399f-98b2-46f0-a6b3-8f0c7f9c9eb9/sm/snapshot.1_0 time:1
2020-07-19 12:59:26,036 [af89afa7-310b-41e3-a030-5f9c19d0a39c@group-8F0C7F9C9EB9-StateMachineUpdater] INFO  impl.StateMachineUpdater (StateMachineUpdater.java:takeSnapshot(277)) - af89afa7-310b-41e3-a030-5f9c19d0a39c@group-8F0C7F9C9EB9-StateMachineUpdater: Took a snapshot at index 0
2020-07-19 12:59:26,036 [af89afa7-310b-41e3-a030-5f9c19d0a39c@group-8F0C7F9C9EB9-StateMachineUpdater] INFO  impl.StateMachineUpdater (StateMachineUpdater.java:lambda$new$0(87)) - af89afa7-310b-41e3-a030-5f9c19d0a39c@group-8F0C7F9C9EB9-StateMachineUpdater: snapshotIndex: updateIncreasingly -1 -> 0
2020-07-19 12:59:26,036 [af89afa7-310b-41e3-a030-5f9c19d0a39c@group-8F0C7F9C9EB9-StateMachineUpdater] INFO  metrics.RatisMetrics (RatisMetrics.java:unregister(43)) - Unregistering Metrics Registry : ratis.state_machine.af89afa7-310b-41e3-a030-5f9c19d0a39c@group-8F0C7F9C9EB9
2020-07-19 12:59:26,036 [Listener at 127.0.0.1/43321] INFO  impl.RaftServerImpl (ServerState.java:close(387)) - af89afa7-310b-41e3-a030-5f9c19d0a39c@group-8F0C7F9C9EB9: closes. applyIndex: 0
2020-07-19 12:59:26,037 [af89afa7-310b-41e3-a030-5f9c19d0a39c@group-8F0C7F9C9EB9-SegmentedRaftLogWorker] INFO  segmented.SegmentedRaftLogWorker (SegmentedRaftLogWorker.java:run(327)) - af89afa7-310b-41e3-a030-5f9c19d0a39c@group-8F0C7F9C9EB9-SegmentedRaftLogWorker was interrupted, exiting. There are 0 tasks remaining in the queue.
2020-07-19 12:59:26,037 [Listener at 127.0.0.1/43321] INFO  segmented.SegmentedRaftLogWorker (SegmentedRaftLogWorker.java:close(234)) - af89afa7-310b-41e3-a030-5f9c19d0a39c@group-8F0C7F9C9EB9-SegmentedRaftLogWorker close()
2020-07-19 12:59:26,038 [Listener at 127.0.0.1/43321] INFO  metrics.RatisMetrics (RatisMetrics.java:unregister(43)) - Unregistering Metrics Registry : ratis.log_worker.af89afa7-310b-41e3-a030-5f9c19d0a39c@group-8F0C7F9C9EB9
2020-07-19 12:59:26,038 [Listener at 127.0.0.1/43321] INFO  metrics.RatisMetrics (RatisMetrics.java:unregister(43)) - Unregistering Metrics Registry : ratis.leader_election.af89afa7-310b-41e3-a030-5f9c19d0a39c@group-8F0C7F9C9EB9
2020-07-19 12:59:26,038 [Listener at 127.0.0.1/43321] INFO  metrics.RatisMetrics (RatisMetrics.java:unregister(43)) - Unregistering Metrics Registry : ratis.server.af89afa7-310b-41e3-a030-5f9c19d0a39c@group-8F0C7F9C9EB9
2020-07-19 12:59:26,038 [Listener at 127.0.0.1/43321] INFO  server.GrpcService (GrpcService.java:closeImpl(166)) - af89afa7-310b-41e3-a030-5f9c19d0a39c: shutdown server with port 33475 now
2020-07-19 12:59:26,041 [grpc-default-executor-4] WARN  server.GrpcServerProtocolService (LogUtils.java:warn(122)) - af89afa7-310b-41e3-a030-5f9c19d0a39c: installSnapshot onError, lastRequest: 2b2d82e9-81b7-495a-ad91-4c9f861a0950->af89afa7-310b-41e3-a030-5f9c19d0a39c#9-t1, previous=(t:1, i:7), leaderCommit=5, initializing? false, entries: size=1, first=(t:1, i:8), METADATAENTRY(c:4): org.apache.ratis.thirdparty.io.grpc.StatusRuntimeException: CANCELLED: cancelled before receiving half close
2020-07-19 12:59:26,041 [grpc-default-executor-3] WARN  server.GrpcLogAppender (LogUtils.java:warn(122)) - 2b2d82e9-81b7-495a-ad91-4c9f861a0950@group-BDD9E056EE21->af89afa7-310b-41e3-a030-5f9c19d0a39c-AppendLogResponseHandler: Failed appendEntries: org.apache.ratis.thirdparty.io.grpc.StatusRuntimeException: CANCELLED: HTTP/2 error code: CANCEL
Received Rst Stream
2020-07-19 12:59:26,044 [Listener at 127.0.0.1/43321] INFO  server.GrpcService (GrpcService.java:closeImpl(174)) - af89afa7-310b-41e3-a030-5f9c19d0a39c: shutdown server with port 33475 successfully
2020-07-19 12:59:26,045 [grpc-default-executor-3] INFO  impl.FollowerInfo (FollowerInfo.java:lambda$new$0(51)) - 2b2d82e9-81b7-495a-ad91-4c9f861a0950@group-BDD9E056EE21->af89afa7-310b-41e3-a030-5f9c19d0a39c: nextIndex: updateUnconditionally 9 -> 8
2020-07-19 12:59:26,046 [Listener at 127.0.0.1/43321] INFO  utils.BackgroundService (BackgroundService.java:shutdown(157)) - Shutting down service BlockDeletingService
2020-07-19 12:59:26,052 [Listener at 127.0.0.1/43321] INFO  statemachine.DatanodeStateMachine (DatanodeStateMachine.java:stopDaemon(428)) - Ozone container server stopped.
2020-07-19 12:59:26,058 [Listener at 127.0.0.1/43321] INFO  handler.ContextHandler (ContextHandler.java:doStop(1016)) - Stopped o.e.j.w.WebAppContext@46690dd0{hddsDatanode,/,null,UNAVAILABLE}{jar:file:/home/user/.m2/repository/org/apache/hadoop/hadoop-hdds-container-service/0.6.0-SNAPSHOT/hadoop-hdds-container-service-0.6.0-SNAPSHOT.jar!/webapps/hddsDatanode}
2020-07-19 12:59:26,058 [Listener at 127.0.0.1/43321] INFO  server.AbstractConnector (AbstractConnector.java:doStop(380)) - Stopped ServerConnector@eb82538{HTTP/1.1,[http/1.1]}{0.0.0.0:0}
2020-07-19 12:59:26,059 [Listener at 127.0.0.1/43321] INFO  server.session (HouseKeeper.java:stopScavenging(158)) - node0 Stopped scavenging
2020-07-19 12:59:26,059 [Listener at 127.0.0.1/43321] INFO  handler.ContextHandler (ContextHandler.java:doStop(1016)) - Stopped o.e.j.s.ServletContextHandler@352107ad{static,/static,jar:file:/home/user/.m2/repository/org/apache/hadoop/hadoop-hdds-container-service/0.6.0-SNAPSHOT/hadoop-hdds-container-service-0.6.0-SNAPSHOT.jar!/webapps/static,UNAVAILABLE}
2020-07-19 12:59:26,059 [Listener at 127.0.0.1/43321] INFO  handler.ContextHandler (ContextHandler.java:doStop(1016)) - Stopped o.e.j.s.ServletContextHandler@23b22bb5{logs,/logs,file:///github/workspace/mnt/ozone/hadoop-ozone/integration-test/target/log,UNAVAILABLE}
2020-07-19 12:59:28,497 [grpc-default-executor-4] WARN  server.GrpcLogAppender (LogUtils.java:warn(122)) - 2b2d82e9-81b7-495a-ad91-4c9f861a0950@group-BDD9E056EE21->af89afa7-310b-41e3-a030-5f9c19d0a39c-AppendLogResponseHandler: Failed appendEntries: org.apache.ratis.thirdparty.io.grpc.StatusRuntimeException: UNAVAILABLE: io exception
2020-07-19 12:59:28,501 [grpc-default-executor-4] INFO  impl.FollowerInfo (FollowerInfo.java:lambda$new$0(51)) - 2b2d82e9-81b7-495a-ad91-4c9f861a0950@group-BDD9E056EE21->af89afa7-310b-41e3-a030-5f9c19d0a39c: nextIndex: updateUnconditionally 9 -> 8
2020-07-19 12:59:28,504 [grpc-default-executor-3] WARN  server.GrpcLogAppender (LogUtils.java:warn(122)) - 2b2d82e9-81b7-495a-ad91-4c9f861a0950@group-BDD9E056EE21->8a75226f-9665-4023-8f83-5359208d8c5d-AppendLogResponseHandler: Failed appendEntries: org.apache.ratis.thirdparty.io.grpc.StatusRuntimeException: UNAVAILABLE: io exception
2020-07-19 12:59:28,505 [grpc-default-executor-3] INFO  impl.FollowerInfo (FollowerInfo.java:lambda$new$0(51)) - 2b2d82e9-81b7-495a-ad91-4c9f861a0950@group-BDD9E056EE21->8a75226f-9665-4023-8f83-5359208d8c5d: nextIndex: updateUnconditionally 9 -> 8
2020-07-19 12:59:29,067 [Listener at 127.0.0.1/43321] WARN  scm.XceiverClientRatis (XceiverClientRatis.java:watchForCommit(265)) - 3 way commit failed on pipeline Pipeline[ Id: 5ebf3169-d61a-42a2-8dc1-bdd9e056ee21, Nodes: 8a75226f-9665-4023-8f83-5359208d8c5d{ip: 172.17.0.2, host: fe49c764e40f, networkLocation: /default-rack, certSerialId: null}af89afa7-310b-41e3-a030-5f9c19d0a39c{ip: 172.17.0.2, host: fe49c764e40f, networkLocation: /default-rack, certSerialId: null}2b2d82e9-81b7-495a-ad91-4c9f861a0950{ip: 172.17.0.2, host: fe49c764e40f, networkLocation: /default-rack, certSerialId: null}, Type:RATIS, Factor:THREE, State:OPEN, leaderId:2b2d82e9-81b7-495a-ad91-4c9f861a0950, CreationTimestamp2020-07-19T12:59:07.168Z]
java.util.concurrent.ExecutionException: org.apache.ratis.protocol.TimeoutIOException: Request #26 timeout 3000ms
	at java.util.concurrent.CompletableFuture.reportGet(CompletableFuture.java:357)
	at java.util.concurrent.CompletableFuture.get(CompletableFuture.java:1908)
	at org.apache.hadoop.hdds.scm.XceiverClientRatis.watchForCommit(XceiverClientRatis.java:262)
	at org.apache.hadoop.hdds.scm.storage.CommitWatcher.watchForCommit(CommitWatcher.java:190)
	at org.apache.hadoop.ozone.client.rpc.TestCommitWatcher.testReleaseBuffersOnException(TestCommitWatcher.java:312)
	at sun.reflect.NativeMethodAccessorImpl.invoke0(Native Method)
	at sun.reflect.NativeMethodAccessorImpl.invoke(NativeMethodAccessorImpl.java:62)
	at sun.reflect.DelegatingMethodAccessorImpl.invoke(DelegatingMethodAccessorImpl.java:43)
	at java.lang.reflect.Method.invoke(Method.java:498)
	at org.junit.runners.model.FrameworkMethod$1.runReflectiveCall(FrameworkMethod.java:47)
	at org.junit.internal.runners.model.ReflectiveCallable.run(ReflectiveCallable.java:12)
	at org.junit.runners.model.FrameworkMethod.invokeExplosively(FrameworkMethod.java:44)
	at org.junit.internal.runners.statements.InvokeMethod.evaluate(InvokeMethod.java:17)
	at org.junit.internal.runners.statements.RunBefores.evaluate(RunBefores.java:26)
	at org.junit.internal.runners.statements.RunAfters.evaluate(RunAfters.java:27)
	at org.junit.internal.runners.statements.FailOnTimeout$StatementThread.run(FailOnTimeout.java:74)
Caused by: org.apache.ratis.protocol.TimeoutIOException: Request #26 timeout 3000ms
	at org.apache.ratis.grpc.client.GrpcClientProtocolClient$AsyncStreamObservers.lambda$timeoutCheck$5(GrpcClientProtocolClient.java:337)
	at java.util.Optional.ifPresent(Optional.java:159)
	at org.apache.ratis.grpc.client.GrpcClientProtocolClient$AsyncStreamObservers.handleReplyFuture(GrpcClientProtocolClient.java:342)
	at org.apache.ratis.grpc.client.GrpcClientProtocolClient$AsyncStreamObservers.timeoutCheck(GrpcClientProtocolClient.java:337)
	at org.apache.ratis.grpc.client.GrpcClientProtocolClient$AsyncStreamObservers.lambda$onNext$1(GrpcClientProtocolClient.java:326)
	at org.apache.ratis.util.TimeoutScheduler.lambda$onTimeout$0(TimeoutScheduler.java:141)
	at org.apache.ratis.util.TimeoutScheduler.lambda$onTimeout$1(TimeoutScheduler.java:155)
	at org.apache.ratis.util.LogUtils.runAndLog(LogUtils.java:38)
	at org.apache.ratis.util.LogUtils$1.run(LogUtils.java:79)
	at java.util.concurrent.Executors$RunnableAdapter.call(Executors.java:511)
	at java.util.concurrent.FutureTask.run(FutureTask.java:266)
	at java.util.concurrent.ScheduledThreadPoolExecutor$ScheduledFutureTask.access$201(ScheduledThreadPoolExecutor.java:180)
	at java.util.concurrent.ScheduledThreadPoolExecutor$ScheduledFutureTask.run(ScheduledThreadPoolExecutor.java:293)
	at java.util.concurrent.ThreadPoolExecutor.runWorker(ThreadPoolExecutor.java:1149)
	at java.util.concurrent.ThreadPoolExecutor$Worker.run(ThreadPoolExecutor.java:624)
	at java.lang.Thread.run(Thread.java:748)
2020-07-19 12:59:29,425 [Thread-702] INFO  client.GrpcClientProtocolService (GrpcClientProtocolService.java:lambda$processClientRequest$0(283)) - Failed RaftClientRequest:client-3BF71EFD172C->2b2d82e9-81b7-495a-ad91-4c9f861a0950@group-BDD9E056EE21, cid=26, seq=0, Watch-ALL_COMMITTED(104), Message:<EMPTY>, reply=RaftClientReply:client-3BF71EFD172C->2b2d82e9-81b7-495a-ad91-4c9f861a0950@group-BDD9E056EE21, cid=26, FAILED org.apache.ratis.protocol.NotReplicatedException: Request with call Id 26 and log index 104 is not yet replicated to ALL_COMMITTED, logIndex=104, commits[2b2d82e9-81b7-495a-ad91-4c9f861a0950:c8, 8a75226f-9665-4023-8f83-5359208d8c5d:c8, af89afa7-310b-41e3-a030-5f9c19d0a39c:c8]
2020-07-19 12:59:30,999 [grpc-default-executor-4] WARN  server.GrpcLogAppender (LogUtils.java:warn(122)) - 2b2d82e9-81b7-495a-ad91-4c9f861a0950@group-BDD9E056EE21->af89afa7-310b-41e3-a030-5f9c19d0a39c-AppendLogResponseHandler: Failed appendEntries: org.apache.ratis.thirdparty.io.grpc.StatusRuntimeException: UNAVAILABLE: io exception
2020-07-19 12:59:31,001 [grpc-default-executor-4] INFO  impl.FollowerInfo (FollowerInfo.java:lambda$new$0(51)) - 2b2d82e9-81b7-495a-ad91-4c9f861a0950@group-BDD9E056EE21->af89afa7-310b-41e3-a030-5f9c19d0a39c: nextIndex: updateUnconditionally 9 -> 8
2020-07-19 12:59:31,003 [grpc-default-executor-3] WARN  server.GrpcLogAppender (LogUtils.java:warn(122)) - 2b2d82e9-81b7-495a-ad91-4c9f861a0950@group-BDD9E056EE21->8a75226f-9665-4023-8f83-5359208d8c5d-AppendLogResponseHandler: Failed appendEntries: org.apache.ratis.thirdparty.io.grpc.StatusRuntimeException: UNAVAILABLE: io exception
2020-07-19 12:59:31,005 [grpc-default-executor-3] INFO  impl.FollowerInfo (FollowerInfo.java:lambda$new$0(51)) - 2b2d82e9-81b7-495a-ad91-4c9f861a0950@group-BDD9E056EE21->8a75226f-9665-4023-8f83-5359208d8c5d: nextIndex: updateUnconditionally 9 -> 8
2020-07-19 12:59:32,069 [Listener at 127.0.0.1/43321] WARN  storage.CommitWatcher (CommitWatcher.java:getIOExceptionForWatchForCommit(209)) - watchForCommit failed for index 104
java.util.concurrent.ExecutionException: org.apache.ratis.protocol.TimeoutIOException: Request #27 timeout 3000ms
	at java.util.concurrent.CompletableFuture.reportGet(CompletableFuture.java:357)
	at java.util.concurrent.CompletableFuture.get(CompletableFuture.java:1908)
	at org.apache.hadoop.hdds.scm.XceiverClientRatis.watchForCommit(XceiverClientRatis.java:271)
	at org.apache.hadoop.hdds.scm.storage.CommitWatcher.watchForCommit(CommitWatcher.java:190)
	at org.apache.hadoop.ozone.client.rpc.TestCommitWatcher.testReleaseBuffersOnException(TestCommitWatcher.java:312)
	at sun.reflect.NativeMethodAccessorImpl.invoke0(Native Method)
	at sun.reflect.NativeMethodAccessorImpl.invoke(NativeMethodAccessorImpl.java:62)
	at sun.reflect.DelegatingMethodAccessorImpl.invoke(DelegatingMethodAccessorImpl.java:43)
	at java.lang.reflect.Method.invoke(Method.java:498)
	at org.junit.runners.model.FrameworkMethod$1.runReflectiveCall(FrameworkMethod.java:47)
	at org.junit.internal.runners.model.ReflectiveCallable.run(ReflectiveCallable.java:12)
	at org.junit.runners.model.FrameworkMethod.invokeExplosively(FrameworkMethod.java:44)
	at org.junit.internal.runners.statements.InvokeMethod.evaluate(InvokeMethod.java:17)
	at org.junit.internal.runners.statements.RunBefores.evaluate(RunBefores.java:26)
	at org.junit.internal.runners.statements.RunAfters.evaluate(RunAfters.java:27)
	at org.junit.internal.runners.statements.FailOnTimeout$StatementThread.run(FailOnTimeout.java:74)
Caused by: org.apache.ratis.protocol.TimeoutIOException: Request #27 timeout 3000ms
	at org.apache.ratis.grpc.client.GrpcClientProtocolClient$AsyncStreamObservers.lambda$timeoutCheck$5(GrpcClientProtocolClient.java:337)
	at java.util.Optional.ifPresent(Optional.java:159)
	at org.apache.ratis.grpc.client.GrpcClientProtocolClient$AsyncStreamObservers.handleReplyFuture(GrpcClientProtocolClient.java:342)
	at org.apache.ratis.grpc.client.GrpcClientProtocolClient$AsyncStreamObservers.timeoutCheck(GrpcClientProtocolClient.java:337)
	at org.apache.ratis.grpc.client.GrpcClientProtocolClient$AsyncStreamObservers.lambda$onNext$1(GrpcClientProtocolClient.java:326)
	at org.apache.ratis.util.TimeoutScheduler.lambda$onTimeout$0(TimeoutScheduler.java:141)
	at org.apache.ratis.util.TimeoutScheduler.lambda$onTimeout$1(TimeoutScheduler.java:155)
	at org.apache.ratis.util.LogUtils.runAndLog(LogUtils.java:38)
	at org.apache.ratis.util.LogUtils$1.run(LogUtils.java:79)
	at java.util.concurrent.Executors$RunnableAdapter.call(Executors.java:511)
	at java.util.concurrent.FutureTask.run(FutureTask.java:266)
	at java.util.concurrent.ScheduledThreadPoolExecutor$ScheduledFutureTask.access$201(ScheduledThreadPoolExecutor.java:180)
	at java.util.concurrent.ScheduledThreadPoolExecutor$ScheduledFutureTask.run(ScheduledThreadPoolExecutor.java:293)
	at java.util.concurrent.ThreadPoolExecutor.runWorker(ThreadPoolExecutor.java:1149)
	at java.util.concurrent.ThreadPoolExecutor$Worker.run(ThreadPoolExecutor.java:624)
	at java.lang.Thread.run(Thread.java:748)
2020-07-19 12:59:32,070 [Listener at 127.0.0.1/43321] INFO  ozone.MiniOzoneClusterImpl (MiniOzoneClusterImpl.java:shutdown(387)) - Shutting down the Mini Ozone Cluster
2020-07-19 12:59:32,071 [Listener at 127.0.0.1/43321] INFO  ozone.MiniOzoneClusterImpl (MiniOzoneClusterImpl.java:stop(402)) - Stopping the Mini Ozone Cluster
2020-07-19 12:59:32,071 [Listener at 127.0.0.1/43321] INFO  ozone.MiniOzoneClusterImpl (MiniOzoneClusterImpl.java:stopOM(484)) - Stopping the OzoneManager
2020-07-19 12:59:32,071 [Listener at 127.0.0.1/43321] INFO  ipc.Server (Server.java:stop(3359)) - Stopping server on 43321
2020-07-19 12:59:32,082 [IPC Server listener on 0] INFO  ipc.Server (Server.java:run(1330)) - Stopping IPC Server listener on 0
2020-07-19 12:59:32,082 [Listener at 127.0.0.1/43321] INFO  ratis.OzoneManagerDoubleBuffer (OzoneManagerDoubleBuffer.java:stop(458)) - Stopping OMDoubleBuffer flush thread
2020-07-19 12:59:32,082 [OMDoubleBufferFlushThread] INFO  ratis.OzoneManagerDoubleBuffer (OzoneManagerDoubleBuffer.java:flushTransactions(357)) - OMDoubleBuffer flush thread OMDoubleBufferFlushThread is interrupted and will exit. OMDoubleBufferFlushThread
2020-07-19 12:59:32,082 [Listener at 127.0.0.1/43321] INFO  utils.BackgroundService (BackgroundService.java:shutdown(157)) - Shutting down service KeyDeletingService
2020-07-19 12:59:32,082 [IPC Server Responder] INFO  ipc.Server (Server.java:run(1465)) - Stopping IPC Server Responder
2020-07-19 12:59:32,084 [Listener at 127.0.0.1/43321] INFO  handler.ContextHandler (ContextHandler.java:doStop(1016)) - Stopped o.e.j.w.WebAppContext@805b2dc{ozoneManager,/,null,UNAVAILABLE}{file:/github/workspace/mnt/ozone/hadoop-ozone/integration-test/target/test-classes/webapps/ozoneManager}
2020-07-19 12:59:32,084 [Listener at 127.0.0.1/43321] INFO  server.AbstractConnector (AbstractConnector.java:doStop(380)) - Stopped ServerConnector@1683b60c{HTTP/1.1,[http/1.1]}{0.0.0.0:0}
2020-07-19 12:59:32,084 [Listener at 127.0.0.1/43321] INFO  server.session (HouseKeeper.java:stopScavenging(158)) - node0 Stopped scavenging
2020-07-19 12:59:32,085 [Listener at 127.0.0.1/43321] INFO  handler.ContextHandler (ContextHandler.java:doStop(1016)) - Stopped o.e.j.s.ServletContextHandler@2cdf24fc{static,/static,file:///github/workspace/mnt/ozone/hadoop-ozone/integration-test/target/test-classes/webapps/static,UNAVAILABLE}
2020-07-19 12:59:32,085 [Listener at 127.0.0.1/43321] INFO  handler.ContextHandler (ContextHandler.java:doStop(1016)) - Stopped o.e.j.s.ServletContextHandler@d64513d{logs,/logs,file:///github/workspace/mnt/ozone/hadoop-ozone/integration-test/target/log,UNAVAILABLE}
2020-07-19 12:59:32,088 [Listener at 127.0.0.1/43321] INFO  ozone.MiniOzoneClusterImpl (MiniOzoneClusterImpl.java:stopDatanodes(461)) - Stopping the HddsDatanodes
2020-07-19 12:59:32,420 [Thread-706] INFO  client.GrpcClientProtocolService (GrpcClientProtocolService.java:lambda$processClientRequest$0(283)) - Failed RaftClientRequest:client-3BF71EFD172C->2b2d82e9-81b7-495a-ad91-4c9f861a0950@group-BDD9E056EE21, cid=27, seq=0, Watch-MAJORITY_COMMITTED(104), Message:<EMPTY>, reply=RaftClientReply:client-3BF71EFD172C->2b2d82e9-81b7-495a-ad91-4c9f861a0950@group-BDD9E056EE21, cid=27, FAILED org.apache.ratis.protocol.NotReplicatedException: Request with call Id 27 and log index 104 is not yet replicated to MAJORITY_COMMITTED, logIndex=104, commits[2b2d82e9-81b7-495a-ad91-4c9f861a0950:c8, 8a75226f-9665-4023-8f83-5359208d8c5d:c8, af89afa7-310b-41e3-a030-5f9c19d0a39c:c8]
2020-07-19 12:59:32,643 [Datanode State Machine Thread - 0] INFO  statemachine.DatanodeStateMachine (DatanodeStateMachine.java:lambda$startDaemon$0(380)) - Ozone container server started.
2020-07-19 12:59:32,860 [Datanode State Machine Thread - 0] INFO  statemachine.DatanodeStateMachine (DatanodeStateMachine.java:lambda$startDaemon$0(380)) - Ozone container server started.
2020-07-19 12:59:33,501 [grpc-default-executor-3] WARN  server.GrpcLogAppender (LogUtils.java:warn(122)) - 2b2d82e9-81b7-495a-ad91-4c9f861a0950@group-BDD9E056EE21->af89afa7-310b-41e3-a030-5f9c19d0a39c-AppendLogResponseHandler: Failed appendEntries: org.apache.ratis.thirdparty.io.grpc.StatusRuntimeException: UNAVAILABLE: io exception
2020-07-19 12:59:33,503 [grpc-default-executor-3] INFO  impl.FollowerInfo (FollowerInfo.java:lambda$new$0(51)) - 2b2d82e9-81b7-495a-ad91-4c9f861a0950@group-BDD9E056EE21->af89afa7-310b-41e3-a030-5f9c19d0a39c: nextIndex: updateUnconditionally 9 -> 8
2020-07-19 12:59:33,505 [grpc-default-executor-4] WARN  server.GrpcLogAppender (LogUtils.java:warn(122)) - 2b2d82e9-81b7-495a-ad91-4c9f861a0950@group-BDD9E056EE21->8a75226f-9665-4023-8f83-5359208d8c5d-AppendLogResponseHandler: Failed appendEntries: org.apache.ratis.thirdparty.io.grpc.StatusRuntimeException: UNAVAILABLE: io exception
2020-07-19 12:59:33,506 [grpc-default-executor-4] INFO  impl.FollowerInfo (FollowerInfo.java:lambda$new$0(51)) - 2b2d82e9-81b7-495a-ad91-4c9f861a0950@group-BDD9E056EE21->8a75226f-9665-4023-8f83-5359208d8c5d: nextIndex: updateUnconditionally 9 -> 8
2020-07-19 12:59:36,004 [grpc-default-executor-3] WARN  server.GrpcLogAppender (LogUtils.java:warn(122)) - 2b2d82e9-81b7-495a-ad91-4c9f861a0950@group-BDD9E056EE21->af89afa7-310b-41e3-a030-5f9c19d0a39c-AppendLogResponseHandler: Failed appendEntries: org.apache.ratis.thirdparty.io.grpc.StatusRuntimeException: UNAVAILABLE: io exception
2020-07-19 12:59:36,006 [grpc-default-executor-3] INFO  impl.FollowerInfo (FollowerInfo.java:lambda$new$0(51)) - 2b2d82e9-81b7-495a-ad91-4c9f861a0950@group-BDD9E056EE21->af89afa7-310b-41e3-a030-5f9c19d0a39c: nextIndex: updateUnconditionally 9 -> 8
2020-07-19 12:59:36,009 [grpc-default-executor-4] WARN  server.GrpcLogAppender (LogUtils.java:warn(122)) - 2b2d82e9-81b7-495a-ad91-4c9f861a0950@group-BDD9E056EE21->8a75226f-9665-4023-8f83-5359208d8c5d-AppendLogResponseHandler: Failed appendEntries: org.apache.ratis.thirdparty.io.grpc.StatusRuntimeException: UNAVAILABLE: io exception
2020-07-19 12:59:36,010 [grpc-default-executor-4] INFO  impl.FollowerInfo (FollowerInfo.java:lambda$new$0(51)) - 2b2d82e9-81b7-495a-ad91-4c9f861a0950@group-BDD9E056EE21->8a75226f-9665-4023-8f83-5359208d8c5d: nextIndex: updateUnconditionally 9 -> 8
2020-07-19 12:59:37,089 [Listener at 127.0.0.1/43321] INFO  ozoneimpl.OzoneContainer (OzoneContainer.java:stop(247)) - Attempting to stop container services.
2020-07-19 12:59:37,090 [Listener at 127.0.0.1/43321] INFO  impl.RaftServerProxy (RaftServerProxy.java:lambda$close$4(319)) - 45b92da7-6fd5-4e69-8c49-135295713f70: close
2020-07-19 12:59:37,090 [Listener at 127.0.0.1/43321] INFO  impl.RaftServerImpl (RaftServerImpl.java:lambda$shutdown$3(252)) - 45b92da7-6fd5-4e69-8c49-135295713f70@group-3183008B4F90: shutdown
2020-07-19 12:59:37,089 [ForkJoinPool.commonPool-worker-0] INFO  ozoneimpl.OzoneContainer (OzoneContainer.java:stop(247)) - Attempting to stop container services.
2020-07-19 12:59:37,091 [ForkJoinPool.commonPool-worker-0] INFO  impl.RaftServerProxy (RaftServerProxy.java:lambda$close$4(319)) - 2b2d82e9-81b7-495a-ad91-4c9f861a0950: close
2020-07-19 12:59:37,090 [Listener at 127.0.0.1/43321] INFO  util.JmxRegister (JmxRegister.java:unregister(73)) - Successfully un-registered JMX Bean with object name Ratis:service=RaftServer,group=group-3183008B4F90,id=45b92da7-6fd5-4e69-8c49-135295713f70
2020-07-19 12:59:37,091 [Listener at 127.0.0.1/43321] INFO  impl.RoleInfo (RoleInfo.java:shutdownFollowerState(121)) - 45b92da7-6fd5-4e69-8c49-135295713f70: shutdown FollowerState
2020-07-19 12:59:37,091 [Listener at 127.0.0.1/43321] INFO  impl.StateMachineUpdater (StateMachineUpdater.java:stopAndJoin(142)) - 45b92da7-6fd5-4e69-8c49-135295713f70@group-3183008B4F90-StateMachineUpdater: set stopIndex = 0
2020-07-19 12:59:37,091 [Thread-683] INFO  impl.FollowerState (FollowerState.java:run(117)) - 45b92da7-6fd5-4e69-8c49-135295713f70@group-3183008B4F90-FollowerState was interrupted: java.lang.InterruptedException: sleep interrupted
2020-07-19 12:59:37,091 [ForkJoinPool.commonPool-worker-0] INFO  impl.RaftServerImpl (RaftServerImpl.java:lambda$shutdown$3(252)) - 2b2d82e9-81b7-495a-ad91-4c9f861a0950@group-BDD9E056EE21: shutdown
2020-07-19 12:59:37,092 [45b92da7-6fd5-4e69-8c49-135295713f70@group-3183008B4F90-StateMachineUpdater] INFO  ratis.ContainerStateMachine (ContainerStateMachine.java:takeSnapshot(293)) - group-3183008B4F90: Taking a snapshot at:(t:3, i:0) file /github/workspace/mnt/ozone/hadoop-ozone/integration-test/target/test-dir/MiniOzoneClusterImpl-8824b896-4141-4ae0-8a85-a38dd1836ba7/datanode-4/data/ratis/20295e19-fc6c-450f-aa9f-3183008b4f90/sm/snapshot.3_0
2020-07-19 12:59:37,092 [ForkJoinPool.commonPool-worker-0] INFO  util.JmxRegister (JmxRegister.java:unregister(73)) - Successfully un-registered JMX Bean with object name Ratis:service=RaftServer,group=group-BDD9E056EE21,id=2b2d82e9-81b7-495a-ad91-4c9f861a0950
2020-07-19 12:59:37,092 [ForkJoinPool.commonPool-worker-0] INFO  impl.RoleInfo (RoleInfo.java:shutdownLeaderState(104)) - 2b2d82e9-81b7-495a-ad91-4c9f861a0950: shutdown LeaderState
2020-07-19 12:59:37,093 [ForkJoinPool.commonPool-worker-0] INFO  metrics.RatisMetrics (RatisMetrics.java:unregister(43)) - Unregistering Metrics Registry : ratis_grpc.log_appender.2b2d82e9-81b7-495a-ad91-4c9f861a0950@group-BDD9E056EE21
2020-07-19 12:59:37,093 [45b92da7-6fd5-4e69-8c49-135295713f70@group-3183008B4F90-StateMachineUpdater] INFO  ratis.ContainerStateMachine (ContainerStateMachine.java:takeSnapshot(304)) - group-3183008B4F90: Finished taking a snapshot at:(t:3, i:0) file:/github/workspace/mnt/ozone/hadoop-ozone/integration-test/target/test-dir/MiniOzoneClusterImpl-8824b896-4141-4ae0-8a85-a38dd1836ba7/datanode-4/data/ratis/20295e19-fc6c-450f-aa9f-3183008b4f90/sm/snapshot.3_0 time:1
2020-07-19 12:59:37,095 [45b92da7-6fd5-4e69-8c49-135295713f70@group-3183008B4F90-StateMachineUpdater] INFO  impl.StateMachineUpdater (StateMachineUpdater.java:takeSnapshot(277)) - 45b92da7-6fd5-4e69-8c49-135295713f70@group-3183008B4F90-StateMachineUpdater: Took a snapshot at index 0
2020-07-19 12:59:37,095 [45b92da7-6fd5-4e69-8c49-135295713f70@group-3183008B4F90-StateMachineUpdater] INFO  impl.StateMachineUpdater (StateMachineUpdater.java:lambda$new$0(87)) - 45b92da7-6fd5-4e69-8c49-135295713f70@group-3183008B4F90-StateMachineUpdater: snapshotIndex: updateIncreasingly -1 -> 0
2020-07-19 12:59:37,095 [45b92da7-6fd5-4e69-8c49-135295713f70@group-3183008B4F90-StateMachineUpdater] INFO  metrics.RatisMetrics (RatisMetrics.java:unregister(43)) - Unregistering Metrics Registry : ratis.state_machine.45b92da7-6fd5-4e69-8c49-135295713f70@group-3183008B4F90
2020-07-19 12:59:37,095 [Listener at 127.0.0.1/43321] INFO  impl.RaftServerImpl (ServerState.java:close(387)) - 45b92da7-6fd5-4e69-8c49-135295713f70@group-3183008B4F90: closes. applyIndex: 0
2020-07-19 12:59:37,096 [45b92da7-6fd5-4e69-8c49-135295713f70@group-3183008B4F90-SegmentedRaftLogWorker] INFO  segmented.SegmentedRaftLogWorker (SegmentedRaftLogWorker.java:run(327)) - 45b92da7-6fd5-4e69-8c49-135295713f70@group-3183008B4F90-SegmentedRaftLogWorker was interrupted, exiting. There are 0 tasks remaining in the queue.
2020-07-19 12:59:37,096 [ForkJoinPool.commonPool-worker-0] INFO  metrics.RatisMetrics (RatisMetrics.java:unregister(43)) - Unregistering Metrics Registry : ratis_grpc.log_appender.2b2d82e9-81b7-495a-ad91-4c9f861a0950@group-BDD9E056EE21
2020-07-19 12:59:37,096 [org.apache.ratis.server.impl.LogAppender$AppenderDaemon$$Lambda$439/925326744@5ed173f7] WARN  server.GrpcLogAppender (GrpcLogAppender.java:mayWait(153)) - 2b2d82e9-81b7-495a-ad91-4c9f861a0950@group-BDD9E056EE21->8a75226f-9665-4023-8f83-5359208d8c5d-GrpcLogAppender: Wait interrupted by java.lang.InterruptedException
2020-07-19 12:59:37,097 [ForkJoinPool.commonPool-worker-0] INFO  impl.PendingRequests (PendingRequests.java:sendNotLeaderResponses(249)) - 2b2d82e9-81b7-495a-ad91-4c9f861a0950@group-BDD9E056EE21-PendingRequests: sendNotLeaderResponses
2020-07-19 12:59:37,097 [org.apache.ratis.server.impl.LogAppender$AppenderDaemon$$Lambda$439/925326744@7e8c69fd] WARN  server.GrpcLogAppender (GrpcLogAppender.java:mayWait(153)) - 2b2d82e9-81b7-495a-ad91-4c9f861a0950@group-BDD9E056EE21->af89afa7-310b-41e3-a030-5f9c19d0a39c-GrpcLogAppender: Wait interrupted by java.lang.InterruptedException
2020-07-19 12:59:37,097 [Listener at 127.0.0.1/43321] INFO  segmented.SegmentedRaftLogWorker (SegmentedRaftLogWorker.java:close(234)) - 45b92da7-6fd5-4e69-8c49-135295713f70@group-3183008B4F90-SegmentedRaftLogWorker close()
2020-07-19 12:59:37,098 [Listener at 127.0.0.1/43321] INFO  metrics.RatisMetrics (RatisMetrics.java:unregister(43)) - Unregistering Metrics Registry : ratis.log_worker.45b92da7-6fd5-4e69-8c49-135295713f70@group-3183008B4F90
2020-07-19 12:59:37,099 [Listener at 127.0.0.1/43321] INFO  metrics.RatisMetrics (RatisMetrics.java:unregister(43)) - Unregistering Metrics Registry : ratis.leader_election.45b92da7-6fd5-4e69-8c49-135295713f70@group-3183008B4F90
2020-07-19 12:59:37,099 [Listener at 127.0.0.1/43321] INFO  metrics.RatisMetrics (RatisMetrics.java:unregister(43)) - Unregistering Metrics Registry : ratis.server.45b92da7-6fd5-4e69-8c49-135295713f70@group-3183008B4F90
2020-07-19 12:59:37,099 [Listener at 127.0.0.1/43321] INFO  impl.RaftServerImpl (RaftServerImpl.java:lambda$shutdown$3(252)) - 45b92da7-6fd5-4e69-8c49-135295713f70@group-A40045290981: shutdown
2020-07-19 12:59:37,099 [Listener at 127.0.0.1/43321] INFO  util.JmxRegister (JmxRegister.java:unregister(73)) - Successfully un-registered JMX Bean with object name Ratis:service=RaftServer,group=group-A40045290981,id=45b92da7-6fd5-4e69-8c49-135295713f70
2020-07-19 12:59:37,099 [Listener at 127.0.0.1/43321] INFO  impl.RoleInfo (RoleInfo.java:shutdownLeaderState(104)) - 45b92da7-6fd5-4e69-8c49-135295713f70: shutdown LeaderState
2020-07-19 12:59:37,099 [Listener at 127.0.0.1/43321] INFO  impl.PendingRequests (PendingRequests.java:sendNotLeaderResponses(249)) - 45b92da7-6fd5-4e69-8c49-135295713f70@group-A40045290981-PendingRequests: sendNotLeaderResponses
2020-07-19 12:59:37,099 [Listener at 127.0.0.1/43321] INFO  metrics.RatisMetrics (RatisMetrics.java:unregister(43)) - Unregistering Metrics Registry : ratis.log_appender.45b92da7-6fd5-4e69-8c49-135295713f70@group-A40045290981
2020-07-19 12:59:37,100 [Listener at 127.0.0.1/43321] INFO  metrics.RatisMetrics (RatisMetrics.java:unregister(43)) - Unregistering Metrics Registry : ratis.server.45b92da7-6fd5-4e69-8c49-135295713f70@group-A40045290981
2020-07-19 12:59:37,100 [ForkJoinPool.commonPool-worker-0] INFO  metrics.RatisMetrics (RatisMetrics.java:unregister(43)) - Unregistering Metrics Registry : ratis.log_appender.2b2d82e9-81b7-495a-ad91-4c9f861a0950@group-BDD9E056EE21
2020-07-19 12:59:37,101 [ForkJoinPool.commonPool-worker-0] INFO  metrics.RatisMetrics (RatisMetrics.java:unregister(43)) - Unregistering Metrics Registry : ratis.server.2b2d82e9-81b7-495a-ad91-4c9f861a0950@group-BDD9E056EE21
2020-07-19 12:59:37,102 [45b92da7-6fd5-4e69-8c49-135295713f70@group-A40045290981-StateMachineUpdater] INFO  ratis.ContainerStateMachine (ContainerStateMachine.java:takeSnapshot(293)) - group-A40045290981: Taking a snapshot at:(t:1, i:0) file /github/workspace/mnt/ozone/hadoop-ozone/integration-test/target/test-dir/MiniOzoneClusterImpl-8824b896-4141-4ae0-8a85-a38dd1836ba7/datanode-4/data/ratis/4c75bb63-2c9a-457c-b5fe-a40045290981/sm/snapshot.1_0
2020-07-19 12:59:37,103 [2b2d82e9-81b7-495a-ad91-4c9f861a0950@group-BDD9E056EE21-StateMachineUpdater] INFO  ratis.ContainerStateMachine (ContainerStateMachine.java:takeSnapshot(293)) - group-BDD9E056EE21: Taking a snapshot at:(t:1, i:8) file /github/workspace/mnt/ozone/hadoop-ozone/integration-test/target/test-dir/MiniOzoneClusterImpl-8824b896-4141-4ae0-8a85-a38dd1836ba7/datanode-0/data/ratis/5ebf3169-d61a-42a2-8dc1-bdd9e056ee21/sm/snapshot.1_8
2020-07-19 12:59:37,103 [ForkJoinPool.commonPool-worker-0] INFO  impl.StateMachineUpdater (StateMachineUpdater.java:stopAndJoin(142)) - 2b2d82e9-81b7-495a-ad91-4c9f861a0950@group-BDD9E056EE21-StateMachineUpdater: set stopIndex = 8
2020-07-19 12:59:37,103 [Listener at 127.0.0.1/43321] INFO  impl.StateMachineUpdater (StateMachineUpdater.java:stopAndJoin(142)) - 45b92da7-6fd5-4e69-8c49-135295713f70@group-A40045290981-StateMachineUpdater: set stopIndex = 0
2020-07-19 12:59:37,104 [45b92da7-6fd5-4e69-8c49-135295713f70@group-A40045290981-StateMachineUpdater] INFO  ratis.ContainerStateMachine (ContainerStateMachine.java:takeSnapshot(304)) - group-A40045290981: Finished taking a snapshot at:(t:1, i:0) file:/github/workspace/mnt/ozone/hadoop-ozone/integration-test/target/test-dir/MiniOzoneClusterImpl-8824b896-4141-4ae0-8a85-a38dd1836ba7/datanode-4/data/ratis/4c75bb63-2c9a-457c-b5fe-a40045290981/sm/snapshot.1_0 time:2
2020-07-19 12:59:37,104 [45b92da7-6fd5-4e69-8c49-135295713f70@group-A40045290981-StateMachineUpdater] INFO  impl.StateMachineUpdater (StateMachineUpdater.java:takeSnapshot(277)) - 45b92da7-6fd5-4e69-8c49-135295713f70@group-A40045290981-StateMachineUpdater: Took a snapshot at index 0
2020-07-19 12:59:37,104 [45b92da7-6fd5-4e69-8c49-135295713f70@group-A40045290981-StateMachineUpdater] INFO  impl.StateMachineUpdater (StateMachineUpdater.java:lambda$new$0(87)) - 45b92da7-6fd5-4e69-8c49-135295713f70@group-A40045290981-StateMachineUpdater: snapshotIndex: updateIncreasingly -1 -> 0
2020-07-19 12:59:37,104 [45b92da7-6fd5-4e69-8c49-135295713f70@group-A40045290981-StateMachineUpdater] INFO  metrics.RatisMetrics (RatisMetrics.java:unregister(43)) - Unregistering Metrics Registry : ratis.state_machine.45b92da7-6fd5-4e69-8c49-135295713f70@group-A40045290981
2020-07-19 12:59:37,104 [Listener at 127.0.0.1/43321] INFO  impl.RaftServerImpl (ServerState.java:close(387)) - 45b92da7-6fd5-4e69-8c49-135295713f70@group-A40045290981: closes. applyIndex: 0
2020-07-19 12:59:37,105 [45b92da7-6fd5-4e69-8c49-135295713f70@group-A40045290981-SegmentedRaftLogWorker] INFO  segmented.SegmentedRaftLogWorker (SegmentedRaftLogWorker.java:run(327)) - 45b92da7-6fd5-4e69-8c49-135295713f70@group-A40045290981-SegmentedRaftLogWorker was interrupted, exiting. There are 0 tasks remaining in the queue.
2020-07-19 12:59:37,105 [2b2d82e9-81b7-495a-ad91-4c9f861a0950@group-BDD9E056EE21-StateMachineUpdater] INFO  ratis.ContainerStateMachine (ContainerStateMachine.java:takeSnapshot(304)) - group-BDD9E056EE21: Finished taking a snapshot at:(t:1, i:8) file:/github/workspace/mnt/ozone/hadoop-ozone/integration-test/target/test-dir/MiniOzoneClusterImpl-8824b896-4141-4ae0-8a85-a38dd1836ba7/datanode-0/data/ratis/5ebf3169-d61a-42a2-8dc1-bdd9e056ee21/sm/snapshot.1_8 time:2
2020-07-19 12:59:37,105 [2b2d82e9-81b7-495a-ad91-4c9f861a0950@group-BDD9E056EE21-StateMachineUpdater] INFO  impl.StateMachineUpdater (StateMachineUpdater.java:takeSnapshot(277)) - 2b2d82e9-81b7-495a-ad91-4c9f861a0950@group-BDD9E056EE21-StateMachineUpdater: Took a snapshot at index 8
2020-07-19 12:59:37,106 [2b2d82e9-81b7-495a-ad91-4c9f861a0950@group-BDD9E056EE21-StateMachineUpdater] INFO  impl.StateMachineUpdater (StateMachineUpdater.java:lambda$new$0(87)) - 2b2d82e9-81b7-495a-ad91-4c9f861a0950@group-BDD9E056EE21-StateMachineUpdater: snapshotIndex: updateIncreasingly -1 -> 8
2020-07-19 12:59:37,106 [2b2d82e9-81b7-495a-ad91-4c9f861a0950@group-BDD9E056EE21-StateMachineUpdater] INFO  metrics.RatisMetrics (RatisMetrics.java:unregister(43)) - Unregistering Metrics Registry : ratis.state_machine.2b2d82e9-81b7-495a-ad91-4c9f861a0950@group-BDD9E056EE21
2020-07-19 12:59:37,106 [ForkJoinPool.commonPool-worker-0] INFO  impl.RaftServerImpl (ServerState.java:close(387)) - 2b2d82e9-81b7-495a-ad91-4c9f861a0950@group-BDD9E056EE21: closes. applyIndex: 8
2020-07-19 12:59:37,106 [2b2d82e9-81b7-495a-ad91-4c9f861a0950@group-BDD9E056EE21-SegmentedRaftLogWorker] INFO  segmented.SegmentedRaftLogWorker (SegmentedRaftLogWorker.java:run(327)) - 2b2d82e9-81b7-495a-ad91-4c9f861a0950@group-BDD9E056EE21-SegmentedRaftLogWorker was interrupted, exiting. There are 0 tasks remaining in the queue.
2020-07-19 12:59:37,106 [Listener at 127.0.0.1/43321] INFO  segmented.SegmentedRaftLogWorker (SegmentedRaftLogWorker.java:close(234)) - 45b92da7-6fd5-4e69-8c49-135295713f70@group-A40045290981-SegmentedRaftLogWorker close()
2020-07-19 12:59:37,107 [ForkJoinPool.commonPool-worker-0] INFO  segmented.SegmentedRaftLogWorker (SegmentedRaftLogWorker.java:close(234)) - 2b2d82e9-81b7-495a-ad91-4c9f861a0950@group-BDD9E056EE21-SegmentedRaftLogWorker close()
2020-07-19 12:59:37,109 [Listener at 127.0.0.1/43321] INFO  metrics.RatisMetrics (RatisMetrics.java:unregister(43)) - Unregistering Metrics Registry : ratis.log_worker.45b92da7-6fd5-4e69-8c49-135295713f70@group-A40045290981
2020-07-19 12:59:37,110 [ForkJoinPool.commonPool-worker-0] INFO  metrics.RatisMetrics (RatisMetrics.java:unregister(43)) - Unregistering Metrics Registry : ratis.log_worker.2b2d82e9-81b7-495a-ad91-4c9f861a0950@group-BDD9E056EE21
2020-07-19 12:59:37,110 [Listener at 127.0.0.1/43321] INFO  metrics.RatisMetrics (RatisMetrics.java:unregister(43)) - Unregistering Metrics Registry : ratis.leader_election.45b92da7-6fd5-4e69-8c49-135295713f70@group-A40045290981
2020-07-19 12:59:37,111 [Listener at 127.0.0.1/43321] INFO  metrics.RatisMetrics (RatisMetrics.java:unregister(43)) - Unregistering Metrics Registry : ratis.server.45b92da7-6fd5-4e69-8c49-135295713f70@group-A40045290981
2020-07-19 12:59:37,111 [Listener at 127.0.0.1/43321] INFO  server.GrpcService (GrpcService.java:closeImpl(166)) - 45b92da7-6fd5-4e69-8c49-135295713f70: shutdown server with port 46823 now
2020-07-19 12:59:37,110 [ForkJoinPool.commonPool-worker-0] INFO  metrics.RatisMetrics (RatisMetrics.java:unregister(43)) - Unregistering Metrics Registry : ratis.leader_election.2b2d82e9-81b7-495a-ad91-4c9f861a0950@group-BDD9E056EE21
2020-07-19 12:59:37,111 [ForkJoinPool.commonPool-worker-0] INFO  metrics.RatisMetrics (RatisMetrics.java:unregister(43)) - Unregistering Metrics Registry : ratis.server.2b2d82e9-81b7-495a-ad91-4c9f861a0950@group-BDD9E056EE21
2020-07-19 12:59:37,111 [ForkJoinPool.commonPool-worker-0] INFO  impl.RaftServerImpl (RaftServerImpl.java:lambda$shutdown$3(252)) - 2b2d82e9-81b7-495a-ad91-4c9f861a0950@group-663640651964: shutdown
2020-07-19 12:59:37,112 [ForkJoinPool.commonPool-worker-0] INFO  util.JmxRegister (JmxRegister.java:unregister(73)) - Successfully un-registered JMX Bean with object name Ratis:service=RaftServer,group=group-663640651964,id=2b2d82e9-81b7-495a-ad91-4c9f861a0950
2020-07-19 12:59:37,112 [ForkJoinPool.commonPool-worker-0] INFO  impl.RoleInfo (RoleInfo.java:shutdownLeaderState(104)) - 2b2d82e9-81b7-495a-ad91-4c9f861a0950: shutdown LeaderState
2020-07-19 12:59:37,112 [ForkJoinPool.commonPool-worker-0] INFO  impl.PendingRequests (PendingRequests.java:sendNotLeaderResponses(249)) - 2b2d82e9-81b7-495a-ad91-4c9f861a0950@group-663640651964-PendingRequests: sendNotLeaderResponses
2020-07-19 12:59:37,112 [ForkJoinPool.commonPool-worker-0] INFO  metrics.RatisMetrics (RatisMetrics.java:unregister(43)) - Unregistering Metrics Registry : ratis.log_appender.2b2d82e9-81b7-495a-ad91-4c9f861a0950@group-663640651964
2020-07-19 12:59:37,112 [ForkJoinPool.commonPool-worker-0] INFO  metrics.RatisMetrics (RatisMetrics.java:unregister(43)) - Unregistering Metrics Registry : ratis.server.2b2d82e9-81b7-495a-ad91-4c9f861a0950@group-663640651964
2020-07-19 12:59:37,113 [2b2d82e9-81b7-495a-ad91-4c9f861a0950@group-663640651964-StateMachineUpdater] INFO  ratis.ContainerStateMachine (ContainerStateMachine.java:takeSnapshot(293)) - group-663640651964: Taking a snapshot at:(t:1, i:0) file /github/workspace/mnt/ozone/hadoop-ozone/integration-test/target/test-dir/MiniOzoneClusterImpl-8824b896-4141-4ae0-8a85-a38dd1836ba7/datanode-0/data/ratis/e59ec45f-9855-439c-afcb-663640651964/sm/snapshot.1_0
2020-07-19 12:59:37,113 [ForkJoinPool.commonPool-worker-0] INFO  impl.StateMachineUpdater (StateMachineUpdater.java:stopAndJoin(142)) - 2b2d82e9-81b7-495a-ad91-4c9f861a0950@group-663640651964-StateMachineUpdater: set stopIndex = 0
2020-07-19 12:59:37,114 [2b2d82e9-81b7-495a-ad91-4c9f861a0950@group-663640651964-StateMachineUpdater] INFO  ratis.ContainerStateMachine (ContainerStateMachine.java:takeSnapshot(304)) - group-663640651964: Finished taking a snapshot at:(t:1, i:0) file:/github/workspace/mnt/ozone/hadoop-ozone/integration-test/target/test-dir/MiniOzoneClusterImpl-8824b896-4141-4ae0-8a85-a38dd1836ba7/datanode-0/data/ratis/e59ec45f-9855-439c-afcb-663640651964/sm/snapshot.1_0 time:1
2020-07-19 12:59:37,114 [2b2d82e9-81b7-495a-ad91-4c9f861a0950@group-663640651964-StateMachineUpdater] INFO  impl.StateMachineUpdater (StateMachineUpdater.java:takeSnapshot(277)) - 2b2d82e9-81b7-495a-ad91-4c9f861a0950@group-663640651964-StateMachineUpdater: Took a snapshot at index 0
2020-07-19 12:59:37,114 [2b2d82e9-81b7-495a-ad91-4c9f861a0950@group-663640651964-StateMachineUpdater] INFO  impl.StateMachineUpdater (StateMachineUpdater.java:lambda$new$0(87)) - 2b2d82e9-81b7-495a-ad91-4c9f861a0950@group-663640651964-StateMachineUpdater: snapshotIndex: updateIncreasingly -1 -> 0
2020-07-19 12:59:37,114 [2b2d82e9-81b7-495a-ad91-4c9f861a0950@group-663640651964-StateMachineUpdater] INFO  metrics.RatisMetrics (RatisMetrics.java:unregister(43)) - Unregistering Metrics Registry : ratis.state_machine.2b2d82e9-81b7-495a-ad91-4c9f861a0950@group-663640651964
2020-07-19 12:59:37,114 [ForkJoinPool.commonPool-worker-0] INFO  impl.RaftServerImpl (ServerState.java:close(387)) - 2b2d82e9-81b7-495a-ad91-4c9f861a0950@group-663640651964: closes. applyIndex: 0
2020-07-19 12:59:37,115 [2b2d82e9-81b7-495a-ad91-4c9f861a0950@group-663640651964-SegmentedRaftLogWorker] INFO  segmented.SegmentedRaftLogWorker (SegmentedRaftLogWorker.java:run(327)) - 2b2d82e9-81b7-495a-ad91-4c9f861a0950@group-663640651964-SegmentedRaftLogWorker was interrupted, exiting. There are 0 tasks remaining in the queue.
2020-07-19 12:59:37,116 [grpc-default-executor-3] WARN  server.GrpcServerProtocolService (LogUtils.java:warn(122)) - 45b92da7-6fd5-4e69-8c49-135295713f70: installSnapshot onError, lastRequest: 60b4693a-24a9-4f9a-8d7e-763e228c0b97->45b92da7-6fd5-4e69-8c49-135295713f70#1-t3, previous=(t:0, i:0), leaderCommit=0, initializing? false, entries: size=1, first=(t:3, i:0), CONFIGURATIONENTRY: org.apache.ratis.thirdparty.io.grpc.StatusRuntimeException: CANCELLED: cancelled before receiving half close
2020-07-19 12:59:37,116 [grpc-default-executor-0] WARN  server.GrpcLogAppender (LogUtils.java:warn(122)) - 60b4693a-24a9-4f9a-8d7e-763e228c0b97@group-3183008B4F90->45b92da7-6fd5-4e69-8c49-135295713f70-AppendLogResponseHandler: Failed appendEntries: org.apache.ratis.thirdparty.io.grpc.StatusRuntimeException: CANCELLED: HTTP/2 error code: CANCEL
Received Rst Stream
2020-07-19 12:59:37,119 [Listener at 127.0.0.1/43321] INFO  server.GrpcService (GrpcService.java:closeImpl(174)) - 45b92da7-6fd5-4e69-8c49-135295713f70: shutdown server with port 46823 successfully
2020-07-19 12:59:37,119 [grpc-default-executor-0] INFO  impl.FollowerInfo (FollowerInfo.java:lambda$new$0(51)) - 60b4693a-24a9-4f9a-8d7e-763e228c0b97@group-3183008B4F90->45b92da7-6fd5-4e69-8c49-135295713f70: nextIndex: updateUnconditionally 1 -> 0
2020-07-19 12:59:37,119 [ForkJoinPool.commonPool-worker-0] INFO  segmented.SegmentedRaftLogWorker (SegmentedRaftLogWorker.java:close(234)) - 2b2d82e9-81b7-495a-ad91-4c9f861a0950@group-663640651964-SegmentedRaftLogWorker close()
2020-07-19 12:59:37,123 [Listener at 127.0.0.1/43321] INFO  utils.BackgroundService (BackgroundService.java:shutdown(157)) - Shutting down service BlockDeletingService
2020-07-19 12:59:37,123 [ForkJoinPool.commonPool-worker-0] INFO  metrics.RatisMetrics (RatisMetrics.java:unregister(43)) - Unregistering Metrics Registry : ratis.log_worker.2b2d82e9-81b7-495a-ad91-4c9f861a0950@group-663640651964
2020-07-19 12:59:37,124 [ForkJoinPool.commonPool-worker-0] INFO  metrics.RatisMetrics (RatisMetrics.java:unregister(43)) - Unregistering Metrics Registry : ratis.leader_election.2b2d82e9-81b7-495a-ad91-4c9f861a0950@group-663640651964
2020-07-19 12:59:37,124 [ForkJoinPool.commonPool-worker-0] INFO  metrics.RatisMetrics (RatisMetrics.java:unregister(43)) - Unregistering Metrics Registry : ratis.server.2b2d82e9-81b7-495a-ad91-4c9f861a0950@group-663640651964
2020-07-19 12:59:37,124 [ForkJoinPool.commonPool-worker-0] INFO  server.GrpcService (GrpcService.java:closeImpl(166)) - 2b2d82e9-81b7-495a-ad91-4c9f861a0950: shutdown server with port 35891 now
2020-07-19 12:59:37,126 [grpc-default-executor-3] WARN  client.GrpcClientProtocolService (LogUtils.java:warn(122)) - 1-UnorderedRequestStreamObserver1: onError: org.apache.ratis.thirdparty.io.grpc.StatusRuntimeException: CANCELLED: cancelled before receiving half close
2020-07-19 12:59:37,127 [ForkJoinPool.commonPool-worker-0] INFO  server.GrpcService (GrpcService.java:closeImpl(174)) - 2b2d82e9-81b7-495a-ad91-4c9f861a0950: shutdown server with port 35891 successfully
2020-07-19 12:59:37,128 [ForkJoinPool.commonPool-worker-0] INFO  utils.BackgroundService (BackgroundService.java:shutdown(157)) - Shutting down service BlockDeletingService
2020-07-19 12:59:37,142 [ForkJoinPool.commonPool-worker-0] INFO  statemachine.DatanodeStateMachine (DatanodeStateMachine.java:stopDaemon(428)) - Ozone container server stopped.
2020-07-19 12:59:37,157 [ForkJoinPool.commonPool-worker-0] INFO  handler.ContextHandler (ContextHandler.java:doStop(1016)) - Stopped o.e.j.w.WebAppContext@5aebaf68{hddsDatanode,/,null,UNAVAILABLE}{jar:file:/home/user/.m2/repository/org/apache/hadoop/hadoop-hdds-container-service/0.6.0-SNAPSHOT/hadoop-hdds-container-service-0.6.0-SNAPSHOT.jar!/webapps/hddsDatanode}
2020-07-19 12:59:37,157 [ForkJoinPool.commonPool-worker-0] INFO  server.AbstractConnector (AbstractConnector.java:doStop(380)) - Stopped ServerConnector@770e8c17{HTTP/1.1,[http/1.1]}{0.0.0.0:0}
2020-07-19 12:59:37,158 [ForkJoinPool.commonPool-worker-0] INFO  server.session (HouseKeeper.java:stopScavenging(158)) - node0 Stopped scavenging
2020-07-19 12:59:37,158 [Listener at 127.0.0.1/43321] INFO  statemachine.DatanodeStateMachine (DatanodeStateMachine.java:stopDaemon(428)) - Ozone container server stopped.
2020-07-19 12:59:37,163 [ForkJoinPool.commonPool-worker-0] INFO  handler.ContextHandler (ContextHandler.java:doStop(1016)) - Stopped o.e.j.s.ServletContextHandler@21709c75{static,/static,jar:file:/home/user/.m2/repository/org/apache/hadoop/hadoop-hdds-container-service/0.6.0-SNAPSHOT/hadoop-hdds-container-service-0.6.0-SNAPSHOT.jar!/webapps/static,UNAVAILABLE}
2020-07-19 12:59:37,165 [Listener at 127.0.0.1/43321] INFO  handler.ContextHandler (ContextHandler.java:doStop(1016)) - Stopped o.e.j.w.WebAppContext@cea86f4{hddsDatanode,/,null,UNAVAILABLE}{jar:file:/home/user/.m2/repository/org/apache/hadoop/hadoop-hdds-container-service/0.6.0-SNAPSHOT/hadoop-hdds-container-service-0.6.0-SNAPSHOT.jar!/webapps/hddsDatanode}
2020-07-19 12:59:37,166 [ForkJoinPool.commonPool-worker-0] INFO  handler.ContextHandler (ContextHandler.java:doStop(1016)) - Stopped o.e.j.s.ServletContextHandler@39b6ad40{logs,/logs,file:///github/workspace/mnt/ozone/hadoop-ozone/integration-test/target/log,UNAVAILABLE}
2020-07-19 12:59:37,169 [Listener at 127.0.0.1/43321] INFO  server.AbstractConnector (AbstractConnector.java:doStop(380)) - Stopped ServerConnector@60423d65{HTTP/1.1,[http/1.1]}{0.0.0.0:0}
2020-07-19 12:59:37,169 [Listener at 127.0.0.1/43321] INFO  server.session (HouseKeeper.java:stopScavenging(158)) - node0 Stopped scavenging
2020-07-19 12:59:37,170 [Listener at 127.0.0.1/43321] INFO  handler.ContextHandler (ContextHandler.java:doStop(1016)) - Stopped o.e.j.s.ServletContextHandler@ee3dfc6{static,/static,jar:file:/home/user/.m2/repository/org/apache/hadoop/hadoop-hdds-container-service/0.6.0-SNAPSHOT/hadoop-hdds-container-service-0.6.0-SNAPSHOT.jar!/webapps/static,UNAVAILABLE}
2020-07-19 12:59:37,170 [Listener at 127.0.0.1/43321] INFO  handler.ContextHandler (ContextHandler.java:doStop(1016)) - Stopped o.e.j.s.ServletContextHandler@9d8d07{logs,/logs,file:///github/workspace/mnt/ozone/hadoop-ozone/integration-test/target/log,UNAVAILABLE}
2020-07-19 12:59:37,555 [Datanode State Machine Thread - 0] INFO  statemachine.DatanodeStateMachine (DatanodeStateMachine.java:lambda$startDaemon$0(380)) - Ozone container server started.
2020-07-19 12:59:37,778 [Datanode State Machine Thread - 0] INFO  statemachine.DatanodeStateMachine (DatanodeStateMachine.java:lambda$startDaemon$0(380)) - Ozone container server started.
2020-07-19 12:59:38,118 [grpc-default-executor-4] WARN  server.GrpcLogAppender (LogUtils.java:warn(122)) - 60b4693a-24a9-4f9a-8d7e-763e228c0b97@group-3183008B4F90->45b92da7-6fd5-4e69-8c49-135295713f70-AppendLogResponseHandler: Failed appendEntries: org.apache.ratis.thirdparty.io.grpc.StatusRuntimeException: UNAVAILABLE: io exception
2020-07-19 12:59:38,120 [grpc-default-executor-4] INFO  impl.FollowerInfo (FollowerInfo.java:lambda$new$0(51)) - 60b4693a-24a9-4f9a-8d7e-763e228c0b97@group-3183008B4F90->45b92da7-6fd5-4e69-8c49-135295713f70: nextIndex: updateUnconditionally 1 -> 0
2020-07-19 12:59:40,622 [grpc-default-executor-4] WARN  server.GrpcLogAppender (LogUtils.java:warn(122)) - 60b4693a-24a9-4f9a-8d7e-763e228c0b97@group-3183008B4F90->45b92da7-6fd5-4e69-8c49-135295713f70-AppendLogResponseHandler: Failed appendEntries: org.apache.ratis.thirdparty.io.grpc.StatusRuntimeException: UNAVAILABLE: io exception
2020-07-19 12:59:40,623 [grpc-default-executor-4] INFO  impl.FollowerInfo (FollowerInfo.java:lambda$new$0(51)) - 60b4693a-24a9-4f9a-8d7e-763e228c0b97@group-3183008B4F90->45b92da7-6fd5-4e69-8c49-135295713f70: nextIndex: updateUnconditionally 1 -> 0
2020-07-19 12:59:42,169 [ForkJoinPool.commonPool-worker-0] INFO  ozoneimpl.OzoneContainer (OzoneContainer.java:stop(247)) - Attempting to stop container services.
2020-07-19 12:59:42,170 [ForkJoinPool.commonPool-worker-0] INFO  impl.RaftServerProxy (RaftServerProxy.java:lambda$close$4(319)) - 029654c1-37af-45dc-9620-2886658484eb: close
2020-07-19 12:59:42,170 [ForkJoinPool.commonPool-worker-0] INFO  impl.RaftServerImpl (RaftServerImpl.java:lambda$shutdown$3(252)) - 029654c1-37af-45dc-9620-2886658484eb@group-DAD710DE08AB: shutdown
2020-07-19 12:59:42,170 [ForkJoinPool.commonPool-worker-0] INFO  util.JmxRegister (JmxRegister.java:unregister(73)) - Successfully un-registered JMX Bean with object name Ratis:service=RaftServer,group=group-DAD710DE08AB,id=029654c1-37af-45dc-9620-2886658484eb
2020-07-19 12:59:42,170 [ForkJoinPool.commonPool-worker-0] INFO  impl.RoleInfo (RoleInfo.java:shutdownLeaderState(104)) - 029654c1-37af-45dc-9620-2886658484eb: shutdown LeaderState
2020-07-19 12:59:42,170 [ForkJoinPool.commonPool-worker-0] INFO  impl.PendingRequests (PendingRequests.java:sendNotLeaderResponses(249)) - 029654c1-37af-45dc-9620-2886658484eb@group-DAD710DE08AB-PendingRequests: sendNotLeaderResponses
2020-07-19 12:59:42,171 [ForkJoinPool.commonPool-worker-0] INFO  metrics.RatisMetrics (RatisMetrics.java:unregister(43)) - Unregistering Metrics Registry : ratis.log_appender.029654c1-37af-45dc-9620-2886658484eb@group-DAD710DE08AB
2020-07-19 12:59:42,171 [ForkJoinPool.commonPool-worker-0] INFO  metrics.RatisMetrics (RatisMetrics.java:unregister(43)) - Unregistering Metrics Registry : ratis.server.029654c1-37af-45dc-9620-2886658484eb@group-DAD710DE08AB
2020-07-19 12:59:42,172 [ForkJoinPool.commonPool-worker-0] INFO  impl.StateMachineUpdater (StateMachineUpdater.java:stopAndJoin(142)) - 029654c1-37af-45dc-9620-2886658484eb@group-DAD710DE08AB-StateMachineUpdater: set stopIndex = 0
2020-07-19 12:59:42,172 [029654c1-37af-45dc-9620-2886658484eb@group-DAD710DE08AB-StateMachineUpdater] INFO  ratis.ContainerStateMachine (ContainerStateMachine.java:takeSnapshot(293)) - group-DAD710DE08AB: Taking a snapshot at:(t:1, i:0) file /github/workspace/mnt/ozone/hadoop-ozone/integration-test/target/test-dir/MiniOzoneClusterImpl-8824b896-4141-4ae0-8a85-a38dd1836ba7/datanode-6/data/ratis/88be61f1-3a97-4ae3-b0c8-dad710de08ab/sm/snapshot.1_0
2020-07-19 12:59:42,172 [Listener at 127.0.0.1/43321] INFO  ozoneimpl.OzoneContainer (OzoneContainer.java:stop(247)) - Attempting to stop container services.
2020-07-19 12:59:42,173 [Listener at 127.0.0.1/43321] INFO  impl.RaftServerProxy (RaftServerProxy.java:lambda$close$4(319)) - 60b4693a-24a9-4f9a-8d7e-763e228c0b97: close
2020-07-19 12:59:42,173 [Listener at 127.0.0.1/43321] INFO  impl.RaftServerImpl (RaftServerImpl.java:lambda$shutdown$3(252)) - 60b4693a-24a9-4f9a-8d7e-763e228c0b97@group-3183008B4F90: shutdown
2020-07-19 12:59:42,173 [Listener at 127.0.0.1/43321] INFO  util.JmxRegister (JmxRegister.java:unregister(73)) - Successfully un-registered JMX Bean with object name Ratis:service=RaftServer,group=group-3183008B4F90,id=60b4693a-24a9-4f9a-8d7e-763e228c0b97
2020-07-19 12:59:42,174 [Listener at 127.0.0.1/43321] INFO  impl.RoleInfo (RoleInfo.java:shutdownLeaderState(104)) - 60b4693a-24a9-4f9a-8d7e-763e228c0b97: shutdown LeaderState
2020-07-19 12:59:42,174 [Listener at 127.0.0.1/43321] INFO  metrics.RatisMetrics (RatisMetrics.java:unregister(43)) - Unregistering Metrics Registry : ratis_grpc.log_appender.60b4693a-24a9-4f9a-8d7e-763e228c0b97@group-3183008B4F90
2020-07-19 12:59:42,174 [029654c1-37af-45dc-9620-2886658484eb@group-DAD710DE08AB-StateMachineUpdater] INFO  ratis.ContainerStateMachine (ContainerStateMachine.java:takeSnapshot(304)) - group-DAD710DE08AB: Finished taking a snapshot at:(t:1, i:0) file:/github/workspace/mnt/ozone/hadoop-ozone/integration-test/target/test-dir/MiniOzoneClusterImpl-8824b896-4141-4ae0-8a85-a38dd1836ba7/datanode-6/data/ratis/88be61f1-3a97-4ae3-b0c8-dad710de08ab/sm/snapshot.1_0 time:2
2020-07-19 12:59:42,175 [029654c1-37af-45dc-9620-2886658484eb@group-DAD710DE08AB-StateMachineUpdater] INFO  impl.StateMachineUpdater (StateMachineUpdater.java:takeSnapshot(277)) - 029654c1-37af-45dc-9620-2886658484eb@group-DAD710DE08AB-StateMachineUpdater: Took a snapshot at index 0
2020-07-19 12:59:42,175 [029654c1-37af-45dc-9620-2886658484eb@group-DAD710DE08AB-StateMachineUpdater] INFO  impl.StateMachineUpdater (StateMachineUpdater.java:lambda$new$0(87)) - 029654c1-37af-45dc-9620-2886658484eb@group-DAD710DE08AB-StateMachineUpdater: snapshotIndex: updateIncreasingly -1 -> 0
2020-07-19 12:59:42,175 [029654c1-37af-45dc-9620-2886658484eb@group-DAD710DE08AB-StateMachineUpdater] INFO  metrics.RatisMetrics (RatisMetrics.java:unregister(43)) - Unregistering Metrics Registry : ratis.state_machine.029654c1-37af-45dc-9620-2886658484eb@group-DAD710DE08AB
2020-07-19 12:59:42,176 [org.apache.ratis.server.impl.LogAppender$AppenderDaemon$$Lambda$439/925326744@2c09e7f0] WARN  server.GrpcLogAppender (GrpcLogAppender.java:mayWait(153)) - 60b4693a-24a9-4f9a-8d7e-763e228c0b97@group-3183008B4F90->7448be25-6ee6-481d-867e-081d62f0ad37-GrpcLogAppender: Wait interrupted by java.lang.InterruptedException
2020-07-19 12:59:42,176 [Listener at 127.0.0.1/43321] INFO  metrics.RatisMetrics (RatisMetrics.java:unregister(43)) - Unregistering Metrics Registry : ratis_grpc.log_appender.60b4693a-24a9-4f9a-8d7e-763e228c0b97@group-3183008B4F90
2020-07-19 12:59:42,177 [ForkJoinPool.commonPool-worker-0] INFO  impl.RaftServerImpl (ServerState.java:close(387)) - 029654c1-37af-45dc-9620-2886658484eb@group-DAD710DE08AB: closes. applyIndex: 0
2020-07-19 12:59:42,178 [grpc-default-executor-4] INFO  server.GrpcServerProtocolService (GrpcServerProtocolService.java:onCompleted(138)) - 7448be25-6ee6-481d-867e-081d62f0ad37: Completed APPEND_ENTRIES, lastRequest: 60b4693a-24a9-4f9a-8d7e-763e228c0b97->7448be25-6ee6-481d-867e-081d62f0ad37#1-t3, previous=(t:0, i:0), leaderCommit=0, initializing? false, entries: size=1, first=(t:3, i:0), CONFIGURATIONENTRY
2020-07-19 12:59:42,178 [Listener at 127.0.0.1/43321] INFO  impl.PendingRequests (PendingRequests.java:sendNotLeaderResponses(249)) - 60b4693a-24a9-4f9a-8d7e-763e228c0b97@group-3183008B4F90-PendingRequests: sendNotLeaderResponses
2020-07-19 12:59:42,177 [org.apache.ratis.server.impl.LogAppender$AppenderDaemon$$Lambda$439/925326744@3f501689] WARN  server.GrpcLogAppender (GrpcLogAppender.java:mayWait(153)) - 60b4693a-24a9-4f9a-8d7e-763e228c0b97@group-3183008B4F90->45b92da7-6fd5-4e69-8c49-135295713f70-GrpcLogAppender: Wait interrupted by java.lang.InterruptedException
2020-07-19 12:59:42,179 [grpc-default-executor-0] INFO  server.GrpcLogAppender (GrpcLogAppender.java:onCompleted(319)) - 60b4693a-24a9-4f9a-8d7e-763e228c0b97@group-3183008B4F90->7448be25-6ee6-481d-867e-081d62f0ad37-AppendLogResponseHandler: follower responses appendEntries COMPLETED
2020-07-19 12:59:42,179 [029654c1-37af-45dc-9620-2886658484eb@group-DAD710DE08AB-SegmentedRaftLogWorker] INFO  segmented.SegmentedRaftLogWorker (SegmentedRaftLogWorker.java:run(327)) - 029654c1-37af-45dc-9620-2886658484eb@group-DAD710DE08AB-SegmentedRaftLogWorker was interrupted, exiting. There are 0 tasks remaining in the queue.
2020-07-19 12:59:42,179 [Listener at 127.0.0.1/43321] INFO  metrics.RatisMetrics (RatisMetrics.java:unregister(43)) - Unregistering Metrics Registry : ratis.log_appender.60b4693a-24a9-4f9a-8d7e-763e228c0b97@group-3183008B4F90
2020-07-19 12:59:42,179 [Listener at 127.0.0.1/43321] INFO  metrics.RatisMetrics (RatisMetrics.java:unregister(43)) - Unregistering Metrics Registry : ratis.server.60b4693a-24a9-4f9a-8d7e-763e228c0b97@group-3183008B4F90
2020-07-19 12:59:42,180 [grpc-default-executor-0] INFO  impl.FollowerInfo (FollowerInfo.java:lambda$new$0(51)) - 60b4693a-24a9-4f9a-8d7e-763e228c0b97@group-3183008B4F90->7448be25-6ee6-481d-867e-081d62f0ad37: nextIndex: updateUnconditionally 1 -> 0
2020-07-19 12:59:42,180 [ForkJoinPool.commonPool-worker-0] INFO  segmented.SegmentedRaftLogWorker (SegmentedRaftLogWorker.java:close(234)) - 029654c1-37af-45dc-9620-2886658484eb@group-DAD710DE08AB-SegmentedRaftLogWorker close()
2020-07-19 12:59:42,181 [ForkJoinPool.commonPool-worker-0] INFO  metrics.RatisMetrics (RatisMetrics.java:unregister(43)) - Unregistering Metrics Registry : ratis.log_worker.029654c1-37af-45dc-9620-2886658484eb@group-DAD710DE08AB
2020-07-19 12:59:42,181 [ForkJoinPool.commonPool-worker-0] INFO  metrics.RatisMetrics (RatisMetrics.java:unregister(43)) - Unregistering Metrics Registry : ratis.leader_election.029654c1-37af-45dc-9620-2886658484eb@group-DAD710DE08AB
2020-07-19 12:59:42,181 [ForkJoinPool.commonPool-worker-0] INFO  metrics.RatisMetrics (RatisMetrics.java:unregister(43)) - Unregistering Metrics Registry : ratis.server.029654c1-37af-45dc-9620-2886658484eb@group-DAD710DE08AB
2020-07-19 12:59:42,181 [ForkJoinPool.commonPool-worker-0] INFO  server.GrpcService (GrpcService.java:closeImpl(166)) - 029654c1-37af-45dc-9620-2886658484eb: shutdown server with port 35523 now
2020-07-19 12:59:42,181 [60b4693a-24a9-4f9a-8d7e-763e228c0b97@group-3183008B4F90-StateMachineUpdater] INFO  ratis.ContainerStateMachine (ContainerStateMachine.java:takeSnapshot(293)) - group-3183008B4F90: Taking a snapshot at:(t:3, i:0) file /github/workspace/mnt/ozone/hadoop-ozone/integration-test/target/test-dir/MiniOzoneClusterImpl-8824b896-4141-4ae0-8a85-a38dd1836ba7/datanode-3/data/ratis/20295e19-fc6c-450f-aa9f-3183008b4f90/sm/snapshot.3_0
2020-07-19 12:59:42,182 [Listener at 127.0.0.1/43321] INFO  impl.StateMachineUpdater (StateMachineUpdater.java:stopAndJoin(142)) - 60b4693a-24a9-4f9a-8d7e-763e228c0b97@group-3183008B4F90-StateMachineUpdater: set stopIndex = 0
2020-07-19 12:59:42,182 [ForkJoinPool.commonPool-worker-0] INFO  server.GrpcService (GrpcService.java:closeImpl(174)) - 029654c1-37af-45dc-9620-2886658484eb: shutdown server with port 35523 successfully
2020-07-19 12:59:42,190 [60b4693a-24a9-4f9a-8d7e-763e228c0b97@group-3183008B4F90-StateMachineUpdater] INFO  ratis.ContainerStateMachine (ContainerStateMachine.java:takeSnapshot(304)) - group-3183008B4F90: Finished taking a snapshot at:(t:3, i:0) file:/github/workspace/mnt/ozone/hadoop-ozone/integration-test/target/test-dir/MiniOzoneClusterImpl-8824b896-4141-4ae0-8a85-a38dd1836ba7/datanode-3/data/ratis/20295e19-fc6c-450f-aa9f-3183008b4f90/sm/snapshot.3_0 time:8
2020-07-19 12:59:42,190 [60b4693a-24a9-4f9a-8d7e-763e228c0b97@group-3183008B4F90-StateMachineUpdater] INFO  impl.StateMachineUpdater (StateMachineUpdater.java:takeSnapshot(277)) - 60b4693a-24a9-4f9a-8d7e-763e228c0b97@group-3183008B4F90-StateMachineUpdater: Took a snapshot at index 0
2020-07-19 12:59:42,191 [60b4693a-24a9-4f9a-8d7e-763e228c0b97@group-3183008B4F90-StateMachineUpdater] INFO  impl.StateMachineUpdater (StateMachineUpdater.java:lambda$new$0(87)) - 60b4693a-24a9-4f9a-8d7e-763e228c0b97@group-3183008B4F90-StateMachineUpdater: snapshotIndex: updateIncreasingly -1 -> 0
2020-07-19 12:59:42,191 [60b4693a-24a9-4f9a-8d7e-763e228c0b97@group-3183008B4F90-StateMachineUpdater] INFO  metrics.RatisMetrics (RatisMetrics.java:unregister(43)) - Unregistering Metrics Registry : ratis.state_machine.60b4693a-24a9-4f9a-8d7e-763e228c0b97@group-3183008B4F90
2020-07-19 12:59:42,191 [Listener at 127.0.0.1/43321] INFO  impl.RaftServerImpl (ServerState.java:close(387)) - 60b4693a-24a9-4f9a-8d7e-763e228c0b97@group-3183008B4F90: closes. applyIndex: 0
2020-07-19 12:59:42,191 [60b4693a-24a9-4f9a-8d7e-763e228c0b97@group-3183008B4F90-SegmentedRaftLogWorker] INFO  segmented.SegmentedRaftLogWorker (SegmentedRaftLogWorker.java:run(327)) - 60b4693a-24a9-4f9a-8d7e-763e228c0b97@group-3183008B4F90-SegmentedRaftLogWorker was interrupted, exiting. There are 0 tasks remaining in the queue.
2020-07-19 12:59:42,193 [Listener at 127.0.0.1/43321] INFO  segmented.SegmentedRaftLogWorker (SegmentedRaftLogWorker.java:close(234)) - 60b4693a-24a9-4f9a-8d7e-763e228c0b97@group-3183008B4F90-SegmentedRaftLogWorker close()
2020-07-19 12:59:42,194 [ForkJoinPool.commonPool-worker-0] INFO  utils.BackgroundService (BackgroundService.java:shutdown(157)) - Shutting down service BlockDeletingService
2020-07-19 12:59:42,194 [Listener at 127.0.0.1/43321] INFO  metrics.RatisMetrics (RatisMetrics.java:unregister(43)) - Unregistering Metrics Registry : ratis.log_worker.60b4693a-24a9-4f9a-8d7e-763e228c0b97@group-3183008B4F90
2020-07-19 12:59:42,195 [Listener at 127.0.0.1/43321] INFO  metrics.RatisMetrics (RatisMetrics.java:unregister(43)) - Unregistering Metrics Registry : ratis.leader_election.60b4693a-24a9-4f9a-8d7e-763e228c0b97@group-3183008B4F90
2020-07-19 12:59:42,195 [Listener at 127.0.0.1/43321] INFO  metrics.RatisMetrics (RatisMetrics.java:unregister(43)) - Unregistering Metrics Registry : ratis.server.60b4693a-24a9-4f9a-8d7e-763e228c0b97@group-3183008B4F90
2020-07-19 12:59:42,195 [Listener at 127.0.0.1/43321] INFO  impl.RaftServerImpl (RaftServerImpl.java:lambda$shutdown$3(252)) - 60b4693a-24a9-4f9a-8d7e-763e228c0b97@group-F2A7FFDE51A0: shutdown
2020-07-19 12:59:42,195 [Listener at 127.0.0.1/43321] INFO  util.JmxRegister (JmxRegister.java:unregister(73)) - Successfully un-registered JMX Bean with object name Ratis:service=RaftServer,group=group-F2A7FFDE51A0,id=60b4693a-24a9-4f9a-8d7e-763e228c0b97
2020-07-19 12:59:42,195 [Listener at 127.0.0.1/43321] INFO  impl.RoleInfo (RoleInfo.java:shutdownLeaderState(104)) - 60b4693a-24a9-4f9a-8d7e-763e228c0b97: shutdown LeaderState
2020-07-19 12:59:42,195 [Listener at 127.0.0.1/43321] INFO  impl.PendingRequests (PendingRequests.java:sendNotLeaderResponses(249)) - 60b4693a-24a9-4f9a-8d7e-763e228c0b97@group-F2A7FFDE51A0-PendingRequests: sendNotLeaderResponses
2020-07-19 12:59:42,196 [Listener at 127.0.0.1/43321] INFO  metrics.RatisMetrics (RatisMetrics.java:unregister(43)) - Unregistering Metrics Registry : ratis.log_appender.60b4693a-24a9-4f9a-8d7e-763e228c0b97@group-F2A7FFDE51A0
2020-07-19 12:59:42,196 [Listener at 127.0.0.1/43321] INFO  metrics.RatisMetrics (RatisMetrics.java:unregister(43)) - Unregistering Metrics Registry : ratis.server.60b4693a-24a9-4f9a-8d7e-763e228c0b97@group-F2A7FFDE51A0
2020-07-19 12:59:42,196 [Listener at 127.0.0.1/43321] INFO  impl.StateMachineUpdater (StateMachineUpdater.java:stopAndJoin(142)) - 60b4693a-24a9-4f9a-8d7e-763e228c0b97@group-F2A7FFDE51A0-StateMachineUpdater: set stopIndex = 0
2020-07-19 12:59:42,197 [60b4693a-24a9-4f9a-8d7e-763e228c0b97@group-F2A7FFDE51A0-StateMachineUpdater] INFO  ratis.ContainerStateMachine (ContainerStateMachine.java:takeSnapshot(293)) - group-F2A7FFDE51A0: Taking a snapshot at:(t:1, i:0) file /github/workspace/mnt/ozone/hadoop-ozone/integration-test/target/test-dir/MiniOzoneClusterImpl-8824b896-4141-4ae0-8a85-a38dd1836ba7/datanode-3/data/ratis/b7fd7509-c4d3-4488-8e1e-f2a7ffde51a0/sm/snapshot.1_0
2020-07-19 12:59:42,199 [ForkJoinPool.commonPool-worker-0] INFO  statemachine.DatanodeStateMachine (DatanodeStateMachine.java:stopDaemon(428)) - Ozone container server stopped.
2020-07-19 12:59:42,200 [60b4693a-24a9-4f9a-8d7e-763e228c0b97@group-F2A7FFDE51A0-StateMachineUpdater] INFO  ratis.ContainerStateMachine (ContainerStateMachine.java:takeSnapshot(304)) - group-F2A7FFDE51A0: Finished taking a snapshot at:(t:1, i:0) file:/github/workspace/mnt/ozone/hadoop-ozone/integration-test/target/test-dir/MiniOzoneClusterImpl-8824b896-4141-4ae0-8a85-a38dd1836ba7/datanode-3/data/ratis/b7fd7509-c4d3-4488-8e1e-f2a7ffde51a0/sm/snapshot.1_0 time:3
2020-07-19 12:59:42,200 [60b4693a-24a9-4f9a-8d7e-763e228c0b97@group-F2A7FFDE51A0-StateMachineUpdater] INFO  impl.StateMachineUpdater (StateMachineUpdater.java:takeSnapshot(277)) - 60b4693a-24a9-4f9a-8d7e-763e228c0b97@group-F2A7FFDE51A0-StateMachineUpdater: Took a snapshot at index 0
2020-07-19 12:59:42,200 [60b4693a-24a9-4f9a-8d7e-763e228c0b97@group-F2A7FFDE51A0-StateMachineUpdater] INFO  impl.StateMachineUpdater (StateMachineUpdater.java:lambda$new$0(87)) - 60b4693a-24a9-4f9a-8d7e-763e228c0b97@group-F2A7FFDE51A0-StateMachineUpdater: snapshotIndex: updateIncreasingly -1 -> 0
2020-07-19 12:59:42,201 [60b4693a-24a9-4f9a-8d7e-763e228c0b97@group-F2A7FFDE51A0-StateMachineUpdater] INFO  metrics.RatisMetrics (RatisMetrics.java:unregister(43)) - Unregistering Metrics Registry : ratis.state_machine.60b4693a-24a9-4f9a-8d7e-763e228c0b97@group-F2A7FFDE51A0
2020-07-19 12:59:42,201 [Listener at 127.0.0.1/43321] INFO  impl.RaftServerImpl (ServerState.java:close(387)) - 60b4693a-24a9-4f9a-8d7e-763e228c0b97@group-F2A7FFDE51A0: closes. applyIndex: 0
2020-07-19 12:59:42,201 [60b4693a-24a9-4f9a-8d7e-763e228c0b97@group-F2A7FFDE51A0-SegmentedRaftLogWorker] INFO  segmented.SegmentedRaftLogWorker (SegmentedRaftLogWorker.java:run(327)) - 60b4693a-24a9-4f9a-8d7e-763e228c0b97@group-F2A7FFDE51A0-SegmentedRaftLogWorker was interrupted, exiting. There are 0 tasks remaining in the queue.
2020-07-19 12:59:42,207 [Listener at 127.0.0.1/43321] INFO  segmented.SegmentedRaftLogWorker (SegmentedRaftLogWorker.java:close(234)) - 60b4693a-24a9-4f9a-8d7e-763e228c0b97@group-F2A7FFDE51A0-SegmentedRaftLogWorker close()
2020-07-19 12:59:42,207 [ForkJoinPool.commonPool-worker-0] INFO  handler.ContextHandler (ContextHandler.java:doStop(1016)) - Stopped o.e.j.w.WebAppContext@59612e7c{hddsDatanode,/,null,UNAVAILABLE}{jar:file:/home/user/.m2/repository/org/apache/hadoop/hadoop-hdds-container-service/0.6.0-SNAPSHOT/hadoop-hdds-container-service-0.6.0-SNAPSHOT.jar!/webapps/hddsDatanode}
2020-07-19 12:59:42,208 [Listener at 127.0.0.1/43321] INFO  metrics.RatisMetrics (RatisMetrics.java:unregister(43)) - Unregistering Metrics Registry : ratis.log_worker.60b4693a-24a9-4f9a-8d7e-763e228c0b97@group-F2A7FFDE51A0
2020-07-19 12:59:42,208 [Listener at 127.0.0.1/43321] INFO  metrics.RatisMetrics (RatisMetrics.java:unregister(43)) - Unregistering Metrics Registry : ratis.leader_election.60b4693a-24a9-4f9a-8d7e-763e228c0b97@group-F2A7FFDE51A0
2020-07-19 12:59:42,208 [Listener at 127.0.0.1/43321] INFO  metrics.RatisMetrics (RatisMetrics.java:unregister(43)) - Unregistering Metrics Registry : ratis.server.60b4693a-24a9-4f9a-8d7e-763e228c0b97@group-F2A7FFDE51A0
2020-07-19 12:59:42,208 [Listener at 127.0.0.1/43321] INFO  server.GrpcService (GrpcService.java:closeImpl(166)) - 60b4693a-24a9-4f9a-8d7e-763e228c0b97: shutdown server with port 45129 now
2020-07-19 12:59:42,213 [Listener at 127.0.0.1/43321] INFO  server.GrpcService (GrpcService.java:closeImpl(174)) - 60b4693a-24a9-4f9a-8d7e-763e228c0b97: shutdown server with port 45129 successfully
2020-07-19 12:59:42,214 [Listener at 127.0.0.1/43321] INFO  utils.BackgroundService (BackgroundService.java:shutdown(157)) - Shutting down service BlockDeletingService
2020-07-19 12:59:42,215 [Listener at 127.0.0.1/43321] INFO  statemachine.DatanodeStateMachine (DatanodeStateMachine.java:stopDaemon(428)) - Ozone container server stopped.
2020-07-19 12:59:42,219 [ForkJoinPool.commonPool-worker-0] INFO  server.AbstractConnector (AbstractConnector.java:doStop(380)) - Stopped ServerConnector@361ebebf{HTTP/1.1,[http/1.1]}{0.0.0.0:0}
2020-07-19 12:59:42,220 [ForkJoinPool.commonPool-worker-0] INFO  server.session (HouseKeeper.java:stopScavenging(158)) - node0 Stopped scavenging
2020-07-19 12:59:42,221 [Listener at 127.0.0.1/43321] INFO  handler.ContextHandler (ContextHandler.java:doStop(1016)) - Stopped o.e.j.w.WebAppContext@2836f9ec{hddsDatanode,/,null,UNAVAILABLE}{jar:file:/home/user/.m2/repository/org/apache/hadoop/hadoop-hdds-container-service/0.6.0-SNAPSHOT/hadoop-hdds-container-service-0.6.0-SNAPSHOT.jar!/webapps/hddsDatanode}
2020-07-19 12:59:42,222 [Listener at 127.0.0.1/43321] INFO  server.AbstractConnector (AbstractConnector.java:doStop(380)) - Stopped ServerConnector@47582433{HTTP/1.1,[http/1.1]}{0.0.0.0:0}
2020-07-19 12:59:42,222 [Listener at 127.0.0.1/43321] INFO  server.session (HouseKeeper.java:stopScavenging(158)) - node0 Stopped scavenging
2020-07-19 12:59:42,222 [Listener at 127.0.0.1/43321] INFO  handler.ContextHandler (ContextHandler.java:doStop(1016)) - Stopped o.e.j.s.ServletContextHandler@309e840c{static,/static,jar:file:/home/user/.m2/repository/org/apache/hadoop/hadoop-hdds-container-service/0.6.0-SNAPSHOT/hadoop-hdds-container-service-0.6.0-SNAPSHOT.jar!/webapps/static,UNAVAILABLE}
2020-07-19 12:59:42,223 [Listener at 127.0.0.1/43321] INFO  handler.ContextHandler (ContextHandler.java:doStop(1016)) - Stopped o.e.j.s.ServletContextHandler@1990435c{logs,/logs,file:///github/workspace/mnt/ozone/hadoop-ozone/integration-test/target/log,UNAVAILABLE}
2020-07-19 12:59:42,223 [ForkJoinPool.commonPool-worker-0] INFO  handler.ContextHandler (ContextHandler.java:doStop(1016)) - Stopped o.e.j.s.ServletContextHandler@1e04656e{static,/static,jar:file:/home/user/.m2/repository/org/apache/hadoop/hadoop-hdds-container-service/0.6.0-SNAPSHOT/hadoop-hdds-container-service-0.6.0-SNAPSHOT.jar!/webapps/static,UNAVAILABLE}
2020-07-19 12:59:42,227 [ForkJoinPool.commonPool-worker-0] INFO  handler.ContextHandler (ContextHandler.java:doStop(1016)) - Stopped o.e.j.s.ServletContextHandler@5529437{logs,/logs,file:///github/workspace/mnt/ozone/hadoop-ozone/integration-test/target/log,UNAVAILABLE}
2020-07-19 12:59:42,728 [Datanode State Machine Thread - 0] INFO  statemachine.DatanodeStateMachine (DatanodeStateMachine.java:lambda$startDaemon$0(380)) - Ozone container server started.
2020-07-19 12:59:45,984 [Thread-682] INFO  impl.FollowerState (FollowerState.java:run(108)) - 7448be25-6ee6-481d-867e-081d62f0ad37@group-3183008B4F90-FollowerState: change to CANDIDATE, lastRpcTime:5362ms, electionTimeout:5182ms
2020-07-19 12:59:45,984 [Thread-682] INFO  impl.RoleInfo (RoleInfo.java:shutdownFollowerState(121)) - 7448be25-6ee6-481d-867e-081d62f0ad37: shutdown FollowerState
2020-07-19 12:59:45,984 [Thread-682] INFO  impl.RaftServerImpl (RaftServerImpl.java:setRole(175)) - 7448be25-6ee6-481d-867e-081d62f0ad37@group-3183008B4F90: changes role from  FOLLOWER to CANDIDATE at term 3 for changeToCandidate
2020-07-19 12:59:45,984 [Thread-682] INFO  impl.RoleInfo (RoleInfo.java:updateAndGet(143)) - 7448be25-6ee6-481d-867e-081d62f0ad37: start LeaderElection
2020-07-19 12:59:45,985 [7448be25-6ee6-481d-867e-081d62f0ad37@group-3183008B4F90-LeaderElection23] INFO  impl.RaftServerImpl (ServerState.java:setLeader(255)) - 7448be25-6ee6-481d-867e-081d62f0ad37@group-3183008B4F90: change Leader from 60b4693a-24a9-4f9a-8d7e-763e228c0b97 to null at term 3 for initElection
2020-07-19 12:59:45,987 [7448be25-6ee6-481d-867e-081d62f0ad37@group-3183008B4F90-LeaderElection23] INFO  impl.LeaderElection (LeaderElection.java:askForVotes(206)) - 7448be25-6ee6-481d-867e-081d62f0ad37@group-3183008B4F90-LeaderElection23: begin an election at term 4 for 0: [7448be25-6ee6-481d-867e-081d62f0ad37:172.17.0.2:39635, 60b4693a-24a9-4f9a-8d7e-763e228c0b97:172.17.0.2:45129, 45b92da7-6fd5-4e69-8c49-135295713f70:172.17.0.2:46823], old=null
2020-07-19 12:59:45,991 [7448be25-6ee6-481d-867e-081d62f0ad37@group-3183008B4F90-LeaderElection23] INFO  impl.LeaderElection (LogUtils.java:infoOrTrace(137)) - 7448be25-6ee6-481d-867e-081d62f0ad37@group-3183008B4F90-LeaderElection23 got exception when requesting votes: java.util.concurrent.ExecutionException: org.apache.ratis.thirdparty.io.grpc.StatusRuntimeException: UNAVAILABLE: io exception
2020-07-19 12:59:45,994 [7448be25-6ee6-481d-867e-081d62f0ad37@group-3183008B4F90-LeaderElection23] INFO  impl.LeaderElection (LogUtils.java:infoOrTrace(137)) - 7448be25-6ee6-481d-867e-081d62f0ad37@group-3183008B4F90-LeaderElection23 got exception when requesting votes: java.util.concurrent.ExecutionException: org.apache.ratis.thirdparty.io.grpc.StatusRuntimeException: UNAVAILABLE: io exception
2020-07-19 12:59:45,994 [7448be25-6ee6-481d-867e-081d62f0ad37@group-3183008B4F90-LeaderElection23] INFO  impl.LeaderElection (LeaderElection.java:logAndReturn(61)) - 7448be25-6ee6-481d-867e-081d62f0ad37@group-3183008B4F90-LeaderElection23: Election REJECTED; received 0 response(s) [] and 2 exception(s); 7448be25-6ee6-481d-867e-081d62f0ad37@group-3183008B4F90:t4, leader=null, voted=7448be25-6ee6-481d-867e-081d62f0ad37, raftlog=7448be25-6ee6-481d-867e-081d62f0ad37@group-3183008B4F90-SegmentedRaftLog:OPENED:c0,f0,i0, conf=0: [7448be25-6ee6-481d-867e-081d62f0ad37:172.17.0.2:39635, 60b4693a-24a9-4f9a-8d7e-763e228c0b97:172.17.0.2:45129, 45b92da7-6fd5-4e69-8c49-135295713f70:172.17.0.2:46823], old=null
2020-07-19 12:59:45,994 [7448be25-6ee6-481d-867e-081d62f0ad37@group-3183008B4F90-LeaderElection23] INFO  impl.LeaderElection (LogUtils.java:infoOrTrace(137)) -   Exception 0: java.util.concurrent.ExecutionException: org.apache.ratis.thirdparty.io.grpc.StatusRuntimeException: UNAVAILABLE: io exception
2020-07-19 12:59:45,994 [7448be25-6ee6-481d-867e-081d62f0ad37@group-3183008B4F90-LeaderElection23] INFO  impl.LeaderElection (LogUtils.java:infoOrTrace(137)) -   Exception 1: java.util.concurrent.ExecutionException: org.apache.ratis.thirdparty.io.grpc.StatusRuntimeException: UNAVAILABLE: io exception
2020-07-19 12:59:45,994 [7448be25-6ee6-481d-867e-081d62f0ad37@group-3183008B4F90-LeaderElection23] INFO  impl.RaftServerImpl (RaftServerImpl.java:setRole(175)) - 7448be25-6ee6-481d-867e-081d62f0ad37@group-3183008B4F90: changes role from CANDIDATE to FOLLOWER at term 4 for DISCOVERED_A_NEW_TERM
2020-07-19 12:59:45,994 [7448be25-6ee6-481d-867e-081d62f0ad37@group-3183008B4F90-LeaderElection23] INFO  impl.RoleInfo (RoleInfo.java:shutdownLeaderElection(134)) - 7448be25-6ee6-481d-867e-081d62f0ad37: shutdown LeaderElection
2020-07-19 12:59:45,994 [7448be25-6ee6-481d-867e-081d62f0ad37@group-3183008B4F90-LeaderElection23] INFO  impl.RoleInfo (RoleInfo.java:updateAndGet(143)) - 7448be25-6ee6-481d-867e-081d62f0ad37: start FollowerState
2020-07-19 12:59:47,224 [Listener at 127.0.0.1/43321] INFO  ozoneimpl.OzoneContainer (OzoneContainer.java:stop(247)) - Attempting to stop container services.
2020-07-19 12:59:47,226 [Listener at 127.0.0.1/43321] INFO  impl.RaftServerProxy (RaftServerProxy.java:lambda$close$4(319)) - 7448be25-6ee6-481d-867e-081d62f0ad37: close
2020-07-19 12:59:47,226 [Listener at 127.0.0.1/43321] INFO  impl.RaftServerImpl (RaftServerImpl.java:lambda$shutdown$3(252)) - 7448be25-6ee6-481d-867e-081d62f0ad37@group-3183008B4F90: shutdown
2020-07-19 12:59:47,227 [Listener at 127.0.0.1/43321] INFO  util.JmxRegister (JmxRegister.java:unregister(73)) - Successfully un-registered JMX Bean with object name Ratis:service=RaftServer,group=group-3183008B4F90,id=7448be25-6ee6-481d-867e-081d62f0ad37
2020-07-19 12:59:47,227 [Listener at 127.0.0.1/43321] INFO  impl.RoleInfo (RoleInfo.java:shutdownFollowerState(121)) - 7448be25-6ee6-481d-867e-081d62f0ad37: shutdown FollowerState
2020-07-19 12:59:47,227 [Listener at 127.0.0.1/43321] INFO  impl.StateMachineUpdater (StateMachineUpdater.java:stopAndJoin(142)) - 7448be25-6ee6-481d-867e-081d62f0ad37@group-3183008B4F90-StateMachineUpdater: set stopIndex = 0
2020-07-19 12:59:47,227 [Thread-716] INFO  impl.FollowerState (FollowerState.java:run(117)) - 7448be25-6ee6-481d-867e-081d62f0ad37@group-3183008B4F90-FollowerState was interrupted: java.lang.InterruptedException: sleep interrupted
2020-07-19 12:59:47,228 [7448be25-6ee6-481d-867e-081d62f0ad37@group-3183008B4F90-StateMachineUpdater] INFO  ratis.ContainerStateMachine (ContainerStateMachine.java:takeSnapshot(293)) - group-3183008B4F90: Taking a snapshot at:(t:3, i:0) file /github/workspace/mnt/ozone/hadoop-ozone/integration-test/target/test-dir/MiniOzoneClusterImpl-8824b896-4141-4ae0-8a85-a38dd1836ba7/datanode-5/data/ratis/20295e19-fc6c-450f-aa9f-3183008b4f90/sm/snapshot.3_0
2020-07-19 12:59:47,229 [7448be25-6ee6-481d-867e-081d62f0ad37@group-3183008B4F90-StateMachineUpdater] INFO  ratis.ContainerStateMachine (ContainerStateMachine.java:takeSnapshot(304)) - group-3183008B4F90: Finished taking a snapshot at:(t:3, i:0) file:/github/workspace/mnt/ozone/hadoop-ozone/integration-test/target/test-dir/MiniOzoneClusterImpl-8824b896-4141-4ae0-8a85-a38dd1836ba7/datanode-5/data/ratis/20295e19-fc6c-450f-aa9f-3183008b4f90/sm/snapshot.3_0 time:1
2020-07-19 12:59:47,230 [7448be25-6ee6-481d-867e-081d62f0ad37@group-3183008B4F90-StateMachineUpdater] INFO  impl.StateMachineUpdater (StateMachineUpdater.java:takeSnapshot(277)) - 7448be25-6ee6-481d-867e-081d62f0ad37@group-3183008B4F90-StateMachineUpdater: Took a snapshot at index 0
2020-07-19 12:59:47,230 [7448be25-6ee6-481d-867e-081d62f0ad37@group-3183008B4F90-StateMachineUpdater] INFO  impl.StateMachineUpdater (StateMachineUpdater.java:lambda$new$0(87)) - 7448be25-6ee6-481d-867e-081d62f0ad37@group-3183008B4F90-StateMachineUpdater: snapshotIndex: updateIncreasingly -1 -> 0
2020-07-19 12:59:47,230 [7448be25-6ee6-481d-867e-081d62f0ad37@group-3183008B4F90-StateMachineUpdater] INFO  metrics.RatisMetrics (RatisMetrics.java:unregister(43)) - Unregistering Metrics Registry : ratis.state_machine.7448be25-6ee6-481d-867e-081d62f0ad37@group-3183008B4F90
2020-07-19 12:59:47,230 [Listener at 127.0.0.1/43321] INFO  impl.RaftServerImpl (ServerState.java:close(387)) - 7448be25-6ee6-481d-867e-081d62f0ad37@group-3183008B4F90: closes. applyIndex: 0
2020-07-19 12:59:47,230 [7448be25-6ee6-481d-867e-081d62f0ad37@group-3183008B4F90-SegmentedRaftLogWorker] INFO  segmented.SegmentedRaftLogWorker (SegmentedRaftLogWorker.java:run(327)) - 7448be25-6ee6-481d-867e-081d62f0ad37@group-3183008B4F90-SegmentedRaftLogWorker was interrupted, exiting. There are 0 tasks remaining in the queue.
2020-07-19 12:59:47,231 [Listener at 127.0.0.1/43321] INFO  segmented.SegmentedRaftLogWorker (SegmentedRaftLogWorker.java:close(234)) - 7448be25-6ee6-481d-867e-081d62f0ad37@group-3183008B4F90-SegmentedRaftLogWorker close()
2020-07-19 12:59:47,232 [Listener at 127.0.0.1/43321] INFO  metrics.RatisMetrics (RatisMetrics.java:unregister(43)) - Unregistering Metrics Registry : ratis.log_worker.7448be25-6ee6-481d-867e-081d62f0ad37@group-3183008B4F90
2020-07-19 12:59:47,232 [Listener at 127.0.0.1/43321] INFO  metrics.RatisMetrics (RatisMetrics.java:unregister(43)) - Unregistering Metrics Registry : ratis.leader_election.7448be25-6ee6-481d-867e-081d62f0ad37@group-3183008B4F90
2020-07-19 12:59:47,232 [Listener at 127.0.0.1/43321] INFO  metrics.RatisMetrics (RatisMetrics.java:unregister(43)) - Unregistering Metrics Registry : ratis.server.7448be25-6ee6-481d-867e-081d62f0ad37@group-3183008B4F90
2020-07-19 12:59:47,233 [Listener at 127.0.0.1/43321] INFO  impl.RaftServerImpl (RaftServerImpl.java:lambda$shutdown$3(252)) - 7448be25-6ee6-481d-867e-081d62f0ad37@group-97E268FDA089: shutdown
2020-07-19 12:59:47,233 [Listener at 127.0.0.1/43321] INFO  util.JmxRegister (JmxRegister.java:unregister(73)) - Successfully un-registered JMX Bean with object name Ratis:service=RaftServer,group=group-97E268FDA089,id=7448be25-6ee6-481d-867e-081d62f0ad37
2020-07-19 12:59:47,233 [Listener at 127.0.0.1/43321] INFO  impl.RoleInfo (RoleInfo.java:shutdownLeaderState(104)) - 7448be25-6ee6-481d-867e-081d62f0ad37: shutdown LeaderState
2020-07-19 12:59:47,233 [Listener at 127.0.0.1/43321] INFO  impl.PendingRequests (PendingRequests.java:sendNotLeaderResponses(249)) - 7448be25-6ee6-481d-867e-081d62f0ad37@group-97E268FDA089-PendingRequests: sendNotLeaderResponses
2020-07-19 12:59:47,233 [Listener at 127.0.0.1/43321] INFO  metrics.RatisMetrics (RatisMetrics.java:unregister(43)) - Unregistering Metrics Registry : ratis.log_appender.7448be25-6ee6-481d-867e-081d62f0ad37@group-97E268FDA089
2020-07-19 12:59:47,234 [Listener at 127.0.0.1/43321] INFO  metrics.RatisMetrics (RatisMetrics.java:unregister(43)) - Unregistering Metrics Registry : ratis.server.7448be25-6ee6-481d-867e-081d62f0ad37@group-97E268FDA089
2020-07-19 12:59:47,234 [Listener at 127.0.0.1/43321] INFO  impl.StateMachineUpdater (StateMachineUpdater.java:stopAndJoin(142)) - 7448be25-6ee6-481d-867e-081d62f0ad37@group-97E268FDA089-StateMachineUpdater: set stopIndex = 0
2020-07-19 12:59:47,234 [7448be25-6ee6-481d-867e-081d62f0ad37@group-97E268FDA089-StateMachineUpdater] INFO  ratis.ContainerStateMachine (ContainerStateMachine.java:takeSnapshot(293)) - group-97E268FDA089: Taking a snapshot at:(t:1, i:0) file /github/workspace/mnt/ozone/hadoop-ozone/integration-test/target/test-dir/MiniOzoneClusterImpl-8824b896-4141-4ae0-8a85-a38dd1836ba7/datanode-5/data/ratis/4b63a041-6533-4abc-831e-97e268fda089/sm/snapshot.1_0
2020-07-19 12:59:47,235 [7448be25-6ee6-481d-867e-081d62f0ad37@group-97E268FDA089-StateMachineUpdater] INFO  ratis.ContainerStateMachine (ContainerStateMachine.java:takeSnapshot(304)) - group-97E268FDA089: Finished taking a snapshot at:(t:1, i:0) file:/github/workspace/mnt/ozone/hadoop-ozone/integration-test/target/test-dir/MiniOzoneClusterImpl-8824b896-4141-4ae0-8a85-a38dd1836ba7/datanode-5/data/ratis/4b63a041-6533-4abc-831e-97e268fda089/sm/snapshot.1_0 time:1
2020-07-19 12:59:47,235 [7448be25-6ee6-481d-867e-081d62f0ad37@group-97E268FDA089-StateMachineUpdater] INFO  impl.StateMachineUpdater (StateMachineUpdater.java:takeSnapshot(277)) - 7448be25-6ee6-481d-867e-081d62f0ad37@group-97E268FDA089-StateMachineUpdater: Took a snapshot at index 0
2020-07-19 12:59:47,235 [7448be25-6ee6-481d-867e-081d62f0ad37@group-97E268FDA089-StateMachineUpdater] INFO  impl.StateMachineUpdater (StateMachineUpdater.java:lambda$new$0(87)) - 7448be25-6ee6-481d-867e-081d62f0ad37@group-97E268FDA089-StateMachineUpdater: snapshotIndex: updateIncreasingly -1 -> 0
2020-07-19 12:59:47,235 [7448be25-6ee6-481d-867e-081d62f0ad37@group-97E268FDA089-StateMachineUpdater] INFO  metrics.RatisMetrics (RatisMetrics.java:unregister(43)) - Unregistering Metrics Registry : ratis.state_machine.7448be25-6ee6-481d-867e-081d62f0ad37@group-97E268FDA089
2020-07-19 12:59:47,236 [Listener at 127.0.0.1/43321] INFO  impl.RaftServerImpl (ServerState.java:close(387)) - 7448be25-6ee6-481d-867e-081d62f0ad37@group-97E268FDA089: closes. applyIndex: 0
2020-07-19 12:59:47,236 [7448be25-6ee6-481d-867e-081d62f0ad37@group-97E268FDA089-SegmentedRaftLogWorker] INFO  segmented.SegmentedRaftLogWorker (SegmentedRaftLogWorker.java:run(327)) - 7448be25-6ee6-481d-867e-081d62f0ad37@group-97E268FDA089-SegmentedRaftLogWorker was interrupted, exiting. There are 0 tasks remaining in the queue.
2020-07-19 12:59:47,236 [Listener at 127.0.0.1/43321] INFO  segmented.SegmentedRaftLogWorker (SegmentedRaftLogWorker.java:close(234)) - 7448be25-6ee6-481d-867e-081d62f0ad37@group-97E268FDA089-SegmentedRaftLogWorker close()
2020-07-19 12:59:47,236 [Listener at 127.0.0.1/43321] INFO  metrics.RatisMetrics (RatisMetrics.java:unregister(43)) - Unregistering Metrics Registry : ratis.log_worker.7448be25-6ee6-481d-867e-081d62f0ad37@group-97E268FDA089
2020-07-19 12:59:47,236 [Listener at 127.0.0.1/43321] INFO  metrics.RatisMetrics (RatisMetrics.java:unregister(43)) - Unregistering Metrics Registry : ratis.leader_election.7448be25-6ee6-481d-867e-081d62f0ad37@group-97E268FDA089
2020-07-19 12:59:47,237 [Listener at 127.0.0.1/43321] INFO  metrics.RatisMetrics (RatisMetrics.java:unregister(43)) - Unregistering Metrics Registry : ratis.server.7448be25-6ee6-481d-867e-081d62f0ad37@group-97E268FDA089
2020-07-19 12:59:47,237 [Listener at 127.0.0.1/43321] INFO  server.GrpcService (GrpcService.java:closeImpl(166)) - 7448be25-6ee6-481d-867e-081d62f0ad37: shutdown server with port 39635 now
2020-07-19 12:59:47,240 [Listener at 127.0.0.1/43321] INFO  server.GrpcService (GrpcService.java:closeImpl(174)) - 7448be25-6ee6-481d-867e-081d62f0ad37: shutdown server with port 39635 successfully
2020-07-19 12:59:47,241 [Listener at 127.0.0.1/43321] INFO  utils.BackgroundService (BackgroundService.java:shutdown(157)) - Shutting down service BlockDeletingService
2020-07-19 12:59:47,242 [Listener at 127.0.0.1/43321] INFO  statemachine.DatanodeStateMachine (DatanodeStateMachine.java:stopDaemon(428)) - Ozone container server stopped.
2020-07-19 12:59:47,248 [Listener at 127.0.0.1/43321] INFO  handler.ContextHandler (ContextHandler.java:doStop(1016)) - Stopped o.e.j.w.WebAppContext@371abe5d{hddsDatanode,/,null,UNAVAILABLE}{jar:file:/home/user/.m2/repository/org/apache/hadoop/hadoop-hdds-container-service/0.6.0-SNAPSHOT/hadoop-hdds-container-service-0.6.0-SNAPSHOT.jar!/webapps/hddsDatanode}
2020-07-19 12:59:47,249 [Listener at 127.0.0.1/43321] INFO  server.AbstractConnector (AbstractConnector.java:doStop(380)) - Stopped ServerConnector@1fef5919{HTTP/1.1,[http/1.1]}{0.0.0.0:0}
2020-07-19 12:59:47,249 [Listener at 127.0.0.1/43321] INFO  server.session (HouseKeeper.java:stopScavenging(158)) - node0 Stopped scavenging
2020-07-19 12:59:47,249 [Listener at 127.0.0.1/43321] INFO  handler.ContextHandler (ContextHandler.java:doStop(1016)) - Stopped o.e.j.s.ServletContextHandler@d75755e{static,/static,jar:file:/home/user/.m2/repository/org/apache/hadoop/hadoop-hdds-container-service/0.6.0-SNAPSHOT/hadoop-hdds-container-service-0.6.0-SNAPSHOT.jar!/webapps/static,UNAVAILABLE}
2020-07-19 12:59:47,249 [Listener at 127.0.0.1/43321] INFO  handler.ContextHandler (ContextHandler.java:doStop(1016)) - Stopped o.e.j.s.ServletContextHandler@73ebfeaa{logs,/logs,file:///github/workspace/mnt/ozone/hadoop-ozone/integration-test/target/log,UNAVAILABLE}
2020-07-19 12:59:47,250 [Listener at 127.0.0.1/43321] INFO  ozone.MiniOzoneClusterImpl (MiniOzoneClusterImpl.java:stopSCM(476)) - Stopping the StorageContainerManager
2020-07-19 12:59:47,250 [Listener at 127.0.0.1/43321] INFO  server.StorageContainerManager (StorageContainerManager.java:stop(827)) - Stopping Replication Manager Service.
2020-07-19 12:59:47,250 [Listener at 127.0.0.1/43321] INFO  container.ReplicationManager (ReplicationManager.java:stop(218)) - Stopping Replication Monitor Thread.
2020-07-19 12:59:47,251 [Listener at 127.0.0.1/43321] INFO  server.StorageContainerManager (StorageContainerManager.java:stop(834)) - Stopping Lease Manager of the command watchers
2020-07-19 12:59:47,251 [Listener at 127.0.0.1/43321] INFO  server.StorageContainerManager (StorageContainerManager.java:stop(841)) - Stopping datanode service RPC server
2020-07-19 12:59:47,251 [Listener at 127.0.0.1/43321] INFO  server.SCMDatanodeProtocolServer (SCMDatanodeProtocolServer.java:stop(361)) - Stopping the RPC server for DataNodes
2020-07-19 12:59:47,251 [Listener at 127.0.0.1/43321] INFO  ipc.Server (Server.java:stop(3359)) - Stopping server on 43203
2020-07-19 12:59:47,251 [CommandWatcher-LeaseManager#LeaseMonitor] ERROR lease.LeaseManager (LeaseManager.java:run(238)) - Execution was interrupted 
java.lang.InterruptedException: sleep interrupted
	at java.lang.Thread.sleep(Native Method)
	at org.apache.hadoop.ozone.lease.LeaseManager$LeaseMonitor.run(LeaseManager.java:234)
	at java.lang.Thread.run(Thread.java:748)
2020-07-19 12:59:47,253 [IPC Server listener on 0] INFO  ipc.Server (Server.java:run(1330)) - Stopping IPC Server listener on 0
2020-07-19 12:59:47,254 [IPC Server Responder] INFO  ipc.Server (Server.java:run(1465)) - Stopping IPC Server Responder
2020-07-19 12:59:47,323 [SCM Heartbeat Processing Thread - 0] WARN  node.NodeStateManager (NodeStateManager.java:scheduleNextHealthCheck(661)) - Current Thread is interrupted, shutting down HB processing thread for Node Manager.
2020-07-19 12:59:47,324 [Listener at 127.0.0.1/43321] INFO  server.StorageContainerManager (StorageContainerManager.java:stop(849)) - Stopping block service RPC server
2020-07-19 12:59:47,324 [Listener at 127.0.0.1/43321] INFO  server.SCMBlockProtocolServer (SCMBlockProtocolServer.java:stop(158)) - Stopping the RPC server for Block Protocol
2020-07-19 12:59:47,324 [Listener at 127.0.0.1/43321] INFO  ipc.Server (Server.java:stop(3359)) - Stopping server on 36471
2020-07-19 12:59:47,327 [IPC Server listener on 0] INFO  ipc.Server (Server.java:run(1330)) - Stopping IPC Server listener on 0
2020-07-19 12:59:47,327 [IPC Server Responder] INFO  ipc.Server (Server.java:run(1465)) - Stopping IPC Server Responder
2020-07-19 12:59:47,328 [Listener at 127.0.0.1/43321] INFO  server.StorageContainerManager (StorageContainerManager.java:stop(856)) - Stopping the StorageContainerLocationProtocol RPC server
2020-07-19 12:59:47,328 [Listener at 127.0.0.1/43321] INFO  server.SCMClientProtocolServer (SCMClientProtocolServer.java:stop(165)) - Stopping the RPC server for Client Protocol
2020-07-19 12:59:47,328 [Listener at 127.0.0.1/43321] INFO  ipc.Server (Server.java:stop(3359)) - Stopping server on 42889
2020-07-19 12:59:47,328 [IPC Server listener on 0] INFO  ipc.Server (Server.java:run(1330)) - Stopping IPC Server listener on 0
2020-07-19 12:59:47,329 [IPC Server Responder] INFO  ipc.Server (Server.java:run(1465)) - Stopping IPC Server Responder
2020-07-19 12:59:47,329 [Listener at 127.0.0.1/43321] INFO  server.StorageContainerManager (StorageContainerManager.java:stop(863)) - Stopping Storage Container Manager HTTP server.
2020-07-19 12:59:47,330 [Listener at 127.0.0.1/43321] INFO  handler.ContextHandler (ContextHandler.java:doStop(1016)) - Stopped o.e.j.w.WebAppContext@6b100fc{scm,/,null,UNAVAILABLE}{file:/github/workspace/mnt/ozone/hadoop-ozone/integration-test/target/test-classes/webapps/scm}
2020-07-19 12:59:47,333 [Listener at 127.0.0.1/43321] INFO  server.AbstractConnector (AbstractConnector.java:doStop(380)) - Stopped ServerConnector@7d0034cf{HTTP/1.1,[http/1.1]}{0.0.0.0:0}
2020-07-19 12:59:47,333 [Listener at 127.0.0.1/43321] INFO  server.session (HouseKeeper.java:stopScavenging(158)) - node0 Stopped scavenging
2020-07-19 12:59:47,334 [Listener at 127.0.0.1/43321] INFO  handler.ContextHandler (ContextHandler.java:doStop(1016)) - Stopped o.e.j.s.ServletContextHandler@85951ea{static,/static,file:///github/workspace/mnt/ozone/hadoop-ozone/integration-test/target/test-classes/webapps/static,UNAVAILABLE}
2020-07-19 12:59:47,334 [Listener at 127.0.0.1/43321] INFO  handler.ContextHandler (ContextHandler.java:doStop(1016)) - Stopped o.e.j.s.ServletContextHandler@567e0a02{logs,/logs,file:///github/workspace/mnt/ozone/hadoop-ozone/integration-test/target/log,UNAVAILABLE}
2020-07-19 12:59:47,335 [Listener at 127.0.0.1/43321] INFO  server.StorageContainerManager (StorageContainerManager.java:stop(874)) - Stopping Block Manager Service.
2020-07-19 12:59:47,335 [Listener at 127.0.0.1/43321] INFO  utils.BackgroundService (BackgroundService.java:shutdown(157)) - Shutting down service SCMBlockDeletingService
2020-07-19 12:59:47,335 [Listener at 127.0.0.1/43321] INFO  utils.BackgroundService (BackgroundService.java:shutdown(157)) - Shutting down service SCMBlockDeletingService
2020-07-19 12:59:47,335 [Listener at 127.0.0.1/43321] INFO  server.StorageContainerManager (StorageContainerManager.java:stop(899)) - Stopping SCM Event Queue.
2020-07-19 12:59:47,337 [Listener at 127.0.0.1/43321] INFO  impl.MetricsSystemImpl (MetricsSystemImpl.java:stop(210)) - Stopping HddsDatanode metrics system...
2020-07-19 12:59:47,346 [Listener at 127.0.0.1/43321] INFO  impl.MetricsSystemImpl (MetricsSystemImpl.java:stop(216)) - HddsDatanode metrics system stopped.
]]></system-out>
  </testcase>
</testsuite>