<?xml version="1.0" encoding="UTF-8"?>
<testsuite xmlns:xsi="http://www.w3.org/2001/XMLSchema-instance" xsi:noNamespaceSchemaLocation="https://maven.apache.org/surefire/maven-surefire-plugin/xsd/surefire-test-report.xsd" name="org.apache.hadoop.ozone.client.rpc.TestWatchForCommit" time="289.815" tests="4" errors="0" skipped="0" failures="1">
  <properties>
    <property name="awt.toolkit" value="sun.awt.X11.XToolkit"/>
    <property name="file.encoding.pkg" value="sun.io"/>
    <property name="java.specification.version" value="1.8"/>
    <property name="sun.cpu.isalist" value=""/>
    <property name="sun.jnu.encoding" value="UTF-8"/>
    <property name="java.class.path" value="/home/runner/work/ozone/ozone/hadoop-ozone/integration-test/target/test-classes:/home/runner/work/ozone/ozone/hadoop-ozone/integration-test/target/classes:/home/runner/.m2/repository/org/apache/ozone/ozone-common/1.2.0-SNAPSHOT/ozone-common-1.2.0-SNAPSHOT.jar:/home/runner/.m2/repository/org/apache/commons/commons-compress/1.20/commons-compress-1.20.jar:/home/runner/.m2/repository/org/apache/ozone/hdds-common/1.2.0-SNAPSHOT/hdds-common-1.2.0-SNAPSHOT.jar:/home/runner/.m2/repository/org/apache/ozone/hdds-client/1.2.0-SNAPSHOT/hdds-client-1.2.0-SNAPSHOT.jar:/home/runner/.m2/repository/org/apache/ozone/ozone-interface-client/1.2.0-SNAPSHOT/ozone-interface-client-1.2.0-SNAPSHOT.jar:/home/runner/.m2/repository/org/apache/ozone/hdds-server-framework/1.2.0-SNAPSHOT/hdds-server-framework-1.2.0-SNAPSHOT.jar:/home/runner/.m2/repository/org/apache/ozone/hdds-interface-server/1.2.0-SNAPSHOT/hdds-interface-server-1.2.0-SNAPSHOT.jar:/home/runner/.m2/repository/org/eclipse/jetty/jetty-servlet/9.4.43.v20210629/jetty-servlet-9.4.43.v20210629.jar:/home/runner/.m2/repository/org/eclipse/jetty/jetty-security/9.4.43.v20210629/jetty-security-9.4.43.v20210629.jar:/home/runner/.m2/repository/org/rocksdb/rocksdbjni/6.20.3/rocksdbjni-6.20.3.jar:/home/runner/.m2/repository/io/prometheus/simpleclient_dropwizard/0.7.0/simpleclient_dropwizard-0.7.0.jar:/home/runner/.m2/repository/io/prometheus/simpleclient/0.7.0/simpleclient-0.7.0.jar:/home/runner/.m2/repository/io/prometheus/simpleclient_common/0.7.0/simpleclient_common-0.7.0.jar:/home/runner/.m2/repository/com/fasterxml/jackson/datatype/jackson-datatype-jsr310/2.12.1/jackson-datatype-jsr310-2.12.1.jar:/home/runner/.m2/repository/org/apache/ozone/hdds-test-utils/1.2.0-SNAPSHOT/hdds-test-utils-1.2.0-SNAPSHOT.jar:/home/runner/.m2/repository/com/google/guava/guava/30.1.1-jre/guava-30.1.1-jre.jar:/home/runner/.m2/repository/com/google/guava/failureaccess/1.0.1/failureaccess-1.0.1.jar:/home/runner/.m2/repository/com/google/guava/listenablefuture/9999.0-empty-to-avoid-conflict-with-guava/listenablefuture-9999.0-empty-to-avoid-conflict-with-guava.jar:/home/runner/.m2/repository/com/google/code/findbugs/jsr305/3.0.0/jsr305-3.0.0.jar:/home/runner/.m2/repository/org/checkerframework/checker-qual/3.8.0/checker-qual-3.8.0.jar:/home/runner/.m2/repository/com/google/errorprone/error_prone_annotations/2.2.0/error_prone_annotations-2.2.0.jar:/home/runner/.m2/repository/com/google/j2objc/j2objc-annotations/1.3/j2objc-annotations-1.3.jar:/home/runner/.m2/repository/commons-io/commons-io/2.8.0/commons-io-2.8.0.jar:/home/runner/.m2/repository/commons-logging/commons-logging/1.2/commons-logging-1.2.jar:/home/runner/.m2/repository/log4j/log4j/1.2.17/log4j-1.2.17.jar:/home/runner/.m2/repository/org/slf4j/slf4j-api/1.7.30/slf4j-api-1.7.30.jar:/home/runner/.m2/repository/org/apache/ozone/hdds-server-scm/1.2.0-SNAPSHOT/hdds-server-scm-1.2.0-SNAPSHOT.jar:/home/runner/.m2/repository/org/apache/ozone/hdds-container-service/1.2.0-SNAPSHOT/hdds-container-service-1.2.0-SNAPSHOT.jar:/home/runner/.m2/repository/org/apache/ozone/hdds-hadoop-dependency-server/1.2.0-SNAPSHOT/hdds-hadoop-dependency-server-1.2.0-SNAPSHOT.jar:/home/runner/.m2/repository/org/apache/hadoop/hadoop-hdfs/3.3.1/hadoop-hdfs-3.3.1.jar:/home/runner/.m2/repository/io/dropwizard/metrics/metrics-core/3.2.4/metrics-core-3.2.4.jar:/home/runner/.m2/repository/org/apache/hadoop/hadoop-hdfs-client/3.3.1/hadoop-hdfs-client-3.3.1.jar:/home/runner/.m2/repository/org/bouncycastle/bcprov-jdk15on/1.67/bcprov-jdk15on-1.67.jar:/home/runner/.m2/repository/com/google/protobuf/protobuf-java/2.5.0/protobuf-java-2.5.0.jar:/home/runner/.m2/repository/org/apache/ozone/ozone-manager/1.2.0-SNAPSHOT/ozone-manager-1.2.0-SNAPSHOT.jar:/home/runner/.m2/repository/org/aspectj/aspectjrt/1.8.9/aspectjrt-1.8.9.jar:/home/runner/.m2/repository/org/aspectj/aspectjweaver/1.8.9/aspectjweaver-1.8.9.jar:/home/runner/.m2/repository/org/apache/ozone/hdds-interface-client/1.2.0-SNAPSHOT/hdds-interface-client-1.2.0-SNAPSHOT.jar:/home/runner/.m2/repository/org/apache/hadoop/thirdparty/hadoop-shaded-protobuf_3_7/1.1.1/hadoop-shaded-protobuf_3_7-1.1.1.jar:/home/runner/.m2/repository/org/apache/ozone/ozone-interface-storage/1.2.0-SNAPSHOT/ozone-interface-storage-1.2.0-SNAPSHOT.jar:/home/runner/.m2/repository/org/reflections/reflections/0.9.11/reflections-0.9.11.jar:/home/runner/.m2/repository/org/apache/hadoop/hadoop-minikdc/3.3.1/hadoop-minikdc-3.3.1.jar:/home/runner/.m2/repository/org/apache/kerby/kerb-simplekdc/1.0.1/kerb-simplekdc-1.0.1.jar:/home/runner/.m2/repository/org/apache/kerby/kerb-client/1.0.1/kerb-client-1.0.1.jar:/home/runner/.m2/repository/org/apache/kerby/kerby-config/1.0.1/kerby-config-1.0.1.jar:/home/runner/.m2/repository/org/apache/kerby/kerb-common/1.0.1/kerb-common-1.0.1.jar:/home/runner/.m2/repository/org/apache/kerby/kerb-crypto/1.0.1/kerb-crypto-1.0.1.jar:/home/runner/.m2/repository/org/apache/kerby/kerb-util/1.0.1/kerb-util-1.0.1.jar:/home/runner/.m2/repository/org/apache/kerby/token-provider/1.0.1/token-provider-1.0.1.jar:/home/runner/.m2/repository/org/apache/kerby/kerb-admin/1.0.1/kerb-admin-1.0.1.jar:/home/runner/.m2/repository/org/apache/kerby/kerb-server/1.0.1/kerb-server-1.0.1.jar:/home/runner/.m2/repository/org/apache/kerby/kerb-identity/1.0.1/kerb-identity-1.0.1.jar:/home/runner/.m2/repository/org/apache/kerby/kerby-xdr/1.0.1/kerby-xdr-1.0.1.jar:/home/runner/.m2/repository/org/slf4j/slf4j-log4j12/1.7.30/slf4j-log4j12-1.7.30.jar:/home/runner/.m2/repository/org/apache/ozone/ozone-s3gateway/1.2.0-SNAPSHOT/ozone-s3gateway-1.2.0-SNAPSHOT.jar:/home/runner/.m2/repository/org/javassist/javassist/3.21.0-GA/javassist-3.21.0-GA.jar:/home/runner/.m2/repository/org/jboss/weld/servlet/weld-servlet/2.4.7.Final/weld-servlet-2.4.7.Final.jar:/home/runner/.m2/repository/org/glassfish/jersey/containers/jersey-container-servlet-core/2.33/jersey-container-servlet-core-2.33.jar:/home/runner/.m2/repository/org/glassfish/hk2/external/jakarta.inject/2.6.1/jakarta.inject-2.6.1.jar:/home/runner/.m2/repository/org/glassfish/jersey/core/jersey-common/2.33/jersey-common-2.33.jar:/home/runner/.m2/repository/jakarta/ws/rs/jakarta.ws.rs-api/2.1.6/jakarta.ws.rs-api-2.1.6.jar:/home/runner/.m2/repository/org/glassfish/jersey/ext/cdi/jersey-cdi1x/2.33/jersey-cdi1x-2.33.jar:/home/runner/.m2/repository/org/glassfish/jersey/inject/jersey-hk2/2.33/jersey-hk2-2.33.jar:/home/runner/.m2/repository/org/glassfish/hk2/hk2-locator/2.6.1/hk2-locator-2.6.1.jar:/home/runner/.m2/repository/org/glassfish/jersey/media/jersey-media-jaxb/2.33/jersey-media-jaxb-2.33.jar:/home/runner/.m2/repository/org/glassfish/hk2/osgi-resource-locator/1.0.3/osgi-resource-locator-1.0.3.jar:/home/runner/.m2/repository/org/glassfish/hk2/hk2-api/2.5.0/hk2-api-2.5.0.jar:/home/runner/.m2/repository/org/glassfish/hk2/hk2-utils/2.5.0/hk2-utils-2.5.0.jar:/home/runner/.m2/repository/org/glassfish/hk2/external/aopalliance-repackaged/2.5.0/aopalliance-repackaged-2.5.0.jar:/home/runner/.m2/repository/com/fasterxml/jackson/dataformat/jackson-dataformat-xml/2.12.1/jackson-dataformat-xml-2.12.1.jar:/home/runner/.m2/repository/com/fasterxml/jackson/core/jackson-core/2.12.1/jackson-core-2.12.1.jar:/home/runner/.m2/repository/com/fasterxml/jackson/module/jackson-module-jaxb-annotations/2.12.1/jackson-module-jaxb-annotations-2.12.1.jar:/home/runner/.m2/repository/jakarta/xml/bind/jakarta.xml.bind-api/2.3.2/jakarta.xml.bind-api-2.3.2.jar:/home/runner/.m2/repository/org/codehaus/woodstox/stax2-api/3.1.4/stax2-api-3.1.4.jar:/home/runner/.m2/repository/com/fasterxml/woodstox/woodstox-core/5.0.3/woodstox-core-5.0.3.jar:/home/runner/.m2/repository/javax/enterprise/cdi-api/1.2/cdi-api-1.2.jar:/home/runner/.m2/repository/javax/el/javax.el-api/3.0.0/javax.el-api-3.0.0.jar:/home/runner/.m2/repository/javax/interceptor/javax.interceptor-api/1.2/javax.interceptor-api-1.2.jar:/home/runner/.m2/repository/javax/inject/javax.inject/1/javax.inject-1.jar:/home/runner/.m2/repository/javax/xml/bind/jaxb-api/2.3.0/jaxb-api-2.3.0.jar:/home/runner/.m2/repository/org/glassfish/jaxb/jaxb-runtime/2.3.0.1/jaxb-runtime-2.3.0.1.jar:/home/runner/.m2/repository/org/glassfish/jaxb/jaxb-core/2.3.0.1/jaxb-core-2.3.0.1.jar:/home/runner/.m2/repository/org/glassfish/jaxb/txw2/2.3.0.1/txw2-2.3.0.1.jar:/home/runner/.m2/repository/com/sun/istack/istack-commons-runtime/3.0.5/istack-commons-runtime-3.0.5.jar:/home/runner/.m2/repository/org/jvnet/staxex/stax-ex/1.7.8/stax-ex-1.7.8.jar:/home/runner/.m2/repository/com/sun/xml/fastinfoset/FastInfoset/1.2.13/FastInfoset-1.2.13.jar:/home/runner/.m2/repository/javax/activation/activation/1.1.1/activation-1.1.1.jar:/home/runner/.m2/repository/org/apache/ozone/ozone-csi/1.2.0-SNAPSHOT/ozone-csi-1.2.0-SNAPSHOT.jar:/home/runner/.m2/repository/com/google/protobuf/protobuf-java-util/3.12.0/protobuf-java-util-3.12.0.jar:/home/runner/.m2/repository/com/google/code/gson/gson/2.2.4/gson-2.2.4.jar:/home/runner/.m2/repository/org/apache/ozone/hdds-config/1.2.0-SNAPSHOT/hdds-config-1.2.0-SNAPSHOT.jar:/home/runner/.m2/repository/io/grpc/grpc-netty/1.33.0/grpc-netty-1.33.0.jar:/home/runner/.m2/repository/io/grpc/grpc-core/1.33.0/grpc-core-1.33.0.jar:/home/runner/.m2/repository/com/google/android/annotations/4.1.1.4/annotations-4.1.1.4.jar:/home/runner/.m2/repository/io/netty/netty-codec-http2/4.1.63.Final/netty-codec-http2-4.1.63.Final.jar:/home/runner/.m2/repository/io/netty/netty-codec-http/4.1.63.Final/netty-codec-http-4.1.63.Final.jar:/home/runner/.m2/repository/io/netty/netty-handler-proxy/4.1.63.Final/netty-handler-proxy-4.1.63.Final.jar:/home/runner/.m2/repository/io/netty/netty-codec-socks/4.1.63.Final/netty-codec-socks-4.1.63.Final.jar:/home/runner/.m2/repository/io/perfmark/perfmark-api/0.19.0/perfmark-api-0.19.0.jar:/home/runner/.m2/repository/org/codehaus/mojo/animal-sniffer-annotations/1.18/animal-sniffer-annotations-1.18.jar:/home/runner/.m2/repository/io/netty/netty-transport-native-epoll/4.1.63.Final/netty-transport-native-epoll-4.1.63.Final.jar:/home/runner/.m2/repository/io/netty/netty-common/4.1.63.Final/netty-common-4.1.63.Final.jar:/home/runner/.m2/repository/io/netty/netty-buffer/4.1.63.Final/netty-buffer-4.1.63.Final.jar:/home/runner/.m2/repository/io/netty/netty-transport-native-unix-common/4.1.63.Final/netty-transport-native-unix-common-4.1.63.Final.jar:/home/runner/.m2/repository/io/grpc/grpc-protobuf/1.33.0/grpc-protobuf-1.33.0.jar:/home/runner/.m2/repository/io/grpc/grpc-api/1.33.0/grpc-api-1.33.0.jar:/home/runner/.m2/repository/io/grpc/grpc-context/1.33.0/grpc-context-1.33.0.jar:/home/runner/.m2/repository/com/google/api/grpc/proto-google-common-protos/1.17.0/proto-google-common-protos-1.17.0.jar:/home/runner/.m2/repository/io/grpc/grpc-protobuf-lite/1.33.0/grpc-protobuf-lite-1.33.0.jar:/home/runner/.m2/repository/io/grpc/grpc-stub/1.33.0/grpc-stub-1.33.0.jar:/home/runner/.m2/repository/org/apache/ozone/ozone-recon/1.2.0-SNAPSHOT/ozone-recon-1.2.0-SNAPSHOT.jar:/home/runner/.m2/repository/org/apache/ozone/ozone-reconcodegen/1.2.0-SNAPSHOT/ozone-reconcodegen-1.2.0-SNAPSHOT.jar:/home/runner/.m2/repository/com/google/inject/extensions/guice-multibindings/4.0/guice-multibindings-4.0.jar:/home/runner/.m2/repository/com/google/inject/guice/4.0/guice-4.0.jar:/home/runner/.m2/repository/aopalliance/aopalliance/1.0/aopalliance-1.0.jar:/home/runner/.m2/repository/com/google/inject/extensions/guice-assistedinject/4.0/guice-assistedinject-4.0.jar:/home/runner/.m2/repository/com/google/inject/extensions/guice-servlet/4.0/guice-servlet-4.0.jar:/home/runner/.m2/repository/org/glassfish/jersey/containers/jersey-container-servlet/2.33/jersey-container-servlet-2.33.jar:/home/runner/.m2/repository/org/glassfish/hk2/guice-bridge/2.5.0/guice-bridge-2.5.0.jar:/home/runner/.m2/repository/org/glassfish/jersey/core/jersey-server/2.33/jersey-server-2.33.jar:/home/runner/.m2/repository/org/glassfish/jersey/core/jersey-client/2.33/jersey-client-2.33.jar:/home/runner/.m2/repository/jakarta/annotation/jakarta.annotation-api/1.3.5/jakarta.annotation-api-1.3.5.jar:/home/runner/.m2/repository/jakarta/validation/jakarta.validation-api/2.0.2/jakarta.validation-api-2.0.2.jar:/home/runner/.m2/repository/org/glassfish/jersey/media/jersey-media-json-jackson/2.33/jersey-media-json-jackson-2.33.jar:/home/runner/.m2/repository/org/glassfish/jersey/ext/jersey-entity-filtering/2.33/jersey-entity-filtering-2.33.jar:/home/runner/.m2/repository/org/jooq/jooq/3.11.10/jooq-3.11.10.jar:/home/runner/.m2/repository/org/jooq/jooq-meta/3.11.10/jooq-meta-3.11.10.jar:/home/runner/.m2/repository/org/jooq/jooq-codegen/3.11.10/jooq-codegen-3.11.10.jar:/home/runner/.m2/repository/com/jolbox/bonecp/0.8.0.RELEASE/bonecp-0.8.0.RELEASE.jar:/home/runner/.m2/repository/org/apache/derby/derby/10.14.2.0/derby-10.14.2.0.jar:/home/runner/.m2/repository/org/xerial/sqlite-jdbc/3.25.2/sqlite-jdbc-3.25.2.jar:/home/runner/.m2/repository/org/springframework/spring-jdbc/5.2.11.RELEASE/spring-jdbc-5.2.11.RELEASE.jar:/home/runner/.m2/repository/org/springframework/spring-beans/5.2.11.RELEASE/spring-beans-5.2.11.RELEASE.jar:/home/runner/.m2/repository/org/springframework/spring-core/5.2.11.RELEASE/spring-core-5.2.11.RELEASE.jar:/home/runner/.m2/repository/org/springframework/spring-jcl/5.2.11.RELEASE/spring-jcl-5.2.11.RELEASE.jar:/home/runner/.m2/repository/org/springframework/spring-tx/5.2.11.RELEASE/spring-tx-5.2.11.RELEASE.jar:/home/runner/.m2/repository/org/apache/ozone/ozone-client/1.2.0-SNAPSHOT/ozone-client-1.2.0-SNAPSHOT.jar:/home/runner/.m2/repository/org/apache/ozone/ozone-filesystem/1.2.0-SNAPSHOT/ozone-filesystem-1.2.0-SNAPSHOT.jar:/home/runner/.m2/repository/org/apache/ozone/ozone-filesystem-common/1.2.0-SNAPSHOT/ozone-filesystem-common-1.2.0-SNAPSHOT.jar:/home/runner/.m2/repository/org/apache/ozone/ozone-tools/1.2.0-SNAPSHOT/ozone-tools-1.2.0-SNAPSHOT.jar:/home/runner/.m2/repository/org/apache/ratis/ratis-tools/2.1.0-03f3b68-SNAPSHOT/ratis-tools-2.1.0-03f3b68-SNAPSHOT.jar:/home/runner/.m2/repository/com/amazonaws/aws-java-sdk-core/1.11.901/aws-java-sdk-core-1.11.901.jar:/home/runner/.m2/repository/org/apache/httpcomponents/httpclient/4.5.13/httpclient-4.5.13.jar:/home/runner/.m2/repository/org/apache/httpcomponents/httpcore/4.4.13/httpcore-4.4.13.jar:/home/runner/.m2/repository/software/amazon/ion/ion-java/1.0.2/ion-java-1.0.2.jar:/home/runner/.m2/repository/com/fasterxml/jackson/dataformat/jackson-dataformat-cbor/2.12.1/jackson-dataformat-cbor-2.12.1.jar:/home/runner/.m2/repository/joda-time/joda-time/2.8.1/joda-time-2.8.1.jar:/home/runner/.m2/repository/com/amazonaws/aws-java-sdk-s3/1.11.901/aws-java-sdk-s3-1.11.901.jar:/home/runner/.m2/repository/com/amazonaws/aws-java-sdk-kms/1.11.901/aws-java-sdk-kms-1.11.901.jar:/home/runner/.m2/repository/com/amazonaws/jmespath-java/1.11.901/jmespath-java-1.11.901.jar:/home/runner/.m2/repository/org/kohsuke/metainf-services/metainf-services/1.8/metainf-services-1.8.jar:/home/runner/.m2/repository/org/apache/ozone/hdds-tools/1.2.0-SNAPSHOT/hdds-tools-1.2.0-SNAPSHOT.jar:/home/runner/.m2/repository/commons-cli/commons-cli/1.2/commons-cli-1.2.jar:/home/runner/.m2/repository/org/apache/commons/commons-lang3/3.7/commons-lang3-3.7.jar:/home/runner/.m2/repository/org/apache/ozone/ozone-manager/1.2.0-SNAPSHOT/ozone-manager-1.2.0-SNAPSHOT-tests.jar:/home/runner/.m2/repository/org/apache/ozone/hdds-common/1.2.0-SNAPSHOT/hdds-common-1.2.0-SNAPSHOT-tests.jar:/home/runner/.m2/repository/org/apache/ozone/hdds-hadoop-dependency-client/1.2.0-SNAPSHOT/hdds-hadoop-dependency-client-1.2.0-SNAPSHOT.jar:/home/runner/.m2/repository/info/picocli/picocli/4.6.1/picocli-4.6.1.jar:/home/runner/.m2/repository/com/fasterxml/jackson/core/jackson-annotations/2.12.1/jackson-annotations-2.12.1.jar:/home/runner/.m2/repository/javax/annotation/javax.annotation-api/1.2/javax.annotation-api-1.2.jar:/home/runner/.m2/repository/org/apache/ratis/ratis-server/2.1.0-03f3b68-SNAPSHOT/ratis-server-2.1.0-03f3b68-SNAPSHOT.jar:/home/runner/.m2/repository/org/apache/ratis/ratis-client/2.1.0-03f3b68-SNAPSHOT/ratis-client-2.1.0-03f3b68-SNAPSHOT.jar:/home/runner/.m2/repository/org/apache/ratis/ratis-server-api/2.1.0-03f3b68-SNAPSHOT/ratis-server-api-2.1.0-03f3b68-SNAPSHOT.jar:/home/runner/.m2/repository/org/apache/ratis/ratis-metrics/2.1.0-03f3b68-SNAPSHOT/ratis-metrics-2.1.0-03f3b68-SNAPSHOT.jar:/home/runner/.m2/repository/org/apache/ratis/ratis-netty/2.1.0-03f3b68-SNAPSHOT/ratis-netty-2.1.0-03f3b68-SNAPSHOT.jar:/home/runner/.m2/repository/org/apache/ratis/ratis-grpc/2.1.0-03f3b68-SNAPSHOT/ratis-grpc-2.1.0-03f3b68-SNAPSHOT.jar:/home/runner/.m2/repository/org/apache/logging/log4j/log4j-api/2.13.3/log4j-api-2.13.3.jar:/home/runner/.m2/repository/org/apache/logging/log4j/log4j-core/2.13.3/log4j-core-2.13.3.jar:/home/runner/.m2/repository/com/lmax/disruptor/3.4.2/disruptor-3.4.2.jar:/home/runner/.m2/repository/org/apache/commons/commons-pool2/2.6.0/commons-pool2-2.6.0.jar:/home/runner/.m2/repository/org/bouncycastle/bcpkix-jdk15on/1.67/bcpkix-jdk15on-1.67.jar:/home/runner/.m2/repository/commons-validator/commons-validator/1.6/commons-validator-1.6.jar:/home/runner/.m2/repository/commons-beanutils/commons-beanutils/1.9.4/commons-beanutils-1.9.4.jar:/home/runner/.m2/repository/commons-digester/commons-digester/1.8.1/commons-digester-1.8.1.jar:/home/runner/.m2/repository/commons-collections/commons-collections/3.2.2/commons-collections-3.2.2.jar:/home/runner/.m2/repository/io/jaegertracing/jaeger-client/1.6.0/jaeger-client-1.6.0.jar:/home/runner/.m2/repository/io/jaegertracing/jaeger-thrift/1.6.0/jaeger-thrift-1.6.0.jar:/home/runner/.m2/repository/org/apache/thrift/libthrift/0.14.1/libthrift-0.14.1.jar:/home/runner/.m2/repository/com/squareup/okhttp3/okhttp/4.9.0/okhttp-4.9.0.jar:/home/runner/.m2/repository/com/squareup/okio/okio/2.8.0/okio-2.8.0.jar:/home/runner/.m2/repository/io/jaegertracing/jaeger-core/1.6.0/jaeger-core-1.6.0.jar:/home/runner/.m2/repository/io/jaegertracing/jaeger-tracerresolver/1.6.0/jaeger-tracerresolver-1.6.0.jar:/home/runner/.m2/repository/io/opentracing/contrib/opentracing-tracerresolver/0.1.8/opentracing-tracerresolver-0.1.8.jar:/home/runner/.m2/repository/org/jetbrains/kotlin/kotlin-stdlib/1.4.31/kotlin-stdlib-1.4.31.jar:/home/runner/.m2/repository/org/jetbrains/kotlin/kotlin-stdlib-common/1.4.31/kotlin-stdlib-common-1.4.31.jar:/home/runner/.m2/repository/org/jetbrains/annotations/13.0/annotations-13.0.jar:/home/runner/.m2/repository/io/opentracing/opentracing-util/0.33.0/opentracing-util-0.33.0.jar:/home/runner/.m2/repository/io/opentracing/opentracing-api/0.33.0/opentracing-api-0.33.0.jar:/home/runner/.m2/repository/io/opentracing/opentracing-noop/0.33.0/opentracing-noop-0.33.0.jar:/home/runner/.m2/repository/org/yaml/snakeyaml/1.26/snakeyaml-1.26.jar:/home/runner/.m2/repository/org/apache/ozone/hdds-interface-admin/1.2.0-SNAPSHOT/hdds-interface-admin-1.2.0-SNAPSHOT.jar:/home/runner/.m2/repository/junit/junit/4.13.1/junit-4.13.1.jar:/home/runner/.m2/repository/org/hamcrest/hamcrest-core/1.3/hamcrest-core-1.3.jar:/home/runner/.m2/repository/org/junit/jupiter/junit-jupiter-api/5.7.0/junit-jupiter-api-5.7.0.jar:/home/runner/.m2/repository/org/apiguardian/apiguardian-api/1.1.0/apiguardian-api-1.1.0.jar:/home/runner/.m2/repository/org/opentest4j/opentest4j/1.2.0/opentest4j-1.2.0.jar:/home/runner/.m2/repository/org/junit/platform/junit-platform-commons/1.7.0/junit-platform-commons-1.7.0.jar:/home/runner/.m2/repository/org/junit/jupiter/junit-jupiter-engine/5.7.0/junit-jupiter-engine-5.7.0.jar:/home/runner/.m2/repository/org/junit/platform/junit-platform-engine/1.7.0/junit-platform-engine-1.7.0.jar:/home/runner/.m2/repository/org/junit/vintage/junit-vintage-engine/5.7.0/junit-vintage-engine-5.7.0.jar:/home/runner/.m2/repository/org/junit/platform/junit-platform-launcher/1.7.0/junit-platform-launcher-1.7.0.jar:/home/runner/.m2/repository/org/openjdk/jmh/jmh-core/1.19/jmh-core-1.19.jar:/home/runner/.m2/repository/net/sf/jopt-simple/jopt-simple/4.6/jopt-simple-4.6.jar:/home/runner/.m2/repository/org/apache/commons/commons-math3/3.1.1/commons-math3-3.1.1.jar:/home/runner/.m2/repository/org/openjdk/jmh/jmh-generator-annprocess/1.19/jmh-generator-annprocess-1.19.jar:/home/runner/.m2/repository/org/mockito/mockito-core/2.28.2/mockito-core-2.28.2.jar:/home/runner/.m2/repository/net/bytebuddy/byte-buddy/1.9.10/byte-buddy-1.9.10.jar:/home/runner/.m2/repository/net/bytebuddy/byte-buddy-agent/1.9.10/byte-buddy-agent-1.9.10.jar:/home/runner/.m2/repository/org/objenesis/objenesis/1.0/objenesis-1.0.jar:/home/runner/.m2/repository/org/apache/hadoop/hadoop-kms/3.3.1/hadoop-kms-3.3.1.jar:/home/runner/.m2/repository/org/apache/hadoop/hadoop-auth/3.3.1/hadoop-auth-3.3.1.jar:/home/runner/.m2/repository/com/nimbusds/nimbus-jose-jwt/7.9/nimbus-jose-jwt-7.9.jar:/home/runner/.m2/repository/com/github/stephenc/jcip/jcip-annotations/1.0-1/jcip-annotations-1.0-1.jar:/home/runner/.m2/repository/net/minidev/json-smart/2.3/json-smart-2.3.jar:/home/runner/.m2/repository/net/minidev/accessors-smart/1.2/accessors-smart-1.2.jar:/home/runner/.m2/repository/org/ow2/asm/asm/5.0.4/asm-5.0.4.jar:/home/runner/.m2/repository/org/apache/zookeeper/zookeeper/3.5.6/zookeeper-3.5.6.jar:/home/runner/.m2/repository/org/apache/zookeeper/zookeeper-jute/3.5.6/zookeeper-jute-3.5.6.jar:/home/runner/.m2/repository/org/apache/yetus/audience-annotations/0.5.0/audience-annotations-0.5.0.jar:/home/runner/.m2/repository/org/apache/curator/curator-framework/4.2.0/curator-framework-4.2.0.jar:/home/runner/.m2/repository/org/apache/hadoop/thirdparty/hadoop-shaded-guava/1.1.1/hadoop-shaded-guava-1.1.1.jar:/home/runner/.m2/repository/com/sun/jersey/jersey-core/1.19/jersey-core-1.19.jar:/home/runner/.m2/repository/javax/ws/rs/jsr311-api/1.1.1/jsr311-api-1.1.1.jar:/home/runner/.m2/repository/com/sun/jersey/jersey-server/1.19/jersey-server-1.19.jar:/home/runner/.m2/repository/javax/servlet/javax.servlet-api/3.1.0/javax.servlet-api-3.1.0.jar:/home/runner/.m2/repository/org/eclipse/jetty/jetty-server/9.4.43.v20210629/jetty-server-9.4.43.v20210629.jar:/home/runner/.m2/repository/org/eclipse/jetty/jetty-http/9.4.43.v20210629/jetty-http-9.4.43.v20210629.jar:/home/runner/.m2/repository/org/eclipse/jetty/jetty-io/9.4.43.v20210629/jetty-io-9.4.43.v20210629.jar:/home/runner/.m2/repository/org/eclipse/jetty/jetty-webapp/9.4.43.v20210629/jetty-webapp-9.4.43.v20210629.jar:/home/runner/.m2/repository/org/eclipse/jetty/jetty-xml/9.4.43.v20210629/jetty-xml-9.4.43.v20210629.jar:/home/runner/.m2/repository/org/apache/hadoop/hadoop-common/3.3.1/hadoop-common-3.3.1.jar:/home/runner/.m2/repository/commons-net/commons-net/3.6/commons-net-3.6.jar:/home/runner/.m2/repository/jakarta/activation/jakarta.activation-api/1.2.1/jakarta.activation-api-1.2.1.jar:/home/runner/.m2/repository/com/sun/jersey/jersey-servlet/1.19/jersey-servlet-1.19.jar:/home/runner/.m2/repository/com/sun/jersey/jersey-json/1.19/jersey-json-1.19.jar:/home/runner/.m2/repository/org/codehaus/jettison/jettison/1.1/jettison-1.1.jar:/home/runner/.m2/repository/com/sun/xml/bind/jaxb-impl/2.2.3-1/jaxb-impl-2.2.3-1.jar:/home/runner/.m2/repository/org/codehaus/jackson/jackson-jaxrs/1.9.2/jackson-jaxrs-1.9.2.jar:/home/runner/.m2/repository/org/codehaus/jackson/jackson-xc/1.9.2/jackson-xc-1.9.2.jar:/home/runner/.m2/repository/org/apache/commons/commons-configuration2/2.1.1/commons-configuration2-2.1.1.jar:/home/runner/.m2/repository/org/apache/commons/commons-text/1.4/commons-text-1.4.jar:/home/runner/.m2/repository/com/google/re2j/re2j/1.1/re2j-1.1.jar:/home/runner/.m2/repository/com/jcraft/jsch/0.1.54/jsch-0.1.54.jar:/home/runner/.m2/repository/org/apache/curator/curator-client/4.2.0/curator-client-4.2.0.jar:/home/runner/.m2/repository/org/apache/curator/curator-recipes/4.2.0/curator-recipes-4.2.0.jar:/home/runner/.m2/repository/org/apache/kerby/kerb-core/1.0.1/kerb-core-1.0.1.jar:/home/runner/.m2/repository/org/apache/kerby/kerby-pkix/1.0.1/kerby-pkix-1.0.1.jar:/home/runner/.m2/repository/org/apache/kerby/kerby-asn1/1.0.1/kerby-asn1-1.0.1.jar:/home/runner/.m2/repository/org/apache/kerby/kerby-util/1.0.1/kerby-util-1.0.1.jar:/home/runner/.m2/repository/dnsjava/dnsjava/2.1.7/dnsjava-2.1.7.jar:/home/runner/.m2/repository/org/xerial/snappy/snappy-java/1.1.8.2/snappy-java-1.1.8.2.jar:/home/runner/.m2/repository/org/slf4j/jul-to-slf4j/1.7.30/jul-to-slf4j-1.7.30.jar:/home/runner/.m2/repository/org/eclipse/jetty/jetty-util/9.4.43.v20210629/jetty-util-9.4.43.v20210629.jar:/home/runner/.m2/repository/com/fasterxml/jackson/core/jackson-databind/2.12.1/jackson-databind-2.12.1.jar:/home/runner/.m2/repository/org/apache/hadoop/hadoop-kms/3.3.1/hadoop-kms-3.3.1-tests.jar:/home/runner/.m2/repository/org/apache/ozone/hdds-server-scm/1.2.0-SNAPSHOT/hdds-server-scm-1.2.0-SNAPSHOT-tests.jar:/home/runner/.m2/repository/org/apache/ozone/hdds-container-service/1.2.0-SNAPSHOT/hdds-container-service-1.2.0-SNAPSHOT-tests.jar:/home/runner/.m2/repository/commons-codec/commons-codec/1.11/commons-codec-1.11.jar:/home/runner/.m2/repository/io/netty/netty-transport/4.1.63.Final/netty-transport-4.1.63.Final.jar:/home/runner/.m2/repository/io/netty/netty-resolver/4.1.63.Final/netty-resolver-4.1.63.Final.jar:/home/runner/.m2/repository/io/netty/netty-codec/4.1.63.Final/netty-codec-4.1.63.Final.jar:/home/runner/.m2/repository/io/netty/netty-handler/4.1.63.Final/netty-handler-4.1.63.Final.jar:/home/runner/.m2/repository/org/apache/ozone/hdds-hadoop-dependency-test/1.2.0-SNAPSHOT/hdds-hadoop-dependency-test-1.2.0-SNAPSHOT.jar:/home/runner/.m2/repository/org/apache/hadoop/hadoop-common/3.3.1/hadoop-common-3.3.1-tests.jar:/home/runner/.m2/repository/org/assertj/assertj-core/3.12.2/assertj-core-3.12.2.jar:/home/runner/.m2/repository/org/apache/hadoop/hadoop-hdfs/3.3.1/hadoop-hdfs-3.3.1-tests.jar:/home/runner/.m2/repository/org/eclipse/jetty/jetty-util-ajax/9.4.43.v20210629/jetty-util-ajax-9.4.43.v20210629.jar:/home/runner/.m2/repository/commons-daemon/commons-daemon/1.0.13/commons-daemon-1.0.13.jar:/home/runner/.m2/repository/io/netty/netty/3.10.6.Final/netty-3.10.6.Final.jar:/home/runner/.m2/repository/io/netty/netty-all/4.1.63.Final/netty-all-4.1.63.Final.jar:/home/runner/.m2/repository/org/apache/htrace/htrace-core4/4.1.0-incubating/htrace-core4-4.1.0-incubating.jar:/home/runner/.m2/repository/org/fusesource/leveldbjni/leveldbjni-all/1.8/leveldbjni-all-1.8.jar:/home/runner/.m2/repository/org/apache/hadoop/hadoop-distcp/3.3.1/hadoop-distcp-3.3.1.jar:/home/runner/.m2/repository/org/apache/hadoop/hadoop-mapreduce-client-jobclient/3.3.1/hadoop-mapreduce-client-jobclient-3.3.1.jar:/home/runner/.m2/repository/org/apache/hadoop/hadoop-mapreduce-client-common/3.3.1/hadoop-mapreduce-client-common-3.3.1.jar:/home/runner/.m2/repository/org/apache/hadoop/hadoop-yarn-common/3.3.1/hadoop-yarn-common-3.3.1.jar:/home/runner/.m2/repository/org/apache/hadoop/hadoop-yarn-api/3.3.1/hadoop-yarn-api-3.3.1.jar:/home/runner/.m2/repository/com/sun/jersey/jersey-client/1.19/jersey-client-1.19.jar:/home/runner/.m2/repository/com/sun/jersey/contribs/jersey-guice/1.19/jersey-guice-1.19.jar:/home/runner/.m2/repository/com/fasterxml/jackson/jaxrs/jackson-jaxrs-json-provider/2.12.1/jackson-jaxrs-json-provider-2.12.1.jar:/home/runner/.m2/repository/com/fasterxml/jackson/jaxrs/jackson-jaxrs-base/2.12.1/jackson-jaxrs-base-2.12.1.jar:/home/runner/.m2/repository/org/apache/hadoop/hadoop-yarn-client/3.3.1/hadoop-yarn-client-3.3.1.jar:/home/runner/.m2/repository/org/eclipse/jetty/websocket/websocket-client/9.4.40.v20210413/websocket-client-9.4.40.v20210413.jar:/home/runner/.m2/repository/org/eclipse/jetty/jetty-client/9.4.40.v20210413/jetty-client-9.4.40.v20210413.jar:/home/runner/.m2/repository/org/eclipse/jetty/websocket/websocket-common/9.4.40.v20210413/websocket-common-9.4.40.v20210413.jar:/home/runner/.m2/repository/org/eclipse/jetty/websocket/websocket-api/9.4.40.v20210413/websocket-api-9.4.40.v20210413.jar:/home/runner/.m2/repository/org/jline/jline/3.9.0/jline-3.9.0.jar:/home/runner/.m2/repository/org/apache/hadoop/hadoop-mapreduce-client-core/3.3.1/hadoop-mapreduce-client-core-3.3.1.jar:/home/runner/.m2/repository/org/apache/avro/avro/1.7.7/avro-1.7.7.jar:/home/runner/.m2/repository/org/codehaus/jackson/jackson-core-asl/1.9.13/jackson-core-asl-1.9.13.jar:/home/runner/.m2/repository/org/codehaus/jackson/jackson-mapper-asl/1.9.13/jackson-mapper-asl-1.9.13.jar:/home/runner/.m2/repository/com/thoughtworks/paranamer/paranamer/2.3/paranamer-2.3.jar:/home/runner/.m2/repository/org/apache/hadoop/hadoop-annotations/3.3.1/hadoop-annotations-3.3.1.jar:/usr/lib/jvm/adoptopenjdk-8-hotspot-amd64/jre/../lib/tools.jar:/home/runner/.m2/repository/org/apache/hadoop/hadoop-distcp/3.3.1/hadoop-distcp-3.3.1-tests.jar:/home/runner/.m2/repository/org/apache/ratis/ratis-common/2.1.0-03f3b68-SNAPSHOT/ratis-common-2.1.0-03f3b68-SNAPSHOT.jar:/home/runner/.m2/repository/org/apache/ratis/ratis-thirdparty-misc/0.7.0/ratis-thirdparty-misc-0.7.0.jar:/home/runner/.m2/repository/org/apache/ratis/ratis-proto/2.1.0-03f3b68-SNAPSHOT/ratis-proto-2.1.0-03f3b68-SNAPSHOT.jar:"/>
    <property name="java.vm.vendor" value="AdoptOpenJDK"/>
    <property name="sun.arch.data.model" value="64"/>
    <property name="test.build.dir" value="/home/runner/work/ozone/ozone/hadoop-ozone/integration-test/target/test-dir"/>
    <property name="test.cache.data" value=""/>
    <property name="java.vendor.url" value="https://adoptopenjdk.net/"/>
    <property name="user.timezone" value=""/>
    <property name="java.vm.specification.version" value="1.8"/>
    <property name="os.name" value="Linux"/>
    <property name="test.build.data" value="/home/runner/work/ozone/ozone/hadoop-ozone/integration-test/target/test-dir"/>
    <property name="sun.java.launcher" value="SUN_STANDARD"/>
    <property name="sun.boot.library.path" value="/usr/lib/jvm/adoptopenjdk-8-hotspot-amd64/jre/lib/amd64"/>
    <property name="sun.java.command" value="/home/runner/work/ozone/ozone/hadoop-ozone/integration-test/target/surefire/surefirebooter1329267728278205651.jar /home/runner/work/ozone/ozone/hadoop-ozone/integration-test/target/surefire 2021-09-08T00-55-10_029-jvmRun1 surefire4252007978801049825tmp surefire_84129969269838238581tmp"/>
    <property name="surefire.test.class.path" value="/home/runner/work/ozone/ozone/hadoop-ozone/integration-test/target/test-classes:/home/runner/work/ozone/ozone/hadoop-ozone/integration-test/target/classes:/home/runner/.m2/repository/org/apache/ozone/ozone-common/1.2.0-SNAPSHOT/ozone-common-1.2.0-SNAPSHOT.jar:/home/runner/.m2/repository/org/apache/commons/commons-compress/1.20/commons-compress-1.20.jar:/home/runner/.m2/repository/org/apache/ozone/hdds-common/1.2.0-SNAPSHOT/hdds-common-1.2.0-SNAPSHOT.jar:/home/runner/.m2/repository/org/apache/ozone/hdds-client/1.2.0-SNAPSHOT/hdds-client-1.2.0-SNAPSHOT.jar:/home/runner/.m2/repository/org/apache/ozone/ozone-interface-client/1.2.0-SNAPSHOT/ozone-interface-client-1.2.0-SNAPSHOT.jar:/home/runner/.m2/repository/org/apache/ozone/hdds-server-framework/1.2.0-SNAPSHOT/hdds-server-framework-1.2.0-SNAPSHOT.jar:/home/runner/.m2/repository/org/apache/ozone/hdds-interface-server/1.2.0-SNAPSHOT/hdds-interface-server-1.2.0-SNAPSHOT.jar:/home/runner/.m2/repository/org/eclipse/jetty/jetty-servlet/9.4.43.v20210629/jetty-servlet-9.4.43.v20210629.jar:/home/runner/.m2/repository/org/eclipse/jetty/jetty-security/9.4.43.v20210629/jetty-security-9.4.43.v20210629.jar:/home/runner/.m2/repository/org/rocksdb/rocksdbjni/6.20.3/rocksdbjni-6.20.3.jar:/home/runner/.m2/repository/io/prometheus/simpleclient_dropwizard/0.7.0/simpleclient_dropwizard-0.7.0.jar:/home/runner/.m2/repository/io/prometheus/simpleclient/0.7.0/simpleclient-0.7.0.jar:/home/runner/.m2/repository/io/prometheus/simpleclient_common/0.7.0/simpleclient_common-0.7.0.jar:/home/runner/.m2/repository/com/fasterxml/jackson/datatype/jackson-datatype-jsr310/2.12.1/jackson-datatype-jsr310-2.12.1.jar:/home/runner/.m2/repository/org/apache/ozone/hdds-test-utils/1.2.0-SNAPSHOT/hdds-test-utils-1.2.0-SNAPSHOT.jar:/home/runner/.m2/repository/com/google/guava/guava/30.1.1-jre/guava-30.1.1-jre.jar:/home/runner/.m2/repository/com/google/guava/failureaccess/1.0.1/failureaccess-1.0.1.jar:/home/runner/.m2/repository/com/google/guava/listenablefuture/9999.0-empty-to-avoid-conflict-with-guava/listenablefuture-9999.0-empty-to-avoid-conflict-with-guava.jar:/home/runner/.m2/repository/com/google/code/findbugs/jsr305/3.0.0/jsr305-3.0.0.jar:/home/runner/.m2/repository/org/checkerframework/checker-qual/3.8.0/checker-qual-3.8.0.jar:/home/runner/.m2/repository/com/google/errorprone/error_prone_annotations/2.2.0/error_prone_annotations-2.2.0.jar:/home/runner/.m2/repository/com/google/j2objc/j2objc-annotations/1.3/j2objc-annotations-1.3.jar:/home/runner/.m2/repository/commons-io/commons-io/2.8.0/commons-io-2.8.0.jar:/home/runner/.m2/repository/commons-logging/commons-logging/1.2/commons-logging-1.2.jar:/home/runner/.m2/repository/log4j/log4j/1.2.17/log4j-1.2.17.jar:/home/runner/.m2/repository/org/slf4j/slf4j-api/1.7.30/slf4j-api-1.7.30.jar:/home/runner/.m2/repository/org/apache/ozone/hdds-server-scm/1.2.0-SNAPSHOT/hdds-server-scm-1.2.0-SNAPSHOT.jar:/home/runner/.m2/repository/org/apache/ozone/hdds-container-service/1.2.0-SNAPSHOT/hdds-container-service-1.2.0-SNAPSHOT.jar:/home/runner/.m2/repository/org/apache/ozone/hdds-hadoop-dependency-server/1.2.0-SNAPSHOT/hdds-hadoop-dependency-server-1.2.0-SNAPSHOT.jar:/home/runner/.m2/repository/org/apache/hadoop/hadoop-hdfs/3.3.1/hadoop-hdfs-3.3.1.jar:/home/runner/.m2/repository/io/dropwizard/metrics/metrics-core/3.2.4/metrics-core-3.2.4.jar:/home/runner/.m2/repository/org/apache/hadoop/hadoop-hdfs-client/3.3.1/hadoop-hdfs-client-3.3.1.jar:/home/runner/.m2/repository/org/bouncycastle/bcprov-jdk15on/1.67/bcprov-jdk15on-1.67.jar:/home/runner/.m2/repository/com/google/protobuf/protobuf-java/2.5.0/protobuf-java-2.5.0.jar:/home/runner/.m2/repository/org/apache/ozone/ozone-manager/1.2.0-SNAPSHOT/ozone-manager-1.2.0-SNAPSHOT.jar:/home/runner/.m2/repository/org/aspectj/aspectjrt/1.8.9/aspectjrt-1.8.9.jar:/home/runner/.m2/repository/org/aspectj/aspectjweaver/1.8.9/aspectjweaver-1.8.9.jar:/home/runner/.m2/repository/org/apache/ozone/hdds-interface-client/1.2.0-SNAPSHOT/hdds-interface-client-1.2.0-SNAPSHOT.jar:/home/runner/.m2/repository/org/apache/hadoop/thirdparty/hadoop-shaded-protobuf_3_7/1.1.1/hadoop-shaded-protobuf_3_7-1.1.1.jar:/home/runner/.m2/repository/org/apache/ozone/ozone-interface-storage/1.2.0-SNAPSHOT/ozone-interface-storage-1.2.0-SNAPSHOT.jar:/home/runner/.m2/repository/org/reflections/reflections/0.9.11/reflections-0.9.11.jar:/home/runner/.m2/repository/org/apache/hadoop/hadoop-minikdc/3.3.1/hadoop-minikdc-3.3.1.jar:/home/runner/.m2/repository/org/apache/kerby/kerb-simplekdc/1.0.1/kerb-simplekdc-1.0.1.jar:/home/runner/.m2/repository/org/apache/kerby/kerb-client/1.0.1/kerb-client-1.0.1.jar:/home/runner/.m2/repository/org/apache/kerby/kerby-config/1.0.1/kerby-config-1.0.1.jar:/home/runner/.m2/repository/org/apache/kerby/kerb-common/1.0.1/kerb-common-1.0.1.jar:/home/runner/.m2/repository/org/apache/kerby/kerb-crypto/1.0.1/kerb-crypto-1.0.1.jar:/home/runner/.m2/repository/org/apache/kerby/kerb-util/1.0.1/kerb-util-1.0.1.jar:/home/runner/.m2/repository/org/apache/kerby/token-provider/1.0.1/token-provider-1.0.1.jar:/home/runner/.m2/repository/org/apache/kerby/kerb-admin/1.0.1/kerb-admin-1.0.1.jar:/home/runner/.m2/repository/org/apache/kerby/kerb-server/1.0.1/kerb-server-1.0.1.jar:/home/runner/.m2/repository/org/apache/kerby/kerb-identity/1.0.1/kerb-identity-1.0.1.jar:/home/runner/.m2/repository/org/apache/kerby/kerby-xdr/1.0.1/kerby-xdr-1.0.1.jar:/home/runner/.m2/repository/org/slf4j/slf4j-log4j12/1.7.30/slf4j-log4j12-1.7.30.jar:/home/runner/.m2/repository/org/apache/ozone/ozone-s3gateway/1.2.0-SNAPSHOT/ozone-s3gateway-1.2.0-SNAPSHOT.jar:/home/runner/.m2/repository/org/javassist/javassist/3.21.0-GA/javassist-3.21.0-GA.jar:/home/runner/.m2/repository/org/jboss/weld/servlet/weld-servlet/2.4.7.Final/weld-servlet-2.4.7.Final.jar:/home/runner/.m2/repository/org/glassfish/jersey/containers/jersey-container-servlet-core/2.33/jersey-container-servlet-core-2.33.jar:/home/runner/.m2/repository/org/glassfish/hk2/external/jakarta.inject/2.6.1/jakarta.inject-2.6.1.jar:/home/runner/.m2/repository/org/glassfish/jersey/core/jersey-common/2.33/jersey-common-2.33.jar:/home/runner/.m2/repository/jakarta/ws/rs/jakarta.ws.rs-api/2.1.6/jakarta.ws.rs-api-2.1.6.jar:/home/runner/.m2/repository/org/glassfish/jersey/ext/cdi/jersey-cdi1x/2.33/jersey-cdi1x-2.33.jar:/home/runner/.m2/repository/org/glassfish/jersey/inject/jersey-hk2/2.33/jersey-hk2-2.33.jar:/home/runner/.m2/repository/org/glassfish/hk2/hk2-locator/2.6.1/hk2-locator-2.6.1.jar:/home/runner/.m2/repository/org/glassfish/jersey/media/jersey-media-jaxb/2.33/jersey-media-jaxb-2.33.jar:/home/runner/.m2/repository/org/glassfish/hk2/osgi-resource-locator/1.0.3/osgi-resource-locator-1.0.3.jar:/home/runner/.m2/repository/org/glassfish/hk2/hk2-api/2.5.0/hk2-api-2.5.0.jar:/home/runner/.m2/repository/org/glassfish/hk2/hk2-utils/2.5.0/hk2-utils-2.5.0.jar:/home/runner/.m2/repository/org/glassfish/hk2/external/aopalliance-repackaged/2.5.0/aopalliance-repackaged-2.5.0.jar:/home/runner/.m2/repository/com/fasterxml/jackson/dataformat/jackson-dataformat-xml/2.12.1/jackson-dataformat-xml-2.12.1.jar:/home/runner/.m2/repository/com/fasterxml/jackson/core/jackson-core/2.12.1/jackson-core-2.12.1.jar:/home/runner/.m2/repository/com/fasterxml/jackson/module/jackson-module-jaxb-annotations/2.12.1/jackson-module-jaxb-annotations-2.12.1.jar:/home/runner/.m2/repository/jakarta/xml/bind/jakarta.xml.bind-api/2.3.2/jakarta.xml.bind-api-2.3.2.jar:/home/runner/.m2/repository/org/codehaus/woodstox/stax2-api/3.1.4/stax2-api-3.1.4.jar:/home/runner/.m2/repository/com/fasterxml/woodstox/woodstox-core/5.0.3/woodstox-core-5.0.3.jar:/home/runner/.m2/repository/javax/enterprise/cdi-api/1.2/cdi-api-1.2.jar:/home/runner/.m2/repository/javax/el/javax.el-api/3.0.0/javax.el-api-3.0.0.jar:/home/runner/.m2/repository/javax/interceptor/javax.interceptor-api/1.2/javax.interceptor-api-1.2.jar:/home/runner/.m2/repository/javax/inject/javax.inject/1/javax.inject-1.jar:/home/runner/.m2/repository/javax/xml/bind/jaxb-api/2.3.0/jaxb-api-2.3.0.jar:/home/runner/.m2/repository/org/glassfish/jaxb/jaxb-runtime/2.3.0.1/jaxb-runtime-2.3.0.1.jar:/home/runner/.m2/repository/org/glassfish/jaxb/jaxb-core/2.3.0.1/jaxb-core-2.3.0.1.jar:/home/runner/.m2/repository/org/glassfish/jaxb/txw2/2.3.0.1/txw2-2.3.0.1.jar:/home/runner/.m2/repository/com/sun/istack/istack-commons-runtime/3.0.5/istack-commons-runtime-3.0.5.jar:/home/runner/.m2/repository/org/jvnet/staxex/stax-ex/1.7.8/stax-ex-1.7.8.jar:/home/runner/.m2/repository/com/sun/xml/fastinfoset/FastInfoset/1.2.13/FastInfoset-1.2.13.jar:/home/runner/.m2/repository/javax/activation/activation/1.1.1/activation-1.1.1.jar:/home/runner/.m2/repository/org/apache/ozone/ozone-csi/1.2.0-SNAPSHOT/ozone-csi-1.2.0-SNAPSHOT.jar:/home/runner/.m2/repository/com/google/protobuf/protobuf-java-util/3.12.0/protobuf-java-util-3.12.0.jar:/home/runner/.m2/repository/com/google/code/gson/gson/2.2.4/gson-2.2.4.jar:/home/runner/.m2/repository/org/apache/ozone/hdds-config/1.2.0-SNAPSHOT/hdds-config-1.2.0-SNAPSHOT.jar:/home/runner/.m2/repository/io/grpc/grpc-netty/1.33.0/grpc-netty-1.33.0.jar:/home/runner/.m2/repository/io/grpc/grpc-core/1.33.0/grpc-core-1.33.0.jar:/home/runner/.m2/repository/com/google/android/annotations/4.1.1.4/annotations-4.1.1.4.jar:/home/runner/.m2/repository/io/netty/netty-codec-http2/4.1.63.Final/netty-codec-http2-4.1.63.Final.jar:/home/runner/.m2/repository/io/netty/netty-codec-http/4.1.63.Final/netty-codec-http-4.1.63.Final.jar:/home/runner/.m2/repository/io/netty/netty-handler-proxy/4.1.63.Final/netty-handler-proxy-4.1.63.Final.jar:/home/runner/.m2/repository/io/netty/netty-codec-socks/4.1.63.Final/netty-codec-socks-4.1.63.Final.jar:/home/runner/.m2/repository/io/perfmark/perfmark-api/0.19.0/perfmark-api-0.19.0.jar:/home/runner/.m2/repository/org/codehaus/mojo/animal-sniffer-annotations/1.18/animal-sniffer-annotations-1.18.jar:/home/runner/.m2/repository/io/netty/netty-transport-native-epoll/4.1.63.Final/netty-transport-native-epoll-4.1.63.Final.jar:/home/runner/.m2/repository/io/netty/netty-common/4.1.63.Final/netty-common-4.1.63.Final.jar:/home/runner/.m2/repository/io/netty/netty-buffer/4.1.63.Final/netty-buffer-4.1.63.Final.jar:/home/runner/.m2/repository/io/netty/netty-transport-native-unix-common/4.1.63.Final/netty-transport-native-unix-common-4.1.63.Final.jar:/home/runner/.m2/repository/io/grpc/grpc-protobuf/1.33.0/grpc-protobuf-1.33.0.jar:/home/runner/.m2/repository/io/grpc/grpc-api/1.33.0/grpc-api-1.33.0.jar:/home/runner/.m2/repository/io/grpc/grpc-context/1.33.0/grpc-context-1.33.0.jar:/home/runner/.m2/repository/com/google/api/grpc/proto-google-common-protos/1.17.0/proto-google-common-protos-1.17.0.jar:/home/runner/.m2/repository/io/grpc/grpc-protobuf-lite/1.33.0/grpc-protobuf-lite-1.33.0.jar:/home/runner/.m2/repository/io/grpc/grpc-stub/1.33.0/grpc-stub-1.33.0.jar:/home/runner/.m2/repository/org/apache/ozone/ozone-recon/1.2.0-SNAPSHOT/ozone-recon-1.2.0-SNAPSHOT.jar:/home/runner/.m2/repository/org/apache/ozone/ozone-reconcodegen/1.2.0-SNAPSHOT/ozone-reconcodegen-1.2.0-SNAPSHOT.jar:/home/runner/.m2/repository/com/google/inject/extensions/guice-multibindings/4.0/guice-multibindings-4.0.jar:/home/runner/.m2/repository/com/google/inject/guice/4.0/guice-4.0.jar:/home/runner/.m2/repository/aopalliance/aopalliance/1.0/aopalliance-1.0.jar:/home/runner/.m2/repository/com/google/inject/extensions/guice-assistedinject/4.0/guice-assistedinject-4.0.jar:/home/runner/.m2/repository/com/google/inject/extensions/guice-servlet/4.0/guice-servlet-4.0.jar:/home/runner/.m2/repository/org/glassfish/jersey/containers/jersey-container-servlet/2.33/jersey-container-servlet-2.33.jar:/home/runner/.m2/repository/org/glassfish/hk2/guice-bridge/2.5.0/guice-bridge-2.5.0.jar:/home/runner/.m2/repository/org/glassfish/jersey/core/jersey-server/2.33/jersey-server-2.33.jar:/home/runner/.m2/repository/org/glassfish/jersey/core/jersey-client/2.33/jersey-client-2.33.jar:/home/runner/.m2/repository/jakarta/annotation/jakarta.annotation-api/1.3.5/jakarta.annotation-api-1.3.5.jar:/home/runner/.m2/repository/jakarta/validation/jakarta.validation-api/2.0.2/jakarta.validation-api-2.0.2.jar:/home/runner/.m2/repository/org/glassfish/jersey/media/jersey-media-json-jackson/2.33/jersey-media-json-jackson-2.33.jar:/home/runner/.m2/repository/org/glassfish/jersey/ext/jersey-entity-filtering/2.33/jersey-entity-filtering-2.33.jar:/home/runner/.m2/repository/org/jooq/jooq/3.11.10/jooq-3.11.10.jar:/home/runner/.m2/repository/org/jooq/jooq-meta/3.11.10/jooq-meta-3.11.10.jar:/home/runner/.m2/repository/org/jooq/jooq-codegen/3.11.10/jooq-codegen-3.11.10.jar:/home/runner/.m2/repository/com/jolbox/bonecp/0.8.0.RELEASE/bonecp-0.8.0.RELEASE.jar:/home/runner/.m2/repository/org/apache/derby/derby/10.14.2.0/derby-10.14.2.0.jar:/home/runner/.m2/repository/org/xerial/sqlite-jdbc/3.25.2/sqlite-jdbc-3.25.2.jar:/home/runner/.m2/repository/org/springframework/spring-jdbc/5.2.11.RELEASE/spring-jdbc-5.2.11.RELEASE.jar:/home/runner/.m2/repository/org/springframework/spring-beans/5.2.11.RELEASE/spring-beans-5.2.11.RELEASE.jar:/home/runner/.m2/repository/org/springframework/spring-core/5.2.11.RELEASE/spring-core-5.2.11.RELEASE.jar:/home/runner/.m2/repository/org/springframework/spring-jcl/5.2.11.RELEASE/spring-jcl-5.2.11.RELEASE.jar:/home/runner/.m2/repository/org/springframework/spring-tx/5.2.11.RELEASE/spring-tx-5.2.11.RELEASE.jar:/home/runner/.m2/repository/org/apache/ozone/ozone-client/1.2.0-SNAPSHOT/ozone-client-1.2.0-SNAPSHOT.jar:/home/runner/.m2/repository/org/apache/ozone/ozone-filesystem/1.2.0-SNAPSHOT/ozone-filesystem-1.2.0-SNAPSHOT.jar:/home/runner/.m2/repository/org/apache/ozone/ozone-filesystem-common/1.2.0-SNAPSHOT/ozone-filesystem-common-1.2.0-SNAPSHOT.jar:/home/runner/.m2/repository/org/apache/ozone/ozone-tools/1.2.0-SNAPSHOT/ozone-tools-1.2.0-SNAPSHOT.jar:/home/runner/.m2/repository/org/apache/ratis/ratis-tools/2.1.0-03f3b68-SNAPSHOT/ratis-tools-2.1.0-03f3b68-SNAPSHOT.jar:/home/runner/.m2/repository/com/amazonaws/aws-java-sdk-core/1.11.901/aws-java-sdk-core-1.11.901.jar:/home/runner/.m2/repository/org/apache/httpcomponents/httpclient/4.5.13/httpclient-4.5.13.jar:/home/runner/.m2/repository/org/apache/httpcomponents/httpcore/4.4.13/httpcore-4.4.13.jar:/home/runner/.m2/repository/software/amazon/ion/ion-java/1.0.2/ion-java-1.0.2.jar:/home/runner/.m2/repository/com/fasterxml/jackson/dataformat/jackson-dataformat-cbor/2.12.1/jackson-dataformat-cbor-2.12.1.jar:/home/runner/.m2/repository/joda-time/joda-time/2.8.1/joda-time-2.8.1.jar:/home/runner/.m2/repository/com/amazonaws/aws-java-sdk-s3/1.11.901/aws-java-sdk-s3-1.11.901.jar:/home/runner/.m2/repository/com/amazonaws/aws-java-sdk-kms/1.11.901/aws-java-sdk-kms-1.11.901.jar:/home/runner/.m2/repository/com/amazonaws/jmespath-java/1.11.901/jmespath-java-1.11.901.jar:/home/runner/.m2/repository/org/kohsuke/metainf-services/metainf-services/1.8/metainf-services-1.8.jar:/home/runner/.m2/repository/org/apache/ozone/hdds-tools/1.2.0-SNAPSHOT/hdds-tools-1.2.0-SNAPSHOT.jar:/home/runner/.m2/repository/commons-cli/commons-cli/1.2/commons-cli-1.2.jar:/home/runner/.m2/repository/org/apache/commons/commons-lang3/3.7/commons-lang3-3.7.jar:/home/runner/.m2/repository/org/apache/ozone/ozone-manager/1.2.0-SNAPSHOT/ozone-manager-1.2.0-SNAPSHOT-tests.jar:/home/runner/.m2/repository/org/apache/ozone/hdds-common/1.2.0-SNAPSHOT/hdds-common-1.2.0-SNAPSHOT-tests.jar:/home/runner/.m2/repository/org/apache/ozone/hdds-hadoop-dependency-client/1.2.0-SNAPSHOT/hdds-hadoop-dependency-client-1.2.0-SNAPSHOT.jar:/home/runner/.m2/repository/info/picocli/picocli/4.6.1/picocli-4.6.1.jar:/home/runner/.m2/repository/com/fasterxml/jackson/core/jackson-annotations/2.12.1/jackson-annotations-2.12.1.jar:/home/runner/.m2/repository/javax/annotation/javax.annotation-api/1.2/javax.annotation-api-1.2.jar:/home/runner/.m2/repository/org/apache/ratis/ratis-server/2.1.0-03f3b68-SNAPSHOT/ratis-server-2.1.0-03f3b68-SNAPSHOT.jar:/home/runner/.m2/repository/org/apache/ratis/ratis-client/2.1.0-03f3b68-SNAPSHOT/ratis-client-2.1.0-03f3b68-SNAPSHOT.jar:/home/runner/.m2/repository/org/apache/ratis/ratis-server-api/2.1.0-03f3b68-SNAPSHOT/ratis-server-api-2.1.0-03f3b68-SNAPSHOT.jar:/home/runner/.m2/repository/org/apache/ratis/ratis-metrics/2.1.0-03f3b68-SNAPSHOT/ratis-metrics-2.1.0-03f3b68-SNAPSHOT.jar:/home/runner/.m2/repository/org/apache/ratis/ratis-netty/2.1.0-03f3b68-SNAPSHOT/ratis-netty-2.1.0-03f3b68-SNAPSHOT.jar:/home/runner/.m2/repository/org/apache/ratis/ratis-grpc/2.1.0-03f3b68-SNAPSHOT/ratis-grpc-2.1.0-03f3b68-SNAPSHOT.jar:/home/runner/.m2/repository/org/apache/logging/log4j/log4j-api/2.13.3/log4j-api-2.13.3.jar:/home/runner/.m2/repository/org/apache/logging/log4j/log4j-core/2.13.3/log4j-core-2.13.3.jar:/home/runner/.m2/repository/com/lmax/disruptor/3.4.2/disruptor-3.4.2.jar:/home/runner/.m2/repository/org/apache/commons/commons-pool2/2.6.0/commons-pool2-2.6.0.jar:/home/runner/.m2/repository/org/bouncycastle/bcpkix-jdk15on/1.67/bcpkix-jdk15on-1.67.jar:/home/runner/.m2/repository/commons-validator/commons-validator/1.6/commons-validator-1.6.jar:/home/runner/.m2/repository/commons-beanutils/commons-beanutils/1.9.4/commons-beanutils-1.9.4.jar:/home/runner/.m2/repository/commons-digester/commons-digester/1.8.1/commons-digester-1.8.1.jar:/home/runner/.m2/repository/commons-collections/commons-collections/3.2.2/commons-collections-3.2.2.jar:/home/runner/.m2/repository/io/jaegertracing/jaeger-client/1.6.0/jaeger-client-1.6.0.jar:/home/runner/.m2/repository/io/jaegertracing/jaeger-thrift/1.6.0/jaeger-thrift-1.6.0.jar:/home/runner/.m2/repository/org/apache/thrift/libthrift/0.14.1/libthrift-0.14.1.jar:/home/runner/.m2/repository/com/squareup/okhttp3/okhttp/4.9.0/okhttp-4.9.0.jar:/home/runner/.m2/repository/com/squareup/okio/okio/2.8.0/okio-2.8.0.jar:/home/runner/.m2/repository/io/jaegertracing/jaeger-core/1.6.0/jaeger-core-1.6.0.jar:/home/runner/.m2/repository/io/jaegertracing/jaeger-tracerresolver/1.6.0/jaeger-tracerresolver-1.6.0.jar:/home/runner/.m2/repository/io/opentracing/contrib/opentracing-tracerresolver/0.1.8/opentracing-tracerresolver-0.1.8.jar:/home/runner/.m2/repository/org/jetbrains/kotlin/kotlin-stdlib/1.4.31/kotlin-stdlib-1.4.31.jar:/home/runner/.m2/repository/org/jetbrains/kotlin/kotlin-stdlib-common/1.4.31/kotlin-stdlib-common-1.4.31.jar:/home/runner/.m2/repository/org/jetbrains/annotations/13.0/annotations-13.0.jar:/home/runner/.m2/repository/io/opentracing/opentracing-util/0.33.0/opentracing-util-0.33.0.jar:/home/runner/.m2/repository/io/opentracing/opentracing-api/0.33.0/opentracing-api-0.33.0.jar:/home/runner/.m2/repository/io/opentracing/opentracing-noop/0.33.0/opentracing-noop-0.33.0.jar:/home/runner/.m2/repository/org/yaml/snakeyaml/1.26/snakeyaml-1.26.jar:/home/runner/.m2/repository/org/apache/ozone/hdds-interface-admin/1.2.0-SNAPSHOT/hdds-interface-admin-1.2.0-SNAPSHOT.jar:/home/runner/.m2/repository/junit/junit/4.13.1/junit-4.13.1.jar:/home/runner/.m2/repository/org/hamcrest/hamcrest-core/1.3/hamcrest-core-1.3.jar:/home/runner/.m2/repository/org/junit/jupiter/junit-jupiter-api/5.7.0/junit-jupiter-api-5.7.0.jar:/home/runner/.m2/repository/org/apiguardian/apiguardian-api/1.1.0/apiguardian-api-1.1.0.jar:/home/runner/.m2/repository/org/opentest4j/opentest4j/1.2.0/opentest4j-1.2.0.jar:/home/runner/.m2/repository/org/junit/platform/junit-platform-commons/1.7.0/junit-platform-commons-1.7.0.jar:/home/runner/.m2/repository/org/junit/jupiter/junit-jupiter-engine/5.7.0/junit-jupiter-engine-5.7.0.jar:/home/runner/.m2/repository/org/junit/platform/junit-platform-engine/1.7.0/junit-platform-engine-1.7.0.jar:/home/runner/.m2/repository/org/junit/vintage/junit-vintage-engine/5.7.0/junit-vintage-engine-5.7.0.jar:/home/runner/.m2/repository/org/junit/platform/junit-platform-launcher/1.7.0/junit-platform-launcher-1.7.0.jar:/home/runner/.m2/repository/org/openjdk/jmh/jmh-core/1.19/jmh-core-1.19.jar:/home/runner/.m2/repository/net/sf/jopt-simple/jopt-simple/4.6/jopt-simple-4.6.jar:/home/runner/.m2/repository/org/apache/commons/commons-math3/3.1.1/commons-math3-3.1.1.jar:/home/runner/.m2/repository/org/openjdk/jmh/jmh-generator-annprocess/1.19/jmh-generator-annprocess-1.19.jar:/home/runner/.m2/repository/org/mockito/mockito-core/2.28.2/mockito-core-2.28.2.jar:/home/runner/.m2/repository/net/bytebuddy/byte-buddy/1.9.10/byte-buddy-1.9.10.jar:/home/runner/.m2/repository/net/bytebuddy/byte-buddy-agent/1.9.10/byte-buddy-agent-1.9.10.jar:/home/runner/.m2/repository/org/objenesis/objenesis/1.0/objenesis-1.0.jar:/home/runner/.m2/repository/org/apache/hadoop/hadoop-kms/3.3.1/hadoop-kms-3.3.1.jar:/home/runner/.m2/repository/org/apache/hadoop/hadoop-auth/3.3.1/hadoop-auth-3.3.1.jar:/home/runner/.m2/repository/com/nimbusds/nimbus-jose-jwt/7.9/nimbus-jose-jwt-7.9.jar:/home/runner/.m2/repository/com/github/stephenc/jcip/jcip-annotations/1.0-1/jcip-annotations-1.0-1.jar:/home/runner/.m2/repository/net/minidev/json-smart/2.3/json-smart-2.3.jar:/home/runner/.m2/repository/net/minidev/accessors-smart/1.2/accessors-smart-1.2.jar:/home/runner/.m2/repository/org/ow2/asm/asm/5.0.4/asm-5.0.4.jar:/home/runner/.m2/repository/org/apache/zookeeper/zookeeper/3.5.6/zookeeper-3.5.6.jar:/home/runner/.m2/repository/org/apache/zookeeper/zookeeper-jute/3.5.6/zookeeper-jute-3.5.6.jar:/home/runner/.m2/repository/org/apache/yetus/audience-annotations/0.5.0/audience-annotations-0.5.0.jar:/home/runner/.m2/repository/org/apache/curator/curator-framework/4.2.0/curator-framework-4.2.0.jar:/home/runner/.m2/repository/org/apache/hadoop/thirdparty/hadoop-shaded-guava/1.1.1/hadoop-shaded-guava-1.1.1.jar:/home/runner/.m2/repository/com/sun/jersey/jersey-core/1.19/jersey-core-1.19.jar:/home/runner/.m2/repository/javax/ws/rs/jsr311-api/1.1.1/jsr311-api-1.1.1.jar:/home/runner/.m2/repository/com/sun/jersey/jersey-server/1.19/jersey-server-1.19.jar:/home/runner/.m2/repository/javax/servlet/javax.servlet-api/3.1.0/javax.servlet-api-3.1.0.jar:/home/runner/.m2/repository/org/eclipse/jetty/jetty-server/9.4.43.v20210629/jetty-server-9.4.43.v20210629.jar:/home/runner/.m2/repository/org/eclipse/jetty/jetty-http/9.4.43.v20210629/jetty-http-9.4.43.v20210629.jar:/home/runner/.m2/repository/org/eclipse/jetty/jetty-io/9.4.43.v20210629/jetty-io-9.4.43.v20210629.jar:/home/runner/.m2/repository/org/eclipse/jetty/jetty-webapp/9.4.43.v20210629/jetty-webapp-9.4.43.v20210629.jar:/home/runner/.m2/repository/org/eclipse/jetty/jetty-xml/9.4.43.v20210629/jetty-xml-9.4.43.v20210629.jar:/home/runner/.m2/repository/org/apache/hadoop/hadoop-common/3.3.1/hadoop-common-3.3.1.jar:/home/runner/.m2/repository/commons-net/commons-net/3.6/commons-net-3.6.jar:/home/runner/.m2/repository/jakarta/activation/jakarta.activation-api/1.2.1/jakarta.activation-api-1.2.1.jar:/home/runner/.m2/repository/com/sun/jersey/jersey-servlet/1.19/jersey-servlet-1.19.jar:/home/runner/.m2/repository/com/sun/jersey/jersey-json/1.19/jersey-json-1.19.jar:/home/runner/.m2/repository/org/codehaus/jettison/jettison/1.1/jettison-1.1.jar:/home/runner/.m2/repository/com/sun/xml/bind/jaxb-impl/2.2.3-1/jaxb-impl-2.2.3-1.jar:/home/runner/.m2/repository/org/codehaus/jackson/jackson-jaxrs/1.9.2/jackson-jaxrs-1.9.2.jar:/home/runner/.m2/repository/org/codehaus/jackson/jackson-xc/1.9.2/jackson-xc-1.9.2.jar:/home/runner/.m2/repository/org/apache/commons/commons-configuration2/2.1.1/commons-configuration2-2.1.1.jar:/home/runner/.m2/repository/org/apache/commons/commons-text/1.4/commons-text-1.4.jar:/home/runner/.m2/repository/com/google/re2j/re2j/1.1/re2j-1.1.jar:/home/runner/.m2/repository/com/jcraft/jsch/0.1.54/jsch-0.1.54.jar:/home/runner/.m2/repository/org/apache/curator/curator-client/4.2.0/curator-client-4.2.0.jar:/home/runner/.m2/repository/org/apache/curator/curator-recipes/4.2.0/curator-recipes-4.2.0.jar:/home/runner/.m2/repository/org/apache/kerby/kerb-core/1.0.1/kerb-core-1.0.1.jar:/home/runner/.m2/repository/org/apache/kerby/kerby-pkix/1.0.1/kerby-pkix-1.0.1.jar:/home/runner/.m2/repository/org/apache/kerby/kerby-asn1/1.0.1/kerby-asn1-1.0.1.jar:/home/runner/.m2/repository/org/apache/kerby/kerby-util/1.0.1/kerby-util-1.0.1.jar:/home/runner/.m2/repository/dnsjava/dnsjava/2.1.7/dnsjava-2.1.7.jar:/home/runner/.m2/repository/org/xerial/snappy/snappy-java/1.1.8.2/snappy-java-1.1.8.2.jar:/home/runner/.m2/repository/org/slf4j/jul-to-slf4j/1.7.30/jul-to-slf4j-1.7.30.jar:/home/runner/.m2/repository/org/eclipse/jetty/jetty-util/9.4.43.v20210629/jetty-util-9.4.43.v20210629.jar:/home/runner/.m2/repository/com/fasterxml/jackson/core/jackson-databind/2.12.1/jackson-databind-2.12.1.jar:/home/runner/.m2/repository/org/apache/hadoop/hadoop-kms/3.3.1/hadoop-kms-3.3.1-tests.jar:/home/runner/.m2/repository/org/apache/ozone/hdds-server-scm/1.2.0-SNAPSHOT/hdds-server-scm-1.2.0-SNAPSHOT-tests.jar:/home/runner/.m2/repository/org/apache/ozone/hdds-container-service/1.2.0-SNAPSHOT/hdds-container-service-1.2.0-SNAPSHOT-tests.jar:/home/runner/.m2/repository/commons-codec/commons-codec/1.11/commons-codec-1.11.jar:/home/runner/.m2/repository/io/netty/netty-transport/4.1.63.Final/netty-transport-4.1.63.Final.jar:/home/runner/.m2/repository/io/netty/netty-resolver/4.1.63.Final/netty-resolver-4.1.63.Final.jar:/home/runner/.m2/repository/io/netty/netty-codec/4.1.63.Final/netty-codec-4.1.63.Final.jar:/home/runner/.m2/repository/io/netty/netty-handler/4.1.63.Final/netty-handler-4.1.63.Final.jar:/home/runner/.m2/repository/org/apache/ozone/hdds-hadoop-dependency-test/1.2.0-SNAPSHOT/hdds-hadoop-dependency-test-1.2.0-SNAPSHOT.jar:/home/runner/.m2/repository/org/apache/hadoop/hadoop-common/3.3.1/hadoop-common-3.3.1-tests.jar:/home/runner/.m2/repository/org/assertj/assertj-core/3.12.2/assertj-core-3.12.2.jar:/home/runner/.m2/repository/org/apache/hadoop/hadoop-hdfs/3.3.1/hadoop-hdfs-3.3.1-tests.jar:/home/runner/.m2/repository/org/eclipse/jetty/jetty-util-ajax/9.4.43.v20210629/jetty-util-ajax-9.4.43.v20210629.jar:/home/runner/.m2/repository/commons-daemon/commons-daemon/1.0.13/commons-daemon-1.0.13.jar:/home/runner/.m2/repository/io/netty/netty/3.10.6.Final/netty-3.10.6.Final.jar:/home/runner/.m2/repository/io/netty/netty-all/4.1.63.Final/netty-all-4.1.63.Final.jar:/home/runner/.m2/repository/org/apache/htrace/htrace-core4/4.1.0-incubating/htrace-core4-4.1.0-incubating.jar:/home/runner/.m2/repository/org/fusesource/leveldbjni/leveldbjni-all/1.8/leveldbjni-all-1.8.jar:/home/runner/.m2/repository/org/apache/hadoop/hadoop-distcp/3.3.1/hadoop-distcp-3.3.1.jar:/home/runner/.m2/repository/org/apache/hadoop/hadoop-mapreduce-client-jobclient/3.3.1/hadoop-mapreduce-client-jobclient-3.3.1.jar:/home/runner/.m2/repository/org/apache/hadoop/hadoop-mapreduce-client-common/3.3.1/hadoop-mapreduce-client-common-3.3.1.jar:/home/runner/.m2/repository/org/apache/hadoop/hadoop-yarn-common/3.3.1/hadoop-yarn-common-3.3.1.jar:/home/runner/.m2/repository/org/apache/hadoop/hadoop-yarn-api/3.3.1/hadoop-yarn-api-3.3.1.jar:/home/runner/.m2/repository/com/sun/jersey/jersey-client/1.19/jersey-client-1.19.jar:/home/runner/.m2/repository/com/sun/jersey/contribs/jersey-guice/1.19/jersey-guice-1.19.jar:/home/runner/.m2/repository/com/fasterxml/jackson/jaxrs/jackson-jaxrs-json-provider/2.12.1/jackson-jaxrs-json-provider-2.12.1.jar:/home/runner/.m2/repository/com/fasterxml/jackson/jaxrs/jackson-jaxrs-base/2.12.1/jackson-jaxrs-base-2.12.1.jar:/home/runner/.m2/repository/org/apache/hadoop/hadoop-yarn-client/3.3.1/hadoop-yarn-client-3.3.1.jar:/home/runner/.m2/repository/org/eclipse/jetty/websocket/websocket-client/9.4.40.v20210413/websocket-client-9.4.40.v20210413.jar:/home/runner/.m2/repository/org/eclipse/jetty/jetty-client/9.4.40.v20210413/jetty-client-9.4.40.v20210413.jar:/home/runner/.m2/repository/org/eclipse/jetty/websocket/websocket-common/9.4.40.v20210413/websocket-common-9.4.40.v20210413.jar:/home/runner/.m2/repository/org/eclipse/jetty/websocket/websocket-api/9.4.40.v20210413/websocket-api-9.4.40.v20210413.jar:/home/runner/.m2/repository/org/jline/jline/3.9.0/jline-3.9.0.jar:/home/runner/.m2/repository/org/apache/hadoop/hadoop-mapreduce-client-core/3.3.1/hadoop-mapreduce-client-core-3.3.1.jar:/home/runner/.m2/repository/org/apache/avro/avro/1.7.7/avro-1.7.7.jar:/home/runner/.m2/repository/org/codehaus/jackson/jackson-core-asl/1.9.13/jackson-core-asl-1.9.13.jar:/home/runner/.m2/repository/org/codehaus/jackson/jackson-mapper-asl/1.9.13/jackson-mapper-asl-1.9.13.jar:/home/runner/.m2/repository/com/thoughtworks/paranamer/paranamer/2.3/paranamer-2.3.jar:/home/runner/.m2/repository/org/apache/hadoop/hadoop-annotations/3.3.1/hadoop-annotations-3.3.1.jar:/usr/lib/jvm/adoptopenjdk-8-hotspot-amd64/jre/../lib/tools.jar:/home/runner/.m2/repository/org/apache/hadoop/hadoop-distcp/3.3.1/hadoop-distcp-3.3.1-tests.jar:/home/runner/.m2/repository/org/apache/ratis/ratis-common/2.1.0-03f3b68-SNAPSHOT/ratis-common-2.1.0-03f3b68-SNAPSHOT.jar:/home/runner/.m2/repository/org/apache/ratis/ratis-thirdparty-misc/0.7.0/ratis-thirdparty-misc-0.7.0.jar:/home/runner/.m2/repository/org/apache/ratis/ratis-proto/2.1.0-03f3b68-SNAPSHOT/ratis-proto-2.1.0-03f3b68-SNAPSHOT.jar:"/>
    <property name="sun.cpu.endian" value="little"/>
    <property name="user.home" value="/home/runner"/>
    <property name="user.language" value="en"/>
    <property name="java.specification.vendor" value="Oracle Corporation"/>
    <property name="java.home" value="/usr/lib/jvm/adoptopenjdk-8-hotspot-amd64/jre"/>
    <property name="java.security.krb5.conf" value="/home/runner/work/ozone/ozone/hadoop-ozone/integration-test/target/test-classes/krb5.conf"/>
    <property name="basedir" value="/home/runner/work/ozone/ozone/hadoop-ozone/integration-test"/>
    <property name="file.separator" value="/"/>
    <property name="line.separator" value="&#10;"/>
    <property name="java.vm.specification.vendor" value="Oracle Corporation"/>
    <property name="java.specification.name" value="Java Platform API Specification"/>
    <property name="java.awt.graphicsenv" value="sun.awt.X11GraphicsEnvironment"/>
    <property name="skip.installnpx" value="true"/>
    <property name="surefire.real.class.path" value="/home/runner/work/ozone/ozone/hadoop-ozone/integration-test/target/surefire/surefirebooter1329267728278205651.jar:/home/runner/.m2/repository/org/jacoco/org.jacoco.agent/0.8.5/org.jacoco.agent-0.8.5-runtime.jar"/>
    <property name="hadoop.log.dir" value="/home/runner/work/ozone/ozone/hadoop-ozone/integration-test/target/log"/>
    <property name="sun.boot.class.path" value="/usr/lib/jvm/adoptopenjdk-8-hotspot-amd64/jre/lib/resources.jar:/usr/lib/jvm/adoptopenjdk-8-hotspot-amd64/jre/lib/rt.jar:/usr/lib/jvm/adoptopenjdk-8-hotspot-amd64/jre/lib/sunrsasign.jar:/usr/lib/jvm/adoptopenjdk-8-hotspot-amd64/jre/lib/jsse.jar:/usr/lib/jvm/adoptopenjdk-8-hotspot-amd64/jre/lib/jce.jar:/usr/lib/jvm/adoptopenjdk-8-hotspot-amd64/jre/lib/charsets.jar:/usr/lib/jvm/adoptopenjdk-8-hotspot-amd64/jre/lib/jfr.jar:/usr/lib/jvm/adoptopenjdk-8-hotspot-amd64/jre/classes"/>
    <property name="sun.management.compiler" value="HotSpot 64-Bit Tiered Compilers"/>
    <property name="skip.npx" value="true"/>
    <property name="java.runtime.version" value="1.8.0_292-b10"/>
    <property name="java.net.preferIPv4Stack" value="true"/>
    <property name="user.name" value="runner"/>
    <property name="path.separator" value=":"/>
    <property name="java.security.egd" value="file:///dev/urandom"/>
    <property name="os.version" value="5.4.0-1056-azure"/>
    <property name="java.endorsed.dirs" value="/usr/lib/jvm/adoptopenjdk-8-hotspot-amd64/jre/lib/endorsed"/>
    <property name="java.runtime.name" value="OpenJDK Runtime Environment"/>
    <property name="file.encoding" value="UTF-8"/>
    <property name="java.vm.name" value="OpenJDK 64-Bit Server VM"/>
    <property name="test.build.webapps" value=""/>
    <property name="localRepository" value="/home/runner/.m2/repository"/>
    <property name="java.vendor.url.bug" value="https://github.com/AdoptOpenJDK/openjdk-support/issues"/>
    <property name="java.io.tmpdir" value="/tmp"/>
    <property name="require.test.libhadoop" value=""/>
    <property name="java.version" value="1.8.0_292"/>
    <property name="user.dir" value="/home/runner/work/ozone/ozone/hadoop-ozone/integration-test"/>
    <property name="os.arch" value="amd64"/>
    <property name="java.vm.specification.name" value="Java Virtual Machine Specification"/>
    <property name="test.build.classes" value="/home/runner/work/ozone/ozone/hadoop-ozone/integration-test/target/test-classes"/>
    <property name="java.awt.printerjob" value="sun.print.PSPrinterJob"/>
    <property name="sun.os.patch.level" value="unknown"/>
    <property name="hadoop.tmp.dir" value="/home/runner/work/ozone/ozone/hadoop-ozone/integration-test/target/tmp"/>
    <property name="java.library.path" value="/usr/java/packages/lib/amd64:/usr/lib64:/lib64:/lib:/usr/lib"/>
    <property name="java.vm.info" value="mixed mode"/>
    <property name="java.vendor" value="AdoptOpenJDK"/>
    <property name="java.vm.version" value="25.292-b10"/>
    <property name="java.ext.dirs" value="/usr/lib/jvm/adoptopenjdk-8-hotspot-amd64/jre/lib/ext:/usr/java/packages/lib/ext"/>
    <property name="sun.io.unicode.encoding" value="UnicodeLittle"/>
    <property name="java.class.version" value="52.0"/>
  </properties>
  <testcase name="testWatchForCommitWithKeyWrite" classname="org.apache.hadoop.ozone.client.rpc.TestWatchForCommit" time="72.282">
    <failure message="expected:&lt;450&gt; but was:&lt;400&gt;" type="java.lang.AssertionError"><![CDATA[java.lang.AssertionError: expected:<450> but was:<400>
	at org.junit.Assert.fail(Assert.java:89)
	at org.junit.Assert.failNotEquals(Assert.java:835)
	at org.junit.Assert.assertEquals(Assert.java:647)
	at org.junit.Assert.assertEquals(Assert.java:633)
	at org.apache.hadoop.ozone.client.rpc.TestWatchForCommit.testWatchForCommitWithKeyWrite(TestWatchForCommit.java:192)
	at sun.reflect.NativeMethodAccessorImpl.invoke0(Native Method)
	at sun.reflect.NativeMethodAccessorImpl.invoke(NativeMethodAccessorImpl.java:62)
	at sun.reflect.DelegatingMethodAccessorImpl.invoke(DelegatingMethodAccessorImpl.java:43)
	at java.lang.reflect.Method.invoke(Method.java:498)
	at org.junit.runners.model.FrameworkMethod$1.runReflectiveCall(FrameworkMethod.java:59)
	at org.junit.internal.runners.model.ReflectiveCallable.run(ReflectiveCallable.java:12)
	at org.junit.runners.model.FrameworkMethod.invokeExplosively(FrameworkMethod.java:56)
	at org.junit.internal.runners.statements.InvokeMethod.evaluate(InvokeMethod.java:17)
	at org.junit.internal.runners.statements.RunBefores.evaluate(RunBefores.java:26)
	at org.junit.internal.runners.statements.RunAfters.evaluate(RunAfters.java:27)
	at org.junit.runners.ParentRunner$3.evaluate(ParentRunner.java:306)
	at org.junit.runners.BlockJUnit4ClassRunner$1.evaluate(BlockJUnit4ClassRunner.java:100)
	at org.junit.runners.ParentRunner.runLeaf(ParentRunner.java:366)
	at org.junit.runners.BlockJUnit4ClassRunner.runChild(BlockJUnit4ClassRunner.java:103)
	at org.junit.runners.BlockJUnit4ClassRunner.runChild(BlockJUnit4ClassRunner.java:63)
	at org.junit.runners.ParentRunner$4.run(ParentRunner.java:331)
	at org.junit.runners.ParentRunner$1.schedule(ParentRunner.java:79)
	at org.junit.runners.ParentRunner.runChildren(ParentRunner.java:329)
	at org.junit.runners.ParentRunner.access$100(ParentRunner.java:66)
	at org.junit.runners.ParentRunner$2.evaluate(ParentRunner.java:293)
	at org.junit.runners.ParentRunner$3.evaluate(ParentRunner.java:306)
	at org.junit.runners.ParentRunner.run(ParentRunner.java:413)
	at org.junit.runner.JUnitCore.run(JUnitCore.java:137)
	at org.junit.runner.JUnitCore.run(JUnitCore.java:115)
	at org.junit.vintage.engine.execution.RunnerExecutor.execute(RunnerExecutor.java:43)
	at java.util.stream.ForEachOps$ForEachOp$OfRef.accept(ForEachOps.java:183)
	at java.util.stream.ReferencePipeline$3$1.accept(ReferencePipeline.java:193)
	at java.util.Iterator.forEachRemaining(Iterator.java:116)
	at java.util.Spliterators$IteratorSpliterator.forEachRemaining(Spliterators.java:1801)
	at java.util.stream.AbstractPipeline.copyInto(AbstractPipeline.java:482)
	at java.util.stream.AbstractPipeline.wrapAndCopyInto(AbstractPipeline.java:472)
	at java.util.stream.ForEachOps$ForEachOp.evaluateSequential(ForEachOps.java:150)
	at java.util.stream.ForEachOps$ForEachOp$OfRef.evaluateSequential(ForEachOps.java:173)
	at java.util.stream.AbstractPipeline.evaluate(AbstractPipeline.java:234)
	at java.util.stream.ReferencePipeline.forEach(ReferencePipeline.java:485)
	at org.junit.vintage.engine.VintageTestEngine.executeAllChildren(VintageTestEngine.java:82)
	at org.junit.vintage.engine.VintageTestEngine.execute(VintageTestEngine.java:73)
	at org.junit.platform.launcher.core.EngineExecutionOrchestrator.execute(EngineExecutionOrchestrator.java:108)
	at org.junit.platform.launcher.core.EngineExecutionOrchestrator.execute(EngineExecutionOrchestrator.java:88)
	at org.junit.platform.launcher.core.EngineExecutionOrchestrator.lambda$execute$0(EngineExecutionOrchestrator.java:54)
	at org.junit.platform.launcher.core.EngineExecutionOrchestrator.withInterceptedStreams(EngineExecutionOrchestrator.java:67)
	at org.junit.platform.launcher.core.EngineExecutionOrchestrator.execute(EngineExecutionOrchestrator.java:52)
	at org.junit.platform.launcher.core.DefaultLauncher.execute(DefaultLauncher.java:96)
	at org.junit.platform.launcher.core.DefaultLauncher.execute(DefaultLauncher.java:75)
	at org.apache.maven.surefire.junitplatform.JUnitPlatformProvider.invokeAllTests(JUnitPlatformProvider.java:142)
	at org.apache.maven.surefire.junitplatform.JUnitPlatformProvider.invoke(JUnitPlatformProvider.java:113)
	at org.apache.maven.surefire.booter.ForkedBooter.invokeProviderInSameClassLoader(ForkedBooter.java:384)
	at org.apache.maven.surefire.booter.ForkedBooter.runSuitesInProcess(ForkedBooter.java:345)
	at org.apache.maven.surefire.booter.ForkedBooter.execute(ForkedBooter.java:126)
	at org.apache.maven.surefire.booter.ForkedBooter.main(ForkedBooter.java:418)
]]></failure>
    <system-out><![CDATA[2021-09-08 01:20:24,928 [main] WARN  server.ServerUtils (ServerUtils.java:getScmDbDir(148)) - ozone.scm.db.dirs is not configured. We recommend adding this setting. Falling back to ozone.metadata.dirs instead.
2021-09-08 01:20:25,009 [main] INFO  ha.SCMHANodeDetails (SCMHANodeDetails.java:loadSCMHAConfig(157)) - ServiceID for StorageContainerManager is null
2021-09-08 01:20:25,010 [main] INFO  ha.SCMHANodeDetails (SCMHANodeDetails.java:loadSCMHAConfig(162)) - ozone.scm.default.service.id is not defined, falling back to ozone.scm.service.ids to find serviceID for StorageContainerManager if it is HA enabled cluster
2021-09-08 01:20:25,120 [main] WARN  server.ServerUtils (ServerUtils.java:getScmDbDir(148)) - ozone.scm.db.dirs is not configured. We recommend adding this setting. Falling back to ozone.metadata.dirs instead.
2021-09-08 01:20:25,124 [main] INFO  upgrade.AbstractLayoutVersionManager (AbstractLayoutVersionManager.java:init(79)) - Initializing Layout version manager with metadata layout = SCM_HA (version = 2), software layout = SCM_HA (version = 2)
2021-09-08 01:20:25,391 [main] INFO  reflections.Reflections (Reflections.java:scan(232)) - Reflections took 168 ms to scan 7 urls, producing 119 keys and 275 values 
2021-09-08 01:20:26,028 [main] WARN  utils.HAUtils (HAUtils.java:getMetaDir(342)) - ozone.scm.db.dirs is not configured. We recommend adding this setting. Falling back to ozone.metadata.dirs instead.
2021-09-08 01:20:26,146 [main] WARN  db.DBStoreBuilder (DBStoreBuilder.java:applyDBDefinition(145)) - ozone.scm.db.dirs is not configured. We recommend adding this setting. Falling back to ozone.metadata.dirs instead.
2021-09-08 01:20:26,307 [main] INFO  net.NodeSchemaLoader (NodeSchemaLoader.java:loadSchemaFromFile(129)) - Loading schema from [jar:file:/home/runner/.m2/repository/org/apache/ozone/hdds-common/1.2.0-SNAPSHOT/hdds-common-1.2.0-SNAPSHOT.jar!/network-topology-default.xml]
2021-09-08 01:20:26,308 [main] INFO  net.NodeSchemaLoader (NodeSchemaLoader.java:loadSchema(176)) - Loading network topology layer schema file
2021-09-08 01:20:26,355 [main] INFO  metrics.MetricRegistries (MetricRegistriesLoader.java:load(64)) - Loaded MetricRegistries class org.apache.ratis.metrics.impl.MetricRegistriesImpl
2021-09-08 01:20:26,371 [main] INFO  ha.SequenceIdGenerator (SequenceIdGenerator.java:upgradeToSequenceId(327)) - upgrade localId to 107544261427200000
2021-09-08 01:20:26,371 [main] INFO  ha.SequenceIdGenerator (SequenceIdGenerator.java:upgradeToSequenceId(337)) - upgrade delTxnId to 0
2021-09-08 01:20:26,375 [main] INFO  ha.SequenceIdGenerator (SequenceIdGenerator.java:upgradeToSequenceId(351)) - upgrade containerId to 0
2021-09-08 01:20:26,381 [main] INFO  ha.SequenceIdGenerator (SequenceIdGenerator.java:<init>(217)) - Init the HA SequenceIdGenerator.
2021-09-08 01:20:26,425 [main] INFO  node.SCMNodeManager (SCMNodeManager.java:<init>(145)) - Entering startup safe mode.
2021-09-08 01:20:26,493 [main] INFO  algorithms.ContainerPlacementPolicyFactory (ContainerPlacementPolicyFactory.java:getPolicy(60)) - Create container placement policy of type org.apache.hadoop.hdds.scm.container.placement.algorithms.SCMContainerPlacementRandom
2021-09-08 01:20:26,503 [main] INFO  pipeline.PipelineStateManager (PipelineStateManagerV2Impl.java:initialize(78)) - No pipeline exists in current db
2021-09-08 01:20:26,545 [main] INFO  algorithms.LeaderChoosePolicyFactory (LeaderChoosePolicyFactory.java:getPolicy(57)) - Create leader choose policy of type org.apache.hadoop.hdds.scm.pipeline.leader.choose.algorithms.MinLeaderCountChoosePolicy
2021-09-08 01:20:26,555 [main] INFO  ha.SCMServiceManager (SCMServiceManager.java:register(43)) - Registering service BackgroundPipelineCreator.
2021-09-08 01:20:26,556 [main] INFO  pipeline.BackgroundPipelineCreator (BackgroundPipelineCreatorV2.java:start(130)) - Starting RatisPipelineUtilsThread.
2021-09-08 01:20:26,593 [main] INFO  algorithms.PipelineChoosePolicyFactory (PipelineChoosePolicyFactory.java:createPipelineChoosePolicyFromClass(73)) - Create pipeline choose policy of type org.apache.hadoop.hdds.scm.pipeline.choose.algorithms.RandomPipelineChoosePolicy
2021-09-08 01:20:26,613 [main] INFO  ha.SCMServiceManager (SCMServiceManager.java:register(43)) - Registering service SCMBlockDeletingService.
2021-09-08 01:20:26,642 [main] INFO  ha.SCMServiceManager (SCMServiceManager.java:register(43)) - Registering service ReplicationManager.
2021-09-08 01:20:26,645 [main] INFO  container.ReplicationManager (ReplicationManager.java:start(307)) - Starting Replication Monitor Thread.
2021-09-08 01:20:26,655 [ReplicationMonitor] INFO  container.ReplicationManager (ReplicationManager.java:processAll(359)) - Replication Monitor Thread took 0 milliseconds for processing 0 containers.
2021-09-08 01:20:26,659 [main] INFO  safemode.ContainerSafeModeRule (ContainerSafeModeRule.java:<init>(89)) - containers with one replica threshold count 0
2021-09-08 01:20:26,662 [main] INFO  safemode.HealthyPipelineSafeModeRule (HealthyPipelineSafeModeRule.java:initializeRule(156)) - Total pipeline count is 0, healthy pipeline threshold count is 1
2021-09-08 01:20:26,669 [main] INFO  safemode.OneReplicaPipelineSafeModeRule (OneReplicaPipelineSafeModeRule.java:initializeRule(180)) - Total pipeline count is 0, pipeline's with at least one datanode reported threshold count is 0
2021-09-08 01:20:27,043 [main] INFO  ipc.CallQueueManager (CallQueueManager.java:<init>(90)) - Using callQueue: class java.util.concurrent.LinkedBlockingQueue, queueCapacity: 2000, scheduler: class org.apache.hadoop.ipc.DefaultRpcScheduler, ipcBackoff: false.
2021-09-08 01:20:27,081 [Socket Reader #1 for port 0] INFO  ipc.Server (Server.java:run(1265)) - Starting Socket Reader #1 for port 0
2021-09-08 01:20:27,126 [Listener at 0.0.0.0/42521] INFO  ipc.CallQueueManager (CallQueueManager.java:<init>(90)) - Using callQueue: class java.util.concurrent.LinkedBlockingQueue, queueCapacity: 2000, scheduler: class org.apache.hadoop.ipc.DefaultRpcScheduler, ipcBackoff: false.
2021-09-08 01:20:27,128 [Socket Reader #1 for port 0] INFO  ipc.Server (Server.java:run(1265)) - Starting Socket Reader #1 for port 0
2021-09-08 01:20:27,149 [Listener at 0.0.0.0/42643] INFO  ipc.CallQueueManager (CallQueueManager.java:<init>(90)) - Using callQueue: class java.util.concurrent.LinkedBlockingQueue, queueCapacity: 2000, scheduler: class org.apache.hadoop.ipc.DefaultRpcScheduler, ipcBackoff: false.
2021-09-08 01:20:27,149 [Socket Reader #1 for port 0] INFO  ipc.Server (Server.java:run(1265)) - Starting Socket Reader #1 for port 0
2021-09-08 01:20:27,207 [Listener at 0.0.0.0/46101] INFO  algorithms.ContainerPlacementPolicyFactory (ContainerPlacementPolicyFactory.java:getPolicy(60)) - Create container placement policy of type org.apache.hadoop.hdds.scm.container.placement.algorithms.SCMContainerPlacementRandom
2021-09-08 01:20:27,213 [Listener at 0.0.0.0/46101] INFO  server.StorageContainerManager (StorageContainerManager.java:<init>(387)) - 
Container Balancer status:
Key                            Value
Running                        false
Container Balancer Configuration values:
Key                                                Value
Threshold                                          0.1
Max Datanodes to Involve per Iteration(ratio)      0.5
Max Size to Move per Iteration                     10737418240B

2021-09-08 01:20:27,215 [Listener at 0.0.0.0/46101] WARN  events.EventQueue (EventQueue.java:fireEvent(194)) - No event handler registered for event TypedEvent{payloadType=SafeModeStatus, name='Safe mode status'}
2021-09-08 01:20:27,215 [Listener at 0.0.0.0/46101] INFO  ha.SCMContext (SCMContext.java:updateSafeModeStatus(205)) - Update SafeModeStatus from SafeModeStatus{safeModeStatus=true, preCheckPassed=false} to SafeModeStatus{safeModeStatus=true, preCheckPassed=false}.
2021-09-08 01:20:27,219 [Listener at 0.0.0.0/46101] INFO  server.StorageContainerManager (StorageContainerManager.java:start(1256)) - StorageContainerLocationProtocol RPC server is listening at /0.0.0.0:46101
2021-09-08 01:20:27,286 [Listener at 0.0.0.0/46101] WARN  impl.MetricsConfig (MetricsConfig.java:loadFirst(136)) - Cannot locate configuration: tried hadoop-metrics2-storagecontainermanager.properties,hadoop-metrics2.properties
2021-09-08 01:20:27,302 [Listener at 0.0.0.0/46101] INFO  impl.MetricsSystemImpl (MetricsSystemImpl.java:startTimer(378)) - Scheduled Metric snapshot period at 10 second(s).
2021-09-08 01:20:27,302 [Listener at 0.0.0.0/46101] INFO  impl.MetricsSystemImpl (MetricsSystemImpl.java:start(191)) - StorageContainerManager metrics system started
2021-09-08 01:20:27,611 [Listener at 0.0.0.0/46101] INFO  server.SCMClientProtocolServer (SCMClientProtocolServer.java:start(164)) - RPC server for Client  is listening at /0.0.0.0:46101
2021-09-08 01:20:27,615 [IPC Server Responder] INFO  ipc.Server (Server.java:run(1507)) - IPC Server Responder: starting
2021-09-08 01:20:27,618 [IPC Server listener on 0] INFO  ipc.Server (Server.java:run(1344)) - IPC Server listener on 0: starting
2021-09-08 01:20:27,625 [Listener at 0.0.0.0/46101] INFO  server.StorageContainerManager (StorageContainerManager.java:start(1271)) - ScmBlockLocationProtocol RPC server is listening at /0.0.0.0:42643
2021-09-08 01:20:27,626 [Listener at 0.0.0.0/46101] INFO  server.SCMBlockProtocolServer (SCMBlockProtocolServer.java:start(151)) - RPC server for Block Protocol is listening at /0.0.0.0:42643
2021-09-08 01:20:27,626 [IPC Server Responder] INFO  ipc.Server (Server.java:run(1507)) - IPC Server Responder: starting
2021-09-08 01:20:27,626 [IPC Server listener on 0] INFO  ipc.Server (Server.java:run(1344)) - IPC Server listener on 0: starting
2021-09-08 01:20:27,630 [Listener at 0.0.0.0/46101] INFO  server.StorageContainerManager (StorageContainerManager.java:start(1277)) - ScmDatanodeProtocl RPC server is listening at /0.0.0.0:42521
2021-09-08 01:20:27,630 [Listener at 0.0.0.0/46101] INFO  server.SCMDatanodeProtocolServer (SCMDatanodeProtocolServer.java:start(181)) - RPC server for DataNodes is listening at /0.0.0.0:42521
2021-09-08 01:20:27,631 [IPC Server Responder] INFO  ipc.Server (Server.java:run(1507)) - IPC Server Responder: starting
2021-09-08 01:20:27,631 [IPC Server listener on 0] INFO  ipc.Server (Server.java:run(1344)) - IPC Server listener on 0: starting
2021-09-08 01:20:27,653 [org.apache.hadoop.util.JvmPauseMonitor$Monitor@2a5d2041] INFO  util.JvmPauseMonitor (JvmPauseMonitor.java:run(188)) - Starting JVM pause monitor
2021-09-08 01:20:27,661 [Listener at 0.0.0.0/46101] INFO  http.BaseHttpServer (BaseHttpServer.java:newHttpServer2BuilderForOzone(209)) - Starting Web-server for scm at: http://0.0.0.0:0
2021-09-08 01:20:27,662 [Listener at 0.0.0.0/46101] INFO  http.BaseHttpServer (BaseHttpServer.java:<init>(107)) - Hadoop Security Enabled: false Ozone Security Enabled: false Ozone HTTP Security Enabled: false 
2021-09-08 01:20:27,688 [Listener at 0.0.0.0/46101] INFO  util.log (Log.java:initialized(170)) - Logging initialized @4126ms to org.eclipse.jetty.util.log.Slf4jLog
2021-09-08 01:20:27,793 [Listener at 0.0.0.0/46101] INFO  server.AuthenticationFilter (AuthenticationFilter.java:constructSecretProvider(240)) - Unable to initialize FileSignerSecretProvider, falling back to use random secrets.
2021-09-08 01:20:27,798 [Listener at 0.0.0.0/46101] WARN  http.HttpRequestLog (HttpRequestLog.java:getRequestLog(103)) - Jetty request log can only be enabled using Log4j
2021-09-08 01:20:27,803 [Listener at 0.0.0.0/46101] INFO  http.HttpServer2 (HttpServer2.java:addGlobalFilter(1030)) - Added global filter 'safety' (class=org.apache.hadoop.hdds.server.http.HttpServer2$QuotingInputFilter)
2021-09-08 01:20:27,805 [Listener at 0.0.0.0/46101] INFO  http.HttpServer2 (HttpServer2.java:addFilter(1006)) - Added filter static_user_filter (class=org.apache.hadoop.http.lib.StaticUserWebFilter$StaticUserFilter) to context scm
2021-09-08 01:20:27,806 [Listener at 0.0.0.0/46101] INFO  http.HttpServer2 (HttpServer2.java:addFilter(1014)) - Added filter static_user_filter (class=org.apache.hadoop.http.lib.StaticUserWebFilter$StaticUserFilter) to context logs
2021-09-08 01:20:27,806 [Listener at 0.0.0.0/46101] INFO  http.HttpServer2 (HttpServer2.java:addFilter(1014)) - Added filter static_user_filter (class=org.apache.hadoop.http.lib.StaticUserWebFilter$StaticUserFilter) to context static
2021-09-08 01:20:27,842 [Listener at 0.0.0.0/46101] INFO  http.HttpServer2 (HttpServer2.java:bindListener(1249)) - Jetty bound to port 35881
2021-09-08 01:20:27,843 [Listener at 0.0.0.0/46101] INFO  server.Server (Server.java:doStart(375)) - jetty-9.4.43.v20210629; built: 2021-06-30T11:07:22.254Z; git: 526006ecfa3af7f1a27ef3a288e2bef7ea9dd7e8; jvm 1.8.0_292-b10
2021-09-08 01:20:27,878 [Listener at 0.0.0.0/46101] INFO  server.session (DefaultSessionIdManager.java:doStart(334)) - DefaultSessionIdManager workerName=node0
2021-09-08 01:20:27,879 [Listener at 0.0.0.0/46101] INFO  server.session (DefaultSessionIdManager.java:doStart(339)) - No SessionScavenger set, using defaults
2021-09-08 01:20:27,880 [Listener at 0.0.0.0/46101] INFO  server.session (HouseKeeper.java:startScavenging(132)) - node0 Scavenging every 660000ms
2021-09-08 01:20:27,893 [Listener at 0.0.0.0/46101] INFO  handler.ContextHandler (ContextHandler.java:doStart(915)) - Started o.e.j.s.ServletContextHandler@5444f1c3{logs,/logs,file:///home/runner/work/ozone/ozone/hadoop-ozone/integration-test/target/log,AVAILABLE}
2021-09-08 01:20:27,893 [Listener at 0.0.0.0/46101] INFO  handler.ContextHandler (ContextHandler.java:doStart(915)) - Started o.e.j.s.ServletContextHandler@389bc2d3{static,/static,file:///home/runner/work/ozone/ozone/hadoop-ozone/integration-test/target/test-classes/webapps/static,AVAILABLE}
2021-09-08 01:20:27,933 [Listener at 0.0.0.0/46101] INFO  handler.ContextHandler (ContextHandler.java:doStart(915)) - Started o.e.j.w.WebAppContext@49bc71b4{scm,/,file:///home/runner/work/ozone/ozone/hadoop-ozone/integration-test/target/test-classes/webapps/scm/,AVAILABLE}{file:/home/runner/work/ozone/ozone/hadoop-ozone/integration-test/target/test-classes/webapps/scm}
2021-09-08 01:20:27,942 [Listener at 0.0.0.0/46101] INFO  server.AbstractConnector (AbstractConnector.java:doStart(331)) - Started ServerConnector@6e617c0e{HTTP/1.1, (http/1.1)}{0.0.0.0:35881}
2021-09-08 01:20:27,942 [Listener at 0.0.0.0/46101] INFO  server.Server (Server.java:doStart(415)) - Started @4382ms
2021-09-08 01:20:27,944 [Listener at 0.0.0.0/46101] INFO  impl.MetricsSinkAdapter (MetricsSinkAdapter.java:start(204)) - Sink prometheus started
2021-09-08 01:20:27,944 [Listener at 0.0.0.0/46101] INFO  impl.MetricsSystemImpl (MetricsSystemImpl.java:registerSink(305)) - Registered sink prometheus
2021-09-08 01:20:27,946 [Listener at 0.0.0.0/46101] INFO  http.BaseHttpServer (BaseHttpServer.java:updateConnectorAddress(329)) - HTTP server of scm listening at http://0.0.0.0:35881
2021-09-08 01:20:27,947 [Listener at 0.0.0.0/46101] WARN  server.ServerUtils (ServerUtils.java:getDBPath(225)) - ozone.om.db.dirs is not configured. We recommend adding this setting. Falling back to ozone.metadata.dirs instead.
2021-09-08 01:20:28,057 [Listener at 0.0.0.0/46101] INFO  ha.OMHANodeDetails (OMHANodeDetails.java:loadOMHAConfig(112)) - ozone.om.internal.service.id is not defined, falling back to ozone.om.service.ids to find serviceID for OzoneManager if it is HA enabled cluster
2021-09-08 01:20:28,060 [Listener at 0.0.0.0/46101] INFO  ha.OMHANodeDetails (OMHANodeDetails.java:loadOMHAConfig(219)) - Configuration does not have ozone.om.address set. Falling back to the default OM address /127.0.0.1:0
2021-09-08 01:20:28,061 [Listener at 0.0.0.0/46101] INFO  ha.OMHANodeDetails (OMHANodeDetails.java:getOMNodeDetails(247)) - OM Service ID is not set. Setting it to the default ID: omServiceIdDefault
2021-09-08 01:20:28,061 [Listener at 0.0.0.0/46101] INFO  ha.OMHANodeDetails (OMHANodeDetails.java:getOMNodeDetails(254)) - OM Node ID is not set. Setting it to the default ID: om1
2021-09-08 01:20:28,064 [Listener at 0.0.0.0/46101] WARN  server.ServerUtils (ServerUtils.java:getDBPath(225)) - ozone.om.db.dirs is not configured. We recommend adding this setting. Falling back to ozone.metadata.dirs instead.
2021-09-08 01:20:28,066 [Listener at 0.0.0.0/46101] INFO  upgrade.AbstractLayoutVersionManager (AbstractLayoutVersionManager.java:init(79)) - Initializing Layout version manager with metadata layout = INITIAL_VERSION (version = 0), software layout = INITIAL_VERSION (version = 0)
2021-09-08 01:20:28,121 [Listener at 0.0.0.0/46101] INFO  reflections.Reflections (Reflections.java:scan(232)) - Reflections took 50 ms to scan 2 urls, producing 131 keys and 342 values [using 2 cores]
2021-09-08 01:20:28,125 [Listener at 0.0.0.0/46101] INFO  upgrade.OMLayoutVersionManager (OMLayoutVersionManager.java:lambda$0(115)) - Skipping Upgrade Action MockOmUpgradeAction since it has been finalized.
2021-09-08 01:20:28,126 [Listener at 0.0.0.0/46101] WARN  server.ServerUtils (ServerUtils.java:getDBPath(225)) - ozone.om.db.dirs is not configured. We recommend adding this setting. Falling back to ozone.metadata.dirs instead.
2021-09-08 01:20:28,536 [Listener at 0.0.0.0/46101] WARN  server.ServerUtils (ServerUtils.java:getDBPath(225)) - ozone.om.db.dirs is not configured. We recommend adding this setting. Falling back to ozone.metadata.dirs instead.
2021-09-08 01:20:28,543 [Listener at 0.0.0.0/46101] INFO  codec.OmKeyInfoCodec (OmKeyInfoCodec.java:<init>(51)) - OmKeyInfoCodec ignorePipeline = true
2021-09-08 01:20:28,544 [Listener at 0.0.0.0/46101] INFO  codec.RepeatedOmKeyInfoCodec (RepeatedOmKeyInfoCodec.java:<init>(42)) - RepeatedOmKeyInfoCodec ignorePipeline = true
2021-09-08 01:20:28,761 [Listener at 0.0.0.0/46101] INFO  om.OzoneManager (OzoneManager.java:addS3GVolumeToDB(4115)) - Created Volume s3v With Owner runner required for S3Gateway operations.
2021-09-08 01:20:28,830 [Listener at 0.0.0.0/46101] WARN  server.ServerUtils (ServerUtils.java:getDefaultRatisDirectory(237)) - Storage directory for Ratis is not configured. It is a good idea to map this to an SSD disk. Falling back to ozone.metadata.dirs
2021-09-08 01:20:28,831 [Listener at 0.0.0.0/46101] WARN  utils.OzoneManagerRatisUtils (OzoneManagerRatisUtils.java:getOMRatisSnapshotDirectory(391)) - ozone.om.ratis.snapshot.dir is not configured. Falling back to ozone.metadata.dirs config
2021-09-08 01:20:28,861 [Listener at 0.0.0.0/46101] WARN  server.ServerUtils (ServerUtils.java:getDefaultRatisDirectory(237)) - Storage directory for Ratis is not configured. It is a good idea to map this to an SSD disk. Falling back to ozone.metadata.dirs
2021-09-08 01:20:28,890 [Listener at 0.0.0.0/46101] INFO  ratis.OzoneManagerRatisServer (OzoneManagerRatisServer.java:<init>(158)) - Instantiating OM Ratis server with groupID: omServiceIdDefault and peers: localhost:9872
2021-09-08 01:20:28,899 [Listener at 0.0.0.0/46101] INFO  ratis.OzoneManagerStateMachine (OzoneManagerStateMachine.java:loadSnapshotInfoFromDB(605)) - LastAppliedIndex is set from TransactionInfo from OM DB as (t:0, i:~)
2021-09-08 01:20:28,931 [Listener at 0.0.0.0/46101] INFO  server.RaftServer (ConfUtils.java:logGet(44)) - raft.rpc.type = GRPC (default)
2021-09-08 01:20:29,013 [Listener at 0.0.0.0/46101] INFO  grpc.GrpcFactory (GrpcFactory.java:checkPooledByteBufAllocatorUseCacheForAllThreads(48)) - PERFORMANCE WARNING: useCacheForAllThreads is true that may cause Netty to create a lot garbage objects and, as a result, trigger GC.
	It is recommended to disable useCacheForAllThreads by setting -Dorg.apache.ratis.thirdparty.io.netty.allocator.useCacheForAllThreads=false in command line.
2021-09-08 01:20:29,018 [Listener at 0.0.0.0/46101] INFO  grpc.GrpcConfigKeys (ConfUtils.java:logGet(44)) - raft.grpc.admin.port = -1 (default)
2021-09-08 01:20:29,018 [Listener at 0.0.0.0/46101] INFO  grpc.GrpcConfigKeys (ConfUtils.java:logGet(44)) - raft.grpc.server.port = 9872 (custom)
2021-09-08 01:20:29,019 [Listener at 0.0.0.0/46101] INFO  grpc.GrpcConfigKeys (ConfUtils.java:logGet(44)) - raft.grpc.client.port = -1 (default)
2021-09-08 01:20:29,019 [Listener at 0.0.0.0/46101] INFO  grpc.GrpcConfigKeys (ConfUtils.java:logGet(44)) - raft.grpc.server.port = 9872 (custom)
2021-09-08 01:20:29,019 [Listener at 0.0.0.0/46101] INFO  grpc.GrpcConfigKeys (ConfUtils.java:logGet(44)) - raft.grpc.server.port = 9872 (custom)
2021-09-08 01:20:29,020 [Listener at 0.0.0.0/46101] INFO  server.GrpcService (ConfUtils.java:logGet(44)) - raft.grpc.message.size.max = 33554432 (custom)
2021-09-08 01:20:29,021 [Listener at 0.0.0.0/46101] INFO  server.RaftServerConfigKeys (ConfUtils.java:logGet(44)) - raft.server.log.appender.buffer.byte-limit = 33554432 (custom)
2021-09-08 01:20:29,022 [Listener at 0.0.0.0/46101] INFO  server.GrpcService (ConfUtils.java:logGet(44)) - raft.grpc.flow.control.window = 1MB (=1048576) (default)
2021-09-08 01:20:29,022 [Listener at 0.0.0.0/46101] INFO  server.RaftServerConfigKeys (ConfUtils.java:logGet(44)) - raft.server.rpc.request.timeout = 3000ms (default)
2021-09-08 01:20:29,313 [Listener at 0.0.0.0/46101] INFO  impl.DataStreamServerImpl (ConfUtils.java:logGet(44)) - raft.datastream.type = DISABLED (default)
2021-09-08 01:20:29,315 [Listener at 0.0.0.0/46101] INFO  server.RaftServerConfigKeys (ConfUtils.java:logGet(44)) - raft.server.rpc.slowness.timeout = 120s (custom)
2021-09-08 01:20:29,316 [Listener at 0.0.0.0/46101] INFO  server.RaftServerConfigKeys (ConfUtils.java:logGet(44)) - raft.server.leaderelection.leader.step-down.wait-time = 10s (default)
2021-09-08 01:20:29,332 [Listener at 0.0.0.0/46101] INFO  server.RaftServerConfigKeys (ConfUtils.java:logGet(44)) - raft.server.storage.dir = [/home/runner/work/ozone/ozone/hadoop-ozone/integration-test/target/test-dir/MiniOzoneClusterImpl-0f12cb01-4002-4394-a01c-5903f1f0237a/ozone-meta/ratis] (custom)
2021-09-08 01:20:29,338 [Listener at 0.0.0.0/46101] INFO  server.RaftServer (RaftServerProxy.java:addNew(95)) - om1: addNew group-C5BA1605619E:[om1|rpc:localhost:9872|priority:0] returns group-C5BA1605619E:java.util.concurrent.CompletableFuture@541b89ec[Not completed]
2021-09-08 01:20:29,338 [Listener at 0.0.0.0/46101] INFO  om.OzoneManager (OzoneManager.java:initializeRatisServer(1573)) - OzoneManager Ratis server initialized at port 9872
2021-09-08 01:20:29,359 [Listener at 0.0.0.0/46101] INFO  ipc.CallQueueManager (CallQueueManager.java:<init>(90)) - Using callQueue: class java.util.concurrent.LinkedBlockingQueue, queueCapacity: 2000, scheduler: class org.apache.hadoop.ipc.DefaultRpcScheduler, ipcBackoff: false.
2021-09-08 01:20:29,365 [pool-39-thread-1] INFO  server.RaftServer$Division (RaftServerImpl.java:<init>(181)) - om1: new RaftServerImpl for group-C5BA1605619E:[om1|rpc:localhost:9872|priority:0] with OzoneManagerStateMachine:uninitialized
2021-09-08 01:20:29,369 [pool-39-thread-1] INFO  server.RaftServerConfigKeys (ConfUtils.java:logGet(44)) - raft.server.rpc.timeout.min = 1s (custom)
2021-09-08 01:20:29,380 [pool-39-thread-1] INFO  server.RaftServerConfigKeys (ConfUtils.java:logGet(44)) - raft.server.rpc.timeout.max = 1200ms (custom)
2021-09-08 01:20:29,380 [pool-39-thread-1] INFO  server.RaftServerConfigKeys (ConfUtils.java:logGet(44)) - raft.server.rpc.sleep.time = 25ms (default)
2021-09-08 01:20:29,381 [pool-39-thread-1] INFO  server.RaftServerConfigKeys (ConfUtils.java:logGet(44)) - raft.server.rpc.slowness.timeout = 120s (custom)
2021-09-08 01:20:29,381 [pool-39-thread-1] INFO  server.RaftServerConfigKeys (ConfUtils.java:logGet(44)) - raft.server.leaderelection.leader.step-down.wait-time = 10s (default)
2021-09-08 01:20:29,381 [pool-39-thread-1] INFO  server.RaftServerConfigKeys (ConfUtils.java:logGet(44)) - raft.server.sleep.deviation.threshold = 300ms (default)
2021-09-08 01:20:29,381 [pool-39-thread-1] INFO  server.RaftServerConfigKeys (ConfUtils.java:logGet(44)) - raft.server.log.appender.install.snapshot.enabled = false (custom)
2021-09-08 01:20:29,386 [pool-39-thread-1] INFO  server.RaftServer$Division (ServerState.java:<init>(105)) - om1@group-C5BA1605619E: ConfigurationManager, init=-1: [om1|rpc:localhost:9872|priority:0], old=null, confs=<EMPTY_MAP>
2021-09-08 01:20:29,386 [pool-39-thread-1] INFO  server.RaftServerConfigKeys (ConfUtils.java:logGet(44)) - raft.server.storage.dir = [/home/runner/work/ozone/ozone/hadoop-ozone/integration-test/target/test-dir/MiniOzoneClusterImpl-0f12cb01-4002-4394-a01c-5903f1f0237a/ozone-meta/ratis] (custom)
2021-09-08 01:20:29,387 [Socket Reader #1 for port 0] INFO  ipc.Server (Server.java:run(1265)) - Starting Socket Reader #1 for port 0
2021-09-08 01:20:29,400 [pool-39-thread-1] INFO  server.RaftServerConfigKeys (ConfUtils.java:logGet(44)) - raft.server.log.corruption.policy = EXCEPTION (default)
2021-09-08 01:20:29,400 [pool-39-thread-1] INFO  server.RaftServerConfigKeys (ConfUtils.java:logGet(44)) - raft.server.storage.free-space.min = 0MB (=0) (default)
2021-09-08 01:20:29,402 [pool-39-thread-1] INFO  storage.RaftStorageDirectory (RaftStorageDirectoryImpl.java:analyzeStorage(135)) - The storage directory /home/runner/work/ozone/ozone/hadoop-ozone/integration-test/target/test-dir/MiniOzoneClusterImpl-0f12cb01-4002-4394-a01c-5903f1f0237a/ozone-meta/ratis/bf265839-605b-3f16-9796-c5ba1605619e does not exist. Creating ...
2021-09-08 01:20:29,414 [Listener at 127.0.0.1/40417] INFO  om.OzoneManager (OzoneManager.java:initFSOLayout(4321)) - Configured ozone.om.metadata.layout=SIMPLE and disabled optimized OM FS operations
2021-09-08 01:20:29,416 [Listener at 127.0.0.1/40417] INFO  impl.MetricsSystemImpl (MetricsSystemImpl.java:init(158)) - OzoneManager metrics system started (again)
2021-09-08 01:20:29,417 [pool-39-thread-1] INFO  storage.RaftStorageDirectory (RaftStorageDirectoryImpl.java:tryLock(230)) - Lock on /home/runner/work/ozone/ozone/hadoop-ozone/integration-test/target/test-dir/MiniOzoneClusterImpl-0f12cb01-4002-4394-a01c-5903f1f0237a/ozone-meta/ratis/bf265839-605b-3f16-9796-c5ba1605619e/in_use.lock acquired by nodename 2705@fv-az396-69
2021-09-08 01:20:29,426 [pool-39-thread-1] INFO  storage.RaftStorage (RaftStorageImpl.java:format(89)) - Storage directory /home/runner/work/ozone/ozone/hadoop-ozone/integration-test/target/test-dir/MiniOzoneClusterImpl-0f12cb01-4002-4394-a01c-5903f1f0237a/ozone-meta/ratis/bf265839-605b-3f16-9796-c5ba1605619e has been successfully formatted.
2021-09-08 01:20:29,428 [pool-39-thread-1] INFO  server.RaftServerConfigKeys (ConfUtils.java:logGet(44)) - raft.server.notification.no-leader.timeout = 120s (custom)
2021-09-08 01:20:29,435 [Listener at 127.0.0.1/40417] INFO  om.OzoneManager (OzoneManager.java:start(1270)) - OzoneManager RPC server is listening at localhost/127.0.0.1:40417
2021-09-08 01:20:29,435 [Listener at 127.0.0.1/40417] INFO  ratis.OzoneManagerRatisServer (OzoneManagerRatisServer.java:start(516)) - Starting OzoneManagerRatisServer om1 at port 9872
2021-09-08 01:20:29,436 [pool-39-thread-1] INFO  server.RaftServerConfigKeys (ConfUtils.java:logGet(44)) - raft.server.log.use.memory = false (default)
2021-09-08 01:20:29,445 [pool-39-thread-1] INFO  server.RaftServerConfigKeys (ConfUtils.java:logGet(44)) - raft.server.log.purge.gap = 1000000 (custom)
2021-09-08 01:20:29,446 [pool-39-thread-1] INFO  server.RaftServerConfigKeys (ConfUtils.java:logGet(44)) - raft.server.log.appender.buffer.byte-limit = 33554432 (custom)
2021-09-08 01:20:29,458 [pool-39-thread-1] INFO  server.RaftServerConfigKeys (ConfUtils.java:logGet(44)) - raft.server.log.segment.size.max = 4194304 (custom)
2021-09-08 01:20:29,465 [pool-39-thread-1] INFO  server.RaftServerConfigKeys (ConfUtils.java:logGet(44)) - raft.server.log.segment.cache.num.max = 2 (custom)
2021-09-08 01:20:29,465 [pool-39-thread-1] INFO  server.RaftServerConfigKeys (ConfUtils.java:logGet(44)) - raft.server.log.segment.cache.size.max = 200MB (=209715200) (default)
2021-09-08 01:20:29,472 [pool-39-thread-1] INFO  segmented.SegmentedRaftLogWorker (SegmentedRaftLogWorker.java:<init>(182)) - new om1@group-C5BA1605619E-SegmentedRaftLogWorker for RaftStorageImpl:Storage Directory /home/runner/work/ozone/ozone/hadoop-ozone/integration-test/target/test-dir/MiniOzoneClusterImpl-0f12cb01-4002-4394-a01c-5903f1f0237a/ozone-meta/ratis/bf265839-605b-3f16-9796-c5ba1605619e
2021-09-08 01:20:29,472 [pool-39-thread-1] INFO  server.RaftServerConfigKeys (ConfUtils.java:logGet(44)) - raft.server.log.queue.byte-limit = 64MB (=67108864) (default)
2021-09-08 01:20:29,473 [pool-39-thread-1] INFO  server.RaftServerConfigKeys (ConfUtils.java:logGet(44)) - raft.server.log.queue.element-limit = 4096 (default)
2021-09-08 01:20:29,474 [pool-39-thread-1] INFO  server.RaftServerConfigKeys (ConfUtils.java:logGet(44)) - raft.server.log.segment.size.max = 4194304 (custom)
2021-09-08 01:20:29,474 [pool-39-thread-1] INFO  server.RaftServerConfigKeys (ConfUtils.java:logGet(44)) - raft.server.log.preallocated.size = 4194304 (custom)
2021-09-08 01:20:29,474 [pool-39-thread-1] INFO  server.RaftServerConfigKeys (ConfUtils.java:logGet(44)) - raft.server.log.force.sync.num = 128 (default)
2021-09-08 01:20:29,476 [pool-39-thread-1] INFO  server.RaftServerConfigKeys (ConfUtils.java:logGet(44)) - raft.server.log.statemachine.data.sync = true (default)
2021-09-08 01:20:29,476 [pool-39-thread-1] INFO  server.RaftServerConfigKeys (ConfUtils.java:logGet(44)) - raft.server.log.statemachine.data.sync.timeout = 10s (default)
2021-09-08 01:20:29,476 [pool-39-thread-1] INFO  server.RaftServerConfigKeys (ConfUtils.java:logGet(44)) - raft.server.log.statemachine.data.sync.timeout.retry = -1 (default)
2021-09-08 01:20:29,486 [pool-39-thread-1] INFO  server.RaftServerConfigKeys (ConfUtils.java:logGet(44)) - raft.server.log.write.buffer.size = 64KB (=65536) (default)
2021-09-08 01:20:29,486 [pool-39-thread-1] INFO  server.RaftServerConfigKeys (ConfUtils.java:logGet(44)) - raft.server.log.statemachine.data.caching.enabled = false (default)
2021-09-08 01:20:29,492 [pool-39-thread-1] INFO  segmented.SegmentedRaftLogWorker (SegmentedRaftLogWorker.java:lambda$new$0(133)) - om1@group-C5BA1605619E-SegmentedRaftLogWorker: flushIndex: setUnconditionally 0 -> -1
2021-09-08 01:20:29,492 [pool-39-thread-1] INFO  segmented.SegmentedRaftLogWorker (SegmentedRaftLogWorker.java:lambda$new$0(133)) - om1@group-C5BA1605619E-SegmentedRaftLogWorker: safeCacheEvictIndex: setUnconditionally 0 -> -1
2021-09-08 01:20:29,500 [pool-39-thread-1] INFO  server.RaftServerConfigKeys (ConfUtils.java:logGet(44)) - raft.server.snapshot.auto.trigger.enabled = true (custom)
2021-09-08 01:20:29,500 [pool-39-thread-1] INFO  server.RaftServerConfigKeys (ConfUtils.java:logGet(44)) - raft.server.snapshot.auto.trigger.threshold = 400000 (default)
2021-09-08 01:20:29,501 [pool-39-thread-1] INFO  server.RaftServerConfigKeys (ConfUtils.java:logGet(44)) - raft.server.snapshot.retention.file.num = -1 (default)
2021-09-08 01:20:29,502 [pool-39-thread-1] INFO  server.RaftServerConfigKeys (ConfUtils.java:logGet(44)) - raft.server.log.purge.upto.snapshot.index = true (custom)
2021-09-08 01:20:29,503 [pool-39-thread-1] INFO  server.RaftServerConfigKeys (ConfUtils.java:logGet(44)) - raft.server.retrycache.expirytime = 300s (custom)
2021-09-08 01:20:29,503 [pool-39-thread-1] INFO  server.RaftServerConfigKeys (ConfUtils.java:logGet(44)) - raft.server.retrycache.statistics.expirytime = 100μs (default)
2021-09-08 01:20:29,543 [Listener at 127.0.0.1/40417] INFO  server.RaftServer$Division (RaftServerImpl.java:start(296)) - om1@group-C5BA1605619E: start as a follower, conf=-1: [om1|rpc:localhost:9872|priority:0], old=null
2021-09-08 01:20:29,544 [Listener at 127.0.0.1/40417] INFO  server.RaftServer$Division (RaftServerImpl.java:setRole(285)) - om1@group-C5BA1605619E: changes role from      null to FOLLOWER at term 0 for startAsFollower
2021-09-08 01:20:29,545 [Listener at 127.0.0.1/40417] INFO  impl.RoleInfo (RoleInfo.java:updateAndGet(130)) - om1: start om1@group-C5BA1605619E-FollowerState
2021-09-08 01:20:29,549 [Listener at 127.0.0.1/40417] INFO  util.JmxRegister (JmxRegister.java:tryRegister(44)) - Successfully registered JMX Bean with object name Ratis:service=RaftServer,group=group-C5BA1605619E,id=om1
2021-09-08 01:20:29,552 [Listener at 127.0.0.1/40417] INFO  server.RaftServer (RaftServerProxy.java:lambda$start$5(374)) - om1: start RPC server
2021-09-08 01:20:29,616 [Listener at 127.0.0.1/40417] INFO  server.GrpcService (GrpcService.java:startImpl(253)) - om1: GrpcService started, listening on 9872
2021-09-08 01:20:29,618 [Listener at 127.0.0.1/40417] INFO  om.OzoneManager (OzoneManager.java:start(1288)) - Version File has different layout version (0) than OM DB (null). That is expected if this OM has never been finalized to a newer layout version.
2021-09-08 01:20:29,619 [org.apache.ratis.util.JvmPauseMonitor$$Lambda$531/832986589@3ca1a69b] INFO  util.JvmPauseMonitor (JvmPauseMonitor.java:run(103)) - JvmPauseMonitor-om1: Started
2021-09-08 01:20:29,624 [Listener at 127.0.0.1/40417] INFO  http.BaseHttpServer (BaseHttpServer.java:newHttpServer2BuilderForOzone(209)) - Starting Web-server for ozoneManager at: http://0.0.0.0:0
2021-09-08 01:20:29,624 [Listener at 127.0.0.1/40417] INFO  http.BaseHttpServer (BaseHttpServer.java:<init>(107)) - Hadoop Security Enabled: false Ozone Security Enabled: false Ozone HTTP Security Enabled: false 
2021-09-08 01:20:29,626 [Listener at 127.0.0.1/40417] INFO  server.AuthenticationFilter (AuthenticationFilter.java:constructSecretProvider(240)) - Unable to initialize FileSignerSecretProvider, falling back to use random secrets.
2021-09-08 01:20:29,628 [Listener at 127.0.0.1/40417] WARN  http.HttpRequestLog (HttpRequestLog.java:getRequestLog(103)) - Jetty request log can only be enabled using Log4j
2021-09-08 01:20:29,629 [Listener at 127.0.0.1/40417] INFO  http.HttpServer2 (HttpServer2.java:addGlobalFilter(1030)) - Added global filter 'safety' (class=org.apache.hadoop.hdds.server.http.HttpServer2$QuotingInputFilter)
2021-09-08 01:20:29,631 [Listener at 127.0.0.1/40417] INFO  http.HttpServer2 (HttpServer2.java:addFilter(1006)) - Added filter static_user_filter (class=org.apache.hadoop.http.lib.StaticUserWebFilter$StaticUserFilter) to context ozoneManager
2021-09-08 01:20:29,631 [Listener at 127.0.0.1/40417] INFO  http.HttpServer2 (HttpServer2.java:addFilter(1014)) - Added filter static_user_filter (class=org.apache.hadoop.http.lib.StaticUserWebFilter$StaticUserFilter) to context logs
2021-09-08 01:20:29,631 [Listener at 127.0.0.1/40417] INFO  http.HttpServer2 (HttpServer2.java:addFilter(1014)) - Added filter static_user_filter (class=org.apache.hadoop.http.lib.StaticUserWebFilter$StaticUserFilter) to context static
2021-09-08 01:20:29,639 [Listener at 127.0.0.1/40417] INFO  http.HttpServer2 (HttpServer2.java:bindListener(1249)) - Jetty bound to port 38015
2021-09-08 01:20:29,639 [Listener at 127.0.0.1/40417] INFO  server.Server (Server.java:doStart(375)) - jetty-9.4.43.v20210629; built: 2021-06-30T11:07:22.254Z; git: 526006ecfa3af7f1a27ef3a288e2bef7ea9dd7e8; jvm 1.8.0_292-b10
2021-09-08 01:20:29,641 [Listener at 127.0.0.1/40417] INFO  server.session (DefaultSessionIdManager.java:doStart(334)) - DefaultSessionIdManager workerName=node0
2021-09-08 01:20:29,641 [Listener at 127.0.0.1/40417] INFO  server.session (DefaultSessionIdManager.java:doStart(339)) - No SessionScavenger set, using defaults
2021-09-08 01:20:29,642 [Listener at 127.0.0.1/40417] INFO  server.session (HouseKeeper.java:startScavenging(132)) - node0 Scavenging every 660000ms
2021-09-08 01:20:29,642 [Listener at 127.0.0.1/40417] INFO  handler.ContextHandler (ContextHandler.java:doStart(915)) - Started o.e.j.s.ServletContextHandler@55eb9b2c{logs,/logs,file:///home/runner/work/ozone/ozone/hadoop-ozone/integration-test/target/log,AVAILABLE}
2021-09-08 01:20:29,643 [Listener at 127.0.0.1/40417] INFO  handler.ContextHandler (ContextHandler.java:doStart(915)) - Started o.e.j.s.ServletContextHandler@33e888d4{static,/static,file:///home/runner/work/ozone/ozone/hadoop-ozone/integration-test/target/test-classes/webapps/static,AVAILABLE}
2021-09-08 01:20:29,647 [Listener at 127.0.0.1/40417] INFO  handler.ContextHandler (ContextHandler.java:doStart(915)) - Started o.e.j.w.WebAppContext@214faadd{ozoneManager,/,file:///home/runner/work/ozone/ozone/hadoop-ozone/integration-test/target/test-classes/webapps/ozoneManager/,AVAILABLE}{file:/home/runner/work/ozone/ozone/hadoop-ozone/integration-test/target/test-classes/webapps/ozoneManager}
2021-09-08 01:20:29,655 [Listener at 127.0.0.1/40417] INFO  server.AbstractConnector (AbstractConnector.java:doStart(331)) - Started ServerConnector@46dc6087{HTTP/1.1, (http/1.1)}{0.0.0.0:38015}
2021-09-08 01:20:29,656 [Listener at 127.0.0.1/40417] INFO  server.Server (Server.java:doStart(415)) - Started @6095ms
2021-09-08 01:20:29,656 [Listener at 127.0.0.1/40417] WARN  impl.MetricsSystemImpl (MetricsSystemImpl.java:register(279)) - Sink prometheus already exists!
2021-09-08 01:20:29,657 [Listener at 127.0.0.1/40417] INFO  http.BaseHttpServer (BaseHttpServer.java:updateConnectorAddress(329)) - HTTP server of ozoneManager listening at http://0.0.0.0:38015
2021-09-08 01:20:29,657 [IPC Server listener on 0] INFO  ipc.Server (Server.java:run(1344)) - IPC Server listener on 0: starting
2021-09-08 01:20:29,657 [IPC Server Responder] INFO  ipc.Server (Server.java:run(1507)) - IPC Server Responder: starting
2021-09-08 01:20:29,668 [Listener at 127.0.0.1/40417] INFO  om.OzoneManager (OzoneManager.java:startTrashEmptier(1531)) - Trash Interval set to 0. Files deleted will not move to trash
2021-09-08 01:20:29,670 [org.apache.hadoop.util.JvmPauseMonitor$Monitor@6a0096a8] INFO  util.JvmPauseMonitor (JvmPauseMonitor.java:run(188)) - Starting JVM pause monitor
2021-09-08 01:20:29,829 [Listener at 127.0.0.1/40417] WARN  impl.MetricRegistriesImpl (MetricRegistriesImpl.java:addReporterRegistration(111)) - New reporters are added after registries were created. Some metrics will be missing from the reporter. Please add reporter before adding any new registry.
2021-09-08 01:20:29,830 [Listener at 127.0.0.1/40417] WARN  impl.MetricRegistriesImpl (MetricRegistriesImpl.java:addReporterRegistration(111)) - New reporters are added after registries were created. Some metrics will be missing from the reporter. Please add reporter before adding any new registry.
2021-09-08 01:20:29,830 [Listener at 127.0.0.1/40417] INFO  impl.MetricsSystemImpl (MetricsSystemImpl.java:init(158)) - HddsDatanode metrics system started (again)
2021-09-08 01:20:29,854 [Listener at 127.0.0.1/40417] INFO  ozone.HddsDatanodeService (HddsDatanodeService.java:start(234)) - HddsDatanodeService host:fv-az396-69.zsjpccerc4sulamragr3v05mvf.jx.internal.cloudapp.net ip:10.1.0.19
2021-09-08 01:20:29,883 [Listener at 127.0.0.1/40417] INFO  upgrade.AbstractLayoutVersionManager (AbstractLayoutVersionManager.java:init(79)) - Initializing Layout version manager with metadata layout = SCM_HA (version = 2), software layout = SCM_HA (version = 2)
2021-09-08 01:20:29,960 [Listener at 127.0.0.1/40417] INFO  reflections.Reflections (Reflections.java:scan(232)) - Reflections took 75 ms to scan 7 urls, producing 119 keys and 275 values 
2021-09-08 01:20:30,039 [Listener at 127.0.0.1/40417] INFO  volume.HddsVolume (HddsVolume.java:<init>(120)) - Creating HddsVolume: /home/runner/work/ozone/ozone/hadoop-ozone/integration-test/target/test-dir/MiniOzoneClusterImpl-0f12cb01-4002-4394-a01c-5903f1f0237a/datanode-0/data-0/containers/hdds of storage type : DISK capacity : 9223372036854775807
2021-09-08 01:20:30,041 [Listener at 127.0.0.1/40417] INFO  volume.MutableVolumeSet (MutableVolumeSet.java:initializeVolumeSet(168)) - Added Volume : /home/runner/work/ozone/ozone/hadoop-ozone/integration-test/target/test-dir/MiniOzoneClusterImpl-0f12cb01-4002-4394-a01c-5903f1f0237a/datanode-0/data-0/containers/hdds to VolumeSet
2021-09-08 01:20:30,042 [Listener at 127.0.0.1/40417] INFO  volume.ThrottledAsyncChecker (ThrottledAsyncChecker.java:schedule(141)) - Scheduling a check for /home/runner/work/ozone/ozone/hadoop-ozone/integration-test/target/test-dir/MiniOzoneClusterImpl-0f12cb01-4002-4394-a01c-5903f1f0237a/datanode-0/data-0/containers/hdds
2021-09-08 01:20:30,061 [Listener at 127.0.0.1/40417] INFO  volume.StorageVolumeChecker (StorageVolumeChecker.java:checkAllVolumes(202)) - Scheduled health check for volume /home/runner/work/ozone/ozone/hadoop-ozone/integration-test/target/test-dir/MiniOzoneClusterImpl-0f12cb01-4002-4394-a01c-5903f1f0237a/datanode-0/data-0/containers/hdds
2021-09-08 01:20:30,086 [Listener at 127.0.0.1/40417] INFO  volume.MutableVolumeSet (MutableVolumeSet.java:initializeVolumeSet(168)) - Added Volume : /home/runner/work/ozone/ozone/hadoop-ozone/integration-test/target/test-dir/MiniOzoneClusterImpl-0f12cb01-4002-4394-a01c-5903f1f0237a/datanode-0/data/ratis to VolumeSet
2021-09-08 01:20:30,090 [Listener at 127.0.0.1/40417] INFO  volume.ThrottledAsyncChecker (ThrottledAsyncChecker.java:schedule(141)) - Scheduling a check for /home/runner/work/ozone/ozone/hadoop-ozone/integration-test/target/test-dir/MiniOzoneClusterImpl-0f12cb01-4002-4394-a01c-5903f1f0237a/datanode-0/data/ratis
2021-09-08 01:20:30,090 [Listener at 127.0.0.1/40417] INFO  volume.StorageVolumeChecker (StorageVolumeChecker.java:checkAllVolumes(202)) - Scheduled health check for volume /home/runner/work/ozone/ozone/hadoop-ozone/integration-test/target/test-dir/MiniOzoneClusterImpl-0f12cb01-4002-4394-a01c-5903f1f0237a/datanode-0/data/ratis
2021-09-08 01:20:30,109 [Thread-128] INFO  ozoneimpl.ContainerReader (ContainerReader.java:readVolume(172)) - Finish verifying containers on volume /home/runner/work/ozone/ozone/hadoop-ozone/integration-test/target/test-dir/MiniOzoneClusterImpl-0f12cb01-4002-4394-a01c-5903f1f0237a/datanode-0/data-0/containers/hdds
2021-09-08 01:20:30,109 [Listener at 127.0.0.1/40417] INFO  ozoneimpl.OzoneContainer (OzoneContainer.java:buildContainerSet(236)) - Build ContainerSet costs 0s
2021-09-08 01:20:30,178 [Listener at 127.0.0.1/40417] INFO  server.RaftServer (ConfUtils.java:logGet(44)) - raft.rpc.type = GRPC (default)
2021-09-08 01:20:30,179 [Listener at 127.0.0.1/40417] INFO  grpc.GrpcFactory (GrpcFactory.java:checkPooledByteBufAllocatorUseCacheForAllThreads(48)) - PERFORMANCE WARNING: useCacheForAllThreads is true that may cause Netty to create a lot garbage objects and, as a result, trigger GC.
	It is recommended to disable useCacheForAllThreads by setting -Dorg.apache.ratis.thirdparty.io.netty.allocator.useCacheForAllThreads=false in command line.
2021-09-08 01:20:30,179 [Listener at 127.0.0.1/40417] INFO  grpc.GrpcConfigKeys (ConfUtils.java:logGet(44)) - raft.grpc.admin.port = 0 (custom)
2021-09-08 01:20:30,179 [Listener at 127.0.0.1/40417] INFO  grpc.GrpcConfigKeys (ConfUtils.java:logGet(44)) - raft.grpc.client.port = 0 (custom)
2021-09-08 01:20:30,179 [Listener at 127.0.0.1/40417] INFO  grpc.GrpcConfigKeys (ConfUtils.java:logGet(44)) - raft.grpc.server.port = 0 (default)
2021-09-08 01:20:30,180 [Listener at 127.0.0.1/40417] INFO  server.GrpcService (ConfUtils.java:logGet(44)) - raft.grpc.message.size.max = 32MB (=33554432) (custom)
2021-09-08 01:20:30,180 [Listener at 127.0.0.1/40417] INFO  server.RaftServerConfigKeys (ConfUtils.java:logGet(44)) - raft.server.log.appender.buffer.byte-limit = 33554432 (custom)
2021-09-08 01:20:30,182 [Listener at 127.0.0.1/40417] INFO  server.GrpcService (ConfUtils.java:logGet(44)) - raft.grpc.flow.control.window = 5MB (=5242880) (custom)
2021-09-08 01:20:30,182 [Listener at 127.0.0.1/40417] INFO  server.RaftServerConfigKeys (ConfUtils.java:logGet(44)) - raft.server.rpc.request.timeout = 3000ms (default)
2021-09-08 01:20:30,185 [Listener at 127.0.0.1/40417] INFO  impl.DataStreamServerImpl (ConfUtils.java:logGet(44)) - raft.datastream.type = DISABLED (default)
2021-09-08 01:20:30,185 [Listener at 127.0.0.1/40417] INFO  server.RaftServerConfigKeys (ConfUtils.java:logGet(44)) - raft.server.rpc.slowness.timeout = 300000ms (custom)
2021-09-08 01:20:30,186 [Listener at 127.0.0.1/40417] INFO  server.RaftServerConfigKeys (ConfUtils.java:logGet(44)) - raft.server.leaderelection.leader.step-down.wait-time = 10s (default)
2021-09-08 01:20:30,186 [Listener at 127.0.0.1/40417] INFO  server.RaftServerConfigKeys (ConfUtils.java:logGet(44)) - raft.server.storage.dir = [/home/runner/work/ozone/ozone/hadoop-ozone/integration-test/target/test-dir/MiniOzoneClusterImpl-0f12cb01-4002-4394-a01c-5903f1f0237a/datanode-0/data/ratis] (custom)
2021-09-08 01:20:30,251 [Listener at 127.0.0.1/40417] INFO  http.BaseHttpServer (BaseHttpServer.java:newHttpServer2BuilderForOzone(209)) - Starting Web-server for hddsDatanode at: http://0.0.0.0:0
2021-09-08 01:20:30,252 [Listener at 127.0.0.1/40417] INFO  http.BaseHttpServer (BaseHttpServer.java:<init>(107)) - Hadoop Security Enabled: false Ozone Security Enabled: false Ozone HTTP Security Enabled: false 
2021-09-08 01:20:30,254 [Listener at 127.0.0.1/40417] INFO  server.AuthenticationFilter (AuthenticationFilter.java:constructSecretProvider(240)) - Unable to initialize FileSignerSecretProvider, falling back to use random secrets.
2021-09-08 01:20:30,254 [Listener at 127.0.0.1/40417] WARN  http.HttpRequestLog (HttpRequestLog.java:getRequestLog(103)) - Jetty request log can only be enabled using Log4j
2021-09-08 01:20:30,255 [Listener at 127.0.0.1/40417] INFO  http.HttpServer2 (HttpServer2.java:addGlobalFilter(1030)) - Added global filter 'safety' (class=org.apache.hadoop.hdds.server.http.HttpServer2$QuotingInputFilter)
2021-09-08 01:20:30,256 [Listener at 127.0.0.1/40417] INFO  http.HttpServer2 (HttpServer2.java:addFilter(1006)) - Added filter static_user_filter (class=org.apache.hadoop.http.lib.StaticUserWebFilter$StaticUserFilter) to context hddsDatanode
2021-09-08 01:20:30,256 [Listener at 127.0.0.1/40417] INFO  http.HttpServer2 (HttpServer2.java:addFilter(1014)) - Added filter static_user_filter (class=org.apache.hadoop.http.lib.StaticUserWebFilter$StaticUserFilter) to context logs
2021-09-08 01:20:30,256 [Listener at 127.0.0.1/40417] INFO  http.HttpServer2 (HttpServer2.java:addFilter(1014)) - Added filter static_user_filter (class=org.apache.hadoop.http.lib.StaticUserWebFilter$StaticUserFilter) to context static
2021-09-08 01:20:30,257 [Listener at 127.0.0.1/40417] INFO  http.HttpServer2 (HttpServer2.java:bindListener(1249)) - Jetty bound to port 45461
2021-09-08 01:20:30,257 [Listener at 127.0.0.1/40417] INFO  server.Server (Server.java:doStart(375)) - jetty-9.4.43.v20210629; built: 2021-06-30T11:07:22.254Z; git: 526006ecfa3af7f1a27ef3a288e2bef7ea9dd7e8; jvm 1.8.0_292-b10
2021-09-08 01:20:30,264 [Listener at 127.0.0.1/40417] INFO  server.session (DefaultSessionIdManager.java:doStart(334)) - DefaultSessionIdManager workerName=node0
2021-09-08 01:20:30,264 [Listener at 127.0.0.1/40417] INFO  server.session (DefaultSessionIdManager.java:doStart(339)) - No SessionScavenger set, using defaults
2021-09-08 01:20:30,264 [Listener at 127.0.0.1/40417] INFO  server.session (HouseKeeper.java:startScavenging(132)) - node0 Scavenging every 660000ms
2021-09-08 01:20:30,265 [Listener at 127.0.0.1/40417] INFO  handler.ContextHandler (ContextHandler.java:doStart(915)) - Started o.e.j.s.ServletContextHandler@561419ce{logs,/logs,file:///home/runner/work/ozone/ozone/hadoop-ozone/integration-test/target/log,AVAILABLE}
2021-09-08 01:20:30,266 [Listener at 127.0.0.1/40417] INFO  handler.ContextHandler (ContextHandler.java:doStart(915)) - Started o.e.j.s.ServletContextHandler@79d7ae7d{static,/static,jar:file:/home/runner/.m2/repository/org/apache/ozone/hdds-container-service/1.2.0-SNAPSHOT/hdds-container-service-1.2.0-SNAPSHOT.jar!/webapps/static,AVAILABLE}
2021-09-08 01:20:30,333 [Listener at 127.0.0.1/40417] INFO  handler.ContextHandler (ContextHandler.java:doStart(915)) - Started o.e.j.w.WebAppContext@76ce2e7{hddsDatanode,/,file:///tmp/jetty-0_0_0_0-45461-hdds-container-service-1_2_0-SNAPSHOT_jar-_-any-5020729552356892147/webapp/,AVAILABLE}{jar:file:/home/runner/.m2/repository/org/apache/ozone/hdds-container-service/1.2.0-SNAPSHOT/hdds-container-service-1.2.0-SNAPSHOT.jar!/webapps/hddsDatanode}
2021-09-08 01:20:30,334 [Listener at 127.0.0.1/40417] INFO  server.AbstractConnector (AbstractConnector.java:doStart(331)) - Started ServerConnector@25ae0223{HTTP/1.1, (http/1.1)}{0.0.0.0:45461}
2021-09-08 01:20:30,335 [Listener at 127.0.0.1/40417] INFO  server.Server (Server.java:doStart(415)) - Started @6774ms
2021-09-08 01:20:30,335 [Listener at 127.0.0.1/40417] WARN  impl.MetricsSystemImpl (MetricsSystemImpl.java:register(279)) - Sink prometheus already exists!
2021-09-08 01:20:30,335 [Listener at 127.0.0.1/40417] INFO  http.BaseHttpServer (BaseHttpServer.java:updateConnectorAddress(329)) - HTTP server of hddsDatanode listening at http://0.0.0.0:45461
2021-09-08 01:20:30,337 [Listener at 127.0.0.1/40417] WARN  impl.MetricRegistriesImpl (MetricRegistriesImpl.java:addReporterRegistration(111)) - New reporters are added after registries were created. Some metrics will be missing from the reporter. Please add reporter before adding any new registry.
2021-09-08 01:20:30,337 [Listener at 127.0.0.1/40417] WARN  impl.MetricRegistriesImpl (MetricRegistriesImpl.java:addReporterRegistration(111)) - New reporters are added after registries were created. Some metrics will be missing from the reporter. Please add reporter before adding any new registry.
2021-09-08 01:20:30,337 [Listener at 127.0.0.1/40417] INFO  impl.MetricsSystemImpl (MetricsSystemImpl.java:init(158)) - HddsDatanode metrics system started (again)
2021-09-08 01:20:30,344 [Datanode State Machine Thread - 0] INFO  statemachine.DatanodeStateMachine (DatanodeStateMachine.java:lambda$startDaemon$0(456)) - Ozone container server started.
2021-09-08 01:20:30,376 [Listener at 127.0.0.1/40417] INFO  ozone.HddsDatanodeService (HddsDatanodeService.java:start(234)) - HddsDatanodeService host:fv-az396-69.zsjpccerc4sulamragr3v05mvf.jx.internal.cloudapp.net ip:10.1.0.19
2021-09-08 01:20:30,377 [org.apache.hadoop.util.JvmPauseMonitor$Monitor@3bdb9415] INFO  util.JvmPauseMonitor (JvmPauseMonitor.java:run(188)) - Starting JVM pause monitor
2021-09-08 01:20:30,409 [Listener at 127.0.0.1/40417] INFO  upgrade.AbstractLayoutVersionManager (AbstractLayoutVersionManager.java:init(79)) - Initializing Layout version manager with metadata layout = SCM_HA (version = 2), software layout = SCM_HA (version = 2)
2021-09-08 01:20:30,504 [Listener at 127.0.0.1/40417] INFO  reflections.Reflections (Reflections.java:scan(232)) - Reflections took 88 ms to scan 7 urls, producing 119 keys and 275 values 
2021-09-08 01:20:30,517 [Listener at 127.0.0.1/40417] INFO  volume.HddsVolume (HddsVolume.java:<init>(120)) - Creating HddsVolume: /home/runner/work/ozone/ozone/hadoop-ozone/integration-test/target/test-dir/MiniOzoneClusterImpl-0f12cb01-4002-4394-a01c-5903f1f0237a/datanode-1/data-0/containers/hdds of storage type : DISK capacity : 9223372036854775807
2021-09-08 01:20:30,517 [Listener at 127.0.0.1/40417] INFO  volume.MutableVolumeSet (MutableVolumeSet.java:initializeVolumeSet(168)) - Added Volume : /home/runner/work/ozone/ozone/hadoop-ozone/integration-test/target/test-dir/MiniOzoneClusterImpl-0f12cb01-4002-4394-a01c-5903f1f0237a/datanode-1/data-0/containers/hdds to VolumeSet
2021-09-08 01:20:30,517 [Listener at 127.0.0.1/40417] INFO  volume.ThrottledAsyncChecker (ThrottledAsyncChecker.java:schedule(141)) - Scheduling a check for /home/runner/work/ozone/ozone/hadoop-ozone/integration-test/target/test-dir/MiniOzoneClusterImpl-0f12cb01-4002-4394-a01c-5903f1f0237a/datanode-1/data-0/containers/hdds
2021-09-08 01:20:30,518 [Listener at 127.0.0.1/40417] INFO  volume.StorageVolumeChecker (StorageVolumeChecker.java:checkAllVolumes(202)) - Scheduled health check for volume /home/runner/work/ozone/ozone/hadoop-ozone/integration-test/target/test-dir/MiniOzoneClusterImpl-0f12cb01-4002-4394-a01c-5903f1f0237a/datanode-1/data-0/containers/hdds
2021-09-08 01:20:30,545 [Listener at 127.0.0.1/40417] INFO  volume.MutableVolumeSet (MutableVolumeSet.java:initializeVolumeSet(168)) - Added Volume : /home/runner/work/ozone/ozone/hadoop-ozone/integration-test/target/test-dir/MiniOzoneClusterImpl-0f12cb01-4002-4394-a01c-5903f1f0237a/datanode-1/data/ratis to VolumeSet
2021-09-08 01:20:30,545 [Listener at 127.0.0.1/40417] INFO  volume.ThrottledAsyncChecker (ThrottledAsyncChecker.java:schedule(141)) - Scheduling a check for /home/runner/work/ozone/ozone/hadoop-ozone/integration-test/target/test-dir/MiniOzoneClusterImpl-0f12cb01-4002-4394-a01c-5903f1f0237a/datanode-1/data/ratis
2021-09-08 01:20:30,545 [Listener at 127.0.0.1/40417] INFO  volume.StorageVolumeChecker (StorageVolumeChecker.java:checkAllVolumes(202)) - Scheduled health check for volume /home/runner/work/ozone/ozone/hadoop-ozone/integration-test/target/test-dir/MiniOzoneClusterImpl-0f12cb01-4002-4394-a01c-5903f1f0237a/datanode-1/data/ratis
2021-09-08 01:20:30,558 [Thread-140] INFO  ozoneimpl.ContainerReader (ContainerReader.java:readVolume(172)) - Finish verifying containers on volume /home/runner/work/ozone/ozone/hadoop-ozone/integration-test/target/test-dir/MiniOzoneClusterImpl-0f12cb01-4002-4394-a01c-5903f1f0237a/datanode-1/data-0/containers/hdds
2021-09-08 01:20:30,562 [Listener at 127.0.0.1/40417] INFO  ozoneimpl.OzoneContainer (OzoneContainer.java:buildContainerSet(236)) - Build ContainerSet costs 0s
2021-09-08 01:20:30,565 [Listener at 127.0.0.1/40417] INFO  server.RaftServer (ConfUtils.java:logGet(44)) - raft.rpc.type = GRPC (default)
2021-09-08 01:20:30,565 [Listener at 127.0.0.1/40417] INFO  grpc.GrpcFactory (GrpcFactory.java:checkPooledByteBufAllocatorUseCacheForAllThreads(48)) - PERFORMANCE WARNING: useCacheForAllThreads is true that may cause Netty to create a lot garbage objects and, as a result, trigger GC.
	It is recommended to disable useCacheForAllThreads by setting -Dorg.apache.ratis.thirdparty.io.netty.allocator.useCacheForAllThreads=false in command line.
2021-09-08 01:20:30,565 [Listener at 127.0.0.1/40417] INFO  grpc.GrpcConfigKeys (ConfUtils.java:logGet(44)) - raft.grpc.admin.port = 0 (custom)
2021-09-08 01:20:30,565 [Listener at 127.0.0.1/40417] INFO  grpc.GrpcConfigKeys (ConfUtils.java:logGet(44)) - raft.grpc.client.port = 0 (custom)
2021-09-08 01:20:30,566 [Listener at 127.0.0.1/40417] INFO  grpc.GrpcConfigKeys (ConfUtils.java:logGet(44)) - raft.grpc.server.port = 0 (default)
2021-09-08 01:20:30,566 [Listener at 127.0.0.1/40417] INFO  server.GrpcService (ConfUtils.java:logGet(44)) - raft.grpc.message.size.max = 32MB (=33554432) (custom)
2021-09-08 01:20:30,566 [Listener at 127.0.0.1/40417] INFO  server.RaftServerConfigKeys (ConfUtils.java:logGet(44)) - raft.server.log.appender.buffer.byte-limit = 33554432 (custom)
2021-09-08 01:20:30,566 [Listener at 127.0.0.1/40417] INFO  server.GrpcService (ConfUtils.java:logGet(44)) - raft.grpc.flow.control.window = 5MB (=5242880) (custom)
2021-09-08 01:20:30,566 [Listener at 127.0.0.1/40417] INFO  server.RaftServerConfigKeys (ConfUtils.java:logGet(44)) - raft.server.rpc.request.timeout = 3000ms (default)
2021-09-08 01:20:30,568 [Listener at 127.0.0.1/40417] INFO  impl.DataStreamServerImpl (ConfUtils.java:logGet(44)) - raft.datastream.type = DISABLED (default)
2021-09-08 01:20:30,571 [Datanode State Machine Task Thread - 0] INFO  datanode.InitDatanodeState (InitDatanodeState.java:persistContainerDatanodeDetails(145)) - DatanodeDetails is persisted to /home/runner/work/ozone/ozone/hadoop-ozone/integration-test/target/test-dir/MiniOzoneClusterImpl-0f12cb01-4002-4394-a01c-5903f1f0237a/datanode-0/meta/datanode.id
2021-09-08 01:20:30,576 [om1@group-C5BA1605619E-FollowerState] INFO  impl.FollowerState (FollowerState.java:run(134)) - om1@group-C5BA1605619E-FollowerState: change to CANDIDATE, lastRpcElapsedTime:1030809524ns, electionTimeout:1023ms
2021-09-08 01:20:30,573 [Listener at 127.0.0.1/40417] INFO  server.RaftServerConfigKeys (ConfUtils.java:logGet(44)) - raft.server.rpc.slowness.timeout = 300000ms (custom)
2021-09-08 01:20:30,578 [Listener at 127.0.0.1/40417] INFO  server.RaftServerConfigKeys (ConfUtils.java:logGet(44)) - raft.server.leaderelection.leader.step-down.wait-time = 10s (default)
2021-09-08 01:20:30,578 [Listener at 127.0.0.1/40417] INFO  server.RaftServerConfigKeys (ConfUtils.java:logGet(44)) - raft.server.storage.dir = [/home/runner/work/ozone/ozone/hadoop-ozone/integration-test/target/test-dir/MiniOzoneClusterImpl-0f12cb01-4002-4394-a01c-5903f1f0237a/datanode-1/data/ratis] (custom)
2021-09-08 01:20:30,577 [om1@group-C5BA1605619E-FollowerState] INFO  impl.RoleInfo (RoleInfo.java:shutdownFollowerState(108)) - om1: shutdown om1@group-C5BA1605619E-FollowerState
2021-09-08 01:20:30,581 [om1@group-C5BA1605619E-FollowerState] INFO  server.RaftServer$Division (RaftServerImpl.java:setRole(285)) - om1@group-C5BA1605619E: changes role from  FOLLOWER to CANDIDATE at term 0 for changeToCandidate
2021-09-08 01:20:30,589 [om1@group-C5BA1605619E-FollowerState] INFO  server.RaftServerConfigKeys (ConfUtils.java:logGet(44)) - raft.server.leaderelection.pre-vote = false (custom)
2021-09-08 01:20:30,589 [om1@group-C5BA1605619E-FollowerState] INFO  impl.RoleInfo (RoleInfo.java:updateAndGet(130)) - om1: start om1@group-C5BA1605619E-LeaderElection1
2021-09-08 01:20:30,596 [Listener at 127.0.0.1/40417] INFO  http.BaseHttpServer (BaseHttpServer.java:newHttpServer2BuilderForOzone(209)) - Starting Web-server for hddsDatanode at: http://0.0.0.0:0
2021-09-08 01:20:30,597 [Listener at 127.0.0.1/40417] INFO  http.BaseHttpServer (BaseHttpServer.java:<init>(107)) - Hadoop Security Enabled: false Ozone Security Enabled: false Ozone HTTP Security Enabled: false 
2021-09-08 01:20:30,598 [Listener at 127.0.0.1/40417] INFO  server.AuthenticationFilter (AuthenticationFilter.java:constructSecretProvider(240)) - Unable to initialize FileSignerSecretProvider, falling back to use random secrets.
2021-09-08 01:20:30,599 [Listener at 127.0.0.1/40417] WARN  http.HttpRequestLog (HttpRequestLog.java:getRequestLog(103)) - Jetty request log can only be enabled using Log4j
2021-09-08 01:20:30,600 [Listener at 127.0.0.1/40417] INFO  http.HttpServer2 (HttpServer2.java:addGlobalFilter(1030)) - Added global filter 'safety' (class=org.apache.hadoop.hdds.server.http.HttpServer2$QuotingInputFilter)
2021-09-08 01:20:30,601 [om1@group-C5BA1605619E-LeaderElection1] INFO  impl.LeaderElection (LeaderElection.java:askForVotes(306)) - om1@group-C5BA1605619E-LeaderElection1 ELECTION round 0: submit vote requests at term 1 for -1: [om1|rpc:localhost:9872|priority:0], old=null
2021-09-08 01:20:30,602 [om1@group-C5BA1605619E-LeaderElection1] INFO  impl.LeaderElection (LeaderElection.java:askForVotes(308)) - om1@group-C5BA1605619E-LeaderElection1 ELECTION round 0: result PASSED (term=1)
2021-09-08 01:20:30,603 [om1@group-C5BA1605619E-LeaderElection1] INFO  impl.RoleInfo (RoleInfo.java:shutdownLeaderElection(121)) - om1: shutdown om1@group-C5BA1605619E-LeaderElection1
2021-09-08 01:20:30,603 [om1@group-C5BA1605619E-LeaderElection1] INFO  server.RaftServer$Division (RaftServerImpl.java:setRole(285)) - om1@group-C5BA1605619E: changes role from CANDIDATE to LEADER at term 1 for changeToLeader
2021-09-08 01:20:30,603 [om1@group-C5BA1605619E-LeaderElection1] INFO  server.RaftServer$Division (ServerState.java:setLeader(285)) - om1@group-C5BA1605619E: change Leader from null to om1 at term 1 for becomeLeader, leader elected after 1174ms
2021-09-08 01:20:30,609 [Listener at 127.0.0.1/40417] INFO  http.HttpServer2 (HttpServer2.java:addFilter(1006)) - Added filter static_user_filter (class=org.apache.hadoop.http.lib.StaticUserWebFilter$StaticUserFilter) to context hddsDatanode
2021-09-08 01:20:30,609 [Listener at 127.0.0.1/40417] INFO  http.HttpServer2 (HttpServer2.java:addFilter(1014)) - Added filter static_user_filter (class=org.apache.hadoop.http.lib.StaticUserWebFilter$StaticUserFilter) to context static
2021-09-08 01:20:30,609 [Listener at 127.0.0.1/40417] INFO  http.HttpServer2 (HttpServer2.java:addFilter(1014)) - Added filter static_user_filter (class=org.apache.hadoop.http.lib.StaticUserWebFilter$StaticUserFilter) to context logs
2021-09-08 01:20:30,610 [Listener at 127.0.0.1/40417] INFO  http.HttpServer2 (HttpServer2.java:bindListener(1249)) - Jetty bound to port 36395
2021-09-08 01:20:30,610 [Listener at 127.0.0.1/40417] INFO  server.Server (Server.java:doStart(375)) - jetty-9.4.43.v20210629; built: 2021-06-30T11:07:22.254Z; git: 526006ecfa3af7f1a27ef3a288e2bef7ea9dd7e8; jvm 1.8.0_292-b10
2021-09-08 01:20:30,611 [om1@group-C5BA1605619E-LeaderElection1] INFO  server.RaftServerConfigKeys (ConfUtils.java:logGet(44)) - raft.server.staging.catchup.gap = 1000 (default)
2021-09-08 01:20:30,768 [org.apache.ratis.util.JvmPauseMonitor$$Lambda$531/832986589@3ca1a69b] WARN  util.JvmPauseMonitor (JvmPauseMonitor.java:detectPause(124)) - JvmPauseMonitor-om1: Detected pause in JVM or host machine (eg GC): pause of approximately 142282335ns.
GC pool 'PS MarkSweep' had collection(s): count=1 time=135ms
GC pool 'PS Scavenge' had collection(s): count=2 time=29ms
2021-09-08 01:20:30,769 [om1@group-C5BA1605619E-LeaderElection1] INFO  server.RaftServerConfigKeys (ConfUtils.java:logGet(44)) - raft.server.write.element-limit = 4096 (default)
2021-09-08 01:20:30,770 [om1@group-C5BA1605619E-LeaderElection1] INFO  server.RaftServerConfigKeys (ConfUtils.java:logGet(44)) - raft.server.write.byte-limit = 64MB (=67108864) (default)
2021-09-08 01:20:30,775 [om1@group-C5BA1605619E-LeaderElection1] INFO  server.RaftServerConfigKeys (ConfUtils.java:logGet(44)) - raft.server.watch.timeout = 10s (default)
2021-09-08 01:20:30,775 [om1@group-C5BA1605619E-LeaderElection1] INFO  server.RaftServerConfigKeys (ConfUtils.java:logGet(44)) - raft.server.watch.timeout.denomination = 1s (default)
2021-09-08 01:20:30,776 [om1@group-C5BA1605619E-LeaderElection1] INFO  server.RaftServerConfigKeys (ConfUtils.java:logGet(44)) - raft.server.watch.element-limit = 65536 (default)
2021-09-08 01:20:30,782 [om1@group-C5BA1605619E-LeaderElection1] INFO  impl.RoleInfo (RoleInfo.java:updateAndGet(130)) - om1: start om1@group-C5BA1605619E-LeaderStateImpl
2021-09-08 01:20:30,785 [Listener at 127.0.0.1/40417] INFO  server.session (DefaultSessionIdManager.java:doStart(334)) - DefaultSessionIdManager workerName=node0
2021-09-08 01:20:30,785 [Listener at 127.0.0.1/40417] INFO  server.session (DefaultSessionIdManager.java:doStart(339)) - No SessionScavenger set, using defaults
2021-09-08 01:20:30,786 [Listener at 127.0.0.1/40417] INFO  server.session (HouseKeeper.java:startScavenging(132)) - node0 Scavenging every 600000ms
2021-09-08 01:20:30,796 [Listener at 127.0.0.1/40417] INFO  handler.ContextHandler (ContextHandler.java:doStart(915)) - Started o.e.j.s.ServletContextHandler@5dbcaae7{logs,/logs,file:///home/runner/work/ozone/ozone/hadoop-ozone/integration-test/target/log,AVAILABLE}
2021-09-08 01:20:30,796 [Listener at 127.0.0.1/40417] INFO  handler.ContextHandler (ContextHandler.java:doStart(915)) - Started o.e.j.s.ServletContextHandler@75d978a9{static,/static,jar:file:/home/runner/.m2/repository/org/apache/ozone/hdds-container-service/1.2.0-SNAPSHOT/hdds-container-service-1.2.0-SNAPSHOT.jar!/webapps/static,AVAILABLE}
2021-09-08 01:20:30,838 [om1@group-C5BA1605619E-LeaderElection1] INFO  segmented.SegmentedRaftLogWorker (SegmentedRaftLogWorker.java:startLogSegment(394)) - om1@group-C5BA1605619E-SegmentedRaftLogWorker: Starting segment from index:0
2021-09-08 01:20:30,902 [Listener at 127.0.0.1/40417] INFO  handler.ContextHandler (ContextHandler.java:doStart(915)) - Started o.e.j.w.WebAppContext@78828aca{hddsDatanode,/,file:///tmp/jetty-0_0_0_0-36395-hdds-container-service-1_2_0-SNAPSHOT_jar-_-any-4395489687599990265/webapp/,AVAILABLE}{jar:file:/home/runner/.m2/repository/org/apache/ozone/hdds-container-service/1.2.0-SNAPSHOT/hdds-container-service-1.2.0-SNAPSHOT.jar!/webapps/hddsDatanode}
2021-09-08 01:20:30,912 [Listener at 127.0.0.1/40417] INFO  server.AbstractConnector (AbstractConnector.java:doStart(331)) - Started ServerConnector@6d0d557c{HTTP/1.1, (http/1.1)}{0.0.0.0:36395}
2021-09-08 01:20:30,913 [Listener at 127.0.0.1/40417] INFO  server.Server (Server.java:doStart(415)) - Started @7352ms
2021-09-08 01:20:30,913 [Listener at 127.0.0.1/40417] WARN  impl.MetricsSystemImpl (MetricsSystemImpl.java:register(279)) - Sink prometheus already exists!
2021-09-08 01:20:30,914 [Listener at 127.0.0.1/40417] INFO  http.BaseHttpServer (BaseHttpServer.java:updateConnectorAddress(329)) - HTTP server of hddsDatanode listening at http://0.0.0.0:36395
2021-09-08 01:20:30,921 [om1@group-C5BA1605619E-LeaderElection1] INFO  server.RaftServer$Division (ServerState.java:setRaftConf(387)) - om1@group-C5BA1605619E: set configuration 0: [om1|rpc:localhost:9872|admin:|client:|dataStream:|priority:0], old=null
2021-09-08 01:20:30,922 [Listener at 127.0.0.1/40417] WARN  impl.MetricRegistriesImpl (MetricRegistriesImpl.java:addReporterRegistration(111)) - New reporters are added after registries were created. Some metrics will be missing from the reporter. Please add reporter before adding any new registry.
2021-09-08 01:20:30,922 [Listener at 127.0.0.1/40417] WARN  impl.MetricRegistriesImpl (MetricRegistriesImpl.java:addReporterRegistration(111)) - New reporters are added after registries were created. Some metrics will be missing from the reporter. Please add reporter before adding any new registry.
2021-09-08 01:20:30,922 [Listener at 127.0.0.1/40417] INFO  impl.MetricsSystemImpl (MetricsSystemImpl.java:init(158)) - HddsDatanode metrics system started (again)
2021-09-08 01:20:30,932 [Datanode State Machine Thread - 0] INFO  statemachine.DatanodeStateMachine (DatanodeStateMachine.java:lambda$startDaemon$0(456)) - Ozone container server started.
2021-09-08 01:20:30,952 [org.apache.hadoop.util.JvmPauseMonitor$Monitor@79888d34] INFO  util.JvmPauseMonitor (JvmPauseMonitor.java:run(188)) - Starting JVM pause monitor
2021-09-08 01:20:30,956 [Listener at 127.0.0.1/40417] INFO  ozone.HddsDatanodeService (HddsDatanodeService.java:start(234)) - HddsDatanodeService host:fv-az396-69.zsjpccerc4sulamragr3v05mvf.jx.internal.cloudapp.net ip:10.1.0.19
2021-09-08 01:20:30,982 [Datanode State Machine Task Thread - 0] INFO  datanode.InitDatanodeState (InitDatanodeState.java:persistContainerDatanodeDetails(145)) - DatanodeDetails is persisted to /home/runner/work/ozone/ozone/hadoop-ozone/integration-test/target/test-dir/MiniOzoneClusterImpl-0f12cb01-4002-4394-a01c-5903f1f0237a/datanode-1/meta/datanode.id
2021-09-08 01:20:30,991 [Listener at 127.0.0.1/40417] INFO  upgrade.AbstractLayoutVersionManager (AbstractLayoutVersionManager.java:init(79)) - Initializing Layout version manager with metadata layout = SCM_HA (version = 2), software layout = SCM_HA (version = 2)
2021-09-08 01:20:31,031 [om1@group-C5BA1605619E-SegmentedRaftLogWorker] INFO  segmented.SegmentedRaftLogWorker (SegmentedRaftLogWorker.java:execute(601)) - om1@group-C5BA1605619E-SegmentedRaftLogWorker: created new log segment /home/runner/work/ozone/ozone/hadoop-ozone/integration-test/target/test-dir/MiniOzoneClusterImpl-0f12cb01-4002-4394-a01c-5903f1f0237a/ozone-meta/ratis/bf265839-605b-3f16-9796-c5ba1605619e/current/log_inprogress_0
2021-09-08 01:20:31,051 [Listener at 127.0.0.1/40417] INFO  reflections.Reflections (Reflections.java:scan(232)) - Reflections took 56 ms to scan 7 urls, producing 119 keys and 275 values 
2021-09-08 01:20:31,067 [Listener at 127.0.0.1/40417] INFO  volume.HddsVolume (HddsVolume.java:<init>(120)) - Creating HddsVolume: /home/runner/work/ozone/ozone/hadoop-ozone/integration-test/target/test-dir/MiniOzoneClusterImpl-0f12cb01-4002-4394-a01c-5903f1f0237a/datanode-2/data-0/containers/hdds of storage type : DISK capacity : 9223372036854775807
2021-09-08 01:20:31,067 [Listener at 127.0.0.1/40417] INFO  volume.MutableVolumeSet (MutableVolumeSet.java:initializeVolumeSet(168)) - Added Volume : /home/runner/work/ozone/ozone/hadoop-ozone/integration-test/target/test-dir/MiniOzoneClusterImpl-0f12cb01-4002-4394-a01c-5903f1f0237a/datanode-2/data-0/containers/hdds to VolumeSet
2021-09-08 01:20:31,067 [Listener at 127.0.0.1/40417] INFO  volume.ThrottledAsyncChecker (ThrottledAsyncChecker.java:schedule(141)) - Scheduling a check for /home/runner/work/ozone/ozone/hadoop-ozone/integration-test/target/test-dir/MiniOzoneClusterImpl-0f12cb01-4002-4394-a01c-5903f1f0237a/datanode-2/data-0/containers/hdds
2021-09-08 01:20:31,072 [Listener at 127.0.0.1/40417] INFO  volume.StorageVolumeChecker (StorageVolumeChecker.java:checkAllVolumes(202)) - Scheduled health check for volume /home/runner/work/ozone/ozone/hadoop-ozone/integration-test/target/test-dir/MiniOzoneClusterImpl-0f12cb01-4002-4394-a01c-5903f1f0237a/datanode-2/data-0/containers/hdds
2021-09-08 01:20:31,091 [Listener at 127.0.0.1/40417] INFO  volume.MutableVolumeSet (MutableVolumeSet.java:initializeVolumeSet(168)) - Added Volume : /home/runner/work/ozone/ozone/hadoop-ozone/integration-test/target/test-dir/MiniOzoneClusterImpl-0f12cb01-4002-4394-a01c-5903f1f0237a/datanode-2/data/ratis to VolumeSet
2021-09-08 01:20:31,092 [Listener at 127.0.0.1/40417] INFO  volume.ThrottledAsyncChecker (ThrottledAsyncChecker.java:schedule(141)) - Scheduling a check for /home/runner/work/ozone/ozone/hadoop-ozone/integration-test/target/test-dir/MiniOzoneClusterImpl-0f12cb01-4002-4394-a01c-5903f1f0237a/datanode-2/data/ratis
2021-09-08 01:20:31,092 [Listener at 127.0.0.1/40417] INFO  volume.StorageVolumeChecker (StorageVolumeChecker.java:checkAllVolumes(202)) - Scheduled health check for volume /home/runner/work/ozone/ozone/hadoop-ozone/integration-test/target/test-dir/MiniOzoneClusterImpl-0f12cb01-4002-4394-a01c-5903f1f0237a/datanode-2/data/ratis
2021-09-08 01:20:31,126 [Thread-154] INFO  ozoneimpl.ContainerReader (ContainerReader.java:readVolume(172)) - Finish verifying containers on volume /home/runner/work/ozone/ozone/hadoop-ozone/integration-test/target/test-dir/MiniOzoneClusterImpl-0f12cb01-4002-4394-a01c-5903f1f0237a/datanode-2/data-0/containers/hdds
2021-09-08 01:20:31,126 [Listener at 127.0.0.1/40417] INFO  ozoneimpl.OzoneContainer (OzoneContainer.java:buildContainerSet(236)) - Build ContainerSet costs 0s
2021-09-08 01:20:31,130 [Listener at 127.0.0.1/40417] INFO  server.RaftServer (ConfUtils.java:logGet(44)) - raft.rpc.type = GRPC (default)
2021-09-08 01:20:31,130 [Listener at 127.0.0.1/40417] INFO  grpc.GrpcFactory (GrpcFactory.java:checkPooledByteBufAllocatorUseCacheForAllThreads(48)) - PERFORMANCE WARNING: useCacheForAllThreads is true that may cause Netty to create a lot garbage objects and, as a result, trigger GC.
	It is recommended to disable useCacheForAllThreads by setting -Dorg.apache.ratis.thirdparty.io.netty.allocator.useCacheForAllThreads=false in command line.
2021-09-08 01:20:31,130 [Listener at 127.0.0.1/40417] INFO  grpc.GrpcConfigKeys (ConfUtils.java:logGet(44)) - raft.grpc.admin.port = 0 (custom)
2021-09-08 01:20:31,130 [Listener at 127.0.0.1/40417] INFO  grpc.GrpcConfigKeys (ConfUtils.java:logGet(44)) - raft.grpc.client.port = 0 (custom)
2021-09-08 01:20:31,130 [Listener at 127.0.0.1/40417] INFO  grpc.GrpcConfigKeys (ConfUtils.java:logGet(44)) - raft.grpc.server.port = 0 (default)
2021-09-08 01:20:31,131 [Listener at 127.0.0.1/40417] INFO  server.GrpcService (ConfUtils.java:logGet(44)) - raft.grpc.message.size.max = 32MB (=33554432) (custom)
2021-09-08 01:20:31,131 [Listener at 127.0.0.1/40417] INFO  server.RaftServerConfigKeys (ConfUtils.java:logGet(44)) - raft.server.log.appender.buffer.byte-limit = 33554432 (custom)
2021-09-08 01:20:31,131 [Listener at 127.0.0.1/40417] INFO  server.GrpcService (ConfUtils.java:logGet(44)) - raft.grpc.flow.control.window = 5MB (=5242880) (custom)
2021-09-08 01:20:31,131 [Listener at 127.0.0.1/40417] INFO  server.RaftServerConfigKeys (ConfUtils.java:logGet(44)) - raft.server.rpc.request.timeout = 3000ms (default)
2021-09-08 01:20:31,134 [Listener at 127.0.0.1/40417] INFO  impl.DataStreamServerImpl (ConfUtils.java:logGet(44)) - raft.datastream.type = DISABLED (default)
2021-09-08 01:20:31,134 [Listener at 127.0.0.1/40417] INFO  server.RaftServerConfigKeys (ConfUtils.java:logGet(44)) - raft.server.rpc.slowness.timeout = 300000ms (custom)
2021-09-08 01:20:31,134 [Listener at 127.0.0.1/40417] INFO  server.RaftServerConfigKeys (ConfUtils.java:logGet(44)) - raft.server.leaderelection.leader.step-down.wait-time = 10s (default)
2021-09-08 01:20:31,135 [Listener at 127.0.0.1/40417] INFO  server.RaftServerConfigKeys (ConfUtils.java:logGet(44)) - raft.server.storage.dir = [/home/runner/work/ozone/ozone/hadoop-ozone/integration-test/target/test-dir/MiniOzoneClusterImpl-0f12cb01-4002-4394-a01c-5903f1f0237a/datanode-2/data/ratis] (custom)
2021-09-08 01:20:31,153 [Listener at 127.0.0.1/40417] INFO  http.BaseHttpServer (BaseHttpServer.java:newHttpServer2BuilderForOzone(209)) - Starting Web-server for hddsDatanode at: http://0.0.0.0:0
2021-09-08 01:20:31,153 [Listener at 127.0.0.1/40417] INFO  http.BaseHttpServer (BaseHttpServer.java:<init>(107)) - Hadoop Security Enabled: false Ozone Security Enabled: false Ozone HTTP Security Enabled: false 
2021-09-08 01:20:31,154 [Listener at 127.0.0.1/40417] INFO  server.AuthenticationFilter (AuthenticationFilter.java:constructSecretProvider(240)) - Unable to initialize FileSignerSecretProvider, falling back to use random secrets.
2021-09-08 01:20:31,155 [Listener at 127.0.0.1/40417] WARN  http.HttpRequestLog (HttpRequestLog.java:getRequestLog(103)) - Jetty request log can only be enabled using Log4j
2021-09-08 01:20:31,156 [Listener at 127.0.0.1/40417] INFO  http.HttpServer2 (HttpServer2.java:addGlobalFilter(1030)) - Added global filter 'safety' (class=org.apache.hadoop.hdds.server.http.HttpServer2$QuotingInputFilter)
2021-09-08 01:20:31,157 [Listener at 127.0.0.1/40417] INFO  http.HttpServer2 (HttpServer2.java:addFilter(1006)) - Added filter static_user_filter (class=org.apache.hadoop.http.lib.StaticUserWebFilter$StaticUserFilter) to context hddsDatanode
2021-09-08 01:20:31,157 [Listener at 127.0.0.1/40417] INFO  http.HttpServer2 (HttpServer2.java:addFilter(1014)) - Added filter static_user_filter (class=org.apache.hadoop.http.lib.StaticUserWebFilter$StaticUserFilter) to context logs
2021-09-08 01:20:31,157 [Listener at 127.0.0.1/40417] INFO  http.HttpServer2 (HttpServer2.java:addFilter(1014)) - Added filter static_user_filter (class=org.apache.hadoop.http.lib.StaticUserWebFilter$StaticUserFilter) to context static
2021-09-08 01:20:31,162 [Listener at 127.0.0.1/40417] INFO  http.HttpServer2 (HttpServer2.java:bindListener(1249)) - Jetty bound to port 38517
2021-09-08 01:20:31,163 [Listener at 127.0.0.1/40417] INFO  server.Server (Server.java:doStart(375)) - jetty-9.4.43.v20210629; built: 2021-06-30T11:07:22.254Z; git: 526006ecfa3af7f1a27ef3a288e2bef7ea9dd7e8; jvm 1.8.0_292-b10
2021-09-08 01:20:31,163 [om1@group-C5BA1605619E-StateMachineUpdater] INFO  ratis.OzoneManagerStateMachine (OzoneManagerStateMachine.java:notifyConfigurationChanged(188)) - Received Configuration change notification from Ratis. New Peer list:
[id: "om1"
address: "localhost:9872"
]
2021-09-08 01:20:31,167 [Listener at 127.0.0.1/40417] INFO  server.session (DefaultSessionIdManager.java:doStart(334)) - DefaultSessionIdManager workerName=node0
2021-09-08 01:20:31,167 [Listener at 127.0.0.1/40417] INFO  server.session (DefaultSessionIdManager.java:doStart(339)) - No SessionScavenger set, using defaults
2021-09-08 01:20:31,168 [Listener at 127.0.0.1/40417] INFO  server.session (HouseKeeper.java:startScavenging(132)) - node0 Scavenging every 600000ms
2021-09-08 01:20:31,169 [Listener at 127.0.0.1/40417] INFO  handler.ContextHandler (ContextHandler.java:doStart(915)) - Started o.e.j.s.ServletContextHandler@c038839{logs,/logs,file:///home/runner/work/ozone/ozone/hadoop-ozone/integration-test/target/log,AVAILABLE}
2021-09-08 01:20:31,170 [Listener at 127.0.0.1/40417] INFO  handler.ContextHandler (ContextHandler.java:doStart(915)) - Started o.e.j.s.ServletContextHandler@54ba8e11{static,/static,jar:file:/home/runner/.m2/repository/org/apache/ozone/hdds-container-service/1.2.0-SNAPSHOT/hdds-container-service-1.2.0-SNAPSHOT.jar!/webapps/static,AVAILABLE}
2021-09-08 01:20:31,210 [Listener at 127.0.0.1/40417] INFO  handler.ContextHandler (ContextHandler.java:doStart(915)) - Started o.e.j.w.WebAppContext@5bd5ace9{hddsDatanode,/,file:///tmp/jetty-0_0_0_0-38517-hdds-container-service-1_2_0-SNAPSHOT_jar-_-any-2912549964199103027/webapp/,AVAILABLE}{jar:file:/home/runner/.m2/repository/org/apache/ozone/hdds-container-service/1.2.0-SNAPSHOT/hdds-container-service-1.2.0-SNAPSHOT.jar!/webapps/hddsDatanode}
2021-09-08 01:20:31,211 [Listener at 127.0.0.1/40417] INFO  server.AbstractConnector (AbstractConnector.java:doStart(331)) - Started ServerConnector@52d48643{HTTP/1.1, (http/1.1)}{0.0.0.0:38517}
2021-09-08 01:20:31,211 [Listener at 127.0.0.1/40417] INFO  server.Server (Server.java:doStart(415)) - Started @7651ms
2021-09-08 01:20:31,211 [Listener at 127.0.0.1/40417] WARN  impl.MetricsSystemImpl (MetricsSystemImpl.java:register(279)) - Sink prometheus already exists!
2021-09-08 01:20:31,212 [Listener at 127.0.0.1/40417] INFO  http.BaseHttpServer (BaseHttpServer.java:updateConnectorAddress(329)) - HTTP server of hddsDatanode listening at http://0.0.0.0:38517
2021-09-08 01:20:31,214 [Datanode State Machine Thread - 0] INFO  statemachine.DatanodeStateMachine (DatanodeStateMachine.java:lambda$startDaemon$0(456)) - Ozone container server started.
2021-09-08 01:20:31,214 [Listener at 127.0.0.1/40417] WARN  impl.MetricRegistriesImpl (MetricRegistriesImpl.java:addReporterRegistration(111)) - New reporters are added after registries were created. Some metrics will be missing from the reporter. Please add reporter before adding any new registry.
2021-09-08 01:20:31,217 [Listener at 127.0.0.1/40417] WARN  impl.MetricRegistriesImpl (MetricRegistriesImpl.java:addReporterRegistration(111)) - New reporters are added after registries were created. Some metrics will be missing from the reporter. Please add reporter before adding any new registry.
2021-09-08 01:20:31,217 [Listener at 127.0.0.1/40417] INFO  impl.MetricsSystemImpl (MetricsSystemImpl.java:init(158)) - HddsDatanode metrics system started (again)
2021-09-08 01:20:31,232 [org.apache.hadoop.util.JvmPauseMonitor$Monitor@6b91582e] INFO  util.JvmPauseMonitor (JvmPauseMonitor.java:run(188)) - Starting JVM pause monitor
2021-09-08 01:20:31,239 [Datanode State Machine Task Thread - 0] INFO  datanode.InitDatanodeState (InitDatanodeState.java:persistContainerDatanodeDetails(145)) - DatanodeDetails is persisted to /home/runner/work/ozone/ozone/hadoop-ozone/integration-test/target/test-dir/MiniOzoneClusterImpl-0f12cb01-4002-4394-a01c-5903f1f0237a/datanode-2/meta/datanode.id
2021-09-08 01:20:31,242 [Listener at 127.0.0.1/40417] INFO  ozone.HddsDatanodeService (HddsDatanodeService.java:start(234)) - HddsDatanodeService host:fv-az396-69.zsjpccerc4sulamragr3v05mvf.jx.internal.cloudapp.net ip:10.1.0.19
2021-09-08 01:20:31,268 [Listener at 127.0.0.1/40417] INFO  upgrade.AbstractLayoutVersionManager (AbstractLayoutVersionManager.java:init(79)) - Initializing Layout version manager with metadata layout = SCM_HA (version = 2), software layout = SCM_HA (version = 2)
2021-09-08 01:20:31,311 [Listener at 127.0.0.1/40417] INFO  reflections.Reflections (Reflections.java:scan(232)) - Reflections took 42 ms to scan 7 urls, producing 119 keys and 275 values 
2021-09-08 01:20:31,317 [Listener at 127.0.0.1/40417] INFO  volume.HddsVolume (HddsVolume.java:<init>(120)) - Creating HddsVolume: /home/runner/work/ozone/ozone/hadoop-ozone/integration-test/target/test-dir/MiniOzoneClusterImpl-0f12cb01-4002-4394-a01c-5903f1f0237a/datanode-3/data-0/containers/hdds of storage type : DISK capacity : 9223372036854775807
2021-09-08 01:20:31,317 [Listener at 127.0.0.1/40417] INFO  volume.MutableVolumeSet (MutableVolumeSet.java:initializeVolumeSet(168)) - Added Volume : /home/runner/work/ozone/ozone/hadoop-ozone/integration-test/target/test-dir/MiniOzoneClusterImpl-0f12cb01-4002-4394-a01c-5903f1f0237a/datanode-3/data-0/containers/hdds to VolumeSet
2021-09-08 01:20:31,317 [Listener at 127.0.0.1/40417] INFO  volume.ThrottledAsyncChecker (ThrottledAsyncChecker.java:schedule(141)) - Scheduling a check for /home/runner/work/ozone/ozone/hadoop-ozone/integration-test/target/test-dir/MiniOzoneClusterImpl-0f12cb01-4002-4394-a01c-5903f1f0237a/datanode-3/data-0/containers/hdds
2021-09-08 01:20:31,320 [Listener at 127.0.0.1/40417] INFO  volume.StorageVolumeChecker (StorageVolumeChecker.java:checkAllVolumes(202)) - Scheduled health check for volume /home/runner/work/ozone/ozone/hadoop-ozone/integration-test/target/test-dir/MiniOzoneClusterImpl-0f12cb01-4002-4394-a01c-5903f1f0237a/datanode-3/data-0/containers/hdds
2021-09-08 01:20:31,334 [Listener at 127.0.0.1/40417] INFO  volume.MutableVolumeSet (MutableVolumeSet.java:initializeVolumeSet(168)) - Added Volume : /home/runner/work/ozone/ozone/hadoop-ozone/integration-test/target/test-dir/MiniOzoneClusterImpl-0f12cb01-4002-4394-a01c-5903f1f0237a/datanode-3/data/ratis to VolumeSet
2021-09-08 01:20:31,335 [Listener at 127.0.0.1/40417] INFO  volume.ThrottledAsyncChecker (ThrottledAsyncChecker.java:schedule(141)) - Scheduling a check for /home/runner/work/ozone/ozone/hadoop-ozone/integration-test/target/test-dir/MiniOzoneClusterImpl-0f12cb01-4002-4394-a01c-5903f1f0237a/datanode-3/data/ratis
2021-09-08 01:20:31,336 [Listener at 127.0.0.1/40417] INFO  volume.StorageVolumeChecker (StorageVolumeChecker.java:checkAllVolumes(202)) - Scheduled health check for volume /home/runner/work/ozone/ozone/hadoop-ozone/integration-test/target/test-dir/MiniOzoneClusterImpl-0f12cb01-4002-4394-a01c-5903f1f0237a/datanode-3/data/ratis
2021-09-08 01:20:31,349 [Thread-166] INFO  ozoneimpl.ContainerReader (ContainerReader.java:readVolume(172)) - Finish verifying containers on volume /home/runner/work/ozone/ozone/hadoop-ozone/integration-test/target/test-dir/MiniOzoneClusterImpl-0f12cb01-4002-4394-a01c-5903f1f0237a/datanode-3/data-0/containers/hdds
2021-09-08 01:20:31,349 [Listener at 127.0.0.1/40417] INFO  ozoneimpl.OzoneContainer (OzoneContainer.java:buildContainerSet(236)) - Build ContainerSet costs 0s
2021-09-08 01:20:31,352 [Listener at 127.0.0.1/40417] INFO  server.RaftServer (ConfUtils.java:logGet(44)) - raft.rpc.type = GRPC (default)
2021-09-08 01:20:31,352 [Listener at 127.0.0.1/40417] INFO  grpc.GrpcFactory (GrpcFactory.java:checkPooledByteBufAllocatorUseCacheForAllThreads(48)) - PERFORMANCE WARNING: useCacheForAllThreads is true that may cause Netty to create a lot garbage objects and, as a result, trigger GC.
	It is recommended to disable useCacheForAllThreads by setting -Dorg.apache.ratis.thirdparty.io.netty.allocator.useCacheForAllThreads=false in command line.
2021-09-08 01:20:31,352 [Listener at 127.0.0.1/40417] INFO  grpc.GrpcConfigKeys (ConfUtils.java:logGet(44)) - raft.grpc.admin.port = 0 (custom)
2021-09-08 01:20:31,353 [Listener at 127.0.0.1/40417] INFO  grpc.GrpcConfigKeys (ConfUtils.java:logGet(44)) - raft.grpc.client.port = 0 (custom)
2021-09-08 01:20:31,353 [Listener at 127.0.0.1/40417] INFO  grpc.GrpcConfigKeys (ConfUtils.java:logGet(44)) - raft.grpc.server.port = 0 (default)
2021-09-08 01:20:31,353 [Listener at 127.0.0.1/40417] INFO  server.GrpcService (ConfUtils.java:logGet(44)) - raft.grpc.message.size.max = 32MB (=33554432) (custom)
2021-09-08 01:20:31,353 [Listener at 127.0.0.1/40417] INFO  server.RaftServerConfigKeys (ConfUtils.java:logGet(44)) - raft.server.log.appender.buffer.byte-limit = 33554432 (custom)
2021-09-08 01:20:31,353 [Listener at 127.0.0.1/40417] INFO  server.GrpcService (ConfUtils.java:logGet(44)) - raft.grpc.flow.control.window = 5MB (=5242880) (custom)
2021-09-08 01:20:31,354 [Listener at 127.0.0.1/40417] INFO  server.RaftServerConfigKeys (ConfUtils.java:logGet(44)) - raft.server.rpc.request.timeout = 3000ms (default)
2021-09-08 01:20:31,355 [Listener at 127.0.0.1/40417] INFO  impl.DataStreamServerImpl (ConfUtils.java:logGet(44)) - raft.datastream.type = DISABLED (default)
2021-09-08 01:20:31,355 [Listener at 127.0.0.1/40417] INFO  server.RaftServerConfigKeys (ConfUtils.java:logGet(44)) - raft.server.rpc.slowness.timeout = 300000ms (custom)
2021-09-08 01:20:31,355 [Listener at 127.0.0.1/40417] INFO  server.RaftServerConfigKeys (ConfUtils.java:logGet(44)) - raft.server.leaderelection.leader.step-down.wait-time = 10s (default)
2021-09-08 01:20:31,355 [Listener at 127.0.0.1/40417] INFO  server.RaftServerConfigKeys (ConfUtils.java:logGet(44)) - raft.server.storage.dir = [/home/runner/work/ozone/ozone/hadoop-ozone/integration-test/target/test-dir/MiniOzoneClusterImpl-0f12cb01-4002-4394-a01c-5903f1f0237a/datanode-3/data/ratis] (custom)
2021-09-08 01:20:31,364 [Listener at 127.0.0.1/40417] INFO  http.BaseHttpServer (BaseHttpServer.java:newHttpServer2BuilderForOzone(209)) - Starting Web-server for hddsDatanode at: http://0.0.0.0:0
2021-09-08 01:20:31,364 [Listener at 127.0.0.1/40417] INFO  http.BaseHttpServer (BaseHttpServer.java:<init>(107)) - Hadoop Security Enabled: false Ozone Security Enabled: false Ozone HTTP Security Enabled: false 
2021-09-08 01:20:31,365 [Listener at 127.0.0.1/40417] INFO  server.AuthenticationFilter (AuthenticationFilter.java:constructSecretProvider(240)) - Unable to initialize FileSignerSecretProvider, falling back to use random secrets.
2021-09-08 01:20:31,366 [Listener at 127.0.0.1/40417] WARN  http.HttpRequestLog (HttpRequestLog.java:getRequestLog(103)) - Jetty request log can only be enabled using Log4j
2021-09-08 01:20:31,367 [Listener at 127.0.0.1/40417] INFO  http.HttpServer2 (HttpServer2.java:addGlobalFilter(1030)) - Added global filter 'safety' (class=org.apache.hadoop.hdds.server.http.HttpServer2$QuotingInputFilter)
2021-09-08 01:20:31,367 [Listener at 127.0.0.1/40417] INFO  http.HttpServer2 (HttpServer2.java:addFilter(1006)) - Added filter static_user_filter (class=org.apache.hadoop.http.lib.StaticUserWebFilter$StaticUserFilter) to context hddsDatanode
2021-09-08 01:20:31,368 [Listener at 127.0.0.1/40417] INFO  http.HttpServer2 (HttpServer2.java:addFilter(1014)) - Added filter static_user_filter (class=org.apache.hadoop.http.lib.StaticUserWebFilter$StaticUserFilter) to context logs
2021-09-08 01:20:31,368 [Listener at 127.0.0.1/40417] INFO  http.HttpServer2 (HttpServer2.java:addFilter(1014)) - Added filter static_user_filter (class=org.apache.hadoop.http.lib.StaticUserWebFilter$StaticUserFilter) to context static
2021-09-08 01:20:31,368 [Listener at 127.0.0.1/40417] INFO  http.HttpServer2 (HttpServer2.java:bindListener(1249)) - Jetty bound to port 44447
2021-09-08 01:20:31,369 [Listener at 127.0.0.1/40417] INFO  server.Server (Server.java:doStart(375)) - jetty-9.4.43.v20210629; built: 2021-06-30T11:07:22.254Z; git: 526006ecfa3af7f1a27ef3a288e2bef7ea9dd7e8; jvm 1.8.0_292-b10
2021-09-08 01:20:31,371 [Listener at 127.0.0.1/40417] INFO  server.session (DefaultSessionIdManager.java:doStart(334)) - DefaultSessionIdManager workerName=node0
2021-09-08 01:20:31,371 [Listener at 127.0.0.1/40417] INFO  server.session (DefaultSessionIdManager.java:doStart(339)) - No SessionScavenger set, using defaults
2021-09-08 01:20:31,371 [Listener at 127.0.0.1/40417] INFO  server.session (HouseKeeper.java:startScavenging(132)) - node0 Scavenging every 600000ms
2021-09-08 01:20:31,372 [Listener at 127.0.0.1/40417] INFO  handler.ContextHandler (ContextHandler.java:doStart(915)) - Started o.e.j.s.ServletContextHandler@1ecb3cde{logs,/logs,file:///home/runner/work/ozone/ozone/hadoop-ozone/integration-test/target/log,AVAILABLE}
2021-09-08 01:20:31,372 [Listener at 127.0.0.1/40417] INFO  handler.ContextHandler (ContextHandler.java:doStart(915)) - Started o.e.j.s.ServletContextHandler@1af03386{static,/static,jar:file:/home/runner/.m2/repository/org/apache/ozone/hdds-container-service/1.2.0-SNAPSHOT/hdds-container-service-1.2.0-SNAPSHOT.jar!/webapps/static,AVAILABLE}
2021-09-08 01:20:31,414 [Listener at 127.0.0.1/40417] INFO  handler.ContextHandler (ContextHandler.java:doStart(915)) - Started o.e.j.w.WebAppContext@43759560{hddsDatanode,/,file:///tmp/jetty-0_0_0_0-44447-hdds-container-service-1_2_0-SNAPSHOT_jar-_-any-2646517170899962834/webapp/,AVAILABLE}{jar:file:/home/runner/.m2/repository/org/apache/ozone/hdds-container-service/1.2.0-SNAPSHOT/hdds-container-service-1.2.0-SNAPSHOT.jar!/webapps/hddsDatanode}
2021-09-08 01:20:31,415 [Listener at 127.0.0.1/40417] INFO  server.AbstractConnector (AbstractConnector.java:doStart(331)) - Started ServerConnector@444d2bb6{HTTP/1.1, (http/1.1)}{0.0.0.0:44447}
2021-09-08 01:20:31,415 [Listener at 127.0.0.1/40417] INFO  server.Server (Server.java:doStart(415)) - Started @7855ms
2021-09-08 01:20:31,415 [Listener at 127.0.0.1/40417] WARN  impl.MetricsSystemImpl (MetricsSystemImpl.java:register(279)) - Sink prometheus already exists!
2021-09-08 01:20:31,416 [Listener at 127.0.0.1/40417] INFO  http.BaseHttpServer (BaseHttpServer.java:updateConnectorAddress(329)) - HTTP server of hddsDatanode listening at http://0.0.0.0:44447
2021-09-08 01:20:31,416 [Listener at 127.0.0.1/40417] WARN  impl.MetricRegistriesImpl (MetricRegistriesImpl.java:addReporterRegistration(111)) - New reporters are added after registries were created. Some metrics will be missing from the reporter. Please add reporter before adding any new registry.
2021-09-08 01:20:31,416 [Listener at 127.0.0.1/40417] WARN  impl.MetricRegistriesImpl (MetricRegistriesImpl.java:addReporterRegistration(111)) - New reporters are added after registries were created. Some metrics will be missing from the reporter. Please add reporter before adding any new registry.
2021-09-08 01:20:31,417 [Listener at 127.0.0.1/40417] INFO  impl.MetricsSystemImpl (MetricsSystemImpl.java:init(158)) - HddsDatanode metrics system started (again)
2021-09-08 01:20:31,428 [Datanode State Machine Thread - 0] INFO  statemachine.DatanodeStateMachine (DatanodeStateMachine.java:lambda$startDaemon$0(456)) - Ozone container server started.
2021-09-08 01:20:31,446 [org.apache.hadoop.util.JvmPauseMonitor$Monitor@7d50191a] INFO  util.JvmPauseMonitor (JvmPauseMonitor.java:run(188)) - Starting JVM pause monitor
2021-09-08 01:20:31,446 [Listener at 127.0.0.1/40417] INFO  ozone.HddsDatanodeService (HddsDatanodeService.java:start(234)) - HddsDatanodeService host:fv-az396-69.zsjpccerc4sulamragr3v05mvf.jx.internal.cloudapp.net ip:10.1.0.19
2021-09-08 01:20:31,450 [Datanode State Machine Task Thread - 0] INFO  datanode.InitDatanodeState (InitDatanodeState.java:persistContainerDatanodeDetails(145)) - DatanodeDetails is persisted to /home/runner/work/ozone/ozone/hadoop-ozone/integration-test/target/test-dir/MiniOzoneClusterImpl-0f12cb01-4002-4394-a01c-5903f1f0237a/datanode-3/meta/datanode.id
2021-09-08 01:20:31,466 [Listener at 127.0.0.1/40417] INFO  upgrade.AbstractLayoutVersionManager (AbstractLayoutVersionManager.java:init(79)) - Initializing Layout version manager with metadata layout = SCM_HA (version = 2), software layout = SCM_HA (version = 2)
2021-09-08 01:20:31,507 [Listener at 127.0.0.1/40417] INFO  reflections.Reflections (Reflections.java:scan(232)) - Reflections took 40 ms to scan 7 urls, producing 119 keys and 275 values 
2021-09-08 01:20:31,513 [Listener at 127.0.0.1/40417] INFO  volume.HddsVolume (HddsVolume.java:<init>(120)) - Creating HddsVolume: /home/runner/work/ozone/ozone/hadoop-ozone/integration-test/target/test-dir/MiniOzoneClusterImpl-0f12cb01-4002-4394-a01c-5903f1f0237a/datanode-4/data-0/containers/hdds of storage type : DISK capacity : 9223372036854775807
2021-09-08 01:20:31,513 [Listener at 127.0.0.1/40417] INFO  volume.MutableVolumeSet (MutableVolumeSet.java:initializeVolumeSet(168)) - Added Volume : /home/runner/work/ozone/ozone/hadoop-ozone/integration-test/target/test-dir/MiniOzoneClusterImpl-0f12cb01-4002-4394-a01c-5903f1f0237a/datanode-4/data-0/containers/hdds to VolumeSet
2021-09-08 01:20:31,513 [Listener at 127.0.0.1/40417] INFO  volume.ThrottledAsyncChecker (ThrottledAsyncChecker.java:schedule(141)) - Scheduling a check for /home/runner/work/ozone/ozone/hadoop-ozone/integration-test/target/test-dir/MiniOzoneClusterImpl-0f12cb01-4002-4394-a01c-5903f1f0237a/datanode-4/data-0/containers/hdds
2021-09-08 01:20:31,516 [Listener at 127.0.0.1/40417] INFO  volume.StorageVolumeChecker (StorageVolumeChecker.java:checkAllVolumes(202)) - Scheduled health check for volume /home/runner/work/ozone/ozone/hadoop-ozone/integration-test/target/test-dir/MiniOzoneClusterImpl-0f12cb01-4002-4394-a01c-5903f1f0237a/datanode-4/data-0/containers/hdds
2021-09-08 01:20:31,530 [Listener at 127.0.0.1/40417] INFO  volume.MutableVolumeSet (MutableVolumeSet.java:initializeVolumeSet(168)) - Added Volume : /home/runner/work/ozone/ozone/hadoop-ozone/integration-test/target/test-dir/MiniOzoneClusterImpl-0f12cb01-4002-4394-a01c-5903f1f0237a/datanode-4/data/ratis to VolumeSet
2021-09-08 01:20:31,530 [Listener at 127.0.0.1/40417] INFO  volume.ThrottledAsyncChecker (ThrottledAsyncChecker.java:schedule(141)) - Scheduling a check for /home/runner/work/ozone/ozone/hadoop-ozone/integration-test/target/test-dir/MiniOzoneClusterImpl-0f12cb01-4002-4394-a01c-5903f1f0237a/datanode-4/data/ratis
2021-09-08 01:20:31,530 [Listener at 127.0.0.1/40417] INFO  volume.StorageVolumeChecker (StorageVolumeChecker.java:checkAllVolumes(202)) - Scheduled health check for volume /home/runner/work/ozone/ozone/hadoop-ozone/integration-test/target/test-dir/MiniOzoneClusterImpl-0f12cb01-4002-4394-a01c-5903f1f0237a/datanode-4/data/ratis
2021-09-08 01:20:31,543 [Thread-178] INFO  ozoneimpl.ContainerReader (ContainerReader.java:readVolume(172)) - Finish verifying containers on volume /home/runner/work/ozone/ozone/hadoop-ozone/integration-test/target/test-dir/MiniOzoneClusterImpl-0f12cb01-4002-4394-a01c-5903f1f0237a/datanode-4/data-0/containers/hdds
2021-09-08 01:20:31,543 [Listener at 127.0.0.1/40417] INFO  ozoneimpl.OzoneContainer (OzoneContainer.java:buildContainerSet(236)) - Build ContainerSet costs 0s
2021-09-08 01:20:31,546 [Listener at 127.0.0.1/40417] INFO  server.RaftServer (ConfUtils.java:logGet(44)) - raft.rpc.type = GRPC (default)
2021-09-08 01:20:31,546 [Listener at 127.0.0.1/40417] INFO  grpc.GrpcFactory (GrpcFactory.java:checkPooledByteBufAllocatorUseCacheForAllThreads(48)) - PERFORMANCE WARNING: useCacheForAllThreads is true that may cause Netty to create a lot garbage objects and, as a result, trigger GC.
	It is recommended to disable useCacheForAllThreads by setting -Dorg.apache.ratis.thirdparty.io.netty.allocator.useCacheForAllThreads=false in command line.
2021-09-08 01:20:31,546 [Listener at 127.0.0.1/40417] INFO  grpc.GrpcConfigKeys (ConfUtils.java:logGet(44)) - raft.grpc.admin.port = 0 (custom)
2021-09-08 01:20:31,546 [Listener at 127.0.0.1/40417] INFO  grpc.GrpcConfigKeys (ConfUtils.java:logGet(44)) - raft.grpc.client.port = 0 (custom)
2021-09-08 01:20:31,546 [Listener at 127.0.0.1/40417] INFO  grpc.GrpcConfigKeys (ConfUtils.java:logGet(44)) - raft.grpc.server.port = 0 (default)
2021-09-08 01:20:31,547 [Listener at 127.0.0.1/40417] INFO  server.GrpcService (ConfUtils.java:logGet(44)) - raft.grpc.message.size.max = 32MB (=33554432) (custom)
2021-09-08 01:20:31,547 [Listener at 127.0.0.1/40417] INFO  server.RaftServerConfigKeys (ConfUtils.java:logGet(44)) - raft.server.log.appender.buffer.byte-limit = 33554432 (custom)
2021-09-08 01:20:31,547 [Listener at 127.0.0.1/40417] INFO  server.GrpcService (ConfUtils.java:logGet(44)) - raft.grpc.flow.control.window = 5MB (=5242880) (custom)
2021-09-08 01:20:31,547 [Listener at 127.0.0.1/40417] INFO  server.RaftServerConfigKeys (ConfUtils.java:logGet(44)) - raft.server.rpc.request.timeout = 3000ms (default)
2021-09-08 01:20:31,548 [Listener at 127.0.0.1/40417] INFO  impl.DataStreamServerImpl (ConfUtils.java:logGet(44)) - raft.datastream.type = DISABLED (default)
2021-09-08 01:20:31,549 [Listener at 127.0.0.1/40417] INFO  server.RaftServerConfigKeys (ConfUtils.java:logGet(44)) - raft.server.rpc.slowness.timeout = 300000ms (custom)
2021-09-08 01:20:31,549 [Listener at 127.0.0.1/40417] INFO  server.RaftServerConfigKeys (ConfUtils.java:logGet(44)) - raft.server.leaderelection.leader.step-down.wait-time = 10s (default)
2021-09-08 01:20:31,549 [Listener at 127.0.0.1/40417] INFO  server.RaftServerConfigKeys (ConfUtils.java:logGet(44)) - raft.server.storage.dir = [/home/runner/work/ozone/ozone/hadoop-ozone/integration-test/target/test-dir/MiniOzoneClusterImpl-0f12cb01-4002-4394-a01c-5903f1f0237a/datanode-4/data/ratis] (custom)
2021-09-08 01:20:31,552 [Listener at 127.0.0.1/40417] INFO  http.BaseHttpServer (BaseHttpServer.java:newHttpServer2BuilderForOzone(209)) - Starting Web-server for hddsDatanode at: http://0.0.0.0:0
2021-09-08 01:20:31,553 [Listener at 127.0.0.1/40417] INFO  http.BaseHttpServer (BaseHttpServer.java:<init>(107)) - Hadoop Security Enabled: false Ozone Security Enabled: false Ozone HTTP Security Enabled: false 
2021-09-08 01:20:31,554 [Listener at 127.0.0.1/40417] INFO  server.AuthenticationFilter (AuthenticationFilter.java:constructSecretProvider(240)) - Unable to initialize FileSignerSecretProvider, falling back to use random secrets.
2021-09-08 01:20:31,554 [Listener at 127.0.0.1/40417] WARN  http.HttpRequestLog (HttpRequestLog.java:getRequestLog(103)) - Jetty request log can only be enabled using Log4j
2021-09-08 01:20:31,555 [Listener at 127.0.0.1/40417] INFO  http.HttpServer2 (HttpServer2.java:addGlobalFilter(1030)) - Added global filter 'safety' (class=org.apache.hadoop.hdds.server.http.HttpServer2$QuotingInputFilter)
2021-09-08 01:20:31,556 [Listener at 127.0.0.1/40417] INFO  http.HttpServer2 (HttpServer2.java:addFilter(1006)) - Added filter static_user_filter (class=org.apache.hadoop.http.lib.StaticUserWebFilter$StaticUserFilter) to context hddsDatanode
2021-09-08 01:20:31,556 [Listener at 127.0.0.1/40417] INFO  http.HttpServer2 (HttpServer2.java:addFilter(1014)) - Added filter static_user_filter (class=org.apache.hadoop.http.lib.StaticUserWebFilter$StaticUserFilter) to context logs
2021-09-08 01:20:31,556 [Listener at 127.0.0.1/40417] INFO  http.HttpServer2 (HttpServer2.java:addFilter(1014)) - Added filter static_user_filter (class=org.apache.hadoop.http.lib.StaticUserWebFilter$StaticUserFilter) to context static
2021-09-08 01:20:31,557 [Listener at 127.0.0.1/40417] INFO  http.HttpServer2 (HttpServer2.java:bindListener(1249)) - Jetty bound to port 45445
2021-09-08 01:20:31,557 [Listener at 127.0.0.1/40417] INFO  server.Server (Server.java:doStart(375)) - jetty-9.4.43.v20210629; built: 2021-06-30T11:07:22.254Z; git: 526006ecfa3af7f1a27ef3a288e2bef7ea9dd7e8; jvm 1.8.0_292-b10
2021-09-08 01:20:31,559 [Listener at 127.0.0.1/40417] INFO  server.session (DefaultSessionIdManager.java:doStart(334)) - DefaultSessionIdManager workerName=node0
2021-09-08 01:20:31,559 [Listener at 127.0.0.1/40417] INFO  server.session (DefaultSessionIdManager.java:doStart(339)) - No SessionScavenger set, using defaults
2021-09-08 01:20:31,559 [Listener at 127.0.0.1/40417] INFO  server.session (HouseKeeper.java:startScavenging(132)) - node0 Scavenging every 600000ms
2021-09-08 01:20:31,560 [Listener at 127.0.0.1/40417] INFO  handler.ContextHandler (ContextHandler.java:doStart(915)) - Started o.e.j.s.ServletContextHandler@5b3eb1dd{logs,/logs,file:///home/runner/work/ozone/ozone/hadoop-ozone/integration-test/target/log,AVAILABLE}
2021-09-08 01:20:31,560 [Listener at 127.0.0.1/40417] INFO  handler.ContextHandler (ContextHandler.java:doStart(915)) - Started o.e.j.s.ServletContextHandler@622031f8{static,/static,jar:file:/home/runner/.m2/repository/org/apache/ozone/hdds-container-service/1.2.0-SNAPSHOT/hdds-container-service-1.2.0-SNAPSHOT.jar!/webapps/static,AVAILABLE}
2021-09-08 01:20:31,608 [Listener at 127.0.0.1/40417] INFO  handler.ContextHandler (ContextHandler.java:doStart(915)) - Started o.e.j.w.WebAppContext@111d4b1c{hddsDatanode,/,file:///tmp/jetty-0_0_0_0-45445-hdds-container-service-1_2_0-SNAPSHOT_jar-_-any-8607688454725788598/webapp/,AVAILABLE}{jar:file:/home/runner/.m2/repository/org/apache/ozone/hdds-container-service/1.2.0-SNAPSHOT/hdds-container-service-1.2.0-SNAPSHOT.jar!/webapps/hddsDatanode}
2021-09-08 01:20:31,610 [Listener at 127.0.0.1/40417] INFO  server.AbstractConnector (AbstractConnector.java:doStart(331)) - Started ServerConnector@2f499565{HTTP/1.1, (http/1.1)}{0.0.0.0:45445}
2021-09-08 01:20:31,612 [Listener at 127.0.0.1/40417] INFO  server.Server (Server.java:doStart(415)) - Started @8050ms
2021-09-08 01:20:31,612 [Listener at 127.0.0.1/40417] WARN  impl.MetricsSystemImpl (MetricsSystemImpl.java:register(279)) - Sink prometheus already exists!
2021-09-08 01:20:31,613 [Listener at 127.0.0.1/40417] INFO  http.BaseHttpServer (BaseHttpServer.java:updateConnectorAddress(329)) - HTTP server of hddsDatanode listening at http://0.0.0.0:45445
2021-09-08 01:20:31,613 [Listener at 127.0.0.1/40417] WARN  impl.MetricRegistriesImpl (MetricRegistriesImpl.java:addReporterRegistration(111)) - New reporters are added after registries were created. Some metrics will be missing from the reporter. Please add reporter before adding any new registry.
2021-09-08 01:20:31,613 [Listener at 127.0.0.1/40417] WARN  impl.MetricRegistriesImpl (MetricRegistriesImpl.java:addReporterRegistration(111)) - New reporters are added after registries were created. Some metrics will be missing from the reporter. Please add reporter before adding any new registry.
2021-09-08 01:20:31,614 [Listener at 127.0.0.1/40417] INFO  impl.MetricsSystemImpl (MetricsSystemImpl.java:init(158)) - HddsDatanode metrics system started (again)
2021-09-08 01:20:31,621 [Datanode State Machine Thread - 0] INFO  statemachine.DatanodeStateMachine (DatanodeStateMachine.java:lambda$startDaemon$0(456)) - Ozone container server started.
2021-09-08 01:20:31,629 [org.apache.hadoop.util.JvmPauseMonitor$Monitor@3f1b4a4e] INFO  util.JvmPauseMonitor (JvmPauseMonitor.java:run(188)) - Starting JVM pause monitor
2021-09-08 01:20:31,639 [Listener at 127.0.0.1/40417] INFO  ozone.HddsDatanodeService (HddsDatanodeService.java:start(234)) - HddsDatanodeService host:fv-az396-69.zsjpccerc4sulamragr3v05mvf.jx.internal.cloudapp.net ip:10.1.0.19
2021-09-08 01:20:31,642 [Datanode State Machine Task Thread - 0] INFO  datanode.InitDatanodeState (InitDatanodeState.java:persistContainerDatanodeDetails(145)) - DatanodeDetails is persisted to /home/runner/work/ozone/ozone/hadoop-ozone/integration-test/target/test-dir/MiniOzoneClusterImpl-0f12cb01-4002-4394-a01c-5903f1f0237a/datanode-4/meta/datanode.id
2021-09-08 01:20:31,667 [Listener at 127.0.0.1/40417] INFO  upgrade.AbstractLayoutVersionManager (AbstractLayoutVersionManager.java:init(79)) - Initializing Layout version manager with metadata layout = SCM_HA (version = 2), software layout = SCM_HA (version = 2)
2021-09-08 01:20:31,710 [Listener at 127.0.0.1/40417] INFO  reflections.Reflections (Reflections.java:scan(232)) - Reflections took 41 ms to scan 7 urls, producing 119 keys and 275 values 
2021-09-08 01:20:31,717 [Listener at 127.0.0.1/40417] INFO  volume.HddsVolume (HddsVolume.java:<init>(120)) - Creating HddsVolume: /home/runner/work/ozone/ozone/hadoop-ozone/integration-test/target/test-dir/MiniOzoneClusterImpl-0f12cb01-4002-4394-a01c-5903f1f0237a/datanode-5/data-0/containers/hdds of storage type : DISK capacity : 9223372036854775807
2021-09-08 01:20:31,717 [Listener at 127.0.0.1/40417] INFO  volume.MutableVolumeSet (MutableVolumeSet.java:initializeVolumeSet(168)) - Added Volume : /home/runner/work/ozone/ozone/hadoop-ozone/integration-test/target/test-dir/MiniOzoneClusterImpl-0f12cb01-4002-4394-a01c-5903f1f0237a/datanode-5/data-0/containers/hdds to VolumeSet
2021-09-08 01:20:31,717 [Listener at 127.0.0.1/40417] INFO  volume.ThrottledAsyncChecker (ThrottledAsyncChecker.java:schedule(141)) - Scheduling a check for /home/runner/work/ozone/ozone/hadoop-ozone/integration-test/target/test-dir/MiniOzoneClusterImpl-0f12cb01-4002-4394-a01c-5903f1f0237a/datanode-5/data-0/containers/hdds
2021-09-08 01:20:31,721 [Listener at 127.0.0.1/40417] INFO  volume.StorageVolumeChecker (StorageVolumeChecker.java:checkAllVolumes(202)) - Scheduled health check for volume /home/runner/work/ozone/ozone/hadoop-ozone/integration-test/target/test-dir/MiniOzoneClusterImpl-0f12cb01-4002-4394-a01c-5903f1f0237a/datanode-5/data-0/containers/hdds
2021-09-08 01:20:31,734 [Listener at 127.0.0.1/40417] INFO  volume.MutableVolumeSet (MutableVolumeSet.java:initializeVolumeSet(168)) - Added Volume : /home/runner/work/ozone/ozone/hadoop-ozone/integration-test/target/test-dir/MiniOzoneClusterImpl-0f12cb01-4002-4394-a01c-5903f1f0237a/datanode-5/data/ratis to VolumeSet
2021-09-08 01:20:31,735 [Listener at 127.0.0.1/40417] INFO  volume.ThrottledAsyncChecker (ThrottledAsyncChecker.java:schedule(141)) - Scheduling a check for /home/runner/work/ozone/ozone/hadoop-ozone/integration-test/target/test-dir/MiniOzoneClusterImpl-0f12cb01-4002-4394-a01c-5903f1f0237a/datanode-5/data/ratis
2021-09-08 01:20:31,735 [Listener at 127.0.0.1/40417] INFO  volume.StorageVolumeChecker (StorageVolumeChecker.java:checkAllVolumes(202)) - Scheduled health check for volume /home/runner/work/ozone/ozone/hadoop-ozone/integration-test/target/test-dir/MiniOzoneClusterImpl-0f12cb01-4002-4394-a01c-5903f1f0237a/datanode-5/data/ratis
2021-09-08 01:20:31,748 [Thread-190] INFO  ozoneimpl.ContainerReader (ContainerReader.java:readVolume(172)) - Finish verifying containers on volume /home/runner/work/ozone/ozone/hadoop-ozone/integration-test/target/test-dir/MiniOzoneClusterImpl-0f12cb01-4002-4394-a01c-5903f1f0237a/datanode-5/data-0/containers/hdds
2021-09-08 01:20:31,748 [Listener at 127.0.0.1/40417] INFO  ozoneimpl.OzoneContainer (OzoneContainer.java:buildContainerSet(236)) - Build ContainerSet costs 0s
2021-09-08 01:20:31,751 [Listener at 127.0.0.1/40417] INFO  server.RaftServer (ConfUtils.java:logGet(44)) - raft.rpc.type = GRPC (default)
2021-09-08 01:20:31,751 [Listener at 127.0.0.1/40417] INFO  grpc.GrpcFactory (GrpcFactory.java:checkPooledByteBufAllocatorUseCacheForAllThreads(48)) - PERFORMANCE WARNING: useCacheForAllThreads is true that may cause Netty to create a lot garbage objects and, as a result, trigger GC.
	It is recommended to disable useCacheForAllThreads by setting -Dorg.apache.ratis.thirdparty.io.netty.allocator.useCacheForAllThreads=false in command line.
2021-09-08 01:20:31,752 [Listener at 127.0.0.1/40417] INFO  grpc.GrpcConfigKeys (ConfUtils.java:logGet(44)) - raft.grpc.admin.port = 0 (custom)
2021-09-08 01:20:31,752 [Listener at 127.0.0.1/40417] INFO  grpc.GrpcConfigKeys (ConfUtils.java:logGet(44)) - raft.grpc.client.port = 0 (custom)
2021-09-08 01:20:31,752 [Listener at 127.0.0.1/40417] INFO  grpc.GrpcConfigKeys (ConfUtils.java:logGet(44)) - raft.grpc.server.port = 0 (default)
2021-09-08 01:20:31,752 [Listener at 127.0.0.1/40417] INFO  server.GrpcService (ConfUtils.java:logGet(44)) - raft.grpc.message.size.max = 32MB (=33554432) (custom)
2021-09-08 01:20:31,753 [Listener at 127.0.0.1/40417] INFO  server.RaftServerConfigKeys (ConfUtils.java:logGet(44)) - raft.server.log.appender.buffer.byte-limit = 33554432 (custom)
2021-09-08 01:20:31,753 [Listener at 127.0.0.1/40417] INFO  server.GrpcService (ConfUtils.java:logGet(44)) - raft.grpc.flow.control.window = 5MB (=5242880) (custom)
2021-09-08 01:20:31,753 [Listener at 127.0.0.1/40417] INFO  server.RaftServerConfigKeys (ConfUtils.java:logGet(44)) - raft.server.rpc.request.timeout = 3000ms (default)
2021-09-08 01:20:31,754 [Listener at 127.0.0.1/40417] INFO  impl.DataStreamServerImpl (ConfUtils.java:logGet(44)) - raft.datastream.type = DISABLED (default)
2021-09-08 01:20:31,755 [Listener at 127.0.0.1/40417] INFO  server.RaftServerConfigKeys (ConfUtils.java:logGet(44)) - raft.server.rpc.slowness.timeout = 300000ms (custom)
2021-09-08 01:20:31,755 [Listener at 127.0.0.1/40417] INFO  server.RaftServerConfigKeys (ConfUtils.java:logGet(44)) - raft.server.leaderelection.leader.step-down.wait-time = 10s (default)
2021-09-08 01:20:31,755 [Listener at 127.0.0.1/40417] INFO  server.RaftServerConfigKeys (ConfUtils.java:logGet(44)) - raft.server.storage.dir = [/home/runner/work/ozone/ozone/hadoop-ozone/integration-test/target/test-dir/MiniOzoneClusterImpl-0f12cb01-4002-4394-a01c-5903f1f0237a/datanode-5/data/ratis] (custom)
2021-09-08 01:20:31,759 [Listener at 127.0.0.1/40417] INFO  http.BaseHttpServer (BaseHttpServer.java:newHttpServer2BuilderForOzone(209)) - Starting Web-server for hddsDatanode at: http://0.0.0.0:0
2021-09-08 01:20:31,759 [Listener at 127.0.0.1/40417] INFO  http.BaseHttpServer (BaseHttpServer.java:<init>(107)) - Hadoop Security Enabled: false Ozone Security Enabled: false Ozone HTTP Security Enabled: false 
2021-09-08 01:20:31,760 [Listener at 127.0.0.1/40417] INFO  server.AuthenticationFilter (AuthenticationFilter.java:constructSecretProvider(240)) - Unable to initialize FileSignerSecretProvider, falling back to use random secrets.
2021-09-08 01:20:31,761 [Listener at 127.0.0.1/40417] WARN  http.HttpRequestLog (HttpRequestLog.java:getRequestLog(103)) - Jetty request log can only be enabled using Log4j
2021-09-08 01:20:31,761 [Listener at 127.0.0.1/40417] INFO  http.HttpServer2 (HttpServer2.java:addGlobalFilter(1030)) - Added global filter 'safety' (class=org.apache.hadoop.hdds.server.http.HttpServer2$QuotingInputFilter)
2021-09-08 01:20:31,762 [Listener at 127.0.0.1/40417] INFO  http.HttpServer2 (HttpServer2.java:addFilter(1006)) - Added filter static_user_filter (class=org.apache.hadoop.http.lib.StaticUserWebFilter$StaticUserFilter) to context hddsDatanode
2021-09-08 01:20:31,762 [Listener at 127.0.0.1/40417] INFO  http.HttpServer2 (HttpServer2.java:addFilter(1014)) - Added filter static_user_filter (class=org.apache.hadoop.http.lib.StaticUserWebFilter$StaticUserFilter) to context static
2021-09-08 01:20:31,763 [Listener at 127.0.0.1/40417] INFO  http.HttpServer2 (HttpServer2.java:addFilter(1014)) - Added filter static_user_filter (class=org.apache.hadoop.http.lib.StaticUserWebFilter$StaticUserFilter) to context logs
2021-09-08 01:20:31,763 [Listener at 127.0.0.1/40417] INFO  http.HttpServer2 (HttpServer2.java:bindListener(1249)) - Jetty bound to port 36249
2021-09-08 01:20:31,763 [Listener at 127.0.0.1/40417] INFO  server.Server (Server.java:doStart(375)) - jetty-9.4.43.v20210629; built: 2021-06-30T11:07:22.254Z; git: 526006ecfa3af7f1a27ef3a288e2bef7ea9dd7e8; jvm 1.8.0_292-b10
2021-09-08 01:20:31,765 [Listener at 127.0.0.1/40417] INFO  server.session (DefaultSessionIdManager.java:doStart(334)) - DefaultSessionIdManager workerName=node0
2021-09-08 01:20:31,765 [Listener at 127.0.0.1/40417] INFO  server.session (DefaultSessionIdManager.java:doStart(339)) - No SessionScavenger set, using defaults
2021-09-08 01:20:31,765 [Listener at 127.0.0.1/40417] INFO  server.session (HouseKeeper.java:startScavenging(132)) - node0 Scavenging every 600000ms
2021-09-08 01:20:31,766 [Listener at 127.0.0.1/40417] INFO  handler.ContextHandler (ContextHandler.java:doStart(915)) - Started o.e.j.s.ServletContextHandler@71b5be5d{logs,/logs,file:///home/runner/work/ozone/ozone/hadoop-ozone/integration-test/target/log,AVAILABLE}
2021-09-08 01:20:31,766 [Listener at 127.0.0.1/40417] INFO  handler.ContextHandler (ContextHandler.java:doStart(915)) - Started o.e.j.s.ServletContextHandler@43bc8c98{static,/static,jar:file:/home/runner/.m2/repository/org/apache/ozone/hdds-container-service/1.2.0-SNAPSHOT/hdds-container-service-1.2.0-SNAPSHOT.jar!/webapps/static,AVAILABLE}
2021-09-08 01:20:31,812 [Listener at 127.0.0.1/40417] INFO  handler.ContextHandler (ContextHandler.java:doStart(915)) - Started o.e.j.w.WebAppContext@76de4b5{hddsDatanode,/,file:///tmp/jetty-0_0_0_0-36249-hdds-container-service-1_2_0-SNAPSHOT_jar-_-any-8850451410172313661/webapp/,AVAILABLE}{jar:file:/home/runner/.m2/repository/org/apache/ozone/hdds-container-service/1.2.0-SNAPSHOT/hdds-container-service-1.2.0-SNAPSHOT.jar!/webapps/hddsDatanode}
2021-09-08 01:20:31,813 [Listener at 127.0.0.1/40417] INFO  server.AbstractConnector (AbstractConnector.java:doStart(331)) - Started ServerConnector@4bd23b22{HTTP/1.1, (http/1.1)}{0.0.0.0:36249}
2021-09-08 01:20:31,814 [Listener at 127.0.0.1/40417] INFO  server.Server (Server.java:doStart(415)) - Started @8253ms
2021-09-08 01:20:31,814 [Listener at 127.0.0.1/40417] WARN  impl.MetricsSystemImpl (MetricsSystemImpl.java:register(279)) - Sink prometheus already exists!
2021-09-08 01:20:31,814 [Listener at 127.0.0.1/40417] INFO  http.BaseHttpServer (BaseHttpServer.java:updateConnectorAddress(329)) - HTTP server of hddsDatanode listening at http://0.0.0.0:36249
2021-09-08 01:20:31,817 [Datanode State Machine Thread - 0] INFO  statemachine.DatanodeStateMachine (DatanodeStateMachine.java:lambda$startDaemon$0(456)) - Ozone container server started.
2021-09-08 01:20:31,817 [Listener at 127.0.0.1/40417] WARN  impl.MetricRegistriesImpl (MetricRegistriesImpl.java:addReporterRegistration(111)) - New reporters are added after registries were created. Some metrics will be missing from the reporter. Please add reporter before adding any new registry.
2021-09-08 01:20:31,818 [Listener at 127.0.0.1/40417] WARN  impl.MetricRegistriesImpl (MetricRegistriesImpl.java:addReporterRegistration(111)) - New reporters are added after registries were created. Some metrics will be missing from the reporter. Please add reporter before adding any new registry.
2021-09-08 01:20:31,818 [Listener at 127.0.0.1/40417] INFO  impl.MetricsSystemImpl (MetricsSystemImpl.java:init(158)) - HddsDatanode metrics system started (again)
2021-09-08 01:20:31,827 [org.apache.hadoop.util.JvmPauseMonitor$Monitor@3536418e] INFO  util.JvmPauseMonitor (JvmPauseMonitor.java:run(188)) - Starting JVM pause monitor
2021-09-08 01:20:31,832 [Datanode State Machine Task Thread - 0] INFO  datanode.InitDatanodeState (InitDatanodeState.java:persistContainerDatanodeDetails(145)) - DatanodeDetails is persisted to /home/runner/work/ozone/ozone/hadoop-ozone/integration-test/target/test-dir/MiniOzoneClusterImpl-0f12cb01-4002-4394-a01c-5903f1f0237a/datanode-5/meta/datanode.id
2021-09-08 01:20:31,835 [Listener at 127.0.0.1/40417] INFO  ozone.HddsDatanodeService (HddsDatanodeService.java:start(234)) - HddsDatanodeService host:fv-az396-69.zsjpccerc4sulamragr3v05mvf.jx.internal.cloudapp.net ip:10.1.0.19
2021-09-08 01:20:31,875 [Listener at 127.0.0.1/40417] INFO  upgrade.AbstractLayoutVersionManager (AbstractLayoutVersionManager.java:init(79)) - Initializing Layout version manager with metadata layout = SCM_HA (version = 2), software layout = SCM_HA (version = 2)
2021-09-08 01:20:31,910 [Listener at 127.0.0.1/40417] INFO  reflections.Reflections (Reflections.java:scan(232)) - Reflections took 34 ms to scan 7 urls, producing 119 keys and 275 values 
2021-09-08 01:20:31,912 [Listener at 127.0.0.1/40417] INFO  volume.HddsVolume (HddsVolume.java:<init>(120)) - Creating HddsVolume: /home/runner/work/ozone/ozone/hadoop-ozone/integration-test/target/test-dir/MiniOzoneClusterImpl-0f12cb01-4002-4394-a01c-5903f1f0237a/datanode-6/data-0/containers/hdds of storage type : DISK capacity : 9223372036854775807
2021-09-08 01:20:31,913 [Listener at 127.0.0.1/40417] INFO  volume.MutableVolumeSet (MutableVolumeSet.java:initializeVolumeSet(168)) - Added Volume : /home/runner/work/ozone/ozone/hadoop-ozone/integration-test/target/test-dir/MiniOzoneClusterImpl-0f12cb01-4002-4394-a01c-5903f1f0237a/datanode-6/data-0/containers/hdds to VolumeSet
2021-09-08 01:20:31,913 [Listener at 127.0.0.1/40417] INFO  volume.ThrottledAsyncChecker (ThrottledAsyncChecker.java:schedule(141)) - Scheduling a check for /home/runner/work/ozone/ozone/hadoop-ozone/integration-test/target/test-dir/MiniOzoneClusterImpl-0f12cb01-4002-4394-a01c-5903f1f0237a/datanode-6/data-0/containers/hdds
2021-09-08 01:20:31,916 [Listener at 127.0.0.1/40417] INFO  volume.StorageVolumeChecker (StorageVolumeChecker.java:checkAllVolumes(202)) - Scheduled health check for volume /home/runner/work/ozone/ozone/hadoop-ozone/integration-test/target/test-dir/MiniOzoneClusterImpl-0f12cb01-4002-4394-a01c-5903f1f0237a/datanode-6/data-0/containers/hdds
2021-09-08 01:20:31,928 [Listener at 127.0.0.1/40417] INFO  volume.MutableVolumeSet (MutableVolumeSet.java:initializeVolumeSet(168)) - Added Volume : /home/runner/work/ozone/ozone/hadoop-ozone/integration-test/target/test-dir/MiniOzoneClusterImpl-0f12cb01-4002-4394-a01c-5903f1f0237a/datanode-6/data/ratis to VolumeSet
2021-09-08 01:20:31,928 [Listener at 127.0.0.1/40417] INFO  volume.ThrottledAsyncChecker (ThrottledAsyncChecker.java:schedule(141)) - Scheduling a check for /home/runner/work/ozone/ozone/hadoop-ozone/integration-test/target/test-dir/MiniOzoneClusterImpl-0f12cb01-4002-4394-a01c-5903f1f0237a/datanode-6/data/ratis
2021-09-08 01:20:31,929 [Listener at 127.0.0.1/40417] INFO  volume.StorageVolumeChecker (StorageVolumeChecker.java:checkAllVolumes(202)) - Scheduled health check for volume /home/runner/work/ozone/ozone/hadoop-ozone/integration-test/target/test-dir/MiniOzoneClusterImpl-0f12cb01-4002-4394-a01c-5903f1f0237a/datanode-6/data/ratis
2021-09-08 01:20:31,941 [Thread-202] INFO  ozoneimpl.ContainerReader (ContainerReader.java:readVolume(172)) - Finish verifying containers on volume /home/runner/work/ozone/ozone/hadoop-ozone/integration-test/target/test-dir/MiniOzoneClusterImpl-0f12cb01-4002-4394-a01c-5903f1f0237a/datanode-6/data-0/containers/hdds
2021-09-08 01:20:31,941 [Listener at 127.0.0.1/40417] INFO  ozoneimpl.OzoneContainer (OzoneContainer.java:buildContainerSet(236)) - Build ContainerSet costs 0s
2021-09-08 01:20:31,944 [Listener at 127.0.0.1/40417] INFO  server.RaftServer (ConfUtils.java:logGet(44)) - raft.rpc.type = GRPC (default)
2021-09-08 01:20:31,944 [Listener at 127.0.0.1/40417] INFO  grpc.GrpcFactory (GrpcFactory.java:checkPooledByteBufAllocatorUseCacheForAllThreads(48)) - PERFORMANCE WARNING: useCacheForAllThreads is true that may cause Netty to create a lot garbage objects and, as a result, trigger GC.
	It is recommended to disable useCacheForAllThreads by setting -Dorg.apache.ratis.thirdparty.io.netty.allocator.useCacheForAllThreads=false in command line.
2021-09-08 01:20:31,945 [Listener at 127.0.0.1/40417] INFO  grpc.GrpcConfigKeys (ConfUtils.java:logGet(44)) - raft.grpc.admin.port = 0 (custom)
2021-09-08 01:20:31,945 [Listener at 127.0.0.1/40417] INFO  grpc.GrpcConfigKeys (ConfUtils.java:logGet(44)) - raft.grpc.client.port = 0 (custom)
2021-09-08 01:20:31,945 [Listener at 127.0.0.1/40417] INFO  grpc.GrpcConfigKeys (ConfUtils.java:logGet(44)) - raft.grpc.server.port = 0 (default)
2021-09-08 01:20:31,945 [Listener at 127.0.0.1/40417] INFO  server.GrpcService (ConfUtils.java:logGet(44)) - raft.grpc.message.size.max = 32MB (=33554432) (custom)
2021-09-08 01:20:31,945 [Listener at 127.0.0.1/40417] INFO  server.RaftServerConfigKeys (ConfUtils.java:logGet(44)) - raft.server.log.appender.buffer.byte-limit = 33554432 (custom)
2021-09-08 01:20:31,945 [Listener at 127.0.0.1/40417] INFO  server.GrpcService (ConfUtils.java:logGet(44)) - raft.grpc.flow.control.window = 5MB (=5242880) (custom)
2021-09-08 01:20:31,945 [Listener at 127.0.0.1/40417] INFO  server.RaftServerConfigKeys (ConfUtils.java:logGet(44)) - raft.server.rpc.request.timeout = 3000ms (default)
2021-09-08 01:20:31,946 [Listener at 127.0.0.1/40417] INFO  impl.DataStreamServerImpl (ConfUtils.java:logGet(44)) - raft.datastream.type = DISABLED (default)
2021-09-08 01:20:31,947 [Listener at 127.0.0.1/40417] INFO  server.RaftServerConfigKeys (ConfUtils.java:logGet(44)) - raft.server.rpc.slowness.timeout = 300000ms (custom)
2021-09-08 01:20:31,947 [Listener at 127.0.0.1/40417] INFO  server.RaftServerConfigKeys (ConfUtils.java:logGet(44)) - raft.server.leaderelection.leader.step-down.wait-time = 10s (default)
2021-09-08 01:20:31,947 [Listener at 127.0.0.1/40417] INFO  server.RaftServerConfigKeys (ConfUtils.java:logGet(44)) - raft.server.storage.dir = [/home/runner/work/ozone/ozone/hadoop-ozone/integration-test/target/test-dir/MiniOzoneClusterImpl-0f12cb01-4002-4394-a01c-5903f1f0237a/datanode-6/data/ratis] (custom)
2021-09-08 01:20:31,956 [Listener at 127.0.0.1/40417] INFO  http.BaseHttpServer (BaseHttpServer.java:newHttpServer2BuilderForOzone(209)) - Starting Web-server for hddsDatanode at: http://0.0.0.0:0
2021-09-08 01:20:31,956 [Listener at 127.0.0.1/40417] INFO  http.BaseHttpServer (BaseHttpServer.java:<init>(107)) - Hadoop Security Enabled: false Ozone Security Enabled: false Ozone HTTP Security Enabled: false 
2021-09-08 01:20:31,958 [Listener at 127.0.0.1/40417] INFO  server.AuthenticationFilter (AuthenticationFilter.java:constructSecretProvider(240)) - Unable to initialize FileSignerSecretProvider, falling back to use random secrets.
2021-09-08 01:20:31,958 [Listener at 127.0.0.1/40417] WARN  http.HttpRequestLog (HttpRequestLog.java:getRequestLog(103)) - Jetty request log can only be enabled using Log4j
2021-09-08 01:20:31,959 [Listener at 127.0.0.1/40417] INFO  http.HttpServer2 (HttpServer2.java:addGlobalFilter(1030)) - Added global filter 'safety' (class=org.apache.hadoop.hdds.server.http.HttpServer2$QuotingInputFilter)
2021-09-08 01:20:31,960 [Listener at 127.0.0.1/40417] INFO  http.HttpServer2 (HttpServer2.java:addFilter(1006)) - Added filter static_user_filter (class=org.apache.hadoop.http.lib.StaticUserWebFilter$StaticUserFilter) to context hddsDatanode
2021-09-08 01:20:31,960 [Listener at 127.0.0.1/40417] INFO  http.HttpServer2 (HttpServer2.java:addFilter(1014)) - Added filter static_user_filter (class=org.apache.hadoop.http.lib.StaticUserWebFilter$StaticUserFilter) to context logs
2021-09-08 01:20:31,960 [Listener at 127.0.0.1/40417] INFO  http.HttpServer2 (HttpServer2.java:addFilter(1014)) - Added filter static_user_filter (class=org.apache.hadoop.http.lib.StaticUserWebFilter$StaticUserFilter) to context static
2021-09-08 01:20:31,961 [Listener at 127.0.0.1/40417] INFO  http.HttpServer2 (HttpServer2.java:bindListener(1249)) - Jetty bound to port 35321
2021-09-08 01:20:31,961 [Listener at 127.0.0.1/40417] INFO  server.Server (Server.java:doStart(375)) - jetty-9.4.43.v20210629; built: 2021-06-30T11:07:22.254Z; git: 526006ecfa3af7f1a27ef3a288e2bef7ea9dd7e8; jvm 1.8.0_292-b10
2021-09-08 01:20:31,964 [Listener at 127.0.0.1/40417] INFO  server.session (DefaultSessionIdManager.java:doStart(334)) - DefaultSessionIdManager workerName=node0
2021-09-08 01:20:31,964 [Listener at 127.0.0.1/40417] INFO  server.session (DefaultSessionIdManager.java:doStart(339)) - No SessionScavenger set, using defaults
2021-09-08 01:20:31,965 [Listener at 127.0.0.1/40417] INFO  server.session (HouseKeeper.java:startScavenging(132)) - node0 Scavenging every 660000ms
2021-09-08 01:20:31,965 [Listener at 127.0.0.1/40417] INFO  handler.ContextHandler (ContextHandler.java:doStart(915)) - Started o.e.j.s.ServletContextHandler@73959127{logs,/logs,file:///home/runner/work/ozone/ozone/hadoop-ozone/integration-test/target/log,AVAILABLE}
2021-09-08 01:20:31,966 [Listener at 127.0.0.1/40417] INFO  handler.ContextHandler (ContextHandler.java:doStart(915)) - Started o.e.j.s.ServletContextHandler@4da15ed2{static,/static,jar:file:/home/runner/.m2/repository/org/apache/ozone/hdds-container-service/1.2.0-SNAPSHOT/hdds-container-service-1.2.0-SNAPSHOT.jar!/webapps/static,AVAILABLE}
2021-09-08 01:20:32,008 [Listener at 127.0.0.1/40417] INFO  handler.ContextHandler (ContextHandler.java:doStart(915)) - Started o.e.j.w.WebAppContext@6bd679b4{hddsDatanode,/,file:///tmp/jetty-0_0_0_0-35321-hdds-container-service-1_2_0-SNAPSHOT_jar-_-any-9131449007368870849/webapp/,AVAILABLE}{jar:file:/home/runner/.m2/repository/org/apache/ozone/hdds-container-service/1.2.0-SNAPSHOT/hdds-container-service-1.2.0-SNAPSHOT.jar!/webapps/hddsDatanode}
2021-09-08 01:20:32,009 [Listener at 127.0.0.1/40417] INFO  server.AbstractConnector (AbstractConnector.java:doStart(331)) - Started ServerConnector@7766f1c1{HTTP/1.1, (http/1.1)}{0.0.0.0:35321}
2021-09-08 01:20:32,010 [Listener at 127.0.0.1/40417] INFO  server.Server (Server.java:doStart(415)) - Started @8449ms
2021-09-08 01:20:32,010 [Listener at 127.0.0.1/40417] WARN  impl.MetricsSystemImpl (MetricsSystemImpl.java:register(279)) - Sink prometheus already exists!
2021-09-08 01:20:32,010 [Listener at 127.0.0.1/40417] INFO  http.BaseHttpServer (BaseHttpServer.java:updateConnectorAddress(329)) - HTTP server of hddsDatanode listening at http://0.0.0.0:35321
2021-09-08 01:20:32,011 [Datanode State Machine Thread - 0] INFO  statemachine.DatanodeStateMachine (DatanodeStateMachine.java:lambda$startDaemon$0(456)) - Ozone container server started.
2021-09-08 01:20:32,011 [Listener at 127.0.0.1/40417] WARN  impl.MetricRegistriesImpl (MetricRegistriesImpl.java:addReporterRegistration(111)) - New reporters are added after registries were created. Some metrics will be missing from the reporter. Please add reporter before adding any new registry.
2021-09-08 01:20:32,012 [Listener at 127.0.0.1/40417] WARN  impl.MetricRegistriesImpl (MetricRegistriesImpl.java:addReporterRegistration(111)) - New reporters are added after registries were created. Some metrics will be missing from the reporter. Please add reporter before adding any new registry.
2021-09-08 01:20:32,012 [Listener at 127.0.0.1/40417] INFO  impl.MetricsSystemImpl (MetricsSystemImpl.java:init(158)) - HddsDatanode metrics system started (again)
2021-09-08 01:20:32,024 [Listener at 127.0.0.1/40417] INFO  ozone.HddsDatanodeService (HddsDatanodeService.java:start(234)) - HddsDatanodeService host:fv-az396-69.zsjpccerc4sulamragr3v05mvf.jx.internal.cloudapp.net ip:10.1.0.19
2021-09-08 01:20:32,036 [org.apache.hadoop.util.JvmPauseMonitor$Monitor@2df0b69d] INFO  util.JvmPauseMonitor (JvmPauseMonitor.java:run(188)) - Starting JVM pause monitor
2021-09-08 01:20:32,045 [Datanode State Machine Task Thread - 0] INFO  datanode.InitDatanodeState (InitDatanodeState.java:persistContainerDatanodeDetails(145)) - DatanodeDetails is persisted to /home/runner/work/ozone/ozone/hadoop-ozone/integration-test/target/test-dir/MiniOzoneClusterImpl-0f12cb01-4002-4394-a01c-5903f1f0237a/datanode-6/meta/datanode.id
2021-09-08 01:20:32,049 [Listener at 127.0.0.1/40417] INFO  upgrade.AbstractLayoutVersionManager (AbstractLayoutVersionManager.java:init(79)) - Initializing Layout version manager with metadata layout = SCM_HA (version = 2), software layout = SCM_HA (version = 2)
2021-09-08 01:20:32,087 [Listener at 127.0.0.1/40417] INFO  reflections.Reflections (Reflections.java:scan(232)) - Reflections took 37 ms to scan 7 urls, producing 119 keys and 275 values 
2021-09-08 01:20:32,097 [Listener at 127.0.0.1/40417] INFO  volume.HddsVolume (HddsVolume.java:<init>(120)) - Creating HddsVolume: /home/runner/work/ozone/ozone/hadoop-ozone/integration-test/target/test-dir/MiniOzoneClusterImpl-0f12cb01-4002-4394-a01c-5903f1f0237a/datanode-7/data-0/containers/hdds of storage type : DISK capacity : 9223372036854775807
2021-09-08 01:20:32,097 [Listener at 127.0.0.1/40417] INFO  volume.MutableVolumeSet (MutableVolumeSet.java:initializeVolumeSet(168)) - Added Volume : /home/runner/work/ozone/ozone/hadoop-ozone/integration-test/target/test-dir/MiniOzoneClusterImpl-0f12cb01-4002-4394-a01c-5903f1f0237a/datanode-7/data-0/containers/hdds to VolumeSet
2021-09-08 01:20:32,097 [Listener at 127.0.0.1/40417] INFO  volume.ThrottledAsyncChecker (ThrottledAsyncChecker.java:schedule(141)) - Scheduling a check for /home/runner/work/ozone/ozone/hadoop-ozone/integration-test/target/test-dir/MiniOzoneClusterImpl-0f12cb01-4002-4394-a01c-5903f1f0237a/datanode-7/data-0/containers/hdds
2021-09-08 01:20:32,098 [Listener at 127.0.0.1/40417] INFO  volume.StorageVolumeChecker (StorageVolumeChecker.java:checkAllVolumes(202)) - Scheduled health check for volume /home/runner/work/ozone/ozone/hadoop-ozone/integration-test/target/test-dir/MiniOzoneClusterImpl-0f12cb01-4002-4394-a01c-5903f1f0237a/datanode-7/data-0/containers/hdds
2021-09-08 01:20:32,113 [Listener at 127.0.0.1/40417] INFO  volume.MutableVolumeSet (MutableVolumeSet.java:initializeVolumeSet(168)) - Added Volume : /home/runner/work/ozone/ozone/hadoop-ozone/integration-test/target/test-dir/MiniOzoneClusterImpl-0f12cb01-4002-4394-a01c-5903f1f0237a/datanode-7/data/ratis to VolumeSet
2021-09-08 01:20:32,113 [Listener at 127.0.0.1/40417] INFO  volume.ThrottledAsyncChecker (ThrottledAsyncChecker.java:schedule(141)) - Scheduling a check for /home/runner/work/ozone/ozone/hadoop-ozone/integration-test/target/test-dir/MiniOzoneClusterImpl-0f12cb01-4002-4394-a01c-5903f1f0237a/datanode-7/data/ratis
2021-09-08 01:20:32,113 [Listener at 127.0.0.1/40417] INFO  volume.StorageVolumeChecker (StorageVolumeChecker.java:checkAllVolumes(202)) - Scheduled health check for volume /home/runner/work/ozone/ozone/hadoop-ozone/integration-test/target/test-dir/MiniOzoneClusterImpl-0f12cb01-4002-4394-a01c-5903f1f0237a/datanode-7/data/ratis
2021-09-08 01:20:32,128 [Thread-214] INFO  ozoneimpl.ContainerReader (ContainerReader.java:readVolume(172)) - Finish verifying containers on volume /home/runner/work/ozone/ozone/hadoop-ozone/integration-test/target/test-dir/MiniOzoneClusterImpl-0f12cb01-4002-4394-a01c-5903f1f0237a/datanode-7/data-0/containers/hdds
2021-09-08 01:20:32,128 [Listener at 127.0.0.1/40417] INFO  ozoneimpl.OzoneContainer (OzoneContainer.java:buildContainerSet(236)) - Build ContainerSet costs 0s
2021-09-08 01:20:32,132 [Listener at 127.0.0.1/40417] INFO  server.RaftServer (ConfUtils.java:logGet(44)) - raft.rpc.type = GRPC (default)
2021-09-08 01:20:32,132 [Listener at 127.0.0.1/40417] INFO  grpc.GrpcFactory (GrpcFactory.java:checkPooledByteBufAllocatorUseCacheForAllThreads(48)) - PERFORMANCE WARNING: useCacheForAllThreads is true that may cause Netty to create a lot garbage objects and, as a result, trigger GC.
	It is recommended to disable useCacheForAllThreads by setting -Dorg.apache.ratis.thirdparty.io.netty.allocator.useCacheForAllThreads=false in command line.
2021-09-08 01:20:32,132 [Listener at 127.0.0.1/40417] INFO  grpc.GrpcConfigKeys (ConfUtils.java:logGet(44)) - raft.grpc.admin.port = 0 (custom)
2021-09-08 01:20:32,132 [Listener at 127.0.0.1/40417] INFO  grpc.GrpcConfigKeys (ConfUtils.java:logGet(44)) - raft.grpc.client.port = 0 (custom)
2021-09-08 01:20:32,132 [Listener at 127.0.0.1/40417] INFO  grpc.GrpcConfigKeys (ConfUtils.java:logGet(44)) - raft.grpc.server.port = 0 (default)
2021-09-08 01:20:32,133 [Listener at 127.0.0.1/40417] INFO  server.GrpcService (ConfUtils.java:logGet(44)) - raft.grpc.message.size.max = 32MB (=33554432) (custom)
2021-09-08 01:20:32,133 [Listener at 127.0.0.1/40417] INFO  server.RaftServerConfigKeys (ConfUtils.java:logGet(44)) - raft.server.log.appender.buffer.byte-limit = 33554432 (custom)
2021-09-08 01:20:32,133 [Listener at 127.0.0.1/40417] INFO  server.GrpcService (ConfUtils.java:logGet(44)) - raft.grpc.flow.control.window = 5MB (=5242880) (custom)
2021-09-08 01:20:32,134 [Listener at 127.0.0.1/40417] INFO  server.RaftServerConfigKeys (ConfUtils.java:logGet(44)) - raft.server.rpc.request.timeout = 3000ms (default)
2021-09-08 01:20:32,135 [Listener at 127.0.0.1/40417] INFO  impl.DataStreamServerImpl (ConfUtils.java:logGet(44)) - raft.datastream.type = DISABLED (default)
2021-09-08 01:20:32,136 [Listener at 127.0.0.1/40417] INFO  server.RaftServerConfigKeys (ConfUtils.java:logGet(44)) - raft.server.rpc.slowness.timeout = 300000ms (custom)
2021-09-08 01:20:32,136 [Listener at 127.0.0.1/40417] INFO  server.RaftServerConfigKeys (ConfUtils.java:logGet(44)) - raft.server.leaderelection.leader.step-down.wait-time = 10s (default)
2021-09-08 01:20:32,137 [Listener at 127.0.0.1/40417] INFO  server.RaftServerConfigKeys (ConfUtils.java:logGet(44)) - raft.server.storage.dir = [/home/runner/work/ozone/ozone/hadoop-ozone/integration-test/target/test-dir/MiniOzoneClusterImpl-0f12cb01-4002-4394-a01c-5903f1f0237a/datanode-7/data/ratis] (custom)
2021-09-08 01:20:32,141 [Listener at 127.0.0.1/40417] INFO  http.BaseHttpServer (BaseHttpServer.java:newHttpServer2BuilderForOzone(209)) - Starting Web-server for hddsDatanode at: http://0.0.0.0:0
2021-09-08 01:20:32,141 [Listener at 127.0.0.1/40417] INFO  http.BaseHttpServer (BaseHttpServer.java:<init>(107)) - Hadoop Security Enabled: false Ozone Security Enabled: false Ozone HTTP Security Enabled: false 
2021-09-08 01:20:32,143 [Listener at 127.0.0.1/40417] INFO  server.AuthenticationFilter (AuthenticationFilter.java:constructSecretProvider(240)) - Unable to initialize FileSignerSecretProvider, falling back to use random secrets.
2021-09-08 01:20:32,144 [Listener at 127.0.0.1/40417] WARN  http.HttpRequestLog (HttpRequestLog.java:getRequestLog(103)) - Jetty request log can only be enabled using Log4j
2021-09-08 01:20:32,145 [Listener at 127.0.0.1/40417] INFO  http.HttpServer2 (HttpServer2.java:addGlobalFilter(1030)) - Added global filter 'safety' (class=org.apache.hadoop.hdds.server.http.HttpServer2$QuotingInputFilter)
2021-09-08 01:20:32,147 [Listener at 127.0.0.1/40417] INFO  http.HttpServer2 (HttpServer2.java:addFilter(1006)) - Added filter static_user_filter (class=org.apache.hadoop.http.lib.StaticUserWebFilter$StaticUserFilter) to context hddsDatanode
2021-09-08 01:20:32,147 [Listener at 127.0.0.1/40417] INFO  http.HttpServer2 (HttpServer2.java:addFilter(1014)) - Added filter static_user_filter (class=org.apache.hadoop.http.lib.StaticUserWebFilter$StaticUserFilter) to context static
2021-09-08 01:20:32,147 [Listener at 127.0.0.1/40417] INFO  http.HttpServer2 (HttpServer2.java:addFilter(1014)) - Added filter static_user_filter (class=org.apache.hadoop.http.lib.StaticUserWebFilter$StaticUserFilter) to context logs
2021-09-08 01:20:32,148 [Listener at 127.0.0.1/40417] INFO  http.HttpServer2 (HttpServer2.java:bindListener(1249)) - Jetty bound to port 46739
2021-09-08 01:20:32,148 [Listener at 127.0.0.1/40417] INFO  server.Server (Server.java:doStart(375)) - jetty-9.4.43.v20210629; built: 2021-06-30T11:07:22.254Z; git: 526006ecfa3af7f1a27ef3a288e2bef7ea9dd7e8; jvm 1.8.0_292-b10
2021-09-08 01:20:32,149 [Listener at 127.0.0.1/40417] INFO  server.session (DefaultSessionIdManager.java:doStart(334)) - DefaultSessionIdManager workerName=node0
2021-09-08 01:20:32,150 [Listener at 127.0.0.1/40417] INFO  server.session (DefaultSessionIdManager.java:doStart(339)) - No SessionScavenger set, using defaults
2021-09-08 01:20:32,150 [Listener at 127.0.0.1/40417] INFO  server.session (HouseKeeper.java:startScavenging(132)) - node0 Scavenging every 660000ms
2021-09-08 01:20:32,151 [Listener at 127.0.0.1/40417] INFO  handler.ContextHandler (ContextHandler.java:doStart(915)) - Started o.e.j.s.ServletContextHandler@9d7522{logs,/logs,file:///home/runner/work/ozone/ozone/hadoop-ozone/integration-test/target/log,AVAILABLE}
2021-09-08 01:20:32,152 [Listener at 127.0.0.1/40417] INFO  handler.ContextHandler (ContextHandler.java:doStart(915)) - Started o.e.j.s.ServletContextHandler@6bd02ccb{static,/static,jar:file:/home/runner/.m2/repository/org/apache/ozone/hdds-container-service/1.2.0-SNAPSHOT/hdds-container-service-1.2.0-SNAPSHOT.jar!/webapps/static,AVAILABLE}
2021-09-08 01:20:32,194 [Listener at 127.0.0.1/40417] INFO  handler.ContextHandler (ContextHandler.java:doStart(915)) - Started o.e.j.w.WebAppContext@1ef2b7ef{hddsDatanode,/,file:///tmp/jetty-0_0_0_0-46739-hdds-container-service-1_2_0-SNAPSHOT_jar-_-any-9015814682343852603/webapp/,AVAILABLE}{jar:file:/home/runner/.m2/repository/org/apache/ozone/hdds-container-service/1.2.0-SNAPSHOT/hdds-container-service-1.2.0-SNAPSHOT.jar!/webapps/hddsDatanode}
2021-09-08 01:20:32,195 [Listener at 127.0.0.1/40417] INFO  server.AbstractConnector (AbstractConnector.java:doStart(331)) - Started ServerConnector@4544bccb{HTTP/1.1, (http/1.1)}{0.0.0.0:46739}
2021-09-08 01:20:32,195 [Listener at 127.0.0.1/40417] INFO  server.Server (Server.java:doStart(415)) - Started @8635ms
2021-09-08 01:20:32,195 [Listener at 127.0.0.1/40417] WARN  impl.MetricsSystemImpl (MetricsSystemImpl.java:register(279)) - Sink prometheus already exists!
2021-09-08 01:20:32,196 [Listener at 127.0.0.1/40417] INFO  http.BaseHttpServer (BaseHttpServer.java:updateConnectorAddress(329)) - HTTP server of hddsDatanode listening at http://0.0.0.0:46739
2021-09-08 01:20:32,197 [Listener at 127.0.0.1/40417] WARN  impl.MetricRegistriesImpl (MetricRegistriesImpl.java:addReporterRegistration(111)) - New reporters are added after registries were created. Some metrics will be missing from the reporter. Please add reporter before adding any new registry.
2021-09-08 01:20:32,197 [Listener at 127.0.0.1/40417] WARN  impl.MetricRegistriesImpl (MetricRegistriesImpl.java:addReporterRegistration(111)) - New reporters are added after registries were created. Some metrics will be missing from the reporter. Please add reporter before adding any new registry.
2021-09-08 01:20:32,197 [Listener at 127.0.0.1/40417] INFO  impl.MetricsSystemImpl (MetricsSystemImpl.java:init(158)) - HddsDatanode metrics system started (again)
2021-09-08 01:20:32,197 [Datanode State Machine Thread - 0] INFO  statemachine.DatanodeStateMachine (DatanodeStateMachine.java:lambda$startDaemon$0(456)) - Ozone container server started.
2021-09-08 01:20:32,208 [org.apache.hadoop.util.JvmPauseMonitor$Monitor@18810822] INFO  util.JvmPauseMonitor (JvmPauseMonitor.java:run(188)) - Starting JVM pause monitor
2021-09-08 01:20:32,211 [Listener at 127.0.0.1/40417] INFO  ozone.HddsDatanodeService (HddsDatanodeService.java:start(234)) - HddsDatanodeService host:fv-az396-69.zsjpccerc4sulamragr3v05mvf.jx.internal.cloudapp.net ip:10.1.0.19
2021-09-08 01:20:32,214 [Datanode State Machine Task Thread - 0] INFO  datanode.InitDatanodeState (InitDatanodeState.java:persistContainerDatanodeDetails(145)) - DatanodeDetails is persisted to /home/runner/work/ozone/ozone/hadoop-ozone/integration-test/target/test-dir/MiniOzoneClusterImpl-0f12cb01-4002-4394-a01c-5903f1f0237a/datanode-7/meta/datanode.id
2021-09-08 01:20:32,236 [Listener at 127.0.0.1/40417] INFO  upgrade.AbstractLayoutVersionManager (AbstractLayoutVersionManager.java:init(79)) - Initializing Layout version manager with metadata layout = SCM_HA (version = 2), software layout = SCM_HA (version = 2)
2021-09-08 01:20:32,280 [Listener at 127.0.0.1/40417] INFO  reflections.Reflections (Reflections.java:scan(232)) - Reflections took 42 ms to scan 7 urls, producing 119 keys and 275 values 
2021-09-08 01:20:32,287 [Listener at 127.0.0.1/40417] INFO  volume.HddsVolume (HddsVolume.java:<init>(120)) - Creating HddsVolume: /home/runner/work/ozone/ozone/hadoop-ozone/integration-test/target/test-dir/MiniOzoneClusterImpl-0f12cb01-4002-4394-a01c-5903f1f0237a/datanode-8/data-0/containers/hdds of storage type : DISK capacity : 9223372036854775807
2021-09-08 01:20:32,288 [Listener at 127.0.0.1/40417] INFO  volume.MutableVolumeSet (MutableVolumeSet.java:initializeVolumeSet(168)) - Added Volume : /home/runner/work/ozone/ozone/hadoop-ozone/integration-test/target/test-dir/MiniOzoneClusterImpl-0f12cb01-4002-4394-a01c-5903f1f0237a/datanode-8/data-0/containers/hdds to VolumeSet
2021-09-08 01:20:32,288 [Listener at 127.0.0.1/40417] INFO  volume.ThrottledAsyncChecker (ThrottledAsyncChecker.java:schedule(141)) - Scheduling a check for /home/runner/work/ozone/ozone/hadoop-ozone/integration-test/target/test-dir/MiniOzoneClusterImpl-0f12cb01-4002-4394-a01c-5903f1f0237a/datanode-8/data-0/containers/hdds
2021-09-08 01:20:32,288 [Listener at 127.0.0.1/40417] INFO  volume.StorageVolumeChecker (StorageVolumeChecker.java:checkAllVolumes(202)) - Scheduled health check for volume /home/runner/work/ozone/ozone/hadoop-ozone/integration-test/target/test-dir/MiniOzoneClusterImpl-0f12cb01-4002-4394-a01c-5903f1f0237a/datanode-8/data-0/containers/hdds
2021-09-08 01:20:32,302 [Listener at 127.0.0.1/40417] INFO  volume.MutableVolumeSet (MutableVolumeSet.java:initializeVolumeSet(168)) - Added Volume : /home/runner/work/ozone/ozone/hadoop-ozone/integration-test/target/test-dir/MiniOzoneClusterImpl-0f12cb01-4002-4394-a01c-5903f1f0237a/datanode-8/data/ratis to VolumeSet
2021-09-08 01:20:32,302 [Listener at 127.0.0.1/40417] INFO  volume.ThrottledAsyncChecker (ThrottledAsyncChecker.java:schedule(141)) - Scheduling a check for /home/runner/work/ozone/ozone/hadoop-ozone/integration-test/target/test-dir/MiniOzoneClusterImpl-0f12cb01-4002-4394-a01c-5903f1f0237a/datanode-8/data/ratis
2021-09-08 01:20:32,303 [Listener at 127.0.0.1/40417] INFO  volume.StorageVolumeChecker (StorageVolumeChecker.java:checkAllVolumes(202)) - Scheduled health check for volume /home/runner/work/ozone/ozone/hadoop-ozone/integration-test/target/test-dir/MiniOzoneClusterImpl-0f12cb01-4002-4394-a01c-5903f1f0237a/datanode-8/data/ratis
2021-09-08 01:20:32,316 [Thread-226] INFO  ozoneimpl.ContainerReader (ContainerReader.java:readVolume(172)) - Finish verifying containers on volume /home/runner/work/ozone/ozone/hadoop-ozone/integration-test/target/test-dir/MiniOzoneClusterImpl-0f12cb01-4002-4394-a01c-5903f1f0237a/datanode-8/data-0/containers/hdds
2021-09-08 01:20:32,316 [Listener at 127.0.0.1/40417] INFO  ozoneimpl.OzoneContainer (OzoneContainer.java:buildContainerSet(236)) - Build ContainerSet costs 0s
2021-09-08 01:20:32,319 [Listener at 127.0.0.1/40417] INFO  server.RaftServer (ConfUtils.java:logGet(44)) - raft.rpc.type = GRPC (default)
2021-09-08 01:20:32,320 [Listener at 127.0.0.1/40417] INFO  grpc.GrpcFactory (GrpcFactory.java:checkPooledByteBufAllocatorUseCacheForAllThreads(48)) - PERFORMANCE WARNING: useCacheForAllThreads is true that may cause Netty to create a lot garbage objects and, as a result, trigger GC.
	It is recommended to disable useCacheForAllThreads by setting -Dorg.apache.ratis.thirdparty.io.netty.allocator.useCacheForAllThreads=false in command line.
2021-09-08 01:20:32,320 [Listener at 127.0.0.1/40417] INFO  grpc.GrpcConfigKeys (ConfUtils.java:logGet(44)) - raft.grpc.admin.port = 0 (custom)
2021-09-08 01:20:32,320 [Listener at 127.0.0.1/40417] INFO  grpc.GrpcConfigKeys (ConfUtils.java:logGet(44)) - raft.grpc.client.port = 0 (custom)
2021-09-08 01:20:32,320 [Listener at 127.0.0.1/40417] INFO  grpc.GrpcConfigKeys (ConfUtils.java:logGet(44)) - raft.grpc.server.port = 0 (default)
2021-09-08 01:20:32,320 [Listener at 127.0.0.1/40417] INFO  server.GrpcService (ConfUtils.java:logGet(44)) - raft.grpc.message.size.max = 32MB (=33554432) (custom)
2021-09-08 01:20:32,320 [Listener at 127.0.0.1/40417] INFO  server.RaftServerConfigKeys (ConfUtils.java:logGet(44)) - raft.server.log.appender.buffer.byte-limit = 33554432 (custom)
2021-09-08 01:20:32,321 [Listener at 127.0.0.1/40417] INFO  server.GrpcService (ConfUtils.java:logGet(44)) - raft.grpc.flow.control.window = 5MB (=5242880) (custom)
2021-09-08 01:20:32,321 [Listener at 127.0.0.1/40417] INFO  server.RaftServerConfigKeys (ConfUtils.java:logGet(44)) - raft.server.rpc.request.timeout = 3000ms (default)
2021-09-08 01:20:32,322 [Listener at 127.0.0.1/40417] INFO  impl.DataStreamServerImpl (ConfUtils.java:logGet(44)) - raft.datastream.type = DISABLED (default)
2021-09-08 01:20:32,322 [Listener at 127.0.0.1/40417] INFO  server.RaftServerConfigKeys (ConfUtils.java:logGet(44)) - raft.server.rpc.slowness.timeout = 300000ms (custom)
2021-09-08 01:20:32,322 [Listener at 127.0.0.1/40417] INFO  server.RaftServerConfigKeys (ConfUtils.java:logGet(44)) - raft.server.leaderelection.leader.step-down.wait-time = 10s (default)
2021-09-08 01:20:32,322 [Listener at 127.0.0.1/40417] INFO  server.RaftServerConfigKeys (ConfUtils.java:logGet(44)) - raft.server.storage.dir = [/home/runner/work/ozone/ozone/hadoop-ozone/integration-test/target/test-dir/MiniOzoneClusterImpl-0f12cb01-4002-4394-a01c-5903f1f0237a/datanode-8/data/ratis] (custom)
2021-09-08 01:20:32,325 [Listener at 127.0.0.1/40417] INFO  http.BaseHttpServer (BaseHttpServer.java:newHttpServer2BuilderForOzone(209)) - Starting Web-server for hddsDatanode at: http://0.0.0.0:0
2021-09-08 01:20:32,325 [Listener at 127.0.0.1/40417] INFO  http.BaseHttpServer (BaseHttpServer.java:<init>(107)) - Hadoop Security Enabled: false Ozone Security Enabled: false Ozone HTTP Security Enabled: false 
2021-09-08 01:20:32,327 [Listener at 127.0.0.1/40417] INFO  server.AuthenticationFilter (AuthenticationFilter.java:constructSecretProvider(240)) - Unable to initialize FileSignerSecretProvider, falling back to use random secrets.
2021-09-08 01:20:32,327 [Listener at 127.0.0.1/40417] WARN  http.HttpRequestLog (HttpRequestLog.java:getRequestLog(103)) - Jetty request log can only be enabled using Log4j
2021-09-08 01:20:32,328 [Listener at 127.0.0.1/40417] INFO  http.HttpServer2 (HttpServer2.java:addGlobalFilter(1030)) - Added global filter 'safety' (class=org.apache.hadoop.hdds.server.http.HttpServer2$QuotingInputFilter)
2021-09-08 01:20:32,329 [Listener at 127.0.0.1/40417] INFO  http.HttpServer2 (HttpServer2.java:addFilter(1006)) - Added filter static_user_filter (class=org.apache.hadoop.http.lib.StaticUserWebFilter$StaticUserFilter) to context hddsDatanode
2021-09-08 01:20:32,330 [Listener at 127.0.0.1/40417] INFO  http.HttpServer2 (HttpServer2.java:addFilter(1014)) - Added filter static_user_filter (class=org.apache.hadoop.http.lib.StaticUserWebFilter$StaticUserFilter) to context static
2021-09-08 01:20:32,330 [Listener at 127.0.0.1/40417] INFO  http.HttpServer2 (HttpServer2.java:addFilter(1014)) - Added filter static_user_filter (class=org.apache.hadoop.http.lib.StaticUserWebFilter$StaticUserFilter) to context logs
2021-09-08 01:20:32,330 [Listener at 127.0.0.1/40417] INFO  http.HttpServer2 (HttpServer2.java:bindListener(1249)) - Jetty bound to port 44959
2021-09-08 01:20:32,330 [Listener at 127.0.0.1/40417] INFO  server.Server (Server.java:doStart(375)) - jetty-9.4.43.v20210629; built: 2021-06-30T11:07:22.254Z; git: 526006ecfa3af7f1a27ef3a288e2bef7ea9dd7e8; jvm 1.8.0_292-b10
2021-09-08 01:20:32,333 [Listener at 127.0.0.1/40417] INFO  server.session (DefaultSessionIdManager.java:doStart(334)) - DefaultSessionIdManager workerName=node0
2021-09-08 01:20:32,333 [Listener at 127.0.0.1/40417] INFO  server.session (DefaultSessionIdManager.java:doStart(339)) - No SessionScavenger set, using defaults
2021-09-08 01:20:32,333 [Listener at 127.0.0.1/40417] INFO  server.session (HouseKeeper.java:startScavenging(132)) - node0 Scavenging every 600000ms
2021-09-08 01:20:32,335 [Listener at 127.0.0.1/40417] INFO  handler.ContextHandler (ContextHandler.java:doStart(915)) - Started o.e.j.s.ServletContextHandler@6deda9a6{logs,/logs,file:///home/runner/work/ozone/ozone/hadoop-ozone/integration-test/target/log,AVAILABLE}
2021-09-08 01:20:32,335 [Listener at 127.0.0.1/40417] INFO  handler.ContextHandler (ContextHandler.java:doStart(915)) - Started o.e.j.s.ServletContextHandler@64238d9a{static,/static,jar:file:/home/runner/.m2/repository/org/apache/ozone/hdds-container-service/1.2.0-SNAPSHOT/hdds-container-service-1.2.0-SNAPSHOT.jar!/webapps/static,AVAILABLE}
2021-09-08 01:20:32,379 [Listener at 127.0.0.1/40417] INFO  handler.ContextHandler (ContextHandler.java:doStart(915)) - Started o.e.j.w.WebAppContext@57ad1859{hddsDatanode,/,file:///tmp/jetty-0_0_0_0-44959-hdds-container-service-1_2_0-SNAPSHOT_jar-_-any-4402124455697568367/webapp/,AVAILABLE}{jar:file:/home/runner/.m2/repository/org/apache/ozone/hdds-container-service/1.2.0-SNAPSHOT/hdds-container-service-1.2.0-SNAPSHOT.jar!/webapps/hddsDatanode}
2021-09-08 01:20:32,383 [Listener at 127.0.0.1/40417] INFO  server.AbstractConnector (AbstractConnector.java:doStart(331)) - Started ServerConnector@15691302{HTTP/1.1, (http/1.1)}{0.0.0.0:44959}
2021-09-08 01:20:32,384 [Listener at 127.0.0.1/40417] INFO  server.Server (Server.java:doStart(415)) - Started @8823ms
2021-09-08 01:20:32,384 [Listener at 127.0.0.1/40417] WARN  impl.MetricsSystemImpl (MetricsSystemImpl.java:register(279)) - Sink prometheus already exists!
2021-09-08 01:20:32,385 [Listener at 127.0.0.1/40417] INFO  http.BaseHttpServer (BaseHttpServer.java:updateConnectorAddress(329)) - HTTP server of hddsDatanode listening at http://0.0.0.0:44959
2021-09-08 01:20:32,386 [Datanode State Machine Thread - 0] INFO  statemachine.DatanodeStateMachine (DatanodeStateMachine.java:lambda$startDaemon$0(456)) - Ozone container server started.
2021-09-08 01:20:32,387 [Listener at 127.0.0.1/40417] INFO  ozone.MiniOzoneClusterImpl (MiniOzoneClusterImpl.java:lambda$waitForClusterToBeReady$0(235)) - Waiting for nodes to be ready. Got 0 of 9 DN Heartbeats.
2021-09-08 01:20:32,387 [Listener at 127.0.0.1/40417] INFO  ozone.MiniOzoneClusterImpl (MiniOzoneClusterImpl.java:lambda$waitForClusterToBeReady$0(238)) - Waiting for cluster to exit safe mode
2021-09-08 01:20:32,387 [Listener at 127.0.0.1/40417] INFO  ozone.MiniOzoneClusterImpl (MiniOzoneClusterImpl.java:lambda$waitForClusterToBeReady$0(240)) - SCM became leader
2021-09-08 01:20:32,402 [org.apache.hadoop.util.JvmPauseMonitor$Monitor@6e30f13e] INFO  util.JvmPauseMonitor (JvmPauseMonitor.java:run(188)) - Starting JVM pause monitor
2021-09-08 01:20:32,412 [Datanode State Machine Task Thread - 0] INFO  datanode.InitDatanodeState (InitDatanodeState.java:persistContainerDatanodeDetails(145)) - DatanodeDetails is persisted to /home/runner/work/ozone/ozone/hadoop-ozone/integration-test/target/test-dir/MiniOzoneClusterImpl-0f12cb01-4002-4394-a01c-5903f1f0237a/datanode-8/meta/datanode.id
2021-09-08 01:20:32,441 [EndpointStateMachine task thread for /0.0.0.0:42521 - 0 ] INFO  ozoneimpl.OzoneContainer (OzoneContainer.java:start(304)) - Attempting to start container services.
2021-09-08 01:20:32,443 [EndpointStateMachine task thread for /0.0.0.0:42521 - 0 ] INFO  ozoneimpl.OzoneContainer (OzoneContainer.java:startContainerScrub(249)) - Background container scanner has been disabled.
2021-09-08 01:20:32,445 [EndpointStateMachine task thread for /0.0.0.0:42521 - 0 ] INFO  replication.ReplicationServer (ReplicationServer.java:start(107)) - ReplicationServer is started using port 45561
2021-09-08 01:20:32,449 [EndpointStateMachine task thread for /0.0.0.0:42521 - 0 ] INFO  ratis.XceiverServerRatis (XceiverServerRatis.java:start(482)) - Starting XceiverServerRatis fff8da42-e543-4611-a72f-bc5e7a371435
2021-09-08 01:20:32,450 [EndpointStateMachine task thread for /0.0.0.0:42521 - 0 ] INFO  server.RaftServer (RaftServerProxy.java:lambda$start$5(374)) - fff8da42-e543-4611-a72f-bc5e7a371435: start RPC server
2021-09-08 01:20:32,453 [EndpointStateMachine task thread for /0.0.0.0:42521 - 0 ] INFO  server.GrpcService (GrpcService.java:startImpl(253)) - fff8da42-e543-4611-a72f-bc5e7a371435: GrpcService started, listening on 33015
2021-09-08 01:20:32,454 [EndpointStateMachine task thread for /0.0.0.0:42521 - 0 ] INFO  ratis.XceiverServerRatis (XceiverServerRatis.java:getRealPort(503)) - XceiverServerRatis fff8da42-e543-4611-a72f-bc5e7a371435 is started using port 33015 for RATIS
2021-09-08 01:20:32,454 [EndpointStateMachine task thread for /0.0.0.0:42521 - 0 ] INFO  ratis.XceiverServerRatis (XceiverServerRatis.java:getRealPort(503)) - XceiverServerRatis fff8da42-e543-4611-a72f-bc5e7a371435 is started using port 33015 for RATIS_ADMIN
2021-09-08 01:20:32,454 [EndpointStateMachine task thread for /0.0.0.0:42521 - 0 ] INFO  ratis.XceiverServerRatis (XceiverServerRatis.java:getRealPort(503)) - XceiverServerRatis fff8da42-e543-4611-a72f-bc5e7a371435 is started using port 33015 for RATIS_SERVER
2021-09-08 01:20:32,464 [EndpointStateMachine task thread for /0.0.0.0:42521 - 0 ] INFO  server.XceiverServerGrpc (XceiverServerGrpc.java:start(135)) - XceiverServerGrpc fff8da42-e543-4611-a72f-bc5e7a371435 is started using port 40217
2021-09-08 01:20:32,464 [org.apache.ratis.util.JvmPauseMonitor$$Lambda$531/832986589@221f4c6c] INFO  util.JvmPauseMonitor (JvmPauseMonitor.java:run(103)) - JvmPauseMonitor-fff8da42-e543-4611-a72f-bc5e7a371435: Started
2021-09-08 01:20:32,956 [EndpointStateMachine task thread for /0.0.0.0:42521 - 0 ] INFO  ozoneimpl.OzoneContainer (OzoneContainer.java:start(304)) - Attempting to start container services.
2021-09-08 01:20:32,956 [EndpointStateMachine task thread for /0.0.0.0:42521 - 0 ] INFO  ozoneimpl.OzoneContainer (OzoneContainer.java:startContainerScrub(249)) - Background container scanner has been disabled.
2021-09-08 01:20:32,961 [EndpointStateMachine task thread for /0.0.0.0:42521 - 0 ] INFO  replication.ReplicationServer (ReplicationServer.java:start(107)) - ReplicationServer is started using port 41283
2021-09-08 01:20:32,961 [EndpointStateMachine task thread for /0.0.0.0:42521 - 0 ] INFO  ratis.XceiverServerRatis (XceiverServerRatis.java:start(482)) - Starting XceiverServerRatis e8664701-17ec-4985-afd3-5de44f4c9c08
2021-09-08 01:20:32,964 [EndpointStateMachine task thread for /0.0.0.0:42521 - 0 ] INFO  server.RaftServer (RaftServerProxy.java:lambda$start$5(374)) - e8664701-17ec-4985-afd3-5de44f4c9c08: start RPC server
2021-09-08 01:20:32,969 [EndpointStateMachine task thread for /0.0.0.0:42521 - 0 ] INFO  server.GrpcService (GrpcService.java:startImpl(253)) - e8664701-17ec-4985-afd3-5de44f4c9c08: GrpcService started, listening on 41275
2021-09-08 01:20:32,969 [EndpointStateMachine task thread for /0.0.0.0:42521 - 0 ] INFO  ratis.XceiverServerRatis (XceiverServerRatis.java:getRealPort(503)) - XceiverServerRatis e8664701-17ec-4985-afd3-5de44f4c9c08 is started using port 41275 for RATIS
2021-09-08 01:20:32,969 [EndpointStateMachine task thread for /0.0.0.0:42521 - 0 ] INFO  ratis.XceiverServerRatis (XceiverServerRatis.java:getRealPort(503)) - XceiverServerRatis e8664701-17ec-4985-afd3-5de44f4c9c08 is started using port 41275 for RATIS_ADMIN
2021-09-08 01:20:32,969 [EndpointStateMachine task thread for /0.0.0.0:42521 - 0 ] INFO  ratis.XceiverServerRatis (XceiverServerRatis.java:getRealPort(503)) - XceiverServerRatis e8664701-17ec-4985-afd3-5de44f4c9c08 is started using port 41275 for RATIS_SERVER
2021-09-08 01:20:32,977 [org.apache.ratis.util.JvmPauseMonitor$$Lambda$531/832986589@6a409c1b] INFO  util.JvmPauseMonitor (JvmPauseMonitor.java:run(103)) - JvmPauseMonitor-e8664701-17ec-4985-afd3-5de44f4c9c08: Started
2021-09-08 01:20:32,978 [EndpointStateMachine task thread for /0.0.0.0:42521 - 0 ] INFO  server.XceiverServerGrpc (XceiverServerGrpc.java:start(135)) - XceiverServerGrpc e8664701-17ec-4985-afd3-5de44f4c9c08 is started using port 44909
2021-09-08 01:20:33,237 [EndpointStateMachine task thread for /0.0.0.0:42521 - 0 ] INFO  ozoneimpl.OzoneContainer (OzoneContainer.java:start(304)) - Attempting to start container services.
2021-09-08 01:20:33,237 [EndpointStateMachine task thread for /0.0.0.0:42521 - 0 ] INFO  ozoneimpl.OzoneContainer (OzoneContainer.java:startContainerScrub(249)) - Background container scanner has been disabled.
2021-09-08 01:20:33,239 [EndpointStateMachine task thread for /0.0.0.0:42521 - 0 ] INFO  replication.ReplicationServer (ReplicationServer.java:start(107)) - ReplicationServer is started using port 43647
2021-09-08 01:20:33,239 [EndpointStateMachine task thread for /0.0.0.0:42521 - 0 ] INFO  ratis.XceiverServerRatis (XceiverServerRatis.java:start(482)) - Starting XceiverServerRatis 33731e97-16f6-45e4-8f2a-1dafddc3ee46
2021-09-08 01:20:33,241 [EndpointStateMachine task thread for /0.0.0.0:42521 - 0 ] INFO  server.RaftServer (RaftServerProxy.java:lambda$start$5(374)) - 33731e97-16f6-45e4-8f2a-1dafddc3ee46: start RPC server
2021-09-08 01:20:33,242 [EndpointStateMachine task thread for /0.0.0.0:42521 - 0 ] INFO  server.GrpcService (GrpcService.java:startImpl(253)) - 33731e97-16f6-45e4-8f2a-1dafddc3ee46: GrpcService started, listening on 43575
2021-09-08 01:20:33,242 [EndpointStateMachine task thread for /0.0.0.0:42521 - 0 ] INFO  ratis.XceiverServerRatis (XceiverServerRatis.java:getRealPort(503)) - XceiverServerRatis 33731e97-16f6-45e4-8f2a-1dafddc3ee46 is started using port 43575 for RATIS
2021-09-08 01:20:33,259 [EndpointStateMachine task thread for /0.0.0.0:42521 - 0 ] INFO  ratis.XceiverServerRatis (XceiverServerRatis.java:getRealPort(503)) - XceiverServerRatis 33731e97-16f6-45e4-8f2a-1dafddc3ee46 is started using port 43575 for RATIS_ADMIN
2021-09-08 01:20:33,259 [EndpointStateMachine task thread for /0.0.0.0:42521 - 0 ] INFO  ratis.XceiverServerRatis (XceiverServerRatis.java:getRealPort(503)) - XceiverServerRatis 33731e97-16f6-45e4-8f2a-1dafddc3ee46 is started using port 43575 for RATIS_SERVER
2021-09-08 01:20:33,260 [org.apache.ratis.util.JvmPauseMonitor$$Lambda$531/832986589@4f983d9e] INFO  util.JvmPauseMonitor (JvmPauseMonitor.java:run(103)) - JvmPauseMonitor-33731e97-16f6-45e4-8f2a-1dafddc3ee46: Started
2021-09-08 01:20:33,262 [EndpointStateMachine task thread for /0.0.0.0:42521 - 0 ] INFO  server.XceiverServerGrpc (XceiverServerGrpc.java:start(135)) - XceiverServerGrpc 33731e97-16f6-45e4-8f2a-1dafddc3ee46 is started using port 42867
2021-09-08 01:20:33,388 [Listener at 127.0.0.1/40417] INFO  ozone.MiniOzoneClusterImpl (MiniOzoneClusterImpl.java:lambda$waitForClusterToBeReady$0(235)) - Waiting for nodes to be ready. Got 0 of 9 DN Heartbeats.
2021-09-08 01:20:33,388 [Listener at 127.0.0.1/40417] INFO  ozone.MiniOzoneClusterImpl (MiniOzoneClusterImpl.java:lambda$waitForClusterToBeReady$0(238)) - Waiting for cluster to exit safe mode
2021-09-08 01:20:33,388 [Listener at 127.0.0.1/40417] INFO  ozone.MiniOzoneClusterImpl (MiniOzoneClusterImpl.java:lambda$waitForClusterToBeReady$0(240)) - SCM became leader
2021-09-08 01:20:33,449 [EndpointStateMachine task thread for /0.0.0.0:42521 - 0 ] INFO  ozoneimpl.OzoneContainer (OzoneContainer.java:start(304)) - Attempting to start container services.
2021-09-08 01:20:33,449 [EndpointStateMachine task thread for /0.0.0.0:42521 - 0 ] INFO  ozoneimpl.OzoneContainer (OzoneContainer.java:startContainerScrub(249)) - Background container scanner has been disabled.
2021-09-08 01:20:33,451 [EndpointStateMachine task thread for /0.0.0.0:42521 - 0 ] INFO  replication.ReplicationServer (ReplicationServer.java:start(107)) - ReplicationServer is started using port 41631
2021-09-08 01:20:33,452 [EndpointStateMachine task thread for /0.0.0.0:42521 - 0 ] INFO  ratis.XceiverServerRatis (XceiverServerRatis.java:start(482)) - Starting XceiverServerRatis 06f45bb0-d367-47cf-8f0c-bcb418e113db
2021-09-08 01:20:33,453 [EndpointStateMachine task thread for /0.0.0.0:42521 - 0 ] INFO  server.RaftServer (RaftServerProxy.java:lambda$start$5(374)) - 06f45bb0-d367-47cf-8f0c-bcb418e113db: start RPC server
2021-09-08 01:20:33,454 [EndpointStateMachine task thread for /0.0.0.0:42521 - 0 ] INFO  server.GrpcService (GrpcService.java:startImpl(253)) - 06f45bb0-d367-47cf-8f0c-bcb418e113db: GrpcService started, listening on 33913
2021-09-08 01:20:33,454 [EndpointStateMachine task thread for /0.0.0.0:42521 - 0 ] INFO  ratis.XceiverServerRatis (XceiverServerRatis.java:getRealPort(503)) - XceiverServerRatis 06f45bb0-d367-47cf-8f0c-bcb418e113db is started using port 33913 for RATIS
2021-09-08 01:20:33,454 [EndpointStateMachine task thread for /0.0.0.0:42521 - 0 ] INFO  ratis.XceiverServerRatis (XceiverServerRatis.java:getRealPort(503)) - XceiverServerRatis 06f45bb0-d367-47cf-8f0c-bcb418e113db is started using port 33913 for RATIS_ADMIN
2021-09-08 01:20:33,454 [EndpointStateMachine task thread for /0.0.0.0:42521 - 0 ] INFO  ratis.XceiverServerRatis (XceiverServerRatis.java:getRealPort(503)) - XceiverServerRatis 06f45bb0-d367-47cf-8f0c-bcb418e113db is started using port 33913 for RATIS_SERVER
2021-09-08 01:20:33,454 [org.apache.ratis.util.JvmPauseMonitor$$Lambda$531/832986589@1c059de4] INFO  util.JvmPauseMonitor (JvmPauseMonitor.java:run(103)) - JvmPauseMonitor-06f45bb0-d367-47cf-8f0c-bcb418e113db: Started
2021-09-08 01:20:33,455 [EndpointStateMachine task thread for /0.0.0.0:42521 - 0 ] INFO  server.XceiverServerGrpc (XceiverServerGrpc.java:start(135)) - XceiverServerGrpc 06f45bb0-d367-47cf-8f0c-bcb418e113db is started using port 36105
2021-09-08 01:20:33,633 [EndpointStateMachine task thread for /0.0.0.0:42521 - 0 ] INFO  ozoneimpl.OzoneContainer (OzoneContainer.java:start(304)) - Attempting to start container services.
2021-09-08 01:20:33,633 [EndpointStateMachine task thread for /0.0.0.0:42521 - 0 ] INFO  ozoneimpl.OzoneContainer (OzoneContainer.java:startContainerScrub(249)) - Background container scanner has been disabled.
2021-09-08 01:20:33,635 [EndpointStateMachine task thread for /0.0.0.0:42521 - 0 ] INFO  replication.ReplicationServer (ReplicationServer.java:start(107)) - ReplicationServer is started using port 40787
2021-09-08 01:20:33,636 [EndpointStateMachine task thread for /0.0.0.0:42521 - 0 ] INFO  ratis.XceiverServerRatis (XceiverServerRatis.java:start(482)) - Starting XceiverServerRatis df659118-86d4-47ae-9076-ad4ead1182cd
2021-09-08 01:20:33,636 [EndpointStateMachine task thread for /0.0.0.0:42521 - 0 ] INFO  server.RaftServer (RaftServerProxy.java:lambda$start$5(374)) - df659118-86d4-47ae-9076-ad4ead1182cd: start RPC server
2021-09-08 01:20:33,637 [EndpointStateMachine task thread for /0.0.0.0:42521 - 0 ] INFO  server.GrpcService (GrpcService.java:startImpl(253)) - df659118-86d4-47ae-9076-ad4ead1182cd: GrpcService started, listening on 41085
2021-09-08 01:20:33,638 [EndpointStateMachine task thread for /0.0.0.0:42521 - 0 ] INFO  ratis.XceiverServerRatis (XceiverServerRatis.java:getRealPort(503)) - XceiverServerRatis df659118-86d4-47ae-9076-ad4ead1182cd is started using port 41085 for RATIS
2021-09-08 01:20:33,638 [EndpointStateMachine task thread for /0.0.0.0:42521 - 0 ] INFO  ratis.XceiverServerRatis (XceiverServerRatis.java:getRealPort(503)) - XceiverServerRatis df659118-86d4-47ae-9076-ad4ead1182cd is started using port 41085 for RATIS_ADMIN
2021-09-08 01:20:33,638 [EndpointStateMachine task thread for /0.0.0.0:42521 - 0 ] INFO  ratis.XceiverServerRatis (XceiverServerRatis.java:getRealPort(503)) - XceiverServerRatis df659118-86d4-47ae-9076-ad4ead1182cd is started using port 41085 for RATIS_SERVER
2021-09-08 01:20:33,638 [org.apache.ratis.util.JvmPauseMonitor$$Lambda$531/832986589@7dafc8dc] INFO  util.JvmPauseMonitor (JvmPauseMonitor.java:run(103)) - JvmPauseMonitor-df659118-86d4-47ae-9076-ad4ead1182cd: Started
2021-09-08 01:20:33,640 [EndpointStateMachine task thread for /0.0.0.0:42521 - 0 ] INFO  server.XceiverServerGrpc (XceiverServerGrpc.java:start(135)) - XceiverServerGrpc df659118-86d4-47ae-9076-ad4ead1182cd is started using port 44737
2021-09-08 01:20:33,831 [EndpointStateMachine task thread for /0.0.0.0:42521 - 0 ] INFO  ozoneimpl.OzoneContainer (OzoneContainer.java:start(304)) - Attempting to start container services.
2021-09-08 01:20:33,831 [EndpointStateMachine task thread for /0.0.0.0:42521 - 0 ] INFO  ozoneimpl.OzoneContainer (OzoneContainer.java:startContainerScrub(249)) - Background container scanner has been disabled.
2021-09-08 01:20:33,832 [EndpointStateMachine task thread for /0.0.0.0:42521 - 0 ] INFO  replication.ReplicationServer (ReplicationServer.java:start(107)) - ReplicationServer is started using port 36187
2021-09-08 01:20:33,836 [EndpointStateMachine task thread for /0.0.0.0:42521 - 0 ] INFO  ratis.XceiverServerRatis (XceiverServerRatis.java:start(482)) - Starting XceiverServerRatis 0845838b-9535-4874-adc8-850f7ac3d0e5
2021-09-08 01:20:33,837 [EndpointStateMachine task thread for /0.0.0.0:42521 - 0 ] INFO  server.RaftServer (RaftServerProxy.java:lambda$start$5(374)) - 0845838b-9535-4874-adc8-850f7ac3d0e5: start RPC server
2021-09-08 01:20:33,840 [EndpointStateMachine task thread for /0.0.0.0:42521 - 0 ] INFO  server.GrpcService (GrpcService.java:startImpl(253)) - 0845838b-9535-4874-adc8-850f7ac3d0e5: GrpcService started, listening on 37265
2021-09-08 01:20:33,841 [EndpointStateMachine task thread for /0.0.0.0:42521 - 0 ] INFO  ratis.XceiverServerRatis (XceiverServerRatis.java:getRealPort(503)) - XceiverServerRatis 0845838b-9535-4874-adc8-850f7ac3d0e5 is started using port 37265 for RATIS
2021-09-08 01:20:33,841 [EndpointStateMachine task thread for /0.0.0.0:42521 - 0 ] INFO  ratis.XceiverServerRatis (XceiverServerRatis.java:getRealPort(503)) - XceiverServerRatis 0845838b-9535-4874-adc8-850f7ac3d0e5 is started using port 37265 for RATIS_ADMIN
2021-09-08 01:20:33,841 [EndpointStateMachine task thread for /0.0.0.0:42521 - 0 ] INFO  ratis.XceiverServerRatis (XceiverServerRatis.java:getRealPort(503)) - XceiverServerRatis 0845838b-9535-4874-adc8-850f7ac3d0e5 is started using port 37265 for RATIS_SERVER
2021-09-08 01:20:33,843 [EndpointStateMachine task thread for /0.0.0.0:42521 - 0 ] INFO  server.XceiverServerGrpc (XceiverServerGrpc.java:start(135)) - XceiverServerGrpc 0845838b-9535-4874-adc8-850f7ac3d0e5 is started using port 32933
2021-09-08 01:20:33,847 [org.apache.ratis.util.JvmPauseMonitor$$Lambda$531/832986589@678b924] INFO  util.JvmPauseMonitor (JvmPauseMonitor.java:run(103)) - JvmPauseMonitor-0845838b-9535-4874-adc8-850f7ac3d0e5: Started
2021-09-08 01:20:34,041 [EndpointStateMachine task thread for /0.0.0.0:42521 - 0 ] INFO  ozoneimpl.OzoneContainer (OzoneContainer.java:start(304)) - Attempting to start container services.
2021-09-08 01:20:34,041 [EndpointStateMachine task thread for /0.0.0.0:42521 - 0 ] INFO  ozoneimpl.OzoneContainer (OzoneContainer.java:startContainerScrub(249)) - Background container scanner has been disabled.
2021-09-08 01:20:34,044 [EndpointStateMachine task thread for /0.0.0.0:42521 - 0 ] INFO  replication.ReplicationServer (ReplicationServer.java:start(107)) - ReplicationServer is started using port 45485
2021-09-08 01:20:34,044 [EndpointStateMachine task thread for /0.0.0.0:42521 - 0 ] INFO  ratis.XceiverServerRatis (XceiverServerRatis.java:start(482)) - Starting XceiverServerRatis c4ae24d6-167d-432b-819b-55d2c3b07854
2021-09-08 01:20:34,048 [EndpointStateMachine task thread for /0.0.0.0:42521 - 0 ] INFO  server.RaftServer (RaftServerProxy.java:lambda$start$5(374)) - c4ae24d6-167d-432b-819b-55d2c3b07854: start RPC server
2021-09-08 01:20:34,049 [EndpointStateMachine task thread for /0.0.0.0:42521 - 0 ] INFO  server.GrpcService (GrpcService.java:startImpl(253)) - c4ae24d6-167d-432b-819b-55d2c3b07854: GrpcService started, listening on 42675
2021-09-08 01:20:34,050 [EndpointStateMachine task thread for /0.0.0.0:42521 - 0 ] INFO  ratis.XceiverServerRatis (XceiverServerRatis.java:getRealPort(503)) - XceiverServerRatis c4ae24d6-167d-432b-819b-55d2c3b07854 is started using port 42675 for RATIS
2021-09-08 01:20:34,050 [EndpointStateMachine task thread for /0.0.0.0:42521 - 0 ] INFO  ratis.XceiverServerRatis (XceiverServerRatis.java:getRealPort(503)) - XceiverServerRatis c4ae24d6-167d-432b-819b-55d2c3b07854 is started using port 42675 for RATIS_ADMIN
2021-09-08 01:20:34,050 [EndpointStateMachine task thread for /0.0.0.0:42521 - 0 ] INFO  ratis.XceiverServerRatis (XceiverServerRatis.java:getRealPort(503)) - XceiverServerRatis c4ae24d6-167d-432b-819b-55d2c3b07854 is started using port 42675 for RATIS_SERVER
2021-09-08 01:20:34,050 [org.apache.ratis.util.JvmPauseMonitor$$Lambda$531/832986589@347073a7] INFO  util.JvmPauseMonitor (JvmPauseMonitor.java:run(103)) - JvmPauseMonitor-c4ae24d6-167d-432b-819b-55d2c3b07854: Started
2021-09-08 01:20:34,051 [EndpointStateMachine task thread for /0.0.0.0:42521 - 0 ] INFO  server.XceiverServerGrpc (XceiverServerGrpc.java:start(135)) - XceiverServerGrpc c4ae24d6-167d-432b-819b-55d2c3b07854 is started using port 45127
2021-09-08 01:20:34,212 [EndpointStateMachine task thread for /0.0.0.0:42521 - 0 ] INFO  ozoneimpl.OzoneContainer (OzoneContainer.java:start(304)) - Attempting to start container services.
2021-09-08 01:20:34,212 [EndpointStateMachine task thread for /0.0.0.0:42521 - 0 ] INFO  ozoneimpl.OzoneContainer (OzoneContainer.java:startContainerScrub(249)) - Background container scanner has been disabled.
2021-09-08 01:20:34,217 [EndpointStateMachine task thread for /0.0.0.0:42521 - 0 ] INFO  replication.ReplicationServer (ReplicationServer.java:start(107)) - ReplicationServer is started using port 44961
2021-09-08 01:20:34,217 [EndpointStateMachine task thread for /0.0.0.0:42521 - 0 ] INFO  ratis.XceiverServerRatis (XceiverServerRatis.java:start(482)) - Starting XceiverServerRatis e7eadb9e-87f0-44a1-8347-22fb5259c06f
2021-09-08 01:20:34,218 [EndpointStateMachine task thread for /0.0.0.0:42521 - 0 ] INFO  server.RaftServer (RaftServerProxy.java:lambda$start$5(374)) - e7eadb9e-87f0-44a1-8347-22fb5259c06f: start RPC server
2021-09-08 01:20:34,219 [EndpointStateMachine task thread for /0.0.0.0:42521 - 0 ] INFO  server.GrpcService (GrpcService.java:startImpl(253)) - e7eadb9e-87f0-44a1-8347-22fb5259c06f: GrpcService started, listening on 40669
2021-09-08 01:20:34,219 [EndpointStateMachine task thread for /0.0.0.0:42521 - 0 ] INFO  ratis.XceiverServerRatis (XceiverServerRatis.java:getRealPort(503)) - XceiverServerRatis e7eadb9e-87f0-44a1-8347-22fb5259c06f is started using port 40669 for RATIS
2021-09-08 01:20:34,219 [EndpointStateMachine task thread for /0.0.0.0:42521 - 0 ] INFO  ratis.XceiverServerRatis (XceiverServerRatis.java:getRealPort(503)) - XceiverServerRatis e7eadb9e-87f0-44a1-8347-22fb5259c06f is started using port 40669 for RATIS_ADMIN
2021-09-08 01:20:34,219 [EndpointStateMachine task thread for /0.0.0.0:42521 - 0 ] INFO  ratis.XceiverServerRatis (XceiverServerRatis.java:getRealPort(503)) - XceiverServerRatis e7eadb9e-87f0-44a1-8347-22fb5259c06f is started using port 40669 for RATIS_SERVER
2021-09-08 01:20:34,219 [org.apache.ratis.util.JvmPauseMonitor$$Lambda$531/832986589@3ccdb795] INFO  util.JvmPauseMonitor (JvmPauseMonitor.java:run(103)) - JvmPauseMonitor-e7eadb9e-87f0-44a1-8347-22fb5259c06f: Started
2021-09-08 01:20:34,221 [EndpointStateMachine task thread for /0.0.0.0:42521 - 0 ] INFO  server.XceiverServerGrpc (XceiverServerGrpc.java:start(135)) - XceiverServerGrpc e7eadb9e-87f0-44a1-8347-22fb5259c06f is started using port 39561
2021-09-08 01:20:34,388 [Listener at 127.0.0.1/40417] INFO  ozone.MiniOzoneClusterImpl (MiniOzoneClusterImpl.java:lambda$waitForClusterToBeReady$0(235)) - Waiting for nodes to be ready. Got 0 of 9 DN Heartbeats.
2021-09-08 01:20:34,389 [Listener at 127.0.0.1/40417] INFO  ozone.MiniOzoneClusterImpl (MiniOzoneClusterImpl.java:lambda$waitForClusterToBeReady$0(238)) - Waiting for cluster to exit safe mode
2021-09-08 01:20:34,389 [Listener at 127.0.0.1/40417] INFO  ozone.MiniOzoneClusterImpl (MiniOzoneClusterImpl.java:lambda$waitForClusterToBeReady$0(240)) - SCM became leader
2021-09-08 01:20:34,392 [IPC Server handler 17 on default port 42521] INFO  net.NetworkTopologyImpl (NetworkTopologyImpl.java:add(112)) - Added a new node: /default-rack/fff8da42-e543-4611-a72f-bc5e7a371435
2021-09-08 01:20:34,394 [IPC Server handler 17 on default port 42521] INFO  node.SCMNodeManager (SCMNodeManager.java:register(390)) - Registered Data node : fff8da42-e543-4611-a72f-bc5e7a371435{ip: 10.1.0.19, host: fv-az396-69.zsjpccerc4sulamragr3v05mvf.jx.internal.cloudapp.net, ports: [REPLICATION=45561, RATIS=33015, RATIS_ADMIN=33015, RATIS_SERVER=33015, STANDALONE=40217], networkLocation: /default-rack, certSerialId: null, persistedOpState: null, persistedOpStateExpiryEpochSec: 0}
2021-09-08 01:20:34,398 [EventQueue-NewNodeForNewNodeHandler] INFO  pipeline.BackgroundPipelineCreator (BackgroundPipelineCreatorV2.java:notifyEventTriggered(285)) - trigger a one-shot run on RatisPipelineUtilsThread.
2021-09-08 01:20:34,400 [EventQueue-NodeRegistrationContainerReportForContainerSafeModeRule] INFO  safemode.SCMSafeModeManager (SCMSafeModeManager.java:validateSafeModeExitRules(204)) - ContainerSafeModeRule rule is successfully validated
2021-09-08 01:20:34,401 [EventQueue-NodeRegistrationContainerReportForDataNodeSafeModeRule] INFO  safemode.SCMSafeModeManager (DataNodeSafeModeRule.java:process(71)) - SCM in safe mode. 1 DataNodes registered, 3 required.
2021-09-08 01:20:34,408 [EventQueue-PipelineReportForOneReplicaPipelineSafeModeRule] INFO  safemode.SCMSafeModeManager (SCMSafeModeManager.java:validateSafeModeExitRules(204)) - AtleastOneDatanodeReportedRule rule is successfully validated
2021-09-08 01:20:34,409 [RatisPipelineUtilsThread - 0] INFO  pipeline.RatisPipelineProvider (RatisPipelineProvider.java:lambda$create$0(183)) - Sending CreatePipelineCommand for pipeline:PipelineID=a15cc136-6934-45a2-9e37-594664ffaa7e to datanode:fff8da42-e543-4611-a72f-bc5e7a371435
2021-09-08 01:20:34,426 [RatisPipelineUtilsThread - 0] INFO  pipeline.PipelineStateManager (PipelineStateManagerV2Impl.java:addPipeline(101)) - Created pipeline Pipeline[ Id: a15cc136-6934-45a2-9e37-594664ffaa7e, Nodes: fff8da42-e543-4611-a72f-bc5e7a371435{ip: 10.1.0.19, host: fv-az396-69.zsjpccerc4sulamragr3v05mvf.jx.internal.cloudapp.net, ports: [REPLICATION=45561, RATIS=33015, RATIS_ADMIN=33015, RATIS_SERVER=33015, STANDALONE=40217], networkLocation: /default-rack, certSerialId: null, persistedOpState: IN_SERVICE, persistedOpStateExpiryEpochSec: 0}, ReplicationConfig: RATIS/ONE, State:ALLOCATED, leaderId:, CreationTimestamp2021-09-08T01:20:34.406Z[Etc/UTC]].
2021-09-08 01:20:34,430 [EndpointStateMachine task thread for /0.0.0.0:42521 - 0 ] INFO  ozoneimpl.OzoneContainer (OzoneContainer.java:start(304)) - Attempting to start container services.
2021-09-08 01:20:34,431 [EndpointStateMachine task thread for /0.0.0.0:42521 - 0 ] INFO  ozoneimpl.OzoneContainer (OzoneContainer.java:startContainerScrub(249)) - Background container scanner has been disabled.
2021-09-08 01:20:34,434 [EndpointStateMachine task thread for /0.0.0.0:42521 - 0 ] INFO  replication.ReplicationServer (ReplicationServer.java:start(107)) - ReplicationServer is started using port 41411
2021-09-08 01:20:34,434 [EndpointStateMachine task thread for /0.0.0.0:42521 - 0 ] INFO  ratis.XceiverServerRatis (XceiverServerRatis.java:start(482)) - Starting XceiverServerRatis a5b729b8-cc77-4510-b256-3db79b728626
2021-09-08 01:20:34,435 [EndpointStateMachine task thread for /0.0.0.0:42521 - 0 ] INFO  server.RaftServer (RaftServerProxy.java:lambda$start$5(374)) - a5b729b8-cc77-4510-b256-3db79b728626: start RPC server
2021-09-08 01:20:34,436 [EndpointStateMachine task thread for /0.0.0.0:42521 - 0 ] INFO  server.GrpcService (GrpcService.java:startImpl(253)) - a5b729b8-cc77-4510-b256-3db79b728626: GrpcService started, listening on 41785
2021-09-08 01:20:34,436 [EndpointStateMachine task thread for /0.0.0.0:42521 - 0 ] INFO  ratis.XceiverServerRatis (XceiverServerRatis.java:getRealPort(503)) - XceiverServerRatis a5b729b8-cc77-4510-b256-3db79b728626 is started using port 41785 for RATIS
2021-09-08 01:20:34,436 [org.apache.ratis.util.JvmPauseMonitor$$Lambda$531/832986589@34813f01] INFO  util.JvmPauseMonitor (JvmPauseMonitor.java:run(103)) - JvmPauseMonitor-a5b729b8-cc77-4510-b256-3db79b728626: Started
2021-09-08 01:20:34,436 [EndpointStateMachine task thread for /0.0.0.0:42521 - 0 ] INFO  ratis.XceiverServerRatis (XceiverServerRatis.java:getRealPort(503)) - XceiverServerRatis a5b729b8-cc77-4510-b256-3db79b728626 is started using port 41785 for RATIS_ADMIN
2021-09-08 01:20:34,437 [EndpointStateMachine task thread for /0.0.0.0:42521 - 0 ] INFO  ratis.XceiverServerRatis (XceiverServerRatis.java:getRealPort(503)) - XceiverServerRatis a5b729b8-cc77-4510-b256-3db79b728626 is started using port 41785 for RATIS_SERVER
2021-09-08 01:20:34,438 [EndpointStateMachine task thread for /0.0.0.0:42521 - 0 ] INFO  server.XceiverServerGrpc (XceiverServerGrpc.java:start(135)) - XceiverServerGrpc a5b729b8-cc77-4510-b256-3db79b728626 is started using port 36391
2021-09-08 01:20:34,954 [IPC Server handler 18 on default port 42521] INFO  net.NetworkTopologyImpl (NetworkTopologyImpl.java:add(112)) - Added a new node: /default-rack/e8664701-17ec-4985-afd3-5de44f4c9c08
2021-09-08 01:20:34,954 [IPC Server handler 18 on default port 42521] INFO  node.SCMNodeManager (SCMNodeManager.java:register(390)) - Registered Data node : e8664701-17ec-4985-afd3-5de44f4c9c08{ip: 10.1.0.19, host: fv-az396-69.zsjpccerc4sulamragr3v05mvf.jx.internal.cloudapp.net, ports: [REPLICATION=41283, RATIS=41275, RATIS_ADMIN=41275, RATIS_SERVER=41275, STANDALONE=44909], networkLocation: /default-rack, certSerialId: null, persistedOpState: null, persistedOpStateExpiryEpochSec: 0}
2021-09-08 01:20:34,954 [EventQueue-NewNodeForNewNodeHandler] INFO  pipeline.BackgroundPipelineCreator (BackgroundPipelineCreatorV2.java:notifyEventTriggered(285)) - trigger a one-shot run on RatisPipelineUtilsThread.
2021-09-08 01:20:34,955 [EventQueue-NodeRegistrationContainerReportForDataNodeSafeModeRule] INFO  safemode.SCMSafeModeManager (DataNodeSafeModeRule.java:process(71)) - SCM in safe mode. 2 DataNodes registered, 3 required.
2021-09-08 01:20:34,956 [RatisPipelineUtilsThread - 0] INFO  pipeline.RatisPipelineProvider (RatisPipelineProvider.java:lambda$create$0(183)) - Sending CreatePipelineCommand for pipeline:PipelineID=8c80135a-bb05-48fe-9ebc-55994ed9ade4 to datanode:e8664701-17ec-4985-afd3-5de44f4c9c08
2021-09-08 01:20:34,957 [RatisPipelineUtilsThread - 0] INFO  pipeline.PipelineStateManager (PipelineStateManagerV2Impl.java:addPipeline(101)) - Created pipeline Pipeline[ Id: 8c80135a-bb05-48fe-9ebc-55994ed9ade4, Nodes: e8664701-17ec-4985-afd3-5de44f4c9c08{ip: 10.1.0.19, host: fv-az396-69.zsjpccerc4sulamragr3v05mvf.jx.internal.cloudapp.net, ports: [REPLICATION=41283, RATIS=41275, RATIS_ADMIN=41275, RATIS_SERVER=41275, STANDALONE=44909], networkLocation: /default-rack, certSerialId: null, persistedOpState: IN_SERVICE, persistedOpStateExpiryEpochSec: 0}, ReplicationConfig: RATIS/ONE, State:ALLOCATED, leaderId:, CreationTimestamp2021-09-08T01:20:34.956Z[Etc/UTC]].
2021-09-08 01:20:35,235 [IPC Server handler 17 on default port 42521] INFO  net.NetworkTopologyImpl (NetworkTopologyImpl.java:add(112)) - Added a new node: /default-rack/33731e97-16f6-45e4-8f2a-1dafddc3ee46
2021-09-08 01:20:35,235 [IPC Server handler 17 on default port 42521] INFO  node.SCMNodeManager (SCMNodeManager.java:register(390)) - Registered Data node : 33731e97-16f6-45e4-8f2a-1dafddc3ee46{ip: 10.1.0.19, host: fv-az396-69.zsjpccerc4sulamragr3v05mvf.jx.internal.cloudapp.net, ports: [REPLICATION=43647, RATIS=43575, RATIS_ADMIN=43575, RATIS_SERVER=43575, STANDALONE=42867], networkLocation: /default-rack, certSerialId: null, persistedOpState: null, persistedOpStateExpiryEpochSec: 0}
2021-09-08 01:20:35,235 [EventQueue-NewNodeForNewNodeHandler] INFO  pipeline.BackgroundPipelineCreator (BackgroundPipelineCreatorV2.java:notifyEventTriggered(285)) - trigger a one-shot run on RatisPipelineUtilsThread.
2021-09-08 01:20:35,237 [EventQueue-NodeRegistrationContainerReportForDataNodeSafeModeRule] INFO  safemode.SCMSafeModeManager (DataNodeSafeModeRule.java:process(71)) - SCM in safe mode. 3 DataNodes registered, 3 required.
2021-09-08 01:20:35,237 [EventQueue-NodeRegistrationContainerReportForDataNodeSafeModeRule] INFO  safemode.SCMSafeModeManager (SCMSafeModeManager.java:validateSafeModeExitRules(204)) - DataNodeSafeModeRule rule is successfully validated
2021-09-08 01:20:35,237 [EventQueue-NodeRegistrationContainerReportForDataNodeSafeModeRule] INFO  safemode.SCMSafeModeManager (SCMSafeModeManager.java:completePreCheck(233)) - All SCM safe mode pre check rules have passed
2021-09-08 01:20:35,237 [EventQueue-NodeRegistrationContainerReportForDataNodeSafeModeRule] WARN  events.EventQueue (EventQueue.java:fireEvent(194)) - No event handler registered for event TypedEvent{payloadType=SafeModeStatus, name='Safe mode status'}
2021-09-08 01:20:35,237 [EventQueue-NodeRegistrationContainerReportForDataNodeSafeModeRule] INFO  ha.SCMContext (SCMContext.java:updateSafeModeStatus(205)) - Update SafeModeStatus from SafeModeStatus{safeModeStatus=true, preCheckPassed=false} to SafeModeStatus{safeModeStatus=true, preCheckPassed=true}.
2021-09-08 01:20:35,237 [EventQueue-NodeRegistrationContainerReportForDataNodeSafeModeRule] INFO  pipeline.BackgroundPipelineCreator (BackgroundPipelineCreatorV2.java:notifyEventTriggered(285)) - trigger a one-shot run on RatisPipelineUtilsThread.
2021-09-08 01:20:35,238 [RatisPipelineUtilsThread - 0] INFO  pipeline.RatisPipelineProvider (RatisPipelineProvider.java:lambda$create$0(183)) - Sending CreatePipelineCommand for pipeline:PipelineID=eec28ec3-c5c6-45b7-ac81-e87320b4b532 to datanode:33731e97-16f6-45e4-8f2a-1dafddc3ee46
2021-09-08 01:20:35,239 [RatisPipelineUtilsThread - 0] INFO  pipeline.PipelineStateManager (PipelineStateManagerV2Impl.java:addPipeline(101)) - Created pipeline Pipeline[ Id: eec28ec3-c5c6-45b7-ac81-e87320b4b532, Nodes: 33731e97-16f6-45e4-8f2a-1dafddc3ee46{ip: 10.1.0.19, host: fv-az396-69.zsjpccerc4sulamragr3v05mvf.jx.internal.cloudapp.net, ports: [REPLICATION=43647, RATIS=43575, RATIS_ADMIN=43575, RATIS_SERVER=43575, STANDALONE=42867], networkLocation: /default-rack, certSerialId: null, persistedOpState: IN_SERVICE, persistedOpStateExpiryEpochSec: 0}, ReplicationConfig: RATIS/ONE, State:ALLOCATED, leaderId:, CreationTimestamp2021-09-08T01:20:35.238Z[Etc/UTC]].
2021-09-08 01:20:35,242 [RatisPipelineUtilsThread - 0] INFO  pipeline.RatisPipelineProvider (RatisPipelineProvider.java:lambda$create$0(183)) - Sending CreatePipelineCommand for pipeline:PipelineID=0dd8c860-2cb9-4e4d-8e04-721745a2736d to datanode:e8664701-17ec-4985-afd3-5de44f4c9c08
2021-09-08 01:20:35,242 [RatisPipelineUtilsThread - 0] INFO  pipeline.RatisPipelineProvider (RatisPipelineProvider.java:lambda$create$0(183)) - Sending CreatePipelineCommand for pipeline:PipelineID=0dd8c860-2cb9-4e4d-8e04-721745a2736d to datanode:33731e97-16f6-45e4-8f2a-1dafddc3ee46
2021-09-08 01:20:35,242 [RatisPipelineUtilsThread - 0] INFO  pipeline.RatisPipelineProvider (RatisPipelineProvider.java:lambda$create$0(183)) - Sending CreatePipelineCommand for pipeline:PipelineID=0dd8c860-2cb9-4e4d-8e04-721745a2736d to datanode:fff8da42-e543-4611-a72f-bc5e7a371435
2021-09-08 01:20:35,243 [RatisPipelineUtilsThread - 0] INFO  pipeline.PipelineStateManager (PipelineStateManagerV2Impl.java:addPipeline(101)) - Created pipeline Pipeline[ Id: 0dd8c860-2cb9-4e4d-8e04-721745a2736d, Nodes: e8664701-17ec-4985-afd3-5de44f4c9c08{ip: 10.1.0.19, host: fv-az396-69.zsjpccerc4sulamragr3v05mvf.jx.internal.cloudapp.net, ports: [REPLICATION=41283, RATIS=41275, RATIS_ADMIN=41275, RATIS_SERVER=41275, STANDALONE=44909], networkLocation: /default-rack, certSerialId: null, persistedOpState: IN_SERVICE, persistedOpStateExpiryEpochSec: 0}33731e97-16f6-45e4-8f2a-1dafddc3ee46{ip: 10.1.0.19, host: fv-az396-69.zsjpccerc4sulamragr3v05mvf.jx.internal.cloudapp.net, ports: [REPLICATION=43647, RATIS=43575, RATIS_ADMIN=43575, RATIS_SERVER=43575, STANDALONE=42867], networkLocation: /default-rack, certSerialId: null, persistedOpState: IN_SERVICE, persistedOpStateExpiryEpochSec: 0}fff8da42-e543-4611-a72f-bc5e7a371435{ip: 10.1.0.19, host: fv-az396-69.zsjpccerc4sulamragr3v05mvf.jx.internal.cloudapp.net, ports: [REPLICATION=45561, RATIS=33015, RATIS_ADMIN=33015, RATIS_SERVER=33015, STANDALONE=40217], networkLocation: /default-rack, certSerialId: null, persistedOpState: IN_SERVICE, persistedOpStateExpiryEpochSec: 0}, ReplicationConfig: RATIS/THREE, State:ALLOCATED, leaderId:, CreationTimestamp2021-09-08T01:20:35.242Z[Etc/UTC]].
2021-09-08 01:20:35,389 [Listener at 127.0.0.1/40417] INFO  ozone.MiniOzoneClusterImpl (MiniOzoneClusterImpl.java:lambda$waitForClusterToBeReady$0(235)) - Waiting for nodes to be ready. Got 3 of 9 DN Heartbeats.
2021-09-08 01:20:35,390 [Listener at 127.0.0.1/40417] INFO  ozone.MiniOzoneClusterImpl (MiniOzoneClusterImpl.java:lambda$waitForClusterToBeReady$0(238)) - Waiting for cluster to exit safe mode
2021-09-08 01:20:35,390 [Listener at 127.0.0.1/40417] INFO  ozone.MiniOzoneClusterImpl (MiniOzoneClusterImpl.java:lambda$waitForClusterToBeReady$0(240)) - SCM became leader
2021-09-08 01:20:35,448 [IPC Server handler 14 on default port 42521] INFO  net.NetworkTopologyImpl (NetworkTopologyImpl.java:add(112)) - Added a new node: /default-rack/06f45bb0-d367-47cf-8f0c-bcb418e113db
2021-09-08 01:20:35,449 [IPC Server handler 14 on default port 42521] INFO  node.SCMNodeManager (SCMNodeManager.java:register(390)) - Registered Data node : 06f45bb0-d367-47cf-8f0c-bcb418e113db{ip: 10.1.0.19, host: fv-az396-69.zsjpccerc4sulamragr3v05mvf.jx.internal.cloudapp.net, ports: [REPLICATION=41631, RATIS=33913, RATIS_ADMIN=33913, RATIS_SERVER=33913, STANDALONE=36105], networkLocation: /default-rack, certSerialId: null, persistedOpState: null, persistedOpStateExpiryEpochSec: 0}
2021-09-08 01:20:35,449 [EventQueue-NewNodeForNewNodeHandler] INFO  pipeline.BackgroundPipelineCreator (BackgroundPipelineCreatorV2.java:notifyEventTriggered(285)) - trigger a one-shot run on RatisPipelineUtilsThread.
2021-09-08 01:20:35,450 [RatisPipelineUtilsThread - 0] INFO  pipeline.RatisPipelineProvider (RatisPipelineProvider.java:lambda$create$0(183)) - Sending CreatePipelineCommand for pipeline:PipelineID=d099ff88-c4d8-4f88-9700-4f4577de100d to datanode:06f45bb0-d367-47cf-8f0c-bcb418e113db
2021-09-08 01:20:35,450 [RatisPipelineUtilsThread - 0] INFO  pipeline.PipelineStateManager (PipelineStateManagerV2Impl.java:addPipeline(101)) - Created pipeline Pipeline[ Id: d099ff88-c4d8-4f88-9700-4f4577de100d, Nodes: 06f45bb0-d367-47cf-8f0c-bcb418e113db{ip: 10.1.0.19, host: fv-az396-69.zsjpccerc4sulamragr3v05mvf.jx.internal.cloudapp.net, ports: [REPLICATION=41631, RATIS=33913, RATIS_ADMIN=33913, RATIS_SERVER=33913, STANDALONE=36105], networkLocation: /default-rack, certSerialId: null, persistedOpState: IN_SERVICE, persistedOpStateExpiryEpochSec: 0}, ReplicationConfig: RATIS/ONE, State:ALLOCATED, leaderId:, CreationTimestamp2021-09-08T01:20:35.449Z[Etc/UTC]].
2021-09-08 01:20:35,632 [IPC Server handler 11 on default port 42521] INFO  net.NetworkTopologyImpl (NetworkTopologyImpl.java:add(112)) - Added a new node: /default-rack/df659118-86d4-47ae-9076-ad4ead1182cd
2021-09-08 01:20:35,632 [IPC Server handler 11 on default port 42521] INFO  node.SCMNodeManager (SCMNodeManager.java:register(390)) - Registered Data node : df659118-86d4-47ae-9076-ad4ead1182cd{ip: 10.1.0.19, host: fv-az396-69.zsjpccerc4sulamragr3v05mvf.jx.internal.cloudapp.net, ports: [REPLICATION=40787, RATIS=41085, RATIS_ADMIN=41085, RATIS_SERVER=41085, STANDALONE=44737], networkLocation: /default-rack, certSerialId: null, persistedOpState: null, persistedOpStateExpiryEpochSec: 0}
2021-09-08 01:20:35,633 [EventQueue-NewNodeForNewNodeHandler] INFO  pipeline.BackgroundPipelineCreator (BackgroundPipelineCreatorV2.java:notifyEventTriggered(285)) - trigger a one-shot run on RatisPipelineUtilsThread.
2021-09-08 01:20:35,637 [RatisPipelineUtilsThread - 0] INFO  pipeline.RatisPipelineProvider (RatisPipelineProvider.java:lambda$create$0(183)) - Sending CreatePipelineCommand for pipeline:PipelineID=b87cf334-1b8d-42ae-86b8-283a5e7293c4 to datanode:df659118-86d4-47ae-9076-ad4ead1182cd
2021-09-08 01:20:35,638 [RatisPipelineUtilsThread - 0] INFO  pipeline.PipelineStateManager (PipelineStateManagerV2Impl.java:addPipeline(101)) - Created pipeline Pipeline[ Id: b87cf334-1b8d-42ae-86b8-283a5e7293c4, Nodes: df659118-86d4-47ae-9076-ad4ead1182cd{ip: 10.1.0.19, host: fv-az396-69.zsjpccerc4sulamragr3v05mvf.jx.internal.cloudapp.net, ports: [REPLICATION=40787, RATIS=41085, RATIS_ADMIN=41085, RATIS_SERVER=41085, STANDALONE=44737], networkLocation: /default-rack, certSerialId: null, persistedOpState: IN_SERVICE, persistedOpStateExpiryEpochSec: 0}, ReplicationConfig: RATIS/ONE, State:ALLOCATED, leaderId:, CreationTimestamp2021-09-08T01:20:35.637Z[Etc/UTC]].
2021-09-08 01:20:35,830 [IPC Server handler 19 on default port 42521] INFO  net.NetworkTopologyImpl (NetworkTopologyImpl.java:add(112)) - Added a new node: /default-rack/0845838b-9535-4874-adc8-850f7ac3d0e5
2021-09-08 01:20:35,830 [IPC Server handler 19 on default port 42521] INFO  node.SCMNodeManager (SCMNodeManager.java:register(390)) - Registered Data node : 0845838b-9535-4874-adc8-850f7ac3d0e5{ip: 10.1.0.19, host: fv-az396-69.zsjpccerc4sulamragr3v05mvf.jx.internal.cloudapp.net, ports: [REPLICATION=36187, RATIS=37265, RATIS_ADMIN=37265, RATIS_SERVER=37265, STANDALONE=32933], networkLocation: /default-rack, certSerialId: null, persistedOpState: null, persistedOpStateExpiryEpochSec: 0}
2021-09-08 01:20:35,830 [EventQueue-NewNodeForNewNodeHandler] INFO  pipeline.BackgroundPipelineCreator (BackgroundPipelineCreatorV2.java:notifyEventTriggered(285)) - trigger a one-shot run on RatisPipelineUtilsThread.
2021-09-08 01:20:35,831 [RatisPipelineUtilsThread - 0] INFO  pipeline.RatisPipelineProvider (RatisPipelineProvider.java:lambda$create$0(183)) - Sending CreatePipelineCommand for pipeline:PipelineID=816a6bd5-5efd-4815-a346-504e66fdb36b to datanode:0845838b-9535-4874-adc8-850f7ac3d0e5
2021-09-08 01:20:35,832 [RatisPipelineUtilsThread - 0] INFO  pipeline.PipelineStateManager (PipelineStateManagerV2Impl.java:addPipeline(101)) - Created pipeline Pipeline[ Id: 816a6bd5-5efd-4815-a346-504e66fdb36b, Nodes: 0845838b-9535-4874-adc8-850f7ac3d0e5{ip: 10.1.0.19, host: fv-az396-69.zsjpccerc4sulamragr3v05mvf.jx.internal.cloudapp.net, ports: [REPLICATION=36187, RATIS=37265, RATIS_ADMIN=37265, RATIS_SERVER=37265, STANDALONE=32933], networkLocation: /default-rack, certSerialId: null, persistedOpState: IN_SERVICE, persistedOpStateExpiryEpochSec: 0}, ReplicationConfig: RATIS/ONE, State:ALLOCATED, leaderId:, CreationTimestamp2021-09-08T01:20:35.831Z[Etc/UTC]].
2021-09-08 01:20:35,833 [RatisPipelineUtilsThread - 0] INFO  pipeline.RatisPipelineProvider (RatisPipelineProvider.java:lambda$create$0(183)) - Sending CreatePipelineCommand for pipeline:PipelineID=b549a200-60df-4568-98a3-03c340c5bf62 to datanode:06f45bb0-d367-47cf-8f0c-bcb418e113db
2021-09-08 01:20:35,833 [RatisPipelineUtilsThread - 0] INFO  pipeline.RatisPipelineProvider (RatisPipelineProvider.java:lambda$create$0(183)) - Sending CreatePipelineCommand for pipeline:PipelineID=b549a200-60df-4568-98a3-03c340c5bf62 to datanode:0845838b-9535-4874-adc8-850f7ac3d0e5
2021-09-08 01:20:35,833 [RatisPipelineUtilsThread - 0] INFO  pipeline.RatisPipelineProvider (RatisPipelineProvider.java:lambda$create$0(183)) - Sending CreatePipelineCommand for pipeline:PipelineID=b549a200-60df-4568-98a3-03c340c5bf62 to datanode:df659118-86d4-47ae-9076-ad4ead1182cd
2021-09-08 01:20:35,834 [RatisPipelineUtilsThread - 0] INFO  pipeline.PipelineStateManager (PipelineStateManagerV2Impl.java:addPipeline(101)) - Created pipeline Pipeline[ Id: b549a200-60df-4568-98a3-03c340c5bf62, Nodes: 06f45bb0-d367-47cf-8f0c-bcb418e113db{ip: 10.1.0.19, host: fv-az396-69.zsjpccerc4sulamragr3v05mvf.jx.internal.cloudapp.net, ports: [REPLICATION=41631, RATIS=33913, RATIS_ADMIN=33913, RATIS_SERVER=33913, STANDALONE=36105], networkLocation: /default-rack, certSerialId: null, persistedOpState: IN_SERVICE, persistedOpStateExpiryEpochSec: 0}0845838b-9535-4874-adc8-850f7ac3d0e5{ip: 10.1.0.19, host: fv-az396-69.zsjpccerc4sulamragr3v05mvf.jx.internal.cloudapp.net, ports: [REPLICATION=36187, RATIS=37265, RATIS_ADMIN=37265, RATIS_SERVER=37265, STANDALONE=32933], networkLocation: /default-rack, certSerialId: null, persistedOpState: IN_SERVICE, persistedOpStateExpiryEpochSec: 0}df659118-86d4-47ae-9076-ad4ead1182cd{ip: 10.1.0.19, host: fv-az396-69.zsjpccerc4sulamragr3v05mvf.jx.internal.cloudapp.net, ports: [REPLICATION=40787, RATIS=41085, RATIS_ADMIN=41085, RATIS_SERVER=41085, STANDALONE=44737], networkLocation: /default-rack, certSerialId: null, persistedOpState: IN_SERVICE, persistedOpStateExpiryEpochSec: 0}, ReplicationConfig: RATIS/THREE, State:ALLOCATED, leaderId:, CreationTimestamp2021-09-08T01:20:35.833Z[Etc/UTC]].
2021-09-08 01:20:36,038 [IPC Server handler 16 on default port 42521] INFO  net.NetworkTopologyImpl (NetworkTopologyImpl.java:add(112)) - Added a new node: /default-rack/c4ae24d6-167d-432b-819b-55d2c3b07854
2021-09-08 01:20:36,039 [IPC Server handler 16 on default port 42521] INFO  node.SCMNodeManager (SCMNodeManager.java:register(390)) - Registered Data node : c4ae24d6-167d-432b-819b-55d2c3b07854{ip: 10.1.0.19, host: fv-az396-69.zsjpccerc4sulamragr3v05mvf.jx.internal.cloudapp.net, ports: [REPLICATION=45485, RATIS=42675, RATIS_ADMIN=42675, RATIS_SERVER=42675, STANDALONE=45127], networkLocation: /default-rack, certSerialId: null, persistedOpState: null, persistedOpStateExpiryEpochSec: 0}
2021-09-08 01:20:36,039 [EventQueue-NewNodeForNewNodeHandler] INFO  pipeline.BackgroundPipelineCreator (BackgroundPipelineCreatorV2.java:notifyEventTriggered(285)) - trigger a one-shot run on RatisPipelineUtilsThread.
2021-09-08 01:20:36,042 [RatisPipelineUtilsThread - 0] INFO  pipeline.RatisPipelineProvider (RatisPipelineProvider.java:lambda$create$0(183)) - Sending CreatePipelineCommand for pipeline:PipelineID=6cf1b1ea-9253-4d06-8004-1eb68c3d2dc0 to datanode:c4ae24d6-167d-432b-819b-55d2c3b07854
2021-09-08 01:20:36,043 [RatisPipelineUtilsThread - 0] INFO  pipeline.PipelineStateManager (PipelineStateManagerV2Impl.java:addPipeline(101)) - Created pipeline Pipeline[ Id: 6cf1b1ea-9253-4d06-8004-1eb68c3d2dc0, Nodes: c4ae24d6-167d-432b-819b-55d2c3b07854{ip: 10.1.0.19, host: fv-az396-69.zsjpccerc4sulamragr3v05mvf.jx.internal.cloudapp.net, ports: [REPLICATION=45485, RATIS=42675, RATIS_ADMIN=42675, RATIS_SERVER=42675, STANDALONE=45127], networkLocation: /default-rack, certSerialId: null, persistedOpState: IN_SERVICE, persistedOpStateExpiryEpochSec: 0}, ReplicationConfig: RATIS/ONE, State:ALLOCATED, leaderId:, CreationTimestamp2021-09-08T01:20:36.042Z[Etc/UTC]].
2021-09-08 01:20:36,210 [IPC Server handler 17 on default port 42521] INFO  net.NetworkTopologyImpl (NetworkTopologyImpl.java:add(112)) - Added a new node: /default-rack/e7eadb9e-87f0-44a1-8347-22fb5259c06f
2021-09-08 01:20:36,210 [IPC Server handler 17 on default port 42521] INFO  node.SCMNodeManager (SCMNodeManager.java:register(390)) - Registered Data node : e7eadb9e-87f0-44a1-8347-22fb5259c06f{ip: 10.1.0.19, host: fv-az396-69.zsjpccerc4sulamragr3v05mvf.jx.internal.cloudapp.net, ports: [REPLICATION=44961, RATIS=40669, RATIS_ADMIN=40669, RATIS_SERVER=40669, STANDALONE=39561], networkLocation: /default-rack, certSerialId: null, persistedOpState: null, persistedOpStateExpiryEpochSec: 0}
2021-09-08 01:20:36,210 [EventQueue-NewNodeForNewNodeHandler] INFO  pipeline.BackgroundPipelineCreator (BackgroundPipelineCreatorV2.java:notifyEventTriggered(285)) - trigger a one-shot run on RatisPipelineUtilsThread.
2021-09-08 01:20:36,221 [RatisPipelineUtilsThread - 0] INFO  pipeline.RatisPipelineProvider (RatisPipelineProvider.java:lambda$create$0(183)) - Sending CreatePipelineCommand for pipeline:PipelineID=fe532ce2-0f7d-4e52-b327-f6fcb56752ec to datanode:e7eadb9e-87f0-44a1-8347-22fb5259c06f
2021-09-08 01:20:36,222 [RatisPipelineUtilsThread - 0] INFO  pipeline.PipelineStateManager (PipelineStateManagerV2Impl.java:addPipeline(101)) - Created pipeline Pipeline[ Id: fe532ce2-0f7d-4e52-b327-f6fcb56752ec, Nodes: e7eadb9e-87f0-44a1-8347-22fb5259c06f{ip: 10.1.0.19, host: fv-az396-69.zsjpccerc4sulamragr3v05mvf.jx.internal.cloudapp.net, ports: [REPLICATION=44961, RATIS=40669, RATIS_ADMIN=40669, RATIS_SERVER=40669, STANDALONE=39561], networkLocation: /default-rack, certSerialId: null, persistedOpState: IN_SERVICE, persistedOpStateExpiryEpochSec: 0}, ReplicationConfig: RATIS/ONE, State:ALLOCATED, leaderId:, CreationTimestamp2021-09-08T01:20:36.221Z[Etc/UTC]].
2021-09-08 01:20:36,391 [Listener at 127.0.0.1/40417] INFO  ozone.MiniOzoneClusterImpl (MiniOzoneClusterImpl.java:lambda$waitForClusterToBeReady$0(235)) - Waiting for nodes to be ready. Got 8 of 9 DN Heartbeats.
2021-09-08 01:20:36,391 [Listener at 127.0.0.1/40417] INFO  ozone.MiniOzoneClusterImpl (MiniOzoneClusterImpl.java:lambda$waitForClusterToBeReady$0(238)) - Waiting for cluster to exit safe mode
2021-09-08 01:20:36,391 [Listener at 127.0.0.1/40417] INFO  ozone.MiniOzoneClusterImpl (MiniOzoneClusterImpl.java:lambda$waitForClusterToBeReady$0(240)) - SCM became leader
2021-09-08 01:20:36,408 [IPC Server handler 14 on default port 42521] INFO  net.NetworkTopologyImpl (NetworkTopologyImpl.java:add(112)) - Added a new node: /default-rack/a5b729b8-cc77-4510-b256-3db79b728626
2021-09-08 01:20:36,408 [IPC Server handler 14 on default port 42521] INFO  node.SCMNodeManager (SCMNodeManager.java:register(390)) - Registered Data node : a5b729b8-cc77-4510-b256-3db79b728626{ip: 10.1.0.19, host: fv-az396-69.zsjpccerc4sulamragr3v05mvf.jx.internal.cloudapp.net, ports: [REPLICATION=41411, RATIS=41785, RATIS_ADMIN=41785, RATIS_SERVER=41785, STANDALONE=36391], networkLocation: /default-rack, certSerialId: null, persistedOpState: null, persistedOpStateExpiryEpochSec: 0}
2021-09-08 01:20:36,409 [EventQueue-NewNodeForNewNodeHandler] INFO  pipeline.BackgroundPipelineCreator (BackgroundPipelineCreatorV2.java:notifyEventTriggered(285)) - trigger a one-shot run on RatisPipelineUtilsThread.
2021-09-08 01:20:36,409 [RatisPipelineUtilsThread - 0] INFO  pipeline.RatisPipelineProvider (RatisPipelineProvider.java:lambda$create$0(183)) - Sending CreatePipelineCommand for pipeline:PipelineID=400cf0a3-1e0f-448c-b8e3-f0b38f70da8d to datanode:a5b729b8-cc77-4510-b256-3db79b728626
2021-09-08 01:20:36,410 [RatisPipelineUtilsThread - 0] INFO  pipeline.PipelineStateManager (PipelineStateManagerV2Impl.java:addPipeline(101)) - Created pipeline Pipeline[ Id: 400cf0a3-1e0f-448c-b8e3-f0b38f70da8d, Nodes: a5b729b8-cc77-4510-b256-3db79b728626{ip: 10.1.0.19, host: fv-az396-69.zsjpccerc4sulamragr3v05mvf.jx.internal.cloudapp.net, ports: [REPLICATION=41411, RATIS=41785, RATIS_ADMIN=41785, RATIS_SERVER=41785, STANDALONE=36391], networkLocation: /default-rack, certSerialId: null, persistedOpState: IN_SERVICE, persistedOpStateExpiryEpochSec: 0}, ReplicationConfig: RATIS/ONE, State:ALLOCATED, leaderId:, CreationTimestamp2021-09-08T01:20:36.409Z[Etc/UTC]].
2021-09-08 01:20:36,410 [RatisPipelineUtilsThread - 0] INFO  pipeline.RatisPipelineProvider (RatisPipelineProvider.java:lambda$create$0(183)) - Sending CreatePipelineCommand for pipeline:PipelineID=98ceae03-debc-4c23-819e-bea90eec2afb to datanode:e7eadb9e-87f0-44a1-8347-22fb5259c06f
2021-09-08 01:20:36,410 [RatisPipelineUtilsThread - 0] INFO  pipeline.RatisPipelineProvider (RatisPipelineProvider.java:lambda$create$0(183)) - Sending CreatePipelineCommand for pipeline:PipelineID=98ceae03-debc-4c23-819e-bea90eec2afb to datanode:a5b729b8-cc77-4510-b256-3db79b728626
2021-09-08 01:20:36,410 [RatisPipelineUtilsThread - 0] INFO  pipeline.RatisPipelineProvider (RatisPipelineProvider.java:lambda$create$0(183)) - Sending CreatePipelineCommand for pipeline:PipelineID=98ceae03-debc-4c23-819e-bea90eec2afb to datanode:c4ae24d6-167d-432b-819b-55d2c3b07854
2021-09-08 01:20:36,411 [RatisPipelineUtilsThread - 0] INFO  pipeline.PipelineStateManager (PipelineStateManagerV2Impl.java:addPipeline(101)) - Created pipeline Pipeline[ Id: 98ceae03-debc-4c23-819e-bea90eec2afb, Nodes: e7eadb9e-87f0-44a1-8347-22fb5259c06f{ip: 10.1.0.19, host: fv-az396-69.zsjpccerc4sulamragr3v05mvf.jx.internal.cloudapp.net, ports: [REPLICATION=44961, RATIS=40669, RATIS_ADMIN=40669, RATIS_SERVER=40669, STANDALONE=39561], networkLocation: /default-rack, certSerialId: null, persistedOpState: IN_SERVICE, persistedOpStateExpiryEpochSec: 0}a5b729b8-cc77-4510-b256-3db79b728626{ip: 10.1.0.19, host: fv-az396-69.zsjpccerc4sulamragr3v05mvf.jx.internal.cloudapp.net, ports: [REPLICATION=41411, RATIS=41785, RATIS_ADMIN=41785, RATIS_SERVER=41785, STANDALONE=36391], networkLocation: /default-rack, certSerialId: null, persistedOpState: IN_SERVICE, persistedOpStateExpiryEpochSec: 0}c4ae24d6-167d-432b-819b-55d2c3b07854{ip: 10.1.0.19, host: fv-az396-69.zsjpccerc4sulamragr3v05mvf.jx.internal.cloudapp.net, ports: [REPLICATION=45485, RATIS=42675, RATIS_ADMIN=42675, RATIS_SERVER=42675, STANDALONE=45127], networkLocation: /default-rack, certSerialId: null, persistedOpState: IN_SERVICE, persistedOpStateExpiryEpochSec: 0}, ReplicationConfig: RATIS/THREE, State:ALLOCATED, leaderId:, CreationTimestamp2021-09-08T01:20:36.410Z[Etc/UTC]].
2021-09-08 01:20:37,391 [Listener at 127.0.0.1/40417] INFO  ozone.MiniOzoneClusterImpl (MiniOzoneClusterImpl.java:lambda$waitForClusterToBeReady$0(235)) - Nodes are ready. Got 9 of 9 DN Heartbeats.
2021-09-08 01:20:37,392 [Listener at 127.0.0.1/40417] INFO  ozone.MiniOzoneClusterImpl (MiniOzoneClusterImpl.java:lambda$waitForClusterToBeReady$0(238)) - Waiting for cluster to exit safe mode
2021-09-08 01:20:37,392 [Listener at 127.0.0.1/40417] INFO  ozone.MiniOzoneClusterImpl (MiniOzoneClusterImpl.java:lambda$waitForClusterToBeReady$0(240)) - SCM became leader
2021-09-08 01:20:37,400 [Command processor thread] INFO  server.RaftServer (RaftServerProxy.java:addNew(95)) - fff8da42-e543-4611-a72f-bc5e7a371435: addNew group-594664FFAA7E:[fff8da42-e543-4611-a72f-bc5e7a371435|rpc:10.1.0.19:33015|priority:1] returns group-594664FFAA7E:java.util.concurrent.CompletableFuture@1ef24462[Not completed]
2021-09-08 01:20:37,409 [pool-55-thread-1] INFO  server.RaftServer$Division (RaftServerImpl.java:<init>(181)) - fff8da42-e543-4611-a72f-bc5e7a371435: new RaftServerImpl for group-594664FFAA7E:[fff8da42-e543-4611-a72f-bc5e7a371435|rpc:10.1.0.19:33015|priority:1] with ContainerStateMachine:uninitialized
2021-09-08 01:20:37,411 [pool-55-thread-1] INFO  server.RaftServerConfigKeys (ConfUtils.java:logGet(44)) - raft.server.rpc.timeout.min = 5s (custom)
2021-09-08 01:20:37,411 [pool-55-thread-1] INFO  server.RaftServerConfigKeys (ConfUtils.java:logGet(44)) - raft.server.rpc.timeout.max = 5200ms (custom)
2021-09-08 01:20:37,411 [pool-55-thread-1] INFO  server.RaftServerConfigKeys (ConfUtils.java:logGet(44)) - raft.server.rpc.sleep.time = 25ms (default)
2021-09-08 01:20:37,412 [pool-55-thread-1] INFO  server.RaftServerConfigKeys (ConfUtils.java:logGet(44)) - raft.server.rpc.slowness.timeout = 300000ms (custom)
2021-09-08 01:20:37,412 [pool-55-thread-1] INFO  server.RaftServerConfigKeys (ConfUtils.java:logGet(44)) - raft.server.leaderelection.leader.step-down.wait-time = 10s (default)
2021-09-08 01:20:37,412 [pool-55-thread-1] INFO  server.RaftServerConfigKeys (ConfUtils.java:logGet(44)) - raft.server.sleep.deviation.threshold = 300ms (default)
2021-09-08 01:20:37,412 [pool-55-thread-1] INFO  server.RaftServerConfigKeys (ConfUtils.java:logGet(44)) - raft.server.log.appender.install.snapshot.enabled = false (custom)
2021-09-08 01:20:37,412 [pool-55-thread-1] INFO  server.RaftServer$Division (ServerState.java:<init>(105)) - fff8da42-e543-4611-a72f-bc5e7a371435@group-594664FFAA7E: ConfigurationManager, init=-1: [fff8da42-e543-4611-a72f-bc5e7a371435|rpc:10.1.0.19:33015|priority:1], old=null, confs=<EMPTY_MAP>
2021-09-08 01:20:37,412 [pool-55-thread-1] INFO  server.RaftServerConfigKeys (ConfUtils.java:logGet(44)) - raft.server.storage.dir = [/home/runner/work/ozone/ozone/hadoop-ozone/integration-test/target/test-dir/MiniOzoneClusterImpl-0f12cb01-4002-4394-a01c-5903f1f0237a/datanode-0/data/ratis] (custom)
2021-09-08 01:20:37,412 [pool-55-thread-1] INFO  server.RaftServerConfigKeys (ConfUtils.java:logGet(44)) - raft.server.log.corruption.policy = EXCEPTION (default)
2021-09-08 01:20:37,412 [pool-55-thread-1] INFO  server.RaftServerConfigKeys (ConfUtils.java:logGet(44)) - raft.server.storage.free-space.min = 0MB (=0) (default)
2021-09-08 01:20:37,413 [pool-55-thread-1] INFO  storage.RaftStorageDirectory (RaftStorageDirectoryImpl.java:analyzeStorage(135)) - The storage directory /home/runner/work/ozone/ozone/hadoop-ozone/integration-test/target/test-dir/MiniOzoneClusterImpl-0f12cb01-4002-4394-a01c-5903f1f0237a/datanode-0/data/ratis/a15cc136-6934-45a2-9e37-594664ffaa7e does not exist. Creating ...
2021-09-08 01:20:37,414 [pool-55-thread-1] INFO  storage.RaftStorageDirectory (RaftStorageDirectoryImpl.java:tryLock(230)) - Lock on /home/runner/work/ozone/ozone/hadoop-ozone/integration-test/target/test-dir/MiniOzoneClusterImpl-0f12cb01-4002-4394-a01c-5903f1f0237a/datanode-0/data/ratis/a15cc136-6934-45a2-9e37-594664ffaa7e/in_use.lock acquired by nodename 2705@fv-az396-69
2021-09-08 01:20:37,416 [pool-55-thread-1] INFO  storage.RaftStorage (RaftStorageImpl.java:format(89)) - Storage directory /home/runner/work/ozone/ozone/hadoop-ozone/integration-test/target/test-dir/MiniOzoneClusterImpl-0f12cb01-4002-4394-a01c-5903f1f0237a/datanode-0/data/ratis/a15cc136-6934-45a2-9e37-594664ffaa7e has been successfully formatted.
2021-09-08 01:20:37,419 [pool-55-thread-1] INFO  ratis.ContainerStateMachine (ContainerStateMachine.java:loadSnapshot(224)) - group-594664FFAA7E: The snapshot info is null. Setting the last applied indexto:(t:0, i:~)
2021-09-08 01:20:37,419 [pool-55-thread-1] INFO  server.RaftServerConfigKeys (ConfUtils.java:logGet(44)) - raft.server.notification.no-leader.timeout = 300000ms (custom)
2021-09-08 01:20:37,420 [pool-55-thread-1] INFO  server.RaftServerConfigKeys (ConfUtils.java:logGet(44)) - raft.server.log.use.memory = false (default)
2021-09-08 01:20:37,420 [pool-55-thread-1] INFO  server.RaftServerConfigKeys (ConfUtils.java:logGet(44)) - raft.server.log.purge.gap = 1000000 (custom)
2021-09-08 01:20:37,420 [pool-55-thread-1] INFO  server.RaftServerConfigKeys (ConfUtils.java:logGet(44)) - raft.server.log.appender.buffer.byte-limit = 33554432 (custom)
2021-09-08 01:20:37,420 [pool-55-thread-1] INFO  server.RaftServerConfigKeys (ConfUtils.java:logGet(44)) - raft.server.log.segment.size.max = 1048576 (custom)
2021-09-08 01:20:37,422 [pool-55-thread-1] INFO  server.RaftServerConfigKeys (ConfUtils.java:logGet(44)) - raft.server.log.segment.cache.num.max = 2 (custom)
2021-09-08 01:20:37,422 [pool-55-thread-1] INFO  server.RaftServerConfigKeys (ConfUtils.java:logGet(44)) - raft.server.log.segment.cache.size.max = 200MB (=209715200) (default)
2021-09-08 01:20:37,422 [pool-55-thread-1] INFO  segmented.SegmentedRaftLogWorker (SegmentedRaftLogWorker.java:<init>(182)) - new fff8da42-e543-4611-a72f-bc5e7a371435@group-594664FFAA7E-SegmentedRaftLogWorker for RaftStorageImpl:Storage Directory /home/runner/work/ozone/ozone/hadoop-ozone/integration-test/target/test-dir/MiniOzoneClusterImpl-0f12cb01-4002-4394-a01c-5903f1f0237a/datanode-0/data/ratis/a15cc136-6934-45a2-9e37-594664ffaa7e
2021-09-08 01:20:37,422 [pool-55-thread-1] INFO  server.RaftServerConfigKeys (ConfUtils.java:logGet(44)) - raft.server.log.queue.byte-limit = 2147483647 (custom)
2021-09-08 01:20:37,422 [pool-55-thread-1] INFO  server.RaftServerConfigKeys (ConfUtils.java:logGet(44)) - raft.server.log.queue.element-limit = 1024 (custom)
2021-09-08 01:20:37,422 [pool-55-thread-1] INFO  server.RaftServerConfigKeys (ConfUtils.java:logGet(44)) - raft.server.log.segment.size.max = 1048576 (custom)
2021-09-08 01:20:37,422 [pool-55-thread-1] INFO  server.RaftServerConfigKeys (ConfUtils.java:logGet(44)) - raft.server.log.preallocated.size = 16384 (custom)
2021-09-08 01:20:37,422 [pool-55-thread-1] INFO  server.RaftServerConfigKeys (ConfUtils.java:logGet(44)) - raft.server.log.force.sync.num = 128 (default)
2021-09-08 01:20:37,422 [pool-55-thread-1] INFO  server.RaftServerConfigKeys (ConfUtils.java:logGet(44)) - raft.server.log.statemachine.data.sync = true (default)
2021-09-08 01:20:37,422 [pool-55-thread-1] INFO  server.RaftServerConfigKeys (ConfUtils.java:logGet(44)) - raft.server.log.statemachine.data.sync.timeout = 10s (default)
2021-09-08 01:20:37,423 [pool-55-thread-1] INFO  server.RaftServerConfigKeys (ConfUtils.java:logGet(44)) - raft.server.log.statemachine.data.sync.timeout.retry = -1 (default)
2021-09-08 01:20:37,419 [Datanode State Machine Thread - 0] WARN  statemachine.StateContext (StateContext.java:execute(621)) - No available thread in pool for past 1 seconds.
2021-09-08 01:20:37,425 [pool-55-thread-1] INFO  server.RaftServerConfigKeys (ConfUtils.java:logGet(44)) - raft.server.log.write.buffer.size = 1048576 (custom)
2021-09-08 01:20:37,426 [pool-55-thread-1] INFO  server.RaftServerConfigKeys (ConfUtils.java:logGet(44)) - raft.server.log.statemachine.data.caching.enabled = true (custom)
2021-09-08 01:20:37,426 [pool-55-thread-1] INFO  segmented.SegmentedRaftLogWorker (SegmentedRaftLogWorker.java:lambda$new$0(133)) - fff8da42-e543-4611-a72f-bc5e7a371435@group-594664FFAA7E-SegmentedRaftLogWorker: flushIndex: setUnconditionally 0 -> -1
2021-09-08 01:20:37,426 [pool-55-thread-1] INFO  segmented.SegmentedRaftLogWorker (SegmentedRaftLogWorker.java:lambda$new$0(133)) - fff8da42-e543-4611-a72f-bc5e7a371435@group-594664FFAA7E-SegmentedRaftLogWorker: safeCacheEvictIndex: setUnconditionally 0 -> -1
2021-09-08 01:20:37,427 [pool-55-thread-1] INFO  server.RaftServerConfigKeys (ConfUtils.java:logGet(44)) - raft.server.snapshot.auto.trigger.enabled = true (custom)
2021-09-08 01:20:37,427 [pool-55-thread-1] INFO  server.RaftServerConfigKeys (ConfUtils.java:logGet(44)) - raft.server.snapshot.auto.trigger.threshold = 10000 (custom)
2021-09-08 01:20:37,427 [pool-55-thread-1] INFO  server.RaftServerConfigKeys (ConfUtils.java:logGet(44)) - raft.server.snapshot.retention.file.num = 5 (custom)
2021-09-08 01:20:37,427 [pool-55-thread-1] INFO  server.RaftServerConfigKeys (ConfUtils.java:logGet(44)) - raft.server.log.purge.upto.snapshot.index = false (default)
2021-09-08 01:20:37,427 [pool-55-thread-1] INFO  server.RaftServerConfigKeys (ConfUtils.java:logGet(44)) - raft.server.retrycache.expirytime = 600000ms (custom)
2021-09-08 01:20:37,427 [pool-55-thread-1] INFO  server.RaftServerConfigKeys (ConfUtils.java:logGet(44)) - raft.server.retrycache.statistics.expirytime = 100μs (default)
2021-09-08 01:20:37,431 [pool-55-thread-1] INFO  server.RaftServer$Division (RaftServerImpl.java:start(296)) - fff8da42-e543-4611-a72f-bc5e7a371435@group-594664FFAA7E: start as a follower, conf=-1: [fff8da42-e543-4611-a72f-bc5e7a371435|rpc:10.1.0.19:33015|priority:1], old=null
2021-09-08 01:20:37,431 [pool-55-thread-1] INFO  server.RaftServer$Division (RaftServerImpl.java:setRole(285)) - fff8da42-e543-4611-a72f-bc5e7a371435@group-594664FFAA7E: changes role from      null to FOLLOWER at term 0 for startAsFollower
2021-09-08 01:20:37,431 [pool-55-thread-1] INFO  impl.RoleInfo (RoleInfo.java:updateAndGet(130)) - fff8da42-e543-4611-a72f-bc5e7a371435: start fff8da42-e543-4611-a72f-bc5e7a371435@group-594664FFAA7E-FollowerState
2021-09-08 01:20:37,432 [pool-55-thread-1] INFO  util.JmxRegister (JmxRegister.java:tryRegister(44)) - Successfully registered JMX Bean with object name Ratis:service=RaftServer,group=group-594664FFAA7E,id=fff8da42-e543-4611-a72f-bc5e7a371435
2021-09-08 01:20:37,444 [EventQueue-PipelineReportForPipelineReportHandler] INFO  pipeline.PipelineManagerImpl (PipelineManagerImpl.java:openPipeline(282)) - Pipeline Pipeline[ Id: a15cc136-6934-45a2-9e37-594664ffaa7e, Nodes: fff8da42-e543-4611-a72f-bc5e7a371435{ip: 10.1.0.19, host: fv-az396-69.zsjpccerc4sulamragr3v05mvf.jx.internal.cloudapp.net, ports: [REPLICATION=45561, RATIS=33015, RATIS_ADMIN=33015, RATIS_SERVER=33015, STANDALONE=40217], networkLocation: /default-rack, certSerialId: null, persistedOpState: IN_SERVICE, persistedOpStateExpiryEpochSec: 0}, ReplicationConfig: RATIS/ONE, State:ALLOCATED, leaderId:fff8da42-e543-4611-a72f-bc5e7a371435, CreationTimestamp2021-09-08T01:20:34.406Z[Etc/UTC]] moved to OPEN state
2021-09-08 01:20:37,450 [EventQueue-OpenPipelineForHealthyPipelineSafeModeRule] INFO  safemode.SCMSafeModeManager (HealthyPipelineSafeModeRule.java:process(124)) - SCM in safe mode. Healthy pipelines reported count is 0, required healthy pipeline reported count is 1
2021-09-08 01:20:37,459 [Command processor thread] INFO  ratis.XceiverServerRatis (XceiverServerRatis.java:addGroup(763)) - Created group PipelineID=a15cc136-6934-45a2-9e37-594664ffaa7e
2021-09-08 01:20:37,463 [Command processor thread] INFO  commandhandler.CreatePipelineCommandHandler (CreatePipelineCommandHandler.java:handle(106)) - Created Pipeline RATIS ONE PipelineID=a15cc136-6934-45a2-9e37-594664ffaa7e.
2021-09-08 01:20:37,464 [Command processor thread] INFO  server.RaftServer (RaftServerProxy.java:addNew(95)) - fff8da42-e543-4611-a72f-bc5e7a371435: addNew group-721745A2736D:[e8664701-17ec-4985-afd3-5de44f4c9c08|rpc:10.1.0.19:41275|priority:0, fff8da42-e543-4611-a72f-bc5e7a371435|rpc:10.1.0.19:33015|priority:0, 33731e97-16f6-45e4-8f2a-1dafddc3ee46|rpc:10.1.0.19:43575|priority:1] returns group-721745A2736D:java.util.concurrent.CompletableFuture@205f83f4[Not completed]
2021-09-08 01:20:37,465 [pool-55-thread-1] INFO  server.RaftServer$Division (RaftServerImpl.java:<init>(181)) - fff8da42-e543-4611-a72f-bc5e7a371435: new RaftServerImpl for group-721745A2736D:[e8664701-17ec-4985-afd3-5de44f4c9c08|rpc:10.1.0.19:41275|priority:0, fff8da42-e543-4611-a72f-bc5e7a371435|rpc:10.1.0.19:33015|priority:0, 33731e97-16f6-45e4-8f2a-1dafddc3ee46|rpc:10.1.0.19:43575|priority:1] with ContainerStateMachine:uninitialized
2021-09-08 01:20:37,465 [pool-55-thread-1] INFO  server.RaftServerConfigKeys (ConfUtils.java:logGet(44)) - raft.server.rpc.timeout.min = 5s (custom)
2021-09-08 01:20:37,465 [pool-55-thread-1] INFO  server.RaftServerConfigKeys (ConfUtils.java:logGet(44)) - raft.server.rpc.timeout.max = 5200ms (custom)
2021-09-08 01:20:37,465 [pool-55-thread-1] INFO  server.RaftServerConfigKeys (ConfUtils.java:logGet(44)) - raft.server.rpc.sleep.time = 25ms (default)
2021-09-08 01:20:37,465 [pool-55-thread-1] INFO  server.RaftServerConfigKeys (ConfUtils.java:logGet(44)) - raft.server.rpc.slowness.timeout = 300000ms (custom)
2021-09-08 01:20:37,465 [pool-55-thread-1] INFO  server.RaftServerConfigKeys (ConfUtils.java:logGet(44)) - raft.server.leaderelection.leader.step-down.wait-time = 10s (default)
2021-09-08 01:20:37,465 [pool-55-thread-1] INFO  server.RaftServerConfigKeys (ConfUtils.java:logGet(44)) - raft.server.sleep.deviation.threshold = 300ms (default)
2021-09-08 01:20:37,465 [pool-55-thread-1] INFO  server.RaftServerConfigKeys (ConfUtils.java:logGet(44)) - raft.server.log.appender.install.snapshot.enabled = false (custom)
2021-09-08 01:20:37,465 [pool-55-thread-1] INFO  server.RaftServer$Division (ServerState.java:<init>(105)) - fff8da42-e543-4611-a72f-bc5e7a371435@group-721745A2736D: ConfigurationManager, init=-1: [e8664701-17ec-4985-afd3-5de44f4c9c08|rpc:10.1.0.19:41275|priority:0, fff8da42-e543-4611-a72f-bc5e7a371435|rpc:10.1.0.19:33015|priority:0, 33731e97-16f6-45e4-8f2a-1dafddc3ee46|rpc:10.1.0.19:43575|priority:1], old=null, confs=<EMPTY_MAP>
2021-09-08 01:20:37,465 [pool-55-thread-1] INFO  server.RaftServerConfigKeys (ConfUtils.java:logGet(44)) - raft.server.storage.dir = [/home/runner/work/ozone/ozone/hadoop-ozone/integration-test/target/test-dir/MiniOzoneClusterImpl-0f12cb01-4002-4394-a01c-5903f1f0237a/datanode-0/data/ratis] (custom)
2021-09-08 01:20:37,465 [pool-55-thread-1] INFO  server.RaftServerConfigKeys (ConfUtils.java:logGet(44)) - raft.server.log.corruption.policy = EXCEPTION (default)
2021-09-08 01:20:37,465 [pool-55-thread-1] INFO  server.RaftServerConfigKeys (ConfUtils.java:logGet(44)) - raft.server.storage.free-space.min = 0MB (=0) (default)
2021-09-08 01:20:37,466 [pool-55-thread-1] INFO  storage.RaftStorageDirectory (RaftStorageDirectoryImpl.java:analyzeStorage(135)) - The storage directory /home/runner/work/ozone/ozone/hadoop-ozone/integration-test/target/test-dir/MiniOzoneClusterImpl-0f12cb01-4002-4394-a01c-5903f1f0237a/datanode-0/data/ratis/0dd8c860-2cb9-4e4d-8e04-721745a2736d does not exist. Creating ...
2021-09-08 01:20:37,467 [pool-55-thread-1] INFO  storage.RaftStorageDirectory (RaftStorageDirectoryImpl.java:tryLock(230)) - Lock on /home/runner/work/ozone/ozone/hadoop-ozone/integration-test/target/test-dir/MiniOzoneClusterImpl-0f12cb01-4002-4394-a01c-5903f1f0237a/datanode-0/data/ratis/0dd8c860-2cb9-4e4d-8e04-721745a2736d/in_use.lock acquired by nodename 2705@fv-az396-69
2021-09-08 01:20:37,468 [pool-55-thread-1] INFO  storage.RaftStorage (RaftStorageImpl.java:format(89)) - Storage directory /home/runner/work/ozone/ozone/hadoop-ozone/integration-test/target/test-dir/MiniOzoneClusterImpl-0f12cb01-4002-4394-a01c-5903f1f0237a/datanode-0/data/ratis/0dd8c860-2cb9-4e4d-8e04-721745a2736d has been successfully formatted.
2021-09-08 01:20:37,468 [pool-55-thread-1] INFO  ratis.ContainerStateMachine (ContainerStateMachine.java:loadSnapshot(224)) - group-721745A2736D: The snapshot info is null. Setting the last applied indexto:(t:0, i:~)
2021-09-08 01:20:37,468 [pool-55-thread-1] INFO  server.RaftServerConfigKeys (ConfUtils.java:logGet(44)) - raft.server.notification.no-leader.timeout = 300000ms (custom)
2021-09-08 01:20:37,469 [pool-55-thread-1] INFO  server.RaftServerConfigKeys (ConfUtils.java:logGet(44)) - raft.server.log.use.memory = false (default)
2021-09-08 01:20:37,470 [EventQueue-OpenPipelineForHealthyPipelineSafeModeRule] INFO  safemode.SCMSafeModeManager (HealthyPipelineSafeModeRule.java:process(124)) - SCM in safe mode. Healthy pipelines reported count is 0, required healthy pipeline reported count is 1
2021-09-08 01:20:37,471 [pool-55-thread-1] INFO  server.RaftServerConfigKeys (ConfUtils.java:logGet(44)) - raft.server.log.purge.gap = 1000000 (custom)
2021-09-08 01:20:37,476 [pool-55-thread-1] INFO  server.RaftServerConfigKeys (ConfUtils.java:logGet(44)) - raft.server.log.appender.buffer.byte-limit = 33554432 (custom)
2021-09-08 01:20:37,476 [pool-55-thread-1] INFO  server.RaftServerConfigKeys (ConfUtils.java:logGet(44)) - raft.server.log.segment.size.max = 1048576 (custom)
2021-09-08 01:20:37,478 [pool-55-thread-1] INFO  server.RaftServerConfigKeys (ConfUtils.java:logGet(44)) - raft.server.log.segment.cache.num.max = 2 (custom)
2021-09-08 01:20:37,478 [pool-55-thread-1] INFO  server.RaftServerConfigKeys (ConfUtils.java:logGet(44)) - raft.server.log.segment.cache.size.max = 200MB (=209715200) (default)
2021-09-08 01:20:37,478 [pool-55-thread-1] INFO  segmented.SegmentedRaftLogWorker (SegmentedRaftLogWorker.java:<init>(182)) - new fff8da42-e543-4611-a72f-bc5e7a371435@group-721745A2736D-SegmentedRaftLogWorker for RaftStorageImpl:Storage Directory /home/runner/work/ozone/ozone/hadoop-ozone/integration-test/target/test-dir/MiniOzoneClusterImpl-0f12cb01-4002-4394-a01c-5903f1f0237a/datanode-0/data/ratis/0dd8c860-2cb9-4e4d-8e04-721745a2736d
2021-09-08 01:20:37,478 [pool-55-thread-1] INFO  server.RaftServerConfigKeys (ConfUtils.java:logGet(44)) - raft.server.log.queue.byte-limit = 2147483647 (custom)
2021-09-08 01:20:37,478 [pool-55-thread-1] INFO  server.RaftServerConfigKeys (ConfUtils.java:logGet(44)) - raft.server.log.queue.element-limit = 1024 (custom)
2021-09-08 01:20:37,478 [pool-55-thread-1] INFO  server.RaftServerConfigKeys (ConfUtils.java:logGet(44)) - raft.server.log.segment.size.max = 1048576 (custom)
2021-09-08 01:20:37,479 [pool-55-thread-1] INFO  server.RaftServerConfigKeys (ConfUtils.java:logGet(44)) - raft.server.log.preallocated.size = 16384 (custom)
2021-09-08 01:20:37,479 [pool-55-thread-1] INFO  server.RaftServerConfigKeys (ConfUtils.java:logGet(44)) - raft.server.log.force.sync.num = 128 (default)
2021-09-08 01:20:37,479 [pool-55-thread-1] INFO  server.RaftServerConfigKeys (ConfUtils.java:logGet(44)) - raft.server.log.statemachine.data.sync = true (default)
2021-09-08 01:20:37,479 [pool-55-thread-1] INFO  server.RaftServerConfigKeys (ConfUtils.java:logGet(44)) - raft.server.log.statemachine.data.sync.timeout = 10s (default)
2021-09-08 01:20:37,479 [pool-55-thread-1] INFO  server.RaftServerConfigKeys (ConfUtils.java:logGet(44)) - raft.server.log.statemachine.data.sync.timeout.retry = -1 (default)
2021-09-08 01:20:37,482 [pool-55-thread-1] INFO  server.RaftServerConfigKeys (ConfUtils.java:logGet(44)) - raft.server.log.write.buffer.size = 1048576 (custom)
2021-09-08 01:20:37,482 [pool-55-thread-1] INFO  server.RaftServerConfigKeys (ConfUtils.java:logGet(44)) - raft.server.log.statemachine.data.caching.enabled = true (custom)
2021-09-08 01:20:37,483 [pool-55-thread-1] INFO  segmented.SegmentedRaftLogWorker (SegmentedRaftLogWorker.java:lambda$new$0(133)) - fff8da42-e543-4611-a72f-bc5e7a371435@group-721745A2736D-SegmentedRaftLogWorker: flushIndex: setUnconditionally 0 -> -1
2021-09-08 01:20:37,483 [pool-55-thread-1] INFO  segmented.SegmentedRaftLogWorker (SegmentedRaftLogWorker.java:lambda$new$0(133)) - fff8da42-e543-4611-a72f-bc5e7a371435@group-721745A2736D-SegmentedRaftLogWorker: safeCacheEvictIndex: setUnconditionally 0 -> -1
2021-09-08 01:20:37,483 [pool-55-thread-1] INFO  server.RaftServerConfigKeys (ConfUtils.java:logGet(44)) - raft.server.snapshot.auto.trigger.enabled = true (custom)
2021-09-08 01:20:37,483 [pool-55-thread-1] INFO  server.RaftServerConfigKeys (ConfUtils.java:logGet(44)) - raft.server.snapshot.auto.trigger.threshold = 10000 (custom)
2021-09-08 01:20:37,483 [pool-55-thread-1] INFO  server.RaftServerConfigKeys (ConfUtils.java:logGet(44)) - raft.server.snapshot.retention.file.num = 5 (custom)
2021-09-08 01:20:37,483 [pool-55-thread-1] INFO  server.RaftServerConfigKeys (ConfUtils.java:logGet(44)) - raft.server.log.purge.upto.snapshot.index = false (default)
2021-09-08 01:20:37,483 [pool-55-thread-1] INFO  server.RaftServerConfigKeys (ConfUtils.java:logGet(44)) - raft.server.retrycache.expirytime = 600000ms (custom)
2021-09-08 01:20:37,483 [pool-55-thread-1] INFO  server.RaftServerConfigKeys (ConfUtils.java:logGet(44)) - raft.server.retrycache.statistics.expirytime = 100μs (default)
2021-09-08 01:20:37,488 [pool-55-thread-1] INFO  server.RaftServer$Division (RaftServerImpl.java:start(296)) - fff8da42-e543-4611-a72f-bc5e7a371435@group-721745A2736D: start as a follower, conf=-1: [e8664701-17ec-4985-afd3-5de44f4c9c08|rpc:10.1.0.19:41275|priority:0, fff8da42-e543-4611-a72f-bc5e7a371435|rpc:10.1.0.19:33015|priority:0, 33731e97-16f6-45e4-8f2a-1dafddc3ee46|rpc:10.1.0.19:43575|priority:1], old=null
2021-09-08 01:20:37,488 [pool-55-thread-1] INFO  server.RaftServer$Division (RaftServerImpl.java:setRole(285)) - fff8da42-e543-4611-a72f-bc5e7a371435@group-721745A2736D: changes role from      null to FOLLOWER at term 0 for startAsFollower
2021-09-08 01:20:37,488 [pool-55-thread-1] INFO  impl.RoleInfo (RoleInfo.java:updateAndGet(130)) - fff8da42-e543-4611-a72f-bc5e7a371435: start fff8da42-e543-4611-a72f-bc5e7a371435@group-721745A2736D-FollowerState
2021-09-08 01:20:37,496 [pool-55-thread-1] INFO  util.JmxRegister (JmxRegister.java:tryRegister(44)) - Successfully registered JMX Bean with object name Ratis:service=RaftServer,group=group-721745A2736D,id=fff8da42-e543-4611-a72f-bc5e7a371435
2021-09-08 01:20:37,501 [Command processor thread] INFO  ratis.XceiverServerRatis (XceiverServerRatis.java:addGroup(763)) - Created group PipelineID=0dd8c860-2cb9-4e4d-8e04-721745a2736d
2021-09-08 01:20:37,901 [grpc-default-executor-0] INFO  server.RaftServer (RaftServerProxy.java:addNew(95)) - e8664701-17ec-4985-afd3-5de44f4c9c08: addNew group-721745A2736D:[e8664701-17ec-4985-afd3-5de44f4c9c08|rpc:10.1.0.19:41275|dataStream:|priority:0, fff8da42-e543-4611-a72f-bc5e7a371435|rpc:10.1.0.19:33015|dataStream:|priority:0, 33731e97-16f6-45e4-8f2a-1dafddc3ee46|rpc:10.1.0.19:43575|dataStream:|priority:1] returns group-721745A2736D:java.util.concurrent.CompletableFuture@1552e49[Not completed]
2021-09-08 01:20:37,904 [pool-74-thread-1] INFO  server.RaftServer$Division (RaftServerImpl.java:<init>(181)) - e8664701-17ec-4985-afd3-5de44f4c9c08: new RaftServerImpl for group-721745A2736D:[e8664701-17ec-4985-afd3-5de44f4c9c08|rpc:10.1.0.19:41275|dataStream:|priority:0, fff8da42-e543-4611-a72f-bc5e7a371435|rpc:10.1.0.19:33015|dataStream:|priority:0, 33731e97-16f6-45e4-8f2a-1dafddc3ee46|rpc:10.1.0.19:43575|dataStream:|priority:1] with ContainerStateMachine:uninitialized
2021-09-08 01:20:37,904 [pool-74-thread-1] INFO  server.RaftServerConfigKeys (ConfUtils.java:logGet(44)) - raft.server.rpc.timeout.min = 5s (custom)
2021-09-08 01:20:37,904 [pool-74-thread-1] INFO  server.RaftServerConfigKeys (ConfUtils.java:logGet(44)) - raft.server.rpc.timeout.max = 5200ms (custom)
2021-09-08 01:20:37,904 [pool-74-thread-1] INFO  server.RaftServerConfigKeys (ConfUtils.java:logGet(44)) - raft.server.rpc.sleep.time = 25ms (default)
2021-09-08 01:20:37,904 [pool-74-thread-1] INFO  server.RaftServerConfigKeys (ConfUtils.java:logGet(44)) - raft.server.rpc.slowness.timeout = 300000ms (custom)
2021-09-08 01:20:37,904 [pool-74-thread-1] INFO  server.RaftServerConfigKeys (ConfUtils.java:logGet(44)) - raft.server.leaderelection.leader.step-down.wait-time = 10s (default)
2021-09-08 01:20:37,904 [pool-74-thread-1] INFO  server.RaftServerConfigKeys (ConfUtils.java:logGet(44)) - raft.server.sleep.deviation.threshold = 300ms (default)
2021-09-08 01:20:37,904 [pool-74-thread-1] INFO  server.RaftServerConfigKeys (ConfUtils.java:logGet(44)) - raft.server.log.appender.install.snapshot.enabled = false (custom)
2021-09-08 01:20:37,904 [pool-74-thread-1] INFO  server.RaftServer$Division (ServerState.java:<init>(105)) - e8664701-17ec-4985-afd3-5de44f4c9c08@group-721745A2736D: ConfigurationManager, init=-1: [e8664701-17ec-4985-afd3-5de44f4c9c08|rpc:10.1.0.19:41275|dataStream:|priority:0, fff8da42-e543-4611-a72f-bc5e7a371435|rpc:10.1.0.19:33015|dataStream:|priority:0, 33731e97-16f6-45e4-8f2a-1dafddc3ee46|rpc:10.1.0.19:43575|dataStream:|priority:1], old=null, confs=<EMPTY_MAP>
2021-09-08 01:20:37,905 [pool-74-thread-1] INFO  server.RaftServerConfigKeys (ConfUtils.java:logGet(44)) - raft.server.storage.dir = [/home/runner/work/ozone/ozone/hadoop-ozone/integration-test/target/test-dir/MiniOzoneClusterImpl-0f12cb01-4002-4394-a01c-5903f1f0237a/datanode-1/data/ratis] (custom)
2021-09-08 01:20:37,905 [pool-74-thread-1] INFO  server.RaftServerConfigKeys (ConfUtils.java:logGet(44)) - raft.server.log.corruption.policy = EXCEPTION (default)
2021-09-08 01:20:37,905 [pool-74-thread-1] INFO  server.RaftServerConfigKeys (ConfUtils.java:logGet(44)) - raft.server.storage.free-space.min = 0MB (=0) (default)
2021-09-08 01:20:37,905 [pool-74-thread-1] INFO  storage.RaftStorageDirectory (RaftStorageDirectoryImpl.java:analyzeStorage(135)) - The storage directory /home/runner/work/ozone/ozone/hadoop-ozone/integration-test/target/test-dir/MiniOzoneClusterImpl-0f12cb01-4002-4394-a01c-5903f1f0237a/datanode-1/data/ratis/0dd8c860-2cb9-4e4d-8e04-721745a2736d does not exist. Creating ...
2021-09-08 01:20:37,906 [pool-74-thread-1] INFO  storage.RaftStorageDirectory (RaftStorageDirectoryImpl.java:tryLock(230)) - Lock on /home/runner/work/ozone/ozone/hadoop-ozone/integration-test/target/test-dir/MiniOzoneClusterImpl-0f12cb01-4002-4394-a01c-5903f1f0237a/datanode-1/data/ratis/0dd8c860-2cb9-4e4d-8e04-721745a2736d/in_use.lock acquired by nodename 2705@fv-az396-69
2021-09-08 01:20:37,907 [pool-74-thread-1] INFO  storage.RaftStorage (RaftStorageImpl.java:format(89)) - Storage directory /home/runner/work/ozone/ozone/hadoop-ozone/integration-test/target/test-dir/MiniOzoneClusterImpl-0f12cb01-4002-4394-a01c-5903f1f0237a/datanode-1/data/ratis/0dd8c860-2cb9-4e4d-8e04-721745a2736d has been successfully formatted.
2021-09-08 01:20:37,908 [pool-74-thread-1] INFO  ratis.ContainerStateMachine (ContainerStateMachine.java:loadSnapshot(224)) - group-721745A2736D: The snapshot info is null. Setting the last applied indexto:(t:0, i:~)
2021-09-08 01:20:37,909 [pool-74-thread-1] INFO  server.RaftServerConfigKeys (ConfUtils.java:logGet(44)) - raft.server.notification.no-leader.timeout = 300000ms (custom)
2021-09-08 01:20:37,909 [pool-74-thread-1] INFO  server.RaftServerConfigKeys (ConfUtils.java:logGet(44)) - raft.server.log.use.memory = false (default)
2021-09-08 01:20:37,910 [pool-74-thread-1] INFO  server.RaftServerConfigKeys (ConfUtils.java:logGet(44)) - raft.server.log.purge.gap = 1000000 (custom)
2021-09-08 01:20:37,910 [pool-74-thread-1] INFO  server.RaftServerConfigKeys (ConfUtils.java:logGet(44)) - raft.server.log.appender.buffer.byte-limit = 33554432 (custom)
2021-09-08 01:20:37,910 [pool-74-thread-1] INFO  server.RaftServerConfigKeys (ConfUtils.java:logGet(44)) - raft.server.log.segment.size.max = 1048576 (custom)
2021-09-08 01:20:37,913 [pool-74-thread-1] INFO  server.RaftServerConfigKeys (ConfUtils.java:logGet(44)) - raft.server.log.segment.cache.num.max = 2 (custom)
2021-09-08 01:20:37,913 [pool-74-thread-1] INFO  server.RaftServerConfigKeys (ConfUtils.java:logGet(44)) - raft.server.log.segment.cache.size.max = 200MB (=209715200) (default)
2021-09-08 01:20:37,914 [pool-74-thread-1] INFO  segmented.SegmentedRaftLogWorker (SegmentedRaftLogWorker.java:<init>(182)) - new e8664701-17ec-4985-afd3-5de44f4c9c08@group-721745A2736D-SegmentedRaftLogWorker for RaftStorageImpl:Storage Directory /home/runner/work/ozone/ozone/hadoop-ozone/integration-test/target/test-dir/MiniOzoneClusterImpl-0f12cb01-4002-4394-a01c-5903f1f0237a/datanode-1/data/ratis/0dd8c860-2cb9-4e4d-8e04-721745a2736d
2021-09-08 01:20:37,914 [pool-74-thread-1] INFO  server.RaftServerConfigKeys (ConfUtils.java:logGet(44)) - raft.server.log.queue.byte-limit = 2147483647 (custom)
2021-09-08 01:20:37,914 [pool-74-thread-1] INFO  server.RaftServerConfigKeys (ConfUtils.java:logGet(44)) - raft.server.log.queue.element-limit = 1024 (custom)
2021-09-08 01:20:37,915 [pool-74-thread-1] INFO  server.RaftServerConfigKeys (ConfUtils.java:logGet(44)) - raft.server.log.segment.size.max = 1048576 (custom)
2021-09-08 01:20:37,915 [pool-74-thread-1] INFO  server.RaftServerConfigKeys (ConfUtils.java:logGet(44)) - raft.server.log.preallocated.size = 16384 (custom)
2021-09-08 01:20:37,915 [pool-74-thread-1] INFO  server.RaftServerConfigKeys (ConfUtils.java:logGet(44)) - raft.server.log.force.sync.num = 128 (default)
2021-09-08 01:20:37,915 [pool-74-thread-1] INFO  server.RaftServerConfigKeys (ConfUtils.java:logGet(44)) - raft.server.log.statemachine.data.sync = true (default)
2021-09-08 01:20:37,915 [pool-74-thread-1] INFO  server.RaftServerConfigKeys (ConfUtils.java:logGet(44)) - raft.server.log.statemachine.data.sync.timeout = 10s (default)
2021-09-08 01:20:37,915 [pool-74-thread-1] INFO  server.RaftServerConfigKeys (ConfUtils.java:logGet(44)) - raft.server.log.statemachine.data.sync.timeout.retry = -1 (default)
2021-09-08 01:20:37,917 [pool-74-thread-1] INFO  server.RaftServerConfigKeys (ConfUtils.java:logGet(44)) - raft.server.log.write.buffer.size = 1048576 (custom)
2021-09-08 01:20:37,917 [pool-74-thread-1] INFO  server.RaftServerConfigKeys (ConfUtils.java:logGet(44)) - raft.server.log.statemachine.data.caching.enabled = true (custom)
2021-09-08 01:20:37,917 [pool-74-thread-1] INFO  segmented.SegmentedRaftLogWorker (SegmentedRaftLogWorker.java:lambda$new$0(133)) - e8664701-17ec-4985-afd3-5de44f4c9c08@group-721745A2736D-SegmentedRaftLogWorker: flushIndex: setUnconditionally 0 -> -1
2021-09-08 01:20:37,917 [pool-74-thread-1] INFO  segmented.SegmentedRaftLogWorker (SegmentedRaftLogWorker.java:lambda$new$0(133)) - e8664701-17ec-4985-afd3-5de44f4c9c08@group-721745A2736D-SegmentedRaftLogWorker: safeCacheEvictIndex: setUnconditionally 0 -> -1
2021-09-08 01:20:37,918 [pool-74-thread-1] INFO  server.RaftServerConfigKeys (ConfUtils.java:logGet(44)) - raft.server.snapshot.auto.trigger.enabled = true (custom)
2021-09-08 01:20:37,918 [pool-74-thread-1] INFO  server.RaftServerConfigKeys (ConfUtils.java:logGet(44)) - raft.server.snapshot.auto.trigger.threshold = 10000 (custom)
2021-09-08 01:20:37,918 [pool-74-thread-1] INFO  server.RaftServerConfigKeys (ConfUtils.java:logGet(44)) - raft.server.snapshot.retention.file.num = 5 (custom)
2021-09-08 01:20:37,918 [pool-74-thread-1] INFO  server.RaftServerConfigKeys (ConfUtils.java:logGet(44)) - raft.server.log.purge.upto.snapshot.index = false (default)
2021-09-08 01:20:37,918 [pool-74-thread-1] INFO  server.RaftServerConfigKeys (ConfUtils.java:logGet(44)) - raft.server.retrycache.expirytime = 600000ms (custom)
2021-09-08 01:20:37,918 [pool-74-thread-1] INFO  server.RaftServerConfigKeys (ConfUtils.java:logGet(44)) - raft.server.retrycache.statistics.expirytime = 100μs (default)
2021-09-08 01:20:37,921 [pool-74-thread-1] INFO  server.RaftServer$Division (RaftServerImpl.java:start(296)) - e8664701-17ec-4985-afd3-5de44f4c9c08@group-721745A2736D: start as a follower, conf=-1: [e8664701-17ec-4985-afd3-5de44f4c9c08|rpc:10.1.0.19:41275|dataStream:|priority:0, fff8da42-e543-4611-a72f-bc5e7a371435|rpc:10.1.0.19:33015|dataStream:|priority:0, 33731e97-16f6-45e4-8f2a-1dafddc3ee46|rpc:10.1.0.19:43575|dataStream:|priority:1], old=null
2021-09-08 01:20:37,921 [pool-74-thread-1] INFO  server.RaftServer$Division (RaftServerImpl.java:setRole(285)) - e8664701-17ec-4985-afd3-5de44f4c9c08@group-721745A2736D: changes role from      null to FOLLOWER at term 0 for startAsFollower
2021-09-08 01:20:37,921 [pool-74-thread-1] INFO  impl.RoleInfo (RoleInfo.java:updateAndGet(130)) - e8664701-17ec-4985-afd3-5de44f4c9c08: start e8664701-17ec-4985-afd3-5de44f4c9c08@group-721745A2736D-FollowerState
2021-09-08 01:20:37,928 [pool-74-thread-1] INFO  util.JmxRegister (JmxRegister.java:tryRegister(44)) - Successfully registered JMX Bean with object name Ratis:service=RaftServer,group=group-721745A2736D,id=e8664701-17ec-4985-afd3-5de44f4c9c08
2021-09-08 01:20:37,953 [Command processor thread] INFO  server.RaftServer (RaftServerProxy.java:addNew(95)) - e8664701-17ec-4985-afd3-5de44f4c9c08: addNew group-55994ED9ADE4:[e8664701-17ec-4985-afd3-5de44f4c9c08|rpc:10.1.0.19:41275|priority:1] returns group-55994ED9ADE4:java.util.concurrent.CompletableFuture@310dc7d2[Not completed]
2021-09-08 01:20:37,954 [pool-74-thread-1] INFO  server.RaftServer$Division (RaftServerImpl.java:<init>(181)) - e8664701-17ec-4985-afd3-5de44f4c9c08: new RaftServerImpl for group-55994ED9ADE4:[e8664701-17ec-4985-afd3-5de44f4c9c08|rpc:10.1.0.19:41275|priority:1] with ContainerStateMachine:uninitialized
2021-09-08 01:20:37,954 [pool-74-thread-1] INFO  server.RaftServerConfigKeys (ConfUtils.java:logGet(44)) - raft.server.rpc.timeout.min = 5s (custom)
2021-09-08 01:20:37,954 [pool-74-thread-1] INFO  server.RaftServerConfigKeys (ConfUtils.java:logGet(44)) - raft.server.rpc.timeout.max = 5200ms (custom)
2021-09-08 01:20:37,954 [pool-74-thread-1] INFO  server.RaftServerConfigKeys (ConfUtils.java:logGet(44)) - raft.server.rpc.sleep.time = 25ms (default)
2021-09-08 01:20:37,954 [pool-74-thread-1] INFO  server.RaftServerConfigKeys (ConfUtils.java:logGet(44)) - raft.server.rpc.slowness.timeout = 300000ms (custom)
2021-09-08 01:20:37,954 [pool-74-thread-1] INFO  server.RaftServerConfigKeys (ConfUtils.java:logGet(44)) - raft.server.leaderelection.leader.step-down.wait-time = 10s (default)
2021-09-08 01:20:37,954 [pool-74-thread-1] INFO  server.RaftServerConfigKeys (ConfUtils.java:logGet(44)) - raft.server.sleep.deviation.threshold = 300ms (default)
2021-09-08 01:20:37,954 [pool-74-thread-1] INFO  server.RaftServerConfigKeys (ConfUtils.java:logGet(44)) - raft.server.log.appender.install.snapshot.enabled = false (custom)
2021-09-08 01:20:37,954 [pool-74-thread-1] INFO  server.RaftServer$Division (ServerState.java:<init>(105)) - e8664701-17ec-4985-afd3-5de44f4c9c08@group-55994ED9ADE4: ConfigurationManager, init=-1: [e8664701-17ec-4985-afd3-5de44f4c9c08|rpc:10.1.0.19:41275|priority:1], old=null, confs=<EMPTY_MAP>
2021-09-08 01:20:37,954 [pool-74-thread-1] INFO  server.RaftServerConfigKeys (ConfUtils.java:logGet(44)) - raft.server.storage.dir = [/home/runner/work/ozone/ozone/hadoop-ozone/integration-test/target/test-dir/MiniOzoneClusterImpl-0f12cb01-4002-4394-a01c-5903f1f0237a/datanode-1/data/ratis] (custom)
2021-09-08 01:20:37,954 [pool-74-thread-1] INFO  server.RaftServerConfigKeys (ConfUtils.java:logGet(44)) - raft.server.log.corruption.policy = EXCEPTION (default)
2021-09-08 01:20:37,955 [pool-74-thread-1] INFO  server.RaftServerConfigKeys (ConfUtils.java:logGet(44)) - raft.server.storage.free-space.min = 0MB (=0) (default)
2021-09-08 01:20:37,955 [pool-74-thread-1] INFO  storage.RaftStorageDirectory (RaftStorageDirectoryImpl.java:analyzeStorage(135)) - The storage directory /home/runner/work/ozone/ozone/hadoop-ozone/integration-test/target/test-dir/MiniOzoneClusterImpl-0f12cb01-4002-4394-a01c-5903f1f0237a/datanode-1/data/ratis/8c80135a-bb05-48fe-9ebc-55994ed9ade4 does not exist. Creating ...
2021-09-08 01:20:37,956 [pool-74-thread-1] INFO  storage.RaftStorageDirectory (RaftStorageDirectoryImpl.java:tryLock(230)) - Lock on /home/runner/work/ozone/ozone/hadoop-ozone/integration-test/target/test-dir/MiniOzoneClusterImpl-0f12cb01-4002-4394-a01c-5903f1f0237a/datanode-1/data/ratis/8c80135a-bb05-48fe-9ebc-55994ed9ade4/in_use.lock acquired by nodename 2705@fv-az396-69
2021-09-08 01:20:37,959 [pool-74-thread-1] INFO  storage.RaftStorage (RaftStorageImpl.java:format(89)) - Storage directory /home/runner/work/ozone/ozone/hadoop-ozone/integration-test/target/test-dir/MiniOzoneClusterImpl-0f12cb01-4002-4394-a01c-5903f1f0237a/datanode-1/data/ratis/8c80135a-bb05-48fe-9ebc-55994ed9ade4 has been successfully formatted.
2021-09-08 01:20:37,959 [pool-74-thread-1] INFO  ratis.ContainerStateMachine (ContainerStateMachine.java:loadSnapshot(224)) - group-55994ED9ADE4: The snapshot info is null. Setting the last applied indexto:(t:0, i:~)
2021-09-08 01:20:37,959 [pool-74-thread-1] INFO  server.RaftServerConfigKeys (ConfUtils.java:logGet(44)) - raft.server.notification.no-leader.timeout = 300000ms (custom)
2021-09-08 01:20:37,959 [pool-74-thread-1] INFO  server.RaftServerConfigKeys (ConfUtils.java:logGet(44)) - raft.server.log.use.memory = false (default)
2021-09-08 01:20:37,959 [pool-74-thread-1] INFO  server.RaftServerConfigKeys (ConfUtils.java:logGet(44)) - raft.server.log.purge.gap = 1000000 (custom)
2021-09-08 01:20:37,960 [pool-74-thread-1] INFO  server.RaftServerConfigKeys (ConfUtils.java:logGet(44)) - raft.server.log.appender.buffer.byte-limit = 33554432 (custom)
2021-09-08 01:20:37,960 [pool-74-thread-1] INFO  server.RaftServerConfigKeys (ConfUtils.java:logGet(44)) - raft.server.log.segment.size.max = 1048576 (custom)
2021-09-08 01:20:37,959 [Datanode State Machine Thread - 0] WARN  statemachine.StateContext (StateContext.java:execute(621)) - No available thread in pool for past 1 seconds.
2021-09-08 01:20:37,964 [EventQueue-PipelineReportForPipelineReportHandler] INFO  pipeline.PipelineManagerImpl (PipelineManagerImpl.java:openPipeline(282)) - Pipeline Pipeline[ Id: 8c80135a-bb05-48fe-9ebc-55994ed9ade4, Nodes: e8664701-17ec-4985-afd3-5de44f4c9c08{ip: 10.1.0.19, host: fv-az396-69.zsjpccerc4sulamragr3v05mvf.jx.internal.cloudapp.net, ports: [REPLICATION=41283, RATIS=41275, RATIS_ADMIN=41275, RATIS_SERVER=41275, STANDALONE=44909], networkLocation: /default-rack, certSerialId: null, persistedOpState: IN_SERVICE, persistedOpStateExpiryEpochSec: 0}, ReplicationConfig: RATIS/ONE, State:ALLOCATED, leaderId:e8664701-17ec-4985-afd3-5de44f4c9c08, CreationTimestamp2021-09-08T01:20:34.956Z[Etc/UTC]] moved to OPEN state
2021-09-08 01:20:37,964 [EventQueue-OpenPipelineForHealthyPipelineSafeModeRule] INFO  safemode.SCMSafeModeManager (HealthyPipelineSafeModeRule.java:process(124)) - SCM in safe mode. Healthy pipelines reported count is 0, required healthy pipeline reported count is 1
2021-09-08 01:20:37,965 [pool-74-thread-1] INFO  server.RaftServerConfigKeys (ConfUtils.java:logGet(44)) - raft.server.log.segment.cache.num.max = 2 (custom)
2021-09-08 01:20:37,966 [pool-74-thread-1] INFO  server.RaftServerConfigKeys (ConfUtils.java:logGet(44)) - raft.server.log.segment.cache.size.max = 200MB (=209715200) (default)
2021-09-08 01:20:37,966 [pool-74-thread-1] INFO  segmented.SegmentedRaftLogWorker (SegmentedRaftLogWorker.java:<init>(182)) - new e8664701-17ec-4985-afd3-5de44f4c9c08@group-55994ED9ADE4-SegmentedRaftLogWorker for RaftStorageImpl:Storage Directory /home/runner/work/ozone/ozone/hadoop-ozone/integration-test/target/test-dir/MiniOzoneClusterImpl-0f12cb01-4002-4394-a01c-5903f1f0237a/datanode-1/data/ratis/8c80135a-bb05-48fe-9ebc-55994ed9ade4
2021-09-08 01:20:37,966 [pool-74-thread-1] INFO  server.RaftServerConfigKeys (ConfUtils.java:logGet(44)) - raft.server.log.queue.byte-limit = 2147483647 (custom)
2021-09-08 01:20:37,966 [pool-74-thread-1] INFO  server.RaftServerConfigKeys (ConfUtils.java:logGet(44)) - raft.server.log.queue.element-limit = 1024 (custom)
2021-09-08 01:20:37,966 [pool-74-thread-1] INFO  server.RaftServerConfigKeys (ConfUtils.java:logGet(44)) - raft.server.log.segment.size.max = 1048576 (custom)
2021-09-08 01:20:37,966 [pool-74-thread-1] INFO  server.RaftServerConfigKeys (ConfUtils.java:logGet(44)) - raft.server.log.preallocated.size = 16384 (custom)
2021-09-08 01:20:37,966 [pool-74-thread-1] INFO  server.RaftServerConfigKeys (ConfUtils.java:logGet(44)) - raft.server.log.force.sync.num = 128 (default)
2021-09-08 01:20:37,966 [pool-74-thread-1] INFO  server.RaftServerConfigKeys (ConfUtils.java:logGet(44)) - raft.server.log.statemachine.data.sync = true (default)
2021-09-08 01:20:37,966 [pool-74-thread-1] INFO  server.RaftServerConfigKeys (ConfUtils.java:logGet(44)) - raft.server.log.statemachine.data.sync.timeout = 10s (default)
2021-09-08 01:20:37,967 [pool-74-thread-1] INFO  server.RaftServerConfigKeys (ConfUtils.java:logGet(44)) - raft.server.log.statemachine.data.sync.timeout.retry = -1 (default)
2021-09-08 01:20:37,968 [pool-74-thread-1] INFO  server.RaftServerConfigKeys (ConfUtils.java:logGet(44)) - raft.server.log.write.buffer.size = 1048576 (custom)
2021-09-08 01:20:37,970 [pool-74-thread-1] INFO  server.RaftServerConfigKeys (ConfUtils.java:logGet(44)) - raft.server.log.statemachine.data.caching.enabled = true (custom)
2021-09-08 01:20:37,971 [pool-74-thread-1] INFO  segmented.SegmentedRaftLogWorker (SegmentedRaftLogWorker.java:lambda$new$0(133)) - e8664701-17ec-4985-afd3-5de44f4c9c08@group-55994ED9ADE4-SegmentedRaftLogWorker: flushIndex: setUnconditionally 0 -> -1
2021-09-08 01:20:37,971 [pool-74-thread-1] INFO  segmented.SegmentedRaftLogWorker (SegmentedRaftLogWorker.java:lambda$new$0(133)) - e8664701-17ec-4985-afd3-5de44f4c9c08@group-55994ED9ADE4-SegmentedRaftLogWorker: safeCacheEvictIndex: setUnconditionally 0 -> -1
2021-09-08 01:20:37,976 [pool-74-thread-1] INFO  server.RaftServerConfigKeys (ConfUtils.java:logGet(44)) - raft.server.snapshot.auto.trigger.enabled = true (custom)
2021-09-08 01:20:37,976 [pool-74-thread-1] INFO  server.RaftServerConfigKeys (ConfUtils.java:logGet(44)) - raft.server.snapshot.auto.trigger.threshold = 10000 (custom)
2021-09-08 01:20:37,976 [pool-74-thread-1] INFO  server.RaftServerConfigKeys (ConfUtils.java:logGet(44)) - raft.server.snapshot.retention.file.num = 5 (custom)
2021-09-08 01:20:37,976 [pool-74-thread-1] INFO  server.RaftServerConfigKeys (ConfUtils.java:logGet(44)) - raft.server.log.purge.upto.snapshot.index = false (default)
2021-09-08 01:20:37,977 [pool-74-thread-1] INFO  server.RaftServerConfigKeys (ConfUtils.java:logGet(44)) - raft.server.retrycache.expirytime = 600000ms (custom)
2021-09-08 01:20:37,977 [pool-74-thread-1] INFO  server.RaftServerConfigKeys (ConfUtils.java:logGet(44)) - raft.server.retrycache.statistics.expirytime = 100μs (default)
2021-09-08 01:20:37,979 [pool-74-thread-1] INFO  server.RaftServer$Division (RaftServerImpl.java:start(296)) - e8664701-17ec-4985-afd3-5de44f4c9c08@group-55994ED9ADE4: start as a follower, conf=-1: [e8664701-17ec-4985-afd3-5de44f4c9c08|rpc:10.1.0.19:41275|priority:1], old=null
2021-09-08 01:20:37,979 [pool-74-thread-1] INFO  server.RaftServer$Division (RaftServerImpl.java:setRole(285)) - e8664701-17ec-4985-afd3-5de44f4c9c08@group-55994ED9ADE4: changes role from      null to FOLLOWER at term 0 for startAsFollower
2021-09-08 01:20:37,979 [pool-74-thread-1] INFO  impl.RoleInfo (RoleInfo.java:updateAndGet(130)) - e8664701-17ec-4985-afd3-5de44f4c9c08: start e8664701-17ec-4985-afd3-5de44f4c9c08@group-55994ED9ADE4-FollowerState
2021-09-08 01:20:37,980 [pool-74-thread-1] INFO  util.JmxRegister (JmxRegister.java:tryRegister(44)) - Successfully registered JMX Bean with object name Ratis:service=RaftServer,group=group-55994ED9ADE4,id=e8664701-17ec-4985-afd3-5de44f4c9c08
2021-09-08 01:20:37,984 [Command processor thread] INFO  ratis.XceiverServerRatis (XceiverServerRatis.java:addGroup(763)) - Created group PipelineID=8c80135a-bb05-48fe-9ebc-55994ed9ade4
2021-09-08 01:20:37,984 [Command processor thread] INFO  commandhandler.CreatePipelineCommandHandler (CreatePipelineCommandHandler.java:handle(106)) - Created Pipeline RATIS ONE PipelineID=8c80135a-bb05-48fe-9ebc-55994ed9ade4.
2021-09-08 01:20:37,996 [grpc-default-executor-0] INFO  server.RaftServer (RaftServerProxy.java:addNew(95)) - 33731e97-16f6-45e4-8f2a-1dafddc3ee46: addNew group-721745A2736D:[e8664701-17ec-4985-afd3-5de44f4c9c08|rpc:10.1.0.19:41275|dataStream:|priority:0, fff8da42-e543-4611-a72f-bc5e7a371435|rpc:10.1.0.19:33015|dataStream:|priority:0, 33731e97-16f6-45e4-8f2a-1dafddc3ee46|rpc:10.1.0.19:43575|dataStream:|priority:1] returns group-721745A2736D:java.util.concurrent.CompletableFuture@78a66984[Not completed]
2021-09-08 01:20:38,000 [pool-93-thread-1] INFO  server.RaftServer$Division (RaftServerImpl.java:<init>(181)) - 33731e97-16f6-45e4-8f2a-1dafddc3ee46: new RaftServerImpl for group-721745A2736D:[e8664701-17ec-4985-afd3-5de44f4c9c08|rpc:10.1.0.19:41275|dataStream:|priority:0, fff8da42-e543-4611-a72f-bc5e7a371435|rpc:10.1.0.19:33015|dataStream:|priority:0, 33731e97-16f6-45e4-8f2a-1dafddc3ee46|rpc:10.1.0.19:43575|dataStream:|priority:1] with ContainerStateMachine:uninitialized
2021-09-08 01:20:38,000 [pool-93-thread-1] INFO  server.RaftServerConfigKeys (ConfUtils.java:logGet(44)) - raft.server.rpc.timeout.min = 5s (custom)
2021-09-08 01:20:38,000 [pool-93-thread-1] INFO  server.RaftServerConfigKeys (ConfUtils.java:logGet(44)) - raft.server.rpc.timeout.max = 5200ms (custom)
2021-09-08 01:20:38,000 [pool-93-thread-1] INFO  server.RaftServerConfigKeys (ConfUtils.java:logGet(44)) - raft.server.rpc.sleep.time = 25ms (default)
2021-09-08 01:20:38,000 [pool-93-thread-1] INFO  server.RaftServerConfigKeys (ConfUtils.java:logGet(44)) - raft.server.rpc.slowness.timeout = 300000ms (custom)
2021-09-08 01:20:38,000 [pool-93-thread-1] INFO  server.RaftServerConfigKeys (ConfUtils.java:logGet(44)) - raft.server.leaderelection.leader.step-down.wait-time = 10s (default)
2021-09-08 01:20:38,001 [pool-93-thread-1] INFO  server.RaftServerConfigKeys (ConfUtils.java:logGet(44)) - raft.server.sleep.deviation.threshold = 300ms (default)
2021-09-08 01:20:38,001 [pool-93-thread-1] INFO  server.RaftServerConfigKeys (ConfUtils.java:logGet(44)) - raft.server.log.appender.install.snapshot.enabled = false (custom)
2021-09-08 01:20:38,001 [pool-93-thread-1] INFO  server.RaftServer$Division (ServerState.java:<init>(105)) - 33731e97-16f6-45e4-8f2a-1dafddc3ee46@group-721745A2736D: ConfigurationManager, init=-1: [e8664701-17ec-4985-afd3-5de44f4c9c08|rpc:10.1.0.19:41275|dataStream:|priority:0, fff8da42-e543-4611-a72f-bc5e7a371435|rpc:10.1.0.19:33015|dataStream:|priority:0, 33731e97-16f6-45e4-8f2a-1dafddc3ee46|rpc:10.1.0.19:43575|dataStream:|priority:1], old=null, confs=<EMPTY_MAP>
2021-09-08 01:20:38,001 [pool-93-thread-1] INFO  server.RaftServerConfigKeys (ConfUtils.java:logGet(44)) - raft.server.storage.dir = [/home/runner/work/ozone/ozone/hadoop-ozone/integration-test/target/test-dir/MiniOzoneClusterImpl-0f12cb01-4002-4394-a01c-5903f1f0237a/datanode-2/data/ratis] (custom)
2021-09-08 01:20:38,001 [pool-93-thread-1] INFO  server.RaftServerConfigKeys (ConfUtils.java:logGet(44)) - raft.server.log.corruption.policy = EXCEPTION (default)
2021-09-08 01:20:38,001 [pool-93-thread-1] INFO  server.RaftServerConfigKeys (ConfUtils.java:logGet(44)) - raft.server.storage.free-space.min = 0MB (=0) (default)
2021-09-08 01:20:38,001 [pool-93-thread-1] INFO  storage.RaftStorageDirectory (RaftStorageDirectoryImpl.java:analyzeStorage(135)) - The storage directory /home/runner/work/ozone/ozone/hadoop-ozone/integration-test/target/test-dir/MiniOzoneClusterImpl-0f12cb01-4002-4394-a01c-5903f1f0237a/datanode-2/data/ratis/0dd8c860-2cb9-4e4d-8e04-721745a2736d does not exist. Creating ...
2021-09-08 01:20:38,003 [pool-93-thread-1] INFO  storage.RaftStorageDirectory (RaftStorageDirectoryImpl.java:tryLock(230)) - Lock on /home/runner/work/ozone/ozone/hadoop-ozone/integration-test/target/test-dir/MiniOzoneClusterImpl-0f12cb01-4002-4394-a01c-5903f1f0237a/datanode-2/data/ratis/0dd8c860-2cb9-4e4d-8e04-721745a2736d/in_use.lock acquired by nodename 2705@fv-az396-69
2021-09-08 01:20:38,004 [pool-93-thread-1] INFO  storage.RaftStorage (RaftStorageImpl.java:format(89)) - Storage directory /home/runner/work/ozone/ozone/hadoop-ozone/integration-test/target/test-dir/MiniOzoneClusterImpl-0f12cb01-4002-4394-a01c-5903f1f0237a/datanode-2/data/ratis/0dd8c860-2cb9-4e4d-8e04-721745a2736d has been successfully formatted.
2021-09-08 01:20:38,005 [pool-93-thread-1] INFO  ratis.ContainerStateMachine (ContainerStateMachine.java:loadSnapshot(224)) - group-721745A2736D: The snapshot info is null. Setting the last applied indexto:(t:0, i:~)
2021-09-08 01:20:38,008 [pool-93-thread-1] INFO  server.RaftServerConfigKeys (ConfUtils.java:logGet(44)) - raft.server.notification.no-leader.timeout = 300000ms (custom)
2021-09-08 01:20:38,008 [pool-93-thread-1] INFO  server.RaftServerConfigKeys (ConfUtils.java:logGet(44)) - raft.server.log.use.memory = false (default)
2021-09-08 01:20:38,012 [pool-93-thread-1] INFO  server.RaftServerConfigKeys (ConfUtils.java:logGet(44)) - raft.server.log.purge.gap = 1000000 (custom)
2021-09-08 01:20:38,012 [pool-93-thread-1] INFO  server.RaftServerConfigKeys (ConfUtils.java:logGet(44)) - raft.server.log.appender.buffer.byte-limit = 33554432 (custom)
2021-09-08 01:20:38,012 [pool-93-thread-1] INFO  server.RaftServerConfigKeys (ConfUtils.java:logGet(44)) - raft.server.log.segment.size.max = 1048576 (custom)
2021-09-08 01:20:38,013 [pool-93-thread-1] INFO  server.RaftServerConfigKeys (ConfUtils.java:logGet(44)) - raft.server.log.segment.cache.num.max = 2 (custom)
2021-09-08 01:20:38,013 [pool-93-thread-1] INFO  server.RaftServerConfigKeys (ConfUtils.java:logGet(44)) - raft.server.log.segment.cache.size.max = 200MB (=209715200) (default)
2021-09-08 01:20:38,013 [pool-93-thread-1] INFO  segmented.SegmentedRaftLogWorker (SegmentedRaftLogWorker.java:<init>(182)) - new 33731e97-16f6-45e4-8f2a-1dafddc3ee46@group-721745A2736D-SegmentedRaftLogWorker for RaftStorageImpl:Storage Directory /home/runner/work/ozone/ozone/hadoop-ozone/integration-test/target/test-dir/MiniOzoneClusterImpl-0f12cb01-4002-4394-a01c-5903f1f0237a/datanode-2/data/ratis/0dd8c860-2cb9-4e4d-8e04-721745a2736d
2021-09-08 01:20:38,013 [pool-93-thread-1] INFO  server.RaftServerConfigKeys (ConfUtils.java:logGet(44)) - raft.server.log.queue.byte-limit = 2147483647 (custom)
2021-09-08 01:20:38,013 [pool-93-thread-1] INFO  server.RaftServerConfigKeys (ConfUtils.java:logGet(44)) - raft.server.log.queue.element-limit = 1024 (custom)
2021-09-08 01:20:38,013 [pool-93-thread-1] INFO  server.RaftServerConfigKeys (ConfUtils.java:logGet(44)) - raft.server.log.segment.size.max = 1048576 (custom)
2021-09-08 01:20:38,013 [pool-93-thread-1] INFO  server.RaftServerConfigKeys (ConfUtils.java:logGet(44)) - raft.server.log.preallocated.size = 16384 (custom)
2021-09-08 01:20:38,013 [pool-93-thread-1] INFO  server.RaftServerConfigKeys (ConfUtils.java:logGet(44)) - raft.server.log.force.sync.num = 128 (default)
2021-09-08 01:20:38,013 [pool-93-thread-1] INFO  server.RaftServerConfigKeys (ConfUtils.java:logGet(44)) - raft.server.log.statemachine.data.sync = true (default)
2021-09-08 01:20:38,013 [pool-93-thread-1] INFO  server.RaftServerConfigKeys (ConfUtils.java:logGet(44)) - raft.server.log.statemachine.data.sync.timeout = 10s (default)
2021-09-08 01:20:38,013 [pool-93-thread-1] INFO  server.RaftServerConfigKeys (ConfUtils.java:logGet(44)) - raft.server.log.statemachine.data.sync.timeout.retry = -1 (default)
2021-09-08 01:20:38,015 [pool-93-thread-1] INFO  server.RaftServerConfigKeys (ConfUtils.java:logGet(44)) - raft.server.log.write.buffer.size = 1048576 (custom)
2021-09-08 01:20:38,015 [pool-93-thread-1] INFO  server.RaftServerConfigKeys (ConfUtils.java:logGet(44)) - raft.server.log.statemachine.data.caching.enabled = true (custom)
2021-09-08 01:20:38,016 [pool-93-thread-1] INFO  segmented.SegmentedRaftLogWorker (SegmentedRaftLogWorker.java:lambda$new$0(133)) - 33731e97-16f6-45e4-8f2a-1dafddc3ee46@group-721745A2736D-SegmentedRaftLogWorker: flushIndex: setUnconditionally 0 -> -1
2021-09-08 01:20:38,016 [pool-93-thread-1] INFO  segmented.SegmentedRaftLogWorker (SegmentedRaftLogWorker.java:lambda$new$0(133)) - 33731e97-16f6-45e4-8f2a-1dafddc3ee46@group-721745A2736D-SegmentedRaftLogWorker: safeCacheEvictIndex: setUnconditionally 0 -> -1
2021-09-08 01:20:38,016 [pool-93-thread-1] INFO  server.RaftServerConfigKeys (ConfUtils.java:logGet(44)) - raft.server.snapshot.auto.trigger.enabled = true (custom)
2021-09-08 01:20:38,016 [pool-93-thread-1] INFO  server.RaftServerConfigKeys (ConfUtils.java:logGet(44)) - raft.server.snapshot.auto.trigger.threshold = 10000 (custom)
2021-09-08 01:20:38,016 [pool-93-thread-1] INFO  server.RaftServerConfigKeys (ConfUtils.java:logGet(44)) - raft.server.snapshot.retention.file.num = 5 (custom)
2021-09-08 01:20:38,016 [pool-93-thread-1] INFO  server.RaftServerConfigKeys (ConfUtils.java:logGet(44)) - raft.server.log.purge.upto.snapshot.index = false (default)
2021-09-08 01:20:38,016 [pool-93-thread-1] INFO  server.RaftServerConfigKeys (ConfUtils.java:logGet(44)) - raft.server.retrycache.expirytime = 600000ms (custom)
2021-09-08 01:20:38,016 [pool-93-thread-1] INFO  server.RaftServerConfigKeys (ConfUtils.java:logGet(44)) - raft.server.retrycache.statistics.expirytime = 100μs (default)
2021-09-08 01:20:38,018 [pool-93-thread-1] INFO  server.RaftServer$Division (RaftServerImpl.java:start(296)) - 33731e97-16f6-45e4-8f2a-1dafddc3ee46@group-721745A2736D: start as a follower, conf=-1: [e8664701-17ec-4985-afd3-5de44f4c9c08|rpc:10.1.0.19:41275|dataStream:|priority:0, fff8da42-e543-4611-a72f-bc5e7a371435|rpc:10.1.0.19:33015|dataStream:|priority:0, 33731e97-16f6-45e4-8f2a-1dafddc3ee46|rpc:10.1.0.19:43575|dataStream:|priority:1], old=null
2021-09-08 01:20:38,018 [pool-93-thread-1] INFO  server.RaftServer$Division (RaftServerImpl.java:setRole(285)) - 33731e97-16f6-45e4-8f2a-1dafddc3ee46@group-721745A2736D: changes role from      null to FOLLOWER at term 0 for startAsFollower
2021-09-08 01:20:38,018 [pool-93-thread-1] INFO  impl.RoleInfo (RoleInfo.java:updateAndGet(130)) - 33731e97-16f6-45e4-8f2a-1dafddc3ee46: start 33731e97-16f6-45e4-8f2a-1dafddc3ee46@group-721745A2736D-FollowerState
2021-09-08 01:20:38,018 [pool-93-thread-1] INFO  util.JmxRegister (JmxRegister.java:tryRegister(44)) - Successfully registered JMX Bean with object name Ratis:service=RaftServer,group=group-721745A2736D,id=33731e97-16f6-45e4-8f2a-1dafddc3ee46
2021-09-08 01:20:38,035 [Command processor thread] INFO  commandhandler.CreatePipelineCommandHandler (CreatePipelineCommandHandler.java:handle(106)) - Created Pipeline RATIS THREE PipelineID=0dd8c860-2cb9-4e4d-8e04-721745a2736d.
2021-09-08 01:20:38,233 [Command processor thread] INFO  server.RaftServer (RaftServerProxy.java:addNew(95)) - 33731e97-16f6-45e4-8f2a-1dafddc3ee46: addNew group-E87320B4B532:[33731e97-16f6-45e4-8f2a-1dafddc3ee46|rpc:10.1.0.19:43575|priority:1] returns group-E87320B4B532:java.util.concurrent.CompletableFuture@27131fa8[Not completed]
2021-09-08 01:20:38,234 [pool-93-thread-1] INFO  server.RaftServer$Division (RaftServerImpl.java:<init>(181)) - 33731e97-16f6-45e4-8f2a-1dafddc3ee46: new RaftServerImpl for group-E87320B4B532:[33731e97-16f6-45e4-8f2a-1dafddc3ee46|rpc:10.1.0.19:43575|priority:1] with ContainerStateMachine:uninitialized
2021-09-08 01:20:38,235 [pool-93-thread-1] INFO  server.RaftServerConfigKeys (ConfUtils.java:logGet(44)) - raft.server.rpc.timeout.min = 5s (custom)
2021-09-08 01:20:38,235 [pool-93-thread-1] INFO  server.RaftServerConfigKeys (ConfUtils.java:logGet(44)) - raft.server.rpc.timeout.max = 5200ms (custom)
2021-09-08 01:20:38,235 [pool-93-thread-1] INFO  server.RaftServerConfigKeys (ConfUtils.java:logGet(44)) - raft.server.rpc.sleep.time = 25ms (default)
2021-09-08 01:20:38,235 [pool-93-thread-1] INFO  server.RaftServerConfigKeys (ConfUtils.java:logGet(44)) - raft.server.rpc.slowness.timeout = 300000ms (custom)
2021-09-08 01:20:38,235 [pool-93-thread-1] INFO  server.RaftServerConfigKeys (ConfUtils.java:logGet(44)) - raft.server.leaderelection.leader.step-down.wait-time = 10s (default)
2021-09-08 01:20:38,235 [pool-93-thread-1] INFO  server.RaftServerConfigKeys (ConfUtils.java:logGet(44)) - raft.server.sleep.deviation.threshold = 300ms (default)
2021-09-08 01:20:38,235 [pool-93-thread-1] INFO  server.RaftServerConfigKeys (ConfUtils.java:logGet(44)) - raft.server.log.appender.install.snapshot.enabled = false (custom)
2021-09-08 01:20:38,235 [pool-93-thread-1] INFO  server.RaftServer$Division (ServerState.java:<init>(105)) - 33731e97-16f6-45e4-8f2a-1dafddc3ee46@group-E87320B4B532: ConfigurationManager, init=-1: [33731e97-16f6-45e4-8f2a-1dafddc3ee46|rpc:10.1.0.19:43575|priority:1], old=null, confs=<EMPTY_MAP>
2021-09-08 01:20:38,235 [pool-93-thread-1] INFO  server.RaftServerConfigKeys (ConfUtils.java:logGet(44)) - raft.server.storage.dir = [/home/runner/work/ozone/ozone/hadoop-ozone/integration-test/target/test-dir/MiniOzoneClusterImpl-0f12cb01-4002-4394-a01c-5903f1f0237a/datanode-2/data/ratis] (custom)
2021-09-08 01:20:38,235 [pool-93-thread-1] INFO  server.RaftServerConfigKeys (ConfUtils.java:logGet(44)) - raft.server.log.corruption.policy = EXCEPTION (default)
2021-09-08 01:20:38,235 [pool-93-thread-1] INFO  server.RaftServerConfigKeys (ConfUtils.java:logGet(44)) - raft.server.storage.free-space.min = 0MB (=0) (default)
2021-09-08 01:20:38,235 [pool-93-thread-1] INFO  storage.RaftStorageDirectory (RaftStorageDirectoryImpl.java:analyzeStorage(135)) - The storage directory /home/runner/work/ozone/ozone/hadoop-ozone/integration-test/target/test-dir/MiniOzoneClusterImpl-0f12cb01-4002-4394-a01c-5903f1f0237a/datanode-2/data/ratis/eec28ec3-c5c6-45b7-ac81-e87320b4b532 does not exist. Creating ...
2021-09-08 01:20:38,240 [pool-93-thread-1] INFO  storage.RaftStorageDirectory (RaftStorageDirectoryImpl.java:tryLock(230)) - Lock on /home/runner/work/ozone/ozone/hadoop-ozone/integration-test/target/test-dir/MiniOzoneClusterImpl-0f12cb01-4002-4394-a01c-5903f1f0237a/datanode-2/data/ratis/eec28ec3-c5c6-45b7-ac81-e87320b4b532/in_use.lock acquired by nodename 2705@fv-az396-69
2021-09-08 01:20:38,242 [pool-93-thread-1] INFO  storage.RaftStorage (RaftStorageImpl.java:format(89)) - Storage directory /home/runner/work/ozone/ozone/hadoop-ozone/integration-test/target/test-dir/MiniOzoneClusterImpl-0f12cb01-4002-4394-a01c-5903f1f0237a/datanode-2/data/ratis/eec28ec3-c5c6-45b7-ac81-e87320b4b532 has been successfully formatted.
2021-09-08 01:20:38,242 [pool-93-thread-1] INFO  ratis.ContainerStateMachine (ContainerStateMachine.java:loadSnapshot(224)) - group-E87320B4B532: The snapshot info is null. Setting the last applied indexto:(t:0, i:~)
2021-09-08 01:20:38,242 [pool-93-thread-1] INFO  server.RaftServerConfigKeys (ConfUtils.java:logGet(44)) - raft.server.notification.no-leader.timeout = 300000ms (custom)
2021-09-08 01:20:38,242 [pool-93-thread-1] INFO  server.RaftServerConfigKeys (ConfUtils.java:logGet(44)) - raft.server.log.use.memory = false (default)
2021-09-08 01:20:38,242 [Datanode State Machine Thread - 0] WARN  statemachine.StateContext (StateContext.java:execute(621)) - No available thread in pool for past 1 seconds.
2021-09-08 01:20:38,244 [pool-93-thread-1] INFO  server.RaftServerConfigKeys (ConfUtils.java:logGet(44)) - raft.server.log.purge.gap = 1000000 (custom)
2021-09-08 01:20:38,245 [pool-93-thread-1] INFO  server.RaftServerConfigKeys (ConfUtils.java:logGet(44)) - raft.server.log.appender.buffer.byte-limit = 33554432 (custom)
2021-09-08 01:20:38,245 [pool-93-thread-1] INFO  server.RaftServerConfigKeys (ConfUtils.java:logGet(44)) - raft.server.log.segment.size.max = 1048576 (custom)
2021-09-08 01:20:38,245 [pool-93-thread-1] INFO  server.RaftServerConfigKeys (ConfUtils.java:logGet(44)) - raft.server.log.segment.cache.num.max = 2 (custom)
2021-09-08 01:20:38,245 [pool-93-thread-1] INFO  server.RaftServerConfigKeys (ConfUtils.java:logGet(44)) - raft.server.log.segment.cache.size.max = 200MB (=209715200) (default)
2021-09-08 01:20:38,246 [pool-93-thread-1] INFO  segmented.SegmentedRaftLogWorker (SegmentedRaftLogWorker.java:<init>(182)) - new 33731e97-16f6-45e4-8f2a-1dafddc3ee46@group-E87320B4B532-SegmentedRaftLogWorker for RaftStorageImpl:Storage Directory /home/runner/work/ozone/ozone/hadoop-ozone/integration-test/target/test-dir/MiniOzoneClusterImpl-0f12cb01-4002-4394-a01c-5903f1f0237a/datanode-2/data/ratis/eec28ec3-c5c6-45b7-ac81-e87320b4b532
2021-09-08 01:20:38,246 [pool-93-thread-1] INFO  server.RaftServerConfigKeys (ConfUtils.java:logGet(44)) - raft.server.log.queue.byte-limit = 2147483647 (custom)
2021-09-08 01:20:38,246 [pool-93-thread-1] INFO  server.RaftServerConfigKeys (ConfUtils.java:logGet(44)) - raft.server.log.queue.element-limit = 1024 (custom)
2021-09-08 01:20:38,246 [pool-93-thread-1] INFO  server.RaftServerConfigKeys (ConfUtils.java:logGet(44)) - raft.server.log.segment.size.max = 1048576 (custom)
2021-09-08 01:20:38,246 [pool-93-thread-1] INFO  server.RaftServerConfigKeys (ConfUtils.java:logGet(44)) - raft.server.log.preallocated.size = 16384 (custom)
2021-09-08 01:20:38,246 [pool-93-thread-1] INFO  server.RaftServerConfigKeys (ConfUtils.java:logGet(44)) - raft.server.log.force.sync.num = 128 (default)
2021-09-08 01:20:38,246 [pool-93-thread-1] INFO  server.RaftServerConfigKeys (ConfUtils.java:logGet(44)) - raft.server.log.statemachine.data.sync = true (default)
2021-09-08 01:20:38,246 [pool-93-thread-1] INFO  server.RaftServerConfigKeys (ConfUtils.java:logGet(44)) - raft.server.log.statemachine.data.sync.timeout = 10s (default)
2021-09-08 01:20:38,246 [pool-93-thread-1] INFO  server.RaftServerConfigKeys (ConfUtils.java:logGet(44)) - raft.server.log.statemachine.data.sync.timeout.retry = -1 (default)
2021-09-08 01:20:38,248 [EventQueue-PipelineReportForPipelineReportHandler] INFO  pipeline.PipelineManagerImpl (PipelineManagerImpl.java:openPipeline(282)) - Pipeline Pipeline[ Id: eec28ec3-c5c6-45b7-ac81-e87320b4b532, Nodes: 33731e97-16f6-45e4-8f2a-1dafddc3ee46{ip: 10.1.0.19, host: fv-az396-69.zsjpccerc4sulamragr3v05mvf.jx.internal.cloudapp.net, ports: [REPLICATION=43647, RATIS=43575, RATIS_ADMIN=43575, RATIS_SERVER=43575, STANDALONE=42867], networkLocation: /default-rack, certSerialId: null, persistedOpState: IN_SERVICE, persistedOpStateExpiryEpochSec: 0}, ReplicationConfig: RATIS/ONE, State:ALLOCATED, leaderId:33731e97-16f6-45e4-8f2a-1dafddc3ee46, CreationTimestamp2021-09-08T01:20:35.238Z[Etc/UTC]] moved to OPEN state
2021-09-08 01:20:38,248 [EventQueue-OpenPipelineForHealthyPipelineSafeModeRule] INFO  safemode.SCMSafeModeManager (HealthyPipelineSafeModeRule.java:process(124)) - SCM in safe mode. Healthy pipelines reported count is 0, required healthy pipeline reported count is 1
2021-09-08 01:20:38,249 [pool-93-thread-1] INFO  server.RaftServerConfigKeys (ConfUtils.java:logGet(44)) - raft.server.log.write.buffer.size = 1048576 (custom)
2021-09-08 01:20:38,250 [pool-93-thread-1] INFO  server.RaftServerConfigKeys (ConfUtils.java:logGet(44)) - raft.server.log.statemachine.data.caching.enabled = true (custom)
2021-09-08 01:20:38,250 [pool-93-thread-1] INFO  segmented.SegmentedRaftLogWorker (SegmentedRaftLogWorker.java:lambda$new$0(133)) - 33731e97-16f6-45e4-8f2a-1dafddc3ee46@group-E87320B4B532-SegmentedRaftLogWorker: flushIndex: setUnconditionally 0 -> -1
2021-09-08 01:20:38,250 [pool-93-thread-1] INFO  segmented.SegmentedRaftLogWorker (SegmentedRaftLogWorker.java:lambda$new$0(133)) - 33731e97-16f6-45e4-8f2a-1dafddc3ee46@group-E87320B4B532-SegmentedRaftLogWorker: safeCacheEvictIndex: setUnconditionally 0 -> -1
2021-09-08 01:20:38,250 [pool-93-thread-1] INFO  server.RaftServerConfigKeys (ConfUtils.java:logGet(44)) - raft.server.snapshot.auto.trigger.enabled = true (custom)
2021-09-08 01:20:38,250 [pool-93-thread-1] INFO  server.RaftServerConfigKeys (ConfUtils.java:logGet(44)) - raft.server.snapshot.auto.trigger.threshold = 10000 (custom)
2021-09-08 01:20:38,250 [pool-93-thread-1] INFO  server.RaftServerConfigKeys (ConfUtils.java:logGet(44)) - raft.server.snapshot.retention.file.num = 5 (custom)
2021-09-08 01:20:38,251 [pool-93-thread-1] INFO  server.RaftServerConfigKeys (ConfUtils.java:logGet(44)) - raft.server.log.purge.upto.snapshot.index = false (default)
2021-09-08 01:20:38,251 [pool-93-thread-1] INFO  server.RaftServerConfigKeys (ConfUtils.java:logGet(44)) - raft.server.retrycache.expirytime = 600000ms (custom)
2021-09-08 01:20:38,251 [pool-93-thread-1] INFO  server.RaftServerConfigKeys (ConfUtils.java:logGet(44)) - raft.server.retrycache.statistics.expirytime = 100μs (default)
2021-09-08 01:20:38,252 [pool-93-thread-1] INFO  server.RaftServer$Division (RaftServerImpl.java:start(296)) - 33731e97-16f6-45e4-8f2a-1dafddc3ee46@group-E87320B4B532: start as a follower, conf=-1: [33731e97-16f6-45e4-8f2a-1dafddc3ee46|rpc:10.1.0.19:43575|priority:1], old=null
2021-09-08 01:20:38,253 [pool-93-thread-1] INFO  server.RaftServer$Division (RaftServerImpl.java:setRole(285)) - 33731e97-16f6-45e4-8f2a-1dafddc3ee46@group-E87320B4B532: changes role from      null to FOLLOWER at term 0 for startAsFollower
2021-09-08 01:20:38,253 [pool-93-thread-1] INFO  impl.RoleInfo (RoleInfo.java:updateAndGet(130)) - 33731e97-16f6-45e4-8f2a-1dafddc3ee46: start 33731e97-16f6-45e4-8f2a-1dafddc3ee46@group-E87320B4B532-FollowerState
2021-09-08 01:20:38,253 [pool-93-thread-1] INFO  util.JmxRegister (JmxRegister.java:tryRegister(44)) - Successfully registered JMX Bean with object name Ratis:service=RaftServer,group=group-E87320B4B532,id=33731e97-16f6-45e4-8f2a-1dafddc3ee46
2021-09-08 01:20:38,254 [Command processor thread] INFO  ratis.XceiverServerRatis (XceiverServerRatis.java:addGroup(763)) - Created group PipelineID=eec28ec3-c5c6-45b7-ac81-e87320b4b532
2021-09-08 01:20:38,254 [Command processor thread] INFO  commandhandler.CreatePipelineCommandHandler (CreatePipelineCommandHandler.java:handle(106)) - Created Pipeline RATIS ONE PipelineID=eec28ec3-c5c6-45b7-ac81-e87320b4b532.
2021-09-08 01:20:38,392 [Listener at 127.0.0.1/40417] INFO  ozone.MiniOzoneClusterImpl (MiniOzoneClusterImpl.java:lambda$waitForClusterToBeReady$0(235)) - Nodes are ready. Got 9 of 9 DN Heartbeats.
2021-09-08 01:20:38,393 [Listener at 127.0.0.1/40417] INFO  ozone.MiniOzoneClusterImpl (MiniOzoneClusterImpl.java:lambda$waitForClusterToBeReady$0(238)) - Waiting for cluster to exit safe mode
2021-09-08 01:20:38,393 [Listener at 127.0.0.1/40417] INFO  ozone.MiniOzoneClusterImpl (MiniOzoneClusterImpl.java:lambda$waitForClusterToBeReady$0(240)) - SCM became leader
2021-09-08 01:20:38,447 [Command processor thread] INFO  server.RaftServer (RaftServerProxy.java:addNew(95)) - 06f45bb0-d367-47cf-8f0c-bcb418e113db: addNew group-4F4577DE100D:[06f45bb0-d367-47cf-8f0c-bcb418e113db|rpc:10.1.0.19:33913|priority:1] returns group-4F4577DE100D:java.util.concurrent.CompletableFuture@41914e6a[Not completed]
2021-09-08 01:20:38,448 [pool-112-thread-1] INFO  server.RaftServer$Division (RaftServerImpl.java:<init>(181)) - 06f45bb0-d367-47cf-8f0c-bcb418e113db: new RaftServerImpl for group-4F4577DE100D:[06f45bb0-d367-47cf-8f0c-bcb418e113db|rpc:10.1.0.19:33913|priority:1] with ContainerStateMachine:uninitialized
2021-09-08 01:20:38,448 [pool-112-thread-1] INFO  server.RaftServerConfigKeys (ConfUtils.java:logGet(44)) - raft.server.rpc.timeout.min = 5s (custom)
2021-09-08 01:20:38,448 [pool-112-thread-1] INFO  server.RaftServerConfigKeys (ConfUtils.java:logGet(44)) - raft.server.rpc.timeout.max = 5200ms (custom)
2021-09-08 01:20:38,448 [pool-112-thread-1] INFO  server.RaftServerConfigKeys (ConfUtils.java:logGet(44)) - raft.server.rpc.sleep.time = 25ms (default)
2021-09-08 01:20:38,448 [pool-112-thread-1] INFO  server.RaftServerConfigKeys (ConfUtils.java:logGet(44)) - raft.server.rpc.slowness.timeout = 300000ms (custom)
2021-09-08 01:20:38,448 [pool-112-thread-1] INFO  server.RaftServerConfigKeys (ConfUtils.java:logGet(44)) - raft.server.leaderelection.leader.step-down.wait-time = 10s (default)
2021-09-08 01:20:38,448 [pool-112-thread-1] INFO  server.RaftServerConfigKeys (ConfUtils.java:logGet(44)) - raft.server.sleep.deviation.threshold = 300ms (default)
2021-09-08 01:20:38,449 [pool-112-thread-1] INFO  server.RaftServerConfigKeys (ConfUtils.java:logGet(44)) - raft.server.log.appender.install.snapshot.enabled = false (custom)
2021-09-08 01:20:38,449 [pool-112-thread-1] INFO  server.RaftServer$Division (ServerState.java:<init>(105)) - 06f45bb0-d367-47cf-8f0c-bcb418e113db@group-4F4577DE100D: ConfigurationManager, init=-1: [06f45bb0-d367-47cf-8f0c-bcb418e113db|rpc:10.1.0.19:33913|priority:1], old=null, confs=<EMPTY_MAP>
2021-09-08 01:20:38,449 [pool-112-thread-1] INFO  server.RaftServerConfigKeys (ConfUtils.java:logGet(44)) - raft.server.storage.dir = [/home/runner/work/ozone/ozone/hadoop-ozone/integration-test/target/test-dir/MiniOzoneClusterImpl-0f12cb01-4002-4394-a01c-5903f1f0237a/datanode-3/data/ratis] (custom)
2021-09-08 01:20:38,449 [pool-112-thread-1] INFO  server.RaftServerConfigKeys (ConfUtils.java:logGet(44)) - raft.server.log.corruption.policy = EXCEPTION (default)
2021-09-08 01:20:38,450 [pool-112-thread-1] INFO  server.RaftServerConfigKeys (ConfUtils.java:logGet(44)) - raft.server.storage.free-space.min = 0MB (=0) (default)
2021-09-08 01:20:38,450 [pool-112-thread-1] INFO  storage.RaftStorageDirectory (RaftStorageDirectoryImpl.java:analyzeStorage(135)) - The storage directory /home/runner/work/ozone/ozone/hadoop-ozone/integration-test/target/test-dir/MiniOzoneClusterImpl-0f12cb01-4002-4394-a01c-5903f1f0237a/datanode-3/data/ratis/d099ff88-c4d8-4f88-9700-4f4577de100d does not exist. Creating ...
2021-09-08 01:20:38,452 [pool-112-thread-1] INFO  storage.RaftStorageDirectory (RaftStorageDirectoryImpl.java:tryLock(230)) - Lock on /home/runner/work/ozone/ozone/hadoop-ozone/integration-test/target/test-dir/MiniOzoneClusterImpl-0f12cb01-4002-4394-a01c-5903f1f0237a/datanode-3/data/ratis/d099ff88-c4d8-4f88-9700-4f4577de100d/in_use.lock acquired by nodename 2705@fv-az396-69
2021-09-08 01:20:38,453 [pool-112-thread-1] INFO  storage.RaftStorage (RaftStorageImpl.java:format(89)) - Storage directory /home/runner/work/ozone/ozone/hadoop-ozone/integration-test/target/test-dir/MiniOzoneClusterImpl-0f12cb01-4002-4394-a01c-5903f1f0237a/datanode-3/data/ratis/d099ff88-c4d8-4f88-9700-4f4577de100d has been successfully formatted.
2021-09-08 01:20:38,454 [pool-112-thread-1] INFO  ratis.ContainerStateMachine (ContainerStateMachine.java:loadSnapshot(224)) - group-4F4577DE100D: The snapshot info is null. Setting the last applied indexto:(t:0, i:~)
2021-09-08 01:20:38,454 [Datanode State Machine Thread - 0] WARN  statemachine.StateContext (StateContext.java:execute(621)) - No available thread in pool for past 1 seconds.
2021-09-08 01:20:38,454 [pool-112-thread-1] INFO  server.RaftServerConfigKeys (ConfUtils.java:logGet(44)) - raft.server.notification.no-leader.timeout = 300000ms (custom)
2021-09-08 01:20:38,454 [pool-112-thread-1] INFO  server.RaftServerConfigKeys (ConfUtils.java:logGet(44)) - raft.server.log.use.memory = false (default)
2021-09-08 01:20:38,454 [pool-112-thread-1] INFO  server.RaftServerConfigKeys (ConfUtils.java:logGet(44)) - raft.server.log.purge.gap = 1000000 (custom)
2021-09-08 01:20:38,454 [pool-112-thread-1] INFO  server.RaftServerConfigKeys (ConfUtils.java:logGet(44)) - raft.server.log.appender.buffer.byte-limit = 33554432 (custom)
2021-09-08 01:20:38,457 [EventQueue-PipelineReportForPipelineReportHandler] INFO  pipeline.PipelineManagerImpl (PipelineManagerImpl.java:openPipeline(282)) - Pipeline Pipeline[ Id: d099ff88-c4d8-4f88-9700-4f4577de100d, Nodes: 06f45bb0-d367-47cf-8f0c-bcb418e113db{ip: 10.1.0.19, host: fv-az396-69.zsjpccerc4sulamragr3v05mvf.jx.internal.cloudapp.net, ports: [REPLICATION=41631, RATIS=33913, RATIS_ADMIN=33913, RATIS_SERVER=33913, STANDALONE=36105], networkLocation: /default-rack, certSerialId: null, persistedOpState: IN_SERVICE, persistedOpStateExpiryEpochSec: 0}, ReplicationConfig: RATIS/ONE, State:ALLOCATED, leaderId:06f45bb0-d367-47cf-8f0c-bcb418e113db, CreationTimestamp2021-09-08T01:20:35.449Z[Etc/UTC]] moved to OPEN state
2021-09-08 01:20:38,458 [EventQueue-OpenPipelineForHealthyPipelineSafeModeRule] INFO  safemode.SCMSafeModeManager (HealthyPipelineSafeModeRule.java:process(124)) - SCM in safe mode. Healthy pipelines reported count is 0, required healthy pipeline reported count is 1
2021-09-08 01:20:38,461 [pool-112-thread-1] INFO  server.RaftServerConfigKeys (ConfUtils.java:logGet(44)) - raft.server.log.segment.size.max = 1048576 (custom)
2021-09-08 01:20:38,462 [pool-112-thread-1] INFO  server.RaftServerConfigKeys (ConfUtils.java:logGet(44)) - raft.server.log.segment.cache.num.max = 2 (custom)
2021-09-08 01:20:38,462 [pool-112-thread-1] INFO  server.RaftServerConfigKeys (ConfUtils.java:logGet(44)) - raft.server.log.segment.cache.size.max = 200MB (=209715200) (default)
2021-09-08 01:20:38,463 [pool-112-thread-1] INFO  segmented.SegmentedRaftLogWorker (SegmentedRaftLogWorker.java:<init>(182)) - new 06f45bb0-d367-47cf-8f0c-bcb418e113db@group-4F4577DE100D-SegmentedRaftLogWorker for RaftStorageImpl:Storage Directory /home/runner/work/ozone/ozone/hadoop-ozone/integration-test/target/test-dir/MiniOzoneClusterImpl-0f12cb01-4002-4394-a01c-5903f1f0237a/datanode-3/data/ratis/d099ff88-c4d8-4f88-9700-4f4577de100d
2021-09-08 01:20:38,463 [pool-112-thread-1] INFO  server.RaftServerConfigKeys (ConfUtils.java:logGet(44)) - raft.server.log.queue.byte-limit = 2147483647 (custom)
2021-09-08 01:20:38,463 [pool-112-thread-1] INFO  server.RaftServerConfigKeys (ConfUtils.java:logGet(44)) - raft.server.log.queue.element-limit = 1024 (custom)
2021-09-08 01:20:38,463 [pool-112-thread-1] INFO  server.RaftServerConfigKeys (ConfUtils.java:logGet(44)) - raft.server.log.segment.size.max = 1048576 (custom)
2021-09-08 01:20:38,463 [pool-112-thread-1] INFO  server.RaftServerConfigKeys (ConfUtils.java:logGet(44)) - raft.server.log.preallocated.size = 16384 (custom)
2021-09-08 01:20:38,463 [pool-112-thread-1] INFO  server.RaftServerConfigKeys (ConfUtils.java:logGet(44)) - raft.server.log.force.sync.num = 128 (default)
2021-09-08 01:20:38,464 [pool-112-thread-1] INFO  server.RaftServerConfigKeys (ConfUtils.java:logGet(44)) - raft.server.log.statemachine.data.sync = true (default)
2021-09-08 01:20:38,464 [pool-112-thread-1] INFO  server.RaftServerConfigKeys (ConfUtils.java:logGet(44)) - raft.server.log.statemachine.data.sync.timeout = 10s (default)
2021-09-08 01:20:38,466 [pool-112-thread-1] INFO  server.RaftServerConfigKeys (ConfUtils.java:logGet(44)) - raft.server.log.statemachine.data.sync.timeout.retry = -1 (default)
2021-09-08 01:20:38,468 [pool-112-thread-1] INFO  server.RaftServerConfigKeys (ConfUtils.java:logGet(44)) - raft.server.log.write.buffer.size = 1048576 (custom)
2021-09-08 01:20:38,469 [pool-112-thread-1] INFO  server.RaftServerConfigKeys (ConfUtils.java:logGet(44)) - raft.server.log.statemachine.data.caching.enabled = true (custom)
2021-09-08 01:20:38,469 [pool-112-thread-1] INFO  segmented.SegmentedRaftLogWorker (SegmentedRaftLogWorker.java:lambda$new$0(133)) - 06f45bb0-d367-47cf-8f0c-bcb418e113db@group-4F4577DE100D-SegmentedRaftLogWorker: flushIndex: setUnconditionally 0 -> -1
2021-09-08 01:20:38,469 [pool-112-thread-1] INFO  segmented.SegmentedRaftLogWorker (SegmentedRaftLogWorker.java:lambda$new$0(133)) - 06f45bb0-d367-47cf-8f0c-bcb418e113db@group-4F4577DE100D-SegmentedRaftLogWorker: safeCacheEvictIndex: setUnconditionally 0 -> -1
2021-09-08 01:20:38,470 [pool-112-thread-1] INFO  server.RaftServerConfigKeys (ConfUtils.java:logGet(44)) - raft.server.snapshot.auto.trigger.enabled = true (custom)
2021-09-08 01:20:38,470 [pool-112-thread-1] INFO  server.RaftServerConfigKeys (ConfUtils.java:logGet(44)) - raft.server.snapshot.auto.trigger.threshold = 10000 (custom)
2021-09-08 01:20:38,470 [pool-112-thread-1] INFO  server.RaftServerConfigKeys (ConfUtils.java:logGet(44)) - raft.server.snapshot.retention.file.num = 5 (custom)
2021-09-08 01:20:38,470 [pool-112-thread-1] INFO  server.RaftServerConfigKeys (ConfUtils.java:logGet(44)) - raft.server.log.purge.upto.snapshot.index = false (default)
2021-09-08 01:20:38,470 [pool-112-thread-1] INFO  server.RaftServerConfigKeys (ConfUtils.java:logGet(44)) - raft.server.retrycache.expirytime = 600000ms (custom)
2021-09-08 01:20:38,470 [pool-112-thread-1] INFO  server.RaftServerConfigKeys (ConfUtils.java:logGet(44)) - raft.server.retrycache.statistics.expirytime = 100μs (default)
2021-09-08 01:20:38,472 [pool-112-thread-1] INFO  server.RaftServer$Division (RaftServerImpl.java:start(296)) - 06f45bb0-d367-47cf-8f0c-bcb418e113db@group-4F4577DE100D: start as a follower, conf=-1: [06f45bb0-d367-47cf-8f0c-bcb418e113db|rpc:10.1.0.19:33913|priority:1], old=null
2021-09-08 01:20:38,472 [pool-112-thread-1] INFO  server.RaftServer$Division (RaftServerImpl.java:setRole(285)) - 06f45bb0-d367-47cf-8f0c-bcb418e113db@group-4F4577DE100D: changes role from      null to FOLLOWER at term 0 for startAsFollower
2021-09-08 01:20:38,472 [pool-112-thread-1] INFO  impl.RoleInfo (RoleInfo.java:updateAndGet(130)) - 06f45bb0-d367-47cf-8f0c-bcb418e113db: start 06f45bb0-d367-47cf-8f0c-bcb418e113db@group-4F4577DE100D-FollowerState
2021-09-08 01:20:38,472 [pool-112-thread-1] INFO  util.JmxRegister (JmxRegister.java:tryRegister(44)) - Successfully registered JMX Bean with object name Ratis:service=RaftServer,group=group-4F4577DE100D,id=06f45bb0-d367-47cf-8f0c-bcb418e113db
2021-09-08 01:20:38,473 [Command processor thread] INFO  ratis.XceiverServerRatis (XceiverServerRatis.java:addGroup(763)) - Created group PipelineID=d099ff88-c4d8-4f88-9700-4f4577de100d
2021-09-08 01:20:38,473 [Command processor thread] INFO  commandhandler.CreatePipelineCommandHandler (CreatePipelineCommandHandler.java:handle(106)) - Created Pipeline RATIS ONE PipelineID=d099ff88-c4d8-4f88-9700-4f4577de100d.
2021-09-08 01:20:38,473 [Command processor thread] INFO  server.RaftServer (RaftServerProxy.java:addNew(95)) - 06f45bb0-d367-47cf-8f0c-bcb418e113db: addNew group-03C340C5BF62:[06f45bb0-d367-47cf-8f0c-bcb418e113db|rpc:10.1.0.19:33913|priority:0, 0845838b-9535-4874-adc8-850f7ac3d0e5|rpc:10.1.0.19:37265|priority:0, df659118-86d4-47ae-9076-ad4ead1182cd|rpc:10.1.0.19:41085|priority:1] returns group-03C340C5BF62:java.util.concurrent.CompletableFuture@45aed280[Not completed]
2021-09-08 01:20:38,474 [pool-112-thread-1] INFO  server.RaftServer$Division (RaftServerImpl.java:<init>(181)) - 06f45bb0-d367-47cf-8f0c-bcb418e113db: new RaftServerImpl for group-03C340C5BF62:[06f45bb0-d367-47cf-8f0c-bcb418e113db|rpc:10.1.0.19:33913|priority:0, 0845838b-9535-4874-adc8-850f7ac3d0e5|rpc:10.1.0.19:37265|priority:0, df659118-86d4-47ae-9076-ad4ead1182cd|rpc:10.1.0.19:41085|priority:1] with ContainerStateMachine:uninitialized
2021-09-08 01:20:38,475 [pool-112-thread-1] INFO  server.RaftServerConfigKeys (ConfUtils.java:logGet(44)) - raft.server.rpc.timeout.min = 5s (custom)
2021-09-08 01:20:38,475 [pool-112-thread-1] INFO  server.RaftServerConfigKeys (ConfUtils.java:logGet(44)) - raft.server.rpc.timeout.max = 5200ms (custom)
2021-09-08 01:20:38,475 [pool-112-thread-1] INFO  server.RaftServerConfigKeys (ConfUtils.java:logGet(44)) - raft.server.rpc.sleep.time = 25ms (default)
2021-09-08 01:20:38,475 [pool-112-thread-1] INFO  server.RaftServerConfigKeys (ConfUtils.java:logGet(44)) - raft.server.rpc.slowness.timeout = 300000ms (custom)
2021-09-08 01:20:38,475 [pool-112-thread-1] INFO  server.RaftServerConfigKeys (ConfUtils.java:logGet(44)) - raft.server.leaderelection.leader.step-down.wait-time = 10s (default)
2021-09-08 01:20:38,475 [pool-112-thread-1] INFO  server.RaftServerConfigKeys (ConfUtils.java:logGet(44)) - raft.server.sleep.deviation.threshold = 300ms (default)
2021-09-08 01:20:38,475 [pool-112-thread-1] INFO  server.RaftServerConfigKeys (ConfUtils.java:logGet(44)) - raft.server.log.appender.install.snapshot.enabled = false (custom)
2021-09-08 01:20:38,475 [pool-112-thread-1] INFO  server.RaftServer$Division (ServerState.java:<init>(105)) - 06f45bb0-d367-47cf-8f0c-bcb418e113db@group-03C340C5BF62: ConfigurationManager, init=-1: [06f45bb0-d367-47cf-8f0c-bcb418e113db|rpc:10.1.0.19:33913|priority:0, 0845838b-9535-4874-adc8-850f7ac3d0e5|rpc:10.1.0.19:37265|priority:0, df659118-86d4-47ae-9076-ad4ead1182cd|rpc:10.1.0.19:41085|priority:1], old=null, confs=<EMPTY_MAP>
2021-09-08 01:20:38,475 [pool-112-thread-1] INFO  server.RaftServerConfigKeys (ConfUtils.java:logGet(44)) - raft.server.storage.dir = [/home/runner/work/ozone/ozone/hadoop-ozone/integration-test/target/test-dir/MiniOzoneClusterImpl-0f12cb01-4002-4394-a01c-5903f1f0237a/datanode-3/data/ratis] (custom)
2021-09-08 01:20:38,475 [pool-112-thread-1] INFO  server.RaftServerConfigKeys (ConfUtils.java:logGet(44)) - raft.server.log.corruption.policy = EXCEPTION (default)
2021-09-08 01:20:38,475 [pool-112-thread-1] INFO  server.RaftServerConfigKeys (ConfUtils.java:logGet(44)) - raft.server.storage.free-space.min = 0MB (=0) (default)
2021-09-08 01:20:38,475 [pool-112-thread-1] INFO  storage.RaftStorageDirectory (RaftStorageDirectoryImpl.java:analyzeStorage(135)) - The storage directory /home/runner/work/ozone/ozone/hadoop-ozone/integration-test/target/test-dir/MiniOzoneClusterImpl-0f12cb01-4002-4394-a01c-5903f1f0237a/datanode-3/data/ratis/b549a200-60df-4568-98a3-03c340c5bf62 does not exist. Creating ...
2021-09-08 01:20:38,476 [pool-112-thread-1] INFO  storage.RaftStorageDirectory (RaftStorageDirectoryImpl.java:tryLock(230)) - Lock on /home/runner/work/ozone/ozone/hadoop-ozone/integration-test/target/test-dir/MiniOzoneClusterImpl-0f12cb01-4002-4394-a01c-5903f1f0237a/datanode-3/data/ratis/b549a200-60df-4568-98a3-03c340c5bf62/in_use.lock acquired by nodename 2705@fv-az396-69
2021-09-08 01:20:38,477 [pool-112-thread-1] INFO  storage.RaftStorage (RaftStorageImpl.java:format(89)) - Storage directory /home/runner/work/ozone/ozone/hadoop-ozone/integration-test/target/test-dir/MiniOzoneClusterImpl-0f12cb01-4002-4394-a01c-5903f1f0237a/datanode-3/data/ratis/b549a200-60df-4568-98a3-03c340c5bf62 has been successfully formatted.
2021-09-08 01:20:38,478 [pool-112-thread-1] INFO  ratis.ContainerStateMachine (ContainerStateMachine.java:loadSnapshot(224)) - group-03C340C5BF62: The snapshot info is null. Setting the last applied indexto:(t:0, i:~)
2021-09-08 01:20:38,478 [pool-112-thread-1] INFO  server.RaftServerConfigKeys (ConfUtils.java:logGet(44)) - raft.server.notification.no-leader.timeout = 300000ms (custom)
2021-09-08 01:20:38,478 [pool-112-thread-1] INFO  server.RaftServerConfigKeys (ConfUtils.java:logGet(44)) - raft.server.log.use.memory = false (default)
2021-09-08 01:20:38,478 [pool-112-thread-1] INFO  server.RaftServerConfigKeys (ConfUtils.java:logGet(44)) - raft.server.log.purge.gap = 1000000 (custom)
2021-09-08 01:20:38,478 [pool-112-thread-1] INFO  server.RaftServerConfigKeys (ConfUtils.java:logGet(44)) - raft.server.log.appender.buffer.byte-limit = 33554432 (custom)
2021-09-08 01:20:38,479 [pool-112-thread-1] INFO  server.RaftServerConfigKeys (ConfUtils.java:logGet(44)) - raft.server.log.segment.size.max = 1048576 (custom)
2021-09-08 01:20:38,479 [pool-112-thread-1] INFO  server.RaftServerConfigKeys (ConfUtils.java:logGet(44)) - raft.server.log.segment.cache.num.max = 2 (custom)
2021-09-08 01:20:38,479 [pool-112-thread-1] INFO  server.RaftServerConfigKeys (ConfUtils.java:logGet(44)) - raft.server.log.segment.cache.size.max = 200MB (=209715200) (default)
2021-09-08 01:20:38,479 [pool-112-thread-1] INFO  segmented.SegmentedRaftLogWorker (SegmentedRaftLogWorker.java:<init>(182)) - new 06f45bb0-d367-47cf-8f0c-bcb418e113db@group-03C340C5BF62-SegmentedRaftLogWorker for RaftStorageImpl:Storage Directory /home/runner/work/ozone/ozone/hadoop-ozone/integration-test/target/test-dir/MiniOzoneClusterImpl-0f12cb01-4002-4394-a01c-5903f1f0237a/datanode-3/data/ratis/b549a200-60df-4568-98a3-03c340c5bf62
2021-09-08 01:20:38,479 [pool-112-thread-1] INFO  server.RaftServerConfigKeys (ConfUtils.java:logGet(44)) - raft.server.log.queue.byte-limit = 2147483647 (custom)
2021-09-08 01:20:38,478 [Datanode State Machine Thread - 0] WARN  statemachine.StateContext (StateContext.java:execute(621)) - No available thread in pool for past 1 seconds.
2021-09-08 01:20:38,479 [pool-112-thread-1] INFO  server.RaftServerConfigKeys (ConfUtils.java:logGet(44)) - raft.server.log.queue.element-limit = 1024 (custom)
2021-09-08 01:20:38,479 [EventQueue-OpenPipelineForHealthyPipelineSafeModeRule] INFO  safemode.SCMSafeModeManager (HealthyPipelineSafeModeRule.java:process(124)) - SCM in safe mode. Healthy pipelines reported count is 0, required healthy pipeline reported count is 1
2021-09-08 01:20:38,480 [pool-112-thread-1] INFO  server.RaftServerConfigKeys (ConfUtils.java:logGet(44)) - raft.server.log.segment.size.max = 1048576 (custom)
2021-09-08 01:20:38,480 [pool-112-thread-1] INFO  server.RaftServerConfigKeys (ConfUtils.java:logGet(44)) - raft.server.log.preallocated.size = 16384 (custom)
2021-09-08 01:20:38,480 [pool-112-thread-1] INFO  server.RaftServerConfigKeys (ConfUtils.java:logGet(44)) - raft.server.log.force.sync.num = 128 (default)
2021-09-08 01:20:38,480 [pool-112-thread-1] INFO  server.RaftServerConfigKeys (ConfUtils.java:logGet(44)) - raft.server.log.statemachine.data.sync = true (default)
2021-09-08 01:20:38,480 [pool-112-thread-1] INFO  server.RaftServerConfigKeys (ConfUtils.java:logGet(44)) - raft.server.log.statemachine.data.sync.timeout = 10s (default)
2021-09-08 01:20:38,480 [pool-112-thread-1] INFO  server.RaftServerConfigKeys (ConfUtils.java:logGet(44)) - raft.server.log.statemachine.data.sync.timeout.retry = -1 (default)
2021-09-08 01:20:38,482 [pool-112-thread-1] INFO  server.RaftServerConfigKeys (ConfUtils.java:logGet(44)) - raft.server.log.write.buffer.size = 1048576 (custom)
2021-09-08 01:20:38,482 [pool-112-thread-1] INFO  server.RaftServerConfigKeys (ConfUtils.java:logGet(44)) - raft.server.log.statemachine.data.caching.enabled = true (custom)
2021-09-08 01:20:38,483 [pool-112-thread-1] INFO  segmented.SegmentedRaftLogWorker (SegmentedRaftLogWorker.java:lambda$new$0(133)) - 06f45bb0-d367-47cf-8f0c-bcb418e113db@group-03C340C5BF62-SegmentedRaftLogWorker: flushIndex: setUnconditionally 0 -> -1
2021-09-08 01:20:38,483 [pool-112-thread-1] INFO  segmented.SegmentedRaftLogWorker (SegmentedRaftLogWorker.java:lambda$new$0(133)) - 06f45bb0-d367-47cf-8f0c-bcb418e113db@group-03C340C5BF62-SegmentedRaftLogWorker: safeCacheEvictIndex: setUnconditionally 0 -> -1
2021-09-08 01:20:38,483 [pool-112-thread-1] INFO  server.RaftServerConfigKeys (ConfUtils.java:logGet(44)) - raft.server.snapshot.auto.trigger.enabled = true (custom)
2021-09-08 01:20:38,483 [pool-112-thread-1] INFO  server.RaftServerConfigKeys (ConfUtils.java:logGet(44)) - raft.server.snapshot.auto.trigger.threshold = 10000 (custom)
2021-09-08 01:20:38,483 [pool-112-thread-1] INFO  server.RaftServerConfigKeys (ConfUtils.java:logGet(44)) - raft.server.snapshot.retention.file.num = 5 (custom)
2021-09-08 01:20:38,483 [pool-112-thread-1] INFO  server.RaftServerConfigKeys (ConfUtils.java:logGet(44)) - raft.server.log.purge.upto.snapshot.index = false (default)
2021-09-08 01:20:38,483 [pool-112-thread-1] INFO  server.RaftServerConfigKeys (ConfUtils.java:logGet(44)) - raft.server.retrycache.expirytime = 600000ms (custom)
2021-09-08 01:20:38,483 [pool-112-thread-1] INFO  server.RaftServerConfigKeys (ConfUtils.java:logGet(44)) - raft.server.retrycache.statistics.expirytime = 100μs (default)
2021-09-08 01:20:38,485 [pool-112-thread-1] INFO  server.RaftServer$Division (RaftServerImpl.java:start(296)) - 06f45bb0-d367-47cf-8f0c-bcb418e113db@group-03C340C5BF62: start as a follower, conf=-1: [06f45bb0-d367-47cf-8f0c-bcb418e113db|rpc:10.1.0.19:33913|priority:0, 0845838b-9535-4874-adc8-850f7ac3d0e5|rpc:10.1.0.19:37265|priority:0, df659118-86d4-47ae-9076-ad4ead1182cd|rpc:10.1.0.19:41085|priority:1], old=null
2021-09-08 01:20:38,485 [pool-112-thread-1] INFO  server.RaftServer$Division (RaftServerImpl.java:setRole(285)) - 06f45bb0-d367-47cf-8f0c-bcb418e113db@group-03C340C5BF62: changes role from      null to FOLLOWER at term 0 for startAsFollower
2021-09-08 01:20:38,485 [pool-112-thread-1] INFO  impl.RoleInfo (RoleInfo.java:updateAndGet(130)) - 06f45bb0-d367-47cf-8f0c-bcb418e113db: start 06f45bb0-d367-47cf-8f0c-bcb418e113db@group-03C340C5BF62-FollowerState
2021-09-08 01:20:38,485 [pool-112-thread-1] INFO  util.JmxRegister (JmxRegister.java:tryRegister(44)) - Successfully registered JMX Bean with object name Ratis:service=RaftServer,group=group-03C340C5BF62,id=06f45bb0-d367-47cf-8f0c-bcb418e113db
2021-09-08 01:20:38,488 [Command processor thread] INFO  ratis.XceiverServerRatis (XceiverServerRatis.java:addGroup(763)) - Created group PipelineID=b549a200-60df-4568-98a3-03c340c5bf62
2021-09-08 01:20:38,504 [grpc-default-executor-0] INFO  server.RaftServer (RaftServerProxy.java:addNew(95)) - 0845838b-9535-4874-adc8-850f7ac3d0e5: addNew group-03C340C5BF62:[06f45bb0-d367-47cf-8f0c-bcb418e113db|rpc:10.1.0.19:33913|dataStream:|priority:0, 0845838b-9535-4874-adc8-850f7ac3d0e5|rpc:10.1.0.19:37265|dataStream:|priority:0, df659118-86d4-47ae-9076-ad4ead1182cd|rpc:10.1.0.19:41085|dataStream:|priority:1] returns group-03C340C5BF62:java.util.concurrent.CompletableFuture@7bd533d0[Not completed]
2021-09-08 01:20:38,505 [pool-150-thread-1] INFO  server.RaftServer$Division (RaftServerImpl.java:<init>(181)) - 0845838b-9535-4874-adc8-850f7ac3d0e5: new RaftServerImpl for group-03C340C5BF62:[06f45bb0-d367-47cf-8f0c-bcb418e113db|rpc:10.1.0.19:33913|dataStream:|priority:0, 0845838b-9535-4874-adc8-850f7ac3d0e5|rpc:10.1.0.19:37265|dataStream:|priority:0, df659118-86d4-47ae-9076-ad4ead1182cd|rpc:10.1.0.19:41085|dataStream:|priority:1] with ContainerStateMachine:uninitialized
2021-09-08 01:20:38,505 [pool-150-thread-1] INFO  server.RaftServerConfigKeys (ConfUtils.java:logGet(44)) - raft.server.rpc.timeout.min = 5s (custom)
2021-09-08 01:20:38,505 [pool-150-thread-1] INFO  server.RaftServerConfigKeys (ConfUtils.java:logGet(44)) - raft.server.rpc.timeout.max = 5200ms (custom)
2021-09-08 01:20:38,505 [pool-150-thread-1] INFO  server.RaftServerConfigKeys (ConfUtils.java:logGet(44)) - raft.server.rpc.sleep.time = 25ms (default)
2021-09-08 01:20:38,505 [pool-150-thread-1] INFO  server.RaftServerConfigKeys (ConfUtils.java:logGet(44)) - raft.server.rpc.slowness.timeout = 300000ms (custom)
2021-09-08 01:20:38,505 [pool-150-thread-1] INFO  server.RaftServerConfigKeys (ConfUtils.java:logGet(44)) - raft.server.leaderelection.leader.step-down.wait-time = 10s (default)
2021-09-08 01:20:38,505 [pool-150-thread-1] INFO  server.RaftServerConfigKeys (ConfUtils.java:logGet(44)) - raft.server.sleep.deviation.threshold = 300ms (default)
2021-09-08 01:20:38,506 [pool-150-thread-1] INFO  server.RaftServerConfigKeys (ConfUtils.java:logGet(44)) - raft.server.log.appender.install.snapshot.enabled = false (custom)
2021-09-08 01:20:38,506 [pool-150-thread-1] INFO  server.RaftServer$Division (ServerState.java:<init>(105)) - 0845838b-9535-4874-adc8-850f7ac3d0e5@group-03C340C5BF62: ConfigurationManager, init=-1: [06f45bb0-d367-47cf-8f0c-bcb418e113db|rpc:10.1.0.19:33913|dataStream:|priority:0, 0845838b-9535-4874-adc8-850f7ac3d0e5|rpc:10.1.0.19:37265|dataStream:|priority:0, df659118-86d4-47ae-9076-ad4ead1182cd|rpc:10.1.0.19:41085|dataStream:|priority:1], old=null, confs=<EMPTY_MAP>
2021-09-08 01:20:38,506 [pool-150-thread-1] INFO  server.RaftServerConfigKeys (ConfUtils.java:logGet(44)) - raft.server.storage.dir = [/home/runner/work/ozone/ozone/hadoop-ozone/integration-test/target/test-dir/MiniOzoneClusterImpl-0f12cb01-4002-4394-a01c-5903f1f0237a/datanode-5/data/ratis] (custom)
2021-09-08 01:20:38,506 [pool-150-thread-1] INFO  server.RaftServerConfigKeys (ConfUtils.java:logGet(44)) - raft.server.log.corruption.policy = EXCEPTION (default)
2021-09-08 01:20:38,506 [pool-150-thread-1] INFO  server.RaftServerConfigKeys (ConfUtils.java:logGet(44)) - raft.server.storage.free-space.min = 0MB (=0) (default)
2021-09-08 01:20:38,506 [pool-150-thread-1] INFO  storage.RaftStorageDirectory (RaftStorageDirectoryImpl.java:analyzeStorage(135)) - The storage directory /home/runner/work/ozone/ozone/hadoop-ozone/integration-test/target/test-dir/MiniOzoneClusterImpl-0f12cb01-4002-4394-a01c-5903f1f0237a/datanode-5/data/ratis/b549a200-60df-4568-98a3-03c340c5bf62 does not exist. Creating ...
2021-09-08 01:20:38,507 [pool-150-thread-1] INFO  storage.RaftStorageDirectory (RaftStorageDirectoryImpl.java:tryLock(230)) - Lock on /home/runner/work/ozone/ozone/hadoop-ozone/integration-test/target/test-dir/MiniOzoneClusterImpl-0f12cb01-4002-4394-a01c-5903f1f0237a/datanode-5/data/ratis/b549a200-60df-4568-98a3-03c340c5bf62/in_use.lock acquired by nodename 2705@fv-az396-69
2021-09-08 01:20:38,509 [pool-150-thread-1] INFO  storage.RaftStorage (RaftStorageImpl.java:format(89)) - Storage directory /home/runner/work/ozone/ozone/hadoop-ozone/integration-test/target/test-dir/MiniOzoneClusterImpl-0f12cb01-4002-4394-a01c-5903f1f0237a/datanode-5/data/ratis/b549a200-60df-4568-98a3-03c340c5bf62 has been successfully formatted.
2021-09-08 01:20:38,510 [pool-150-thread-1] INFO  ratis.ContainerStateMachine (ContainerStateMachine.java:loadSnapshot(224)) - group-03C340C5BF62: The snapshot info is null. Setting the last applied indexto:(t:0, i:~)
2021-09-08 01:20:38,510 [Datanode State Machine Thread - 0] WARN  statemachine.StateContext (StateContext.java:execute(621)) - No available thread in pool for past 1 seconds.
2021-09-08 01:20:38,510 [pool-150-thread-1] INFO  server.RaftServerConfigKeys (ConfUtils.java:logGet(44)) - raft.server.notification.no-leader.timeout = 300000ms (custom)
2021-09-08 01:20:38,511 [pool-150-thread-1] INFO  server.RaftServerConfigKeys (ConfUtils.java:logGet(44)) - raft.server.log.use.memory = false (default)
2021-09-08 01:20:38,511 [pool-150-thread-1] INFO  server.RaftServerConfigKeys (ConfUtils.java:logGet(44)) - raft.server.log.purge.gap = 1000000 (custom)
2021-09-08 01:20:38,511 [pool-150-thread-1] INFO  server.RaftServerConfigKeys (ConfUtils.java:logGet(44)) - raft.server.log.appender.buffer.byte-limit = 33554432 (custom)
2021-09-08 01:20:38,511 [pool-150-thread-1] INFO  server.RaftServerConfigKeys (ConfUtils.java:logGet(44)) - raft.server.log.segment.size.max = 1048576 (custom)
2021-09-08 01:20:38,512 [pool-150-thread-1] INFO  server.RaftServerConfigKeys (ConfUtils.java:logGet(44)) - raft.server.log.segment.cache.num.max = 2 (custom)
2021-09-08 01:20:38,512 [pool-150-thread-1] INFO  server.RaftServerConfigKeys (ConfUtils.java:logGet(44)) - raft.server.log.segment.cache.size.max = 200MB (=209715200) (default)
2021-09-08 01:20:38,512 [pool-150-thread-1] INFO  segmented.SegmentedRaftLogWorker (SegmentedRaftLogWorker.java:<init>(182)) - new 0845838b-9535-4874-adc8-850f7ac3d0e5@group-03C340C5BF62-SegmentedRaftLogWorker for RaftStorageImpl:Storage Directory /home/runner/work/ozone/ozone/hadoop-ozone/integration-test/target/test-dir/MiniOzoneClusterImpl-0f12cb01-4002-4394-a01c-5903f1f0237a/datanode-5/data/ratis/b549a200-60df-4568-98a3-03c340c5bf62
2021-09-08 01:20:38,512 [pool-150-thread-1] INFO  server.RaftServerConfigKeys (ConfUtils.java:logGet(44)) - raft.server.log.queue.byte-limit = 2147483647 (custom)
2021-09-08 01:20:38,512 [pool-150-thread-1] INFO  server.RaftServerConfigKeys (ConfUtils.java:logGet(44)) - raft.server.log.queue.element-limit = 1024 (custom)
2021-09-08 01:20:38,512 [pool-150-thread-1] INFO  server.RaftServerConfigKeys (ConfUtils.java:logGet(44)) - raft.server.log.segment.size.max = 1048576 (custom)
2021-09-08 01:20:38,512 [pool-150-thread-1] INFO  server.RaftServerConfigKeys (ConfUtils.java:logGet(44)) - raft.server.log.preallocated.size = 16384 (custom)
2021-09-08 01:20:38,513 [pool-150-thread-1] INFO  server.RaftServerConfigKeys (ConfUtils.java:logGet(44)) - raft.server.log.force.sync.num = 128 (default)
2021-09-08 01:20:38,513 [pool-150-thread-1] INFO  server.RaftServerConfigKeys (ConfUtils.java:logGet(44)) - raft.server.log.statemachine.data.sync = true (default)
2021-09-08 01:20:38,513 [pool-150-thread-1] INFO  server.RaftServerConfigKeys (ConfUtils.java:logGet(44)) - raft.server.log.statemachine.data.sync.timeout = 10s (default)
2021-09-08 01:20:38,513 [pool-150-thread-1] INFO  server.RaftServerConfigKeys (ConfUtils.java:logGet(44)) - raft.server.log.statemachine.data.sync.timeout.retry = -1 (default)
2021-09-08 01:20:38,514 [pool-150-thread-1] INFO  server.RaftServerConfigKeys (ConfUtils.java:logGet(44)) - raft.server.log.write.buffer.size = 1048576 (custom)
2021-09-08 01:20:38,515 [pool-150-thread-1] INFO  server.RaftServerConfigKeys (ConfUtils.java:logGet(44)) - raft.server.log.statemachine.data.caching.enabled = true (custom)
2021-09-08 01:20:38,515 [pool-150-thread-1] INFO  segmented.SegmentedRaftLogWorker (SegmentedRaftLogWorker.java:lambda$new$0(133)) - 0845838b-9535-4874-adc8-850f7ac3d0e5@group-03C340C5BF62-SegmentedRaftLogWorker: flushIndex: setUnconditionally 0 -> -1
2021-09-08 01:20:38,515 [pool-150-thread-1] INFO  segmented.SegmentedRaftLogWorker (SegmentedRaftLogWorker.java:lambda$new$0(133)) - 0845838b-9535-4874-adc8-850f7ac3d0e5@group-03C340C5BF62-SegmentedRaftLogWorker: safeCacheEvictIndex: setUnconditionally 0 -> -1
2021-09-08 01:20:38,515 [pool-150-thread-1] INFO  server.RaftServerConfigKeys (ConfUtils.java:logGet(44)) - raft.server.snapshot.auto.trigger.enabled = true (custom)
2021-09-08 01:20:38,515 [pool-150-thread-1] INFO  server.RaftServerConfigKeys (ConfUtils.java:logGet(44)) - raft.server.snapshot.auto.trigger.threshold = 10000 (custom)
2021-09-08 01:20:38,515 [pool-150-thread-1] INFO  server.RaftServerConfigKeys (ConfUtils.java:logGet(44)) - raft.server.snapshot.retention.file.num = 5 (custom)
2021-09-08 01:20:38,515 [pool-150-thread-1] INFO  server.RaftServerConfigKeys (ConfUtils.java:logGet(44)) - raft.server.log.purge.upto.snapshot.index = false (default)
2021-09-08 01:20:38,516 [pool-150-thread-1] INFO  server.RaftServerConfigKeys (ConfUtils.java:logGet(44)) - raft.server.retrycache.expirytime = 600000ms (custom)
2021-09-08 01:20:38,516 [pool-150-thread-1] INFO  server.RaftServerConfigKeys (ConfUtils.java:logGet(44)) - raft.server.retrycache.statistics.expirytime = 100μs (default)
2021-09-08 01:20:38,517 [pool-150-thread-1] INFO  server.RaftServer$Division (RaftServerImpl.java:start(296)) - 0845838b-9535-4874-adc8-850f7ac3d0e5@group-03C340C5BF62: start as a follower, conf=-1: [06f45bb0-d367-47cf-8f0c-bcb418e113db|rpc:10.1.0.19:33913|dataStream:|priority:0, 0845838b-9535-4874-adc8-850f7ac3d0e5|rpc:10.1.0.19:37265|dataStream:|priority:0, df659118-86d4-47ae-9076-ad4ead1182cd|rpc:10.1.0.19:41085|dataStream:|priority:1], old=null
2021-09-08 01:20:38,517 [pool-150-thread-1] INFO  server.RaftServer$Division (RaftServerImpl.java:setRole(285)) - 0845838b-9535-4874-adc8-850f7ac3d0e5@group-03C340C5BF62: changes role from      null to FOLLOWER at term 0 for startAsFollower
2021-09-08 01:20:38,517 [pool-150-thread-1] INFO  impl.RoleInfo (RoleInfo.java:updateAndGet(130)) - 0845838b-9535-4874-adc8-850f7ac3d0e5: start 0845838b-9535-4874-adc8-850f7ac3d0e5@group-03C340C5BF62-FollowerState
2021-09-08 01:20:38,518 [pool-150-thread-1] INFO  util.JmxRegister (JmxRegister.java:tryRegister(44)) - Successfully registered JMX Bean with object name Ratis:service=RaftServer,group=group-03C340C5BF62,id=0845838b-9535-4874-adc8-850f7ac3d0e5
2021-09-08 01:20:38,544 [grpc-default-executor-0] INFO  server.RaftServer (RaftServerProxy.java:addNew(95)) - df659118-86d4-47ae-9076-ad4ead1182cd: addNew group-03C340C5BF62:[06f45bb0-d367-47cf-8f0c-bcb418e113db|rpc:10.1.0.19:33913|dataStream:|priority:0, 0845838b-9535-4874-adc8-850f7ac3d0e5|rpc:10.1.0.19:37265|dataStream:|priority:0, df659118-86d4-47ae-9076-ad4ead1182cd|rpc:10.1.0.19:41085|dataStream:|priority:1] returns group-03C340C5BF62:java.util.concurrent.CompletableFuture@441d0cdd[Not completed]
2021-09-08 01:20:38,547 [pool-131-thread-1] INFO  server.RaftServer$Division (RaftServerImpl.java:<init>(181)) - df659118-86d4-47ae-9076-ad4ead1182cd: new RaftServerImpl for group-03C340C5BF62:[06f45bb0-d367-47cf-8f0c-bcb418e113db|rpc:10.1.0.19:33913|dataStream:|priority:0, 0845838b-9535-4874-adc8-850f7ac3d0e5|rpc:10.1.0.19:37265|dataStream:|priority:0, df659118-86d4-47ae-9076-ad4ead1182cd|rpc:10.1.0.19:41085|dataStream:|priority:1] with ContainerStateMachine:uninitialized
2021-09-08 01:20:38,547 [pool-131-thread-1] INFO  server.RaftServerConfigKeys (ConfUtils.java:logGet(44)) - raft.server.rpc.timeout.min = 5s (custom)
2021-09-08 01:20:38,547 [pool-131-thread-1] INFO  server.RaftServerConfigKeys (ConfUtils.java:logGet(44)) - raft.server.rpc.timeout.max = 5200ms (custom)
2021-09-08 01:20:38,548 [pool-131-thread-1] INFO  server.RaftServerConfigKeys (ConfUtils.java:logGet(44)) - raft.server.rpc.sleep.time = 25ms (default)
2021-09-08 01:20:38,548 [pool-131-thread-1] INFO  server.RaftServerConfigKeys (ConfUtils.java:logGet(44)) - raft.server.rpc.slowness.timeout = 300000ms (custom)
2021-09-08 01:20:38,548 [pool-131-thread-1] INFO  server.RaftServerConfigKeys (ConfUtils.java:logGet(44)) - raft.server.leaderelection.leader.step-down.wait-time = 10s (default)
2021-09-08 01:20:38,548 [pool-131-thread-1] INFO  server.RaftServerConfigKeys (ConfUtils.java:logGet(44)) - raft.server.sleep.deviation.threshold = 300ms (default)
2021-09-08 01:20:38,548 [pool-131-thread-1] INFO  server.RaftServerConfigKeys (ConfUtils.java:logGet(44)) - raft.server.log.appender.install.snapshot.enabled = false (custom)
2021-09-08 01:20:38,548 [pool-131-thread-1] INFO  server.RaftServer$Division (ServerState.java:<init>(105)) - df659118-86d4-47ae-9076-ad4ead1182cd@group-03C340C5BF62: ConfigurationManager, init=-1: [06f45bb0-d367-47cf-8f0c-bcb418e113db|rpc:10.1.0.19:33913|dataStream:|priority:0, 0845838b-9535-4874-adc8-850f7ac3d0e5|rpc:10.1.0.19:37265|dataStream:|priority:0, df659118-86d4-47ae-9076-ad4ead1182cd|rpc:10.1.0.19:41085|dataStream:|priority:1], old=null, confs=<EMPTY_MAP>
2021-09-08 01:20:38,548 [pool-131-thread-1] INFO  server.RaftServerConfigKeys (ConfUtils.java:logGet(44)) - raft.server.storage.dir = [/home/runner/work/ozone/ozone/hadoop-ozone/integration-test/target/test-dir/MiniOzoneClusterImpl-0f12cb01-4002-4394-a01c-5903f1f0237a/datanode-4/data/ratis] (custom)
2021-09-08 01:20:38,548 [pool-131-thread-1] INFO  server.RaftServerConfigKeys (ConfUtils.java:logGet(44)) - raft.server.log.corruption.policy = EXCEPTION (default)
2021-09-08 01:20:38,548 [pool-131-thread-1] INFO  server.RaftServerConfigKeys (ConfUtils.java:logGet(44)) - raft.server.storage.free-space.min = 0MB (=0) (default)
2021-09-08 01:20:38,549 [pool-131-thread-1] INFO  storage.RaftStorageDirectory (RaftStorageDirectoryImpl.java:analyzeStorage(135)) - The storage directory /home/runner/work/ozone/ozone/hadoop-ozone/integration-test/target/test-dir/MiniOzoneClusterImpl-0f12cb01-4002-4394-a01c-5903f1f0237a/datanode-4/data/ratis/b549a200-60df-4568-98a3-03c340c5bf62 does not exist. Creating ...
2021-09-08 01:20:38,550 [pool-131-thread-1] INFO  storage.RaftStorageDirectory (RaftStorageDirectoryImpl.java:tryLock(230)) - Lock on /home/runner/work/ozone/ozone/hadoop-ozone/integration-test/target/test-dir/MiniOzoneClusterImpl-0f12cb01-4002-4394-a01c-5903f1f0237a/datanode-4/data/ratis/b549a200-60df-4568-98a3-03c340c5bf62/in_use.lock acquired by nodename 2705@fv-az396-69
2021-09-08 01:20:38,551 [pool-131-thread-1] INFO  storage.RaftStorage (RaftStorageImpl.java:format(89)) - Storage directory /home/runner/work/ozone/ozone/hadoop-ozone/integration-test/target/test-dir/MiniOzoneClusterImpl-0f12cb01-4002-4394-a01c-5903f1f0237a/datanode-4/data/ratis/b549a200-60df-4568-98a3-03c340c5bf62 has been successfully formatted.
2021-09-08 01:20:38,552 [pool-131-thread-1] INFO  ratis.ContainerStateMachine (ContainerStateMachine.java:loadSnapshot(224)) - group-03C340C5BF62: The snapshot info is null. Setting the last applied indexto:(t:0, i:~)
2021-09-08 01:20:38,552 [Datanode State Machine Thread - 0] WARN  statemachine.StateContext (StateContext.java:execute(621)) - No available thread in pool for past 1 seconds.
2021-09-08 01:20:38,552 [pool-131-thread-1] INFO  server.RaftServerConfigKeys (ConfUtils.java:logGet(44)) - raft.server.notification.no-leader.timeout = 300000ms (custom)
2021-09-08 01:20:38,552 [pool-131-thread-1] INFO  server.RaftServerConfigKeys (ConfUtils.java:logGet(44)) - raft.server.log.use.memory = false (default)
2021-09-08 01:20:38,553 [pool-131-thread-1] INFO  server.RaftServerConfigKeys (ConfUtils.java:logGet(44)) - raft.server.log.purge.gap = 1000000 (custom)
2021-09-08 01:20:38,554 [pool-131-thread-1] INFO  server.RaftServerConfigKeys (ConfUtils.java:logGet(44)) - raft.server.log.appender.buffer.byte-limit = 33554432 (custom)
2021-09-08 01:20:38,554 [pool-131-thread-1] INFO  server.RaftServerConfigKeys (ConfUtils.java:logGet(44)) - raft.server.log.segment.size.max = 1048576 (custom)
2021-09-08 01:20:38,555 [pool-131-thread-1] INFO  server.RaftServerConfigKeys (ConfUtils.java:logGet(44)) - raft.server.log.segment.cache.num.max = 2 (custom)
2021-09-08 01:20:38,555 [pool-131-thread-1] INFO  server.RaftServerConfigKeys (ConfUtils.java:logGet(44)) - raft.server.log.segment.cache.size.max = 200MB (=209715200) (default)
2021-09-08 01:20:38,555 [pool-131-thread-1] INFO  segmented.SegmentedRaftLogWorker (SegmentedRaftLogWorker.java:<init>(182)) - new df659118-86d4-47ae-9076-ad4ead1182cd@group-03C340C5BF62-SegmentedRaftLogWorker for RaftStorageImpl:Storage Directory /home/runner/work/ozone/ozone/hadoop-ozone/integration-test/target/test-dir/MiniOzoneClusterImpl-0f12cb01-4002-4394-a01c-5903f1f0237a/datanode-4/data/ratis/b549a200-60df-4568-98a3-03c340c5bf62
2021-09-08 01:20:38,555 [pool-131-thread-1] INFO  server.RaftServerConfigKeys (ConfUtils.java:logGet(44)) - raft.server.log.queue.byte-limit = 2147483647 (custom)
2021-09-08 01:20:38,555 [pool-131-thread-1] INFO  server.RaftServerConfigKeys (ConfUtils.java:logGet(44)) - raft.server.log.queue.element-limit = 1024 (custom)
2021-09-08 01:20:38,555 [pool-131-thread-1] INFO  server.RaftServerConfigKeys (ConfUtils.java:logGet(44)) - raft.server.log.segment.size.max = 1048576 (custom)
2021-09-08 01:20:38,555 [pool-131-thread-1] INFO  server.RaftServerConfigKeys (ConfUtils.java:logGet(44)) - raft.server.log.preallocated.size = 16384 (custom)
2021-09-08 01:20:38,555 [pool-131-thread-1] INFO  server.RaftServerConfigKeys (ConfUtils.java:logGet(44)) - raft.server.log.force.sync.num = 128 (default)
2021-09-08 01:20:38,555 [pool-131-thread-1] INFO  server.RaftServerConfigKeys (ConfUtils.java:logGet(44)) - raft.server.log.statemachine.data.sync = true (default)
2021-09-08 01:20:38,555 [pool-131-thread-1] INFO  server.RaftServerConfigKeys (ConfUtils.java:logGet(44)) - raft.server.log.statemachine.data.sync.timeout = 10s (default)
2021-09-08 01:20:38,555 [pool-131-thread-1] INFO  server.RaftServerConfigKeys (ConfUtils.java:logGet(44)) - raft.server.log.statemachine.data.sync.timeout.retry = -1 (default)
2021-09-08 01:20:38,557 [pool-131-thread-1] INFO  server.RaftServerConfigKeys (ConfUtils.java:logGet(44)) - raft.server.log.write.buffer.size = 1048576 (custom)
2021-09-08 01:20:38,557 [pool-131-thread-1] INFO  server.RaftServerConfigKeys (ConfUtils.java:logGet(44)) - raft.server.log.statemachine.data.caching.enabled = true (custom)
2021-09-08 01:20:38,558 [pool-131-thread-1] INFO  segmented.SegmentedRaftLogWorker (SegmentedRaftLogWorker.java:lambda$new$0(133)) - df659118-86d4-47ae-9076-ad4ead1182cd@group-03C340C5BF62-SegmentedRaftLogWorker: flushIndex: setUnconditionally 0 -> -1
2021-09-08 01:20:38,558 [pool-131-thread-1] INFO  segmented.SegmentedRaftLogWorker (SegmentedRaftLogWorker.java:lambda$new$0(133)) - df659118-86d4-47ae-9076-ad4ead1182cd@group-03C340C5BF62-SegmentedRaftLogWorker: safeCacheEvictIndex: setUnconditionally 0 -> -1
2021-09-08 01:20:38,558 [pool-131-thread-1] INFO  server.RaftServerConfigKeys (ConfUtils.java:logGet(44)) - raft.server.snapshot.auto.trigger.enabled = true (custom)
2021-09-08 01:20:38,558 [pool-131-thread-1] INFO  server.RaftServerConfigKeys (ConfUtils.java:logGet(44)) - raft.server.snapshot.auto.trigger.threshold = 10000 (custom)
2021-09-08 01:20:38,558 [pool-131-thread-1] INFO  server.RaftServerConfigKeys (ConfUtils.java:logGet(44)) - raft.server.snapshot.retention.file.num = 5 (custom)
2021-09-08 01:20:38,558 [pool-131-thread-1] INFO  server.RaftServerConfigKeys (ConfUtils.java:logGet(44)) - raft.server.log.purge.upto.snapshot.index = false (default)
2021-09-08 01:20:38,558 [pool-131-thread-1] INFO  server.RaftServerConfigKeys (ConfUtils.java:logGet(44)) - raft.server.retrycache.expirytime = 600000ms (custom)
2021-09-08 01:20:38,558 [pool-131-thread-1] INFO  server.RaftServerConfigKeys (ConfUtils.java:logGet(44)) - raft.server.retrycache.statistics.expirytime = 100μs (default)
2021-09-08 01:20:38,560 [pool-131-thread-1] INFO  server.RaftServer$Division (RaftServerImpl.java:start(296)) - df659118-86d4-47ae-9076-ad4ead1182cd@group-03C340C5BF62: start as a follower, conf=-1: [06f45bb0-d367-47cf-8f0c-bcb418e113db|rpc:10.1.0.19:33913|dataStream:|priority:0, 0845838b-9535-4874-adc8-850f7ac3d0e5|rpc:10.1.0.19:37265|dataStream:|priority:0, df659118-86d4-47ae-9076-ad4ead1182cd|rpc:10.1.0.19:41085|dataStream:|priority:1], old=null
2021-09-08 01:20:38,560 [pool-131-thread-1] INFO  server.RaftServer$Division (RaftServerImpl.java:setRole(285)) - df659118-86d4-47ae-9076-ad4ead1182cd@group-03C340C5BF62: changes role from      null to FOLLOWER at term 0 for startAsFollower
2021-09-08 01:20:38,560 [pool-131-thread-1] INFO  impl.RoleInfo (RoleInfo.java:updateAndGet(130)) - df659118-86d4-47ae-9076-ad4ead1182cd: start df659118-86d4-47ae-9076-ad4ead1182cd@group-03C340C5BF62-FollowerState
2021-09-08 01:20:38,560 [pool-131-thread-1] INFO  util.JmxRegister (JmxRegister.java:tryRegister(44)) - Successfully registered JMX Bean with object name Ratis:service=RaftServer,group=group-03C340C5BF62,id=df659118-86d4-47ae-9076-ad4ead1182cd
2021-09-08 01:20:38,569 [Command processor thread] INFO  commandhandler.CreatePipelineCommandHandler (CreatePipelineCommandHandler.java:handle(106)) - Created Pipeline RATIS THREE PipelineID=b549a200-60df-4568-98a3-03c340c5bf62.
2021-09-08 01:20:38,629 [Command processor thread] INFO  server.RaftServer (RaftServerProxy.java:addNew(95)) - df659118-86d4-47ae-9076-ad4ead1182cd: addNew group-283A5E7293C4:[df659118-86d4-47ae-9076-ad4ead1182cd|rpc:10.1.0.19:41085|priority:1] returns group-283A5E7293C4:java.util.concurrent.CompletableFuture@6f67048[Not completed]
2021-09-08 01:20:38,630 [pool-131-thread-1] INFO  server.RaftServer$Division (RaftServerImpl.java:<init>(181)) - df659118-86d4-47ae-9076-ad4ead1182cd: new RaftServerImpl for group-283A5E7293C4:[df659118-86d4-47ae-9076-ad4ead1182cd|rpc:10.1.0.19:41085|priority:1] with ContainerStateMachine:uninitialized
2021-09-08 01:20:38,630 [pool-131-thread-1] INFO  server.RaftServerConfigKeys (ConfUtils.java:logGet(44)) - raft.server.rpc.timeout.min = 5s (custom)
2021-09-08 01:20:38,630 [pool-131-thread-1] INFO  server.RaftServerConfigKeys (ConfUtils.java:logGet(44)) - raft.server.rpc.timeout.max = 5200ms (custom)
2021-09-08 01:20:38,630 [pool-131-thread-1] INFO  server.RaftServerConfigKeys (ConfUtils.java:logGet(44)) - raft.server.rpc.sleep.time = 25ms (default)
2021-09-08 01:20:38,630 [pool-131-thread-1] INFO  server.RaftServerConfigKeys (ConfUtils.java:logGet(44)) - raft.server.rpc.slowness.timeout = 300000ms (custom)
2021-09-08 01:20:38,630 [pool-131-thread-1] INFO  server.RaftServerConfigKeys (ConfUtils.java:logGet(44)) - raft.server.leaderelection.leader.step-down.wait-time = 10s (default)
2021-09-08 01:20:38,630 [pool-131-thread-1] INFO  server.RaftServerConfigKeys (ConfUtils.java:logGet(44)) - raft.server.sleep.deviation.threshold = 300ms (default)
2021-09-08 01:20:38,630 [pool-131-thread-1] INFO  server.RaftServerConfigKeys (ConfUtils.java:logGet(44)) - raft.server.log.appender.install.snapshot.enabled = false (custom)
2021-09-08 01:20:38,630 [pool-131-thread-1] INFO  server.RaftServer$Division (ServerState.java:<init>(105)) - df659118-86d4-47ae-9076-ad4ead1182cd@group-283A5E7293C4: ConfigurationManager, init=-1: [df659118-86d4-47ae-9076-ad4ead1182cd|rpc:10.1.0.19:41085|priority:1], old=null, confs=<EMPTY_MAP>
2021-09-08 01:20:38,631 [pool-131-thread-1] INFO  server.RaftServerConfigKeys (ConfUtils.java:logGet(44)) - raft.server.storage.dir = [/home/runner/work/ozone/ozone/hadoop-ozone/integration-test/target/test-dir/MiniOzoneClusterImpl-0f12cb01-4002-4394-a01c-5903f1f0237a/datanode-4/data/ratis] (custom)
2021-09-08 01:20:38,631 [pool-131-thread-1] INFO  server.RaftServerConfigKeys (ConfUtils.java:logGet(44)) - raft.server.log.corruption.policy = EXCEPTION (default)
2021-09-08 01:20:38,631 [pool-131-thread-1] INFO  server.RaftServerConfigKeys (ConfUtils.java:logGet(44)) - raft.server.storage.free-space.min = 0MB (=0) (default)
2021-09-08 01:20:38,631 [pool-131-thread-1] INFO  storage.RaftStorageDirectory (RaftStorageDirectoryImpl.java:analyzeStorage(135)) - The storage directory /home/runner/work/ozone/ozone/hadoop-ozone/integration-test/target/test-dir/MiniOzoneClusterImpl-0f12cb01-4002-4394-a01c-5903f1f0237a/datanode-4/data/ratis/b87cf334-1b8d-42ae-86b8-283a5e7293c4 does not exist. Creating ...
2021-09-08 01:20:38,632 [pool-131-thread-1] INFO  storage.RaftStorageDirectory (RaftStorageDirectoryImpl.java:tryLock(230)) - Lock on /home/runner/work/ozone/ozone/hadoop-ozone/integration-test/target/test-dir/MiniOzoneClusterImpl-0f12cb01-4002-4394-a01c-5903f1f0237a/datanode-4/data/ratis/b87cf334-1b8d-42ae-86b8-283a5e7293c4/in_use.lock acquired by nodename 2705@fv-az396-69
2021-09-08 01:20:38,633 [pool-131-thread-1] INFO  storage.RaftStorage (RaftStorageImpl.java:format(89)) - Storage directory /home/runner/work/ozone/ozone/hadoop-ozone/integration-test/target/test-dir/MiniOzoneClusterImpl-0f12cb01-4002-4394-a01c-5903f1f0237a/datanode-4/data/ratis/b87cf334-1b8d-42ae-86b8-283a5e7293c4 has been successfully formatted.
2021-09-08 01:20:38,633 [pool-131-thread-1] INFO  ratis.ContainerStateMachine (ContainerStateMachine.java:loadSnapshot(224)) - group-283A5E7293C4: The snapshot info is null. Setting the last applied indexto:(t:0, i:~)
2021-09-08 01:20:38,633 [pool-131-thread-1] INFO  server.RaftServerConfigKeys (ConfUtils.java:logGet(44)) - raft.server.notification.no-leader.timeout = 300000ms (custom)
2021-09-08 01:20:38,633 [pool-131-thread-1] INFO  server.RaftServerConfigKeys (ConfUtils.java:logGet(44)) - raft.server.log.use.memory = false (default)
2021-09-08 01:20:38,634 [pool-131-thread-1] INFO  server.RaftServerConfigKeys (ConfUtils.java:logGet(44)) - raft.server.log.purge.gap = 1000000 (custom)
2021-09-08 01:20:38,634 [pool-131-thread-1] INFO  server.RaftServerConfigKeys (ConfUtils.java:logGet(44)) - raft.server.log.appender.buffer.byte-limit = 33554432 (custom)
2021-09-08 01:20:38,634 [pool-131-thread-1] INFO  server.RaftServerConfigKeys (ConfUtils.java:logGet(44)) - raft.server.log.segment.size.max = 1048576 (custom)
2021-09-08 01:20:38,634 [pool-131-thread-1] INFO  server.RaftServerConfigKeys (ConfUtils.java:logGet(44)) - raft.server.log.segment.cache.num.max = 2 (custom)
2021-09-08 01:20:38,634 [pool-131-thread-1] INFO  server.RaftServerConfigKeys (ConfUtils.java:logGet(44)) - raft.server.log.segment.cache.size.max = 200MB (=209715200) (default)
2021-09-08 01:20:38,634 [pool-131-thread-1] INFO  segmented.SegmentedRaftLogWorker (SegmentedRaftLogWorker.java:<init>(182)) - new df659118-86d4-47ae-9076-ad4ead1182cd@group-283A5E7293C4-SegmentedRaftLogWorker for RaftStorageImpl:Storage Directory /home/runner/work/ozone/ozone/hadoop-ozone/integration-test/target/test-dir/MiniOzoneClusterImpl-0f12cb01-4002-4394-a01c-5903f1f0237a/datanode-4/data/ratis/b87cf334-1b8d-42ae-86b8-283a5e7293c4
2021-09-08 01:20:38,634 [pool-131-thread-1] INFO  server.RaftServerConfigKeys (ConfUtils.java:logGet(44)) - raft.server.log.queue.byte-limit = 2147483647 (custom)
2021-09-08 01:20:38,635 [pool-131-thread-1] INFO  server.RaftServerConfigKeys (ConfUtils.java:logGet(44)) - raft.server.log.queue.element-limit = 1024 (custom)
2021-09-08 01:20:38,635 [pool-131-thread-1] INFO  server.RaftServerConfigKeys (ConfUtils.java:logGet(44)) - raft.server.log.segment.size.max = 1048576 (custom)
2021-09-08 01:20:38,635 [pool-131-thread-1] INFO  server.RaftServerConfigKeys (ConfUtils.java:logGet(44)) - raft.server.log.preallocated.size = 16384 (custom)
2021-09-08 01:20:38,635 [EventQueue-PipelineReportForPipelineReportHandler] INFO  pipeline.PipelineManagerImpl (PipelineManagerImpl.java:openPipeline(282)) - Pipeline Pipeline[ Id: b87cf334-1b8d-42ae-86b8-283a5e7293c4, Nodes: df659118-86d4-47ae-9076-ad4ead1182cd{ip: 10.1.0.19, host: fv-az396-69.zsjpccerc4sulamragr3v05mvf.jx.internal.cloudapp.net, ports: [REPLICATION=40787, RATIS=41085, RATIS_ADMIN=41085, RATIS_SERVER=41085, STANDALONE=44737], networkLocation: /default-rack, certSerialId: null, persistedOpState: IN_SERVICE, persistedOpStateExpiryEpochSec: 0}, ReplicationConfig: RATIS/ONE, State:ALLOCATED, leaderId:df659118-86d4-47ae-9076-ad4ead1182cd, CreationTimestamp2021-09-08T01:20:35.637Z[Etc/UTC]] moved to OPEN state
2021-09-08 01:20:38,633 [Datanode State Machine Thread - 0] WARN  statemachine.StateContext (StateContext.java:execute(621)) - No available thread in pool for past 1 seconds.
2021-09-08 01:20:38,635 [pool-131-thread-1] INFO  server.RaftServerConfigKeys (ConfUtils.java:logGet(44)) - raft.server.log.force.sync.num = 128 (default)
2021-09-08 01:20:38,635 [EventQueue-OpenPipelineForHealthyPipelineSafeModeRule] INFO  safemode.SCMSafeModeManager (HealthyPipelineSafeModeRule.java:process(124)) - SCM in safe mode. Healthy pipelines reported count is 0, required healthy pipeline reported count is 1
2021-09-08 01:20:38,636 [pool-131-thread-1] INFO  server.RaftServerConfigKeys (ConfUtils.java:logGet(44)) - raft.server.log.statemachine.data.sync = true (default)
2021-09-08 01:20:38,636 [pool-131-thread-1] INFO  server.RaftServerConfigKeys (ConfUtils.java:logGet(44)) - raft.server.log.statemachine.data.sync.timeout = 10s (default)
2021-09-08 01:20:38,636 [pool-131-thread-1] INFO  server.RaftServerConfigKeys (ConfUtils.java:logGet(44)) - raft.server.log.statemachine.data.sync.timeout.retry = -1 (default)
2021-09-08 01:20:38,637 [pool-131-thread-1] INFO  server.RaftServerConfigKeys (ConfUtils.java:logGet(44)) - raft.server.log.write.buffer.size = 1048576 (custom)
2021-09-08 01:20:38,638 [pool-131-thread-1] INFO  server.RaftServerConfigKeys (ConfUtils.java:logGet(44)) - raft.server.log.statemachine.data.caching.enabled = true (custom)
2021-09-08 01:20:38,639 [pool-131-thread-1] INFO  segmented.SegmentedRaftLogWorker (SegmentedRaftLogWorker.java:lambda$new$0(133)) - df659118-86d4-47ae-9076-ad4ead1182cd@group-283A5E7293C4-SegmentedRaftLogWorker: flushIndex: setUnconditionally 0 -> -1
2021-09-08 01:20:38,639 [pool-131-thread-1] INFO  segmented.SegmentedRaftLogWorker (SegmentedRaftLogWorker.java:lambda$new$0(133)) - df659118-86d4-47ae-9076-ad4ead1182cd@group-283A5E7293C4-SegmentedRaftLogWorker: safeCacheEvictIndex: setUnconditionally 0 -> -1
2021-09-08 01:20:38,640 [pool-131-thread-1] INFO  server.RaftServerConfigKeys (ConfUtils.java:logGet(44)) - raft.server.snapshot.auto.trigger.enabled = true (custom)
2021-09-08 01:20:38,640 [pool-131-thread-1] INFO  server.RaftServerConfigKeys (ConfUtils.java:logGet(44)) - raft.server.snapshot.auto.trigger.threshold = 10000 (custom)
2021-09-08 01:20:38,640 [pool-131-thread-1] INFO  server.RaftServerConfigKeys (ConfUtils.java:logGet(44)) - raft.server.snapshot.retention.file.num = 5 (custom)
2021-09-08 01:20:38,640 [pool-131-thread-1] INFO  server.RaftServerConfigKeys (ConfUtils.java:logGet(44)) - raft.server.log.purge.upto.snapshot.index = false (default)
2021-09-08 01:20:38,640 [pool-131-thread-1] INFO  server.RaftServerConfigKeys (ConfUtils.java:logGet(44)) - raft.server.retrycache.expirytime = 600000ms (custom)
2021-09-08 01:20:38,640 [pool-131-thread-1] INFO  server.RaftServerConfigKeys (ConfUtils.java:logGet(44)) - raft.server.retrycache.statistics.expirytime = 100μs (default)
2021-09-08 01:20:38,641 [pool-131-thread-1] INFO  server.RaftServer$Division (RaftServerImpl.java:start(296)) - df659118-86d4-47ae-9076-ad4ead1182cd@group-283A5E7293C4: start as a follower, conf=-1: [df659118-86d4-47ae-9076-ad4ead1182cd|rpc:10.1.0.19:41085|priority:1], old=null
2021-09-08 01:20:38,641 [pool-131-thread-1] INFO  server.RaftServer$Division (RaftServerImpl.java:setRole(285)) - df659118-86d4-47ae-9076-ad4ead1182cd@group-283A5E7293C4: changes role from      null to FOLLOWER at term 0 for startAsFollower
2021-09-08 01:20:38,641 [pool-131-thread-1] INFO  impl.RoleInfo (RoleInfo.java:updateAndGet(130)) - df659118-86d4-47ae-9076-ad4ead1182cd: start df659118-86d4-47ae-9076-ad4ead1182cd@group-283A5E7293C4-FollowerState
2021-09-08 01:20:38,643 [pool-131-thread-1] INFO  util.JmxRegister (JmxRegister.java:tryRegister(44)) - Successfully registered JMX Bean with object name Ratis:service=RaftServer,group=group-283A5E7293C4,id=df659118-86d4-47ae-9076-ad4ead1182cd
2021-09-08 01:20:38,643 [Command processor thread] INFO  ratis.XceiverServerRatis (XceiverServerRatis.java:addGroup(763)) - Created group PipelineID=b87cf334-1b8d-42ae-86b8-283a5e7293c4
2021-09-08 01:20:38,644 [Command processor thread] INFO  commandhandler.CreatePipelineCommandHandler (CreatePipelineCommandHandler.java:handle(106)) - Created Pipeline RATIS ONE PipelineID=b87cf334-1b8d-42ae-86b8-283a5e7293c4.
2021-09-08 01:20:38,827 [Command processor thread] INFO  server.RaftServer (RaftServerProxy.java:addNew(95)) - 0845838b-9535-4874-adc8-850f7ac3d0e5: addNew group-504E66FDB36B:[0845838b-9535-4874-adc8-850f7ac3d0e5|rpc:10.1.0.19:37265|priority:1] returns group-504E66FDB36B:java.util.concurrent.CompletableFuture@d44a5a7[Not completed]
2021-09-08 01:20:38,828 [pool-150-thread-1] INFO  server.RaftServer$Division (RaftServerImpl.java:<init>(181)) - 0845838b-9535-4874-adc8-850f7ac3d0e5: new RaftServerImpl for group-504E66FDB36B:[0845838b-9535-4874-adc8-850f7ac3d0e5|rpc:10.1.0.19:37265|priority:1] with ContainerStateMachine:uninitialized
2021-09-08 01:20:38,829 [pool-150-thread-1] INFO  server.RaftServerConfigKeys (ConfUtils.java:logGet(44)) - raft.server.rpc.timeout.min = 5s (custom)
2021-09-08 01:20:38,829 [pool-150-thread-1] INFO  server.RaftServerConfigKeys (ConfUtils.java:logGet(44)) - raft.server.rpc.timeout.max = 5200ms (custom)
2021-09-08 01:20:38,829 [pool-150-thread-1] INFO  server.RaftServerConfigKeys (ConfUtils.java:logGet(44)) - raft.server.rpc.sleep.time = 25ms (default)
2021-09-08 01:20:38,829 [pool-150-thread-1] INFO  server.RaftServerConfigKeys (ConfUtils.java:logGet(44)) - raft.server.rpc.slowness.timeout = 300000ms (custom)
2021-09-08 01:20:38,829 [pool-150-thread-1] INFO  server.RaftServerConfigKeys (ConfUtils.java:logGet(44)) - raft.server.leaderelection.leader.step-down.wait-time = 10s (default)
2021-09-08 01:20:38,829 [pool-150-thread-1] INFO  server.RaftServerConfigKeys (ConfUtils.java:logGet(44)) - raft.server.sleep.deviation.threshold = 300ms (default)
2021-09-08 01:20:38,829 [pool-150-thread-1] INFO  server.RaftServerConfigKeys (ConfUtils.java:logGet(44)) - raft.server.log.appender.install.snapshot.enabled = false (custom)
2021-09-08 01:20:38,829 [pool-150-thread-1] INFO  server.RaftServer$Division (ServerState.java:<init>(105)) - 0845838b-9535-4874-adc8-850f7ac3d0e5@group-504E66FDB36B: ConfigurationManager, init=-1: [0845838b-9535-4874-adc8-850f7ac3d0e5|rpc:10.1.0.19:37265|priority:1], old=null, confs=<EMPTY_MAP>
2021-09-08 01:20:38,829 [pool-150-thread-1] INFO  server.RaftServerConfigKeys (ConfUtils.java:logGet(44)) - raft.server.storage.dir = [/home/runner/work/ozone/ozone/hadoop-ozone/integration-test/target/test-dir/MiniOzoneClusterImpl-0f12cb01-4002-4394-a01c-5903f1f0237a/datanode-5/data/ratis] (custom)
2021-09-08 01:20:38,829 [pool-150-thread-1] INFO  server.RaftServerConfigKeys (ConfUtils.java:logGet(44)) - raft.server.log.corruption.policy = EXCEPTION (default)
2021-09-08 01:20:38,829 [pool-150-thread-1] INFO  server.RaftServerConfigKeys (ConfUtils.java:logGet(44)) - raft.server.storage.free-space.min = 0MB (=0) (default)
2021-09-08 01:20:38,829 [pool-150-thread-1] INFO  storage.RaftStorageDirectory (RaftStorageDirectoryImpl.java:analyzeStorage(135)) - The storage directory /home/runner/work/ozone/ozone/hadoop-ozone/integration-test/target/test-dir/MiniOzoneClusterImpl-0f12cb01-4002-4394-a01c-5903f1f0237a/datanode-5/data/ratis/816a6bd5-5efd-4815-a346-504e66fdb36b does not exist. Creating ...
2021-09-08 01:20:38,831 [pool-150-thread-1] INFO  storage.RaftStorageDirectory (RaftStorageDirectoryImpl.java:tryLock(230)) - Lock on /home/runner/work/ozone/ozone/hadoop-ozone/integration-test/target/test-dir/MiniOzoneClusterImpl-0f12cb01-4002-4394-a01c-5903f1f0237a/datanode-5/data/ratis/816a6bd5-5efd-4815-a346-504e66fdb36b/in_use.lock acquired by nodename 2705@fv-az396-69
2021-09-08 01:20:38,832 [pool-150-thread-1] INFO  storage.RaftStorage (RaftStorageImpl.java:format(89)) - Storage directory /home/runner/work/ozone/ozone/hadoop-ozone/integration-test/target/test-dir/MiniOzoneClusterImpl-0f12cb01-4002-4394-a01c-5903f1f0237a/datanode-5/data/ratis/816a6bd5-5efd-4815-a346-504e66fdb36b has been successfully formatted.
2021-09-08 01:20:38,832 [pool-150-thread-1] INFO  ratis.ContainerStateMachine (ContainerStateMachine.java:loadSnapshot(224)) - group-504E66FDB36B: The snapshot info is null. Setting the last applied indexto:(t:0, i:~)
2021-09-08 01:20:38,833 [pool-150-thread-1] INFO  server.RaftServerConfigKeys (ConfUtils.java:logGet(44)) - raft.server.notification.no-leader.timeout = 300000ms (custom)
2021-09-08 01:20:38,833 [pool-150-thread-1] INFO  server.RaftServerConfigKeys (ConfUtils.java:logGet(44)) - raft.server.log.use.memory = false (default)
2021-09-08 01:20:38,833 [pool-150-thread-1] INFO  server.RaftServerConfigKeys (ConfUtils.java:logGet(44)) - raft.server.log.purge.gap = 1000000 (custom)
2021-09-08 01:20:38,834 [pool-150-thread-1] INFO  server.RaftServerConfigKeys (ConfUtils.java:logGet(44)) - raft.server.log.appender.buffer.byte-limit = 33554432 (custom)
2021-09-08 01:20:38,834 [pool-150-thread-1] INFO  server.RaftServerConfigKeys (ConfUtils.java:logGet(44)) - raft.server.log.segment.size.max = 1048576 (custom)
2021-09-08 01:20:38,834 [EventQueue-PipelineReportForPipelineReportHandler] INFO  pipeline.PipelineManagerImpl (PipelineManagerImpl.java:openPipeline(282)) - Pipeline Pipeline[ Id: 816a6bd5-5efd-4815-a346-504e66fdb36b, Nodes: 0845838b-9535-4874-adc8-850f7ac3d0e5{ip: 10.1.0.19, host: fv-az396-69.zsjpccerc4sulamragr3v05mvf.jx.internal.cloudapp.net, ports: [REPLICATION=36187, RATIS=37265, RATIS_ADMIN=37265, RATIS_SERVER=37265, STANDALONE=32933], networkLocation: /default-rack, certSerialId: null, persistedOpState: IN_SERVICE, persistedOpStateExpiryEpochSec: 0}, ReplicationConfig: RATIS/ONE, State:ALLOCATED, leaderId:0845838b-9535-4874-adc8-850f7ac3d0e5, CreationTimestamp2021-09-08T01:20:35.831Z[Etc/UTC]] moved to OPEN state
2021-09-08 01:20:38,834 [pool-150-thread-1] INFO  server.RaftServerConfigKeys (ConfUtils.java:logGet(44)) - raft.server.log.segment.cache.num.max = 2 (custom)
2021-09-08 01:20:38,834 [pool-150-thread-1] INFO  server.RaftServerConfigKeys (ConfUtils.java:logGet(44)) - raft.server.log.segment.cache.size.max = 200MB (=209715200) (default)
2021-09-08 01:20:38,836 [pool-150-thread-1] INFO  segmented.SegmentedRaftLogWorker (SegmentedRaftLogWorker.java:<init>(182)) - new 0845838b-9535-4874-adc8-850f7ac3d0e5@group-504E66FDB36B-SegmentedRaftLogWorker for RaftStorageImpl:Storage Directory /home/runner/work/ozone/ozone/hadoop-ozone/integration-test/target/test-dir/MiniOzoneClusterImpl-0f12cb01-4002-4394-a01c-5903f1f0237a/datanode-5/data/ratis/816a6bd5-5efd-4815-a346-504e66fdb36b
2021-09-08 01:20:38,834 [EventQueue-OpenPipelineForHealthyPipelineSafeModeRule] INFO  safemode.SCMSafeModeManager (HealthyPipelineSafeModeRule.java:process(124)) - SCM in safe mode. Healthy pipelines reported count is 0, required healthy pipeline reported count is 1
2021-09-08 01:20:38,836 [pool-150-thread-1] INFO  server.RaftServerConfigKeys (ConfUtils.java:logGet(44)) - raft.server.log.queue.byte-limit = 2147483647 (custom)
2021-09-08 01:20:38,838 [pool-150-thread-1] INFO  server.RaftServerConfigKeys (ConfUtils.java:logGet(44)) - raft.server.log.queue.element-limit = 1024 (custom)
2021-09-08 01:20:38,838 [pool-150-thread-1] INFO  server.RaftServerConfigKeys (ConfUtils.java:logGet(44)) - raft.server.log.segment.size.max = 1048576 (custom)
2021-09-08 01:20:38,838 [pool-150-thread-1] INFO  server.RaftServerConfigKeys (ConfUtils.java:logGet(44)) - raft.server.log.preallocated.size = 16384 (custom)
2021-09-08 01:20:38,839 [pool-150-thread-1] INFO  server.RaftServerConfigKeys (ConfUtils.java:logGet(44)) - raft.server.log.force.sync.num = 128 (default)
2021-09-08 01:20:38,839 [pool-150-thread-1] INFO  server.RaftServerConfigKeys (ConfUtils.java:logGet(44)) - raft.server.log.statemachine.data.sync = true (default)
2021-09-08 01:20:38,839 [pool-150-thread-1] INFO  server.RaftServerConfigKeys (ConfUtils.java:logGet(44)) - raft.server.log.statemachine.data.sync.timeout = 10s (default)
2021-09-08 01:20:38,839 [pool-150-thread-1] INFO  server.RaftServerConfigKeys (ConfUtils.java:logGet(44)) - raft.server.log.statemachine.data.sync.timeout.retry = -1 (default)
2021-09-08 01:20:38,842 [pool-150-thread-1] INFO  server.RaftServerConfigKeys (ConfUtils.java:logGet(44)) - raft.server.log.write.buffer.size = 1048576 (custom)
2021-09-08 01:20:38,843 [pool-150-thread-1] INFO  server.RaftServerConfigKeys (ConfUtils.java:logGet(44)) - raft.server.log.statemachine.data.caching.enabled = true (custom)
2021-09-08 01:20:38,843 [pool-150-thread-1] INFO  segmented.SegmentedRaftLogWorker (SegmentedRaftLogWorker.java:lambda$new$0(133)) - 0845838b-9535-4874-adc8-850f7ac3d0e5@group-504E66FDB36B-SegmentedRaftLogWorker: flushIndex: setUnconditionally 0 -> -1
2021-09-08 01:20:38,843 [pool-150-thread-1] INFO  segmented.SegmentedRaftLogWorker (SegmentedRaftLogWorker.java:lambda$new$0(133)) - 0845838b-9535-4874-adc8-850f7ac3d0e5@group-504E66FDB36B-SegmentedRaftLogWorker: safeCacheEvictIndex: setUnconditionally 0 -> -1
2021-09-08 01:20:38,848 [pool-150-thread-1] INFO  server.RaftServerConfigKeys (ConfUtils.java:logGet(44)) - raft.server.snapshot.auto.trigger.enabled = true (custom)
2021-09-08 01:20:38,848 [pool-150-thread-1] INFO  server.RaftServerConfigKeys (ConfUtils.java:logGet(44)) - raft.server.snapshot.auto.trigger.threshold = 10000 (custom)
2021-09-08 01:20:38,848 [pool-150-thread-1] INFO  server.RaftServerConfigKeys (ConfUtils.java:logGet(44)) - raft.server.snapshot.retention.file.num = 5 (custom)
2021-09-08 01:20:38,848 [pool-150-thread-1] INFO  server.RaftServerConfigKeys (ConfUtils.java:logGet(44)) - raft.server.log.purge.upto.snapshot.index = false (default)
2021-09-08 01:20:38,848 [pool-150-thread-1] INFO  server.RaftServerConfigKeys (ConfUtils.java:logGet(44)) - raft.server.retrycache.expirytime = 600000ms (custom)
2021-09-08 01:20:38,849 [pool-150-thread-1] INFO  server.RaftServerConfigKeys (ConfUtils.java:logGet(44)) - raft.server.retrycache.statistics.expirytime = 100μs (default)
2021-09-08 01:20:38,850 [pool-150-thread-1] INFO  server.RaftServer$Division (RaftServerImpl.java:start(296)) - 0845838b-9535-4874-adc8-850f7ac3d0e5@group-504E66FDB36B: start as a follower, conf=-1: [0845838b-9535-4874-adc8-850f7ac3d0e5|rpc:10.1.0.19:37265|priority:1], old=null
2021-09-08 01:20:38,850 [pool-150-thread-1] INFO  server.RaftServer$Division (RaftServerImpl.java:setRole(285)) - 0845838b-9535-4874-adc8-850f7ac3d0e5@group-504E66FDB36B: changes role from      null to FOLLOWER at term 0 for startAsFollower
2021-09-08 01:20:38,851 [pool-150-thread-1] INFO  impl.RoleInfo (RoleInfo.java:updateAndGet(130)) - 0845838b-9535-4874-adc8-850f7ac3d0e5: start 0845838b-9535-4874-adc8-850f7ac3d0e5@group-504E66FDB36B-FollowerState
2021-09-08 01:20:38,851 [pool-150-thread-1] INFO  util.JmxRegister (JmxRegister.java:tryRegister(44)) - Successfully registered JMX Bean with object name Ratis:service=RaftServer,group=group-504E66FDB36B,id=0845838b-9535-4874-adc8-850f7ac3d0e5
2021-09-08 01:20:38,852 [Command processor thread] INFO  ratis.XceiverServerRatis (XceiverServerRatis.java:addGroup(763)) - Created group PipelineID=816a6bd5-5efd-4815-a346-504e66fdb36b
2021-09-08 01:20:38,852 [Command processor thread] INFO  commandhandler.CreatePipelineCommandHandler (CreatePipelineCommandHandler.java:handle(106)) - Created Pipeline RATIS ONE PipelineID=816a6bd5-5efd-4815-a346-504e66fdb36b.
2021-09-08 01:20:39,039 [Command processor thread] INFO  server.RaftServer (RaftServerProxy.java:addNew(95)) - c4ae24d6-167d-432b-819b-55d2c3b07854: addNew group-1EB68C3D2DC0:[c4ae24d6-167d-432b-819b-55d2c3b07854|rpc:10.1.0.19:42675|priority:1] returns group-1EB68C3D2DC0:java.util.concurrent.CompletableFuture@5a9eef3d[Not completed]
2021-09-08 01:20:39,040 [pool-169-thread-1] INFO  server.RaftServer$Division (RaftServerImpl.java:<init>(181)) - c4ae24d6-167d-432b-819b-55d2c3b07854: new RaftServerImpl for group-1EB68C3D2DC0:[c4ae24d6-167d-432b-819b-55d2c3b07854|rpc:10.1.0.19:42675|priority:1] with ContainerStateMachine:uninitialized
2021-09-08 01:20:39,040 [pool-169-thread-1] INFO  server.RaftServerConfigKeys (ConfUtils.java:logGet(44)) - raft.server.rpc.timeout.min = 5s (custom)
2021-09-08 01:20:39,041 [pool-169-thread-1] INFO  server.RaftServerConfigKeys (ConfUtils.java:logGet(44)) - raft.server.rpc.timeout.max = 5200ms (custom)
2021-09-08 01:20:39,041 [pool-169-thread-1] INFO  server.RaftServerConfigKeys (ConfUtils.java:logGet(44)) - raft.server.rpc.sleep.time = 25ms (default)
2021-09-08 01:20:39,041 [pool-169-thread-1] INFO  server.RaftServerConfigKeys (ConfUtils.java:logGet(44)) - raft.server.rpc.slowness.timeout = 300000ms (custom)
2021-09-08 01:20:39,041 [pool-169-thread-1] INFO  server.RaftServerConfigKeys (ConfUtils.java:logGet(44)) - raft.server.leaderelection.leader.step-down.wait-time = 10s (default)
2021-09-08 01:20:39,041 [pool-169-thread-1] INFO  server.RaftServerConfigKeys (ConfUtils.java:logGet(44)) - raft.server.sleep.deviation.threshold = 300ms (default)
2021-09-08 01:20:39,041 [pool-169-thread-1] INFO  server.RaftServerConfigKeys (ConfUtils.java:logGet(44)) - raft.server.log.appender.install.snapshot.enabled = false (custom)
2021-09-08 01:20:39,041 [pool-169-thread-1] INFO  server.RaftServer$Division (ServerState.java:<init>(105)) - c4ae24d6-167d-432b-819b-55d2c3b07854@group-1EB68C3D2DC0: ConfigurationManager, init=-1: [c4ae24d6-167d-432b-819b-55d2c3b07854|rpc:10.1.0.19:42675|priority:1], old=null, confs=<EMPTY_MAP>
2021-09-08 01:20:39,041 [pool-169-thread-1] INFO  server.RaftServerConfigKeys (ConfUtils.java:logGet(44)) - raft.server.storage.dir = [/home/runner/work/ozone/ozone/hadoop-ozone/integration-test/target/test-dir/MiniOzoneClusterImpl-0f12cb01-4002-4394-a01c-5903f1f0237a/datanode-6/data/ratis] (custom)
2021-09-08 01:20:39,041 [pool-169-thread-1] INFO  server.RaftServerConfigKeys (ConfUtils.java:logGet(44)) - raft.server.log.corruption.policy = EXCEPTION (default)
2021-09-08 01:20:39,042 [pool-169-thread-1] INFO  server.RaftServerConfigKeys (ConfUtils.java:logGet(44)) - raft.server.storage.free-space.min = 0MB (=0) (default)
2021-09-08 01:20:39,042 [pool-169-thread-1] INFO  storage.RaftStorageDirectory (RaftStorageDirectoryImpl.java:analyzeStorage(135)) - The storage directory /home/runner/work/ozone/ozone/hadoop-ozone/integration-test/target/test-dir/MiniOzoneClusterImpl-0f12cb01-4002-4394-a01c-5903f1f0237a/datanode-6/data/ratis/6cf1b1ea-9253-4d06-8004-1eb68c3d2dc0 does not exist. Creating ...
2021-09-08 01:20:39,043 [pool-169-thread-1] INFO  storage.RaftStorageDirectory (RaftStorageDirectoryImpl.java:tryLock(230)) - Lock on /home/runner/work/ozone/ozone/hadoop-ozone/integration-test/target/test-dir/MiniOzoneClusterImpl-0f12cb01-4002-4394-a01c-5903f1f0237a/datanode-6/data/ratis/6cf1b1ea-9253-4d06-8004-1eb68c3d2dc0/in_use.lock acquired by nodename 2705@fv-az396-69
2021-09-08 01:20:39,044 [pool-169-thread-1] INFO  storage.RaftStorage (RaftStorageImpl.java:format(89)) - Storage directory /home/runner/work/ozone/ozone/hadoop-ozone/integration-test/target/test-dir/MiniOzoneClusterImpl-0f12cb01-4002-4394-a01c-5903f1f0237a/datanode-6/data/ratis/6cf1b1ea-9253-4d06-8004-1eb68c3d2dc0 has been successfully formatted.
2021-09-08 01:20:39,045 [pool-169-thread-1] INFO  ratis.ContainerStateMachine (ContainerStateMachine.java:loadSnapshot(224)) - group-1EB68C3D2DC0: The snapshot info is null. Setting the last applied indexto:(t:0, i:~)
2021-09-08 01:20:39,045 [Datanode State Machine Thread - 0] WARN  statemachine.StateContext (StateContext.java:execute(621)) - No available thread in pool for past 1 seconds.
2021-09-08 01:20:39,045 [pool-169-thread-1] INFO  server.RaftServerConfigKeys (ConfUtils.java:logGet(44)) - raft.server.notification.no-leader.timeout = 300000ms (custom)
2021-09-08 01:20:39,045 [pool-169-thread-1] INFO  server.RaftServerConfigKeys (ConfUtils.java:logGet(44)) - raft.server.log.use.memory = false (default)
2021-09-08 01:20:39,046 [pool-169-thread-1] INFO  server.RaftServerConfigKeys (ConfUtils.java:logGet(44)) - raft.server.log.purge.gap = 1000000 (custom)
2021-09-08 01:20:39,046 [pool-169-thread-1] INFO  server.RaftServerConfigKeys (ConfUtils.java:logGet(44)) - raft.server.log.appender.buffer.byte-limit = 33554432 (custom)
2021-09-08 01:20:39,046 [pool-169-thread-1] INFO  server.RaftServerConfigKeys (ConfUtils.java:logGet(44)) - raft.server.log.segment.size.max = 1048576 (custom)
2021-09-08 01:20:39,046 [EventQueue-PipelineReportForPipelineReportHandler] INFO  pipeline.PipelineManagerImpl (PipelineManagerImpl.java:openPipeline(282)) - Pipeline Pipeline[ Id: 6cf1b1ea-9253-4d06-8004-1eb68c3d2dc0, Nodes: c4ae24d6-167d-432b-819b-55d2c3b07854{ip: 10.1.0.19, host: fv-az396-69.zsjpccerc4sulamragr3v05mvf.jx.internal.cloudapp.net, ports: [REPLICATION=45485, RATIS=42675, RATIS_ADMIN=42675, RATIS_SERVER=42675, STANDALONE=45127], networkLocation: /default-rack, certSerialId: null, persistedOpState: IN_SERVICE, persistedOpStateExpiryEpochSec: 0}, ReplicationConfig: RATIS/ONE, State:ALLOCATED, leaderId:c4ae24d6-167d-432b-819b-55d2c3b07854, CreationTimestamp2021-09-08T01:20:36.042Z[Etc/UTC]] moved to OPEN state
2021-09-08 01:20:39,047 [pool-169-thread-1] INFO  server.RaftServerConfigKeys (ConfUtils.java:logGet(44)) - raft.server.log.segment.cache.num.max = 2 (custom)
2021-09-08 01:20:39,047 [pool-169-thread-1] INFO  server.RaftServerConfigKeys (ConfUtils.java:logGet(44)) - raft.server.log.segment.cache.size.max = 200MB (=209715200) (default)
2021-09-08 01:20:39,047 [EventQueue-OpenPipelineForHealthyPipelineSafeModeRule] INFO  safemode.SCMSafeModeManager (HealthyPipelineSafeModeRule.java:process(124)) - SCM in safe mode. Healthy pipelines reported count is 0, required healthy pipeline reported count is 1
2021-09-08 01:20:39,047 [pool-169-thread-1] INFO  segmented.SegmentedRaftLogWorker (SegmentedRaftLogWorker.java:<init>(182)) - new c4ae24d6-167d-432b-819b-55d2c3b07854@group-1EB68C3D2DC0-SegmentedRaftLogWorker for RaftStorageImpl:Storage Directory /home/runner/work/ozone/ozone/hadoop-ozone/integration-test/target/test-dir/MiniOzoneClusterImpl-0f12cb01-4002-4394-a01c-5903f1f0237a/datanode-6/data/ratis/6cf1b1ea-9253-4d06-8004-1eb68c3d2dc0
2021-09-08 01:20:39,048 [pool-169-thread-1] INFO  server.RaftServerConfigKeys (ConfUtils.java:logGet(44)) - raft.server.log.queue.byte-limit = 2147483647 (custom)
2021-09-08 01:20:39,048 [pool-169-thread-1] INFO  server.RaftServerConfigKeys (ConfUtils.java:logGet(44)) - raft.server.log.queue.element-limit = 1024 (custom)
2021-09-08 01:20:39,048 [pool-169-thread-1] INFO  server.RaftServerConfigKeys (ConfUtils.java:logGet(44)) - raft.server.log.segment.size.max = 1048576 (custom)
2021-09-08 01:20:39,048 [pool-169-thread-1] INFO  server.RaftServerConfigKeys (ConfUtils.java:logGet(44)) - raft.server.log.preallocated.size = 16384 (custom)
2021-09-08 01:20:39,049 [pool-169-thread-1] INFO  server.RaftServerConfigKeys (ConfUtils.java:logGet(44)) - raft.server.log.force.sync.num = 128 (default)
2021-09-08 01:20:39,049 [pool-169-thread-1] INFO  server.RaftServerConfigKeys (ConfUtils.java:logGet(44)) - raft.server.log.statemachine.data.sync = true (default)
2021-09-08 01:20:39,049 [pool-169-thread-1] INFO  server.RaftServerConfigKeys (ConfUtils.java:logGet(44)) - raft.server.log.statemachine.data.sync.timeout = 10s (default)
2021-09-08 01:20:39,049 [pool-169-thread-1] INFO  server.RaftServerConfigKeys (ConfUtils.java:logGet(44)) - raft.server.log.statemachine.data.sync.timeout.retry = -1 (default)
2021-09-08 01:20:39,050 [pool-169-thread-1] INFO  server.RaftServerConfigKeys (ConfUtils.java:logGet(44)) - raft.server.log.write.buffer.size = 1048576 (custom)
2021-09-08 01:20:39,051 [pool-169-thread-1] INFO  server.RaftServerConfigKeys (ConfUtils.java:logGet(44)) - raft.server.log.statemachine.data.caching.enabled = true (custom)
2021-09-08 01:20:39,051 [pool-169-thread-1] INFO  segmented.SegmentedRaftLogWorker (SegmentedRaftLogWorker.java:lambda$new$0(133)) - c4ae24d6-167d-432b-819b-55d2c3b07854@group-1EB68C3D2DC0-SegmentedRaftLogWorker: flushIndex: setUnconditionally 0 -> -1
2021-09-08 01:20:39,051 [pool-169-thread-1] INFO  segmented.SegmentedRaftLogWorker (SegmentedRaftLogWorker.java:lambda$new$0(133)) - c4ae24d6-167d-432b-819b-55d2c3b07854@group-1EB68C3D2DC0-SegmentedRaftLogWorker: safeCacheEvictIndex: setUnconditionally 0 -> -1
2021-09-08 01:20:39,055 [pool-169-thread-1] INFO  server.RaftServerConfigKeys (ConfUtils.java:logGet(44)) - raft.server.snapshot.auto.trigger.enabled = true (custom)
2021-09-08 01:20:39,055 [pool-169-thread-1] INFO  server.RaftServerConfigKeys (ConfUtils.java:logGet(44)) - raft.server.snapshot.auto.trigger.threshold = 10000 (custom)
2021-09-08 01:20:39,055 [pool-169-thread-1] INFO  server.RaftServerConfigKeys (ConfUtils.java:logGet(44)) - raft.server.snapshot.retention.file.num = 5 (custom)
2021-09-08 01:20:39,055 [pool-169-thread-1] INFO  server.RaftServerConfigKeys (ConfUtils.java:logGet(44)) - raft.server.log.purge.upto.snapshot.index = false (default)
2021-09-08 01:20:39,056 [pool-169-thread-1] INFO  server.RaftServerConfigKeys (ConfUtils.java:logGet(44)) - raft.server.retrycache.expirytime = 600000ms (custom)
2021-09-08 01:20:39,056 [pool-169-thread-1] INFO  server.RaftServerConfigKeys (ConfUtils.java:logGet(44)) - raft.server.retrycache.statistics.expirytime = 100μs (default)
2021-09-08 01:20:39,057 [pool-169-thread-1] INFO  server.RaftServer$Division (RaftServerImpl.java:start(296)) - c4ae24d6-167d-432b-819b-55d2c3b07854@group-1EB68C3D2DC0: start as a follower, conf=-1: [c4ae24d6-167d-432b-819b-55d2c3b07854|rpc:10.1.0.19:42675|priority:1], old=null
2021-09-08 01:20:39,057 [pool-169-thread-1] INFO  server.RaftServer$Division (RaftServerImpl.java:setRole(285)) - c4ae24d6-167d-432b-819b-55d2c3b07854@group-1EB68C3D2DC0: changes role from      null to FOLLOWER at term 0 for startAsFollower
2021-09-08 01:20:39,057 [pool-169-thread-1] INFO  impl.RoleInfo (RoleInfo.java:updateAndGet(130)) - c4ae24d6-167d-432b-819b-55d2c3b07854: start c4ae24d6-167d-432b-819b-55d2c3b07854@group-1EB68C3D2DC0-FollowerState
2021-09-08 01:20:39,058 [pool-169-thread-1] INFO  util.JmxRegister (JmxRegister.java:tryRegister(44)) - Successfully registered JMX Bean with object name Ratis:service=RaftServer,group=group-1EB68C3D2DC0,id=c4ae24d6-167d-432b-819b-55d2c3b07854
2021-09-08 01:20:39,058 [Command processor thread] INFO  ratis.XceiverServerRatis (XceiverServerRatis.java:addGroup(763)) - Created group PipelineID=6cf1b1ea-9253-4d06-8004-1eb68c3d2dc0
2021-09-08 01:20:39,058 [Command processor thread] INFO  commandhandler.CreatePipelineCommandHandler (CreatePipelineCommandHandler.java:handle(106)) - Created Pipeline RATIS ONE PipelineID=6cf1b1ea-9253-4d06-8004-1eb68c3d2dc0.
2021-09-08 01:20:39,059 [Command processor thread] INFO  server.RaftServer (RaftServerProxy.java:addNew(95)) - c4ae24d6-167d-432b-819b-55d2c3b07854: addNew group-BEA90EEC2AFB:[c4ae24d6-167d-432b-819b-55d2c3b07854|rpc:10.1.0.19:42675|priority:1, e7eadb9e-87f0-44a1-8347-22fb5259c06f|rpc:10.1.0.19:40669|priority:0, a5b729b8-cc77-4510-b256-3db79b728626|rpc:10.1.0.19:41785|priority:0] returns group-BEA90EEC2AFB:java.util.concurrent.CompletableFuture@5ea170b6[Not completed]
2021-09-08 01:20:39,060 [pool-169-thread-1] INFO  server.RaftServer$Division (RaftServerImpl.java:<init>(181)) - c4ae24d6-167d-432b-819b-55d2c3b07854: new RaftServerImpl for group-BEA90EEC2AFB:[c4ae24d6-167d-432b-819b-55d2c3b07854|rpc:10.1.0.19:42675|priority:1, e7eadb9e-87f0-44a1-8347-22fb5259c06f|rpc:10.1.0.19:40669|priority:0, a5b729b8-cc77-4510-b256-3db79b728626|rpc:10.1.0.19:41785|priority:0] with ContainerStateMachine:uninitialized
2021-09-08 01:20:39,060 [pool-169-thread-1] INFO  server.RaftServerConfigKeys (ConfUtils.java:logGet(44)) - raft.server.rpc.timeout.min = 5s (custom)
2021-09-08 01:20:39,060 [pool-169-thread-1] INFO  server.RaftServerConfigKeys (ConfUtils.java:logGet(44)) - raft.server.rpc.timeout.max = 5200ms (custom)
2021-09-08 01:20:39,060 [pool-169-thread-1] INFO  server.RaftServerConfigKeys (ConfUtils.java:logGet(44)) - raft.server.rpc.sleep.time = 25ms (default)
2021-09-08 01:20:39,060 [pool-169-thread-1] INFO  server.RaftServerConfigKeys (ConfUtils.java:logGet(44)) - raft.server.rpc.slowness.timeout = 300000ms (custom)
2021-09-08 01:20:39,060 [pool-169-thread-1] INFO  server.RaftServerConfigKeys (ConfUtils.java:logGet(44)) - raft.server.leaderelection.leader.step-down.wait-time = 10s (default)
2021-09-08 01:20:39,060 [pool-169-thread-1] INFO  server.RaftServerConfigKeys (ConfUtils.java:logGet(44)) - raft.server.sleep.deviation.threshold = 300ms (default)
2021-09-08 01:20:39,060 [pool-169-thread-1] INFO  server.RaftServerConfigKeys (ConfUtils.java:logGet(44)) - raft.server.log.appender.install.snapshot.enabled = false (custom)
2021-09-08 01:20:39,060 [pool-169-thread-1] INFO  server.RaftServer$Division (ServerState.java:<init>(105)) - c4ae24d6-167d-432b-819b-55d2c3b07854@group-BEA90EEC2AFB: ConfigurationManager, init=-1: [c4ae24d6-167d-432b-819b-55d2c3b07854|rpc:10.1.0.19:42675|priority:1, e7eadb9e-87f0-44a1-8347-22fb5259c06f|rpc:10.1.0.19:40669|priority:0, a5b729b8-cc77-4510-b256-3db79b728626|rpc:10.1.0.19:41785|priority:0], old=null, confs=<EMPTY_MAP>
2021-09-08 01:20:39,060 [pool-169-thread-1] INFO  server.RaftServerConfigKeys (ConfUtils.java:logGet(44)) - raft.server.storage.dir = [/home/runner/work/ozone/ozone/hadoop-ozone/integration-test/target/test-dir/MiniOzoneClusterImpl-0f12cb01-4002-4394-a01c-5903f1f0237a/datanode-6/data/ratis] (custom)
2021-09-08 01:20:39,060 [pool-169-thread-1] INFO  server.RaftServerConfigKeys (ConfUtils.java:logGet(44)) - raft.server.log.corruption.policy = EXCEPTION (default)
2021-09-08 01:20:39,060 [pool-169-thread-1] INFO  server.RaftServerConfigKeys (ConfUtils.java:logGet(44)) - raft.server.storage.free-space.min = 0MB (=0) (default)
2021-09-08 01:20:39,061 [pool-169-thread-1] INFO  storage.RaftStorageDirectory (RaftStorageDirectoryImpl.java:analyzeStorage(135)) - The storage directory /home/runner/work/ozone/ozone/hadoop-ozone/integration-test/target/test-dir/MiniOzoneClusterImpl-0f12cb01-4002-4394-a01c-5903f1f0237a/datanode-6/data/ratis/98ceae03-debc-4c23-819e-bea90eec2afb does not exist. Creating ...
2021-09-08 01:20:39,061 [pool-169-thread-1] INFO  storage.RaftStorageDirectory (RaftStorageDirectoryImpl.java:tryLock(230)) - Lock on /home/runner/work/ozone/ozone/hadoop-ozone/integration-test/target/test-dir/MiniOzoneClusterImpl-0f12cb01-4002-4394-a01c-5903f1f0237a/datanode-6/data/ratis/98ceae03-debc-4c23-819e-bea90eec2afb/in_use.lock acquired by nodename 2705@fv-az396-69
2021-09-08 01:20:39,064 [pool-169-thread-1] INFO  storage.RaftStorage (RaftStorageImpl.java:format(89)) - Storage directory /home/runner/work/ozone/ozone/hadoop-ozone/integration-test/target/test-dir/MiniOzoneClusterImpl-0f12cb01-4002-4394-a01c-5903f1f0237a/datanode-6/data/ratis/98ceae03-debc-4c23-819e-bea90eec2afb has been successfully formatted.
2021-09-08 01:20:39,064 [pool-169-thread-1] INFO  ratis.ContainerStateMachine (ContainerStateMachine.java:loadSnapshot(224)) - group-BEA90EEC2AFB: The snapshot info is null. Setting the last applied indexto:(t:0, i:~)
2021-09-08 01:20:39,065 [pool-169-thread-1] INFO  server.RaftServerConfigKeys (ConfUtils.java:logGet(44)) - raft.server.notification.no-leader.timeout = 300000ms (custom)
2021-09-08 01:20:39,066 [pool-169-thread-1] INFO  server.RaftServerConfigKeys (ConfUtils.java:logGet(44)) - raft.server.log.use.memory = false (default)
2021-09-08 01:20:39,066 [pool-169-thread-1] INFO  server.RaftServerConfigKeys (ConfUtils.java:logGet(44)) - raft.server.log.purge.gap = 1000000 (custom)
2021-09-08 01:20:39,066 [pool-169-thread-1] INFO  server.RaftServerConfigKeys (ConfUtils.java:logGet(44)) - raft.server.log.appender.buffer.byte-limit = 33554432 (custom)
2021-09-08 01:20:39,066 [EventQueue-OpenPipelineForHealthyPipelineSafeModeRule] INFO  safemode.SCMSafeModeManager (HealthyPipelineSafeModeRule.java:process(124)) - SCM in safe mode. Healthy pipelines reported count is 0, required healthy pipeline reported count is 1
2021-09-08 01:20:39,065 [Datanode State Machine Thread - 0] WARN  statemachine.StateContext (StateContext.java:execute(621)) - No available thread in pool for past 1 seconds.
2021-09-08 01:20:39,066 [pool-169-thread-1] INFO  server.RaftServerConfigKeys (ConfUtils.java:logGet(44)) - raft.server.log.segment.size.max = 1048576 (custom)
2021-09-08 01:20:39,067 [pool-169-thread-1] INFO  server.RaftServerConfigKeys (ConfUtils.java:logGet(44)) - raft.server.log.segment.cache.num.max = 2 (custom)
2021-09-08 01:20:39,067 [pool-169-thread-1] INFO  server.RaftServerConfigKeys (ConfUtils.java:logGet(44)) - raft.server.log.segment.cache.size.max = 200MB (=209715200) (default)
2021-09-08 01:20:39,067 [pool-169-thread-1] INFO  segmented.SegmentedRaftLogWorker (SegmentedRaftLogWorker.java:<init>(182)) - new c4ae24d6-167d-432b-819b-55d2c3b07854@group-BEA90EEC2AFB-SegmentedRaftLogWorker for RaftStorageImpl:Storage Directory /home/runner/work/ozone/ozone/hadoop-ozone/integration-test/target/test-dir/MiniOzoneClusterImpl-0f12cb01-4002-4394-a01c-5903f1f0237a/datanode-6/data/ratis/98ceae03-debc-4c23-819e-bea90eec2afb
2021-09-08 01:20:39,067 [pool-169-thread-1] INFO  server.RaftServerConfigKeys (ConfUtils.java:logGet(44)) - raft.server.log.queue.byte-limit = 2147483647 (custom)
2021-09-08 01:20:39,067 [pool-169-thread-1] INFO  server.RaftServerConfigKeys (ConfUtils.java:logGet(44)) - raft.server.log.queue.element-limit = 1024 (custom)
2021-09-08 01:20:39,067 [pool-169-thread-1] INFO  server.RaftServerConfigKeys (ConfUtils.java:logGet(44)) - raft.server.log.segment.size.max = 1048576 (custom)
2021-09-08 01:20:39,067 [pool-169-thread-1] INFO  server.RaftServerConfigKeys (ConfUtils.java:logGet(44)) - raft.server.log.preallocated.size = 16384 (custom)
2021-09-08 01:20:39,068 [pool-169-thread-1] INFO  server.RaftServerConfigKeys (ConfUtils.java:logGet(44)) - raft.server.log.force.sync.num = 128 (default)
2021-09-08 01:20:39,068 [pool-169-thread-1] INFO  server.RaftServerConfigKeys (ConfUtils.java:logGet(44)) - raft.server.log.statemachine.data.sync = true (default)
2021-09-08 01:20:39,068 [pool-169-thread-1] INFO  server.RaftServerConfigKeys (ConfUtils.java:logGet(44)) - raft.server.log.statemachine.data.sync.timeout = 10s (default)
2021-09-08 01:20:39,068 [pool-169-thread-1] INFO  server.RaftServerConfigKeys (ConfUtils.java:logGet(44)) - raft.server.log.statemachine.data.sync.timeout.retry = -1 (default)
2021-09-08 01:20:39,069 [pool-169-thread-1] INFO  server.RaftServerConfigKeys (ConfUtils.java:logGet(44)) - raft.server.log.write.buffer.size = 1048576 (custom)
2021-09-08 01:20:39,069 [pool-169-thread-1] INFO  server.RaftServerConfigKeys (ConfUtils.java:logGet(44)) - raft.server.log.statemachine.data.caching.enabled = true (custom)
2021-09-08 01:20:39,070 [pool-169-thread-1] INFO  segmented.SegmentedRaftLogWorker (SegmentedRaftLogWorker.java:lambda$new$0(133)) - c4ae24d6-167d-432b-819b-55d2c3b07854@group-BEA90EEC2AFB-SegmentedRaftLogWorker: flushIndex: setUnconditionally 0 -> -1
2021-09-08 01:20:39,070 [pool-169-thread-1] INFO  segmented.SegmentedRaftLogWorker (SegmentedRaftLogWorker.java:lambda$new$0(133)) - c4ae24d6-167d-432b-819b-55d2c3b07854@group-BEA90EEC2AFB-SegmentedRaftLogWorker: safeCacheEvictIndex: setUnconditionally 0 -> -1
2021-09-08 01:20:39,070 [pool-169-thread-1] INFO  server.RaftServerConfigKeys (ConfUtils.java:logGet(44)) - raft.server.snapshot.auto.trigger.enabled = true (custom)
2021-09-08 01:20:39,070 [pool-169-thread-1] INFO  server.RaftServerConfigKeys (ConfUtils.java:logGet(44)) - raft.server.snapshot.auto.trigger.threshold = 10000 (custom)
2021-09-08 01:20:39,070 [pool-169-thread-1] INFO  server.RaftServerConfigKeys (ConfUtils.java:logGet(44)) - raft.server.snapshot.retention.file.num = 5 (custom)
2021-09-08 01:20:39,070 [pool-169-thread-1] INFO  server.RaftServerConfigKeys (ConfUtils.java:logGet(44)) - raft.server.log.purge.upto.snapshot.index = false (default)
2021-09-08 01:20:39,071 [pool-169-thread-1] INFO  server.RaftServerConfigKeys (ConfUtils.java:logGet(44)) - raft.server.retrycache.expirytime = 600000ms (custom)
2021-09-08 01:20:39,071 [pool-169-thread-1] INFO  server.RaftServerConfigKeys (ConfUtils.java:logGet(44)) - raft.server.retrycache.statistics.expirytime = 100μs (default)
2021-09-08 01:20:39,072 [pool-169-thread-1] INFO  server.RaftServer$Division (RaftServerImpl.java:start(296)) - c4ae24d6-167d-432b-819b-55d2c3b07854@group-BEA90EEC2AFB: start as a follower, conf=-1: [c4ae24d6-167d-432b-819b-55d2c3b07854|rpc:10.1.0.19:42675|priority:1, e7eadb9e-87f0-44a1-8347-22fb5259c06f|rpc:10.1.0.19:40669|priority:0, a5b729b8-cc77-4510-b256-3db79b728626|rpc:10.1.0.19:41785|priority:0], old=null
2021-09-08 01:20:39,072 [pool-169-thread-1] INFO  server.RaftServer$Division (RaftServerImpl.java:setRole(285)) - c4ae24d6-167d-432b-819b-55d2c3b07854@group-BEA90EEC2AFB: changes role from      null to FOLLOWER at term 0 for startAsFollower
2021-09-08 01:20:39,072 [pool-169-thread-1] INFO  impl.RoleInfo (RoleInfo.java:updateAndGet(130)) - c4ae24d6-167d-432b-819b-55d2c3b07854: start c4ae24d6-167d-432b-819b-55d2c3b07854@group-BEA90EEC2AFB-FollowerState
2021-09-08 01:20:39,072 [pool-169-thread-1] INFO  util.JmxRegister (JmxRegister.java:tryRegister(44)) - Successfully registered JMX Bean with object name Ratis:service=RaftServer,group=group-BEA90EEC2AFB,id=c4ae24d6-167d-432b-819b-55d2c3b07854
2021-09-08 01:20:39,075 [Command processor thread] INFO  ratis.XceiverServerRatis (XceiverServerRatis.java:addGroup(763)) - Created group PipelineID=98ceae03-debc-4c23-819e-bea90eec2afb
2021-09-08 01:20:39,088 [grpc-default-executor-0] INFO  server.RaftServer (RaftServerProxy.java:addNew(95)) - e7eadb9e-87f0-44a1-8347-22fb5259c06f: addNew group-BEA90EEC2AFB:[c4ae24d6-167d-432b-819b-55d2c3b07854|rpc:10.1.0.19:42675|dataStream:|priority:1, e7eadb9e-87f0-44a1-8347-22fb5259c06f|rpc:10.1.0.19:40669|dataStream:|priority:0, a5b729b8-cc77-4510-b256-3db79b728626|rpc:10.1.0.19:41785|dataStream:|priority:0] returns group-BEA90EEC2AFB:java.util.concurrent.CompletableFuture@71021495[Not completed]
2021-09-08 01:20:39,089 [pool-188-thread-1] INFO  server.RaftServer$Division (RaftServerImpl.java:<init>(181)) - e7eadb9e-87f0-44a1-8347-22fb5259c06f: new RaftServerImpl for group-BEA90EEC2AFB:[c4ae24d6-167d-432b-819b-55d2c3b07854|rpc:10.1.0.19:42675|dataStream:|priority:1, e7eadb9e-87f0-44a1-8347-22fb5259c06f|rpc:10.1.0.19:40669|dataStream:|priority:0, a5b729b8-cc77-4510-b256-3db79b728626|rpc:10.1.0.19:41785|dataStream:|priority:0] with ContainerStateMachine:uninitialized
2021-09-08 01:20:39,089 [pool-188-thread-1] INFO  server.RaftServerConfigKeys (ConfUtils.java:logGet(44)) - raft.server.rpc.timeout.min = 5s (custom)
2021-09-08 01:20:39,089 [pool-188-thread-1] INFO  server.RaftServerConfigKeys (ConfUtils.java:logGet(44)) - raft.server.rpc.timeout.max = 5200ms (custom)
2021-09-08 01:20:39,089 [pool-188-thread-1] INFO  server.RaftServerConfigKeys (ConfUtils.java:logGet(44)) - raft.server.rpc.sleep.time = 25ms (default)
2021-09-08 01:20:39,089 [pool-188-thread-1] INFO  server.RaftServerConfigKeys (ConfUtils.java:logGet(44)) - raft.server.rpc.slowness.timeout = 300000ms (custom)
2021-09-08 01:20:39,089 [pool-188-thread-1] INFO  server.RaftServerConfigKeys (ConfUtils.java:logGet(44)) - raft.server.leaderelection.leader.step-down.wait-time = 10s (default)
2021-09-08 01:20:39,090 [pool-188-thread-1] INFO  server.RaftServerConfigKeys (ConfUtils.java:logGet(44)) - raft.server.sleep.deviation.threshold = 300ms (default)
2021-09-08 01:20:39,090 [pool-188-thread-1] INFO  server.RaftServerConfigKeys (ConfUtils.java:logGet(44)) - raft.server.log.appender.install.snapshot.enabled = false (custom)
2021-09-08 01:20:39,090 [pool-188-thread-1] INFO  server.RaftServer$Division (ServerState.java:<init>(105)) - e7eadb9e-87f0-44a1-8347-22fb5259c06f@group-BEA90EEC2AFB: ConfigurationManager, init=-1: [c4ae24d6-167d-432b-819b-55d2c3b07854|rpc:10.1.0.19:42675|dataStream:|priority:1, e7eadb9e-87f0-44a1-8347-22fb5259c06f|rpc:10.1.0.19:40669|dataStream:|priority:0, a5b729b8-cc77-4510-b256-3db79b728626|rpc:10.1.0.19:41785|dataStream:|priority:0], old=null, confs=<EMPTY_MAP>
2021-09-08 01:20:39,090 [pool-188-thread-1] INFO  server.RaftServerConfigKeys (ConfUtils.java:logGet(44)) - raft.server.storage.dir = [/home/runner/work/ozone/ozone/hadoop-ozone/integration-test/target/test-dir/MiniOzoneClusterImpl-0f12cb01-4002-4394-a01c-5903f1f0237a/datanode-7/data/ratis] (custom)
2021-09-08 01:20:39,090 [pool-188-thread-1] INFO  server.RaftServerConfigKeys (ConfUtils.java:logGet(44)) - raft.server.log.corruption.policy = EXCEPTION (default)
2021-09-08 01:20:39,090 [pool-188-thread-1] INFO  server.RaftServerConfigKeys (ConfUtils.java:logGet(44)) - raft.server.storage.free-space.min = 0MB (=0) (default)
2021-09-08 01:20:39,090 [pool-188-thread-1] INFO  storage.RaftStorageDirectory (RaftStorageDirectoryImpl.java:analyzeStorage(135)) - The storage directory /home/runner/work/ozone/ozone/hadoop-ozone/integration-test/target/test-dir/MiniOzoneClusterImpl-0f12cb01-4002-4394-a01c-5903f1f0237a/datanode-7/data/ratis/98ceae03-debc-4c23-819e-bea90eec2afb does not exist. Creating ...
2021-09-08 01:20:39,091 [pool-188-thread-1] INFO  storage.RaftStorageDirectory (RaftStorageDirectoryImpl.java:tryLock(230)) - Lock on /home/runner/work/ozone/ozone/hadoop-ozone/integration-test/target/test-dir/MiniOzoneClusterImpl-0f12cb01-4002-4394-a01c-5903f1f0237a/datanode-7/data/ratis/98ceae03-debc-4c23-819e-bea90eec2afb/in_use.lock acquired by nodename 2705@fv-az396-69
2021-09-08 01:20:39,092 [pool-188-thread-1] INFO  storage.RaftStorage (RaftStorageImpl.java:format(89)) - Storage directory /home/runner/work/ozone/ozone/hadoop-ozone/integration-test/target/test-dir/MiniOzoneClusterImpl-0f12cb01-4002-4394-a01c-5903f1f0237a/datanode-7/data/ratis/98ceae03-debc-4c23-819e-bea90eec2afb has been successfully formatted.
2021-09-08 01:20:39,094 [Datanode State Machine Thread - 0] WARN  statemachine.StateContext (StateContext.java:execute(621)) - No available thread in pool for past 1 seconds.
2021-09-08 01:20:39,096 [pool-188-thread-1] INFO  ratis.ContainerStateMachine (ContainerStateMachine.java:loadSnapshot(224)) - group-BEA90EEC2AFB: The snapshot info is null. Setting the last applied indexto:(t:0, i:~)
2021-09-08 01:20:39,096 [pool-188-thread-1] INFO  server.RaftServerConfigKeys (ConfUtils.java:logGet(44)) - raft.server.notification.no-leader.timeout = 300000ms (custom)
2021-09-08 01:20:39,096 [pool-188-thread-1] INFO  server.RaftServerConfigKeys (ConfUtils.java:logGet(44)) - raft.server.log.use.memory = false (default)
2021-09-08 01:20:39,096 [pool-188-thread-1] INFO  server.RaftServerConfigKeys (ConfUtils.java:logGet(44)) - raft.server.log.purge.gap = 1000000 (custom)
2021-09-08 01:20:39,096 [pool-188-thread-1] INFO  server.RaftServerConfigKeys (ConfUtils.java:logGet(44)) - raft.server.log.appender.buffer.byte-limit = 33554432 (custom)
2021-09-08 01:20:39,096 [pool-188-thread-1] INFO  server.RaftServerConfigKeys (ConfUtils.java:logGet(44)) - raft.server.log.segment.size.max = 1048576 (custom)
2021-09-08 01:20:39,097 [pool-188-thread-1] INFO  server.RaftServerConfigKeys (ConfUtils.java:logGet(44)) - raft.server.log.segment.cache.num.max = 2 (custom)
2021-09-08 01:20:39,097 [pool-188-thread-1] INFO  server.RaftServerConfigKeys (ConfUtils.java:logGet(44)) - raft.server.log.segment.cache.size.max = 200MB (=209715200) (default)
2021-09-08 01:20:39,097 [pool-188-thread-1] INFO  segmented.SegmentedRaftLogWorker (SegmentedRaftLogWorker.java:<init>(182)) - new e7eadb9e-87f0-44a1-8347-22fb5259c06f@group-BEA90EEC2AFB-SegmentedRaftLogWorker for RaftStorageImpl:Storage Directory /home/runner/work/ozone/ozone/hadoop-ozone/integration-test/target/test-dir/MiniOzoneClusterImpl-0f12cb01-4002-4394-a01c-5903f1f0237a/datanode-7/data/ratis/98ceae03-debc-4c23-819e-bea90eec2afb
2021-09-08 01:20:39,097 [pool-188-thread-1] INFO  server.RaftServerConfigKeys (ConfUtils.java:logGet(44)) - raft.server.log.queue.byte-limit = 2147483647 (custom)
2021-09-08 01:20:39,097 [pool-188-thread-1] INFO  server.RaftServerConfigKeys (ConfUtils.java:logGet(44)) - raft.server.log.queue.element-limit = 1024 (custom)
2021-09-08 01:20:39,097 [pool-188-thread-1] INFO  server.RaftServerConfigKeys (ConfUtils.java:logGet(44)) - raft.server.log.segment.size.max = 1048576 (custom)
2021-09-08 01:20:39,097 [pool-188-thread-1] INFO  server.RaftServerConfigKeys (ConfUtils.java:logGet(44)) - raft.server.log.preallocated.size = 16384 (custom)
2021-09-08 01:20:39,097 [pool-188-thread-1] INFO  server.RaftServerConfigKeys (ConfUtils.java:logGet(44)) - raft.server.log.force.sync.num = 128 (default)
2021-09-08 01:20:39,098 [pool-188-thread-1] INFO  server.RaftServerConfigKeys (ConfUtils.java:logGet(44)) - raft.server.log.statemachine.data.sync = true (default)
2021-09-08 01:20:39,098 [pool-188-thread-1] INFO  server.RaftServerConfigKeys (ConfUtils.java:logGet(44)) - raft.server.log.statemachine.data.sync.timeout = 10s (default)
2021-09-08 01:20:39,098 [pool-188-thread-1] INFO  server.RaftServerConfigKeys (ConfUtils.java:logGet(44)) - raft.server.log.statemachine.data.sync.timeout.retry = -1 (default)
2021-09-08 01:20:39,099 [pool-188-thread-1] INFO  server.RaftServerConfigKeys (ConfUtils.java:logGet(44)) - raft.server.log.write.buffer.size = 1048576 (custom)
2021-09-08 01:20:39,099 [pool-188-thread-1] INFO  server.RaftServerConfigKeys (ConfUtils.java:logGet(44)) - raft.server.log.statemachine.data.caching.enabled = true (custom)
2021-09-08 01:20:39,099 [pool-188-thread-1] INFO  segmented.SegmentedRaftLogWorker (SegmentedRaftLogWorker.java:lambda$new$0(133)) - e7eadb9e-87f0-44a1-8347-22fb5259c06f@group-BEA90EEC2AFB-SegmentedRaftLogWorker: flushIndex: setUnconditionally 0 -> -1
2021-09-08 01:20:39,099 [pool-188-thread-1] INFO  segmented.SegmentedRaftLogWorker (SegmentedRaftLogWorker.java:lambda$new$0(133)) - e7eadb9e-87f0-44a1-8347-22fb5259c06f@group-BEA90EEC2AFB-SegmentedRaftLogWorker: safeCacheEvictIndex: setUnconditionally 0 -> -1
2021-09-08 01:20:39,099 [pool-188-thread-1] INFO  server.RaftServerConfigKeys (ConfUtils.java:logGet(44)) - raft.server.snapshot.auto.trigger.enabled = true (custom)
2021-09-08 01:20:39,099 [pool-188-thread-1] INFO  server.RaftServerConfigKeys (ConfUtils.java:logGet(44)) - raft.server.snapshot.auto.trigger.threshold = 10000 (custom)
2021-09-08 01:20:39,099 [pool-188-thread-1] INFO  server.RaftServerConfigKeys (ConfUtils.java:logGet(44)) - raft.server.snapshot.retention.file.num = 5 (custom)
2021-09-08 01:20:39,099 [pool-188-thread-1] INFO  server.RaftServerConfigKeys (ConfUtils.java:logGet(44)) - raft.server.log.purge.upto.snapshot.index = false (default)
2021-09-08 01:20:39,099 [pool-188-thread-1] INFO  server.RaftServerConfigKeys (ConfUtils.java:logGet(44)) - raft.server.retrycache.expirytime = 600000ms (custom)
2021-09-08 01:20:39,100 [pool-188-thread-1] INFO  server.RaftServerConfigKeys (ConfUtils.java:logGet(44)) - raft.server.retrycache.statistics.expirytime = 100μs (default)
2021-09-08 01:20:39,101 [pool-188-thread-1] INFO  server.RaftServer$Division (RaftServerImpl.java:start(296)) - e7eadb9e-87f0-44a1-8347-22fb5259c06f@group-BEA90EEC2AFB: start as a follower, conf=-1: [c4ae24d6-167d-432b-819b-55d2c3b07854|rpc:10.1.0.19:42675|dataStream:|priority:1, e7eadb9e-87f0-44a1-8347-22fb5259c06f|rpc:10.1.0.19:40669|dataStream:|priority:0, a5b729b8-cc77-4510-b256-3db79b728626|rpc:10.1.0.19:41785|dataStream:|priority:0], old=null
2021-09-08 01:20:39,101 [pool-188-thread-1] INFO  server.RaftServer$Division (RaftServerImpl.java:setRole(285)) - e7eadb9e-87f0-44a1-8347-22fb5259c06f@group-BEA90EEC2AFB: changes role from      null to FOLLOWER at term 0 for startAsFollower
2021-09-08 01:20:39,101 [pool-188-thread-1] INFO  impl.RoleInfo (RoleInfo.java:updateAndGet(130)) - e7eadb9e-87f0-44a1-8347-22fb5259c06f: start e7eadb9e-87f0-44a1-8347-22fb5259c06f@group-BEA90EEC2AFB-FollowerState
2021-09-08 01:20:39,104 [pool-188-thread-1] INFO  util.JmxRegister (JmxRegister.java:tryRegister(44)) - Successfully registered JMX Bean with object name Ratis:service=RaftServer,group=group-BEA90EEC2AFB,id=e7eadb9e-87f0-44a1-8347-22fb5259c06f
2021-09-08 01:20:39,124 [grpc-default-executor-0] INFO  server.RaftServer (RaftServerProxy.java:addNew(95)) - a5b729b8-cc77-4510-b256-3db79b728626: addNew group-BEA90EEC2AFB:[c4ae24d6-167d-432b-819b-55d2c3b07854|rpc:10.1.0.19:42675|dataStream:|priority:1, e7eadb9e-87f0-44a1-8347-22fb5259c06f|rpc:10.1.0.19:40669|dataStream:|priority:0, a5b729b8-cc77-4510-b256-3db79b728626|rpc:10.1.0.19:41785|dataStream:|priority:0] returns group-BEA90EEC2AFB:java.util.concurrent.CompletableFuture@1cf711db[Not completed]
2021-09-08 01:20:39,128 [pool-207-thread-1] INFO  server.RaftServer$Division (RaftServerImpl.java:<init>(181)) - a5b729b8-cc77-4510-b256-3db79b728626: new RaftServerImpl for group-BEA90EEC2AFB:[c4ae24d6-167d-432b-819b-55d2c3b07854|rpc:10.1.0.19:42675|dataStream:|priority:1, e7eadb9e-87f0-44a1-8347-22fb5259c06f|rpc:10.1.0.19:40669|dataStream:|priority:0, a5b729b8-cc77-4510-b256-3db79b728626|rpc:10.1.0.19:41785|dataStream:|priority:0] with ContainerStateMachine:uninitialized
2021-09-08 01:20:39,128 [pool-207-thread-1] INFO  server.RaftServerConfigKeys (ConfUtils.java:logGet(44)) - raft.server.rpc.timeout.min = 5s (custom)
2021-09-08 01:20:39,128 [pool-207-thread-1] INFO  server.RaftServerConfigKeys (ConfUtils.java:logGet(44)) - raft.server.rpc.timeout.max = 5200ms (custom)
2021-09-08 01:20:39,128 [pool-207-thread-1] INFO  server.RaftServerConfigKeys (ConfUtils.java:logGet(44)) - raft.server.rpc.sleep.time = 25ms (default)
2021-09-08 01:20:39,128 [pool-207-thread-1] INFO  server.RaftServerConfigKeys (ConfUtils.java:logGet(44)) - raft.server.rpc.slowness.timeout = 300000ms (custom)
2021-09-08 01:20:39,129 [pool-207-thread-1] INFO  server.RaftServerConfigKeys (ConfUtils.java:logGet(44)) - raft.server.leaderelection.leader.step-down.wait-time = 10s (default)
2021-09-08 01:20:39,129 [pool-207-thread-1] INFO  server.RaftServerConfigKeys (ConfUtils.java:logGet(44)) - raft.server.sleep.deviation.threshold = 300ms (default)
2021-09-08 01:20:39,129 [pool-207-thread-1] INFO  server.RaftServerConfigKeys (ConfUtils.java:logGet(44)) - raft.server.log.appender.install.snapshot.enabled = false (custom)
2021-09-08 01:20:39,129 [pool-207-thread-1] INFO  server.RaftServer$Division (ServerState.java:<init>(105)) - a5b729b8-cc77-4510-b256-3db79b728626@group-BEA90EEC2AFB: ConfigurationManager, init=-1: [c4ae24d6-167d-432b-819b-55d2c3b07854|rpc:10.1.0.19:42675|dataStream:|priority:1, e7eadb9e-87f0-44a1-8347-22fb5259c06f|rpc:10.1.0.19:40669|dataStream:|priority:0, a5b729b8-cc77-4510-b256-3db79b728626|rpc:10.1.0.19:41785|dataStream:|priority:0], old=null, confs=<EMPTY_MAP>
2021-09-08 01:20:39,129 [pool-207-thread-1] INFO  server.RaftServerConfigKeys (ConfUtils.java:logGet(44)) - raft.server.storage.dir = [/home/runner/work/ozone/ozone/hadoop-ozone/integration-test/target/test-dir/MiniOzoneClusterImpl-0f12cb01-4002-4394-a01c-5903f1f0237a/datanode-8/data/ratis] (custom)
2021-09-08 01:20:39,130 [pool-207-thread-1] INFO  server.RaftServerConfigKeys (ConfUtils.java:logGet(44)) - raft.server.log.corruption.policy = EXCEPTION (default)
2021-09-08 01:20:39,130 [pool-207-thread-1] INFO  server.RaftServerConfigKeys (ConfUtils.java:logGet(44)) - raft.server.storage.free-space.min = 0MB (=0) (default)
2021-09-08 01:20:39,130 [pool-207-thread-1] INFO  storage.RaftStorageDirectory (RaftStorageDirectoryImpl.java:analyzeStorage(135)) - The storage directory /home/runner/work/ozone/ozone/hadoop-ozone/integration-test/target/test-dir/MiniOzoneClusterImpl-0f12cb01-4002-4394-a01c-5903f1f0237a/datanode-8/data/ratis/98ceae03-debc-4c23-819e-bea90eec2afb does not exist. Creating ...
2021-09-08 01:20:39,131 [pool-207-thread-1] INFO  storage.RaftStorageDirectory (RaftStorageDirectoryImpl.java:tryLock(230)) - Lock on /home/runner/work/ozone/ozone/hadoop-ozone/integration-test/target/test-dir/MiniOzoneClusterImpl-0f12cb01-4002-4394-a01c-5903f1f0237a/datanode-8/data/ratis/98ceae03-debc-4c23-819e-bea90eec2afb/in_use.lock acquired by nodename 2705@fv-az396-69
2021-09-08 01:20:39,132 [pool-207-thread-1] INFO  storage.RaftStorage (RaftStorageImpl.java:format(89)) - Storage directory /home/runner/work/ozone/ozone/hadoop-ozone/integration-test/target/test-dir/MiniOzoneClusterImpl-0f12cb01-4002-4394-a01c-5903f1f0237a/datanode-8/data/ratis/98ceae03-debc-4c23-819e-bea90eec2afb has been successfully formatted.
2021-09-08 01:20:39,135 [pool-207-thread-1] INFO  ratis.ContainerStateMachine (ContainerStateMachine.java:loadSnapshot(224)) - group-BEA90EEC2AFB: The snapshot info is null. Setting the last applied indexto:(t:0, i:~)
2021-09-08 01:20:39,135 [pool-207-thread-1] INFO  server.RaftServerConfigKeys (ConfUtils.java:logGet(44)) - raft.server.notification.no-leader.timeout = 300000ms (custom)
2021-09-08 01:20:39,135 [pool-207-thread-1] INFO  server.RaftServerConfigKeys (ConfUtils.java:logGet(44)) - raft.server.log.use.memory = false (default)
2021-09-08 01:20:39,135 [pool-207-thread-1] INFO  server.RaftServerConfigKeys (ConfUtils.java:logGet(44)) - raft.server.log.purge.gap = 1000000 (custom)
2021-09-08 01:20:39,136 [pool-207-thread-1] INFO  server.RaftServerConfigKeys (ConfUtils.java:logGet(44)) - raft.server.log.appender.buffer.byte-limit = 33554432 (custom)
2021-09-08 01:20:39,136 [pool-207-thread-1] INFO  server.RaftServerConfigKeys (ConfUtils.java:logGet(44)) - raft.server.log.segment.size.max = 1048576 (custom)
2021-09-08 01:20:39,137 [pool-207-thread-1] INFO  server.RaftServerConfigKeys (ConfUtils.java:logGet(44)) - raft.server.log.segment.cache.num.max = 2 (custom)
2021-09-08 01:20:39,137 [pool-207-thread-1] INFO  server.RaftServerConfigKeys (ConfUtils.java:logGet(44)) - raft.server.log.segment.cache.size.max = 200MB (=209715200) (default)
2021-09-08 01:20:39,137 [pool-207-thread-1] INFO  segmented.SegmentedRaftLogWorker (SegmentedRaftLogWorker.java:<init>(182)) - new a5b729b8-cc77-4510-b256-3db79b728626@group-BEA90EEC2AFB-SegmentedRaftLogWorker for RaftStorageImpl:Storage Directory /home/runner/work/ozone/ozone/hadoop-ozone/integration-test/target/test-dir/MiniOzoneClusterImpl-0f12cb01-4002-4394-a01c-5903f1f0237a/datanode-8/data/ratis/98ceae03-debc-4c23-819e-bea90eec2afb
2021-09-08 01:20:39,137 [pool-207-thread-1] INFO  server.RaftServerConfigKeys (ConfUtils.java:logGet(44)) - raft.server.log.queue.byte-limit = 2147483647 (custom)
2021-09-08 01:20:39,137 [pool-207-thread-1] INFO  server.RaftServerConfigKeys (ConfUtils.java:logGet(44)) - raft.server.log.queue.element-limit = 1024 (custom)
2021-09-08 01:20:39,137 [pool-207-thread-1] INFO  server.RaftServerConfigKeys (ConfUtils.java:logGet(44)) - raft.server.log.segment.size.max = 1048576 (custom)
2021-09-08 01:20:39,137 [pool-207-thread-1] INFO  server.RaftServerConfigKeys (ConfUtils.java:logGet(44)) - raft.server.log.preallocated.size = 16384 (custom)
2021-09-08 01:20:39,138 [pool-207-thread-1] INFO  server.RaftServerConfigKeys (ConfUtils.java:logGet(44)) - raft.server.log.force.sync.num = 128 (default)
2021-09-08 01:20:39,138 [pool-207-thread-1] INFO  server.RaftServerConfigKeys (ConfUtils.java:logGet(44)) - raft.server.log.statemachine.data.sync = true (default)
2021-09-08 01:20:39,138 [pool-207-thread-1] INFO  server.RaftServerConfigKeys (ConfUtils.java:logGet(44)) - raft.server.log.statemachine.data.sync.timeout = 10s (default)
2021-09-08 01:20:39,138 [pool-207-thread-1] INFO  server.RaftServerConfigKeys (ConfUtils.java:logGet(44)) - raft.server.log.statemachine.data.sync.timeout.retry = -1 (default)
2021-09-08 01:20:39,139 [pool-207-thread-1] INFO  server.RaftServerConfigKeys (ConfUtils.java:logGet(44)) - raft.server.log.write.buffer.size = 1048576 (custom)
2021-09-08 01:20:39,140 [pool-207-thread-1] INFO  server.RaftServerConfigKeys (ConfUtils.java:logGet(44)) - raft.server.log.statemachine.data.caching.enabled = true (custom)
2021-09-08 01:20:39,140 [pool-207-thread-1] INFO  segmented.SegmentedRaftLogWorker (SegmentedRaftLogWorker.java:lambda$new$0(133)) - a5b729b8-cc77-4510-b256-3db79b728626@group-BEA90EEC2AFB-SegmentedRaftLogWorker: flushIndex: setUnconditionally 0 -> -1
2021-09-08 01:20:39,141 [pool-207-thread-1] INFO  segmented.SegmentedRaftLogWorker (SegmentedRaftLogWorker.java:lambda$new$0(133)) - a5b729b8-cc77-4510-b256-3db79b728626@group-BEA90EEC2AFB-SegmentedRaftLogWorker: safeCacheEvictIndex: setUnconditionally 0 -> -1
2021-09-08 01:20:39,144 [pool-207-thread-1] INFO  server.RaftServerConfigKeys (ConfUtils.java:logGet(44)) - raft.server.snapshot.auto.trigger.enabled = true (custom)
2021-09-08 01:20:39,144 [pool-207-thread-1] INFO  server.RaftServerConfigKeys (ConfUtils.java:logGet(44)) - raft.server.snapshot.auto.trigger.threshold = 10000 (custom)
2021-09-08 01:20:39,144 [pool-207-thread-1] INFO  server.RaftServerConfigKeys (ConfUtils.java:logGet(44)) - raft.server.snapshot.retention.file.num = 5 (custom)
2021-09-08 01:20:39,144 [pool-207-thread-1] INFO  server.RaftServerConfigKeys (ConfUtils.java:logGet(44)) - raft.server.log.purge.upto.snapshot.index = false (default)
2021-09-08 01:20:39,144 [pool-207-thread-1] INFO  server.RaftServerConfigKeys (ConfUtils.java:logGet(44)) - raft.server.retrycache.expirytime = 600000ms (custom)
2021-09-08 01:20:39,144 [pool-207-thread-1] INFO  server.RaftServerConfigKeys (ConfUtils.java:logGet(44)) - raft.server.retrycache.statistics.expirytime = 100μs (default)
2021-09-08 01:20:39,146 [pool-207-thread-1] INFO  server.RaftServer$Division (RaftServerImpl.java:start(296)) - a5b729b8-cc77-4510-b256-3db79b728626@group-BEA90EEC2AFB: start as a follower, conf=-1: [c4ae24d6-167d-432b-819b-55d2c3b07854|rpc:10.1.0.19:42675|dataStream:|priority:1, e7eadb9e-87f0-44a1-8347-22fb5259c06f|rpc:10.1.0.19:40669|dataStream:|priority:0, a5b729b8-cc77-4510-b256-3db79b728626|rpc:10.1.0.19:41785|dataStream:|priority:0], old=null
2021-09-08 01:20:39,146 [pool-207-thread-1] INFO  server.RaftServer$Division (RaftServerImpl.java:setRole(285)) - a5b729b8-cc77-4510-b256-3db79b728626@group-BEA90EEC2AFB: changes role from      null to FOLLOWER at term 0 for startAsFollower
2021-09-08 01:20:39,146 [pool-207-thread-1] INFO  impl.RoleInfo (RoleInfo.java:updateAndGet(130)) - a5b729b8-cc77-4510-b256-3db79b728626: start a5b729b8-cc77-4510-b256-3db79b728626@group-BEA90EEC2AFB-FollowerState
2021-09-08 01:20:39,146 [pool-207-thread-1] INFO  util.JmxRegister (JmxRegister.java:tryRegister(44)) - Successfully registered JMX Bean with object name Ratis:service=RaftServer,group=group-BEA90EEC2AFB,id=a5b729b8-cc77-4510-b256-3db79b728626
2021-09-08 01:20:39,155 [Command processor thread] INFO  commandhandler.CreatePipelineCommandHandler (CreatePipelineCommandHandler.java:handle(106)) - Created Pipeline RATIS THREE PipelineID=98ceae03-debc-4c23-819e-bea90eec2afb.
2021-09-08 01:20:39,208 [Command processor thread] INFO  server.RaftServer (RaftServerProxy.java:addNew(95)) - e7eadb9e-87f0-44a1-8347-22fb5259c06f: addNew group-F6FCB56752EC:[e7eadb9e-87f0-44a1-8347-22fb5259c06f|rpc:10.1.0.19:40669|priority:1] returns group-F6FCB56752EC:java.util.concurrent.CompletableFuture@78f84411[Not completed]
2021-09-08 01:20:39,209 [pool-188-thread-1] INFO  server.RaftServer$Division (RaftServerImpl.java:<init>(181)) - e7eadb9e-87f0-44a1-8347-22fb5259c06f: new RaftServerImpl for group-F6FCB56752EC:[e7eadb9e-87f0-44a1-8347-22fb5259c06f|rpc:10.1.0.19:40669|priority:1] with ContainerStateMachine:uninitialized
2021-09-08 01:20:39,209 [pool-188-thread-1] INFO  server.RaftServerConfigKeys (ConfUtils.java:logGet(44)) - raft.server.rpc.timeout.min = 5s (custom)
2021-09-08 01:20:39,209 [pool-188-thread-1] INFO  server.RaftServerConfigKeys (ConfUtils.java:logGet(44)) - raft.server.rpc.timeout.max = 5200ms (custom)
2021-09-08 01:20:39,209 [pool-188-thread-1] INFO  server.RaftServerConfigKeys (ConfUtils.java:logGet(44)) - raft.server.rpc.sleep.time = 25ms (default)
2021-09-08 01:20:39,209 [pool-188-thread-1] INFO  server.RaftServerConfigKeys (ConfUtils.java:logGet(44)) - raft.server.rpc.slowness.timeout = 300000ms (custom)
2021-09-08 01:20:39,209 [pool-188-thread-1] INFO  server.RaftServerConfigKeys (ConfUtils.java:logGet(44)) - raft.server.leaderelection.leader.step-down.wait-time = 10s (default)
2021-09-08 01:20:39,209 [pool-188-thread-1] INFO  server.RaftServerConfigKeys (ConfUtils.java:logGet(44)) - raft.server.sleep.deviation.threshold = 300ms (default)
2021-09-08 01:20:39,209 [pool-188-thread-1] INFO  server.RaftServerConfigKeys (ConfUtils.java:logGet(44)) - raft.server.log.appender.install.snapshot.enabled = false (custom)
2021-09-08 01:20:39,209 [pool-188-thread-1] INFO  server.RaftServer$Division (ServerState.java:<init>(105)) - e7eadb9e-87f0-44a1-8347-22fb5259c06f@group-F6FCB56752EC: ConfigurationManager, init=-1: [e7eadb9e-87f0-44a1-8347-22fb5259c06f|rpc:10.1.0.19:40669|priority:1], old=null, confs=<EMPTY_MAP>
2021-09-08 01:20:39,209 [pool-188-thread-1] INFO  server.RaftServerConfigKeys (ConfUtils.java:logGet(44)) - raft.server.storage.dir = [/home/runner/work/ozone/ozone/hadoop-ozone/integration-test/target/test-dir/MiniOzoneClusterImpl-0f12cb01-4002-4394-a01c-5903f1f0237a/datanode-7/data/ratis] (custom)
2021-09-08 01:20:39,210 [pool-188-thread-1] INFO  server.RaftServerConfigKeys (ConfUtils.java:logGet(44)) - raft.server.log.corruption.policy = EXCEPTION (default)
2021-09-08 01:20:39,210 [pool-188-thread-1] INFO  server.RaftServerConfigKeys (ConfUtils.java:logGet(44)) - raft.server.storage.free-space.min = 0MB (=0) (default)
2021-09-08 01:20:39,210 [pool-188-thread-1] INFO  storage.RaftStorageDirectory (RaftStorageDirectoryImpl.java:analyzeStorage(135)) - The storage directory /home/runner/work/ozone/ozone/hadoop-ozone/integration-test/target/test-dir/MiniOzoneClusterImpl-0f12cb01-4002-4394-a01c-5903f1f0237a/datanode-7/data/ratis/fe532ce2-0f7d-4e52-b327-f6fcb56752ec does not exist. Creating ...
2021-09-08 01:20:39,211 [pool-188-thread-1] INFO  storage.RaftStorageDirectory (RaftStorageDirectoryImpl.java:tryLock(230)) - Lock on /home/runner/work/ozone/ozone/hadoop-ozone/integration-test/target/test-dir/MiniOzoneClusterImpl-0f12cb01-4002-4394-a01c-5903f1f0237a/datanode-7/data/ratis/fe532ce2-0f7d-4e52-b327-f6fcb56752ec/in_use.lock acquired by nodename 2705@fv-az396-69
2021-09-08 01:20:39,212 [pool-188-thread-1] INFO  storage.RaftStorage (RaftStorageImpl.java:format(89)) - Storage directory /home/runner/work/ozone/ozone/hadoop-ozone/integration-test/target/test-dir/MiniOzoneClusterImpl-0f12cb01-4002-4394-a01c-5903f1f0237a/datanode-7/data/ratis/fe532ce2-0f7d-4e52-b327-f6fcb56752ec has been successfully formatted.
2021-09-08 01:20:39,212 [pool-188-thread-1] INFO  ratis.ContainerStateMachine (ContainerStateMachine.java:loadSnapshot(224)) - group-F6FCB56752EC: The snapshot info is null. Setting the last applied indexto:(t:0, i:~)
2021-09-08 01:20:39,212 [pool-188-thread-1] INFO  server.RaftServerConfigKeys (ConfUtils.java:logGet(44)) - raft.server.notification.no-leader.timeout = 300000ms (custom)
2021-09-08 01:20:39,212 [Datanode State Machine Thread - 0] WARN  statemachine.StateContext (StateContext.java:execute(621)) - No available thread in pool for past 1 seconds.
2021-09-08 01:20:39,213 [pool-188-thread-1] INFO  server.RaftServerConfigKeys (ConfUtils.java:logGet(44)) - raft.server.log.use.memory = false (default)
2021-09-08 01:20:39,214 [pool-188-thread-1] INFO  server.RaftServerConfigKeys (ConfUtils.java:logGet(44)) - raft.server.log.purge.gap = 1000000 (custom)
2021-09-08 01:20:39,214 [pool-188-thread-1] INFO  server.RaftServerConfigKeys (ConfUtils.java:logGet(44)) - raft.server.log.appender.buffer.byte-limit = 33554432 (custom)
2021-09-08 01:20:39,215 [pool-188-thread-1] INFO  server.RaftServerConfigKeys (ConfUtils.java:logGet(44)) - raft.server.log.segment.size.max = 1048576 (custom)
2021-09-08 01:20:39,214 [EventQueue-PipelineReportForPipelineReportHandler] INFO  pipeline.PipelineManagerImpl (PipelineManagerImpl.java:openPipeline(282)) - Pipeline Pipeline[ Id: fe532ce2-0f7d-4e52-b327-f6fcb56752ec, Nodes: e7eadb9e-87f0-44a1-8347-22fb5259c06f{ip: 10.1.0.19, host: fv-az396-69.zsjpccerc4sulamragr3v05mvf.jx.internal.cloudapp.net, ports: [REPLICATION=44961, RATIS=40669, RATIS_ADMIN=40669, RATIS_SERVER=40669, STANDALONE=39561], networkLocation: /default-rack, certSerialId: null, persistedOpState: IN_SERVICE, persistedOpStateExpiryEpochSec: 0}, ReplicationConfig: RATIS/ONE, State:ALLOCATED, leaderId:e7eadb9e-87f0-44a1-8347-22fb5259c06f, CreationTimestamp2021-09-08T01:20:36.221Z[Etc/UTC]] moved to OPEN state
2021-09-08 01:20:39,215 [pool-188-thread-1] INFO  server.RaftServerConfigKeys (ConfUtils.java:logGet(44)) - raft.server.log.segment.cache.num.max = 2 (custom)
2021-09-08 01:20:39,215 [EventQueue-OpenPipelineForHealthyPipelineSafeModeRule] INFO  safemode.SCMSafeModeManager (HealthyPipelineSafeModeRule.java:process(124)) - SCM in safe mode. Healthy pipelines reported count is 0, required healthy pipeline reported count is 1
2021-09-08 01:20:39,215 [pool-188-thread-1] INFO  server.RaftServerConfigKeys (ConfUtils.java:logGet(44)) - raft.server.log.segment.cache.size.max = 200MB (=209715200) (default)
2021-09-08 01:20:39,218 [pool-188-thread-1] INFO  segmented.SegmentedRaftLogWorker (SegmentedRaftLogWorker.java:<init>(182)) - new e7eadb9e-87f0-44a1-8347-22fb5259c06f@group-F6FCB56752EC-SegmentedRaftLogWorker for RaftStorageImpl:Storage Directory /home/runner/work/ozone/ozone/hadoop-ozone/integration-test/target/test-dir/MiniOzoneClusterImpl-0f12cb01-4002-4394-a01c-5903f1f0237a/datanode-7/data/ratis/fe532ce2-0f7d-4e52-b327-f6fcb56752ec
2021-09-08 01:20:39,219 [pool-188-thread-1] INFO  server.RaftServerConfigKeys (ConfUtils.java:logGet(44)) - raft.server.log.queue.byte-limit = 2147483647 (custom)
2021-09-08 01:20:39,219 [pool-188-thread-1] INFO  server.RaftServerConfigKeys (ConfUtils.java:logGet(44)) - raft.server.log.queue.element-limit = 1024 (custom)
2021-09-08 01:20:39,219 [pool-188-thread-1] INFO  server.RaftServerConfigKeys (ConfUtils.java:logGet(44)) - raft.server.log.segment.size.max = 1048576 (custom)
2021-09-08 01:20:39,219 [pool-188-thread-1] INFO  server.RaftServerConfigKeys (ConfUtils.java:logGet(44)) - raft.server.log.preallocated.size = 16384 (custom)
2021-09-08 01:20:39,219 [pool-188-thread-1] INFO  server.RaftServerConfigKeys (ConfUtils.java:logGet(44)) - raft.server.log.force.sync.num = 128 (default)
2021-09-08 01:20:39,219 [pool-188-thread-1] INFO  server.RaftServerConfigKeys (ConfUtils.java:logGet(44)) - raft.server.log.statemachine.data.sync = true (default)
2021-09-08 01:20:39,219 [pool-188-thread-1] INFO  server.RaftServerConfigKeys (ConfUtils.java:logGet(44)) - raft.server.log.statemachine.data.sync.timeout = 10s (default)
2021-09-08 01:20:39,219 [pool-188-thread-1] INFO  server.RaftServerConfigKeys (ConfUtils.java:logGet(44)) - raft.server.log.statemachine.data.sync.timeout.retry = -1 (default)
2021-09-08 01:20:39,220 [pool-188-thread-1] INFO  server.RaftServerConfigKeys (ConfUtils.java:logGet(44)) - raft.server.log.write.buffer.size = 1048576 (custom)
2021-09-08 01:20:39,221 [pool-188-thread-1] INFO  server.RaftServerConfigKeys (ConfUtils.java:logGet(44)) - raft.server.log.statemachine.data.caching.enabled = true (custom)
2021-09-08 01:20:39,221 [pool-188-thread-1] INFO  segmented.SegmentedRaftLogWorker (SegmentedRaftLogWorker.java:lambda$new$0(133)) - e7eadb9e-87f0-44a1-8347-22fb5259c06f@group-F6FCB56752EC-SegmentedRaftLogWorker: flushIndex: setUnconditionally 0 -> -1
2021-09-08 01:20:39,221 [pool-188-thread-1] INFO  segmented.SegmentedRaftLogWorker (SegmentedRaftLogWorker.java:lambda$new$0(133)) - e7eadb9e-87f0-44a1-8347-22fb5259c06f@group-F6FCB56752EC-SegmentedRaftLogWorker: safeCacheEvictIndex: setUnconditionally 0 -> -1
2021-09-08 01:20:39,222 [pool-188-thread-1] INFO  server.RaftServerConfigKeys (ConfUtils.java:logGet(44)) - raft.server.snapshot.auto.trigger.enabled = true (custom)
2021-09-08 01:20:39,222 [pool-188-thread-1] INFO  server.RaftServerConfigKeys (ConfUtils.java:logGet(44)) - raft.server.snapshot.auto.trigger.threshold = 10000 (custom)
2021-09-08 01:20:39,222 [pool-188-thread-1] INFO  server.RaftServerConfigKeys (ConfUtils.java:logGet(44)) - raft.server.snapshot.retention.file.num = 5 (custom)
2021-09-08 01:20:39,222 [pool-188-thread-1] INFO  server.RaftServerConfigKeys (ConfUtils.java:logGet(44)) - raft.server.log.purge.upto.snapshot.index = false (default)
2021-09-08 01:20:39,222 [pool-188-thread-1] INFO  server.RaftServerConfigKeys (ConfUtils.java:logGet(44)) - raft.server.retrycache.expirytime = 600000ms (custom)
2021-09-08 01:20:39,222 [pool-188-thread-1] INFO  server.RaftServerConfigKeys (ConfUtils.java:logGet(44)) - raft.server.retrycache.statistics.expirytime = 100μs (default)
2021-09-08 01:20:39,223 [pool-188-thread-1] INFO  server.RaftServer$Division (RaftServerImpl.java:start(296)) - e7eadb9e-87f0-44a1-8347-22fb5259c06f@group-F6FCB56752EC: start as a follower, conf=-1: [e7eadb9e-87f0-44a1-8347-22fb5259c06f|rpc:10.1.0.19:40669|priority:1], old=null
2021-09-08 01:20:39,223 [pool-188-thread-1] INFO  server.RaftServer$Division (RaftServerImpl.java:setRole(285)) - e7eadb9e-87f0-44a1-8347-22fb5259c06f@group-F6FCB56752EC: changes role from      null to FOLLOWER at term 0 for startAsFollower
2021-09-08 01:20:39,224 [pool-188-thread-1] INFO  impl.RoleInfo (RoleInfo.java:updateAndGet(130)) - e7eadb9e-87f0-44a1-8347-22fb5259c06f: start e7eadb9e-87f0-44a1-8347-22fb5259c06f@group-F6FCB56752EC-FollowerState
2021-09-08 01:20:39,224 [pool-188-thread-1] INFO  util.JmxRegister (JmxRegister.java:tryRegister(44)) - Successfully registered JMX Bean with object name Ratis:service=RaftServer,group=group-F6FCB56752EC,id=e7eadb9e-87f0-44a1-8347-22fb5259c06f
2021-09-08 01:20:39,225 [Command processor thread] INFO  ratis.XceiverServerRatis (XceiverServerRatis.java:addGroup(763)) - Created group PipelineID=fe532ce2-0f7d-4e52-b327-f6fcb56752ec
2021-09-08 01:20:39,225 [Command processor thread] INFO  commandhandler.CreatePipelineCommandHandler (CreatePipelineCommandHandler.java:handle(106)) - Created Pipeline RATIS ONE PipelineID=fe532ce2-0f7d-4e52-b327-f6fcb56752ec.
2021-09-08 01:20:39,393 [Listener at 127.0.0.1/40417] INFO  ozone.MiniOzoneClusterImpl (MiniOzoneClusterImpl.java:lambda$waitForClusterToBeReady$0(235)) - Nodes are ready. Got 9 of 9 DN Heartbeats.
2021-09-08 01:20:39,393 [Listener at 127.0.0.1/40417] INFO  ozone.MiniOzoneClusterImpl (MiniOzoneClusterImpl.java:lambda$waitForClusterToBeReady$0(238)) - Waiting for cluster to exit safe mode
2021-09-08 01:20:39,393 [Listener at 127.0.0.1/40417] INFO  ozone.MiniOzoneClusterImpl (MiniOzoneClusterImpl.java:lambda$waitForClusterToBeReady$0(240)) - SCM became leader
2021-09-08 01:20:39,402 [Command processor thread] INFO  server.RaftServer (RaftServerProxy.java:addNew(95)) - a5b729b8-cc77-4510-b256-3db79b728626: addNew group-F0B38F70DA8D:[a5b729b8-cc77-4510-b256-3db79b728626|rpc:10.1.0.19:41785|priority:1] returns group-F0B38F70DA8D:java.util.concurrent.CompletableFuture@6811f1b4[Not completed]
2021-09-08 01:20:39,403 [pool-207-thread-1] INFO  server.RaftServer$Division (RaftServerImpl.java:<init>(181)) - a5b729b8-cc77-4510-b256-3db79b728626: new RaftServerImpl for group-F0B38F70DA8D:[a5b729b8-cc77-4510-b256-3db79b728626|rpc:10.1.0.19:41785|priority:1] with ContainerStateMachine:uninitialized
2021-09-08 01:20:39,403 [pool-207-thread-1] INFO  server.RaftServerConfigKeys (ConfUtils.java:logGet(44)) - raft.server.rpc.timeout.min = 5s (custom)
2021-09-08 01:20:39,403 [pool-207-thread-1] INFO  server.RaftServerConfigKeys (ConfUtils.java:logGet(44)) - raft.server.rpc.timeout.max = 5200ms (custom)
2021-09-08 01:20:39,403 [pool-207-thread-1] INFO  server.RaftServerConfigKeys (ConfUtils.java:logGet(44)) - raft.server.rpc.sleep.time = 25ms (default)
2021-09-08 01:20:39,403 [pool-207-thread-1] INFO  server.RaftServerConfigKeys (ConfUtils.java:logGet(44)) - raft.server.rpc.slowness.timeout = 300000ms (custom)
2021-09-08 01:20:39,403 [pool-207-thread-1] INFO  server.RaftServerConfigKeys (ConfUtils.java:logGet(44)) - raft.server.leaderelection.leader.step-down.wait-time = 10s (default)
2021-09-08 01:20:39,403 [pool-207-thread-1] INFO  server.RaftServerConfigKeys (ConfUtils.java:logGet(44)) - raft.server.sleep.deviation.threshold = 300ms (default)
2021-09-08 01:20:39,404 [pool-207-thread-1] INFO  server.RaftServerConfigKeys (ConfUtils.java:logGet(44)) - raft.server.log.appender.install.snapshot.enabled = false (custom)
2021-09-08 01:20:39,404 [pool-207-thread-1] INFO  server.RaftServer$Division (ServerState.java:<init>(105)) - a5b729b8-cc77-4510-b256-3db79b728626@group-F0B38F70DA8D: ConfigurationManager, init=-1: [a5b729b8-cc77-4510-b256-3db79b728626|rpc:10.1.0.19:41785|priority:1], old=null, confs=<EMPTY_MAP>
2021-09-08 01:20:39,404 [pool-207-thread-1] INFO  server.RaftServerConfigKeys (ConfUtils.java:logGet(44)) - raft.server.storage.dir = [/home/runner/work/ozone/ozone/hadoop-ozone/integration-test/target/test-dir/MiniOzoneClusterImpl-0f12cb01-4002-4394-a01c-5903f1f0237a/datanode-8/data/ratis] (custom)
2021-09-08 01:20:39,404 [pool-207-thread-1] INFO  server.RaftServerConfigKeys (ConfUtils.java:logGet(44)) - raft.server.log.corruption.policy = EXCEPTION (default)
2021-09-08 01:20:39,404 [pool-207-thread-1] INFO  server.RaftServerConfigKeys (ConfUtils.java:logGet(44)) - raft.server.storage.free-space.min = 0MB (=0) (default)
2021-09-08 01:20:39,404 [pool-207-thread-1] INFO  storage.RaftStorageDirectory (RaftStorageDirectoryImpl.java:analyzeStorage(135)) - The storage directory /home/runner/work/ozone/ozone/hadoop-ozone/integration-test/target/test-dir/MiniOzoneClusterImpl-0f12cb01-4002-4394-a01c-5903f1f0237a/datanode-8/data/ratis/400cf0a3-1e0f-448c-b8e3-f0b38f70da8d does not exist. Creating ...
2021-09-08 01:20:39,405 [pool-207-thread-1] INFO  storage.RaftStorageDirectory (RaftStorageDirectoryImpl.java:tryLock(230)) - Lock on /home/runner/work/ozone/ozone/hadoop-ozone/integration-test/target/test-dir/MiniOzoneClusterImpl-0f12cb01-4002-4394-a01c-5903f1f0237a/datanode-8/data/ratis/400cf0a3-1e0f-448c-b8e3-f0b38f70da8d/in_use.lock acquired by nodename 2705@fv-az396-69
2021-09-08 01:20:39,407 [pool-207-thread-1] INFO  storage.RaftStorage (RaftStorageImpl.java:format(89)) - Storage directory /home/runner/work/ozone/ozone/hadoop-ozone/integration-test/target/test-dir/MiniOzoneClusterImpl-0f12cb01-4002-4394-a01c-5903f1f0237a/datanode-8/data/ratis/400cf0a3-1e0f-448c-b8e3-f0b38f70da8d has been successfully formatted.
2021-09-08 01:20:39,407 [pool-207-thread-1] INFO  ratis.ContainerStateMachine (ContainerStateMachine.java:loadSnapshot(224)) - group-F0B38F70DA8D: The snapshot info is null. Setting the last applied indexto:(t:0, i:~)
2021-09-08 01:20:39,408 [pool-207-thread-1] INFO  server.RaftServerConfigKeys (ConfUtils.java:logGet(44)) - raft.server.notification.no-leader.timeout = 300000ms (custom)
2021-09-08 01:20:39,408 [pool-207-thread-1] INFO  server.RaftServerConfigKeys (ConfUtils.java:logGet(44)) - raft.server.log.use.memory = false (default)
2021-09-08 01:20:39,408 [pool-207-thread-1] INFO  server.RaftServerConfigKeys (ConfUtils.java:logGet(44)) - raft.server.log.purge.gap = 1000000 (custom)
2021-09-08 01:20:39,408 [pool-207-thread-1] INFO  server.RaftServerConfigKeys (ConfUtils.java:logGet(44)) - raft.server.log.appender.buffer.byte-limit = 33554432 (custom)
2021-09-08 01:20:39,409 [pool-207-thread-1] INFO  server.RaftServerConfigKeys (ConfUtils.java:logGet(44)) - raft.server.log.segment.size.max = 1048576 (custom)
2021-09-08 01:20:39,409 [EventQueue-PipelineReportForPipelineReportHandler] INFO  pipeline.PipelineManagerImpl (PipelineManagerImpl.java:openPipeline(282)) - Pipeline Pipeline[ Id: 400cf0a3-1e0f-448c-b8e3-f0b38f70da8d, Nodes: a5b729b8-cc77-4510-b256-3db79b728626{ip: 10.1.0.19, host: fv-az396-69.zsjpccerc4sulamragr3v05mvf.jx.internal.cloudapp.net, ports: [REPLICATION=41411, RATIS=41785, RATIS_ADMIN=41785, RATIS_SERVER=41785, STANDALONE=36391], networkLocation: /default-rack, certSerialId: null, persistedOpState: IN_SERVICE, persistedOpStateExpiryEpochSec: 0}, ReplicationConfig: RATIS/ONE, State:ALLOCATED, leaderId:a5b729b8-cc77-4510-b256-3db79b728626, CreationTimestamp2021-09-08T01:20:36.409Z[Etc/UTC]] moved to OPEN state
2021-09-08 01:20:39,409 [pool-207-thread-1] INFO  server.RaftServerConfigKeys (ConfUtils.java:logGet(44)) - raft.server.log.segment.cache.num.max = 2 (custom)
2021-09-08 01:20:39,409 [pool-207-thread-1] INFO  server.RaftServerConfigKeys (ConfUtils.java:logGet(44)) - raft.server.log.segment.cache.size.max = 200MB (=209715200) (default)
2021-09-08 01:20:39,409 [pool-207-thread-1] INFO  segmented.SegmentedRaftLogWorker (SegmentedRaftLogWorker.java:<init>(182)) - new a5b729b8-cc77-4510-b256-3db79b728626@group-F0B38F70DA8D-SegmentedRaftLogWorker for RaftStorageImpl:Storage Directory /home/runner/work/ozone/ozone/hadoop-ozone/integration-test/target/test-dir/MiniOzoneClusterImpl-0f12cb01-4002-4394-a01c-5903f1f0237a/datanode-8/data/ratis/400cf0a3-1e0f-448c-b8e3-f0b38f70da8d
2021-09-08 01:20:39,409 [pool-207-thread-1] INFO  server.RaftServerConfigKeys (ConfUtils.java:logGet(44)) - raft.server.log.queue.byte-limit = 2147483647 (custom)
2021-09-08 01:20:39,409 [pool-207-thread-1] INFO  server.RaftServerConfigKeys (ConfUtils.java:logGet(44)) - raft.server.log.queue.element-limit = 1024 (custom)
2021-09-08 01:20:39,409 [pool-207-thread-1] INFO  server.RaftServerConfigKeys (ConfUtils.java:logGet(44)) - raft.server.log.segment.size.max = 1048576 (custom)
2021-09-08 01:20:39,410 [pool-207-thread-1] INFO  server.RaftServerConfigKeys (ConfUtils.java:logGet(44)) - raft.server.log.preallocated.size = 16384 (custom)
2021-09-08 01:20:39,410 [pool-207-thread-1] INFO  server.RaftServerConfigKeys (ConfUtils.java:logGet(44)) - raft.server.log.force.sync.num = 128 (default)
2021-09-08 01:20:39,410 [pool-207-thread-1] INFO  server.RaftServerConfigKeys (ConfUtils.java:logGet(44)) - raft.server.log.statemachine.data.sync = true (default)
2021-09-08 01:20:39,409 [EventQueue-OpenPipelineForHealthyPipelineSafeModeRule] INFO  safemode.SCMSafeModeManager (HealthyPipelineSafeModeRule.java:process(124)) - SCM in safe mode. Healthy pipelines reported count is 0, required healthy pipeline reported count is 1
2021-09-08 01:20:39,411 [pool-207-thread-1] INFO  server.RaftServerConfigKeys (ConfUtils.java:logGet(44)) - raft.server.log.statemachine.data.sync.timeout = 10s (default)
2021-09-08 01:20:39,412 [pool-207-thread-1] INFO  server.RaftServerConfigKeys (ConfUtils.java:logGet(44)) - raft.server.log.statemachine.data.sync.timeout.retry = -1 (default)
2021-09-08 01:20:39,413 [pool-207-thread-1] INFO  server.RaftServerConfigKeys (ConfUtils.java:logGet(44)) - raft.server.log.write.buffer.size = 1048576 (custom)
2021-09-08 01:20:39,414 [pool-207-thread-1] INFO  server.RaftServerConfigKeys (ConfUtils.java:logGet(44)) - raft.server.log.statemachine.data.caching.enabled = true (custom)
2021-09-08 01:20:39,414 [pool-207-thread-1] INFO  segmented.SegmentedRaftLogWorker (SegmentedRaftLogWorker.java:lambda$new$0(133)) - a5b729b8-cc77-4510-b256-3db79b728626@group-F0B38F70DA8D-SegmentedRaftLogWorker: flushIndex: setUnconditionally 0 -> -1
2021-09-08 01:20:39,415 [pool-207-thread-1] INFO  segmented.SegmentedRaftLogWorker (SegmentedRaftLogWorker.java:lambda$new$0(133)) - a5b729b8-cc77-4510-b256-3db79b728626@group-F0B38F70DA8D-SegmentedRaftLogWorker: safeCacheEvictIndex: setUnconditionally 0 -> -1
2021-09-08 01:20:39,415 [pool-207-thread-1] INFO  server.RaftServerConfigKeys (ConfUtils.java:logGet(44)) - raft.server.snapshot.auto.trigger.enabled = true (custom)
2021-09-08 01:20:39,415 [pool-207-thread-1] INFO  server.RaftServerConfigKeys (ConfUtils.java:logGet(44)) - raft.server.snapshot.auto.trigger.threshold = 10000 (custom)
2021-09-08 01:20:39,415 [pool-207-thread-1] INFO  server.RaftServerConfigKeys (ConfUtils.java:logGet(44)) - raft.server.snapshot.retention.file.num = 5 (custom)
2021-09-08 01:20:39,415 [pool-207-thread-1] INFO  server.RaftServerConfigKeys (ConfUtils.java:logGet(44)) - raft.server.log.purge.upto.snapshot.index = false (default)
2021-09-08 01:20:39,415 [pool-207-thread-1] INFO  server.RaftServerConfigKeys (ConfUtils.java:logGet(44)) - raft.server.retrycache.expirytime = 600000ms (custom)
2021-09-08 01:20:39,415 [pool-207-thread-1] INFO  server.RaftServerConfigKeys (ConfUtils.java:logGet(44)) - raft.server.retrycache.statistics.expirytime = 100μs (default)
2021-09-08 01:20:39,416 [pool-207-thread-1] INFO  server.RaftServer$Division (RaftServerImpl.java:start(296)) - a5b729b8-cc77-4510-b256-3db79b728626@group-F0B38F70DA8D: start as a follower, conf=-1: [a5b729b8-cc77-4510-b256-3db79b728626|rpc:10.1.0.19:41785|priority:1], old=null
2021-09-08 01:20:39,416 [pool-207-thread-1] INFO  server.RaftServer$Division (RaftServerImpl.java:setRole(285)) - a5b729b8-cc77-4510-b256-3db79b728626@group-F0B38F70DA8D: changes role from      null to FOLLOWER at term 0 for startAsFollower
2021-09-08 01:20:39,417 [pool-207-thread-1] INFO  impl.RoleInfo (RoleInfo.java:updateAndGet(130)) - a5b729b8-cc77-4510-b256-3db79b728626: start a5b729b8-cc77-4510-b256-3db79b728626@group-F0B38F70DA8D-FollowerState
2021-09-08 01:20:39,417 [pool-207-thread-1] INFO  util.JmxRegister (JmxRegister.java:tryRegister(44)) - Successfully registered JMX Bean with object name Ratis:service=RaftServer,group=group-F0B38F70DA8D,id=a5b729b8-cc77-4510-b256-3db79b728626
2021-09-08 01:20:39,418 [Command processor thread] INFO  ratis.XceiverServerRatis (XceiverServerRatis.java:addGroup(763)) - Created group PipelineID=400cf0a3-1e0f-448c-b8e3-f0b38f70da8d
2021-09-08 01:20:39,418 [Command processor thread] INFO  commandhandler.CreatePipelineCommandHandler (CreatePipelineCommandHandler.java:handle(106)) - Created Pipeline RATIS ONE PipelineID=400cf0a3-1e0f-448c-b8e3-f0b38f70da8d.
2021-09-08 01:20:40,394 [Listener at 127.0.0.1/40417] INFO  ozone.MiniOzoneClusterImpl (MiniOzoneClusterImpl.java:lambda$waitForClusterToBeReady$0(235)) - Nodes are ready. Got 9 of 9 DN Heartbeats.
2021-09-08 01:20:40,394 [Listener at 127.0.0.1/40417] INFO  ozone.MiniOzoneClusterImpl (MiniOzoneClusterImpl.java:lambda$waitForClusterToBeReady$0(238)) - Waiting for cluster to exit safe mode
2021-09-08 01:20:40,394 [Listener at 127.0.0.1/40417] INFO  ozone.MiniOzoneClusterImpl (MiniOzoneClusterImpl.java:lambda$waitForClusterToBeReady$0(240)) - SCM became leader
2021-09-08 01:20:41,394 [Listener at 127.0.0.1/40417] INFO  ozone.MiniOzoneClusterImpl (MiniOzoneClusterImpl.java:lambda$waitForClusterToBeReady$0(235)) - Nodes are ready. Got 9 of 9 DN Heartbeats.
2021-09-08 01:20:41,395 [Listener at 127.0.0.1/40417] INFO  ozone.MiniOzoneClusterImpl (MiniOzoneClusterImpl.java:lambda$waitForClusterToBeReady$0(238)) - Waiting for cluster to exit safe mode
2021-09-08 01:20:41,395 [Listener at 127.0.0.1/40417] INFO  ozone.MiniOzoneClusterImpl (MiniOzoneClusterImpl.java:lambda$waitForClusterToBeReady$0(240)) - SCM became leader
2021-09-08 01:20:42,395 [Listener at 127.0.0.1/40417] INFO  ozone.MiniOzoneClusterImpl (MiniOzoneClusterImpl.java:lambda$waitForClusterToBeReady$0(235)) - Nodes are ready. Got 9 of 9 DN Heartbeats.
2021-09-08 01:20:42,395 [Listener at 127.0.0.1/40417] INFO  ozone.MiniOzoneClusterImpl (MiniOzoneClusterImpl.java:lambda$waitForClusterToBeReady$0(238)) - Waiting for cluster to exit safe mode
2021-09-08 01:20:42,396 [Listener at 127.0.0.1/40417] INFO  ozone.MiniOzoneClusterImpl (MiniOzoneClusterImpl.java:lambda$waitForClusterToBeReady$0(240)) - SCM became leader
2021-09-08 01:20:42,506 [fff8da42-e543-4611-a72f-bc5e7a371435@group-594664FFAA7E-FollowerState] INFO  impl.FollowerState (FollowerState.java:run(134)) - fff8da42-e543-4611-a72f-bc5e7a371435@group-594664FFAA7E-FollowerState: change to CANDIDATE, lastRpcElapsedTime:5074383472ns, electionTimeout:5065ms
2021-09-08 01:20:42,506 [fff8da42-e543-4611-a72f-bc5e7a371435@group-594664FFAA7E-FollowerState] INFO  impl.RoleInfo (RoleInfo.java:shutdownFollowerState(108)) - fff8da42-e543-4611-a72f-bc5e7a371435: shutdown fff8da42-e543-4611-a72f-bc5e7a371435@group-594664FFAA7E-FollowerState
2021-09-08 01:20:42,506 [fff8da42-e543-4611-a72f-bc5e7a371435@group-594664FFAA7E-FollowerState] INFO  server.RaftServer$Division (RaftServerImpl.java:setRole(285)) - fff8da42-e543-4611-a72f-bc5e7a371435@group-594664FFAA7E: changes role from  FOLLOWER to CANDIDATE at term 0 for changeToCandidate
2021-09-08 01:20:42,507 [fff8da42-e543-4611-a72f-bc5e7a371435@group-594664FFAA7E-FollowerState] INFO  server.RaftServerConfigKeys (ConfUtils.java:logGet(44)) - raft.server.leaderelection.pre-vote = false (custom)
2021-09-08 01:20:42,507 [fff8da42-e543-4611-a72f-bc5e7a371435@group-594664FFAA7E-FollowerState] INFO  impl.RoleInfo (RoleInfo.java:updateAndGet(130)) - fff8da42-e543-4611-a72f-bc5e7a371435: start fff8da42-e543-4611-a72f-bc5e7a371435@group-594664FFAA7E-LeaderElection2
2021-09-08 01:20:42,513 [fff8da42-e543-4611-a72f-bc5e7a371435@group-594664FFAA7E-LeaderElection2] INFO  impl.LeaderElection (LeaderElection.java:askForVotes(306)) - fff8da42-e543-4611-a72f-bc5e7a371435@group-594664FFAA7E-LeaderElection2 ELECTION round 0: submit vote requests at term 1 for -1: [fff8da42-e543-4611-a72f-bc5e7a371435|rpc:10.1.0.19:33015|priority:1], old=null
2021-09-08 01:20:42,514 [fff8da42-e543-4611-a72f-bc5e7a371435@group-594664FFAA7E-LeaderElection2] INFO  impl.LeaderElection (LeaderElection.java:askForVotes(308)) - fff8da42-e543-4611-a72f-bc5e7a371435@group-594664FFAA7E-LeaderElection2 ELECTION round 0: result PASSED (term=1)
2021-09-08 01:20:42,514 [fff8da42-e543-4611-a72f-bc5e7a371435@group-594664FFAA7E-LeaderElection2] INFO  impl.RoleInfo (RoleInfo.java:shutdownLeaderElection(121)) - fff8da42-e543-4611-a72f-bc5e7a371435: shutdown fff8da42-e543-4611-a72f-bc5e7a371435@group-594664FFAA7E-LeaderElection2
2021-09-08 01:20:42,514 [fff8da42-e543-4611-a72f-bc5e7a371435@group-594664FFAA7E-LeaderElection2] INFO  server.RaftServer$Division (RaftServerImpl.java:setRole(285)) - fff8da42-e543-4611-a72f-bc5e7a371435@group-594664FFAA7E: changes role from CANDIDATE to LEADER at term 1 for changeToLeader
2021-09-08 01:20:42,514 [fff8da42-e543-4611-a72f-bc5e7a371435@group-594664FFAA7E-LeaderElection2] INFO  ratis.XceiverServerRatis (XceiverServerRatis.java:handleLeaderChangedNotification(861)) - Leader change notification received for group: group-594664FFAA7E with new leaderId: fff8da42-e543-4611-a72f-bc5e7a371435
2021-09-08 01:20:42,514 [Datanode State Machine Thread - 0] WARN  statemachine.StateContext (StateContext.java:execute(621)) - No available thread in pool for past 1 seconds.
2021-09-08 01:20:42,514 [fff8da42-e543-4611-a72f-bc5e7a371435@group-594664FFAA7E-LeaderElection2] INFO  server.RaftServer$Division (ServerState.java:setLeader(285)) - fff8da42-e543-4611-a72f-bc5e7a371435@group-594664FFAA7E: change Leader from null to fff8da42-e543-4611-a72f-bc5e7a371435 at term 1 for becomeLeader, leader elected after 5094ms
2021-09-08 01:20:42,514 [fff8da42-e543-4611-a72f-bc5e7a371435@group-594664FFAA7E-LeaderElection2] INFO  server.RaftServerConfigKeys (ConfUtils.java:logGet(44)) - raft.server.staging.catchup.gap = 1000 (default)
2021-09-08 01:20:42,515 [fff8da42-e543-4611-a72f-bc5e7a371435@group-594664FFAA7E-LeaderElection2] INFO  server.RaftServerConfigKeys (ConfUtils.java:logGet(44)) - raft.server.write.element-limit = 1024 (custom)
2021-09-08 01:20:42,515 [fff8da42-e543-4611-a72f-bc5e7a371435@group-594664FFAA7E-LeaderElection2] INFO  server.RaftServerConfigKeys (ConfUtils.java:logGet(44)) - raft.server.write.byte-limit = 1024 M (=1073741824) (custom)
2021-09-08 01:20:42,515 [fff8da42-e543-4611-a72f-bc5e7a371435@group-594664FFAA7E-LeaderElection2] INFO  server.RaftServerConfigKeys (ConfUtils.java:logGet(44)) - raft.server.watch.timeout = 3000ms (custom)
2021-09-08 01:20:42,515 [fff8da42-e543-4611-a72f-bc5e7a371435@group-594664FFAA7E-LeaderElection2] INFO  server.RaftServerConfigKeys (ConfUtils.java:logGet(44)) - raft.server.watch.timeout.denomination = 1s (default)
2021-09-08 01:20:42,515 [fff8da42-e543-4611-a72f-bc5e7a371435@group-594664FFAA7E-LeaderElection2] INFO  server.RaftServerConfigKeys (ConfUtils.java:logGet(44)) - raft.server.watch.element-limit = 65536 (default)
2021-09-08 01:20:42,515 [fff8da42-e543-4611-a72f-bc5e7a371435@group-594664FFAA7E-LeaderElection2] INFO  impl.RoleInfo (RoleInfo.java:updateAndGet(130)) - fff8da42-e543-4611-a72f-bc5e7a371435: start fff8da42-e543-4611-a72f-bc5e7a371435@group-594664FFAA7E-LeaderStateImpl
2021-09-08 01:20:42,516 [fff8da42-e543-4611-a72f-bc5e7a371435@group-594664FFAA7E-LeaderElection2] INFO  segmented.SegmentedRaftLogWorker (SegmentedRaftLogWorker.java:startLogSegment(394)) - fff8da42-e543-4611-a72f-bc5e7a371435@group-594664FFAA7E-SegmentedRaftLogWorker: Starting segment from index:0
2021-09-08 01:20:42,516 [EventQueue-OpenPipelineForHealthyPipelineSafeModeRule] INFO  safemode.SCMSafeModeManager (HealthyPipelineSafeModeRule.java:process(124)) - SCM in safe mode. Healthy pipelines reported count is 0, required healthy pipeline reported count is 1
2021-09-08 01:20:42,518 [fff8da42-e543-4611-a72f-bc5e7a371435@group-594664FFAA7E-SegmentedRaftLogWorker] INFO  segmented.SegmentedRaftLogWorker (SegmentedRaftLogWorker.java:execute(601)) - fff8da42-e543-4611-a72f-bc5e7a371435@group-594664FFAA7E-SegmentedRaftLogWorker: created new log segment /home/runner/work/ozone/ozone/hadoop-ozone/integration-test/target/test-dir/MiniOzoneClusterImpl-0f12cb01-4002-4394-a01c-5903f1f0237a/datanode-0/data/ratis/a15cc136-6934-45a2-9e37-594664ffaa7e/current/log_inprogress_0
2021-09-08 01:20:42,521 [fff8da42-e543-4611-a72f-bc5e7a371435@group-594664FFAA7E-LeaderElection2] INFO  server.RaftServer$Division (ServerState.java:setRaftConf(387)) - fff8da42-e543-4611-a72f-bc5e7a371435@group-594664FFAA7E: set configuration 0: [fff8da42-e543-4611-a72f-bc5e7a371435|rpc:10.1.0.19:33015|dataStream:|priority:1], old=null
2021-09-08 01:20:42,637 [fff8da42-e543-4611-a72f-bc5e7a371435@group-721745A2736D-FollowerState] INFO  impl.FollowerState (FollowerState.java:run(134)) - fff8da42-e543-4611-a72f-bc5e7a371435@group-721745A2736D-FollowerState: change to CANDIDATE, lastRpcElapsedTime:5149053384ns, electionTimeout:5141ms
2021-09-08 01:20:42,638 [fff8da42-e543-4611-a72f-bc5e7a371435@group-721745A2736D-FollowerState] INFO  impl.RoleInfo (RoleInfo.java:shutdownFollowerState(108)) - fff8da42-e543-4611-a72f-bc5e7a371435: shutdown fff8da42-e543-4611-a72f-bc5e7a371435@group-721745A2736D-FollowerState
2021-09-08 01:20:42,638 [fff8da42-e543-4611-a72f-bc5e7a371435@group-721745A2736D-FollowerState] INFO  server.RaftServer$Division (RaftServerImpl.java:setRole(285)) - fff8da42-e543-4611-a72f-bc5e7a371435@group-721745A2736D: changes role from  FOLLOWER to CANDIDATE at term 0 for changeToCandidate
2021-09-08 01:20:42,638 [fff8da42-e543-4611-a72f-bc5e7a371435@group-721745A2736D-FollowerState] INFO  server.RaftServerConfigKeys (ConfUtils.java:logGet(44)) - raft.server.leaderelection.pre-vote = false (custom)
2021-09-08 01:20:42,638 [fff8da42-e543-4611-a72f-bc5e7a371435@group-721745A2736D-FollowerState] INFO  impl.RoleInfo (RoleInfo.java:updateAndGet(130)) - fff8da42-e543-4611-a72f-bc5e7a371435: start fff8da42-e543-4611-a72f-bc5e7a371435@group-721745A2736D-LeaderElection3
2021-09-08 01:20:42,644 [fff8da42-e543-4611-a72f-bc5e7a371435@group-721745A2736D-LeaderElection3] INFO  impl.LeaderElection (LeaderElection.java:askForVotes(306)) - fff8da42-e543-4611-a72f-bc5e7a371435@group-721745A2736D-LeaderElection3 ELECTION round 0: submit vote requests at term 1 for -1: [e8664701-17ec-4985-afd3-5de44f4c9c08|rpc:10.1.0.19:41275|priority:0, fff8da42-e543-4611-a72f-bc5e7a371435|rpc:10.1.0.19:33015|priority:0, 33731e97-16f6-45e4-8f2a-1dafddc3ee46|rpc:10.1.0.19:43575|priority:1], old=null
2021-09-08 01:20:42,667 [grpc-default-executor-0] INFO  server.RaftServer$Division (RaftServerImpl.java:requestVote(1043)) - e8664701-17ec-4985-afd3-5de44f4c9c08@group-721745A2736D: receive requestVote(ELECTION, fff8da42-e543-4611-a72f-bc5e7a371435, group-721745A2736D, 1, (t:0, i:0))
2021-09-08 01:20:42,668 [grpc-default-executor-0] INFO  impl.VoteContext (VoteContext.java:log(48)) - e8664701-17ec-4985-afd3-5de44f4c9c08@group-721745A2736D-FOLLOWER: accept ELECTION from fff8da42-e543-4611-a72f-bc5e7a371435: our priority 0 <= candidate's priority 0
2021-09-08 01:20:42,669 [grpc-default-executor-0] INFO  server.RaftServer$Division (RaftServerImpl.java:setRole(285)) - e8664701-17ec-4985-afd3-5de44f4c9c08@group-721745A2736D: changes role from  FOLLOWER to FOLLOWER at term 1 for candidate:fff8da42-e543-4611-a72f-bc5e7a371435
2021-09-08 01:20:42,669 [grpc-default-executor-0] INFO  impl.RoleInfo (RoleInfo.java:shutdownFollowerState(108)) - e8664701-17ec-4985-afd3-5de44f4c9c08: shutdown e8664701-17ec-4985-afd3-5de44f4c9c08@group-721745A2736D-FollowerState
2021-09-08 01:20:42,669 [grpc-default-executor-0] INFO  impl.RoleInfo (RoleInfo.java:updateAndGet(130)) - e8664701-17ec-4985-afd3-5de44f4c9c08: start e8664701-17ec-4985-afd3-5de44f4c9c08@group-721745A2736D-FollowerState
2021-09-08 01:20:42,670 [e8664701-17ec-4985-afd3-5de44f4c9c08@group-721745A2736D-FollowerState] INFO  impl.FollowerState (FollowerState.java:run(143)) - e8664701-17ec-4985-afd3-5de44f4c9c08@group-721745A2736D-FollowerState was interrupted: {}
java.lang.InterruptedException: sleep interrupted
	at java.lang.Thread.sleep(Native Method)
	at java.lang.Thread.sleep(Thread.java:340)
	at java.util.concurrent.TimeUnit.sleep(TimeUnit.java:386)
	at org.apache.ratis.util.TimeDuration.sleep(TimeDuration.java:324)
	at org.apache.ratis.util.TimeDuration.sleep(TimeDuration.java:309)
	at org.apache.ratis.server.impl.FollowerState.run(FollowerState.java:118)
2021-09-08 01:20:42,678 [grpc-default-executor-1] INFO  server.RaftServer$Division (RaftServerImpl.java:requestVote(1043)) - 33731e97-16f6-45e4-8f2a-1dafddc3ee46@group-721745A2736D: receive requestVote(ELECTION, fff8da42-e543-4611-a72f-bc5e7a371435, group-721745A2736D, 1, (t:0, i:0))
2021-09-08 01:20:42,682 [grpc-default-executor-0] INFO  server.RaftServer$Division (RaftServerImpl.java:requestVote(1075)) - e8664701-17ec-4985-afd3-5de44f4c9c08@group-721745A2736D replies to ELECTION vote request: fff8da42-e543-4611-a72f-bc5e7a371435<-e8664701-17ec-4985-afd3-5de44f4c9c08#0:OK-t1. Peer's state: e8664701-17ec-4985-afd3-5de44f4c9c08@group-721745A2736D:t1, leader=null, voted=fff8da42-e543-4611-a72f-bc5e7a371435, raftlog=e8664701-17ec-4985-afd3-5de44f4c9c08@group-721745A2736D-SegmentedRaftLog:OPENED:c-1,f-1,i0, conf=-1: [e8664701-17ec-4985-afd3-5de44f4c9c08|rpc:10.1.0.19:41275|dataStream:|priority:0, fff8da42-e543-4611-a72f-bc5e7a371435|rpc:10.1.0.19:33015|dataStream:|priority:0, 33731e97-16f6-45e4-8f2a-1dafddc3ee46|rpc:10.1.0.19:43575|dataStream:|priority:1], old=null
2021-09-08 01:20:42,678 [grpc-default-executor-1] INFO  impl.VoteContext (VoteContext.java:log(48)) - 33731e97-16f6-45e4-8f2a-1dafddc3ee46@group-721745A2736D-FOLLOWER: reject ELECTION from fff8da42-e543-4611-a72f-bc5e7a371435: our priority 1 > candidate's priority 0
2021-09-08 01:20:42,682 [grpc-default-executor-1] INFO  server.RaftServer$Division (RaftServerImpl.java:setRole(285)) - 33731e97-16f6-45e4-8f2a-1dafddc3ee46@group-721745A2736D: changes role from  FOLLOWER to FOLLOWER at term 1 for candidate:fff8da42-e543-4611-a72f-bc5e7a371435
2021-09-08 01:20:42,682 [grpc-default-executor-1] INFO  impl.RoleInfo (RoleInfo.java:shutdownFollowerState(108)) - 33731e97-16f6-45e4-8f2a-1dafddc3ee46: shutdown 33731e97-16f6-45e4-8f2a-1dafddc3ee46@group-721745A2736D-FollowerState
2021-09-08 01:20:42,682 [33731e97-16f6-45e4-8f2a-1dafddc3ee46@group-721745A2736D-FollowerState] INFO  impl.FollowerState (FollowerState.java:run(143)) - 33731e97-16f6-45e4-8f2a-1dafddc3ee46@group-721745A2736D-FollowerState was interrupted: {}
java.lang.InterruptedException: sleep interrupted
	at java.lang.Thread.sleep(Native Method)
	at java.lang.Thread.sleep(Thread.java:340)
	at java.util.concurrent.TimeUnit.sleep(TimeUnit.java:386)
	at org.apache.ratis.util.TimeDuration.sleep(TimeDuration.java:324)
	at org.apache.ratis.util.TimeDuration.sleep(TimeDuration.java:309)
	at org.apache.ratis.server.impl.FollowerState.run(FollowerState.java:118)
2021-09-08 01:20:42,684 [grpc-default-executor-1] INFO  impl.RoleInfo (RoleInfo.java:updateAndGet(130)) - 33731e97-16f6-45e4-8f2a-1dafddc3ee46: start 33731e97-16f6-45e4-8f2a-1dafddc3ee46@group-721745A2736D-FollowerState
2021-09-08 01:20:42,687 [grpc-default-executor-1] INFO  server.RaftServer$Division (RaftServerImpl.java:requestVote(1075)) - 33731e97-16f6-45e4-8f2a-1dafddc3ee46@group-721745A2736D replies to ELECTION vote request: fff8da42-e543-4611-a72f-bc5e7a371435<-33731e97-16f6-45e4-8f2a-1dafddc3ee46#0:FAIL-t1. Peer's state: 33731e97-16f6-45e4-8f2a-1dafddc3ee46@group-721745A2736D:t1, leader=null, voted=null, raftlog=33731e97-16f6-45e4-8f2a-1dafddc3ee46@group-721745A2736D-SegmentedRaftLog:OPENED:c-1,f-1,i0, conf=-1: [e8664701-17ec-4985-afd3-5de44f4c9c08|rpc:10.1.0.19:41275|dataStream:|priority:0, fff8da42-e543-4611-a72f-bc5e7a371435|rpc:10.1.0.19:33015|dataStream:|priority:0, 33731e97-16f6-45e4-8f2a-1dafddc3ee46|rpc:10.1.0.19:43575|dataStream:|priority:1], old=null
2021-09-08 01:20:42,695 [fff8da42-e543-4611-a72f-bc5e7a371435@group-721745A2736D-LeaderElection3] INFO  impl.LeaderElection (LeaderElection.java:logAndReturn(89)) - fff8da42-e543-4611-a72f-bc5e7a371435@group-721745A2736D-LeaderElection3: ELECTION REJECTED received 2 response(s) and 0 exception(s):
2021-09-08 01:20:42,695 [fff8da42-e543-4611-a72f-bc5e7a371435@group-721745A2736D-LeaderElection3] INFO  impl.LeaderElection (LeaderElection.java:logAndReturn(93)) -   Response 0: fff8da42-e543-4611-a72f-bc5e7a371435<-e8664701-17ec-4985-afd3-5de44f4c9c08#0:OK-t1
2021-09-08 01:20:42,695 [fff8da42-e543-4611-a72f-bc5e7a371435@group-721745A2736D-LeaderElection3] INFO  impl.LeaderElection (LeaderElection.java:logAndReturn(93)) -   Response 1: fff8da42-e543-4611-a72f-bc5e7a371435<-33731e97-16f6-45e4-8f2a-1dafddc3ee46#0:FAIL-t1
2021-09-08 01:20:42,695 [fff8da42-e543-4611-a72f-bc5e7a371435@group-721745A2736D-LeaderElection3] INFO  impl.LeaderElection (LeaderElection.java:askForVotes(308)) - fff8da42-e543-4611-a72f-bc5e7a371435@group-721745A2736D-LeaderElection3 ELECTION round 0: result REJECTED
2021-09-08 01:20:42,695 [fff8da42-e543-4611-a72f-bc5e7a371435@group-721745A2736D-LeaderElection3] INFO  server.RaftServer$Division (RaftServerImpl.java:setRole(285)) - fff8da42-e543-4611-a72f-bc5e7a371435@group-721745A2736D: changes role from CANDIDATE to FOLLOWER at term 1 for REJECTED
2021-09-08 01:20:42,695 [fff8da42-e543-4611-a72f-bc5e7a371435@group-721745A2736D-LeaderElection3] INFO  impl.RoleInfo (RoleInfo.java:shutdownLeaderElection(121)) - fff8da42-e543-4611-a72f-bc5e7a371435: shutdown fff8da42-e543-4611-a72f-bc5e7a371435@group-721745A2736D-LeaderElection3
2021-09-08 01:20:42,695 [fff8da42-e543-4611-a72f-bc5e7a371435@group-721745A2736D-LeaderElection3] INFO  impl.RoleInfo (RoleInfo.java:updateAndGet(130)) - fff8da42-e543-4611-a72f-bc5e7a371435: start fff8da42-e543-4611-a72f-bc5e7a371435@group-721745A2736D-FollowerState
2021-09-08 01:20:43,166 [e8664701-17ec-4985-afd3-5de44f4c9c08@group-55994ED9ADE4-FollowerState] INFO  impl.FollowerState (FollowerState.java:run(134)) - e8664701-17ec-4985-afd3-5de44f4c9c08@group-55994ED9ADE4-FollowerState: change to CANDIDATE, lastRpcElapsedTime:5186148424ns, electionTimeout:5185ms
2021-09-08 01:20:43,167 [e8664701-17ec-4985-afd3-5de44f4c9c08@group-55994ED9ADE4-FollowerState] INFO  impl.RoleInfo (RoleInfo.java:shutdownFollowerState(108)) - e8664701-17ec-4985-afd3-5de44f4c9c08: shutdown e8664701-17ec-4985-afd3-5de44f4c9c08@group-55994ED9ADE4-FollowerState
2021-09-08 01:20:43,167 [e8664701-17ec-4985-afd3-5de44f4c9c08@group-55994ED9ADE4-FollowerState] INFO  server.RaftServer$Division (RaftServerImpl.java:setRole(285)) - e8664701-17ec-4985-afd3-5de44f4c9c08@group-55994ED9ADE4: changes role from  FOLLOWER to CANDIDATE at term 0 for changeToCandidate
2021-09-08 01:20:43,169 [e8664701-17ec-4985-afd3-5de44f4c9c08@group-55994ED9ADE4-FollowerState] INFO  server.RaftServerConfigKeys (ConfUtils.java:logGet(44)) - raft.server.leaderelection.pre-vote = false (custom)
2021-09-08 01:20:43,169 [e8664701-17ec-4985-afd3-5de44f4c9c08@group-55994ED9ADE4-FollowerState] INFO  impl.RoleInfo (RoleInfo.java:updateAndGet(130)) - e8664701-17ec-4985-afd3-5de44f4c9c08: start e8664701-17ec-4985-afd3-5de44f4c9c08@group-55994ED9ADE4-LeaderElection4
2021-09-08 01:20:43,172 [e8664701-17ec-4985-afd3-5de44f4c9c08@group-55994ED9ADE4-LeaderElection4] INFO  impl.LeaderElection (LeaderElection.java:askForVotes(306)) - e8664701-17ec-4985-afd3-5de44f4c9c08@group-55994ED9ADE4-LeaderElection4 ELECTION round 0: submit vote requests at term 1 for -1: [e8664701-17ec-4985-afd3-5de44f4c9c08|rpc:10.1.0.19:41275|priority:1], old=null
2021-09-08 01:20:43,173 [e8664701-17ec-4985-afd3-5de44f4c9c08@group-55994ED9ADE4-LeaderElection4] INFO  impl.LeaderElection (LeaderElection.java:askForVotes(308)) - e8664701-17ec-4985-afd3-5de44f4c9c08@group-55994ED9ADE4-LeaderElection4 ELECTION round 0: result PASSED (term=1)
2021-09-08 01:20:43,173 [e8664701-17ec-4985-afd3-5de44f4c9c08@group-55994ED9ADE4-LeaderElection4] INFO  impl.RoleInfo (RoleInfo.java:shutdownLeaderElection(121)) - e8664701-17ec-4985-afd3-5de44f4c9c08: shutdown e8664701-17ec-4985-afd3-5de44f4c9c08@group-55994ED9ADE4-LeaderElection4
2021-09-08 01:20:43,173 [e8664701-17ec-4985-afd3-5de44f4c9c08@group-55994ED9ADE4-LeaderElection4] INFO  server.RaftServer$Division (RaftServerImpl.java:setRole(285)) - e8664701-17ec-4985-afd3-5de44f4c9c08@group-55994ED9ADE4: changes role from CANDIDATE to LEADER at term 1 for changeToLeader
2021-09-08 01:20:43,173 [e8664701-17ec-4985-afd3-5de44f4c9c08@group-55994ED9ADE4-LeaderElection4] INFO  ratis.XceiverServerRatis (XceiverServerRatis.java:handleLeaderChangedNotification(861)) - Leader change notification received for group: group-55994ED9ADE4 with new leaderId: e8664701-17ec-4985-afd3-5de44f4c9c08
2021-09-08 01:20:43,173 [e8664701-17ec-4985-afd3-5de44f4c9c08@group-55994ED9ADE4-LeaderElection4] INFO  server.RaftServer$Division (ServerState.java:setLeader(285)) - e8664701-17ec-4985-afd3-5de44f4c9c08@group-55994ED9ADE4: change Leader from null to e8664701-17ec-4985-afd3-5de44f4c9c08 at term 1 for becomeLeader, leader elected after 5213ms
2021-09-08 01:20:43,174 [e8664701-17ec-4985-afd3-5de44f4c9c08@group-55994ED9ADE4-LeaderElection4] INFO  server.RaftServerConfigKeys (ConfUtils.java:logGet(44)) - raft.server.staging.catchup.gap = 1000 (default)
2021-09-08 01:20:43,174 [e8664701-17ec-4985-afd3-5de44f4c9c08@group-55994ED9ADE4-LeaderElection4] INFO  server.RaftServerConfigKeys (ConfUtils.java:logGet(44)) - raft.server.write.element-limit = 1024 (custom)
2021-09-08 01:20:43,174 [e8664701-17ec-4985-afd3-5de44f4c9c08@group-55994ED9ADE4-LeaderElection4] INFO  server.RaftServerConfigKeys (ConfUtils.java:logGet(44)) - raft.server.write.byte-limit = 1024 M (=1073741824) (custom)
2021-09-08 01:20:43,174 [e8664701-17ec-4985-afd3-5de44f4c9c08@group-55994ED9ADE4-LeaderElection4] INFO  server.RaftServerConfigKeys (ConfUtils.java:logGet(44)) - raft.server.watch.timeout = 3000ms (custom)
2021-09-08 01:20:43,174 [e8664701-17ec-4985-afd3-5de44f4c9c08@group-55994ED9ADE4-LeaderElection4] INFO  server.RaftServerConfigKeys (ConfUtils.java:logGet(44)) - raft.server.watch.timeout.denomination = 1s (default)
2021-09-08 01:20:43,174 [e8664701-17ec-4985-afd3-5de44f4c9c08@group-55994ED9ADE4-LeaderElection4] INFO  server.RaftServerConfigKeys (ConfUtils.java:logGet(44)) - raft.server.watch.element-limit = 65536 (default)
2021-09-08 01:20:43,175 [e8664701-17ec-4985-afd3-5de44f4c9c08@group-55994ED9ADE4-LeaderElection4] INFO  impl.RoleInfo (RoleInfo.java:updateAndGet(130)) - e8664701-17ec-4985-afd3-5de44f4c9c08: start e8664701-17ec-4985-afd3-5de44f4c9c08@group-55994ED9ADE4-LeaderStateImpl
2021-09-08 01:20:43,175 [EventQueue-OpenPipelineForHealthyPipelineSafeModeRule] INFO  safemode.SCMSafeModeManager (HealthyPipelineSafeModeRule.java:process(124)) - SCM in safe mode. Healthy pipelines reported count is 0, required healthy pipeline reported count is 1
2021-09-08 01:20:43,175 [e8664701-17ec-4985-afd3-5de44f4c9c08@group-55994ED9ADE4-LeaderElection4] INFO  segmented.SegmentedRaftLogWorker (SegmentedRaftLogWorker.java:startLogSegment(394)) - e8664701-17ec-4985-afd3-5de44f4c9c08@group-55994ED9ADE4-SegmentedRaftLogWorker: Starting segment from index:0
2021-09-08 01:20:43,177 [e8664701-17ec-4985-afd3-5de44f4c9c08@group-55994ED9ADE4-SegmentedRaftLogWorker] INFO  segmented.SegmentedRaftLogWorker (SegmentedRaftLogWorker.java:execute(601)) - e8664701-17ec-4985-afd3-5de44f4c9c08@group-55994ED9ADE4-SegmentedRaftLogWorker: created new log segment /home/runner/work/ozone/ozone/hadoop-ozone/integration-test/target/test-dir/MiniOzoneClusterImpl-0f12cb01-4002-4394-a01c-5903f1f0237a/datanode-1/data/ratis/8c80135a-bb05-48fe-9ebc-55994ed9ade4/current/log_inprogress_0
2021-09-08 01:20:43,179 [e8664701-17ec-4985-afd3-5de44f4c9c08@group-55994ED9ADE4-LeaderElection4] INFO  server.RaftServer$Division (ServerState.java:setRaftConf(387)) - e8664701-17ec-4985-afd3-5de44f4c9c08@group-55994ED9ADE4: set configuration 0: [e8664701-17ec-4985-afd3-5de44f4c9c08|rpc:10.1.0.19:41275|dataStream:|priority:1], old=null
2021-09-08 01:20:43,388 [33731e97-16f6-45e4-8f2a-1dafddc3ee46@group-E87320B4B532-FollowerState] INFO  impl.FollowerState (FollowerState.java:run(134)) - 33731e97-16f6-45e4-8f2a-1dafddc3ee46@group-E87320B4B532-FollowerState: change to CANDIDATE, lastRpcElapsedTime:5135318809ns, electionTimeout:5134ms
2021-09-08 01:20:43,388 [33731e97-16f6-45e4-8f2a-1dafddc3ee46@group-E87320B4B532-FollowerState] INFO  impl.RoleInfo (RoleInfo.java:shutdownFollowerState(108)) - 33731e97-16f6-45e4-8f2a-1dafddc3ee46: shutdown 33731e97-16f6-45e4-8f2a-1dafddc3ee46@group-E87320B4B532-FollowerState
2021-09-08 01:20:43,388 [33731e97-16f6-45e4-8f2a-1dafddc3ee46@group-E87320B4B532-FollowerState] INFO  server.RaftServer$Division (RaftServerImpl.java:setRole(285)) - 33731e97-16f6-45e4-8f2a-1dafddc3ee46@group-E87320B4B532: changes role from  FOLLOWER to CANDIDATE at term 0 for changeToCandidate
2021-09-08 01:20:43,389 [33731e97-16f6-45e4-8f2a-1dafddc3ee46@group-E87320B4B532-FollowerState] INFO  server.RaftServerConfigKeys (ConfUtils.java:logGet(44)) - raft.server.leaderelection.pre-vote = false (custom)
2021-09-08 01:20:43,389 [33731e97-16f6-45e4-8f2a-1dafddc3ee46@group-E87320B4B532-FollowerState] INFO  impl.RoleInfo (RoleInfo.java:updateAndGet(130)) - 33731e97-16f6-45e4-8f2a-1dafddc3ee46: start 33731e97-16f6-45e4-8f2a-1dafddc3ee46@group-E87320B4B532-LeaderElection5
2021-09-08 01:20:43,393 [33731e97-16f6-45e4-8f2a-1dafddc3ee46@group-E87320B4B532-LeaderElection5] INFO  impl.LeaderElection (LeaderElection.java:askForVotes(306)) - 33731e97-16f6-45e4-8f2a-1dafddc3ee46@group-E87320B4B532-LeaderElection5 ELECTION round 0: submit vote requests at term 1 for -1: [33731e97-16f6-45e4-8f2a-1dafddc3ee46|rpc:10.1.0.19:43575|priority:1], old=null
2021-09-08 01:20:43,393 [33731e97-16f6-45e4-8f2a-1dafddc3ee46@group-E87320B4B532-LeaderElection5] INFO  impl.LeaderElection (LeaderElection.java:askForVotes(308)) - 33731e97-16f6-45e4-8f2a-1dafddc3ee46@group-E87320B4B532-LeaderElection5 ELECTION round 0: result PASSED (term=1)
2021-09-08 01:20:43,393 [33731e97-16f6-45e4-8f2a-1dafddc3ee46@group-E87320B4B532-LeaderElection5] INFO  impl.RoleInfo (RoleInfo.java:shutdownLeaderElection(121)) - 33731e97-16f6-45e4-8f2a-1dafddc3ee46: shutdown 33731e97-16f6-45e4-8f2a-1dafddc3ee46@group-E87320B4B532-LeaderElection5
2021-09-08 01:20:43,393 [33731e97-16f6-45e4-8f2a-1dafddc3ee46@group-E87320B4B532-LeaderElection5] INFO  server.RaftServer$Division (RaftServerImpl.java:setRole(285)) - 33731e97-16f6-45e4-8f2a-1dafddc3ee46@group-E87320B4B532: changes role from CANDIDATE to LEADER at term 1 for changeToLeader
2021-09-08 01:20:43,393 [33731e97-16f6-45e4-8f2a-1dafddc3ee46@group-E87320B4B532-LeaderElection5] INFO  ratis.XceiverServerRatis (XceiverServerRatis.java:handleLeaderChangedNotification(861)) - Leader change notification received for group: group-E87320B4B532 with new leaderId: 33731e97-16f6-45e4-8f2a-1dafddc3ee46
2021-09-08 01:20:43,393 [33731e97-16f6-45e4-8f2a-1dafddc3ee46@group-E87320B4B532-LeaderElection5] INFO  server.RaftServer$Division (ServerState.java:setLeader(285)) - 33731e97-16f6-45e4-8f2a-1dafddc3ee46@group-E87320B4B532: change Leader from null to 33731e97-16f6-45e4-8f2a-1dafddc3ee46 at term 1 for becomeLeader, leader elected after 5150ms
2021-09-08 01:20:43,393 [33731e97-16f6-45e4-8f2a-1dafddc3ee46@group-E87320B4B532-LeaderElection5] INFO  server.RaftServerConfigKeys (ConfUtils.java:logGet(44)) - raft.server.staging.catchup.gap = 1000 (default)
2021-09-08 01:20:43,394 [33731e97-16f6-45e4-8f2a-1dafddc3ee46@group-E87320B4B532-LeaderElection5] INFO  server.RaftServerConfigKeys (ConfUtils.java:logGet(44)) - raft.server.write.element-limit = 1024 (custom)
2021-09-08 01:20:43,394 [33731e97-16f6-45e4-8f2a-1dafddc3ee46@group-E87320B4B532-LeaderElection5] INFO  server.RaftServerConfigKeys (ConfUtils.java:logGet(44)) - raft.server.write.byte-limit = 1024 M (=1073741824) (custom)
2021-09-08 01:20:43,394 [33731e97-16f6-45e4-8f2a-1dafddc3ee46@group-E87320B4B532-LeaderElection5] INFO  server.RaftServerConfigKeys (ConfUtils.java:logGet(44)) - raft.server.watch.timeout = 3000ms (custom)
2021-09-08 01:20:43,394 [33731e97-16f6-45e4-8f2a-1dafddc3ee46@group-E87320B4B532-LeaderElection5] INFO  server.RaftServerConfigKeys (ConfUtils.java:logGet(44)) - raft.server.watch.timeout.denomination = 1s (default)
2021-09-08 01:20:43,394 [33731e97-16f6-45e4-8f2a-1dafddc3ee46@group-E87320B4B532-LeaderElection5] INFO  server.RaftServerConfigKeys (ConfUtils.java:logGet(44)) - raft.server.watch.element-limit = 65536 (default)
2021-09-08 01:20:43,395 [33731e97-16f6-45e4-8f2a-1dafddc3ee46@group-E87320B4B532-LeaderElection5] INFO  impl.RoleInfo (RoleInfo.java:updateAndGet(130)) - 33731e97-16f6-45e4-8f2a-1dafddc3ee46: start 33731e97-16f6-45e4-8f2a-1dafddc3ee46@group-E87320B4B532-LeaderStateImpl
2021-09-08 01:20:43,395 [33731e97-16f6-45e4-8f2a-1dafddc3ee46@group-E87320B4B532-LeaderElection5] INFO  segmented.SegmentedRaftLogWorker (SegmentedRaftLogWorker.java:startLogSegment(394)) - 33731e97-16f6-45e4-8f2a-1dafddc3ee46@group-E87320B4B532-SegmentedRaftLogWorker: Starting segment from index:0
2021-09-08 01:20:43,396 [EventQueue-OpenPipelineForHealthyPipelineSafeModeRule] INFO  safemode.SCMSafeModeManager (HealthyPipelineSafeModeRule.java:process(124)) - SCM in safe mode. Healthy pipelines reported count is 0, required healthy pipeline reported count is 1
2021-09-08 01:20:43,396 [Listener at 127.0.0.1/40417] INFO  ozone.MiniOzoneClusterImpl (MiniOzoneClusterImpl.java:lambda$waitForClusterToBeReady$0(235)) - Nodes are ready. Got 9 of 9 DN Heartbeats.
2021-09-08 01:20:43,396 [Listener at 127.0.0.1/40417] INFO  ozone.MiniOzoneClusterImpl (MiniOzoneClusterImpl.java:lambda$waitForClusterToBeReady$0(238)) - Waiting for cluster to exit safe mode
2021-09-08 01:20:43,397 [Listener at 127.0.0.1/40417] INFO  ozone.MiniOzoneClusterImpl (MiniOzoneClusterImpl.java:lambda$waitForClusterToBeReady$0(240)) - SCM became leader
2021-09-08 01:20:43,401 [33731e97-16f6-45e4-8f2a-1dafddc3ee46@group-E87320B4B532-SegmentedRaftLogWorker] INFO  segmented.SegmentedRaftLogWorker (SegmentedRaftLogWorker.java:execute(601)) - 33731e97-16f6-45e4-8f2a-1dafddc3ee46@group-E87320B4B532-SegmentedRaftLogWorker: created new log segment /home/runner/work/ozone/ozone/hadoop-ozone/integration-test/target/test-dir/MiniOzoneClusterImpl-0f12cb01-4002-4394-a01c-5903f1f0237a/datanode-2/data/ratis/eec28ec3-c5c6-45b7-ac81-e87320b4b532/current/log_inprogress_0
2021-09-08 01:20:43,402 [33731e97-16f6-45e4-8f2a-1dafddc3ee46@group-E87320B4B532-LeaderElection5] INFO  server.RaftServer$Division (ServerState.java:setRaftConf(387)) - 33731e97-16f6-45e4-8f2a-1dafddc3ee46@group-E87320B4B532: set configuration 0: [33731e97-16f6-45e4-8f2a-1dafddc3ee46|rpc:10.1.0.19:43575|dataStream:|priority:1], old=null
2021-09-08 01:20:43,495 [06f45bb0-d367-47cf-8f0c-bcb418e113db@group-03C340C5BF62-FollowerState] INFO  impl.FollowerState (FollowerState.java:run(134)) - 06f45bb0-d367-47cf-8f0c-bcb418e113db@group-03C340C5BF62-FollowerState: change to CANDIDATE, lastRpcElapsedTime:5010468005ns, electionTimeout:5010ms
2021-09-08 01:20:43,496 [06f45bb0-d367-47cf-8f0c-bcb418e113db@group-03C340C5BF62-FollowerState] INFO  impl.RoleInfo (RoleInfo.java:shutdownFollowerState(108)) - 06f45bb0-d367-47cf-8f0c-bcb418e113db: shutdown 06f45bb0-d367-47cf-8f0c-bcb418e113db@group-03C340C5BF62-FollowerState
2021-09-08 01:20:43,496 [06f45bb0-d367-47cf-8f0c-bcb418e113db@group-03C340C5BF62-FollowerState] INFO  server.RaftServer$Division (RaftServerImpl.java:setRole(285)) - 06f45bb0-d367-47cf-8f0c-bcb418e113db@group-03C340C5BF62: changes role from  FOLLOWER to CANDIDATE at term 0 for changeToCandidate
2021-09-08 01:20:43,496 [06f45bb0-d367-47cf-8f0c-bcb418e113db@group-03C340C5BF62-FollowerState] INFO  server.RaftServerConfigKeys (ConfUtils.java:logGet(44)) - raft.server.leaderelection.pre-vote = false (custom)
2021-09-08 01:20:43,496 [06f45bb0-d367-47cf-8f0c-bcb418e113db@group-03C340C5BF62-FollowerState] INFO  impl.RoleInfo (RoleInfo.java:updateAndGet(130)) - 06f45bb0-d367-47cf-8f0c-bcb418e113db: start 06f45bb0-d367-47cf-8f0c-bcb418e113db@group-03C340C5BF62-LeaderElection6
2021-09-08 01:20:43,499 [06f45bb0-d367-47cf-8f0c-bcb418e113db@group-03C340C5BF62-LeaderElection6] INFO  impl.LeaderElection (LeaderElection.java:askForVotes(306)) - 06f45bb0-d367-47cf-8f0c-bcb418e113db@group-03C340C5BF62-LeaderElection6 ELECTION round 0: submit vote requests at term 1 for -1: [06f45bb0-d367-47cf-8f0c-bcb418e113db|rpc:10.1.0.19:33913|priority:0, 0845838b-9535-4874-adc8-850f7ac3d0e5|rpc:10.1.0.19:37265|priority:0, df659118-86d4-47ae-9076-ad4ead1182cd|rpc:10.1.0.19:41085|priority:1], old=null
2021-09-08 01:20:43,509 [grpc-default-executor-1] INFO  server.RaftServer$Division (RaftServerImpl.java:requestVote(1043)) - df659118-86d4-47ae-9076-ad4ead1182cd@group-03C340C5BF62: receive requestVote(ELECTION, 06f45bb0-d367-47cf-8f0c-bcb418e113db, group-03C340C5BF62, 1, (t:0, i:0))
2021-09-08 01:20:43,509 [grpc-default-executor-1] INFO  impl.VoteContext (VoteContext.java:log(48)) - df659118-86d4-47ae-9076-ad4ead1182cd@group-03C340C5BF62-FOLLOWER: reject ELECTION from 06f45bb0-d367-47cf-8f0c-bcb418e113db: our priority 1 > candidate's priority 0
2021-09-08 01:20:43,509 [grpc-default-executor-1] INFO  server.RaftServer$Division (RaftServerImpl.java:setRole(285)) - df659118-86d4-47ae-9076-ad4ead1182cd@group-03C340C5BF62: changes role from  FOLLOWER to FOLLOWER at term 1 for candidate:06f45bb0-d367-47cf-8f0c-bcb418e113db
2021-09-08 01:20:43,509 [grpc-default-executor-1] INFO  impl.RoleInfo (RoleInfo.java:shutdownFollowerState(108)) - df659118-86d4-47ae-9076-ad4ead1182cd: shutdown df659118-86d4-47ae-9076-ad4ead1182cd@group-03C340C5BF62-FollowerState
2021-09-08 01:20:43,509 [grpc-default-executor-1] INFO  impl.RoleInfo (RoleInfo.java:updateAndGet(130)) - df659118-86d4-47ae-9076-ad4ead1182cd: start df659118-86d4-47ae-9076-ad4ead1182cd@group-03C340C5BF62-FollowerState
2021-09-08 01:20:43,509 [df659118-86d4-47ae-9076-ad4ead1182cd@group-03C340C5BF62-FollowerState] INFO  impl.FollowerState (FollowerState.java:run(143)) - df659118-86d4-47ae-9076-ad4ead1182cd@group-03C340C5BF62-FollowerState was interrupted: {}
java.lang.InterruptedException: sleep interrupted
	at java.lang.Thread.sleep(Native Method)
	at java.lang.Thread.sleep(Thread.java:340)
	at java.util.concurrent.TimeUnit.sleep(TimeUnit.java:386)
	at org.apache.ratis.util.TimeDuration.sleep(TimeDuration.java:324)
	at org.apache.ratis.util.TimeDuration.sleep(TimeDuration.java:309)
	at org.apache.ratis.server.impl.FollowerState.run(FollowerState.java:118)
2021-09-08 01:20:43,513 [grpc-default-executor-1] INFO  server.RaftServer$Division (RaftServerImpl.java:requestVote(1075)) - df659118-86d4-47ae-9076-ad4ead1182cd@group-03C340C5BF62 replies to ELECTION vote request: 06f45bb0-d367-47cf-8f0c-bcb418e113db<-df659118-86d4-47ae-9076-ad4ead1182cd#0:FAIL-t1. Peer's state: df659118-86d4-47ae-9076-ad4ead1182cd@group-03C340C5BF62:t1, leader=null, voted=null, raftlog=df659118-86d4-47ae-9076-ad4ead1182cd@group-03C340C5BF62-SegmentedRaftLog:OPENED:c-1,f-1,i0, conf=-1: [06f45bb0-d367-47cf-8f0c-bcb418e113db|rpc:10.1.0.19:33913|dataStream:|priority:0, 0845838b-9535-4874-adc8-850f7ac3d0e5|rpc:10.1.0.19:37265|dataStream:|priority:0, df659118-86d4-47ae-9076-ad4ead1182cd|rpc:10.1.0.19:41085|dataStream:|priority:1], old=null
2021-09-08 01:20:43,514 [06f45bb0-d367-47cf-8f0c-bcb418e113db@group-4F4577DE100D-FollowerState] INFO  impl.FollowerState (FollowerState.java:run(134)) - 06f45bb0-d367-47cf-8f0c-bcb418e113db@group-4F4577DE100D-FollowerState: change to CANDIDATE, lastRpcElapsedTime:5041939264ns, electionTimeout:5029ms
2021-09-08 01:20:43,514 [06f45bb0-d367-47cf-8f0c-bcb418e113db@group-4F4577DE100D-FollowerState] INFO  impl.RoleInfo (RoleInfo.java:shutdownFollowerState(108)) - 06f45bb0-d367-47cf-8f0c-bcb418e113db: shutdown 06f45bb0-d367-47cf-8f0c-bcb418e113db@group-4F4577DE100D-FollowerState
2021-09-08 01:20:43,514 [06f45bb0-d367-47cf-8f0c-bcb418e113db@group-4F4577DE100D-FollowerState] INFO  server.RaftServer$Division (RaftServerImpl.java:setRole(285)) - 06f45bb0-d367-47cf-8f0c-bcb418e113db@group-4F4577DE100D: changes role from  FOLLOWER to CANDIDATE at term 0 for changeToCandidate
2021-09-08 01:20:43,514 [06f45bb0-d367-47cf-8f0c-bcb418e113db@group-4F4577DE100D-FollowerState] INFO  server.RaftServerConfigKeys (ConfUtils.java:logGet(44)) - raft.server.leaderelection.pre-vote = false (custom)
2021-09-08 01:20:43,514 [06f45bb0-d367-47cf-8f0c-bcb418e113db@group-4F4577DE100D-FollowerState] INFO  impl.RoleInfo (RoleInfo.java:updateAndGet(130)) - 06f45bb0-d367-47cf-8f0c-bcb418e113db: start 06f45bb0-d367-47cf-8f0c-bcb418e113db@group-4F4577DE100D-LeaderElection7
2021-09-08 01:20:43,529 [06f45bb0-d367-47cf-8f0c-bcb418e113db@group-03C340C5BF62-LeaderElection6] INFO  impl.LeaderElection (LeaderElection.java:logAndReturn(89)) - 06f45bb0-d367-47cf-8f0c-bcb418e113db@group-03C340C5BF62-LeaderElection6: ELECTION REJECTED received 1 response(s) and 0 exception(s):
2021-09-08 01:20:43,529 [grpc-default-executor-0] INFO  server.RaftServer$Division (RaftServerImpl.java:requestVote(1043)) - 0845838b-9535-4874-adc8-850f7ac3d0e5@group-03C340C5BF62: receive requestVote(ELECTION, 06f45bb0-d367-47cf-8f0c-bcb418e113db, group-03C340C5BF62, 1, (t:0, i:0))
2021-09-08 01:20:43,532 [06f45bb0-d367-47cf-8f0c-bcb418e113db@group-03C340C5BF62-LeaderElection6] INFO  impl.LeaderElection (LeaderElection.java:logAndReturn(93)) -   Response 0: 06f45bb0-d367-47cf-8f0c-bcb418e113db<-df659118-86d4-47ae-9076-ad4ead1182cd#0:FAIL-t1
2021-09-08 01:20:43,532 [grpc-default-executor-0] INFO  impl.VoteContext (VoteContext.java:log(48)) - 0845838b-9535-4874-adc8-850f7ac3d0e5@group-03C340C5BF62-FOLLOWER: accept ELECTION from 06f45bb0-d367-47cf-8f0c-bcb418e113db: our priority 0 <= candidate's priority 0
2021-09-08 01:20:43,533 [grpc-default-executor-0] INFO  server.RaftServer$Division (RaftServerImpl.java:setRole(285)) - 0845838b-9535-4874-adc8-850f7ac3d0e5@group-03C340C5BF62: changes role from  FOLLOWER to FOLLOWER at term 1 for candidate:06f45bb0-d367-47cf-8f0c-bcb418e113db
2021-09-08 01:20:43,533 [06f45bb0-d367-47cf-8f0c-bcb418e113db@group-03C340C5BF62-LeaderElection6] INFO  impl.LeaderElection (LeaderElection.java:askForVotes(308)) - 06f45bb0-d367-47cf-8f0c-bcb418e113db@group-03C340C5BF62-LeaderElection6 ELECTION round 0: result REJECTED
2021-09-08 01:20:43,533 [grpc-default-executor-0] INFO  impl.RoleInfo (RoleInfo.java:shutdownFollowerState(108)) - 0845838b-9535-4874-adc8-850f7ac3d0e5: shutdown 0845838b-9535-4874-adc8-850f7ac3d0e5@group-03C340C5BF62-FollowerState
2021-09-08 01:20:43,533 [grpc-default-executor-0] INFO  impl.RoleInfo (RoleInfo.java:updateAndGet(130)) - 0845838b-9535-4874-adc8-850f7ac3d0e5: start 0845838b-9535-4874-adc8-850f7ac3d0e5@group-03C340C5BF62-FollowerState
2021-09-08 01:20:43,533 [06f45bb0-d367-47cf-8f0c-bcb418e113db@group-03C340C5BF62-LeaderElection6] INFO  server.RaftServer$Division (RaftServerImpl.java:setRole(285)) - 06f45bb0-d367-47cf-8f0c-bcb418e113db@group-03C340C5BF62: changes role from CANDIDATE to FOLLOWER at term 1 for REJECTED
2021-09-08 01:20:43,533 [06f45bb0-d367-47cf-8f0c-bcb418e113db@group-03C340C5BF62-LeaderElection6] INFO  impl.RoleInfo (RoleInfo.java:shutdownLeaderElection(121)) - 06f45bb0-d367-47cf-8f0c-bcb418e113db: shutdown 06f45bb0-d367-47cf-8f0c-bcb418e113db@group-03C340C5BF62-LeaderElection6
2021-09-08 01:20:43,533 [0845838b-9535-4874-adc8-850f7ac3d0e5@group-03C340C5BF62-FollowerState] INFO  impl.FollowerState (FollowerState.java:run(143)) - 0845838b-9535-4874-adc8-850f7ac3d0e5@group-03C340C5BF62-FollowerState was interrupted: {}
java.lang.InterruptedException: sleep interrupted
	at java.lang.Thread.sleep(Native Method)
	at java.lang.Thread.sleep(Thread.java:340)
	at java.util.concurrent.TimeUnit.sleep(TimeUnit.java:386)
	at org.apache.ratis.util.TimeDuration.sleep(TimeDuration.java:324)
	at org.apache.ratis.util.TimeDuration.sleep(TimeDuration.java:309)
	at org.apache.ratis.server.impl.FollowerState.run(FollowerState.java:118)
2021-09-08 01:20:43,536 [06f45bb0-d367-47cf-8f0c-bcb418e113db@group-03C340C5BF62-LeaderElection6] INFO  impl.RoleInfo (RoleInfo.java:updateAndGet(130)) - 06f45bb0-d367-47cf-8f0c-bcb418e113db: start 06f45bb0-d367-47cf-8f0c-bcb418e113db@group-03C340C5BF62-FollowerState
2021-09-08 01:20:43,537 [06f45bb0-d367-47cf-8f0c-bcb418e113db@group-4F4577DE100D-LeaderElection7] INFO  impl.LeaderElection (LeaderElection.java:askForVotes(306)) - 06f45bb0-d367-47cf-8f0c-bcb418e113db@group-4F4577DE100D-LeaderElection7 ELECTION round 0: submit vote requests at term 1 for -1: [06f45bb0-d367-47cf-8f0c-bcb418e113db|rpc:10.1.0.19:33913|priority:1], old=null
2021-09-08 01:20:43,537 [06f45bb0-d367-47cf-8f0c-bcb418e113db@group-4F4577DE100D-LeaderElection7] INFO  impl.LeaderElection (LeaderElection.java:askForVotes(308)) - 06f45bb0-d367-47cf-8f0c-bcb418e113db@group-4F4577DE100D-LeaderElection7 ELECTION round 0: result PASSED (term=1)
2021-09-08 01:20:43,537 [06f45bb0-d367-47cf-8f0c-bcb418e113db@group-4F4577DE100D-LeaderElection7] INFO  impl.RoleInfo (RoleInfo.java:shutdownLeaderElection(121)) - 06f45bb0-d367-47cf-8f0c-bcb418e113db: shutdown 06f45bb0-d367-47cf-8f0c-bcb418e113db@group-4F4577DE100D-LeaderElection7
2021-09-08 01:20:43,538 [grpc-default-executor-0] INFO  server.RaftServer$Division (RaftServerImpl.java:requestVote(1075)) - 0845838b-9535-4874-adc8-850f7ac3d0e5@group-03C340C5BF62 replies to ELECTION vote request: 06f45bb0-d367-47cf-8f0c-bcb418e113db<-0845838b-9535-4874-adc8-850f7ac3d0e5#0:OK-t1. Peer's state: 0845838b-9535-4874-adc8-850f7ac3d0e5@group-03C340C5BF62:t1, leader=null, voted=06f45bb0-d367-47cf-8f0c-bcb418e113db, raftlog=0845838b-9535-4874-adc8-850f7ac3d0e5@group-03C340C5BF62-SegmentedRaftLog:OPENED:c-1,f-1,i0, conf=-1: [06f45bb0-d367-47cf-8f0c-bcb418e113db|rpc:10.1.0.19:33913|dataStream:|priority:0, 0845838b-9535-4874-adc8-850f7ac3d0e5|rpc:10.1.0.19:37265|dataStream:|priority:0, df659118-86d4-47ae-9076-ad4ead1182cd|rpc:10.1.0.19:41085|dataStream:|priority:1], old=null
2021-09-08 01:20:43,538 [06f45bb0-d367-47cf-8f0c-bcb418e113db@group-4F4577DE100D-LeaderElection7] INFO  server.RaftServer$Division (RaftServerImpl.java:setRole(285)) - 06f45bb0-d367-47cf-8f0c-bcb418e113db@group-4F4577DE100D: changes role from CANDIDATE to LEADER at term 1 for changeToLeader
2021-09-08 01:20:43,538 [06f45bb0-d367-47cf-8f0c-bcb418e113db@group-4F4577DE100D-LeaderElection7] INFO  ratis.XceiverServerRatis (XceiverServerRatis.java:handleLeaderChangedNotification(861)) - Leader change notification received for group: group-4F4577DE100D with new leaderId: 06f45bb0-d367-47cf-8f0c-bcb418e113db
2021-09-08 01:20:43,541 [Datanode State Machine Thread - 0] WARN  statemachine.StateContext (StateContext.java:execute(621)) - No available thread in pool for past 1 seconds.
2021-09-08 01:20:43,541 [06f45bb0-d367-47cf-8f0c-bcb418e113db@group-4F4577DE100D-LeaderElection7] INFO  server.RaftServer$Division (ServerState.java:setLeader(285)) - 06f45bb0-d367-47cf-8f0c-bcb418e113db@group-4F4577DE100D: change Leader from null to 06f45bb0-d367-47cf-8f0c-bcb418e113db at term 1 for becomeLeader, leader elected after 5084ms
2021-09-08 01:20:43,543 [06f45bb0-d367-47cf-8f0c-bcb418e113db@group-4F4577DE100D-LeaderElection7] INFO  server.RaftServerConfigKeys (ConfUtils.java:logGet(44)) - raft.server.staging.catchup.gap = 1000 (default)
2021-09-08 01:20:43,544 [06f45bb0-d367-47cf-8f0c-bcb418e113db@group-4F4577DE100D-LeaderElection7] INFO  server.RaftServerConfigKeys (ConfUtils.java:logGet(44)) - raft.server.write.element-limit = 1024 (custom)
2021-09-08 01:20:43,544 [06f45bb0-d367-47cf-8f0c-bcb418e113db@group-4F4577DE100D-LeaderElection7] INFO  server.RaftServerConfigKeys (ConfUtils.java:logGet(44)) - raft.server.write.byte-limit = 1024 M (=1073741824) (custom)
2021-09-08 01:20:43,544 [EventQueue-OpenPipelineForHealthyPipelineSafeModeRule] INFO  safemode.SCMSafeModeManager (HealthyPipelineSafeModeRule.java:process(124)) - SCM in safe mode. Healthy pipelines reported count is 0, required healthy pipeline reported count is 1
2021-09-08 01:20:43,544 [06f45bb0-d367-47cf-8f0c-bcb418e113db@group-4F4577DE100D-LeaderElection7] INFO  server.RaftServerConfigKeys (ConfUtils.java:logGet(44)) - raft.server.watch.timeout = 3000ms (custom)
2021-09-08 01:20:43,544 [06f45bb0-d367-47cf-8f0c-bcb418e113db@group-4F4577DE100D-LeaderElection7] INFO  server.RaftServerConfigKeys (ConfUtils.java:logGet(44)) - raft.server.watch.timeout.denomination = 1s (default)
2021-09-08 01:20:43,544 [06f45bb0-d367-47cf-8f0c-bcb418e113db@group-4F4577DE100D-LeaderElection7] INFO  server.RaftServerConfigKeys (ConfUtils.java:logGet(44)) - raft.server.watch.element-limit = 65536 (default)
2021-09-08 01:20:43,545 [06f45bb0-d367-47cf-8f0c-bcb418e113db@group-4F4577DE100D-LeaderElection7] INFO  impl.RoleInfo (RoleInfo.java:updateAndGet(130)) - 06f45bb0-d367-47cf-8f0c-bcb418e113db: start 06f45bb0-d367-47cf-8f0c-bcb418e113db@group-4F4577DE100D-LeaderStateImpl
2021-09-08 01:20:43,545 [06f45bb0-d367-47cf-8f0c-bcb418e113db@group-4F4577DE100D-LeaderElection7] INFO  segmented.SegmentedRaftLogWorker (SegmentedRaftLogWorker.java:startLogSegment(394)) - 06f45bb0-d367-47cf-8f0c-bcb418e113db@group-4F4577DE100D-SegmentedRaftLogWorker: Starting segment from index:0
2021-09-08 01:20:43,546 [06f45bb0-d367-47cf-8f0c-bcb418e113db@group-4F4577DE100D-SegmentedRaftLogWorker] INFO  segmented.SegmentedRaftLogWorker (SegmentedRaftLogWorker.java:execute(601)) - 06f45bb0-d367-47cf-8f0c-bcb418e113db@group-4F4577DE100D-SegmentedRaftLogWorker: created new log segment /home/runner/work/ozone/ozone/hadoop-ozone/integration-test/target/test-dir/MiniOzoneClusterImpl-0f12cb01-4002-4394-a01c-5903f1f0237a/datanode-3/data/ratis/d099ff88-c4d8-4f88-9700-4f4577de100d/current/log_inprogress_0
2021-09-08 01:20:43,549 [06f45bb0-d367-47cf-8f0c-bcb418e113db@group-4F4577DE100D-LeaderElection7] INFO  server.RaftServer$Division (ServerState.java:setRaftConf(387)) - 06f45bb0-d367-47cf-8f0c-bcb418e113db@group-4F4577DE100D: set configuration 0: [06f45bb0-d367-47cf-8f0c-bcb418e113db|rpc:10.1.0.19:33913|dataStream:|priority:1], old=null
2021-09-08 01:20:43,805 [df659118-86d4-47ae-9076-ad4ead1182cd@group-283A5E7293C4-FollowerState] INFO  impl.FollowerState (FollowerState.java:run(134)) - df659118-86d4-47ae-9076-ad4ead1182cd@group-283A5E7293C4-FollowerState: change to CANDIDATE, lastRpcElapsedTime:5163018734ns, electionTimeout:5161ms
2021-09-08 01:20:43,805 [df659118-86d4-47ae-9076-ad4ead1182cd@group-283A5E7293C4-FollowerState] INFO  impl.RoleInfo (RoleInfo.java:shutdownFollowerState(108)) - df659118-86d4-47ae-9076-ad4ead1182cd: shutdown df659118-86d4-47ae-9076-ad4ead1182cd@group-283A5E7293C4-FollowerState
2021-09-08 01:20:43,805 [df659118-86d4-47ae-9076-ad4ead1182cd@group-283A5E7293C4-FollowerState] INFO  server.RaftServer$Division (RaftServerImpl.java:setRole(285)) - df659118-86d4-47ae-9076-ad4ead1182cd@group-283A5E7293C4: changes role from  FOLLOWER to CANDIDATE at term 0 for changeToCandidate
2021-09-08 01:20:43,806 [df659118-86d4-47ae-9076-ad4ead1182cd@group-283A5E7293C4-FollowerState] INFO  server.RaftServerConfigKeys (ConfUtils.java:logGet(44)) - raft.server.leaderelection.pre-vote = false (custom)
2021-09-08 01:20:43,806 [df659118-86d4-47ae-9076-ad4ead1182cd@group-283A5E7293C4-FollowerState] INFO  impl.RoleInfo (RoleInfo.java:updateAndGet(130)) - df659118-86d4-47ae-9076-ad4ead1182cd: start df659118-86d4-47ae-9076-ad4ead1182cd@group-283A5E7293C4-LeaderElection8
2021-09-08 01:20:43,809 [df659118-86d4-47ae-9076-ad4ead1182cd@group-283A5E7293C4-LeaderElection8] INFO  impl.LeaderElection (LeaderElection.java:askForVotes(306)) - df659118-86d4-47ae-9076-ad4ead1182cd@group-283A5E7293C4-LeaderElection8 ELECTION round 0: submit vote requests at term 1 for -1: [df659118-86d4-47ae-9076-ad4ead1182cd|rpc:10.1.0.19:41085|priority:1], old=null
2021-09-08 01:20:43,809 [df659118-86d4-47ae-9076-ad4ead1182cd@group-283A5E7293C4-LeaderElection8] INFO  impl.LeaderElection (LeaderElection.java:askForVotes(308)) - df659118-86d4-47ae-9076-ad4ead1182cd@group-283A5E7293C4-LeaderElection8 ELECTION round 0: result PASSED (term=1)
2021-09-08 01:20:43,809 [df659118-86d4-47ae-9076-ad4ead1182cd@group-283A5E7293C4-LeaderElection8] INFO  impl.RoleInfo (RoleInfo.java:shutdownLeaderElection(121)) - df659118-86d4-47ae-9076-ad4ead1182cd: shutdown df659118-86d4-47ae-9076-ad4ead1182cd@group-283A5E7293C4-LeaderElection8
2021-09-08 01:20:43,809 [df659118-86d4-47ae-9076-ad4ead1182cd@group-283A5E7293C4-LeaderElection8] INFO  server.RaftServer$Division (RaftServerImpl.java:setRole(285)) - df659118-86d4-47ae-9076-ad4ead1182cd@group-283A5E7293C4: changes role from CANDIDATE to LEADER at term 1 for changeToLeader
2021-09-08 01:20:43,809 [df659118-86d4-47ae-9076-ad4ead1182cd@group-283A5E7293C4-LeaderElection8] INFO  ratis.XceiverServerRatis (XceiverServerRatis.java:handleLeaderChangedNotification(861)) - Leader change notification received for group: group-283A5E7293C4 with new leaderId: df659118-86d4-47ae-9076-ad4ead1182cd
2021-09-08 01:20:43,809 [df659118-86d4-47ae-9076-ad4ead1182cd@group-283A5E7293C4-LeaderElection8] INFO  server.RaftServer$Division (ServerState.java:setLeader(285)) - df659118-86d4-47ae-9076-ad4ead1182cd@group-283A5E7293C4: change Leader from null to df659118-86d4-47ae-9076-ad4ead1182cd at term 1 for becomeLeader, leader elected after 5175ms
2021-09-08 01:20:43,809 [df659118-86d4-47ae-9076-ad4ead1182cd@group-283A5E7293C4-LeaderElection8] INFO  server.RaftServerConfigKeys (ConfUtils.java:logGet(44)) - raft.server.staging.catchup.gap = 1000 (default)
2021-09-08 01:20:43,809 [df659118-86d4-47ae-9076-ad4ead1182cd@group-283A5E7293C4-LeaderElection8] INFO  server.RaftServerConfigKeys (ConfUtils.java:logGet(44)) - raft.server.write.element-limit = 1024 (custom)
2021-09-08 01:20:43,809 [df659118-86d4-47ae-9076-ad4ead1182cd@group-283A5E7293C4-LeaderElection8] INFO  server.RaftServerConfigKeys (ConfUtils.java:logGet(44)) - raft.server.write.byte-limit = 1024 M (=1073741824) (custom)
2021-09-08 01:20:43,810 [df659118-86d4-47ae-9076-ad4ead1182cd@group-283A5E7293C4-LeaderElection8] INFO  server.RaftServerConfigKeys (ConfUtils.java:logGet(44)) - raft.server.watch.timeout = 3000ms (custom)
2021-09-08 01:20:43,810 [df659118-86d4-47ae-9076-ad4ead1182cd@group-283A5E7293C4-LeaderElection8] INFO  server.RaftServerConfigKeys (ConfUtils.java:logGet(44)) - raft.server.watch.timeout.denomination = 1s (default)
2021-09-08 01:20:43,810 [df659118-86d4-47ae-9076-ad4ead1182cd@group-283A5E7293C4-LeaderElection8] INFO  server.RaftServerConfigKeys (ConfUtils.java:logGet(44)) - raft.server.watch.element-limit = 65536 (default)
2021-09-08 01:20:43,810 [df659118-86d4-47ae-9076-ad4ead1182cd@group-283A5E7293C4-LeaderElection8] INFO  impl.RoleInfo (RoleInfo.java:updateAndGet(130)) - df659118-86d4-47ae-9076-ad4ead1182cd: start df659118-86d4-47ae-9076-ad4ead1182cd@group-283A5E7293C4-LeaderStateImpl
2021-09-08 01:20:43,810 [df659118-86d4-47ae-9076-ad4ead1182cd@group-283A5E7293C4-LeaderElection8] INFO  segmented.SegmentedRaftLogWorker (SegmentedRaftLogWorker.java:startLogSegment(394)) - df659118-86d4-47ae-9076-ad4ead1182cd@group-283A5E7293C4-SegmentedRaftLogWorker: Starting segment from index:0
2021-09-08 01:20:43,813 [EventQueue-OpenPipelineForHealthyPipelineSafeModeRule] INFO  safemode.SCMSafeModeManager (HealthyPipelineSafeModeRule.java:process(124)) - SCM in safe mode. Healthy pipelines reported count is 0, required healthy pipeline reported count is 1
2021-09-08 01:20:43,816 [df659118-86d4-47ae-9076-ad4ead1182cd@group-283A5E7293C4-LeaderElection8] INFO  server.RaftServer$Division (ServerState.java:setRaftConf(387)) - df659118-86d4-47ae-9076-ad4ead1182cd@group-283A5E7293C4: set configuration 0: [df659118-86d4-47ae-9076-ad4ead1182cd|rpc:10.1.0.19:41085|dataStream:|priority:1], old=null
2021-09-08 01:20:43,816 [df659118-86d4-47ae-9076-ad4ead1182cd@group-283A5E7293C4-SegmentedRaftLogWorker] INFO  segmented.SegmentedRaftLogWorker (SegmentedRaftLogWorker.java:execute(601)) - df659118-86d4-47ae-9076-ad4ead1182cd@group-283A5E7293C4-SegmentedRaftLogWorker: created new log segment /home/runner/work/ozone/ozone/hadoop-ozone/integration-test/target/test-dir/MiniOzoneClusterImpl-0f12cb01-4002-4394-a01c-5903f1f0237a/datanode-4/data/ratis/b87cf334-1b8d-42ae-86b8-283a5e7293c4/current/log_inprogress_0
2021-09-08 01:20:43,868 [0845838b-9535-4874-adc8-850f7ac3d0e5@group-504E66FDB36B-FollowerState] INFO  impl.FollowerState (FollowerState.java:run(134)) - 0845838b-9535-4874-adc8-850f7ac3d0e5@group-504E66FDB36B-FollowerState: change to CANDIDATE, lastRpcElapsedTime:5017199625ns, electionTimeout:5016ms
2021-09-08 01:20:43,868 [0845838b-9535-4874-adc8-850f7ac3d0e5@group-504E66FDB36B-FollowerState] INFO  impl.RoleInfo (RoleInfo.java:shutdownFollowerState(108)) - 0845838b-9535-4874-adc8-850f7ac3d0e5: shutdown 0845838b-9535-4874-adc8-850f7ac3d0e5@group-504E66FDB36B-FollowerState
2021-09-08 01:20:43,868 [0845838b-9535-4874-adc8-850f7ac3d0e5@group-504E66FDB36B-FollowerState] INFO  server.RaftServer$Division (RaftServerImpl.java:setRole(285)) - 0845838b-9535-4874-adc8-850f7ac3d0e5@group-504E66FDB36B: changes role from  FOLLOWER to CANDIDATE at term 0 for changeToCandidate
2021-09-08 01:20:43,869 [0845838b-9535-4874-adc8-850f7ac3d0e5@group-504E66FDB36B-FollowerState] INFO  server.RaftServerConfigKeys (ConfUtils.java:logGet(44)) - raft.server.leaderelection.pre-vote = false (custom)
2021-09-08 01:20:43,869 [0845838b-9535-4874-adc8-850f7ac3d0e5@group-504E66FDB36B-FollowerState] INFO  impl.RoleInfo (RoleInfo.java:updateAndGet(130)) - 0845838b-9535-4874-adc8-850f7ac3d0e5: start 0845838b-9535-4874-adc8-850f7ac3d0e5@group-504E66FDB36B-LeaderElection9
2021-09-08 01:20:43,872 [0845838b-9535-4874-adc8-850f7ac3d0e5@group-504E66FDB36B-LeaderElection9] INFO  impl.LeaderElection (LeaderElection.java:askForVotes(306)) - 0845838b-9535-4874-adc8-850f7ac3d0e5@group-504E66FDB36B-LeaderElection9 ELECTION round 0: submit vote requests at term 1 for -1: [0845838b-9535-4874-adc8-850f7ac3d0e5|rpc:10.1.0.19:37265|priority:1], old=null
2021-09-08 01:20:43,872 [0845838b-9535-4874-adc8-850f7ac3d0e5@group-504E66FDB36B-LeaderElection9] INFO  impl.LeaderElection (LeaderElection.java:askForVotes(308)) - 0845838b-9535-4874-adc8-850f7ac3d0e5@group-504E66FDB36B-LeaderElection9 ELECTION round 0: result PASSED (term=1)
2021-09-08 01:20:43,872 [0845838b-9535-4874-adc8-850f7ac3d0e5@group-504E66FDB36B-LeaderElection9] INFO  impl.RoleInfo (RoleInfo.java:shutdownLeaderElection(121)) - 0845838b-9535-4874-adc8-850f7ac3d0e5: shutdown 0845838b-9535-4874-adc8-850f7ac3d0e5@group-504E66FDB36B-LeaderElection9
2021-09-08 01:20:43,872 [0845838b-9535-4874-adc8-850f7ac3d0e5@group-504E66FDB36B-LeaderElection9] INFO  server.RaftServer$Division (RaftServerImpl.java:setRole(285)) - 0845838b-9535-4874-adc8-850f7ac3d0e5@group-504E66FDB36B: changes role from CANDIDATE to LEADER at term 1 for changeToLeader
2021-09-08 01:20:43,872 [0845838b-9535-4874-adc8-850f7ac3d0e5@group-504E66FDB36B-LeaderElection9] INFO  ratis.XceiverServerRatis (XceiverServerRatis.java:handleLeaderChangedNotification(861)) - Leader change notification received for group: group-504E66FDB36B with new leaderId: 0845838b-9535-4874-adc8-850f7ac3d0e5
2021-09-08 01:20:43,873 [0845838b-9535-4874-adc8-850f7ac3d0e5@group-504E66FDB36B-LeaderElection9] INFO  server.RaftServer$Division (ServerState.java:setLeader(285)) - 0845838b-9535-4874-adc8-850f7ac3d0e5@group-504E66FDB36B: change Leader from null to 0845838b-9535-4874-adc8-850f7ac3d0e5 at term 1 for becomeLeader, leader elected after 5039ms
2021-09-08 01:20:43,873 [0845838b-9535-4874-adc8-850f7ac3d0e5@group-504E66FDB36B-LeaderElection9] INFO  server.RaftServerConfigKeys (ConfUtils.java:logGet(44)) - raft.server.staging.catchup.gap = 1000 (default)
2021-09-08 01:20:43,873 [Datanode State Machine Thread - 0] WARN  statemachine.StateContext (StateContext.java:execute(621)) - No available thread in pool for past 1 seconds.
2021-09-08 01:20:43,873 [0845838b-9535-4874-adc8-850f7ac3d0e5@group-504E66FDB36B-LeaderElection9] INFO  server.RaftServerConfigKeys (ConfUtils.java:logGet(44)) - raft.server.write.element-limit = 1024 (custom)
2021-09-08 01:20:43,873 [0845838b-9535-4874-adc8-850f7ac3d0e5@group-504E66FDB36B-LeaderElection9] INFO  server.RaftServerConfigKeys (ConfUtils.java:logGet(44)) - raft.server.write.byte-limit = 1024 M (=1073741824) (custom)
2021-09-08 01:20:43,874 [0845838b-9535-4874-adc8-850f7ac3d0e5@group-504E66FDB36B-LeaderElection9] INFO  server.RaftServerConfigKeys (ConfUtils.java:logGet(44)) - raft.server.watch.timeout = 3000ms (custom)
2021-09-08 01:20:43,874 [0845838b-9535-4874-adc8-850f7ac3d0e5@group-504E66FDB36B-LeaderElection9] INFO  server.RaftServerConfigKeys (ConfUtils.java:logGet(44)) - raft.server.watch.timeout.denomination = 1s (default)
2021-09-08 01:20:43,875 [EventQueue-OpenPipelineForHealthyPipelineSafeModeRule] INFO  safemode.SCMSafeModeManager (HealthyPipelineSafeModeRule.java:process(124)) - SCM in safe mode. Healthy pipelines reported count is 0, required healthy pipeline reported count is 1
2021-09-08 01:20:43,875 [0845838b-9535-4874-adc8-850f7ac3d0e5@group-504E66FDB36B-LeaderElection9] INFO  server.RaftServerConfigKeys (ConfUtils.java:logGet(44)) - raft.server.watch.element-limit = 65536 (default)
2021-09-08 01:20:43,875 [0845838b-9535-4874-adc8-850f7ac3d0e5@group-504E66FDB36B-LeaderElection9] INFO  impl.RoleInfo (RoleInfo.java:updateAndGet(130)) - 0845838b-9535-4874-adc8-850f7ac3d0e5: start 0845838b-9535-4874-adc8-850f7ac3d0e5@group-504E66FDB36B-LeaderStateImpl
2021-09-08 01:20:43,875 [0845838b-9535-4874-adc8-850f7ac3d0e5@group-504E66FDB36B-LeaderElection9] INFO  segmented.SegmentedRaftLogWorker (SegmentedRaftLogWorker.java:startLogSegment(394)) - 0845838b-9535-4874-adc8-850f7ac3d0e5@group-504E66FDB36B-SegmentedRaftLogWorker: Starting segment from index:0
2021-09-08 01:20:43,876 [0845838b-9535-4874-adc8-850f7ac3d0e5@group-504E66FDB36B-LeaderElection9] INFO  server.RaftServer$Division (ServerState.java:setRaftConf(387)) - 0845838b-9535-4874-adc8-850f7ac3d0e5@group-504E66FDB36B: set configuration 0: [0845838b-9535-4874-adc8-850f7ac3d0e5|rpc:10.1.0.19:37265|dataStream:|priority:1], old=null
2021-09-08 01:20:43,876 [0845838b-9535-4874-adc8-850f7ac3d0e5@group-504E66FDB36B-SegmentedRaftLogWorker] INFO  segmented.SegmentedRaftLogWorker (SegmentedRaftLogWorker.java:execute(601)) - 0845838b-9535-4874-adc8-850f7ac3d0e5@group-504E66FDB36B-SegmentedRaftLogWorker: created new log segment /home/runner/work/ozone/ozone/hadoop-ozone/integration-test/target/test-dir/MiniOzoneClusterImpl-0f12cb01-4002-4394-a01c-5903f1f0237a/datanode-5/data/ratis/816a6bd5-5efd-4815-a346-504e66fdb36b/current/log_inprogress_0
2021-09-08 01:20:44,096 [c4ae24d6-167d-432b-819b-55d2c3b07854@group-BEA90EEC2AFB-FollowerState] INFO  impl.FollowerState (FollowerState.java:run(134)) - c4ae24d6-167d-432b-819b-55d2c3b07854@group-BEA90EEC2AFB-FollowerState: change to CANDIDATE, lastRpcElapsedTime:5024001950ns, electionTimeout:5023ms
2021-09-08 01:20:44,096 [c4ae24d6-167d-432b-819b-55d2c3b07854@group-BEA90EEC2AFB-FollowerState] INFO  impl.RoleInfo (RoleInfo.java:shutdownFollowerState(108)) - c4ae24d6-167d-432b-819b-55d2c3b07854: shutdown c4ae24d6-167d-432b-819b-55d2c3b07854@group-BEA90EEC2AFB-FollowerState
2021-09-08 01:20:44,096 [c4ae24d6-167d-432b-819b-55d2c3b07854@group-BEA90EEC2AFB-FollowerState] INFO  server.RaftServer$Division (RaftServerImpl.java:setRole(285)) - c4ae24d6-167d-432b-819b-55d2c3b07854@group-BEA90EEC2AFB: changes role from  FOLLOWER to CANDIDATE at term 0 for changeToCandidate
2021-09-08 01:20:44,098 [c4ae24d6-167d-432b-819b-55d2c3b07854@group-BEA90EEC2AFB-FollowerState] INFO  server.RaftServerConfigKeys (ConfUtils.java:logGet(44)) - raft.server.leaderelection.pre-vote = false (custom)
2021-09-08 01:20:44,098 [c4ae24d6-167d-432b-819b-55d2c3b07854@group-BEA90EEC2AFB-FollowerState] INFO  impl.RoleInfo (RoleInfo.java:updateAndGet(130)) - c4ae24d6-167d-432b-819b-55d2c3b07854: start c4ae24d6-167d-432b-819b-55d2c3b07854@group-BEA90EEC2AFB-LeaderElection10
2021-09-08 01:20:44,105 [c4ae24d6-167d-432b-819b-55d2c3b07854@group-BEA90EEC2AFB-LeaderElection10] INFO  impl.LeaderElection (LeaderElection.java:askForVotes(306)) - c4ae24d6-167d-432b-819b-55d2c3b07854@group-BEA90EEC2AFB-LeaderElection10 ELECTION round 0: submit vote requests at term 1 for -1: [c4ae24d6-167d-432b-819b-55d2c3b07854|rpc:10.1.0.19:42675|priority:1, e7eadb9e-87f0-44a1-8347-22fb5259c06f|rpc:10.1.0.19:40669|priority:0, a5b729b8-cc77-4510-b256-3db79b728626|rpc:10.1.0.19:41785|priority:0], old=null
2021-09-08 01:20:44,119 [grpc-default-executor-0] INFO  server.RaftServer$Division (RaftServerImpl.java:requestVote(1043)) - e7eadb9e-87f0-44a1-8347-22fb5259c06f@group-BEA90EEC2AFB: receive requestVote(ELECTION, c4ae24d6-167d-432b-819b-55d2c3b07854, group-BEA90EEC2AFB, 1, (t:0, i:0))
2021-09-08 01:20:44,119 [grpc-default-executor-0] INFO  impl.VoteContext (VoteContext.java:log(48)) - e7eadb9e-87f0-44a1-8347-22fb5259c06f@group-BEA90EEC2AFB-FOLLOWER: accept ELECTION from c4ae24d6-167d-432b-819b-55d2c3b07854: our priority 0 <= candidate's priority 1
2021-09-08 01:20:44,120 [grpc-default-executor-0] INFO  server.RaftServer$Division (RaftServerImpl.java:setRole(285)) - e7eadb9e-87f0-44a1-8347-22fb5259c06f@group-BEA90EEC2AFB: changes role from  FOLLOWER to FOLLOWER at term 1 for candidate:c4ae24d6-167d-432b-819b-55d2c3b07854
2021-09-08 01:20:44,120 [grpc-default-executor-0] INFO  impl.RoleInfo (RoleInfo.java:shutdownFollowerState(108)) - e7eadb9e-87f0-44a1-8347-22fb5259c06f: shutdown e7eadb9e-87f0-44a1-8347-22fb5259c06f@group-BEA90EEC2AFB-FollowerState
2021-09-08 01:20:44,120 [grpc-default-executor-0] INFO  impl.RoleInfo (RoleInfo.java:updateAndGet(130)) - e7eadb9e-87f0-44a1-8347-22fb5259c06f: start e7eadb9e-87f0-44a1-8347-22fb5259c06f@group-BEA90EEC2AFB-FollowerState
2021-09-08 01:20:44,124 [grpc-default-executor-0] INFO  server.RaftServer$Division (RaftServerImpl.java:requestVote(1075)) - e7eadb9e-87f0-44a1-8347-22fb5259c06f@group-BEA90EEC2AFB replies to ELECTION vote request: c4ae24d6-167d-432b-819b-55d2c3b07854<-e7eadb9e-87f0-44a1-8347-22fb5259c06f#0:OK-t1. Peer's state: e7eadb9e-87f0-44a1-8347-22fb5259c06f@group-BEA90EEC2AFB:t1, leader=null, voted=c4ae24d6-167d-432b-819b-55d2c3b07854, raftlog=e7eadb9e-87f0-44a1-8347-22fb5259c06f@group-BEA90EEC2AFB-SegmentedRaftLog:OPENED:c-1,f-1,i0, conf=-1: [c4ae24d6-167d-432b-819b-55d2c3b07854|rpc:10.1.0.19:42675|dataStream:|priority:1, e7eadb9e-87f0-44a1-8347-22fb5259c06f|rpc:10.1.0.19:40669|dataStream:|priority:0, a5b729b8-cc77-4510-b256-3db79b728626|rpc:10.1.0.19:41785|dataStream:|priority:0], old=null
2021-09-08 01:20:44,124 [e7eadb9e-87f0-44a1-8347-22fb5259c06f@group-BEA90EEC2AFB-FollowerState] INFO  impl.FollowerState (FollowerState.java:run(134)) - e7eadb9e-87f0-44a1-8347-22fb5259c06f@group-BEA90EEC2AFB-FollowerState: change to CANDIDATE, lastRpcElapsedTime:5023567235ns, electionTimeout:5015ms
2021-09-08 01:20:44,127 [e7eadb9e-87f0-44a1-8347-22fb5259c06f@group-BEA90EEC2AFB-FollowerState] INFO  impl.RoleInfo (RoleInfo.java:shutdownFollowerState(108)) - e7eadb9e-87f0-44a1-8347-22fb5259c06f: shutdown e7eadb9e-87f0-44a1-8347-22fb5259c06f@group-BEA90EEC2AFB-FollowerState
2021-09-08 01:20:44,127 [e7eadb9e-87f0-44a1-8347-22fb5259c06f@group-BEA90EEC2AFB-FollowerState] INFO  server.RaftServer$Division (RaftServerImpl.java:setRole(285)) - e7eadb9e-87f0-44a1-8347-22fb5259c06f@group-BEA90EEC2AFB: changes role from  FOLLOWER to CANDIDATE at term 1 for changeToCandidate
2021-09-08 01:20:44,129 [c4ae24d6-167d-432b-819b-55d2c3b07854@group-BEA90EEC2AFB-LeaderElection10] INFO  impl.LeaderElection (LeaderElection.java:logAndReturn(89)) - c4ae24d6-167d-432b-819b-55d2c3b07854@group-BEA90EEC2AFB-LeaderElection10: ELECTION PASSED received 1 response(s) and 0 exception(s):
2021-09-08 01:20:44,130 [c4ae24d6-167d-432b-819b-55d2c3b07854@group-BEA90EEC2AFB-LeaderElection10] INFO  impl.LeaderElection (LeaderElection.java:logAndReturn(93)) -   Response 0: c4ae24d6-167d-432b-819b-55d2c3b07854<-e7eadb9e-87f0-44a1-8347-22fb5259c06f#0:OK-t1
2021-09-08 01:20:44,130 [c4ae24d6-167d-432b-819b-55d2c3b07854@group-BEA90EEC2AFB-LeaderElection10] INFO  impl.LeaderElection (LeaderElection.java:askForVotes(308)) - c4ae24d6-167d-432b-819b-55d2c3b07854@group-BEA90EEC2AFB-LeaderElection10 ELECTION round 0: result PASSED
2021-09-08 01:20:44,130 [c4ae24d6-167d-432b-819b-55d2c3b07854@group-BEA90EEC2AFB-LeaderElection10] INFO  impl.RoleInfo (RoleInfo.java:shutdownLeaderElection(121)) - c4ae24d6-167d-432b-819b-55d2c3b07854: shutdown c4ae24d6-167d-432b-819b-55d2c3b07854@group-BEA90EEC2AFB-LeaderElection10
2021-09-08 01:20:44,130 [c4ae24d6-167d-432b-819b-55d2c3b07854@group-BEA90EEC2AFB-LeaderElection10] INFO  server.RaftServer$Division (RaftServerImpl.java:setRole(285)) - c4ae24d6-167d-432b-819b-55d2c3b07854@group-BEA90EEC2AFB: changes role from CANDIDATE to LEADER at term 1 for changeToLeader
2021-09-08 01:20:44,130 [c4ae24d6-167d-432b-819b-55d2c3b07854@group-BEA90EEC2AFB-LeaderElection10] INFO  ratis.XceiverServerRatis (XceiverServerRatis.java:handleLeaderChangedNotification(861)) - Leader change notification received for group: group-BEA90EEC2AFB with new leaderId: c4ae24d6-167d-432b-819b-55d2c3b07854
2021-09-08 01:20:44,129 [e7eadb9e-87f0-44a1-8347-22fb5259c06f@group-BEA90EEC2AFB-FollowerState] INFO  server.RaftServerConfigKeys (ConfUtils.java:logGet(44)) - raft.server.leaderelection.pre-vote = false (custom)
2021-09-08 01:20:44,130 [e7eadb9e-87f0-44a1-8347-22fb5259c06f@group-BEA90EEC2AFB-FollowerState] INFO  impl.RoleInfo (RoleInfo.java:updateAndGet(130)) - e7eadb9e-87f0-44a1-8347-22fb5259c06f: start e7eadb9e-87f0-44a1-8347-22fb5259c06f@group-BEA90EEC2AFB-LeaderElection11
2021-09-08 01:20:44,130 [grpc-default-executor-0] INFO  server.RaftServer$Division (RaftServerImpl.java:requestVote(1043)) - a5b729b8-cc77-4510-b256-3db79b728626@group-BEA90EEC2AFB: receive requestVote(ELECTION, c4ae24d6-167d-432b-819b-55d2c3b07854, group-BEA90EEC2AFB, 1, (t:0, i:0))
2021-09-08 01:20:44,130 [c4ae24d6-167d-432b-819b-55d2c3b07854@group-BEA90EEC2AFB-LeaderElection10] INFO  server.RaftServer$Division (ServerState.java:setLeader(285)) - c4ae24d6-167d-432b-819b-55d2c3b07854@group-BEA90EEC2AFB: change Leader from null to c4ae24d6-167d-432b-819b-55d2c3b07854 at term 1 for becomeLeader, leader elected after 5065ms
2021-09-08 01:20:44,131 [c4ae24d6-167d-432b-819b-55d2c3b07854@group-BEA90EEC2AFB-LeaderElection10] INFO  server.RaftServerConfigKeys (ConfUtils.java:logGet(44)) - raft.server.staging.catchup.gap = 1000 (default)
2021-09-08 01:20:44,131 [c4ae24d6-167d-432b-819b-55d2c3b07854@group-BEA90EEC2AFB-LeaderElection10] INFO  server.RaftServerConfigKeys (ConfUtils.java:logGet(44)) - raft.server.write.element-limit = 1024 (custom)
2021-09-08 01:20:44,131 [c4ae24d6-167d-432b-819b-55d2c3b07854@group-BEA90EEC2AFB-LeaderElection10] INFO  server.RaftServerConfigKeys (ConfUtils.java:logGet(44)) - raft.server.write.byte-limit = 1024 M (=1073741824) (custom)
2021-09-08 01:20:44,132 [c4ae24d6-167d-432b-819b-55d2c3b07854@group-BEA90EEC2AFB-LeaderElection10] INFO  server.RaftServerConfigKeys (ConfUtils.java:logGet(44)) - raft.server.watch.timeout = 3000ms (custom)
2021-09-08 01:20:44,132 [c4ae24d6-167d-432b-819b-55d2c3b07854@group-BEA90EEC2AFB-LeaderElection10] INFO  server.RaftServerConfigKeys (ConfUtils.java:logGet(44)) - raft.server.watch.timeout.denomination = 1s (default)
2021-09-08 01:20:44,132 [c4ae24d6-167d-432b-819b-55d2c3b07854@group-BEA90EEC2AFB-LeaderElection10] INFO  server.RaftServerConfigKeys (ConfUtils.java:logGet(44)) - raft.server.watch.element-limit = 65536 (default)
2021-09-08 01:20:44,131 [grpc-default-executor-0] INFO  impl.VoteContext (VoteContext.java:log(48)) - a5b729b8-cc77-4510-b256-3db79b728626@group-BEA90EEC2AFB-FOLLOWER: accept ELECTION from c4ae24d6-167d-432b-819b-55d2c3b07854: our priority 0 <= candidate's priority 1
2021-09-08 01:20:44,132 [grpc-default-executor-0] INFO  server.RaftServer$Division (RaftServerImpl.java:setRole(285)) - a5b729b8-cc77-4510-b256-3db79b728626@group-BEA90EEC2AFB: changes role from  FOLLOWER to FOLLOWER at term 1 for candidate:c4ae24d6-167d-432b-819b-55d2c3b07854
2021-09-08 01:20:44,132 [grpc-default-executor-0] INFO  impl.RoleInfo (RoleInfo.java:shutdownFollowerState(108)) - a5b729b8-cc77-4510-b256-3db79b728626: shutdown a5b729b8-cc77-4510-b256-3db79b728626@group-BEA90EEC2AFB-FollowerState
2021-09-08 01:20:44,133 [grpc-default-executor-0] INFO  impl.RoleInfo (RoleInfo.java:updateAndGet(130)) - a5b729b8-cc77-4510-b256-3db79b728626: start a5b729b8-cc77-4510-b256-3db79b728626@group-BEA90EEC2AFB-FollowerState
2021-09-08 01:20:44,133 [a5b729b8-cc77-4510-b256-3db79b728626@group-BEA90EEC2AFB-FollowerState] INFO  impl.FollowerState (FollowerState.java:run(143)) - a5b729b8-cc77-4510-b256-3db79b728626@group-BEA90EEC2AFB-FollowerState was interrupted: {}
java.lang.InterruptedException: sleep interrupted
	at java.lang.Thread.sleep(Native Method)
	at java.lang.Thread.sleep(Thread.java:340)
	at java.util.concurrent.TimeUnit.sleep(TimeUnit.java:386)
	at org.apache.ratis.util.TimeDuration.sleep(TimeDuration.java:324)
	at org.apache.ratis.util.TimeDuration.sleep(TimeDuration.java:309)
	at org.apache.ratis.server.impl.FollowerState.run(FollowerState.java:118)
2021-09-08 01:20:44,134 [EventQueue-OpenPipelineForHealthyPipelineSafeModeRule] INFO  safemode.SCMSafeModeManager (HealthyPipelineSafeModeRule.java:process(124)) - SCM in safe mode. Healthy pipelines reported count is 0, required healthy pipeline reported count is 1
2021-09-08 01:20:44,134 [EventQueue-PipelineReportForPipelineReportHandler] INFO  pipeline.PipelineManagerImpl (PipelineManagerImpl.java:openPipeline(282)) - Pipeline Pipeline[ Id: 98ceae03-debc-4c23-819e-bea90eec2afb, Nodes: e7eadb9e-87f0-44a1-8347-22fb5259c06f{ip: 10.1.0.19, host: fv-az396-69.zsjpccerc4sulamragr3v05mvf.jx.internal.cloudapp.net, ports: [REPLICATION=44961, RATIS=40669, RATIS_ADMIN=40669, RATIS_SERVER=40669, STANDALONE=39561], networkLocation: /default-rack, certSerialId: null, persistedOpState: IN_SERVICE, persistedOpStateExpiryEpochSec: 0}a5b729b8-cc77-4510-b256-3db79b728626{ip: 10.1.0.19, host: fv-az396-69.zsjpccerc4sulamragr3v05mvf.jx.internal.cloudapp.net, ports: [REPLICATION=41411, RATIS=41785, RATIS_ADMIN=41785, RATIS_SERVER=41785, STANDALONE=36391], networkLocation: /default-rack, certSerialId: null, persistedOpState: IN_SERVICE, persistedOpStateExpiryEpochSec: 0}c4ae24d6-167d-432b-819b-55d2c3b07854{ip: 10.1.0.19, host: fv-az396-69.zsjpccerc4sulamragr3v05mvf.jx.internal.cloudapp.net, ports: [REPLICATION=45485, RATIS=42675, RATIS_ADMIN=42675, RATIS_SERVER=42675, STANDALONE=45127], networkLocation: /default-rack, certSerialId: null, persistedOpState: IN_SERVICE, persistedOpStateExpiryEpochSec: 0}, ReplicationConfig: RATIS/THREE, State:ALLOCATED, leaderId:c4ae24d6-167d-432b-819b-55d2c3b07854, CreationTimestamp2021-09-08T01:20:36.410Z[Etc/UTC]] moved to OPEN state
2021-09-08 01:20:44,135 [EventQueue-OpenPipelineForHealthyPipelineSafeModeRule] INFO  safemode.SCMSafeModeManager (HealthyPipelineSafeModeRule.java:process(124)) - SCM in safe mode. Healthy pipelines reported count is 1, required healthy pipeline reported count is 1
2021-09-08 01:20:44,141 [EventQueue-OpenPipelineForHealthyPipelineSafeModeRule] INFO  safemode.SCMSafeModeManager (SCMSafeModeManager.java:validateSafeModeExitRules(204)) - HealthyPipelineSafeModeRule rule is successfully validated
2021-09-08 01:20:44,141 [EventQueue-OpenPipelineForHealthyPipelineSafeModeRule] INFO  safemode.SCMSafeModeManager (SCMSafeModeManager.java:validateSafeModeExitRules(219)) - ScmSafeModeManager, all rules are successfully validated
2021-09-08 01:20:44,141 [EventQueue-OpenPipelineForHealthyPipelineSafeModeRule] INFO  safemode.SCMSafeModeManager (SCMSafeModeManager.java:exitSafeMode(248)) - SCM exiting safe mode.
2021-09-08 01:20:44,141 [EventQueue-OpenPipelineForHealthyPipelineSafeModeRule] WARN  events.EventQueue (EventQueue.java:fireEvent(194)) - No event handler registered for event TypedEvent{payloadType=SafeModeStatus, name='Safe mode status'}
2021-09-08 01:20:44,141 [EventQueue-OpenPipelineForHealthyPipelineSafeModeRule] INFO  ha.SCMContext (SCMContext.java:updateSafeModeStatus(205)) - Update SafeModeStatus from SafeModeStatus{safeModeStatus=true, preCheckPassed=true} to SafeModeStatus{safeModeStatus=false, preCheckPassed=true}.
2021-09-08 01:20:44,141 [EventQueue-OpenPipelineForHealthyPipelineSafeModeRule] INFO  pipeline.BackgroundPipelineCreator (BackgroundPipelineCreatorV2.java:notifyStatusChanged(264)) - Service BackgroundPipelineCreator transitions to RUNNING.
2021-09-08 01:20:44,141 [EventQueue-OpenPipelineForHealthyPipelineSafeModeRule] INFO  container.ReplicationManager (ReplicationManager.java:notifyStatusChanged(1722)) - Service ReplicationManager transitions to RUNNING.
2021-09-08 01:20:44,144 [grpc-default-executor-0] INFO  server.RaftServer$Division (RaftServerImpl.java:requestVote(1075)) - a5b729b8-cc77-4510-b256-3db79b728626@group-BEA90EEC2AFB replies to ELECTION vote request: c4ae24d6-167d-432b-819b-55d2c3b07854<-a5b729b8-cc77-4510-b256-3db79b728626#0:OK-t1. Peer's state: a5b729b8-cc77-4510-b256-3db79b728626@group-BEA90EEC2AFB:t1, leader=null, voted=c4ae24d6-167d-432b-819b-55d2c3b07854, raftlog=a5b729b8-cc77-4510-b256-3db79b728626@group-BEA90EEC2AFB-SegmentedRaftLog:OPENED:c-1,f-1,i0, conf=-1: [c4ae24d6-167d-432b-819b-55d2c3b07854|rpc:10.1.0.19:42675|dataStream:|priority:1, e7eadb9e-87f0-44a1-8347-22fb5259c06f|rpc:10.1.0.19:40669|dataStream:|priority:0, a5b729b8-cc77-4510-b256-3db79b728626|rpc:10.1.0.19:41785|dataStream:|priority:0], old=null
2021-09-08 01:20:44,148 [c4ae24d6-167d-432b-819b-55d2c3b07854@group-1EB68C3D2DC0-FollowerState] INFO  impl.FollowerState (FollowerState.java:run(134)) - c4ae24d6-167d-432b-819b-55d2c3b07854@group-1EB68C3D2DC0-FollowerState: change to CANDIDATE, lastRpcElapsedTime:5090381784ns, electionTimeout:5089ms
2021-09-08 01:20:44,148 [c4ae24d6-167d-432b-819b-55d2c3b07854@group-1EB68C3D2DC0-FollowerState] INFO  impl.RoleInfo (RoleInfo.java:shutdownFollowerState(108)) - c4ae24d6-167d-432b-819b-55d2c3b07854: shutdown c4ae24d6-167d-432b-819b-55d2c3b07854@group-1EB68C3D2DC0-FollowerState
2021-09-08 01:20:44,148 [c4ae24d6-167d-432b-819b-55d2c3b07854@group-1EB68C3D2DC0-FollowerState] INFO  server.RaftServer$Division (RaftServerImpl.java:setRole(285)) - c4ae24d6-167d-432b-819b-55d2c3b07854@group-1EB68C3D2DC0: changes role from  FOLLOWER to CANDIDATE at term 0 for changeToCandidate
2021-09-08 01:20:44,148 [c4ae24d6-167d-432b-819b-55d2c3b07854@group-1EB68C3D2DC0-FollowerState] INFO  server.RaftServerConfigKeys (ConfUtils.java:logGet(44)) - raft.server.leaderelection.pre-vote = false (custom)
2021-09-08 01:20:44,148 [c4ae24d6-167d-432b-819b-55d2c3b07854@group-1EB68C3D2DC0-FollowerState] INFO  impl.RoleInfo (RoleInfo.java:updateAndGet(130)) - c4ae24d6-167d-432b-819b-55d2c3b07854: start c4ae24d6-167d-432b-819b-55d2c3b07854@group-1EB68C3D2DC0-LeaderElection12
2021-09-08 01:20:44,149 [c4ae24d6-167d-432b-819b-55d2c3b07854@group-BEA90EEC2AFB-LeaderElection10] INFO  server.RaftServerConfigKeys (ConfUtils.java:logGet(44)) - raft.server.log.appender.snapshot.chunk.size.max = 16MB (=16777216) (default)
2021-09-08 01:20:44,155 [c4ae24d6-167d-432b-819b-55d2c3b07854@group-BEA90EEC2AFB-LeaderElection10] INFO  server.RaftServerConfigKeys (ConfUtils.java:logGet(44)) - raft.server.log.appender.buffer.byte-limit = 33554432 (custom)
2021-09-08 01:20:44,155 [c4ae24d6-167d-432b-819b-55d2c3b07854@group-BEA90EEC2AFB-LeaderElection10] INFO  server.RaftServerConfigKeys (ConfUtils.java:logGet(44)) - raft.server.log.appender.buffer.element-limit = 1 (custom)
2021-09-08 01:20:44,158 [c4ae24d6-167d-432b-819b-55d2c3b07854@group-BEA90EEC2AFB-LeaderElection10] INFO  grpc.GrpcConfigKeys (ConfUtils.java:logGet(44)) - raft.grpc.server.leader.outstanding.appends.max = 128 (default)
2021-09-08 01:20:44,158 [c4ae24d6-167d-432b-819b-55d2c3b07854@group-BEA90EEC2AFB-LeaderElection10] INFO  server.RaftServerConfigKeys (ConfUtils.java:logGet(44)) - raft.server.rpc.request.timeout = 3000ms (default)
2021-09-08 01:20:44,158 [c4ae24d6-167d-432b-819b-55d2c3b07854@group-BEA90EEC2AFB-LeaderElection10] INFO  server.RaftServerConfigKeys (ConfUtils.java:logGet(44)) - raft.server.log.appender.install.snapshot.enabled = false (custom)
2021-09-08 01:20:44,155 [e7eadb9e-87f0-44a1-8347-22fb5259c06f@group-BEA90EEC2AFB-LeaderElection11] INFO  impl.LeaderElection (LeaderElection.java:askForVotes(306)) - e7eadb9e-87f0-44a1-8347-22fb5259c06f@group-BEA90EEC2AFB-LeaderElection11 ELECTION round 0: submit vote requests at term 2 for -1: [c4ae24d6-167d-432b-819b-55d2c3b07854|rpc:10.1.0.19:42675|dataStream:|priority:1, e7eadb9e-87f0-44a1-8347-22fb5259c06f|rpc:10.1.0.19:40669|dataStream:|priority:0, a5b729b8-cc77-4510-b256-3db79b728626|rpc:10.1.0.19:41785|dataStream:|priority:0], old=null
2021-09-08 01:20:44,163 [c4ae24d6-167d-432b-819b-55d2c3b07854@group-BEA90EEC2AFB-LeaderElection10] INFO  server.RaftServerConfigKeys (ConfUtils.java:logGet(44)) - raft.server.log.appender.snapshot.chunk.size.max = 16MB (=16777216) (default)
2021-09-08 01:20:44,163 [c4ae24d6-167d-432b-819b-55d2c3b07854@group-BEA90EEC2AFB-LeaderElection10] INFO  server.RaftServerConfigKeys (ConfUtils.java:logGet(44)) - raft.server.log.appender.buffer.byte-limit = 33554432 (custom)
2021-09-08 01:20:44,163 [c4ae24d6-167d-432b-819b-55d2c3b07854@group-BEA90EEC2AFB-LeaderElection10] INFO  server.RaftServerConfigKeys (ConfUtils.java:logGet(44)) - raft.server.log.appender.buffer.element-limit = 1 (custom)
2021-09-08 01:20:44,163 [c4ae24d6-167d-432b-819b-55d2c3b07854@group-BEA90EEC2AFB-LeaderElection10] INFO  grpc.GrpcConfigKeys (ConfUtils.java:logGet(44)) - raft.grpc.server.leader.outstanding.appends.max = 128 (default)
2021-09-08 01:20:44,165 [c4ae24d6-167d-432b-819b-55d2c3b07854@group-BEA90EEC2AFB-LeaderElection10] INFO  server.RaftServerConfigKeys (ConfUtils.java:logGet(44)) - raft.server.rpc.request.timeout = 3000ms (default)
2021-09-08 01:20:44,165 [c4ae24d6-167d-432b-819b-55d2c3b07854@group-BEA90EEC2AFB-LeaderElection10] INFO  server.RaftServerConfigKeys (ConfUtils.java:logGet(44)) - raft.server.log.appender.install.snapshot.enabled = false (custom)
2021-09-08 01:20:44,166 [c4ae24d6-167d-432b-819b-55d2c3b07854@group-1EB68C3D2DC0-LeaderElection12] INFO  impl.LeaderElection (LeaderElection.java:askForVotes(306)) - c4ae24d6-167d-432b-819b-55d2c3b07854@group-1EB68C3D2DC0-LeaderElection12 ELECTION round 0: submit vote requests at term 1 for -1: [c4ae24d6-167d-432b-819b-55d2c3b07854|rpc:10.1.0.19:42675|priority:1], old=null
2021-09-08 01:20:44,168 [c4ae24d6-167d-432b-819b-55d2c3b07854@group-1EB68C3D2DC0-LeaderElection12] INFO  impl.LeaderElection (LeaderElection.java:askForVotes(308)) - c4ae24d6-167d-432b-819b-55d2c3b07854@group-1EB68C3D2DC0-LeaderElection12 ELECTION round 0: result PASSED (term=1)
2021-09-08 01:20:44,168 [c4ae24d6-167d-432b-819b-55d2c3b07854@group-1EB68C3D2DC0-LeaderElection12] INFO  impl.RoleInfo (RoleInfo.java:shutdownLeaderElection(121)) - c4ae24d6-167d-432b-819b-55d2c3b07854: shutdown c4ae24d6-167d-432b-819b-55d2c3b07854@group-1EB68C3D2DC0-LeaderElection12
2021-09-08 01:20:44,168 [c4ae24d6-167d-432b-819b-55d2c3b07854@group-1EB68C3D2DC0-LeaderElection12] INFO  server.RaftServer$Division (RaftServerImpl.java:setRole(285)) - c4ae24d6-167d-432b-819b-55d2c3b07854@group-1EB68C3D2DC0: changes role from CANDIDATE to LEADER at term 1 for changeToLeader
2021-09-08 01:20:44,169 [c4ae24d6-167d-432b-819b-55d2c3b07854@group-1EB68C3D2DC0-LeaderElection12] INFO  ratis.XceiverServerRatis (XceiverServerRatis.java:handleLeaderChangedNotification(861)) - Leader change notification received for group: group-1EB68C3D2DC0 with new leaderId: c4ae24d6-167d-432b-819b-55d2c3b07854
2021-09-08 01:20:44,169 [c4ae24d6-167d-432b-819b-55d2c3b07854@group-1EB68C3D2DC0-LeaderElection12] INFO  server.RaftServer$Division (ServerState.java:setLeader(285)) - c4ae24d6-167d-432b-819b-55d2c3b07854@group-1EB68C3D2DC0: change Leader from null to c4ae24d6-167d-432b-819b-55d2c3b07854 at term 1 for becomeLeader, leader elected after 5123ms
2021-09-08 01:20:44,169 [c4ae24d6-167d-432b-819b-55d2c3b07854@group-1EB68C3D2DC0-LeaderElection12] INFO  server.RaftServerConfigKeys (ConfUtils.java:logGet(44)) - raft.server.staging.catchup.gap = 1000 (default)
2021-09-08 01:20:44,169 [Datanode State Machine Thread - 0] WARN  statemachine.StateContext (StateContext.java:execute(621)) - No available thread in pool for past 1 seconds.
2021-09-08 01:20:44,169 [c4ae24d6-167d-432b-819b-55d2c3b07854@group-1EB68C3D2DC0-LeaderElection12] INFO  server.RaftServerConfigKeys (ConfUtils.java:logGet(44)) - raft.server.write.element-limit = 1024 (custom)
2021-09-08 01:20:44,169 [c4ae24d6-167d-432b-819b-55d2c3b07854@group-1EB68C3D2DC0-LeaderElection12] INFO  server.RaftServerConfigKeys (ConfUtils.java:logGet(44)) - raft.server.write.byte-limit = 1024 M (=1073741824) (custom)
2021-09-08 01:20:44,170 [c4ae24d6-167d-432b-819b-55d2c3b07854@group-1EB68C3D2DC0-LeaderElection12] INFO  server.RaftServerConfigKeys (ConfUtils.java:logGet(44)) - raft.server.watch.timeout = 3000ms (custom)
2021-09-08 01:20:44,170 [c4ae24d6-167d-432b-819b-55d2c3b07854@group-1EB68C3D2DC0-LeaderElection12] INFO  server.RaftServerConfigKeys (ConfUtils.java:logGet(44)) - raft.server.watch.timeout.denomination = 1s (default)
2021-09-08 01:20:44,170 [c4ae24d6-167d-432b-819b-55d2c3b07854@group-1EB68C3D2DC0-LeaderElection12] INFO  server.RaftServerConfigKeys (ConfUtils.java:logGet(44)) - raft.server.watch.element-limit = 65536 (default)
2021-09-08 01:20:44,170 [c4ae24d6-167d-432b-819b-55d2c3b07854@group-1EB68C3D2DC0-LeaderElection12] INFO  impl.RoleInfo (RoleInfo.java:updateAndGet(130)) - c4ae24d6-167d-432b-819b-55d2c3b07854: start c4ae24d6-167d-432b-819b-55d2c3b07854@group-1EB68C3D2DC0-LeaderStateImpl
2021-09-08 01:20:44,170 [c4ae24d6-167d-432b-819b-55d2c3b07854@group-1EB68C3D2DC0-LeaderElection12] INFO  segmented.SegmentedRaftLogWorker (SegmentedRaftLogWorker.java:startLogSegment(394)) - c4ae24d6-167d-432b-819b-55d2c3b07854@group-1EB68C3D2DC0-SegmentedRaftLogWorker: Starting segment from index:0
2021-09-08 01:20:44,174 [c4ae24d6-167d-432b-819b-55d2c3b07854@group-1EB68C3D2DC0-LeaderElection12] INFO  server.RaftServer$Division (ServerState.java:setRaftConf(387)) - c4ae24d6-167d-432b-819b-55d2c3b07854@group-1EB68C3D2DC0: set configuration 0: [c4ae24d6-167d-432b-819b-55d2c3b07854|rpc:10.1.0.19:42675|dataStream:|priority:1], old=null
2021-09-08 01:20:44,177 [c4ae24d6-167d-432b-819b-55d2c3b07854@group-1EB68C3D2DC0-SegmentedRaftLogWorker] INFO  segmented.SegmentedRaftLogWorker (SegmentedRaftLogWorker.java:execute(601)) - c4ae24d6-167d-432b-819b-55d2c3b07854@group-1EB68C3D2DC0-SegmentedRaftLogWorker: created new log segment /home/runner/work/ozone/ozone/hadoop-ozone/integration-test/target/test-dir/MiniOzoneClusterImpl-0f12cb01-4002-4394-a01c-5903f1f0237a/datanode-6/data/ratis/6cf1b1ea-9253-4d06-8004-1eb68c3d2dc0/current/log_inprogress_0
2021-09-08 01:20:44,183 [c4ae24d6-167d-432b-819b-55d2c3b07854@group-BEA90EEC2AFB-LeaderElection10] INFO  impl.RoleInfo (RoleInfo.java:updateAndGet(130)) - c4ae24d6-167d-432b-819b-55d2c3b07854: start c4ae24d6-167d-432b-819b-55d2c3b07854@group-BEA90EEC2AFB-LeaderStateImpl
2021-09-08 01:20:44,183 [c4ae24d6-167d-432b-819b-55d2c3b07854@group-BEA90EEC2AFB-LeaderElection10] INFO  segmented.SegmentedRaftLogWorker (SegmentedRaftLogWorker.java:startLogSegment(394)) - c4ae24d6-167d-432b-819b-55d2c3b07854@group-BEA90EEC2AFB-SegmentedRaftLogWorker: Starting segment from index:0
2021-09-08 01:20:44,190 [c4ae24d6-167d-432b-819b-55d2c3b07854@group-BEA90EEC2AFB-SegmentedRaftLogWorker] INFO  segmented.SegmentedRaftLogWorker (SegmentedRaftLogWorker.java:execute(601)) - c4ae24d6-167d-432b-819b-55d2c3b07854@group-BEA90EEC2AFB-SegmentedRaftLogWorker: created new log segment /home/runner/work/ozone/ozone/hadoop-ozone/integration-test/target/test-dir/MiniOzoneClusterImpl-0f12cb01-4002-4394-a01c-5903f1f0237a/datanode-6/data/ratis/98ceae03-debc-4c23-819e-bea90eec2afb/current/log_inprogress_0
2021-09-08 01:20:44,190 [grpc-default-executor-0] INFO  server.RaftServer$Division (RaftServerImpl.java:requestVote(1043)) - c4ae24d6-167d-432b-819b-55d2c3b07854@group-BEA90EEC2AFB: receive requestVote(ELECTION, e7eadb9e-87f0-44a1-8347-22fb5259c06f, group-BEA90EEC2AFB, 2, (t:0, i:0))
2021-09-08 01:20:44,190 [grpc-default-executor-1] INFO  server.RaftServer$Division (RaftServerImpl.java:requestVote(1043)) - a5b729b8-cc77-4510-b256-3db79b728626@group-BEA90EEC2AFB: receive requestVote(ELECTION, e7eadb9e-87f0-44a1-8347-22fb5259c06f, group-BEA90EEC2AFB, 2, (t:0, i:0))
2021-09-08 01:20:44,191 [grpc-default-executor-1] INFO  impl.VoteContext (VoteContext.java:log(48)) - a5b729b8-cc77-4510-b256-3db79b728626@group-BEA90EEC2AFB-FOLLOWER: accept ELECTION from e7eadb9e-87f0-44a1-8347-22fb5259c06f: our priority 0 <= candidate's priority 0
2021-09-08 01:20:44,191 [grpc-default-executor-1] INFO  server.RaftServer$Division (RaftServerImpl.java:setRole(285)) - a5b729b8-cc77-4510-b256-3db79b728626@group-BEA90EEC2AFB: changes role from  FOLLOWER to FOLLOWER at term 2 for candidate:e7eadb9e-87f0-44a1-8347-22fb5259c06f
2021-09-08 01:20:44,191 [grpc-default-executor-1] INFO  impl.RoleInfo (RoleInfo.java:shutdownFollowerState(108)) - a5b729b8-cc77-4510-b256-3db79b728626: shutdown a5b729b8-cc77-4510-b256-3db79b728626@group-BEA90EEC2AFB-FollowerState
2021-09-08 01:20:44,191 [grpc-default-executor-1] INFO  impl.RoleInfo (RoleInfo.java:updateAndGet(130)) - a5b729b8-cc77-4510-b256-3db79b728626: start a5b729b8-cc77-4510-b256-3db79b728626@group-BEA90EEC2AFB-FollowerState
2021-09-08 01:20:44,191 [a5b729b8-cc77-4510-b256-3db79b728626@group-BEA90EEC2AFB-FollowerState] INFO  impl.FollowerState (FollowerState.java:run(143)) - a5b729b8-cc77-4510-b256-3db79b728626@group-BEA90EEC2AFB-FollowerState was interrupted: {}
java.lang.InterruptedException: sleep interrupted
	at java.lang.Thread.sleep(Native Method)
	at java.lang.Thread.sleep(Thread.java:340)
	at java.util.concurrent.TimeUnit.sleep(TimeUnit.java:386)
	at org.apache.ratis.util.TimeDuration.sleep(TimeDuration.java:324)
	at org.apache.ratis.util.TimeDuration.sleep(TimeDuration.java:309)
	at org.apache.ratis.server.impl.FollowerState.run(FollowerState.java:118)
2021-09-08 01:20:44,194 [grpc-default-executor-1] INFO  server.RaftServer$Division (RaftServerImpl.java:requestVote(1075)) - a5b729b8-cc77-4510-b256-3db79b728626@group-BEA90EEC2AFB replies to ELECTION vote request: e7eadb9e-87f0-44a1-8347-22fb5259c06f<-a5b729b8-cc77-4510-b256-3db79b728626#0:OK-t2. Peer's state: a5b729b8-cc77-4510-b256-3db79b728626@group-BEA90EEC2AFB:t2, leader=null, voted=e7eadb9e-87f0-44a1-8347-22fb5259c06f, raftlog=a5b729b8-cc77-4510-b256-3db79b728626@group-BEA90EEC2AFB-SegmentedRaftLog:OPENED:c-1,f-1,i0, conf=-1: [c4ae24d6-167d-432b-819b-55d2c3b07854|rpc:10.1.0.19:42675|dataStream:|priority:1, e7eadb9e-87f0-44a1-8347-22fb5259c06f|rpc:10.1.0.19:40669|dataStream:|priority:0, a5b729b8-cc77-4510-b256-3db79b728626|rpc:10.1.0.19:41785|dataStream:|priority:0], old=null
2021-09-08 01:20:44,208 [c4ae24d6-167d-432b-819b-55d2c3b07854@group-BEA90EEC2AFB-LeaderElection10] INFO  server.RaftServer$Division (ServerState.java:setRaftConf(387)) - c4ae24d6-167d-432b-819b-55d2c3b07854@group-BEA90EEC2AFB: set configuration 0: [c4ae24d6-167d-432b-819b-55d2c3b07854|rpc:10.1.0.19:42675|dataStream:|priority:1, e7eadb9e-87f0-44a1-8347-22fb5259c06f|rpc:10.1.0.19:40669|dataStream:|priority:0, a5b729b8-cc77-4510-b256-3db79b728626|rpc:10.1.0.19:41785|dataStream:|priority:0], old=null
2021-09-08 01:20:44,213 [grpc-default-executor-0] INFO  impl.VoteContext (VoteContext.java:log(48)) - c4ae24d6-167d-432b-819b-55d2c3b07854@group-BEA90EEC2AFB-LEADER: reject ELECTION from e7eadb9e-87f0-44a1-8347-22fb5259c06f: our last entry (t:1, i:0) > candidate's last entry (t:0, i:0)
2021-09-08 01:20:44,213 [grpc-default-executor-0] INFO  server.RaftServer$Division (ServerState.java:setLeader(285)) - c4ae24d6-167d-432b-819b-55d2c3b07854@group-BEA90EEC2AFB: change Leader from c4ae24d6-167d-432b-819b-55d2c3b07854 to null at term 2 for updateCurrentTerm
2021-09-08 01:20:44,214 [grpc-default-executor-0] INFO  server.RaftServer$Division (RaftServerImpl.java:setRole(285)) - c4ae24d6-167d-432b-819b-55d2c3b07854@group-BEA90EEC2AFB: changes role from    LEADER to FOLLOWER at term 2 for candidate:e7eadb9e-87f0-44a1-8347-22fb5259c06f
2021-09-08 01:20:44,214 [grpc-default-executor-0] INFO  impl.RoleInfo (RoleInfo.java:shutdownLeaderState(91)) - c4ae24d6-167d-432b-819b-55d2c3b07854: shutdown c4ae24d6-167d-432b-819b-55d2c3b07854@group-BEA90EEC2AFB-LeaderStateImpl
2021-09-08 01:20:44,214 [grpc-default-executor-0] INFO  impl.PendingRequests (PendingRequests.java:sendNotLeaderResponses(282)) - c4ae24d6-167d-432b-819b-55d2c3b07854@group-BEA90EEC2AFB-PendingRequests: sendNotLeaderResponses
2021-09-08 01:20:44,216 [grpc-default-executor-0] INFO  impl.RoleInfo (RoleInfo.java:updateAndGet(130)) - c4ae24d6-167d-432b-819b-55d2c3b07854: start c4ae24d6-167d-432b-819b-55d2c3b07854@group-BEA90EEC2AFB-FollowerState
2021-09-08 01:20:44,218 [grpc-default-executor-0] INFO  server.RaftServer$Division (RaftServerImpl.java:requestVote(1075)) - c4ae24d6-167d-432b-819b-55d2c3b07854@group-BEA90EEC2AFB replies to ELECTION vote request: e7eadb9e-87f0-44a1-8347-22fb5259c06f<-c4ae24d6-167d-432b-819b-55d2c3b07854#0:FAIL-t2. Peer's state: c4ae24d6-167d-432b-819b-55d2c3b07854@group-BEA90EEC2AFB:t2, leader=null, voted=null, raftlog=c4ae24d6-167d-432b-819b-55d2c3b07854@group-BEA90EEC2AFB-SegmentedRaftLog:OPENED:c0,f0,i0, conf=0: [c4ae24d6-167d-432b-819b-55d2c3b07854|rpc:10.1.0.19:42675|dataStream:|priority:1, e7eadb9e-87f0-44a1-8347-22fb5259c06f|rpc:10.1.0.19:40669|dataStream:|priority:0, a5b729b8-cc77-4510-b256-3db79b728626|rpc:10.1.0.19:41785|dataStream:|priority:0], old=null
2021-09-08 01:20:44,228 [e7eadb9e-87f0-44a1-8347-22fb5259c06f@group-BEA90EEC2AFB-LeaderElection11] INFO  impl.LeaderElection (LeaderElection.java:logAndReturn(89)) - e7eadb9e-87f0-44a1-8347-22fb5259c06f@group-BEA90EEC2AFB-LeaderElection11: ELECTION REJECTED received 2 response(s) and 0 exception(s):
2021-09-08 01:20:44,228 [e7eadb9e-87f0-44a1-8347-22fb5259c06f@group-BEA90EEC2AFB-LeaderElection11] INFO  impl.LeaderElection (LeaderElection.java:logAndReturn(93)) -   Response 0: e7eadb9e-87f0-44a1-8347-22fb5259c06f<-c4ae24d6-167d-432b-819b-55d2c3b07854#0:FAIL-t2
2021-09-08 01:20:44,229 [e7eadb9e-87f0-44a1-8347-22fb5259c06f@group-BEA90EEC2AFB-LeaderElection11] INFO  impl.LeaderElection (LeaderElection.java:logAndReturn(93)) -   Response 1: e7eadb9e-87f0-44a1-8347-22fb5259c06f<-a5b729b8-cc77-4510-b256-3db79b728626#0:OK-t2
2021-09-08 01:20:44,229 [e7eadb9e-87f0-44a1-8347-22fb5259c06f@group-BEA90EEC2AFB-LeaderElection11] INFO  impl.LeaderElection (LeaderElection.java:askForVotes(308)) - e7eadb9e-87f0-44a1-8347-22fb5259c06f@group-BEA90EEC2AFB-LeaderElection11 ELECTION round 0: result REJECTED
2021-09-08 01:20:44,229 [e7eadb9e-87f0-44a1-8347-22fb5259c06f@group-BEA90EEC2AFB-LeaderElection11] INFO  server.RaftServer$Division (RaftServerImpl.java:setRole(285)) - e7eadb9e-87f0-44a1-8347-22fb5259c06f@group-BEA90EEC2AFB: changes role from CANDIDATE to FOLLOWER at term 2 for REJECTED
2021-09-08 01:20:44,229 [e7eadb9e-87f0-44a1-8347-22fb5259c06f@group-BEA90EEC2AFB-LeaderElection11] INFO  impl.RoleInfo (RoleInfo.java:shutdownLeaderElection(121)) - e7eadb9e-87f0-44a1-8347-22fb5259c06f: shutdown e7eadb9e-87f0-44a1-8347-22fb5259c06f@group-BEA90EEC2AFB-LeaderElection11
2021-09-08 01:20:44,229 [e7eadb9e-87f0-44a1-8347-22fb5259c06f@group-BEA90EEC2AFB-LeaderElection11] INFO  impl.RoleInfo (RoleInfo.java:updateAndGet(130)) - e7eadb9e-87f0-44a1-8347-22fb5259c06f: start e7eadb9e-87f0-44a1-8347-22fb5259c06f@group-BEA90EEC2AFB-FollowerState
2021-09-08 01:20:44,233 [grpc-default-executor-0] INFO  server.GrpcServerProtocolService (GrpcServerProtocolService.java:onCompleted(140)) - e7eadb9e-87f0-44a1-8347-22fb5259c06f: Completed APPEND_ENTRIES, lastRequest: null
2021-09-08 01:20:44,241 [grpc-default-executor-0] INFO  server.GrpcLogAppender (GrpcLogAppender.java:onCompleted(344)) - c4ae24d6-167d-432b-819b-55d2c3b07854@group-BEA90EEC2AFB->e7eadb9e-87f0-44a1-8347-22fb5259c06f-AppendLogResponseHandler: follower responses appendEntries COMPLETED
2021-09-08 01:20:44,243 [grpc-default-executor-0] INFO  leader.FollowerInfo (FollowerInfoImpl.java:lambda$new$0(46)) - c4ae24d6-167d-432b-819b-55d2c3b07854@group-BEA90EEC2AFB->e7eadb9e-87f0-44a1-8347-22fb5259c06f: nextIndex: updateUnconditionally 0 -> 0
2021-09-08 01:20:44,301 [e7eadb9e-87f0-44a1-8347-22fb5259c06f@group-F6FCB56752EC-FollowerState] INFO  impl.FollowerState (FollowerState.java:run(134)) - e7eadb9e-87f0-44a1-8347-22fb5259c06f@group-F6FCB56752EC-FollowerState: change to CANDIDATE, lastRpcElapsedTime:5077909561ns, electionTimeout:5077ms
2021-09-08 01:20:44,302 [e7eadb9e-87f0-44a1-8347-22fb5259c06f@group-F6FCB56752EC-FollowerState] INFO  impl.RoleInfo (RoleInfo.java:shutdownFollowerState(108)) - e7eadb9e-87f0-44a1-8347-22fb5259c06f: shutdown e7eadb9e-87f0-44a1-8347-22fb5259c06f@group-F6FCB56752EC-FollowerState
2021-09-08 01:20:44,302 [e7eadb9e-87f0-44a1-8347-22fb5259c06f@group-F6FCB56752EC-FollowerState] INFO  server.RaftServer$Division (RaftServerImpl.java:setRole(285)) - e7eadb9e-87f0-44a1-8347-22fb5259c06f@group-F6FCB56752EC: changes role from  FOLLOWER to CANDIDATE at term 0 for changeToCandidate
2021-09-08 01:20:44,302 [e7eadb9e-87f0-44a1-8347-22fb5259c06f@group-F6FCB56752EC-FollowerState] INFO  server.RaftServerConfigKeys (ConfUtils.java:logGet(44)) - raft.server.leaderelection.pre-vote = false (custom)
2021-09-08 01:20:44,302 [e7eadb9e-87f0-44a1-8347-22fb5259c06f@group-F6FCB56752EC-FollowerState] INFO  impl.RoleInfo (RoleInfo.java:updateAndGet(130)) - e7eadb9e-87f0-44a1-8347-22fb5259c06f: start e7eadb9e-87f0-44a1-8347-22fb5259c06f@group-F6FCB56752EC-LeaderElection13
2021-09-08 01:20:44,306 [e7eadb9e-87f0-44a1-8347-22fb5259c06f@group-F6FCB56752EC-LeaderElection13] INFO  impl.LeaderElection (LeaderElection.java:askForVotes(306)) - e7eadb9e-87f0-44a1-8347-22fb5259c06f@group-F6FCB56752EC-LeaderElection13 ELECTION round 0: submit vote requests at term 1 for -1: [e7eadb9e-87f0-44a1-8347-22fb5259c06f|rpc:10.1.0.19:40669|priority:1], old=null
2021-09-08 01:20:44,306 [e7eadb9e-87f0-44a1-8347-22fb5259c06f@group-F6FCB56752EC-LeaderElection13] INFO  impl.LeaderElection (LeaderElection.java:askForVotes(308)) - e7eadb9e-87f0-44a1-8347-22fb5259c06f@group-F6FCB56752EC-LeaderElection13 ELECTION round 0: result PASSED (term=1)
2021-09-08 01:20:44,306 [e7eadb9e-87f0-44a1-8347-22fb5259c06f@group-F6FCB56752EC-LeaderElection13] INFO  impl.RoleInfo (RoleInfo.java:shutdownLeaderElection(121)) - e7eadb9e-87f0-44a1-8347-22fb5259c06f: shutdown e7eadb9e-87f0-44a1-8347-22fb5259c06f@group-F6FCB56752EC-LeaderElection13
2021-09-08 01:20:44,306 [e7eadb9e-87f0-44a1-8347-22fb5259c06f@group-F6FCB56752EC-LeaderElection13] INFO  server.RaftServer$Division (RaftServerImpl.java:setRole(285)) - e7eadb9e-87f0-44a1-8347-22fb5259c06f@group-F6FCB56752EC: changes role from CANDIDATE to LEADER at term 1 for changeToLeader
2021-09-08 01:20:44,306 [e7eadb9e-87f0-44a1-8347-22fb5259c06f@group-F6FCB56752EC-LeaderElection13] INFO  ratis.XceiverServerRatis (XceiverServerRatis.java:handleLeaderChangedNotification(861)) - Leader change notification received for group: group-F6FCB56752EC with new leaderId: e7eadb9e-87f0-44a1-8347-22fb5259c06f
2021-09-08 01:20:44,306 [Datanode State Machine Thread - 0] WARN  statemachine.StateContext (StateContext.java:execute(621)) - No available thread in pool for past 1 seconds.
2021-09-08 01:20:44,307 [e7eadb9e-87f0-44a1-8347-22fb5259c06f@group-F6FCB56752EC-LeaderElection13] INFO  server.RaftServer$Division (ServerState.java:setLeader(285)) - e7eadb9e-87f0-44a1-8347-22fb5259c06f@group-F6FCB56752EC: change Leader from null to e7eadb9e-87f0-44a1-8347-22fb5259c06f at term 1 for becomeLeader, leader elected after 5093ms
2021-09-08 01:20:44,307 [e7eadb9e-87f0-44a1-8347-22fb5259c06f@group-F6FCB56752EC-LeaderElection13] INFO  server.RaftServerConfigKeys (ConfUtils.java:logGet(44)) - raft.server.staging.catchup.gap = 1000 (default)
2021-09-08 01:20:44,307 [e7eadb9e-87f0-44a1-8347-22fb5259c06f@group-F6FCB56752EC-LeaderElection13] INFO  server.RaftServerConfigKeys (ConfUtils.java:logGet(44)) - raft.server.write.element-limit = 1024 (custom)
2021-09-08 01:20:44,307 [e7eadb9e-87f0-44a1-8347-22fb5259c06f@group-F6FCB56752EC-LeaderElection13] INFO  server.RaftServerConfigKeys (ConfUtils.java:logGet(44)) - raft.server.write.byte-limit = 1024 M (=1073741824) (custom)
2021-09-08 01:20:44,308 [e7eadb9e-87f0-44a1-8347-22fb5259c06f@group-F6FCB56752EC-LeaderElection13] INFO  server.RaftServerConfigKeys (ConfUtils.java:logGet(44)) - raft.server.watch.timeout = 3000ms (custom)
2021-09-08 01:20:44,308 [e7eadb9e-87f0-44a1-8347-22fb5259c06f@group-F6FCB56752EC-LeaderElection13] INFO  server.RaftServerConfigKeys (ConfUtils.java:logGet(44)) - raft.server.watch.timeout.denomination = 1s (default)
2021-09-08 01:20:44,308 [e7eadb9e-87f0-44a1-8347-22fb5259c06f@group-F6FCB56752EC-LeaderElection13] INFO  server.RaftServerConfigKeys (ConfUtils.java:logGet(44)) - raft.server.watch.element-limit = 65536 (default)
2021-09-08 01:20:44,308 [e7eadb9e-87f0-44a1-8347-22fb5259c06f@group-F6FCB56752EC-LeaderElection13] INFO  impl.RoleInfo (RoleInfo.java:updateAndGet(130)) - e7eadb9e-87f0-44a1-8347-22fb5259c06f: start e7eadb9e-87f0-44a1-8347-22fb5259c06f@group-F6FCB56752EC-LeaderStateImpl
2021-09-08 01:20:44,308 [e7eadb9e-87f0-44a1-8347-22fb5259c06f@group-F6FCB56752EC-LeaderElection13] INFO  segmented.SegmentedRaftLogWorker (SegmentedRaftLogWorker.java:startLogSegment(394)) - e7eadb9e-87f0-44a1-8347-22fb5259c06f@group-F6FCB56752EC-SegmentedRaftLogWorker: Starting segment from index:0
2021-09-08 01:20:44,311 [e7eadb9e-87f0-44a1-8347-22fb5259c06f@group-F6FCB56752EC-SegmentedRaftLogWorker] INFO  segmented.SegmentedRaftLogWorker (SegmentedRaftLogWorker.java:execute(601)) - e7eadb9e-87f0-44a1-8347-22fb5259c06f@group-F6FCB56752EC-SegmentedRaftLogWorker: created new log segment /home/runner/work/ozone/ozone/hadoop-ozone/integration-test/target/test-dir/MiniOzoneClusterImpl-0f12cb01-4002-4394-a01c-5903f1f0237a/datanode-7/data/ratis/fe532ce2-0f7d-4e52-b327-f6fcb56752ec/current/log_inprogress_0
2021-09-08 01:20:44,313 [e7eadb9e-87f0-44a1-8347-22fb5259c06f@group-F6FCB56752EC-LeaderElection13] INFO  server.RaftServer$Division (ServerState.java:setRaftConf(387)) - e7eadb9e-87f0-44a1-8347-22fb5259c06f@group-F6FCB56752EC: set configuration 0: [e7eadb9e-87f0-44a1-8347-22fb5259c06f|rpc:10.1.0.19:40669|dataStream:|priority:1], old=null
2021-09-08 01:20:44,397 [Listener at 127.0.0.1/40417] INFO  ozone.MiniOzoneClusterImpl (MiniOzoneClusterImpl.java:lambda$waitForClusterToBeReady$0(235)) - Nodes are ready. Got 9 of 9 DN Heartbeats.
2021-09-08 01:20:44,397 [Listener at 127.0.0.1/40417] INFO  ozone.MiniOzoneClusterImpl (MiniOzoneClusterImpl.java:lambda$waitForClusterToBeReady$0(238)) - Cluster exits safe mode
2021-09-08 01:20:44,397 [Listener at 127.0.0.1/40417] INFO  ozone.MiniOzoneClusterImpl (MiniOzoneClusterImpl.java:lambda$waitForClusterToBeReady$0(240)) - SCM became leader
2021-09-08 01:20:44,619 [a5b729b8-cc77-4510-b256-3db79b728626@group-F0B38F70DA8D-FollowerState] INFO  impl.FollowerState (FollowerState.java:run(134)) - a5b729b8-cc77-4510-b256-3db79b728626@group-F0B38F70DA8D-FollowerState: change to CANDIDATE, lastRpcElapsedTime:5202851462ns, electionTimeout:5197ms
2021-09-08 01:20:44,620 [a5b729b8-cc77-4510-b256-3db79b728626@group-F0B38F70DA8D-FollowerState] INFO  impl.RoleInfo (RoleInfo.java:shutdownFollowerState(108)) - a5b729b8-cc77-4510-b256-3db79b728626: shutdown a5b729b8-cc77-4510-b256-3db79b728626@group-F0B38F70DA8D-FollowerState
2021-09-08 01:20:44,620 [a5b729b8-cc77-4510-b256-3db79b728626@group-F0B38F70DA8D-FollowerState] INFO  server.RaftServer$Division (RaftServerImpl.java:setRole(285)) - a5b729b8-cc77-4510-b256-3db79b728626@group-F0B38F70DA8D: changes role from  FOLLOWER to CANDIDATE at term 0 for changeToCandidate
2021-09-08 01:20:44,629 [a5b729b8-cc77-4510-b256-3db79b728626@group-F0B38F70DA8D-FollowerState] INFO  server.RaftServerConfigKeys (ConfUtils.java:logGet(44)) - raft.server.leaderelection.pre-vote = false (custom)
2021-09-08 01:20:44,629 [a5b729b8-cc77-4510-b256-3db79b728626@group-F0B38F70DA8D-FollowerState] INFO  impl.RoleInfo (RoleInfo.java:updateAndGet(130)) - a5b729b8-cc77-4510-b256-3db79b728626: start a5b729b8-cc77-4510-b256-3db79b728626@group-F0B38F70DA8D-LeaderElection14
2021-09-08 01:20:44,648 [a5b729b8-cc77-4510-b256-3db79b728626@group-F0B38F70DA8D-LeaderElection14] INFO  impl.LeaderElection (LeaderElection.java:askForVotes(306)) - a5b729b8-cc77-4510-b256-3db79b728626@group-F0B38F70DA8D-LeaderElection14 ELECTION round 0: submit vote requests at term 1 for -1: [a5b729b8-cc77-4510-b256-3db79b728626|rpc:10.1.0.19:41785|priority:1], old=null
2021-09-08 01:20:44,648 [a5b729b8-cc77-4510-b256-3db79b728626@group-F0B38F70DA8D-LeaderElection14] INFO  impl.LeaderElection (LeaderElection.java:askForVotes(308)) - a5b729b8-cc77-4510-b256-3db79b728626@group-F0B38F70DA8D-LeaderElection14 ELECTION round 0: result PASSED (term=1)
2021-09-08 01:20:44,648 [a5b729b8-cc77-4510-b256-3db79b728626@group-F0B38F70DA8D-LeaderElection14] INFO  impl.RoleInfo (RoleInfo.java:shutdownLeaderElection(121)) - a5b729b8-cc77-4510-b256-3db79b728626: shutdown a5b729b8-cc77-4510-b256-3db79b728626@group-F0B38F70DA8D-LeaderElection14
2021-09-08 01:20:44,648 [a5b729b8-cc77-4510-b256-3db79b728626@group-F0B38F70DA8D-LeaderElection14] INFO  server.RaftServer$Division (RaftServerImpl.java:setRole(285)) - a5b729b8-cc77-4510-b256-3db79b728626@group-F0B38F70DA8D: changes role from CANDIDATE to LEADER at term 1 for changeToLeader
2021-09-08 01:20:44,648 [a5b729b8-cc77-4510-b256-3db79b728626@group-F0B38F70DA8D-LeaderElection14] INFO  ratis.XceiverServerRatis (XceiverServerRatis.java:handleLeaderChangedNotification(861)) - Leader change notification received for group: group-F0B38F70DA8D with new leaderId: a5b729b8-cc77-4510-b256-3db79b728626
2021-09-08 01:20:44,648 [a5b729b8-cc77-4510-b256-3db79b728626@group-F0B38F70DA8D-LeaderElection14] INFO  server.RaftServer$Division (ServerState.java:setLeader(285)) - a5b729b8-cc77-4510-b256-3db79b728626@group-F0B38F70DA8D: change Leader from null to a5b729b8-cc77-4510-b256-3db79b728626 at term 1 for becomeLeader, leader elected after 5240ms
2021-09-08 01:20:44,648 [a5b729b8-cc77-4510-b256-3db79b728626@group-F0B38F70DA8D-LeaderElection14] INFO  server.RaftServerConfigKeys (ConfUtils.java:logGet(44)) - raft.server.staging.catchup.gap = 1000 (default)
2021-09-08 01:20:44,649 [Datanode State Machine Thread - 0] WARN  statemachine.StateContext (StateContext.java:execute(621)) - No available thread in pool for past 1 seconds.
2021-09-08 01:20:44,649 [a5b729b8-cc77-4510-b256-3db79b728626@group-F0B38F70DA8D-LeaderElection14] INFO  server.RaftServerConfigKeys (ConfUtils.java:logGet(44)) - raft.server.write.element-limit = 1024 (custom)
2021-09-08 01:20:44,649 [a5b729b8-cc77-4510-b256-3db79b728626@group-F0B38F70DA8D-LeaderElection14] INFO  server.RaftServerConfigKeys (ConfUtils.java:logGet(44)) - raft.server.write.byte-limit = 1024 M (=1073741824) (custom)
2021-09-08 01:20:44,650 [a5b729b8-cc77-4510-b256-3db79b728626@group-F0B38F70DA8D-LeaderElection14] INFO  server.RaftServerConfigKeys (ConfUtils.java:logGet(44)) - raft.server.watch.timeout = 3000ms (custom)
2021-09-08 01:20:44,651 [a5b729b8-cc77-4510-b256-3db79b728626@group-F0B38F70DA8D-LeaderElection14] INFO  server.RaftServerConfigKeys (ConfUtils.java:logGet(44)) - raft.server.watch.timeout.denomination = 1s (default)
2021-09-08 01:20:44,651 [a5b729b8-cc77-4510-b256-3db79b728626@group-F0B38F70DA8D-LeaderElection14] INFO  server.RaftServerConfigKeys (ConfUtils.java:logGet(44)) - raft.server.watch.element-limit = 65536 (default)
2021-09-08 01:20:44,651 [a5b729b8-cc77-4510-b256-3db79b728626@group-F0B38F70DA8D-LeaderElection14] INFO  impl.RoleInfo (RoleInfo.java:updateAndGet(130)) - a5b729b8-cc77-4510-b256-3db79b728626: start a5b729b8-cc77-4510-b256-3db79b728626@group-F0B38F70DA8D-LeaderStateImpl
2021-09-08 01:20:44,651 [a5b729b8-cc77-4510-b256-3db79b728626@group-F0B38F70DA8D-LeaderElection14] INFO  segmented.SegmentedRaftLogWorker (SegmentedRaftLogWorker.java:startLogSegment(394)) - a5b729b8-cc77-4510-b256-3db79b728626@group-F0B38F70DA8D-SegmentedRaftLogWorker: Starting segment from index:0
2021-09-08 01:20:44,652 [a5b729b8-cc77-4510-b256-3db79b728626@group-F0B38F70DA8D-SegmentedRaftLogWorker] INFO  segmented.SegmentedRaftLogWorker (SegmentedRaftLogWorker.java:execute(601)) - a5b729b8-cc77-4510-b256-3db79b728626@group-F0B38F70DA8D-SegmentedRaftLogWorker: created new log segment /home/runner/work/ozone/ozone/hadoop-ozone/integration-test/target/test-dir/MiniOzoneClusterImpl-0f12cb01-4002-4394-a01c-5903f1f0237a/datanode-8/data/ratis/400cf0a3-1e0f-448c-b8e3-f0b38f70da8d/current/log_inprogress_0
2021-09-08 01:20:44,658 [a5b729b8-cc77-4510-b256-3db79b728626@group-F0B38F70DA8D-LeaderElection14] INFO  server.RaftServer$Division (ServerState.java:setRaftConf(387)) - a5b729b8-cc77-4510-b256-3db79b728626@group-F0B38F70DA8D: set configuration 0: [a5b729b8-cc77-4510-b256-3db79b728626|rpc:10.1.0.19:41785|dataStream:|priority:1], old=null
2021-09-08 01:20:44,851 [Listener at 127.0.0.1/40417] INFO  rpc.RpcClient (RpcClient.java:createVolume(342)) - Creating Volume: watchforcommithandlingtest, with runner as owner and space quota set to -1 bytes, counts quota set to -1
2021-09-08 01:20:44,911 [OM StateMachine ApplyTransaction Thread - 0] INFO  volume.OMVolumeCreateRequest (OMVolumeCreateRequest.java:validateAndUpdateCache(195)) - created volume:watchforcommithandlingtest for user:runner
2021-09-08 01:20:44,928 [Listener at 127.0.0.1/40417] INFO  rpc.RpcClient (RpcClient.java:createBucket(502)) - Creating Bucket: watchforcommithandlingtest/watchforcommithandlingtest, with Versioning false and Storage Type set to DISK and Encryption set to false 
2021-09-08 01:20:44,946 [Listener at 127.0.0.1/40417] INFO  ozone.MiniOzoneClusterImpl (MiniOzoneClusterImpl.java:getStorageContainerLocationClient(346)) - Creating StorageContainerLocationProtocol RPC client with address /0.0.0.0:46101
2021-09-08 01:20:44,994 [IPC Server handler 0 on default port 42643] INFO  ha.SequenceIdGenerator (SequenceIdGenerator.java:getNextId(127)) - Allocate a batch for containerId, change lastId from 0 to 1000.
2021-09-08 01:20:45,004 [IPC Server handler 0 on default port 42643] WARN  ha.SequenceIdGenerator (SequenceIdGenerator.java:allocateBatch(234)) - Failed to allocate a batch for localId, expected lastId is 0, actual lastId is 107544261427200000.
2021-09-08 01:20:45,005 [IPC Server handler 0 on default port 42643] INFO  ha.SequenceIdGenerator (SequenceIdGenerator.java:getNextId(127)) - Allocate a batch for localId, change lastId from 107544261427200000 to 107544261427201000.
2021-09-08 01:20:45,092 [Listener at 127.0.0.1/40417] INFO  impl.MetricsSystemImpl (MetricsSystemImpl.java:init(158)) - XceiverClientMetrics metrics system started (again)
2021-09-08 01:20:47,842 [fff8da42-e543-4611-a72f-bc5e7a371435@group-721745A2736D-FollowerState] INFO  impl.FollowerState (FollowerState.java:run(134)) - fff8da42-e543-4611-a72f-bc5e7a371435@group-721745A2736D-FollowerState: change to CANDIDATE, lastRpcElapsedTime:5147097133ns, electionTimeout:5141ms
2021-09-08 01:20:47,842 [fff8da42-e543-4611-a72f-bc5e7a371435@group-721745A2736D-FollowerState] INFO  impl.RoleInfo (RoleInfo.java:shutdownFollowerState(108)) - fff8da42-e543-4611-a72f-bc5e7a371435: shutdown fff8da42-e543-4611-a72f-bc5e7a371435@group-721745A2736D-FollowerState
2021-09-08 01:20:47,842 [fff8da42-e543-4611-a72f-bc5e7a371435@group-721745A2736D-FollowerState] INFO  server.RaftServer$Division (RaftServerImpl.java:setRole(285)) - fff8da42-e543-4611-a72f-bc5e7a371435@group-721745A2736D: changes role from  FOLLOWER to CANDIDATE at term 1 for changeToCandidate
2021-09-08 01:20:47,843 [fff8da42-e543-4611-a72f-bc5e7a371435@group-721745A2736D-FollowerState] INFO  server.RaftServerConfigKeys (ConfUtils.java:logGet(44)) - raft.server.leaderelection.pre-vote = false (custom)
2021-09-08 01:20:47,843 [fff8da42-e543-4611-a72f-bc5e7a371435@group-721745A2736D-FollowerState] INFO  impl.RoleInfo (RoleInfo.java:updateAndGet(130)) - fff8da42-e543-4611-a72f-bc5e7a371435: start fff8da42-e543-4611-a72f-bc5e7a371435@group-721745A2736D-LeaderElection15
2021-09-08 01:20:47,845 [fff8da42-e543-4611-a72f-bc5e7a371435@group-721745A2736D-LeaderElection15] INFO  impl.LeaderElection (LeaderElection.java:askForVotes(306)) - fff8da42-e543-4611-a72f-bc5e7a371435@group-721745A2736D-LeaderElection15 ELECTION round 0: submit vote requests at term 2 for -1: [e8664701-17ec-4985-afd3-5de44f4c9c08|rpc:10.1.0.19:41275|priority:0, fff8da42-e543-4611-a72f-bc5e7a371435|rpc:10.1.0.19:33015|priority:0, 33731e97-16f6-45e4-8f2a-1dafddc3ee46|rpc:10.1.0.19:43575|priority:1], old=null
2021-09-08 01:20:47,849 [grpc-default-executor-0] INFO  server.RaftServer$Division (RaftServerImpl.java:requestVote(1043)) - e8664701-17ec-4985-afd3-5de44f4c9c08@group-721745A2736D: receive requestVote(ELECTION, fff8da42-e543-4611-a72f-bc5e7a371435, group-721745A2736D, 2, (t:0, i:0))
2021-09-08 01:20:47,849 [grpc-default-executor-0] INFO  impl.VoteContext (VoteContext.java:log(48)) - e8664701-17ec-4985-afd3-5de44f4c9c08@group-721745A2736D-FOLLOWER: accept ELECTION from fff8da42-e543-4611-a72f-bc5e7a371435: our priority 0 <= candidate's priority 0
2021-09-08 01:20:47,849 [grpc-default-executor-0] INFO  server.RaftServer$Division (RaftServerImpl.java:setRole(285)) - e8664701-17ec-4985-afd3-5de44f4c9c08@group-721745A2736D: changes role from  FOLLOWER to FOLLOWER at term 2 for candidate:fff8da42-e543-4611-a72f-bc5e7a371435
2021-09-08 01:20:47,849 [grpc-default-executor-0] INFO  impl.RoleInfo (RoleInfo.java:shutdownFollowerState(108)) - e8664701-17ec-4985-afd3-5de44f4c9c08: shutdown e8664701-17ec-4985-afd3-5de44f4c9c08@group-721745A2736D-FollowerState
2021-09-08 01:20:47,849 [grpc-default-executor-0] INFO  impl.RoleInfo (RoleInfo.java:updateAndGet(130)) - e8664701-17ec-4985-afd3-5de44f4c9c08: start e8664701-17ec-4985-afd3-5de44f4c9c08@group-721745A2736D-FollowerState
2021-09-08 01:20:47,849 [e8664701-17ec-4985-afd3-5de44f4c9c08@group-721745A2736D-FollowerState] INFO  impl.FollowerState (FollowerState.java:run(143)) - e8664701-17ec-4985-afd3-5de44f4c9c08@group-721745A2736D-FollowerState was interrupted: {}
java.lang.InterruptedException: sleep interrupted
	at java.lang.Thread.sleep(Native Method)
	at java.lang.Thread.sleep(Thread.java:340)
	at java.util.concurrent.TimeUnit.sleep(TimeUnit.java:386)
	at org.apache.ratis.util.TimeDuration.sleep(TimeDuration.java:324)
	at org.apache.ratis.util.TimeDuration.sleep(TimeDuration.java:309)
	at org.apache.ratis.server.impl.FollowerState.run(FollowerState.java:118)
2021-09-08 01:20:47,852 [grpc-default-executor-2] INFO  server.RaftServer$Division (RaftServerImpl.java:requestVote(1043)) - 33731e97-16f6-45e4-8f2a-1dafddc3ee46@group-721745A2736D: receive requestVote(ELECTION, fff8da42-e543-4611-a72f-bc5e7a371435, group-721745A2736D, 2, (t:0, i:0))
2021-09-08 01:20:47,854 [grpc-default-executor-0] INFO  server.RaftServer$Division (RaftServerImpl.java:requestVote(1075)) - e8664701-17ec-4985-afd3-5de44f4c9c08@group-721745A2736D replies to ELECTION vote request: fff8da42-e543-4611-a72f-bc5e7a371435<-e8664701-17ec-4985-afd3-5de44f4c9c08#0:OK-t2. Peer's state: e8664701-17ec-4985-afd3-5de44f4c9c08@group-721745A2736D:t2, leader=null, voted=fff8da42-e543-4611-a72f-bc5e7a371435, raftlog=e8664701-17ec-4985-afd3-5de44f4c9c08@group-721745A2736D-SegmentedRaftLog:OPENED:c-1,f-1,i0, conf=-1: [e8664701-17ec-4985-afd3-5de44f4c9c08|rpc:10.1.0.19:41275|dataStream:|priority:0, fff8da42-e543-4611-a72f-bc5e7a371435|rpc:10.1.0.19:33015|dataStream:|priority:0, 33731e97-16f6-45e4-8f2a-1dafddc3ee46|rpc:10.1.0.19:43575|dataStream:|priority:1], old=null
2021-09-08 01:20:47,854 [grpc-default-executor-2] INFO  impl.VoteContext (VoteContext.java:log(48)) - 33731e97-16f6-45e4-8f2a-1dafddc3ee46@group-721745A2736D-FOLLOWER: reject ELECTION from fff8da42-e543-4611-a72f-bc5e7a371435: our priority 1 > candidate's priority 0
2021-09-08 01:20:47,854 [grpc-default-executor-2] INFO  server.RaftServer$Division (RaftServerImpl.java:setRole(285)) - 33731e97-16f6-45e4-8f2a-1dafddc3ee46@group-721745A2736D: changes role from  FOLLOWER to FOLLOWER at term 2 for candidate:fff8da42-e543-4611-a72f-bc5e7a371435
2021-09-08 01:20:47,854 [grpc-default-executor-2] INFO  impl.RoleInfo (RoleInfo.java:shutdownFollowerState(108)) - 33731e97-16f6-45e4-8f2a-1dafddc3ee46: shutdown 33731e97-16f6-45e4-8f2a-1dafddc3ee46@group-721745A2736D-FollowerState
2021-09-08 01:20:47,854 [grpc-default-executor-2] INFO  impl.RoleInfo (RoleInfo.java:updateAndGet(130)) - 33731e97-16f6-45e4-8f2a-1dafddc3ee46: start 33731e97-16f6-45e4-8f2a-1dafddc3ee46@group-721745A2736D-FollowerState
2021-09-08 01:20:47,854 [33731e97-16f6-45e4-8f2a-1dafddc3ee46@group-721745A2736D-FollowerState] INFO  impl.FollowerState (FollowerState.java:run(143)) - 33731e97-16f6-45e4-8f2a-1dafddc3ee46@group-721745A2736D-FollowerState was interrupted: {}
java.lang.InterruptedException: sleep interrupted
	at java.lang.Thread.sleep(Native Method)
	at java.lang.Thread.sleep(Thread.java:340)
	at java.util.concurrent.TimeUnit.sleep(TimeUnit.java:386)
	at org.apache.ratis.util.TimeDuration.sleep(TimeDuration.java:324)
	at org.apache.ratis.util.TimeDuration.sleep(TimeDuration.java:309)
	at org.apache.ratis.server.impl.FollowerState.run(FollowerState.java:118)
2021-09-08 01:20:47,856 [grpc-default-executor-2] INFO  server.RaftServer$Division (RaftServerImpl.java:requestVote(1075)) - 33731e97-16f6-45e4-8f2a-1dafddc3ee46@group-721745A2736D replies to ELECTION vote request: fff8da42-e543-4611-a72f-bc5e7a371435<-33731e97-16f6-45e4-8f2a-1dafddc3ee46#0:FAIL-t2. Peer's state: 33731e97-16f6-45e4-8f2a-1dafddc3ee46@group-721745A2736D:t2, leader=null, voted=null, raftlog=33731e97-16f6-45e4-8f2a-1dafddc3ee46@group-721745A2736D-SegmentedRaftLog:OPENED:c-1,f-1,i0, conf=-1: [e8664701-17ec-4985-afd3-5de44f4c9c08|rpc:10.1.0.19:41275|dataStream:|priority:0, fff8da42-e543-4611-a72f-bc5e7a371435|rpc:10.1.0.19:33015|dataStream:|priority:0, 33731e97-16f6-45e4-8f2a-1dafddc3ee46|rpc:10.1.0.19:43575|dataStream:|priority:1], old=null
2021-09-08 01:20:47,859 [fff8da42-e543-4611-a72f-bc5e7a371435@group-721745A2736D-LeaderElection15] INFO  impl.LeaderElection (LeaderElection.java:logAndReturn(89)) - fff8da42-e543-4611-a72f-bc5e7a371435@group-721745A2736D-LeaderElection15: ELECTION REJECTED received 2 response(s) and 0 exception(s):
2021-09-08 01:20:47,859 [fff8da42-e543-4611-a72f-bc5e7a371435@group-721745A2736D-LeaderElection15] INFO  impl.LeaderElection (LeaderElection.java:logAndReturn(93)) -   Response 0: fff8da42-e543-4611-a72f-bc5e7a371435<-e8664701-17ec-4985-afd3-5de44f4c9c08#0:OK-t2
2021-09-08 01:20:47,859 [fff8da42-e543-4611-a72f-bc5e7a371435@group-721745A2736D-LeaderElection15] INFO  impl.LeaderElection (LeaderElection.java:logAndReturn(93)) -   Response 1: fff8da42-e543-4611-a72f-bc5e7a371435<-33731e97-16f6-45e4-8f2a-1dafddc3ee46#0:FAIL-t2
2021-09-08 01:20:47,859 [fff8da42-e543-4611-a72f-bc5e7a371435@group-721745A2736D-LeaderElection15] INFO  impl.LeaderElection (LeaderElection.java:askForVotes(308)) - fff8da42-e543-4611-a72f-bc5e7a371435@group-721745A2736D-LeaderElection15 ELECTION round 0: result REJECTED
2021-09-08 01:20:47,860 [fff8da42-e543-4611-a72f-bc5e7a371435@group-721745A2736D-LeaderElection15] INFO  server.RaftServer$Division (RaftServerImpl.java:setRole(285)) - fff8da42-e543-4611-a72f-bc5e7a371435@group-721745A2736D: changes role from CANDIDATE to FOLLOWER at term 2 for REJECTED
2021-09-08 01:20:47,860 [fff8da42-e543-4611-a72f-bc5e7a371435@group-721745A2736D-LeaderElection15] INFO  impl.RoleInfo (RoleInfo.java:shutdownLeaderElection(121)) - fff8da42-e543-4611-a72f-bc5e7a371435: shutdown fff8da42-e543-4611-a72f-bc5e7a371435@group-721745A2736D-LeaderElection15
2021-09-08 01:20:47,860 [fff8da42-e543-4611-a72f-bc5e7a371435@group-721745A2736D-LeaderElection15] INFO  impl.RoleInfo (RoleInfo.java:updateAndGet(130)) - fff8da42-e543-4611-a72f-bc5e7a371435: start fff8da42-e543-4611-a72f-bc5e7a371435@group-721745A2736D-FollowerState
2021-09-08 01:20:48,610 [06f45bb0-d367-47cf-8f0c-bcb418e113db@group-03C340C5BF62-FollowerState] INFO  impl.FollowerState (FollowerState.java:run(134)) - 06f45bb0-d367-47cf-8f0c-bcb418e113db@group-03C340C5BF62-FollowerState: change to CANDIDATE, lastRpcElapsedTime:5073379840ns, electionTimeout:5073ms
2021-09-08 01:20:48,610 [06f45bb0-d367-47cf-8f0c-bcb418e113db@group-03C340C5BF62-FollowerState] INFO  impl.RoleInfo (RoleInfo.java:shutdownFollowerState(108)) - 06f45bb0-d367-47cf-8f0c-bcb418e113db: shutdown 06f45bb0-d367-47cf-8f0c-bcb418e113db@group-03C340C5BF62-FollowerState
2021-09-08 01:20:48,610 [06f45bb0-d367-47cf-8f0c-bcb418e113db@group-03C340C5BF62-FollowerState] INFO  server.RaftServer$Division (RaftServerImpl.java:setRole(285)) - 06f45bb0-d367-47cf-8f0c-bcb418e113db@group-03C340C5BF62: changes role from  FOLLOWER to CANDIDATE at term 1 for changeToCandidate
2021-09-08 01:20:48,610 [06f45bb0-d367-47cf-8f0c-bcb418e113db@group-03C340C5BF62-FollowerState] INFO  server.RaftServerConfigKeys (ConfUtils.java:logGet(44)) - raft.server.leaderelection.pre-vote = false (custom)
2021-09-08 01:20:48,610 [06f45bb0-d367-47cf-8f0c-bcb418e113db@group-03C340C5BF62-FollowerState] INFO  impl.RoleInfo (RoleInfo.java:updateAndGet(130)) - 06f45bb0-d367-47cf-8f0c-bcb418e113db: start 06f45bb0-d367-47cf-8f0c-bcb418e113db@group-03C340C5BF62-LeaderElection16
2021-09-08 01:20:48,612 [06f45bb0-d367-47cf-8f0c-bcb418e113db@group-03C340C5BF62-LeaderElection16] INFO  impl.LeaderElection (LeaderElection.java:askForVotes(306)) - 06f45bb0-d367-47cf-8f0c-bcb418e113db@group-03C340C5BF62-LeaderElection16 ELECTION round 0: submit vote requests at term 2 for -1: [06f45bb0-d367-47cf-8f0c-bcb418e113db|rpc:10.1.0.19:33913|priority:0, 0845838b-9535-4874-adc8-850f7ac3d0e5|rpc:10.1.0.19:37265|priority:0, df659118-86d4-47ae-9076-ad4ead1182cd|rpc:10.1.0.19:41085|priority:1], old=null
2021-09-08 01:20:48,616 [grpc-default-executor-2] INFO  server.RaftServer$Division (RaftServerImpl.java:requestVote(1043)) - 0845838b-9535-4874-adc8-850f7ac3d0e5@group-03C340C5BF62: receive requestVote(ELECTION, 06f45bb0-d367-47cf-8f0c-bcb418e113db, group-03C340C5BF62, 2, (t:0, i:0))
2021-09-08 01:20:48,617 [grpc-default-executor-2] INFO  impl.VoteContext (VoteContext.java:log(48)) - 0845838b-9535-4874-adc8-850f7ac3d0e5@group-03C340C5BF62-FOLLOWER: accept ELECTION from 06f45bb0-d367-47cf-8f0c-bcb418e113db: our priority 0 <= candidate's priority 0
2021-09-08 01:20:48,617 [grpc-default-executor-2] INFO  server.RaftServer$Division (RaftServerImpl.java:setRole(285)) - 0845838b-9535-4874-adc8-850f7ac3d0e5@group-03C340C5BF62: changes role from  FOLLOWER to FOLLOWER at term 2 for candidate:06f45bb0-d367-47cf-8f0c-bcb418e113db
2021-09-08 01:20:48,617 [grpc-default-executor-2] INFO  impl.RoleInfo (RoleInfo.java:shutdownFollowerState(108)) - 0845838b-9535-4874-adc8-850f7ac3d0e5: shutdown 0845838b-9535-4874-adc8-850f7ac3d0e5@group-03C340C5BF62-FollowerState
2021-09-08 01:20:48,617 [grpc-default-executor-2] INFO  impl.RoleInfo (RoleInfo.java:updateAndGet(130)) - 0845838b-9535-4874-adc8-850f7ac3d0e5: start 0845838b-9535-4874-adc8-850f7ac3d0e5@group-03C340C5BF62-FollowerState
2021-09-08 01:20:48,617 [0845838b-9535-4874-adc8-850f7ac3d0e5@group-03C340C5BF62-FollowerState] INFO  impl.FollowerState (FollowerState.java:run(143)) - 0845838b-9535-4874-adc8-850f7ac3d0e5@group-03C340C5BF62-FollowerState was interrupted: {}
java.lang.InterruptedException: sleep interrupted
	at java.lang.Thread.sleep(Native Method)
	at java.lang.Thread.sleep(Thread.java:340)
	at java.util.concurrent.TimeUnit.sleep(TimeUnit.java:386)
	at org.apache.ratis.util.TimeDuration.sleep(TimeDuration.java:324)
	at org.apache.ratis.util.TimeDuration.sleep(TimeDuration.java:309)
	at org.apache.ratis.server.impl.FollowerState.run(FollowerState.java:118)
2021-09-08 01:20:48,618 [grpc-default-executor-0] INFO  server.RaftServer$Division (RaftServerImpl.java:requestVote(1043)) - df659118-86d4-47ae-9076-ad4ead1182cd@group-03C340C5BF62: receive requestVote(ELECTION, 06f45bb0-d367-47cf-8f0c-bcb418e113db, group-03C340C5BF62, 2, (t:0, i:0))
2021-09-08 01:20:48,619 [grpc-default-executor-0] INFO  impl.VoteContext (VoteContext.java:log(48)) - df659118-86d4-47ae-9076-ad4ead1182cd@group-03C340C5BF62-FOLLOWER: reject ELECTION from 06f45bb0-d367-47cf-8f0c-bcb418e113db: our priority 1 > candidate's priority 0
2021-09-08 01:20:48,619 [grpc-default-executor-0] INFO  server.RaftServer$Division (RaftServerImpl.java:setRole(285)) - df659118-86d4-47ae-9076-ad4ead1182cd@group-03C340C5BF62: changes role from  FOLLOWER to FOLLOWER at term 2 for candidate:06f45bb0-d367-47cf-8f0c-bcb418e113db
2021-09-08 01:20:48,619 [grpc-default-executor-2] INFO  server.RaftServer$Division (RaftServerImpl.java:requestVote(1075)) - 0845838b-9535-4874-adc8-850f7ac3d0e5@group-03C340C5BF62 replies to ELECTION vote request: 06f45bb0-d367-47cf-8f0c-bcb418e113db<-0845838b-9535-4874-adc8-850f7ac3d0e5#0:OK-t2. Peer's state: 0845838b-9535-4874-adc8-850f7ac3d0e5@group-03C340C5BF62:t2, leader=null, voted=06f45bb0-d367-47cf-8f0c-bcb418e113db, raftlog=0845838b-9535-4874-adc8-850f7ac3d0e5@group-03C340C5BF62-SegmentedRaftLog:OPENED:c-1,f-1,i0, conf=-1: [06f45bb0-d367-47cf-8f0c-bcb418e113db|rpc:10.1.0.19:33913|dataStream:|priority:0, 0845838b-9535-4874-adc8-850f7ac3d0e5|rpc:10.1.0.19:37265|dataStream:|priority:0, df659118-86d4-47ae-9076-ad4ead1182cd|rpc:10.1.0.19:41085|dataStream:|priority:1], old=null
2021-09-08 01:20:48,619 [grpc-default-executor-0] INFO  impl.RoleInfo (RoleInfo.java:shutdownFollowerState(108)) - df659118-86d4-47ae-9076-ad4ead1182cd: shutdown df659118-86d4-47ae-9076-ad4ead1182cd@group-03C340C5BF62-FollowerState
2021-09-08 01:20:48,623 [grpc-default-executor-0] INFO  impl.RoleInfo (RoleInfo.java:updateAndGet(130)) - df659118-86d4-47ae-9076-ad4ead1182cd: start df659118-86d4-47ae-9076-ad4ead1182cd@group-03C340C5BF62-FollowerState
2021-09-08 01:20:48,623 [df659118-86d4-47ae-9076-ad4ead1182cd@group-03C340C5BF62-FollowerState] INFO  impl.FollowerState (FollowerState.java:run(143)) - df659118-86d4-47ae-9076-ad4ead1182cd@group-03C340C5BF62-FollowerState was interrupted: {}
java.lang.InterruptedException: sleep interrupted
	at java.lang.Thread.sleep(Native Method)
	at java.lang.Thread.sleep(Thread.java:340)
	at java.util.concurrent.TimeUnit.sleep(TimeUnit.java:386)
	at org.apache.ratis.util.TimeDuration.sleep(TimeDuration.java:324)
	at org.apache.ratis.util.TimeDuration.sleep(TimeDuration.java:309)
	at org.apache.ratis.server.impl.FollowerState.run(FollowerState.java:118)
2021-09-08 01:20:48,627 [grpc-default-executor-0] INFO  server.RaftServer$Division (RaftServerImpl.java:requestVote(1075)) - df659118-86d4-47ae-9076-ad4ead1182cd@group-03C340C5BF62 replies to ELECTION vote request: 06f45bb0-d367-47cf-8f0c-bcb418e113db<-df659118-86d4-47ae-9076-ad4ead1182cd#0:FAIL-t2. Peer's state: df659118-86d4-47ae-9076-ad4ead1182cd@group-03C340C5BF62:t2, leader=null, voted=null, raftlog=df659118-86d4-47ae-9076-ad4ead1182cd@group-03C340C5BF62-SegmentedRaftLog:OPENED:c-1,f-1,i0, conf=-1: [06f45bb0-d367-47cf-8f0c-bcb418e113db|rpc:10.1.0.19:33913|dataStream:|priority:0, 0845838b-9535-4874-adc8-850f7ac3d0e5|rpc:10.1.0.19:37265|dataStream:|priority:0, df659118-86d4-47ae-9076-ad4ead1182cd|rpc:10.1.0.19:41085|dataStream:|priority:1], old=null
2021-09-08 01:20:48,628 [06f45bb0-d367-47cf-8f0c-bcb418e113db@group-03C340C5BF62-LeaderElection16] INFO  impl.LeaderElection (LeaderElection.java:logAndReturn(89)) - 06f45bb0-d367-47cf-8f0c-bcb418e113db@group-03C340C5BF62-LeaderElection16: ELECTION REJECTED received 2 response(s) and 0 exception(s):
2021-09-08 01:20:48,628 [06f45bb0-d367-47cf-8f0c-bcb418e113db@group-03C340C5BF62-LeaderElection16] INFO  impl.LeaderElection (LeaderElection.java:logAndReturn(93)) -   Response 0: 06f45bb0-d367-47cf-8f0c-bcb418e113db<-0845838b-9535-4874-adc8-850f7ac3d0e5#0:OK-t2
2021-09-08 01:20:48,628 [06f45bb0-d367-47cf-8f0c-bcb418e113db@group-03C340C5BF62-LeaderElection16] INFO  impl.LeaderElection (LeaderElection.java:logAndReturn(93)) -   Response 1: 06f45bb0-d367-47cf-8f0c-bcb418e113db<-df659118-86d4-47ae-9076-ad4ead1182cd#0:FAIL-t2
2021-09-08 01:20:48,628 [06f45bb0-d367-47cf-8f0c-bcb418e113db@group-03C340C5BF62-LeaderElection16] INFO  impl.LeaderElection (LeaderElection.java:askForVotes(308)) - 06f45bb0-d367-47cf-8f0c-bcb418e113db@group-03C340C5BF62-LeaderElection16 ELECTION round 0: result REJECTED
2021-09-08 01:20:48,628 [06f45bb0-d367-47cf-8f0c-bcb418e113db@group-03C340C5BF62-LeaderElection16] INFO  server.RaftServer$Division (RaftServerImpl.java:setRole(285)) - 06f45bb0-d367-47cf-8f0c-bcb418e113db@group-03C340C5BF62: changes role from CANDIDATE to FOLLOWER at term 2 for REJECTED
2021-09-08 01:20:48,628 [06f45bb0-d367-47cf-8f0c-bcb418e113db@group-03C340C5BF62-LeaderElection16] INFO  impl.RoleInfo (RoleInfo.java:shutdownLeaderElection(121)) - 06f45bb0-d367-47cf-8f0c-bcb418e113db: shutdown 06f45bb0-d367-47cf-8f0c-bcb418e113db@group-03C340C5BF62-LeaderElection16
2021-09-08 01:20:48,628 [06f45bb0-d367-47cf-8f0c-bcb418e113db@group-03C340C5BF62-LeaderElection16] INFO  impl.RoleInfo (RoleInfo.java:updateAndGet(130)) - 06f45bb0-d367-47cf-8f0c-bcb418e113db: start 06f45bb0-d367-47cf-8f0c-bcb418e113db@group-03C340C5BF62-FollowerState
2021-09-08 01:20:49,262 [e7eadb9e-87f0-44a1-8347-22fb5259c06f@group-BEA90EEC2AFB-FollowerState] INFO  impl.FollowerState (FollowerState.java:run(134)) - e7eadb9e-87f0-44a1-8347-22fb5259c06f@group-BEA90EEC2AFB-FollowerState: change to CANDIDATE, lastRpcElapsedTime:5033058574ns, electionTimeout:5019ms
2021-09-08 01:20:49,263 [e7eadb9e-87f0-44a1-8347-22fb5259c06f@group-BEA90EEC2AFB-FollowerState] INFO  impl.RoleInfo (RoleInfo.java:shutdownFollowerState(108)) - e7eadb9e-87f0-44a1-8347-22fb5259c06f: shutdown e7eadb9e-87f0-44a1-8347-22fb5259c06f@group-BEA90EEC2AFB-FollowerState
2021-09-08 01:20:49,263 [e7eadb9e-87f0-44a1-8347-22fb5259c06f@group-BEA90EEC2AFB-FollowerState] INFO  server.RaftServer$Division (RaftServerImpl.java:setRole(285)) - e7eadb9e-87f0-44a1-8347-22fb5259c06f@group-BEA90EEC2AFB: changes role from  FOLLOWER to CANDIDATE at term 2 for changeToCandidate
2021-09-08 01:20:49,263 [e7eadb9e-87f0-44a1-8347-22fb5259c06f@group-BEA90EEC2AFB-FollowerState] INFO  server.RaftServerConfigKeys (ConfUtils.java:logGet(44)) - raft.server.leaderelection.pre-vote = false (custom)
2021-09-08 01:20:49,263 [e7eadb9e-87f0-44a1-8347-22fb5259c06f@group-BEA90EEC2AFB-FollowerState] INFO  impl.RoleInfo (RoleInfo.java:updateAndGet(130)) - e7eadb9e-87f0-44a1-8347-22fb5259c06f: start e7eadb9e-87f0-44a1-8347-22fb5259c06f@group-BEA90EEC2AFB-LeaderElection17
2021-09-08 01:20:49,265 [e7eadb9e-87f0-44a1-8347-22fb5259c06f@group-BEA90EEC2AFB-LeaderElection17] INFO  impl.LeaderElection (LeaderElection.java:askForVotes(306)) - e7eadb9e-87f0-44a1-8347-22fb5259c06f@group-BEA90EEC2AFB-LeaderElection17 ELECTION round 0: submit vote requests at term 3 for -1: [c4ae24d6-167d-432b-819b-55d2c3b07854|rpc:10.1.0.19:42675|dataStream:|priority:1, e7eadb9e-87f0-44a1-8347-22fb5259c06f|rpc:10.1.0.19:40669|dataStream:|priority:0, a5b729b8-cc77-4510-b256-3db79b728626|rpc:10.1.0.19:41785|dataStream:|priority:0], old=null
2021-09-08 01:20:49,267 [a5b729b8-cc77-4510-b256-3db79b728626@group-BEA90EEC2AFB-FollowerState] INFO  impl.FollowerState (FollowerState.java:run(134)) - a5b729b8-cc77-4510-b256-3db79b728626@group-BEA90EEC2AFB-FollowerState: change to CANDIDATE, lastRpcElapsedTime:5073603638ns, electionTimeout:5058ms
2021-09-08 01:20:49,267 [a5b729b8-cc77-4510-b256-3db79b728626@group-BEA90EEC2AFB-FollowerState] INFO  impl.RoleInfo (RoleInfo.java:shutdownFollowerState(108)) - a5b729b8-cc77-4510-b256-3db79b728626: shutdown a5b729b8-cc77-4510-b256-3db79b728626@group-BEA90EEC2AFB-FollowerState
2021-09-08 01:20:49,267 [a5b729b8-cc77-4510-b256-3db79b728626@group-BEA90EEC2AFB-FollowerState] INFO  server.RaftServer$Division (RaftServerImpl.java:setRole(285)) - a5b729b8-cc77-4510-b256-3db79b728626@group-BEA90EEC2AFB: changes role from  FOLLOWER to CANDIDATE at term 2 for changeToCandidate
2021-09-08 01:20:49,268 [a5b729b8-cc77-4510-b256-3db79b728626@group-BEA90EEC2AFB-FollowerState] INFO  server.RaftServerConfigKeys (ConfUtils.java:logGet(44)) - raft.server.leaderelection.pre-vote = false (custom)
2021-09-08 01:20:49,268 [a5b729b8-cc77-4510-b256-3db79b728626@group-BEA90EEC2AFB-FollowerState] INFO  impl.RoleInfo (RoleInfo.java:updateAndGet(130)) - a5b729b8-cc77-4510-b256-3db79b728626: start a5b729b8-cc77-4510-b256-3db79b728626@group-BEA90EEC2AFB-LeaderElection18
2021-09-08 01:20:49,273 [grpc-default-executor-0] INFO  server.RaftServer$Division (RaftServerImpl.java:requestVote(1043)) - c4ae24d6-167d-432b-819b-55d2c3b07854@group-BEA90EEC2AFB: receive requestVote(ELECTION, e7eadb9e-87f0-44a1-8347-22fb5259c06f, group-BEA90EEC2AFB, 3, (t:0, i:0))
2021-09-08 01:20:49,273 [grpc-default-executor-2] INFO  server.RaftServer$Division (RaftServerImpl.java:requestVote(1043)) - a5b729b8-cc77-4510-b256-3db79b728626@group-BEA90EEC2AFB: receive requestVote(ELECTION, e7eadb9e-87f0-44a1-8347-22fb5259c06f, group-BEA90EEC2AFB, 3, (t:0, i:0))
2021-09-08 01:20:49,273 [grpc-default-executor-0] INFO  impl.VoteContext (VoteContext.java:log(48)) - c4ae24d6-167d-432b-819b-55d2c3b07854@group-BEA90EEC2AFB-FOLLOWER: reject ELECTION from e7eadb9e-87f0-44a1-8347-22fb5259c06f: our last entry (t:1, i:0) > candidate's last entry (t:0, i:0)
2021-09-08 01:20:49,274 [grpc-default-executor-0] INFO  server.RaftServer$Division (RaftServerImpl.java:setRole(285)) - c4ae24d6-167d-432b-819b-55d2c3b07854@group-BEA90EEC2AFB: changes role from  FOLLOWER to FOLLOWER at term 3 for candidate:e7eadb9e-87f0-44a1-8347-22fb5259c06f
2021-09-08 01:20:49,274 [grpc-default-executor-0] INFO  impl.RoleInfo (RoleInfo.java:shutdownFollowerState(108)) - c4ae24d6-167d-432b-819b-55d2c3b07854: shutdown c4ae24d6-167d-432b-819b-55d2c3b07854@group-BEA90EEC2AFB-FollowerState
2021-09-08 01:20:49,274 [grpc-default-executor-0] INFO  impl.RoleInfo (RoleInfo.java:updateAndGet(130)) - c4ae24d6-167d-432b-819b-55d2c3b07854: start c4ae24d6-167d-432b-819b-55d2c3b07854@group-BEA90EEC2AFB-FollowerState
2021-09-08 01:20:49,274 [c4ae24d6-167d-432b-819b-55d2c3b07854@group-BEA90EEC2AFB-FollowerState] INFO  impl.FollowerState (FollowerState.java:run(143)) - c4ae24d6-167d-432b-819b-55d2c3b07854@group-BEA90EEC2AFB-FollowerState was interrupted: {}
java.lang.InterruptedException: sleep interrupted
	at java.lang.Thread.sleep(Native Method)
	at java.lang.Thread.sleep(Thread.java:340)
	at java.util.concurrent.TimeUnit.sleep(TimeUnit.java:386)
	at org.apache.ratis.util.TimeDuration.sleep(TimeDuration.java:324)
	at org.apache.ratis.util.TimeDuration.sleep(TimeDuration.java:309)
	at org.apache.ratis.server.impl.FollowerState.run(FollowerState.java:118)
2021-09-08 01:20:49,273 [grpc-default-executor-2] INFO  impl.VoteContext (VoteContext.java:log(48)) - a5b729b8-cc77-4510-b256-3db79b728626@group-BEA90EEC2AFB-CANDIDATE: accept ELECTION from e7eadb9e-87f0-44a1-8347-22fb5259c06f: our priority 0 <= candidate's priority 0
2021-09-08 01:20:49,274 [grpc-default-executor-2] INFO  server.RaftServer$Division (RaftServerImpl.java:setRole(285)) - a5b729b8-cc77-4510-b256-3db79b728626@group-BEA90EEC2AFB: changes role from CANDIDATE to FOLLOWER at term 3 for candidate:e7eadb9e-87f0-44a1-8347-22fb5259c06f
2021-09-08 01:20:49,274 [grpc-default-executor-2] INFO  impl.RoleInfo (RoleInfo.java:shutdownLeaderElection(121)) - a5b729b8-cc77-4510-b256-3db79b728626: shutdown a5b729b8-cc77-4510-b256-3db79b728626@group-BEA90EEC2AFB-LeaderElection18
2021-09-08 01:20:49,275 [grpc-default-executor-2] INFO  impl.RoleInfo (RoleInfo.java:updateAndGet(130)) - a5b729b8-cc77-4510-b256-3db79b728626: start a5b729b8-cc77-4510-b256-3db79b728626@group-BEA90EEC2AFB-FollowerState
2021-09-08 01:20:49,275 [grpc-default-executor-0] INFO  server.RaftServer$Division (RaftServerImpl.java:requestVote(1075)) - c4ae24d6-167d-432b-819b-55d2c3b07854@group-BEA90EEC2AFB replies to ELECTION vote request: e7eadb9e-87f0-44a1-8347-22fb5259c06f<-c4ae24d6-167d-432b-819b-55d2c3b07854#0:FAIL-t3. Peer's state: c4ae24d6-167d-432b-819b-55d2c3b07854@group-BEA90EEC2AFB:t3, leader=null, voted=null, raftlog=c4ae24d6-167d-432b-819b-55d2c3b07854@group-BEA90EEC2AFB-SegmentedRaftLog:OPENED:c0,f0,i0, conf=0: [c4ae24d6-167d-432b-819b-55d2c3b07854|rpc:10.1.0.19:42675|dataStream:|priority:1, e7eadb9e-87f0-44a1-8347-22fb5259c06f|rpc:10.1.0.19:40669|dataStream:|priority:0, a5b729b8-cc77-4510-b256-3db79b728626|rpc:10.1.0.19:41785|dataStream:|priority:0], old=null
2021-09-08 01:20:49,277 [e7eadb9e-87f0-44a1-8347-22fb5259c06f@group-BEA90EEC2AFB-LeaderElection17] INFO  impl.LeaderElection (LeaderElection.java:logAndReturn(89)) - e7eadb9e-87f0-44a1-8347-22fb5259c06f@group-BEA90EEC2AFB-LeaderElection17: ELECTION REJECTED received 1 response(s) and 0 exception(s):
2021-09-08 01:20:49,277 [e7eadb9e-87f0-44a1-8347-22fb5259c06f@group-BEA90EEC2AFB-LeaderElection17] INFO  impl.LeaderElection (LeaderElection.java:logAndReturn(93)) -   Response 0: e7eadb9e-87f0-44a1-8347-22fb5259c06f<-c4ae24d6-167d-432b-819b-55d2c3b07854#0:FAIL-t3
2021-09-08 01:20:49,277 [grpc-default-executor-2] INFO  server.RaftServer$Division (RaftServerImpl.java:requestVote(1075)) - a5b729b8-cc77-4510-b256-3db79b728626@group-BEA90EEC2AFB replies to ELECTION vote request: e7eadb9e-87f0-44a1-8347-22fb5259c06f<-a5b729b8-cc77-4510-b256-3db79b728626#0:OK-t3. Peer's state: a5b729b8-cc77-4510-b256-3db79b728626@group-BEA90EEC2AFB:t3, leader=null, voted=e7eadb9e-87f0-44a1-8347-22fb5259c06f, raftlog=a5b729b8-cc77-4510-b256-3db79b728626@group-BEA90EEC2AFB-SegmentedRaftLog:OPENED:c-1,f-1,i0, conf=-1: [c4ae24d6-167d-432b-819b-55d2c3b07854|rpc:10.1.0.19:42675|dataStream:|priority:1, e7eadb9e-87f0-44a1-8347-22fb5259c06f|rpc:10.1.0.19:40669|dataStream:|priority:0, a5b729b8-cc77-4510-b256-3db79b728626|rpc:10.1.0.19:41785|dataStream:|priority:0], old=null
2021-09-08 01:20:49,277 [e7eadb9e-87f0-44a1-8347-22fb5259c06f@group-BEA90EEC2AFB-LeaderElection17] INFO  impl.LeaderElection (LeaderElection.java:askForVotes(308)) - e7eadb9e-87f0-44a1-8347-22fb5259c06f@group-BEA90EEC2AFB-LeaderElection17 ELECTION round 0: result REJECTED
2021-09-08 01:20:49,278 [e7eadb9e-87f0-44a1-8347-22fb5259c06f@group-BEA90EEC2AFB-LeaderElection17] INFO  server.RaftServer$Division (RaftServerImpl.java:setRole(285)) - e7eadb9e-87f0-44a1-8347-22fb5259c06f@group-BEA90EEC2AFB: changes role from CANDIDATE to FOLLOWER at term 3 for REJECTED
2021-09-08 01:20:49,278 [e7eadb9e-87f0-44a1-8347-22fb5259c06f@group-BEA90EEC2AFB-LeaderElection17] INFO  impl.RoleInfo (RoleInfo.java:shutdownLeaderElection(121)) - e7eadb9e-87f0-44a1-8347-22fb5259c06f: shutdown e7eadb9e-87f0-44a1-8347-22fb5259c06f@group-BEA90EEC2AFB-LeaderElection17
2021-09-08 01:20:49,278 [e7eadb9e-87f0-44a1-8347-22fb5259c06f@group-BEA90EEC2AFB-LeaderElection17] INFO  impl.RoleInfo (RoleInfo.java:updateAndGet(130)) - e7eadb9e-87f0-44a1-8347-22fb5259c06f: start e7eadb9e-87f0-44a1-8347-22fb5259c06f@group-BEA90EEC2AFB-FollowerState
2021-09-08 01:20:49,281 [a5b729b8-cc77-4510-b256-3db79b728626@group-BEA90EEC2AFB-LeaderElection18] INFO  impl.LeaderElection (LeaderElection.java:run(230)) - a5b729b8-cc77-4510-b256-3db79b728626@group-BEA90EEC2AFB-LeaderElection18: skip running since this is already CLOSING
2021-09-08 01:20:52,912 [fff8da42-e543-4611-a72f-bc5e7a371435@group-721745A2736D-FollowerState] INFO  impl.FollowerState (FollowerState.java:run(134)) - fff8da42-e543-4611-a72f-bc5e7a371435@group-721745A2736D-FollowerState: change to CANDIDATE, lastRpcElapsedTime:5052343465ns, electionTimeout:5052ms
2021-09-08 01:20:52,913 [fff8da42-e543-4611-a72f-bc5e7a371435@group-721745A2736D-FollowerState] INFO  impl.RoleInfo (RoleInfo.java:shutdownFollowerState(108)) - fff8da42-e543-4611-a72f-bc5e7a371435: shutdown fff8da42-e543-4611-a72f-bc5e7a371435@group-721745A2736D-FollowerState
2021-09-08 01:20:52,913 [fff8da42-e543-4611-a72f-bc5e7a371435@group-721745A2736D-FollowerState] INFO  server.RaftServer$Division (RaftServerImpl.java:setRole(285)) - fff8da42-e543-4611-a72f-bc5e7a371435@group-721745A2736D: changes role from  FOLLOWER to CANDIDATE at term 2 for changeToCandidate
2021-09-08 01:20:52,913 [fff8da42-e543-4611-a72f-bc5e7a371435@group-721745A2736D-FollowerState] INFO  server.RaftServerConfigKeys (ConfUtils.java:logGet(44)) - raft.server.leaderelection.pre-vote = false (custom)
2021-09-08 01:20:52,913 [fff8da42-e543-4611-a72f-bc5e7a371435@group-721745A2736D-FollowerState] INFO  impl.RoleInfo (RoleInfo.java:updateAndGet(130)) - fff8da42-e543-4611-a72f-bc5e7a371435: start fff8da42-e543-4611-a72f-bc5e7a371435@group-721745A2736D-LeaderElection19
2021-09-08 01:20:52,916 [fff8da42-e543-4611-a72f-bc5e7a371435@group-721745A2736D-LeaderElection19] INFO  impl.LeaderElection (LeaderElection.java:askForVotes(306)) - fff8da42-e543-4611-a72f-bc5e7a371435@group-721745A2736D-LeaderElection19 ELECTION round 0: submit vote requests at term 3 for -1: [e8664701-17ec-4985-afd3-5de44f4c9c08|rpc:10.1.0.19:41275|priority:0, fff8da42-e543-4611-a72f-bc5e7a371435|rpc:10.1.0.19:33015|priority:0, 33731e97-16f6-45e4-8f2a-1dafddc3ee46|rpc:10.1.0.19:43575|priority:1], old=null
2021-09-08 01:20:52,922 [grpc-default-executor-2] INFO  server.RaftServer$Division (RaftServerImpl.java:requestVote(1043)) - 33731e97-16f6-45e4-8f2a-1dafddc3ee46@group-721745A2736D: receive requestVote(ELECTION, fff8da42-e543-4611-a72f-bc5e7a371435, group-721745A2736D, 3, (t:0, i:0))
2021-09-08 01:20:52,922 [grpc-default-executor-2] INFO  impl.VoteContext (VoteContext.java:log(48)) - 33731e97-16f6-45e4-8f2a-1dafddc3ee46@group-721745A2736D-FOLLOWER: reject ELECTION from fff8da42-e543-4611-a72f-bc5e7a371435: our priority 1 > candidate's priority 0
2021-09-08 01:20:52,922 [grpc-default-executor-2] INFO  server.RaftServer$Division (RaftServerImpl.java:setRole(285)) - 33731e97-16f6-45e4-8f2a-1dafddc3ee46@group-721745A2736D: changes role from  FOLLOWER to FOLLOWER at term 3 for candidate:fff8da42-e543-4611-a72f-bc5e7a371435
2021-09-08 01:20:52,922 [grpc-default-executor-2] INFO  impl.RoleInfo (RoleInfo.java:shutdownFollowerState(108)) - 33731e97-16f6-45e4-8f2a-1dafddc3ee46: shutdown 33731e97-16f6-45e4-8f2a-1dafddc3ee46@group-721745A2736D-FollowerState
2021-09-08 01:20:52,922 [grpc-default-executor-2] INFO  impl.RoleInfo (RoleInfo.java:updateAndGet(130)) - 33731e97-16f6-45e4-8f2a-1dafddc3ee46: start 33731e97-16f6-45e4-8f2a-1dafddc3ee46@group-721745A2736D-FollowerState
2021-09-08 01:20:52,922 [33731e97-16f6-45e4-8f2a-1dafddc3ee46@group-721745A2736D-FollowerState] INFO  impl.FollowerState (FollowerState.java:run(143)) - 33731e97-16f6-45e4-8f2a-1dafddc3ee46@group-721745A2736D-FollowerState was interrupted: {}
java.lang.InterruptedException: sleep interrupted
	at java.lang.Thread.sleep(Native Method)
	at java.lang.Thread.sleep(Thread.java:340)
	at java.util.concurrent.TimeUnit.sleep(TimeUnit.java:386)
	at org.apache.ratis.util.TimeDuration.sleep(TimeDuration.java:324)
	at org.apache.ratis.util.TimeDuration.sleep(TimeDuration.java:309)
	at org.apache.ratis.server.impl.FollowerState.run(FollowerState.java:118)
2021-09-08 01:20:52,923 [grpc-default-executor-1] INFO  server.RaftServer$Division (RaftServerImpl.java:requestVote(1043)) - e8664701-17ec-4985-afd3-5de44f4c9c08@group-721745A2736D: receive requestVote(ELECTION, fff8da42-e543-4611-a72f-bc5e7a371435, group-721745A2736D, 3, (t:0, i:0))
2021-09-08 01:20:52,923 [grpc-default-executor-1] INFO  impl.VoteContext (VoteContext.java:log(48)) - e8664701-17ec-4985-afd3-5de44f4c9c08@group-721745A2736D-FOLLOWER: accept ELECTION from fff8da42-e543-4611-a72f-bc5e7a371435: our priority 0 <= candidate's priority 0
2021-09-08 01:20:52,924 [grpc-default-executor-1] INFO  server.RaftServer$Division (RaftServerImpl.java:setRole(285)) - e8664701-17ec-4985-afd3-5de44f4c9c08@group-721745A2736D: changes role from  FOLLOWER to FOLLOWER at term 3 for candidate:fff8da42-e543-4611-a72f-bc5e7a371435
2021-09-08 01:20:52,924 [grpc-default-executor-1] INFO  impl.RoleInfo (RoleInfo.java:shutdownFollowerState(108)) - e8664701-17ec-4985-afd3-5de44f4c9c08: shutdown e8664701-17ec-4985-afd3-5de44f4c9c08@group-721745A2736D-FollowerState
2021-09-08 01:20:52,924 [grpc-default-executor-1] INFO  impl.RoleInfo (RoleInfo.java:updateAndGet(130)) - e8664701-17ec-4985-afd3-5de44f4c9c08: start e8664701-17ec-4985-afd3-5de44f4c9c08@group-721745A2736D-FollowerState
2021-09-08 01:20:52,924 [e8664701-17ec-4985-afd3-5de44f4c9c08@group-721745A2736D-FollowerState] INFO  impl.FollowerState (FollowerState.java:run(143)) - e8664701-17ec-4985-afd3-5de44f4c9c08@group-721745A2736D-FollowerState was interrupted: {}
java.lang.InterruptedException: sleep interrupted
	at java.lang.Thread.sleep(Native Method)
	at java.lang.Thread.sleep(Thread.java:340)
	at java.util.concurrent.TimeUnit.sleep(TimeUnit.java:386)
	at org.apache.ratis.util.TimeDuration.sleep(TimeDuration.java:324)
	at org.apache.ratis.util.TimeDuration.sleep(TimeDuration.java:309)
	at org.apache.ratis.server.impl.FollowerState.run(FollowerState.java:118)
2021-09-08 01:20:52,932 [grpc-default-executor-2] INFO  server.RaftServer$Division (RaftServerImpl.java:requestVote(1075)) - 33731e97-16f6-45e4-8f2a-1dafddc3ee46@group-721745A2736D replies to ELECTION vote request: fff8da42-e543-4611-a72f-bc5e7a371435<-33731e97-16f6-45e4-8f2a-1dafddc3ee46#0:FAIL-t3. Peer's state: 33731e97-16f6-45e4-8f2a-1dafddc3ee46@group-721745A2736D:t3, leader=null, voted=null, raftlog=33731e97-16f6-45e4-8f2a-1dafddc3ee46@group-721745A2736D-SegmentedRaftLog:OPENED:c-1,f-1,i0, conf=-1: [e8664701-17ec-4985-afd3-5de44f4c9c08|rpc:10.1.0.19:41275|dataStream:|priority:0, fff8da42-e543-4611-a72f-bc5e7a371435|rpc:10.1.0.19:33015|dataStream:|priority:0, 33731e97-16f6-45e4-8f2a-1dafddc3ee46|rpc:10.1.0.19:43575|dataStream:|priority:1], old=null
2021-09-08 01:20:52,934 [grpc-default-executor-1] INFO  server.RaftServer$Division (RaftServerImpl.java:requestVote(1075)) - e8664701-17ec-4985-afd3-5de44f4c9c08@group-721745A2736D replies to ELECTION vote request: fff8da42-e543-4611-a72f-bc5e7a371435<-e8664701-17ec-4985-afd3-5de44f4c9c08#0:OK-t3. Peer's state: e8664701-17ec-4985-afd3-5de44f4c9c08@group-721745A2736D:t3, leader=null, voted=fff8da42-e543-4611-a72f-bc5e7a371435, raftlog=e8664701-17ec-4985-afd3-5de44f4c9c08@group-721745A2736D-SegmentedRaftLog:OPENED:c-1,f-1,i0, conf=-1: [e8664701-17ec-4985-afd3-5de44f4c9c08|rpc:10.1.0.19:41275|dataStream:|priority:0, fff8da42-e543-4611-a72f-bc5e7a371435|rpc:10.1.0.19:33015|dataStream:|priority:0, 33731e97-16f6-45e4-8f2a-1dafddc3ee46|rpc:10.1.0.19:43575|dataStream:|priority:1], old=null
2021-09-08 01:20:52,938 [fff8da42-e543-4611-a72f-bc5e7a371435@group-721745A2736D-LeaderElection19] INFO  impl.LeaderElection (LeaderElection.java:logAndReturn(89)) - fff8da42-e543-4611-a72f-bc5e7a371435@group-721745A2736D-LeaderElection19: ELECTION REJECTED received 2 response(s) and 0 exception(s):
2021-09-08 01:20:52,940 [fff8da42-e543-4611-a72f-bc5e7a371435@group-721745A2736D-LeaderElection19] INFO  impl.LeaderElection (LeaderElection.java:logAndReturn(93)) -   Response 0: fff8da42-e543-4611-a72f-bc5e7a371435<-e8664701-17ec-4985-afd3-5de44f4c9c08#0:OK-t3
2021-09-08 01:20:52,940 [fff8da42-e543-4611-a72f-bc5e7a371435@group-721745A2736D-LeaderElection19] INFO  impl.LeaderElection (LeaderElection.java:logAndReturn(93)) -   Response 1: fff8da42-e543-4611-a72f-bc5e7a371435<-33731e97-16f6-45e4-8f2a-1dafddc3ee46#0:FAIL-t3
2021-09-08 01:20:52,940 [fff8da42-e543-4611-a72f-bc5e7a371435@group-721745A2736D-LeaderElection19] INFO  impl.LeaderElection (LeaderElection.java:askForVotes(308)) - fff8da42-e543-4611-a72f-bc5e7a371435@group-721745A2736D-LeaderElection19 ELECTION round 0: result REJECTED
2021-09-08 01:20:52,940 [fff8da42-e543-4611-a72f-bc5e7a371435@group-721745A2736D-LeaderElection19] INFO  server.RaftServer$Division (RaftServerImpl.java:setRole(285)) - fff8da42-e543-4611-a72f-bc5e7a371435@group-721745A2736D: changes role from CANDIDATE to FOLLOWER at term 3 for REJECTED
2021-09-08 01:20:52,940 [fff8da42-e543-4611-a72f-bc5e7a371435@group-721745A2736D-LeaderElection19] INFO  impl.RoleInfo (RoleInfo.java:shutdownLeaderElection(121)) - fff8da42-e543-4611-a72f-bc5e7a371435: shutdown fff8da42-e543-4611-a72f-bc5e7a371435@group-721745A2736D-LeaderElection19
2021-09-08 01:20:52,940 [fff8da42-e543-4611-a72f-bc5e7a371435@group-721745A2736D-LeaderElection19] INFO  impl.RoleInfo (RoleInfo.java:updateAndGet(130)) - fff8da42-e543-4611-a72f-bc5e7a371435: start fff8da42-e543-4611-a72f-bc5e7a371435@group-721745A2736D-FollowerState
2021-09-08 01:20:53,646 [0845838b-9535-4874-adc8-850f7ac3d0e5@group-03C340C5BF62-FollowerState] INFO  impl.FollowerState (FollowerState.java:run(134)) - 0845838b-9535-4874-adc8-850f7ac3d0e5@group-03C340C5BF62-FollowerState: change to CANDIDATE, lastRpcElapsedTime:5027590721ns, electionTimeout:5027ms
2021-09-08 01:20:53,647 [0845838b-9535-4874-adc8-850f7ac3d0e5@group-03C340C5BF62-FollowerState] INFO  impl.RoleInfo (RoleInfo.java:shutdownFollowerState(108)) - 0845838b-9535-4874-adc8-850f7ac3d0e5: shutdown 0845838b-9535-4874-adc8-850f7ac3d0e5@group-03C340C5BF62-FollowerState
2021-09-08 01:20:53,647 [0845838b-9535-4874-adc8-850f7ac3d0e5@group-03C340C5BF62-FollowerState] INFO  server.RaftServer$Division (RaftServerImpl.java:setRole(285)) - 0845838b-9535-4874-adc8-850f7ac3d0e5@group-03C340C5BF62: changes role from  FOLLOWER to CANDIDATE at term 2 for changeToCandidate
2021-09-08 01:20:53,647 [0845838b-9535-4874-adc8-850f7ac3d0e5@group-03C340C5BF62-FollowerState] INFO  server.RaftServerConfigKeys (ConfUtils.java:logGet(44)) - raft.server.leaderelection.pre-vote = false (custom)
2021-09-08 01:20:53,647 [0845838b-9535-4874-adc8-850f7ac3d0e5@group-03C340C5BF62-FollowerState] INFO  impl.RoleInfo (RoleInfo.java:updateAndGet(130)) - 0845838b-9535-4874-adc8-850f7ac3d0e5: start 0845838b-9535-4874-adc8-850f7ac3d0e5@group-03C340C5BF62-LeaderElection20
2021-09-08 01:20:53,649 [0845838b-9535-4874-adc8-850f7ac3d0e5@group-03C340C5BF62-LeaderElection20] INFO  impl.LeaderElection (LeaderElection.java:askForVotes(306)) - 0845838b-9535-4874-adc8-850f7ac3d0e5@group-03C340C5BF62-LeaderElection20 ELECTION round 0: submit vote requests at term 3 for -1: [06f45bb0-d367-47cf-8f0c-bcb418e113db|rpc:10.1.0.19:33913|dataStream:|priority:0, 0845838b-9535-4874-adc8-850f7ac3d0e5|rpc:10.1.0.19:37265|dataStream:|priority:0, df659118-86d4-47ae-9076-ad4ead1182cd|rpc:10.1.0.19:41085|dataStream:|priority:1], old=null
2021-09-08 01:20:53,660 [grpc-default-executor-2] INFO  server.RaftServer$Division (RaftServerImpl.java:requestVote(1043)) - 06f45bb0-d367-47cf-8f0c-bcb418e113db@group-03C340C5BF62: receive requestVote(ELECTION, 0845838b-9535-4874-adc8-850f7ac3d0e5, group-03C340C5BF62, 3, (t:0, i:0))
2021-09-08 01:20:53,661 [grpc-default-executor-2] INFO  impl.VoteContext (VoteContext.java:log(48)) - 06f45bb0-d367-47cf-8f0c-bcb418e113db@group-03C340C5BF62-FOLLOWER: accept ELECTION from 0845838b-9535-4874-adc8-850f7ac3d0e5: our priority 0 <= candidate's priority 0
2021-09-08 01:20:53,661 [grpc-default-executor-2] INFO  server.RaftServer$Division (RaftServerImpl.java:setRole(285)) - 06f45bb0-d367-47cf-8f0c-bcb418e113db@group-03C340C5BF62: changes role from  FOLLOWER to FOLLOWER at term 3 for candidate:0845838b-9535-4874-adc8-850f7ac3d0e5
2021-09-08 01:20:53,661 [grpc-default-executor-2] INFO  impl.RoleInfo (RoleInfo.java:shutdownFollowerState(108)) - 06f45bb0-d367-47cf-8f0c-bcb418e113db: shutdown 06f45bb0-d367-47cf-8f0c-bcb418e113db@group-03C340C5BF62-FollowerState
2021-09-08 01:20:53,661 [grpc-default-executor-2] INFO  impl.RoleInfo (RoleInfo.java:updateAndGet(130)) - 06f45bb0-d367-47cf-8f0c-bcb418e113db: start 06f45bb0-d367-47cf-8f0c-bcb418e113db@group-03C340C5BF62-FollowerState
2021-09-08 01:20:53,661 [06f45bb0-d367-47cf-8f0c-bcb418e113db@group-03C340C5BF62-FollowerState] INFO  impl.FollowerState (FollowerState.java:run(143)) - 06f45bb0-d367-47cf-8f0c-bcb418e113db@group-03C340C5BF62-FollowerState was interrupted: {}
java.lang.InterruptedException: sleep interrupted
	at java.lang.Thread.sleep(Native Method)
	at java.lang.Thread.sleep(Thread.java:340)
	at java.util.concurrent.TimeUnit.sleep(TimeUnit.java:386)
	at org.apache.ratis.util.TimeDuration.sleep(TimeDuration.java:324)
	at org.apache.ratis.util.TimeDuration.sleep(TimeDuration.java:309)
	at org.apache.ratis.server.impl.FollowerState.run(FollowerState.java:118)
2021-09-08 01:20:53,665 [grpc-default-executor-2] INFO  server.RaftServer$Division (RaftServerImpl.java:requestVote(1075)) - 06f45bb0-d367-47cf-8f0c-bcb418e113db@group-03C340C5BF62 replies to ELECTION vote request: 0845838b-9535-4874-adc8-850f7ac3d0e5<-06f45bb0-d367-47cf-8f0c-bcb418e113db#0:OK-t3. Peer's state: 06f45bb0-d367-47cf-8f0c-bcb418e113db@group-03C340C5BF62:t3, leader=null, voted=0845838b-9535-4874-adc8-850f7ac3d0e5, raftlog=06f45bb0-d367-47cf-8f0c-bcb418e113db@group-03C340C5BF62-SegmentedRaftLog:OPENED:c-1,f-1,i0, conf=-1: [06f45bb0-d367-47cf-8f0c-bcb418e113db|rpc:10.1.0.19:33913|priority:0, 0845838b-9535-4874-adc8-850f7ac3d0e5|rpc:10.1.0.19:37265|priority:0, df659118-86d4-47ae-9076-ad4ead1182cd|rpc:10.1.0.19:41085|priority:1], old=null
2021-09-08 01:20:53,672 [grpc-default-executor-2] INFO  server.RaftServer$Division (RaftServerImpl.java:requestVote(1043)) - df659118-86d4-47ae-9076-ad4ead1182cd@group-03C340C5BF62: receive requestVote(ELECTION, 0845838b-9535-4874-adc8-850f7ac3d0e5, group-03C340C5BF62, 3, (t:0, i:0))
2021-09-08 01:20:53,672 [grpc-default-executor-2] INFO  impl.VoteContext (VoteContext.java:log(48)) - df659118-86d4-47ae-9076-ad4ead1182cd@group-03C340C5BF62-FOLLOWER: reject ELECTION from 0845838b-9535-4874-adc8-850f7ac3d0e5: our priority 1 > candidate's priority 0
2021-09-08 01:20:53,672 [grpc-default-executor-2] INFO  server.RaftServer$Division (RaftServerImpl.java:setRole(285)) - df659118-86d4-47ae-9076-ad4ead1182cd@group-03C340C5BF62: changes role from  FOLLOWER to FOLLOWER at term 3 for candidate:0845838b-9535-4874-adc8-850f7ac3d0e5
2021-09-08 01:20:53,672 [grpc-default-executor-2] INFO  impl.RoleInfo (RoleInfo.java:shutdownFollowerState(108)) - df659118-86d4-47ae-9076-ad4ead1182cd: shutdown df659118-86d4-47ae-9076-ad4ead1182cd@group-03C340C5BF62-FollowerState
2021-09-08 01:20:53,672 [grpc-default-executor-2] INFO  impl.RoleInfo (RoleInfo.java:updateAndGet(130)) - df659118-86d4-47ae-9076-ad4ead1182cd: start df659118-86d4-47ae-9076-ad4ead1182cd@group-03C340C5BF62-FollowerState
2021-09-08 01:20:53,672 [df659118-86d4-47ae-9076-ad4ead1182cd@group-03C340C5BF62-FollowerState] INFO  impl.FollowerState (FollowerState.java:run(143)) - df659118-86d4-47ae-9076-ad4ead1182cd@group-03C340C5BF62-FollowerState was interrupted: {}
java.lang.InterruptedException: sleep interrupted
	at java.lang.Thread.sleep(Native Method)
	at java.lang.Thread.sleep(Thread.java:340)
	at java.util.concurrent.TimeUnit.sleep(TimeUnit.java:386)
	at org.apache.ratis.util.TimeDuration.sleep(TimeDuration.java:324)
	at org.apache.ratis.util.TimeDuration.sleep(TimeDuration.java:309)
	at org.apache.ratis.server.impl.FollowerState.run(FollowerState.java:118)
2021-09-08 01:20:53,678 [grpc-default-executor-2] INFO  server.RaftServer$Division (RaftServerImpl.java:requestVote(1075)) - df659118-86d4-47ae-9076-ad4ead1182cd@group-03C340C5BF62 replies to ELECTION vote request: 0845838b-9535-4874-adc8-850f7ac3d0e5<-df659118-86d4-47ae-9076-ad4ead1182cd#0:FAIL-t3. Peer's state: df659118-86d4-47ae-9076-ad4ead1182cd@group-03C340C5BF62:t3, leader=null, voted=null, raftlog=df659118-86d4-47ae-9076-ad4ead1182cd@group-03C340C5BF62-SegmentedRaftLog:OPENED:c-1,f-1,i0, conf=-1: [06f45bb0-d367-47cf-8f0c-bcb418e113db|rpc:10.1.0.19:33913|dataStream:|priority:0, 0845838b-9535-4874-adc8-850f7ac3d0e5|rpc:10.1.0.19:37265|dataStream:|priority:0, df659118-86d4-47ae-9076-ad4ead1182cd|rpc:10.1.0.19:41085|dataStream:|priority:1], old=null
2021-09-08 01:20:53,679 [0845838b-9535-4874-adc8-850f7ac3d0e5@group-03C340C5BF62-LeaderElection20] INFO  impl.LeaderElection (LeaderElection.java:logAndReturn(89)) - 0845838b-9535-4874-adc8-850f7ac3d0e5@group-03C340C5BF62-LeaderElection20: ELECTION REJECTED received 2 response(s) and 0 exception(s):
2021-09-08 01:20:53,679 [0845838b-9535-4874-adc8-850f7ac3d0e5@group-03C340C5BF62-LeaderElection20] INFO  impl.LeaderElection (LeaderElection.java:logAndReturn(93)) -   Response 0: 0845838b-9535-4874-adc8-850f7ac3d0e5<-06f45bb0-d367-47cf-8f0c-bcb418e113db#0:OK-t3
2021-09-08 01:20:53,679 [0845838b-9535-4874-adc8-850f7ac3d0e5@group-03C340C5BF62-LeaderElection20] INFO  impl.LeaderElection (LeaderElection.java:logAndReturn(93)) -   Response 1: 0845838b-9535-4874-adc8-850f7ac3d0e5<-df659118-86d4-47ae-9076-ad4ead1182cd#0:FAIL-t3
2021-09-08 01:20:53,679 [0845838b-9535-4874-adc8-850f7ac3d0e5@group-03C340C5BF62-LeaderElection20] INFO  impl.LeaderElection (LeaderElection.java:askForVotes(308)) - 0845838b-9535-4874-adc8-850f7ac3d0e5@group-03C340C5BF62-LeaderElection20 ELECTION round 0: result REJECTED
2021-09-08 01:20:53,680 [0845838b-9535-4874-adc8-850f7ac3d0e5@group-03C340C5BF62-LeaderElection20] INFO  server.RaftServer$Division (RaftServerImpl.java:setRole(285)) - 0845838b-9535-4874-adc8-850f7ac3d0e5@group-03C340C5BF62: changes role from CANDIDATE to FOLLOWER at term 3 for REJECTED
2021-09-08 01:20:53,680 [0845838b-9535-4874-adc8-850f7ac3d0e5@group-03C340C5BF62-LeaderElection20] INFO  impl.RoleInfo (RoleInfo.java:shutdownLeaderElection(121)) - 0845838b-9535-4874-adc8-850f7ac3d0e5: shutdown 0845838b-9535-4874-adc8-850f7ac3d0e5@group-03C340C5BF62-LeaderElection20
2021-09-08 01:20:53,680 [0845838b-9535-4874-adc8-850f7ac3d0e5@group-03C340C5BF62-LeaderElection20] INFO  impl.RoleInfo (RoleInfo.java:updateAndGet(130)) - 0845838b-9535-4874-adc8-850f7ac3d0e5: start 0845838b-9535-4874-adc8-850f7ac3d0e5@group-03C340C5BF62-FollowerState
2021-09-08 01:20:54,281 [c4ae24d6-167d-432b-819b-55d2c3b07854@group-BEA90EEC2AFB-FollowerState] INFO  impl.FollowerState (FollowerState.java:run(134)) - c4ae24d6-167d-432b-819b-55d2c3b07854@group-BEA90EEC2AFB-FollowerState: change to CANDIDATE, lastRpcElapsedTime:5007376032ns, electionTimeout:5006ms
2021-09-08 01:20:54,281 [c4ae24d6-167d-432b-819b-55d2c3b07854@group-BEA90EEC2AFB-FollowerState] INFO  impl.RoleInfo (RoleInfo.java:shutdownFollowerState(108)) - c4ae24d6-167d-432b-819b-55d2c3b07854: shutdown c4ae24d6-167d-432b-819b-55d2c3b07854@group-BEA90EEC2AFB-FollowerState
2021-09-08 01:20:54,281 [c4ae24d6-167d-432b-819b-55d2c3b07854@group-BEA90EEC2AFB-FollowerState] INFO  server.RaftServer$Division (RaftServerImpl.java:setRole(285)) - c4ae24d6-167d-432b-819b-55d2c3b07854@group-BEA90EEC2AFB: changes role from  FOLLOWER to CANDIDATE at term 3 for changeToCandidate
2021-09-08 01:20:54,281 [c4ae24d6-167d-432b-819b-55d2c3b07854@group-BEA90EEC2AFB-FollowerState] INFO  server.RaftServerConfigKeys (ConfUtils.java:logGet(44)) - raft.server.leaderelection.pre-vote = false (custom)
2021-09-08 01:20:54,282 [c4ae24d6-167d-432b-819b-55d2c3b07854@group-BEA90EEC2AFB-FollowerState] INFO  impl.RoleInfo (RoleInfo.java:updateAndGet(130)) - c4ae24d6-167d-432b-819b-55d2c3b07854: start c4ae24d6-167d-432b-819b-55d2c3b07854@group-BEA90EEC2AFB-LeaderElection21
2021-09-08 01:20:54,284 [c4ae24d6-167d-432b-819b-55d2c3b07854@group-BEA90EEC2AFB-LeaderElection21] INFO  impl.LeaderElection (LeaderElection.java:askForVotes(306)) - c4ae24d6-167d-432b-819b-55d2c3b07854@group-BEA90EEC2AFB-LeaderElection21 ELECTION round 0: submit vote requests at term 4 for 0: [c4ae24d6-167d-432b-819b-55d2c3b07854|rpc:10.1.0.19:42675|dataStream:|priority:1, e7eadb9e-87f0-44a1-8347-22fb5259c06f|rpc:10.1.0.19:40669|dataStream:|priority:0, a5b729b8-cc77-4510-b256-3db79b728626|rpc:10.1.0.19:41785|dataStream:|priority:0], old=null
2021-09-08 01:20:54,292 [grpc-default-executor-2] INFO  server.RaftServer$Division (RaftServerImpl.java:requestVote(1043)) - e7eadb9e-87f0-44a1-8347-22fb5259c06f@group-BEA90EEC2AFB: receive requestVote(ELECTION, c4ae24d6-167d-432b-819b-55d2c3b07854, group-BEA90EEC2AFB, 4, (t:1, i:0))
2021-09-08 01:20:54,292 [grpc-default-executor-2] INFO  impl.VoteContext (VoteContext.java:log(48)) - e7eadb9e-87f0-44a1-8347-22fb5259c06f@group-BEA90EEC2AFB-FOLLOWER: accept ELECTION from c4ae24d6-167d-432b-819b-55d2c3b07854: our last entry null < candidate's last entry (t:1, i:0)
2021-09-08 01:20:54,292 [grpc-default-executor-2] INFO  server.RaftServer$Division (RaftServerImpl.java:setRole(285)) - e7eadb9e-87f0-44a1-8347-22fb5259c06f@group-BEA90EEC2AFB: changes role from  FOLLOWER to FOLLOWER at term 4 for candidate:c4ae24d6-167d-432b-819b-55d2c3b07854
2021-09-08 01:20:54,292 [grpc-default-executor-2] INFO  impl.RoleInfo (RoleInfo.java:shutdownFollowerState(108)) - e7eadb9e-87f0-44a1-8347-22fb5259c06f: shutdown e7eadb9e-87f0-44a1-8347-22fb5259c06f@group-BEA90EEC2AFB-FollowerState
2021-09-08 01:20:54,292 [grpc-default-executor-2] INFO  impl.RoleInfo (RoleInfo.java:updateAndGet(130)) - e7eadb9e-87f0-44a1-8347-22fb5259c06f: start e7eadb9e-87f0-44a1-8347-22fb5259c06f@group-BEA90EEC2AFB-FollowerState
2021-09-08 01:20:54,293 [e7eadb9e-87f0-44a1-8347-22fb5259c06f@group-BEA90EEC2AFB-FollowerState] INFO  impl.FollowerState (FollowerState.java:run(143)) - e7eadb9e-87f0-44a1-8347-22fb5259c06f@group-BEA90EEC2AFB-FollowerState was interrupted: {}
java.lang.InterruptedException: sleep interrupted
	at java.lang.Thread.sleep(Native Method)
	at java.lang.Thread.sleep(Thread.java:340)
	at java.util.concurrent.TimeUnit.sleep(TimeUnit.java:386)
	at org.apache.ratis.util.TimeDuration.sleep(TimeDuration.java:324)
	at org.apache.ratis.util.TimeDuration.sleep(TimeDuration.java:309)
	at org.apache.ratis.server.impl.FollowerState.run(FollowerState.java:118)
2021-09-08 01:20:54,300 [grpc-default-executor-1] INFO  server.RaftServer$Division (RaftServerImpl.java:requestVote(1043)) - a5b729b8-cc77-4510-b256-3db79b728626@group-BEA90EEC2AFB: receive requestVote(ELECTION, c4ae24d6-167d-432b-819b-55d2c3b07854, group-BEA90EEC2AFB, 4, (t:1, i:0))
2021-09-08 01:20:54,301 [grpc-default-executor-2] INFO  server.RaftServer$Division (RaftServerImpl.java:requestVote(1075)) - e7eadb9e-87f0-44a1-8347-22fb5259c06f@group-BEA90EEC2AFB replies to ELECTION vote request: c4ae24d6-167d-432b-819b-55d2c3b07854<-e7eadb9e-87f0-44a1-8347-22fb5259c06f#0:OK-t4. Peer's state: e7eadb9e-87f0-44a1-8347-22fb5259c06f@group-BEA90EEC2AFB:t4, leader=null, voted=c4ae24d6-167d-432b-819b-55d2c3b07854, raftlog=e7eadb9e-87f0-44a1-8347-22fb5259c06f@group-BEA90EEC2AFB-SegmentedRaftLog:OPENED:c-1,f-1,i0, conf=-1: [c4ae24d6-167d-432b-819b-55d2c3b07854|rpc:10.1.0.19:42675|dataStream:|priority:1, e7eadb9e-87f0-44a1-8347-22fb5259c06f|rpc:10.1.0.19:40669|dataStream:|priority:0, a5b729b8-cc77-4510-b256-3db79b728626|rpc:10.1.0.19:41785|dataStream:|priority:0], old=null
2021-09-08 01:20:54,301 [grpc-default-executor-1] INFO  impl.VoteContext (VoteContext.java:log(48)) - a5b729b8-cc77-4510-b256-3db79b728626@group-BEA90EEC2AFB-FOLLOWER: accept ELECTION from c4ae24d6-167d-432b-819b-55d2c3b07854: our last entry null < candidate's last entry (t:1, i:0)
2021-09-08 01:20:54,301 [grpc-default-executor-1] INFO  server.RaftServer$Division (RaftServerImpl.java:setRole(285)) - a5b729b8-cc77-4510-b256-3db79b728626@group-BEA90EEC2AFB: changes role from  FOLLOWER to FOLLOWER at term 4 for candidate:c4ae24d6-167d-432b-819b-55d2c3b07854
2021-09-08 01:20:54,301 [grpc-default-executor-1] INFO  impl.RoleInfo (RoleInfo.java:shutdownFollowerState(108)) - a5b729b8-cc77-4510-b256-3db79b728626: shutdown a5b729b8-cc77-4510-b256-3db79b728626@group-BEA90EEC2AFB-FollowerState
2021-09-08 01:20:54,301 [grpc-default-executor-1] INFO  impl.RoleInfo (RoleInfo.java:updateAndGet(130)) - a5b729b8-cc77-4510-b256-3db79b728626: start a5b729b8-cc77-4510-b256-3db79b728626@group-BEA90EEC2AFB-FollowerState
2021-09-08 01:20:54,301 [a5b729b8-cc77-4510-b256-3db79b728626@group-BEA90EEC2AFB-FollowerState] INFO  impl.FollowerState (FollowerState.java:run(143)) - a5b729b8-cc77-4510-b256-3db79b728626@group-BEA90EEC2AFB-FollowerState was interrupted: {}
java.lang.InterruptedException: sleep interrupted
	at java.lang.Thread.sleep(Native Method)
	at java.lang.Thread.sleep(Thread.java:340)
	at java.util.concurrent.TimeUnit.sleep(TimeUnit.java:386)
	at org.apache.ratis.util.TimeDuration.sleep(TimeDuration.java:324)
	at org.apache.ratis.util.TimeDuration.sleep(TimeDuration.java:309)
	at org.apache.ratis.server.impl.FollowerState.run(FollowerState.java:118)
2021-09-08 01:20:54,302 [c4ae24d6-167d-432b-819b-55d2c3b07854@group-BEA90EEC2AFB-LeaderElection21] INFO  impl.LeaderElection (LeaderElection.java:logAndReturn(89)) - c4ae24d6-167d-432b-819b-55d2c3b07854@group-BEA90EEC2AFB-LeaderElection21: ELECTION PASSED received 1 response(s) and 0 exception(s):
2021-09-08 01:20:54,302 [c4ae24d6-167d-432b-819b-55d2c3b07854@group-BEA90EEC2AFB-LeaderElection21] INFO  impl.LeaderElection (LeaderElection.java:logAndReturn(93)) -   Response 0: c4ae24d6-167d-432b-819b-55d2c3b07854<-e7eadb9e-87f0-44a1-8347-22fb5259c06f#0:OK-t4
2021-09-08 01:20:54,302 [c4ae24d6-167d-432b-819b-55d2c3b07854@group-BEA90EEC2AFB-LeaderElection21] INFO  impl.LeaderElection (LeaderElection.java:askForVotes(308)) - c4ae24d6-167d-432b-819b-55d2c3b07854@group-BEA90EEC2AFB-LeaderElection21 ELECTION round 0: result PASSED
2021-09-08 01:20:54,302 [c4ae24d6-167d-432b-819b-55d2c3b07854@group-BEA90EEC2AFB-LeaderElection21] INFO  impl.RoleInfo (RoleInfo.java:shutdownLeaderElection(121)) - c4ae24d6-167d-432b-819b-55d2c3b07854: shutdown c4ae24d6-167d-432b-819b-55d2c3b07854@group-BEA90EEC2AFB-LeaderElection21
2021-09-08 01:20:54,302 [c4ae24d6-167d-432b-819b-55d2c3b07854@group-BEA90EEC2AFB-LeaderElection21] INFO  server.RaftServer$Division (RaftServerImpl.java:setRole(285)) - c4ae24d6-167d-432b-819b-55d2c3b07854@group-BEA90EEC2AFB: changes role from CANDIDATE to LEADER at term 4 for changeToLeader
2021-09-08 01:20:54,302 [c4ae24d6-167d-432b-819b-55d2c3b07854@group-BEA90EEC2AFB-LeaderElection21] INFO  ratis.XceiverServerRatis (XceiverServerRatis.java:handleLeaderChangedNotification(861)) - Leader change notification received for group: group-BEA90EEC2AFB with new leaderId: c4ae24d6-167d-432b-819b-55d2c3b07854
2021-09-08 01:20:54,302 [c4ae24d6-167d-432b-819b-55d2c3b07854@group-BEA90EEC2AFB-LeaderElection21] INFO  server.RaftServer$Division (ServerState.java:setLeader(285)) - c4ae24d6-167d-432b-819b-55d2c3b07854@group-BEA90EEC2AFB: change Leader from null to c4ae24d6-167d-432b-819b-55d2c3b07854 at term 4 for becomeLeader, leader elected after 10088ms
2021-09-08 01:20:54,302 [c4ae24d6-167d-432b-819b-55d2c3b07854@group-BEA90EEC2AFB-LeaderElection21] INFO  server.RaftServerConfigKeys (ConfUtils.java:logGet(44)) - raft.server.staging.catchup.gap = 1000 (default)
2021-09-08 01:20:54,303 [c4ae24d6-167d-432b-819b-55d2c3b07854@group-BEA90EEC2AFB-LeaderElection21] INFO  server.RaftServerConfigKeys (ConfUtils.java:logGet(44)) - raft.server.write.element-limit = 1024 (custom)
2021-09-08 01:20:54,303 [c4ae24d6-167d-432b-819b-55d2c3b07854@group-BEA90EEC2AFB-LeaderElection21] INFO  server.RaftServerConfigKeys (ConfUtils.java:logGet(44)) - raft.server.write.byte-limit = 1024 M (=1073741824) (custom)
2021-09-08 01:20:54,303 [c4ae24d6-167d-432b-819b-55d2c3b07854@group-BEA90EEC2AFB-LeaderElection21] INFO  server.RaftServerConfigKeys (ConfUtils.java:logGet(44)) - raft.server.watch.timeout = 3000ms (custom)
2021-09-08 01:20:54,303 [c4ae24d6-167d-432b-819b-55d2c3b07854@group-BEA90EEC2AFB-LeaderElection21] INFO  server.RaftServerConfigKeys (ConfUtils.java:logGet(44)) - raft.server.watch.timeout.denomination = 1s (default)
2021-09-08 01:20:54,303 [c4ae24d6-167d-432b-819b-55d2c3b07854@group-BEA90EEC2AFB-LeaderElection21] INFO  server.RaftServerConfigKeys (ConfUtils.java:logGet(44)) - raft.server.watch.element-limit = 65536 (default)
2021-09-08 01:20:54,303 [c4ae24d6-167d-432b-819b-55d2c3b07854@group-BEA90EEC2AFB-LeaderElection21] INFO  server.RaftServerConfigKeys (ConfUtils.java:logGet(44)) - raft.server.log.appender.snapshot.chunk.size.max = 16MB (=16777216) (default)
2021-09-08 01:20:54,303 [c4ae24d6-167d-432b-819b-55d2c3b07854@group-BEA90EEC2AFB-LeaderElection21] INFO  server.RaftServerConfigKeys (ConfUtils.java:logGet(44)) - raft.server.log.appender.buffer.byte-limit = 33554432 (custom)
2021-09-08 01:20:54,303 [c4ae24d6-167d-432b-819b-55d2c3b07854@group-BEA90EEC2AFB-LeaderElection21] INFO  server.RaftServerConfigKeys (ConfUtils.java:logGet(44)) - raft.server.log.appender.buffer.element-limit = 1 (custom)
2021-09-08 01:20:54,304 [grpc-default-executor-1] INFO  server.RaftServer$Division (RaftServerImpl.java:requestVote(1075)) - a5b729b8-cc77-4510-b256-3db79b728626@group-BEA90EEC2AFB replies to ELECTION vote request: c4ae24d6-167d-432b-819b-55d2c3b07854<-a5b729b8-cc77-4510-b256-3db79b728626#0:OK-t4. Peer's state: a5b729b8-cc77-4510-b256-3db79b728626@group-BEA90EEC2AFB:t4, leader=null, voted=c4ae24d6-167d-432b-819b-55d2c3b07854, raftlog=a5b729b8-cc77-4510-b256-3db79b728626@group-BEA90EEC2AFB-SegmentedRaftLog:OPENED:c-1,f-1,i0, conf=-1: [c4ae24d6-167d-432b-819b-55d2c3b07854|rpc:10.1.0.19:42675|dataStream:|priority:1, e7eadb9e-87f0-44a1-8347-22fb5259c06f|rpc:10.1.0.19:40669|dataStream:|priority:0, a5b729b8-cc77-4510-b256-3db79b728626|rpc:10.1.0.19:41785|dataStream:|priority:0], old=null
2021-09-08 01:20:54,304 [c4ae24d6-167d-432b-819b-55d2c3b07854@group-BEA90EEC2AFB-LeaderElection21] INFO  grpc.GrpcConfigKeys (ConfUtils.java:logGet(44)) - raft.grpc.server.leader.outstanding.appends.max = 128 (default)
2021-09-08 01:20:54,306 [c4ae24d6-167d-432b-819b-55d2c3b07854@group-BEA90EEC2AFB-LeaderElection21] INFO  server.RaftServerConfigKeys (ConfUtils.java:logGet(44)) - raft.server.rpc.request.timeout = 3000ms (default)
2021-09-08 01:20:54,306 [c4ae24d6-167d-432b-819b-55d2c3b07854@group-BEA90EEC2AFB-LeaderElection21] INFO  server.RaftServerConfigKeys (ConfUtils.java:logGet(44)) - raft.server.log.appender.install.snapshot.enabled = false (custom)
2021-09-08 01:20:54,307 [c4ae24d6-167d-432b-819b-55d2c3b07854@group-BEA90EEC2AFB-LeaderElection21] INFO  server.RaftServerConfigKeys (ConfUtils.java:logGet(44)) - raft.server.log.appender.snapshot.chunk.size.max = 16MB (=16777216) (default)
2021-09-08 01:20:54,307 [c4ae24d6-167d-432b-819b-55d2c3b07854@group-BEA90EEC2AFB-LeaderElection21] INFO  server.RaftServerConfigKeys (ConfUtils.java:logGet(44)) - raft.server.log.appender.buffer.byte-limit = 33554432 (custom)
2021-09-08 01:20:54,307 [c4ae24d6-167d-432b-819b-55d2c3b07854@group-BEA90EEC2AFB-LeaderElection21] INFO  server.RaftServerConfigKeys (ConfUtils.java:logGet(44)) - raft.server.log.appender.buffer.element-limit = 1 (custom)
2021-09-08 01:20:54,307 [c4ae24d6-167d-432b-819b-55d2c3b07854@group-BEA90EEC2AFB-LeaderElection21] INFO  grpc.GrpcConfigKeys (ConfUtils.java:logGet(44)) - raft.grpc.server.leader.outstanding.appends.max = 128 (default)
2021-09-08 01:20:54,307 [c4ae24d6-167d-432b-819b-55d2c3b07854@group-BEA90EEC2AFB-LeaderElection21] INFO  server.RaftServerConfigKeys (ConfUtils.java:logGet(44)) - raft.server.rpc.request.timeout = 3000ms (default)
2021-09-08 01:20:54,307 [c4ae24d6-167d-432b-819b-55d2c3b07854@group-BEA90EEC2AFB-LeaderElection21] INFO  server.RaftServerConfigKeys (ConfUtils.java:logGet(44)) - raft.server.log.appender.install.snapshot.enabled = false (custom)
2021-09-08 01:20:54,308 [c4ae24d6-167d-432b-819b-55d2c3b07854@group-BEA90EEC2AFB-LeaderElection21] INFO  impl.RoleInfo (RoleInfo.java:updateAndGet(130)) - c4ae24d6-167d-432b-819b-55d2c3b07854: start c4ae24d6-167d-432b-819b-55d2c3b07854@group-BEA90EEC2AFB-LeaderStateImpl
2021-09-08 01:20:54,312 [c4ae24d6-167d-432b-819b-55d2c3b07854@group-BEA90EEC2AFB-LeaderElection21] INFO  segmented.SegmentedRaftLogWorker (SegmentedRaftLogWorker.java:rollLogSegment(399)) - c4ae24d6-167d-432b-819b-55d2c3b07854@group-BEA90EEC2AFB-SegmentedRaftLogWorker: Rolling segment log-0_0 to index:0
2021-09-08 01:20:54,314 [c4ae24d6-167d-432b-819b-55d2c3b07854@group-BEA90EEC2AFB-SegmentedRaftLogWorker] INFO  segmented.SegmentedRaftLogWorker (SegmentedRaftLogWorker.java:execute(558)) - c4ae24d6-167d-432b-819b-55d2c3b07854@group-BEA90EEC2AFB-SegmentedRaftLogWorker: Rolled log segment from /home/runner/work/ozone/ozone/hadoop-ozone/integration-test/target/test-dir/MiniOzoneClusterImpl-0f12cb01-4002-4394-a01c-5903f1f0237a/datanode-6/data/ratis/98ceae03-debc-4c23-819e-bea90eec2afb/current/log_inprogress_0 to /home/runner/work/ozone/ozone/hadoop-ozone/integration-test/target/test-dir/MiniOzoneClusterImpl-0f12cb01-4002-4394-a01c-5903f1f0237a/datanode-6/data/ratis/98ceae03-debc-4c23-819e-bea90eec2afb/current/log_0-0
2021-09-08 01:20:54,316 [c4ae24d6-167d-432b-819b-55d2c3b07854@group-BEA90EEC2AFB-LeaderElection21] INFO  server.RaftServer$Division (ServerState.java:setRaftConf(387)) - c4ae24d6-167d-432b-819b-55d2c3b07854@group-BEA90EEC2AFB: set configuration 1: [c4ae24d6-167d-432b-819b-55d2c3b07854|rpc:10.1.0.19:42675|dataStream:|priority:1, e7eadb9e-87f0-44a1-8347-22fb5259c06f|rpc:10.1.0.19:40669|dataStream:|priority:0, a5b729b8-cc77-4510-b256-3db79b728626|rpc:10.1.0.19:41785|dataStream:|priority:0], old=null
2021-09-08 01:20:54,316 [c4ae24d6-167d-432b-819b-55d2c3b07854@group-BEA90EEC2AFB-SegmentedRaftLogWorker] INFO  segmented.SegmentedRaftLogWorker (SegmentedRaftLogWorker.java:execute(601)) - c4ae24d6-167d-432b-819b-55d2c3b07854@group-BEA90EEC2AFB-SegmentedRaftLogWorker: created new log segment /home/runner/work/ozone/ozone/hadoop-ozone/integration-test/target/test-dir/MiniOzoneClusterImpl-0f12cb01-4002-4394-a01c-5903f1f0237a/datanode-6/data/ratis/98ceae03-debc-4c23-819e-bea90eec2afb/current/log_inprogress_1
2021-09-08 01:20:54,321 [grpc-default-executor-2] INFO  ratis.XceiverServerRatis (XceiverServerRatis.java:handleLeaderChangedNotification(861)) - Leader change notification received for group: group-BEA90EEC2AFB with new leaderId: c4ae24d6-167d-432b-819b-55d2c3b07854
2021-09-08 01:20:54,322 [grpc-default-executor-2] INFO  server.RaftServer$Division (ServerState.java:setLeader(285)) - a5b729b8-cc77-4510-b256-3db79b728626@group-BEA90EEC2AFB: change Leader from null to c4ae24d6-167d-432b-819b-55d2c3b07854 at term 4 for appendEntries, leader elected after 15186ms
2021-09-08 01:20:54,323 [grpc-default-executor-1] INFO  ratis.XceiverServerRatis (XceiverServerRatis.java:handleLeaderChangedNotification(861)) - Leader change notification received for group: group-BEA90EEC2AFB with new leaderId: c4ae24d6-167d-432b-819b-55d2c3b07854
2021-09-08 01:20:54,323 [grpc-default-executor-1] INFO  server.RaftServer$Division (ServerState.java:setLeader(285)) - e7eadb9e-87f0-44a1-8347-22fb5259c06f@group-BEA90EEC2AFB: change Leader from null to c4ae24d6-167d-432b-819b-55d2c3b07854 at term 4 for appendEntries, leader elected after 15226ms
2021-09-08 01:20:54,323 [grpc-default-executor-1] INFO  server.RaftServer$Division (RaftServerImpl.java:checkInconsistentAppendEntries(1319)) - e7eadb9e-87f0-44a1-8347-22fb5259c06f@group-BEA90EEC2AFB: Failed appendEntries as previous log entry ((t:1, i:0)) is not found
2021-09-08 01:20:54,326 [grpc-default-executor-1] INFO  server.RaftServer$Division (RaftServerImpl.java:checkInconsistentAppendEntries(1285)) - e7eadb9e-87f0-44a1-8347-22fb5259c06f@group-BEA90EEC2AFB: inconsistency entries. Reply:c4ae24d6-167d-432b-819b-55d2c3b07854<-e7eadb9e-87f0-44a1-8347-22fb5259c06f#0:FAIL-t4,INCONSISTENCY,nextIndex=0,followerCommit=-1
2021-09-08 01:20:54,328 [grpc-default-executor-2] INFO  server.RaftServer$Division (RaftServerImpl.java:checkInconsistentAppendEntries(1319)) - a5b729b8-cc77-4510-b256-3db79b728626@group-BEA90EEC2AFB: Failed appendEntries as previous log entry ((t:1, i:0)) is not found
2021-09-08 01:20:54,328 [grpc-default-executor-2] INFO  server.RaftServer$Division (RaftServerImpl.java:checkInconsistentAppendEntries(1285)) - a5b729b8-cc77-4510-b256-3db79b728626@group-BEA90EEC2AFB: inconsistency entries. Reply:c4ae24d6-167d-432b-819b-55d2c3b07854<-a5b729b8-cc77-4510-b256-3db79b728626#0:FAIL-t4,INCONSISTENCY,nextIndex=0,followerCommit=-1
2021-09-08 01:20:54,338 [grpc-default-executor-2] INFO  leader.FollowerInfo (FollowerInfoImpl.java:lambda$new$0(46)) - c4ae24d6-167d-432b-819b-55d2c3b07854@group-BEA90EEC2AFB->e7eadb9e-87f0-44a1-8347-22fb5259c06f: nextIndex: updateUnconditionally 2 -> 0
2021-09-08 01:20:54,340 [grpc-default-executor-2] INFO  server.RaftServer$Division (RaftServerImpl.java:checkInconsistentAppendEntries(1319)) - e7eadb9e-87f0-44a1-8347-22fb5259c06f@group-BEA90EEC2AFB: Failed appendEntries as previous log entry ((t:1, i:0)) is not found
2021-09-08 01:20:54,340 [grpc-default-executor-2] INFO  server.RaftServer$Division (RaftServerImpl.java:checkInconsistentAppendEntries(1285)) - e7eadb9e-87f0-44a1-8347-22fb5259c06f@group-BEA90EEC2AFB: inconsistency entries. Reply:c4ae24d6-167d-432b-819b-55d2c3b07854<-e7eadb9e-87f0-44a1-8347-22fb5259c06f#1:FAIL-t4,INCONSISTENCY,nextIndex=0,followerCommit=-1
2021-09-08 01:20:54,347 [grpc-default-executor-0] INFO  leader.FollowerInfo (FollowerInfoImpl.java:lambda$new$0(46)) - c4ae24d6-167d-432b-819b-55d2c3b07854@group-BEA90EEC2AFB->a5b729b8-cc77-4510-b256-3db79b728626: nextIndex: updateUnconditionally 2 -> 0
2021-09-08 01:20:54,349 [grpc-default-executor-0] INFO  server.RaftServer$Division (RaftServerImpl.java:checkInconsistentAppendEntries(1319)) - a5b729b8-cc77-4510-b256-3db79b728626@group-BEA90EEC2AFB: Failed appendEntries as previous log entry ((t:1, i:0)) is not found
2021-09-08 01:20:54,349 [grpc-default-executor-0] INFO  server.RaftServer$Division (RaftServerImpl.java:checkInconsistentAppendEntries(1285)) - a5b729b8-cc77-4510-b256-3db79b728626@group-BEA90EEC2AFB: inconsistency entries. Reply:c4ae24d6-167d-432b-819b-55d2c3b07854<-a5b729b8-cc77-4510-b256-3db79b728626#1:FAIL-t4,INCONSISTENCY,nextIndex=0,followerCommit=-1
2021-09-08 01:20:54,351 [grpc-default-executor-2] INFO  leader.FollowerInfo (FollowerInfoImpl.java:lambda$new$0(46)) - c4ae24d6-167d-432b-819b-55d2c3b07854@group-BEA90EEC2AFB->a5b729b8-cc77-4510-b256-3db79b728626: nextIndex: updateUnconditionally 2 -> 0
2021-09-08 01:20:54,352 [grpc-default-executor-2] INFO  leader.FollowerInfo (FollowerInfoImpl.java:lambda$new$0(46)) - c4ae24d6-167d-432b-819b-55d2c3b07854@group-BEA90EEC2AFB->e7eadb9e-87f0-44a1-8347-22fb5259c06f: nextIndex: updateUnconditionally 2 -> 0
2021-09-08 01:20:54,360 [grpc-default-executor-1] INFO  server.RaftServer$Division (ServerState.java:setRaftConf(387)) - e7eadb9e-87f0-44a1-8347-22fb5259c06f@group-BEA90EEC2AFB: set configuration 0: [c4ae24d6-167d-432b-819b-55d2c3b07854|rpc:10.1.0.19:42675|dataStream:|priority:1, e7eadb9e-87f0-44a1-8347-22fb5259c06f|rpc:10.1.0.19:40669|dataStream:|priority:0, a5b729b8-cc77-4510-b256-3db79b728626|rpc:10.1.0.19:41785|dataStream:|priority:0], old=null
2021-09-08 01:20:54,360 [grpc-default-executor-0] INFO  server.RaftServer$Division (ServerState.java:setRaftConf(387)) - a5b729b8-cc77-4510-b256-3db79b728626@group-BEA90EEC2AFB: set configuration 0: [c4ae24d6-167d-432b-819b-55d2c3b07854|rpc:10.1.0.19:42675|dataStream:|priority:1, e7eadb9e-87f0-44a1-8347-22fb5259c06f|rpc:10.1.0.19:40669|dataStream:|priority:0, a5b729b8-cc77-4510-b256-3db79b728626|rpc:10.1.0.19:41785|dataStream:|priority:0], old=null
2021-09-08 01:20:54,360 [grpc-default-executor-1] INFO  segmented.SegmentedRaftLogWorker (SegmentedRaftLogWorker.java:startLogSegment(394)) - e7eadb9e-87f0-44a1-8347-22fb5259c06f@group-BEA90EEC2AFB-SegmentedRaftLogWorker: Starting segment from index:0
2021-09-08 01:20:54,362 [grpc-default-executor-0] INFO  segmented.SegmentedRaftLogWorker (SegmentedRaftLogWorker.java:startLogSegment(394)) - a5b729b8-cc77-4510-b256-3db79b728626@group-BEA90EEC2AFB-SegmentedRaftLogWorker: Starting segment from index:0
2021-09-08 01:20:54,363 [grpc-default-executor-1] INFO  server.RaftServer$Division (ServerState.java:setRaftConf(387)) - e7eadb9e-87f0-44a1-8347-22fb5259c06f@group-BEA90EEC2AFB: set configuration 1: [c4ae24d6-167d-432b-819b-55d2c3b07854|rpc:10.1.0.19:42675|dataStream:|priority:1, e7eadb9e-87f0-44a1-8347-22fb5259c06f|rpc:10.1.0.19:40669|dataStream:|priority:0, a5b729b8-cc77-4510-b256-3db79b728626|rpc:10.1.0.19:41785|dataStream:|priority:0], old=null
2021-09-08 01:20:54,363 [grpc-default-executor-1] INFO  segmented.SegmentedRaftLogWorker (SegmentedRaftLogWorker.java:rollLogSegment(399)) - e7eadb9e-87f0-44a1-8347-22fb5259c06f@group-BEA90EEC2AFB-SegmentedRaftLogWorker: Rolling segment log-0_0 to index:0
2021-09-08 01:20:54,364 [grpc-default-executor-0] INFO  server.RaftServer$Division (ServerState.java:setRaftConf(387)) - a5b729b8-cc77-4510-b256-3db79b728626@group-BEA90EEC2AFB: set configuration 1: [c4ae24d6-167d-432b-819b-55d2c3b07854|rpc:10.1.0.19:42675|dataStream:|priority:1, e7eadb9e-87f0-44a1-8347-22fb5259c06f|rpc:10.1.0.19:40669|dataStream:|priority:0, a5b729b8-cc77-4510-b256-3db79b728626|rpc:10.1.0.19:41785|dataStream:|priority:0], old=null
2021-09-08 01:20:54,364 [e7eadb9e-87f0-44a1-8347-22fb5259c06f@group-BEA90EEC2AFB-SegmentedRaftLogWorker] INFO  segmented.SegmentedRaftLogWorker (SegmentedRaftLogWorker.java:execute(601)) - e7eadb9e-87f0-44a1-8347-22fb5259c06f@group-BEA90EEC2AFB-SegmentedRaftLogWorker: created new log segment /home/runner/work/ozone/ozone/hadoop-ozone/integration-test/target/test-dir/MiniOzoneClusterImpl-0f12cb01-4002-4394-a01c-5903f1f0237a/datanode-7/data/ratis/98ceae03-debc-4c23-819e-bea90eec2afb/current/log_inprogress_0
2021-09-08 01:20:54,364 [grpc-default-executor-0] INFO  segmented.SegmentedRaftLogWorker (SegmentedRaftLogWorker.java:rollLogSegment(399)) - a5b729b8-cc77-4510-b256-3db79b728626@group-BEA90EEC2AFB-SegmentedRaftLogWorker: Rolling segment log-0_0 to index:0
2021-09-08 01:20:54,364 [a5b729b8-cc77-4510-b256-3db79b728626@group-BEA90EEC2AFB-SegmentedRaftLogWorker] INFO  segmented.SegmentedRaftLogWorker (SegmentedRaftLogWorker.java:execute(601)) - a5b729b8-cc77-4510-b256-3db79b728626@group-BEA90EEC2AFB-SegmentedRaftLogWorker: created new log segment /home/runner/work/ozone/ozone/hadoop-ozone/integration-test/target/test-dir/MiniOzoneClusterImpl-0f12cb01-4002-4394-a01c-5903f1f0237a/datanode-8/data/ratis/98ceae03-debc-4c23-819e-bea90eec2afb/current/log_inprogress_0
2021-09-08 01:20:54,365 [grpc-default-executor-0] INFO  server.RaftServer$Division (ServerState.java:setRaftConf(387)) - a5b729b8-cc77-4510-b256-3db79b728626@group-BEA90EEC2AFB: set configuration 0: [c4ae24d6-167d-432b-819b-55d2c3b07854|rpc:10.1.0.19:42675|dataStream:|priority:1, e7eadb9e-87f0-44a1-8347-22fb5259c06f|rpc:10.1.0.19:40669|dataStream:|priority:0, a5b729b8-cc77-4510-b256-3db79b728626|rpc:10.1.0.19:41785|dataStream:|priority:0], old=null
2021-09-08 01:20:54,365 [grpc-default-executor-1] INFO  server.RaftServer$Division (ServerState.java:setRaftConf(387)) - e7eadb9e-87f0-44a1-8347-22fb5259c06f@group-BEA90EEC2AFB: set configuration 0: [c4ae24d6-167d-432b-819b-55d2c3b07854|rpc:10.1.0.19:42675|dataStream:|priority:1, e7eadb9e-87f0-44a1-8347-22fb5259c06f|rpc:10.1.0.19:40669|dataStream:|priority:0, a5b729b8-cc77-4510-b256-3db79b728626|rpc:10.1.0.19:41785|dataStream:|priority:0], old=null
2021-09-08 01:20:54,368 [e7eadb9e-87f0-44a1-8347-22fb5259c06f@group-BEA90EEC2AFB-SegmentedRaftLogWorker] INFO  segmented.SegmentedRaftLogWorker (SegmentedRaftLogWorker.java:execute(558)) - e7eadb9e-87f0-44a1-8347-22fb5259c06f@group-BEA90EEC2AFB-SegmentedRaftLogWorker: Rolled log segment from /home/runner/work/ozone/ozone/hadoop-ozone/integration-test/target/test-dir/MiniOzoneClusterImpl-0f12cb01-4002-4394-a01c-5903f1f0237a/datanode-7/data/ratis/98ceae03-debc-4c23-819e-bea90eec2afb/current/log_inprogress_0 to /home/runner/work/ozone/ozone/hadoop-ozone/integration-test/target/test-dir/MiniOzoneClusterImpl-0f12cb01-4002-4394-a01c-5903f1f0237a/datanode-7/data/ratis/98ceae03-debc-4c23-819e-bea90eec2afb/current/log_0-0
2021-09-08 01:20:54,369 [e7eadb9e-87f0-44a1-8347-22fb5259c06f@group-BEA90EEC2AFB-SegmentedRaftLogWorker] INFO  segmented.SegmentedRaftLogWorker (SegmentedRaftLogWorker.java:execute(601)) - e7eadb9e-87f0-44a1-8347-22fb5259c06f@group-BEA90EEC2AFB-SegmentedRaftLogWorker: created new log segment /home/runner/work/ozone/ozone/hadoop-ozone/integration-test/target/test-dir/MiniOzoneClusterImpl-0f12cb01-4002-4394-a01c-5903f1f0237a/datanode-7/data/ratis/98ceae03-debc-4c23-819e-bea90eec2afb/current/log_inprogress_1
2021-09-08 01:20:54,372 [grpc-default-executor-0] INFO  server.RaftServer$Division (ServerState.java:setRaftConf(387)) - a5b729b8-cc77-4510-b256-3db79b728626@group-BEA90EEC2AFB: set configuration 1: [c4ae24d6-167d-432b-819b-55d2c3b07854|rpc:10.1.0.19:42675|dataStream:|priority:1, e7eadb9e-87f0-44a1-8347-22fb5259c06f|rpc:10.1.0.19:40669|dataStream:|priority:0, a5b729b8-cc77-4510-b256-3db79b728626|rpc:10.1.0.19:41785|dataStream:|priority:0], old=null
2021-09-08 01:20:54,374 [a5b729b8-cc77-4510-b256-3db79b728626@group-BEA90EEC2AFB-SegmentedRaftLogWorker] INFO  segmented.SegmentedRaftLogWorker (SegmentedRaftLogWorker.java:execute(558)) - a5b729b8-cc77-4510-b256-3db79b728626@group-BEA90EEC2AFB-SegmentedRaftLogWorker: Rolled log segment from /home/runner/work/ozone/ozone/hadoop-ozone/integration-test/target/test-dir/MiniOzoneClusterImpl-0f12cb01-4002-4394-a01c-5903f1f0237a/datanode-8/data/ratis/98ceae03-debc-4c23-819e-bea90eec2afb/current/log_inprogress_0 to /home/runner/work/ozone/ozone/hadoop-ozone/integration-test/target/test-dir/MiniOzoneClusterImpl-0f12cb01-4002-4394-a01c-5903f1f0237a/datanode-8/data/ratis/98ceae03-debc-4c23-819e-bea90eec2afb/current/log_0-0
2021-09-08 01:20:54,375 [a5b729b8-cc77-4510-b256-3db79b728626@group-BEA90EEC2AFB-SegmentedRaftLogWorker] INFO  segmented.SegmentedRaftLogWorker (SegmentedRaftLogWorker.java:execute(601)) - a5b729b8-cc77-4510-b256-3db79b728626@group-BEA90EEC2AFB-SegmentedRaftLogWorker: created new log segment /home/runner/work/ozone/ozone/hadoop-ozone/integration-test/target/test-dir/MiniOzoneClusterImpl-0f12cb01-4002-4394-a01c-5903f1f0237a/datanode-8/data/ratis/98ceae03-debc-4c23-819e-bea90eec2afb/current/log_inprogress_1
2021-09-08 01:20:54,381 [grpc-default-executor-1] INFO  server.RaftServer$Division (ServerState.java:setRaftConf(387)) - e7eadb9e-87f0-44a1-8347-22fb5259c06f@group-BEA90EEC2AFB: set configuration 1: [c4ae24d6-167d-432b-819b-55d2c3b07854|rpc:10.1.0.19:42675|dataStream:|priority:1, e7eadb9e-87f0-44a1-8347-22fb5259c06f|rpc:10.1.0.19:40669|dataStream:|priority:0, a5b729b8-cc77-4510-b256-3db79b728626|rpc:10.1.0.19:41785|dataStream:|priority:0], old=null
2021-09-08 01:20:55,879 [Listener at 127.0.0.1/40417] WARN  io.KeyOutputStream (KeyOutputStream.java:handleException(318)) - Encountered exception java.io.IOException: Unexpected Storage Container Exception: java.util.concurrent.CompletionException: Failed to write chunk 107544261427200001_chunk_1 into block conID: 1 locID: 107544261427200001 bcsId: 0 on the pipeline Pipeline[ Id: 98ceae03-debc-4c23-819e-bea90eec2afb, Nodes: e7eadb9e-87f0-44a1-8347-22fb5259c06f{ip: 10.1.0.19, host: fv-az396-69.zsjpccerc4sulamragr3v05mvf.jx.internal.cloudapp.net, ports: [REPLICATION=44961, RATIS=40669, RATIS_ADMIN=40669, RATIS_SERVER=40669, STANDALONE=39561], networkLocation: /default-rack, certSerialId: null, persistedOpState: IN_SERVICE, persistedOpStateExpiryEpochSec: 0}a5b729b8-cc77-4510-b256-3db79b728626{ip: 10.1.0.19, host: fv-az396-69.zsjpccerc4sulamragr3v05mvf.jx.internal.cloudapp.net, ports: [REPLICATION=41411, RATIS=41785, RATIS_ADMIN=41785, RATIS_SERVER=41785, STANDALONE=36391], networkLocation: /default-rack, certSerialId: null, persistedOpState: IN_SERVICE, persistedOpStateExpiryEpochSec: 0}c4ae24d6-167d-432b-819b-55d2c3b07854{ip: 10.1.0.19, host: fv-az396-69.zsjpccerc4sulamragr3v05mvf.jx.internal.cloudapp.net, ports: [REPLICATION=45485, RATIS=42675, RATIS_ADMIN=42675, RATIS_SERVER=42675, STANDALONE=45127], networkLocation: /default-rack, certSerialId: null, persistedOpState: IN_SERVICE, persistedOpStateExpiryEpochSec: 0}, ReplicationConfig: RATIS/THREE, State:OPEN, leaderId:c4ae24d6-167d-432b-819b-55d2c3b07854, CreationTimestamp2021-09-08T01:20:36.410Z[Etc/UTC]]. The last committed block length is 0, uncommitted data length is 400 retry count 0
2021-09-08 01:20:56,099 [Datanode State Machine Thread - 0] WARN  statemachine.StateContext (StateContext.java:execute(621)) - No available thread in pool for past 1 seconds.
2021-09-08 01:20:56,100 [Datanode State Machine Thread - 0] WARN  statemachine.StateContext (StateContext.java:execute(621)) - No available thread in pool for past 1 seconds.
2021-09-08 01:20:56,264 [Listener at 127.0.0.1/40417] INFO  ozone.MiniOzoneClusterImpl (MiniOzoneClusterImpl.java:shutdown(453)) - Shutting down the Mini Ozone Cluster
2021-09-08 01:20:56,264 [Listener at 127.0.0.1/40417] INFO  ozone.MiniOzoneClusterImpl (MiniOzoneClusterImpl.java:stop(468)) - Stopping the Mini Ozone Cluster
2021-09-08 01:20:56,265 [Listener at 127.0.0.1/40417] INFO  ozone.MiniOzoneClusterImpl (MiniOzoneClusterImpl.java:stopOM(550)) - Stopping the OzoneManager
2021-09-08 01:20:56,265 [Listener at 127.0.0.1/40417] INFO  om.OzoneManager (OzoneManager.java:stop(1632)) - Stopping Ozone Manager
2021-09-08 01:20:56,265 [Listener at 127.0.0.1/40417] INFO  ipc.Server (Server.java:stop(3414)) - Stopping server on 40417
2021-09-08 01:20:56,268 [IPC Server Responder] INFO  ipc.Server (Server.java:run(1512)) - Stopping IPC Server Responder
2021-09-08 01:20:56,269 [IPC Server listener on 0] INFO  ipc.Server (Server.java:run(1376)) - Stopping IPC Server listener on 0
2021-09-08 01:20:56,269 [Listener at 127.0.0.1/40417] INFO  server.RaftServer (RaftServerProxy.java:lambda$close$6(391)) - om1: close
2021-09-08 01:20:56,271 [Listener at 127.0.0.1/40417] INFO  server.RaftServer$Division (RaftServerImpl.java:lambda$close$4(407)) - om1@group-C5BA1605619E: shutdown
2021-09-08 01:20:56,272 [Listener at 127.0.0.1/40417] INFO  util.JmxRegister (JmxRegister.java:unregister(73)) - Successfully un-registered JMX Bean with object name Ratis:service=RaftServer,group=group-C5BA1605619E,id=om1
2021-09-08 01:20:56,272 [Listener at 127.0.0.1/40417] INFO  impl.RoleInfo (RoleInfo.java:shutdownLeaderState(91)) - om1: shutdown om1@group-C5BA1605619E-LeaderStateImpl
2021-09-08 01:20:56,272 [Listener at 127.0.0.1/40417] INFO  impl.PendingRequests (PendingRequests.java:sendNotLeaderResponses(282)) - om1@group-C5BA1605619E-PendingRequests: sendNotLeaderResponses
2021-09-08 01:20:56,275 [Listener at 127.0.0.1/40417] INFO  impl.StateMachineUpdater (StateMachineUpdater.java:stopAndJoin(149)) - om1@group-C5BA1605619E-StateMachineUpdater: set stopIndex = 8
2021-09-08 01:20:56,275 [om1@group-C5BA1605619E-StateMachineUpdater] INFO  ratis.OzoneManagerStateMachine (OzoneManagerStateMachine.java:takeSnapshot(417)) - Current Snapshot Index (t:1, i:8)
2021-09-08 01:20:56,276 [om1@group-C5BA1605619E-StateMachineUpdater] INFO  impl.StateMachineUpdater (StateMachineUpdater.java:takeSnapshot(281)) - om1@group-C5BA1605619E-StateMachineUpdater: Took a snapshot at index 8
2021-09-08 01:20:56,280 [om1@group-C5BA1605619E-StateMachineUpdater] INFO  impl.StateMachineUpdater (StateMachineUpdater.java:lambda$new$0(89)) - om1@group-C5BA1605619E-StateMachineUpdater: snapshotIndex: updateIncreasingly -1 -> 8
2021-09-08 01:20:56,280 [om1@group-C5BA1605619E-StateMachineUpdater] INFO  ratis.OzoneManagerStateMachine (OzoneManagerStateMachine.java:close(471)) - StateMachine has shutdown. Shutdown OzoneManager if not already shutdown.
2021-09-08 01:20:56,280 [Listener at 127.0.0.1/40417] INFO  server.RaftServer$Division (ServerState.java:close(419)) - om1@group-C5BA1605619E: closes. applyIndex: 8
2021-09-08 01:20:56,281 [om1@group-C5BA1605619E-SegmentedRaftLogWorker] INFO  segmented.SegmentedRaftLogWorker (SegmentedRaftLogWorker.java:run(327)) - om1@group-C5BA1605619E-SegmentedRaftLogWorker was interrupted, exiting. There are 0 tasks remaining in the queue.
2021-09-08 01:20:56,282 [Listener at 127.0.0.1/40417] INFO  segmented.SegmentedRaftLogWorker (SegmentedRaftLogWorker.java:close(237)) - om1@group-C5BA1605619E-SegmentedRaftLogWorker close()
2021-09-08 01:20:56,284 [Listener at 127.0.0.1/40417] INFO  server.GrpcService (GrpcService.java:closeImpl(262)) - om1: shutdown server with port 9872 now
2021-09-08 01:20:56,286 [Listener at 127.0.0.1/40417] INFO  server.GrpcService (GrpcService.java:closeImpl(271)) - om1: shutdown server with port 9872 successfully
2021-09-08 01:20:56,286 [org.apache.ratis.util.JvmPauseMonitor$$Lambda$531/832986589@3ca1a69b] INFO  util.JvmPauseMonitor (JvmPauseMonitor.java:run(109)) - JvmPauseMonitor-om1: Stopped
2021-09-08 01:20:56,286 [Listener at 127.0.0.1/40417] INFO  ratis.OzoneManagerDoubleBuffer (OzoneManagerDoubleBuffer.java:stop(437)) - Stopping OMDoubleBuffer flush thread
2021-09-08 01:20:56,286 [OMDoubleBufferFlushThread] INFO  ratis.OzoneManagerDoubleBuffer (OzoneManagerDoubleBuffer.java:flushTransactions(356)) - OMDoubleBuffer flush thread OMDoubleBufferFlushThread is interrupted and will exit. OMDoubleBufferFlushThread
2021-09-08 01:20:56,287 [Listener at 127.0.0.1/40417] INFO  utils.BackgroundService (BackgroundService.java:shutdown(132)) - Shutting down service KeyDeletingService
2021-09-08 01:20:56,289 [Listener at 127.0.0.1/40417] INFO  handler.ContextHandler (ContextHandler.java:doStop(1153)) - Stopped o.e.j.w.WebAppContext@214faadd{ozoneManager,/,null,STOPPED}{file:/home/runner/work/ozone/ozone/hadoop-ozone/integration-test/target/test-classes/webapps/ozoneManager}
2021-09-08 01:20:56,292 [Listener at 127.0.0.1/40417] INFO  server.AbstractConnector (AbstractConnector.java:doStop(381)) - Stopped ServerConnector@46dc6087{HTTP/1.1, (http/1.1)}{0.0.0.0:0}
2021-09-08 01:20:56,292 [Listener at 127.0.0.1/40417] INFO  server.session (HouseKeeper.java:stopScavenging(149)) - node0 Stopped scavenging
2021-09-08 01:20:56,293 [Listener at 127.0.0.1/40417] INFO  handler.ContextHandler (ContextHandler.java:doStop(1153)) - Stopped o.e.j.s.ServletContextHandler@33e888d4{static,/static,file:///home/runner/work/ozone/ozone/hadoop-ozone/integration-test/target/test-classes/webapps/static,STOPPED}
2021-09-08 01:20:56,293 [Listener at 127.0.0.1/40417] INFO  handler.ContextHandler (ContextHandler.java:doStop(1153)) - Stopped o.e.j.s.ServletContextHandler@55eb9b2c{logs,/logs,file:///home/runner/work/ozone/ozone/hadoop-ozone/integration-test/target/log,STOPPED}
2021-09-08 01:20:56,296 [Listener at 127.0.0.1/40417] INFO  ozone.MiniOzoneClusterImpl (MiniOzoneClusterImpl.java:stopDatanodes(527)) - Stopping the HddsDatanodes
2021-09-08 01:20:58,076 [33731e97-16f6-45e4-8f2a-1dafddc3ee46@group-721745A2736D-FollowerState] INFO  impl.FollowerState (FollowerState.java:run(134)) - 33731e97-16f6-45e4-8f2a-1dafddc3ee46@group-721745A2736D-FollowerState: change to CANDIDATE, lastRpcElapsedTime:5154069704ns, electionTimeout:5153ms
2021-09-08 01:20:58,077 [33731e97-16f6-45e4-8f2a-1dafddc3ee46@group-721745A2736D-FollowerState] INFO  impl.RoleInfo (RoleInfo.java:shutdownFollowerState(108)) - 33731e97-16f6-45e4-8f2a-1dafddc3ee46: shutdown 33731e97-16f6-45e4-8f2a-1dafddc3ee46@group-721745A2736D-FollowerState
2021-09-08 01:20:58,077 [33731e97-16f6-45e4-8f2a-1dafddc3ee46@group-721745A2736D-FollowerState] INFO  server.RaftServer$Division (RaftServerImpl.java:setRole(285)) - 33731e97-16f6-45e4-8f2a-1dafddc3ee46@group-721745A2736D: changes role from  FOLLOWER to CANDIDATE at term 3 for changeToCandidate
2021-09-08 01:20:58,077 [33731e97-16f6-45e4-8f2a-1dafddc3ee46@group-721745A2736D-FollowerState] INFO  server.RaftServerConfigKeys (ConfUtils.java:logGet(44)) - raft.server.leaderelection.pre-vote = false (custom)
2021-09-08 01:20:58,077 [33731e97-16f6-45e4-8f2a-1dafddc3ee46@group-721745A2736D-FollowerState] INFO  impl.RoleInfo (RoleInfo.java:updateAndGet(130)) - 33731e97-16f6-45e4-8f2a-1dafddc3ee46: start 33731e97-16f6-45e4-8f2a-1dafddc3ee46@group-721745A2736D-LeaderElection22
2021-09-08 01:20:58,081 [33731e97-16f6-45e4-8f2a-1dafddc3ee46@group-721745A2736D-LeaderElection22] INFO  impl.LeaderElection (LeaderElection.java:askForVotes(306)) - 33731e97-16f6-45e4-8f2a-1dafddc3ee46@group-721745A2736D-LeaderElection22 ELECTION round 0: submit vote requests at term 4 for -1: [e8664701-17ec-4985-afd3-5de44f4c9c08|rpc:10.1.0.19:41275|dataStream:|priority:0, fff8da42-e543-4611-a72f-bc5e7a371435|rpc:10.1.0.19:33015|dataStream:|priority:0, 33731e97-16f6-45e4-8f2a-1dafddc3ee46|rpc:10.1.0.19:43575|dataStream:|priority:1], old=null
2021-09-08 01:20:58,097 [grpc-default-executor-0] INFO  server.RaftServer$Division (RaftServerImpl.java:requestVote(1043)) - e8664701-17ec-4985-afd3-5de44f4c9c08@group-721745A2736D: receive requestVote(ELECTION, 33731e97-16f6-45e4-8f2a-1dafddc3ee46, group-721745A2736D, 4, (t:0, i:0))
2021-09-08 01:20:58,097 [grpc-default-executor-0] INFO  impl.VoteContext (VoteContext.java:log(48)) - e8664701-17ec-4985-afd3-5de44f4c9c08@group-721745A2736D-FOLLOWER: accept ELECTION from 33731e97-16f6-45e4-8f2a-1dafddc3ee46: our priority 0 <= candidate's priority 1
2021-09-08 01:20:58,097 [grpc-default-executor-0] INFO  server.RaftServer$Division (RaftServerImpl.java:setRole(285)) - e8664701-17ec-4985-afd3-5de44f4c9c08@group-721745A2736D: changes role from  FOLLOWER to FOLLOWER at term 4 for candidate:33731e97-16f6-45e4-8f2a-1dafddc3ee46
2021-09-08 01:20:58,097 [grpc-default-executor-0] INFO  impl.RoleInfo (RoleInfo.java:shutdownFollowerState(108)) - e8664701-17ec-4985-afd3-5de44f4c9c08: shutdown e8664701-17ec-4985-afd3-5de44f4c9c08@group-721745A2736D-FollowerState
2021-09-08 01:20:58,097 [grpc-default-executor-0] INFO  impl.RoleInfo (RoleInfo.java:updateAndGet(130)) - e8664701-17ec-4985-afd3-5de44f4c9c08: start e8664701-17ec-4985-afd3-5de44f4c9c08@group-721745A2736D-FollowerState
2021-09-08 01:20:58,097 [e8664701-17ec-4985-afd3-5de44f4c9c08@group-721745A2736D-FollowerState] INFO  impl.FollowerState (FollowerState.java:run(143)) - e8664701-17ec-4985-afd3-5de44f4c9c08@group-721745A2736D-FollowerState was interrupted: {}
java.lang.InterruptedException: sleep interrupted
	at java.lang.Thread.sleep(Native Method)
	at java.lang.Thread.sleep(Thread.java:340)
	at java.util.concurrent.TimeUnit.sleep(TimeUnit.java:386)
	at org.apache.ratis.util.TimeDuration.sleep(TimeDuration.java:324)
	at org.apache.ratis.util.TimeDuration.sleep(TimeDuration.java:309)
	at org.apache.ratis.server.impl.FollowerState.run(FollowerState.java:118)
2021-09-08 01:20:58,100 [grpc-default-executor-0] INFO  server.RaftServer$Division (RaftServerImpl.java:requestVote(1075)) - e8664701-17ec-4985-afd3-5de44f4c9c08@group-721745A2736D replies to ELECTION vote request: 33731e97-16f6-45e4-8f2a-1dafddc3ee46<-e8664701-17ec-4985-afd3-5de44f4c9c08#0:OK-t4. Peer's state: e8664701-17ec-4985-afd3-5de44f4c9c08@group-721745A2736D:t4, leader=null, voted=33731e97-16f6-45e4-8f2a-1dafddc3ee46, raftlog=e8664701-17ec-4985-afd3-5de44f4c9c08@group-721745A2736D-SegmentedRaftLog:OPENED:c-1,f-1,i0, conf=-1: [e8664701-17ec-4985-afd3-5de44f4c9c08|rpc:10.1.0.19:41275|dataStream:|priority:0, fff8da42-e543-4611-a72f-bc5e7a371435|rpc:10.1.0.19:33015|dataStream:|priority:0, 33731e97-16f6-45e4-8f2a-1dafddc3ee46|rpc:10.1.0.19:43575|dataStream:|priority:1], old=null
2021-09-08 01:20:58,104 [grpc-default-executor-0] INFO  server.RaftServer$Division (RaftServerImpl.java:requestVote(1043)) - fff8da42-e543-4611-a72f-bc5e7a371435@group-721745A2736D: receive requestVote(ELECTION, 33731e97-16f6-45e4-8f2a-1dafddc3ee46, group-721745A2736D, 4, (t:0, i:0))
2021-09-08 01:20:58,104 [grpc-default-executor-0] INFO  impl.VoteContext (VoteContext.java:log(48)) - fff8da42-e543-4611-a72f-bc5e7a371435@group-721745A2736D-FOLLOWER: accept ELECTION from 33731e97-16f6-45e4-8f2a-1dafddc3ee46: our priority 0 <= candidate's priority 1
2021-09-08 01:20:58,104 [grpc-default-executor-0] INFO  server.RaftServer$Division (RaftServerImpl.java:setRole(285)) - fff8da42-e543-4611-a72f-bc5e7a371435@group-721745A2736D: changes role from  FOLLOWER to FOLLOWER at term 4 for candidate:33731e97-16f6-45e4-8f2a-1dafddc3ee46
2021-09-08 01:20:58,104 [grpc-default-executor-0] INFO  impl.RoleInfo (RoleInfo.java:shutdownFollowerState(108)) - fff8da42-e543-4611-a72f-bc5e7a371435: shutdown fff8da42-e543-4611-a72f-bc5e7a371435@group-721745A2736D-FollowerState
2021-09-08 01:20:58,104 [grpc-default-executor-0] INFO  impl.RoleInfo (RoleInfo.java:updateAndGet(130)) - fff8da42-e543-4611-a72f-bc5e7a371435: start fff8da42-e543-4611-a72f-bc5e7a371435@group-721745A2736D-FollowerState
2021-09-08 01:20:58,104 [fff8da42-e543-4611-a72f-bc5e7a371435@group-721745A2736D-FollowerState] INFO  impl.FollowerState (FollowerState.java:run(143)) - fff8da42-e543-4611-a72f-bc5e7a371435@group-721745A2736D-FollowerState was interrupted: {}
java.lang.InterruptedException: sleep interrupted
	at java.lang.Thread.sleep(Native Method)
	at java.lang.Thread.sleep(Thread.java:340)
	at java.util.concurrent.TimeUnit.sleep(TimeUnit.java:386)
	at org.apache.ratis.util.TimeDuration.sleep(TimeDuration.java:324)
	at org.apache.ratis.util.TimeDuration.sleep(TimeDuration.java:309)
	at org.apache.ratis.server.impl.FollowerState.run(FollowerState.java:118)
2021-09-08 01:20:58,112 [33731e97-16f6-45e4-8f2a-1dafddc3ee46@group-721745A2736D-LeaderElection22] INFO  impl.LeaderElection (LeaderElection.java:logAndReturn(89)) - 33731e97-16f6-45e4-8f2a-1dafddc3ee46@group-721745A2736D-LeaderElection22: ELECTION PASSED received 1 response(s) and 0 exception(s):
2021-09-08 01:20:58,112 [33731e97-16f6-45e4-8f2a-1dafddc3ee46@group-721745A2736D-LeaderElection22] INFO  impl.LeaderElection (LeaderElection.java:logAndReturn(93)) -   Response 0: 33731e97-16f6-45e4-8f2a-1dafddc3ee46<-e8664701-17ec-4985-afd3-5de44f4c9c08#0:OK-t4
2021-09-08 01:20:58,112 [grpc-default-executor-0] INFO  server.RaftServer$Division (RaftServerImpl.java:requestVote(1075)) - fff8da42-e543-4611-a72f-bc5e7a371435@group-721745A2736D replies to ELECTION vote request: 33731e97-16f6-45e4-8f2a-1dafddc3ee46<-fff8da42-e543-4611-a72f-bc5e7a371435#0:OK-t4. Peer's state: fff8da42-e543-4611-a72f-bc5e7a371435@group-721745A2736D:t4, leader=null, voted=33731e97-16f6-45e4-8f2a-1dafddc3ee46, raftlog=fff8da42-e543-4611-a72f-bc5e7a371435@group-721745A2736D-SegmentedRaftLog:OPENED:c-1,f-1,i0, conf=-1: [e8664701-17ec-4985-afd3-5de44f4c9c08|rpc:10.1.0.19:41275|priority:0, fff8da42-e543-4611-a72f-bc5e7a371435|rpc:10.1.0.19:33015|priority:0, 33731e97-16f6-45e4-8f2a-1dafddc3ee46|rpc:10.1.0.19:43575|priority:1], old=null
2021-09-08 01:20:58,112 [33731e97-16f6-45e4-8f2a-1dafddc3ee46@group-721745A2736D-LeaderElection22] INFO  impl.LeaderElection (LeaderElection.java:askForVotes(308)) - 33731e97-16f6-45e4-8f2a-1dafddc3ee46@group-721745A2736D-LeaderElection22 ELECTION round 0: result PASSED
2021-09-08 01:20:58,113 [33731e97-16f6-45e4-8f2a-1dafddc3ee46@group-721745A2736D-LeaderElection22] INFO  impl.RoleInfo (RoleInfo.java:shutdownLeaderElection(121)) - 33731e97-16f6-45e4-8f2a-1dafddc3ee46: shutdown 33731e97-16f6-45e4-8f2a-1dafddc3ee46@group-721745A2736D-LeaderElection22
2021-09-08 01:20:58,113 [33731e97-16f6-45e4-8f2a-1dafddc3ee46@group-721745A2736D-LeaderElection22] INFO  server.RaftServer$Division (RaftServerImpl.java:setRole(285)) - 33731e97-16f6-45e4-8f2a-1dafddc3ee46@group-721745A2736D: changes role from CANDIDATE to LEADER at term 4 for changeToLeader
2021-09-08 01:20:58,113 [33731e97-16f6-45e4-8f2a-1dafddc3ee46@group-721745A2736D-LeaderElection22] INFO  ratis.XceiverServerRatis (XceiverServerRatis.java:handleLeaderChangedNotification(861)) - Leader change notification received for group: group-721745A2736D with new leaderId: 33731e97-16f6-45e4-8f2a-1dafddc3ee46
2021-09-08 01:20:58,113 [33731e97-16f6-45e4-8f2a-1dafddc3ee46@group-721745A2736D-LeaderElection22] INFO  server.RaftServer$Division (ServerState.java:setLeader(285)) - 33731e97-16f6-45e4-8f2a-1dafddc3ee46@group-721745A2736D: change Leader from null to 33731e97-16f6-45e4-8f2a-1dafddc3ee46 at term 4 for becomeLeader, leader elected after 20106ms
2021-09-08 01:20:58,113 [33731e97-16f6-45e4-8f2a-1dafddc3ee46@group-721745A2736D-LeaderElection22] INFO  server.RaftServerConfigKeys (ConfUtils.java:logGet(44)) - raft.server.staging.catchup.gap = 1000 (default)
2021-09-08 01:20:58,113 [33731e97-16f6-45e4-8f2a-1dafddc3ee46@group-721745A2736D-LeaderElection22] INFO  server.RaftServerConfigKeys (ConfUtils.java:logGet(44)) - raft.server.write.element-limit = 1024 (custom)
2021-09-08 01:20:58,113 [33731e97-16f6-45e4-8f2a-1dafddc3ee46@group-721745A2736D-LeaderElection22] INFO  server.RaftServerConfigKeys (ConfUtils.java:logGet(44)) - raft.server.write.byte-limit = 1024 M (=1073741824) (custom)
2021-09-08 01:20:58,113 [33731e97-16f6-45e4-8f2a-1dafddc3ee46@group-721745A2736D-LeaderElection22] INFO  server.RaftServerConfigKeys (ConfUtils.java:logGet(44)) - raft.server.watch.timeout = 3000ms (custom)
2021-09-08 01:20:58,113 [33731e97-16f6-45e4-8f2a-1dafddc3ee46@group-721745A2736D-LeaderElection22] INFO  server.RaftServerConfigKeys (ConfUtils.java:logGet(44)) - raft.server.watch.timeout.denomination = 1s (default)
2021-09-08 01:20:58,114 [33731e97-16f6-45e4-8f2a-1dafddc3ee46@group-721745A2736D-LeaderElection22] INFO  server.RaftServerConfigKeys (ConfUtils.java:logGet(44)) - raft.server.watch.element-limit = 65536 (default)
2021-09-08 01:20:58,114 [33731e97-16f6-45e4-8f2a-1dafddc3ee46@group-721745A2736D-LeaderElection22] INFO  server.RaftServerConfigKeys (ConfUtils.java:logGet(44)) - raft.server.log.appender.snapshot.chunk.size.max = 16MB (=16777216) (default)
2021-09-08 01:20:58,114 [33731e97-16f6-45e4-8f2a-1dafddc3ee46@group-721745A2736D-LeaderElection22] INFO  server.RaftServerConfigKeys (ConfUtils.java:logGet(44)) - raft.server.log.appender.buffer.byte-limit = 33554432 (custom)
2021-09-08 01:20:58,114 [33731e97-16f6-45e4-8f2a-1dafddc3ee46@group-721745A2736D-LeaderElection22] INFO  server.RaftServerConfigKeys (ConfUtils.java:logGet(44)) - raft.server.log.appender.buffer.element-limit = 1 (custom)
2021-09-08 01:20:58,114 [33731e97-16f6-45e4-8f2a-1dafddc3ee46@group-721745A2736D-LeaderElection22] INFO  grpc.GrpcConfigKeys (ConfUtils.java:logGet(44)) - raft.grpc.server.leader.outstanding.appends.max = 128 (default)
2021-09-08 01:20:58,114 [33731e97-16f6-45e4-8f2a-1dafddc3ee46@group-721745A2736D-LeaderElection22] INFO  server.RaftServerConfigKeys (ConfUtils.java:logGet(44)) - raft.server.rpc.request.timeout = 3000ms (default)
2021-09-08 01:20:58,114 [33731e97-16f6-45e4-8f2a-1dafddc3ee46@group-721745A2736D-LeaderElection22] INFO  server.RaftServerConfigKeys (ConfUtils.java:logGet(44)) - raft.server.log.appender.install.snapshot.enabled = false (custom)
2021-09-08 01:20:58,115 [33731e97-16f6-45e4-8f2a-1dafddc3ee46@group-721745A2736D-LeaderElection22] INFO  server.RaftServerConfigKeys (ConfUtils.java:logGet(44)) - raft.server.log.appender.snapshot.chunk.size.max = 16MB (=16777216) (default)
2021-09-08 01:20:58,115 [33731e97-16f6-45e4-8f2a-1dafddc3ee46@group-721745A2736D-LeaderElection22] INFO  server.RaftServerConfigKeys (ConfUtils.java:logGet(44)) - raft.server.log.appender.buffer.byte-limit = 33554432 (custom)
2021-09-08 01:20:58,115 [33731e97-16f6-45e4-8f2a-1dafddc3ee46@group-721745A2736D-LeaderElection22] INFO  server.RaftServerConfigKeys (ConfUtils.java:logGet(44)) - raft.server.log.appender.buffer.element-limit = 1 (custom)
2021-09-08 01:20:58,115 [33731e97-16f6-45e4-8f2a-1dafddc3ee46@group-721745A2736D-LeaderElection22] INFO  grpc.GrpcConfigKeys (ConfUtils.java:logGet(44)) - raft.grpc.server.leader.outstanding.appends.max = 128 (default)
2021-09-08 01:20:58,115 [33731e97-16f6-45e4-8f2a-1dafddc3ee46@group-721745A2736D-LeaderElection22] INFO  server.RaftServerConfigKeys (ConfUtils.java:logGet(44)) - raft.server.rpc.request.timeout = 3000ms (default)
2021-09-08 01:20:58,115 [33731e97-16f6-45e4-8f2a-1dafddc3ee46@group-721745A2736D-LeaderElection22] INFO  server.RaftServerConfigKeys (ConfUtils.java:logGet(44)) - raft.server.log.appender.install.snapshot.enabled = false (custom)
2021-09-08 01:20:58,116 [33731e97-16f6-45e4-8f2a-1dafddc3ee46@group-721745A2736D-LeaderElection22] INFO  impl.RoleInfo (RoleInfo.java:updateAndGet(130)) - 33731e97-16f6-45e4-8f2a-1dafddc3ee46: start 33731e97-16f6-45e4-8f2a-1dafddc3ee46@group-721745A2736D-LeaderStateImpl
2021-09-08 01:20:58,116 [33731e97-16f6-45e4-8f2a-1dafddc3ee46@group-721745A2736D-LeaderElection22] INFO  segmented.SegmentedRaftLogWorker (SegmentedRaftLogWorker.java:startLogSegment(394)) - 33731e97-16f6-45e4-8f2a-1dafddc3ee46@group-721745A2736D-SegmentedRaftLogWorker: Starting segment from index:0
2021-09-08 01:20:58,118 [33731e97-16f6-45e4-8f2a-1dafddc3ee46@group-721745A2736D-SegmentedRaftLogWorker] INFO  segmented.SegmentedRaftLogWorker (SegmentedRaftLogWorker.java:execute(601)) - 33731e97-16f6-45e4-8f2a-1dafddc3ee46@group-721745A2736D-SegmentedRaftLogWorker: created new log segment /home/runner/work/ozone/ozone/hadoop-ozone/integration-test/target/test-dir/MiniOzoneClusterImpl-0f12cb01-4002-4394-a01c-5903f1f0237a/datanode-2/data/ratis/0dd8c860-2cb9-4e4d-8e04-721745a2736d/current/log_inprogress_0
2021-09-08 01:20:58,120 [grpc-default-executor-2] INFO  ratis.XceiverServerRatis (XceiverServerRatis.java:handleLeaderChangedNotification(861)) - Leader change notification received for group: group-721745A2736D with new leaderId: 33731e97-16f6-45e4-8f2a-1dafddc3ee46
2021-09-08 01:20:58,120 [grpc-default-executor-2] INFO  server.RaftServer$Division (ServerState.java:setLeader(285)) - e8664701-17ec-4985-afd3-5de44f4c9c08@group-721745A2736D: change Leader from null to 33731e97-16f6-45e4-8f2a-1dafddc3ee46 at term 4 for appendEntries, leader elected after 20210ms
2021-09-08 01:20:58,129 [33731e97-16f6-45e4-8f2a-1dafddc3ee46@group-721745A2736D-LeaderElection22] INFO  server.RaftServer$Division (ServerState.java:setRaftConf(387)) - 33731e97-16f6-45e4-8f2a-1dafddc3ee46@group-721745A2736D: set configuration 0: [e8664701-17ec-4985-afd3-5de44f4c9c08|rpc:10.1.0.19:41275|dataStream:|priority:0, fff8da42-e543-4611-a72f-bc5e7a371435|rpc:10.1.0.19:33015|dataStream:|priority:0, 33731e97-16f6-45e4-8f2a-1dafddc3ee46|rpc:10.1.0.19:43575|dataStream:|priority:1], old=null
2021-09-08 01:20:58,133 [grpc-default-executor-2] INFO  server.RaftServer$Division (ServerState.java:setRaftConf(387)) - e8664701-17ec-4985-afd3-5de44f4c9c08@group-721745A2736D: set configuration 0: [e8664701-17ec-4985-afd3-5de44f4c9c08|rpc:10.1.0.19:41275|dataStream:|priority:0, fff8da42-e543-4611-a72f-bc5e7a371435|rpc:10.1.0.19:33015|dataStream:|priority:0, 33731e97-16f6-45e4-8f2a-1dafddc3ee46|rpc:10.1.0.19:43575|dataStream:|priority:1], old=null
2021-09-08 01:20:58,133 [grpc-default-executor-2] INFO  segmented.SegmentedRaftLogWorker (SegmentedRaftLogWorker.java:startLogSegment(394)) - e8664701-17ec-4985-afd3-5de44f4c9c08@group-721745A2736D-SegmentedRaftLogWorker: Starting segment from index:0
2021-09-08 01:20:58,135 [grpc-default-executor-2] INFO  ratis.XceiverServerRatis (XceiverServerRatis.java:handleLeaderChangedNotification(861)) - Leader change notification received for group: group-721745A2736D with new leaderId: 33731e97-16f6-45e4-8f2a-1dafddc3ee46
2021-09-08 01:20:58,135 [grpc-default-executor-2] INFO  server.RaftServer$Division (ServerState.java:setLeader(285)) - fff8da42-e543-4611-a72f-bc5e7a371435@group-721745A2736D: change Leader from null to 33731e97-16f6-45e4-8f2a-1dafddc3ee46 at term 4 for appendEntries, leader elected after 20666ms
2021-09-08 01:20:58,135 [e8664701-17ec-4985-afd3-5de44f4c9c08@group-721745A2736D-SegmentedRaftLogWorker] INFO  segmented.SegmentedRaftLogWorker (SegmentedRaftLogWorker.java:execute(601)) - e8664701-17ec-4985-afd3-5de44f4c9c08@group-721745A2736D-SegmentedRaftLogWorker: created new log segment /home/runner/work/ozone/ozone/hadoop-ozone/integration-test/target/test-dir/MiniOzoneClusterImpl-0f12cb01-4002-4394-a01c-5903f1f0237a/datanode-1/data/ratis/0dd8c860-2cb9-4e4d-8e04-721745a2736d/current/log_inprogress_0
2021-09-08 01:20:58,142 [grpc-default-executor-2] INFO  server.RaftServer$Division (ServerState.java:setRaftConf(387)) - fff8da42-e543-4611-a72f-bc5e7a371435@group-721745A2736D: set configuration 0: [e8664701-17ec-4985-afd3-5de44f4c9c08|rpc:10.1.0.19:41275|dataStream:|priority:0, fff8da42-e543-4611-a72f-bc5e7a371435|rpc:10.1.0.19:33015|dataStream:|priority:0, 33731e97-16f6-45e4-8f2a-1dafddc3ee46|rpc:10.1.0.19:43575|dataStream:|priority:1], old=null
2021-09-08 01:20:58,142 [grpc-default-executor-2] INFO  segmented.SegmentedRaftLogWorker (SegmentedRaftLogWorker.java:startLogSegment(394)) - fff8da42-e543-4611-a72f-bc5e7a371435@group-721745A2736D-SegmentedRaftLogWorker: Starting segment from index:0
2021-09-08 01:20:58,143 [fff8da42-e543-4611-a72f-bc5e7a371435@group-721745A2736D-SegmentedRaftLogWorker] INFO  segmented.SegmentedRaftLogWorker (SegmentedRaftLogWorker.java:execute(601)) - fff8da42-e543-4611-a72f-bc5e7a371435@group-721745A2736D-SegmentedRaftLogWorker: created new log segment /home/runner/work/ozone/ozone/hadoop-ozone/integration-test/target/test-dir/MiniOzoneClusterImpl-0f12cb01-4002-4394-a01c-5903f1f0237a/datanode-0/data/ratis/0dd8c860-2cb9-4e4d-8e04-721745a2736d/current/log_inprogress_0
2021-09-08 01:20:58,735 [df659118-86d4-47ae-9076-ad4ead1182cd@group-03C340C5BF62-FollowerState] INFO  impl.FollowerState (FollowerState.java:run(134)) - df659118-86d4-47ae-9076-ad4ead1182cd@group-03C340C5BF62-FollowerState: change to CANDIDATE, lastRpcElapsedTime:5062682722ns, electionTimeout:5058ms
2021-09-08 01:20:58,735 [df659118-86d4-47ae-9076-ad4ead1182cd@group-03C340C5BF62-FollowerState] INFO  impl.RoleInfo (RoleInfo.java:shutdownFollowerState(108)) - df659118-86d4-47ae-9076-ad4ead1182cd: shutdown df659118-86d4-47ae-9076-ad4ead1182cd@group-03C340C5BF62-FollowerState
2021-09-08 01:20:58,735 [df659118-86d4-47ae-9076-ad4ead1182cd@group-03C340C5BF62-FollowerState] INFO  server.RaftServer$Division (RaftServerImpl.java:setRole(285)) - df659118-86d4-47ae-9076-ad4ead1182cd@group-03C340C5BF62: changes role from  FOLLOWER to CANDIDATE at term 3 for changeToCandidate
2021-09-08 01:20:58,735 [df659118-86d4-47ae-9076-ad4ead1182cd@group-03C340C5BF62-FollowerState] INFO  server.RaftServerConfigKeys (ConfUtils.java:logGet(44)) - raft.server.leaderelection.pre-vote = false (custom)
2021-09-08 01:20:58,735 [df659118-86d4-47ae-9076-ad4ead1182cd@group-03C340C5BF62-FollowerState] INFO  impl.RoleInfo (RoleInfo.java:updateAndGet(130)) - df659118-86d4-47ae-9076-ad4ead1182cd: start df659118-86d4-47ae-9076-ad4ead1182cd@group-03C340C5BF62-LeaderElection23
2021-09-08 01:20:58,737 [df659118-86d4-47ae-9076-ad4ead1182cd@group-03C340C5BF62-LeaderElection23] INFO  impl.LeaderElection (LeaderElection.java:askForVotes(306)) - df659118-86d4-47ae-9076-ad4ead1182cd@group-03C340C5BF62-LeaderElection23 ELECTION round 0: submit vote requests at term 4 for -1: [06f45bb0-d367-47cf-8f0c-bcb418e113db|rpc:10.1.0.19:33913|dataStream:|priority:0, 0845838b-9535-4874-adc8-850f7ac3d0e5|rpc:10.1.0.19:37265|dataStream:|priority:0, df659118-86d4-47ae-9076-ad4ead1182cd|rpc:10.1.0.19:41085|dataStream:|priority:1], old=null
2021-09-08 01:20:58,743 [grpc-default-executor-2] INFO  server.RaftServer$Division (RaftServerImpl.java:requestVote(1043)) - 06f45bb0-d367-47cf-8f0c-bcb418e113db@group-03C340C5BF62: receive requestVote(ELECTION, df659118-86d4-47ae-9076-ad4ead1182cd, group-03C340C5BF62, 4, (t:0, i:0))
2021-09-08 01:20:58,743 [grpc-default-executor-2] INFO  impl.VoteContext (VoteContext.java:log(48)) - 06f45bb0-d367-47cf-8f0c-bcb418e113db@group-03C340C5BF62-FOLLOWER: accept ELECTION from df659118-86d4-47ae-9076-ad4ead1182cd: our priority 0 <= candidate's priority 1
2021-09-08 01:20:58,743 [grpc-default-executor-2] INFO  server.RaftServer$Division (RaftServerImpl.java:setRole(285)) - 06f45bb0-d367-47cf-8f0c-bcb418e113db@group-03C340C5BF62: changes role from  FOLLOWER to FOLLOWER at term 4 for candidate:df659118-86d4-47ae-9076-ad4ead1182cd
2021-09-08 01:20:58,743 [grpc-default-executor-2] INFO  impl.RoleInfo (RoleInfo.java:shutdownFollowerState(108)) - 06f45bb0-d367-47cf-8f0c-bcb418e113db: shutdown 06f45bb0-d367-47cf-8f0c-bcb418e113db@group-03C340C5BF62-FollowerState
2021-09-08 01:20:58,743 [grpc-default-executor-2] INFO  impl.RoleInfo (RoleInfo.java:updateAndGet(130)) - 06f45bb0-d367-47cf-8f0c-bcb418e113db: start 06f45bb0-d367-47cf-8f0c-bcb418e113db@group-03C340C5BF62-FollowerState
2021-09-08 01:20:58,743 [06f45bb0-d367-47cf-8f0c-bcb418e113db@group-03C340C5BF62-FollowerState] INFO  impl.FollowerState (FollowerState.java:run(143)) - 06f45bb0-d367-47cf-8f0c-bcb418e113db@group-03C340C5BF62-FollowerState was interrupted: {}
java.lang.InterruptedException: sleep interrupted
	at java.lang.Thread.sleep(Native Method)
	at java.lang.Thread.sleep(Thread.java:340)
	at java.util.concurrent.TimeUnit.sleep(TimeUnit.java:386)
	at org.apache.ratis.util.TimeDuration.sleep(TimeDuration.java:324)
	at org.apache.ratis.util.TimeDuration.sleep(TimeDuration.java:309)
	at org.apache.ratis.server.impl.FollowerState.run(FollowerState.java:118)
2021-09-08 01:20:58,750 [grpc-default-executor-2] INFO  server.RaftServer$Division (RaftServerImpl.java:requestVote(1075)) - 06f45bb0-d367-47cf-8f0c-bcb418e113db@group-03C340C5BF62 replies to ELECTION vote request: df659118-86d4-47ae-9076-ad4ead1182cd<-06f45bb0-d367-47cf-8f0c-bcb418e113db#0:OK-t4. Peer's state: 06f45bb0-d367-47cf-8f0c-bcb418e113db@group-03C340C5BF62:t4, leader=null, voted=df659118-86d4-47ae-9076-ad4ead1182cd, raftlog=06f45bb0-d367-47cf-8f0c-bcb418e113db@group-03C340C5BF62-SegmentedRaftLog:OPENED:c-1,f-1,i0, conf=-1: [06f45bb0-d367-47cf-8f0c-bcb418e113db|rpc:10.1.0.19:33913|priority:0, 0845838b-9535-4874-adc8-850f7ac3d0e5|rpc:10.1.0.19:37265|priority:0, df659118-86d4-47ae-9076-ad4ead1182cd|rpc:10.1.0.19:41085|priority:1], old=null
2021-09-08 01:20:58,751 [df659118-86d4-47ae-9076-ad4ead1182cd@group-03C340C5BF62-LeaderElection23] INFO  impl.LeaderElection (LeaderElection.java:logAndReturn(89)) - df659118-86d4-47ae-9076-ad4ead1182cd@group-03C340C5BF62-LeaderElection23: ELECTION PASSED received 1 response(s) and 0 exception(s):
2021-09-08 01:20:58,751 [df659118-86d4-47ae-9076-ad4ead1182cd@group-03C340C5BF62-LeaderElection23] INFO  impl.LeaderElection (LeaderElection.java:logAndReturn(93)) -   Response 0: df659118-86d4-47ae-9076-ad4ead1182cd<-06f45bb0-d367-47cf-8f0c-bcb418e113db#0:OK-t4
2021-09-08 01:20:58,752 [df659118-86d4-47ae-9076-ad4ead1182cd@group-03C340C5BF62-LeaderElection23] INFO  impl.LeaderElection (LeaderElection.java:askForVotes(308)) - df659118-86d4-47ae-9076-ad4ead1182cd@group-03C340C5BF62-LeaderElection23 ELECTION round 0: result PASSED
2021-09-08 01:20:58,752 [df659118-86d4-47ae-9076-ad4ead1182cd@group-03C340C5BF62-LeaderElection23] INFO  impl.RoleInfo (RoleInfo.java:shutdownLeaderElection(121)) - df659118-86d4-47ae-9076-ad4ead1182cd: shutdown df659118-86d4-47ae-9076-ad4ead1182cd@group-03C340C5BF62-LeaderElection23
2021-09-08 01:20:58,752 [df659118-86d4-47ae-9076-ad4ead1182cd@group-03C340C5BF62-LeaderElection23] INFO  server.RaftServer$Division (RaftServerImpl.java:setRole(285)) - df659118-86d4-47ae-9076-ad4ead1182cd@group-03C340C5BF62: changes role from CANDIDATE to LEADER at term 4 for changeToLeader
2021-09-08 01:20:58,752 [df659118-86d4-47ae-9076-ad4ead1182cd@group-03C340C5BF62-LeaderElection23] INFO  ratis.XceiverServerRatis (XceiverServerRatis.java:handleLeaderChangedNotification(861)) - Leader change notification received for group: group-03C340C5BF62 with new leaderId: df659118-86d4-47ae-9076-ad4ead1182cd
2021-09-08 01:20:58,752 [df659118-86d4-47ae-9076-ad4ead1182cd@group-03C340C5BF62-LeaderElection23] INFO  server.RaftServer$Division (ServerState.java:setLeader(285)) - df659118-86d4-47ae-9076-ad4ead1182cd@group-03C340C5BF62: change Leader from null to df659118-86d4-47ae-9076-ad4ead1182cd at term 4 for becomeLeader, leader elected after 20199ms
2021-09-08 01:20:58,752 [df659118-86d4-47ae-9076-ad4ead1182cd@group-03C340C5BF62-LeaderElection23] INFO  server.RaftServerConfigKeys (ConfUtils.java:logGet(44)) - raft.server.staging.catchup.gap = 1000 (default)
2021-09-08 01:20:58,752 [df659118-86d4-47ae-9076-ad4ead1182cd@group-03C340C5BF62-LeaderElection23] INFO  server.RaftServerConfigKeys (ConfUtils.java:logGet(44)) - raft.server.write.element-limit = 1024 (custom)
2021-09-08 01:20:58,752 [df659118-86d4-47ae-9076-ad4ead1182cd@group-03C340C5BF62-LeaderElection23] INFO  server.RaftServerConfigKeys (ConfUtils.java:logGet(44)) - raft.server.write.byte-limit = 1024 M (=1073741824) (custom)
2021-09-08 01:20:58,753 [df659118-86d4-47ae-9076-ad4ead1182cd@group-03C340C5BF62-LeaderElection23] INFO  server.RaftServerConfigKeys (ConfUtils.java:logGet(44)) - raft.server.watch.timeout = 3000ms (custom)
2021-09-08 01:20:58,753 [df659118-86d4-47ae-9076-ad4ead1182cd@group-03C340C5BF62-LeaderElection23] INFO  server.RaftServerConfigKeys (ConfUtils.java:logGet(44)) - raft.server.watch.timeout.denomination = 1s (default)
2021-09-08 01:20:58,753 [df659118-86d4-47ae-9076-ad4ead1182cd@group-03C340C5BF62-LeaderElection23] INFO  server.RaftServerConfigKeys (ConfUtils.java:logGet(44)) - raft.server.watch.element-limit = 65536 (default)
2021-09-08 01:20:58,753 [df659118-86d4-47ae-9076-ad4ead1182cd@group-03C340C5BF62-LeaderElection23] INFO  server.RaftServerConfigKeys (ConfUtils.java:logGet(44)) - raft.server.log.appender.snapshot.chunk.size.max = 16MB (=16777216) (default)
2021-09-08 01:20:58,753 [df659118-86d4-47ae-9076-ad4ead1182cd@group-03C340C5BF62-LeaderElection23] INFO  server.RaftServerConfigKeys (ConfUtils.java:logGet(44)) - raft.server.log.appender.buffer.byte-limit = 33554432 (custom)
2021-09-08 01:20:58,753 [df659118-86d4-47ae-9076-ad4ead1182cd@group-03C340C5BF62-LeaderElection23] INFO  server.RaftServerConfigKeys (ConfUtils.java:logGet(44)) - raft.server.log.appender.buffer.element-limit = 1 (custom)
2021-09-08 01:20:58,753 [df659118-86d4-47ae-9076-ad4ead1182cd@group-03C340C5BF62-LeaderElection23] INFO  grpc.GrpcConfigKeys (ConfUtils.java:logGet(44)) - raft.grpc.server.leader.outstanding.appends.max = 128 (default)
2021-09-08 01:20:58,753 [df659118-86d4-47ae-9076-ad4ead1182cd@group-03C340C5BF62-LeaderElection23] INFO  server.RaftServerConfigKeys (ConfUtils.java:logGet(44)) - raft.server.rpc.request.timeout = 3000ms (default)
2021-09-08 01:20:58,753 [df659118-86d4-47ae-9076-ad4ead1182cd@group-03C340C5BF62-LeaderElection23] INFO  server.RaftServerConfigKeys (ConfUtils.java:logGet(44)) - raft.server.log.appender.install.snapshot.enabled = false (custom)
2021-09-08 01:20:58,754 [df659118-86d4-47ae-9076-ad4ead1182cd@group-03C340C5BF62-LeaderElection23] INFO  server.RaftServerConfigKeys (ConfUtils.java:logGet(44)) - raft.server.log.appender.snapshot.chunk.size.max = 16MB (=16777216) (default)
2021-09-08 01:20:58,755 [df659118-86d4-47ae-9076-ad4ead1182cd@group-03C340C5BF62-LeaderElection23] INFO  server.RaftServerConfigKeys (ConfUtils.java:logGet(44)) - raft.server.log.appender.buffer.byte-limit = 33554432 (custom)
2021-09-08 01:20:58,755 [df659118-86d4-47ae-9076-ad4ead1182cd@group-03C340C5BF62-LeaderElection23] INFO  server.RaftServerConfigKeys (ConfUtils.java:logGet(44)) - raft.server.log.appender.buffer.element-limit = 1 (custom)
2021-09-08 01:20:58,755 [df659118-86d4-47ae-9076-ad4ead1182cd@group-03C340C5BF62-LeaderElection23] INFO  grpc.GrpcConfigKeys (ConfUtils.java:logGet(44)) - raft.grpc.server.leader.outstanding.appends.max = 128 (default)
2021-09-08 01:20:58,755 [df659118-86d4-47ae-9076-ad4ead1182cd@group-03C340C5BF62-LeaderElection23] INFO  server.RaftServerConfigKeys (ConfUtils.java:logGet(44)) - raft.server.rpc.request.timeout = 3000ms (default)
2021-09-08 01:20:58,755 [df659118-86d4-47ae-9076-ad4ead1182cd@group-03C340C5BF62-LeaderElection23] INFO  server.RaftServerConfigKeys (ConfUtils.java:logGet(44)) - raft.server.log.appender.install.snapshot.enabled = false (custom)
2021-09-08 01:20:58,758 [df659118-86d4-47ae-9076-ad4ead1182cd@group-03C340C5BF62-LeaderElection23] INFO  impl.RoleInfo (RoleInfo.java:updateAndGet(130)) - df659118-86d4-47ae-9076-ad4ead1182cd: start df659118-86d4-47ae-9076-ad4ead1182cd@group-03C340C5BF62-LeaderStateImpl
2021-09-08 01:20:58,758 [df659118-86d4-47ae-9076-ad4ead1182cd@group-03C340C5BF62-LeaderElection23] INFO  segmented.SegmentedRaftLogWorker (SegmentedRaftLogWorker.java:startLogSegment(394)) - df659118-86d4-47ae-9076-ad4ead1182cd@group-03C340C5BF62-SegmentedRaftLogWorker: Starting segment from index:0
2021-09-08 01:20:58,759 [df659118-86d4-47ae-9076-ad4ead1182cd@group-03C340C5BF62-SegmentedRaftLogWorker] INFO  segmented.SegmentedRaftLogWorker (SegmentedRaftLogWorker.java:execute(601)) - df659118-86d4-47ae-9076-ad4ead1182cd@group-03C340C5BF62-SegmentedRaftLogWorker: created new log segment /home/runner/work/ozone/ozone/hadoop-ozone/integration-test/target/test-dir/MiniOzoneClusterImpl-0f12cb01-4002-4394-a01c-5903f1f0237a/datanode-4/data/ratis/b549a200-60df-4568-98a3-03c340c5bf62/current/log_inprogress_0
2021-09-08 01:20:58,768 [df659118-86d4-47ae-9076-ad4ead1182cd@group-03C340C5BF62-LeaderElection23] INFO  server.RaftServer$Division (ServerState.java:setRaftConf(387)) - df659118-86d4-47ae-9076-ad4ead1182cd@group-03C340C5BF62: set configuration 0: [06f45bb0-d367-47cf-8f0c-bcb418e113db|rpc:10.1.0.19:33913|dataStream:|priority:0, 0845838b-9535-4874-adc8-850f7ac3d0e5|rpc:10.1.0.19:37265|dataStream:|priority:0, df659118-86d4-47ae-9076-ad4ead1182cd|rpc:10.1.0.19:41085|dataStream:|priority:1], old=null
2021-09-08 01:20:58,771 [grpc-default-executor-0] INFO  ratis.XceiverServerRatis (XceiverServerRatis.java:handleLeaderChangedNotification(861)) - Leader change notification received for group: group-03C340C5BF62 with new leaderId: df659118-86d4-47ae-9076-ad4ead1182cd
2021-09-08 01:20:58,771 [grpc-default-executor-0] INFO  server.RaftServer$Division (ServerState.java:setLeader(285)) - 06f45bb0-d367-47cf-8f0c-bcb418e113db@group-03C340C5BF62: change Leader from null to df659118-86d4-47ae-9076-ad4ead1182cd at term 4 for appendEntries, leader elected after 20293ms
2021-09-08 01:20:58,773 [grpc-default-executor-0] INFO  server.RaftServer$Division (RaftServerImpl.java:requestVote(1043)) - 0845838b-9535-4874-adc8-850f7ac3d0e5@group-03C340C5BF62: receive requestVote(ELECTION, df659118-86d4-47ae-9076-ad4ead1182cd, group-03C340C5BF62, 4, (t:0, i:0))
2021-09-08 01:20:58,773 [grpc-default-executor-0] INFO  impl.VoteContext (VoteContext.java:log(48)) - 0845838b-9535-4874-adc8-850f7ac3d0e5@group-03C340C5BF62-FOLLOWER: accept ELECTION from df659118-86d4-47ae-9076-ad4ead1182cd: our priority 0 <= candidate's priority 1
2021-09-08 01:20:58,773 [grpc-default-executor-0] INFO  server.RaftServer$Division (RaftServerImpl.java:setRole(285)) - 0845838b-9535-4874-adc8-850f7ac3d0e5@group-03C340C5BF62: changes role from  FOLLOWER to FOLLOWER at term 4 for candidate:df659118-86d4-47ae-9076-ad4ead1182cd
2021-09-08 01:20:58,773 [grpc-default-executor-0] INFO  impl.RoleInfo (RoleInfo.java:shutdownFollowerState(108)) - 0845838b-9535-4874-adc8-850f7ac3d0e5: shutdown 0845838b-9535-4874-adc8-850f7ac3d0e5@group-03C340C5BF62-FollowerState
2021-09-08 01:20:58,773 [grpc-default-executor-0] INFO  impl.RoleInfo (RoleInfo.java:updateAndGet(130)) - 0845838b-9535-4874-adc8-850f7ac3d0e5: start 0845838b-9535-4874-adc8-850f7ac3d0e5@group-03C340C5BF62-FollowerState
2021-09-08 01:20:58,775 [0845838b-9535-4874-adc8-850f7ac3d0e5@group-03C340C5BF62-FollowerState] INFO  impl.FollowerState (FollowerState.java:run(143)) - 0845838b-9535-4874-adc8-850f7ac3d0e5@group-03C340C5BF62-FollowerState was interrupted: {}
java.lang.InterruptedException: sleep interrupted
	at java.lang.Thread.sleep(Native Method)
	at java.lang.Thread.sleep(Thread.java:340)
	at java.util.concurrent.TimeUnit.sleep(TimeUnit.java:386)
	at org.apache.ratis.util.TimeDuration.sleep(TimeDuration.java:324)
	at org.apache.ratis.util.TimeDuration.sleep(TimeDuration.java:309)
	at org.apache.ratis.server.impl.FollowerState.run(FollowerState.java:118)
2021-09-08 01:20:58,776 [grpc-default-executor-1] INFO  server.RaftServer$Division (ServerState.java:setRaftConf(387)) - 06f45bb0-d367-47cf-8f0c-bcb418e113db@group-03C340C5BF62: set configuration 0: [06f45bb0-d367-47cf-8f0c-bcb418e113db|rpc:10.1.0.19:33913|dataStream:|priority:0, 0845838b-9535-4874-adc8-850f7ac3d0e5|rpc:10.1.0.19:37265|dataStream:|priority:0, df659118-86d4-47ae-9076-ad4ead1182cd|rpc:10.1.0.19:41085|dataStream:|priority:1], old=null
2021-09-08 01:20:58,777 [grpc-default-executor-1] INFO  segmented.SegmentedRaftLogWorker (SegmentedRaftLogWorker.java:startLogSegment(394)) - 06f45bb0-d367-47cf-8f0c-bcb418e113db@group-03C340C5BF62-SegmentedRaftLogWorker: Starting segment from index:0
2021-09-08 01:20:58,777 [grpc-default-executor-0] INFO  server.RaftServer$Division (RaftServerImpl.java:requestVote(1075)) - 0845838b-9535-4874-adc8-850f7ac3d0e5@group-03C340C5BF62 replies to ELECTION vote request: df659118-86d4-47ae-9076-ad4ead1182cd<-0845838b-9535-4874-adc8-850f7ac3d0e5#0:OK-t4. Peer's state: 0845838b-9535-4874-adc8-850f7ac3d0e5@group-03C340C5BF62:t4, leader=null, voted=df659118-86d4-47ae-9076-ad4ead1182cd, raftlog=0845838b-9535-4874-adc8-850f7ac3d0e5@group-03C340C5BF62-SegmentedRaftLog:OPENED:c-1,f-1,i0, conf=-1: [06f45bb0-d367-47cf-8f0c-bcb418e113db|rpc:10.1.0.19:33913|dataStream:|priority:0, 0845838b-9535-4874-adc8-850f7ac3d0e5|rpc:10.1.0.19:37265|dataStream:|priority:0, df659118-86d4-47ae-9076-ad4ead1182cd|rpc:10.1.0.19:41085|dataStream:|priority:1], old=null
2021-09-08 01:20:58,778 [06f45bb0-d367-47cf-8f0c-bcb418e113db@group-03C340C5BF62-SegmentedRaftLogWorker] INFO  segmented.SegmentedRaftLogWorker (SegmentedRaftLogWorker.java:execute(601)) - 06f45bb0-d367-47cf-8f0c-bcb418e113db@group-03C340C5BF62-SegmentedRaftLogWorker: created new log segment /home/runner/work/ozone/ozone/hadoop-ozone/integration-test/target/test-dir/MiniOzoneClusterImpl-0f12cb01-4002-4394-a01c-5903f1f0237a/datanode-3/data/ratis/b549a200-60df-4568-98a3-03c340c5bf62/current/log_inprogress_0
2021-09-08 01:20:58,792 [grpc-default-executor-3] INFO  ratis.XceiverServerRatis (XceiverServerRatis.java:handleLeaderChangedNotification(861)) - Leader change notification received for group: group-03C340C5BF62 with new leaderId: df659118-86d4-47ae-9076-ad4ead1182cd
2021-09-08 01:20:58,792 [grpc-default-executor-3] INFO  server.RaftServer$Division (ServerState.java:setLeader(285)) - 0845838b-9535-4874-adc8-850f7ac3d0e5@group-03C340C5BF62: change Leader from null to df659118-86d4-47ae-9076-ad4ead1182cd at term 4 for appendEntries, leader elected after 20282ms
2021-09-08 01:20:58,794 [grpc-default-executor-3] INFO  server.RaftServer$Division (ServerState.java:setRaftConf(387)) - 0845838b-9535-4874-adc8-850f7ac3d0e5@group-03C340C5BF62: set configuration 0: [06f45bb0-d367-47cf-8f0c-bcb418e113db|rpc:10.1.0.19:33913|dataStream:|priority:0, 0845838b-9535-4874-adc8-850f7ac3d0e5|rpc:10.1.0.19:37265|dataStream:|priority:0, df659118-86d4-47ae-9076-ad4ead1182cd|rpc:10.1.0.19:41085|dataStream:|priority:1], old=null
2021-09-08 01:20:58,795 [grpc-default-executor-3] INFO  segmented.SegmentedRaftLogWorker (SegmentedRaftLogWorker.java:startLogSegment(394)) - 0845838b-9535-4874-adc8-850f7ac3d0e5@group-03C340C5BF62-SegmentedRaftLogWorker: Starting segment from index:0
2021-09-08 01:20:58,796 [0845838b-9535-4874-adc8-850f7ac3d0e5@group-03C340C5BF62-SegmentedRaftLogWorker] INFO  segmented.SegmentedRaftLogWorker (SegmentedRaftLogWorker.java:execute(601)) - 0845838b-9535-4874-adc8-850f7ac3d0e5@group-03C340C5BF62-SegmentedRaftLogWorker: created new log segment /home/runner/work/ozone/ozone/hadoop-ozone/integration-test/target/test-dir/MiniOzoneClusterImpl-0f12cb01-4002-4394-a01c-5903f1f0237a/datanode-5/data/ratis/b549a200-60df-4568-98a3-03c340c5bf62/current/log_inprogress_0
2021-09-08 01:21:01,297 [ForkJoinPool.commonPool-worker-0] INFO  ozoneimpl.OzoneContainer (OzoneContainer.java:stop(325)) - Attempting to stop container services.
2021-09-08 01:21:01,298 [Listener at 127.0.0.1/40417] INFO  ozoneimpl.OzoneContainer (OzoneContainer.java:stop(325)) - Attempting to stop container services.
2021-09-08 01:21:01,298 [ForkJoinPool.commonPool-worker-0] INFO  server.RaftServer (RaftServerProxy.java:lambda$close$6(391)) - 33731e97-16f6-45e4-8f2a-1dafddc3ee46: close
2021-09-08 01:21:01,298 [ForkJoinPool.commonPool-worker-0] INFO  server.RaftServer$Division (RaftServerImpl.java:lambda$close$4(407)) - 33731e97-16f6-45e4-8f2a-1dafddc3ee46@group-721745A2736D: shutdown
2021-09-08 01:21:01,298 [ForkJoinPool.commonPool-worker-0] INFO  util.JmxRegister (JmxRegister.java:unregister(73)) - Successfully un-registered JMX Bean with object name Ratis:service=RaftServer,group=group-721745A2736D,id=33731e97-16f6-45e4-8f2a-1dafddc3ee46
2021-09-08 01:21:01,299 [ForkJoinPool.commonPool-worker-0] INFO  impl.RoleInfo (RoleInfo.java:shutdownLeaderState(91)) - 33731e97-16f6-45e4-8f2a-1dafddc3ee46: shutdown 33731e97-16f6-45e4-8f2a-1dafddc3ee46@group-721745A2736D-LeaderStateImpl
2021-09-08 01:21:01,299 [ForkJoinPool.commonPool-worker-0] INFO  impl.PendingRequests (PendingRequests.java:sendNotLeaderResponses(282)) - 33731e97-16f6-45e4-8f2a-1dafddc3ee46@group-721745A2736D-PendingRequests: sendNotLeaderResponses
2021-09-08 01:21:01,299 [ForkJoinPool.commonPool-worker-0] INFO  impl.StateMachineUpdater (StateMachineUpdater.java:stopAndJoin(149)) - 33731e97-16f6-45e4-8f2a-1dafddc3ee46@group-721745A2736D-StateMachineUpdater: set stopIndex = 0
2021-09-08 01:21:01,298 [Listener at 127.0.0.1/40417] INFO  server.RaftServer (RaftServerProxy.java:lambda$close$6(391)) - df659118-86d4-47ae-9076-ad4ead1182cd: close
2021-09-08 01:21:01,301 [Listener at 127.0.0.1/40417] INFO  server.RaftServer$Division (RaftServerImpl.java:lambda$close$4(407)) - df659118-86d4-47ae-9076-ad4ead1182cd@group-03C340C5BF62: shutdown
2021-09-08 01:21:01,301 [Listener at 127.0.0.1/40417] INFO  util.JmxRegister (JmxRegister.java:unregister(73)) - Successfully un-registered JMX Bean with object name Ratis:service=RaftServer,group=group-03C340C5BF62,id=df659118-86d4-47ae-9076-ad4ead1182cd
2021-09-08 01:21:01,301 [Listener at 127.0.0.1/40417] INFO  impl.RoleInfo (RoleInfo.java:shutdownLeaderState(91)) - df659118-86d4-47ae-9076-ad4ead1182cd: shutdown df659118-86d4-47ae-9076-ad4ead1182cd@group-03C340C5BF62-LeaderStateImpl
2021-09-08 01:21:01,301 [Listener at 127.0.0.1/40417] INFO  impl.PendingRequests (PendingRequests.java:sendNotLeaderResponses(282)) - df659118-86d4-47ae-9076-ad4ead1182cd@group-03C340C5BF62-PendingRequests: sendNotLeaderResponses
2021-09-08 01:21:01,299 [33731e97-16f6-45e4-8f2a-1dafddc3ee46@group-721745A2736D->fff8da42-e543-4611-a72f-bc5e7a371435-GrpcLogAppender-LogAppenderDaemon] WARN  server.GrpcLogAppender (GrpcLogAppender.java:mayWait(175)) - 33731e97-16f6-45e4-8f2a-1dafddc3ee46@group-721745A2736D->fff8da42-e543-4611-a72f-bc5e7a371435-GrpcLogAppender: Wait interrupted by java.lang.InterruptedException
2021-09-08 01:21:01,302 [Listener at 127.0.0.1/40417] INFO  impl.StateMachineUpdater (StateMachineUpdater.java:stopAndJoin(149)) - df659118-86d4-47ae-9076-ad4ead1182cd@group-03C340C5BF62-StateMachineUpdater: set stopIndex = 0
2021-09-08 01:21:01,302 [df659118-86d4-47ae-9076-ad4ead1182cd@group-03C340C5BF62-StateMachineUpdater] INFO  ratis.ContainerStateMachine (ContainerStateMachine.java:takeSnapshot(292)) - group-03C340C5BF62: Taking a snapshot at:(t:4, i:0) file /home/runner/work/ozone/ozone/hadoop-ozone/integration-test/target/test-dir/MiniOzoneClusterImpl-0f12cb01-4002-4394-a01c-5903f1f0237a/datanode-4/data/ratis/b549a200-60df-4568-98a3-03c340c5bf62/sm/snapshot.4_0
2021-09-08 01:21:01,299 [33731e97-16f6-45e4-8f2a-1dafddc3ee46@group-721745A2736D->e8664701-17ec-4985-afd3-5de44f4c9c08-GrpcLogAppender-LogAppenderDaemon] WARN  server.GrpcLogAppender (GrpcLogAppender.java:mayWait(175)) - 33731e97-16f6-45e4-8f2a-1dafddc3ee46@group-721745A2736D->e8664701-17ec-4985-afd3-5de44f4c9c08-GrpcLogAppender: Wait interrupted by java.lang.InterruptedException
2021-09-08 01:21:01,304 [grpc-default-executor-3] INFO  server.GrpcServerProtocolService (GrpcServerProtocolService.java:onCompleted(140)) - fff8da42-e543-4611-a72f-bc5e7a371435: Completed APPEND_ENTRIES, lastRequest: 33731e97-16f6-45e4-8f2a-1dafddc3ee46->fff8da42-e543-4611-a72f-bc5e7a371435#1-t4,previous=(t:0, i:0),leaderCommit=0,initializing? true,entries: size=1, first=(t:4, i:0), CONFIGURATIONENTRY
2021-09-08 01:21:01,301 [df659118-86d4-47ae-9076-ad4ead1182cd@group-03C340C5BF62->0845838b-9535-4874-adc8-850f7ac3d0e5-GrpcLogAppender-LogAppenderDaemon] WARN  server.GrpcLogAppender (GrpcLogAppender.java:mayWait(175)) - df659118-86d4-47ae-9076-ad4ead1182cd@group-03C340C5BF62->0845838b-9535-4874-adc8-850f7ac3d0e5-GrpcLogAppender: Wait interrupted by java.lang.InterruptedException
2021-09-08 01:21:01,301 [df659118-86d4-47ae-9076-ad4ead1182cd@group-03C340C5BF62->06f45bb0-d367-47cf-8f0c-bcb418e113db-GrpcLogAppender-LogAppenderDaemon] WARN  server.GrpcLogAppender (GrpcLogAppender.java:mayWait(175)) - df659118-86d4-47ae-9076-ad4ead1182cd@group-03C340C5BF62->06f45bb0-d367-47cf-8f0c-bcb418e113db-GrpcLogAppender: Wait interrupted by java.lang.InterruptedException
2021-09-08 01:21:01,301 [33731e97-16f6-45e4-8f2a-1dafddc3ee46@group-721745A2736D-StateMachineUpdater] INFO  ratis.ContainerStateMachine (ContainerStateMachine.java:takeSnapshot(292)) - group-721745A2736D: Taking a snapshot at:(t:4, i:0) file /home/runner/work/ozone/ozone/hadoop-ozone/integration-test/target/test-dir/MiniOzoneClusterImpl-0f12cb01-4002-4394-a01c-5903f1f0237a/datanode-2/data/ratis/0dd8c860-2cb9-4e4d-8e04-721745a2736d/sm/snapshot.4_0
2021-09-08 01:21:01,307 [grpc-default-executor-2] INFO  server.GrpcLogAppender (GrpcLogAppender.java:onCompleted(344)) - 33731e97-16f6-45e4-8f2a-1dafddc3ee46@group-721745A2736D->fff8da42-e543-4611-a72f-bc5e7a371435-AppendLogResponseHandler: follower responses appendEntries COMPLETED
2021-09-08 01:21:01,307 [grpc-default-executor-2] INFO  leader.FollowerInfo (FollowerInfoImpl.java:lambda$new$0(46)) - 33731e97-16f6-45e4-8f2a-1dafddc3ee46@group-721745A2736D->fff8da42-e543-4611-a72f-bc5e7a371435: nextIndex: updateUnconditionally 1 -> 0
2021-09-08 01:21:01,307 [grpc-default-executor-1] INFO  server.GrpcServerProtocolService (GrpcServerProtocolService.java:onCompleted(140)) - 0845838b-9535-4874-adc8-850f7ac3d0e5: Completed APPEND_ENTRIES, lastRequest: df659118-86d4-47ae-9076-ad4ead1182cd->0845838b-9535-4874-adc8-850f7ac3d0e5#1-t4,previous=(t:0, i:0),leaderCommit=0,initializing? true,entries: size=1, first=(t:4, i:0), CONFIGURATIONENTRY
2021-09-08 01:21:01,308 [grpc-default-executor-2] INFO  server.GrpcServerProtocolService (GrpcServerProtocolService.java:onCompleted(140)) - 06f45bb0-d367-47cf-8f0c-bcb418e113db: Completed APPEND_ENTRIES, lastRequest: df659118-86d4-47ae-9076-ad4ead1182cd->06f45bb0-d367-47cf-8f0c-bcb418e113db#1-t4,previous=(t:0, i:0),leaderCommit=-1,initializing? true,entries: size=1, first=(t:4, i:0), CONFIGURATIONENTRY
2021-09-08 01:21:01,308 [grpc-default-executor-0] INFO  server.GrpcServerProtocolService (GrpcServerProtocolService.java:onCompleted(140)) - e8664701-17ec-4985-afd3-5de44f4c9c08: Completed APPEND_ENTRIES, lastRequest: 33731e97-16f6-45e4-8f2a-1dafddc3ee46->e8664701-17ec-4985-afd3-5de44f4c9c08#1-t4,previous=(t:0, i:0),leaderCommit=-1,initializing? true,entries: size=1, first=(t:4, i:0), CONFIGURATIONENTRY
2021-09-08 01:21:01,317 [grpc-default-executor-0] INFO  server.GrpcLogAppender (GrpcLogAppender.java:onCompleted(344)) - df659118-86d4-47ae-9076-ad4ead1182cd@group-03C340C5BF62->06f45bb0-d367-47cf-8f0c-bcb418e113db-AppendLogResponseHandler: follower responses appendEntries COMPLETED
2021-09-08 01:21:01,317 [grpc-default-executor-0] INFO  leader.FollowerInfo (FollowerInfoImpl.java:lambda$new$0(46)) - df659118-86d4-47ae-9076-ad4ead1182cd@group-03C340C5BF62->06f45bb0-d367-47cf-8f0c-bcb418e113db: nextIndex: updateUnconditionally 1 -> 0
2021-09-08 01:21:01,325 [grpc-default-executor-3] INFO  server.GrpcLogAppender (GrpcLogAppender.java:onCompleted(344)) - df659118-86d4-47ae-9076-ad4ead1182cd@group-03C340C5BF62->0845838b-9535-4874-adc8-850f7ac3d0e5-AppendLogResponseHandler: follower responses appendEntries COMPLETED
2021-09-08 01:21:01,325 [grpc-default-executor-4] INFO  server.GrpcLogAppender (GrpcLogAppender.java:onCompleted(344)) - 33731e97-16f6-45e4-8f2a-1dafddc3ee46@group-721745A2736D->e8664701-17ec-4985-afd3-5de44f4c9c08-AppendLogResponseHandler: follower responses appendEntries COMPLETED
2021-09-08 01:21:01,325 [grpc-default-executor-3] INFO  leader.FollowerInfo (FollowerInfoImpl.java:lambda$new$0(46)) - df659118-86d4-47ae-9076-ad4ead1182cd@group-03C340C5BF62->0845838b-9535-4874-adc8-850f7ac3d0e5: nextIndex: updateUnconditionally 1 -> 0
2021-09-08 01:21:01,325 [grpc-default-executor-4] INFO  leader.FollowerInfo (FollowerInfoImpl.java:lambda$new$0(46)) - 33731e97-16f6-45e4-8f2a-1dafddc3ee46@group-721745A2736D->e8664701-17ec-4985-afd3-5de44f4c9c08: nextIndex: updateUnconditionally 1 -> 0
2021-09-08 01:21:01,344 [df659118-86d4-47ae-9076-ad4ead1182cd@group-03C340C5BF62-StateMachineUpdater] INFO  ratis.ContainerStateMachine (ContainerStateMachine.java:takeSnapshot(303)) - group-03C340C5BF62: Finished taking a snapshot at:(t:4, i:0) file:/home/runner/work/ozone/ozone/hadoop-ozone/integration-test/target/test-dir/MiniOzoneClusterImpl-0f12cb01-4002-4394-a01c-5903f1f0237a/datanode-4/data/ratis/b549a200-60df-4568-98a3-03c340c5bf62/sm/snapshot.4_0 took: 42 ms
2021-09-08 01:21:01,346 [df659118-86d4-47ae-9076-ad4ead1182cd@group-03C340C5BF62-StateMachineUpdater] INFO  impl.StateMachineUpdater (StateMachineUpdater.java:takeSnapshot(281)) - df659118-86d4-47ae-9076-ad4ead1182cd@group-03C340C5BF62-StateMachineUpdater: Took a snapshot at index 0
2021-09-08 01:21:01,346 [df659118-86d4-47ae-9076-ad4ead1182cd@group-03C340C5BF62-StateMachineUpdater] INFO  impl.StateMachineUpdater (StateMachineUpdater.java:lambda$new$0(89)) - df659118-86d4-47ae-9076-ad4ead1182cd@group-03C340C5BF62-StateMachineUpdater: snapshotIndex: updateIncreasingly -1 -> 0
2021-09-08 01:21:01,347 [33731e97-16f6-45e4-8f2a-1dafddc3ee46@group-721745A2736D-StateMachineUpdater] INFO  ratis.ContainerStateMachine (ContainerStateMachine.java:takeSnapshot(303)) - group-721745A2736D: Finished taking a snapshot at:(t:4, i:0) file:/home/runner/work/ozone/ozone/hadoop-ozone/integration-test/target/test-dir/MiniOzoneClusterImpl-0f12cb01-4002-4394-a01c-5903f1f0237a/datanode-2/data/ratis/0dd8c860-2cb9-4e4d-8e04-721745a2736d/sm/snapshot.4_0 took: 46 ms
2021-09-08 01:21:01,347 [33731e97-16f6-45e4-8f2a-1dafddc3ee46@group-721745A2736D-StateMachineUpdater] INFO  impl.StateMachineUpdater (StateMachineUpdater.java:takeSnapshot(281)) - 33731e97-16f6-45e4-8f2a-1dafddc3ee46@group-721745A2736D-StateMachineUpdater: Took a snapshot at index 0
2021-09-08 01:21:01,347 [33731e97-16f6-45e4-8f2a-1dafddc3ee46@group-721745A2736D-StateMachineUpdater] INFO  impl.StateMachineUpdater (StateMachineUpdater.java:lambda$new$0(89)) - 33731e97-16f6-45e4-8f2a-1dafddc3ee46@group-721745A2736D-StateMachineUpdater: snapshotIndex: updateIncreasingly -1 -> 0
2021-09-08 01:21:01,351 [Listener at 127.0.0.1/40417] INFO  server.RaftServer$Division (ServerState.java:close(419)) - df659118-86d4-47ae-9076-ad4ead1182cd@group-03C340C5BF62: closes. applyIndex: 0
2021-09-08 01:21:01,351 [df659118-86d4-47ae-9076-ad4ead1182cd@group-03C340C5BF62-SegmentedRaftLogWorker] INFO  segmented.SegmentedRaftLogWorker (SegmentedRaftLogWorker.java:run(327)) - df659118-86d4-47ae-9076-ad4ead1182cd@group-03C340C5BF62-SegmentedRaftLogWorker was interrupted, exiting. There are 0 tasks remaining in the queue.
2021-09-08 01:21:01,352 [Listener at 127.0.0.1/40417] INFO  segmented.SegmentedRaftLogWorker (SegmentedRaftLogWorker.java:close(237)) - df659118-86d4-47ae-9076-ad4ead1182cd@group-03C340C5BF62-SegmentedRaftLogWorker close()
2021-09-08 01:21:01,353 [Listener at 127.0.0.1/40417] INFO  server.RaftServer$Division (RaftServerImpl.java:lambda$close$4(407)) - df659118-86d4-47ae-9076-ad4ead1182cd@group-283A5E7293C4: shutdown
2021-09-08 01:21:01,353 [Listener at 127.0.0.1/40417] INFO  util.JmxRegister (JmxRegister.java:unregister(73)) - Successfully un-registered JMX Bean with object name Ratis:service=RaftServer,group=group-283A5E7293C4,id=df659118-86d4-47ae-9076-ad4ead1182cd
2021-09-08 01:21:01,354 [Listener at 127.0.0.1/40417] INFO  impl.RoleInfo (RoleInfo.java:shutdownLeaderState(91)) - df659118-86d4-47ae-9076-ad4ead1182cd: shutdown df659118-86d4-47ae-9076-ad4ead1182cd@group-283A5E7293C4-LeaderStateImpl
2021-09-08 01:21:01,354 [Listener at 127.0.0.1/40417] INFO  impl.PendingRequests (PendingRequests.java:sendNotLeaderResponses(282)) - df659118-86d4-47ae-9076-ad4ead1182cd@group-283A5E7293C4-PendingRequests: sendNotLeaderResponses
2021-09-08 01:21:01,354 [Listener at 127.0.0.1/40417] INFO  impl.StateMachineUpdater (StateMachineUpdater.java:stopAndJoin(149)) - df659118-86d4-47ae-9076-ad4ead1182cd@group-283A5E7293C4-StateMachineUpdater: set stopIndex = 0
2021-09-08 01:21:01,355 [df659118-86d4-47ae-9076-ad4ead1182cd@group-283A5E7293C4-StateMachineUpdater] INFO  ratis.ContainerStateMachine (ContainerStateMachine.java:takeSnapshot(292)) - group-283A5E7293C4: Taking a snapshot at:(t:1, i:0) file /home/runner/work/ozone/ozone/hadoop-ozone/integration-test/target/test-dir/MiniOzoneClusterImpl-0f12cb01-4002-4394-a01c-5903f1f0237a/datanode-4/data/ratis/b87cf334-1b8d-42ae-86b8-283a5e7293c4/sm/snapshot.1_0
2021-09-08 01:21:01,355 [ForkJoinPool.commonPool-worker-0] INFO  server.RaftServer$Division (ServerState.java:close(419)) - 33731e97-16f6-45e4-8f2a-1dafddc3ee46@group-721745A2736D: closes. applyIndex: 0
2021-09-08 01:21:01,355 [33731e97-16f6-45e4-8f2a-1dafddc3ee46@group-721745A2736D-SegmentedRaftLogWorker] INFO  segmented.SegmentedRaftLogWorker (SegmentedRaftLogWorker.java:run(327)) - 33731e97-16f6-45e4-8f2a-1dafddc3ee46@group-721745A2736D-SegmentedRaftLogWorker was interrupted, exiting. There are 0 tasks remaining in the queue.
2021-09-08 01:21:01,356 [ForkJoinPool.commonPool-worker-0] INFO  segmented.SegmentedRaftLogWorker (SegmentedRaftLogWorker.java:close(237)) - 33731e97-16f6-45e4-8f2a-1dafddc3ee46@group-721745A2736D-SegmentedRaftLogWorker close()
2021-09-08 01:21:01,356 [df659118-86d4-47ae-9076-ad4ead1182cd@group-283A5E7293C4-StateMachineUpdater] INFO  ratis.ContainerStateMachine (ContainerStateMachine.java:takeSnapshot(303)) - group-283A5E7293C4: Finished taking a snapshot at:(t:1, i:0) file:/home/runner/work/ozone/ozone/hadoop-ozone/integration-test/target/test-dir/MiniOzoneClusterImpl-0f12cb01-4002-4394-a01c-5903f1f0237a/datanode-4/data/ratis/b87cf334-1b8d-42ae-86b8-283a5e7293c4/sm/snapshot.1_0 took: 2 ms
2021-09-08 01:21:01,356 [df659118-86d4-47ae-9076-ad4ead1182cd@group-283A5E7293C4-StateMachineUpdater] INFO  impl.StateMachineUpdater (StateMachineUpdater.java:takeSnapshot(281)) - df659118-86d4-47ae-9076-ad4ead1182cd@group-283A5E7293C4-StateMachineUpdater: Took a snapshot at index 0
2021-09-08 01:21:01,356 [df659118-86d4-47ae-9076-ad4ead1182cd@group-283A5E7293C4-StateMachineUpdater] INFO  impl.StateMachineUpdater (StateMachineUpdater.java:lambda$new$0(89)) - df659118-86d4-47ae-9076-ad4ead1182cd@group-283A5E7293C4-StateMachineUpdater: snapshotIndex: updateIncreasingly -1 -> 0
2021-09-08 01:21:01,357 [Listener at 127.0.0.1/40417] INFO  server.RaftServer$Division (ServerState.java:close(419)) - df659118-86d4-47ae-9076-ad4ead1182cd@group-283A5E7293C4: closes. applyIndex: 0
2021-09-08 01:21:01,357 [df659118-86d4-47ae-9076-ad4ead1182cd@group-283A5E7293C4-SegmentedRaftLogWorker] INFO  segmented.SegmentedRaftLogWorker (SegmentedRaftLogWorker.java:run(327)) - df659118-86d4-47ae-9076-ad4ead1182cd@group-283A5E7293C4-SegmentedRaftLogWorker was interrupted, exiting. There are 0 tasks remaining in the queue.
2021-09-08 01:21:01,358 [ForkJoinPool.commonPool-worker-0] INFO  server.RaftServer$Division (RaftServerImpl.java:lambda$close$4(407)) - 33731e97-16f6-45e4-8f2a-1dafddc3ee46@group-E87320B4B532: shutdown
2021-09-08 01:21:01,358 [ForkJoinPool.commonPool-worker-0] INFO  util.JmxRegister (JmxRegister.java:unregister(73)) - Successfully un-registered JMX Bean with object name Ratis:service=RaftServer,group=group-E87320B4B532,id=33731e97-16f6-45e4-8f2a-1dafddc3ee46
2021-09-08 01:21:01,358 [ForkJoinPool.commonPool-worker-0] INFO  impl.RoleInfo (RoleInfo.java:shutdownLeaderState(91)) - 33731e97-16f6-45e4-8f2a-1dafddc3ee46: shutdown 33731e97-16f6-45e4-8f2a-1dafddc3ee46@group-E87320B4B532-LeaderStateImpl
2021-09-08 01:21:01,358 [ForkJoinPool.commonPool-worker-0] INFO  impl.PendingRequests (PendingRequests.java:sendNotLeaderResponses(282)) - 33731e97-16f6-45e4-8f2a-1dafddc3ee46@group-E87320B4B532-PendingRequests: sendNotLeaderResponses
2021-09-08 01:21:01,359 [Listener at 127.0.0.1/40417] INFO  segmented.SegmentedRaftLogWorker (SegmentedRaftLogWorker.java:close(237)) - df659118-86d4-47ae-9076-ad4ead1182cd@group-283A5E7293C4-SegmentedRaftLogWorker close()
2021-09-08 01:21:01,360 [ForkJoinPool.commonPool-worker-0] INFO  impl.StateMachineUpdater (StateMachineUpdater.java:stopAndJoin(149)) - 33731e97-16f6-45e4-8f2a-1dafddc3ee46@group-E87320B4B532-StateMachineUpdater: set stopIndex = 0
2021-09-08 01:21:01,360 [33731e97-16f6-45e4-8f2a-1dafddc3ee46@group-E87320B4B532-StateMachineUpdater] INFO  ratis.ContainerStateMachine (ContainerStateMachine.java:takeSnapshot(292)) - group-E87320B4B532: Taking a snapshot at:(t:1, i:0) file /home/runner/work/ozone/ozone/hadoop-ozone/integration-test/target/test-dir/MiniOzoneClusterImpl-0f12cb01-4002-4394-a01c-5903f1f0237a/datanode-2/data/ratis/eec28ec3-c5c6-45b7-ac81-e87320b4b532/sm/snapshot.1_0
2021-09-08 01:21:01,361 [Listener at 127.0.0.1/40417] INFO  server.GrpcService (GrpcService.java:closeImpl(262)) - df659118-86d4-47ae-9076-ad4ead1182cd: shutdown server with port 41085 now
2021-09-08 01:21:01,361 [33731e97-16f6-45e4-8f2a-1dafddc3ee46@group-E87320B4B532-StateMachineUpdater] INFO  ratis.ContainerStateMachine (ContainerStateMachine.java:takeSnapshot(303)) - group-E87320B4B532: Finished taking a snapshot at:(t:1, i:0) file:/home/runner/work/ozone/ozone/hadoop-ozone/integration-test/target/test-dir/MiniOzoneClusterImpl-0f12cb01-4002-4394-a01c-5903f1f0237a/datanode-2/data/ratis/eec28ec3-c5c6-45b7-ac81-e87320b4b532/sm/snapshot.1_0 took: 2 ms
2021-09-08 01:21:01,361 [33731e97-16f6-45e4-8f2a-1dafddc3ee46@group-E87320B4B532-StateMachineUpdater] INFO  impl.StateMachineUpdater (StateMachineUpdater.java:takeSnapshot(281)) - 33731e97-16f6-45e4-8f2a-1dafddc3ee46@group-E87320B4B532-StateMachineUpdater: Took a snapshot at index 0
2021-09-08 01:21:01,361 [33731e97-16f6-45e4-8f2a-1dafddc3ee46@group-E87320B4B532-StateMachineUpdater] INFO  impl.StateMachineUpdater (StateMachineUpdater.java:lambda$new$0(89)) - 33731e97-16f6-45e4-8f2a-1dafddc3ee46@group-E87320B4B532-StateMachineUpdater: snapshotIndex: updateIncreasingly -1 -> 0
2021-09-08 01:21:01,362 [ForkJoinPool.commonPool-worker-0] INFO  server.RaftServer$Division (ServerState.java:close(419)) - 33731e97-16f6-45e4-8f2a-1dafddc3ee46@group-E87320B4B532: closes. applyIndex: 0
2021-09-08 01:21:01,362 [33731e97-16f6-45e4-8f2a-1dafddc3ee46@group-E87320B4B532-SegmentedRaftLogWorker] INFO  segmented.SegmentedRaftLogWorker (SegmentedRaftLogWorker.java:run(327)) - 33731e97-16f6-45e4-8f2a-1dafddc3ee46@group-E87320B4B532-SegmentedRaftLogWorker was interrupted, exiting. There are 0 tasks remaining in the queue.
2021-09-08 01:21:01,363 [ForkJoinPool.commonPool-worker-0] INFO  segmented.SegmentedRaftLogWorker (SegmentedRaftLogWorker.java:close(237)) - 33731e97-16f6-45e4-8f2a-1dafddc3ee46@group-E87320B4B532-SegmentedRaftLogWorker close()
2021-09-08 01:21:01,368 [ForkJoinPool.commonPool-worker-0] INFO  server.GrpcService (GrpcService.java:closeImpl(262)) - 33731e97-16f6-45e4-8f2a-1dafddc3ee46: shutdown server with port 43575 now
2021-09-08 01:21:01,373 [ForkJoinPool.commonPool-worker-0] INFO  server.GrpcService (GrpcService.java:closeImpl(271)) - 33731e97-16f6-45e4-8f2a-1dafddc3ee46: shutdown server with port 43575 successfully
2021-09-08 01:21:01,373 [org.apache.ratis.util.JvmPauseMonitor$$Lambda$531/832986589@4f983d9e] INFO  util.JvmPauseMonitor (JvmPauseMonitor.java:run(109)) - JvmPauseMonitor-33731e97-16f6-45e4-8f2a-1dafddc3ee46: Stopped
2021-09-08 01:21:01,374 [Listener at 127.0.0.1/40417] INFO  server.GrpcService (GrpcService.java:closeImpl(271)) - df659118-86d4-47ae-9076-ad4ead1182cd: shutdown server with port 41085 successfully
2021-09-08 01:21:01,375 [org.apache.ratis.util.JvmPauseMonitor$$Lambda$531/832986589@7dafc8dc] INFO  util.JvmPauseMonitor (JvmPauseMonitor.java:run(109)) - JvmPauseMonitor-df659118-86d4-47ae-9076-ad4ead1182cd: Stopped
2021-09-08 01:21:01,375 [Listener at 127.0.0.1/40417] INFO  utils.BackgroundService (BackgroundService.java:shutdown(132)) - Shutting down service BlockDeletingService
2021-09-08 01:21:01,378 [ForkJoinPool.commonPool-worker-0] INFO  utils.BackgroundService (BackgroundService.java:shutdown(132)) - Shutting down service BlockDeletingService
2021-09-08 01:21:04,378 [Listener at 127.0.0.1/40417] INFO  statemachine.DatanodeStateMachine (DatanodeStateMachine.java:stopDaemon(515)) - Ozone container server stopped.
2021-09-08 01:21:04,379 [Listener at 127.0.0.1/40417] INFO  handler.ContextHandler (ContextHandler.java:doStop(1153)) - Stopped o.e.j.w.WebAppContext@111d4b1c{hddsDatanode,/,null,STOPPED}{jar:file:/home/runner/.m2/repository/org/apache/ozone/hdds-container-service/1.2.0-SNAPSHOT/hdds-container-service-1.2.0-SNAPSHOT.jar!/webapps/hddsDatanode}
2021-09-08 01:21:04,380 [Listener at 127.0.0.1/40417] INFO  server.AbstractConnector (AbstractConnector.java:doStop(381)) - Stopped ServerConnector@2f499565{HTTP/1.1, (http/1.1)}{0.0.0.0:0}
2021-09-08 01:21:04,380 [Listener at 127.0.0.1/40417] INFO  server.session (HouseKeeper.java:stopScavenging(149)) - node0 Stopped scavenging
2021-09-08 01:21:04,381 [Listener at 127.0.0.1/40417] INFO  handler.ContextHandler (ContextHandler.java:doStop(1153)) - Stopped o.e.j.s.ServletContextHandler@622031f8{static,/static,jar:file:/home/runner/.m2/repository/org/apache/ozone/hdds-container-service/1.2.0-SNAPSHOT/hdds-container-service-1.2.0-SNAPSHOT.jar!/webapps/static,STOPPED}
2021-09-08 01:21:04,381 [Listener at 127.0.0.1/40417] INFO  handler.ContextHandler (ContextHandler.java:doStop(1153)) - Stopped o.e.j.s.ServletContextHandler@5b3eb1dd{logs,/logs,file:///home/runner/work/ozone/ozone/hadoop-ozone/integration-test/target/log,STOPPED}
2021-09-08 01:21:04,397 [ForkJoinPool.commonPool-worker-0] INFO  statemachine.DatanodeStateMachine (DatanodeStateMachine.java:stopDaemon(515)) - Ozone container server stopped.
2021-09-08 01:21:04,401 [ForkJoinPool.commonPool-worker-0] INFO  handler.ContextHandler (ContextHandler.java:doStop(1153)) - Stopped o.e.j.w.WebAppContext@5bd5ace9{hddsDatanode,/,null,STOPPED}{jar:file:/home/runner/.m2/repository/org/apache/ozone/hdds-container-service/1.2.0-SNAPSHOT/hdds-container-service-1.2.0-SNAPSHOT.jar!/webapps/hddsDatanode}
2021-09-08 01:21:04,401 [ForkJoinPool.commonPool-worker-0] INFO  server.AbstractConnector (AbstractConnector.java:doStop(381)) - Stopped ServerConnector@52d48643{HTTP/1.1, (http/1.1)}{0.0.0.0:0}
2021-09-08 01:21:04,401 [ForkJoinPool.commonPool-worker-0] INFO  server.session (HouseKeeper.java:stopScavenging(149)) - node0 Stopped scavenging
2021-09-08 01:21:04,402 [ForkJoinPool.commonPool-worker-0] INFO  handler.ContextHandler (ContextHandler.java:doStop(1153)) - Stopped o.e.j.s.ServletContextHandler@54ba8e11{static,/static,jar:file:/home/runner/.m2/repository/org/apache/ozone/hdds-container-service/1.2.0-SNAPSHOT/hdds-container-service-1.2.0-SNAPSHOT.jar!/webapps/static,STOPPED}
2021-09-08 01:21:04,403 [ForkJoinPool.commonPool-worker-0] INFO  handler.ContextHandler (ContextHandler.java:doStop(1153)) - Stopped o.e.j.s.ServletContextHandler@c038839{logs,/logs,file:///home/runner/work/ozone/ozone/hadoop-ozone/integration-test/target/log,STOPPED}
2021-09-08 01:21:08,252 [fff8da42-e543-4611-a72f-bc5e7a371435@group-721745A2736D-FollowerState] INFO  impl.FollowerState (FollowerState.java:run(134)) - fff8da42-e543-4611-a72f-bc5e7a371435@group-721745A2736D-FollowerState: change to CANDIDATE, lastRpcElapsedTime:7600893872ns, electionTimeout:5060ms
2021-09-08 01:21:08,252 [fff8da42-e543-4611-a72f-bc5e7a371435@group-721745A2736D-FollowerState] INFO  impl.RoleInfo (RoleInfo.java:shutdownFollowerState(108)) - fff8da42-e543-4611-a72f-bc5e7a371435: shutdown fff8da42-e543-4611-a72f-bc5e7a371435@group-721745A2736D-FollowerState
2021-09-08 01:21:08,252 [fff8da42-e543-4611-a72f-bc5e7a371435@group-721745A2736D-FollowerState] INFO  server.RaftServer$Division (RaftServerImpl.java:setRole(285)) - fff8da42-e543-4611-a72f-bc5e7a371435@group-721745A2736D: changes role from  FOLLOWER to CANDIDATE at term 4 for changeToCandidate
2021-09-08 01:21:08,252 [fff8da42-e543-4611-a72f-bc5e7a371435@group-721745A2736D-FollowerState] INFO  server.RaftServerConfigKeys (ConfUtils.java:logGet(44)) - raft.server.leaderelection.pre-vote = false (custom)
2021-09-08 01:21:08,252 [fff8da42-e543-4611-a72f-bc5e7a371435@group-721745A2736D-FollowerState] INFO  impl.RoleInfo (RoleInfo.java:updateAndGet(130)) - fff8da42-e543-4611-a72f-bc5e7a371435: start fff8da42-e543-4611-a72f-bc5e7a371435@group-721745A2736D-LeaderElection24
2021-09-08 01:21:08,262 [fff8da42-e543-4611-a72f-bc5e7a371435@group-721745A2736D-LeaderElection24] INFO  server.RaftServer$Division (ServerState.java:setLeader(285)) - fff8da42-e543-4611-a72f-bc5e7a371435@group-721745A2736D: change Leader from 33731e97-16f6-45e4-8f2a-1dafddc3ee46 to null at term 4 for ELECTION
2021-09-08 01:21:08,264 [fff8da42-e543-4611-a72f-bc5e7a371435@group-721745A2736D-LeaderElection24] INFO  impl.LeaderElection (LeaderElection.java:askForVotes(306)) - fff8da42-e543-4611-a72f-bc5e7a371435@group-721745A2736D-LeaderElection24 ELECTION round 0: submit vote requests at term 5 for 0: [e8664701-17ec-4985-afd3-5de44f4c9c08|rpc:10.1.0.19:41275|dataStream:|priority:0, fff8da42-e543-4611-a72f-bc5e7a371435|rpc:10.1.0.19:33015|dataStream:|priority:0, 33731e97-16f6-45e4-8f2a-1dafddc3ee46|rpc:10.1.0.19:43575|dataStream:|priority:1], old=null
2021-09-08 01:21:08,271 [e8664701-17ec-4985-afd3-5de44f4c9c08@group-721745A2736D-FollowerState] INFO  impl.FollowerState (FollowerState.java:run(134)) - e8664701-17ec-4985-afd3-5de44f4c9c08@group-721745A2736D-FollowerState: change to CANDIDATE, lastRpcElapsedTime:7627680684ns, electionTimeout:5055ms
2021-09-08 01:21:08,271 [e8664701-17ec-4985-afd3-5de44f4c9c08@group-721745A2736D-FollowerState] INFO  impl.RoleInfo (RoleInfo.java:shutdownFollowerState(108)) - e8664701-17ec-4985-afd3-5de44f4c9c08: shutdown e8664701-17ec-4985-afd3-5de44f4c9c08@group-721745A2736D-FollowerState
2021-09-08 01:21:08,271 [e8664701-17ec-4985-afd3-5de44f4c9c08@group-721745A2736D-FollowerState] INFO  server.RaftServer$Division (RaftServerImpl.java:setRole(285)) - e8664701-17ec-4985-afd3-5de44f4c9c08@group-721745A2736D: changes role from  FOLLOWER to CANDIDATE at term 4 for changeToCandidate
2021-09-08 01:21:08,286 [grpc-default-executor-3] INFO  server.RaftServer$Division (RaftServerImpl.java:requestVote(1043)) - e8664701-17ec-4985-afd3-5de44f4c9c08@group-721745A2736D: receive requestVote(ELECTION, fff8da42-e543-4611-a72f-bc5e7a371435, group-721745A2736D, 5, (t:4, i:0))
2021-09-08 01:21:08,288 [e8664701-17ec-4985-afd3-5de44f4c9c08@group-721745A2736D-FollowerState] INFO  server.RaftServerConfigKeys (ConfUtils.java:logGet(44)) - raft.server.leaderelection.pre-vote = false (custom)
2021-09-08 01:21:08,288 [e8664701-17ec-4985-afd3-5de44f4c9c08@group-721745A2736D-FollowerState] INFO  impl.RoleInfo (RoleInfo.java:updateAndGet(130)) - e8664701-17ec-4985-afd3-5de44f4c9c08: start e8664701-17ec-4985-afd3-5de44f4c9c08@group-721745A2736D-LeaderElection25
2021-09-08 01:21:08,293 [grpc-default-executor-3] INFO  impl.VoteContext (VoteContext.java:log(48)) - e8664701-17ec-4985-afd3-5de44f4c9c08@group-721745A2736D-CANDIDATE: accept ELECTION from fff8da42-e543-4611-a72f-bc5e7a371435: our priority 0 <= candidate's priority 0
2021-09-08 01:21:08,293 [grpc-default-executor-3] INFO  server.RaftServer$Division (ServerState.java:setLeader(285)) - e8664701-17ec-4985-afd3-5de44f4c9c08@group-721745A2736D: change Leader from 33731e97-16f6-45e4-8f2a-1dafddc3ee46 to null at term 5 for updateCurrentTerm
2021-09-08 01:21:08,293 [grpc-default-executor-3] INFO  server.RaftServer$Division (RaftServerImpl.java:setRole(285)) - e8664701-17ec-4985-afd3-5de44f4c9c08@group-721745A2736D: changes role from CANDIDATE to FOLLOWER at term 5 for candidate:fff8da42-e543-4611-a72f-bc5e7a371435
2021-09-08 01:21:08,293 [grpc-default-executor-3] INFO  impl.RoleInfo (RoleInfo.java:shutdownLeaderElection(121)) - e8664701-17ec-4985-afd3-5de44f4c9c08: shutdown e8664701-17ec-4985-afd3-5de44f4c9c08@group-721745A2736D-LeaderElection25
2021-09-08 01:21:08,293 [grpc-default-executor-3] INFO  impl.RoleInfo (RoleInfo.java:updateAndGet(130)) - e8664701-17ec-4985-afd3-5de44f4c9c08: start e8664701-17ec-4985-afd3-5de44f4c9c08@group-721745A2736D-FollowerState
2021-09-08 01:21:08,300 [fff8da42-e543-4611-a72f-bc5e7a371435@group-721745A2736D-LeaderElection24] INFO  impl.LeaderElection (LogUtils.java:infoOrTrace(137)) - fff8da42-e543-4611-a72f-bc5e7a371435@group-721745A2736D-LeaderElection24 got exception when requesting votes: java.util.concurrent.ExecutionException: org.apache.ratis.thirdparty.io.grpc.StatusRuntimeException: UNAVAILABLE: io exception
2021-09-08 01:21:08,301 [grpc-default-executor-3] INFO  server.RaftServer$Division (RaftServerImpl.java:requestVote(1075)) - e8664701-17ec-4985-afd3-5de44f4c9c08@group-721745A2736D replies to ELECTION vote request: fff8da42-e543-4611-a72f-bc5e7a371435<-e8664701-17ec-4985-afd3-5de44f4c9c08#0:OK-t5. Peer's state: e8664701-17ec-4985-afd3-5de44f4c9c08@group-721745A2736D:t5, leader=null, voted=fff8da42-e543-4611-a72f-bc5e7a371435, raftlog=e8664701-17ec-4985-afd3-5de44f4c9c08@group-721745A2736D-SegmentedRaftLog:OPENED:c0,f0,i0, conf=0: [e8664701-17ec-4985-afd3-5de44f4c9c08|rpc:10.1.0.19:41275|dataStream:|priority:0, fff8da42-e543-4611-a72f-bc5e7a371435|rpc:10.1.0.19:33015|dataStream:|priority:0, 33731e97-16f6-45e4-8f2a-1dafddc3ee46|rpc:10.1.0.19:43575|dataStream:|priority:1], old=null
2021-09-08 01:21:08,302 [fff8da42-e543-4611-a72f-bc5e7a371435@group-721745A2736D-LeaderElection24] INFO  impl.LeaderElection (LeaderElection.java:logAndReturn(89)) - fff8da42-e543-4611-a72f-bc5e7a371435@group-721745A2736D-LeaderElection24: ELECTION PASSED received 1 response(s) and 1 exception(s):
2021-09-08 01:21:08,302 [fff8da42-e543-4611-a72f-bc5e7a371435@group-721745A2736D-LeaderElection24] INFO  impl.LeaderElection (LeaderElection.java:logAndReturn(93)) -   Response 0: fff8da42-e543-4611-a72f-bc5e7a371435<-e8664701-17ec-4985-afd3-5de44f4c9c08#0:OK-t5
2021-09-08 01:21:08,303 [fff8da42-e543-4611-a72f-bc5e7a371435@group-721745A2736D-LeaderElection24] INFO  impl.LeaderElection (LogUtils.java:infoOrTrace(137)) -   Exception 1: java.util.concurrent.ExecutionException: org.apache.ratis.thirdparty.io.grpc.StatusRuntimeException: UNAVAILABLE: io exception
2021-09-08 01:21:08,303 [fff8da42-e543-4611-a72f-bc5e7a371435@group-721745A2736D-LeaderElection24] INFO  impl.LeaderElection (LeaderElection.java:askForVotes(308)) - fff8da42-e543-4611-a72f-bc5e7a371435@group-721745A2736D-LeaderElection24 ELECTION round 0: result PASSED
2021-09-08 01:21:08,303 [fff8da42-e543-4611-a72f-bc5e7a371435@group-721745A2736D-LeaderElection24] INFO  impl.RoleInfo (RoleInfo.java:shutdownLeaderElection(121)) - fff8da42-e543-4611-a72f-bc5e7a371435: shutdown fff8da42-e543-4611-a72f-bc5e7a371435@group-721745A2736D-LeaderElection24
2021-09-08 01:21:08,303 [fff8da42-e543-4611-a72f-bc5e7a371435@group-721745A2736D-LeaderElection24] INFO  server.RaftServer$Division (RaftServerImpl.java:setRole(285)) - fff8da42-e543-4611-a72f-bc5e7a371435@group-721745A2736D: changes role from CANDIDATE to LEADER at term 5 for changeToLeader
2021-09-08 01:21:08,303 [fff8da42-e543-4611-a72f-bc5e7a371435@group-721745A2736D-LeaderElection24] INFO  ratis.XceiverServerRatis (XceiverServerRatis.java:handleLeaderChangedNotification(861)) - Leader change notification received for group: group-721745A2736D with new leaderId: fff8da42-e543-4611-a72f-bc5e7a371435
2021-09-08 01:21:08,303 [fff8da42-e543-4611-a72f-bc5e7a371435@group-721745A2736D-LeaderElection24] INFO  server.RaftServer$Division (ServerState.java:setLeader(285)) - fff8da42-e543-4611-a72f-bc5e7a371435@group-721745A2736D: change Leader from null to fff8da42-e543-4611-a72f-bc5e7a371435 at term 5 for becomeLeader, leader elected after 40ms
2021-09-08 01:21:08,303 [fff8da42-e543-4611-a72f-bc5e7a371435@group-721745A2736D-LeaderElection24] INFO  server.RaftServerConfigKeys (ConfUtils.java:logGet(44)) - raft.server.staging.catchup.gap = 1000 (default)
2021-09-08 01:21:08,303 [fff8da42-e543-4611-a72f-bc5e7a371435@group-721745A2736D-LeaderElection24] INFO  server.RaftServerConfigKeys (ConfUtils.java:logGet(44)) - raft.server.write.element-limit = 1024 (custom)
2021-09-08 01:21:08,303 [fff8da42-e543-4611-a72f-bc5e7a371435@group-721745A2736D-LeaderElection24] INFO  server.RaftServerConfigKeys (ConfUtils.java:logGet(44)) - raft.server.write.byte-limit = 1024 M (=1073741824) (custom)
2021-09-08 01:21:08,304 [fff8da42-e543-4611-a72f-bc5e7a371435@group-721745A2736D-LeaderElection24] INFO  server.RaftServerConfigKeys (ConfUtils.java:logGet(44)) - raft.server.watch.timeout = 3000ms (custom)
2021-09-08 01:21:08,304 [Datanode State Machine Thread - 0] WARN  statemachine.StateContext (StateContext.java:execute(621)) - No available thread in pool for past 1 seconds.
2021-09-08 01:21:08,308 [EventQueue-PipelineReportForPipelineReportHandler] INFO  pipeline.PipelineManagerImpl (PipelineManagerImpl.java:openPipeline(282)) - Pipeline Pipeline[ Id: 0dd8c860-2cb9-4e4d-8e04-721745a2736d, Nodes: e8664701-17ec-4985-afd3-5de44f4c9c08{ip: 10.1.0.19, host: fv-az396-69.zsjpccerc4sulamragr3v05mvf.jx.internal.cloudapp.net, ports: [REPLICATION=41283, RATIS=41275, RATIS_ADMIN=41275, RATIS_SERVER=41275, STANDALONE=44909], networkLocation: /default-rack, certSerialId: null, persistedOpState: IN_SERVICE, persistedOpStateExpiryEpochSec: 0}33731e97-16f6-45e4-8f2a-1dafddc3ee46{ip: 10.1.0.19, host: fv-az396-69.zsjpccerc4sulamragr3v05mvf.jx.internal.cloudapp.net, ports: [REPLICATION=43647, RATIS=43575, RATIS_ADMIN=43575, RATIS_SERVER=43575, STANDALONE=42867], networkLocation: /default-rack, certSerialId: null, persistedOpState: IN_SERVICE, persistedOpStateExpiryEpochSec: 0}fff8da42-e543-4611-a72f-bc5e7a371435{ip: 10.1.0.19, host: fv-az396-69.zsjpccerc4sulamragr3v05mvf.jx.internal.cloudapp.net, ports: [REPLICATION=45561, RATIS=33015, RATIS_ADMIN=33015, RATIS_SERVER=33015, STANDALONE=40217], networkLocation: /default-rack, certSerialId: null, persistedOpState: IN_SERVICE, persistedOpStateExpiryEpochSec: 0}, ReplicationConfig: RATIS/THREE, State:ALLOCATED, leaderId:fff8da42-e543-4611-a72f-bc5e7a371435, CreationTimestamp2021-09-08T01:20:35.242Z[Etc/UTC]] moved to OPEN state
2021-09-08 01:21:08,310 [fff8da42-e543-4611-a72f-bc5e7a371435@group-721745A2736D-LeaderElection24] INFO  server.RaftServerConfigKeys (ConfUtils.java:logGet(44)) - raft.server.watch.timeout.denomination = 1s (default)
2021-09-08 01:21:08,310 [fff8da42-e543-4611-a72f-bc5e7a371435@group-721745A2736D-LeaderElection24] INFO  server.RaftServerConfigKeys (ConfUtils.java:logGet(44)) - raft.server.watch.element-limit = 65536 (default)
2021-09-08 01:21:08,310 [fff8da42-e543-4611-a72f-bc5e7a371435@group-721745A2736D-LeaderElection24] INFO  server.RaftServerConfigKeys (ConfUtils.java:logGet(44)) - raft.server.log.appender.snapshot.chunk.size.max = 16MB (=16777216) (default)
2021-09-08 01:21:08,310 [fff8da42-e543-4611-a72f-bc5e7a371435@group-721745A2736D-LeaderElection24] INFO  server.RaftServerConfigKeys (ConfUtils.java:logGet(44)) - raft.server.log.appender.buffer.byte-limit = 33554432 (custom)
2021-09-08 01:21:08,310 [fff8da42-e543-4611-a72f-bc5e7a371435@group-721745A2736D-LeaderElection24] INFO  server.RaftServerConfigKeys (ConfUtils.java:logGet(44)) - raft.server.log.appender.buffer.element-limit = 1 (custom)
2021-09-08 01:21:08,310 [fff8da42-e543-4611-a72f-bc5e7a371435@group-721745A2736D-LeaderElection24] INFO  grpc.GrpcConfigKeys (ConfUtils.java:logGet(44)) - raft.grpc.server.leader.outstanding.appends.max = 128 (default)
2021-09-08 01:21:08,311 [fff8da42-e543-4611-a72f-bc5e7a371435@group-721745A2736D-LeaderElection24] INFO  server.RaftServerConfigKeys (ConfUtils.java:logGet(44)) - raft.server.rpc.request.timeout = 3000ms (default)
2021-09-08 01:21:08,311 [fff8da42-e543-4611-a72f-bc5e7a371435@group-721745A2736D-LeaderElection24] INFO  server.RaftServerConfigKeys (ConfUtils.java:logGet(44)) - raft.server.log.appender.install.snapshot.enabled = false (custom)
2021-09-08 01:21:08,311 [fff8da42-e543-4611-a72f-bc5e7a371435@group-721745A2736D-LeaderElection24] INFO  server.RaftServerConfigKeys (ConfUtils.java:logGet(44)) - raft.server.log.appender.snapshot.chunk.size.max = 16MB (=16777216) (default)
2021-09-08 01:21:08,311 [fff8da42-e543-4611-a72f-bc5e7a371435@group-721745A2736D-LeaderElection24] INFO  server.RaftServerConfigKeys (ConfUtils.java:logGet(44)) - raft.server.log.appender.buffer.byte-limit = 33554432 (custom)
2021-09-08 01:21:08,312 [fff8da42-e543-4611-a72f-bc5e7a371435@group-721745A2736D-LeaderElection24] INFO  server.RaftServerConfigKeys (ConfUtils.java:logGet(44)) - raft.server.log.appender.buffer.element-limit = 1 (custom)
2021-09-08 01:21:08,312 [fff8da42-e543-4611-a72f-bc5e7a371435@group-721745A2736D-LeaderElection24] INFO  grpc.GrpcConfigKeys (ConfUtils.java:logGet(44)) - raft.grpc.server.leader.outstanding.appends.max = 128 (default)
2021-09-08 01:21:08,312 [fff8da42-e543-4611-a72f-bc5e7a371435@group-721745A2736D-LeaderElection24] INFO  server.RaftServerConfigKeys (ConfUtils.java:logGet(44)) - raft.server.rpc.request.timeout = 3000ms (default)
2021-09-08 01:21:08,313 [fff8da42-e543-4611-a72f-bc5e7a371435@group-721745A2736D-LeaderElection24] INFO  server.RaftServerConfigKeys (ConfUtils.java:logGet(44)) - raft.server.log.appender.install.snapshot.enabled = false (custom)
2021-09-08 01:21:08,314 [fff8da42-e543-4611-a72f-bc5e7a371435@group-721745A2736D-LeaderElection24] INFO  impl.RoleInfo (RoleInfo.java:updateAndGet(130)) - fff8da42-e543-4611-a72f-bc5e7a371435: start fff8da42-e543-4611-a72f-bc5e7a371435@group-721745A2736D-LeaderStateImpl
2021-09-08 01:21:08,319 [fff8da42-e543-4611-a72f-bc5e7a371435@group-721745A2736D-LeaderElection24] INFO  segmented.SegmentedRaftLogWorker (SegmentedRaftLogWorker.java:rollLogSegment(399)) - fff8da42-e543-4611-a72f-bc5e7a371435@group-721745A2736D-SegmentedRaftLogWorker: Rolling segment log-0_0 to index:0
2021-09-08 01:21:08,320 [fff8da42-e543-4611-a72f-bc5e7a371435@group-721745A2736D-SegmentedRaftLogWorker] INFO  segmented.SegmentedRaftLogWorker (SegmentedRaftLogWorker.java:execute(558)) - fff8da42-e543-4611-a72f-bc5e7a371435@group-721745A2736D-SegmentedRaftLogWorker: Rolled log segment from /home/runner/work/ozone/ozone/hadoop-ozone/integration-test/target/test-dir/MiniOzoneClusterImpl-0f12cb01-4002-4394-a01c-5903f1f0237a/datanode-0/data/ratis/0dd8c860-2cb9-4e4d-8e04-721745a2736d/current/log_inprogress_0 to /home/runner/work/ozone/ozone/hadoop-ozone/integration-test/target/test-dir/MiniOzoneClusterImpl-0f12cb01-4002-4394-a01c-5903f1f0237a/datanode-0/data/ratis/0dd8c860-2cb9-4e4d-8e04-721745a2736d/current/log_0-0
2021-09-08 01:21:08,321 [fff8da42-e543-4611-a72f-bc5e7a371435@group-721745A2736D-SegmentedRaftLogWorker] INFO  segmented.SegmentedRaftLogWorker (SegmentedRaftLogWorker.java:execute(601)) - fff8da42-e543-4611-a72f-bc5e7a371435@group-721745A2736D-SegmentedRaftLogWorker: created new log segment /home/runner/work/ozone/ozone/hadoop-ozone/integration-test/target/test-dir/MiniOzoneClusterImpl-0f12cb01-4002-4394-a01c-5903f1f0237a/datanode-0/data/ratis/0dd8c860-2cb9-4e4d-8e04-721745a2736d/current/log_inprogress_1
2021-09-08 01:21:08,327 [grpc-default-executor-3] INFO  ratis.XceiverServerRatis (XceiverServerRatis.java:handleLeaderChangedNotification(861)) - Leader change notification received for group: group-721745A2736D with new leaderId: fff8da42-e543-4611-a72f-bc5e7a371435
2021-09-08 01:21:08,327 [grpc-default-executor-3] INFO  server.RaftServer$Division (ServerState.java:setLeader(285)) - e8664701-17ec-4985-afd3-5de44f4c9c08@group-721745A2736D: change Leader from null to fff8da42-e543-4611-a72f-bc5e7a371435 at term 5 for appendEntries, leader elected after 33ms
2021-09-08 01:21:08,339 [fff8da42-e543-4611-a72f-bc5e7a371435@group-721745A2736D-LeaderElection24] INFO  server.RaftServer$Division (ServerState.java:setRaftConf(387)) - fff8da42-e543-4611-a72f-bc5e7a371435@group-721745A2736D: set configuration 1: [e8664701-17ec-4985-afd3-5de44f4c9c08|rpc:10.1.0.19:41275|dataStream:|priority:0, fff8da42-e543-4611-a72f-bc5e7a371435|rpc:10.1.0.19:33015|dataStream:|priority:0, 33731e97-16f6-45e4-8f2a-1dafddc3ee46|rpc:10.1.0.19:43575|dataStream:|priority:1], old=null
2021-09-08 01:21:08,340 [grpc-default-executor-4] WARN  server.GrpcLogAppender (LogUtils.java:warn(122)) - fff8da42-e543-4611-a72f-bc5e7a371435@group-721745A2736D->33731e97-16f6-45e4-8f2a-1dafddc3ee46-AppendLogResponseHandler: Failed appendEntries: org.apache.ratis.thirdparty.io.grpc.StatusRuntimeException: UNAVAILABLE: io exception
2021-09-08 01:21:08,357 [grpc-default-executor-3] INFO  server.RaftServer$Division (ServerState.java:setRaftConf(387)) - e8664701-17ec-4985-afd3-5de44f4c9c08@group-721745A2736D: set configuration 1: [e8664701-17ec-4985-afd3-5de44f4c9c08|rpc:10.1.0.19:41275|dataStream:|priority:0, fff8da42-e543-4611-a72f-bc5e7a371435|rpc:10.1.0.19:33015|dataStream:|priority:0, 33731e97-16f6-45e4-8f2a-1dafddc3ee46|rpc:10.1.0.19:43575|dataStream:|priority:1], old=null
2021-09-08 01:21:08,357 [grpc-default-executor-3] INFO  segmented.SegmentedRaftLogWorker (SegmentedRaftLogWorker.java:rollLogSegment(399)) - e8664701-17ec-4985-afd3-5de44f4c9c08@group-721745A2736D-SegmentedRaftLogWorker: Rolling segment log-0_0 to index:0
2021-09-08 01:21:08,358 [e8664701-17ec-4985-afd3-5de44f4c9c08@group-721745A2736D-SegmentedRaftLogWorker] INFO  segmented.SegmentedRaftLogWorker (SegmentedRaftLogWorker.java:execute(558)) - e8664701-17ec-4985-afd3-5de44f4c9c08@group-721745A2736D-SegmentedRaftLogWorker: Rolled log segment from /home/runner/work/ozone/ozone/hadoop-ozone/integration-test/target/test-dir/MiniOzoneClusterImpl-0f12cb01-4002-4394-a01c-5903f1f0237a/datanode-1/data/ratis/0dd8c860-2cb9-4e4d-8e04-721745a2736d/current/log_inprogress_0 to /home/runner/work/ozone/ozone/hadoop-ozone/integration-test/target/test-dir/MiniOzoneClusterImpl-0f12cb01-4002-4394-a01c-5903f1f0237a/datanode-1/data/ratis/0dd8c860-2cb9-4e4d-8e04-721745a2736d/current/log_0-0
2021-09-08 01:21:08,360 [e8664701-17ec-4985-afd3-5de44f4c9c08@group-721745A2736D-SegmentedRaftLogWorker] INFO  segmented.SegmentedRaftLogWorker (SegmentedRaftLogWorker.java:execute(601)) - e8664701-17ec-4985-afd3-5de44f4c9c08@group-721745A2736D-SegmentedRaftLogWorker: created new log segment /home/runner/work/ozone/ozone/hadoop-ozone/integration-test/target/test-dir/MiniOzoneClusterImpl-0f12cb01-4002-4394-a01c-5903f1f0237a/datanode-1/data/ratis/0dd8c860-2cb9-4e4d-8e04-721745a2736d/current/log_inprogress_1
2021-09-08 01:21:08,372 [grpc-default-executor-4] WARN  server.GrpcLogAppender (GrpcLogAppender.java:resetClient(111)) - fff8da42-e543-4611-a72f-bc5e7a371435@group-721745A2736D->33731e97-16f6-45e4-8f2a-1dafddc3ee46-GrpcLogAppender: Leader has not got in touch with Follower fff8da42-e543-4611-a72f-bc5e7a371435@group-721745A2736D->33731e97-16f6-45e4-8f2a-1dafddc3ee46(c-1,m0,n2, attendVote=true, lastRpcSendTime=7, lastRpcResponseTime=5262) yet, just keep nextIndex unchanged and retry.
2021-09-08 01:21:08,379 [grpc-default-executor-4] WARN  server.GrpcLogAppender (LogUtils.java:warn(122)) - fff8da42-e543-4611-a72f-bc5e7a371435@group-721745A2736D->33731e97-16f6-45e4-8f2a-1dafddc3ee46-AppendLogResponseHandler: Failed appendEntries: org.apache.ratis.thirdparty.io.grpc.StatusRuntimeException: UNAVAILABLE: io exception
2021-09-08 01:21:08,379 [grpc-default-executor-4] WARN  server.GrpcLogAppender (GrpcLogAppender.java:resetClient(111)) - fff8da42-e543-4611-a72f-bc5e7a371435@group-721745A2736D->33731e97-16f6-45e4-8f2a-1dafddc3ee46-GrpcLogAppender: Leader has not got in touch with Follower fff8da42-e543-4611-a72f-bc5e7a371435@group-721745A2736D->33731e97-16f6-45e4-8f2a-1dafddc3ee46(c-1,m0,n3, attendVote=true, lastRpcSendTime=0, lastRpcResponseTime=5269) yet, just keep nextIndex unchanged and retry.
2021-09-08 01:21:08,968 [06f45bb0-d367-47cf-8f0c-bcb418e113db@group-03C340C5BF62-FollowerState] INFO  impl.FollowerState (FollowerState.java:run(134)) - 06f45bb0-d367-47cf-8f0c-bcb418e113db@group-03C340C5BF62-FollowerState: change to CANDIDATE, lastRpcElapsedTime:7673068823ns, electionTimeout:5114ms
2021-09-08 01:21:08,969 [06f45bb0-d367-47cf-8f0c-bcb418e113db@group-03C340C5BF62-FollowerState] INFO  impl.RoleInfo (RoleInfo.java:shutdownFollowerState(108)) - 06f45bb0-d367-47cf-8f0c-bcb418e113db: shutdown 06f45bb0-d367-47cf-8f0c-bcb418e113db@group-03C340C5BF62-FollowerState
2021-09-08 01:21:08,969 [06f45bb0-d367-47cf-8f0c-bcb418e113db@group-03C340C5BF62-FollowerState] INFO  server.RaftServer$Division (RaftServerImpl.java:setRole(285)) - 06f45bb0-d367-47cf-8f0c-bcb418e113db@group-03C340C5BF62: changes role from  FOLLOWER to CANDIDATE at term 4 for changeToCandidate
2021-09-08 01:21:08,969 [06f45bb0-d367-47cf-8f0c-bcb418e113db@group-03C340C5BF62-FollowerState] INFO  server.RaftServerConfigKeys (ConfUtils.java:logGet(44)) - raft.server.leaderelection.pre-vote = false (custom)
2021-09-08 01:21:08,969 [06f45bb0-d367-47cf-8f0c-bcb418e113db@group-03C340C5BF62-FollowerState] INFO  impl.RoleInfo (RoleInfo.java:updateAndGet(130)) - 06f45bb0-d367-47cf-8f0c-bcb418e113db: start 06f45bb0-d367-47cf-8f0c-bcb418e113db@group-03C340C5BF62-LeaderElection26
2021-09-08 01:21:08,995 [06f45bb0-d367-47cf-8f0c-bcb418e113db@group-03C340C5BF62-LeaderElection26] INFO  server.RaftServer$Division (ServerState.java:setLeader(285)) - 06f45bb0-d367-47cf-8f0c-bcb418e113db@group-03C340C5BF62: change Leader from df659118-86d4-47ae-9076-ad4ead1182cd to null at term 4 for ELECTION
2021-09-08 01:21:08,997 [06f45bb0-d367-47cf-8f0c-bcb418e113db@group-03C340C5BF62-LeaderElection26] INFO  impl.LeaderElection (LeaderElection.java:askForVotes(306)) - 06f45bb0-d367-47cf-8f0c-bcb418e113db@group-03C340C5BF62-LeaderElection26 ELECTION round 0: submit vote requests at term 5 for 0: [06f45bb0-d367-47cf-8f0c-bcb418e113db|rpc:10.1.0.19:33913|dataStream:|priority:0, 0845838b-9535-4874-adc8-850f7ac3d0e5|rpc:10.1.0.19:37265|dataStream:|priority:0, df659118-86d4-47ae-9076-ad4ead1182cd|rpc:10.1.0.19:41085|dataStream:|priority:1], old=null
2021-09-08 01:21:09,006 [0845838b-9535-4874-adc8-850f7ac3d0e5@group-03C340C5BF62-FollowerState] INFO  impl.FollowerState (FollowerState.java:run(134)) - 0845838b-9535-4874-adc8-850f7ac3d0e5@group-03C340C5BF62-FollowerState: change to CANDIDATE, lastRpcElapsedTime:10206724137ns, electionTimeout:5122ms
2021-09-08 01:21:09,006 [0845838b-9535-4874-adc8-850f7ac3d0e5@group-03C340C5BF62-FollowerState] INFO  impl.RoleInfo (RoleInfo.java:shutdownFollowerState(108)) - 0845838b-9535-4874-adc8-850f7ac3d0e5: shutdown 0845838b-9535-4874-adc8-850f7ac3d0e5@group-03C340C5BF62-FollowerState
2021-09-08 01:21:09,006 [0845838b-9535-4874-adc8-850f7ac3d0e5@group-03C340C5BF62-FollowerState] INFO  server.RaftServer$Division (RaftServerImpl.java:setRole(285)) - 0845838b-9535-4874-adc8-850f7ac3d0e5@group-03C340C5BF62: changes role from  FOLLOWER to CANDIDATE at term 4 for changeToCandidate
2021-09-08 01:21:09,016 [0845838b-9535-4874-adc8-850f7ac3d0e5@group-03C340C5BF62-FollowerState] INFO  server.RaftServerConfigKeys (ConfUtils.java:logGet(44)) - raft.server.leaderelection.pre-vote = false (custom)
2021-09-08 01:21:09,016 [0845838b-9535-4874-adc8-850f7ac3d0e5@group-03C340C5BF62-FollowerState] INFO  impl.RoleInfo (RoleInfo.java:updateAndGet(130)) - 0845838b-9535-4874-adc8-850f7ac3d0e5: start 0845838b-9535-4874-adc8-850f7ac3d0e5@group-03C340C5BF62-LeaderElection27
2021-09-08 01:21:09,025 [grpc-default-executor-3] INFO  server.RaftServer$Division (RaftServerImpl.java:requestVote(1043)) - 0845838b-9535-4874-adc8-850f7ac3d0e5@group-03C340C5BF62: receive requestVote(ELECTION, 06f45bb0-d367-47cf-8f0c-bcb418e113db, group-03C340C5BF62, 5, (t:4, i:0))
2021-09-08 01:21:09,025 [grpc-default-executor-3] INFO  impl.VoteContext (VoteContext.java:log(48)) - 0845838b-9535-4874-adc8-850f7ac3d0e5@group-03C340C5BF62-CANDIDATE: accept ELECTION from 06f45bb0-d367-47cf-8f0c-bcb418e113db: our priority 0 <= candidate's priority 0
2021-09-08 01:21:09,025 [grpc-default-executor-3] INFO  server.RaftServer$Division (ServerState.java:setLeader(285)) - 0845838b-9535-4874-adc8-850f7ac3d0e5@group-03C340C5BF62: change Leader from df659118-86d4-47ae-9076-ad4ead1182cd to null at term 5 for updateCurrentTerm
2021-09-08 01:21:09,025 [grpc-default-executor-3] INFO  server.RaftServer$Division (RaftServerImpl.java:setRole(285)) - 0845838b-9535-4874-adc8-850f7ac3d0e5@group-03C340C5BF62: changes role from CANDIDATE to FOLLOWER at term 5 for candidate:06f45bb0-d367-47cf-8f0c-bcb418e113db
2021-09-08 01:21:09,025 [grpc-default-executor-3] INFO  impl.RoleInfo (RoleInfo.java:shutdownLeaderElection(121)) - 0845838b-9535-4874-adc8-850f7ac3d0e5: shutdown 0845838b-9535-4874-adc8-850f7ac3d0e5@group-03C340C5BF62-LeaderElection27
2021-09-08 01:21:09,025 [grpc-default-executor-3] INFO  impl.RoleInfo (RoleInfo.java:updateAndGet(130)) - 0845838b-9535-4874-adc8-850f7ac3d0e5: start 0845838b-9535-4874-adc8-850f7ac3d0e5@group-03C340C5BF62-FollowerState
2021-09-08 01:21:09,027 [grpc-default-executor-3] INFO  server.RaftServer$Division (RaftServerImpl.java:requestVote(1075)) - 0845838b-9535-4874-adc8-850f7ac3d0e5@group-03C340C5BF62 replies to ELECTION vote request: 06f45bb0-d367-47cf-8f0c-bcb418e113db<-0845838b-9535-4874-adc8-850f7ac3d0e5#0:OK-t5. Peer's state: 0845838b-9535-4874-adc8-850f7ac3d0e5@group-03C340C5BF62:t5, leader=null, voted=06f45bb0-d367-47cf-8f0c-bcb418e113db, raftlog=0845838b-9535-4874-adc8-850f7ac3d0e5@group-03C340C5BF62-SegmentedRaftLog:OPENED:c0,f0,i0, conf=0: [06f45bb0-d367-47cf-8f0c-bcb418e113db|rpc:10.1.0.19:33913|dataStream:|priority:0, 0845838b-9535-4874-adc8-850f7ac3d0e5|rpc:10.1.0.19:37265|dataStream:|priority:0, df659118-86d4-47ae-9076-ad4ead1182cd|rpc:10.1.0.19:41085|dataStream:|priority:1], old=null
2021-09-08 01:21:09,038 [0845838b-9535-4874-adc8-850f7ac3d0e5@group-03C340C5BF62-LeaderElection27] INFO  impl.LeaderElection (LeaderElection.java:run(230)) - 0845838b-9535-4874-adc8-850f7ac3d0e5@group-03C340C5BF62-LeaderElection27: skip running since this is already CLOSING
2021-09-08 01:21:09,038 [06f45bb0-d367-47cf-8f0c-bcb418e113db@group-03C340C5BF62-LeaderElection26] INFO  impl.LeaderElection (LogUtils.java:infoOrTrace(137)) - 06f45bb0-d367-47cf-8f0c-bcb418e113db@group-03C340C5BF62-LeaderElection26 got exception when requesting votes: java.util.concurrent.ExecutionException: org.apache.ratis.thirdparty.io.grpc.StatusRuntimeException: UNAVAILABLE: io exception
2021-09-08 01:21:09,038 [06f45bb0-d367-47cf-8f0c-bcb418e113db@group-03C340C5BF62-LeaderElection26] INFO  impl.LeaderElection (LeaderElection.java:logAndReturn(89)) - 06f45bb0-d367-47cf-8f0c-bcb418e113db@group-03C340C5BF62-LeaderElection26: ELECTION PASSED received 1 response(s) and 1 exception(s):
2021-09-08 01:21:09,038 [06f45bb0-d367-47cf-8f0c-bcb418e113db@group-03C340C5BF62-LeaderElection26] INFO  impl.LeaderElection (LeaderElection.java:logAndReturn(93)) -   Response 0: 06f45bb0-d367-47cf-8f0c-bcb418e113db<-0845838b-9535-4874-adc8-850f7ac3d0e5#0:OK-t5
2021-09-08 01:21:09,038 [06f45bb0-d367-47cf-8f0c-bcb418e113db@group-03C340C5BF62-LeaderElection26] INFO  impl.LeaderElection (LogUtils.java:infoOrTrace(137)) -   Exception 1: java.util.concurrent.ExecutionException: org.apache.ratis.thirdparty.io.grpc.StatusRuntimeException: UNAVAILABLE: io exception
2021-09-08 01:21:09,038 [06f45bb0-d367-47cf-8f0c-bcb418e113db@group-03C340C5BF62-LeaderElection26] INFO  impl.LeaderElection (LeaderElection.java:askForVotes(308)) - 06f45bb0-d367-47cf-8f0c-bcb418e113db@group-03C340C5BF62-LeaderElection26 ELECTION round 0: result PASSED
2021-09-08 01:21:09,038 [06f45bb0-d367-47cf-8f0c-bcb418e113db@group-03C340C5BF62-LeaderElection26] INFO  impl.RoleInfo (RoleInfo.java:shutdownLeaderElection(121)) - 06f45bb0-d367-47cf-8f0c-bcb418e113db: shutdown 06f45bb0-d367-47cf-8f0c-bcb418e113db@group-03C340C5BF62-LeaderElection26
2021-09-08 01:21:09,038 [06f45bb0-d367-47cf-8f0c-bcb418e113db@group-03C340C5BF62-LeaderElection26] INFO  server.RaftServer$Division (RaftServerImpl.java:setRole(285)) - 06f45bb0-d367-47cf-8f0c-bcb418e113db@group-03C340C5BF62: changes role from CANDIDATE to LEADER at term 5 for changeToLeader
2021-09-08 01:21:09,038 [06f45bb0-d367-47cf-8f0c-bcb418e113db@group-03C340C5BF62-LeaderElection26] INFO  ratis.XceiverServerRatis (XceiverServerRatis.java:handleLeaderChangedNotification(861)) - Leader change notification received for group: group-03C340C5BF62 with new leaderId: 06f45bb0-d367-47cf-8f0c-bcb418e113db
2021-09-08 01:21:09,039 [06f45bb0-d367-47cf-8f0c-bcb418e113db@group-03C340C5BF62-LeaderElection26] INFO  server.RaftServer$Division (ServerState.java:setLeader(285)) - 06f45bb0-d367-47cf-8f0c-bcb418e113db@group-03C340C5BF62: change Leader from null to 06f45bb0-d367-47cf-8f0c-bcb418e113db at term 5 for becomeLeader, leader elected after 43ms
2021-09-08 01:21:09,039 [06f45bb0-d367-47cf-8f0c-bcb418e113db@group-03C340C5BF62-LeaderElection26] INFO  server.RaftServerConfigKeys (ConfUtils.java:logGet(44)) - raft.server.staging.catchup.gap = 1000 (default)
2021-09-08 01:21:09,039 [06f45bb0-d367-47cf-8f0c-bcb418e113db@group-03C340C5BF62-LeaderElection26] INFO  server.RaftServerConfigKeys (ConfUtils.java:logGet(44)) - raft.server.write.element-limit = 1024 (custom)
2021-09-08 01:21:09,039 [06f45bb0-d367-47cf-8f0c-bcb418e113db@group-03C340C5BF62-LeaderElection26] INFO  server.RaftServerConfigKeys (ConfUtils.java:logGet(44)) - raft.server.write.byte-limit = 1024 M (=1073741824) (custom)
2021-09-08 01:21:09,039 [06f45bb0-d367-47cf-8f0c-bcb418e113db@group-03C340C5BF62-LeaderElection26] INFO  server.RaftServerConfigKeys (ConfUtils.java:logGet(44)) - raft.server.watch.timeout = 3000ms (custom)
2021-09-08 01:21:09,039 [06f45bb0-d367-47cf-8f0c-bcb418e113db@group-03C340C5BF62-LeaderElection26] INFO  server.RaftServerConfigKeys (ConfUtils.java:logGet(44)) - raft.server.watch.timeout.denomination = 1s (default)
2021-09-08 01:21:09,039 [06f45bb0-d367-47cf-8f0c-bcb418e113db@group-03C340C5BF62-LeaderElection26] INFO  server.RaftServerConfigKeys (ConfUtils.java:logGet(44)) - raft.server.watch.element-limit = 65536 (default)
2021-09-08 01:21:09,040 [06f45bb0-d367-47cf-8f0c-bcb418e113db@group-03C340C5BF62-LeaderElection26] INFO  server.RaftServerConfigKeys (ConfUtils.java:logGet(44)) - raft.server.log.appender.snapshot.chunk.size.max = 16MB (=16777216) (default)
2021-09-08 01:21:09,040 [06f45bb0-d367-47cf-8f0c-bcb418e113db@group-03C340C5BF62-LeaderElection26] INFO  server.RaftServerConfigKeys (ConfUtils.java:logGet(44)) - raft.server.log.appender.buffer.byte-limit = 33554432 (custom)
2021-09-08 01:21:09,040 [06f45bb0-d367-47cf-8f0c-bcb418e113db@group-03C340C5BF62-LeaderElection26] INFO  server.RaftServerConfigKeys (ConfUtils.java:logGet(44)) - raft.server.log.appender.buffer.element-limit = 1 (custom)
2021-09-08 01:21:09,040 [06f45bb0-d367-47cf-8f0c-bcb418e113db@group-03C340C5BF62-LeaderElection26] INFO  grpc.GrpcConfigKeys (ConfUtils.java:logGet(44)) - raft.grpc.server.leader.outstanding.appends.max = 128 (default)
2021-09-08 01:21:09,040 [06f45bb0-d367-47cf-8f0c-bcb418e113db@group-03C340C5BF62-LeaderElection26] INFO  server.RaftServerConfigKeys (ConfUtils.java:logGet(44)) - raft.server.rpc.request.timeout = 3000ms (default)
2021-09-08 01:21:09,040 [06f45bb0-d367-47cf-8f0c-bcb418e113db@group-03C340C5BF62-LeaderElection26] INFO  server.RaftServerConfigKeys (ConfUtils.java:logGet(44)) - raft.server.log.appender.install.snapshot.enabled = false (custom)
2021-09-08 01:21:09,041 [06f45bb0-d367-47cf-8f0c-bcb418e113db@group-03C340C5BF62-LeaderElection26] INFO  server.RaftServerConfigKeys (ConfUtils.java:logGet(44)) - raft.server.log.appender.snapshot.chunk.size.max = 16MB (=16777216) (default)
2021-09-08 01:21:09,041 [06f45bb0-d367-47cf-8f0c-bcb418e113db@group-03C340C5BF62-LeaderElection26] INFO  server.RaftServerConfigKeys (ConfUtils.java:logGet(44)) - raft.server.log.appender.buffer.byte-limit = 33554432 (custom)
2021-09-08 01:21:09,041 [06f45bb0-d367-47cf-8f0c-bcb418e113db@group-03C340C5BF62-LeaderElection26] INFO  server.RaftServerConfigKeys (ConfUtils.java:logGet(44)) - raft.server.log.appender.buffer.element-limit = 1 (custom)
2021-09-08 01:21:09,041 [06f45bb0-d367-47cf-8f0c-bcb418e113db@group-03C340C5BF62-LeaderElection26] INFO  grpc.GrpcConfigKeys (ConfUtils.java:logGet(44)) - raft.grpc.server.leader.outstanding.appends.max = 128 (default)
2021-09-08 01:21:09,041 [06f45bb0-d367-47cf-8f0c-bcb418e113db@group-03C340C5BF62-LeaderElection26] INFO  server.RaftServerConfigKeys (ConfUtils.java:logGet(44)) - raft.server.rpc.request.timeout = 3000ms (default)
2021-09-08 01:21:09,041 [06f45bb0-d367-47cf-8f0c-bcb418e113db@group-03C340C5BF62-LeaderElection26] INFO  server.RaftServerConfigKeys (ConfUtils.java:logGet(44)) - raft.server.log.appender.install.snapshot.enabled = false (custom)
2021-09-08 01:21:09,047 [06f45bb0-d367-47cf-8f0c-bcb418e113db@group-03C340C5BF62-LeaderElection26] INFO  impl.RoleInfo (RoleInfo.java:updateAndGet(130)) - 06f45bb0-d367-47cf-8f0c-bcb418e113db: start 06f45bb0-d367-47cf-8f0c-bcb418e113db@group-03C340C5BF62-LeaderStateImpl
2021-09-08 01:21:09,047 [06f45bb0-d367-47cf-8f0c-bcb418e113db@group-03C340C5BF62-LeaderElection26] INFO  segmented.SegmentedRaftLogWorker (SegmentedRaftLogWorker.java:rollLogSegment(399)) - 06f45bb0-d367-47cf-8f0c-bcb418e113db@group-03C340C5BF62-SegmentedRaftLogWorker: Rolling segment log-0_0 to index:0
2021-09-08 01:21:09,048 [06f45bb0-d367-47cf-8f0c-bcb418e113db@group-03C340C5BF62-SegmentedRaftLogWorker] INFO  segmented.SegmentedRaftLogWorker (SegmentedRaftLogWorker.java:execute(558)) - 06f45bb0-d367-47cf-8f0c-bcb418e113db@group-03C340C5BF62-SegmentedRaftLogWorker: Rolled log segment from /home/runner/work/ozone/ozone/hadoop-ozone/integration-test/target/test-dir/MiniOzoneClusterImpl-0f12cb01-4002-4394-a01c-5903f1f0237a/datanode-3/data/ratis/b549a200-60df-4568-98a3-03c340c5bf62/current/log_inprogress_0 to /home/runner/work/ozone/ozone/hadoop-ozone/integration-test/target/test-dir/MiniOzoneClusterImpl-0f12cb01-4002-4394-a01c-5903f1f0237a/datanode-3/data/ratis/b549a200-60df-4568-98a3-03c340c5bf62/current/log_0-0
2021-09-08 01:21:09,049 [06f45bb0-d367-47cf-8f0c-bcb418e113db@group-03C340C5BF62-SegmentedRaftLogWorker] INFO  segmented.SegmentedRaftLogWorker (SegmentedRaftLogWorker.java:execute(601)) - 06f45bb0-d367-47cf-8f0c-bcb418e113db@group-03C340C5BF62-SegmentedRaftLogWorker: created new log segment /home/runner/work/ozone/ozone/hadoop-ozone/integration-test/target/test-dir/MiniOzoneClusterImpl-0f12cb01-4002-4394-a01c-5903f1f0237a/datanode-3/data/ratis/b549a200-60df-4568-98a3-03c340c5bf62/current/log_inprogress_1
2021-09-08 01:21:09,075 [grpc-default-executor-3] INFO  ratis.XceiverServerRatis (XceiverServerRatis.java:handleLeaderChangedNotification(861)) - Leader change notification received for group: group-03C340C5BF62 with new leaderId: 06f45bb0-d367-47cf-8f0c-bcb418e113db
2021-09-08 01:21:09,075 [grpc-default-executor-3] INFO  server.RaftServer$Division (ServerState.java:setLeader(285)) - 0845838b-9535-4874-adc8-850f7ac3d0e5@group-03C340C5BF62: change Leader from null to 06f45bb0-d367-47cf-8f0c-bcb418e113db at term 5 for appendEntries, leader elected after 49ms
2021-09-08 01:21:09,083 [06f45bb0-d367-47cf-8f0c-bcb418e113db@group-03C340C5BF62-LeaderElection26] INFO  server.RaftServer$Division (ServerState.java:setRaftConf(387)) - 06f45bb0-d367-47cf-8f0c-bcb418e113db@group-03C340C5BF62: set configuration 1: [06f45bb0-d367-47cf-8f0c-bcb418e113db|rpc:10.1.0.19:33913|dataStream:|priority:0, 0845838b-9535-4874-adc8-850f7ac3d0e5|rpc:10.1.0.19:37265|dataStream:|priority:0, df659118-86d4-47ae-9076-ad4ead1182cd|rpc:10.1.0.19:41085|dataStream:|priority:1], old=null
2021-09-08 01:21:09,088 [grpc-default-executor-4] WARN  server.GrpcLogAppender (LogUtils.java:warn(122)) - 06f45bb0-d367-47cf-8f0c-bcb418e113db@group-03C340C5BF62->df659118-86d4-47ae-9076-ad4ead1182cd-AppendLogResponseHandler: Failed appendEntries: org.apache.ratis.thirdparty.io.grpc.StatusRuntimeException: UNAVAILABLE: io exception
2021-09-08 01:21:09,093 [grpc-default-executor-4] WARN  server.GrpcLogAppender (GrpcLogAppender.java:resetClient(111)) - 06f45bb0-d367-47cf-8f0c-bcb418e113db@group-03C340C5BF62->df659118-86d4-47ae-9076-ad4ead1182cd-GrpcLogAppender: Leader has not got in touch with Follower 06f45bb0-d367-47cf-8f0c-bcb418e113db@group-03C340C5BF62->df659118-86d4-47ae-9076-ad4ead1182cd(c-1,m0,n2, attendVote=true, lastRpcSendTime=4, lastRpcResponseTime=5253) yet, just keep nextIndex unchanged and retry.
2021-09-08 01:21:09,108 [grpc-default-executor-4] INFO  server.RaftServer$Division (ServerState.java:setRaftConf(387)) - 0845838b-9535-4874-adc8-850f7ac3d0e5@group-03C340C5BF62: set configuration 1: [06f45bb0-d367-47cf-8f0c-bcb418e113db|rpc:10.1.0.19:33913|dataStream:|priority:0, 0845838b-9535-4874-adc8-850f7ac3d0e5|rpc:10.1.0.19:37265|dataStream:|priority:0, df659118-86d4-47ae-9076-ad4ead1182cd|rpc:10.1.0.19:41085|dataStream:|priority:1], old=null
2021-09-08 01:21:09,108 [grpc-default-executor-4] INFO  segmented.SegmentedRaftLogWorker (SegmentedRaftLogWorker.java:rollLogSegment(399)) - 0845838b-9535-4874-adc8-850f7ac3d0e5@group-03C340C5BF62-SegmentedRaftLogWorker: Rolling segment log-0_0 to index:0
2021-09-08 01:21:09,109 [0845838b-9535-4874-adc8-850f7ac3d0e5@group-03C340C5BF62-SegmentedRaftLogWorker] INFO  segmented.SegmentedRaftLogWorker (SegmentedRaftLogWorker.java:execute(558)) - 0845838b-9535-4874-adc8-850f7ac3d0e5@group-03C340C5BF62-SegmentedRaftLogWorker: Rolled log segment from /home/runner/work/ozone/ozone/hadoop-ozone/integration-test/target/test-dir/MiniOzoneClusterImpl-0f12cb01-4002-4394-a01c-5903f1f0237a/datanode-5/data/ratis/b549a200-60df-4568-98a3-03c340c5bf62/current/log_inprogress_0 to /home/runner/work/ozone/ozone/hadoop-ozone/integration-test/target/test-dir/MiniOzoneClusterImpl-0f12cb01-4002-4394-a01c-5903f1f0237a/datanode-5/data/ratis/b549a200-60df-4568-98a3-03c340c5bf62/current/log_0-0
2021-09-08 01:21:09,110 [0845838b-9535-4874-adc8-850f7ac3d0e5@group-03C340C5BF62-SegmentedRaftLogWorker] INFO  segmented.SegmentedRaftLogWorker (SegmentedRaftLogWorker.java:execute(601)) - 0845838b-9535-4874-adc8-850f7ac3d0e5@group-03C340C5BF62-SegmentedRaftLogWorker: created new log segment /home/runner/work/ozone/ozone/hadoop-ozone/integration-test/target/test-dir/MiniOzoneClusterImpl-0f12cb01-4002-4394-a01c-5903f1f0237a/datanode-5/data/ratis/b549a200-60df-4568-98a3-03c340c5bf62/current/log_inprogress_1
2021-09-08 01:21:09,142 [grpc-default-executor-4] WARN  server.GrpcLogAppender (LogUtils.java:warn(122)) - 06f45bb0-d367-47cf-8f0c-bcb418e113db@group-03C340C5BF62->df659118-86d4-47ae-9076-ad4ead1182cd-AppendLogResponseHandler: Failed appendEntries: org.apache.ratis.thirdparty.io.grpc.StatusRuntimeException: UNAVAILABLE: io exception
2021-09-08 01:21:09,143 [grpc-default-executor-4] WARN  server.GrpcLogAppender (GrpcLogAppender.java:resetClient(111)) - 06f45bb0-d367-47cf-8f0c-bcb418e113db@group-03C340C5BF62->df659118-86d4-47ae-9076-ad4ead1182cd-GrpcLogAppender: Leader has not got in touch with Follower 06f45bb0-d367-47cf-8f0c-bcb418e113db@group-03C340C5BF62->df659118-86d4-47ae-9076-ad4ead1182cd(c-1,m0,n3, attendVote=true, lastRpcSendTime=54, lastRpcResponseTime=5303) yet, just keep nextIndex unchanged and retry.
2021-09-08 01:21:09,383 [Listener at 127.0.0.1/40417] INFO  ozoneimpl.OzoneContainer (OzoneContainer.java:stop(325)) - Attempting to stop container services.
2021-09-08 01:21:09,383 [Listener at 127.0.0.1/40417] INFO  server.RaftServer (RaftServerProxy.java:lambda$close$6(391)) - 0845838b-9535-4874-adc8-850f7ac3d0e5: close
2021-09-08 01:21:09,384 [Listener at 127.0.0.1/40417] INFO  server.RaftServer$Division (RaftServerImpl.java:lambda$close$4(407)) - 0845838b-9535-4874-adc8-850f7ac3d0e5@group-03C340C5BF62: shutdown
2021-09-08 01:21:09,384 [Listener at 127.0.0.1/40417] INFO  util.JmxRegister (JmxRegister.java:unregister(73)) - Successfully un-registered JMX Bean with object name Ratis:service=RaftServer,group=group-03C340C5BF62,id=0845838b-9535-4874-adc8-850f7ac3d0e5
2021-09-08 01:21:09,384 [Listener at 127.0.0.1/40417] INFO  impl.RoleInfo (RoleInfo.java:shutdownFollowerState(108)) - 0845838b-9535-4874-adc8-850f7ac3d0e5: shutdown 0845838b-9535-4874-adc8-850f7ac3d0e5@group-03C340C5BF62-FollowerState
2021-09-08 01:21:09,384 [Listener at 127.0.0.1/40417] INFO  impl.StateMachineUpdater (StateMachineUpdater.java:stopAndJoin(149)) - 0845838b-9535-4874-adc8-850f7ac3d0e5@group-03C340C5BF62-StateMachineUpdater: set stopIndex = 1
2021-09-08 01:21:09,384 [0845838b-9535-4874-adc8-850f7ac3d0e5@group-03C340C5BF62-StateMachineUpdater] INFO  ratis.ContainerStateMachine (ContainerStateMachine.java:takeSnapshot(292)) - group-03C340C5BF62: Taking a snapshot at:(t:5, i:1) file /home/runner/work/ozone/ozone/hadoop-ozone/integration-test/target/test-dir/MiniOzoneClusterImpl-0f12cb01-4002-4394-a01c-5903f1f0237a/datanode-5/data/ratis/b549a200-60df-4568-98a3-03c340c5bf62/sm/snapshot.5_1
2021-09-08 01:21:09,384 [0845838b-9535-4874-adc8-850f7ac3d0e5@group-03C340C5BF62-FollowerState] INFO  impl.FollowerState (FollowerState.java:run(143)) - 0845838b-9535-4874-adc8-850f7ac3d0e5@group-03C340C5BF62-FollowerState was interrupted: {}
java.lang.InterruptedException: sleep interrupted
	at java.lang.Thread.sleep(Native Method)
	at java.lang.Thread.sleep(Thread.java:340)
	at java.util.concurrent.TimeUnit.sleep(TimeUnit.java:386)
	at org.apache.ratis.util.TimeDuration.sleep(TimeDuration.java:324)
	at org.apache.ratis.util.TimeDuration.sleep(TimeDuration.java:309)
	at org.apache.ratis.server.impl.FollowerState.run(FollowerState.java:118)
2021-09-08 01:21:09,397 [0845838b-9535-4874-adc8-850f7ac3d0e5@group-03C340C5BF62-StateMachineUpdater] INFO  ratis.ContainerStateMachine (ContainerStateMachine.java:takeSnapshot(303)) - group-03C340C5BF62: Finished taking a snapshot at:(t:5, i:1) file:/home/runner/work/ozone/ozone/hadoop-ozone/integration-test/target/test-dir/MiniOzoneClusterImpl-0f12cb01-4002-4394-a01c-5903f1f0237a/datanode-5/data/ratis/b549a200-60df-4568-98a3-03c340c5bf62/sm/snapshot.5_1 took: 13 ms
2021-09-08 01:21:09,398 [0845838b-9535-4874-adc8-850f7ac3d0e5@group-03C340C5BF62-StateMachineUpdater] INFO  impl.StateMachineUpdater (StateMachineUpdater.java:takeSnapshot(281)) - 0845838b-9535-4874-adc8-850f7ac3d0e5@group-03C340C5BF62-StateMachineUpdater: Took a snapshot at index 1
2021-09-08 01:21:09,398 [0845838b-9535-4874-adc8-850f7ac3d0e5@group-03C340C5BF62-StateMachineUpdater] INFO  impl.StateMachineUpdater (StateMachineUpdater.java:lambda$new$0(89)) - 0845838b-9535-4874-adc8-850f7ac3d0e5@group-03C340C5BF62-StateMachineUpdater: snapshotIndex: updateIncreasingly -1 -> 1
2021-09-08 01:21:09,401 [Listener at 127.0.0.1/40417] INFO  server.RaftServer$Division (ServerState.java:close(419)) - 0845838b-9535-4874-adc8-850f7ac3d0e5@group-03C340C5BF62: closes. applyIndex: 1
2021-09-08 01:21:09,401 [0845838b-9535-4874-adc8-850f7ac3d0e5@group-03C340C5BF62-SegmentedRaftLogWorker] INFO  segmented.SegmentedRaftLogWorker (SegmentedRaftLogWorker.java:run(327)) - 0845838b-9535-4874-adc8-850f7ac3d0e5@group-03C340C5BF62-SegmentedRaftLogWorker was interrupted, exiting. There are 0 tasks remaining in the queue.
2021-09-08 01:21:09,402 [Listener at 127.0.0.1/40417] INFO  segmented.SegmentedRaftLogWorker (SegmentedRaftLogWorker.java:close(237)) - 0845838b-9535-4874-adc8-850f7ac3d0e5@group-03C340C5BF62-SegmentedRaftLogWorker close()
2021-09-08 01:21:09,404 [ForkJoinPool.commonPool-worker-0] INFO  ozoneimpl.OzoneContainer (OzoneContainer.java:stop(325)) - Attempting to stop container services.
2021-09-08 01:21:09,408 [Listener at 127.0.0.1/40417] INFO  server.RaftServer$Division (RaftServerImpl.java:lambda$close$4(407)) - 0845838b-9535-4874-adc8-850f7ac3d0e5@group-504E66FDB36B: shutdown
2021-09-08 01:21:09,408 [Listener at 127.0.0.1/40417] INFO  util.JmxRegister (JmxRegister.java:unregister(73)) - Successfully un-registered JMX Bean with object name Ratis:service=RaftServer,group=group-504E66FDB36B,id=0845838b-9535-4874-adc8-850f7ac3d0e5
2021-09-08 01:21:09,408 [Listener at 127.0.0.1/40417] INFO  impl.RoleInfo (RoleInfo.java:shutdownLeaderState(91)) - 0845838b-9535-4874-adc8-850f7ac3d0e5: shutdown 0845838b-9535-4874-adc8-850f7ac3d0e5@group-504E66FDB36B-LeaderStateImpl
2021-09-08 01:21:09,409 [Listener at 127.0.0.1/40417] INFO  impl.PendingRequests (PendingRequests.java:sendNotLeaderResponses(282)) - 0845838b-9535-4874-adc8-850f7ac3d0e5@group-504E66FDB36B-PendingRequests: sendNotLeaderResponses
2021-09-08 01:21:09,409 [Listener at 127.0.0.1/40417] INFO  impl.StateMachineUpdater (StateMachineUpdater.java:stopAndJoin(149)) - 0845838b-9535-4874-adc8-850f7ac3d0e5@group-504E66FDB36B-StateMachineUpdater: set stopIndex = 0
2021-09-08 01:21:09,410 [0845838b-9535-4874-adc8-850f7ac3d0e5@group-504E66FDB36B-StateMachineUpdater] INFO  ratis.ContainerStateMachine (ContainerStateMachine.java:takeSnapshot(292)) - group-504E66FDB36B: Taking a snapshot at:(t:1, i:0) file /home/runner/work/ozone/ozone/hadoop-ozone/integration-test/target/test-dir/MiniOzoneClusterImpl-0f12cb01-4002-4394-a01c-5903f1f0237a/datanode-5/data/ratis/816a6bd5-5efd-4815-a346-504e66fdb36b/sm/snapshot.1_0
2021-09-08 01:21:09,410 [ForkJoinPool.commonPool-worker-0] INFO  server.RaftServer (RaftServerProxy.java:lambda$close$6(391)) - 06f45bb0-d367-47cf-8f0c-bcb418e113db: close
2021-09-08 01:21:09,410 [ForkJoinPool.commonPool-worker-0] INFO  server.RaftServer$Division (RaftServerImpl.java:lambda$close$4(407)) - 06f45bb0-d367-47cf-8f0c-bcb418e113db@group-4F4577DE100D: shutdown
2021-09-08 01:21:09,410 [ForkJoinPool.commonPool-worker-0] INFO  util.JmxRegister (JmxRegister.java:unregister(73)) - Successfully un-registered JMX Bean with object name Ratis:service=RaftServer,group=group-4F4577DE100D,id=06f45bb0-d367-47cf-8f0c-bcb418e113db
2021-09-08 01:21:09,410 [ForkJoinPool.commonPool-worker-0] INFO  impl.RoleInfo (RoleInfo.java:shutdownLeaderState(91)) - 06f45bb0-d367-47cf-8f0c-bcb418e113db: shutdown 06f45bb0-d367-47cf-8f0c-bcb418e113db@group-4F4577DE100D-LeaderStateImpl
2021-09-08 01:21:09,410 [ForkJoinPool.commonPool-worker-0] INFO  impl.PendingRequests (PendingRequests.java:sendNotLeaderResponses(282)) - 06f45bb0-d367-47cf-8f0c-bcb418e113db@group-4F4577DE100D-PendingRequests: sendNotLeaderResponses
2021-09-08 01:21:09,410 [0845838b-9535-4874-adc8-850f7ac3d0e5@group-504E66FDB36B-StateMachineUpdater] INFO  ratis.ContainerStateMachine (ContainerStateMachine.java:takeSnapshot(303)) - group-504E66FDB36B: Finished taking a snapshot at:(t:1, i:0) file:/home/runner/work/ozone/ozone/hadoop-ozone/integration-test/target/test-dir/MiniOzoneClusterImpl-0f12cb01-4002-4394-a01c-5903f1f0237a/datanode-5/data/ratis/816a6bd5-5efd-4815-a346-504e66fdb36b/sm/snapshot.1_0 took: 1 ms
2021-09-08 01:21:09,411 [ForkJoinPool.commonPool-worker-0] INFO  impl.StateMachineUpdater (StateMachineUpdater.java:stopAndJoin(149)) - 06f45bb0-d367-47cf-8f0c-bcb418e113db@group-4F4577DE100D-StateMachineUpdater: set stopIndex = 0
2021-09-08 01:21:09,411 [06f45bb0-d367-47cf-8f0c-bcb418e113db@group-4F4577DE100D-StateMachineUpdater] INFO  ratis.ContainerStateMachine (ContainerStateMachine.java:takeSnapshot(292)) - group-4F4577DE100D: Taking a snapshot at:(t:1, i:0) file /home/runner/work/ozone/ozone/hadoop-ozone/integration-test/target/test-dir/MiniOzoneClusterImpl-0f12cb01-4002-4394-a01c-5903f1f0237a/datanode-3/data/ratis/d099ff88-c4d8-4f88-9700-4f4577de100d/sm/snapshot.1_0
2021-09-08 01:21:09,411 [0845838b-9535-4874-adc8-850f7ac3d0e5@group-504E66FDB36B-StateMachineUpdater] INFO  impl.StateMachineUpdater (StateMachineUpdater.java:takeSnapshot(281)) - 0845838b-9535-4874-adc8-850f7ac3d0e5@group-504E66FDB36B-StateMachineUpdater: Took a snapshot at index 0
2021-09-08 01:21:09,411 [0845838b-9535-4874-adc8-850f7ac3d0e5@group-504E66FDB36B-StateMachineUpdater] INFO  impl.StateMachineUpdater (StateMachineUpdater.java:lambda$new$0(89)) - 0845838b-9535-4874-adc8-850f7ac3d0e5@group-504E66FDB36B-StateMachineUpdater: snapshotIndex: updateIncreasingly -1 -> 0
2021-09-08 01:21:09,411 [06f45bb0-d367-47cf-8f0c-bcb418e113db@group-4F4577DE100D-StateMachineUpdater] INFO  ratis.ContainerStateMachine (ContainerStateMachine.java:takeSnapshot(303)) - group-4F4577DE100D: Finished taking a snapshot at:(t:1, i:0) file:/home/runner/work/ozone/ozone/hadoop-ozone/integration-test/target/test-dir/MiniOzoneClusterImpl-0f12cb01-4002-4394-a01c-5903f1f0237a/datanode-3/data/ratis/d099ff88-c4d8-4f88-9700-4f4577de100d/sm/snapshot.1_0 took: 1 ms
2021-09-08 01:21:09,412 [06f45bb0-d367-47cf-8f0c-bcb418e113db@group-4F4577DE100D-StateMachineUpdater] INFO  impl.StateMachineUpdater (StateMachineUpdater.java:takeSnapshot(281)) - 06f45bb0-d367-47cf-8f0c-bcb418e113db@group-4F4577DE100D-StateMachineUpdater: Took a snapshot at index 0
2021-09-08 01:21:09,412 [06f45bb0-d367-47cf-8f0c-bcb418e113db@group-4F4577DE100D-StateMachineUpdater] INFO  impl.StateMachineUpdater (StateMachineUpdater.java:lambda$new$0(89)) - 06f45bb0-d367-47cf-8f0c-bcb418e113db@group-4F4577DE100D-StateMachineUpdater: snapshotIndex: updateIncreasingly -1 -> 0
2021-09-08 01:21:09,415 [ForkJoinPool.commonPool-worker-0] INFO  server.RaftServer$Division (ServerState.java:close(419)) - 06f45bb0-d367-47cf-8f0c-bcb418e113db@group-4F4577DE100D: closes. applyIndex: 0
2021-09-08 01:21:09,415 [06f45bb0-d367-47cf-8f0c-bcb418e113db@group-4F4577DE100D-SegmentedRaftLogWorker] INFO  segmented.SegmentedRaftLogWorker (SegmentedRaftLogWorker.java:run(327)) - 06f45bb0-d367-47cf-8f0c-bcb418e113db@group-4F4577DE100D-SegmentedRaftLogWorker was interrupted, exiting. There are 0 tasks remaining in the queue.
2021-09-08 01:21:09,415 [Listener at 127.0.0.1/40417] INFO  server.RaftServer$Division (ServerState.java:close(419)) - 0845838b-9535-4874-adc8-850f7ac3d0e5@group-504E66FDB36B: closes. applyIndex: 0
2021-09-08 01:21:09,415 [0845838b-9535-4874-adc8-850f7ac3d0e5@group-504E66FDB36B-SegmentedRaftLogWorker] INFO  segmented.SegmentedRaftLogWorker (SegmentedRaftLogWorker.java:run(327)) - 0845838b-9535-4874-adc8-850f7ac3d0e5@group-504E66FDB36B-SegmentedRaftLogWorker was interrupted, exiting. There are 0 tasks remaining in the queue.
2021-09-08 01:21:09,421 [ForkJoinPool.commonPool-worker-0] INFO  segmented.SegmentedRaftLogWorker (SegmentedRaftLogWorker.java:close(237)) - 06f45bb0-d367-47cf-8f0c-bcb418e113db@group-4F4577DE100D-SegmentedRaftLogWorker close()
2021-09-08 01:21:09,421 [Listener at 127.0.0.1/40417] INFO  segmented.SegmentedRaftLogWorker (SegmentedRaftLogWorker.java:close(237)) - 0845838b-9535-4874-adc8-850f7ac3d0e5@group-504E66FDB36B-SegmentedRaftLogWorker close()
2021-09-08 01:21:09,422 [ForkJoinPool.commonPool-worker-0] INFO  server.RaftServer$Division (RaftServerImpl.java:lambda$close$4(407)) - 06f45bb0-d367-47cf-8f0c-bcb418e113db@group-03C340C5BF62: shutdown
2021-09-08 01:21:09,422 [ForkJoinPool.commonPool-worker-0] INFO  util.JmxRegister (JmxRegister.java:unregister(73)) - Successfully un-registered JMX Bean with object name Ratis:service=RaftServer,group=group-03C340C5BF62,id=06f45bb0-d367-47cf-8f0c-bcb418e113db
2021-09-08 01:21:09,422 [ForkJoinPool.commonPool-worker-0] INFO  impl.RoleInfo (RoleInfo.java:shutdownLeaderState(91)) - 06f45bb0-d367-47cf-8f0c-bcb418e113db: shutdown 06f45bb0-d367-47cf-8f0c-bcb418e113db@group-03C340C5BF62-LeaderStateImpl
2021-09-08 01:21:09,423 [ForkJoinPool.commonPool-worker-0] INFO  impl.PendingRequests (PendingRequests.java:sendNotLeaderResponses(282)) - 06f45bb0-d367-47cf-8f0c-bcb418e113db@group-03C340C5BF62-PendingRequests: sendNotLeaderResponses
2021-09-08 01:21:09,423 [Listener at 127.0.0.1/40417] INFO  server.GrpcService (GrpcService.java:closeImpl(262)) - 0845838b-9535-4874-adc8-850f7ac3d0e5: shutdown server with port 37265 now
2021-09-08 01:21:09,423 [06f45bb0-d367-47cf-8f0c-bcb418e113db@group-03C340C5BF62->0845838b-9535-4874-adc8-850f7ac3d0e5-GrpcLogAppender-LogAppenderDaemon] WARN  server.GrpcLogAppender (GrpcLogAppender.java:mayWait(175)) - 06f45bb0-d367-47cf-8f0c-bcb418e113db@group-03C340C5BF62->0845838b-9535-4874-adc8-850f7ac3d0e5-GrpcLogAppender: Wait interrupted by java.lang.InterruptedException
2021-09-08 01:21:09,426 [ForkJoinPool.commonPool-worker-0] INFO  impl.StateMachineUpdater (StateMachineUpdater.java:stopAndJoin(149)) - 06f45bb0-d367-47cf-8f0c-bcb418e113db@group-03C340C5BF62-StateMachineUpdater: set stopIndex = 2
2021-09-08 01:21:09,426 [06f45bb0-d367-47cf-8f0c-bcb418e113db@group-03C340C5BF62-StateMachineUpdater] INFO  ratis.ContainerStateMachine (ContainerStateMachine.java:takeSnapshot(292)) - group-03C340C5BF62: Taking a snapshot at:(t:5, i:2) file /home/runner/work/ozone/ozone/hadoop-ozone/integration-test/target/test-dir/MiniOzoneClusterImpl-0f12cb01-4002-4394-a01c-5903f1f0237a/datanode-3/data/ratis/b549a200-60df-4568-98a3-03c340c5bf62/sm/snapshot.5_2
2021-09-08 01:21:09,427 [06f45bb0-d367-47cf-8f0c-bcb418e113db@group-03C340C5BF62-StateMachineUpdater] INFO  ratis.ContainerStateMachine (ContainerStateMachine.java:takeSnapshot(303)) - group-03C340C5BF62: Finished taking a snapshot at:(t:5, i:2) file:/home/runner/work/ozone/ozone/hadoop-ozone/integration-test/target/test-dir/MiniOzoneClusterImpl-0f12cb01-4002-4394-a01c-5903f1f0237a/datanode-3/data/ratis/b549a200-60df-4568-98a3-03c340c5bf62/sm/snapshot.5_2 took: 1 ms
2021-09-08 01:21:09,427 [06f45bb0-d367-47cf-8f0c-bcb418e113db@group-03C340C5BF62-StateMachineUpdater] INFO  impl.StateMachineUpdater (StateMachineUpdater.java:takeSnapshot(281)) - 06f45bb0-d367-47cf-8f0c-bcb418e113db@group-03C340C5BF62-StateMachineUpdater: Took a snapshot at index 2
2021-09-08 01:21:09,427 [06f45bb0-d367-47cf-8f0c-bcb418e113db@group-03C340C5BF62-StateMachineUpdater] INFO  impl.StateMachineUpdater (StateMachineUpdater.java:lambda$new$0(89)) - 06f45bb0-d367-47cf-8f0c-bcb418e113db@group-03C340C5BF62-StateMachineUpdater: snapshotIndex: updateIncreasingly -1 -> 2
2021-09-08 01:21:09,427 [ForkJoinPool.commonPool-worker-0] INFO  server.RaftServer$Division (ServerState.java:close(419)) - 06f45bb0-d367-47cf-8f0c-bcb418e113db@group-03C340C5BF62: closes. applyIndex: 2
2021-09-08 01:21:09,428 [06f45bb0-d367-47cf-8f0c-bcb418e113db@group-03C340C5BF62-SegmentedRaftLogWorker] INFO  segmented.SegmentedRaftLogWorker (SegmentedRaftLogWorker.java:run(327)) - 06f45bb0-d367-47cf-8f0c-bcb418e113db@group-03C340C5BF62-SegmentedRaftLogWorker was interrupted, exiting. There are 0 tasks remaining in the queue.
2021-09-08 01:21:09,432 [ForkJoinPool.commonPool-worker-0] INFO  segmented.SegmentedRaftLogWorker (SegmentedRaftLogWorker.java:close(237)) - 06f45bb0-d367-47cf-8f0c-bcb418e113db@group-03C340C5BF62-SegmentedRaftLogWorker close()
2021-09-08 01:21:09,433 [ForkJoinPool.commonPool-worker-0] INFO  server.GrpcService (GrpcService.java:closeImpl(262)) - 06f45bb0-d367-47cf-8f0c-bcb418e113db: shutdown server with port 33913 now
2021-09-08 01:21:09,443 [grpc-default-executor-3] WARN  server.GrpcServerProtocolService (LogUtils.java:warn(122)) - 0845838b-9535-4874-adc8-850f7ac3d0e5: installSnapshot onError, lastRequest: 06f45bb0-d367-47cf-8f0c-bcb418e113db->0845838b-9535-4874-adc8-850f7ac3d0e5#2-t5,previous=(t:5, i:1),leaderCommit=1,initializing? true,entries: size=1, first=(t:5, i:2), METADATAENTRY(c:1): org.apache.ratis.thirdparty.io.grpc.StatusRuntimeException: CANCELLED: client cancelled
2021-09-08 01:21:09,445 [Listener at 127.0.0.1/40417] INFO  server.GrpcService (GrpcService.java:closeImpl(271)) - 0845838b-9535-4874-adc8-850f7ac3d0e5: shutdown server with port 37265 successfully
2021-09-08 01:21:09,445 [org.apache.ratis.util.JvmPauseMonitor$$Lambda$531/832986589@678b924] INFO  util.JvmPauseMonitor (JvmPauseMonitor.java:run(109)) - JvmPauseMonitor-0845838b-9535-4874-adc8-850f7ac3d0e5: Stopped
2021-09-08 01:21:09,446 [Listener at 127.0.0.1/40417] INFO  utils.BackgroundService (BackgroundService.java:shutdown(132)) - Shutting down service BlockDeletingService
2021-09-08 01:21:09,446 [grpc-default-executor-4] INFO  server.GrpcLogAppender (GrpcLogAppender.java:onError(333)) - 06f45bb0-d367-47cf-8f0c-bcb418e113db@group-03C340C5BF62->0845838b-9535-4874-adc8-850f7ac3d0e5-GrpcLogAppender is stopped
2021-09-08 01:21:09,467 [ForkJoinPool.commonPool-worker-0] INFO  server.GrpcService (GrpcService.java:closeImpl(271)) - 06f45bb0-d367-47cf-8f0c-bcb418e113db: shutdown server with port 33913 successfully
2021-09-08 01:21:09,467 [org.apache.ratis.util.JvmPauseMonitor$$Lambda$531/832986589@1c059de4] INFO  util.JvmPauseMonitor (JvmPauseMonitor.java:run(109)) - JvmPauseMonitor-06f45bb0-d367-47cf-8f0c-bcb418e113db: Stopped
2021-09-08 01:21:09,474 [ForkJoinPool.commonPool-worker-0] INFO  utils.BackgroundService (BackgroundService.java:shutdown(132)) - Shutting down service BlockDeletingService
2021-09-08 01:21:10,880 [grpc-default-executor-4] WARN  server.GrpcLogAppender (LogUtils.java:warn(122)) - fff8da42-e543-4611-a72f-bc5e7a371435@group-721745A2736D->33731e97-16f6-45e4-8f2a-1dafddc3ee46-AppendLogResponseHandler: Failed appendEntries: org.apache.ratis.thirdparty.io.grpc.StatusRuntimeException: UNAVAILABLE: io exception
2021-09-08 01:21:10,881 [grpc-default-executor-4] WARN  server.GrpcLogAppender (GrpcLogAppender.java:resetClient(111)) - fff8da42-e543-4611-a72f-bc5e7a371435@group-721745A2736D->33731e97-16f6-45e4-8f2a-1dafddc3ee46-GrpcLogAppender: Leader has not got in touch with Follower fff8da42-e543-4611-a72f-bc5e7a371435@group-721745A2736D->33731e97-16f6-45e4-8f2a-1dafddc3ee46(c-1,m0,n3, attendVote=true, lastRpcSendTime=2502, lastRpcResponseTime=7771) yet, just keep nextIndex unchanged and retry.
2021-09-08 01:21:12,467 [Listener at 127.0.0.1/40417] INFO  statemachine.DatanodeStateMachine (DatanodeStateMachine.java:stopDaemon(515)) - Ozone container server stopped.
2021-09-08 01:21:12,469 [Listener at 127.0.0.1/40417] INFO  handler.ContextHandler (ContextHandler.java:doStop(1153)) - Stopped o.e.j.w.WebAppContext@76de4b5{hddsDatanode,/,null,STOPPED}{jar:file:/home/runner/.m2/repository/org/apache/ozone/hdds-container-service/1.2.0-SNAPSHOT/hdds-container-service-1.2.0-SNAPSHOT.jar!/webapps/hddsDatanode}
2021-09-08 01:21:12,470 [Listener at 127.0.0.1/40417] INFO  server.AbstractConnector (AbstractConnector.java:doStop(381)) - Stopped ServerConnector@4bd23b22{HTTP/1.1, (http/1.1)}{0.0.0.0:0}
2021-09-08 01:21:12,470 [Listener at 127.0.0.1/40417] INFO  server.session (HouseKeeper.java:stopScavenging(149)) - node0 Stopped scavenging
2021-09-08 01:21:12,471 [Listener at 127.0.0.1/40417] INFO  handler.ContextHandler (ContextHandler.java:doStop(1153)) - Stopped o.e.j.s.ServletContextHandler@43bc8c98{static,/static,jar:file:/home/runner/.m2/repository/org/apache/ozone/hdds-container-service/1.2.0-SNAPSHOT/hdds-container-service-1.2.0-SNAPSHOT.jar!/webapps/static,STOPPED}
2021-09-08 01:21:12,472 [Listener at 127.0.0.1/40417] INFO  handler.ContextHandler (ContextHandler.java:doStop(1153)) - Stopped o.e.j.s.ServletContextHandler@71b5be5d{logs,/logs,file:///home/runner/work/ozone/ozone/hadoop-ozone/integration-test/target/log,STOPPED}
2021-09-08 01:21:12,476 [ForkJoinPool.commonPool-worker-0] INFO  statemachine.DatanodeStateMachine (DatanodeStateMachine.java:stopDaemon(515)) - Ozone container server stopped.
2021-09-08 01:21:12,483 [ForkJoinPool.commonPool-worker-0] INFO  handler.ContextHandler (ContextHandler.java:doStop(1153)) - Stopped o.e.j.w.WebAppContext@43759560{hddsDatanode,/,null,STOPPED}{jar:file:/home/runner/.m2/repository/org/apache/ozone/hdds-container-service/1.2.0-SNAPSHOT/hdds-container-service-1.2.0-SNAPSHOT.jar!/webapps/hddsDatanode}
2021-09-08 01:21:12,484 [ForkJoinPool.commonPool-worker-0] INFO  server.AbstractConnector (AbstractConnector.java:doStop(381)) - Stopped ServerConnector@444d2bb6{HTTP/1.1, (http/1.1)}{0.0.0.0:0}
2021-09-08 01:21:12,484 [ForkJoinPool.commonPool-worker-0] INFO  server.session (HouseKeeper.java:stopScavenging(149)) - node0 Stopped scavenging
2021-09-08 01:21:12,487 [ForkJoinPool.commonPool-worker-0] INFO  handler.ContextHandler (ContextHandler.java:doStop(1153)) - Stopped o.e.j.s.ServletContextHandler@1af03386{static,/static,jar:file:/home/runner/.m2/repository/org/apache/ozone/hdds-container-service/1.2.0-SNAPSHOT/hdds-container-service-1.2.0-SNAPSHOT.jar!/webapps/static,STOPPED}
2021-09-08 01:21:12,488 [ForkJoinPool.commonPool-worker-0] INFO  handler.ContextHandler (ContextHandler.java:doStop(1153)) - Stopped o.e.j.s.ServletContextHandler@1ecb3cde{logs,/logs,file:///home/runner/work/ozone/ozone/hadoop-ozone/integration-test/target/log,STOPPED}
2021-09-08 01:21:13,396 [grpc-default-executor-3] WARN  server.GrpcLogAppender (LogUtils.java:warn(122)) - fff8da42-e543-4611-a72f-bc5e7a371435@group-721745A2736D->33731e97-16f6-45e4-8f2a-1dafddc3ee46-AppendLogResponseHandler: Failed appendEntries: org.apache.ratis.thirdparty.io.grpc.StatusRuntimeException: UNAVAILABLE: io exception
2021-09-08 01:21:13,397 [grpc-default-executor-3] WARN  server.GrpcLogAppender (GrpcLogAppender.java:resetClient(111)) - fff8da42-e543-4611-a72f-bc5e7a371435@group-721745A2736D->33731e97-16f6-45e4-8f2a-1dafddc3ee46-GrpcLogAppender: Leader has not got in touch with Follower fff8da42-e543-4611-a72f-bc5e7a371435@group-721745A2736D->33731e97-16f6-45e4-8f2a-1dafddc3ee46(c-1,m0,n3, attendVote=true, lastRpcSendTime=2509, lastRpcResponseTime=10286) yet, just keep nextIndex unchanged and retry.
2021-09-08 01:21:15,902 [grpc-default-executor-4] WARN  server.GrpcLogAppender (LogUtils.java:warn(122)) - fff8da42-e543-4611-a72f-bc5e7a371435@group-721745A2736D->33731e97-16f6-45e4-8f2a-1dafddc3ee46-AppendLogResponseHandler: Failed appendEntries: org.apache.ratis.thirdparty.io.grpc.StatusRuntimeException: UNAVAILABLE: io exception
2021-09-08 01:21:15,902 [grpc-default-executor-4] WARN  server.GrpcLogAppender (GrpcLogAppender.java:resetClient(111)) - fff8da42-e543-4611-a72f-bc5e7a371435@group-721745A2736D->33731e97-16f6-45e4-8f2a-1dafddc3ee46-GrpcLogAppender: Leader has not got in touch with Follower fff8da42-e543-4611-a72f-bc5e7a371435@group-721745A2736D->33731e97-16f6-45e4-8f2a-1dafddc3ee46(c-1,m0,n3, attendVote=true, lastRpcSendTime=0, lastRpcResponseTime=12792) yet, just keep nextIndex unchanged and retry.
2021-09-08 01:21:17,474 [Listener at 127.0.0.1/40417] INFO  ozoneimpl.OzoneContainer (OzoneContainer.java:stop(325)) - Attempting to stop container services.
2021-09-08 01:21:17,475 [Listener at 127.0.0.1/40417] INFO  server.RaftServer (RaftServerProxy.java:lambda$close$6(391)) - e7eadb9e-87f0-44a1-8347-22fb5259c06f: close
2021-09-08 01:21:17,475 [Listener at 127.0.0.1/40417] INFO  server.RaftServer$Division (RaftServerImpl.java:lambda$close$4(407)) - e7eadb9e-87f0-44a1-8347-22fb5259c06f@group-BEA90EEC2AFB: shutdown
2021-09-08 01:21:17,475 [Listener at 127.0.0.1/40417] INFO  util.JmxRegister (JmxRegister.java:unregister(73)) - Successfully un-registered JMX Bean with object name Ratis:service=RaftServer,group=group-BEA90EEC2AFB,id=e7eadb9e-87f0-44a1-8347-22fb5259c06f
2021-09-08 01:21:17,475 [Listener at 127.0.0.1/40417] INFO  impl.RoleInfo (RoleInfo.java:shutdownFollowerState(108)) - e7eadb9e-87f0-44a1-8347-22fb5259c06f: shutdown e7eadb9e-87f0-44a1-8347-22fb5259c06f@group-BEA90EEC2AFB-FollowerState
2021-09-08 01:21:17,476 [Listener at 127.0.0.1/40417] INFO  impl.StateMachineUpdater (StateMachineUpdater.java:stopAndJoin(149)) - e7eadb9e-87f0-44a1-8347-22fb5259c06f@group-BEA90EEC2AFB-StateMachineUpdater: set stopIndex = 14
2021-09-08 01:21:17,476 [e7eadb9e-87f0-44a1-8347-22fb5259c06f@group-BEA90EEC2AFB-StateMachineUpdater] INFO  ratis.ContainerStateMachine (ContainerStateMachine.java:takeSnapshot(292)) - group-BEA90EEC2AFB: Taking a snapshot at:(t:4, i:14) file /home/runner/work/ozone/ozone/hadoop-ozone/integration-test/target/test-dir/MiniOzoneClusterImpl-0f12cb01-4002-4394-a01c-5903f1f0237a/datanode-7/data/ratis/98ceae03-debc-4c23-819e-bea90eec2afb/sm/snapshot.4_14
2021-09-08 01:21:17,480 [e7eadb9e-87f0-44a1-8347-22fb5259c06f@group-BEA90EEC2AFB-FollowerState] INFO  impl.FollowerState (FollowerState.java:run(143)) - e7eadb9e-87f0-44a1-8347-22fb5259c06f@group-BEA90EEC2AFB-FollowerState was interrupted: {}
java.lang.InterruptedException: sleep interrupted
	at java.lang.Thread.sleep(Native Method)
	at java.lang.Thread.sleep(Thread.java:340)
	at java.util.concurrent.TimeUnit.sleep(TimeUnit.java:386)
	at org.apache.ratis.util.TimeDuration.sleep(TimeDuration.java:324)
	at org.apache.ratis.util.TimeDuration.sleep(TimeDuration.java:309)
	at org.apache.ratis.server.impl.FollowerState.run(FollowerState.java:118)
2021-09-08 01:21:17,491 [ForkJoinPool.commonPool-worker-0] INFO  ozoneimpl.OzoneContainer (OzoneContainer.java:stop(325)) - Attempting to stop container services.
2021-09-08 01:21:17,492 [ForkJoinPool.commonPool-worker-0] INFO  server.RaftServer (RaftServerProxy.java:lambda$close$6(391)) - fff8da42-e543-4611-a72f-bc5e7a371435: close
2021-09-08 01:21:17,492 [ForkJoinPool.commonPool-worker-0] INFO  server.RaftServer$Division (RaftServerImpl.java:lambda$close$4(407)) - fff8da42-e543-4611-a72f-bc5e7a371435@group-721745A2736D: shutdown
2021-09-08 01:21:17,492 [e7eadb9e-87f0-44a1-8347-22fb5259c06f@group-BEA90EEC2AFB-StateMachineUpdater] INFO  ratis.ContainerStateMachine (ContainerStateMachine.java:takeSnapshot(303)) - group-BEA90EEC2AFB: Finished taking a snapshot at:(t:4, i:14) file:/home/runner/work/ozone/ozone/hadoop-ozone/integration-test/target/test-dir/MiniOzoneClusterImpl-0f12cb01-4002-4394-a01c-5903f1f0237a/datanode-7/data/ratis/98ceae03-debc-4c23-819e-bea90eec2afb/sm/snapshot.4_14 took: 16 ms
2021-09-08 01:21:17,492 [e7eadb9e-87f0-44a1-8347-22fb5259c06f@group-BEA90EEC2AFB-StateMachineUpdater] INFO  impl.StateMachineUpdater (StateMachineUpdater.java:takeSnapshot(281)) - e7eadb9e-87f0-44a1-8347-22fb5259c06f@group-BEA90EEC2AFB-StateMachineUpdater: Took a snapshot at index 14
2021-09-08 01:21:17,493 [e7eadb9e-87f0-44a1-8347-22fb5259c06f@group-BEA90EEC2AFB-StateMachineUpdater] INFO  impl.StateMachineUpdater (StateMachineUpdater.java:lambda$new$0(89)) - e7eadb9e-87f0-44a1-8347-22fb5259c06f@group-BEA90EEC2AFB-StateMachineUpdater: snapshotIndex: updateIncreasingly -1 -> 14
2021-09-08 01:21:17,492 [ForkJoinPool.commonPool-worker-0] INFO  util.JmxRegister (JmxRegister.java:unregister(73)) - Successfully un-registered JMX Bean with object name Ratis:service=RaftServer,group=group-721745A2736D,id=fff8da42-e543-4611-a72f-bc5e7a371435
2021-09-08 01:21:17,493 [ForkJoinPool.commonPool-worker-0] INFO  impl.RoleInfo (RoleInfo.java:shutdownLeaderState(91)) - fff8da42-e543-4611-a72f-bc5e7a371435: shutdown fff8da42-e543-4611-a72f-bc5e7a371435@group-721745A2736D-LeaderStateImpl
2021-09-08 01:21:17,493 [ForkJoinPool.commonPool-worker-0] INFO  impl.PendingRequests (PendingRequests.java:sendNotLeaderResponses(282)) - fff8da42-e543-4611-a72f-bc5e7a371435@group-721745A2736D-PendingRequests: sendNotLeaderResponses
2021-09-08 01:21:17,493 [fff8da42-e543-4611-a72f-bc5e7a371435@group-721745A2736D->e8664701-17ec-4985-afd3-5de44f4c9c08-GrpcLogAppender-LogAppenderDaemon] WARN  server.GrpcLogAppender (GrpcLogAppender.java:mayWait(175)) - fff8da42-e543-4611-a72f-bc5e7a371435@group-721745A2736D->e8664701-17ec-4985-afd3-5de44f4c9c08-GrpcLogAppender: Wait interrupted by java.lang.InterruptedException
2021-09-08 01:21:17,494 [grpc-default-executor-3] INFO  server.GrpcServerProtocolService (GrpcServerProtocolService.java:onCompleted(140)) - e8664701-17ec-4985-afd3-5de44f4c9c08: Completed APPEND_ENTRIES, lastRequest: fff8da42-e543-4611-a72f-bc5e7a371435->e8664701-17ec-4985-afd3-5de44f4c9c08#2-t5,previous=(t:5, i:1),leaderCommit=1,initializing? true,entries: size=1, first=(t:5, i:2), METADATAENTRY(c:1)
2021-09-08 01:21:17,495 [grpc-default-executor-3] INFO  server.GrpcLogAppender (GrpcLogAppender.java:onCompleted(344)) - fff8da42-e543-4611-a72f-bc5e7a371435@group-721745A2736D->e8664701-17ec-4985-afd3-5de44f4c9c08-AppendLogResponseHandler: follower responses appendEntries COMPLETED
2021-09-08 01:21:17,495 [grpc-default-executor-3] INFO  leader.FollowerInfo (FollowerInfoImpl.java:lambda$new$0(46)) - fff8da42-e543-4611-a72f-bc5e7a371435@group-721745A2736D->e8664701-17ec-4985-afd3-5de44f4c9c08: nextIndex: updateUnconditionally 3 -> 2
2021-09-08 01:21:17,498 [ForkJoinPool.commonPool-worker-0] INFO  impl.StateMachineUpdater (StateMachineUpdater.java:stopAndJoin(149)) - fff8da42-e543-4611-a72f-bc5e7a371435@group-721745A2736D-StateMachineUpdater: set stopIndex = 2
2021-09-08 01:21:17,498 [fff8da42-e543-4611-a72f-bc5e7a371435@group-721745A2736D-StateMachineUpdater] INFO  ratis.ContainerStateMachine (ContainerStateMachine.java:takeSnapshot(292)) - group-721745A2736D: Taking a snapshot at:(t:5, i:2) file /home/runner/work/ozone/ozone/hadoop-ozone/integration-test/target/test-dir/MiniOzoneClusterImpl-0f12cb01-4002-4394-a01c-5903f1f0237a/datanode-0/data/ratis/0dd8c860-2cb9-4e4d-8e04-721745a2736d/sm/snapshot.5_2
2021-09-08 01:21:17,499 [fff8da42-e543-4611-a72f-bc5e7a371435@group-721745A2736D-StateMachineUpdater] INFO  ratis.ContainerStateMachine (ContainerStateMachine.java:takeSnapshot(303)) - group-721745A2736D: Finished taking a snapshot at:(t:5, i:2) file:/home/runner/work/ozone/ozone/hadoop-ozone/integration-test/target/test-dir/MiniOzoneClusterImpl-0f12cb01-4002-4394-a01c-5903f1f0237a/datanode-0/data/ratis/0dd8c860-2cb9-4e4d-8e04-721745a2736d/sm/snapshot.5_2 took: 1 ms
2021-09-08 01:21:17,499 [fff8da42-e543-4611-a72f-bc5e7a371435@group-721745A2736D-StateMachineUpdater] INFO  impl.StateMachineUpdater (StateMachineUpdater.java:takeSnapshot(281)) - fff8da42-e543-4611-a72f-bc5e7a371435@group-721745A2736D-StateMachineUpdater: Took a snapshot at index 2
2021-09-08 01:21:17,499 [fff8da42-e543-4611-a72f-bc5e7a371435@group-721745A2736D-StateMachineUpdater] INFO  impl.StateMachineUpdater (StateMachineUpdater.java:lambda$new$0(89)) - fff8da42-e543-4611-a72f-bc5e7a371435@group-721745A2736D-StateMachineUpdater: snapshotIndex: updateIncreasingly -1 -> 2
2021-09-08 01:21:17,499 [ForkJoinPool.commonPool-worker-0] INFO  server.RaftServer$Division (ServerState.java:close(419)) - fff8da42-e543-4611-a72f-bc5e7a371435@group-721745A2736D: closes. applyIndex: 2
2021-09-08 01:21:17,499 [fff8da42-e543-4611-a72f-bc5e7a371435@group-721745A2736D-SegmentedRaftLogWorker] INFO  segmented.SegmentedRaftLogWorker (SegmentedRaftLogWorker.java:run(327)) - fff8da42-e543-4611-a72f-bc5e7a371435@group-721745A2736D-SegmentedRaftLogWorker was interrupted, exiting. There are 0 tasks remaining in the queue.
2021-09-08 01:21:17,500 [Listener at 127.0.0.1/40417] INFO  server.RaftServer$Division (ServerState.java:close(419)) - e7eadb9e-87f0-44a1-8347-22fb5259c06f@group-BEA90EEC2AFB: closes. applyIndex: 14
2021-09-08 01:21:17,500 [e7eadb9e-87f0-44a1-8347-22fb5259c06f@group-BEA90EEC2AFB-SegmentedRaftLogWorker] INFO  segmented.SegmentedRaftLogWorker (SegmentedRaftLogWorker.java:run(327)) - e7eadb9e-87f0-44a1-8347-22fb5259c06f@group-BEA90EEC2AFB-SegmentedRaftLogWorker was interrupted, exiting. There are 0 tasks remaining in the queue.
2021-09-08 01:21:17,500 [ForkJoinPool.commonPool-worker-0] INFO  segmented.SegmentedRaftLogWorker (SegmentedRaftLogWorker.java:close(237)) - fff8da42-e543-4611-a72f-bc5e7a371435@group-721745A2736D-SegmentedRaftLogWorker close()
2021-09-08 01:21:17,503 [Listener at 127.0.0.1/40417] INFO  segmented.SegmentedRaftLogWorker (SegmentedRaftLogWorker.java:close(237)) - e7eadb9e-87f0-44a1-8347-22fb5259c06f@group-BEA90EEC2AFB-SegmentedRaftLogWorker close()
2021-09-08 01:21:17,504 [ForkJoinPool.commonPool-worker-0] INFO  server.RaftServer$Division (RaftServerImpl.java:lambda$close$4(407)) - fff8da42-e543-4611-a72f-bc5e7a371435@group-594664FFAA7E: shutdown
2021-09-08 01:21:17,504 [ForkJoinPool.commonPool-worker-0] INFO  util.JmxRegister (JmxRegister.java:unregister(73)) - Successfully un-registered JMX Bean with object name Ratis:service=RaftServer,group=group-594664FFAA7E,id=fff8da42-e543-4611-a72f-bc5e7a371435
2021-09-08 01:21:17,504 [ForkJoinPool.commonPool-worker-0] INFO  impl.RoleInfo (RoleInfo.java:shutdownLeaderState(91)) - fff8da42-e543-4611-a72f-bc5e7a371435: shutdown fff8da42-e543-4611-a72f-bc5e7a371435@group-594664FFAA7E-LeaderStateImpl
2021-09-08 01:21:17,504 [ForkJoinPool.commonPool-worker-0] INFO  impl.PendingRequests (PendingRequests.java:sendNotLeaderResponses(282)) - fff8da42-e543-4611-a72f-bc5e7a371435@group-594664FFAA7E-PendingRequests: sendNotLeaderResponses
2021-09-08 01:21:17,504 [Listener at 127.0.0.1/40417] INFO  server.RaftServer$Division (RaftServerImpl.java:lambda$close$4(407)) - e7eadb9e-87f0-44a1-8347-22fb5259c06f@group-F6FCB56752EC: shutdown
2021-09-08 01:21:17,505 [Listener at 127.0.0.1/40417] INFO  util.JmxRegister (JmxRegister.java:unregister(73)) - Successfully un-registered JMX Bean with object name Ratis:service=RaftServer,group=group-F6FCB56752EC,id=e7eadb9e-87f0-44a1-8347-22fb5259c06f
2021-09-08 01:21:17,505 [Listener at 127.0.0.1/40417] INFO  impl.RoleInfo (RoleInfo.java:shutdownLeaderState(91)) - e7eadb9e-87f0-44a1-8347-22fb5259c06f: shutdown e7eadb9e-87f0-44a1-8347-22fb5259c06f@group-F6FCB56752EC-LeaderStateImpl
2021-09-08 01:21:17,505 [Listener at 127.0.0.1/40417] INFO  impl.PendingRequests (PendingRequests.java:sendNotLeaderResponses(282)) - e7eadb9e-87f0-44a1-8347-22fb5259c06f@group-F6FCB56752EC-PendingRequests: sendNotLeaderResponses
2021-09-08 01:21:17,506 [Listener at 127.0.0.1/40417] INFO  impl.StateMachineUpdater (StateMachineUpdater.java:stopAndJoin(149)) - e7eadb9e-87f0-44a1-8347-22fb5259c06f@group-F6FCB56752EC-StateMachineUpdater: set stopIndex = 0
2021-09-08 01:21:17,506 [e7eadb9e-87f0-44a1-8347-22fb5259c06f@group-F6FCB56752EC-StateMachineUpdater] INFO  ratis.ContainerStateMachine (ContainerStateMachine.java:takeSnapshot(292)) - group-F6FCB56752EC: Taking a snapshot at:(t:1, i:0) file /home/runner/work/ozone/ozone/hadoop-ozone/integration-test/target/test-dir/MiniOzoneClusterImpl-0f12cb01-4002-4394-a01c-5903f1f0237a/datanode-7/data/ratis/fe532ce2-0f7d-4e52-b327-f6fcb56752ec/sm/snapshot.1_0
2021-09-08 01:21:17,507 [e7eadb9e-87f0-44a1-8347-22fb5259c06f@group-F6FCB56752EC-StateMachineUpdater] INFO  ratis.ContainerStateMachine (ContainerStateMachine.java:takeSnapshot(303)) - group-F6FCB56752EC: Finished taking a snapshot at:(t:1, i:0) file:/home/runner/work/ozone/ozone/hadoop-ozone/integration-test/target/test-dir/MiniOzoneClusterImpl-0f12cb01-4002-4394-a01c-5903f1f0237a/datanode-7/data/ratis/fe532ce2-0f7d-4e52-b327-f6fcb56752ec/sm/snapshot.1_0 took: 1 ms
2021-09-08 01:21:17,507 [e7eadb9e-87f0-44a1-8347-22fb5259c06f@group-F6FCB56752EC-StateMachineUpdater] INFO  impl.StateMachineUpdater (StateMachineUpdater.java:takeSnapshot(281)) - e7eadb9e-87f0-44a1-8347-22fb5259c06f@group-F6FCB56752EC-StateMachineUpdater: Took a snapshot at index 0
2021-09-08 01:21:17,507 [e7eadb9e-87f0-44a1-8347-22fb5259c06f@group-F6FCB56752EC-StateMachineUpdater] INFO  impl.StateMachineUpdater (StateMachineUpdater.java:lambda$new$0(89)) - e7eadb9e-87f0-44a1-8347-22fb5259c06f@group-F6FCB56752EC-StateMachineUpdater: snapshotIndex: updateIncreasingly -1 -> 0
2021-09-08 01:21:17,507 [Listener at 127.0.0.1/40417] INFO  server.RaftServer$Division (ServerState.java:close(419)) - e7eadb9e-87f0-44a1-8347-22fb5259c06f@group-F6FCB56752EC: closes. applyIndex: 0
2021-09-08 01:21:17,508 [e7eadb9e-87f0-44a1-8347-22fb5259c06f@group-F6FCB56752EC-SegmentedRaftLogWorker] INFO  segmented.SegmentedRaftLogWorker (SegmentedRaftLogWorker.java:run(327)) - e7eadb9e-87f0-44a1-8347-22fb5259c06f@group-F6FCB56752EC-SegmentedRaftLogWorker was interrupted, exiting. There are 0 tasks remaining in the queue.
2021-09-08 01:21:17,508 [Listener at 127.0.0.1/40417] INFO  segmented.SegmentedRaftLogWorker (SegmentedRaftLogWorker.java:close(237)) - e7eadb9e-87f0-44a1-8347-22fb5259c06f@group-F6FCB56752EC-SegmentedRaftLogWorker close()
2021-09-08 01:21:17,509 [fff8da42-e543-4611-a72f-bc5e7a371435@group-594664FFAA7E-StateMachineUpdater] INFO  ratis.ContainerStateMachine (ContainerStateMachine.java:takeSnapshot(292)) - group-594664FFAA7E: Taking a snapshot at:(t:1, i:0) file /home/runner/work/ozone/ozone/hadoop-ozone/integration-test/target/test-dir/MiniOzoneClusterImpl-0f12cb01-4002-4394-a01c-5903f1f0237a/datanode-0/data/ratis/a15cc136-6934-45a2-9e37-594664ffaa7e/sm/snapshot.1_0
2021-09-08 01:21:17,509 [ForkJoinPool.commonPool-worker-0] INFO  impl.StateMachineUpdater (StateMachineUpdater.java:stopAndJoin(149)) - fff8da42-e543-4611-a72f-bc5e7a371435@group-594664FFAA7E-StateMachineUpdater: set stopIndex = 0
2021-09-08 01:21:17,509 [fff8da42-e543-4611-a72f-bc5e7a371435@group-594664FFAA7E-StateMachineUpdater] INFO  ratis.ContainerStateMachine (ContainerStateMachine.java:takeSnapshot(303)) - group-594664FFAA7E: Finished taking a snapshot at:(t:1, i:0) file:/home/runner/work/ozone/ozone/hadoop-ozone/integration-test/target/test-dir/MiniOzoneClusterImpl-0f12cb01-4002-4394-a01c-5903f1f0237a/datanode-0/data/ratis/a15cc136-6934-45a2-9e37-594664ffaa7e/sm/snapshot.1_0 took: 1 ms
2021-09-08 01:21:17,509 [fff8da42-e543-4611-a72f-bc5e7a371435@group-594664FFAA7E-StateMachineUpdater] INFO  impl.StateMachineUpdater (StateMachineUpdater.java:takeSnapshot(281)) - fff8da42-e543-4611-a72f-bc5e7a371435@group-594664FFAA7E-StateMachineUpdater: Took a snapshot at index 0
2021-09-08 01:21:17,509 [fff8da42-e543-4611-a72f-bc5e7a371435@group-594664FFAA7E-StateMachineUpdater] INFO  impl.StateMachineUpdater (StateMachineUpdater.java:lambda$new$0(89)) - fff8da42-e543-4611-a72f-bc5e7a371435@group-594664FFAA7E-StateMachineUpdater: snapshotIndex: updateIncreasingly -1 -> 0
2021-09-08 01:21:17,510 [ForkJoinPool.commonPool-worker-0] INFO  server.RaftServer$Division (ServerState.java:close(419)) - fff8da42-e543-4611-a72f-bc5e7a371435@group-594664FFAA7E: closes. applyIndex: 0
2021-09-08 01:21:17,510 [fff8da42-e543-4611-a72f-bc5e7a371435@group-594664FFAA7E-SegmentedRaftLogWorker] INFO  segmented.SegmentedRaftLogWorker (SegmentedRaftLogWorker.java:run(327)) - fff8da42-e543-4611-a72f-bc5e7a371435@group-594664FFAA7E-SegmentedRaftLogWorker was interrupted, exiting. There are 0 tasks remaining in the queue.
2021-09-08 01:21:17,510 [ForkJoinPool.commonPool-worker-0] INFO  segmented.SegmentedRaftLogWorker (SegmentedRaftLogWorker.java:close(237)) - fff8da42-e543-4611-a72f-bc5e7a371435@group-594664FFAA7E-SegmentedRaftLogWorker close()
2021-09-08 01:21:17,512 [Listener at 127.0.0.1/40417] INFO  server.GrpcService (GrpcService.java:closeImpl(262)) - e7eadb9e-87f0-44a1-8347-22fb5259c06f: shutdown server with port 40669 now
2021-09-08 01:21:17,513 [grpc-default-executor-4] WARN  server.GrpcServerProtocolService (LogUtils.java:warn(122)) - e7eadb9e-87f0-44a1-8347-22fb5259c06f: installSnapshot onError, lastRequest: c4ae24d6-167d-432b-819b-55d2c3b07854->e7eadb9e-87f0-44a1-8347-22fb5259c06f#195-t4,previous=(t:4, i:13),leaderCommit=8,initializing? true,entries: size=1, first=(t:4, i:14), METADATAENTRY(c:8): org.apache.ratis.thirdparty.io.grpc.StatusRuntimeException: CANCELLED: client cancelled
2021-09-08 01:21:17,514 [ForkJoinPool.commonPool-worker-0] INFO  server.GrpcService (GrpcService.java:closeImpl(262)) - fff8da42-e543-4611-a72f-bc5e7a371435: shutdown server with port 33015 now
2021-09-08 01:21:17,519 [grpc-default-executor-0] WARN  server.GrpcLogAppender (LogUtils.java:warn(122)) - c4ae24d6-167d-432b-819b-55d2c3b07854@group-BEA90EEC2AFB->e7eadb9e-87f0-44a1-8347-22fb5259c06f-AppendLogResponseHandler: Failed appendEntries: org.apache.ratis.thirdparty.io.grpc.StatusRuntimeException: CANCELLED: HTTP/2 error code: CANCEL
Received Rst Stream
2021-09-08 01:21:17,519 [grpc-default-executor-0] INFO  leader.FollowerInfo (FollowerInfoImpl.java:lambda$new$0(46)) - c4ae24d6-167d-432b-819b-55d2c3b07854@group-BEA90EEC2AFB->e7eadb9e-87f0-44a1-8347-22fb5259c06f: nextIndex: updateUnconditionally 15 -> 14
2021-09-08 01:21:17,523 [ForkJoinPool.commonPool-worker-0] INFO  server.GrpcService (GrpcService.java:closeImpl(271)) - fff8da42-e543-4611-a72f-bc5e7a371435: shutdown server with port 33015 successfully
2021-09-08 01:21:17,523 [Listener at 127.0.0.1/40417] INFO  server.GrpcService (GrpcService.java:closeImpl(271)) - e7eadb9e-87f0-44a1-8347-22fb5259c06f: shutdown server with port 40669 successfully
2021-09-08 01:21:17,524 [org.apache.ratis.util.JvmPauseMonitor$$Lambda$531/832986589@3ccdb795] INFO  util.JvmPauseMonitor (JvmPauseMonitor.java:run(109)) - JvmPauseMonitor-e7eadb9e-87f0-44a1-8347-22fb5259c06f: Stopped
2021-09-08 01:21:17,524 [org.apache.ratis.util.JvmPauseMonitor$$Lambda$531/832986589@221f4c6c] INFO  util.JvmPauseMonitor (JvmPauseMonitor.java:run(109)) - JvmPauseMonitor-fff8da42-e543-4611-a72f-bc5e7a371435: Stopped
2021-09-08 01:21:17,526 [Listener at 127.0.0.1/40417] INFO  utils.BackgroundService (BackgroundService.java:shutdown(132)) - Shutting down service BlockDeletingService
2021-09-08 01:21:17,527 [grpc-default-executor-1] WARN  server.GrpcLogAppender (LogUtils.java:warn(122)) - c4ae24d6-167d-432b-819b-55d2c3b07854@group-BEA90EEC2AFB->e7eadb9e-87f0-44a1-8347-22fb5259c06f-AppendLogResponseHandler: Failed appendEntries: org.apache.ratis.thirdparty.io.grpc.StatusRuntimeException: UNAVAILABLE: io exception
2021-09-08 01:21:17,527 [grpc-default-executor-1] INFO  leader.FollowerInfo (FollowerInfoImpl.java:lambda$new$0(46)) - c4ae24d6-167d-432b-819b-55d2c3b07854@group-BEA90EEC2AFB->e7eadb9e-87f0-44a1-8347-22fb5259c06f: nextIndex: updateUnconditionally 15 -> 14
2021-09-08 01:21:17,530 [ForkJoinPool.commonPool-worker-0] INFO  utils.BackgroundService (BackgroundService.java:shutdown(132)) - Shutting down service BlockDeletingService
2021-09-08 01:21:20,025 [grpc-default-executor-1] WARN  server.GrpcLogAppender (LogUtils.java:warn(122)) - c4ae24d6-167d-432b-819b-55d2c3b07854@group-BEA90EEC2AFB->e7eadb9e-87f0-44a1-8347-22fb5259c06f-AppendLogResponseHandler: Failed appendEntries: org.apache.ratis.thirdparty.io.grpc.StatusRuntimeException: UNAVAILABLE: io exception
2021-09-08 01:21:20,026 [grpc-default-executor-1] INFO  leader.FollowerInfo (FollowerInfoImpl.java:lambda$new$0(46)) - c4ae24d6-167d-432b-819b-55d2c3b07854@group-BEA90EEC2AFB->e7eadb9e-87f0-44a1-8347-22fb5259c06f: nextIndex: updateUnconditionally 15 -> 14
2021-09-08 01:21:20,532 [ForkJoinPool.commonPool-worker-0] INFO  statemachine.DatanodeStateMachine (DatanodeStateMachine.java:stopDaemon(515)) - Ozone container server stopped.
2021-09-08 01:21:20,535 [ForkJoinPool.commonPool-worker-0] INFO  handler.ContextHandler (ContextHandler.java:doStop(1153)) - Stopped o.e.j.w.WebAppContext@76ce2e7{hddsDatanode,/,null,STOPPED}{jar:file:/home/runner/.m2/repository/org/apache/ozone/hdds-container-service/1.2.0-SNAPSHOT/hdds-container-service-1.2.0-SNAPSHOT.jar!/webapps/hddsDatanode}
2021-09-08 01:21:20,536 [ForkJoinPool.commonPool-worker-0] INFO  server.AbstractConnector (AbstractConnector.java:doStop(381)) - Stopped ServerConnector@25ae0223{HTTP/1.1, (http/1.1)}{0.0.0.0:0}
2021-09-08 01:21:20,536 [ForkJoinPool.commonPool-worker-0] INFO  server.session (HouseKeeper.java:stopScavenging(149)) - node0 Stopped scavenging
2021-09-08 01:21:20,536 [Listener at 127.0.0.1/40417] INFO  statemachine.DatanodeStateMachine (DatanodeStateMachine.java:stopDaemon(515)) - Ozone container server stopped.
2021-09-08 01:21:20,537 [Listener at 127.0.0.1/40417] INFO  handler.ContextHandler (ContextHandler.java:doStop(1153)) - Stopped o.e.j.w.WebAppContext@1ef2b7ef{hddsDatanode,/,null,STOPPED}{jar:file:/home/runner/.m2/repository/org/apache/ozone/hdds-container-service/1.2.0-SNAPSHOT/hdds-container-service-1.2.0-SNAPSHOT.jar!/webapps/hddsDatanode}
2021-09-08 01:21:20,538 [Listener at 127.0.0.1/40417] INFO  server.AbstractConnector (AbstractConnector.java:doStop(381)) - Stopped ServerConnector@4544bccb{HTTP/1.1, (http/1.1)}{0.0.0.0:0}
2021-09-08 01:21:20,538 [Listener at 127.0.0.1/40417] INFO  server.session (HouseKeeper.java:stopScavenging(149)) - node0 Stopped scavenging
2021-09-08 01:21:20,542 [ForkJoinPool.commonPool-worker-0] INFO  handler.ContextHandler (ContextHandler.java:doStop(1153)) - Stopped o.e.j.s.ServletContextHandler@79d7ae7d{static,/static,jar:file:/home/runner/.m2/repository/org/apache/ozone/hdds-container-service/1.2.0-SNAPSHOT/hdds-container-service-1.2.0-SNAPSHOT.jar!/webapps/static,STOPPED}
2021-09-08 01:21:20,542 [Listener at 127.0.0.1/40417] INFO  handler.ContextHandler (ContextHandler.java:doStop(1153)) - Stopped o.e.j.s.ServletContextHandler@6bd02ccb{static,/static,jar:file:/home/runner/.m2/repository/org/apache/ozone/hdds-container-service/1.2.0-SNAPSHOT/hdds-container-service-1.2.0-SNAPSHOT.jar!/webapps/static,STOPPED}
2021-09-08 01:21:20,543 [Listener at 127.0.0.1/40417] INFO  handler.ContextHandler (ContextHandler.java:doStop(1153)) - Stopped o.e.j.s.ServletContextHandler@9d7522{logs,/logs,file:///home/runner/work/ozone/ozone/hadoop-ozone/integration-test/target/log,STOPPED}
2021-09-08 01:21:20,554 [ForkJoinPool.commonPool-worker-0] INFO  handler.ContextHandler (ContextHandler.java:doStop(1153)) - Stopped o.e.j.s.ServletContextHandler@561419ce{logs,/logs,file:///home/runner/work/ozone/ozone/hadoop-ozone/integration-test/target/log,STOPPED}
2021-09-08 01:21:22,526 [grpc-default-executor-1] WARN  server.GrpcLogAppender (LogUtils.java:warn(122)) - c4ae24d6-167d-432b-819b-55d2c3b07854@group-BEA90EEC2AFB->e7eadb9e-87f0-44a1-8347-22fb5259c06f-AppendLogResponseHandler: Failed appendEntries: org.apache.ratis.thirdparty.io.grpc.StatusRuntimeException: UNAVAILABLE: io exception
2021-09-08 01:21:22,527 [grpc-default-executor-1] INFO  leader.FollowerInfo (FollowerInfoImpl.java:lambda$new$0(46)) - c4ae24d6-167d-432b-819b-55d2c3b07854@group-BEA90EEC2AFB->e7eadb9e-87f0-44a1-8347-22fb5259c06f: nextIndex: updateUnconditionally 15 -> 14
2021-09-08 01:21:23,489 [e8664701-17ec-4985-afd3-5de44f4c9c08@group-721745A2736D-FollowerState] INFO  impl.FollowerState (FollowerState.java:run(134)) - e8664701-17ec-4985-afd3-5de44f4c9c08@group-721745A2736D-FollowerState: change to CANDIDATE, lastRpcElapsedTime:7517079036ns, electionTimeout:5089ms
2021-09-08 01:21:23,489 [e8664701-17ec-4985-afd3-5de44f4c9c08@group-721745A2736D-FollowerState] INFO  impl.RoleInfo (RoleInfo.java:shutdownFollowerState(108)) - e8664701-17ec-4985-afd3-5de44f4c9c08: shutdown e8664701-17ec-4985-afd3-5de44f4c9c08@group-721745A2736D-FollowerState
2021-09-08 01:21:23,489 [e8664701-17ec-4985-afd3-5de44f4c9c08@group-721745A2736D-FollowerState] INFO  server.RaftServer$Division (RaftServerImpl.java:setRole(285)) - e8664701-17ec-4985-afd3-5de44f4c9c08@group-721745A2736D: changes role from  FOLLOWER to CANDIDATE at term 5 for changeToCandidate
2021-09-08 01:21:23,489 [e8664701-17ec-4985-afd3-5de44f4c9c08@group-721745A2736D-FollowerState] INFO  server.RaftServerConfigKeys (ConfUtils.java:logGet(44)) - raft.server.leaderelection.pre-vote = false (custom)
2021-09-08 01:21:23,489 [e8664701-17ec-4985-afd3-5de44f4c9c08@group-721745A2736D-FollowerState] INFO  impl.RoleInfo (RoleInfo.java:updateAndGet(130)) - e8664701-17ec-4985-afd3-5de44f4c9c08: start e8664701-17ec-4985-afd3-5de44f4c9c08@group-721745A2736D-LeaderElection28
2021-09-08 01:21:23,512 [e8664701-17ec-4985-afd3-5de44f4c9c08@group-721745A2736D-LeaderElection28] INFO  server.RaftServer$Division (ServerState.java:setLeader(285)) - e8664701-17ec-4985-afd3-5de44f4c9c08@group-721745A2736D: change Leader from fff8da42-e543-4611-a72f-bc5e7a371435 to null at term 5 for ELECTION
2021-09-08 01:21:23,518 [e8664701-17ec-4985-afd3-5de44f4c9c08@group-721745A2736D-LeaderElection28] INFO  impl.LeaderElection (LeaderElection.java:askForVotes(306)) - e8664701-17ec-4985-afd3-5de44f4c9c08@group-721745A2736D-LeaderElection28 ELECTION round 0: submit vote requests at term 6 for 1: [e8664701-17ec-4985-afd3-5de44f4c9c08|rpc:10.1.0.19:41275|dataStream:|priority:0, fff8da42-e543-4611-a72f-bc5e7a371435|rpc:10.1.0.19:33015|dataStream:|priority:0, 33731e97-16f6-45e4-8f2a-1dafddc3ee46|rpc:10.1.0.19:43575|dataStream:|priority:1], old=null
2021-09-08 01:21:23,528 [e8664701-17ec-4985-afd3-5de44f4c9c08@group-721745A2736D-LeaderElection28] INFO  impl.LeaderElection (LogUtils.java:infoOrTrace(137)) - e8664701-17ec-4985-afd3-5de44f4c9c08@group-721745A2736D-LeaderElection28 got exception when requesting votes: java.util.concurrent.ExecutionException: org.apache.ratis.thirdparty.io.grpc.StatusRuntimeException: UNAVAILABLE: io exception
2021-09-08 01:21:23,528 [e8664701-17ec-4985-afd3-5de44f4c9c08@group-721745A2736D-LeaderElection28] INFO  impl.LeaderElection (LogUtils.java:infoOrTrace(137)) - e8664701-17ec-4985-afd3-5de44f4c9c08@group-721745A2736D-LeaderElection28 got exception when requesting votes: java.util.concurrent.ExecutionException: org.apache.ratis.thirdparty.io.grpc.StatusRuntimeException: UNAVAILABLE: io exception
2021-09-08 01:21:23,528 [e8664701-17ec-4985-afd3-5de44f4c9c08@group-721745A2736D-LeaderElection28] INFO  impl.LeaderElection (LeaderElection.java:logAndReturn(89)) - e8664701-17ec-4985-afd3-5de44f4c9c08@group-721745A2736D-LeaderElection28: ELECTION REJECTED received 0 response(s) and 2 exception(s):
2021-09-08 01:21:23,528 [e8664701-17ec-4985-afd3-5de44f4c9c08@group-721745A2736D-LeaderElection28] INFO  impl.LeaderElection (LogUtils.java:infoOrTrace(137)) -   Exception 0: java.util.concurrent.ExecutionException: org.apache.ratis.thirdparty.io.grpc.StatusRuntimeException: UNAVAILABLE: io exception
2021-09-08 01:21:23,528 [e8664701-17ec-4985-afd3-5de44f4c9c08@group-721745A2736D-LeaderElection28] INFO  impl.LeaderElection (LogUtils.java:infoOrTrace(137)) -   Exception 1: java.util.concurrent.ExecutionException: org.apache.ratis.thirdparty.io.grpc.StatusRuntimeException: UNAVAILABLE: io exception
2021-09-08 01:21:23,528 [e8664701-17ec-4985-afd3-5de44f4c9c08@group-721745A2736D-LeaderElection28] INFO  impl.LeaderElection (LeaderElection.java:askForVotes(308)) - e8664701-17ec-4985-afd3-5de44f4c9c08@group-721745A2736D-LeaderElection28 ELECTION round 0: result REJECTED
2021-09-08 01:21:23,528 [e8664701-17ec-4985-afd3-5de44f4c9c08@group-721745A2736D-LeaderElection28] INFO  server.RaftServer$Division (RaftServerImpl.java:setRole(285)) - e8664701-17ec-4985-afd3-5de44f4c9c08@group-721745A2736D: changes role from CANDIDATE to FOLLOWER at term 6 for REJECTED
2021-09-08 01:21:23,528 [e8664701-17ec-4985-afd3-5de44f4c9c08@group-721745A2736D-LeaderElection28] INFO  impl.RoleInfo (RoleInfo.java:shutdownLeaderElection(121)) - e8664701-17ec-4985-afd3-5de44f4c9c08: shutdown e8664701-17ec-4985-afd3-5de44f4c9c08@group-721745A2736D-LeaderElection28
2021-09-08 01:21:23,528 [e8664701-17ec-4985-afd3-5de44f4c9c08@group-721745A2736D-LeaderElection28] INFO  impl.RoleInfo (RoleInfo.java:updateAndGet(130)) - e8664701-17ec-4985-afd3-5de44f4c9c08: start e8664701-17ec-4985-afd3-5de44f4c9c08@group-721745A2736D-FollowerState
2021-09-08 01:21:25,026 [grpc-default-executor-1] WARN  server.GrpcLogAppender (LogUtils.java:warn(122)) - c4ae24d6-167d-432b-819b-55d2c3b07854@group-BEA90EEC2AFB->e7eadb9e-87f0-44a1-8347-22fb5259c06f-AppendLogResponseHandler: Failed appendEntries: org.apache.ratis.thirdparty.io.grpc.StatusRuntimeException: UNAVAILABLE: io exception
2021-09-08 01:21:25,027 [grpc-default-executor-1] INFO  leader.FollowerInfo (FollowerInfoImpl.java:lambda$new$0(46)) - c4ae24d6-167d-432b-819b-55d2c3b07854@group-BEA90EEC2AFB->e7eadb9e-87f0-44a1-8347-22fb5259c06f: nextIndex: updateUnconditionally 15 -> 14
2021-09-08 01:21:25,434 [EventQueue-StaleNodeForStaleNodeHandler] INFO  node.StaleNodeHandler (StaleNodeHandler.java:onMessage(58)) - Datanode 33731e97-16f6-45e4-8f2a-1dafddc3ee46{ip: 10.1.0.19, host: fv-az396-69.zsjpccerc4sulamragr3v05mvf.jx.internal.cloudapp.net, ports: [REPLICATION=43647, RATIS=43575, RATIS_ADMIN=43575, RATIS_SERVER=43575, STANDALONE=42867], networkLocation: /default-rack, certSerialId: null, persistedOpState: IN_SERVICE, persistedOpStateExpiryEpochSec: 0} moved to stale state. Finalizing its pipelines [PipelineID=0dd8c860-2cb9-4e4d-8e04-721745a2736d, PipelineID=eec28ec3-c5c6-45b7-ac81-e87320b4b532]
2021-09-08 01:21:25,434 [EventQueue-StaleNodeForStaleNodeHandler] INFO  pipeline.PipelineManagerImpl (PipelineManagerImpl.java:closePipeline(342)) - Pipeline Pipeline[ Id: 0dd8c860-2cb9-4e4d-8e04-721745a2736d, Nodes: e8664701-17ec-4985-afd3-5de44f4c9c08{ip: 10.1.0.19, host: fv-az396-69.zsjpccerc4sulamragr3v05mvf.jx.internal.cloudapp.net, ports: [REPLICATION=41283, RATIS=41275, RATIS_ADMIN=41275, RATIS_SERVER=41275, STANDALONE=44909], networkLocation: /default-rack, certSerialId: null, persistedOpState: IN_SERVICE, persistedOpStateExpiryEpochSec: 0}33731e97-16f6-45e4-8f2a-1dafddc3ee46{ip: 10.1.0.19, host: fv-az396-69.zsjpccerc4sulamragr3v05mvf.jx.internal.cloudapp.net, ports: [REPLICATION=43647, RATIS=43575, RATIS_ADMIN=43575, RATIS_SERVER=43575, STANDALONE=42867], networkLocation: /default-rack, certSerialId: null, persistedOpState: IN_SERVICE, persistedOpStateExpiryEpochSec: 0}fff8da42-e543-4611-a72f-bc5e7a371435{ip: 10.1.0.19, host: fv-az396-69.zsjpccerc4sulamragr3v05mvf.jx.internal.cloudapp.net, ports: [REPLICATION=45561, RATIS=33015, RATIS_ADMIN=33015, RATIS_SERVER=33015, STANDALONE=40217], networkLocation: /default-rack, certSerialId: null, persistedOpState: IN_SERVICE, persistedOpStateExpiryEpochSec: 0}, ReplicationConfig: RATIS/THREE, State:OPEN, leaderId:fff8da42-e543-4611-a72f-bc5e7a371435, CreationTimestamp2021-09-08T01:20:35.242Z[Etc/UTC]] moved to CLOSED state
2021-09-08 01:21:25,435 [EventQueue-StaleNodeForStaleNodeHandler] INFO  pipeline.PipelineManagerImpl (PipelineManagerImpl.java:closePipeline(342)) - Pipeline Pipeline[ Id: eec28ec3-c5c6-45b7-ac81-e87320b4b532, Nodes: 33731e97-16f6-45e4-8f2a-1dafddc3ee46{ip: 10.1.0.19, host: fv-az396-69.zsjpccerc4sulamragr3v05mvf.jx.internal.cloudapp.net, ports: [REPLICATION=43647, RATIS=43575, RATIS_ADMIN=43575, RATIS_SERVER=43575, STANDALONE=42867], networkLocation: /default-rack, certSerialId: null, persistedOpState: IN_SERVICE, persistedOpStateExpiryEpochSec: 0}, ReplicationConfig: RATIS/ONE, State:OPEN, leaderId:33731e97-16f6-45e4-8f2a-1dafddc3ee46, CreationTimestamp2021-09-08T01:20:35.238Z[Etc/UTC]] moved to CLOSED state
2021-09-08 01:21:25,548 [Listener at 127.0.0.1/40417] INFO  ozoneimpl.OzoneContainer (OzoneContainer.java:stop(325)) - Attempting to stop container services.
2021-09-08 01:21:25,548 [Listener at 127.0.0.1/40417] INFO  server.RaftServer (RaftServerProxy.java:lambda$close$6(391)) - a5b729b8-cc77-4510-b256-3db79b728626: close
2021-09-08 01:21:25,549 [Listener at 127.0.0.1/40417] INFO  server.RaftServer$Division (RaftServerImpl.java:lambda$close$4(407)) - a5b729b8-cc77-4510-b256-3db79b728626@group-F0B38F70DA8D: shutdown
2021-09-08 01:21:25,549 [Listener at 127.0.0.1/40417] INFO  util.JmxRegister (JmxRegister.java:unregister(73)) - Successfully un-registered JMX Bean with object name Ratis:service=RaftServer,group=group-F0B38F70DA8D,id=a5b729b8-cc77-4510-b256-3db79b728626
2021-09-08 01:21:25,549 [Listener at 127.0.0.1/40417] INFO  impl.RoleInfo (RoleInfo.java:shutdownLeaderState(91)) - a5b729b8-cc77-4510-b256-3db79b728626: shutdown a5b729b8-cc77-4510-b256-3db79b728626@group-F0B38F70DA8D-LeaderStateImpl
2021-09-08 01:21:25,549 [Listener at 127.0.0.1/40417] INFO  impl.PendingRequests (PendingRequests.java:sendNotLeaderResponses(282)) - a5b729b8-cc77-4510-b256-3db79b728626@group-F0B38F70DA8D-PendingRequests: sendNotLeaderResponses
2021-09-08 01:21:25,550 [Listener at 127.0.0.1/40417] INFO  impl.StateMachineUpdater (StateMachineUpdater.java:stopAndJoin(149)) - a5b729b8-cc77-4510-b256-3db79b728626@group-F0B38F70DA8D-StateMachineUpdater: set stopIndex = 0
2021-09-08 01:21:25,550 [a5b729b8-cc77-4510-b256-3db79b728626@group-F0B38F70DA8D-StateMachineUpdater] INFO  ratis.ContainerStateMachine (ContainerStateMachine.java:takeSnapshot(292)) - group-F0B38F70DA8D: Taking a snapshot at:(t:1, i:0) file /home/runner/work/ozone/ozone/hadoop-ozone/integration-test/target/test-dir/MiniOzoneClusterImpl-0f12cb01-4002-4394-a01c-5903f1f0237a/datanode-8/data/ratis/400cf0a3-1e0f-448c-b8e3-f0b38f70da8d/sm/snapshot.1_0
2021-09-08 01:21:25,551 [a5b729b8-cc77-4510-b256-3db79b728626@group-F0B38F70DA8D-StateMachineUpdater] INFO  ratis.ContainerStateMachine (ContainerStateMachine.java:takeSnapshot(303)) - group-F0B38F70DA8D: Finished taking a snapshot at:(t:1, i:0) file:/home/runner/work/ozone/ozone/hadoop-ozone/integration-test/target/test-dir/MiniOzoneClusterImpl-0f12cb01-4002-4394-a01c-5903f1f0237a/datanode-8/data/ratis/400cf0a3-1e0f-448c-b8e3-f0b38f70da8d/sm/snapshot.1_0 took: 1 ms
2021-09-08 01:21:25,551 [a5b729b8-cc77-4510-b256-3db79b728626@group-F0B38F70DA8D-StateMachineUpdater] INFO  impl.StateMachineUpdater (StateMachineUpdater.java:takeSnapshot(281)) - a5b729b8-cc77-4510-b256-3db79b728626@group-F0B38F70DA8D-StateMachineUpdater: Took a snapshot at index 0
2021-09-08 01:21:25,551 [a5b729b8-cc77-4510-b256-3db79b728626@group-F0B38F70DA8D-StateMachineUpdater] INFO  impl.StateMachineUpdater (StateMachineUpdater.java:lambda$new$0(89)) - a5b729b8-cc77-4510-b256-3db79b728626@group-F0B38F70DA8D-StateMachineUpdater: snapshotIndex: updateIncreasingly -1 -> 0
2021-09-08 01:21:25,553 [Listener at 127.0.0.1/40417] INFO  server.RaftServer$Division (ServerState.java:close(419)) - a5b729b8-cc77-4510-b256-3db79b728626@group-F0B38F70DA8D: closes. applyIndex: 0
2021-09-08 01:21:25,553 [a5b729b8-cc77-4510-b256-3db79b728626@group-F0B38F70DA8D-SegmentedRaftLogWorker] INFO  segmented.SegmentedRaftLogWorker (SegmentedRaftLogWorker.java:run(327)) - a5b729b8-cc77-4510-b256-3db79b728626@group-F0B38F70DA8D-SegmentedRaftLogWorker was interrupted, exiting. There are 0 tasks remaining in the queue.
2021-09-08 01:21:25,553 [Listener at 127.0.0.1/40417] INFO  segmented.SegmentedRaftLogWorker (SegmentedRaftLogWorker.java:close(237)) - a5b729b8-cc77-4510-b256-3db79b728626@group-F0B38F70DA8D-SegmentedRaftLogWorker close()
2021-09-08 01:21:25,556 [Listener at 127.0.0.1/40417] INFO  server.RaftServer$Division (RaftServerImpl.java:lambda$close$4(407)) - a5b729b8-cc77-4510-b256-3db79b728626@group-BEA90EEC2AFB: shutdown
2021-09-08 01:21:25,556 [Listener at 127.0.0.1/40417] INFO  util.JmxRegister (JmxRegister.java:unregister(73)) - Successfully un-registered JMX Bean with object name Ratis:service=RaftServer,group=group-BEA90EEC2AFB,id=a5b729b8-cc77-4510-b256-3db79b728626
2021-09-08 01:21:25,556 [Listener at 127.0.0.1/40417] INFO  impl.RoleInfo (RoleInfo.java:shutdownFollowerState(108)) - a5b729b8-cc77-4510-b256-3db79b728626: shutdown a5b729b8-cc77-4510-b256-3db79b728626@group-BEA90EEC2AFB-FollowerState
2021-09-08 01:21:25,556 [Listener at 127.0.0.1/40417] INFO  impl.StateMachineUpdater (StateMachineUpdater.java:stopAndJoin(149)) - a5b729b8-cc77-4510-b256-3db79b728626@group-BEA90EEC2AFB-StateMachineUpdater: set stopIndex = 14
2021-09-08 01:21:25,556 [a5b729b8-cc77-4510-b256-3db79b728626@group-BEA90EEC2AFB-FollowerState] INFO  impl.FollowerState (FollowerState.java:run(143)) - a5b729b8-cc77-4510-b256-3db79b728626@group-BEA90EEC2AFB-FollowerState was interrupted: {}
java.lang.InterruptedException: sleep interrupted
	at java.lang.Thread.sleep(Native Method)
	at java.lang.Thread.sleep(Thread.java:340)
	at java.util.concurrent.TimeUnit.sleep(TimeUnit.java:386)
	at org.apache.ratis.util.TimeDuration.sleep(TimeDuration.java:324)
	at org.apache.ratis.util.TimeDuration.sleep(TimeDuration.java:309)
	at org.apache.ratis.server.impl.FollowerState.run(FollowerState.java:118)
2021-09-08 01:21:25,557 [a5b729b8-cc77-4510-b256-3db79b728626@group-BEA90EEC2AFB-StateMachineUpdater] INFO  ratis.ContainerStateMachine (ContainerStateMachine.java:takeSnapshot(292)) - group-BEA90EEC2AFB: Taking a snapshot at:(t:4, i:14) file /home/runner/work/ozone/ozone/hadoop-ozone/integration-test/target/test-dir/MiniOzoneClusterImpl-0f12cb01-4002-4394-a01c-5903f1f0237a/datanode-8/data/ratis/98ceae03-debc-4c23-819e-bea90eec2afb/sm/snapshot.4_14
2021-09-08 01:21:25,557 [ForkJoinPool.commonPool-worker-0] INFO  ozoneimpl.OzoneContainer (OzoneContainer.java:stop(325)) - Attempting to stop container services.
2021-09-08 01:21:25,559 [a5b729b8-cc77-4510-b256-3db79b728626@group-BEA90EEC2AFB-StateMachineUpdater] INFO  ratis.ContainerStateMachine (ContainerStateMachine.java:takeSnapshot(303)) - group-BEA90EEC2AFB: Finished taking a snapshot at:(t:4, i:14) file:/home/runner/work/ozone/ozone/hadoop-ozone/integration-test/target/test-dir/MiniOzoneClusterImpl-0f12cb01-4002-4394-a01c-5903f1f0237a/datanode-8/data/ratis/98ceae03-debc-4c23-819e-bea90eec2afb/sm/snapshot.4_14 took: 2 ms
2021-09-08 01:21:25,559 [a5b729b8-cc77-4510-b256-3db79b728626@group-BEA90EEC2AFB-StateMachineUpdater] INFO  impl.StateMachineUpdater (StateMachineUpdater.java:takeSnapshot(281)) - a5b729b8-cc77-4510-b256-3db79b728626@group-BEA90EEC2AFB-StateMachineUpdater: Took a snapshot at index 14
2021-09-08 01:21:25,559 [a5b729b8-cc77-4510-b256-3db79b728626@group-BEA90EEC2AFB-StateMachineUpdater] INFO  impl.StateMachineUpdater (StateMachineUpdater.java:lambda$new$0(89)) - a5b729b8-cc77-4510-b256-3db79b728626@group-BEA90EEC2AFB-StateMachineUpdater: snapshotIndex: updateIncreasingly -1 -> 14
2021-09-08 01:21:25,560 [ForkJoinPool.commonPool-worker-0] INFO  server.RaftServer (RaftServerProxy.java:lambda$close$6(391)) - e8664701-17ec-4985-afd3-5de44f4c9c08: close
2021-09-08 01:21:25,560 [ForkJoinPool.commonPool-worker-0] INFO  server.RaftServer$Division (RaftServerImpl.java:lambda$close$4(407)) - e8664701-17ec-4985-afd3-5de44f4c9c08@group-721745A2736D: shutdown
2021-09-08 01:21:25,560 [ForkJoinPool.commonPool-worker-0] INFO  util.JmxRegister (JmxRegister.java:unregister(73)) - Successfully un-registered JMX Bean with object name Ratis:service=RaftServer,group=group-721745A2736D,id=e8664701-17ec-4985-afd3-5de44f4c9c08
2021-09-08 01:21:25,560 [ForkJoinPool.commonPool-worker-0] INFO  impl.RoleInfo (RoleInfo.java:shutdownFollowerState(108)) - e8664701-17ec-4985-afd3-5de44f4c9c08: shutdown e8664701-17ec-4985-afd3-5de44f4c9c08@group-721745A2736D-FollowerState
2021-09-08 01:21:25,560 [Listener at 127.0.0.1/40417] INFO  server.RaftServer$Division (ServerState.java:close(419)) - a5b729b8-cc77-4510-b256-3db79b728626@group-BEA90EEC2AFB: closes. applyIndex: 14
2021-09-08 01:21:25,560 [e8664701-17ec-4985-afd3-5de44f4c9c08@group-721745A2736D-FollowerState] INFO  impl.FollowerState (FollowerState.java:run(143)) - e8664701-17ec-4985-afd3-5de44f4c9c08@group-721745A2736D-FollowerState was interrupted: {}
java.lang.InterruptedException: sleep interrupted
	at java.lang.Thread.sleep(Native Method)
	at java.lang.Thread.sleep(Thread.java:340)
	at java.util.concurrent.TimeUnit.sleep(TimeUnit.java:386)
	at org.apache.ratis.util.TimeDuration.sleep(TimeDuration.java:324)
	at org.apache.ratis.util.TimeDuration.sleep(TimeDuration.java:309)
	at org.apache.ratis.server.impl.FollowerState.run(FollowerState.java:118)
2021-09-08 01:21:25,560 [e8664701-17ec-4985-afd3-5de44f4c9c08@group-721745A2736D-StateMachineUpdater] INFO  ratis.ContainerStateMachine (ContainerStateMachine.java:takeSnapshot(292)) - group-721745A2736D: Taking a snapshot at:(t:5, i:2) file /home/runner/work/ozone/ozone/hadoop-ozone/integration-test/target/test-dir/MiniOzoneClusterImpl-0f12cb01-4002-4394-a01c-5903f1f0237a/datanode-1/data/ratis/0dd8c860-2cb9-4e4d-8e04-721745a2736d/sm/snapshot.5_2
2021-09-08 01:21:25,561 [a5b729b8-cc77-4510-b256-3db79b728626@group-BEA90EEC2AFB-SegmentedRaftLogWorker] INFO  segmented.SegmentedRaftLogWorker (SegmentedRaftLogWorker.java:run(327)) - a5b729b8-cc77-4510-b256-3db79b728626@group-BEA90EEC2AFB-SegmentedRaftLogWorker was interrupted, exiting. There are 0 tasks remaining in the queue.
2021-09-08 01:21:25,560 [ForkJoinPool.commonPool-worker-0] INFO  impl.StateMachineUpdater (StateMachineUpdater.java:stopAndJoin(149)) - e8664701-17ec-4985-afd3-5de44f4c9c08@group-721745A2736D-StateMachineUpdater: set stopIndex = 2
2021-09-08 01:21:25,561 [Listener at 127.0.0.1/40417] INFO  segmented.SegmentedRaftLogWorker (SegmentedRaftLogWorker.java:close(237)) - a5b729b8-cc77-4510-b256-3db79b728626@group-BEA90EEC2AFB-SegmentedRaftLogWorker close()
2021-09-08 01:21:25,561 [e8664701-17ec-4985-afd3-5de44f4c9c08@group-721745A2736D-StateMachineUpdater] INFO  ratis.ContainerStateMachine (ContainerStateMachine.java:takeSnapshot(303)) - group-721745A2736D: Finished taking a snapshot at:(t:5, i:2) file:/home/runner/work/ozone/ozone/hadoop-ozone/integration-test/target/test-dir/MiniOzoneClusterImpl-0f12cb01-4002-4394-a01c-5903f1f0237a/datanode-1/data/ratis/0dd8c860-2cb9-4e4d-8e04-721745a2736d/sm/snapshot.5_2 took: 1 ms
2021-09-08 01:21:25,562 [e8664701-17ec-4985-afd3-5de44f4c9c08@group-721745A2736D-StateMachineUpdater] INFO  impl.StateMachineUpdater (StateMachineUpdater.java:takeSnapshot(281)) - e8664701-17ec-4985-afd3-5de44f4c9c08@group-721745A2736D-StateMachineUpdater: Took a snapshot at index 2
2021-09-08 01:21:25,562 [e8664701-17ec-4985-afd3-5de44f4c9c08@group-721745A2736D-StateMachineUpdater] INFO  impl.StateMachineUpdater (StateMachineUpdater.java:lambda$new$0(89)) - e8664701-17ec-4985-afd3-5de44f4c9c08@group-721745A2736D-StateMachineUpdater: snapshotIndex: updateIncreasingly -1 -> 2
2021-09-08 01:21:25,562 [ForkJoinPool.commonPool-worker-0] INFO  server.RaftServer$Division (ServerState.java:close(419)) - e8664701-17ec-4985-afd3-5de44f4c9c08@group-721745A2736D: closes. applyIndex: 2
2021-09-08 01:21:25,562 [e8664701-17ec-4985-afd3-5de44f4c9c08@group-721745A2736D-SegmentedRaftLogWorker] INFO  segmented.SegmentedRaftLogWorker (SegmentedRaftLogWorker.java:run(327)) - e8664701-17ec-4985-afd3-5de44f4c9c08@group-721745A2736D-SegmentedRaftLogWorker was interrupted, exiting. There are 0 tasks remaining in the queue.
2021-09-08 01:21:25,564 [ForkJoinPool.commonPool-worker-0] INFO  segmented.SegmentedRaftLogWorker (SegmentedRaftLogWorker.java:close(237)) - e8664701-17ec-4985-afd3-5de44f4c9c08@group-721745A2736D-SegmentedRaftLogWorker close()
2021-09-08 01:21:25,562 [Listener at 127.0.0.1/40417] INFO  server.GrpcService (GrpcService.java:closeImpl(262)) - a5b729b8-cc77-4510-b256-3db79b728626: shutdown server with port 41785 now
2021-09-08 01:21:25,566 [Listener at 127.0.0.1/40417] INFO  server.GrpcService (GrpcService.java:closeImpl(271)) - a5b729b8-cc77-4510-b256-3db79b728626: shutdown server with port 41785 successfully
2021-09-08 01:21:25,566 [org.apache.ratis.util.JvmPauseMonitor$$Lambda$531/832986589@34813f01] INFO  util.JvmPauseMonitor (JvmPauseMonitor.java:run(109)) - JvmPauseMonitor-a5b729b8-cc77-4510-b256-3db79b728626: Stopped
2021-09-08 01:21:25,566 [grpc-default-executor-0] WARN  server.GrpcLogAppender (LogUtils.java:warn(122)) - c4ae24d6-167d-432b-819b-55d2c3b07854@group-BEA90EEC2AFB->a5b729b8-cc77-4510-b256-3db79b728626-AppendLogResponseHandler: Failed appendEntries: org.apache.ratis.thirdparty.io.grpc.StatusRuntimeException: CANCELLED: HTTP/2 error code: CANCEL
Received Rst Stream
2021-09-08 01:21:25,567 [grpc-default-executor-0] INFO  leader.FollowerInfo (FollowerInfoImpl.java:lambda$new$0(46)) - c4ae24d6-167d-432b-819b-55d2c3b07854@group-BEA90EEC2AFB->a5b729b8-cc77-4510-b256-3db79b728626: nextIndex: updateUnconditionally 15 -> 14
2021-09-08 01:21:25,567 [grpc-default-executor-4] WARN  server.GrpcServerProtocolService (LogUtils.java:warn(122)) - a5b729b8-cc77-4510-b256-3db79b728626: installSnapshot onError, lastRequest: c4ae24d6-167d-432b-819b-55d2c3b07854->a5b729b8-cc77-4510-b256-3db79b728626#198-t4,previous=(t:4, i:13),leaderCommit=8,initializing? true,entries: size=1, first=(t:4, i:14), METADATAENTRY(c:8): org.apache.ratis.thirdparty.io.grpc.StatusRuntimeException: CANCELLED: client cancelled
2021-09-08 01:21:25,569 [Listener at 127.0.0.1/40417] INFO  utils.BackgroundService (BackgroundService.java:shutdown(132)) - Shutting down service BlockDeletingService
2021-09-08 01:21:25,569 [ForkJoinPool.commonPool-worker-0] INFO  server.RaftServer$Division (RaftServerImpl.java:lambda$close$4(407)) - e8664701-17ec-4985-afd3-5de44f4c9c08@group-55994ED9ADE4: shutdown
2021-09-08 01:21:25,569 [ForkJoinPool.commonPool-worker-0] INFO  util.JmxRegister (JmxRegister.java:unregister(73)) - Successfully un-registered JMX Bean with object name Ratis:service=RaftServer,group=group-55994ED9ADE4,id=e8664701-17ec-4985-afd3-5de44f4c9c08
2021-09-08 01:21:25,569 [ForkJoinPool.commonPool-worker-0] INFO  impl.RoleInfo (RoleInfo.java:shutdownLeaderState(91)) - e8664701-17ec-4985-afd3-5de44f4c9c08: shutdown e8664701-17ec-4985-afd3-5de44f4c9c08@group-55994ED9ADE4-LeaderStateImpl
2021-09-08 01:21:25,569 [ForkJoinPool.commonPool-worker-0] INFO  impl.PendingRequests (PendingRequests.java:sendNotLeaderResponses(282)) - e8664701-17ec-4985-afd3-5de44f4c9c08@group-55994ED9ADE4-PendingRequests: sendNotLeaderResponses
2021-09-08 01:21:25,570 [ForkJoinPool.commonPool-worker-0] INFO  impl.StateMachineUpdater (StateMachineUpdater.java:stopAndJoin(149)) - e8664701-17ec-4985-afd3-5de44f4c9c08@group-55994ED9ADE4-StateMachineUpdater: set stopIndex = 0
2021-09-08 01:21:25,570 [e8664701-17ec-4985-afd3-5de44f4c9c08@group-55994ED9ADE4-StateMachineUpdater] INFO  ratis.ContainerStateMachine (ContainerStateMachine.java:takeSnapshot(292)) - group-55994ED9ADE4: Taking a snapshot at:(t:1, i:0) file /home/runner/work/ozone/ozone/hadoop-ozone/integration-test/target/test-dir/MiniOzoneClusterImpl-0f12cb01-4002-4394-a01c-5903f1f0237a/datanode-1/data/ratis/8c80135a-bb05-48fe-9ebc-55994ed9ade4/sm/snapshot.1_0
2021-09-08 01:21:25,571 [e8664701-17ec-4985-afd3-5de44f4c9c08@group-55994ED9ADE4-StateMachineUpdater] INFO  ratis.ContainerStateMachine (ContainerStateMachine.java:takeSnapshot(303)) - group-55994ED9ADE4: Finished taking a snapshot at:(t:1, i:0) file:/home/runner/work/ozone/ozone/hadoop-ozone/integration-test/target/test-dir/MiniOzoneClusterImpl-0f12cb01-4002-4394-a01c-5903f1f0237a/datanode-1/data/ratis/8c80135a-bb05-48fe-9ebc-55994ed9ade4/sm/snapshot.1_0 took: 1 ms
2021-09-08 01:21:25,571 [e8664701-17ec-4985-afd3-5de44f4c9c08@group-55994ED9ADE4-StateMachineUpdater] INFO  impl.StateMachineUpdater (StateMachineUpdater.java:takeSnapshot(281)) - e8664701-17ec-4985-afd3-5de44f4c9c08@group-55994ED9ADE4-StateMachineUpdater: Took a snapshot at index 0
2021-09-08 01:21:25,571 [e8664701-17ec-4985-afd3-5de44f4c9c08@group-55994ED9ADE4-StateMachineUpdater] INFO  impl.StateMachineUpdater (StateMachineUpdater.java:lambda$new$0(89)) - e8664701-17ec-4985-afd3-5de44f4c9c08@group-55994ED9ADE4-StateMachineUpdater: snapshotIndex: updateIncreasingly -1 -> 0
2021-09-08 01:21:25,571 [ForkJoinPool.commonPool-worker-0] INFO  server.RaftServer$Division (ServerState.java:close(419)) - e8664701-17ec-4985-afd3-5de44f4c9c08@group-55994ED9ADE4: closes. applyIndex: 0
2021-09-08 01:21:25,571 [e8664701-17ec-4985-afd3-5de44f4c9c08@group-55994ED9ADE4-SegmentedRaftLogWorker] INFO  segmented.SegmentedRaftLogWorker (SegmentedRaftLogWorker.java:run(327)) - e8664701-17ec-4985-afd3-5de44f4c9c08@group-55994ED9ADE4-SegmentedRaftLogWorker was interrupted, exiting. There are 0 tasks remaining in the queue.
2021-09-08 01:21:25,571 [ForkJoinPool.commonPool-worker-0] INFO  segmented.SegmentedRaftLogWorker (SegmentedRaftLogWorker.java:close(237)) - e8664701-17ec-4985-afd3-5de44f4c9c08@group-55994ED9ADE4-SegmentedRaftLogWorker close()
2021-09-08 01:21:25,572 [ForkJoinPool.commonPool-worker-0] INFO  server.GrpcService (GrpcService.java:closeImpl(262)) - e8664701-17ec-4985-afd3-5de44f4c9c08: shutdown server with port 41275 now
2021-09-08 01:21:25,576 [grpc-default-executor-1] WARN  server.GrpcLogAppender (LogUtils.java:warn(122)) - c4ae24d6-167d-432b-819b-55d2c3b07854@group-BEA90EEC2AFB->a5b729b8-cc77-4510-b256-3db79b728626-AppendLogResponseHandler: Failed appendEntries: org.apache.ratis.thirdparty.io.grpc.StatusRuntimeException: UNAVAILABLE: io exception
2021-09-08 01:21:25,576 [grpc-default-executor-1] INFO  leader.FollowerInfo (FollowerInfoImpl.java:lambda$new$0(46)) - c4ae24d6-167d-432b-819b-55d2c3b07854@group-BEA90EEC2AFB->a5b729b8-cc77-4510-b256-3db79b728626: nextIndex: updateUnconditionally 15 -> 14
2021-09-08 01:21:25,584 [ForkJoinPool.commonPool-worker-0] INFO  server.GrpcService (GrpcService.java:closeImpl(271)) - e8664701-17ec-4985-afd3-5de44f4c9c08: shutdown server with port 41275 successfully
2021-09-08 01:21:25,585 [org.apache.ratis.util.JvmPauseMonitor$$Lambda$531/832986589@6a409c1b] INFO  util.JvmPauseMonitor (JvmPauseMonitor.java:run(109)) - JvmPauseMonitor-e8664701-17ec-4985-afd3-5de44f4c9c08: Stopped
2021-09-08 01:21:25,597 [ForkJoinPool.commonPool-worker-0] INFO  utils.BackgroundService (BackgroundService.java:shutdown(132)) - Shutting down service BlockDeletingService
2021-09-08 01:21:25,834 [EventQueue-StaleNodeForStaleNodeHandler] INFO  node.StaleNodeHandler (StaleNodeHandler.java:onMessage(58)) - Datanode df659118-86d4-47ae-9076-ad4ead1182cd{ip: 10.1.0.19, host: fv-az396-69.zsjpccerc4sulamragr3v05mvf.jx.internal.cloudapp.net, ports: [REPLICATION=40787, RATIS=41085, RATIS_ADMIN=41085, RATIS_SERVER=41085, STANDALONE=44737], networkLocation: /default-rack, certSerialId: null, persistedOpState: IN_SERVICE, persistedOpStateExpiryEpochSec: 0} moved to stale state. Finalizing its pipelines [PipelineID=b549a200-60df-4568-98a3-03c340c5bf62, PipelineID=b87cf334-1b8d-42ae-86b8-283a5e7293c4]
2021-09-08 01:21:25,835 [EventQueue-StaleNodeForStaleNodeHandler] INFO  pipeline.PipelineManagerImpl (PipelineManagerImpl.java:closePipeline(342)) - Pipeline Pipeline[ Id: b549a200-60df-4568-98a3-03c340c5bf62, Nodes: 06f45bb0-d367-47cf-8f0c-bcb418e113db{ip: 10.1.0.19, host: fv-az396-69.zsjpccerc4sulamragr3v05mvf.jx.internal.cloudapp.net, ports: [REPLICATION=41631, RATIS=33913, RATIS_ADMIN=33913, RATIS_SERVER=33913, STANDALONE=36105], networkLocation: /default-rack, certSerialId: null, persistedOpState: IN_SERVICE, persistedOpStateExpiryEpochSec: 0}0845838b-9535-4874-adc8-850f7ac3d0e5{ip: 10.1.0.19, host: fv-az396-69.zsjpccerc4sulamragr3v05mvf.jx.internal.cloudapp.net, ports: [REPLICATION=36187, RATIS=37265, RATIS_ADMIN=37265, RATIS_SERVER=37265, STANDALONE=32933], networkLocation: /default-rack, certSerialId: null, persistedOpState: IN_SERVICE, persistedOpStateExpiryEpochSec: 0}df659118-86d4-47ae-9076-ad4ead1182cd{ip: 10.1.0.19, host: fv-az396-69.zsjpccerc4sulamragr3v05mvf.jx.internal.cloudapp.net, ports: [REPLICATION=40787, RATIS=41085, RATIS_ADMIN=41085, RATIS_SERVER=41085, STANDALONE=44737], networkLocation: /default-rack, certSerialId: null, persistedOpState: IN_SERVICE, persistedOpStateExpiryEpochSec: 0}, ReplicationConfig: RATIS/THREE, State:ALLOCATED, leaderId:, CreationTimestamp2021-09-08T01:20:35.833Z[Etc/UTC]] moved to CLOSED state
2021-09-08 01:21:25,835 [EventQueue-StaleNodeForStaleNodeHandler] INFO  pipeline.PipelineManagerImpl (PipelineManagerImpl.java:closePipeline(342)) - Pipeline Pipeline[ Id: b87cf334-1b8d-42ae-86b8-283a5e7293c4, Nodes: df659118-86d4-47ae-9076-ad4ead1182cd{ip: 10.1.0.19, host: fv-az396-69.zsjpccerc4sulamragr3v05mvf.jx.internal.cloudapp.net, ports: [REPLICATION=40787, RATIS=41085, RATIS_ADMIN=41085, RATIS_SERVER=41085, STANDALONE=44737], networkLocation: /default-rack, certSerialId: null, persistedOpState: IN_SERVICE, persistedOpStateExpiryEpochSec: 0}, ReplicationConfig: RATIS/ONE, State:OPEN, leaderId:df659118-86d4-47ae-9076-ad4ead1182cd, CreationTimestamp2021-09-08T01:20:35.637Z[Etc/UTC]] moved to CLOSED state
2021-09-08 01:21:27,527 [grpc-default-executor-1] WARN  server.GrpcLogAppender (LogUtils.java:warn(122)) - c4ae24d6-167d-432b-819b-55d2c3b07854@group-BEA90EEC2AFB->e7eadb9e-87f0-44a1-8347-22fb5259c06f-AppendLogResponseHandler: Failed appendEntries: org.apache.ratis.thirdparty.io.grpc.StatusRuntimeException: UNAVAILABLE: io exception
2021-09-08 01:21:27,528 [grpc-default-executor-1] INFO  leader.FollowerInfo (FollowerInfoImpl.java:lambda$new$0(46)) - c4ae24d6-167d-432b-819b-55d2c3b07854@group-BEA90EEC2AFB->e7eadb9e-87f0-44a1-8347-22fb5259c06f: nextIndex: updateUnconditionally 15 -> 14
2021-09-08 01:21:28,076 [grpc-default-executor-1] WARN  server.GrpcLogAppender (LogUtils.java:warn(122)) - c4ae24d6-167d-432b-819b-55d2c3b07854@group-BEA90EEC2AFB->a5b729b8-cc77-4510-b256-3db79b728626-AppendLogResponseHandler: Failed appendEntries: org.apache.ratis.thirdparty.io.grpc.StatusRuntimeException: UNAVAILABLE: io exception
2021-09-08 01:21:28,076 [grpc-default-executor-1] INFO  leader.FollowerInfo (FollowerInfoImpl.java:lambda$new$0(46)) - c4ae24d6-167d-432b-819b-55d2c3b07854@group-BEA90EEC2AFB->a5b729b8-cc77-4510-b256-3db79b728626: nextIndex: updateUnconditionally 15 -> 14
2021-09-08 01:21:28,586 [Listener at 127.0.0.1/40417] INFO  statemachine.DatanodeStateMachine (DatanodeStateMachine.java:stopDaemon(515)) - Ozone container server stopped.
2021-09-08 01:21:28,586 [Listener at 127.0.0.1/40417] INFO  handler.ContextHandler (ContextHandler.java:doStop(1153)) - Stopped o.e.j.w.WebAppContext@57ad1859{hddsDatanode,/,null,STOPPED}{jar:file:/home/runner/.m2/repository/org/apache/ozone/hdds-container-service/1.2.0-SNAPSHOT/hdds-container-service-1.2.0-SNAPSHOT.jar!/webapps/hddsDatanode}
2021-09-08 01:21:28,587 [Listener at 127.0.0.1/40417] INFO  server.AbstractConnector (AbstractConnector.java:doStop(381)) - Stopped ServerConnector@15691302{HTTP/1.1, (http/1.1)}{0.0.0.0:0}
2021-09-08 01:21:28,587 [Listener at 127.0.0.1/40417] INFO  server.session (HouseKeeper.java:stopScavenging(149)) - node0 Stopped scavenging
2021-09-08 01:21:28,587 [Listener at 127.0.0.1/40417] INFO  handler.ContextHandler (ContextHandler.java:doStop(1153)) - Stopped o.e.j.s.ServletContextHandler@64238d9a{static,/static,jar:file:/home/runner/.m2/repository/org/apache/ozone/hdds-container-service/1.2.0-SNAPSHOT/hdds-container-service-1.2.0-SNAPSHOT.jar!/webapps/static,STOPPED}
2021-09-08 01:21:28,588 [Listener at 127.0.0.1/40417] INFO  handler.ContextHandler (ContextHandler.java:doStop(1153)) - Stopped o.e.j.s.ServletContextHandler@6deda9a6{logs,/logs,file:///home/runner/work/ozone/ozone/hadoop-ozone/integration-test/target/log,STOPPED}
2021-09-08 01:21:28,603 [ForkJoinPool.commonPool-worker-0] INFO  statemachine.DatanodeStateMachine (DatanodeStateMachine.java:stopDaemon(515)) - Ozone container server stopped.
2021-09-08 01:21:28,605 [ForkJoinPool.commonPool-worker-0] INFO  handler.ContextHandler (ContextHandler.java:doStop(1153)) - Stopped o.e.j.w.WebAppContext@78828aca{hddsDatanode,/,null,STOPPED}{jar:file:/home/runner/.m2/repository/org/apache/ozone/hdds-container-service/1.2.0-SNAPSHOT/hdds-container-service-1.2.0-SNAPSHOT.jar!/webapps/hddsDatanode}
2021-09-08 01:21:28,612 [ForkJoinPool.commonPool-worker-0] INFO  server.AbstractConnector (AbstractConnector.java:doStop(381)) - Stopped ServerConnector@6d0d557c{HTTP/1.1, (http/1.1)}{0.0.0.0:0}
2021-09-08 01:21:28,612 [ForkJoinPool.commonPool-worker-0] INFO  server.session (HouseKeeper.java:stopScavenging(149)) - node0 Stopped scavenging
2021-09-08 01:21:28,613 [ForkJoinPool.commonPool-worker-0] INFO  handler.ContextHandler (ContextHandler.java:doStop(1153)) - Stopped o.e.j.s.ServletContextHandler@75d978a9{static,/static,jar:file:/home/runner/.m2/repository/org/apache/ozone/hdds-container-service/1.2.0-SNAPSHOT/hdds-container-service-1.2.0-SNAPSHOT.jar!/webapps/static,STOPPED}
2021-09-08 01:21:28,613 [ForkJoinPool.commonPool-worker-0] INFO  handler.ContextHandler (ContextHandler.java:doStop(1153)) - Stopped o.e.j.s.ServletContextHandler@5dbcaae7{logs,/logs,file:///home/runner/work/ozone/ozone/hadoop-ozone/integration-test/target/log,STOPPED}
2021-09-08 01:21:30,029 [grpc-default-executor-1] WARN  server.GrpcLogAppender (LogUtils.java:warn(122)) - c4ae24d6-167d-432b-819b-55d2c3b07854@group-BEA90EEC2AFB->e7eadb9e-87f0-44a1-8347-22fb5259c06f-AppendLogResponseHandler: Failed appendEntries: org.apache.ratis.thirdparty.io.grpc.StatusRuntimeException: UNAVAILABLE: io exception
2021-09-08 01:21:30,030 [grpc-default-executor-1] INFO  leader.FollowerInfo (FollowerInfoImpl.java:lambda$new$0(46)) - c4ae24d6-167d-432b-819b-55d2c3b07854@group-BEA90EEC2AFB->e7eadb9e-87f0-44a1-8347-22fb5259c06f: nextIndex: updateUnconditionally 15 -> 14
2021-09-08 01:21:30,576 [grpc-default-executor-1] WARN  server.GrpcLogAppender (LogUtils.java:warn(122)) - c4ae24d6-167d-432b-819b-55d2c3b07854@group-BEA90EEC2AFB->a5b729b8-cc77-4510-b256-3db79b728626-AppendLogResponseHandler: Failed appendEntries: org.apache.ratis.thirdparty.io.grpc.StatusRuntimeException: UNAVAILABLE: io exception
2021-09-08 01:21:30,577 [grpc-default-executor-1] INFO  leader.FollowerInfo (FollowerInfoImpl.java:lambda$new$0(46)) - c4ae24d6-167d-432b-819b-55d2c3b07854@group-BEA90EEC2AFB->a5b729b8-cc77-4510-b256-3db79b728626: nextIndex: updateUnconditionally 15 -> 14
2021-09-08 01:21:32,530 [grpc-default-executor-1] WARN  server.GrpcLogAppender (LogUtils.java:warn(122)) - c4ae24d6-167d-432b-819b-55d2c3b07854@group-BEA90EEC2AFB->e7eadb9e-87f0-44a1-8347-22fb5259c06f-AppendLogResponseHandler: Failed appendEntries: org.apache.ratis.thirdparty.io.grpc.StatusRuntimeException: UNAVAILABLE: io exception
2021-09-08 01:21:32,531 [grpc-default-executor-1] INFO  leader.FollowerInfo (FollowerInfoImpl.java:lambda$new$0(46)) - c4ae24d6-167d-432b-819b-55d2c3b07854@group-BEA90EEC2AFB->e7eadb9e-87f0-44a1-8347-22fb5259c06f: nextIndex: updateUnconditionally 15 -> 14
2021-09-08 01:21:32,619 [c4ae24d6-167d-432b-819b-55d2c3b07854@group-BEA90EEC2AFB-LeaderStateImpl] WARN  server.RaftServer$Division (LeaderStateImpl.java:checkLeadership(944)) - c4ae24d6-167d-432b-819b-55d2c3b07854@group-BEA90EEC2AFB-LeaderStateImpl: Lost leadership on term: 4. Election timeout: 5200ms. In charge for: 38316ms. Conf: 1: [c4ae24d6-167d-432b-819b-55d2c3b07854|rpc:10.1.0.19:42675|dataStream:|priority:1, e7eadb9e-87f0-44a1-8347-22fb5259c06f|rpc:10.1.0.19:40669|dataStream:|priority:0, a5b729b8-cc77-4510-b256-3db79b728626|rpc:10.1.0.19:41785|dataStream:|priority:0], old=null
2021-09-08 01:21:32,619 [c4ae24d6-167d-432b-819b-55d2c3b07854@group-BEA90EEC2AFB-LeaderStateImpl] WARN  server.RaftServer$Division (LeaderStateImpl.java:lambda$checkLeadership$15(948)) - Follower c4ae24d6-167d-432b-819b-55d2c3b07854@group-BEA90EEC2AFB->e7eadb9e-87f0-44a1-8347-22fb5259c06f(c14,m14,n14, attendVote=true, lastRpcSendTime=89, lastRpcResponseTime=16334)
2021-09-08 01:21:32,619 [c4ae24d6-167d-432b-819b-55d2c3b07854@group-BEA90EEC2AFB-LeaderStateImpl] WARN  server.RaftServer$Division (LeaderStateImpl.java:lambda$checkLeadership$15(948)) - Follower c4ae24d6-167d-432b-819b-55d2c3b07854@group-BEA90EEC2AFB->a5b729b8-cc77-4510-b256-3db79b728626(c14,m14,n14, attendVote=true, lastRpcSendTime=2043, lastRpcResponseTime=8820)
2021-09-08 01:21:32,620 [c4ae24d6-167d-432b-819b-55d2c3b07854@group-BEA90EEC2AFB-LeaderStateImpl] INFO  server.RaftServer$Division (RaftServerImpl.java:setRole(285)) - c4ae24d6-167d-432b-819b-55d2c3b07854@group-BEA90EEC2AFB: changes role from    LEADER to FOLLOWER at term 4 for StepDownReason:LOST_MAJORITY_HEARTBEATS
2021-09-08 01:21:32,620 [c4ae24d6-167d-432b-819b-55d2c3b07854@group-BEA90EEC2AFB-LeaderStateImpl] INFO  impl.RoleInfo (RoleInfo.java:shutdownLeaderState(91)) - c4ae24d6-167d-432b-819b-55d2c3b07854: shutdown c4ae24d6-167d-432b-819b-55d2c3b07854@group-BEA90EEC2AFB-LeaderStateImpl
2021-09-08 01:21:32,620 [c4ae24d6-167d-432b-819b-55d2c3b07854@group-BEA90EEC2AFB->a5b729b8-cc77-4510-b256-3db79b728626-GrpcLogAppender-LogAppenderDaemon] WARN  server.GrpcLogAppender (GrpcLogAppender.java:mayWait(175)) - c4ae24d6-167d-432b-819b-55d2c3b07854@group-BEA90EEC2AFB->a5b729b8-cc77-4510-b256-3db79b728626-GrpcLogAppender: Wait interrupted by java.lang.InterruptedException
2021-09-08 01:21:32,620 [c4ae24d6-167d-432b-819b-55d2c3b07854@group-BEA90EEC2AFB-LeaderStateImpl] INFO  impl.PendingRequests (PendingRequests.java:sendNotLeaderResponses(282)) - c4ae24d6-167d-432b-819b-55d2c3b07854@group-BEA90EEC2AFB-PendingRequests: sendNotLeaderResponses
2021-09-08 01:21:32,635 [c4ae24d6-167d-432b-819b-55d2c3b07854@group-BEA90EEC2AFB->e7eadb9e-87f0-44a1-8347-22fb5259c06f-GrpcLogAppender-LogAppenderDaemon] WARN  server.GrpcLogAppender (GrpcLogAppender.java:mayWait(175)) - c4ae24d6-167d-432b-819b-55d2c3b07854@group-BEA90EEC2AFB->e7eadb9e-87f0-44a1-8347-22fb5259c06f-GrpcLogAppender: Wait interrupted by java.lang.InterruptedException
2021-09-08 01:21:32,637 [c4ae24d6-167d-432b-819b-55d2c3b07854@group-BEA90EEC2AFB-LeaderStateImpl] INFO  impl.RoleInfo (RoleInfo.java:updateAndGet(130)) - c4ae24d6-167d-432b-819b-55d2c3b07854: start c4ae24d6-167d-432b-819b-55d2c3b07854@group-BEA90EEC2AFB-FollowerState
2021-09-08 01:21:33,559 [EventQueue-StaleNodeForStaleNodeHandler] INFO  node.StaleNodeHandler (StaleNodeHandler.java:onMessage(58)) - Datanode 06f45bb0-d367-47cf-8f0c-bcb418e113db{ip: 10.1.0.19, host: fv-az396-69.zsjpccerc4sulamragr3v05mvf.jx.internal.cloudapp.net, ports: [REPLICATION=41631, RATIS=33913, RATIS_ADMIN=33913, RATIS_SERVER=33913, STANDALONE=36105], networkLocation: /default-rack, certSerialId: null, persistedOpState: IN_SERVICE, persistedOpStateExpiryEpochSec: 0} moved to stale state. Finalizing its pipelines [PipelineID=d099ff88-c4d8-4f88-9700-4f4577de100d, PipelineID=b549a200-60df-4568-98a3-03c340c5bf62]
2021-09-08 01:21:33,560 [EventQueue-StaleNodeForStaleNodeHandler] INFO  pipeline.PipelineManagerImpl (PipelineManagerImpl.java:closePipeline(342)) - Pipeline Pipeline[ Id: d099ff88-c4d8-4f88-9700-4f4577de100d, Nodes: 06f45bb0-d367-47cf-8f0c-bcb418e113db{ip: 10.1.0.19, host: fv-az396-69.zsjpccerc4sulamragr3v05mvf.jx.internal.cloudapp.net, ports: [REPLICATION=41631, RATIS=33913, RATIS_ADMIN=33913, RATIS_SERVER=33913, STANDALONE=36105], networkLocation: /default-rack, certSerialId: null, persistedOpState: IN_SERVICE, persistedOpStateExpiryEpochSec: 0}, ReplicationConfig: RATIS/ONE, State:OPEN, leaderId:06f45bb0-d367-47cf-8f0c-bcb418e113db, CreationTimestamp2021-09-08T01:20:35.449Z[Etc/UTC]] moved to CLOSED state
2021-09-08 01:21:33,590 [Listener at 127.0.0.1/40417] INFO  ozoneimpl.OzoneContainer (OzoneContainer.java:stop(325)) - Attempting to stop container services.
2021-09-08 01:21:33,591 [Listener at 127.0.0.1/40417] INFO  server.RaftServer (RaftServerProxy.java:lambda$close$6(391)) - c4ae24d6-167d-432b-819b-55d2c3b07854: close
2021-09-08 01:21:33,605 [Listener at 127.0.0.1/40417] INFO  server.RaftServer$Division (RaftServerImpl.java:lambda$close$4(407)) - c4ae24d6-167d-432b-819b-55d2c3b07854@group-1EB68C3D2DC0: shutdown
2021-09-08 01:21:33,605 [Listener at 127.0.0.1/40417] INFO  util.JmxRegister (JmxRegister.java:unregister(73)) - Successfully un-registered JMX Bean with object name Ratis:service=RaftServer,group=group-1EB68C3D2DC0,id=c4ae24d6-167d-432b-819b-55d2c3b07854
2021-09-08 01:21:33,606 [Listener at 127.0.0.1/40417] INFO  impl.RoleInfo (RoleInfo.java:shutdownLeaderState(91)) - c4ae24d6-167d-432b-819b-55d2c3b07854: shutdown c4ae24d6-167d-432b-819b-55d2c3b07854@group-1EB68C3D2DC0-LeaderStateImpl
2021-09-08 01:21:33,606 [Listener at 127.0.0.1/40417] INFO  impl.PendingRequests (PendingRequests.java:sendNotLeaderResponses(282)) - c4ae24d6-167d-432b-819b-55d2c3b07854@group-1EB68C3D2DC0-PendingRequests: sendNotLeaderResponses
2021-09-08 01:21:33,607 [c4ae24d6-167d-432b-819b-55d2c3b07854@group-1EB68C3D2DC0-StateMachineUpdater] INFO  ratis.ContainerStateMachine (ContainerStateMachine.java:takeSnapshot(292)) - group-1EB68C3D2DC0: Taking a snapshot at:(t:1, i:0) file /home/runner/work/ozone/ozone/hadoop-ozone/integration-test/target/test-dir/MiniOzoneClusterImpl-0f12cb01-4002-4394-a01c-5903f1f0237a/datanode-6/data/ratis/6cf1b1ea-9253-4d06-8004-1eb68c3d2dc0/sm/snapshot.1_0
2021-09-08 01:21:33,607 [Listener at 127.0.0.1/40417] INFO  impl.StateMachineUpdater (StateMachineUpdater.java:stopAndJoin(149)) - c4ae24d6-167d-432b-819b-55d2c3b07854@group-1EB68C3D2DC0-StateMachineUpdater: set stopIndex = 0
2021-09-08 01:21:33,608 [c4ae24d6-167d-432b-819b-55d2c3b07854@group-1EB68C3D2DC0-StateMachineUpdater] INFO  ratis.ContainerStateMachine (ContainerStateMachine.java:takeSnapshot(303)) - group-1EB68C3D2DC0: Finished taking a snapshot at:(t:1, i:0) file:/home/runner/work/ozone/ozone/hadoop-ozone/integration-test/target/test-dir/MiniOzoneClusterImpl-0f12cb01-4002-4394-a01c-5903f1f0237a/datanode-6/data/ratis/6cf1b1ea-9253-4d06-8004-1eb68c3d2dc0/sm/snapshot.1_0 took: 2 ms
2021-09-08 01:21:33,608 [c4ae24d6-167d-432b-819b-55d2c3b07854@group-1EB68C3D2DC0-StateMachineUpdater] INFO  impl.StateMachineUpdater (StateMachineUpdater.java:takeSnapshot(281)) - c4ae24d6-167d-432b-819b-55d2c3b07854@group-1EB68C3D2DC0-StateMachineUpdater: Took a snapshot at index 0
2021-09-08 01:21:33,609 [c4ae24d6-167d-432b-819b-55d2c3b07854@group-1EB68C3D2DC0-StateMachineUpdater] INFO  impl.StateMachineUpdater (StateMachineUpdater.java:lambda$new$0(89)) - c4ae24d6-167d-432b-819b-55d2c3b07854@group-1EB68C3D2DC0-StateMachineUpdater: snapshotIndex: updateIncreasingly -1 -> 0
2021-09-08 01:21:33,609 [Listener at 127.0.0.1/40417] INFO  server.RaftServer$Division (ServerState.java:close(419)) - c4ae24d6-167d-432b-819b-55d2c3b07854@group-1EB68C3D2DC0: closes. applyIndex: 0
2021-09-08 01:21:33,609 [c4ae24d6-167d-432b-819b-55d2c3b07854@group-1EB68C3D2DC0-SegmentedRaftLogWorker] INFO  segmented.SegmentedRaftLogWorker (SegmentedRaftLogWorker.java:run(327)) - c4ae24d6-167d-432b-819b-55d2c3b07854@group-1EB68C3D2DC0-SegmentedRaftLogWorker was interrupted, exiting. There are 0 tasks remaining in the queue.
2021-09-08 01:21:33,610 [Listener at 127.0.0.1/40417] INFO  segmented.SegmentedRaftLogWorker (SegmentedRaftLogWorker.java:close(237)) - c4ae24d6-167d-432b-819b-55d2c3b07854@group-1EB68C3D2DC0-SegmentedRaftLogWorker close()
2021-09-08 01:21:33,626 [Listener at 127.0.0.1/40417] INFO  server.RaftServer$Division (RaftServerImpl.java:lambda$close$4(407)) - c4ae24d6-167d-432b-819b-55d2c3b07854@group-BEA90EEC2AFB: shutdown
2021-09-08 01:21:33,626 [Listener at 127.0.0.1/40417] INFO  util.JmxRegister (JmxRegister.java:unregister(73)) - Successfully un-registered JMX Bean with object name Ratis:service=RaftServer,group=group-BEA90EEC2AFB,id=c4ae24d6-167d-432b-819b-55d2c3b07854
2021-09-08 01:21:33,626 [Listener at 127.0.0.1/40417] INFO  impl.RoleInfo (RoleInfo.java:shutdownFollowerState(108)) - c4ae24d6-167d-432b-819b-55d2c3b07854: shutdown c4ae24d6-167d-432b-819b-55d2c3b07854@group-BEA90EEC2AFB-FollowerState
2021-09-08 01:21:33,627 [Listener at 127.0.0.1/40417] INFO  impl.StateMachineUpdater (StateMachineUpdater.java:stopAndJoin(149)) - c4ae24d6-167d-432b-819b-55d2c3b07854@group-BEA90EEC2AFB-StateMachineUpdater: set stopIndex = 14
2021-09-08 01:21:33,628 [c4ae24d6-167d-432b-819b-55d2c3b07854@group-BEA90EEC2AFB-FollowerState] INFO  impl.FollowerState (FollowerState.java:run(143)) - c4ae24d6-167d-432b-819b-55d2c3b07854@group-BEA90EEC2AFB-FollowerState was interrupted: {}
java.lang.InterruptedException: sleep interrupted
	at java.lang.Thread.sleep(Native Method)
	at java.lang.Thread.sleep(Thread.java:340)
	at java.util.concurrent.TimeUnit.sleep(TimeUnit.java:386)
	at org.apache.ratis.util.TimeDuration.sleep(TimeDuration.java:324)
	at org.apache.ratis.util.TimeDuration.sleep(TimeDuration.java:309)
	at org.apache.ratis.server.impl.FollowerState.run(FollowerState.java:118)
2021-09-08 01:21:33,628 [c4ae24d6-167d-432b-819b-55d2c3b07854@group-BEA90EEC2AFB-StateMachineUpdater] INFO  ratis.ContainerStateMachine (ContainerStateMachine.java:takeSnapshot(292)) - group-BEA90EEC2AFB: Taking a snapshot at:(t:4, i:14) file /home/runner/work/ozone/ozone/hadoop-ozone/integration-test/target/test-dir/MiniOzoneClusterImpl-0f12cb01-4002-4394-a01c-5903f1f0237a/datanode-6/data/ratis/98ceae03-debc-4c23-819e-bea90eec2afb/sm/snapshot.4_14
2021-09-08 01:21:33,630 [c4ae24d6-167d-432b-819b-55d2c3b07854@group-BEA90EEC2AFB-StateMachineUpdater] INFO  ratis.ContainerStateMachine (ContainerStateMachine.java:takeSnapshot(303)) - group-BEA90EEC2AFB: Finished taking a snapshot at:(t:4, i:14) file:/home/runner/work/ozone/ozone/hadoop-ozone/integration-test/target/test-dir/MiniOzoneClusterImpl-0f12cb01-4002-4394-a01c-5903f1f0237a/datanode-6/data/ratis/98ceae03-debc-4c23-819e-bea90eec2afb/sm/snapshot.4_14 took: 2 ms
2021-09-08 01:21:33,630 [c4ae24d6-167d-432b-819b-55d2c3b07854@group-BEA90EEC2AFB-StateMachineUpdater] INFO  impl.StateMachineUpdater (StateMachineUpdater.java:takeSnapshot(281)) - c4ae24d6-167d-432b-819b-55d2c3b07854@group-BEA90EEC2AFB-StateMachineUpdater: Took a snapshot at index 14
2021-09-08 01:21:33,630 [c4ae24d6-167d-432b-819b-55d2c3b07854@group-BEA90EEC2AFB-StateMachineUpdater] INFO  impl.StateMachineUpdater (StateMachineUpdater.java:lambda$new$0(89)) - c4ae24d6-167d-432b-819b-55d2c3b07854@group-BEA90EEC2AFB-StateMachineUpdater: snapshotIndex: updateIncreasingly -1 -> 14
2021-09-08 01:21:33,631 [Listener at 127.0.0.1/40417] INFO  server.RaftServer$Division (ServerState.java:close(419)) - c4ae24d6-167d-432b-819b-55d2c3b07854@group-BEA90EEC2AFB: closes. applyIndex: 14
2021-09-08 01:21:33,631 [c4ae24d6-167d-432b-819b-55d2c3b07854@group-BEA90EEC2AFB-SegmentedRaftLogWorker] INFO  segmented.SegmentedRaftLogWorker (SegmentedRaftLogWorker.java:run(327)) - c4ae24d6-167d-432b-819b-55d2c3b07854@group-BEA90EEC2AFB-SegmentedRaftLogWorker was interrupted, exiting. There are 0 tasks remaining in the queue.
2021-09-08 01:21:33,631 [Listener at 127.0.0.1/40417] INFO  segmented.SegmentedRaftLogWorker (SegmentedRaftLogWorker.java:close(237)) - c4ae24d6-167d-432b-819b-55d2c3b07854@group-BEA90EEC2AFB-SegmentedRaftLogWorker close()
2021-09-08 01:21:33,633 [Listener at 127.0.0.1/40417] INFO  server.GrpcService (GrpcService.java:closeImpl(262)) - c4ae24d6-167d-432b-819b-55d2c3b07854: shutdown server with port 42675 now
2021-09-08 01:21:33,637 [Listener at 127.0.0.1/40417] INFO  server.GrpcService (GrpcService.java:closeImpl(271)) - c4ae24d6-167d-432b-819b-55d2c3b07854: shutdown server with port 42675 successfully
2021-09-08 01:21:33,637 [org.apache.ratis.util.JvmPauseMonitor$$Lambda$531/832986589@347073a7] INFO  util.JvmPauseMonitor (JvmPauseMonitor.java:run(109)) - JvmPauseMonitor-c4ae24d6-167d-432b-819b-55d2c3b07854: Stopped
2021-09-08 01:21:33,639 [Listener at 127.0.0.1/40417] INFO  utils.BackgroundService (BackgroundService.java:shutdown(132)) - Shutting down service BlockDeletingService
2021-09-08 01:21:33,960 [EventQueue-StaleNodeForStaleNodeHandler] INFO  node.StaleNodeHandler (StaleNodeHandler.java:onMessage(58)) - Datanode 0845838b-9535-4874-adc8-850f7ac3d0e5{ip: 10.1.0.19, host: fv-az396-69.zsjpccerc4sulamragr3v05mvf.jx.internal.cloudapp.net, ports: [REPLICATION=36187, RATIS=37265, RATIS_ADMIN=37265, RATIS_SERVER=37265, STANDALONE=32933], networkLocation: /default-rack, certSerialId: null, persistedOpState: IN_SERVICE, persistedOpStateExpiryEpochSec: 0} moved to stale state. Finalizing its pipelines [PipelineID=816a6bd5-5efd-4815-a346-504e66fdb36b, PipelineID=b549a200-60df-4568-98a3-03c340c5bf62]
2021-09-08 01:21:33,960 [EventQueue-StaleNodeForStaleNodeHandler] INFO  pipeline.PipelineManagerImpl (PipelineManagerImpl.java:closePipeline(342)) - Pipeline Pipeline[ Id: 816a6bd5-5efd-4815-a346-504e66fdb36b, Nodes: 0845838b-9535-4874-adc8-850f7ac3d0e5{ip: 10.1.0.19, host: fv-az396-69.zsjpccerc4sulamragr3v05mvf.jx.internal.cloudapp.net, ports: [REPLICATION=36187, RATIS=37265, RATIS_ADMIN=37265, RATIS_SERVER=37265, STANDALONE=32933], networkLocation: /default-rack, certSerialId: null, persistedOpState: IN_SERVICE, persistedOpStateExpiryEpochSec: 0}, ReplicationConfig: RATIS/ONE, State:OPEN, leaderId:0845838b-9535-4874-adc8-850f7ac3d0e5, CreationTimestamp2021-09-08T01:20:35.831Z[Etc/UTC]] moved to CLOSED state
2021-09-08 01:21:36,656 [Listener at 127.0.0.1/40417] INFO  statemachine.DatanodeStateMachine (DatanodeStateMachine.java:stopDaemon(515)) - Ozone container server stopped.
2021-09-08 01:21:36,656 [Listener at 127.0.0.1/40417] INFO  handler.ContextHandler (ContextHandler.java:doStop(1153)) - Stopped o.e.j.w.WebAppContext@6bd679b4{hddsDatanode,/,null,STOPPED}{jar:file:/home/runner/.m2/repository/org/apache/ozone/hdds-container-service/1.2.0-SNAPSHOT/hdds-container-service-1.2.0-SNAPSHOT.jar!/webapps/hddsDatanode}
2021-09-08 01:21:36,657 [Listener at 127.0.0.1/40417] INFO  server.AbstractConnector (AbstractConnector.java:doStop(381)) - Stopped ServerConnector@7766f1c1{HTTP/1.1, (http/1.1)}{0.0.0.0:0}
2021-09-08 01:21:36,658 [Listener at 127.0.0.1/40417] INFO  server.session (HouseKeeper.java:stopScavenging(149)) - node0 Stopped scavenging
2021-09-08 01:21:36,658 [Listener at 127.0.0.1/40417] INFO  handler.ContextHandler (ContextHandler.java:doStop(1153)) - Stopped o.e.j.s.ServletContextHandler@4da15ed2{static,/static,jar:file:/home/runner/.m2/repository/org/apache/ozone/hdds-container-service/1.2.0-SNAPSHOT/hdds-container-service-1.2.0-SNAPSHOT.jar!/webapps/static,STOPPED}
2021-09-08 01:21:36,658 [Listener at 127.0.0.1/40417] INFO  handler.ContextHandler (ContextHandler.java:doStop(1153)) - Stopped o.e.j.s.ServletContextHandler@73959127{logs,/logs,file:///home/runner/work/ozone/ozone/hadoop-ozone/integration-test/target/log,STOPPED}
2021-09-08 01:21:36,660 [Listener at 127.0.0.1/40417] INFO  ozone.MiniOzoneClusterImpl (MiniOzoneClusterImpl.java:stopSCM(542)) - Stopping the StorageContainerManager
2021-09-08 01:21:36,660 [Listener at 127.0.0.1/40417] INFO  server.StorageContainerManager (StorageContainerManager.java:stop(1348)) - Stopping Container Balancer service.
2021-09-08 01:21:36,660 [Listener at 127.0.0.1/40417] INFO  balancer.ContainerBalancer (ContainerBalancer.java:stop(721)) - Container Balancer is not running.
2021-09-08 01:21:36,660 [Listener at 127.0.0.1/40417] INFO  server.StorageContainerManager (StorageContainerManager.java:stop(1355)) - Stopping Replication Manager Service.
2021-09-08 01:21:36,661 [Listener at 127.0.0.1/40417] INFO  container.ReplicationManager (ReplicationManager.java:stop(338)) - Stopping Replication Monitor Thread.
2021-09-08 01:21:36,661 [Listener at 127.0.0.1/40417] INFO  server.StorageContainerManager (StorageContainerManager.java:stop(1362)) - Stopping the Datanode Admin Monitor.
2021-09-08 01:21:36,661 [Listener at 127.0.0.1/40417] INFO  server.StorageContainerManager (StorageContainerManager.java:stop(1369)) - Stopping Lease Manager of the command watchers
2021-09-08 01:21:36,661 [Listener at 127.0.0.1/40417] INFO  server.StorageContainerManager (StorageContainerManager.java:stop(1376)) - Stopping datanode service RPC server
2021-09-08 01:21:36,662 [Listener at 127.0.0.1/40417] INFO  server.SCMDatanodeProtocolServer (SCMDatanodeProtocolServer.java:stop(389)) - Stopping the RPC server for DataNodes
2021-09-08 01:21:36,662 [Listener at 127.0.0.1/40417] INFO  ipc.Server (Server.java:stop(3414)) - Stopping server on 42521
2021-09-08 01:21:36,664 [IPC Server listener on 0] INFO  ipc.Server (Server.java:run(1376)) - Stopping IPC Server listener on 0
2021-09-08 01:21:36,665 [IPC Server Responder] INFO  ipc.Server (Server.java:run(1512)) - Stopping IPC Server Responder
2021-09-08 01:21:36,669 [SCM Heartbeat Processing Thread - 0] WARN  node.NodeStateManager (NodeStateManager.java:scheduleNextHealthCheck(799)) - Current Thread is interrupted, shutting down HB processing thread for Node Manager.
2021-09-08 01:21:36,670 [Listener at 127.0.0.1/40417] INFO  server.StorageContainerManager (StorageContainerManager.java:stop(1384)) - Stopping block service RPC server
2021-09-08 01:21:36,670 [Listener at 127.0.0.1/40417] INFO  server.SCMBlockProtocolServer (SCMBlockProtocolServer.java:stop(160)) - Stopping the RPC server for Block Protocol
2021-09-08 01:21:36,670 [Listener at 127.0.0.1/40417] INFO  ipc.Server (Server.java:stop(3414)) - Stopping server on 42643
2021-09-08 01:21:36,672 [IPC Server listener on 0] INFO  ipc.Server (Server.java:run(1376)) - Stopping IPC Server listener on 0
2021-09-08 01:21:36,673 [IPC Server Responder] INFO  ipc.Server (Server.java:run(1512)) - Stopping IPC Server Responder
2021-09-08 01:21:36,673 [Listener at 127.0.0.1/40417] INFO  server.StorageContainerManager (StorageContainerManager.java:stop(1391)) - Stopping the StorageContainerLocationProtocol RPC server
2021-09-08 01:21:36,673 [Listener at 127.0.0.1/40417] INFO  server.SCMClientProtocolServer (SCMClientProtocolServer.java:stop(173)) - Stopping the RPC server for Client Protocol
2021-09-08 01:21:36,673 [Listener at 127.0.0.1/40417] INFO  ipc.Server (Server.java:stop(3414)) - Stopping server on 46101
2021-09-08 01:21:36,676 [IPC Server listener on 0] INFO  ipc.Server (Server.java:run(1376)) - Stopping IPC Server listener on 0
2021-09-08 01:21:36,677 [IPC Server Responder] INFO  ipc.Server (Server.java:run(1512)) - Stopping IPC Server Responder
2021-09-08 01:21:36,677 [Listener at 127.0.0.1/40417] INFO  server.StorageContainerManager (StorageContainerManager.java:stop(1398)) - Stopping Storage Container Manager HTTP server.
2021-09-08 01:21:36,678 [Listener at 127.0.0.1/40417] INFO  handler.ContextHandler (ContextHandler.java:doStop(1153)) - Stopped o.e.j.w.WebAppContext@49bc71b4{scm,/,null,STOPPED}{file:/home/runner/work/ozone/ozone/hadoop-ozone/integration-test/target/test-classes/webapps/scm}
2021-09-08 01:21:36,687 [Listener at 127.0.0.1/40417] INFO  server.AbstractConnector (AbstractConnector.java:doStop(381)) - Stopped ServerConnector@6e617c0e{HTTP/1.1, (http/1.1)}{0.0.0.0:0}
2021-09-08 01:21:36,688 [Listener at 127.0.0.1/40417] INFO  server.session (HouseKeeper.java:stopScavenging(149)) - node0 Stopped scavenging
2021-09-08 01:21:36,688 [Listener at 127.0.0.1/40417] INFO  handler.ContextHandler (ContextHandler.java:doStop(1153)) - Stopped o.e.j.s.ServletContextHandler@389bc2d3{static,/static,file:///home/runner/work/ozone/ozone/hadoop-ozone/integration-test/target/test-classes/webapps/static,STOPPED}
2021-09-08 01:21:36,688 [Listener at 127.0.0.1/40417] INFO  handler.ContextHandler (ContextHandler.java:doStop(1153)) - Stopped o.e.j.s.ServletContextHandler@5444f1c3{logs,/logs,file:///home/runner/work/ozone/ozone/hadoop-ozone/integration-test/target/log,STOPPED}
2021-09-08 01:21:36,693 [Listener at 127.0.0.1/40417] INFO  server.StorageContainerManager (StorageContainerManager.java:stop(1409)) - Stopping Block Manager Service.
2021-09-08 01:21:36,694 [Listener at 127.0.0.1/40417] INFO  utils.BackgroundService (BackgroundService.java:shutdown(132)) - Shutting down service SCMBlockDeletingService
2021-09-08 01:21:36,694 [Listener at 127.0.0.1/40417] INFO  utils.BackgroundService (BackgroundService.java:shutdown(132)) - Shutting down service SCMBlockDeletingService
2021-09-08 01:21:36,694 [Listener at 127.0.0.1/40417] INFO  server.StorageContainerManager (StorageContainerManager.java:stop(1436)) - Stopping SCM Event Queue.
2021-09-08 01:21:36,698 [Listener at 127.0.0.1/40417] INFO  server.StorageContainerManager (StorageContainerManager.java:stop(1447)) - Stopping SCM HA services.
2021-09-08 01:21:36,698 [Listener at 127.0.0.1/40417] INFO  pipeline.BackgroundPipelineCreator (BackgroundPipelineCreatorV2.java:stop(158)) - Stopping RatisPipelineUtilsThread.
2021-09-08 01:21:36,699 [Listener at 127.0.0.1/40417] INFO  server.StorageContainerManager (StorageContainerManager.java:stop(1457)) - Stopping SCM MetadataStore.
2021-09-08 01:21:36,700 [Listener at 127.0.0.1/40417] INFO  impl.MetricsSystemImpl (MetricsSystemImpl.java:stop(210)) - Stopping XceiverClientMetrics metrics system...
2021-09-08 01:21:36,728 [prometheus] INFO  impl.MetricsSinkAdapter (MetricsSinkAdapter.java:publishMetricsFromQueue(141)) - prometheus thread interrupted.
2021-09-08 01:21:36,729 [Listener at 127.0.0.1/40417] INFO  impl.MetricsSystemImpl (MetricsSystemImpl.java:stop(216)) - XceiverClientMetrics metrics system stopped.
]]></system-out>
  </testcase>
  <testcase name="testWatchForCommitForRetryfailure" classname="org.apache.hadoop.ozone.client.rpc.TestWatchForCommit" time="92.126"/>
  <testcase name="testWatchForCommitForGroupMismatchException" classname="org.apache.hadoop.ozone.client.rpc.TestWatchForCommit" time="64.209"/>
  <testcase name="test2WayCommitForTimeoutException" classname="org.apache.hadoop.ozone.client.rpc.TestWatchForCommit" time="61.187"/>
</testsuite>