<?xml version="1.0" encoding="UTF-8"?>
<testsuite xmlns:xsi="http://www.w3.org/2001/XMLSchema-instance" xsi:noNamespaceSchemaLocation="https://maven.apache.org/surefire/maven-surefire-plugin/xsd/surefire-test-report.xsd" name="org.apache.hadoop.ozone.client.rpc.TestWatchForCommit" time="217.75" tests="4" errors="1" skipped="0" failures="0">
  <properties>
    <property name="awt.toolkit" value="sun.awt.X11.XToolkit"/>
    <property name="file.encoding.pkg" value="sun.io"/>
    <property name="java.specification.version" value="1.8"/>
    <property name="sun.cpu.isalist" value=""/>
    <property name="sun.jnu.encoding" value="ANSI_X3.4-1968"/>
    <property name="java.class.path" value="/github/workspace/mnt/ozone/hadoop-ozone/integration-test/target/test-classes:/github/workspace/mnt/ozone/hadoop-ozone/integration-test/target/classes:/home/user/.m2/repository/org/apache/hadoop/hadoop-ozone-common/0.6.0-SNAPSHOT/hadoop-ozone-common-0.6.0-SNAPSHOT.jar:/home/user/.m2/repository/org/apache/commons/commons-compress/1.4.1/commons-compress-1.4.1.jar:/home/user/.m2/repository/org/tukaani/xz/1.0/xz-1.0.jar:/home/user/.m2/repository/org/apache/hadoop/hadoop-hdds-common/0.6.0-SNAPSHOT/hadoop-hdds-common-0.6.0-SNAPSHOT.jar:/home/user/.m2/repository/org/apache/hadoop/hadoop-hdds-hadoop-dependency-client/0.6.0-SNAPSHOT/hadoop-hdds-hadoop-dependency-client-0.6.0-SNAPSHOT.jar:/home/user/.m2/repository/info/picocli/picocli/3.9.6/picocli-3.9.6.jar:/home/user/.m2/repository/com/fasterxml/jackson/core/jackson-annotations/2.10.3/jackson-annotations-2.10.3.jar:/home/user/.m2/repository/javax/annotation/javax.annotation-api/1.2/javax.annotation-api-1.2.jar:/home/user/.m2/repository/org/apache/ratis/ratis-server/1.0.0/ratis-server-1.0.0.jar:/home/user/.m2/repository/org/apache/ratis/ratis-client/1.0.0/ratis-client-1.0.0.jar:/home/user/.m2/repository/org/apache/ratis/ratis-metrics/1.0.0/ratis-metrics-1.0.0.jar:/home/user/.m2/repository/org/apache/ratis/ratis-netty/1.0.0/ratis-netty-1.0.0.jar:/home/user/.m2/repository/org/apache/ratis/ratis-grpc/1.0.0/ratis-grpc-1.0.0.jar:/home/user/.m2/repository/org/apache/logging/log4j/log4j-api/2.11.0/log4j-api-2.11.0.jar:/home/user/.m2/repository/org/apache/logging/log4j/log4j-core/2.11.0/log4j-core-2.11.0.jar:/home/user/.m2/repository/com/lmax/disruptor/3.4.2/disruptor-3.4.2.jar:/home/user/.m2/repository/org/apache/commons/commons-pool2/2.6.0/commons-pool2-2.6.0.jar:/home/user/.m2/repository/org/bouncycastle/bcpkix-jdk15on/1.60/bcpkix-jdk15on-1.60.jar:/home/user/.m2/repository/commons-validator/commons-validator/1.6/commons-validator-1.6.jar:/home/user/.m2/repository/commons-digester/commons-digester/1.8.1/commons-digester-1.8.1.jar:/home/user/.m2/repository/io/jaegertracing/jaeger-client/1.2.0/jaeger-client-1.2.0.jar:/home/user/.m2/repository/io/jaegertracing/jaeger-thrift/1.2.0/jaeger-thrift-1.2.0.jar:/home/user/.m2/repository/org/apache/thrift/libthrift/0.13.0/libthrift-0.13.0.jar:/home/user/.m2/repository/com/squareup/okhttp3/okhttp/4.2.2/okhttp-4.2.2.jar:/home/user/.m2/repository/com/squareup/okio/okio/2.2.2/okio-2.2.2.jar:/home/user/.m2/repository/org/jetbrains/kotlin/kotlin-stdlib/1.3.50/kotlin-stdlib-1.3.50.jar:/home/user/.m2/repository/org/jetbrains/kotlin/kotlin-stdlib-common/1.3.50/kotlin-stdlib-common-1.3.50.jar:/home/user/.m2/repository/org/jetbrains/annotations/13.0/annotations-13.0.jar:/home/user/.m2/repository/io/jaegertracing/jaeger-core/1.2.0/jaeger-core-1.2.0.jar:/home/user/.m2/repository/io/jaegertracing/jaeger-tracerresolver/1.2.0/jaeger-tracerresolver-1.2.0.jar:/home/user/.m2/repository/io/opentracing/contrib/opentracing-tracerresolver/0.1.8/opentracing-tracerresolver-0.1.8.jar:/home/user/.m2/repository/io/opentracing/opentracing-util/0.33.0/opentracing-util-0.33.0.jar:/home/user/.m2/repository/io/opentracing/opentracing-api/0.33.0/opentracing-api-0.33.0.jar:/home/user/.m2/repository/io/opentracing/opentracing-noop/0.33.0/opentracing-noop-0.33.0.jar:/home/user/.m2/repository/org/apache/hadoop/hadoop-hdds-client/0.6.0-SNAPSHOT/hadoop-hdds-client-0.6.0-SNAPSHOT.jar:/home/user/.m2/repository/org/apache/hadoop/hadoop-ozone-interface-client/0.6.0-SNAPSHOT/hadoop-ozone-interface-client-0.6.0-SNAPSHOT.jar:/home/user/.m2/repository/org/apache/hadoop/hadoop-hdds-test-utils/0.6.0-SNAPSHOT/hadoop-hdds-test-utils-0.6.0-SNAPSHOT.jar:/home/user/.m2/repository/com/google/guava/guava/28.2-jre/guava-28.2-jre.jar:/home/user/.m2/repository/com/google/guava/failureaccess/1.0.1/failureaccess-1.0.1.jar:/home/user/.m2/repository/com/google/guava/listenablefuture/9999.0-empty-to-avoid-conflict-with-guava/listenablefuture-9999.0-empty-to-avoid-conflict-with-guava.jar:/home/user/.m2/repository/com/google/code/findbugs/jsr305/3.0.0/jsr305-3.0.0.jar:/home/user/.m2/repository/org/checkerframework/checker-qual/2.10.0/checker-qual-2.10.0.jar:/home/user/.m2/repository/com/google/errorprone/error_prone_annotations/2.2.0/error_prone_annotations-2.2.0.jar:/home/user/.m2/repository/com/google/j2objc/j2objc-annotations/1.3/j2objc-annotations-1.3.jar:/home/user/.m2/repository/commons-io/commons-io/2.5/commons-io-2.5.jar:/home/user/.m2/repository/commons-logging/commons-logging/1.2/commons-logging-1.2.jar:/home/user/.m2/repository/log4j/log4j/1.2.17/log4j-1.2.17.jar:/home/user/.m2/repository/org/slf4j/slf4j-api/1.7.25/slf4j-api-1.7.25.jar:/home/user/.m2/repository/org/apache/hadoop/hadoop-hdds-server-scm/0.6.0-SNAPSHOT/hadoop-hdds-server-scm-0.6.0-SNAPSHOT.jar:/home/user/.m2/repository/org/apache/hadoop/hadoop-hdds-container-service/0.6.0-SNAPSHOT/hadoop-hdds-container-service-0.6.0-SNAPSHOT.jar:/home/user/.m2/repository/org/apache/hadoop/hadoop-hdds-hadoop-dependency-server/0.6.0-SNAPSHOT/hadoop-hdds-hadoop-dependency-server-0.6.0-SNAPSHOT.jar:/home/user/.m2/repository/org/apache/hadoop/hadoop-hdds-server-framework/0.6.0-SNAPSHOT/hadoop-hdds-server-framework-0.6.0-SNAPSHOT.jar:/home/user/.m2/repository/org/apache/hadoop/hadoop-hdds-interface-server/0.6.0-SNAPSHOT/hadoop-hdds-interface-server-0.6.0-SNAPSHOT.jar:/home/user/.m2/repository/org/apache/hadoop/hadoop-hdds-interface-admin/0.6.0-SNAPSHOT/hadoop-hdds-interface-admin-0.6.0-SNAPSHOT.jar:/home/user/.m2/repository/org/rocksdb/rocksdbjni/6.8.1/rocksdbjni-6.8.1.jar:/home/user/.m2/repository/io/prometheus/simpleclient_dropwizard/0.7.0/simpleclient_dropwizard-0.7.0.jar:/home/user/.m2/repository/io/prometheus/simpleclient/0.7.0/simpleclient-0.7.0.jar:/home/user/.m2/repository/io/prometheus/simpleclient_common/0.7.0/simpleclient_common-0.7.0.jar:/home/user/.m2/repository/com/fasterxml/jackson/datatype/jackson-datatype-jsr310/2.10.3/jackson-datatype-jsr310-2.10.3.jar:/home/user/.m2/repository/org/apache/hadoop/hadoop-hdds-docs/0.6.0-SNAPSHOT/hadoop-hdds-docs-0.6.0-SNAPSHOT.jar:/home/user/.m2/repository/io/dropwizard/metrics/metrics-core/3.2.4/metrics-core-3.2.4.jar:/home/user/.m2/repository/org/apache/hadoop/hadoop-hdfs-client/3.2.1/hadoop-hdfs-client-3.2.1.jar:/home/user/.m2/repository/org/bouncycastle/bcprov-jdk15on/1.60/bcprov-jdk15on-1.60.jar:/home/user/.m2/repository/org/apache/hadoop/hadoop-ozone-ozone-manager/0.6.0-SNAPSHOT/hadoop-ozone-ozone-manager-0.6.0-SNAPSHOT.jar:/home/user/.m2/repository/org/apache/hadoop/hadoop-hdds-interface-client/0.6.0-SNAPSHOT/hadoop-hdds-interface-client-0.6.0-SNAPSHOT.jar:/home/user/.m2/repository/org/apache/ratis/ratis-thirdparty-misc/0.5.0/ratis-thirdparty-misc-0.5.0.jar:/home/user/.m2/repository/org/apache/hadoop/hadoop-minikdc/3.2.1/hadoop-minikdc-3.2.1.jar:/home/user/.m2/repository/org/apache/kerby/kerb-simplekdc/1.0.1/kerb-simplekdc-1.0.1.jar:/home/user/.m2/repository/org/apache/kerby/kerb-client/1.0.1/kerb-client-1.0.1.jar:/home/user/.m2/repository/org/apache/kerby/kerby-config/1.0.1/kerby-config-1.0.1.jar:/home/user/.m2/repository/org/apache/kerby/kerb-core/1.0.1/kerb-core-1.0.1.jar:/home/user/.m2/repository/org/apache/kerby/kerby-pkix/1.0.1/kerby-pkix-1.0.1.jar:/home/user/.m2/repository/org/apache/kerby/kerby-asn1/1.0.1/kerby-asn1-1.0.1.jar:/home/user/.m2/repository/org/apache/kerby/kerby-util/1.0.1/kerby-util-1.0.1.jar:/home/user/.m2/repository/org/apache/kerby/kerb-common/1.0.1/kerb-common-1.0.1.jar:/home/user/.m2/repository/org/apache/kerby/kerb-crypto/1.0.1/kerb-crypto-1.0.1.jar:/home/user/.m2/repository/org/apache/kerby/kerb-util/1.0.1/kerb-util-1.0.1.jar:/home/user/.m2/repository/org/apache/kerby/token-provider/1.0.1/token-provider-1.0.1.jar:/home/user/.m2/repository/org/apache/kerby/kerb-admin/1.0.1/kerb-admin-1.0.1.jar:/home/user/.m2/repository/org/apache/kerby/kerb-server/1.0.1/kerb-server-1.0.1.jar:/home/user/.m2/repository/org/apache/kerby/kerb-identity/1.0.1/kerb-identity-1.0.1.jar:/home/user/.m2/repository/org/apache/kerby/kerby-xdr/1.0.1/kerby-xdr-1.0.1.jar:/home/user/.m2/repository/org/slf4j/slf4j-log4j12/1.7.25/slf4j-log4j12-1.7.25.jar:/home/user/.m2/repository/org/apache/hadoop/hadoop-ozone-s3gateway/0.6.0-SNAPSHOT/hadoop-ozone-s3gateway-0.6.0-SNAPSHOT.jar:/home/user/.m2/repository/org/jboss/weld/servlet/weld-servlet/2.4.7.Final/weld-servlet-2.4.7.Final.jar:/home/user/.m2/repository/org/glassfish/jersey/containers/jersey-container-servlet-core/2.27/jersey-container-servlet-core-2.27.jar:/home/user/.m2/repository/org/glassfish/hk2/external/javax.inject/2.5.0-b42/javax.inject-2.5.0-b42.jar:/home/user/.m2/repository/org/glassfish/jersey/core/jersey-common/2.27/jersey-common-2.27.jar:/home/user/.m2/repository/org/glassfish/hk2/osgi-resource-locator/1.0.1/osgi-resource-locator-1.0.1.jar:/home/user/.m2/repository/javax/ws/rs/javax.ws.rs-api/2.1/javax.ws.rs-api-2.1.jar:/home/user/.m2/repository/org/glassfish/jersey/ext/cdi/jersey-cdi1x/2.27/jersey-cdi1x-2.27.jar:/home/user/.m2/repository/org/glassfish/jersey/inject/jersey-hk2/2.27/jersey-hk2-2.27.jar:/home/user/.m2/repository/org/glassfish/hk2/hk2-locator/2.5.0-b42/hk2-locator-2.5.0-b42.jar:/home/user/.m2/repository/org/javassist/javassist/3.22.0-CR2/javassist-3.22.0-CR2.jar:/home/user/.m2/repository/org/glassfish/hk2/hk2-api/2.5.0/hk2-api-2.5.0.jar:/home/user/.m2/repository/org/glassfish/hk2/external/jakarta.inject/2.5.0/jakarta.inject-2.5.0.jar:/home/user/.m2/repository/org/glassfish/hk2/hk2-utils/2.5.0/hk2-utils-2.5.0.jar:/home/user/.m2/repository/jakarta/annotation/jakarta.annotation-api/1.3.4/jakarta.annotation-api-1.3.4.jar:/home/user/.m2/repository/org/glassfish/hk2/external/aopalliance-repackaged/2.5.0/aopalliance-repackaged-2.5.0.jar:/home/user/.m2/repository/com/fasterxml/jackson/dataformat/jackson-dataformat-xml/2.10.3/jackson-dataformat-xml-2.10.3.jar:/home/user/.m2/repository/com/fasterxml/jackson/core/jackson-core/2.10.3/jackson-core-2.10.3.jar:/home/user/.m2/repository/com/fasterxml/jackson/module/jackson-module-jaxb-annotations/2.10.3/jackson-module-jaxb-annotations-2.10.3.jar:/home/user/.m2/repository/jakarta/xml/bind/jakarta.xml.bind-api/2.3.2/jakarta.xml.bind-api-2.3.2.jar:/home/user/.m2/repository/jakarta/activation/jakarta.activation-api/1.2.1/jakarta.activation-api-1.2.1.jar:/home/user/.m2/repository/org/codehaus/woodstox/stax2-api/3.1.4/stax2-api-3.1.4.jar:/home/user/.m2/repository/com/fasterxml/woodstox/woodstox-core/5.0.3/woodstox-core-5.0.3.jar:/home/user/.m2/repository/javax/enterprise/cdi-api/1.2/cdi-api-1.2.jar:/home/user/.m2/repository/javax/el/javax.el-api/3.0.0/javax.el-api-3.0.0.jar:/home/user/.m2/repository/javax/interceptor/javax.interceptor-api/1.2/javax.interceptor-api-1.2.jar:/home/user/.m2/repository/javax/inject/javax.inject/1/javax.inject-1.jar:/home/user/.m2/repository/com/sun/xml/bind/jaxb-impl/2.3.0.1/jaxb-impl-2.3.0.1.jar:/home/user/.m2/repository/com/sun/xml/bind/jaxb-core/2.3.0.1/jaxb-core-2.3.0.1.jar:/home/user/.m2/repository/javax/xml/bind/jaxb-api/2.3.0/jaxb-api-2.3.0.jar:/home/user/.m2/repository/javax/activation/activation/1.1.1/activation-1.1.1.jar:/home/user/.m2/repository/org/apache/hadoop/hadoop-ozone-csi/0.6.0-SNAPSHOT/hadoop-ozone-csi-0.6.0-SNAPSHOT.jar:/home/user/.m2/repository/com/google/protobuf/protobuf-java-util/3.11.0/protobuf-java-util-3.11.0.jar:/home/user/.m2/repository/com/google/code/gson/gson/2.2.4/gson-2.2.4.jar:/home/user/.m2/repository/org/apache/hadoop/hadoop-hdds-config/0.6.0-SNAPSHOT/hadoop-hdds-config-0.6.0-SNAPSHOT.jar:/home/user/.m2/repository/com/google/protobuf/protobuf-java/2.5.0/protobuf-java-2.5.0.jar:/home/user/.m2/repository/io/grpc/grpc-netty/1.29.0/grpc-netty-1.29.0.jar:/home/user/.m2/repository/io/grpc/grpc-core/1.29.0/grpc-core-1.29.0.jar:/home/user/.m2/repository/com/google/android/annotations/4.1.1.4/annotations-4.1.1.4.jar:/home/user/.m2/repository/io/perfmark/perfmark-api/0.19.0/perfmark-api-0.19.0.jar:/home/user/.m2/repository/io/netty/netty-codec-http2/4.1.48.Final/netty-codec-http2-4.1.48.Final.jar:/home/user/.m2/repository/io/netty/netty-codec/4.1.48.Final/netty-codec-4.1.48.Final.jar:/home/user/.m2/repository/io/netty/netty-handler/4.1.48.Final/netty-handler-4.1.48.Final.jar:/home/user/.m2/repository/io/netty/netty-codec-http/4.1.48.Final/netty-codec-http-4.1.48.Final.jar:/home/user/.m2/repository/io/netty/netty-handler-proxy/4.1.48.Final/netty-handler-proxy-4.1.48.Final.jar:/home/user/.m2/repository/io/netty/netty-codec-socks/4.1.48.Final/netty-codec-socks-4.1.48.Final.jar:/home/user/.m2/repository/io/netty/netty-transport-native-epoll/4.1.48.Final/netty-transport-native-epoll-4.1.48.Final.jar:/home/user/.m2/repository/io/netty/netty-common/4.1.48.Final/netty-common-4.1.48.Final.jar:/home/user/.m2/repository/io/netty/netty-buffer/4.1.48.Final/netty-buffer-4.1.48.Final.jar:/home/user/.m2/repository/io/netty/netty-transport/4.1.48.Final/netty-transport-4.1.48.Final.jar:/home/user/.m2/repository/io/netty/netty-resolver/4.1.48.Final/netty-resolver-4.1.48.Final.jar:/home/user/.m2/repository/io/netty/netty-transport-native-unix-common/4.1.48.Final/netty-transport-native-unix-common-4.1.48.Final.jar:/home/user/.m2/repository/io/grpc/grpc-protobuf/1.29.0/grpc-protobuf-1.29.0.jar:/home/user/.m2/repository/io/grpc/grpc-api/1.29.0/grpc-api-1.29.0.jar:/home/user/.m2/repository/io/grpc/grpc-context/1.29.0/grpc-context-1.29.0.jar:/home/user/.m2/repository/org/codehaus/mojo/animal-sniffer-annotations/1.18/animal-sniffer-annotations-1.18.jar:/home/user/.m2/repository/com/google/api/grpc/proto-google-common-protos/1.17.0/proto-google-common-protos-1.17.0.jar:/home/user/.m2/repository/io/grpc/grpc-protobuf-lite/1.29.0/grpc-protobuf-lite-1.29.0.jar:/home/user/.m2/repository/io/grpc/grpc-stub/1.29.0/grpc-stub-1.29.0.jar:/home/user/.m2/repository/org/apache/hadoop/hadoop-ozone-recon/0.6.0-SNAPSHOT/hadoop-ozone-recon-0.6.0-SNAPSHOT.jar:/home/user/.m2/repository/org/apache/hadoop/hadoop-ozone-reconcodegen/0.6.0-SNAPSHOT/hadoop-ozone-reconcodegen-0.6.0-SNAPSHOT.jar:/home/user/.m2/repository/com/google/inject/extensions/guice-multibindings/4.0/guice-multibindings-4.0.jar:/home/user/.m2/repository/com/google/inject/guice/4.0/guice-4.0.jar:/home/user/.m2/repository/aopalliance/aopalliance/1.0/aopalliance-1.0.jar:/home/user/.m2/repository/com/google/inject/extensions/guice-assistedinject/4.0/guice-assistedinject-4.0.jar:/home/user/.m2/repository/com/google/inject/extensions/guice-servlet/4.0/guice-servlet-4.0.jar:/home/user/.m2/repository/org/glassfish/jersey/containers/jersey-container-servlet/2.27/jersey-container-servlet-2.27.jar:/home/user/.m2/repository/org/glassfish/hk2/guice-bridge/2.5.0/guice-bridge-2.5.0.jar:/home/user/.m2/repository/org/glassfish/jersey/core/jersey-server/2.27/jersey-server-2.27.jar:/home/user/.m2/repository/org/glassfish/jersey/core/jersey-client/2.27/jersey-client-2.27.jar:/home/user/.m2/repository/org/glassfish/jersey/media/jersey-media-jaxb/2.27/jersey-media-jaxb-2.27.jar:/home/user/.m2/repository/javax/validation/validation-api/1.1.0.Final/validation-api-1.1.0.Final.jar:/home/user/.m2/repository/org/glassfish/jersey/media/jersey-media-json-jackson/2.27/jersey-media-json-jackson-2.27.jar:/home/user/.m2/repository/org/glassfish/jersey/ext/jersey-entity-filtering/2.27/jersey-entity-filtering-2.27.jar:/home/user/.m2/repository/org/jooq/jooq/3.11.10/jooq-3.11.10.jar:/home/user/.m2/repository/org/jooq/jooq-meta/3.11.10/jooq-meta-3.11.10.jar:/home/user/.m2/repository/org/jooq/jooq-codegen/3.11.10/jooq-codegen-3.11.10.jar:/home/user/.m2/repository/com/jolbox/bonecp/0.8.0.RELEASE/bonecp-0.8.0.RELEASE.jar:/home/user/.m2/repository/org/apache/derby/derby/10.14.2.0/derby-10.14.2.0.jar:/home/user/.m2/repository/org/xerial/sqlite-jdbc/3.25.2/sqlite-jdbc-3.25.2.jar:/home/user/.m2/repository/org/springframework/spring-jdbc/5.2.5.RELEASE/spring-jdbc-5.2.5.RELEASE.jar:/home/user/.m2/repository/org/springframework/spring-beans/5.2.5.RELEASE/spring-beans-5.2.5.RELEASE.jar:/home/user/.m2/repository/org/springframework/spring-core/5.2.5.RELEASE/spring-core-5.2.5.RELEASE.jar:/home/user/.m2/repository/org/springframework/spring-jcl/5.2.5.RELEASE/spring-jcl-5.2.5.RELEASE.jar:/home/user/.m2/repository/org/springframework/spring-tx/5.2.5.RELEASE/spring-tx-5.2.5.RELEASE.jar:/home/user/.m2/repository/org/apache/hadoop/hadoop-ozone-client/0.6.0-SNAPSHOT/hadoop-ozone-client-0.6.0-SNAPSHOT.jar:/home/user/.m2/repository/org/apache/hadoop/hadoop-ozone-filesystem/0.6.0-SNAPSHOT/hadoop-ozone-filesystem-0.6.0-SNAPSHOT.jar:/home/user/.m2/repository/org/apache/hadoop/hadoop-ozone-filesystem-common/0.6.0-SNAPSHOT/hadoop-ozone-filesystem-common-0.6.0-SNAPSHOT.jar:/home/user/.m2/repository/org/apache/hadoop/hadoop-ozone-tools/0.6.0-SNAPSHOT/hadoop-ozone-tools-0.6.0-SNAPSHOT.jar:/home/user/.m2/repository/org/apache/hadoop/hadoop-hdfs/3.2.1/hadoop-hdfs-3.2.1.jar:/home/user/.m2/repository/org/apache/ratis/ratis-tools/1.0.0/ratis-tools-1.0.0.jar:/home/user/.m2/repository/org/apache/ratis/ratis-proto/1.0.0/ratis-proto-1.0.0.jar:/home/user/.m2/repository/org/apache/ratis/ratis-common/1.0.0/ratis-common-1.0.0.jar:/home/user/.m2/repository/com/amazonaws/aws-java-sdk-core/1.11.615/aws-java-sdk-core-1.11.615.jar:/home/user/.m2/repository/org/apache/httpcomponents/httpclient/4.5.2/httpclient-4.5.2.jar:/home/user/.m2/repository/org/apache/httpcomponents/httpcore/4.4.4/httpcore-4.4.4.jar:/home/user/.m2/repository/software/amazon/ion/ion-java/1.0.2/ion-java-1.0.2.jar:/home/user/.m2/repository/com/fasterxml/jackson/dataformat/jackson-dataformat-cbor/2.10.3/jackson-dataformat-cbor-2.10.3.jar:/home/user/.m2/repository/joda-time/joda-time/2.8.1/joda-time-2.8.1.jar:/home/user/.m2/repository/com/amazonaws/aws-java-sdk-s3/1.11.615/aws-java-sdk-s3-1.11.615.jar:/home/user/.m2/repository/com/amazonaws/aws-java-sdk-kms/1.11.615/aws-java-sdk-kms-1.11.615.jar:/home/user/.m2/repository/com/amazonaws/jmespath-java/1.11.615/jmespath-java-1.11.615.jar:/home/user/.m2/repository/org/apache/hadoop/hadoop-hdds-tools/0.6.0-SNAPSHOT/hadoop-hdds-tools-0.6.0-SNAPSHOT.jar:/home/user/.m2/repository/commons-cli/commons-cli/1.2/commons-cli-1.2.jar:/home/user/.m2/repository/org/apache/commons/commons-lang3/3.7/commons-lang3-3.7.jar:/home/user/.m2/repository/org/apache/hadoop/hadoop-ozone-ozone-manager/0.6.0-SNAPSHOT/hadoop-ozone-ozone-manager-0.6.0-SNAPSHOT-tests.jar:/home/user/.m2/repository/junit/junit/4.11/junit-4.11.jar:/home/user/.m2/repository/org/hamcrest/hamcrest-core/1.3/hamcrest-core-1.3.jar:/home/user/.m2/repository/org/openjdk/jmh/jmh-core/1.19/jmh-core-1.19.jar:/home/user/.m2/repository/net/sf/jopt-simple/jopt-simple/4.6/jopt-simple-4.6.jar:/home/user/.m2/repository/org/apache/commons/commons-math3/3.1.1/commons-math3-3.1.1.jar:/home/user/.m2/repository/org/openjdk/jmh/jmh-generator-annprocess/1.19/jmh-generator-annprocess-1.19.jar:/home/user/.m2/repository/org/mockito/mockito-all/1.8.5/mockito-all-1.8.5.jar:/home/user/.m2/repository/org/apache/hadoop/hadoop-kms/3.2.1/hadoop-kms-3.2.1.jar:/home/user/.m2/repository/org/apache/hadoop/hadoop-auth/3.2.1/hadoop-auth-3.2.1.jar:/home/user/.m2/repository/com/nimbusds/nimbus-jose-jwt/7.9/nimbus-jose-jwt-7.9.jar:/home/user/.m2/repository/com/github/stephenc/jcip/jcip-annotations/1.0-1/jcip-annotations-1.0-1.jar:/home/user/.m2/repository/net/minidev/json-smart/2.3/json-smart-2.3.jar:/home/user/.m2/repository/net/minidev/accessors-smart/1.2/accessors-smart-1.2.jar:/home/user/.m2/repository/org/ow2/asm/asm/5.0.4/asm-5.0.4.jar:/home/user/.m2/repository/org/apache/zookeeper/zookeeper/3.4.13/zookeeper-3.4.13.jar:/home/user/.m2/repository/org/apache/yetus/audience-annotations/0.5.0/audience-annotations-0.5.0.jar:/home/user/.m2/repository/org/apache/curator/curator-framework/2.13.0/curator-framework-2.13.0.jar:/home/user/.m2/repository/com/sun/jersey/jersey-core/1.19/jersey-core-1.19.jar:/home/user/.m2/repository/javax/ws/rs/jsr311-api/1.1.1/jsr311-api-1.1.1.jar:/home/user/.m2/repository/com/sun/jersey/jersey-server/1.19/jersey-server-1.19.jar:/home/user/.m2/repository/javax/servlet/javax.servlet-api/3.1.0/javax.servlet-api-3.1.0.jar:/home/user/.m2/repository/org/eclipse/jetty/jetty-server/9.4.26.v20200117/jetty-server-9.4.26.v20200117.jar:/home/user/.m2/repository/org/eclipse/jetty/jetty-http/9.4.26.v20200117/jetty-http-9.4.26.v20200117.jar:/home/user/.m2/repository/org/eclipse/jetty/jetty-io/9.4.26.v20200117/jetty-io-9.4.26.v20200117.jar:/home/user/.m2/repository/org/eclipse/jetty/jetty-webapp/9.4.26.v20200117/jetty-webapp-9.4.26.v20200117.jar:/home/user/.m2/repository/org/eclipse/jetty/jetty-xml/9.4.26.v20200117/jetty-xml-9.4.26.v20200117.jar:/home/user/.m2/repository/org/eclipse/jetty/jetty-servlet/9.4.26.v20200117/jetty-servlet-9.4.26.v20200117.jar:/home/user/.m2/repository/org/eclipse/jetty/jetty-security/9.4.26.v20200117/jetty-security-9.4.26.v20200117.jar:/home/user/.m2/repository/org/apache/hadoop/hadoop-common/3.2.1/hadoop-common-3.2.1.jar:/home/user/.m2/repository/commons-net/commons-net/3.6/commons-net-3.6.jar:/home/user/.m2/repository/commons-collections/commons-collections/3.2.2/commons-collections-3.2.2.jar:/home/user/.m2/repository/com/sun/jersey/jersey-servlet/1.19/jersey-servlet-1.19.jar:/home/user/.m2/repository/com/sun/jersey/jersey-json/1.19/jersey-json-1.19.jar:/home/user/.m2/repository/org/codehaus/jettison/jettison/1.1/jettison-1.1.jar:/home/user/.m2/repository/org/codehaus/jackson/jackson-jaxrs/1.9.2/jackson-jaxrs-1.9.2.jar:/home/user/.m2/repository/org/codehaus/jackson/jackson-xc/1.9.2/jackson-xc-1.9.2.jar:/home/user/.m2/repository/commons-beanutils/commons-beanutils/1.9.4/commons-beanutils-1.9.4.jar:/home/user/.m2/repository/org/apache/commons/commons-configuration2/2.1.1/commons-configuration2-2.1.1.jar:/home/user/.m2/repository/org/apache/commons/commons-text/1.4/commons-text-1.4.jar:/home/user/.m2/repository/com/google/re2j/re2j/1.1/re2j-1.1.jar:/home/user/.m2/repository/com/jcraft/jsch/0.1.54/jsch-0.1.54.jar:/home/user/.m2/repository/org/apache/curator/curator-client/2.13.0/curator-client-2.13.0.jar:/home/user/.m2/repository/org/apache/curator/curator-recipes/2.13.0/curator-recipes-2.13.0.jar:/home/user/.m2/repository/dnsjava/dnsjava/2.1.7/dnsjava-2.1.7.jar:/home/user/.m2/repository/org/slf4j/jul-to-slf4j/1.7.25/jul-to-slf4j-1.7.25.jar:/home/user/.m2/repository/org/eclipse/jetty/jetty-util/9.4.26.v20200117/jetty-util-9.4.26.v20200117.jar:/home/user/.m2/repository/com/fasterxml/jackson/core/jackson-databind/2.10.3/jackson-databind-2.10.3.jar:/home/user/.m2/repository/org/apache/hadoop/hadoop-kms/3.2.1/hadoop-kms-3.2.1-tests.jar:/home/user/.m2/repository/org/apache/hadoop/hadoop-hdds-server-scm/0.6.0-SNAPSHOT/hadoop-hdds-server-scm-0.6.0-SNAPSHOT-tests.jar:/home/user/.m2/repository/org/apache/hadoop/hadoop-hdds-container-service/0.6.0-SNAPSHOT/hadoop-hdds-container-service-0.6.0-SNAPSHOT-tests.jar:/home/user/.m2/repository/org/apache/hadoop/hadoop-hdds-common/0.6.0-SNAPSHOT/hadoop-hdds-common-0.6.0-SNAPSHOT-tests.jar:/home/user/.m2/repository/org/yaml/snakeyaml/1.16/snakeyaml-1.16.jar:/home/user/.m2/repository/org/apache/hadoop/hadoop-hdds-hadoop-dependency-test/0.6.0-SNAPSHOT/hadoop-hdds-hadoop-dependency-test-0.6.0-SNAPSHOT.jar:/home/user/.m2/repository/org/apache/hadoop/hadoop-common/3.2.1/hadoop-common-3.2.1-tests.jar:/home/user/.m2/repository/javax/servlet/jsp/jsp-api/2.1/jsp-api-2.1.jar:/home/user/.m2/repository/org/apache/hadoop/hadoop-hdfs/3.2.1/hadoop-hdfs-3.2.1-tests.jar:/home/user/.m2/repository/org/eclipse/jetty/jetty-util-ajax/9.4.26.v20200117/jetty-util-ajax-9.4.26.v20200117.jar:/home/user/.m2/repository/commons-codec/commons-codec/1.11/commons-codec-1.11.jar:/home/user/.m2/repository/commons-daemon/commons-daemon/1.0.13/commons-daemon-1.0.13.jar:/home/user/.m2/repository/io/netty/netty/3.10.5.Final/netty-3.10.5.Final.jar:/home/user/.m2/repository/io/netty/netty-all/4.1.48.Final/netty-all-4.1.48.Final.jar:/home/user/.m2/repository/org/apache/htrace/htrace-core4/4.1.0-incubating/htrace-core4-4.1.0-incubating.jar:/home/user/.m2/repository/org/fusesource/leveldbjni/leveldbjni-all/1.8/leveldbjni-all-1.8.jar:/home/user/.m2/repository/org/apache/hadoop/hadoop-distcp/3.2.1/hadoop-distcp-3.2.1.jar:/home/user/.m2/repository/org/apache/hadoop/hadoop-mapreduce-client-jobclient/3.2.1/hadoop-mapreduce-client-jobclient-3.2.1.jar:/home/user/.m2/repository/org/apache/hadoop/hadoop-mapreduce-client-common/3.2.1/hadoop-mapreduce-client-common-3.2.1.jar:/home/user/.m2/repository/org/apache/hadoop/hadoop-yarn-common/3.2.1/hadoop-yarn-common-3.2.1.jar:/home/user/.m2/repository/org/apache/hadoop/hadoop-yarn-api/3.2.1/hadoop-yarn-api-3.2.1.jar:/home/user/.m2/repository/com/sun/jersey/jersey-client/1.19/jersey-client-1.19.jar:/home/user/.m2/repository/com/sun/jersey/contribs/jersey-guice/1.19/jersey-guice-1.19.jar:/home/user/.m2/repository/com/fasterxml/jackson/jaxrs/jackson-jaxrs-json-provider/2.10.3/jackson-jaxrs-json-provider-2.10.3.jar:/home/user/.m2/repository/com/fasterxml/jackson/jaxrs/jackson-jaxrs-base/2.10.3/jackson-jaxrs-base-2.10.3.jar:/home/user/.m2/repository/org/apache/hadoop/hadoop-yarn-client/3.2.1/hadoop-yarn-client-3.2.1.jar:/home/user/.m2/repository/org/apache/hadoop/hadoop-mapreduce-client-core/3.2.1/hadoop-mapreduce-client-core-3.2.1.jar:/home/user/.m2/repository/org/apache/avro/avro/1.7.7/avro-1.7.7.jar:/home/user/.m2/repository/org/codehaus/jackson/jackson-core-asl/1.9.13/jackson-core-asl-1.9.13.jar:/home/user/.m2/repository/org/codehaus/jackson/jackson-mapper-asl/1.9.13/jackson-mapper-asl-1.9.13.jar:/home/user/.m2/repository/com/thoughtworks/paranamer/paranamer/2.3/paranamer-2.3.jar:/home/user/.m2/repository/org/xerial/snappy/snappy-java/1.0.5/snappy-java-1.0.5.jar:/home/user/.m2/repository/org/apache/hadoop/hadoop-annotations/3.2.1/hadoop-annotations-3.2.1.jar:/usr/lib/jvm/java-1.8.0-openjdk-1.8.0.232.b09-0.el7_7.x86_64/jre/../lib/tools.jar:/home/user/.m2/repository/org/apache/hadoop/hadoop-distcp/3.2.1/hadoop-distcp-3.2.1-tests.jar:"/>
    <property name="java.vm.vendor" value="Oracle Corporation"/>
    <property name="sun.arch.data.model" value="64"/>
    <property name="test.build.dir" value="/github/workspace/mnt/ozone/hadoop-ozone/integration-test/target/test-dir"/>
    <property name="test.cache.data" value=""/>
    <property name="java.vendor.url" value="http://java.oracle.com/"/>
    <property name="user.timezone" value=""/>
    <property name="java.vm.specification.version" value="1.8"/>
    <property name="os.name" value="Linux"/>
    <property name="test.build.data" value="/github/workspace/mnt/ozone/hadoop-ozone/integration-test/target/test-dir"/>
    <property name="user.country" value="US"/>
    <property name="sun.java.launcher" value="SUN_STANDARD"/>
    <property name="sun.boot.library.path" value="/usr/lib/jvm/java-1.8.0-openjdk-1.8.0.232.b09-0.el7_7.x86_64/jre/lib/amd64"/>
    <property name="sun.java.command" value="/github/workspace/mnt/ozone/hadoop-ozone/integration-test/target/surefire/surefirebooter3650964505409087725.jar /github/workspace/mnt/ozone/hadoop-ozone/integration-test/target/surefire 2020-07-22T13-29-52_186-jvmRun1 surefire1022084280548308184tmp surefire_48905516429022358211tmp"/>
    <property name="surefire.test.class.path" value="/github/workspace/mnt/ozone/hadoop-ozone/integration-test/target/test-classes:/github/workspace/mnt/ozone/hadoop-ozone/integration-test/target/classes:/home/user/.m2/repository/org/apache/hadoop/hadoop-ozone-common/0.6.0-SNAPSHOT/hadoop-ozone-common-0.6.0-SNAPSHOT.jar:/home/user/.m2/repository/org/apache/commons/commons-compress/1.4.1/commons-compress-1.4.1.jar:/home/user/.m2/repository/org/tukaani/xz/1.0/xz-1.0.jar:/home/user/.m2/repository/org/apache/hadoop/hadoop-hdds-common/0.6.0-SNAPSHOT/hadoop-hdds-common-0.6.0-SNAPSHOT.jar:/home/user/.m2/repository/org/apache/hadoop/hadoop-hdds-hadoop-dependency-client/0.6.0-SNAPSHOT/hadoop-hdds-hadoop-dependency-client-0.6.0-SNAPSHOT.jar:/home/user/.m2/repository/info/picocli/picocli/3.9.6/picocli-3.9.6.jar:/home/user/.m2/repository/com/fasterxml/jackson/core/jackson-annotations/2.10.3/jackson-annotations-2.10.3.jar:/home/user/.m2/repository/javax/annotation/javax.annotation-api/1.2/javax.annotation-api-1.2.jar:/home/user/.m2/repository/org/apache/ratis/ratis-server/1.0.0/ratis-server-1.0.0.jar:/home/user/.m2/repository/org/apache/ratis/ratis-client/1.0.0/ratis-client-1.0.0.jar:/home/user/.m2/repository/org/apache/ratis/ratis-metrics/1.0.0/ratis-metrics-1.0.0.jar:/home/user/.m2/repository/org/apache/ratis/ratis-netty/1.0.0/ratis-netty-1.0.0.jar:/home/user/.m2/repository/org/apache/ratis/ratis-grpc/1.0.0/ratis-grpc-1.0.0.jar:/home/user/.m2/repository/org/apache/logging/log4j/log4j-api/2.11.0/log4j-api-2.11.0.jar:/home/user/.m2/repository/org/apache/logging/log4j/log4j-core/2.11.0/log4j-core-2.11.0.jar:/home/user/.m2/repository/com/lmax/disruptor/3.4.2/disruptor-3.4.2.jar:/home/user/.m2/repository/org/apache/commons/commons-pool2/2.6.0/commons-pool2-2.6.0.jar:/home/user/.m2/repository/org/bouncycastle/bcpkix-jdk15on/1.60/bcpkix-jdk15on-1.60.jar:/home/user/.m2/repository/commons-validator/commons-validator/1.6/commons-validator-1.6.jar:/home/user/.m2/repository/commons-digester/commons-digester/1.8.1/commons-digester-1.8.1.jar:/home/user/.m2/repository/io/jaegertracing/jaeger-client/1.2.0/jaeger-client-1.2.0.jar:/home/user/.m2/repository/io/jaegertracing/jaeger-thrift/1.2.0/jaeger-thrift-1.2.0.jar:/home/user/.m2/repository/org/apache/thrift/libthrift/0.13.0/libthrift-0.13.0.jar:/home/user/.m2/repository/com/squareup/okhttp3/okhttp/4.2.2/okhttp-4.2.2.jar:/home/user/.m2/repository/com/squareup/okio/okio/2.2.2/okio-2.2.2.jar:/home/user/.m2/repository/org/jetbrains/kotlin/kotlin-stdlib/1.3.50/kotlin-stdlib-1.3.50.jar:/home/user/.m2/repository/org/jetbrains/kotlin/kotlin-stdlib-common/1.3.50/kotlin-stdlib-common-1.3.50.jar:/home/user/.m2/repository/org/jetbrains/annotations/13.0/annotations-13.0.jar:/home/user/.m2/repository/io/jaegertracing/jaeger-core/1.2.0/jaeger-core-1.2.0.jar:/home/user/.m2/repository/io/jaegertracing/jaeger-tracerresolver/1.2.0/jaeger-tracerresolver-1.2.0.jar:/home/user/.m2/repository/io/opentracing/contrib/opentracing-tracerresolver/0.1.8/opentracing-tracerresolver-0.1.8.jar:/home/user/.m2/repository/io/opentracing/opentracing-util/0.33.0/opentracing-util-0.33.0.jar:/home/user/.m2/repository/io/opentracing/opentracing-api/0.33.0/opentracing-api-0.33.0.jar:/home/user/.m2/repository/io/opentracing/opentracing-noop/0.33.0/opentracing-noop-0.33.0.jar:/home/user/.m2/repository/org/apache/hadoop/hadoop-hdds-client/0.6.0-SNAPSHOT/hadoop-hdds-client-0.6.0-SNAPSHOT.jar:/home/user/.m2/repository/org/apache/hadoop/hadoop-ozone-interface-client/0.6.0-SNAPSHOT/hadoop-ozone-interface-client-0.6.0-SNAPSHOT.jar:/home/user/.m2/repository/org/apache/hadoop/hadoop-hdds-test-utils/0.6.0-SNAPSHOT/hadoop-hdds-test-utils-0.6.0-SNAPSHOT.jar:/home/user/.m2/repository/com/google/guava/guava/28.2-jre/guava-28.2-jre.jar:/home/user/.m2/repository/com/google/guava/failureaccess/1.0.1/failureaccess-1.0.1.jar:/home/user/.m2/repository/com/google/guava/listenablefuture/9999.0-empty-to-avoid-conflict-with-guava/listenablefuture-9999.0-empty-to-avoid-conflict-with-guava.jar:/home/user/.m2/repository/com/google/code/findbugs/jsr305/3.0.0/jsr305-3.0.0.jar:/home/user/.m2/repository/org/checkerframework/checker-qual/2.10.0/checker-qual-2.10.0.jar:/home/user/.m2/repository/com/google/errorprone/error_prone_annotations/2.2.0/error_prone_annotations-2.2.0.jar:/home/user/.m2/repository/com/google/j2objc/j2objc-annotations/1.3/j2objc-annotations-1.3.jar:/home/user/.m2/repository/commons-io/commons-io/2.5/commons-io-2.5.jar:/home/user/.m2/repository/commons-logging/commons-logging/1.2/commons-logging-1.2.jar:/home/user/.m2/repository/log4j/log4j/1.2.17/log4j-1.2.17.jar:/home/user/.m2/repository/org/slf4j/slf4j-api/1.7.25/slf4j-api-1.7.25.jar:/home/user/.m2/repository/org/apache/hadoop/hadoop-hdds-server-scm/0.6.0-SNAPSHOT/hadoop-hdds-server-scm-0.6.0-SNAPSHOT.jar:/home/user/.m2/repository/org/apache/hadoop/hadoop-hdds-container-service/0.6.0-SNAPSHOT/hadoop-hdds-container-service-0.6.0-SNAPSHOT.jar:/home/user/.m2/repository/org/apache/hadoop/hadoop-hdds-hadoop-dependency-server/0.6.0-SNAPSHOT/hadoop-hdds-hadoop-dependency-server-0.6.0-SNAPSHOT.jar:/home/user/.m2/repository/org/apache/hadoop/hadoop-hdds-server-framework/0.6.0-SNAPSHOT/hadoop-hdds-server-framework-0.6.0-SNAPSHOT.jar:/home/user/.m2/repository/org/apache/hadoop/hadoop-hdds-interface-server/0.6.0-SNAPSHOT/hadoop-hdds-interface-server-0.6.0-SNAPSHOT.jar:/home/user/.m2/repository/org/apache/hadoop/hadoop-hdds-interface-admin/0.6.0-SNAPSHOT/hadoop-hdds-interface-admin-0.6.0-SNAPSHOT.jar:/home/user/.m2/repository/org/rocksdb/rocksdbjni/6.8.1/rocksdbjni-6.8.1.jar:/home/user/.m2/repository/io/prometheus/simpleclient_dropwizard/0.7.0/simpleclient_dropwizard-0.7.0.jar:/home/user/.m2/repository/io/prometheus/simpleclient/0.7.0/simpleclient-0.7.0.jar:/home/user/.m2/repository/io/prometheus/simpleclient_common/0.7.0/simpleclient_common-0.7.0.jar:/home/user/.m2/repository/com/fasterxml/jackson/datatype/jackson-datatype-jsr310/2.10.3/jackson-datatype-jsr310-2.10.3.jar:/home/user/.m2/repository/org/apache/hadoop/hadoop-hdds-docs/0.6.0-SNAPSHOT/hadoop-hdds-docs-0.6.0-SNAPSHOT.jar:/home/user/.m2/repository/io/dropwizard/metrics/metrics-core/3.2.4/metrics-core-3.2.4.jar:/home/user/.m2/repository/org/apache/hadoop/hadoop-hdfs-client/3.2.1/hadoop-hdfs-client-3.2.1.jar:/home/user/.m2/repository/org/bouncycastle/bcprov-jdk15on/1.60/bcprov-jdk15on-1.60.jar:/home/user/.m2/repository/org/apache/hadoop/hadoop-ozone-ozone-manager/0.6.0-SNAPSHOT/hadoop-ozone-ozone-manager-0.6.0-SNAPSHOT.jar:/home/user/.m2/repository/org/apache/hadoop/hadoop-hdds-interface-client/0.6.0-SNAPSHOT/hadoop-hdds-interface-client-0.6.0-SNAPSHOT.jar:/home/user/.m2/repository/org/apache/ratis/ratis-thirdparty-misc/0.5.0/ratis-thirdparty-misc-0.5.0.jar:/home/user/.m2/repository/org/apache/hadoop/hadoop-minikdc/3.2.1/hadoop-minikdc-3.2.1.jar:/home/user/.m2/repository/org/apache/kerby/kerb-simplekdc/1.0.1/kerb-simplekdc-1.0.1.jar:/home/user/.m2/repository/org/apache/kerby/kerb-client/1.0.1/kerb-client-1.0.1.jar:/home/user/.m2/repository/org/apache/kerby/kerby-config/1.0.1/kerby-config-1.0.1.jar:/home/user/.m2/repository/org/apache/kerby/kerb-core/1.0.1/kerb-core-1.0.1.jar:/home/user/.m2/repository/org/apache/kerby/kerby-pkix/1.0.1/kerby-pkix-1.0.1.jar:/home/user/.m2/repository/org/apache/kerby/kerby-asn1/1.0.1/kerby-asn1-1.0.1.jar:/home/user/.m2/repository/org/apache/kerby/kerby-util/1.0.1/kerby-util-1.0.1.jar:/home/user/.m2/repository/org/apache/kerby/kerb-common/1.0.1/kerb-common-1.0.1.jar:/home/user/.m2/repository/org/apache/kerby/kerb-crypto/1.0.1/kerb-crypto-1.0.1.jar:/home/user/.m2/repository/org/apache/kerby/kerb-util/1.0.1/kerb-util-1.0.1.jar:/home/user/.m2/repository/org/apache/kerby/token-provider/1.0.1/token-provider-1.0.1.jar:/home/user/.m2/repository/org/apache/kerby/kerb-admin/1.0.1/kerb-admin-1.0.1.jar:/home/user/.m2/repository/org/apache/kerby/kerb-server/1.0.1/kerb-server-1.0.1.jar:/home/user/.m2/repository/org/apache/kerby/kerb-identity/1.0.1/kerb-identity-1.0.1.jar:/home/user/.m2/repository/org/apache/kerby/kerby-xdr/1.0.1/kerby-xdr-1.0.1.jar:/home/user/.m2/repository/org/slf4j/slf4j-log4j12/1.7.25/slf4j-log4j12-1.7.25.jar:/home/user/.m2/repository/org/apache/hadoop/hadoop-ozone-s3gateway/0.6.0-SNAPSHOT/hadoop-ozone-s3gateway-0.6.0-SNAPSHOT.jar:/home/user/.m2/repository/org/jboss/weld/servlet/weld-servlet/2.4.7.Final/weld-servlet-2.4.7.Final.jar:/home/user/.m2/repository/org/glassfish/jersey/containers/jersey-container-servlet-core/2.27/jersey-container-servlet-core-2.27.jar:/home/user/.m2/repository/org/glassfish/hk2/external/javax.inject/2.5.0-b42/javax.inject-2.5.0-b42.jar:/home/user/.m2/repository/org/glassfish/jersey/core/jersey-common/2.27/jersey-common-2.27.jar:/home/user/.m2/repository/org/glassfish/hk2/osgi-resource-locator/1.0.1/osgi-resource-locator-1.0.1.jar:/home/user/.m2/repository/javax/ws/rs/javax.ws.rs-api/2.1/javax.ws.rs-api-2.1.jar:/home/user/.m2/repository/org/glassfish/jersey/ext/cdi/jersey-cdi1x/2.27/jersey-cdi1x-2.27.jar:/home/user/.m2/repository/org/glassfish/jersey/inject/jersey-hk2/2.27/jersey-hk2-2.27.jar:/home/user/.m2/repository/org/glassfish/hk2/hk2-locator/2.5.0-b42/hk2-locator-2.5.0-b42.jar:/home/user/.m2/repository/org/javassist/javassist/3.22.0-CR2/javassist-3.22.0-CR2.jar:/home/user/.m2/repository/org/glassfish/hk2/hk2-api/2.5.0/hk2-api-2.5.0.jar:/home/user/.m2/repository/org/glassfish/hk2/external/jakarta.inject/2.5.0/jakarta.inject-2.5.0.jar:/home/user/.m2/repository/org/glassfish/hk2/hk2-utils/2.5.0/hk2-utils-2.5.0.jar:/home/user/.m2/repository/jakarta/annotation/jakarta.annotation-api/1.3.4/jakarta.annotation-api-1.3.4.jar:/home/user/.m2/repository/org/glassfish/hk2/external/aopalliance-repackaged/2.5.0/aopalliance-repackaged-2.5.0.jar:/home/user/.m2/repository/com/fasterxml/jackson/dataformat/jackson-dataformat-xml/2.10.3/jackson-dataformat-xml-2.10.3.jar:/home/user/.m2/repository/com/fasterxml/jackson/core/jackson-core/2.10.3/jackson-core-2.10.3.jar:/home/user/.m2/repository/com/fasterxml/jackson/module/jackson-module-jaxb-annotations/2.10.3/jackson-module-jaxb-annotations-2.10.3.jar:/home/user/.m2/repository/jakarta/xml/bind/jakarta.xml.bind-api/2.3.2/jakarta.xml.bind-api-2.3.2.jar:/home/user/.m2/repository/jakarta/activation/jakarta.activation-api/1.2.1/jakarta.activation-api-1.2.1.jar:/home/user/.m2/repository/org/codehaus/woodstox/stax2-api/3.1.4/stax2-api-3.1.4.jar:/home/user/.m2/repository/com/fasterxml/woodstox/woodstox-core/5.0.3/woodstox-core-5.0.3.jar:/home/user/.m2/repository/javax/enterprise/cdi-api/1.2/cdi-api-1.2.jar:/home/user/.m2/repository/javax/el/javax.el-api/3.0.0/javax.el-api-3.0.0.jar:/home/user/.m2/repository/javax/interceptor/javax.interceptor-api/1.2/javax.interceptor-api-1.2.jar:/home/user/.m2/repository/javax/inject/javax.inject/1/javax.inject-1.jar:/home/user/.m2/repository/com/sun/xml/bind/jaxb-impl/2.3.0.1/jaxb-impl-2.3.0.1.jar:/home/user/.m2/repository/com/sun/xml/bind/jaxb-core/2.3.0.1/jaxb-core-2.3.0.1.jar:/home/user/.m2/repository/javax/xml/bind/jaxb-api/2.3.0/jaxb-api-2.3.0.jar:/home/user/.m2/repository/javax/activation/activation/1.1.1/activation-1.1.1.jar:/home/user/.m2/repository/org/apache/hadoop/hadoop-ozone-csi/0.6.0-SNAPSHOT/hadoop-ozone-csi-0.6.0-SNAPSHOT.jar:/home/user/.m2/repository/com/google/protobuf/protobuf-java-util/3.11.0/protobuf-java-util-3.11.0.jar:/home/user/.m2/repository/com/google/code/gson/gson/2.2.4/gson-2.2.4.jar:/home/user/.m2/repository/org/apache/hadoop/hadoop-hdds-config/0.6.0-SNAPSHOT/hadoop-hdds-config-0.6.0-SNAPSHOT.jar:/home/user/.m2/repository/com/google/protobuf/protobuf-java/2.5.0/protobuf-java-2.5.0.jar:/home/user/.m2/repository/io/grpc/grpc-netty/1.29.0/grpc-netty-1.29.0.jar:/home/user/.m2/repository/io/grpc/grpc-core/1.29.0/grpc-core-1.29.0.jar:/home/user/.m2/repository/com/google/android/annotations/4.1.1.4/annotations-4.1.1.4.jar:/home/user/.m2/repository/io/perfmark/perfmark-api/0.19.0/perfmark-api-0.19.0.jar:/home/user/.m2/repository/io/netty/netty-codec-http2/4.1.48.Final/netty-codec-http2-4.1.48.Final.jar:/home/user/.m2/repository/io/netty/netty-codec/4.1.48.Final/netty-codec-4.1.48.Final.jar:/home/user/.m2/repository/io/netty/netty-handler/4.1.48.Final/netty-handler-4.1.48.Final.jar:/home/user/.m2/repository/io/netty/netty-codec-http/4.1.48.Final/netty-codec-http-4.1.48.Final.jar:/home/user/.m2/repository/io/netty/netty-handler-proxy/4.1.48.Final/netty-handler-proxy-4.1.48.Final.jar:/home/user/.m2/repository/io/netty/netty-codec-socks/4.1.48.Final/netty-codec-socks-4.1.48.Final.jar:/home/user/.m2/repository/io/netty/netty-transport-native-epoll/4.1.48.Final/netty-transport-native-epoll-4.1.48.Final.jar:/home/user/.m2/repository/io/netty/netty-common/4.1.48.Final/netty-common-4.1.48.Final.jar:/home/user/.m2/repository/io/netty/netty-buffer/4.1.48.Final/netty-buffer-4.1.48.Final.jar:/home/user/.m2/repository/io/netty/netty-transport/4.1.48.Final/netty-transport-4.1.48.Final.jar:/home/user/.m2/repository/io/netty/netty-resolver/4.1.48.Final/netty-resolver-4.1.48.Final.jar:/home/user/.m2/repository/io/netty/netty-transport-native-unix-common/4.1.48.Final/netty-transport-native-unix-common-4.1.48.Final.jar:/home/user/.m2/repository/io/grpc/grpc-protobuf/1.29.0/grpc-protobuf-1.29.0.jar:/home/user/.m2/repository/io/grpc/grpc-api/1.29.0/grpc-api-1.29.0.jar:/home/user/.m2/repository/io/grpc/grpc-context/1.29.0/grpc-context-1.29.0.jar:/home/user/.m2/repository/org/codehaus/mojo/animal-sniffer-annotations/1.18/animal-sniffer-annotations-1.18.jar:/home/user/.m2/repository/com/google/api/grpc/proto-google-common-protos/1.17.0/proto-google-common-protos-1.17.0.jar:/home/user/.m2/repository/io/grpc/grpc-protobuf-lite/1.29.0/grpc-protobuf-lite-1.29.0.jar:/home/user/.m2/repository/io/grpc/grpc-stub/1.29.0/grpc-stub-1.29.0.jar:/home/user/.m2/repository/org/apache/hadoop/hadoop-ozone-recon/0.6.0-SNAPSHOT/hadoop-ozone-recon-0.6.0-SNAPSHOT.jar:/home/user/.m2/repository/org/apache/hadoop/hadoop-ozone-reconcodegen/0.6.0-SNAPSHOT/hadoop-ozone-reconcodegen-0.6.0-SNAPSHOT.jar:/home/user/.m2/repository/com/google/inject/extensions/guice-multibindings/4.0/guice-multibindings-4.0.jar:/home/user/.m2/repository/com/google/inject/guice/4.0/guice-4.0.jar:/home/user/.m2/repository/aopalliance/aopalliance/1.0/aopalliance-1.0.jar:/home/user/.m2/repository/com/google/inject/extensions/guice-assistedinject/4.0/guice-assistedinject-4.0.jar:/home/user/.m2/repository/com/google/inject/extensions/guice-servlet/4.0/guice-servlet-4.0.jar:/home/user/.m2/repository/org/glassfish/jersey/containers/jersey-container-servlet/2.27/jersey-container-servlet-2.27.jar:/home/user/.m2/repository/org/glassfish/hk2/guice-bridge/2.5.0/guice-bridge-2.5.0.jar:/home/user/.m2/repository/org/glassfish/jersey/core/jersey-server/2.27/jersey-server-2.27.jar:/home/user/.m2/repository/org/glassfish/jersey/core/jersey-client/2.27/jersey-client-2.27.jar:/home/user/.m2/repository/org/glassfish/jersey/media/jersey-media-jaxb/2.27/jersey-media-jaxb-2.27.jar:/home/user/.m2/repository/javax/validation/validation-api/1.1.0.Final/validation-api-1.1.0.Final.jar:/home/user/.m2/repository/org/glassfish/jersey/media/jersey-media-json-jackson/2.27/jersey-media-json-jackson-2.27.jar:/home/user/.m2/repository/org/glassfish/jersey/ext/jersey-entity-filtering/2.27/jersey-entity-filtering-2.27.jar:/home/user/.m2/repository/org/jooq/jooq/3.11.10/jooq-3.11.10.jar:/home/user/.m2/repository/org/jooq/jooq-meta/3.11.10/jooq-meta-3.11.10.jar:/home/user/.m2/repository/org/jooq/jooq-codegen/3.11.10/jooq-codegen-3.11.10.jar:/home/user/.m2/repository/com/jolbox/bonecp/0.8.0.RELEASE/bonecp-0.8.0.RELEASE.jar:/home/user/.m2/repository/org/apache/derby/derby/10.14.2.0/derby-10.14.2.0.jar:/home/user/.m2/repository/org/xerial/sqlite-jdbc/3.25.2/sqlite-jdbc-3.25.2.jar:/home/user/.m2/repository/org/springframework/spring-jdbc/5.2.5.RELEASE/spring-jdbc-5.2.5.RELEASE.jar:/home/user/.m2/repository/org/springframework/spring-beans/5.2.5.RELEASE/spring-beans-5.2.5.RELEASE.jar:/home/user/.m2/repository/org/springframework/spring-core/5.2.5.RELEASE/spring-core-5.2.5.RELEASE.jar:/home/user/.m2/repository/org/springframework/spring-jcl/5.2.5.RELEASE/spring-jcl-5.2.5.RELEASE.jar:/home/user/.m2/repository/org/springframework/spring-tx/5.2.5.RELEASE/spring-tx-5.2.5.RELEASE.jar:/home/user/.m2/repository/org/apache/hadoop/hadoop-ozone-client/0.6.0-SNAPSHOT/hadoop-ozone-client-0.6.0-SNAPSHOT.jar:/home/user/.m2/repository/org/apache/hadoop/hadoop-ozone-filesystem/0.6.0-SNAPSHOT/hadoop-ozone-filesystem-0.6.0-SNAPSHOT.jar:/home/user/.m2/repository/org/apache/hadoop/hadoop-ozone-filesystem-common/0.6.0-SNAPSHOT/hadoop-ozone-filesystem-common-0.6.0-SNAPSHOT.jar:/home/user/.m2/repository/org/apache/hadoop/hadoop-ozone-tools/0.6.0-SNAPSHOT/hadoop-ozone-tools-0.6.0-SNAPSHOT.jar:/home/user/.m2/repository/org/apache/hadoop/hadoop-hdfs/3.2.1/hadoop-hdfs-3.2.1.jar:/home/user/.m2/repository/org/apache/ratis/ratis-tools/1.0.0/ratis-tools-1.0.0.jar:/home/user/.m2/repository/org/apache/ratis/ratis-proto/1.0.0/ratis-proto-1.0.0.jar:/home/user/.m2/repository/org/apache/ratis/ratis-common/1.0.0/ratis-common-1.0.0.jar:/home/user/.m2/repository/com/amazonaws/aws-java-sdk-core/1.11.615/aws-java-sdk-core-1.11.615.jar:/home/user/.m2/repository/org/apache/httpcomponents/httpclient/4.5.2/httpclient-4.5.2.jar:/home/user/.m2/repository/org/apache/httpcomponents/httpcore/4.4.4/httpcore-4.4.4.jar:/home/user/.m2/repository/software/amazon/ion/ion-java/1.0.2/ion-java-1.0.2.jar:/home/user/.m2/repository/com/fasterxml/jackson/dataformat/jackson-dataformat-cbor/2.10.3/jackson-dataformat-cbor-2.10.3.jar:/home/user/.m2/repository/joda-time/joda-time/2.8.1/joda-time-2.8.1.jar:/home/user/.m2/repository/com/amazonaws/aws-java-sdk-s3/1.11.615/aws-java-sdk-s3-1.11.615.jar:/home/user/.m2/repository/com/amazonaws/aws-java-sdk-kms/1.11.615/aws-java-sdk-kms-1.11.615.jar:/home/user/.m2/repository/com/amazonaws/jmespath-java/1.11.615/jmespath-java-1.11.615.jar:/home/user/.m2/repository/org/apache/hadoop/hadoop-hdds-tools/0.6.0-SNAPSHOT/hadoop-hdds-tools-0.6.0-SNAPSHOT.jar:/home/user/.m2/repository/commons-cli/commons-cli/1.2/commons-cli-1.2.jar:/home/user/.m2/repository/org/apache/commons/commons-lang3/3.7/commons-lang3-3.7.jar:/home/user/.m2/repository/org/apache/hadoop/hadoop-ozone-ozone-manager/0.6.0-SNAPSHOT/hadoop-ozone-ozone-manager-0.6.0-SNAPSHOT-tests.jar:/home/user/.m2/repository/junit/junit/4.11/junit-4.11.jar:/home/user/.m2/repository/org/hamcrest/hamcrest-core/1.3/hamcrest-core-1.3.jar:/home/user/.m2/repository/org/openjdk/jmh/jmh-core/1.19/jmh-core-1.19.jar:/home/user/.m2/repository/net/sf/jopt-simple/jopt-simple/4.6/jopt-simple-4.6.jar:/home/user/.m2/repository/org/apache/commons/commons-math3/3.1.1/commons-math3-3.1.1.jar:/home/user/.m2/repository/org/openjdk/jmh/jmh-generator-annprocess/1.19/jmh-generator-annprocess-1.19.jar:/home/user/.m2/repository/org/mockito/mockito-all/1.8.5/mockito-all-1.8.5.jar:/home/user/.m2/repository/org/apache/hadoop/hadoop-kms/3.2.1/hadoop-kms-3.2.1.jar:/home/user/.m2/repository/org/apache/hadoop/hadoop-auth/3.2.1/hadoop-auth-3.2.1.jar:/home/user/.m2/repository/com/nimbusds/nimbus-jose-jwt/7.9/nimbus-jose-jwt-7.9.jar:/home/user/.m2/repository/com/github/stephenc/jcip/jcip-annotations/1.0-1/jcip-annotations-1.0-1.jar:/home/user/.m2/repository/net/minidev/json-smart/2.3/json-smart-2.3.jar:/home/user/.m2/repository/net/minidev/accessors-smart/1.2/accessors-smart-1.2.jar:/home/user/.m2/repository/org/ow2/asm/asm/5.0.4/asm-5.0.4.jar:/home/user/.m2/repository/org/apache/zookeeper/zookeeper/3.4.13/zookeeper-3.4.13.jar:/home/user/.m2/repository/org/apache/yetus/audience-annotations/0.5.0/audience-annotations-0.5.0.jar:/home/user/.m2/repository/org/apache/curator/curator-framework/2.13.0/curator-framework-2.13.0.jar:/home/user/.m2/repository/com/sun/jersey/jersey-core/1.19/jersey-core-1.19.jar:/home/user/.m2/repository/javax/ws/rs/jsr311-api/1.1.1/jsr311-api-1.1.1.jar:/home/user/.m2/repository/com/sun/jersey/jersey-server/1.19/jersey-server-1.19.jar:/home/user/.m2/repository/javax/servlet/javax.servlet-api/3.1.0/javax.servlet-api-3.1.0.jar:/home/user/.m2/repository/org/eclipse/jetty/jetty-server/9.4.26.v20200117/jetty-server-9.4.26.v20200117.jar:/home/user/.m2/repository/org/eclipse/jetty/jetty-http/9.4.26.v20200117/jetty-http-9.4.26.v20200117.jar:/home/user/.m2/repository/org/eclipse/jetty/jetty-io/9.4.26.v20200117/jetty-io-9.4.26.v20200117.jar:/home/user/.m2/repository/org/eclipse/jetty/jetty-webapp/9.4.26.v20200117/jetty-webapp-9.4.26.v20200117.jar:/home/user/.m2/repository/org/eclipse/jetty/jetty-xml/9.4.26.v20200117/jetty-xml-9.4.26.v20200117.jar:/home/user/.m2/repository/org/eclipse/jetty/jetty-servlet/9.4.26.v20200117/jetty-servlet-9.4.26.v20200117.jar:/home/user/.m2/repository/org/eclipse/jetty/jetty-security/9.4.26.v20200117/jetty-security-9.4.26.v20200117.jar:/home/user/.m2/repository/org/apache/hadoop/hadoop-common/3.2.1/hadoop-common-3.2.1.jar:/home/user/.m2/repository/commons-net/commons-net/3.6/commons-net-3.6.jar:/home/user/.m2/repository/commons-collections/commons-collections/3.2.2/commons-collections-3.2.2.jar:/home/user/.m2/repository/com/sun/jersey/jersey-servlet/1.19/jersey-servlet-1.19.jar:/home/user/.m2/repository/com/sun/jersey/jersey-json/1.19/jersey-json-1.19.jar:/home/user/.m2/repository/org/codehaus/jettison/jettison/1.1/jettison-1.1.jar:/home/user/.m2/repository/org/codehaus/jackson/jackson-jaxrs/1.9.2/jackson-jaxrs-1.9.2.jar:/home/user/.m2/repository/org/codehaus/jackson/jackson-xc/1.9.2/jackson-xc-1.9.2.jar:/home/user/.m2/repository/commons-beanutils/commons-beanutils/1.9.4/commons-beanutils-1.9.4.jar:/home/user/.m2/repository/org/apache/commons/commons-configuration2/2.1.1/commons-configuration2-2.1.1.jar:/home/user/.m2/repository/org/apache/commons/commons-text/1.4/commons-text-1.4.jar:/home/user/.m2/repository/com/google/re2j/re2j/1.1/re2j-1.1.jar:/home/user/.m2/repository/com/jcraft/jsch/0.1.54/jsch-0.1.54.jar:/home/user/.m2/repository/org/apache/curator/curator-client/2.13.0/curator-client-2.13.0.jar:/home/user/.m2/repository/org/apache/curator/curator-recipes/2.13.0/curator-recipes-2.13.0.jar:/home/user/.m2/repository/dnsjava/dnsjava/2.1.7/dnsjava-2.1.7.jar:/home/user/.m2/repository/org/slf4j/jul-to-slf4j/1.7.25/jul-to-slf4j-1.7.25.jar:/home/user/.m2/repository/org/eclipse/jetty/jetty-util/9.4.26.v20200117/jetty-util-9.4.26.v20200117.jar:/home/user/.m2/repository/com/fasterxml/jackson/core/jackson-databind/2.10.3/jackson-databind-2.10.3.jar:/home/user/.m2/repository/org/apache/hadoop/hadoop-kms/3.2.1/hadoop-kms-3.2.1-tests.jar:/home/user/.m2/repository/org/apache/hadoop/hadoop-hdds-server-scm/0.6.0-SNAPSHOT/hadoop-hdds-server-scm-0.6.0-SNAPSHOT-tests.jar:/home/user/.m2/repository/org/apache/hadoop/hadoop-hdds-container-service/0.6.0-SNAPSHOT/hadoop-hdds-container-service-0.6.0-SNAPSHOT-tests.jar:/home/user/.m2/repository/org/apache/hadoop/hadoop-hdds-common/0.6.0-SNAPSHOT/hadoop-hdds-common-0.6.0-SNAPSHOT-tests.jar:/home/user/.m2/repository/org/yaml/snakeyaml/1.16/snakeyaml-1.16.jar:/home/user/.m2/repository/org/apache/hadoop/hadoop-hdds-hadoop-dependency-test/0.6.0-SNAPSHOT/hadoop-hdds-hadoop-dependency-test-0.6.0-SNAPSHOT.jar:/home/user/.m2/repository/org/apache/hadoop/hadoop-common/3.2.1/hadoop-common-3.2.1-tests.jar:/home/user/.m2/repository/javax/servlet/jsp/jsp-api/2.1/jsp-api-2.1.jar:/home/user/.m2/repository/org/apache/hadoop/hadoop-hdfs/3.2.1/hadoop-hdfs-3.2.1-tests.jar:/home/user/.m2/repository/org/eclipse/jetty/jetty-util-ajax/9.4.26.v20200117/jetty-util-ajax-9.4.26.v20200117.jar:/home/user/.m2/repository/commons-codec/commons-codec/1.11/commons-codec-1.11.jar:/home/user/.m2/repository/commons-daemon/commons-daemon/1.0.13/commons-daemon-1.0.13.jar:/home/user/.m2/repository/io/netty/netty/3.10.5.Final/netty-3.10.5.Final.jar:/home/user/.m2/repository/io/netty/netty-all/4.1.48.Final/netty-all-4.1.48.Final.jar:/home/user/.m2/repository/org/apache/htrace/htrace-core4/4.1.0-incubating/htrace-core4-4.1.0-incubating.jar:/home/user/.m2/repository/org/fusesource/leveldbjni/leveldbjni-all/1.8/leveldbjni-all-1.8.jar:/home/user/.m2/repository/org/apache/hadoop/hadoop-distcp/3.2.1/hadoop-distcp-3.2.1.jar:/home/user/.m2/repository/org/apache/hadoop/hadoop-mapreduce-client-jobclient/3.2.1/hadoop-mapreduce-client-jobclient-3.2.1.jar:/home/user/.m2/repository/org/apache/hadoop/hadoop-mapreduce-client-common/3.2.1/hadoop-mapreduce-client-common-3.2.1.jar:/home/user/.m2/repository/org/apache/hadoop/hadoop-yarn-common/3.2.1/hadoop-yarn-common-3.2.1.jar:/home/user/.m2/repository/org/apache/hadoop/hadoop-yarn-api/3.2.1/hadoop-yarn-api-3.2.1.jar:/home/user/.m2/repository/com/sun/jersey/jersey-client/1.19/jersey-client-1.19.jar:/home/user/.m2/repository/com/sun/jersey/contribs/jersey-guice/1.19/jersey-guice-1.19.jar:/home/user/.m2/repository/com/fasterxml/jackson/jaxrs/jackson-jaxrs-json-provider/2.10.3/jackson-jaxrs-json-provider-2.10.3.jar:/home/user/.m2/repository/com/fasterxml/jackson/jaxrs/jackson-jaxrs-base/2.10.3/jackson-jaxrs-base-2.10.3.jar:/home/user/.m2/repository/org/apache/hadoop/hadoop-yarn-client/3.2.1/hadoop-yarn-client-3.2.1.jar:/home/user/.m2/repository/org/apache/hadoop/hadoop-mapreduce-client-core/3.2.1/hadoop-mapreduce-client-core-3.2.1.jar:/home/user/.m2/repository/org/apache/avro/avro/1.7.7/avro-1.7.7.jar:/home/user/.m2/repository/org/codehaus/jackson/jackson-core-asl/1.9.13/jackson-core-asl-1.9.13.jar:/home/user/.m2/repository/org/codehaus/jackson/jackson-mapper-asl/1.9.13/jackson-mapper-asl-1.9.13.jar:/home/user/.m2/repository/com/thoughtworks/paranamer/paranamer/2.3/paranamer-2.3.jar:/home/user/.m2/repository/org/xerial/snappy/snappy-java/1.0.5/snappy-java-1.0.5.jar:/home/user/.m2/repository/org/apache/hadoop/hadoop-annotations/3.2.1/hadoop-annotations-3.2.1.jar:/usr/lib/jvm/java-1.8.0-openjdk-1.8.0.232.b09-0.el7_7.x86_64/jre/../lib/tools.jar:/home/user/.m2/repository/org/apache/hadoop/hadoop-distcp/3.2.1/hadoop-distcp-3.2.1-tests.jar:"/>
    <property name="sun.cpu.endian" value="little"/>
    <property name="user.home" value="/home/user"/>
    <property name="user.language" value="en"/>
    <property name="java.specification.vendor" value="Oracle Corporation"/>
    <property name="java.home" value="/usr/lib/jvm/java-1.8.0-openjdk-1.8.0.232.b09-0.el7_7.x86_64/jre"/>
    <property name="java.security.krb5.conf" value="/github/workspace/mnt/ozone/hadoop-ozone/integration-test/target/test-classes/krb5.conf"/>
    <property name="basedir" value="/github/workspace/mnt/ozone/hadoop-ozone/integration-test"/>
    <property name="file.separator" value="/"/>
    <property name="line.separator" value="&#10;"/>
    <property name="java.vm.specification.vendor" value="Oracle Corporation"/>
    <property name="java.specification.name" value="Java Platform API Specification"/>
    <property name="java.awt.graphicsenv" value="sun.awt.X11GraphicsEnvironment"/>
    <property name="skip.installnpx" value="true"/>
    <property name="surefire.real.class.path" value="/github/workspace/mnt/ozone/hadoop-ozone/integration-test/target/surefire/surefirebooter3650964505409087725.jar:/home/user/.m2/repository/org/jacoco/org.jacoco.agent/0.8.5/org.jacoco.agent-0.8.5-runtime.jar"/>
    <property name="hadoop.log.dir" value="/github/workspace/mnt/ozone/hadoop-ozone/integration-test/target/log"/>
    <property name="sun.boot.class.path" value="/usr/lib/jvm/java-1.8.0-openjdk-1.8.0.232.b09-0.el7_7.x86_64/jre/lib/resources.jar:/usr/lib/jvm/java-1.8.0-openjdk-1.8.0.232.b09-0.el7_7.x86_64/jre/lib/rt.jar:/usr/lib/jvm/java-1.8.0-openjdk-1.8.0.232.b09-0.el7_7.x86_64/jre/lib/sunrsasign.jar:/usr/lib/jvm/java-1.8.0-openjdk-1.8.0.232.b09-0.el7_7.x86_64/jre/lib/jsse.jar:/usr/lib/jvm/java-1.8.0-openjdk-1.8.0.232.b09-0.el7_7.x86_64/jre/lib/jce.jar:/usr/lib/jvm/java-1.8.0-openjdk-1.8.0.232.b09-0.el7_7.x86_64/jre/lib/charsets.jar:/usr/lib/jvm/java-1.8.0-openjdk-1.8.0.232.b09-0.el7_7.x86_64/jre/lib/jfr.jar:/usr/lib/jvm/java-1.8.0-openjdk-1.8.0.232.b09-0.el7_7.x86_64/jre/classes"/>
    <property name="sun.management.compiler" value="HotSpot 64-Bit Tiered Compilers"/>
    <property name="skip.npx" value="true"/>
    <property name="java.runtime.version" value="1.8.0_232-b09"/>
    <property name="java.net.preferIPv4Stack" value="true"/>
    <property name="user.name" value="jenkins1001"/>
    <property name="path.separator" value=":"/>
    <property name="java.security.egd" value="file:///dev/urandom"/>
    <property name="os.version" value="5.3.0-1032-azure"/>
    <property name="java.endorsed.dirs" value="/usr/lib/jvm/java-1.8.0-openjdk-1.8.0.232.b09-0.el7_7.x86_64/jre/lib/endorsed"/>
    <property name="java.runtime.name" value="OpenJDK Runtime Environment"/>
    <property name="file.encoding" value="ANSI_X3.4-1968"/>
    <property name="java.vm.name" value="OpenJDK 64-Bit Server VM"/>
    <property name="test.build.webapps" value=""/>
    <property name="localRepository" value="/home/user/.m2/repository"/>
    <property name="java.vendor.url.bug" value="http://bugreport.sun.com/bugreport/"/>
    <property name="java.io.tmpdir" value="/tmp"/>
    <property name="require.test.libhadoop" value=""/>
    <property name="java.version" value="1.8.0_232"/>
    <property name="user.dir" value="/github/workspace/mnt/ozone/hadoop-ozone/integration-test"/>
    <property name="os.arch" value="amd64"/>
    <property name="java.vm.specification.name" value="Java Virtual Machine Specification"/>
    <property name="test.build.classes" value="/github/workspace/mnt/ozone/hadoop-ozone/integration-test/target/test-classes"/>
    <property name="java.awt.printerjob" value="sun.print.PSPrinterJob"/>
    <property name="sun.os.patch.level" value="unknown"/>
    <property name="hadoop.tmp.dir" value="/github/workspace/mnt/ozone/hadoop-ozone/integration-test/target/tmp"/>
    <property name="java.library.path" value="/usr/lib:/usr/java/packages/lib/amd64:/usr/lib64:/lib64:/lib:/usr/lib"/>
    <property name="java.vm.info" value="mixed mode"/>
    <property name="java.vendor" value="Oracle Corporation"/>
    <property name="java.vm.version" value="25.232-b09"/>
    <property name="java.ext.dirs" value="/usr/lib/jvm/java-1.8.0-openjdk-1.8.0.232.b09-0.el7_7.x86_64/jre/lib/ext:/usr/java/packages/lib/ext"/>
    <property name="sun.io.unicode.encoding" value="UnicodeLittle"/>
    <property name="java.class.version" value="52.0"/>
  </properties>
  <testcase name="testWatchForCommitWithKeyWrite" classname="org.apache.hadoop.ozone.client.rpc.TestWatchForCommit" time="63.878"/>
  <testcase name="testWatchForCommitForRetryfailure" classname="org.apache.hadoop.ozone.client.rpc.TestWatchForCommit" time="72.434"/>
  <testcase name="testWatchForCommitForGroupMismatchException" classname="org.apache.hadoop.ozone.client.rpc.TestWatchForCommit" time="38.89">
    <error message="533bc4e3-485c-4c45-abfa-e25747e2fc79: Group group-5036543F5276 not found." type="java.io.IOException">java.io.IOException: 533bc4e3-485c-4c45-abfa-e25747e2fc79: Group group-5036543F5276 not found.
	at org.apache.hadoop.ozone.container.common.transport.server.ratis.XceiverServerRatis.removeGroup(XceiverServerRatis.java:740)
	at org.apache.hadoop.ozone.container.TestHelper.waitForPipelineClose(TestHelper.java:220)
	at org.apache.hadoop.ozone.client.rpc.TestWatchForCommit.testWatchForCommitForGroupMismatchException(TestWatchForCommit.java:344)
	at sun.reflect.NativeMethodAccessorImpl.invoke0(Native Method)
	at sun.reflect.NativeMethodAccessorImpl.invoke(NativeMethodAccessorImpl.java:62)
	at sun.reflect.DelegatingMethodAccessorImpl.invoke(DelegatingMethodAccessorImpl.java:43)
	at java.lang.reflect.Method.invoke(Method.java:498)
	at org.junit.runners.model.FrameworkMethod$1.runReflectiveCall(FrameworkMethod.java:47)
	at org.junit.internal.runners.model.ReflectiveCallable.run(ReflectiveCallable.java:12)
	at org.junit.runners.model.FrameworkMethod.invokeExplosively(FrameworkMethod.java:44)
	at org.junit.internal.runners.statements.InvokeMethod.evaluate(InvokeMethod.java:17)
	at org.junit.internal.runners.statements.RunBefores.evaluate(RunBefores.java:26)
	at org.junit.internal.runners.statements.RunAfters.evaluate(RunAfters.java:27)
	at org.junit.runners.ParentRunner.runLeaf(ParentRunner.java:271)
	at org.junit.runners.BlockJUnit4ClassRunner.runChild(BlockJUnit4ClassRunner.java:70)
	at org.junit.runners.BlockJUnit4ClassRunner.runChild(BlockJUnit4ClassRunner.java:50)
	at org.junit.runners.ParentRunner$3.run(ParentRunner.java:238)
	at org.junit.runners.ParentRunner$1.schedule(ParentRunner.java:63)
	at org.junit.runners.ParentRunner.runChildren(ParentRunner.java:236)
	at org.junit.runners.ParentRunner.access$000(ParentRunner.java:53)
	at org.junit.runners.ParentRunner$2.evaluate(ParentRunner.java:229)
	at org.junit.runners.ParentRunner.run(ParentRunner.java:309)
	at org.apache.maven.surefire.junit4.JUnit4Provider.execute(JUnit4Provider.java:365)
	at org.apache.maven.surefire.junit4.JUnit4Provider.executeWithRerun(JUnit4Provider.java:273)
	at org.apache.maven.surefire.junit4.JUnit4Provider.executeTestSet(JUnit4Provider.java:238)
	at org.apache.maven.surefire.junit4.JUnit4Provider.invoke(JUnit4Provider.java:159)
	at org.apache.maven.surefire.booter.ForkedBooter.invokeProviderInSameClassLoader(ForkedBooter.java:384)
	at org.apache.maven.surefire.booter.ForkedBooter.runSuitesInProcess(ForkedBooter.java:345)
	at org.apache.maven.surefire.booter.ForkedBooter.execute(ForkedBooter.java:126)
	at org.apache.maven.surefire.booter.ForkedBooter.main(ForkedBooter.java:418)
Caused by: org.apache.ratis.protocol.GroupMismatchException: 533bc4e3-485c-4c45-abfa-e25747e2fc79: Group group-5036543F5276 not found.
	at org.apache.ratis.server.impl.RaftServerProxy.groupRemoveAsync(RaftServerProxy.java:414)
	at org.apache.ratis.server.impl.RaftServerProxy.groupManagementAsync(RaftServerProxy.java:372)
	at org.apache.ratis.server.impl.RaftServerProxy.groupManagement(RaftServerProxy.java:355)
	at org.apache.hadoop.ozone.container.common.transport.server.ratis.XceiverServerRatis.removeGroup(XceiverServerRatis.java:738)
	... 29 more
</error>
    <system-out><![CDATA[2020-07-22 13:35:40,372 [Listener at 127.0.0.1/46711] WARN  server.ServerUtils (ServerUtils.java:getScmDbDir(148)) - ozone.scm.db.dirs is not configured. We recommend adding this setting. Falling back to ozone.metadata.dirs instead.
2020-07-22 13:35:40,373 [Listener at 127.0.0.1/46711] WARN  server.ServerUtils (ServerUtils.java:getScmDbDir(148)) - ozone.scm.db.dirs is not configured. We recommend adding this setting. Falling back to ozone.metadata.dirs instead.
2020-07-22 13:35:40,374 [Listener at 127.0.0.1/46711] WARN  db.DBStoreBuilder (DBStoreBuilder.java:createDBStoreBuilder(277)) - ozone.scm.db.dirs is not configured. We recommend adding this setting. Falling back to ozone.metadata.dirs instead.
2020-07-22 13:35:40,403 [Listener at 127.0.0.1/46711] INFO  net.NodeSchemaLoader (NodeSchemaLoader.java:loadSchemaFromFile(126)) - Loading file from sun.misc.CompoundEnumeration@164523f
2020-07-22 13:35:40,403 [Listener at 127.0.0.1/46711] INFO  net.NodeSchemaLoader (NodeSchemaLoader.java:loadSchema(172)) - Loading network topology layer schema file
2020-07-22 13:35:40,407 [Listener at 127.0.0.1/46711] INFO  node.SCMNodeManager (SCMNodeManager.java:<init>(116)) - Entering startup safe mode.
2020-07-22 13:35:40,407 [Listener at 127.0.0.1/46711] INFO  algorithms.ContainerPlacementPolicyFactory (ContainerPlacementPolicyFactory.java:getPolicy(60)) - Create container placement policy of type org.apache.hadoop.hdds.scm.container.placement.algorithms.SCMContainerPlacementRandom
2020-07-22 13:35:40,407 [Listener at 127.0.0.1/46711] INFO  pipeline.SCMPipelineManager (SCMPipelineManager.java:initializePipelineState(158)) - No pipeline exists in current db
2020-07-22 13:35:40,409 [Listener at 127.0.0.1/46711] INFO  safemode.HealthyPipelineSafeModeRule (HealthyPipelineSafeModeRule.java:<init>(89)) - Total pipeline count is 0, healthy pipeline threshold count is 0
2020-07-22 13:35:40,409 [Listener at 127.0.0.1/46711] INFO  safemode.OneReplicaPipelineSafeModeRule (OneReplicaPipelineSafeModeRule.java:<init>(79)) - Total pipeline count is 0, pipeline's with at least one datanode reported threshold count is 0
2020-07-22 13:35:40,409 [Listener at 127.0.0.1/46711] INFO  ipc.CallQueueManager (CallQueueManager.java:<init>(84)) - Using callQueue: class java.util.concurrent.LinkedBlockingQueue, queueCapacity: 2000, scheduler: class org.apache.hadoop.ipc.DefaultRpcScheduler, ipcBackoff: false.
2020-07-22 13:35:40,410 [RatisPipelineUtilsThread] ERROR pipeline.SCMPipelineManager (SCMPipelineManager.java:createPipeline(275)) - Failed to create pipeline of type RATIS and factor ONE. Exception: Cannot create pipeline of factor 1 using 0 nodes. Used 0 nodes. Healthy nodes 0
2020-07-22 13:35:40,410 [Socket Reader #1 for port 0] INFO  ipc.Server (Server.java:run(1219)) - Starting Socket Reader #1 for port 0
2020-07-22 13:35:40,411 [Listener at 0.0.0.0/36507] INFO  ipc.CallQueueManager (CallQueueManager.java:<init>(84)) - Using callQueue: class java.util.concurrent.LinkedBlockingQueue, queueCapacity: 2000, scheduler: class org.apache.hadoop.ipc.DefaultRpcScheduler, ipcBackoff: false.
2020-07-22 13:35:40,412 [Socket Reader #1 for port 0] INFO  ipc.Server (Server.java:run(1219)) - Starting Socket Reader #1 for port 0
2020-07-22 13:35:40,416 [Listener at 0.0.0.0/32829] INFO  ipc.CallQueueManager (CallQueueManager.java:<init>(84)) - Using callQueue: class java.util.concurrent.LinkedBlockingQueue, queueCapacity: 2000, scheduler: class org.apache.hadoop.ipc.DefaultRpcScheduler, ipcBackoff: false.
2020-07-22 13:35:40,418 [Socket Reader #1 for port 0] INFO  ipc.Server (Server.java:run(1219)) - Starting Socket Reader #1 for port 0
2020-07-22 13:35:40,423 [Listener at 0.0.0.0/34985] INFO  http.BaseHttpServer (BaseHttpServer.java:newHttpServer2BuilderForOzone(207)) - Starting Web-server for scm at: http://0.0.0.0:0
2020-07-22 13:35:40,423 [Listener at 0.0.0.0/34985] INFO  http.BaseHttpServer (BaseHttpServer.java:<init>(106)) - Hadoop Security Enabled: false Ozone Security Enabled: false Ozone HTTP Security Enabled: false 
2020-07-22 13:35:40,424 [Listener at 0.0.0.0/34985] INFO  server.AuthenticationFilter (AuthenticationFilter.java:constructSecretProvider(240)) - Unable to initialize FileSignerSecretProvider, falling back to use random secrets.
2020-07-22 13:35:40,424 [Listener at 0.0.0.0/34985] WARN  http.HttpRequestLog (HttpRequestLog.java:getRequestLog(103)) - Jetty request log can only be enabled using Log4j
2020-07-22 13:35:40,425 [Listener at 0.0.0.0/34985] INFO  http.HttpServer2 (HttpServer2.java:addGlobalFilter(998)) - Added global filter 'safety' (class=org.apache.hadoop.hdds.server.http.HttpServer2$QuotingInputFilter)
2020-07-22 13:35:40,425 [Listener at 0.0.0.0/34985] INFO  http.HttpServer2 (HttpServer2.java:addFilter(974)) - Added filter static_user_filter (class=org.apache.hadoop.http.lib.StaticUserWebFilter$StaticUserFilter) to context scm
2020-07-22 13:35:40,425 [Listener at 0.0.0.0/34985] INFO  http.HttpServer2 (HttpServer2.java:addFilter(982)) - Added filter static_user_filter (class=org.apache.hadoop.http.lib.StaticUserWebFilter$StaticUserFilter) to context logs
2020-07-22 13:35:40,426 [Listener at 0.0.0.0/34985] INFO  http.HttpServer2 (HttpServer2.java:addFilter(982)) - Added filter static_user_filter (class=org.apache.hadoop.http.lib.StaticUserWebFilter$StaticUserFilter) to context static
2020-07-22 13:35:40,427 [Listener at 0.0.0.0/34985] INFO  server.StorageContainerManager (StorageContainerManager.java:start(784)) - StorageContainerLocationProtocol RPC server is listening at /0.0.0.0:34985
2020-07-22 13:35:40,428 [Listener at 0.0.0.0/34985] WARN  impl.MetricsConfig (MetricsConfig.java:loadFirst(134)) - Cannot locate configuration: tried hadoop-metrics2-storagecontainermanager.properties,hadoop-metrics2.properties
2020-07-22 13:35:40,431 [Listener at 0.0.0.0/34985] INFO  impl.MetricsSystemImpl (MetricsSystemImpl.java:startTimer(374)) - Scheduled Metric snapshot period at 10 second(s).
2020-07-22 13:35:40,431 [Listener at 0.0.0.0/34985] INFO  impl.MetricsSystemImpl (MetricsSystemImpl.java:start(191)) - StorageContainerManager metrics system started
2020-07-22 13:35:40,456 [Listener at 0.0.0.0/34985] WARN  impl.MetricsSystemImpl (MetricsSystemImpl.java:register(276)) - Sink prometheus already exists!
2020-07-22 13:35:40,464 [Listener at 0.0.0.0/34985] INFO  server.SCMClientProtocolServer (SCMClientProtocolServer.java:start(156)) - RPC server for Client  is listening at /0.0.0.0:34985
2020-07-22 13:35:40,464 [IPC Server Responder] INFO  ipc.Server (Server.java:run(1460)) - IPC Server Responder: starting
2020-07-22 13:35:40,464 [IPC Server listener on 0] INFO  ipc.Server (Server.java:run(1298)) - IPC Server listener on 0: starting
2020-07-22 13:35:40,472 [Listener at 0.0.0.0/34985] INFO  server.StorageContainerManager (StorageContainerManager.java:start(796)) - ScmBlockLocationProtocol RPC server is listening at /0.0.0.0:32829
2020-07-22 13:35:40,472 [Listener at 0.0.0.0/34985] INFO  server.SCMBlockProtocolServer (SCMBlockProtocolServer.java:start(149)) - RPC server for Block Protocol is listening at /0.0.0.0:32829
2020-07-22 13:35:40,473 [IPC Server Responder] INFO  ipc.Server (Server.java:run(1460)) - IPC Server Responder: starting
2020-07-22 13:35:40,476 [IPC Server listener on 0] INFO  ipc.Server (Server.java:run(1298)) - IPC Server listener on 0: starting
2020-07-22 13:35:40,482 [Listener at 0.0.0.0/34985] INFO  server.StorageContainerManager (StorageContainerManager.java:start(802)) - ScmDatanodeProtocl RPC server is listening at /0.0.0.0:36507
2020-07-22 13:35:40,482 [Listener at 0.0.0.0/34985] INFO  server.SCMDatanodeProtocolServer (SCMDatanodeProtocolServer.java:start(172)) - RPC server for DataNodes is listening at /0.0.0.0:36507
2020-07-22 13:35:40,482 [IPC Server Responder] INFO  ipc.Server (Server.java:run(1460)) - IPC Server Responder: starting
2020-07-22 13:35:40,485 [IPC Server listener on 0] INFO  ipc.Server (Server.java:run(1298)) - IPC Server listener on 0: starting
2020-07-22 13:35:40,488 [Listener at 0.0.0.0/34985] INFO  http.HttpServer2 (HttpServer2.java:bindListener(1216)) - Jetty bound to port 37807
2020-07-22 13:35:40,489 [Listener at 0.0.0.0/34985] INFO  server.Server (Server.java:doStart(359)) - jetty-9.4.26.v20200117; built: 2020-01-17T12:35:33.676Z; git: 7b38981d25d14afb4a12ff1f2596756144edf695; jvm 1.8.0_232-b09
2020-07-22 13:35:40,490 [Listener at 0.0.0.0/34985] INFO  server.session (DefaultSessionIdManager.java:doStart(333)) - DefaultSessionIdManager workerName=node0
2020-07-22 13:35:40,490 [Listener at 0.0.0.0/34985] INFO  server.session (DefaultSessionIdManager.java:doStart(338)) - No SessionScavenger set, using defaults
2020-07-22 13:35:40,490 [Listener at 0.0.0.0/34985] INFO  server.session (HouseKeeper.java:startScavenging(140)) - node0 Scavenging every 660000ms
2020-07-22 13:35:40,491 [Listener at 0.0.0.0/34985] INFO  handler.ContextHandler (ContextHandler.java:doStart(825)) - Started o.e.j.s.ServletContextHandler@30dc14e4{logs,/logs,file:///github/workspace/mnt/ozone/hadoop-ozone/integration-test/target/log,AVAILABLE}
2020-07-22 13:35:40,491 [Listener at 0.0.0.0/34985] INFO  handler.ContextHandler (ContextHandler.java:doStart(825)) - Started o.e.j.s.ServletContextHandler@6d70965d{static,/static,file:///github/workspace/mnt/ozone/hadoop-ozone/integration-test/target/test-classes/webapps/static,AVAILABLE}
2020-07-22 13:35:40,495 [Listener at 0.0.0.0/34985] INFO  handler.ContextHandler (ContextHandler.java:doStart(825)) - Started o.e.j.w.WebAppContext@3bc079f1{scm,/,file:///github/workspace/mnt/ozone/hadoop-ozone/integration-test/target/test-classes/webapps/scm/,AVAILABLE}{file:/github/workspace/mnt/ozone/hadoop-ozone/integration-test/target/test-classes/webapps/scm}
2020-07-22 13:35:40,496 [Listener at 0.0.0.0/34985] INFO  server.AbstractConnector (AbstractConnector.java:doStart(330)) - Started ServerConnector@46710018{HTTP/1.1,[http/1.1]}{0.0.0.0:37807}
2020-07-22 13:35:40,496 [Listener at 0.0.0.0/34985] INFO  server.Server (Server.java:doStart(399)) - Started @137138ms
2020-07-22 13:35:40,496 [Listener at 0.0.0.0/34985] WARN  impl.MetricsSystemImpl (MetricsSystemImpl.java:register(276)) - Sink prometheus already exists!
2020-07-22 13:35:40,499 [Listener at 0.0.0.0/34985] INFO  http.BaseHttpServer (BaseHttpServer.java:updateConnectorAddress(327)) - HTTP server of scm listening at http://0.0.0.0:37807
2020-07-22 13:35:40,503 [Listener at 0.0.0.0/34985] WARN  server.ServerUtils (ServerUtils.java:getDBPath(225)) - ozone.om.db.dirs is not configured. We recommend adding this setting. Falling back to ozone.metadata.dirs instead.
2020-07-22 13:35:40,504 [org.apache.hadoop.util.JvmPauseMonitor$Monitor@16e483d9] INFO  util.JvmPauseMonitor (JvmPauseMonitor.java:run(188)) - Starting JVM pause monitor
2020-07-22 13:35:40,505 [Listener at 0.0.0.0/34985] INFO  ha.OMHANodeDetails (OMHANodeDetails.java:loadOMHAConfig(104)) - ozone.om.internal.service.id is not defined, falling back to ozone.om.service.ids to find serviceID for OzoneManager if it is HA enabled cluster
2020-07-22 13:35:40,505 [Listener at 0.0.0.0/34985] INFO  ha.OMHANodeDetails (OMHANodeDetails.java:loadOMHAConfig(213)) - Configuration either no ozone.om.address set. Falling back to the default OM address /127.0.0.1:0
2020-07-22 13:35:40,505 [Listener at 0.0.0.0/34985] INFO  ha.OMHANodeDetails (OMHANodeDetails.java:getOMNodeDetails(241)) - OM Service ID is not set. Setting it to the default ID: omServiceIdDefault
2020-07-22 13:35:40,505 [Listener at 0.0.0.0/34985] WARN  server.ServerUtils (ServerUtils.java:getDBPath(225)) - ozone.om.db.dirs is not configured. We recommend adding this setting. Falling back to ozone.metadata.dirs instead.
2020-07-22 13:35:40,506 [Listener at 0.0.0.0/34985] WARN  server.ServerUtils (ServerUtils.java:getDBPath(225)) - ozone.om.db.dirs is not configured. We recommend adding this setting. Falling back to ozone.metadata.dirs instead.
2020-07-22 13:35:40,512 [Listener at 0.0.0.0/34985] WARN  server.ServerUtils (ServerUtils.java:getDBPath(225)) - ozone.om.db.dirs is not configured. We recommend adding this setting. Falling back to ozone.metadata.dirs instead.
2020-07-22 13:35:40,567 [Listener at 0.0.0.0/34985] INFO  ipc.CallQueueManager (CallQueueManager.java:<init>(84)) - Using callQueue: class java.util.concurrent.LinkedBlockingQueue, queueCapacity: 2000, scheduler: class org.apache.hadoop.ipc.DefaultRpcScheduler, ipcBackoff: false.
2020-07-22 13:35:40,568 [Socket Reader #1 for port 0] INFO  ipc.Server (Server.java:run(1219)) - Starting Socket Reader #1 for port 0
2020-07-22 13:35:40,587 [Listener at 127.0.0.1/40109] INFO  impl.MetricsSystemImpl (MetricsSystemImpl.java:init(158)) - OzoneManager metrics system started (again)
2020-07-22 13:35:40,587 [Listener at 127.0.0.1/40109] INFO  om.OzoneManager (OzoneManager.java:start(1101)) - OzoneManager RPC server is listening at localhost/127.0.0.1:40109
2020-07-22 13:35:40,588 [IPC Server Responder] INFO  ipc.Server (Server.java:run(1460)) - IPC Server Responder: starting
2020-07-22 13:35:40,588 [IPC Server listener on 0] INFO  ipc.Server (Server.java:run(1298)) - IPC Server listener on 0: starting
2020-07-22 13:35:40,661 [Listener at 127.0.0.1/40109] INFO  http.BaseHttpServer (BaseHttpServer.java:newHttpServer2BuilderForOzone(207)) - Starting Web-server for ozoneManager at: http://0.0.0.0:0
2020-07-22 13:35:40,661 [Listener at 127.0.0.1/40109] INFO  http.BaseHttpServer (BaseHttpServer.java:<init>(106)) - Hadoop Security Enabled: false Ozone Security Enabled: false Ozone HTTP Security Enabled: false 
2020-07-22 13:35:40,662 [Listener at 127.0.0.1/40109] INFO  server.AuthenticationFilter (AuthenticationFilter.java:constructSecretProvider(240)) - Unable to initialize FileSignerSecretProvider, falling back to use random secrets.
2020-07-22 13:35:40,662 [Listener at 127.0.0.1/40109] WARN  http.HttpRequestLog (HttpRequestLog.java:getRequestLog(103)) - Jetty request log can only be enabled using Log4j
2020-07-22 13:35:40,663 [Listener at 127.0.0.1/40109] INFO  http.HttpServer2 (HttpServer2.java:addGlobalFilter(998)) - Added global filter 'safety' (class=org.apache.hadoop.hdds.server.http.HttpServer2$QuotingInputFilter)
2020-07-22 13:35:40,664 [Listener at 127.0.0.1/40109] INFO  http.HttpServer2 (HttpServer2.java:addFilter(974)) - Added filter static_user_filter (class=org.apache.hadoop.http.lib.StaticUserWebFilter$StaticUserFilter) to context ozoneManager
2020-07-22 13:35:40,664 [Listener at 127.0.0.1/40109] INFO  http.HttpServer2 (HttpServer2.java:addFilter(982)) - Added filter static_user_filter (class=org.apache.hadoop.http.lib.StaticUserWebFilter$StaticUserFilter) to context static
2020-07-22 13:35:40,664 [Listener at 127.0.0.1/40109] INFO  http.HttpServer2 (HttpServer2.java:addFilter(982)) - Added filter static_user_filter (class=org.apache.hadoop.http.lib.StaticUserWebFilter$StaticUserFilter) to context logs
2020-07-22 13:35:40,664 [Listener at 127.0.0.1/40109] INFO  http.HttpServer2 (HttpServer2.java:bindListener(1216)) - Jetty bound to port 33883
2020-07-22 13:35:40,664 [Listener at 127.0.0.1/40109] INFO  server.Server (Server.java:doStart(359)) - jetty-9.4.26.v20200117; built: 2020-01-17T12:35:33.676Z; git: 7b38981d25d14afb4a12ff1f2596756144edf695; jvm 1.8.0_232-b09
2020-07-22 13:35:40,668 [Listener at 127.0.0.1/40109] INFO  server.session (DefaultSessionIdManager.java:doStart(333)) - DefaultSessionIdManager workerName=node0
2020-07-22 13:35:40,669 [Listener at 127.0.0.1/40109] INFO  server.session (DefaultSessionIdManager.java:doStart(338)) - No SessionScavenger set, using defaults
2020-07-22 13:35:40,669 [Listener at 127.0.0.1/40109] INFO  server.session (HouseKeeper.java:startScavenging(140)) - node0 Scavenging every 600000ms
2020-07-22 13:35:40,672 [Listener at 127.0.0.1/40109] INFO  handler.ContextHandler (ContextHandler.java:doStart(825)) - Started o.e.j.s.ServletContextHandler@3324f7fb{logs,/logs,file:///github/workspace/mnt/ozone/hadoop-ozone/integration-test/target/log,AVAILABLE}
2020-07-22 13:35:40,672 [Listener at 127.0.0.1/40109] INFO  handler.ContextHandler (ContextHandler.java:doStart(825)) - Started o.e.j.s.ServletContextHandler@2c9cdbc9{static,/static,file:///github/workspace/mnt/ozone/hadoop-ozone/integration-test/target/test-classes/webapps/static,AVAILABLE}
2020-07-22 13:35:40,679 [Listener at 127.0.0.1/40109] INFO  handler.ContextHandler (ContextHandler.java:doStart(825)) - Started o.e.j.w.WebAppContext@491665ab{ozoneManager,/,file:///github/workspace/mnt/ozone/hadoop-ozone/integration-test/target/test-classes/webapps/ozoneManager/,AVAILABLE}{file:/github/workspace/mnt/ozone/hadoop-ozone/integration-test/target/test-classes/webapps/ozoneManager}
2020-07-22 13:35:40,680 [Listener at 127.0.0.1/40109] INFO  server.AbstractConnector (AbstractConnector.java:doStart(330)) - Started ServerConnector@21996ae2{HTTP/1.1,[http/1.1]}{0.0.0.0:33883}
2020-07-22 13:35:40,680 [Listener at 127.0.0.1/40109] INFO  server.Server (Server.java:doStart(399)) - Started @137322ms
2020-07-22 13:35:40,680 [Listener at 127.0.0.1/40109] WARN  impl.MetricsSystemImpl (MetricsSystemImpl.java:register(276)) - Sink prometheus already exists!
2020-07-22 13:35:40,683 [Listener at 127.0.0.1/40109] INFO  http.BaseHttpServer (BaseHttpServer.java:updateConnectorAddress(327)) - HTTP server of ozoneManager listening at http://0.0.0.0:33883
2020-07-22 13:35:40,689 [org.apache.hadoop.util.JvmPauseMonitor$Monitor@2771025a] INFO  util.JvmPauseMonitor (JvmPauseMonitor.java:run(188)) - Starting JVM pause monitor
2020-07-22 13:35:40,705 [Listener at 127.0.0.1/40109] INFO  impl.MetricsSystemImpl (MetricsSystemImpl.java:init(158)) - HddsDatanode metrics system started (again)
2020-07-22 13:35:40,706 [Listener at 127.0.0.1/40109] INFO  ozone.HddsDatanodeService (HddsDatanodeService.java:start(217)) - HddsDatanodeService host:95ae26560d66 ip:172.17.0.2
2020-07-22 13:35:40,711 [Listener at 127.0.0.1/40109] INFO  volume.HddsVolume (HddsVolume.java:<init>(176)) - Creating Volume: /github/workspace/mnt/ozone/hadoop-ozone/integration-test/target/test-dir/MiniOzoneClusterImpl-d98e4c18-9a08-44b7-83b8-49402f47e02b/datanode-0/data-0/containers/hdds of storage type : DISK and capacity : 9223372036854775807
2020-07-22 13:35:40,711 [Listener at 127.0.0.1/40109] INFO  volume.MutableVolumeSet (MutableVolumeSet.java:initializeVolumeSet(179)) - Added Volume : /github/workspace/mnt/ozone/hadoop-ozone/integration-test/target/test-dir/MiniOzoneClusterImpl-d98e4c18-9a08-44b7-83b8-49402f47e02b/datanode-0/data-0/containers/hdds to VolumeSet
2020-07-22 13:35:40,711 [Listener at 127.0.0.1/40109] INFO  volume.ThrottledAsyncChecker (ThrottledAsyncChecker.java:schedule(141)) - Scheduling a check for /github/workspace/mnt/ozone/hadoop-ozone/integration-test/target/test-dir/MiniOzoneClusterImpl-d98e4c18-9a08-44b7-83b8-49402f47e02b/datanode-0/data-0/containers/hdds
2020-07-22 13:35:40,712 [Listener at 127.0.0.1/40109] INFO  volume.HddsVolumeChecker (HddsVolumeChecker.java:checkAllVolumes(200)) - Scheduled health check for volume /github/workspace/mnt/ozone/hadoop-ozone/integration-test/target/test-dir/MiniOzoneClusterImpl-d98e4c18-9a08-44b7-83b8-49402f47e02b/datanode-0/data-0/containers/hdds
2020-07-22 13:35:40,725 [Thread-1145] INFO  ozoneimpl.ContainerReader (ContainerReader.java:readVolume(123)) - Start to verify containers on volume /github/workspace/mnt/ozone/hadoop-ozone/integration-test/target/test-dir/MiniOzoneClusterImpl-d98e4c18-9a08-44b7-83b8-49402f47e02b/datanode-0/data-0/containers/hdds
2020-07-22 13:35:40,725 [Thread-1145] INFO  ozoneimpl.ContainerReader (ContainerReader.java:readVolume(148)) - Finish verifying containers on volume /github/workspace/mnt/ozone/hadoop-ozone/integration-test/target/test-dir/MiniOzoneClusterImpl-d98e4c18-9a08-44b7-83b8-49402f47e02b/datanode-0/data-0/containers/hdds
2020-07-22 13:35:40,725 [Listener at 127.0.0.1/40109] INFO  ozoneimpl.OzoneContainer (OzoneContainer.java:buildContainerSet(187)) - Build ContainerSet costs 0s
2020-07-22 13:35:40,726 [Listener at 127.0.0.1/40109] INFO  impl.RaftServerProxy (ConfUtils.java:logGet(44)) - raft.rpc.type = GRPC (default)
2020-07-22 13:35:40,727 [Listener at 127.0.0.1/40109] INFO  grpc.GrpcFactory (GrpcFactory.java:checkPooledByteBufAllocatorUseCacheForAllThreads(45)) - PERFORMANCE WARNING: useCacheForAllThreads is true that may cause Netty to create a lot garbage objects and, as a result, trigger GC.
	It is recommended to disable useCacheForAllThreads by setting -Dorg.apache.ratis.thirdparty.io.netty.allocator.useCacheForAllThreads=false in command line.
2020-07-22 13:35:40,727 [Listener at 127.0.0.1/40109] INFO  grpc.GrpcConfigKeys (ConfUtils.java:logGet(44)) - raft.grpc.server.port = 0 (default)
2020-07-22 13:35:40,727 [Listener at 127.0.0.1/40109] INFO  server.GrpcService (ConfUtils.java:logGet(44)) - raft.grpc.message.size.max = 32MB (=33554432) (custom)
2020-07-22 13:35:40,727 [Listener at 127.0.0.1/40109] INFO  server.RaftServerConfigKeys (ConfUtils.java:logGet(44)) - raft.server.log.appender.buffer.byte-limit = 33554432 (custom)
2020-07-22 13:35:40,727 [Listener at 127.0.0.1/40109] INFO  server.GrpcService (ConfUtils.java:logGet(44)) - raft.grpc.flow.control.window = 5MB (=5242880) (custom)
2020-07-22 13:35:40,727 [Listener at 127.0.0.1/40109] INFO  server.RaftServerConfigKeys (ConfUtils.java:logGet(44)) - raft.server.rpc.request.timeout = 3000ms (default)
2020-07-22 13:35:40,728 [Listener at 127.0.0.1/40109] INFO  server.RaftServerConfigKeys (ConfUtils.java:logGet(44)) - raft.server.storage.dir = [/github/workspace/mnt/ozone/hadoop-ozone/integration-test/target/test-dir/MiniOzoneClusterImpl-d98e4c18-9a08-44b7-83b8-49402f47e02b/datanode-0/data/ratis] (custom)
2020-07-22 13:35:40,732 [Listener at 127.0.0.1/40109] INFO  http.BaseHttpServer (BaseHttpServer.java:newHttpServer2BuilderForOzone(207)) - Starting Web-server for hddsDatanode at: http://0.0.0.0:0
2020-07-22 13:35:40,732 [Listener at 127.0.0.1/40109] INFO  http.BaseHttpServer (BaseHttpServer.java:<init>(106)) - Hadoop Security Enabled: false Ozone Security Enabled: false Ozone HTTP Security Enabled: false 
2020-07-22 13:35:40,733 [Listener at 127.0.0.1/40109] INFO  server.AuthenticationFilter (AuthenticationFilter.java:constructSecretProvider(240)) - Unable to initialize FileSignerSecretProvider, falling back to use random secrets.
2020-07-22 13:35:40,735 [Listener at 127.0.0.1/40109] WARN  http.HttpRequestLog (HttpRequestLog.java:getRequestLog(103)) - Jetty request log can only be enabled using Log4j
2020-07-22 13:35:40,736 [Listener at 127.0.0.1/40109] INFO  http.HttpServer2 (HttpServer2.java:addGlobalFilter(998)) - Added global filter 'safety' (class=org.apache.hadoop.hdds.server.http.HttpServer2$QuotingInputFilter)
2020-07-22 13:35:40,736 [Listener at 127.0.0.1/40109] INFO  http.HttpServer2 (HttpServer2.java:addFilter(974)) - Added filter static_user_filter (class=org.apache.hadoop.http.lib.StaticUserWebFilter$StaticUserFilter) to context hddsDatanode
2020-07-22 13:35:40,737 [Listener at 127.0.0.1/40109] INFO  http.HttpServer2 (HttpServer2.java:addFilter(982)) - Added filter static_user_filter (class=org.apache.hadoop.http.lib.StaticUserWebFilter$StaticUserFilter) to context static
2020-07-22 13:35:40,737 [Listener at 127.0.0.1/40109] INFO  http.HttpServer2 (HttpServer2.java:addFilter(982)) - Added filter static_user_filter (class=org.apache.hadoop.http.lib.StaticUserWebFilter$StaticUserFilter) to context logs
2020-07-22 13:35:40,737 [Listener at 127.0.0.1/40109] INFO  http.HttpServer2 (HttpServer2.java:bindListener(1216)) - Jetty bound to port 44203
2020-07-22 13:35:40,737 [Listener at 127.0.0.1/40109] INFO  server.Server (Server.java:doStart(359)) - jetty-9.4.26.v20200117; built: 2020-01-17T12:35:33.676Z; git: 7b38981d25d14afb4a12ff1f2596756144edf695; jvm 1.8.0_232-b09
2020-07-22 13:35:40,738 [Listener at 127.0.0.1/40109] INFO  server.session (DefaultSessionIdManager.java:doStart(333)) - DefaultSessionIdManager workerName=node0
2020-07-22 13:35:40,739 [Listener at 127.0.0.1/40109] INFO  server.session (DefaultSessionIdManager.java:doStart(338)) - No SessionScavenger set, using defaults
2020-07-22 13:35:40,739 [Listener at 127.0.0.1/40109] INFO  server.session (HouseKeeper.java:startScavenging(140)) - node0 Scavenging every 600000ms
2020-07-22 13:35:40,739 [Listener at 127.0.0.1/40109] INFO  handler.ContextHandler (ContextHandler.java:doStart(825)) - Started o.e.j.s.ServletContextHandler@211d17c{logs,/logs,file:///github/workspace/mnt/ozone/hadoop-ozone/integration-test/target/log,AVAILABLE}
2020-07-22 13:35:40,740 [Listener at 127.0.0.1/40109] INFO  handler.ContextHandler (ContextHandler.java:doStart(825)) - Started o.e.j.s.ServletContextHandler@2da2bc89{static,/static,jar:file:/home/user/.m2/repository/org/apache/hadoop/hadoop-hdds-container-service/0.6.0-SNAPSHOT/hadoop-hdds-container-service-0.6.0-SNAPSHOT.jar!/webapps/static,AVAILABLE}
2020-07-22 13:35:40,810 [Listener at 127.0.0.1/40109] INFO  handler.ContextHandler (ContextHandler.java:doStart(825)) - Started o.e.j.w.WebAppContext@c005d62{hddsDatanode,/,file:///tmp/jetty-0_0_0_0-44203-hadoop-hdds-container-service-0_6_0-SNAPSHOT_jar-_-any-1657501627026918482.dir/webapp/,AVAILABLE}{jar:file:/home/user/.m2/repository/org/apache/hadoop/hadoop-hdds-container-service/0.6.0-SNAPSHOT/hadoop-hdds-container-service-0.6.0-SNAPSHOT.jar!/webapps/hddsDatanode}
2020-07-22 13:35:40,811 [Listener at 127.0.0.1/40109] INFO  server.AbstractConnector (AbstractConnector.java:doStart(330)) - Started ServerConnector@369fc9bd{HTTP/1.1,[http/1.1]}{0.0.0.0:44203}
2020-07-22 13:35:40,812 [Listener at 127.0.0.1/40109] INFO  server.Server (Server.java:doStart(399)) - Started @137453ms
2020-07-22 13:35:40,812 [Listener at 127.0.0.1/40109] WARN  impl.MetricsSystemImpl (MetricsSystemImpl.java:register(276)) - Sink prometheus already exists!
2020-07-22 13:35:40,815 [Listener at 127.0.0.1/40109] INFO  http.BaseHttpServer (BaseHttpServer.java:updateConnectorAddress(327)) - HTTP server of hddsDatanode listening at http://0.0.0.0:44203
2020-07-22 13:35:40,819 [Listener at 127.0.0.1/40109] INFO  impl.MetricsSystemImpl (MetricsSystemImpl.java:init(158)) - HddsDatanode metrics system started (again)
2020-07-22 13:35:40,820 [Listener at 127.0.0.1/40109] INFO  ozone.HddsDatanodeService (HddsDatanodeService.java:start(217)) - HddsDatanodeService host:95ae26560d66 ip:172.17.0.2
2020-07-22 13:35:40,821 [Listener at 127.0.0.1/40109] INFO  volume.HddsVolume (HddsVolume.java:<init>(176)) - Creating Volume: /github/workspace/mnt/ozone/hadoop-ozone/integration-test/target/test-dir/MiniOzoneClusterImpl-d98e4c18-9a08-44b7-83b8-49402f47e02b/datanode-1/data-0/containers/hdds of storage type : DISK and capacity : 9223372036854775807
2020-07-22 13:35:40,822 [Listener at 127.0.0.1/40109] INFO  volume.MutableVolumeSet (MutableVolumeSet.java:initializeVolumeSet(179)) - Added Volume : /github/workspace/mnt/ozone/hadoop-ozone/integration-test/target/test-dir/MiniOzoneClusterImpl-d98e4c18-9a08-44b7-83b8-49402f47e02b/datanode-1/data-0/containers/hdds to VolumeSet
2020-07-22 13:35:40,822 [Listener at 127.0.0.1/40109] INFO  volume.ThrottledAsyncChecker (ThrottledAsyncChecker.java:schedule(141)) - Scheduling a check for /github/workspace/mnt/ozone/hadoop-ozone/integration-test/target/test-dir/MiniOzoneClusterImpl-d98e4c18-9a08-44b7-83b8-49402f47e02b/datanode-1/data-0/containers/hdds
2020-07-22 13:35:40,828 [Listener at 127.0.0.1/40109] INFO  volume.HddsVolumeChecker (HddsVolumeChecker.java:checkAllVolumes(200)) - Scheduled health check for volume /github/workspace/mnt/ozone/hadoop-ozone/integration-test/target/test-dir/MiniOzoneClusterImpl-d98e4c18-9a08-44b7-83b8-49402f47e02b/datanode-1/data-0/containers/hdds
2020-07-22 13:35:40,829 [Datanode State Machine Thread - 0] INFO  datanode.InitDatanodeState (InitDatanodeState.java:persistContainerDatanodeDetails(145)) - DatanodeDetails is persisted to /github/workspace/mnt/ozone/hadoop-ozone/integration-test/target/test-dir/MiniOzoneClusterImpl-d98e4c18-9a08-44b7-83b8-49402f47e02b/datanode-0/meta/datanode.id
2020-07-22 13:35:40,831 [org.apache.hadoop.util.JvmPauseMonitor$Monitor@5f523e0f] INFO  util.JvmPauseMonitor (JvmPauseMonitor.java:run(188)) - Starting JVM pause monitor
2020-07-22 13:35:40,841 [Thread-1156] INFO  ozoneimpl.ContainerReader (ContainerReader.java:readVolume(123)) - Start to verify containers on volume /github/workspace/mnt/ozone/hadoop-ozone/integration-test/target/test-dir/MiniOzoneClusterImpl-d98e4c18-9a08-44b7-83b8-49402f47e02b/datanode-1/data-0/containers/hdds
2020-07-22 13:35:40,841 [Thread-1156] INFO  ozoneimpl.ContainerReader (ContainerReader.java:readVolume(148)) - Finish verifying containers on volume /github/workspace/mnt/ozone/hadoop-ozone/integration-test/target/test-dir/MiniOzoneClusterImpl-d98e4c18-9a08-44b7-83b8-49402f47e02b/datanode-1/data-0/containers/hdds
2020-07-22 13:35:40,841 [Listener at 127.0.0.1/40109] INFO  ozoneimpl.OzoneContainer (OzoneContainer.java:buildContainerSet(187)) - Build ContainerSet costs 0s
2020-07-22 13:35:40,842 [Listener at 127.0.0.1/40109] INFO  impl.RaftServerProxy (ConfUtils.java:logGet(44)) - raft.rpc.type = GRPC (default)
2020-07-22 13:35:40,843 [Listener at 127.0.0.1/40109] INFO  grpc.GrpcFactory (GrpcFactory.java:checkPooledByteBufAllocatorUseCacheForAllThreads(45)) - PERFORMANCE WARNING: useCacheForAllThreads is true that may cause Netty to create a lot garbage objects and, as a result, trigger GC.
	It is recommended to disable useCacheForAllThreads by setting -Dorg.apache.ratis.thirdparty.io.netty.allocator.useCacheForAllThreads=false in command line.
2020-07-22 13:35:40,843 [Listener at 127.0.0.1/40109] INFO  grpc.GrpcConfigKeys (ConfUtils.java:logGet(44)) - raft.grpc.server.port = 0 (default)
2020-07-22 13:35:40,843 [Listener at 127.0.0.1/40109] INFO  server.GrpcService (ConfUtils.java:logGet(44)) - raft.grpc.message.size.max = 32MB (=33554432) (custom)
2020-07-22 13:35:40,843 [Listener at 127.0.0.1/40109] INFO  server.RaftServerConfigKeys (ConfUtils.java:logGet(44)) - raft.server.log.appender.buffer.byte-limit = 33554432 (custom)
2020-07-22 13:35:40,843 [Listener at 127.0.0.1/40109] INFO  server.GrpcService (ConfUtils.java:logGet(44)) - raft.grpc.flow.control.window = 5MB (=5242880) (custom)
2020-07-22 13:35:40,843 [Listener at 127.0.0.1/40109] INFO  server.RaftServerConfigKeys (ConfUtils.java:logGet(44)) - raft.server.rpc.request.timeout = 3000ms (default)
2020-07-22 13:35:40,844 [Listener at 127.0.0.1/40109] INFO  server.RaftServerConfigKeys (ConfUtils.java:logGet(44)) - raft.server.storage.dir = [/github/workspace/mnt/ozone/hadoop-ozone/integration-test/target/test-dir/MiniOzoneClusterImpl-d98e4c18-9a08-44b7-83b8-49402f47e02b/datanode-1/data/ratis] (custom)
2020-07-22 13:35:40,848 [Listener at 127.0.0.1/40109] INFO  http.BaseHttpServer (BaseHttpServer.java:newHttpServer2BuilderForOzone(207)) - Starting Web-server for hddsDatanode at: http://0.0.0.0:0
2020-07-22 13:35:40,848 [Listener at 127.0.0.1/40109] INFO  http.BaseHttpServer (BaseHttpServer.java:<init>(106)) - Hadoop Security Enabled: false Ozone Security Enabled: false Ozone HTTP Security Enabled: false 
2020-07-22 13:35:40,849 [Listener at 127.0.0.1/40109] INFO  server.AuthenticationFilter (AuthenticationFilter.java:constructSecretProvider(240)) - Unable to initialize FileSignerSecretProvider, falling back to use random secrets.
2020-07-22 13:35:40,849 [Listener at 127.0.0.1/40109] WARN  http.HttpRequestLog (HttpRequestLog.java:getRequestLog(103)) - Jetty request log can only be enabled using Log4j
2020-07-22 13:35:40,850 [Listener at 127.0.0.1/40109] INFO  http.HttpServer2 (HttpServer2.java:addGlobalFilter(998)) - Added global filter 'safety' (class=org.apache.hadoop.hdds.server.http.HttpServer2$QuotingInputFilter)
2020-07-22 13:35:40,851 [Listener at 127.0.0.1/40109] INFO  http.HttpServer2 (HttpServer2.java:addFilter(974)) - Added filter static_user_filter (class=org.apache.hadoop.http.lib.StaticUserWebFilter$StaticUserFilter) to context hddsDatanode
2020-07-22 13:35:40,851 [Listener at 127.0.0.1/40109] INFO  http.HttpServer2 (HttpServer2.java:addFilter(982)) - Added filter static_user_filter (class=org.apache.hadoop.http.lib.StaticUserWebFilter$StaticUserFilter) to context logs
2020-07-22 13:35:40,851 [Listener at 127.0.0.1/40109] INFO  http.HttpServer2 (HttpServer2.java:addFilter(982)) - Added filter static_user_filter (class=org.apache.hadoop.http.lib.StaticUserWebFilter$StaticUserFilter) to context static
2020-07-22 13:35:40,851 [Listener at 127.0.0.1/40109] INFO  http.HttpServer2 (HttpServer2.java:bindListener(1216)) - Jetty bound to port 39719
2020-07-22 13:35:40,851 [Listener at 127.0.0.1/40109] INFO  server.Server (Server.java:doStart(359)) - jetty-9.4.26.v20200117; built: 2020-01-17T12:35:33.676Z; git: 7b38981d25d14afb4a12ff1f2596756144edf695; jvm 1.8.0_232-b09
2020-07-22 13:35:40,852 [Listener at 127.0.0.1/40109] INFO  server.session (DefaultSessionIdManager.java:doStart(333)) - DefaultSessionIdManager workerName=node0
2020-07-22 13:35:40,853 [Listener at 127.0.0.1/40109] INFO  server.session (DefaultSessionIdManager.java:doStart(338)) - No SessionScavenger set, using defaults
2020-07-22 13:35:40,853 [Listener at 127.0.0.1/40109] INFO  server.session (HouseKeeper.java:startScavenging(140)) - node0 Scavenging every 600000ms
2020-07-22 13:35:40,853 [Listener at 127.0.0.1/40109] INFO  handler.ContextHandler (ContextHandler.java:doStart(825)) - Started o.e.j.s.ServletContextHandler@1dfdddfa{logs,/logs,file:///github/workspace/mnt/ozone/hadoop-ozone/integration-test/target/log,AVAILABLE}
2020-07-22 13:35:40,854 [Listener at 127.0.0.1/40109] INFO  handler.ContextHandler (ContextHandler.java:doStart(825)) - Started o.e.j.s.ServletContextHandler@3f6b01b{static,/static,jar:file:/home/user/.m2/repository/org/apache/hadoop/hadoop-hdds-container-service/0.6.0-SNAPSHOT/hadoop-hdds-container-service-0.6.0-SNAPSHOT.jar!/webapps/static,AVAILABLE}
2020-07-22 13:35:40,924 [Listener at 127.0.0.1/40109] INFO  handler.ContextHandler (ContextHandler.java:doStart(825)) - Started o.e.j.w.WebAppContext@7d9a7fd8{hddsDatanode,/,file:///tmp/jetty-0_0_0_0-39719-hadoop-hdds-container-service-0_6_0-SNAPSHOT_jar-_-any-2895516983779145137.dir/webapp/,AVAILABLE}{jar:file:/home/user/.m2/repository/org/apache/hadoop/hadoop-hdds-container-service/0.6.0-SNAPSHOT/hadoop-hdds-container-service-0.6.0-SNAPSHOT.jar!/webapps/hddsDatanode}
2020-07-22 13:35:40,925 [Listener at 127.0.0.1/40109] INFO  server.AbstractConnector (AbstractConnector.java:doStart(330)) - Started ServerConnector@298517d1{HTTP/1.1,[http/1.1]}{0.0.0.0:39719}
2020-07-22 13:35:40,925 [Listener at 127.0.0.1/40109] INFO  server.Server (Server.java:doStart(399)) - Started @137567ms
2020-07-22 13:35:40,926 [Listener at 127.0.0.1/40109] WARN  impl.MetricsSystemImpl (MetricsSystemImpl.java:register(276)) - Sink prometheus already exists!
2020-07-22 13:35:40,929 [Listener at 127.0.0.1/40109] INFO  http.BaseHttpServer (BaseHttpServer.java:updateConnectorAddress(327)) - HTTP server of hddsDatanode listening at http://0.0.0.0:39719
2020-07-22 13:35:40,929 [Listener at 127.0.0.1/40109] INFO  impl.MetricsSystemImpl (MetricsSystemImpl.java:init(158)) - HddsDatanode metrics system started (again)
2020-07-22 13:35:40,931 [Listener at 127.0.0.1/40109] INFO  ozone.HddsDatanodeService (HddsDatanodeService.java:start(217)) - HddsDatanodeService host:95ae26560d66 ip:172.17.0.2
2020-07-22 13:35:40,932 [org.apache.hadoop.util.JvmPauseMonitor$Monitor@2c394553] INFO  util.JvmPauseMonitor (JvmPauseMonitor.java:run(188)) - Starting JVM pause monitor
2020-07-22 13:35:40,932 [Listener at 127.0.0.1/40109] INFO  volume.HddsVolume (HddsVolume.java:<init>(176)) - Creating Volume: /github/workspace/mnt/ozone/hadoop-ozone/integration-test/target/test-dir/MiniOzoneClusterImpl-d98e4c18-9a08-44b7-83b8-49402f47e02b/datanode-2/data-0/containers/hdds of storage type : DISK and capacity : 9223372036854775807
2020-07-22 13:35:40,934 [Listener at 127.0.0.1/40109] INFO  volume.MutableVolumeSet (MutableVolumeSet.java:initializeVolumeSet(179)) - Added Volume : /github/workspace/mnt/ozone/hadoop-ozone/integration-test/target/test-dir/MiniOzoneClusterImpl-d98e4c18-9a08-44b7-83b8-49402f47e02b/datanode-2/data-0/containers/hdds to VolumeSet
2020-07-22 13:35:40,934 [Listener at 127.0.0.1/40109] INFO  volume.ThrottledAsyncChecker (ThrottledAsyncChecker.java:schedule(141)) - Scheduling a check for /github/workspace/mnt/ozone/hadoop-ozone/integration-test/target/test-dir/MiniOzoneClusterImpl-d98e4c18-9a08-44b7-83b8-49402f47e02b/datanode-2/data-0/containers/hdds
2020-07-22 13:35:40,935 [Datanode State Machine Thread - 0] INFO  datanode.InitDatanodeState (InitDatanodeState.java:persistContainerDatanodeDetails(145)) - DatanodeDetails is persisted to /github/workspace/mnt/ozone/hadoop-ozone/integration-test/target/test-dir/MiniOzoneClusterImpl-d98e4c18-9a08-44b7-83b8-49402f47e02b/datanode-1/meta/datanode.id
2020-07-22 13:35:40,936 [Listener at 127.0.0.1/40109] INFO  volume.HddsVolumeChecker (HddsVolumeChecker.java:checkAllVolumes(200)) - Scheduled health check for volume /github/workspace/mnt/ozone/hadoop-ozone/integration-test/target/test-dir/MiniOzoneClusterImpl-d98e4c18-9a08-44b7-83b8-49402f47e02b/datanode-2/data-0/containers/hdds
2020-07-22 13:35:40,951 [Thread-1167] INFO  ozoneimpl.ContainerReader (ContainerReader.java:readVolume(123)) - Start to verify containers on volume /github/workspace/mnt/ozone/hadoop-ozone/integration-test/target/test-dir/MiniOzoneClusterImpl-d98e4c18-9a08-44b7-83b8-49402f47e02b/datanode-2/data-0/containers/hdds
2020-07-22 13:35:40,951 [Thread-1167] INFO  ozoneimpl.ContainerReader (ContainerReader.java:readVolume(148)) - Finish verifying containers on volume /github/workspace/mnt/ozone/hadoop-ozone/integration-test/target/test-dir/MiniOzoneClusterImpl-d98e4c18-9a08-44b7-83b8-49402f47e02b/datanode-2/data-0/containers/hdds
2020-07-22 13:35:40,952 [Listener at 127.0.0.1/40109] INFO  ozoneimpl.OzoneContainer (OzoneContainer.java:buildContainerSet(187)) - Build ContainerSet costs 0s
2020-07-22 13:35:40,953 [Listener at 127.0.0.1/40109] INFO  impl.RaftServerProxy (ConfUtils.java:logGet(44)) - raft.rpc.type = GRPC (default)
2020-07-22 13:35:40,953 [Listener at 127.0.0.1/40109] INFO  grpc.GrpcFactory (GrpcFactory.java:checkPooledByteBufAllocatorUseCacheForAllThreads(45)) - PERFORMANCE WARNING: useCacheForAllThreads is true that may cause Netty to create a lot garbage objects and, as a result, trigger GC.
	It is recommended to disable useCacheForAllThreads by setting -Dorg.apache.ratis.thirdparty.io.netty.allocator.useCacheForAllThreads=false in command line.
2020-07-22 13:35:40,953 [Listener at 127.0.0.1/40109] INFO  grpc.GrpcConfigKeys (ConfUtils.java:logGet(44)) - raft.grpc.server.port = 0 (default)
2020-07-22 13:35:40,954 [Listener at 127.0.0.1/40109] INFO  server.GrpcService (ConfUtils.java:logGet(44)) - raft.grpc.message.size.max = 32MB (=33554432) (custom)
2020-07-22 13:35:40,954 [Listener at 127.0.0.1/40109] INFO  server.RaftServerConfigKeys (ConfUtils.java:logGet(44)) - raft.server.log.appender.buffer.byte-limit = 33554432 (custom)
2020-07-22 13:35:40,954 [Listener at 127.0.0.1/40109] INFO  server.GrpcService (ConfUtils.java:logGet(44)) - raft.grpc.flow.control.window = 5MB (=5242880) (custom)
2020-07-22 13:35:40,954 [Listener at 127.0.0.1/40109] INFO  server.RaftServerConfigKeys (ConfUtils.java:logGet(44)) - raft.server.rpc.request.timeout = 3000ms (default)
2020-07-22 13:35:40,955 [Listener at 127.0.0.1/40109] INFO  server.RaftServerConfigKeys (ConfUtils.java:logGet(44)) - raft.server.storage.dir = [/github/workspace/mnt/ozone/hadoop-ozone/integration-test/target/test-dir/MiniOzoneClusterImpl-d98e4c18-9a08-44b7-83b8-49402f47e02b/datanode-2/data/ratis] (custom)
2020-07-22 13:35:40,961 [Listener at 127.0.0.1/40109] INFO  http.BaseHttpServer (BaseHttpServer.java:newHttpServer2BuilderForOzone(207)) - Starting Web-server for hddsDatanode at: http://0.0.0.0:0
2020-07-22 13:35:40,961 [Listener at 127.0.0.1/40109] INFO  http.BaseHttpServer (BaseHttpServer.java:<init>(106)) - Hadoop Security Enabled: false Ozone Security Enabled: false Ozone HTTP Security Enabled: false 
2020-07-22 13:35:40,962 [Listener at 127.0.0.1/40109] INFO  server.AuthenticationFilter (AuthenticationFilter.java:constructSecretProvider(240)) - Unable to initialize FileSignerSecretProvider, falling back to use random secrets.
2020-07-22 13:35:40,962 [Listener at 127.0.0.1/40109] WARN  http.HttpRequestLog (HttpRequestLog.java:getRequestLog(103)) - Jetty request log can only be enabled using Log4j
2020-07-22 13:35:40,963 [Listener at 127.0.0.1/40109] INFO  http.HttpServer2 (HttpServer2.java:addGlobalFilter(998)) - Added global filter 'safety' (class=org.apache.hadoop.hdds.server.http.HttpServer2$QuotingInputFilter)
2020-07-22 13:35:40,964 [Listener at 127.0.0.1/40109] INFO  http.HttpServer2 (HttpServer2.java:addFilter(974)) - Added filter static_user_filter (class=org.apache.hadoop.http.lib.StaticUserWebFilter$StaticUserFilter) to context hddsDatanode
2020-07-22 13:35:40,964 [Listener at 127.0.0.1/40109] INFO  http.HttpServer2 (HttpServer2.java:addFilter(982)) - Added filter static_user_filter (class=org.apache.hadoop.http.lib.StaticUserWebFilter$StaticUserFilter) to context logs
2020-07-22 13:35:40,964 [Listener at 127.0.0.1/40109] INFO  http.HttpServer2 (HttpServer2.java:addFilter(982)) - Added filter static_user_filter (class=org.apache.hadoop.http.lib.StaticUserWebFilter$StaticUserFilter) to context static
2020-07-22 13:35:40,964 [Listener at 127.0.0.1/40109] INFO  http.HttpServer2 (HttpServer2.java:bindListener(1216)) - Jetty bound to port 39355
2020-07-22 13:35:40,964 [Listener at 127.0.0.1/40109] INFO  server.Server (Server.java:doStart(359)) - jetty-9.4.26.v20200117; built: 2020-01-17T12:35:33.676Z; git: 7b38981d25d14afb4a12ff1f2596756144edf695; jvm 1.8.0_232-b09
2020-07-22 13:35:40,965 [Listener at 127.0.0.1/40109] INFO  server.session (DefaultSessionIdManager.java:doStart(333)) - DefaultSessionIdManager workerName=node0
2020-07-22 13:35:40,966 [Listener at 127.0.0.1/40109] INFO  server.session (DefaultSessionIdManager.java:doStart(338)) - No SessionScavenger set, using defaults
2020-07-22 13:35:40,966 [Listener at 127.0.0.1/40109] INFO  server.session (HouseKeeper.java:startScavenging(140)) - node0 Scavenging every 660000ms
2020-07-22 13:35:40,966 [Listener at 127.0.0.1/40109] INFO  handler.ContextHandler (ContextHandler.java:doStart(825)) - Started o.e.j.s.ServletContextHandler@7568f5bc{logs,/logs,file:///github/workspace/mnt/ozone/hadoop-ozone/integration-test/target/log,AVAILABLE}
2020-07-22 13:35:40,967 [Listener at 127.0.0.1/40109] INFO  handler.ContextHandler (ContextHandler.java:doStart(825)) - Started o.e.j.s.ServletContextHandler@271e8be8{static,/static,jar:file:/home/user/.m2/repository/org/apache/hadoop/hadoop-hdds-container-service/0.6.0-SNAPSHOT/hadoop-hdds-container-service-0.6.0-SNAPSHOT.jar!/webapps/static,AVAILABLE}
2020-07-22 13:35:41,038 [Listener at 127.0.0.1/40109] INFO  handler.ContextHandler (ContextHandler.java:doStart(825)) - Started o.e.j.w.WebAppContext@778bdf42{hddsDatanode,/,file:///tmp/jetty-0_0_0_0-39355-hadoop-hdds-container-service-0_6_0-SNAPSHOT_jar-_-any-6877299710671485908.dir/webapp/,AVAILABLE}{jar:file:/home/user/.m2/repository/org/apache/hadoop/hadoop-hdds-container-service/0.6.0-SNAPSHOT/hadoop-hdds-container-service-0.6.0-SNAPSHOT.jar!/webapps/hddsDatanode}
2020-07-22 13:35:41,039 [Listener at 127.0.0.1/40109] INFO  server.AbstractConnector (AbstractConnector.java:doStart(330)) - Started ServerConnector@53e36530{HTTP/1.1,[http/1.1]}{0.0.0.0:39355}
2020-07-22 13:35:41,039 [Listener at 127.0.0.1/40109] INFO  server.Server (Server.java:doStart(399)) - Started @137681ms
2020-07-22 13:35:41,039 [Listener at 127.0.0.1/40109] WARN  impl.MetricsSystemImpl (MetricsSystemImpl.java:register(276)) - Sink prometheus already exists!
2020-07-22 13:35:41,042 [Listener at 127.0.0.1/40109] INFO  http.BaseHttpServer (BaseHttpServer.java:updateConnectorAddress(327)) - HTTP server of hddsDatanode listening at http://0.0.0.0:39355
2020-07-22 13:35:41,042 [Listener at 127.0.0.1/40109] INFO  impl.MetricsSystemImpl (MetricsSystemImpl.java:init(158)) - HddsDatanode metrics system started (again)
2020-07-22 13:35:41,045 [Listener at 127.0.0.1/40109] INFO  ozone.HddsDatanodeService (HddsDatanodeService.java:start(217)) - HddsDatanodeService host:95ae26560d66 ip:172.17.0.2
2020-07-22 13:35:41,047 [Datanode State Machine Thread - 0] INFO  datanode.InitDatanodeState (InitDatanodeState.java:persistContainerDatanodeDetails(145)) - DatanodeDetails is persisted to /github/workspace/mnt/ozone/hadoop-ozone/integration-test/target/test-dir/MiniOzoneClusterImpl-d98e4c18-9a08-44b7-83b8-49402f47e02b/datanode-2/meta/datanode.id
2020-07-22 13:35:41,047 [Listener at 127.0.0.1/40109] INFO  volume.HddsVolume (HddsVolume.java:<init>(176)) - Creating Volume: /github/workspace/mnt/ozone/hadoop-ozone/integration-test/target/test-dir/MiniOzoneClusterImpl-d98e4c18-9a08-44b7-83b8-49402f47e02b/datanode-3/data-0/containers/hdds of storage type : DISK and capacity : 9223372036854775807
2020-07-22 13:35:41,048 [Listener at 127.0.0.1/40109] INFO  volume.MutableVolumeSet (MutableVolumeSet.java:initializeVolumeSet(179)) - Added Volume : /github/workspace/mnt/ozone/hadoop-ozone/integration-test/target/test-dir/MiniOzoneClusterImpl-d98e4c18-9a08-44b7-83b8-49402f47e02b/datanode-3/data-0/containers/hdds to VolumeSet
2020-07-22 13:35:41,048 [Listener at 127.0.0.1/40109] INFO  volume.ThrottledAsyncChecker (ThrottledAsyncChecker.java:schedule(141)) - Scheduling a check for /github/workspace/mnt/ozone/hadoop-ozone/integration-test/target/test-dir/MiniOzoneClusterImpl-d98e4c18-9a08-44b7-83b8-49402f47e02b/datanode-3/data-0/containers/hdds
2020-07-22 13:35:41,048 [org.apache.hadoop.util.JvmPauseMonitor$Monitor@39a7d934] INFO  util.JvmPauseMonitor (JvmPauseMonitor.java:run(188)) - Starting JVM pause monitor
2020-07-22 13:35:41,049 [Listener at 127.0.0.1/40109] INFO  volume.HddsVolumeChecker (HddsVolumeChecker.java:checkAllVolumes(200)) - Scheduled health check for volume /github/workspace/mnt/ozone/hadoop-ozone/integration-test/target/test-dir/MiniOzoneClusterImpl-d98e4c18-9a08-44b7-83b8-49402f47e02b/datanode-3/data-0/containers/hdds
2020-07-22 13:35:41,065 [Thread-1178] INFO  ozoneimpl.ContainerReader (ContainerReader.java:readVolume(123)) - Start to verify containers on volume /github/workspace/mnt/ozone/hadoop-ozone/integration-test/target/test-dir/MiniOzoneClusterImpl-d98e4c18-9a08-44b7-83b8-49402f47e02b/datanode-3/data-0/containers/hdds
2020-07-22 13:35:41,066 [Thread-1178] INFO  ozoneimpl.ContainerReader (ContainerReader.java:readVolume(148)) - Finish verifying containers on volume /github/workspace/mnt/ozone/hadoop-ozone/integration-test/target/test-dir/MiniOzoneClusterImpl-d98e4c18-9a08-44b7-83b8-49402f47e02b/datanode-3/data-0/containers/hdds
2020-07-22 13:35:41,066 [Listener at 127.0.0.1/40109] INFO  ozoneimpl.OzoneContainer (OzoneContainer.java:buildContainerSet(187)) - Build ContainerSet costs 0s
2020-07-22 13:35:41,067 [Listener at 127.0.0.1/40109] INFO  impl.RaftServerProxy (ConfUtils.java:logGet(44)) - raft.rpc.type = GRPC (default)
2020-07-22 13:35:41,067 [Listener at 127.0.0.1/40109] INFO  grpc.GrpcFactory (GrpcFactory.java:checkPooledByteBufAllocatorUseCacheForAllThreads(45)) - PERFORMANCE WARNING: useCacheForAllThreads is true that may cause Netty to create a lot garbage objects and, as a result, trigger GC.
	It is recommended to disable useCacheForAllThreads by setting -Dorg.apache.ratis.thirdparty.io.netty.allocator.useCacheForAllThreads=false in command line.
2020-07-22 13:35:41,067 [Listener at 127.0.0.1/40109] INFO  grpc.GrpcConfigKeys (ConfUtils.java:logGet(44)) - raft.grpc.server.port = 0 (default)
2020-07-22 13:35:41,067 [Listener at 127.0.0.1/40109] INFO  server.GrpcService (ConfUtils.java:logGet(44)) - raft.grpc.message.size.max = 32MB (=33554432) (custom)
2020-07-22 13:35:41,067 [Listener at 127.0.0.1/40109] INFO  server.RaftServerConfigKeys (ConfUtils.java:logGet(44)) - raft.server.log.appender.buffer.byte-limit = 33554432 (custom)
2020-07-22 13:35:41,068 [Listener at 127.0.0.1/40109] INFO  server.GrpcService (ConfUtils.java:logGet(44)) - raft.grpc.flow.control.window = 5MB (=5242880) (custom)
2020-07-22 13:35:41,068 [Listener at 127.0.0.1/40109] INFO  server.RaftServerConfigKeys (ConfUtils.java:logGet(44)) - raft.server.rpc.request.timeout = 3000ms (default)
2020-07-22 13:35:41,069 [Listener at 127.0.0.1/40109] INFO  server.RaftServerConfigKeys (ConfUtils.java:logGet(44)) - raft.server.storage.dir = [/github/workspace/mnt/ozone/hadoop-ozone/integration-test/target/test-dir/MiniOzoneClusterImpl-d98e4c18-9a08-44b7-83b8-49402f47e02b/datanode-3/data/ratis] (custom)
2020-07-22 13:35:41,081 [Listener at 127.0.0.1/40109] INFO  http.BaseHttpServer (BaseHttpServer.java:newHttpServer2BuilderForOzone(207)) - Starting Web-server for hddsDatanode at: http://0.0.0.0:0
2020-07-22 13:35:41,081 [Listener at 127.0.0.1/40109] INFO  http.BaseHttpServer (BaseHttpServer.java:<init>(106)) - Hadoop Security Enabled: false Ozone Security Enabled: false Ozone HTTP Security Enabled: false 
2020-07-22 13:35:41,083 [Listener at 127.0.0.1/40109] INFO  server.AuthenticationFilter (AuthenticationFilter.java:constructSecretProvider(240)) - Unable to initialize FileSignerSecretProvider, falling back to use random secrets.
2020-07-22 13:35:41,083 [Listener at 127.0.0.1/40109] WARN  http.HttpRequestLog (HttpRequestLog.java:getRequestLog(103)) - Jetty request log can only be enabled using Log4j
2020-07-22 13:35:41,084 [Listener at 127.0.0.1/40109] INFO  http.HttpServer2 (HttpServer2.java:addGlobalFilter(998)) - Added global filter 'safety' (class=org.apache.hadoop.hdds.server.http.HttpServer2$QuotingInputFilter)
2020-07-22 13:35:41,084 [Listener at 127.0.0.1/40109] INFO  http.HttpServer2 (HttpServer2.java:addFilter(974)) - Added filter static_user_filter (class=org.apache.hadoop.http.lib.StaticUserWebFilter$StaticUserFilter) to context hddsDatanode
2020-07-22 13:35:41,084 [Listener at 127.0.0.1/40109] INFO  http.HttpServer2 (HttpServer2.java:addFilter(982)) - Added filter static_user_filter (class=org.apache.hadoop.http.lib.StaticUserWebFilter$StaticUserFilter) to context logs
2020-07-22 13:35:41,084 [Listener at 127.0.0.1/40109] INFO  http.HttpServer2 (HttpServer2.java:addFilter(982)) - Added filter static_user_filter (class=org.apache.hadoop.http.lib.StaticUserWebFilter$StaticUserFilter) to context static
2020-07-22 13:35:41,085 [Listener at 127.0.0.1/40109] INFO  http.HttpServer2 (HttpServer2.java:bindListener(1216)) - Jetty bound to port 42871
2020-07-22 13:35:41,085 [Listener at 127.0.0.1/40109] INFO  server.Server (Server.java:doStart(359)) - jetty-9.4.26.v20200117; built: 2020-01-17T12:35:33.676Z; git: 7b38981d25d14afb4a12ff1f2596756144edf695; jvm 1.8.0_232-b09
2020-07-22 13:35:41,087 [Listener at 127.0.0.1/40109] INFO  server.session (DefaultSessionIdManager.java:doStart(333)) - DefaultSessionIdManager workerName=node0
2020-07-22 13:35:41,088 [Listener at 127.0.0.1/40109] INFO  server.session (DefaultSessionIdManager.java:doStart(338)) - No SessionScavenger set, using defaults
2020-07-22 13:35:41,088 [Listener at 127.0.0.1/40109] INFO  server.session (HouseKeeper.java:startScavenging(140)) - node0 Scavenging every 660000ms
2020-07-22 13:35:41,088 [Listener at 127.0.0.1/40109] INFO  handler.ContextHandler (ContextHandler.java:doStart(825)) - Started o.e.j.s.ServletContextHandler@21af717b{logs,/logs,file:///github/workspace/mnt/ozone/hadoop-ozone/integration-test/target/log,AVAILABLE}
2020-07-22 13:35:41,089 [Listener at 127.0.0.1/40109] INFO  handler.ContextHandler (ContextHandler.java:doStart(825)) - Started o.e.j.s.ServletContextHandler@28a50dec{static,/static,jar:file:/home/user/.m2/repository/org/apache/hadoop/hadoop-hdds-container-service/0.6.0-SNAPSHOT/hadoop-hdds-container-service-0.6.0-SNAPSHOT.jar!/webapps/static,AVAILABLE}
2020-07-22 13:35:41,160 [Listener at 127.0.0.1/40109] INFO  handler.ContextHandler (ContextHandler.java:doStart(825)) - Started o.e.j.w.WebAppContext@247dad0f{hddsDatanode,/,file:///tmp/jetty-0_0_0_0-42871-hadoop-hdds-container-service-0_6_0-SNAPSHOT_jar-_-any-5875314461823502179.dir/webapp/,AVAILABLE}{jar:file:/home/user/.m2/repository/org/apache/hadoop/hadoop-hdds-container-service/0.6.0-SNAPSHOT/hadoop-hdds-container-service-0.6.0-SNAPSHOT.jar!/webapps/hddsDatanode}
2020-07-22 13:35:41,161 [Listener at 127.0.0.1/40109] INFO  server.AbstractConnector (AbstractConnector.java:doStart(330)) - Started ServerConnector@7f1c1df5{HTTP/1.1,[http/1.1]}{0.0.0.0:42871}
2020-07-22 13:35:41,161 [Listener at 127.0.0.1/40109] INFO  server.Server (Server.java:doStart(399)) - Started @137803ms
2020-07-22 13:35:41,161 [Listener at 127.0.0.1/40109] WARN  impl.MetricsSystemImpl (MetricsSystemImpl.java:register(276)) - Sink prometheus already exists!
2020-07-22 13:35:41,164 [Listener at 127.0.0.1/40109] INFO  http.BaseHttpServer (BaseHttpServer.java:updateConnectorAddress(327)) - HTTP server of hddsDatanode listening at http://0.0.0.0:42871
2020-07-22 13:35:41,164 [Listener at 127.0.0.1/40109] INFO  impl.MetricsSystemImpl (MetricsSystemImpl.java:init(158)) - HddsDatanode metrics system started (again)
2020-07-22 13:35:41,166 [Listener at 127.0.0.1/40109] INFO  ozone.HddsDatanodeService (HddsDatanodeService.java:start(217)) - HddsDatanodeService host:95ae26560d66 ip:172.17.0.2
2020-07-22 13:35:41,169 [Listener at 127.0.0.1/40109] INFO  volume.HddsVolume (HddsVolume.java:<init>(176)) - Creating Volume: /github/workspace/mnt/ozone/hadoop-ozone/integration-test/target/test-dir/MiniOzoneClusterImpl-d98e4c18-9a08-44b7-83b8-49402f47e02b/datanode-4/data-0/containers/hdds of storage type : DISK and capacity : 9223372036854775807
2020-07-22 13:35:41,169 [Listener at 127.0.0.1/40109] INFO  volume.MutableVolumeSet (MutableVolumeSet.java:initializeVolumeSet(179)) - Added Volume : /github/workspace/mnt/ozone/hadoop-ozone/integration-test/target/test-dir/MiniOzoneClusterImpl-d98e4c18-9a08-44b7-83b8-49402f47e02b/datanode-4/data-0/containers/hdds to VolumeSet
2020-07-22 13:35:41,169 [Listener at 127.0.0.1/40109] INFO  volume.ThrottledAsyncChecker (ThrottledAsyncChecker.java:schedule(141)) - Scheduling a check for /github/workspace/mnt/ozone/hadoop-ozone/integration-test/target/test-dir/MiniOzoneClusterImpl-d98e4c18-9a08-44b7-83b8-49402f47e02b/datanode-4/data-0/containers/hdds
2020-07-22 13:35:41,170 [Listener at 127.0.0.1/40109] INFO  volume.HddsVolumeChecker (HddsVolumeChecker.java:checkAllVolumes(200)) - Scheduled health check for volume /github/workspace/mnt/ozone/hadoop-ozone/integration-test/target/test-dir/MiniOzoneClusterImpl-d98e4c18-9a08-44b7-83b8-49402f47e02b/datanode-4/data-0/containers/hdds
2020-07-22 13:35:41,178 [org.apache.hadoop.util.JvmPauseMonitor$Monitor@c9f1acc] INFO  util.JvmPauseMonitor (JvmPauseMonitor.java:run(188)) - Starting JVM pause monitor
2020-07-22 13:35:41,180 [Datanode State Machine Thread - 0] INFO  datanode.InitDatanodeState (InitDatanodeState.java:persistContainerDatanodeDetails(145)) - DatanodeDetails is persisted to /github/workspace/mnt/ozone/hadoop-ozone/integration-test/target/test-dir/MiniOzoneClusterImpl-d98e4c18-9a08-44b7-83b8-49402f47e02b/datanode-3/meta/datanode.id
2020-07-22 13:35:41,182 [Thread-1189] INFO  ozoneimpl.ContainerReader (ContainerReader.java:readVolume(123)) - Start to verify containers on volume /github/workspace/mnt/ozone/hadoop-ozone/integration-test/target/test-dir/MiniOzoneClusterImpl-d98e4c18-9a08-44b7-83b8-49402f47e02b/datanode-4/data-0/containers/hdds
2020-07-22 13:35:41,182 [Thread-1189] INFO  ozoneimpl.ContainerReader (ContainerReader.java:readVolume(148)) - Finish verifying containers on volume /github/workspace/mnt/ozone/hadoop-ozone/integration-test/target/test-dir/MiniOzoneClusterImpl-d98e4c18-9a08-44b7-83b8-49402f47e02b/datanode-4/data-0/containers/hdds
2020-07-22 13:35:41,182 [Listener at 127.0.0.1/40109] INFO  ozoneimpl.OzoneContainer (OzoneContainer.java:buildContainerSet(187)) - Build ContainerSet costs 0s
2020-07-22 13:35:41,184 [Listener at 127.0.0.1/40109] INFO  impl.RaftServerProxy (ConfUtils.java:logGet(44)) - raft.rpc.type = GRPC (default)
2020-07-22 13:35:41,184 [Listener at 127.0.0.1/40109] INFO  grpc.GrpcFactory (GrpcFactory.java:checkPooledByteBufAllocatorUseCacheForAllThreads(45)) - PERFORMANCE WARNING: useCacheForAllThreads is true that may cause Netty to create a lot garbage objects and, as a result, trigger GC.
	It is recommended to disable useCacheForAllThreads by setting -Dorg.apache.ratis.thirdparty.io.netty.allocator.useCacheForAllThreads=false in command line.
2020-07-22 13:35:41,184 [Listener at 127.0.0.1/40109] INFO  grpc.GrpcConfigKeys (ConfUtils.java:logGet(44)) - raft.grpc.server.port = 0 (default)
2020-07-22 13:35:41,184 [Listener at 127.0.0.1/40109] INFO  server.GrpcService (ConfUtils.java:logGet(44)) - raft.grpc.message.size.max = 32MB (=33554432) (custom)
2020-07-22 13:35:41,184 [Listener at 127.0.0.1/40109] INFO  server.RaftServerConfigKeys (ConfUtils.java:logGet(44)) - raft.server.log.appender.buffer.byte-limit = 33554432 (custom)
2020-07-22 13:35:41,184 [Listener at 127.0.0.1/40109] INFO  server.GrpcService (ConfUtils.java:logGet(44)) - raft.grpc.flow.control.window = 5MB (=5242880) (custom)
2020-07-22 13:35:41,184 [Listener at 127.0.0.1/40109] INFO  server.RaftServerConfigKeys (ConfUtils.java:logGet(44)) - raft.server.rpc.request.timeout = 3000ms (default)
2020-07-22 13:35:41,185 [Listener at 127.0.0.1/40109] INFO  server.RaftServerConfigKeys (ConfUtils.java:logGet(44)) - raft.server.storage.dir = [/github/workspace/mnt/ozone/hadoop-ozone/integration-test/target/test-dir/MiniOzoneClusterImpl-d98e4c18-9a08-44b7-83b8-49402f47e02b/datanode-4/data/ratis] (custom)
2020-07-22 13:35:41,189 [Listener at 127.0.0.1/40109] INFO  http.BaseHttpServer (BaseHttpServer.java:newHttpServer2BuilderForOzone(207)) - Starting Web-server for hddsDatanode at: http://0.0.0.0:0
2020-07-22 13:35:41,189 [Listener at 127.0.0.1/40109] INFO  http.BaseHttpServer (BaseHttpServer.java:<init>(106)) - Hadoop Security Enabled: false Ozone Security Enabled: false Ozone HTTP Security Enabled: false 
2020-07-22 13:35:41,190 [Listener at 127.0.0.1/40109] INFO  server.AuthenticationFilter (AuthenticationFilter.java:constructSecretProvider(240)) - Unable to initialize FileSignerSecretProvider, falling back to use random secrets.
2020-07-22 13:35:41,190 [Listener at 127.0.0.1/40109] WARN  http.HttpRequestLog (HttpRequestLog.java:getRequestLog(103)) - Jetty request log can only be enabled using Log4j
2020-07-22 13:35:41,191 [Listener at 127.0.0.1/40109] INFO  http.HttpServer2 (HttpServer2.java:addGlobalFilter(998)) - Added global filter 'safety' (class=org.apache.hadoop.hdds.server.http.HttpServer2$QuotingInputFilter)
2020-07-22 13:35:41,191 [Listener at 127.0.0.1/40109] INFO  http.HttpServer2 (HttpServer2.java:addFilter(974)) - Added filter static_user_filter (class=org.apache.hadoop.http.lib.StaticUserWebFilter$StaticUserFilter) to context hddsDatanode
2020-07-22 13:35:41,191 [Listener at 127.0.0.1/40109] INFO  http.HttpServer2 (HttpServer2.java:addFilter(982)) - Added filter static_user_filter (class=org.apache.hadoop.http.lib.StaticUserWebFilter$StaticUserFilter) to context logs
2020-07-22 13:35:41,192 [Listener at 127.0.0.1/40109] INFO  http.HttpServer2 (HttpServer2.java:addFilter(982)) - Added filter static_user_filter (class=org.apache.hadoop.http.lib.StaticUserWebFilter$StaticUserFilter) to context static
2020-07-22 13:35:41,192 [Listener at 127.0.0.1/40109] INFO  http.HttpServer2 (HttpServer2.java:bindListener(1216)) - Jetty bound to port 43815
2020-07-22 13:35:41,192 [Listener at 127.0.0.1/40109] INFO  server.Server (Server.java:doStart(359)) - jetty-9.4.26.v20200117; built: 2020-01-17T12:35:33.676Z; git: 7b38981d25d14afb4a12ff1f2596756144edf695; jvm 1.8.0_232-b09
2020-07-22 13:35:41,193 [Listener at 127.0.0.1/40109] INFO  server.session (DefaultSessionIdManager.java:doStart(333)) - DefaultSessionIdManager workerName=node0
2020-07-22 13:35:41,193 [Listener at 127.0.0.1/40109] INFO  server.session (DefaultSessionIdManager.java:doStart(338)) - No SessionScavenger set, using defaults
2020-07-22 13:35:41,193 [Listener at 127.0.0.1/40109] INFO  server.session (HouseKeeper.java:startScavenging(140)) - node0 Scavenging every 600000ms
2020-07-22 13:35:41,194 [Listener at 127.0.0.1/40109] INFO  handler.ContextHandler (ContextHandler.java:doStart(825)) - Started o.e.j.s.ServletContextHandler@6a039d30{logs,/logs,file:///github/workspace/mnt/ozone/hadoop-ozone/integration-test/target/log,AVAILABLE}
2020-07-22 13:35:41,194 [Listener at 127.0.0.1/40109] INFO  handler.ContextHandler (ContextHandler.java:doStart(825)) - Started o.e.j.s.ServletContextHandler@7d4a95d4{static,/static,jar:file:/home/user/.m2/repository/org/apache/hadoop/hadoop-hdds-container-service/0.6.0-SNAPSHOT/hadoop-hdds-container-service-0.6.0-SNAPSHOT.jar!/webapps/static,AVAILABLE}
2020-07-22 13:35:41,265 [Listener at 127.0.0.1/40109] INFO  handler.ContextHandler (ContextHandler.java:doStart(825)) - Started o.e.j.w.WebAppContext@3b8bbfab{hddsDatanode,/,file:///tmp/jetty-0_0_0_0-43815-hadoop-hdds-container-service-0_6_0-SNAPSHOT_jar-_-any-7087427270639890450.dir/webapp/,AVAILABLE}{jar:file:/home/user/.m2/repository/org/apache/hadoop/hadoop-hdds-container-service/0.6.0-SNAPSHOT/hadoop-hdds-container-service-0.6.0-SNAPSHOT.jar!/webapps/hddsDatanode}
2020-07-22 13:35:41,266 [Listener at 127.0.0.1/40109] INFO  server.AbstractConnector (AbstractConnector.java:doStart(330)) - Started ServerConnector@6a65daed{HTTP/1.1,[http/1.1]}{0.0.0.0:43815}
2020-07-22 13:35:41,267 [Listener at 127.0.0.1/40109] INFO  server.Server (Server.java:doStart(399)) - Started @137908ms
2020-07-22 13:35:41,267 [Listener at 127.0.0.1/40109] WARN  impl.MetricsSystemImpl (MetricsSystemImpl.java:register(276)) - Sink prometheus already exists!
2020-07-22 13:35:41,269 [Listener at 127.0.0.1/40109] INFO  http.BaseHttpServer (BaseHttpServer.java:updateConnectorAddress(327)) - HTTP server of hddsDatanode listening at http://0.0.0.0:43815
2020-07-22 13:35:41,275 [Listener at 127.0.0.1/40109] INFO  impl.MetricsSystemImpl (MetricsSystemImpl.java:init(158)) - HddsDatanode metrics system started (again)
2020-07-22 13:35:41,277 [Listener at 127.0.0.1/40109] INFO  ozone.HddsDatanodeService (HddsDatanodeService.java:start(217)) - HddsDatanodeService host:95ae26560d66 ip:172.17.0.2
2020-07-22 13:35:41,279 [Listener at 127.0.0.1/40109] INFO  volume.HddsVolume (HddsVolume.java:<init>(176)) - Creating Volume: /github/workspace/mnt/ozone/hadoop-ozone/integration-test/target/test-dir/MiniOzoneClusterImpl-d98e4c18-9a08-44b7-83b8-49402f47e02b/datanode-5/data-0/containers/hdds of storage type : DISK and capacity : 9223372036854775807
2020-07-22 13:35:41,279 [Listener at 127.0.0.1/40109] INFO  volume.MutableVolumeSet (MutableVolumeSet.java:initializeVolumeSet(179)) - Added Volume : /github/workspace/mnt/ozone/hadoop-ozone/integration-test/target/test-dir/MiniOzoneClusterImpl-d98e4c18-9a08-44b7-83b8-49402f47e02b/datanode-5/data-0/containers/hdds to VolumeSet
2020-07-22 13:35:41,279 [Listener at 127.0.0.1/40109] INFO  volume.ThrottledAsyncChecker (ThrottledAsyncChecker.java:schedule(141)) - Scheduling a check for /github/workspace/mnt/ozone/hadoop-ozone/integration-test/target/test-dir/MiniOzoneClusterImpl-d98e4c18-9a08-44b7-83b8-49402f47e02b/datanode-5/data-0/containers/hdds
2020-07-22 13:35:41,280 [Listener at 127.0.0.1/40109] INFO  volume.HddsVolumeChecker (HddsVolumeChecker.java:checkAllVolumes(200)) - Scheduled health check for volume /github/workspace/mnt/ozone/hadoop-ozone/integration-test/target/test-dir/MiniOzoneClusterImpl-d98e4c18-9a08-44b7-83b8-49402f47e02b/datanode-5/data-0/containers/hdds
2020-07-22 13:35:41,291 [org.apache.hadoop.util.JvmPauseMonitor$Monitor@40c3e01d] INFO  util.JvmPauseMonitor (JvmPauseMonitor.java:run(188)) - Starting JVM pause monitor
2020-07-22 13:35:41,293 [Datanode State Machine Thread - 0] INFO  datanode.InitDatanodeState (InitDatanodeState.java:persistContainerDatanodeDetails(145)) - DatanodeDetails is persisted to /github/workspace/mnt/ozone/hadoop-ozone/integration-test/target/test-dir/MiniOzoneClusterImpl-d98e4c18-9a08-44b7-83b8-49402f47e02b/datanode-4/meta/datanode.id
2020-07-22 13:35:41,293 [Thread-1200] INFO  ozoneimpl.ContainerReader (ContainerReader.java:readVolume(123)) - Start to verify containers on volume /github/workspace/mnt/ozone/hadoop-ozone/integration-test/target/test-dir/MiniOzoneClusterImpl-d98e4c18-9a08-44b7-83b8-49402f47e02b/datanode-5/data-0/containers/hdds
2020-07-22 13:35:41,294 [Thread-1200] INFO  ozoneimpl.ContainerReader (ContainerReader.java:readVolume(148)) - Finish verifying containers on volume /github/workspace/mnt/ozone/hadoop-ozone/integration-test/target/test-dir/MiniOzoneClusterImpl-d98e4c18-9a08-44b7-83b8-49402f47e02b/datanode-5/data-0/containers/hdds
2020-07-22 13:35:41,294 [Listener at 127.0.0.1/40109] INFO  ozoneimpl.OzoneContainer (OzoneContainer.java:buildContainerSet(187)) - Build ContainerSet costs 0s
2020-07-22 13:35:41,295 [Listener at 127.0.0.1/40109] INFO  impl.RaftServerProxy (ConfUtils.java:logGet(44)) - raft.rpc.type = GRPC (default)
2020-07-22 13:35:41,295 [Listener at 127.0.0.1/40109] INFO  grpc.GrpcFactory (GrpcFactory.java:checkPooledByteBufAllocatorUseCacheForAllThreads(45)) - PERFORMANCE WARNING: useCacheForAllThreads is true that may cause Netty to create a lot garbage objects and, as a result, trigger GC.
	It is recommended to disable useCacheForAllThreads by setting -Dorg.apache.ratis.thirdparty.io.netty.allocator.useCacheForAllThreads=false in command line.
2020-07-22 13:35:41,296 [Listener at 127.0.0.1/40109] INFO  grpc.GrpcConfigKeys (ConfUtils.java:logGet(44)) - raft.grpc.server.port = 0 (default)
2020-07-22 13:35:41,296 [Listener at 127.0.0.1/40109] INFO  server.GrpcService (ConfUtils.java:logGet(44)) - raft.grpc.message.size.max = 32MB (=33554432) (custom)
2020-07-22 13:35:41,296 [Listener at 127.0.0.1/40109] INFO  server.RaftServerConfigKeys (ConfUtils.java:logGet(44)) - raft.server.log.appender.buffer.byte-limit = 33554432 (custom)
2020-07-22 13:35:41,296 [Listener at 127.0.0.1/40109] INFO  server.GrpcService (ConfUtils.java:logGet(44)) - raft.grpc.flow.control.window = 5MB (=5242880) (custom)
2020-07-22 13:35:41,296 [Listener at 127.0.0.1/40109] INFO  server.RaftServerConfigKeys (ConfUtils.java:logGet(44)) - raft.server.rpc.request.timeout = 3000ms (default)
2020-07-22 13:35:41,298 [Listener at 127.0.0.1/40109] INFO  server.RaftServerConfigKeys (ConfUtils.java:logGet(44)) - raft.server.storage.dir = [/github/workspace/mnt/ozone/hadoop-ozone/integration-test/target/test-dir/MiniOzoneClusterImpl-d98e4c18-9a08-44b7-83b8-49402f47e02b/datanode-5/data/ratis] (custom)
2020-07-22 13:35:41,302 [Listener at 127.0.0.1/40109] INFO  http.BaseHttpServer (BaseHttpServer.java:newHttpServer2BuilderForOzone(207)) - Starting Web-server for hddsDatanode at: http://0.0.0.0:0
2020-07-22 13:35:41,302 [Listener at 127.0.0.1/40109] INFO  http.BaseHttpServer (BaseHttpServer.java:<init>(106)) - Hadoop Security Enabled: false Ozone Security Enabled: false Ozone HTTP Security Enabled: false 
2020-07-22 13:35:41,303 [Listener at 127.0.0.1/40109] INFO  server.AuthenticationFilter (AuthenticationFilter.java:constructSecretProvider(240)) - Unable to initialize FileSignerSecretProvider, falling back to use random secrets.
2020-07-22 13:35:41,303 [Listener at 127.0.0.1/40109] WARN  http.HttpRequestLog (HttpRequestLog.java:getRequestLog(103)) - Jetty request log can only be enabled using Log4j
2020-07-22 13:35:41,303 [Listener at 127.0.0.1/40109] INFO  http.HttpServer2 (HttpServer2.java:addGlobalFilter(998)) - Added global filter 'safety' (class=org.apache.hadoop.hdds.server.http.HttpServer2$QuotingInputFilter)
2020-07-22 13:35:41,304 [Listener at 127.0.0.1/40109] INFO  http.HttpServer2 (HttpServer2.java:addFilter(974)) - Added filter static_user_filter (class=org.apache.hadoop.http.lib.StaticUserWebFilter$StaticUserFilter) to context hddsDatanode
2020-07-22 13:35:41,304 [Listener at 127.0.0.1/40109] INFO  http.HttpServer2 (HttpServer2.java:addFilter(982)) - Added filter static_user_filter (class=org.apache.hadoop.http.lib.StaticUserWebFilter$StaticUserFilter) to context logs
2020-07-22 13:35:41,304 [Listener at 127.0.0.1/40109] INFO  http.HttpServer2 (HttpServer2.java:addFilter(982)) - Added filter static_user_filter (class=org.apache.hadoop.http.lib.StaticUserWebFilter$StaticUserFilter) to context static
2020-07-22 13:35:41,304 [Listener at 127.0.0.1/40109] INFO  http.HttpServer2 (HttpServer2.java:bindListener(1216)) - Jetty bound to port 42867
2020-07-22 13:35:41,305 [Listener at 127.0.0.1/40109] INFO  server.Server (Server.java:doStart(359)) - jetty-9.4.26.v20200117; built: 2020-01-17T12:35:33.676Z; git: 7b38981d25d14afb4a12ff1f2596756144edf695; jvm 1.8.0_232-b09
2020-07-22 13:35:41,312 [Listener at 127.0.0.1/40109] INFO  server.session (DefaultSessionIdManager.java:doStart(333)) - DefaultSessionIdManager workerName=node0
2020-07-22 13:35:41,312 [Listener at 127.0.0.1/40109] INFO  server.session (DefaultSessionIdManager.java:doStart(338)) - No SessionScavenger set, using defaults
2020-07-22 13:35:41,312 [Listener at 127.0.0.1/40109] INFO  server.session (HouseKeeper.java:startScavenging(140)) - node0 Scavenging every 660000ms
2020-07-22 13:35:41,313 [Listener at 127.0.0.1/40109] INFO  handler.ContextHandler (ContextHandler.java:doStart(825)) - Started o.e.j.s.ServletContextHandler@6015326{logs,/logs,file:///github/workspace/mnt/ozone/hadoop-ozone/integration-test/target/log,AVAILABLE}
2020-07-22 13:35:41,313 [Listener at 127.0.0.1/40109] INFO  handler.ContextHandler (ContextHandler.java:doStart(825)) - Started o.e.j.s.ServletContextHandler@2653b95f{static,/static,jar:file:/home/user/.m2/repository/org/apache/hadoop/hadoop-hdds-container-service/0.6.0-SNAPSHOT/hadoop-hdds-container-service-0.6.0-SNAPSHOT.jar!/webapps/static,AVAILABLE}
2020-07-22 13:35:41,385 [Listener at 127.0.0.1/40109] INFO  handler.ContextHandler (ContextHandler.java:doStart(825)) - Started o.e.j.w.WebAppContext@391dfe82{hddsDatanode,/,file:///tmp/jetty-0_0_0_0-42867-hadoop-hdds-container-service-0_6_0-SNAPSHOT_jar-_-any-2106555545582439183.dir/webapp/,AVAILABLE}{jar:file:/home/user/.m2/repository/org/apache/hadoop/hadoop-hdds-container-service/0.6.0-SNAPSHOT/hadoop-hdds-container-service-0.6.0-SNAPSHOT.jar!/webapps/hddsDatanode}
2020-07-22 13:35:41,386 [Listener at 127.0.0.1/40109] INFO  server.AbstractConnector (AbstractConnector.java:doStart(330)) - Started ServerConnector@27afeede{HTTP/1.1,[http/1.1]}{0.0.0.0:42867}
2020-07-22 13:35:41,386 [Listener at 127.0.0.1/40109] INFO  server.Server (Server.java:doStart(399)) - Started @138028ms
2020-07-22 13:35:41,386 [Listener at 127.0.0.1/40109] WARN  impl.MetricsSystemImpl (MetricsSystemImpl.java:register(276)) - Sink prometheus already exists!
2020-07-22 13:35:41,390 [Listener at 127.0.0.1/40109] INFO  http.BaseHttpServer (BaseHttpServer.java:updateConnectorAddress(327)) - HTTP server of hddsDatanode listening at http://0.0.0.0:42867
2020-07-22 13:35:41,390 [Listener at 127.0.0.1/40109] INFO  impl.MetricsSystemImpl (MetricsSystemImpl.java:init(158)) - HddsDatanode metrics system started (again)
2020-07-22 13:35:41,392 [Listener at 127.0.0.1/40109] INFO  ozone.HddsDatanodeService (HddsDatanodeService.java:start(217)) - HddsDatanodeService host:95ae26560d66 ip:172.17.0.2
2020-07-22 13:35:41,399 [org.apache.hadoop.util.JvmPauseMonitor$Monitor@6b9f96ee] INFO  util.JvmPauseMonitor (JvmPauseMonitor.java:run(188)) - Starting JVM pause monitor
2020-07-22 13:35:41,399 [Listener at 127.0.0.1/40109] INFO  volume.HddsVolume (HddsVolume.java:<init>(176)) - Creating Volume: /github/workspace/mnt/ozone/hadoop-ozone/integration-test/target/test-dir/MiniOzoneClusterImpl-d98e4c18-9a08-44b7-83b8-49402f47e02b/datanode-6/data-0/containers/hdds of storage type : DISK and capacity : 9223372036854775807
2020-07-22 13:35:41,400 [Listener at 127.0.0.1/40109] INFO  volume.MutableVolumeSet (MutableVolumeSet.java:initializeVolumeSet(179)) - Added Volume : /github/workspace/mnt/ozone/hadoop-ozone/integration-test/target/test-dir/MiniOzoneClusterImpl-d98e4c18-9a08-44b7-83b8-49402f47e02b/datanode-6/data-0/containers/hdds to VolumeSet
2020-07-22 13:35:41,400 [Listener at 127.0.0.1/40109] INFO  volume.ThrottledAsyncChecker (ThrottledAsyncChecker.java:schedule(141)) - Scheduling a check for /github/workspace/mnt/ozone/hadoop-ozone/integration-test/target/test-dir/MiniOzoneClusterImpl-d98e4c18-9a08-44b7-83b8-49402f47e02b/datanode-6/data-0/containers/hdds
2020-07-22 13:35:41,400 [Datanode State Machine Thread - 0] INFO  datanode.InitDatanodeState (InitDatanodeState.java:persistContainerDatanodeDetails(145)) - DatanodeDetails is persisted to /github/workspace/mnt/ozone/hadoop-ozone/integration-test/target/test-dir/MiniOzoneClusterImpl-d98e4c18-9a08-44b7-83b8-49402f47e02b/datanode-5/meta/datanode.id
2020-07-22 13:35:41,402 [Listener at 127.0.0.1/40109] INFO  volume.HddsVolumeChecker (HddsVolumeChecker.java:checkAllVolumes(200)) - Scheduled health check for volume /github/workspace/mnt/ozone/hadoop-ozone/integration-test/target/test-dir/MiniOzoneClusterImpl-d98e4c18-9a08-44b7-83b8-49402f47e02b/datanode-6/data-0/containers/hdds
2020-07-22 13:35:41,416 [Thread-1211] INFO  ozoneimpl.ContainerReader (ContainerReader.java:readVolume(123)) - Start to verify containers on volume /github/workspace/mnt/ozone/hadoop-ozone/integration-test/target/test-dir/MiniOzoneClusterImpl-d98e4c18-9a08-44b7-83b8-49402f47e02b/datanode-6/data-0/containers/hdds
2020-07-22 13:35:41,416 [Thread-1211] INFO  ozoneimpl.ContainerReader (ContainerReader.java:readVolume(148)) - Finish verifying containers on volume /github/workspace/mnt/ozone/hadoop-ozone/integration-test/target/test-dir/MiniOzoneClusterImpl-d98e4c18-9a08-44b7-83b8-49402f47e02b/datanode-6/data-0/containers/hdds
2020-07-22 13:35:41,416 [Listener at 127.0.0.1/40109] INFO  ozoneimpl.OzoneContainer (OzoneContainer.java:buildContainerSet(187)) - Build ContainerSet costs 0s
2020-07-22 13:35:41,417 [Listener at 127.0.0.1/40109] INFO  impl.RaftServerProxy (ConfUtils.java:logGet(44)) - raft.rpc.type = GRPC (default)
2020-07-22 13:35:41,418 [Listener at 127.0.0.1/40109] INFO  grpc.GrpcFactory (GrpcFactory.java:checkPooledByteBufAllocatorUseCacheForAllThreads(45)) - PERFORMANCE WARNING: useCacheForAllThreads is true that may cause Netty to create a lot garbage objects and, as a result, trigger GC.
	It is recommended to disable useCacheForAllThreads by setting -Dorg.apache.ratis.thirdparty.io.netty.allocator.useCacheForAllThreads=false in command line.
2020-07-22 13:35:41,418 [Listener at 127.0.0.1/40109] INFO  grpc.GrpcConfigKeys (ConfUtils.java:logGet(44)) - raft.grpc.server.port = 0 (default)
2020-07-22 13:35:41,418 [Listener at 127.0.0.1/40109] INFO  server.GrpcService (ConfUtils.java:logGet(44)) - raft.grpc.message.size.max = 32MB (=33554432) (custom)
2020-07-22 13:35:41,418 [Listener at 127.0.0.1/40109] INFO  server.RaftServerConfigKeys (ConfUtils.java:logGet(44)) - raft.server.log.appender.buffer.byte-limit = 33554432 (custom)
2020-07-22 13:35:41,418 [Listener at 127.0.0.1/40109] INFO  server.GrpcService (ConfUtils.java:logGet(44)) - raft.grpc.flow.control.window = 5MB (=5242880) (custom)
2020-07-22 13:35:41,418 [Listener at 127.0.0.1/40109] INFO  server.RaftServerConfigKeys (ConfUtils.java:logGet(44)) - raft.server.rpc.request.timeout = 3000ms (default)
2020-07-22 13:35:41,419 [Listener at 127.0.0.1/40109] INFO  server.RaftServerConfigKeys (ConfUtils.java:logGet(44)) - raft.server.storage.dir = [/github/workspace/mnt/ozone/hadoop-ozone/integration-test/target/test-dir/MiniOzoneClusterImpl-d98e4c18-9a08-44b7-83b8-49402f47e02b/datanode-6/data/ratis] (custom)
2020-07-22 13:35:41,423 [Listener at 127.0.0.1/40109] INFO  http.BaseHttpServer (BaseHttpServer.java:newHttpServer2BuilderForOzone(207)) - Starting Web-server for hddsDatanode at: http://0.0.0.0:0
2020-07-22 13:35:41,423 [Listener at 127.0.0.1/40109] INFO  http.BaseHttpServer (BaseHttpServer.java:<init>(106)) - Hadoop Security Enabled: false Ozone Security Enabled: false Ozone HTTP Security Enabled: false 
2020-07-22 13:35:41,424 [Listener at 127.0.0.1/40109] INFO  server.AuthenticationFilter (AuthenticationFilter.java:constructSecretProvider(240)) - Unable to initialize FileSignerSecretProvider, falling back to use random secrets.
2020-07-22 13:35:41,424 [Listener at 127.0.0.1/40109] WARN  http.HttpRequestLog (HttpRequestLog.java:getRequestLog(103)) - Jetty request log can only be enabled using Log4j
2020-07-22 13:35:41,424 [Listener at 127.0.0.1/40109] INFO  http.HttpServer2 (HttpServer2.java:addGlobalFilter(998)) - Added global filter 'safety' (class=org.apache.hadoop.hdds.server.http.HttpServer2$QuotingInputFilter)
2020-07-22 13:35:41,425 [Listener at 127.0.0.1/40109] INFO  http.HttpServer2 (HttpServer2.java:addFilter(974)) - Added filter static_user_filter (class=org.apache.hadoop.http.lib.StaticUserWebFilter$StaticUserFilter) to context hddsDatanode
2020-07-22 13:35:41,425 [Listener at 127.0.0.1/40109] INFO  http.HttpServer2 (HttpServer2.java:addFilter(982)) - Added filter static_user_filter (class=org.apache.hadoop.http.lib.StaticUserWebFilter$StaticUserFilter) to context static
2020-07-22 13:35:41,425 [Listener at 127.0.0.1/40109] INFO  http.HttpServer2 (HttpServer2.java:addFilter(982)) - Added filter static_user_filter (class=org.apache.hadoop.http.lib.StaticUserWebFilter$StaticUserFilter) to context logs
2020-07-22 13:35:41,425 [Listener at 127.0.0.1/40109] INFO  http.HttpServer2 (HttpServer2.java:bindListener(1216)) - Jetty bound to port 34869
2020-07-22 13:35:41,426 [Listener at 127.0.0.1/40109] INFO  server.Server (Server.java:doStart(359)) - jetty-9.4.26.v20200117; built: 2020-01-17T12:35:33.676Z; git: 7b38981d25d14afb4a12ff1f2596756144edf695; jvm 1.8.0_232-b09
2020-07-22 13:35:41,427 [Listener at 127.0.0.1/40109] INFO  server.session (DefaultSessionIdManager.java:doStart(333)) - DefaultSessionIdManager workerName=node0
2020-07-22 13:35:41,427 [Listener at 127.0.0.1/40109] INFO  server.session (DefaultSessionIdManager.java:doStart(338)) - No SessionScavenger set, using defaults
2020-07-22 13:35:41,427 [Listener at 127.0.0.1/40109] INFO  server.session (HouseKeeper.java:startScavenging(140)) - node0 Scavenging every 600000ms
2020-07-22 13:35:41,428 [Listener at 127.0.0.1/40109] INFO  handler.ContextHandler (ContextHandler.java:doStart(825)) - Started o.e.j.s.ServletContextHandler@18b9acd1{logs,/logs,file:///github/workspace/mnt/ozone/hadoop-ozone/integration-test/target/log,AVAILABLE}
2020-07-22 13:35:41,428 [Listener at 127.0.0.1/40109] INFO  handler.ContextHandler (ContextHandler.java:doStart(825)) - Started o.e.j.s.ServletContextHandler@2a59034e{static,/static,jar:file:/home/user/.m2/repository/org/apache/hadoop/hadoop-hdds-container-service/0.6.0-SNAPSHOT/hadoop-hdds-container-service-0.6.0-SNAPSHOT.jar!/webapps/static,AVAILABLE}
2020-07-22 13:35:41,498 [Listener at 127.0.0.1/40109] INFO  handler.ContextHandler (ContextHandler.java:doStart(825)) - Started o.e.j.w.WebAppContext@217ed737{hddsDatanode,/,file:///tmp/jetty-0_0_0_0-34869-hadoop-hdds-container-service-0_6_0-SNAPSHOT_jar-_-any-5532664998082669693.dir/webapp/,AVAILABLE}{jar:file:/home/user/.m2/repository/org/apache/hadoop/hadoop-hdds-container-service/0.6.0-SNAPSHOT/hadoop-hdds-container-service-0.6.0-SNAPSHOT.jar!/webapps/hddsDatanode}
2020-07-22 13:35:41,500 [Listener at 127.0.0.1/40109] INFO  server.AbstractConnector (AbstractConnector.java:doStart(330)) - Started ServerConnector@17eac1b5{HTTP/1.1,[http/1.1]}{0.0.0.0:34869}
2020-07-22 13:35:41,500 [Listener at 127.0.0.1/40109] INFO  server.Server (Server.java:doStart(399)) - Started @138141ms
2020-07-22 13:35:41,500 [Listener at 127.0.0.1/40109] WARN  impl.MetricsSystemImpl (MetricsSystemImpl.java:register(276)) - Sink prometheus already exists!
2020-07-22 13:35:41,505 [Listener at 127.0.0.1/40109] INFO  http.BaseHttpServer (BaseHttpServer.java:updateConnectorAddress(327)) - HTTP server of hddsDatanode listening at http://0.0.0.0:34869
2020-07-22 13:35:41,506 [Listener at 127.0.0.1/40109] INFO  impl.MetricsSystemImpl (MetricsSystemImpl.java:init(158)) - HddsDatanode metrics system started (again)
2020-07-22 13:35:41,508 [Listener at 127.0.0.1/40109] INFO  ozone.HddsDatanodeService (HddsDatanodeService.java:start(217)) - HddsDatanodeService host:95ae26560d66 ip:172.17.0.2
2020-07-22 13:35:41,509 [org.apache.hadoop.util.JvmPauseMonitor$Monitor@2905ee90] INFO  util.JvmPauseMonitor (JvmPauseMonitor.java:run(188)) - Starting JVM pause monitor
2020-07-22 13:35:41,509 [Listener at 127.0.0.1/40109] INFO  volume.HddsVolume (HddsVolume.java:<init>(176)) - Creating Volume: /github/workspace/mnt/ozone/hadoop-ozone/integration-test/target/test-dir/MiniOzoneClusterImpl-d98e4c18-9a08-44b7-83b8-49402f47e02b/datanode-7/data-0/containers/hdds of storage type : DISK and capacity : 9223372036854775807
2020-07-22 13:35:41,509 [Listener at 127.0.0.1/40109] INFO  volume.MutableVolumeSet (MutableVolumeSet.java:initializeVolumeSet(179)) - Added Volume : /github/workspace/mnt/ozone/hadoop-ozone/integration-test/target/test-dir/MiniOzoneClusterImpl-d98e4c18-9a08-44b7-83b8-49402f47e02b/datanode-7/data-0/containers/hdds to VolumeSet
2020-07-22 13:35:41,509 [Listener at 127.0.0.1/40109] INFO  volume.ThrottledAsyncChecker (ThrottledAsyncChecker.java:schedule(141)) - Scheduling a check for /github/workspace/mnt/ozone/hadoop-ozone/integration-test/target/test-dir/MiniOzoneClusterImpl-d98e4c18-9a08-44b7-83b8-49402f47e02b/datanode-7/data-0/containers/hdds
2020-07-22 13:35:41,509 [Datanode State Machine Thread - 0] INFO  datanode.InitDatanodeState (InitDatanodeState.java:persistContainerDatanodeDetails(145)) - DatanodeDetails is persisted to /github/workspace/mnt/ozone/hadoop-ozone/integration-test/target/test-dir/MiniOzoneClusterImpl-d98e4c18-9a08-44b7-83b8-49402f47e02b/datanode-6/meta/datanode.id
2020-07-22 13:35:41,510 [Listener at 127.0.0.1/40109] INFO  volume.HddsVolumeChecker (HddsVolumeChecker.java:checkAllVolumes(200)) - Scheduled health check for volume /github/workspace/mnt/ozone/hadoop-ozone/integration-test/target/test-dir/MiniOzoneClusterImpl-d98e4c18-9a08-44b7-83b8-49402f47e02b/datanode-7/data-0/containers/hdds
2020-07-22 13:35:41,523 [Thread-1222] INFO  ozoneimpl.ContainerReader (ContainerReader.java:readVolume(123)) - Start to verify containers on volume /github/workspace/mnt/ozone/hadoop-ozone/integration-test/target/test-dir/MiniOzoneClusterImpl-d98e4c18-9a08-44b7-83b8-49402f47e02b/datanode-7/data-0/containers/hdds
2020-07-22 13:35:41,523 [Thread-1222] INFO  ozoneimpl.ContainerReader (ContainerReader.java:readVolume(148)) - Finish verifying containers on volume /github/workspace/mnt/ozone/hadoop-ozone/integration-test/target/test-dir/MiniOzoneClusterImpl-d98e4c18-9a08-44b7-83b8-49402f47e02b/datanode-7/data-0/containers/hdds
2020-07-22 13:35:41,523 [Listener at 127.0.0.1/40109] INFO  ozoneimpl.OzoneContainer (OzoneContainer.java:buildContainerSet(187)) - Build ContainerSet costs 0s
2020-07-22 13:35:41,524 [Listener at 127.0.0.1/40109] INFO  impl.RaftServerProxy (ConfUtils.java:logGet(44)) - raft.rpc.type = GRPC (default)
2020-07-22 13:35:41,524 [Listener at 127.0.0.1/40109] INFO  grpc.GrpcFactory (GrpcFactory.java:checkPooledByteBufAllocatorUseCacheForAllThreads(45)) - PERFORMANCE WARNING: useCacheForAllThreads is true that may cause Netty to create a lot garbage objects and, as a result, trigger GC.
	It is recommended to disable useCacheForAllThreads by setting -Dorg.apache.ratis.thirdparty.io.netty.allocator.useCacheForAllThreads=false in command line.
2020-07-22 13:35:41,524 [Listener at 127.0.0.1/40109] INFO  grpc.GrpcConfigKeys (ConfUtils.java:logGet(44)) - raft.grpc.server.port = 0 (default)
2020-07-22 13:35:41,525 [Listener at 127.0.0.1/40109] INFO  server.GrpcService (ConfUtils.java:logGet(44)) - raft.grpc.message.size.max = 32MB (=33554432) (custom)
2020-07-22 13:35:41,525 [Listener at 127.0.0.1/40109] INFO  server.RaftServerConfigKeys (ConfUtils.java:logGet(44)) - raft.server.log.appender.buffer.byte-limit = 33554432 (custom)
2020-07-22 13:35:41,525 [Listener at 127.0.0.1/40109] INFO  server.GrpcService (ConfUtils.java:logGet(44)) - raft.grpc.flow.control.window = 5MB (=5242880) (custom)
2020-07-22 13:35:41,525 [Listener at 127.0.0.1/40109] INFO  server.RaftServerConfigKeys (ConfUtils.java:logGet(44)) - raft.server.rpc.request.timeout = 3000ms (default)
2020-07-22 13:35:41,526 [Listener at 127.0.0.1/40109] INFO  server.RaftServerConfigKeys (ConfUtils.java:logGet(44)) - raft.server.storage.dir = [/github/workspace/mnt/ozone/hadoop-ozone/integration-test/target/test-dir/MiniOzoneClusterImpl-d98e4c18-9a08-44b7-83b8-49402f47e02b/datanode-7/data/ratis] (custom)
2020-07-22 13:35:41,534 [Listener at 127.0.0.1/40109] INFO  http.BaseHttpServer (BaseHttpServer.java:newHttpServer2BuilderForOzone(207)) - Starting Web-server for hddsDatanode at: http://0.0.0.0:0
2020-07-22 13:35:41,534 [Listener at 127.0.0.1/40109] INFO  http.BaseHttpServer (BaseHttpServer.java:<init>(106)) - Hadoop Security Enabled: false Ozone Security Enabled: false Ozone HTTP Security Enabled: false 
2020-07-22 13:35:41,535 [Listener at 127.0.0.1/40109] INFO  server.AuthenticationFilter (AuthenticationFilter.java:constructSecretProvider(240)) - Unable to initialize FileSignerSecretProvider, falling back to use random secrets.
2020-07-22 13:35:41,536 [Listener at 127.0.0.1/40109] WARN  http.HttpRequestLog (HttpRequestLog.java:getRequestLog(103)) - Jetty request log can only be enabled using Log4j
2020-07-22 13:35:41,536 [Listener at 127.0.0.1/40109] INFO  http.HttpServer2 (HttpServer2.java:addGlobalFilter(998)) - Added global filter 'safety' (class=org.apache.hadoop.hdds.server.http.HttpServer2$QuotingInputFilter)
2020-07-22 13:35:41,537 [Listener at 127.0.0.1/40109] INFO  http.HttpServer2 (HttpServer2.java:addFilter(974)) - Added filter static_user_filter (class=org.apache.hadoop.http.lib.StaticUserWebFilter$StaticUserFilter) to context hddsDatanode
2020-07-22 13:35:41,537 [Listener at 127.0.0.1/40109] INFO  http.HttpServer2 (HttpServer2.java:addFilter(982)) - Added filter static_user_filter (class=org.apache.hadoop.http.lib.StaticUserWebFilter$StaticUserFilter) to context logs
2020-07-22 13:35:41,537 [Listener at 127.0.0.1/40109] INFO  http.HttpServer2 (HttpServer2.java:addFilter(982)) - Added filter static_user_filter (class=org.apache.hadoop.http.lib.StaticUserWebFilter$StaticUserFilter) to context static
2020-07-22 13:35:41,538 [Listener at 127.0.0.1/40109] INFO  http.HttpServer2 (HttpServer2.java:bindListener(1216)) - Jetty bound to port 36347
2020-07-22 13:35:41,538 [Listener at 127.0.0.1/40109] INFO  server.Server (Server.java:doStart(359)) - jetty-9.4.26.v20200117; built: 2020-01-17T12:35:33.676Z; git: 7b38981d25d14afb4a12ff1f2596756144edf695; jvm 1.8.0_232-b09
2020-07-22 13:35:41,540 [Listener at 127.0.0.1/40109] INFO  server.session (DefaultSessionIdManager.java:doStart(333)) - DefaultSessionIdManager workerName=node0
2020-07-22 13:35:41,540 [Listener at 127.0.0.1/40109] INFO  server.session (DefaultSessionIdManager.java:doStart(338)) - No SessionScavenger set, using defaults
2020-07-22 13:35:41,540 [Listener at 127.0.0.1/40109] INFO  server.session (HouseKeeper.java:startScavenging(140)) - node0 Scavenging every 660000ms
2020-07-22 13:35:41,541 [Listener at 127.0.0.1/40109] INFO  handler.ContextHandler (ContextHandler.java:doStart(825)) - Started o.e.j.s.ServletContextHandler@5e9affdc{logs,/logs,file:///github/workspace/mnt/ozone/hadoop-ozone/integration-test/target/log,AVAILABLE}
2020-07-22 13:35:41,541 [Listener at 127.0.0.1/40109] INFO  handler.ContextHandler (ContextHandler.java:doStart(825)) - Started o.e.j.s.ServletContextHandler@3220ea38{static,/static,jar:file:/home/user/.m2/repository/org/apache/hadoop/hadoop-hdds-container-service/0.6.0-SNAPSHOT/hadoop-hdds-container-service-0.6.0-SNAPSHOT.jar!/webapps/static,AVAILABLE}
2020-07-22 13:35:41,613 [Listener at 127.0.0.1/40109] INFO  handler.ContextHandler (ContextHandler.java:doStart(825)) - Started o.e.j.w.WebAppContext@151fce03{hddsDatanode,/,file:///tmp/jetty-0_0_0_0-36347-hadoop-hdds-container-service-0_6_0-SNAPSHOT_jar-_-any-1602978620616824283.dir/webapp/,AVAILABLE}{jar:file:/home/user/.m2/repository/org/apache/hadoop/hadoop-hdds-container-service/0.6.0-SNAPSHOT/hadoop-hdds-container-service-0.6.0-SNAPSHOT.jar!/webapps/hddsDatanode}
2020-07-22 13:35:41,614 [Listener at 127.0.0.1/40109] INFO  server.AbstractConnector (AbstractConnector.java:doStart(330)) - Started ServerConnector@4f880f4a{HTTP/1.1,[http/1.1]}{0.0.0.0:36347}
2020-07-22 13:35:41,614 [Listener at 127.0.0.1/40109] INFO  server.Server (Server.java:doStart(399)) - Started @138256ms
2020-07-22 13:35:41,614 [Listener at 127.0.0.1/40109] WARN  impl.MetricsSystemImpl (MetricsSystemImpl.java:register(276)) - Sink prometheus already exists!
2020-07-22 13:35:41,617 [Listener at 127.0.0.1/40109] INFO  http.BaseHttpServer (BaseHttpServer.java:updateConnectorAddress(327)) - HTTP server of hddsDatanode listening at http://0.0.0.0:36347
2020-07-22 13:35:41,617 [Listener at 127.0.0.1/40109] INFO  impl.MetricsSystemImpl (MetricsSystemImpl.java:init(158)) - HddsDatanode metrics system started (again)
2020-07-22 13:35:41,619 [Listener at 127.0.0.1/40109] INFO  ozone.HddsDatanodeService (HddsDatanodeService.java:start(217)) - HddsDatanodeService host:95ae26560d66 ip:172.17.0.2
2020-07-22 13:35:41,620 [Listener at 127.0.0.1/40109] INFO  volume.HddsVolume (HddsVolume.java:<init>(176)) - Creating Volume: /github/workspace/mnt/ozone/hadoop-ozone/integration-test/target/test-dir/MiniOzoneClusterImpl-d98e4c18-9a08-44b7-83b8-49402f47e02b/datanode-8/data-0/containers/hdds of storage type : DISK and capacity : 9223372036854775807
2020-07-22 13:35:41,620 [Listener at 127.0.0.1/40109] INFO  volume.MutableVolumeSet (MutableVolumeSet.java:initializeVolumeSet(179)) - Added Volume : /github/workspace/mnt/ozone/hadoop-ozone/integration-test/target/test-dir/MiniOzoneClusterImpl-d98e4c18-9a08-44b7-83b8-49402f47e02b/datanode-8/data-0/containers/hdds to VolumeSet
2020-07-22 13:35:41,620 [Listener at 127.0.0.1/40109] INFO  volume.ThrottledAsyncChecker (ThrottledAsyncChecker.java:schedule(141)) - Scheduling a check for /github/workspace/mnt/ozone/hadoop-ozone/integration-test/target/test-dir/MiniOzoneClusterImpl-d98e4c18-9a08-44b7-83b8-49402f47e02b/datanode-8/data-0/containers/hdds
2020-07-22 13:35:41,621 [Listener at 127.0.0.1/40109] INFO  volume.HddsVolumeChecker (HddsVolumeChecker.java:checkAllVolumes(200)) - Scheduled health check for volume /github/workspace/mnt/ozone/hadoop-ozone/integration-test/target/test-dir/MiniOzoneClusterImpl-d98e4c18-9a08-44b7-83b8-49402f47e02b/datanode-8/data-0/containers/hdds
2020-07-22 13:35:41,633 [org.apache.hadoop.util.JvmPauseMonitor$Monitor@613b5cb] INFO  util.JvmPauseMonitor (JvmPauseMonitor.java:run(188)) - Starting JVM pause monitor
2020-07-22 13:35:41,633 [Thread-1233] INFO  ozoneimpl.ContainerReader (ContainerReader.java:readVolume(123)) - Start to verify containers on volume /github/workspace/mnt/ozone/hadoop-ozone/integration-test/target/test-dir/MiniOzoneClusterImpl-d98e4c18-9a08-44b7-83b8-49402f47e02b/datanode-8/data-0/containers/hdds
2020-07-22 13:35:41,634 [Thread-1233] INFO  ozoneimpl.ContainerReader (ContainerReader.java:readVolume(148)) - Finish verifying containers on volume /github/workspace/mnt/ozone/hadoop-ozone/integration-test/target/test-dir/MiniOzoneClusterImpl-d98e4c18-9a08-44b7-83b8-49402f47e02b/datanode-8/data-0/containers/hdds
2020-07-22 13:35:41,634 [Listener at 127.0.0.1/40109] INFO  ozoneimpl.OzoneContainer (OzoneContainer.java:buildContainerSet(187)) - Build ContainerSet costs 0s
2020-07-22 13:35:41,635 [Listener at 127.0.0.1/40109] INFO  impl.RaftServerProxy (ConfUtils.java:logGet(44)) - raft.rpc.type = GRPC (default)
2020-07-22 13:35:41,635 [Listener at 127.0.0.1/40109] INFO  grpc.GrpcFactory (GrpcFactory.java:checkPooledByteBufAllocatorUseCacheForAllThreads(45)) - PERFORMANCE WARNING: useCacheForAllThreads is true that may cause Netty to create a lot garbage objects and, as a result, trigger GC.
	It is recommended to disable useCacheForAllThreads by setting -Dorg.apache.ratis.thirdparty.io.netty.allocator.useCacheForAllThreads=false in command line.
2020-07-22 13:35:41,635 [Listener at 127.0.0.1/40109] INFO  grpc.GrpcConfigKeys (ConfUtils.java:logGet(44)) - raft.grpc.server.port = 0 (default)
2020-07-22 13:35:41,635 [Listener at 127.0.0.1/40109] INFO  server.GrpcService (ConfUtils.java:logGet(44)) - raft.grpc.message.size.max = 32MB (=33554432) (custom)
2020-07-22 13:35:41,636 [Listener at 127.0.0.1/40109] INFO  server.RaftServerConfigKeys (ConfUtils.java:logGet(44)) - raft.server.log.appender.buffer.byte-limit = 33554432 (custom)
2020-07-22 13:35:41,636 [Listener at 127.0.0.1/40109] INFO  server.GrpcService (ConfUtils.java:logGet(44)) - raft.grpc.flow.control.window = 5MB (=5242880) (custom)
2020-07-22 13:35:41,636 [Listener at 127.0.0.1/40109] INFO  server.RaftServerConfigKeys (ConfUtils.java:logGet(44)) - raft.server.rpc.request.timeout = 3000ms (default)
2020-07-22 13:35:41,637 [Listener at 127.0.0.1/40109] INFO  server.RaftServerConfigKeys (ConfUtils.java:logGet(44)) - raft.server.storage.dir = [/github/workspace/mnt/ozone/hadoop-ozone/integration-test/target/test-dir/MiniOzoneClusterImpl-d98e4c18-9a08-44b7-83b8-49402f47e02b/datanode-8/data/ratis] (custom)
2020-07-22 13:35:41,638 [Datanode State Machine Thread - 0] INFO  datanode.InitDatanodeState (InitDatanodeState.java:persistContainerDatanodeDetails(145)) - DatanodeDetails is persisted to /github/workspace/mnt/ozone/hadoop-ozone/integration-test/target/test-dir/MiniOzoneClusterImpl-d98e4c18-9a08-44b7-83b8-49402f47e02b/datanode-7/meta/datanode.id
2020-07-22 13:35:41,654 [Listener at 127.0.0.1/40109] INFO  http.BaseHttpServer (BaseHttpServer.java:newHttpServer2BuilderForOzone(207)) - Starting Web-server for hddsDatanode at: http://0.0.0.0:0
2020-07-22 13:35:41,654 [Listener at 127.0.0.1/40109] INFO  http.BaseHttpServer (BaseHttpServer.java:<init>(106)) - Hadoop Security Enabled: false Ozone Security Enabled: false Ozone HTTP Security Enabled: false 
2020-07-22 13:35:41,655 [Listener at 127.0.0.1/40109] INFO  server.AuthenticationFilter (AuthenticationFilter.java:constructSecretProvider(240)) - Unable to initialize FileSignerSecretProvider, falling back to use random secrets.
2020-07-22 13:35:41,655 [Listener at 127.0.0.1/40109] WARN  http.HttpRequestLog (HttpRequestLog.java:getRequestLog(103)) - Jetty request log can only be enabled using Log4j
2020-07-22 13:35:41,656 [Listener at 127.0.0.1/40109] INFO  http.HttpServer2 (HttpServer2.java:addGlobalFilter(998)) - Added global filter 'safety' (class=org.apache.hadoop.hdds.server.http.HttpServer2$QuotingInputFilter)
2020-07-22 13:35:41,656 [Listener at 127.0.0.1/40109] INFO  http.HttpServer2 (HttpServer2.java:addFilter(974)) - Added filter static_user_filter (class=org.apache.hadoop.http.lib.StaticUserWebFilter$StaticUserFilter) to context hddsDatanode
2020-07-22 13:35:41,657 [Listener at 127.0.0.1/40109] INFO  http.HttpServer2 (HttpServer2.java:addFilter(982)) - Added filter static_user_filter (class=org.apache.hadoop.http.lib.StaticUserWebFilter$StaticUserFilter) to context logs
2020-07-22 13:35:41,657 [Listener at 127.0.0.1/40109] INFO  http.HttpServer2 (HttpServer2.java:addFilter(982)) - Added filter static_user_filter (class=org.apache.hadoop.http.lib.StaticUserWebFilter$StaticUserFilter) to context static
2020-07-22 13:35:41,657 [Listener at 127.0.0.1/40109] INFO  http.HttpServer2 (HttpServer2.java:bindListener(1216)) - Jetty bound to port 34769
2020-07-22 13:35:41,657 [Listener at 127.0.0.1/40109] INFO  server.Server (Server.java:doStart(359)) - jetty-9.4.26.v20200117; built: 2020-01-17T12:35:33.676Z; git: 7b38981d25d14afb4a12ff1f2596756144edf695; jvm 1.8.0_232-b09
2020-07-22 13:35:41,659 [Listener at 127.0.0.1/40109] INFO  server.session (DefaultSessionIdManager.java:doStart(333)) - DefaultSessionIdManager workerName=node0
2020-07-22 13:35:41,660 [Listener at 127.0.0.1/40109] INFO  server.session (DefaultSessionIdManager.java:doStart(338)) - No SessionScavenger set, using defaults
2020-07-22 13:35:41,660 [Listener at 127.0.0.1/40109] INFO  server.session (HouseKeeper.java:startScavenging(140)) - node0 Scavenging every 660000ms
2020-07-22 13:35:41,660 [Listener at 127.0.0.1/40109] INFO  handler.ContextHandler (ContextHandler.java:doStart(825)) - Started o.e.j.s.ServletContextHandler@7c8ae2c6{logs,/logs,file:///github/workspace/mnt/ozone/hadoop-ozone/integration-test/target/log,AVAILABLE}
2020-07-22 13:35:41,661 [Listener at 127.0.0.1/40109] INFO  handler.ContextHandler (ContextHandler.java:doStart(825)) - Started o.e.j.s.ServletContextHandler@7224ab89{static,/static,jar:file:/home/user/.m2/repository/org/apache/hadoop/hadoop-hdds-container-service/0.6.0-SNAPSHOT/hadoop-hdds-container-service-0.6.0-SNAPSHOT.jar!/webapps/static,AVAILABLE}
2020-07-22 13:35:41,732 [Listener at 127.0.0.1/40109] INFO  handler.ContextHandler (ContextHandler.java:doStart(825)) - Started o.e.j.w.WebAppContext@42343f6d{hddsDatanode,/,file:///tmp/jetty-0_0_0_0-34769-hadoop-hdds-container-service-0_6_0-SNAPSHOT_jar-_-any-3171279867996775672.dir/webapp/,AVAILABLE}{jar:file:/home/user/.m2/repository/org/apache/hadoop/hadoop-hdds-container-service/0.6.0-SNAPSHOT/hadoop-hdds-container-service-0.6.0-SNAPSHOT.jar!/webapps/hddsDatanode}
2020-07-22 13:35:41,734 [Listener at 127.0.0.1/40109] INFO  server.AbstractConnector (AbstractConnector.java:doStart(330)) - Started ServerConnector@2fc578cf{HTTP/1.1,[http/1.1]}{0.0.0.0:34769}
2020-07-22 13:35:41,734 [Listener at 127.0.0.1/40109] INFO  server.Server (Server.java:doStart(399)) - Started @138376ms
2020-07-22 13:35:41,734 [Listener at 127.0.0.1/40109] WARN  impl.MetricsSystemImpl (MetricsSystemImpl.java:register(276)) - Sink prometheus already exists!
2020-07-22 13:35:41,737 [Listener at 127.0.0.1/40109] INFO  http.BaseHttpServer (BaseHttpServer.java:updateConnectorAddress(327)) - HTTP server of hddsDatanode listening at http://0.0.0.0:34769
2020-07-22 13:35:41,737 [Listener at 127.0.0.1/40109] INFO  ozone.MiniOzoneClusterImpl (MiniOzoneClusterImpl.java:lambda$waitForClusterToBeReady$0(177)) - Waiting for nodes to be ready. Got 0 of 9 DN Heartbeats.
2020-07-22 13:35:41,737 [Listener at 127.0.0.1/40109] INFO  ozone.MiniOzoneClusterImpl (MiniOzoneClusterImpl.java:lambda$waitForClusterToBeReady$0(180)) - Waiting for cluster to exit safe mode
2020-07-22 13:35:41,743 [org.apache.hadoop.util.JvmPauseMonitor$Monitor@51751826] INFO  util.JvmPauseMonitor (JvmPauseMonitor.java:run(188)) - Starting JVM pause monitor
2020-07-22 13:35:41,744 [Datanode State Machine Thread - 0] INFO  datanode.InitDatanodeState (InitDatanodeState.java:persistContainerDatanodeDetails(145)) - DatanodeDetails is persisted to /github/workspace/mnt/ozone/hadoop-ozone/integration-test/target/test-dir/MiniOzoneClusterImpl-d98e4c18-9a08-44b7-83b8-49402f47e02b/datanode-8/meta/datanode.id
2020-07-22 13:35:42,738 [Listener at 127.0.0.1/40109] INFO  ozone.MiniOzoneClusterImpl (MiniOzoneClusterImpl.java:lambda$waitForClusterToBeReady$0(177)) - Waiting for nodes to be ready. Got 0 of 9 DN Heartbeats.
2020-07-22 13:35:42,738 [Listener at 127.0.0.1/40109] INFO  ozone.MiniOzoneClusterImpl (MiniOzoneClusterImpl.java:lambda$waitForClusterToBeReady$0(180)) - Waiting for cluster to exit safe mode
2020-07-22 13:35:42,845 [Datanode State Machine Thread - 0] INFO  ozoneimpl.OzoneContainer (OzoneContainer.java:start(236)) - Attempting to start container services.
2020-07-22 13:35:42,846 [Datanode State Machine Thread - 0] INFO  ozoneimpl.OzoneContainer (OzoneContainer.java:startContainerScrub(200)) - Background container scanner has been disabled.
2020-07-22 13:35:42,846 [Datanode State Machine Thread - 0] INFO  ratis.XceiverServerRatis (XceiverServerRatis.java:start(438)) - Starting XceiverServerRatis 533bc4e3-485c-4c45-abfa-e25747e2fc79 at port 0
2020-07-22 13:35:42,846 [Datanode State Machine Thread - 0] INFO  impl.RaftServerProxy (RaftServerProxy.java:lambda$start$3(304)) - 533bc4e3-485c-4c45-abfa-e25747e2fc79: start RPC server
2020-07-22 13:35:42,847 [Datanode State Machine Thread - 0] INFO  server.GrpcService (GrpcService.java:startImpl(160)) - 533bc4e3-485c-4c45-abfa-e25747e2fc79: GrpcService started, listening on 0.0.0.0/0.0.0.0:41681
2020-07-22 13:35:42,847 [Datanode State Machine Thread - 0] INFO  ratis.XceiverServerRatis (XceiverServerRatis.java:start(450)) - XceiverServerRatis 533bc4e3-485c-4c45-abfa-e25747e2fc79 is started using port 41681
2020-07-22 13:35:42,848 [Datanode State Machine Thread - 0] INFO  server.XceiverServerGrpc (XceiverServerGrpc.java:start(145)) - XceiverServerGrpc 533bc4e3-485c-4c45-abfa-e25747e2fc79 is started using port 46589
2020-07-22 13:35:42,934 [Datanode State Machine Thread - 0] INFO  ozoneimpl.OzoneContainer (OzoneContainer.java:start(236)) - Attempting to start container services.
2020-07-22 13:35:42,935 [Datanode State Machine Thread - 0] INFO  ozoneimpl.OzoneContainer (OzoneContainer.java:startContainerScrub(200)) - Background container scanner has been disabled.
2020-07-22 13:35:42,935 [Datanode State Machine Thread - 0] INFO  ratis.XceiverServerRatis (XceiverServerRatis.java:start(438)) - Starting XceiverServerRatis 8d5d3460-f504-40b5-aaaf-08a8f79d520e at port 0
2020-07-22 13:35:42,935 [Datanode State Machine Thread - 0] INFO  impl.RaftServerProxy (RaftServerProxy.java:lambda$start$3(304)) - 8d5d3460-f504-40b5-aaaf-08a8f79d520e: start RPC server
2020-07-22 13:35:42,938 [Datanode State Machine Thread - 0] INFO  server.GrpcService (GrpcService.java:startImpl(160)) - 8d5d3460-f504-40b5-aaaf-08a8f79d520e: GrpcService started, listening on 0.0.0.0/0.0.0.0:46575
2020-07-22 13:35:42,939 [Datanode State Machine Thread - 0] INFO  ratis.XceiverServerRatis (XceiverServerRatis.java:start(450)) - XceiverServerRatis 8d5d3460-f504-40b5-aaaf-08a8f79d520e is started using port 46575
2020-07-22 13:35:42,939 [Datanode State Machine Thread - 0] INFO  server.XceiverServerGrpc (XceiverServerGrpc.java:start(145)) - XceiverServerGrpc 8d5d3460-f504-40b5-aaaf-08a8f79d520e is started using port 39203
2020-07-22 13:35:43,048 [Datanode State Machine Thread - 0] INFO  ozoneimpl.OzoneContainer (OzoneContainer.java:start(236)) - Attempting to start container services.
2020-07-22 13:35:43,049 [Datanode State Machine Thread - 0] INFO  ozoneimpl.OzoneContainer (OzoneContainer.java:startContainerScrub(200)) - Background container scanner has been disabled.
2020-07-22 13:35:43,049 [Datanode State Machine Thread - 0] INFO  ratis.XceiverServerRatis (XceiverServerRatis.java:start(438)) - Starting XceiverServerRatis bf4a83d9-7bab-4b6f-8392-1b3160a0da61 at port 0
2020-07-22 13:35:43,050 [Datanode State Machine Thread - 0] INFO  impl.RaftServerProxy (RaftServerProxy.java:lambda$start$3(304)) - bf4a83d9-7bab-4b6f-8392-1b3160a0da61: start RPC server
2020-07-22 13:35:43,050 [Datanode State Machine Thread - 0] INFO  server.GrpcService (GrpcService.java:startImpl(160)) - bf4a83d9-7bab-4b6f-8392-1b3160a0da61: GrpcService started, listening on 0.0.0.0/0.0.0.0:41481
2020-07-22 13:35:43,051 [Datanode State Machine Thread - 0] INFO  ratis.XceiverServerRatis (XceiverServerRatis.java:start(450)) - XceiverServerRatis bf4a83d9-7bab-4b6f-8392-1b3160a0da61 is started using port 41481
2020-07-22 13:35:43,051 [Datanode State Machine Thread - 0] INFO  server.XceiverServerGrpc (XceiverServerGrpc.java:start(145)) - XceiverServerGrpc bf4a83d9-7bab-4b6f-8392-1b3160a0da61 is started using port 43705
2020-07-22 13:35:43,180 [Datanode State Machine Thread - 0] INFO  ozoneimpl.OzoneContainer (OzoneContainer.java:start(236)) - Attempting to start container services.
2020-07-22 13:35:43,180 [Datanode State Machine Thread - 0] INFO  ozoneimpl.OzoneContainer (OzoneContainer.java:startContainerScrub(200)) - Background container scanner has been disabled.
2020-07-22 13:35:43,180 [Datanode State Machine Thread - 0] INFO  ratis.XceiverServerRatis (XceiverServerRatis.java:start(438)) - Starting XceiverServerRatis d6d1ac88-c565-49dc-b661-e5233392d177 at port 0
2020-07-22 13:35:43,184 [Datanode State Machine Thread - 0] INFO  impl.RaftServerProxy (RaftServerProxy.java:lambda$start$3(304)) - d6d1ac88-c565-49dc-b661-e5233392d177: start RPC server
2020-07-22 13:35:43,184 [Datanode State Machine Thread - 0] INFO  server.GrpcService (GrpcService.java:startImpl(160)) - d6d1ac88-c565-49dc-b661-e5233392d177: GrpcService started, listening on 0.0.0.0/0.0.0.0:38993
2020-07-22 13:35:43,184 [Datanode State Machine Thread - 0] INFO  ratis.XceiverServerRatis (XceiverServerRatis.java:start(450)) - XceiverServerRatis d6d1ac88-c565-49dc-b661-e5233392d177 is started using port 38993
2020-07-22 13:35:43,185 [Datanode State Machine Thread - 0] INFO  server.XceiverServerGrpc (XceiverServerGrpc.java:start(145)) - XceiverServerGrpc d6d1ac88-c565-49dc-b661-e5233392d177 is started using port 34735
2020-07-22 13:35:43,293 [Datanode State Machine Thread - 0] INFO  ozoneimpl.OzoneContainer (OzoneContainer.java:start(236)) - Attempting to start container services.
2020-07-22 13:35:43,294 [Datanode State Machine Thread - 0] INFO  ozoneimpl.OzoneContainer (OzoneContainer.java:startContainerScrub(200)) - Background container scanner has been disabled.
2020-07-22 13:35:43,294 [Datanode State Machine Thread - 0] INFO  ratis.XceiverServerRatis (XceiverServerRatis.java:start(438)) - Starting XceiverServerRatis 71897167-da37-4e00-88cd-50d9bd9cf0b6 at port 0
2020-07-22 13:35:43,295 [Datanode State Machine Thread - 0] INFO  impl.RaftServerProxy (RaftServerProxy.java:lambda$start$3(304)) - 71897167-da37-4e00-88cd-50d9bd9cf0b6: start RPC server
2020-07-22 13:35:43,296 [Datanode State Machine Thread - 0] INFO  server.GrpcService (GrpcService.java:startImpl(160)) - 71897167-da37-4e00-88cd-50d9bd9cf0b6: GrpcService started, listening on 0.0.0.0/0.0.0.0:44019
2020-07-22 13:35:43,296 [Datanode State Machine Thread - 0] INFO  ratis.XceiverServerRatis (XceiverServerRatis.java:start(450)) - XceiverServerRatis 71897167-da37-4e00-88cd-50d9bd9cf0b6 is started using port 44019
2020-07-22 13:35:43,300 [Datanode State Machine Thread - 0] INFO  server.XceiverServerGrpc (XceiverServerGrpc.java:start(145)) - XceiverServerGrpc 71897167-da37-4e00-88cd-50d9bd9cf0b6 is started using port 35727
2020-07-22 13:35:43,401 [Datanode State Machine Thread - 0] INFO  ozoneimpl.OzoneContainer (OzoneContainer.java:start(236)) - Attempting to start container services.
2020-07-22 13:35:43,401 [Datanode State Machine Thread - 0] INFO  ozoneimpl.OzoneContainer (OzoneContainer.java:startContainerScrub(200)) - Background container scanner has been disabled.
2020-07-22 13:35:43,402 [Datanode State Machine Thread - 0] INFO  ratis.XceiverServerRatis (XceiverServerRatis.java:start(438)) - Starting XceiverServerRatis 7993133d-5733-489d-9cab-688682c47555 at port 0
2020-07-22 13:35:43,402 [Datanode State Machine Thread - 0] INFO  impl.RaftServerProxy (RaftServerProxy.java:lambda$start$3(304)) - 7993133d-5733-489d-9cab-688682c47555: start RPC server
2020-07-22 13:35:43,403 [Datanode State Machine Thread - 0] INFO  server.GrpcService (GrpcService.java:startImpl(160)) - 7993133d-5733-489d-9cab-688682c47555: GrpcService started, listening on 0.0.0.0/0.0.0.0:41635
2020-07-22 13:35:43,403 [Datanode State Machine Thread - 0] INFO  ratis.XceiverServerRatis (XceiverServerRatis.java:start(450)) - XceiverServerRatis 7993133d-5733-489d-9cab-688682c47555 is started using port 41635
2020-07-22 13:35:43,403 [Datanode State Machine Thread - 0] INFO  server.XceiverServerGrpc (XceiverServerGrpc.java:start(145)) - XceiverServerGrpc 7993133d-5733-489d-9cab-688682c47555 is started using port 33595
2020-07-22 13:35:43,509 [Datanode State Machine Thread - 0] INFO  ozoneimpl.OzoneContainer (OzoneContainer.java:start(236)) - Attempting to start container services.
2020-07-22 13:35:43,509 [Datanode State Machine Thread - 0] INFO  ozoneimpl.OzoneContainer (OzoneContainer.java:startContainerScrub(200)) - Background container scanner has been disabled.
2020-07-22 13:35:43,509 [Datanode State Machine Thread - 0] INFO  ratis.XceiverServerRatis (XceiverServerRatis.java:start(438)) - Starting XceiverServerRatis 893c9bf4-6f39-4cde-b2ed-0f295cdfb21b at port 0
2020-07-22 13:35:43,510 [Datanode State Machine Thread - 0] INFO  impl.RaftServerProxy (RaftServerProxy.java:lambda$start$3(304)) - 893c9bf4-6f39-4cde-b2ed-0f295cdfb21b: start RPC server
2020-07-22 13:35:43,511 [Datanode State Machine Thread - 0] INFO  server.GrpcService (GrpcService.java:startImpl(160)) - 893c9bf4-6f39-4cde-b2ed-0f295cdfb21b: GrpcService started, listening on 0.0.0.0/0.0.0.0:44721
2020-07-22 13:35:43,511 [Datanode State Machine Thread - 0] INFO  ratis.XceiverServerRatis (XceiverServerRatis.java:start(450)) - XceiverServerRatis 893c9bf4-6f39-4cde-b2ed-0f295cdfb21b is started using port 44721
2020-07-22 13:35:43,511 [Datanode State Machine Thread - 0] INFO  server.XceiverServerGrpc (XceiverServerGrpc.java:start(145)) - XceiverServerGrpc 893c9bf4-6f39-4cde-b2ed-0f295cdfb21b is started using port 38381
2020-07-22 13:35:43,635 [Datanode State Machine Thread - 0] INFO  ozoneimpl.OzoneContainer (OzoneContainer.java:start(236)) - Attempting to start container services.
2020-07-22 13:35:43,635 [Datanode State Machine Thread - 0] INFO  ozoneimpl.OzoneContainer (OzoneContainer.java:startContainerScrub(200)) - Background container scanner has been disabled.
2020-07-22 13:35:43,635 [Datanode State Machine Thread - 0] INFO  ratis.XceiverServerRatis (XceiverServerRatis.java:start(438)) - Starting XceiverServerRatis 8fc789e3-cfff-4768-8922-f2fbfdc764b4 at port 0
2020-07-22 13:35:43,636 [Datanode State Machine Thread - 0] INFO  impl.RaftServerProxy (RaftServerProxy.java:lambda$start$3(304)) - 8fc789e3-cfff-4768-8922-f2fbfdc764b4: start RPC server
2020-07-22 13:35:43,637 [Datanode State Machine Thread - 0] INFO  server.GrpcService (GrpcService.java:startImpl(160)) - 8fc789e3-cfff-4768-8922-f2fbfdc764b4: GrpcService started, listening on 0.0.0.0/0.0.0.0:38045
2020-07-22 13:35:43,637 [Datanode State Machine Thread - 0] INFO  ratis.XceiverServerRatis (XceiverServerRatis.java:start(450)) - XceiverServerRatis 8fc789e3-cfff-4768-8922-f2fbfdc764b4 is started using port 38045
2020-07-22 13:35:43,637 [Datanode State Machine Thread - 0] INFO  server.XceiverServerGrpc (XceiverServerGrpc.java:start(145)) - XceiverServerGrpc 8fc789e3-cfff-4768-8922-f2fbfdc764b4 is started using port 43105
2020-07-22 13:35:43,738 [Listener at 127.0.0.1/40109] INFO  ozone.MiniOzoneClusterImpl (MiniOzoneClusterImpl.java:lambda$waitForClusterToBeReady$0(177)) - Waiting for nodes to be ready. Got 0 of 9 DN Heartbeats.
2020-07-22 13:35:43,739 [Listener at 127.0.0.1/40109] INFO  ozone.MiniOzoneClusterImpl (MiniOzoneClusterImpl.java:lambda$waitForClusterToBeReady$0(180)) - Waiting for cluster to exit safe mode
2020-07-22 13:35:43,745 [Datanode State Machine Thread - 0] INFO  ozoneimpl.OzoneContainer (OzoneContainer.java:start(236)) - Attempting to start container services.
2020-07-22 13:35:43,745 [Datanode State Machine Thread - 0] INFO  ozoneimpl.OzoneContainer (OzoneContainer.java:startContainerScrub(200)) - Background container scanner has been disabled.
2020-07-22 13:35:43,745 [Datanode State Machine Thread - 0] INFO  ratis.XceiverServerRatis (XceiverServerRatis.java:start(438)) - Starting XceiverServerRatis 098b8c32-9cc9-4300-9c47-36f9b46c2619 at port 0
2020-07-22 13:35:43,746 [Datanode State Machine Thread - 0] INFO  impl.RaftServerProxy (RaftServerProxy.java:lambda$start$3(304)) - 098b8c32-9cc9-4300-9c47-36f9b46c2619: start RPC server
2020-07-22 13:35:43,747 [Datanode State Machine Thread - 0] INFO  server.GrpcService (GrpcService.java:startImpl(160)) - 098b8c32-9cc9-4300-9c47-36f9b46c2619: GrpcService started, listening on 0.0.0.0/0.0.0.0:36923
2020-07-22 13:35:43,747 [Datanode State Machine Thread - 0] INFO  ratis.XceiverServerRatis (XceiverServerRatis.java:start(450)) - XceiverServerRatis 098b8c32-9cc9-4300-9c47-36f9b46c2619 is started using port 36923
2020-07-22 13:35:43,747 [Datanode State Machine Thread - 0] INFO  server.XceiverServerGrpc (XceiverServerGrpc.java:start(145)) - XceiverServerGrpc 098b8c32-9cc9-4300-9c47-36f9b46c2619 is started using port 40685
2020-07-22 13:35:44,739 [Listener at 127.0.0.1/40109] INFO  ozone.MiniOzoneClusterImpl (MiniOzoneClusterImpl.java:lambda$waitForClusterToBeReady$0(177)) - Waiting for nodes to be ready. Got 0 of 9 DN Heartbeats.
2020-07-22 13:35:44,739 [Listener at 127.0.0.1/40109] INFO  ozone.MiniOzoneClusterImpl (MiniOzoneClusterImpl.java:lambda$waitForClusterToBeReady$0(180)) - Waiting for cluster to exit safe mode
2020-07-22 13:35:44,831 [IPC Server handler 3 on default port 36507] INFO  net.NetworkTopology (NetworkTopologyImpl.java:add(111)) - Added a new node: /default-rack/533bc4e3-485c-4c45-abfa-e25747e2fc79
2020-07-22 13:35:44,832 [IPC Server handler 3 on default port 36507] INFO  node.SCMNodeManager (SCMNodeManager.java:register(273)) - Registered Data node : 533bc4e3-485c-4c45-abfa-e25747e2fc79{ip: 172.17.0.2, host: 95ae26560d66, networkLocation: /default-rack, certSerialId: null}
2020-07-22 13:35:44,832 [RatisPipelineUtilsThread] INFO  pipeline.RatisPipelineProvider (RatisPipelineProvider.java:lambda$create$0(138)) - Sending CreatePipelineCommand for pipeline:PipelineID=2a4ce616-efe8-46c4-ac7d-b104a9a81e31 to datanode:533bc4e3-485c-4c45-abfa-e25747e2fc79
2020-07-22 13:35:44,833 [EventQueue-NodeRegistrationContainerReportForDataNodeSafeModeRule] INFO  safemode.SCMSafeModeManager (DataNodeSafeModeRule.java:process(71)) - SCM in safe mode. 1 DataNodes registered, 1 required.
2020-07-22 13:35:44,833 [EventQueue-NodeRegistrationContainerReportForDataNodeSafeModeRule] INFO  safemode.SCMSafeModeManager (SCMSafeModeManager.java:validateSafeModeExitRules(214)) - DataNodeSafeModeRule rule is successfully validated
2020-07-22 13:35:44,833 [EventQueue-NodeRegistrationContainerReportForDataNodeSafeModeRule] INFO  safemode.SCMSafeModeManager (SCMSafeModeManager.java:completePreCheck(242)) - All SCM safe mode pre check rules have passed
2020-07-22 13:35:44,834 [RatisPipelineUtilsThread] INFO  pipeline.PipelineStateManager (PipelineStateManager.java:addPipeline(54)) - Created pipeline Pipeline[ Id: 2a4ce616-efe8-46c4-ac7d-b104a9a81e31, Nodes: 533bc4e3-485c-4c45-abfa-e25747e2fc79{ip: 172.17.0.2, host: 95ae26560d66, networkLocation: /default-rack, certSerialId: null}, Type:RATIS, Factor:ONE, State:ALLOCATED, leaderId:, CreationTimestamp2020-07-22T13:35:44.832Z]
2020-07-22 13:35:44,835 [EventQueue-NodeRegistrationContainerReportForContainerSafeModeRule] INFO  safemode.SCMSafeModeManager (SCMSafeModeManager.java:validateSafeModeExitRules(214)) - ContainerSafeModeRule rule is successfully validated
2020-07-22 13:35:44,835 [RatisPipelineUtilsThread] ERROR pipeline.SCMPipelineManager (SCMPipelineManager.java:createPipeline(275)) - Failed to create pipeline of type RATIS and factor ONE. Exception: Cannot create pipeline of factor 1 using 0 nodes. Used 1 nodes. Healthy nodes 1
2020-07-22 13:35:44,835 [RatisPipelineUtilsThread] WARN  pipeline.PipelinePlacementPolicy (PipelinePlacementPolicy.java:filterViableNodes(133)) - Pipeline creation failed due to no sufficient healthy datanodes. Required 3. Found 1.
2020-07-22 13:35:44,835 [RatisPipelineUtilsThread] ERROR pipeline.SCMPipelineManager (SCMPipelineManager.java:createPipeline(275)) - Failed to create pipeline of type RATIS and factor THREE. Exception: Pipeline creation failed due to no sufficient healthy datanodes. Required 3. Found 1.
2020-07-22 13:35:44,932 [IPC Server handler 4 on default port 36507] INFO  net.NetworkTopology (NetworkTopologyImpl.java:add(111)) - Added a new node: /default-rack/8d5d3460-f504-40b5-aaaf-08a8f79d520e
2020-07-22 13:35:44,932 [IPC Server handler 4 on default port 36507] INFO  node.SCMNodeManager (SCMNodeManager.java:register(273)) - Registered Data node : 8d5d3460-f504-40b5-aaaf-08a8f79d520e{ip: 172.17.0.2, host: 95ae26560d66, networkLocation: /default-rack, certSerialId: null}
2020-07-22 13:35:44,933 [EventQueue-NodeRegistrationContainerReportForDataNodeSafeModeRule] INFO  safemode.SCMSafeModeManager (SCMSafeModeManager.java:validateSafeModeExitRules(214)) - DataNodeSafeModeRule rule is successfully validated
2020-07-22 13:35:44,933 [EventQueue-NodeRegistrationContainerReportForContainerSafeModeRule] INFO  safemode.SCMSafeModeManager (SCMSafeModeManager.java:validateSafeModeExitRules(214)) - ContainerSafeModeRule rule is successfully validated
2020-07-22 13:35:44,933 [RatisPipelineUtilsThread] INFO  pipeline.RatisPipelineProvider (RatisPipelineProvider.java:lambda$create$0(138)) - Sending CreatePipelineCommand for pipeline:PipelineID=6664dc2c-c097-41e2-b5e3-6d6a24f4707f to datanode:8d5d3460-f504-40b5-aaaf-08a8f79d520e
2020-07-22 13:35:44,933 [RatisPipelineUtilsThread] INFO  pipeline.PipelineStateManager (PipelineStateManager.java:addPipeline(54)) - Created pipeline Pipeline[ Id: 6664dc2c-c097-41e2-b5e3-6d6a24f4707f, Nodes: 8d5d3460-f504-40b5-aaaf-08a8f79d520e{ip: 172.17.0.2, host: 95ae26560d66, networkLocation: /default-rack, certSerialId: null}, Type:RATIS, Factor:ONE, State:ALLOCATED, leaderId:, CreationTimestamp2020-07-22T13:35:44.933Z]
2020-07-22 13:35:44,934 [RatisPipelineUtilsThread] ERROR pipeline.SCMPipelineManager (SCMPipelineManager.java:createPipeline(275)) - Failed to create pipeline of type RATIS and factor ONE. Exception: Cannot create pipeline of factor 1 using 0 nodes. Used 2 nodes. Healthy nodes 2
2020-07-22 13:35:44,934 [RatisPipelineUtilsThread] WARN  pipeline.PipelinePlacementPolicy (PipelinePlacementPolicy.java:filterViableNodes(133)) - Pipeline creation failed due to no sufficient healthy datanodes. Required 3. Found 2.
2020-07-22 13:35:44,934 [RatisPipelineUtilsThread] ERROR pipeline.SCMPipelineManager (SCMPipelineManager.java:createPipeline(275)) - Failed to create pipeline of type RATIS and factor THREE. Exception: Pipeline creation failed due to no sufficient healthy datanodes. Required 3. Found 2.
2020-07-22 13:35:45,048 [IPC Server handler 5 on default port 36507] INFO  net.NetworkTopology (NetworkTopologyImpl.java:add(111)) - Added a new node: /default-rack/bf4a83d9-7bab-4b6f-8392-1b3160a0da61
2020-07-22 13:35:45,048 [IPC Server handler 5 on default port 36507] INFO  node.SCMNodeManager (SCMNodeManager.java:register(273)) - Registered Data node : bf4a83d9-7bab-4b6f-8392-1b3160a0da61{ip: 172.17.0.2, host: 95ae26560d66, networkLocation: /default-rack, certSerialId: null}
2020-07-22 13:35:45,048 [RatisPipelineUtilsThread] INFO  pipeline.RatisPipelineProvider (RatisPipelineProvider.java:lambda$create$0(138)) - Sending CreatePipelineCommand for pipeline:PipelineID=a8daf030-8516-4a11-bba9-0b543ca583a7 to datanode:bf4a83d9-7bab-4b6f-8392-1b3160a0da61
2020-07-22 13:35:45,048 [EventQueue-NodeRegistrationContainerReportForDataNodeSafeModeRule] INFO  safemode.SCMSafeModeManager (SCMSafeModeManager.java:validateSafeModeExitRules(214)) - DataNodeSafeModeRule rule is successfully validated
2020-07-22 13:35:45,048 [RatisPipelineUtilsThread] INFO  pipeline.PipelineStateManager (PipelineStateManager.java:addPipeline(54)) - Created pipeline Pipeline[ Id: a8daf030-8516-4a11-bba9-0b543ca583a7, Nodes: bf4a83d9-7bab-4b6f-8392-1b3160a0da61{ip: 172.17.0.2, host: 95ae26560d66, networkLocation: /default-rack, certSerialId: null}, Type:RATIS, Factor:ONE, State:ALLOCATED, leaderId:, CreationTimestamp2020-07-22T13:35:45.048Z]
2020-07-22 13:35:45,048 [EventQueue-NodeRegistrationContainerReportForContainerSafeModeRule] INFO  safemode.SCMSafeModeManager (SCMSafeModeManager.java:validateSafeModeExitRules(214)) - ContainerSafeModeRule rule is successfully validated
2020-07-22 13:35:45,049 [RatisPipelineUtilsThread] ERROR pipeline.SCMPipelineManager (SCMPipelineManager.java:createPipeline(275)) - Failed to create pipeline of type RATIS and factor ONE. Exception: Cannot create pipeline of factor 1 using 0 nodes. Used 3 nodes. Healthy nodes 3
2020-07-22 13:35:45,049 [RatisPipelineUtilsThread] INFO  pipeline.RatisPipelineProvider (RatisPipelineProvider.java:lambda$create$0(138)) - Sending CreatePipelineCommand for pipeline:PipelineID=d0820786-0575-428c-b8e6-5036543f5276 to datanode:bf4a83d9-7bab-4b6f-8392-1b3160a0da61
2020-07-22 13:35:45,049 [RatisPipelineUtilsThread] INFO  pipeline.RatisPipelineProvider (RatisPipelineProvider.java:lambda$create$0(138)) - Sending CreatePipelineCommand for pipeline:PipelineID=d0820786-0575-428c-b8e6-5036543f5276 to datanode:533bc4e3-485c-4c45-abfa-e25747e2fc79
2020-07-22 13:35:45,049 [RatisPipelineUtilsThread] INFO  pipeline.RatisPipelineProvider (RatisPipelineProvider.java:lambda$create$0(138)) - Sending CreatePipelineCommand for pipeline:PipelineID=d0820786-0575-428c-b8e6-5036543f5276 to datanode:8d5d3460-f504-40b5-aaaf-08a8f79d520e
2020-07-22 13:35:45,050 [RatisPipelineUtilsThread] INFO  pipeline.PipelineStateManager (PipelineStateManager.java:addPipeline(54)) - Created pipeline Pipeline[ Id: d0820786-0575-428c-b8e6-5036543f5276, Nodes: bf4a83d9-7bab-4b6f-8392-1b3160a0da61{ip: 172.17.0.2, host: 95ae26560d66, networkLocation: /default-rack, certSerialId: null}533bc4e3-485c-4c45-abfa-e25747e2fc79{ip: 172.17.0.2, host: 95ae26560d66, networkLocation: /default-rack, certSerialId: null}8d5d3460-f504-40b5-aaaf-08a8f79d520e{ip: 172.17.0.2, host: 95ae26560d66, networkLocation: /default-rack, certSerialId: null}, Type:RATIS, Factor:THREE, State:ALLOCATED, leaderId:, CreationTimestamp2020-07-22T13:35:45.049Z]
2020-07-22 13:35:45,050 [RatisPipelineUtilsThread] ERROR pipeline.SCMPipelineManager (SCMPipelineManager.java:createPipeline(275)) - Failed to create pipeline of type RATIS and factor THREE. Exception: Pipeline creation failed because nodes are engaged in other pipelines and every node can only be engaged in max 2 pipelines. Required 3. Found 0
2020-07-22 13:35:45,179 [IPC Server handler 6 on default port 36507] INFO  net.NetworkTopology (NetworkTopologyImpl.java:add(111)) - Added a new node: /default-rack/d6d1ac88-c565-49dc-b661-e5233392d177
2020-07-22 13:35:45,181 [IPC Server handler 6 on default port 36507] INFO  node.SCMNodeManager (SCMNodeManager.java:register(273)) - Registered Data node : d6d1ac88-c565-49dc-b661-e5233392d177{ip: 172.17.0.2, host: 95ae26560d66, networkLocation: /default-rack, certSerialId: null}
2020-07-22 13:35:45,181 [EventQueue-NodeRegistrationContainerReportForDataNodeSafeModeRule] INFO  safemode.SCMSafeModeManager (SCMSafeModeManager.java:validateSafeModeExitRules(214)) - DataNodeSafeModeRule rule is successfully validated
2020-07-22 13:35:45,181 [EventQueue-NodeRegistrationContainerReportForContainerSafeModeRule] INFO  safemode.SCMSafeModeManager (SCMSafeModeManager.java:validateSafeModeExitRules(214)) - ContainerSafeModeRule rule is successfully validated
2020-07-22 13:35:45,181 [RatisPipelineUtilsThread] INFO  pipeline.RatisPipelineProvider (RatisPipelineProvider.java:lambda$create$0(138)) - Sending CreatePipelineCommand for pipeline:PipelineID=c4f8fa19-c55d-4657-b85c-f7453e0c6c74 to datanode:d6d1ac88-c565-49dc-b661-e5233392d177
2020-07-22 13:35:45,182 [RatisPipelineUtilsThread] INFO  pipeline.PipelineStateManager (PipelineStateManager.java:addPipeline(54)) - Created pipeline Pipeline[ Id: c4f8fa19-c55d-4657-b85c-f7453e0c6c74, Nodes: d6d1ac88-c565-49dc-b661-e5233392d177{ip: 172.17.0.2, host: 95ae26560d66, networkLocation: /default-rack, certSerialId: null}, Type:RATIS, Factor:ONE, State:ALLOCATED, leaderId:, CreationTimestamp2020-07-22T13:35:45.181Z]
2020-07-22 13:35:45,182 [RatisPipelineUtilsThread] ERROR pipeline.SCMPipelineManager (SCMPipelineManager.java:createPipeline(275)) - Failed to create pipeline of type RATIS and factor ONE. Exception: Cannot create pipeline of factor 1 using 0 nodes. Used 4 nodes. Healthy nodes 4
2020-07-22 13:35:45,182 [RatisPipelineUtilsThread] ERROR pipeline.SCMPipelineManager (SCMPipelineManager.java:createPipeline(275)) - Failed to create pipeline of type RATIS and factor THREE. Exception: Pipeline creation failed because nodes are engaged in other pipelines and every node can only be engaged in max 2 pipelines. Required 3. Found 1
2020-07-22 13:35:45,293 [IPC Server handler 7 on default port 36507] INFO  net.NetworkTopology (NetworkTopologyImpl.java:add(111)) - Added a new node: /default-rack/71897167-da37-4e00-88cd-50d9bd9cf0b6
2020-07-22 13:35:45,293 [IPC Server handler 7 on default port 36507] INFO  node.SCMNodeManager (SCMNodeManager.java:register(273)) - Registered Data node : 71897167-da37-4e00-88cd-50d9bd9cf0b6{ip: 172.17.0.2, host: 95ae26560d66, networkLocation: /default-rack, certSerialId: null}
2020-07-22 13:35:45,294 [EventQueue-NodeRegistrationContainerReportForContainerSafeModeRule] INFO  safemode.SCMSafeModeManager (SCMSafeModeManager.java:validateSafeModeExitRules(214)) - ContainerSafeModeRule rule is successfully validated
2020-07-22 13:35:45,294 [EventQueue-NodeRegistrationContainerReportForDataNodeSafeModeRule] INFO  safemode.SCMSafeModeManager (SCMSafeModeManager.java:validateSafeModeExitRules(214)) - DataNodeSafeModeRule rule is successfully validated
2020-07-22 13:35:45,294 [RatisPipelineUtilsThread] INFO  pipeline.RatisPipelineProvider (RatisPipelineProvider.java:lambda$create$0(138)) - Sending CreatePipelineCommand for pipeline:PipelineID=dca35c69-e819-4af4-9b31-e8f1d820cba9 to datanode:71897167-da37-4e00-88cd-50d9bd9cf0b6
2020-07-22 13:35:45,294 [RatisPipelineUtilsThread] INFO  pipeline.PipelineStateManager (PipelineStateManager.java:addPipeline(54)) - Created pipeline Pipeline[ Id: dca35c69-e819-4af4-9b31-e8f1d820cba9, Nodes: 71897167-da37-4e00-88cd-50d9bd9cf0b6{ip: 172.17.0.2, host: 95ae26560d66, networkLocation: /default-rack, certSerialId: null}, Type:RATIS, Factor:ONE, State:ALLOCATED, leaderId:, CreationTimestamp2020-07-22T13:35:45.294Z]
2020-07-22 13:35:45,295 [RatisPipelineUtilsThread] ERROR pipeline.SCMPipelineManager (SCMPipelineManager.java:createPipeline(275)) - Failed to create pipeline of type RATIS and factor ONE. Exception: Cannot create pipeline of factor 1 using 0 nodes. Used 5 nodes. Healthy nodes 5
2020-07-22 13:35:45,295 [RatisPipelineUtilsThread] ERROR pipeline.SCMPipelineManager (SCMPipelineManager.java:createPipeline(275)) - Failed to create pipeline of type RATIS and factor THREE. Exception: Pipeline creation failed because nodes are engaged in other pipelines and every node can only be engaged in max 2 pipelines. Required 3. Found 2
2020-07-22 13:35:45,401 [IPC Server handler 8 on default port 36507] INFO  net.NetworkTopology (NetworkTopologyImpl.java:add(111)) - Added a new node: /default-rack/7993133d-5733-489d-9cab-688682c47555
2020-07-22 13:35:45,401 [IPC Server handler 8 on default port 36507] INFO  node.SCMNodeManager (SCMNodeManager.java:register(273)) - Registered Data node : 7993133d-5733-489d-9cab-688682c47555{ip: 172.17.0.2, host: 95ae26560d66, networkLocation: /default-rack, certSerialId: null}
2020-07-22 13:35:45,401 [EventQueue-NodeRegistrationContainerReportForContainerSafeModeRule] INFO  safemode.SCMSafeModeManager (SCMSafeModeManager.java:validateSafeModeExitRules(214)) - ContainerSafeModeRule rule is successfully validated
2020-07-22 13:35:45,401 [RatisPipelineUtilsThread] INFO  pipeline.RatisPipelineProvider (RatisPipelineProvider.java:lambda$create$0(138)) - Sending CreatePipelineCommand for pipeline:PipelineID=e7161274-5db4-4822-8ade-a3a3d107b774 to datanode:7993133d-5733-489d-9cab-688682c47555
2020-07-22 13:35:45,401 [EventQueue-NodeRegistrationContainerReportForDataNodeSafeModeRule] INFO  safemode.SCMSafeModeManager (SCMSafeModeManager.java:validateSafeModeExitRules(214)) - DataNodeSafeModeRule rule is successfully validated
2020-07-22 13:35:45,402 [RatisPipelineUtilsThread] INFO  pipeline.PipelineStateManager (PipelineStateManager.java:addPipeline(54)) - Created pipeline Pipeline[ Id: e7161274-5db4-4822-8ade-a3a3d107b774, Nodes: 7993133d-5733-489d-9cab-688682c47555{ip: 172.17.0.2, host: 95ae26560d66, networkLocation: /default-rack, certSerialId: null}, Type:RATIS, Factor:ONE, State:ALLOCATED, leaderId:, CreationTimestamp2020-07-22T13:35:45.401Z]
2020-07-22 13:35:45,404 [RatisPipelineUtilsThread] ERROR pipeline.SCMPipelineManager (SCMPipelineManager.java:createPipeline(275)) - Failed to create pipeline of type RATIS and factor ONE. Exception: Cannot create pipeline of factor 1 using 0 nodes. Used 6 nodes. Healthy nodes 6
2020-07-22 13:35:45,404 [RatisPipelineUtilsThread] INFO  pipeline.RatisPipelineProvider (RatisPipelineProvider.java:lambda$create$0(138)) - Sending CreatePipelineCommand for pipeline:PipelineID=a32141e0-60b8-44de-a3b2-7d18b211f00e to datanode:d6d1ac88-c565-49dc-b661-e5233392d177
2020-07-22 13:35:45,405 [RatisPipelineUtilsThread] INFO  pipeline.RatisPipelineProvider (RatisPipelineProvider.java:lambda$create$0(138)) - Sending CreatePipelineCommand for pipeline:PipelineID=a32141e0-60b8-44de-a3b2-7d18b211f00e to datanode:71897167-da37-4e00-88cd-50d9bd9cf0b6
2020-07-22 13:35:45,405 [RatisPipelineUtilsThread] INFO  pipeline.RatisPipelineProvider (RatisPipelineProvider.java:lambda$create$0(138)) - Sending CreatePipelineCommand for pipeline:PipelineID=a32141e0-60b8-44de-a3b2-7d18b211f00e to datanode:7993133d-5733-489d-9cab-688682c47555
2020-07-22 13:35:45,405 [RatisPipelineUtilsThread] INFO  pipeline.PipelineStateManager (PipelineStateManager.java:addPipeline(54)) - Created pipeline Pipeline[ Id: a32141e0-60b8-44de-a3b2-7d18b211f00e, Nodes: d6d1ac88-c565-49dc-b661-e5233392d177{ip: 172.17.0.2, host: 95ae26560d66, networkLocation: /default-rack, certSerialId: null}71897167-da37-4e00-88cd-50d9bd9cf0b6{ip: 172.17.0.2, host: 95ae26560d66, networkLocation: /default-rack, certSerialId: null}7993133d-5733-489d-9cab-688682c47555{ip: 172.17.0.2, host: 95ae26560d66, networkLocation: /default-rack, certSerialId: null}, Type:RATIS, Factor:THREE, State:ALLOCATED, leaderId:, CreationTimestamp2020-07-22T13:35:45.404Z]
2020-07-22 13:35:45,406 [RatisPipelineUtilsThread] ERROR pipeline.SCMPipelineManager (SCMPipelineManager.java:createPipeline(275)) - Failed to create pipeline of type RATIS and factor THREE. Exception: Pipeline creation failed because nodes are engaged in other pipelines and every node can only be engaged in max 2 pipelines. Required 3. Found 0
2020-07-22 13:35:45,508 [IPC Server handler 0 on default port 36507] INFO  net.NetworkTopology (NetworkTopologyImpl.java:add(111)) - Added a new node: /default-rack/893c9bf4-6f39-4cde-b2ed-0f295cdfb21b
2020-07-22 13:35:45,509 [IPC Server handler 0 on default port 36507] INFO  node.SCMNodeManager (SCMNodeManager.java:register(273)) - Registered Data node : 893c9bf4-6f39-4cde-b2ed-0f295cdfb21b{ip: 172.17.0.2, host: 95ae26560d66, networkLocation: /default-rack, certSerialId: null}
2020-07-22 13:35:45,509 [EventQueue-NodeRegistrationContainerReportForDataNodeSafeModeRule] INFO  safemode.SCMSafeModeManager (SCMSafeModeManager.java:validateSafeModeExitRules(214)) - DataNodeSafeModeRule rule is successfully validated
2020-07-22 13:35:45,509 [EventQueue-NodeRegistrationContainerReportForContainerSafeModeRule] INFO  safemode.SCMSafeModeManager (SCMSafeModeManager.java:validateSafeModeExitRules(214)) - ContainerSafeModeRule rule is successfully validated
2020-07-22 13:35:45,510 [RatisPipelineUtilsThread] INFO  pipeline.RatisPipelineProvider (RatisPipelineProvider.java:lambda$create$0(138)) - Sending CreatePipelineCommand for pipeline:PipelineID=6b35a7ef-0474-485f-9cc4-349a2aafe72a to datanode:893c9bf4-6f39-4cde-b2ed-0f295cdfb21b
2020-07-22 13:35:45,510 [RatisPipelineUtilsThread] INFO  pipeline.PipelineStateManager (PipelineStateManager.java:addPipeline(54)) - Created pipeline Pipeline[ Id: 6b35a7ef-0474-485f-9cc4-349a2aafe72a, Nodes: 893c9bf4-6f39-4cde-b2ed-0f295cdfb21b{ip: 172.17.0.2, host: 95ae26560d66, networkLocation: /default-rack, certSerialId: null}, Type:RATIS, Factor:ONE, State:ALLOCATED, leaderId:, CreationTimestamp2020-07-22T13:35:45.510Z]
2020-07-22 13:35:45,514 [RatisPipelineUtilsThread] ERROR pipeline.SCMPipelineManager (SCMPipelineManager.java:createPipeline(275)) - Failed to create pipeline of type RATIS and factor ONE. Exception: Cannot create pipeline of factor 1 using 0 nodes. Used 7 nodes. Healthy nodes 7
2020-07-22 13:35:45,514 [RatisPipelineUtilsThread] ERROR pipeline.SCMPipelineManager (SCMPipelineManager.java:createPipeline(275)) - Failed to create pipeline of type RATIS and factor THREE. Exception: Pipeline creation failed because nodes are engaged in other pipelines and every node can only be engaged in max 2 pipelines. Required 3. Found 1
2020-07-22 13:35:45,634 [IPC Server handler 1 on default port 36507] INFO  net.NetworkTopology (NetworkTopologyImpl.java:add(111)) - Added a new node: /default-rack/8fc789e3-cfff-4768-8922-f2fbfdc764b4
2020-07-22 13:35:45,634 [IPC Server handler 1 on default port 36507] INFO  node.SCMNodeManager (SCMNodeManager.java:register(273)) - Registered Data node : 8fc789e3-cfff-4768-8922-f2fbfdc764b4{ip: 172.17.0.2, host: 95ae26560d66, networkLocation: /default-rack, certSerialId: null}
2020-07-22 13:35:45,635 [RatisPipelineUtilsThread] INFO  pipeline.RatisPipelineProvider (RatisPipelineProvider.java:lambda$create$0(138)) - Sending CreatePipelineCommand for pipeline:PipelineID=2a6d780d-4396-4d45-9a69-14d0693156fb to datanode:8fc789e3-cfff-4768-8922-f2fbfdc764b4
2020-07-22 13:35:45,635 [EventQueue-NodeRegistrationContainerReportForDataNodeSafeModeRule] INFO  safemode.SCMSafeModeManager (SCMSafeModeManager.java:validateSafeModeExitRules(214)) - DataNodeSafeModeRule rule is successfully validated
2020-07-22 13:35:45,635 [EventQueue-NodeRegistrationContainerReportForContainerSafeModeRule] INFO  safemode.SCMSafeModeManager (SCMSafeModeManager.java:validateSafeModeExitRules(214)) - ContainerSafeModeRule rule is successfully validated
2020-07-22 13:35:45,635 [RatisPipelineUtilsThread] INFO  pipeline.PipelineStateManager (PipelineStateManager.java:addPipeline(54)) - Created pipeline Pipeline[ Id: 2a6d780d-4396-4d45-9a69-14d0693156fb, Nodes: 8fc789e3-cfff-4768-8922-f2fbfdc764b4{ip: 172.17.0.2, host: 95ae26560d66, networkLocation: /default-rack, certSerialId: null}, Type:RATIS, Factor:ONE, State:ALLOCATED, leaderId:, CreationTimestamp2020-07-22T13:35:45.635Z]
2020-07-22 13:35:45,636 [RatisPipelineUtilsThread] ERROR pipeline.SCMPipelineManager (SCMPipelineManager.java:createPipeline(275)) - Failed to create pipeline of type RATIS and factor ONE. Exception: Cannot create pipeline of factor 1 using 0 nodes. Used 8 nodes. Healthy nodes 8
2020-07-22 13:35:45,636 [RatisPipelineUtilsThread] ERROR pipeline.SCMPipelineManager (SCMPipelineManager.java:createPipeline(275)) - Failed to create pipeline of type RATIS and factor THREE. Exception: Pipeline creation failed because nodes are engaged in other pipelines and every node can only be engaged in max 2 pipelines. Required 3. Found 2
2020-07-22 13:35:45,739 [Listener at 127.0.0.1/40109] INFO  ozone.MiniOzoneClusterImpl (MiniOzoneClusterImpl.java:lambda$waitForClusterToBeReady$0(177)) - Waiting for nodes to be ready. Got 8 of 9 DN Heartbeats.
2020-07-22 13:35:45,740 [Listener at 127.0.0.1/40109] INFO  ozone.MiniOzoneClusterImpl (MiniOzoneClusterImpl.java:lambda$waitForClusterToBeReady$0(180)) - Waiting for cluster to exit safe mode
2020-07-22 13:35:45,744 [IPC Server handler 2 on default port 36507] INFO  net.NetworkTopology (NetworkTopologyImpl.java:add(111)) - Added a new node: /default-rack/098b8c32-9cc9-4300-9c47-36f9b46c2619
2020-07-22 13:35:45,744 [IPC Server handler 2 on default port 36507] INFO  node.SCMNodeManager (SCMNodeManager.java:register(273)) - Registered Data node : 098b8c32-9cc9-4300-9c47-36f9b46c2619{ip: 172.17.0.2, host: 95ae26560d66, networkLocation: /default-rack, certSerialId: null}
2020-07-22 13:35:45,744 [EventQueue-NodeRegistrationContainerReportForContainerSafeModeRule] INFO  safemode.SCMSafeModeManager (SCMSafeModeManager.java:validateSafeModeExitRules(214)) - ContainerSafeModeRule rule is successfully validated
2020-07-22 13:35:45,745 [EventQueue-NodeRegistrationContainerReportForDataNodeSafeModeRule] INFO  safemode.SCMSafeModeManager (SCMSafeModeManager.java:validateSafeModeExitRules(214)) - DataNodeSafeModeRule rule is successfully validated
2020-07-22 13:35:45,745 [RatisPipelineUtilsThread] INFO  pipeline.RatisPipelineProvider (RatisPipelineProvider.java:lambda$create$0(138)) - Sending CreatePipelineCommand for pipeline:PipelineID=dade47ec-2944-40ec-bb28-d4c6171fd8df to datanode:098b8c32-9cc9-4300-9c47-36f9b46c2619
2020-07-22 13:35:45,746 [RatisPipelineUtilsThread] INFO  pipeline.PipelineStateManager (PipelineStateManager.java:addPipeline(54)) - Created pipeline Pipeline[ Id: dade47ec-2944-40ec-bb28-d4c6171fd8df, Nodes: 098b8c32-9cc9-4300-9c47-36f9b46c2619{ip: 172.17.0.2, host: 95ae26560d66, networkLocation: /default-rack, certSerialId: null}, Type:RATIS, Factor:ONE, State:ALLOCATED, leaderId:, CreationTimestamp2020-07-22T13:35:45.745Z]
2020-07-22 13:35:45,746 [RatisPipelineUtilsThread] ERROR pipeline.SCMPipelineManager (SCMPipelineManager.java:createPipeline(275)) - Failed to create pipeline of type RATIS and factor ONE. Exception: Cannot create pipeline of factor 1 using 0 nodes. Used 9 nodes. Healthy nodes 9
2020-07-22 13:35:45,746 [RatisPipelineUtilsThread] INFO  pipeline.RatisPipelineProvider (RatisPipelineProvider.java:lambda$create$0(138)) - Sending CreatePipelineCommand for pipeline:PipelineID=9b352ed9-4454-47d7-9ce0-322e1634c0ba to datanode:8fc789e3-cfff-4768-8922-f2fbfdc764b4
2020-07-22 13:35:45,746 [RatisPipelineUtilsThread] INFO  pipeline.RatisPipelineProvider (RatisPipelineProvider.java:lambda$create$0(138)) - Sending CreatePipelineCommand for pipeline:PipelineID=9b352ed9-4454-47d7-9ce0-322e1634c0ba to datanode:098b8c32-9cc9-4300-9c47-36f9b46c2619
2020-07-22 13:35:45,747 [RatisPipelineUtilsThread] INFO  pipeline.RatisPipelineProvider (RatisPipelineProvider.java:lambda$create$0(138)) - Sending CreatePipelineCommand for pipeline:PipelineID=9b352ed9-4454-47d7-9ce0-322e1634c0ba to datanode:893c9bf4-6f39-4cde-b2ed-0f295cdfb21b
2020-07-22 13:35:45,747 [RatisPipelineUtilsThread] INFO  pipeline.PipelineStateManager (PipelineStateManager.java:addPipeline(54)) - Created pipeline Pipeline[ Id: 9b352ed9-4454-47d7-9ce0-322e1634c0ba, Nodes: 8fc789e3-cfff-4768-8922-f2fbfdc764b4{ip: 172.17.0.2, host: 95ae26560d66, networkLocation: /default-rack, certSerialId: null}098b8c32-9cc9-4300-9c47-36f9b46c2619{ip: 172.17.0.2, host: 95ae26560d66, networkLocation: /default-rack, certSerialId: null}893c9bf4-6f39-4cde-b2ed-0f295cdfb21b{ip: 172.17.0.2, host: 95ae26560d66, networkLocation: /default-rack, certSerialId: null}, Type:RATIS, Factor:THREE, State:ALLOCATED, leaderId:, CreationTimestamp2020-07-22T13:35:45.746Z]
2020-07-22 13:35:45,747 [RatisPipelineUtilsThread] ERROR pipeline.SCMPipelineManager (SCMPipelineManager.java:createPipeline(275)) - Failed to create pipeline of type RATIS and factor THREE. Exception: Pipeline creation failed because nodes are engaged in other pipelines and every node can only be engaged in max 2 pipelines. Required 3. Found 0
2020-07-22 13:35:46,740 [Listener at 127.0.0.1/40109] INFO  ozone.MiniOzoneClusterImpl (MiniOzoneClusterImpl.java:lambda$waitForClusterToBeReady$0(177)) - Nodes are ready. Got 9 of 9 DN Heartbeats.
2020-07-22 13:35:46,741 [Listener at 127.0.0.1/40109] INFO  ozone.MiniOzoneClusterImpl (MiniOzoneClusterImpl.java:lambda$waitForClusterToBeReady$0(180)) - Waiting for cluster to exit safe mode
2020-07-22 13:35:47,742 [Listener at 127.0.0.1/40109] INFO  ozone.MiniOzoneClusterImpl (MiniOzoneClusterImpl.java:lambda$waitForClusterToBeReady$0(177)) - Nodes are ready. Got 9 of 9 DN Heartbeats.
2020-07-22 13:35:47,742 [Listener at 127.0.0.1/40109] INFO  ozone.MiniOzoneClusterImpl (MiniOzoneClusterImpl.java:lambda$waitForClusterToBeReady$0(180)) - Waiting for cluster to exit safe mode
2020-07-22 13:35:47,830 [Command processor thread] INFO  impl.RaftServerProxy (RaftServerProxy.java:addNew(89)) - 533bc4e3-485c-4c45-abfa-e25747e2fc79: addNew group-B104A9A81E31:[533bc4e3-485c-4c45-abfa-e25747e2fc79:172.17.0.2:41681] returns group-B104A9A81E31:java.util.concurrent.CompletableFuture@411c2995[Not completed]
2020-07-22 13:35:47,831 [pool-347-thread-1] INFO  impl.RaftServerImpl (RaftServerImpl.java:<init>(107)) - 533bc4e3-485c-4c45-abfa-e25747e2fc79: new RaftServerImpl for group-B104A9A81E31:[533bc4e3-485c-4c45-abfa-e25747e2fc79:172.17.0.2:41681] with ContainerStateMachine:uninitialized
2020-07-22 13:35:47,831 [pool-347-thread-1] INFO  server.RaftServerConfigKeys (ConfUtils.java:logGet(44)) - raft.server.rpc.timeout.min = 5s (custom)
2020-07-22 13:35:47,831 [pool-347-thread-1] INFO  server.RaftServerConfigKeys (ConfUtils.java:logGet(44)) - raft.server.rpc.timeout.max = 5200ms (custom)
2020-07-22 13:35:47,831 [pool-347-thread-1] INFO  server.RaftServerConfigKeys (ConfUtils.java:logGet(44)) - raft.server.rpcslowness.timeout = 300000ms (custom)
2020-07-22 13:35:47,831 [pool-347-thread-1] INFO  server.RaftServerConfigKeys (ConfUtils.java:logGet(44)) - raft.server.sleep.deviation.threshold = 300 (default)
2020-07-22 13:35:47,831 [pool-347-thread-1] INFO  server.RaftServerConfigKeys (ConfUtils.java:logGet(44)) - raft.server.log.appender.install.snapshot.enabled = false (custom)
2020-07-22 13:35:47,832 [pool-347-thread-1] INFO  impl.RaftServerImpl (ServerState.java:<init>(103)) - 533bc4e3-485c-4c45-abfa-e25747e2fc79@group-B104A9A81E31: ConfigurationManager, init=-1: [533bc4e3-485c-4c45-abfa-e25747e2fc79:172.17.0.2:41681], old=null, confs=<EMPTY_MAP>
2020-07-22 13:35:47,832 [pool-347-thread-1] INFO  server.RaftServerConfigKeys (ConfUtils.java:logGet(44)) - raft.server.storage.dir = [/github/workspace/mnt/ozone/hadoop-ozone/integration-test/target/test-dir/MiniOzoneClusterImpl-d98e4c18-9a08-44b7-83b8-49402f47e02b/datanode-0/data/ratis] (custom)
2020-07-22 13:35:47,832 [pool-347-thread-1] INFO  server.RaftServerConfigKeys (ConfUtils.java:logGet(44)) - raft.server.log.corruption.policy = EXCEPTION (default)
2020-07-22 13:35:47,832 [pool-347-thread-1] INFO  storage.RaftStorageDirectory (RaftStorageDirectory.java:analyzeStorage(261)) - The storage directory /github/workspace/mnt/ozone/hadoop-ozone/integration-test/target/test-dir/MiniOzoneClusterImpl-d98e4c18-9a08-44b7-83b8-49402f47e02b/datanode-0/data/ratis/2a4ce616-efe8-46c4-ac7d-b104a9a81e31 does not exist. Creating ...
2020-07-22 13:35:47,833 [pool-347-thread-1] INFO  storage.RaftStorageDirectory (RaftStorageDirectory.java:tryLock(343)) - Lock on /github/workspace/mnt/ozone/hadoop-ozone/integration-test/target/test-dir/MiniOzoneClusterImpl-d98e4c18-9a08-44b7-83b8-49402f47e02b/datanode-0/data/ratis/2a4ce616-efe8-46c4-ac7d-b104a9a81e31/in_use.lock acquired by nodename 5153@95ae26560d66
2020-07-22 13:35:47,834 [pool-347-thread-1] INFO  storage.RaftStorage (RaftStorage.java:format(84)) - Storage directory /github/workspace/mnt/ozone/hadoop-ozone/integration-test/target/test-dir/MiniOzoneClusterImpl-d98e4c18-9a08-44b7-83b8-49402f47e02b/datanode-0/data/ratis/2a4ce616-efe8-46c4-ac7d-b104a9a81e31 has been successfully formatted.
2020-07-22 13:35:47,841 [pool-347-thread-1] INFO  ratis.ContainerStateMachine (ContainerStateMachine.java:loadSnapshot(225)) - group-B104A9A81E31: The snapshot info is null. Setting the last applied indexto:(t:0, i:~)
2020-07-22 13:35:47,841 [pool-347-thread-1] INFO  server.RaftServerConfigKeys (ConfUtils.java:logGet(44)) - raft.server.notification.no-leader.timeout = 300000ms (custom)
2020-07-22 13:35:47,842 [pool-347-thread-1] INFO  server.RaftServerConfigKeys (ConfUtils.java:logGet(44)) - raft.server.log.use.memory = false (default)
2020-07-22 13:35:47,842 [pool-347-thread-1] INFO  server.RaftServerConfigKeys (ConfUtils.java:logGet(44)) - raft.server.log.purge.gap = 1000000 (custom)
2020-07-22 13:35:47,842 [EventQueue-PipelineReportForPipelineReportHandler] INFO  pipeline.PipelineStateManager (PipelineStateManager.java:openPipeline(131)) - Pipeline Pipeline[ Id: 2a4ce616-efe8-46c4-ac7d-b104a9a81e31, Nodes: 533bc4e3-485c-4c45-abfa-e25747e2fc79{ip: 172.17.0.2, host: 95ae26560d66, networkLocation: /default-rack, certSerialId: null}, Type:RATIS, Factor:ONE, State:ALLOCATED, leaderId:533bc4e3-485c-4c45-abfa-e25747e2fc79, CreationTimestamp2020-07-22T13:35:44.832Z] moved to OPEN state
2020-07-22 13:35:47,848 [pool-347-thread-1] INFO  metrics.RatisMetrics (RatisMetrics.java:lambda$create$0(36)) - Creating Metrics Registry : ratis.log_worker.533bc4e3-485c-4c45-abfa-e25747e2fc79@group-B104A9A81E31
2020-07-22 13:35:47,849 [pool-347-thread-1] INFO  server.RaftServerConfigKeys (ConfUtils.java:logGet(44)) - raft.server.log.appender.buffer.byte-limit = 33554432 (custom)
2020-07-22 13:35:47,849 [pool-347-thread-1] INFO  server.RaftServerConfigKeys (ConfUtils.java:logGet(44)) - raft.server.log.segment.size.max = 1048576 (custom)
2020-07-22 13:35:47,849 [pool-347-thread-1] INFO  server.RaftServerConfigKeys (ConfUtils.java:logGet(44)) - raft.server.log.segment.cache.num.max = 2 (custom)
2020-07-22 13:35:47,850 [pool-347-thread-1] INFO  segmented.SegmentedRaftLogWorker (SegmentedRaftLogWorker.java:<init>(180)) - new 533bc4e3-485c-4c45-abfa-e25747e2fc79@group-B104A9A81E31-SegmentedRaftLogWorker for RaftStorage:Storage Directory /github/workspace/mnt/ozone/hadoop-ozone/integration-test/target/test-dir/MiniOzoneClusterImpl-d98e4c18-9a08-44b7-83b8-49402f47e02b/datanode-0/data/ratis/2a4ce616-efe8-46c4-ac7d-b104a9a81e31
2020-07-22 13:35:47,850 [pool-347-thread-1] INFO  server.RaftServerConfigKeys (ConfUtils.java:logGet(44)) - raft.server.log.queue.byte-limit = 2147483647 (custom)
2020-07-22 13:35:47,850 [pool-347-thread-1] INFO  server.RaftServerConfigKeys (ConfUtils.java:logGet(44)) - raft.server.log.queue.element-limit = 1024 (custom)
2020-07-22 13:35:47,850 [pool-347-thread-1] INFO  server.RaftServerConfigKeys (ConfUtils.java:logGet(44)) - raft.server.log.segment.size.max = 1048576 (custom)
2020-07-22 13:35:47,850 [pool-347-thread-1] INFO  server.RaftServerConfigKeys (ConfUtils.java:logGet(44)) - raft.server.log.preallocated.size = 16384 (custom)
2020-07-22 13:35:47,850 [pool-347-thread-1] INFO  server.RaftServerConfigKeys (ConfUtils.java:logGet(44)) - raft.server.log.write.buffer.size = 1048576 (custom)
2020-07-22 13:35:47,850 [pool-347-thread-1] INFO  server.RaftServerConfigKeys (ConfUtils.java:logGet(44)) - raft.server.log.force.sync.num = 128 (default)
2020-07-22 13:35:47,850 [pool-347-thread-1] INFO  server.RaftServerConfigKeys (ConfUtils.java:logGet(44)) - raft.server.log.statemachine.data.sync = true (default)
2020-07-22 13:35:47,850 [pool-347-thread-1] INFO  server.RaftServerConfigKeys (ConfUtils.java:logGet(44)) - raft.server.log.statemachine.data.sync.timeout = 10s (default)
2020-07-22 13:35:47,850 [pool-347-thread-1] INFO  server.RaftServerConfigKeys (ConfUtils.java:logGet(44)) - raft.server.log.statemachine.data.sync.timeout.retry = -1 (default)
2020-07-22 13:35:47,851 [EventQueue-OpenPipelineForHealthyPipelineSafeModeRule] INFO  safemode.SCMSafeModeManager (HealthyPipelineSafeModeRule.java:process(129)) - SCM in safe mode. Healthy pipelines reported count is 0, required healthy pipeline reported count is 1
2020-07-22 13:35:47,852 [pool-347-thread-1] INFO  server.RaftServerConfigKeys (ConfUtils.java:logGet(44)) - raft.server.log.statemachine.data.caching.enabled = true (custom)
2020-07-22 13:35:47,852 [pool-347-thread-1] INFO  segmented.SegmentedRaftLogWorker (SegmentedRaftLogWorker.java:lambda$new$0(129)) - 533bc4e3-485c-4c45-abfa-e25747e2fc79@group-B104A9A81E31-SegmentedRaftLogWorker: flushIndex: setUnconditionally 0 -> -1
2020-07-22 13:35:47,852 [pool-347-thread-1] INFO  segmented.SegmentedRaftLogWorker (SegmentedRaftLogWorker.java:lambda$new$0(129)) - 533bc4e3-485c-4c45-abfa-e25747e2fc79@group-B104A9A81E31-SegmentedRaftLogWorker: safeCacheEvictIndex: setUnconditionally 0 -> -1
2020-07-22 13:35:47,853 [EventQueue-OpenPipelineForOneReplicaPipelineSafeModeRule] INFO  safemode.SCMSafeModeManager (SCMSafeModeManager.java:validateSafeModeExitRules(214)) - AtleastOneDatanodeReportedRule rule is successfully validated
2020-07-22 13:35:47,853 [pool-347-thread-1] INFO  server.RaftServerConfigKeys (ConfUtils.java:logGet(44)) - raft.server.snapshot.auto.trigger.enabled = true (custom)
2020-07-22 13:35:47,853 [pool-347-thread-1] INFO  server.RaftServerConfigKeys (ConfUtils.java:logGet(44)) - raft.server.snapshot.auto.trigger.threshold = 10000 (custom)
2020-07-22 13:35:47,853 [pool-347-thread-1] INFO  server.RaftServerConfigKeys (ConfUtils.java:logGet(44)) - raft.server.snapshot.retention.file.num = 5 (custom)
2020-07-22 13:35:47,853 [pool-347-thread-1] INFO  server.RaftServerConfigKeys (ConfUtils.java:logGet(44)) - raft.server.log.purge.upto.snapshot.index = false (default)
2020-07-22 13:35:47,853 [pool-347-thread-1] INFO  server.RaftServerConfigKeys (ConfUtils.java:logGet(44)) - raft.server.retrycache.expirytime = 600000ms (custom)
2020-07-22 13:35:47,853 [pool-347-thread-1] INFO  metrics.RatisMetrics (RatisMetrics.java:lambda$create$0(36)) - Creating Metrics Registry : ratis.leader_election.533bc4e3-485c-4c45-abfa-e25747e2fc79@group-B104A9A81E31
2020-07-22 13:35:47,854 [pool-347-thread-1] INFO  metrics.RatisMetrics (RatisMetrics.java:lambda$create$0(36)) - Creating Metrics Registry : ratis.server.533bc4e3-485c-4c45-abfa-e25747e2fc79@group-B104A9A81E31
2020-07-22 13:35:47,855 [pool-347-thread-1] INFO  impl.RaftServerImpl (RaftServerImpl.java:start(196)) - 533bc4e3-485c-4c45-abfa-e25747e2fc79@group-B104A9A81E31: start as a follower, conf=-1: [533bc4e3-485c-4c45-abfa-e25747e2fc79:172.17.0.2:41681], old=null
2020-07-22 13:35:47,855 [pool-347-thread-1] INFO  impl.RaftServerImpl (RaftServerImpl.java:setRole(185)) - 533bc4e3-485c-4c45-abfa-e25747e2fc79@group-B104A9A81E31: changes role from      null to FOLLOWER at term 0 for startAsFollower
2020-07-22 13:35:47,855 [pool-347-thread-1] INFO  impl.RoleInfo (RoleInfo.java:updateAndGet(143)) - 533bc4e3-485c-4c45-abfa-e25747e2fc79: start FollowerState
2020-07-22 13:35:47,855 [pool-347-thread-1] INFO  util.JmxRegister (JmxRegister.java:tryRegister(44)) - Successfully registered JMX Bean with object name Ratis:service=RaftServer,group=group-B104A9A81E31,id=533bc4e3-485c-4c45-abfa-e25747e2fc79
2020-07-22 13:35:47,855 [pool-347-thread-1] INFO  metrics.RatisMetrics (RatisMetrics.java:lambda$create$0(36)) - Creating Metrics Registry : ratis.state_machine.533bc4e3-485c-4c45-abfa-e25747e2fc79@group-B104A9A81E31
2020-07-22 13:35:47,856 [Command processor thread] INFO  commandhandler.CreatePipelineCommandHandler (CreatePipelineCommandHandler.java:handle(109)) - Created Pipeline RATIS ONE #id: "2a4ce616-efe8-46c4-ac7d-b104a9a81e31"
uuid128 {
  mostSigBits: 3048064034011629252
  leastSigBits: -6017458893512761807
}
.
2020-07-22 13:35:47,857 [Command processor thread] INFO  impl.RaftServerProxy (RaftServerProxy.java:addNew(89)) - 533bc4e3-485c-4c45-abfa-e25747e2fc79: addNew group-5036543F5276:[bf4a83d9-7bab-4b6f-8392-1b3160a0da61:172.17.0.2:41481, 533bc4e3-485c-4c45-abfa-e25747e2fc79:172.17.0.2:41681, 8d5d3460-f504-40b5-aaaf-08a8f79d520e:172.17.0.2:46575] returns group-5036543F5276:java.util.concurrent.CompletableFuture@4523a56e[Not completed]
2020-07-22 13:35:47,857 [pool-347-thread-1] INFO  impl.RaftServerImpl (RaftServerImpl.java:<init>(107)) - 533bc4e3-485c-4c45-abfa-e25747e2fc79: new RaftServerImpl for group-5036543F5276:[bf4a83d9-7bab-4b6f-8392-1b3160a0da61:172.17.0.2:41481, 533bc4e3-485c-4c45-abfa-e25747e2fc79:172.17.0.2:41681, 8d5d3460-f504-40b5-aaaf-08a8f79d520e:172.17.0.2:46575] with ContainerStateMachine:uninitialized
2020-07-22 13:35:47,857 [pool-347-thread-1] INFO  server.RaftServerConfigKeys (ConfUtils.java:logGet(44)) - raft.server.rpc.timeout.min = 5s (custom)
2020-07-22 13:35:47,857 [pool-347-thread-1] INFO  server.RaftServerConfigKeys (ConfUtils.java:logGet(44)) - raft.server.rpc.timeout.max = 5200ms (custom)
2020-07-22 13:35:47,857 [pool-347-thread-1] INFO  server.RaftServerConfigKeys (ConfUtils.java:logGet(44)) - raft.server.rpcslowness.timeout = 300000ms (custom)
2020-07-22 13:35:47,858 [pool-347-thread-1] INFO  server.RaftServerConfigKeys (ConfUtils.java:logGet(44)) - raft.server.sleep.deviation.threshold = 300 (default)
2020-07-22 13:35:47,858 [pool-347-thread-1] INFO  server.RaftServerConfigKeys (ConfUtils.java:logGet(44)) - raft.server.log.appender.install.snapshot.enabled = false (custom)
2020-07-22 13:35:47,858 [pool-347-thread-1] INFO  impl.RaftServerImpl (ServerState.java:<init>(103)) - 533bc4e3-485c-4c45-abfa-e25747e2fc79@group-5036543F5276: ConfigurationManager, init=-1: [bf4a83d9-7bab-4b6f-8392-1b3160a0da61:172.17.0.2:41481, 533bc4e3-485c-4c45-abfa-e25747e2fc79:172.17.0.2:41681, 8d5d3460-f504-40b5-aaaf-08a8f79d520e:172.17.0.2:46575], old=null, confs=<EMPTY_MAP>
2020-07-22 13:35:47,858 [pool-347-thread-1] INFO  server.RaftServerConfigKeys (ConfUtils.java:logGet(44)) - raft.server.storage.dir = [/github/workspace/mnt/ozone/hadoop-ozone/integration-test/target/test-dir/MiniOzoneClusterImpl-d98e4c18-9a08-44b7-83b8-49402f47e02b/datanode-0/data/ratis] (custom)
2020-07-22 13:35:47,858 [pool-347-thread-1] INFO  server.RaftServerConfigKeys (ConfUtils.java:logGet(44)) - raft.server.log.corruption.policy = EXCEPTION (default)
2020-07-22 13:35:47,858 [pool-347-thread-1] INFO  storage.RaftStorageDirectory (RaftStorageDirectory.java:analyzeStorage(261)) - The storage directory /github/workspace/mnt/ozone/hadoop-ozone/integration-test/target/test-dir/MiniOzoneClusterImpl-d98e4c18-9a08-44b7-83b8-49402f47e02b/datanode-0/data/ratis/d0820786-0575-428c-b8e6-5036543f5276 does not exist. Creating ...
2020-07-22 13:35:47,859 [pool-347-thread-1] INFO  storage.RaftStorageDirectory (RaftStorageDirectory.java:tryLock(343)) - Lock on /github/workspace/mnt/ozone/hadoop-ozone/integration-test/target/test-dir/MiniOzoneClusterImpl-d98e4c18-9a08-44b7-83b8-49402f47e02b/datanode-0/data/ratis/d0820786-0575-428c-b8e6-5036543f5276/in_use.lock acquired by nodename 5153@95ae26560d66
2020-07-22 13:35:47,860 [pool-347-thread-1] INFO  storage.RaftStorage (RaftStorage.java:format(84)) - Storage directory /github/workspace/mnt/ozone/hadoop-ozone/integration-test/target/test-dir/MiniOzoneClusterImpl-d98e4c18-9a08-44b7-83b8-49402f47e02b/datanode-0/data/ratis/d0820786-0575-428c-b8e6-5036543f5276 has been successfully formatted.
2020-07-22 13:35:47,861 [pool-347-thread-1] INFO  ratis.ContainerStateMachine (ContainerStateMachine.java:loadSnapshot(225)) - group-5036543F5276: The snapshot info is null. Setting the last applied indexto:(t:0, i:~)
2020-07-22 13:35:47,861 [pool-347-thread-1] INFO  server.RaftServerConfigKeys (ConfUtils.java:logGet(44)) - raft.server.notification.no-leader.timeout = 300000ms (custom)
2020-07-22 13:35:47,861 [pool-347-thread-1] INFO  server.RaftServerConfigKeys (ConfUtils.java:logGet(44)) - raft.server.log.use.memory = false (default)
2020-07-22 13:35:47,861 [pool-347-thread-1] INFO  server.RaftServerConfigKeys (ConfUtils.java:logGet(44)) - raft.server.log.purge.gap = 1000000 (custom)
2020-07-22 13:35:47,861 [pool-347-thread-1] INFO  metrics.RatisMetrics (RatisMetrics.java:lambda$create$0(36)) - Creating Metrics Registry : ratis.log_worker.533bc4e3-485c-4c45-abfa-e25747e2fc79@group-5036543F5276
2020-07-22 13:35:47,861 [pool-347-thread-1] INFO  server.RaftServerConfigKeys (ConfUtils.java:logGet(44)) - raft.server.log.appender.buffer.byte-limit = 33554432 (custom)
2020-07-22 13:35:47,861 [pool-347-thread-1] INFO  server.RaftServerConfigKeys (ConfUtils.java:logGet(44)) - raft.server.log.segment.size.max = 1048576 (custom)
2020-07-22 13:35:47,862 [pool-347-thread-1] INFO  server.RaftServerConfigKeys (ConfUtils.java:logGet(44)) - raft.server.log.segment.cache.num.max = 2 (custom)
2020-07-22 13:35:47,862 [pool-347-thread-1] INFO  segmented.SegmentedRaftLogWorker (SegmentedRaftLogWorker.java:<init>(180)) - new 533bc4e3-485c-4c45-abfa-e25747e2fc79@group-5036543F5276-SegmentedRaftLogWorker for RaftStorage:Storage Directory /github/workspace/mnt/ozone/hadoop-ozone/integration-test/target/test-dir/MiniOzoneClusterImpl-d98e4c18-9a08-44b7-83b8-49402f47e02b/datanode-0/data/ratis/d0820786-0575-428c-b8e6-5036543f5276
2020-07-22 13:35:47,862 [pool-347-thread-1] INFO  server.RaftServerConfigKeys (ConfUtils.java:logGet(44)) - raft.server.log.queue.byte-limit = 2147483647 (custom)
2020-07-22 13:35:47,862 [pool-347-thread-1] INFO  server.RaftServerConfigKeys (ConfUtils.java:logGet(44)) - raft.server.log.queue.element-limit = 1024 (custom)
2020-07-22 13:35:47,862 [pool-347-thread-1] INFO  server.RaftServerConfigKeys (ConfUtils.java:logGet(44)) - raft.server.log.segment.size.max = 1048576 (custom)
2020-07-22 13:35:47,862 [pool-347-thread-1] INFO  server.RaftServerConfigKeys (ConfUtils.java:logGet(44)) - raft.server.log.preallocated.size = 16384 (custom)
2020-07-22 13:35:47,862 [pool-347-thread-1] INFO  server.RaftServerConfigKeys (ConfUtils.java:logGet(44)) - raft.server.log.write.buffer.size = 1048576 (custom)
2020-07-22 13:35:47,862 [pool-347-thread-1] INFO  server.RaftServerConfigKeys (ConfUtils.java:logGet(44)) - raft.server.log.force.sync.num = 128 (default)
2020-07-22 13:35:47,863 [pool-347-thread-1] INFO  server.RaftServerConfigKeys (ConfUtils.java:logGet(44)) - raft.server.log.statemachine.data.sync = true (default)
2020-07-22 13:35:47,863 [pool-347-thread-1] INFO  server.RaftServerConfigKeys (ConfUtils.java:logGet(44)) - raft.server.log.statemachine.data.sync.timeout = 10s (default)
2020-07-22 13:35:47,863 [pool-347-thread-1] INFO  server.RaftServerConfigKeys (ConfUtils.java:logGet(44)) - raft.server.log.statemachine.data.sync.timeout.retry = -1 (default)
2020-07-22 13:35:47,864 [pool-347-thread-1] INFO  server.RaftServerConfigKeys (ConfUtils.java:logGet(44)) - raft.server.log.statemachine.data.caching.enabled = true (custom)
2020-07-22 13:35:47,864 [pool-347-thread-1] INFO  segmented.SegmentedRaftLogWorker (SegmentedRaftLogWorker.java:lambda$new$0(129)) - 533bc4e3-485c-4c45-abfa-e25747e2fc79@group-5036543F5276-SegmentedRaftLogWorker: flushIndex: setUnconditionally 0 -> -1
2020-07-22 13:35:47,864 [pool-347-thread-1] INFO  segmented.SegmentedRaftLogWorker (SegmentedRaftLogWorker.java:lambda$new$0(129)) - 533bc4e3-485c-4c45-abfa-e25747e2fc79@group-5036543F5276-SegmentedRaftLogWorker: safeCacheEvictIndex: setUnconditionally 0 -> -1
2020-07-22 13:35:47,865 [pool-347-thread-1] INFO  server.RaftServerConfigKeys (ConfUtils.java:logGet(44)) - raft.server.snapshot.auto.trigger.enabled = true (custom)
2020-07-22 13:35:47,865 [pool-347-thread-1] INFO  server.RaftServerConfigKeys (ConfUtils.java:logGet(44)) - raft.server.snapshot.auto.trigger.threshold = 10000 (custom)
2020-07-22 13:35:47,865 [pool-347-thread-1] INFO  server.RaftServerConfigKeys (ConfUtils.java:logGet(44)) - raft.server.snapshot.retention.file.num = 5 (custom)
2020-07-22 13:35:47,865 [pool-347-thread-1] INFO  server.RaftServerConfigKeys (ConfUtils.java:logGet(44)) - raft.server.log.purge.upto.snapshot.index = false (default)
2020-07-22 13:35:47,865 [pool-347-thread-1] INFO  server.RaftServerConfigKeys (ConfUtils.java:logGet(44)) - raft.server.retrycache.expirytime = 600000ms (custom)
2020-07-22 13:35:47,865 [pool-347-thread-1] INFO  metrics.RatisMetrics (RatisMetrics.java:lambda$create$0(36)) - Creating Metrics Registry : ratis.leader_election.533bc4e3-485c-4c45-abfa-e25747e2fc79@group-5036543F5276
2020-07-22 13:35:47,866 [pool-347-thread-1] INFO  metrics.RatisMetrics (RatisMetrics.java:lambda$create$0(36)) - Creating Metrics Registry : ratis.server.533bc4e3-485c-4c45-abfa-e25747e2fc79@group-5036543F5276
2020-07-22 13:35:47,867 [pool-347-thread-1] INFO  impl.RaftServerImpl (RaftServerImpl.java:start(196)) - 533bc4e3-485c-4c45-abfa-e25747e2fc79@group-5036543F5276: start as a follower, conf=-1: [bf4a83d9-7bab-4b6f-8392-1b3160a0da61:172.17.0.2:41481, 533bc4e3-485c-4c45-abfa-e25747e2fc79:172.17.0.2:41681, 8d5d3460-f504-40b5-aaaf-08a8f79d520e:172.17.0.2:46575], old=null
2020-07-22 13:35:47,867 [pool-347-thread-1] INFO  impl.RaftServerImpl (RaftServerImpl.java:setRole(185)) - 533bc4e3-485c-4c45-abfa-e25747e2fc79@group-5036543F5276: changes role from      null to FOLLOWER at term 0 for startAsFollower
2020-07-22 13:35:47,867 [pool-347-thread-1] INFO  impl.RoleInfo (RoleInfo.java:updateAndGet(143)) - 533bc4e3-485c-4c45-abfa-e25747e2fc79: start FollowerState
2020-07-22 13:35:47,867 [pool-347-thread-1] INFO  util.JmxRegister (JmxRegister.java:tryRegister(44)) - Successfully registered JMX Bean with object name Ratis:service=RaftServer,group=group-5036543F5276,id=533bc4e3-485c-4c45-abfa-e25747e2fc79
2020-07-22 13:35:47,867 [pool-347-thread-1] INFO  metrics.RatisMetrics (RatisMetrics.java:lambda$create$0(36)) - Creating Metrics Registry : ratis.state_machine.533bc4e3-485c-4c45-abfa-e25747e2fc79@group-5036543F5276
2020-07-22 13:35:47,889 [grpc-default-executor-7] INFO  impl.RaftServerProxy (RaftServerProxy.java:addNew(89)) - bf4a83d9-7bab-4b6f-8392-1b3160a0da61: addNew group-5036543F5276:[bf4a83d9-7bab-4b6f-8392-1b3160a0da61:172.17.0.2:41481, 533bc4e3-485c-4c45-abfa-e25747e2fc79:172.17.0.2:41681, 8d5d3460-f504-40b5-aaaf-08a8f79d520e:172.17.0.2:46575] returns group-5036543F5276:java.util.concurrent.CompletableFuture@2c3bd222[Not completed]
2020-07-22 13:35:47,890 [pool-377-thread-1] INFO  impl.RaftServerImpl (RaftServerImpl.java:<init>(107)) - bf4a83d9-7bab-4b6f-8392-1b3160a0da61: new RaftServerImpl for group-5036543F5276:[bf4a83d9-7bab-4b6f-8392-1b3160a0da61:172.17.0.2:41481, 533bc4e3-485c-4c45-abfa-e25747e2fc79:172.17.0.2:41681, 8d5d3460-f504-40b5-aaaf-08a8f79d520e:172.17.0.2:46575] with ContainerStateMachine:uninitialized
2020-07-22 13:35:47,891 [pool-377-thread-1] INFO  server.RaftServerConfigKeys (ConfUtils.java:logGet(44)) - raft.server.rpc.timeout.min = 5s (custom)
2020-07-22 13:35:47,891 [pool-377-thread-1] INFO  server.RaftServerConfigKeys (ConfUtils.java:logGet(44)) - raft.server.rpc.timeout.max = 5200ms (custom)
2020-07-22 13:35:47,891 [pool-377-thread-1] INFO  server.RaftServerConfigKeys (ConfUtils.java:logGet(44)) - raft.server.rpcslowness.timeout = 300000ms (custom)
2020-07-22 13:35:47,891 [pool-377-thread-1] INFO  server.RaftServerConfigKeys (ConfUtils.java:logGet(44)) - raft.server.sleep.deviation.threshold = 300 (default)
2020-07-22 13:35:47,891 [pool-377-thread-1] INFO  server.RaftServerConfigKeys (ConfUtils.java:logGet(44)) - raft.server.log.appender.install.snapshot.enabled = false (custom)
2020-07-22 13:35:47,892 [pool-377-thread-1] INFO  impl.RaftServerImpl (ServerState.java:<init>(103)) - bf4a83d9-7bab-4b6f-8392-1b3160a0da61@group-5036543F5276: ConfigurationManager, init=-1: [bf4a83d9-7bab-4b6f-8392-1b3160a0da61:172.17.0.2:41481, 533bc4e3-485c-4c45-abfa-e25747e2fc79:172.17.0.2:41681, 8d5d3460-f504-40b5-aaaf-08a8f79d520e:172.17.0.2:46575], old=null, confs=<EMPTY_MAP>
2020-07-22 13:35:47,892 [pool-377-thread-1] INFO  server.RaftServerConfigKeys (ConfUtils.java:logGet(44)) - raft.server.storage.dir = [/github/workspace/mnt/ozone/hadoop-ozone/integration-test/target/test-dir/MiniOzoneClusterImpl-d98e4c18-9a08-44b7-83b8-49402f47e02b/datanode-2/data/ratis] (custom)
2020-07-22 13:35:47,892 [pool-377-thread-1] INFO  server.RaftServerConfigKeys (ConfUtils.java:logGet(44)) - raft.server.log.corruption.policy = EXCEPTION (default)
2020-07-22 13:35:47,892 [pool-377-thread-1] INFO  storage.RaftStorageDirectory (RaftStorageDirectory.java:analyzeStorage(261)) - The storage directory /github/workspace/mnt/ozone/hadoop-ozone/integration-test/target/test-dir/MiniOzoneClusterImpl-d98e4c18-9a08-44b7-83b8-49402f47e02b/datanode-2/data/ratis/d0820786-0575-428c-b8e6-5036543f5276 does not exist. Creating ...
2020-07-22 13:35:47,893 [pool-377-thread-1] INFO  storage.RaftStorageDirectory (RaftStorageDirectory.java:tryLock(343)) - Lock on /github/workspace/mnt/ozone/hadoop-ozone/integration-test/target/test-dir/MiniOzoneClusterImpl-d98e4c18-9a08-44b7-83b8-49402f47e02b/datanode-2/data/ratis/d0820786-0575-428c-b8e6-5036543f5276/in_use.lock acquired by nodename 5153@95ae26560d66
2020-07-22 13:35:47,894 [pool-377-thread-1] INFO  storage.RaftStorage (RaftStorage.java:format(84)) - Storage directory /github/workspace/mnt/ozone/hadoop-ozone/integration-test/target/test-dir/MiniOzoneClusterImpl-d98e4c18-9a08-44b7-83b8-49402f47e02b/datanode-2/data/ratis/d0820786-0575-428c-b8e6-5036543f5276 has been successfully formatted.
2020-07-22 13:35:47,895 [pool-377-thread-1] INFO  ratis.ContainerStateMachine (ContainerStateMachine.java:loadSnapshot(225)) - group-5036543F5276: The snapshot info is null. Setting the last applied indexto:(t:0, i:~)
2020-07-22 13:35:47,896 [pool-377-thread-1] INFO  server.RaftServerConfigKeys (ConfUtils.java:logGet(44)) - raft.server.notification.no-leader.timeout = 300000ms (custom)
2020-07-22 13:35:47,896 [pool-377-thread-1] INFO  server.RaftServerConfigKeys (ConfUtils.java:logGet(44)) - raft.server.log.use.memory = false (default)
2020-07-22 13:35:47,896 [pool-377-thread-1] INFO  server.RaftServerConfigKeys (ConfUtils.java:logGet(44)) - raft.server.log.purge.gap = 1000000 (custom)
2020-07-22 13:35:47,896 [pool-377-thread-1] INFO  metrics.RatisMetrics (RatisMetrics.java:lambda$create$0(36)) - Creating Metrics Registry : ratis.log_worker.bf4a83d9-7bab-4b6f-8392-1b3160a0da61@group-5036543F5276
2020-07-22 13:35:47,896 [pool-377-thread-1] INFO  server.RaftServerConfigKeys (ConfUtils.java:logGet(44)) - raft.server.log.appender.buffer.byte-limit = 33554432 (custom)
2020-07-22 13:35:47,896 [pool-377-thread-1] INFO  server.RaftServerConfigKeys (ConfUtils.java:logGet(44)) - raft.server.log.segment.size.max = 1048576 (custom)
2020-07-22 13:35:47,897 [pool-377-thread-1] INFO  server.RaftServerConfigKeys (ConfUtils.java:logGet(44)) - raft.server.log.segment.cache.num.max = 2 (custom)
2020-07-22 13:35:47,897 [pool-377-thread-1] INFO  segmented.SegmentedRaftLogWorker (SegmentedRaftLogWorker.java:<init>(180)) - new bf4a83d9-7bab-4b6f-8392-1b3160a0da61@group-5036543F5276-SegmentedRaftLogWorker for RaftStorage:Storage Directory /github/workspace/mnt/ozone/hadoop-ozone/integration-test/target/test-dir/MiniOzoneClusterImpl-d98e4c18-9a08-44b7-83b8-49402f47e02b/datanode-2/data/ratis/d0820786-0575-428c-b8e6-5036543f5276
2020-07-22 13:35:47,897 [pool-377-thread-1] INFO  server.RaftServerConfigKeys (ConfUtils.java:logGet(44)) - raft.server.log.queue.byte-limit = 2147483647 (custom)
2020-07-22 13:35:47,897 [pool-377-thread-1] INFO  server.RaftServerConfigKeys (ConfUtils.java:logGet(44)) - raft.server.log.queue.element-limit = 1024 (custom)
2020-07-22 13:35:47,897 [pool-377-thread-1] INFO  server.RaftServerConfigKeys (ConfUtils.java:logGet(44)) - raft.server.log.segment.size.max = 1048576 (custom)
2020-07-22 13:35:47,897 [pool-377-thread-1] INFO  server.RaftServerConfigKeys (ConfUtils.java:logGet(44)) - raft.server.log.preallocated.size = 16384 (custom)
2020-07-22 13:35:47,897 [pool-377-thread-1] INFO  server.RaftServerConfigKeys (ConfUtils.java:logGet(44)) - raft.server.log.write.buffer.size = 1048576 (custom)
2020-07-22 13:35:47,897 [pool-377-thread-1] INFO  server.RaftServerConfigKeys (ConfUtils.java:logGet(44)) - raft.server.log.force.sync.num = 128 (default)
2020-07-22 13:35:47,898 [pool-377-thread-1] INFO  server.RaftServerConfigKeys (ConfUtils.java:logGet(44)) - raft.server.log.statemachine.data.sync = true (default)
2020-07-22 13:35:47,898 [pool-377-thread-1] INFO  server.RaftServerConfigKeys (ConfUtils.java:logGet(44)) - raft.server.log.statemachine.data.sync.timeout = 10s (default)
2020-07-22 13:35:47,898 [pool-377-thread-1] INFO  server.RaftServerConfigKeys (ConfUtils.java:logGet(44)) - raft.server.log.statemachine.data.sync.timeout.retry = -1 (default)
2020-07-22 13:35:47,900 [pool-377-thread-1] INFO  server.RaftServerConfigKeys (ConfUtils.java:logGet(44)) - raft.server.log.statemachine.data.caching.enabled = true (custom)
2020-07-22 13:35:47,900 [pool-377-thread-1] INFO  segmented.SegmentedRaftLogWorker (SegmentedRaftLogWorker.java:lambda$new$0(129)) - bf4a83d9-7bab-4b6f-8392-1b3160a0da61@group-5036543F5276-SegmentedRaftLogWorker: flushIndex: setUnconditionally 0 -> -1
2020-07-22 13:35:47,900 [pool-377-thread-1] INFO  segmented.SegmentedRaftLogWorker (SegmentedRaftLogWorker.java:lambda$new$0(129)) - bf4a83d9-7bab-4b6f-8392-1b3160a0da61@group-5036543F5276-SegmentedRaftLogWorker: safeCacheEvictIndex: setUnconditionally 0 -> -1
2020-07-22 13:35:47,900 [pool-377-thread-1] INFO  server.RaftServerConfigKeys (ConfUtils.java:logGet(44)) - raft.server.snapshot.auto.trigger.enabled = true (custom)
2020-07-22 13:35:47,900 [pool-377-thread-1] INFO  server.RaftServerConfigKeys (ConfUtils.java:logGet(44)) - raft.server.snapshot.auto.trigger.threshold = 10000 (custom)
2020-07-22 13:35:47,900 [pool-377-thread-1] INFO  server.RaftServerConfigKeys (ConfUtils.java:logGet(44)) - raft.server.snapshot.retention.file.num = 5 (custom)
2020-07-22 13:35:47,900 [pool-377-thread-1] INFO  server.RaftServerConfigKeys (ConfUtils.java:logGet(44)) - raft.server.log.purge.upto.snapshot.index = false (default)
2020-07-22 13:35:47,900 [pool-377-thread-1] INFO  server.RaftServerConfigKeys (ConfUtils.java:logGet(44)) - raft.server.retrycache.expirytime = 600000ms (custom)
2020-07-22 13:35:47,900 [pool-377-thread-1] INFO  metrics.RatisMetrics (RatisMetrics.java:lambda$create$0(36)) - Creating Metrics Registry : ratis.leader_election.bf4a83d9-7bab-4b6f-8392-1b3160a0da61@group-5036543F5276
2020-07-22 13:35:47,901 [pool-377-thread-1] INFO  metrics.RatisMetrics (RatisMetrics.java:lambda$create$0(36)) - Creating Metrics Registry : ratis.server.bf4a83d9-7bab-4b6f-8392-1b3160a0da61@group-5036543F5276
2020-07-22 13:35:47,902 [pool-377-thread-1] INFO  impl.RaftServerImpl (RaftServerImpl.java:start(196)) - bf4a83d9-7bab-4b6f-8392-1b3160a0da61@group-5036543F5276: start as a follower, conf=-1: [bf4a83d9-7bab-4b6f-8392-1b3160a0da61:172.17.0.2:41481, 533bc4e3-485c-4c45-abfa-e25747e2fc79:172.17.0.2:41681, 8d5d3460-f504-40b5-aaaf-08a8f79d520e:172.17.0.2:46575], old=null
2020-07-22 13:35:47,902 [pool-377-thread-1] INFO  impl.RaftServerImpl (RaftServerImpl.java:setRole(185)) - bf4a83d9-7bab-4b6f-8392-1b3160a0da61@group-5036543F5276: changes role from      null to FOLLOWER at term 0 for startAsFollower
2020-07-22 13:35:47,902 [pool-377-thread-1] INFO  impl.RoleInfo (RoleInfo.java:updateAndGet(143)) - bf4a83d9-7bab-4b6f-8392-1b3160a0da61: start FollowerState
2020-07-22 13:35:47,903 [pool-377-thread-1] INFO  util.JmxRegister (JmxRegister.java:tryRegister(44)) - Successfully registered JMX Bean with object name Ratis:service=RaftServer,group=group-5036543F5276,id=bf4a83d9-7bab-4b6f-8392-1b3160a0da61
2020-07-22 13:35:47,903 [pool-377-thread-1] INFO  metrics.RatisMetrics (RatisMetrics.java:lambda$create$0(36)) - Creating Metrics Registry : ratis.state_machine.bf4a83d9-7bab-4b6f-8392-1b3160a0da61@group-5036543F5276
2020-07-22 13:35:47,915 [grpc-default-executor-7] INFO  impl.RaftServerProxy (RaftServerProxy.java:addNew(89)) - 8d5d3460-f504-40b5-aaaf-08a8f79d520e: addNew group-5036543F5276:[bf4a83d9-7bab-4b6f-8392-1b3160a0da61:172.17.0.2:41481, 533bc4e3-485c-4c45-abfa-e25747e2fc79:172.17.0.2:41681, 8d5d3460-f504-40b5-aaaf-08a8f79d520e:172.17.0.2:46575] returns group-5036543F5276:java.util.concurrent.CompletableFuture@2e79b9e4[Not completed]
2020-07-22 13:35:47,915 [pool-362-thread-1] INFO  impl.RaftServerImpl (RaftServerImpl.java:<init>(107)) - 8d5d3460-f504-40b5-aaaf-08a8f79d520e: new RaftServerImpl for group-5036543F5276:[bf4a83d9-7bab-4b6f-8392-1b3160a0da61:172.17.0.2:41481, 533bc4e3-485c-4c45-abfa-e25747e2fc79:172.17.0.2:41681, 8d5d3460-f504-40b5-aaaf-08a8f79d520e:172.17.0.2:46575] with ContainerStateMachine:uninitialized
2020-07-22 13:35:47,915 [pool-362-thread-1] INFO  server.RaftServerConfigKeys (ConfUtils.java:logGet(44)) - raft.server.rpc.timeout.min = 5s (custom)
2020-07-22 13:35:47,915 [pool-362-thread-1] INFO  server.RaftServerConfigKeys (ConfUtils.java:logGet(44)) - raft.server.rpc.timeout.max = 5200ms (custom)
2020-07-22 13:35:47,916 [pool-362-thread-1] INFO  server.RaftServerConfigKeys (ConfUtils.java:logGet(44)) - raft.server.rpcslowness.timeout = 300000ms (custom)
2020-07-22 13:35:47,916 [pool-362-thread-1] INFO  server.RaftServerConfigKeys (ConfUtils.java:logGet(44)) - raft.server.sleep.deviation.threshold = 300 (default)
2020-07-22 13:35:47,916 [pool-362-thread-1] INFO  server.RaftServerConfigKeys (ConfUtils.java:logGet(44)) - raft.server.log.appender.install.snapshot.enabled = false (custom)
2020-07-22 13:35:47,916 [pool-362-thread-1] INFO  impl.RaftServerImpl (ServerState.java:<init>(103)) - 8d5d3460-f504-40b5-aaaf-08a8f79d520e@group-5036543F5276: ConfigurationManager, init=-1: [bf4a83d9-7bab-4b6f-8392-1b3160a0da61:172.17.0.2:41481, 533bc4e3-485c-4c45-abfa-e25747e2fc79:172.17.0.2:41681, 8d5d3460-f504-40b5-aaaf-08a8f79d520e:172.17.0.2:46575], old=null, confs=<EMPTY_MAP>
2020-07-22 13:35:47,916 [pool-362-thread-1] INFO  server.RaftServerConfigKeys (ConfUtils.java:logGet(44)) - raft.server.storage.dir = [/github/workspace/mnt/ozone/hadoop-ozone/integration-test/target/test-dir/MiniOzoneClusterImpl-d98e4c18-9a08-44b7-83b8-49402f47e02b/datanode-1/data/ratis] (custom)
2020-07-22 13:35:47,916 [pool-362-thread-1] INFO  server.RaftServerConfigKeys (ConfUtils.java:logGet(44)) - raft.server.log.corruption.policy = EXCEPTION (default)
2020-07-22 13:35:47,916 [pool-362-thread-1] INFO  storage.RaftStorageDirectory (RaftStorageDirectory.java:analyzeStorage(261)) - The storage directory /github/workspace/mnt/ozone/hadoop-ozone/integration-test/target/test-dir/MiniOzoneClusterImpl-d98e4c18-9a08-44b7-83b8-49402f47e02b/datanode-1/data/ratis/d0820786-0575-428c-b8e6-5036543f5276 does not exist. Creating ...
2020-07-22 13:35:47,917 [pool-362-thread-1] INFO  storage.RaftStorageDirectory (RaftStorageDirectory.java:tryLock(343)) - Lock on /github/workspace/mnt/ozone/hadoop-ozone/integration-test/target/test-dir/MiniOzoneClusterImpl-d98e4c18-9a08-44b7-83b8-49402f47e02b/datanode-1/data/ratis/d0820786-0575-428c-b8e6-5036543f5276/in_use.lock acquired by nodename 5153@95ae26560d66
2020-07-22 13:35:47,918 [pool-362-thread-1] INFO  storage.RaftStorage (RaftStorage.java:format(84)) - Storage directory /github/workspace/mnt/ozone/hadoop-ozone/integration-test/target/test-dir/MiniOzoneClusterImpl-d98e4c18-9a08-44b7-83b8-49402f47e02b/datanode-1/data/ratis/d0820786-0575-428c-b8e6-5036543f5276 has been successfully formatted.
2020-07-22 13:35:47,920 [pool-362-thread-1] INFO  ratis.ContainerStateMachine (ContainerStateMachine.java:loadSnapshot(225)) - group-5036543F5276: The snapshot info is null. Setting the last applied indexto:(t:0, i:~)
2020-07-22 13:35:47,921 [pool-362-thread-1] INFO  server.RaftServerConfigKeys (ConfUtils.java:logGet(44)) - raft.server.notification.no-leader.timeout = 300000ms (custom)
2020-07-22 13:35:47,922 [pool-362-thread-1] INFO  server.RaftServerConfigKeys (ConfUtils.java:logGet(44)) - raft.server.log.use.memory = false (default)
2020-07-22 13:35:47,922 [pool-362-thread-1] INFO  server.RaftServerConfigKeys (ConfUtils.java:logGet(44)) - raft.server.log.purge.gap = 1000000 (custom)
2020-07-22 13:35:47,922 [pool-362-thread-1] INFO  metrics.RatisMetrics (RatisMetrics.java:lambda$create$0(36)) - Creating Metrics Registry : ratis.log_worker.8d5d3460-f504-40b5-aaaf-08a8f79d520e@group-5036543F5276
2020-07-22 13:35:47,922 [pool-362-thread-1] INFO  server.RaftServerConfigKeys (ConfUtils.java:logGet(44)) - raft.server.log.appender.buffer.byte-limit = 33554432 (custom)
2020-07-22 13:35:47,922 [pool-362-thread-1] INFO  server.RaftServerConfigKeys (ConfUtils.java:logGet(44)) - raft.server.log.segment.size.max = 1048576 (custom)
2020-07-22 13:35:47,923 [pool-362-thread-1] INFO  server.RaftServerConfigKeys (ConfUtils.java:logGet(44)) - raft.server.log.segment.cache.num.max = 2 (custom)
2020-07-22 13:35:47,923 [pool-362-thread-1] INFO  segmented.SegmentedRaftLogWorker (SegmentedRaftLogWorker.java:<init>(180)) - new 8d5d3460-f504-40b5-aaaf-08a8f79d520e@group-5036543F5276-SegmentedRaftLogWorker for RaftStorage:Storage Directory /github/workspace/mnt/ozone/hadoop-ozone/integration-test/target/test-dir/MiniOzoneClusterImpl-d98e4c18-9a08-44b7-83b8-49402f47e02b/datanode-1/data/ratis/d0820786-0575-428c-b8e6-5036543f5276
2020-07-22 13:35:47,923 [pool-362-thread-1] INFO  server.RaftServerConfigKeys (ConfUtils.java:logGet(44)) - raft.server.log.queue.byte-limit = 2147483647 (custom)
2020-07-22 13:35:47,923 [pool-362-thread-1] INFO  server.RaftServerConfigKeys (ConfUtils.java:logGet(44)) - raft.server.log.queue.element-limit = 1024 (custom)
2020-07-22 13:35:47,923 [pool-362-thread-1] INFO  server.RaftServerConfigKeys (ConfUtils.java:logGet(44)) - raft.server.log.segment.size.max = 1048576 (custom)
2020-07-22 13:35:47,923 [pool-362-thread-1] INFO  server.RaftServerConfigKeys (ConfUtils.java:logGet(44)) - raft.server.log.preallocated.size = 16384 (custom)
2020-07-22 13:35:47,923 [pool-362-thread-1] INFO  server.RaftServerConfigKeys (ConfUtils.java:logGet(44)) - raft.server.log.write.buffer.size = 1048576 (custom)
2020-07-22 13:35:47,923 [pool-362-thread-1] INFO  server.RaftServerConfigKeys (ConfUtils.java:logGet(44)) - raft.server.log.force.sync.num = 128 (default)
2020-07-22 13:35:47,923 [pool-362-thread-1] INFO  server.RaftServerConfigKeys (ConfUtils.java:logGet(44)) - raft.server.log.statemachine.data.sync = true (default)
2020-07-22 13:35:47,923 [pool-362-thread-1] INFO  server.RaftServerConfigKeys (ConfUtils.java:logGet(44)) - raft.server.log.statemachine.data.sync.timeout = 10s (default)
2020-07-22 13:35:47,923 [pool-362-thread-1] INFO  server.RaftServerConfigKeys (ConfUtils.java:logGet(44)) - raft.server.log.statemachine.data.sync.timeout.retry = -1 (default)
2020-07-22 13:35:47,925 [pool-362-thread-1] INFO  server.RaftServerConfigKeys (ConfUtils.java:logGet(44)) - raft.server.log.statemachine.data.caching.enabled = true (custom)
2020-07-22 13:35:47,925 [pool-362-thread-1] INFO  segmented.SegmentedRaftLogWorker (SegmentedRaftLogWorker.java:lambda$new$0(129)) - 8d5d3460-f504-40b5-aaaf-08a8f79d520e@group-5036543F5276-SegmentedRaftLogWorker: flushIndex: setUnconditionally 0 -> -1
2020-07-22 13:35:47,925 [pool-362-thread-1] INFO  segmented.SegmentedRaftLogWorker (SegmentedRaftLogWorker.java:lambda$new$0(129)) - 8d5d3460-f504-40b5-aaaf-08a8f79d520e@group-5036543F5276-SegmentedRaftLogWorker: safeCacheEvictIndex: setUnconditionally 0 -> -1
2020-07-22 13:35:47,926 [pool-362-thread-1] INFO  server.RaftServerConfigKeys (ConfUtils.java:logGet(44)) - raft.server.snapshot.auto.trigger.enabled = true (custom)
2020-07-22 13:35:47,926 [pool-362-thread-1] INFO  server.RaftServerConfigKeys (ConfUtils.java:logGet(44)) - raft.server.snapshot.auto.trigger.threshold = 10000 (custom)
2020-07-22 13:35:47,926 [pool-362-thread-1] INFO  server.RaftServerConfigKeys (ConfUtils.java:logGet(44)) - raft.server.snapshot.retention.file.num = 5 (custom)
2020-07-22 13:35:47,926 [pool-362-thread-1] INFO  server.RaftServerConfigKeys (ConfUtils.java:logGet(44)) - raft.server.log.purge.upto.snapshot.index = false (default)
2020-07-22 13:35:47,926 [pool-362-thread-1] INFO  server.RaftServerConfigKeys (ConfUtils.java:logGet(44)) - raft.server.retrycache.expirytime = 600000ms (custom)
2020-07-22 13:35:47,926 [pool-362-thread-1] INFO  metrics.RatisMetrics (RatisMetrics.java:lambda$create$0(36)) - Creating Metrics Registry : ratis.leader_election.8d5d3460-f504-40b5-aaaf-08a8f79d520e@group-5036543F5276
2020-07-22 13:35:47,926 [pool-362-thread-1] INFO  metrics.RatisMetrics (RatisMetrics.java:lambda$create$0(36)) - Creating Metrics Registry : ratis.server.8d5d3460-f504-40b5-aaaf-08a8f79d520e@group-5036543F5276
2020-07-22 13:35:47,928 [pool-362-thread-1] INFO  impl.RaftServerImpl (RaftServerImpl.java:start(196)) - 8d5d3460-f504-40b5-aaaf-08a8f79d520e@group-5036543F5276: start as a follower, conf=-1: [bf4a83d9-7bab-4b6f-8392-1b3160a0da61:172.17.0.2:41481, 533bc4e3-485c-4c45-abfa-e25747e2fc79:172.17.0.2:41681, 8d5d3460-f504-40b5-aaaf-08a8f79d520e:172.17.0.2:46575], old=null
2020-07-22 13:35:47,928 [pool-362-thread-1] INFO  impl.RaftServerImpl (RaftServerImpl.java:setRole(185)) - 8d5d3460-f504-40b5-aaaf-08a8f79d520e@group-5036543F5276: changes role from      null to FOLLOWER at term 0 for startAsFollower
2020-07-22 13:35:47,928 [pool-362-thread-1] INFO  impl.RoleInfo (RoleInfo.java:updateAndGet(143)) - 8d5d3460-f504-40b5-aaaf-08a8f79d520e: start FollowerState
2020-07-22 13:35:47,928 [pool-362-thread-1] INFO  util.JmxRegister (JmxRegister.java:tryRegister(44)) - Successfully registered JMX Bean with object name Ratis:service=RaftServer,group=group-5036543F5276,id=8d5d3460-f504-40b5-aaaf-08a8f79d520e
2020-07-22 13:35:47,928 [pool-362-thread-1] INFO  metrics.RatisMetrics (RatisMetrics.java:lambda$create$0(36)) - Creating Metrics Registry : ratis.state_machine.8d5d3460-f504-40b5-aaaf-08a8f79d520e@group-5036543F5276
2020-07-22 13:35:47,931 [Command processor thread] INFO  impl.RaftServerProxy (RaftServerProxy.java:addNew(89)) - 8d5d3460-f504-40b5-aaaf-08a8f79d520e: addNew group-6D6A24F4707F:[8d5d3460-f504-40b5-aaaf-08a8f79d520e:172.17.0.2:46575] returns group-6D6A24F4707F:java.util.concurrent.CompletableFuture@23cdbeaf[Not completed]
2020-07-22 13:35:47,932 [pool-362-thread-1] INFO  impl.RaftServerImpl (RaftServerImpl.java:<init>(107)) - 8d5d3460-f504-40b5-aaaf-08a8f79d520e: new RaftServerImpl for group-6D6A24F4707F:[8d5d3460-f504-40b5-aaaf-08a8f79d520e:172.17.0.2:46575] with ContainerStateMachine:uninitialized
2020-07-22 13:35:47,932 [pool-362-thread-1] INFO  server.RaftServerConfigKeys (ConfUtils.java:logGet(44)) - raft.server.rpc.timeout.min = 5s (custom)
2020-07-22 13:35:47,932 [pool-362-thread-1] INFO  server.RaftServerConfigKeys (ConfUtils.java:logGet(44)) - raft.server.rpc.timeout.max = 5200ms (custom)
2020-07-22 13:35:47,932 [pool-362-thread-1] INFO  server.RaftServerConfigKeys (ConfUtils.java:logGet(44)) - raft.server.rpcslowness.timeout = 300000ms (custom)
2020-07-22 13:35:47,932 [pool-362-thread-1] INFO  server.RaftServerConfigKeys (ConfUtils.java:logGet(44)) - raft.server.sleep.deviation.threshold = 300 (default)
2020-07-22 13:35:47,932 [pool-362-thread-1] INFO  server.RaftServerConfigKeys (ConfUtils.java:logGet(44)) - raft.server.log.appender.install.snapshot.enabled = false (custom)
2020-07-22 13:35:47,932 [pool-362-thread-1] INFO  impl.RaftServerImpl (ServerState.java:<init>(103)) - 8d5d3460-f504-40b5-aaaf-08a8f79d520e@group-6D6A24F4707F: ConfigurationManager, init=-1: [8d5d3460-f504-40b5-aaaf-08a8f79d520e:172.17.0.2:46575], old=null, confs=<EMPTY_MAP>
2020-07-22 13:35:47,932 [pool-362-thread-1] INFO  server.RaftServerConfigKeys (ConfUtils.java:logGet(44)) - raft.server.storage.dir = [/github/workspace/mnt/ozone/hadoop-ozone/integration-test/target/test-dir/MiniOzoneClusterImpl-d98e4c18-9a08-44b7-83b8-49402f47e02b/datanode-1/data/ratis] (custom)
2020-07-22 13:35:47,936 [pool-362-thread-1] INFO  server.RaftServerConfigKeys (ConfUtils.java:logGet(44)) - raft.server.log.corruption.policy = EXCEPTION (default)
2020-07-22 13:35:47,938 [pool-362-thread-1] INFO  storage.RaftStorageDirectory (RaftStorageDirectory.java:analyzeStorage(261)) - The storage directory /github/workspace/mnt/ozone/hadoop-ozone/integration-test/target/test-dir/MiniOzoneClusterImpl-d98e4c18-9a08-44b7-83b8-49402f47e02b/datanode-1/data/ratis/6664dc2c-c097-41e2-b5e3-6d6a24f4707f does not exist. Creating ...
2020-07-22 13:35:47,937 [Command processor thread] INFO  commandhandler.CreatePipelineCommandHandler (CreatePipelineCommandHandler.java:handle(109)) - Created Pipeline RATIS THREE #id: "d0820786-0575-428c-b8e6-5036543f5276"
uuid128 {
  mostSigBits: -3422164494649572724
  leastSigBits: -5123319331815468426
}
.
2020-07-22 13:35:47,938 [pool-362-thread-1] INFO  storage.RaftStorageDirectory (RaftStorageDirectory.java:tryLock(343)) - Lock on /github/workspace/mnt/ozone/hadoop-ozone/integration-test/target/test-dir/MiniOzoneClusterImpl-d98e4c18-9a08-44b7-83b8-49402f47e02b/datanode-1/data/ratis/6664dc2c-c097-41e2-b5e3-6d6a24f4707f/in_use.lock acquired by nodename 5153@95ae26560d66
2020-07-22 13:35:47,939 [pool-362-thread-1] INFO  storage.RaftStorage (RaftStorage.java:format(84)) - Storage directory /github/workspace/mnt/ozone/hadoop-ozone/integration-test/target/test-dir/MiniOzoneClusterImpl-d98e4c18-9a08-44b7-83b8-49402f47e02b/datanode-1/data/ratis/6664dc2c-c097-41e2-b5e3-6d6a24f4707f has been successfully formatted.
2020-07-22 13:35:47,940 [pool-362-thread-1] INFO  ratis.ContainerStateMachine (ContainerStateMachine.java:loadSnapshot(225)) - group-6D6A24F4707F: The snapshot info is null. Setting the last applied indexto:(t:0, i:~)
2020-07-22 13:35:47,940 [pool-362-thread-1] INFO  server.RaftServerConfigKeys (ConfUtils.java:logGet(44)) - raft.server.notification.no-leader.timeout = 300000ms (custom)
2020-07-22 13:35:47,940 [EventQueue-PipelineReportForPipelineReportHandler] INFO  pipeline.PipelineStateManager (PipelineStateManager.java:openPipeline(131)) - Pipeline Pipeline[ Id: 6664dc2c-c097-41e2-b5e3-6d6a24f4707f, Nodes: 8d5d3460-f504-40b5-aaaf-08a8f79d520e{ip: 172.17.0.2, host: 95ae26560d66, networkLocation: /default-rack, certSerialId: null}, Type:RATIS, Factor:ONE, State:ALLOCATED, leaderId:8d5d3460-f504-40b5-aaaf-08a8f79d520e, CreationTimestamp2020-07-22T13:35:44.933Z] moved to OPEN state
2020-07-22 13:35:47,940 [EventQueue-OpenPipelineForHealthyPipelineSafeModeRule] INFO  safemode.SCMSafeModeManager (HealthyPipelineSafeModeRule.java:process(129)) - SCM in safe mode. Healthy pipelines reported count is 0, required healthy pipeline reported count is 1
2020-07-22 13:35:47,940 [EventQueue-OpenPipelineForOneReplicaPipelineSafeModeRule] INFO  safemode.SCMSafeModeManager (SCMSafeModeManager.java:validateSafeModeExitRules(214)) - AtleastOneDatanodeReportedRule rule is successfully validated
2020-07-22 13:35:47,941 [pool-362-thread-1] INFO  server.RaftServerConfigKeys (ConfUtils.java:logGet(44)) - raft.server.log.use.memory = false (default)
2020-07-22 13:35:47,941 [pool-362-thread-1] INFO  server.RaftServerConfigKeys (ConfUtils.java:logGet(44)) - raft.server.log.purge.gap = 1000000 (custom)
2020-07-22 13:35:47,941 [pool-362-thread-1] INFO  metrics.RatisMetrics (RatisMetrics.java:lambda$create$0(36)) - Creating Metrics Registry : ratis.log_worker.8d5d3460-f504-40b5-aaaf-08a8f79d520e@group-6D6A24F4707F
2020-07-22 13:35:47,941 [pool-362-thread-1] INFO  server.RaftServerConfigKeys (ConfUtils.java:logGet(44)) - raft.server.log.appender.buffer.byte-limit = 33554432 (custom)
2020-07-22 13:35:47,941 [pool-362-thread-1] INFO  server.RaftServerConfigKeys (ConfUtils.java:logGet(44)) - raft.server.log.segment.size.max = 1048576 (custom)
2020-07-22 13:35:47,942 [pool-362-thread-1] INFO  server.RaftServerConfigKeys (ConfUtils.java:logGet(44)) - raft.server.log.segment.cache.num.max = 2 (custom)
2020-07-22 13:35:47,942 [pool-362-thread-1] INFO  segmented.SegmentedRaftLogWorker (SegmentedRaftLogWorker.java:<init>(180)) - new 8d5d3460-f504-40b5-aaaf-08a8f79d520e@group-6D6A24F4707F-SegmentedRaftLogWorker for RaftStorage:Storage Directory /github/workspace/mnt/ozone/hadoop-ozone/integration-test/target/test-dir/MiniOzoneClusterImpl-d98e4c18-9a08-44b7-83b8-49402f47e02b/datanode-1/data/ratis/6664dc2c-c097-41e2-b5e3-6d6a24f4707f
2020-07-22 13:35:47,942 [pool-362-thread-1] INFO  server.RaftServerConfigKeys (ConfUtils.java:logGet(44)) - raft.server.log.queue.byte-limit = 2147483647 (custom)
2020-07-22 13:35:47,942 [pool-362-thread-1] INFO  server.RaftServerConfigKeys (ConfUtils.java:logGet(44)) - raft.server.log.queue.element-limit = 1024 (custom)
2020-07-22 13:35:47,942 [pool-362-thread-1] INFO  server.RaftServerConfigKeys (ConfUtils.java:logGet(44)) - raft.server.log.segment.size.max = 1048576 (custom)
2020-07-22 13:35:47,942 [pool-362-thread-1] INFO  server.RaftServerConfigKeys (ConfUtils.java:logGet(44)) - raft.server.log.preallocated.size = 16384 (custom)
2020-07-22 13:35:47,942 [pool-362-thread-1] INFO  server.RaftServerConfigKeys (ConfUtils.java:logGet(44)) - raft.server.log.write.buffer.size = 1048576 (custom)
2020-07-22 13:35:47,942 [pool-362-thread-1] INFO  server.RaftServerConfigKeys (ConfUtils.java:logGet(44)) - raft.server.log.force.sync.num = 128 (default)
2020-07-22 13:35:47,942 [pool-362-thread-1] INFO  server.RaftServerConfigKeys (ConfUtils.java:logGet(44)) - raft.server.log.statemachine.data.sync = true (default)
2020-07-22 13:35:47,942 [pool-362-thread-1] INFO  server.RaftServerConfigKeys (ConfUtils.java:logGet(44)) - raft.server.log.statemachine.data.sync.timeout = 10s (default)
2020-07-22 13:35:47,942 [pool-362-thread-1] INFO  server.RaftServerConfigKeys (ConfUtils.java:logGet(44)) - raft.server.log.statemachine.data.sync.timeout.retry = -1 (default)
2020-07-22 13:35:47,944 [pool-362-thread-1] INFO  server.RaftServerConfigKeys (ConfUtils.java:logGet(44)) - raft.server.log.statemachine.data.caching.enabled = true (custom)
2020-07-22 13:35:47,944 [pool-362-thread-1] INFO  segmented.SegmentedRaftLogWorker (SegmentedRaftLogWorker.java:lambda$new$0(129)) - 8d5d3460-f504-40b5-aaaf-08a8f79d520e@group-6D6A24F4707F-SegmentedRaftLogWorker: flushIndex: setUnconditionally 0 -> -1
2020-07-22 13:35:47,944 [pool-362-thread-1] INFO  segmented.SegmentedRaftLogWorker (SegmentedRaftLogWorker.java:lambda$new$0(129)) - 8d5d3460-f504-40b5-aaaf-08a8f79d520e@group-6D6A24F4707F-SegmentedRaftLogWorker: safeCacheEvictIndex: setUnconditionally 0 -> -1
2020-07-22 13:35:47,949 [pool-362-thread-1] INFO  server.RaftServerConfigKeys (ConfUtils.java:logGet(44)) - raft.server.snapshot.auto.trigger.enabled = true (custom)
2020-07-22 13:35:47,949 [pool-362-thread-1] INFO  server.RaftServerConfigKeys (ConfUtils.java:logGet(44)) - raft.server.snapshot.auto.trigger.threshold = 10000 (custom)
2020-07-22 13:35:47,949 [pool-362-thread-1] INFO  server.RaftServerConfigKeys (ConfUtils.java:logGet(44)) - raft.server.snapshot.retention.file.num = 5 (custom)
2020-07-22 13:35:47,949 [pool-362-thread-1] INFO  server.RaftServerConfigKeys (ConfUtils.java:logGet(44)) - raft.server.log.purge.upto.snapshot.index = false (default)
2020-07-22 13:35:47,949 [pool-362-thread-1] INFO  server.RaftServerConfigKeys (ConfUtils.java:logGet(44)) - raft.server.retrycache.expirytime = 600000ms (custom)
2020-07-22 13:35:47,949 [pool-362-thread-1] INFO  metrics.RatisMetrics (RatisMetrics.java:lambda$create$0(36)) - Creating Metrics Registry : ratis.leader_election.8d5d3460-f504-40b5-aaaf-08a8f79d520e@group-6D6A24F4707F
2020-07-22 13:35:47,950 [pool-362-thread-1] INFO  metrics.RatisMetrics (RatisMetrics.java:lambda$create$0(36)) - Creating Metrics Registry : ratis.server.8d5d3460-f504-40b5-aaaf-08a8f79d520e@group-6D6A24F4707F
2020-07-22 13:35:47,951 [pool-362-thread-1] INFO  impl.RaftServerImpl (RaftServerImpl.java:start(196)) - 8d5d3460-f504-40b5-aaaf-08a8f79d520e@group-6D6A24F4707F: start as a follower, conf=-1: [8d5d3460-f504-40b5-aaaf-08a8f79d520e:172.17.0.2:46575], old=null
2020-07-22 13:35:47,951 [pool-362-thread-1] INFO  impl.RaftServerImpl (RaftServerImpl.java:setRole(185)) - 8d5d3460-f504-40b5-aaaf-08a8f79d520e@group-6D6A24F4707F: changes role from      null to FOLLOWER at term 0 for startAsFollower
2020-07-22 13:35:47,951 [pool-362-thread-1] INFO  impl.RoleInfo (RoleInfo.java:updateAndGet(143)) - 8d5d3460-f504-40b5-aaaf-08a8f79d520e: start FollowerState
2020-07-22 13:35:47,952 [pool-362-thread-1] INFO  util.JmxRegister (JmxRegister.java:tryRegister(44)) - Successfully registered JMX Bean with object name Ratis:service=RaftServer,group=group-6D6A24F4707F,id=8d5d3460-f504-40b5-aaaf-08a8f79d520e
2020-07-22 13:35:47,952 [pool-362-thread-1] INFO  metrics.RatisMetrics (RatisMetrics.java:lambda$create$0(36)) - Creating Metrics Registry : ratis.state_machine.8d5d3460-f504-40b5-aaaf-08a8f79d520e@group-6D6A24F4707F
2020-07-22 13:35:47,953 [Command processor thread] INFO  commandhandler.CreatePipelineCommandHandler (CreatePipelineCommandHandler.java:handle(109)) - Created Pipeline RATIS ONE #id: "6664dc2c-c097-41e2-b5e3-6d6a24f4707f"
uuid128 {
  mostSigBits: 7378264174307525090
  leastSigBits: -5340304430477315969
}
.
2020-07-22 13:35:48,047 [Command processor thread] INFO  impl.RaftServerProxy (RaftServerProxy.java:addNew(89)) - bf4a83d9-7bab-4b6f-8392-1b3160a0da61: addNew group-0B543CA583A7:[bf4a83d9-7bab-4b6f-8392-1b3160a0da61:172.17.0.2:41481] returns group-0B543CA583A7:java.util.concurrent.CompletableFuture@600848f2[Not completed]
2020-07-22 13:35:48,048 [pool-377-thread-1] INFO  impl.RaftServerImpl (RaftServerImpl.java:<init>(107)) - bf4a83d9-7bab-4b6f-8392-1b3160a0da61: new RaftServerImpl for group-0B543CA583A7:[bf4a83d9-7bab-4b6f-8392-1b3160a0da61:172.17.0.2:41481] with ContainerStateMachine:uninitialized
2020-07-22 13:35:48,048 [pool-377-thread-1] INFO  server.RaftServerConfigKeys (ConfUtils.java:logGet(44)) - raft.server.rpc.timeout.min = 5s (custom)
2020-07-22 13:35:48,048 [pool-377-thread-1] INFO  server.RaftServerConfigKeys (ConfUtils.java:logGet(44)) - raft.server.rpc.timeout.max = 5200ms (custom)
2020-07-22 13:35:48,049 [pool-377-thread-1] INFO  server.RaftServerConfigKeys (ConfUtils.java:logGet(44)) - raft.server.rpcslowness.timeout = 300000ms (custom)
2020-07-22 13:35:48,049 [pool-377-thread-1] INFO  server.RaftServerConfigKeys (ConfUtils.java:logGet(44)) - raft.server.sleep.deviation.threshold = 300 (default)
2020-07-22 13:35:48,049 [pool-377-thread-1] INFO  server.RaftServerConfigKeys (ConfUtils.java:logGet(44)) - raft.server.log.appender.install.snapshot.enabled = false (custom)
2020-07-22 13:35:48,049 [pool-377-thread-1] INFO  impl.RaftServerImpl (ServerState.java:<init>(103)) - bf4a83d9-7bab-4b6f-8392-1b3160a0da61@group-0B543CA583A7: ConfigurationManager, init=-1: [bf4a83d9-7bab-4b6f-8392-1b3160a0da61:172.17.0.2:41481], old=null, confs=<EMPTY_MAP>
2020-07-22 13:35:48,049 [pool-377-thread-1] INFO  server.RaftServerConfigKeys (ConfUtils.java:logGet(44)) - raft.server.storage.dir = [/github/workspace/mnt/ozone/hadoop-ozone/integration-test/target/test-dir/MiniOzoneClusterImpl-d98e4c18-9a08-44b7-83b8-49402f47e02b/datanode-2/data/ratis] (custom)
2020-07-22 13:35:48,049 [pool-377-thread-1] INFO  server.RaftServerConfigKeys (ConfUtils.java:logGet(44)) - raft.server.log.corruption.policy = EXCEPTION (default)
2020-07-22 13:35:48,049 [pool-377-thread-1] INFO  storage.RaftStorageDirectory (RaftStorageDirectory.java:analyzeStorage(261)) - The storage directory /github/workspace/mnt/ozone/hadoop-ozone/integration-test/target/test-dir/MiniOzoneClusterImpl-d98e4c18-9a08-44b7-83b8-49402f47e02b/datanode-2/data/ratis/a8daf030-8516-4a11-bba9-0b543ca583a7 does not exist. Creating ...
2020-07-22 13:35:48,051 [pool-377-thread-1] INFO  storage.RaftStorageDirectory (RaftStorageDirectory.java:tryLock(343)) - Lock on /github/workspace/mnt/ozone/hadoop-ozone/integration-test/target/test-dir/MiniOzoneClusterImpl-d98e4c18-9a08-44b7-83b8-49402f47e02b/datanode-2/data/ratis/a8daf030-8516-4a11-bba9-0b543ca583a7/in_use.lock acquired by nodename 5153@95ae26560d66
2020-07-22 13:35:48,052 [pool-377-thread-1] INFO  storage.RaftStorage (RaftStorage.java:format(84)) - Storage directory /github/workspace/mnt/ozone/hadoop-ozone/integration-test/target/test-dir/MiniOzoneClusterImpl-d98e4c18-9a08-44b7-83b8-49402f47e02b/datanode-2/data/ratis/a8daf030-8516-4a11-bba9-0b543ca583a7 has been successfully formatted.
2020-07-22 13:35:48,052 [pool-377-thread-1] INFO  ratis.ContainerStateMachine (ContainerStateMachine.java:loadSnapshot(225)) - group-0B543CA583A7: The snapshot info is null. Setting the last applied indexto:(t:0, i:~)
2020-07-22 13:35:48,053 [pool-377-thread-1] INFO  server.RaftServerConfigKeys (ConfUtils.java:logGet(44)) - raft.server.notification.no-leader.timeout = 300000ms (custom)
2020-07-22 13:35:48,053 [pool-377-thread-1] INFO  server.RaftServerConfigKeys (ConfUtils.java:logGet(44)) - raft.server.log.use.memory = false (default)
2020-07-22 13:35:48,053 [pool-377-thread-1] INFO  server.RaftServerConfigKeys (ConfUtils.java:logGet(44)) - raft.server.log.purge.gap = 1000000 (custom)
2020-07-22 13:35:48,053 [pool-377-thread-1] INFO  metrics.RatisMetrics (RatisMetrics.java:lambda$create$0(36)) - Creating Metrics Registry : ratis.log_worker.bf4a83d9-7bab-4b6f-8392-1b3160a0da61@group-0B543CA583A7
2020-07-22 13:35:48,053 [EventQueue-PipelineReportForPipelineReportHandler] INFO  pipeline.PipelineStateManager (PipelineStateManager.java:openPipeline(131)) - Pipeline Pipeline[ Id: a8daf030-8516-4a11-bba9-0b543ca583a7, Nodes: bf4a83d9-7bab-4b6f-8392-1b3160a0da61{ip: 172.17.0.2, host: 95ae26560d66, networkLocation: /default-rack, certSerialId: null}, Type:RATIS, Factor:ONE, State:ALLOCATED, leaderId:bf4a83d9-7bab-4b6f-8392-1b3160a0da61, CreationTimestamp2020-07-22T13:35:45.048Z] moved to OPEN state
2020-07-22 13:35:48,054 [EventQueue-OpenPipelineForHealthyPipelineSafeModeRule] INFO  safemode.SCMSafeModeManager (HealthyPipelineSafeModeRule.java:process(129)) - SCM in safe mode. Healthy pipelines reported count is 0, required healthy pipeline reported count is 1
2020-07-22 13:35:48,054 [pool-377-thread-1] INFO  server.RaftServerConfigKeys (ConfUtils.java:logGet(44)) - raft.server.log.appender.buffer.byte-limit = 33554432 (custom)
2020-07-22 13:35:48,054 [pool-377-thread-1] INFO  server.RaftServerConfigKeys (ConfUtils.java:logGet(44)) - raft.server.log.segment.size.max = 1048576 (custom)
2020-07-22 13:35:48,054 [EventQueue-OpenPipelineForOneReplicaPipelineSafeModeRule] INFO  safemode.SCMSafeModeManager (SCMSafeModeManager.java:validateSafeModeExitRules(214)) - AtleastOneDatanodeReportedRule rule is successfully validated
2020-07-22 13:35:48,054 [pool-377-thread-1] INFO  server.RaftServerConfigKeys (ConfUtils.java:logGet(44)) - raft.server.log.segment.cache.num.max = 2 (custom)
2020-07-22 13:35:48,054 [pool-377-thread-1] INFO  segmented.SegmentedRaftLogWorker (SegmentedRaftLogWorker.java:<init>(180)) - new bf4a83d9-7bab-4b6f-8392-1b3160a0da61@group-0B543CA583A7-SegmentedRaftLogWorker for RaftStorage:Storage Directory /github/workspace/mnt/ozone/hadoop-ozone/integration-test/target/test-dir/MiniOzoneClusterImpl-d98e4c18-9a08-44b7-83b8-49402f47e02b/datanode-2/data/ratis/a8daf030-8516-4a11-bba9-0b543ca583a7
2020-07-22 13:35:48,055 [pool-377-thread-1] INFO  server.RaftServerConfigKeys (ConfUtils.java:logGet(44)) - raft.server.log.queue.byte-limit = 2147483647 (custom)
2020-07-22 13:35:48,055 [pool-377-thread-1] INFO  server.RaftServerConfigKeys (ConfUtils.java:logGet(44)) - raft.server.log.queue.element-limit = 1024 (custom)
2020-07-22 13:35:48,055 [pool-377-thread-1] INFO  server.RaftServerConfigKeys (ConfUtils.java:logGet(44)) - raft.server.log.segment.size.max = 1048576 (custom)
2020-07-22 13:35:48,055 [pool-377-thread-1] INFO  server.RaftServerConfigKeys (ConfUtils.java:logGet(44)) - raft.server.log.preallocated.size = 16384 (custom)
2020-07-22 13:35:48,055 [pool-377-thread-1] INFO  server.RaftServerConfigKeys (ConfUtils.java:logGet(44)) - raft.server.log.write.buffer.size = 1048576 (custom)
2020-07-22 13:35:48,055 [pool-377-thread-1] INFO  server.RaftServerConfigKeys (ConfUtils.java:logGet(44)) - raft.server.log.force.sync.num = 128 (default)
2020-07-22 13:35:48,055 [pool-377-thread-1] INFO  server.RaftServerConfigKeys (ConfUtils.java:logGet(44)) - raft.server.log.statemachine.data.sync = true (default)
2020-07-22 13:35:48,055 [pool-377-thread-1] INFO  server.RaftServerConfigKeys (ConfUtils.java:logGet(44)) - raft.server.log.statemachine.data.sync.timeout = 10s (default)
2020-07-22 13:35:48,055 [pool-377-thread-1] INFO  server.RaftServerConfigKeys (ConfUtils.java:logGet(44)) - raft.server.log.statemachine.data.sync.timeout.retry = -1 (default)
2020-07-22 13:35:48,057 [pool-377-thread-1] INFO  server.RaftServerConfigKeys (ConfUtils.java:logGet(44)) - raft.server.log.statemachine.data.caching.enabled = true (custom)
2020-07-22 13:35:48,057 [pool-377-thread-1] INFO  segmented.SegmentedRaftLogWorker (SegmentedRaftLogWorker.java:lambda$new$0(129)) - bf4a83d9-7bab-4b6f-8392-1b3160a0da61@group-0B543CA583A7-SegmentedRaftLogWorker: flushIndex: setUnconditionally 0 -> -1
2020-07-22 13:35:48,057 [pool-377-thread-1] INFO  segmented.SegmentedRaftLogWorker (SegmentedRaftLogWorker.java:lambda$new$0(129)) - bf4a83d9-7bab-4b6f-8392-1b3160a0da61@group-0B543CA583A7-SegmentedRaftLogWorker: safeCacheEvictIndex: setUnconditionally 0 -> -1
2020-07-22 13:35:48,058 [pool-377-thread-1] INFO  server.RaftServerConfigKeys (ConfUtils.java:logGet(44)) - raft.server.snapshot.auto.trigger.enabled = true (custom)
2020-07-22 13:35:48,058 [pool-377-thread-1] INFO  server.RaftServerConfigKeys (ConfUtils.java:logGet(44)) - raft.server.snapshot.auto.trigger.threshold = 10000 (custom)
2020-07-22 13:35:48,058 [pool-377-thread-1] INFO  server.RaftServerConfigKeys (ConfUtils.java:logGet(44)) - raft.server.snapshot.retention.file.num = 5 (custom)
2020-07-22 13:35:48,058 [pool-377-thread-1] INFO  server.RaftServerConfigKeys (ConfUtils.java:logGet(44)) - raft.server.log.purge.upto.snapshot.index = false (default)
2020-07-22 13:35:48,058 [pool-377-thread-1] INFO  server.RaftServerConfigKeys (ConfUtils.java:logGet(44)) - raft.server.retrycache.expirytime = 600000ms (custom)
2020-07-22 13:35:48,058 [pool-377-thread-1] INFO  metrics.RatisMetrics (RatisMetrics.java:lambda$create$0(36)) - Creating Metrics Registry : ratis.leader_election.bf4a83d9-7bab-4b6f-8392-1b3160a0da61@group-0B543CA583A7
2020-07-22 13:35:48,059 [pool-377-thread-1] INFO  metrics.RatisMetrics (RatisMetrics.java:lambda$create$0(36)) - Creating Metrics Registry : ratis.server.bf4a83d9-7bab-4b6f-8392-1b3160a0da61@group-0B543CA583A7
2020-07-22 13:35:48,060 [pool-377-thread-1] INFO  impl.RaftServerImpl (RaftServerImpl.java:start(196)) - bf4a83d9-7bab-4b6f-8392-1b3160a0da61@group-0B543CA583A7: start as a follower, conf=-1: [bf4a83d9-7bab-4b6f-8392-1b3160a0da61:172.17.0.2:41481], old=null
2020-07-22 13:35:48,060 [pool-377-thread-1] INFO  impl.RaftServerImpl (RaftServerImpl.java:setRole(185)) - bf4a83d9-7bab-4b6f-8392-1b3160a0da61@group-0B543CA583A7: changes role from      null to FOLLOWER at term 0 for startAsFollower
2020-07-22 13:35:48,060 [pool-377-thread-1] INFO  impl.RoleInfo (RoleInfo.java:updateAndGet(143)) - bf4a83d9-7bab-4b6f-8392-1b3160a0da61: start FollowerState
2020-07-22 13:35:48,060 [pool-377-thread-1] INFO  util.JmxRegister (JmxRegister.java:tryRegister(44)) - Successfully registered JMX Bean with object name Ratis:service=RaftServer,group=group-0B543CA583A7,id=bf4a83d9-7bab-4b6f-8392-1b3160a0da61
2020-07-22 13:35:48,060 [pool-377-thread-1] INFO  metrics.RatisMetrics (RatisMetrics.java:lambda$create$0(36)) - Creating Metrics Registry : ratis.state_machine.bf4a83d9-7bab-4b6f-8392-1b3160a0da61@group-0B543CA583A7
2020-07-22 13:35:48,061 [Command processor thread] INFO  commandhandler.CreatePipelineCommandHandler (CreatePipelineCommandHandler.java:handle(109)) - Created Pipeline RATIS ONE #id: "a8daf030-8516-4a11-bba9-0b543ca583a7"
uuid128 {
  mostSigBits: -6279442639232808431
  leastSigBits: -4924392261130288217
}
.
2020-07-22 13:35:48,178 [Command processor thread] INFO  impl.RaftServerProxy (RaftServerProxy.java:addNew(89)) - d6d1ac88-c565-49dc-b661-e5233392d177: addNew group-F7453E0C6C74:[d6d1ac88-c565-49dc-b661-e5233392d177:172.17.0.2:38993] returns group-F7453E0C6C74:java.util.concurrent.CompletableFuture@301eb0d7[Not completed]
2020-07-22 13:35:48,179 [pool-392-thread-1] INFO  impl.RaftServerImpl (RaftServerImpl.java:<init>(107)) - d6d1ac88-c565-49dc-b661-e5233392d177: new RaftServerImpl for group-F7453E0C6C74:[d6d1ac88-c565-49dc-b661-e5233392d177:172.17.0.2:38993] with ContainerStateMachine:uninitialized
2020-07-22 13:35:48,179 [pool-392-thread-1] INFO  server.RaftServerConfigKeys (ConfUtils.java:logGet(44)) - raft.server.rpc.timeout.min = 5s (custom)
2020-07-22 13:35:48,179 [pool-392-thread-1] INFO  server.RaftServerConfigKeys (ConfUtils.java:logGet(44)) - raft.server.rpc.timeout.max = 5200ms (custom)
2020-07-22 13:35:48,179 [pool-392-thread-1] INFO  server.RaftServerConfigKeys (ConfUtils.java:logGet(44)) - raft.server.rpcslowness.timeout = 300000ms (custom)
2020-07-22 13:35:48,180 [pool-392-thread-1] INFO  server.RaftServerConfigKeys (ConfUtils.java:logGet(44)) - raft.server.sleep.deviation.threshold = 300 (default)
2020-07-22 13:35:48,180 [pool-392-thread-1] INFO  server.RaftServerConfigKeys (ConfUtils.java:logGet(44)) - raft.server.log.appender.install.snapshot.enabled = false (custom)
2020-07-22 13:35:48,180 [pool-392-thread-1] INFO  impl.RaftServerImpl (ServerState.java:<init>(103)) - d6d1ac88-c565-49dc-b661-e5233392d177@group-F7453E0C6C74: ConfigurationManager, init=-1: [d6d1ac88-c565-49dc-b661-e5233392d177:172.17.0.2:38993], old=null, confs=<EMPTY_MAP>
2020-07-22 13:35:48,180 [pool-392-thread-1] INFO  server.RaftServerConfigKeys (ConfUtils.java:logGet(44)) - raft.server.storage.dir = [/github/workspace/mnt/ozone/hadoop-ozone/integration-test/target/test-dir/MiniOzoneClusterImpl-d98e4c18-9a08-44b7-83b8-49402f47e02b/datanode-3/data/ratis] (custom)
2020-07-22 13:35:48,180 [pool-392-thread-1] INFO  server.RaftServerConfigKeys (ConfUtils.java:logGet(44)) - raft.server.log.corruption.policy = EXCEPTION (default)
2020-07-22 13:35:48,180 [pool-392-thread-1] INFO  storage.RaftStorageDirectory (RaftStorageDirectory.java:analyzeStorage(261)) - The storage directory /github/workspace/mnt/ozone/hadoop-ozone/integration-test/target/test-dir/MiniOzoneClusterImpl-d98e4c18-9a08-44b7-83b8-49402f47e02b/datanode-3/data/ratis/c4f8fa19-c55d-4657-b85c-f7453e0c6c74 does not exist. Creating ...
2020-07-22 13:35:48,182 [pool-392-thread-1] INFO  storage.RaftStorageDirectory (RaftStorageDirectory.java:tryLock(343)) - Lock on /github/workspace/mnt/ozone/hadoop-ozone/integration-test/target/test-dir/MiniOzoneClusterImpl-d98e4c18-9a08-44b7-83b8-49402f47e02b/datanode-3/data/ratis/c4f8fa19-c55d-4657-b85c-f7453e0c6c74/in_use.lock acquired by nodename 5153@95ae26560d66
2020-07-22 13:35:48,183 [pool-392-thread-1] INFO  storage.RaftStorage (RaftStorage.java:format(84)) - Storage directory /github/workspace/mnt/ozone/hadoop-ozone/integration-test/target/test-dir/MiniOzoneClusterImpl-d98e4c18-9a08-44b7-83b8-49402f47e02b/datanode-3/data/ratis/c4f8fa19-c55d-4657-b85c-f7453e0c6c74 has been successfully formatted.
2020-07-22 13:35:48,184 [pool-392-thread-1] INFO  ratis.ContainerStateMachine (ContainerStateMachine.java:loadSnapshot(225)) - group-F7453E0C6C74: The snapshot info is null. Setting the last applied indexto:(t:0, i:~)
2020-07-22 13:35:48,185 [pool-392-thread-1] INFO  server.RaftServerConfigKeys (ConfUtils.java:logGet(44)) - raft.server.notification.no-leader.timeout = 300000ms (custom)
2020-07-22 13:35:48,185 [pool-392-thread-1] INFO  server.RaftServerConfigKeys (ConfUtils.java:logGet(44)) - raft.server.log.use.memory = false (default)
2020-07-22 13:35:48,185 [pool-392-thread-1] INFO  server.RaftServerConfigKeys (ConfUtils.java:logGet(44)) - raft.server.log.purge.gap = 1000000 (custom)
2020-07-22 13:35:48,185 [pool-392-thread-1] INFO  metrics.RatisMetrics (RatisMetrics.java:lambda$create$0(36)) - Creating Metrics Registry : ratis.log_worker.d6d1ac88-c565-49dc-b661-e5233392d177@group-F7453E0C6C74
2020-07-22 13:35:48,185 [EventQueue-PipelineReportForPipelineReportHandler] INFO  pipeline.PipelineStateManager (PipelineStateManager.java:openPipeline(131)) - Pipeline Pipeline[ Id: c4f8fa19-c55d-4657-b85c-f7453e0c6c74, Nodes: d6d1ac88-c565-49dc-b661-e5233392d177{ip: 172.17.0.2, host: 95ae26560d66, networkLocation: /default-rack, certSerialId: null}, Type:RATIS, Factor:ONE, State:ALLOCATED, leaderId:d6d1ac88-c565-49dc-b661-e5233392d177, CreationTimestamp2020-07-22T13:35:45.181Z] moved to OPEN state
2020-07-22 13:35:48,186 [pool-392-thread-1] INFO  server.RaftServerConfigKeys (ConfUtils.java:logGet(44)) - raft.server.log.appender.buffer.byte-limit = 33554432 (custom)
2020-07-22 13:35:48,186 [EventQueue-OpenPipelineForOneReplicaPipelineSafeModeRule] INFO  safemode.SCMSafeModeManager (SCMSafeModeManager.java:validateSafeModeExitRules(214)) - AtleastOneDatanodeReportedRule rule is successfully validated
2020-07-22 13:35:48,186 [EventQueue-OpenPipelineForHealthyPipelineSafeModeRule] INFO  safemode.SCMSafeModeManager (HealthyPipelineSafeModeRule.java:process(129)) - SCM in safe mode. Healthy pipelines reported count is 0, required healthy pipeline reported count is 1
2020-07-22 13:35:48,186 [pool-392-thread-1] INFO  server.RaftServerConfigKeys (ConfUtils.java:logGet(44)) - raft.server.log.segment.size.max = 1048576 (custom)
2020-07-22 13:35:48,187 [pool-392-thread-1] INFO  server.RaftServerConfigKeys (ConfUtils.java:logGet(44)) - raft.server.log.segment.cache.num.max = 2 (custom)
2020-07-22 13:35:48,187 [pool-392-thread-1] INFO  segmented.SegmentedRaftLogWorker (SegmentedRaftLogWorker.java:<init>(180)) - new d6d1ac88-c565-49dc-b661-e5233392d177@group-F7453E0C6C74-SegmentedRaftLogWorker for RaftStorage:Storage Directory /github/workspace/mnt/ozone/hadoop-ozone/integration-test/target/test-dir/MiniOzoneClusterImpl-d98e4c18-9a08-44b7-83b8-49402f47e02b/datanode-3/data/ratis/c4f8fa19-c55d-4657-b85c-f7453e0c6c74
2020-07-22 13:35:48,187 [pool-392-thread-1] INFO  server.RaftServerConfigKeys (ConfUtils.java:logGet(44)) - raft.server.log.queue.byte-limit = 2147483647 (custom)
2020-07-22 13:35:48,187 [pool-392-thread-1] INFO  server.RaftServerConfigKeys (ConfUtils.java:logGet(44)) - raft.server.log.queue.element-limit = 1024 (custom)
2020-07-22 13:35:48,187 [pool-392-thread-1] INFO  server.RaftServerConfigKeys (ConfUtils.java:logGet(44)) - raft.server.log.segment.size.max = 1048576 (custom)
2020-07-22 13:35:48,187 [pool-392-thread-1] INFO  server.RaftServerConfigKeys (ConfUtils.java:logGet(44)) - raft.server.log.preallocated.size = 16384 (custom)
2020-07-22 13:35:48,187 [pool-392-thread-1] INFO  server.RaftServerConfigKeys (ConfUtils.java:logGet(44)) - raft.server.log.write.buffer.size = 1048576 (custom)
2020-07-22 13:35:48,187 [pool-392-thread-1] INFO  server.RaftServerConfigKeys (ConfUtils.java:logGet(44)) - raft.server.log.force.sync.num = 128 (default)
2020-07-22 13:35:48,187 [pool-392-thread-1] INFO  server.RaftServerConfigKeys (ConfUtils.java:logGet(44)) - raft.server.log.statemachine.data.sync = true (default)
2020-07-22 13:35:48,187 [pool-392-thread-1] INFO  server.RaftServerConfigKeys (ConfUtils.java:logGet(44)) - raft.server.log.statemachine.data.sync.timeout = 10s (default)
2020-07-22 13:35:48,187 [pool-392-thread-1] INFO  server.RaftServerConfigKeys (ConfUtils.java:logGet(44)) - raft.server.log.statemachine.data.sync.timeout.retry = -1 (default)
2020-07-22 13:35:48,189 [pool-392-thread-1] INFO  server.RaftServerConfigKeys (ConfUtils.java:logGet(44)) - raft.server.log.statemachine.data.caching.enabled = true (custom)
2020-07-22 13:35:48,189 [pool-392-thread-1] INFO  segmented.SegmentedRaftLogWorker (SegmentedRaftLogWorker.java:lambda$new$0(129)) - d6d1ac88-c565-49dc-b661-e5233392d177@group-F7453E0C6C74-SegmentedRaftLogWorker: flushIndex: setUnconditionally 0 -> -1
2020-07-22 13:35:48,190 [pool-392-thread-1] INFO  segmented.SegmentedRaftLogWorker (SegmentedRaftLogWorker.java:lambda$new$0(129)) - d6d1ac88-c565-49dc-b661-e5233392d177@group-F7453E0C6C74-SegmentedRaftLogWorker: safeCacheEvictIndex: setUnconditionally 0 -> -1
2020-07-22 13:35:48,190 [pool-392-thread-1] INFO  server.RaftServerConfigKeys (ConfUtils.java:logGet(44)) - raft.server.snapshot.auto.trigger.enabled = true (custom)
2020-07-22 13:35:48,190 [pool-392-thread-1] INFO  server.RaftServerConfigKeys (ConfUtils.java:logGet(44)) - raft.server.snapshot.auto.trigger.threshold = 10000 (custom)
2020-07-22 13:35:48,190 [pool-392-thread-1] INFO  server.RaftServerConfigKeys (ConfUtils.java:logGet(44)) - raft.server.snapshot.retention.file.num = 5 (custom)
2020-07-22 13:35:48,190 [pool-392-thread-1] INFO  server.RaftServerConfigKeys (ConfUtils.java:logGet(44)) - raft.server.log.purge.upto.snapshot.index = false (default)
2020-07-22 13:35:48,190 [pool-392-thread-1] INFO  server.RaftServerConfigKeys (ConfUtils.java:logGet(44)) - raft.server.retrycache.expirytime = 600000ms (custom)
2020-07-22 13:35:48,190 [pool-392-thread-1] INFO  metrics.RatisMetrics (RatisMetrics.java:lambda$create$0(36)) - Creating Metrics Registry : ratis.leader_election.d6d1ac88-c565-49dc-b661-e5233392d177@group-F7453E0C6C74
2020-07-22 13:35:48,191 [pool-392-thread-1] INFO  metrics.RatisMetrics (RatisMetrics.java:lambda$create$0(36)) - Creating Metrics Registry : ratis.server.d6d1ac88-c565-49dc-b661-e5233392d177@group-F7453E0C6C74
2020-07-22 13:35:48,192 [pool-392-thread-1] INFO  impl.RaftServerImpl (RaftServerImpl.java:start(196)) - d6d1ac88-c565-49dc-b661-e5233392d177@group-F7453E0C6C74: start as a follower, conf=-1: [d6d1ac88-c565-49dc-b661-e5233392d177:172.17.0.2:38993], old=null
2020-07-22 13:35:48,192 [pool-392-thread-1] INFO  impl.RaftServerImpl (RaftServerImpl.java:setRole(185)) - d6d1ac88-c565-49dc-b661-e5233392d177@group-F7453E0C6C74: changes role from      null to FOLLOWER at term 0 for startAsFollower
2020-07-22 13:35:48,192 [pool-392-thread-1] INFO  impl.RoleInfo (RoleInfo.java:updateAndGet(143)) - d6d1ac88-c565-49dc-b661-e5233392d177: start FollowerState
2020-07-22 13:35:48,192 [pool-392-thread-1] INFO  util.JmxRegister (JmxRegister.java:tryRegister(44)) - Successfully registered JMX Bean with object name Ratis:service=RaftServer,group=group-F7453E0C6C74,id=d6d1ac88-c565-49dc-b661-e5233392d177
2020-07-22 13:35:48,192 [pool-392-thread-1] INFO  metrics.RatisMetrics (RatisMetrics.java:lambda$create$0(36)) - Creating Metrics Registry : ratis.state_machine.d6d1ac88-c565-49dc-b661-e5233392d177@group-F7453E0C6C74
2020-07-22 13:35:48,193 [Command processor thread] INFO  commandhandler.CreatePipelineCommandHandler (CreatePipelineCommandHandler.java:handle(109)) - Created Pipeline RATIS ONE #id: "c4f8fa19-c55d-4657-b85c-f7453e0c6c74"
uuid128 {
  mostSigBits: -4253374859459082665
  leastSigBits: -5161979196107625356
}
.
2020-07-22 13:35:48,193 [Command processor thread] INFO  impl.RaftServerProxy (RaftServerProxy.java:addNew(89)) - d6d1ac88-c565-49dc-b661-e5233392d177: addNew group-7D18B211F00E:[d6d1ac88-c565-49dc-b661-e5233392d177:172.17.0.2:38993, 7993133d-5733-489d-9cab-688682c47555:172.17.0.2:41635, 71897167-da37-4e00-88cd-50d9bd9cf0b6:172.17.0.2:44019] returns group-7D18B211F00E:java.util.concurrent.CompletableFuture@3421220c[Not completed]
2020-07-22 13:35:48,194 [pool-392-thread-1] INFO  impl.RaftServerImpl (RaftServerImpl.java:<init>(107)) - d6d1ac88-c565-49dc-b661-e5233392d177: new RaftServerImpl for group-7D18B211F00E:[d6d1ac88-c565-49dc-b661-e5233392d177:172.17.0.2:38993, 7993133d-5733-489d-9cab-688682c47555:172.17.0.2:41635, 71897167-da37-4e00-88cd-50d9bd9cf0b6:172.17.0.2:44019] with ContainerStateMachine:uninitialized
2020-07-22 13:35:48,194 [pool-392-thread-1] INFO  server.RaftServerConfigKeys (ConfUtils.java:logGet(44)) - raft.server.rpc.timeout.min = 5s (custom)
2020-07-22 13:35:48,194 [pool-392-thread-1] INFO  server.RaftServerConfigKeys (ConfUtils.java:logGet(44)) - raft.server.rpc.timeout.max = 5200ms (custom)
2020-07-22 13:35:48,194 [pool-392-thread-1] INFO  server.RaftServerConfigKeys (ConfUtils.java:logGet(44)) - raft.server.rpcslowness.timeout = 300000ms (custom)
2020-07-22 13:35:48,194 [pool-392-thread-1] INFO  server.RaftServerConfigKeys (ConfUtils.java:logGet(44)) - raft.server.sleep.deviation.threshold = 300 (default)
2020-07-22 13:35:48,194 [pool-392-thread-1] INFO  server.RaftServerConfigKeys (ConfUtils.java:logGet(44)) - raft.server.log.appender.install.snapshot.enabled = false (custom)
2020-07-22 13:35:48,194 [pool-392-thread-1] INFO  impl.RaftServerImpl (ServerState.java:<init>(103)) - d6d1ac88-c565-49dc-b661-e5233392d177@group-7D18B211F00E: ConfigurationManager, init=-1: [d6d1ac88-c565-49dc-b661-e5233392d177:172.17.0.2:38993, 7993133d-5733-489d-9cab-688682c47555:172.17.0.2:41635, 71897167-da37-4e00-88cd-50d9bd9cf0b6:172.17.0.2:44019], old=null, confs=<EMPTY_MAP>
2020-07-22 13:35:48,194 [pool-392-thread-1] INFO  server.RaftServerConfigKeys (ConfUtils.java:logGet(44)) - raft.server.storage.dir = [/github/workspace/mnt/ozone/hadoop-ozone/integration-test/target/test-dir/MiniOzoneClusterImpl-d98e4c18-9a08-44b7-83b8-49402f47e02b/datanode-3/data/ratis] (custom)
2020-07-22 13:35:48,195 [pool-392-thread-1] INFO  server.RaftServerConfigKeys (ConfUtils.java:logGet(44)) - raft.server.log.corruption.policy = EXCEPTION (default)
2020-07-22 13:35:48,195 [pool-392-thread-1] INFO  storage.RaftStorageDirectory (RaftStorageDirectory.java:analyzeStorage(261)) - The storage directory /github/workspace/mnt/ozone/hadoop-ozone/integration-test/target/test-dir/MiniOzoneClusterImpl-d98e4c18-9a08-44b7-83b8-49402f47e02b/datanode-3/data/ratis/a32141e0-60b8-44de-a3b2-7d18b211f00e does not exist. Creating ...
2020-07-22 13:35:48,196 [pool-392-thread-1] INFO  storage.RaftStorageDirectory (RaftStorageDirectory.java:tryLock(343)) - Lock on /github/workspace/mnt/ozone/hadoop-ozone/integration-test/target/test-dir/MiniOzoneClusterImpl-d98e4c18-9a08-44b7-83b8-49402f47e02b/datanode-3/data/ratis/a32141e0-60b8-44de-a3b2-7d18b211f00e/in_use.lock acquired by nodename 5153@95ae26560d66
2020-07-22 13:35:48,196 [pool-392-thread-1] INFO  storage.RaftStorage (RaftStorage.java:format(84)) - Storage directory /github/workspace/mnt/ozone/hadoop-ozone/integration-test/target/test-dir/MiniOzoneClusterImpl-d98e4c18-9a08-44b7-83b8-49402f47e02b/datanode-3/data/ratis/a32141e0-60b8-44de-a3b2-7d18b211f00e has been successfully formatted.
2020-07-22 13:35:48,197 [pool-392-thread-1] INFO  ratis.ContainerStateMachine (ContainerStateMachine.java:loadSnapshot(225)) - group-7D18B211F00E: The snapshot info is null. Setting the last applied indexto:(t:0, i:~)
2020-07-22 13:35:48,197 [pool-392-thread-1] INFO  server.RaftServerConfigKeys (ConfUtils.java:logGet(44)) - raft.server.notification.no-leader.timeout = 300000ms (custom)
2020-07-22 13:35:48,197 [pool-392-thread-1] INFO  server.RaftServerConfigKeys (ConfUtils.java:logGet(44)) - raft.server.log.use.memory = false (default)
2020-07-22 13:35:48,197 [pool-392-thread-1] INFO  server.RaftServerConfigKeys (ConfUtils.java:logGet(44)) - raft.server.log.purge.gap = 1000000 (custom)
2020-07-22 13:35:48,197 [pool-392-thread-1] INFO  metrics.RatisMetrics (RatisMetrics.java:lambda$create$0(36)) - Creating Metrics Registry : ratis.log_worker.d6d1ac88-c565-49dc-b661-e5233392d177@group-7D18B211F00E
2020-07-22 13:35:48,198 [pool-392-thread-1] INFO  server.RaftServerConfigKeys (ConfUtils.java:logGet(44)) - raft.server.log.appender.buffer.byte-limit = 33554432 (custom)
2020-07-22 13:35:48,198 [pool-392-thread-1] INFO  server.RaftServerConfigKeys (ConfUtils.java:logGet(44)) - raft.server.log.segment.size.max = 1048576 (custom)
2020-07-22 13:35:48,198 [pool-392-thread-1] INFO  server.RaftServerConfigKeys (ConfUtils.java:logGet(44)) - raft.server.log.segment.cache.num.max = 2 (custom)
2020-07-22 13:35:48,199 [pool-392-thread-1] INFO  segmented.SegmentedRaftLogWorker (SegmentedRaftLogWorker.java:<init>(180)) - new d6d1ac88-c565-49dc-b661-e5233392d177@group-7D18B211F00E-SegmentedRaftLogWorker for RaftStorage:Storage Directory /github/workspace/mnt/ozone/hadoop-ozone/integration-test/target/test-dir/MiniOzoneClusterImpl-d98e4c18-9a08-44b7-83b8-49402f47e02b/datanode-3/data/ratis/a32141e0-60b8-44de-a3b2-7d18b211f00e
2020-07-22 13:35:48,199 [pool-392-thread-1] INFO  server.RaftServerConfigKeys (ConfUtils.java:logGet(44)) - raft.server.log.queue.byte-limit = 2147483647 (custom)
2020-07-22 13:35:48,199 [pool-392-thread-1] INFO  server.RaftServerConfigKeys (ConfUtils.java:logGet(44)) - raft.server.log.queue.element-limit = 1024 (custom)
2020-07-22 13:35:48,199 [pool-392-thread-1] INFO  server.RaftServerConfigKeys (ConfUtils.java:logGet(44)) - raft.server.log.segment.size.max = 1048576 (custom)
2020-07-22 13:35:48,199 [pool-392-thread-1] INFO  server.RaftServerConfigKeys (ConfUtils.java:logGet(44)) - raft.server.log.preallocated.size = 16384 (custom)
2020-07-22 13:35:48,199 [pool-392-thread-1] INFO  server.RaftServerConfigKeys (ConfUtils.java:logGet(44)) - raft.server.log.write.buffer.size = 1048576 (custom)
2020-07-22 13:35:48,199 [pool-392-thread-1] INFO  server.RaftServerConfigKeys (ConfUtils.java:logGet(44)) - raft.server.log.force.sync.num = 128 (default)
2020-07-22 13:35:48,199 [pool-392-thread-1] INFO  server.RaftServerConfigKeys (ConfUtils.java:logGet(44)) - raft.server.log.statemachine.data.sync = true (default)
2020-07-22 13:35:48,199 [pool-392-thread-1] INFO  server.RaftServerConfigKeys (ConfUtils.java:logGet(44)) - raft.server.log.statemachine.data.sync.timeout = 10s (default)
2020-07-22 13:35:48,200 [pool-392-thread-1] INFO  server.RaftServerConfigKeys (ConfUtils.java:logGet(44)) - raft.server.log.statemachine.data.sync.timeout.retry = -1 (default)
2020-07-22 13:35:48,201 [pool-392-thread-1] INFO  server.RaftServerConfigKeys (ConfUtils.java:logGet(44)) - raft.server.log.statemachine.data.caching.enabled = true (custom)
2020-07-22 13:35:48,202 [pool-392-thread-1] INFO  segmented.SegmentedRaftLogWorker (SegmentedRaftLogWorker.java:lambda$new$0(129)) - d6d1ac88-c565-49dc-b661-e5233392d177@group-7D18B211F00E-SegmentedRaftLogWorker: flushIndex: setUnconditionally 0 -> -1
2020-07-22 13:35:48,202 [pool-392-thread-1] INFO  segmented.SegmentedRaftLogWorker (SegmentedRaftLogWorker.java:lambda$new$0(129)) - d6d1ac88-c565-49dc-b661-e5233392d177@group-7D18B211F00E-SegmentedRaftLogWorker: safeCacheEvictIndex: setUnconditionally 0 -> -1
2020-07-22 13:35:48,202 [pool-392-thread-1] INFO  server.RaftServerConfigKeys (ConfUtils.java:logGet(44)) - raft.server.snapshot.auto.trigger.enabled = true (custom)
2020-07-22 13:35:48,202 [pool-392-thread-1] INFO  server.RaftServerConfigKeys (ConfUtils.java:logGet(44)) - raft.server.snapshot.auto.trigger.threshold = 10000 (custom)
2020-07-22 13:35:48,202 [pool-392-thread-1] INFO  server.RaftServerConfigKeys (ConfUtils.java:logGet(44)) - raft.server.snapshot.retention.file.num = 5 (custom)
2020-07-22 13:35:48,202 [pool-392-thread-1] INFO  server.RaftServerConfigKeys (ConfUtils.java:logGet(44)) - raft.server.log.purge.upto.snapshot.index = false (default)
2020-07-22 13:35:48,202 [pool-392-thread-1] INFO  server.RaftServerConfigKeys (ConfUtils.java:logGet(44)) - raft.server.retrycache.expirytime = 600000ms (custom)
2020-07-22 13:35:48,203 [pool-392-thread-1] INFO  metrics.RatisMetrics (RatisMetrics.java:lambda$create$0(36)) - Creating Metrics Registry : ratis.leader_election.d6d1ac88-c565-49dc-b661-e5233392d177@group-7D18B211F00E
2020-07-22 13:35:48,203 [pool-392-thread-1] INFO  metrics.RatisMetrics (RatisMetrics.java:lambda$create$0(36)) - Creating Metrics Registry : ratis.server.d6d1ac88-c565-49dc-b661-e5233392d177@group-7D18B211F00E
2020-07-22 13:35:48,205 [pool-392-thread-1] INFO  impl.RaftServerImpl (RaftServerImpl.java:start(196)) - d6d1ac88-c565-49dc-b661-e5233392d177@group-7D18B211F00E: start as a follower, conf=-1: [d6d1ac88-c565-49dc-b661-e5233392d177:172.17.0.2:38993, 7993133d-5733-489d-9cab-688682c47555:172.17.0.2:41635, 71897167-da37-4e00-88cd-50d9bd9cf0b6:172.17.0.2:44019], old=null
2020-07-22 13:35:48,205 [pool-392-thread-1] INFO  impl.RaftServerImpl (RaftServerImpl.java:setRole(185)) - d6d1ac88-c565-49dc-b661-e5233392d177@group-7D18B211F00E: changes role from      null to FOLLOWER at term 0 for startAsFollower
2020-07-22 13:35:48,205 [pool-392-thread-1] INFO  impl.RoleInfo (RoleInfo.java:updateAndGet(143)) - d6d1ac88-c565-49dc-b661-e5233392d177: start FollowerState
2020-07-22 13:35:48,210 [pool-392-thread-1] INFO  util.JmxRegister (JmxRegister.java:tryRegister(44)) - Successfully registered JMX Bean with object name Ratis:service=RaftServer,group=group-7D18B211F00E,id=d6d1ac88-c565-49dc-b661-e5233392d177
2020-07-22 13:35:48,210 [pool-392-thread-1] INFO  metrics.RatisMetrics (RatisMetrics.java:lambda$create$0(36)) - Creating Metrics Registry : ratis.state_machine.d6d1ac88-c565-49dc-b661-e5233392d177@group-7D18B211F00E
2020-07-22 13:35:48,217 [grpc-default-executor-7] INFO  impl.RaftServerProxy (RaftServerProxy.java:addNew(89)) - 71897167-da37-4e00-88cd-50d9bd9cf0b6: addNew group-7D18B211F00E:[d6d1ac88-c565-49dc-b661-e5233392d177:172.17.0.2:38993, 7993133d-5733-489d-9cab-688682c47555:172.17.0.2:41635, 71897167-da37-4e00-88cd-50d9bd9cf0b6:172.17.0.2:44019] returns group-7D18B211F00E:java.util.concurrent.CompletableFuture@56b4eb89[Not completed]
2020-07-22 13:35:48,218 [pool-407-thread-1] INFO  impl.RaftServerImpl (RaftServerImpl.java:<init>(107)) - 71897167-da37-4e00-88cd-50d9bd9cf0b6: new RaftServerImpl for group-7D18B211F00E:[d6d1ac88-c565-49dc-b661-e5233392d177:172.17.0.2:38993, 7993133d-5733-489d-9cab-688682c47555:172.17.0.2:41635, 71897167-da37-4e00-88cd-50d9bd9cf0b6:172.17.0.2:44019] with ContainerStateMachine:uninitialized
2020-07-22 13:35:48,218 [pool-407-thread-1] INFO  server.RaftServerConfigKeys (ConfUtils.java:logGet(44)) - raft.server.rpc.timeout.min = 5s (custom)
2020-07-22 13:35:48,218 [pool-407-thread-1] INFO  server.RaftServerConfigKeys (ConfUtils.java:logGet(44)) - raft.server.rpc.timeout.max = 5200ms (custom)
2020-07-22 13:35:48,218 [pool-407-thread-1] INFO  server.RaftServerConfigKeys (ConfUtils.java:logGet(44)) - raft.server.rpcslowness.timeout = 300000ms (custom)
2020-07-22 13:35:48,218 [pool-407-thread-1] INFO  server.RaftServerConfigKeys (ConfUtils.java:logGet(44)) - raft.server.sleep.deviation.threshold = 300 (default)
2020-07-22 13:35:48,218 [pool-407-thread-1] INFO  server.RaftServerConfigKeys (ConfUtils.java:logGet(44)) - raft.server.log.appender.install.snapshot.enabled = false (custom)
2020-07-22 13:35:48,218 [pool-407-thread-1] INFO  impl.RaftServerImpl (ServerState.java:<init>(103)) - 71897167-da37-4e00-88cd-50d9bd9cf0b6@group-7D18B211F00E: ConfigurationManager, init=-1: [d6d1ac88-c565-49dc-b661-e5233392d177:172.17.0.2:38993, 7993133d-5733-489d-9cab-688682c47555:172.17.0.2:41635, 71897167-da37-4e00-88cd-50d9bd9cf0b6:172.17.0.2:44019], old=null, confs=<EMPTY_MAP>
2020-07-22 13:35:48,218 [pool-407-thread-1] INFO  server.RaftServerConfigKeys (ConfUtils.java:logGet(44)) - raft.server.storage.dir = [/github/workspace/mnt/ozone/hadoop-ozone/integration-test/target/test-dir/MiniOzoneClusterImpl-d98e4c18-9a08-44b7-83b8-49402f47e02b/datanode-4/data/ratis] (custom)
2020-07-22 13:35:48,219 [pool-407-thread-1] INFO  server.RaftServerConfigKeys (ConfUtils.java:logGet(44)) - raft.server.log.corruption.policy = EXCEPTION (default)
2020-07-22 13:35:48,219 [pool-407-thread-1] INFO  storage.RaftStorageDirectory (RaftStorageDirectory.java:analyzeStorage(261)) - The storage directory /github/workspace/mnt/ozone/hadoop-ozone/integration-test/target/test-dir/MiniOzoneClusterImpl-d98e4c18-9a08-44b7-83b8-49402f47e02b/datanode-4/data/ratis/a32141e0-60b8-44de-a3b2-7d18b211f00e does not exist. Creating ...
2020-07-22 13:35:48,220 [pool-407-thread-1] INFO  storage.RaftStorageDirectory (RaftStorageDirectory.java:tryLock(343)) - Lock on /github/workspace/mnt/ozone/hadoop-ozone/integration-test/target/test-dir/MiniOzoneClusterImpl-d98e4c18-9a08-44b7-83b8-49402f47e02b/datanode-4/data/ratis/a32141e0-60b8-44de-a3b2-7d18b211f00e/in_use.lock acquired by nodename 5153@95ae26560d66
2020-07-22 13:35:48,221 [pool-407-thread-1] INFO  storage.RaftStorage (RaftStorage.java:format(84)) - Storage directory /github/workspace/mnt/ozone/hadoop-ozone/integration-test/target/test-dir/MiniOzoneClusterImpl-d98e4c18-9a08-44b7-83b8-49402f47e02b/datanode-4/data/ratis/a32141e0-60b8-44de-a3b2-7d18b211f00e has been successfully formatted.
2020-07-22 13:35:48,222 [pool-407-thread-1] INFO  ratis.ContainerStateMachine (ContainerStateMachine.java:loadSnapshot(225)) - group-7D18B211F00E: The snapshot info is null. Setting the last applied indexto:(t:0, i:~)
2020-07-22 13:35:48,222 [pool-407-thread-1] INFO  server.RaftServerConfigKeys (ConfUtils.java:logGet(44)) - raft.server.notification.no-leader.timeout = 300000ms (custom)
2020-07-22 13:35:48,222 [pool-407-thread-1] INFO  server.RaftServerConfigKeys (ConfUtils.java:logGet(44)) - raft.server.log.use.memory = false (default)
2020-07-22 13:35:48,223 [pool-407-thread-1] INFO  server.RaftServerConfigKeys (ConfUtils.java:logGet(44)) - raft.server.log.purge.gap = 1000000 (custom)
2020-07-22 13:35:48,223 [pool-407-thread-1] INFO  metrics.RatisMetrics (RatisMetrics.java:lambda$create$0(36)) - Creating Metrics Registry : ratis.log_worker.71897167-da37-4e00-88cd-50d9bd9cf0b6@group-7D18B211F00E
2020-07-22 13:35:48,223 [pool-407-thread-1] INFO  server.RaftServerConfigKeys (ConfUtils.java:logGet(44)) - raft.server.log.appender.buffer.byte-limit = 33554432 (custom)
2020-07-22 13:35:48,223 [pool-407-thread-1] INFO  server.RaftServerConfigKeys (ConfUtils.java:logGet(44)) - raft.server.log.segment.size.max = 1048576 (custom)
2020-07-22 13:35:48,224 [pool-407-thread-1] INFO  server.RaftServerConfigKeys (ConfUtils.java:logGet(44)) - raft.server.log.segment.cache.num.max = 2 (custom)
2020-07-22 13:35:48,224 [pool-407-thread-1] INFO  segmented.SegmentedRaftLogWorker (SegmentedRaftLogWorker.java:<init>(180)) - new 71897167-da37-4e00-88cd-50d9bd9cf0b6@group-7D18B211F00E-SegmentedRaftLogWorker for RaftStorage:Storage Directory /github/workspace/mnt/ozone/hadoop-ozone/integration-test/target/test-dir/MiniOzoneClusterImpl-d98e4c18-9a08-44b7-83b8-49402f47e02b/datanode-4/data/ratis/a32141e0-60b8-44de-a3b2-7d18b211f00e
2020-07-22 13:35:48,224 [pool-407-thread-1] INFO  server.RaftServerConfigKeys (ConfUtils.java:logGet(44)) - raft.server.log.queue.byte-limit = 2147483647 (custom)
2020-07-22 13:35:48,224 [pool-407-thread-1] INFO  server.RaftServerConfigKeys (ConfUtils.java:logGet(44)) - raft.server.log.queue.element-limit = 1024 (custom)
2020-07-22 13:35:48,224 [pool-407-thread-1] INFO  server.RaftServerConfigKeys (ConfUtils.java:logGet(44)) - raft.server.log.segment.size.max = 1048576 (custom)
2020-07-22 13:35:48,224 [pool-407-thread-1] INFO  server.RaftServerConfigKeys (ConfUtils.java:logGet(44)) - raft.server.log.preallocated.size = 16384 (custom)
2020-07-22 13:35:48,224 [pool-407-thread-1] INFO  server.RaftServerConfigKeys (ConfUtils.java:logGet(44)) - raft.server.log.write.buffer.size = 1048576 (custom)
2020-07-22 13:35:48,224 [pool-407-thread-1] INFO  server.RaftServerConfigKeys (ConfUtils.java:logGet(44)) - raft.server.log.force.sync.num = 128 (default)
2020-07-22 13:35:48,224 [pool-407-thread-1] INFO  server.RaftServerConfigKeys (ConfUtils.java:logGet(44)) - raft.server.log.statemachine.data.sync = true (default)
2020-07-22 13:35:48,224 [pool-407-thread-1] INFO  server.RaftServerConfigKeys (ConfUtils.java:logGet(44)) - raft.server.log.statemachine.data.sync.timeout = 10s (default)
2020-07-22 13:35:48,224 [pool-407-thread-1] INFO  server.RaftServerConfigKeys (ConfUtils.java:logGet(44)) - raft.server.log.statemachine.data.sync.timeout.retry = -1 (default)
2020-07-22 13:35:48,226 [pool-407-thread-1] INFO  server.RaftServerConfigKeys (ConfUtils.java:logGet(44)) - raft.server.log.statemachine.data.caching.enabled = true (custom)
2020-07-22 13:35:48,227 [pool-407-thread-1] INFO  segmented.SegmentedRaftLogWorker (SegmentedRaftLogWorker.java:lambda$new$0(129)) - 71897167-da37-4e00-88cd-50d9bd9cf0b6@group-7D18B211F00E-SegmentedRaftLogWorker: flushIndex: setUnconditionally 0 -> -1
2020-07-22 13:35:48,227 [pool-407-thread-1] INFO  segmented.SegmentedRaftLogWorker (SegmentedRaftLogWorker.java:lambda$new$0(129)) - 71897167-da37-4e00-88cd-50d9bd9cf0b6@group-7D18B211F00E-SegmentedRaftLogWorker: safeCacheEvictIndex: setUnconditionally 0 -> -1
2020-07-22 13:35:48,227 [pool-407-thread-1] INFO  server.RaftServerConfigKeys (ConfUtils.java:logGet(44)) - raft.server.snapshot.auto.trigger.enabled = true (custom)
2020-07-22 13:35:48,227 [pool-407-thread-1] INFO  server.RaftServerConfigKeys (ConfUtils.java:logGet(44)) - raft.server.snapshot.auto.trigger.threshold = 10000 (custom)
2020-07-22 13:35:48,227 [pool-407-thread-1] INFO  server.RaftServerConfigKeys (ConfUtils.java:logGet(44)) - raft.server.snapshot.retention.file.num = 5 (custom)
2020-07-22 13:35:48,227 [pool-407-thread-1] INFO  server.RaftServerConfigKeys (ConfUtils.java:logGet(44)) - raft.server.log.purge.upto.snapshot.index = false (default)
2020-07-22 13:35:48,227 [pool-407-thread-1] INFO  server.RaftServerConfigKeys (ConfUtils.java:logGet(44)) - raft.server.retrycache.expirytime = 600000ms (custom)
2020-07-22 13:35:48,227 [pool-407-thread-1] INFO  metrics.RatisMetrics (RatisMetrics.java:lambda$create$0(36)) - Creating Metrics Registry : ratis.leader_election.71897167-da37-4e00-88cd-50d9bd9cf0b6@group-7D18B211F00E
2020-07-22 13:35:48,228 [pool-407-thread-1] INFO  metrics.RatisMetrics (RatisMetrics.java:lambda$create$0(36)) - Creating Metrics Registry : ratis.server.71897167-da37-4e00-88cd-50d9bd9cf0b6@group-7D18B211F00E
2020-07-22 13:35:48,229 [pool-407-thread-1] INFO  impl.RaftServerImpl (RaftServerImpl.java:start(196)) - 71897167-da37-4e00-88cd-50d9bd9cf0b6@group-7D18B211F00E: start as a follower, conf=-1: [d6d1ac88-c565-49dc-b661-e5233392d177:172.17.0.2:38993, 7993133d-5733-489d-9cab-688682c47555:172.17.0.2:41635, 71897167-da37-4e00-88cd-50d9bd9cf0b6:172.17.0.2:44019], old=null
2020-07-22 13:35:48,229 [pool-407-thread-1] INFO  impl.RaftServerImpl (RaftServerImpl.java:setRole(185)) - 71897167-da37-4e00-88cd-50d9bd9cf0b6@group-7D18B211F00E: changes role from      null to FOLLOWER at term 0 for startAsFollower
2020-07-22 13:35:48,229 [pool-407-thread-1] INFO  impl.RoleInfo (RoleInfo.java:updateAndGet(143)) - 71897167-da37-4e00-88cd-50d9bd9cf0b6: start FollowerState
2020-07-22 13:35:48,229 [pool-407-thread-1] INFO  util.JmxRegister (JmxRegister.java:tryRegister(44)) - Successfully registered JMX Bean with object name Ratis:service=RaftServer,group=group-7D18B211F00E,id=71897167-da37-4e00-88cd-50d9bd9cf0b6
2020-07-22 13:35:48,229 [pool-407-thread-1] INFO  metrics.RatisMetrics (RatisMetrics.java:lambda$create$0(36)) - Creating Metrics Registry : ratis.state_machine.71897167-da37-4e00-88cd-50d9bd9cf0b6@group-7D18B211F00E
2020-07-22 13:35:48,246 [grpc-default-executor-7] INFO  impl.RaftServerProxy (RaftServerProxy.java:addNew(89)) - 7993133d-5733-489d-9cab-688682c47555: addNew group-7D18B211F00E:[d6d1ac88-c565-49dc-b661-e5233392d177:172.17.0.2:38993, 7993133d-5733-489d-9cab-688682c47555:172.17.0.2:41635, 71897167-da37-4e00-88cd-50d9bd9cf0b6:172.17.0.2:44019] returns group-7D18B211F00E:java.util.concurrent.CompletableFuture@6e7c198e[Not completed]
2020-07-22 13:35:48,246 [pool-422-thread-1] INFO  impl.RaftServerImpl (RaftServerImpl.java:<init>(107)) - 7993133d-5733-489d-9cab-688682c47555: new RaftServerImpl for group-7D18B211F00E:[d6d1ac88-c565-49dc-b661-e5233392d177:172.17.0.2:38993, 7993133d-5733-489d-9cab-688682c47555:172.17.0.2:41635, 71897167-da37-4e00-88cd-50d9bd9cf0b6:172.17.0.2:44019] with ContainerStateMachine:uninitialized
2020-07-22 13:35:48,247 [pool-422-thread-1] INFO  server.RaftServerConfigKeys (ConfUtils.java:logGet(44)) - raft.server.rpc.timeout.min = 5s (custom)
2020-07-22 13:35:48,247 [pool-422-thread-1] INFO  server.RaftServerConfigKeys (ConfUtils.java:logGet(44)) - raft.server.rpc.timeout.max = 5200ms (custom)
2020-07-22 13:35:48,247 [pool-422-thread-1] INFO  server.RaftServerConfigKeys (ConfUtils.java:logGet(44)) - raft.server.rpcslowness.timeout = 300000ms (custom)
2020-07-22 13:35:48,247 [pool-422-thread-1] INFO  server.RaftServerConfigKeys (ConfUtils.java:logGet(44)) - raft.server.sleep.deviation.threshold = 300 (default)
2020-07-22 13:35:48,247 [pool-422-thread-1] INFO  server.RaftServerConfigKeys (ConfUtils.java:logGet(44)) - raft.server.log.appender.install.snapshot.enabled = false (custom)
2020-07-22 13:35:48,247 [pool-422-thread-1] INFO  impl.RaftServerImpl (ServerState.java:<init>(103)) - 7993133d-5733-489d-9cab-688682c47555@group-7D18B211F00E: ConfigurationManager, init=-1: [d6d1ac88-c565-49dc-b661-e5233392d177:172.17.0.2:38993, 7993133d-5733-489d-9cab-688682c47555:172.17.0.2:41635, 71897167-da37-4e00-88cd-50d9bd9cf0b6:172.17.0.2:44019], old=null, confs=<EMPTY_MAP>
2020-07-22 13:35:48,247 [pool-422-thread-1] INFO  server.RaftServerConfigKeys (ConfUtils.java:logGet(44)) - raft.server.storage.dir = [/github/workspace/mnt/ozone/hadoop-ozone/integration-test/target/test-dir/MiniOzoneClusterImpl-d98e4c18-9a08-44b7-83b8-49402f47e02b/datanode-5/data/ratis] (custom)
2020-07-22 13:35:48,247 [pool-422-thread-1] INFO  server.RaftServerConfigKeys (ConfUtils.java:logGet(44)) - raft.server.log.corruption.policy = EXCEPTION (default)
2020-07-22 13:35:48,247 [pool-422-thread-1] INFO  storage.RaftStorageDirectory (RaftStorageDirectory.java:analyzeStorage(261)) - The storage directory /github/workspace/mnt/ozone/hadoop-ozone/integration-test/target/test-dir/MiniOzoneClusterImpl-d98e4c18-9a08-44b7-83b8-49402f47e02b/datanode-5/data/ratis/a32141e0-60b8-44de-a3b2-7d18b211f00e does not exist. Creating ...
2020-07-22 13:35:48,248 [pool-422-thread-1] INFO  storage.RaftStorageDirectory (RaftStorageDirectory.java:tryLock(343)) - Lock on /github/workspace/mnt/ozone/hadoop-ozone/integration-test/target/test-dir/MiniOzoneClusterImpl-d98e4c18-9a08-44b7-83b8-49402f47e02b/datanode-5/data/ratis/a32141e0-60b8-44de-a3b2-7d18b211f00e/in_use.lock acquired by nodename 5153@95ae26560d66
2020-07-22 13:35:48,249 [pool-422-thread-1] INFO  storage.RaftStorage (RaftStorage.java:format(84)) - Storage directory /github/workspace/mnt/ozone/hadoop-ozone/integration-test/target/test-dir/MiniOzoneClusterImpl-d98e4c18-9a08-44b7-83b8-49402f47e02b/datanode-5/data/ratis/a32141e0-60b8-44de-a3b2-7d18b211f00e has been successfully formatted.
2020-07-22 13:35:48,250 [pool-422-thread-1] INFO  ratis.ContainerStateMachine (ContainerStateMachine.java:loadSnapshot(225)) - group-7D18B211F00E: The snapshot info is null. Setting the last applied indexto:(t:0, i:~)
2020-07-22 13:35:48,251 [pool-422-thread-1] INFO  server.RaftServerConfigKeys (ConfUtils.java:logGet(44)) - raft.server.notification.no-leader.timeout = 300000ms (custom)
2020-07-22 13:35:48,251 [pool-422-thread-1] INFO  server.RaftServerConfigKeys (ConfUtils.java:logGet(44)) - raft.server.log.use.memory = false (default)
2020-07-22 13:35:48,251 [pool-422-thread-1] INFO  server.RaftServerConfigKeys (ConfUtils.java:logGet(44)) - raft.server.log.purge.gap = 1000000 (custom)
2020-07-22 13:35:48,251 [pool-422-thread-1] INFO  metrics.RatisMetrics (RatisMetrics.java:lambda$create$0(36)) - Creating Metrics Registry : ratis.log_worker.7993133d-5733-489d-9cab-688682c47555@group-7D18B211F00E
2020-07-22 13:35:48,251 [pool-422-thread-1] INFO  server.RaftServerConfigKeys (ConfUtils.java:logGet(44)) - raft.server.log.appender.buffer.byte-limit = 33554432 (custom)
2020-07-22 13:35:48,251 [pool-422-thread-1] INFO  server.RaftServerConfigKeys (ConfUtils.java:logGet(44)) - raft.server.log.segment.size.max = 1048576 (custom)
2020-07-22 13:35:48,252 [pool-422-thread-1] INFO  server.RaftServerConfigKeys (ConfUtils.java:logGet(44)) - raft.server.log.segment.cache.num.max = 2 (custom)
2020-07-22 13:35:48,252 [pool-422-thread-1] INFO  segmented.SegmentedRaftLogWorker (SegmentedRaftLogWorker.java:<init>(180)) - new 7993133d-5733-489d-9cab-688682c47555@group-7D18B211F00E-SegmentedRaftLogWorker for RaftStorage:Storage Directory /github/workspace/mnt/ozone/hadoop-ozone/integration-test/target/test-dir/MiniOzoneClusterImpl-d98e4c18-9a08-44b7-83b8-49402f47e02b/datanode-5/data/ratis/a32141e0-60b8-44de-a3b2-7d18b211f00e
2020-07-22 13:35:48,252 [pool-422-thread-1] INFO  server.RaftServerConfigKeys (ConfUtils.java:logGet(44)) - raft.server.log.queue.byte-limit = 2147483647 (custom)
2020-07-22 13:35:48,252 [pool-422-thread-1] INFO  server.RaftServerConfigKeys (ConfUtils.java:logGet(44)) - raft.server.log.queue.element-limit = 1024 (custom)
2020-07-22 13:35:48,252 [pool-422-thread-1] INFO  server.RaftServerConfigKeys (ConfUtils.java:logGet(44)) - raft.server.log.segment.size.max = 1048576 (custom)
2020-07-22 13:35:48,252 [pool-422-thread-1] INFO  server.RaftServerConfigKeys (ConfUtils.java:logGet(44)) - raft.server.log.preallocated.size = 16384 (custom)
2020-07-22 13:35:48,252 [pool-422-thread-1] INFO  server.RaftServerConfigKeys (ConfUtils.java:logGet(44)) - raft.server.log.write.buffer.size = 1048576 (custom)
2020-07-22 13:35:48,252 [pool-422-thread-1] INFO  server.RaftServerConfigKeys (ConfUtils.java:logGet(44)) - raft.server.log.force.sync.num = 128 (default)
2020-07-22 13:35:48,252 [pool-422-thread-1] INFO  server.RaftServerConfigKeys (ConfUtils.java:logGet(44)) - raft.server.log.statemachine.data.sync = true (default)
2020-07-22 13:35:48,252 [pool-422-thread-1] INFO  server.RaftServerConfigKeys (ConfUtils.java:logGet(44)) - raft.server.log.statemachine.data.sync.timeout = 10s (default)
2020-07-22 13:35:48,252 [pool-422-thread-1] INFO  server.RaftServerConfigKeys (ConfUtils.java:logGet(44)) - raft.server.log.statemachine.data.sync.timeout.retry = -1 (default)
2020-07-22 13:35:48,254 [pool-422-thread-1] INFO  server.RaftServerConfigKeys (ConfUtils.java:logGet(44)) - raft.server.log.statemachine.data.caching.enabled = true (custom)
2020-07-22 13:35:48,255 [pool-422-thread-1] INFO  segmented.SegmentedRaftLogWorker (SegmentedRaftLogWorker.java:lambda$new$0(129)) - 7993133d-5733-489d-9cab-688682c47555@group-7D18B211F00E-SegmentedRaftLogWorker: flushIndex: setUnconditionally 0 -> -1
2020-07-22 13:35:48,255 [pool-422-thread-1] INFO  segmented.SegmentedRaftLogWorker (SegmentedRaftLogWorker.java:lambda$new$0(129)) - 7993133d-5733-489d-9cab-688682c47555@group-7D18B211F00E-SegmentedRaftLogWorker: safeCacheEvictIndex: setUnconditionally 0 -> -1
2020-07-22 13:35:48,255 [pool-422-thread-1] INFO  server.RaftServerConfigKeys (ConfUtils.java:logGet(44)) - raft.server.snapshot.auto.trigger.enabled = true (custom)
2020-07-22 13:35:48,255 [pool-422-thread-1] INFO  server.RaftServerConfigKeys (ConfUtils.java:logGet(44)) - raft.server.snapshot.auto.trigger.threshold = 10000 (custom)
2020-07-22 13:35:48,255 [pool-422-thread-1] INFO  server.RaftServerConfigKeys (ConfUtils.java:logGet(44)) - raft.server.snapshot.retention.file.num = 5 (custom)
2020-07-22 13:35:48,255 [pool-422-thread-1] INFO  server.RaftServerConfigKeys (ConfUtils.java:logGet(44)) - raft.server.log.purge.upto.snapshot.index = false (default)
2020-07-22 13:35:48,255 [pool-422-thread-1] INFO  server.RaftServerConfigKeys (ConfUtils.java:logGet(44)) - raft.server.retrycache.expirytime = 600000ms (custom)
2020-07-22 13:35:48,255 [pool-422-thread-1] INFO  metrics.RatisMetrics (RatisMetrics.java:lambda$create$0(36)) - Creating Metrics Registry : ratis.leader_election.7993133d-5733-489d-9cab-688682c47555@group-7D18B211F00E
2020-07-22 13:35:48,256 [pool-422-thread-1] INFO  metrics.RatisMetrics (RatisMetrics.java:lambda$create$0(36)) - Creating Metrics Registry : ratis.server.7993133d-5733-489d-9cab-688682c47555@group-7D18B211F00E
2020-07-22 13:35:48,257 [pool-422-thread-1] INFO  impl.RaftServerImpl (RaftServerImpl.java:start(196)) - 7993133d-5733-489d-9cab-688682c47555@group-7D18B211F00E: start as a follower, conf=-1: [d6d1ac88-c565-49dc-b661-e5233392d177:172.17.0.2:38993, 7993133d-5733-489d-9cab-688682c47555:172.17.0.2:41635, 71897167-da37-4e00-88cd-50d9bd9cf0b6:172.17.0.2:44019], old=null
2020-07-22 13:35:48,257 [pool-422-thread-1] INFO  impl.RaftServerImpl (RaftServerImpl.java:setRole(185)) - 7993133d-5733-489d-9cab-688682c47555@group-7D18B211F00E: changes role from      null to FOLLOWER at term 0 for startAsFollower
2020-07-22 13:35:48,257 [pool-422-thread-1] INFO  impl.RoleInfo (RoleInfo.java:updateAndGet(143)) - 7993133d-5733-489d-9cab-688682c47555: start FollowerState
2020-07-22 13:35:48,257 [pool-422-thread-1] INFO  util.JmxRegister (JmxRegister.java:tryRegister(44)) - Successfully registered JMX Bean with object name Ratis:service=RaftServer,group=group-7D18B211F00E,id=7993133d-5733-489d-9cab-688682c47555
2020-07-22 13:35:48,257 [pool-422-thread-1] INFO  metrics.RatisMetrics (RatisMetrics.java:lambda$create$0(36)) - Creating Metrics Registry : ratis.state_machine.7993133d-5733-489d-9cab-688682c47555@group-7D18B211F00E
2020-07-22 13:35:48,260 [Command processor thread] INFO  commandhandler.CreatePipelineCommandHandler (CreatePipelineCommandHandler.java:handle(109)) - Created Pipeline RATIS THREE #id: "a32141e0-60b8-44de-a3b2-7d18b211f00e"
uuid128 {
  mostSigBits: -6691995139344677666
  leastSigBits: -6651116154652594162
}
.
2020-07-22 13:35:48,293 [Command processor thread] INFO  impl.RaftServerProxy (RaftServerProxy.java:addNew(89)) - 71897167-da37-4e00-88cd-50d9bd9cf0b6: addNew group-E8F1D820CBA9:[71897167-da37-4e00-88cd-50d9bd9cf0b6:172.17.0.2:44019] returns group-E8F1D820CBA9:java.util.concurrent.CompletableFuture@4004b140[Not completed]
2020-07-22 13:35:48,294 [pool-407-thread-1] INFO  impl.RaftServerImpl (RaftServerImpl.java:<init>(107)) - 71897167-da37-4e00-88cd-50d9bd9cf0b6: new RaftServerImpl for group-E8F1D820CBA9:[71897167-da37-4e00-88cd-50d9bd9cf0b6:172.17.0.2:44019] with ContainerStateMachine:uninitialized
2020-07-22 13:35:48,294 [pool-407-thread-1] INFO  server.RaftServerConfigKeys (ConfUtils.java:logGet(44)) - raft.server.rpc.timeout.min = 5s (custom)
2020-07-22 13:35:48,294 [pool-407-thread-1] INFO  server.RaftServerConfigKeys (ConfUtils.java:logGet(44)) - raft.server.rpc.timeout.max = 5200ms (custom)
2020-07-22 13:35:48,294 [pool-407-thread-1] INFO  server.RaftServerConfigKeys (ConfUtils.java:logGet(44)) - raft.server.rpcslowness.timeout = 300000ms (custom)
2020-07-22 13:35:48,294 [pool-407-thread-1] INFO  server.RaftServerConfigKeys (ConfUtils.java:logGet(44)) - raft.server.sleep.deviation.threshold = 300 (default)
2020-07-22 13:35:48,294 [pool-407-thread-1] INFO  server.RaftServerConfigKeys (ConfUtils.java:logGet(44)) - raft.server.log.appender.install.snapshot.enabled = false (custom)
2020-07-22 13:35:48,294 [pool-407-thread-1] INFO  impl.RaftServerImpl (ServerState.java:<init>(103)) - 71897167-da37-4e00-88cd-50d9bd9cf0b6@group-E8F1D820CBA9: ConfigurationManager, init=-1: [71897167-da37-4e00-88cd-50d9bd9cf0b6:172.17.0.2:44019], old=null, confs=<EMPTY_MAP>
2020-07-22 13:35:48,294 [pool-407-thread-1] INFO  server.RaftServerConfigKeys (ConfUtils.java:logGet(44)) - raft.server.storage.dir = [/github/workspace/mnt/ozone/hadoop-ozone/integration-test/target/test-dir/MiniOzoneClusterImpl-d98e4c18-9a08-44b7-83b8-49402f47e02b/datanode-4/data/ratis] (custom)
2020-07-22 13:35:48,294 [pool-407-thread-1] INFO  server.RaftServerConfigKeys (ConfUtils.java:logGet(44)) - raft.server.log.corruption.policy = EXCEPTION (default)
2020-07-22 13:35:48,294 [pool-407-thread-1] INFO  storage.RaftStorageDirectory (RaftStorageDirectory.java:analyzeStorage(261)) - The storage directory /github/workspace/mnt/ozone/hadoop-ozone/integration-test/target/test-dir/MiniOzoneClusterImpl-d98e4c18-9a08-44b7-83b8-49402f47e02b/datanode-4/data/ratis/dca35c69-e819-4af4-9b31-e8f1d820cba9 does not exist. Creating ...
2020-07-22 13:35:48,295 [pool-407-thread-1] INFO  storage.RaftStorageDirectory (RaftStorageDirectory.java:tryLock(343)) - Lock on /github/workspace/mnt/ozone/hadoop-ozone/integration-test/target/test-dir/MiniOzoneClusterImpl-d98e4c18-9a08-44b7-83b8-49402f47e02b/datanode-4/data/ratis/dca35c69-e819-4af4-9b31-e8f1d820cba9/in_use.lock acquired by nodename 5153@95ae26560d66
2020-07-22 13:35:48,296 [pool-407-thread-1] INFO  storage.RaftStorage (RaftStorage.java:format(84)) - Storage directory /github/workspace/mnt/ozone/hadoop-ozone/integration-test/target/test-dir/MiniOzoneClusterImpl-d98e4c18-9a08-44b7-83b8-49402f47e02b/datanode-4/data/ratis/dca35c69-e819-4af4-9b31-e8f1d820cba9 has been successfully formatted.
2020-07-22 13:35:48,297 [pool-407-thread-1] INFO  ratis.ContainerStateMachine (ContainerStateMachine.java:loadSnapshot(225)) - group-E8F1D820CBA9: The snapshot info is null. Setting the last applied indexto:(t:0, i:~)
2020-07-22 13:35:48,297 [pool-407-thread-1] INFO  server.RaftServerConfigKeys (ConfUtils.java:logGet(44)) - raft.server.notification.no-leader.timeout = 300000ms (custom)
2020-07-22 13:35:48,297 [pool-407-thread-1] INFO  server.RaftServerConfigKeys (ConfUtils.java:logGet(44)) - raft.server.log.use.memory = false (default)
2020-07-22 13:35:48,297 [EventQueue-PipelineReportForPipelineReportHandler] INFO  pipeline.PipelineStateManager (PipelineStateManager.java:openPipeline(131)) - Pipeline Pipeline[ Id: dca35c69-e819-4af4-9b31-e8f1d820cba9, Nodes: 71897167-da37-4e00-88cd-50d9bd9cf0b6{ip: 172.17.0.2, host: 95ae26560d66, networkLocation: /default-rack, certSerialId: null}, Type:RATIS, Factor:ONE, State:ALLOCATED, leaderId:71897167-da37-4e00-88cd-50d9bd9cf0b6, CreationTimestamp2020-07-22T13:35:45.294Z] moved to OPEN state
2020-07-22 13:35:48,298 [EventQueue-OpenPipelineForHealthyPipelineSafeModeRule] INFO  safemode.SCMSafeModeManager (HealthyPipelineSafeModeRule.java:process(129)) - SCM in safe mode. Healthy pipelines reported count is 0, required healthy pipeline reported count is 1
2020-07-22 13:35:48,298 [EventQueue-OpenPipelineForOneReplicaPipelineSafeModeRule] INFO  safemode.SCMSafeModeManager (SCMSafeModeManager.java:validateSafeModeExitRules(214)) - AtleastOneDatanodeReportedRule rule is successfully validated
2020-07-22 13:35:48,298 [pool-407-thread-1] INFO  server.RaftServerConfigKeys (ConfUtils.java:logGet(44)) - raft.server.log.purge.gap = 1000000 (custom)
2020-07-22 13:35:48,298 [pool-407-thread-1] INFO  metrics.RatisMetrics (RatisMetrics.java:lambda$create$0(36)) - Creating Metrics Registry : ratis.log_worker.71897167-da37-4e00-88cd-50d9bd9cf0b6@group-E8F1D820CBA9
2020-07-22 13:35:48,298 [pool-407-thread-1] INFO  server.RaftServerConfigKeys (ConfUtils.java:logGet(44)) - raft.server.log.appender.buffer.byte-limit = 33554432 (custom)
2020-07-22 13:35:48,298 [pool-407-thread-1] INFO  server.RaftServerConfigKeys (ConfUtils.java:logGet(44)) - raft.server.log.segment.size.max = 1048576 (custom)
2020-07-22 13:35:48,299 [pool-407-thread-1] INFO  server.RaftServerConfigKeys (ConfUtils.java:logGet(44)) - raft.server.log.segment.cache.num.max = 2 (custom)
2020-07-22 13:35:48,299 [pool-407-thread-1] INFO  segmented.SegmentedRaftLogWorker (SegmentedRaftLogWorker.java:<init>(180)) - new 71897167-da37-4e00-88cd-50d9bd9cf0b6@group-E8F1D820CBA9-SegmentedRaftLogWorker for RaftStorage:Storage Directory /github/workspace/mnt/ozone/hadoop-ozone/integration-test/target/test-dir/MiniOzoneClusterImpl-d98e4c18-9a08-44b7-83b8-49402f47e02b/datanode-4/data/ratis/dca35c69-e819-4af4-9b31-e8f1d820cba9
2020-07-22 13:35:48,299 [pool-407-thread-1] INFO  server.RaftServerConfigKeys (ConfUtils.java:logGet(44)) - raft.server.log.queue.byte-limit = 2147483647 (custom)
2020-07-22 13:35:48,299 [pool-407-thread-1] INFO  server.RaftServerConfigKeys (ConfUtils.java:logGet(44)) - raft.server.log.queue.element-limit = 1024 (custom)
2020-07-22 13:35:48,299 [pool-407-thread-1] INFO  server.RaftServerConfigKeys (ConfUtils.java:logGet(44)) - raft.server.log.segment.size.max = 1048576 (custom)
2020-07-22 13:35:48,299 [pool-407-thread-1] INFO  server.RaftServerConfigKeys (ConfUtils.java:logGet(44)) - raft.server.log.preallocated.size = 16384 (custom)
2020-07-22 13:35:48,299 [pool-407-thread-1] INFO  server.RaftServerConfigKeys (ConfUtils.java:logGet(44)) - raft.server.log.write.buffer.size = 1048576 (custom)
2020-07-22 13:35:48,299 [pool-407-thread-1] INFO  server.RaftServerConfigKeys (ConfUtils.java:logGet(44)) - raft.server.log.force.sync.num = 128 (default)
2020-07-22 13:35:48,299 [pool-407-thread-1] INFO  server.RaftServerConfigKeys (ConfUtils.java:logGet(44)) - raft.server.log.statemachine.data.sync = true (default)
2020-07-22 13:35:48,299 [pool-407-thread-1] INFO  server.RaftServerConfigKeys (ConfUtils.java:logGet(44)) - raft.server.log.statemachine.data.sync.timeout = 10s (default)
2020-07-22 13:35:48,299 [pool-407-thread-1] INFO  server.RaftServerConfigKeys (ConfUtils.java:logGet(44)) - raft.server.log.statemachine.data.sync.timeout.retry = -1 (default)
2020-07-22 13:35:48,301 [pool-407-thread-1] INFO  server.RaftServerConfigKeys (ConfUtils.java:logGet(44)) - raft.server.log.statemachine.data.caching.enabled = true (custom)
2020-07-22 13:35:48,302 [pool-407-thread-1] INFO  segmented.SegmentedRaftLogWorker (SegmentedRaftLogWorker.java:lambda$new$0(129)) - 71897167-da37-4e00-88cd-50d9bd9cf0b6@group-E8F1D820CBA9-SegmentedRaftLogWorker: flushIndex: setUnconditionally 0 -> -1
2020-07-22 13:35:48,302 [pool-407-thread-1] INFO  segmented.SegmentedRaftLogWorker (SegmentedRaftLogWorker.java:lambda$new$0(129)) - 71897167-da37-4e00-88cd-50d9bd9cf0b6@group-E8F1D820CBA9-SegmentedRaftLogWorker: safeCacheEvictIndex: setUnconditionally 0 -> -1
2020-07-22 13:35:48,302 [pool-407-thread-1] INFO  server.RaftServerConfigKeys (ConfUtils.java:logGet(44)) - raft.server.snapshot.auto.trigger.enabled = true (custom)
2020-07-22 13:35:48,302 [pool-407-thread-1] INFO  server.RaftServerConfigKeys (ConfUtils.java:logGet(44)) - raft.server.snapshot.auto.trigger.threshold = 10000 (custom)
2020-07-22 13:35:48,302 [pool-407-thread-1] INFO  server.RaftServerConfigKeys (ConfUtils.java:logGet(44)) - raft.server.snapshot.retention.file.num = 5 (custom)
2020-07-22 13:35:48,302 [pool-407-thread-1] INFO  server.RaftServerConfigKeys (ConfUtils.java:logGet(44)) - raft.server.log.purge.upto.snapshot.index = false (default)
2020-07-22 13:35:48,302 [pool-407-thread-1] INFO  server.RaftServerConfigKeys (ConfUtils.java:logGet(44)) - raft.server.retrycache.expirytime = 600000ms (custom)
2020-07-22 13:35:48,302 [pool-407-thread-1] INFO  metrics.RatisMetrics (RatisMetrics.java:lambda$create$0(36)) - Creating Metrics Registry : ratis.leader_election.71897167-da37-4e00-88cd-50d9bd9cf0b6@group-E8F1D820CBA9
2020-07-22 13:35:48,303 [pool-407-thread-1] INFO  metrics.RatisMetrics (RatisMetrics.java:lambda$create$0(36)) - Creating Metrics Registry : ratis.server.71897167-da37-4e00-88cd-50d9bd9cf0b6@group-E8F1D820CBA9
2020-07-22 13:35:48,304 [pool-407-thread-1] INFO  impl.RaftServerImpl (RaftServerImpl.java:start(196)) - 71897167-da37-4e00-88cd-50d9bd9cf0b6@group-E8F1D820CBA9: start as a follower, conf=-1: [71897167-da37-4e00-88cd-50d9bd9cf0b6:172.17.0.2:44019], old=null
2020-07-22 13:35:48,304 [pool-407-thread-1] INFO  impl.RaftServerImpl (RaftServerImpl.java:setRole(185)) - 71897167-da37-4e00-88cd-50d9bd9cf0b6@group-E8F1D820CBA9: changes role from      null to FOLLOWER at term 0 for startAsFollower
2020-07-22 13:35:48,304 [pool-407-thread-1] INFO  impl.RoleInfo (RoleInfo.java:updateAndGet(143)) - 71897167-da37-4e00-88cd-50d9bd9cf0b6: start FollowerState
2020-07-22 13:35:48,304 [pool-407-thread-1] INFO  util.JmxRegister (JmxRegister.java:tryRegister(44)) - Successfully registered JMX Bean with object name Ratis:service=RaftServer,group=group-E8F1D820CBA9,id=71897167-da37-4e00-88cd-50d9bd9cf0b6
2020-07-22 13:35:48,304 [pool-407-thread-1] INFO  metrics.RatisMetrics (RatisMetrics.java:lambda$create$0(36)) - Creating Metrics Registry : ratis.state_machine.71897167-da37-4e00-88cd-50d9bd9cf0b6@group-E8F1D820CBA9
2020-07-22 13:35:48,305 [Command processor thread] INFO  commandhandler.CreatePipelineCommandHandler (CreatePipelineCommandHandler.java:handle(109)) - Created Pipeline RATIS ONE #id: "dca35c69-e819-4af4-9b31-e8f1d820cba9"
uuid128 {
  mostSigBits: -2548091354226275596
  leastSigBits: -7263768598561109079
}
.
2020-07-22 13:35:48,400 [Command processor thread] INFO  impl.RaftServerProxy (RaftServerProxy.java:addNew(89)) - 7993133d-5733-489d-9cab-688682c47555: addNew group-A3A3D107B774:[7993133d-5733-489d-9cab-688682c47555:172.17.0.2:41635] returns group-A3A3D107B774:java.util.concurrent.CompletableFuture@57866aee[Not completed]
2020-07-22 13:35:48,401 [pool-422-thread-1] INFO  impl.RaftServerImpl (RaftServerImpl.java:<init>(107)) - 7993133d-5733-489d-9cab-688682c47555: new RaftServerImpl for group-A3A3D107B774:[7993133d-5733-489d-9cab-688682c47555:172.17.0.2:41635] with ContainerStateMachine:uninitialized
2020-07-22 13:35:48,401 [pool-422-thread-1] INFO  server.RaftServerConfigKeys (ConfUtils.java:logGet(44)) - raft.server.rpc.timeout.min = 5s (custom)
2020-07-22 13:35:48,401 [pool-422-thread-1] INFO  server.RaftServerConfigKeys (ConfUtils.java:logGet(44)) - raft.server.rpc.timeout.max = 5200ms (custom)
2020-07-22 13:35:48,401 [pool-422-thread-1] INFO  server.RaftServerConfigKeys (ConfUtils.java:logGet(44)) - raft.server.rpcslowness.timeout = 300000ms (custom)
2020-07-22 13:35:48,401 [pool-422-thread-1] INFO  server.RaftServerConfigKeys (ConfUtils.java:logGet(44)) - raft.server.sleep.deviation.threshold = 300 (default)
2020-07-22 13:35:48,401 [pool-422-thread-1] INFO  server.RaftServerConfigKeys (ConfUtils.java:logGet(44)) - raft.server.log.appender.install.snapshot.enabled = false (custom)
2020-07-22 13:35:48,401 [pool-422-thread-1] INFO  impl.RaftServerImpl (ServerState.java:<init>(103)) - 7993133d-5733-489d-9cab-688682c47555@group-A3A3D107B774: ConfigurationManager, init=-1: [7993133d-5733-489d-9cab-688682c47555:172.17.0.2:41635], old=null, confs=<EMPTY_MAP>
2020-07-22 13:35:48,401 [pool-422-thread-1] INFO  server.RaftServerConfigKeys (ConfUtils.java:logGet(44)) - raft.server.storage.dir = [/github/workspace/mnt/ozone/hadoop-ozone/integration-test/target/test-dir/MiniOzoneClusterImpl-d98e4c18-9a08-44b7-83b8-49402f47e02b/datanode-5/data/ratis] (custom)
2020-07-22 13:35:48,402 [pool-422-thread-1] INFO  server.RaftServerConfigKeys (ConfUtils.java:logGet(44)) - raft.server.log.corruption.policy = EXCEPTION (default)
2020-07-22 13:35:48,402 [pool-422-thread-1] INFO  storage.RaftStorageDirectory (RaftStorageDirectory.java:analyzeStorage(261)) - The storage directory /github/workspace/mnt/ozone/hadoop-ozone/integration-test/target/test-dir/MiniOzoneClusterImpl-d98e4c18-9a08-44b7-83b8-49402f47e02b/datanode-5/data/ratis/e7161274-5db4-4822-8ade-a3a3d107b774 does not exist. Creating ...
2020-07-22 13:35:48,405 [pool-422-thread-1] INFO  storage.RaftStorageDirectory (RaftStorageDirectory.java:tryLock(343)) - Lock on /github/workspace/mnt/ozone/hadoop-ozone/integration-test/target/test-dir/MiniOzoneClusterImpl-d98e4c18-9a08-44b7-83b8-49402f47e02b/datanode-5/data/ratis/e7161274-5db4-4822-8ade-a3a3d107b774/in_use.lock acquired by nodename 5153@95ae26560d66
2020-07-22 13:35:48,407 [pool-422-thread-1] INFO  storage.RaftStorage (RaftStorage.java:format(84)) - Storage directory /github/workspace/mnt/ozone/hadoop-ozone/integration-test/target/test-dir/MiniOzoneClusterImpl-d98e4c18-9a08-44b7-83b8-49402f47e02b/datanode-5/data/ratis/e7161274-5db4-4822-8ade-a3a3d107b774 has been successfully formatted.
2020-07-22 13:35:48,407 [pool-422-thread-1] INFO  ratis.ContainerStateMachine (ContainerStateMachine.java:loadSnapshot(225)) - group-A3A3D107B774: The snapshot info is null. Setting the last applied indexto:(t:0, i:~)
2020-07-22 13:35:48,407 [pool-422-thread-1] INFO  server.RaftServerConfigKeys (ConfUtils.java:logGet(44)) - raft.server.notification.no-leader.timeout = 300000ms (custom)
2020-07-22 13:35:48,407 [pool-422-thread-1] INFO  server.RaftServerConfigKeys (ConfUtils.java:logGet(44)) - raft.server.log.use.memory = false (default)
2020-07-22 13:35:48,407 [pool-422-thread-1] INFO  server.RaftServerConfigKeys (ConfUtils.java:logGet(44)) - raft.server.log.purge.gap = 1000000 (custom)
2020-07-22 13:35:48,407 [pool-422-thread-1] INFO  metrics.RatisMetrics (RatisMetrics.java:lambda$create$0(36)) - Creating Metrics Registry : ratis.log_worker.7993133d-5733-489d-9cab-688682c47555@group-A3A3D107B774
2020-07-22 13:35:48,408 [EventQueue-PipelineReportForPipelineReportHandler] INFO  pipeline.PipelineStateManager (PipelineStateManager.java:openPipeline(131)) - Pipeline Pipeline[ Id: e7161274-5db4-4822-8ade-a3a3d107b774, Nodes: 7993133d-5733-489d-9cab-688682c47555{ip: 172.17.0.2, host: 95ae26560d66, networkLocation: /default-rack, certSerialId: null}, Type:RATIS, Factor:ONE, State:ALLOCATED, leaderId:7993133d-5733-489d-9cab-688682c47555, CreationTimestamp2020-07-22T13:35:45.401Z] moved to OPEN state
2020-07-22 13:35:48,408 [EventQueue-OpenPipelineForHealthyPipelineSafeModeRule] INFO  safemode.SCMSafeModeManager (HealthyPipelineSafeModeRule.java:process(129)) - SCM in safe mode. Healthy pipelines reported count is 0, required healthy pipeline reported count is 1
2020-07-22 13:35:48,408 [EventQueue-OpenPipelineForOneReplicaPipelineSafeModeRule] INFO  safemode.SCMSafeModeManager (SCMSafeModeManager.java:validateSafeModeExitRules(214)) - AtleastOneDatanodeReportedRule rule is successfully validated
2020-07-22 13:35:48,408 [pool-422-thread-1] INFO  server.RaftServerConfigKeys (ConfUtils.java:logGet(44)) - raft.server.log.appender.buffer.byte-limit = 33554432 (custom)
2020-07-22 13:35:48,408 [pool-422-thread-1] INFO  server.RaftServerConfigKeys (ConfUtils.java:logGet(44)) - raft.server.log.segment.size.max = 1048576 (custom)
2020-07-22 13:35:48,409 [pool-422-thread-1] INFO  server.RaftServerConfigKeys (ConfUtils.java:logGet(44)) - raft.server.log.segment.cache.num.max = 2 (custom)
2020-07-22 13:35:48,409 [pool-422-thread-1] INFO  segmented.SegmentedRaftLogWorker (SegmentedRaftLogWorker.java:<init>(180)) - new 7993133d-5733-489d-9cab-688682c47555@group-A3A3D107B774-SegmentedRaftLogWorker for RaftStorage:Storage Directory /github/workspace/mnt/ozone/hadoop-ozone/integration-test/target/test-dir/MiniOzoneClusterImpl-d98e4c18-9a08-44b7-83b8-49402f47e02b/datanode-5/data/ratis/e7161274-5db4-4822-8ade-a3a3d107b774
2020-07-22 13:35:48,409 [pool-422-thread-1] INFO  server.RaftServerConfigKeys (ConfUtils.java:logGet(44)) - raft.server.log.queue.byte-limit = 2147483647 (custom)
2020-07-22 13:35:48,409 [pool-422-thread-1] INFO  server.RaftServerConfigKeys (ConfUtils.java:logGet(44)) - raft.server.log.queue.element-limit = 1024 (custom)
2020-07-22 13:35:48,409 [pool-422-thread-1] INFO  server.RaftServerConfigKeys (ConfUtils.java:logGet(44)) - raft.server.log.segment.size.max = 1048576 (custom)
2020-07-22 13:35:48,410 [pool-422-thread-1] INFO  server.RaftServerConfigKeys (ConfUtils.java:logGet(44)) - raft.server.log.preallocated.size = 16384 (custom)
2020-07-22 13:35:48,410 [pool-422-thread-1] INFO  server.RaftServerConfigKeys (ConfUtils.java:logGet(44)) - raft.server.log.write.buffer.size = 1048576 (custom)
2020-07-22 13:35:48,410 [pool-422-thread-1] INFO  server.RaftServerConfigKeys (ConfUtils.java:logGet(44)) - raft.server.log.force.sync.num = 128 (default)
2020-07-22 13:35:48,410 [pool-422-thread-1] INFO  server.RaftServerConfigKeys (ConfUtils.java:logGet(44)) - raft.server.log.statemachine.data.sync = true (default)
2020-07-22 13:35:48,410 [pool-422-thread-1] INFO  server.RaftServerConfigKeys (ConfUtils.java:logGet(44)) - raft.server.log.statemachine.data.sync.timeout = 10s (default)
2020-07-22 13:35:48,410 [pool-422-thread-1] INFO  server.RaftServerConfigKeys (ConfUtils.java:logGet(44)) - raft.server.log.statemachine.data.sync.timeout.retry = -1 (default)
2020-07-22 13:35:48,412 [pool-422-thread-1] INFO  server.RaftServerConfigKeys (ConfUtils.java:logGet(44)) - raft.server.log.statemachine.data.caching.enabled = true (custom)
2020-07-22 13:35:48,412 [pool-422-thread-1] INFO  segmented.SegmentedRaftLogWorker (SegmentedRaftLogWorker.java:lambda$new$0(129)) - 7993133d-5733-489d-9cab-688682c47555@group-A3A3D107B774-SegmentedRaftLogWorker: flushIndex: setUnconditionally 0 -> -1
2020-07-22 13:35:48,412 [pool-422-thread-1] INFO  segmented.SegmentedRaftLogWorker (SegmentedRaftLogWorker.java:lambda$new$0(129)) - 7993133d-5733-489d-9cab-688682c47555@group-A3A3D107B774-SegmentedRaftLogWorker: safeCacheEvictIndex: setUnconditionally 0 -> -1
2020-07-22 13:35:48,412 [pool-422-thread-1] INFO  server.RaftServerConfigKeys (ConfUtils.java:logGet(44)) - raft.server.snapshot.auto.trigger.enabled = true (custom)
2020-07-22 13:35:48,412 [pool-422-thread-1] INFO  server.RaftServerConfigKeys (ConfUtils.java:logGet(44)) - raft.server.snapshot.auto.trigger.threshold = 10000 (custom)
2020-07-22 13:35:48,412 [pool-422-thread-1] INFO  server.RaftServerConfigKeys (ConfUtils.java:logGet(44)) - raft.server.snapshot.retention.file.num = 5 (custom)
2020-07-22 13:35:48,412 [pool-422-thread-1] INFO  server.RaftServerConfigKeys (ConfUtils.java:logGet(44)) - raft.server.log.purge.upto.snapshot.index = false (default)
2020-07-22 13:35:48,413 [pool-422-thread-1] INFO  server.RaftServerConfigKeys (ConfUtils.java:logGet(44)) - raft.server.retrycache.expirytime = 600000ms (custom)
2020-07-22 13:35:48,413 [pool-422-thread-1] INFO  metrics.RatisMetrics (RatisMetrics.java:lambda$create$0(36)) - Creating Metrics Registry : ratis.leader_election.7993133d-5733-489d-9cab-688682c47555@group-A3A3D107B774
2020-07-22 13:35:48,413 [pool-422-thread-1] INFO  metrics.RatisMetrics (RatisMetrics.java:lambda$create$0(36)) - Creating Metrics Registry : ratis.server.7993133d-5733-489d-9cab-688682c47555@group-A3A3D107B774
2020-07-22 13:35:48,414 [pool-422-thread-1] INFO  impl.RaftServerImpl (RaftServerImpl.java:start(196)) - 7993133d-5733-489d-9cab-688682c47555@group-A3A3D107B774: start as a follower, conf=-1: [7993133d-5733-489d-9cab-688682c47555:172.17.0.2:41635], old=null
2020-07-22 13:35:48,414 [pool-422-thread-1] INFO  impl.RaftServerImpl (RaftServerImpl.java:setRole(185)) - 7993133d-5733-489d-9cab-688682c47555@group-A3A3D107B774: changes role from      null to FOLLOWER at term 0 for startAsFollower
2020-07-22 13:35:48,414 [pool-422-thread-1] INFO  impl.RoleInfo (RoleInfo.java:updateAndGet(143)) - 7993133d-5733-489d-9cab-688682c47555: start FollowerState
2020-07-22 13:35:48,415 [pool-422-thread-1] INFO  util.JmxRegister (JmxRegister.java:tryRegister(44)) - Successfully registered JMX Bean with object name Ratis:service=RaftServer,group=group-A3A3D107B774,id=7993133d-5733-489d-9cab-688682c47555
2020-07-22 13:35:48,415 [pool-422-thread-1] INFO  metrics.RatisMetrics (RatisMetrics.java:lambda$create$0(36)) - Creating Metrics Registry : ratis.state_machine.7993133d-5733-489d-9cab-688682c47555@group-A3A3D107B774
2020-07-22 13:35:48,416 [Command processor thread] INFO  commandhandler.CreatePipelineCommandHandler (CreatePipelineCommandHandler.java:handle(109)) - Created Pipeline RATIS ONE #id: "e7161274-5db4-4822-8ade-a3a3d107b774"
uuid128 {
  mostSigBits: -1795227110462961630
  leastSigBits: -8440128727663790220
}
.
2020-07-22 13:35:48,508 [Command processor thread] INFO  impl.RaftServerProxy (RaftServerProxy.java:addNew(89)) - 893c9bf4-6f39-4cde-b2ed-0f295cdfb21b: addNew group-349A2AAFE72A:[893c9bf4-6f39-4cde-b2ed-0f295cdfb21b:172.17.0.2:44721] returns group-349A2AAFE72A:java.util.concurrent.CompletableFuture@4eecece9[Not completed]
2020-07-22 13:35:48,510 [pool-437-thread-1] INFO  impl.RaftServerImpl (RaftServerImpl.java:<init>(107)) - 893c9bf4-6f39-4cde-b2ed-0f295cdfb21b: new RaftServerImpl for group-349A2AAFE72A:[893c9bf4-6f39-4cde-b2ed-0f295cdfb21b:172.17.0.2:44721] with ContainerStateMachine:uninitialized
2020-07-22 13:35:48,510 [pool-437-thread-1] INFO  server.RaftServerConfigKeys (ConfUtils.java:logGet(44)) - raft.server.rpc.timeout.min = 5s (custom)
2020-07-22 13:35:48,510 [pool-437-thread-1] INFO  server.RaftServerConfigKeys (ConfUtils.java:logGet(44)) - raft.server.rpc.timeout.max = 5200ms (custom)
2020-07-22 13:35:48,510 [pool-437-thread-1] INFO  server.RaftServerConfigKeys (ConfUtils.java:logGet(44)) - raft.server.rpcslowness.timeout = 300000ms (custom)
2020-07-22 13:35:48,510 [pool-437-thread-1] INFO  server.RaftServerConfigKeys (ConfUtils.java:logGet(44)) - raft.server.sleep.deviation.threshold = 300 (default)
2020-07-22 13:35:48,510 [pool-437-thread-1] INFO  server.RaftServerConfigKeys (ConfUtils.java:logGet(44)) - raft.server.log.appender.install.snapshot.enabled = false (custom)
2020-07-22 13:35:48,511 [pool-437-thread-1] INFO  impl.RaftServerImpl (ServerState.java:<init>(103)) - 893c9bf4-6f39-4cde-b2ed-0f295cdfb21b@group-349A2AAFE72A: ConfigurationManager, init=-1: [893c9bf4-6f39-4cde-b2ed-0f295cdfb21b:172.17.0.2:44721], old=null, confs=<EMPTY_MAP>
2020-07-22 13:35:48,511 [pool-437-thread-1] INFO  server.RaftServerConfigKeys (ConfUtils.java:logGet(44)) - raft.server.storage.dir = [/github/workspace/mnt/ozone/hadoop-ozone/integration-test/target/test-dir/MiniOzoneClusterImpl-d98e4c18-9a08-44b7-83b8-49402f47e02b/datanode-6/data/ratis] (custom)
2020-07-22 13:35:48,511 [pool-437-thread-1] INFO  server.RaftServerConfigKeys (ConfUtils.java:logGet(44)) - raft.server.log.corruption.policy = EXCEPTION (default)
2020-07-22 13:35:48,511 [pool-437-thread-1] INFO  storage.RaftStorageDirectory (RaftStorageDirectory.java:analyzeStorage(261)) - The storage directory /github/workspace/mnt/ozone/hadoop-ozone/integration-test/target/test-dir/MiniOzoneClusterImpl-d98e4c18-9a08-44b7-83b8-49402f47e02b/datanode-6/data/ratis/6b35a7ef-0474-485f-9cc4-349a2aafe72a does not exist. Creating ...
2020-07-22 13:35:48,512 [pool-437-thread-1] INFO  storage.RaftStorageDirectory (RaftStorageDirectory.java:tryLock(343)) - Lock on /github/workspace/mnt/ozone/hadoop-ozone/integration-test/target/test-dir/MiniOzoneClusterImpl-d98e4c18-9a08-44b7-83b8-49402f47e02b/datanode-6/data/ratis/6b35a7ef-0474-485f-9cc4-349a2aafe72a/in_use.lock acquired by nodename 5153@95ae26560d66
2020-07-22 13:35:48,513 [pool-437-thread-1] INFO  storage.RaftStorage (RaftStorage.java:format(84)) - Storage directory /github/workspace/mnt/ozone/hadoop-ozone/integration-test/target/test-dir/MiniOzoneClusterImpl-d98e4c18-9a08-44b7-83b8-49402f47e02b/datanode-6/data/ratis/6b35a7ef-0474-485f-9cc4-349a2aafe72a has been successfully formatted.
2020-07-22 13:35:48,515 [pool-437-thread-1] INFO  ratis.ContainerStateMachine (ContainerStateMachine.java:loadSnapshot(225)) - group-349A2AAFE72A: The snapshot info is null. Setting the last applied indexto:(t:0, i:~)
2020-07-22 13:35:48,516 [pool-437-thread-1] INFO  server.RaftServerConfigKeys (ConfUtils.java:logGet(44)) - raft.server.notification.no-leader.timeout = 300000ms (custom)
2020-07-22 13:35:48,516 [pool-437-thread-1] INFO  server.RaftServerConfigKeys (ConfUtils.java:logGet(44)) - raft.server.log.use.memory = false (default)
2020-07-22 13:35:48,516 [pool-437-thread-1] INFO  server.RaftServerConfigKeys (ConfUtils.java:logGet(44)) - raft.server.log.purge.gap = 1000000 (custom)
2020-07-22 13:35:48,516 [pool-437-thread-1] INFO  metrics.RatisMetrics (RatisMetrics.java:lambda$create$0(36)) - Creating Metrics Registry : ratis.log_worker.893c9bf4-6f39-4cde-b2ed-0f295cdfb21b@group-349A2AAFE72A
2020-07-22 13:35:48,516 [pool-437-thread-1] INFO  server.RaftServerConfigKeys (ConfUtils.java:logGet(44)) - raft.server.log.appender.buffer.byte-limit = 33554432 (custom)
2020-07-22 13:35:48,516 [EventQueue-PipelineReportForPipelineReportHandler] INFO  pipeline.PipelineStateManager (PipelineStateManager.java:openPipeline(131)) - Pipeline Pipeline[ Id: 6b35a7ef-0474-485f-9cc4-349a2aafe72a, Nodes: 893c9bf4-6f39-4cde-b2ed-0f295cdfb21b{ip: 172.17.0.2, host: 95ae26560d66, networkLocation: /default-rack, certSerialId: null}, Type:RATIS, Factor:ONE, State:ALLOCATED, leaderId:893c9bf4-6f39-4cde-b2ed-0f295cdfb21b, CreationTimestamp2020-07-22T13:35:45.510Z] moved to OPEN state
2020-07-22 13:35:48,516 [pool-437-thread-1] INFO  server.RaftServerConfigKeys (ConfUtils.java:logGet(44)) - raft.server.log.segment.size.max = 1048576 (custom)
2020-07-22 13:35:48,516 [EventQueue-OpenPipelineForHealthyPipelineSafeModeRule] INFO  safemode.SCMSafeModeManager (HealthyPipelineSafeModeRule.java:process(129)) - SCM in safe mode. Healthy pipelines reported count is 0, required healthy pipeline reported count is 1
2020-07-22 13:35:48,516 [EventQueue-OpenPipelineForOneReplicaPipelineSafeModeRule] INFO  safemode.SCMSafeModeManager (SCMSafeModeManager.java:validateSafeModeExitRules(214)) - AtleastOneDatanodeReportedRule rule is successfully validated
2020-07-22 13:35:48,517 [pool-437-thread-1] INFO  server.RaftServerConfigKeys (ConfUtils.java:logGet(44)) - raft.server.log.segment.cache.num.max = 2 (custom)
2020-07-22 13:35:48,517 [pool-437-thread-1] INFO  segmented.SegmentedRaftLogWorker (SegmentedRaftLogWorker.java:<init>(180)) - new 893c9bf4-6f39-4cde-b2ed-0f295cdfb21b@group-349A2AAFE72A-SegmentedRaftLogWorker for RaftStorage:Storage Directory /github/workspace/mnt/ozone/hadoop-ozone/integration-test/target/test-dir/MiniOzoneClusterImpl-d98e4c18-9a08-44b7-83b8-49402f47e02b/datanode-6/data/ratis/6b35a7ef-0474-485f-9cc4-349a2aafe72a
2020-07-22 13:35:48,517 [pool-437-thread-1] INFO  server.RaftServerConfigKeys (ConfUtils.java:logGet(44)) - raft.server.log.queue.byte-limit = 2147483647 (custom)
2020-07-22 13:35:48,517 [pool-437-thread-1] INFO  server.RaftServerConfigKeys (ConfUtils.java:logGet(44)) - raft.server.log.queue.element-limit = 1024 (custom)
2020-07-22 13:35:48,517 [pool-437-thread-1] INFO  server.RaftServerConfigKeys (ConfUtils.java:logGet(44)) - raft.server.log.segment.size.max = 1048576 (custom)
2020-07-22 13:35:48,517 [pool-437-thread-1] INFO  server.RaftServerConfigKeys (ConfUtils.java:logGet(44)) - raft.server.log.preallocated.size = 16384 (custom)
2020-07-22 13:35:48,517 [pool-437-thread-1] INFO  server.RaftServerConfigKeys (ConfUtils.java:logGet(44)) - raft.server.log.write.buffer.size = 1048576 (custom)
2020-07-22 13:35:48,517 [pool-437-thread-1] INFO  server.RaftServerConfigKeys (ConfUtils.java:logGet(44)) - raft.server.log.force.sync.num = 128 (default)
2020-07-22 13:35:48,517 [pool-437-thread-1] INFO  server.RaftServerConfigKeys (ConfUtils.java:logGet(44)) - raft.server.log.statemachine.data.sync = true (default)
2020-07-22 13:35:48,517 [pool-437-thread-1] INFO  server.RaftServerConfigKeys (ConfUtils.java:logGet(44)) - raft.server.log.statemachine.data.sync.timeout = 10s (default)
2020-07-22 13:35:48,517 [pool-437-thread-1] INFO  server.RaftServerConfigKeys (ConfUtils.java:logGet(44)) - raft.server.log.statemachine.data.sync.timeout.retry = -1 (default)
2020-07-22 13:35:48,520 [pool-437-thread-1] INFO  server.RaftServerConfigKeys (ConfUtils.java:logGet(44)) - raft.server.log.statemachine.data.caching.enabled = true (custom)
2020-07-22 13:35:48,520 [pool-437-thread-1] INFO  segmented.SegmentedRaftLogWorker (SegmentedRaftLogWorker.java:lambda$new$0(129)) - 893c9bf4-6f39-4cde-b2ed-0f295cdfb21b@group-349A2AAFE72A-SegmentedRaftLogWorker: flushIndex: setUnconditionally 0 -> -1
2020-07-22 13:35:48,520 [pool-437-thread-1] INFO  segmented.SegmentedRaftLogWorker (SegmentedRaftLogWorker.java:lambda$new$0(129)) - 893c9bf4-6f39-4cde-b2ed-0f295cdfb21b@group-349A2AAFE72A-SegmentedRaftLogWorker: safeCacheEvictIndex: setUnconditionally 0 -> -1
2020-07-22 13:35:48,520 [pool-437-thread-1] INFO  server.RaftServerConfigKeys (ConfUtils.java:logGet(44)) - raft.server.snapshot.auto.trigger.enabled = true (custom)
2020-07-22 13:35:48,520 [pool-437-thread-1] INFO  server.RaftServerConfigKeys (ConfUtils.java:logGet(44)) - raft.server.snapshot.auto.trigger.threshold = 10000 (custom)
2020-07-22 13:35:48,520 [pool-437-thread-1] INFO  server.RaftServerConfigKeys (ConfUtils.java:logGet(44)) - raft.server.snapshot.retention.file.num = 5 (custom)
2020-07-22 13:35:48,520 [pool-437-thread-1] INFO  server.RaftServerConfigKeys (ConfUtils.java:logGet(44)) - raft.server.log.purge.upto.snapshot.index = false (default)
2020-07-22 13:35:48,521 [pool-437-thread-1] INFO  server.RaftServerConfigKeys (ConfUtils.java:logGet(44)) - raft.server.retrycache.expirytime = 600000ms (custom)
2020-07-22 13:35:48,521 [pool-437-thread-1] INFO  metrics.RatisMetrics (RatisMetrics.java:lambda$create$0(36)) - Creating Metrics Registry : ratis.leader_election.893c9bf4-6f39-4cde-b2ed-0f295cdfb21b@group-349A2AAFE72A
2020-07-22 13:35:48,521 [pool-437-thread-1] INFO  metrics.RatisMetrics (RatisMetrics.java:lambda$create$0(36)) - Creating Metrics Registry : ratis.server.893c9bf4-6f39-4cde-b2ed-0f295cdfb21b@group-349A2AAFE72A
2020-07-22 13:35:48,522 [pool-437-thread-1] INFO  impl.RaftServerImpl (RaftServerImpl.java:start(196)) - 893c9bf4-6f39-4cde-b2ed-0f295cdfb21b@group-349A2AAFE72A: start as a follower, conf=-1: [893c9bf4-6f39-4cde-b2ed-0f295cdfb21b:172.17.0.2:44721], old=null
2020-07-22 13:35:48,522 [pool-437-thread-1] INFO  impl.RaftServerImpl (RaftServerImpl.java:setRole(185)) - 893c9bf4-6f39-4cde-b2ed-0f295cdfb21b@group-349A2AAFE72A: changes role from      null to FOLLOWER at term 0 for startAsFollower
2020-07-22 13:35:48,522 [pool-437-thread-1] INFO  impl.RoleInfo (RoleInfo.java:updateAndGet(143)) - 893c9bf4-6f39-4cde-b2ed-0f295cdfb21b: start FollowerState
2020-07-22 13:35:48,524 [pool-437-thread-1] INFO  util.JmxRegister (JmxRegister.java:tryRegister(44)) - Successfully registered JMX Bean with object name Ratis:service=RaftServer,group=group-349A2AAFE72A,id=893c9bf4-6f39-4cde-b2ed-0f295cdfb21b
2020-07-22 13:35:48,524 [pool-437-thread-1] INFO  metrics.RatisMetrics (RatisMetrics.java:lambda$create$0(36)) - Creating Metrics Registry : ratis.state_machine.893c9bf4-6f39-4cde-b2ed-0f295cdfb21b@group-349A2AAFE72A
2020-07-22 13:35:48,527 [Command processor thread] INFO  commandhandler.CreatePipelineCommandHandler (CreatePipelineCommandHandler.java:handle(109)) - Created Pipeline RATIS ONE #id: "6b35a7ef-0474-485f-9cc4-349a2aafe72a"
uuid128 {
  mostSigBits: 7725265380837705823
  leastSigBits: -7150532471611726038
}
.
2020-07-22 13:35:48,527 [Command processor thread] INFO  impl.RaftServerProxy (RaftServerProxy.java:addNew(89)) - 893c9bf4-6f39-4cde-b2ed-0f295cdfb21b: addNew group-322E1634C0BA:[8fc789e3-cfff-4768-8922-f2fbfdc764b4:172.17.0.2:38045, 098b8c32-9cc9-4300-9c47-36f9b46c2619:172.17.0.2:36923, 893c9bf4-6f39-4cde-b2ed-0f295cdfb21b:172.17.0.2:44721] returns group-322E1634C0BA:java.util.concurrent.CompletableFuture@4ad361ec[Not completed]
2020-07-22 13:35:48,528 [pool-437-thread-1] INFO  impl.RaftServerImpl (RaftServerImpl.java:<init>(107)) - 893c9bf4-6f39-4cde-b2ed-0f295cdfb21b: new RaftServerImpl for group-322E1634C0BA:[8fc789e3-cfff-4768-8922-f2fbfdc764b4:172.17.0.2:38045, 098b8c32-9cc9-4300-9c47-36f9b46c2619:172.17.0.2:36923, 893c9bf4-6f39-4cde-b2ed-0f295cdfb21b:172.17.0.2:44721] with ContainerStateMachine:uninitialized
2020-07-22 13:35:48,528 [pool-437-thread-1] INFO  server.RaftServerConfigKeys (ConfUtils.java:logGet(44)) - raft.server.rpc.timeout.min = 5s (custom)
2020-07-22 13:35:48,528 [pool-437-thread-1] INFO  server.RaftServerConfigKeys (ConfUtils.java:logGet(44)) - raft.server.rpc.timeout.max = 5200ms (custom)
2020-07-22 13:35:48,528 [pool-437-thread-1] INFO  server.RaftServerConfigKeys (ConfUtils.java:logGet(44)) - raft.server.rpcslowness.timeout = 300000ms (custom)
2020-07-22 13:35:48,528 [pool-437-thread-1] INFO  server.RaftServerConfigKeys (ConfUtils.java:logGet(44)) - raft.server.sleep.deviation.threshold = 300 (default)
2020-07-22 13:35:48,528 [pool-437-thread-1] INFO  server.RaftServerConfigKeys (ConfUtils.java:logGet(44)) - raft.server.log.appender.install.snapshot.enabled = false (custom)
2020-07-22 13:35:48,528 [pool-437-thread-1] INFO  impl.RaftServerImpl (ServerState.java:<init>(103)) - 893c9bf4-6f39-4cde-b2ed-0f295cdfb21b@group-322E1634C0BA: ConfigurationManager, init=-1: [8fc789e3-cfff-4768-8922-f2fbfdc764b4:172.17.0.2:38045, 098b8c32-9cc9-4300-9c47-36f9b46c2619:172.17.0.2:36923, 893c9bf4-6f39-4cde-b2ed-0f295cdfb21b:172.17.0.2:44721], old=null, confs=<EMPTY_MAP>
2020-07-22 13:35:48,528 [pool-437-thread-1] INFO  server.RaftServerConfigKeys (ConfUtils.java:logGet(44)) - raft.server.storage.dir = [/github/workspace/mnt/ozone/hadoop-ozone/integration-test/target/test-dir/MiniOzoneClusterImpl-d98e4c18-9a08-44b7-83b8-49402f47e02b/datanode-6/data/ratis] (custom)
2020-07-22 13:35:48,528 [pool-437-thread-1] INFO  server.RaftServerConfigKeys (ConfUtils.java:logGet(44)) - raft.server.log.corruption.policy = EXCEPTION (default)
2020-07-22 13:35:48,528 [pool-437-thread-1] INFO  storage.RaftStorageDirectory (RaftStorageDirectory.java:analyzeStorage(261)) - The storage directory /github/workspace/mnt/ozone/hadoop-ozone/integration-test/target/test-dir/MiniOzoneClusterImpl-d98e4c18-9a08-44b7-83b8-49402f47e02b/datanode-6/data/ratis/9b352ed9-4454-47d7-9ce0-322e1634c0ba does not exist. Creating ...
2020-07-22 13:35:48,529 [pool-437-thread-1] INFO  storage.RaftStorageDirectory (RaftStorageDirectory.java:tryLock(343)) - Lock on /github/workspace/mnt/ozone/hadoop-ozone/integration-test/target/test-dir/MiniOzoneClusterImpl-d98e4c18-9a08-44b7-83b8-49402f47e02b/datanode-6/data/ratis/9b352ed9-4454-47d7-9ce0-322e1634c0ba/in_use.lock acquired by nodename 5153@95ae26560d66
2020-07-22 13:35:48,532 [pool-437-thread-1] INFO  storage.RaftStorage (RaftStorage.java:format(84)) - Storage directory /github/workspace/mnt/ozone/hadoop-ozone/integration-test/target/test-dir/MiniOzoneClusterImpl-d98e4c18-9a08-44b7-83b8-49402f47e02b/datanode-6/data/ratis/9b352ed9-4454-47d7-9ce0-322e1634c0ba has been successfully formatted.
2020-07-22 13:35:48,533 [pool-437-thread-1] INFO  ratis.ContainerStateMachine (ContainerStateMachine.java:loadSnapshot(225)) - group-322E1634C0BA: The snapshot info is null. Setting the last applied indexto:(t:0, i:~)
2020-07-22 13:35:48,533 [pool-437-thread-1] INFO  server.RaftServerConfigKeys (ConfUtils.java:logGet(44)) - raft.server.notification.no-leader.timeout = 300000ms (custom)
2020-07-22 13:35:48,533 [pool-437-thread-1] INFO  server.RaftServerConfigKeys (ConfUtils.java:logGet(44)) - raft.server.log.use.memory = false (default)
2020-07-22 13:35:48,533 [pool-437-thread-1] INFO  server.RaftServerConfigKeys (ConfUtils.java:logGet(44)) - raft.server.log.purge.gap = 1000000 (custom)
2020-07-22 13:35:48,533 [pool-437-thread-1] INFO  metrics.RatisMetrics (RatisMetrics.java:lambda$create$0(36)) - Creating Metrics Registry : ratis.log_worker.893c9bf4-6f39-4cde-b2ed-0f295cdfb21b@group-322E1634C0BA
2020-07-22 13:35:48,534 [pool-437-thread-1] INFO  server.RaftServerConfigKeys (ConfUtils.java:logGet(44)) - raft.server.log.appender.buffer.byte-limit = 33554432 (custom)
2020-07-22 13:35:48,534 [pool-437-thread-1] INFO  server.RaftServerConfigKeys (ConfUtils.java:logGet(44)) - raft.server.log.segment.size.max = 1048576 (custom)
2020-07-22 13:35:48,534 [pool-437-thread-1] INFO  server.RaftServerConfigKeys (ConfUtils.java:logGet(44)) - raft.server.log.segment.cache.num.max = 2 (custom)
2020-07-22 13:35:48,534 [pool-437-thread-1] INFO  segmented.SegmentedRaftLogWorker (SegmentedRaftLogWorker.java:<init>(180)) - new 893c9bf4-6f39-4cde-b2ed-0f295cdfb21b@group-322E1634C0BA-SegmentedRaftLogWorker for RaftStorage:Storage Directory /github/workspace/mnt/ozone/hadoop-ozone/integration-test/target/test-dir/MiniOzoneClusterImpl-d98e4c18-9a08-44b7-83b8-49402f47e02b/datanode-6/data/ratis/9b352ed9-4454-47d7-9ce0-322e1634c0ba
2020-07-22 13:35:48,534 [pool-437-thread-1] INFO  server.RaftServerConfigKeys (ConfUtils.java:logGet(44)) - raft.server.log.queue.byte-limit = 2147483647 (custom)
2020-07-22 13:35:48,534 [pool-437-thread-1] INFO  server.RaftServerConfigKeys (ConfUtils.java:logGet(44)) - raft.server.log.queue.element-limit = 1024 (custom)
2020-07-22 13:35:48,534 [pool-437-thread-1] INFO  server.RaftServerConfigKeys (ConfUtils.java:logGet(44)) - raft.server.log.segment.size.max = 1048576 (custom)
2020-07-22 13:35:48,535 [pool-437-thread-1] INFO  server.RaftServerConfigKeys (ConfUtils.java:logGet(44)) - raft.server.log.preallocated.size = 16384 (custom)
2020-07-22 13:35:48,535 [pool-437-thread-1] INFO  server.RaftServerConfigKeys (ConfUtils.java:logGet(44)) - raft.server.log.write.buffer.size = 1048576 (custom)
2020-07-22 13:35:48,535 [pool-437-thread-1] INFO  server.RaftServerConfigKeys (ConfUtils.java:logGet(44)) - raft.server.log.force.sync.num = 128 (default)
2020-07-22 13:35:48,535 [pool-437-thread-1] INFO  server.RaftServerConfigKeys (ConfUtils.java:logGet(44)) - raft.server.log.statemachine.data.sync = true (default)
2020-07-22 13:35:48,535 [pool-437-thread-1] INFO  server.RaftServerConfigKeys (ConfUtils.java:logGet(44)) - raft.server.log.statemachine.data.sync.timeout = 10s (default)
2020-07-22 13:35:48,535 [pool-437-thread-1] INFO  server.RaftServerConfigKeys (ConfUtils.java:logGet(44)) - raft.server.log.statemachine.data.sync.timeout.retry = -1 (default)
2020-07-22 13:35:48,537 [pool-437-thread-1] INFO  server.RaftServerConfigKeys (ConfUtils.java:logGet(44)) - raft.server.log.statemachine.data.caching.enabled = true (custom)
2020-07-22 13:35:48,537 [pool-437-thread-1] INFO  segmented.SegmentedRaftLogWorker (SegmentedRaftLogWorker.java:lambda$new$0(129)) - 893c9bf4-6f39-4cde-b2ed-0f295cdfb21b@group-322E1634C0BA-SegmentedRaftLogWorker: flushIndex: setUnconditionally 0 -> -1
2020-07-22 13:35:48,537 [pool-437-thread-1] INFO  segmented.SegmentedRaftLogWorker (SegmentedRaftLogWorker.java:lambda$new$0(129)) - 893c9bf4-6f39-4cde-b2ed-0f295cdfb21b@group-322E1634C0BA-SegmentedRaftLogWorker: safeCacheEvictIndex: setUnconditionally 0 -> -1
2020-07-22 13:35:48,537 [pool-437-thread-1] INFO  server.RaftServerConfigKeys (ConfUtils.java:logGet(44)) - raft.server.snapshot.auto.trigger.enabled = true (custom)
2020-07-22 13:35:48,537 [pool-437-thread-1] INFO  server.RaftServerConfigKeys (ConfUtils.java:logGet(44)) - raft.server.snapshot.auto.trigger.threshold = 10000 (custom)
2020-07-22 13:35:48,537 [pool-437-thread-1] INFO  server.RaftServerConfigKeys (ConfUtils.java:logGet(44)) - raft.server.snapshot.retention.file.num = 5 (custom)
2020-07-22 13:35:48,537 [pool-437-thread-1] INFO  server.RaftServerConfigKeys (ConfUtils.java:logGet(44)) - raft.server.log.purge.upto.snapshot.index = false (default)
2020-07-22 13:35:48,538 [pool-437-thread-1] INFO  server.RaftServerConfigKeys (ConfUtils.java:logGet(44)) - raft.server.retrycache.expirytime = 600000ms (custom)
2020-07-22 13:35:48,538 [pool-437-thread-1] INFO  metrics.RatisMetrics (RatisMetrics.java:lambda$create$0(36)) - Creating Metrics Registry : ratis.leader_election.893c9bf4-6f39-4cde-b2ed-0f295cdfb21b@group-322E1634C0BA
2020-07-22 13:35:48,538 [pool-437-thread-1] INFO  metrics.RatisMetrics (RatisMetrics.java:lambda$create$0(36)) - Creating Metrics Registry : ratis.server.893c9bf4-6f39-4cde-b2ed-0f295cdfb21b@group-322E1634C0BA
2020-07-22 13:35:48,539 [pool-437-thread-1] INFO  impl.RaftServerImpl (RaftServerImpl.java:start(196)) - 893c9bf4-6f39-4cde-b2ed-0f295cdfb21b@group-322E1634C0BA: start as a follower, conf=-1: [8fc789e3-cfff-4768-8922-f2fbfdc764b4:172.17.0.2:38045, 098b8c32-9cc9-4300-9c47-36f9b46c2619:172.17.0.2:36923, 893c9bf4-6f39-4cde-b2ed-0f295cdfb21b:172.17.0.2:44721], old=null
2020-07-22 13:35:48,539 [pool-437-thread-1] INFO  impl.RaftServerImpl (RaftServerImpl.java:setRole(185)) - 893c9bf4-6f39-4cde-b2ed-0f295cdfb21b@group-322E1634C0BA: changes role from      null to FOLLOWER at term 0 for startAsFollower
2020-07-22 13:35:48,539 [pool-437-thread-1] INFO  impl.RoleInfo (RoleInfo.java:updateAndGet(143)) - 893c9bf4-6f39-4cde-b2ed-0f295cdfb21b: start FollowerState
2020-07-22 13:35:48,543 [pool-437-thread-1] INFO  util.JmxRegister (JmxRegister.java:tryRegister(44)) - Successfully registered JMX Bean with object name Ratis:service=RaftServer,group=group-322E1634C0BA,id=893c9bf4-6f39-4cde-b2ed-0f295cdfb21b
2020-07-22 13:35:48,543 [pool-437-thread-1] INFO  metrics.RatisMetrics (RatisMetrics.java:lambda$create$0(36)) - Creating Metrics Registry : ratis.state_machine.893c9bf4-6f39-4cde-b2ed-0f295cdfb21b@group-322E1634C0BA
2020-07-22 13:35:48,549 [grpc-default-executor-7] INFO  impl.RaftServerProxy (RaftServerProxy.java:addNew(89)) - 8fc789e3-cfff-4768-8922-f2fbfdc764b4: addNew group-322E1634C0BA:[8fc789e3-cfff-4768-8922-f2fbfdc764b4:172.17.0.2:38045, 098b8c32-9cc9-4300-9c47-36f9b46c2619:172.17.0.2:36923, 893c9bf4-6f39-4cde-b2ed-0f295cdfb21b:172.17.0.2:44721] returns group-322E1634C0BA:java.util.concurrent.CompletableFuture@967dede[Not completed]
2020-07-22 13:35:48,550 [pool-452-thread-1] INFO  impl.RaftServerImpl (RaftServerImpl.java:<init>(107)) - 8fc789e3-cfff-4768-8922-f2fbfdc764b4: new RaftServerImpl for group-322E1634C0BA:[8fc789e3-cfff-4768-8922-f2fbfdc764b4:172.17.0.2:38045, 098b8c32-9cc9-4300-9c47-36f9b46c2619:172.17.0.2:36923, 893c9bf4-6f39-4cde-b2ed-0f295cdfb21b:172.17.0.2:44721] with ContainerStateMachine:uninitialized
2020-07-22 13:35:48,550 [pool-452-thread-1] INFO  server.RaftServerConfigKeys (ConfUtils.java:logGet(44)) - raft.server.rpc.timeout.min = 5s (custom)
2020-07-22 13:35:48,550 [pool-452-thread-1] INFO  server.RaftServerConfigKeys (ConfUtils.java:logGet(44)) - raft.server.rpc.timeout.max = 5200ms (custom)
2020-07-22 13:35:48,550 [pool-452-thread-1] INFO  server.RaftServerConfigKeys (ConfUtils.java:logGet(44)) - raft.server.rpcslowness.timeout = 300000ms (custom)
2020-07-22 13:35:48,550 [pool-452-thread-1] INFO  server.RaftServerConfigKeys (ConfUtils.java:logGet(44)) - raft.server.sleep.deviation.threshold = 300 (default)
2020-07-22 13:35:48,550 [pool-452-thread-1] INFO  server.RaftServerConfigKeys (ConfUtils.java:logGet(44)) - raft.server.log.appender.install.snapshot.enabled = false (custom)
2020-07-22 13:35:48,551 [pool-452-thread-1] INFO  impl.RaftServerImpl (ServerState.java:<init>(103)) - 8fc789e3-cfff-4768-8922-f2fbfdc764b4@group-322E1634C0BA: ConfigurationManager, init=-1: [8fc789e3-cfff-4768-8922-f2fbfdc764b4:172.17.0.2:38045, 098b8c32-9cc9-4300-9c47-36f9b46c2619:172.17.0.2:36923, 893c9bf4-6f39-4cde-b2ed-0f295cdfb21b:172.17.0.2:44721], old=null, confs=<EMPTY_MAP>
2020-07-22 13:35:48,551 [pool-452-thread-1] INFO  server.RaftServerConfigKeys (ConfUtils.java:logGet(44)) - raft.server.storage.dir = [/github/workspace/mnt/ozone/hadoop-ozone/integration-test/target/test-dir/MiniOzoneClusterImpl-d98e4c18-9a08-44b7-83b8-49402f47e02b/datanode-7/data/ratis] (custom)
2020-07-22 13:35:48,551 [pool-452-thread-1] INFO  server.RaftServerConfigKeys (ConfUtils.java:logGet(44)) - raft.server.log.corruption.policy = EXCEPTION (default)
2020-07-22 13:35:48,551 [pool-452-thread-1] INFO  storage.RaftStorageDirectory (RaftStorageDirectory.java:analyzeStorage(261)) - The storage directory /github/workspace/mnt/ozone/hadoop-ozone/integration-test/target/test-dir/MiniOzoneClusterImpl-d98e4c18-9a08-44b7-83b8-49402f47e02b/datanode-7/data/ratis/9b352ed9-4454-47d7-9ce0-322e1634c0ba does not exist. Creating ...
2020-07-22 13:35:48,552 [pool-452-thread-1] INFO  storage.RaftStorageDirectory (RaftStorageDirectory.java:tryLock(343)) - Lock on /github/workspace/mnt/ozone/hadoop-ozone/integration-test/target/test-dir/MiniOzoneClusterImpl-d98e4c18-9a08-44b7-83b8-49402f47e02b/datanode-7/data/ratis/9b352ed9-4454-47d7-9ce0-322e1634c0ba/in_use.lock acquired by nodename 5153@95ae26560d66
2020-07-22 13:35:48,553 [pool-452-thread-1] INFO  storage.RaftStorage (RaftStorage.java:format(84)) - Storage directory /github/workspace/mnt/ozone/hadoop-ozone/integration-test/target/test-dir/MiniOzoneClusterImpl-d98e4c18-9a08-44b7-83b8-49402f47e02b/datanode-7/data/ratis/9b352ed9-4454-47d7-9ce0-322e1634c0ba has been successfully formatted.
2020-07-22 13:35:48,554 [pool-452-thread-1] INFO  ratis.ContainerStateMachine (ContainerStateMachine.java:loadSnapshot(225)) - group-322E1634C0BA: The snapshot info is null. Setting the last applied indexto:(t:0, i:~)
2020-07-22 13:35:48,554 [pool-452-thread-1] INFO  server.RaftServerConfigKeys (ConfUtils.java:logGet(44)) - raft.server.notification.no-leader.timeout = 300000ms (custom)
2020-07-22 13:35:48,554 [pool-452-thread-1] INFO  server.RaftServerConfigKeys (ConfUtils.java:logGet(44)) - raft.server.log.use.memory = false (default)
2020-07-22 13:35:48,554 [pool-452-thread-1] INFO  server.RaftServerConfigKeys (ConfUtils.java:logGet(44)) - raft.server.log.purge.gap = 1000000 (custom)
2020-07-22 13:35:48,554 [pool-452-thread-1] INFO  metrics.RatisMetrics (RatisMetrics.java:lambda$create$0(36)) - Creating Metrics Registry : ratis.log_worker.8fc789e3-cfff-4768-8922-f2fbfdc764b4@group-322E1634C0BA
2020-07-22 13:35:48,555 [pool-452-thread-1] INFO  server.RaftServerConfigKeys (ConfUtils.java:logGet(44)) - raft.server.log.appender.buffer.byte-limit = 33554432 (custom)
2020-07-22 13:35:48,555 [pool-452-thread-1] INFO  server.RaftServerConfigKeys (ConfUtils.java:logGet(44)) - raft.server.log.segment.size.max = 1048576 (custom)
2020-07-22 13:35:48,555 [pool-452-thread-1] INFO  server.RaftServerConfigKeys (ConfUtils.java:logGet(44)) - raft.server.log.segment.cache.num.max = 2 (custom)
2020-07-22 13:35:48,555 [pool-452-thread-1] INFO  segmented.SegmentedRaftLogWorker (SegmentedRaftLogWorker.java:<init>(180)) - new 8fc789e3-cfff-4768-8922-f2fbfdc764b4@group-322E1634C0BA-SegmentedRaftLogWorker for RaftStorage:Storage Directory /github/workspace/mnt/ozone/hadoop-ozone/integration-test/target/test-dir/MiniOzoneClusterImpl-d98e4c18-9a08-44b7-83b8-49402f47e02b/datanode-7/data/ratis/9b352ed9-4454-47d7-9ce0-322e1634c0ba
2020-07-22 13:35:48,556 [pool-452-thread-1] INFO  server.RaftServerConfigKeys (ConfUtils.java:logGet(44)) - raft.server.log.queue.byte-limit = 2147483647 (custom)
2020-07-22 13:35:48,556 [pool-452-thread-1] INFO  server.RaftServerConfigKeys (ConfUtils.java:logGet(44)) - raft.server.log.queue.element-limit = 1024 (custom)
2020-07-22 13:35:48,556 [pool-452-thread-1] INFO  server.RaftServerConfigKeys (ConfUtils.java:logGet(44)) - raft.server.log.segment.size.max = 1048576 (custom)
2020-07-22 13:35:48,556 [pool-452-thread-1] INFO  server.RaftServerConfigKeys (ConfUtils.java:logGet(44)) - raft.server.log.preallocated.size = 16384 (custom)
2020-07-22 13:35:48,556 [pool-452-thread-1] INFO  server.RaftServerConfigKeys (ConfUtils.java:logGet(44)) - raft.server.log.write.buffer.size = 1048576 (custom)
2020-07-22 13:35:48,556 [pool-452-thread-1] INFO  server.RaftServerConfigKeys (ConfUtils.java:logGet(44)) - raft.server.log.force.sync.num = 128 (default)
2020-07-22 13:35:48,556 [pool-452-thread-1] INFO  server.RaftServerConfigKeys (ConfUtils.java:logGet(44)) - raft.server.log.statemachine.data.sync = true (default)
2020-07-22 13:35:48,556 [pool-452-thread-1] INFO  server.RaftServerConfigKeys (ConfUtils.java:logGet(44)) - raft.server.log.statemachine.data.sync.timeout = 10s (default)
2020-07-22 13:35:48,556 [pool-452-thread-1] INFO  server.RaftServerConfigKeys (ConfUtils.java:logGet(44)) - raft.server.log.statemachine.data.sync.timeout.retry = -1 (default)
2020-07-22 13:35:48,557 [pool-452-thread-1] INFO  server.RaftServerConfigKeys (ConfUtils.java:logGet(44)) - raft.server.log.statemachine.data.caching.enabled = true (custom)
2020-07-22 13:35:48,558 [pool-452-thread-1] INFO  segmented.SegmentedRaftLogWorker (SegmentedRaftLogWorker.java:lambda$new$0(129)) - 8fc789e3-cfff-4768-8922-f2fbfdc764b4@group-322E1634C0BA-SegmentedRaftLogWorker: flushIndex: setUnconditionally 0 -> -1
2020-07-22 13:35:48,558 [pool-452-thread-1] INFO  segmented.SegmentedRaftLogWorker (SegmentedRaftLogWorker.java:lambda$new$0(129)) - 8fc789e3-cfff-4768-8922-f2fbfdc764b4@group-322E1634C0BA-SegmentedRaftLogWorker: safeCacheEvictIndex: setUnconditionally 0 -> -1
2020-07-22 13:35:48,572 [pool-452-thread-1] INFO  server.RaftServerConfigKeys (ConfUtils.java:logGet(44)) - raft.server.snapshot.auto.trigger.enabled = true (custom)
2020-07-22 13:35:48,572 [pool-452-thread-1] INFO  server.RaftServerConfigKeys (ConfUtils.java:logGet(44)) - raft.server.snapshot.auto.trigger.threshold = 10000 (custom)
2020-07-22 13:35:48,572 [pool-452-thread-1] INFO  server.RaftServerConfigKeys (ConfUtils.java:logGet(44)) - raft.server.snapshot.retention.file.num = 5 (custom)
2020-07-22 13:35:48,572 [pool-452-thread-1] INFO  server.RaftServerConfigKeys (ConfUtils.java:logGet(44)) - raft.server.log.purge.upto.snapshot.index = false (default)
2020-07-22 13:35:48,572 [pool-452-thread-1] INFO  server.RaftServerConfigKeys (ConfUtils.java:logGet(44)) - raft.server.retrycache.expirytime = 600000ms (custom)
2020-07-22 13:35:48,572 [pool-452-thread-1] INFO  metrics.RatisMetrics (RatisMetrics.java:lambda$create$0(36)) - Creating Metrics Registry : ratis.leader_election.8fc789e3-cfff-4768-8922-f2fbfdc764b4@group-322E1634C0BA
2020-07-22 13:35:48,573 [pool-452-thread-1] INFO  metrics.RatisMetrics (RatisMetrics.java:lambda$create$0(36)) - Creating Metrics Registry : ratis.server.8fc789e3-cfff-4768-8922-f2fbfdc764b4@group-322E1634C0BA
2020-07-22 13:35:48,574 [pool-452-thread-1] INFO  impl.RaftServerImpl (RaftServerImpl.java:start(196)) - 8fc789e3-cfff-4768-8922-f2fbfdc764b4@group-322E1634C0BA: start as a follower, conf=-1: [8fc789e3-cfff-4768-8922-f2fbfdc764b4:172.17.0.2:38045, 098b8c32-9cc9-4300-9c47-36f9b46c2619:172.17.0.2:36923, 893c9bf4-6f39-4cde-b2ed-0f295cdfb21b:172.17.0.2:44721], old=null
2020-07-22 13:35:48,574 [pool-452-thread-1] INFO  impl.RaftServerImpl (RaftServerImpl.java:setRole(185)) - 8fc789e3-cfff-4768-8922-f2fbfdc764b4@group-322E1634C0BA: changes role from      null to FOLLOWER at term 0 for startAsFollower
2020-07-22 13:35:48,574 [pool-452-thread-1] INFO  impl.RoleInfo (RoleInfo.java:updateAndGet(143)) - 8fc789e3-cfff-4768-8922-f2fbfdc764b4: start FollowerState
2020-07-22 13:35:48,574 [pool-452-thread-1] INFO  util.JmxRegister (JmxRegister.java:tryRegister(44)) - Successfully registered JMX Bean with object name Ratis:service=RaftServer,group=group-322E1634C0BA,id=8fc789e3-cfff-4768-8922-f2fbfdc764b4
2020-07-22 13:35:48,574 [pool-452-thread-1] INFO  metrics.RatisMetrics (RatisMetrics.java:lambda$create$0(36)) - Creating Metrics Registry : ratis.state_machine.8fc789e3-cfff-4768-8922-f2fbfdc764b4@group-322E1634C0BA
2020-07-22 13:35:48,583 [grpc-default-executor-7] INFO  impl.RaftServerProxy (RaftServerProxy.java:addNew(89)) - 098b8c32-9cc9-4300-9c47-36f9b46c2619: addNew group-322E1634C0BA:[8fc789e3-cfff-4768-8922-f2fbfdc764b4:172.17.0.2:38045, 098b8c32-9cc9-4300-9c47-36f9b46c2619:172.17.0.2:36923, 893c9bf4-6f39-4cde-b2ed-0f295cdfb21b:172.17.0.2:44721] returns group-322E1634C0BA:java.util.concurrent.CompletableFuture@3c9e401a[Not completed]
2020-07-22 13:35:48,583 [pool-467-thread-1] INFO  impl.RaftServerImpl (RaftServerImpl.java:<init>(107)) - 098b8c32-9cc9-4300-9c47-36f9b46c2619: new RaftServerImpl for group-322E1634C0BA:[8fc789e3-cfff-4768-8922-f2fbfdc764b4:172.17.0.2:38045, 098b8c32-9cc9-4300-9c47-36f9b46c2619:172.17.0.2:36923, 893c9bf4-6f39-4cde-b2ed-0f295cdfb21b:172.17.0.2:44721] with ContainerStateMachine:uninitialized
2020-07-22 13:35:48,583 [pool-467-thread-1] INFO  server.RaftServerConfigKeys (ConfUtils.java:logGet(44)) - raft.server.rpc.timeout.min = 5s (custom)
2020-07-22 13:35:48,583 [pool-467-thread-1] INFO  server.RaftServerConfigKeys (ConfUtils.java:logGet(44)) - raft.server.rpc.timeout.max = 5200ms (custom)
2020-07-22 13:35:48,583 [pool-467-thread-1] INFO  server.RaftServerConfigKeys (ConfUtils.java:logGet(44)) - raft.server.rpcslowness.timeout = 300000ms (custom)
2020-07-22 13:35:48,584 [pool-467-thread-1] INFO  server.RaftServerConfigKeys (ConfUtils.java:logGet(44)) - raft.server.sleep.deviation.threshold = 300 (default)
2020-07-22 13:35:48,584 [pool-467-thread-1] INFO  server.RaftServerConfigKeys (ConfUtils.java:logGet(44)) - raft.server.log.appender.install.snapshot.enabled = false (custom)
2020-07-22 13:35:48,584 [pool-467-thread-1] INFO  impl.RaftServerImpl (ServerState.java:<init>(103)) - 098b8c32-9cc9-4300-9c47-36f9b46c2619@group-322E1634C0BA: ConfigurationManager, init=-1: [8fc789e3-cfff-4768-8922-f2fbfdc764b4:172.17.0.2:38045, 098b8c32-9cc9-4300-9c47-36f9b46c2619:172.17.0.2:36923, 893c9bf4-6f39-4cde-b2ed-0f295cdfb21b:172.17.0.2:44721], old=null, confs=<EMPTY_MAP>
2020-07-22 13:35:48,584 [pool-467-thread-1] INFO  server.RaftServerConfigKeys (ConfUtils.java:logGet(44)) - raft.server.storage.dir = [/github/workspace/mnt/ozone/hadoop-ozone/integration-test/target/test-dir/MiniOzoneClusterImpl-d98e4c18-9a08-44b7-83b8-49402f47e02b/datanode-8/data/ratis] (custom)
2020-07-22 13:35:48,584 [pool-467-thread-1] INFO  server.RaftServerConfigKeys (ConfUtils.java:logGet(44)) - raft.server.log.corruption.policy = EXCEPTION (default)
2020-07-22 13:35:48,584 [pool-467-thread-1] INFO  storage.RaftStorageDirectory (RaftStorageDirectory.java:analyzeStorage(261)) - The storage directory /github/workspace/mnt/ozone/hadoop-ozone/integration-test/target/test-dir/MiniOzoneClusterImpl-d98e4c18-9a08-44b7-83b8-49402f47e02b/datanode-8/data/ratis/9b352ed9-4454-47d7-9ce0-322e1634c0ba does not exist. Creating ...
2020-07-22 13:35:48,585 [pool-467-thread-1] INFO  storage.RaftStorageDirectory (RaftStorageDirectory.java:tryLock(343)) - Lock on /github/workspace/mnt/ozone/hadoop-ozone/integration-test/target/test-dir/MiniOzoneClusterImpl-d98e4c18-9a08-44b7-83b8-49402f47e02b/datanode-8/data/ratis/9b352ed9-4454-47d7-9ce0-322e1634c0ba/in_use.lock acquired by nodename 5153@95ae26560d66
2020-07-22 13:35:48,586 [pool-467-thread-1] INFO  storage.RaftStorage (RaftStorage.java:format(84)) - Storage directory /github/workspace/mnt/ozone/hadoop-ozone/integration-test/target/test-dir/MiniOzoneClusterImpl-d98e4c18-9a08-44b7-83b8-49402f47e02b/datanode-8/data/ratis/9b352ed9-4454-47d7-9ce0-322e1634c0ba has been successfully formatted.
2020-07-22 13:35:48,586 [pool-467-thread-1] INFO  ratis.ContainerStateMachine (ContainerStateMachine.java:loadSnapshot(225)) - group-322E1634C0BA: The snapshot info is null. Setting the last applied indexto:(t:0, i:~)
2020-07-22 13:35:48,587 [pool-467-thread-1] INFO  server.RaftServerConfigKeys (ConfUtils.java:logGet(44)) - raft.server.notification.no-leader.timeout = 300000ms (custom)
2020-07-22 13:35:48,587 [pool-467-thread-1] INFO  server.RaftServerConfigKeys (ConfUtils.java:logGet(44)) - raft.server.log.use.memory = false (default)
2020-07-22 13:35:48,587 [pool-467-thread-1] INFO  server.RaftServerConfigKeys (ConfUtils.java:logGet(44)) - raft.server.log.purge.gap = 1000000 (custom)
2020-07-22 13:35:48,587 [pool-467-thread-1] INFO  metrics.RatisMetrics (RatisMetrics.java:lambda$create$0(36)) - Creating Metrics Registry : ratis.log_worker.098b8c32-9cc9-4300-9c47-36f9b46c2619@group-322E1634C0BA
2020-07-22 13:35:48,588 [pool-467-thread-1] INFO  server.RaftServerConfigKeys (ConfUtils.java:logGet(44)) - raft.server.log.appender.buffer.byte-limit = 33554432 (custom)
2020-07-22 13:35:48,588 [pool-467-thread-1] INFO  server.RaftServerConfigKeys (ConfUtils.java:logGet(44)) - raft.server.log.segment.size.max = 1048576 (custom)
2020-07-22 13:35:48,589 [pool-467-thread-1] INFO  server.RaftServerConfigKeys (ConfUtils.java:logGet(44)) - raft.server.log.segment.cache.num.max = 2 (custom)
2020-07-22 13:35:48,589 [pool-467-thread-1] INFO  segmented.SegmentedRaftLogWorker (SegmentedRaftLogWorker.java:<init>(180)) - new 098b8c32-9cc9-4300-9c47-36f9b46c2619@group-322E1634C0BA-SegmentedRaftLogWorker for RaftStorage:Storage Directory /github/workspace/mnt/ozone/hadoop-ozone/integration-test/target/test-dir/MiniOzoneClusterImpl-d98e4c18-9a08-44b7-83b8-49402f47e02b/datanode-8/data/ratis/9b352ed9-4454-47d7-9ce0-322e1634c0ba
2020-07-22 13:35:48,589 [pool-467-thread-1] INFO  server.RaftServerConfigKeys (ConfUtils.java:logGet(44)) - raft.server.log.queue.byte-limit = 2147483647 (custom)
2020-07-22 13:35:48,589 [pool-467-thread-1] INFO  server.RaftServerConfigKeys (ConfUtils.java:logGet(44)) - raft.server.log.queue.element-limit = 1024 (custom)
2020-07-22 13:35:48,589 [pool-467-thread-1] INFO  server.RaftServerConfigKeys (ConfUtils.java:logGet(44)) - raft.server.log.segment.size.max = 1048576 (custom)
2020-07-22 13:35:48,589 [pool-467-thread-1] INFO  server.RaftServerConfigKeys (ConfUtils.java:logGet(44)) - raft.server.log.preallocated.size = 16384 (custom)
2020-07-22 13:35:48,589 [pool-467-thread-1] INFO  server.RaftServerConfigKeys (ConfUtils.java:logGet(44)) - raft.server.log.write.buffer.size = 1048576 (custom)
2020-07-22 13:35:48,589 [pool-467-thread-1] INFO  server.RaftServerConfigKeys (ConfUtils.java:logGet(44)) - raft.server.log.force.sync.num = 128 (default)
2020-07-22 13:35:48,589 [pool-467-thread-1] INFO  server.RaftServerConfigKeys (ConfUtils.java:logGet(44)) - raft.server.log.statemachine.data.sync = true (default)
2020-07-22 13:35:48,589 [pool-467-thread-1] INFO  server.RaftServerConfigKeys (ConfUtils.java:logGet(44)) - raft.server.log.statemachine.data.sync.timeout = 10s (default)
2020-07-22 13:35:48,589 [pool-467-thread-1] INFO  server.RaftServerConfigKeys (ConfUtils.java:logGet(44)) - raft.server.log.statemachine.data.sync.timeout.retry = -1 (default)
2020-07-22 13:35:48,591 [pool-467-thread-1] INFO  server.RaftServerConfigKeys (ConfUtils.java:logGet(44)) - raft.server.log.statemachine.data.caching.enabled = true (custom)
2020-07-22 13:35:48,592 [pool-467-thread-1] INFO  segmented.SegmentedRaftLogWorker (SegmentedRaftLogWorker.java:lambda$new$0(129)) - 098b8c32-9cc9-4300-9c47-36f9b46c2619@group-322E1634C0BA-SegmentedRaftLogWorker: flushIndex: setUnconditionally 0 -> -1
2020-07-22 13:35:48,592 [pool-467-thread-1] INFO  segmented.SegmentedRaftLogWorker (SegmentedRaftLogWorker.java:lambda$new$0(129)) - 098b8c32-9cc9-4300-9c47-36f9b46c2619@group-322E1634C0BA-SegmentedRaftLogWorker: safeCacheEvictIndex: setUnconditionally 0 -> -1
2020-07-22 13:35:48,592 [pool-467-thread-1] INFO  server.RaftServerConfigKeys (ConfUtils.java:logGet(44)) - raft.server.snapshot.auto.trigger.enabled = true (custom)
2020-07-22 13:35:48,592 [pool-467-thread-1] INFO  server.RaftServerConfigKeys (ConfUtils.java:logGet(44)) - raft.server.snapshot.auto.trigger.threshold = 10000 (custom)
2020-07-22 13:35:48,592 [pool-467-thread-1] INFO  server.RaftServerConfigKeys (ConfUtils.java:logGet(44)) - raft.server.snapshot.retention.file.num = 5 (custom)
2020-07-22 13:35:48,592 [pool-467-thread-1] INFO  server.RaftServerConfigKeys (ConfUtils.java:logGet(44)) - raft.server.log.purge.upto.snapshot.index = false (default)
2020-07-22 13:35:48,592 [pool-467-thread-1] INFO  server.RaftServerConfigKeys (ConfUtils.java:logGet(44)) - raft.server.retrycache.expirytime = 600000ms (custom)
2020-07-22 13:35:48,592 [pool-467-thread-1] INFO  metrics.RatisMetrics (RatisMetrics.java:lambda$create$0(36)) - Creating Metrics Registry : ratis.leader_election.098b8c32-9cc9-4300-9c47-36f9b46c2619@group-322E1634C0BA
2020-07-22 13:35:48,593 [pool-467-thread-1] INFO  metrics.RatisMetrics (RatisMetrics.java:lambda$create$0(36)) - Creating Metrics Registry : ratis.server.098b8c32-9cc9-4300-9c47-36f9b46c2619@group-322E1634C0BA
2020-07-22 13:35:48,595 [pool-467-thread-1] INFO  impl.RaftServerImpl (RaftServerImpl.java:start(196)) - 098b8c32-9cc9-4300-9c47-36f9b46c2619@group-322E1634C0BA: start as a follower, conf=-1: [8fc789e3-cfff-4768-8922-f2fbfdc764b4:172.17.0.2:38045, 098b8c32-9cc9-4300-9c47-36f9b46c2619:172.17.0.2:36923, 893c9bf4-6f39-4cde-b2ed-0f295cdfb21b:172.17.0.2:44721], old=null
2020-07-22 13:35:48,595 [pool-467-thread-1] INFO  impl.RaftServerImpl (RaftServerImpl.java:setRole(185)) - 098b8c32-9cc9-4300-9c47-36f9b46c2619@group-322E1634C0BA: changes role from      null to FOLLOWER at term 0 for startAsFollower
2020-07-22 13:35:48,595 [pool-467-thread-1] INFO  impl.RoleInfo (RoleInfo.java:updateAndGet(143)) - 098b8c32-9cc9-4300-9c47-36f9b46c2619: start FollowerState
2020-07-22 13:35:48,595 [pool-467-thread-1] INFO  util.JmxRegister (JmxRegister.java:tryRegister(44)) - Successfully registered JMX Bean with object name Ratis:service=RaftServer,group=group-322E1634C0BA,id=098b8c32-9cc9-4300-9c47-36f9b46c2619
2020-07-22 13:35:48,595 [pool-467-thread-1] INFO  metrics.RatisMetrics (RatisMetrics.java:lambda$create$0(36)) - Creating Metrics Registry : ratis.state_machine.098b8c32-9cc9-4300-9c47-36f9b46c2619@group-322E1634C0BA
2020-07-22 13:35:48,599 [Command processor thread] INFO  commandhandler.CreatePipelineCommandHandler (CreatePipelineCommandHandler.java:handle(109)) - Created Pipeline RATIS THREE #id: "9b352ed9-4454-47d7-9ce0-322e1634c0ba"
uuid128 {
  mostSigBits: -7262847313375901737
  leastSigBits: -7142653835487166278
}
.
2020-07-22 13:35:48,634 [Command processor thread] INFO  impl.RaftServerProxy (RaftServerProxy.java:addNew(89)) - 8fc789e3-cfff-4768-8922-f2fbfdc764b4: addNew group-14D0693156FB:[8fc789e3-cfff-4768-8922-f2fbfdc764b4:172.17.0.2:38045] returns group-14D0693156FB:java.util.concurrent.CompletableFuture@577e9526[Not completed]
2020-07-22 13:35:48,635 [pool-452-thread-1] INFO  impl.RaftServerImpl (RaftServerImpl.java:<init>(107)) - 8fc789e3-cfff-4768-8922-f2fbfdc764b4: new RaftServerImpl for group-14D0693156FB:[8fc789e3-cfff-4768-8922-f2fbfdc764b4:172.17.0.2:38045] with ContainerStateMachine:uninitialized
2020-07-22 13:35:48,635 [pool-452-thread-1] INFO  server.RaftServerConfigKeys (ConfUtils.java:logGet(44)) - raft.server.rpc.timeout.min = 5s (custom)
2020-07-22 13:35:48,635 [pool-452-thread-1] INFO  server.RaftServerConfigKeys (ConfUtils.java:logGet(44)) - raft.server.rpc.timeout.max = 5200ms (custom)
2020-07-22 13:35:48,635 [pool-452-thread-1] INFO  server.RaftServerConfigKeys (ConfUtils.java:logGet(44)) - raft.server.rpcslowness.timeout = 300000ms (custom)
2020-07-22 13:35:48,635 [pool-452-thread-1] INFO  server.RaftServerConfigKeys (ConfUtils.java:logGet(44)) - raft.server.sleep.deviation.threshold = 300 (default)
2020-07-22 13:35:48,635 [pool-452-thread-1] INFO  server.RaftServerConfigKeys (ConfUtils.java:logGet(44)) - raft.server.log.appender.install.snapshot.enabled = false (custom)
2020-07-22 13:35:48,635 [pool-452-thread-1] INFO  impl.RaftServerImpl (ServerState.java:<init>(103)) - 8fc789e3-cfff-4768-8922-f2fbfdc764b4@group-14D0693156FB: ConfigurationManager, init=-1: [8fc789e3-cfff-4768-8922-f2fbfdc764b4:172.17.0.2:38045], old=null, confs=<EMPTY_MAP>
2020-07-22 13:35:48,636 [pool-452-thread-1] INFO  server.RaftServerConfigKeys (ConfUtils.java:logGet(44)) - raft.server.storage.dir = [/github/workspace/mnt/ozone/hadoop-ozone/integration-test/target/test-dir/MiniOzoneClusterImpl-d98e4c18-9a08-44b7-83b8-49402f47e02b/datanode-7/data/ratis] (custom)
2020-07-22 13:35:48,636 [pool-452-thread-1] INFO  server.RaftServerConfigKeys (ConfUtils.java:logGet(44)) - raft.server.log.corruption.policy = EXCEPTION (default)
2020-07-22 13:35:48,636 [pool-452-thread-1] INFO  storage.RaftStorageDirectory (RaftStorageDirectory.java:analyzeStorage(261)) - The storage directory /github/workspace/mnt/ozone/hadoop-ozone/integration-test/target/test-dir/MiniOzoneClusterImpl-d98e4c18-9a08-44b7-83b8-49402f47e02b/datanode-7/data/ratis/2a6d780d-4396-4d45-9a69-14d0693156fb does not exist. Creating ...
2020-07-22 13:35:48,638 [pool-452-thread-1] INFO  storage.RaftStorageDirectory (RaftStorageDirectory.java:tryLock(343)) - Lock on /github/workspace/mnt/ozone/hadoop-ozone/integration-test/target/test-dir/MiniOzoneClusterImpl-d98e4c18-9a08-44b7-83b8-49402f47e02b/datanode-7/data/ratis/2a6d780d-4396-4d45-9a69-14d0693156fb/in_use.lock acquired by nodename 5153@95ae26560d66
2020-07-22 13:35:48,639 [pool-452-thread-1] INFO  storage.RaftStorage (RaftStorage.java:format(84)) - Storage directory /github/workspace/mnt/ozone/hadoop-ozone/integration-test/target/test-dir/MiniOzoneClusterImpl-d98e4c18-9a08-44b7-83b8-49402f47e02b/datanode-7/data/ratis/2a6d780d-4396-4d45-9a69-14d0693156fb has been successfully formatted.
2020-07-22 13:35:48,640 [pool-452-thread-1] INFO  ratis.ContainerStateMachine (ContainerStateMachine.java:loadSnapshot(225)) - group-14D0693156FB: The snapshot info is null. Setting the last applied indexto:(t:0, i:~)
2020-07-22 13:35:48,640 [pool-452-thread-1] INFO  server.RaftServerConfigKeys (ConfUtils.java:logGet(44)) - raft.server.notification.no-leader.timeout = 300000ms (custom)
2020-07-22 13:35:48,640 [EventQueue-PipelineReportForPipelineReportHandler] INFO  pipeline.PipelineStateManager (PipelineStateManager.java:openPipeline(131)) - Pipeline Pipeline[ Id: 2a6d780d-4396-4d45-9a69-14d0693156fb, Nodes: 8fc789e3-cfff-4768-8922-f2fbfdc764b4{ip: 172.17.0.2, host: 95ae26560d66, networkLocation: /default-rack, certSerialId: null}, Type:RATIS, Factor:ONE, State:ALLOCATED, leaderId:8fc789e3-cfff-4768-8922-f2fbfdc764b4, CreationTimestamp2020-07-22T13:35:45.635Z] moved to OPEN state
2020-07-22 13:35:48,641 [pool-452-thread-1] INFO  server.RaftServerConfigKeys (ConfUtils.java:logGet(44)) - raft.server.log.use.memory = false (default)
2020-07-22 13:35:48,641 [EventQueue-OpenPipelineForOneReplicaPipelineSafeModeRule] INFO  safemode.SCMSafeModeManager (SCMSafeModeManager.java:validateSafeModeExitRules(214)) - AtleastOneDatanodeReportedRule rule is successfully validated
2020-07-22 13:35:48,641 [EventQueue-OpenPipelineForHealthyPipelineSafeModeRule] INFO  safemode.SCMSafeModeManager (HealthyPipelineSafeModeRule.java:process(129)) - SCM in safe mode. Healthy pipelines reported count is 0, required healthy pipeline reported count is 1
2020-07-22 13:35:48,641 [pool-452-thread-1] INFO  server.RaftServerConfigKeys (ConfUtils.java:logGet(44)) - raft.server.log.purge.gap = 1000000 (custom)
2020-07-22 13:35:48,641 [pool-452-thread-1] INFO  metrics.RatisMetrics (RatisMetrics.java:lambda$create$0(36)) - Creating Metrics Registry : ratis.log_worker.8fc789e3-cfff-4768-8922-f2fbfdc764b4@group-14D0693156FB
2020-07-22 13:35:48,642 [pool-452-thread-1] INFO  server.RaftServerConfigKeys (ConfUtils.java:logGet(44)) - raft.server.log.appender.buffer.byte-limit = 33554432 (custom)
2020-07-22 13:35:48,642 [pool-452-thread-1] INFO  server.RaftServerConfigKeys (ConfUtils.java:logGet(44)) - raft.server.log.segment.size.max = 1048576 (custom)
2020-07-22 13:35:48,643 [pool-452-thread-1] INFO  server.RaftServerConfigKeys (ConfUtils.java:logGet(44)) - raft.server.log.segment.cache.num.max = 2 (custom)
2020-07-22 13:35:48,643 [pool-452-thread-1] INFO  segmented.SegmentedRaftLogWorker (SegmentedRaftLogWorker.java:<init>(180)) - new 8fc789e3-cfff-4768-8922-f2fbfdc764b4@group-14D0693156FB-SegmentedRaftLogWorker for RaftStorage:Storage Directory /github/workspace/mnt/ozone/hadoop-ozone/integration-test/target/test-dir/MiniOzoneClusterImpl-d98e4c18-9a08-44b7-83b8-49402f47e02b/datanode-7/data/ratis/2a6d780d-4396-4d45-9a69-14d0693156fb
2020-07-22 13:35:48,643 [pool-452-thread-1] INFO  server.RaftServerConfigKeys (ConfUtils.java:logGet(44)) - raft.server.log.queue.byte-limit = 2147483647 (custom)
2020-07-22 13:35:48,643 [pool-452-thread-1] INFO  server.RaftServerConfigKeys (ConfUtils.java:logGet(44)) - raft.server.log.queue.element-limit = 1024 (custom)
2020-07-22 13:35:48,643 [pool-452-thread-1] INFO  server.RaftServerConfigKeys (ConfUtils.java:logGet(44)) - raft.server.log.segment.size.max = 1048576 (custom)
2020-07-22 13:35:48,643 [pool-452-thread-1] INFO  server.RaftServerConfigKeys (ConfUtils.java:logGet(44)) - raft.server.log.preallocated.size = 16384 (custom)
2020-07-22 13:35:48,643 [pool-452-thread-1] INFO  server.RaftServerConfigKeys (ConfUtils.java:logGet(44)) - raft.server.log.write.buffer.size = 1048576 (custom)
2020-07-22 13:35:48,643 [pool-452-thread-1] INFO  server.RaftServerConfigKeys (ConfUtils.java:logGet(44)) - raft.server.log.force.sync.num = 128 (default)
2020-07-22 13:35:48,643 [pool-452-thread-1] INFO  server.RaftServerConfigKeys (ConfUtils.java:logGet(44)) - raft.server.log.statemachine.data.sync = true (default)
2020-07-22 13:35:48,643 [pool-452-thread-1] INFO  server.RaftServerConfigKeys (ConfUtils.java:logGet(44)) - raft.server.log.statemachine.data.sync.timeout = 10s (default)
2020-07-22 13:35:48,643 [pool-452-thread-1] INFO  server.RaftServerConfigKeys (ConfUtils.java:logGet(44)) - raft.server.log.statemachine.data.sync.timeout.retry = -1 (default)
2020-07-22 13:35:48,645 [pool-452-thread-1] INFO  server.RaftServerConfigKeys (ConfUtils.java:logGet(44)) - raft.server.log.statemachine.data.caching.enabled = true (custom)
2020-07-22 13:35:48,645 [pool-452-thread-1] INFO  segmented.SegmentedRaftLogWorker (SegmentedRaftLogWorker.java:lambda$new$0(129)) - 8fc789e3-cfff-4768-8922-f2fbfdc764b4@group-14D0693156FB-SegmentedRaftLogWorker: flushIndex: setUnconditionally 0 -> -1
2020-07-22 13:35:48,645 [pool-452-thread-1] INFO  segmented.SegmentedRaftLogWorker (SegmentedRaftLogWorker.java:lambda$new$0(129)) - 8fc789e3-cfff-4768-8922-f2fbfdc764b4@group-14D0693156FB-SegmentedRaftLogWorker: safeCacheEvictIndex: setUnconditionally 0 -> -1
2020-07-22 13:35:48,646 [pool-452-thread-1] INFO  server.RaftServerConfigKeys (ConfUtils.java:logGet(44)) - raft.server.snapshot.auto.trigger.enabled = true (custom)
2020-07-22 13:35:48,646 [pool-452-thread-1] INFO  server.RaftServerConfigKeys (ConfUtils.java:logGet(44)) - raft.server.snapshot.auto.trigger.threshold = 10000 (custom)
2020-07-22 13:35:48,646 [pool-452-thread-1] INFO  server.RaftServerConfigKeys (ConfUtils.java:logGet(44)) - raft.server.snapshot.retention.file.num = 5 (custom)
2020-07-22 13:35:48,646 [pool-452-thread-1] INFO  server.RaftServerConfigKeys (ConfUtils.java:logGet(44)) - raft.server.log.purge.upto.snapshot.index = false (default)
2020-07-22 13:35:48,646 [pool-452-thread-1] INFO  server.RaftServerConfigKeys (ConfUtils.java:logGet(44)) - raft.server.retrycache.expirytime = 600000ms (custom)
2020-07-22 13:35:48,646 [pool-452-thread-1] INFO  metrics.RatisMetrics (RatisMetrics.java:lambda$create$0(36)) - Creating Metrics Registry : ratis.leader_election.8fc789e3-cfff-4768-8922-f2fbfdc764b4@group-14D0693156FB
2020-07-22 13:35:48,646 [pool-452-thread-1] INFO  metrics.RatisMetrics (RatisMetrics.java:lambda$create$0(36)) - Creating Metrics Registry : ratis.server.8fc789e3-cfff-4768-8922-f2fbfdc764b4@group-14D0693156FB
2020-07-22 13:35:48,647 [pool-452-thread-1] INFO  impl.RaftServerImpl (RaftServerImpl.java:start(196)) - 8fc789e3-cfff-4768-8922-f2fbfdc764b4@group-14D0693156FB: start as a follower, conf=-1: [8fc789e3-cfff-4768-8922-f2fbfdc764b4:172.17.0.2:38045], old=null
2020-07-22 13:35:48,648 [pool-452-thread-1] INFO  impl.RaftServerImpl (RaftServerImpl.java:setRole(185)) - 8fc789e3-cfff-4768-8922-f2fbfdc764b4@group-14D0693156FB: changes role from      null to FOLLOWER at term 0 for startAsFollower
2020-07-22 13:35:48,648 [pool-452-thread-1] INFO  impl.RoleInfo (RoleInfo.java:updateAndGet(143)) - 8fc789e3-cfff-4768-8922-f2fbfdc764b4: start FollowerState
2020-07-22 13:35:48,648 [pool-452-thread-1] INFO  util.JmxRegister (JmxRegister.java:tryRegister(44)) - Successfully registered JMX Bean with object name Ratis:service=RaftServer,group=group-14D0693156FB,id=8fc789e3-cfff-4768-8922-f2fbfdc764b4
2020-07-22 13:35:48,648 [pool-452-thread-1] INFO  metrics.RatisMetrics (RatisMetrics.java:lambda$create$0(36)) - Creating Metrics Registry : ratis.state_machine.8fc789e3-cfff-4768-8922-f2fbfdc764b4@group-14D0693156FB
2020-07-22 13:35:48,649 [Command processor thread] INFO  commandhandler.CreatePipelineCommandHandler (CreatePipelineCommandHandler.java:handle(109)) - Created Pipeline RATIS ONE #id: "2a6d780d-4396-4d45-9a69-14d0693156fb"
uuid128 {
  mostSigBits: 3057231720418266437
  leastSigBits: -7320296833963436293
}
.
2020-07-22 13:35:48,743 [Listener at 127.0.0.1/40109] INFO  ozone.MiniOzoneClusterImpl (MiniOzoneClusterImpl.java:lambda$waitForClusterToBeReady$0(177)) - Nodes are ready. Got 9 of 9 DN Heartbeats.
2020-07-22 13:35:48,743 [Listener at 127.0.0.1/40109] INFO  ozone.MiniOzoneClusterImpl (MiniOzoneClusterImpl.java:lambda$waitForClusterToBeReady$0(180)) - Waiting for cluster to exit safe mode
2020-07-22 13:35:48,743 [Command processor thread] INFO  impl.RaftServerProxy (RaftServerProxy.java:addNew(89)) - 098b8c32-9cc9-4300-9c47-36f9b46c2619: addNew group-D4C6171FD8DF:[098b8c32-9cc9-4300-9c47-36f9b46c2619:172.17.0.2:36923] returns group-D4C6171FD8DF:java.util.concurrent.CompletableFuture@6df963b8[Not completed]
2020-07-22 13:35:48,744 [pool-467-thread-1] INFO  impl.RaftServerImpl (RaftServerImpl.java:<init>(107)) - 098b8c32-9cc9-4300-9c47-36f9b46c2619: new RaftServerImpl for group-D4C6171FD8DF:[098b8c32-9cc9-4300-9c47-36f9b46c2619:172.17.0.2:36923] with ContainerStateMachine:uninitialized
2020-07-22 13:35:48,744 [pool-467-thread-1] INFO  server.RaftServerConfigKeys (ConfUtils.java:logGet(44)) - raft.server.rpc.timeout.min = 5s (custom)
2020-07-22 13:35:48,744 [pool-467-thread-1] INFO  server.RaftServerConfigKeys (ConfUtils.java:logGet(44)) - raft.server.rpc.timeout.max = 5200ms (custom)
2020-07-22 13:35:48,744 [pool-467-thread-1] INFO  server.RaftServerConfigKeys (ConfUtils.java:logGet(44)) - raft.server.rpcslowness.timeout = 300000ms (custom)
2020-07-22 13:35:48,744 [pool-467-thread-1] INFO  server.RaftServerConfigKeys (ConfUtils.java:logGet(44)) - raft.server.sleep.deviation.threshold = 300 (default)
2020-07-22 13:35:48,744 [pool-467-thread-1] INFO  server.RaftServerConfigKeys (ConfUtils.java:logGet(44)) - raft.server.log.appender.install.snapshot.enabled = false (custom)
2020-07-22 13:35:48,745 [pool-467-thread-1] INFO  impl.RaftServerImpl (ServerState.java:<init>(103)) - 098b8c32-9cc9-4300-9c47-36f9b46c2619@group-D4C6171FD8DF: ConfigurationManager, init=-1: [098b8c32-9cc9-4300-9c47-36f9b46c2619:172.17.0.2:36923], old=null, confs=<EMPTY_MAP>
2020-07-22 13:35:48,745 [pool-467-thread-1] INFO  server.RaftServerConfigKeys (ConfUtils.java:logGet(44)) - raft.server.storage.dir = [/github/workspace/mnt/ozone/hadoop-ozone/integration-test/target/test-dir/MiniOzoneClusterImpl-d98e4c18-9a08-44b7-83b8-49402f47e02b/datanode-8/data/ratis] (custom)
2020-07-22 13:35:48,745 [pool-467-thread-1] INFO  server.RaftServerConfigKeys (ConfUtils.java:logGet(44)) - raft.server.log.corruption.policy = EXCEPTION (default)
2020-07-22 13:35:48,745 [pool-467-thread-1] INFO  storage.RaftStorageDirectory (RaftStorageDirectory.java:analyzeStorage(261)) - The storage directory /github/workspace/mnt/ozone/hadoop-ozone/integration-test/target/test-dir/MiniOzoneClusterImpl-d98e4c18-9a08-44b7-83b8-49402f47e02b/datanode-8/data/ratis/dade47ec-2944-40ec-bb28-d4c6171fd8df does not exist. Creating ...
2020-07-22 13:35:48,746 [pool-467-thread-1] INFO  storage.RaftStorageDirectory (RaftStorageDirectory.java:tryLock(343)) - Lock on /github/workspace/mnt/ozone/hadoop-ozone/integration-test/target/test-dir/MiniOzoneClusterImpl-d98e4c18-9a08-44b7-83b8-49402f47e02b/datanode-8/data/ratis/dade47ec-2944-40ec-bb28-d4c6171fd8df/in_use.lock acquired by nodename 5153@95ae26560d66
2020-07-22 13:35:48,747 [pool-467-thread-1] INFO  storage.RaftStorage (RaftStorage.java:format(84)) - Storage directory /github/workspace/mnt/ozone/hadoop-ozone/integration-test/target/test-dir/MiniOzoneClusterImpl-d98e4c18-9a08-44b7-83b8-49402f47e02b/datanode-8/data/ratis/dade47ec-2944-40ec-bb28-d4c6171fd8df has been successfully formatted.
2020-07-22 13:35:48,748 [pool-467-thread-1] INFO  ratis.ContainerStateMachine (ContainerStateMachine.java:loadSnapshot(225)) - group-D4C6171FD8DF: The snapshot info is null. Setting the last applied indexto:(t:0, i:~)
2020-07-22 13:35:48,748 [pool-467-thread-1] INFO  server.RaftServerConfigKeys (ConfUtils.java:logGet(44)) - raft.server.notification.no-leader.timeout = 300000ms (custom)
2020-07-22 13:35:48,748 [pool-467-thread-1] INFO  server.RaftServerConfigKeys (ConfUtils.java:logGet(44)) - raft.server.log.use.memory = false (default)
2020-07-22 13:35:48,748 [EventQueue-PipelineReportForPipelineReportHandler] INFO  pipeline.PipelineStateManager (PipelineStateManager.java:openPipeline(131)) - Pipeline Pipeline[ Id: dade47ec-2944-40ec-bb28-d4c6171fd8df, Nodes: 098b8c32-9cc9-4300-9c47-36f9b46c2619{ip: 172.17.0.2, host: 95ae26560d66, networkLocation: /default-rack, certSerialId: null}, Type:RATIS, Factor:ONE, State:ALLOCATED, leaderId:098b8c32-9cc9-4300-9c47-36f9b46c2619, CreationTimestamp2020-07-22T13:35:45.745Z] moved to OPEN state
2020-07-22 13:35:48,748 [EventQueue-OpenPipelineForHealthyPipelineSafeModeRule] INFO  safemode.SCMSafeModeManager (HealthyPipelineSafeModeRule.java:process(129)) - SCM in safe mode. Healthy pipelines reported count is 0, required healthy pipeline reported count is 1
2020-07-22 13:35:48,748 [EventQueue-OpenPipelineForOneReplicaPipelineSafeModeRule] INFO  safemode.SCMSafeModeManager (SCMSafeModeManager.java:validateSafeModeExitRules(214)) - AtleastOneDatanodeReportedRule rule is successfully validated
2020-07-22 13:35:48,755 [pool-467-thread-1] INFO  server.RaftServerConfigKeys (ConfUtils.java:logGet(44)) - raft.server.log.purge.gap = 1000000 (custom)
2020-07-22 13:35:48,755 [pool-467-thread-1] INFO  metrics.RatisMetrics (RatisMetrics.java:lambda$create$0(36)) - Creating Metrics Registry : ratis.log_worker.098b8c32-9cc9-4300-9c47-36f9b46c2619@group-D4C6171FD8DF
2020-07-22 13:35:48,756 [pool-467-thread-1] INFO  server.RaftServerConfigKeys (ConfUtils.java:logGet(44)) - raft.server.log.appender.buffer.byte-limit = 33554432 (custom)
2020-07-22 13:35:48,756 [pool-467-thread-1] INFO  server.RaftServerConfigKeys (ConfUtils.java:logGet(44)) - raft.server.log.segment.size.max = 1048576 (custom)
2020-07-22 13:35:48,756 [pool-467-thread-1] INFO  server.RaftServerConfigKeys (ConfUtils.java:logGet(44)) - raft.server.log.segment.cache.num.max = 2 (custom)
2020-07-22 13:35:48,756 [pool-467-thread-1] INFO  segmented.SegmentedRaftLogWorker (SegmentedRaftLogWorker.java:<init>(180)) - new 098b8c32-9cc9-4300-9c47-36f9b46c2619@group-D4C6171FD8DF-SegmentedRaftLogWorker for RaftStorage:Storage Directory /github/workspace/mnt/ozone/hadoop-ozone/integration-test/target/test-dir/MiniOzoneClusterImpl-d98e4c18-9a08-44b7-83b8-49402f47e02b/datanode-8/data/ratis/dade47ec-2944-40ec-bb28-d4c6171fd8df
2020-07-22 13:35:48,756 [pool-467-thread-1] INFO  server.RaftServerConfigKeys (ConfUtils.java:logGet(44)) - raft.server.log.queue.byte-limit = 2147483647 (custom)
2020-07-22 13:35:48,757 [pool-467-thread-1] INFO  server.RaftServerConfigKeys (ConfUtils.java:logGet(44)) - raft.server.log.queue.element-limit = 1024 (custom)
2020-07-22 13:35:48,757 [pool-467-thread-1] INFO  server.RaftServerConfigKeys (ConfUtils.java:logGet(44)) - raft.server.log.segment.size.max = 1048576 (custom)
2020-07-22 13:35:48,757 [pool-467-thread-1] INFO  server.RaftServerConfigKeys (ConfUtils.java:logGet(44)) - raft.server.log.preallocated.size = 16384 (custom)
2020-07-22 13:35:48,757 [pool-467-thread-1] INFO  server.RaftServerConfigKeys (ConfUtils.java:logGet(44)) - raft.server.log.write.buffer.size = 1048576 (custom)
2020-07-22 13:35:48,757 [pool-467-thread-1] INFO  server.RaftServerConfigKeys (ConfUtils.java:logGet(44)) - raft.server.log.force.sync.num = 128 (default)
2020-07-22 13:35:48,757 [pool-467-thread-1] INFO  server.RaftServerConfigKeys (ConfUtils.java:logGet(44)) - raft.server.log.statemachine.data.sync = true (default)
2020-07-22 13:35:48,757 [pool-467-thread-1] INFO  server.RaftServerConfigKeys (ConfUtils.java:logGet(44)) - raft.server.log.statemachine.data.sync.timeout = 10s (default)
2020-07-22 13:35:48,757 [pool-467-thread-1] INFO  server.RaftServerConfigKeys (ConfUtils.java:logGet(44)) - raft.server.log.statemachine.data.sync.timeout.retry = -1 (default)
2020-07-22 13:35:48,759 [pool-467-thread-1] INFO  server.RaftServerConfigKeys (ConfUtils.java:logGet(44)) - raft.server.log.statemachine.data.caching.enabled = true (custom)
2020-07-22 13:35:48,759 [pool-467-thread-1] INFO  segmented.SegmentedRaftLogWorker (SegmentedRaftLogWorker.java:lambda$new$0(129)) - 098b8c32-9cc9-4300-9c47-36f9b46c2619@group-D4C6171FD8DF-SegmentedRaftLogWorker: flushIndex: setUnconditionally 0 -> -1
2020-07-22 13:35:48,759 [pool-467-thread-1] INFO  segmented.SegmentedRaftLogWorker (SegmentedRaftLogWorker.java:lambda$new$0(129)) - 098b8c32-9cc9-4300-9c47-36f9b46c2619@group-D4C6171FD8DF-SegmentedRaftLogWorker: safeCacheEvictIndex: setUnconditionally 0 -> -1
2020-07-22 13:35:48,760 [pool-467-thread-1] INFO  server.RaftServerConfigKeys (ConfUtils.java:logGet(44)) - raft.server.snapshot.auto.trigger.enabled = true (custom)
2020-07-22 13:35:48,760 [pool-467-thread-1] INFO  server.RaftServerConfigKeys (ConfUtils.java:logGet(44)) - raft.server.snapshot.auto.trigger.threshold = 10000 (custom)
2020-07-22 13:35:48,760 [pool-467-thread-1] INFO  server.RaftServerConfigKeys (ConfUtils.java:logGet(44)) - raft.server.snapshot.retention.file.num = 5 (custom)
2020-07-22 13:35:48,760 [pool-467-thread-1] INFO  server.RaftServerConfigKeys (ConfUtils.java:logGet(44)) - raft.server.log.purge.upto.snapshot.index = false (default)
2020-07-22 13:35:48,760 [pool-467-thread-1] INFO  server.RaftServerConfigKeys (ConfUtils.java:logGet(44)) - raft.server.retrycache.expirytime = 600000ms (custom)
2020-07-22 13:35:48,760 [pool-467-thread-1] INFO  metrics.RatisMetrics (RatisMetrics.java:lambda$create$0(36)) - Creating Metrics Registry : ratis.leader_election.098b8c32-9cc9-4300-9c47-36f9b46c2619@group-D4C6171FD8DF
2020-07-22 13:35:48,760 [pool-467-thread-1] INFO  metrics.RatisMetrics (RatisMetrics.java:lambda$create$0(36)) - Creating Metrics Registry : ratis.server.098b8c32-9cc9-4300-9c47-36f9b46c2619@group-D4C6171FD8DF
2020-07-22 13:35:48,762 [pool-467-thread-1] INFO  impl.RaftServerImpl (RaftServerImpl.java:start(196)) - 098b8c32-9cc9-4300-9c47-36f9b46c2619@group-D4C6171FD8DF: start as a follower, conf=-1: [098b8c32-9cc9-4300-9c47-36f9b46c2619:172.17.0.2:36923], old=null
2020-07-22 13:35:48,762 [pool-467-thread-1] INFO  impl.RaftServerImpl (RaftServerImpl.java:setRole(185)) - 098b8c32-9cc9-4300-9c47-36f9b46c2619@group-D4C6171FD8DF: changes role from      null to FOLLOWER at term 0 for startAsFollower
2020-07-22 13:35:48,762 [pool-467-thread-1] INFO  impl.RoleInfo (RoleInfo.java:updateAndGet(143)) - 098b8c32-9cc9-4300-9c47-36f9b46c2619: start FollowerState
2020-07-22 13:35:48,762 [pool-467-thread-1] INFO  util.JmxRegister (JmxRegister.java:tryRegister(44)) - Successfully registered JMX Bean with object name Ratis:service=RaftServer,group=group-D4C6171FD8DF,id=098b8c32-9cc9-4300-9c47-36f9b46c2619
2020-07-22 13:35:48,762 [pool-467-thread-1] INFO  metrics.RatisMetrics (RatisMetrics.java:lambda$create$0(36)) - Creating Metrics Registry : ratis.state_machine.098b8c32-9cc9-4300-9c47-36f9b46c2619@group-D4C6171FD8DF
2020-07-22 13:35:48,763 [Command processor thread] INFO  commandhandler.CreatePipelineCommandHandler (CreatePipelineCommandHandler.java:handle(109)) - Created Pipeline RATIS ONE #id: "dade47ec-2944-40ec-bb28-d4c6171fd8df"
uuid128 {
  mostSigBits: -2675622048981303060
  leastSigBits: -4960481042292025121
}
.
2020-07-22 13:35:49,743 [Listener at 127.0.0.1/40109] INFO  ozone.MiniOzoneClusterImpl (MiniOzoneClusterImpl.java:lambda$waitForClusterToBeReady$0(177)) - Nodes are ready. Got 9 of 9 DN Heartbeats.
2020-07-22 13:35:49,744 [Listener at 127.0.0.1/40109] INFO  ozone.MiniOzoneClusterImpl (MiniOzoneClusterImpl.java:lambda$waitForClusterToBeReady$0(180)) - Waiting for cluster to exit safe mode
2020-07-22 13:35:50,744 [Listener at 127.0.0.1/40109] INFO  ozone.MiniOzoneClusterImpl (MiniOzoneClusterImpl.java:lambda$waitForClusterToBeReady$0(177)) - Nodes are ready. Got 9 of 9 DN Heartbeats.
2020-07-22 13:35:50,744 [Listener at 127.0.0.1/40109] INFO  ozone.MiniOzoneClusterImpl (MiniOzoneClusterImpl.java:lambda$waitForClusterToBeReady$0(180)) - Waiting for cluster to exit safe mode
2020-07-22 13:35:51,745 [Listener at 127.0.0.1/40109] INFO  ozone.MiniOzoneClusterImpl (MiniOzoneClusterImpl.java:lambda$waitForClusterToBeReady$0(177)) - Nodes are ready. Got 9 of 9 DN Heartbeats.
2020-07-22 13:35:51,745 [Listener at 127.0.0.1/40109] INFO  ozone.MiniOzoneClusterImpl (MiniOzoneClusterImpl.java:lambda$waitForClusterToBeReady$0(180)) - Waiting for cluster to exit safe mode
2020-07-22 13:35:52,745 [Listener at 127.0.0.1/40109] INFO  ozone.MiniOzoneClusterImpl (MiniOzoneClusterImpl.java:lambda$waitForClusterToBeReady$0(177)) - Nodes are ready. Got 9 of 9 DN Heartbeats.
2020-07-22 13:35:52,746 [Listener at 127.0.0.1/40109] INFO  ozone.MiniOzoneClusterImpl (MiniOzoneClusterImpl.java:lambda$waitForClusterToBeReady$0(180)) - Waiting for cluster to exit safe mode
2020-07-22 13:35:52,968 [Thread-1276] INFO  impl.FollowerState (FollowerState.java:run(108)) - bf4a83d9-7bab-4b6f-8392-1b3160a0da61@group-5036543F5276-FollowerState: change to CANDIDATE, lastRpcTime:5065ms, electionTimeout:5064ms
2020-07-22 13:35:52,968 [Thread-1276] INFO  impl.RoleInfo (RoleInfo.java:shutdownFollowerState(121)) - bf4a83d9-7bab-4b6f-8392-1b3160a0da61: shutdown FollowerState
2020-07-22 13:35:52,969 [Thread-1276] INFO  impl.RaftServerImpl (RaftServerImpl.java:setRole(185)) - bf4a83d9-7bab-4b6f-8392-1b3160a0da61@group-5036543F5276: changes role from  FOLLOWER to CANDIDATE at term 0 for changeToCandidate
2020-07-22 13:35:52,969 [Thread-1276] INFO  impl.RoleInfo (RoleInfo.java:updateAndGet(143)) - bf4a83d9-7bab-4b6f-8392-1b3160a0da61: start LeaderElection
2020-07-22 13:35:52,973 [bf4a83d9-7bab-4b6f-8392-1b3160a0da61@group-5036543F5276-LeaderElection36] INFO  impl.LeaderElection (LeaderElection.java:askForVotes(209)) - bf4a83d9-7bab-4b6f-8392-1b3160a0da61@group-5036543F5276-LeaderElection36: begin an election at term 1 for -1: [bf4a83d9-7bab-4b6f-8392-1b3160a0da61:172.17.0.2:41481, 533bc4e3-485c-4c45-abfa-e25747e2fc79:172.17.0.2:41681, 8d5d3460-f504-40b5-aaaf-08a8f79d520e:172.17.0.2:46575], old=null
2020-07-22 13:35:52,981 [grpc-default-executor-7] INFO  impl.RaftServerImpl (RaftServerImpl.java:setRole(185)) - 533bc4e3-485c-4c45-abfa-e25747e2fc79@group-5036543F5276: changes role from  FOLLOWER to FOLLOWER at term 1 for recognizeCandidate:bf4a83d9-7bab-4b6f-8392-1b3160a0da61
2020-07-22 13:35:52,981 [grpc-default-executor-7] INFO  impl.RoleInfo (RoleInfo.java:shutdownFollowerState(121)) - 533bc4e3-485c-4c45-abfa-e25747e2fc79: shutdown FollowerState
2020-07-22 13:35:52,981 [grpc-default-executor-7] INFO  impl.RoleInfo (RoleInfo.java:updateAndGet(143)) - 533bc4e3-485c-4c45-abfa-e25747e2fc79: start FollowerState
2020-07-22 13:35:52,981 [Thread-1274] INFO  impl.FollowerState (FollowerState.java:run(117)) - 533bc4e3-485c-4c45-abfa-e25747e2fc79@group-5036543F5276-FollowerState was interrupted: java.lang.InterruptedException: sleep interrupted
2020-07-22 13:35:52,993 [bf4a83d9-7bab-4b6f-8392-1b3160a0da61@group-5036543F5276-LeaderElection36] INFO  impl.LeaderElection (LeaderElection.java:logAndReturn(61)) - bf4a83d9-7bab-4b6f-8392-1b3160a0da61@group-5036543F5276-LeaderElection36: Election PASSED; received 1 response(s) [bf4a83d9-7bab-4b6f-8392-1b3160a0da61<-533bc4e3-485c-4c45-abfa-e25747e2fc79#0:OK-t1] and 0 exception(s); bf4a83d9-7bab-4b6f-8392-1b3160a0da61@group-5036543F5276:t1, leader=null, voted=bf4a83d9-7bab-4b6f-8392-1b3160a0da61, raftlog=bf4a83d9-7bab-4b6f-8392-1b3160a0da61@group-5036543F5276-SegmentedRaftLog:OPENED:c-1,f-1,i0, conf=-1: [bf4a83d9-7bab-4b6f-8392-1b3160a0da61:172.17.0.2:41481, 533bc4e3-485c-4c45-abfa-e25747e2fc79:172.17.0.2:41681, 8d5d3460-f504-40b5-aaaf-08a8f79d520e:172.17.0.2:46575], old=null
2020-07-22 13:35:52,993 [bf4a83d9-7bab-4b6f-8392-1b3160a0da61@group-5036543F5276-LeaderElection36] INFO  impl.RoleInfo (RoleInfo.java:shutdownLeaderElection(134)) - bf4a83d9-7bab-4b6f-8392-1b3160a0da61: shutdown LeaderElection
2020-07-22 13:35:52,993 [bf4a83d9-7bab-4b6f-8392-1b3160a0da61@group-5036543F5276-LeaderElection36] INFO  impl.RaftServerImpl (RaftServerImpl.java:setRole(185)) - bf4a83d9-7bab-4b6f-8392-1b3160a0da61@group-5036543F5276: changes role from CANDIDATE to LEADER at term 1 for changeToLeader
2020-07-22 13:35:52,996 [bf4a83d9-7bab-4b6f-8392-1b3160a0da61@group-5036543F5276-LeaderElection36] INFO  ratis.XceiverServerRatis (XceiverServerRatis.java:handleLeaderChangedNotification(820)) - Leader change notification received for group: group-5036543F5276 with new leaderId: bf4a83d9-7bab-4b6f-8392-1b3160a0da61
2020-07-22 13:35:52,997 [bf4a83d9-7bab-4b6f-8392-1b3160a0da61@group-5036543F5276-LeaderElection36] INFO  impl.RaftServerImpl (ServerState.java:setLeader(255)) - bf4a83d9-7bab-4b6f-8392-1b3160a0da61@group-5036543F5276: change Leader from null to bf4a83d9-7bab-4b6f-8392-1b3160a0da61 at term 1 for becomeLeader, leader elected after 5100ms
2020-07-22 13:35:52,997 [bf4a83d9-7bab-4b6f-8392-1b3160a0da61@group-5036543F5276-LeaderElection36] INFO  server.RaftServerConfigKeys (ConfUtils.java:logGet(44)) - raft.server.staging.catchup.gap = 1000 (default)
2020-07-22 13:35:52,997 [bf4a83d9-7bab-4b6f-8392-1b3160a0da61@group-5036543F5276-LeaderElection36] INFO  server.RaftServerConfigKeys (ConfUtils.java:logGet(44)) - raft.server.rpc.sleep.time = 25ms (default)
2020-07-22 13:35:52,997 [bf4a83d9-7bab-4b6f-8392-1b3160a0da61@group-5036543F5276-LeaderElection36] INFO  metrics.RatisMetrics (RatisMetrics.java:lambda$create$0(36)) - Creating Metrics Registry : ratis.log_appender.bf4a83d9-7bab-4b6f-8392-1b3160a0da61@group-5036543F5276
2020-07-22 13:35:52,998 [bf4a83d9-7bab-4b6f-8392-1b3160a0da61@group-5036543F5276-LeaderElection36] INFO  server.RaftServerConfigKeys (ConfUtils.java:logGet(44)) - raft.server.write.element-limit = 1024 (custom)
2020-07-22 13:35:52,998 [EventQueue-PipelineReportForPipelineReportHandler] INFO  pipeline.PipelineStateManager (PipelineStateManager.java:openPipeline(131)) - Pipeline Pipeline[ Id: d0820786-0575-428c-b8e6-5036543f5276, Nodes: bf4a83d9-7bab-4b6f-8392-1b3160a0da61{ip: 172.17.0.2, host: 95ae26560d66, networkLocation: /default-rack, certSerialId: null}533bc4e3-485c-4c45-abfa-e25747e2fc79{ip: 172.17.0.2, host: 95ae26560d66, networkLocation: /default-rack, certSerialId: null}8d5d3460-f504-40b5-aaaf-08a8f79d520e{ip: 172.17.0.2, host: 95ae26560d66, networkLocation: /default-rack, certSerialId: null}, Type:RATIS, Factor:THREE, State:ALLOCATED, leaderId:bf4a83d9-7bab-4b6f-8392-1b3160a0da61, CreationTimestamp2020-07-22T13:35:45.049Z] moved to OPEN state
2020-07-22 13:35:53,007 [EventQueue-OpenPipelineForOneReplicaPipelineSafeModeRule] INFO  safemode.SCMSafeModeManager (SCMSafeModeManager.java:validateSafeModeExitRules(214)) - AtleastOneDatanodeReportedRule rule is successfully validated
2020-07-22 13:35:53,007 [grpc-default-executor-7] INFO  impl.RaftServerImpl (RaftServerImpl.java:setRole(185)) - 8d5d3460-f504-40b5-aaaf-08a8f79d520e@group-5036543F5276: changes role from  FOLLOWER to FOLLOWER at term 1 for recognizeCandidate:bf4a83d9-7bab-4b6f-8392-1b3160a0da61
2020-07-22 13:35:53,008 [grpc-default-executor-7] INFO  impl.RoleInfo (RoleInfo.java:shutdownFollowerState(121)) - 8d5d3460-f504-40b5-aaaf-08a8f79d520e: shutdown FollowerState
2020-07-22 13:35:53,008 [grpc-default-executor-7] INFO  impl.RoleInfo (RoleInfo.java:updateAndGet(143)) - 8d5d3460-f504-40b5-aaaf-08a8f79d520e: start FollowerState
2020-07-22 13:35:53,008 [Thread-1279] INFO  impl.FollowerState (FollowerState.java:run(117)) - 8d5d3460-f504-40b5-aaaf-08a8f79d520e@group-5036543F5276-FollowerState was interrupted: java.lang.InterruptedException: sleep interrupted
2020-07-22 13:35:52,999 [Thread-1272] INFO  impl.FollowerState (FollowerState.java:run(108)) - 533bc4e3-485c-4c45-abfa-e25747e2fc79@group-B104A9A81E31-FollowerState: change to CANDIDATE, lastRpcTime:5144ms, electionTimeout:5143ms
2020-07-22 13:35:53,008 [Thread-1272] INFO  impl.RoleInfo (RoleInfo.java:shutdownFollowerState(121)) - 533bc4e3-485c-4c45-abfa-e25747e2fc79: shutdown FollowerState
2020-07-22 13:35:53,008 [Thread-1272] INFO  impl.RaftServerImpl (RaftServerImpl.java:setRole(185)) - 533bc4e3-485c-4c45-abfa-e25747e2fc79@group-B104A9A81E31: changes role from  FOLLOWER to CANDIDATE at term 0 for changeToCandidate
2020-07-22 13:35:52,998 [bf4a83d9-7bab-4b6f-8392-1b3160a0da61@group-5036543F5276-LeaderElection36] INFO  server.RaftServerConfigKeys (ConfUtils.java:logGet(44)) - raft.server.write.byte-limit = 1073741824 (custom)
2020-07-22 13:35:53,007 [EventQueue-OpenPipelineForHealthyPipelineSafeModeRule] INFO  safemode.SCMSafeModeManager (HealthyPipelineSafeModeRule.java:process(129)) - SCM in safe mode. Healthy pipelines reported count is 1, required healthy pipeline reported count is 1
2020-07-22 13:35:53,008 [EventQueue-OpenPipelineForHealthyPipelineSafeModeRule] INFO  safemode.SCMSafeModeManager (SCMSafeModeManager.java:validateSafeModeExitRules(214)) - HealthyPipelineSafeModeRule rule is successfully validated
2020-07-22 13:35:53,008 [EventQueue-OpenPipelineForHealthyPipelineSafeModeRule] INFO  safemode.SCMSafeModeManager (SCMSafeModeManager.java:validateSafeModeExitRules(228)) - ScmSafeModeManager, all rules are successfully validated
2020-07-22 13:35:53,008 [EventQueue-OpenPipelineForHealthyPipelineSafeModeRule] INFO  safemode.SCMSafeModeManager (SCMSafeModeManager.java:exitSafeMode(257)) - SCM exiting safe mode.
2020-07-22 13:35:53,013 [Thread-1272] INFO  impl.RoleInfo (RoleInfo.java:updateAndGet(143)) - 533bc4e3-485c-4c45-abfa-e25747e2fc79: start LeaderElection
2020-07-22 13:35:53,016 [bf4a83d9-7bab-4b6f-8392-1b3160a0da61@group-5036543F5276-LeaderElection36] INFO  server.RaftServerConfigKeys (ConfUtils.java:logGet(44)) - raft.server.watch.timeout = 3000ms (custom)
2020-07-22 13:35:53,017 [bf4a83d9-7bab-4b6f-8392-1b3160a0da61@group-5036543F5276-LeaderElection36] INFO  server.RaftServerConfigKeys (ConfUtils.java:logGet(44)) - raft.server.watch.timeout.denomination = 1s (default)
2020-07-22 13:35:53,017 [bf4a83d9-7bab-4b6f-8392-1b3160a0da61@group-5036543F5276-LeaderElection36] INFO  server.RaftServerConfigKeys (ConfUtils.java:logGet(44)) - raft.server.watch.element-limit = 65536 (default)
2020-07-22 13:35:53,017 [bf4a83d9-7bab-4b6f-8392-1b3160a0da61@group-5036543F5276-LeaderElection36] INFO  server.RaftServerConfigKeys (ConfUtils.java:logGet(44)) - raft.server.log.appender.snapshot.chunk.size.max = 16MB (=16777216) (default)
2020-07-22 13:35:53,018 [bf4a83d9-7bab-4b6f-8392-1b3160a0da61@group-5036543F5276-LeaderElection36] INFO  server.RaftServerConfigKeys (ConfUtils.java:logGet(44)) - raft.server.log.appender.buffer.byte-limit = 33554432 (custom)
2020-07-22 13:35:53,018 [bf4a83d9-7bab-4b6f-8392-1b3160a0da61@group-5036543F5276-LeaderElection36] INFO  server.RaftServerConfigKeys (ConfUtils.java:logGet(44)) - raft.server.log.appender.buffer.element-limit = 1 (custom)
2020-07-22 13:35:53,018 [bf4a83d9-7bab-4b6f-8392-1b3160a0da61@group-5036543F5276-LeaderElection36] INFO  grpc.GrpcConfigKeys (ConfUtils.java:logGet(44)) - raft.grpc.server.leader.outstanding.appends.max = 128 (default)
2020-07-22 13:35:53,018 [bf4a83d9-7bab-4b6f-8392-1b3160a0da61@group-5036543F5276-LeaderElection36] INFO  server.RaftServerConfigKeys (ConfUtils.java:logGet(44)) - raft.server.rpc.request.timeout = 3000ms (default)
2020-07-22 13:35:53,018 [bf4a83d9-7bab-4b6f-8392-1b3160a0da61@group-5036543F5276-LeaderElection36] INFO  server.RaftServerConfigKeys (ConfUtils.java:logGet(44)) - raft.server.log.appender.install.snapshot.enabled = false (custom)
2020-07-22 13:35:53,018 [bf4a83d9-7bab-4b6f-8392-1b3160a0da61@group-5036543F5276-LeaderElection36] INFO  metrics.RatisMetrics (RatisMetrics.java:lambda$create$0(36)) - Creating Metrics Registry : ratis_grpc.log_appender.bf4a83d9-7bab-4b6f-8392-1b3160a0da61@group-5036543F5276
2020-07-22 13:35:53,019 [533bc4e3-485c-4c45-abfa-e25747e2fc79@group-B104A9A81E31-LeaderElection37] INFO  impl.LeaderElection (LeaderElection.java:askForVotes(209)) - 533bc4e3-485c-4c45-abfa-e25747e2fc79@group-B104A9A81E31-LeaderElection37: begin an election at term 1 for -1: [533bc4e3-485c-4c45-abfa-e25747e2fc79:172.17.0.2:41681], old=null
2020-07-22 13:35:53,019 [533bc4e3-485c-4c45-abfa-e25747e2fc79@group-B104A9A81E31-LeaderElection37] INFO  impl.RoleInfo (RoleInfo.java:shutdownLeaderElection(134)) - 533bc4e3-485c-4c45-abfa-e25747e2fc79: shutdown LeaderElection
2020-07-22 13:35:53,019 [533bc4e3-485c-4c45-abfa-e25747e2fc79@group-B104A9A81E31-LeaderElection37] INFO  impl.RaftServerImpl (RaftServerImpl.java:setRole(185)) - 533bc4e3-485c-4c45-abfa-e25747e2fc79@group-B104A9A81E31: changes role from CANDIDATE to LEADER at term 1 for changeToLeader
2020-07-22 13:35:53,019 [533bc4e3-485c-4c45-abfa-e25747e2fc79@group-B104A9A81E31-LeaderElection37] INFO  ratis.XceiverServerRatis (XceiverServerRatis.java:handleLeaderChangedNotification(820)) - Leader change notification received for group: group-B104A9A81E31 with new leaderId: 533bc4e3-485c-4c45-abfa-e25747e2fc79
2020-07-22 13:35:53,020 [533bc4e3-485c-4c45-abfa-e25747e2fc79@group-B104A9A81E31-LeaderElection37] INFO  impl.RaftServerImpl (ServerState.java:setLeader(255)) - 533bc4e3-485c-4c45-abfa-e25747e2fc79@group-B104A9A81E31: change Leader from null to 533bc4e3-485c-4c45-abfa-e25747e2fc79 at term 1 for becomeLeader, leader elected after 5177ms
2020-07-22 13:35:53,020 [533bc4e3-485c-4c45-abfa-e25747e2fc79@group-B104A9A81E31-LeaderElection37] INFO  server.RaftServerConfigKeys (ConfUtils.java:logGet(44)) - raft.server.staging.catchup.gap = 1000 (default)
2020-07-22 13:35:53,020 [533bc4e3-485c-4c45-abfa-e25747e2fc79@group-B104A9A81E31-LeaderElection37] INFO  server.RaftServerConfigKeys (ConfUtils.java:logGet(44)) - raft.server.rpc.sleep.time = 25ms (default)
2020-07-22 13:35:53,020 [533bc4e3-485c-4c45-abfa-e25747e2fc79@group-B104A9A81E31-LeaderElection37] INFO  metrics.RatisMetrics (RatisMetrics.java:lambda$create$0(36)) - Creating Metrics Registry : ratis.log_appender.533bc4e3-485c-4c45-abfa-e25747e2fc79@group-B104A9A81E31
2020-07-22 13:35:53,020 [533bc4e3-485c-4c45-abfa-e25747e2fc79@group-B104A9A81E31-LeaderElection37] INFO  server.RaftServerConfigKeys (ConfUtils.java:logGet(44)) - raft.server.write.element-limit = 1024 (custom)
2020-07-22 13:35:53,020 [bf4a83d9-7bab-4b6f-8392-1b3160a0da61@group-5036543F5276-LeaderElection36] INFO  server.RaftServerConfigKeys (ConfUtils.java:logGet(44)) - raft.server.log.appender.snapshot.chunk.size.max = 16MB (=16777216) (default)
2020-07-22 13:35:53,020 [bf4a83d9-7bab-4b6f-8392-1b3160a0da61@group-5036543F5276-LeaderElection36] INFO  server.RaftServerConfigKeys (ConfUtils.java:logGet(44)) - raft.server.log.appender.buffer.byte-limit = 33554432 (custom)
2020-07-22 13:35:53,021 [bf4a83d9-7bab-4b6f-8392-1b3160a0da61@group-5036543F5276-LeaderElection36] INFO  server.RaftServerConfigKeys (ConfUtils.java:logGet(44)) - raft.server.log.appender.buffer.element-limit = 1 (custom)
2020-07-22 13:35:53,021 [bf4a83d9-7bab-4b6f-8392-1b3160a0da61@group-5036543F5276-LeaderElection36] INFO  grpc.GrpcConfigKeys (ConfUtils.java:logGet(44)) - raft.grpc.server.leader.outstanding.appends.max = 128 (default)
2020-07-22 13:35:53,021 [bf4a83d9-7bab-4b6f-8392-1b3160a0da61@group-5036543F5276-LeaderElection36] INFO  server.RaftServerConfigKeys (ConfUtils.java:logGet(44)) - raft.server.rpc.request.timeout = 3000ms (default)
2020-07-22 13:35:53,021 [bf4a83d9-7bab-4b6f-8392-1b3160a0da61@group-5036543F5276-LeaderElection36] INFO  server.RaftServerConfigKeys (ConfUtils.java:logGet(44)) - raft.server.log.appender.install.snapshot.enabled = false (custom)
2020-07-22 13:35:53,021 [533bc4e3-485c-4c45-abfa-e25747e2fc79@group-B104A9A81E31-LeaderElection37] INFO  server.RaftServerConfigKeys (ConfUtils.java:logGet(44)) - raft.server.write.byte-limit = 1073741824 (custom)
2020-07-22 13:35:53,024 [533bc4e3-485c-4c45-abfa-e25747e2fc79@group-B104A9A81E31-LeaderElection37] INFO  server.RaftServerConfigKeys (ConfUtils.java:logGet(44)) - raft.server.watch.timeout = 3000ms (custom)
2020-07-22 13:35:53,024 [533bc4e3-485c-4c45-abfa-e25747e2fc79@group-B104A9A81E31-LeaderElection37] INFO  server.RaftServerConfigKeys (ConfUtils.java:logGet(44)) - raft.server.watch.timeout.denomination = 1s (default)
2020-07-22 13:35:53,024 [533bc4e3-485c-4c45-abfa-e25747e2fc79@group-B104A9A81E31-LeaderElection37] INFO  server.RaftServerConfigKeys (ConfUtils.java:logGet(44)) - raft.server.watch.element-limit = 65536 (default)
2020-07-22 13:35:53,024 [533bc4e3-485c-4c45-abfa-e25747e2fc79@group-B104A9A81E31-LeaderElection37] INFO  impl.RoleInfo (RoleInfo.java:updateAndGet(143)) - 533bc4e3-485c-4c45-abfa-e25747e2fc79: start LeaderState
2020-07-22 13:35:53,025 [bf4a83d9-7bab-4b6f-8392-1b3160a0da61@group-5036543F5276-LeaderElection36] INFO  impl.RoleInfo (RoleInfo.java:updateAndGet(143)) - bf4a83d9-7bab-4b6f-8392-1b3160a0da61: start LeaderState
2020-07-22 13:35:53,025 [533bc4e3-485c-4c45-abfa-e25747e2fc79@group-B104A9A81E31-LeaderElection37] INFO  segmented.SegmentedRaftLogWorker (SegmentedRaftLogWorker.java:startLogSegment(397)) - 533bc4e3-485c-4c45-abfa-e25747e2fc79@group-B104A9A81E31-SegmentedRaftLogWorker: Starting segment from index:0
2020-07-22 13:35:53,025 [bf4a83d9-7bab-4b6f-8392-1b3160a0da61@group-5036543F5276-LeaderElection36] INFO  segmented.SegmentedRaftLogWorker (SegmentedRaftLogWorker.java:startLogSegment(397)) - bf4a83d9-7bab-4b6f-8392-1b3160a0da61@group-5036543F5276-SegmentedRaftLogWorker: Starting segment from index:0
2020-07-22 13:35:53,026 [bf4a83d9-7bab-4b6f-8392-1b3160a0da61@group-5036543F5276-LeaderElection36] INFO  impl.RaftServerImpl (ServerState.java:setRaftConf(356)) - bf4a83d9-7bab-4b6f-8392-1b3160a0da61@group-5036543F5276: set configuration 0: [bf4a83d9-7bab-4b6f-8392-1b3160a0da61:172.17.0.2:41481, 533bc4e3-485c-4c45-abfa-e25747e2fc79:172.17.0.2:41681, 8d5d3460-f504-40b5-aaaf-08a8f79d520e:172.17.0.2:46575], old=null at 0
2020-07-22 13:35:53,032 [533bc4e3-485c-4c45-abfa-e25747e2fc79@group-B104A9A81E31-LeaderElection37] INFO  impl.RaftServerImpl (ServerState.java:setRaftConf(356)) - 533bc4e3-485c-4c45-abfa-e25747e2fc79@group-B104A9A81E31: set configuration 0: [533bc4e3-485c-4c45-abfa-e25747e2fc79:172.17.0.2:41681], old=null at 0
2020-07-22 13:35:53,032 [bf4a83d9-7bab-4b6f-8392-1b3160a0da61@group-5036543F5276-SegmentedRaftLogWorker] INFO  segmented.SegmentedRaftLogWorker (SegmentedRaftLogWorker.java:execute(596)) - bf4a83d9-7bab-4b6f-8392-1b3160a0da61@group-5036543F5276-SegmentedRaftLogWorker: created new log segment /github/workspace/mnt/ozone/hadoop-ozone/integration-test/target/test-dir/MiniOzoneClusterImpl-d98e4c18-9a08-44b7-83b8-49402f47e02b/datanode-2/data/ratis/d0820786-0575-428c-b8e6-5036543f5276/current/log_inprogress_0
2020-07-22 13:35:53,033 [533bc4e3-485c-4c45-abfa-e25747e2fc79@group-B104A9A81E31-SegmentedRaftLogWorker] INFO  segmented.SegmentedRaftLogWorker (SegmentedRaftLogWorker.java:execute(596)) - 533bc4e3-485c-4c45-abfa-e25747e2fc79@group-B104A9A81E31-SegmentedRaftLogWorker: created new log segment /github/workspace/mnt/ozone/hadoop-ozone/integration-test/target/test-dir/MiniOzoneClusterImpl-d98e4c18-9a08-44b7-83b8-49402f47e02b/datanode-0/data/ratis/2a4ce616-efe8-46c4-ac7d-b104a9a81e31/current/log_inprogress_0
2020-07-22 13:35:53,043 [grpc-default-executor-0] INFO  ratis.XceiverServerRatis (XceiverServerRatis.java:handleLeaderChangedNotification(820)) - Leader change notification received for group: group-5036543F5276 with new leaderId: bf4a83d9-7bab-4b6f-8392-1b3160a0da61
2020-07-22 13:35:53,043 [grpc-default-executor-0] INFO  impl.RaftServerImpl (ServerState.java:setLeader(255)) - 8d5d3460-f504-40b5-aaaf-08a8f79d520e@group-5036543F5276: change Leader from null to bf4a83d9-7bab-4b6f-8392-1b3160a0da61 at term 1 for appendEntries, leader elected after 5122ms
2020-07-22 13:35:53,045 [grpc-default-executor-2] INFO  ratis.XceiverServerRatis (XceiverServerRatis.java:handleLeaderChangedNotification(820)) - Leader change notification received for group: group-5036543F5276 with new leaderId: bf4a83d9-7bab-4b6f-8392-1b3160a0da61
2020-07-22 13:35:53,045 [grpc-default-executor-2] INFO  impl.RaftServerImpl (ServerState.java:setLeader(255)) - 533bc4e3-485c-4c45-abfa-e25747e2fc79@group-5036543F5276: change Leader from null to bf4a83d9-7bab-4b6f-8392-1b3160a0da61 at term 1 for appendEntries, leader elected after 5184ms
2020-07-22 13:35:53,048 [grpc-default-executor-0] INFO  impl.RaftServerImpl (ServerState.java:setRaftConf(356)) - 8d5d3460-f504-40b5-aaaf-08a8f79d520e@group-5036543F5276: set configuration 0: [bf4a83d9-7bab-4b6f-8392-1b3160a0da61:172.17.0.2:41481, 533bc4e3-485c-4c45-abfa-e25747e2fc79:172.17.0.2:41681, 8d5d3460-f504-40b5-aaaf-08a8f79d520e:172.17.0.2:46575], old=null at 0
2020-07-22 13:35:53,049 [grpc-default-executor-2] INFO  impl.RaftServerImpl (ServerState.java:setRaftConf(356)) - 533bc4e3-485c-4c45-abfa-e25747e2fc79@group-5036543F5276: set configuration 0: [bf4a83d9-7bab-4b6f-8392-1b3160a0da61:172.17.0.2:41481, 533bc4e3-485c-4c45-abfa-e25747e2fc79:172.17.0.2:41681, 8d5d3460-f504-40b5-aaaf-08a8f79d520e:172.17.0.2:46575], old=null at 0
2020-07-22 13:35:53,050 [grpc-default-executor-0] INFO  segmented.SegmentedRaftLogWorker (SegmentedRaftLogWorker.java:startLogSegment(397)) - 8d5d3460-f504-40b5-aaaf-08a8f79d520e@group-5036543F5276-SegmentedRaftLogWorker: Starting segment from index:0
2020-07-22 13:35:53,050 [grpc-default-executor-2] INFO  segmented.SegmentedRaftLogWorker (SegmentedRaftLogWorker.java:startLogSegment(397)) - 533bc4e3-485c-4c45-abfa-e25747e2fc79@group-5036543F5276-SegmentedRaftLogWorker: Starting segment from index:0
2020-07-22 13:35:53,052 [8d5d3460-f504-40b5-aaaf-08a8f79d520e@group-5036543F5276-SegmentedRaftLogWorker] INFO  segmented.SegmentedRaftLogWorker (SegmentedRaftLogWorker.java:execute(596)) - 8d5d3460-f504-40b5-aaaf-08a8f79d520e@group-5036543F5276-SegmentedRaftLogWorker: created new log segment /github/workspace/mnt/ozone/hadoop-ozone/integration-test/target/test-dir/MiniOzoneClusterImpl-d98e4c18-9a08-44b7-83b8-49402f47e02b/datanode-1/data/ratis/d0820786-0575-428c-b8e6-5036543f5276/current/log_inprogress_0
2020-07-22 13:35:53,052 [533bc4e3-485c-4c45-abfa-e25747e2fc79@group-5036543F5276-SegmentedRaftLogWorker] INFO  segmented.SegmentedRaftLogWorker (SegmentedRaftLogWorker.java:execute(596)) - 533bc4e3-485c-4c45-abfa-e25747e2fc79@group-5036543F5276-SegmentedRaftLogWorker: created new log segment /github/workspace/mnt/ozone/hadoop-ozone/integration-test/target/test-dir/MiniOzoneClusterImpl-d98e4c18-9a08-44b7-83b8-49402f47e02b/datanode-0/data/ratis/d0820786-0575-428c-b8e6-5036543f5276/current/log_inprogress_0
2020-07-22 13:35:53,071 [Thread-1284] INFO  impl.FollowerState (FollowerState.java:run(108)) - bf4a83d9-7bab-4b6f-8392-1b3160a0da61@group-0B543CA583A7-FollowerState: change to CANDIDATE, lastRpcTime:5011ms, electionTimeout:5010ms
2020-07-22 13:35:53,072 [Thread-1284] INFO  impl.RoleInfo (RoleInfo.java:shutdownFollowerState(121)) - bf4a83d9-7bab-4b6f-8392-1b3160a0da61: shutdown FollowerState
2020-07-22 13:35:53,072 [Thread-1284] INFO  impl.RaftServerImpl (RaftServerImpl.java:setRole(185)) - bf4a83d9-7bab-4b6f-8392-1b3160a0da61@group-0B543CA583A7: changes role from  FOLLOWER to CANDIDATE at term 0 for changeToCandidate
2020-07-22 13:35:53,072 [Thread-1284] INFO  impl.RoleInfo (RoleInfo.java:updateAndGet(143)) - bf4a83d9-7bab-4b6f-8392-1b3160a0da61: start LeaderElection
2020-07-22 13:35:53,074 [bf4a83d9-7bab-4b6f-8392-1b3160a0da61@group-0B543CA583A7-LeaderElection38] INFO  impl.LeaderElection (LeaderElection.java:askForVotes(209)) - bf4a83d9-7bab-4b6f-8392-1b3160a0da61@group-0B543CA583A7-LeaderElection38: begin an election at term 1 for -1: [bf4a83d9-7bab-4b6f-8392-1b3160a0da61:172.17.0.2:41481], old=null
2020-07-22 13:35:53,074 [bf4a83d9-7bab-4b6f-8392-1b3160a0da61@group-0B543CA583A7-LeaderElection38] INFO  impl.RoleInfo (RoleInfo.java:shutdownLeaderElection(134)) - bf4a83d9-7bab-4b6f-8392-1b3160a0da61: shutdown LeaderElection
2020-07-22 13:35:53,075 [bf4a83d9-7bab-4b6f-8392-1b3160a0da61@group-0B543CA583A7-LeaderElection38] INFO  impl.RaftServerImpl (RaftServerImpl.java:setRole(185)) - bf4a83d9-7bab-4b6f-8392-1b3160a0da61@group-0B543CA583A7: changes role from CANDIDATE to LEADER at term 1 for changeToLeader
2020-07-22 13:35:53,075 [bf4a83d9-7bab-4b6f-8392-1b3160a0da61@group-0B543CA583A7-LeaderElection38] INFO  ratis.XceiverServerRatis (XceiverServerRatis.java:handleLeaderChangedNotification(820)) - Leader change notification received for group: group-0B543CA583A7 with new leaderId: bf4a83d9-7bab-4b6f-8392-1b3160a0da61
2020-07-22 13:35:53,075 [bf4a83d9-7bab-4b6f-8392-1b3160a0da61@group-0B543CA583A7-LeaderElection38] INFO  impl.RaftServerImpl (ServerState.java:setLeader(255)) - bf4a83d9-7bab-4b6f-8392-1b3160a0da61@group-0B543CA583A7: change Leader from null to bf4a83d9-7bab-4b6f-8392-1b3160a0da61 at term 1 for becomeLeader, leader elected after 5021ms
2020-07-22 13:35:53,075 [bf4a83d9-7bab-4b6f-8392-1b3160a0da61@group-0B543CA583A7-LeaderElection38] INFO  server.RaftServerConfigKeys (ConfUtils.java:logGet(44)) - raft.server.staging.catchup.gap = 1000 (default)
2020-07-22 13:35:53,075 [bf4a83d9-7bab-4b6f-8392-1b3160a0da61@group-0B543CA583A7-LeaderElection38] INFO  server.RaftServerConfigKeys (ConfUtils.java:logGet(44)) - raft.server.rpc.sleep.time = 25ms (default)
2020-07-22 13:35:53,075 [bf4a83d9-7bab-4b6f-8392-1b3160a0da61@group-0B543CA583A7-LeaderElection38] INFO  metrics.RatisMetrics (RatisMetrics.java:lambda$create$0(36)) - Creating Metrics Registry : ratis.log_appender.bf4a83d9-7bab-4b6f-8392-1b3160a0da61@group-0B543CA583A7
2020-07-22 13:35:53,075 [bf4a83d9-7bab-4b6f-8392-1b3160a0da61@group-0B543CA583A7-LeaderElection38] INFO  server.RaftServerConfigKeys (ConfUtils.java:logGet(44)) - raft.server.write.element-limit = 1024 (custom)
2020-07-22 13:35:53,075 [bf4a83d9-7bab-4b6f-8392-1b3160a0da61@group-0B543CA583A7-LeaderElection38] INFO  server.RaftServerConfigKeys (ConfUtils.java:logGet(44)) - raft.server.write.byte-limit = 1073741824 (custom)
2020-07-22 13:35:53,076 [bf4a83d9-7bab-4b6f-8392-1b3160a0da61@group-0B543CA583A7-LeaderElection38] INFO  server.RaftServerConfigKeys (ConfUtils.java:logGet(44)) - raft.server.watch.timeout = 3000ms (custom)
2020-07-22 13:35:53,076 [bf4a83d9-7bab-4b6f-8392-1b3160a0da61@group-0B543CA583A7-LeaderElection38] INFO  server.RaftServerConfigKeys (ConfUtils.java:logGet(44)) - raft.server.watch.timeout.denomination = 1s (default)
2020-07-22 13:35:53,076 [bf4a83d9-7bab-4b6f-8392-1b3160a0da61@group-0B543CA583A7-LeaderElection38] INFO  server.RaftServerConfigKeys (ConfUtils.java:logGet(44)) - raft.server.watch.element-limit = 65536 (default)
2020-07-22 13:35:53,076 [bf4a83d9-7bab-4b6f-8392-1b3160a0da61@group-0B543CA583A7-LeaderElection38] INFO  impl.RoleInfo (RoleInfo.java:updateAndGet(143)) - bf4a83d9-7bab-4b6f-8392-1b3160a0da61: start LeaderState
2020-07-22 13:35:53,076 [bf4a83d9-7bab-4b6f-8392-1b3160a0da61@group-0B543CA583A7-LeaderElection38] INFO  segmented.SegmentedRaftLogWorker (SegmentedRaftLogWorker.java:startLogSegment(397)) - bf4a83d9-7bab-4b6f-8392-1b3160a0da61@group-0B543CA583A7-SegmentedRaftLogWorker: Starting segment from index:0
2020-07-22 13:35:53,077 [bf4a83d9-7bab-4b6f-8392-1b3160a0da61@group-0B543CA583A7-SegmentedRaftLogWorker] INFO  segmented.SegmentedRaftLogWorker (SegmentedRaftLogWorker.java:execute(596)) - bf4a83d9-7bab-4b6f-8392-1b3160a0da61@group-0B543CA583A7-SegmentedRaftLogWorker: created new log segment /github/workspace/mnt/ozone/hadoop-ozone/integration-test/target/test-dir/MiniOzoneClusterImpl-d98e4c18-9a08-44b7-83b8-49402f47e02b/datanode-2/data/ratis/a8daf030-8516-4a11-bba9-0b543ca583a7/current/log_inprogress_0
2020-07-22 13:35:53,083 [bf4a83d9-7bab-4b6f-8392-1b3160a0da61@group-0B543CA583A7-LeaderElection38] INFO  impl.RaftServerImpl (ServerState.java:setRaftConf(356)) - bf4a83d9-7bab-4b6f-8392-1b3160a0da61@group-0B543CA583A7: set configuration 0: [bf4a83d9-7bab-4b6f-8392-1b3160a0da61:172.17.0.2:41481], old=null at 0
2020-07-22 13:35:53,111 [Thread-1282] INFO  impl.FollowerState (FollowerState.java:run(108)) - 8d5d3460-f504-40b5-aaaf-08a8f79d520e@group-6D6A24F4707F-FollowerState: change to CANDIDATE, lastRpcTime:5159ms, electionTimeout:5159ms
2020-07-22 13:35:53,111 [Thread-1282] INFO  impl.RoleInfo (RoleInfo.java:shutdownFollowerState(121)) - 8d5d3460-f504-40b5-aaaf-08a8f79d520e: shutdown FollowerState
2020-07-22 13:35:53,111 [Thread-1282] INFO  impl.RaftServerImpl (RaftServerImpl.java:setRole(185)) - 8d5d3460-f504-40b5-aaaf-08a8f79d520e@group-6D6A24F4707F: changes role from  FOLLOWER to CANDIDATE at term 0 for changeToCandidate
2020-07-22 13:35:53,111 [Thread-1282] INFO  impl.RoleInfo (RoleInfo.java:updateAndGet(143)) - 8d5d3460-f504-40b5-aaaf-08a8f79d520e: start LeaderElection
2020-07-22 13:35:53,115 [8d5d3460-f504-40b5-aaaf-08a8f79d520e@group-6D6A24F4707F-LeaderElection39] INFO  impl.LeaderElection (LeaderElection.java:askForVotes(209)) - 8d5d3460-f504-40b5-aaaf-08a8f79d520e@group-6D6A24F4707F-LeaderElection39: begin an election at term 1 for -1: [8d5d3460-f504-40b5-aaaf-08a8f79d520e:172.17.0.2:46575], old=null
2020-07-22 13:35:53,115 [8d5d3460-f504-40b5-aaaf-08a8f79d520e@group-6D6A24F4707F-LeaderElection39] INFO  impl.RoleInfo (RoleInfo.java:shutdownLeaderElection(134)) - 8d5d3460-f504-40b5-aaaf-08a8f79d520e: shutdown LeaderElection
2020-07-22 13:35:53,115 [8d5d3460-f504-40b5-aaaf-08a8f79d520e@group-6D6A24F4707F-LeaderElection39] INFO  impl.RaftServerImpl (RaftServerImpl.java:setRole(185)) - 8d5d3460-f504-40b5-aaaf-08a8f79d520e@group-6D6A24F4707F: changes role from CANDIDATE to LEADER at term 1 for changeToLeader
2020-07-22 13:35:53,115 [8d5d3460-f504-40b5-aaaf-08a8f79d520e@group-6D6A24F4707F-LeaderElection39] INFO  ratis.XceiverServerRatis (XceiverServerRatis.java:handleLeaderChangedNotification(820)) - Leader change notification received for group: group-6D6A24F4707F with new leaderId: 8d5d3460-f504-40b5-aaaf-08a8f79d520e
2020-07-22 13:35:53,115 [8d5d3460-f504-40b5-aaaf-08a8f79d520e@group-6D6A24F4707F-LeaderElection39] INFO  impl.RaftServerImpl (ServerState.java:setLeader(255)) - 8d5d3460-f504-40b5-aaaf-08a8f79d520e@group-6D6A24F4707F: change Leader from null to 8d5d3460-f504-40b5-aaaf-08a8f79d520e at term 1 for becomeLeader, leader elected after 5175ms
2020-07-22 13:35:53,115 [8d5d3460-f504-40b5-aaaf-08a8f79d520e@group-6D6A24F4707F-LeaderElection39] INFO  server.RaftServerConfigKeys (ConfUtils.java:logGet(44)) - raft.server.staging.catchup.gap = 1000 (default)
2020-07-22 13:35:53,115 [8d5d3460-f504-40b5-aaaf-08a8f79d520e@group-6D6A24F4707F-LeaderElection39] INFO  server.RaftServerConfigKeys (ConfUtils.java:logGet(44)) - raft.server.rpc.sleep.time = 25ms (default)
2020-07-22 13:35:53,115 [8d5d3460-f504-40b5-aaaf-08a8f79d520e@group-6D6A24F4707F-LeaderElection39] INFO  metrics.RatisMetrics (RatisMetrics.java:lambda$create$0(36)) - Creating Metrics Registry : ratis.log_appender.8d5d3460-f504-40b5-aaaf-08a8f79d520e@group-6D6A24F4707F
2020-07-22 13:35:53,115 [8d5d3460-f504-40b5-aaaf-08a8f79d520e@group-6D6A24F4707F-LeaderElection39] INFO  server.RaftServerConfigKeys (ConfUtils.java:logGet(44)) - raft.server.write.element-limit = 1024 (custom)
2020-07-22 13:35:53,116 [8d5d3460-f504-40b5-aaaf-08a8f79d520e@group-6D6A24F4707F-LeaderElection39] INFO  server.RaftServerConfigKeys (ConfUtils.java:logGet(44)) - raft.server.write.byte-limit = 1073741824 (custom)
2020-07-22 13:35:53,117 [8d5d3460-f504-40b5-aaaf-08a8f79d520e@group-6D6A24F4707F-LeaderElection39] INFO  server.RaftServerConfigKeys (ConfUtils.java:logGet(44)) - raft.server.watch.timeout = 3000ms (custom)
2020-07-22 13:35:53,117 [8d5d3460-f504-40b5-aaaf-08a8f79d520e@group-6D6A24F4707F-LeaderElection39] INFO  server.RaftServerConfigKeys (ConfUtils.java:logGet(44)) - raft.server.watch.timeout.denomination = 1s (default)
2020-07-22 13:35:53,117 [8d5d3460-f504-40b5-aaaf-08a8f79d520e@group-6D6A24F4707F-LeaderElection39] INFO  server.RaftServerConfigKeys (ConfUtils.java:logGet(44)) - raft.server.watch.element-limit = 65536 (default)
2020-07-22 13:35:53,117 [8d5d3460-f504-40b5-aaaf-08a8f79d520e@group-6D6A24F4707F-LeaderElection39] INFO  impl.RoleInfo (RoleInfo.java:updateAndGet(143)) - 8d5d3460-f504-40b5-aaaf-08a8f79d520e: start LeaderState
2020-07-22 13:35:53,117 [8d5d3460-f504-40b5-aaaf-08a8f79d520e@group-6D6A24F4707F-LeaderElection39] INFO  segmented.SegmentedRaftLogWorker (SegmentedRaftLogWorker.java:startLogSegment(397)) - 8d5d3460-f504-40b5-aaaf-08a8f79d520e@group-6D6A24F4707F-SegmentedRaftLogWorker: Starting segment from index:0
2020-07-22 13:35:53,117 [8d5d3460-f504-40b5-aaaf-08a8f79d520e@group-6D6A24F4707F-LeaderElection39] INFO  impl.RaftServerImpl (ServerState.java:setRaftConf(356)) - 8d5d3460-f504-40b5-aaaf-08a8f79d520e@group-6D6A24F4707F: set configuration 0: [8d5d3460-f504-40b5-aaaf-08a8f79d520e:172.17.0.2:46575], old=null at 0
2020-07-22 13:35:53,118 [8d5d3460-f504-40b5-aaaf-08a8f79d520e@group-6D6A24F4707F-SegmentedRaftLogWorker] INFO  segmented.SegmentedRaftLogWorker (SegmentedRaftLogWorker.java:execute(596)) - 8d5d3460-f504-40b5-aaaf-08a8f79d520e@group-6D6A24F4707F-SegmentedRaftLogWorker: created new log segment /github/workspace/mnt/ozone/hadoop-ozone/integration-test/target/test-dir/MiniOzoneClusterImpl-d98e4c18-9a08-44b7-83b8-49402f47e02b/datanode-1/data/ratis/6664dc2c-c097-41e2-b5e3-6d6a24f4707f/current/log_inprogress_0
2020-07-22 13:35:53,235 [Thread-1290] INFO  impl.FollowerState (FollowerState.java:run(108)) - 71897167-da37-4e00-88cd-50d9bd9cf0b6@group-7D18B211F00E-FollowerState: change to CANDIDATE, lastRpcTime:5006ms, electionTimeout:5006ms
2020-07-22 13:35:53,236 [Thread-1290] INFO  impl.RoleInfo (RoleInfo.java:shutdownFollowerState(121)) - 71897167-da37-4e00-88cd-50d9bd9cf0b6: shutdown FollowerState
2020-07-22 13:35:53,236 [Thread-1290] INFO  impl.RaftServerImpl (RaftServerImpl.java:setRole(185)) - 71897167-da37-4e00-88cd-50d9bd9cf0b6@group-7D18B211F00E: changes role from  FOLLOWER to CANDIDATE at term 0 for changeToCandidate
2020-07-22 13:35:53,236 [Thread-1290] INFO  impl.RoleInfo (RoleInfo.java:updateAndGet(143)) - 71897167-da37-4e00-88cd-50d9bd9cf0b6: start LeaderElection
2020-07-22 13:35:53,240 [71897167-da37-4e00-88cd-50d9bd9cf0b6@group-7D18B211F00E-LeaderElection40] INFO  impl.LeaderElection (LeaderElection.java:askForVotes(209)) - 71897167-da37-4e00-88cd-50d9bd9cf0b6@group-7D18B211F00E-LeaderElection40: begin an election at term 1 for -1: [d6d1ac88-c565-49dc-b661-e5233392d177:172.17.0.2:38993, 7993133d-5733-489d-9cab-688682c47555:172.17.0.2:41635, 71897167-da37-4e00-88cd-50d9bd9cf0b6:172.17.0.2:44019], old=null
2020-07-22 13:35:53,248 [Thread-1288] INFO  impl.FollowerState (FollowerState.java:run(108)) - d6d1ac88-c565-49dc-b661-e5233392d177@group-7D18B211F00E-FollowerState: change to CANDIDATE, lastRpcTime:5043ms, electionTimeout:5037ms
2020-07-22 13:35:53,248 [Thread-1288] INFO  impl.RoleInfo (RoleInfo.java:shutdownFollowerState(121)) - d6d1ac88-c565-49dc-b661-e5233392d177: shutdown FollowerState
2020-07-22 13:35:53,248 [Thread-1288] INFO  impl.RaftServerImpl (RaftServerImpl.java:setRole(185)) - d6d1ac88-c565-49dc-b661-e5233392d177@group-7D18B211F00E: changes role from  FOLLOWER to CANDIDATE at term 0 for changeToCandidate
2020-07-22 13:35:53,248 [Thread-1288] INFO  impl.RoleInfo (RoleInfo.java:updateAndGet(143)) - d6d1ac88-c565-49dc-b661-e5233392d177: start LeaderElection
2020-07-22 13:35:53,253 [grpc-default-executor-2] INFO  impl.RaftServerImpl (RaftServerImpl.java:setRole(185)) - d6d1ac88-c565-49dc-b661-e5233392d177@group-7D18B211F00E: changes role from CANDIDATE to FOLLOWER at term 1 for recognizeCandidate:71897167-da37-4e00-88cd-50d9bd9cf0b6
2020-07-22 13:35:53,253 [grpc-default-executor-2] INFO  impl.RoleInfo (RoleInfo.java:shutdownLeaderElection(134)) - d6d1ac88-c565-49dc-b661-e5233392d177: shutdown LeaderElection
2020-07-22 13:35:53,253 [grpc-default-executor-2] INFO  impl.RoleInfo (RoleInfo.java:updateAndGet(143)) - d6d1ac88-c565-49dc-b661-e5233392d177: start FollowerState
2020-07-22 13:35:53,254 [d6d1ac88-c565-49dc-b661-e5233392d177@group-7D18B211F00E-LeaderElection41] INFO  impl.LeaderElection (LeaderElection.java:run(155)) - d6d1ac88-c565-49dc-b661-e5233392d177@group-7D18B211F00E-LeaderElection41: skip running since this is already CLOSING
2020-07-22 13:35:53,256 [grpc-default-executor-0] INFO  impl.RaftServerImpl (RaftServerImpl.java:setRole(185)) - 7993133d-5733-489d-9cab-688682c47555@group-7D18B211F00E: changes role from  FOLLOWER to FOLLOWER at term 1 for recognizeCandidate:71897167-da37-4e00-88cd-50d9bd9cf0b6
2020-07-22 13:35:53,256 [grpc-default-executor-0] INFO  impl.RoleInfo (RoleInfo.java:shutdownFollowerState(121)) - 7993133d-5733-489d-9cab-688682c47555: shutdown FollowerState
2020-07-22 13:35:53,256 [grpc-default-executor-0] INFO  impl.RoleInfo (RoleInfo.java:updateAndGet(143)) - 7993133d-5733-489d-9cab-688682c47555: start FollowerState
2020-07-22 13:35:53,256 [Thread-1293] INFO  impl.FollowerState (FollowerState.java:run(117)) - 7993133d-5733-489d-9cab-688682c47555@group-7D18B211F00E-FollowerState was interrupted: java.lang.InterruptedException: sleep interrupted
2020-07-22 13:35:53,271 [71897167-da37-4e00-88cd-50d9bd9cf0b6@group-7D18B211F00E-LeaderElection40] INFO  impl.LeaderElection (LeaderElection.java:logAndReturn(61)) - 71897167-da37-4e00-88cd-50d9bd9cf0b6@group-7D18B211F00E-LeaderElection40: Election PASSED; received 2 response(s) [71897167-da37-4e00-88cd-50d9bd9cf0b6<-d6d1ac88-c565-49dc-b661-e5233392d177#0:FAIL-t1, 71897167-da37-4e00-88cd-50d9bd9cf0b6<-7993133d-5733-489d-9cab-688682c47555#0:OK-t1] and 0 exception(s); 71897167-da37-4e00-88cd-50d9bd9cf0b6@group-7D18B211F00E:t1, leader=null, voted=71897167-da37-4e00-88cd-50d9bd9cf0b6, raftlog=71897167-da37-4e00-88cd-50d9bd9cf0b6@group-7D18B211F00E-SegmentedRaftLog:OPENED:c-1,f-1,i0, conf=-1: [d6d1ac88-c565-49dc-b661-e5233392d177:172.17.0.2:38993, 7993133d-5733-489d-9cab-688682c47555:172.17.0.2:41635, 71897167-da37-4e00-88cd-50d9bd9cf0b6:172.17.0.2:44019], old=null
2020-07-22 13:35:53,271 [71897167-da37-4e00-88cd-50d9bd9cf0b6@group-7D18B211F00E-LeaderElection40] INFO  impl.RoleInfo (RoleInfo.java:shutdownLeaderElection(134)) - 71897167-da37-4e00-88cd-50d9bd9cf0b6: shutdown LeaderElection
2020-07-22 13:35:53,271 [71897167-da37-4e00-88cd-50d9bd9cf0b6@group-7D18B211F00E-LeaderElection40] INFO  impl.RaftServerImpl (RaftServerImpl.java:setRole(185)) - 71897167-da37-4e00-88cd-50d9bd9cf0b6@group-7D18B211F00E: changes role from CANDIDATE to LEADER at term 1 for changeToLeader
2020-07-22 13:35:53,271 [71897167-da37-4e00-88cd-50d9bd9cf0b6@group-7D18B211F00E-LeaderElection40] INFO  ratis.XceiverServerRatis (XceiverServerRatis.java:handleLeaderChangedNotification(820)) - Leader change notification received for group: group-7D18B211F00E with new leaderId: 71897167-da37-4e00-88cd-50d9bd9cf0b6
2020-07-22 13:35:53,271 [71897167-da37-4e00-88cd-50d9bd9cf0b6@group-7D18B211F00E-LeaderElection40] INFO  impl.RaftServerImpl (ServerState.java:setLeader(255)) - 71897167-da37-4e00-88cd-50d9bd9cf0b6@group-7D18B211F00E: change Leader from null to 71897167-da37-4e00-88cd-50d9bd9cf0b6 at term 1 for becomeLeader, leader elected after 5048ms
2020-07-22 13:35:53,271 [71897167-da37-4e00-88cd-50d9bd9cf0b6@group-7D18B211F00E-LeaderElection40] INFO  server.RaftServerConfigKeys (ConfUtils.java:logGet(44)) - raft.server.staging.catchup.gap = 1000 (default)
2020-07-22 13:35:53,271 [71897167-da37-4e00-88cd-50d9bd9cf0b6@group-7D18B211F00E-LeaderElection40] INFO  server.RaftServerConfigKeys (ConfUtils.java:logGet(44)) - raft.server.rpc.sleep.time = 25ms (default)
2020-07-22 13:35:53,271 [71897167-da37-4e00-88cd-50d9bd9cf0b6@group-7D18B211F00E-LeaderElection40] INFO  metrics.RatisMetrics (RatisMetrics.java:lambda$create$0(36)) - Creating Metrics Registry : ratis.log_appender.71897167-da37-4e00-88cd-50d9bd9cf0b6@group-7D18B211F00E
2020-07-22 13:35:53,271 [71897167-da37-4e00-88cd-50d9bd9cf0b6@group-7D18B211F00E-LeaderElection40] INFO  server.RaftServerConfigKeys (ConfUtils.java:logGet(44)) - raft.server.write.element-limit = 1024 (custom)
2020-07-22 13:35:53,271 [71897167-da37-4e00-88cd-50d9bd9cf0b6@group-7D18B211F00E-LeaderElection40] INFO  server.RaftServerConfigKeys (ConfUtils.java:logGet(44)) - raft.server.write.byte-limit = 1073741824 (custom)
2020-07-22 13:35:53,272 [71897167-da37-4e00-88cd-50d9bd9cf0b6@group-7D18B211F00E-LeaderElection40] INFO  server.RaftServerConfigKeys (ConfUtils.java:logGet(44)) - raft.server.watch.timeout = 3000ms (custom)
2020-07-22 13:35:53,272 [71897167-da37-4e00-88cd-50d9bd9cf0b6@group-7D18B211F00E-LeaderElection40] INFO  server.RaftServerConfigKeys (ConfUtils.java:logGet(44)) - raft.server.watch.timeout.denomination = 1s (default)
2020-07-22 13:35:53,272 [71897167-da37-4e00-88cd-50d9bd9cf0b6@group-7D18B211F00E-LeaderElection40] INFO  server.RaftServerConfigKeys (ConfUtils.java:logGet(44)) - raft.server.watch.element-limit = 65536 (default)
2020-07-22 13:35:53,272 [71897167-da37-4e00-88cd-50d9bd9cf0b6@group-7D18B211F00E-LeaderElection40] INFO  server.RaftServerConfigKeys (ConfUtils.java:logGet(44)) - raft.server.log.appender.snapshot.chunk.size.max = 16MB (=16777216) (default)
2020-07-22 13:35:53,272 [71897167-da37-4e00-88cd-50d9bd9cf0b6@group-7D18B211F00E-LeaderElection40] INFO  server.RaftServerConfigKeys (ConfUtils.java:logGet(44)) - raft.server.log.appender.buffer.byte-limit = 33554432 (custom)
2020-07-22 13:35:53,272 [71897167-da37-4e00-88cd-50d9bd9cf0b6@group-7D18B211F00E-LeaderElection40] INFO  server.RaftServerConfigKeys (ConfUtils.java:logGet(44)) - raft.server.log.appender.buffer.element-limit = 1 (custom)
2020-07-22 13:35:53,272 [71897167-da37-4e00-88cd-50d9bd9cf0b6@group-7D18B211F00E-LeaderElection40] INFO  grpc.GrpcConfigKeys (ConfUtils.java:logGet(44)) - raft.grpc.server.leader.outstanding.appends.max = 128 (default)
2020-07-22 13:35:53,272 [71897167-da37-4e00-88cd-50d9bd9cf0b6@group-7D18B211F00E-LeaderElection40] INFO  server.RaftServerConfigKeys (ConfUtils.java:logGet(44)) - raft.server.rpc.request.timeout = 3000ms (default)
2020-07-22 13:35:53,272 [71897167-da37-4e00-88cd-50d9bd9cf0b6@group-7D18B211F00E-LeaderElection40] INFO  server.RaftServerConfigKeys (ConfUtils.java:logGet(44)) - raft.server.log.appender.install.snapshot.enabled = false (custom)
2020-07-22 13:35:53,272 [71897167-da37-4e00-88cd-50d9bd9cf0b6@group-7D18B211F00E-LeaderElection40] INFO  metrics.RatisMetrics (RatisMetrics.java:lambda$create$0(36)) - Creating Metrics Registry : ratis_grpc.log_appender.71897167-da37-4e00-88cd-50d9bd9cf0b6@group-7D18B211F00E
2020-07-22 13:35:53,274 [71897167-da37-4e00-88cd-50d9bd9cf0b6@group-7D18B211F00E-LeaderElection40] INFO  server.RaftServerConfigKeys (ConfUtils.java:logGet(44)) - raft.server.log.appender.snapshot.chunk.size.max = 16MB (=16777216) (default)
2020-07-22 13:35:53,274 [71897167-da37-4e00-88cd-50d9bd9cf0b6@group-7D18B211F00E-LeaderElection40] INFO  server.RaftServerConfigKeys (ConfUtils.java:logGet(44)) - raft.server.log.appender.buffer.byte-limit = 33554432 (custom)
2020-07-22 13:35:53,274 [71897167-da37-4e00-88cd-50d9bd9cf0b6@group-7D18B211F00E-LeaderElection40] INFO  server.RaftServerConfigKeys (ConfUtils.java:logGet(44)) - raft.server.log.appender.buffer.element-limit = 1 (custom)
2020-07-22 13:35:53,274 [71897167-da37-4e00-88cd-50d9bd9cf0b6@group-7D18B211F00E-LeaderElection40] INFO  grpc.GrpcConfigKeys (ConfUtils.java:logGet(44)) - raft.grpc.server.leader.outstanding.appends.max = 128 (default)
2020-07-22 13:35:53,274 [71897167-da37-4e00-88cd-50d9bd9cf0b6@group-7D18B211F00E-LeaderElection40] INFO  server.RaftServerConfigKeys (ConfUtils.java:logGet(44)) - raft.server.rpc.request.timeout = 3000ms (default)
2020-07-22 13:35:53,274 [71897167-da37-4e00-88cd-50d9bd9cf0b6@group-7D18B211F00E-LeaderElection40] INFO  server.RaftServerConfigKeys (ConfUtils.java:logGet(44)) - raft.server.log.appender.install.snapshot.enabled = false (custom)
2020-07-22 13:35:53,276 [EventQueue-PipelineReportForPipelineReportHandler] INFO  pipeline.PipelineStateManager (PipelineStateManager.java:openPipeline(131)) - Pipeline Pipeline[ Id: a32141e0-60b8-44de-a3b2-7d18b211f00e, Nodes: d6d1ac88-c565-49dc-b661-e5233392d177{ip: 172.17.0.2, host: 95ae26560d66, networkLocation: /default-rack, certSerialId: null}71897167-da37-4e00-88cd-50d9bd9cf0b6{ip: 172.17.0.2, host: 95ae26560d66, networkLocation: /default-rack, certSerialId: null}7993133d-5733-489d-9cab-688682c47555{ip: 172.17.0.2, host: 95ae26560d66, networkLocation: /default-rack, certSerialId: null}, Type:RATIS, Factor:THREE, State:ALLOCATED, leaderId:71897167-da37-4e00-88cd-50d9bd9cf0b6, CreationTimestamp2020-07-22T13:35:45.404Z] moved to OPEN state
2020-07-22 13:35:53,276 [71897167-da37-4e00-88cd-50d9bd9cf0b6@group-7D18B211F00E-LeaderElection40] INFO  impl.RoleInfo (RoleInfo.java:updateAndGet(143)) - 71897167-da37-4e00-88cd-50d9bd9cf0b6: start LeaderState
2020-07-22 13:35:53,277 [71897167-da37-4e00-88cd-50d9bd9cf0b6@group-7D18B211F00E-LeaderElection40] INFO  segmented.SegmentedRaftLogWorker (SegmentedRaftLogWorker.java:startLogSegment(397)) - 71897167-da37-4e00-88cd-50d9bd9cf0b6@group-7D18B211F00E-SegmentedRaftLogWorker: Starting segment from index:0
2020-07-22 13:35:53,278 [71897167-da37-4e00-88cd-50d9bd9cf0b6@group-7D18B211F00E-LeaderElection40] INFO  impl.RaftServerImpl (ServerState.java:setRaftConf(356)) - 71897167-da37-4e00-88cd-50d9bd9cf0b6@group-7D18B211F00E: set configuration 0: [d6d1ac88-c565-49dc-b661-e5233392d177:172.17.0.2:38993, 7993133d-5733-489d-9cab-688682c47555:172.17.0.2:41635, 71897167-da37-4e00-88cd-50d9bd9cf0b6:172.17.0.2:44019], old=null at 0
2020-07-22 13:35:53,278 [71897167-da37-4e00-88cd-50d9bd9cf0b6@group-7D18B211F00E-SegmentedRaftLogWorker] INFO  segmented.SegmentedRaftLogWorker (SegmentedRaftLogWorker.java:execute(596)) - 71897167-da37-4e00-88cd-50d9bd9cf0b6@group-7D18B211F00E-SegmentedRaftLogWorker: created new log segment /github/workspace/mnt/ozone/hadoop-ozone/integration-test/target/test-dir/MiniOzoneClusterImpl-d98e4c18-9a08-44b7-83b8-49402f47e02b/datanode-4/data/ratis/a32141e0-60b8-44de-a3b2-7d18b211f00e/current/log_inprogress_0
2020-07-22 13:35:53,296 [grpc-default-executor-2] INFO  ratis.XceiverServerRatis (XceiverServerRatis.java:handleLeaderChangedNotification(820)) - Leader change notification received for group: group-7D18B211F00E with new leaderId: 71897167-da37-4e00-88cd-50d9bd9cf0b6
2020-07-22 13:35:53,297 [grpc-default-executor-2] INFO  impl.RaftServerImpl (ServerState.java:setLeader(255)) - 7993133d-5733-489d-9cab-688682c47555@group-7D18B211F00E: change Leader from null to 71897167-da37-4e00-88cd-50d9bd9cf0b6 at term 1 for appendEntries, leader elected after 5045ms
2020-07-22 13:35:53,297 [grpc-default-executor-5] INFO  ratis.XceiverServerRatis (XceiverServerRatis.java:handleLeaderChangedNotification(820)) - Leader change notification received for group: group-7D18B211F00E with new leaderId: 71897167-da37-4e00-88cd-50d9bd9cf0b6
2020-07-22 13:35:53,298 [grpc-default-executor-5] INFO  impl.RaftServerImpl (ServerState.java:setLeader(255)) - d6d1ac88-c565-49dc-b661-e5233392d177@group-7D18B211F00E: change Leader from null to 71897167-da37-4e00-88cd-50d9bd9cf0b6 at term 1 for appendEntries, leader elected after 5100ms
2020-07-22 13:35:53,299 [grpc-default-executor-5] INFO  impl.RaftServerImpl (ServerState.java:setRaftConf(356)) - d6d1ac88-c565-49dc-b661-e5233392d177@group-7D18B211F00E: set configuration 0: [d6d1ac88-c565-49dc-b661-e5233392d177:172.17.0.2:38993, 7993133d-5733-489d-9cab-688682c47555:172.17.0.2:41635, 71897167-da37-4e00-88cd-50d9bd9cf0b6:172.17.0.2:44019], old=null at 0
2020-07-22 13:35:53,299 [grpc-default-executor-5] INFO  segmented.SegmentedRaftLogWorker (SegmentedRaftLogWorker.java:startLogSegment(397)) - d6d1ac88-c565-49dc-b661-e5233392d177@group-7D18B211F00E-SegmentedRaftLogWorker: Starting segment from index:0
2020-07-22 13:35:53,301 [d6d1ac88-c565-49dc-b661-e5233392d177@group-7D18B211F00E-SegmentedRaftLogWorker] INFO  segmented.SegmentedRaftLogWorker (SegmentedRaftLogWorker.java:execute(596)) - d6d1ac88-c565-49dc-b661-e5233392d177@group-7D18B211F00E-SegmentedRaftLogWorker: created new log segment /github/workspace/mnt/ozone/hadoop-ozone/integration-test/target/test-dir/MiniOzoneClusterImpl-d98e4c18-9a08-44b7-83b8-49402f47e02b/datanode-3/data/ratis/a32141e0-60b8-44de-a3b2-7d18b211f00e/current/log_inprogress_0
2020-07-22 13:35:53,305 [grpc-default-executor-5] INFO  impl.RaftServerImpl (ServerState.java:setRaftConf(356)) - 7993133d-5733-489d-9cab-688682c47555@group-7D18B211F00E: set configuration 0: [d6d1ac88-c565-49dc-b661-e5233392d177:172.17.0.2:38993, 7993133d-5733-489d-9cab-688682c47555:172.17.0.2:41635, 71897167-da37-4e00-88cd-50d9bd9cf0b6:172.17.0.2:44019], old=null at 0
2020-07-22 13:35:53,305 [grpc-default-executor-5] INFO  segmented.SegmentedRaftLogWorker (SegmentedRaftLogWorker.java:startLogSegment(397)) - 7993133d-5733-489d-9cab-688682c47555@group-7D18B211F00E-SegmentedRaftLogWorker: Starting segment from index:0
2020-07-22 13:35:53,306 [7993133d-5733-489d-9cab-688682c47555@group-7D18B211F00E-SegmentedRaftLogWorker] INFO  segmented.SegmentedRaftLogWorker (SegmentedRaftLogWorker.java:execute(596)) - 7993133d-5733-489d-9cab-688682c47555@group-7D18B211F00E-SegmentedRaftLogWorker: created new log segment /github/workspace/mnt/ozone/hadoop-ozone/integration-test/target/test-dir/MiniOzoneClusterImpl-d98e4c18-9a08-44b7-83b8-49402f47e02b/datanode-5/data/ratis/a32141e0-60b8-44de-a3b2-7d18b211f00e/current/log_inprogress_0
2020-07-22 13:35:53,377 [Thread-1286] INFO  impl.FollowerState (FollowerState.java:run(108)) - d6d1ac88-c565-49dc-b661-e5233392d177@group-F7453E0C6C74-FollowerState: change to CANDIDATE, lastRpcTime:5185ms, electionTimeout:5185ms
2020-07-22 13:35:53,378 [Thread-1286] INFO  impl.RoleInfo (RoleInfo.java:shutdownFollowerState(121)) - d6d1ac88-c565-49dc-b661-e5233392d177: shutdown FollowerState
2020-07-22 13:35:53,378 [Thread-1286] INFO  impl.RaftServerImpl (RaftServerImpl.java:setRole(185)) - d6d1ac88-c565-49dc-b661-e5233392d177@group-F7453E0C6C74: changes role from  FOLLOWER to CANDIDATE at term 0 for changeToCandidate
2020-07-22 13:35:53,378 [Thread-1286] INFO  impl.RoleInfo (RoleInfo.java:updateAndGet(143)) - d6d1ac88-c565-49dc-b661-e5233392d177: start LeaderElection
2020-07-22 13:35:53,381 [d6d1ac88-c565-49dc-b661-e5233392d177@group-F7453E0C6C74-LeaderElection42] INFO  impl.LeaderElection (LeaderElection.java:askForVotes(209)) - d6d1ac88-c565-49dc-b661-e5233392d177@group-F7453E0C6C74-LeaderElection42: begin an election at term 1 for -1: [d6d1ac88-c565-49dc-b661-e5233392d177:172.17.0.2:38993], old=null
2020-07-22 13:35:53,381 [d6d1ac88-c565-49dc-b661-e5233392d177@group-F7453E0C6C74-LeaderElection42] INFO  impl.RoleInfo (RoleInfo.java:shutdownLeaderElection(134)) - d6d1ac88-c565-49dc-b661-e5233392d177: shutdown LeaderElection
2020-07-22 13:35:53,382 [d6d1ac88-c565-49dc-b661-e5233392d177@group-F7453E0C6C74-LeaderElection42] INFO  impl.RaftServerImpl (RaftServerImpl.java:setRole(185)) - d6d1ac88-c565-49dc-b661-e5233392d177@group-F7453E0C6C74: changes role from CANDIDATE to LEADER at term 1 for changeToLeader
2020-07-22 13:35:53,382 [d6d1ac88-c565-49dc-b661-e5233392d177@group-F7453E0C6C74-LeaderElection42] INFO  ratis.XceiverServerRatis (XceiverServerRatis.java:handleLeaderChangedNotification(820)) - Leader change notification received for group: group-F7453E0C6C74 with new leaderId: d6d1ac88-c565-49dc-b661-e5233392d177
2020-07-22 13:35:53,382 [d6d1ac88-c565-49dc-b661-e5233392d177@group-F7453E0C6C74-LeaderElection42] INFO  impl.RaftServerImpl (ServerState.java:setLeader(255)) - d6d1ac88-c565-49dc-b661-e5233392d177@group-F7453E0C6C74: change Leader from null to d6d1ac88-c565-49dc-b661-e5233392d177 at term 1 for becomeLeader, leader elected after 5196ms
2020-07-22 13:35:53,382 [d6d1ac88-c565-49dc-b661-e5233392d177@group-F7453E0C6C74-LeaderElection42] INFO  server.RaftServerConfigKeys (ConfUtils.java:logGet(44)) - raft.server.staging.catchup.gap = 1000 (default)
2020-07-22 13:35:53,382 [d6d1ac88-c565-49dc-b661-e5233392d177@group-F7453E0C6C74-LeaderElection42] INFO  server.RaftServerConfigKeys (ConfUtils.java:logGet(44)) - raft.server.rpc.sleep.time = 25ms (default)
2020-07-22 13:35:53,382 [d6d1ac88-c565-49dc-b661-e5233392d177@group-F7453E0C6C74-LeaderElection42] INFO  metrics.RatisMetrics (RatisMetrics.java:lambda$create$0(36)) - Creating Metrics Registry : ratis.log_appender.d6d1ac88-c565-49dc-b661-e5233392d177@group-F7453E0C6C74
2020-07-22 13:35:53,383 [d6d1ac88-c565-49dc-b661-e5233392d177@group-F7453E0C6C74-LeaderElection42] INFO  server.RaftServerConfigKeys (ConfUtils.java:logGet(44)) - raft.server.write.element-limit = 1024 (custom)
2020-07-22 13:35:53,383 [d6d1ac88-c565-49dc-b661-e5233392d177@group-F7453E0C6C74-LeaderElection42] INFO  server.RaftServerConfigKeys (ConfUtils.java:logGet(44)) - raft.server.write.byte-limit = 1073741824 (custom)
2020-07-22 13:35:53,383 [d6d1ac88-c565-49dc-b661-e5233392d177@group-F7453E0C6C74-LeaderElection42] INFO  server.RaftServerConfigKeys (ConfUtils.java:logGet(44)) - raft.server.watch.timeout = 3000ms (custom)
2020-07-22 13:35:53,384 [d6d1ac88-c565-49dc-b661-e5233392d177@group-F7453E0C6C74-LeaderElection42] INFO  server.RaftServerConfigKeys (ConfUtils.java:logGet(44)) - raft.server.watch.timeout.denomination = 1s (default)
2020-07-22 13:35:53,384 [d6d1ac88-c565-49dc-b661-e5233392d177@group-F7453E0C6C74-LeaderElection42] INFO  server.RaftServerConfigKeys (ConfUtils.java:logGet(44)) - raft.server.watch.element-limit = 65536 (default)
2020-07-22 13:35:53,384 [d6d1ac88-c565-49dc-b661-e5233392d177@group-F7453E0C6C74-LeaderElection42] INFO  impl.RoleInfo (RoleInfo.java:updateAndGet(143)) - d6d1ac88-c565-49dc-b661-e5233392d177: start LeaderState
2020-07-22 13:35:53,384 [d6d1ac88-c565-49dc-b661-e5233392d177@group-F7453E0C6C74-LeaderElection42] INFO  segmented.SegmentedRaftLogWorker (SegmentedRaftLogWorker.java:startLogSegment(397)) - d6d1ac88-c565-49dc-b661-e5233392d177@group-F7453E0C6C74-SegmentedRaftLogWorker: Starting segment from index:0
2020-07-22 13:35:53,385 [d6d1ac88-c565-49dc-b661-e5233392d177@group-F7453E0C6C74-LeaderElection42] INFO  impl.RaftServerImpl (ServerState.java:setRaftConf(356)) - d6d1ac88-c565-49dc-b661-e5233392d177@group-F7453E0C6C74: set configuration 0: [d6d1ac88-c565-49dc-b661-e5233392d177:172.17.0.2:38993], old=null at 0
2020-07-22 13:35:53,386 [d6d1ac88-c565-49dc-b661-e5233392d177@group-F7453E0C6C74-SegmentedRaftLogWorker] INFO  segmented.SegmentedRaftLogWorker (SegmentedRaftLogWorker.java:execute(596)) - d6d1ac88-c565-49dc-b661-e5233392d177@group-F7453E0C6C74-SegmentedRaftLogWorker: created new log segment /github/workspace/mnt/ozone/hadoop-ozone/integration-test/target/test-dir/MiniOzoneClusterImpl-d98e4c18-9a08-44b7-83b8-49402f47e02b/datanode-3/data/ratis/c4f8fa19-c55d-4657-b85c-f7453e0c6c74/current/log_inprogress_0
2020-07-22 13:35:53,402 [Thread-1296] INFO  impl.FollowerState (FollowerState.java:run(108)) - 71897167-da37-4e00-88cd-50d9bd9cf0b6@group-E8F1D820CBA9-FollowerState: change to CANDIDATE, lastRpcTime:5098ms, electionTimeout:5098ms
2020-07-22 13:35:53,403 [Thread-1296] INFO  impl.RoleInfo (RoleInfo.java:shutdownFollowerState(121)) - 71897167-da37-4e00-88cd-50d9bd9cf0b6: shutdown FollowerState
2020-07-22 13:35:53,403 [Thread-1296] INFO  impl.RaftServerImpl (RaftServerImpl.java:setRole(185)) - 71897167-da37-4e00-88cd-50d9bd9cf0b6@group-E8F1D820CBA9: changes role from  FOLLOWER to CANDIDATE at term 0 for changeToCandidate
2020-07-22 13:35:53,403 [Thread-1296] INFO  impl.RoleInfo (RoleInfo.java:updateAndGet(143)) - 71897167-da37-4e00-88cd-50d9bd9cf0b6: start LeaderElection
2020-07-22 13:35:53,405 [71897167-da37-4e00-88cd-50d9bd9cf0b6@group-E8F1D820CBA9-LeaderElection43] INFO  impl.LeaderElection (LeaderElection.java:askForVotes(209)) - 71897167-da37-4e00-88cd-50d9bd9cf0b6@group-E8F1D820CBA9-LeaderElection43: begin an election at term 1 for -1: [71897167-da37-4e00-88cd-50d9bd9cf0b6:172.17.0.2:44019], old=null
2020-07-22 13:35:53,405 [71897167-da37-4e00-88cd-50d9bd9cf0b6@group-E8F1D820CBA9-LeaderElection43] INFO  impl.RoleInfo (RoleInfo.java:shutdownLeaderElection(134)) - 71897167-da37-4e00-88cd-50d9bd9cf0b6: shutdown LeaderElection
2020-07-22 13:35:53,405 [71897167-da37-4e00-88cd-50d9bd9cf0b6@group-E8F1D820CBA9-LeaderElection43] INFO  impl.RaftServerImpl (RaftServerImpl.java:setRole(185)) - 71897167-da37-4e00-88cd-50d9bd9cf0b6@group-E8F1D820CBA9: changes role from CANDIDATE to LEADER at term 1 for changeToLeader
2020-07-22 13:35:53,405 [71897167-da37-4e00-88cd-50d9bd9cf0b6@group-E8F1D820CBA9-LeaderElection43] INFO  ratis.XceiverServerRatis (XceiverServerRatis.java:handleLeaderChangedNotification(820)) - Leader change notification received for group: group-E8F1D820CBA9 with new leaderId: 71897167-da37-4e00-88cd-50d9bd9cf0b6
2020-07-22 13:35:53,405 [71897167-da37-4e00-88cd-50d9bd9cf0b6@group-E8F1D820CBA9-LeaderElection43] INFO  impl.RaftServerImpl (ServerState.java:setLeader(255)) - 71897167-da37-4e00-88cd-50d9bd9cf0b6@group-E8F1D820CBA9: change Leader from null to 71897167-da37-4e00-88cd-50d9bd9cf0b6 at term 1 for becomeLeader, leader elected after 5108ms
2020-07-22 13:35:53,405 [71897167-da37-4e00-88cd-50d9bd9cf0b6@group-E8F1D820CBA9-LeaderElection43] INFO  server.RaftServerConfigKeys (ConfUtils.java:logGet(44)) - raft.server.staging.catchup.gap = 1000 (default)
2020-07-22 13:35:53,406 [71897167-da37-4e00-88cd-50d9bd9cf0b6@group-E8F1D820CBA9-LeaderElection43] INFO  server.RaftServerConfigKeys (ConfUtils.java:logGet(44)) - raft.server.rpc.sleep.time = 25ms (default)
2020-07-22 13:35:53,406 [71897167-da37-4e00-88cd-50d9bd9cf0b6@group-E8F1D820CBA9-LeaderElection43] INFO  metrics.RatisMetrics (RatisMetrics.java:lambda$create$0(36)) - Creating Metrics Registry : ratis.log_appender.71897167-da37-4e00-88cd-50d9bd9cf0b6@group-E8F1D820CBA9
2020-07-22 13:35:53,406 [71897167-da37-4e00-88cd-50d9bd9cf0b6@group-E8F1D820CBA9-LeaderElection43] INFO  server.RaftServerConfigKeys (ConfUtils.java:logGet(44)) - raft.server.write.element-limit = 1024 (custom)
2020-07-22 13:35:53,406 [71897167-da37-4e00-88cd-50d9bd9cf0b6@group-E8F1D820CBA9-LeaderElection43] INFO  server.RaftServerConfigKeys (ConfUtils.java:logGet(44)) - raft.server.write.byte-limit = 1073741824 (custom)
2020-07-22 13:35:53,406 [71897167-da37-4e00-88cd-50d9bd9cf0b6@group-E8F1D820CBA9-LeaderElection43] INFO  server.RaftServerConfigKeys (ConfUtils.java:logGet(44)) - raft.server.watch.timeout = 3000ms (custom)
2020-07-22 13:35:53,406 [71897167-da37-4e00-88cd-50d9bd9cf0b6@group-E8F1D820CBA9-LeaderElection43] INFO  server.RaftServerConfigKeys (ConfUtils.java:logGet(44)) - raft.server.watch.timeout.denomination = 1s (default)
2020-07-22 13:35:53,407 [71897167-da37-4e00-88cd-50d9bd9cf0b6@group-E8F1D820CBA9-LeaderElection43] INFO  server.RaftServerConfigKeys (ConfUtils.java:logGet(44)) - raft.server.watch.element-limit = 65536 (default)
2020-07-22 13:35:53,407 [71897167-da37-4e00-88cd-50d9bd9cf0b6@group-E8F1D820CBA9-LeaderElection43] INFO  impl.RoleInfo (RoleInfo.java:updateAndGet(143)) - 71897167-da37-4e00-88cd-50d9bd9cf0b6: start LeaderState
2020-07-22 13:35:53,407 [71897167-da37-4e00-88cd-50d9bd9cf0b6@group-E8F1D820CBA9-LeaderElection43] INFO  segmented.SegmentedRaftLogWorker (SegmentedRaftLogWorker.java:startLogSegment(397)) - 71897167-da37-4e00-88cd-50d9bd9cf0b6@group-E8F1D820CBA9-SegmentedRaftLogWorker: Starting segment from index:0
2020-07-22 13:35:53,408 [71897167-da37-4e00-88cd-50d9bd9cf0b6@group-E8F1D820CBA9-LeaderElection43] INFO  impl.RaftServerImpl (ServerState.java:setRaftConf(356)) - 71897167-da37-4e00-88cd-50d9bd9cf0b6@group-E8F1D820CBA9: set configuration 0: [71897167-da37-4e00-88cd-50d9bd9cf0b6:172.17.0.2:44019], old=null at 0
2020-07-22 13:35:53,408 [71897167-da37-4e00-88cd-50d9bd9cf0b6@group-E8F1D820CBA9-SegmentedRaftLogWorker] INFO  segmented.SegmentedRaftLogWorker (SegmentedRaftLogWorker.java:execute(596)) - 71897167-da37-4e00-88cd-50d9bd9cf0b6@group-E8F1D820CBA9-SegmentedRaftLogWorker: created new log segment /github/workspace/mnt/ozone/hadoop-ozone/integration-test/target/test-dir/MiniOzoneClusterImpl-d98e4c18-9a08-44b7-83b8-49402f47e02b/datanode-4/data/ratis/dca35c69-e819-4af4-9b31-e8f1d820cba9/current/log_inprogress_0
2020-07-22 13:35:53,448 [Thread-1298] INFO  impl.FollowerState (FollowerState.java:run(108)) - 7993133d-5733-489d-9cab-688682c47555@group-A3A3D107B774-FollowerState: change to CANDIDATE, lastRpcTime:5033ms, electionTimeout:5032ms
2020-07-22 13:35:53,448 [Thread-1298] INFO  impl.RoleInfo (RoleInfo.java:shutdownFollowerState(121)) - 7993133d-5733-489d-9cab-688682c47555: shutdown FollowerState
2020-07-22 13:35:53,449 [Thread-1298] INFO  impl.RaftServerImpl (RaftServerImpl.java:setRole(185)) - 7993133d-5733-489d-9cab-688682c47555@group-A3A3D107B774: changes role from  FOLLOWER to CANDIDATE at term 0 for changeToCandidate
2020-07-22 13:35:53,449 [Thread-1298] INFO  impl.RoleInfo (RoleInfo.java:updateAndGet(143)) - 7993133d-5733-489d-9cab-688682c47555: start LeaderElection
2020-07-22 13:35:53,452 [7993133d-5733-489d-9cab-688682c47555@group-A3A3D107B774-LeaderElection44] INFO  impl.LeaderElection (LeaderElection.java:askForVotes(209)) - 7993133d-5733-489d-9cab-688682c47555@group-A3A3D107B774-LeaderElection44: begin an election at term 1 for -1: [7993133d-5733-489d-9cab-688682c47555:172.17.0.2:41635], old=null
2020-07-22 13:35:53,452 [7993133d-5733-489d-9cab-688682c47555@group-A3A3D107B774-LeaderElection44] INFO  impl.RoleInfo (RoleInfo.java:shutdownLeaderElection(134)) - 7993133d-5733-489d-9cab-688682c47555: shutdown LeaderElection
2020-07-22 13:35:53,452 [7993133d-5733-489d-9cab-688682c47555@group-A3A3D107B774-LeaderElection44] INFO  impl.RaftServerImpl (RaftServerImpl.java:setRole(185)) - 7993133d-5733-489d-9cab-688682c47555@group-A3A3D107B774: changes role from CANDIDATE to LEADER at term 1 for changeToLeader
2020-07-22 13:35:53,452 [7993133d-5733-489d-9cab-688682c47555@group-A3A3D107B774-LeaderElection44] INFO  ratis.XceiverServerRatis (XceiverServerRatis.java:handleLeaderChangedNotification(820)) - Leader change notification received for group: group-A3A3D107B774 with new leaderId: 7993133d-5733-489d-9cab-688682c47555
2020-07-22 13:35:53,452 [7993133d-5733-489d-9cab-688682c47555@group-A3A3D107B774-LeaderElection44] INFO  impl.RaftServerImpl (ServerState.java:setLeader(255)) - 7993133d-5733-489d-9cab-688682c47555@group-A3A3D107B774: change Leader from null to 7993133d-5733-489d-9cab-688682c47555 at term 1 for becomeLeader, leader elected after 5044ms
2020-07-22 13:35:53,452 [7993133d-5733-489d-9cab-688682c47555@group-A3A3D107B774-LeaderElection44] INFO  server.RaftServerConfigKeys (ConfUtils.java:logGet(44)) - raft.server.staging.catchup.gap = 1000 (default)
2020-07-22 13:35:53,452 [7993133d-5733-489d-9cab-688682c47555@group-A3A3D107B774-LeaderElection44] INFO  server.RaftServerConfigKeys (ConfUtils.java:logGet(44)) - raft.server.rpc.sleep.time = 25ms (default)
2020-07-22 13:35:53,452 [7993133d-5733-489d-9cab-688682c47555@group-A3A3D107B774-LeaderElection44] INFO  metrics.RatisMetrics (RatisMetrics.java:lambda$create$0(36)) - Creating Metrics Registry : ratis.log_appender.7993133d-5733-489d-9cab-688682c47555@group-A3A3D107B774
2020-07-22 13:35:53,453 [7993133d-5733-489d-9cab-688682c47555@group-A3A3D107B774-LeaderElection44] INFO  server.RaftServerConfigKeys (ConfUtils.java:logGet(44)) - raft.server.write.element-limit = 1024 (custom)
2020-07-22 13:35:53,453 [7993133d-5733-489d-9cab-688682c47555@group-A3A3D107B774-LeaderElection44] INFO  server.RaftServerConfigKeys (ConfUtils.java:logGet(44)) - raft.server.write.byte-limit = 1073741824 (custom)
2020-07-22 13:35:53,456 [7993133d-5733-489d-9cab-688682c47555@group-A3A3D107B774-LeaderElection44] INFO  server.RaftServerConfigKeys (ConfUtils.java:logGet(44)) - raft.server.watch.timeout = 3000ms (custom)
2020-07-22 13:35:53,456 [7993133d-5733-489d-9cab-688682c47555@group-A3A3D107B774-LeaderElection44] INFO  server.RaftServerConfigKeys (ConfUtils.java:logGet(44)) - raft.server.watch.timeout.denomination = 1s (default)
2020-07-22 13:35:53,456 [7993133d-5733-489d-9cab-688682c47555@group-A3A3D107B774-LeaderElection44] INFO  server.RaftServerConfigKeys (ConfUtils.java:logGet(44)) - raft.server.watch.element-limit = 65536 (default)
2020-07-22 13:35:53,457 [7993133d-5733-489d-9cab-688682c47555@group-A3A3D107B774-LeaderElection44] INFO  impl.RoleInfo (RoleInfo.java:updateAndGet(143)) - 7993133d-5733-489d-9cab-688682c47555: start LeaderState
2020-07-22 13:35:53,457 [7993133d-5733-489d-9cab-688682c47555@group-A3A3D107B774-LeaderElection44] INFO  segmented.SegmentedRaftLogWorker (SegmentedRaftLogWorker.java:startLogSegment(397)) - 7993133d-5733-489d-9cab-688682c47555@group-A3A3D107B774-SegmentedRaftLogWorker: Starting segment from index:0
2020-07-22 13:35:53,458 [7993133d-5733-489d-9cab-688682c47555@group-A3A3D107B774-SegmentedRaftLogWorker] INFO  segmented.SegmentedRaftLogWorker (SegmentedRaftLogWorker.java:execute(596)) - 7993133d-5733-489d-9cab-688682c47555@group-A3A3D107B774-SegmentedRaftLogWorker: created new log segment /github/workspace/mnt/ozone/hadoop-ozone/integration-test/target/test-dir/MiniOzoneClusterImpl-d98e4c18-9a08-44b7-83b8-49402f47e02b/datanode-5/data/ratis/e7161274-5db4-4822-8ade-a3a3d107b774/current/log_inprogress_0
2020-07-22 13:35:53,459 [7993133d-5733-489d-9cab-688682c47555@group-A3A3D107B774-LeaderElection44] INFO  impl.RaftServerImpl (ServerState.java:setRaftConf(356)) - 7993133d-5733-489d-9cab-688682c47555@group-A3A3D107B774: set configuration 0: [7993133d-5733-489d-9cab-688682c47555:172.17.0.2:41635], old=null at 0
2020-07-22 13:35:53,578 [Thread-1300] INFO  impl.FollowerState (FollowerState.java:run(108)) - 893c9bf4-6f39-4cde-b2ed-0f295cdfb21b@group-349A2AAFE72A-FollowerState: change to CANDIDATE, lastRpcTime:5055ms, electionTimeout:5055ms
2020-07-22 13:35:53,578 [Thread-1300] INFO  impl.RoleInfo (RoleInfo.java:shutdownFollowerState(121)) - 893c9bf4-6f39-4cde-b2ed-0f295cdfb21b: shutdown FollowerState
2020-07-22 13:35:53,578 [Thread-1300] INFO  impl.RaftServerImpl (RaftServerImpl.java:setRole(185)) - 893c9bf4-6f39-4cde-b2ed-0f295cdfb21b@group-349A2AAFE72A: changes role from  FOLLOWER to CANDIDATE at term 0 for changeToCandidate
2020-07-22 13:35:53,578 [Thread-1300] INFO  impl.RoleInfo (RoleInfo.java:updateAndGet(143)) - 893c9bf4-6f39-4cde-b2ed-0f295cdfb21b: start LeaderElection
2020-07-22 13:35:53,581 [893c9bf4-6f39-4cde-b2ed-0f295cdfb21b@group-349A2AAFE72A-LeaderElection45] INFO  impl.LeaderElection (LeaderElection.java:askForVotes(209)) - 893c9bf4-6f39-4cde-b2ed-0f295cdfb21b@group-349A2AAFE72A-LeaderElection45: begin an election at term 1 for -1: [893c9bf4-6f39-4cde-b2ed-0f295cdfb21b:172.17.0.2:44721], old=null
2020-07-22 13:35:53,581 [893c9bf4-6f39-4cde-b2ed-0f295cdfb21b@group-349A2AAFE72A-LeaderElection45] INFO  impl.RoleInfo (RoleInfo.java:shutdownLeaderElection(134)) - 893c9bf4-6f39-4cde-b2ed-0f295cdfb21b: shutdown LeaderElection
2020-07-22 13:35:53,581 [893c9bf4-6f39-4cde-b2ed-0f295cdfb21b@group-349A2AAFE72A-LeaderElection45] INFO  impl.RaftServerImpl (RaftServerImpl.java:setRole(185)) - 893c9bf4-6f39-4cde-b2ed-0f295cdfb21b@group-349A2AAFE72A: changes role from CANDIDATE to LEADER at term 1 for changeToLeader
2020-07-22 13:35:53,581 [893c9bf4-6f39-4cde-b2ed-0f295cdfb21b@group-349A2AAFE72A-LeaderElection45] INFO  ratis.XceiverServerRatis (XceiverServerRatis.java:handleLeaderChangedNotification(820)) - Leader change notification received for group: group-349A2AAFE72A with new leaderId: 893c9bf4-6f39-4cde-b2ed-0f295cdfb21b
2020-07-22 13:35:53,582 [893c9bf4-6f39-4cde-b2ed-0f295cdfb21b@group-349A2AAFE72A-LeaderElection45] INFO  impl.RaftServerImpl (ServerState.java:setLeader(255)) - 893c9bf4-6f39-4cde-b2ed-0f295cdfb21b@group-349A2AAFE72A: change Leader from null to 893c9bf4-6f39-4cde-b2ed-0f295cdfb21b at term 1 for becomeLeader, leader elected after 5065ms
2020-07-22 13:35:53,582 [893c9bf4-6f39-4cde-b2ed-0f295cdfb21b@group-349A2AAFE72A-LeaderElection45] INFO  server.RaftServerConfigKeys (ConfUtils.java:logGet(44)) - raft.server.staging.catchup.gap = 1000 (default)
2020-07-22 13:35:53,582 [893c9bf4-6f39-4cde-b2ed-0f295cdfb21b@group-349A2AAFE72A-LeaderElection45] INFO  server.RaftServerConfigKeys (ConfUtils.java:logGet(44)) - raft.server.rpc.sleep.time = 25ms (default)
2020-07-22 13:35:53,582 [893c9bf4-6f39-4cde-b2ed-0f295cdfb21b@group-349A2AAFE72A-LeaderElection45] INFO  metrics.RatisMetrics (RatisMetrics.java:lambda$create$0(36)) - Creating Metrics Registry : ratis.log_appender.893c9bf4-6f39-4cde-b2ed-0f295cdfb21b@group-349A2AAFE72A
2020-07-22 13:35:53,582 [893c9bf4-6f39-4cde-b2ed-0f295cdfb21b@group-349A2AAFE72A-LeaderElection45] INFO  server.RaftServerConfigKeys (ConfUtils.java:logGet(44)) - raft.server.write.element-limit = 1024 (custom)
2020-07-22 13:35:53,582 [893c9bf4-6f39-4cde-b2ed-0f295cdfb21b@group-349A2AAFE72A-LeaderElection45] INFO  server.RaftServerConfigKeys (ConfUtils.java:logGet(44)) - raft.server.write.byte-limit = 1073741824 (custom)
2020-07-22 13:35:53,583 [893c9bf4-6f39-4cde-b2ed-0f295cdfb21b@group-349A2AAFE72A-LeaderElection45] INFO  server.RaftServerConfigKeys (ConfUtils.java:logGet(44)) - raft.server.watch.timeout = 3000ms (custom)
2020-07-22 13:35:53,583 [893c9bf4-6f39-4cde-b2ed-0f295cdfb21b@group-349A2AAFE72A-LeaderElection45] INFO  server.RaftServerConfigKeys (ConfUtils.java:logGet(44)) - raft.server.watch.timeout.denomination = 1s (default)
2020-07-22 13:35:53,583 [893c9bf4-6f39-4cde-b2ed-0f295cdfb21b@group-349A2AAFE72A-LeaderElection45] INFO  server.RaftServerConfigKeys (ConfUtils.java:logGet(44)) - raft.server.watch.element-limit = 65536 (default)
2020-07-22 13:35:53,583 [893c9bf4-6f39-4cde-b2ed-0f295cdfb21b@group-349A2AAFE72A-LeaderElection45] INFO  impl.RoleInfo (RoleInfo.java:updateAndGet(143)) - 893c9bf4-6f39-4cde-b2ed-0f295cdfb21b: start LeaderState
2020-07-22 13:35:53,583 [893c9bf4-6f39-4cde-b2ed-0f295cdfb21b@group-349A2AAFE72A-LeaderElection45] INFO  segmented.SegmentedRaftLogWorker (SegmentedRaftLogWorker.java:startLogSegment(397)) - 893c9bf4-6f39-4cde-b2ed-0f295cdfb21b@group-349A2AAFE72A-SegmentedRaftLogWorker: Starting segment from index:0
2020-07-22 13:35:53,583 [893c9bf4-6f39-4cde-b2ed-0f295cdfb21b@group-349A2AAFE72A-LeaderElection45] INFO  impl.RaftServerImpl (ServerState.java:setRaftConf(356)) - 893c9bf4-6f39-4cde-b2ed-0f295cdfb21b@group-349A2AAFE72A: set configuration 0: [893c9bf4-6f39-4cde-b2ed-0f295cdfb21b:172.17.0.2:44721], old=null at 0
2020-07-22 13:35:53,584 [893c9bf4-6f39-4cde-b2ed-0f295cdfb21b@group-349A2AAFE72A-SegmentedRaftLogWorker] INFO  segmented.SegmentedRaftLogWorker (SegmentedRaftLogWorker.java:execute(596)) - 893c9bf4-6f39-4cde-b2ed-0f295cdfb21b@group-349A2AAFE72A-SegmentedRaftLogWorker: created new log segment /github/workspace/mnt/ozone/hadoop-ozone/integration-test/target/test-dir/MiniOzoneClusterImpl-d98e4c18-9a08-44b7-83b8-49402f47e02b/datanode-6/data/ratis/6b35a7ef-0474-485f-9cc4-349a2aafe72a/current/log_inprogress_0
2020-07-22 13:35:53,603 [Thread-1307] INFO  impl.FollowerState (FollowerState.java:run(108)) - 098b8c32-9cc9-4300-9c47-36f9b46c2619@group-322E1634C0BA-FollowerState: change to CANDIDATE, lastRpcTime:5008ms, electionTimeout:5008ms
2020-07-22 13:35:53,603 [Thread-1307] INFO  impl.RoleInfo (RoleInfo.java:shutdownFollowerState(121)) - 098b8c32-9cc9-4300-9c47-36f9b46c2619: shutdown FollowerState
2020-07-22 13:35:53,603 [Thread-1307] INFO  impl.RaftServerImpl (RaftServerImpl.java:setRole(185)) - 098b8c32-9cc9-4300-9c47-36f9b46c2619@group-322E1634C0BA: changes role from  FOLLOWER to CANDIDATE at term 0 for changeToCandidate
2020-07-22 13:35:53,604 [Thread-1307] INFO  impl.RoleInfo (RoleInfo.java:updateAndGet(143)) - 098b8c32-9cc9-4300-9c47-36f9b46c2619: start LeaderElection
2020-07-22 13:35:53,607 [098b8c32-9cc9-4300-9c47-36f9b46c2619@group-322E1634C0BA-LeaderElection46] INFO  impl.LeaderElection (LeaderElection.java:askForVotes(209)) - 098b8c32-9cc9-4300-9c47-36f9b46c2619@group-322E1634C0BA-LeaderElection46: begin an election at term 1 for -1: [8fc789e3-cfff-4768-8922-f2fbfdc764b4:172.17.0.2:38045, 098b8c32-9cc9-4300-9c47-36f9b46c2619:172.17.0.2:36923, 893c9bf4-6f39-4cde-b2ed-0f295cdfb21b:172.17.0.2:44721], old=null
2020-07-22 13:35:53,614 [grpc-default-executor-5] INFO  impl.RaftServerImpl (RaftServerImpl.java:setRole(185)) - 893c9bf4-6f39-4cde-b2ed-0f295cdfb21b@group-322E1634C0BA: changes role from  FOLLOWER to FOLLOWER at term 1 for recognizeCandidate:098b8c32-9cc9-4300-9c47-36f9b46c2619
2020-07-22 13:35:53,614 [grpc-default-executor-5] INFO  impl.RoleInfo (RoleInfo.java:shutdownFollowerState(121)) - 893c9bf4-6f39-4cde-b2ed-0f295cdfb21b: shutdown FollowerState
2020-07-22 13:35:53,614 [grpc-default-executor-5] INFO  impl.RoleInfo (RoleInfo.java:updateAndGet(143)) - 893c9bf4-6f39-4cde-b2ed-0f295cdfb21b: start FollowerState
2020-07-22 13:35:53,614 [Thread-1302] INFO  impl.FollowerState (FollowerState.java:run(117)) - 893c9bf4-6f39-4cde-b2ed-0f295cdfb21b@group-322E1634C0BA-FollowerState was interrupted: java.lang.InterruptedException: sleep interrupted
2020-07-22 13:35:53,617 [grpc-default-executor-2] INFO  impl.RaftServerImpl (RaftServerImpl.java:setRole(185)) - 8fc789e3-cfff-4768-8922-f2fbfdc764b4@group-322E1634C0BA: changes role from  FOLLOWER to FOLLOWER at term 1 for recognizeCandidate:098b8c32-9cc9-4300-9c47-36f9b46c2619
2020-07-22 13:35:53,617 [grpc-default-executor-2] INFO  impl.RoleInfo (RoleInfo.java:shutdownFollowerState(121)) - 8fc789e3-cfff-4768-8922-f2fbfdc764b4: shutdown FollowerState
2020-07-22 13:35:53,617 [grpc-default-executor-2] INFO  impl.RoleInfo (RoleInfo.java:updateAndGet(143)) - 8fc789e3-cfff-4768-8922-f2fbfdc764b4: start FollowerState
2020-07-22 13:35:53,617 [Thread-1304] INFO  impl.FollowerState (FollowerState.java:run(117)) - 8fc789e3-cfff-4768-8922-f2fbfdc764b4@group-322E1634C0BA-FollowerState was interrupted: java.lang.InterruptedException: sleep interrupted
2020-07-22 13:35:53,620 [098b8c32-9cc9-4300-9c47-36f9b46c2619@group-322E1634C0BA-LeaderElection46] INFO  impl.LeaderElection (LeaderElection.java:logAndReturn(61)) - 098b8c32-9cc9-4300-9c47-36f9b46c2619@group-322E1634C0BA-LeaderElection46: Election PASSED; received 1 response(s) [098b8c32-9cc9-4300-9c47-36f9b46c2619<-8fc789e3-cfff-4768-8922-f2fbfdc764b4#0:OK-t1] and 0 exception(s); 098b8c32-9cc9-4300-9c47-36f9b46c2619@group-322E1634C0BA:t1, leader=null, voted=098b8c32-9cc9-4300-9c47-36f9b46c2619, raftlog=098b8c32-9cc9-4300-9c47-36f9b46c2619@group-322E1634C0BA-SegmentedRaftLog:OPENED:c-1,f-1,i0, conf=-1: [8fc789e3-cfff-4768-8922-f2fbfdc764b4:172.17.0.2:38045, 098b8c32-9cc9-4300-9c47-36f9b46c2619:172.17.0.2:36923, 893c9bf4-6f39-4cde-b2ed-0f295cdfb21b:172.17.0.2:44721], old=null
2020-07-22 13:35:53,620 [098b8c32-9cc9-4300-9c47-36f9b46c2619@group-322E1634C0BA-LeaderElection46] INFO  impl.RoleInfo (RoleInfo.java:shutdownLeaderElection(134)) - 098b8c32-9cc9-4300-9c47-36f9b46c2619: shutdown LeaderElection
2020-07-22 13:35:53,620 [098b8c32-9cc9-4300-9c47-36f9b46c2619@group-322E1634C0BA-LeaderElection46] INFO  impl.RaftServerImpl (RaftServerImpl.java:setRole(185)) - 098b8c32-9cc9-4300-9c47-36f9b46c2619@group-322E1634C0BA: changes role from CANDIDATE to LEADER at term 1 for changeToLeader
2020-07-22 13:35:53,620 [098b8c32-9cc9-4300-9c47-36f9b46c2619@group-322E1634C0BA-LeaderElection46] INFO  ratis.XceiverServerRatis (XceiverServerRatis.java:handleLeaderChangedNotification(820)) - Leader change notification received for group: group-322E1634C0BA with new leaderId: 098b8c32-9cc9-4300-9c47-36f9b46c2619
2020-07-22 13:35:53,620 [098b8c32-9cc9-4300-9c47-36f9b46c2619@group-322E1634C0BA-LeaderElection46] INFO  impl.RaftServerImpl (ServerState.java:setLeader(255)) - 098b8c32-9cc9-4300-9c47-36f9b46c2619@group-322E1634C0BA: change Leader from null to 098b8c32-9cc9-4300-9c47-36f9b46c2619 at term 1 for becomeLeader, leader elected after 5033ms
2020-07-22 13:35:53,620 [098b8c32-9cc9-4300-9c47-36f9b46c2619@group-322E1634C0BA-LeaderElection46] INFO  server.RaftServerConfigKeys (ConfUtils.java:logGet(44)) - raft.server.staging.catchup.gap = 1000 (default)
2020-07-22 13:35:53,620 [098b8c32-9cc9-4300-9c47-36f9b46c2619@group-322E1634C0BA-LeaderElection46] INFO  server.RaftServerConfigKeys (ConfUtils.java:logGet(44)) - raft.server.rpc.sleep.time = 25ms (default)
2020-07-22 13:35:53,620 [098b8c32-9cc9-4300-9c47-36f9b46c2619@group-322E1634C0BA-LeaderElection46] INFO  metrics.RatisMetrics (RatisMetrics.java:lambda$create$0(36)) - Creating Metrics Registry : ratis.log_appender.098b8c32-9cc9-4300-9c47-36f9b46c2619@group-322E1634C0BA
2020-07-22 13:35:53,620 [098b8c32-9cc9-4300-9c47-36f9b46c2619@group-322E1634C0BA-LeaderElection46] INFO  server.RaftServerConfigKeys (ConfUtils.java:logGet(44)) - raft.server.write.element-limit = 1024 (custom)
2020-07-22 13:35:53,620 [098b8c32-9cc9-4300-9c47-36f9b46c2619@group-322E1634C0BA-LeaderElection46] INFO  server.RaftServerConfigKeys (ConfUtils.java:logGet(44)) - raft.server.write.byte-limit = 1073741824 (custom)
2020-07-22 13:35:53,621 [098b8c32-9cc9-4300-9c47-36f9b46c2619@group-322E1634C0BA-LeaderElection46] INFO  server.RaftServerConfigKeys (ConfUtils.java:logGet(44)) - raft.server.watch.timeout = 3000ms (custom)
2020-07-22 13:35:53,621 [098b8c32-9cc9-4300-9c47-36f9b46c2619@group-322E1634C0BA-LeaderElection46] INFO  server.RaftServerConfigKeys (ConfUtils.java:logGet(44)) - raft.server.watch.timeout.denomination = 1s (default)
2020-07-22 13:35:53,621 [098b8c32-9cc9-4300-9c47-36f9b46c2619@group-322E1634C0BA-LeaderElection46] INFO  server.RaftServerConfigKeys (ConfUtils.java:logGet(44)) - raft.server.watch.element-limit = 65536 (default)
2020-07-22 13:35:53,621 [098b8c32-9cc9-4300-9c47-36f9b46c2619@group-322E1634C0BA-LeaderElection46] INFO  server.RaftServerConfigKeys (ConfUtils.java:logGet(44)) - raft.server.log.appender.snapshot.chunk.size.max = 16MB (=16777216) (default)
2020-07-22 13:35:53,621 [098b8c32-9cc9-4300-9c47-36f9b46c2619@group-322E1634C0BA-LeaderElection46] INFO  server.RaftServerConfigKeys (ConfUtils.java:logGet(44)) - raft.server.log.appender.buffer.byte-limit = 33554432 (custom)
2020-07-22 13:35:53,621 [098b8c32-9cc9-4300-9c47-36f9b46c2619@group-322E1634C0BA-LeaderElection46] INFO  server.RaftServerConfigKeys (ConfUtils.java:logGet(44)) - raft.server.log.appender.buffer.element-limit = 1 (custom)
2020-07-22 13:35:53,621 [098b8c32-9cc9-4300-9c47-36f9b46c2619@group-322E1634C0BA-LeaderElection46] INFO  grpc.GrpcConfigKeys (ConfUtils.java:logGet(44)) - raft.grpc.server.leader.outstanding.appends.max = 128 (default)
2020-07-22 13:35:53,621 [098b8c32-9cc9-4300-9c47-36f9b46c2619@group-322E1634C0BA-LeaderElection46] INFO  server.RaftServerConfigKeys (ConfUtils.java:logGet(44)) - raft.server.rpc.request.timeout = 3000ms (default)
2020-07-22 13:35:53,621 [098b8c32-9cc9-4300-9c47-36f9b46c2619@group-322E1634C0BA-LeaderElection46] INFO  server.RaftServerConfigKeys (ConfUtils.java:logGet(44)) - raft.server.log.appender.install.snapshot.enabled = false (custom)
2020-07-22 13:35:53,621 [098b8c32-9cc9-4300-9c47-36f9b46c2619@group-322E1634C0BA-LeaderElection46] INFO  metrics.RatisMetrics (RatisMetrics.java:lambda$create$0(36)) - Creating Metrics Registry : ratis_grpc.log_appender.098b8c32-9cc9-4300-9c47-36f9b46c2619@group-322E1634C0BA
2020-07-22 13:35:53,623 [098b8c32-9cc9-4300-9c47-36f9b46c2619@group-322E1634C0BA-LeaderElection46] INFO  server.RaftServerConfigKeys (ConfUtils.java:logGet(44)) - raft.server.log.appender.snapshot.chunk.size.max = 16MB (=16777216) (default)
2020-07-22 13:35:53,623 [098b8c32-9cc9-4300-9c47-36f9b46c2619@group-322E1634C0BA-LeaderElection46] INFO  server.RaftServerConfigKeys (ConfUtils.java:logGet(44)) - raft.server.log.appender.buffer.byte-limit = 33554432 (custom)
2020-07-22 13:35:53,623 [098b8c32-9cc9-4300-9c47-36f9b46c2619@group-322E1634C0BA-LeaderElection46] INFO  server.RaftServerConfigKeys (ConfUtils.java:logGet(44)) - raft.server.log.appender.buffer.element-limit = 1 (custom)
2020-07-22 13:35:53,623 [098b8c32-9cc9-4300-9c47-36f9b46c2619@group-322E1634C0BA-LeaderElection46] INFO  grpc.GrpcConfigKeys (ConfUtils.java:logGet(44)) - raft.grpc.server.leader.outstanding.appends.max = 128 (default)
2020-07-22 13:35:53,624 [098b8c32-9cc9-4300-9c47-36f9b46c2619@group-322E1634C0BA-LeaderElection46] INFO  server.RaftServerConfigKeys (ConfUtils.java:logGet(44)) - raft.server.rpc.request.timeout = 3000ms (default)
2020-07-22 13:35:53,624 [098b8c32-9cc9-4300-9c47-36f9b46c2619@group-322E1634C0BA-LeaderElection46] INFO  server.RaftServerConfigKeys (ConfUtils.java:logGet(44)) - raft.server.log.appender.install.snapshot.enabled = false (custom)
2020-07-22 13:35:53,625 [098b8c32-9cc9-4300-9c47-36f9b46c2619@group-322E1634C0BA-LeaderElection46] INFO  impl.RoleInfo (RoleInfo.java:updateAndGet(143)) - 098b8c32-9cc9-4300-9c47-36f9b46c2619: start LeaderState
2020-07-22 13:35:53,625 [098b8c32-9cc9-4300-9c47-36f9b46c2619@group-322E1634C0BA-LeaderElection46] INFO  segmented.SegmentedRaftLogWorker (SegmentedRaftLogWorker.java:startLogSegment(397)) - 098b8c32-9cc9-4300-9c47-36f9b46c2619@group-322E1634C0BA-SegmentedRaftLogWorker: Starting segment from index:0
2020-07-22 13:35:53,626 [EventQueue-PipelineReportForPipelineReportHandler] INFO  pipeline.PipelineStateManager (PipelineStateManager.java:openPipeline(131)) - Pipeline Pipeline[ Id: 9b352ed9-4454-47d7-9ce0-322e1634c0ba, Nodes: 8fc789e3-cfff-4768-8922-f2fbfdc764b4{ip: 172.17.0.2, host: 95ae26560d66, networkLocation: /default-rack, certSerialId: null}098b8c32-9cc9-4300-9c47-36f9b46c2619{ip: 172.17.0.2, host: 95ae26560d66, networkLocation: /default-rack, certSerialId: null}893c9bf4-6f39-4cde-b2ed-0f295cdfb21b{ip: 172.17.0.2, host: 95ae26560d66, networkLocation: /default-rack, certSerialId: null}, Type:RATIS, Factor:THREE, State:ALLOCATED, leaderId:098b8c32-9cc9-4300-9c47-36f9b46c2619, CreationTimestamp2020-07-22T13:35:45.746Z] moved to OPEN state
2020-07-22 13:35:53,632 [098b8c32-9cc9-4300-9c47-36f9b46c2619@group-322E1634C0BA-LeaderElection46] INFO  impl.RaftServerImpl (ServerState.java:setRaftConf(356)) - 098b8c32-9cc9-4300-9c47-36f9b46c2619@group-322E1634C0BA: set configuration 0: [8fc789e3-cfff-4768-8922-f2fbfdc764b4:172.17.0.2:38045, 098b8c32-9cc9-4300-9c47-36f9b46c2619:172.17.0.2:36923, 893c9bf4-6f39-4cde-b2ed-0f295cdfb21b:172.17.0.2:44721], old=null at 0
2020-07-22 13:35:53,627 [098b8c32-9cc9-4300-9c47-36f9b46c2619@group-322E1634C0BA-SegmentedRaftLogWorker] INFO  segmented.SegmentedRaftLogWorker (SegmentedRaftLogWorker.java:execute(596)) - 098b8c32-9cc9-4300-9c47-36f9b46c2619@group-322E1634C0BA-SegmentedRaftLogWorker: created new log segment /github/workspace/mnt/ozone/hadoop-ozone/integration-test/target/test-dir/MiniOzoneClusterImpl-d98e4c18-9a08-44b7-83b8-49402f47e02b/datanode-8/data/ratis/9b352ed9-4454-47d7-9ce0-322e1634c0ba/current/log_inprogress_0
2020-07-22 13:35:53,641 [grpc-default-executor-5] INFO  ratis.XceiverServerRatis (XceiverServerRatis.java:handleLeaderChangedNotification(820)) - Leader change notification received for group: group-322E1634C0BA with new leaderId: 098b8c32-9cc9-4300-9c47-36f9b46c2619
2020-07-22 13:35:53,641 [grpc-default-executor-5] INFO  impl.RaftServerImpl (ServerState.java:setLeader(255)) - 8fc789e3-cfff-4768-8922-f2fbfdc764b4@group-322E1634C0BA: change Leader from null to 098b8c32-9cc9-4300-9c47-36f9b46c2619 at term 1 for appendEntries, leader elected after 5086ms
2020-07-22 13:35:53,649 [grpc-default-executor-5] INFO  impl.RaftServerImpl (ServerState.java:setRaftConf(356)) - 8fc789e3-cfff-4768-8922-f2fbfdc764b4@group-322E1634C0BA: set configuration 0: [8fc789e3-cfff-4768-8922-f2fbfdc764b4:172.17.0.2:38045, 098b8c32-9cc9-4300-9c47-36f9b46c2619:172.17.0.2:36923, 893c9bf4-6f39-4cde-b2ed-0f295cdfb21b:172.17.0.2:44721], old=null at 0
2020-07-22 13:35:53,650 [grpc-default-executor-5] INFO  segmented.SegmentedRaftLogWorker (SegmentedRaftLogWorker.java:startLogSegment(397)) - 8fc789e3-cfff-4768-8922-f2fbfdc764b4@group-322E1634C0BA-SegmentedRaftLogWorker: Starting segment from index:0
2020-07-22 13:35:53,651 [8fc789e3-cfff-4768-8922-f2fbfdc764b4@group-322E1634C0BA-SegmentedRaftLogWorker] INFO  segmented.SegmentedRaftLogWorker (SegmentedRaftLogWorker.java:execute(596)) - 8fc789e3-cfff-4768-8922-f2fbfdc764b4@group-322E1634C0BA-SegmentedRaftLogWorker: created new log segment /github/workspace/mnt/ozone/hadoop-ozone/integration-test/target/test-dir/MiniOzoneClusterImpl-d98e4c18-9a08-44b7-83b8-49402f47e02b/datanode-7/data/ratis/9b352ed9-4454-47d7-9ce0-322e1634c0ba/current/log_inprogress_0
2020-07-22 13:35:53,655 [grpc-default-executor-0] INFO  ratis.XceiverServerRatis (XceiverServerRatis.java:handleLeaderChangedNotification(820)) - Leader change notification received for group: group-322E1634C0BA with new leaderId: 098b8c32-9cc9-4300-9c47-36f9b46c2619
2020-07-22 13:35:53,655 [grpc-default-executor-0] INFO  impl.RaftServerImpl (ServerState.java:setLeader(255)) - 893c9bf4-6f39-4cde-b2ed-0f295cdfb21b@group-322E1634C0BA: change Leader from null to 098b8c32-9cc9-4300-9c47-36f9b46c2619 at term 1 for appendEntries, leader elected after 5121ms
2020-07-22 13:35:53,660 [grpc-default-executor-0] INFO  impl.RaftServerImpl (ServerState.java:setRaftConf(356)) - 893c9bf4-6f39-4cde-b2ed-0f295cdfb21b@group-322E1634C0BA: set configuration 0: [8fc789e3-cfff-4768-8922-f2fbfdc764b4:172.17.0.2:38045, 098b8c32-9cc9-4300-9c47-36f9b46c2619:172.17.0.2:36923, 893c9bf4-6f39-4cde-b2ed-0f295cdfb21b:172.17.0.2:44721], old=null at 0
2020-07-22 13:35:53,661 [grpc-default-executor-0] INFO  segmented.SegmentedRaftLogWorker (SegmentedRaftLogWorker.java:startLogSegment(397)) - 893c9bf4-6f39-4cde-b2ed-0f295cdfb21b@group-322E1634C0BA-SegmentedRaftLogWorker: Starting segment from index:0
2020-07-22 13:35:53,663 [893c9bf4-6f39-4cde-b2ed-0f295cdfb21b@group-322E1634C0BA-SegmentedRaftLogWorker] INFO  segmented.SegmentedRaftLogWorker (SegmentedRaftLogWorker.java:execute(596)) - 893c9bf4-6f39-4cde-b2ed-0f295cdfb21b@group-322E1634C0BA-SegmentedRaftLogWorker: created new log segment /github/workspace/mnt/ozone/hadoop-ozone/integration-test/target/test-dir/MiniOzoneClusterImpl-d98e4c18-9a08-44b7-83b8-49402f47e02b/datanode-6/data/ratis/9b352ed9-4454-47d7-9ce0-322e1634c0ba/current/log_inprogress_0
2020-07-22 13:35:53,713 [Thread-1310] INFO  impl.FollowerState (FollowerState.java:run(108)) - 8fc789e3-cfff-4768-8922-f2fbfdc764b4@group-14D0693156FB-FollowerState: change to CANDIDATE, lastRpcTime:5065ms, electionTimeout:5065ms
2020-07-22 13:35:53,713 [Thread-1310] INFO  impl.RoleInfo (RoleInfo.java:shutdownFollowerState(121)) - 8fc789e3-cfff-4768-8922-f2fbfdc764b4: shutdown FollowerState
2020-07-22 13:35:53,713 [Thread-1310] INFO  impl.RaftServerImpl (RaftServerImpl.java:setRole(185)) - 8fc789e3-cfff-4768-8922-f2fbfdc764b4@group-14D0693156FB: changes role from  FOLLOWER to CANDIDATE at term 0 for changeToCandidate
2020-07-22 13:35:53,714 [Thread-1310] INFO  impl.RoleInfo (RoleInfo.java:updateAndGet(143)) - 8fc789e3-cfff-4768-8922-f2fbfdc764b4: start LeaderElection
2020-07-22 13:35:53,720 [8fc789e3-cfff-4768-8922-f2fbfdc764b4@group-14D0693156FB-LeaderElection47] INFO  impl.LeaderElection (LeaderElection.java:askForVotes(209)) - 8fc789e3-cfff-4768-8922-f2fbfdc764b4@group-14D0693156FB-LeaderElection47: begin an election at term 1 for -1: [8fc789e3-cfff-4768-8922-f2fbfdc764b4:172.17.0.2:38045], old=null
2020-07-22 13:35:53,720 [8fc789e3-cfff-4768-8922-f2fbfdc764b4@group-14D0693156FB-LeaderElection47] INFO  impl.RoleInfo (RoleInfo.java:shutdownLeaderElection(134)) - 8fc789e3-cfff-4768-8922-f2fbfdc764b4: shutdown LeaderElection
2020-07-22 13:35:53,720 [8fc789e3-cfff-4768-8922-f2fbfdc764b4@group-14D0693156FB-LeaderElection47] INFO  impl.RaftServerImpl (RaftServerImpl.java:setRole(185)) - 8fc789e3-cfff-4768-8922-f2fbfdc764b4@group-14D0693156FB: changes role from CANDIDATE to LEADER at term 1 for changeToLeader
2020-07-22 13:35:53,720 [8fc789e3-cfff-4768-8922-f2fbfdc764b4@group-14D0693156FB-LeaderElection47] INFO  ratis.XceiverServerRatis (XceiverServerRatis.java:handleLeaderChangedNotification(820)) - Leader change notification received for group: group-14D0693156FB with new leaderId: 8fc789e3-cfff-4768-8922-f2fbfdc764b4
2020-07-22 13:35:53,721 [8fc789e3-cfff-4768-8922-f2fbfdc764b4@group-14D0693156FB-LeaderElection47] INFO  impl.RaftServerImpl (ServerState.java:setLeader(255)) - 8fc789e3-cfff-4768-8922-f2fbfdc764b4@group-14D0693156FB: change Leader from null to 8fc789e3-cfff-4768-8922-f2fbfdc764b4 at term 1 for becomeLeader, leader elected after 5080ms
2020-07-22 13:35:53,721 [8fc789e3-cfff-4768-8922-f2fbfdc764b4@group-14D0693156FB-LeaderElection47] INFO  server.RaftServerConfigKeys (ConfUtils.java:logGet(44)) - raft.server.staging.catchup.gap = 1000 (default)
2020-07-22 13:35:53,721 [8fc789e3-cfff-4768-8922-f2fbfdc764b4@group-14D0693156FB-LeaderElection47] INFO  server.RaftServerConfigKeys (ConfUtils.java:logGet(44)) - raft.server.rpc.sleep.time = 25ms (default)
2020-07-22 13:35:53,721 [8fc789e3-cfff-4768-8922-f2fbfdc764b4@group-14D0693156FB-LeaderElection47] INFO  metrics.RatisMetrics (RatisMetrics.java:lambda$create$0(36)) - Creating Metrics Registry : ratis.log_appender.8fc789e3-cfff-4768-8922-f2fbfdc764b4@group-14D0693156FB
2020-07-22 13:35:53,721 [8fc789e3-cfff-4768-8922-f2fbfdc764b4@group-14D0693156FB-LeaderElection47] INFO  server.RaftServerConfigKeys (ConfUtils.java:logGet(44)) - raft.server.write.element-limit = 1024 (custom)
2020-07-22 13:35:53,721 [8fc789e3-cfff-4768-8922-f2fbfdc764b4@group-14D0693156FB-LeaderElection47] INFO  server.RaftServerConfigKeys (ConfUtils.java:logGet(44)) - raft.server.write.byte-limit = 1073741824 (custom)
2020-07-22 13:35:53,721 [8fc789e3-cfff-4768-8922-f2fbfdc764b4@group-14D0693156FB-LeaderElection47] INFO  server.RaftServerConfigKeys (ConfUtils.java:logGet(44)) - raft.server.watch.timeout = 3000ms (custom)
2020-07-22 13:35:53,721 [8fc789e3-cfff-4768-8922-f2fbfdc764b4@group-14D0693156FB-LeaderElection47] INFO  server.RaftServerConfigKeys (ConfUtils.java:logGet(44)) - raft.server.watch.timeout.denomination = 1s (default)
2020-07-22 13:35:53,721 [8fc789e3-cfff-4768-8922-f2fbfdc764b4@group-14D0693156FB-LeaderElection47] INFO  server.RaftServerConfigKeys (ConfUtils.java:logGet(44)) - raft.server.watch.element-limit = 65536 (default)
2020-07-22 13:35:53,722 [8fc789e3-cfff-4768-8922-f2fbfdc764b4@group-14D0693156FB-LeaderElection47] INFO  impl.RoleInfo (RoleInfo.java:updateAndGet(143)) - 8fc789e3-cfff-4768-8922-f2fbfdc764b4: start LeaderState
2020-07-22 13:35:53,722 [8fc789e3-cfff-4768-8922-f2fbfdc764b4@group-14D0693156FB-LeaderElection47] INFO  segmented.SegmentedRaftLogWorker (SegmentedRaftLogWorker.java:startLogSegment(397)) - 8fc789e3-cfff-4768-8922-f2fbfdc764b4@group-14D0693156FB-SegmentedRaftLogWorker: Starting segment from index:0
2020-07-22 13:35:53,722 [8fc789e3-cfff-4768-8922-f2fbfdc764b4@group-14D0693156FB-LeaderElection47] INFO  impl.RaftServerImpl (ServerState.java:setRaftConf(356)) - 8fc789e3-cfff-4768-8922-f2fbfdc764b4@group-14D0693156FB: set configuration 0: [8fc789e3-cfff-4768-8922-f2fbfdc764b4:172.17.0.2:38045], old=null at 0
2020-07-22 13:35:53,723 [8fc789e3-cfff-4768-8922-f2fbfdc764b4@group-14D0693156FB-SegmentedRaftLogWorker] INFO  segmented.SegmentedRaftLogWorker (SegmentedRaftLogWorker.java:execute(596)) - 8fc789e3-cfff-4768-8922-f2fbfdc764b4@group-14D0693156FB-SegmentedRaftLogWorker: created new log segment /github/workspace/mnt/ozone/hadoop-ozone/integration-test/target/test-dir/MiniOzoneClusterImpl-d98e4c18-9a08-44b7-83b8-49402f47e02b/datanode-7/data/ratis/2a6d780d-4396-4d45-9a69-14d0693156fb/current/log_inprogress_0
2020-07-22 13:35:53,746 [Listener at 127.0.0.1/40109] INFO  ozone.MiniOzoneClusterImpl (MiniOzoneClusterImpl.java:lambda$waitForClusterToBeReady$0(177)) - Nodes are ready. Got 9 of 9 DN Heartbeats.
2020-07-22 13:35:53,746 [Listener at 127.0.0.1/40109] INFO  ozone.MiniOzoneClusterImpl (MiniOzoneClusterImpl.java:lambda$waitForClusterToBeReady$0(180)) - Cluster exits safe mode
2020-07-22 13:35:53,759 [Listener at 127.0.0.1/40109] INFO  rpc.RpcClient (RpcClient.java:createVolume(314)) - Creating Volume: watchforcommithandlingtest, with jenkins1001 as owner.
2020-07-22 13:35:53,760 [IPC Server handler 3 on default port 40109] INFO  volume.OMVolumeCreateRequest (OMVolumeCreateRequest.java:validateAndUpdateCache(195)) - created volume:watchforcommithandlingtest for user:jenkins1001
2020-07-22 13:35:53,764 [Thread-1312] INFO  impl.FollowerState (FollowerState.java:run(108)) - 098b8c32-9cc9-4300-9c47-36f9b46c2619@group-D4C6171FD8DF-FollowerState: change to CANDIDATE, lastRpcTime:5002ms, electionTimeout:5001ms
2020-07-22 13:35:53,764 [Thread-1312] INFO  impl.RoleInfo (RoleInfo.java:shutdownFollowerState(121)) - 098b8c32-9cc9-4300-9c47-36f9b46c2619: shutdown FollowerState
2020-07-22 13:35:53,764 [Thread-1312] INFO  impl.RaftServerImpl (RaftServerImpl.java:setRole(185)) - 098b8c32-9cc9-4300-9c47-36f9b46c2619@group-D4C6171FD8DF: changes role from  FOLLOWER to CANDIDATE at term 0 for changeToCandidate
2020-07-22 13:35:53,764 [Thread-1312] INFO  impl.RoleInfo (RoleInfo.java:updateAndGet(143)) - 098b8c32-9cc9-4300-9c47-36f9b46c2619: start LeaderElection
2020-07-22 13:35:53,765 [Listener at 127.0.0.1/40109] INFO  rpc.RpcClient (RpcClient.java:createBucket(459)) - Creating Bucket: watchforcommithandlingtest/watchforcommithandlingtest, with Versioning false and Storage Type set to DISK and Encryption set to false 
2020-07-22 13:35:53,769 [098b8c32-9cc9-4300-9c47-36f9b46c2619@group-D4C6171FD8DF-LeaderElection48] INFO  impl.LeaderElection (LeaderElection.java:askForVotes(209)) - 098b8c32-9cc9-4300-9c47-36f9b46c2619@group-D4C6171FD8DF-LeaderElection48: begin an election at term 1 for -1: [098b8c32-9cc9-4300-9c47-36f9b46c2619:172.17.0.2:36923], old=null
2020-07-22 13:35:53,769 [098b8c32-9cc9-4300-9c47-36f9b46c2619@group-D4C6171FD8DF-LeaderElection48] INFO  impl.RoleInfo (RoleInfo.java:shutdownLeaderElection(134)) - 098b8c32-9cc9-4300-9c47-36f9b46c2619: shutdown LeaderElection
2020-07-22 13:35:53,770 [098b8c32-9cc9-4300-9c47-36f9b46c2619@group-D4C6171FD8DF-LeaderElection48] INFO  impl.RaftServerImpl (RaftServerImpl.java:setRole(185)) - 098b8c32-9cc9-4300-9c47-36f9b46c2619@group-D4C6171FD8DF: changes role from CANDIDATE to LEADER at term 1 for changeToLeader
2020-07-22 13:35:53,770 [098b8c32-9cc9-4300-9c47-36f9b46c2619@group-D4C6171FD8DF-LeaderElection48] INFO  ratis.XceiverServerRatis (XceiverServerRatis.java:handleLeaderChangedNotification(820)) - Leader change notification received for group: group-D4C6171FD8DF with new leaderId: 098b8c32-9cc9-4300-9c47-36f9b46c2619
2020-07-22 13:35:53,770 [Listener at 127.0.0.1/40109] INFO  ozone.MiniOzoneClusterImpl (MiniOzoneClusterImpl.java:getStorageContainerLocationClient(289)) - Creating StorageContainerLocationProtocol RPC client with address /0.0.0.0:34985
2020-07-22 13:35:53,770 [098b8c32-9cc9-4300-9c47-36f9b46c2619@group-D4C6171FD8DF-LeaderElection48] INFO  impl.RaftServerImpl (ServerState.java:setLeader(255)) - 098b8c32-9cc9-4300-9c47-36f9b46c2619@group-D4C6171FD8DF: change Leader from null to 098b8c32-9cc9-4300-9c47-36f9b46c2619 at term 1 for becomeLeader, leader elected after 5021ms
2020-07-22 13:35:53,770 [098b8c32-9cc9-4300-9c47-36f9b46c2619@group-D4C6171FD8DF-LeaderElection48] INFO  server.RaftServerConfigKeys (ConfUtils.java:logGet(44)) - raft.server.staging.catchup.gap = 1000 (default)
2020-07-22 13:35:53,770 [098b8c32-9cc9-4300-9c47-36f9b46c2619@group-D4C6171FD8DF-LeaderElection48] INFO  server.RaftServerConfigKeys (ConfUtils.java:logGet(44)) - raft.server.rpc.sleep.time = 25ms (default)
2020-07-22 13:35:53,770 [098b8c32-9cc9-4300-9c47-36f9b46c2619@group-D4C6171FD8DF-LeaderElection48] INFO  metrics.RatisMetrics (RatisMetrics.java:lambda$create$0(36)) - Creating Metrics Registry : ratis.log_appender.098b8c32-9cc9-4300-9c47-36f9b46c2619@group-D4C6171FD8DF
2020-07-22 13:35:53,771 [098b8c32-9cc9-4300-9c47-36f9b46c2619@group-D4C6171FD8DF-LeaderElection48] INFO  server.RaftServerConfigKeys (ConfUtils.java:logGet(44)) - raft.server.write.element-limit = 1024 (custom)
2020-07-22 13:35:53,771 [098b8c32-9cc9-4300-9c47-36f9b46c2619@group-D4C6171FD8DF-LeaderElection48] INFO  server.RaftServerConfigKeys (ConfUtils.java:logGet(44)) - raft.server.write.byte-limit = 1073741824 (custom)
2020-07-22 13:35:53,777 [098b8c32-9cc9-4300-9c47-36f9b46c2619@group-D4C6171FD8DF-LeaderElection48] INFO  server.RaftServerConfigKeys (ConfUtils.java:logGet(44)) - raft.server.watch.timeout = 3000ms (custom)
2020-07-22 13:35:53,779 [098b8c32-9cc9-4300-9c47-36f9b46c2619@group-D4C6171FD8DF-LeaderElection48] INFO  server.RaftServerConfigKeys (ConfUtils.java:logGet(44)) - raft.server.watch.timeout.denomination = 1s (default)
2020-07-22 13:35:53,779 [098b8c32-9cc9-4300-9c47-36f9b46c2619@group-D4C6171FD8DF-LeaderElection48] INFO  server.RaftServerConfigKeys (ConfUtils.java:logGet(44)) - raft.server.watch.element-limit = 65536 (default)
2020-07-22 13:35:53,779 [098b8c32-9cc9-4300-9c47-36f9b46c2619@group-D4C6171FD8DF-LeaderElection48] INFO  impl.RoleInfo (RoleInfo.java:updateAndGet(143)) - 098b8c32-9cc9-4300-9c47-36f9b46c2619: start LeaderState
2020-07-22 13:35:53,780 [098b8c32-9cc9-4300-9c47-36f9b46c2619@group-D4C6171FD8DF-LeaderElection48] INFO  segmented.SegmentedRaftLogWorker (SegmentedRaftLogWorker.java:startLogSegment(397)) - 098b8c32-9cc9-4300-9c47-36f9b46c2619@group-D4C6171FD8DF-SegmentedRaftLogWorker: Starting segment from index:0
2020-07-22 13:35:53,780 [098b8c32-9cc9-4300-9c47-36f9b46c2619@group-D4C6171FD8DF-LeaderElection48] INFO  impl.RaftServerImpl (ServerState.java:setRaftConf(356)) - 098b8c32-9cc9-4300-9c47-36f9b46c2619@group-D4C6171FD8DF: set configuration 0: [098b8c32-9cc9-4300-9c47-36f9b46c2619:172.17.0.2:36923], old=null at 0
2020-07-22 13:35:53,781 [098b8c32-9cc9-4300-9c47-36f9b46c2619@group-D4C6171FD8DF-SegmentedRaftLogWorker] INFO  segmented.SegmentedRaftLogWorker (SegmentedRaftLogWorker.java:execute(596)) - 098b8c32-9cc9-4300-9c47-36f9b46c2619@group-D4C6171FD8DF-SegmentedRaftLogWorker: created new log segment /github/workspace/mnt/ozone/hadoop-ozone/integration-test/target/test-dir/MiniOzoneClusterImpl-d98e4c18-9a08-44b7-83b8-49402f47e02b/datanode-8/data/ratis/dade47ec-2944-40ec-bb28-d4c6171fd8df/current/log_inprogress_0
2020-07-22 13:35:53,833 [Listener at 127.0.0.1/40109] INFO  pipeline.SCMPipelineManager (SCMPipelineManager.java:finalizeAndDestroyPipeline(450)) - Destroying pipeline:Pipeline[ Id: d0820786-0575-428c-b8e6-5036543f5276, Nodes: bf4a83d9-7bab-4b6f-8392-1b3160a0da61{ip: 172.17.0.2, host: 95ae26560d66, networkLocation: /default-rack, certSerialId: null}533bc4e3-485c-4c45-abfa-e25747e2fc79{ip: 172.17.0.2, host: 95ae26560d66, networkLocation: /default-rack, certSerialId: null}8d5d3460-f504-40b5-aaaf-08a8f79d520e{ip: 172.17.0.2, host: 95ae26560d66, networkLocation: /default-rack, certSerialId: null}, Type:RATIS, Factor:THREE, State:OPEN, leaderId:bf4a83d9-7bab-4b6f-8392-1b3160a0da61, CreationTimestamp2020-07-22T13:35:45.049Z]
2020-07-22 13:35:53,833 [Listener at 127.0.0.1/40109] INFO  pipeline.PipelineStateManager (PipelineStateManager.java:finalizePipeline(120)) - Pipeline Pipeline[ Id: d0820786-0575-428c-b8e6-5036543f5276, Nodes: bf4a83d9-7bab-4b6f-8392-1b3160a0da61{ip: 172.17.0.2, host: 95ae26560d66, networkLocation: /default-rack, certSerialId: null}533bc4e3-485c-4c45-abfa-e25747e2fc79{ip: 172.17.0.2, host: 95ae26560d66, networkLocation: /default-rack, certSerialId: null}8d5d3460-f504-40b5-aaaf-08a8f79d520e{ip: 172.17.0.2, host: 95ae26560d66, networkLocation: /default-rack, certSerialId: null}, Type:RATIS, Factor:THREE, State:CLOSED, leaderId:bf4a83d9-7bab-4b6f-8392-1b3160a0da61, CreationTimestamp2020-07-22T13:35:45.049Z] moved to CLOSED state
2020-07-22 13:35:53,833 [Listener at 127.0.0.1/40109] INFO  pipeline.RatisPipelineProvider (RatisPipelineProvider.java:lambda$close$1(176)) - Send pipeline:PipelineID=d0820786-0575-428c-b8e6-5036543f5276 close command to datanode bf4a83d9-7bab-4b6f-8392-1b3160a0da61
2020-07-22 13:35:53,833 [Listener at 127.0.0.1/40109] INFO  pipeline.RatisPipelineProvider (RatisPipelineProvider.java:lambda$close$1(176)) - Send pipeline:PipelineID=d0820786-0575-428c-b8e6-5036543f5276 close command to datanode 533bc4e3-485c-4c45-abfa-e25747e2fc79
2020-07-22 13:35:53,834 [Listener at 127.0.0.1/40109] INFO  pipeline.RatisPipelineProvider (RatisPipelineProvider.java:lambda$close$1(176)) - Send pipeline:PipelineID=d0820786-0575-428c-b8e6-5036543f5276 close command to datanode 8d5d3460-f504-40b5-aaaf-08a8f79d520e
2020-07-22 13:35:53,834 [Listener at 127.0.0.1/40109] INFO  pipeline.PipelineStateManager (PipelineStateManager.java:removePipeline(105)) - Pipeline Pipeline[ Id: d0820786-0575-428c-b8e6-5036543f5276, Nodes: bf4a83d9-7bab-4b6f-8392-1b3160a0da61{ip: 172.17.0.2, host: 95ae26560d66, networkLocation: /default-rack, certSerialId: null}533bc4e3-485c-4c45-abfa-e25747e2fc79{ip: 172.17.0.2, host: 95ae26560d66, networkLocation: /default-rack, certSerialId: null}8d5d3460-f504-40b5-aaaf-08a8f79d520e{ip: 172.17.0.2, host: 95ae26560d66, networkLocation: /default-rack, certSerialId: null}, Type:RATIS, Factor:THREE, State:CLOSED, leaderId:bf4a83d9-7bab-4b6f-8392-1b3160a0da61, CreationTimestamp2020-07-22T13:35:45.049Z] removed from db
2020-07-22 13:35:53,840 [Listener at 127.0.0.1/40109] INFO  impl.RaftServerProxy (RaftServerProxy.java:remove(100)) - bf4a83d9-7bab-4b6f-8392-1b3160a0da61: remove    LEADER bf4a83d9-7bab-4b6f-8392-1b3160a0da61@group-5036543F5276:t1, leader=bf4a83d9-7bab-4b6f-8392-1b3160a0da61, voted=bf4a83d9-7bab-4b6f-8392-1b3160a0da61, raftlog=bf4a83d9-7bab-4b6f-8392-1b3160a0da61@group-5036543F5276-SegmentedRaftLog:OPENED:c2,f2,i2, conf=0: [bf4a83d9-7bab-4b6f-8392-1b3160a0da61:172.17.0.2:41481, 533bc4e3-485c-4c45-abfa-e25747e2fc79:172.17.0.2:41681, 8d5d3460-f504-40b5-aaaf-08a8f79d520e:172.17.0.2:46575], old=null RUNNING
2020-07-22 13:35:53,840 [Listener at 127.0.0.1/40109] INFO  impl.RaftServerImpl (RaftServerImpl.java:lambda$shutdown$3(263)) - bf4a83d9-7bab-4b6f-8392-1b3160a0da61@group-5036543F5276: shutdown
2020-07-22 13:35:53,840 [Listener at 127.0.0.1/40109] INFO  util.JmxRegister (JmxRegister.java:unregister(73)) - Successfully un-registered JMX Bean with object name Ratis:service=RaftServer,group=group-5036543F5276,id=bf4a83d9-7bab-4b6f-8392-1b3160a0da61
2020-07-22 13:35:53,840 [Listener at 127.0.0.1/40109] INFO  impl.RoleInfo (RoleInfo.java:shutdownLeaderState(104)) - bf4a83d9-7bab-4b6f-8392-1b3160a0da61: shutdown LeaderState
2020-07-22 13:35:53,841 [Listener at 127.0.0.1/40109] INFO  metrics.RatisMetrics (RatisMetrics.java:unregister(43)) - Unregistering Metrics Registry : ratis_grpc.log_appender.bf4a83d9-7bab-4b6f-8392-1b3160a0da61@group-5036543F5276
2020-07-22 13:35:53,841 [Listener at 127.0.0.1/40109] INFO  metrics.RatisMetrics (RatisMetrics.java:unregister(43)) - Unregistering Metrics Registry : ratis_grpc.log_appender.bf4a83d9-7bab-4b6f-8392-1b3160a0da61@group-5036543F5276
2020-07-22 13:35:53,841 [org.apache.ratis.server.impl.LogAppender$AppenderDaemon$$Lambda$448/604565204@1f5b3948] WARN  server.GrpcLogAppender (GrpcLogAppender.java:mayWait(153)) - bf4a83d9-7bab-4b6f-8392-1b3160a0da61@group-5036543F5276->533bc4e3-485c-4c45-abfa-e25747e2fc79-GrpcLogAppender: Wait interrupted by java.lang.InterruptedException
2020-07-22 13:35:53,842 [EventQueue-CloseContainerForCloseContainerEventHandler] INFO  container.CloseContainerEventHandler (CloseContainerEventHandler.java:onMessage(61)) - Close container Event triggered for container : #1
2020-07-22 13:35:53,842 [grpc-default-executor-0] INFO  server.GrpcServerProtocolService (GrpcServerProtocolService.java:onCompleted(138)) - 533bc4e3-485c-4c45-abfa-e25747e2fc79: Completed APPEND_ENTRIES, lastRequest: bf4a83d9-7bab-4b6f-8392-1b3160a0da61->533bc4e3-485c-4c45-abfa-e25747e2fc79#3-t1, previous=(t:1, i:1), leaderCommit=1, initializing? false, entries: size=1, first=(t:1, i:2), METADATAENTRY(c:1)
2020-07-22 13:35:53,843 [grpc-default-executor-5] INFO  server.GrpcLogAppender (GrpcLogAppender.java:onCompleted(319)) - bf4a83d9-7bab-4b6f-8392-1b3160a0da61@group-5036543F5276->533bc4e3-485c-4c45-abfa-e25747e2fc79-AppendLogResponseHandler: follower responses appendEntries COMPLETED
2020-07-22 13:35:53,843 [Listener at 127.0.0.1/40109] INFO  impl.PendingRequests (PendingRequests.java:sendNotLeaderResponses(249)) - bf4a83d9-7bab-4b6f-8392-1b3160a0da61@group-5036543F5276-PendingRequests: sendNotLeaderResponses
2020-07-22 13:35:53,843 [org.apache.ratis.server.impl.LogAppender$AppenderDaemon$$Lambda$448/604565204@68c72e2c] WARN  server.GrpcLogAppender (GrpcLogAppender.java:mayWait(153)) - bf4a83d9-7bab-4b6f-8392-1b3160a0da61@group-5036543F5276->8d5d3460-f504-40b5-aaaf-08a8f79d520e-GrpcLogAppender: Wait interrupted by java.lang.InterruptedException
2020-07-22 13:35:53,843 [RatisPipelineUtilsThread] ERROR pipeline.SCMPipelineManager (SCMPipelineManager.java:createPipeline(275)) - Failed to create pipeline of type RATIS and factor ONE. Exception: Cannot create pipeline of factor 1 using 0 nodes. Used 9 nodes. Healthy nodes 9
2020-07-22 13:35:53,844 [RatisPipelineUtilsThread] INFO  pipeline.RatisPipelineProvider (RatisPipelineProvider.java:lambda$create$0(138)) - Sending CreatePipelineCommand for pipeline:PipelineID=855c6ed9-2d0e-4242-9358-3a617ca5f1e2 to datanode:bf4a83d9-7bab-4b6f-8392-1b3160a0da61
2020-07-22 13:35:53,844 [RatisPipelineUtilsThread] INFO  pipeline.RatisPipelineProvider (RatisPipelineProvider.java:lambda$create$0(138)) - Sending CreatePipelineCommand for pipeline:PipelineID=855c6ed9-2d0e-4242-9358-3a617ca5f1e2 to datanode:533bc4e3-485c-4c45-abfa-e25747e2fc79
2020-07-22 13:35:53,844 [RatisPipelineUtilsThread] INFO  pipeline.RatisPipelineProvider (RatisPipelineProvider.java:lambda$create$0(138)) - Sending CreatePipelineCommand for pipeline:PipelineID=855c6ed9-2d0e-4242-9358-3a617ca5f1e2 to datanode:8d5d3460-f504-40b5-aaaf-08a8f79d520e
2020-07-22 13:35:53,844 [grpc-default-executor-2] INFO  server.GrpcServerProtocolService (GrpcServerProtocolService.java:onCompleted(138)) - 8d5d3460-f504-40b5-aaaf-08a8f79d520e: Completed APPEND_ENTRIES, lastRequest: bf4a83d9-7bab-4b6f-8392-1b3160a0da61->8d5d3460-f504-40b5-aaaf-08a8f79d520e#3-t1, previous=(t:1, i:1), leaderCommit=1, initializing? false, entries: size=1, first=(t:1, i:2), METADATAENTRY(c:1)
2020-07-22 13:35:53,844 [RatisPipelineUtilsThread] INFO  pipeline.PipelineStateManager (PipelineStateManager.java:addPipeline(54)) - Created pipeline Pipeline[ Id: 855c6ed9-2d0e-4242-9358-3a617ca5f1e2, Nodes: bf4a83d9-7bab-4b6f-8392-1b3160a0da61{ip: 172.17.0.2, host: 95ae26560d66, networkLocation: /default-rack, certSerialId: null}533bc4e3-485c-4c45-abfa-e25747e2fc79{ip: 172.17.0.2, host: 95ae26560d66, networkLocation: /default-rack, certSerialId: null}8d5d3460-f504-40b5-aaaf-08a8f79d520e{ip: 172.17.0.2, host: 95ae26560d66, networkLocation: /default-rack, certSerialId: null}, Type:RATIS, Factor:THREE, State:ALLOCATED, leaderId:, CreationTimestamp2020-07-22T13:35:53.844Z]
2020-07-22 13:35:53,846 [RatisPipelineUtilsThread] ERROR pipeline.SCMPipelineManager (SCMPipelineManager.java:createPipeline(275)) - Failed to create pipeline of type RATIS and factor THREE. Exception: Pipeline creation failed because nodes are engaged in other pipelines and every node can only be engaged in max 2 pipelines. Required 3. Found 0
2020-07-22 13:35:53,845 [grpc-default-executor-0] INFO  server.GrpcLogAppender (GrpcLogAppender.java:onCompleted(319)) - bf4a83d9-7bab-4b6f-8392-1b3160a0da61@group-5036543F5276->8d5d3460-f504-40b5-aaaf-08a8f79d520e-AppendLogResponseHandler: follower responses appendEntries COMPLETED
2020-07-22 13:35:53,848 [grpc-default-executor-5] INFO  impl.FollowerInfo (FollowerInfo.java:lambda$new$0(51)) - bf4a83d9-7bab-4b6f-8392-1b3160a0da61@group-5036543F5276->533bc4e3-485c-4c45-abfa-e25747e2fc79: nextIndex: updateUnconditionally 3 -> 2
2020-07-22 13:35:53,846 [EventQueue-CloseContainerForCloseContainerEventHandler] ERROR container.CloseContainerEventHandler (CloseContainerEventHandler.java:onMessage(89)) - Failed to close the container #1.
org.apache.hadoop.hdds.scm.pipeline.PipelineNotFoundException: PipelineID=d0820786-0575-428c-b8e6-5036543f5276 not found
	at org.apache.hadoop.hdds.scm.pipeline.PipelineStateMap.removeContainerFromPipeline(PipelineStateMap.java:372)
	at org.apache.hadoop.hdds.scm.pipeline.PipelineStateManager.removeContainerFromPipeline(PipelineStateManager.java:111)
	at org.apache.hadoop.hdds.scm.pipeline.SCMPipelineManager.removeContainerFromPipeline(SCMPipelineManager.java:403)
	at org.apache.hadoop.hdds.scm.container.SCMContainerManager.updateContainerState(SCMContainerManager.java:352)
	at org.apache.hadoop.hdds.scm.container.SCMContainerManager.updateContainerState(SCMContainerManager.java:331)
	at org.apache.hadoop.hdds.scm.container.CloseContainerEventHandler.onMessage(CloseContainerEventHandler.java:66)
	at org.apache.hadoop.hdds.scm.container.CloseContainerEventHandler.onMessage(CloseContainerEventHandler.java:45)
	at org.apache.hadoop.hdds.server.events.SingleThreadExecutor.lambda$onMessage$1(SingleThreadExecutor.java:81)
	at java.util.concurrent.ThreadPoolExecutor.runWorker(ThreadPoolExecutor.java:1149)
	at java.util.concurrent.ThreadPoolExecutor$Worker.run(ThreadPoolExecutor.java:624)
	at java.lang.Thread.run(Thread.java:748)
2020-07-22 13:35:53,852 [grpc-default-executor-0] INFO  impl.FollowerInfo (FollowerInfo.java:lambda$new$0(51)) - bf4a83d9-7bab-4b6f-8392-1b3160a0da61@group-5036543F5276->8d5d3460-f504-40b5-aaaf-08a8f79d520e: nextIndex: updateUnconditionally 3 -> 2
2020-07-22 13:35:53,853 [Listener at 127.0.0.1/40109] INFO  metrics.RatisMetrics (RatisMetrics.java:unregister(43)) - Unregistering Metrics Registry : ratis.log_appender.bf4a83d9-7bab-4b6f-8392-1b3160a0da61@group-5036543F5276
2020-07-22 13:35:53,853 [Listener at 127.0.0.1/40109] INFO  metrics.RatisMetrics (RatisMetrics.java:unregister(43)) - Unregistering Metrics Registry : ratis.server.bf4a83d9-7bab-4b6f-8392-1b3160a0da61@group-5036543F5276
2020-07-22 13:35:53,854 [Listener at 127.0.0.1/40109] INFO  impl.StateMachineUpdater (StateMachineUpdater.java:stopAndJoin(142)) - bf4a83d9-7bab-4b6f-8392-1b3160a0da61@group-5036543F5276-StateMachineUpdater: set stopIndex = 2
2020-07-22 13:35:53,854 [bf4a83d9-7bab-4b6f-8392-1b3160a0da61@group-5036543F5276-StateMachineUpdater] INFO  ratis.ContainerStateMachine (ContainerStateMachine.java:takeSnapshot(293)) - group-5036543F5276: Taking a snapshot at:(t:1, i:2) file /github/workspace/mnt/ozone/hadoop-ozone/integration-test/target/test-dir/MiniOzoneClusterImpl-d98e4c18-9a08-44b7-83b8-49402f47e02b/datanode-2/data/ratis/d0820786-0575-428c-b8e6-5036543f5276/sm/snapshot.1_2
2020-07-22 13:35:53,856 [bf4a83d9-7bab-4b6f-8392-1b3160a0da61@group-5036543F5276-StateMachineUpdater] INFO  ratis.ContainerStateMachine (ContainerStateMachine.java:takeSnapshot(304)) - group-5036543F5276: Finished taking a snapshot at:(t:1, i:2) file:/github/workspace/mnt/ozone/hadoop-ozone/integration-test/target/test-dir/MiniOzoneClusterImpl-d98e4c18-9a08-44b7-83b8-49402f47e02b/datanode-2/data/ratis/d0820786-0575-428c-b8e6-5036543f5276/sm/snapshot.1_2 time:1
2020-07-22 13:35:53,856 [bf4a83d9-7bab-4b6f-8392-1b3160a0da61@group-5036543F5276-StateMachineUpdater] INFO  impl.StateMachineUpdater (StateMachineUpdater.java:takeSnapshot(277)) - bf4a83d9-7bab-4b6f-8392-1b3160a0da61@group-5036543F5276-StateMachineUpdater: Took a snapshot at index 2
2020-07-22 13:35:53,856 [bf4a83d9-7bab-4b6f-8392-1b3160a0da61@group-5036543F5276-StateMachineUpdater] INFO  impl.StateMachineUpdater (StateMachineUpdater.java:lambda$new$0(87)) - bf4a83d9-7bab-4b6f-8392-1b3160a0da61@group-5036543F5276-StateMachineUpdater: snapshotIndex: updateIncreasingly -1 -> 2
2020-07-22 13:35:53,856 [bf4a83d9-7bab-4b6f-8392-1b3160a0da61@group-5036543F5276-StateMachineUpdater] INFO  metrics.RatisMetrics (RatisMetrics.java:unregister(43)) - Unregistering Metrics Registry : ratis.state_machine.bf4a83d9-7bab-4b6f-8392-1b3160a0da61@group-5036543F5276
2020-07-22 13:35:53,856 [Listener at 127.0.0.1/40109] INFO  impl.RaftServerImpl (ServerState.java:close(387)) - bf4a83d9-7bab-4b6f-8392-1b3160a0da61@group-5036543F5276: closes. applyIndex: 2
2020-07-22 13:35:53,856 [bf4a83d9-7bab-4b6f-8392-1b3160a0da61@group-5036543F5276-SegmentedRaftLogWorker] INFO  segmented.SegmentedRaftLogWorker (SegmentedRaftLogWorker.java:run(327)) - bf4a83d9-7bab-4b6f-8392-1b3160a0da61@group-5036543F5276-SegmentedRaftLogWorker was interrupted, exiting. There are 0 tasks remaining in the queue.
2020-07-22 13:35:53,857 [Listener at 127.0.0.1/40109] INFO  segmented.SegmentedRaftLogWorker (SegmentedRaftLogWorker.java:close(234)) - bf4a83d9-7bab-4b6f-8392-1b3160a0da61@group-5036543F5276-SegmentedRaftLogWorker close()
2020-07-22 13:35:53,858 [Listener at 127.0.0.1/40109] INFO  metrics.RatisMetrics (RatisMetrics.java:unregister(43)) - Unregistering Metrics Registry : ratis.log_worker.bf4a83d9-7bab-4b6f-8392-1b3160a0da61@group-5036543F5276
2020-07-22 13:35:53,858 [Listener at 127.0.0.1/40109] INFO  metrics.RatisMetrics (RatisMetrics.java:unregister(43)) - Unregistering Metrics Registry : ratis.leader_election.bf4a83d9-7bab-4b6f-8392-1b3160a0da61@group-5036543F5276
2020-07-22 13:35:53,858 [Listener at 127.0.0.1/40109] INFO  metrics.RatisMetrics (RatisMetrics.java:unregister(43)) - Unregistering Metrics Registry : ratis.server.bf4a83d9-7bab-4b6f-8392-1b3160a0da61@group-5036543F5276
2020-07-22 13:35:53,859 [Listener at 127.0.0.1/40109] INFO  impl.RaftServerImpl (RaftServerImpl.java:lambda$shutdown$3(301)) - bf4a83d9-7bab-4b6f-8392-1b3160a0da61@group-5036543F5276: Succeed to remove RaftStorageDirectory Storage Directory /github/workspace/mnt/ozone/hadoop-ozone/integration-test/target/test-dir/MiniOzoneClusterImpl-d98e4c18-9a08-44b7-83b8-49402f47e02b/datanode-2/data/ratis/d0820786-0575-428c-b8e6-5036543f5276
2020-07-22 13:35:53,861 [Command processor thread] INFO  impl.RaftServerProxy (RaftServerProxy.java:remove(100)) - 533bc4e3-485c-4c45-abfa-e25747e2fc79: remove  FOLLOWER 533bc4e3-485c-4c45-abfa-e25747e2fc79@group-5036543F5276:t1, leader=bf4a83d9-7bab-4b6f-8392-1b3160a0da61, voted=bf4a83d9-7bab-4b6f-8392-1b3160a0da61, raftlog=533bc4e3-485c-4c45-abfa-e25747e2fc79@group-5036543F5276-SegmentedRaftLog:OPENED:c1,f2,i2, conf=0: [bf4a83d9-7bab-4b6f-8392-1b3160a0da61:172.17.0.2:41481, 533bc4e3-485c-4c45-abfa-e25747e2fc79:172.17.0.2:41681, 8d5d3460-f504-40b5-aaaf-08a8f79d520e:172.17.0.2:46575], old=null RUNNING
2020-07-22 13:35:53,861 [Command processor thread] INFO  impl.RaftServerImpl (RaftServerImpl.java:lambda$shutdown$3(263)) - 533bc4e3-485c-4c45-abfa-e25747e2fc79@group-5036543F5276: shutdown
2020-07-22 13:35:53,861 [Command processor thread] INFO  util.JmxRegister (JmxRegister.java:unregister(73)) - Successfully un-registered JMX Bean with object name Ratis:service=RaftServer,group=group-5036543F5276,id=533bc4e3-485c-4c45-abfa-e25747e2fc79
2020-07-22 13:35:53,861 [Command processor thread] INFO  impl.RoleInfo (RoleInfo.java:shutdownFollowerState(121)) - 533bc4e3-485c-4c45-abfa-e25747e2fc79: shutdown FollowerState
2020-07-22 13:35:53,861 [Command processor thread] INFO  impl.StateMachineUpdater (StateMachineUpdater.java:stopAndJoin(142)) - 533bc4e3-485c-4c45-abfa-e25747e2fc79@group-5036543F5276-StateMachineUpdater: set stopIndex = 1
2020-07-22 13:35:53,861 [Thread-1316] INFO  impl.FollowerState (FollowerState.java:run(117)) - 533bc4e3-485c-4c45-abfa-e25747e2fc79@group-5036543F5276-FollowerState was interrupted: java.lang.InterruptedException: sleep interrupted
2020-07-22 13:35:53,861 [533bc4e3-485c-4c45-abfa-e25747e2fc79@group-5036543F5276-StateMachineUpdater] INFO  ratis.ContainerStateMachine (ContainerStateMachine.java:takeSnapshot(293)) - group-5036543F5276: Taking a snapshot at:(t:1, i:1) file /github/workspace/mnt/ozone/hadoop-ozone/integration-test/target/test-dir/MiniOzoneClusterImpl-d98e4c18-9a08-44b7-83b8-49402f47e02b/datanode-0/data/ratis/d0820786-0575-428c-b8e6-5036543f5276/sm/snapshot.1_1
2020-07-22 13:35:53,863 [Listener at 127.0.0.1/40109] INFO  interfaces.Container (KeyValueContainer.java:flushAndSyncDB(382)) - Container 1 is synced with bcsId 0.
2020-07-22 13:35:53,864 [Listener at 127.0.0.1/40109] INFO  interfaces.Container (KeyValueContainer.java:flushAndSyncDB(382)) - Container 1 is synced with bcsId 0.
2020-07-22 13:35:53,865 [533bc4e3-485c-4c45-abfa-e25747e2fc79@group-5036543F5276-StateMachineUpdater] INFO  ratis.ContainerStateMachine (ContainerStateMachine.java:takeSnapshot(304)) - group-5036543F5276: Finished taking a snapshot at:(t:1, i:1) file:/github/workspace/mnt/ozone/hadoop-ozone/integration-test/target/test-dir/MiniOzoneClusterImpl-d98e4c18-9a08-44b7-83b8-49402f47e02b/datanode-0/data/ratis/d0820786-0575-428c-b8e6-5036543f5276/sm/snapshot.1_1 time:4
2020-07-22 13:35:53,865 [533bc4e3-485c-4c45-abfa-e25747e2fc79@group-5036543F5276-StateMachineUpdater] INFO  impl.StateMachineUpdater (StateMachineUpdater.java:takeSnapshot(277)) - 533bc4e3-485c-4c45-abfa-e25747e2fc79@group-5036543F5276-StateMachineUpdater: Took a snapshot at index 1
2020-07-22 13:35:53,865 [533bc4e3-485c-4c45-abfa-e25747e2fc79@group-5036543F5276-StateMachineUpdater] INFO  impl.StateMachineUpdater (StateMachineUpdater.java:lambda$new$0(87)) - 533bc4e3-485c-4c45-abfa-e25747e2fc79@group-5036543F5276-StateMachineUpdater: snapshotIndex: updateIncreasingly -1 -> 1
2020-07-22 13:35:53,865 [533bc4e3-485c-4c45-abfa-e25747e2fc79@group-5036543F5276-StateMachineUpdater] INFO  metrics.RatisMetrics (RatisMetrics.java:unregister(43)) - Unregistering Metrics Registry : ratis.state_machine.533bc4e3-485c-4c45-abfa-e25747e2fc79@group-5036543F5276
2020-07-22 13:35:53,865 [Command processor thread] INFO  impl.RaftServerImpl (ServerState.java:close(387)) - 533bc4e3-485c-4c45-abfa-e25747e2fc79@group-5036543F5276: closes. applyIndex: 1
2020-07-22 13:35:53,865 [533bc4e3-485c-4c45-abfa-e25747e2fc79@group-5036543F5276-SegmentedRaftLogWorker] INFO  segmented.SegmentedRaftLogWorker (SegmentedRaftLogWorker.java:run(327)) - 533bc4e3-485c-4c45-abfa-e25747e2fc79@group-5036543F5276-SegmentedRaftLogWorker was interrupted, exiting. There are 0 tasks remaining in the queue.
2020-07-22 13:35:53,866 [Command processor thread] INFO  segmented.SegmentedRaftLogWorker (SegmentedRaftLogWorker.java:close(234)) - 533bc4e3-485c-4c45-abfa-e25747e2fc79@group-5036543F5276-SegmentedRaftLogWorker close()
2020-07-22 13:35:53,867 [Command processor thread] INFO  metrics.RatisMetrics (RatisMetrics.java:unregister(43)) - Unregistering Metrics Registry : ratis.log_worker.533bc4e3-485c-4c45-abfa-e25747e2fc79@group-5036543F5276
2020-07-22 13:35:53,867 [Command processor thread] INFO  metrics.RatisMetrics (RatisMetrics.java:unregister(43)) - Unregistering Metrics Registry : ratis.leader_election.533bc4e3-485c-4c45-abfa-e25747e2fc79@group-5036543F5276
2020-07-22 13:35:53,867 [Command processor thread] INFO  metrics.RatisMetrics (RatisMetrics.java:unregister(43)) - Unregistering Metrics Registry : ratis.server.533bc4e3-485c-4c45-abfa-e25747e2fc79@group-5036543F5276
2020-07-22 13:35:53,868 [Command processor thread] INFO  impl.RaftServerImpl (RaftServerImpl.java:lambda$shutdown$3(301)) - 533bc4e3-485c-4c45-abfa-e25747e2fc79@group-5036543F5276: Succeed to remove RaftStorageDirectory Storage Directory /github/workspace/mnt/ozone/hadoop-ozone/integration-test/target/test-dir/MiniOzoneClusterImpl-d98e4c18-9a08-44b7-83b8-49402f47e02b/datanode-0/data/ratis/d0820786-0575-428c-b8e6-5036543f5276
2020-07-22 13:35:53,869 [Listener at 127.0.0.1/40109] WARN  impl.RaftServerProxy (RaftServerProxy.java:remove(95)) - 533bc4e3-485c-4c45-abfa-e25747e2fc79: does not contain group: group-5036543F5276
2020-07-22 13:35:53,869 [Listener at 127.0.0.1/40109] INFO  ozone.MiniOzoneClusterImpl (MiniOzoneClusterImpl.java:shutdown(387)) - Shutting down the Mini Ozone Cluster
2020-07-22 13:35:53,870 [EventQueue-IncrementalContainerReportForIncrementalContainerReportHandler] INFO  container.IncrementalContainerReportHandler (AbstractContainerReportHandler.java:updateContainerState(164)) - Moving container #1 to QUASI_CLOSED state, datanode bf4a83d9-7bab-4b6f-8392-1b3160a0da61{ip: 172.17.0.2, host: 95ae26560d66, networkLocation: /default-rack, certSerialId: null} reported QUASI_CLOSED replica.
2020-07-22 13:35:53,870 [Listener at 127.0.0.1/40109] INFO  ozone.MiniOzoneClusterImpl (MiniOzoneClusterImpl.java:stop(402)) - Stopping the Mini Ozone Cluster
2020-07-22 13:35:53,870 [Listener at 127.0.0.1/40109] INFO  ozone.MiniOzoneClusterImpl (MiniOzoneClusterImpl.java:stopOM(484)) - Stopping the OzoneManager
2020-07-22 13:35:53,870 [Listener at 127.0.0.1/40109] INFO  ipc.Server (Server.java:stop(3359)) - Stopping server on 40109
2020-07-22 13:35:53,875 [Command processor thread] INFO  interfaces.Container (KeyValueContainer.java:flushAndSyncDB(382)) - Container 1 is synced with bcsId 0.
2020-07-22 13:35:53,876 [Command processor thread] INFO  interfaces.Container (KeyValueContainer.java:flushAndSyncDB(382)) - Container 1 is synced with bcsId 0.
2020-07-22 13:35:53,879 [Command processor thread] INFO  commandhandler.ClosePipelineCommandHandler (ClosePipelineCommandHandler.java:handle(78)) - Close Pipeline #id: "d0820786-0575-428c-b8e6-5036543f5276"
uuid128 {
  mostSigBits: -3422164494649572724
  leastSigBits: -5123319331815468426
}
 command on datanode #533bc4e3-485c-4c45-abfa-e25747e2fc79.
2020-07-22 13:35:53,880 [Command processor thread] INFO  impl.RaftServerProxy (RaftServerProxy.java:addNew(89)) - 533bc4e3-485c-4c45-abfa-e25747e2fc79: addNew group-3A617CA5F1E2:[bf4a83d9-7bab-4b6f-8392-1b3160a0da61:172.17.0.2:41481, 533bc4e3-485c-4c45-abfa-e25747e2fc79:172.17.0.2:41681, 8d5d3460-f504-40b5-aaaf-08a8f79d520e:172.17.0.2:46575] returns group-3A617CA5F1E2:java.util.concurrent.CompletableFuture@1e63e94b[Not completed]
2020-07-22 13:35:53,881 [IPC Server listener on 0] INFO  ipc.Server (Server.java:run(1330)) - Stopping IPC Server listener on 0
2020-07-22 13:35:53,881 [Listener at 127.0.0.1/40109] INFO  ratis.OzoneManagerDoubleBuffer (OzoneManagerDoubleBuffer.java:stop(458)) - Stopping OMDoubleBuffer flush thread
2020-07-22 13:35:53,881 [OMDoubleBufferFlushThread] INFO  ratis.OzoneManagerDoubleBuffer (OzoneManagerDoubleBuffer.java:flushTransactions(357)) - OMDoubleBuffer flush thread OMDoubleBufferFlushThread is interrupted and will exit. OMDoubleBufferFlushThread
2020-07-22 13:35:53,882 [Listener at 127.0.0.1/40109] INFO  utils.BackgroundService (BackgroundService.java:shutdown(157)) - Shutting down service KeyDeletingService
2020-07-22 13:35:53,881 [IPC Server Responder] INFO  ipc.Server (Server.java:run(1465)) - Stopping IPC Server Responder
2020-07-22 13:35:53,882 [pool-347-thread-1] INFO  impl.RaftServerImpl (RaftServerImpl.java:<init>(107)) - 533bc4e3-485c-4c45-abfa-e25747e2fc79: new RaftServerImpl for group-3A617CA5F1E2:[bf4a83d9-7bab-4b6f-8392-1b3160a0da61:172.17.0.2:41481, 533bc4e3-485c-4c45-abfa-e25747e2fc79:172.17.0.2:41681, 8d5d3460-f504-40b5-aaaf-08a8f79d520e:172.17.0.2:46575] with ContainerStateMachine:uninitialized
2020-07-22 13:35:53,882 [pool-347-thread-1] INFO  server.RaftServerConfigKeys (ConfUtils.java:logGet(44)) - raft.server.rpc.timeout.min = 5s (custom)
2020-07-22 13:35:53,883 [pool-347-thread-1] INFO  server.RaftServerConfigKeys (ConfUtils.java:logGet(44)) - raft.server.rpc.timeout.max = 5200ms (custom)
2020-07-22 13:35:53,883 [pool-347-thread-1] INFO  server.RaftServerConfigKeys (ConfUtils.java:logGet(44)) - raft.server.rpcslowness.timeout = 300000ms (custom)
2020-07-22 13:35:53,883 [pool-347-thread-1] INFO  server.RaftServerConfigKeys (ConfUtils.java:logGet(44)) - raft.server.sleep.deviation.threshold = 300 (default)
2020-07-22 13:35:53,883 [pool-347-thread-1] INFO  server.RaftServerConfigKeys (ConfUtils.java:logGet(44)) - raft.server.log.appender.install.snapshot.enabled = false (custom)
2020-07-22 13:35:53,883 [pool-347-thread-1] INFO  impl.RaftServerImpl (ServerState.java:<init>(103)) - 533bc4e3-485c-4c45-abfa-e25747e2fc79@group-3A617CA5F1E2: ConfigurationManager, init=-1: [bf4a83d9-7bab-4b6f-8392-1b3160a0da61:172.17.0.2:41481, 533bc4e3-485c-4c45-abfa-e25747e2fc79:172.17.0.2:41681, 8d5d3460-f504-40b5-aaaf-08a8f79d520e:172.17.0.2:46575], old=null, confs=<EMPTY_MAP>
2020-07-22 13:35:53,883 [pool-347-thread-1] INFO  server.RaftServerConfigKeys (ConfUtils.java:logGet(44)) - raft.server.storage.dir = [/github/workspace/mnt/ozone/hadoop-ozone/integration-test/target/test-dir/MiniOzoneClusterImpl-d98e4c18-9a08-44b7-83b8-49402f47e02b/datanode-0/data/ratis] (custom)
2020-07-22 13:35:53,883 [pool-347-thread-1] INFO  server.RaftServerConfigKeys (ConfUtils.java:logGet(44)) - raft.server.log.corruption.policy = EXCEPTION (default)
2020-07-22 13:35:53,883 [pool-347-thread-1] INFO  storage.RaftStorageDirectory (RaftStorageDirectory.java:analyzeStorage(261)) - The storage directory /github/workspace/mnt/ozone/hadoop-ozone/integration-test/target/test-dir/MiniOzoneClusterImpl-d98e4c18-9a08-44b7-83b8-49402f47e02b/datanode-0/data/ratis/855c6ed9-2d0e-4242-9358-3a617ca5f1e2 does not exist. Creating ...
2020-07-22 13:35:53,884 [Listener at 127.0.0.1/40109] INFO  handler.ContextHandler (ContextHandler.java:doStop(1016)) - Stopped o.e.j.w.WebAppContext@491665ab{ozoneManager,/,null,UNAVAILABLE}{file:/github/workspace/mnt/ozone/hadoop-ozone/integration-test/target/test-classes/webapps/ozoneManager}
2020-07-22 13:35:53,884 [pool-347-thread-1] INFO  storage.RaftStorageDirectory (RaftStorageDirectory.java:tryLock(343)) - Lock on /github/workspace/mnt/ozone/hadoop-ozone/integration-test/target/test-dir/MiniOzoneClusterImpl-d98e4c18-9a08-44b7-83b8-49402f47e02b/datanode-0/data/ratis/855c6ed9-2d0e-4242-9358-3a617ca5f1e2/in_use.lock acquired by nodename 5153@95ae26560d66
2020-07-22 13:35:53,885 [pool-347-thread-1] INFO  storage.RaftStorage (RaftStorage.java:format(84)) - Storage directory /github/workspace/mnt/ozone/hadoop-ozone/integration-test/target/test-dir/MiniOzoneClusterImpl-d98e4c18-9a08-44b7-83b8-49402f47e02b/datanode-0/data/ratis/855c6ed9-2d0e-4242-9358-3a617ca5f1e2 has been successfully formatted.
2020-07-22 13:35:53,886 [pool-347-thread-1] INFO  ratis.ContainerStateMachine (ContainerStateMachine.java:loadSnapshot(225)) - group-3A617CA5F1E2: The snapshot info is null. Setting the last applied indexto:(t:0, i:~)
2020-07-22 13:35:53,886 [pool-347-thread-1] INFO  server.RaftServerConfigKeys (ConfUtils.java:logGet(44)) - raft.server.notification.no-leader.timeout = 300000ms (custom)
2020-07-22 13:35:53,886 [pool-347-thread-1] INFO  server.RaftServerConfigKeys (ConfUtils.java:logGet(44)) - raft.server.log.use.memory = false (default)
2020-07-22 13:35:53,886 [pool-347-thread-1] INFO  server.RaftServerConfigKeys (ConfUtils.java:logGet(44)) - raft.server.log.purge.gap = 1000000 (custom)
2020-07-22 13:35:53,886 [pool-347-thread-1] INFO  metrics.RatisMetrics (RatisMetrics.java:lambda$create$0(36)) - Creating Metrics Registry : ratis.log_worker.533bc4e3-485c-4c45-abfa-e25747e2fc79@group-3A617CA5F1E2
2020-07-22 13:35:53,886 [pool-347-thread-1] INFO  server.RaftServerConfigKeys (ConfUtils.java:logGet(44)) - raft.server.log.appender.buffer.byte-limit = 33554432 (custom)
2020-07-22 13:35:53,886 [pool-347-thread-1] INFO  server.RaftServerConfigKeys (ConfUtils.java:logGet(44)) - raft.server.log.segment.size.max = 1048576 (custom)
2020-07-22 13:35:53,887 [pool-347-thread-1] INFO  server.RaftServerConfigKeys (ConfUtils.java:logGet(44)) - raft.server.log.segment.cache.num.max = 2 (custom)
2020-07-22 13:35:53,887 [pool-347-thread-1] INFO  segmented.SegmentedRaftLogWorker (SegmentedRaftLogWorker.java:<init>(180)) - new 533bc4e3-485c-4c45-abfa-e25747e2fc79@group-3A617CA5F1E2-SegmentedRaftLogWorker for RaftStorage:Storage Directory /github/workspace/mnt/ozone/hadoop-ozone/integration-test/target/test-dir/MiniOzoneClusterImpl-d98e4c18-9a08-44b7-83b8-49402f47e02b/datanode-0/data/ratis/855c6ed9-2d0e-4242-9358-3a617ca5f1e2
2020-07-22 13:35:53,887 [pool-347-thread-1] INFO  server.RaftServerConfigKeys (ConfUtils.java:logGet(44)) - raft.server.log.queue.byte-limit = 2147483647 (custom)
2020-07-22 13:35:53,887 [pool-347-thread-1] INFO  server.RaftServerConfigKeys (ConfUtils.java:logGet(44)) - raft.server.log.queue.element-limit = 1024 (custom)
2020-07-22 13:35:53,887 [pool-347-thread-1] INFO  server.RaftServerConfigKeys (ConfUtils.java:logGet(44)) - raft.server.log.segment.size.max = 1048576 (custom)
2020-07-22 13:35:53,887 [pool-347-thread-1] INFO  server.RaftServerConfigKeys (ConfUtils.java:logGet(44)) - raft.server.log.preallocated.size = 16384 (custom)
2020-07-22 13:35:53,887 [pool-347-thread-1] INFO  server.RaftServerConfigKeys (ConfUtils.java:logGet(44)) - raft.server.log.write.buffer.size = 1048576 (custom)
2020-07-22 13:35:53,887 [pool-347-thread-1] INFO  server.RaftServerConfigKeys (ConfUtils.java:logGet(44)) - raft.server.log.force.sync.num = 128 (default)
2020-07-22 13:35:53,887 [pool-347-thread-1] INFO  server.RaftServerConfigKeys (ConfUtils.java:logGet(44)) - raft.server.log.statemachine.data.sync = true (default)
2020-07-22 13:35:53,888 [pool-347-thread-1] INFO  server.RaftServerConfigKeys (ConfUtils.java:logGet(44)) - raft.server.log.statemachine.data.sync.timeout = 10s (default)
2020-07-22 13:35:53,888 [pool-347-thread-1] INFO  server.RaftServerConfigKeys (ConfUtils.java:logGet(44)) - raft.server.log.statemachine.data.sync.timeout.retry = -1 (default)
2020-07-22 13:35:53,889 [pool-347-thread-1] INFO  server.RaftServerConfigKeys (ConfUtils.java:logGet(44)) - raft.server.log.statemachine.data.caching.enabled = true (custom)
2020-07-22 13:35:53,889 [pool-347-thread-1] INFO  segmented.SegmentedRaftLogWorker (SegmentedRaftLogWorker.java:lambda$new$0(129)) - 533bc4e3-485c-4c45-abfa-e25747e2fc79@group-3A617CA5F1E2-SegmentedRaftLogWorker: flushIndex: setUnconditionally 0 -> -1
2020-07-22 13:35:53,889 [pool-347-thread-1] INFO  segmented.SegmentedRaftLogWorker (SegmentedRaftLogWorker.java:lambda$new$0(129)) - 533bc4e3-485c-4c45-abfa-e25747e2fc79@group-3A617CA5F1E2-SegmentedRaftLogWorker: safeCacheEvictIndex: setUnconditionally 0 -> -1
2020-07-22 13:35:53,890 [Listener at 127.0.0.1/40109] INFO  server.AbstractConnector (AbstractConnector.java:doStop(380)) - Stopped ServerConnector@21996ae2{HTTP/1.1,[http/1.1]}{0.0.0.0:0}
2020-07-22 13:35:53,890 [Listener at 127.0.0.1/40109] INFO  server.session (HouseKeeper.java:stopScavenging(158)) - node0 Stopped scavenging
2020-07-22 13:35:53,890 [pool-347-thread-1] INFO  server.RaftServerConfigKeys (ConfUtils.java:logGet(44)) - raft.server.snapshot.auto.trigger.enabled = true (custom)
2020-07-22 13:35:53,890 [pool-347-thread-1] INFO  server.RaftServerConfigKeys (ConfUtils.java:logGet(44)) - raft.server.snapshot.auto.trigger.threshold = 10000 (custom)
2020-07-22 13:35:53,890 [pool-347-thread-1] INFO  server.RaftServerConfigKeys (ConfUtils.java:logGet(44)) - raft.server.snapshot.retention.file.num = 5 (custom)
2020-07-22 13:35:53,890 [pool-347-thread-1] INFO  server.RaftServerConfigKeys (ConfUtils.java:logGet(44)) - raft.server.log.purge.upto.snapshot.index = false (default)
2020-07-22 13:35:53,891 [pool-347-thread-1] INFO  server.RaftServerConfigKeys (ConfUtils.java:logGet(44)) - raft.server.retrycache.expirytime = 600000ms (custom)
2020-07-22 13:35:53,891 [pool-347-thread-1] INFO  metrics.RatisMetrics (RatisMetrics.java:lambda$create$0(36)) - Creating Metrics Registry : ratis.leader_election.533bc4e3-485c-4c45-abfa-e25747e2fc79@group-3A617CA5F1E2
2020-07-22 13:35:53,891 [Listener at 127.0.0.1/40109] INFO  handler.ContextHandler (ContextHandler.java:doStop(1016)) - Stopped o.e.j.s.ServletContextHandler@2c9cdbc9{static,/static,file:///github/workspace/mnt/ozone/hadoop-ozone/integration-test/target/test-classes/webapps/static,UNAVAILABLE}
2020-07-22 13:35:53,891 [Listener at 127.0.0.1/40109] INFO  handler.ContextHandler (ContextHandler.java:doStop(1016)) - Stopped o.e.j.s.ServletContextHandler@3324f7fb{logs,/logs,file:///github/workspace/mnt/ozone/hadoop-ozone/integration-test/target/log,UNAVAILABLE}
2020-07-22 13:35:53,892 [pool-347-thread-1] INFO  metrics.RatisMetrics (RatisMetrics.java:lambda$create$0(36)) - Creating Metrics Registry : ratis.server.533bc4e3-485c-4c45-abfa-e25747e2fc79@group-3A617CA5F1E2
2020-07-22 13:35:53,893 [pool-347-thread-1] INFO  impl.RaftServerImpl (RaftServerImpl.java:start(196)) - 533bc4e3-485c-4c45-abfa-e25747e2fc79@group-3A617CA5F1E2: start as a follower, conf=-1: [bf4a83d9-7bab-4b6f-8392-1b3160a0da61:172.17.0.2:41481, 533bc4e3-485c-4c45-abfa-e25747e2fc79:172.17.0.2:41681, 8d5d3460-f504-40b5-aaaf-08a8f79d520e:172.17.0.2:46575], old=null
2020-07-22 13:35:53,893 [pool-347-thread-1] INFO  impl.RaftServerImpl (RaftServerImpl.java:setRole(185)) - 533bc4e3-485c-4c45-abfa-e25747e2fc79@group-3A617CA5F1E2: changes role from      null to FOLLOWER at term 0 for startAsFollower
2020-07-22 13:35:53,893 [pool-347-thread-1] INFO  impl.RoleInfo (RoleInfo.java:updateAndGet(143)) - 533bc4e3-485c-4c45-abfa-e25747e2fc79: start FollowerState
2020-07-22 13:35:53,895 [pool-347-thread-1] INFO  util.JmxRegister (JmxRegister.java:tryRegister(44)) - Successfully registered JMX Bean with object name Ratis:service=RaftServer,group=group-3A617CA5F1E2,id=533bc4e3-485c-4c45-abfa-e25747e2fc79
2020-07-22 13:35:53,895 [pool-347-thread-1] INFO  metrics.RatisMetrics (RatisMetrics.java:lambda$create$0(36)) - Creating Metrics Registry : ratis.state_machine.533bc4e3-485c-4c45-abfa-e25747e2fc79@group-3A617CA5F1E2
2020-07-22 13:35:53,895 [Listener at 127.0.0.1/40109] INFO  ozone.MiniOzoneClusterImpl (MiniOzoneClusterImpl.java:stopDatanodes(461)) - Stopping the HddsDatanodes
2020-07-22 13:35:53,908 [grpc-default-executor-0] INFO  impl.RaftServerProxy (RaftServerProxy.java:addNew(89)) - bf4a83d9-7bab-4b6f-8392-1b3160a0da61: addNew group-3A617CA5F1E2:[bf4a83d9-7bab-4b6f-8392-1b3160a0da61:172.17.0.2:41481, 533bc4e3-485c-4c45-abfa-e25747e2fc79:172.17.0.2:41681, 8d5d3460-f504-40b5-aaaf-08a8f79d520e:172.17.0.2:46575] returns group-3A617CA5F1E2:java.util.concurrent.CompletableFuture@14043591[Not completed]
2020-07-22 13:35:53,909 [pool-377-thread-1] INFO  impl.RaftServerImpl (RaftServerImpl.java:<init>(107)) - bf4a83d9-7bab-4b6f-8392-1b3160a0da61: new RaftServerImpl for group-3A617CA5F1E2:[bf4a83d9-7bab-4b6f-8392-1b3160a0da61:172.17.0.2:41481, 533bc4e3-485c-4c45-abfa-e25747e2fc79:172.17.0.2:41681, 8d5d3460-f504-40b5-aaaf-08a8f79d520e:172.17.0.2:46575] with ContainerStateMachine:uninitialized
2020-07-22 13:35:53,909 [pool-377-thread-1] INFO  server.RaftServerConfigKeys (ConfUtils.java:logGet(44)) - raft.server.rpc.timeout.min = 5s (custom)
2020-07-22 13:35:53,909 [pool-377-thread-1] INFO  server.RaftServerConfigKeys (ConfUtils.java:logGet(44)) - raft.server.rpc.timeout.max = 5200ms (custom)
2020-07-22 13:35:53,909 [pool-377-thread-1] INFO  server.RaftServerConfigKeys (ConfUtils.java:logGet(44)) - raft.server.rpcslowness.timeout = 300000ms (custom)
2020-07-22 13:35:53,909 [pool-377-thread-1] INFO  server.RaftServerConfigKeys (ConfUtils.java:logGet(44)) - raft.server.sleep.deviation.threshold = 300 (default)
2020-07-22 13:35:53,909 [pool-377-thread-1] INFO  server.RaftServerConfigKeys (ConfUtils.java:logGet(44)) - raft.server.log.appender.install.snapshot.enabled = false (custom)
2020-07-22 13:35:53,909 [pool-377-thread-1] INFO  impl.RaftServerImpl (ServerState.java:<init>(103)) - bf4a83d9-7bab-4b6f-8392-1b3160a0da61@group-3A617CA5F1E2: ConfigurationManager, init=-1: [bf4a83d9-7bab-4b6f-8392-1b3160a0da61:172.17.0.2:41481, 533bc4e3-485c-4c45-abfa-e25747e2fc79:172.17.0.2:41681, 8d5d3460-f504-40b5-aaaf-08a8f79d520e:172.17.0.2:46575], old=null, confs=<EMPTY_MAP>
2020-07-22 13:35:53,909 [pool-377-thread-1] INFO  server.RaftServerConfigKeys (ConfUtils.java:logGet(44)) - raft.server.storage.dir = [/github/workspace/mnt/ozone/hadoop-ozone/integration-test/target/test-dir/MiniOzoneClusterImpl-d98e4c18-9a08-44b7-83b8-49402f47e02b/datanode-2/data/ratis] (custom)
2020-07-22 13:35:53,909 [pool-377-thread-1] INFO  server.RaftServerConfigKeys (ConfUtils.java:logGet(44)) - raft.server.log.corruption.policy = EXCEPTION (default)
2020-07-22 13:35:53,909 [pool-377-thread-1] INFO  storage.RaftStorageDirectory (RaftStorageDirectory.java:analyzeStorage(261)) - The storage directory /github/workspace/mnt/ozone/hadoop-ozone/integration-test/target/test-dir/MiniOzoneClusterImpl-d98e4c18-9a08-44b7-83b8-49402f47e02b/datanode-2/data/ratis/855c6ed9-2d0e-4242-9358-3a617ca5f1e2 does not exist. Creating ...
2020-07-22 13:35:53,911 [pool-377-thread-1] INFO  storage.RaftStorageDirectory (RaftStorageDirectory.java:tryLock(343)) - Lock on /github/workspace/mnt/ozone/hadoop-ozone/integration-test/target/test-dir/MiniOzoneClusterImpl-d98e4c18-9a08-44b7-83b8-49402f47e02b/datanode-2/data/ratis/855c6ed9-2d0e-4242-9358-3a617ca5f1e2/in_use.lock acquired by nodename 5153@95ae26560d66
2020-07-22 13:35:53,912 [pool-377-thread-1] INFO  storage.RaftStorage (RaftStorage.java:format(84)) - Storage directory /github/workspace/mnt/ozone/hadoop-ozone/integration-test/target/test-dir/MiniOzoneClusterImpl-d98e4c18-9a08-44b7-83b8-49402f47e02b/datanode-2/data/ratis/855c6ed9-2d0e-4242-9358-3a617ca5f1e2 has been successfully formatted.
2020-07-22 13:35:53,912 [pool-377-thread-1] INFO  ratis.ContainerStateMachine (ContainerStateMachine.java:loadSnapshot(225)) - group-3A617CA5F1E2: The snapshot info is null. Setting the last applied indexto:(t:0, i:~)
2020-07-22 13:35:53,912 [Datanode State Machine Thread - 0] INFO  statemachine.DatanodeStateMachine (DatanodeStateMachine.java:lambda$startDaemon$0(380)) - Ozone container server started.
2020-07-22 13:35:53,912 [pool-377-thread-1] INFO  server.RaftServerConfigKeys (ConfUtils.java:logGet(44)) - raft.server.notification.no-leader.timeout = 300000ms (custom)
2020-07-22 13:35:53,912 [pool-377-thread-1] INFO  server.RaftServerConfigKeys (ConfUtils.java:logGet(44)) - raft.server.log.use.memory = false (default)
2020-07-22 13:35:53,912 [pool-377-thread-1] INFO  server.RaftServerConfigKeys (ConfUtils.java:logGet(44)) - raft.server.log.purge.gap = 1000000 (custom)
2020-07-22 13:35:53,912 [pool-377-thread-1] INFO  metrics.RatisMetrics (RatisMetrics.java:lambda$create$0(36)) - Creating Metrics Registry : ratis.log_worker.bf4a83d9-7bab-4b6f-8392-1b3160a0da61@group-3A617CA5F1E2
2020-07-22 13:35:53,912 [pool-377-thread-1] INFO  server.RaftServerConfigKeys (ConfUtils.java:logGet(44)) - raft.server.log.appender.buffer.byte-limit = 33554432 (custom)
2020-07-22 13:35:53,913 [pool-377-thread-1] INFO  server.RaftServerConfigKeys (ConfUtils.java:logGet(44)) - raft.server.log.segment.size.max = 1048576 (custom)
2020-07-22 13:35:53,913 [pool-377-thread-1] INFO  server.RaftServerConfigKeys (ConfUtils.java:logGet(44)) - raft.server.log.segment.cache.num.max = 2 (custom)
2020-07-22 13:35:53,913 [pool-377-thread-1] INFO  segmented.SegmentedRaftLogWorker (SegmentedRaftLogWorker.java:<init>(180)) - new bf4a83d9-7bab-4b6f-8392-1b3160a0da61@group-3A617CA5F1E2-SegmentedRaftLogWorker for RaftStorage:Storage Directory /github/workspace/mnt/ozone/hadoop-ozone/integration-test/target/test-dir/MiniOzoneClusterImpl-d98e4c18-9a08-44b7-83b8-49402f47e02b/datanode-2/data/ratis/855c6ed9-2d0e-4242-9358-3a617ca5f1e2
2020-07-22 13:35:53,913 [pool-377-thread-1] INFO  server.RaftServerConfigKeys (ConfUtils.java:logGet(44)) - raft.server.log.queue.byte-limit = 2147483647 (custom)
2020-07-22 13:35:53,913 [pool-377-thread-1] INFO  server.RaftServerConfigKeys (ConfUtils.java:logGet(44)) - raft.server.log.queue.element-limit = 1024 (custom)
2020-07-22 13:35:53,913 [pool-377-thread-1] INFO  server.RaftServerConfigKeys (ConfUtils.java:logGet(44)) - raft.server.log.segment.size.max = 1048576 (custom)
2020-07-22 13:35:53,913 [pool-377-thread-1] INFO  server.RaftServerConfigKeys (ConfUtils.java:logGet(44)) - raft.server.log.preallocated.size = 16384 (custom)
2020-07-22 13:35:53,913 [pool-377-thread-1] INFO  server.RaftServerConfigKeys (ConfUtils.java:logGet(44)) - raft.server.log.write.buffer.size = 1048576 (custom)
2020-07-22 13:35:53,913 [pool-377-thread-1] INFO  server.RaftServerConfigKeys (ConfUtils.java:logGet(44)) - raft.server.log.force.sync.num = 128 (default)
2020-07-22 13:35:53,913 [pool-377-thread-1] INFO  server.RaftServerConfigKeys (ConfUtils.java:logGet(44)) - raft.server.log.statemachine.data.sync = true (default)
2020-07-22 13:35:53,914 [pool-377-thread-1] INFO  server.RaftServerConfigKeys (ConfUtils.java:logGet(44)) - raft.server.log.statemachine.data.sync.timeout = 10s (default)
2020-07-22 13:35:53,914 [pool-377-thread-1] INFO  server.RaftServerConfigKeys (ConfUtils.java:logGet(44)) - raft.server.log.statemachine.data.sync.timeout.retry = -1 (default)
2020-07-22 13:35:53,915 [pool-377-thread-1] INFO  server.RaftServerConfigKeys (ConfUtils.java:logGet(44)) - raft.server.log.statemachine.data.caching.enabled = true (custom)
2020-07-22 13:35:53,916 [pool-377-thread-1] INFO  segmented.SegmentedRaftLogWorker (SegmentedRaftLogWorker.java:lambda$new$0(129)) - bf4a83d9-7bab-4b6f-8392-1b3160a0da61@group-3A617CA5F1E2-SegmentedRaftLogWorker: flushIndex: setUnconditionally 0 -> -1
2020-07-22 13:35:53,916 [pool-377-thread-1] INFO  segmented.SegmentedRaftLogWorker (SegmentedRaftLogWorker.java:lambda$new$0(129)) - bf4a83d9-7bab-4b6f-8392-1b3160a0da61@group-3A617CA5F1E2-SegmentedRaftLogWorker: safeCacheEvictIndex: setUnconditionally 0 -> -1
2020-07-22 13:35:53,916 [pool-377-thread-1] INFO  server.RaftServerConfigKeys (ConfUtils.java:logGet(44)) - raft.server.snapshot.auto.trigger.enabled = true (custom)
2020-07-22 13:35:53,916 [pool-377-thread-1] INFO  server.RaftServerConfigKeys (ConfUtils.java:logGet(44)) - raft.server.snapshot.auto.trigger.threshold = 10000 (custom)
2020-07-22 13:35:53,916 [pool-377-thread-1] INFO  server.RaftServerConfigKeys (ConfUtils.java:logGet(44)) - raft.server.snapshot.retention.file.num = 5 (custom)
2020-07-22 13:35:53,916 [pool-377-thread-1] INFO  server.RaftServerConfigKeys (ConfUtils.java:logGet(44)) - raft.server.log.purge.upto.snapshot.index = false (default)
2020-07-22 13:35:53,916 [pool-377-thread-1] INFO  server.RaftServerConfigKeys (ConfUtils.java:logGet(44)) - raft.server.retrycache.expirytime = 600000ms (custom)
2020-07-22 13:35:53,916 [pool-377-thread-1] INFO  metrics.RatisMetrics (RatisMetrics.java:lambda$create$0(36)) - Creating Metrics Registry : ratis.leader_election.bf4a83d9-7bab-4b6f-8392-1b3160a0da61@group-3A617CA5F1E2
2020-07-22 13:35:53,916 [pool-377-thread-1] INFO  metrics.RatisMetrics (RatisMetrics.java:lambda$create$0(36)) - Creating Metrics Registry : ratis.server.bf4a83d9-7bab-4b6f-8392-1b3160a0da61@group-3A617CA5F1E2
2020-07-22 13:35:53,918 [pool-377-thread-1] INFO  impl.RaftServerImpl (RaftServerImpl.java:start(196)) - bf4a83d9-7bab-4b6f-8392-1b3160a0da61@group-3A617CA5F1E2: start as a follower, conf=-1: [bf4a83d9-7bab-4b6f-8392-1b3160a0da61:172.17.0.2:41481, 533bc4e3-485c-4c45-abfa-e25747e2fc79:172.17.0.2:41681, 8d5d3460-f504-40b5-aaaf-08a8f79d520e:172.17.0.2:46575], old=null
2020-07-22 13:35:53,918 [pool-377-thread-1] INFO  impl.RaftServerImpl (RaftServerImpl.java:setRole(185)) - bf4a83d9-7bab-4b6f-8392-1b3160a0da61@group-3A617CA5F1E2: changes role from      null to FOLLOWER at term 0 for startAsFollower
2020-07-22 13:35:53,918 [pool-377-thread-1] INFO  impl.RoleInfo (RoleInfo.java:updateAndGet(143)) - bf4a83d9-7bab-4b6f-8392-1b3160a0da61: start FollowerState
2020-07-22 13:35:53,920 [pool-377-thread-1] INFO  util.JmxRegister (JmxRegister.java:tryRegister(44)) - Successfully registered JMX Bean with object name Ratis:service=RaftServer,group=group-3A617CA5F1E2,id=bf4a83d9-7bab-4b6f-8392-1b3160a0da61
2020-07-22 13:35:53,920 [pool-377-thread-1] INFO  metrics.RatisMetrics (RatisMetrics.java:lambda$create$0(36)) - Creating Metrics Registry : ratis.state_machine.bf4a83d9-7bab-4b6f-8392-1b3160a0da61@group-3A617CA5F1E2
2020-07-22 13:35:53,935 [grpc-default-executor-0] INFO  impl.RaftServerProxy (RaftServerProxy.java:addNew(89)) - 8d5d3460-f504-40b5-aaaf-08a8f79d520e: addNew group-3A617CA5F1E2:[bf4a83d9-7bab-4b6f-8392-1b3160a0da61:172.17.0.2:41481, 533bc4e3-485c-4c45-abfa-e25747e2fc79:172.17.0.2:41681, 8d5d3460-f504-40b5-aaaf-08a8f79d520e:172.17.0.2:46575] returns group-3A617CA5F1E2:java.util.concurrent.CompletableFuture@75b5b188[Not completed]
2020-07-22 13:35:53,935 [pool-362-thread-1] INFO  impl.RaftServerImpl (RaftServerImpl.java:<init>(107)) - 8d5d3460-f504-40b5-aaaf-08a8f79d520e: new RaftServerImpl for group-3A617CA5F1E2:[bf4a83d9-7bab-4b6f-8392-1b3160a0da61:172.17.0.2:41481, 533bc4e3-485c-4c45-abfa-e25747e2fc79:172.17.0.2:41681, 8d5d3460-f504-40b5-aaaf-08a8f79d520e:172.17.0.2:46575] with ContainerStateMachine:uninitialized
2020-07-22 13:35:53,935 [pool-362-thread-1] INFO  server.RaftServerConfigKeys (ConfUtils.java:logGet(44)) - raft.server.rpc.timeout.min = 5s (custom)
2020-07-22 13:35:53,936 [pool-362-thread-1] INFO  server.RaftServerConfigKeys (ConfUtils.java:logGet(44)) - raft.server.rpc.timeout.max = 5200ms (custom)
2020-07-22 13:35:53,936 [pool-362-thread-1] INFO  server.RaftServerConfigKeys (ConfUtils.java:logGet(44)) - raft.server.rpcslowness.timeout = 300000ms (custom)
2020-07-22 13:35:53,936 [pool-362-thread-1] INFO  server.RaftServerConfigKeys (ConfUtils.java:logGet(44)) - raft.server.sleep.deviation.threshold = 300 (default)
2020-07-22 13:35:53,936 [pool-362-thread-1] INFO  server.RaftServerConfigKeys (ConfUtils.java:logGet(44)) - raft.server.log.appender.install.snapshot.enabled = false (custom)
2020-07-22 13:35:53,936 [pool-362-thread-1] INFO  impl.RaftServerImpl (ServerState.java:<init>(103)) - 8d5d3460-f504-40b5-aaaf-08a8f79d520e@group-3A617CA5F1E2: ConfigurationManager, init=-1: [bf4a83d9-7bab-4b6f-8392-1b3160a0da61:172.17.0.2:41481, 533bc4e3-485c-4c45-abfa-e25747e2fc79:172.17.0.2:41681, 8d5d3460-f504-40b5-aaaf-08a8f79d520e:172.17.0.2:46575], old=null, confs=<EMPTY_MAP>
2020-07-22 13:35:53,936 [pool-362-thread-1] INFO  server.RaftServerConfigKeys (ConfUtils.java:logGet(44)) - raft.server.storage.dir = [/github/workspace/mnt/ozone/hadoop-ozone/integration-test/target/test-dir/MiniOzoneClusterImpl-d98e4c18-9a08-44b7-83b8-49402f47e02b/datanode-1/data/ratis] (custom)
2020-07-22 13:35:53,936 [pool-362-thread-1] INFO  server.RaftServerConfigKeys (ConfUtils.java:logGet(44)) - raft.server.log.corruption.policy = EXCEPTION (default)
2020-07-22 13:35:53,936 [pool-362-thread-1] INFO  storage.RaftStorageDirectory (RaftStorageDirectory.java:analyzeStorage(261)) - The storage directory /github/workspace/mnt/ozone/hadoop-ozone/integration-test/target/test-dir/MiniOzoneClusterImpl-d98e4c18-9a08-44b7-83b8-49402f47e02b/datanode-1/data/ratis/855c6ed9-2d0e-4242-9358-3a617ca5f1e2 does not exist. Creating ...
2020-07-22 13:35:53,938 [pool-362-thread-1] INFO  storage.RaftStorageDirectory (RaftStorageDirectory.java:tryLock(343)) - Lock on /github/workspace/mnt/ozone/hadoop-ozone/integration-test/target/test-dir/MiniOzoneClusterImpl-d98e4c18-9a08-44b7-83b8-49402f47e02b/datanode-1/data/ratis/855c6ed9-2d0e-4242-9358-3a617ca5f1e2/in_use.lock acquired by nodename 5153@95ae26560d66
2020-07-22 13:35:53,940 [pool-362-thread-1] INFO  storage.RaftStorage (RaftStorage.java:format(84)) - Storage directory /github/workspace/mnt/ozone/hadoop-ozone/integration-test/target/test-dir/MiniOzoneClusterImpl-d98e4c18-9a08-44b7-83b8-49402f47e02b/datanode-1/data/ratis/855c6ed9-2d0e-4242-9358-3a617ca5f1e2 has been successfully formatted.
2020-07-22 13:35:53,940 [pool-362-thread-1] INFO  ratis.ContainerStateMachine (ContainerStateMachine.java:loadSnapshot(225)) - group-3A617CA5F1E2: The snapshot info is null. Setting the last applied indexto:(t:0, i:~)
2020-07-22 13:35:53,940 [pool-362-thread-1] INFO  server.RaftServerConfigKeys (ConfUtils.java:logGet(44)) - raft.server.notification.no-leader.timeout = 300000ms (custom)
2020-07-22 13:35:53,940 [pool-362-thread-1] INFO  server.RaftServerConfigKeys (ConfUtils.java:logGet(44)) - raft.server.log.use.memory = false (default)
2020-07-22 13:35:53,940 [pool-362-thread-1] INFO  server.RaftServerConfigKeys (ConfUtils.java:logGet(44)) - raft.server.log.purge.gap = 1000000 (custom)
2020-07-22 13:35:53,941 [pool-362-thread-1] INFO  metrics.RatisMetrics (RatisMetrics.java:lambda$create$0(36)) - Creating Metrics Registry : ratis.log_worker.8d5d3460-f504-40b5-aaaf-08a8f79d520e@group-3A617CA5F1E2
2020-07-22 13:35:53,941 [pool-362-thread-1] INFO  server.RaftServerConfigKeys (ConfUtils.java:logGet(44)) - raft.server.log.appender.buffer.byte-limit = 33554432 (custom)
2020-07-22 13:35:53,941 [pool-362-thread-1] INFO  server.RaftServerConfigKeys (ConfUtils.java:logGet(44)) - raft.server.log.segment.size.max = 1048576 (custom)
2020-07-22 13:35:53,941 [pool-362-thread-1] INFO  server.RaftServerConfigKeys (ConfUtils.java:logGet(44)) - raft.server.log.segment.cache.num.max = 2 (custom)
2020-07-22 13:35:53,942 [Command processor thread] INFO  impl.RaftServerProxy (RaftServerProxy.java:remove(100)) - 8d5d3460-f504-40b5-aaaf-08a8f79d520e: remove  FOLLOWER 8d5d3460-f504-40b5-aaaf-08a8f79d520e@group-5036543F5276:t1, leader=bf4a83d9-7bab-4b6f-8392-1b3160a0da61, voted=bf4a83d9-7bab-4b6f-8392-1b3160a0da61, raftlog=8d5d3460-f504-40b5-aaaf-08a8f79d520e@group-5036543F5276-SegmentedRaftLog:OPENED:c1,f2,i2, conf=0: [bf4a83d9-7bab-4b6f-8392-1b3160a0da61:172.17.0.2:41481, 533bc4e3-485c-4c45-abfa-e25747e2fc79:172.17.0.2:41681, 8d5d3460-f504-40b5-aaaf-08a8f79d520e:172.17.0.2:46575], old=null RUNNING
2020-07-22 13:35:53,942 [Command processor thread] INFO  impl.RaftServerImpl (RaftServerImpl.java:lambda$shutdown$3(263)) - 8d5d3460-f504-40b5-aaaf-08a8f79d520e@group-5036543F5276: shutdown
2020-07-22 13:35:53,942 [Command processor thread] INFO  util.JmxRegister (JmxRegister.java:unregister(73)) - Successfully un-registered JMX Bean with object name Ratis:service=RaftServer,group=group-5036543F5276,id=8d5d3460-f504-40b5-aaaf-08a8f79d520e
2020-07-22 13:35:53,942 [Command processor thread] INFO  impl.RoleInfo (RoleInfo.java:shutdownFollowerState(121)) - 8d5d3460-f504-40b5-aaaf-08a8f79d520e: shutdown FollowerState
2020-07-22 13:35:53,942 [Command processor thread] INFO  impl.StateMachineUpdater (StateMachineUpdater.java:stopAndJoin(142)) - 8d5d3460-f504-40b5-aaaf-08a8f79d520e@group-5036543F5276-StateMachineUpdater: set stopIndex = 1
2020-07-22 13:35:53,942 [Thread-1318] INFO  impl.FollowerState (FollowerState.java:run(117)) - 8d5d3460-f504-40b5-aaaf-08a8f79d520e@group-5036543F5276-FollowerState was interrupted: java.lang.InterruptedException: sleep interrupted
2020-07-22 13:35:53,943 [8d5d3460-f504-40b5-aaaf-08a8f79d520e@group-5036543F5276-StateMachineUpdater] INFO  ratis.ContainerStateMachine (ContainerStateMachine.java:takeSnapshot(293)) - group-5036543F5276: Taking a snapshot at:(t:1, i:1) file /github/workspace/mnt/ozone/hadoop-ozone/integration-test/target/test-dir/MiniOzoneClusterImpl-d98e4c18-9a08-44b7-83b8-49402f47e02b/datanode-1/data/ratis/d0820786-0575-428c-b8e6-5036543f5276/sm/snapshot.1_1
2020-07-22 13:35:53,944 [8d5d3460-f504-40b5-aaaf-08a8f79d520e@group-5036543F5276-StateMachineUpdater] INFO  ratis.ContainerStateMachine (ContainerStateMachine.java:takeSnapshot(304)) - group-5036543F5276: Finished taking a snapshot at:(t:1, i:1) file:/github/workspace/mnt/ozone/hadoop-ozone/integration-test/target/test-dir/MiniOzoneClusterImpl-d98e4c18-9a08-44b7-83b8-49402f47e02b/datanode-1/data/ratis/d0820786-0575-428c-b8e6-5036543f5276/sm/snapshot.1_1 time:1
2020-07-22 13:35:53,944 [pool-362-thread-1] INFO  segmented.SegmentedRaftLogWorker (SegmentedRaftLogWorker.java:<init>(180)) - new 8d5d3460-f504-40b5-aaaf-08a8f79d520e@group-3A617CA5F1E2-SegmentedRaftLogWorker for RaftStorage:Storage Directory /github/workspace/mnt/ozone/hadoop-ozone/integration-test/target/test-dir/MiniOzoneClusterImpl-d98e4c18-9a08-44b7-83b8-49402f47e02b/datanode-1/data/ratis/855c6ed9-2d0e-4242-9358-3a617ca5f1e2
2020-07-22 13:35:53,944 [pool-362-thread-1] INFO  server.RaftServerConfigKeys (ConfUtils.java:logGet(44)) - raft.server.log.queue.byte-limit = 2147483647 (custom)
2020-07-22 13:35:53,944 [pool-362-thread-1] INFO  server.RaftServerConfigKeys (ConfUtils.java:logGet(44)) - raft.server.log.queue.element-limit = 1024 (custom)
2020-07-22 13:35:53,944 [8d5d3460-f504-40b5-aaaf-08a8f79d520e@group-5036543F5276-StateMachineUpdater] INFO  impl.StateMachineUpdater (StateMachineUpdater.java:takeSnapshot(277)) - 8d5d3460-f504-40b5-aaaf-08a8f79d520e@group-5036543F5276-StateMachineUpdater: Took a snapshot at index 1
2020-07-22 13:35:53,944 [8d5d3460-f504-40b5-aaaf-08a8f79d520e@group-5036543F5276-StateMachineUpdater] INFO  impl.StateMachineUpdater (StateMachineUpdater.java:lambda$new$0(87)) - 8d5d3460-f504-40b5-aaaf-08a8f79d520e@group-5036543F5276-StateMachineUpdater: snapshotIndex: updateIncreasingly -1 -> 1
2020-07-22 13:35:53,944 [8d5d3460-f504-40b5-aaaf-08a8f79d520e@group-5036543F5276-StateMachineUpdater] INFO  metrics.RatisMetrics (RatisMetrics.java:unregister(43)) - Unregistering Metrics Registry : ratis.state_machine.8d5d3460-f504-40b5-aaaf-08a8f79d520e@group-5036543F5276
2020-07-22 13:35:53,944 [Command processor thread] INFO  impl.RaftServerImpl (ServerState.java:close(387)) - 8d5d3460-f504-40b5-aaaf-08a8f79d520e@group-5036543F5276: closes. applyIndex: 1
2020-07-22 13:35:53,944 [8d5d3460-f504-40b5-aaaf-08a8f79d520e@group-5036543F5276-SegmentedRaftLogWorker] INFO  segmented.SegmentedRaftLogWorker (SegmentedRaftLogWorker.java:run(327)) - 8d5d3460-f504-40b5-aaaf-08a8f79d520e@group-5036543F5276-SegmentedRaftLogWorker was interrupted, exiting. There are 0 tasks remaining in the queue.
2020-07-22 13:35:53,944 [pool-362-thread-1] INFO  server.RaftServerConfigKeys (ConfUtils.java:logGet(44)) - raft.server.log.segment.size.max = 1048576 (custom)
2020-07-22 13:35:53,945 [pool-362-thread-1] INFO  server.RaftServerConfigKeys (ConfUtils.java:logGet(44)) - raft.server.log.preallocated.size = 16384 (custom)
2020-07-22 13:35:53,945 [Command processor thread] INFO  segmented.SegmentedRaftLogWorker (SegmentedRaftLogWorker.java:close(234)) - 8d5d3460-f504-40b5-aaaf-08a8f79d520e@group-5036543F5276-SegmentedRaftLogWorker close()
2020-07-22 13:35:53,946 [pool-362-thread-1] INFO  server.RaftServerConfigKeys (ConfUtils.java:logGet(44)) - raft.server.log.write.buffer.size = 1048576 (custom)
2020-07-22 13:35:53,947 [Command processor thread] INFO  metrics.RatisMetrics (RatisMetrics.java:unregister(43)) - Unregistering Metrics Registry : ratis.log_worker.8d5d3460-f504-40b5-aaaf-08a8f79d520e@group-5036543F5276
2020-07-22 13:35:53,947 [Command processor thread] INFO  metrics.RatisMetrics (RatisMetrics.java:unregister(43)) - Unregistering Metrics Registry : ratis.leader_election.8d5d3460-f504-40b5-aaaf-08a8f79d520e@group-5036543F5276
2020-07-22 13:35:53,948 [Command processor thread] INFO  metrics.RatisMetrics (RatisMetrics.java:unregister(43)) - Unregistering Metrics Registry : ratis.server.8d5d3460-f504-40b5-aaaf-08a8f79d520e@group-5036543F5276
2020-07-22 13:35:53,948 [Command processor thread] INFO  impl.RaftServerImpl (RaftServerImpl.java:lambda$shutdown$3(301)) - 8d5d3460-f504-40b5-aaaf-08a8f79d520e@group-5036543F5276: Succeed to remove RaftStorageDirectory Storage Directory /github/workspace/mnt/ozone/hadoop-ozone/integration-test/target/test-dir/MiniOzoneClusterImpl-d98e4c18-9a08-44b7-83b8-49402f47e02b/datanode-1/data/ratis/d0820786-0575-428c-b8e6-5036543f5276
2020-07-22 13:35:53,949 [pool-362-thread-1] INFO  server.RaftServerConfigKeys (ConfUtils.java:logGet(44)) - raft.server.log.force.sync.num = 128 (default)
2020-07-22 13:35:53,949 [pool-362-thread-1] INFO  server.RaftServerConfigKeys (ConfUtils.java:logGet(44)) - raft.server.log.statemachine.data.sync = true (default)
2020-07-22 13:35:53,949 [pool-362-thread-1] INFO  server.RaftServerConfigKeys (ConfUtils.java:logGet(44)) - raft.server.log.statemachine.data.sync.timeout = 10s (default)
2020-07-22 13:35:53,949 [pool-362-thread-1] INFO  server.RaftServerConfigKeys (ConfUtils.java:logGet(44)) - raft.server.log.statemachine.data.sync.timeout.retry = -1 (default)
2020-07-22 13:35:53,951 [pool-362-thread-1] INFO  server.RaftServerConfigKeys (ConfUtils.java:logGet(44)) - raft.server.log.statemachine.data.caching.enabled = true (custom)
2020-07-22 13:35:53,952 [Command processor thread] INFO  interfaces.Container (KeyValueContainer.java:flushAndSyncDB(382)) - Container 1 is synced with bcsId 0.
2020-07-22 13:35:53,953 [Command processor thread] INFO  interfaces.Container (KeyValueContainer.java:flushAndSyncDB(382)) - Container 1 is synced with bcsId 0.
2020-07-22 13:35:53,956 [pool-362-thread-1] INFO  segmented.SegmentedRaftLogWorker (SegmentedRaftLogWorker.java:lambda$new$0(129)) - 8d5d3460-f504-40b5-aaaf-08a8f79d520e@group-3A617CA5F1E2-SegmentedRaftLogWorker: flushIndex: setUnconditionally 0 -> -1
2020-07-22 13:35:53,956 [pool-362-thread-1] INFO  segmented.SegmentedRaftLogWorker (SegmentedRaftLogWorker.java:lambda$new$0(129)) - 8d5d3460-f504-40b5-aaaf-08a8f79d520e@group-3A617CA5F1E2-SegmentedRaftLogWorker: safeCacheEvictIndex: setUnconditionally 0 -> -1
2020-07-22 13:35:53,956 [pool-362-thread-1] INFO  server.RaftServerConfigKeys (ConfUtils.java:logGet(44)) - raft.server.snapshot.auto.trigger.enabled = true (custom)
2020-07-22 13:35:53,956 [pool-362-thread-1] INFO  server.RaftServerConfigKeys (ConfUtils.java:logGet(44)) - raft.server.snapshot.auto.trigger.threshold = 10000 (custom)
2020-07-22 13:35:53,957 [pool-362-thread-1] INFO  server.RaftServerConfigKeys (ConfUtils.java:logGet(44)) - raft.server.snapshot.retention.file.num = 5 (custom)
2020-07-22 13:35:53,957 [pool-362-thread-1] INFO  server.RaftServerConfigKeys (ConfUtils.java:logGet(44)) - raft.server.log.purge.upto.snapshot.index = false (default)
2020-07-22 13:35:53,957 [pool-362-thread-1] INFO  server.RaftServerConfigKeys (ConfUtils.java:logGet(44)) - raft.server.retrycache.expirytime = 600000ms (custom)
2020-07-22 13:35:53,957 [pool-362-thread-1] INFO  metrics.RatisMetrics (RatisMetrics.java:lambda$create$0(36)) - Creating Metrics Registry : ratis.leader_election.8d5d3460-f504-40b5-aaaf-08a8f79d520e@group-3A617CA5F1E2
2020-07-22 13:35:53,957 [Command processor thread] INFO  commandhandler.ClosePipelineCommandHandler (ClosePipelineCommandHandler.java:handle(78)) - Close Pipeline #id: "d0820786-0575-428c-b8e6-5036543f5276"
uuid128 {
  mostSigBits: -3422164494649572724
  leastSigBits: -5123319331815468426
}
 command on datanode #8d5d3460-f504-40b5-aaaf-08a8f79d520e.
2020-07-22 13:35:53,957 [Command processor thread] WARN  impl.RaftServerProxy (RaftServerProxy.java:remove(95)) - 8d5d3460-f504-40b5-aaaf-08a8f79d520e: does not contain group: group-5036543F5276
2020-07-22 13:35:53,958 [Command processor thread] ERROR commandhandler.ClosePipelineCommandHandler (ClosePipelineCommandHandler.java:handle(81)) - Can't close pipeline #id: "d0820786-0575-428c-b8e6-5036543f5276"
uuid128 {
  mostSigBits: -3422164494649572724
  leastSigBits: -5123319331815468426
}

java.io.IOException: 8d5d3460-f504-40b5-aaaf-08a8f79d520e: Group group-5036543F5276 not found.
	at org.apache.hadoop.ozone.container.common.transport.server.ratis.XceiverServerRatis.removeGroup(XceiverServerRatis.java:740)
	at org.apache.hadoop.ozone.container.common.statemachine.commandhandler.ClosePipelineCommandHandler.handle(ClosePipelineCommandHandler.java:77)
	at org.apache.hadoop.ozone.container.common.statemachine.commandhandler.CommandDispatcher.handle(CommandDispatcher.java:99)
	at org.apache.hadoop.ozone.container.common.statemachine.DatanodeStateMachine.lambda$initCommandHandlerThread$1(DatanodeStateMachine.java:465)
	at java.lang.Thread.run(Thread.java:748)
Caused by: org.apache.ratis.protocol.GroupMismatchException: 8d5d3460-f504-40b5-aaaf-08a8f79d520e: Group group-5036543F5276 not found.
	at org.apache.ratis.server.impl.RaftServerProxy.groupRemoveAsync(RaftServerProxy.java:414)
	at org.apache.ratis.server.impl.RaftServerProxy.groupManagementAsync(RaftServerProxy.java:372)
	at org.apache.ratis.server.impl.RaftServerProxy.groupManagement(RaftServerProxy.java:355)
	at org.apache.hadoop.ozone.container.common.transport.server.ratis.XceiverServerRatis.removeGroup(XceiverServerRatis.java:738)
	... 4 more
2020-07-22 13:35:53,958 [pool-362-thread-1] INFO  metrics.RatisMetrics (RatisMetrics.java:lambda$create$0(36)) - Creating Metrics Registry : ratis.server.8d5d3460-f504-40b5-aaaf-08a8f79d520e@group-3A617CA5F1E2
2020-07-22 13:35:53,962 [pool-362-thread-1] INFO  impl.RaftServerImpl (RaftServerImpl.java:start(196)) - 8d5d3460-f504-40b5-aaaf-08a8f79d520e@group-3A617CA5F1E2: start as a follower, conf=-1: [bf4a83d9-7bab-4b6f-8392-1b3160a0da61:172.17.0.2:41481, 533bc4e3-485c-4c45-abfa-e25747e2fc79:172.17.0.2:41681, 8d5d3460-f504-40b5-aaaf-08a8f79d520e:172.17.0.2:46575], old=null
2020-07-22 13:35:53,962 [pool-362-thread-1] INFO  impl.RaftServerImpl (RaftServerImpl.java:setRole(185)) - 8d5d3460-f504-40b5-aaaf-08a8f79d520e@group-3A617CA5F1E2: changes role from      null to FOLLOWER at term 0 for startAsFollower
2020-07-22 13:35:53,962 [pool-362-thread-1] INFO  impl.RoleInfo (RoleInfo.java:updateAndGet(143)) - 8d5d3460-f504-40b5-aaaf-08a8f79d520e: start FollowerState
2020-07-22 13:35:53,963 [pool-362-thread-1] INFO  util.JmxRegister (JmxRegister.java:tryRegister(44)) - Successfully registered JMX Bean with object name Ratis:service=RaftServer,group=group-3A617CA5F1E2,id=8d5d3460-f504-40b5-aaaf-08a8f79d520e
2020-07-22 13:35:53,963 [pool-362-thread-1] INFO  metrics.RatisMetrics (RatisMetrics.java:lambda$create$0(36)) - Creating Metrics Registry : ratis.state_machine.8d5d3460-f504-40b5-aaaf-08a8f79d520e@group-3A617CA5F1E2
2020-07-22 13:35:53,968 [Command processor thread] INFO  commandhandler.CreatePipelineCommandHandler (CreatePipelineCommandHandler.java:handle(109)) - Created Pipeline RATIS THREE #id: "855c6ed9-2d0e-4242-9358-3a617ca5f1e2"
uuid128 {
  mostSigBits: -8837066489764887998
  leastSigBits: -7829443761806118430
}
.
2020-07-22 13:35:54,405 [Datanode State Machine Thread - 0] INFO  statemachine.DatanodeStateMachine (DatanodeStateMachine.java:lambda$startDaemon$0(380)) - Ozone container server started.
2020-07-22 13:35:56,016 [EventQueue-Delayed safe mode statusForReplicationManager] INFO  container.ReplicationManager (ReplicationManager.java:start(177)) - Starting Replication Monitor Thread.
2020-07-22 13:35:56,019 [ReplicationMonitor] INFO  container.ReplicationManager (ReplicationManager.java:forceCloseContainer(494)) - Force closing container #1 with BCSID 0, which is in QUASI_CLOSED state.
2020-07-22 13:35:56,020 [ReplicationMonitor] INFO  container.ReplicationManager (ReplicationManager.java:sendCloseCommand(783)) - Sending close container command for container #1 to datanode 8d5d3460-f504-40b5-aaaf-08a8f79d520e{ip: 172.17.0.2, host: 95ae26560d66, networkLocation: /default-rack, certSerialId: null}.
2020-07-22 13:35:56,020 [ReplicationMonitor] INFO  container.ReplicationManager (ReplicationManager.java:sendCloseCommand(783)) - Sending close container command for container #1 to datanode 533bc4e3-485c-4c45-abfa-e25747e2fc79{ip: 172.17.0.2, host: 95ae26560d66, networkLocation: /default-rack, certSerialId: null}.
2020-07-22 13:35:56,020 [ReplicationMonitor] INFO  container.ReplicationManager (ReplicationManager.java:sendCloseCommand(783)) - Sending close container command for container #1 to datanode bf4a83d9-7bab-4b6f-8392-1b3160a0da61{ip: 172.17.0.2, host: 95ae26560d66, networkLocation: /default-rack, certSerialId: null}.
2020-07-22 13:35:56,020 [ReplicationMonitor] INFO  container.ReplicationManager (ReplicationManager.java:run(241)) - Replication Monitor Thread took 3 milliseconds for processing 1 containers.
2020-07-22 13:35:57,892 [Command processor thread] INFO  interfaces.Container (KeyValueContainer.java:flushAndSyncDB(382)) - Container 1 is synced with bcsId 0.
2020-07-22 13:35:57,892 [Command processor thread] INFO  interfaces.Container (KeyValueContainer.java:flushAndSyncDB(382)) - Container 1 is synced with bcsId 0.
2020-07-22 13:35:57,894 [Command processor thread] INFO  interfaces.Container (KeyValueContainer.java:close(320)) - Container 1 is closed with bcsId 0.
2020-07-22 13:35:57,895 [EventQueue-IncrementalContainerReportForIncrementalContainerReportHandler] INFO  container.IncrementalContainerReportHandler (AbstractContainerReportHandler.java:updateContainerState(197)) - Moving container #1 to CLOSED state, datanode 533bc4e3-485c-4c45-abfa-e25747e2fc79{ip: 172.17.0.2, host: 95ae26560d66, networkLocation: /default-rack, certSerialId: null} reported CLOSED replica.
2020-07-22 13:35:57,958 [Command processor thread] INFO  interfaces.Container (KeyValueContainer.java:flushAndSyncDB(382)) - Container 1 is synced with bcsId 0.
2020-07-22 13:35:57,958 [Command processor thread] INFO  interfaces.Container (KeyValueContainer.java:flushAndSyncDB(382)) - Container 1 is synced with bcsId 0.
2020-07-22 13:35:57,960 [Command processor thread] INFO  interfaces.Container (KeyValueContainer.java:close(320)) - Container 1 is closed with bcsId 0.
2020-07-22 13:35:58,905 [ForkJoinPool.commonPool-worker-0] INFO  ozoneimpl.OzoneContainer (OzoneContainer.java:stop(250)) - Attempting to stop container services.
2020-07-22 13:35:58,905 [Listener at 127.0.0.1/40109] INFO  ozoneimpl.OzoneContainer (OzoneContainer.java:stop(250)) - Attempting to stop container services.
2020-07-22 13:35:58,906 [ForkJoinPool.commonPool-worker-0] INFO  impl.RaftServerProxy (RaftServerProxy.java:lambda$close$4(319)) - bf4a83d9-7bab-4b6f-8392-1b3160a0da61: close
2020-07-22 13:35:58,906 [Listener at 127.0.0.1/40109] INFO  impl.RaftServerProxy (RaftServerProxy.java:lambda$close$4(319)) - 71897167-da37-4e00-88cd-50d9bd9cf0b6: close
2020-07-22 13:35:58,906 [Listener at 127.0.0.1/40109] INFO  impl.RaftServerImpl (RaftServerImpl.java:lambda$shutdown$3(263)) - 71897167-da37-4e00-88cd-50d9bd9cf0b6@group-7D18B211F00E: shutdown
2020-07-22 13:35:58,906 [ForkJoinPool.commonPool-worker-0] INFO  impl.RaftServerImpl (RaftServerImpl.java:lambda$shutdown$3(263)) - bf4a83d9-7bab-4b6f-8392-1b3160a0da61@group-0B543CA583A7: shutdown
2020-07-22 13:35:58,906 [ForkJoinPool.commonPool-worker-0] INFO  util.JmxRegister (JmxRegister.java:unregister(73)) - Successfully un-registered JMX Bean with object name Ratis:service=RaftServer,group=group-0B543CA583A7,id=bf4a83d9-7bab-4b6f-8392-1b3160a0da61
2020-07-22 13:35:58,907 [ForkJoinPool.commonPool-worker-0] INFO  impl.RoleInfo (RoleInfo.java:shutdownLeaderState(104)) - bf4a83d9-7bab-4b6f-8392-1b3160a0da61: shutdown LeaderState
2020-07-22 13:35:58,906 [Listener at 127.0.0.1/40109] INFO  util.JmxRegister (JmxRegister.java:unregister(73)) - Successfully un-registered JMX Bean with object name Ratis:service=RaftServer,group=group-7D18B211F00E,id=71897167-da37-4e00-88cd-50d9bd9cf0b6
2020-07-22 13:35:58,907 [Listener at 127.0.0.1/40109] INFO  impl.RoleInfo (RoleInfo.java:shutdownLeaderState(104)) - 71897167-da37-4e00-88cd-50d9bd9cf0b6: shutdown LeaderState
2020-07-22 13:35:58,907 [Listener at 127.0.0.1/40109] INFO  metrics.RatisMetrics (RatisMetrics.java:unregister(43)) - Unregistering Metrics Registry : ratis_grpc.log_appender.71897167-da37-4e00-88cd-50d9bd9cf0b6@group-7D18B211F00E
2020-07-22 13:35:58,907 [ForkJoinPool.commonPool-worker-0] INFO  impl.PendingRequests (PendingRequests.java:sendNotLeaderResponses(249)) - bf4a83d9-7bab-4b6f-8392-1b3160a0da61@group-0B543CA583A7-PendingRequests: sendNotLeaderResponses
2020-07-22 13:35:58,907 [org.apache.ratis.server.impl.LogAppender$AppenderDaemon$$Lambda$448/604565204@29ebbecc] WARN  server.GrpcLogAppender (GrpcLogAppender.java:mayWait(153)) - 71897167-da37-4e00-88cd-50d9bd9cf0b6@group-7D18B211F00E->d6d1ac88-c565-49dc-b661-e5233392d177-GrpcLogAppender: Wait interrupted by java.lang.InterruptedException
2020-07-22 13:35:58,907 [ForkJoinPool.commonPool-worker-0] INFO  metrics.RatisMetrics (RatisMetrics.java:unregister(43)) - Unregistering Metrics Registry : ratis.log_appender.bf4a83d9-7bab-4b6f-8392-1b3160a0da61@group-0B543CA583A7
2020-07-22 13:35:58,908 [ForkJoinPool.commonPool-worker-0] INFO  metrics.RatisMetrics (RatisMetrics.java:unregister(43)) - Unregistering Metrics Registry : ratis.server.bf4a83d9-7bab-4b6f-8392-1b3160a0da61@group-0B543CA583A7
2020-07-22 13:35:58,908 [grpc-default-executor-0] INFO  server.GrpcServerProtocolService (GrpcServerProtocolService.java:onCompleted(138)) - d6d1ac88-c565-49dc-b661-e5233392d177: Completed APPEND_ENTRIES, lastRequest: 71897167-da37-4e00-88cd-50d9bd9cf0b6->d6d1ac88-c565-49dc-b661-e5233392d177#1-t1, previous=(t:0, i:0), leaderCommit=0, initializing? false, entries: size=1, first=(t:1, i:0), CONFIGURATIONENTRY
2020-07-22 13:35:58,907 [Listener at 127.0.0.1/40109] INFO  metrics.RatisMetrics (RatisMetrics.java:unregister(43)) - Unregistering Metrics Registry : ratis_grpc.log_appender.71897167-da37-4e00-88cd-50d9bd9cf0b6@group-7D18B211F00E
2020-07-22 13:35:58,912 [Listener at 127.0.0.1/40109] INFO  impl.PendingRequests (PendingRequests.java:sendNotLeaderResponses(249)) - 71897167-da37-4e00-88cd-50d9bd9cf0b6@group-7D18B211F00E-PendingRequests: sendNotLeaderResponses
2020-07-22 13:35:58,912 [Listener at 127.0.0.1/40109] INFO  metrics.RatisMetrics (RatisMetrics.java:unregister(43)) - Unregistering Metrics Registry : ratis.log_appender.71897167-da37-4e00-88cd-50d9bd9cf0b6@group-7D18B211F00E
2020-07-22 13:35:58,912 [Listener at 127.0.0.1/40109] INFO  metrics.RatisMetrics (RatisMetrics.java:unregister(43)) - Unregistering Metrics Registry : ratis.server.71897167-da37-4e00-88cd-50d9bd9cf0b6@group-7D18B211F00E
2020-07-22 13:35:58,911 [bf4a83d9-7bab-4b6f-8392-1b3160a0da61@group-0B543CA583A7-StateMachineUpdater] INFO  ratis.ContainerStateMachine (ContainerStateMachine.java:takeSnapshot(293)) - group-0B543CA583A7: Taking a snapshot at:(t:1, i:0) file /github/workspace/mnt/ozone/hadoop-ozone/integration-test/target/test-dir/MiniOzoneClusterImpl-d98e4c18-9a08-44b7-83b8-49402f47e02b/datanode-2/data/ratis/a8daf030-8516-4a11-bba9-0b543ca583a7/sm/snapshot.1_0
2020-07-22 13:35:58,911 [ForkJoinPool.commonPool-worker-0] INFO  impl.StateMachineUpdater (StateMachineUpdater.java:stopAndJoin(142)) - bf4a83d9-7bab-4b6f-8392-1b3160a0da61@group-0B543CA583A7-StateMachineUpdater: set stopIndex = 0
2020-07-22 13:35:58,913 [grpc-default-executor-0] INFO  server.GrpcLogAppender (GrpcLogAppender.java:onCompleted(319)) - 71897167-da37-4e00-88cd-50d9bd9cf0b6@group-7D18B211F00E->d6d1ac88-c565-49dc-b661-e5233392d177-AppendLogResponseHandler: follower responses appendEntries COMPLETED
2020-07-22 13:35:58,913 [71897167-da37-4e00-88cd-50d9bd9cf0b6@group-7D18B211F00E-StateMachineUpdater] INFO  ratis.ContainerStateMachine (ContainerStateMachine.java:takeSnapshot(293)) - group-7D18B211F00E: Taking a snapshot at:(t:1, i:0) file /github/workspace/mnt/ozone/hadoop-ozone/integration-test/target/test-dir/MiniOzoneClusterImpl-d98e4c18-9a08-44b7-83b8-49402f47e02b/datanode-4/data/ratis/a32141e0-60b8-44de-a3b2-7d18b211f00e/sm/snapshot.1_0
2020-07-22 13:35:58,914 [Listener at 127.0.0.1/40109] INFO  impl.StateMachineUpdater (StateMachineUpdater.java:stopAndJoin(142)) - 71897167-da37-4e00-88cd-50d9bd9cf0b6@group-7D18B211F00E-StateMachineUpdater: set stopIndex = 0
2020-07-22 13:35:58,913 [org.apache.ratis.server.impl.LogAppender$AppenderDaemon$$Lambda$448/604565204@54df79c] WARN  server.GrpcLogAppender (GrpcLogAppender.java:mayWait(153)) - 71897167-da37-4e00-88cd-50d9bd9cf0b6@group-7D18B211F00E->7993133d-5733-489d-9cab-688682c47555-GrpcLogAppender: Wait interrupted by java.lang.InterruptedException
2020-07-22 13:35:58,915 [71897167-da37-4e00-88cd-50d9bd9cf0b6@group-7D18B211F00E-StateMachineUpdater] INFO  ratis.ContainerStateMachine (ContainerStateMachine.java:takeSnapshot(304)) - group-7D18B211F00E: Finished taking a snapshot at:(t:1, i:0) file:/github/workspace/mnt/ozone/hadoop-ozone/integration-test/target/test-dir/MiniOzoneClusterImpl-d98e4c18-9a08-44b7-83b8-49402f47e02b/datanode-4/data/ratis/a32141e0-60b8-44de-a3b2-7d18b211f00e/sm/snapshot.1_0 time:1
2020-07-22 13:35:58,915 [71897167-da37-4e00-88cd-50d9bd9cf0b6@group-7D18B211F00E-StateMachineUpdater] INFO  impl.StateMachineUpdater (StateMachineUpdater.java:takeSnapshot(277)) - 71897167-da37-4e00-88cd-50d9bd9cf0b6@group-7D18B211F00E-StateMachineUpdater: Took a snapshot at index 0
2020-07-22 13:35:58,915 [71897167-da37-4e00-88cd-50d9bd9cf0b6@group-7D18B211F00E-StateMachineUpdater] INFO  impl.StateMachineUpdater (StateMachineUpdater.java:lambda$new$0(87)) - 71897167-da37-4e00-88cd-50d9bd9cf0b6@group-7D18B211F00E-StateMachineUpdater: snapshotIndex: updateIncreasingly -1 -> 0
2020-07-22 13:35:58,915 [71897167-da37-4e00-88cd-50d9bd9cf0b6@group-7D18B211F00E-StateMachineUpdater] INFO  metrics.RatisMetrics (RatisMetrics.java:unregister(43)) - Unregistering Metrics Registry : ratis.state_machine.71897167-da37-4e00-88cd-50d9bd9cf0b6@group-7D18B211F00E
2020-07-22 13:35:58,915 [Listener at 127.0.0.1/40109] INFO  impl.RaftServerImpl (ServerState.java:close(387)) - 71897167-da37-4e00-88cd-50d9bd9cf0b6@group-7D18B211F00E: closes. applyIndex: 0
2020-07-22 13:35:58,915 [71897167-da37-4e00-88cd-50d9bd9cf0b6@group-7D18B211F00E-SegmentedRaftLogWorker] INFO  segmented.SegmentedRaftLogWorker (SegmentedRaftLogWorker.java:run(327)) - 71897167-da37-4e00-88cd-50d9bd9cf0b6@group-7D18B211F00E-SegmentedRaftLogWorker was interrupted, exiting. There are 0 tasks remaining in the queue.
2020-07-22 13:35:58,913 [bf4a83d9-7bab-4b6f-8392-1b3160a0da61@group-0B543CA583A7-StateMachineUpdater] INFO  ratis.ContainerStateMachine (ContainerStateMachine.java:takeSnapshot(304)) - group-0B543CA583A7: Finished taking a snapshot at:(t:1, i:0) file:/github/workspace/mnt/ozone/hadoop-ozone/integration-test/target/test-dir/MiniOzoneClusterImpl-d98e4c18-9a08-44b7-83b8-49402f47e02b/datanode-2/data/ratis/a8daf030-8516-4a11-bba9-0b543ca583a7/sm/snapshot.1_0 time:2
2020-07-22 13:35:58,916 [Listener at 127.0.0.1/40109] INFO  segmented.SegmentedRaftLogWorker (SegmentedRaftLogWorker.java:close(234)) - 71897167-da37-4e00-88cd-50d9bd9cf0b6@group-7D18B211F00E-SegmentedRaftLogWorker close()
2020-07-22 13:35:58,917 [bf4a83d9-7bab-4b6f-8392-1b3160a0da61@group-0B543CA583A7-StateMachineUpdater] INFO  impl.StateMachineUpdater (StateMachineUpdater.java:takeSnapshot(277)) - bf4a83d9-7bab-4b6f-8392-1b3160a0da61@group-0B543CA583A7-StateMachineUpdater: Took a snapshot at index 0
2020-07-22 13:35:58,918 [bf4a83d9-7bab-4b6f-8392-1b3160a0da61@group-0B543CA583A7-StateMachineUpdater] INFO  impl.StateMachineUpdater (StateMachineUpdater.java:lambda$new$0(87)) - bf4a83d9-7bab-4b6f-8392-1b3160a0da61@group-0B543CA583A7-StateMachineUpdater: snapshotIndex: updateIncreasingly -1 -> 0
2020-07-22 13:35:58,918 [bf4a83d9-7bab-4b6f-8392-1b3160a0da61@group-0B543CA583A7-StateMachineUpdater] INFO  metrics.RatisMetrics (RatisMetrics.java:unregister(43)) - Unregistering Metrics Registry : ratis.state_machine.bf4a83d9-7bab-4b6f-8392-1b3160a0da61@group-0B543CA583A7
2020-07-22 13:35:58,918 [grpc-default-executor-0] INFO  impl.FollowerInfo (FollowerInfo.java:lambda$new$0(51)) - 71897167-da37-4e00-88cd-50d9bd9cf0b6@group-7D18B211F00E->d6d1ac88-c565-49dc-b661-e5233392d177: nextIndex: updateUnconditionally 1 -> 0
2020-07-22 13:35:58,918 [grpc-default-executor-5] INFO  server.GrpcServerProtocolService (GrpcServerProtocolService.java:onCompleted(138)) - 7993133d-5733-489d-9cab-688682c47555: Completed APPEND_ENTRIES, lastRequest: 71897167-da37-4e00-88cd-50d9bd9cf0b6->7993133d-5733-489d-9cab-688682c47555#1-t1, previous=(t:0, i:0), leaderCommit=0, initializing? false, entries: size=1, first=(t:1, i:0), CONFIGURATIONENTRY
2020-07-22 13:35:58,918 [ForkJoinPool.commonPool-worker-0] INFO  impl.RaftServerImpl (ServerState.java:close(387)) - bf4a83d9-7bab-4b6f-8392-1b3160a0da61@group-0B543CA583A7: closes. applyIndex: 0
2020-07-22 13:35:58,919 [bf4a83d9-7bab-4b6f-8392-1b3160a0da61@group-0B543CA583A7-SegmentedRaftLogWorker] INFO  segmented.SegmentedRaftLogWorker (SegmentedRaftLogWorker.java:run(327)) - bf4a83d9-7bab-4b6f-8392-1b3160a0da61@group-0B543CA583A7-SegmentedRaftLogWorker was interrupted, exiting. There are 0 tasks remaining in the queue.
2020-07-22 13:35:58,919 [grpc-default-executor-5] INFO  server.GrpcLogAppender (GrpcLogAppender.java:onCompleted(319)) - 71897167-da37-4e00-88cd-50d9bd9cf0b6@group-7D18B211F00E->7993133d-5733-489d-9cab-688682c47555-AppendLogResponseHandler: follower responses appendEntries COMPLETED
2020-07-22 13:35:58,924 [ForkJoinPool.commonPool-worker-0] INFO  segmented.SegmentedRaftLogWorker (SegmentedRaftLogWorker.java:close(234)) - bf4a83d9-7bab-4b6f-8392-1b3160a0da61@group-0B543CA583A7-SegmentedRaftLogWorker close()
2020-07-22 13:35:58,925 [Listener at 127.0.0.1/40109] INFO  metrics.RatisMetrics (RatisMetrics.java:unregister(43)) - Unregistering Metrics Registry : ratis.log_worker.71897167-da37-4e00-88cd-50d9bd9cf0b6@group-7D18B211F00E
2020-07-22 13:35:58,925 [Listener at 127.0.0.1/40109] INFO  metrics.RatisMetrics (RatisMetrics.java:unregister(43)) - Unregistering Metrics Registry : ratis.leader_election.71897167-da37-4e00-88cd-50d9bd9cf0b6@group-7D18B211F00E
2020-07-22 13:35:58,925 [Listener at 127.0.0.1/40109] INFO  metrics.RatisMetrics (RatisMetrics.java:unregister(43)) - Unregistering Metrics Registry : ratis.server.71897167-da37-4e00-88cd-50d9bd9cf0b6@group-7D18B211F00E
2020-07-22 13:35:58,925 [Listener at 127.0.0.1/40109] INFO  impl.RaftServerImpl (RaftServerImpl.java:lambda$shutdown$3(263)) - 71897167-da37-4e00-88cd-50d9bd9cf0b6@group-E8F1D820CBA9: shutdown
2020-07-22 13:35:58,925 [Listener at 127.0.0.1/40109] INFO  util.JmxRegister (JmxRegister.java:unregister(73)) - Successfully un-registered JMX Bean with object name Ratis:service=RaftServer,group=group-E8F1D820CBA9,id=71897167-da37-4e00-88cd-50d9bd9cf0b6
2020-07-22 13:35:58,926 [Listener at 127.0.0.1/40109] INFO  impl.RoleInfo (RoleInfo.java:shutdownLeaderState(104)) - 71897167-da37-4e00-88cd-50d9bd9cf0b6: shutdown LeaderState
2020-07-22 13:35:58,926 [Listener at 127.0.0.1/40109] INFO  impl.PendingRequests (PendingRequests.java:sendNotLeaderResponses(249)) - 71897167-da37-4e00-88cd-50d9bd9cf0b6@group-E8F1D820CBA9-PendingRequests: sendNotLeaderResponses
2020-07-22 13:35:58,926 [Listener at 127.0.0.1/40109] INFO  metrics.RatisMetrics (RatisMetrics.java:unregister(43)) - Unregistering Metrics Registry : ratis.log_appender.71897167-da37-4e00-88cd-50d9bd9cf0b6@group-E8F1D820CBA9
2020-07-22 13:35:58,926 [Listener at 127.0.0.1/40109] INFO  metrics.RatisMetrics (RatisMetrics.java:unregister(43)) - Unregistering Metrics Registry : ratis.server.71897167-da37-4e00-88cd-50d9bd9cf0b6@group-E8F1D820CBA9
2020-07-22 13:35:58,927 [Listener at 127.0.0.1/40109] INFO  impl.StateMachineUpdater (StateMachineUpdater.java:stopAndJoin(142)) - 71897167-da37-4e00-88cd-50d9bd9cf0b6@group-E8F1D820CBA9-StateMachineUpdater: set stopIndex = 0
2020-07-22 13:35:58,927 [71897167-da37-4e00-88cd-50d9bd9cf0b6@group-E8F1D820CBA9-StateMachineUpdater] INFO  ratis.ContainerStateMachine (ContainerStateMachine.java:takeSnapshot(293)) - group-E8F1D820CBA9: Taking a snapshot at:(t:1, i:0) file /github/workspace/mnt/ozone/hadoop-ozone/integration-test/target/test-dir/MiniOzoneClusterImpl-d98e4c18-9a08-44b7-83b8-49402f47e02b/datanode-4/data/ratis/dca35c69-e819-4af4-9b31-e8f1d820cba9/sm/snapshot.1_0
2020-07-22 13:35:58,927 [grpc-default-executor-5] INFO  impl.FollowerInfo (FollowerInfo.java:lambda$new$0(51)) - 71897167-da37-4e00-88cd-50d9bd9cf0b6@group-7D18B211F00E->7993133d-5733-489d-9cab-688682c47555: nextIndex: updateUnconditionally 1 -> 0
2020-07-22 13:35:58,928 [ForkJoinPool.commonPool-worker-0] INFO  metrics.RatisMetrics (RatisMetrics.java:unregister(43)) - Unregistering Metrics Registry : ratis.log_worker.bf4a83d9-7bab-4b6f-8392-1b3160a0da61@group-0B543CA583A7
2020-07-22 13:35:58,928 [ForkJoinPool.commonPool-worker-0] INFO  metrics.RatisMetrics (RatisMetrics.java:unregister(43)) - Unregistering Metrics Registry : ratis.leader_election.bf4a83d9-7bab-4b6f-8392-1b3160a0da61@group-0B543CA583A7
2020-07-22 13:35:58,928 [71897167-da37-4e00-88cd-50d9bd9cf0b6@group-E8F1D820CBA9-StateMachineUpdater] INFO  ratis.ContainerStateMachine (ContainerStateMachine.java:takeSnapshot(304)) - group-E8F1D820CBA9: Finished taking a snapshot at:(t:1, i:0) file:/github/workspace/mnt/ozone/hadoop-ozone/integration-test/target/test-dir/MiniOzoneClusterImpl-d98e4c18-9a08-44b7-83b8-49402f47e02b/datanode-4/data/ratis/dca35c69-e819-4af4-9b31-e8f1d820cba9/sm/snapshot.1_0 time:1
2020-07-22 13:35:58,928 [ForkJoinPool.commonPool-worker-0] INFO  metrics.RatisMetrics (RatisMetrics.java:unregister(43)) - Unregistering Metrics Registry : ratis.server.bf4a83d9-7bab-4b6f-8392-1b3160a0da61@group-0B543CA583A7
2020-07-22 13:35:58,928 [71897167-da37-4e00-88cd-50d9bd9cf0b6@group-E8F1D820CBA9-StateMachineUpdater] INFO  impl.StateMachineUpdater (StateMachineUpdater.java:takeSnapshot(277)) - 71897167-da37-4e00-88cd-50d9bd9cf0b6@group-E8F1D820CBA9-StateMachineUpdater: Took a snapshot at index 0
2020-07-22 13:35:58,928 [ForkJoinPool.commonPool-worker-0] INFO  impl.RaftServerImpl (RaftServerImpl.java:lambda$shutdown$3(263)) - bf4a83d9-7bab-4b6f-8392-1b3160a0da61@group-3A617CA5F1E2: shutdown
2020-07-22 13:35:58,928 [71897167-da37-4e00-88cd-50d9bd9cf0b6@group-E8F1D820CBA9-StateMachineUpdater] INFO  impl.StateMachineUpdater (StateMachineUpdater.java:lambda$new$0(87)) - 71897167-da37-4e00-88cd-50d9bd9cf0b6@group-E8F1D820CBA9-StateMachineUpdater: snapshotIndex: updateIncreasingly -1 -> 0
2020-07-22 13:35:58,928 [ForkJoinPool.commonPool-worker-0] INFO  util.JmxRegister (JmxRegister.java:unregister(73)) - Successfully un-registered JMX Bean with object name Ratis:service=RaftServer,group=group-3A617CA5F1E2,id=bf4a83d9-7bab-4b6f-8392-1b3160a0da61
2020-07-22 13:35:58,928 [71897167-da37-4e00-88cd-50d9bd9cf0b6@group-E8F1D820CBA9-StateMachineUpdater] INFO  metrics.RatisMetrics (RatisMetrics.java:unregister(43)) - Unregistering Metrics Registry : ratis.state_machine.71897167-da37-4e00-88cd-50d9bd9cf0b6@group-E8F1D820CBA9
2020-07-22 13:35:58,928 [ForkJoinPool.commonPool-worker-0] INFO  impl.RoleInfo (RoleInfo.java:shutdownFollowerState(121)) - bf4a83d9-7bab-4b6f-8392-1b3160a0da61: shutdown FollowerState
2020-07-22 13:35:58,929 [ForkJoinPool.commonPool-worker-0] INFO  impl.StateMachineUpdater (StateMachineUpdater.java:stopAndJoin(142)) - bf4a83d9-7bab-4b6f-8392-1b3160a0da61@group-3A617CA5F1E2-StateMachineUpdater: set stopIndex = -1
2020-07-22 13:35:58,929 [Thread-1386] INFO  impl.FollowerState (FollowerState.java:run(117)) - bf4a83d9-7bab-4b6f-8392-1b3160a0da61@group-3A617CA5F1E2-FollowerState was interrupted: java.lang.InterruptedException: sleep interrupted
2020-07-22 13:35:58,929 [bf4a83d9-7bab-4b6f-8392-1b3160a0da61@group-3A617CA5F1E2-StateMachineUpdater] INFO  metrics.RatisMetrics (RatisMetrics.java:unregister(43)) - Unregistering Metrics Registry : ratis.state_machine.bf4a83d9-7bab-4b6f-8392-1b3160a0da61@group-3A617CA5F1E2
2020-07-22 13:35:58,929 [ForkJoinPool.commonPool-worker-0] INFO  impl.RaftServerImpl (ServerState.java:close(387)) - bf4a83d9-7bab-4b6f-8392-1b3160a0da61@group-3A617CA5F1E2: closes. applyIndex: -1
2020-07-22 13:35:58,929 [bf4a83d9-7bab-4b6f-8392-1b3160a0da61@group-3A617CA5F1E2-SegmentedRaftLogWorker] INFO  segmented.SegmentedRaftLogWorker (SegmentedRaftLogWorker.java:run(327)) - bf4a83d9-7bab-4b6f-8392-1b3160a0da61@group-3A617CA5F1E2-SegmentedRaftLogWorker was interrupted, exiting. There are 0 tasks remaining in the queue.
2020-07-22 13:35:58,929 [ForkJoinPool.commonPool-worker-0] INFO  segmented.SegmentedRaftLogWorker (SegmentedRaftLogWorker.java:close(234)) - bf4a83d9-7bab-4b6f-8392-1b3160a0da61@group-3A617CA5F1E2-SegmentedRaftLogWorker close()
2020-07-22 13:35:58,929 [Listener at 127.0.0.1/40109] INFO  impl.RaftServerImpl (ServerState.java:close(387)) - 71897167-da37-4e00-88cd-50d9bd9cf0b6@group-E8F1D820CBA9: closes. applyIndex: 0
2020-07-22 13:35:58,931 [71897167-da37-4e00-88cd-50d9bd9cf0b6@group-E8F1D820CBA9-SegmentedRaftLogWorker] INFO  segmented.SegmentedRaftLogWorker (SegmentedRaftLogWorker.java:run(327)) - 71897167-da37-4e00-88cd-50d9bd9cf0b6@group-E8F1D820CBA9-SegmentedRaftLogWorker was interrupted, exiting. There are 0 tasks remaining in the queue.
2020-07-22 13:35:58,931 [ForkJoinPool.commonPool-worker-0] INFO  metrics.RatisMetrics (RatisMetrics.java:unregister(43)) - Unregistering Metrics Registry : ratis.log_worker.bf4a83d9-7bab-4b6f-8392-1b3160a0da61@group-3A617CA5F1E2
2020-07-22 13:35:58,932 [ForkJoinPool.commonPool-worker-0] INFO  metrics.RatisMetrics (RatisMetrics.java:unregister(43)) - Unregistering Metrics Registry : ratis.leader_election.bf4a83d9-7bab-4b6f-8392-1b3160a0da61@group-3A617CA5F1E2
2020-07-22 13:35:58,932 [ForkJoinPool.commonPool-worker-0] INFO  metrics.RatisMetrics (RatisMetrics.java:unregister(43)) - Unregistering Metrics Registry : ratis.server.bf4a83d9-7bab-4b6f-8392-1b3160a0da61@group-3A617CA5F1E2
2020-07-22 13:35:58,932 [ForkJoinPool.commonPool-worker-0] INFO  server.GrpcService (GrpcService.java:closeImpl(166)) - bf4a83d9-7bab-4b6f-8392-1b3160a0da61: shutdown server with port 41481 now
2020-07-22 13:35:58,933 [ForkJoinPool.commonPool-worker-0] INFO  server.GrpcService (GrpcService.java:closeImpl(174)) - bf4a83d9-7bab-4b6f-8392-1b3160a0da61: shutdown server with port 41481 successfully
2020-07-22 13:35:58,933 [Listener at 127.0.0.1/40109] INFO  segmented.SegmentedRaftLogWorker (SegmentedRaftLogWorker.java:close(234)) - 71897167-da37-4e00-88cd-50d9bd9cf0b6@group-E8F1D820CBA9-SegmentedRaftLogWorker close()
2020-07-22 13:35:58,939 [ForkJoinPool.commonPool-worker-0] INFO  utils.BackgroundService (BackgroundService.java:shutdown(157)) - Shutting down service BlockDeletingService
2020-07-22 13:35:58,939 [Listener at 127.0.0.1/40109] INFO  metrics.RatisMetrics (RatisMetrics.java:unregister(43)) - Unregistering Metrics Registry : ratis.log_worker.71897167-da37-4e00-88cd-50d9bd9cf0b6@group-E8F1D820CBA9
2020-07-22 13:35:58,940 [Listener at 127.0.0.1/40109] INFO  metrics.RatisMetrics (RatisMetrics.java:unregister(43)) - Unregistering Metrics Registry : ratis.leader_election.71897167-da37-4e00-88cd-50d9bd9cf0b6@group-E8F1D820CBA9
2020-07-22 13:35:58,940 [Listener at 127.0.0.1/40109] INFO  metrics.RatisMetrics (RatisMetrics.java:unregister(43)) - Unregistering Metrics Registry : ratis.server.71897167-da37-4e00-88cd-50d9bd9cf0b6@group-E8F1D820CBA9
2020-07-22 13:35:58,940 [Listener at 127.0.0.1/40109] INFO  server.GrpcService (GrpcService.java:closeImpl(166)) - 71897167-da37-4e00-88cd-50d9bd9cf0b6: shutdown server with port 44019 now
2020-07-22 13:35:58,940 [Listener at 127.0.0.1/40109] INFO  server.GrpcService (GrpcService.java:closeImpl(174)) - 71897167-da37-4e00-88cd-50d9bd9cf0b6: shutdown server with port 44019 successfully
2020-07-22 13:35:58,942 [Listener at 127.0.0.1/40109] INFO  utils.BackgroundService (BackgroundService.java:shutdown(157)) - Shutting down service BlockDeletingService
2020-07-22 13:35:58,943 [ForkJoinPool.commonPool-worker-0] INFO  statemachine.DatanodeStateMachine (DatanodeStateMachine.java:stopDaemon(428)) - Ozone container server stopped.
2020-07-22 13:35:58,953 [Listener at 127.0.0.1/40109] INFO  statemachine.DatanodeStateMachine (DatanodeStateMachine.java:stopDaemon(428)) - Ozone container server stopped.
2020-07-22 13:35:58,953 [ForkJoinPool.commonPool-worker-0] INFO  handler.ContextHandler (ContextHandler.java:doStop(1016)) - Stopped o.e.j.w.WebAppContext@778bdf42{hddsDatanode,/,null,UNAVAILABLE}{jar:file:/home/user/.m2/repository/org/apache/hadoop/hadoop-hdds-container-service/0.6.0-SNAPSHOT/hadoop-hdds-container-service-0.6.0-SNAPSHOT.jar!/webapps/hddsDatanode}
2020-07-22 13:35:58,954 [ForkJoinPool.commonPool-worker-0] INFO  server.AbstractConnector (AbstractConnector.java:doStop(380)) - Stopped ServerConnector@53e36530{HTTP/1.1,[http/1.1]}{0.0.0.0:0}
2020-07-22 13:35:58,954 [ForkJoinPool.commonPool-worker-0] INFO  server.session (HouseKeeper.java:stopScavenging(158)) - node0 Stopped scavenging
2020-07-22 13:35:58,955 [ForkJoinPool.commonPool-worker-0] INFO  handler.ContextHandler (ContextHandler.java:doStop(1016)) - Stopped o.e.j.s.ServletContextHandler@271e8be8{static,/static,jar:file:/home/user/.m2/repository/org/apache/hadoop/hadoop-hdds-container-service/0.6.0-SNAPSHOT/hadoop-hdds-container-service-0.6.0-SNAPSHOT.jar!/webapps/static,UNAVAILABLE}
2020-07-22 13:35:58,956 [ForkJoinPool.commonPool-worker-0] INFO  handler.ContextHandler (ContextHandler.java:doStop(1016)) - Stopped o.e.j.s.ServletContextHandler@7568f5bc{logs,/logs,file:///github/workspace/mnt/ozone/hadoop-ozone/integration-test/target/log,UNAVAILABLE}
2020-07-22 13:35:58,961 [Listener at 127.0.0.1/40109] INFO  handler.ContextHandler (ContextHandler.java:doStop(1016)) - Stopped o.e.j.w.WebAppContext@3b8bbfab{hddsDatanode,/,null,UNAVAILABLE}{jar:file:/home/user/.m2/repository/org/apache/hadoop/hadoop-hdds-container-service/0.6.0-SNAPSHOT/hadoop-hdds-container-service-0.6.0-SNAPSHOT.jar!/webapps/hddsDatanode}
2020-07-22 13:35:58,965 [Listener at 127.0.0.1/40109] INFO  server.AbstractConnector (AbstractConnector.java:doStop(380)) - Stopped ServerConnector@6a65daed{HTTP/1.1,[http/1.1]}{0.0.0.0:0}
2020-07-22 13:35:58,965 [Listener at 127.0.0.1/40109] INFO  server.session (HouseKeeper.java:stopScavenging(158)) - node0 Stopped scavenging
2020-07-22 13:35:58,965 [Listener at 127.0.0.1/40109] INFO  handler.ContextHandler (ContextHandler.java:doStop(1016)) - Stopped o.e.j.s.ServletContextHandler@7d4a95d4{static,/static,jar:file:/home/user/.m2/repository/org/apache/hadoop/hadoop-hdds-container-service/0.6.0-SNAPSHOT/hadoop-hdds-container-service-0.6.0-SNAPSHOT.jar!/webapps/static,UNAVAILABLE}
2020-07-22 13:35:58,966 [Listener at 127.0.0.1/40109] INFO  handler.ContextHandler (ContextHandler.java:doStop(1016)) - Stopped o.e.j.s.ServletContextHandler@6a039d30{logs,/logs,file:///github/workspace/mnt/ozone/hadoop-ozone/integration-test/target/log,UNAVAILABLE}
2020-07-22 13:35:59,011 [Thread-1384] INFO  impl.FollowerState (FollowerState.java:run(108)) - 533bc4e3-485c-4c45-abfa-e25747e2fc79@group-3A617CA5F1E2-FollowerState: change to CANDIDATE, lastRpcTime:5117ms, electionTimeout:5115ms
2020-07-22 13:35:59,011 [Thread-1384] INFO  impl.RoleInfo (RoleInfo.java:shutdownFollowerState(121)) - 533bc4e3-485c-4c45-abfa-e25747e2fc79: shutdown FollowerState
2020-07-22 13:35:59,012 [Thread-1384] INFO  impl.RaftServerImpl (RaftServerImpl.java:setRole(185)) - 533bc4e3-485c-4c45-abfa-e25747e2fc79@group-3A617CA5F1E2: changes role from  FOLLOWER to CANDIDATE at term 0 for changeToCandidate
2020-07-22 13:35:59,012 [Thread-1384] INFO  impl.RoleInfo (RoleInfo.java:updateAndGet(143)) - 533bc4e3-485c-4c45-abfa-e25747e2fc79: start LeaderElection
2020-07-22 13:35:59,015 [533bc4e3-485c-4c45-abfa-e25747e2fc79@group-3A617CA5F1E2-LeaderElection49] INFO  impl.LeaderElection (LeaderElection.java:askForVotes(209)) - 533bc4e3-485c-4c45-abfa-e25747e2fc79@group-3A617CA5F1E2-LeaderElection49: begin an election at term 1 for -1: [bf4a83d9-7bab-4b6f-8392-1b3160a0da61:172.17.0.2:41481, 533bc4e3-485c-4c45-abfa-e25747e2fc79:172.17.0.2:41681, 8d5d3460-f504-40b5-aaaf-08a8f79d520e:172.17.0.2:46575], old=null
2020-07-22 13:35:59,018 [533bc4e3-485c-4c45-abfa-e25747e2fc79@group-3A617CA5F1E2-LeaderElection49] INFO  impl.LeaderElection (LogUtils.java:infoOrTrace(137)) - 533bc4e3-485c-4c45-abfa-e25747e2fc79@group-3A617CA5F1E2-LeaderElection49 got exception when requesting votes: java.util.concurrent.ExecutionException: org.apache.ratis.thirdparty.io.grpc.StatusRuntimeException: UNAVAILABLE: io exception
2020-07-22 13:35:59,022 [grpc-default-executor-5] INFO  impl.RaftServerImpl (RaftServerImpl.java:setRole(185)) - 8d5d3460-f504-40b5-aaaf-08a8f79d520e@group-3A617CA5F1E2: changes role from  FOLLOWER to FOLLOWER at term 1 for recognizeCandidate:533bc4e3-485c-4c45-abfa-e25747e2fc79
2020-07-22 13:35:59,022 [grpc-default-executor-5] INFO  impl.RoleInfo (RoleInfo.java:shutdownFollowerState(121)) - 8d5d3460-f504-40b5-aaaf-08a8f79d520e: shutdown FollowerState
2020-07-22 13:35:59,022 [grpc-default-executor-5] INFO  impl.RoleInfo (RoleInfo.java:updateAndGet(143)) - 8d5d3460-f504-40b5-aaaf-08a8f79d520e: start FollowerState
2020-07-22 13:35:59,022 [Thread-1389] INFO  impl.FollowerState (FollowerState.java:run(117)) - 8d5d3460-f504-40b5-aaaf-08a8f79d520e@group-3A617CA5F1E2-FollowerState was interrupted: java.lang.InterruptedException: sleep interrupted
2020-07-22 13:35:59,028 [533bc4e3-485c-4c45-abfa-e25747e2fc79@group-3A617CA5F1E2-LeaderElection49] INFO  impl.LeaderElection (LeaderElection.java:logAndReturn(61)) - 533bc4e3-485c-4c45-abfa-e25747e2fc79@group-3A617CA5F1E2-LeaderElection49: Election PASSED; received 1 response(s) [533bc4e3-485c-4c45-abfa-e25747e2fc79<-8d5d3460-f504-40b5-aaaf-08a8f79d520e#0:OK-t1] and 1 exception(s); 533bc4e3-485c-4c45-abfa-e25747e2fc79@group-3A617CA5F1E2:t1, leader=null, voted=533bc4e3-485c-4c45-abfa-e25747e2fc79, raftlog=533bc4e3-485c-4c45-abfa-e25747e2fc79@group-3A617CA5F1E2-SegmentedRaftLog:OPENED:c-1,f-1,i0, conf=-1: [bf4a83d9-7bab-4b6f-8392-1b3160a0da61:172.17.0.2:41481, 533bc4e3-485c-4c45-abfa-e25747e2fc79:172.17.0.2:41681, 8d5d3460-f504-40b5-aaaf-08a8f79d520e:172.17.0.2:46575], old=null
2020-07-22 13:35:59,028 [533bc4e3-485c-4c45-abfa-e25747e2fc79@group-3A617CA5F1E2-LeaderElection49] INFO  impl.LeaderElection (LogUtils.java:infoOrTrace(137)) -   Exception 0: java.util.concurrent.ExecutionException: org.apache.ratis.thirdparty.io.grpc.StatusRuntimeException: UNAVAILABLE: io exception
2020-07-22 13:35:59,028 [533bc4e3-485c-4c45-abfa-e25747e2fc79@group-3A617CA5F1E2-LeaderElection49] INFO  impl.RoleInfo (RoleInfo.java:shutdownLeaderElection(134)) - 533bc4e3-485c-4c45-abfa-e25747e2fc79: shutdown LeaderElection
2020-07-22 13:35:59,028 [533bc4e3-485c-4c45-abfa-e25747e2fc79@group-3A617CA5F1E2-LeaderElection49] INFO  impl.RaftServerImpl (RaftServerImpl.java:setRole(185)) - 533bc4e3-485c-4c45-abfa-e25747e2fc79@group-3A617CA5F1E2: changes role from CANDIDATE to LEADER at term 1 for changeToLeader
2020-07-22 13:35:59,028 [533bc4e3-485c-4c45-abfa-e25747e2fc79@group-3A617CA5F1E2-LeaderElection49] INFO  ratis.XceiverServerRatis (XceiverServerRatis.java:handleLeaderChangedNotification(820)) - Leader change notification received for group: group-3A617CA5F1E2 with new leaderId: 533bc4e3-485c-4c45-abfa-e25747e2fc79
2020-07-22 13:35:59,028 [533bc4e3-485c-4c45-abfa-e25747e2fc79@group-3A617CA5F1E2-LeaderElection49] INFO  impl.RaftServerImpl (ServerState.java:setLeader(255)) - 533bc4e3-485c-4c45-abfa-e25747e2fc79@group-3A617CA5F1E2: change Leader from null to 533bc4e3-485c-4c45-abfa-e25747e2fc79 at term 1 for becomeLeader, leader elected after 5142ms
2020-07-22 13:35:59,028 [533bc4e3-485c-4c45-abfa-e25747e2fc79@group-3A617CA5F1E2-LeaderElection49] INFO  server.RaftServerConfigKeys (ConfUtils.java:logGet(44)) - raft.server.staging.catchup.gap = 1000 (default)
2020-07-22 13:35:59,028 [533bc4e3-485c-4c45-abfa-e25747e2fc79@group-3A617CA5F1E2-LeaderElection49] INFO  server.RaftServerConfigKeys (ConfUtils.java:logGet(44)) - raft.server.rpc.sleep.time = 25ms (default)
2020-07-22 13:35:59,028 [533bc4e3-485c-4c45-abfa-e25747e2fc79@group-3A617CA5F1E2-LeaderElection49] INFO  metrics.RatisMetrics (RatisMetrics.java:lambda$create$0(36)) - Creating Metrics Registry : ratis.log_appender.533bc4e3-485c-4c45-abfa-e25747e2fc79@group-3A617CA5F1E2
2020-07-22 13:35:59,030 [533bc4e3-485c-4c45-abfa-e25747e2fc79@group-3A617CA5F1E2-LeaderElection49] INFO  server.RaftServerConfigKeys (ConfUtils.java:logGet(44)) - raft.server.write.element-limit = 1024 (custom)
2020-07-22 13:35:59,030 [533bc4e3-485c-4c45-abfa-e25747e2fc79@group-3A617CA5F1E2-LeaderElection49] INFO  server.RaftServerConfigKeys (ConfUtils.java:logGet(44)) - raft.server.write.byte-limit = 1073741824 (custom)
2020-07-22 13:35:59,030 [533bc4e3-485c-4c45-abfa-e25747e2fc79@group-3A617CA5F1E2-LeaderElection49] INFO  server.RaftServerConfigKeys (ConfUtils.java:logGet(44)) - raft.server.watch.timeout = 3000ms (custom)
2020-07-22 13:35:59,030 [533bc4e3-485c-4c45-abfa-e25747e2fc79@group-3A617CA5F1E2-LeaderElection49] INFO  server.RaftServerConfigKeys (ConfUtils.java:logGet(44)) - raft.server.watch.timeout.denomination = 1s (default)
2020-07-22 13:35:59,030 [533bc4e3-485c-4c45-abfa-e25747e2fc79@group-3A617CA5F1E2-LeaderElection49] INFO  server.RaftServerConfigKeys (ConfUtils.java:logGet(44)) - raft.server.watch.element-limit = 65536 (default)
2020-07-22 13:35:59,031 [533bc4e3-485c-4c45-abfa-e25747e2fc79@group-3A617CA5F1E2-LeaderElection49] INFO  server.RaftServerConfigKeys (ConfUtils.java:logGet(44)) - raft.server.log.appender.snapshot.chunk.size.max = 16MB (=16777216) (default)
2020-07-22 13:35:59,031 [533bc4e3-485c-4c45-abfa-e25747e2fc79@group-3A617CA5F1E2-LeaderElection49] INFO  server.RaftServerConfigKeys (ConfUtils.java:logGet(44)) - raft.server.log.appender.buffer.byte-limit = 33554432 (custom)
2020-07-22 13:35:59,031 [533bc4e3-485c-4c45-abfa-e25747e2fc79@group-3A617CA5F1E2-LeaderElection49] INFO  server.RaftServerConfigKeys (ConfUtils.java:logGet(44)) - raft.server.log.appender.buffer.element-limit = 1 (custom)
2020-07-22 13:35:59,031 [533bc4e3-485c-4c45-abfa-e25747e2fc79@group-3A617CA5F1E2-LeaderElection49] INFO  grpc.GrpcConfigKeys (ConfUtils.java:logGet(44)) - raft.grpc.server.leader.outstanding.appends.max = 128 (default)
2020-07-22 13:35:59,031 [533bc4e3-485c-4c45-abfa-e25747e2fc79@group-3A617CA5F1E2-LeaderElection49] INFO  server.RaftServerConfigKeys (ConfUtils.java:logGet(44)) - raft.server.rpc.request.timeout = 3000ms (default)
2020-07-22 13:35:59,031 [533bc4e3-485c-4c45-abfa-e25747e2fc79@group-3A617CA5F1E2-LeaderElection49] INFO  server.RaftServerConfigKeys (ConfUtils.java:logGet(44)) - raft.server.log.appender.install.snapshot.enabled = false (custom)
2020-07-22 13:35:59,031 [533bc4e3-485c-4c45-abfa-e25747e2fc79@group-3A617CA5F1E2-LeaderElection49] INFO  metrics.RatisMetrics (RatisMetrics.java:lambda$create$0(36)) - Creating Metrics Registry : ratis_grpc.log_appender.533bc4e3-485c-4c45-abfa-e25747e2fc79@group-3A617CA5F1E2
2020-07-22 13:35:59,032 [533bc4e3-485c-4c45-abfa-e25747e2fc79@group-3A617CA5F1E2-LeaderElection49] INFO  server.RaftServerConfigKeys (ConfUtils.java:logGet(44)) - raft.server.log.appender.snapshot.chunk.size.max = 16MB (=16777216) (default)
2020-07-22 13:35:59,033 [533bc4e3-485c-4c45-abfa-e25747e2fc79@group-3A617CA5F1E2-LeaderElection49] INFO  server.RaftServerConfigKeys (ConfUtils.java:logGet(44)) - raft.server.log.appender.buffer.byte-limit = 33554432 (custom)
2020-07-22 13:35:59,033 [533bc4e3-485c-4c45-abfa-e25747e2fc79@group-3A617CA5F1E2-LeaderElection49] INFO  server.RaftServerConfigKeys (ConfUtils.java:logGet(44)) - raft.server.log.appender.buffer.element-limit = 1 (custom)
2020-07-22 13:35:59,033 [533bc4e3-485c-4c45-abfa-e25747e2fc79@group-3A617CA5F1E2-LeaderElection49] INFO  grpc.GrpcConfigKeys (ConfUtils.java:logGet(44)) - raft.grpc.server.leader.outstanding.appends.max = 128 (default)
2020-07-22 13:35:59,033 [533bc4e3-485c-4c45-abfa-e25747e2fc79@group-3A617CA5F1E2-LeaderElection49] INFO  server.RaftServerConfigKeys (ConfUtils.java:logGet(44)) - raft.server.rpc.request.timeout = 3000ms (default)
2020-07-22 13:35:59,033 [533bc4e3-485c-4c45-abfa-e25747e2fc79@group-3A617CA5F1E2-LeaderElection49] INFO  server.RaftServerConfigKeys (ConfUtils.java:logGet(44)) - raft.server.log.appender.install.snapshot.enabled = false (custom)
2020-07-22 13:35:59,034 [533bc4e3-485c-4c45-abfa-e25747e2fc79@group-3A617CA5F1E2-LeaderElection49] INFO  impl.RoleInfo (RoleInfo.java:updateAndGet(143)) - 533bc4e3-485c-4c45-abfa-e25747e2fc79: start LeaderState
2020-07-22 13:35:59,035 [533bc4e3-485c-4c45-abfa-e25747e2fc79@group-3A617CA5F1E2-LeaderElection49] INFO  segmented.SegmentedRaftLogWorker (SegmentedRaftLogWorker.java:startLogSegment(397)) - 533bc4e3-485c-4c45-abfa-e25747e2fc79@group-3A617CA5F1E2-SegmentedRaftLogWorker: Starting segment from index:0
2020-07-22 13:35:59,040 [533bc4e3-485c-4c45-abfa-e25747e2fc79@group-3A617CA5F1E2-LeaderElection49] INFO  impl.RaftServerImpl (ServerState.java:setRaftConf(356)) - 533bc4e3-485c-4c45-abfa-e25747e2fc79@group-3A617CA5F1E2: set configuration 0: [bf4a83d9-7bab-4b6f-8392-1b3160a0da61:172.17.0.2:41481, 533bc4e3-485c-4c45-abfa-e25747e2fc79:172.17.0.2:41681, 8d5d3460-f504-40b5-aaaf-08a8f79d520e:172.17.0.2:46575], old=null at 0
2020-07-22 13:35:59,041 [533bc4e3-485c-4c45-abfa-e25747e2fc79@group-3A617CA5F1E2-SegmentedRaftLogWorker] INFO  segmented.SegmentedRaftLogWorker (SegmentedRaftLogWorker.java:execute(596)) - 533bc4e3-485c-4c45-abfa-e25747e2fc79@group-3A617CA5F1E2-SegmentedRaftLogWorker: created new log segment /github/workspace/mnt/ozone/hadoop-ozone/integration-test/target/test-dir/MiniOzoneClusterImpl-d98e4c18-9a08-44b7-83b8-49402f47e02b/datanode-0/data/ratis/855c6ed9-2d0e-4242-9358-3a617ca5f1e2/current/log_inprogress_0
2020-07-22 13:35:59,041 [grpc-default-executor-5] WARN  server.GrpcLogAppender (LogUtils.java:warn(122)) - 533bc4e3-485c-4c45-abfa-e25747e2fc79@group-3A617CA5F1E2->bf4a83d9-7bab-4b6f-8392-1b3160a0da61-AppendLogResponseHandler: Failed appendEntries: org.apache.ratis.thirdparty.io.grpc.StatusRuntimeException: UNAVAILABLE: io exception
2020-07-22 13:35:59,051 [grpc-default-executor-2] INFO  ratis.XceiverServerRatis (XceiverServerRatis.java:handleLeaderChangedNotification(820)) - Leader change notification received for group: group-3A617CA5F1E2 with new leaderId: 533bc4e3-485c-4c45-abfa-e25747e2fc79
2020-07-22 13:35:59,052 [grpc-default-executor-2] INFO  impl.RaftServerImpl (ServerState.java:setLeader(255)) - 8d5d3460-f504-40b5-aaaf-08a8f79d520e@group-3A617CA5F1E2: change Leader from null to 533bc4e3-485c-4c45-abfa-e25747e2fc79 at term 1 for appendEntries, leader elected after 5111ms
2020-07-22 13:35:59,056 [grpc-default-executor-5] INFO  impl.FollowerInfo (FollowerInfo.java:lambda$new$0(51)) - 533bc4e3-485c-4c45-abfa-e25747e2fc79@group-3A617CA5F1E2->bf4a83d9-7bab-4b6f-8392-1b3160a0da61: nextIndex: updateUnconditionally 1 -> 0
2020-07-22 13:35:59,059 [grpc-default-executor-0] WARN  server.GrpcLogAppender (LogUtils.java:warn(122)) - 533bc4e3-485c-4c45-abfa-e25747e2fc79@group-3A617CA5F1E2->bf4a83d9-7bab-4b6f-8392-1b3160a0da61-AppendLogResponseHandler: Failed appendEntries: org.apache.ratis.thirdparty.io.grpc.StatusRuntimeException: UNAVAILABLE: io exception
2020-07-22 13:35:59,061 [grpc-default-executor-0] INFO  impl.FollowerInfo (FollowerInfo.java:lambda$new$0(51)) - 533bc4e3-485c-4c45-abfa-e25747e2fc79@group-3A617CA5F1E2->bf4a83d9-7bab-4b6f-8392-1b3160a0da61: nextIndex: updateUnconditionally 1 -> 0
2020-07-22 13:35:59,065 [grpc-default-executor-2] INFO  impl.RaftServerImpl (ServerState.java:setRaftConf(356)) - 8d5d3460-f504-40b5-aaaf-08a8f79d520e@group-3A617CA5F1E2: set configuration 0: [bf4a83d9-7bab-4b6f-8392-1b3160a0da61:172.17.0.2:41481, 533bc4e3-485c-4c45-abfa-e25747e2fc79:172.17.0.2:41681, 8d5d3460-f504-40b5-aaaf-08a8f79d520e:172.17.0.2:46575], old=null at 0
2020-07-22 13:35:59,066 [grpc-default-executor-2] INFO  segmented.SegmentedRaftLogWorker (SegmentedRaftLogWorker.java:startLogSegment(397)) - 8d5d3460-f504-40b5-aaaf-08a8f79d520e@group-3A617CA5F1E2-SegmentedRaftLogWorker: Starting segment from index:0
2020-07-22 13:35:59,067 [8d5d3460-f504-40b5-aaaf-08a8f79d520e@group-3A617CA5F1E2-SegmentedRaftLogWorker] INFO  segmented.SegmentedRaftLogWorker (SegmentedRaftLogWorker.java:execute(596)) - 8d5d3460-f504-40b5-aaaf-08a8f79d520e@group-3A617CA5F1E2-SegmentedRaftLogWorker: created new log segment /github/workspace/mnt/ozone/hadoop-ozone/integration-test/target/test-dir/MiniOzoneClusterImpl-d98e4c18-9a08-44b7-83b8-49402f47e02b/datanode-1/data/ratis/855c6ed9-2d0e-4242-9358-3a617ca5f1e2/current/log_inprogress_0
2020-07-22 13:35:59,382 [Datanode State Machine Thread - 0] INFO  statemachine.DatanodeStateMachine (DatanodeStateMachine.java:lambda$startDaemon$0(380)) - Ozone container server started.
2020-07-22 13:35:59,452 [Datanode State Machine Thread - 0] INFO  statemachine.DatanodeStateMachine (DatanodeStateMachine.java:lambda$startDaemon$0(380)) - Ozone container server started.
2020-07-22 13:36:01,561 [grpc-default-executor-0] WARN  server.GrpcLogAppender (LogUtils.java:warn(122)) - 533bc4e3-485c-4c45-abfa-e25747e2fc79@group-3A617CA5F1E2->bf4a83d9-7bab-4b6f-8392-1b3160a0da61-AppendLogResponseHandler: Failed appendEntries: org.apache.ratis.thirdparty.io.grpc.StatusRuntimeException: UNAVAILABLE: io exception
2020-07-22 13:36:01,563 [grpc-default-executor-0] INFO  impl.FollowerInfo (FollowerInfo.java:lambda$new$0(51)) - 533bc4e3-485c-4c45-abfa-e25747e2fc79@group-3A617CA5F1E2->bf4a83d9-7bab-4b6f-8392-1b3160a0da61: nextIndex: updateUnconditionally 1 -> 0
2020-07-22 13:36:03,605 [Thread-1338] INFO  impl.FollowerState (FollowerState.java:run(108)) - 7993133d-5733-489d-9cab-688682c47555@group-7D18B211F00E-FollowerState: change to CANDIDATE, lastRpcTime:5293ms, electionTimeout:5181ms
2020-07-22 13:36:03,605 [Thread-1338] INFO  impl.RoleInfo (RoleInfo.java:shutdownFollowerState(121)) - 7993133d-5733-489d-9cab-688682c47555: shutdown FollowerState
2020-07-22 13:36:03,605 [Thread-1338] INFO  impl.RaftServerImpl (RaftServerImpl.java:setRole(185)) - 7993133d-5733-489d-9cab-688682c47555@group-7D18B211F00E: changes role from  FOLLOWER to CANDIDATE at term 1 for changeToCandidate
2020-07-22 13:36:03,605 [Thread-1338] INFO  impl.RoleInfo (RoleInfo.java:updateAndGet(143)) - 7993133d-5733-489d-9cab-688682c47555: start LeaderElection
2020-07-22 13:36:03,606 [7993133d-5733-489d-9cab-688682c47555@group-7D18B211F00E-LeaderElection50] INFO  impl.RaftServerImpl (ServerState.java:setLeader(255)) - 7993133d-5733-489d-9cab-688682c47555@group-7D18B211F00E: change Leader from 71897167-da37-4e00-88cd-50d9bd9cf0b6 to null at term 1 for initElection
2020-07-22 13:36:03,607 [7993133d-5733-489d-9cab-688682c47555@group-7D18B211F00E-LeaderElection50] INFO  impl.LeaderElection (LeaderElection.java:askForVotes(209)) - 7993133d-5733-489d-9cab-688682c47555@group-7D18B211F00E-LeaderElection50: begin an election at term 2 for 0: [d6d1ac88-c565-49dc-b661-e5233392d177:172.17.0.2:38993, 7993133d-5733-489d-9cab-688682c47555:172.17.0.2:41635, 71897167-da37-4e00-88cd-50d9bd9cf0b6:172.17.0.2:44019], old=null
2020-07-22 13:36:03,613 [grpc-default-executor-0] INFO  impl.RaftServerImpl (ServerState.java:setLeader(255)) - d6d1ac88-c565-49dc-b661-e5233392d177@group-7D18B211F00E: change Leader from 71897167-da37-4e00-88cd-50d9bd9cf0b6 to null at term 2 for updateCurrentTerm
2020-07-22 13:36:03,613 [grpc-default-executor-0] INFO  impl.RaftServerImpl (RaftServerImpl.java:setRole(185)) - d6d1ac88-c565-49dc-b661-e5233392d177@group-7D18B211F00E: changes role from  FOLLOWER to FOLLOWER at term 2 for recognizeCandidate:7993133d-5733-489d-9cab-688682c47555
2020-07-22 13:36:03,613 [grpc-default-executor-0] INFO  impl.RoleInfo (RoleInfo.java:shutdownFollowerState(121)) - d6d1ac88-c565-49dc-b661-e5233392d177: shutdown FollowerState
2020-07-22 13:36:03,613 [7993133d-5733-489d-9cab-688682c47555@group-7D18B211F00E-LeaderElection50] INFO  impl.LeaderElection (LogUtils.java:infoOrTrace(137)) - 7993133d-5733-489d-9cab-688682c47555@group-7D18B211F00E-LeaderElection50 got exception when requesting votes: java.util.concurrent.ExecutionException: org.apache.ratis.thirdparty.io.grpc.StatusRuntimeException: UNAVAILABLE: io exception
2020-07-22 13:36:03,613 [Thread-1337] INFO  impl.FollowerState (FollowerState.java:run(117)) - d6d1ac88-c565-49dc-b661-e5233392d177@group-7D18B211F00E-FollowerState was interrupted: java.lang.InterruptedException: sleep interrupted
2020-07-22 13:36:03,613 [grpc-default-executor-0] INFO  impl.RoleInfo (RoleInfo.java:updateAndGet(143)) - d6d1ac88-c565-49dc-b661-e5233392d177: start FollowerState
2020-07-22 13:36:03,616 [7993133d-5733-489d-9cab-688682c47555@group-7D18B211F00E-LeaderElection50] INFO  impl.LeaderElection (LeaderElection.java:logAndReturn(61)) - 7993133d-5733-489d-9cab-688682c47555@group-7D18B211F00E-LeaderElection50: Election PASSED; received 1 response(s) [7993133d-5733-489d-9cab-688682c47555<-d6d1ac88-c565-49dc-b661-e5233392d177#0:OK-t2] and 1 exception(s); 7993133d-5733-489d-9cab-688682c47555@group-7D18B211F00E:t2, leader=null, voted=7993133d-5733-489d-9cab-688682c47555, raftlog=7993133d-5733-489d-9cab-688682c47555@group-7D18B211F00E-SegmentedRaftLog:OPENED:c0,f0,i0, conf=0: [d6d1ac88-c565-49dc-b661-e5233392d177:172.17.0.2:38993, 7993133d-5733-489d-9cab-688682c47555:172.17.0.2:41635, 71897167-da37-4e00-88cd-50d9bd9cf0b6:172.17.0.2:44019], old=null
2020-07-22 13:36:03,616 [7993133d-5733-489d-9cab-688682c47555@group-7D18B211F00E-LeaderElection50] INFO  impl.LeaderElection (LogUtils.java:infoOrTrace(137)) -   Exception 0: java.util.concurrent.ExecutionException: org.apache.ratis.thirdparty.io.grpc.StatusRuntimeException: UNAVAILABLE: io exception
2020-07-22 13:36:03,616 [7993133d-5733-489d-9cab-688682c47555@group-7D18B211F00E-LeaderElection50] INFO  impl.RoleInfo (RoleInfo.java:shutdownLeaderElection(134)) - 7993133d-5733-489d-9cab-688682c47555: shutdown LeaderElection
2020-07-22 13:36:03,616 [7993133d-5733-489d-9cab-688682c47555@group-7D18B211F00E-LeaderElection50] INFO  impl.RaftServerImpl (RaftServerImpl.java:setRole(185)) - 7993133d-5733-489d-9cab-688682c47555@group-7D18B211F00E: changes role from CANDIDATE to LEADER at term 2 for changeToLeader
2020-07-22 13:36:03,616 [7993133d-5733-489d-9cab-688682c47555@group-7D18B211F00E-LeaderElection50] INFO  ratis.XceiverServerRatis (XceiverServerRatis.java:handleLeaderChangedNotification(820)) - Leader change notification received for group: group-7D18B211F00E with new leaderId: 7993133d-5733-489d-9cab-688682c47555
2020-07-22 13:36:03,617 [7993133d-5733-489d-9cab-688682c47555@group-7D18B211F00E-LeaderElection50] INFO  impl.RaftServerImpl (ServerState.java:setLeader(255)) - 7993133d-5733-489d-9cab-688682c47555@group-7D18B211F00E: change Leader from null to 7993133d-5733-489d-9cab-688682c47555 at term 2 for becomeLeader, leader elected after 10ms
2020-07-22 13:36:03,617 [7993133d-5733-489d-9cab-688682c47555@group-7D18B211F00E-LeaderElection50] INFO  server.RaftServerConfigKeys (ConfUtils.java:logGet(44)) - raft.server.staging.catchup.gap = 1000 (default)
2020-07-22 13:36:03,617 [7993133d-5733-489d-9cab-688682c47555@group-7D18B211F00E-LeaderElection50] INFO  server.RaftServerConfigKeys (ConfUtils.java:logGet(44)) - raft.server.rpc.sleep.time = 25ms (default)
2020-07-22 13:36:03,617 [7993133d-5733-489d-9cab-688682c47555@group-7D18B211F00E-LeaderElection50] INFO  metrics.RatisMetrics (RatisMetrics.java:lambda$create$0(36)) - Creating Metrics Registry : ratis.log_appender.7993133d-5733-489d-9cab-688682c47555@group-7D18B211F00E
2020-07-22 13:36:03,617 [7993133d-5733-489d-9cab-688682c47555@group-7D18B211F00E-LeaderElection50] INFO  server.RaftServerConfigKeys (ConfUtils.java:logGet(44)) - raft.server.write.element-limit = 1024 (custom)
2020-07-22 13:36:03,617 [7993133d-5733-489d-9cab-688682c47555@group-7D18B211F00E-LeaderElection50] INFO  server.RaftServerConfigKeys (ConfUtils.java:logGet(44)) - raft.server.write.byte-limit = 1073741824 (custom)
2020-07-22 13:36:03,618 [7993133d-5733-489d-9cab-688682c47555@group-7D18B211F00E-LeaderElection50] INFO  server.RaftServerConfigKeys (ConfUtils.java:logGet(44)) - raft.server.watch.timeout = 3000ms (custom)
2020-07-22 13:36:03,618 [7993133d-5733-489d-9cab-688682c47555@group-7D18B211F00E-LeaderElection50] INFO  server.RaftServerConfigKeys (ConfUtils.java:logGet(44)) - raft.server.watch.timeout.denomination = 1s (default)
2020-07-22 13:36:03,618 [7993133d-5733-489d-9cab-688682c47555@group-7D18B211F00E-LeaderElection50] INFO  server.RaftServerConfigKeys (ConfUtils.java:logGet(44)) - raft.server.watch.element-limit = 65536 (default)
2020-07-22 13:36:03,618 [7993133d-5733-489d-9cab-688682c47555@group-7D18B211F00E-LeaderElection50] INFO  server.RaftServerConfigKeys (ConfUtils.java:logGet(44)) - raft.server.log.appender.snapshot.chunk.size.max = 16MB (=16777216) (default)
2020-07-22 13:36:03,618 [7993133d-5733-489d-9cab-688682c47555@group-7D18B211F00E-LeaderElection50] INFO  server.RaftServerConfigKeys (ConfUtils.java:logGet(44)) - raft.server.log.appender.buffer.byte-limit = 33554432 (custom)
2020-07-22 13:36:03,618 [7993133d-5733-489d-9cab-688682c47555@group-7D18B211F00E-LeaderElection50] INFO  server.RaftServerConfigKeys (ConfUtils.java:logGet(44)) - raft.server.log.appender.buffer.element-limit = 1 (custom)
2020-07-22 13:36:03,619 [7993133d-5733-489d-9cab-688682c47555@group-7D18B211F00E-LeaderElection50] INFO  grpc.GrpcConfigKeys (ConfUtils.java:logGet(44)) - raft.grpc.server.leader.outstanding.appends.max = 128 (default)
2020-07-22 13:36:03,619 [7993133d-5733-489d-9cab-688682c47555@group-7D18B211F00E-LeaderElection50] INFO  server.RaftServerConfigKeys (ConfUtils.java:logGet(44)) - raft.server.rpc.request.timeout = 3000ms (default)
2020-07-22 13:36:03,619 [7993133d-5733-489d-9cab-688682c47555@group-7D18B211F00E-LeaderElection50] INFO  server.RaftServerConfigKeys (ConfUtils.java:logGet(44)) - raft.server.log.appender.install.snapshot.enabled = false (custom)
2020-07-22 13:36:03,619 [7993133d-5733-489d-9cab-688682c47555@group-7D18B211F00E-LeaderElection50] INFO  metrics.RatisMetrics (RatisMetrics.java:lambda$create$0(36)) - Creating Metrics Registry : ratis_grpc.log_appender.7993133d-5733-489d-9cab-688682c47555@group-7D18B211F00E
2020-07-22 13:36:03,620 [7993133d-5733-489d-9cab-688682c47555@group-7D18B211F00E-LeaderElection50] INFO  server.RaftServerConfigKeys (ConfUtils.java:logGet(44)) - raft.server.log.appender.snapshot.chunk.size.max = 16MB (=16777216) (default)
2020-07-22 13:36:03,620 [7993133d-5733-489d-9cab-688682c47555@group-7D18B211F00E-LeaderElection50] INFO  server.RaftServerConfigKeys (ConfUtils.java:logGet(44)) - raft.server.log.appender.buffer.byte-limit = 33554432 (custom)
2020-07-22 13:36:03,620 [7993133d-5733-489d-9cab-688682c47555@group-7D18B211F00E-LeaderElection50] INFO  server.RaftServerConfigKeys (ConfUtils.java:logGet(44)) - raft.server.log.appender.buffer.element-limit = 1 (custom)
2020-07-22 13:36:03,621 [7993133d-5733-489d-9cab-688682c47555@group-7D18B211F00E-LeaderElection50] INFO  grpc.GrpcConfigKeys (ConfUtils.java:logGet(44)) - raft.grpc.server.leader.outstanding.appends.max = 128 (default)
2020-07-22 13:36:03,621 [7993133d-5733-489d-9cab-688682c47555@group-7D18B211F00E-LeaderElection50] INFO  server.RaftServerConfigKeys (ConfUtils.java:logGet(44)) - raft.server.rpc.request.timeout = 3000ms (default)
2020-07-22 13:36:03,621 [7993133d-5733-489d-9cab-688682c47555@group-7D18B211F00E-LeaderElection50] INFO  server.RaftServerConfigKeys (ConfUtils.java:logGet(44)) - raft.server.log.appender.install.snapshot.enabled = false (custom)
2020-07-22 13:36:03,622 [7993133d-5733-489d-9cab-688682c47555@group-7D18B211F00E-LeaderElection50] INFO  impl.RoleInfo (RoleInfo.java:updateAndGet(143)) - 7993133d-5733-489d-9cab-688682c47555: start LeaderState
2020-07-22 13:36:03,622 [7993133d-5733-489d-9cab-688682c47555@group-7D18B211F00E-LeaderElection50] INFO  segmented.SegmentedRaftLogWorker (SegmentedRaftLogWorker.java:rollLogSegment(402)) - 7993133d-5733-489d-9cab-688682c47555@group-7D18B211F00E-SegmentedRaftLogWorker: Rolling segment log-0_0 to index:0
2020-07-22 13:36:03,624 [7993133d-5733-489d-9cab-688682c47555@group-7D18B211F00E-SegmentedRaftLogWorker] INFO  segmented.SegmentedRaftLogWorker (SegmentedRaftLogWorker.java:execute(553)) - 7993133d-5733-489d-9cab-688682c47555@group-7D18B211F00E-SegmentedRaftLogWorker: Rolled log segment from /github/workspace/mnt/ozone/hadoop-ozone/integration-test/target/test-dir/MiniOzoneClusterImpl-d98e4c18-9a08-44b7-83b8-49402f47e02b/datanode-5/data/ratis/a32141e0-60b8-44de-a3b2-7d18b211f00e/current/log_inprogress_0 to /github/workspace/mnt/ozone/hadoop-ozone/integration-test/target/test-dir/MiniOzoneClusterImpl-d98e4c18-9a08-44b7-83b8-49402f47e02b/datanode-5/data/ratis/a32141e0-60b8-44de-a3b2-7d18b211f00e/current/log_0-0
2020-07-22 13:36:03,626 [7993133d-5733-489d-9cab-688682c47555@group-7D18B211F00E-SegmentedRaftLogWorker] INFO  segmented.SegmentedRaftLogWorker (SegmentedRaftLogWorker.java:execute(596)) - 7993133d-5733-489d-9cab-688682c47555@group-7D18B211F00E-SegmentedRaftLogWorker: created new log segment /github/workspace/mnt/ozone/hadoop-ozone/integration-test/target/test-dir/MiniOzoneClusterImpl-d98e4c18-9a08-44b7-83b8-49402f47e02b/datanode-5/data/ratis/a32141e0-60b8-44de-a3b2-7d18b211f00e/current/log_inprogress_1
2020-07-22 13:36:03,631 [7993133d-5733-489d-9cab-688682c47555@group-7D18B211F00E-LeaderElection50] INFO  impl.RaftServerImpl (ServerState.java:setRaftConf(356)) - 7993133d-5733-489d-9cab-688682c47555@group-7D18B211F00E: set configuration 1: [d6d1ac88-c565-49dc-b661-e5233392d177:172.17.0.2:38993, 7993133d-5733-489d-9cab-688682c47555:172.17.0.2:41635, 71897167-da37-4e00-88cd-50d9bd9cf0b6:172.17.0.2:44019], old=null at 1
2020-07-22 13:36:03,637 [grpc-default-executor-0] WARN  server.GrpcLogAppender (LogUtils.java:warn(122)) - 7993133d-5733-489d-9cab-688682c47555@group-7D18B211F00E->71897167-da37-4e00-88cd-50d9bd9cf0b6-AppendLogResponseHandler: Failed appendEntries: org.apache.ratis.thirdparty.io.grpc.StatusRuntimeException: UNAVAILABLE: io exception
2020-07-22 13:36:03,640 [grpc-default-executor-2] INFO  ratis.XceiverServerRatis (XceiverServerRatis.java:handleLeaderChangedNotification(820)) - Leader change notification received for group: group-7D18B211F00E with new leaderId: 7993133d-5733-489d-9cab-688682c47555
2020-07-22 13:36:03,640 [grpc-default-executor-2] INFO  impl.RaftServerImpl (ServerState.java:setLeader(255)) - d6d1ac88-c565-49dc-b661-e5233392d177@group-7D18B211F00E: change Leader from null to 7993133d-5733-489d-9cab-688682c47555 at term 2 for appendEntries, leader elected after 27ms
2020-07-22 13:36:03,653 [grpc-default-executor-2] INFO  impl.RaftServerImpl (ServerState.java:setRaftConf(356)) - d6d1ac88-c565-49dc-b661-e5233392d177@group-7D18B211F00E: set configuration 1: [d6d1ac88-c565-49dc-b661-e5233392d177:172.17.0.2:38993, 7993133d-5733-489d-9cab-688682c47555:172.17.0.2:41635, 71897167-da37-4e00-88cd-50d9bd9cf0b6:172.17.0.2:44019], old=null at 1
2020-07-22 13:36:03,653 [grpc-default-executor-2] INFO  segmented.SegmentedRaftLogWorker (SegmentedRaftLogWorker.java:rollLogSegment(402)) - d6d1ac88-c565-49dc-b661-e5233392d177@group-7D18B211F00E-SegmentedRaftLogWorker: Rolling segment log-0_0 to index:0
2020-07-22 13:36:03,653 [d6d1ac88-c565-49dc-b661-e5233392d177@group-7D18B211F00E-SegmentedRaftLogWorker] INFO  segmented.SegmentedRaftLogWorker (SegmentedRaftLogWorker.java:execute(553)) - d6d1ac88-c565-49dc-b661-e5233392d177@group-7D18B211F00E-SegmentedRaftLogWorker: Rolled log segment from /github/workspace/mnt/ozone/hadoop-ozone/integration-test/target/test-dir/MiniOzoneClusterImpl-d98e4c18-9a08-44b7-83b8-49402f47e02b/datanode-3/data/ratis/a32141e0-60b8-44de-a3b2-7d18b211f00e/current/log_inprogress_0 to /github/workspace/mnt/ozone/hadoop-ozone/integration-test/target/test-dir/MiniOzoneClusterImpl-d98e4c18-9a08-44b7-83b8-49402f47e02b/datanode-3/data/ratis/a32141e0-60b8-44de-a3b2-7d18b211f00e/current/log_0-0
2020-07-22 13:36:03,654 [grpc-default-executor-0] INFO  impl.FollowerInfo (FollowerInfo.java:lambda$new$0(51)) - 7993133d-5733-489d-9cab-688682c47555@group-7D18B211F00E->71897167-da37-4e00-88cd-50d9bd9cf0b6: nextIndex: updateUnconditionally 2 -> 1
2020-07-22 13:36:03,654 [d6d1ac88-c565-49dc-b661-e5233392d177@group-7D18B211F00E-SegmentedRaftLogWorker] INFO  segmented.SegmentedRaftLogWorker (SegmentedRaftLogWorker.java:execute(596)) - d6d1ac88-c565-49dc-b661-e5233392d177@group-7D18B211F00E-SegmentedRaftLogWorker: created new log segment /github/workspace/mnt/ozone/hadoop-ozone/integration-test/target/test-dir/MiniOzoneClusterImpl-d98e4c18-9a08-44b7-83b8-49402f47e02b/datanode-3/data/ratis/a32141e0-60b8-44de-a3b2-7d18b211f00e/current/log_inprogress_1
2020-07-22 13:36:03,665 [grpc-default-executor-5] WARN  server.GrpcLogAppender (LogUtils.java:warn(122)) - 7993133d-5733-489d-9cab-688682c47555@group-7D18B211F00E->71897167-da37-4e00-88cd-50d9bd9cf0b6-AppendLogResponseHandler: Failed appendEntries: org.apache.ratis.thirdparty.io.grpc.StatusRuntimeException: UNAVAILABLE: io exception
2020-07-22 13:36:03,692 [grpc-default-executor-5] INFO  impl.FollowerInfo (FollowerInfo.java:lambda$new$0(51)) - 7993133d-5733-489d-9cab-688682c47555@group-7D18B211F00E->71897167-da37-4e00-88cd-50d9bd9cf0b6: nextIndex: updateUnconditionally 2 -> 1
2020-07-22 13:36:03,696 [grpc-default-executor-2] WARN  server.GrpcLogAppender (LogUtils.java:warn(122)) - 7993133d-5733-489d-9cab-688682c47555@group-7D18B211F00E->71897167-da37-4e00-88cd-50d9bd9cf0b6-AppendLogResponseHandler: Failed appendEntries: org.apache.ratis.thirdparty.io.grpc.StatusRuntimeException: UNAVAILABLE: io exception
2020-07-22 13:36:03,699 [grpc-default-executor-2] INFO  impl.FollowerInfo (FollowerInfo.java:lambda$new$0(51)) - 7993133d-5733-489d-9cab-688682c47555@group-7D18B211F00E->71897167-da37-4e00-88cd-50d9bd9cf0b6: nextIndex: updateUnconditionally 2 -> 1
2020-07-22 13:36:03,959 [ForkJoinPool.commonPool-worker-0] INFO  ozoneimpl.OzoneContainer (OzoneContainer.java:stop(250)) - Attempting to stop container services.
2020-07-22 13:36:03,959 [ForkJoinPool.commonPool-worker-0] INFO  impl.RaftServerProxy (RaftServerProxy.java:lambda$close$4(319)) - d6d1ac88-c565-49dc-b661-e5233392d177: close
2020-07-22 13:36:03,960 [ForkJoinPool.commonPool-worker-0] INFO  impl.RaftServerImpl (RaftServerImpl.java:lambda$shutdown$3(263)) - d6d1ac88-c565-49dc-b661-e5233392d177@group-7D18B211F00E: shutdown
2020-07-22 13:36:03,960 [ForkJoinPool.commonPool-worker-0] INFO  util.JmxRegister (JmxRegister.java:unregister(73)) - Successfully un-registered JMX Bean with object name Ratis:service=RaftServer,group=group-7D18B211F00E,id=d6d1ac88-c565-49dc-b661-e5233392d177
2020-07-22 13:36:03,960 [ForkJoinPool.commonPool-worker-0] INFO  impl.RoleInfo (RoleInfo.java:shutdownFollowerState(121)) - d6d1ac88-c565-49dc-b661-e5233392d177: shutdown FollowerState
2020-07-22 13:36:03,960 [ForkJoinPool.commonPool-worker-0] INFO  impl.StateMachineUpdater (StateMachineUpdater.java:stopAndJoin(142)) - d6d1ac88-c565-49dc-b661-e5233392d177@group-7D18B211F00E-StateMachineUpdater: set stopIndex = 1
2020-07-22 13:36:03,960 [Thread-1416] INFO  impl.FollowerState (FollowerState.java:run(117)) - d6d1ac88-c565-49dc-b661-e5233392d177@group-7D18B211F00E-FollowerState was interrupted: java.lang.InterruptedException: sleep interrupted
2020-07-22 13:36:03,962 [d6d1ac88-c565-49dc-b661-e5233392d177@group-7D18B211F00E-StateMachineUpdater] INFO  ratis.ContainerStateMachine (ContainerStateMachine.java:takeSnapshot(293)) - group-7D18B211F00E: Taking a snapshot at:(t:2, i:1) file /github/workspace/mnt/ozone/hadoop-ozone/integration-test/target/test-dir/MiniOzoneClusterImpl-d98e4c18-9a08-44b7-83b8-49402f47e02b/datanode-3/data/ratis/a32141e0-60b8-44de-a3b2-7d18b211f00e/sm/snapshot.2_1
2020-07-22 13:36:03,962 [d6d1ac88-c565-49dc-b661-e5233392d177@group-7D18B211F00E-StateMachineUpdater] INFO  ratis.ContainerStateMachine (ContainerStateMachine.java:takeSnapshot(304)) - group-7D18B211F00E: Finished taking a snapshot at:(t:2, i:1) file:/github/workspace/mnt/ozone/hadoop-ozone/integration-test/target/test-dir/MiniOzoneClusterImpl-d98e4c18-9a08-44b7-83b8-49402f47e02b/datanode-3/data/ratis/a32141e0-60b8-44de-a3b2-7d18b211f00e/sm/snapshot.2_1 time:1
2020-07-22 13:36:03,962 [d6d1ac88-c565-49dc-b661-e5233392d177@group-7D18B211F00E-StateMachineUpdater] INFO  impl.StateMachineUpdater (StateMachineUpdater.java:takeSnapshot(277)) - d6d1ac88-c565-49dc-b661-e5233392d177@group-7D18B211F00E-StateMachineUpdater: Took a snapshot at index 1
2020-07-22 13:36:03,963 [d6d1ac88-c565-49dc-b661-e5233392d177@group-7D18B211F00E-StateMachineUpdater] INFO  impl.StateMachineUpdater (StateMachineUpdater.java:lambda$new$0(87)) - d6d1ac88-c565-49dc-b661-e5233392d177@group-7D18B211F00E-StateMachineUpdater: snapshotIndex: updateIncreasingly -1 -> 1
2020-07-22 13:36:03,963 [d6d1ac88-c565-49dc-b661-e5233392d177@group-7D18B211F00E-StateMachineUpdater] INFO  metrics.RatisMetrics (RatisMetrics.java:unregister(43)) - Unregistering Metrics Registry : ratis.state_machine.d6d1ac88-c565-49dc-b661-e5233392d177@group-7D18B211F00E
2020-07-22 13:36:03,963 [ForkJoinPool.commonPool-worker-0] INFO  impl.RaftServerImpl (ServerState.java:close(387)) - d6d1ac88-c565-49dc-b661-e5233392d177@group-7D18B211F00E: closes. applyIndex: 1
2020-07-22 13:36:03,963 [d6d1ac88-c565-49dc-b661-e5233392d177@group-7D18B211F00E-SegmentedRaftLogWorker] INFO  segmented.SegmentedRaftLogWorker (SegmentedRaftLogWorker.java:run(327)) - d6d1ac88-c565-49dc-b661-e5233392d177@group-7D18B211F00E-SegmentedRaftLogWorker was interrupted, exiting. There are 0 tasks remaining in the queue.
2020-07-22 13:36:03,964 [ForkJoinPool.commonPool-worker-0] INFO  segmented.SegmentedRaftLogWorker (SegmentedRaftLogWorker.java:close(234)) - d6d1ac88-c565-49dc-b661-e5233392d177@group-7D18B211F00E-SegmentedRaftLogWorker close()
2020-07-22 13:36:03,965 [ForkJoinPool.commonPool-worker-0] INFO  metrics.RatisMetrics (RatisMetrics.java:unregister(43)) - Unregistering Metrics Registry : ratis.log_worker.d6d1ac88-c565-49dc-b661-e5233392d177@group-7D18B211F00E
2020-07-22 13:36:03,967 [ForkJoinPool.commonPool-worker-0] INFO  metrics.RatisMetrics (RatisMetrics.java:unregister(43)) - Unregistering Metrics Registry : ratis.leader_election.d6d1ac88-c565-49dc-b661-e5233392d177@group-7D18B211F00E
2020-07-22 13:36:03,967 [ForkJoinPool.commonPool-worker-0] INFO  metrics.RatisMetrics (RatisMetrics.java:unregister(43)) - Unregistering Metrics Registry : ratis.server.d6d1ac88-c565-49dc-b661-e5233392d177@group-7D18B211F00E
2020-07-22 13:36:03,967 [ForkJoinPool.commonPool-worker-0] INFO  impl.RaftServerImpl (RaftServerImpl.java:lambda$shutdown$3(263)) - d6d1ac88-c565-49dc-b661-e5233392d177@group-F7453E0C6C74: shutdown
2020-07-22 13:36:03,967 [ForkJoinPool.commonPool-worker-0] INFO  util.JmxRegister (JmxRegister.java:unregister(73)) - Successfully un-registered JMX Bean with object name Ratis:service=RaftServer,group=group-F7453E0C6C74,id=d6d1ac88-c565-49dc-b661-e5233392d177
2020-07-22 13:36:03,967 [ForkJoinPool.commonPool-worker-0] INFO  impl.RoleInfo (RoleInfo.java:shutdownLeaderState(104)) - d6d1ac88-c565-49dc-b661-e5233392d177: shutdown LeaderState
2020-07-22 13:36:03,967 [ForkJoinPool.commonPool-worker-0] INFO  impl.PendingRequests (PendingRequests.java:sendNotLeaderResponses(249)) - d6d1ac88-c565-49dc-b661-e5233392d177@group-F7453E0C6C74-PendingRequests: sendNotLeaderResponses
2020-07-22 13:36:03,968 [ForkJoinPool.commonPool-worker-0] INFO  metrics.RatisMetrics (RatisMetrics.java:unregister(43)) - Unregistering Metrics Registry : ratis.log_appender.d6d1ac88-c565-49dc-b661-e5233392d177@group-F7453E0C6C74
2020-07-22 13:36:03,968 [ForkJoinPool.commonPool-worker-0] INFO  metrics.RatisMetrics (RatisMetrics.java:unregister(43)) - Unregistering Metrics Registry : ratis.server.d6d1ac88-c565-49dc-b661-e5233392d177@group-F7453E0C6C74
2020-07-22 13:36:03,968 [Listener at 127.0.0.1/40109] INFO  ozoneimpl.OzoneContainer (OzoneContainer.java:stop(250)) - Attempting to stop container services.
2020-07-22 13:36:03,968 [Listener at 127.0.0.1/40109] INFO  impl.RaftServerProxy (RaftServerProxy.java:lambda$close$4(319)) - 7993133d-5733-489d-9cab-688682c47555: close
2020-07-22 13:36:03,968 [Listener at 127.0.0.1/40109] INFO  impl.RaftServerImpl (RaftServerImpl.java:lambda$shutdown$3(263)) - 7993133d-5733-489d-9cab-688682c47555@group-7D18B211F00E: shutdown
2020-07-22 13:36:03,969 [Listener at 127.0.0.1/40109] INFO  util.JmxRegister (JmxRegister.java:unregister(73)) - Successfully un-registered JMX Bean with object name Ratis:service=RaftServer,group=group-7D18B211F00E,id=7993133d-5733-489d-9cab-688682c47555
2020-07-22 13:36:03,969 [Listener at 127.0.0.1/40109] INFO  impl.RoleInfo (RoleInfo.java:shutdownLeaderState(104)) - 7993133d-5733-489d-9cab-688682c47555: shutdown LeaderState
2020-07-22 13:36:03,969 [Listener at 127.0.0.1/40109] INFO  metrics.RatisMetrics (RatisMetrics.java:unregister(43)) - Unregistering Metrics Registry : ratis_grpc.log_appender.7993133d-5733-489d-9cab-688682c47555@group-7D18B211F00E
2020-07-22 13:36:03,969 [ForkJoinPool.commonPool-worker-0] INFO  impl.StateMachineUpdater (StateMachineUpdater.java:stopAndJoin(142)) - d6d1ac88-c565-49dc-b661-e5233392d177@group-F7453E0C6C74-StateMachineUpdater: set stopIndex = 0
2020-07-22 13:36:03,969 [Listener at 127.0.0.1/40109] INFO  metrics.RatisMetrics (RatisMetrics.java:unregister(43)) - Unregistering Metrics Registry : ratis_grpc.log_appender.7993133d-5733-489d-9cab-688682c47555@group-7D18B211F00E
2020-07-22 13:36:03,969 [d6d1ac88-c565-49dc-b661-e5233392d177@group-F7453E0C6C74-StateMachineUpdater] INFO  ratis.ContainerStateMachine (ContainerStateMachine.java:takeSnapshot(293)) - group-F7453E0C6C74: Taking a snapshot at:(t:1, i:0) file /github/workspace/mnt/ozone/hadoop-ozone/integration-test/target/test-dir/MiniOzoneClusterImpl-d98e4c18-9a08-44b7-83b8-49402f47e02b/datanode-3/data/ratis/c4f8fa19-c55d-4657-b85c-f7453e0c6c74/sm/snapshot.1_0
2020-07-22 13:36:03,969 [Listener at 127.0.0.1/40109] INFO  impl.PendingRequests (PendingRequests.java:sendNotLeaderResponses(249)) - 7993133d-5733-489d-9cab-688682c47555@group-7D18B211F00E-PendingRequests: sendNotLeaderResponses
2020-07-22 13:36:03,969 [org.apache.ratis.server.impl.LogAppender$AppenderDaemon$$Lambda$448/604565204@4667b3e6] WARN  server.GrpcLogAppender (GrpcLogAppender.java:mayWait(153)) - 7993133d-5733-489d-9cab-688682c47555@group-7D18B211F00E->d6d1ac88-c565-49dc-b661-e5233392d177-GrpcLogAppender: Wait interrupted by java.lang.InterruptedException
2020-07-22 13:36:03,970 [org.apache.ratis.server.impl.LogAppender$AppenderDaemon$$Lambda$448/604565204@67082088] WARN  server.GrpcLogAppender (GrpcLogAppender.java:mayWait(153)) - 7993133d-5733-489d-9cab-688682c47555@group-7D18B211F00E->71897167-da37-4e00-88cd-50d9bd9cf0b6-GrpcLogAppender: Wait interrupted by java.lang.InterruptedException
2020-07-22 13:36:03,975 [grpc-default-executor-0] INFO  server.GrpcServerProtocolService (GrpcServerProtocolService.java:onCompleted(138)) - d6d1ac88-c565-49dc-b661-e5233392d177: Completed APPEND_ENTRIES, lastRequest: 7993133d-5733-489d-9cab-688682c47555->d6d1ac88-c565-49dc-b661-e5233392d177#2-t2, previous=(t:2, i:1), leaderCommit=1, initializing? false, entries: size=1, first=(t:2, i:2), METADATAENTRY(c:1)
2020-07-22 13:36:03,975 [d6d1ac88-c565-49dc-b661-e5233392d177@group-F7453E0C6C74-StateMachineUpdater] INFO  ratis.ContainerStateMachine (ContainerStateMachine.java:takeSnapshot(304)) - group-F7453E0C6C74: Finished taking a snapshot at:(t:1, i:0) file:/github/workspace/mnt/ozone/hadoop-ozone/integration-test/target/test-dir/MiniOzoneClusterImpl-d98e4c18-9a08-44b7-83b8-49402f47e02b/datanode-3/data/ratis/c4f8fa19-c55d-4657-b85c-f7453e0c6c74/sm/snapshot.1_0 time:6
2020-07-22 13:36:03,976 [d6d1ac88-c565-49dc-b661-e5233392d177@group-F7453E0C6C74-StateMachineUpdater] INFO  impl.StateMachineUpdater (StateMachineUpdater.java:takeSnapshot(277)) - d6d1ac88-c565-49dc-b661-e5233392d177@group-F7453E0C6C74-StateMachineUpdater: Took a snapshot at index 0
2020-07-22 13:36:03,976 [d6d1ac88-c565-49dc-b661-e5233392d177@group-F7453E0C6C74-StateMachineUpdater] INFO  impl.StateMachineUpdater (StateMachineUpdater.java:lambda$new$0(87)) - d6d1ac88-c565-49dc-b661-e5233392d177@group-F7453E0C6C74-StateMachineUpdater: snapshotIndex: updateIncreasingly -1 -> 0
2020-07-22 13:36:03,976 [d6d1ac88-c565-49dc-b661-e5233392d177@group-F7453E0C6C74-StateMachineUpdater] INFO  metrics.RatisMetrics (RatisMetrics.java:unregister(43)) - Unregistering Metrics Registry : ratis.state_machine.d6d1ac88-c565-49dc-b661-e5233392d177@group-F7453E0C6C74
2020-07-22 13:36:03,976 [grpc-default-executor-2] INFO  server.GrpcLogAppender (GrpcLogAppender.java:onCompleted(319)) - 7993133d-5733-489d-9cab-688682c47555@group-7D18B211F00E->d6d1ac88-c565-49dc-b661-e5233392d177-AppendLogResponseHandler: follower responses appendEntries COMPLETED
2020-07-22 13:36:03,978 [ForkJoinPool.commonPool-worker-0] INFO  impl.RaftServerImpl (ServerState.java:close(387)) - d6d1ac88-c565-49dc-b661-e5233392d177@group-F7453E0C6C74: closes. applyIndex: 0
2020-07-22 13:36:03,978 [Listener at 127.0.0.1/40109] INFO  metrics.RatisMetrics (RatisMetrics.java:unregister(43)) - Unregistering Metrics Registry : ratis.log_appender.7993133d-5733-489d-9cab-688682c47555@group-7D18B211F00E
2020-07-22 13:36:03,978 [Listener at 127.0.0.1/40109] INFO  metrics.RatisMetrics (RatisMetrics.java:unregister(43)) - Unregistering Metrics Registry : ratis.server.7993133d-5733-489d-9cab-688682c47555@group-7D18B211F00E
2020-07-22 13:36:03,980 [grpc-default-executor-2] INFO  impl.FollowerInfo (FollowerInfo.java:lambda$new$0(51)) - 7993133d-5733-489d-9cab-688682c47555@group-7D18B211F00E->d6d1ac88-c565-49dc-b661-e5233392d177: nextIndex: updateUnconditionally 3 -> 2
2020-07-22 13:36:03,980 [d6d1ac88-c565-49dc-b661-e5233392d177@group-F7453E0C6C74-SegmentedRaftLogWorker] INFO  segmented.SegmentedRaftLogWorker (SegmentedRaftLogWorker.java:run(327)) - d6d1ac88-c565-49dc-b661-e5233392d177@group-F7453E0C6C74-SegmentedRaftLogWorker was interrupted, exiting. There are 0 tasks remaining in the queue.
2020-07-22 13:36:03,981 [7993133d-5733-489d-9cab-688682c47555@group-7D18B211F00E-StateMachineUpdater] INFO  ratis.ContainerStateMachine (ContainerStateMachine.java:takeSnapshot(293)) - group-7D18B211F00E: Taking a snapshot at:(t:2, i:2) file /github/workspace/mnt/ozone/hadoop-ozone/integration-test/target/test-dir/MiniOzoneClusterImpl-d98e4c18-9a08-44b7-83b8-49402f47e02b/datanode-5/data/ratis/a32141e0-60b8-44de-a3b2-7d18b211f00e/sm/snapshot.2_2
2020-07-22 13:36:03,981 [Listener at 127.0.0.1/40109] INFO  impl.StateMachineUpdater (StateMachineUpdater.java:stopAndJoin(142)) - 7993133d-5733-489d-9cab-688682c47555@group-7D18B211F00E-StateMachineUpdater: set stopIndex = 2
2020-07-22 13:36:03,982 [ForkJoinPool.commonPool-worker-0] INFO  segmented.SegmentedRaftLogWorker (SegmentedRaftLogWorker.java:close(234)) - d6d1ac88-c565-49dc-b661-e5233392d177@group-F7453E0C6C74-SegmentedRaftLogWorker close()
2020-07-22 13:36:03,982 [7993133d-5733-489d-9cab-688682c47555@group-7D18B211F00E-StateMachineUpdater] INFO  ratis.ContainerStateMachine (ContainerStateMachine.java:takeSnapshot(304)) - group-7D18B211F00E: Finished taking a snapshot at:(t:2, i:2) file:/github/workspace/mnt/ozone/hadoop-ozone/integration-test/target/test-dir/MiniOzoneClusterImpl-d98e4c18-9a08-44b7-83b8-49402f47e02b/datanode-5/data/ratis/a32141e0-60b8-44de-a3b2-7d18b211f00e/sm/snapshot.2_2 time:1
2020-07-22 13:36:03,982 [7993133d-5733-489d-9cab-688682c47555@group-7D18B211F00E-StateMachineUpdater] INFO  impl.StateMachineUpdater (StateMachineUpdater.java:takeSnapshot(277)) - 7993133d-5733-489d-9cab-688682c47555@group-7D18B211F00E-StateMachineUpdater: Took a snapshot at index 2
2020-07-22 13:36:03,982 [7993133d-5733-489d-9cab-688682c47555@group-7D18B211F00E-StateMachineUpdater] INFO  impl.StateMachineUpdater (StateMachineUpdater.java:lambda$new$0(87)) - 7993133d-5733-489d-9cab-688682c47555@group-7D18B211F00E-StateMachineUpdater: snapshotIndex: updateIncreasingly -1 -> 2
2020-07-22 13:36:03,982 [7993133d-5733-489d-9cab-688682c47555@group-7D18B211F00E-StateMachineUpdater] INFO  metrics.RatisMetrics (RatisMetrics.java:unregister(43)) - Unregistering Metrics Registry : ratis.state_machine.7993133d-5733-489d-9cab-688682c47555@group-7D18B211F00E
2020-07-22 13:36:03,983 [Listener at 127.0.0.1/40109] INFO  impl.RaftServerImpl (ServerState.java:close(387)) - 7993133d-5733-489d-9cab-688682c47555@group-7D18B211F00E: closes. applyIndex: 2
2020-07-22 13:36:03,983 [7993133d-5733-489d-9cab-688682c47555@group-7D18B211F00E-SegmentedRaftLogWorker] INFO  segmented.SegmentedRaftLogWorker (SegmentedRaftLogWorker.java:run(327)) - 7993133d-5733-489d-9cab-688682c47555@group-7D18B211F00E-SegmentedRaftLogWorker was interrupted, exiting. There are 0 tasks remaining in the queue.
2020-07-22 13:36:03,984 [ForkJoinPool.commonPool-worker-0] INFO  metrics.RatisMetrics (RatisMetrics.java:unregister(43)) - Unregistering Metrics Registry : ratis.log_worker.d6d1ac88-c565-49dc-b661-e5233392d177@group-F7453E0C6C74
2020-07-22 13:36:03,984 [ForkJoinPool.commonPool-worker-0] INFO  metrics.RatisMetrics (RatisMetrics.java:unregister(43)) - Unregistering Metrics Registry : ratis.leader_election.d6d1ac88-c565-49dc-b661-e5233392d177@group-F7453E0C6C74
2020-07-22 13:36:03,984 [Listener at 127.0.0.1/40109] INFO  segmented.SegmentedRaftLogWorker (SegmentedRaftLogWorker.java:close(234)) - 7993133d-5733-489d-9cab-688682c47555@group-7D18B211F00E-SegmentedRaftLogWorker close()
2020-07-22 13:36:03,985 [ForkJoinPool.commonPool-worker-0] INFO  metrics.RatisMetrics (RatisMetrics.java:unregister(43)) - Unregistering Metrics Registry : ratis.server.d6d1ac88-c565-49dc-b661-e5233392d177@group-F7453E0C6C74
2020-07-22 13:36:03,985 [ForkJoinPool.commonPool-worker-0] INFO  server.GrpcService (GrpcService.java:closeImpl(166)) - d6d1ac88-c565-49dc-b661-e5233392d177: shutdown server with port 38993 now
2020-07-22 13:36:03,986 [Listener at 127.0.0.1/40109] INFO  metrics.RatisMetrics (RatisMetrics.java:unregister(43)) - Unregistering Metrics Registry : ratis.log_worker.7993133d-5733-489d-9cab-688682c47555@group-7D18B211F00E
2020-07-22 13:36:03,986 [Listener at 127.0.0.1/40109] INFO  metrics.RatisMetrics (RatisMetrics.java:unregister(43)) - Unregistering Metrics Registry : ratis.leader_election.7993133d-5733-489d-9cab-688682c47555@group-7D18B211F00E
2020-07-22 13:36:03,986 [Listener at 127.0.0.1/40109] INFO  metrics.RatisMetrics (RatisMetrics.java:unregister(43)) - Unregistering Metrics Registry : ratis.server.7993133d-5733-489d-9cab-688682c47555@group-7D18B211F00E
2020-07-22 13:36:03,986 [Listener at 127.0.0.1/40109] INFO  impl.RaftServerImpl (RaftServerImpl.java:lambda$shutdown$3(263)) - 7993133d-5733-489d-9cab-688682c47555@group-A3A3D107B774: shutdown
2020-07-22 13:36:03,986 [Listener at 127.0.0.1/40109] INFO  util.JmxRegister (JmxRegister.java:unregister(73)) - Successfully un-registered JMX Bean with object name Ratis:service=RaftServer,group=group-A3A3D107B774,id=7993133d-5733-489d-9cab-688682c47555
2020-07-22 13:36:03,987 [Listener at 127.0.0.1/40109] INFO  impl.RoleInfo (RoleInfo.java:shutdownLeaderState(104)) - 7993133d-5733-489d-9cab-688682c47555: shutdown LeaderState
2020-07-22 13:36:03,987 [Listener at 127.0.0.1/40109] INFO  impl.PendingRequests (PendingRequests.java:sendNotLeaderResponses(249)) - 7993133d-5733-489d-9cab-688682c47555@group-A3A3D107B774-PendingRequests: sendNotLeaderResponses
2020-07-22 13:36:03,987 [Listener at 127.0.0.1/40109] INFO  metrics.RatisMetrics (RatisMetrics.java:unregister(43)) - Unregistering Metrics Registry : ratis.log_appender.7993133d-5733-489d-9cab-688682c47555@group-A3A3D107B774
2020-07-22 13:36:03,987 [Listener at 127.0.0.1/40109] INFO  metrics.RatisMetrics (RatisMetrics.java:unregister(43)) - Unregistering Metrics Registry : ratis.server.7993133d-5733-489d-9cab-688682c47555@group-A3A3D107B774
2020-07-22 13:36:03,988 [Listener at 127.0.0.1/40109] INFO  impl.StateMachineUpdater (StateMachineUpdater.java:stopAndJoin(142)) - 7993133d-5733-489d-9cab-688682c47555@group-A3A3D107B774-StateMachineUpdater: set stopIndex = 0
2020-07-22 13:36:03,988 [ForkJoinPool.commonPool-worker-0] INFO  server.GrpcService (GrpcService.java:closeImpl(174)) - d6d1ac88-c565-49dc-b661-e5233392d177: shutdown server with port 38993 successfully
2020-07-22 13:36:03,989 [7993133d-5733-489d-9cab-688682c47555@group-A3A3D107B774-StateMachineUpdater] INFO  ratis.ContainerStateMachine (ContainerStateMachine.java:takeSnapshot(293)) - group-A3A3D107B774: Taking a snapshot at:(t:1, i:0) file /github/workspace/mnt/ozone/hadoop-ozone/integration-test/target/test-dir/MiniOzoneClusterImpl-d98e4c18-9a08-44b7-83b8-49402f47e02b/datanode-5/data/ratis/e7161274-5db4-4822-8ade-a3a3d107b774/sm/snapshot.1_0
2020-07-22 13:36:03,990 [7993133d-5733-489d-9cab-688682c47555@group-A3A3D107B774-StateMachineUpdater] INFO  ratis.ContainerStateMachine (ContainerStateMachine.java:takeSnapshot(304)) - group-A3A3D107B774: Finished taking a snapshot at:(t:1, i:0) file:/github/workspace/mnt/ozone/hadoop-ozone/integration-test/target/test-dir/MiniOzoneClusterImpl-d98e4c18-9a08-44b7-83b8-49402f47e02b/datanode-5/data/ratis/e7161274-5db4-4822-8ade-a3a3d107b774/sm/snapshot.1_0 time:2
2020-07-22 13:36:03,990 [ForkJoinPool.commonPool-worker-0] INFO  utils.BackgroundService (BackgroundService.java:shutdown(157)) - Shutting down service BlockDeletingService
2020-07-22 13:36:03,990 [7993133d-5733-489d-9cab-688682c47555@group-A3A3D107B774-StateMachineUpdater] INFO  impl.StateMachineUpdater (StateMachineUpdater.java:takeSnapshot(277)) - 7993133d-5733-489d-9cab-688682c47555@group-A3A3D107B774-StateMachineUpdater: Took a snapshot at index 0
2020-07-22 13:36:03,990 [7993133d-5733-489d-9cab-688682c47555@group-A3A3D107B774-StateMachineUpdater] INFO  impl.StateMachineUpdater (StateMachineUpdater.java:lambda$new$0(87)) - 7993133d-5733-489d-9cab-688682c47555@group-A3A3D107B774-StateMachineUpdater: snapshotIndex: updateIncreasingly -1 -> 0
2020-07-22 13:36:03,990 [7993133d-5733-489d-9cab-688682c47555@group-A3A3D107B774-StateMachineUpdater] INFO  metrics.RatisMetrics (RatisMetrics.java:unregister(43)) - Unregistering Metrics Registry : ratis.state_machine.7993133d-5733-489d-9cab-688682c47555@group-A3A3D107B774
2020-07-22 13:36:03,990 [Listener at 127.0.0.1/40109] INFO  impl.RaftServerImpl (ServerState.java:close(387)) - 7993133d-5733-489d-9cab-688682c47555@group-A3A3D107B774: closes. applyIndex: 0
2020-07-22 13:36:03,990 [7993133d-5733-489d-9cab-688682c47555@group-A3A3D107B774-SegmentedRaftLogWorker] INFO  segmented.SegmentedRaftLogWorker (SegmentedRaftLogWorker.java:run(327)) - 7993133d-5733-489d-9cab-688682c47555@group-A3A3D107B774-SegmentedRaftLogWorker was interrupted, exiting. There are 0 tasks remaining in the queue.
2020-07-22 13:36:03,991 [Listener at 127.0.0.1/40109] INFO  segmented.SegmentedRaftLogWorker (SegmentedRaftLogWorker.java:close(234)) - 7993133d-5733-489d-9cab-688682c47555@group-A3A3D107B774-SegmentedRaftLogWorker close()
2020-07-22 13:36:03,991 [ForkJoinPool.commonPool-worker-0] INFO  statemachine.DatanodeStateMachine (DatanodeStateMachine.java:stopDaemon(428)) - Ozone container server stopped.
2020-07-22 13:36:03,992 [Listener at 127.0.0.1/40109] INFO  metrics.RatisMetrics (RatisMetrics.java:unregister(43)) - Unregistering Metrics Registry : ratis.log_worker.7993133d-5733-489d-9cab-688682c47555@group-A3A3D107B774
2020-07-22 13:36:03,992 [Listener at 127.0.0.1/40109] INFO  metrics.RatisMetrics (RatisMetrics.java:unregister(43)) - Unregistering Metrics Registry : ratis.leader_election.7993133d-5733-489d-9cab-688682c47555@group-A3A3D107B774
2020-07-22 13:36:03,992 [Listener at 127.0.0.1/40109] INFO  metrics.RatisMetrics (RatisMetrics.java:unregister(43)) - Unregistering Metrics Registry : ratis.server.7993133d-5733-489d-9cab-688682c47555@group-A3A3D107B774
2020-07-22 13:36:03,992 [Listener at 127.0.0.1/40109] INFO  server.GrpcService (GrpcService.java:closeImpl(166)) - 7993133d-5733-489d-9cab-688682c47555: shutdown server with port 41635 now
2020-07-22 13:36:03,993 [Listener at 127.0.0.1/40109] INFO  server.GrpcService (GrpcService.java:closeImpl(174)) - 7993133d-5733-489d-9cab-688682c47555: shutdown server with port 41635 successfully
2020-07-22 13:36:03,999 [Listener at 127.0.0.1/40109] INFO  utils.BackgroundService (BackgroundService.java:shutdown(157)) - Shutting down service BlockDeletingService
2020-07-22 13:36:04,000 [ForkJoinPool.commonPool-worker-0] INFO  handler.ContextHandler (ContextHandler.java:doStop(1016)) - Stopped o.e.j.w.WebAppContext@247dad0f{hddsDatanode,/,null,UNAVAILABLE}{jar:file:/home/user/.m2/repository/org/apache/hadoop/hadoop-hdds-container-service/0.6.0-SNAPSHOT/hadoop-hdds-container-service-0.6.0-SNAPSHOT.jar!/webapps/hddsDatanode}
2020-07-22 13:36:04,000 [Listener at 127.0.0.1/40109] INFO  statemachine.DatanodeStateMachine (DatanodeStateMachine.java:stopDaemon(428)) - Ozone container server stopped.
2020-07-22 13:36:04,006 [Listener at 127.0.0.1/40109] INFO  handler.ContextHandler (ContextHandler.java:doStop(1016)) - Stopped o.e.j.w.WebAppContext@391dfe82{hddsDatanode,/,null,UNAVAILABLE}{jar:file:/home/user/.m2/repository/org/apache/hadoop/hadoop-hdds-container-service/0.6.0-SNAPSHOT/hadoop-hdds-container-service-0.6.0-SNAPSHOT.jar!/webapps/hddsDatanode}
2020-07-22 13:36:04,006 [Listener at 127.0.0.1/40109] INFO  server.AbstractConnector (AbstractConnector.java:doStop(380)) - Stopped ServerConnector@27afeede{HTTP/1.1,[http/1.1]}{0.0.0.0:0}
2020-07-22 13:36:04,006 [Listener at 127.0.0.1/40109] INFO  server.session (HouseKeeper.java:stopScavenging(158)) - node0 Stopped scavenging
2020-07-22 13:36:04,006 [ForkJoinPool.commonPool-worker-0] INFO  server.AbstractConnector (AbstractConnector.java:doStop(380)) - Stopped ServerConnector@7f1c1df5{HTTP/1.1,[http/1.1]}{0.0.0.0:0}
2020-07-22 13:36:04,006 [ForkJoinPool.commonPool-worker-0] INFO  server.session (HouseKeeper.java:stopScavenging(158)) - node0 Stopped scavenging
2020-07-22 13:36:04,007 [Listener at 127.0.0.1/40109] INFO  handler.ContextHandler (ContextHandler.java:doStop(1016)) - Stopped o.e.j.s.ServletContextHandler@2653b95f{static,/static,jar:file:/home/user/.m2/repository/org/apache/hadoop/hadoop-hdds-container-service/0.6.0-SNAPSHOT/hadoop-hdds-container-service-0.6.0-SNAPSHOT.jar!/webapps/static,UNAVAILABLE}
2020-07-22 13:36:04,007 [Listener at 127.0.0.1/40109] INFO  handler.ContextHandler (ContextHandler.java:doStop(1016)) - Stopped o.e.j.s.ServletContextHandler@6015326{logs,/logs,file:///github/workspace/mnt/ozone/hadoop-ozone/integration-test/target/log,UNAVAILABLE}
2020-07-22 13:36:04,007 [ForkJoinPool.commonPool-worker-0] INFO  handler.ContextHandler (ContextHandler.java:doStop(1016)) - Stopped o.e.j.s.ServletContextHandler@28a50dec{static,/static,jar:file:/home/user/.m2/repository/org/apache/hadoop/hadoop-hdds-container-service/0.6.0-SNAPSHOT/hadoop-hdds-container-service-0.6.0-SNAPSHOT.jar!/webapps/static,UNAVAILABLE}
2020-07-22 13:36:04,009 [ForkJoinPool.commonPool-worker-0] INFO  handler.ContextHandler (ContextHandler.java:doStop(1016)) - Stopped o.e.j.s.ServletContextHandler@21af717b{logs,/logs,file:///github/workspace/mnt/ozone/hadoop-ozone/integration-test/target/log,UNAVAILABLE}
2020-07-22 13:36:04,029 [Datanode State Machine Thread - 0] INFO  statemachine.DatanodeStateMachine (DatanodeStateMachine.java:lambda$startDaemon$0(380)) - Ozone container server started.
2020-07-22 13:36:04,067 [grpc-default-executor-0] WARN  server.GrpcLogAppender (LogUtils.java:warn(122)) - 533bc4e3-485c-4c45-abfa-e25747e2fc79@group-3A617CA5F1E2->bf4a83d9-7bab-4b6f-8392-1b3160a0da61-AppendLogResponseHandler: Failed appendEntries: org.apache.ratis.thirdparty.io.grpc.StatusRuntimeException: UNAVAILABLE: io exception
2020-07-22 13:36:04,068 [grpc-default-executor-0] INFO  impl.FollowerInfo (FollowerInfo.java:lambda$new$0(51)) - 533bc4e3-485c-4c45-abfa-e25747e2fc79@group-3A617CA5F1E2->bf4a83d9-7bab-4b6f-8392-1b3160a0da61: nextIndex: updateUnconditionally 1 -> 0
2020-07-22 13:36:04,725 [Datanode State Machine Thread - 0] INFO  statemachine.DatanodeStateMachine (DatanodeStateMachine.java:lambda$startDaemon$0(380)) - Ozone container server started.
2020-07-22 13:36:06,570 [grpc-default-executor-2] WARN  server.GrpcLogAppender (LogUtils.java:warn(122)) - 533bc4e3-485c-4c45-abfa-e25747e2fc79@group-3A617CA5F1E2->bf4a83d9-7bab-4b6f-8392-1b3160a0da61-AppendLogResponseHandler: Failed appendEntries: org.apache.ratis.thirdparty.io.grpc.StatusRuntimeException: UNAVAILABLE: io exception
2020-07-22 13:36:06,572 [grpc-default-executor-2] INFO  impl.FollowerInfo (FollowerInfo.java:lambda$new$0(51)) - 533bc4e3-485c-4c45-abfa-e25747e2fc79@group-3A617CA5F1E2->bf4a83d9-7bab-4b6f-8392-1b3160a0da61: nextIndex: updateUnconditionally 1 -> 0
2020-07-22 13:36:09,010 [Listener at 127.0.0.1/40109] INFO  ozoneimpl.OzoneContainer (OzoneContainer.java:stop(250)) - Attempting to stop container services.
2020-07-22 13:36:09,010 [Listener at 127.0.0.1/40109] INFO  impl.RaftServerProxy (RaftServerProxy.java:lambda$close$4(319)) - 8fc789e3-cfff-4768-8922-f2fbfdc764b4: close
2020-07-22 13:36:09,010 [Listener at 127.0.0.1/40109] INFO  impl.RaftServerImpl (RaftServerImpl.java:lambda$shutdown$3(263)) - 8fc789e3-cfff-4768-8922-f2fbfdc764b4@group-14D0693156FB: shutdown
2020-07-22 13:36:09,011 [Listener at 127.0.0.1/40109] INFO  util.JmxRegister (JmxRegister.java:unregister(73)) - Successfully un-registered JMX Bean with object name Ratis:service=RaftServer,group=group-14D0693156FB,id=8fc789e3-cfff-4768-8922-f2fbfdc764b4
2020-07-22 13:36:09,011 [Listener at 127.0.0.1/40109] INFO  impl.RoleInfo (RoleInfo.java:shutdownLeaderState(104)) - 8fc789e3-cfff-4768-8922-f2fbfdc764b4: shutdown LeaderState
2020-07-22 13:36:09,011 [Listener at 127.0.0.1/40109] INFO  impl.PendingRequests (PendingRequests.java:sendNotLeaderResponses(249)) - 8fc789e3-cfff-4768-8922-f2fbfdc764b4@group-14D0693156FB-PendingRequests: sendNotLeaderResponses
2020-07-22 13:36:09,011 [ForkJoinPool.commonPool-worker-0] INFO  ozoneimpl.OzoneContainer (OzoneContainer.java:stop(250)) - Attempting to stop container services.
2020-07-22 13:36:09,011 [Listener at 127.0.0.1/40109] INFO  metrics.RatisMetrics (RatisMetrics.java:unregister(43)) - Unregistering Metrics Registry : ratis.log_appender.8fc789e3-cfff-4768-8922-f2fbfdc764b4@group-14D0693156FB
2020-07-22 13:36:09,012 [ForkJoinPool.commonPool-worker-0] INFO  impl.RaftServerProxy (RaftServerProxy.java:lambda$close$4(319)) - 533bc4e3-485c-4c45-abfa-e25747e2fc79: close
2020-07-22 13:36:09,012 [ForkJoinPool.commonPool-worker-0] INFO  impl.RaftServerImpl (RaftServerImpl.java:lambda$shutdown$3(263)) - 533bc4e3-485c-4c45-abfa-e25747e2fc79@group-B104A9A81E31: shutdown
2020-07-22 13:36:09,012 [ForkJoinPool.commonPool-worker-0] INFO  util.JmxRegister (JmxRegister.java:unregister(73)) - Successfully un-registered JMX Bean with object name Ratis:service=RaftServer,group=group-B104A9A81E31,id=533bc4e3-485c-4c45-abfa-e25747e2fc79
2020-07-22 13:36:09,012 [ForkJoinPool.commonPool-worker-0] INFO  impl.RoleInfo (RoleInfo.java:shutdownLeaderState(104)) - 533bc4e3-485c-4c45-abfa-e25747e2fc79: shutdown LeaderState
2020-07-22 13:36:09,012 [Listener at 127.0.0.1/40109] INFO  metrics.RatisMetrics (RatisMetrics.java:unregister(43)) - Unregistering Metrics Registry : ratis.server.8fc789e3-cfff-4768-8922-f2fbfdc764b4@group-14D0693156FB
2020-07-22 13:36:09,012 [ForkJoinPool.commonPool-worker-0] INFO  impl.PendingRequests (PendingRequests.java:sendNotLeaderResponses(249)) - 533bc4e3-485c-4c45-abfa-e25747e2fc79@group-B104A9A81E31-PendingRequests: sendNotLeaderResponses
2020-07-22 13:36:09,012 [ForkJoinPool.commonPool-worker-0] INFO  metrics.RatisMetrics (RatisMetrics.java:unregister(43)) - Unregistering Metrics Registry : ratis.log_appender.533bc4e3-485c-4c45-abfa-e25747e2fc79@group-B104A9A81E31
2020-07-22 13:36:09,013 [ForkJoinPool.commonPool-worker-0] INFO  metrics.RatisMetrics (RatisMetrics.java:unregister(43)) - Unregistering Metrics Registry : ratis.server.533bc4e3-485c-4c45-abfa-e25747e2fc79@group-B104A9A81E31
2020-07-22 13:36:09,013 [ForkJoinPool.commonPool-worker-0] INFO  impl.StateMachineUpdater (StateMachineUpdater.java:stopAndJoin(142)) - 533bc4e3-485c-4c45-abfa-e25747e2fc79@group-B104A9A81E31-StateMachineUpdater: set stopIndex = 0
2020-07-22 13:36:09,014 [Listener at 127.0.0.1/40109] INFO  impl.StateMachineUpdater (StateMachineUpdater.java:stopAndJoin(142)) - 8fc789e3-cfff-4768-8922-f2fbfdc764b4@group-14D0693156FB-StateMachineUpdater: set stopIndex = 0
2020-07-22 13:36:09,014 [533bc4e3-485c-4c45-abfa-e25747e2fc79@group-B104A9A81E31-StateMachineUpdater] INFO  ratis.ContainerStateMachine (ContainerStateMachine.java:takeSnapshot(293)) - group-B104A9A81E31: Taking a snapshot at:(t:1, i:0) file /github/workspace/mnt/ozone/hadoop-ozone/integration-test/target/test-dir/MiniOzoneClusterImpl-d98e4c18-9a08-44b7-83b8-49402f47e02b/datanode-0/data/ratis/2a4ce616-efe8-46c4-ac7d-b104a9a81e31/sm/snapshot.1_0
2020-07-22 13:36:09,014 [8fc789e3-cfff-4768-8922-f2fbfdc764b4@group-14D0693156FB-StateMachineUpdater] INFO  ratis.ContainerStateMachine (ContainerStateMachine.java:takeSnapshot(293)) - group-14D0693156FB: Taking a snapshot at:(t:1, i:0) file /github/workspace/mnt/ozone/hadoop-ozone/integration-test/target/test-dir/MiniOzoneClusterImpl-d98e4c18-9a08-44b7-83b8-49402f47e02b/datanode-7/data/ratis/2a6d780d-4396-4d45-9a69-14d0693156fb/sm/snapshot.1_0
2020-07-22 13:36:09,015 [533bc4e3-485c-4c45-abfa-e25747e2fc79@group-B104A9A81E31-StateMachineUpdater] INFO  ratis.ContainerStateMachine (ContainerStateMachine.java:takeSnapshot(304)) - group-B104A9A81E31: Finished taking a snapshot at:(t:1, i:0) file:/github/workspace/mnt/ozone/hadoop-ozone/integration-test/target/test-dir/MiniOzoneClusterImpl-d98e4c18-9a08-44b7-83b8-49402f47e02b/datanode-0/data/ratis/2a4ce616-efe8-46c4-ac7d-b104a9a81e31/sm/snapshot.1_0 time:1
2020-07-22 13:36:09,015 [533bc4e3-485c-4c45-abfa-e25747e2fc79@group-B104A9A81E31-StateMachineUpdater] INFO  impl.StateMachineUpdater (StateMachineUpdater.java:takeSnapshot(277)) - 533bc4e3-485c-4c45-abfa-e25747e2fc79@group-B104A9A81E31-StateMachineUpdater: Took a snapshot at index 0
2020-07-22 13:36:09,015 [533bc4e3-485c-4c45-abfa-e25747e2fc79@group-B104A9A81E31-StateMachineUpdater] INFO  impl.StateMachineUpdater (StateMachineUpdater.java:lambda$new$0(87)) - 533bc4e3-485c-4c45-abfa-e25747e2fc79@group-B104A9A81E31-StateMachineUpdater: snapshotIndex: updateIncreasingly -1 -> 0
2020-07-22 13:36:09,015 [533bc4e3-485c-4c45-abfa-e25747e2fc79@group-B104A9A81E31-StateMachineUpdater] INFO  metrics.RatisMetrics (RatisMetrics.java:unregister(43)) - Unregistering Metrics Registry : ratis.state_machine.533bc4e3-485c-4c45-abfa-e25747e2fc79@group-B104A9A81E31
2020-07-22 13:36:09,015 [ForkJoinPool.commonPool-worker-0] INFO  impl.RaftServerImpl (ServerState.java:close(387)) - 533bc4e3-485c-4c45-abfa-e25747e2fc79@group-B104A9A81E31: closes. applyIndex: 0
2020-07-22 13:36:09,016 [533bc4e3-485c-4c45-abfa-e25747e2fc79@group-B104A9A81E31-SegmentedRaftLogWorker] INFO  segmented.SegmentedRaftLogWorker (SegmentedRaftLogWorker.java:run(327)) - 533bc4e3-485c-4c45-abfa-e25747e2fc79@group-B104A9A81E31-SegmentedRaftLogWorker was interrupted, exiting. There are 0 tasks remaining in the queue.
2020-07-22 13:36:09,016 [8fc789e3-cfff-4768-8922-f2fbfdc764b4@group-14D0693156FB-StateMachineUpdater] INFO  ratis.ContainerStateMachine (ContainerStateMachine.java:takeSnapshot(304)) - group-14D0693156FB: Finished taking a snapshot at:(t:1, i:0) file:/github/workspace/mnt/ozone/hadoop-ozone/integration-test/target/test-dir/MiniOzoneClusterImpl-d98e4c18-9a08-44b7-83b8-49402f47e02b/datanode-7/data/ratis/2a6d780d-4396-4d45-9a69-14d0693156fb/sm/snapshot.1_0 time:2
2020-07-22 13:36:09,016 [ForkJoinPool.commonPool-worker-0] INFO  segmented.SegmentedRaftLogWorker (SegmentedRaftLogWorker.java:close(234)) - 533bc4e3-485c-4c45-abfa-e25747e2fc79@group-B104A9A81E31-SegmentedRaftLogWorker close()
2020-07-22 13:36:09,016 [8fc789e3-cfff-4768-8922-f2fbfdc764b4@group-14D0693156FB-StateMachineUpdater] INFO  impl.StateMachineUpdater (StateMachineUpdater.java:takeSnapshot(277)) - 8fc789e3-cfff-4768-8922-f2fbfdc764b4@group-14D0693156FB-StateMachineUpdater: Took a snapshot at index 0
2020-07-22 13:36:09,017 [8fc789e3-cfff-4768-8922-f2fbfdc764b4@group-14D0693156FB-StateMachineUpdater] INFO  impl.StateMachineUpdater (StateMachineUpdater.java:lambda$new$0(87)) - 8fc789e3-cfff-4768-8922-f2fbfdc764b4@group-14D0693156FB-StateMachineUpdater: snapshotIndex: updateIncreasingly -1 -> 0
2020-07-22 13:36:09,017 [ForkJoinPool.commonPool-worker-0] INFO  metrics.RatisMetrics (RatisMetrics.java:unregister(43)) - Unregistering Metrics Registry : ratis.log_worker.533bc4e3-485c-4c45-abfa-e25747e2fc79@group-B104A9A81E31
2020-07-22 13:36:09,018 [ForkJoinPool.commonPool-worker-0] INFO  metrics.RatisMetrics (RatisMetrics.java:unregister(43)) - Unregistering Metrics Registry : ratis.leader_election.533bc4e3-485c-4c45-abfa-e25747e2fc79@group-B104A9A81E31
2020-07-22 13:36:09,018 [ForkJoinPool.commonPool-worker-0] INFO  metrics.RatisMetrics (RatisMetrics.java:unregister(43)) - Unregistering Metrics Registry : ratis.server.533bc4e3-485c-4c45-abfa-e25747e2fc79@group-B104A9A81E31
2020-07-22 13:36:09,018 [ForkJoinPool.commonPool-worker-0] INFO  impl.RaftServerImpl (RaftServerImpl.java:lambda$shutdown$3(263)) - 533bc4e3-485c-4c45-abfa-e25747e2fc79@group-3A617CA5F1E2: shutdown
2020-07-22 13:36:09,018 [ForkJoinPool.commonPool-worker-0] INFO  util.JmxRegister (JmxRegister.java:unregister(73)) - Successfully un-registered JMX Bean with object name Ratis:service=RaftServer,group=group-3A617CA5F1E2,id=533bc4e3-485c-4c45-abfa-e25747e2fc79
2020-07-22 13:36:09,018 [ForkJoinPool.commonPool-worker-0] INFO  impl.RoleInfo (RoleInfo.java:shutdownLeaderState(104)) - 533bc4e3-485c-4c45-abfa-e25747e2fc79: shutdown LeaderState
2020-07-22 13:36:09,018 [ForkJoinPool.commonPool-worker-0] INFO  metrics.RatisMetrics (RatisMetrics.java:unregister(43)) - Unregistering Metrics Registry : ratis_grpc.log_appender.533bc4e3-485c-4c45-abfa-e25747e2fc79@group-3A617CA5F1E2
2020-07-22 13:36:09,018 [8fc789e3-cfff-4768-8922-f2fbfdc764b4@group-14D0693156FB-StateMachineUpdater] INFO  metrics.RatisMetrics (RatisMetrics.java:unregister(43)) - Unregistering Metrics Registry : ratis.state_machine.8fc789e3-cfff-4768-8922-f2fbfdc764b4@group-14D0693156FB
2020-07-22 13:36:09,018 [Listener at 127.0.0.1/40109] INFO  impl.RaftServerImpl (ServerState.java:close(387)) - 8fc789e3-cfff-4768-8922-f2fbfdc764b4@group-14D0693156FB: closes. applyIndex: 0
2020-07-22 13:36:09,018 [ForkJoinPool.commonPool-worker-0] INFO  metrics.RatisMetrics (RatisMetrics.java:unregister(43)) - Unregistering Metrics Registry : ratis_grpc.log_appender.533bc4e3-485c-4c45-abfa-e25747e2fc79@group-3A617CA5F1E2
2020-07-22 13:36:09,019 [8fc789e3-cfff-4768-8922-f2fbfdc764b4@group-14D0693156FB-SegmentedRaftLogWorker] INFO  segmented.SegmentedRaftLogWorker (SegmentedRaftLogWorker.java:run(327)) - 8fc789e3-cfff-4768-8922-f2fbfdc764b4@group-14D0693156FB-SegmentedRaftLogWorker was interrupted, exiting. There are 0 tasks remaining in the queue.
2020-07-22 13:36:09,019 [org.apache.ratis.server.impl.LogAppender$AppenderDaemon$$Lambda$448/604565204@45e174c6] WARN  server.GrpcLogAppender (GrpcLogAppender.java:mayWait(153)) - 533bc4e3-485c-4c45-abfa-e25747e2fc79@group-3A617CA5F1E2->bf4a83d9-7bab-4b6f-8392-1b3160a0da61-GrpcLogAppender: Wait interrupted by java.lang.InterruptedException
2020-07-22 13:36:09,020 [org.apache.ratis.server.impl.LogAppender$AppenderDaemon$$Lambda$448/604565204@68de973a] WARN  server.GrpcLogAppender (GrpcLogAppender.java:mayWait(153)) - 533bc4e3-485c-4c45-abfa-e25747e2fc79@group-3A617CA5F1E2->8d5d3460-f504-40b5-aaaf-08a8f79d520e-GrpcLogAppender: Wait interrupted by java.lang.InterruptedException
2020-07-22 13:36:09,020 [ForkJoinPool.commonPool-worker-0] INFO  impl.PendingRequests (PendingRequests.java:sendNotLeaderResponses(249)) - 533bc4e3-485c-4c45-abfa-e25747e2fc79@group-3A617CA5F1E2-PendingRequests: sendNotLeaderResponses
2020-07-22 13:36:09,020 [grpc-default-executor-2] INFO  server.GrpcServerProtocolService (GrpcServerProtocolService.java:onCompleted(138)) - 8d5d3460-f504-40b5-aaaf-08a8f79d520e: Completed APPEND_ENTRIES, lastRequest: 533bc4e3-485c-4c45-abfa-e25747e2fc79->8d5d3460-f504-40b5-aaaf-08a8f79d520e#1-t1, previous=(t:0, i:0), leaderCommit=-1, initializing? false, entries: size=1, first=(t:1, i:0), CONFIGURATIONENTRY
2020-07-22 13:36:09,020 [ForkJoinPool.commonPool-worker-0] INFO  metrics.RatisMetrics (RatisMetrics.java:unregister(43)) - Unregistering Metrics Registry : ratis.log_appender.533bc4e3-485c-4c45-abfa-e25747e2fc79@group-3A617CA5F1E2
2020-07-22 13:36:09,020 [ForkJoinPool.commonPool-worker-0] INFO  metrics.RatisMetrics (RatisMetrics.java:unregister(43)) - Unregistering Metrics Registry : ratis.server.533bc4e3-485c-4c45-abfa-e25747e2fc79@group-3A617CA5F1E2
2020-07-22 13:36:09,021 [grpc-default-executor-2] INFO  server.GrpcLogAppender (GrpcLogAppender.java:onCompleted(319)) - 533bc4e3-485c-4c45-abfa-e25747e2fc79@group-3A617CA5F1E2->8d5d3460-f504-40b5-aaaf-08a8f79d520e-AppendLogResponseHandler: follower responses appendEntries COMPLETED
2020-07-22 13:36:09,023 [ForkJoinPool.commonPool-worker-0] INFO  impl.StateMachineUpdater (StateMachineUpdater.java:stopAndJoin(142)) - 533bc4e3-485c-4c45-abfa-e25747e2fc79@group-3A617CA5F1E2-StateMachineUpdater: set stopIndex = 0
2020-07-22 13:36:09,023 [533bc4e3-485c-4c45-abfa-e25747e2fc79@group-3A617CA5F1E2-StateMachineUpdater] INFO  ratis.ContainerStateMachine (ContainerStateMachine.java:takeSnapshot(293)) - group-3A617CA5F1E2: Taking a snapshot at:(t:1, i:0) file /github/workspace/mnt/ozone/hadoop-ozone/integration-test/target/test-dir/MiniOzoneClusterImpl-d98e4c18-9a08-44b7-83b8-49402f47e02b/datanode-0/data/ratis/855c6ed9-2d0e-4242-9358-3a617ca5f1e2/sm/snapshot.1_0
2020-07-22 13:36:09,024 [grpc-default-executor-2] INFO  impl.FollowerInfo (FollowerInfo.java:lambda$new$0(51)) - 533bc4e3-485c-4c45-abfa-e25747e2fc79@group-3A617CA5F1E2->8d5d3460-f504-40b5-aaaf-08a8f79d520e: nextIndex: updateUnconditionally 1 -> 0
2020-07-22 13:36:09,024 [533bc4e3-485c-4c45-abfa-e25747e2fc79@group-3A617CA5F1E2-StateMachineUpdater] INFO  ratis.ContainerStateMachine (ContainerStateMachine.java:takeSnapshot(304)) - group-3A617CA5F1E2: Finished taking a snapshot at:(t:1, i:0) file:/github/workspace/mnt/ozone/hadoop-ozone/integration-test/target/test-dir/MiniOzoneClusterImpl-d98e4c18-9a08-44b7-83b8-49402f47e02b/datanode-0/data/ratis/855c6ed9-2d0e-4242-9358-3a617ca5f1e2/sm/snapshot.1_0 time:1
2020-07-22 13:36:09,024 [533bc4e3-485c-4c45-abfa-e25747e2fc79@group-3A617CA5F1E2-StateMachineUpdater] INFO  impl.StateMachineUpdater (StateMachineUpdater.java:takeSnapshot(277)) - 533bc4e3-485c-4c45-abfa-e25747e2fc79@group-3A617CA5F1E2-StateMachineUpdater: Took a snapshot at index 0
2020-07-22 13:36:09,024 [533bc4e3-485c-4c45-abfa-e25747e2fc79@group-3A617CA5F1E2-StateMachineUpdater] INFO  impl.StateMachineUpdater (StateMachineUpdater.java:lambda$new$0(87)) - 533bc4e3-485c-4c45-abfa-e25747e2fc79@group-3A617CA5F1E2-StateMachineUpdater: snapshotIndex: updateIncreasingly -1 -> 0
2020-07-22 13:36:09,024 [533bc4e3-485c-4c45-abfa-e25747e2fc79@group-3A617CA5F1E2-StateMachineUpdater] INFO  metrics.RatisMetrics (RatisMetrics.java:unregister(43)) - Unregistering Metrics Registry : ratis.state_machine.533bc4e3-485c-4c45-abfa-e25747e2fc79@group-3A617CA5F1E2
2020-07-22 13:36:09,024 [ForkJoinPool.commonPool-worker-0] INFO  impl.RaftServerImpl (ServerState.java:close(387)) - 533bc4e3-485c-4c45-abfa-e25747e2fc79@group-3A617CA5F1E2: closes. applyIndex: 0
2020-07-22 13:36:09,024 [Listener at 127.0.0.1/40109] INFO  segmented.SegmentedRaftLogWorker (SegmentedRaftLogWorker.java:close(234)) - 8fc789e3-cfff-4768-8922-f2fbfdc764b4@group-14D0693156FB-SegmentedRaftLogWorker close()
2020-07-22 13:36:09,024 [533bc4e3-485c-4c45-abfa-e25747e2fc79@group-3A617CA5F1E2-SegmentedRaftLogWorker] INFO  segmented.SegmentedRaftLogWorker (SegmentedRaftLogWorker.java:run(327)) - 533bc4e3-485c-4c45-abfa-e25747e2fc79@group-3A617CA5F1E2-SegmentedRaftLogWorker was interrupted, exiting. There are 0 tasks remaining in the queue.
2020-07-22 13:36:09,025 [Listener at 127.0.0.1/40109] INFO  metrics.RatisMetrics (RatisMetrics.java:unregister(43)) - Unregistering Metrics Registry : ratis.log_worker.8fc789e3-cfff-4768-8922-f2fbfdc764b4@group-14D0693156FB
2020-07-22 13:36:09,025 [Listener at 127.0.0.1/40109] INFO  metrics.RatisMetrics (RatisMetrics.java:unregister(43)) - Unregistering Metrics Registry : ratis.leader_election.8fc789e3-cfff-4768-8922-f2fbfdc764b4@group-14D0693156FB
2020-07-22 13:36:09,025 [Listener at 127.0.0.1/40109] INFO  metrics.RatisMetrics (RatisMetrics.java:unregister(43)) - Unregistering Metrics Registry : ratis.server.8fc789e3-cfff-4768-8922-f2fbfdc764b4@group-14D0693156FB
2020-07-22 13:36:09,026 [Listener at 127.0.0.1/40109] INFO  impl.RaftServerImpl (RaftServerImpl.java:lambda$shutdown$3(263)) - 8fc789e3-cfff-4768-8922-f2fbfdc764b4@group-322E1634C0BA: shutdown
2020-07-22 13:36:09,026 [Listener at 127.0.0.1/40109] INFO  util.JmxRegister (JmxRegister.java:unregister(73)) - Successfully un-registered JMX Bean with object name Ratis:service=RaftServer,group=group-322E1634C0BA,id=8fc789e3-cfff-4768-8922-f2fbfdc764b4
2020-07-22 13:36:09,026 [Listener at 127.0.0.1/40109] INFO  impl.RoleInfo (RoleInfo.java:shutdownFollowerState(121)) - 8fc789e3-cfff-4768-8922-f2fbfdc764b4: shutdown FollowerState
2020-07-22 13:36:09,026 [Thread-1358] INFO  impl.FollowerState (FollowerState.java:run(117)) - 8fc789e3-cfff-4768-8922-f2fbfdc764b4@group-322E1634C0BA-FollowerState was interrupted: java.lang.InterruptedException: sleep interrupted
2020-07-22 13:36:09,026 [8fc789e3-cfff-4768-8922-f2fbfdc764b4@group-322E1634C0BA-StateMachineUpdater] INFO  ratis.ContainerStateMachine (ContainerStateMachine.java:takeSnapshot(293)) - group-322E1634C0BA: Taking a snapshot at:(t:1, i:0) file /github/workspace/mnt/ozone/hadoop-ozone/integration-test/target/test-dir/MiniOzoneClusterImpl-d98e4c18-9a08-44b7-83b8-49402f47e02b/datanode-7/data/ratis/9b352ed9-4454-47d7-9ce0-322e1634c0ba/sm/snapshot.1_0
2020-07-22 13:36:09,026 [Listener at 127.0.0.1/40109] INFO  impl.StateMachineUpdater (StateMachineUpdater.java:stopAndJoin(142)) - 8fc789e3-cfff-4768-8922-f2fbfdc764b4@group-322E1634C0BA-StateMachineUpdater: set stopIndex = 0
2020-07-22 13:36:09,028 [8fc789e3-cfff-4768-8922-f2fbfdc764b4@group-322E1634C0BA-StateMachineUpdater] INFO  ratis.ContainerStateMachine (ContainerStateMachine.java:takeSnapshot(304)) - group-322E1634C0BA: Finished taking a snapshot at:(t:1, i:0) file:/github/workspace/mnt/ozone/hadoop-ozone/integration-test/target/test-dir/MiniOzoneClusterImpl-d98e4c18-9a08-44b7-83b8-49402f47e02b/datanode-7/data/ratis/9b352ed9-4454-47d7-9ce0-322e1634c0ba/sm/snapshot.1_0 time:2
2020-07-22 13:36:09,028 [8fc789e3-cfff-4768-8922-f2fbfdc764b4@group-322E1634C0BA-StateMachineUpdater] INFO  impl.StateMachineUpdater (StateMachineUpdater.java:takeSnapshot(277)) - 8fc789e3-cfff-4768-8922-f2fbfdc764b4@group-322E1634C0BA-StateMachineUpdater: Took a snapshot at index 0
2020-07-22 13:36:09,028 [8fc789e3-cfff-4768-8922-f2fbfdc764b4@group-322E1634C0BA-StateMachineUpdater] INFO  impl.StateMachineUpdater (StateMachineUpdater.java:lambda$new$0(87)) - 8fc789e3-cfff-4768-8922-f2fbfdc764b4@group-322E1634C0BA-StateMachineUpdater: snapshotIndex: updateIncreasingly -1 -> 0
2020-07-22 13:36:09,028 [8fc789e3-cfff-4768-8922-f2fbfdc764b4@group-322E1634C0BA-StateMachineUpdater] INFO  metrics.RatisMetrics (RatisMetrics.java:unregister(43)) - Unregistering Metrics Registry : ratis.state_machine.8fc789e3-cfff-4768-8922-f2fbfdc764b4@group-322E1634C0BA
2020-07-22 13:36:09,029 [ForkJoinPool.commonPool-worker-0] INFO  segmented.SegmentedRaftLogWorker (SegmentedRaftLogWorker.java:close(234)) - 533bc4e3-485c-4c45-abfa-e25747e2fc79@group-3A617CA5F1E2-SegmentedRaftLogWorker close()
2020-07-22 13:36:09,032 [Listener at 127.0.0.1/40109] INFO  impl.RaftServerImpl (ServerState.java:close(387)) - 8fc789e3-cfff-4768-8922-f2fbfdc764b4@group-322E1634C0BA: closes. applyIndex: 0
2020-07-22 13:36:09,033 [8fc789e3-cfff-4768-8922-f2fbfdc764b4@group-322E1634C0BA-SegmentedRaftLogWorker] INFO  segmented.SegmentedRaftLogWorker (SegmentedRaftLogWorker.java:run(327)) - 8fc789e3-cfff-4768-8922-f2fbfdc764b4@group-322E1634C0BA-SegmentedRaftLogWorker was interrupted, exiting. There are 0 tasks remaining in the queue.
2020-07-22 13:36:09,033 [Listener at 127.0.0.1/40109] INFO  segmented.SegmentedRaftLogWorker (SegmentedRaftLogWorker.java:close(234)) - 8fc789e3-cfff-4768-8922-f2fbfdc764b4@group-322E1634C0BA-SegmentedRaftLogWorker close()
2020-07-22 13:36:09,033 [ForkJoinPool.commonPool-worker-0] INFO  metrics.RatisMetrics (RatisMetrics.java:unregister(43)) - Unregistering Metrics Registry : ratis.log_worker.533bc4e3-485c-4c45-abfa-e25747e2fc79@group-3A617CA5F1E2
2020-07-22 13:36:09,034 [ForkJoinPool.commonPool-worker-0] INFO  metrics.RatisMetrics (RatisMetrics.java:unregister(43)) - Unregistering Metrics Registry : ratis.leader_election.533bc4e3-485c-4c45-abfa-e25747e2fc79@group-3A617CA5F1E2
2020-07-22 13:36:09,034 [ForkJoinPool.commonPool-worker-0] INFO  metrics.RatisMetrics (RatisMetrics.java:unregister(43)) - Unregistering Metrics Registry : ratis.server.533bc4e3-485c-4c45-abfa-e25747e2fc79@group-3A617CA5F1E2
2020-07-22 13:36:09,034 [ForkJoinPool.commonPool-worker-0] INFO  server.GrpcService (GrpcService.java:closeImpl(166)) - 533bc4e3-485c-4c45-abfa-e25747e2fc79: shutdown server with port 41681 now
2020-07-22 13:36:09,034 [Listener at 127.0.0.1/40109] INFO  metrics.RatisMetrics (RatisMetrics.java:unregister(43)) - Unregistering Metrics Registry : ratis.log_worker.8fc789e3-cfff-4768-8922-f2fbfdc764b4@group-322E1634C0BA
2020-07-22 13:36:09,034 [Listener at 127.0.0.1/40109] INFO  metrics.RatisMetrics (RatisMetrics.java:unregister(43)) - Unregistering Metrics Registry : ratis.leader_election.8fc789e3-cfff-4768-8922-f2fbfdc764b4@group-322E1634C0BA
2020-07-22 13:36:09,035 [Listener at 127.0.0.1/40109] INFO  metrics.RatisMetrics (RatisMetrics.java:unregister(43)) - Unregistering Metrics Registry : ratis.server.8fc789e3-cfff-4768-8922-f2fbfdc764b4@group-322E1634C0BA
2020-07-22 13:36:09,035 [Listener at 127.0.0.1/40109] INFO  server.GrpcService (GrpcService.java:closeImpl(166)) - 8fc789e3-cfff-4768-8922-f2fbfdc764b4: shutdown server with port 38045 now
2020-07-22 13:36:09,035 [ForkJoinPool.commonPool-worker-0] INFO  server.GrpcService (GrpcService.java:closeImpl(174)) - 533bc4e3-485c-4c45-abfa-e25747e2fc79: shutdown server with port 41681 successfully
2020-07-22 13:36:09,035 [grpc-default-executor-0] WARN  server.GrpcServerProtocolService (LogUtils.java:warn(122)) - 8fc789e3-cfff-4768-8922-f2fbfdc764b4: installSnapshot onError, lastRequest: 098b8c32-9cc9-4300-9c47-36f9b46c2619->8fc789e3-cfff-4768-8922-f2fbfdc764b4#1-t1, previous=(t:0, i:0), leaderCommit=-1, initializing? false, entries: size=1, first=(t:1, i:0), CONFIGURATIONENTRY: org.apache.ratis.thirdparty.io.grpc.StatusRuntimeException: CANCELLED: cancelled before receiving half close
2020-07-22 13:36:09,036 [grpc-default-executor-0] WARN  server.GrpcLogAppender (LogUtils.java:warn(122)) - 098b8c32-9cc9-4300-9c47-36f9b46c2619@group-322E1634C0BA->8fc789e3-cfff-4768-8922-f2fbfdc764b4-AppendLogResponseHandler: Failed appendEntries: org.apache.ratis.thirdparty.io.grpc.StatusRuntimeException: CANCELLED: HTTP/2 error code: CANCEL
Received Rst Stream
2020-07-22 13:36:09,037 [grpc-default-executor-0] INFO  impl.FollowerInfo (FollowerInfo.java:lambda$new$0(51)) - 098b8c32-9cc9-4300-9c47-36f9b46c2619@group-322E1634C0BA->8fc789e3-cfff-4768-8922-f2fbfdc764b4: nextIndex: updateUnconditionally 1 -> 0
2020-07-22 13:36:09,041 [Listener at 127.0.0.1/40109] INFO  server.GrpcService (GrpcService.java:closeImpl(174)) - 8fc789e3-cfff-4768-8922-f2fbfdc764b4: shutdown server with port 38045 successfully
2020-07-22 13:36:09,042 [ForkJoinPool.commonPool-worker-0] INFO  utils.BackgroundService (BackgroundService.java:shutdown(157)) - Shutting down service BlockDeletingService
2020-07-22 13:36:09,042 [Listener at 127.0.0.1/40109] INFO  utils.BackgroundService (BackgroundService.java:shutdown(157)) - Shutting down service BlockDeletingService
2020-07-22 13:36:09,044 [ForkJoinPool.commonPool-worker-0] INFO  statemachine.DatanodeStateMachine (DatanodeStateMachine.java:stopDaemon(428)) - Ozone container server stopped.
2020-07-22 13:36:09,045 [Listener at 127.0.0.1/40109] INFO  statemachine.DatanodeStateMachine (DatanodeStateMachine.java:stopDaemon(428)) - Ozone container server stopped.
2020-07-22 13:36:09,052 [Listener at 127.0.0.1/40109] INFO  handler.ContextHandler (ContextHandler.java:doStop(1016)) - Stopped o.e.j.w.WebAppContext@151fce03{hddsDatanode,/,null,UNAVAILABLE}{jar:file:/home/user/.m2/repository/org/apache/hadoop/hadoop-hdds-container-service/0.6.0-SNAPSHOT/hadoop-hdds-container-service-0.6.0-SNAPSHOT.jar!/webapps/hddsDatanode}
2020-07-22 13:36:09,052 [Listener at 127.0.0.1/40109] INFO  server.AbstractConnector (AbstractConnector.java:doStop(380)) - Stopped ServerConnector@4f880f4a{HTTP/1.1,[http/1.1]}{0.0.0.0:0}
2020-07-22 13:36:09,052 [Listener at 127.0.0.1/40109] INFO  server.session (HouseKeeper.java:stopScavenging(158)) - node0 Stopped scavenging
2020-07-22 13:36:09,053 [Listener at 127.0.0.1/40109] INFO  handler.ContextHandler (ContextHandler.java:doStop(1016)) - Stopped o.e.j.s.ServletContextHandler@3220ea38{static,/static,jar:file:/home/user/.m2/repository/org/apache/hadoop/hadoop-hdds-container-service/0.6.0-SNAPSHOT/hadoop-hdds-container-service-0.6.0-SNAPSHOT.jar!/webapps/static,UNAVAILABLE}
2020-07-22 13:36:09,054 [ForkJoinPool.commonPool-worker-0] INFO  handler.ContextHandler (ContextHandler.java:doStop(1016)) - Stopped o.e.j.w.WebAppContext@c005d62{hddsDatanode,/,null,UNAVAILABLE}{jar:file:/home/user/.m2/repository/org/apache/hadoop/hadoop-hdds-container-service/0.6.0-SNAPSHOT/hadoop-hdds-container-service-0.6.0-SNAPSHOT.jar!/webapps/hddsDatanode}
2020-07-22 13:36:09,059 [Listener at 127.0.0.1/40109] INFO  handler.ContextHandler (ContextHandler.java:doStop(1016)) - Stopped o.e.j.s.ServletContextHandler@5e9affdc{logs,/logs,file:///github/workspace/mnt/ozone/hadoop-ozone/integration-test/target/log,UNAVAILABLE}
2020-07-22 13:36:09,067 [ForkJoinPool.commonPool-worker-0] INFO  server.AbstractConnector (AbstractConnector.java:doStop(380)) - Stopped ServerConnector@369fc9bd{HTTP/1.1,[http/1.1]}{0.0.0.0:0}
2020-07-22 13:36:09,068 [ForkJoinPool.commonPool-worker-0] INFO  server.session (HouseKeeper.java:stopScavenging(158)) - node0 Stopped scavenging
2020-07-22 13:36:09,069 [ForkJoinPool.commonPool-worker-0] INFO  handler.ContextHandler (ContextHandler.java:doStop(1016)) - Stopped o.e.j.s.ServletContextHandler@2da2bc89{static,/static,jar:file:/home/user/.m2/repository/org/apache/hadoop/hadoop-hdds-container-service/0.6.0-SNAPSHOT/hadoop-hdds-container-service-0.6.0-SNAPSHOT.jar!/webapps/static,UNAVAILABLE}
2020-07-22 13:36:09,070 [ForkJoinPool.commonPool-worker-0] INFO  handler.ContextHandler (ContextHandler.java:doStop(1016)) - Stopped o.e.j.s.ServletContextHandler@211d17c{logs,/logs,file:///github/workspace/mnt/ozone/hadoop-ozone/integration-test/target/log,UNAVAILABLE}
2020-07-22 13:36:09,771 [Datanode State Machine Thread - 0] INFO  statemachine.DatanodeStateMachine (DatanodeStateMachine.java:lambda$startDaemon$0(380)) - Ozone container server started.
2020-07-22 13:36:09,962 [Datanode State Machine Thread - 0] INFO  statemachine.DatanodeStateMachine (DatanodeStateMachine.java:lambda$startDaemon$0(380)) - Ozone container server started.
2020-07-22 13:36:11,208 [grpc-default-executor-5] WARN  server.GrpcLogAppender (LogUtils.java:warn(122)) - 098b8c32-9cc9-4300-9c47-36f9b46c2619@group-322E1634C0BA->8fc789e3-cfff-4768-8922-f2fbfdc764b4-AppendLogResponseHandler: Failed appendEntries: org.apache.ratis.thirdparty.io.grpc.StatusRuntimeException: UNAVAILABLE: io exception
2020-07-22 13:36:11,210 [grpc-default-executor-5] INFO  impl.FollowerInfo (FollowerInfo.java:lambda$new$0(51)) - 098b8c32-9cc9-4300-9c47-36f9b46c2619@group-322E1634C0BA->8fc789e3-cfff-4768-8922-f2fbfdc764b4: nextIndex: updateUnconditionally 1 -> 0
2020-07-22 13:36:13,710 [grpc-default-executor-5] WARN  server.GrpcLogAppender (LogUtils.java:warn(122)) - 098b8c32-9cc9-4300-9c47-36f9b46c2619@group-322E1634C0BA->8fc789e3-cfff-4768-8922-f2fbfdc764b4-AppendLogResponseHandler: Failed appendEntries: org.apache.ratis.thirdparty.io.grpc.StatusRuntimeException: UNAVAILABLE: io exception
2020-07-22 13:36:13,712 [grpc-default-executor-5] INFO  impl.FollowerInfo (FollowerInfo.java:lambda$new$0(51)) - 098b8c32-9cc9-4300-9c47-36f9b46c2619@group-322E1634C0BA->8fc789e3-cfff-4768-8922-f2fbfdc764b4: nextIndex: updateUnconditionally 1 -> 0
2020-07-22 13:36:14,069 [Listener at 127.0.0.1/40109] INFO  ozoneimpl.OzoneContainer (OzoneContainer.java:stop(250)) - Attempting to stop container services.
2020-07-22 13:36:14,069 [Listener at 127.0.0.1/40109] INFO  impl.RaftServerProxy (RaftServerProxy.java:lambda$close$4(319)) - 098b8c32-9cc9-4300-9c47-36f9b46c2619: close
2020-07-22 13:36:14,070 [Listener at 127.0.0.1/40109] INFO  impl.RaftServerImpl (RaftServerImpl.java:lambda$shutdown$3(263)) - 098b8c32-9cc9-4300-9c47-36f9b46c2619@group-D4C6171FD8DF: shutdown
2020-07-22 13:36:14,070 [Listener at 127.0.0.1/40109] INFO  util.JmxRegister (JmxRegister.java:unregister(73)) - Successfully un-registered JMX Bean with object name Ratis:service=RaftServer,group=group-D4C6171FD8DF,id=098b8c32-9cc9-4300-9c47-36f9b46c2619
2020-07-22 13:36:14,070 [Listener at 127.0.0.1/40109] INFO  impl.RoleInfo (RoleInfo.java:shutdownLeaderState(104)) - 098b8c32-9cc9-4300-9c47-36f9b46c2619: shutdown LeaderState
2020-07-22 13:36:14,070 [Listener at 127.0.0.1/40109] INFO  impl.PendingRequests (PendingRequests.java:sendNotLeaderResponses(249)) - 098b8c32-9cc9-4300-9c47-36f9b46c2619@group-D4C6171FD8DF-PendingRequests: sendNotLeaderResponses
2020-07-22 13:36:14,070 [Listener at 127.0.0.1/40109] INFO  metrics.RatisMetrics (RatisMetrics.java:unregister(43)) - Unregistering Metrics Registry : ratis.log_appender.098b8c32-9cc9-4300-9c47-36f9b46c2619@group-D4C6171FD8DF
2020-07-22 13:36:14,070 [Listener at 127.0.0.1/40109] INFO  metrics.RatisMetrics (RatisMetrics.java:unregister(43)) - Unregistering Metrics Registry : ratis.server.098b8c32-9cc9-4300-9c47-36f9b46c2619@group-D4C6171FD8DF
2020-07-22 13:36:14,072 [ForkJoinPool.commonPool-worker-0] INFO  ozoneimpl.OzoneContainer (OzoneContainer.java:stop(250)) - Attempting to stop container services.
2020-07-22 13:36:14,072 [098b8c32-9cc9-4300-9c47-36f9b46c2619@group-D4C6171FD8DF-StateMachineUpdater] INFO  ratis.ContainerStateMachine (ContainerStateMachine.java:takeSnapshot(293)) - group-D4C6171FD8DF: Taking a snapshot at:(t:1, i:0) file /github/workspace/mnt/ozone/hadoop-ozone/integration-test/target/test-dir/MiniOzoneClusterImpl-d98e4c18-9a08-44b7-83b8-49402f47e02b/datanode-8/data/ratis/dade47ec-2944-40ec-bb28-d4c6171fd8df/sm/snapshot.1_0
2020-07-22 13:36:14,072 [Listener at 127.0.0.1/40109] INFO  impl.StateMachineUpdater (StateMachineUpdater.java:stopAndJoin(142)) - 098b8c32-9cc9-4300-9c47-36f9b46c2619@group-D4C6171FD8DF-StateMachineUpdater: set stopIndex = 0
2020-07-22 13:36:14,072 [ForkJoinPool.commonPool-worker-0] INFO  impl.RaftServerProxy (RaftServerProxy.java:lambda$close$4(319)) - 8d5d3460-f504-40b5-aaaf-08a8f79d520e: close
2020-07-22 13:36:14,073 [098b8c32-9cc9-4300-9c47-36f9b46c2619@group-D4C6171FD8DF-StateMachineUpdater] INFO  ratis.ContainerStateMachine (ContainerStateMachine.java:takeSnapshot(304)) - group-D4C6171FD8DF: Finished taking a snapshot at:(t:1, i:0) file:/github/workspace/mnt/ozone/hadoop-ozone/integration-test/target/test-dir/MiniOzoneClusterImpl-d98e4c18-9a08-44b7-83b8-49402f47e02b/datanode-8/data/ratis/dade47ec-2944-40ec-bb28-d4c6171fd8df/sm/snapshot.1_0 time:1
2020-07-22 13:36:14,073 [ForkJoinPool.commonPool-worker-0] INFO  impl.RaftServerImpl (RaftServerImpl.java:lambda$shutdown$3(263)) - 8d5d3460-f504-40b5-aaaf-08a8f79d520e@group-3A617CA5F1E2: shutdown
2020-07-22 13:36:14,073 [098b8c32-9cc9-4300-9c47-36f9b46c2619@group-D4C6171FD8DF-StateMachineUpdater] INFO  impl.StateMachineUpdater (StateMachineUpdater.java:takeSnapshot(277)) - 098b8c32-9cc9-4300-9c47-36f9b46c2619@group-D4C6171FD8DF-StateMachineUpdater: Took a snapshot at index 0
2020-07-22 13:36:14,073 [098b8c32-9cc9-4300-9c47-36f9b46c2619@group-D4C6171FD8DF-StateMachineUpdater] INFO  impl.StateMachineUpdater (StateMachineUpdater.java:lambda$new$0(87)) - 098b8c32-9cc9-4300-9c47-36f9b46c2619@group-D4C6171FD8DF-StateMachineUpdater: snapshotIndex: updateIncreasingly -1 -> 0
2020-07-22 13:36:14,073 [098b8c32-9cc9-4300-9c47-36f9b46c2619@group-D4C6171FD8DF-StateMachineUpdater] INFO  metrics.RatisMetrics (RatisMetrics.java:unregister(43)) - Unregistering Metrics Registry : ratis.state_machine.098b8c32-9cc9-4300-9c47-36f9b46c2619@group-D4C6171FD8DF
2020-07-22 13:36:14,074 [Listener at 127.0.0.1/40109] INFO  impl.RaftServerImpl (ServerState.java:close(387)) - 098b8c32-9cc9-4300-9c47-36f9b46c2619@group-D4C6171FD8DF: closes. applyIndex: 0
2020-07-22 13:36:14,073 [ForkJoinPool.commonPool-worker-0] INFO  util.JmxRegister (JmxRegister.java:unregister(73)) - Successfully un-registered JMX Bean with object name Ratis:service=RaftServer,group=group-3A617CA5F1E2,id=8d5d3460-f504-40b5-aaaf-08a8f79d520e
2020-07-22 13:36:14,074 [098b8c32-9cc9-4300-9c47-36f9b46c2619@group-D4C6171FD8DF-SegmentedRaftLogWorker] INFO  segmented.SegmentedRaftLogWorker (SegmentedRaftLogWorker.java:run(327)) - 098b8c32-9cc9-4300-9c47-36f9b46c2619@group-D4C6171FD8DF-SegmentedRaftLogWorker was interrupted, exiting. There are 0 tasks remaining in the queue.
2020-07-22 13:36:14,074 [ForkJoinPool.commonPool-worker-0] INFO  impl.RoleInfo (RoleInfo.java:shutdownFollowerState(121)) - 8d5d3460-f504-40b5-aaaf-08a8f79d520e: shutdown FollowerState
2020-07-22 13:36:14,074 [ForkJoinPool.commonPool-worker-0] INFO  impl.StateMachineUpdater (StateMachineUpdater.java:stopAndJoin(142)) - 8d5d3460-f504-40b5-aaaf-08a8f79d520e@group-3A617CA5F1E2-StateMachineUpdater: set stopIndex = 0
2020-07-22 13:36:14,074 [Listener at 127.0.0.1/40109] INFO  segmented.SegmentedRaftLogWorker (SegmentedRaftLogWorker.java:close(234)) - 098b8c32-9cc9-4300-9c47-36f9b46c2619@group-D4C6171FD8DF-SegmentedRaftLogWorker close()
2020-07-22 13:36:14,075 [8d5d3460-f504-40b5-aaaf-08a8f79d520e@group-3A617CA5F1E2-StateMachineUpdater] INFO  ratis.ContainerStateMachine (ContainerStateMachine.java:takeSnapshot(293)) - group-3A617CA5F1E2: Taking a snapshot at:(t:1, i:0) file /github/workspace/mnt/ozone/hadoop-ozone/integration-test/target/test-dir/MiniOzoneClusterImpl-d98e4c18-9a08-44b7-83b8-49402f47e02b/datanode-1/data/ratis/855c6ed9-2d0e-4242-9358-3a617ca5f1e2/sm/snapshot.1_0
2020-07-22 13:36:14,074 [Thread-1404] INFO  impl.FollowerState (FollowerState.java:run(117)) - 8d5d3460-f504-40b5-aaaf-08a8f79d520e@group-3A617CA5F1E2-FollowerState was interrupted: java.lang.InterruptedException: sleep interrupted
2020-07-22 13:36:14,075 [Listener at 127.0.0.1/40109] INFO  metrics.RatisMetrics (RatisMetrics.java:unregister(43)) - Unregistering Metrics Registry : ratis.log_worker.098b8c32-9cc9-4300-9c47-36f9b46c2619@group-D4C6171FD8DF
2020-07-22 13:36:14,077 [Listener at 127.0.0.1/40109] INFO  metrics.RatisMetrics (RatisMetrics.java:unregister(43)) - Unregistering Metrics Registry : ratis.leader_election.098b8c32-9cc9-4300-9c47-36f9b46c2619@group-D4C6171FD8DF
2020-07-22 13:36:14,077 [Listener at 127.0.0.1/40109] INFO  metrics.RatisMetrics (RatisMetrics.java:unregister(43)) - Unregistering Metrics Registry : ratis.server.098b8c32-9cc9-4300-9c47-36f9b46c2619@group-D4C6171FD8DF
2020-07-22 13:36:14,077 [Listener at 127.0.0.1/40109] INFO  impl.RaftServerImpl (RaftServerImpl.java:lambda$shutdown$3(263)) - 098b8c32-9cc9-4300-9c47-36f9b46c2619@group-322E1634C0BA: shutdown
2020-07-22 13:36:14,077 [8d5d3460-f504-40b5-aaaf-08a8f79d520e@group-3A617CA5F1E2-StateMachineUpdater] INFO  ratis.ContainerStateMachine (ContainerStateMachine.java:takeSnapshot(304)) - group-3A617CA5F1E2: Finished taking a snapshot at:(t:1, i:0) file:/github/workspace/mnt/ozone/hadoop-ozone/integration-test/target/test-dir/MiniOzoneClusterImpl-d98e4c18-9a08-44b7-83b8-49402f47e02b/datanode-1/data/ratis/855c6ed9-2d0e-4242-9358-3a617ca5f1e2/sm/snapshot.1_0 time:2
2020-07-22 13:36:14,077 [Listener at 127.0.0.1/40109] INFO  util.JmxRegister (JmxRegister.java:unregister(73)) - Successfully un-registered JMX Bean with object name Ratis:service=RaftServer,group=group-322E1634C0BA,id=098b8c32-9cc9-4300-9c47-36f9b46c2619
2020-07-22 13:36:14,078 [8d5d3460-f504-40b5-aaaf-08a8f79d520e@group-3A617CA5F1E2-StateMachineUpdater] INFO  impl.StateMachineUpdater (StateMachineUpdater.java:takeSnapshot(277)) - 8d5d3460-f504-40b5-aaaf-08a8f79d520e@group-3A617CA5F1E2-StateMachineUpdater: Took a snapshot at index 0
2020-07-22 13:36:14,078 [Listener at 127.0.0.1/40109] INFO  impl.RoleInfo (RoleInfo.java:shutdownLeaderState(104)) - 098b8c32-9cc9-4300-9c47-36f9b46c2619: shutdown LeaderState
2020-07-22 13:36:14,078 [Listener at 127.0.0.1/40109] INFO  metrics.RatisMetrics (RatisMetrics.java:unregister(43)) - Unregistering Metrics Registry : ratis_grpc.log_appender.098b8c32-9cc9-4300-9c47-36f9b46c2619@group-322E1634C0BA
2020-07-22 13:36:14,078 [8d5d3460-f504-40b5-aaaf-08a8f79d520e@group-3A617CA5F1E2-StateMachineUpdater] INFO  impl.StateMachineUpdater (StateMachineUpdater.java:lambda$new$0(87)) - 8d5d3460-f504-40b5-aaaf-08a8f79d520e@group-3A617CA5F1E2-StateMachineUpdater: snapshotIndex: updateIncreasingly -1 -> 0
2020-07-22 13:36:14,078 [Listener at 127.0.0.1/40109] INFO  metrics.RatisMetrics (RatisMetrics.java:unregister(43)) - Unregistering Metrics Registry : ratis_grpc.log_appender.098b8c32-9cc9-4300-9c47-36f9b46c2619@group-322E1634C0BA
2020-07-22 13:36:14,078 [org.apache.ratis.server.impl.LogAppender$AppenderDaemon$$Lambda$448/604565204@260dfb60] WARN  server.GrpcLogAppender (GrpcLogAppender.java:mayWait(153)) - 098b8c32-9cc9-4300-9c47-36f9b46c2619@group-322E1634C0BA->8fc789e3-cfff-4768-8922-f2fbfdc764b4-GrpcLogAppender: Wait interrupted by java.lang.InterruptedException
2020-07-22 13:36:14,078 [8d5d3460-f504-40b5-aaaf-08a8f79d520e@group-3A617CA5F1E2-StateMachineUpdater] INFO  metrics.RatisMetrics (RatisMetrics.java:unregister(43)) - Unregistering Metrics Registry : ratis.state_machine.8d5d3460-f504-40b5-aaaf-08a8f79d520e@group-3A617CA5F1E2
2020-07-22 13:36:14,079 [Listener at 127.0.0.1/40109] INFO  impl.PendingRequests (PendingRequests.java:sendNotLeaderResponses(249)) - 098b8c32-9cc9-4300-9c47-36f9b46c2619@group-322E1634C0BA-PendingRequests: sendNotLeaderResponses
2020-07-22 13:36:14,079 [org.apache.ratis.server.impl.LogAppender$AppenderDaemon$$Lambda$448/604565204@7784929a] WARN  server.GrpcLogAppender (GrpcLogAppender.java:mayWait(153)) - 098b8c32-9cc9-4300-9c47-36f9b46c2619@group-322E1634C0BA->893c9bf4-6f39-4cde-b2ed-0f295cdfb21b-GrpcLogAppender: Wait interrupted by java.lang.InterruptedException
2020-07-22 13:36:14,079 [ForkJoinPool.commonPool-worker-0] INFO  impl.RaftServerImpl (ServerState.java:close(387)) - 8d5d3460-f504-40b5-aaaf-08a8f79d520e@group-3A617CA5F1E2: closes. applyIndex: 0
2020-07-22 13:36:14,079 [8d5d3460-f504-40b5-aaaf-08a8f79d520e@group-3A617CA5F1E2-SegmentedRaftLogWorker] INFO  segmented.SegmentedRaftLogWorker (SegmentedRaftLogWorker.java:run(327)) - 8d5d3460-f504-40b5-aaaf-08a8f79d520e@group-3A617CA5F1E2-SegmentedRaftLogWorker was interrupted, exiting. There are 0 tasks remaining in the queue.
2020-07-22 13:36:14,079 [grpc-default-executor-2] INFO  server.GrpcServerProtocolService (GrpcServerProtocolService.java:onCompleted(138)) - 893c9bf4-6f39-4cde-b2ed-0f295cdfb21b: Completed APPEND_ENTRIES, lastRequest: 098b8c32-9cc9-4300-9c47-36f9b46c2619->893c9bf4-6f39-4cde-b2ed-0f295cdfb21b#1-t1, previous=(t:0, i:0), leaderCommit=-1, initializing? false, entries: size=1, first=(t:1, i:0), CONFIGURATIONENTRY
2020-07-22 13:36:14,079 [Listener at 127.0.0.1/40109] INFO  metrics.RatisMetrics (RatisMetrics.java:unregister(43)) - Unregistering Metrics Registry : ratis.log_appender.098b8c32-9cc9-4300-9c47-36f9b46c2619@group-322E1634C0BA
2020-07-22 13:36:14,080 [grpc-default-executor-5] INFO  server.GrpcLogAppender (GrpcLogAppender.java:onCompleted(319)) - 098b8c32-9cc9-4300-9c47-36f9b46c2619@group-322E1634C0BA->893c9bf4-6f39-4cde-b2ed-0f295cdfb21b-AppendLogResponseHandler: follower responses appendEntries COMPLETED
2020-07-22 13:36:14,079 [ForkJoinPool.commonPool-worker-0] INFO  segmented.SegmentedRaftLogWorker (SegmentedRaftLogWorker.java:close(234)) - 8d5d3460-f504-40b5-aaaf-08a8f79d520e@group-3A617CA5F1E2-SegmentedRaftLogWorker close()
2020-07-22 13:36:14,080 [Listener at 127.0.0.1/40109] INFO  metrics.RatisMetrics (RatisMetrics.java:unregister(43)) - Unregistering Metrics Registry : ratis.server.098b8c32-9cc9-4300-9c47-36f9b46c2619@group-322E1634C0BA
2020-07-22 13:36:14,081 [grpc-default-executor-5] INFO  impl.FollowerInfo (FollowerInfo.java:lambda$new$0(51)) - 098b8c32-9cc9-4300-9c47-36f9b46c2619@group-322E1634C0BA->893c9bf4-6f39-4cde-b2ed-0f295cdfb21b: nextIndex: updateUnconditionally 1 -> 0
2020-07-22 13:36:14,081 [ForkJoinPool.commonPool-worker-0] INFO  metrics.RatisMetrics (RatisMetrics.java:unregister(43)) - Unregistering Metrics Registry : ratis.log_worker.8d5d3460-f504-40b5-aaaf-08a8f79d520e@group-3A617CA5F1E2
2020-07-22 13:36:14,082 [ForkJoinPool.commonPool-worker-0] INFO  metrics.RatisMetrics (RatisMetrics.java:unregister(43)) - Unregistering Metrics Registry : ratis.leader_election.8d5d3460-f504-40b5-aaaf-08a8f79d520e@group-3A617CA5F1E2
2020-07-22 13:36:14,082 [ForkJoinPool.commonPool-worker-0] INFO  metrics.RatisMetrics (RatisMetrics.java:unregister(43)) - Unregistering Metrics Registry : ratis.server.8d5d3460-f504-40b5-aaaf-08a8f79d520e@group-3A617CA5F1E2
2020-07-22 13:36:14,082 [ForkJoinPool.commonPool-worker-0] INFO  impl.RaftServerImpl (RaftServerImpl.java:lambda$shutdown$3(263)) - 8d5d3460-f504-40b5-aaaf-08a8f79d520e@group-6D6A24F4707F: shutdown
2020-07-22 13:36:14,082 [ForkJoinPool.commonPool-worker-0] INFO  util.JmxRegister (JmxRegister.java:unregister(73)) - Successfully un-registered JMX Bean with object name Ratis:service=RaftServer,group=group-6D6A24F4707F,id=8d5d3460-f504-40b5-aaaf-08a8f79d520e
2020-07-22 13:36:14,082 [ForkJoinPool.commonPool-worker-0] INFO  impl.RoleInfo (RoleInfo.java:shutdownLeaderState(104)) - 8d5d3460-f504-40b5-aaaf-08a8f79d520e: shutdown LeaderState
2020-07-22 13:36:14,082 [ForkJoinPool.commonPool-worker-0] INFO  impl.PendingRequests (PendingRequests.java:sendNotLeaderResponses(249)) - 8d5d3460-f504-40b5-aaaf-08a8f79d520e@group-6D6A24F4707F-PendingRequests: sendNotLeaderResponses
2020-07-22 13:36:14,082 [ForkJoinPool.commonPool-worker-0] INFO  metrics.RatisMetrics (RatisMetrics.java:unregister(43)) - Unregistering Metrics Registry : ratis.log_appender.8d5d3460-f504-40b5-aaaf-08a8f79d520e@group-6D6A24F4707F
2020-07-22 13:36:14,082 [ForkJoinPool.commonPool-worker-0] INFO  metrics.RatisMetrics (RatisMetrics.java:unregister(43)) - Unregistering Metrics Registry : ratis.server.8d5d3460-f504-40b5-aaaf-08a8f79d520e@group-6D6A24F4707F
2020-07-22 13:36:14,083 [ForkJoinPool.commonPool-worker-0] INFO  impl.StateMachineUpdater (StateMachineUpdater.java:stopAndJoin(142)) - 8d5d3460-f504-40b5-aaaf-08a8f79d520e@group-6D6A24F4707F-StateMachineUpdater: set stopIndex = 0
2020-07-22 13:36:14,083 [8d5d3460-f504-40b5-aaaf-08a8f79d520e@group-6D6A24F4707F-StateMachineUpdater] INFO  ratis.ContainerStateMachine (ContainerStateMachine.java:takeSnapshot(293)) - group-6D6A24F4707F: Taking a snapshot at:(t:1, i:0) file /github/workspace/mnt/ozone/hadoop-ozone/integration-test/target/test-dir/MiniOzoneClusterImpl-d98e4c18-9a08-44b7-83b8-49402f47e02b/datanode-1/data/ratis/6664dc2c-c097-41e2-b5e3-6d6a24f4707f/sm/snapshot.1_0
2020-07-22 13:36:14,083 [Listener at 127.0.0.1/40109] INFO  impl.StateMachineUpdater (StateMachineUpdater.java:stopAndJoin(142)) - 098b8c32-9cc9-4300-9c47-36f9b46c2619@group-322E1634C0BA-StateMachineUpdater: set stopIndex = 0
2020-07-22 13:36:14,084 [098b8c32-9cc9-4300-9c47-36f9b46c2619@group-322E1634C0BA-StateMachineUpdater] INFO  ratis.ContainerStateMachine (ContainerStateMachine.java:takeSnapshot(293)) - group-322E1634C0BA: Taking a snapshot at:(t:1, i:0) file /github/workspace/mnt/ozone/hadoop-ozone/integration-test/target/test-dir/MiniOzoneClusterImpl-d98e4c18-9a08-44b7-83b8-49402f47e02b/datanode-8/data/ratis/9b352ed9-4454-47d7-9ce0-322e1634c0ba/sm/snapshot.1_0
2020-07-22 13:36:14,084 [8d5d3460-f504-40b5-aaaf-08a8f79d520e@group-6D6A24F4707F-StateMachineUpdater] INFO  ratis.ContainerStateMachine (ContainerStateMachine.java:takeSnapshot(304)) - group-6D6A24F4707F: Finished taking a snapshot at:(t:1, i:0) file:/github/workspace/mnt/ozone/hadoop-ozone/integration-test/target/test-dir/MiniOzoneClusterImpl-d98e4c18-9a08-44b7-83b8-49402f47e02b/datanode-1/data/ratis/6664dc2c-c097-41e2-b5e3-6d6a24f4707f/sm/snapshot.1_0 time:1
2020-07-22 13:36:14,084 [8d5d3460-f504-40b5-aaaf-08a8f79d520e@group-6D6A24F4707F-StateMachineUpdater] INFO  impl.StateMachineUpdater (StateMachineUpdater.java:takeSnapshot(277)) - 8d5d3460-f504-40b5-aaaf-08a8f79d520e@group-6D6A24F4707F-StateMachineUpdater: Took a snapshot at index 0
2020-07-22 13:36:14,084 [8d5d3460-f504-40b5-aaaf-08a8f79d520e@group-6D6A24F4707F-StateMachineUpdater] INFO  impl.StateMachineUpdater (StateMachineUpdater.java:lambda$new$0(87)) - 8d5d3460-f504-40b5-aaaf-08a8f79d520e@group-6D6A24F4707F-StateMachineUpdater: snapshotIndex: updateIncreasingly -1 -> 0
2020-07-22 13:36:14,084 [8d5d3460-f504-40b5-aaaf-08a8f79d520e@group-6D6A24F4707F-StateMachineUpdater] INFO  metrics.RatisMetrics (RatisMetrics.java:unregister(43)) - Unregistering Metrics Registry : ratis.state_machine.8d5d3460-f504-40b5-aaaf-08a8f79d520e@group-6D6A24F4707F
2020-07-22 13:36:14,084 [ForkJoinPool.commonPool-worker-0] INFO  impl.RaftServerImpl (ServerState.java:close(387)) - 8d5d3460-f504-40b5-aaaf-08a8f79d520e@group-6D6A24F4707F: closes. applyIndex: 0
2020-07-22 13:36:14,084 [098b8c32-9cc9-4300-9c47-36f9b46c2619@group-322E1634C0BA-StateMachineUpdater] INFO  ratis.ContainerStateMachine (ContainerStateMachine.java:takeSnapshot(304)) - group-322E1634C0BA: Finished taking a snapshot at:(t:1, i:0) file:/github/workspace/mnt/ozone/hadoop-ozone/integration-test/target/test-dir/MiniOzoneClusterImpl-d98e4c18-9a08-44b7-83b8-49402f47e02b/datanode-8/data/ratis/9b352ed9-4454-47d7-9ce0-322e1634c0ba/sm/snapshot.1_0 time:0
2020-07-22 13:36:14,084 [8d5d3460-f504-40b5-aaaf-08a8f79d520e@group-6D6A24F4707F-SegmentedRaftLogWorker] INFO  segmented.SegmentedRaftLogWorker (SegmentedRaftLogWorker.java:run(327)) - 8d5d3460-f504-40b5-aaaf-08a8f79d520e@group-6D6A24F4707F-SegmentedRaftLogWorker was interrupted, exiting. There are 0 tasks remaining in the queue.
2020-07-22 13:36:14,085 [098b8c32-9cc9-4300-9c47-36f9b46c2619@group-322E1634C0BA-StateMachineUpdater] INFO  impl.StateMachineUpdater (StateMachineUpdater.java:takeSnapshot(277)) - 098b8c32-9cc9-4300-9c47-36f9b46c2619@group-322E1634C0BA-StateMachineUpdater: Took a snapshot at index 0
2020-07-22 13:36:14,085 [098b8c32-9cc9-4300-9c47-36f9b46c2619@group-322E1634C0BA-StateMachineUpdater] INFO  impl.StateMachineUpdater (StateMachineUpdater.java:lambda$new$0(87)) - 098b8c32-9cc9-4300-9c47-36f9b46c2619@group-322E1634C0BA-StateMachineUpdater: snapshotIndex: updateIncreasingly -1 -> 0
2020-07-22 13:36:14,085 [098b8c32-9cc9-4300-9c47-36f9b46c2619@group-322E1634C0BA-StateMachineUpdater] INFO  metrics.RatisMetrics (RatisMetrics.java:unregister(43)) - Unregistering Metrics Registry : ratis.state_machine.098b8c32-9cc9-4300-9c47-36f9b46c2619@group-322E1634C0BA
2020-07-22 13:36:14,085 [ForkJoinPool.commonPool-worker-0] INFO  segmented.SegmentedRaftLogWorker (SegmentedRaftLogWorker.java:close(234)) - 8d5d3460-f504-40b5-aaaf-08a8f79d520e@group-6D6A24F4707F-SegmentedRaftLogWorker close()
2020-07-22 13:36:14,085 [ForkJoinPool.commonPool-worker-0] INFO  metrics.RatisMetrics (RatisMetrics.java:unregister(43)) - Unregistering Metrics Registry : ratis.log_worker.8d5d3460-f504-40b5-aaaf-08a8f79d520e@group-6D6A24F4707F
2020-07-22 13:36:14,085 [ForkJoinPool.commonPool-worker-0] INFO  metrics.RatisMetrics (RatisMetrics.java:unregister(43)) - Unregistering Metrics Registry : ratis.leader_election.8d5d3460-f504-40b5-aaaf-08a8f79d520e@group-6D6A24F4707F
2020-07-22 13:36:14,085 [ForkJoinPool.commonPool-worker-0] INFO  metrics.RatisMetrics (RatisMetrics.java:unregister(43)) - Unregistering Metrics Registry : ratis.server.8d5d3460-f504-40b5-aaaf-08a8f79d520e@group-6D6A24F4707F
2020-07-22 13:36:14,086 [ForkJoinPool.commonPool-worker-0] INFO  server.GrpcService (GrpcService.java:closeImpl(166)) - 8d5d3460-f504-40b5-aaaf-08a8f79d520e: shutdown server with port 46575 now
2020-07-22 13:36:14,086 [Listener at 127.0.0.1/40109] INFO  impl.RaftServerImpl (ServerState.java:close(387)) - 098b8c32-9cc9-4300-9c47-36f9b46c2619@group-322E1634C0BA: closes. applyIndex: 0
2020-07-22 13:36:14,087 [098b8c32-9cc9-4300-9c47-36f9b46c2619@group-322E1634C0BA-SegmentedRaftLogWorker] INFO  segmented.SegmentedRaftLogWorker (SegmentedRaftLogWorker.java:run(327)) - 098b8c32-9cc9-4300-9c47-36f9b46c2619@group-322E1634C0BA-SegmentedRaftLogWorker was interrupted, exiting. There are 0 tasks remaining in the queue.
2020-07-22 13:36:14,087 [Listener at 127.0.0.1/40109] INFO  segmented.SegmentedRaftLogWorker (SegmentedRaftLogWorker.java:close(234)) - 098b8c32-9cc9-4300-9c47-36f9b46c2619@group-322E1634C0BA-SegmentedRaftLogWorker close()
2020-07-22 13:36:14,087 [ForkJoinPool.commonPool-worker-0] INFO  server.GrpcService (GrpcService.java:closeImpl(174)) - 8d5d3460-f504-40b5-aaaf-08a8f79d520e: shutdown server with port 46575 successfully
2020-07-22 13:36:14,087 [Listener at 127.0.0.1/40109] INFO  metrics.RatisMetrics (RatisMetrics.java:unregister(43)) - Unregistering Metrics Registry : ratis.log_worker.098b8c32-9cc9-4300-9c47-36f9b46c2619@group-322E1634C0BA
2020-07-22 13:36:14,088 [Listener at 127.0.0.1/40109] INFO  metrics.RatisMetrics (RatisMetrics.java:unregister(43)) - Unregistering Metrics Registry : ratis.leader_election.098b8c32-9cc9-4300-9c47-36f9b46c2619@group-322E1634C0BA
2020-07-22 13:36:14,088 [Listener at 127.0.0.1/40109] INFO  metrics.RatisMetrics (RatisMetrics.java:unregister(43)) - Unregistering Metrics Registry : ratis.server.098b8c32-9cc9-4300-9c47-36f9b46c2619@group-322E1634C0BA
2020-07-22 13:36:14,089 [Listener at 127.0.0.1/40109] INFO  server.GrpcService (GrpcService.java:closeImpl(166)) - 098b8c32-9cc9-4300-9c47-36f9b46c2619: shutdown server with port 36923 now
2020-07-22 13:36:14,089 [Listener at 127.0.0.1/40109] INFO  server.GrpcService (GrpcService.java:closeImpl(174)) - 098b8c32-9cc9-4300-9c47-36f9b46c2619: shutdown server with port 36923 successfully
2020-07-22 13:36:14,089 [ForkJoinPool.commonPool-worker-0] INFO  utils.BackgroundService (BackgroundService.java:shutdown(157)) - Shutting down service BlockDeletingService
2020-07-22 13:36:14,090 [Listener at 127.0.0.1/40109] INFO  utils.BackgroundService (BackgroundService.java:shutdown(157)) - Shutting down service BlockDeletingService
2020-07-22 13:36:14,091 [ForkJoinPool.commonPool-worker-0] INFO  statemachine.DatanodeStateMachine (DatanodeStateMachine.java:stopDaemon(428)) - Ozone container server stopped.
2020-07-22 13:36:14,095 [Listener at 127.0.0.1/40109] INFO  statemachine.DatanodeStateMachine (DatanodeStateMachine.java:stopDaemon(428)) - Ozone container server stopped.
2020-07-22 13:36:14,101 [Listener at 127.0.0.1/40109] INFO  handler.ContextHandler (ContextHandler.java:doStop(1016)) - Stopped o.e.j.w.WebAppContext@42343f6d{hddsDatanode,/,null,UNAVAILABLE}{jar:file:/home/user/.m2/repository/org/apache/hadoop/hadoop-hdds-container-service/0.6.0-SNAPSHOT/hadoop-hdds-container-service-0.6.0-SNAPSHOT.jar!/webapps/hddsDatanode}
2020-07-22 13:36:14,104 [Listener at 127.0.0.1/40109] INFO  server.AbstractConnector (AbstractConnector.java:doStop(380)) - Stopped ServerConnector@2fc578cf{HTTP/1.1,[http/1.1]}{0.0.0.0:0}
2020-07-22 13:36:14,104 [ForkJoinPool.commonPool-worker-0] INFO  handler.ContextHandler (ContextHandler.java:doStop(1016)) - Stopped o.e.j.w.WebAppContext@7d9a7fd8{hddsDatanode,/,null,UNAVAILABLE}{jar:file:/home/user/.m2/repository/org/apache/hadoop/hadoop-hdds-container-service/0.6.0-SNAPSHOT/hadoop-hdds-container-service-0.6.0-SNAPSHOT.jar!/webapps/hddsDatanode}
2020-07-22 13:36:14,104 [Listener at 127.0.0.1/40109] INFO  server.session (HouseKeeper.java:stopScavenging(158)) - node0 Stopped scavenging
2020-07-22 13:36:14,105 [Listener at 127.0.0.1/40109] INFO  handler.ContextHandler (ContextHandler.java:doStop(1016)) - Stopped o.e.j.s.ServletContextHandler@7224ab89{static,/static,jar:file:/home/user/.m2/repository/org/apache/hadoop/hadoop-hdds-container-service/0.6.0-SNAPSHOT/hadoop-hdds-container-service-0.6.0-SNAPSHOT.jar!/webapps/static,UNAVAILABLE}
2020-07-22 13:36:14,105 [ForkJoinPool.commonPool-worker-0] INFO  server.AbstractConnector (AbstractConnector.java:doStop(380)) - Stopped ServerConnector@298517d1{HTTP/1.1,[http/1.1]}{0.0.0.0:0}
2020-07-22 13:36:14,105 [ForkJoinPool.commonPool-worker-0] INFO  server.session (HouseKeeper.java:stopScavenging(158)) - node0 Stopped scavenging
2020-07-22 13:36:14,105 [Listener at 127.0.0.1/40109] INFO  handler.ContextHandler (ContextHandler.java:doStop(1016)) - Stopped o.e.j.s.ServletContextHandler@7c8ae2c6{logs,/logs,file:///github/workspace/mnt/ozone/hadoop-ozone/integration-test/target/log,UNAVAILABLE}
2020-07-22 13:36:14,106 [ForkJoinPool.commonPool-worker-0] INFO  handler.ContextHandler (ContextHandler.java:doStop(1016)) - Stopped o.e.j.s.ServletContextHandler@3f6b01b{static,/static,jar:file:/home/user/.m2/repository/org/apache/hadoop/hadoop-hdds-container-service/0.6.0-SNAPSHOT/hadoop-hdds-container-service-0.6.0-SNAPSHOT.jar!/webapps/static,UNAVAILABLE}
2020-07-22 13:36:14,107 [ForkJoinPool.commonPool-worker-0] INFO  handler.ContextHandler (ContextHandler.java:doStop(1016)) - Stopped o.e.j.s.ServletContextHandler@1dfdddfa{logs,/logs,file:///github/workspace/mnt/ozone/hadoop-ozone/integration-test/target/log,UNAVAILABLE}
2020-07-22 13:36:14,584 [Datanode State Machine Thread - 0] INFO  statemachine.DatanodeStateMachine (DatanodeStateMachine.java:lambda$startDaemon$0(380)) - Ozone container server started.
2020-07-22 13:36:19,108 [Listener at 127.0.0.1/40109] INFO  ozoneimpl.OzoneContainer (OzoneContainer.java:stop(250)) - Attempting to stop container services.
2020-07-22 13:36:19,110 [Listener at 127.0.0.1/40109] INFO  impl.RaftServerProxy (RaftServerProxy.java:lambda$close$4(319)) - 893c9bf4-6f39-4cde-b2ed-0f295cdfb21b: close
2020-07-22 13:36:19,110 [Listener at 127.0.0.1/40109] INFO  impl.RaftServerImpl (RaftServerImpl.java:lambda$shutdown$3(263)) - 893c9bf4-6f39-4cde-b2ed-0f295cdfb21b@group-349A2AAFE72A: shutdown
2020-07-22 13:36:19,110 [Listener at 127.0.0.1/40109] INFO  util.JmxRegister (JmxRegister.java:unregister(73)) - Successfully un-registered JMX Bean with object name Ratis:service=RaftServer,group=group-349A2AAFE72A,id=893c9bf4-6f39-4cde-b2ed-0f295cdfb21b
2020-07-22 13:36:19,110 [Listener at 127.0.0.1/40109] INFO  impl.RoleInfo (RoleInfo.java:shutdownLeaderState(104)) - 893c9bf4-6f39-4cde-b2ed-0f295cdfb21b: shutdown LeaderState
2020-07-22 13:36:19,111 [Listener at 127.0.0.1/40109] INFO  impl.PendingRequests (PendingRequests.java:sendNotLeaderResponses(249)) - 893c9bf4-6f39-4cde-b2ed-0f295cdfb21b@group-349A2AAFE72A-PendingRequests: sendNotLeaderResponses
2020-07-22 13:36:19,111 [Listener at 127.0.0.1/40109] INFO  metrics.RatisMetrics (RatisMetrics.java:unregister(43)) - Unregistering Metrics Registry : ratis.log_appender.893c9bf4-6f39-4cde-b2ed-0f295cdfb21b@group-349A2AAFE72A
2020-07-22 13:36:19,111 [Listener at 127.0.0.1/40109] INFO  metrics.RatisMetrics (RatisMetrics.java:unregister(43)) - Unregistering Metrics Registry : ratis.server.893c9bf4-6f39-4cde-b2ed-0f295cdfb21b@group-349A2AAFE72A
2020-07-22 13:36:19,112 [Listener at 127.0.0.1/40109] INFO  impl.StateMachineUpdater (StateMachineUpdater.java:stopAndJoin(142)) - 893c9bf4-6f39-4cde-b2ed-0f295cdfb21b@group-349A2AAFE72A-StateMachineUpdater: set stopIndex = 0
2020-07-22 13:36:19,112 [893c9bf4-6f39-4cde-b2ed-0f295cdfb21b@group-349A2AAFE72A-StateMachineUpdater] INFO  ratis.ContainerStateMachine (ContainerStateMachine.java:takeSnapshot(293)) - group-349A2AAFE72A: Taking a snapshot at:(t:1, i:0) file /github/workspace/mnt/ozone/hadoop-ozone/integration-test/target/test-dir/MiniOzoneClusterImpl-d98e4c18-9a08-44b7-83b8-49402f47e02b/datanode-6/data/ratis/6b35a7ef-0474-485f-9cc4-349a2aafe72a/sm/snapshot.1_0
2020-07-22 13:36:19,113 [893c9bf4-6f39-4cde-b2ed-0f295cdfb21b@group-349A2AAFE72A-StateMachineUpdater] INFO  ratis.ContainerStateMachine (ContainerStateMachine.java:takeSnapshot(304)) - group-349A2AAFE72A: Finished taking a snapshot at:(t:1, i:0) file:/github/workspace/mnt/ozone/hadoop-ozone/integration-test/target/test-dir/MiniOzoneClusterImpl-d98e4c18-9a08-44b7-83b8-49402f47e02b/datanode-6/data/ratis/6b35a7ef-0474-485f-9cc4-349a2aafe72a/sm/snapshot.1_0 time:1
2020-07-22 13:36:19,113 [893c9bf4-6f39-4cde-b2ed-0f295cdfb21b@group-349A2AAFE72A-StateMachineUpdater] INFO  impl.StateMachineUpdater (StateMachineUpdater.java:takeSnapshot(277)) - 893c9bf4-6f39-4cde-b2ed-0f295cdfb21b@group-349A2AAFE72A-StateMachineUpdater: Took a snapshot at index 0
2020-07-22 13:36:19,113 [893c9bf4-6f39-4cde-b2ed-0f295cdfb21b@group-349A2AAFE72A-StateMachineUpdater] INFO  impl.StateMachineUpdater (StateMachineUpdater.java:lambda$new$0(87)) - 893c9bf4-6f39-4cde-b2ed-0f295cdfb21b@group-349A2AAFE72A-StateMachineUpdater: snapshotIndex: updateIncreasingly -1 -> 0
2020-07-22 13:36:19,114 [893c9bf4-6f39-4cde-b2ed-0f295cdfb21b@group-349A2AAFE72A-StateMachineUpdater] INFO  metrics.RatisMetrics (RatisMetrics.java:unregister(43)) - Unregistering Metrics Registry : ratis.state_machine.893c9bf4-6f39-4cde-b2ed-0f295cdfb21b@group-349A2AAFE72A
2020-07-22 13:36:19,114 [Listener at 127.0.0.1/40109] INFO  impl.RaftServerImpl (ServerState.java:close(387)) - 893c9bf4-6f39-4cde-b2ed-0f295cdfb21b@group-349A2AAFE72A: closes. applyIndex: 0
2020-07-22 13:36:19,114 [893c9bf4-6f39-4cde-b2ed-0f295cdfb21b@group-349A2AAFE72A-SegmentedRaftLogWorker] INFO  segmented.SegmentedRaftLogWorker (SegmentedRaftLogWorker.java:run(327)) - 893c9bf4-6f39-4cde-b2ed-0f295cdfb21b@group-349A2AAFE72A-SegmentedRaftLogWorker was interrupted, exiting. There are 0 tasks remaining in the queue.
2020-07-22 13:36:19,114 [Listener at 127.0.0.1/40109] INFO  segmented.SegmentedRaftLogWorker (SegmentedRaftLogWorker.java:close(234)) - 893c9bf4-6f39-4cde-b2ed-0f295cdfb21b@group-349A2AAFE72A-SegmentedRaftLogWorker close()
2020-07-22 13:36:19,116 [Listener at 127.0.0.1/40109] INFO  metrics.RatisMetrics (RatisMetrics.java:unregister(43)) - Unregistering Metrics Registry : ratis.log_worker.893c9bf4-6f39-4cde-b2ed-0f295cdfb21b@group-349A2AAFE72A
2020-07-22 13:36:19,116 [Listener at 127.0.0.1/40109] INFO  metrics.RatisMetrics (RatisMetrics.java:unregister(43)) - Unregistering Metrics Registry : ratis.leader_election.893c9bf4-6f39-4cde-b2ed-0f295cdfb21b@group-349A2AAFE72A
2020-07-22 13:36:19,116 [Listener at 127.0.0.1/40109] INFO  metrics.RatisMetrics (RatisMetrics.java:unregister(43)) - Unregistering Metrics Registry : ratis.server.893c9bf4-6f39-4cde-b2ed-0f295cdfb21b@group-349A2AAFE72A
2020-07-22 13:36:19,116 [Listener at 127.0.0.1/40109] INFO  impl.RaftServerImpl (RaftServerImpl.java:lambda$shutdown$3(263)) - 893c9bf4-6f39-4cde-b2ed-0f295cdfb21b@group-322E1634C0BA: shutdown
2020-07-22 13:36:19,116 [Listener at 127.0.0.1/40109] INFO  util.JmxRegister (JmxRegister.java:unregister(73)) - Successfully un-registered JMX Bean with object name Ratis:service=RaftServer,group=group-322E1634C0BA,id=893c9bf4-6f39-4cde-b2ed-0f295cdfb21b
2020-07-22 13:36:19,117 [Listener at 127.0.0.1/40109] INFO  impl.RoleInfo (RoleInfo.java:shutdownFollowerState(121)) - 893c9bf4-6f39-4cde-b2ed-0f295cdfb21b: shutdown FollowerState
2020-07-22 13:36:19,117 [Listener at 127.0.0.1/40109] INFO  impl.StateMachineUpdater (StateMachineUpdater.java:stopAndJoin(142)) - 893c9bf4-6f39-4cde-b2ed-0f295cdfb21b@group-322E1634C0BA-StateMachineUpdater: set stopIndex = 0
2020-07-22 13:36:19,117 [893c9bf4-6f39-4cde-b2ed-0f295cdfb21b@group-322E1634C0BA-StateMachineUpdater] INFO  ratis.ContainerStateMachine (ContainerStateMachine.java:takeSnapshot(293)) - group-322E1634C0BA: Taking a snapshot at:(t:1, i:0) file /github/workspace/mnt/ozone/hadoop-ozone/integration-test/target/test-dir/MiniOzoneClusterImpl-d98e4c18-9a08-44b7-83b8-49402f47e02b/datanode-6/data/ratis/9b352ed9-4454-47d7-9ce0-322e1634c0ba/sm/snapshot.1_0
2020-07-22 13:36:19,117 [Thread-1357] INFO  impl.FollowerState (FollowerState.java:run(117)) - 893c9bf4-6f39-4cde-b2ed-0f295cdfb21b@group-322E1634C0BA-FollowerState was interrupted: java.lang.InterruptedException: sleep interrupted
2020-07-22 13:36:19,118 [893c9bf4-6f39-4cde-b2ed-0f295cdfb21b@group-322E1634C0BA-StateMachineUpdater] INFO  ratis.ContainerStateMachine (ContainerStateMachine.java:takeSnapshot(304)) - group-322E1634C0BA: Finished taking a snapshot at:(t:1, i:0) file:/github/workspace/mnt/ozone/hadoop-ozone/integration-test/target/test-dir/MiniOzoneClusterImpl-d98e4c18-9a08-44b7-83b8-49402f47e02b/datanode-6/data/ratis/9b352ed9-4454-47d7-9ce0-322e1634c0ba/sm/snapshot.1_0 time:1
2020-07-22 13:36:19,118 [893c9bf4-6f39-4cde-b2ed-0f295cdfb21b@group-322E1634C0BA-StateMachineUpdater] INFO  impl.StateMachineUpdater (StateMachineUpdater.java:takeSnapshot(277)) - 893c9bf4-6f39-4cde-b2ed-0f295cdfb21b@group-322E1634C0BA-StateMachineUpdater: Took a snapshot at index 0
2020-07-22 13:36:19,118 [893c9bf4-6f39-4cde-b2ed-0f295cdfb21b@group-322E1634C0BA-StateMachineUpdater] INFO  impl.StateMachineUpdater (StateMachineUpdater.java:lambda$new$0(87)) - 893c9bf4-6f39-4cde-b2ed-0f295cdfb21b@group-322E1634C0BA-StateMachineUpdater: snapshotIndex: updateIncreasingly -1 -> 0
2020-07-22 13:36:19,118 [893c9bf4-6f39-4cde-b2ed-0f295cdfb21b@group-322E1634C0BA-StateMachineUpdater] INFO  metrics.RatisMetrics (RatisMetrics.java:unregister(43)) - Unregistering Metrics Registry : ratis.state_machine.893c9bf4-6f39-4cde-b2ed-0f295cdfb21b@group-322E1634C0BA
2020-07-22 13:36:19,118 [Listener at 127.0.0.1/40109] INFO  impl.RaftServerImpl (ServerState.java:close(387)) - 893c9bf4-6f39-4cde-b2ed-0f295cdfb21b@group-322E1634C0BA: closes. applyIndex: 0
2020-07-22 13:36:19,118 [893c9bf4-6f39-4cde-b2ed-0f295cdfb21b@group-322E1634C0BA-SegmentedRaftLogWorker] INFO  segmented.SegmentedRaftLogWorker (SegmentedRaftLogWorker.java:run(327)) - 893c9bf4-6f39-4cde-b2ed-0f295cdfb21b@group-322E1634C0BA-SegmentedRaftLogWorker was interrupted, exiting. There are 0 tasks remaining in the queue.
2020-07-22 13:36:19,119 [Listener at 127.0.0.1/40109] INFO  segmented.SegmentedRaftLogWorker (SegmentedRaftLogWorker.java:close(234)) - 893c9bf4-6f39-4cde-b2ed-0f295cdfb21b@group-322E1634C0BA-SegmentedRaftLogWorker close()
2020-07-22 13:36:19,119 [Listener at 127.0.0.1/40109] INFO  metrics.RatisMetrics (RatisMetrics.java:unregister(43)) - Unregistering Metrics Registry : ratis.log_worker.893c9bf4-6f39-4cde-b2ed-0f295cdfb21b@group-322E1634C0BA
2020-07-22 13:36:19,119 [Listener at 127.0.0.1/40109] INFO  metrics.RatisMetrics (RatisMetrics.java:unregister(43)) - Unregistering Metrics Registry : ratis.leader_election.893c9bf4-6f39-4cde-b2ed-0f295cdfb21b@group-322E1634C0BA
2020-07-22 13:36:19,119 [Listener at 127.0.0.1/40109] INFO  metrics.RatisMetrics (RatisMetrics.java:unregister(43)) - Unregistering Metrics Registry : ratis.server.893c9bf4-6f39-4cde-b2ed-0f295cdfb21b@group-322E1634C0BA
2020-07-22 13:36:19,120 [Listener at 127.0.0.1/40109] INFO  server.GrpcService (GrpcService.java:closeImpl(166)) - 893c9bf4-6f39-4cde-b2ed-0f295cdfb21b: shutdown server with port 44721 now
2020-07-22 13:36:19,120 [Listener at 127.0.0.1/40109] INFO  server.GrpcService (GrpcService.java:closeImpl(174)) - 893c9bf4-6f39-4cde-b2ed-0f295cdfb21b: shutdown server with port 44721 successfully
2020-07-22 13:36:19,121 [Listener at 127.0.0.1/40109] INFO  utils.BackgroundService (BackgroundService.java:shutdown(157)) - Shutting down service BlockDeletingService
2020-07-22 13:36:19,124 [Listener at 127.0.0.1/40109] INFO  statemachine.DatanodeStateMachine (DatanodeStateMachine.java:stopDaemon(428)) - Ozone container server stopped.
2020-07-22 13:36:19,129 [Listener at 127.0.0.1/40109] INFO  handler.ContextHandler (ContextHandler.java:doStop(1016)) - Stopped o.e.j.w.WebAppContext@217ed737{hddsDatanode,/,null,UNAVAILABLE}{jar:file:/home/user/.m2/repository/org/apache/hadoop/hadoop-hdds-container-service/0.6.0-SNAPSHOT/hadoop-hdds-container-service-0.6.0-SNAPSHOT.jar!/webapps/hddsDatanode}
2020-07-22 13:36:19,130 [Listener at 127.0.0.1/40109] INFO  server.AbstractConnector (AbstractConnector.java:doStop(380)) - Stopped ServerConnector@17eac1b5{HTTP/1.1,[http/1.1]}{0.0.0.0:0}
2020-07-22 13:36:19,130 [Listener at 127.0.0.1/40109] INFO  server.session (HouseKeeper.java:stopScavenging(158)) - node0 Stopped scavenging
2020-07-22 13:36:19,130 [Listener at 127.0.0.1/40109] INFO  handler.ContextHandler (ContextHandler.java:doStop(1016)) - Stopped o.e.j.s.ServletContextHandler@2a59034e{static,/static,jar:file:/home/user/.m2/repository/org/apache/hadoop/hadoop-hdds-container-service/0.6.0-SNAPSHOT/hadoop-hdds-container-service-0.6.0-SNAPSHOT.jar!/webapps/static,UNAVAILABLE}
2020-07-22 13:36:19,131 [Listener at 127.0.0.1/40109] INFO  handler.ContextHandler (ContextHandler.java:doStop(1016)) - Stopped o.e.j.s.ServletContextHandler@18b9acd1{logs,/logs,file:///github/workspace/mnt/ozone/hadoop-ozone/integration-test/target/log,UNAVAILABLE}
2020-07-22 13:36:19,132 [Listener at 127.0.0.1/40109] INFO  ozone.MiniOzoneClusterImpl (MiniOzoneClusterImpl.java:stopSCM(476)) - Stopping the StorageContainerManager
2020-07-22 13:36:19,132 [Listener at 127.0.0.1/40109] INFO  server.StorageContainerManager (StorageContainerManager.java:stop(827)) - Stopping Replication Manager Service.
2020-07-22 13:36:19,132 [Listener at 127.0.0.1/40109] INFO  container.ReplicationManager (ReplicationManager.java:stop(218)) - Stopping Replication Monitor Thread.
2020-07-22 13:36:19,133 [Listener at 127.0.0.1/40109] INFO  server.StorageContainerManager (StorageContainerManager.java:stop(834)) - Stopping Lease Manager of the command watchers
2020-07-22 13:36:19,133 [Listener at 127.0.0.1/40109] INFO  server.StorageContainerManager (StorageContainerManager.java:stop(841)) - Stopping datanode service RPC server
2020-07-22 13:36:19,133 [CommandWatcher-LeaseManager#LeaseMonitor] ERROR lease.LeaseManager (LeaseManager.java:run(238)) - Execution was interrupted 
java.lang.InterruptedException: sleep interrupted
	at java.lang.Thread.sleep(Native Method)
	at org.apache.hadoop.ozone.lease.LeaseManager$LeaseMonitor.run(LeaseManager.java:234)
	at java.lang.Thread.run(Thread.java:748)
2020-07-22 13:36:19,133 [Listener at 127.0.0.1/40109] INFO  server.SCMDatanodeProtocolServer (SCMDatanodeProtocolServer.java:stop(361)) - Stopping the RPC server for DataNodes
2020-07-22 13:36:19,133 [Listener at 127.0.0.1/40109] INFO  ipc.Server (Server.java:stop(3359)) - Stopping server on 36507
2020-07-22 13:36:19,135 [IPC Server listener on 0] INFO  ipc.Server (Server.java:run(1330)) - Stopping IPC Server listener on 0
2020-07-22 13:36:19,136 [IPC Server Responder] INFO  ipc.Server (Server.java:run(1465)) - Stopping IPC Server Responder
2020-07-22 13:36:19,203 [SCM Heartbeat Processing Thread - 0] WARN  node.NodeStateManager (NodeStateManager.java:scheduleNextHealthCheck(661)) - Current Thread is interrupted, shutting down HB processing thread for Node Manager.
2020-07-22 13:36:19,205 [Listener at 127.0.0.1/40109] INFO  server.StorageContainerManager (StorageContainerManager.java:stop(849)) - Stopping block service RPC server
2020-07-22 13:36:19,205 [Listener at 127.0.0.1/40109] INFO  server.SCMBlockProtocolServer (SCMBlockProtocolServer.java:stop(158)) - Stopping the RPC server for Block Protocol
2020-07-22 13:36:19,205 [Listener at 127.0.0.1/40109] INFO  ipc.Server (Server.java:stop(3359)) - Stopping server on 32829
2020-07-22 13:36:19,207 [IPC Server listener on 0] INFO  ipc.Server (Server.java:run(1330)) - Stopping IPC Server listener on 0
2020-07-22 13:36:19,208 [Listener at 127.0.0.1/40109] INFO  server.StorageContainerManager (StorageContainerManager.java:stop(856)) - Stopping the StorageContainerLocationProtocol RPC server
2020-07-22 13:36:19,208 [Listener at 127.0.0.1/40109] INFO  server.SCMClientProtocolServer (SCMClientProtocolServer.java:stop(165)) - Stopping the RPC server for Client Protocol
2020-07-22 13:36:19,208 [Listener at 127.0.0.1/40109] INFO  ipc.Server (Server.java:stop(3359)) - Stopping server on 34985
2020-07-22 13:36:19,208 [IPC Server Responder] INFO  ipc.Server (Server.java:run(1465)) - Stopping IPC Server Responder
2020-07-22 13:36:19,209 [IPC Server listener on 0] INFO  ipc.Server (Server.java:run(1330)) - Stopping IPC Server listener on 0
2020-07-22 13:36:19,211 [IPC Server Responder] INFO  ipc.Server (Server.java:run(1465)) - Stopping IPC Server Responder
2020-07-22 13:36:19,211 [Listener at 127.0.0.1/40109] INFO  server.StorageContainerManager (StorageContainerManager.java:stop(863)) - Stopping Storage Container Manager HTTP server.
2020-07-22 13:36:19,211 [Listener at 127.0.0.1/40109] INFO  handler.ContextHandler (ContextHandler.java:doStop(1016)) - Stopped o.e.j.w.WebAppContext@3bc079f1{scm,/,null,UNAVAILABLE}{file:/github/workspace/mnt/ozone/hadoop-ozone/integration-test/target/test-classes/webapps/scm}
2020-07-22 13:36:19,211 [Listener at 127.0.0.1/40109] INFO  server.AbstractConnector (AbstractConnector.java:doStop(380)) - Stopped ServerConnector@46710018{HTTP/1.1,[http/1.1]}{0.0.0.0:0}
2020-07-22 13:36:19,212 [Listener at 127.0.0.1/40109] INFO  server.session (HouseKeeper.java:stopScavenging(158)) - node0 Stopped scavenging
2020-07-22 13:36:19,212 [Listener at 127.0.0.1/40109] INFO  handler.ContextHandler (ContextHandler.java:doStop(1016)) - Stopped o.e.j.s.ServletContextHandler@6d70965d{static,/static,file:///github/workspace/mnt/ozone/hadoop-ozone/integration-test/target/test-classes/webapps/static,UNAVAILABLE}
2020-07-22 13:36:19,212 [Listener at 127.0.0.1/40109] INFO  handler.ContextHandler (ContextHandler.java:doStop(1016)) - Stopped o.e.j.s.ServletContextHandler@30dc14e4{logs,/logs,file:///github/workspace/mnt/ozone/hadoop-ozone/integration-test/target/log,UNAVAILABLE}
2020-07-22 13:36:19,212 [Listener at 127.0.0.1/40109] INFO  server.StorageContainerManager (StorageContainerManager.java:stop(874)) - Stopping Block Manager Service.
2020-07-22 13:36:19,213 [Listener at 127.0.0.1/40109] INFO  utils.BackgroundService (BackgroundService.java:shutdown(157)) - Shutting down service SCMBlockDeletingService
2020-07-22 13:36:19,213 [Listener at 127.0.0.1/40109] INFO  utils.BackgroundService (BackgroundService.java:shutdown(157)) - Shutting down service SCMBlockDeletingService
2020-07-22 13:36:19,213 [Listener at 127.0.0.1/40109] INFO  server.StorageContainerManager (StorageContainerManager.java:stop(899)) - Stopping SCM Event Queue.
2020-07-22 13:36:19,217 [Listener at 127.0.0.1/40109] INFO  impl.MetricsSystemImpl (MetricsSystemImpl.java:stop(210)) - Stopping HddsDatanode metrics system...
2020-07-22 13:36:19,221 [Listener at 127.0.0.1/40109] INFO  impl.MetricsSystemImpl (MetricsSystemImpl.java:stop(216)) - HddsDatanode metrics system stopped.
]]></system-out>
    <system-err><![CDATA[Jul 22, 2020 1:35:47 PM org.apache.ratis.thirdparty.io.grpc.internal.ManagedChannelOrphanWrapper$ManagedChannelReference cleanQueue
SEVERE: *~*~*~ Channel ManagedChannelImpl{logId=418, target=172.17.0.2:33601} was not shutdown properly!!! ~*~*~*
    Make sure to call shutdown()/shutdownNow() and wait until awaitTermination() returns true.
java.lang.RuntimeException: ManagedChannel allocation site
	at org.apache.ratis.thirdparty.io.grpc.internal.ManagedChannelOrphanWrapper$ManagedChannelReference.<init>(ManagedChannelOrphanWrapper.java:93)
	at org.apache.ratis.thirdparty.io.grpc.internal.ManagedChannelOrphanWrapper.<init>(ManagedChannelOrphanWrapper.java:53)
	at org.apache.ratis.thirdparty.io.grpc.internal.ManagedChannelOrphanWrapper.<init>(ManagedChannelOrphanWrapper.java:44)
	at org.apache.ratis.thirdparty.io.grpc.internal.AbstractManagedChannelImplBuilder.build(AbstractManagedChannelImplBuilder.java:518)
	at org.apache.ratis.grpc.client.GrpcClientProtocolClient.<init>(GrpcClientProtocolClient.java:128)
	at org.apache.ratis.grpc.client.GrpcClientRpc.lambda$new$0(GrpcClientRpc.java:55)
	at org.apache.ratis.util.PeerProxyMap$PeerAndProxy.lambda$getProxy$0(PeerProxyMap.java:62)
	at org.apache.ratis.util.LifeCycle.startAndTransition(LifeCycle.java:214)
	at org.apache.ratis.util.PeerProxyMap$PeerAndProxy.getProxy(PeerProxyMap.java:61)
	at org.apache.ratis.util.PeerProxyMap.getProxy(PeerProxyMap.java:109)
	at org.apache.ratis.grpc.client.GrpcClientRpc.sendRequestAsyncUnordered(GrpcClientRpc.java:78)
	at org.apache.ratis.client.impl.UnorderedAsync.sendRequestWithRetry(UnorderedAsync.java:76)
	at org.apache.ratis.client.impl.UnorderedAsync.lambda$null$2(UnorderedAsync.java:124)
	at org.apache.ratis.util.TimeoutScheduler.lambda$onTimeout$0(TimeoutScheduler.java:141)
	at org.apache.ratis.util.TimeoutScheduler.lambda$onTimeout$1(TimeoutScheduler.java:155)
	at org.apache.ratis.util.LogUtils.runAndLog(LogUtils.java:38)
	at org.apache.ratis.util.LogUtils$1.run(LogUtils.java:79)
	at java.util.concurrent.Executors$RunnableAdapter.call(Executors.java:511)
	at java.util.concurrent.FutureTask.run(FutureTask.java:266)
	at java.util.concurrent.ScheduledThreadPoolExecutor$ScheduledFutureTask.access$201(ScheduledThreadPoolExecutor.java:180)
	at java.util.concurrent.ScheduledThreadPoolExecutor$ScheduledFutureTask.run(ScheduledThreadPoolExecutor.java:293)
	at java.util.concurrent.ThreadPoolExecutor.runWorker(ThreadPoolExecutor.java:1149)
	at java.util.concurrent.ThreadPoolExecutor$Worker.run(ThreadPoolExecutor.java:624)
	at java.lang.Thread.run(Thread.java:748)

Jul 22, 2020 1:35:47 PM org.apache.ratis.thirdparty.io.grpc.internal.ManagedChannelOrphanWrapper$ManagedChannelReference cleanQueue
SEVERE: *~*~*~ Channel ManagedChannelImpl{logId=208, target=172.17.0.2:36109} was not shutdown properly!!! ~*~*~*
    Make sure to call shutdown()/shutdownNow() and wait until awaitTermination() returns true.
java.lang.RuntimeException: ManagedChannel allocation site
	at org.apache.ratis.thirdparty.io.grpc.internal.ManagedChannelOrphanWrapper$ManagedChannelReference.<init>(ManagedChannelOrphanWrapper.java:93)
	at org.apache.ratis.thirdparty.io.grpc.internal.ManagedChannelOrphanWrapper.<init>(ManagedChannelOrphanWrapper.java:53)
	at org.apache.ratis.thirdparty.io.grpc.internal.ManagedChannelOrphanWrapper.<init>(ManagedChannelOrphanWrapper.java:44)
	at org.apache.ratis.thirdparty.io.grpc.internal.AbstractManagedChannelImplBuilder.build(AbstractManagedChannelImplBuilder.java:518)
	at org.apache.hadoop.hdds.scm.XceiverClientGrpc.connectToDatanode(XceiverClientGrpc.java:193)
	at org.apache.hadoop.hdds.scm.XceiverClientGrpc.reconnect(XceiverClientGrpc.java:501)
	at org.apache.hadoop.hdds.scm.XceiverClientGrpc.checkOpen(XceiverClientGrpc.java:492)
	at org.apache.hadoop.hdds.scm.XceiverClientGrpc.sendCommandAsync(XceiverClientGrpc.java:432)
	at org.apache.hadoop.hdds.scm.XceiverClientGrpc.sendCommandWithRetry(XceiverClientGrpc.java:341)
	at org.apache.hadoop.hdds.scm.XceiverClientGrpc.lambda$sendCommandWithTraceIDAndRetry$0(XceiverClientGrpc.java:281)
	at org.apache.hadoop.hdds.tracing.TracingUtil.executeInSpan(TracingUtil.java:174)
	at org.apache.hadoop.hdds.tracing.TracingUtil.executeInNewSpan(TracingUtil.java:148)
	at org.apache.hadoop.hdds.scm.XceiverClientGrpc.sendCommandWithTraceIDAndRetry(XceiverClientGrpc.java:275)
	at org.apache.hadoop.hdds.scm.XceiverClientGrpc.sendCommand(XceiverClientGrpc.java:256)
	at org.apache.hadoop.hdds.scm.storage.ContainerProtocolCalls.getBlock(ContainerProtocolCalls.java:119)
	at org.apache.hadoop.hdds.scm.storage.BlockInputStream.getChunkInfos(BlockInputStream.java:199)
	at org.apache.hadoop.hdds.scm.storage.BlockInputStream.initialize(BlockInputStream.java:133)
	at org.apache.hadoop.hdds.scm.storage.BlockInputStream.read(BlockInputStream.java:254)
	at org.apache.hadoop.ozone.client.io.KeyInputStream.read(KeyInputStream.java:199)
	at org.apache.hadoop.ozone.client.io.OzoneInputStream.read(OzoneInputStream.java:47)
	at java.io.InputStream.read(InputStream.java:101)
	at org.apache.hadoop.ozone.container.TestHelper.validateData(TestHelper.java:125)
	at org.apache.hadoop.ozone.client.rpc.TestWatchForCommit.validateData(TestWatchForCommit.java:368)
	at org.apache.hadoop.ozone.client.rpc.TestWatchForCommit.testWatchForCommitWithKeyWrite(TestWatchForCommit.java:234)
	at sun.reflect.NativeMethodAccessorImpl.invoke0(Native Method)
	at sun.reflect.NativeMethodAccessorImpl.invoke(NativeMethodAccessorImpl.java:62)
	at sun.reflect.DelegatingMethodAccessorImpl.invoke(DelegatingMethodAccessorImpl.java:43)
	at java.lang.reflect.Method.invoke(Method.java:498)
	at org.junit.runners.model.FrameworkMethod$1.runReflectiveCall(FrameworkMethod.java:47)
	at org.junit.internal.runners.model.ReflectiveCallable.run(ReflectiveCallable.java:12)
	at org.junit.runners.model.FrameworkMethod.invokeExplosively(FrameworkMethod.java:44)
	at org.junit.internal.runners.statements.InvokeMethod.evaluate(InvokeMethod.java:17)
	at org.junit.internal.runners.statements.RunBefores.evaluate(RunBefores.java:26)
	at org.junit.internal.runners.statements.RunAfters.evaluate(RunAfters.java:27)
	at org.junit.runners.ParentRunner.runLeaf(ParentRunner.java:271)
	at org.junit.runners.BlockJUnit4ClassRunner.runChild(BlockJUnit4ClassRunner.java:70)
	at org.junit.runners.BlockJUnit4ClassRunner.runChild(BlockJUnit4ClassRunner.java:50)
	at org.junit.runners.ParentRunner$3.run(ParentRunner.java:238)
	at org.junit.runners.ParentRunner$1.schedule(ParentRunner.java:63)
	at org.junit.runners.ParentRunner.runChildren(ParentRunner.java:236)
	at org.junit.runners.ParentRunner.access$000(ParentRunner.java:53)
	at org.junit.runners.ParentRunner$2.evaluate(ParentRunner.java:229)
	at org.junit.runners.ParentRunner.run(ParentRunner.java:309)
	at org.apache.maven.surefire.junit4.JUnit4Provider.execute(JUnit4Provider.java:365)
	at org.apache.maven.surefire.junit4.JUnit4Provider.executeWithRerun(JUnit4Provider.java:273)
	at org.apache.maven.surefire.junit4.JUnit4Provider.executeTestSet(JUnit4Provider.java:238)
	at org.apache.maven.surefire.junit4.JUnit4Provider.invoke(JUnit4Provider.java:159)
	at org.apache.maven.surefire.booter.ForkedBooter.invokeProviderInSameClassLoader(ForkedBooter.java:384)
	at org.apache.maven.surefire.booter.ForkedBooter.runSuitesInProcess(ForkedBooter.java:345)
	at org.apache.maven.surefire.booter.ForkedBooter.execute(ForkedBooter.java:126)
	at org.apache.maven.surefire.booter.ForkedBooter.main(ForkedBooter.java:418)

Jul 22, 2020 1:35:47 PM org.apache.ratis.thirdparty.io.grpc.internal.ManagedChannelOrphanWrapper$ManagedChannelReference cleanQueue
SEVERE: *~*~*~ Channel ManagedChannelImpl{logId=196, target=172.17.0.2:37627} was not shutdown properly!!! ~*~*~*
    Make sure to call shutdown()/shutdownNow() and wait until awaitTermination() returns true.
java.lang.RuntimeException: ManagedChannel allocation site
	at org.apache.ratis.thirdparty.io.grpc.internal.ManagedChannelOrphanWrapper$ManagedChannelReference.<init>(ManagedChannelOrphanWrapper.java:93)
	at org.apache.ratis.thirdparty.io.grpc.internal.ManagedChannelOrphanWrapper.<init>(ManagedChannelOrphanWrapper.java:53)
	at org.apache.ratis.thirdparty.io.grpc.internal.ManagedChannelOrphanWrapper.<init>(ManagedChannelOrphanWrapper.java:44)
	at org.apache.ratis.thirdparty.io.grpc.internal.AbstractManagedChannelImplBuilder.build(AbstractManagedChannelImplBuilder.java:518)
	at org.apache.ratis.grpc.client.GrpcClientProtocolClient.<init>(GrpcClientProtocolClient.java:128)
	at org.apache.ratis.grpc.client.GrpcClientRpc.lambda$new$0(GrpcClientRpc.java:55)
	at org.apache.ratis.util.PeerProxyMap$PeerAndProxy.lambda$getProxy$0(PeerProxyMap.java:62)
	at org.apache.ratis.util.LifeCycle.startAndTransition(LifeCycle.java:214)
	at org.apache.ratis.util.PeerProxyMap$PeerAndProxy.getProxy(PeerProxyMap.java:61)
	at org.apache.ratis.util.PeerProxyMap.getProxy(PeerProxyMap.java:109)
	at org.apache.ratis.grpc.client.GrpcClientRpc.sendRequestAsync(GrpcClientRpc.java:66)
	at org.apache.ratis.client.impl.OrderedAsync.sendRequest(OrderedAsync.java:233)
	at org.apache.ratis.client.impl.OrderedAsync.sendRequestWithRetry(OrderedAsync.java:187)
	at org.apache.ratis.util.SlidingWindow$Client.sendOrDelayRequest(SlidingWindow.java:278)
	at org.apache.ratis.util.SlidingWindow$Client.retry(SlidingWindow.java:294)
	at org.apache.ratis.client.impl.OrderedAsync.lambda$scheduleWithTimeout$7(OrderedAsync.java:220)
	at org.apache.ratis.util.TimeoutScheduler.lambda$onTimeout$0(TimeoutScheduler.java:141)
	at org.apache.ratis.util.TimeoutScheduler.lambda$onTimeout$1(TimeoutScheduler.java:155)
	at org.apache.ratis.util.LogUtils.runAndLog(LogUtils.java:38)
	at org.apache.ratis.util.LogUtils$1.run(LogUtils.java:79)
	at java.util.concurrent.Executors$RunnableAdapter.call(Executors.java:511)
	at java.util.concurrent.FutureTask.run(FutureTask.java:266)
	at java.util.concurrent.ScheduledThreadPoolExecutor$ScheduledFutureTask.access$201(ScheduledThreadPoolExecutor.java:180)
	at java.util.concurrent.ScheduledThreadPoolExecutor$ScheduledFutureTask.run(ScheduledThreadPoolExecutor.java:293)
	at java.util.concurrent.ThreadPoolExecutor.runWorker(ThreadPoolExecutor.java:1149)
	at java.util.concurrent.ThreadPoolExecutor$Worker.run(ThreadPoolExecutor.java:624)
	at java.lang.Thread.run(Thread.java:748)

Jul 22, 2020 1:35:47 PM org.apache.ratis.thirdparty.io.grpc.internal.ManagedChannelOrphanWrapper$ManagedChannelReference cleanQueue
SEVERE: *~*~*~ Channel ManagedChannelImpl{logId=206, target=172.17.0.2:45495} was not shutdown properly!!! ~*~*~*
    Make sure to call shutdown()/shutdownNow() and wait until awaitTermination() returns true.
java.lang.RuntimeException: ManagedChannel allocation site
	at org.apache.ratis.thirdparty.io.grpc.internal.ManagedChannelOrphanWrapper$ManagedChannelReference.<init>(ManagedChannelOrphanWrapper.java:93)
	at org.apache.ratis.thirdparty.io.grpc.internal.ManagedChannelOrphanWrapper.<init>(ManagedChannelOrphanWrapper.java:53)
	at org.apache.ratis.thirdparty.io.grpc.internal.ManagedChannelOrphanWrapper.<init>(ManagedChannelOrphanWrapper.java:44)
	at org.apache.ratis.thirdparty.io.grpc.internal.AbstractManagedChannelImplBuilder.build(AbstractManagedChannelImplBuilder.java:518)
	at org.apache.hadoop.hdds.scm.XceiverClientGrpc.connectToDatanode(XceiverClientGrpc.java:193)
	at org.apache.hadoop.hdds.scm.XceiverClientGrpc.connect(XceiverClientGrpc.java:142)
	at org.apache.hadoop.hdds.scm.XceiverClientManager$2.call(XceiverClientManager.java:244)
	at org.apache.hadoop.hdds.scm.XceiverClientManager$2.call(XceiverClientManager.java:228)
	at com.google.common.cache.LocalCache$LocalManualCache$1.load(LocalCache.java:4876)
	at com.google.common.cache.LocalCache$LoadingValueReference.loadFuture(LocalCache.java:3529)
	at com.google.common.cache.LocalCache$Segment.loadSync(LocalCache.java:2278)
	at com.google.common.cache.LocalCache$Segment.lockedGetOrLoad(LocalCache.java:2155)
	at com.google.common.cache.LocalCache$Segment.get(LocalCache.java:2045)
	at com.google.common.cache.LocalCache.get(LocalCache.java:3951)
	at com.google.common.cache.LocalCache$LocalManualCache.get(LocalCache.java:4871)
	at org.apache.hadoop.hdds.scm.XceiverClientManager.getClient(XceiverClientManager.java:228)
	at org.apache.hadoop.hdds.scm.XceiverClientManager.acquireClient(XceiverClientManager.java:174)
	at org.apache.hadoop.hdds.scm.XceiverClientManager.acquireClientForReadData(XceiverClientManager.java:163)
	at org.apache.hadoop.hdds.scm.storage.BlockInputStream.getChunkInfos(BlockInputStream.java:184)
	at org.apache.hadoop.hdds.scm.storage.BlockInputStream.initialize(BlockInputStream.java:133)
	at org.apache.hadoop.hdds.scm.storage.BlockInputStream.read(BlockInputStream.java:254)
	at org.apache.hadoop.ozone.client.io.KeyInputStream.read(KeyInputStream.java:199)
	at org.apache.hadoop.ozone.client.io.OzoneInputStream.read(OzoneInputStream.java:47)
	at java.io.InputStream.read(InputStream.java:101)
	at org.apache.hadoop.ozone.container.TestHelper.validateData(TestHelper.java:125)
	at org.apache.hadoop.ozone.client.rpc.TestWatchForCommit.validateData(TestWatchForCommit.java:368)
	at org.apache.hadoop.ozone.client.rpc.TestWatchForCommit.testWatchForCommitWithKeyWrite(TestWatchForCommit.java:234)
	at sun.reflect.NativeMethodAccessorImpl.invoke0(Native Method)
	at sun.reflect.NativeMethodAccessorImpl.invoke(NativeMethodAccessorImpl.java:62)
	at sun.reflect.DelegatingMethodAccessorImpl.invoke(DelegatingMethodAccessorImpl.java:43)
	at java.lang.reflect.Method.invoke(Method.java:498)
	at org.junit.runners.model.FrameworkMethod$1.runReflectiveCall(FrameworkMethod.java:47)
	at org.junit.internal.runners.model.ReflectiveCallable.run(ReflectiveCallable.java:12)
	at org.junit.runners.model.FrameworkMethod.invokeExplosively(FrameworkMethod.java:44)
	at org.junit.internal.runners.statements.InvokeMethod.evaluate(InvokeMethod.java:17)
	at org.junit.internal.runners.statements.RunBefores.evaluate(RunBefores.java:26)
	at org.junit.internal.runners.statements.RunAfters.evaluate(RunAfters.java:27)
	at org.junit.runners.ParentRunner.runLeaf(ParentRunner.java:271)
	at org.junit.runners.BlockJUnit4ClassRunner.runChild(BlockJUnit4ClassRunner.java:70)
	at org.junit.runners.BlockJUnit4ClassRunner.runChild(BlockJUnit4ClassRunner.java:50)
	at org.junit.runners.ParentRunner$3.run(ParentRunner.java:238)
	at org.junit.runners.ParentRunner$1.schedule(ParentRunner.java:63)
	at org.junit.runners.ParentRunner.runChildren(ParentRunner.java:236)
	at org.junit.runners.ParentRunner.access$000(ParentRunner.java:53)
	at org.junit.runners.ParentRunner$2.evaluate(ParentRunner.java:229)
	at org.junit.runners.ParentRunner.run(ParentRunner.java:309)
	at org.apache.maven.surefire.junit4.JUnit4Provider.execute(JUnit4Provider.java:365)
	at org.apache.maven.surefire.junit4.JUnit4Provider.executeWithRerun(JUnit4Provider.java:273)
	at org.apache.maven.surefire.junit4.JUnit4Provider.executeTestSet(JUnit4Provider.java:238)
	at org.apache.maven.surefire.junit4.JUnit4Provider.invoke(JUnit4Provider.java:159)
	at org.apache.maven.surefire.booter.ForkedBooter.invokeProviderInSameClassLoader(ForkedBooter.java:384)
	at org.apache.maven.surefire.booter.ForkedBooter.runSuitesInProcess(ForkedBooter.java:345)
	at org.apache.maven.surefire.booter.ForkedBooter.execute(ForkedBooter.java:126)
	at org.apache.maven.surefire.booter.ForkedBooter.main(ForkedBooter.java:418)

Jul 22, 2020 1:35:47 PM org.apache.ratis.thirdparty.io.grpc.internal.ManagedChannelOrphanWrapper$ManagedChannelReference cleanQueue
SEVERE: *~*~*~ Channel ManagedChannelImpl{logId=201, target=172.17.0.2:45089} was not shutdown properly!!! ~*~*~*
    Make sure to call shutdown()/shutdownNow() and wait until awaitTermination() returns true.
java.lang.RuntimeException: ManagedChannel allocation site
	at org.apache.ratis.thirdparty.io.grpc.internal.ManagedChannelOrphanWrapper$ManagedChannelReference.<init>(ManagedChannelOrphanWrapper.java:93)
	at org.apache.ratis.thirdparty.io.grpc.internal.ManagedChannelOrphanWrapper.<init>(ManagedChannelOrphanWrapper.java:53)
	at org.apache.ratis.thirdparty.io.grpc.internal.ManagedChannelOrphanWrapper.<init>(ManagedChannelOrphanWrapper.java:44)
	at org.apache.ratis.thirdparty.io.grpc.internal.AbstractManagedChannelImplBuilder.build(AbstractManagedChannelImplBuilder.java:518)
	at org.apache.ratis.grpc.client.GrpcClientProtocolClient.<init>(GrpcClientProtocolClient.java:128)
	at org.apache.ratis.grpc.client.GrpcClientRpc.lambda$new$0(GrpcClientRpc.java:55)
	at org.apache.ratis.util.PeerProxyMap$PeerAndProxy.lambda$getProxy$0(PeerProxyMap.java:62)
	at org.apache.ratis.util.LifeCycle.startAndTransition(LifeCycle.java:214)
	at org.apache.ratis.util.PeerProxyMap$PeerAndProxy.getProxy(PeerProxyMap.java:61)
	at org.apache.ratis.util.PeerProxyMap.getProxy(PeerProxyMap.java:109)
	at org.apache.ratis.grpc.client.GrpcClientRpc.sendRequestAsync(GrpcClientRpc.java:66)
	at org.apache.ratis.client.impl.OrderedAsync.sendRequest(OrderedAsync.java:233)
	at org.apache.ratis.client.impl.OrderedAsync.sendRequestWithRetry(OrderedAsync.java:187)
	at org.apache.ratis.util.SlidingWindow$Client.sendOrDelayRequest(SlidingWindow.java:278)
	at org.apache.ratis.util.SlidingWindow$Client.submitNewRequest(SlidingWindow.java:257)
	at org.apache.ratis.client.impl.OrderedAsync.send(OrderedAsync.java:168)
	at org.apache.ratis.client.impl.OrderedAsync.newInstance(OrderedAsync.java:117)
	at org.apache.ratis.client.impl.RaftClientImpl.lambda$new$0(RaftClientImpl.java:127)
	at org.apache.ratis.util.MemoizedSupplier.get(MemoizedSupplier.java:62)
	at org.apache.ratis.client.impl.RaftClientImpl.getOrderedAsync(RaftClientImpl.java:150)
	at org.apache.ratis.client.impl.RaftClientImpl.sendAsync(RaftClientImpl.java:188)
	at org.apache.ratis.client.impl.RaftClientImpl.sendAsync(RaftClientImpl.java:160)
	at org.apache.hadoop.hdds.scm.XceiverClientRatis.lambda$sendRequestAsync$3(XceiverClientRatis.java:224)
	at org.apache.hadoop.hdds.tracing.TracingUtil.executeInNewSpan(TracingUtil.java:159)
	at org.apache.hadoop.hdds.scm.XceiverClientRatis.sendRequestAsync(XceiverClientRatis.java:209)
	at org.apache.hadoop.hdds.scm.XceiverClientRatis.sendCommandAsync(XceiverClientRatis.java:305)
	at org.apache.hadoop.hdds.scm.storage.ContainerProtocolCalls.writeChunkAsync(ContainerProtocolCalls.java:318)
	at org.apache.hadoop.hdds.scm.storage.BlockOutputStream.writeChunkToContainer(BlockOutputStream.java:632)
	at org.apache.hadoop.hdds.scm.storage.BlockOutputStream.writeChunk(BlockOutputStream.java:473)
	at org.apache.hadoop.hdds.scm.storage.BlockOutputStream.writeOnRetry(BlockOutputStream.java:288)
	at org.apache.hadoop.ozone.client.io.BlockOutputStreamEntry.writeOnRetry(BlockOutputStreamEntry.java:206)
	at org.apache.hadoop.ozone.client.io.KeyOutputStream.writeToOutputStream(KeyOutputStream.java:240)
	at org.apache.hadoop.ozone.client.io.KeyOutputStream.handleWrite(KeyOutputStream.java:220)
	at org.apache.hadoop.ozone.client.io.KeyOutputStream.handleRetry(KeyOutputStream.java:403)
	at org.apache.hadoop.ozone.client.io.KeyOutputStream.handleException(KeyOutputStream.java:348)
	at org.apache.hadoop.ozone.client.io.KeyOutputStream.handleFlushOrClose(KeyOutputStream.java:459)
	at org.apache.hadoop.ozone.client.io.KeyOutputStream.handleWrite(KeyOutputStream.java:224)
	at org.apache.hadoop.ozone.client.io.KeyOutputStream.write(KeyOutputStream.java:200)
	at org.apache.hadoop.ozone.client.io.OzoneOutputStream.write(OzoneOutputStream.java:49)
	at java.io.OutputStream.write(OutputStream.java:75)
	at org.apache.hadoop.ozone.client.rpc.TestWatchForCommit.testWatchForCommitWithKeyWrite(TestWatchForCommit.java:214)
	at sun.reflect.NativeMethodAccessorImpl.invoke0(Native Method)
	at sun.reflect.NativeMethodAccessorImpl.invoke(NativeMethodAccessorImpl.java:62)
	at sun.reflect.DelegatingMethodAccessorImpl.invoke(DelegatingMethodAccessorImpl.java:43)
	at java.lang.reflect.Method.invoke(Method.java:498)
	at org.junit.runners.model.FrameworkMethod$1.runReflectiveCall(FrameworkMethod.java:47)
	at org.junit.internal.runners.model.ReflectiveCallable.run(ReflectiveCallable.java:12)
	at org.junit.runners.model.FrameworkMethod.invokeExplosively(FrameworkMethod.java:44)
	at org.junit.internal.runners.statements.InvokeMethod.evaluate(InvokeMethod.java:17)
	at org.junit.internal.runners.statements.RunBefores.evaluate(RunBefores.java:26)
	at org.junit.internal.runners.statements.RunAfters.evaluate(RunAfters.java:27)
	at org.junit.runners.ParentRunner.runLeaf(ParentRunner.java:271)
	at org.junit.runners.BlockJUnit4ClassRunner.runChild(BlockJUnit4ClassRunner.java:70)
	at org.junit.runners.BlockJUnit4ClassRunner.runChild(BlockJUnit4ClassRunner.java:50)
	at org.junit.runners.ParentRunner$3.run(ParentRunner.java:238)
	at org.junit.runners.ParentRunner$1.schedule(ParentRunner.java:63)
	at org.junit.runners.ParentRunner.runChildren(ParentRunner.java:236)
	at org.junit.runners.ParentRunner.access$000(ParentRunner.java:53)
	at org.junit.runners.ParentRunner$2.evaluate(ParentRunner.java:229)
	at org.junit.runners.ParentRunner.run(ParentRunner.java:309)
	at org.apache.maven.surefire.junit4.JUnit4Provider.execute(JUnit4Provider.java:365)
	at org.apache.maven.surefire.junit4.JUnit4Provider.executeWithRerun(JUnit4Provider.java:273)
	at org.apache.maven.surefire.junit4.JUnit4Provider.executeTestSet(JUnit4Provider.java:238)
	at org.apache.maven.surefire.junit4.JUnit4Provider.invoke(JUnit4Provider.java:159)
	at org.apache.maven.surefire.booter.ForkedBooter.invokeProviderInSameClassLoader(ForkedBooter.java:384)
	at org.apache.maven.surefire.booter.ForkedBooter.runSuitesInProcess(ForkedBooter.java:345)
	at org.apache.maven.surefire.booter.ForkedBooter.execute(ForkedBooter.java:126)
	at org.apache.maven.surefire.booter.ForkedBooter.main(ForkedBooter.java:418)

Jul 22, 2020 1:35:47 PM org.apache.ratis.thirdparty.io.grpc.internal.ManagedChannelOrphanWrapper$ManagedChannelReference cleanQueue
SEVERE: *~*~*~ Channel ManagedChannelImpl{logId=214, target=172.17.0.2:43863} was not shutdown properly!!! ~*~*~*
    Make sure to call shutdown()/shutdownNow() and wait until awaitTermination() returns true.
java.lang.RuntimeException: ManagedChannel allocation site
	at org.apache.ratis.thirdparty.io.grpc.internal.ManagedChannelOrphanWrapper$ManagedChannelReference.<init>(ManagedChannelOrphanWrapper.java:93)
	at org.apache.ratis.thirdparty.io.grpc.internal.ManagedChannelOrphanWrapper.<init>(ManagedChannelOrphanWrapper.java:53)
	at org.apache.ratis.thirdparty.io.grpc.internal.ManagedChannelOrphanWrapper.<init>(ManagedChannelOrphanWrapper.java:44)
	at org.apache.ratis.thirdparty.io.grpc.internal.AbstractManagedChannelImplBuilder.build(AbstractManagedChannelImplBuilder.java:518)
	at org.apache.hadoop.hdds.scm.XceiverClientGrpc.connectToDatanode(XceiverClientGrpc.java:193)
	at org.apache.hadoop.hdds.scm.XceiverClientGrpc.reconnect(XceiverClientGrpc.java:501)
	at org.apache.hadoop.hdds.scm.XceiverClientGrpc.checkOpen(XceiverClientGrpc.java:492)
	at org.apache.hadoop.hdds.scm.XceiverClientGrpc.sendCommandAsync(XceiverClientGrpc.java:432)
	at org.apache.hadoop.hdds.scm.XceiverClientGrpc.sendCommandWithRetry(XceiverClientGrpc.java:341)
	at org.apache.hadoop.hdds.scm.XceiverClientGrpc.lambda$sendCommandWithTraceIDAndRetry$0(XceiverClientGrpc.java:281)
	at org.apache.hadoop.hdds.tracing.TracingUtil.executeInSpan(TracingUtil.java:174)
	at org.apache.hadoop.hdds.tracing.TracingUtil.executeInNewSpan(TracingUtil.java:148)
	at org.apache.hadoop.hdds.scm.XceiverClientGrpc.sendCommandWithTraceIDAndRetry(XceiverClientGrpc.java:275)
	at org.apache.hadoop.hdds.scm.XceiverClientGrpc.sendCommand(XceiverClientGrpc.java:256)
	at org.apache.hadoop.hdds.scm.storage.ContainerProtocolCalls.getBlock(ContainerProtocolCalls.java:119)
	at org.apache.hadoop.hdds.scm.storage.BlockInputStream.getChunkInfos(BlockInputStream.java:199)
	at org.apache.hadoop.hdds.scm.storage.BlockInputStream.initialize(BlockInputStream.java:133)
	at org.apache.hadoop.hdds.scm.storage.BlockInputStream.read(BlockInputStream.java:254)
	at org.apache.hadoop.ozone.client.io.KeyInputStream.read(KeyInputStream.java:199)
	at org.apache.hadoop.ozone.client.io.OzoneInputStream.read(OzoneInputStream.java:47)
	at java.io.InputStream.read(InputStream.java:101)
	at org.apache.hadoop.ozone.container.TestHelper.validateData(TestHelper.java:125)
	at org.apache.hadoop.ozone.client.rpc.TestWatchForCommit.validateData(TestWatchForCommit.java:368)
	at org.apache.hadoop.ozone.client.rpc.TestWatchForCommit.testWatchForCommitWithKeyWrite(TestWatchForCommit.java:234)
	at sun.reflect.NativeMethodAccessorImpl.invoke0(Native Method)
	at sun.reflect.NativeMethodAccessorImpl.invoke(NativeMethodAccessorImpl.java:62)
	at sun.reflect.DelegatingMethodAccessorImpl.invoke(DelegatingMethodAccessorImpl.java:43)
	at java.lang.reflect.Method.invoke(Method.java:498)
	at org.junit.runners.model.FrameworkMethod$1.runReflectiveCall(FrameworkMethod.java:47)
	at org.junit.internal.runners.model.ReflectiveCallable.run(ReflectiveCallable.java:12)
	at org.junit.runners.model.FrameworkMethod.invokeExplosively(FrameworkMethod.java:44)
	at org.junit.internal.runners.statements.InvokeMethod.evaluate(InvokeMethod.java:17)
	at org.junit.internal.runners.statements.RunBefores.evaluate(RunBefores.java:26)
	at org.junit.internal.runners.statements.RunAfters.evaluate(RunAfters.java:27)
	at org.junit.runners.ParentRunner.runLeaf(ParentRunner.java:271)
	at org.junit.runners.BlockJUnit4ClassRunner.runChild(BlockJUnit4ClassRunner.java:70)
	at org.junit.runners.BlockJUnit4ClassRunner.runChild(BlockJUnit4ClassRunner.java:50)
	at org.junit.runners.ParentRunner$3.run(ParentRunner.java:238)
	at org.junit.runners.ParentRunner$1.schedule(ParentRunner.java:63)
	at org.junit.runners.ParentRunner.runChildren(ParentRunner.java:236)
	at org.junit.runners.ParentRunner.access$000(ParentRunner.java:53)
	at org.junit.runners.ParentRunner$2.evaluate(ParentRunner.java:229)
	at org.junit.runners.ParentRunner.run(ParentRunner.java:309)
	at org.apache.maven.surefire.junit4.JUnit4Provider.execute(JUnit4Provider.java:365)
	at org.apache.maven.surefire.junit4.JUnit4Provider.executeWithRerun(JUnit4Provider.java:273)
	at org.apache.maven.surefire.junit4.JUnit4Provider.executeTestSet(JUnit4Provider.java:238)
	at org.apache.maven.surefire.junit4.JUnit4Provider.invoke(JUnit4Provider.java:159)
	at org.apache.maven.surefire.booter.ForkedBooter.invokeProviderInSameClassLoader(ForkedBooter.java:384)
	at org.apache.maven.surefire.booter.ForkedBooter.runSuitesInProcess(ForkedBooter.java:345)
	at org.apache.maven.surefire.booter.ForkedBooter.execute(ForkedBooter.java:126)
	at org.apache.maven.surefire.booter.ForkedBooter.main(ForkedBooter.java:418)

]]></system-err>
  </testcase>
  <testcase name="test2WayCommitForTimeoutException" classname="org.apache.hadoop.ozone.client.rpc.TestWatchForCommit" time="42.451"/>
</testsuite>