<?xml version="1.0" encoding="UTF-8"?>
<testsuite xmlns:xsi="http://www.w3.org/2001/XMLSchema-instance" xsi:noNamespaceSchemaLocation="https://maven.apache.org/surefire/maven-surefire-plugin/xsd/surefire-test-report.xsd" name="org.apache.hadoop.ozone.om.TestOzoneManagerHAMetadataOnly" time="202.709" tests="10" errors="0" skipped="2" failures="1">
  <properties>
    <property name="awt.toolkit" value="sun.awt.X11.XToolkit"/>
    <property name="file.encoding.pkg" value="sun.io"/>
    <property name="java.specification.version" value="1.8"/>
    <property name="sun.cpu.isalist" value=""/>
    <property name="sun.jnu.encoding" value="ANSI_X3.4-1968"/>
    <property name="java.class.path" value="/github/workspace/mnt/ozone/hadoop-ozone/integration-test/target/test-classes:/github/workspace/mnt/ozone/hadoop-ozone/integration-test/target/classes:/home/user/.m2/repository/org/apache/hadoop/hadoop-ozone-common/1.1.0-SNAPSHOT/hadoop-ozone-common-1.1.0-SNAPSHOT.jar:/home/user/.m2/repository/org/apache/commons/commons-compress/1.4.1/commons-compress-1.4.1.jar:/home/user/.m2/repository/org/tukaani/xz/1.0/xz-1.0.jar:/home/user/.m2/repository/org/apache/hadoop/hadoop-hdds-common/1.1.0-SNAPSHOT/hadoop-hdds-common-1.1.0-SNAPSHOT.jar:/home/user/.m2/repository/org/apache/hadoop/hadoop-hdds-hadoop-dependency-client/1.1.0-SNAPSHOT/hadoop-hdds-hadoop-dependency-client-1.1.0-SNAPSHOT.jar:/home/user/.m2/repository/info/picocli/picocli/4.4.0/picocli-4.4.0.jar:/home/user/.m2/repository/com/fasterxml/jackson/core/jackson-annotations/2.10.3/jackson-annotations-2.10.3.jar:/home/user/.m2/repository/javax/annotation/javax.annotation-api/1.2/javax.annotation-api-1.2.jar:/home/user/.m2/repository/org/apache/ratis/ratis-server/1.1.0-11689cd-SNAPSHOT/ratis-server-1.1.0-11689cd-SNAPSHOT.jar:/home/user/.m2/repository/org/apache/ratis/ratis-client/1.1.0-11689cd-SNAPSHOT/ratis-client-1.1.0-11689cd-SNAPSHOT.jar:/home/user/.m2/repository/org/apache/ratis/ratis-metrics/1.1.0-11689cd-SNAPSHOT/ratis-metrics-1.1.0-11689cd-SNAPSHOT.jar:/home/user/.m2/repository/org/apache/ratis/ratis-netty/1.1.0-11689cd-SNAPSHOT/ratis-netty-1.1.0-11689cd-SNAPSHOT.jar:/home/user/.m2/repository/org/apache/ratis/ratis-grpc/1.1.0-11689cd-SNAPSHOT/ratis-grpc-1.1.0-11689cd-SNAPSHOT.jar:/home/user/.m2/repository/org/apache/logging/log4j/log4j-api/2.13.3/log4j-api-2.13.3.jar:/home/user/.m2/repository/org/apache/logging/log4j/log4j-core/2.13.3/log4j-core-2.13.3.jar:/home/user/.m2/repository/com/lmax/disruptor/3.4.2/disruptor-3.4.2.jar:/home/user/.m2/repository/org/apache/commons/commons-pool2/2.6.0/commons-pool2-2.6.0.jar:/home/user/.m2/repository/org/bouncycastle/bcpkix-jdk15on/1.60/bcpkix-jdk15on-1.60.jar:/home/user/.m2/repository/commons-validator/commons-validator/1.6/commons-validator-1.6.jar:/home/user/.m2/repository/commons-digester/commons-digester/1.8.1/commons-digester-1.8.1.jar:/home/user/.m2/repository/io/jaegertracing/jaeger-client/1.2.0/jaeger-client-1.2.0.jar:/home/user/.m2/repository/io/jaegertracing/jaeger-thrift/1.2.0/jaeger-thrift-1.2.0.jar:/home/user/.m2/repository/org/apache/thrift/libthrift/0.13.0/libthrift-0.13.0.jar:/home/user/.m2/repository/com/squareup/okhttp3/okhttp/4.2.2/okhttp-4.2.2.jar:/home/user/.m2/repository/com/squareup/okio/okio/2.2.2/okio-2.2.2.jar:/home/user/.m2/repository/org/jetbrains/kotlin/kotlin-stdlib/1.3.50/kotlin-stdlib-1.3.50.jar:/home/user/.m2/repository/org/jetbrains/kotlin/kotlin-stdlib-common/1.3.50/kotlin-stdlib-common-1.3.50.jar:/home/user/.m2/repository/org/jetbrains/annotations/13.0/annotations-13.0.jar:/home/user/.m2/repository/io/jaegertracing/jaeger-core/1.2.0/jaeger-core-1.2.0.jar:/home/user/.m2/repository/io/jaegertracing/jaeger-tracerresolver/1.2.0/jaeger-tracerresolver-1.2.0.jar:/home/user/.m2/repository/io/opentracing/contrib/opentracing-tracerresolver/0.1.8/opentracing-tracerresolver-0.1.8.jar:/home/user/.m2/repository/io/opentracing/opentracing-util/0.33.0/opentracing-util-0.33.0.jar:/home/user/.m2/repository/io/opentracing/opentracing-api/0.33.0/opentracing-api-0.33.0.jar:/home/user/.m2/repository/io/opentracing/opentracing-noop/0.33.0/opentracing-noop-0.33.0.jar:/home/user/.m2/repository/org/apache/hadoop/hadoop-hdds-client/1.1.0-SNAPSHOT/hadoop-hdds-client-1.1.0-SNAPSHOT.jar:/home/user/.m2/repository/org/apache/hadoop/hadoop-ozone-interface-client/1.1.0-SNAPSHOT/hadoop-ozone-interface-client-1.1.0-SNAPSHOT.jar:/home/user/.m2/repository/org/apache/hadoop/hadoop-hdds-test-utils/1.1.0-SNAPSHOT/hadoop-hdds-test-utils-1.1.0-SNAPSHOT.jar:/home/user/.m2/repository/com/google/guava/guava/28.2-jre/guava-28.2-jre.jar:/home/user/.m2/repository/com/google/guava/failureaccess/1.0.1/failureaccess-1.0.1.jar:/home/user/.m2/repository/com/google/guava/listenablefuture/9999.0-empty-to-avoid-conflict-with-guava/listenablefuture-9999.0-empty-to-avoid-conflict-with-guava.jar:/home/user/.m2/repository/com/google/code/findbugs/jsr305/3.0.0/jsr305-3.0.0.jar:/home/user/.m2/repository/org/checkerframework/checker-qual/2.10.0/checker-qual-2.10.0.jar:/home/user/.m2/repository/com/google/errorprone/error_prone_annotations/2.2.0/error_prone_annotations-2.2.0.jar:/home/user/.m2/repository/com/google/j2objc/j2objc-annotations/1.3/j2objc-annotations-1.3.jar:/home/user/.m2/repository/commons-io/commons-io/2.5/commons-io-2.5.jar:/home/user/.m2/repository/commons-logging/commons-logging/1.2/commons-logging-1.2.jar:/home/user/.m2/repository/log4j/log4j/1.2.17/log4j-1.2.17.jar:/home/user/.m2/repository/org/slf4j/slf4j-api/1.7.25/slf4j-api-1.7.25.jar:/home/user/.m2/repository/org/apache/hadoop/hadoop-hdds-server-scm/1.1.0-SNAPSHOT/hadoop-hdds-server-scm-1.1.0-SNAPSHOT.jar:/home/user/.m2/repository/org/apache/hadoop/hadoop-hdds-container-service/1.1.0-SNAPSHOT/hadoop-hdds-container-service-1.1.0-SNAPSHOT.jar:/home/user/.m2/repository/org/apache/hadoop/hadoop-hdds-hadoop-dependency-server/1.1.0-SNAPSHOT/hadoop-hdds-hadoop-dependency-server-1.1.0-SNAPSHOT.jar:/home/user/.m2/repository/org/apache/hadoop/hadoop-hdds-server-framework/1.1.0-SNAPSHOT/hadoop-hdds-server-framework-1.1.0-SNAPSHOT.jar:/home/user/.m2/repository/org/apache/hadoop/hadoop-hdds-interface-server/1.1.0-SNAPSHOT/hadoop-hdds-interface-server-1.1.0-SNAPSHOT.jar:/home/user/.m2/repository/org/apache/hadoop/hadoop-hdds-interface-admin/1.1.0-SNAPSHOT/hadoop-hdds-interface-admin-1.1.0-SNAPSHOT.jar:/home/user/.m2/repository/org/rocksdb/rocksdbjni/6.8.1/rocksdbjni-6.8.1.jar:/home/user/.m2/repository/io/prometheus/simpleclient_dropwizard/0.7.0/simpleclient_dropwizard-0.7.0.jar:/home/user/.m2/repository/io/prometheus/simpleclient/0.7.0/simpleclient-0.7.0.jar:/home/user/.m2/repository/io/prometheus/simpleclient_common/0.7.0/simpleclient_common-0.7.0.jar:/home/user/.m2/repository/com/fasterxml/jackson/datatype/jackson-datatype-jsr310/2.10.3/jackson-datatype-jsr310-2.10.3.jar:/home/user/.m2/repository/io/dropwizard/metrics/metrics-core/3.2.4/metrics-core-3.2.4.jar:/home/user/.m2/repository/org/apache/hadoop/hadoop-hdfs-client/3.2.1/hadoop-hdfs-client-3.2.1.jar:/home/user/.m2/repository/org/bouncycastle/bcprov-jdk15on/1.60/bcprov-jdk15on-1.60.jar:/home/user/.m2/repository/org/apache/hadoop/hadoop-ozone-ozone-manager/1.1.0-SNAPSHOT/hadoop-ozone-ozone-manager-1.1.0-SNAPSHOT.jar:/home/user/.m2/repository/org/apache/hadoop/hadoop-hdds-interface-client/1.1.0-SNAPSHOT/hadoop-hdds-interface-client-1.1.0-SNAPSHOT.jar:/home/user/.m2/repository/org/apache/ratis/ratis-thirdparty-misc/0.6.0-SNAPSHOT/ratis-thirdparty-misc-0.6.0-SNAPSHOT.jar:/home/user/.m2/repository/org/apache/hadoop/hadoop-ozone-interface-storage/1.1.0-SNAPSHOT/hadoop-ozone-interface-storage-1.1.0-SNAPSHOT.jar:/home/user/.m2/repository/org/apache/hadoop/hadoop-minikdc/3.2.1/hadoop-minikdc-3.2.1.jar:/home/user/.m2/repository/org/apache/kerby/kerb-simplekdc/1.0.1/kerb-simplekdc-1.0.1.jar:/home/user/.m2/repository/org/apache/kerby/kerb-client/1.0.1/kerb-client-1.0.1.jar:/home/user/.m2/repository/org/apache/kerby/kerby-config/1.0.1/kerby-config-1.0.1.jar:/home/user/.m2/repository/org/apache/kerby/kerb-core/1.0.1/kerb-core-1.0.1.jar:/home/user/.m2/repository/org/apache/kerby/kerby-pkix/1.0.1/kerby-pkix-1.0.1.jar:/home/user/.m2/repository/org/apache/kerby/kerby-asn1/1.0.1/kerby-asn1-1.0.1.jar:/home/user/.m2/repository/org/apache/kerby/kerby-util/1.0.1/kerby-util-1.0.1.jar:/home/user/.m2/repository/org/apache/kerby/kerb-common/1.0.1/kerb-common-1.0.1.jar:/home/user/.m2/repository/org/apache/kerby/kerb-crypto/1.0.1/kerb-crypto-1.0.1.jar:/home/user/.m2/repository/org/apache/kerby/kerb-util/1.0.1/kerb-util-1.0.1.jar:/home/user/.m2/repository/org/apache/kerby/token-provider/1.0.1/token-provider-1.0.1.jar:/home/user/.m2/repository/org/apache/kerby/kerb-admin/1.0.1/kerb-admin-1.0.1.jar:/home/user/.m2/repository/org/apache/kerby/kerb-server/1.0.1/kerb-server-1.0.1.jar:/home/user/.m2/repository/org/apache/kerby/kerb-identity/1.0.1/kerb-identity-1.0.1.jar:/home/user/.m2/repository/org/apache/kerby/kerby-xdr/1.0.1/kerby-xdr-1.0.1.jar:/home/user/.m2/repository/org/slf4j/slf4j-log4j12/1.7.25/slf4j-log4j12-1.7.25.jar:/home/user/.m2/repository/org/apache/hadoop/hadoop-ozone-s3gateway/1.1.0-SNAPSHOT/hadoop-ozone-s3gateway-1.1.0-SNAPSHOT.jar:/home/user/.m2/repository/org/jboss/weld/servlet/weld-servlet/2.4.7.Final/weld-servlet-2.4.7.Final.jar:/home/user/.m2/repository/org/glassfish/jersey/containers/jersey-container-servlet-core/2.27/jersey-container-servlet-core-2.27.jar:/home/user/.m2/repository/org/glassfish/hk2/external/javax.inject/2.5.0-b42/javax.inject-2.5.0-b42.jar:/home/user/.m2/repository/org/glassfish/jersey/core/jersey-common/2.27/jersey-common-2.27.jar:/home/user/.m2/repository/org/glassfish/hk2/osgi-resource-locator/1.0.1/osgi-resource-locator-1.0.1.jar:/home/user/.m2/repository/javax/ws/rs/javax.ws.rs-api/2.1/javax.ws.rs-api-2.1.jar:/home/user/.m2/repository/org/glassfish/jersey/ext/cdi/jersey-cdi1x/2.27/jersey-cdi1x-2.27.jar:/home/user/.m2/repository/org/glassfish/jersey/inject/jersey-hk2/2.27/jersey-hk2-2.27.jar:/home/user/.m2/repository/org/glassfish/hk2/hk2-locator/2.5.0-b42/hk2-locator-2.5.0-b42.jar:/home/user/.m2/repository/org/javassist/javassist/3.22.0-CR2/javassist-3.22.0-CR2.jar:/home/user/.m2/repository/org/glassfish/hk2/hk2-api/2.5.0/hk2-api-2.5.0.jar:/home/user/.m2/repository/org/glassfish/hk2/external/jakarta.inject/2.5.0/jakarta.inject-2.5.0.jar:/home/user/.m2/repository/org/glassfish/hk2/hk2-utils/2.5.0/hk2-utils-2.5.0.jar:/home/user/.m2/repository/jakarta/annotation/jakarta.annotation-api/1.3.4/jakarta.annotation-api-1.3.4.jar:/home/user/.m2/repository/org/glassfish/hk2/external/aopalliance-repackaged/2.5.0/aopalliance-repackaged-2.5.0.jar:/home/user/.m2/repository/com/fasterxml/jackson/dataformat/jackson-dataformat-xml/2.10.3/jackson-dataformat-xml-2.10.3.jar:/home/user/.m2/repository/com/fasterxml/jackson/core/jackson-core/2.10.3/jackson-core-2.10.3.jar:/home/user/.m2/repository/com/fasterxml/jackson/module/jackson-module-jaxb-annotations/2.10.3/jackson-module-jaxb-annotations-2.10.3.jar:/home/user/.m2/repository/jakarta/xml/bind/jakarta.xml.bind-api/2.3.2/jakarta.xml.bind-api-2.3.2.jar:/home/user/.m2/repository/jakarta/activation/jakarta.activation-api/1.2.1/jakarta.activation-api-1.2.1.jar:/home/user/.m2/repository/org/codehaus/woodstox/stax2-api/3.1.4/stax2-api-3.1.4.jar:/home/user/.m2/repository/com/fasterxml/woodstox/woodstox-core/5.0.3/woodstox-core-5.0.3.jar:/home/user/.m2/repository/javax/enterprise/cdi-api/1.2/cdi-api-1.2.jar:/home/user/.m2/repository/javax/el/javax.el-api/3.0.0/javax.el-api-3.0.0.jar:/home/user/.m2/repository/javax/interceptor/javax.interceptor-api/1.2/javax.interceptor-api-1.2.jar:/home/user/.m2/repository/javax/inject/javax.inject/1/javax.inject-1.jar:/home/user/.m2/repository/com/sun/xml/bind/jaxb-impl/2.3.0.1/jaxb-impl-2.3.0.1.jar:/home/user/.m2/repository/com/sun/xml/bind/jaxb-core/2.3.0.1/jaxb-core-2.3.0.1.jar:/home/user/.m2/repository/javax/xml/bind/jaxb-api/2.3.0/jaxb-api-2.3.0.jar:/home/user/.m2/repository/javax/activation/activation/1.1.1/activation-1.1.1.jar:/home/user/.m2/repository/org/apache/hadoop/hadoop-ozone-csi/1.1.0-SNAPSHOT/hadoop-ozone-csi-1.1.0-SNAPSHOT.jar:/home/user/.m2/repository/com/google/protobuf/protobuf-java-util/3.11.0/protobuf-java-util-3.11.0.jar:/home/user/.m2/repository/com/google/code/gson/gson/2.2.4/gson-2.2.4.jar:/home/user/.m2/repository/org/apache/hadoop/hadoop-hdds-config/1.1.0-SNAPSHOT/hadoop-hdds-config-1.1.0-SNAPSHOT.jar:/home/user/.m2/repository/com/google/protobuf/protobuf-java/2.5.0/protobuf-java-2.5.0.jar:/home/user/.m2/repository/io/grpc/grpc-netty/1.29.0/grpc-netty-1.29.0.jar:/home/user/.m2/repository/io/grpc/grpc-core/1.29.0/grpc-core-1.29.0.jar:/home/user/.m2/repository/com/google/android/annotations/4.1.1.4/annotations-4.1.1.4.jar:/home/user/.m2/repository/io/perfmark/perfmark-api/0.19.0/perfmark-api-0.19.0.jar:/home/user/.m2/repository/io/netty/netty-codec-http2/4.1.48.Final/netty-codec-http2-4.1.48.Final.jar:/home/user/.m2/repository/io/netty/netty-codec/4.1.48.Final/netty-codec-4.1.48.Final.jar:/home/user/.m2/repository/io/netty/netty-handler/4.1.48.Final/netty-handler-4.1.48.Final.jar:/home/user/.m2/repository/io/netty/netty-codec-http/4.1.48.Final/netty-codec-http-4.1.48.Final.jar:/home/user/.m2/repository/io/netty/netty-handler-proxy/4.1.48.Final/netty-handler-proxy-4.1.48.Final.jar:/home/user/.m2/repository/io/netty/netty-codec-socks/4.1.48.Final/netty-codec-socks-4.1.48.Final.jar:/home/user/.m2/repository/io/netty/netty-transport-native-epoll/4.1.48.Final/netty-transport-native-epoll-4.1.48.Final.jar:/home/user/.m2/repository/io/netty/netty-common/4.1.48.Final/netty-common-4.1.48.Final.jar:/home/user/.m2/repository/io/netty/netty-buffer/4.1.48.Final/netty-buffer-4.1.48.Final.jar:/home/user/.m2/repository/io/netty/netty-transport/4.1.48.Final/netty-transport-4.1.48.Final.jar:/home/user/.m2/repository/io/netty/netty-resolver/4.1.48.Final/netty-resolver-4.1.48.Final.jar:/home/user/.m2/repository/io/netty/netty-transport-native-unix-common/4.1.48.Final/netty-transport-native-unix-common-4.1.48.Final.jar:/home/user/.m2/repository/io/grpc/grpc-protobuf/1.29.0/grpc-protobuf-1.29.0.jar:/home/user/.m2/repository/io/grpc/grpc-api/1.29.0/grpc-api-1.29.0.jar:/home/user/.m2/repository/io/grpc/grpc-context/1.29.0/grpc-context-1.29.0.jar:/home/user/.m2/repository/org/codehaus/mojo/animal-sniffer-annotations/1.18/animal-sniffer-annotations-1.18.jar:/home/user/.m2/repository/com/google/api/grpc/proto-google-common-protos/1.17.0/proto-google-common-protos-1.17.0.jar:/home/user/.m2/repository/io/grpc/grpc-protobuf-lite/1.29.0/grpc-protobuf-lite-1.29.0.jar:/home/user/.m2/repository/io/grpc/grpc-stub/1.29.0/grpc-stub-1.29.0.jar:/home/user/.m2/repository/org/apache/hadoop/hadoop-ozone-recon/1.1.0-SNAPSHOT/hadoop-ozone-recon-1.1.0-SNAPSHOT.jar:/home/user/.m2/repository/org/apache/hadoop/hadoop-ozone-reconcodegen/1.1.0-SNAPSHOT/hadoop-ozone-reconcodegen-1.1.0-SNAPSHOT.jar:/home/user/.m2/repository/com/google/inject/extensions/guice-multibindings/4.0/guice-multibindings-4.0.jar:/home/user/.m2/repository/com/google/inject/guice/4.0/guice-4.0.jar:/home/user/.m2/repository/aopalliance/aopalliance/1.0/aopalliance-1.0.jar:/home/user/.m2/repository/com/google/inject/extensions/guice-assistedinject/4.0/guice-assistedinject-4.0.jar:/home/user/.m2/repository/com/google/inject/extensions/guice-servlet/4.0/guice-servlet-4.0.jar:/home/user/.m2/repository/org/glassfish/jersey/containers/jersey-container-servlet/2.27/jersey-container-servlet-2.27.jar:/home/user/.m2/repository/org/glassfish/hk2/guice-bridge/2.5.0/guice-bridge-2.5.0.jar:/home/user/.m2/repository/org/glassfish/jersey/core/jersey-server/2.27/jersey-server-2.27.jar:/home/user/.m2/repository/org/glassfish/jersey/core/jersey-client/2.27/jersey-client-2.27.jar:/home/user/.m2/repository/org/glassfish/jersey/media/jersey-media-jaxb/2.27/jersey-media-jaxb-2.27.jar:/home/user/.m2/repository/javax/validation/validation-api/1.1.0.Final/validation-api-1.1.0.Final.jar:/home/user/.m2/repository/org/glassfish/jersey/media/jersey-media-json-jackson/2.27/jersey-media-json-jackson-2.27.jar:/home/user/.m2/repository/org/glassfish/jersey/ext/jersey-entity-filtering/2.27/jersey-entity-filtering-2.27.jar:/home/user/.m2/repository/org/jooq/jooq/3.11.10/jooq-3.11.10.jar:/home/user/.m2/repository/org/jooq/jooq-meta/3.11.10/jooq-meta-3.11.10.jar:/home/user/.m2/repository/org/jooq/jooq-codegen/3.11.10/jooq-codegen-3.11.10.jar:/home/user/.m2/repository/com/jolbox/bonecp/0.8.0.RELEASE/bonecp-0.8.0.RELEASE.jar:/home/user/.m2/repository/org/apache/derby/derby/10.14.2.0/derby-10.14.2.0.jar:/home/user/.m2/repository/org/xerial/sqlite-jdbc/3.25.2/sqlite-jdbc-3.25.2.jar:/home/user/.m2/repository/org/springframework/spring-jdbc/5.2.5.RELEASE/spring-jdbc-5.2.5.RELEASE.jar:/home/user/.m2/repository/org/springframework/spring-beans/5.2.5.RELEASE/spring-beans-5.2.5.RELEASE.jar:/home/user/.m2/repository/org/springframework/spring-core/5.2.5.RELEASE/spring-core-5.2.5.RELEASE.jar:/home/user/.m2/repository/org/springframework/spring-jcl/5.2.5.RELEASE/spring-jcl-5.2.5.RELEASE.jar:/home/user/.m2/repository/org/springframework/spring-tx/5.2.5.RELEASE/spring-tx-5.2.5.RELEASE.jar:/home/user/.m2/repository/org/apache/hadoop/hadoop-ozone-client/1.1.0-SNAPSHOT/hadoop-ozone-client-1.1.0-SNAPSHOT.jar:/home/user/.m2/repository/org/apache/hadoop/hadoop-ozone-filesystem/1.1.0-SNAPSHOT/hadoop-ozone-filesystem-1.1.0-SNAPSHOT.jar:/home/user/.m2/repository/org/apache/hadoop/hadoop-ozone-filesystem-common/1.1.0-SNAPSHOT/hadoop-ozone-filesystem-common-1.1.0-SNAPSHOT.jar:/home/user/.m2/repository/org/apache/hadoop/hadoop-ozone-tools/1.1.0-SNAPSHOT/hadoop-ozone-tools-1.1.0-SNAPSHOT.jar:/home/user/.m2/repository/org/apache/hadoop/hadoop-hdfs/3.2.1/hadoop-hdfs-3.2.1.jar:/home/user/.m2/repository/org/apache/ratis/ratis-tools/1.1.0-11689cd-SNAPSHOT/ratis-tools-1.1.0-11689cd-SNAPSHOT.jar:/home/user/.m2/repository/org/apache/ratis/ratis-proto/1.1.0-11689cd-SNAPSHOT/ratis-proto-1.1.0-11689cd-SNAPSHOT.jar:/home/user/.m2/repository/org/apache/ratis/ratis-common/1.1.0-11689cd-SNAPSHOT/ratis-common-1.1.0-11689cd-SNAPSHOT.jar:/home/user/.m2/repository/com/amazonaws/aws-java-sdk-core/1.11.615/aws-java-sdk-core-1.11.615.jar:/home/user/.m2/repository/org/apache/httpcomponents/httpclient/4.5.2/httpclient-4.5.2.jar:/home/user/.m2/repository/org/apache/httpcomponents/httpcore/4.4.4/httpcore-4.4.4.jar:/home/user/.m2/repository/software/amazon/ion/ion-java/1.0.2/ion-java-1.0.2.jar:/home/user/.m2/repository/com/fasterxml/jackson/dataformat/jackson-dataformat-cbor/2.10.3/jackson-dataformat-cbor-2.10.3.jar:/home/user/.m2/repository/joda-time/joda-time/2.8.1/joda-time-2.8.1.jar:/home/user/.m2/repository/com/amazonaws/aws-java-sdk-s3/1.11.615/aws-java-sdk-s3-1.11.615.jar:/home/user/.m2/repository/com/amazonaws/aws-java-sdk-kms/1.11.615/aws-java-sdk-kms-1.11.615.jar:/home/user/.m2/repository/com/amazonaws/jmespath-java/1.11.615/jmespath-java-1.11.615.jar:/home/user/.m2/repository/org/kohsuke/metainf-services/metainf-services/1.8/metainf-services-1.8.jar:/home/user/.m2/repository/org/apache/hadoop/hadoop-hdds-tools/1.1.0-SNAPSHOT/hadoop-hdds-tools-1.1.0-SNAPSHOT.jar:/home/user/.m2/repository/commons-cli/commons-cli/1.2/commons-cli-1.2.jar:/home/user/.m2/repository/org/apache/commons/commons-lang3/3.7/commons-lang3-3.7.jar:/home/user/.m2/repository/org/apache/hadoop/hadoop-ozone-ozone-manager/1.1.0-SNAPSHOT/hadoop-ozone-ozone-manager-1.1.0-SNAPSHOT-tests.jar:/home/user/.m2/repository/junit/junit/4.11/junit-4.11.jar:/home/user/.m2/repository/org/hamcrest/hamcrest-core/1.3/hamcrest-core-1.3.jar:/home/user/.m2/repository/org/openjdk/jmh/jmh-core/1.19/jmh-core-1.19.jar:/home/user/.m2/repository/net/sf/jopt-simple/jopt-simple/4.6/jopt-simple-4.6.jar:/home/user/.m2/repository/org/apache/commons/commons-math3/3.1.1/commons-math3-3.1.1.jar:/home/user/.m2/repository/org/openjdk/jmh/jmh-generator-annprocess/1.19/jmh-generator-annprocess-1.19.jar:/home/user/.m2/repository/org/mockito/mockito-all/1.8.5/mockito-all-1.8.5.jar:/home/user/.m2/repository/org/apache/hadoop/hadoop-kms/3.2.1/hadoop-kms-3.2.1.jar:/home/user/.m2/repository/org/apache/hadoop/hadoop-auth/3.2.1/hadoop-auth-3.2.1.jar:/home/user/.m2/repository/com/nimbusds/nimbus-jose-jwt/7.9/nimbus-jose-jwt-7.9.jar:/home/user/.m2/repository/com/github/stephenc/jcip/jcip-annotations/1.0-1/jcip-annotations-1.0-1.jar:/home/user/.m2/repository/net/minidev/json-smart/2.3/json-smart-2.3.jar:/home/user/.m2/repository/net/minidev/accessors-smart/1.2/accessors-smart-1.2.jar:/home/user/.m2/repository/org/ow2/asm/asm/5.0.4/asm-5.0.4.jar:/home/user/.m2/repository/org/apache/zookeeper/zookeeper/3.4.13/zookeeper-3.4.13.jar:/home/user/.m2/repository/org/apache/yetus/audience-annotations/0.5.0/audience-annotations-0.5.0.jar:/home/user/.m2/repository/org/apache/curator/curator-framework/2.13.0/curator-framework-2.13.0.jar:/home/user/.m2/repository/com/sun/jersey/jersey-core/1.19/jersey-core-1.19.jar:/home/user/.m2/repository/javax/ws/rs/jsr311-api/1.1.1/jsr311-api-1.1.1.jar:/home/user/.m2/repository/com/sun/jersey/jersey-server/1.19/jersey-server-1.19.jar:/home/user/.m2/repository/javax/servlet/javax.servlet-api/3.1.0/javax.servlet-api-3.1.0.jar:/home/user/.m2/repository/org/eclipse/jetty/jetty-server/9.4.26.v20200117/jetty-server-9.4.26.v20200117.jar:/home/user/.m2/repository/org/eclipse/jetty/jetty-http/9.4.26.v20200117/jetty-http-9.4.26.v20200117.jar:/home/user/.m2/repository/org/eclipse/jetty/jetty-io/9.4.26.v20200117/jetty-io-9.4.26.v20200117.jar:/home/user/.m2/repository/org/eclipse/jetty/jetty-webapp/9.4.26.v20200117/jetty-webapp-9.4.26.v20200117.jar:/home/user/.m2/repository/org/eclipse/jetty/jetty-xml/9.4.26.v20200117/jetty-xml-9.4.26.v20200117.jar:/home/user/.m2/repository/org/eclipse/jetty/jetty-servlet/9.4.26.v20200117/jetty-servlet-9.4.26.v20200117.jar:/home/user/.m2/repository/org/eclipse/jetty/jetty-security/9.4.26.v20200117/jetty-security-9.4.26.v20200117.jar:/home/user/.m2/repository/org/apache/hadoop/hadoop-common/3.2.1/hadoop-common-3.2.1.jar:/home/user/.m2/repository/commons-net/commons-net/3.6/commons-net-3.6.jar:/home/user/.m2/repository/commons-collections/commons-collections/3.2.2/commons-collections-3.2.2.jar:/home/user/.m2/repository/com/sun/jersey/jersey-servlet/1.19/jersey-servlet-1.19.jar:/home/user/.m2/repository/com/sun/jersey/jersey-json/1.19/jersey-json-1.19.jar:/home/user/.m2/repository/org/codehaus/jettison/jettison/1.1/jettison-1.1.jar:/home/user/.m2/repository/org/codehaus/jackson/jackson-jaxrs/1.9.2/jackson-jaxrs-1.9.2.jar:/home/user/.m2/repository/org/codehaus/jackson/jackson-xc/1.9.2/jackson-xc-1.9.2.jar:/home/user/.m2/repository/commons-beanutils/commons-beanutils/1.9.4/commons-beanutils-1.9.4.jar:/home/user/.m2/repository/org/apache/commons/commons-configuration2/2.1.1/commons-configuration2-2.1.1.jar:/home/user/.m2/repository/org/apache/commons/commons-text/1.4/commons-text-1.4.jar:/home/user/.m2/repository/com/google/re2j/re2j/1.1/re2j-1.1.jar:/home/user/.m2/repository/com/jcraft/jsch/0.1.54/jsch-0.1.54.jar:/home/user/.m2/repository/org/apache/curator/curator-client/2.13.0/curator-client-2.13.0.jar:/home/user/.m2/repository/org/apache/curator/curator-recipes/2.13.0/curator-recipes-2.13.0.jar:/home/user/.m2/repository/dnsjava/dnsjava/2.1.7/dnsjava-2.1.7.jar:/home/user/.m2/repository/org/slf4j/jul-to-slf4j/1.7.25/jul-to-slf4j-1.7.25.jar:/home/user/.m2/repository/org/eclipse/jetty/jetty-util/9.4.26.v20200117/jetty-util-9.4.26.v20200117.jar:/home/user/.m2/repository/com/fasterxml/jackson/core/jackson-databind/2.10.3/jackson-databind-2.10.3.jar:/home/user/.m2/repository/org/apache/hadoop/hadoop-kms/3.2.1/hadoop-kms-3.2.1-tests.jar:/home/user/.m2/repository/org/apache/hadoop/hadoop-hdds-server-scm/1.1.0-SNAPSHOT/hadoop-hdds-server-scm-1.1.0-SNAPSHOT-tests.jar:/home/user/.m2/repository/org/apache/hadoop/hadoop-hdds-container-service/1.1.0-SNAPSHOT/hadoop-hdds-container-service-1.1.0-SNAPSHOT-tests.jar:/home/user/.m2/repository/org/apache/hadoop/hadoop-hdds-common/1.1.0-SNAPSHOT/hadoop-hdds-common-1.1.0-SNAPSHOT-tests.jar:/home/user/.m2/repository/org/yaml/snakeyaml/1.16/snakeyaml-1.16.jar:/home/user/.m2/repository/org/apache/hadoop/hadoop-hdds-hadoop-dependency-test/1.1.0-SNAPSHOT/hadoop-hdds-hadoop-dependency-test-1.1.0-SNAPSHOT.jar:/home/user/.m2/repository/org/apache/hadoop/hadoop-common/3.2.1/hadoop-common-3.2.1-tests.jar:/home/user/.m2/repository/javax/servlet/jsp/jsp-api/2.1/jsp-api-2.1.jar:/home/user/.m2/repository/org/apache/hadoop/hadoop-hdfs/3.2.1/hadoop-hdfs-3.2.1-tests.jar:/home/user/.m2/repository/org/eclipse/jetty/jetty-util-ajax/9.4.26.v20200117/jetty-util-ajax-9.4.26.v20200117.jar:/home/user/.m2/repository/commons-codec/commons-codec/1.11/commons-codec-1.11.jar:/home/user/.m2/repository/commons-daemon/commons-daemon/1.0.13/commons-daemon-1.0.13.jar:/home/user/.m2/repository/io/netty/netty/3.10.5.Final/netty-3.10.5.Final.jar:/home/user/.m2/repository/io/netty/netty-all/4.1.48.Final/netty-all-4.1.48.Final.jar:/home/user/.m2/repository/org/apache/htrace/htrace-core4/4.1.0-incubating/htrace-core4-4.1.0-incubating.jar:/home/user/.m2/repository/org/fusesource/leveldbjni/leveldbjni-all/1.8/leveldbjni-all-1.8.jar:/home/user/.m2/repository/org/apache/hadoop/hadoop-distcp/3.2.1/hadoop-distcp-3.2.1.jar:/home/user/.m2/repository/org/apache/hadoop/hadoop-mapreduce-client-jobclient/3.2.1/hadoop-mapreduce-client-jobclient-3.2.1.jar:/home/user/.m2/repository/org/apache/hadoop/hadoop-mapreduce-client-common/3.2.1/hadoop-mapreduce-client-common-3.2.1.jar:/home/user/.m2/repository/org/apache/hadoop/hadoop-yarn-common/3.2.1/hadoop-yarn-common-3.2.1.jar:/home/user/.m2/repository/org/apache/hadoop/hadoop-yarn-api/3.2.1/hadoop-yarn-api-3.2.1.jar:/home/user/.m2/repository/com/sun/jersey/jersey-client/1.19/jersey-client-1.19.jar:/home/user/.m2/repository/com/sun/jersey/contribs/jersey-guice/1.19/jersey-guice-1.19.jar:/home/user/.m2/repository/com/fasterxml/jackson/jaxrs/jackson-jaxrs-json-provider/2.10.3/jackson-jaxrs-json-provider-2.10.3.jar:/home/user/.m2/repository/com/fasterxml/jackson/jaxrs/jackson-jaxrs-base/2.10.3/jackson-jaxrs-base-2.10.3.jar:/home/user/.m2/repository/org/apache/hadoop/hadoop-yarn-client/3.2.1/hadoop-yarn-client-3.2.1.jar:/home/user/.m2/repository/org/apache/hadoop/hadoop-mapreduce-client-core/3.2.1/hadoop-mapreduce-client-core-3.2.1.jar:/home/user/.m2/repository/org/apache/avro/avro/1.7.7/avro-1.7.7.jar:/home/user/.m2/repository/org/codehaus/jackson/jackson-core-asl/1.9.13/jackson-core-asl-1.9.13.jar:/home/user/.m2/repository/org/codehaus/jackson/jackson-mapper-asl/1.9.13/jackson-mapper-asl-1.9.13.jar:/home/user/.m2/repository/com/thoughtworks/paranamer/paranamer/2.3/paranamer-2.3.jar:/home/user/.m2/repository/org/xerial/snappy/snappy-java/1.0.5/snappy-java-1.0.5.jar:/home/user/.m2/repository/org/apache/hadoop/hadoop-annotations/3.2.1/hadoop-annotations-3.2.1.jar:/usr/lib/jvm/java-1.8.0-openjdk-1.8.0.232.b09-0.el7_7.x86_64/jre/../lib/tools.jar:/home/user/.m2/repository/org/apache/hadoop/hadoop-distcp/3.2.1/hadoop-distcp-3.2.1-tests.jar:"/>
    <property name="java.vm.vendor" value="Oracle Corporation"/>
    <property name="sun.arch.data.model" value="64"/>
    <property name="test.build.dir" value="/github/workspace/mnt/ozone/hadoop-ozone/integration-test/target/test-dir"/>
    <property name="test.cache.data" value=""/>
    <property name="java.vendor.url" value="http://java.oracle.com/"/>
    <property name="user.timezone" value=""/>
    <property name="java.vm.specification.version" value="1.8"/>
    <property name="os.name" value="Linux"/>
    <property name="test.build.data" value="/github/workspace/mnt/ozone/hadoop-ozone/integration-test/target/test-dir"/>
    <property name="user.country" value="US"/>
    <property name="sun.java.launcher" value="SUN_STANDARD"/>
    <property name="sun.boot.library.path" value="/usr/lib/jvm/java-1.8.0-openjdk-1.8.0.232.b09-0.el7_7.x86_64/jre/lib/amd64"/>
    <property name="sun.java.command" value="/github/workspace/mnt/ozone/hadoop-ozone/integration-test/target/surefire/surefirebooter4136295175572342011.jar /github/workspace/mnt/ozone/hadoop-ozone/integration-test/target/surefire 2020-10-18T12-50-03_136-jvmRun1 surefire422093107790109256tmp surefire_586873750645562066584tmp"/>
    <property name="surefire.test.class.path" value="/github/workspace/mnt/ozone/hadoop-ozone/integration-test/target/test-classes:/github/workspace/mnt/ozone/hadoop-ozone/integration-test/target/classes:/home/user/.m2/repository/org/apache/hadoop/hadoop-ozone-common/1.1.0-SNAPSHOT/hadoop-ozone-common-1.1.0-SNAPSHOT.jar:/home/user/.m2/repository/org/apache/commons/commons-compress/1.4.1/commons-compress-1.4.1.jar:/home/user/.m2/repository/org/tukaani/xz/1.0/xz-1.0.jar:/home/user/.m2/repository/org/apache/hadoop/hadoop-hdds-common/1.1.0-SNAPSHOT/hadoop-hdds-common-1.1.0-SNAPSHOT.jar:/home/user/.m2/repository/org/apache/hadoop/hadoop-hdds-hadoop-dependency-client/1.1.0-SNAPSHOT/hadoop-hdds-hadoop-dependency-client-1.1.0-SNAPSHOT.jar:/home/user/.m2/repository/info/picocli/picocli/4.4.0/picocli-4.4.0.jar:/home/user/.m2/repository/com/fasterxml/jackson/core/jackson-annotations/2.10.3/jackson-annotations-2.10.3.jar:/home/user/.m2/repository/javax/annotation/javax.annotation-api/1.2/javax.annotation-api-1.2.jar:/home/user/.m2/repository/org/apache/ratis/ratis-server/1.1.0-11689cd-SNAPSHOT/ratis-server-1.1.0-11689cd-SNAPSHOT.jar:/home/user/.m2/repository/org/apache/ratis/ratis-client/1.1.0-11689cd-SNAPSHOT/ratis-client-1.1.0-11689cd-SNAPSHOT.jar:/home/user/.m2/repository/org/apache/ratis/ratis-metrics/1.1.0-11689cd-SNAPSHOT/ratis-metrics-1.1.0-11689cd-SNAPSHOT.jar:/home/user/.m2/repository/org/apache/ratis/ratis-netty/1.1.0-11689cd-SNAPSHOT/ratis-netty-1.1.0-11689cd-SNAPSHOT.jar:/home/user/.m2/repository/org/apache/ratis/ratis-grpc/1.1.0-11689cd-SNAPSHOT/ratis-grpc-1.1.0-11689cd-SNAPSHOT.jar:/home/user/.m2/repository/org/apache/logging/log4j/log4j-api/2.13.3/log4j-api-2.13.3.jar:/home/user/.m2/repository/org/apache/logging/log4j/log4j-core/2.13.3/log4j-core-2.13.3.jar:/home/user/.m2/repository/com/lmax/disruptor/3.4.2/disruptor-3.4.2.jar:/home/user/.m2/repository/org/apache/commons/commons-pool2/2.6.0/commons-pool2-2.6.0.jar:/home/user/.m2/repository/org/bouncycastle/bcpkix-jdk15on/1.60/bcpkix-jdk15on-1.60.jar:/home/user/.m2/repository/commons-validator/commons-validator/1.6/commons-validator-1.6.jar:/home/user/.m2/repository/commons-digester/commons-digester/1.8.1/commons-digester-1.8.1.jar:/home/user/.m2/repository/io/jaegertracing/jaeger-client/1.2.0/jaeger-client-1.2.0.jar:/home/user/.m2/repository/io/jaegertracing/jaeger-thrift/1.2.0/jaeger-thrift-1.2.0.jar:/home/user/.m2/repository/org/apache/thrift/libthrift/0.13.0/libthrift-0.13.0.jar:/home/user/.m2/repository/com/squareup/okhttp3/okhttp/4.2.2/okhttp-4.2.2.jar:/home/user/.m2/repository/com/squareup/okio/okio/2.2.2/okio-2.2.2.jar:/home/user/.m2/repository/org/jetbrains/kotlin/kotlin-stdlib/1.3.50/kotlin-stdlib-1.3.50.jar:/home/user/.m2/repository/org/jetbrains/kotlin/kotlin-stdlib-common/1.3.50/kotlin-stdlib-common-1.3.50.jar:/home/user/.m2/repository/org/jetbrains/annotations/13.0/annotations-13.0.jar:/home/user/.m2/repository/io/jaegertracing/jaeger-core/1.2.0/jaeger-core-1.2.0.jar:/home/user/.m2/repository/io/jaegertracing/jaeger-tracerresolver/1.2.0/jaeger-tracerresolver-1.2.0.jar:/home/user/.m2/repository/io/opentracing/contrib/opentracing-tracerresolver/0.1.8/opentracing-tracerresolver-0.1.8.jar:/home/user/.m2/repository/io/opentracing/opentracing-util/0.33.0/opentracing-util-0.33.0.jar:/home/user/.m2/repository/io/opentracing/opentracing-api/0.33.0/opentracing-api-0.33.0.jar:/home/user/.m2/repository/io/opentracing/opentracing-noop/0.33.0/opentracing-noop-0.33.0.jar:/home/user/.m2/repository/org/apache/hadoop/hadoop-hdds-client/1.1.0-SNAPSHOT/hadoop-hdds-client-1.1.0-SNAPSHOT.jar:/home/user/.m2/repository/org/apache/hadoop/hadoop-ozone-interface-client/1.1.0-SNAPSHOT/hadoop-ozone-interface-client-1.1.0-SNAPSHOT.jar:/home/user/.m2/repository/org/apache/hadoop/hadoop-hdds-test-utils/1.1.0-SNAPSHOT/hadoop-hdds-test-utils-1.1.0-SNAPSHOT.jar:/home/user/.m2/repository/com/google/guava/guava/28.2-jre/guava-28.2-jre.jar:/home/user/.m2/repository/com/google/guava/failureaccess/1.0.1/failureaccess-1.0.1.jar:/home/user/.m2/repository/com/google/guava/listenablefuture/9999.0-empty-to-avoid-conflict-with-guava/listenablefuture-9999.0-empty-to-avoid-conflict-with-guava.jar:/home/user/.m2/repository/com/google/code/findbugs/jsr305/3.0.0/jsr305-3.0.0.jar:/home/user/.m2/repository/org/checkerframework/checker-qual/2.10.0/checker-qual-2.10.0.jar:/home/user/.m2/repository/com/google/errorprone/error_prone_annotations/2.2.0/error_prone_annotations-2.2.0.jar:/home/user/.m2/repository/com/google/j2objc/j2objc-annotations/1.3/j2objc-annotations-1.3.jar:/home/user/.m2/repository/commons-io/commons-io/2.5/commons-io-2.5.jar:/home/user/.m2/repository/commons-logging/commons-logging/1.2/commons-logging-1.2.jar:/home/user/.m2/repository/log4j/log4j/1.2.17/log4j-1.2.17.jar:/home/user/.m2/repository/org/slf4j/slf4j-api/1.7.25/slf4j-api-1.7.25.jar:/home/user/.m2/repository/org/apache/hadoop/hadoop-hdds-server-scm/1.1.0-SNAPSHOT/hadoop-hdds-server-scm-1.1.0-SNAPSHOT.jar:/home/user/.m2/repository/org/apache/hadoop/hadoop-hdds-container-service/1.1.0-SNAPSHOT/hadoop-hdds-container-service-1.1.0-SNAPSHOT.jar:/home/user/.m2/repository/org/apache/hadoop/hadoop-hdds-hadoop-dependency-server/1.1.0-SNAPSHOT/hadoop-hdds-hadoop-dependency-server-1.1.0-SNAPSHOT.jar:/home/user/.m2/repository/org/apache/hadoop/hadoop-hdds-server-framework/1.1.0-SNAPSHOT/hadoop-hdds-server-framework-1.1.0-SNAPSHOT.jar:/home/user/.m2/repository/org/apache/hadoop/hadoop-hdds-interface-server/1.1.0-SNAPSHOT/hadoop-hdds-interface-server-1.1.0-SNAPSHOT.jar:/home/user/.m2/repository/org/apache/hadoop/hadoop-hdds-interface-admin/1.1.0-SNAPSHOT/hadoop-hdds-interface-admin-1.1.0-SNAPSHOT.jar:/home/user/.m2/repository/org/rocksdb/rocksdbjni/6.8.1/rocksdbjni-6.8.1.jar:/home/user/.m2/repository/io/prometheus/simpleclient_dropwizard/0.7.0/simpleclient_dropwizard-0.7.0.jar:/home/user/.m2/repository/io/prometheus/simpleclient/0.7.0/simpleclient-0.7.0.jar:/home/user/.m2/repository/io/prometheus/simpleclient_common/0.7.0/simpleclient_common-0.7.0.jar:/home/user/.m2/repository/com/fasterxml/jackson/datatype/jackson-datatype-jsr310/2.10.3/jackson-datatype-jsr310-2.10.3.jar:/home/user/.m2/repository/io/dropwizard/metrics/metrics-core/3.2.4/metrics-core-3.2.4.jar:/home/user/.m2/repository/org/apache/hadoop/hadoop-hdfs-client/3.2.1/hadoop-hdfs-client-3.2.1.jar:/home/user/.m2/repository/org/bouncycastle/bcprov-jdk15on/1.60/bcprov-jdk15on-1.60.jar:/home/user/.m2/repository/org/apache/hadoop/hadoop-ozone-ozone-manager/1.1.0-SNAPSHOT/hadoop-ozone-ozone-manager-1.1.0-SNAPSHOT.jar:/home/user/.m2/repository/org/apache/hadoop/hadoop-hdds-interface-client/1.1.0-SNAPSHOT/hadoop-hdds-interface-client-1.1.0-SNAPSHOT.jar:/home/user/.m2/repository/org/apache/ratis/ratis-thirdparty-misc/0.6.0-SNAPSHOT/ratis-thirdparty-misc-0.6.0-SNAPSHOT.jar:/home/user/.m2/repository/org/apache/hadoop/hadoop-ozone-interface-storage/1.1.0-SNAPSHOT/hadoop-ozone-interface-storage-1.1.0-SNAPSHOT.jar:/home/user/.m2/repository/org/apache/hadoop/hadoop-minikdc/3.2.1/hadoop-minikdc-3.2.1.jar:/home/user/.m2/repository/org/apache/kerby/kerb-simplekdc/1.0.1/kerb-simplekdc-1.0.1.jar:/home/user/.m2/repository/org/apache/kerby/kerb-client/1.0.1/kerb-client-1.0.1.jar:/home/user/.m2/repository/org/apache/kerby/kerby-config/1.0.1/kerby-config-1.0.1.jar:/home/user/.m2/repository/org/apache/kerby/kerb-core/1.0.1/kerb-core-1.0.1.jar:/home/user/.m2/repository/org/apache/kerby/kerby-pkix/1.0.1/kerby-pkix-1.0.1.jar:/home/user/.m2/repository/org/apache/kerby/kerby-asn1/1.0.1/kerby-asn1-1.0.1.jar:/home/user/.m2/repository/org/apache/kerby/kerby-util/1.0.1/kerby-util-1.0.1.jar:/home/user/.m2/repository/org/apache/kerby/kerb-common/1.0.1/kerb-common-1.0.1.jar:/home/user/.m2/repository/org/apache/kerby/kerb-crypto/1.0.1/kerb-crypto-1.0.1.jar:/home/user/.m2/repository/org/apache/kerby/kerb-util/1.0.1/kerb-util-1.0.1.jar:/home/user/.m2/repository/org/apache/kerby/token-provider/1.0.1/token-provider-1.0.1.jar:/home/user/.m2/repository/org/apache/kerby/kerb-admin/1.0.1/kerb-admin-1.0.1.jar:/home/user/.m2/repository/org/apache/kerby/kerb-server/1.0.1/kerb-server-1.0.1.jar:/home/user/.m2/repository/org/apache/kerby/kerb-identity/1.0.1/kerb-identity-1.0.1.jar:/home/user/.m2/repository/org/apache/kerby/kerby-xdr/1.0.1/kerby-xdr-1.0.1.jar:/home/user/.m2/repository/org/slf4j/slf4j-log4j12/1.7.25/slf4j-log4j12-1.7.25.jar:/home/user/.m2/repository/org/apache/hadoop/hadoop-ozone-s3gateway/1.1.0-SNAPSHOT/hadoop-ozone-s3gateway-1.1.0-SNAPSHOT.jar:/home/user/.m2/repository/org/jboss/weld/servlet/weld-servlet/2.4.7.Final/weld-servlet-2.4.7.Final.jar:/home/user/.m2/repository/org/glassfish/jersey/containers/jersey-container-servlet-core/2.27/jersey-container-servlet-core-2.27.jar:/home/user/.m2/repository/org/glassfish/hk2/external/javax.inject/2.5.0-b42/javax.inject-2.5.0-b42.jar:/home/user/.m2/repository/org/glassfish/jersey/core/jersey-common/2.27/jersey-common-2.27.jar:/home/user/.m2/repository/org/glassfish/hk2/osgi-resource-locator/1.0.1/osgi-resource-locator-1.0.1.jar:/home/user/.m2/repository/javax/ws/rs/javax.ws.rs-api/2.1/javax.ws.rs-api-2.1.jar:/home/user/.m2/repository/org/glassfish/jersey/ext/cdi/jersey-cdi1x/2.27/jersey-cdi1x-2.27.jar:/home/user/.m2/repository/org/glassfish/jersey/inject/jersey-hk2/2.27/jersey-hk2-2.27.jar:/home/user/.m2/repository/org/glassfish/hk2/hk2-locator/2.5.0-b42/hk2-locator-2.5.0-b42.jar:/home/user/.m2/repository/org/javassist/javassist/3.22.0-CR2/javassist-3.22.0-CR2.jar:/home/user/.m2/repository/org/glassfish/hk2/hk2-api/2.5.0/hk2-api-2.5.0.jar:/home/user/.m2/repository/org/glassfish/hk2/external/jakarta.inject/2.5.0/jakarta.inject-2.5.0.jar:/home/user/.m2/repository/org/glassfish/hk2/hk2-utils/2.5.0/hk2-utils-2.5.0.jar:/home/user/.m2/repository/jakarta/annotation/jakarta.annotation-api/1.3.4/jakarta.annotation-api-1.3.4.jar:/home/user/.m2/repository/org/glassfish/hk2/external/aopalliance-repackaged/2.5.0/aopalliance-repackaged-2.5.0.jar:/home/user/.m2/repository/com/fasterxml/jackson/dataformat/jackson-dataformat-xml/2.10.3/jackson-dataformat-xml-2.10.3.jar:/home/user/.m2/repository/com/fasterxml/jackson/core/jackson-core/2.10.3/jackson-core-2.10.3.jar:/home/user/.m2/repository/com/fasterxml/jackson/module/jackson-module-jaxb-annotations/2.10.3/jackson-module-jaxb-annotations-2.10.3.jar:/home/user/.m2/repository/jakarta/xml/bind/jakarta.xml.bind-api/2.3.2/jakarta.xml.bind-api-2.3.2.jar:/home/user/.m2/repository/jakarta/activation/jakarta.activation-api/1.2.1/jakarta.activation-api-1.2.1.jar:/home/user/.m2/repository/org/codehaus/woodstox/stax2-api/3.1.4/stax2-api-3.1.4.jar:/home/user/.m2/repository/com/fasterxml/woodstox/woodstox-core/5.0.3/woodstox-core-5.0.3.jar:/home/user/.m2/repository/javax/enterprise/cdi-api/1.2/cdi-api-1.2.jar:/home/user/.m2/repository/javax/el/javax.el-api/3.0.0/javax.el-api-3.0.0.jar:/home/user/.m2/repository/javax/interceptor/javax.interceptor-api/1.2/javax.interceptor-api-1.2.jar:/home/user/.m2/repository/javax/inject/javax.inject/1/javax.inject-1.jar:/home/user/.m2/repository/com/sun/xml/bind/jaxb-impl/2.3.0.1/jaxb-impl-2.3.0.1.jar:/home/user/.m2/repository/com/sun/xml/bind/jaxb-core/2.3.0.1/jaxb-core-2.3.0.1.jar:/home/user/.m2/repository/javax/xml/bind/jaxb-api/2.3.0/jaxb-api-2.3.0.jar:/home/user/.m2/repository/javax/activation/activation/1.1.1/activation-1.1.1.jar:/home/user/.m2/repository/org/apache/hadoop/hadoop-ozone-csi/1.1.0-SNAPSHOT/hadoop-ozone-csi-1.1.0-SNAPSHOT.jar:/home/user/.m2/repository/com/google/protobuf/protobuf-java-util/3.11.0/protobuf-java-util-3.11.0.jar:/home/user/.m2/repository/com/google/code/gson/gson/2.2.4/gson-2.2.4.jar:/home/user/.m2/repository/org/apache/hadoop/hadoop-hdds-config/1.1.0-SNAPSHOT/hadoop-hdds-config-1.1.0-SNAPSHOT.jar:/home/user/.m2/repository/com/google/protobuf/protobuf-java/2.5.0/protobuf-java-2.5.0.jar:/home/user/.m2/repository/io/grpc/grpc-netty/1.29.0/grpc-netty-1.29.0.jar:/home/user/.m2/repository/io/grpc/grpc-core/1.29.0/grpc-core-1.29.0.jar:/home/user/.m2/repository/com/google/android/annotations/4.1.1.4/annotations-4.1.1.4.jar:/home/user/.m2/repository/io/perfmark/perfmark-api/0.19.0/perfmark-api-0.19.0.jar:/home/user/.m2/repository/io/netty/netty-codec-http2/4.1.48.Final/netty-codec-http2-4.1.48.Final.jar:/home/user/.m2/repository/io/netty/netty-codec/4.1.48.Final/netty-codec-4.1.48.Final.jar:/home/user/.m2/repository/io/netty/netty-handler/4.1.48.Final/netty-handler-4.1.48.Final.jar:/home/user/.m2/repository/io/netty/netty-codec-http/4.1.48.Final/netty-codec-http-4.1.48.Final.jar:/home/user/.m2/repository/io/netty/netty-handler-proxy/4.1.48.Final/netty-handler-proxy-4.1.48.Final.jar:/home/user/.m2/repository/io/netty/netty-codec-socks/4.1.48.Final/netty-codec-socks-4.1.48.Final.jar:/home/user/.m2/repository/io/netty/netty-transport-native-epoll/4.1.48.Final/netty-transport-native-epoll-4.1.48.Final.jar:/home/user/.m2/repository/io/netty/netty-common/4.1.48.Final/netty-common-4.1.48.Final.jar:/home/user/.m2/repository/io/netty/netty-buffer/4.1.48.Final/netty-buffer-4.1.48.Final.jar:/home/user/.m2/repository/io/netty/netty-transport/4.1.48.Final/netty-transport-4.1.48.Final.jar:/home/user/.m2/repository/io/netty/netty-resolver/4.1.48.Final/netty-resolver-4.1.48.Final.jar:/home/user/.m2/repository/io/netty/netty-transport-native-unix-common/4.1.48.Final/netty-transport-native-unix-common-4.1.48.Final.jar:/home/user/.m2/repository/io/grpc/grpc-protobuf/1.29.0/grpc-protobuf-1.29.0.jar:/home/user/.m2/repository/io/grpc/grpc-api/1.29.0/grpc-api-1.29.0.jar:/home/user/.m2/repository/io/grpc/grpc-context/1.29.0/grpc-context-1.29.0.jar:/home/user/.m2/repository/org/codehaus/mojo/animal-sniffer-annotations/1.18/animal-sniffer-annotations-1.18.jar:/home/user/.m2/repository/com/google/api/grpc/proto-google-common-protos/1.17.0/proto-google-common-protos-1.17.0.jar:/home/user/.m2/repository/io/grpc/grpc-protobuf-lite/1.29.0/grpc-protobuf-lite-1.29.0.jar:/home/user/.m2/repository/io/grpc/grpc-stub/1.29.0/grpc-stub-1.29.0.jar:/home/user/.m2/repository/org/apache/hadoop/hadoop-ozone-recon/1.1.0-SNAPSHOT/hadoop-ozone-recon-1.1.0-SNAPSHOT.jar:/home/user/.m2/repository/org/apache/hadoop/hadoop-ozone-reconcodegen/1.1.0-SNAPSHOT/hadoop-ozone-reconcodegen-1.1.0-SNAPSHOT.jar:/home/user/.m2/repository/com/google/inject/extensions/guice-multibindings/4.0/guice-multibindings-4.0.jar:/home/user/.m2/repository/com/google/inject/guice/4.0/guice-4.0.jar:/home/user/.m2/repository/aopalliance/aopalliance/1.0/aopalliance-1.0.jar:/home/user/.m2/repository/com/google/inject/extensions/guice-assistedinject/4.0/guice-assistedinject-4.0.jar:/home/user/.m2/repository/com/google/inject/extensions/guice-servlet/4.0/guice-servlet-4.0.jar:/home/user/.m2/repository/org/glassfish/jersey/containers/jersey-container-servlet/2.27/jersey-container-servlet-2.27.jar:/home/user/.m2/repository/org/glassfish/hk2/guice-bridge/2.5.0/guice-bridge-2.5.0.jar:/home/user/.m2/repository/org/glassfish/jersey/core/jersey-server/2.27/jersey-server-2.27.jar:/home/user/.m2/repository/org/glassfish/jersey/core/jersey-client/2.27/jersey-client-2.27.jar:/home/user/.m2/repository/org/glassfish/jersey/media/jersey-media-jaxb/2.27/jersey-media-jaxb-2.27.jar:/home/user/.m2/repository/javax/validation/validation-api/1.1.0.Final/validation-api-1.1.0.Final.jar:/home/user/.m2/repository/org/glassfish/jersey/media/jersey-media-json-jackson/2.27/jersey-media-json-jackson-2.27.jar:/home/user/.m2/repository/org/glassfish/jersey/ext/jersey-entity-filtering/2.27/jersey-entity-filtering-2.27.jar:/home/user/.m2/repository/org/jooq/jooq/3.11.10/jooq-3.11.10.jar:/home/user/.m2/repository/org/jooq/jooq-meta/3.11.10/jooq-meta-3.11.10.jar:/home/user/.m2/repository/org/jooq/jooq-codegen/3.11.10/jooq-codegen-3.11.10.jar:/home/user/.m2/repository/com/jolbox/bonecp/0.8.0.RELEASE/bonecp-0.8.0.RELEASE.jar:/home/user/.m2/repository/org/apache/derby/derby/10.14.2.0/derby-10.14.2.0.jar:/home/user/.m2/repository/org/xerial/sqlite-jdbc/3.25.2/sqlite-jdbc-3.25.2.jar:/home/user/.m2/repository/org/springframework/spring-jdbc/5.2.5.RELEASE/spring-jdbc-5.2.5.RELEASE.jar:/home/user/.m2/repository/org/springframework/spring-beans/5.2.5.RELEASE/spring-beans-5.2.5.RELEASE.jar:/home/user/.m2/repository/org/springframework/spring-core/5.2.5.RELEASE/spring-core-5.2.5.RELEASE.jar:/home/user/.m2/repository/org/springframework/spring-jcl/5.2.5.RELEASE/spring-jcl-5.2.5.RELEASE.jar:/home/user/.m2/repository/org/springframework/spring-tx/5.2.5.RELEASE/spring-tx-5.2.5.RELEASE.jar:/home/user/.m2/repository/org/apache/hadoop/hadoop-ozone-client/1.1.0-SNAPSHOT/hadoop-ozone-client-1.1.0-SNAPSHOT.jar:/home/user/.m2/repository/org/apache/hadoop/hadoop-ozone-filesystem/1.1.0-SNAPSHOT/hadoop-ozone-filesystem-1.1.0-SNAPSHOT.jar:/home/user/.m2/repository/org/apache/hadoop/hadoop-ozone-filesystem-common/1.1.0-SNAPSHOT/hadoop-ozone-filesystem-common-1.1.0-SNAPSHOT.jar:/home/user/.m2/repository/org/apache/hadoop/hadoop-ozone-tools/1.1.0-SNAPSHOT/hadoop-ozone-tools-1.1.0-SNAPSHOT.jar:/home/user/.m2/repository/org/apache/hadoop/hadoop-hdfs/3.2.1/hadoop-hdfs-3.2.1.jar:/home/user/.m2/repository/org/apache/ratis/ratis-tools/1.1.0-11689cd-SNAPSHOT/ratis-tools-1.1.0-11689cd-SNAPSHOT.jar:/home/user/.m2/repository/org/apache/ratis/ratis-proto/1.1.0-11689cd-SNAPSHOT/ratis-proto-1.1.0-11689cd-SNAPSHOT.jar:/home/user/.m2/repository/org/apache/ratis/ratis-common/1.1.0-11689cd-SNAPSHOT/ratis-common-1.1.0-11689cd-SNAPSHOT.jar:/home/user/.m2/repository/com/amazonaws/aws-java-sdk-core/1.11.615/aws-java-sdk-core-1.11.615.jar:/home/user/.m2/repository/org/apache/httpcomponents/httpclient/4.5.2/httpclient-4.5.2.jar:/home/user/.m2/repository/org/apache/httpcomponents/httpcore/4.4.4/httpcore-4.4.4.jar:/home/user/.m2/repository/software/amazon/ion/ion-java/1.0.2/ion-java-1.0.2.jar:/home/user/.m2/repository/com/fasterxml/jackson/dataformat/jackson-dataformat-cbor/2.10.3/jackson-dataformat-cbor-2.10.3.jar:/home/user/.m2/repository/joda-time/joda-time/2.8.1/joda-time-2.8.1.jar:/home/user/.m2/repository/com/amazonaws/aws-java-sdk-s3/1.11.615/aws-java-sdk-s3-1.11.615.jar:/home/user/.m2/repository/com/amazonaws/aws-java-sdk-kms/1.11.615/aws-java-sdk-kms-1.11.615.jar:/home/user/.m2/repository/com/amazonaws/jmespath-java/1.11.615/jmespath-java-1.11.615.jar:/home/user/.m2/repository/org/kohsuke/metainf-services/metainf-services/1.8/metainf-services-1.8.jar:/home/user/.m2/repository/org/apache/hadoop/hadoop-hdds-tools/1.1.0-SNAPSHOT/hadoop-hdds-tools-1.1.0-SNAPSHOT.jar:/home/user/.m2/repository/commons-cli/commons-cli/1.2/commons-cli-1.2.jar:/home/user/.m2/repository/org/apache/commons/commons-lang3/3.7/commons-lang3-3.7.jar:/home/user/.m2/repository/org/apache/hadoop/hadoop-ozone-ozone-manager/1.1.0-SNAPSHOT/hadoop-ozone-ozone-manager-1.1.0-SNAPSHOT-tests.jar:/home/user/.m2/repository/junit/junit/4.11/junit-4.11.jar:/home/user/.m2/repository/org/hamcrest/hamcrest-core/1.3/hamcrest-core-1.3.jar:/home/user/.m2/repository/org/openjdk/jmh/jmh-core/1.19/jmh-core-1.19.jar:/home/user/.m2/repository/net/sf/jopt-simple/jopt-simple/4.6/jopt-simple-4.6.jar:/home/user/.m2/repository/org/apache/commons/commons-math3/3.1.1/commons-math3-3.1.1.jar:/home/user/.m2/repository/org/openjdk/jmh/jmh-generator-annprocess/1.19/jmh-generator-annprocess-1.19.jar:/home/user/.m2/repository/org/mockito/mockito-all/1.8.5/mockito-all-1.8.5.jar:/home/user/.m2/repository/org/apache/hadoop/hadoop-kms/3.2.1/hadoop-kms-3.2.1.jar:/home/user/.m2/repository/org/apache/hadoop/hadoop-auth/3.2.1/hadoop-auth-3.2.1.jar:/home/user/.m2/repository/com/nimbusds/nimbus-jose-jwt/7.9/nimbus-jose-jwt-7.9.jar:/home/user/.m2/repository/com/github/stephenc/jcip/jcip-annotations/1.0-1/jcip-annotations-1.0-1.jar:/home/user/.m2/repository/net/minidev/json-smart/2.3/json-smart-2.3.jar:/home/user/.m2/repository/net/minidev/accessors-smart/1.2/accessors-smart-1.2.jar:/home/user/.m2/repository/org/ow2/asm/asm/5.0.4/asm-5.0.4.jar:/home/user/.m2/repository/org/apache/zookeeper/zookeeper/3.4.13/zookeeper-3.4.13.jar:/home/user/.m2/repository/org/apache/yetus/audience-annotations/0.5.0/audience-annotations-0.5.0.jar:/home/user/.m2/repository/org/apache/curator/curator-framework/2.13.0/curator-framework-2.13.0.jar:/home/user/.m2/repository/com/sun/jersey/jersey-core/1.19/jersey-core-1.19.jar:/home/user/.m2/repository/javax/ws/rs/jsr311-api/1.1.1/jsr311-api-1.1.1.jar:/home/user/.m2/repository/com/sun/jersey/jersey-server/1.19/jersey-server-1.19.jar:/home/user/.m2/repository/javax/servlet/javax.servlet-api/3.1.0/javax.servlet-api-3.1.0.jar:/home/user/.m2/repository/org/eclipse/jetty/jetty-server/9.4.26.v20200117/jetty-server-9.4.26.v20200117.jar:/home/user/.m2/repository/org/eclipse/jetty/jetty-http/9.4.26.v20200117/jetty-http-9.4.26.v20200117.jar:/home/user/.m2/repository/org/eclipse/jetty/jetty-io/9.4.26.v20200117/jetty-io-9.4.26.v20200117.jar:/home/user/.m2/repository/org/eclipse/jetty/jetty-webapp/9.4.26.v20200117/jetty-webapp-9.4.26.v20200117.jar:/home/user/.m2/repository/org/eclipse/jetty/jetty-xml/9.4.26.v20200117/jetty-xml-9.4.26.v20200117.jar:/home/user/.m2/repository/org/eclipse/jetty/jetty-servlet/9.4.26.v20200117/jetty-servlet-9.4.26.v20200117.jar:/home/user/.m2/repository/org/eclipse/jetty/jetty-security/9.4.26.v20200117/jetty-security-9.4.26.v20200117.jar:/home/user/.m2/repository/org/apache/hadoop/hadoop-common/3.2.1/hadoop-common-3.2.1.jar:/home/user/.m2/repository/commons-net/commons-net/3.6/commons-net-3.6.jar:/home/user/.m2/repository/commons-collections/commons-collections/3.2.2/commons-collections-3.2.2.jar:/home/user/.m2/repository/com/sun/jersey/jersey-servlet/1.19/jersey-servlet-1.19.jar:/home/user/.m2/repository/com/sun/jersey/jersey-json/1.19/jersey-json-1.19.jar:/home/user/.m2/repository/org/codehaus/jettison/jettison/1.1/jettison-1.1.jar:/home/user/.m2/repository/org/codehaus/jackson/jackson-jaxrs/1.9.2/jackson-jaxrs-1.9.2.jar:/home/user/.m2/repository/org/codehaus/jackson/jackson-xc/1.9.2/jackson-xc-1.9.2.jar:/home/user/.m2/repository/commons-beanutils/commons-beanutils/1.9.4/commons-beanutils-1.9.4.jar:/home/user/.m2/repository/org/apache/commons/commons-configuration2/2.1.1/commons-configuration2-2.1.1.jar:/home/user/.m2/repository/org/apache/commons/commons-text/1.4/commons-text-1.4.jar:/home/user/.m2/repository/com/google/re2j/re2j/1.1/re2j-1.1.jar:/home/user/.m2/repository/com/jcraft/jsch/0.1.54/jsch-0.1.54.jar:/home/user/.m2/repository/org/apache/curator/curator-client/2.13.0/curator-client-2.13.0.jar:/home/user/.m2/repository/org/apache/curator/curator-recipes/2.13.0/curator-recipes-2.13.0.jar:/home/user/.m2/repository/dnsjava/dnsjava/2.1.7/dnsjava-2.1.7.jar:/home/user/.m2/repository/org/slf4j/jul-to-slf4j/1.7.25/jul-to-slf4j-1.7.25.jar:/home/user/.m2/repository/org/eclipse/jetty/jetty-util/9.4.26.v20200117/jetty-util-9.4.26.v20200117.jar:/home/user/.m2/repository/com/fasterxml/jackson/core/jackson-databind/2.10.3/jackson-databind-2.10.3.jar:/home/user/.m2/repository/org/apache/hadoop/hadoop-kms/3.2.1/hadoop-kms-3.2.1-tests.jar:/home/user/.m2/repository/org/apache/hadoop/hadoop-hdds-server-scm/1.1.0-SNAPSHOT/hadoop-hdds-server-scm-1.1.0-SNAPSHOT-tests.jar:/home/user/.m2/repository/org/apache/hadoop/hadoop-hdds-container-service/1.1.0-SNAPSHOT/hadoop-hdds-container-service-1.1.0-SNAPSHOT-tests.jar:/home/user/.m2/repository/org/apache/hadoop/hadoop-hdds-common/1.1.0-SNAPSHOT/hadoop-hdds-common-1.1.0-SNAPSHOT-tests.jar:/home/user/.m2/repository/org/yaml/snakeyaml/1.16/snakeyaml-1.16.jar:/home/user/.m2/repository/org/apache/hadoop/hadoop-hdds-hadoop-dependency-test/1.1.0-SNAPSHOT/hadoop-hdds-hadoop-dependency-test-1.1.0-SNAPSHOT.jar:/home/user/.m2/repository/org/apache/hadoop/hadoop-common/3.2.1/hadoop-common-3.2.1-tests.jar:/home/user/.m2/repository/javax/servlet/jsp/jsp-api/2.1/jsp-api-2.1.jar:/home/user/.m2/repository/org/apache/hadoop/hadoop-hdfs/3.2.1/hadoop-hdfs-3.2.1-tests.jar:/home/user/.m2/repository/org/eclipse/jetty/jetty-util-ajax/9.4.26.v20200117/jetty-util-ajax-9.4.26.v20200117.jar:/home/user/.m2/repository/commons-codec/commons-codec/1.11/commons-codec-1.11.jar:/home/user/.m2/repository/commons-daemon/commons-daemon/1.0.13/commons-daemon-1.0.13.jar:/home/user/.m2/repository/io/netty/netty/3.10.5.Final/netty-3.10.5.Final.jar:/home/user/.m2/repository/io/netty/netty-all/4.1.48.Final/netty-all-4.1.48.Final.jar:/home/user/.m2/repository/org/apache/htrace/htrace-core4/4.1.0-incubating/htrace-core4-4.1.0-incubating.jar:/home/user/.m2/repository/org/fusesource/leveldbjni/leveldbjni-all/1.8/leveldbjni-all-1.8.jar:/home/user/.m2/repository/org/apache/hadoop/hadoop-distcp/3.2.1/hadoop-distcp-3.2.1.jar:/home/user/.m2/repository/org/apache/hadoop/hadoop-mapreduce-client-jobclient/3.2.1/hadoop-mapreduce-client-jobclient-3.2.1.jar:/home/user/.m2/repository/org/apache/hadoop/hadoop-mapreduce-client-common/3.2.1/hadoop-mapreduce-client-common-3.2.1.jar:/home/user/.m2/repository/org/apache/hadoop/hadoop-yarn-common/3.2.1/hadoop-yarn-common-3.2.1.jar:/home/user/.m2/repository/org/apache/hadoop/hadoop-yarn-api/3.2.1/hadoop-yarn-api-3.2.1.jar:/home/user/.m2/repository/com/sun/jersey/jersey-client/1.19/jersey-client-1.19.jar:/home/user/.m2/repository/com/sun/jersey/contribs/jersey-guice/1.19/jersey-guice-1.19.jar:/home/user/.m2/repository/com/fasterxml/jackson/jaxrs/jackson-jaxrs-json-provider/2.10.3/jackson-jaxrs-json-provider-2.10.3.jar:/home/user/.m2/repository/com/fasterxml/jackson/jaxrs/jackson-jaxrs-base/2.10.3/jackson-jaxrs-base-2.10.3.jar:/home/user/.m2/repository/org/apache/hadoop/hadoop-yarn-client/3.2.1/hadoop-yarn-client-3.2.1.jar:/home/user/.m2/repository/org/apache/hadoop/hadoop-mapreduce-client-core/3.2.1/hadoop-mapreduce-client-core-3.2.1.jar:/home/user/.m2/repository/org/apache/avro/avro/1.7.7/avro-1.7.7.jar:/home/user/.m2/repository/org/codehaus/jackson/jackson-core-asl/1.9.13/jackson-core-asl-1.9.13.jar:/home/user/.m2/repository/org/codehaus/jackson/jackson-mapper-asl/1.9.13/jackson-mapper-asl-1.9.13.jar:/home/user/.m2/repository/com/thoughtworks/paranamer/paranamer/2.3/paranamer-2.3.jar:/home/user/.m2/repository/org/xerial/snappy/snappy-java/1.0.5/snappy-java-1.0.5.jar:/home/user/.m2/repository/org/apache/hadoop/hadoop-annotations/3.2.1/hadoop-annotations-3.2.1.jar:/usr/lib/jvm/java-1.8.0-openjdk-1.8.0.232.b09-0.el7_7.x86_64/jre/../lib/tools.jar:/home/user/.m2/repository/org/apache/hadoop/hadoop-distcp/3.2.1/hadoop-distcp-3.2.1-tests.jar:"/>
    <property name="sun.cpu.endian" value="little"/>
    <property name="user.home" value="/home/user"/>
    <property name="user.language" value="en"/>
    <property name="java.specification.vendor" value="Oracle Corporation"/>
    <property name="java.home" value="/usr/lib/jvm/java-1.8.0-openjdk-1.8.0.232.b09-0.el7_7.x86_64/jre"/>
    <property name="java.security.krb5.conf" value="/github/workspace/mnt/ozone/hadoop-ozone/integration-test/target/test-classes/krb5.conf"/>
    <property name="basedir" value="/github/workspace/mnt/ozone/hadoop-ozone/integration-test"/>
    <property name="file.separator" value="/"/>
    <property name="line.separator" value="&#10;"/>
    <property name="java.vm.specification.vendor" value="Oracle Corporation"/>
    <property name="java.specification.name" value="Java Platform API Specification"/>
    <property name="java.awt.graphicsenv" value="sun.awt.X11GraphicsEnvironment"/>
    <property name="skip.installnpx" value="true"/>
    <property name="surefire.real.class.path" value="/github/workspace/mnt/ozone/hadoop-ozone/integration-test/target/surefire/surefirebooter4136295175572342011.jar:/home/user/.m2/repository/org/jacoco/org.jacoco.agent/0.8.5/org.jacoco.agent-0.8.5-runtime.jar"/>
    <property name="hadoop.log.dir" value="/github/workspace/mnt/ozone/hadoop-ozone/integration-test/target/log"/>
    <property name="sun.boot.class.path" value="/usr/lib/jvm/java-1.8.0-openjdk-1.8.0.232.b09-0.el7_7.x86_64/jre/lib/resources.jar:/usr/lib/jvm/java-1.8.0-openjdk-1.8.0.232.b09-0.el7_7.x86_64/jre/lib/rt.jar:/usr/lib/jvm/java-1.8.0-openjdk-1.8.0.232.b09-0.el7_7.x86_64/jre/lib/sunrsasign.jar:/usr/lib/jvm/java-1.8.0-openjdk-1.8.0.232.b09-0.el7_7.x86_64/jre/lib/jsse.jar:/usr/lib/jvm/java-1.8.0-openjdk-1.8.0.232.b09-0.el7_7.x86_64/jre/lib/jce.jar:/usr/lib/jvm/java-1.8.0-openjdk-1.8.0.232.b09-0.el7_7.x86_64/jre/lib/charsets.jar:/usr/lib/jvm/java-1.8.0-openjdk-1.8.0.232.b09-0.el7_7.x86_64/jre/lib/jfr.jar:/usr/lib/jvm/java-1.8.0-openjdk-1.8.0.232.b09-0.el7_7.x86_64/jre/classes"/>
    <property name="sun.management.compiler" value="HotSpot 64-Bit Tiered Compilers"/>
    <property name="skip.npx" value="true"/>
    <property name="java.runtime.version" value="1.8.0_232-b09"/>
    <property name="java.net.preferIPv4Stack" value="true"/>
    <property name="user.name" value="jenkins1001"/>
    <property name="path.separator" value=":"/>
    <property name="java.security.egd" value="file:///dev/urandom"/>
    <property name="os.version" value="5.4.0-1026-azure"/>
    <property name="java.endorsed.dirs" value="/usr/lib/jvm/java-1.8.0-openjdk-1.8.0.232.b09-0.el7_7.x86_64/jre/lib/endorsed"/>
    <property name="java.runtime.name" value="OpenJDK Runtime Environment"/>
    <property name="file.encoding" value="ANSI_X3.4-1968"/>
    <property name="java.vm.name" value="OpenJDK 64-Bit Server VM"/>
    <property name="test.build.webapps" value=""/>
    <property name="localRepository" value="/home/user/.m2/repository"/>
    <property name="java.vendor.url.bug" value="http://bugreport.sun.com/bugreport/"/>
    <property name="java.io.tmpdir" value="/tmp"/>
    <property name="require.test.libhadoop" value=""/>
    <property name="java.version" value="1.8.0_232"/>
    <property name="user.dir" value="/github/workspace/mnt/ozone/hadoop-ozone/integration-test"/>
    <property name="os.arch" value="amd64"/>
    <property name="java.vm.specification.name" value="Java Virtual Machine Specification"/>
    <property name="test.build.classes" value="/github/workspace/mnt/ozone/hadoop-ozone/integration-test/target/test-classes"/>
    <property name="java.awt.printerjob" value="sun.print.PSPrinterJob"/>
    <property name="sun.os.patch.level" value="unknown"/>
    <property name="hadoop.tmp.dir" value="/github/workspace/mnt/ozone/hadoop-ozone/integration-test/target/tmp"/>
    <property name="java.library.path" value="/usr/lib:/usr/java/packages/lib/amd64:/usr/lib64:/lib64:/lib:/usr/lib"/>
    <property name="java.vm.info" value="mixed mode"/>
    <property name="java.vendor" value="Oracle Corporation"/>
    <property name="java.vm.version" value="25.232-b09"/>
    <property name="java.ext.dirs" value="/usr/lib/jvm/java-1.8.0-openjdk-1.8.0.232.b09-0.el7_7.x86_64/jre/lib/ext:/usr/java/packages/lib/ext"/>
    <property name="sun.io.unicode.encoding" value="UnicodeLittle"/>
    <property name="java.class.version" value="52.0"/>
  </properties>
  <testcase name="testOMRetryCache" classname="org.apache.hadoop.ozone.om.TestOzoneManagerHAMetadataOnly" time="29.334">
    <failure type="java.lang.AssertionError">java.lang.AssertionError
	at org.junit.Assert.fail(Assert.java:86)
	at org.junit.Assert.assertTrue(Assert.java:41)
	at org.junit.Assert.assertFalse(Assert.java:64)
	at org.junit.Assert.assertFalse(Assert.java:74)
	at org.apache.hadoop.ozone.om.TestOzoneManagerHAMetadataOnly.testOMRetryCache(TestOzoneManagerHAMetadataOnly.java:422)
	at sun.reflect.NativeMethodAccessorImpl.invoke0(Native Method)
	at sun.reflect.NativeMethodAccessorImpl.invoke(NativeMethodAccessorImpl.java:62)
	at sun.reflect.DelegatingMethodAccessorImpl.invoke(DelegatingMethodAccessorImpl.java:43)
	at java.lang.reflect.Method.invoke(Method.java:498)
	at org.junit.runners.model.FrameworkMethod$1.runReflectiveCall(FrameworkMethod.java:47)
	at org.junit.internal.runners.model.ReflectiveCallable.run(ReflectiveCallable.java:12)
	at org.junit.runners.model.FrameworkMethod.invokeExplosively(FrameworkMethod.java:44)
	at org.junit.internal.runners.statements.InvokeMethod.evaluate(InvokeMethod.java:17)
	at org.junit.internal.runners.statements.RunBefores.evaluate(RunBefores.java:26)
	at org.junit.internal.runners.statements.RunAfters.evaluate(RunAfters.java:27)
	at org.junit.rules.ExpectedException$ExpectedExceptionStatement.evaluate(ExpectedException.java:168)
	at org.junit.internal.runners.statements.FailOnTimeout$StatementThread.run(FailOnTimeout.java:74)
</failure>
    <system-out><![CDATA[2020-10-18 13:35:23,451 [Thread-1] WARN  server.ServerUtils (ServerUtils.java:getScmDbDir(148)) - ozone.scm.db.dirs is not configured. We recommend adding this setting. Falling back to ozone.metadata.dirs instead.
2020-10-18 13:35:23,553 [Thread-1] WARN  server.ServerUtils (ServerUtils.java:getScmDbDir(148)) - ozone.scm.db.dirs is not configured. We recommend adding this setting. Falling back to ozone.metadata.dirs instead.
2020-10-18 13:35:23,700 [Thread-1] WARN  db.DBStoreBuilder (DBStoreBuilder.java:createDBStoreBuilder(283)) - ozone.scm.db.dirs is not configured. We recommend adding this setting. Falling back to ozone.metadata.dirs instead.
2020-10-18 13:35:23,882 [Thread-1] INFO  net.NodeSchemaLoader (NodeSchemaLoader.java:loadSchemaFromFile(126)) - Loading file from sun.misc.CompoundEnumeration@52ba190f
2020-10-18 13:35:23,886 [Thread-1] INFO  net.NodeSchemaLoader (NodeSchemaLoader.java:loadSchema(172)) - Loading network topology layer schema file
2020-10-18 13:35:23,971 [Thread-1] WARN  server.ServerUtils (ServerUtils.java:sanitizeUserArgs(73)) - ozone.scm.stale.node.interval value = 300000 is larger than max = 100000 based on the key value of ozone.scm.heartbeat.thread.interval, reset to the max value 100000.
2020-10-18 13:35:23,971 [Thread-1] WARN  server.ServerUtils (ServerUtils.java:sanitizeUserArgs(73)) - ozone.scm.stale.node.interval value = 300000 is larger than max = 100000 based on the key value of ozone.scm.heartbeat.thread.interval, reset to the max value 100000.
2020-10-18 13:35:23,976 [Thread-1] INFO  node.SCMNodeManager (SCMNodeManager.java:<init>(120)) - Entering startup safe mode.
2020-10-18 13:35:24,134 [Thread-1] INFO  algorithms.ContainerPlacementPolicyFactory (ContainerPlacementPolicyFactory.java:getPolicy(60)) - Create container placement policy of type org.apache.hadoop.hdds.scm.container.placement.algorithms.SCMContainerPlacementRandom
2020-10-18 13:35:24,163 [Thread-1] INFO  pipeline.SCMPipelineManager (SCMPipelineManager.java:initializePipelineState(161)) - No pipeline exists in current db
2020-10-18 13:35:24,201 [Thread-1] INFO  algorithms.PipelineChoosePolicyFactory (PipelineChoosePolicyFactory.java:createPipelineChoosePolicyFromClass(75)) - Create pipeline choose policy of type org.apache.hadoop.hdds.scm.pipeline.choose.algorithms.RandomPipelineChoosePolicy
2020-10-18 13:35:24,270 [Thread-1] INFO  safemode.HealthyPipelineSafeModeRule (HealthyPipelineSafeModeRule.java:<init>(89)) - Total pipeline count is 0, healthy pipeline threshold count is 0
2020-10-18 13:35:24,273 [Thread-1] INFO  safemode.OneReplicaPipelineSafeModeRule (OneReplicaPipelineSafeModeRule.java:<init>(79)) - Total pipeline count is 0, pipeline's with at least one datanode reported threshold count is 0
2020-10-18 13:35:24,709 [Thread-1] INFO  ipc.CallQueueManager (CallQueueManager.java:<init>(84)) - Using callQueue: class java.util.concurrent.LinkedBlockingQueue, queueCapacity: 2000, scheduler: class org.apache.hadoop.ipc.DefaultRpcScheduler, ipcBackoff: false.
2020-10-18 13:35:24,734 [Socket Reader #1 for port 0] INFO  ipc.Server (Server.java:run(1219)) - Starting Socket Reader #1 for port 0
2020-10-18 13:35:24,762 [Listener at 0.0.0.0/44471] INFO  ipc.CallQueueManager (CallQueueManager.java:<init>(84)) - Using callQueue: class java.util.concurrent.LinkedBlockingQueue, queueCapacity: 2000, scheduler: class org.apache.hadoop.ipc.DefaultRpcScheduler, ipcBackoff: false.
2020-10-18 13:35:24,767 [Socket Reader #1 for port 0] INFO  ipc.Server (Server.java:run(1219)) - Starting Socket Reader #1 for port 0
2020-10-18 13:35:24,779 [Listener at 0.0.0.0/34911] INFO  ipc.CallQueueManager (CallQueueManager.java:<init>(84)) - Using callQueue: class java.util.concurrent.LinkedBlockingQueue, queueCapacity: 2000, scheduler: class org.apache.hadoop.ipc.DefaultRpcScheduler, ipcBackoff: false.
2020-10-18 13:35:24,783 [Socket Reader #1 for port 0] INFO  ipc.Server (Server.java:run(1219)) - Starting Socket Reader #1 for port 0
2020-10-18 13:35:24,801 [Listener at 0.0.0.0/33299] INFO  http.BaseHttpServer (BaseHttpServer.java:newHttpServer2BuilderForOzone(207)) - Starting Web-server for scm at: http://0.0.0.0:0
2020-10-18 13:35:24,801 [Listener at 0.0.0.0/33299] INFO  http.BaseHttpServer (BaseHttpServer.java:<init>(106)) - Hadoop Security Enabled: false Ozone Security Enabled: false Ozone HTTP Security Enabled: false 
2020-10-18 13:35:24,827 [Listener at 0.0.0.0/33299] INFO  util.log (Log.java:initialized(169)) - Logging initialized @2498ms to org.eclipse.jetty.util.log.Slf4jLog
2020-10-18 13:35:24,964 [Listener at 0.0.0.0/33299] INFO  server.AuthenticationFilter (AuthenticationFilter.java:constructSecretProvider(240)) - Unable to initialize FileSignerSecretProvider, falling back to use random secrets.
2020-10-18 13:35:24,981 [Listener at 0.0.0.0/33299] WARN  http.HttpRequestLog (HttpRequestLog.java:getRequestLog(103)) - Jetty request log can only be enabled using Log4j
2020-10-18 13:35:24,988 [Listener at 0.0.0.0/33299] INFO  http.HttpServer2 (HttpServer2.java:addGlobalFilter(1019)) - Added global filter 'safety' (class=org.apache.hadoop.hdds.server.http.HttpServer2$QuotingInputFilter)
2020-10-18 13:35:24,991 [Listener at 0.0.0.0/33299] INFO  http.HttpServer2 (HttpServer2.java:addFilter(995)) - Added filter static_user_filter (class=org.apache.hadoop.http.lib.StaticUserWebFilter$StaticUserFilter) to context scm
2020-10-18 13:35:24,991 [Listener at 0.0.0.0/33299] INFO  http.HttpServer2 (HttpServer2.java:addFilter(1003)) - Added filter static_user_filter (class=org.apache.hadoop.http.lib.StaticUserWebFilter$StaticUserFilter) to context logs
2020-10-18 13:35:24,991 [Listener at 0.0.0.0/33299] INFO  http.HttpServer2 (HttpServer2.java:addFilter(1003)) - Added filter static_user_filter (class=org.apache.hadoop.http.lib.StaticUserWebFilter$StaticUserFilter) to context static
2020-10-18 13:35:25,048 [Listener at 0.0.0.0/33299] INFO  server.StorageContainerManager (StorageContainerManager.java:start(789)) - StorageContainerLocationProtocol RPC server is listening at /0.0.0.0:33299
2020-10-18 13:35:25,113 [Listener at 0.0.0.0/33299] WARN  impl.MetricsConfig (MetricsConfig.java:loadFirst(134)) - Cannot locate configuration: tried hadoop-metrics2-storagecontainermanager.properties,hadoop-metrics2.properties
2020-10-18 13:35:25,130 [Listener at 0.0.0.0/33299] INFO  impl.MetricsSystemImpl (MetricsSystemImpl.java:startTimer(374)) - Scheduled Metric snapshot period at 10 second(s).
2020-10-18 13:35:25,131 [Listener at 0.0.0.0/33299] INFO  impl.MetricsSystemImpl (MetricsSystemImpl.java:start(191)) - StorageContainerManager metrics system started
2020-10-18 13:35:25,384 [Listener at 0.0.0.0/33299] INFO  server.SCMClientProtocolServer (SCMClientProtocolServer.java:start(156)) - RPC server for Client  is listening at /0.0.0.0:33299
2020-10-18 13:35:25,387 [IPC Server Responder] INFO  ipc.Server (Server.java:run(1460)) - IPC Server Responder: starting
2020-10-18 13:35:25,391 [IPC Server listener on 0] INFO  ipc.Server (Server.java:run(1298)) - IPC Server listener on 0: starting
2020-10-18 13:35:25,399 [Listener at 0.0.0.0/33299] INFO  server.StorageContainerManager (StorageContainerManager.java:start(801)) - ScmBlockLocationProtocol RPC server is listening at /0.0.0.0:34911
2020-10-18 13:35:25,399 [Listener at 0.0.0.0/33299] INFO  server.SCMBlockProtocolServer (SCMBlockProtocolServer.java:start(149)) - RPC server for Block Protocol is listening at /0.0.0.0:34911
2020-10-18 13:35:25,400 [IPC Server Responder] INFO  ipc.Server (Server.java:run(1460)) - IPC Server Responder: starting
2020-10-18 13:35:25,400 [IPC Server listener on 0] INFO  ipc.Server (Server.java:run(1298)) - IPC Server listener on 0: starting
2020-10-18 13:35:25,404 [Listener at 0.0.0.0/33299] INFO  server.StorageContainerManager (StorageContainerManager.java:start(807)) - ScmDatanodeProtocl RPC server is listening at /0.0.0.0:44471
2020-10-18 13:35:25,404 [Listener at 0.0.0.0/33299] INFO  server.SCMDatanodeProtocolServer (SCMDatanodeProtocolServer.java:start(172)) - RPC server for DataNodes is listening at /0.0.0.0:44471
2020-10-18 13:35:25,405 [IPC Server Responder] INFO  ipc.Server (Server.java:run(1460)) - IPC Server Responder: starting
2020-10-18 13:35:25,405 [IPC Server listener on 0] INFO  ipc.Server (Server.java:run(1298)) - IPC Server listener on 0: starting
2020-10-18 13:35:25,410 [Listener at 0.0.0.0/33299] INFO  http.HttpServer2 (HttpServer2.java:bindListener(1237)) - Jetty bound to port 44325
2020-10-18 13:35:25,412 [Listener at 0.0.0.0/33299] INFO  server.Server (Server.java:doStart(359)) - jetty-9.4.26.v20200117; built: 2020-01-17T12:35:33.676Z; git: 7b38981d25d14afb4a12ff1f2596756144edf695; jvm 1.8.0_232-b09
2020-10-18 13:35:25,441 [Listener at 0.0.0.0/33299] INFO  server.session (DefaultSessionIdManager.java:doStart(333)) - DefaultSessionIdManager workerName=node0
2020-10-18 13:35:25,441 [Listener at 0.0.0.0/33299] INFO  server.session (DefaultSessionIdManager.java:doStart(338)) - No SessionScavenger set, using defaults
2020-10-18 13:35:25,443 [Listener at 0.0.0.0/33299] INFO  server.session (HouseKeeper.java:startScavenging(140)) - node0 Scavenging every 660000ms
2020-10-18 13:35:25,458 [Listener at 0.0.0.0/33299] INFO  handler.ContextHandler (ContextHandler.java:doStart(825)) - Started o.e.j.s.ServletContextHandler@855de74{logs,/logs,file:///github/workspace/mnt/ozone/hadoop-ozone/integration-test/target/log,AVAILABLE}
2020-10-18 13:35:25,459 [Listener at 0.0.0.0/33299] INFO  handler.ContextHandler (ContextHandler.java:doStart(825)) - Started o.e.j.s.ServletContextHandler@5b27d503{static,/static,file:///github/workspace/mnt/ozone/hadoop-ozone/integration-test/target/test-classes/webapps/static,AVAILABLE}
2020-10-18 13:35:25,497 [Listener at 0.0.0.0/33299] INFO  handler.ContextHandler (ContextHandler.java:doStart(825)) - Started o.e.j.w.WebAppContext@3dd00137{scm,/,file:///github/workspace/mnt/ozone/hadoop-ozone/integration-test/target/test-classes/webapps/scm/,AVAILABLE}{file:/github/workspace/mnt/ozone/hadoop-ozone/integration-test/target/test-classes/webapps/scm}
2020-10-18 13:35:25,505 [Listener at 0.0.0.0/33299] INFO  server.AbstractConnector (AbstractConnector.java:doStart(330)) - Started ServerConnector@d1904d6{HTTP/1.1,[http/1.1]}{0.0.0.0:44325}
2020-10-18 13:35:25,505 [Listener at 0.0.0.0/33299] INFO  server.Server (Server.java:doStart(399)) - Started @3176ms
2020-10-18 13:35:25,507 [Listener at 0.0.0.0/33299] INFO  impl.MetricsSinkAdapter (MetricsSinkAdapter.java:start(204)) - Sink prometheus started
2020-10-18 13:35:25,507 [Listener at 0.0.0.0/33299] INFO  impl.MetricsSystemImpl (MetricsSystemImpl.java:registerSink(301)) - Registered sink prometheus
2020-10-18 13:35:25,510 [Listener at 0.0.0.0/33299] INFO  http.BaseHttpServer (BaseHttpServer.java:updateConnectorAddress(327)) - HTTP server of scm listening at http://0.0.0.0:44325
2020-10-18 13:35:25,526 [Listener at 0.0.0.0/33299] WARN  server.ServerUtils (ServerUtils.java:getDBPath(225)) - ozone.om.db.dirs is not configured. We recommend adding this setting. Falling back to ozone.metadata.dirs instead.
2020-10-18 13:35:25,528 [org.apache.hadoop.util.JvmPauseMonitor$Monitor@4af3d67a] INFO  util.JvmPauseMonitor (JvmPauseMonitor.java:run(188)) - Starting JVM pause monitor
2020-10-18 13:35:25,644 [Listener at 0.0.0.0/33299] INFO  ha.OMHANodeDetails (OMHANodeDetails.java:loadOMHAConfig(110)) - ServiceID for OzoneManager is om-service-test1
2020-10-18 13:35:25,647 [Listener at 0.0.0.0/33299] INFO  ha.OMHANodeDetails (OMHANodeDetails.java:loadOMHAConfig(188)) - Found matching OM address with OMServiceId: om-service-test1, OMNodeId: omNode-1, RPC Address: localhost:13764 and Ratis port: 13768
2020-10-18 13:35:25,647 [Listener at 0.0.0.0/33299] INFO  ha.OMHANodeDetails (OMHANodeDetails.java:setOMNodeSpecificConfigs(314)) - Setting configuration key ozone.om.http-address with value of key ozone.om.http-address.omNode-1: 127.0.0.1:13766
2020-10-18 13:35:25,647 [Listener at 0.0.0.0/33299] INFO  ha.OMHANodeDetails (OMHANodeDetails.java:setOMNodeSpecificConfigs(314)) - Setting configuration key ozone.om.https-address with value of key ozone.om.https-address.omNode-1: 127.0.0.1:13767
2020-10-18 13:35:25,647 [Listener at 0.0.0.0/33299] INFO  ha.OMHANodeDetails (OMHANodeDetails.java:setOMNodeSpecificConfigs(314)) - Setting configuration key ozone.om.address with value of key ozone.om.address.omNode-1: 127.0.0.1:13764
2020-10-18 13:35:25,647 [Listener at 0.0.0.0/33299] WARN  server.ServerUtils (ServerUtils.java:getDBPath(225)) - ozone.om.db.dirs is not configured. We recommend adding this setting. Falling back to ozone.metadata.dirs instead.
2020-10-18 13:35:25,648 [Listener at 0.0.0.0/33299] WARN  server.ServerUtils (ServerUtils.java:getDBPath(225)) - ozone.om.db.dirs is not configured. We recommend adding this setting. Falling back to ozone.metadata.dirs instead.
2020-10-18 13:35:26,418 [Listener at 0.0.0.0/33299] WARN  server.ServerUtils (ServerUtils.java:getDBPath(225)) - ozone.om.db.dirs is not configured. We recommend adding this setting. Falling back to ozone.metadata.dirs instead.
2020-10-18 13:35:26,425 [Listener at 0.0.0.0/33299] INFO  codec.OmKeyInfoCodec (OmKeyInfoCodec.java:<init>(41)) - OmKeyInfoCodec ignorePipeline = true
2020-10-18 13:35:26,426 [Listener at 0.0.0.0/33299] INFO  codec.RepeatedOmKeyInfoCodec (RepeatedOmKeyInfoCodec.java:<init>(40)) - RepeatedOmKeyInfoCodec ignorePipeline = true
2020-10-18 13:35:26,576 [Listener at 0.0.0.0/33299] INFO  om.OzoneManager (OzoneManager.java:addS3GVolumeToDB(3622)) - Created Volume s3v With Owner jenkins1001 required for S3Gateway operations.
2020-10-18 13:35:26,588 [Listener at 0.0.0.0/33299] INFO  metrics.MetricRegistries (MetricRegistriesLoader.java:load(64)) - Loaded MetricRegistries class org.apache.ratis.metrics.impl.MetricRegistriesImpl
2020-10-18 13:35:26,627 [Listener at 0.0.0.0/33299] WARN  server.ServerUtils (ServerUtils.java:getDefaultRatisDirectory(237)) - Storage directory for Ratis is not configured. It is a good idea to map this to an SSD disk. Falling back to ozone.metadata.dirs
2020-10-18 13:35:26,661 [Listener at 0.0.0.0/33299] INFO  ratis.OzoneManagerRatisServer (OzoneManagerRatisServer.java:<init>(270)) - Instantiating OM Ratis server with GroupID: om-service-test1 and Raft Peers: localhost:13768, localhost:13774, localhost:13780
2020-10-18 13:35:26,672 [Listener at 0.0.0.0/33299] INFO  ratis.OzoneManagerStateMachine (OzoneManagerStateMachine.java:loadSnapshotInfoFromDB(519)) - LastAppliedIndex is set from TransactionInfo from OM DB as (t:0, i:~)
2020-10-18 13:35:26,698 [Listener at 0.0.0.0/33299] INFO  impl.RaftServerProxy (ConfUtils.java:logGet(44)) - raft.rpc.type = GRPC (default)
2020-10-18 13:35:26,777 [Listener at 0.0.0.0/33299] INFO  grpc.GrpcFactory (GrpcFactory.java:checkPooledByteBufAllocatorUseCacheForAllThreads(45)) - PERFORMANCE WARNING: useCacheForAllThreads is true that may cause Netty to create a lot garbage objects and, as a result, trigger GC.
	It is recommended to disable useCacheForAllThreads by setting -Dorg.apache.ratis.thirdparty.io.netty.allocator.useCacheForAllThreads=false in command line.
2020-10-18 13:35:26,783 [Listener at 0.0.0.0/33299] INFO  grpc.GrpcConfigKeys (ConfUtils.java:logGet(44)) - raft.grpc.server.port = 13768 (custom)
2020-10-18 13:35:26,785 [Listener at 0.0.0.0/33299] INFO  server.GrpcService (ConfUtils.java:logGet(44)) - raft.grpc.message.size.max = 33554432 (custom)
2020-10-18 13:35:26,787 [Listener at 0.0.0.0/33299] INFO  server.RaftServerConfigKeys (ConfUtils.java:logGet(44)) - raft.server.log.appender.buffer.byte-limit = 33554432 (custom)
2020-10-18 13:35:26,788 [Listener at 0.0.0.0/33299] INFO  server.GrpcService (ConfUtils.java:logGet(44)) - raft.grpc.flow.control.window = 1MB (=1048576) (default)
2020-10-18 13:35:26,788 [Listener at 0.0.0.0/33299] INFO  server.RaftServerConfigKeys (ConfUtils.java:logGet(44)) - raft.server.rpc.request.timeout = 3000ms (default)
2020-10-18 13:35:26,985 [Listener at 0.0.0.0/33299] INFO  server.RaftServerConfigKeys (ConfUtils.java:logGet(44)) - raft.server.storage.dir = [/github/workspace/mnt/ozone/hadoop-ozone/integration-test/target/test-dir/MiniOzoneClusterImpl-d38fabef-ad13-445b-9ec0-8ae77b1cf310/omNode-1/ratis] (custom)
2020-10-18 13:35:26,992 [Listener at 0.0.0.0/33299] INFO  impl.RaftServerProxy (RaftServerProxy.java:addNew(92)) - omNode-1: addNew group-523986131536:[omNode-3:localhost:13780:0, omNode-1:localhost:13768:0, omNode-2:localhost:13774:0] returns group-523986131536:java.util.concurrent.CompletableFuture@7459431f[Not completed]
2020-10-18 13:35:27,002 [pool-24-thread-1] INFO  impl.RaftServerImpl (RaftServerImpl.java:<init>(120)) - omNode-1: new RaftServerImpl for group-523986131536:[omNode-3:localhost:13780:0, omNode-1:localhost:13768:0, omNode-2:localhost:13774:0] with OzoneManagerStateMachine:uninitialized
2020-10-18 13:35:27,002 [Listener at 0.0.0.0/33299] INFO  om.OzoneManager (OzoneManager.java:initializeRatisServer(1279)) - OzoneManager Ratis server initialized at port 13768
2020-10-18 13:35:27,003 [Listener at 0.0.0.0/33299] WARN  server.ServerUtils (ServerUtils.java:getDefaultRatisDirectory(237)) - Storage directory for Ratis is not configured. It is a good idea to map this to an SSD disk. Falling back to ozone.metadata.dirs
2020-10-18 13:35:27,003 [Listener at 0.0.0.0/33299] WARN  server.ServerUtils (ServerUtils.java:getDefaultRatisDirectory(237)) - Storage directory for Ratis is not configured. It is a good idea to map this to an SSD disk. Falling back to ozone.metadata.dirs
2020-10-18 13:35:27,004 [Listener at 0.0.0.0/33299] INFO  snapshot.OzoneManagerSnapshotProvider (OzoneManagerSnapshotProvider.java:<init>(77)) - Initializing OM Snapshot Provider
2020-10-18 13:35:27,008 [pool-24-thread-1] INFO  server.RaftServerConfigKeys (ConfUtils.java:logGet(44)) - raft.server.rpc.timeout.min = 1s (custom)
2020-10-18 13:35:27,014 [pool-24-thread-1] INFO  server.RaftServerConfigKeys (ConfUtils.java:logGet(44)) - raft.server.rpc.timeout.max = 1200ms (custom)
2020-10-18 13:35:27,014 [pool-24-thread-1] INFO  server.RaftServerConfigKeys (ConfUtils.java:logGet(44)) - raft.server.rpcslowness.timeout = 2s (custom)
2020-10-18 13:35:27,015 [pool-24-thread-1] INFO  server.RaftServerConfigKeys (ConfUtils.java:logGet(44)) - raft.server.sleep.deviation.threshold = 300 (default)
2020-10-18 13:35:27,020 [pool-24-thread-1] INFO  server.RaftServerConfigKeys (ConfUtils.java:logGet(44)) - raft.server.log.appender.install.snapshot.enabled = false (custom)
2020-10-18 13:35:27,025 [pool-24-thread-1] INFO  impl.RaftServerImpl (ServerState.java:<init>(104)) - omNode-1@group-523986131536: ConfigurationManager, init=-1: [omNode-3:localhost:13780:0, omNode-1:localhost:13768:0, omNode-2:localhost:13774:0], old=null, confs=<EMPTY_MAP>
2020-10-18 13:35:27,034 [pool-24-thread-1] INFO  server.RaftServerConfigKeys (ConfUtils.java:logGet(44)) - raft.server.storage.dir = [/github/workspace/mnt/ozone/hadoop-ozone/integration-test/target/test-dir/MiniOzoneClusterImpl-d38fabef-ad13-445b-9ec0-8ae77b1cf310/omNode-1/ratis] (custom)
2020-10-18 13:35:27,044 [pool-24-thread-1] INFO  server.RaftServerConfigKeys (ConfUtils.java:logGet(44)) - raft.server.log.corruption.policy = EXCEPTION (default)
2020-10-18 13:35:27,047 [pool-24-thread-1] INFO  storage.RaftStorageDirectory (RaftStorageDirectory.java:analyzeStorage(261)) - The storage directory /github/workspace/mnt/ozone/hadoop-ozone/integration-test/target/test-dir/MiniOzoneClusterImpl-d38fabef-ad13-445b-9ec0-8ae77b1cf310/omNode-1/ratis/c9bc4cf4-3bc3-3c60-a66b-523986131536 does not exist. Creating ...
2020-10-18 13:35:27,057 [pool-24-thread-1] INFO  storage.RaftStorageDirectory (RaftStorageDirectory.java:tryLock(343)) - Lock on /github/workspace/mnt/ozone/hadoop-ozone/integration-test/target/test-dir/MiniOzoneClusterImpl-d38fabef-ad13-445b-9ec0-8ae77b1cf310/omNode-1/ratis/c9bc4cf4-3bc3-3c60-a66b-523986131536/in_use.lock acquired by nodename 8904@e04758552647
2020-10-18 13:35:27,062 [pool-24-thread-1] INFO  storage.RaftStorage (RaftStorage.java:format(84)) - Storage directory /github/workspace/mnt/ozone/hadoop-ozone/integration-test/target/test-dir/MiniOzoneClusterImpl-d38fabef-ad13-445b-9ec0-8ae77b1cf310/omNode-1/ratis/c9bc4cf4-3bc3-3c60-a66b-523986131536 has been successfully formatted.
2020-10-18 13:35:27,064 [pool-24-thread-1] INFO  server.RaftServerConfigKeys (ConfUtils.java:logGet(44)) - raft.server.notification.no-leader.timeout = 2s (custom)
2020-10-18 13:35:27,077 [pool-24-thread-1] INFO  server.RaftServerConfigKeys (ConfUtils.java:logGet(44)) - raft.server.log.use.memory = false (default)
2020-10-18 13:35:27,083 [pool-24-thread-1] INFO  server.RaftServerConfigKeys (ConfUtils.java:logGet(44)) - raft.server.log.purge.gap = 50 (custom)
2020-10-18 13:35:27,094 [pool-24-thread-1] INFO  metrics.RatisMetrics (RatisMetrics.java:lambda$create$0(36)) - Creating Metrics Registry : ratis.log_worker.omNode-1@group-523986131536
2020-10-18 13:35:27,112 [pool-24-thread-1] INFO  server.RaftServerConfigKeys (ConfUtils.java:logGet(44)) - raft.server.log.appender.buffer.byte-limit = 33554432 (custom)
2020-10-18 13:35:27,115 [pool-24-thread-1] INFO  server.RaftServerConfigKeys (ConfUtils.java:logGet(44)) - raft.server.log.segment.size.max = 4194304 (custom)
2020-10-18 13:35:27,136 [pool-24-thread-1] INFO  server.RaftServerConfigKeys (ConfUtils.java:logGet(44)) - raft.server.log.segment.cache.num.max = 2 (custom)
2020-10-18 13:35:27,141 [pool-24-thread-1] INFO  segmented.SegmentedRaftLogWorker (SegmentedRaftLogWorker.java:<init>(180)) - new omNode-1@group-523986131536-SegmentedRaftLogWorker for RaftStorage:Storage Directory /github/workspace/mnt/ozone/hadoop-ozone/integration-test/target/test-dir/MiniOzoneClusterImpl-d38fabef-ad13-445b-9ec0-8ae77b1cf310/omNode-1/ratis/c9bc4cf4-3bc3-3c60-a66b-523986131536
2020-10-18 13:35:27,155 [pool-24-thread-1] INFO  server.RaftServerConfigKeys (ConfUtils.java:logGet(44)) - raft.server.log.queue.byte-limit = 64MB (=67108864) (default)
2020-10-18 13:35:27,155 [pool-24-thread-1] INFO  server.RaftServerConfigKeys (ConfUtils.java:logGet(44)) - raft.server.log.queue.element-limit = 4096 (default)
2020-10-18 13:35:27,156 [pool-24-thread-1] INFO  server.RaftServerConfigKeys (ConfUtils.java:logGet(44)) - raft.server.log.segment.size.max = 4194304 (custom)
2020-10-18 13:35:27,162 [pool-24-thread-1] INFO  server.RaftServerConfigKeys (ConfUtils.java:logGet(44)) - raft.server.log.preallocated.size = 4194304 (custom)
2020-10-18 13:35:27,162 [pool-24-thread-1] INFO  server.RaftServerConfigKeys (ConfUtils.java:logGet(44)) - raft.server.log.write.buffer.size = 64KB (=65536) (default)
2020-10-18 13:35:27,163 [pool-24-thread-1] INFO  server.RaftServerConfigKeys (ConfUtils.java:logGet(44)) - raft.server.log.force.sync.num = 128 (default)
2020-10-18 13:35:27,164 [Listener at 0.0.0.0/33299] INFO  ipc.CallQueueManager (CallQueueManager.java:<init>(84)) - Using callQueue: class java.util.concurrent.LinkedBlockingQueue, queueCapacity: 2000, scheduler: class org.apache.hadoop.ipc.DefaultRpcScheduler, ipcBackoff: false.
2020-10-18 13:35:27,165 [Socket Reader #1 for port 13764] INFO  ipc.Server (Server.java:run(1219)) - Starting Socket Reader #1 for port 13764
2020-10-18 13:35:27,167 [pool-24-thread-1] INFO  server.RaftServerConfigKeys (ConfUtils.java:logGet(44)) - raft.server.log.statemachine.data.sync = true (default)
2020-10-18 13:35:27,168 [pool-24-thread-1] INFO  server.RaftServerConfigKeys (ConfUtils.java:logGet(44)) - raft.server.log.statemachine.data.sync.timeout = 10s (default)
2020-10-18 13:35:27,168 [pool-24-thread-1] INFO  server.RaftServerConfigKeys (ConfUtils.java:logGet(44)) - raft.server.log.statemachine.data.sync.timeout.retry = -1 (default)
2020-10-18 13:35:27,207 [Listener at 127.0.0.1/13764] INFO  impl.MetricsSystemImpl (MetricsSystemImpl.java:init(158)) - OzoneManager metrics system started (again)
2020-10-18 13:35:27,208 [pool-24-thread-1] INFO  server.RaftServerConfigKeys (ConfUtils.java:logGet(44)) - raft.server.log.statemachine.data.caching.enabled = false (default)
2020-10-18 13:35:27,211 [Listener at 127.0.0.1/13764] INFO  om.OzoneManager (OzoneManager.java:start(1133)) - OzoneManager RPC server is listening at localhost/127.0.0.1:13764
2020-10-18 13:35:27,211 [Listener at 127.0.0.1/13764] INFO  ratis.OzoneManagerRatisServer (OzoneManagerRatisServer.java:start(372)) - Starting OzoneManagerRatisServer omNode-1 at port 13768
2020-10-18 13:35:27,212 [pool-24-thread-1] INFO  segmented.SegmentedRaftLogWorker (SegmentedRaftLogWorker.java:lambda$new$0(129)) - omNode-1@group-523986131536-SegmentedRaftLogWorker: flushIndex: setUnconditionally 0 -> -1
2020-10-18 13:35:27,212 [pool-24-thread-1] INFO  segmented.SegmentedRaftLogWorker (SegmentedRaftLogWorker.java:lambda$new$0(129)) - omNode-1@group-523986131536-SegmentedRaftLogWorker: safeCacheEvictIndex: setUnconditionally 0 -> -1
2020-10-18 13:35:27,222 [pool-24-thread-1] INFO  server.RaftServerConfigKeys (ConfUtils.java:logGet(44)) - raft.server.snapshot.auto.trigger.enabled = true (custom)
2020-10-18 13:35:27,222 [pool-24-thread-1] INFO  server.RaftServerConfigKeys (ConfUtils.java:logGet(44)) - raft.server.snapshot.auto.trigger.threshold = 50 (custom)
2020-10-18 13:35:27,223 [pool-24-thread-1] INFO  server.RaftServerConfigKeys (ConfUtils.java:logGet(44)) - raft.server.snapshot.retention.file.num = -1 (default)
2020-10-18 13:35:27,224 [pool-24-thread-1] INFO  server.RaftServerConfigKeys (ConfUtils.java:logGet(44)) - raft.server.log.purge.upto.snapshot.index = true (custom)
2020-10-18 13:35:27,224 [pool-24-thread-1] INFO  server.RaftServerConfigKeys (ConfUtils.java:logGet(44)) - raft.server.retrycache.expirytime = 600000ms (custom)
2020-10-18 13:35:27,244 [pool-24-thread-1] INFO  metrics.RatisMetrics (RatisMetrics.java:lambda$create$0(36)) - Creating Metrics Registry : ratis.leader_election.omNode-1@group-523986131536
2020-10-18 13:35:27,247 [pool-24-thread-1] INFO  metrics.RatisMetrics (RatisMetrics.java:lambda$create$0(36)) - Creating Metrics Registry : ratis.server.omNode-1@group-523986131536
2020-10-18 13:35:27,251 [Listener at 127.0.0.1/13764] INFO  impl.RaftServerImpl (RaftServerImpl.java:start(209)) - omNode-1@group-523986131536: start as a follower, conf=-1: [omNode-3:localhost:13780:0, omNode-1:localhost:13768:0, omNode-2:localhost:13774:0], old=null
2020-10-18 13:35:27,252 [Listener at 127.0.0.1/13764] INFO  impl.RaftServerImpl (RaftServerImpl.java:setRole(198)) - omNode-1@group-523986131536: changes role from      null to FOLLOWER at term 0 for startAsFollower
2020-10-18 13:35:27,253 [Listener at 127.0.0.1/13764] INFO  impl.RoleInfo (RoleInfo.java:updateAndGet(143)) - omNode-1: start FollowerState
2020-10-18 13:35:27,255 [Listener at 127.0.0.1/13764] INFO  util.JmxRegister (JmxRegister.java:tryRegister(44)) - Successfully registered JMX Bean with object name Ratis:service=RaftServer,group=group-523986131536,id=omNode-1
2020-10-18 13:35:27,256 [Listener at 127.0.0.1/13764] INFO  metrics.RatisMetrics (RatisMetrics.java:lambda$create$0(36)) - Creating Metrics Registry : ratis.state_machine.omNode-1@group-523986131536
2020-10-18 13:35:27,259 [Listener at 127.0.0.1/13764] INFO  impl.RaftServerProxy (RaftServerProxy.java:lambda$start$3(307)) - omNode-1: start RPC server
2020-10-18 13:35:27,360 [Listener at 127.0.0.1/13764] INFO  server.GrpcService (GrpcService.java:startImpl(177)) - omNode-1: GrpcService started, listening on 0.0.0.0/0.0.0.0:13768
2020-10-18 13:35:27,370 [Listener at 127.0.0.1/13764] INFO  http.BaseHttpServer (BaseHttpServer.java:newHttpServer2BuilderForOzone(207)) - Starting Web-server for ozoneManager at: http://0.0.0.0:13766
2020-10-18 13:35:27,370 [Listener at 127.0.0.1/13764] INFO  http.BaseHttpServer (BaseHttpServer.java:<init>(106)) - Hadoop Security Enabled: false Ozone Security Enabled: false Ozone HTTP Security Enabled: false 
2020-10-18 13:35:27,372 [Listener at 127.0.0.1/13764] INFO  server.AuthenticationFilter (AuthenticationFilter.java:constructSecretProvider(240)) - Unable to initialize FileSignerSecretProvider, falling back to use random secrets.
2020-10-18 13:35:27,383 [Listener at 127.0.0.1/13764] WARN  http.HttpRequestLog (HttpRequestLog.java:getRequestLog(103)) - Jetty request log can only be enabled using Log4j
2020-10-18 13:35:27,384 [Listener at 127.0.0.1/13764] INFO  http.HttpServer2 (HttpServer2.java:addGlobalFilter(1019)) - Added global filter 'safety' (class=org.apache.hadoop.hdds.server.http.HttpServer2$QuotingInputFilter)
2020-10-18 13:35:27,385 [Listener at 127.0.0.1/13764] INFO  http.HttpServer2 (HttpServer2.java:addFilter(995)) - Added filter static_user_filter (class=org.apache.hadoop.http.lib.StaticUserWebFilter$StaticUserFilter) to context ozoneManager
2020-10-18 13:35:27,385 [Listener at 127.0.0.1/13764] INFO  http.HttpServer2 (HttpServer2.java:addFilter(1003)) - Added filter static_user_filter (class=org.apache.hadoop.http.lib.StaticUserWebFilter$StaticUserFilter) to context static
2020-10-18 13:35:27,386 [Listener at 127.0.0.1/13764] INFO  http.HttpServer2 (HttpServer2.java:addFilter(1003)) - Added filter static_user_filter (class=org.apache.hadoop.http.lib.StaticUserWebFilter$StaticUserFilter) to context logs
2020-10-18 13:35:27,390 [Listener at 127.0.0.1/13764] INFO  http.HttpServer2 (HttpServer2.java:bindListener(1237)) - Jetty bound to port 13766
2020-10-18 13:35:27,391 [Listener at 127.0.0.1/13764] INFO  server.Server (Server.java:doStart(359)) - jetty-9.4.26.v20200117; built: 2020-01-17T12:35:33.676Z; git: 7b38981d25d14afb4a12ff1f2596756144edf695; jvm 1.8.0_232-b09
2020-10-18 13:35:27,415 [Listener at 127.0.0.1/13764] INFO  server.session (DefaultSessionIdManager.java:doStart(333)) - DefaultSessionIdManager workerName=node0
2020-10-18 13:35:27,415 [Listener at 127.0.0.1/13764] INFO  server.session (DefaultSessionIdManager.java:doStart(338)) - No SessionScavenger set, using defaults
2020-10-18 13:35:27,416 [Listener at 127.0.0.1/13764] INFO  server.session (HouseKeeper.java:startScavenging(140)) - node0 Scavenging every 660000ms
2020-10-18 13:35:27,419 [Listener at 127.0.0.1/13764] INFO  handler.ContextHandler (ContextHandler.java:doStart(825)) - Started o.e.j.s.ServletContextHandler@1bda627c{logs,/logs,file:///github/workspace/mnt/ozone/hadoop-ozone/integration-test/target/log,AVAILABLE}
2020-10-18 13:35:27,420 [Listener at 127.0.0.1/13764] INFO  handler.ContextHandler (ContextHandler.java:doStart(825)) - Started o.e.j.s.ServletContextHandler@37f3ac02{static,/static,file:///github/workspace/mnt/ozone/hadoop-ozone/integration-test/target/test-classes/webapps/static,AVAILABLE}
2020-10-18 13:35:27,425 [Listener at 127.0.0.1/13764] INFO  handler.ContextHandler (ContextHandler.java:doStart(825)) - Started o.e.j.w.WebAppContext@2ebad2ee{ozoneManager,/,file:///github/workspace/mnt/ozone/hadoop-ozone/integration-test/target/test-classes/webapps/ozoneManager/,AVAILABLE}{file:/github/workspace/mnt/ozone/hadoop-ozone/integration-test/target/test-classes/webapps/ozoneManager}
2020-10-18 13:35:27,431 [Listener at 127.0.0.1/13764] INFO  server.AbstractConnector (AbstractConnector.java:doStart(330)) - Started ServerConnector@72716847{HTTP/1.1,[http/1.1]}{0.0.0.0:13766}
2020-10-18 13:35:27,431 [Listener at 127.0.0.1/13764] INFO  server.Server (Server.java:doStart(399)) - Started @5102ms
2020-10-18 13:35:27,431 [Listener at 127.0.0.1/13764] WARN  impl.MetricsSystemImpl (MetricsSystemImpl.java:register(276)) - Sink prometheus already exists!
2020-10-18 13:35:27,433 [Listener at 127.0.0.1/13764] INFO  http.BaseHttpServer (BaseHttpServer.java:updateConnectorAddress(327)) - HTTP server of ozoneManager listening at http://0.0.0.0:13766
2020-10-18 13:35:27,434 [IPC Server Responder] INFO  ipc.Server (Server.java:run(1460)) - IPC Server Responder: starting
2020-10-18 13:35:27,434 [IPC Server listener on 13764] INFO  ipc.Server (Server.java:run(1298)) - IPC Server listener on 13764: starting
2020-10-18 13:35:27,439 [Listener at 127.0.0.1/13764] INFO  ozone.MiniOzoneHAClusterImpl (MiniOzoneHAClusterImpl.java:createOMService(380)) - Started OzoneManager RPC server at localhost/127.0.0.1:13764
2020-10-18 13:35:27,439 [Listener at 127.0.0.1/13764] WARN  server.ServerUtils (ServerUtils.java:getDBPath(225)) - ozone.om.db.dirs is not configured. We recommend adding this setting. Falling back to ozone.metadata.dirs instead.
2020-10-18 13:35:27,442 [org.apache.hadoop.util.JvmPauseMonitor$Monitor@3dce7cbd] INFO  util.JvmPauseMonitor (JvmPauseMonitor.java:run(188)) - Starting JVM pause monitor
2020-10-18 13:35:27,446 [Listener at 127.0.0.1/13764] INFO  ha.OMHANodeDetails (OMHANodeDetails.java:loadOMHAConfig(110)) - ServiceID for OzoneManager is om-service-test1
2020-10-18 13:35:27,447 [Listener at 127.0.0.1/13764] INFO  ha.OMHANodeDetails (OMHANodeDetails.java:loadOMHAConfig(188)) - Found matching OM address with OMServiceId: om-service-test1, OMNodeId: omNode-2, RPC Address: localhost:13770 and Ratis port: 13774
2020-10-18 13:35:27,447 [Listener at 127.0.0.1/13764] INFO  ha.OMHANodeDetails (OMHANodeDetails.java:setOMNodeSpecificConfigs(314)) - Setting configuration key ozone.om.http-address with value of key ozone.om.http-address.omNode-2: 127.0.0.1:13772
2020-10-18 13:35:27,447 [Listener at 127.0.0.1/13764] INFO  ha.OMHANodeDetails (OMHANodeDetails.java:setOMNodeSpecificConfigs(314)) - Setting configuration key ozone.om.https-address with value of key ozone.om.https-address.omNode-2: 127.0.0.1:13773
2020-10-18 13:35:27,448 [Listener at 127.0.0.1/13764] INFO  ha.OMHANodeDetails (OMHANodeDetails.java:setOMNodeSpecificConfigs(314)) - Setting configuration key ozone.om.address with value of key ozone.om.address.omNode-2: 127.0.0.1:13770
2020-10-18 13:35:27,448 [Listener at 127.0.0.1/13764] WARN  server.ServerUtils (ServerUtils.java:getDBPath(225)) - ozone.om.db.dirs is not configured. We recommend adding this setting. Falling back to ozone.metadata.dirs instead.
2020-10-18 13:35:27,448 [Listener at 127.0.0.1/13764] WARN  server.ServerUtils (ServerUtils.java:getDBPath(225)) - ozone.om.db.dirs is not configured. We recommend adding this setting. Falling back to ozone.metadata.dirs instead.
2020-10-18 13:35:27,451 [Listener at 127.0.0.1/13764] WARN  server.ServerUtils (ServerUtils.java:getDBPath(225)) - ozone.om.db.dirs is not configured. We recommend adding this setting. Falling back to ozone.metadata.dirs instead.
2020-10-18 13:35:27,452 [Listener at 127.0.0.1/13764] INFO  codec.OmKeyInfoCodec (OmKeyInfoCodec.java:<init>(41)) - OmKeyInfoCodec ignorePipeline = true
2020-10-18 13:35:27,452 [Listener at 127.0.0.1/13764] INFO  codec.RepeatedOmKeyInfoCodec (RepeatedOmKeyInfoCodec.java:<init>(40)) - RepeatedOmKeyInfoCodec ignorePipeline = true
2020-10-18 13:35:27,514 [Listener at 127.0.0.1/13764] INFO  om.OzoneManager (OzoneManager.java:addS3GVolumeToDB(3622)) - Created Volume s3v With Owner jenkins1001 required for S3Gateway operations.
2020-10-18 13:35:27,515 [Listener at 127.0.0.1/13764] WARN  server.ServerUtils (ServerUtils.java:getDefaultRatisDirectory(237)) - Storage directory for Ratis is not configured. It is a good idea to map this to an SSD disk. Falling back to ozone.metadata.dirs
2020-10-18 13:35:27,516 [Listener at 127.0.0.1/13764] INFO  ratis.OzoneManagerRatisServer (OzoneManagerRatisServer.java:<init>(270)) - Instantiating OM Ratis server with GroupID: om-service-test1 and Raft Peers: localhost:13774, localhost:13768, localhost:13780
2020-10-18 13:35:27,516 [Listener at 127.0.0.1/13764] INFO  ratis.OzoneManagerStateMachine (OzoneManagerStateMachine.java:loadSnapshotInfoFromDB(519)) - LastAppliedIndex is set from TransactionInfo from OM DB as (t:0, i:~)
2020-10-18 13:35:27,518 [Listener at 127.0.0.1/13764] INFO  impl.RaftServerProxy (ConfUtils.java:logGet(44)) - raft.rpc.type = GRPC (default)
2020-10-18 13:35:27,519 [Listener at 127.0.0.1/13764] INFO  grpc.GrpcFactory (GrpcFactory.java:checkPooledByteBufAllocatorUseCacheForAllThreads(45)) - PERFORMANCE WARNING: useCacheForAllThreads is true that may cause Netty to create a lot garbage objects and, as a result, trigger GC.
	It is recommended to disable useCacheForAllThreads by setting -Dorg.apache.ratis.thirdparty.io.netty.allocator.useCacheForAllThreads=false in command line.
2020-10-18 13:35:27,519 [Listener at 127.0.0.1/13764] INFO  grpc.GrpcConfigKeys (ConfUtils.java:logGet(44)) - raft.grpc.server.port = 13774 (custom)
2020-10-18 13:35:27,519 [Listener at 127.0.0.1/13764] INFO  server.GrpcService (ConfUtils.java:logGet(44)) - raft.grpc.message.size.max = 33554432 (custom)
2020-10-18 13:35:27,519 [Listener at 127.0.0.1/13764] INFO  server.RaftServerConfigKeys (ConfUtils.java:logGet(44)) - raft.server.log.appender.buffer.byte-limit = 33554432 (custom)
2020-10-18 13:35:27,519 [Listener at 127.0.0.1/13764] INFO  server.GrpcService (ConfUtils.java:logGet(44)) - raft.grpc.flow.control.window = 1MB (=1048576) (default)
2020-10-18 13:35:27,519 [Listener at 127.0.0.1/13764] INFO  server.RaftServerConfigKeys (ConfUtils.java:logGet(44)) - raft.server.rpc.request.timeout = 3000ms (default)
2020-10-18 13:35:27,521 [Listener at 127.0.0.1/13764] INFO  server.RaftServerConfigKeys (ConfUtils.java:logGet(44)) - raft.server.storage.dir = [/github/workspace/mnt/ozone/hadoop-ozone/integration-test/target/test-dir/MiniOzoneClusterImpl-d38fabef-ad13-445b-9ec0-8ae77b1cf310/omNode-2/ratis] (custom)
2020-10-18 13:35:27,522 [Listener at 127.0.0.1/13764] INFO  impl.RaftServerProxy (RaftServerProxy.java:addNew(92)) - omNode-2: addNew group-523986131536:[omNode-3:localhost:13780:0, omNode-1:localhost:13768:0, omNode-2:localhost:13774:0] returns group-523986131536:java.util.concurrent.CompletableFuture@7e622d8b[Not completed]
2020-10-18 13:35:27,523 [pool-42-thread-1] INFO  impl.RaftServerImpl (RaftServerImpl.java:<init>(120)) - omNode-2: new RaftServerImpl for group-523986131536:[omNode-3:localhost:13780:0, omNode-1:localhost:13768:0, omNode-2:localhost:13774:0] with OzoneManagerStateMachine:uninitialized
2020-10-18 13:35:27,526 [Listener at 127.0.0.1/13764] INFO  om.OzoneManager (OzoneManager.java:initializeRatisServer(1279)) - OzoneManager Ratis server initialized at port 13774
2020-10-18 13:35:27,527 [Listener at 127.0.0.1/13764] WARN  server.ServerUtils (ServerUtils.java:getDefaultRatisDirectory(237)) - Storage directory for Ratis is not configured. It is a good idea to map this to an SSD disk. Falling back to ozone.metadata.dirs
2020-10-18 13:35:27,527 [Listener at 127.0.0.1/13764] WARN  server.ServerUtils (ServerUtils.java:getDefaultRatisDirectory(237)) - Storage directory for Ratis is not configured. It is a good idea to map this to an SSD disk. Falling back to ozone.metadata.dirs
2020-10-18 13:35:27,527 [Listener at 127.0.0.1/13764] INFO  snapshot.OzoneManagerSnapshotProvider (OzoneManagerSnapshotProvider.java:<init>(77)) - Initializing OM Snapshot Provider
2020-10-18 13:35:27,533 [pool-42-thread-1] INFO  server.RaftServerConfigKeys (ConfUtils.java:logGet(44)) - raft.server.rpc.timeout.min = 1s (custom)
2020-10-18 13:35:27,533 [pool-42-thread-1] INFO  server.RaftServerConfigKeys (ConfUtils.java:logGet(44)) - raft.server.rpc.timeout.max = 1200ms (custom)
2020-10-18 13:35:27,533 [pool-42-thread-1] INFO  server.RaftServerConfigKeys (ConfUtils.java:logGet(44)) - raft.server.rpcslowness.timeout = 2s (custom)
2020-10-18 13:35:27,535 [Listener at 127.0.0.1/13764] INFO  ipc.CallQueueManager (CallQueueManager.java:<init>(84)) - Using callQueue: class java.util.concurrent.LinkedBlockingQueue, queueCapacity: 2000, scheduler: class org.apache.hadoop.ipc.DefaultRpcScheduler, ipcBackoff: false.
2020-10-18 13:35:27,538 [pool-42-thread-1] INFO  server.RaftServerConfigKeys (ConfUtils.java:logGet(44)) - raft.server.sleep.deviation.threshold = 300 (default)
2020-10-18 13:35:27,538 [pool-42-thread-1] INFO  server.RaftServerConfigKeys (ConfUtils.java:logGet(44)) - raft.server.log.appender.install.snapshot.enabled = false (custom)
2020-10-18 13:35:27,538 [pool-42-thread-1] INFO  impl.RaftServerImpl (ServerState.java:<init>(104)) - omNode-2@group-523986131536: ConfigurationManager, init=-1: [omNode-3:localhost:13780:0, omNode-1:localhost:13768:0, omNode-2:localhost:13774:0], old=null, confs=<EMPTY_MAP>
2020-10-18 13:35:27,538 [pool-42-thread-1] INFO  server.RaftServerConfigKeys (ConfUtils.java:logGet(44)) - raft.server.storage.dir = [/github/workspace/mnt/ozone/hadoop-ozone/integration-test/target/test-dir/MiniOzoneClusterImpl-d38fabef-ad13-445b-9ec0-8ae77b1cf310/omNode-2/ratis] (custom)
2020-10-18 13:35:27,538 [pool-42-thread-1] INFO  server.RaftServerConfigKeys (ConfUtils.java:logGet(44)) - raft.server.log.corruption.policy = EXCEPTION (default)
2020-10-18 13:35:27,539 [Socket Reader #1 for port 13770] INFO  ipc.Server (Server.java:run(1219)) - Starting Socket Reader #1 for port 13770
2020-10-18 13:35:27,539 [pool-42-thread-1] INFO  storage.RaftStorageDirectory (RaftStorageDirectory.java:analyzeStorage(261)) - The storage directory /github/workspace/mnt/ozone/hadoop-ozone/integration-test/target/test-dir/MiniOzoneClusterImpl-d38fabef-ad13-445b-9ec0-8ae77b1cf310/omNode-2/ratis/c9bc4cf4-3bc3-3c60-a66b-523986131536 does not exist. Creating ...
2020-10-18 13:35:27,546 [pool-42-thread-1] INFO  storage.RaftStorageDirectory (RaftStorageDirectory.java:tryLock(343)) - Lock on /github/workspace/mnt/ozone/hadoop-ozone/integration-test/target/test-dir/MiniOzoneClusterImpl-d38fabef-ad13-445b-9ec0-8ae77b1cf310/omNode-2/ratis/c9bc4cf4-3bc3-3c60-a66b-523986131536/in_use.lock acquired by nodename 8904@e04758552647
2020-10-18 13:35:27,550 [pool-42-thread-1] INFO  storage.RaftStorage (RaftStorage.java:format(84)) - Storage directory /github/workspace/mnt/ozone/hadoop-ozone/integration-test/target/test-dir/MiniOzoneClusterImpl-d38fabef-ad13-445b-9ec0-8ae77b1cf310/omNode-2/ratis/c9bc4cf4-3bc3-3c60-a66b-523986131536 has been successfully formatted.
2020-10-18 13:35:27,550 [pool-42-thread-1] INFO  server.RaftServerConfigKeys (ConfUtils.java:logGet(44)) - raft.server.notification.no-leader.timeout = 2s (custom)
2020-10-18 13:35:27,550 [pool-42-thread-1] INFO  server.RaftServerConfigKeys (ConfUtils.java:logGet(44)) - raft.server.log.use.memory = false (default)
2020-10-18 13:35:27,550 [pool-42-thread-1] INFO  server.RaftServerConfigKeys (ConfUtils.java:logGet(44)) - raft.server.log.purge.gap = 50 (custom)
2020-10-18 13:35:27,550 [pool-42-thread-1] INFO  metrics.RatisMetrics (RatisMetrics.java:lambda$create$0(36)) - Creating Metrics Registry : ratis.log_worker.omNode-2@group-523986131536
2020-10-18 13:35:27,551 [pool-42-thread-1] INFO  server.RaftServerConfigKeys (ConfUtils.java:logGet(44)) - raft.server.log.appender.buffer.byte-limit = 33554432 (custom)
2020-10-18 13:35:27,551 [pool-42-thread-1] INFO  server.RaftServerConfigKeys (ConfUtils.java:logGet(44)) - raft.server.log.segment.size.max = 4194304 (custom)
2020-10-18 13:35:27,551 [pool-42-thread-1] INFO  server.RaftServerConfigKeys (ConfUtils.java:logGet(44)) - raft.server.log.segment.cache.num.max = 2 (custom)
2020-10-18 13:35:27,551 [pool-42-thread-1] INFO  segmented.SegmentedRaftLogWorker (SegmentedRaftLogWorker.java:<init>(180)) - new omNode-2@group-523986131536-SegmentedRaftLogWorker for RaftStorage:Storage Directory /github/workspace/mnt/ozone/hadoop-ozone/integration-test/target/test-dir/MiniOzoneClusterImpl-d38fabef-ad13-445b-9ec0-8ae77b1cf310/omNode-2/ratis/c9bc4cf4-3bc3-3c60-a66b-523986131536
2020-10-18 13:35:27,554 [pool-42-thread-1] INFO  server.RaftServerConfigKeys (ConfUtils.java:logGet(44)) - raft.server.log.queue.byte-limit = 64MB (=67108864) (default)
2020-10-18 13:35:27,554 [pool-42-thread-1] INFO  server.RaftServerConfigKeys (ConfUtils.java:logGet(44)) - raft.server.log.queue.element-limit = 4096 (default)
2020-10-18 13:35:27,554 [pool-42-thread-1] INFO  server.RaftServerConfigKeys (ConfUtils.java:logGet(44)) - raft.server.log.segment.size.max = 4194304 (custom)
2020-10-18 13:35:27,555 [pool-42-thread-1] INFO  server.RaftServerConfigKeys (ConfUtils.java:logGet(44)) - raft.server.log.preallocated.size = 4194304 (custom)
2020-10-18 13:35:27,555 [pool-42-thread-1] INFO  server.RaftServerConfigKeys (ConfUtils.java:logGet(44)) - raft.server.log.write.buffer.size = 64KB (=65536) (default)
2020-10-18 13:35:27,555 [pool-42-thread-1] INFO  server.RaftServerConfigKeys (ConfUtils.java:logGet(44)) - raft.server.log.force.sync.num = 128 (default)
2020-10-18 13:35:27,555 [pool-42-thread-1] INFO  server.RaftServerConfigKeys (ConfUtils.java:logGet(44)) - raft.server.log.statemachine.data.sync = true (default)
2020-10-18 13:35:27,555 [pool-42-thread-1] INFO  server.RaftServerConfigKeys (ConfUtils.java:logGet(44)) - raft.server.log.statemachine.data.sync.timeout = 10s (default)
2020-10-18 13:35:27,555 [pool-42-thread-1] INFO  server.RaftServerConfigKeys (ConfUtils.java:logGet(44)) - raft.server.log.statemachine.data.sync.timeout.retry = -1 (default)
2020-10-18 13:35:27,556 [pool-42-thread-1] INFO  server.RaftServerConfigKeys (ConfUtils.java:logGet(44)) - raft.server.log.statemachine.data.caching.enabled = false (default)
2020-10-18 13:35:27,556 [pool-42-thread-1] INFO  segmented.SegmentedRaftLogWorker (SegmentedRaftLogWorker.java:lambda$new$0(129)) - omNode-2@group-523986131536-SegmentedRaftLogWorker: flushIndex: setUnconditionally 0 -> -1
2020-10-18 13:35:27,556 [pool-42-thread-1] INFO  segmented.SegmentedRaftLogWorker (SegmentedRaftLogWorker.java:lambda$new$0(129)) - omNode-2@group-523986131536-SegmentedRaftLogWorker: safeCacheEvictIndex: setUnconditionally 0 -> -1
2020-10-18 13:35:27,559 [Listener at 127.0.0.1/13770] INFO  impl.MetricsSystemImpl (MetricsSystemImpl.java:init(158)) - OzoneManager metrics system started (again)
2020-10-18 13:35:27,559 [pool-42-thread-1] INFO  server.RaftServerConfigKeys (ConfUtils.java:logGet(44)) - raft.server.snapshot.auto.trigger.enabled = true (custom)
2020-10-18 13:35:27,559 [pool-42-thread-1] INFO  server.RaftServerConfigKeys (ConfUtils.java:logGet(44)) - raft.server.snapshot.auto.trigger.threshold = 50 (custom)
2020-10-18 13:35:27,560 [pool-42-thread-1] INFO  server.RaftServerConfigKeys (ConfUtils.java:logGet(44)) - raft.server.snapshot.retention.file.num = -1 (default)
2020-10-18 13:35:27,561 [pool-42-thread-1] INFO  server.RaftServerConfigKeys (ConfUtils.java:logGet(44)) - raft.server.log.purge.upto.snapshot.index = true (custom)
2020-10-18 13:35:27,561 [pool-42-thread-1] INFO  server.RaftServerConfigKeys (ConfUtils.java:logGet(44)) - raft.server.retrycache.expirytime = 600000ms (custom)
2020-10-18 13:35:27,561 [pool-42-thread-1] INFO  metrics.RatisMetrics (RatisMetrics.java:lambda$create$0(36)) - Creating Metrics Registry : ratis.leader_election.omNode-2@group-523986131536
2020-10-18 13:35:27,561 [pool-42-thread-1] INFO  metrics.RatisMetrics (RatisMetrics.java:lambda$create$0(36)) - Creating Metrics Registry : ratis.server.omNode-2@group-523986131536
2020-10-18 13:35:27,560 [Listener at 127.0.0.1/13770] INFO  om.OzoneManager (OzoneManager.java:start(1133)) - OzoneManager RPC server is listening at localhost/127.0.0.1:13770
2020-10-18 13:35:27,562 [Listener at 127.0.0.1/13770] INFO  ratis.OzoneManagerRatisServer (OzoneManagerRatisServer.java:start(372)) - Starting OzoneManagerRatisServer omNode-2 at port 13774
2020-10-18 13:35:27,563 [Listener at 127.0.0.1/13770] INFO  impl.RaftServerImpl (RaftServerImpl.java:start(209)) - omNode-2@group-523986131536: start as a follower, conf=-1: [omNode-3:localhost:13780:0, omNode-1:localhost:13768:0, omNode-2:localhost:13774:0], old=null
2020-10-18 13:35:27,563 [Listener at 127.0.0.1/13770] INFO  impl.RaftServerImpl (RaftServerImpl.java:setRole(198)) - omNode-2@group-523986131536: changes role from      null to FOLLOWER at term 0 for startAsFollower
2020-10-18 13:35:27,563 [Listener at 127.0.0.1/13770] INFO  impl.RoleInfo (RoleInfo.java:updateAndGet(143)) - omNode-2: start FollowerState
2020-10-18 13:35:27,564 [Listener at 127.0.0.1/13770] INFO  util.JmxRegister (JmxRegister.java:tryRegister(44)) - Successfully registered JMX Bean with object name Ratis:service=RaftServer,group=group-523986131536,id=omNode-2
2020-10-18 13:35:27,564 [Listener at 127.0.0.1/13770] INFO  metrics.RatisMetrics (RatisMetrics.java:lambda$create$0(36)) - Creating Metrics Registry : ratis.state_machine.omNode-2@group-523986131536
2020-10-18 13:35:27,567 [Listener at 127.0.0.1/13770] INFO  impl.RaftServerProxy (RaftServerProxy.java:lambda$start$3(307)) - omNode-2: start RPC server
2020-10-18 13:35:27,568 [Listener at 127.0.0.1/13770] INFO  server.GrpcService (GrpcService.java:startImpl(177)) - omNode-2: GrpcService started, listening on 0.0.0.0/0.0.0.0:13774
2020-10-18 13:35:27,574 [Listener at 127.0.0.1/13770] INFO  http.BaseHttpServer (BaseHttpServer.java:newHttpServer2BuilderForOzone(207)) - Starting Web-server for ozoneManager at: http://0.0.0.0:13772
2020-10-18 13:35:27,574 [Listener at 127.0.0.1/13770] INFO  http.BaseHttpServer (BaseHttpServer.java:<init>(106)) - Hadoop Security Enabled: false Ozone Security Enabled: false Ozone HTTP Security Enabled: false 
2020-10-18 13:35:27,576 [Listener at 127.0.0.1/13770] INFO  server.AuthenticationFilter (AuthenticationFilter.java:constructSecretProvider(240)) - Unable to initialize FileSignerSecretProvider, falling back to use random secrets.
2020-10-18 13:35:27,578 [Listener at 127.0.0.1/13770] WARN  http.HttpRequestLog (HttpRequestLog.java:getRequestLog(103)) - Jetty request log can only be enabled using Log4j
2020-10-18 13:35:27,579 [Listener at 127.0.0.1/13770] INFO  http.HttpServer2 (HttpServer2.java:addGlobalFilter(1019)) - Added global filter 'safety' (class=org.apache.hadoop.hdds.server.http.HttpServer2$QuotingInputFilter)
2020-10-18 13:35:27,580 [Listener at 127.0.0.1/13770] INFO  http.HttpServer2 (HttpServer2.java:addFilter(995)) - Added filter static_user_filter (class=org.apache.hadoop.http.lib.StaticUserWebFilter$StaticUserFilter) to context ozoneManager
2020-10-18 13:35:27,580 [Listener at 127.0.0.1/13770] INFO  http.HttpServer2 (HttpServer2.java:addFilter(1003)) - Added filter static_user_filter (class=org.apache.hadoop.http.lib.StaticUserWebFilter$StaticUserFilter) to context logs
2020-10-18 13:35:27,580 [Listener at 127.0.0.1/13770] INFO  http.HttpServer2 (HttpServer2.java:addFilter(1003)) - Added filter static_user_filter (class=org.apache.hadoop.http.lib.StaticUserWebFilter$StaticUserFilter) to context static
2020-10-18 13:35:27,581 [Listener at 127.0.0.1/13770] INFO  http.HttpServer2 (HttpServer2.java:bindListener(1237)) - Jetty bound to port 13772
2020-10-18 13:35:27,581 [Listener at 127.0.0.1/13770] INFO  server.Server (Server.java:doStart(359)) - jetty-9.4.26.v20200117; built: 2020-01-17T12:35:33.676Z; git: 7b38981d25d14afb4a12ff1f2596756144edf695; jvm 1.8.0_232-b09
2020-10-18 13:35:27,588 [Listener at 127.0.0.1/13770] INFO  server.session (DefaultSessionIdManager.java:doStart(333)) - DefaultSessionIdManager workerName=node0
2020-10-18 13:35:27,588 [Listener at 127.0.0.1/13770] INFO  server.session (DefaultSessionIdManager.java:doStart(338)) - No SessionScavenger set, using defaults
2020-10-18 13:35:27,588 [Listener at 127.0.0.1/13770] INFO  server.session (HouseKeeper.java:startScavenging(140)) - node0 Scavenging every 660000ms
2020-10-18 13:35:27,591 [Listener at 127.0.0.1/13770] INFO  handler.ContextHandler (ContextHandler.java:doStart(825)) - Started o.e.j.s.ServletContextHandler@6d20c3e5{logs,/logs,file:///github/workspace/mnt/ozone/hadoop-ozone/integration-test/target/log,AVAILABLE}
2020-10-18 13:35:27,591 [Listener at 127.0.0.1/13770] INFO  handler.ContextHandler (ContextHandler.java:doStart(825)) - Started o.e.j.s.ServletContextHandler@4947e8af{static,/static,file:///github/workspace/mnt/ozone/hadoop-ozone/integration-test/target/test-classes/webapps/static,AVAILABLE}
2020-10-18 13:35:27,597 [Listener at 127.0.0.1/13770] INFO  handler.ContextHandler (ContextHandler.java:doStart(825)) - Started o.e.j.w.WebAppContext@764654f9{ozoneManager,/,file:///github/workspace/mnt/ozone/hadoop-ozone/integration-test/target/test-classes/webapps/ozoneManager/,AVAILABLE}{file:/github/workspace/mnt/ozone/hadoop-ozone/integration-test/target/test-classes/webapps/ozoneManager}
2020-10-18 13:35:27,611 [Listener at 127.0.0.1/13770] INFO  server.AbstractConnector (AbstractConnector.java:doStart(330)) - Started ServerConnector@383aefd0{HTTP/1.1,[http/1.1]}{0.0.0.0:13772}
2020-10-18 13:35:27,611 [Listener at 127.0.0.1/13770] INFO  server.Server (Server.java:doStart(399)) - Started @5282ms
2020-10-18 13:35:27,611 [Listener at 127.0.0.1/13770] WARN  impl.MetricsSystemImpl (MetricsSystemImpl.java:register(276)) - Sink prometheus already exists!
2020-10-18 13:35:27,614 [Listener at 127.0.0.1/13770] INFO  http.BaseHttpServer (BaseHttpServer.java:updateConnectorAddress(327)) - HTTP server of ozoneManager listening at http://0.0.0.0:13772
2020-10-18 13:35:27,615 [IPC Server Responder] INFO  ipc.Server (Server.java:run(1460)) - IPC Server Responder: starting
2020-10-18 13:35:27,615 [IPC Server listener on 13770] INFO  ipc.Server (Server.java:run(1298)) - IPC Server listener on 13770: starting
2020-10-18 13:35:27,622 [Listener at 127.0.0.1/13770] INFO  ozone.MiniOzoneHAClusterImpl (MiniOzoneHAClusterImpl.java:createOMService(380)) - Started OzoneManager RPC server at localhost/127.0.0.1:13770
2020-10-18 13:35:27,623 [Listener at 127.0.0.1/13770] WARN  server.ServerUtils (ServerUtils.java:getDBPath(225)) - ozone.om.db.dirs is not configured. We recommend adding this setting. Falling back to ozone.metadata.dirs instead.
2020-10-18 13:35:27,634 [Listener at 127.0.0.1/13770] INFO  ha.OMHANodeDetails (OMHANodeDetails.java:loadOMHAConfig(110)) - ServiceID for OzoneManager is om-service-test1
2020-10-18 13:35:27,635 [Listener at 127.0.0.1/13770] INFO  ha.OMHANodeDetails (OMHANodeDetails.java:loadOMHAConfig(188)) - Found matching OM address with OMServiceId: om-service-test1, OMNodeId: omNode-3, RPC Address: localhost:13776 and Ratis port: 13780
2020-10-18 13:35:27,635 [Listener at 127.0.0.1/13770] INFO  ha.OMHANodeDetails (OMHANodeDetails.java:setOMNodeSpecificConfigs(314)) - Setting configuration key ozone.om.http-address with value of key ozone.om.http-address.omNode-3: 127.0.0.1:13778
2020-10-18 13:35:27,635 [Listener at 127.0.0.1/13770] INFO  ha.OMHANodeDetails (OMHANodeDetails.java:setOMNodeSpecificConfigs(314)) - Setting configuration key ozone.om.https-address with value of key ozone.om.https-address.omNode-3: 127.0.0.1:13779
2020-10-18 13:35:27,635 [Listener at 127.0.0.1/13770] INFO  ha.OMHANodeDetails (OMHANodeDetails.java:setOMNodeSpecificConfigs(314)) - Setting configuration key ozone.om.address with value of key ozone.om.address.omNode-3: 127.0.0.1:13776
2020-10-18 13:35:27,636 [Listener at 127.0.0.1/13770] WARN  server.ServerUtils (ServerUtils.java:getDBPath(225)) - ozone.om.db.dirs is not configured. We recommend adding this setting. Falling back to ozone.metadata.dirs instead.
2020-10-18 13:35:27,636 [Listener at 127.0.0.1/13770] WARN  server.ServerUtils (ServerUtils.java:getDBPath(225)) - ozone.om.db.dirs is not configured. We recommend adding this setting. Falling back to ozone.metadata.dirs instead.
2020-10-18 13:35:27,637 [org.apache.hadoop.util.JvmPauseMonitor$Monitor@72f8c95b] INFO  util.JvmPauseMonitor (JvmPauseMonitor.java:run(188)) - Starting JVM pause monitor
2020-10-18 13:35:27,641 [Listener at 127.0.0.1/13770] WARN  server.ServerUtils (ServerUtils.java:getDBPath(225)) - ozone.om.db.dirs is not configured. We recommend adding this setting. Falling back to ozone.metadata.dirs instead.
2020-10-18 13:35:27,641 [Listener at 127.0.0.1/13770] INFO  codec.OmKeyInfoCodec (OmKeyInfoCodec.java:<init>(41)) - OmKeyInfoCodec ignorePipeline = true
2020-10-18 13:35:27,642 [Listener at 127.0.0.1/13770] INFO  codec.RepeatedOmKeyInfoCodec (RepeatedOmKeyInfoCodec.java:<init>(40)) - RepeatedOmKeyInfoCodec ignorePipeline = true
2020-10-18 13:35:27,704 [Listener at 127.0.0.1/13770] INFO  om.OzoneManager (OzoneManager.java:addS3GVolumeToDB(3622)) - Created Volume s3v With Owner jenkins1001 required for S3Gateway operations.
2020-10-18 13:35:27,704 [Listener at 127.0.0.1/13770] WARN  server.ServerUtils (ServerUtils.java:getDefaultRatisDirectory(237)) - Storage directory for Ratis is not configured. It is a good idea to map this to an SSD disk. Falling back to ozone.metadata.dirs
2020-10-18 13:35:27,705 [Listener at 127.0.0.1/13770] INFO  ratis.OzoneManagerRatisServer (OzoneManagerRatisServer.java:<init>(270)) - Instantiating OM Ratis server with GroupID: om-service-test1 and Raft Peers: localhost:13780, localhost:13768, localhost:13774
2020-10-18 13:35:27,705 [Listener at 127.0.0.1/13770] INFO  ratis.OzoneManagerStateMachine (OzoneManagerStateMachine.java:loadSnapshotInfoFromDB(519)) - LastAppliedIndex is set from TransactionInfo from OM DB as (t:0, i:~)
2020-10-18 13:35:27,706 [Listener at 127.0.0.1/13770] INFO  impl.RaftServerProxy (ConfUtils.java:logGet(44)) - raft.rpc.type = GRPC (default)
2020-10-18 13:35:27,707 [Listener at 127.0.0.1/13770] INFO  grpc.GrpcFactory (GrpcFactory.java:checkPooledByteBufAllocatorUseCacheForAllThreads(45)) - PERFORMANCE WARNING: useCacheForAllThreads is true that may cause Netty to create a lot garbage objects and, as a result, trigger GC.
	It is recommended to disable useCacheForAllThreads by setting -Dorg.apache.ratis.thirdparty.io.netty.allocator.useCacheForAllThreads=false in command line.
2020-10-18 13:35:27,707 [Listener at 127.0.0.1/13770] INFO  grpc.GrpcConfigKeys (ConfUtils.java:logGet(44)) - raft.grpc.server.port = 13780 (custom)
2020-10-18 13:35:27,707 [Listener at 127.0.0.1/13770] INFO  server.GrpcService (ConfUtils.java:logGet(44)) - raft.grpc.message.size.max = 33554432 (custom)
2020-10-18 13:35:27,707 [Listener at 127.0.0.1/13770] INFO  server.RaftServerConfigKeys (ConfUtils.java:logGet(44)) - raft.server.log.appender.buffer.byte-limit = 33554432 (custom)
2020-10-18 13:35:27,707 [Listener at 127.0.0.1/13770] INFO  server.GrpcService (ConfUtils.java:logGet(44)) - raft.grpc.flow.control.window = 1MB (=1048576) (default)
2020-10-18 13:35:27,707 [Listener at 127.0.0.1/13770] INFO  server.RaftServerConfigKeys (ConfUtils.java:logGet(44)) - raft.server.rpc.request.timeout = 3000ms (default)
2020-10-18 13:35:27,708 [Listener at 127.0.0.1/13770] INFO  server.RaftServerConfigKeys (ConfUtils.java:logGet(44)) - raft.server.storage.dir = [/github/workspace/mnt/ozone/hadoop-ozone/integration-test/target/test-dir/MiniOzoneClusterImpl-d38fabef-ad13-445b-9ec0-8ae77b1cf310/omNode-3/ratis] (custom)
2020-10-18 13:35:27,709 [Listener at 127.0.0.1/13770] INFO  impl.RaftServerProxy (RaftServerProxy.java:addNew(92)) - omNode-3: addNew group-523986131536:[omNode-3:localhost:13780:0, omNode-1:localhost:13768:0, omNode-2:localhost:13774:0] returns group-523986131536:java.util.concurrent.CompletableFuture@5961f1f9[Not completed]
2020-10-18 13:35:27,709 [Listener at 127.0.0.1/13770] INFO  om.OzoneManager (OzoneManager.java:initializeRatisServer(1279)) - OzoneManager Ratis server initialized at port 13780
2020-10-18 13:35:27,709 [Listener at 127.0.0.1/13770] WARN  server.ServerUtils (ServerUtils.java:getDefaultRatisDirectory(237)) - Storage directory for Ratis is not configured. It is a good idea to map this to an SSD disk. Falling back to ozone.metadata.dirs
2020-10-18 13:35:27,710 [Listener at 127.0.0.1/13770] WARN  server.ServerUtils (ServerUtils.java:getDefaultRatisDirectory(237)) - Storage directory for Ratis is not configured. It is a good idea to map this to an SSD disk. Falling back to ozone.metadata.dirs
2020-10-18 13:35:27,710 [Listener at 127.0.0.1/13770] INFO  snapshot.OzoneManagerSnapshotProvider (OzoneManagerSnapshotProvider.java:<init>(77)) - Initializing OM Snapshot Provider
2020-10-18 13:35:27,710 [pool-58-thread-1] INFO  impl.RaftServerImpl (RaftServerImpl.java:<init>(120)) - omNode-3: new RaftServerImpl for group-523986131536:[omNode-3:localhost:13780:0, omNode-1:localhost:13768:0, omNode-2:localhost:13774:0] with OzoneManagerStateMachine:uninitialized
2020-10-18 13:35:27,711 [pool-58-thread-1] INFO  server.RaftServerConfigKeys (ConfUtils.java:logGet(44)) - raft.server.rpc.timeout.min = 1s (custom)
2020-10-18 13:35:27,711 [pool-58-thread-1] INFO  server.RaftServerConfigKeys (ConfUtils.java:logGet(44)) - raft.server.rpc.timeout.max = 1200ms (custom)
2020-10-18 13:35:27,711 [pool-58-thread-1] INFO  server.RaftServerConfigKeys (ConfUtils.java:logGet(44)) - raft.server.rpcslowness.timeout = 2s (custom)
2020-10-18 13:35:27,711 [pool-58-thread-1] INFO  server.RaftServerConfigKeys (ConfUtils.java:logGet(44)) - raft.server.sleep.deviation.threshold = 300 (default)
2020-10-18 13:35:27,711 [pool-58-thread-1] INFO  server.RaftServerConfigKeys (ConfUtils.java:logGet(44)) - raft.server.log.appender.install.snapshot.enabled = false (custom)
2020-10-18 13:35:27,711 [pool-58-thread-1] INFO  impl.RaftServerImpl (ServerState.java:<init>(104)) - omNode-3@group-523986131536: ConfigurationManager, init=-1: [omNode-3:localhost:13780:0, omNode-1:localhost:13768:0, omNode-2:localhost:13774:0], old=null, confs=<EMPTY_MAP>
2020-10-18 13:35:27,712 [pool-58-thread-1] INFO  server.RaftServerConfigKeys (ConfUtils.java:logGet(44)) - raft.server.storage.dir = [/github/workspace/mnt/ozone/hadoop-ozone/integration-test/target/test-dir/MiniOzoneClusterImpl-d38fabef-ad13-445b-9ec0-8ae77b1cf310/omNode-3/ratis] (custom)
2020-10-18 13:35:27,712 [pool-58-thread-1] INFO  server.RaftServerConfigKeys (ConfUtils.java:logGet(44)) - raft.server.log.corruption.policy = EXCEPTION (default)
2020-10-18 13:35:27,712 [pool-58-thread-1] INFO  storage.RaftStorageDirectory (RaftStorageDirectory.java:analyzeStorage(261)) - The storage directory /github/workspace/mnt/ozone/hadoop-ozone/integration-test/target/test-dir/MiniOzoneClusterImpl-d38fabef-ad13-445b-9ec0-8ae77b1cf310/omNode-3/ratis/c9bc4cf4-3bc3-3c60-a66b-523986131536 does not exist. Creating ...
2020-10-18 13:35:27,714 [Listener at 127.0.0.1/13770] INFO  ipc.CallQueueManager (CallQueueManager.java:<init>(84)) - Using callQueue: class java.util.concurrent.LinkedBlockingQueue, queueCapacity: 2000, scheduler: class org.apache.hadoop.ipc.DefaultRpcScheduler, ipcBackoff: false.
2020-10-18 13:35:27,715 [pool-58-thread-1] INFO  storage.RaftStorageDirectory (RaftStorageDirectory.java:tryLock(343)) - Lock on /github/workspace/mnt/ozone/hadoop-ozone/integration-test/target/test-dir/MiniOzoneClusterImpl-d38fabef-ad13-445b-9ec0-8ae77b1cf310/omNode-3/ratis/c9bc4cf4-3bc3-3c60-a66b-523986131536/in_use.lock acquired by nodename 8904@e04758552647
2020-10-18 13:35:27,716 [Socket Reader #1 for port 13776] INFO  ipc.Server (Server.java:run(1219)) - Starting Socket Reader #1 for port 13776
2020-10-18 13:35:27,721 [pool-58-thread-1] INFO  storage.RaftStorage (RaftStorage.java:format(84)) - Storage directory /github/workspace/mnt/ozone/hadoop-ozone/integration-test/target/test-dir/MiniOzoneClusterImpl-d38fabef-ad13-445b-9ec0-8ae77b1cf310/omNode-3/ratis/c9bc4cf4-3bc3-3c60-a66b-523986131536 has been successfully formatted.
2020-10-18 13:35:27,721 [pool-58-thread-1] INFO  server.RaftServerConfigKeys (ConfUtils.java:logGet(44)) - raft.server.notification.no-leader.timeout = 2s (custom)
2020-10-18 13:35:27,721 [pool-58-thread-1] INFO  server.RaftServerConfigKeys (ConfUtils.java:logGet(44)) - raft.server.log.use.memory = false (default)
2020-10-18 13:35:27,721 [pool-58-thread-1] INFO  server.RaftServerConfigKeys (ConfUtils.java:logGet(44)) - raft.server.log.purge.gap = 50 (custom)
2020-10-18 13:35:27,721 [pool-58-thread-1] INFO  metrics.RatisMetrics (RatisMetrics.java:lambda$create$0(36)) - Creating Metrics Registry : ratis.log_worker.omNode-3@group-523986131536
2020-10-18 13:35:27,722 [pool-58-thread-1] INFO  server.RaftServerConfigKeys (ConfUtils.java:logGet(44)) - raft.server.log.appender.buffer.byte-limit = 33554432 (custom)
2020-10-18 13:35:27,722 [pool-58-thread-1] INFO  server.RaftServerConfigKeys (ConfUtils.java:logGet(44)) - raft.server.log.segment.size.max = 4194304 (custom)
2020-10-18 13:35:27,722 [pool-58-thread-1] INFO  server.RaftServerConfigKeys (ConfUtils.java:logGet(44)) - raft.server.log.segment.cache.num.max = 2 (custom)
2020-10-18 13:35:27,722 [pool-58-thread-1] INFO  segmented.SegmentedRaftLogWorker (SegmentedRaftLogWorker.java:<init>(180)) - new omNode-3@group-523986131536-SegmentedRaftLogWorker for RaftStorage:Storage Directory /github/workspace/mnt/ozone/hadoop-ozone/integration-test/target/test-dir/MiniOzoneClusterImpl-d38fabef-ad13-445b-9ec0-8ae77b1cf310/omNode-3/ratis/c9bc4cf4-3bc3-3c60-a66b-523986131536
2020-10-18 13:35:27,722 [pool-58-thread-1] INFO  server.RaftServerConfigKeys (ConfUtils.java:logGet(44)) - raft.server.log.queue.byte-limit = 64MB (=67108864) (default)
2020-10-18 13:35:27,723 [pool-58-thread-1] INFO  server.RaftServerConfigKeys (ConfUtils.java:logGet(44)) - raft.server.log.queue.element-limit = 4096 (default)
2020-10-18 13:35:27,723 [pool-58-thread-1] INFO  server.RaftServerConfigKeys (ConfUtils.java:logGet(44)) - raft.server.log.segment.size.max = 4194304 (custom)
2020-10-18 13:35:27,723 [pool-58-thread-1] INFO  server.RaftServerConfigKeys (ConfUtils.java:logGet(44)) - raft.server.log.preallocated.size = 4194304 (custom)
2020-10-18 13:35:27,723 [pool-58-thread-1] INFO  server.RaftServerConfigKeys (ConfUtils.java:logGet(44)) - raft.server.log.write.buffer.size = 64KB (=65536) (default)
2020-10-18 13:35:27,723 [pool-58-thread-1] INFO  server.RaftServerConfigKeys (ConfUtils.java:logGet(44)) - raft.server.log.force.sync.num = 128 (default)
2020-10-18 13:35:27,723 [pool-58-thread-1] INFO  server.RaftServerConfigKeys (ConfUtils.java:logGet(44)) - raft.server.log.statemachine.data.sync = true (default)
2020-10-18 13:35:27,723 [pool-58-thread-1] INFO  server.RaftServerConfigKeys (ConfUtils.java:logGet(44)) - raft.server.log.statemachine.data.sync.timeout = 10s (default)
2020-10-18 13:35:27,723 [pool-58-thread-1] INFO  server.RaftServerConfigKeys (ConfUtils.java:logGet(44)) - raft.server.log.statemachine.data.sync.timeout.retry = -1 (default)
2020-10-18 13:35:27,724 [pool-58-thread-1] INFO  server.RaftServerConfigKeys (ConfUtils.java:logGet(44)) - raft.server.log.statemachine.data.caching.enabled = false (default)
2020-10-18 13:35:27,725 [pool-58-thread-1] INFO  segmented.SegmentedRaftLogWorker (SegmentedRaftLogWorker.java:lambda$new$0(129)) - omNode-3@group-523986131536-SegmentedRaftLogWorker: flushIndex: setUnconditionally 0 -> -1
2020-10-18 13:35:27,725 [pool-58-thread-1] INFO  segmented.SegmentedRaftLogWorker (SegmentedRaftLogWorker.java:lambda$new$0(129)) - omNode-3@group-523986131536-SegmentedRaftLogWorker: safeCacheEvictIndex: setUnconditionally 0 -> -1
2020-10-18 13:35:27,726 [pool-58-thread-1] INFO  server.RaftServerConfigKeys (ConfUtils.java:logGet(44)) - raft.server.snapshot.auto.trigger.enabled = true (custom)
2020-10-18 13:35:27,726 [pool-58-thread-1] INFO  server.RaftServerConfigKeys (ConfUtils.java:logGet(44)) - raft.server.snapshot.auto.trigger.threshold = 50 (custom)
2020-10-18 13:35:27,728 [pool-58-thread-1] INFO  server.RaftServerConfigKeys (ConfUtils.java:logGet(44)) - raft.server.snapshot.retention.file.num = -1 (default)
2020-10-18 13:35:27,728 [pool-58-thread-1] INFO  server.RaftServerConfigKeys (ConfUtils.java:logGet(44)) - raft.server.log.purge.upto.snapshot.index = true (custom)
2020-10-18 13:35:27,729 [pool-58-thread-1] INFO  server.RaftServerConfigKeys (ConfUtils.java:logGet(44)) - raft.server.retrycache.expirytime = 600000ms (custom)
2020-10-18 13:35:27,729 [pool-58-thread-1] INFO  metrics.RatisMetrics (RatisMetrics.java:lambda$create$0(36)) - Creating Metrics Registry : ratis.leader_election.omNode-3@group-523986131536
2020-10-18 13:35:27,729 [pool-58-thread-1] INFO  metrics.RatisMetrics (RatisMetrics.java:lambda$create$0(36)) - Creating Metrics Registry : ratis.server.omNode-3@group-523986131536
2020-10-18 13:35:27,733 [Listener at 127.0.0.1/13776] INFO  impl.MetricsSystemImpl (MetricsSystemImpl.java:init(158)) - OzoneManager metrics system started (again)
2020-10-18 13:35:27,735 [Listener at 127.0.0.1/13776] INFO  om.OzoneManager (OzoneManager.java:start(1133)) - OzoneManager RPC server is listening at localhost/127.0.0.1:13776
2020-10-18 13:35:27,735 [Listener at 127.0.0.1/13776] INFO  ratis.OzoneManagerRatisServer (OzoneManagerRatisServer.java:start(372)) - Starting OzoneManagerRatisServer omNode-3 at port 13780
2020-10-18 13:35:27,738 [Listener at 127.0.0.1/13776] INFO  impl.RaftServerImpl (RaftServerImpl.java:start(209)) - omNode-3@group-523986131536: start as a follower, conf=-1: [omNode-3:localhost:13780:0, omNode-1:localhost:13768:0, omNode-2:localhost:13774:0], old=null
2020-10-18 13:35:27,739 [Listener at 127.0.0.1/13776] INFO  impl.RaftServerImpl (RaftServerImpl.java:setRole(198)) - omNode-3@group-523986131536: changes role from      null to FOLLOWER at term 0 for startAsFollower
2020-10-18 13:35:27,739 [Listener at 127.0.0.1/13776] INFO  impl.RoleInfo (RoleInfo.java:updateAndGet(143)) - omNode-3: start FollowerState
2020-10-18 13:35:27,739 [Listener at 127.0.0.1/13776] INFO  util.JmxRegister (JmxRegister.java:tryRegister(44)) - Successfully registered JMX Bean with object name Ratis:service=RaftServer,group=group-523986131536,id=omNode-3
2020-10-18 13:35:27,739 [Listener at 127.0.0.1/13776] INFO  metrics.RatisMetrics (RatisMetrics.java:lambda$create$0(36)) - Creating Metrics Registry : ratis.state_machine.omNode-3@group-523986131536
2020-10-18 13:35:27,742 [Listener at 127.0.0.1/13776] INFO  impl.RaftServerProxy (RaftServerProxy.java:lambda$start$3(307)) - omNode-3: start RPC server
2020-10-18 13:35:27,744 [Listener at 127.0.0.1/13776] INFO  server.GrpcService (GrpcService.java:startImpl(177)) - omNode-3: GrpcService started, listening on 0.0.0.0/0.0.0.0:13780
2020-10-18 13:35:27,750 [Listener at 127.0.0.1/13776] INFO  http.BaseHttpServer (BaseHttpServer.java:newHttpServer2BuilderForOzone(207)) - Starting Web-server for ozoneManager at: http://0.0.0.0:13778
2020-10-18 13:35:27,750 [Listener at 127.0.0.1/13776] INFO  http.BaseHttpServer (BaseHttpServer.java:<init>(106)) - Hadoop Security Enabled: false Ozone Security Enabled: false Ozone HTTP Security Enabled: false 
2020-10-18 13:35:27,751 [Listener at 127.0.0.1/13776] INFO  server.AuthenticationFilter (AuthenticationFilter.java:constructSecretProvider(240)) - Unable to initialize FileSignerSecretProvider, falling back to use random secrets.
2020-10-18 13:35:27,752 [Listener at 127.0.0.1/13776] WARN  http.HttpRequestLog (HttpRequestLog.java:getRequestLog(103)) - Jetty request log can only be enabled using Log4j
2020-10-18 13:35:27,753 [Listener at 127.0.0.1/13776] INFO  http.HttpServer2 (HttpServer2.java:addGlobalFilter(1019)) - Added global filter 'safety' (class=org.apache.hadoop.hdds.server.http.HttpServer2$QuotingInputFilter)
2020-10-18 13:35:27,754 [Listener at 127.0.0.1/13776] INFO  http.HttpServer2 (HttpServer2.java:addFilter(995)) - Added filter static_user_filter (class=org.apache.hadoop.http.lib.StaticUserWebFilter$StaticUserFilter) to context ozoneManager
2020-10-18 13:35:27,754 [Listener at 127.0.0.1/13776] INFO  http.HttpServer2 (HttpServer2.java:addFilter(1003)) - Added filter static_user_filter (class=org.apache.hadoop.http.lib.StaticUserWebFilter$StaticUserFilter) to context static
2020-10-18 13:35:27,754 [Listener at 127.0.0.1/13776] INFO  http.HttpServer2 (HttpServer2.java:addFilter(1003)) - Added filter static_user_filter (class=org.apache.hadoop.http.lib.StaticUserWebFilter$StaticUserFilter) to context logs
2020-10-18 13:35:27,754 [Listener at 127.0.0.1/13776] INFO  http.HttpServer2 (HttpServer2.java:bindListener(1237)) - Jetty bound to port 13778
2020-10-18 13:35:27,755 [Listener at 127.0.0.1/13776] INFO  server.Server (Server.java:doStart(359)) - jetty-9.4.26.v20200117; built: 2020-01-17T12:35:33.676Z; git: 7b38981d25d14afb4a12ff1f2596756144edf695; jvm 1.8.0_232-b09
2020-10-18 13:35:27,757 [Listener at 127.0.0.1/13776] INFO  server.session (DefaultSessionIdManager.java:doStart(333)) - DefaultSessionIdManager workerName=node0
2020-10-18 13:35:27,757 [Listener at 127.0.0.1/13776] INFO  server.session (DefaultSessionIdManager.java:doStart(338)) - No SessionScavenger set, using defaults
2020-10-18 13:35:27,758 [Listener at 127.0.0.1/13776] INFO  server.session (HouseKeeper.java:startScavenging(140)) - node0 Scavenging every 660000ms
2020-10-18 13:35:27,759 [Listener at 127.0.0.1/13776] INFO  handler.ContextHandler (ContextHandler.java:doStart(825)) - Started o.e.j.s.ServletContextHandler@48a4331b{logs,/logs,file:///github/workspace/mnt/ozone/hadoop-ozone/integration-test/target/log,AVAILABLE}
2020-10-18 13:35:27,759 [Listener at 127.0.0.1/13776] INFO  handler.ContextHandler (ContextHandler.java:doStart(825)) - Started o.e.j.s.ServletContextHandler@49a677d6{static,/static,file:///github/workspace/mnt/ozone/hadoop-ozone/integration-test/target/test-classes/webapps/static,AVAILABLE}
2020-10-18 13:35:27,764 [Listener at 127.0.0.1/13776] INFO  handler.ContextHandler (ContextHandler.java:doStart(825)) - Started o.e.j.w.WebAppContext@46e35433{ozoneManager,/,file:///github/workspace/mnt/ozone/hadoop-ozone/integration-test/target/test-classes/webapps/ozoneManager/,AVAILABLE}{file:/github/workspace/mnt/ozone/hadoop-ozone/integration-test/target/test-classes/webapps/ozoneManager}
2020-10-18 13:35:27,769 [Listener at 127.0.0.1/13776] INFO  server.AbstractConnector (AbstractConnector.java:doStart(330)) - Started ServerConnector@5985a87a{HTTP/1.1,[http/1.1]}{0.0.0.0:13778}
2020-10-18 13:35:27,769 [Listener at 127.0.0.1/13776] INFO  server.Server (Server.java:doStart(399)) - Started @5440ms
2020-10-18 13:35:27,769 [Listener at 127.0.0.1/13776] WARN  impl.MetricsSystemImpl (MetricsSystemImpl.java:register(276)) - Sink prometheus already exists!
2020-10-18 13:35:27,772 [Listener at 127.0.0.1/13776] INFO  http.BaseHttpServer (BaseHttpServer.java:updateConnectorAddress(327)) - HTTP server of ozoneManager listening at http://0.0.0.0:13778
2020-10-18 13:35:27,778 [IPC Server Responder] INFO  ipc.Server (Server.java:run(1460)) - IPC Server Responder: starting
2020-10-18 13:35:27,779 [IPC Server listener on 13776] INFO  ipc.Server (Server.java:run(1298)) - IPC Server listener on 13776: starting
2020-10-18 13:35:27,792 [Listener at 127.0.0.1/13776] INFO  ozone.MiniOzoneHAClusterImpl (MiniOzoneHAClusterImpl.java:createOMService(380)) - Started OzoneManager RPC server at localhost/127.0.0.1:13776
2020-10-18 13:35:27,807 [org.apache.hadoop.util.JvmPauseMonitor$Monitor@4116adfc] INFO  util.JvmPauseMonitor (JvmPauseMonitor.java:run(188)) - Starting JVM pause monitor
2020-10-18 13:35:27,932 [Listener at 127.0.0.1/13776] INFO  impl.MetricsSystemImpl (MetricsSystemImpl.java:init(158)) - HddsDatanode metrics system started (again)
2020-10-18 13:35:27,936 [Listener at 127.0.0.1/13776] INFO  ozone.HddsDatanodeService (HddsDatanodeService.java:start(217)) - HddsDatanodeService host:e04758552647 ip:172.17.0.2
2020-10-18 13:35:27,981 [Listener at 127.0.0.1/13776] INFO  volume.HddsVolume (HddsVolume.java:<init>(176)) - Creating Volume: /github/workspace/mnt/ozone/hadoop-ozone/integration-test/target/test-dir/MiniOzoneClusterImpl-d38fabef-ad13-445b-9ec0-8ae77b1cf310/datanode-0/data-0/containers/hdds of storage type : DISK and capacity : 9223372036854775807
2020-10-18 13:35:27,983 [Listener at 127.0.0.1/13776] INFO  volume.MutableVolumeSet (MutableVolumeSet.java:initializeVolumeSet(179)) - Added Volume : /github/workspace/mnt/ozone/hadoop-ozone/integration-test/target/test-dir/MiniOzoneClusterImpl-d38fabef-ad13-445b-9ec0-8ae77b1cf310/datanode-0/data-0/containers/hdds to VolumeSet
2020-10-18 13:35:27,985 [Listener at 127.0.0.1/13776] INFO  volume.ThrottledAsyncChecker (ThrottledAsyncChecker.java:schedule(141)) - Scheduling a check for /github/workspace/mnt/ozone/hadoop-ozone/integration-test/target/test-dir/MiniOzoneClusterImpl-d38fabef-ad13-445b-9ec0-8ae77b1cf310/datanode-0/data-0/containers/hdds
2020-10-18 13:35:28,005 [Listener at 127.0.0.1/13776] INFO  volume.HddsVolumeChecker (HddsVolumeChecker.java:checkAllVolumes(200)) - Scheduled health check for volume /github/workspace/mnt/ozone/hadoop-ozone/integration-test/target/test-dir/MiniOzoneClusterImpl-d38fabef-ad13-445b-9ec0-8ae77b1cf310/datanode-0/data-0/containers/hdds
2020-10-18 13:35:28,031 [Thread-209] INFO  ozoneimpl.ContainerReader (ContainerReader.java:readVolume(123)) - Start to verify containers on volume /github/workspace/mnt/ozone/hadoop-ozone/integration-test/target/test-dir/MiniOzoneClusterImpl-d38fabef-ad13-445b-9ec0-8ae77b1cf310/datanode-0/data-0/containers/hdds
2020-10-18 13:35:28,031 [Thread-209] INFO  ozoneimpl.ContainerReader (ContainerReader.java:readVolume(148)) - Finish verifying containers on volume /github/workspace/mnt/ozone/hadoop-ozone/integration-test/target/test-dir/MiniOzoneClusterImpl-d38fabef-ad13-445b-9ec0-8ae77b1cf310/datanode-0/data-0/containers/hdds
2020-10-18 13:35:28,032 [Listener at 127.0.0.1/13776] INFO  ozoneimpl.OzoneContainer (OzoneContainer.java:buildContainerSet(196)) - Build ContainerSet costs 0s
2020-10-18 13:35:28,106 [Listener at 127.0.0.1/13776] INFO  impl.RaftServerProxy (ConfUtils.java:logGet(44)) - raft.rpc.type = GRPC (default)
2020-10-18 13:35:28,107 [Listener at 127.0.0.1/13776] INFO  grpc.GrpcFactory (GrpcFactory.java:checkPooledByteBufAllocatorUseCacheForAllThreads(45)) - PERFORMANCE WARNING: useCacheForAllThreads is true that may cause Netty to create a lot garbage objects and, as a result, trigger GC.
	It is recommended to disable useCacheForAllThreads by setting -Dorg.apache.ratis.thirdparty.io.netty.allocator.useCacheForAllThreads=false in command line.
2020-10-18 13:35:28,107 [Listener at 127.0.0.1/13776] INFO  grpc.GrpcConfigKeys (ConfUtils.java:logGet(44)) - raft.grpc.server.port = 0 (default)
2020-10-18 13:35:28,107 [Listener at 127.0.0.1/13776] INFO  server.GrpcService (ConfUtils.java:logGet(44)) - raft.grpc.message.size.max = 32MB (=33554432) (custom)
2020-10-18 13:35:28,107 [Listener at 127.0.0.1/13776] INFO  server.RaftServerConfigKeys (ConfUtils.java:logGet(44)) - raft.server.log.appender.buffer.byte-limit = 33554432 (custom)
2020-10-18 13:35:28,108 [Listener at 127.0.0.1/13776] INFO  server.GrpcService (ConfUtils.java:logGet(44)) - raft.grpc.flow.control.window = 5MB (=5242880) (custom)
2020-10-18 13:35:28,108 [Listener at 127.0.0.1/13776] INFO  server.RaftServerConfigKeys (ConfUtils.java:logGet(44)) - raft.server.rpc.request.timeout = 60s (custom)
2020-10-18 13:35:28,113 [Listener at 127.0.0.1/13776] INFO  server.RaftServerConfigKeys (ConfUtils.java:logGet(44)) - raft.server.storage.dir = [/github/workspace/mnt/ozone/hadoop-ozone/integration-test/target/test-dir/MiniOzoneClusterImpl-d38fabef-ad13-445b-9ec0-8ae77b1cf310/datanode-0/data/ratis] (custom)
2020-10-18 13:35:28,188 [Listener at 127.0.0.1/13776] INFO  http.BaseHttpServer (BaseHttpServer.java:newHttpServer2BuilderForOzone(207)) - Starting Web-server for hddsDatanode at: http://0.0.0.0:0
2020-10-18 13:35:28,188 [Listener at 127.0.0.1/13776] INFO  http.BaseHttpServer (BaseHttpServer.java:<init>(106)) - Hadoop Security Enabled: false Ozone Security Enabled: false Ozone HTTP Security Enabled: false 
2020-10-18 13:35:28,190 [Listener at 127.0.0.1/13776] INFO  server.AuthenticationFilter (AuthenticationFilter.java:constructSecretProvider(240)) - Unable to initialize FileSignerSecretProvider, falling back to use random secrets.
2020-10-18 13:35:28,190 [Listener at 127.0.0.1/13776] WARN  http.HttpRequestLog (HttpRequestLog.java:getRequestLog(103)) - Jetty request log can only be enabled using Log4j
2020-10-18 13:35:28,191 [Listener at 127.0.0.1/13776] INFO  http.HttpServer2 (HttpServer2.java:addGlobalFilter(1019)) - Added global filter 'safety' (class=org.apache.hadoop.hdds.server.http.HttpServer2$QuotingInputFilter)
2020-10-18 13:35:28,192 [Listener at 127.0.0.1/13776] INFO  http.HttpServer2 (HttpServer2.java:addFilter(995)) - Added filter static_user_filter (class=org.apache.hadoop.http.lib.StaticUserWebFilter$StaticUserFilter) to context hddsDatanode
2020-10-18 13:35:28,192 [Listener at 127.0.0.1/13776] INFO  http.HttpServer2 (HttpServer2.java:addFilter(1003)) - Added filter static_user_filter (class=org.apache.hadoop.http.lib.StaticUserWebFilter$StaticUserFilter) to context logs
2020-10-18 13:35:28,192 [Listener at 127.0.0.1/13776] INFO  http.HttpServer2 (HttpServer2.java:addFilter(1003)) - Added filter static_user_filter (class=org.apache.hadoop.http.lib.StaticUserWebFilter$StaticUserFilter) to context static
2020-10-18 13:35:28,193 [Listener at 127.0.0.1/13776] INFO  http.HttpServer2 (HttpServer2.java:bindListener(1237)) - Jetty bound to port 38137
2020-10-18 13:35:28,193 [Listener at 127.0.0.1/13776] INFO  server.Server (Server.java:doStart(359)) - jetty-9.4.26.v20200117; built: 2020-01-17T12:35:33.676Z; git: 7b38981d25d14afb4a12ff1f2596756144edf695; jvm 1.8.0_232-b09
2020-10-18 13:35:28,201 [Listener at 127.0.0.1/13776] INFO  server.session (DefaultSessionIdManager.java:doStart(333)) - DefaultSessionIdManager workerName=node0
2020-10-18 13:35:28,201 [Listener at 127.0.0.1/13776] INFO  server.session (DefaultSessionIdManager.java:doStart(338)) - No SessionScavenger set, using defaults
2020-10-18 13:35:28,201 [Listener at 127.0.0.1/13776] INFO  server.session (HouseKeeper.java:startScavenging(140)) - node0 Scavenging every 600000ms
2020-10-18 13:35:28,204 [Listener at 127.0.0.1/13776] INFO  handler.ContextHandler (ContextHandler.java:doStart(825)) - Started o.e.j.s.ServletContextHandler@15ba06f4{logs,/logs,file:///github/workspace/mnt/ozone/hadoop-ozone/integration-test/target/log,AVAILABLE}
2020-10-18 13:35:28,205 [Listener at 127.0.0.1/13776] INFO  handler.ContextHandler (ContextHandler.java:doStart(825)) - Started o.e.j.s.ServletContextHandler@cfc6bb2{static,/static,jar:file:/home/user/.m2/repository/org/apache/hadoop/hadoop-hdds-container-service/1.1.0-SNAPSHOT/hadoop-hdds-container-service-1.1.0-SNAPSHOT.jar!/webapps/static,AVAILABLE}
2020-10-18 13:35:28,370 [Listener at 127.0.0.1/13776] INFO  handler.ContextHandler (ContextHandler.java:doStart(825)) - Started o.e.j.w.WebAppContext@3897077e{hddsDatanode,/,file:///tmp/jetty-0_0_0_0-38137-hadoop-hdds-container-service-1_1_0-SNAPSHOT_jar-_-any-4313630480924453295.dir/webapp/,AVAILABLE}{jar:file:/home/user/.m2/repository/org/apache/hadoop/hadoop-hdds-container-service/1.1.0-SNAPSHOT/hadoop-hdds-container-service-1.1.0-SNAPSHOT.jar!/webapps/hddsDatanode}
2020-10-18 13:35:28,372 [Listener at 127.0.0.1/13776] INFO  server.AbstractConnector (AbstractConnector.java:doStart(330)) - Started ServerConnector@262ce060{HTTP/1.1,[http/1.1]}{0.0.0.0:38137}
2020-10-18 13:35:28,372 [Listener at 127.0.0.1/13776] INFO  server.Server (Server.java:doStart(399)) - Started @6043ms
2020-10-18 13:35:28,372 [Listener at 127.0.0.1/13776] WARN  impl.MetricsSystemImpl (MetricsSystemImpl.java:register(276)) - Sink prometheus already exists!
2020-10-18 13:35:28,375 [Listener at 127.0.0.1/13776] INFO  http.BaseHttpServer (BaseHttpServer.java:updateConnectorAddress(327)) - HTTP server of hddsDatanode listening at http://0.0.0.0:38137
2020-10-18 13:35:28,377 [Listener at 127.0.0.1/13776] INFO  impl.MetricsSystemImpl (MetricsSystemImpl.java:init(158)) - HddsDatanode metrics system started (again)
2020-10-18 13:35:28,377 [Thread-100] INFO  impl.FollowerState (FollowerState.java:run(108)) - omNode-1@group-523986131536-FollowerState: change to CANDIDATE, lastRpcTime:1124ms, electionTimeout:1121ms
2020-10-18 13:35:28,380 [Thread-100] INFO  impl.RoleInfo (RoleInfo.java:shutdownFollowerState(121)) - omNode-1: shutdown FollowerState
2020-10-18 13:35:28,380 [Thread-100] INFO  impl.RaftServerImpl (RaftServerImpl.java:setRole(198)) - omNode-1@group-523986131536: changes role from  FOLLOWER to CANDIDATE at term 0 for changeToCandidate
2020-10-18 13:35:28,381 [Listener at 127.0.0.1/13776] INFO  ozone.HddsDatanodeService (HddsDatanodeService.java:start(217)) - HddsDatanodeService host:e04758552647 ip:172.17.0.2
2020-10-18 13:35:28,382 [Thread-100] INFO  impl.RoleInfo (RoleInfo.java:updateAndGet(143)) - omNode-1: start LeaderElection
2020-10-18 13:35:28,383 [Listener at 127.0.0.1/13776] INFO  volume.HddsVolume (HddsVolume.java:<init>(176)) - Creating Volume: /github/workspace/mnt/ozone/hadoop-ozone/integration-test/target/test-dir/MiniOzoneClusterImpl-d38fabef-ad13-445b-9ec0-8ae77b1cf310/datanode-1/data-0/containers/hdds of storage type : DISK and capacity : 9223372036854775807
2020-10-18 13:35:28,383 [Listener at 127.0.0.1/13776] INFO  volume.MutableVolumeSet (MutableVolumeSet.java:initializeVolumeSet(179)) - Added Volume : /github/workspace/mnt/ozone/hadoop-ozone/integration-test/target/test-dir/MiniOzoneClusterImpl-d38fabef-ad13-445b-9ec0-8ae77b1cf310/datanode-1/data-0/containers/hdds to VolumeSet
2020-10-18 13:35:28,386 [Listener at 127.0.0.1/13776] INFO  volume.ThrottledAsyncChecker (ThrottledAsyncChecker.java:schedule(141)) - Scheduling a check for /github/workspace/mnt/ozone/hadoop-ozone/integration-test/target/test-dir/MiniOzoneClusterImpl-d38fabef-ad13-445b-9ec0-8ae77b1cf310/datanode-1/data-0/containers/hdds
2020-10-18 13:35:28,391 [Listener at 127.0.0.1/13776] INFO  volume.HddsVolumeChecker (HddsVolumeChecker.java:checkAllVolumes(200)) - Scheduled health check for volume /github/workspace/mnt/ozone/hadoop-ozone/integration-test/target/test-dir/MiniOzoneClusterImpl-d38fabef-ad13-445b-9ec0-8ae77b1cf310/datanode-1/data-0/containers/hdds
2020-10-18 13:35:28,393 [omNode-1@group-523986131536-LeaderElection1] INFO  impl.LeaderElection (LeaderElection.java:askForVotes(210)) - omNode-1@group-523986131536-LeaderElection1: begin an election at term 1 for -1: [omNode-3:localhost:13780:0, omNode-1:localhost:13768:0, omNode-2:localhost:13774:0], old=null
2020-10-18 13:35:28,422 [org.apache.hadoop.util.JvmPauseMonitor$Monitor@25eb7bc2] INFO  util.JvmPauseMonitor (JvmPauseMonitor.java:run(188)) - Starting JVM pause monitor
2020-10-18 13:35:28,429 [Thread-219] INFO  ozoneimpl.ContainerReader (ContainerReader.java:readVolume(123)) - Start to verify containers on volume /github/workspace/mnt/ozone/hadoop-ozone/integration-test/target/test-dir/MiniOzoneClusterImpl-d38fabef-ad13-445b-9ec0-8ae77b1cf310/datanode-1/data-0/containers/hdds
2020-10-18 13:35:28,431 [Thread-219] INFO  ozoneimpl.ContainerReader (ContainerReader.java:readVolume(148)) - Finish verifying containers on volume /github/workspace/mnt/ozone/hadoop-ozone/integration-test/target/test-dir/MiniOzoneClusterImpl-d38fabef-ad13-445b-9ec0-8ae77b1cf310/datanode-1/data-0/containers/hdds
2020-10-18 13:35:28,431 [Listener at 127.0.0.1/13776] INFO  ozoneimpl.OzoneContainer (OzoneContainer.java:buildContainerSet(196)) - Build ContainerSet costs 0s
2020-10-18 13:35:28,434 [Listener at 127.0.0.1/13776] INFO  impl.RaftServerProxy (ConfUtils.java:logGet(44)) - raft.rpc.type = GRPC (default)
2020-10-18 13:35:28,434 [Listener at 127.0.0.1/13776] INFO  grpc.GrpcFactory (GrpcFactory.java:checkPooledByteBufAllocatorUseCacheForAllThreads(45)) - PERFORMANCE WARNING: useCacheForAllThreads is true that may cause Netty to create a lot garbage objects and, as a result, trigger GC.
	It is recommended to disable useCacheForAllThreads by setting -Dorg.apache.ratis.thirdparty.io.netty.allocator.useCacheForAllThreads=false in command line.
2020-10-18 13:35:28,434 [Listener at 127.0.0.1/13776] INFO  grpc.GrpcConfigKeys (ConfUtils.java:logGet(44)) - raft.grpc.server.port = 0 (default)
2020-10-18 13:35:28,435 [Listener at 127.0.0.1/13776] INFO  server.GrpcService (ConfUtils.java:logGet(44)) - raft.grpc.message.size.max = 32MB (=33554432) (custom)
2020-10-18 13:35:28,435 [Listener at 127.0.0.1/13776] INFO  server.RaftServerConfigKeys (ConfUtils.java:logGet(44)) - raft.server.log.appender.buffer.byte-limit = 33554432 (custom)
2020-10-18 13:35:28,435 [Listener at 127.0.0.1/13776] INFO  server.GrpcService (ConfUtils.java:logGet(44)) - raft.grpc.flow.control.window = 5MB (=5242880) (custom)
2020-10-18 13:35:28,435 [Listener at 127.0.0.1/13776] INFO  server.RaftServerConfigKeys (ConfUtils.java:logGet(44)) - raft.server.rpc.request.timeout = 60s (custom)
2020-10-18 13:35:28,437 [Listener at 127.0.0.1/13776] INFO  server.RaftServerConfigKeys (ConfUtils.java:logGet(44)) - raft.server.storage.dir = [/github/workspace/mnt/ozone/hadoop-ozone/integration-test/target/test-dir/MiniOzoneClusterImpl-d38fabef-ad13-445b-9ec0-8ae77b1cf310/datanode-1/data/ratis] (custom)
2020-10-18 13:35:28,441 [Listener at 127.0.0.1/13776] INFO  http.BaseHttpServer (BaseHttpServer.java:newHttpServer2BuilderForOzone(207)) - Starting Web-server for hddsDatanode at: http://0.0.0.0:0
2020-10-18 13:35:28,441 [Listener at 127.0.0.1/13776] INFO  http.BaseHttpServer (BaseHttpServer.java:<init>(106)) - Hadoop Security Enabled: false Ozone Security Enabled: false Ozone HTTP Security Enabled: false 
2020-10-18 13:35:28,452 [Listener at 127.0.0.1/13776] INFO  server.AuthenticationFilter (AuthenticationFilter.java:constructSecretProvider(240)) - Unable to initialize FileSignerSecretProvider, falling back to use random secrets.
2020-10-18 13:35:28,453 [Listener at 127.0.0.1/13776] WARN  http.HttpRequestLog (HttpRequestLog.java:getRequestLog(103)) - Jetty request log can only be enabled using Log4j
2020-10-18 13:35:28,466 [Listener at 127.0.0.1/13776] INFO  http.HttpServer2 (HttpServer2.java:addGlobalFilter(1019)) - Added global filter 'safety' (class=org.apache.hadoop.hdds.server.http.HttpServer2$QuotingInputFilter)
2020-10-18 13:35:28,467 [Listener at 127.0.0.1/13776] INFO  http.HttpServer2 (HttpServer2.java:addFilter(995)) - Added filter static_user_filter (class=org.apache.hadoop.http.lib.StaticUserWebFilter$StaticUserFilter) to context hddsDatanode
2020-10-18 13:35:28,467 [Listener at 127.0.0.1/13776] INFO  http.HttpServer2 (HttpServer2.java:addFilter(1003)) - Added filter static_user_filter (class=org.apache.hadoop.http.lib.StaticUserWebFilter$StaticUserFilter) to context logs
2020-10-18 13:35:28,467 [Listener at 127.0.0.1/13776] INFO  http.HttpServer2 (HttpServer2.java:addFilter(1003)) - Added filter static_user_filter (class=org.apache.hadoop.http.lib.StaticUserWebFilter$StaticUserFilter) to context static
2020-10-18 13:35:28,468 [Listener at 127.0.0.1/13776] INFO  http.HttpServer2 (HttpServer2.java:bindListener(1237)) - Jetty bound to port 36659
2020-10-18 13:35:28,468 [Listener at 127.0.0.1/13776] INFO  server.Server (Server.java:doStart(359)) - jetty-9.4.26.v20200117; built: 2020-01-17T12:35:33.676Z; git: 7b38981d25d14afb4a12ff1f2596756144edf695; jvm 1.8.0_232-b09
2020-10-18 13:35:28,498 [Listener at 127.0.0.1/13776] INFO  server.session (DefaultSessionIdManager.java:doStart(333)) - DefaultSessionIdManager workerName=node0
2020-10-18 13:35:28,498 [Listener at 127.0.0.1/13776] INFO  server.session (DefaultSessionIdManager.java:doStart(338)) - No SessionScavenger set, using defaults
2020-10-18 13:35:28,498 [Listener at 127.0.0.1/13776] INFO  server.session (HouseKeeper.java:startScavenging(140)) - node0 Scavenging every 660000ms
2020-10-18 13:35:28,500 [Listener at 127.0.0.1/13776] INFO  handler.ContextHandler (ContextHandler.java:doStart(825)) - Started o.e.j.s.ServletContextHandler@85aa67b{logs,/logs,file:///github/workspace/mnt/ozone/hadoop-ozone/integration-test/target/log,AVAILABLE}
2020-10-18 13:35:28,500 [Listener at 127.0.0.1/13776] INFO  handler.ContextHandler (ContextHandler.java:doStart(825)) - Started o.e.j.s.ServletContextHandler@e63286b{static,/static,jar:file:/home/user/.m2/repository/org/apache/hadoop/hadoop-hdds-container-service/1.1.0-SNAPSHOT/hadoop-hdds-container-service-1.1.0-SNAPSHOT.jar!/webapps/static,AVAILABLE}
2020-10-18 13:35:28,720 [Thread-138] INFO  impl.FollowerState (FollowerState.java:run(108)) - omNode-2@group-523986131536-FollowerState: change to CANDIDATE, lastRpcTime:1156ms, electionTimeout:1153ms
2020-10-18 13:35:28,727 [Thread-138] INFO  impl.RoleInfo (RoleInfo.java:shutdownFollowerState(121)) - omNode-2: shutdown FollowerState
2020-10-18 13:35:28,727 [Thread-138] INFO  impl.RaftServerImpl (RaftServerImpl.java:setRole(198)) - omNode-2@group-523986131536: changes role from  FOLLOWER to CANDIDATE at term 0 for changeToCandidate
2020-10-18 13:35:28,727 [Thread-138] INFO  impl.RoleInfo (RoleInfo.java:updateAndGet(143)) - omNode-2: start LeaderElection
2020-10-18 13:35:28,767 [Datanode State Machine Task Thread - 0] INFO  datanode.InitDatanodeState (InitDatanodeState.java:persistContainerDatanodeDetails(145)) - DatanodeDetails is persisted to /github/workspace/mnt/ozone/hadoop-ozone/integration-test/target/test-dir/MiniOzoneClusterImpl-d38fabef-ad13-445b-9ec0-8ae77b1cf310/datanode-0/meta/datanode.id
2020-10-18 13:35:28,813 [omNode-2@group-523986131536-LeaderElection2] INFO  impl.LeaderElection (LeaderElection.java:askForVotes(210)) - omNode-2@group-523986131536-LeaderElection2: begin an election at term 1 for -1: [omNode-3:localhost:13780:0, omNode-1:localhost:13768:0, omNode-2:localhost:13774:0], old=null
2020-10-18 13:35:28,835 [Thread-176] INFO  impl.FollowerState (FollowerState.java:run(108)) - omNode-3@group-523986131536-FollowerState: change to CANDIDATE, lastRpcTime:1095ms, electionTimeout:1092ms
2020-10-18 13:35:28,835 [Thread-176] INFO  impl.RoleInfo (RoleInfo.java:shutdownFollowerState(121)) - omNode-3: shutdown FollowerState
2020-10-18 13:35:28,835 [Thread-176] INFO  impl.RaftServerImpl (RaftServerImpl.java:setRole(198)) - omNode-3@group-523986131536: changes role from  FOLLOWER to CANDIDATE at term 0 for changeToCandidate
2020-10-18 13:35:28,851 [Thread-176] INFO  impl.RoleInfo (RoleInfo.java:updateAndGet(143)) - omNode-3: start LeaderElection
2020-10-18 13:35:28,872 [Listener at 127.0.0.1/13776] INFO  handler.ContextHandler (ContextHandler.java:doStart(825)) - Started o.e.j.w.WebAppContext@cb5fd92{hddsDatanode,/,file:///tmp/jetty-0_0_0_0-36659-hadoop-hdds-container-service-1_1_0-SNAPSHOT_jar-_-any-6978130134758926649.dir/webapp/,AVAILABLE}{jar:file:/home/user/.m2/repository/org/apache/hadoop/hadoop-hdds-container-service/1.1.0-SNAPSHOT/hadoop-hdds-container-service-1.1.0-SNAPSHOT.jar!/webapps/hddsDatanode}
2020-10-18 13:35:28,875 [Listener at 127.0.0.1/13776] INFO  server.AbstractConnector (AbstractConnector.java:doStart(330)) - Started ServerConnector@4aa5a262{HTTP/1.1,[http/1.1]}{0.0.0.0:36659}
2020-10-18 13:35:28,876 [Listener at 127.0.0.1/13776] INFO  server.Server (Server.java:doStart(399)) - Started @6546ms
2020-10-18 13:35:28,876 [Listener at 127.0.0.1/13776] WARN  impl.MetricsSystemImpl (MetricsSystemImpl.java:register(276)) - Sink prometheus already exists!
2020-10-18 13:35:28,877 [omNode-3@group-523986131536-LeaderElection3] INFO  impl.LeaderElection (LeaderElection.java:askForVotes(210)) - omNode-3@group-523986131536-LeaderElection3: begin an election at term 1 for -1: [omNode-3:localhost:13780:0, omNode-1:localhost:13768:0, omNode-2:localhost:13774:0], old=null
2020-10-18 13:35:28,879 [Listener at 127.0.0.1/13776] INFO  http.BaseHttpServer (BaseHttpServer.java:updateConnectorAddress(327)) - HTTP server of hddsDatanode listening at http://0.0.0.0:36659
2020-10-18 13:35:28,903 [Listener at 127.0.0.1/13776] INFO  impl.MetricsSystemImpl (MetricsSystemImpl.java:init(158)) - HddsDatanode metrics system started (again)
2020-10-18 13:35:28,905 [Listener at 127.0.0.1/13776] INFO  ozone.HddsDatanodeService (HddsDatanodeService.java:start(217)) - HddsDatanodeService host:e04758552647 ip:172.17.0.2
2020-10-18 13:35:28,908 [Listener at 127.0.0.1/13776] INFO  volume.HddsVolume (HddsVolume.java:<init>(176)) - Creating Volume: /github/workspace/mnt/ozone/hadoop-ozone/integration-test/target/test-dir/MiniOzoneClusterImpl-d38fabef-ad13-445b-9ec0-8ae77b1cf310/datanode-2/data-0/containers/hdds of storage type : DISK and capacity : 9223372036854775807
2020-10-18 13:35:28,908 [Listener at 127.0.0.1/13776] INFO  volume.MutableVolumeSet (MutableVolumeSet.java:initializeVolumeSet(179)) - Added Volume : /github/workspace/mnt/ozone/hadoop-ozone/integration-test/target/test-dir/MiniOzoneClusterImpl-d38fabef-ad13-445b-9ec0-8ae77b1cf310/datanode-2/data-0/containers/hdds to VolumeSet
2020-10-18 13:35:28,908 [Listener at 127.0.0.1/13776] INFO  volume.ThrottledAsyncChecker (ThrottledAsyncChecker.java:schedule(141)) - Scheduling a check for /github/workspace/mnt/ozone/hadoop-ozone/integration-test/target/test-dir/MiniOzoneClusterImpl-d38fabef-ad13-445b-9ec0-8ae77b1cf310/datanode-2/data-0/containers/hdds
2020-10-18 13:35:28,909 [Listener at 127.0.0.1/13776] INFO  volume.HddsVolumeChecker (HddsVolumeChecker.java:checkAllVolumes(200)) - Scheduled health check for volume /github/workspace/mnt/ozone/hadoop-ozone/integration-test/target/test-dir/MiniOzoneClusterImpl-d38fabef-ad13-445b-9ec0-8ae77b1cf310/datanode-2/data-0/containers/hdds
2020-10-18 13:35:28,945 [Thread-238] INFO  ozoneimpl.ContainerReader (ContainerReader.java:readVolume(123)) - Start to verify containers on volume /github/workspace/mnt/ozone/hadoop-ozone/integration-test/target/test-dir/MiniOzoneClusterImpl-d38fabef-ad13-445b-9ec0-8ae77b1cf310/datanode-2/data-0/containers/hdds
2020-10-18 13:35:28,945 [Thread-238] INFO  ozoneimpl.ContainerReader (ContainerReader.java:readVolume(148)) - Finish verifying containers on volume /github/workspace/mnt/ozone/hadoop-ozone/integration-test/target/test-dir/MiniOzoneClusterImpl-d38fabef-ad13-445b-9ec0-8ae77b1cf310/datanode-2/data-0/containers/hdds
2020-10-18 13:35:28,945 [Listener at 127.0.0.1/13776] INFO  ozoneimpl.OzoneContainer (OzoneContainer.java:buildContainerSet(196)) - Build ContainerSet costs 0s
2020-10-18 13:35:28,948 [Listener at 127.0.0.1/13776] INFO  impl.RaftServerProxy (ConfUtils.java:logGet(44)) - raft.rpc.type = GRPC (default)
2020-10-18 13:35:28,948 [Listener at 127.0.0.1/13776] INFO  grpc.GrpcFactory (GrpcFactory.java:checkPooledByteBufAllocatorUseCacheForAllThreads(45)) - PERFORMANCE WARNING: useCacheForAllThreads is true that may cause Netty to create a lot garbage objects and, as a result, trigger GC.
	It is recommended to disable useCacheForAllThreads by setting -Dorg.apache.ratis.thirdparty.io.netty.allocator.useCacheForAllThreads=false in command line.
2020-10-18 13:35:28,949 [Listener at 127.0.0.1/13776] INFO  grpc.GrpcConfigKeys (ConfUtils.java:logGet(44)) - raft.grpc.server.port = 0 (default)
2020-10-18 13:35:28,949 [Listener at 127.0.0.1/13776] INFO  server.GrpcService (ConfUtils.java:logGet(44)) - raft.grpc.message.size.max = 32MB (=33554432) (custom)
2020-10-18 13:35:28,949 [Listener at 127.0.0.1/13776] INFO  server.RaftServerConfigKeys (ConfUtils.java:logGet(44)) - raft.server.log.appender.buffer.byte-limit = 33554432 (custom)
2020-10-18 13:35:28,949 [Listener at 127.0.0.1/13776] INFO  server.GrpcService (ConfUtils.java:logGet(44)) - raft.grpc.flow.control.window = 5MB (=5242880) (custom)
2020-10-18 13:35:28,949 [Listener at 127.0.0.1/13776] INFO  server.RaftServerConfigKeys (ConfUtils.java:logGet(44)) - raft.server.rpc.request.timeout = 60s (custom)
2020-10-18 13:35:28,959 [Listener at 127.0.0.1/13776] INFO  server.RaftServerConfigKeys (ConfUtils.java:logGet(44)) - raft.server.storage.dir = [/github/workspace/mnt/ozone/hadoop-ozone/integration-test/target/test-dir/MiniOzoneClusterImpl-d38fabef-ad13-445b-9ec0-8ae77b1cf310/datanode-2/data/ratis] (custom)
2020-10-18 13:35:28,961 [org.apache.hadoop.util.JvmPauseMonitor$Monitor@1069bf1] INFO  util.JvmPauseMonitor (JvmPauseMonitor.java:run(188)) - Starting JVM pause monitor
2020-10-18 13:35:28,967 [Listener at 127.0.0.1/13776] INFO  http.BaseHttpServer (BaseHttpServer.java:newHttpServer2BuilderForOzone(207)) - Starting Web-server for hddsDatanode at: http://0.0.0.0:0
2020-10-18 13:35:28,967 [Listener at 127.0.0.1/13776] INFO  http.BaseHttpServer (BaseHttpServer.java:<init>(106)) - Hadoop Security Enabled: false Ozone Security Enabled: false Ozone HTTP Security Enabled: false 
2020-10-18 13:35:28,968 [Listener at 127.0.0.1/13776] INFO  server.AuthenticationFilter (AuthenticationFilter.java:constructSecretProvider(240)) - Unable to initialize FileSignerSecretProvider, falling back to use random secrets.
2020-10-18 13:35:28,971 [Listener at 127.0.0.1/13776] WARN  http.HttpRequestLog (HttpRequestLog.java:getRequestLog(103)) - Jetty request log can only be enabled using Log4j
2020-10-18 13:35:28,979 [Listener at 127.0.0.1/13776] INFO  http.HttpServer2 (HttpServer2.java:addGlobalFilter(1019)) - Added global filter 'safety' (class=org.apache.hadoop.hdds.server.http.HttpServer2$QuotingInputFilter)
2020-10-18 13:35:28,980 [Listener at 127.0.0.1/13776] INFO  http.HttpServer2 (HttpServer2.java:addFilter(995)) - Added filter static_user_filter (class=org.apache.hadoop.http.lib.StaticUserWebFilter$StaticUserFilter) to context hddsDatanode
2020-10-18 13:35:28,980 [Listener at 127.0.0.1/13776] INFO  http.HttpServer2 (HttpServer2.java:addFilter(1003)) - Added filter static_user_filter (class=org.apache.hadoop.http.lib.StaticUserWebFilter$StaticUserFilter) to context logs
2020-10-18 13:35:28,980 [Listener at 127.0.0.1/13776] INFO  http.HttpServer2 (HttpServer2.java:addFilter(1003)) - Added filter static_user_filter (class=org.apache.hadoop.http.lib.StaticUserWebFilter$StaticUserFilter) to context static
2020-10-18 13:35:28,981 [Listener at 127.0.0.1/13776] INFO  http.HttpServer2 (HttpServer2.java:bindListener(1237)) - Jetty bound to port 43771
2020-10-18 13:35:28,981 [Listener at 127.0.0.1/13776] INFO  server.Server (Server.java:doStart(359)) - jetty-9.4.26.v20200117; built: 2020-01-17T12:35:33.676Z; git: 7b38981d25d14afb4a12ff1f2596756144edf695; jvm 1.8.0_232-b09
2020-10-18 13:35:29,008 [Datanode State Machine Task Thread - 0] INFO  datanode.InitDatanodeState (InitDatanodeState.java:persistContainerDatanodeDetails(145)) - DatanodeDetails is persisted to /github/workspace/mnt/ozone/hadoop-ozone/integration-test/target/test-dir/MiniOzoneClusterImpl-d38fabef-ad13-445b-9ec0-8ae77b1cf310/datanode-1/meta/datanode.id
2020-10-18 13:35:29,071 [Listener at 127.0.0.1/13776] INFO  server.session (DefaultSessionIdManager.java:doStart(333)) - DefaultSessionIdManager workerName=node0
2020-10-18 13:35:29,071 [Listener at 127.0.0.1/13776] INFO  server.session (DefaultSessionIdManager.java:doStart(338)) - No SessionScavenger set, using defaults
2020-10-18 13:35:29,071 [Listener at 127.0.0.1/13776] INFO  server.session (HouseKeeper.java:startScavenging(140)) - node0 Scavenging every 600000ms
2020-10-18 13:35:29,083 [Listener at 127.0.0.1/13776] INFO  handler.ContextHandler (ContextHandler.java:doStart(825)) - Started o.e.j.s.ServletContextHandler@3ee2116{logs,/logs,file:///github/workspace/mnt/ozone/hadoop-ozone/integration-test/target/log,AVAILABLE}
2020-10-18 13:35:29,083 [Listener at 127.0.0.1/13776] INFO  handler.ContextHandler (ContextHandler.java:doStart(825)) - Started o.e.j.s.ServletContextHandler@6e8d1383{static,/static,jar:file:/home/user/.m2/repository/org/apache/hadoop/hadoop-hdds-container-service/1.1.0-SNAPSHOT/hadoop-hdds-container-service-1.1.0-SNAPSHOT.jar!/webapps/static,AVAILABLE}
2020-10-18 13:35:29,184 [grpc-default-executor-1] INFO  metrics.RatisMetrics (RatisMetrics.java:lambda$create$0(36)) - Creating Metrics Registry : ratis.server_message_metrics.omNode-3
2020-10-18 13:35:29,202 [grpc-default-executor-2] INFO  metrics.RatisMetrics (RatisMetrics.java:lambda$create$0(36)) - Creating Metrics Registry : ratis.server_message_metrics.omNode-2
2020-10-18 13:35:29,210 [grpc-default-executor-5] INFO  metrics.RatisMetrics (RatisMetrics.java:lambda$create$0(36)) - Creating Metrics Registry : ratis.server_message_metrics.omNode-1
2020-10-18 13:35:29,242 [omNode-1@group-523986131536-LeaderElection1] INFO  impl.LeaderElection (LeaderElection.java:logAndReturn(62)) - omNode-1@group-523986131536-LeaderElection1: Election REJECTED; received 2 response(s) [omNode-1<-omNode-3#0:FAIL-t1, omNode-1<-omNode-2#0:FAIL-t1] and 0 exception(s); omNode-1@group-523986131536:t1, leader=null, voted=omNode-1, raftlog=omNode-1@group-523986131536-SegmentedRaftLog:OPENED:c-1,f-1,i0, conf=-1: [omNode-3:localhost:13780:0, omNode-1:localhost:13768:0, omNode-2:localhost:13774:0], old=null
2020-10-18 13:35:29,243 [omNode-1@group-523986131536-LeaderElection1] INFO  impl.RaftServerImpl (RaftServerImpl.java:setRole(198)) - omNode-1@group-523986131536: changes role from CANDIDATE to FOLLOWER at term 1 for DISCOVERED_A_NEW_TERM
2020-10-18 13:35:29,243 [omNode-1@group-523986131536-LeaderElection1] INFO  impl.RoleInfo (RoleInfo.java:shutdownLeaderElection(134)) - omNode-1: shutdown LeaderElection
2020-10-18 13:35:29,243 [omNode-1@group-523986131536-LeaderElection1] INFO  impl.RoleInfo (RoleInfo.java:updateAndGet(143)) - omNode-1: start FollowerState
2020-10-18 13:35:29,244 [omNode-3@group-523986131536-LeaderElection3] INFO  impl.LeaderElection (LeaderElection.java:logAndReturn(62)) - omNode-3@group-523986131536-LeaderElection3: Election REJECTED; received 2 response(s) [omNode-3<-omNode-1#0:FAIL-t1, omNode-3<-omNode-2#0:FAIL-t1] and 0 exception(s); omNode-3@group-523986131536:t1, leader=null, voted=omNode-3, raftlog=omNode-3@group-523986131536-SegmentedRaftLog:OPENED:c-1,f-1,i0, conf=-1: [omNode-3:localhost:13780:0, omNode-1:localhost:13768:0, omNode-2:localhost:13774:0], old=null
2020-10-18 13:35:29,259 [omNode-3@group-523986131536-LeaderElection3] INFO  impl.RaftServerImpl (RaftServerImpl.java:setRole(198)) - omNode-3@group-523986131536: changes role from CANDIDATE to FOLLOWER at term 1 for DISCOVERED_A_NEW_TERM
2020-10-18 13:35:29,259 [omNode-3@group-523986131536-LeaderElection3] INFO  impl.RoleInfo (RoleInfo.java:shutdownLeaderElection(134)) - omNode-3: shutdown LeaderElection
2020-10-18 13:35:29,259 [omNode-3@group-523986131536-LeaderElection3] INFO  impl.RoleInfo (RoleInfo.java:updateAndGet(143)) - omNode-3: start FollowerState
2020-10-18 13:35:29,260 [omNode-2@group-523986131536-LeaderElection2] INFO  impl.LeaderElection (LeaderElection.java:logAndReturn(62)) - omNode-2@group-523986131536-LeaderElection2: Election REJECTED; received 2 response(s) [omNode-2<-omNode-3#0:FAIL-t1, omNode-2<-omNode-1#0:FAIL-t1] and 0 exception(s); omNode-2@group-523986131536:t1, leader=null, voted=omNode-2, raftlog=omNode-2@group-523986131536-SegmentedRaftLog:OPENED:c-1,f-1,i0, conf=-1: [omNode-3:localhost:13780:0, omNode-1:localhost:13768:0, omNode-2:localhost:13774:0], old=null
2020-10-18 13:35:29,279 [omNode-2@group-523986131536-LeaderElection2] INFO  impl.RaftServerImpl (RaftServerImpl.java:setRole(198)) - omNode-2@group-523986131536: changes role from CANDIDATE to FOLLOWER at term 1 for DISCOVERED_A_NEW_TERM
2020-10-18 13:35:29,279 [omNode-2@group-523986131536-LeaderElection2] INFO  impl.RoleInfo (RoleInfo.java:shutdownLeaderElection(134)) - omNode-2: shutdown LeaderElection
2020-10-18 13:35:29,279 [omNode-2@group-523986131536-LeaderElection2] INFO  impl.RoleInfo (RoleInfo.java:updateAndGet(143)) - omNode-2: start FollowerState
2020-10-18 13:35:29,343 [Listener at 127.0.0.1/13776] INFO  handler.ContextHandler (ContextHandler.java:doStart(825)) - Started o.e.j.w.WebAppContext@525fbbb3{hddsDatanode,/,file:///tmp/jetty-0_0_0_0-43771-hadoop-hdds-container-service-1_1_0-SNAPSHOT_jar-_-any-7618604463519874787.dir/webapp/,AVAILABLE}{jar:file:/home/user/.m2/repository/org/apache/hadoop/hadoop-hdds-container-service/1.1.0-SNAPSHOT/hadoop-hdds-container-service-1.1.0-SNAPSHOT.jar!/webapps/hddsDatanode}
2020-10-18 13:35:29,346 [Listener at 127.0.0.1/13776] INFO  server.AbstractConnector (AbstractConnector.java:doStart(330)) - Started ServerConnector@392ad9af{HTTP/1.1,[http/1.1]}{0.0.0.0:43771}
2020-10-18 13:35:29,347 [Listener at 127.0.0.1/13776] INFO  server.Server (Server.java:doStart(399)) - Started @7017ms
2020-10-18 13:35:29,347 [Listener at 127.0.0.1/13776] WARN  impl.MetricsSystemImpl (MetricsSystemImpl.java:register(276)) - Sink prometheus already exists!
2020-10-18 13:35:29,362 [Listener at 127.0.0.1/13776] INFO  http.BaseHttpServer (BaseHttpServer.java:updateConnectorAddress(327)) - HTTP server of hddsDatanode listening at http://0.0.0.0:43771
2020-10-18 13:35:29,363 [Listener at 127.0.0.1/13776] INFO  ozone.MiniOzoneClusterImpl (MiniOzoneClusterImpl.java:lambda$waitForClusterToBeReady$0(177)) - Waiting for nodes to be ready. Got 0 of 3 DN Heartbeats.
2020-10-18 13:35:29,363 [Listener at 127.0.0.1/13776] INFO  ozone.MiniOzoneClusterImpl (MiniOzoneClusterImpl.java:lambda$waitForClusterToBeReady$0(180)) - Waiting for cluster to exit safe mode
2020-10-18 13:35:29,377 [org.apache.hadoop.util.JvmPauseMonitor$Monitor@14cc38a1] INFO  util.JvmPauseMonitor (JvmPauseMonitor.java:run(188)) - Starting JVM pause monitor
2020-10-18 13:35:29,379 [Datanode State Machine Task Thread - 0] INFO  datanode.InitDatanodeState (InitDatanodeState.java:persistContainerDatanodeDetails(145)) - DatanodeDetails is persisted to /github/workspace/mnt/ozone/hadoop-ozone/integration-test/target/test-dir/MiniOzoneClusterImpl-d38fabef-ad13-445b-9ec0-8ae77b1cf310/datanode-2/meta/datanode.id
2020-10-18 13:35:30,357 [Thread-250] INFO  impl.FollowerState (FollowerState.java:run(108)) - omNode-3@group-523986131536-FollowerState: change to CANDIDATE, lastRpcTime:1097ms, electionTimeout:1078ms
2020-10-18 13:35:30,357 [Thread-250] INFO  impl.RoleInfo (RoleInfo.java:shutdownFollowerState(121)) - omNode-3: shutdown FollowerState
2020-10-18 13:35:30,357 [Thread-250] INFO  impl.RaftServerImpl (RaftServerImpl.java:setRole(198)) - omNode-3@group-523986131536: changes role from  FOLLOWER to CANDIDATE at term 1 for changeToCandidate
2020-10-18 13:35:30,360 [Thread-250] INFO  impl.RoleInfo (RoleInfo.java:updateAndGet(143)) - omNode-3: start LeaderElection
2020-10-18 13:35:30,363 [omNode-3@group-523986131536-LeaderElection4] INFO  impl.LeaderElection (LeaderElection.java:askForVotes(210)) - omNode-3@group-523986131536-LeaderElection4: begin an election at term 2 for -1: [omNode-3:localhost:13780:0, omNode-1:localhost:13768:0, omNode-2:localhost:13774:0], old=null
2020-10-18 13:35:30,363 [Listener at 127.0.0.1/13776] INFO  ozone.MiniOzoneClusterImpl (MiniOzoneClusterImpl.java:lambda$waitForClusterToBeReady$0(177)) - Waiting for nodes to be ready. Got 0 of 3 DN Heartbeats.
2020-10-18 13:35:30,364 [Listener at 127.0.0.1/13776] INFO  ozone.MiniOzoneClusterImpl (MiniOzoneClusterImpl.java:lambda$waitForClusterToBeReady$0(180)) - Waiting for cluster to exit safe mode
2020-10-18 13:35:30,369 [grpc-default-executor-1] INFO  impl.RaftServerImpl (RaftServerImpl.java:setRole(198)) - omNode-1@group-523986131536: changes role from  FOLLOWER to FOLLOWER at term 2 for recognizeCandidate:omNode-3
2020-10-18 13:35:30,369 [grpc-default-executor-1] INFO  impl.RoleInfo (RoleInfo.java:shutdownFollowerState(121)) - omNode-1: shutdown FollowerState
2020-10-18 13:35:30,369 [grpc-default-executor-1] INFO  impl.RoleInfo (RoleInfo.java:updateAndGet(143)) - omNode-1: start FollowerState
2020-10-18 13:35:30,370 [Thread-249] INFO  impl.FollowerState (FollowerState.java:run(117)) - omNode-1@group-523986131536-FollowerState was interrupted: java.lang.InterruptedException: sleep interrupted
2020-10-18 13:35:30,372 [grpc-default-executor-1] INFO  impl.RaftServerImpl (RaftServerImpl.java:requestVote(923)) -  FOLLOWER omNode-1@group-523986131536:t2, leader=null, voted=null, raftlog=omNode-1@group-523986131536-SegmentedRaftLog:OPENED:c-1,f-1,i0, conf=-1: [omNode-3:localhost:13780:0, omNode-1:localhost:13768:0, omNode-2:localhost:13774:0], old=null RUNNING priority:0 candidate:omNode-3:localhost:13780:0 candidatePriority:0 compare:0
2020-10-18 13:35:30,386 [grpc-default-executor-0] INFO  impl.RaftServerImpl (RaftServerImpl.java:setRole(198)) - omNode-2@group-523986131536: changes role from  FOLLOWER to FOLLOWER at term 2 for recognizeCandidate:omNode-3
2020-10-18 13:35:30,386 [omNode-3@group-523986131536-LeaderElection4] INFO  impl.LeaderElection (LeaderElection.java:logAndReturn(62)) - omNode-3@group-523986131536-LeaderElection4: Election PASSED; received 1 response(s) [omNode-3<-omNode-1#0:OK-t2] and 0 exception(s); omNode-3@group-523986131536:t2, leader=null, voted=omNode-3, raftlog=omNode-3@group-523986131536-SegmentedRaftLog:OPENED:c-1,f-1,i0, conf=-1: [omNode-3:localhost:13780:0, omNode-1:localhost:13768:0, omNode-2:localhost:13774:0], old=null
2020-10-18 13:35:30,386 [grpc-default-executor-0] INFO  impl.RoleInfo (RoleInfo.java:shutdownFollowerState(121)) - omNode-2: shutdown FollowerState
2020-10-18 13:35:30,386 [grpc-default-executor-0] INFO  impl.RoleInfo (RoleInfo.java:updateAndGet(143)) - omNode-2: start FollowerState
2020-10-18 13:35:30,386 [omNode-3@group-523986131536-LeaderElection4] INFO  impl.RoleInfo (RoleInfo.java:shutdownLeaderElection(134)) - omNode-3: shutdown LeaderElection
2020-10-18 13:35:30,386 [omNode-3@group-523986131536-LeaderElection4] INFO  impl.RaftServerImpl (RaftServerImpl.java:setRole(198)) - omNode-3@group-523986131536: changes role from CANDIDATE to LEADER at term 2 for changeToLeader
2020-10-18 13:35:30,386 [omNode-3@group-523986131536-LeaderElection4] INFO  impl.RaftServerImpl (ServerState.java:setLeader(256)) - omNode-3@group-523986131536: change Leader from null to omNode-3 at term 2 for becomeLeader, leader elected after 2665ms
2020-10-18 13:35:30,386 [Thread-251] INFO  impl.FollowerState (FollowerState.java:run(117)) - omNode-2@group-523986131536-FollowerState was interrupted: java.lang.InterruptedException: sleep interrupted
2020-10-18 13:35:30,388 [grpc-default-executor-0] INFO  impl.RaftServerImpl (RaftServerImpl.java:requestVote(923)) -  FOLLOWER omNode-2@group-523986131536:t2, leader=null, voted=null, raftlog=omNode-2@group-523986131536-SegmentedRaftLog:OPENED:c-1,f-1,i0, conf=-1: [omNode-3:localhost:13780:0, omNode-1:localhost:13768:0, omNode-2:localhost:13774:0], old=null RUNNING priority:0 candidate:omNode-3:localhost:13780:0 candidatePriority:0 compare:0
2020-10-18 13:35:30,403 [omNode-3@group-523986131536-LeaderElection4] INFO  server.RaftServerConfigKeys (ConfUtils.java:logGet(44)) - raft.server.staging.catchup.gap = 1000 (default)
2020-10-18 13:35:30,403 [omNode-3@group-523986131536-LeaderElection4] INFO  server.RaftServerConfigKeys (ConfUtils.java:logGet(44)) - raft.server.rpc.sleep.time = 25ms (default)
2020-10-18 13:35:30,406 [omNode-3@group-523986131536-LeaderElection4] INFO  metrics.RatisMetrics (RatisMetrics.java:lambda$create$0(36)) - Creating Metrics Registry : ratis.log_appender.omNode-3@group-523986131536
2020-10-18 13:35:30,408 [omNode-3@group-523986131536-LeaderElection4] INFO  server.RaftServerConfigKeys (ConfUtils.java:logGet(44)) - raft.server.write.element-limit = 4096 (default)
2020-10-18 13:35:30,408 [omNode-3@group-523986131536-LeaderElection4] INFO  server.RaftServerConfigKeys (ConfUtils.java:logGet(44)) - raft.server.write.byte-limit = 64MB (=67108864) (default)
2020-10-18 13:35:30,416 [omNode-3@group-523986131536-LeaderElection4] INFO  server.RaftServerConfigKeys (ConfUtils.java:logGet(44)) - raft.server.watch.timeout = 10s (default)
2020-10-18 13:35:30,416 [omNode-3@group-523986131536-LeaderElection4] INFO  server.RaftServerConfigKeys (ConfUtils.java:logGet(44)) - raft.server.watch.timeout.denomination = 1s (default)
2020-10-18 13:35:30,417 [omNode-3@group-523986131536-LeaderElection4] INFO  server.RaftServerConfigKeys (ConfUtils.java:logGet(44)) - raft.server.watch.element-limit = 65536 (default)
2020-10-18 13:35:30,439 [omNode-3@group-523986131536-LeaderElection4] INFO  server.RaftServerConfigKeys (ConfUtils.java:logGet(44)) - raft.server.log.appender.snapshot.chunk.size.max = 16MB (=16777216) (default)
2020-10-18 13:35:30,442 [omNode-3@group-523986131536-LeaderElection4] INFO  server.RaftServerConfigKeys (ConfUtils.java:logGet(44)) - raft.server.log.appender.buffer.byte-limit = 33554432 (custom)
2020-10-18 13:35:30,442 [omNode-3@group-523986131536-LeaderElection4] INFO  server.RaftServerConfigKeys (ConfUtils.java:logGet(44)) - raft.server.log.appender.buffer.element-limit = 1024 (custom)
2020-10-18 13:35:30,445 [omNode-3@group-523986131536-LeaderElection4] INFO  grpc.GrpcConfigKeys (ConfUtils.java:logGet(44)) - raft.grpc.server.leader.outstanding.appends.max = 128 (default)
2020-10-18 13:35:30,445 [omNode-3@group-523986131536-LeaderElection4] INFO  server.RaftServerConfigKeys (ConfUtils.java:logGet(44)) - raft.server.rpc.request.timeout = 3000ms (default)
2020-10-18 13:35:30,445 [omNode-3@group-523986131536-LeaderElection4] INFO  server.RaftServerConfigKeys (ConfUtils.java:logGet(44)) - raft.server.log.appender.install.snapshot.enabled = false (custom)
2020-10-18 13:35:30,446 [omNode-3@group-523986131536-LeaderElection4] INFO  metrics.RatisMetrics (RatisMetrics.java:lambda$create$0(36)) - Creating Metrics Registry : ratis_grpc.log_appender.omNode-3@group-523986131536
2020-10-18 13:35:30,455 [omNode-3@group-523986131536-LeaderElection4] INFO  server.RaftServerConfigKeys (ConfUtils.java:logGet(44)) - raft.server.log.appender.snapshot.chunk.size.max = 16MB (=16777216) (default)
2020-10-18 13:35:30,455 [omNode-3@group-523986131536-LeaderElection4] INFO  server.RaftServerConfigKeys (ConfUtils.java:logGet(44)) - raft.server.log.appender.buffer.byte-limit = 33554432 (custom)
2020-10-18 13:35:30,455 [omNode-3@group-523986131536-LeaderElection4] INFO  server.RaftServerConfigKeys (ConfUtils.java:logGet(44)) - raft.server.log.appender.buffer.element-limit = 1024 (custom)
2020-10-18 13:35:30,455 [omNode-3@group-523986131536-LeaderElection4] INFO  grpc.GrpcConfigKeys (ConfUtils.java:logGet(44)) - raft.grpc.server.leader.outstanding.appends.max = 128 (default)
2020-10-18 13:35:30,456 [omNode-3@group-523986131536-LeaderElection4] INFO  server.RaftServerConfigKeys (ConfUtils.java:logGet(44)) - raft.server.rpc.request.timeout = 3000ms (default)
2020-10-18 13:35:30,456 [omNode-3@group-523986131536-LeaderElection4] INFO  server.RaftServerConfigKeys (ConfUtils.java:logGet(44)) - raft.server.log.appender.install.snapshot.enabled = false (custom)
2020-10-18 13:35:30,461 [omNode-3@group-523986131536-LeaderElection4] INFO  impl.RoleInfo (RoleInfo.java:updateAndGet(143)) - omNode-3: start LeaderState
2020-10-18 13:35:30,501 [omNode-3@group-523986131536-LeaderElection4] INFO  segmented.SegmentedRaftLogWorker (SegmentedRaftLogWorker.java:startLogSegment(397)) - omNode-3@group-523986131536-SegmentedRaftLogWorker: Starting segment from index:0
2020-10-18 13:35:30,551 [Datanode State Machine Task Thread - 1] INFO  ozoneimpl.OzoneContainer (OzoneContainer.java:start(245)) - Attempting to start container services.
2020-10-18 13:35:30,560 [Datanode State Machine Task Thread - 1] INFO  ozoneimpl.OzoneContainer (OzoneContainer.java:startContainerScrub(209)) - Background container scanner has been disabled.
2020-10-18 13:35:30,560 [Datanode State Machine Task Thread - 1] INFO  ratis.XceiverServerRatis (XceiverServerRatis.java:start(440)) - Starting XceiverServerRatis 0974e8ca-0629-45cc-8985-802eb90273cd at port 0
2020-10-18 13:35:30,560 [omNode-3@group-523986131536-LeaderElection4] INFO  impl.RaftServerImpl (ServerState.java:setRaftConf(374)) - omNode-3@group-523986131536: set configuration 0: [omNode-3:localhost:13780:0, omNode-1:localhost:13768:0, omNode-2:localhost:13774:0], old=null at 0
2020-10-18 13:35:30,584 [Datanode State Machine Task Thread - 1] INFO  impl.RaftServerProxy (RaftServerProxy.java:lambda$start$3(307)) - 0974e8ca-0629-45cc-8985-802eb90273cd: start RPC server
2020-10-18 13:35:30,591 [Datanode State Machine Task Thread - 1] INFO  server.GrpcService (GrpcService.java:startImpl(177)) - 0974e8ca-0629-45cc-8985-802eb90273cd: GrpcService started, listening on 0.0.0.0/0.0.0.0:42719
2020-10-18 13:35:30,592 [Datanode State Machine Task Thread - 1] INFO  ratis.XceiverServerRatis (XceiverServerRatis.java:start(452)) - XceiverServerRatis 0974e8ca-0629-45cc-8985-802eb90273cd is started using port 42719
2020-10-18 13:35:30,601 [grpc-default-executor-0] INFO  impl.RaftServerImpl (ServerState.java:setLeader(256)) - omNode-2@group-523986131536: change Leader from null to omNode-3 at term 2 for appendEntries, leader elected after 3050ms
2020-10-18 13:35:30,632 [Datanode State Machine Task Thread - 1] INFO  server.XceiverServerGrpc (XceiverServerGrpc.java:start(145)) - XceiverServerGrpc 0974e8ca-0629-45cc-8985-802eb90273cd is started using port 33467
2020-10-18 13:35:30,636 [grpc-default-executor-0] INFO  impl.RaftServerImpl (ServerState.java:setRaftConf(374)) - omNode-2@group-523986131536: set configuration 0: [omNode-3:localhost:13780:0, omNode-1:localhost:13768:0, omNode-2:localhost:13774:0], old=null at 0
2020-10-18 13:35:30,637 [grpc-default-executor-0] INFO  segmented.SegmentedRaftLogWorker (SegmentedRaftLogWorker.java:startLogSegment(397)) - omNode-2@group-523986131536-SegmentedRaftLogWorker: Starting segment from index:0
2020-10-18 13:35:30,663 [grpc-default-executor-0] INFO  impl.RaftServerImpl (ServerState.java:setLeader(256)) - omNode-1@group-523986131536: change Leader from null to omNode-3 at term 2 for appendEntries, leader elected after 3599ms
2020-10-18 13:35:30,667 [grpc-default-executor-0] INFO  impl.RaftServerImpl (ServerState.java:setRaftConf(374)) - omNode-1@group-523986131536: set configuration 0: [omNode-3:localhost:13780:0, omNode-1:localhost:13768:0, omNode-2:localhost:13774:0], old=null at 0
2020-10-18 13:35:30,667 [grpc-default-executor-0] INFO  segmented.SegmentedRaftLogWorker (SegmentedRaftLogWorker.java:startLogSegment(397)) - omNode-1@group-523986131536-SegmentedRaftLogWorker: Starting segment from index:0
2020-10-18 13:35:30,861 [omNode-1@group-523986131536-SegmentedRaftLogWorker] INFO  segmented.SegmentedRaftLogWorker (SegmentedRaftLogWorker.java:execute(596)) - omNode-1@group-523986131536-SegmentedRaftLogWorker: created new log segment /github/workspace/mnt/ozone/hadoop-ozone/integration-test/target/test-dir/MiniOzoneClusterImpl-d38fabef-ad13-445b-9ec0-8ae77b1cf310/omNode-1/ratis/c9bc4cf4-3bc3-3c60-a66b-523986131536/current/log_inprogress_0
2020-10-18 13:35:30,863 [omNode-2@group-523986131536-SegmentedRaftLogWorker] INFO  segmented.SegmentedRaftLogWorker (SegmentedRaftLogWorker.java:execute(596)) - omNode-2@group-523986131536-SegmentedRaftLogWorker: created new log segment /github/workspace/mnt/ozone/hadoop-ozone/integration-test/target/test-dir/MiniOzoneClusterImpl-d38fabef-ad13-445b-9ec0-8ae77b1cf310/omNode-2/ratis/c9bc4cf4-3bc3-3c60-a66b-523986131536/current/log_inprogress_0
2020-10-18 13:35:30,865 [omNode-3@group-523986131536-SegmentedRaftLogWorker] INFO  segmented.SegmentedRaftLogWorker (SegmentedRaftLogWorker.java:execute(596)) - omNode-3@group-523986131536-SegmentedRaftLogWorker: created new log segment /github/workspace/mnt/ozone/hadoop-ozone/integration-test/target/test-dir/MiniOzoneClusterImpl-d38fabef-ad13-445b-9ec0-8ae77b1cf310/omNode-3/ratis/c9bc4cf4-3bc3-3c60-a66b-523986131536/current/log_inprogress_0
2020-10-18 13:35:30,962 [Datanode State Machine Task Thread - 1] INFO  ozoneimpl.OzoneContainer (OzoneContainer.java:start(245)) - Attempting to start container services.
2020-10-18 13:35:30,964 [Datanode State Machine Task Thread - 1] INFO  ozoneimpl.OzoneContainer (OzoneContainer.java:startContainerScrub(209)) - Background container scanner has been disabled.
2020-10-18 13:35:30,964 [Datanode State Machine Task Thread - 1] INFO  ratis.XceiverServerRatis (XceiverServerRatis.java:start(440)) - Starting XceiverServerRatis 4644c30d-38a1-4789-a0c6-a7c410b909c3 at port 0
2020-10-18 13:35:30,967 [Datanode State Machine Task Thread - 1] INFO  impl.RaftServerProxy (RaftServerProxy.java:lambda$start$3(307)) - 4644c30d-38a1-4789-a0c6-a7c410b909c3: start RPC server
2020-10-18 13:35:30,974 [Datanode State Machine Task Thread - 1] INFO  server.GrpcService (GrpcService.java:startImpl(177)) - 4644c30d-38a1-4789-a0c6-a7c410b909c3: GrpcService started, listening on 0.0.0.0/0.0.0.0:41007
2020-10-18 13:35:30,975 [Datanode State Machine Task Thread - 1] INFO  ratis.XceiverServerRatis (XceiverServerRatis.java:start(452)) - XceiverServerRatis 4644c30d-38a1-4789-a0c6-a7c410b909c3 is started using port 41007
2020-10-18 13:35:30,976 [Datanode State Machine Task Thread - 1] INFO  server.XceiverServerGrpc (XceiverServerGrpc.java:start(145)) - XceiverServerGrpc 4644c30d-38a1-4789-a0c6-a7c410b909c3 is started using port 41409
2020-10-18 13:35:31,364 [Listener at 127.0.0.1/13776] INFO  ozone.MiniOzoneClusterImpl (MiniOzoneClusterImpl.java:lambda$waitForClusterToBeReady$0(177)) - Waiting for nodes to be ready. Got 0 of 3 DN Heartbeats.
2020-10-18 13:35:31,364 [Listener at 127.0.0.1/13776] INFO  ozone.MiniOzoneClusterImpl (MiniOzoneClusterImpl.java:lambda$waitForClusterToBeReady$0(180)) - Waiting for cluster to exit safe mode
2020-10-18 13:35:31,394 [Datanode State Machine Task Thread - 1] INFO  ozoneimpl.OzoneContainer (OzoneContainer.java:start(245)) - Attempting to start container services.
2020-10-18 13:35:31,394 [Datanode State Machine Task Thread - 1] INFO  ozoneimpl.OzoneContainer (OzoneContainer.java:startContainerScrub(209)) - Background container scanner has been disabled.
2020-10-18 13:35:31,394 [Datanode State Machine Task Thread - 1] INFO  ratis.XceiverServerRatis (XceiverServerRatis.java:start(440)) - Starting XceiverServerRatis 31f68af9-13bd-4b3d-9bf3-c7f108d7d050 at port 0
2020-10-18 13:35:31,399 [Datanode State Machine Task Thread - 1] INFO  impl.RaftServerProxy (RaftServerProxy.java:lambda$start$3(307)) - 31f68af9-13bd-4b3d-9bf3-c7f108d7d050: start RPC server
2020-10-18 13:35:31,401 [Datanode State Machine Task Thread - 1] INFO  server.GrpcService (GrpcService.java:startImpl(177)) - 31f68af9-13bd-4b3d-9bf3-c7f108d7d050: GrpcService started, listening on 0.0.0.0/0.0.0.0:43229
2020-10-18 13:35:31,401 [Datanode State Machine Task Thread - 1] INFO  ratis.XceiverServerRatis (XceiverServerRatis.java:start(452)) - XceiverServerRatis 31f68af9-13bd-4b3d-9bf3-c7f108d7d050 is started using port 43229
2020-10-18 13:35:31,402 [Datanode State Machine Task Thread - 1] INFO  server.XceiverServerGrpc (XceiverServerGrpc.java:start(145)) - XceiverServerGrpc 31f68af9-13bd-4b3d-9bf3-c7f108d7d050 is started using port 43907
2020-10-18 13:35:32,364 [Listener at 127.0.0.1/13776] INFO  ozone.MiniOzoneClusterImpl (MiniOzoneClusterImpl.java:lambda$waitForClusterToBeReady$0(177)) - Waiting for nodes to be ready. Got 0 of 3 DN Heartbeats.
2020-10-18 13:35:32,364 [Listener at 127.0.0.1/13776] INFO  ozone.MiniOzoneClusterImpl (MiniOzoneClusterImpl.java:lambda$waitForClusterToBeReady$0(180)) - Waiting for cluster to exit safe mode
2020-10-18 13:35:32,453 [IPC Server handler 0 on default port 44471] INFO  net.NetworkTopologyImpl (NetworkTopologyImpl.java:add(111)) - Added a new node: /default-rack/0974e8ca-0629-45cc-8985-802eb90273cd
2020-10-18 13:35:32,455 [IPC Server handler 0 on default port 44471] INFO  node.SCMNodeManager (SCMNodeManager.java:register(282)) - Registered Data node : 0974e8ca-0629-45cc-8985-802eb90273cd{ip: 172.17.0.2, host: e04758552647, networkLocation: /default-rack, certSerialId: null}
2020-10-18 13:35:32,460 [EventQueue-NodeRegistrationContainerReportForDataNodeSafeModeRule] INFO  safemode.SCMSafeModeManager (DataNodeSafeModeRule.java:process(71)) - SCM in safe mode. 1 DataNodes registered, 1 required.
2020-10-18 13:35:32,460 [EventQueue-NodeRegistrationContainerReportForDataNodeSafeModeRule] INFO  safemode.SCMSafeModeManager (SCMSafeModeManager.java:validateSafeModeExitRules(214)) - DataNodeSafeModeRule rule is successfully validated
2020-10-18 13:35:32,460 [EventQueue-NodeRegistrationContainerReportForDataNodeSafeModeRule] INFO  safemode.SCMSafeModeManager (SCMSafeModeManager.java:completePreCheck(242)) - All SCM safe mode pre check rules have passed
2020-10-18 13:35:32,472 [EventQueue-NodeRegistrationContainerReportForContainerSafeModeRule] INFO  safemode.SCMSafeModeManager (SCMSafeModeManager.java:validateSafeModeExitRules(214)) - ContainerSafeModeRule rule is successfully validated
2020-10-18 13:35:32,476 [RatisPipelineUtilsThread] INFO  pipeline.RatisPipelineProvider (RatisPipelineProvider.java:lambda$create$0(138)) - Sending CreatePipelineCommand for pipeline:PipelineID=dec89c11-9963-4ce7-bc5d-4df6140527ee to datanode:0974e8ca-0629-45cc-8985-802eb90273cd
2020-10-18 13:35:32,664 [RatisPipelineUtilsThread] INFO  pipeline.PipelineStateManager (PipelineStateManager.java:addPipeline(54)) - Created pipeline Pipeline[ Id: dec89c11-9963-4ce7-bc5d-4df6140527ee, Nodes: 0974e8ca-0629-45cc-8985-802eb90273cd{ip: 172.17.0.2, host: e04758552647, networkLocation: /default-rack, certSerialId: null}, Type:RATIS, Factor:ONE, State:ALLOCATED, leaderId:, CreationTimestamp2020-10-18T13:35:32.473Z]
2020-10-18 13:35:32,666 [RatisPipelineUtilsThread] WARN  pipeline.PipelinePlacementPolicy (PipelinePlacementPolicy.java:filterViableNodes(138)) - Pipeline creation failed due to no sufficient healthy datanodes. Required 3. Found 1.
2020-10-18 13:35:32,960 [IPC Server handler 1 on default port 44471] INFO  net.NetworkTopologyImpl (NetworkTopologyImpl.java:add(111)) - Added a new node: /default-rack/4644c30d-38a1-4789-a0c6-a7c410b909c3
2020-10-18 13:35:32,960 [IPC Server handler 1 on default port 44471] INFO  node.SCMNodeManager (SCMNodeManager.java:register(282)) - Registered Data node : 4644c30d-38a1-4789-a0c6-a7c410b909c3{ip: 172.17.0.2, host: e04758552647, networkLocation: /default-rack, certSerialId: null}
2020-10-18 13:35:32,961 [EventQueue-NodeRegistrationContainerReportForContainerSafeModeRule] INFO  safemode.SCMSafeModeManager (SCMSafeModeManager.java:validateSafeModeExitRules(214)) - ContainerSafeModeRule rule is successfully validated
2020-10-18 13:35:32,961 [EventQueue-NodeRegistrationContainerReportForDataNodeSafeModeRule] INFO  safemode.SCMSafeModeManager (SCMSafeModeManager.java:validateSafeModeExitRules(214)) - DataNodeSafeModeRule rule is successfully validated
2020-10-18 13:35:32,966 [RatisPipelineUtilsThread] INFO  pipeline.RatisPipelineProvider (RatisPipelineProvider.java:lambda$create$0(138)) - Sending CreatePipelineCommand for pipeline:PipelineID=01fe4fa9-36ca-4d2d-b87c-45a6fe0ec2e4 to datanode:4644c30d-38a1-4789-a0c6-a7c410b909c3
2020-10-18 13:35:32,967 [RatisPipelineUtilsThread] INFO  pipeline.PipelineStateManager (PipelineStateManager.java:addPipeline(54)) - Created pipeline Pipeline[ Id: 01fe4fa9-36ca-4d2d-b87c-45a6fe0ec2e4, Nodes: 4644c30d-38a1-4789-a0c6-a7c410b909c3{ip: 172.17.0.2, host: e04758552647, networkLocation: /default-rack, certSerialId: null}, Type:RATIS, Factor:ONE, State:ALLOCATED, leaderId:, CreationTimestamp2020-10-18T13:35:32.966Z]
2020-10-18 13:35:32,967 [RatisPipelineUtilsThread] WARN  pipeline.PipelinePlacementPolicy (PipelinePlacementPolicy.java:filterViableNodes(138)) - Pipeline creation failed due to no sufficient healthy datanodes. Required 3. Found 2.
2020-10-18 13:35:33,365 [Listener at 127.0.0.1/13776] INFO  ozone.MiniOzoneClusterImpl (MiniOzoneClusterImpl.java:lambda$waitForClusterToBeReady$0(177)) - Waiting for nodes to be ready. Got 2 of 3 DN Heartbeats.
2020-10-18 13:35:33,365 [Listener at 127.0.0.1/13776] INFO  ozone.MiniOzoneClusterImpl (MiniOzoneClusterImpl.java:lambda$waitForClusterToBeReady$0(180)) - Waiting for cluster to exit safe mode
2020-10-18 13:35:33,380 [IPC Server handler 2 on default port 44471] INFO  net.NetworkTopologyImpl (NetworkTopologyImpl.java:add(111)) - Added a new node: /default-rack/31f68af9-13bd-4b3d-9bf3-c7f108d7d050
2020-10-18 13:35:33,380 [IPC Server handler 2 on default port 44471] INFO  node.SCMNodeManager (SCMNodeManager.java:register(282)) - Registered Data node : 31f68af9-13bd-4b3d-9bf3-c7f108d7d050{ip: 172.17.0.2, host: e04758552647, networkLocation: /default-rack, certSerialId: null}
2020-10-18 13:35:33,381 [RatisPipelineUtilsThread] INFO  pipeline.RatisPipelineProvider (RatisPipelineProvider.java:lambda$create$0(138)) - Sending CreatePipelineCommand for pipeline:PipelineID=6a24b372-a5a7-41b9-8528-046812bc161e to datanode:31f68af9-13bd-4b3d-9bf3-c7f108d7d050
2020-10-18 13:35:33,381 [EventQueue-NodeRegistrationContainerReportForDataNodeSafeModeRule] INFO  safemode.SCMSafeModeManager (SCMSafeModeManager.java:validateSafeModeExitRules(214)) - DataNodeSafeModeRule rule is successfully validated
2020-10-18 13:35:33,381 [EventQueue-NodeRegistrationContainerReportForContainerSafeModeRule] INFO  safemode.SCMSafeModeManager (SCMSafeModeManager.java:validateSafeModeExitRules(214)) - ContainerSafeModeRule rule is successfully validated
2020-10-18 13:35:33,381 [RatisPipelineUtilsThread] INFO  pipeline.PipelineStateManager (PipelineStateManager.java:addPipeline(54)) - Created pipeline Pipeline[ Id: 6a24b372-a5a7-41b9-8528-046812bc161e, Nodes: 31f68af9-13bd-4b3d-9bf3-c7f108d7d050{ip: 172.17.0.2, host: e04758552647, networkLocation: /default-rack, certSerialId: null}, Type:RATIS, Factor:ONE, State:ALLOCATED, leaderId:, CreationTimestamp2020-10-18T13:35:33.381Z]
2020-10-18 13:35:33,385 [RatisPipelineUtilsThread] INFO  pipeline.RatisPipelineProvider (RatisPipelineProvider.java:lambda$create$0(138)) - Sending CreatePipelineCommand for pipeline:PipelineID=3ab59ea5-4c64-4c23-b19f-b04798cd53fa to datanode:4644c30d-38a1-4789-a0c6-a7c410b909c3
2020-10-18 13:35:33,386 [RatisPipelineUtilsThread] INFO  pipeline.RatisPipelineProvider (RatisPipelineProvider.java:lambda$create$0(138)) - Sending CreatePipelineCommand for pipeline:PipelineID=3ab59ea5-4c64-4c23-b19f-b04798cd53fa to datanode:31f68af9-13bd-4b3d-9bf3-c7f108d7d050
2020-10-18 13:35:33,386 [RatisPipelineUtilsThread] INFO  pipeline.RatisPipelineProvider (RatisPipelineProvider.java:lambda$create$0(138)) - Sending CreatePipelineCommand for pipeline:PipelineID=3ab59ea5-4c64-4c23-b19f-b04798cd53fa to datanode:0974e8ca-0629-45cc-8985-802eb90273cd
2020-10-18 13:35:33,386 [RatisPipelineUtilsThread] INFO  pipeline.PipelineStateManager (PipelineStateManager.java:addPipeline(54)) - Created pipeline Pipeline[ Id: 3ab59ea5-4c64-4c23-b19f-b04798cd53fa, Nodes: 4644c30d-38a1-4789-a0c6-a7c410b909c3{ip: 172.17.0.2, host: e04758552647, networkLocation: /default-rack, certSerialId: null}31f68af9-13bd-4b3d-9bf3-c7f108d7d050{ip: 172.17.0.2, host: e04758552647, networkLocation: /default-rack, certSerialId: null}0974e8ca-0629-45cc-8985-802eb90273cd{ip: 172.17.0.2, host: e04758552647, networkLocation: /default-rack, certSerialId: null}, Type:RATIS, Factor:THREE, State:ALLOCATED, leaderId:, CreationTimestamp2020-10-18T13:35:33.385Z]
2020-10-18 13:35:34,365 [Listener at 127.0.0.1/13776] INFO  ozone.MiniOzoneClusterImpl (MiniOzoneClusterImpl.java:lambda$waitForClusterToBeReady$0(177)) - Nodes are ready. Got 3 of 3 DN Heartbeats.
2020-10-18 13:35:34,365 [Listener at 127.0.0.1/13776] INFO  ozone.MiniOzoneClusterImpl (MiniOzoneClusterImpl.java:lambda$waitForClusterToBeReady$0(180)) - Waiting for cluster to exit safe mode
2020-10-18 13:35:35,366 [Listener at 127.0.0.1/13776] INFO  ozone.MiniOzoneClusterImpl (MiniOzoneClusterImpl.java:lambda$waitForClusterToBeReady$0(177)) - Nodes are ready. Got 3 of 3 DN Heartbeats.
2020-10-18 13:35:35,366 [Listener at 127.0.0.1/13776] INFO  ozone.MiniOzoneClusterImpl (MiniOzoneClusterImpl.java:lambda$waitForClusterToBeReady$0(180)) - Waiting for cluster to exit safe mode
2020-10-18 13:35:35,422 [Command processor thread] INFO  impl.RaftServerProxy (RaftServerProxy.java:addNew(92)) - 0974e8ca-0629-45cc-8985-802eb90273cd: addNew group-4DF6140527EE:[0974e8ca-0629-45cc-8985-802eb90273cd:172.17.0.2:42719:0] returns group-4DF6140527EE:java.util.concurrent.CompletableFuture@5376df73[Not completed]
2020-10-18 13:35:35,449 [pool-70-thread-1] INFO  impl.RaftServerImpl (RaftServerImpl.java:<init>(120)) - 0974e8ca-0629-45cc-8985-802eb90273cd: new RaftServerImpl for group-4DF6140527EE:[0974e8ca-0629-45cc-8985-802eb90273cd:172.17.0.2:42719:0] with ContainerStateMachine:uninitialized
2020-10-18 13:35:35,449 [pool-70-thread-1] INFO  server.RaftServerConfigKeys (ConfUtils.java:logGet(44)) - raft.server.rpc.timeout.min = 5s (custom)
2020-10-18 13:35:35,450 [pool-70-thread-1] INFO  server.RaftServerConfigKeys (ConfUtils.java:logGet(44)) - raft.server.rpc.timeout.max = 5200ms (custom)
2020-10-18 13:35:35,450 [pool-70-thread-1] INFO  server.RaftServerConfigKeys (ConfUtils.java:logGet(44)) - raft.server.rpcslowness.timeout = 300s (custom)
2020-10-18 13:35:35,450 [pool-70-thread-1] INFO  server.RaftServerConfigKeys (ConfUtils.java:logGet(44)) - raft.server.sleep.deviation.threshold = 300 (default)
2020-10-18 13:35:35,450 [pool-70-thread-1] INFO  server.RaftServerConfigKeys (ConfUtils.java:logGet(44)) - raft.server.log.appender.install.snapshot.enabled = false (custom)
2020-10-18 13:35:35,450 [pool-70-thread-1] INFO  impl.RaftServerImpl (ServerState.java:<init>(104)) - 0974e8ca-0629-45cc-8985-802eb90273cd@group-4DF6140527EE: ConfigurationManager, init=-1: [0974e8ca-0629-45cc-8985-802eb90273cd:172.17.0.2:42719:0], old=null, confs=<EMPTY_MAP>
2020-10-18 13:35:35,450 [pool-70-thread-1] INFO  server.RaftServerConfigKeys (ConfUtils.java:logGet(44)) - raft.server.storage.dir = [/github/workspace/mnt/ozone/hadoop-ozone/integration-test/target/test-dir/MiniOzoneClusterImpl-d38fabef-ad13-445b-9ec0-8ae77b1cf310/datanode-0/data/ratis] (custom)
2020-10-18 13:35:35,451 [pool-70-thread-1] INFO  server.RaftServerConfigKeys (ConfUtils.java:logGet(44)) - raft.server.log.corruption.policy = EXCEPTION (default)
2020-10-18 13:35:35,451 [pool-70-thread-1] INFO  storage.RaftStorageDirectory (RaftStorageDirectory.java:analyzeStorage(261)) - The storage directory /github/workspace/mnt/ozone/hadoop-ozone/integration-test/target/test-dir/MiniOzoneClusterImpl-d38fabef-ad13-445b-9ec0-8ae77b1cf310/datanode-0/data/ratis/dec89c11-9963-4ce7-bc5d-4df6140527ee does not exist. Creating ...
2020-10-18 13:35:35,452 [pool-70-thread-1] INFO  storage.RaftStorageDirectory (RaftStorageDirectory.java:tryLock(343)) - Lock on /github/workspace/mnt/ozone/hadoop-ozone/integration-test/target/test-dir/MiniOzoneClusterImpl-d38fabef-ad13-445b-9ec0-8ae77b1cf310/datanode-0/data/ratis/dec89c11-9963-4ce7-bc5d-4df6140527ee/in_use.lock acquired by nodename 8904@e04758552647
2020-10-18 13:35:35,454 [pool-70-thread-1] INFO  storage.RaftStorage (RaftStorage.java:format(84)) - Storage directory /github/workspace/mnt/ozone/hadoop-ozone/integration-test/target/test-dir/MiniOzoneClusterImpl-d38fabef-ad13-445b-9ec0-8ae77b1cf310/datanode-0/data/ratis/dec89c11-9963-4ce7-bc5d-4df6140527ee has been successfully formatted.
2020-10-18 13:35:35,457 [pool-70-thread-1] INFO  ratis.ContainerStateMachine (ContainerStateMachine.java:loadSnapshot(225)) - group-4DF6140527EE: The snapshot info is null. Setting the last applied indexto:(t:0, i:~)
2020-10-18 13:35:35,457 [pool-70-thread-1] INFO  server.RaftServerConfigKeys (ConfUtils.java:logGet(44)) - raft.server.notification.no-leader.timeout = 300s (custom)
2020-10-18 13:35:35,457 [pool-70-thread-1] INFO  server.RaftServerConfigKeys (ConfUtils.java:logGet(44)) - raft.server.log.use.memory = false (default)
2020-10-18 13:35:35,457 [pool-70-thread-1] INFO  server.RaftServerConfigKeys (ConfUtils.java:logGet(44)) - raft.server.log.purge.gap = 1000000 (custom)
2020-10-18 13:35:35,457 [pool-70-thread-1] INFO  metrics.RatisMetrics (RatisMetrics.java:lambda$create$0(36)) - Creating Metrics Registry : ratis.log_worker.0974e8ca-0629-45cc-8985-802eb90273cd@group-4DF6140527EE
2020-10-18 13:35:35,458 [pool-70-thread-1] INFO  server.RaftServerConfigKeys (ConfUtils.java:logGet(44)) - raft.server.log.appender.buffer.byte-limit = 33554432 (custom)
2020-10-18 13:35:35,458 [pool-70-thread-1] INFO  server.RaftServerConfigKeys (ConfUtils.java:logGet(44)) - raft.server.log.segment.size.max = 1048576 (custom)
2020-10-18 13:35:35,458 [pool-70-thread-1] INFO  server.RaftServerConfigKeys (ConfUtils.java:logGet(44)) - raft.server.log.segment.cache.num.max = 2 (custom)
2020-10-18 13:35:35,459 [pool-70-thread-1] INFO  segmented.SegmentedRaftLogWorker (SegmentedRaftLogWorker.java:<init>(180)) - new 0974e8ca-0629-45cc-8985-802eb90273cd@group-4DF6140527EE-SegmentedRaftLogWorker for RaftStorage:Storage Directory /github/workspace/mnt/ozone/hadoop-ozone/integration-test/target/test-dir/MiniOzoneClusterImpl-d38fabef-ad13-445b-9ec0-8ae77b1cf310/datanode-0/data/ratis/dec89c11-9963-4ce7-bc5d-4df6140527ee
2020-10-18 13:35:35,459 [pool-70-thread-1] INFO  server.RaftServerConfigKeys (ConfUtils.java:logGet(44)) - raft.server.log.queue.byte-limit = 2147483647 (custom)
2020-10-18 13:35:35,459 [pool-70-thread-1] INFO  server.RaftServerConfigKeys (ConfUtils.java:logGet(44)) - raft.server.log.queue.element-limit = 1024 (custom)
2020-10-18 13:35:35,459 [pool-70-thread-1] INFO  server.RaftServerConfigKeys (ConfUtils.java:logGet(44)) - raft.server.log.segment.size.max = 1048576 (custom)
2020-10-18 13:35:35,459 [pool-70-thread-1] INFO  server.RaftServerConfigKeys (ConfUtils.java:logGet(44)) - raft.server.log.preallocated.size = 16384 (custom)
2020-10-18 13:35:35,459 [pool-70-thread-1] INFO  server.RaftServerConfigKeys (ConfUtils.java:logGet(44)) - raft.server.log.write.buffer.size = 1048576 (custom)
2020-10-18 13:35:35,459 [pool-70-thread-1] INFO  server.RaftServerConfigKeys (ConfUtils.java:logGet(44)) - raft.server.log.force.sync.num = 128 (default)
2020-10-18 13:35:35,459 [pool-70-thread-1] INFO  server.RaftServerConfigKeys (ConfUtils.java:logGet(44)) - raft.server.log.statemachine.data.sync = true (default)
2020-10-18 13:35:35,459 [pool-70-thread-1] INFO  server.RaftServerConfigKeys (ConfUtils.java:logGet(44)) - raft.server.log.statemachine.data.sync.timeout = 10s (default)
2020-10-18 13:35:35,459 [pool-70-thread-1] INFO  server.RaftServerConfigKeys (ConfUtils.java:logGet(44)) - raft.server.log.statemachine.data.sync.timeout.retry = -1 (default)
2020-10-18 13:35:35,461 [pool-70-thread-1] INFO  server.RaftServerConfigKeys (ConfUtils.java:logGet(44)) - raft.server.log.statemachine.data.caching.enabled = true (custom)
2020-10-18 13:35:35,461 [pool-70-thread-1] INFO  segmented.SegmentedRaftLogWorker (SegmentedRaftLogWorker.java:lambda$new$0(129)) - 0974e8ca-0629-45cc-8985-802eb90273cd@group-4DF6140527EE-SegmentedRaftLogWorker: flushIndex: setUnconditionally 0 -> -1
2020-10-18 13:35:35,461 [pool-70-thread-1] INFO  segmented.SegmentedRaftLogWorker (SegmentedRaftLogWorker.java:lambda$new$0(129)) - 0974e8ca-0629-45cc-8985-802eb90273cd@group-4DF6140527EE-SegmentedRaftLogWorker: safeCacheEvictIndex: setUnconditionally 0 -> -1
2020-10-18 13:35:35,475 [pool-70-thread-1] INFO  server.RaftServerConfigKeys (ConfUtils.java:logGet(44)) - raft.server.snapshot.auto.trigger.enabled = true (custom)
2020-10-18 13:35:35,475 [pool-70-thread-1] INFO  server.RaftServerConfigKeys (ConfUtils.java:logGet(44)) - raft.server.snapshot.auto.trigger.threshold = 10000 (custom)
2020-10-18 13:35:35,475 [pool-70-thread-1] INFO  server.RaftServerConfigKeys (ConfUtils.java:logGet(44)) - raft.server.snapshot.retention.file.num = 5 (custom)
2020-10-18 13:35:35,475 [pool-70-thread-1] INFO  server.RaftServerConfigKeys (ConfUtils.java:logGet(44)) - raft.server.log.purge.upto.snapshot.index = false (default)
2020-10-18 13:35:35,475 [pool-70-thread-1] INFO  server.RaftServerConfigKeys (ConfUtils.java:logGet(44)) - raft.server.retrycache.expirytime = 600000ms (custom)
2020-10-18 13:35:35,475 [pool-70-thread-1] INFO  metrics.RatisMetrics (RatisMetrics.java:lambda$create$0(36)) - Creating Metrics Registry : ratis.leader_election.0974e8ca-0629-45cc-8985-802eb90273cd@group-4DF6140527EE
2020-10-18 13:35:35,476 [pool-70-thread-1] INFO  metrics.RatisMetrics (RatisMetrics.java:lambda$create$0(36)) - Creating Metrics Registry : ratis.server.0974e8ca-0629-45cc-8985-802eb90273cd@group-4DF6140527EE
2020-10-18 13:35:35,477 [pool-70-thread-1] INFO  impl.RaftServerImpl (RaftServerImpl.java:start(209)) - 0974e8ca-0629-45cc-8985-802eb90273cd@group-4DF6140527EE: start as a follower, conf=-1: [0974e8ca-0629-45cc-8985-802eb90273cd:172.17.0.2:42719:0], old=null
2020-10-18 13:35:35,484 [pool-70-thread-1] INFO  impl.RaftServerImpl (RaftServerImpl.java:setRole(198)) - 0974e8ca-0629-45cc-8985-802eb90273cd@group-4DF6140527EE: changes role from      null to FOLLOWER at term 0 for startAsFollower
2020-10-18 13:35:35,485 [pool-70-thread-1] INFO  impl.RoleInfo (RoleInfo.java:updateAndGet(143)) - 0974e8ca-0629-45cc-8985-802eb90273cd: start FollowerState
2020-10-18 13:35:35,485 [EventQueue-PipelineReportForPipelineReportHandler] INFO  pipeline.PipelineStateManager (PipelineStateManager.java:openPipeline(131)) - Pipeline Pipeline[ Id: dec89c11-9963-4ce7-bc5d-4df6140527ee, Nodes: 0974e8ca-0629-45cc-8985-802eb90273cd{ip: 172.17.0.2, host: e04758552647, networkLocation: /default-rack, certSerialId: null}, Type:RATIS, Factor:ONE, State:ALLOCATED, leaderId:0974e8ca-0629-45cc-8985-802eb90273cd, CreationTimestamp2020-10-18T13:35:32.473Z] moved to OPEN state
2020-10-18 13:35:35,491 [EventQueue-OpenPipelineForOneReplicaPipelineSafeModeRule] INFO  safemode.SCMSafeModeManager (SCMSafeModeManager.java:validateSafeModeExitRules(214)) - AtleastOneDatanodeReportedRule rule is successfully validated
2020-10-18 13:35:35,495 [EventQueue-OpenPipelineForHealthyPipelineSafeModeRule] INFO  safemode.SCMSafeModeManager (HealthyPipelineSafeModeRule.java:process(129)) - SCM in safe mode. Healthy pipelines reported count is 0, required healthy pipeline reported count is 1
2020-10-18 13:35:35,491 [pool-70-thread-1] INFO  util.JmxRegister (JmxRegister.java:tryRegister(44)) - Successfully registered JMX Bean with object name Ratis:service=RaftServer,group=group-4DF6140527EE,id=0974e8ca-0629-45cc-8985-802eb90273cd
2020-10-18 13:35:35,495 [pool-70-thread-1] INFO  metrics.RatisMetrics (RatisMetrics.java:lambda$create$0(36)) - Creating Metrics Registry : ratis.state_machine.0974e8ca-0629-45cc-8985-802eb90273cd@group-4DF6140527EE
2020-10-18 13:35:35,498 [Command processor thread] INFO  commandhandler.CreatePipelineCommandHandler (CreatePipelineCommandHandler.java:handle(110)) - Created Pipeline RATIS ONE #id: "dec89c11-9963-4ce7-bc5d-4df6140527ee"
uuid128 {
  mostSigBits: -2393491602545619737
  leastSigBits: -4873653502451832850
}
.
2020-10-18 13:35:35,499 [Command processor thread] INFO  impl.RaftServerProxy (RaftServerProxy.java:addNew(92)) - 0974e8ca-0629-45cc-8985-802eb90273cd: addNew group-B04798CD53FA:[4644c30d-38a1-4789-a0c6-a7c410b909c3:172.17.0.2:41007:0, 31f68af9-13bd-4b3d-9bf3-c7f108d7d050:172.17.0.2:43229:0, 0974e8ca-0629-45cc-8985-802eb90273cd:172.17.0.2:42719:0] returns group-B04798CD53FA:java.util.concurrent.CompletableFuture@666b42c3[Not completed]
2020-10-18 13:35:35,500 [pool-70-thread-1] INFO  impl.RaftServerImpl (RaftServerImpl.java:<init>(120)) - 0974e8ca-0629-45cc-8985-802eb90273cd: new RaftServerImpl for group-B04798CD53FA:[4644c30d-38a1-4789-a0c6-a7c410b909c3:172.17.0.2:41007:0, 31f68af9-13bd-4b3d-9bf3-c7f108d7d050:172.17.0.2:43229:0, 0974e8ca-0629-45cc-8985-802eb90273cd:172.17.0.2:42719:0] with ContainerStateMachine:uninitialized
2020-10-18 13:35:35,500 [pool-70-thread-1] INFO  server.RaftServerConfigKeys (ConfUtils.java:logGet(44)) - raft.server.rpc.timeout.min = 5s (custom)
2020-10-18 13:35:35,500 [pool-70-thread-1] INFO  server.RaftServerConfigKeys (ConfUtils.java:logGet(44)) - raft.server.rpc.timeout.max = 5200ms (custom)
2020-10-18 13:35:35,501 [pool-70-thread-1] INFO  server.RaftServerConfigKeys (ConfUtils.java:logGet(44)) - raft.server.rpcslowness.timeout = 300s (custom)
2020-10-18 13:35:35,501 [pool-70-thread-1] INFO  server.RaftServerConfigKeys (ConfUtils.java:logGet(44)) - raft.server.sleep.deviation.threshold = 300 (default)
2020-10-18 13:35:35,501 [pool-70-thread-1] INFO  server.RaftServerConfigKeys (ConfUtils.java:logGet(44)) - raft.server.log.appender.install.snapshot.enabled = false (custom)
2020-10-18 13:35:35,501 [pool-70-thread-1] INFO  impl.RaftServerImpl (ServerState.java:<init>(104)) - 0974e8ca-0629-45cc-8985-802eb90273cd@group-B04798CD53FA: ConfigurationManager, init=-1: [4644c30d-38a1-4789-a0c6-a7c410b909c3:172.17.0.2:41007:0, 31f68af9-13bd-4b3d-9bf3-c7f108d7d050:172.17.0.2:43229:0, 0974e8ca-0629-45cc-8985-802eb90273cd:172.17.0.2:42719:0], old=null, confs=<EMPTY_MAP>
2020-10-18 13:35:35,501 [pool-70-thread-1] INFO  server.RaftServerConfigKeys (ConfUtils.java:logGet(44)) - raft.server.storage.dir = [/github/workspace/mnt/ozone/hadoop-ozone/integration-test/target/test-dir/MiniOzoneClusterImpl-d38fabef-ad13-445b-9ec0-8ae77b1cf310/datanode-0/data/ratis] (custom)
2020-10-18 13:35:35,501 [pool-70-thread-1] INFO  server.RaftServerConfigKeys (ConfUtils.java:logGet(44)) - raft.server.log.corruption.policy = EXCEPTION (default)
2020-10-18 13:35:35,501 [pool-70-thread-1] INFO  storage.RaftStorageDirectory (RaftStorageDirectory.java:analyzeStorage(261)) - The storage directory /github/workspace/mnt/ozone/hadoop-ozone/integration-test/target/test-dir/MiniOzoneClusterImpl-d38fabef-ad13-445b-9ec0-8ae77b1cf310/datanode-0/data/ratis/3ab59ea5-4c64-4c23-b19f-b04798cd53fa does not exist. Creating ...
2020-10-18 13:35:35,504 [pool-70-thread-1] INFO  storage.RaftStorageDirectory (RaftStorageDirectory.java:tryLock(343)) - Lock on /github/workspace/mnt/ozone/hadoop-ozone/integration-test/target/test-dir/MiniOzoneClusterImpl-d38fabef-ad13-445b-9ec0-8ae77b1cf310/datanode-0/data/ratis/3ab59ea5-4c64-4c23-b19f-b04798cd53fa/in_use.lock acquired by nodename 8904@e04758552647
2020-10-18 13:35:35,506 [pool-70-thread-1] INFO  storage.RaftStorage (RaftStorage.java:format(84)) - Storage directory /github/workspace/mnt/ozone/hadoop-ozone/integration-test/target/test-dir/MiniOzoneClusterImpl-d38fabef-ad13-445b-9ec0-8ae77b1cf310/datanode-0/data/ratis/3ab59ea5-4c64-4c23-b19f-b04798cd53fa has been successfully formatted.
2020-10-18 13:35:35,506 [pool-70-thread-1] INFO  ratis.ContainerStateMachine (ContainerStateMachine.java:loadSnapshot(225)) - group-B04798CD53FA: The snapshot info is null. Setting the last applied indexto:(t:0, i:~)
2020-10-18 13:35:35,506 [pool-70-thread-1] INFO  server.RaftServerConfigKeys (ConfUtils.java:logGet(44)) - raft.server.notification.no-leader.timeout = 300s (custom)
2020-10-18 13:35:35,506 [pool-70-thread-1] INFO  server.RaftServerConfigKeys (ConfUtils.java:logGet(44)) - raft.server.log.use.memory = false (default)
2020-10-18 13:35:35,506 [pool-70-thread-1] INFO  server.RaftServerConfigKeys (ConfUtils.java:logGet(44)) - raft.server.log.purge.gap = 1000000 (custom)
2020-10-18 13:35:35,506 [pool-70-thread-1] INFO  metrics.RatisMetrics (RatisMetrics.java:lambda$create$0(36)) - Creating Metrics Registry : ratis.log_worker.0974e8ca-0629-45cc-8985-802eb90273cd@group-B04798CD53FA
2020-10-18 13:35:35,511 [pool-70-thread-1] INFO  server.RaftServerConfigKeys (ConfUtils.java:logGet(44)) - raft.server.log.appender.buffer.byte-limit = 33554432 (custom)
2020-10-18 13:35:35,511 [pool-70-thread-1] INFO  server.RaftServerConfigKeys (ConfUtils.java:logGet(44)) - raft.server.log.segment.size.max = 1048576 (custom)
2020-10-18 13:35:35,512 [pool-70-thread-1] INFO  server.RaftServerConfigKeys (ConfUtils.java:logGet(44)) - raft.server.log.segment.cache.num.max = 2 (custom)
2020-10-18 13:35:35,512 [pool-70-thread-1] INFO  segmented.SegmentedRaftLogWorker (SegmentedRaftLogWorker.java:<init>(180)) - new 0974e8ca-0629-45cc-8985-802eb90273cd@group-B04798CD53FA-SegmentedRaftLogWorker for RaftStorage:Storage Directory /github/workspace/mnt/ozone/hadoop-ozone/integration-test/target/test-dir/MiniOzoneClusterImpl-d38fabef-ad13-445b-9ec0-8ae77b1cf310/datanode-0/data/ratis/3ab59ea5-4c64-4c23-b19f-b04798cd53fa
2020-10-18 13:35:35,512 [pool-70-thread-1] INFO  server.RaftServerConfigKeys (ConfUtils.java:logGet(44)) - raft.server.log.queue.byte-limit = 2147483647 (custom)
2020-10-18 13:35:35,512 [pool-70-thread-1] INFO  server.RaftServerConfigKeys (ConfUtils.java:logGet(44)) - raft.server.log.queue.element-limit = 1024 (custom)
2020-10-18 13:35:35,512 [pool-70-thread-1] INFO  server.RaftServerConfigKeys (ConfUtils.java:logGet(44)) - raft.server.log.segment.size.max = 1048576 (custom)
2020-10-18 13:35:35,512 [pool-70-thread-1] INFO  server.RaftServerConfigKeys (ConfUtils.java:logGet(44)) - raft.server.log.preallocated.size = 16384 (custom)
2020-10-18 13:35:35,513 [pool-70-thread-1] INFO  server.RaftServerConfigKeys (ConfUtils.java:logGet(44)) - raft.server.log.write.buffer.size = 1048576 (custom)
2020-10-18 13:35:35,513 [pool-70-thread-1] INFO  server.RaftServerConfigKeys (ConfUtils.java:logGet(44)) - raft.server.log.force.sync.num = 128 (default)
2020-10-18 13:35:35,513 [pool-70-thread-1] INFO  server.RaftServerConfigKeys (ConfUtils.java:logGet(44)) - raft.server.log.statemachine.data.sync = true (default)
2020-10-18 13:35:35,513 [pool-70-thread-1] INFO  server.RaftServerConfigKeys (ConfUtils.java:logGet(44)) - raft.server.log.statemachine.data.sync.timeout = 10s (default)
2020-10-18 13:35:35,513 [pool-70-thread-1] INFO  server.RaftServerConfigKeys (ConfUtils.java:logGet(44)) - raft.server.log.statemachine.data.sync.timeout.retry = -1 (default)
2020-10-18 13:35:35,514 [pool-70-thread-1] INFO  server.RaftServerConfigKeys (ConfUtils.java:logGet(44)) - raft.server.log.statemachine.data.caching.enabled = true (custom)
2020-10-18 13:35:35,515 [pool-70-thread-1] INFO  segmented.SegmentedRaftLogWorker (SegmentedRaftLogWorker.java:lambda$new$0(129)) - 0974e8ca-0629-45cc-8985-802eb90273cd@group-B04798CD53FA-SegmentedRaftLogWorker: flushIndex: setUnconditionally 0 -> -1
2020-10-18 13:35:35,515 [pool-70-thread-1] INFO  segmented.SegmentedRaftLogWorker (SegmentedRaftLogWorker.java:lambda$new$0(129)) - 0974e8ca-0629-45cc-8985-802eb90273cd@group-B04798CD53FA-SegmentedRaftLogWorker: safeCacheEvictIndex: setUnconditionally 0 -> -1
2020-10-18 13:35:35,515 [pool-70-thread-1] INFO  server.RaftServerConfigKeys (ConfUtils.java:logGet(44)) - raft.server.snapshot.auto.trigger.enabled = true (custom)
2020-10-18 13:35:35,515 [pool-70-thread-1] INFO  server.RaftServerConfigKeys (ConfUtils.java:logGet(44)) - raft.server.snapshot.auto.trigger.threshold = 10000 (custom)
2020-10-18 13:35:35,515 [pool-70-thread-1] INFO  server.RaftServerConfigKeys (ConfUtils.java:logGet(44)) - raft.server.snapshot.retention.file.num = 5 (custom)
2020-10-18 13:35:35,515 [pool-70-thread-1] INFO  server.RaftServerConfigKeys (ConfUtils.java:logGet(44)) - raft.server.log.purge.upto.snapshot.index = false (default)
2020-10-18 13:35:35,515 [pool-70-thread-1] INFO  server.RaftServerConfigKeys (ConfUtils.java:logGet(44)) - raft.server.retrycache.expirytime = 600000ms (custom)
2020-10-18 13:35:35,515 [pool-70-thread-1] INFO  metrics.RatisMetrics (RatisMetrics.java:lambda$create$0(36)) - Creating Metrics Registry : ratis.leader_election.0974e8ca-0629-45cc-8985-802eb90273cd@group-B04798CD53FA
2020-10-18 13:35:35,516 [pool-70-thread-1] INFO  metrics.RatisMetrics (RatisMetrics.java:lambda$create$0(36)) - Creating Metrics Registry : ratis.server.0974e8ca-0629-45cc-8985-802eb90273cd@group-B04798CD53FA
2020-10-18 13:35:35,517 [pool-70-thread-1] INFO  impl.RaftServerImpl (RaftServerImpl.java:start(209)) - 0974e8ca-0629-45cc-8985-802eb90273cd@group-B04798CD53FA: start as a follower, conf=-1: [4644c30d-38a1-4789-a0c6-a7c410b909c3:172.17.0.2:41007:0, 31f68af9-13bd-4b3d-9bf3-c7f108d7d050:172.17.0.2:43229:0, 0974e8ca-0629-45cc-8985-802eb90273cd:172.17.0.2:42719:0], old=null
2020-10-18 13:35:35,517 [pool-70-thread-1] INFO  impl.RaftServerImpl (RaftServerImpl.java:setRole(198)) - 0974e8ca-0629-45cc-8985-802eb90273cd@group-B04798CD53FA: changes role from      null to FOLLOWER at term 0 for startAsFollower
2020-10-18 13:35:35,517 [pool-70-thread-1] INFO  impl.RoleInfo (RoleInfo.java:updateAndGet(143)) - 0974e8ca-0629-45cc-8985-802eb90273cd: start FollowerState
2020-10-18 13:35:35,517 [pool-70-thread-1] INFO  util.JmxRegister (JmxRegister.java:tryRegister(44)) - Successfully registered JMX Bean with object name Ratis:service=RaftServer,group=group-B04798CD53FA,id=0974e8ca-0629-45cc-8985-802eb90273cd
2020-10-18 13:35:35,517 [pool-70-thread-1] INFO  metrics.RatisMetrics (RatisMetrics.java:lambda$create$0(36)) - Creating Metrics Registry : ratis.state_machine.0974e8ca-0629-45cc-8985-802eb90273cd@group-B04798CD53FA
2020-10-18 13:35:35,545 [Command processor thread] INFO  metrics.RatisMetrics (RatisMetrics.java:lambda$create$0(36)) - Creating Metrics Registry : ratis.client_message_metrics.client-F3A5D3CBE2CA->4644c30d-38a1-4789-a0c6-a7c410b909c3
2020-10-18 13:35:35,564 [grpc-default-executor-0] INFO  metrics.RatisMetrics (RatisMetrics.java:lambda$create$0(36)) - Creating Metrics Registry : ratis.server_message_metrics.4644c30d-38a1-4789-a0c6-a7c410b909c3
2020-10-18 13:35:35,570 [grpc-default-executor-0] INFO  impl.RaftServerProxy (RaftServerProxy.java:addNew(92)) - 4644c30d-38a1-4789-a0c6-a7c410b909c3: addNew group-B04798CD53FA:[4644c30d-38a1-4789-a0c6-a7c410b909c3:172.17.0.2:41007:0, 31f68af9-13bd-4b3d-9bf3-c7f108d7d050:172.17.0.2:43229:0, 0974e8ca-0629-45cc-8985-802eb90273cd:172.17.0.2:42719:0] returns group-B04798CD53FA:java.util.concurrent.CompletableFuture@276a3965[Not completed]
2020-10-18 13:35:35,575 [pool-85-thread-1] INFO  impl.RaftServerImpl (RaftServerImpl.java:<init>(120)) - 4644c30d-38a1-4789-a0c6-a7c410b909c3: new RaftServerImpl for group-B04798CD53FA:[4644c30d-38a1-4789-a0c6-a7c410b909c3:172.17.0.2:41007:0, 31f68af9-13bd-4b3d-9bf3-c7f108d7d050:172.17.0.2:43229:0, 0974e8ca-0629-45cc-8985-802eb90273cd:172.17.0.2:42719:0] with ContainerStateMachine:uninitialized
2020-10-18 13:35:35,576 [pool-85-thread-1] INFO  server.RaftServerConfigKeys (ConfUtils.java:logGet(44)) - raft.server.rpc.timeout.min = 5s (custom)
2020-10-18 13:35:35,576 [pool-85-thread-1] INFO  server.RaftServerConfigKeys (ConfUtils.java:logGet(44)) - raft.server.rpc.timeout.max = 5200ms (custom)
2020-10-18 13:35:35,576 [pool-85-thread-1] INFO  server.RaftServerConfigKeys (ConfUtils.java:logGet(44)) - raft.server.rpcslowness.timeout = 300s (custom)
2020-10-18 13:35:35,576 [pool-85-thread-1] INFO  server.RaftServerConfigKeys (ConfUtils.java:logGet(44)) - raft.server.sleep.deviation.threshold = 300 (default)
2020-10-18 13:35:35,576 [pool-85-thread-1] INFO  server.RaftServerConfigKeys (ConfUtils.java:logGet(44)) - raft.server.log.appender.install.snapshot.enabled = false (custom)
2020-10-18 13:35:35,576 [pool-85-thread-1] INFO  impl.RaftServerImpl (ServerState.java:<init>(104)) - 4644c30d-38a1-4789-a0c6-a7c410b909c3@group-B04798CD53FA: ConfigurationManager, init=-1: [4644c30d-38a1-4789-a0c6-a7c410b909c3:172.17.0.2:41007:0, 31f68af9-13bd-4b3d-9bf3-c7f108d7d050:172.17.0.2:43229:0, 0974e8ca-0629-45cc-8985-802eb90273cd:172.17.0.2:42719:0], old=null, confs=<EMPTY_MAP>
2020-10-18 13:35:35,576 [pool-85-thread-1] INFO  server.RaftServerConfigKeys (ConfUtils.java:logGet(44)) - raft.server.storage.dir = [/github/workspace/mnt/ozone/hadoop-ozone/integration-test/target/test-dir/MiniOzoneClusterImpl-d38fabef-ad13-445b-9ec0-8ae77b1cf310/datanode-1/data/ratis] (custom)
2020-10-18 13:35:35,577 [pool-85-thread-1] INFO  server.RaftServerConfigKeys (ConfUtils.java:logGet(44)) - raft.server.log.corruption.policy = EXCEPTION (default)
2020-10-18 13:35:35,577 [pool-85-thread-1] INFO  storage.RaftStorageDirectory (RaftStorageDirectory.java:analyzeStorage(261)) - The storage directory /github/workspace/mnt/ozone/hadoop-ozone/integration-test/target/test-dir/MiniOzoneClusterImpl-d38fabef-ad13-445b-9ec0-8ae77b1cf310/datanode-1/data/ratis/3ab59ea5-4c64-4c23-b19f-b04798cd53fa does not exist. Creating ...
2020-10-18 13:35:35,578 [pool-85-thread-1] INFO  storage.RaftStorageDirectory (RaftStorageDirectory.java:tryLock(343)) - Lock on /github/workspace/mnt/ozone/hadoop-ozone/integration-test/target/test-dir/MiniOzoneClusterImpl-d38fabef-ad13-445b-9ec0-8ae77b1cf310/datanode-1/data/ratis/3ab59ea5-4c64-4c23-b19f-b04798cd53fa/in_use.lock acquired by nodename 8904@e04758552647
2020-10-18 13:35:35,579 [pool-85-thread-1] INFO  storage.RaftStorage (RaftStorage.java:format(84)) - Storage directory /github/workspace/mnt/ozone/hadoop-ozone/integration-test/target/test-dir/MiniOzoneClusterImpl-d38fabef-ad13-445b-9ec0-8ae77b1cf310/datanode-1/data/ratis/3ab59ea5-4c64-4c23-b19f-b04798cd53fa has been successfully formatted.
2020-10-18 13:35:35,580 [pool-85-thread-1] INFO  ratis.ContainerStateMachine (ContainerStateMachine.java:loadSnapshot(225)) - group-B04798CD53FA: The snapshot info is null. Setting the last applied indexto:(t:0, i:~)
2020-10-18 13:35:35,581 [pool-85-thread-1] INFO  server.RaftServerConfigKeys (ConfUtils.java:logGet(44)) - raft.server.notification.no-leader.timeout = 300s (custom)
2020-10-18 13:35:35,581 [pool-85-thread-1] INFO  server.RaftServerConfigKeys (ConfUtils.java:logGet(44)) - raft.server.log.use.memory = false (default)
2020-10-18 13:35:35,581 [pool-85-thread-1] INFO  server.RaftServerConfigKeys (ConfUtils.java:logGet(44)) - raft.server.log.purge.gap = 1000000 (custom)
2020-10-18 13:35:35,581 [pool-85-thread-1] INFO  metrics.RatisMetrics (RatisMetrics.java:lambda$create$0(36)) - Creating Metrics Registry : ratis.log_worker.4644c30d-38a1-4789-a0c6-a7c410b909c3@group-B04798CD53FA
2020-10-18 13:35:35,581 [pool-85-thread-1] INFO  server.RaftServerConfigKeys (ConfUtils.java:logGet(44)) - raft.server.log.appender.buffer.byte-limit = 33554432 (custom)
2020-10-18 13:35:35,581 [pool-85-thread-1] INFO  server.RaftServerConfigKeys (ConfUtils.java:logGet(44)) - raft.server.log.segment.size.max = 1048576 (custom)
2020-10-18 13:35:35,583 [pool-85-thread-1] INFO  server.RaftServerConfigKeys (ConfUtils.java:logGet(44)) - raft.server.log.segment.cache.num.max = 2 (custom)
2020-10-18 13:35:35,583 [pool-85-thread-1] INFO  segmented.SegmentedRaftLogWorker (SegmentedRaftLogWorker.java:<init>(180)) - new 4644c30d-38a1-4789-a0c6-a7c410b909c3@group-B04798CD53FA-SegmentedRaftLogWorker for RaftStorage:Storage Directory /github/workspace/mnt/ozone/hadoop-ozone/integration-test/target/test-dir/MiniOzoneClusterImpl-d38fabef-ad13-445b-9ec0-8ae77b1cf310/datanode-1/data/ratis/3ab59ea5-4c64-4c23-b19f-b04798cd53fa
2020-10-18 13:35:35,583 [pool-85-thread-1] INFO  server.RaftServerConfigKeys (ConfUtils.java:logGet(44)) - raft.server.log.queue.byte-limit = 2147483647 (custom)
2020-10-18 13:35:35,583 [pool-85-thread-1] INFO  server.RaftServerConfigKeys (ConfUtils.java:logGet(44)) - raft.server.log.queue.element-limit = 1024 (custom)
2020-10-18 13:35:35,585 [pool-85-thread-1] INFO  server.RaftServerConfigKeys (ConfUtils.java:logGet(44)) - raft.server.log.segment.size.max = 1048576 (custom)
2020-10-18 13:35:35,585 [pool-85-thread-1] INFO  server.RaftServerConfigKeys (ConfUtils.java:logGet(44)) - raft.server.log.preallocated.size = 16384 (custom)
2020-10-18 13:35:35,586 [pool-85-thread-1] INFO  server.RaftServerConfigKeys (ConfUtils.java:logGet(44)) - raft.server.log.write.buffer.size = 1048576 (custom)
2020-10-18 13:35:35,586 [pool-85-thread-1] INFO  server.RaftServerConfigKeys (ConfUtils.java:logGet(44)) - raft.server.log.force.sync.num = 128 (default)
2020-10-18 13:35:35,586 [pool-85-thread-1] INFO  server.RaftServerConfigKeys (ConfUtils.java:logGet(44)) - raft.server.log.statemachine.data.sync = true (default)
2020-10-18 13:35:35,586 [pool-85-thread-1] INFO  server.RaftServerConfigKeys (ConfUtils.java:logGet(44)) - raft.server.log.statemachine.data.sync.timeout = 10s (default)
2020-10-18 13:35:35,586 [pool-85-thread-1] INFO  server.RaftServerConfigKeys (ConfUtils.java:logGet(44)) - raft.server.log.statemachine.data.sync.timeout.retry = -1 (default)
2020-10-18 13:35:35,595 [pool-85-thread-1] INFO  server.RaftServerConfigKeys (ConfUtils.java:logGet(44)) - raft.server.log.statemachine.data.caching.enabled = true (custom)
2020-10-18 13:35:35,596 [pool-85-thread-1] INFO  segmented.SegmentedRaftLogWorker (SegmentedRaftLogWorker.java:lambda$new$0(129)) - 4644c30d-38a1-4789-a0c6-a7c410b909c3@group-B04798CD53FA-SegmentedRaftLogWorker: flushIndex: setUnconditionally 0 -> -1
2020-10-18 13:35:35,596 [pool-85-thread-1] INFO  segmented.SegmentedRaftLogWorker (SegmentedRaftLogWorker.java:lambda$new$0(129)) - 4644c30d-38a1-4789-a0c6-a7c410b909c3@group-B04798CD53FA-SegmentedRaftLogWorker: safeCacheEvictIndex: setUnconditionally 0 -> -1
2020-10-18 13:35:35,596 [pool-85-thread-1] INFO  server.RaftServerConfigKeys (ConfUtils.java:logGet(44)) - raft.server.snapshot.auto.trigger.enabled = true (custom)
2020-10-18 13:35:35,596 [pool-85-thread-1] INFO  server.RaftServerConfigKeys (ConfUtils.java:logGet(44)) - raft.server.snapshot.auto.trigger.threshold = 10000 (custom)
2020-10-18 13:35:35,596 [pool-85-thread-1] INFO  server.RaftServerConfigKeys (ConfUtils.java:logGet(44)) - raft.server.snapshot.retention.file.num = 5 (custom)
2020-10-18 13:35:35,596 [pool-85-thread-1] INFO  server.RaftServerConfigKeys (ConfUtils.java:logGet(44)) - raft.server.log.purge.upto.snapshot.index = false (default)
2020-10-18 13:35:35,597 [pool-85-thread-1] INFO  server.RaftServerConfigKeys (ConfUtils.java:logGet(44)) - raft.server.retrycache.expirytime = 600000ms (custom)
2020-10-18 13:35:35,597 [pool-85-thread-1] INFO  metrics.RatisMetrics (RatisMetrics.java:lambda$create$0(36)) - Creating Metrics Registry : ratis.leader_election.4644c30d-38a1-4789-a0c6-a7c410b909c3@group-B04798CD53FA
2020-10-18 13:35:35,597 [pool-85-thread-1] INFO  metrics.RatisMetrics (RatisMetrics.java:lambda$create$0(36)) - Creating Metrics Registry : ratis.server.4644c30d-38a1-4789-a0c6-a7c410b909c3@group-B04798CD53FA
2020-10-18 13:35:35,598 [pool-85-thread-1] INFO  impl.RaftServerImpl (RaftServerImpl.java:start(209)) - 4644c30d-38a1-4789-a0c6-a7c410b909c3@group-B04798CD53FA: start as a follower, conf=-1: [4644c30d-38a1-4789-a0c6-a7c410b909c3:172.17.0.2:41007:0, 31f68af9-13bd-4b3d-9bf3-c7f108d7d050:172.17.0.2:43229:0, 0974e8ca-0629-45cc-8985-802eb90273cd:172.17.0.2:42719:0], old=null
2020-10-18 13:35:35,598 [pool-85-thread-1] INFO  impl.RaftServerImpl (RaftServerImpl.java:setRole(198)) - 4644c30d-38a1-4789-a0c6-a7c410b909c3@group-B04798CD53FA: changes role from      null to FOLLOWER at term 0 for startAsFollower
2020-10-18 13:35:35,598 [pool-85-thread-1] INFO  impl.RoleInfo (RoleInfo.java:updateAndGet(143)) - 4644c30d-38a1-4789-a0c6-a7c410b909c3: start FollowerState
2020-10-18 13:35:35,598 [pool-85-thread-1] INFO  util.JmxRegister (JmxRegister.java:tryRegister(44)) - Successfully registered JMX Bean with object name Ratis:service=RaftServer,group=group-B04798CD53FA,id=4644c30d-38a1-4789-a0c6-a7c410b909c3
2020-10-18 13:35:35,599 [pool-85-thread-1] INFO  metrics.RatisMetrics (RatisMetrics.java:lambda$create$0(36)) - Creating Metrics Registry : ratis.state_machine.4644c30d-38a1-4789-a0c6-a7c410b909c3@group-B04798CD53FA
2020-10-18 13:35:35,621 [Command processor thread] INFO  metrics.RatisMetrics (RatisMetrics.java:lambda$create$0(36)) - Creating Metrics Registry : ratis.client_message_metrics.client-0326FE180CDE->31f68af9-13bd-4b3d-9bf3-c7f108d7d050
2020-10-18 13:35:35,628 [grpc-default-executor-0] INFO  metrics.RatisMetrics (RatisMetrics.java:lambda$create$0(36)) - Creating Metrics Registry : ratis.server_message_metrics.31f68af9-13bd-4b3d-9bf3-c7f108d7d050
2020-10-18 13:35:35,629 [grpc-default-executor-0] INFO  impl.RaftServerProxy (RaftServerProxy.java:addNew(92)) - 31f68af9-13bd-4b3d-9bf3-c7f108d7d050: addNew group-B04798CD53FA:[4644c30d-38a1-4789-a0c6-a7c410b909c3:172.17.0.2:41007:0, 31f68af9-13bd-4b3d-9bf3-c7f108d7d050:172.17.0.2:43229:0, 0974e8ca-0629-45cc-8985-802eb90273cd:172.17.0.2:42719:0] returns group-B04798CD53FA:java.util.concurrent.CompletableFuture@7e59cb79[Not completed]
2020-10-18 13:35:35,635 [pool-100-thread-1] INFO  impl.RaftServerImpl (RaftServerImpl.java:<init>(120)) - 31f68af9-13bd-4b3d-9bf3-c7f108d7d050: new RaftServerImpl for group-B04798CD53FA:[4644c30d-38a1-4789-a0c6-a7c410b909c3:172.17.0.2:41007:0, 31f68af9-13bd-4b3d-9bf3-c7f108d7d050:172.17.0.2:43229:0, 0974e8ca-0629-45cc-8985-802eb90273cd:172.17.0.2:42719:0] with ContainerStateMachine:uninitialized
2020-10-18 13:35:35,635 [pool-100-thread-1] INFO  server.RaftServerConfigKeys (ConfUtils.java:logGet(44)) - raft.server.rpc.timeout.min = 5s (custom)
2020-10-18 13:35:35,635 [pool-100-thread-1] INFO  server.RaftServerConfigKeys (ConfUtils.java:logGet(44)) - raft.server.rpc.timeout.max = 5200ms (custom)
2020-10-18 13:35:35,635 [pool-100-thread-1] INFO  server.RaftServerConfigKeys (ConfUtils.java:logGet(44)) - raft.server.rpcslowness.timeout = 300s (custom)
2020-10-18 13:35:35,635 [pool-100-thread-1] INFO  server.RaftServerConfigKeys (ConfUtils.java:logGet(44)) - raft.server.sleep.deviation.threshold = 300 (default)
2020-10-18 13:35:35,635 [pool-100-thread-1] INFO  server.RaftServerConfigKeys (ConfUtils.java:logGet(44)) - raft.server.log.appender.install.snapshot.enabled = false (custom)
2020-10-18 13:35:35,636 [pool-100-thread-1] INFO  impl.RaftServerImpl (ServerState.java:<init>(104)) - 31f68af9-13bd-4b3d-9bf3-c7f108d7d050@group-B04798CD53FA: ConfigurationManager, init=-1: [4644c30d-38a1-4789-a0c6-a7c410b909c3:172.17.0.2:41007:0, 31f68af9-13bd-4b3d-9bf3-c7f108d7d050:172.17.0.2:43229:0, 0974e8ca-0629-45cc-8985-802eb90273cd:172.17.0.2:42719:0], old=null, confs=<EMPTY_MAP>
2020-10-18 13:35:35,636 [pool-100-thread-1] INFO  server.RaftServerConfigKeys (ConfUtils.java:logGet(44)) - raft.server.storage.dir = [/github/workspace/mnt/ozone/hadoop-ozone/integration-test/target/test-dir/MiniOzoneClusterImpl-d38fabef-ad13-445b-9ec0-8ae77b1cf310/datanode-2/data/ratis] (custom)
2020-10-18 13:35:35,636 [pool-100-thread-1] INFO  server.RaftServerConfigKeys (ConfUtils.java:logGet(44)) - raft.server.log.corruption.policy = EXCEPTION (default)
2020-10-18 13:35:35,636 [pool-100-thread-1] INFO  storage.RaftStorageDirectory (RaftStorageDirectory.java:analyzeStorage(261)) - The storage directory /github/workspace/mnt/ozone/hadoop-ozone/integration-test/target/test-dir/MiniOzoneClusterImpl-d38fabef-ad13-445b-9ec0-8ae77b1cf310/datanode-2/data/ratis/3ab59ea5-4c64-4c23-b19f-b04798cd53fa does not exist. Creating ...
2020-10-18 13:35:35,637 [pool-100-thread-1] INFO  storage.RaftStorageDirectory (RaftStorageDirectory.java:tryLock(343)) - Lock on /github/workspace/mnt/ozone/hadoop-ozone/integration-test/target/test-dir/MiniOzoneClusterImpl-d38fabef-ad13-445b-9ec0-8ae77b1cf310/datanode-2/data/ratis/3ab59ea5-4c64-4c23-b19f-b04798cd53fa/in_use.lock acquired by nodename 8904@e04758552647
2020-10-18 13:35:35,638 [pool-100-thread-1] INFO  storage.RaftStorage (RaftStorage.java:format(84)) - Storage directory /github/workspace/mnt/ozone/hadoop-ozone/integration-test/target/test-dir/MiniOzoneClusterImpl-d38fabef-ad13-445b-9ec0-8ae77b1cf310/datanode-2/data/ratis/3ab59ea5-4c64-4c23-b19f-b04798cd53fa has been successfully formatted.
2020-10-18 13:35:35,639 [pool-100-thread-1] INFO  ratis.ContainerStateMachine (ContainerStateMachine.java:loadSnapshot(225)) - group-B04798CD53FA: The snapshot info is null. Setting the last applied indexto:(t:0, i:~)
2020-10-18 13:35:35,639 [pool-100-thread-1] INFO  server.RaftServerConfigKeys (ConfUtils.java:logGet(44)) - raft.server.notification.no-leader.timeout = 300s (custom)
2020-10-18 13:35:35,642 [pool-100-thread-1] INFO  server.RaftServerConfigKeys (ConfUtils.java:logGet(44)) - raft.server.log.use.memory = false (default)
2020-10-18 13:35:35,642 [pool-100-thread-1] INFO  server.RaftServerConfigKeys (ConfUtils.java:logGet(44)) - raft.server.log.purge.gap = 1000000 (custom)
2020-10-18 13:35:35,642 [pool-100-thread-1] INFO  metrics.RatisMetrics (RatisMetrics.java:lambda$create$0(36)) - Creating Metrics Registry : ratis.log_worker.31f68af9-13bd-4b3d-9bf3-c7f108d7d050@group-B04798CD53FA
2020-10-18 13:35:35,642 [pool-100-thread-1] INFO  server.RaftServerConfigKeys (ConfUtils.java:logGet(44)) - raft.server.log.appender.buffer.byte-limit = 33554432 (custom)
2020-10-18 13:35:35,642 [pool-100-thread-1] INFO  server.RaftServerConfigKeys (ConfUtils.java:logGet(44)) - raft.server.log.segment.size.max = 1048576 (custom)
2020-10-18 13:35:35,643 [pool-100-thread-1] INFO  server.RaftServerConfigKeys (ConfUtils.java:logGet(44)) - raft.server.log.segment.cache.num.max = 2 (custom)
2020-10-18 13:35:35,643 [pool-100-thread-1] INFO  segmented.SegmentedRaftLogWorker (SegmentedRaftLogWorker.java:<init>(180)) - new 31f68af9-13bd-4b3d-9bf3-c7f108d7d050@group-B04798CD53FA-SegmentedRaftLogWorker for RaftStorage:Storage Directory /github/workspace/mnt/ozone/hadoop-ozone/integration-test/target/test-dir/MiniOzoneClusterImpl-d38fabef-ad13-445b-9ec0-8ae77b1cf310/datanode-2/data/ratis/3ab59ea5-4c64-4c23-b19f-b04798cd53fa
2020-10-18 13:35:35,643 [pool-100-thread-1] INFO  server.RaftServerConfigKeys (ConfUtils.java:logGet(44)) - raft.server.log.queue.byte-limit = 2147483647 (custom)
2020-10-18 13:35:35,643 [pool-100-thread-1] INFO  server.RaftServerConfigKeys (ConfUtils.java:logGet(44)) - raft.server.log.queue.element-limit = 1024 (custom)
2020-10-18 13:35:35,643 [pool-100-thread-1] INFO  server.RaftServerConfigKeys (ConfUtils.java:logGet(44)) - raft.server.log.segment.size.max = 1048576 (custom)
2020-10-18 13:35:35,643 [pool-100-thread-1] INFO  server.RaftServerConfigKeys (ConfUtils.java:logGet(44)) - raft.server.log.preallocated.size = 16384 (custom)
2020-10-18 13:35:35,644 [pool-100-thread-1] INFO  server.RaftServerConfigKeys (ConfUtils.java:logGet(44)) - raft.server.log.write.buffer.size = 1048576 (custom)
2020-10-18 13:35:35,644 [pool-100-thread-1] INFO  server.RaftServerConfigKeys (ConfUtils.java:logGet(44)) - raft.server.log.force.sync.num = 128 (default)
2020-10-18 13:35:35,644 [pool-100-thread-1] INFO  server.RaftServerConfigKeys (ConfUtils.java:logGet(44)) - raft.server.log.statemachine.data.sync = true (default)
2020-10-18 13:35:35,644 [pool-100-thread-1] INFO  server.RaftServerConfigKeys (ConfUtils.java:logGet(44)) - raft.server.log.statemachine.data.sync.timeout = 10s (default)
2020-10-18 13:35:35,644 [pool-100-thread-1] INFO  server.RaftServerConfigKeys (ConfUtils.java:logGet(44)) - raft.server.log.statemachine.data.sync.timeout.retry = -1 (default)
2020-10-18 13:35:35,646 [pool-100-thread-1] INFO  server.RaftServerConfigKeys (ConfUtils.java:logGet(44)) - raft.server.log.statemachine.data.caching.enabled = true (custom)
2020-10-18 13:35:35,646 [pool-100-thread-1] INFO  segmented.SegmentedRaftLogWorker (SegmentedRaftLogWorker.java:lambda$new$0(129)) - 31f68af9-13bd-4b3d-9bf3-c7f108d7d050@group-B04798CD53FA-SegmentedRaftLogWorker: flushIndex: setUnconditionally 0 -> -1
2020-10-18 13:35:35,646 [pool-100-thread-1] INFO  segmented.SegmentedRaftLogWorker (SegmentedRaftLogWorker.java:lambda$new$0(129)) - 31f68af9-13bd-4b3d-9bf3-c7f108d7d050@group-B04798CD53FA-SegmentedRaftLogWorker: safeCacheEvictIndex: setUnconditionally 0 -> -1
2020-10-18 13:35:35,646 [pool-100-thread-1] INFO  server.RaftServerConfigKeys (ConfUtils.java:logGet(44)) - raft.server.snapshot.auto.trigger.enabled = true (custom)
2020-10-18 13:35:35,646 [pool-100-thread-1] INFO  server.RaftServerConfigKeys (ConfUtils.java:logGet(44)) - raft.server.snapshot.auto.trigger.threshold = 10000 (custom)
2020-10-18 13:35:35,646 [pool-100-thread-1] INFO  server.RaftServerConfigKeys (ConfUtils.java:logGet(44)) - raft.server.snapshot.retention.file.num = 5 (custom)
2020-10-18 13:35:35,647 [pool-100-thread-1] INFO  server.RaftServerConfigKeys (ConfUtils.java:logGet(44)) - raft.server.log.purge.upto.snapshot.index = false (default)
2020-10-18 13:35:35,647 [pool-100-thread-1] INFO  server.RaftServerConfigKeys (ConfUtils.java:logGet(44)) - raft.server.retrycache.expirytime = 600000ms (custom)
2020-10-18 13:35:35,647 [pool-100-thread-1] INFO  metrics.RatisMetrics (RatisMetrics.java:lambda$create$0(36)) - Creating Metrics Registry : ratis.leader_election.31f68af9-13bd-4b3d-9bf3-c7f108d7d050@group-B04798CD53FA
2020-10-18 13:35:35,647 [pool-100-thread-1] INFO  metrics.RatisMetrics (RatisMetrics.java:lambda$create$0(36)) - Creating Metrics Registry : ratis.server.31f68af9-13bd-4b3d-9bf3-c7f108d7d050@group-B04798CD53FA
2020-10-18 13:35:35,648 [pool-100-thread-1] INFO  impl.RaftServerImpl (RaftServerImpl.java:start(209)) - 31f68af9-13bd-4b3d-9bf3-c7f108d7d050@group-B04798CD53FA: start as a follower, conf=-1: [4644c30d-38a1-4789-a0c6-a7c410b909c3:172.17.0.2:41007:0, 31f68af9-13bd-4b3d-9bf3-c7f108d7d050:172.17.0.2:43229:0, 0974e8ca-0629-45cc-8985-802eb90273cd:172.17.0.2:42719:0], old=null
2020-10-18 13:35:35,648 [pool-100-thread-1] INFO  impl.RaftServerImpl (RaftServerImpl.java:setRole(198)) - 31f68af9-13bd-4b3d-9bf3-c7f108d7d050@group-B04798CD53FA: changes role from      null to FOLLOWER at term 0 for startAsFollower
2020-10-18 13:35:35,648 [pool-100-thread-1] INFO  impl.RoleInfo (RoleInfo.java:updateAndGet(143)) - 31f68af9-13bd-4b3d-9bf3-c7f108d7d050: start FollowerState
2020-10-18 13:35:35,648 [pool-100-thread-1] INFO  util.JmxRegister (JmxRegister.java:tryRegister(44)) - Successfully registered JMX Bean with object name Ratis:service=RaftServer,group=group-B04798CD53FA,id=31f68af9-13bd-4b3d-9bf3-c7f108d7d050
2020-10-18 13:35:35,648 [pool-100-thread-1] INFO  metrics.RatisMetrics (RatisMetrics.java:lambda$create$0(36)) - Creating Metrics Registry : ratis.state_machine.31f68af9-13bd-4b3d-9bf3-c7f108d7d050@group-B04798CD53FA
2020-10-18 13:35:35,653 [Command processor thread] INFO  commandhandler.CreatePipelineCommandHandler (CreatePipelineCommandHandler.java:handle(110)) - Created Pipeline RATIS THREE #id: "3ab59ea5-4c64-4c23-b19f-b04798cd53fa"
uuid128 {
  mostSigBits: 4230461857772882979
  leastSigBits: -5647601586146552838
}
.
2020-10-18 13:35:35,958 [Command processor thread] INFO  impl.RaftServerProxy (RaftServerProxy.java:addNew(92)) - 4644c30d-38a1-4789-a0c6-a7c410b909c3: addNew group-45A6FE0EC2E4:[4644c30d-38a1-4789-a0c6-a7c410b909c3:172.17.0.2:41007:0] returns group-45A6FE0EC2E4:java.util.concurrent.CompletableFuture@61e0f43[Not completed]
2020-10-18 13:35:35,959 [pool-85-thread-1] INFO  impl.RaftServerImpl (RaftServerImpl.java:<init>(120)) - 4644c30d-38a1-4789-a0c6-a7c410b909c3: new RaftServerImpl for group-45A6FE0EC2E4:[4644c30d-38a1-4789-a0c6-a7c410b909c3:172.17.0.2:41007:0] with ContainerStateMachine:uninitialized
2020-10-18 13:35:35,960 [pool-85-thread-1] INFO  server.RaftServerConfigKeys (ConfUtils.java:logGet(44)) - raft.server.rpc.timeout.min = 5s (custom)
2020-10-18 13:35:35,960 [pool-85-thread-1] INFO  server.RaftServerConfigKeys (ConfUtils.java:logGet(44)) - raft.server.rpc.timeout.max = 5200ms (custom)
2020-10-18 13:35:35,960 [pool-85-thread-1] INFO  server.RaftServerConfigKeys (ConfUtils.java:logGet(44)) - raft.server.rpcslowness.timeout = 300s (custom)
2020-10-18 13:35:35,960 [pool-85-thread-1] INFO  server.RaftServerConfigKeys (ConfUtils.java:logGet(44)) - raft.server.sleep.deviation.threshold = 300 (default)
2020-10-18 13:35:35,960 [pool-85-thread-1] INFO  server.RaftServerConfigKeys (ConfUtils.java:logGet(44)) - raft.server.log.appender.install.snapshot.enabled = false (custom)
2020-10-18 13:35:35,960 [pool-85-thread-1] INFO  impl.RaftServerImpl (ServerState.java:<init>(104)) - 4644c30d-38a1-4789-a0c6-a7c410b909c3@group-45A6FE0EC2E4: ConfigurationManager, init=-1: [4644c30d-38a1-4789-a0c6-a7c410b909c3:172.17.0.2:41007:0], old=null, confs=<EMPTY_MAP>
2020-10-18 13:35:35,960 [pool-85-thread-1] INFO  server.RaftServerConfigKeys (ConfUtils.java:logGet(44)) - raft.server.storage.dir = [/github/workspace/mnt/ozone/hadoop-ozone/integration-test/target/test-dir/MiniOzoneClusterImpl-d38fabef-ad13-445b-9ec0-8ae77b1cf310/datanode-1/data/ratis] (custom)
2020-10-18 13:35:35,960 [pool-85-thread-1] INFO  server.RaftServerConfigKeys (ConfUtils.java:logGet(44)) - raft.server.log.corruption.policy = EXCEPTION (default)
2020-10-18 13:35:35,961 [pool-85-thread-1] INFO  storage.RaftStorageDirectory (RaftStorageDirectory.java:analyzeStorage(261)) - The storage directory /github/workspace/mnt/ozone/hadoop-ozone/integration-test/target/test-dir/MiniOzoneClusterImpl-d38fabef-ad13-445b-9ec0-8ae77b1cf310/datanode-1/data/ratis/01fe4fa9-36ca-4d2d-b87c-45a6fe0ec2e4 does not exist. Creating ...
2020-10-18 13:35:35,962 [pool-85-thread-1] INFO  storage.RaftStorageDirectory (RaftStorageDirectory.java:tryLock(343)) - Lock on /github/workspace/mnt/ozone/hadoop-ozone/integration-test/target/test-dir/MiniOzoneClusterImpl-d38fabef-ad13-445b-9ec0-8ae77b1cf310/datanode-1/data/ratis/01fe4fa9-36ca-4d2d-b87c-45a6fe0ec2e4/in_use.lock acquired by nodename 8904@e04758552647
2020-10-18 13:35:35,963 [pool-85-thread-1] INFO  storage.RaftStorage (RaftStorage.java:format(84)) - Storage directory /github/workspace/mnt/ozone/hadoop-ozone/integration-test/target/test-dir/MiniOzoneClusterImpl-d38fabef-ad13-445b-9ec0-8ae77b1cf310/datanode-1/data/ratis/01fe4fa9-36ca-4d2d-b87c-45a6fe0ec2e4 has been successfully formatted.
2020-10-18 13:35:35,963 [pool-85-thread-1] INFO  ratis.ContainerStateMachine (ContainerStateMachine.java:loadSnapshot(225)) - group-45A6FE0EC2E4: The snapshot info is null. Setting the last applied indexto:(t:0, i:~)
2020-10-18 13:35:35,964 [pool-85-thread-1] INFO  server.RaftServerConfigKeys (ConfUtils.java:logGet(44)) - raft.server.notification.no-leader.timeout = 300s (custom)
2020-10-18 13:35:35,964 [pool-85-thread-1] INFO  server.RaftServerConfigKeys (ConfUtils.java:logGet(44)) - raft.server.log.use.memory = false (default)
2020-10-18 13:35:35,964 [pool-85-thread-1] INFO  server.RaftServerConfigKeys (ConfUtils.java:logGet(44)) - raft.server.log.purge.gap = 1000000 (custom)
2020-10-18 13:35:35,964 [pool-85-thread-1] INFO  metrics.RatisMetrics (RatisMetrics.java:lambda$create$0(36)) - Creating Metrics Registry : ratis.log_worker.4644c30d-38a1-4789-a0c6-a7c410b909c3@group-45A6FE0EC2E4
2020-10-18 13:35:35,964 [pool-85-thread-1] INFO  server.RaftServerConfigKeys (ConfUtils.java:logGet(44)) - raft.server.log.appender.buffer.byte-limit = 33554432 (custom)
2020-10-18 13:35:35,965 [EventQueue-PipelineReportForPipelineReportHandler] INFO  pipeline.PipelineStateManager (PipelineStateManager.java:openPipeline(131)) - Pipeline Pipeline[ Id: 01fe4fa9-36ca-4d2d-b87c-45a6fe0ec2e4, Nodes: 4644c30d-38a1-4789-a0c6-a7c410b909c3{ip: 172.17.0.2, host: e04758552647, networkLocation: /default-rack, certSerialId: null}, Type:RATIS, Factor:ONE, State:ALLOCATED, leaderId:4644c30d-38a1-4789-a0c6-a7c410b909c3, CreationTimestamp2020-10-18T13:35:32.966Z] moved to OPEN state
2020-10-18 13:35:35,967 [EventQueue-OpenPipelineForOneReplicaPipelineSafeModeRule] INFO  safemode.SCMSafeModeManager (SCMSafeModeManager.java:validateSafeModeExitRules(214)) - AtleastOneDatanodeReportedRule rule is successfully validated
2020-10-18 13:35:35,968 [pool-85-thread-1] INFO  server.RaftServerConfigKeys (ConfUtils.java:logGet(44)) - raft.server.log.segment.size.max = 1048576 (custom)
2020-10-18 13:35:35,968 [EventQueue-OpenPipelineForHealthyPipelineSafeModeRule] INFO  safemode.SCMSafeModeManager (HealthyPipelineSafeModeRule.java:process(129)) - SCM in safe mode. Healthy pipelines reported count is 0, required healthy pipeline reported count is 1
2020-10-18 13:35:35,968 [pool-85-thread-1] INFO  server.RaftServerConfigKeys (ConfUtils.java:logGet(44)) - raft.server.log.segment.cache.num.max = 2 (custom)
2020-10-18 13:35:35,968 [pool-85-thread-1] INFO  segmented.SegmentedRaftLogWorker (SegmentedRaftLogWorker.java:<init>(180)) - new 4644c30d-38a1-4789-a0c6-a7c410b909c3@group-45A6FE0EC2E4-SegmentedRaftLogWorker for RaftStorage:Storage Directory /github/workspace/mnt/ozone/hadoop-ozone/integration-test/target/test-dir/MiniOzoneClusterImpl-d38fabef-ad13-445b-9ec0-8ae77b1cf310/datanode-1/data/ratis/01fe4fa9-36ca-4d2d-b87c-45a6fe0ec2e4
2020-10-18 13:35:35,968 [pool-85-thread-1] INFO  server.RaftServerConfigKeys (ConfUtils.java:logGet(44)) - raft.server.log.queue.byte-limit = 2147483647 (custom)
2020-10-18 13:35:35,969 [pool-85-thread-1] INFO  server.RaftServerConfigKeys (ConfUtils.java:logGet(44)) - raft.server.log.queue.element-limit = 1024 (custom)
2020-10-18 13:35:35,969 [pool-85-thread-1] INFO  server.RaftServerConfigKeys (ConfUtils.java:logGet(44)) - raft.server.log.segment.size.max = 1048576 (custom)
2020-10-18 13:35:35,969 [pool-85-thread-1] INFO  server.RaftServerConfigKeys (ConfUtils.java:logGet(44)) - raft.server.log.preallocated.size = 16384 (custom)
2020-10-18 13:35:35,969 [pool-85-thread-1] INFO  server.RaftServerConfigKeys (ConfUtils.java:logGet(44)) - raft.server.log.write.buffer.size = 1048576 (custom)
2020-10-18 13:35:35,969 [pool-85-thread-1] INFO  server.RaftServerConfigKeys (ConfUtils.java:logGet(44)) - raft.server.log.force.sync.num = 128 (default)
2020-10-18 13:35:35,969 [pool-85-thread-1] INFO  server.RaftServerConfigKeys (ConfUtils.java:logGet(44)) - raft.server.log.statemachine.data.sync = true (default)
2020-10-18 13:35:35,969 [pool-85-thread-1] INFO  server.RaftServerConfigKeys (ConfUtils.java:logGet(44)) - raft.server.log.statemachine.data.sync.timeout = 10s (default)
2020-10-18 13:35:35,969 [pool-85-thread-1] INFO  server.RaftServerConfigKeys (ConfUtils.java:logGet(44)) - raft.server.log.statemachine.data.sync.timeout.retry = -1 (default)
2020-10-18 13:35:35,971 [pool-85-thread-1] INFO  server.RaftServerConfigKeys (ConfUtils.java:logGet(44)) - raft.server.log.statemachine.data.caching.enabled = true (custom)
2020-10-18 13:35:35,971 [pool-85-thread-1] INFO  segmented.SegmentedRaftLogWorker (SegmentedRaftLogWorker.java:lambda$new$0(129)) - 4644c30d-38a1-4789-a0c6-a7c410b909c3@group-45A6FE0EC2E4-SegmentedRaftLogWorker: flushIndex: setUnconditionally 0 -> -1
2020-10-18 13:35:35,971 [pool-85-thread-1] INFO  segmented.SegmentedRaftLogWorker (SegmentedRaftLogWorker.java:lambda$new$0(129)) - 4644c30d-38a1-4789-a0c6-a7c410b909c3@group-45A6FE0EC2E4-SegmentedRaftLogWorker: safeCacheEvictIndex: setUnconditionally 0 -> -1
2020-10-18 13:35:35,973 [pool-85-thread-1] INFO  server.RaftServerConfigKeys (ConfUtils.java:logGet(44)) - raft.server.snapshot.auto.trigger.enabled = true (custom)
2020-10-18 13:35:35,975 [pool-85-thread-1] INFO  server.RaftServerConfigKeys (ConfUtils.java:logGet(44)) - raft.server.snapshot.auto.trigger.threshold = 10000 (custom)
2020-10-18 13:35:35,975 [pool-85-thread-1] INFO  server.RaftServerConfigKeys (ConfUtils.java:logGet(44)) - raft.server.snapshot.retention.file.num = 5 (custom)
2020-10-18 13:35:35,975 [pool-85-thread-1] INFO  server.RaftServerConfigKeys (ConfUtils.java:logGet(44)) - raft.server.log.purge.upto.snapshot.index = false (default)
2020-10-18 13:35:35,975 [pool-85-thread-1] INFO  server.RaftServerConfigKeys (ConfUtils.java:logGet(44)) - raft.server.retrycache.expirytime = 600000ms (custom)
2020-10-18 13:35:35,975 [pool-85-thread-1] INFO  metrics.RatisMetrics (RatisMetrics.java:lambda$create$0(36)) - Creating Metrics Registry : ratis.leader_election.4644c30d-38a1-4789-a0c6-a7c410b909c3@group-45A6FE0EC2E4
2020-10-18 13:35:35,976 [pool-85-thread-1] INFO  metrics.RatisMetrics (RatisMetrics.java:lambda$create$0(36)) - Creating Metrics Registry : ratis.server.4644c30d-38a1-4789-a0c6-a7c410b909c3@group-45A6FE0EC2E4
2020-10-18 13:35:35,978 [pool-85-thread-1] INFO  impl.RaftServerImpl (RaftServerImpl.java:start(209)) - 4644c30d-38a1-4789-a0c6-a7c410b909c3@group-45A6FE0EC2E4: start as a follower, conf=-1: [4644c30d-38a1-4789-a0c6-a7c410b909c3:172.17.0.2:41007:0], old=null
2020-10-18 13:35:35,978 [pool-85-thread-1] INFO  impl.RaftServerImpl (RaftServerImpl.java:setRole(198)) - 4644c30d-38a1-4789-a0c6-a7c410b909c3@group-45A6FE0EC2E4: changes role from      null to FOLLOWER at term 0 for startAsFollower
2020-10-18 13:35:35,978 [pool-85-thread-1] INFO  impl.RoleInfo (RoleInfo.java:updateAndGet(143)) - 4644c30d-38a1-4789-a0c6-a7c410b909c3: start FollowerState
2020-10-18 13:35:35,979 [pool-85-thread-1] INFO  util.JmxRegister (JmxRegister.java:tryRegister(44)) - Successfully registered JMX Bean with object name Ratis:service=RaftServer,group=group-45A6FE0EC2E4,id=4644c30d-38a1-4789-a0c6-a7c410b909c3
2020-10-18 13:35:35,979 [pool-85-thread-1] INFO  metrics.RatisMetrics (RatisMetrics.java:lambda$create$0(36)) - Creating Metrics Registry : ratis.state_machine.4644c30d-38a1-4789-a0c6-a7c410b909c3@group-45A6FE0EC2E4
2020-10-18 13:35:35,983 [Command processor thread] INFO  commandhandler.CreatePipelineCommandHandler (CreatePipelineCommandHandler.java:handle(110)) - Created Pipeline RATIS ONE #id: "01fe4fa9-36ca-4d2d-b87c-45a6fe0ec2e4"
uuid128 {
  mostSigBits: 143639826309729581
  leastSigBits: -5153167290089422108
}
.
2020-10-18 13:35:36,366 [Listener at 127.0.0.1/13776] INFO  ozone.MiniOzoneClusterImpl (MiniOzoneClusterImpl.java:lambda$waitForClusterToBeReady$0(177)) - Nodes are ready. Got 3 of 3 DN Heartbeats.
2020-10-18 13:35:36,367 [Listener at 127.0.0.1/13776] INFO  ozone.MiniOzoneClusterImpl (MiniOzoneClusterImpl.java:lambda$waitForClusterToBeReady$0(180)) - Waiting for cluster to exit safe mode
2020-10-18 13:35:36,378 [Command processor thread] INFO  impl.RaftServerProxy (RaftServerProxy.java:addNew(92)) - 31f68af9-13bd-4b3d-9bf3-c7f108d7d050: addNew group-046812BC161E:[31f68af9-13bd-4b3d-9bf3-c7f108d7d050:172.17.0.2:43229:0] returns group-046812BC161E:java.util.concurrent.CompletableFuture@7f1a71a7[Not completed]
2020-10-18 13:35:36,379 [pool-100-thread-1] INFO  impl.RaftServerImpl (RaftServerImpl.java:<init>(120)) - 31f68af9-13bd-4b3d-9bf3-c7f108d7d050: new RaftServerImpl for group-046812BC161E:[31f68af9-13bd-4b3d-9bf3-c7f108d7d050:172.17.0.2:43229:0] with ContainerStateMachine:uninitialized
2020-10-18 13:35:36,380 [pool-100-thread-1] INFO  server.RaftServerConfigKeys (ConfUtils.java:logGet(44)) - raft.server.rpc.timeout.min = 5s (custom)
2020-10-18 13:35:36,380 [pool-100-thread-1] INFO  server.RaftServerConfigKeys (ConfUtils.java:logGet(44)) - raft.server.rpc.timeout.max = 5200ms (custom)
2020-10-18 13:35:36,380 [pool-100-thread-1] INFO  server.RaftServerConfigKeys (ConfUtils.java:logGet(44)) - raft.server.rpcslowness.timeout = 300s (custom)
2020-10-18 13:35:36,380 [pool-100-thread-1] INFO  server.RaftServerConfigKeys (ConfUtils.java:logGet(44)) - raft.server.sleep.deviation.threshold = 300 (default)
2020-10-18 13:35:36,380 [pool-100-thread-1] INFO  server.RaftServerConfigKeys (ConfUtils.java:logGet(44)) - raft.server.log.appender.install.snapshot.enabled = false (custom)
2020-10-18 13:35:36,380 [pool-100-thread-1] INFO  impl.RaftServerImpl (ServerState.java:<init>(104)) - 31f68af9-13bd-4b3d-9bf3-c7f108d7d050@group-046812BC161E: ConfigurationManager, init=-1: [31f68af9-13bd-4b3d-9bf3-c7f108d7d050:172.17.0.2:43229:0], old=null, confs=<EMPTY_MAP>
2020-10-18 13:35:36,380 [pool-100-thread-1] INFO  server.RaftServerConfigKeys (ConfUtils.java:logGet(44)) - raft.server.storage.dir = [/github/workspace/mnt/ozone/hadoop-ozone/integration-test/target/test-dir/MiniOzoneClusterImpl-d38fabef-ad13-445b-9ec0-8ae77b1cf310/datanode-2/data/ratis] (custom)
2020-10-18 13:35:36,380 [pool-100-thread-1] INFO  server.RaftServerConfigKeys (ConfUtils.java:logGet(44)) - raft.server.log.corruption.policy = EXCEPTION (default)
2020-10-18 13:35:36,381 [pool-100-thread-1] INFO  storage.RaftStorageDirectory (RaftStorageDirectory.java:analyzeStorage(261)) - The storage directory /github/workspace/mnt/ozone/hadoop-ozone/integration-test/target/test-dir/MiniOzoneClusterImpl-d38fabef-ad13-445b-9ec0-8ae77b1cf310/datanode-2/data/ratis/6a24b372-a5a7-41b9-8528-046812bc161e does not exist. Creating ...
2020-10-18 13:35:36,382 [pool-100-thread-1] INFO  storage.RaftStorageDirectory (RaftStorageDirectory.java:tryLock(343)) - Lock on /github/workspace/mnt/ozone/hadoop-ozone/integration-test/target/test-dir/MiniOzoneClusterImpl-d38fabef-ad13-445b-9ec0-8ae77b1cf310/datanode-2/data/ratis/6a24b372-a5a7-41b9-8528-046812bc161e/in_use.lock acquired by nodename 8904@e04758552647
2020-10-18 13:35:36,383 [pool-100-thread-1] INFO  storage.RaftStorage (RaftStorage.java:format(84)) - Storage directory /github/workspace/mnt/ozone/hadoop-ozone/integration-test/target/test-dir/MiniOzoneClusterImpl-d38fabef-ad13-445b-9ec0-8ae77b1cf310/datanode-2/data/ratis/6a24b372-a5a7-41b9-8528-046812bc161e has been successfully formatted.
2020-10-18 13:35:36,384 [pool-100-thread-1] INFO  ratis.ContainerStateMachine (ContainerStateMachine.java:loadSnapshot(225)) - group-046812BC161E: The snapshot info is null. Setting the last applied indexto:(t:0, i:~)
2020-10-18 13:35:36,384 [pool-100-thread-1] INFO  server.RaftServerConfigKeys (ConfUtils.java:logGet(44)) - raft.server.notification.no-leader.timeout = 300s (custom)
2020-10-18 13:35:36,384 [pool-100-thread-1] INFO  server.RaftServerConfigKeys (ConfUtils.java:logGet(44)) - raft.server.log.use.memory = false (default)
2020-10-18 13:35:36,384 [pool-100-thread-1] INFO  server.RaftServerConfigKeys (ConfUtils.java:logGet(44)) - raft.server.log.purge.gap = 1000000 (custom)
2020-10-18 13:35:36,384 [pool-100-thread-1] INFO  metrics.RatisMetrics (RatisMetrics.java:lambda$create$0(36)) - Creating Metrics Registry : ratis.log_worker.31f68af9-13bd-4b3d-9bf3-c7f108d7d050@group-046812BC161E
2020-10-18 13:35:36,384 [pool-100-thread-1] INFO  server.RaftServerConfigKeys (ConfUtils.java:logGet(44)) - raft.server.log.appender.buffer.byte-limit = 33554432 (custom)
2020-10-18 13:35:36,385 [pool-100-thread-1] INFO  server.RaftServerConfigKeys (ConfUtils.java:logGet(44)) - raft.server.log.segment.size.max = 1048576 (custom)
2020-10-18 13:35:36,386 [pool-100-thread-1] INFO  server.RaftServerConfigKeys (ConfUtils.java:logGet(44)) - raft.server.log.segment.cache.num.max = 2 (custom)
2020-10-18 13:35:36,386 [pool-100-thread-1] INFO  segmented.SegmentedRaftLogWorker (SegmentedRaftLogWorker.java:<init>(180)) - new 31f68af9-13bd-4b3d-9bf3-c7f108d7d050@group-046812BC161E-SegmentedRaftLogWorker for RaftStorage:Storage Directory /github/workspace/mnt/ozone/hadoop-ozone/integration-test/target/test-dir/MiniOzoneClusterImpl-d38fabef-ad13-445b-9ec0-8ae77b1cf310/datanode-2/data/ratis/6a24b372-a5a7-41b9-8528-046812bc161e
2020-10-18 13:35:36,386 [pool-100-thread-1] INFO  server.RaftServerConfigKeys (ConfUtils.java:logGet(44)) - raft.server.log.queue.byte-limit = 2147483647 (custom)
2020-10-18 13:35:36,386 [pool-100-thread-1] INFO  server.RaftServerConfigKeys (ConfUtils.java:logGet(44)) - raft.server.log.queue.element-limit = 1024 (custom)
2020-10-18 13:35:36,386 [pool-100-thread-1] INFO  server.RaftServerConfigKeys (ConfUtils.java:logGet(44)) - raft.server.log.segment.size.max = 1048576 (custom)
2020-10-18 13:35:36,386 [pool-100-thread-1] INFO  server.RaftServerConfigKeys (ConfUtils.java:logGet(44)) - raft.server.log.preallocated.size = 16384 (custom)
2020-10-18 13:35:36,386 [pool-100-thread-1] INFO  server.RaftServerConfigKeys (ConfUtils.java:logGet(44)) - raft.server.log.write.buffer.size = 1048576 (custom)
2020-10-18 13:35:36,386 [pool-100-thread-1] INFO  server.RaftServerConfigKeys (ConfUtils.java:logGet(44)) - raft.server.log.force.sync.num = 128 (default)
2020-10-18 13:35:36,386 [pool-100-thread-1] INFO  server.RaftServerConfigKeys (ConfUtils.java:logGet(44)) - raft.server.log.statemachine.data.sync = true (default)
2020-10-18 13:35:36,388 [EventQueue-PipelineReportForPipelineReportHandler] INFO  pipeline.PipelineStateManager (PipelineStateManager.java:openPipeline(131)) - Pipeline Pipeline[ Id: 6a24b372-a5a7-41b9-8528-046812bc161e, Nodes: 31f68af9-13bd-4b3d-9bf3-c7f108d7d050{ip: 172.17.0.2, host: e04758552647, networkLocation: /default-rack, certSerialId: null}, Type:RATIS, Factor:ONE, State:ALLOCATED, leaderId:31f68af9-13bd-4b3d-9bf3-c7f108d7d050, CreationTimestamp2020-10-18T13:35:33.381Z] moved to OPEN state
2020-10-18 13:35:36,388 [EventQueue-OpenPipelineForOneReplicaPipelineSafeModeRule] INFO  safemode.SCMSafeModeManager (SCMSafeModeManager.java:validateSafeModeExitRules(214)) - AtleastOneDatanodeReportedRule rule is successfully validated
2020-10-18 13:35:36,388 [EventQueue-OpenPipelineForHealthyPipelineSafeModeRule] INFO  safemode.SCMSafeModeManager (HealthyPipelineSafeModeRule.java:process(129)) - SCM in safe mode. Healthy pipelines reported count is 0, required healthy pipeline reported count is 1
2020-10-18 13:35:36,388 [pool-100-thread-1] INFO  server.RaftServerConfigKeys (ConfUtils.java:logGet(44)) - raft.server.log.statemachine.data.sync.timeout = 10s (default)
2020-10-18 13:35:36,388 [pool-100-thread-1] INFO  server.RaftServerConfigKeys (ConfUtils.java:logGet(44)) - raft.server.log.statemachine.data.sync.timeout.retry = -1 (default)
2020-10-18 13:35:36,390 [pool-100-thread-1] INFO  server.RaftServerConfigKeys (ConfUtils.java:logGet(44)) - raft.server.log.statemachine.data.caching.enabled = true (custom)
2020-10-18 13:35:36,391 [pool-100-thread-1] INFO  segmented.SegmentedRaftLogWorker (SegmentedRaftLogWorker.java:lambda$new$0(129)) - 31f68af9-13bd-4b3d-9bf3-c7f108d7d050@group-046812BC161E-SegmentedRaftLogWorker: flushIndex: setUnconditionally 0 -> -1
2020-10-18 13:35:36,391 [pool-100-thread-1] INFO  segmented.SegmentedRaftLogWorker (SegmentedRaftLogWorker.java:lambda$new$0(129)) - 31f68af9-13bd-4b3d-9bf3-c7f108d7d050@group-046812BC161E-SegmentedRaftLogWorker: safeCacheEvictIndex: setUnconditionally 0 -> -1
2020-10-18 13:35:36,395 [pool-100-thread-1] INFO  server.RaftServerConfigKeys (ConfUtils.java:logGet(44)) - raft.server.snapshot.auto.trigger.enabled = true (custom)
2020-10-18 13:35:36,396 [pool-100-thread-1] INFO  server.RaftServerConfigKeys (ConfUtils.java:logGet(44)) - raft.server.snapshot.auto.trigger.threshold = 10000 (custom)
2020-10-18 13:35:36,396 [pool-100-thread-1] INFO  server.RaftServerConfigKeys (ConfUtils.java:logGet(44)) - raft.server.snapshot.retention.file.num = 5 (custom)
2020-10-18 13:35:36,396 [pool-100-thread-1] INFO  server.RaftServerConfigKeys (ConfUtils.java:logGet(44)) - raft.server.log.purge.upto.snapshot.index = false (default)
2020-10-18 13:35:36,396 [pool-100-thread-1] INFO  server.RaftServerConfigKeys (ConfUtils.java:logGet(44)) - raft.server.retrycache.expirytime = 600000ms (custom)
2020-10-18 13:35:36,396 [pool-100-thread-1] INFO  metrics.RatisMetrics (RatisMetrics.java:lambda$create$0(36)) - Creating Metrics Registry : ratis.leader_election.31f68af9-13bd-4b3d-9bf3-c7f108d7d050@group-046812BC161E
2020-10-18 13:35:36,397 [pool-100-thread-1] INFO  metrics.RatisMetrics (RatisMetrics.java:lambda$create$0(36)) - Creating Metrics Registry : ratis.server.31f68af9-13bd-4b3d-9bf3-c7f108d7d050@group-046812BC161E
2020-10-18 13:35:36,398 [pool-100-thread-1] INFO  impl.RaftServerImpl (RaftServerImpl.java:start(209)) - 31f68af9-13bd-4b3d-9bf3-c7f108d7d050@group-046812BC161E: start as a follower, conf=-1: [31f68af9-13bd-4b3d-9bf3-c7f108d7d050:172.17.0.2:43229:0], old=null
2020-10-18 13:35:36,398 [pool-100-thread-1] INFO  impl.RaftServerImpl (RaftServerImpl.java:setRole(198)) - 31f68af9-13bd-4b3d-9bf3-c7f108d7d050@group-046812BC161E: changes role from      null to FOLLOWER at term 0 for startAsFollower
2020-10-18 13:35:36,398 [pool-100-thread-1] INFO  impl.RoleInfo (RoleInfo.java:updateAndGet(143)) - 31f68af9-13bd-4b3d-9bf3-c7f108d7d050: start FollowerState
2020-10-18 13:35:36,399 [pool-100-thread-1] INFO  util.JmxRegister (JmxRegister.java:tryRegister(44)) - Successfully registered JMX Bean with object name Ratis:service=RaftServer,group=group-046812BC161E,id=31f68af9-13bd-4b3d-9bf3-c7f108d7d050
2020-10-18 13:35:36,399 [pool-100-thread-1] INFO  metrics.RatisMetrics (RatisMetrics.java:lambda$create$0(36)) - Creating Metrics Registry : ratis.state_machine.31f68af9-13bd-4b3d-9bf3-c7f108d7d050@group-046812BC161E
2020-10-18 13:35:36,400 [Command processor thread] INFO  commandhandler.CreatePipelineCommandHandler (CreatePipelineCommandHandler.java:handle(110)) - Created Pipeline RATIS ONE #id: "6a24b372-a5a7-41b9-8528-046812bc161e"
uuid128 {
  mostSigBits: 7648435372168790457
  leastSigBits: -8851820222559283682
}
.
2020-10-18 13:35:37,367 [Listener at 127.0.0.1/13776] INFO  ozone.MiniOzoneClusterImpl (MiniOzoneClusterImpl.java:lambda$waitForClusterToBeReady$0(177)) - Nodes are ready. Got 3 of 3 DN Heartbeats.
2020-10-18 13:35:37,367 [Listener at 127.0.0.1/13776] INFO  ozone.MiniOzoneClusterImpl (MiniOzoneClusterImpl.java:lambda$waitForClusterToBeReady$0(180)) - Waiting for cluster to exit safe mode
2020-10-18 13:35:38,367 [Listener at 127.0.0.1/13776] INFO  ozone.MiniOzoneClusterImpl (MiniOzoneClusterImpl.java:lambda$waitForClusterToBeReady$0(177)) - Nodes are ready. Got 3 of 3 DN Heartbeats.
2020-10-18 13:35:38,368 [Listener at 127.0.0.1/13776] INFO  ozone.MiniOzoneClusterImpl (MiniOzoneClusterImpl.java:lambda$waitForClusterToBeReady$0(180)) - Waiting for cluster to exit safe mode
2020-10-18 13:35:39,368 [Listener at 127.0.0.1/13776] INFO  ozone.MiniOzoneClusterImpl (MiniOzoneClusterImpl.java:lambda$waitForClusterToBeReady$0(177)) - Nodes are ready. Got 3 of 3 DN Heartbeats.
2020-10-18 13:35:39,368 [Listener at 127.0.0.1/13776] INFO  ozone.MiniOzoneClusterImpl (MiniOzoneClusterImpl.java:lambda$waitForClusterToBeReady$0(180)) - Waiting for cluster to exit safe mode
2020-10-18 13:35:40,368 [Listener at 127.0.0.1/13776] INFO  ozone.MiniOzoneClusterImpl (MiniOzoneClusterImpl.java:lambda$waitForClusterToBeReady$0(177)) - Nodes are ready. Got 3 of 3 DN Heartbeats.
2020-10-18 13:35:40,368 [Listener at 127.0.0.1/13776] INFO  ozone.MiniOzoneClusterImpl (MiniOzoneClusterImpl.java:lambda$waitForClusterToBeReady$0(180)) - Waiting for cluster to exit safe mode
2020-10-18 13:35:40,567 [Thread-303] INFO  impl.FollowerState (FollowerState.java:run(108)) - 0974e8ca-0629-45cc-8985-802eb90273cd@group-B04798CD53FA-FollowerState: change to CANDIDATE, lastRpcTime:5050ms, electionTimeout:5049ms
2020-10-18 13:35:40,568 [Thread-303] INFO  impl.RoleInfo (RoleInfo.java:shutdownFollowerState(121)) - 0974e8ca-0629-45cc-8985-802eb90273cd: shutdown FollowerState
2020-10-18 13:35:40,568 [Thread-303] INFO  impl.RaftServerImpl (RaftServerImpl.java:setRole(198)) - 0974e8ca-0629-45cc-8985-802eb90273cd@group-B04798CD53FA: changes role from  FOLLOWER to CANDIDATE at term 0 for changeToCandidate
2020-10-18 13:35:40,568 [Thread-303] INFO  impl.RoleInfo (RoleInfo.java:updateAndGet(143)) - 0974e8ca-0629-45cc-8985-802eb90273cd: start LeaderElection
2020-10-18 13:35:40,571 [0974e8ca-0629-45cc-8985-802eb90273cd@group-B04798CD53FA-LeaderElection5] INFO  impl.LeaderElection (LeaderElection.java:askForVotes(210)) - 0974e8ca-0629-45cc-8985-802eb90273cd@group-B04798CD53FA-LeaderElection5: begin an election at term 1 for -1: [4644c30d-38a1-4789-a0c6-a7c410b909c3:172.17.0.2:41007:0, 31f68af9-13bd-4b3d-9bf3-c7f108d7d050:172.17.0.2:43229:0, 0974e8ca-0629-45cc-8985-802eb90273cd:172.17.0.2:42719:0], old=null
2020-10-18 13:35:40,592 [grpc-default-executor-1] INFO  impl.RaftServerImpl (RaftServerImpl.java:setRole(198)) - 4644c30d-38a1-4789-a0c6-a7c410b909c3@group-B04798CD53FA: changes role from  FOLLOWER to FOLLOWER at term 1 for recognizeCandidate:0974e8ca-0629-45cc-8985-802eb90273cd
2020-10-18 13:35:40,593 [grpc-default-executor-1] INFO  impl.RoleInfo (RoleInfo.java:shutdownFollowerState(121)) - 4644c30d-38a1-4789-a0c6-a7c410b909c3: shutdown FollowerState
2020-10-18 13:35:40,593 [grpc-default-executor-1] INFO  impl.RoleInfo (RoleInfo.java:updateAndGet(143)) - 4644c30d-38a1-4789-a0c6-a7c410b909c3: start FollowerState
2020-10-18 13:35:40,593 [Thread-305] INFO  impl.FollowerState (FollowerState.java:run(117)) - 4644c30d-38a1-4789-a0c6-a7c410b909c3@group-B04798CD53FA-FollowerState was interrupted: java.lang.InterruptedException: sleep interrupted
2020-10-18 13:35:40,599 [grpc-default-executor-1] INFO  impl.RaftServerImpl (RaftServerImpl.java:requestVote(923)) -  FOLLOWER 4644c30d-38a1-4789-a0c6-a7c410b909c3@group-B04798CD53FA:t1, leader=null, voted=null, raftlog=4644c30d-38a1-4789-a0c6-a7c410b909c3@group-B04798CD53FA-SegmentedRaftLog:OPENED:c-1,f-1,i0, conf=-1: [4644c30d-38a1-4789-a0c6-a7c410b909c3:172.17.0.2:41007:0, 31f68af9-13bd-4b3d-9bf3-c7f108d7d050:172.17.0.2:43229:0, 0974e8ca-0629-45cc-8985-802eb90273cd:172.17.0.2:42719:0], old=null RUNNING priority:0 candidate:0974e8ca-0629-45cc-8985-802eb90273cd:172.17.0.2:42719:0 candidatePriority:0 compare:0
2020-10-18 13:35:40,599 [grpc-default-executor-0] INFO  impl.RaftServerImpl (RaftServerImpl.java:setRole(198)) - 31f68af9-13bd-4b3d-9bf3-c7f108d7d050@group-B04798CD53FA: changes role from  FOLLOWER to FOLLOWER at term 1 for recognizeCandidate:0974e8ca-0629-45cc-8985-802eb90273cd
2020-10-18 13:35:40,599 [grpc-default-executor-0] INFO  impl.RoleInfo (RoleInfo.java:shutdownFollowerState(121)) - 31f68af9-13bd-4b3d-9bf3-c7f108d7d050: shutdown FollowerState
2020-10-18 13:35:40,599 [grpc-default-executor-0] INFO  impl.RoleInfo (RoleInfo.java:updateAndGet(143)) - 31f68af9-13bd-4b3d-9bf3-c7f108d7d050: start FollowerState
2020-10-18 13:35:40,599 [Thread-308] INFO  impl.FollowerState (FollowerState.java:run(117)) - 31f68af9-13bd-4b3d-9bf3-c7f108d7d050@group-B04798CD53FA-FollowerState was interrupted: java.lang.InterruptedException: sleep interrupted
2020-10-18 13:35:40,602 [grpc-default-executor-0] INFO  impl.RaftServerImpl (RaftServerImpl.java:requestVote(923)) -  FOLLOWER 31f68af9-13bd-4b3d-9bf3-c7f108d7d050@group-B04798CD53FA:t1, leader=null, voted=null, raftlog=31f68af9-13bd-4b3d-9bf3-c7f108d7d050@group-B04798CD53FA-SegmentedRaftLog:OPENED:c-1,f-1,i0, conf=-1: [4644c30d-38a1-4789-a0c6-a7c410b909c3:172.17.0.2:41007:0, 31f68af9-13bd-4b3d-9bf3-c7f108d7d050:172.17.0.2:43229:0, 0974e8ca-0629-45cc-8985-802eb90273cd:172.17.0.2:42719:0], old=null RUNNING priority:0 candidate:0974e8ca-0629-45cc-8985-802eb90273cd:172.17.0.2:42719:0 candidatePriority:0 compare:0
2020-10-18 13:35:40,604 [0974e8ca-0629-45cc-8985-802eb90273cd@group-B04798CD53FA-LeaderElection5] INFO  impl.LeaderElection (LeaderElection.java:logAndReturn(62)) - 0974e8ca-0629-45cc-8985-802eb90273cd@group-B04798CD53FA-LeaderElection5: Election PASSED; received 1 response(s) [0974e8ca-0629-45cc-8985-802eb90273cd<-4644c30d-38a1-4789-a0c6-a7c410b909c3#0:OK-t1] and 0 exception(s); 0974e8ca-0629-45cc-8985-802eb90273cd@group-B04798CD53FA:t1, leader=null, voted=0974e8ca-0629-45cc-8985-802eb90273cd, raftlog=0974e8ca-0629-45cc-8985-802eb90273cd@group-B04798CD53FA-SegmentedRaftLog:OPENED:c-1,f-1,i0, conf=-1: [4644c30d-38a1-4789-a0c6-a7c410b909c3:172.17.0.2:41007:0, 31f68af9-13bd-4b3d-9bf3-c7f108d7d050:172.17.0.2:43229:0, 0974e8ca-0629-45cc-8985-802eb90273cd:172.17.0.2:42719:0], old=null
2020-10-18 13:35:40,604 [0974e8ca-0629-45cc-8985-802eb90273cd@group-B04798CD53FA-LeaderElection5] INFO  impl.RoleInfo (RoleInfo.java:shutdownLeaderElection(134)) - 0974e8ca-0629-45cc-8985-802eb90273cd: shutdown LeaderElection
2020-10-18 13:35:40,604 [0974e8ca-0629-45cc-8985-802eb90273cd@group-B04798CD53FA-LeaderElection5] INFO  impl.RaftServerImpl (RaftServerImpl.java:setRole(198)) - 0974e8ca-0629-45cc-8985-802eb90273cd@group-B04798CD53FA: changes role from CANDIDATE to LEADER at term 1 for changeToLeader
2020-10-18 13:35:40,604 [0974e8ca-0629-45cc-8985-802eb90273cd@group-B04798CD53FA-LeaderElection5] INFO  ratis.XceiverServerRatis (XceiverServerRatis.java:handleLeaderChangedNotification(822)) - Leader change notification received for group: group-B04798CD53FA with new leaderId: 0974e8ca-0629-45cc-8985-802eb90273cd
2020-10-18 13:35:40,607 [0974e8ca-0629-45cc-8985-802eb90273cd@group-B04798CD53FA-LeaderElection5] INFO  impl.RaftServerImpl (ServerState.java:setLeader(256)) - 0974e8ca-0629-45cc-8985-802eb90273cd@group-B04798CD53FA: change Leader from null to 0974e8ca-0629-45cc-8985-802eb90273cd at term 1 for becomeLeader, leader elected after 5097ms
2020-10-18 13:35:40,607 [0974e8ca-0629-45cc-8985-802eb90273cd@group-B04798CD53FA-LeaderElection5] INFO  server.RaftServerConfigKeys (ConfUtils.java:logGet(44)) - raft.server.staging.catchup.gap = 1000 (default)
2020-10-18 13:35:40,607 [0974e8ca-0629-45cc-8985-802eb90273cd@group-B04798CD53FA-LeaderElection5] INFO  server.RaftServerConfigKeys (ConfUtils.java:logGet(44)) - raft.server.rpc.sleep.time = 25ms (default)
2020-10-18 13:35:40,607 [0974e8ca-0629-45cc-8985-802eb90273cd@group-B04798CD53FA-LeaderElection5] INFO  metrics.RatisMetrics (RatisMetrics.java:lambda$create$0(36)) - Creating Metrics Registry : ratis.log_appender.0974e8ca-0629-45cc-8985-802eb90273cd@group-B04798CD53FA
2020-10-18 13:35:40,608 [0974e8ca-0629-45cc-8985-802eb90273cd@group-B04798CD53FA-LeaderElection5] INFO  server.RaftServerConfigKeys (ConfUtils.java:logGet(44)) - raft.server.write.element-limit = 1024 (custom)
2020-10-18 13:35:40,608 [0974e8ca-0629-45cc-8985-802eb90273cd@group-B04798CD53FA-LeaderElection5] INFO  server.RaftServerConfigKeys (ConfUtils.java:logGet(44)) - raft.server.write.byte-limit = 1073741824 (custom)
2020-10-18 13:35:40,609 [0974e8ca-0629-45cc-8985-802eb90273cd@group-B04798CD53FA-LeaderElection5] INFO  server.RaftServerConfigKeys (ConfUtils.java:logGet(44)) - raft.server.watch.timeout = 180s (custom)
2020-10-18 13:35:40,609 [0974e8ca-0629-45cc-8985-802eb90273cd@group-B04798CD53FA-LeaderElection5] INFO  server.RaftServerConfigKeys (ConfUtils.java:logGet(44)) - raft.server.watch.timeout.denomination = 1s (default)
2020-10-18 13:35:40,609 [0974e8ca-0629-45cc-8985-802eb90273cd@group-B04798CD53FA-LeaderElection5] INFO  server.RaftServerConfigKeys (ConfUtils.java:logGet(44)) - raft.server.watch.element-limit = 65536 (default)
2020-10-18 13:35:40,609 [0974e8ca-0629-45cc-8985-802eb90273cd@group-B04798CD53FA-LeaderElection5] INFO  server.RaftServerConfigKeys (ConfUtils.java:logGet(44)) - raft.server.log.appender.snapshot.chunk.size.max = 16MB (=16777216) (default)
2020-10-18 13:35:40,609 [0974e8ca-0629-45cc-8985-802eb90273cd@group-B04798CD53FA-LeaderElection5] INFO  server.RaftServerConfigKeys (ConfUtils.java:logGet(44)) - raft.server.log.appender.buffer.byte-limit = 33554432 (custom)
2020-10-18 13:35:40,610 [0974e8ca-0629-45cc-8985-802eb90273cd@group-B04798CD53FA-LeaderElection5] INFO  server.RaftServerConfigKeys (ConfUtils.java:logGet(44)) - raft.server.log.appender.buffer.element-limit = 1 (custom)
2020-10-18 13:35:40,610 [0974e8ca-0629-45cc-8985-802eb90273cd@group-B04798CD53FA-LeaderElection5] INFO  grpc.GrpcConfigKeys (ConfUtils.java:logGet(44)) - raft.grpc.server.leader.outstanding.appends.max = 128 (default)
2020-10-18 13:35:40,610 [0974e8ca-0629-45cc-8985-802eb90273cd@group-B04798CD53FA-LeaderElection5] INFO  server.RaftServerConfigKeys (ConfUtils.java:logGet(44)) - raft.server.rpc.request.timeout = 60s (custom)
2020-10-18 13:35:40,610 [0974e8ca-0629-45cc-8985-802eb90273cd@group-B04798CD53FA-LeaderElection5] INFO  server.RaftServerConfigKeys (ConfUtils.java:logGet(44)) - raft.server.log.appender.install.snapshot.enabled = false (custom)
2020-10-18 13:35:40,610 [0974e8ca-0629-45cc-8985-802eb90273cd@group-B04798CD53FA-LeaderElection5] INFO  metrics.RatisMetrics (RatisMetrics.java:lambda$create$0(36)) - Creating Metrics Registry : ratis_grpc.log_appender.0974e8ca-0629-45cc-8985-802eb90273cd@group-B04798CD53FA
2020-10-18 13:35:40,611 [0974e8ca-0629-45cc-8985-802eb90273cd@group-B04798CD53FA-LeaderElection5] INFO  server.RaftServerConfigKeys (ConfUtils.java:logGet(44)) - raft.server.log.appender.snapshot.chunk.size.max = 16MB (=16777216) (default)
2020-10-18 13:35:40,611 [0974e8ca-0629-45cc-8985-802eb90273cd@group-B04798CD53FA-LeaderElection5] INFO  server.RaftServerConfigKeys (ConfUtils.java:logGet(44)) - raft.server.log.appender.buffer.byte-limit = 33554432 (custom)
2020-10-18 13:35:40,611 [0974e8ca-0629-45cc-8985-802eb90273cd@group-B04798CD53FA-LeaderElection5] INFO  server.RaftServerConfigKeys (ConfUtils.java:logGet(44)) - raft.server.log.appender.buffer.element-limit = 1 (custom)
2020-10-18 13:35:40,612 [0974e8ca-0629-45cc-8985-802eb90273cd@group-B04798CD53FA-LeaderElection5] INFO  grpc.GrpcConfigKeys (ConfUtils.java:logGet(44)) - raft.grpc.server.leader.outstanding.appends.max = 128 (default)
2020-10-18 13:35:40,612 [0974e8ca-0629-45cc-8985-802eb90273cd@group-B04798CD53FA-LeaderElection5] INFO  server.RaftServerConfigKeys (ConfUtils.java:logGet(44)) - raft.server.rpc.request.timeout = 60s (custom)
2020-10-18 13:35:40,612 [0974e8ca-0629-45cc-8985-802eb90273cd@group-B04798CD53FA-LeaderElection5] INFO  server.RaftServerConfigKeys (ConfUtils.java:logGet(44)) - raft.server.log.appender.install.snapshot.enabled = false (custom)
2020-10-18 13:35:40,613 [0974e8ca-0629-45cc-8985-802eb90273cd@group-B04798CD53FA-LeaderElection5] INFO  impl.RoleInfo (RoleInfo.java:updateAndGet(143)) - 0974e8ca-0629-45cc-8985-802eb90273cd: start LeaderState
2020-10-18 13:35:40,613 [0974e8ca-0629-45cc-8985-802eb90273cd@group-B04798CD53FA-LeaderElection5] INFO  segmented.SegmentedRaftLogWorker (SegmentedRaftLogWorker.java:startLogSegment(397)) - 0974e8ca-0629-45cc-8985-802eb90273cd@group-B04798CD53FA-SegmentedRaftLogWorker: Starting segment from index:0
2020-10-18 13:35:40,615 [0974e8ca-0629-45cc-8985-802eb90273cd@group-B04798CD53FA-SegmentedRaftLogWorker] INFO  segmented.SegmentedRaftLogWorker (SegmentedRaftLogWorker.java:execute(596)) - 0974e8ca-0629-45cc-8985-802eb90273cd@group-B04798CD53FA-SegmentedRaftLogWorker: created new log segment /github/workspace/mnt/ozone/hadoop-ozone/integration-test/target/test-dir/MiniOzoneClusterImpl-d38fabef-ad13-445b-9ec0-8ae77b1cf310/datanode-0/data/ratis/3ab59ea5-4c64-4c23-b19f-b04798cd53fa/current/log_inprogress_0
2020-10-18 13:35:40,616 [EventQueue-PipelineReportForPipelineReportHandler] INFO  pipeline.PipelineStateManager (PipelineStateManager.java:openPipeline(131)) - Pipeline Pipeline[ Id: 3ab59ea5-4c64-4c23-b19f-b04798cd53fa, Nodes: 4644c30d-38a1-4789-a0c6-a7c410b909c3{ip: 172.17.0.2, host: e04758552647, networkLocation: /default-rack, certSerialId: null}31f68af9-13bd-4b3d-9bf3-c7f108d7d050{ip: 172.17.0.2, host: e04758552647, networkLocation: /default-rack, certSerialId: null}0974e8ca-0629-45cc-8985-802eb90273cd{ip: 172.17.0.2, host: e04758552647, networkLocation: /default-rack, certSerialId: null}, Type:RATIS, Factor:THREE, State:ALLOCATED, leaderId:0974e8ca-0629-45cc-8985-802eb90273cd, CreationTimestamp2020-10-18T13:35:33.385Z] moved to OPEN state
2020-10-18 13:35:40,617 [EventQueue-OpenPipelineForOneReplicaPipelineSafeModeRule] INFO  safemode.SCMSafeModeManager (SCMSafeModeManager.java:validateSafeModeExitRules(214)) - AtleastOneDatanodeReportedRule rule is successfully validated
2020-10-18 13:35:40,617 [EventQueue-OpenPipelineForHealthyPipelineSafeModeRule] INFO  safemode.SCMSafeModeManager (HealthyPipelineSafeModeRule.java:process(129)) - SCM in safe mode. Healthy pipelines reported count is 1, required healthy pipeline reported count is 1
2020-10-18 13:35:40,615 [0974e8ca-0629-45cc-8985-802eb90273cd@group-B04798CD53FA-LeaderElection5] INFO  impl.RaftServerImpl (ServerState.java:setRaftConf(374)) - 0974e8ca-0629-45cc-8985-802eb90273cd@group-B04798CD53FA: set configuration 0: [4644c30d-38a1-4789-a0c6-a7c410b909c3:172.17.0.2:41007:0, 31f68af9-13bd-4b3d-9bf3-c7f108d7d050:172.17.0.2:43229:0, 0974e8ca-0629-45cc-8985-802eb90273cd:172.17.0.2:42719:0], old=null at 0
2020-10-18 13:35:40,621 [EventQueue-OpenPipelineForHealthyPipelineSafeModeRule] INFO  safemode.SCMSafeModeManager (SCMSafeModeManager.java:validateSafeModeExitRules(214)) - HealthyPipelineSafeModeRule rule is successfully validated
2020-10-18 13:35:40,623 [EventQueue-OpenPipelineForHealthyPipelineSafeModeRule] INFO  safemode.SCMSafeModeManager (SCMSafeModeManager.java:validateSafeModeExitRules(228)) - ScmSafeModeManager, all rules are successfully validated
2020-10-18 13:35:40,623 [EventQueue-OpenPipelineForHealthyPipelineSafeModeRule] INFO  safemode.SCMSafeModeManager (SCMSafeModeManager.java:exitSafeMode(257)) - SCM exiting safe mode.
2020-10-18 13:35:40,629 [grpc-default-executor-0] INFO  ratis.XceiverServerRatis (XceiverServerRatis.java:handleLeaderChangedNotification(822)) - Leader change notification received for group: group-B04798CD53FA with new leaderId: 0974e8ca-0629-45cc-8985-802eb90273cd
2020-10-18 13:35:40,629 [grpc-default-executor-0] INFO  impl.RaftServerImpl (ServerState.java:setLeader(256)) - 31f68af9-13bd-4b3d-9bf3-c7f108d7d050@group-B04798CD53FA: change Leader from null to 0974e8ca-0629-45cc-8985-802eb90273cd at term 1 for appendEntries, leader elected after 4989ms
2020-10-18 13:35:40,634 [grpc-default-executor-1] INFO  ratis.XceiverServerRatis (XceiverServerRatis.java:handleLeaderChangedNotification(822)) - Leader change notification received for group: group-B04798CD53FA with new leaderId: 0974e8ca-0629-45cc-8985-802eb90273cd
2020-10-18 13:35:40,634 [grpc-default-executor-1] INFO  impl.RaftServerImpl (ServerState.java:setLeader(256)) - 4644c30d-38a1-4789-a0c6-a7c410b909c3@group-B04798CD53FA: change Leader from null to 0974e8ca-0629-45cc-8985-802eb90273cd at term 1 for appendEntries, leader elected after 5053ms
2020-10-18 13:35:40,635 [grpc-default-executor-0] INFO  impl.RaftServerImpl (ServerState.java:setRaftConf(374)) - 31f68af9-13bd-4b3d-9bf3-c7f108d7d050@group-B04798CD53FA: set configuration 0: [4644c30d-38a1-4789-a0c6-a7c410b909c3:172.17.0.2:41007:0, 31f68af9-13bd-4b3d-9bf3-c7f108d7d050:172.17.0.2:43229:0, 0974e8ca-0629-45cc-8985-802eb90273cd:172.17.0.2:42719:0], old=null at 0
2020-10-18 13:35:40,636 [grpc-default-executor-0] INFO  segmented.SegmentedRaftLogWorker (SegmentedRaftLogWorker.java:startLogSegment(397)) - 31f68af9-13bd-4b3d-9bf3-c7f108d7d050@group-B04798CD53FA-SegmentedRaftLogWorker: Starting segment from index:0
2020-10-18 13:35:40,636 [Thread-299] INFO  impl.FollowerState (FollowerState.java:run(108)) - 0974e8ca-0629-45cc-8985-802eb90273cd@group-4DF6140527EE-FollowerState: change to CANDIDATE, lastRpcTime:5151ms, electionTimeout:5141ms
2020-10-18 13:35:40,636 [Thread-299] INFO  impl.RoleInfo (RoleInfo.java:shutdownFollowerState(121)) - 0974e8ca-0629-45cc-8985-802eb90273cd: shutdown FollowerState
2020-10-18 13:35:40,636 [Thread-299] INFO  impl.RaftServerImpl (RaftServerImpl.java:setRole(198)) - 0974e8ca-0629-45cc-8985-802eb90273cd@group-4DF6140527EE: changes role from  FOLLOWER to CANDIDATE at term 0 for changeToCandidate
2020-10-18 13:35:40,636 [Thread-299] INFO  impl.RoleInfo (RoleInfo.java:updateAndGet(143)) - 0974e8ca-0629-45cc-8985-802eb90273cd: start LeaderElection
2020-10-18 13:35:40,637 [grpc-default-executor-1] INFO  impl.RaftServerImpl (ServerState.java:setRaftConf(374)) - 4644c30d-38a1-4789-a0c6-a7c410b909c3@group-B04798CD53FA: set configuration 0: [4644c30d-38a1-4789-a0c6-a7c410b909c3:172.17.0.2:41007:0, 31f68af9-13bd-4b3d-9bf3-c7f108d7d050:172.17.0.2:43229:0, 0974e8ca-0629-45cc-8985-802eb90273cd:172.17.0.2:42719:0], old=null at 0
2020-10-18 13:35:40,637 [grpc-default-executor-1] INFO  segmented.SegmentedRaftLogWorker (SegmentedRaftLogWorker.java:startLogSegment(397)) - 4644c30d-38a1-4789-a0c6-a7c410b909c3@group-B04798CD53FA-SegmentedRaftLogWorker: Starting segment from index:0
2020-10-18 13:35:40,641 [31f68af9-13bd-4b3d-9bf3-c7f108d7d050@group-B04798CD53FA-SegmentedRaftLogWorker] INFO  segmented.SegmentedRaftLogWorker (SegmentedRaftLogWorker.java:execute(596)) - 31f68af9-13bd-4b3d-9bf3-c7f108d7d050@group-B04798CD53FA-SegmentedRaftLogWorker: created new log segment /github/workspace/mnt/ozone/hadoop-ozone/integration-test/target/test-dir/MiniOzoneClusterImpl-d38fabef-ad13-445b-9ec0-8ae77b1cf310/datanode-2/data/ratis/3ab59ea5-4c64-4c23-b19f-b04798cd53fa/current/log_inprogress_0
2020-10-18 13:35:40,641 [4644c30d-38a1-4789-a0c6-a7c410b909c3@group-B04798CD53FA-SegmentedRaftLogWorker] INFO  segmented.SegmentedRaftLogWorker (SegmentedRaftLogWorker.java:execute(596)) - 4644c30d-38a1-4789-a0c6-a7c410b909c3@group-B04798CD53FA-SegmentedRaftLogWorker: created new log segment /github/workspace/mnt/ozone/hadoop-ozone/integration-test/target/test-dir/MiniOzoneClusterImpl-d38fabef-ad13-445b-9ec0-8ae77b1cf310/datanode-1/data/ratis/3ab59ea5-4c64-4c23-b19f-b04798cd53fa/current/log_inprogress_0
2020-10-18 13:35:40,645 [0974e8ca-0629-45cc-8985-802eb90273cd@group-4DF6140527EE-LeaderElection6] INFO  impl.LeaderElection (LeaderElection.java:askForVotes(210)) - 0974e8ca-0629-45cc-8985-802eb90273cd@group-4DF6140527EE-LeaderElection6: begin an election at term 1 for -1: [0974e8ca-0629-45cc-8985-802eb90273cd:172.17.0.2:42719:0], old=null
2020-10-18 13:35:40,646 [0974e8ca-0629-45cc-8985-802eb90273cd@group-4DF6140527EE-LeaderElection6] INFO  impl.RoleInfo (RoleInfo.java:shutdownLeaderElection(134)) - 0974e8ca-0629-45cc-8985-802eb90273cd: shutdown LeaderElection
2020-10-18 13:35:40,646 [0974e8ca-0629-45cc-8985-802eb90273cd@group-4DF6140527EE-LeaderElection6] INFO  impl.RaftServerImpl (RaftServerImpl.java:setRole(198)) - 0974e8ca-0629-45cc-8985-802eb90273cd@group-4DF6140527EE: changes role from CANDIDATE to LEADER at term 1 for changeToLeader
2020-10-18 13:35:40,646 [0974e8ca-0629-45cc-8985-802eb90273cd@group-4DF6140527EE-LeaderElection6] INFO  ratis.XceiverServerRatis (XceiverServerRatis.java:handleLeaderChangedNotification(822)) - Leader change notification received for group: group-4DF6140527EE with new leaderId: 0974e8ca-0629-45cc-8985-802eb90273cd
2020-10-18 13:35:40,646 [0974e8ca-0629-45cc-8985-802eb90273cd@group-4DF6140527EE-LeaderElection6] INFO  impl.RaftServerImpl (ServerState.java:setLeader(256)) - 0974e8ca-0629-45cc-8985-802eb90273cd@group-4DF6140527EE: change Leader from null to 0974e8ca-0629-45cc-8985-802eb90273cd at term 1 for becomeLeader, leader elected after 5189ms
2020-10-18 13:35:40,646 [0974e8ca-0629-45cc-8985-802eb90273cd@group-4DF6140527EE-LeaderElection6] INFO  server.RaftServerConfigKeys (ConfUtils.java:logGet(44)) - raft.server.staging.catchup.gap = 1000 (default)
2020-10-18 13:35:40,647 [0974e8ca-0629-45cc-8985-802eb90273cd@group-4DF6140527EE-LeaderElection6] INFO  server.RaftServerConfigKeys (ConfUtils.java:logGet(44)) - raft.server.rpc.sleep.time = 25ms (default)
2020-10-18 13:35:40,647 [0974e8ca-0629-45cc-8985-802eb90273cd@group-4DF6140527EE-LeaderElection6] INFO  metrics.RatisMetrics (RatisMetrics.java:lambda$create$0(36)) - Creating Metrics Registry : ratis.log_appender.0974e8ca-0629-45cc-8985-802eb90273cd@group-4DF6140527EE
2020-10-18 13:35:40,647 [0974e8ca-0629-45cc-8985-802eb90273cd@group-4DF6140527EE-LeaderElection6] INFO  server.RaftServerConfigKeys (ConfUtils.java:logGet(44)) - raft.server.write.element-limit = 1024 (custom)
2020-10-18 13:35:40,647 [0974e8ca-0629-45cc-8985-802eb90273cd@group-4DF6140527EE-LeaderElection6] INFO  server.RaftServerConfigKeys (ConfUtils.java:logGet(44)) - raft.server.write.byte-limit = 1073741824 (custom)
2020-10-18 13:35:40,647 [0974e8ca-0629-45cc-8985-802eb90273cd@group-4DF6140527EE-LeaderElection6] INFO  server.RaftServerConfigKeys (ConfUtils.java:logGet(44)) - raft.server.watch.timeout = 180s (custom)
2020-10-18 13:35:40,647 [0974e8ca-0629-45cc-8985-802eb90273cd@group-4DF6140527EE-LeaderElection6] INFO  server.RaftServerConfigKeys (ConfUtils.java:logGet(44)) - raft.server.watch.timeout.denomination = 1s (default)
2020-10-18 13:35:40,647 [0974e8ca-0629-45cc-8985-802eb90273cd@group-4DF6140527EE-LeaderElection6] INFO  server.RaftServerConfigKeys (ConfUtils.java:logGet(44)) - raft.server.watch.element-limit = 65536 (default)
2020-10-18 13:35:40,648 [0974e8ca-0629-45cc-8985-802eb90273cd@group-4DF6140527EE-LeaderElection6] INFO  impl.RoleInfo (RoleInfo.java:updateAndGet(143)) - 0974e8ca-0629-45cc-8985-802eb90273cd: start LeaderState
2020-10-18 13:35:40,648 [0974e8ca-0629-45cc-8985-802eb90273cd@group-4DF6140527EE-LeaderElection6] INFO  segmented.SegmentedRaftLogWorker (SegmentedRaftLogWorker.java:startLogSegment(397)) - 0974e8ca-0629-45cc-8985-802eb90273cd@group-4DF6140527EE-SegmentedRaftLogWorker: Starting segment from index:0
2020-10-18 13:35:40,649 [0974e8ca-0629-45cc-8985-802eb90273cd@group-4DF6140527EE-LeaderElection6] INFO  impl.RaftServerImpl (ServerState.java:setRaftConf(374)) - 0974e8ca-0629-45cc-8985-802eb90273cd@group-4DF6140527EE: set configuration 0: [0974e8ca-0629-45cc-8985-802eb90273cd:172.17.0.2:42719:0], old=null at 0
2020-10-18 13:35:40,649 [0974e8ca-0629-45cc-8985-802eb90273cd@group-4DF6140527EE-SegmentedRaftLogWorker] INFO  segmented.SegmentedRaftLogWorker (SegmentedRaftLogWorker.java:execute(596)) - 0974e8ca-0629-45cc-8985-802eb90273cd@group-4DF6140527EE-SegmentedRaftLogWorker: created new log segment /github/workspace/mnt/ozone/hadoop-ozone/integration-test/target/test-dir/MiniOzoneClusterImpl-d38fabef-ad13-445b-9ec0-8ae77b1cf310/datanode-0/data/ratis/dec89c11-9963-4ce7-bc5d-4df6140527ee/current/log_inprogress_0
2020-10-18 13:35:41,027 [Thread-314] INFO  impl.FollowerState (FollowerState.java:run(108)) - 4644c30d-38a1-4789-a0c6-a7c410b909c3@group-45A6FE0EC2E4-FollowerState: change to CANDIDATE, lastRpcTime:5048ms, electionTimeout:5046ms
2020-10-18 13:35:41,027 [Thread-314] INFO  impl.RoleInfo (RoleInfo.java:shutdownFollowerState(121)) - 4644c30d-38a1-4789-a0c6-a7c410b909c3: shutdown FollowerState
2020-10-18 13:35:41,027 [Thread-314] INFO  impl.RaftServerImpl (RaftServerImpl.java:setRole(198)) - 4644c30d-38a1-4789-a0c6-a7c410b909c3@group-45A6FE0EC2E4: changes role from  FOLLOWER to CANDIDATE at term 0 for changeToCandidate
2020-10-18 13:35:41,027 [Thread-314] INFO  impl.RoleInfo (RoleInfo.java:updateAndGet(143)) - 4644c30d-38a1-4789-a0c6-a7c410b909c3: start LeaderElection
2020-10-18 13:35:41,030 [4644c30d-38a1-4789-a0c6-a7c410b909c3@group-45A6FE0EC2E4-LeaderElection7] INFO  impl.LeaderElection (LeaderElection.java:askForVotes(210)) - 4644c30d-38a1-4789-a0c6-a7c410b909c3@group-45A6FE0EC2E4-LeaderElection7: begin an election at term 1 for -1: [4644c30d-38a1-4789-a0c6-a7c410b909c3:172.17.0.2:41007:0], old=null
2020-10-18 13:35:41,030 [4644c30d-38a1-4789-a0c6-a7c410b909c3@group-45A6FE0EC2E4-LeaderElection7] INFO  impl.RoleInfo (RoleInfo.java:shutdownLeaderElection(134)) - 4644c30d-38a1-4789-a0c6-a7c410b909c3: shutdown LeaderElection
2020-10-18 13:35:41,031 [4644c30d-38a1-4789-a0c6-a7c410b909c3@group-45A6FE0EC2E4-LeaderElection7] INFO  impl.RaftServerImpl (RaftServerImpl.java:setRole(198)) - 4644c30d-38a1-4789-a0c6-a7c410b909c3@group-45A6FE0EC2E4: changes role from CANDIDATE to LEADER at term 1 for changeToLeader
2020-10-18 13:35:41,031 [4644c30d-38a1-4789-a0c6-a7c410b909c3@group-45A6FE0EC2E4-LeaderElection7] INFO  ratis.XceiverServerRatis (XceiverServerRatis.java:handleLeaderChangedNotification(822)) - Leader change notification received for group: group-45A6FE0EC2E4 with new leaderId: 4644c30d-38a1-4789-a0c6-a7c410b909c3
2020-10-18 13:35:41,031 [4644c30d-38a1-4789-a0c6-a7c410b909c3@group-45A6FE0EC2E4-LeaderElection7] INFO  impl.RaftServerImpl (ServerState.java:setLeader(256)) - 4644c30d-38a1-4789-a0c6-a7c410b909c3@group-45A6FE0EC2E4: change Leader from null to 4644c30d-38a1-4789-a0c6-a7c410b909c3 at term 1 for becomeLeader, leader elected after 5067ms
2020-10-18 13:35:41,031 [4644c30d-38a1-4789-a0c6-a7c410b909c3@group-45A6FE0EC2E4-LeaderElection7] INFO  server.RaftServerConfigKeys (ConfUtils.java:logGet(44)) - raft.server.staging.catchup.gap = 1000 (default)
2020-10-18 13:35:41,033 [4644c30d-38a1-4789-a0c6-a7c410b909c3@group-45A6FE0EC2E4-LeaderElection7] INFO  server.RaftServerConfigKeys (ConfUtils.java:logGet(44)) - raft.server.rpc.sleep.time = 25ms (default)
2020-10-18 13:35:41,033 [4644c30d-38a1-4789-a0c6-a7c410b909c3@group-45A6FE0EC2E4-LeaderElection7] INFO  metrics.RatisMetrics (RatisMetrics.java:lambda$create$0(36)) - Creating Metrics Registry : ratis.log_appender.4644c30d-38a1-4789-a0c6-a7c410b909c3@group-45A6FE0EC2E4
2020-10-18 13:35:41,034 [4644c30d-38a1-4789-a0c6-a7c410b909c3@group-45A6FE0EC2E4-LeaderElection7] INFO  server.RaftServerConfigKeys (ConfUtils.java:logGet(44)) - raft.server.write.element-limit = 1024 (custom)
2020-10-18 13:35:41,034 [4644c30d-38a1-4789-a0c6-a7c410b909c3@group-45A6FE0EC2E4-LeaderElection7] INFO  server.RaftServerConfigKeys (ConfUtils.java:logGet(44)) - raft.server.write.byte-limit = 1073741824 (custom)
2020-10-18 13:35:41,034 [4644c30d-38a1-4789-a0c6-a7c410b909c3@group-45A6FE0EC2E4-LeaderElection7] INFO  server.RaftServerConfigKeys (ConfUtils.java:logGet(44)) - raft.server.watch.timeout = 180s (custom)
2020-10-18 13:35:41,035 [4644c30d-38a1-4789-a0c6-a7c410b909c3@group-45A6FE0EC2E4-LeaderElection7] INFO  server.RaftServerConfigKeys (ConfUtils.java:logGet(44)) - raft.server.watch.timeout.denomination = 1s (default)
2020-10-18 13:35:41,035 [4644c30d-38a1-4789-a0c6-a7c410b909c3@group-45A6FE0EC2E4-LeaderElection7] INFO  server.RaftServerConfigKeys (ConfUtils.java:logGet(44)) - raft.server.watch.element-limit = 65536 (default)
2020-10-18 13:35:41,035 [4644c30d-38a1-4789-a0c6-a7c410b909c3@group-45A6FE0EC2E4-LeaderElection7] INFO  impl.RoleInfo (RoleInfo.java:updateAndGet(143)) - 4644c30d-38a1-4789-a0c6-a7c410b909c3: start LeaderState
2020-10-18 13:35:41,036 [4644c30d-38a1-4789-a0c6-a7c410b909c3@group-45A6FE0EC2E4-LeaderElection7] INFO  segmented.SegmentedRaftLogWorker (SegmentedRaftLogWorker.java:startLogSegment(397)) - 4644c30d-38a1-4789-a0c6-a7c410b909c3@group-45A6FE0EC2E4-SegmentedRaftLogWorker: Starting segment from index:0
2020-10-18 13:35:41,037 [4644c30d-38a1-4789-a0c6-a7c410b909c3@group-45A6FE0EC2E4-SegmentedRaftLogWorker] INFO  segmented.SegmentedRaftLogWorker (SegmentedRaftLogWorker.java:execute(596)) - 4644c30d-38a1-4789-a0c6-a7c410b909c3@group-45A6FE0EC2E4-SegmentedRaftLogWorker: created new log segment /github/workspace/mnt/ozone/hadoop-ozone/integration-test/target/test-dir/MiniOzoneClusterImpl-d38fabef-ad13-445b-9ec0-8ae77b1cf310/datanode-1/data/ratis/01fe4fa9-36ca-4d2d-b87c-45a6fe0ec2e4/current/log_inprogress_0
2020-10-18 13:35:41,040 [4644c30d-38a1-4789-a0c6-a7c410b909c3@group-45A6FE0EC2E4-LeaderElection7] INFO  impl.RaftServerImpl (ServerState.java:setRaftConf(374)) - 4644c30d-38a1-4789-a0c6-a7c410b909c3@group-45A6FE0EC2E4: set configuration 0: [4644c30d-38a1-4789-a0c6-a7c410b909c3:172.17.0.2:41007:0], old=null at 0
2020-10-18 13:35:41,369 [Listener at 127.0.0.1/13776] INFO  ozone.MiniOzoneClusterImpl (MiniOzoneClusterImpl.java:lambda$waitForClusterToBeReady$0(177)) - Nodes are ready. Got 3 of 3 DN Heartbeats.
2020-10-18 13:35:41,369 [Listener at 127.0.0.1/13776] INFO  ozone.MiniOzoneClusterImpl (MiniOzoneClusterImpl.java:lambda$waitForClusterToBeReady$0(180)) - Cluster exits safe mode
2020-10-18 13:35:41,513 [Thread-316] INFO  impl.FollowerState (FollowerState.java:run(108)) - 31f68af9-13bd-4b3d-9bf3-c7f108d7d050@group-046812BC161E-FollowerState: change to CANDIDATE, lastRpcTime:5115ms, electionTimeout:5114ms
2020-10-18 13:35:41,514 [Thread-316] INFO  impl.RoleInfo (RoleInfo.java:shutdownFollowerState(121)) - 31f68af9-13bd-4b3d-9bf3-c7f108d7d050: shutdown FollowerState
2020-10-18 13:35:41,514 [Thread-316] INFO  impl.RaftServerImpl (RaftServerImpl.java:setRole(198)) - 31f68af9-13bd-4b3d-9bf3-c7f108d7d050@group-046812BC161E: changes role from  FOLLOWER to CANDIDATE at term 0 for changeToCandidate
2020-10-18 13:35:41,514 [Thread-316] INFO  impl.RoleInfo (RoleInfo.java:updateAndGet(143)) - 31f68af9-13bd-4b3d-9bf3-c7f108d7d050: start LeaderElection
2020-10-18 13:35:41,526 [31f68af9-13bd-4b3d-9bf3-c7f108d7d050@group-046812BC161E-LeaderElection8] INFO  impl.LeaderElection (LeaderElection.java:askForVotes(210)) - 31f68af9-13bd-4b3d-9bf3-c7f108d7d050@group-046812BC161E-LeaderElection8: begin an election at term 1 for -1: [31f68af9-13bd-4b3d-9bf3-c7f108d7d050:172.17.0.2:43229:0], old=null
2020-10-18 13:35:41,526 [31f68af9-13bd-4b3d-9bf3-c7f108d7d050@group-046812BC161E-LeaderElection8] INFO  impl.RoleInfo (RoleInfo.java:shutdownLeaderElection(134)) - 31f68af9-13bd-4b3d-9bf3-c7f108d7d050: shutdown LeaderElection
2020-10-18 13:35:41,526 [31f68af9-13bd-4b3d-9bf3-c7f108d7d050@group-046812BC161E-LeaderElection8] INFO  impl.RaftServerImpl (RaftServerImpl.java:setRole(198)) - 31f68af9-13bd-4b3d-9bf3-c7f108d7d050@group-046812BC161E: changes role from CANDIDATE to LEADER at term 1 for changeToLeader
2020-10-18 13:35:41,526 [31f68af9-13bd-4b3d-9bf3-c7f108d7d050@group-046812BC161E-LeaderElection8] INFO  ratis.XceiverServerRatis (XceiverServerRatis.java:handleLeaderChangedNotification(822)) - Leader change notification received for group: group-046812BC161E with new leaderId: 31f68af9-13bd-4b3d-9bf3-c7f108d7d050
2020-10-18 13:35:41,526 [31f68af9-13bd-4b3d-9bf3-c7f108d7d050@group-046812BC161E-LeaderElection8] INFO  impl.RaftServerImpl (ServerState.java:setLeader(256)) - 31f68af9-13bd-4b3d-9bf3-c7f108d7d050@group-046812BC161E: change Leader from null to 31f68af9-13bd-4b3d-9bf3-c7f108d7d050 at term 1 for becomeLeader, leader elected after 5142ms
2020-10-18 13:35:41,526 [31f68af9-13bd-4b3d-9bf3-c7f108d7d050@group-046812BC161E-LeaderElection8] INFO  server.RaftServerConfigKeys (ConfUtils.java:logGet(44)) - raft.server.staging.catchup.gap = 1000 (default)
2020-10-18 13:35:41,527 [31f68af9-13bd-4b3d-9bf3-c7f108d7d050@group-046812BC161E-LeaderElection8] INFO  server.RaftServerConfigKeys (ConfUtils.java:logGet(44)) - raft.server.rpc.sleep.time = 25ms (default)
2020-10-18 13:35:41,527 [31f68af9-13bd-4b3d-9bf3-c7f108d7d050@group-046812BC161E-LeaderElection8] INFO  metrics.RatisMetrics (RatisMetrics.java:lambda$create$0(36)) - Creating Metrics Registry : ratis.log_appender.31f68af9-13bd-4b3d-9bf3-c7f108d7d050@group-046812BC161E
2020-10-18 13:35:41,527 [31f68af9-13bd-4b3d-9bf3-c7f108d7d050@group-046812BC161E-LeaderElection8] INFO  server.RaftServerConfigKeys (ConfUtils.java:logGet(44)) - raft.server.write.element-limit = 1024 (custom)
2020-10-18 13:35:41,527 [31f68af9-13bd-4b3d-9bf3-c7f108d7d050@group-046812BC161E-LeaderElection8] INFO  server.RaftServerConfigKeys (ConfUtils.java:logGet(44)) - raft.server.write.byte-limit = 1073741824 (custom)
2020-10-18 13:35:41,535 [31f68af9-13bd-4b3d-9bf3-c7f108d7d050@group-046812BC161E-LeaderElection8] INFO  server.RaftServerConfigKeys (ConfUtils.java:logGet(44)) - raft.server.watch.timeout = 180s (custom)
2020-10-18 13:35:41,535 [31f68af9-13bd-4b3d-9bf3-c7f108d7d050@group-046812BC161E-LeaderElection8] INFO  server.RaftServerConfigKeys (ConfUtils.java:logGet(44)) - raft.server.watch.timeout.denomination = 1s (default)
2020-10-18 13:35:41,535 [31f68af9-13bd-4b3d-9bf3-c7f108d7d050@group-046812BC161E-LeaderElection8] INFO  server.RaftServerConfigKeys (ConfUtils.java:logGet(44)) - raft.server.watch.element-limit = 65536 (default)
2020-10-18 13:35:41,536 [31f68af9-13bd-4b3d-9bf3-c7f108d7d050@group-046812BC161E-LeaderElection8] INFO  impl.RoleInfo (RoleInfo.java:updateAndGet(143)) - 31f68af9-13bd-4b3d-9bf3-c7f108d7d050: start LeaderState
2020-10-18 13:35:41,536 [31f68af9-13bd-4b3d-9bf3-c7f108d7d050@group-046812BC161E-LeaderElection8] INFO  segmented.SegmentedRaftLogWorker (SegmentedRaftLogWorker.java:startLogSegment(397)) - 31f68af9-13bd-4b3d-9bf3-c7f108d7d050@group-046812BC161E-SegmentedRaftLogWorker: Starting segment from index:0
2020-10-18 13:35:41,538 [31f68af9-13bd-4b3d-9bf3-c7f108d7d050@group-046812BC161E-LeaderElection8] INFO  impl.RaftServerImpl (ServerState.java:setRaftConf(374)) - 31f68af9-13bd-4b3d-9bf3-c7f108d7d050@group-046812BC161E: set configuration 0: [31f68af9-13bd-4b3d-9bf3-c7f108d7d050:172.17.0.2:43229:0], old=null at 0
2020-10-18 13:35:41,538 [31f68af9-13bd-4b3d-9bf3-c7f108d7d050@group-046812BC161E-SegmentedRaftLogWorker] INFO  segmented.SegmentedRaftLogWorker (SegmentedRaftLogWorker.java:execute(596)) - 31f68af9-13bd-4b3d-9bf3-c7f108d7d050@group-046812BC161E-SegmentedRaftLogWorker: created new log segment /github/workspace/mnt/ozone/hadoop-ozone/integration-test/target/test-dir/MiniOzoneClusterImpl-d38fabef-ad13-445b-9ec0-8ae77b1cf310/datanode-2/data/ratis/6a24b372-a5a7-41b9-8528-046812bc161e/current/log_inprogress_0
2020-10-18 13:35:41,673 [IPC Server handler 3 on default port 13764] INFO  ipc.Server (Server.java:logException(2976)) - IPC Server handler 3 on default port 13764, call Call#38 Retry#0 org.apache.hadoop.ozone.om.protocol.OzoneManagerProtocol.submitRequest from 127.0.0.1:45054
org.apache.hadoop.ozone.om.exceptions.OMNotLeaderException: OM:omNode-1 is not the leader. Suggested leader is OM:omNode-3.
	at org.apache.hadoop.ozone.protocolPB.OzoneManagerProtocolServerSideTranslatorPB.createNotLeaderException(OzoneManagerProtocolServerSideTranslatorPB.java:198)
	at org.apache.hadoop.ozone.protocolPB.OzoneManagerProtocolServerSideTranslatorPB.submitReadRequestToOM(OzoneManagerProtocolServerSideTranslatorPB.java:186)
	at org.apache.hadoop.ozone.protocolPB.OzoneManagerProtocolServerSideTranslatorPB.processRequest(OzoneManagerProtocolServerSideTranslatorPB.java:123)
	at org.apache.hadoop.hdds.server.OzoneProtocolMessageDispatcher.processRequest(OzoneProtocolMessageDispatcher.java:87)
	at org.apache.hadoop.ozone.protocolPB.OzoneManagerProtocolServerSideTranslatorPB.submitRequest(OzoneManagerProtocolServerSideTranslatorPB.java:113)
	at org.apache.hadoop.ozone.protocol.proto.OzoneManagerProtocolProtos$OzoneManagerService$2.callBlockingMethod(OzoneManagerProtocolProtos.java)
	at org.apache.hadoop.ipc.ProtobufRpcEngine$Server$ProtoBufRpcInvoker.call(ProtobufRpcEngine.java:528)
	at org.apache.hadoop.ipc.RPC$Server.call(RPC.java:1070)
	at org.apache.hadoop.ipc.Server$RpcCall.run(Server.java:999)
	at org.apache.hadoop.ipc.Server$RpcCall.run(Server.java:927)
	at java.security.AccessController.doPrivileged(Native Method)
	at javax.security.auth.Subject.doAs(Subject.java:422)
	at org.apache.hadoop.security.UserGroupInformation.doAs(UserGroupInformation.java:1730)
	at org.apache.hadoop.ipc.Server$Handler.run(Server.java:2915)
2020-10-18 13:35:41,682 [IPC Server handler 1 on default port 13770] INFO  ipc.Server (Server.java:logException(2976)) - IPC Server handler 1 on default port 13770, call Call#38 Retry#1 org.apache.hadoop.ozone.om.protocol.OzoneManagerProtocol.submitRequest from 127.0.0.1:55016
org.apache.hadoop.ozone.om.exceptions.OMNotLeaderException: OM:omNode-2 is not the leader. Suggested leader is OM:omNode-3.
	at org.apache.hadoop.ozone.protocolPB.OzoneManagerProtocolServerSideTranslatorPB.createNotLeaderException(OzoneManagerProtocolServerSideTranslatorPB.java:198)
	at org.apache.hadoop.ozone.protocolPB.OzoneManagerProtocolServerSideTranslatorPB.submitReadRequestToOM(OzoneManagerProtocolServerSideTranslatorPB.java:186)
	at org.apache.hadoop.ozone.protocolPB.OzoneManagerProtocolServerSideTranslatorPB.processRequest(OzoneManagerProtocolServerSideTranslatorPB.java:123)
	at org.apache.hadoop.hdds.server.OzoneProtocolMessageDispatcher.processRequest(OzoneProtocolMessageDispatcher.java:87)
	at org.apache.hadoop.ozone.protocolPB.OzoneManagerProtocolServerSideTranslatorPB.submitRequest(OzoneManagerProtocolServerSideTranslatorPB.java:113)
	at org.apache.hadoop.ozone.protocol.proto.OzoneManagerProtocolProtos$OzoneManagerService$2.callBlockingMethod(OzoneManagerProtocolProtos.java)
	at org.apache.hadoop.ipc.ProtobufRpcEngine$Server$ProtoBufRpcInvoker.call(ProtobufRpcEngine.java:528)
	at org.apache.hadoop.ipc.RPC$Server.call(RPC.java:1070)
	at org.apache.hadoop.ipc.Server$RpcCall.run(Server.java:999)
	at org.apache.hadoop.ipc.Server$RpcCall.run(Server.java:927)
	at java.security.AccessController.doPrivileged(Native Method)
	at javax.security.auth.Subject.doAs(Subject.java:422)
	at org.apache.hadoop.security.UserGroupInformation.doAs(UserGroupInformation.java:1730)
	at org.apache.hadoop.ipc.Server$Handler.run(Server.java:2915)
2020-10-18 13:35:41,683 [Listener at 127.0.0.1/13776] INFO  retry.RetryInvocationHandler (RetryInvocationHandler.java:log(411)) - com.google.protobuf.ServiceException: org.apache.hadoop.ipc.RemoteException(org.apache.hadoop.ozone.om.exceptions.OMNotLeaderException): OM:omNode-2 is not the leader. Suggested leader is OM:omNode-3.
	at org.apache.hadoop.ozone.protocolPB.OzoneManagerProtocolServerSideTranslatorPB.createNotLeaderException(OzoneManagerProtocolServerSideTranslatorPB.java:198)
	at org.apache.hadoop.ozone.protocolPB.OzoneManagerProtocolServerSideTranslatorPB.submitReadRequestToOM(OzoneManagerProtocolServerSideTranslatorPB.java:186)
	at org.apache.hadoop.ozone.protocolPB.OzoneManagerProtocolServerSideTranslatorPB.processRequest(OzoneManagerProtocolServerSideTranslatorPB.java:123)
	at org.apache.hadoop.hdds.server.OzoneProtocolMessageDispatcher.processRequest(OzoneProtocolMessageDispatcher.java:87)
	at org.apache.hadoop.ozone.protocolPB.OzoneManagerProtocolServerSideTranslatorPB.submitRequest(OzoneManagerProtocolServerSideTranslatorPB.java:113)
	at org.apache.hadoop.ozone.protocol.proto.OzoneManagerProtocolProtos$OzoneManagerService$2.callBlockingMethod(OzoneManagerProtocolProtos.java)
	at org.apache.hadoop.ipc.ProtobufRpcEngine$Server$ProtoBufRpcInvoker.call(ProtobufRpcEngine.java:528)
	at org.apache.hadoop.ipc.RPC$Server.call(RPC.java:1070)
	at org.apache.hadoop.ipc.Server$RpcCall.run(Server.java:999)
	at org.apache.hadoop.ipc.Server$RpcCall.run(Server.java:927)
	at java.security.AccessController.doPrivileged(Native Method)
	at javax.security.auth.Subject.doAs(Subject.java:422)
	at org.apache.hadoop.security.UserGroupInformation.doAs(UserGroupInformation.java:1730)
	at org.apache.hadoop.ipc.Server$Handler.run(Server.java:2915)
, while invoking $Proxy39.submitRequest over {omNode-3=nodeId=omNode-3,nodeAddress=127.0.0.1:13776, omNode-1=nodeId=omNode-1,nodeAddress=127.0.0.1:13764, omNode-2=nodeId=omNode-2,nodeAddress=127.0.0.1:13770} after 1 failover attempts. Trying to failover immediately.
2020-10-18 13:35:41,844 [Listener at 127.0.0.1/13776] INFO  rpc.RpcClient (RpcClient.java:createVolume(321)) - Creating Volume: 3e5c2983-ca01-4368-862c-549463ef697f, with jenkins1001 as owner.
2020-10-18 13:35:41,978 [OM StateMachine ApplyTransaction Thread - 0] INFO  volume.OMVolumeCreateRequest (OMVolumeCreateRequest.java:validateAndUpdateCache(196)) - created volume:3e5c2983-ca01-4368-862c-549463ef697f for user:jenkins1001
2020-10-18 13:35:41,978 [OM StateMachine ApplyTransaction Thread - 0] INFO  volume.OMVolumeCreateRequest (OMVolumeCreateRequest.java:validateAndUpdateCache(196)) - created volume:3e5c2983-ca01-4368-862c-549463ef697f for user:jenkins1001
2020-10-18 13:35:41,980 [OM StateMachine ApplyTransaction Thread - 0] INFO  volume.OMVolumeCreateRequest (OMVolumeCreateRequest.java:validateAndUpdateCache(196)) - created volume:3e5c2983-ca01-4368-862c-549463ef697f for user:jenkins1001
2020-10-18 13:35:42,002 [OM StateMachine ApplyTransaction Thread - 0] INFO  volume.OMVolumeCreateRequest (OMVolumeCreateRequest.java:validateAndUpdateCache(196)) - created volume:b77101b2-9160-4884-816d-7598ba49020a for user:jenkins1001
2020-10-18 13:35:42,012 [OM StateMachine ApplyTransaction Thread - 0] INFO  volume.OMVolumeCreateRequest (OMVolumeCreateRequest.java:validateAndUpdateCache(196)) - created volume:b77101b2-9160-4884-816d-7598ba49020a for user:jenkins1001
2020-10-18 13:35:42,011 [OM StateMachine ApplyTransaction Thread - 0] INFO  volume.OMVolumeCreateRequest (OMVolumeCreateRequest.java:validateAndUpdateCache(196)) - created volume:b77101b2-9160-4884-816d-7598ba49020a for user:jenkins1001
2020-10-18 13:35:42,019 [Listener at 127.0.0.1/13776] INFO  ozone.MiniOzoneClusterImpl (MiniOzoneClusterImpl.java:shutdown(387)) - Shutting down the Mini Ozone Cluster
2020-10-18 13:35:42,019 [Listener at 127.0.0.1/13776] INFO  ozone.MiniOzoneHAClusterImpl (MiniOzoneHAClusterImpl.java:stop(230)) - Stopping the OzoneManager omNode-3
2020-10-18 13:35:42,019 [Listener at 127.0.0.1/13776] INFO  ipc.Server (Server.java:stop(3359)) - Stopping server on 13776
2020-10-18 13:35:42,025 [IPC Server Responder] INFO  ipc.Server (Server.java:run(1465)) - Stopping IPC Server Responder
2020-10-18 13:35:42,025 [IPC Server listener on 13776] INFO  ipc.Server (Server.java:run(1330)) - Stopping IPC Server listener on 13776
2020-10-18 13:35:42,026 [Listener at 127.0.0.1/13776] INFO  impl.RaftServerProxy (RaftServerProxy.java:lambda$close$4(322)) - omNode-3: close
2020-10-18 13:35:42,027 [Listener at 127.0.0.1/13776] INFO  impl.RaftServerImpl (RaftServerImpl.java:lambda$shutdown$3(321)) - omNode-3@group-523986131536: shutdown
2020-10-18 13:35:42,027 [Listener at 127.0.0.1/13776] INFO  util.JmxRegister (JmxRegister.java:unregister(73)) - Successfully un-registered JMX Bean with object name Ratis:service=RaftServer,group=group-523986131536,id=omNode-3
2020-10-18 13:35:42,027 [Listener at 127.0.0.1/13776] INFO  impl.RoleInfo (RoleInfo.java:shutdownLeaderState(104)) - omNode-3: shutdown LeaderState
2020-10-18 13:35:42,028 [Listener at 127.0.0.1/13776] INFO  metrics.RatisMetrics (RatisMetrics.java:unregister(43)) - Unregistering Metrics Registry : ratis_grpc.log_appender.omNode-3@group-523986131536
2020-10-18 13:35:42,029 [Listener at 127.0.0.1/13776] INFO  metrics.RatisMetrics (RatisMetrics.java:unregister(43)) - Unregistering Metrics Registry : ratis_grpc.log_appender.omNode-3@group-523986131536
2020-10-18 13:35:42,029 [org.apache.ratis.server.impl.LogAppender$AppenderDaemon$$Lambda$362/162099096@5005bd32] WARN  server.GrpcLogAppender (GrpcLogAppender.java:mayWait(168)) - omNode-3@group-523986131536->omNode-1-GrpcLogAppender: Wait interrupted by java.lang.InterruptedException
2020-10-18 13:35:42,029 [Listener at 127.0.0.1/13776] INFO  impl.PendingRequests (PendingRequests.java:sendNotLeaderResponses(249)) - omNode-3@group-523986131536-PendingRequests: sendNotLeaderResponses
2020-10-18 13:35:42,031 [grpc-default-executor-1] INFO  server.GrpcServerProtocolService (GrpcServerProtocolService.java:onCompleted(138)) - omNode-1: Completed APPEND_ENTRIES, lastRequest: omNode-3->omNode-1#85-t2, previous=(t:2, i:3), leaderCommit=3, initializing? false, entries: size=1, first=(t:2, i:4), METADATAENTRY(c:3)
2020-10-18 13:35:42,029 [org.apache.ratis.server.impl.LogAppender$AppenderDaemon$$Lambda$362/162099096@570ad470] WARN  server.GrpcLogAppender (GrpcLogAppender.java:mayWait(168)) - omNode-3@group-523986131536->omNode-2-GrpcLogAppender: Wait interrupted by java.lang.InterruptedException
2020-10-18 13:35:42,032 [grpc-default-executor-0] INFO  server.GrpcLogAppender (GrpcLogAppender.java:onCompleted(336)) - omNode-3@group-523986131536->omNode-1-AppendLogResponseHandler: follower responses appendEntries COMPLETED
2020-10-18 13:35:42,047 [grpc-default-executor-0] INFO  impl.FollowerInfo (FollowerInfo.java:lambda$new$0(51)) - omNode-3@group-523986131536->omNode-1: nextIndex: updateUnconditionally 5 -> 4
2020-10-18 13:35:42,048 [grpc-default-executor-1] INFO  server.GrpcServerProtocolService (GrpcServerProtocolService.java:onCompleted(138)) - omNode-2: Completed APPEND_ENTRIES, lastRequest: omNode-3->omNode-2#83-t2, previous=(t:2, i:3), leaderCommit=3, initializing? false, entries: size=1, first=(t:2, i:4), METADATAENTRY(c:3)
2020-10-18 13:35:42,050 [grpc-default-executor-0] INFO  server.GrpcLogAppender (GrpcLogAppender.java:onCompleted(336)) - omNode-3@group-523986131536->omNode-2-AppendLogResponseHandler: follower responses appendEntries COMPLETED
2020-10-18 13:35:42,050 [grpc-default-executor-0] INFO  impl.FollowerInfo (FollowerInfo.java:lambda$new$0(51)) - omNode-3@group-523986131536->omNode-2: nextIndex: updateUnconditionally 5 -> 4
2020-10-18 13:35:42,052 [Listener at 127.0.0.1/13776] INFO  metrics.RatisMetrics (RatisMetrics.java:unregister(43)) - Unregistering Metrics Registry : ratis.log_appender.omNode-3@group-523986131536
2020-10-18 13:35:42,053 [Listener at 127.0.0.1/13776] INFO  metrics.RatisMetrics (RatisMetrics.java:unregister(43)) - Unregistering Metrics Registry : ratis.server.omNode-3@group-523986131536
2020-10-18 13:35:42,053 [Listener at 127.0.0.1/13776] INFO  impl.StateMachineUpdater (StateMachineUpdater.java:stopAndJoin(142)) - omNode-3@group-523986131536-StateMachineUpdater: set stopIndex = 4
2020-10-18 13:35:42,053 [omNode-3@group-523986131536-StateMachineUpdater] INFO  ratis.OzoneManagerStateMachine (OzoneManagerStateMachine.java:takeSnapshot(345)) - Current Snapshot Index (t:2, i:4)
2020-10-18 13:35:42,054 [omNode-3@group-523986131536-StateMachineUpdater] INFO  impl.StateMachineUpdater (StateMachineUpdater.java:takeSnapshot(277)) - omNode-3@group-523986131536-StateMachineUpdater: Took a snapshot at index 4
2020-10-18 13:35:42,055 [omNode-3@group-523986131536-StateMachineUpdater] INFO  impl.StateMachineUpdater (StateMachineUpdater.java:lambda$new$0(87)) - omNode-3@group-523986131536-StateMachineUpdater: snapshotIndex: updateIncreasingly -1 -> 4
2020-10-18 13:35:42,055 [omNode-3@group-523986131536-StateMachineUpdater] INFO  metrics.RatisMetrics (RatisMetrics.java:unregister(43)) - Unregistering Metrics Registry : ratis.state_machine.omNode-3@group-523986131536
2020-10-18 13:35:42,056 [Listener at 127.0.0.1/13776] INFO  impl.RaftServerImpl (ServerState.java:close(405)) - omNode-3@group-523986131536: closes. applyIndex: 4
2020-10-18 13:35:42,057 [omNode-3@group-523986131536-SegmentedRaftLogWorker] INFO  segmented.SegmentedRaftLogWorker (SegmentedRaftLogWorker.java:run(327)) - omNode-3@group-523986131536-SegmentedRaftLogWorker was interrupted, exiting. There are 0 tasks remaining in the queue.
2020-10-18 13:35:42,059 [Listener at 127.0.0.1/13776] INFO  segmented.SegmentedRaftLogWorker (SegmentedRaftLogWorker.java:close(234)) - omNode-3@group-523986131536-SegmentedRaftLogWorker close()
2020-10-18 13:35:42,060 [Listener at 127.0.0.1/13776] INFO  metrics.RatisMetrics (RatisMetrics.java:unregister(43)) - Unregistering Metrics Registry : ratis.log_worker.omNode-3@group-523986131536
2020-10-18 13:35:42,060 [Listener at 127.0.0.1/13776] INFO  metrics.RatisMetrics (RatisMetrics.java:unregister(43)) - Unregistering Metrics Registry : ratis.leader_election.omNode-3@group-523986131536
2020-10-18 13:35:42,060 [Listener at 127.0.0.1/13776] INFO  metrics.RatisMetrics (RatisMetrics.java:unregister(43)) - Unregistering Metrics Registry : ratis.server.omNode-3@group-523986131536
2020-10-18 13:35:42,061 [Listener at 127.0.0.1/13776] INFO  server.GrpcService (GrpcService.java:closeImpl(183)) - omNode-3: shutdown server with port 13780 now
2020-10-18 13:35:42,071 [Listener at 127.0.0.1/13776] INFO  server.GrpcService (GrpcService.java:closeImpl(191)) - omNode-3: shutdown server with port 13780 successfully
2020-10-18 13:35:42,071 [Listener at 127.0.0.1/13776] INFO  ratis.OzoneManagerDoubleBuffer (OzoneManagerDoubleBuffer.java:stop(458)) - Stopping OMDoubleBuffer flush thread
2020-10-18 13:35:42,072 [OMDoubleBufferFlushThread] INFO  ratis.OzoneManagerDoubleBuffer (OzoneManagerDoubleBuffer.java:flushTransactions(357)) - OMDoubleBuffer flush thread OMDoubleBufferFlushThread is interrupted and will exit. OMDoubleBufferFlushThread
2020-10-18 13:35:42,072 [Listener at 127.0.0.1/13776] INFO  ratis.OzoneManagerStateMachine (HadoopExecutors.java:shutdown(118)) - Gracefully shutting down executor service. Waiting max 5 SECONDS
2020-10-18 13:35:42,072 [Listener at 127.0.0.1/13776] INFO  ratis.OzoneManagerStateMachine (HadoopExecutors.java:shutdown(129)) - Succesfully shutdown executor service
2020-10-18 13:35:42,072 [Listener at 127.0.0.1/13776] INFO  ratis.OzoneManagerStateMachine (HadoopExecutors.java:shutdown(118)) - Gracefully shutting down executor service. Waiting max 5 SECONDS
2020-10-18 13:35:42,072 [Listener at 127.0.0.1/13776] INFO  ratis.OzoneManagerStateMachine (HadoopExecutors.java:shutdown(129)) - Succesfully shutdown executor service
2020-10-18 13:35:42,072 [Listener at 127.0.0.1/13776] INFO  utils.BackgroundService (BackgroundService.java:shutdown(132)) - Shutting down service KeyDeletingService
2020-10-18 13:35:42,075 [Listener at 127.0.0.1/13776] INFO  handler.ContextHandler (ContextHandler.java:doStop(1016)) - Stopped o.e.j.w.WebAppContext@46e35433{ozoneManager,/,null,UNAVAILABLE}{file:/github/workspace/mnt/ozone/hadoop-ozone/integration-test/target/test-classes/webapps/ozoneManager}
2020-10-18 13:35:42,078 [Listener at 127.0.0.1/13776] INFO  server.AbstractConnector (AbstractConnector.java:doStop(380)) - Stopped ServerConnector@5985a87a{HTTP/1.1,[http/1.1]}{0.0.0.0:13778}
2020-10-18 13:35:42,079 [Listener at 127.0.0.1/13776] INFO  server.session (HouseKeeper.java:stopScavenging(158)) - node0 Stopped scavenging
2020-10-18 13:35:42,079 [Listener at 127.0.0.1/13776] INFO  handler.ContextHandler (ContextHandler.java:doStop(1016)) - Stopped o.e.j.s.ServletContextHandler@49a677d6{static,/static,file:///github/workspace/mnt/ozone/hadoop-ozone/integration-test/target/test-classes/webapps/static,UNAVAILABLE}
2020-10-18 13:35:42,079 [Listener at 127.0.0.1/13776] INFO  handler.ContextHandler (ContextHandler.java:doStop(1016)) - Stopped o.e.j.s.ServletContextHandler@48a4331b{logs,/logs,file:///github/workspace/mnt/ozone/hadoop-ozone/integration-test/target/log,UNAVAILABLE}
2020-10-18 13:35:42,082 [Listener at 127.0.0.1/13776] INFO  ozone.MiniOzoneHAClusterImpl (MiniOzoneHAClusterImpl.java:stop(230)) - Stopping the OzoneManager omNode-1
2020-10-18 13:35:42,082 [Listener at 127.0.0.1/13776] INFO  ipc.Server (Server.java:stop(3359)) - Stopping server on 13764
2020-10-18 13:35:42,089 [IPC Server listener on 13764] INFO  ipc.Server (Server.java:run(1330)) - Stopping IPC Server listener on 13764
2020-10-18 13:35:42,090 [IPC Server Responder] INFO  ipc.Server (Server.java:run(1465)) - Stopping IPC Server Responder
2020-10-18 13:35:42,090 [Listener at 127.0.0.1/13776] INFO  impl.RaftServerProxy (RaftServerProxy.java:lambda$close$4(322)) - omNode-1: close
2020-10-18 13:35:42,091 [Listener at 127.0.0.1/13776] INFO  impl.RaftServerImpl (RaftServerImpl.java:lambda$shutdown$3(321)) - omNode-1@group-523986131536: shutdown
2020-10-18 13:35:42,091 [Listener at 127.0.0.1/13776] INFO  util.JmxRegister (JmxRegister.java:unregister(73)) - Successfully un-registered JMX Bean with object name Ratis:service=RaftServer,group=group-523986131536,id=omNode-1
2020-10-18 13:35:42,091 [Listener at 127.0.0.1/13776] INFO  impl.RoleInfo (RoleInfo.java:shutdownFollowerState(121)) - omNode-1: shutdown FollowerState
2020-10-18 13:35:42,091 [Listener at 127.0.0.1/13776] INFO  impl.StateMachineUpdater (StateMachineUpdater.java:stopAndJoin(142)) - omNode-1@group-523986131536-StateMachineUpdater: set stopIndex = 3
2020-10-18 13:35:42,091 [omNode-1@group-523986131536-StateMachineUpdater] INFO  ratis.OzoneManagerStateMachine (OzoneManagerStateMachine.java:takeSnapshot(345)) - Current Snapshot Index (t:2, i:3)
2020-10-18 13:35:42,091 [omNode-1@group-523986131536-StateMachineUpdater] INFO  impl.StateMachineUpdater (StateMachineUpdater.java:takeSnapshot(277)) - omNode-1@group-523986131536-StateMachineUpdater: Took a snapshot at index 3
2020-10-18 13:35:42,091 [omNode-1@group-523986131536-StateMachineUpdater] INFO  impl.StateMachineUpdater (StateMachineUpdater.java:lambda$new$0(87)) - omNode-1@group-523986131536-StateMachineUpdater: snapshotIndex: updateIncreasingly -1 -> 3
2020-10-18 13:35:42,091 [omNode-1@group-523986131536-StateMachineUpdater] INFO  metrics.RatisMetrics (RatisMetrics.java:unregister(43)) - Unregistering Metrics Registry : ratis.state_machine.omNode-1@group-523986131536
2020-10-18 13:35:42,092 [Listener at 127.0.0.1/13776] INFO  impl.RaftServerImpl (ServerState.java:close(405)) - omNode-1@group-523986131536: closes. applyIndex: 3
2020-10-18 13:35:42,091 [Thread-257] INFO  impl.FollowerState (FollowerState.java:run(117)) - omNode-1@group-523986131536-FollowerState was interrupted: java.lang.InterruptedException: sleep interrupted
2020-10-18 13:35:42,092 [omNode-1@group-523986131536-SegmentedRaftLogWorker] INFO  segmented.SegmentedRaftLogWorker (SegmentedRaftLogWorker.java:run(327)) - omNode-1@group-523986131536-SegmentedRaftLogWorker was interrupted, exiting. There are 0 tasks remaining in the queue.
2020-10-18 13:35:42,093 [Listener at 127.0.0.1/13776] INFO  segmented.SegmentedRaftLogWorker (SegmentedRaftLogWorker.java:close(234)) - omNode-1@group-523986131536-SegmentedRaftLogWorker close()
2020-10-18 13:35:42,094 [Listener at 127.0.0.1/13776] INFO  metrics.RatisMetrics (RatisMetrics.java:unregister(43)) - Unregistering Metrics Registry : ratis.log_worker.omNode-1@group-523986131536
2020-10-18 13:35:42,094 [Listener at 127.0.0.1/13776] INFO  metrics.RatisMetrics (RatisMetrics.java:unregister(43)) - Unregistering Metrics Registry : ratis.leader_election.omNode-1@group-523986131536
2020-10-18 13:35:42,095 [Listener at 127.0.0.1/13776] INFO  metrics.RatisMetrics (RatisMetrics.java:unregister(43)) - Unregistering Metrics Registry : ratis.server.omNode-1@group-523986131536
2020-10-18 13:35:42,095 [Listener at 127.0.0.1/13776] INFO  server.GrpcService (GrpcService.java:closeImpl(183)) - omNode-1: shutdown server with port 13768 now
2020-10-18 13:35:42,099 [Listener at 127.0.0.1/13776] INFO  server.GrpcService (GrpcService.java:closeImpl(191)) - omNode-1: shutdown server with port 13768 successfully
2020-10-18 13:35:42,099 [Listener at 127.0.0.1/13776] INFO  ratis.OzoneManagerDoubleBuffer (OzoneManagerDoubleBuffer.java:stop(458)) - Stopping OMDoubleBuffer flush thread
2020-10-18 13:35:42,099 [OMDoubleBufferFlushThread] INFO  ratis.OzoneManagerDoubleBuffer (OzoneManagerDoubleBuffer.java:flushTransactions(357)) - OMDoubleBuffer flush thread OMDoubleBufferFlushThread is interrupted and will exit. OMDoubleBufferFlushThread
2020-10-18 13:35:42,099 [Listener at 127.0.0.1/13776] INFO  ratis.OzoneManagerStateMachine (HadoopExecutors.java:shutdown(118)) - Gracefully shutting down executor service. Waiting max 5 SECONDS
2020-10-18 13:35:42,099 [Listener at 127.0.0.1/13776] INFO  ratis.OzoneManagerStateMachine (HadoopExecutors.java:shutdown(129)) - Succesfully shutdown executor service
2020-10-18 13:35:42,100 [Listener at 127.0.0.1/13776] INFO  ratis.OzoneManagerStateMachine (HadoopExecutors.java:shutdown(118)) - Gracefully shutting down executor service. Waiting max 5 SECONDS
2020-10-18 13:35:42,100 [Listener at 127.0.0.1/13776] INFO  ratis.OzoneManagerStateMachine (HadoopExecutors.java:shutdown(129)) - Succesfully shutdown executor service
2020-10-18 13:35:42,100 [Listener at 127.0.0.1/13776] INFO  utils.BackgroundService (BackgroundService.java:shutdown(132)) - Shutting down service KeyDeletingService
2020-10-18 13:35:42,101 [Listener at 127.0.0.1/13776] INFO  handler.ContextHandler (ContextHandler.java:doStop(1016)) - Stopped o.e.j.w.WebAppContext@2ebad2ee{ozoneManager,/,null,UNAVAILABLE}{file:/github/workspace/mnt/ozone/hadoop-ozone/integration-test/target/test-classes/webapps/ozoneManager}
2020-10-18 13:35:42,101 [Listener at 127.0.0.1/13776] INFO  server.AbstractConnector (AbstractConnector.java:doStop(380)) - Stopped ServerConnector@72716847{HTTP/1.1,[http/1.1]}{0.0.0.0:13766}
2020-10-18 13:35:42,101 [Listener at 127.0.0.1/13776] INFO  server.session (HouseKeeper.java:stopScavenging(158)) - node0 Stopped scavenging
2020-10-18 13:35:42,102 [Listener at 127.0.0.1/13776] INFO  handler.ContextHandler (ContextHandler.java:doStop(1016)) - Stopped o.e.j.s.ServletContextHandler@37f3ac02{static,/static,file:///github/workspace/mnt/ozone/hadoop-ozone/integration-test/target/test-classes/webapps/static,UNAVAILABLE}
2020-10-18 13:35:42,102 [Listener at 127.0.0.1/13776] INFO  handler.ContextHandler (ContextHandler.java:doStop(1016)) - Stopped o.e.j.s.ServletContextHandler@1bda627c{logs,/logs,file:///github/workspace/mnt/ozone/hadoop-ozone/integration-test/target/log,UNAVAILABLE}
2020-10-18 13:35:42,104 [Listener at 127.0.0.1/13776] INFO  ozone.MiniOzoneHAClusterImpl (MiniOzoneHAClusterImpl.java:stop(230)) - Stopping the OzoneManager omNode-2
2020-10-18 13:35:42,105 [Listener at 127.0.0.1/13776] INFO  ipc.Server (Server.java:stop(3359)) - Stopping server on 13770
2020-10-18 13:35:42,109 [IPC Server listener on 13770] INFO  ipc.Server (Server.java:run(1330)) - Stopping IPC Server listener on 13770
2020-10-18 13:35:42,111 [IPC Server Responder] INFO  ipc.Server (Server.java:run(1465)) - Stopping IPC Server Responder
2020-10-18 13:35:42,111 [Listener at 127.0.0.1/13776] INFO  impl.RaftServerProxy (RaftServerProxy.java:lambda$close$4(322)) - omNode-2: close
2020-10-18 13:35:42,112 [Listener at 127.0.0.1/13776] INFO  impl.RaftServerImpl (RaftServerImpl.java:lambda$shutdown$3(321)) - omNode-2@group-523986131536: shutdown
2020-10-18 13:35:42,112 [Listener at 127.0.0.1/13776] INFO  util.JmxRegister (JmxRegister.java:unregister(73)) - Successfully un-registered JMX Bean with object name Ratis:service=RaftServer,group=group-523986131536,id=omNode-2
2020-10-18 13:35:42,112 [Listener at 127.0.0.1/13776] INFO  impl.RoleInfo (RoleInfo.java:shutdownFollowerState(121)) - omNode-2: shutdown FollowerState
2020-10-18 13:35:42,112 [Listener at 127.0.0.1/13776] INFO  impl.StateMachineUpdater (StateMachineUpdater.java:stopAndJoin(142)) - omNode-2@group-523986131536-StateMachineUpdater: set stopIndex = 3
2020-10-18 13:35:42,112 [omNode-2@group-523986131536-StateMachineUpdater] INFO  ratis.OzoneManagerStateMachine (OzoneManagerStateMachine.java:takeSnapshot(345)) - Current Snapshot Index (t:2, i:3)
2020-10-18 13:35:42,112 [omNode-2@group-523986131536-StateMachineUpdater] INFO  impl.StateMachineUpdater (StateMachineUpdater.java:takeSnapshot(277)) - omNode-2@group-523986131536-StateMachineUpdater: Took a snapshot at index 3
2020-10-18 13:35:42,112 [omNode-2@group-523986131536-StateMachineUpdater] INFO  impl.StateMachineUpdater (StateMachineUpdater.java:lambda$new$0(87)) - omNode-2@group-523986131536-StateMachineUpdater: snapshotIndex: updateIncreasingly -1 -> 3
2020-10-18 13:35:42,112 [omNode-2@group-523986131536-StateMachineUpdater] INFO  metrics.RatisMetrics (RatisMetrics.java:unregister(43)) - Unregistering Metrics Registry : ratis.state_machine.omNode-2@group-523986131536
2020-10-18 13:35:42,113 [Listener at 127.0.0.1/13776] INFO  impl.RaftServerImpl (ServerState.java:close(405)) - omNode-2@group-523986131536: closes. applyIndex: 3
2020-10-18 13:35:42,112 [Thread-258] INFO  impl.FollowerState (FollowerState.java:run(117)) - omNode-2@group-523986131536-FollowerState was interrupted: java.lang.InterruptedException: sleep interrupted
2020-10-18 13:35:42,113 [omNode-2@group-523986131536-SegmentedRaftLogWorker] INFO  segmented.SegmentedRaftLogWorker (SegmentedRaftLogWorker.java:run(327)) - omNode-2@group-523986131536-SegmentedRaftLogWorker was interrupted, exiting. There are 0 tasks remaining in the queue.
2020-10-18 13:35:42,114 [Listener at 127.0.0.1/13776] INFO  segmented.SegmentedRaftLogWorker (SegmentedRaftLogWorker.java:close(234)) - omNode-2@group-523986131536-SegmentedRaftLogWorker close()
2020-10-18 13:35:42,115 [Listener at 127.0.0.1/13776] INFO  metrics.RatisMetrics (RatisMetrics.java:unregister(43)) - Unregistering Metrics Registry : ratis.log_worker.omNode-2@group-523986131536
2020-10-18 13:35:42,115 [Listener at 127.0.0.1/13776] INFO  metrics.RatisMetrics (RatisMetrics.java:unregister(43)) - Unregistering Metrics Registry : ratis.leader_election.omNode-2@group-523986131536
2020-10-18 13:35:42,115 [Listener at 127.0.0.1/13776] INFO  metrics.RatisMetrics (RatisMetrics.java:unregister(43)) - Unregistering Metrics Registry : ratis.server.omNode-2@group-523986131536
2020-10-18 13:35:42,116 [Listener at 127.0.0.1/13776] INFO  server.GrpcService (GrpcService.java:closeImpl(183)) - omNode-2: shutdown server with port 13774 now
2020-10-18 13:35:42,119 [Listener at 127.0.0.1/13776] INFO  server.GrpcService (GrpcService.java:closeImpl(191)) - omNode-2: shutdown server with port 13774 successfully
2020-10-18 13:35:42,119 [Listener at 127.0.0.1/13776] INFO  ratis.OzoneManagerDoubleBuffer (OzoneManagerDoubleBuffer.java:stop(458)) - Stopping OMDoubleBuffer flush thread
2020-10-18 13:35:42,119 [OMDoubleBufferFlushThread] INFO  ratis.OzoneManagerDoubleBuffer (OzoneManagerDoubleBuffer.java:flushTransactions(357)) - OMDoubleBuffer flush thread OMDoubleBufferFlushThread is interrupted and will exit. OMDoubleBufferFlushThread
2020-10-18 13:35:42,120 [Listener at 127.0.0.1/13776] INFO  ratis.OzoneManagerStateMachine (HadoopExecutors.java:shutdown(118)) - Gracefully shutting down executor service. Waiting max 5 SECONDS
2020-10-18 13:35:42,120 [Listener at 127.0.0.1/13776] INFO  ratis.OzoneManagerStateMachine (HadoopExecutors.java:shutdown(129)) - Succesfully shutdown executor service
2020-10-18 13:35:42,120 [Listener at 127.0.0.1/13776] INFO  ratis.OzoneManagerStateMachine (HadoopExecutors.java:shutdown(118)) - Gracefully shutting down executor service. Waiting max 5 SECONDS
2020-10-18 13:35:42,120 [Listener at 127.0.0.1/13776] INFO  ratis.OzoneManagerStateMachine (HadoopExecutors.java:shutdown(129)) - Succesfully shutdown executor service
2020-10-18 13:35:42,120 [Listener at 127.0.0.1/13776] INFO  utils.BackgroundService (BackgroundService.java:shutdown(132)) - Shutting down service KeyDeletingService
2020-10-18 13:35:42,121 [Listener at 127.0.0.1/13776] INFO  handler.ContextHandler (ContextHandler.java:doStop(1016)) - Stopped o.e.j.w.WebAppContext@764654f9{ozoneManager,/,null,UNAVAILABLE}{file:/github/workspace/mnt/ozone/hadoop-ozone/integration-test/target/test-classes/webapps/ozoneManager}
2020-10-18 13:35:42,121 [Listener at 127.0.0.1/13776] INFO  server.AbstractConnector (AbstractConnector.java:doStop(380)) - Stopped ServerConnector@383aefd0{HTTP/1.1,[http/1.1]}{0.0.0.0:13772}
2020-10-18 13:35:42,121 [Listener at 127.0.0.1/13776] INFO  server.session (HouseKeeper.java:stopScavenging(158)) - node0 Stopped scavenging
2020-10-18 13:35:42,121 [Listener at 127.0.0.1/13776] INFO  handler.ContextHandler (ContextHandler.java:doStop(1016)) - Stopped o.e.j.s.ServletContextHandler@4947e8af{static,/static,file:///github/workspace/mnt/ozone/hadoop-ozone/integration-test/target/test-classes/webapps/static,UNAVAILABLE}
2020-10-18 13:35:42,122 [Listener at 127.0.0.1/13776] INFO  handler.ContextHandler (ContextHandler.java:doStop(1016)) - Stopped o.e.j.s.ServletContextHandler@6d20c3e5{logs,/logs,file:///github/workspace/mnt/ozone/hadoop-ozone/integration-test/target/log,UNAVAILABLE}
2020-10-18 13:35:42,128 [Listener at 127.0.0.1/13776] INFO  ozone.MiniOzoneClusterImpl (MiniOzoneClusterImpl.java:stop(402)) - Stopping the Mini Ozone Cluster
2020-10-18 13:35:42,128 [Listener at 127.0.0.1/13776] INFO  ozone.MiniOzoneClusterImpl (MiniOzoneClusterImpl.java:stopDatanodes(461)) - Stopping the HddsDatanodes
2020-10-18 13:35:42,646 [Datanode State Machine Thread - 0] INFO  statemachine.DatanodeStateMachine (DatanodeStateMachine.java:lambda$startDaemon$0(405)) - Ozone container server started.
2020-10-18 13:35:43,031 [Datanode State Machine Thread - 0] INFO  statemachine.DatanodeStateMachine (DatanodeStateMachine.java:lambda$startDaemon$0(405)) - Ozone container server started.
2020-10-18 13:35:43,637 [EventQueue-Delayed safe mode statusForReplicationManager] INFO  container.ReplicationManager (ReplicationManager.java:start(178)) - Starting Replication Monitor Thread.
2020-10-18 13:35:43,638 [ReplicationMonitor] INFO  container.ReplicationManager (ReplicationManager.java:run(242)) - Replication Monitor Thread took 1 milliseconds for processing 0 containers.
2020-10-18 13:35:47,130 [ForkJoinPool.commonPool-worker-1] INFO  ozoneimpl.OzoneContainer (OzoneContainer.java:stop(259)) - Attempting to stop container services.
2020-10-18 13:35:47,131 [ForkJoinPool.commonPool-worker-1] INFO  impl.RaftServerProxy (RaftServerProxy.java:lambda$close$4(322)) - 0974e8ca-0629-45cc-8985-802eb90273cd: close
2020-10-18 13:35:47,130 [Listener at 127.0.0.1/13776] INFO  ozoneimpl.OzoneContainer (OzoneContainer.java:stop(259)) - Attempting to stop container services.
2020-10-18 13:35:47,131 [Listener at 127.0.0.1/13776] INFO  impl.RaftServerProxy (RaftServerProxy.java:lambda$close$4(322)) - 4644c30d-38a1-4789-a0c6-a7c410b909c3: close
2020-10-18 13:35:47,131 [ForkJoinPool.commonPool-worker-1] INFO  impl.RaftServerImpl (RaftServerImpl.java:lambda$shutdown$3(321)) - 0974e8ca-0629-45cc-8985-802eb90273cd@group-B04798CD53FA: shutdown
2020-10-18 13:35:47,131 [Listener at 127.0.0.1/13776] INFO  impl.RaftServerImpl (RaftServerImpl.java:lambda$shutdown$3(321)) - 4644c30d-38a1-4789-a0c6-a7c410b909c3@group-45A6FE0EC2E4: shutdown
2020-10-18 13:35:47,132 [ForkJoinPool.commonPool-worker-1] INFO  util.JmxRegister (JmxRegister.java:unregister(73)) - Successfully un-registered JMX Bean with object name Ratis:service=RaftServer,group=group-B04798CD53FA,id=0974e8ca-0629-45cc-8985-802eb90273cd
2020-10-18 13:35:47,132 [ForkJoinPool.commonPool-worker-1] INFO  impl.RoleInfo (RoleInfo.java:shutdownLeaderState(104)) - 0974e8ca-0629-45cc-8985-802eb90273cd: shutdown LeaderState
2020-10-18 13:35:47,132 [ForkJoinPool.commonPool-worker-1] INFO  metrics.RatisMetrics (RatisMetrics.java:unregister(43)) - Unregistering Metrics Registry : ratis_grpc.log_appender.0974e8ca-0629-45cc-8985-802eb90273cd@group-B04798CD53FA
2020-10-18 13:35:47,132 [Listener at 127.0.0.1/13776] INFO  util.JmxRegister (JmxRegister.java:unregister(73)) - Successfully un-registered JMX Bean with object name Ratis:service=RaftServer,group=group-45A6FE0EC2E4,id=4644c30d-38a1-4789-a0c6-a7c410b909c3
2020-10-18 13:35:47,133 [Listener at 127.0.0.1/13776] INFO  impl.RoleInfo (RoleInfo.java:shutdownLeaderState(104)) - 4644c30d-38a1-4789-a0c6-a7c410b909c3: shutdown LeaderState
2020-10-18 13:35:47,132 [ForkJoinPool.commonPool-worker-1] INFO  metrics.RatisMetrics (RatisMetrics.java:unregister(43)) - Unregistering Metrics Registry : ratis_grpc.log_appender.0974e8ca-0629-45cc-8985-802eb90273cd@group-B04798CD53FA
2020-10-18 13:35:47,133 [Listener at 127.0.0.1/13776] INFO  impl.PendingRequests (PendingRequests.java:sendNotLeaderResponses(249)) - 4644c30d-38a1-4789-a0c6-a7c410b909c3@group-45A6FE0EC2E4-PendingRequests: sendNotLeaderResponses
2020-10-18 13:35:47,133 [org.apache.ratis.server.impl.LogAppender$AppenderDaemon$$Lambda$362/162099096@26057053] WARN  server.GrpcLogAppender (GrpcLogAppender.java:mayWait(168)) - 0974e8ca-0629-45cc-8985-802eb90273cd@group-B04798CD53FA->31f68af9-13bd-4b3d-9bf3-c7f108d7d050-GrpcLogAppender: Wait interrupted by java.lang.InterruptedException
2020-10-18 13:35:47,139 [Listener at 127.0.0.1/13776] INFO  metrics.RatisMetrics (RatisMetrics.java:unregister(43)) - Unregistering Metrics Registry : ratis.log_appender.4644c30d-38a1-4789-a0c6-a7c410b909c3@group-45A6FE0EC2E4
2020-10-18 13:35:47,139 [Listener at 127.0.0.1/13776] INFO  metrics.RatisMetrics (RatisMetrics.java:unregister(43)) - Unregistering Metrics Registry : ratis.server.4644c30d-38a1-4789-a0c6-a7c410b909c3@group-45A6FE0EC2E4
2020-10-18 13:35:47,140 [Listener at 127.0.0.1/13776] INFO  impl.StateMachineUpdater (StateMachineUpdater.java:stopAndJoin(142)) - 4644c30d-38a1-4789-a0c6-a7c410b909c3@group-45A6FE0EC2E4-StateMachineUpdater: set stopIndex = 0
2020-10-18 13:35:47,140 [grpc-default-executor-1] INFO  server.GrpcServerProtocolService (GrpcServerProtocolService.java:onCompleted(138)) - 31f68af9-13bd-4b3d-9bf3-c7f108d7d050: Completed APPEND_ENTRIES, lastRequest: 0974e8ca-0629-45cc-8985-802eb90273cd->31f68af9-13bd-4b3d-9bf3-c7f108d7d050#1-t1, previous=(t:0, i:0), leaderCommit=0, initializing? false, entries: size=1, first=(t:1, i:0), CONFIGURATIONENTRY
2020-10-18 13:35:47,141 [4644c30d-38a1-4789-a0c6-a7c410b909c3@group-45A6FE0EC2E4-StateMachineUpdater] INFO  ratis.ContainerStateMachine (ContainerStateMachine.java:takeSnapshot(293)) - group-45A6FE0EC2E4: Taking a snapshot at:(t:1, i:0) file /github/workspace/mnt/ozone/hadoop-ozone/integration-test/target/test-dir/MiniOzoneClusterImpl-d38fabef-ad13-445b-9ec0-8ae77b1cf310/datanode-1/data/ratis/01fe4fa9-36ca-4d2d-b87c-45a6fe0ec2e4/sm/snapshot.1_0
2020-10-18 13:35:47,139 [org.apache.ratis.server.impl.LogAppender$AppenderDaemon$$Lambda$362/162099096@26b60e01] WARN  server.GrpcLogAppender (GrpcLogAppender.java:mayWait(168)) - 0974e8ca-0629-45cc-8985-802eb90273cd@group-B04798CD53FA->4644c30d-38a1-4789-a0c6-a7c410b909c3-GrpcLogAppender: Wait interrupted by java.lang.InterruptedException
2020-10-18 13:35:47,133 [ForkJoinPool.commonPool-worker-1] INFO  impl.PendingRequests (PendingRequests.java:sendNotLeaderResponses(249)) - 0974e8ca-0629-45cc-8985-802eb90273cd@group-B04798CD53FA-PendingRequests: sendNotLeaderResponses
2020-10-18 13:35:47,149 [ForkJoinPool.commonPool-worker-1] INFO  metrics.RatisMetrics (RatisMetrics.java:unregister(43)) - Unregistering Metrics Registry : ratis.log_appender.0974e8ca-0629-45cc-8985-802eb90273cd@group-B04798CD53FA
2020-10-18 13:35:47,150 [ForkJoinPool.commonPool-worker-1] INFO  metrics.RatisMetrics (RatisMetrics.java:unregister(43)) - Unregistering Metrics Registry : ratis.server.0974e8ca-0629-45cc-8985-802eb90273cd@group-B04798CD53FA
2020-10-18 13:35:47,150 [grpc-default-executor-1] INFO  server.GrpcLogAppender (GrpcLogAppender.java:onCompleted(336)) - 0974e8ca-0629-45cc-8985-802eb90273cd@group-B04798CD53FA->31f68af9-13bd-4b3d-9bf3-c7f108d7d050-AppendLogResponseHandler: follower responses appendEntries COMPLETED
2020-10-18 13:35:47,150 [ForkJoinPool.commonPool-worker-1] INFO  impl.StateMachineUpdater (StateMachineUpdater.java:stopAndJoin(142)) - 0974e8ca-0629-45cc-8985-802eb90273cd@group-B04798CD53FA-StateMachineUpdater: set stopIndex = 0
2020-10-18 13:35:47,151 [0974e8ca-0629-45cc-8985-802eb90273cd@group-B04798CD53FA-StateMachineUpdater] INFO  ratis.ContainerStateMachine (ContainerStateMachine.java:takeSnapshot(293)) - group-B04798CD53FA: Taking a snapshot at:(t:1, i:0) file /github/workspace/mnt/ozone/hadoop-ozone/integration-test/target/test-dir/MiniOzoneClusterImpl-d38fabef-ad13-445b-9ec0-8ae77b1cf310/datanode-0/data/ratis/3ab59ea5-4c64-4c23-b19f-b04798cd53fa/sm/snapshot.1_0
2020-10-18 13:35:47,150 [grpc-default-executor-0] INFO  server.GrpcServerProtocolService (GrpcServerProtocolService.java:onCompleted(138)) - 4644c30d-38a1-4789-a0c6-a7c410b909c3: Completed APPEND_ENTRIES, lastRequest: 0974e8ca-0629-45cc-8985-802eb90273cd->4644c30d-38a1-4789-a0c6-a7c410b909c3#1-t1, previous=(t:0, i:0), leaderCommit=0, initializing? false, entries: size=1, first=(t:1, i:0), CONFIGURATIONENTRY
2020-10-18 13:35:47,150 [grpc-default-executor-1] INFO  impl.FollowerInfo (FollowerInfo.java:lambda$new$0(51)) - 0974e8ca-0629-45cc-8985-802eb90273cd@group-B04798CD53FA->31f68af9-13bd-4b3d-9bf3-c7f108d7d050: nextIndex: updateUnconditionally 1 -> 0
2020-10-18 13:35:47,160 [grpc-default-executor-1] INFO  server.GrpcLogAppender (GrpcLogAppender.java:onCompleted(336)) - 0974e8ca-0629-45cc-8985-802eb90273cd@group-B04798CD53FA->4644c30d-38a1-4789-a0c6-a7c410b909c3-AppendLogResponseHandler: follower responses appendEntries COMPLETED
2020-10-18 13:35:47,160 [grpc-default-executor-1] INFO  impl.FollowerInfo (FollowerInfo.java:lambda$new$0(51)) - 0974e8ca-0629-45cc-8985-802eb90273cd@group-B04798CD53FA->4644c30d-38a1-4789-a0c6-a7c410b909c3: nextIndex: updateUnconditionally 1 -> 0
2020-10-18 13:35:47,217 [0974e8ca-0629-45cc-8985-802eb90273cd@group-B04798CD53FA-StateMachineUpdater] INFO  ratis.ContainerStateMachine (ContainerStateMachine.java:takeSnapshot(304)) - group-B04798CD53FA: Finished taking a snapshot at:(t:1, i:0) file:/github/workspace/mnt/ozone/hadoop-ozone/integration-test/target/test-dir/MiniOzoneClusterImpl-d38fabef-ad13-445b-9ec0-8ae77b1cf310/datanode-0/data/ratis/3ab59ea5-4c64-4c23-b19f-b04798cd53fa/sm/snapshot.1_0 time:66
2020-10-18 13:35:47,218 [0974e8ca-0629-45cc-8985-802eb90273cd@group-B04798CD53FA-StateMachineUpdater] INFO  impl.StateMachineUpdater (StateMachineUpdater.java:takeSnapshot(277)) - 0974e8ca-0629-45cc-8985-802eb90273cd@group-B04798CD53FA-StateMachineUpdater: Took a snapshot at index 0
2020-10-18 13:35:47,218 [4644c30d-38a1-4789-a0c6-a7c410b909c3@group-45A6FE0EC2E4-StateMachineUpdater] INFO  ratis.ContainerStateMachine (ContainerStateMachine.java:takeSnapshot(304)) - group-45A6FE0EC2E4: Finished taking a snapshot at:(t:1, i:0) file:/github/workspace/mnt/ozone/hadoop-ozone/integration-test/target/test-dir/MiniOzoneClusterImpl-d38fabef-ad13-445b-9ec0-8ae77b1cf310/datanode-1/data/ratis/01fe4fa9-36ca-4d2d-b87c-45a6fe0ec2e4/sm/snapshot.1_0 time:78
2020-10-18 13:35:47,219 [0974e8ca-0629-45cc-8985-802eb90273cd@group-B04798CD53FA-StateMachineUpdater] INFO  impl.StateMachineUpdater (StateMachineUpdater.java:lambda$new$0(87)) - 0974e8ca-0629-45cc-8985-802eb90273cd@group-B04798CD53FA-StateMachineUpdater: snapshotIndex: updateIncreasingly -1 -> 0
2020-10-18 13:35:47,219 [4644c30d-38a1-4789-a0c6-a7c410b909c3@group-45A6FE0EC2E4-StateMachineUpdater] INFO  impl.StateMachineUpdater (StateMachineUpdater.java:takeSnapshot(277)) - 4644c30d-38a1-4789-a0c6-a7c410b909c3@group-45A6FE0EC2E4-StateMachineUpdater: Took a snapshot at index 0
2020-10-18 13:35:47,219 [4644c30d-38a1-4789-a0c6-a7c410b909c3@group-45A6FE0EC2E4-StateMachineUpdater] INFO  impl.StateMachineUpdater (StateMachineUpdater.java:lambda$new$0(87)) - 4644c30d-38a1-4789-a0c6-a7c410b909c3@group-45A6FE0EC2E4-StateMachineUpdater: snapshotIndex: updateIncreasingly -1 -> 0
2020-10-18 13:35:47,223 [4644c30d-38a1-4789-a0c6-a7c410b909c3@group-45A6FE0EC2E4-StateMachineUpdater] INFO  metrics.RatisMetrics (RatisMetrics.java:unregister(43)) - Unregistering Metrics Registry : ratis.state_machine.4644c30d-38a1-4789-a0c6-a7c410b909c3@group-45A6FE0EC2E4
2020-10-18 13:35:47,223 [Listener at 127.0.0.1/13776] INFO  impl.RaftServerImpl (ServerState.java:close(405)) - 4644c30d-38a1-4789-a0c6-a7c410b909c3@group-45A6FE0EC2E4: closes. applyIndex: 0
2020-10-18 13:35:47,224 [4644c30d-38a1-4789-a0c6-a7c410b909c3@group-45A6FE0EC2E4-SegmentedRaftLogWorker] INFO  segmented.SegmentedRaftLogWorker (SegmentedRaftLogWorker.java:run(327)) - 4644c30d-38a1-4789-a0c6-a7c410b909c3@group-45A6FE0EC2E4-SegmentedRaftLogWorker was interrupted, exiting. There are 0 tasks remaining in the queue.
2020-10-18 13:35:47,224 [0974e8ca-0629-45cc-8985-802eb90273cd@group-B04798CD53FA-StateMachineUpdater] INFO  metrics.RatisMetrics (RatisMetrics.java:unregister(43)) - Unregistering Metrics Registry : ratis.state_machine.0974e8ca-0629-45cc-8985-802eb90273cd@group-B04798CD53FA
2020-10-18 13:35:47,224 [Listener at 127.0.0.1/13776] INFO  segmented.SegmentedRaftLogWorker (SegmentedRaftLogWorker.java:close(234)) - 4644c30d-38a1-4789-a0c6-a7c410b909c3@group-45A6FE0EC2E4-SegmentedRaftLogWorker close()
2020-10-18 13:35:47,225 [Listener at 127.0.0.1/13776] INFO  metrics.RatisMetrics (RatisMetrics.java:unregister(43)) - Unregistering Metrics Registry : ratis.log_worker.4644c30d-38a1-4789-a0c6-a7c410b909c3@group-45A6FE0EC2E4
2020-10-18 13:35:47,226 [Listener at 127.0.0.1/13776] INFO  metrics.RatisMetrics (RatisMetrics.java:unregister(43)) - Unregistering Metrics Registry : ratis.leader_election.4644c30d-38a1-4789-a0c6-a7c410b909c3@group-45A6FE0EC2E4
2020-10-18 13:35:47,226 [Listener at 127.0.0.1/13776] INFO  metrics.RatisMetrics (RatisMetrics.java:unregister(43)) - Unregistering Metrics Registry : ratis.server.4644c30d-38a1-4789-a0c6-a7c410b909c3@group-45A6FE0EC2E4
2020-10-18 13:35:47,226 [ForkJoinPool.commonPool-worker-1] INFO  impl.RaftServerImpl (ServerState.java:close(405)) - 0974e8ca-0629-45cc-8985-802eb90273cd@group-B04798CD53FA: closes. applyIndex: 0
2020-10-18 13:35:47,226 [Listener at 127.0.0.1/13776] INFO  impl.RaftServerImpl (RaftServerImpl.java:lambda$shutdown$3(321)) - 4644c30d-38a1-4789-a0c6-a7c410b909c3@group-B04798CD53FA: shutdown
2020-10-18 13:35:47,226 [0974e8ca-0629-45cc-8985-802eb90273cd@group-B04798CD53FA-SegmentedRaftLogWorker] INFO  segmented.SegmentedRaftLogWorker (SegmentedRaftLogWorker.java:run(327)) - 0974e8ca-0629-45cc-8985-802eb90273cd@group-B04798CD53FA-SegmentedRaftLogWorker was interrupted, exiting. There are 0 tasks remaining in the queue.
2020-10-18 13:35:47,227 [ForkJoinPool.commonPool-worker-1] INFO  segmented.SegmentedRaftLogWorker (SegmentedRaftLogWorker.java:close(234)) - 0974e8ca-0629-45cc-8985-802eb90273cd@group-B04798CD53FA-SegmentedRaftLogWorker close()
2020-10-18 13:35:47,227 [Listener at 127.0.0.1/13776] INFO  util.JmxRegister (JmxRegister.java:unregister(73)) - Successfully un-registered JMX Bean with object name Ratis:service=RaftServer,group=group-B04798CD53FA,id=4644c30d-38a1-4789-a0c6-a7c410b909c3
2020-10-18 13:35:47,227 [Listener at 127.0.0.1/13776] INFO  impl.RoleInfo (RoleInfo.java:shutdownFollowerState(121)) - 4644c30d-38a1-4789-a0c6-a7c410b909c3: shutdown FollowerState
2020-10-18 13:35:47,228 [Listener at 127.0.0.1/13776] INFO  impl.StateMachineUpdater (StateMachineUpdater.java:stopAndJoin(142)) - 4644c30d-38a1-4789-a0c6-a7c410b909c3@group-B04798CD53FA-StateMachineUpdater: set stopIndex = 0
2020-10-18 13:35:47,228 [Thread-338] INFO  impl.FollowerState (FollowerState.java:run(117)) - 4644c30d-38a1-4789-a0c6-a7c410b909c3@group-B04798CD53FA-FollowerState was interrupted: java.lang.InterruptedException: sleep interrupted
2020-10-18 13:35:47,228 [4644c30d-38a1-4789-a0c6-a7c410b909c3@group-B04798CD53FA-StateMachineUpdater] INFO  ratis.ContainerStateMachine (ContainerStateMachine.java:takeSnapshot(293)) - group-B04798CD53FA: Taking a snapshot at:(t:1, i:0) file /github/workspace/mnt/ozone/hadoop-ozone/integration-test/target/test-dir/MiniOzoneClusterImpl-d38fabef-ad13-445b-9ec0-8ae77b1cf310/datanode-1/data/ratis/3ab59ea5-4c64-4c23-b19f-b04798cd53fa/sm/snapshot.1_0
2020-10-18 13:35:47,228 [ForkJoinPool.commonPool-worker-1] INFO  metrics.RatisMetrics (RatisMetrics.java:unregister(43)) - Unregistering Metrics Registry : ratis.log_worker.0974e8ca-0629-45cc-8985-802eb90273cd@group-B04798CD53FA
2020-10-18 13:35:47,228 [ForkJoinPool.commonPool-worker-1] INFO  metrics.RatisMetrics (RatisMetrics.java:unregister(43)) - Unregistering Metrics Registry : ratis.leader_election.0974e8ca-0629-45cc-8985-802eb90273cd@group-B04798CD53FA
2020-10-18 13:35:47,229 [ForkJoinPool.commonPool-worker-1] INFO  metrics.RatisMetrics (RatisMetrics.java:unregister(43)) - Unregistering Metrics Registry : ratis.server.0974e8ca-0629-45cc-8985-802eb90273cd@group-B04798CD53FA
2020-10-18 13:35:47,229 [ForkJoinPool.commonPool-worker-1] INFO  impl.RaftServerImpl (RaftServerImpl.java:lambda$shutdown$3(321)) - 0974e8ca-0629-45cc-8985-802eb90273cd@group-4DF6140527EE: shutdown
2020-10-18 13:35:47,229 [ForkJoinPool.commonPool-worker-1] INFO  util.JmxRegister (JmxRegister.java:unregister(73)) - Successfully un-registered JMX Bean with object name Ratis:service=RaftServer,group=group-4DF6140527EE,id=0974e8ca-0629-45cc-8985-802eb90273cd
2020-10-18 13:35:47,229 [4644c30d-38a1-4789-a0c6-a7c410b909c3@group-B04798CD53FA-StateMachineUpdater] INFO  ratis.ContainerStateMachine (ContainerStateMachine.java:takeSnapshot(304)) - group-B04798CD53FA: Finished taking a snapshot at:(t:1, i:0) file:/github/workspace/mnt/ozone/hadoop-ozone/integration-test/target/test-dir/MiniOzoneClusterImpl-d38fabef-ad13-445b-9ec0-8ae77b1cf310/datanode-1/data/ratis/3ab59ea5-4c64-4c23-b19f-b04798cd53fa/sm/snapshot.1_0 time:1
2020-10-18 13:35:47,229 [ForkJoinPool.commonPool-worker-1] INFO  impl.RoleInfo (RoleInfo.java:shutdownLeaderState(104)) - 0974e8ca-0629-45cc-8985-802eb90273cd: shutdown LeaderState
2020-10-18 13:35:47,229 [4644c30d-38a1-4789-a0c6-a7c410b909c3@group-B04798CD53FA-StateMachineUpdater] INFO  impl.StateMachineUpdater (StateMachineUpdater.java:takeSnapshot(277)) - 4644c30d-38a1-4789-a0c6-a7c410b909c3@group-B04798CD53FA-StateMachineUpdater: Took a snapshot at index 0
2020-10-18 13:35:47,229 [ForkJoinPool.commonPool-worker-1] INFO  impl.PendingRequests (PendingRequests.java:sendNotLeaderResponses(249)) - 0974e8ca-0629-45cc-8985-802eb90273cd@group-4DF6140527EE-PendingRequests: sendNotLeaderResponses
2020-10-18 13:35:47,229 [4644c30d-38a1-4789-a0c6-a7c410b909c3@group-B04798CD53FA-StateMachineUpdater] INFO  impl.StateMachineUpdater (StateMachineUpdater.java:lambda$new$0(87)) - 4644c30d-38a1-4789-a0c6-a7c410b909c3@group-B04798CD53FA-StateMachineUpdater: snapshotIndex: updateIncreasingly -1 -> 0
2020-10-18 13:35:47,229 [ForkJoinPool.commonPool-worker-1] INFO  metrics.RatisMetrics (RatisMetrics.java:unregister(43)) - Unregistering Metrics Registry : ratis.log_appender.0974e8ca-0629-45cc-8985-802eb90273cd@group-4DF6140527EE
2020-10-18 13:35:47,230 [4644c30d-38a1-4789-a0c6-a7c410b909c3@group-B04798CD53FA-StateMachineUpdater] INFO  metrics.RatisMetrics (RatisMetrics.java:unregister(43)) - Unregistering Metrics Registry : ratis.state_machine.4644c30d-38a1-4789-a0c6-a7c410b909c3@group-B04798CD53FA
2020-10-18 13:35:47,230 [ForkJoinPool.commonPool-worker-1] INFO  metrics.RatisMetrics (RatisMetrics.java:unregister(43)) - Unregistering Metrics Registry : ratis.server.0974e8ca-0629-45cc-8985-802eb90273cd@group-4DF6140527EE
2020-10-18 13:35:47,230 [Listener at 127.0.0.1/13776] INFO  impl.RaftServerImpl (ServerState.java:close(405)) - 4644c30d-38a1-4789-a0c6-a7c410b909c3@group-B04798CD53FA: closes. applyIndex: 0
2020-10-18 13:35:47,230 [ForkJoinPool.commonPool-worker-1] INFO  impl.StateMachineUpdater (StateMachineUpdater.java:stopAndJoin(142)) - 0974e8ca-0629-45cc-8985-802eb90273cd@group-4DF6140527EE-StateMachineUpdater: set stopIndex = 0
2020-10-18 13:35:47,230 [0974e8ca-0629-45cc-8985-802eb90273cd@group-4DF6140527EE-StateMachineUpdater] INFO  ratis.ContainerStateMachine (ContainerStateMachine.java:takeSnapshot(293)) - group-4DF6140527EE: Taking a snapshot at:(t:1, i:0) file /github/workspace/mnt/ozone/hadoop-ozone/integration-test/target/test-dir/MiniOzoneClusterImpl-d38fabef-ad13-445b-9ec0-8ae77b1cf310/datanode-0/data/ratis/dec89c11-9963-4ce7-bc5d-4df6140527ee/sm/snapshot.1_0
2020-10-18 13:35:47,231 [4644c30d-38a1-4789-a0c6-a7c410b909c3@group-B04798CD53FA-SegmentedRaftLogWorker] INFO  segmented.SegmentedRaftLogWorker (SegmentedRaftLogWorker.java:run(327)) - 4644c30d-38a1-4789-a0c6-a7c410b909c3@group-B04798CD53FA-SegmentedRaftLogWorker was interrupted, exiting. There are 0 tasks remaining in the queue.
2020-10-18 13:35:47,231 [0974e8ca-0629-45cc-8985-802eb90273cd@group-4DF6140527EE-StateMachineUpdater] INFO  ratis.ContainerStateMachine (ContainerStateMachine.java:takeSnapshot(304)) - group-4DF6140527EE: Finished taking a snapshot at:(t:1, i:0) file:/github/workspace/mnt/ozone/hadoop-ozone/integration-test/target/test-dir/MiniOzoneClusterImpl-d38fabef-ad13-445b-9ec0-8ae77b1cf310/datanode-0/data/ratis/dec89c11-9963-4ce7-bc5d-4df6140527ee/sm/snapshot.1_0 time:1
2020-10-18 13:35:47,231 [0974e8ca-0629-45cc-8985-802eb90273cd@group-4DF6140527EE-StateMachineUpdater] INFO  impl.StateMachineUpdater (StateMachineUpdater.java:takeSnapshot(277)) - 0974e8ca-0629-45cc-8985-802eb90273cd@group-4DF6140527EE-StateMachineUpdater: Took a snapshot at index 0
2020-10-18 13:35:47,231 [0974e8ca-0629-45cc-8985-802eb90273cd@group-4DF6140527EE-StateMachineUpdater] INFO  impl.StateMachineUpdater (StateMachineUpdater.java:lambda$new$0(87)) - 0974e8ca-0629-45cc-8985-802eb90273cd@group-4DF6140527EE-StateMachineUpdater: snapshotIndex: updateIncreasingly -1 -> 0
2020-10-18 13:35:47,232 [0974e8ca-0629-45cc-8985-802eb90273cd@group-4DF6140527EE-StateMachineUpdater] INFO  metrics.RatisMetrics (RatisMetrics.java:unregister(43)) - Unregistering Metrics Registry : ratis.state_machine.0974e8ca-0629-45cc-8985-802eb90273cd@group-4DF6140527EE
2020-10-18 13:35:47,232 [Listener at 127.0.0.1/13776] INFO  segmented.SegmentedRaftLogWorker (SegmentedRaftLogWorker.java:close(234)) - 4644c30d-38a1-4789-a0c6-a7c410b909c3@group-B04798CD53FA-SegmentedRaftLogWorker close()
2020-10-18 13:35:47,232 [ForkJoinPool.commonPool-worker-1] INFO  impl.RaftServerImpl (ServerState.java:close(405)) - 0974e8ca-0629-45cc-8985-802eb90273cd@group-4DF6140527EE: closes. applyIndex: 0
2020-10-18 13:35:47,233 [0974e8ca-0629-45cc-8985-802eb90273cd@group-4DF6140527EE-SegmentedRaftLogWorker] INFO  segmented.SegmentedRaftLogWorker (SegmentedRaftLogWorker.java:run(327)) - 0974e8ca-0629-45cc-8985-802eb90273cd@group-4DF6140527EE-SegmentedRaftLogWorker was interrupted, exiting. There are 0 tasks remaining in the queue.
2020-10-18 13:35:47,233 [Listener at 127.0.0.1/13776] INFO  metrics.RatisMetrics (RatisMetrics.java:unregister(43)) - Unregistering Metrics Registry : ratis.log_worker.4644c30d-38a1-4789-a0c6-a7c410b909c3@group-B04798CD53FA
2020-10-18 13:35:47,234 [ForkJoinPool.commonPool-worker-1] INFO  segmented.SegmentedRaftLogWorker (SegmentedRaftLogWorker.java:close(234)) - 0974e8ca-0629-45cc-8985-802eb90273cd@group-4DF6140527EE-SegmentedRaftLogWorker close()
2020-10-18 13:35:47,234 [Listener at 127.0.0.1/13776] INFO  metrics.RatisMetrics (RatisMetrics.java:unregister(43)) - Unregistering Metrics Registry : ratis.leader_election.4644c30d-38a1-4789-a0c6-a7c410b909c3@group-B04798CD53FA
2020-10-18 13:35:47,234 [ForkJoinPool.commonPool-worker-1] INFO  metrics.RatisMetrics (RatisMetrics.java:unregister(43)) - Unregistering Metrics Registry : ratis.log_worker.0974e8ca-0629-45cc-8985-802eb90273cd@group-4DF6140527EE
2020-10-18 13:35:47,235 [ForkJoinPool.commonPool-worker-1] INFO  metrics.RatisMetrics (RatisMetrics.java:unregister(43)) - Unregistering Metrics Registry : ratis.leader_election.0974e8ca-0629-45cc-8985-802eb90273cd@group-4DF6140527EE
2020-10-18 13:35:47,235 [ForkJoinPool.commonPool-worker-1] INFO  metrics.RatisMetrics (RatisMetrics.java:unregister(43)) - Unregistering Metrics Registry : ratis.server.0974e8ca-0629-45cc-8985-802eb90273cd@group-4DF6140527EE
2020-10-18 13:35:47,235 [ForkJoinPool.commonPool-worker-1] INFO  server.GrpcService (GrpcService.java:closeImpl(183)) - 0974e8ca-0629-45cc-8985-802eb90273cd: shutdown server with port 42719 now
2020-10-18 13:35:47,235 [Listener at 127.0.0.1/13776] INFO  metrics.RatisMetrics (RatisMetrics.java:unregister(43)) - Unregistering Metrics Registry : ratis.server.4644c30d-38a1-4789-a0c6-a7c410b909c3@group-B04798CD53FA
2020-10-18 13:35:47,236 [Listener at 127.0.0.1/13776] INFO  server.GrpcService (GrpcService.java:closeImpl(183)) - 4644c30d-38a1-4789-a0c6-a7c410b909c3: shutdown server with port 41007 now
2020-10-18 13:35:47,237 [Listener at 127.0.0.1/13776] INFO  server.GrpcService (GrpcService.java:closeImpl(191)) - 4644c30d-38a1-4789-a0c6-a7c410b909c3: shutdown server with port 41007 successfully
2020-10-18 13:35:47,239 [ForkJoinPool.commonPool-worker-1] INFO  server.GrpcService (GrpcService.java:closeImpl(191)) - 0974e8ca-0629-45cc-8985-802eb90273cd: shutdown server with port 42719 successfully
2020-10-18 13:35:47,241 [ForkJoinPool.commonPool-worker-1] INFO  utils.BackgroundService (BackgroundService.java:shutdown(132)) - Shutting down service BlockDeletingService
2020-10-18 13:35:47,241 [Listener at 127.0.0.1/13776] INFO  utils.BackgroundService (BackgroundService.java:shutdown(132)) - Shutting down service BlockDeletingService
2020-10-18 13:35:47,243 [Listener at 127.0.0.1/13776] INFO  statemachine.DatanodeStateMachine (DatanodeStateMachine.java:stopDaemon(453)) - Ozone container server stopped.
2020-10-18 13:35:47,247 [ForkJoinPool.commonPool-worker-1] INFO  statemachine.DatanodeStateMachine (DatanodeStateMachine.java:stopDaemon(453)) - Ozone container server stopped.
2020-10-18 13:35:47,257 [ForkJoinPool.commonPool-worker-1] INFO  handler.ContextHandler (ContextHandler.java:doStop(1016)) - Stopped o.e.j.w.WebAppContext@3897077e{hddsDatanode,/,null,UNAVAILABLE}{jar:file:/home/user/.m2/repository/org/apache/hadoop/hadoop-hdds-container-service/1.1.0-SNAPSHOT/hadoop-hdds-container-service-1.1.0-SNAPSHOT.jar!/webapps/hddsDatanode}
2020-10-18 13:35:47,258 [ForkJoinPool.commonPool-worker-1] INFO  server.AbstractConnector (AbstractConnector.java:doStop(380)) - Stopped ServerConnector@262ce060{HTTP/1.1,[http/1.1]}{0.0.0.0:0}
2020-10-18 13:35:47,258 [ForkJoinPool.commonPool-worker-1] INFO  server.session (HouseKeeper.java:stopScavenging(158)) - node0 Stopped scavenging
2020-10-18 13:35:47,259 [ForkJoinPool.commonPool-worker-1] INFO  handler.ContextHandler (ContextHandler.java:doStop(1016)) - Stopped o.e.j.s.ServletContextHandler@cfc6bb2{static,/static,jar:file:/home/user/.m2/repository/org/apache/hadoop/hadoop-hdds-container-service/1.1.0-SNAPSHOT/hadoop-hdds-container-service-1.1.0-SNAPSHOT.jar!/webapps/static,UNAVAILABLE}
2020-10-18 13:35:47,267 [Listener at 127.0.0.1/13776] INFO  handler.ContextHandler (ContextHandler.java:doStop(1016)) - Stopped o.e.j.w.WebAppContext@cb5fd92{hddsDatanode,/,null,UNAVAILABLE}{jar:file:/home/user/.m2/repository/org/apache/hadoop/hadoop-hdds-container-service/1.1.0-SNAPSHOT/hadoop-hdds-container-service-1.1.0-SNAPSHOT.jar!/webapps/hddsDatanode}
2020-10-18 13:35:47,267 [ForkJoinPool.commonPool-worker-1] INFO  handler.ContextHandler (ContextHandler.java:doStop(1016)) - Stopped o.e.j.s.ServletContextHandler@15ba06f4{logs,/logs,file:///github/workspace/mnt/ozone/hadoop-ozone/integration-test/target/log,UNAVAILABLE}
2020-10-18 13:35:47,268 [Listener at 127.0.0.1/13776] INFO  server.AbstractConnector (AbstractConnector.java:doStop(380)) - Stopped ServerConnector@4aa5a262{HTTP/1.1,[http/1.1]}{0.0.0.0:0}
2020-10-18 13:35:47,269 [Listener at 127.0.0.1/13776] INFO  server.session (HouseKeeper.java:stopScavenging(158)) - node0 Stopped scavenging
2020-10-18 13:35:47,269 [Listener at 127.0.0.1/13776] INFO  handler.ContextHandler (ContextHandler.java:doStop(1016)) - Stopped o.e.j.s.ServletContextHandler@e63286b{static,/static,jar:file:/home/user/.m2/repository/org/apache/hadoop/hadoop-hdds-container-service/1.1.0-SNAPSHOT/hadoop-hdds-container-service-1.1.0-SNAPSHOT.jar!/webapps/static,UNAVAILABLE}
2020-10-18 13:35:47,269 [Listener at 127.0.0.1/13776] INFO  handler.ContextHandler (ContextHandler.java:doStop(1016)) - Stopped o.e.j.s.ServletContextHandler@85aa67b{logs,/logs,file:///github/workspace/mnt/ozone/hadoop-ozone/integration-test/target/log,UNAVAILABLE}
2020-10-18 13:35:47,528 [Datanode State Machine Thread - 0] INFO  statemachine.DatanodeStateMachine (DatanodeStateMachine.java:lambda$startDaemon$0(405)) - Ozone container server started.
2020-10-18 13:35:50,715 [Thread-339] INFO  impl.FollowerState (FollowerState.java:run(108)) - 31f68af9-13bd-4b3d-9bf3-c7f108d7d050@group-B04798CD53FA-FollowerState: change to CANDIDATE, lastRpcTime:5055ms, electionTimeout:5010ms
2020-10-18 13:35:50,715 [Thread-339] INFO  impl.RoleInfo (RoleInfo.java:shutdownFollowerState(121)) - 31f68af9-13bd-4b3d-9bf3-c7f108d7d050: shutdown FollowerState
2020-10-18 13:35:50,715 [Thread-339] INFO  impl.RaftServerImpl (RaftServerImpl.java:setRole(198)) - 31f68af9-13bd-4b3d-9bf3-c7f108d7d050@group-B04798CD53FA: changes role from  FOLLOWER to CANDIDATE at term 1 for changeToCandidate
2020-10-18 13:35:50,715 [Thread-339] INFO  impl.RoleInfo (RoleInfo.java:updateAndGet(143)) - 31f68af9-13bd-4b3d-9bf3-c7f108d7d050: start LeaderElection
2020-10-18 13:35:50,716 [31f68af9-13bd-4b3d-9bf3-c7f108d7d050@group-B04798CD53FA-LeaderElection9] INFO  impl.RaftServerImpl (ServerState.java:setLeader(256)) - 31f68af9-13bd-4b3d-9bf3-c7f108d7d050@group-B04798CD53FA: change Leader from 0974e8ca-0629-45cc-8985-802eb90273cd to null at term 1 for initElection
2020-10-18 13:35:50,718 [31f68af9-13bd-4b3d-9bf3-c7f108d7d050@group-B04798CD53FA-LeaderElection9] INFO  impl.LeaderElection (LeaderElection.java:askForVotes(210)) - 31f68af9-13bd-4b3d-9bf3-c7f108d7d050@group-B04798CD53FA-LeaderElection9: begin an election at term 2 for 0: [4644c30d-38a1-4789-a0c6-a7c410b909c3:172.17.0.2:41007:0, 31f68af9-13bd-4b3d-9bf3-c7f108d7d050:172.17.0.2:43229:0, 0974e8ca-0629-45cc-8985-802eb90273cd:172.17.0.2:42719:0], old=null
2020-10-18 13:35:50,742 [31f68af9-13bd-4b3d-9bf3-c7f108d7d050@group-B04798CD53FA-LeaderElection9] INFO  impl.LeaderElection (LogUtils.java:infoOrTrace(137)) - 31f68af9-13bd-4b3d-9bf3-c7f108d7d050@group-B04798CD53FA-LeaderElection9 got exception when requesting votes: java.util.concurrent.ExecutionException: org.apache.ratis.thirdparty.io.grpc.StatusRuntimeException: UNAVAILABLE: io exception
2020-10-18 13:35:50,745 [31f68af9-13bd-4b3d-9bf3-c7f108d7d050@group-B04798CD53FA-LeaderElection9] INFO  impl.LeaderElection (LogUtils.java:infoOrTrace(137)) - 31f68af9-13bd-4b3d-9bf3-c7f108d7d050@group-B04798CD53FA-LeaderElection9 got exception when requesting votes: java.util.concurrent.ExecutionException: org.apache.ratis.thirdparty.io.grpc.StatusRuntimeException: UNAVAILABLE: io exception
2020-10-18 13:35:50,745 [31f68af9-13bd-4b3d-9bf3-c7f108d7d050@group-B04798CD53FA-LeaderElection9] INFO  impl.LeaderElection (LeaderElection.java:logAndReturn(62)) - 31f68af9-13bd-4b3d-9bf3-c7f108d7d050@group-B04798CD53FA-LeaderElection9: Election REJECTED; received 0 response(s) [] and 2 exception(s); 31f68af9-13bd-4b3d-9bf3-c7f108d7d050@group-B04798CD53FA:t2, leader=null, voted=31f68af9-13bd-4b3d-9bf3-c7f108d7d050, raftlog=31f68af9-13bd-4b3d-9bf3-c7f108d7d050@group-B04798CD53FA-SegmentedRaftLog:OPENED:c0,f0,i0, conf=0: [4644c30d-38a1-4789-a0c6-a7c410b909c3:172.17.0.2:41007:0, 31f68af9-13bd-4b3d-9bf3-c7f108d7d050:172.17.0.2:43229:0, 0974e8ca-0629-45cc-8985-802eb90273cd:172.17.0.2:42719:0], old=null
2020-10-18 13:35:50,745 [31f68af9-13bd-4b3d-9bf3-c7f108d7d050@group-B04798CD53FA-LeaderElection9] INFO  impl.LeaderElection (LogUtils.java:infoOrTrace(137)) -   Exception 0: java.util.concurrent.ExecutionException: org.apache.ratis.thirdparty.io.grpc.StatusRuntimeException: UNAVAILABLE: io exception
2020-10-18 13:35:50,745 [31f68af9-13bd-4b3d-9bf3-c7f108d7d050@group-B04798CD53FA-LeaderElection9] INFO  impl.LeaderElection (LogUtils.java:infoOrTrace(137)) -   Exception 1: java.util.concurrent.ExecutionException: org.apache.ratis.thirdparty.io.grpc.StatusRuntimeException: UNAVAILABLE: io exception
2020-10-18 13:35:50,746 [31f68af9-13bd-4b3d-9bf3-c7f108d7d050@group-B04798CD53FA-LeaderElection9] INFO  impl.RaftServerImpl (RaftServerImpl.java:setRole(198)) - 31f68af9-13bd-4b3d-9bf3-c7f108d7d050@group-B04798CD53FA: changes role from CANDIDATE to FOLLOWER at term 2 for DISCOVERED_A_NEW_TERM
2020-10-18 13:35:50,746 [31f68af9-13bd-4b3d-9bf3-c7f108d7d050@group-B04798CD53FA-LeaderElection9] INFO  impl.RoleInfo (RoleInfo.java:shutdownLeaderElection(134)) - 31f68af9-13bd-4b3d-9bf3-c7f108d7d050: shutdown LeaderElection
2020-10-18 13:35:50,746 [31f68af9-13bd-4b3d-9bf3-c7f108d7d050@group-B04798CD53FA-LeaderElection9] INFO  impl.RoleInfo (RoleInfo.java:updateAndGet(143)) - 31f68af9-13bd-4b3d-9bf3-c7f108d7d050: start FollowerState
2020-10-18 13:35:52,270 [ForkJoinPool.commonPool-worker-1] INFO  ozoneimpl.OzoneContainer (OzoneContainer.java:stop(259)) - Attempting to stop container services.
2020-10-18 13:35:52,271 [ForkJoinPool.commonPool-worker-1] INFO  impl.RaftServerProxy (RaftServerProxy.java:lambda$close$4(322)) - 31f68af9-13bd-4b3d-9bf3-c7f108d7d050: close
2020-10-18 13:35:52,271 [ForkJoinPool.commonPool-worker-1] INFO  impl.RaftServerImpl (RaftServerImpl.java:lambda$shutdown$3(321)) - 31f68af9-13bd-4b3d-9bf3-c7f108d7d050@group-B04798CD53FA: shutdown
2020-10-18 13:35:52,272 [ForkJoinPool.commonPool-worker-1] INFO  util.JmxRegister (JmxRegister.java:unregister(73)) - Successfully un-registered JMX Bean with object name Ratis:service=RaftServer,group=group-B04798CD53FA,id=31f68af9-13bd-4b3d-9bf3-c7f108d7d050
2020-10-18 13:35:52,272 [ForkJoinPool.commonPool-worker-1] INFO  impl.RoleInfo (RoleInfo.java:shutdownFollowerState(121)) - 31f68af9-13bd-4b3d-9bf3-c7f108d7d050: shutdown FollowerState
2020-10-18 13:35:52,272 [ForkJoinPool.commonPool-worker-1] INFO  impl.StateMachineUpdater (StateMachineUpdater.java:stopAndJoin(142)) - 31f68af9-13bd-4b3d-9bf3-c7f108d7d050@group-B04798CD53FA-StateMachineUpdater: set stopIndex = 0
2020-10-18 13:35:52,272 [31f68af9-13bd-4b3d-9bf3-c7f108d7d050@group-B04798CD53FA-StateMachineUpdater] INFO  ratis.ContainerStateMachine (ContainerStateMachine.java:takeSnapshot(293)) - group-B04798CD53FA: Taking a snapshot at:(t:1, i:0) file /github/workspace/mnt/ozone/hadoop-ozone/integration-test/target/test-dir/MiniOzoneClusterImpl-d38fabef-ad13-445b-9ec0-8ae77b1cf310/datanode-2/data/ratis/3ab59ea5-4c64-4c23-b19f-b04798cd53fa/sm/snapshot.1_0
2020-10-18 13:35:52,272 [Thread-382] INFO  impl.FollowerState (FollowerState.java:run(117)) - 31f68af9-13bd-4b3d-9bf3-c7f108d7d050@group-B04798CD53FA-FollowerState was interrupted: java.lang.InterruptedException: sleep interrupted
2020-10-18 13:35:52,273 [31f68af9-13bd-4b3d-9bf3-c7f108d7d050@group-B04798CD53FA-StateMachineUpdater] INFO  ratis.ContainerStateMachine (ContainerStateMachine.java:takeSnapshot(304)) - group-B04798CD53FA: Finished taking a snapshot at:(t:1, i:0) file:/github/workspace/mnt/ozone/hadoop-ozone/integration-test/target/test-dir/MiniOzoneClusterImpl-d38fabef-ad13-445b-9ec0-8ae77b1cf310/datanode-2/data/ratis/3ab59ea5-4c64-4c23-b19f-b04798cd53fa/sm/snapshot.1_0 time:1
2020-10-18 13:35:52,274 [31f68af9-13bd-4b3d-9bf3-c7f108d7d050@group-B04798CD53FA-StateMachineUpdater] INFO  impl.StateMachineUpdater (StateMachineUpdater.java:takeSnapshot(277)) - 31f68af9-13bd-4b3d-9bf3-c7f108d7d050@group-B04798CD53FA-StateMachineUpdater: Took a snapshot at index 0
2020-10-18 13:35:52,274 [31f68af9-13bd-4b3d-9bf3-c7f108d7d050@group-B04798CD53FA-StateMachineUpdater] INFO  impl.StateMachineUpdater (StateMachineUpdater.java:lambda$new$0(87)) - 31f68af9-13bd-4b3d-9bf3-c7f108d7d050@group-B04798CD53FA-StateMachineUpdater: snapshotIndex: updateIncreasingly -1 -> 0
2020-10-18 13:35:52,274 [31f68af9-13bd-4b3d-9bf3-c7f108d7d050@group-B04798CD53FA-StateMachineUpdater] INFO  metrics.RatisMetrics (RatisMetrics.java:unregister(43)) - Unregistering Metrics Registry : ratis.state_machine.31f68af9-13bd-4b3d-9bf3-c7f108d7d050@group-B04798CD53FA
2020-10-18 13:35:52,274 [ForkJoinPool.commonPool-worker-1] INFO  impl.RaftServerImpl (ServerState.java:close(405)) - 31f68af9-13bd-4b3d-9bf3-c7f108d7d050@group-B04798CD53FA: closes. applyIndex: 0
2020-10-18 13:35:52,275 [31f68af9-13bd-4b3d-9bf3-c7f108d7d050@group-B04798CD53FA-SegmentedRaftLogWorker] INFO  segmented.SegmentedRaftLogWorker (SegmentedRaftLogWorker.java:run(327)) - 31f68af9-13bd-4b3d-9bf3-c7f108d7d050@group-B04798CD53FA-SegmentedRaftLogWorker was interrupted, exiting. There are 0 tasks remaining in the queue.
2020-10-18 13:35:52,275 [ForkJoinPool.commonPool-worker-1] INFO  segmented.SegmentedRaftLogWorker (SegmentedRaftLogWorker.java:close(234)) - 31f68af9-13bd-4b3d-9bf3-c7f108d7d050@group-B04798CD53FA-SegmentedRaftLogWorker close()
2020-10-18 13:35:52,276 [ForkJoinPool.commonPool-worker-1] INFO  metrics.RatisMetrics (RatisMetrics.java:unregister(43)) - Unregistering Metrics Registry : ratis.log_worker.31f68af9-13bd-4b3d-9bf3-c7f108d7d050@group-B04798CD53FA
2020-10-18 13:35:52,276 [ForkJoinPool.commonPool-worker-1] INFO  metrics.RatisMetrics (RatisMetrics.java:unregister(43)) - Unregistering Metrics Registry : ratis.leader_election.31f68af9-13bd-4b3d-9bf3-c7f108d7d050@group-B04798CD53FA
2020-10-18 13:35:52,276 [ForkJoinPool.commonPool-worker-1] INFO  metrics.RatisMetrics (RatisMetrics.java:unregister(43)) - Unregistering Metrics Registry : ratis.server.31f68af9-13bd-4b3d-9bf3-c7f108d7d050@group-B04798CD53FA
2020-10-18 13:35:52,277 [ForkJoinPool.commonPool-worker-1] INFO  impl.RaftServerImpl (RaftServerImpl.java:lambda$shutdown$3(321)) - 31f68af9-13bd-4b3d-9bf3-c7f108d7d050@group-046812BC161E: shutdown
2020-10-18 13:35:52,277 [ForkJoinPool.commonPool-worker-1] INFO  util.JmxRegister (JmxRegister.java:unregister(73)) - Successfully un-registered JMX Bean with object name Ratis:service=RaftServer,group=group-046812BC161E,id=31f68af9-13bd-4b3d-9bf3-c7f108d7d050
2020-10-18 13:35:52,277 [ForkJoinPool.commonPool-worker-1] INFO  impl.RoleInfo (RoleInfo.java:shutdownLeaderState(104)) - 31f68af9-13bd-4b3d-9bf3-c7f108d7d050: shutdown LeaderState
2020-10-18 13:35:52,277 [ForkJoinPool.commonPool-worker-1] INFO  impl.PendingRequests (PendingRequests.java:sendNotLeaderResponses(249)) - 31f68af9-13bd-4b3d-9bf3-c7f108d7d050@group-046812BC161E-PendingRequests: sendNotLeaderResponses
2020-10-18 13:35:52,277 [ForkJoinPool.commonPool-worker-1] INFO  metrics.RatisMetrics (RatisMetrics.java:unregister(43)) - Unregistering Metrics Registry : ratis.log_appender.31f68af9-13bd-4b3d-9bf3-c7f108d7d050@group-046812BC161E
2020-10-18 13:35:52,278 [ForkJoinPool.commonPool-worker-1] INFO  metrics.RatisMetrics (RatisMetrics.java:unregister(43)) - Unregistering Metrics Registry : ratis.server.31f68af9-13bd-4b3d-9bf3-c7f108d7d050@group-046812BC161E
2020-10-18 13:35:52,278 [ForkJoinPool.commonPool-worker-1] INFO  impl.StateMachineUpdater (StateMachineUpdater.java:stopAndJoin(142)) - 31f68af9-13bd-4b3d-9bf3-c7f108d7d050@group-046812BC161E-StateMachineUpdater: set stopIndex = 0
2020-10-18 13:35:52,278 [31f68af9-13bd-4b3d-9bf3-c7f108d7d050@group-046812BC161E-StateMachineUpdater] INFO  ratis.ContainerStateMachine (ContainerStateMachine.java:takeSnapshot(293)) - group-046812BC161E: Taking a snapshot at:(t:1, i:0) file /github/workspace/mnt/ozone/hadoop-ozone/integration-test/target/test-dir/MiniOzoneClusterImpl-d38fabef-ad13-445b-9ec0-8ae77b1cf310/datanode-2/data/ratis/6a24b372-a5a7-41b9-8528-046812bc161e/sm/snapshot.1_0
2020-10-18 13:35:52,280 [31f68af9-13bd-4b3d-9bf3-c7f108d7d050@group-046812BC161E-StateMachineUpdater] INFO  ratis.ContainerStateMachine (ContainerStateMachine.java:takeSnapshot(304)) - group-046812BC161E: Finished taking a snapshot at:(t:1, i:0) file:/github/workspace/mnt/ozone/hadoop-ozone/integration-test/target/test-dir/MiniOzoneClusterImpl-d38fabef-ad13-445b-9ec0-8ae77b1cf310/datanode-2/data/ratis/6a24b372-a5a7-41b9-8528-046812bc161e/sm/snapshot.1_0 time:2
2020-10-18 13:35:52,280 [31f68af9-13bd-4b3d-9bf3-c7f108d7d050@group-046812BC161E-StateMachineUpdater] INFO  impl.StateMachineUpdater (StateMachineUpdater.java:takeSnapshot(277)) - 31f68af9-13bd-4b3d-9bf3-c7f108d7d050@group-046812BC161E-StateMachineUpdater: Took a snapshot at index 0
2020-10-18 13:35:52,280 [31f68af9-13bd-4b3d-9bf3-c7f108d7d050@group-046812BC161E-StateMachineUpdater] INFO  impl.StateMachineUpdater (StateMachineUpdater.java:lambda$new$0(87)) - 31f68af9-13bd-4b3d-9bf3-c7f108d7d050@group-046812BC161E-StateMachineUpdater: snapshotIndex: updateIncreasingly -1 -> 0
2020-10-18 13:35:52,281 [31f68af9-13bd-4b3d-9bf3-c7f108d7d050@group-046812BC161E-StateMachineUpdater] INFO  metrics.RatisMetrics (RatisMetrics.java:unregister(43)) - Unregistering Metrics Registry : ratis.state_machine.31f68af9-13bd-4b3d-9bf3-c7f108d7d050@group-046812BC161E
2020-10-18 13:35:52,281 [ForkJoinPool.commonPool-worker-1] INFO  impl.RaftServerImpl (ServerState.java:close(405)) - 31f68af9-13bd-4b3d-9bf3-c7f108d7d050@group-046812BC161E: closes. applyIndex: 0
2020-10-18 13:35:52,281 [31f68af9-13bd-4b3d-9bf3-c7f108d7d050@group-046812BC161E-SegmentedRaftLogWorker] INFO  segmented.SegmentedRaftLogWorker (SegmentedRaftLogWorker.java:run(327)) - 31f68af9-13bd-4b3d-9bf3-c7f108d7d050@group-046812BC161E-SegmentedRaftLogWorker was interrupted, exiting. There are 0 tasks remaining in the queue.
2020-10-18 13:35:52,282 [ForkJoinPool.commonPool-worker-1] INFO  segmented.SegmentedRaftLogWorker (SegmentedRaftLogWorker.java:close(234)) - 31f68af9-13bd-4b3d-9bf3-c7f108d7d050@group-046812BC161E-SegmentedRaftLogWorker close()
2020-10-18 13:35:52,283 [ForkJoinPool.commonPool-worker-1] INFO  metrics.RatisMetrics (RatisMetrics.java:unregister(43)) - Unregistering Metrics Registry : ratis.log_worker.31f68af9-13bd-4b3d-9bf3-c7f108d7d050@group-046812BC161E
2020-10-18 13:35:52,283 [ForkJoinPool.commonPool-worker-1] INFO  metrics.RatisMetrics (RatisMetrics.java:unregister(43)) - Unregistering Metrics Registry : ratis.leader_election.31f68af9-13bd-4b3d-9bf3-c7f108d7d050@group-046812BC161E
2020-10-18 13:35:52,283 [ForkJoinPool.commonPool-worker-1] INFO  metrics.RatisMetrics (RatisMetrics.java:unregister(43)) - Unregistering Metrics Registry : ratis.server.31f68af9-13bd-4b3d-9bf3-c7f108d7d050@group-046812BC161E
2020-10-18 13:35:52,283 [ForkJoinPool.commonPool-worker-1] INFO  server.GrpcService (GrpcService.java:closeImpl(183)) - 31f68af9-13bd-4b3d-9bf3-c7f108d7d050: shutdown server with port 43229 now
2020-10-18 13:35:52,287 [ForkJoinPool.commonPool-worker-1] INFO  server.GrpcService (GrpcService.java:closeImpl(191)) - 31f68af9-13bd-4b3d-9bf3-c7f108d7d050: shutdown server with port 43229 successfully
2020-10-18 13:35:52,290 [ForkJoinPool.commonPool-worker-1] INFO  utils.BackgroundService (BackgroundService.java:shutdown(132)) - Shutting down service BlockDeletingService
2020-10-18 13:35:52,291 [ForkJoinPool.commonPool-worker-1] INFO  statemachine.DatanodeStateMachine (DatanodeStateMachine.java:stopDaemon(453)) - Ozone container server stopped.
2020-10-18 13:35:52,302 [ForkJoinPool.commonPool-worker-1] INFO  handler.ContextHandler (ContextHandler.java:doStop(1016)) - Stopped o.e.j.w.WebAppContext@525fbbb3{hddsDatanode,/,null,UNAVAILABLE}{jar:file:/home/user/.m2/repository/org/apache/hadoop/hadoop-hdds-container-service/1.1.0-SNAPSHOT/hadoop-hdds-container-service-1.1.0-SNAPSHOT.jar!/webapps/hddsDatanode}
2020-10-18 13:35:52,304 [ForkJoinPool.commonPool-worker-1] INFO  server.AbstractConnector (AbstractConnector.java:doStop(380)) - Stopped ServerConnector@392ad9af{HTTP/1.1,[http/1.1]}{0.0.0.0:0}
2020-10-18 13:35:52,304 [ForkJoinPool.commonPool-worker-1] INFO  server.session (HouseKeeper.java:stopScavenging(158)) - node0 Stopped scavenging
2020-10-18 13:35:52,304 [ForkJoinPool.commonPool-worker-1] INFO  handler.ContextHandler (ContextHandler.java:doStop(1016)) - Stopped o.e.j.s.ServletContextHandler@6e8d1383{static,/static,jar:file:/home/user/.m2/repository/org/apache/hadoop/hadoop-hdds-container-service/1.1.0-SNAPSHOT/hadoop-hdds-container-service-1.1.0-SNAPSHOT.jar!/webapps/static,UNAVAILABLE}
2020-10-18 13:35:52,305 [ForkJoinPool.commonPool-worker-1] INFO  handler.ContextHandler (ContextHandler.java:doStop(1016)) - Stopped o.e.j.s.ServletContextHandler@3ee2116{logs,/logs,file:///github/workspace/mnt/ozone/hadoop-ozone/integration-test/target/log,UNAVAILABLE}
2020-10-18 13:35:52,307 [Listener at 127.0.0.1/13776] INFO  ozone.MiniOzoneClusterImpl (MiniOzoneClusterImpl.java:stopSCM(476)) - Stopping the StorageContainerManager
2020-10-18 13:35:52,307 [Listener at 127.0.0.1/13776] INFO  server.StorageContainerManager (StorageContainerManager.java:stop(832)) - Stopping Replication Manager Service.
2020-10-18 13:35:52,307 [Listener at 127.0.0.1/13776] INFO  container.ReplicationManager (ReplicationManager.java:stop(219)) - Stopping Replication Monitor Thread.
2020-10-18 13:35:52,307 [Listener at 127.0.0.1/13776] INFO  server.StorageContainerManager (StorageContainerManager.java:stop(839)) - Stopping Lease Manager of the command watchers
2020-10-18 13:35:52,307 [Listener at 127.0.0.1/13776] INFO  server.StorageContainerManager (StorageContainerManager.java:stop(846)) - Stopping datanode service RPC server
2020-10-18 13:35:52,307 [CommandWatcher-LeaseManager#LeaseMonitor] ERROR lease.LeaseManager (LeaseManager.java:run(238)) - Execution was interrupted 
java.lang.InterruptedException: sleep interrupted
	at java.lang.Thread.sleep(Native Method)
	at org.apache.hadoop.ozone.lease.LeaseManager$LeaseMonitor.run(LeaseManager.java:234)
	at java.lang.Thread.run(Thread.java:748)
2020-10-18 13:35:52,307 [Listener at 127.0.0.1/13776] INFO  server.SCMDatanodeProtocolServer (SCMDatanodeProtocolServer.java:stop(361)) - Stopping the RPC server for DataNodes
2020-10-18 13:35:52,308 [Listener at 127.0.0.1/13776] INFO  ipc.Server (Server.java:stop(3359)) - Stopping server on 44471
2020-10-18 13:35:52,311 [IPC Server Responder] INFO  ipc.Server (Server.java:run(1465)) - Stopping IPC Server Responder
2020-10-18 13:35:52,311 [IPC Server listener on 0] INFO  ipc.Server (Server.java:run(1330)) - Stopping IPC Server listener on 0
2020-10-18 13:35:52,379 [SCM Heartbeat Processing Thread - 0] WARN  node.NodeStateManager (NodeStateManager.java:scheduleNextHealthCheck(661)) - Current Thread is interrupted, shutting down HB processing thread for Node Manager.
2020-10-18 13:35:52,379 [Listener at 127.0.0.1/13776] INFO  server.StorageContainerManager (StorageContainerManager.java:stop(854)) - Stopping block service RPC server
2020-10-18 13:35:52,379 [Listener at 127.0.0.1/13776] INFO  server.SCMBlockProtocolServer (SCMBlockProtocolServer.java:stop(158)) - Stopping the RPC server for Block Protocol
2020-10-18 13:35:52,379 [Listener at 127.0.0.1/13776] INFO  ipc.Server (Server.java:stop(3359)) - Stopping server on 34911
2020-10-18 13:35:52,380 [IPC Server Responder] INFO  ipc.Server (Server.java:run(1465)) - Stopping IPC Server Responder
2020-10-18 13:35:52,380 [Listener at 127.0.0.1/13776] INFO  server.StorageContainerManager (StorageContainerManager.java:stop(861)) - Stopping the StorageContainerLocationProtocol RPC server
2020-10-18 13:35:52,381 [Listener at 127.0.0.1/13776] INFO  server.SCMClientProtocolServer (SCMClientProtocolServer.java:stop(165)) - Stopping the RPC server for Client Protocol
2020-10-18 13:35:52,381 [Listener at 127.0.0.1/13776] INFO  ipc.Server (Server.java:stop(3359)) - Stopping server on 33299
2020-10-18 13:35:52,382 [IPC Server listener on 0] INFO  ipc.Server (Server.java:run(1330)) - Stopping IPC Server listener on 0
2020-10-18 13:35:52,384 [Listener at 127.0.0.1/13776] INFO  server.StorageContainerManager (StorageContainerManager.java:stop(868)) - Stopping Storage Container Manager HTTP server.
2020-10-18 13:35:52,384 [Listener at 127.0.0.1/13776] INFO  handler.ContextHandler (ContextHandler.java:doStop(1016)) - Stopped o.e.j.w.WebAppContext@3dd00137{scm,/,null,UNAVAILABLE}{file:/github/workspace/mnt/ozone/hadoop-ozone/integration-test/target/test-classes/webapps/scm}
2020-10-18 13:35:52,384 [IPC Server Responder] INFO  ipc.Server (Server.java:run(1465)) - Stopping IPC Server Responder
2020-10-18 13:35:52,385 [IPC Server listener on 0] INFO  ipc.Server (Server.java:run(1330)) - Stopping IPC Server listener on 0
2020-10-18 13:35:52,386 [Listener at 127.0.0.1/13776] INFO  server.AbstractConnector (AbstractConnector.java:doStop(380)) - Stopped ServerConnector@d1904d6{HTTP/1.1,[http/1.1]}{0.0.0.0:0}
2020-10-18 13:35:52,386 [Listener at 127.0.0.1/13776] INFO  server.session (HouseKeeper.java:stopScavenging(158)) - node0 Stopped scavenging
2020-10-18 13:35:52,386 [Listener at 127.0.0.1/13776] INFO  handler.ContextHandler (ContextHandler.java:doStop(1016)) - Stopped o.e.j.s.ServletContextHandler@5b27d503{static,/static,file:///github/workspace/mnt/ozone/hadoop-ozone/integration-test/target/test-classes/webapps/static,UNAVAILABLE}
2020-10-18 13:35:52,386 [Listener at 127.0.0.1/13776] INFO  handler.ContextHandler (ContextHandler.java:doStop(1016)) - Stopped o.e.j.s.ServletContextHandler@855de74{logs,/logs,file:///github/workspace/mnt/ozone/hadoop-ozone/integration-test/target/log,UNAVAILABLE}
2020-10-18 13:35:52,388 [Listener at 127.0.0.1/13776] INFO  server.StorageContainerManager (StorageContainerManager.java:stop(879)) - Stopping Block Manager Service.
2020-10-18 13:35:52,388 [Listener at 127.0.0.1/13776] INFO  utils.BackgroundService (BackgroundService.java:shutdown(132)) - Shutting down service SCMBlockDeletingService
2020-10-18 13:35:52,389 [Listener at 127.0.0.1/13776] INFO  utils.BackgroundService (BackgroundService.java:shutdown(132)) - Shutting down service SCMBlockDeletingService
2020-10-18 13:35:52,389 [Listener at 127.0.0.1/13776] INFO  server.StorageContainerManager (StorageContainerManager.java:stop(904)) - Stopping SCM Event Queue.
2020-10-18 13:35:52,395 [Listener at 127.0.0.1/13776] INFO  impl.MetricsSystemImpl (MetricsSystemImpl.java:stop(210)) - Stopping HddsDatanode metrics system...
2020-10-18 13:35:52,402 [prometheus] INFO  impl.MetricsSinkAdapter (MetricsSinkAdapter.java:publishMetricsFromQueue(141)) - prometheus thread interrupted.
2020-10-18 13:35:52,402 [Listener at 127.0.0.1/13776] INFO  impl.MetricsSystemImpl (MetricsSystemImpl.java:stop(216)) - HddsDatanode metrics system stopped.
]]></system-out>
  </testcase>
  <testcase name="testOMRetryProxy" classname="org.apache.hadoop.ozone.om.TestOzoneManagerHAMetadataOnly" time="25.44"/>
  <testcase name="testOMProxyProviderFailoverToCurrentLeader" classname="org.apache.hadoop.ozone.om.TestOzoneManagerHAMetadataOnly" time="25.645"/>
  <testcase name="testAllBucketOperations" classname="org.apache.hadoop.ozone.om.TestOzoneManagerHAMetadataOnly" time="23.532"/>
  <testcase name="testOMProxyProviderFailoverOnConnectionFailure" classname="org.apache.hadoop.ozone.om.TestOzoneManagerHAMetadataOnly" time="0">
    <skipped message="This test randomly failing. Let&apos;s enable once its fixed."/>
  </testcase>
  <testcase name="testJMXMetrics" classname="org.apache.hadoop.ozone.om.TestOzoneManagerHAMetadataOnly" time="23.422"/>
  <testcase name="testReadRequest" classname="org.apache.hadoop.ozone.om.TestOzoneManagerHAMetadataOnly" time="28.426"/>
  <testcase name="testAllVolumeOperations" classname="org.apache.hadoop.ozone.om.TestOzoneManagerHAMetadataOnly" time="23.433"/>
  <testcase name="testListVolumes" classname="org.apache.hadoop.ozone.om.TestOzoneManagerHAMetadataOnly" time="0">
    <skipped message="This test randomly failing. Let&apos;s enable once its fixed."/>
  </testcase>
  <testcase name="testOMProxyProviderInitialization" classname="org.apache.hadoop.ozone.om.TestOzoneManagerHAMetadataOnly" time="23.302"/>
</testsuite>