<?xml version="1.0" encoding="UTF-8"?>
<testsuite xmlns:xsi="http://www.w3.org/2001/XMLSchema-instance" xsi:noNamespaceSchemaLocation="https://maven.apache.org/surefire/maven-surefire-plugin/xsd/surefire-test-report.xsd" name="org.apache.hadoop.ozone.client.rpc.TestBlockOutputStreamWithFailures" time="574.48" tests="8" errors="1" skipped="0" failures="0">
  <properties>
    <property name="awt.toolkit" value="sun.awt.X11.XToolkit"/>
    <property name="file.encoding.pkg" value="sun.io"/>
    <property name="java.specification.version" value="1.8"/>
    <property name="sun.cpu.isalist" value=""/>
    <property name="sun.jnu.encoding" value="UTF-8"/>
    <property name="java.class.path" value="/home/runner/work/ozone/ozone/hadoop-ozone/integration-test/target/test-classes:/home/runner/work/ozone/ozone/hadoop-ozone/integration-test/target/classes:/home/runner/.m2/repository/org/apache/ozone/ozone-common/1.2.0-SNAPSHOT/ozone-common-1.2.0-SNAPSHOT.jar:/home/runner/.m2/repository/org/apache/commons/commons-compress/1.20/commons-compress-1.20.jar:/home/runner/.m2/repository/org/apache/ozone/hdds-common/1.2.0-SNAPSHOT/hdds-common-1.2.0-SNAPSHOT.jar:/home/runner/.m2/repository/org/apache/ozone/hdds-client/1.2.0-SNAPSHOT/hdds-client-1.2.0-SNAPSHOT.jar:/home/runner/.m2/repository/org/apache/ozone/ozone-interface-client/1.2.0-SNAPSHOT/ozone-interface-client-1.2.0-SNAPSHOT.jar:/home/runner/.m2/repository/org/apache/ozone/hdds-server-framework/1.2.0-SNAPSHOT/hdds-server-framework-1.2.0-SNAPSHOT.jar:/home/runner/.m2/repository/org/apache/ozone/hdds-interface-server/1.2.0-SNAPSHOT/hdds-interface-server-1.2.0-SNAPSHOT.jar:/home/runner/.m2/repository/org/eclipse/jetty/jetty-servlet/9.4.43.v20210629/jetty-servlet-9.4.43.v20210629.jar:/home/runner/.m2/repository/org/eclipse/jetty/jetty-security/9.4.43.v20210629/jetty-security-9.4.43.v20210629.jar:/home/runner/.m2/repository/org/rocksdb/rocksdbjni/6.20.3/rocksdbjni-6.20.3.jar:/home/runner/.m2/repository/io/prometheus/simpleclient_dropwizard/0.7.0/simpleclient_dropwizard-0.7.0.jar:/home/runner/.m2/repository/io/prometheus/simpleclient/0.7.0/simpleclient-0.7.0.jar:/home/runner/.m2/repository/io/prometheus/simpleclient_common/0.7.0/simpleclient_common-0.7.0.jar:/home/runner/.m2/repository/com/fasterxml/jackson/datatype/jackson-datatype-jsr310/2.12.1/jackson-datatype-jsr310-2.12.1.jar:/home/runner/.m2/repository/org/apache/ozone/hdds-test-utils/1.2.0-SNAPSHOT/hdds-test-utils-1.2.0-SNAPSHOT.jar:/home/runner/.m2/repository/com/google/guava/guava/30.1.1-jre/guava-30.1.1-jre.jar:/home/runner/.m2/repository/com/google/guava/failureaccess/1.0.1/failureaccess-1.0.1.jar:/home/runner/.m2/repository/com/google/guava/listenablefuture/9999.0-empty-to-avoid-conflict-with-guava/listenablefuture-9999.0-empty-to-avoid-conflict-with-guava.jar:/home/runner/.m2/repository/com/google/code/findbugs/jsr305/3.0.0/jsr305-3.0.0.jar:/home/runner/.m2/repository/org/checkerframework/checker-qual/3.8.0/checker-qual-3.8.0.jar:/home/runner/.m2/repository/com/google/errorprone/error_prone_annotations/2.2.0/error_prone_annotations-2.2.0.jar:/home/runner/.m2/repository/com/google/j2objc/j2objc-annotations/1.3/j2objc-annotations-1.3.jar:/home/runner/.m2/repository/commons-io/commons-io/2.8.0/commons-io-2.8.0.jar:/home/runner/.m2/repository/commons-logging/commons-logging/1.2/commons-logging-1.2.jar:/home/runner/.m2/repository/log4j/log4j/1.2.17/log4j-1.2.17.jar:/home/runner/.m2/repository/org/slf4j/slf4j-api/1.7.30/slf4j-api-1.7.30.jar:/home/runner/.m2/repository/org/apache/ozone/hdds-server-scm/1.2.0-SNAPSHOT/hdds-server-scm-1.2.0-SNAPSHOT.jar:/home/runner/.m2/repository/org/apache/ozone/hdds-container-service/1.2.0-SNAPSHOT/hdds-container-service-1.2.0-SNAPSHOT.jar:/home/runner/.m2/repository/org/apache/ozone/hdds-hadoop-dependency-server/1.2.0-SNAPSHOT/hdds-hadoop-dependency-server-1.2.0-SNAPSHOT.jar:/home/runner/.m2/repository/org/apache/hadoop/hadoop-hdfs/3.3.1/hadoop-hdfs-3.3.1.jar:/home/runner/.m2/repository/io/dropwizard/metrics/metrics-core/3.2.4/metrics-core-3.2.4.jar:/home/runner/.m2/repository/org/apache/hadoop/hadoop-hdfs-client/3.3.1/hadoop-hdfs-client-3.3.1.jar:/home/runner/.m2/repository/org/bouncycastle/bcprov-jdk15on/1.67/bcprov-jdk15on-1.67.jar:/home/runner/.m2/repository/com/google/protobuf/protobuf-java/2.5.0/protobuf-java-2.5.0.jar:/home/runner/.m2/repository/org/apache/ozone/ozone-manager/1.2.0-SNAPSHOT/ozone-manager-1.2.0-SNAPSHOT.jar:/home/runner/.m2/repository/org/aspectj/aspectjrt/1.8.9/aspectjrt-1.8.9.jar:/home/runner/.m2/repository/org/aspectj/aspectjweaver/1.8.9/aspectjweaver-1.8.9.jar:/home/runner/.m2/repository/org/apache/ozone/hdds-interface-client/1.2.0-SNAPSHOT/hdds-interface-client-1.2.0-SNAPSHOT.jar:/home/runner/.m2/repository/org/apache/hadoop/thirdparty/hadoop-shaded-protobuf_3_7/1.1.1/hadoop-shaded-protobuf_3_7-1.1.1.jar:/home/runner/.m2/repository/org/apache/ozone/ozone-interface-storage/1.2.0-SNAPSHOT/ozone-interface-storage-1.2.0-SNAPSHOT.jar:/home/runner/.m2/repository/org/reflections/reflections/0.9.11/reflections-0.9.11.jar:/home/runner/.m2/repository/org/apache/hadoop/hadoop-minikdc/3.3.1/hadoop-minikdc-3.3.1.jar:/home/runner/.m2/repository/org/apache/kerby/kerb-simplekdc/1.0.1/kerb-simplekdc-1.0.1.jar:/home/runner/.m2/repository/org/apache/kerby/kerb-client/1.0.1/kerb-client-1.0.1.jar:/home/runner/.m2/repository/org/apache/kerby/kerby-config/1.0.1/kerby-config-1.0.1.jar:/home/runner/.m2/repository/org/apache/kerby/kerb-common/1.0.1/kerb-common-1.0.1.jar:/home/runner/.m2/repository/org/apache/kerby/kerb-crypto/1.0.1/kerb-crypto-1.0.1.jar:/home/runner/.m2/repository/org/apache/kerby/kerb-util/1.0.1/kerb-util-1.0.1.jar:/home/runner/.m2/repository/org/apache/kerby/token-provider/1.0.1/token-provider-1.0.1.jar:/home/runner/.m2/repository/org/apache/kerby/kerb-admin/1.0.1/kerb-admin-1.0.1.jar:/home/runner/.m2/repository/org/apache/kerby/kerb-server/1.0.1/kerb-server-1.0.1.jar:/home/runner/.m2/repository/org/apache/kerby/kerb-identity/1.0.1/kerb-identity-1.0.1.jar:/home/runner/.m2/repository/org/apache/kerby/kerby-xdr/1.0.1/kerby-xdr-1.0.1.jar:/home/runner/.m2/repository/org/slf4j/slf4j-log4j12/1.7.30/slf4j-log4j12-1.7.30.jar:/home/runner/.m2/repository/org/apache/ozone/ozone-s3gateway/1.2.0-SNAPSHOT/ozone-s3gateway-1.2.0-SNAPSHOT.jar:/home/runner/.m2/repository/org/javassist/javassist/3.21.0-GA/javassist-3.21.0-GA.jar:/home/runner/.m2/repository/org/jboss/weld/servlet/weld-servlet/2.4.7.Final/weld-servlet-2.4.7.Final.jar:/home/runner/.m2/repository/org/glassfish/jersey/containers/jersey-container-servlet-core/2.33/jersey-container-servlet-core-2.33.jar:/home/runner/.m2/repository/org/glassfish/hk2/external/jakarta.inject/2.6.1/jakarta.inject-2.6.1.jar:/home/runner/.m2/repository/org/glassfish/jersey/core/jersey-common/2.33/jersey-common-2.33.jar:/home/runner/.m2/repository/jakarta/ws/rs/jakarta.ws.rs-api/2.1.6/jakarta.ws.rs-api-2.1.6.jar:/home/runner/.m2/repository/org/glassfish/jersey/ext/cdi/jersey-cdi1x/2.33/jersey-cdi1x-2.33.jar:/home/runner/.m2/repository/org/glassfish/jersey/inject/jersey-hk2/2.33/jersey-hk2-2.33.jar:/home/runner/.m2/repository/org/glassfish/hk2/hk2-locator/2.6.1/hk2-locator-2.6.1.jar:/home/runner/.m2/repository/org/glassfish/jersey/media/jersey-media-jaxb/2.33/jersey-media-jaxb-2.33.jar:/home/runner/.m2/repository/org/glassfish/hk2/osgi-resource-locator/1.0.3/osgi-resource-locator-1.0.3.jar:/home/runner/.m2/repository/org/glassfish/hk2/hk2-api/2.5.0/hk2-api-2.5.0.jar:/home/runner/.m2/repository/org/glassfish/hk2/hk2-utils/2.5.0/hk2-utils-2.5.0.jar:/home/runner/.m2/repository/org/glassfish/hk2/external/aopalliance-repackaged/2.5.0/aopalliance-repackaged-2.5.0.jar:/home/runner/.m2/repository/com/fasterxml/jackson/dataformat/jackson-dataformat-xml/2.12.1/jackson-dataformat-xml-2.12.1.jar:/home/runner/.m2/repository/com/fasterxml/jackson/core/jackson-core/2.12.1/jackson-core-2.12.1.jar:/home/runner/.m2/repository/com/fasterxml/jackson/module/jackson-module-jaxb-annotations/2.12.1/jackson-module-jaxb-annotations-2.12.1.jar:/home/runner/.m2/repository/jakarta/xml/bind/jakarta.xml.bind-api/2.3.2/jakarta.xml.bind-api-2.3.2.jar:/home/runner/.m2/repository/org/codehaus/woodstox/stax2-api/3.1.4/stax2-api-3.1.4.jar:/home/runner/.m2/repository/com/fasterxml/woodstox/woodstox-core/5.0.3/woodstox-core-5.0.3.jar:/home/runner/.m2/repository/javax/enterprise/cdi-api/1.2/cdi-api-1.2.jar:/home/runner/.m2/repository/javax/el/javax.el-api/3.0.0/javax.el-api-3.0.0.jar:/home/runner/.m2/repository/javax/interceptor/javax.interceptor-api/1.2/javax.interceptor-api-1.2.jar:/home/runner/.m2/repository/javax/inject/javax.inject/1/javax.inject-1.jar:/home/runner/.m2/repository/javax/xml/bind/jaxb-api/2.3.0/jaxb-api-2.3.0.jar:/home/runner/.m2/repository/org/glassfish/jaxb/jaxb-runtime/2.3.0.1/jaxb-runtime-2.3.0.1.jar:/home/runner/.m2/repository/org/glassfish/jaxb/jaxb-core/2.3.0.1/jaxb-core-2.3.0.1.jar:/home/runner/.m2/repository/org/glassfish/jaxb/txw2/2.3.0.1/txw2-2.3.0.1.jar:/home/runner/.m2/repository/com/sun/istack/istack-commons-runtime/3.0.5/istack-commons-runtime-3.0.5.jar:/home/runner/.m2/repository/org/jvnet/staxex/stax-ex/1.7.8/stax-ex-1.7.8.jar:/home/runner/.m2/repository/com/sun/xml/fastinfoset/FastInfoset/1.2.13/FastInfoset-1.2.13.jar:/home/runner/.m2/repository/javax/activation/activation/1.1.1/activation-1.1.1.jar:/home/runner/.m2/repository/org/apache/ozone/ozone-csi/1.2.0-SNAPSHOT/ozone-csi-1.2.0-SNAPSHOT.jar:/home/runner/.m2/repository/com/google/protobuf/protobuf-java-util/3.12.0/protobuf-java-util-3.12.0.jar:/home/runner/.m2/repository/com/google/code/gson/gson/2.2.4/gson-2.2.4.jar:/home/runner/.m2/repository/org/apache/ozone/hdds-config/1.2.0-SNAPSHOT/hdds-config-1.2.0-SNAPSHOT.jar:/home/runner/.m2/repository/io/grpc/grpc-netty/1.33.0/grpc-netty-1.33.0.jar:/home/runner/.m2/repository/io/grpc/grpc-core/1.33.0/grpc-core-1.33.0.jar:/home/runner/.m2/repository/com/google/android/annotations/4.1.1.4/annotations-4.1.1.4.jar:/home/runner/.m2/repository/io/netty/netty-codec-http2/4.1.63.Final/netty-codec-http2-4.1.63.Final.jar:/home/runner/.m2/repository/io/netty/netty-codec-http/4.1.63.Final/netty-codec-http-4.1.63.Final.jar:/home/runner/.m2/repository/io/netty/netty-handler-proxy/4.1.63.Final/netty-handler-proxy-4.1.63.Final.jar:/home/runner/.m2/repository/io/netty/netty-codec-socks/4.1.63.Final/netty-codec-socks-4.1.63.Final.jar:/home/runner/.m2/repository/io/perfmark/perfmark-api/0.19.0/perfmark-api-0.19.0.jar:/home/runner/.m2/repository/org/codehaus/mojo/animal-sniffer-annotations/1.18/animal-sniffer-annotations-1.18.jar:/home/runner/.m2/repository/io/netty/netty-transport-native-epoll/4.1.63.Final/netty-transport-native-epoll-4.1.63.Final.jar:/home/runner/.m2/repository/io/netty/netty-common/4.1.63.Final/netty-common-4.1.63.Final.jar:/home/runner/.m2/repository/io/netty/netty-buffer/4.1.63.Final/netty-buffer-4.1.63.Final.jar:/home/runner/.m2/repository/io/netty/netty-transport-native-unix-common/4.1.63.Final/netty-transport-native-unix-common-4.1.63.Final.jar:/home/runner/.m2/repository/io/grpc/grpc-protobuf/1.33.0/grpc-protobuf-1.33.0.jar:/home/runner/.m2/repository/io/grpc/grpc-api/1.33.0/grpc-api-1.33.0.jar:/home/runner/.m2/repository/io/grpc/grpc-context/1.33.0/grpc-context-1.33.0.jar:/home/runner/.m2/repository/com/google/api/grpc/proto-google-common-protos/1.17.0/proto-google-common-protos-1.17.0.jar:/home/runner/.m2/repository/io/grpc/grpc-protobuf-lite/1.33.0/grpc-protobuf-lite-1.33.0.jar:/home/runner/.m2/repository/io/grpc/grpc-stub/1.33.0/grpc-stub-1.33.0.jar:/home/runner/.m2/repository/org/apache/ozone/ozone-recon/1.2.0-SNAPSHOT/ozone-recon-1.2.0-SNAPSHOT.jar:/home/runner/.m2/repository/org/apache/ozone/ozone-reconcodegen/1.2.0-SNAPSHOT/ozone-reconcodegen-1.2.0-SNAPSHOT.jar:/home/runner/.m2/repository/com/google/inject/extensions/guice-multibindings/4.0/guice-multibindings-4.0.jar:/home/runner/.m2/repository/com/google/inject/guice/4.0/guice-4.0.jar:/home/runner/.m2/repository/aopalliance/aopalliance/1.0/aopalliance-1.0.jar:/home/runner/.m2/repository/com/google/inject/extensions/guice-assistedinject/4.0/guice-assistedinject-4.0.jar:/home/runner/.m2/repository/com/google/inject/extensions/guice-servlet/4.0/guice-servlet-4.0.jar:/home/runner/.m2/repository/org/glassfish/jersey/containers/jersey-container-servlet/2.33/jersey-container-servlet-2.33.jar:/home/runner/.m2/repository/org/glassfish/hk2/guice-bridge/2.5.0/guice-bridge-2.5.0.jar:/home/runner/.m2/repository/org/glassfish/jersey/core/jersey-server/2.33/jersey-server-2.33.jar:/home/runner/.m2/repository/org/glassfish/jersey/core/jersey-client/2.33/jersey-client-2.33.jar:/home/runner/.m2/repository/jakarta/annotation/jakarta.annotation-api/1.3.5/jakarta.annotation-api-1.3.5.jar:/home/runner/.m2/repository/jakarta/validation/jakarta.validation-api/2.0.2/jakarta.validation-api-2.0.2.jar:/home/runner/.m2/repository/org/glassfish/jersey/media/jersey-media-json-jackson/2.33/jersey-media-json-jackson-2.33.jar:/home/runner/.m2/repository/org/glassfish/jersey/ext/jersey-entity-filtering/2.33/jersey-entity-filtering-2.33.jar:/home/runner/.m2/repository/org/jooq/jooq/3.11.10/jooq-3.11.10.jar:/home/runner/.m2/repository/org/jooq/jooq-meta/3.11.10/jooq-meta-3.11.10.jar:/home/runner/.m2/repository/org/jooq/jooq-codegen/3.11.10/jooq-codegen-3.11.10.jar:/home/runner/.m2/repository/com/jolbox/bonecp/0.8.0.RELEASE/bonecp-0.8.0.RELEASE.jar:/home/runner/.m2/repository/org/apache/derby/derby/10.14.2.0/derby-10.14.2.0.jar:/home/runner/.m2/repository/org/xerial/sqlite-jdbc/3.25.2/sqlite-jdbc-3.25.2.jar:/home/runner/.m2/repository/org/springframework/spring-jdbc/5.2.11.RELEASE/spring-jdbc-5.2.11.RELEASE.jar:/home/runner/.m2/repository/org/springframework/spring-beans/5.2.11.RELEASE/spring-beans-5.2.11.RELEASE.jar:/home/runner/.m2/repository/org/springframework/spring-core/5.2.11.RELEASE/spring-core-5.2.11.RELEASE.jar:/home/runner/.m2/repository/org/springframework/spring-jcl/5.2.11.RELEASE/spring-jcl-5.2.11.RELEASE.jar:/home/runner/.m2/repository/org/springframework/spring-tx/5.2.11.RELEASE/spring-tx-5.2.11.RELEASE.jar:/home/runner/.m2/repository/org/apache/ozone/ozone-client/1.2.0-SNAPSHOT/ozone-client-1.2.0-SNAPSHOT.jar:/home/runner/.m2/repository/org/apache/ozone/ozone-filesystem/1.2.0-SNAPSHOT/ozone-filesystem-1.2.0-SNAPSHOT.jar:/home/runner/.m2/repository/org/apache/ozone/ozone-filesystem-common/1.2.0-SNAPSHOT/ozone-filesystem-common-1.2.0-SNAPSHOT.jar:/home/runner/.m2/repository/org/apache/ozone/ozone-tools/1.2.0-SNAPSHOT/ozone-tools-1.2.0-SNAPSHOT.jar:/home/runner/.m2/repository/org/apache/ratis/ratis-tools/2.1.0-03f3b68-SNAPSHOT/ratis-tools-2.1.0-03f3b68-SNAPSHOT.jar:/home/runner/.m2/repository/com/amazonaws/aws-java-sdk-core/1.11.901/aws-java-sdk-core-1.11.901.jar:/home/runner/.m2/repository/org/apache/httpcomponents/httpclient/4.5.13/httpclient-4.5.13.jar:/home/runner/.m2/repository/org/apache/httpcomponents/httpcore/4.4.13/httpcore-4.4.13.jar:/home/runner/.m2/repository/software/amazon/ion/ion-java/1.0.2/ion-java-1.0.2.jar:/home/runner/.m2/repository/com/fasterxml/jackson/dataformat/jackson-dataformat-cbor/2.12.1/jackson-dataformat-cbor-2.12.1.jar:/home/runner/.m2/repository/joda-time/joda-time/2.8.1/joda-time-2.8.1.jar:/home/runner/.m2/repository/com/amazonaws/aws-java-sdk-s3/1.11.901/aws-java-sdk-s3-1.11.901.jar:/home/runner/.m2/repository/com/amazonaws/aws-java-sdk-kms/1.11.901/aws-java-sdk-kms-1.11.901.jar:/home/runner/.m2/repository/com/amazonaws/jmespath-java/1.11.901/jmespath-java-1.11.901.jar:/home/runner/.m2/repository/org/kohsuke/metainf-services/metainf-services/1.8/metainf-services-1.8.jar:/home/runner/.m2/repository/org/apache/ozone/hdds-tools/1.2.0-SNAPSHOT/hdds-tools-1.2.0-SNAPSHOT.jar:/home/runner/.m2/repository/commons-cli/commons-cli/1.2/commons-cli-1.2.jar:/home/runner/.m2/repository/org/apache/commons/commons-lang3/3.7/commons-lang3-3.7.jar:/home/runner/.m2/repository/org/apache/ozone/ozone-manager/1.2.0-SNAPSHOT/ozone-manager-1.2.0-SNAPSHOT-tests.jar:/home/runner/.m2/repository/org/apache/ozone/hdds-common/1.2.0-SNAPSHOT/hdds-common-1.2.0-SNAPSHOT-tests.jar:/home/runner/.m2/repository/org/apache/ozone/hdds-hadoop-dependency-client/1.2.0-SNAPSHOT/hdds-hadoop-dependency-client-1.2.0-SNAPSHOT.jar:/home/runner/.m2/repository/info/picocli/picocli/4.6.1/picocli-4.6.1.jar:/home/runner/.m2/repository/com/fasterxml/jackson/core/jackson-annotations/2.12.1/jackson-annotations-2.12.1.jar:/home/runner/.m2/repository/javax/annotation/javax.annotation-api/1.2/javax.annotation-api-1.2.jar:/home/runner/.m2/repository/org/apache/ratis/ratis-server/2.1.0-03f3b68-SNAPSHOT/ratis-server-2.1.0-03f3b68-SNAPSHOT.jar:/home/runner/.m2/repository/org/apache/ratis/ratis-client/2.1.0-03f3b68-SNAPSHOT/ratis-client-2.1.0-03f3b68-SNAPSHOT.jar:/home/runner/.m2/repository/org/apache/ratis/ratis-server-api/2.1.0-03f3b68-SNAPSHOT/ratis-server-api-2.1.0-03f3b68-SNAPSHOT.jar:/home/runner/.m2/repository/org/apache/ratis/ratis-metrics/2.1.0-03f3b68-SNAPSHOT/ratis-metrics-2.1.0-03f3b68-SNAPSHOT.jar:/home/runner/.m2/repository/org/apache/ratis/ratis-netty/2.1.0-03f3b68-SNAPSHOT/ratis-netty-2.1.0-03f3b68-SNAPSHOT.jar:/home/runner/.m2/repository/org/apache/ratis/ratis-grpc/2.1.0-03f3b68-SNAPSHOT/ratis-grpc-2.1.0-03f3b68-SNAPSHOT.jar:/home/runner/.m2/repository/org/apache/logging/log4j/log4j-api/2.13.3/log4j-api-2.13.3.jar:/home/runner/.m2/repository/org/apache/logging/log4j/log4j-core/2.13.3/log4j-core-2.13.3.jar:/home/runner/.m2/repository/com/lmax/disruptor/3.4.2/disruptor-3.4.2.jar:/home/runner/.m2/repository/org/apache/commons/commons-pool2/2.6.0/commons-pool2-2.6.0.jar:/home/runner/.m2/repository/org/bouncycastle/bcpkix-jdk15on/1.67/bcpkix-jdk15on-1.67.jar:/home/runner/.m2/repository/commons-validator/commons-validator/1.6/commons-validator-1.6.jar:/home/runner/.m2/repository/commons-beanutils/commons-beanutils/1.9.4/commons-beanutils-1.9.4.jar:/home/runner/.m2/repository/commons-digester/commons-digester/1.8.1/commons-digester-1.8.1.jar:/home/runner/.m2/repository/commons-collections/commons-collections/3.2.2/commons-collections-3.2.2.jar:/home/runner/.m2/repository/io/jaegertracing/jaeger-client/1.6.0/jaeger-client-1.6.0.jar:/home/runner/.m2/repository/io/jaegertracing/jaeger-thrift/1.6.0/jaeger-thrift-1.6.0.jar:/home/runner/.m2/repository/org/apache/thrift/libthrift/0.14.1/libthrift-0.14.1.jar:/home/runner/.m2/repository/com/squareup/okhttp3/okhttp/4.9.0/okhttp-4.9.0.jar:/home/runner/.m2/repository/com/squareup/okio/okio/2.8.0/okio-2.8.0.jar:/home/runner/.m2/repository/io/jaegertracing/jaeger-core/1.6.0/jaeger-core-1.6.0.jar:/home/runner/.m2/repository/io/jaegertracing/jaeger-tracerresolver/1.6.0/jaeger-tracerresolver-1.6.0.jar:/home/runner/.m2/repository/io/opentracing/contrib/opentracing-tracerresolver/0.1.8/opentracing-tracerresolver-0.1.8.jar:/home/runner/.m2/repository/org/jetbrains/kotlin/kotlin-stdlib/1.4.31/kotlin-stdlib-1.4.31.jar:/home/runner/.m2/repository/org/jetbrains/kotlin/kotlin-stdlib-common/1.4.31/kotlin-stdlib-common-1.4.31.jar:/home/runner/.m2/repository/org/jetbrains/annotations/13.0/annotations-13.0.jar:/home/runner/.m2/repository/io/opentracing/opentracing-util/0.33.0/opentracing-util-0.33.0.jar:/home/runner/.m2/repository/io/opentracing/opentracing-api/0.33.0/opentracing-api-0.33.0.jar:/home/runner/.m2/repository/io/opentracing/opentracing-noop/0.33.0/opentracing-noop-0.33.0.jar:/home/runner/.m2/repository/org/yaml/snakeyaml/1.26/snakeyaml-1.26.jar:/home/runner/.m2/repository/org/apache/ozone/hdds-interface-admin/1.2.0-SNAPSHOT/hdds-interface-admin-1.2.0-SNAPSHOT.jar:/home/runner/.m2/repository/junit/junit/4.13.1/junit-4.13.1.jar:/home/runner/.m2/repository/org/hamcrest/hamcrest-core/1.3/hamcrest-core-1.3.jar:/home/runner/.m2/repository/org/junit/jupiter/junit-jupiter-api/5.7.0/junit-jupiter-api-5.7.0.jar:/home/runner/.m2/repository/org/apiguardian/apiguardian-api/1.1.0/apiguardian-api-1.1.0.jar:/home/runner/.m2/repository/org/opentest4j/opentest4j/1.2.0/opentest4j-1.2.0.jar:/home/runner/.m2/repository/org/junit/platform/junit-platform-commons/1.7.0/junit-platform-commons-1.7.0.jar:/home/runner/.m2/repository/org/junit/jupiter/junit-jupiter-engine/5.7.0/junit-jupiter-engine-5.7.0.jar:/home/runner/.m2/repository/org/junit/platform/junit-platform-engine/1.7.0/junit-platform-engine-1.7.0.jar:/home/runner/.m2/repository/org/junit/vintage/junit-vintage-engine/5.7.0/junit-vintage-engine-5.7.0.jar:/home/runner/.m2/repository/org/junit/platform/junit-platform-launcher/1.7.0/junit-platform-launcher-1.7.0.jar:/home/runner/.m2/repository/org/openjdk/jmh/jmh-core/1.19/jmh-core-1.19.jar:/home/runner/.m2/repository/net/sf/jopt-simple/jopt-simple/4.6/jopt-simple-4.6.jar:/home/runner/.m2/repository/org/apache/commons/commons-math3/3.1.1/commons-math3-3.1.1.jar:/home/runner/.m2/repository/org/openjdk/jmh/jmh-generator-annprocess/1.19/jmh-generator-annprocess-1.19.jar:/home/runner/.m2/repository/org/mockito/mockito-core/2.28.2/mockito-core-2.28.2.jar:/home/runner/.m2/repository/net/bytebuddy/byte-buddy/1.9.10/byte-buddy-1.9.10.jar:/home/runner/.m2/repository/net/bytebuddy/byte-buddy-agent/1.9.10/byte-buddy-agent-1.9.10.jar:/home/runner/.m2/repository/org/objenesis/objenesis/1.0/objenesis-1.0.jar:/home/runner/.m2/repository/org/apache/hadoop/hadoop-kms/3.3.1/hadoop-kms-3.3.1.jar:/home/runner/.m2/repository/org/apache/hadoop/hadoop-auth/3.3.1/hadoop-auth-3.3.1.jar:/home/runner/.m2/repository/com/nimbusds/nimbus-jose-jwt/7.9/nimbus-jose-jwt-7.9.jar:/home/runner/.m2/repository/com/github/stephenc/jcip/jcip-annotations/1.0-1/jcip-annotations-1.0-1.jar:/home/runner/.m2/repository/net/minidev/json-smart/2.3/json-smart-2.3.jar:/home/runner/.m2/repository/net/minidev/accessors-smart/1.2/accessors-smart-1.2.jar:/home/runner/.m2/repository/org/ow2/asm/asm/5.0.4/asm-5.0.4.jar:/home/runner/.m2/repository/org/apache/zookeeper/zookeeper/3.5.6/zookeeper-3.5.6.jar:/home/runner/.m2/repository/org/apache/zookeeper/zookeeper-jute/3.5.6/zookeeper-jute-3.5.6.jar:/home/runner/.m2/repository/org/apache/yetus/audience-annotations/0.5.0/audience-annotations-0.5.0.jar:/home/runner/.m2/repository/org/apache/curator/curator-framework/4.2.0/curator-framework-4.2.0.jar:/home/runner/.m2/repository/org/apache/hadoop/thirdparty/hadoop-shaded-guava/1.1.1/hadoop-shaded-guava-1.1.1.jar:/home/runner/.m2/repository/com/sun/jersey/jersey-core/1.19/jersey-core-1.19.jar:/home/runner/.m2/repository/javax/ws/rs/jsr311-api/1.1.1/jsr311-api-1.1.1.jar:/home/runner/.m2/repository/com/sun/jersey/jersey-server/1.19/jersey-server-1.19.jar:/home/runner/.m2/repository/javax/servlet/javax.servlet-api/3.1.0/javax.servlet-api-3.1.0.jar:/home/runner/.m2/repository/org/eclipse/jetty/jetty-server/9.4.43.v20210629/jetty-server-9.4.43.v20210629.jar:/home/runner/.m2/repository/org/eclipse/jetty/jetty-http/9.4.43.v20210629/jetty-http-9.4.43.v20210629.jar:/home/runner/.m2/repository/org/eclipse/jetty/jetty-io/9.4.43.v20210629/jetty-io-9.4.43.v20210629.jar:/home/runner/.m2/repository/org/eclipse/jetty/jetty-webapp/9.4.43.v20210629/jetty-webapp-9.4.43.v20210629.jar:/home/runner/.m2/repository/org/eclipse/jetty/jetty-xml/9.4.43.v20210629/jetty-xml-9.4.43.v20210629.jar:/home/runner/.m2/repository/org/apache/hadoop/hadoop-common/3.3.1/hadoop-common-3.3.1.jar:/home/runner/.m2/repository/commons-net/commons-net/3.6/commons-net-3.6.jar:/home/runner/.m2/repository/jakarta/activation/jakarta.activation-api/1.2.1/jakarta.activation-api-1.2.1.jar:/home/runner/.m2/repository/com/sun/jersey/jersey-servlet/1.19/jersey-servlet-1.19.jar:/home/runner/.m2/repository/com/sun/jersey/jersey-json/1.19/jersey-json-1.19.jar:/home/runner/.m2/repository/org/codehaus/jettison/jettison/1.1/jettison-1.1.jar:/home/runner/.m2/repository/com/sun/xml/bind/jaxb-impl/2.2.3-1/jaxb-impl-2.2.3-1.jar:/home/runner/.m2/repository/org/codehaus/jackson/jackson-jaxrs/1.9.2/jackson-jaxrs-1.9.2.jar:/home/runner/.m2/repository/org/codehaus/jackson/jackson-xc/1.9.2/jackson-xc-1.9.2.jar:/home/runner/.m2/repository/org/apache/commons/commons-configuration2/2.1.1/commons-configuration2-2.1.1.jar:/home/runner/.m2/repository/org/apache/commons/commons-text/1.4/commons-text-1.4.jar:/home/runner/.m2/repository/com/google/re2j/re2j/1.1/re2j-1.1.jar:/home/runner/.m2/repository/com/jcraft/jsch/0.1.54/jsch-0.1.54.jar:/home/runner/.m2/repository/org/apache/curator/curator-client/4.2.0/curator-client-4.2.0.jar:/home/runner/.m2/repository/org/apache/curator/curator-recipes/4.2.0/curator-recipes-4.2.0.jar:/home/runner/.m2/repository/org/apache/kerby/kerb-core/1.0.1/kerb-core-1.0.1.jar:/home/runner/.m2/repository/org/apache/kerby/kerby-pkix/1.0.1/kerby-pkix-1.0.1.jar:/home/runner/.m2/repository/org/apache/kerby/kerby-asn1/1.0.1/kerby-asn1-1.0.1.jar:/home/runner/.m2/repository/org/apache/kerby/kerby-util/1.0.1/kerby-util-1.0.1.jar:/home/runner/.m2/repository/dnsjava/dnsjava/2.1.7/dnsjava-2.1.7.jar:/home/runner/.m2/repository/org/xerial/snappy/snappy-java/1.1.8.2/snappy-java-1.1.8.2.jar:/home/runner/.m2/repository/org/slf4j/jul-to-slf4j/1.7.30/jul-to-slf4j-1.7.30.jar:/home/runner/.m2/repository/org/eclipse/jetty/jetty-util/9.4.43.v20210629/jetty-util-9.4.43.v20210629.jar:/home/runner/.m2/repository/com/fasterxml/jackson/core/jackson-databind/2.12.1/jackson-databind-2.12.1.jar:/home/runner/.m2/repository/org/apache/hadoop/hadoop-kms/3.3.1/hadoop-kms-3.3.1-tests.jar:/home/runner/.m2/repository/org/apache/ozone/hdds-server-scm/1.2.0-SNAPSHOT/hdds-server-scm-1.2.0-SNAPSHOT-tests.jar:/home/runner/.m2/repository/org/apache/ozone/hdds-container-service/1.2.0-SNAPSHOT/hdds-container-service-1.2.0-SNAPSHOT-tests.jar:/home/runner/.m2/repository/commons-codec/commons-codec/1.11/commons-codec-1.11.jar:/home/runner/.m2/repository/io/netty/netty-transport/4.1.63.Final/netty-transport-4.1.63.Final.jar:/home/runner/.m2/repository/io/netty/netty-resolver/4.1.63.Final/netty-resolver-4.1.63.Final.jar:/home/runner/.m2/repository/io/netty/netty-codec/4.1.63.Final/netty-codec-4.1.63.Final.jar:/home/runner/.m2/repository/io/netty/netty-handler/4.1.63.Final/netty-handler-4.1.63.Final.jar:/home/runner/.m2/repository/org/apache/ozone/hdds-hadoop-dependency-test/1.2.0-SNAPSHOT/hdds-hadoop-dependency-test-1.2.0-SNAPSHOT.jar:/home/runner/.m2/repository/org/apache/hadoop/hadoop-common/3.3.1/hadoop-common-3.3.1-tests.jar:/home/runner/.m2/repository/org/assertj/assertj-core/3.12.2/assertj-core-3.12.2.jar:/home/runner/.m2/repository/org/apache/hadoop/hadoop-hdfs/3.3.1/hadoop-hdfs-3.3.1-tests.jar:/home/runner/.m2/repository/org/eclipse/jetty/jetty-util-ajax/9.4.43.v20210629/jetty-util-ajax-9.4.43.v20210629.jar:/home/runner/.m2/repository/commons-daemon/commons-daemon/1.0.13/commons-daemon-1.0.13.jar:/home/runner/.m2/repository/io/netty/netty/3.10.6.Final/netty-3.10.6.Final.jar:/home/runner/.m2/repository/io/netty/netty-all/4.1.63.Final/netty-all-4.1.63.Final.jar:/home/runner/.m2/repository/org/apache/htrace/htrace-core4/4.1.0-incubating/htrace-core4-4.1.0-incubating.jar:/home/runner/.m2/repository/org/fusesource/leveldbjni/leveldbjni-all/1.8/leveldbjni-all-1.8.jar:/home/runner/.m2/repository/org/apache/hadoop/hadoop-distcp/3.3.1/hadoop-distcp-3.3.1.jar:/home/runner/.m2/repository/org/apache/hadoop/hadoop-mapreduce-client-jobclient/3.3.1/hadoop-mapreduce-client-jobclient-3.3.1.jar:/home/runner/.m2/repository/org/apache/hadoop/hadoop-mapreduce-client-common/3.3.1/hadoop-mapreduce-client-common-3.3.1.jar:/home/runner/.m2/repository/org/apache/hadoop/hadoop-yarn-common/3.3.1/hadoop-yarn-common-3.3.1.jar:/home/runner/.m2/repository/org/apache/hadoop/hadoop-yarn-api/3.3.1/hadoop-yarn-api-3.3.1.jar:/home/runner/.m2/repository/com/sun/jersey/jersey-client/1.19/jersey-client-1.19.jar:/home/runner/.m2/repository/com/sun/jersey/contribs/jersey-guice/1.19/jersey-guice-1.19.jar:/home/runner/.m2/repository/com/fasterxml/jackson/jaxrs/jackson-jaxrs-json-provider/2.12.1/jackson-jaxrs-json-provider-2.12.1.jar:/home/runner/.m2/repository/com/fasterxml/jackson/jaxrs/jackson-jaxrs-base/2.12.1/jackson-jaxrs-base-2.12.1.jar:/home/runner/.m2/repository/org/apache/hadoop/hadoop-yarn-client/3.3.1/hadoop-yarn-client-3.3.1.jar:/home/runner/.m2/repository/org/eclipse/jetty/websocket/websocket-client/9.4.40.v20210413/websocket-client-9.4.40.v20210413.jar:/home/runner/.m2/repository/org/eclipse/jetty/jetty-client/9.4.40.v20210413/jetty-client-9.4.40.v20210413.jar:/home/runner/.m2/repository/org/eclipse/jetty/websocket/websocket-common/9.4.40.v20210413/websocket-common-9.4.40.v20210413.jar:/home/runner/.m2/repository/org/eclipse/jetty/websocket/websocket-api/9.4.40.v20210413/websocket-api-9.4.40.v20210413.jar:/home/runner/.m2/repository/org/jline/jline/3.9.0/jline-3.9.0.jar:/home/runner/.m2/repository/org/apache/hadoop/hadoop-mapreduce-client-core/3.3.1/hadoop-mapreduce-client-core-3.3.1.jar:/home/runner/.m2/repository/org/apache/avro/avro/1.7.7/avro-1.7.7.jar:/home/runner/.m2/repository/org/codehaus/jackson/jackson-core-asl/1.9.13/jackson-core-asl-1.9.13.jar:/home/runner/.m2/repository/org/codehaus/jackson/jackson-mapper-asl/1.9.13/jackson-mapper-asl-1.9.13.jar:/home/runner/.m2/repository/com/thoughtworks/paranamer/paranamer/2.3/paranamer-2.3.jar:/home/runner/.m2/repository/org/apache/hadoop/hadoop-annotations/3.3.1/hadoop-annotations-3.3.1.jar:/usr/lib/jvm/adoptopenjdk-8-hotspot-amd64/jre/../lib/tools.jar:/home/runner/.m2/repository/org/apache/hadoop/hadoop-distcp/3.3.1/hadoop-distcp-3.3.1-tests.jar:/home/runner/.m2/repository/org/apache/ratis/ratis-common/2.1.0-03f3b68-SNAPSHOT/ratis-common-2.1.0-03f3b68-SNAPSHOT.jar:/home/runner/.m2/repository/org/apache/ratis/ratis-thirdparty-misc/0.7.0/ratis-thirdparty-misc-0.7.0.jar:/home/runner/.m2/repository/org/apache/ratis/ratis-proto/2.1.0-03f3b68-SNAPSHOT/ratis-proto-2.1.0-03f3b68-SNAPSHOT.jar:"/>
    <property name="java.vm.vendor" value="AdoptOpenJDK"/>
    <property name="sun.arch.data.model" value="64"/>
    <property name="test.build.dir" value="/home/runner/work/ozone/ozone/hadoop-ozone/integration-test/target/test-dir"/>
    <property name="test.cache.data" value=""/>
    <property name="java.vendor.url" value="https://adoptopenjdk.net/"/>
    <property name="user.timezone" value=""/>
    <property name="java.vm.specification.version" value="1.8"/>
    <property name="os.name" value="Linux"/>
    <property name="test.build.data" value="/home/runner/work/ozone/ozone/hadoop-ozone/integration-test/target/test-dir"/>
    <property name="sun.java.launcher" value="SUN_STANDARD"/>
    <property name="sun.boot.library.path" value="/usr/lib/jvm/adoptopenjdk-8-hotspot-amd64/jre/lib/amd64"/>
    <property name="sun.java.command" value="/home/runner/work/ozone/ozone/hadoop-ozone/integration-test/target/surefire/surefirebooter1750980432377272307.jar /home/runner/work/ozone/ozone/hadoop-ozone/integration-test/target/surefire 2021-08-31T12-50-06_372-jvmRun1 surefire4308631624267933497tmp surefire_55067658076441566101tmp"/>
    <property name="surefire.test.class.path" value="/home/runner/work/ozone/ozone/hadoop-ozone/integration-test/target/test-classes:/home/runner/work/ozone/ozone/hadoop-ozone/integration-test/target/classes:/home/runner/.m2/repository/org/apache/ozone/ozone-common/1.2.0-SNAPSHOT/ozone-common-1.2.0-SNAPSHOT.jar:/home/runner/.m2/repository/org/apache/commons/commons-compress/1.20/commons-compress-1.20.jar:/home/runner/.m2/repository/org/apache/ozone/hdds-common/1.2.0-SNAPSHOT/hdds-common-1.2.0-SNAPSHOT.jar:/home/runner/.m2/repository/org/apache/ozone/hdds-client/1.2.0-SNAPSHOT/hdds-client-1.2.0-SNAPSHOT.jar:/home/runner/.m2/repository/org/apache/ozone/ozone-interface-client/1.2.0-SNAPSHOT/ozone-interface-client-1.2.0-SNAPSHOT.jar:/home/runner/.m2/repository/org/apache/ozone/hdds-server-framework/1.2.0-SNAPSHOT/hdds-server-framework-1.2.0-SNAPSHOT.jar:/home/runner/.m2/repository/org/apache/ozone/hdds-interface-server/1.2.0-SNAPSHOT/hdds-interface-server-1.2.0-SNAPSHOT.jar:/home/runner/.m2/repository/org/eclipse/jetty/jetty-servlet/9.4.43.v20210629/jetty-servlet-9.4.43.v20210629.jar:/home/runner/.m2/repository/org/eclipse/jetty/jetty-security/9.4.43.v20210629/jetty-security-9.4.43.v20210629.jar:/home/runner/.m2/repository/org/rocksdb/rocksdbjni/6.20.3/rocksdbjni-6.20.3.jar:/home/runner/.m2/repository/io/prometheus/simpleclient_dropwizard/0.7.0/simpleclient_dropwizard-0.7.0.jar:/home/runner/.m2/repository/io/prometheus/simpleclient/0.7.0/simpleclient-0.7.0.jar:/home/runner/.m2/repository/io/prometheus/simpleclient_common/0.7.0/simpleclient_common-0.7.0.jar:/home/runner/.m2/repository/com/fasterxml/jackson/datatype/jackson-datatype-jsr310/2.12.1/jackson-datatype-jsr310-2.12.1.jar:/home/runner/.m2/repository/org/apache/ozone/hdds-test-utils/1.2.0-SNAPSHOT/hdds-test-utils-1.2.0-SNAPSHOT.jar:/home/runner/.m2/repository/com/google/guava/guava/30.1.1-jre/guava-30.1.1-jre.jar:/home/runner/.m2/repository/com/google/guava/failureaccess/1.0.1/failureaccess-1.0.1.jar:/home/runner/.m2/repository/com/google/guava/listenablefuture/9999.0-empty-to-avoid-conflict-with-guava/listenablefuture-9999.0-empty-to-avoid-conflict-with-guava.jar:/home/runner/.m2/repository/com/google/code/findbugs/jsr305/3.0.0/jsr305-3.0.0.jar:/home/runner/.m2/repository/org/checkerframework/checker-qual/3.8.0/checker-qual-3.8.0.jar:/home/runner/.m2/repository/com/google/errorprone/error_prone_annotations/2.2.0/error_prone_annotations-2.2.0.jar:/home/runner/.m2/repository/com/google/j2objc/j2objc-annotations/1.3/j2objc-annotations-1.3.jar:/home/runner/.m2/repository/commons-io/commons-io/2.8.0/commons-io-2.8.0.jar:/home/runner/.m2/repository/commons-logging/commons-logging/1.2/commons-logging-1.2.jar:/home/runner/.m2/repository/log4j/log4j/1.2.17/log4j-1.2.17.jar:/home/runner/.m2/repository/org/slf4j/slf4j-api/1.7.30/slf4j-api-1.7.30.jar:/home/runner/.m2/repository/org/apache/ozone/hdds-server-scm/1.2.0-SNAPSHOT/hdds-server-scm-1.2.0-SNAPSHOT.jar:/home/runner/.m2/repository/org/apache/ozone/hdds-container-service/1.2.0-SNAPSHOT/hdds-container-service-1.2.0-SNAPSHOT.jar:/home/runner/.m2/repository/org/apache/ozone/hdds-hadoop-dependency-server/1.2.0-SNAPSHOT/hdds-hadoop-dependency-server-1.2.0-SNAPSHOT.jar:/home/runner/.m2/repository/org/apache/hadoop/hadoop-hdfs/3.3.1/hadoop-hdfs-3.3.1.jar:/home/runner/.m2/repository/io/dropwizard/metrics/metrics-core/3.2.4/metrics-core-3.2.4.jar:/home/runner/.m2/repository/org/apache/hadoop/hadoop-hdfs-client/3.3.1/hadoop-hdfs-client-3.3.1.jar:/home/runner/.m2/repository/org/bouncycastle/bcprov-jdk15on/1.67/bcprov-jdk15on-1.67.jar:/home/runner/.m2/repository/com/google/protobuf/protobuf-java/2.5.0/protobuf-java-2.5.0.jar:/home/runner/.m2/repository/org/apache/ozone/ozone-manager/1.2.0-SNAPSHOT/ozone-manager-1.2.0-SNAPSHOT.jar:/home/runner/.m2/repository/org/aspectj/aspectjrt/1.8.9/aspectjrt-1.8.9.jar:/home/runner/.m2/repository/org/aspectj/aspectjweaver/1.8.9/aspectjweaver-1.8.9.jar:/home/runner/.m2/repository/org/apache/ozone/hdds-interface-client/1.2.0-SNAPSHOT/hdds-interface-client-1.2.0-SNAPSHOT.jar:/home/runner/.m2/repository/org/apache/hadoop/thirdparty/hadoop-shaded-protobuf_3_7/1.1.1/hadoop-shaded-protobuf_3_7-1.1.1.jar:/home/runner/.m2/repository/org/apache/ozone/ozone-interface-storage/1.2.0-SNAPSHOT/ozone-interface-storage-1.2.0-SNAPSHOT.jar:/home/runner/.m2/repository/org/reflections/reflections/0.9.11/reflections-0.9.11.jar:/home/runner/.m2/repository/org/apache/hadoop/hadoop-minikdc/3.3.1/hadoop-minikdc-3.3.1.jar:/home/runner/.m2/repository/org/apache/kerby/kerb-simplekdc/1.0.1/kerb-simplekdc-1.0.1.jar:/home/runner/.m2/repository/org/apache/kerby/kerb-client/1.0.1/kerb-client-1.0.1.jar:/home/runner/.m2/repository/org/apache/kerby/kerby-config/1.0.1/kerby-config-1.0.1.jar:/home/runner/.m2/repository/org/apache/kerby/kerb-common/1.0.1/kerb-common-1.0.1.jar:/home/runner/.m2/repository/org/apache/kerby/kerb-crypto/1.0.1/kerb-crypto-1.0.1.jar:/home/runner/.m2/repository/org/apache/kerby/kerb-util/1.0.1/kerb-util-1.0.1.jar:/home/runner/.m2/repository/org/apache/kerby/token-provider/1.0.1/token-provider-1.0.1.jar:/home/runner/.m2/repository/org/apache/kerby/kerb-admin/1.0.1/kerb-admin-1.0.1.jar:/home/runner/.m2/repository/org/apache/kerby/kerb-server/1.0.1/kerb-server-1.0.1.jar:/home/runner/.m2/repository/org/apache/kerby/kerb-identity/1.0.1/kerb-identity-1.0.1.jar:/home/runner/.m2/repository/org/apache/kerby/kerby-xdr/1.0.1/kerby-xdr-1.0.1.jar:/home/runner/.m2/repository/org/slf4j/slf4j-log4j12/1.7.30/slf4j-log4j12-1.7.30.jar:/home/runner/.m2/repository/org/apache/ozone/ozone-s3gateway/1.2.0-SNAPSHOT/ozone-s3gateway-1.2.0-SNAPSHOT.jar:/home/runner/.m2/repository/org/javassist/javassist/3.21.0-GA/javassist-3.21.0-GA.jar:/home/runner/.m2/repository/org/jboss/weld/servlet/weld-servlet/2.4.7.Final/weld-servlet-2.4.7.Final.jar:/home/runner/.m2/repository/org/glassfish/jersey/containers/jersey-container-servlet-core/2.33/jersey-container-servlet-core-2.33.jar:/home/runner/.m2/repository/org/glassfish/hk2/external/jakarta.inject/2.6.1/jakarta.inject-2.6.1.jar:/home/runner/.m2/repository/org/glassfish/jersey/core/jersey-common/2.33/jersey-common-2.33.jar:/home/runner/.m2/repository/jakarta/ws/rs/jakarta.ws.rs-api/2.1.6/jakarta.ws.rs-api-2.1.6.jar:/home/runner/.m2/repository/org/glassfish/jersey/ext/cdi/jersey-cdi1x/2.33/jersey-cdi1x-2.33.jar:/home/runner/.m2/repository/org/glassfish/jersey/inject/jersey-hk2/2.33/jersey-hk2-2.33.jar:/home/runner/.m2/repository/org/glassfish/hk2/hk2-locator/2.6.1/hk2-locator-2.6.1.jar:/home/runner/.m2/repository/org/glassfish/jersey/media/jersey-media-jaxb/2.33/jersey-media-jaxb-2.33.jar:/home/runner/.m2/repository/org/glassfish/hk2/osgi-resource-locator/1.0.3/osgi-resource-locator-1.0.3.jar:/home/runner/.m2/repository/org/glassfish/hk2/hk2-api/2.5.0/hk2-api-2.5.0.jar:/home/runner/.m2/repository/org/glassfish/hk2/hk2-utils/2.5.0/hk2-utils-2.5.0.jar:/home/runner/.m2/repository/org/glassfish/hk2/external/aopalliance-repackaged/2.5.0/aopalliance-repackaged-2.5.0.jar:/home/runner/.m2/repository/com/fasterxml/jackson/dataformat/jackson-dataformat-xml/2.12.1/jackson-dataformat-xml-2.12.1.jar:/home/runner/.m2/repository/com/fasterxml/jackson/core/jackson-core/2.12.1/jackson-core-2.12.1.jar:/home/runner/.m2/repository/com/fasterxml/jackson/module/jackson-module-jaxb-annotations/2.12.1/jackson-module-jaxb-annotations-2.12.1.jar:/home/runner/.m2/repository/jakarta/xml/bind/jakarta.xml.bind-api/2.3.2/jakarta.xml.bind-api-2.3.2.jar:/home/runner/.m2/repository/org/codehaus/woodstox/stax2-api/3.1.4/stax2-api-3.1.4.jar:/home/runner/.m2/repository/com/fasterxml/woodstox/woodstox-core/5.0.3/woodstox-core-5.0.3.jar:/home/runner/.m2/repository/javax/enterprise/cdi-api/1.2/cdi-api-1.2.jar:/home/runner/.m2/repository/javax/el/javax.el-api/3.0.0/javax.el-api-3.0.0.jar:/home/runner/.m2/repository/javax/interceptor/javax.interceptor-api/1.2/javax.interceptor-api-1.2.jar:/home/runner/.m2/repository/javax/inject/javax.inject/1/javax.inject-1.jar:/home/runner/.m2/repository/javax/xml/bind/jaxb-api/2.3.0/jaxb-api-2.3.0.jar:/home/runner/.m2/repository/org/glassfish/jaxb/jaxb-runtime/2.3.0.1/jaxb-runtime-2.3.0.1.jar:/home/runner/.m2/repository/org/glassfish/jaxb/jaxb-core/2.3.0.1/jaxb-core-2.3.0.1.jar:/home/runner/.m2/repository/org/glassfish/jaxb/txw2/2.3.0.1/txw2-2.3.0.1.jar:/home/runner/.m2/repository/com/sun/istack/istack-commons-runtime/3.0.5/istack-commons-runtime-3.0.5.jar:/home/runner/.m2/repository/org/jvnet/staxex/stax-ex/1.7.8/stax-ex-1.7.8.jar:/home/runner/.m2/repository/com/sun/xml/fastinfoset/FastInfoset/1.2.13/FastInfoset-1.2.13.jar:/home/runner/.m2/repository/javax/activation/activation/1.1.1/activation-1.1.1.jar:/home/runner/.m2/repository/org/apache/ozone/ozone-csi/1.2.0-SNAPSHOT/ozone-csi-1.2.0-SNAPSHOT.jar:/home/runner/.m2/repository/com/google/protobuf/protobuf-java-util/3.12.0/protobuf-java-util-3.12.0.jar:/home/runner/.m2/repository/com/google/code/gson/gson/2.2.4/gson-2.2.4.jar:/home/runner/.m2/repository/org/apache/ozone/hdds-config/1.2.0-SNAPSHOT/hdds-config-1.2.0-SNAPSHOT.jar:/home/runner/.m2/repository/io/grpc/grpc-netty/1.33.0/grpc-netty-1.33.0.jar:/home/runner/.m2/repository/io/grpc/grpc-core/1.33.0/grpc-core-1.33.0.jar:/home/runner/.m2/repository/com/google/android/annotations/4.1.1.4/annotations-4.1.1.4.jar:/home/runner/.m2/repository/io/netty/netty-codec-http2/4.1.63.Final/netty-codec-http2-4.1.63.Final.jar:/home/runner/.m2/repository/io/netty/netty-codec-http/4.1.63.Final/netty-codec-http-4.1.63.Final.jar:/home/runner/.m2/repository/io/netty/netty-handler-proxy/4.1.63.Final/netty-handler-proxy-4.1.63.Final.jar:/home/runner/.m2/repository/io/netty/netty-codec-socks/4.1.63.Final/netty-codec-socks-4.1.63.Final.jar:/home/runner/.m2/repository/io/perfmark/perfmark-api/0.19.0/perfmark-api-0.19.0.jar:/home/runner/.m2/repository/org/codehaus/mojo/animal-sniffer-annotations/1.18/animal-sniffer-annotations-1.18.jar:/home/runner/.m2/repository/io/netty/netty-transport-native-epoll/4.1.63.Final/netty-transport-native-epoll-4.1.63.Final.jar:/home/runner/.m2/repository/io/netty/netty-common/4.1.63.Final/netty-common-4.1.63.Final.jar:/home/runner/.m2/repository/io/netty/netty-buffer/4.1.63.Final/netty-buffer-4.1.63.Final.jar:/home/runner/.m2/repository/io/netty/netty-transport-native-unix-common/4.1.63.Final/netty-transport-native-unix-common-4.1.63.Final.jar:/home/runner/.m2/repository/io/grpc/grpc-protobuf/1.33.0/grpc-protobuf-1.33.0.jar:/home/runner/.m2/repository/io/grpc/grpc-api/1.33.0/grpc-api-1.33.0.jar:/home/runner/.m2/repository/io/grpc/grpc-context/1.33.0/grpc-context-1.33.0.jar:/home/runner/.m2/repository/com/google/api/grpc/proto-google-common-protos/1.17.0/proto-google-common-protos-1.17.0.jar:/home/runner/.m2/repository/io/grpc/grpc-protobuf-lite/1.33.0/grpc-protobuf-lite-1.33.0.jar:/home/runner/.m2/repository/io/grpc/grpc-stub/1.33.0/grpc-stub-1.33.0.jar:/home/runner/.m2/repository/org/apache/ozone/ozone-recon/1.2.0-SNAPSHOT/ozone-recon-1.2.0-SNAPSHOT.jar:/home/runner/.m2/repository/org/apache/ozone/ozone-reconcodegen/1.2.0-SNAPSHOT/ozone-reconcodegen-1.2.0-SNAPSHOT.jar:/home/runner/.m2/repository/com/google/inject/extensions/guice-multibindings/4.0/guice-multibindings-4.0.jar:/home/runner/.m2/repository/com/google/inject/guice/4.0/guice-4.0.jar:/home/runner/.m2/repository/aopalliance/aopalliance/1.0/aopalliance-1.0.jar:/home/runner/.m2/repository/com/google/inject/extensions/guice-assistedinject/4.0/guice-assistedinject-4.0.jar:/home/runner/.m2/repository/com/google/inject/extensions/guice-servlet/4.0/guice-servlet-4.0.jar:/home/runner/.m2/repository/org/glassfish/jersey/containers/jersey-container-servlet/2.33/jersey-container-servlet-2.33.jar:/home/runner/.m2/repository/org/glassfish/hk2/guice-bridge/2.5.0/guice-bridge-2.5.0.jar:/home/runner/.m2/repository/org/glassfish/jersey/core/jersey-server/2.33/jersey-server-2.33.jar:/home/runner/.m2/repository/org/glassfish/jersey/core/jersey-client/2.33/jersey-client-2.33.jar:/home/runner/.m2/repository/jakarta/annotation/jakarta.annotation-api/1.3.5/jakarta.annotation-api-1.3.5.jar:/home/runner/.m2/repository/jakarta/validation/jakarta.validation-api/2.0.2/jakarta.validation-api-2.0.2.jar:/home/runner/.m2/repository/org/glassfish/jersey/media/jersey-media-json-jackson/2.33/jersey-media-json-jackson-2.33.jar:/home/runner/.m2/repository/org/glassfish/jersey/ext/jersey-entity-filtering/2.33/jersey-entity-filtering-2.33.jar:/home/runner/.m2/repository/org/jooq/jooq/3.11.10/jooq-3.11.10.jar:/home/runner/.m2/repository/org/jooq/jooq-meta/3.11.10/jooq-meta-3.11.10.jar:/home/runner/.m2/repository/org/jooq/jooq-codegen/3.11.10/jooq-codegen-3.11.10.jar:/home/runner/.m2/repository/com/jolbox/bonecp/0.8.0.RELEASE/bonecp-0.8.0.RELEASE.jar:/home/runner/.m2/repository/org/apache/derby/derby/10.14.2.0/derby-10.14.2.0.jar:/home/runner/.m2/repository/org/xerial/sqlite-jdbc/3.25.2/sqlite-jdbc-3.25.2.jar:/home/runner/.m2/repository/org/springframework/spring-jdbc/5.2.11.RELEASE/spring-jdbc-5.2.11.RELEASE.jar:/home/runner/.m2/repository/org/springframework/spring-beans/5.2.11.RELEASE/spring-beans-5.2.11.RELEASE.jar:/home/runner/.m2/repository/org/springframework/spring-core/5.2.11.RELEASE/spring-core-5.2.11.RELEASE.jar:/home/runner/.m2/repository/org/springframework/spring-jcl/5.2.11.RELEASE/spring-jcl-5.2.11.RELEASE.jar:/home/runner/.m2/repository/org/springframework/spring-tx/5.2.11.RELEASE/spring-tx-5.2.11.RELEASE.jar:/home/runner/.m2/repository/org/apache/ozone/ozone-client/1.2.0-SNAPSHOT/ozone-client-1.2.0-SNAPSHOT.jar:/home/runner/.m2/repository/org/apache/ozone/ozone-filesystem/1.2.0-SNAPSHOT/ozone-filesystem-1.2.0-SNAPSHOT.jar:/home/runner/.m2/repository/org/apache/ozone/ozone-filesystem-common/1.2.0-SNAPSHOT/ozone-filesystem-common-1.2.0-SNAPSHOT.jar:/home/runner/.m2/repository/org/apache/ozone/ozone-tools/1.2.0-SNAPSHOT/ozone-tools-1.2.0-SNAPSHOT.jar:/home/runner/.m2/repository/org/apache/ratis/ratis-tools/2.1.0-03f3b68-SNAPSHOT/ratis-tools-2.1.0-03f3b68-SNAPSHOT.jar:/home/runner/.m2/repository/com/amazonaws/aws-java-sdk-core/1.11.901/aws-java-sdk-core-1.11.901.jar:/home/runner/.m2/repository/org/apache/httpcomponents/httpclient/4.5.13/httpclient-4.5.13.jar:/home/runner/.m2/repository/org/apache/httpcomponents/httpcore/4.4.13/httpcore-4.4.13.jar:/home/runner/.m2/repository/software/amazon/ion/ion-java/1.0.2/ion-java-1.0.2.jar:/home/runner/.m2/repository/com/fasterxml/jackson/dataformat/jackson-dataformat-cbor/2.12.1/jackson-dataformat-cbor-2.12.1.jar:/home/runner/.m2/repository/joda-time/joda-time/2.8.1/joda-time-2.8.1.jar:/home/runner/.m2/repository/com/amazonaws/aws-java-sdk-s3/1.11.901/aws-java-sdk-s3-1.11.901.jar:/home/runner/.m2/repository/com/amazonaws/aws-java-sdk-kms/1.11.901/aws-java-sdk-kms-1.11.901.jar:/home/runner/.m2/repository/com/amazonaws/jmespath-java/1.11.901/jmespath-java-1.11.901.jar:/home/runner/.m2/repository/org/kohsuke/metainf-services/metainf-services/1.8/metainf-services-1.8.jar:/home/runner/.m2/repository/org/apache/ozone/hdds-tools/1.2.0-SNAPSHOT/hdds-tools-1.2.0-SNAPSHOT.jar:/home/runner/.m2/repository/commons-cli/commons-cli/1.2/commons-cli-1.2.jar:/home/runner/.m2/repository/org/apache/commons/commons-lang3/3.7/commons-lang3-3.7.jar:/home/runner/.m2/repository/org/apache/ozone/ozone-manager/1.2.0-SNAPSHOT/ozone-manager-1.2.0-SNAPSHOT-tests.jar:/home/runner/.m2/repository/org/apache/ozone/hdds-common/1.2.0-SNAPSHOT/hdds-common-1.2.0-SNAPSHOT-tests.jar:/home/runner/.m2/repository/org/apache/ozone/hdds-hadoop-dependency-client/1.2.0-SNAPSHOT/hdds-hadoop-dependency-client-1.2.0-SNAPSHOT.jar:/home/runner/.m2/repository/info/picocli/picocli/4.6.1/picocli-4.6.1.jar:/home/runner/.m2/repository/com/fasterxml/jackson/core/jackson-annotations/2.12.1/jackson-annotations-2.12.1.jar:/home/runner/.m2/repository/javax/annotation/javax.annotation-api/1.2/javax.annotation-api-1.2.jar:/home/runner/.m2/repository/org/apache/ratis/ratis-server/2.1.0-03f3b68-SNAPSHOT/ratis-server-2.1.0-03f3b68-SNAPSHOT.jar:/home/runner/.m2/repository/org/apache/ratis/ratis-client/2.1.0-03f3b68-SNAPSHOT/ratis-client-2.1.0-03f3b68-SNAPSHOT.jar:/home/runner/.m2/repository/org/apache/ratis/ratis-server-api/2.1.0-03f3b68-SNAPSHOT/ratis-server-api-2.1.0-03f3b68-SNAPSHOT.jar:/home/runner/.m2/repository/org/apache/ratis/ratis-metrics/2.1.0-03f3b68-SNAPSHOT/ratis-metrics-2.1.0-03f3b68-SNAPSHOT.jar:/home/runner/.m2/repository/org/apache/ratis/ratis-netty/2.1.0-03f3b68-SNAPSHOT/ratis-netty-2.1.0-03f3b68-SNAPSHOT.jar:/home/runner/.m2/repository/org/apache/ratis/ratis-grpc/2.1.0-03f3b68-SNAPSHOT/ratis-grpc-2.1.0-03f3b68-SNAPSHOT.jar:/home/runner/.m2/repository/org/apache/logging/log4j/log4j-api/2.13.3/log4j-api-2.13.3.jar:/home/runner/.m2/repository/org/apache/logging/log4j/log4j-core/2.13.3/log4j-core-2.13.3.jar:/home/runner/.m2/repository/com/lmax/disruptor/3.4.2/disruptor-3.4.2.jar:/home/runner/.m2/repository/org/apache/commons/commons-pool2/2.6.0/commons-pool2-2.6.0.jar:/home/runner/.m2/repository/org/bouncycastle/bcpkix-jdk15on/1.67/bcpkix-jdk15on-1.67.jar:/home/runner/.m2/repository/commons-validator/commons-validator/1.6/commons-validator-1.6.jar:/home/runner/.m2/repository/commons-beanutils/commons-beanutils/1.9.4/commons-beanutils-1.9.4.jar:/home/runner/.m2/repository/commons-digester/commons-digester/1.8.1/commons-digester-1.8.1.jar:/home/runner/.m2/repository/commons-collections/commons-collections/3.2.2/commons-collections-3.2.2.jar:/home/runner/.m2/repository/io/jaegertracing/jaeger-client/1.6.0/jaeger-client-1.6.0.jar:/home/runner/.m2/repository/io/jaegertracing/jaeger-thrift/1.6.0/jaeger-thrift-1.6.0.jar:/home/runner/.m2/repository/org/apache/thrift/libthrift/0.14.1/libthrift-0.14.1.jar:/home/runner/.m2/repository/com/squareup/okhttp3/okhttp/4.9.0/okhttp-4.9.0.jar:/home/runner/.m2/repository/com/squareup/okio/okio/2.8.0/okio-2.8.0.jar:/home/runner/.m2/repository/io/jaegertracing/jaeger-core/1.6.0/jaeger-core-1.6.0.jar:/home/runner/.m2/repository/io/jaegertracing/jaeger-tracerresolver/1.6.0/jaeger-tracerresolver-1.6.0.jar:/home/runner/.m2/repository/io/opentracing/contrib/opentracing-tracerresolver/0.1.8/opentracing-tracerresolver-0.1.8.jar:/home/runner/.m2/repository/org/jetbrains/kotlin/kotlin-stdlib/1.4.31/kotlin-stdlib-1.4.31.jar:/home/runner/.m2/repository/org/jetbrains/kotlin/kotlin-stdlib-common/1.4.31/kotlin-stdlib-common-1.4.31.jar:/home/runner/.m2/repository/org/jetbrains/annotations/13.0/annotations-13.0.jar:/home/runner/.m2/repository/io/opentracing/opentracing-util/0.33.0/opentracing-util-0.33.0.jar:/home/runner/.m2/repository/io/opentracing/opentracing-api/0.33.0/opentracing-api-0.33.0.jar:/home/runner/.m2/repository/io/opentracing/opentracing-noop/0.33.0/opentracing-noop-0.33.0.jar:/home/runner/.m2/repository/org/yaml/snakeyaml/1.26/snakeyaml-1.26.jar:/home/runner/.m2/repository/org/apache/ozone/hdds-interface-admin/1.2.0-SNAPSHOT/hdds-interface-admin-1.2.0-SNAPSHOT.jar:/home/runner/.m2/repository/junit/junit/4.13.1/junit-4.13.1.jar:/home/runner/.m2/repository/org/hamcrest/hamcrest-core/1.3/hamcrest-core-1.3.jar:/home/runner/.m2/repository/org/junit/jupiter/junit-jupiter-api/5.7.0/junit-jupiter-api-5.7.0.jar:/home/runner/.m2/repository/org/apiguardian/apiguardian-api/1.1.0/apiguardian-api-1.1.0.jar:/home/runner/.m2/repository/org/opentest4j/opentest4j/1.2.0/opentest4j-1.2.0.jar:/home/runner/.m2/repository/org/junit/platform/junit-platform-commons/1.7.0/junit-platform-commons-1.7.0.jar:/home/runner/.m2/repository/org/junit/jupiter/junit-jupiter-engine/5.7.0/junit-jupiter-engine-5.7.0.jar:/home/runner/.m2/repository/org/junit/platform/junit-platform-engine/1.7.0/junit-platform-engine-1.7.0.jar:/home/runner/.m2/repository/org/junit/vintage/junit-vintage-engine/5.7.0/junit-vintage-engine-5.7.0.jar:/home/runner/.m2/repository/org/junit/platform/junit-platform-launcher/1.7.0/junit-platform-launcher-1.7.0.jar:/home/runner/.m2/repository/org/openjdk/jmh/jmh-core/1.19/jmh-core-1.19.jar:/home/runner/.m2/repository/net/sf/jopt-simple/jopt-simple/4.6/jopt-simple-4.6.jar:/home/runner/.m2/repository/org/apache/commons/commons-math3/3.1.1/commons-math3-3.1.1.jar:/home/runner/.m2/repository/org/openjdk/jmh/jmh-generator-annprocess/1.19/jmh-generator-annprocess-1.19.jar:/home/runner/.m2/repository/org/mockito/mockito-core/2.28.2/mockito-core-2.28.2.jar:/home/runner/.m2/repository/net/bytebuddy/byte-buddy/1.9.10/byte-buddy-1.9.10.jar:/home/runner/.m2/repository/net/bytebuddy/byte-buddy-agent/1.9.10/byte-buddy-agent-1.9.10.jar:/home/runner/.m2/repository/org/objenesis/objenesis/1.0/objenesis-1.0.jar:/home/runner/.m2/repository/org/apache/hadoop/hadoop-kms/3.3.1/hadoop-kms-3.3.1.jar:/home/runner/.m2/repository/org/apache/hadoop/hadoop-auth/3.3.1/hadoop-auth-3.3.1.jar:/home/runner/.m2/repository/com/nimbusds/nimbus-jose-jwt/7.9/nimbus-jose-jwt-7.9.jar:/home/runner/.m2/repository/com/github/stephenc/jcip/jcip-annotations/1.0-1/jcip-annotations-1.0-1.jar:/home/runner/.m2/repository/net/minidev/json-smart/2.3/json-smart-2.3.jar:/home/runner/.m2/repository/net/minidev/accessors-smart/1.2/accessors-smart-1.2.jar:/home/runner/.m2/repository/org/ow2/asm/asm/5.0.4/asm-5.0.4.jar:/home/runner/.m2/repository/org/apache/zookeeper/zookeeper/3.5.6/zookeeper-3.5.6.jar:/home/runner/.m2/repository/org/apache/zookeeper/zookeeper-jute/3.5.6/zookeeper-jute-3.5.6.jar:/home/runner/.m2/repository/org/apache/yetus/audience-annotations/0.5.0/audience-annotations-0.5.0.jar:/home/runner/.m2/repository/org/apache/curator/curator-framework/4.2.0/curator-framework-4.2.0.jar:/home/runner/.m2/repository/org/apache/hadoop/thirdparty/hadoop-shaded-guava/1.1.1/hadoop-shaded-guava-1.1.1.jar:/home/runner/.m2/repository/com/sun/jersey/jersey-core/1.19/jersey-core-1.19.jar:/home/runner/.m2/repository/javax/ws/rs/jsr311-api/1.1.1/jsr311-api-1.1.1.jar:/home/runner/.m2/repository/com/sun/jersey/jersey-server/1.19/jersey-server-1.19.jar:/home/runner/.m2/repository/javax/servlet/javax.servlet-api/3.1.0/javax.servlet-api-3.1.0.jar:/home/runner/.m2/repository/org/eclipse/jetty/jetty-server/9.4.43.v20210629/jetty-server-9.4.43.v20210629.jar:/home/runner/.m2/repository/org/eclipse/jetty/jetty-http/9.4.43.v20210629/jetty-http-9.4.43.v20210629.jar:/home/runner/.m2/repository/org/eclipse/jetty/jetty-io/9.4.43.v20210629/jetty-io-9.4.43.v20210629.jar:/home/runner/.m2/repository/org/eclipse/jetty/jetty-webapp/9.4.43.v20210629/jetty-webapp-9.4.43.v20210629.jar:/home/runner/.m2/repository/org/eclipse/jetty/jetty-xml/9.4.43.v20210629/jetty-xml-9.4.43.v20210629.jar:/home/runner/.m2/repository/org/apache/hadoop/hadoop-common/3.3.1/hadoop-common-3.3.1.jar:/home/runner/.m2/repository/commons-net/commons-net/3.6/commons-net-3.6.jar:/home/runner/.m2/repository/jakarta/activation/jakarta.activation-api/1.2.1/jakarta.activation-api-1.2.1.jar:/home/runner/.m2/repository/com/sun/jersey/jersey-servlet/1.19/jersey-servlet-1.19.jar:/home/runner/.m2/repository/com/sun/jersey/jersey-json/1.19/jersey-json-1.19.jar:/home/runner/.m2/repository/org/codehaus/jettison/jettison/1.1/jettison-1.1.jar:/home/runner/.m2/repository/com/sun/xml/bind/jaxb-impl/2.2.3-1/jaxb-impl-2.2.3-1.jar:/home/runner/.m2/repository/org/codehaus/jackson/jackson-jaxrs/1.9.2/jackson-jaxrs-1.9.2.jar:/home/runner/.m2/repository/org/codehaus/jackson/jackson-xc/1.9.2/jackson-xc-1.9.2.jar:/home/runner/.m2/repository/org/apache/commons/commons-configuration2/2.1.1/commons-configuration2-2.1.1.jar:/home/runner/.m2/repository/org/apache/commons/commons-text/1.4/commons-text-1.4.jar:/home/runner/.m2/repository/com/google/re2j/re2j/1.1/re2j-1.1.jar:/home/runner/.m2/repository/com/jcraft/jsch/0.1.54/jsch-0.1.54.jar:/home/runner/.m2/repository/org/apache/curator/curator-client/4.2.0/curator-client-4.2.0.jar:/home/runner/.m2/repository/org/apache/curator/curator-recipes/4.2.0/curator-recipes-4.2.0.jar:/home/runner/.m2/repository/org/apache/kerby/kerb-core/1.0.1/kerb-core-1.0.1.jar:/home/runner/.m2/repository/org/apache/kerby/kerby-pkix/1.0.1/kerby-pkix-1.0.1.jar:/home/runner/.m2/repository/org/apache/kerby/kerby-asn1/1.0.1/kerby-asn1-1.0.1.jar:/home/runner/.m2/repository/org/apache/kerby/kerby-util/1.0.1/kerby-util-1.0.1.jar:/home/runner/.m2/repository/dnsjava/dnsjava/2.1.7/dnsjava-2.1.7.jar:/home/runner/.m2/repository/org/xerial/snappy/snappy-java/1.1.8.2/snappy-java-1.1.8.2.jar:/home/runner/.m2/repository/org/slf4j/jul-to-slf4j/1.7.30/jul-to-slf4j-1.7.30.jar:/home/runner/.m2/repository/org/eclipse/jetty/jetty-util/9.4.43.v20210629/jetty-util-9.4.43.v20210629.jar:/home/runner/.m2/repository/com/fasterxml/jackson/core/jackson-databind/2.12.1/jackson-databind-2.12.1.jar:/home/runner/.m2/repository/org/apache/hadoop/hadoop-kms/3.3.1/hadoop-kms-3.3.1-tests.jar:/home/runner/.m2/repository/org/apache/ozone/hdds-server-scm/1.2.0-SNAPSHOT/hdds-server-scm-1.2.0-SNAPSHOT-tests.jar:/home/runner/.m2/repository/org/apache/ozone/hdds-container-service/1.2.0-SNAPSHOT/hdds-container-service-1.2.0-SNAPSHOT-tests.jar:/home/runner/.m2/repository/commons-codec/commons-codec/1.11/commons-codec-1.11.jar:/home/runner/.m2/repository/io/netty/netty-transport/4.1.63.Final/netty-transport-4.1.63.Final.jar:/home/runner/.m2/repository/io/netty/netty-resolver/4.1.63.Final/netty-resolver-4.1.63.Final.jar:/home/runner/.m2/repository/io/netty/netty-codec/4.1.63.Final/netty-codec-4.1.63.Final.jar:/home/runner/.m2/repository/io/netty/netty-handler/4.1.63.Final/netty-handler-4.1.63.Final.jar:/home/runner/.m2/repository/org/apache/ozone/hdds-hadoop-dependency-test/1.2.0-SNAPSHOT/hdds-hadoop-dependency-test-1.2.0-SNAPSHOT.jar:/home/runner/.m2/repository/org/apache/hadoop/hadoop-common/3.3.1/hadoop-common-3.3.1-tests.jar:/home/runner/.m2/repository/org/assertj/assertj-core/3.12.2/assertj-core-3.12.2.jar:/home/runner/.m2/repository/org/apache/hadoop/hadoop-hdfs/3.3.1/hadoop-hdfs-3.3.1-tests.jar:/home/runner/.m2/repository/org/eclipse/jetty/jetty-util-ajax/9.4.43.v20210629/jetty-util-ajax-9.4.43.v20210629.jar:/home/runner/.m2/repository/commons-daemon/commons-daemon/1.0.13/commons-daemon-1.0.13.jar:/home/runner/.m2/repository/io/netty/netty/3.10.6.Final/netty-3.10.6.Final.jar:/home/runner/.m2/repository/io/netty/netty-all/4.1.63.Final/netty-all-4.1.63.Final.jar:/home/runner/.m2/repository/org/apache/htrace/htrace-core4/4.1.0-incubating/htrace-core4-4.1.0-incubating.jar:/home/runner/.m2/repository/org/fusesource/leveldbjni/leveldbjni-all/1.8/leveldbjni-all-1.8.jar:/home/runner/.m2/repository/org/apache/hadoop/hadoop-distcp/3.3.1/hadoop-distcp-3.3.1.jar:/home/runner/.m2/repository/org/apache/hadoop/hadoop-mapreduce-client-jobclient/3.3.1/hadoop-mapreduce-client-jobclient-3.3.1.jar:/home/runner/.m2/repository/org/apache/hadoop/hadoop-mapreduce-client-common/3.3.1/hadoop-mapreduce-client-common-3.3.1.jar:/home/runner/.m2/repository/org/apache/hadoop/hadoop-yarn-common/3.3.1/hadoop-yarn-common-3.3.1.jar:/home/runner/.m2/repository/org/apache/hadoop/hadoop-yarn-api/3.3.1/hadoop-yarn-api-3.3.1.jar:/home/runner/.m2/repository/com/sun/jersey/jersey-client/1.19/jersey-client-1.19.jar:/home/runner/.m2/repository/com/sun/jersey/contribs/jersey-guice/1.19/jersey-guice-1.19.jar:/home/runner/.m2/repository/com/fasterxml/jackson/jaxrs/jackson-jaxrs-json-provider/2.12.1/jackson-jaxrs-json-provider-2.12.1.jar:/home/runner/.m2/repository/com/fasterxml/jackson/jaxrs/jackson-jaxrs-base/2.12.1/jackson-jaxrs-base-2.12.1.jar:/home/runner/.m2/repository/org/apache/hadoop/hadoop-yarn-client/3.3.1/hadoop-yarn-client-3.3.1.jar:/home/runner/.m2/repository/org/eclipse/jetty/websocket/websocket-client/9.4.40.v20210413/websocket-client-9.4.40.v20210413.jar:/home/runner/.m2/repository/org/eclipse/jetty/jetty-client/9.4.40.v20210413/jetty-client-9.4.40.v20210413.jar:/home/runner/.m2/repository/org/eclipse/jetty/websocket/websocket-common/9.4.40.v20210413/websocket-common-9.4.40.v20210413.jar:/home/runner/.m2/repository/org/eclipse/jetty/websocket/websocket-api/9.4.40.v20210413/websocket-api-9.4.40.v20210413.jar:/home/runner/.m2/repository/org/jline/jline/3.9.0/jline-3.9.0.jar:/home/runner/.m2/repository/org/apache/hadoop/hadoop-mapreduce-client-core/3.3.1/hadoop-mapreduce-client-core-3.3.1.jar:/home/runner/.m2/repository/org/apache/avro/avro/1.7.7/avro-1.7.7.jar:/home/runner/.m2/repository/org/codehaus/jackson/jackson-core-asl/1.9.13/jackson-core-asl-1.9.13.jar:/home/runner/.m2/repository/org/codehaus/jackson/jackson-mapper-asl/1.9.13/jackson-mapper-asl-1.9.13.jar:/home/runner/.m2/repository/com/thoughtworks/paranamer/paranamer/2.3/paranamer-2.3.jar:/home/runner/.m2/repository/org/apache/hadoop/hadoop-annotations/3.3.1/hadoop-annotations-3.3.1.jar:/usr/lib/jvm/adoptopenjdk-8-hotspot-amd64/jre/../lib/tools.jar:/home/runner/.m2/repository/org/apache/hadoop/hadoop-distcp/3.3.1/hadoop-distcp-3.3.1-tests.jar:/home/runner/.m2/repository/org/apache/ratis/ratis-common/2.1.0-03f3b68-SNAPSHOT/ratis-common-2.1.0-03f3b68-SNAPSHOT.jar:/home/runner/.m2/repository/org/apache/ratis/ratis-thirdparty-misc/0.7.0/ratis-thirdparty-misc-0.7.0.jar:/home/runner/.m2/repository/org/apache/ratis/ratis-proto/2.1.0-03f3b68-SNAPSHOT/ratis-proto-2.1.0-03f3b68-SNAPSHOT.jar:"/>
    <property name="sun.cpu.endian" value="little"/>
    <property name="user.home" value="/home/runner"/>
    <property name="user.language" value="en"/>
    <property name="java.specification.vendor" value="Oracle Corporation"/>
    <property name="java.home" value="/usr/lib/jvm/adoptopenjdk-8-hotspot-amd64/jre"/>
    <property name="java.security.krb5.conf" value="/home/runner/work/ozone/ozone/hadoop-ozone/integration-test/target/test-classes/krb5.conf"/>
    <property name="basedir" value="/home/runner/work/ozone/ozone/hadoop-ozone/integration-test"/>
    <property name="file.separator" value="/"/>
    <property name="line.separator" value="&#10;"/>
    <property name="java.vm.specification.vendor" value="Oracle Corporation"/>
    <property name="java.specification.name" value="Java Platform API Specification"/>
    <property name="java.awt.graphicsenv" value="sun.awt.X11GraphicsEnvironment"/>
    <property name="skip.installnpx" value="true"/>
    <property name="surefire.real.class.path" value="/home/runner/work/ozone/ozone/hadoop-ozone/integration-test/target/surefire/surefirebooter1750980432377272307.jar:/home/runner/.m2/repository/org/jacoco/org.jacoco.agent/0.8.5/org.jacoco.agent-0.8.5-runtime.jar"/>
    <property name="hadoop.log.dir" value="/home/runner/work/ozone/ozone/hadoop-ozone/integration-test/target/log"/>
    <property name="sun.boot.class.path" value="/usr/lib/jvm/adoptopenjdk-8-hotspot-amd64/jre/lib/resources.jar:/usr/lib/jvm/adoptopenjdk-8-hotspot-amd64/jre/lib/rt.jar:/usr/lib/jvm/adoptopenjdk-8-hotspot-amd64/jre/lib/sunrsasign.jar:/usr/lib/jvm/adoptopenjdk-8-hotspot-amd64/jre/lib/jsse.jar:/usr/lib/jvm/adoptopenjdk-8-hotspot-amd64/jre/lib/jce.jar:/usr/lib/jvm/adoptopenjdk-8-hotspot-amd64/jre/lib/charsets.jar:/usr/lib/jvm/adoptopenjdk-8-hotspot-amd64/jre/lib/jfr.jar:/usr/lib/jvm/adoptopenjdk-8-hotspot-amd64/jre/classes"/>
    <property name="sun.management.compiler" value="HotSpot 64-Bit Tiered Compilers"/>
    <property name="skip.npx" value="true"/>
    <property name="java.runtime.version" value="1.8.0_292-b10"/>
    <property name="java.net.preferIPv4Stack" value="true"/>
    <property name="user.name" value="runner"/>
    <property name="path.separator" value=":"/>
    <property name="java.security.egd" value="file:///dev/urandom"/>
    <property name="os.version" value="5.4.0-1055-azure"/>
    <property name="java.endorsed.dirs" value="/usr/lib/jvm/adoptopenjdk-8-hotspot-amd64/jre/lib/endorsed"/>
    <property name="java.runtime.name" value="OpenJDK Runtime Environment"/>
    <property name="file.encoding" value="UTF-8"/>
    <property name="java.vm.name" value="OpenJDK 64-Bit Server VM"/>
    <property name="test.build.webapps" value=""/>
    <property name="localRepository" value="/home/runner/.m2/repository"/>
    <property name="java.vendor.url.bug" value="https://github.com/AdoptOpenJDK/openjdk-support/issues"/>
    <property name="java.io.tmpdir" value="/tmp"/>
    <property name="require.test.libhadoop" value=""/>
    <property name="java.version" value="1.8.0_292"/>
    <property name="user.dir" value="/home/runner/work/ozone/ozone/hadoop-ozone/integration-test"/>
    <property name="os.arch" value="amd64"/>
    <property name="java.vm.specification.name" value="Java Virtual Machine Specification"/>
    <property name="test.build.classes" value="/home/runner/work/ozone/ozone/hadoop-ozone/integration-test/target/test-classes"/>
    <property name="java.awt.printerjob" value="sun.print.PSPrinterJob"/>
    <property name="sun.os.patch.level" value="unknown"/>
    <property name="hadoop.tmp.dir" value="/home/runner/work/ozone/ozone/hadoop-ozone/integration-test/target/tmp"/>
    <property name="java.library.path" value="/usr/java/packages/lib/amd64:/usr/lib64:/lib64:/lib:/usr/lib"/>
    <property name="java.vm.info" value="mixed mode"/>
    <property name="java.vendor" value="AdoptOpenJDK"/>
    <property name="java.vm.version" value="25.292-b10"/>
    <property name="java.ext.dirs" value="/usr/lib/jvm/adoptopenjdk-8-hotspot-amd64/jre/lib/ext:/usr/java/packages/lib/ext"/>
    <property name="sun.io.unicode.encoding" value="UnicodeLittle"/>
    <property name="java.class.version" value="52.0"/>
  </properties>
  <testcase name="test2DatanodesFailure" classname="org.apache.hadoop.ozone.client.rpc.TestBlockOutputStreamWithFailures" time="73.476">
    <error message="java.io.IOException: INTERNAL_ERROR org.apache.hadoop.ozone.om.exceptions.OMException: Allocated 0 blocks. Requested 1 blocks" type="java.io.IOException">java.io.IOException: java.io.IOException: INTERNAL_ERROR org.apache.hadoop.ozone.om.exceptions.OMException: Allocated 0 blocks. Requested 1 blocks
	at org.apache.hadoop.ozone.client.io.KeyOutputStream.handleWrite(KeyOutputStream.java:250)
	at org.apache.hadoop.ozone.client.io.KeyOutputStream.write(KeyOutputStream.java:220)
	at org.apache.hadoop.ozone.client.io.OzoneOutputStream.write(OzoneOutputStream.java:50)
	at java.io.OutputStream.write(OutputStream.java:75)
	at org.apache.hadoop.ozone.client.rpc.TestBlockOutputStreamWithFailures.test2DatanodesFailure(TestBlockOutputStreamWithFailures.java:407)
	at sun.reflect.NativeMethodAccessorImpl.invoke0(Native Method)
	at sun.reflect.NativeMethodAccessorImpl.invoke(NativeMethodAccessorImpl.java:62)
	at sun.reflect.DelegatingMethodAccessorImpl.invoke(DelegatingMethodAccessorImpl.java:43)
	at java.lang.reflect.Method.invoke(Method.java:498)
	at org.junit.runners.model.FrameworkMethod$1.runReflectiveCall(FrameworkMethod.java:59)
	at org.junit.internal.runners.model.ReflectiveCallable.run(ReflectiveCallable.java:12)
	at org.junit.runners.model.FrameworkMethod.invokeExplosively(FrameworkMethod.java:56)
	at org.junit.internal.runners.statements.InvokeMethod.evaluate(InvokeMethod.java:17)
	at org.junit.internal.runners.statements.RunBefores.evaluate(RunBefores.java:26)
	at org.junit.internal.runners.statements.RunAfters.evaluate(RunAfters.java:27)
	at org.junit.internal.runners.statements.FailOnTimeout$CallableStatement.call(FailOnTimeout.java:288)
	at org.junit.internal.runners.statements.FailOnTimeout$CallableStatement.call(FailOnTimeout.java:282)
	at java.util.concurrent.FutureTask.run(FutureTask.java:266)
	at java.lang.Thread.run(Thread.java:748)
Caused by: java.io.IOException: INTERNAL_ERROR org.apache.hadoop.ozone.om.exceptions.OMException: Allocated 0 blocks. Requested 1 blocks
	at org.apache.hadoop.ozone.client.io.KeyOutputStream.handleWrite(KeyOutputStream.java:250)
	at org.apache.hadoop.ozone.client.io.KeyOutputStream.handleRetry(KeyOutputStream.java:423)
	at org.apache.hadoop.ozone.client.io.KeyOutputStream.handleException(KeyOutputStream.java:368)
	at org.apache.hadoop.ozone.client.io.KeyOutputStream.handleFlushOrClose(KeyOutputStream.java:479)
	at org.apache.hadoop.ozone.client.io.KeyOutputStream.handleWrite(KeyOutputStream.java:244)
	... 18 more
Caused by: INTERNAL_ERROR org.apache.hadoop.ozone.om.exceptions.OMException: Allocated 0 blocks. Requested 1 blocks
	at org.apache.hadoop.ozone.om.protocolPB.OzoneManagerProtocolClientSideTranslatorPB.handleError(OzoneManagerProtocolClientSideTranslatorPB.java:613)
	at org.apache.hadoop.ozone.om.protocolPB.OzoneManagerProtocolClientSideTranslatorPB.allocateBlock(OzoneManagerProtocolClientSideTranslatorPB.java:643)
	at org.apache.hadoop.ozone.client.io.BlockOutputStreamEntryPool.allocateNewBlock(BlockOutputStreamEntryPool.java:243)
	at org.apache.hadoop.ozone.client.io.BlockOutputStreamEntryPool.allocateBlockIfNeeded(BlockOutputStreamEntryPool.java:289)
	at org.apache.hadoop.ozone.client.io.KeyOutputStream.handleWrite(KeyOutputStream.java:229)
	... 22 more
</error>
    <system-out><![CDATA[2021-08-31 13:03:34,495 [Time-limited test] WARN  server.ServerUtils (ServerUtils.java:getScmDbDir(148)) - ozone.scm.db.dirs is not configured. We recommend adding this setting. Falling back to ozone.metadata.dirs instead.
2021-08-31 13:03:34,584 [Time-limited test] INFO  ha.SCMHANodeDetails (SCMHANodeDetails.java:loadSCMHAConfig(157)) - ServiceID for StorageContainerManager is null
2021-08-31 13:03:34,584 [Time-limited test] INFO  ha.SCMHANodeDetails (SCMHANodeDetails.java:loadSCMHAConfig(162)) - ozone.scm.default.service.id is not defined, falling back to ozone.scm.service.ids to find serviceID for StorageContainerManager if it is HA enabled cluster
2021-08-31 13:03:34,711 [Time-limited test] WARN  server.ServerUtils (ServerUtils.java:getScmDbDir(148)) - ozone.scm.db.dirs is not configured. We recommend adding this setting. Falling back to ozone.metadata.dirs instead.
2021-08-31 13:03:34,714 [Time-limited test] INFO  upgrade.AbstractLayoutVersionManager (AbstractLayoutVersionManager.java:init(70)) - Initializing Layout version manager with metadata layout = SCM_HA (version = 2), software layout = SCM_HA (version = 2)
2021-08-31 13:03:34,975 [Time-limited test] INFO  reflections.Reflections (Reflections.java:scan(232)) - Reflections took 164 ms to scan 7 urls, producing 120 keys and 275 values 
2021-08-31 13:03:35,632 [Time-limited test] WARN  utils.HAUtils (HAUtils.java:getMetaDir(342)) - ozone.scm.db.dirs is not configured. We recommend adding this setting. Falling back to ozone.metadata.dirs instead.
2021-08-31 13:03:35,761 [Time-limited test] WARN  db.DBStoreBuilder (DBStoreBuilder.java:applyDBDefinition(145)) - ozone.scm.db.dirs is not configured. We recommend adding this setting. Falling back to ozone.metadata.dirs instead.
2021-08-31 13:03:35,917 [Time-limited test] INFO  net.NodeSchemaLoader (NodeSchemaLoader.java:loadSchemaFromFile(129)) - Loading schema from [jar:file:/home/runner/.m2/repository/org/apache/ozone/hdds-common/1.2.0-SNAPSHOT/hdds-common-1.2.0-SNAPSHOT.jar!/network-topology-default.xml]
2021-08-31 13:03:35,919 [Time-limited test] INFO  net.NodeSchemaLoader (NodeSchemaLoader.java:loadSchema(176)) - Loading network topology layer schema file
2021-08-31 13:03:35,959 [Time-limited test] INFO  metrics.MetricRegistries (MetricRegistriesLoader.java:load(64)) - Loaded MetricRegistries class org.apache.ratis.metrics.impl.MetricRegistriesImpl
2021-08-31 13:03:35,974 [Time-limited test] INFO  ha.SequenceIdGenerator (SequenceIdGenerator.java:upgradeToSequenceId(327)) - upgrade localId to 107544261427200000
2021-08-31 13:03:35,974 [Time-limited test] INFO  ha.SequenceIdGenerator (SequenceIdGenerator.java:upgradeToSequenceId(337)) - upgrade delTxnId to 0
2021-08-31 13:03:35,977 [Time-limited test] INFO  ha.SequenceIdGenerator (SequenceIdGenerator.java:upgradeToSequenceId(351)) - upgrade containerId to 0
2021-08-31 13:03:35,979 [Time-limited test] INFO  ha.SequenceIdGenerator (SequenceIdGenerator.java:<init>(217)) - Init the HA SequenceIdGenerator.
2021-08-31 13:03:36,015 [Time-limited test] WARN  server.ServerUtils (ServerUtils.java:sanitizeUserArgs(67)) - ozone.scm.dead.node.interval value = 10000 is smaller than min = 20000 based on the key value of ozone.scm.stale.node.interval, reset to the min value 20000.
2021-08-31 13:03:36,021 [Time-limited test] INFO  node.SCMNodeManager (SCMNodeManager.java:<init>(145)) - Entering startup safe mode.
2021-08-31 13:03:36,074 [Time-limited test] INFO  algorithms.ContainerPlacementPolicyFactory (ContainerPlacementPolicyFactory.java:getPolicy(60)) - Create container placement policy of type org.apache.hadoop.hdds.scm.container.placement.algorithms.SCMContainerPlacementRandom
2021-08-31 13:03:36,084 [Time-limited test] INFO  pipeline.PipelineStateManager (PipelineStateManagerV2Impl.java:initialize(78)) - No pipeline exists in current db
2021-08-31 13:03:36,116 [Time-limited test] INFO  algorithms.LeaderChoosePolicyFactory (LeaderChoosePolicyFactory.java:getPolicy(57)) - Create leader choose policy of type org.apache.hadoop.hdds.scm.pipeline.leader.choose.algorithms.MinLeaderCountChoosePolicy
2021-08-31 13:03:36,125 [Time-limited test] INFO  ha.SCMServiceManager (SCMServiceManager.java:register(43)) - Registering service BackgroundPipelineCreator.
2021-08-31 13:03:36,125 [Time-limited test] INFO  pipeline.BackgroundPipelineCreator (BackgroundPipelineCreatorV2.java:start(130)) - Starting RatisPipelineUtilsThread.
2021-08-31 13:03:36,155 [Time-limited test] INFO  algorithms.PipelineChoosePolicyFactory (PipelineChoosePolicyFactory.java:createPipelineChoosePolicyFromClass(73)) - Create pipeline choose policy of type org.apache.hadoop.hdds.scm.pipeline.choose.algorithms.RandomPipelineChoosePolicy
2021-08-31 13:03:36,172 [Time-limited test] INFO  ha.SCMServiceManager (SCMServiceManager.java:register(43)) - Registering service SCMBlockDeletingService.
2021-08-31 13:03:36,197 [Time-limited test] INFO  ha.SCMServiceManager (SCMServiceManager.java:register(43)) - Registering service ReplicationManager.
2021-08-31 13:03:36,198 [Time-limited test] INFO  container.ReplicationManager (ReplicationManager.java:start(307)) - Starting Replication Monitor Thread.
2021-08-31 13:03:36,207 [ReplicationMonitor] INFO  container.ReplicationManager (ReplicationManager.java:processAll(359)) - Replication Monitor Thread took 0 milliseconds for processing 0 containers.
2021-08-31 13:03:36,214 [Time-limited test] INFO  safemode.ContainerSafeModeRule (ContainerSafeModeRule.java:<init>(89)) - containers with one replica threshold count 0
2021-08-31 13:03:36,217 [Time-limited test] INFO  safemode.HealthyPipelineSafeModeRule (HealthyPipelineSafeModeRule.java:initializeRule(156)) - Total pipeline count is 0, healthy pipeline threshold count is 1
2021-08-31 13:03:36,220 [Time-limited test] INFO  safemode.OneReplicaPipelineSafeModeRule (OneReplicaPipelineSafeModeRule.java:initializeRule(180)) - Total pipeline count is 0, pipeline's with at least one datanode reported threshold count is 0
2021-08-31 13:03:36,589 [Time-limited test] INFO  ipc.CallQueueManager (CallQueueManager.java:<init>(90)) - Using callQueue: class java.util.concurrent.LinkedBlockingQueue, queueCapacity: 2000, scheduler: class org.apache.hadoop.ipc.DefaultRpcScheduler, ipcBackoff: false.
2021-08-31 13:03:36,627 [Socket Reader #1 for port 0] INFO  ipc.Server (Server.java:run(1265)) - Starting Socket Reader #1 for port 0
2021-08-31 13:03:36,671 [Listener at 0.0.0.0/41749] INFO  ipc.CallQueueManager (CallQueueManager.java:<init>(90)) - Using callQueue: class java.util.concurrent.LinkedBlockingQueue, queueCapacity: 2000, scheduler: class org.apache.hadoop.ipc.DefaultRpcScheduler, ipcBackoff: false.
2021-08-31 13:03:36,675 [Socket Reader #1 for port 0] INFO  ipc.Server (Server.java:run(1265)) - Starting Socket Reader #1 for port 0
2021-08-31 13:03:36,696 [Listener at 0.0.0.0/41623] INFO  ipc.CallQueueManager (CallQueueManager.java:<init>(90)) - Using callQueue: class java.util.concurrent.LinkedBlockingQueue, queueCapacity: 2000, scheduler: class org.apache.hadoop.ipc.DefaultRpcScheduler, ipcBackoff: false.
2021-08-31 13:03:36,697 [Socket Reader #1 for port 0] INFO  ipc.Server (Server.java:run(1265)) - Starting Socket Reader #1 for port 0
2021-08-31 13:03:36,765 [Listener at 0.0.0.0/44645] INFO  algorithms.ContainerPlacementPolicyFactory (ContainerPlacementPolicyFactory.java:getPolicy(60)) - Create container placement policy of type org.apache.hadoop.hdds.scm.container.placement.algorithms.SCMContainerPlacementRandom
2021-08-31 13:03:36,771 [Listener at 0.0.0.0/44645] INFO  server.StorageContainerManager (StorageContainerManager.java:<init>(387)) - 
Container Balancer status:
Key                            Value
Running                        false
Container Balancer Configuration values:
Key                                                Value
Threshold                                          0.1
Max Datanodes to Involve per Iteration(ratio)      0.5
Max Size to Move per Iteration                     10737418240B

2021-08-31 13:03:36,771 [Listener at 0.0.0.0/44645] WARN  events.EventQueue (EventQueue.java:fireEvent(194)) - No event handler registered for event TypedEvent{payloadType=SafeModeStatus, name='Safe mode status'}
2021-08-31 13:03:36,772 [Listener at 0.0.0.0/44645] INFO  ha.SCMContext (SCMContext.java:updateSafeModeStatus(205)) - Update SafeModeStatus from SafeModeStatus{safeModeStatus=true, preCheckPassed=false} to SafeModeStatus{safeModeStatus=true, preCheckPassed=false}.
2021-08-31 13:03:36,775 [Listener at 0.0.0.0/44645] INFO  server.StorageContainerManager (StorageContainerManager.java:start(1256)) - StorageContainerLocationProtocol RPC server is listening at /0.0.0.0:44645
2021-08-31 13:03:36,840 [Listener at 0.0.0.0/44645] WARN  impl.MetricsConfig (MetricsConfig.java:loadFirst(136)) - Cannot locate configuration: tried hadoop-metrics2-storagecontainermanager.properties,hadoop-metrics2.properties
2021-08-31 13:03:36,855 [Listener at 0.0.0.0/44645] INFO  impl.MetricsSystemImpl (MetricsSystemImpl.java:startTimer(378)) - Scheduled Metric snapshot period at 10 second(s).
2021-08-31 13:03:36,858 [Listener at 0.0.0.0/44645] INFO  impl.MetricsSystemImpl (MetricsSystemImpl.java:start(191)) - StorageContainerManager metrics system started
2021-08-31 13:03:37,191 [Listener at 0.0.0.0/44645] INFO  server.SCMClientProtocolServer (SCMClientProtocolServer.java:start(164)) - RPC server for Client  is listening at /0.0.0.0:44645
2021-08-31 13:03:37,195 [IPC Server Responder] INFO  ipc.Server (Server.java:run(1507)) - IPC Server Responder: starting
2021-08-31 13:03:37,196 [IPC Server listener on 0] INFO  ipc.Server (Server.java:run(1344)) - IPC Server listener on 0: starting
2021-08-31 13:03:37,203 [Listener at 0.0.0.0/44645] INFO  server.StorageContainerManager (StorageContainerManager.java:start(1271)) - ScmBlockLocationProtocol RPC server is listening at /0.0.0.0:41623
2021-08-31 13:03:37,204 [Listener at 0.0.0.0/44645] INFO  server.SCMBlockProtocolServer (SCMBlockProtocolServer.java:start(151)) - RPC server for Block Protocol is listening at /0.0.0.0:41623
2021-08-31 13:03:37,204 [IPC Server Responder] INFO  ipc.Server (Server.java:run(1507)) - IPC Server Responder: starting
2021-08-31 13:03:37,205 [IPC Server listener on 0] INFO  ipc.Server (Server.java:run(1344)) - IPC Server listener on 0: starting
2021-08-31 13:03:37,208 [Listener at 0.0.0.0/44645] INFO  server.StorageContainerManager (StorageContainerManager.java:start(1277)) - ScmDatanodeProtocl RPC server is listening at /0.0.0.0:41749
2021-08-31 13:03:37,208 [Listener at 0.0.0.0/44645] INFO  server.SCMDatanodeProtocolServer (SCMDatanodeProtocolServer.java:start(181)) - RPC server for DataNodes is listening at /0.0.0.0:41749
2021-08-31 13:03:37,208 [IPC Server Responder] INFO  ipc.Server (Server.java:run(1507)) - IPC Server Responder: starting
2021-08-31 13:03:37,209 [IPC Server listener on 0] INFO  ipc.Server (Server.java:run(1344)) - IPC Server listener on 0: starting
2021-08-31 13:03:37,227 [org.apache.hadoop.util.JvmPauseMonitor$Monitor@4ef03f82] INFO  util.JvmPauseMonitor (JvmPauseMonitor.java:run(188)) - Starting JVM pause monitor
2021-08-31 13:03:37,243 [Listener at 0.0.0.0/44645] INFO  http.BaseHttpServer (BaseHttpServer.java:newHttpServer2BuilderForOzone(209)) - Starting Web-server for scm at: http://0.0.0.0:0
2021-08-31 13:03:37,243 [Listener at 0.0.0.0/44645] INFO  http.BaseHttpServer (BaseHttpServer.java:<init>(107)) - Hadoop Security Enabled: false Ozone Security Enabled: false Ozone HTTP Security Enabled: false 
2021-08-31 13:03:37,269 [Listener at 0.0.0.0/44645] INFO  util.log (Log.java:initialized(170)) - Logging initialized @4245ms to org.eclipse.jetty.util.log.Slf4jLog
2021-08-31 13:03:37,370 [Listener at 0.0.0.0/44645] INFO  server.AuthenticationFilter (AuthenticationFilter.java:constructSecretProvider(240)) - Unable to initialize FileSignerSecretProvider, falling back to use random secrets.
2021-08-31 13:03:37,374 [Listener at 0.0.0.0/44645] WARN  http.HttpRequestLog (HttpRequestLog.java:getRequestLog(103)) - Jetty request log can only be enabled using Log4j
2021-08-31 13:03:37,379 [Listener at 0.0.0.0/44645] INFO  http.HttpServer2 (HttpServer2.java:addGlobalFilter(1030)) - Added global filter 'safety' (class=org.apache.hadoop.hdds.server.http.HttpServer2$QuotingInputFilter)
2021-08-31 13:03:37,381 [Listener at 0.0.0.0/44645] INFO  http.HttpServer2 (HttpServer2.java:addFilter(1006)) - Added filter static_user_filter (class=org.apache.hadoop.http.lib.StaticUserWebFilter$StaticUserFilter) to context scm
2021-08-31 13:03:37,382 [Listener at 0.0.0.0/44645] INFO  http.HttpServer2 (HttpServer2.java:addFilter(1014)) - Added filter static_user_filter (class=org.apache.hadoop.http.lib.StaticUserWebFilter$StaticUserFilter) to context static
2021-08-31 13:03:37,382 [Listener at 0.0.0.0/44645] INFO  http.HttpServer2 (HttpServer2.java:addFilter(1014)) - Added filter static_user_filter (class=org.apache.hadoop.http.lib.StaticUserWebFilter$StaticUserFilter) to context logs
2021-08-31 13:03:37,419 [Listener at 0.0.0.0/44645] INFO  http.HttpServer2 (HttpServer2.java:bindListener(1249)) - Jetty bound to port 40719
2021-08-31 13:03:37,421 [Listener at 0.0.0.0/44645] INFO  server.Server (Server.java:doStart(375)) - jetty-9.4.43.v20210629; built: 2021-06-30T11:07:22.254Z; git: 526006ecfa3af7f1a27ef3a288e2bef7ea9dd7e8; jvm 1.8.0_292-b10
2021-08-31 13:03:37,448 [Listener at 0.0.0.0/44645] INFO  server.session (DefaultSessionIdManager.java:doStart(334)) - DefaultSessionIdManager workerName=node0
2021-08-31 13:03:37,449 [Listener at 0.0.0.0/44645] INFO  server.session (DefaultSessionIdManager.java:doStart(339)) - No SessionScavenger set, using defaults
2021-08-31 13:03:37,450 [Listener at 0.0.0.0/44645] INFO  server.session (HouseKeeper.java:startScavenging(132)) - node0 Scavenging every 600000ms
2021-08-31 13:03:37,462 [Listener at 0.0.0.0/44645] INFO  handler.ContextHandler (ContextHandler.java:doStart(915)) - Started o.e.j.s.ServletContextHandler@2b7bdd5d{logs,/logs,file:///home/runner/work/ozone/ozone/hadoop-ozone/integration-test/target/log,AVAILABLE}
2021-08-31 13:03:37,463 [Listener at 0.0.0.0/44645] INFO  handler.ContextHandler (ContextHandler.java:doStart(915)) - Started o.e.j.s.ServletContextHandler@2394fdc6{static,/static,file:///home/runner/work/ozone/ozone/hadoop-ozone/integration-test/target/test-classes/webapps/static,AVAILABLE}
2021-08-31 13:03:37,514 [Listener at 0.0.0.0/44645] INFO  handler.ContextHandler (ContextHandler.java:doStart(915)) - Started o.e.j.w.WebAppContext@181c390b{scm,/,file:///home/runner/work/ozone/ozone/hadoop-ozone/integration-test/target/test-classes/webapps/scm/,AVAILABLE}{file:/home/runner/work/ozone/ozone/hadoop-ozone/integration-test/target/test-classes/webapps/scm}
2021-08-31 13:03:37,523 [Listener at 0.0.0.0/44645] INFO  server.AbstractConnector (AbstractConnector.java:doStart(331)) - Started ServerConnector@6f1cca5b{HTTP/1.1, (http/1.1)}{0.0.0.0:40719}
2021-08-31 13:03:37,523 [Listener at 0.0.0.0/44645] INFO  server.Server (Server.java:doStart(415)) - Started @4499ms
2021-08-31 13:03:37,526 [Listener at 0.0.0.0/44645] INFO  impl.MetricsSinkAdapter (MetricsSinkAdapter.java:start(204)) - Sink prometheus started
2021-08-31 13:03:37,526 [Listener at 0.0.0.0/44645] INFO  impl.MetricsSystemImpl (MetricsSystemImpl.java:registerSink(305)) - Registered sink prometheus
2021-08-31 13:03:37,527 [Listener at 0.0.0.0/44645] INFO  http.BaseHttpServer (BaseHttpServer.java:updateConnectorAddress(329)) - HTTP server of scm listening at http://0.0.0.0:40719
2021-08-31 13:03:37,529 [Listener at 0.0.0.0/44645] WARN  server.ServerUtils (ServerUtils.java:getDBPath(225)) - ozone.om.db.dirs is not configured. We recommend adding this setting. Falling back to ozone.metadata.dirs instead.
2021-08-31 13:03:37,644 [Listener at 0.0.0.0/44645] INFO  ha.OMHANodeDetails (OMHANodeDetails.java:loadOMHAConfig(112)) - ozone.om.internal.service.id is not defined, falling back to ozone.om.service.ids to find serviceID for OzoneManager if it is HA enabled cluster
2021-08-31 13:03:37,647 [Listener at 0.0.0.0/44645] INFO  ha.OMHANodeDetails (OMHANodeDetails.java:loadOMHAConfig(219)) - Configuration does not have ozone.om.address set. Falling back to the default OM address /127.0.0.1:0
2021-08-31 13:03:37,648 [Listener at 0.0.0.0/44645] INFO  ha.OMHANodeDetails (OMHANodeDetails.java:getOMNodeDetails(247)) - OM Service ID is not set. Setting it to the default ID: omServiceIdDefault
2021-08-31 13:03:37,648 [Listener at 0.0.0.0/44645] INFO  ha.OMHANodeDetails (OMHANodeDetails.java:getOMNodeDetails(254)) - OM Node ID is not set. Setting it to the default ID: om1
2021-08-31 13:03:37,652 [Listener at 0.0.0.0/44645] WARN  server.ServerUtils (ServerUtils.java:getDBPath(225)) - ozone.om.db.dirs is not configured. We recommend adding this setting. Falling back to ozone.metadata.dirs instead.
2021-08-31 13:03:37,657 [Listener at 0.0.0.0/44645] INFO  upgrade.AbstractLayoutVersionManager (AbstractLayoutVersionManager.java:init(70)) - Initializing Layout version manager with metadata layout = INITIAL_VERSION (version = 0), software layout = INITIAL_VERSION (version = 0)
2021-08-31 13:03:37,718 [Listener at 0.0.0.0/44645] INFO  reflections.Reflections (Reflections.java:scan(232)) - Reflections took 55 ms to scan 2 urls, producing 131 keys and 342 values [using 2 cores]
2021-08-31 13:03:37,722 [Listener at 0.0.0.0/44645] INFO  upgrade.OMLayoutVersionManager (OMLayoutVersionManager.java:lambda$0(116)) - Skipping Upgrade Action MockOmUpgradeAction since it has been finalized.
2021-08-31 13:03:37,729 [Listener at 0.0.0.0/44645] WARN  server.ServerUtils (ServerUtils.java:getDBPath(225)) - ozone.om.db.dirs is not configured. We recommend adding this setting. Falling back to ozone.metadata.dirs instead.
2021-08-31 13:03:38,157 [Listener at 0.0.0.0/44645] WARN  server.ServerUtils (ServerUtils.java:getDBPath(225)) - ozone.om.db.dirs is not configured. We recommend adding this setting. Falling back to ozone.metadata.dirs instead.
2021-08-31 13:03:38,164 [Listener at 0.0.0.0/44645] INFO  codec.OmKeyInfoCodec (OmKeyInfoCodec.java:<init>(51)) - OmKeyInfoCodec ignorePipeline = true
2021-08-31 13:03:38,165 [Listener at 0.0.0.0/44645] INFO  codec.RepeatedOmKeyInfoCodec (RepeatedOmKeyInfoCodec.java:<init>(42)) - RepeatedOmKeyInfoCodec ignorePipeline = true
2021-08-31 13:03:38,385 [Listener at 0.0.0.0/44645] INFO  om.OzoneManager (OzoneManager.java:addS3GVolumeToDB(4115)) - Created Volume s3v With Owner runner required for S3Gateway operations.
2021-08-31 13:03:38,457 [Listener at 0.0.0.0/44645] WARN  server.ServerUtils (ServerUtils.java:getDefaultRatisDirectory(237)) - Storage directory for Ratis is not configured. It is a good idea to map this to an SSD disk. Falling back to ozone.metadata.dirs
2021-08-31 13:03:38,457 [Listener at 0.0.0.0/44645] WARN  utils.OzoneManagerRatisUtils (OzoneManagerRatisUtils.java:getOMRatisSnapshotDirectory(391)) - ozone.om.ratis.snapshot.dir is not configured. Falling back to ozone.metadata.dirs config
2021-08-31 13:03:38,492 [Listener at 0.0.0.0/44645] WARN  server.ServerUtils (ServerUtils.java:getDefaultRatisDirectory(237)) - Storage directory for Ratis is not configured. It is a good idea to map this to an SSD disk. Falling back to ozone.metadata.dirs
2021-08-31 13:03:38,531 [Listener at 0.0.0.0/44645] INFO  ratis.OzoneManagerRatisServer (OzoneManagerRatisServer.java:<init>(158)) - Instantiating OM Ratis server with groupID: omServiceIdDefault and peers: localhost:9872
2021-08-31 13:03:38,540 [Listener at 0.0.0.0/44645] INFO  ratis.OzoneManagerStateMachine (OzoneManagerStateMachine.java:loadSnapshotInfoFromDB(605)) - LastAppliedIndex is set from TransactionInfo from OM DB as (t:0, i:~)
2021-08-31 13:03:38,579 [Listener at 0.0.0.0/44645] INFO  server.RaftServer (ConfUtils.java:logGet(44)) - raft.rpc.type = GRPC (default)
2021-08-31 13:03:38,662 [Listener at 0.0.0.0/44645] INFO  grpc.GrpcFactory (GrpcFactory.java:checkPooledByteBufAllocatorUseCacheForAllThreads(48)) - PERFORMANCE WARNING: useCacheForAllThreads is true that may cause Netty to create a lot garbage objects and, as a result, trigger GC.
	It is recommended to disable useCacheForAllThreads by setting -Dorg.apache.ratis.thirdparty.io.netty.allocator.useCacheForAllThreads=false in command line.
2021-08-31 13:03:38,666 [Listener at 0.0.0.0/44645] INFO  grpc.GrpcConfigKeys (ConfUtils.java:logGet(44)) - raft.grpc.admin.port = -1 (default)
2021-08-31 13:03:38,667 [Listener at 0.0.0.0/44645] INFO  grpc.GrpcConfigKeys (ConfUtils.java:logGet(44)) - raft.grpc.server.port = 9872 (custom)
2021-08-31 13:03:38,667 [Listener at 0.0.0.0/44645] INFO  grpc.GrpcConfigKeys (ConfUtils.java:logGet(44)) - raft.grpc.client.port = -1 (default)
2021-08-31 13:03:38,667 [Listener at 0.0.0.0/44645] INFO  grpc.GrpcConfigKeys (ConfUtils.java:logGet(44)) - raft.grpc.server.port = 9872 (custom)
2021-08-31 13:03:38,667 [Listener at 0.0.0.0/44645] INFO  grpc.GrpcConfigKeys (ConfUtils.java:logGet(44)) - raft.grpc.server.port = 9872 (custom)
2021-08-31 13:03:38,668 [Listener at 0.0.0.0/44645] INFO  server.GrpcService (ConfUtils.java:logGet(44)) - raft.grpc.message.size.max = 33554432 (custom)
2021-08-31 13:03:38,669 [Listener at 0.0.0.0/44645] INFO  server.RaftServerConfigKeys (ConfUtils.java:logGet(44)) - raft.server.log.appender.buffer.byte-limit = 33554432 (custom)
2021-08-31 13:03:38,670 [Listener at 0.0.0.0/44645] INFO  server.GrpcService (ConfUtils.java:logGet(44)) - raft.grpc.flow.control.window = 1MB (=1048576) (default)
2021-08-31 13:03:38,670 [Listener at 0.0.0.0/44645] INFO  server.RaftServerConfigKeys (ConfUtils.java:logGet(44)) - raft.server.rpc.request.timeout = 3000ms (default)
2021-08-31 13:03:38,971 [Listener at 0.0.0.0/44645] INFO  impl.DataStreamServerImpl (ConfUtils.java:logGet(44)) - raft.datastream.type = DISABLED (default)
2021-08-31 13:03:38,973 [Listener at 0.0.0.0/44645] INFO  server.RaftServerConfigKeys (ConfUtils.java:logGet(44)) - raft.server.rpc.slowness.timeout = 120s (custom)
2021-08-31 13:03:38,974 [Listener at 0.0.0.0/44645] INFO  server.RaftServerConfigKeys (ConfUtils.java:logGet(44)) - raft.server.leaderelection.leader.step-down.wait-time = 10s (default)
2021-08-31 13:03:38,991 [Listener at 0.0.0.0/44645] INFO  server.RaftServerConfigKeys (ConfUtils.java:logGet(44)) - raft.server.storage.dir = [/home/runner/work/ozone/ozone/hadoop-ozone/integration-test/target/test-dir/MiniOzoneClusterImpl-24712a27-71f7-429c-8ffb-97a1a53f740d/ozone-meta/ratis] (custom)
2021-08-31 13:03:38,997 [Listener at 0.0.0.0/44645] INFO  server.RaftServer (RaftServerProxy.java:addNew(95)) - om1: addNew group-C5BA1605619E:[om1|rpc:localhost:9872|priority:0] returns group-C5BA1605619E:java.util.concurrent.CompletableFuture@49092e02[Not completed]
2021-08-31 13:03:38,997 [Listener at 0.0.0.0/44645] INFO  om.OzoneManager (OzoneManager.java:initializeRatisServer(1573)) - OzoneManager Ratis server initialized at port 9872
2021-08-31 13:03:39,017 [Listener at 0.0.0.0/44645] INFO  ipc.CallQueueManager (CallQueueManager.java:<init>(90)) - Using callQueue: class java.util.concurrent.LinkedBlockingQueue, queueCapacity: 2000, scheduler: class org.apache.hadoop.ipc.DefaultRpcScheduler, ipcBackoff: false.
2021-08-31 13:03:39,018 [Socket Reader #1 for port 0] INFO  ipc.Server (Server.java:run(1265)) - Starting Socket Reader #1 for port 0
2021-08-31 13:03:39,034 [pool-39-thread-1] INFO  server.RaftServer$Division (RaftServerImpl.java:<init>(181)) - om1: new RaftServerImpl for group-C5BA1605619E:[om1|rpc:localhost:9872|priority:0] with OzoneManagerStateMachine:uninitialized
2021-08-31 13:03:39,037 [pool-39-thread-1] INFO  server.RaftServerConfigKeys (ConfUtils.java:logGet(44)) - raft.server.rpc.timeout.min = 1s (custom)
2021-08-31 13:03:39,037 [pool-39-thread-1] INFO  server.RaftServerConfigKeys (ConfUtils.java:logGet(44)) - raft.server.rpc.timeout.max = 1200ms (custom)
2021-08-31 13:03:39,037 [pool-39-thread-1] INFO  server.RaftServerConfigKeys (ConfUtils.java:logGet(44)) - raft.server.rpc.sleep.time = 25ms (default)
2021-08-31 13:03:39,037 [pool-39-thread-1] INFO  server.RaftServerConfigKeys (ConfUtils.java:logGet(44)) - raft.server.rpc.slowness.timeout = 120s (custom)
2021-08-31 13:03:39,037 [pool-39-thread-1] INFO  server.RaftServerConfigKeys (ConfUtils.java:logGet(44)) - raft.server.leaderelection.leader.step-down.wait-time = 10s (default)
2021-08-31 13:03:39,038 [pool-39-thread-1] INFO  server.RaftServerConfigKeys (ConfUtils.java:logGet(44)) - raft.server.sleep.deviation.threshold = 300ms (default)
2021-08-31 13:03:39,038 [pool-39-thread-1] INFO  server.RaftServerConfigKeys (ConfUtils.java:logGet(44)) - raft.server.log.appender.install.snapshot.enabled = false (custom)
2021-08-31 13:03:39,044 [pool-39-thread-1] INFO  server.RaftServer$Division (ServerState.java:<init>(105)) - om1@group-C5BA1605619E: ConfigurationManager, init=-1: [om1|rpc:localhost:9872|priority:0], old=null, confs=<EMPTY_MAP>
2021-08-31 13:03:39,045 [pool-39-thread-1] INFO  server.RaftServerConfigKeys (ConfUtils.java:logGet(44)) - raft.server.storage.dir = [/home/runner/work/ozone/ozone/hadoop-ozone/integration-test/target/test-dir/MiniOzoneClusterImpl-24712a27-71f7-429c-8ffb-97a1a53f740d/ozone-meta/ratis] (custom)
2021-08-31 13:03:39,050 [pool-39-thread-1] INFO  server.RaftServerConfigKeys (ConfUtils.java:logGet(44)) - raft.server.log.corruption.policy = EXCEPTION (default)
2021-08-31 13:03:39,050 [pool-39-thread-1] INFO  server.RaftServerConfigKeys (ConfUtils.java:logGet(44)) - raft.server.storage.free-space.min = 0MB (=0) (default)
2021-08-31 13:03:39,056 [pool-39-thread-1] INFO  storage.RaftStorageDirectory (RaftStorageDirectoryImpl.java:analyzeStorage(135)) - The storage directory /home/runner/work/ozone/ozone/hadoop-ozone/integration-test/target/test-dir/MiniOzoneClusterImpl-24712a27-71f7-429c-8ffb-97a1a53f740d/ozone-meta/ratis/bf265839-605b-3f16-9796-c5ba1605619e does not exist. Creating ...
2021-08-31 13:03:39,060 [pool-39-thread-1] INFO  storage.RaftStorageDirectory (RaftStorageDirectoryImpl.java:tryLock(230)) - Lock on /home/runner/work/ozone/ozone/hadoop-ozone/integration-test/target/test-dir/MiniOzoneClusterImpl-24712a27-71f7-429c-8ffb-97a1a53f740d/ozone-meta/ratis/bf265839-605b-3f16-9796-c5ba1605619e/in_use.lock acquired by nodename 21644@fv-az151-142
2021-08-31 13:03:39,067 [Listener at 127.0.0.1/38495] INFO  om.OzoneManager (OzoneManager.java:initFSOLayout(4321)) - Configured ozone.om.metadata.layout=SIMPLE and disabled optimized OM FS operations
2021-08-31 13:03:39,070 [pool-39-thread-1] INFO  storage.RaftStorage (RaftStorageImpl.java:format(89)) - Storage directory /home/runner/work/ozone/ozone/hadoop-ozone/integration-test/target/test-dir/MiniOzoneClusterImpl-24712a27-71f7-429c-8ffb-97a1a53f740d/ozone-meta/ratis/bf265839-605b-3f16-9796-c5ba1605619e has been successfully formatted.
2021-08-31 13:03:39,073 [pool-39-thread-1] INFO  server.RaftServerConfigKeys (ConfUtils.java:logGet(44)) - raft.server.notification.no-leader.timeout = 120s (custom)
2021-08-31 13:03:39,075 [pool-39-thread-1] INFO  server.RaftServerConfigKeys (ConfUtils.java:logGet(44)) - raft.server.log.use.memory = false (default)
2021-08-31 13:03:39,075 [Listener at 127.0.0.1/38495] INFO  impl.MetricsSystemImpl (MetricsSystemImpl.java:init(158)) - OzoneManager metrics system started (again)
2021-08-31 13:03:39,094 [pool-39-thread-1] INFO  server.RaftServerConfigKeys (ConfUtils.java:logGet(44)) - raft.server.log.purge.gap = 1000000 (custom)
2021-08-31 13:03:39,094 [pool-39-thread-1] INFO  server.RaftServerConfigKeys (ConfUtils.java:logGet(44)) - raft.server.log.appender.buffer.byte-limit = 33554432 (custom)
2021-08-31 13:03:39,103 [Listener at 127.0.0.1/38495] INFO  om.OzoneManager (OzoneManager.java:start(1270)) - OzoneManager RPC server is listening at localhost/127.0.0.1:38495
2021-08-31 13:03:39,113 [Listener at 127.0.0.1/38495] INFO  ratis.OzoneManagerRatisServer (OzoneManagerRatisServer.java:start(516)) - Starting OzoneManagerRatisServer om1 at port 9872
2021-08-31 13:03:39,113 [pool-39-thread-1] INFO  server.RaftServerConfigKeys (ConfUtils.java:logGet(44)) - raft.server.log.segment.size.max = 4194304 (custom)
2021-08-31 13:03:39,123 [pool-39-thread-1] INFO  server.RaftServerConfigKeys (ConfUtils.java:logGet(44)) - raft.server.log.segment.cache.num.max = 2 (custom)
2021-08-31 13:03:39,123 [pool-39-thread-1] INFO  server.RaftServerConfigKeys (ConfUtils.java:logGet(44)) - raft.server.log.segment.cache.size.max = 200MB (=209715200) (default)
2021-08-31 13:03:39,131 [pool-39-thread-1] INFO  segmented.SegmentedRaftLogWorker (SegmentedRaftLogWorker.java:<init>(182)) - new om1@group-C5BA1605619E-SegmentedRaftLogWorker for RaftStorageImpl:Storage Directory /home/runner/work/ozone/ozone/hadoop-ozone/integration-test/target/test-dir/MiniOzoneClusterImpl-24712a27-71f7-429c-8ffb-97a1a53f740d/ozone-meta/ratis/bf265839-605b-3f16-9796-c5ba1605619e
2021-08-31 13:03:39,131 [pool-39-thread-1] INFO  server.RaftServerConfigKeys (ConfUtils.java:logGet(44)) - raft.server.log.queue.byte-limit = 64MB (=67108864) (default)
2021-08-31 13:03:39,132 [pool-39-thread-1] INFO  server.RaftServerConfigKeys (ConfUtils.java:logGet(44)) - raft.server.log.queue.element-limit = 4096 (default)
2021-08-31 13:03:39,133 [pool-39-thread-1] INFO  server.RaftServerConfigKeys (ConfUtils.java:logGet(44)) - raft.server.log.segment.size.max = 4194304 (custom)
2021-08-31 13:03:39,133 [pool-39-thread-1] INFO  server.RaftServerConfigKeys (ConfUtils.java:logGet(44)) - raft.server.log.preallocated.size = 4194304 (custom)
2021-08-31 13:03:39,133 [pool-39-thread-1] INFO  server.RaftServerConfigKeys (ConfUtils.java:logGet(44)) - raft.server.log.force.sync.num = 128 (default)
2021-08-31 13:03:39,135 [pool-39-thread-1] INFO  server.RaftServerConfigKeys (ConfUtils.java:logGet(44)) - raft.server.log.statemachine.data.sync = true (default)
2021-08-31 13:03:39,135 [pool-39-thread-1] INFO  server.RaftServerConfigKeys (ConfUtils.java:logGet(44)) - raft.server.log.statemachine.data.sync.timeout = 10s (default)
2021-08-31 13:03:39,136 [pool-39-thread-1] INFO  server.RaftServerConfigKeys (ConfUtils.java:logGet(44)) - raft.server.log.statemachine.data.sync.timeout.retry = -1 (default)
2021-08-31 13:03:39,144 [pool-39-thread-1] INFO  server.RaftServerConfigKeys (ConfUtils.java:logGet(44)) - raft.server.log.write.buffer.size = 64KB (=65536) (default)
2021-08-31 13:03:39,145 [pool-39-thread-1] INFO  server.RaftServerConfigKeys (ConfUtils.java:logGet(44)) - raft.server.log.statemachine.data.caching.enabled = false (default)
2021-08-31 13:03:39,152 [pool-39-thread-1] INFO  segmented.SegmentedRaftLogWorker (SegmentedRaftLogWorker.java:lambda$new$0(133)) - om1@group-C5BA1605619E-SegmentedRaftLogWorker: flushIndex: setUnconditionally 0 -> -1
2021-08-31 13:03:39,152 [pool-39-thread-1] INFO  segmented.SegmentedRaftLogWorker (SegmentedRaftLogWorker.java:lambda$new$0(133)) - om1@group-C5BA1605619E-SegmentedRaftLogWorker: safeCacheEvictIndex: setUnconditionally 0 -> -1
2021-08-31 13:03:39,158 [pool-39-thread-1] INFO  server.RaftServerConfigKeys (ConfUtils.java:logGet(44)) - raft.server.snapshot.auto.trigger.enabled = true (custom)
2021-08-31 13:03:39,158 [pool-39-thread-1] INFO  server.RaftServerConfigKeys (ConfUtils.java:logGet(44)) - raft.server.snapshot.auto.trigger.threshold = 400000 (default)
2021-08-31 13:03:39,159 [pool-39-thread-1] INFO  server.RaftServerConfigKeys (ConfUtils.java:logGet(44)) - raft.server.snapshot.retention.file.num = -1 (default)
2021-08-31 13:03:39,160 [pool-39-thread-1] INFO  server.RaftServerConfigKeys (ConfUtils.java:logGet(44)) - raft.server.log.purge.upto.snapshot.index = true (custom)
2021-08-31 13:03:39,161 [pool-39-thread-1] INFO  server.RaftServerConfigKeys (ConfUtils.java:logGet(44)) - raft.server.retrycache.expirytime = 300s (custom)
2021-08-31 13:03:39,161 [pool-39-thread-1] INFO  server.RaftServerConfigKeys (ConfUtils.java:logGet(44)) - raft.server.retrycache.statistics.expirytime = 100μs (default)
2021-08-31 13:03:39,211 [Listener at 127.0.0.1/38495] INFO  server.RaftServer$Division (RaftServerImpl.java:start(296)) - om1@group-C5BA1605619E: start as a follower, conf=-1: [om1|rpc:localhost:9872|priority:0], old=null
2021-08-31 13:03:39,213 [Listener at 127.0.0.1/38495] INFO  server.RaftServer$Division (RaftServerImpl.java:setRole(285)) - om1@group-C5BA1605619E: changes role from      null to FOLLOWER at term 0 for startAsFollower
2021-08-31 13:03:39,214 [Listener at 127.0.0.1/38495] INFO  impl.RoleInfo (RoleInfo.java:updateAndGet(130)) - om1: start om1@group-C5BA1605619E-FollowerState
2021-08-31 13:03:39,215 [Listener at 127.0.0.1/38495] INFO  util.JmxRegister (JmxRegister.java:tryRegister(44)) - Successfully registered JMX Bean with object name Ratis:service=RaftServer,group=group-C5BA1605619E,id=om1
2021-08-31 13:03:39,222 [Listener at 127.0.0.1/38495] INFO  server.RaftServer (RaftServerProxy.java:lambda$start$5(374)) - om1: start RPC server
2021-08-31 13:03:39,285 [Listener at 127.0.0.1/38495] INFO  server.GrpcService (GrpcService.java:startImpl(253)) - om1: GrpcService started, listening on 9872
2021-08-31 13:03:39,291 [Listener at 127.0.0.1/38495] INFO  om.OzoneManager (OzoneManager.java:start(1288)) - Version File has different layout version (0) than OM DB (null). That is expected if this OM has never been finalized to a newer layout version.
2021-08-31 13:03:39,293 [org.apache.ratis.util.JvmPauseMonitor$$Lambda$532/1334813823@5f9344b1] INFO  util.JvmPauseMonitor (JvmPauseMonitor.java:run(103)) - JvmPauseMonitor-om1: Started
2021-08-31 13:03:39,307 [Listener at 127.0.0.1/38495] INFO  http.BaseHttpServer (BaseHttpServer.java:newHttpServer2BuilderForOzone(209)) - Starting Web-server for ozoneManager at: http://0.0.0.0:0
2021-08-31 13:03:39,307 [Listener at 127.0.0.1/38495] INFO  http.BaseHttpServer (BaseHttpServer.java:<init>(107)) - Hadoop Security Enabled: false Ozone Security Enabled: false Ozone HTTP Security Enabled: false 
2021-08-31 13:03:39,308 [Listener at 127.0.0.1/38495] INFO  server.AuthenticationFilter (AuthenticationFilter.java:constructSecretProvider(240)) - Unable to initialize FileSignerSecretProvider, falling back to use random secrets.
2021-08-31 13:03:39,310 [Listener at 127.0.0.1/38495] WARN  http.HttpRequestLog (HttpRequestLog.java:getRequestLog(103)) - Jetty request log can only be enabled using Log4j
2021-08-31 13:03:39,314 [Listener at 127.0.0.1/38495] INFO  http.HttpServer2 (HttpServer2.java:addGlobalFilter(1030)) - Added global filter 'safety' (class=org.apache.hadoop.hdds.server.http.HttpServer2$QuotingInputFilter)
2021-08-31 13:03:39,315 [Listener at 127.0.0.1/38495] INFO  http.HttpServer2 (HttpServer2.java:addFilter(1006)) - Added filter static_user_filter (class=org.apache.hadoop.http.lib.StaticUserWebFilter$StaticUserFilter) to context ozoneManager
2021-08-31 13:03:39,315 [Listener at 127.0.0.1/38495] INFO  http.HttpServer2 (HttpServer2.java:addFilter(1014)) - Added filter static_user_filter (class=org.apache.hadoop.http.lib.StaticUserWebFilter$StaticUserFilter) to context logs
2021-08-31 13:03:39,315 [Listener at 127.0.0.1/38495] INFO  http.HttpServer2 (HttpServer2.java:addFilter(1014)) - Added filter static_user_filter (class=org.apache.hadoop.http.lib.StaticUserWebFilter$StaticUserFilter) to context static
2021-08-31 13:03:39,317 [Listener at 127.0.0.1/38495] INFO  http.HttpServer2 (HttpServer2.java:bindListener(1249)) - Jetty bound to port 40083
2021-08-31 13:03:39,317 [Listener at 127.0.0.1/38495] INFO  server.Server (Server.java:doStart(375)) - jetty-9.4.43.v20210629; built: 2021-06-30T11:07:22.254Z; git: 526006ecfa3af7f1a27ef3a288e2bef7ea9dd7e8; jvm 1.8.0_292-b10
2021-08-31 13:03:39,319 [Listener at 127.0.0.1/38495] INFO  server.session (DefaultSessionIdManager.java:doStart(334)) - DefaultSessionIdManager workerName=node0
2021-08-31 13:03:39,319 [Listener at 127.0.0.1/38495] INFO  server.session (DefaultSessionIdManager.java:doStart(339)) - No SessionScavenger set, using defaults
2021-08-31 13:03:39,319 [Listener at 127.0.0.1/38495] INFO  server.session (HouseKeeper.java:startScavenging(132)) - node0 Scavenging every 600000ms
2021-08-31 13:03:39,322 [Listener at 127.0.0.1/38495] INFO  handler.ContextHandler (ContextHandler.java:doStart(915)) - Started o.e.j.s.ServletContextHandler@35baacac{logs,/logs,file:///home/runner/work/ozone/ozone/hadoop-ozone/integration-test/target/log,AVAILABLE}
2021-08-31 13:03:39,323 [Listener at 127.0.0.1/38495] INFO  handler.ContextHandler (ContextHandler.java:doStart(915)) - Started o.e.j.s.ServletContextHandler@3d77964f{static,/static,file:///home/runner/work/ozone/ozone/hadoop-ozone/integration-test/target/test-classes/webapps/static,AVAILABLE}
2021-08-31 13:03:39,326 [Listener at 127.0.0.1/38495] INFO  handler.ContextHandler (ContextHandler.java:doStart(915)) - Started o.e.j.w.WebAppContext@1da774c1{ozoneManager,/,file:///home/runner/work/ozone/ozone/hadoop-ozone/integration-test/target/test-classes/webapps/ozoneManager/,AVAILABLE}{file:/home/runner/work/ozone/ozone/hadoop-ozone/integration-test/target/test-classes/webapps/ozoneManager}
2021-08-31 13:03:39,332 [Listener at 127.0.0.1/38495] INFO  server.AbstractConnector (AbstractConnector.java:doStart(331)) - Started ServerConnector@45e38614{HTTP/1.1, (http/1.1)}{0.0.0.0:40083}
2021-08-31 13:03:39,332 [Listener at 127.0.0.1/38495] INFO  server.Server (Server.java:doStart(415)) - Started @6308ms
2021-08-31 13:03:39,332 [Listener at 127.0.0.1/38495] WARN  impl.MetricsSystemImpl (MetricsSystemImpl.java:register(279)) - Sink prometheus already exists!
2021-08-31 13:03:39,335 [Listener at 127.0.0.1/38495] INFO  http.BaseHttpServer (BaseHttpServer.java:updateConnectorAddress(329)) - HTTP server of ozoneManager listening at http://0.0.0.0:40083
2021-08-31 13:03:39,335 [IPC Server Responder] INFO  ipc.Server (Server.java:run(1507)) - IPC Server Responder: starting
2021-08-31 13:03:39,336 [IPC Server listener on 0] INFO  ipc.Server (Server.java:run(1344)) - IPC Server listener on 0: starting
2021-08-31 13:03:39,342 [Listener at 127.0.0.1/38495] INFO  om.OzoneManager (OzoneManager.java:startTrashEmptier(1531)) - Trash Interval set to 0. Files deleted will not move to trash
2021-08-31 13:03:39,355 [org.apache.hadoop.util.JvmPauseMonitor$Monitor@6710b0f9] INFO  util.JvmPauseMonitor (JvmPauseMonitor.java:run(188)) - Starting JVM pause monitor
2021-08-31 13:03:39,539 [Listener at 127.0.0.1/38495] WARN  impl.MetricRegistriesImpl (MetricRegistriesImpl.java:addReporterRegistration(111)) - New reporters are added after registries were created. Some metrics will be missing from the reporter. Please add reporter before adding any new registry.
2021-08-31 13:03:39,541 [Listener at 127.0.0.1/38495] WARN  impl.MetricRegistriesImpl (MetricRegistriesImpl.java:addReporterRegistration(111)) - New reporters are added after registries were created. Some metrics will be missing from the reporter. Please add reporter before adding any new registry.
2021-08-31 13:03:39,541 [Listener at 127.0.0.1/38495] INFO  impl.MetricsSystemImpl (MetricsSystemImpl.java:init(158)) - HddsDatanode metrics system started (again)
2021-08-31 13:03:39,565 [Listener at 127.0.0.1/38495] INFO  ozone.HddsDatanodeService (HddsDatanodeService.java:start(234)) - HddsDatanodeService host:fv-az151-142 ip:10.1.0.6
2021-08-31 13:03:39,589 [Listener at 127.0.0.1/38495] INFO  upgrade.AbstractLayoutVersionManager (AbstractLayoutVersionManager.java:init(70)) - Initializing Layout version manager with metadata layout = SCM_HA (version = 2), software layout = SCM_HA (version = 2)
2021-08-31 13:03:39,635 [Listener at 127.0.0.1/38495] INFO  reflections.Reflections (Reflections.java:scan(232)) - Reflections took 44 ms to scan 7 urls, producing 120 keys and 275 values 
2021-08-31 13:03:39,693 [Listener at 127.0.0.1/38495] INFO  volume.HddsVolume (HddsVolume.java:<init>(120)) - Creating HddsVolume: /home/runner/work/ozone/ozone/hadoop-ozone/integration-test/target/test-dir/MiniOzoneClusterImpl-24712a27-71f7-429c-8ffb-97a1a53f740d/datanode-0/data-0/containers/hdds of storage type : DISK capacity : 9223372036854775807
2021-08-31 13:03:39,695 [Listener at 127.0.0.1/38495] INFO  volume.MutableVolumeSet (MutableVolumeSet.java:initializeVolumeSet(181)) - Added Volume : /home/runner/work/ozone/ozone/hadoop-ozone/integration-test/target/test-dir/MiniOzoneClusterImpl-24712a27-71f7-429c-8ffb-97a1a53f740d/datanode-0/data-0/containers/hdds to VolumeSet
2021-08-31 13:03:39,696 [Listener at 127.0.0.1/38495] INFO  volume.ThrottledAsyncChecker (ThrottledAsyncChecker.java:schedule(141)) - Scheduling a check for /home/runner/work/ozone/ozone/hadoop-ozone/integration-test/target/test-dir/MiniOzoneClusterImpl-24712a27-71f7-429c-8ffb-97a1a53f740d/datanode-0/data-0/containers/hdds
2021-08-31 13:03:39,720 [Listener at 127.0.0.1/38495] INFO  volume.StorageVolumeChecker (StorageVolumeChecker.java:checkAllVolumes(202)) - Scheduled health check for volume /home/runner/work/ozone/ozone/hadoop-ozone/integration-test/target/test-dir/MiniOzoneClusterImpl-24712a27-71f7-429c-8ffb-97a1a53f740d/datanode-0/data-0/containers/hdds
2021-08-31 13:03:39,742 [Listener at 127.0.0.1/38495] INFO  volume.MutableVolumeSet (MutableVolumeSet.java:initializeVolumeSet(181)) - Added Volume : /home/runner/work/ozone/ozone/hadoop-ozone/integration-test/target/test-dir/MiniOzoneClusterImpl-24712a27-71f7-429c-8ffb-97a1a53f740d/datanode-0/data/ratis to VolumeSet
2021-08-31 13:03:39,742 [Listener at 127.0.0.1/38495] INFO  volume.ThrottledAsyncChecker (ThrottledAsyncChecker.java:schedule(141)) - Scheduling a check for /home/runner/work/ozone/ozone/hadoop-ozone/integration-test/target/test-dir/MiniOzoneClusterImpl-24712a27-71f7-429c-8ffb-97a1a53f740d/datanode-0/data/ratis
2021-08-31 13:03:39,743 [Listener at 127.0.0.1/38495] INFO  volume.StorageVolumeChecker (StorageVolumeChecker.java:checkAllVolumes(202)) - Scheduled health check for volume /home/runner/work/ozone/ozone/hadoop-ozone/integration-test/target/test-dir/MiniOzoneClusterImpl-24712a27-71f7-429c-8ffb-97a1a53f740d/datanode-0/data/ratis
2021-08-31 13:03:39,767 [Listener at 127.0.0.1/38495] INFO  ozoneimpl.ContainerReader (ContainerReader.java:<init>(98)) - Running in upgrade mode:true
2021-08-31 13:03:39,768 [Thread-128] INFO  ozoneimpl.ContainerReader (ContainerReader.java:readVolume(142)) - Start to verify containers on volume /home/runner/work/ozone/ozone/hadoop-ozone/integration-test/target/test-dir/MiniOzoneClusterImpl-24712a27-71f7-429c-8ffb-97a1a53f740d/datanode-0/data-0/containers/hdds
2021-08-31 13:03:39,769 [Thread-128] INFO  ozoneimpl.ContainerReader (ContainerReader.java:readVolume(174)) - Finish verifying containers on volume /home/runner/work/ozone/ozone/hadoop-ozone/integration-test/target/test-dir/MiniOzoneClusterImpl-24712a27-71f7-429c-8ffb-97a1a53f740d/datanode-0/data-0/containers/hdds
2021-08-31 13:03:39,769 [Listener at 127.0.0.1/38495] INFO  ozoneimpl.OzoneContainer (OzoneContainer.java:buildContainerSet(237)) - Build ContainerSet costs 0s
2021-08-31 13:03:39,864 [Listener at 127.0.0.1/38495] INFO  server.RaftServer (ConfUtils.java:logGet(44)) - raft.rpc.type = GRPC (default)
2021-08-31 13:03:39,865 [Listener at 127.0.0.1/38495] INFO  grpc.GrpcFactory (GrpcFactory.java:checkPooledByteBufAllocatorUseCacheForAllThreads(48)) - PERFORMANCE WARNING: useCacheForAllThreads is true that may cause Netty to create a lot garbage objects and, as a result, trigger GC.
	It is recommended to disable useCacheForAllThreads by setting -Dorg.apache.ratis.thirdparty.io.netty.allocator.useCacheForAllThreads=false in command line.
2021-08-31 13:03:39,865 [Listener at 127.0.0.1/38495] INFO  grpc.GrpcConfigKeys (ConfUtils.java:logGet(44)) - raft.grpc.admin.port = 0 (custom)
2021-08-31 13:03:39,865 [Listener at 127.0.0.1/38495] INFO  grpc.GrpcConfigKeys (ConfUtils.java:logGet(44)) - raft.grpc.client.port = 0 (custom)
2021-08-31 13:03:39,866 [Listener at 127.0.0.1/38495] INFO  grpc.GrpcConfigKeys (ConfUtils.java:logGet(44)) - raft.grpc.server.port = 0 (default)
2021-08-31 13:03:39,867 [Listener at 127.0.0.1/38495] INFO  server.GrpcService (ConfUtils.java:logGet(44)) - raft.grpc.message.size.max = 32MB (=33554432) (custom)
2021-08-31 13:03:39,868 [Listener at 127.0.0.1/38495] INFO  server.RaftServerConfigKeys (ConfUtils.java:logGet(44)) - raft.server.log.appender.buffer.byte-limit = 33554432 (custom)
2021-08-31 13:03:39,868 [Listener at 127.0.0.1/38495] INFO  server.GrpcService (ConfUtils.java:logGet(44)) - raft.grpc.flow.control.window = 5MB (=5242880) (custom)
2021-08-31 13:03:39,868 [Listener at 127.0.0.1/38495] INFO  server.RaftServerConfigKeys (ConfUtils.java:logGet(44)) - raft.server.rpc.request.timeout = 3000ms (default)
2021-08-31 13:03:39,871 [Listener at 127.0.0.1/38495] INFO  impl.DataStreamServerImpl (ConfUtils.java:logGet(44)) - raft.datastream.type = DISABLED (default)
2021-08-31 13:03:39,871 [Listener at 127.0.0.1/38495] INFO  server.RaftServerConfigKeys (ConfUtils.java:logGet(44)) - raft.server.rpc.slowness.timeout = 300000ms (custom)
2021-08-31 13:03:39,871 [Listener at 127.0.0.1/38495] INFO  server.RaftServerConfigKeys (ConfUtils.java:logGet(44)) - raft.server.leaderelection.leader.step-down.wait-time = 10s (default)
2021-08-31 13:03:39,872 [Listener at 127.0.0.1/38495] INFO  server.RaftServerConfigKeys (ConfUtils.java:logGet(44)) - raft.server.storage.dir = [/home/runner/work/ozone/ozone/hadoop-ozone/integration-test/target/test-dir/MiniOzoneClusterImpl-24712a27-71f7-429c-8ffb-97a1a53f740d/datanode-0/data/ratis] (custom)
2021-08-31 13:03:39,957 [Listener at 127.0.0.1/38495] INFO  http.BaseHttpServer (BaseHttpServer.java:newHttpServer2BuilderForOzone(209)) - Starting Web-server for hddsDatanode at: http://0.0.0.0:0
2021-08-31 13:03:39,957 [Listener at 127.0.0.1/38495] INFO  http.BaseHttpServer (BaseHttpServer.java:<init>(107)) - Hadoop Security Enabled: false Ozone Security Enabled: false Ozone HTTP Security Enabled: false 
2021-08-31 13:03:39,959 [Listener at 127.0.0.1/38495] INFO  server.AuthenticationFilter (AuthenticationFilter.java:constructSecretProvider(240)) - Unable to initialize FileSignerSecretProvider, falling back to use random secrets.
2021-08-31 13:03:39,959 [Listener at 127.0.0.1/38495] WARN  http.HttpRequestLog (HttpRequestLog.java:getRequestLog(103)) - Jetty request log can only be enabled using Log4j
2021-08-31 13:03:39,960 [Listener at 127.0.0.1/38495] INFO  http.HttpServer2 (HttpServer2.java:addGlobalFilter(1030)) - Added global filter 'safety' (class=org.apache.hadoop.hdds.server.http.HttpServer2$QuotingInputFilter)
2021-08-31 13:03:39,961 [Listener at 127.0.0.1/38495] INFO  http.HttpServer2 (HttpServer2.java:addFilter(1006)) - Added filter static_user_filter (class=org.apache.hadoop.http.lib.StaticUserWebFilter$StaticUserFilter) to context hddsDatanode
2021-08-31 13:03:39,961 [Listener at 127.0.0.1/38495] INFO  http.HttpServer2 (HttpServer2.java:addFilter(1014)) - Added filter static_user_filter (class=org.apache.hadoop.http.lib.StaticUserWebFilter$StaticUserFilter) to context static
2021-08-31 13:03:39,961 [Listener at 127.0.0.1/38495] INFO  http.HttpServer2 (HttpServer2.java:addFilter(1014)) - Added filter static_user_filter (class=org.apache.hadoop.http.lib.StaticUserWebFilter$StaticUserFilter) to context logs
2021-08-31 13:03:39,962 [Listener at 127.0.0.1/38495] INFO  http.HttpServer2 (HttpServer2.java:bindListener(1249)) - Jetty bound to port 37817
2021-08-31 13:03:39,962 [Listener at 127.0.0.1/38495] INFO  server.Server (Server.java:doStart(375)) - jetty-9.4.43.v20210629; built: 2021-06-30T11:07:22.254Z; git: 526006ecfa3af7f1a27ef3a288e2bef7ea9dd7e8; jvm 1.8.0_292-b10
2021-08-31 13:03:39,982 [Listener at 127.0.0.1/38495] INFO  server.session (DefaultSessionIdManager.java:doStart(334)) - DefaultSessionIdManager workerName=node0
2021-08-31 13:03:39,983 [Listener at 127.0.0.1/38495] INFO  server.session (DefaultSessionIdManager.java:doStart(339)) - No SessionScavenger set, using defaults
2021-08-31 13:03:39,983 [Listener at 127.0.0.1/38495] INFO  server.session (HouseKeeper.java:startScavenging(132)) - node0 Scavenging every 600000ms
2021-08-31 13:03:39,984 [Listener at 127.0.0.1/38495] INFO  handler.ContextHandler (ContextHandler.java:doStart(915)) - Started o.e.j.s.ServletContextHandler@4a918749{logs,/logs,file:///home/runner/work/ozone/ozone/hadoop-ozone/integration-test/target/log,AVAILABLE}
2021-08-31 13:03:39,984 [Listener at 127.0.0.1/38495] INFO  handler.ContextHandler (ContextHandler.java:doStart(915)) - Started o.e.j.s.ServletContextHandler@285cfcd8{static,/static,jar:file:/home/runner/.m2/repository/org/apache/ozone/hdds-container-service/1.2.0-SNAPSHOT/hdds-container-service-1.2.0-SNAPSHOT.jar!/webapps/static,AVAILABLE}
2021-08-31 13:03:40,051 [Listener at 127.0.0.1/38495] INFO  handler.ContextHandler (ContextHandler.java:doStart(915)) - Started o.e.j.w.WebAppContext@69f08bb0{hddsDatanode,/,file:///tmp/jetty-0_0_0_0-37817-hdds-container-service-1_2_0-SNAPSHOT_jar-_-any-3574878812961399840/webapp/,AVAILABLE}{jar:file:/home/runner/.m2/repository/org/apache/ozone/hdds-container-service/1.2.0-SNAPSHOT/hdds-container-service-1.2.0-SNAPSHOT.jar!/webapps/hddsDatanode}
2021-08-31 13:03:40,054 [Listener at 127.0.0.1/38495] INFO  server.AbstractConnector (AbstractConnector.java:doStart(331)) - Started ServerConnector@5904fcae{HTTP/1.1, (http/1.1)}{0.0.0.0:37817}
2021-08-31 13:03:40,054 [Listener at 127.0.0.1/38495] INFO  server.Server (Server.java:doStart(415)) - Started @7030ms
2021-08-31 13:03:40,054 [Listener at 127.0.0.1/38495] WARN  impl.MetricsSystemImpl (MetricsSystemImpl.java:register(279)) - Sink prometheus already exists!
2021-08-31 13:03:40,055 [Listener at 127.0.0.1/38495] INFO  http.BaseHttpServer (BaseHttpServer.java:updateConnectorAddress(329)) - HTTP server of hddsDatanode listening at http://0.0.0.0:37817
2021-08-31 13:03:40,060 [Listener at 127.0.0.1/38495] WARN  impl.MetricRegistriesImpl (MetricRegistriesImpl.java:addReporterRegistration(111)) - New reporters are added after registries were created. Some metrics will be missing from the reporter. Please add reporter before adding any new registry.
2021-08-31 13:03:40,060 [Listener at 127.0.0.1/38495] WARN  impl.MetricRegistriesImpl (MetricRegistriesImpl.java:addReporterRegistration(111)) - New reporters are added after registries were created. Some metrics will be missing from the reporter. Please add reporter before adding any new registry.
2021-08-31 13:03:40,060 [Listener at 127.0.0.1/38495] INFO  impl.MetricsSystemImpl (MetricsSystemImpl.java:init(158)) - HddsDatanode metrics system started (again)
2021-08-31 13:03:40,084 [org.apache.hadoop.util.JvmPauseMonitor$Monitor@3cf7d025] INFO  util.JvmPauseMonitor (JvmPauseMonitor.java:run(188)) - Starting JVM pause monitor
2021-08-31 13:03:40,117 [Listener at 127.0.0.1/38495] INFO  ozone.HddsDatanodeService (HddsDatanodeService.java:start(234)) - HddsDatanodeService host:fv-az151-142 ip:10.1.0.6
2021-08-31 13:03:40,147 [Listener at 127.0.0.1/38495] INFO  upgrade.AbstractLayoutVersionManager (AbstractLayoutVersionManager.java:init(70)) - Initializing Layout version manager with metadata layout = SCM_HA (version = 2), software layout = SCM_HA (version = 2)
2021-08-31 13:03:40,202 [Datanode State Machine Task Thread - 0] INFO  datanode.InitDatanodeState (InitDatanodeState.java:persistContainerDatanodeDetails(145)) - DatanodeDetails is persisted to /home/runner/work/ozone/ozone/hadoop-ozone/integration-test/target/test-dir/MiniOzoneClusterImpl-24712a27-71f7-429c-8ffb-97a1a53f740d/datanode-0/meta/datanode.id
2021-08-31 13:03:40,202 [Listener at 127.0.0.1/38495] INFO  reflections.Reflections (Reflections.java:scan(232)) - Reflections took 54 ms to scan 7 urls, producing 120 keys and 275 values 
2021-08-31 13:03:40,206 [Listener at 127.0.0.1/38495] INFO  volume.HddsVolume (HddsVolume.java:<init>(120)) - Creating HddsVolume: /home/runner/work/ozone/ozone/hadoop-ozone/integration-test/target/test-dir/MiniOzoneClusterImpl-24712a27-71f7-429c-8ffb-97a1a53f740d/datanode-1/data-0/containers/hdds of storage type : DISK capacity : 9223372036854775807
2021-08-31 13:03:40,206 [Listener at 127.0.0.1/38495] INFO  volume.MutableVolumeSet (MutableVolumeSet.java:initializeVolumeSet(181)) - Added Volume : /home/runner/work/ozone/ozone/hadoop-ozone/integration-test/target/test-dir/MiniOzoneClusterImpl-24712a27-71f7-429c-8ffb-97a1a53f740d/datanode-1/data-0/containers/hdds to VolumeSet
2021-08-31 13:03:40,206 [Listener at 127.0.0.1/38495] INFO  volume.ThrottledAsyncChecker (ThrottledAsyncChecker.java:schedule(141)) - Scheduling a check for /home/runner/work/ozone/ozone/hadoop-ozone/integration-test/target/test-dir/MiniOzoneClusterImpl-24712a27-71f7-429c-8ffb-97a1a53f740d/datanode-1/data-0/containers/hdds
2021-08-31 13:03:40,207 [Listener at 127.0.0.1/38495] INFO  volume.StorageVolumeChecker (StorageVolumeChecker.java:checkAllVolumes(202)) - Scheduled health check for volume /home/runner/work/ozone/ozone/hadoop-ozone/integration-test/target/test-dir/MiniOzoneClusterImpl-24712a27-71f7-429c-8ffb-97a1a53f740d/datanode-1/data-0/containers/hdds
2021-08-31 13:03:40,222 [Listener at 127.0.0.1/38495] INFO  volume.MutableVolumeSet (MutableVolumeSet.java:initializeVolumeSet(181)) - Added Volume : /home/runner/work/ozone/ozone/hadoop-ozone/integration-test/target/test-dir/MiniOzoneClusterImpl-24712a27-71f7-429c-8ffb-97a1a53f740d/datanode-1/data/ratis to VolumeSet
2021-08-31 13:03:40,223 [Listener at 127.0.0.1/38495] INFO  volume.ThrottledAsyncChecker (ThrottledAsyncChecker.java:schedule(141)) - Scheduling a check for /home/runner/work/ozone/ozone/hadoop-ozone/integration-test/target/test-dir/MiniOzoneClusterImpl-24712a27-71f7-429c-8ffb-97a1a53f740d/datanode-1/data/ratis
2021-08-31 13:03:40,223 [Listener at 127.0.0.1/38495] INFO  volume.StorageVolumeChecker (StorageVolumeChecker.java:checkAllVolumes(202)) - Scheduled health check for volume /home/runner/work/ozone/ozone/hadoop-ozone/integration-test/target/test-dir/MiniOzoneClusterImpl-24712a27-71f7-429c-8ffb-97a1a53f740d/datanode-1/data/ratis
2021-08-31 13:03:40,237 [Listener at 127.0.0.1/38495] INFO  ozoneimpl.ContainerReader (ContainerReader.java:<init>(98)) - Running in upgrade mode:true
2021-08-31 13:03:40,237 [Thread-140] INFO  ozoneimpl.ContainerReader (ContainerReader.java:readVolume(142)) - Start to verify containers on volume /home/runner/work/ozone/ozone/hadoop-ozone/integration-test/target/test-dir/MiniOzoneClusterImpl-24712a27-71f7-429c-8ffb-97a1a53f740d/datanode-1/data-0/containers/hdds
2021-08-31 13:03:40,238 [Thread-140] INFO  ozoneimpl.ContainerReader (ContainerReader.java:readVolume(174)) - Finish verifying containers on volume /home/runner/work/ozone/ozone/hadoop-ozone/integration-test/target/test-dir/MiniOzoneClusterImpl-24712a27-71f7-429c-8ffb-97a1a53f740d/datanode-1/data-0/containers/hdds
2021-08-31 13:03:40,238 [Listener at 127.0.0.1/38495] INFO  ozoneimpl.OzoneContainer (OzoneContainer.java:buildContainerSet(237)) - Build ContainerSet costs 0s
2021-08-31 13:03:40,241 [Listener at 127.0.0.1/38495] INFO  server.RaftServer (ConfUtils.java:logGet(44)) - raft.rpc.type = GRPC (default)
2021-08-31 13:03:40,241 [Listener at 127.0.0.1/38495] INFO  grpc.GrpcFactory (GrpcFactory.java:checkPooledByteBufAllocatorUseCacheForAllThreads(48)) - PERFORMANCE WARNING: useCacheForAllThreads is true that may cause Netty to create a lot garbage objects and, as a result, trigger GC.
	It is recommended to disable useCacheForAllThreads by setting -Dorg.apache.ratis.thirdparty.io.netty.allocator.useCacheForAllThreads=false in command line.
2021-08-31 13:03:40,241 [Listener at 127.0.0.1/38495] INFO  grpc.GrpcConfigKeys (ConfUtils.java:logGet(44)) - raft.grpc.admin.port = 0 (custom)
2021-08-31 13:03:40,241 [Listener at 127.0.0.1/38495] INFO  grpc.GrpcConfigKeys (ConfUtils.java:logGet(44)) - raft.grpc.client.port = 0 (custom)
2021-08-31 13:03:40,241 [Listener at 127.0.0.1/38495] INFO  grpc.GrpcConfigKeys (ConfUtils.java:logGet(44)) - raft.grpc.server.port = 0 (default)
2021-08-31 13:03:40,241 [Listener at 127.0.0.1/38495] INFO  server.GrpcService (ConfUtils.java:logGet(44)) - raft.grpc.message.size.max = 32MB (=33554432) (custom)
2021-08-31 13:03:40,242 [Listener at 127.0.0.1/38495] INFO  server.RaftServerConfigKeys (ConfUtils.java:logGet(44)) - raft.server.log.appender.buffer.byte-limit = 33554432 (custom)
2021-08-31 13:03:40,242 [Listener at 127.0.0.1/38495] INFO  server.GrpcService (ConfUtils.java:logGet(44)) - raft.grpc.flow.control.window = 5MB (=5242880) (custom)
2021-08-31 13:03:40,242 [Listener at 127.0.0.1/38495] INFO  server.RaftServerConfigKeys (ConfUtils.java:logGet(44)) - raft.server.rpc.request.timeout = 3000ms (default)
2021-08-31 13:03:40,243 [Listener at 127.0.0.1/38495] INFO  impl.DataStreamServerImpl (ConfUtils.java:logGet(44)) - raft.datastream.type = DISABLED (default)
2021-08-31 13:03:40,243 [Listener at 127.0.0.1/38495] INFO  server.RaftServerConfigKeys (ConfUtils.java:logGet(44)) - raft.server.rpc.slowness.timeout = 300000ms (custom)
2021-08-31 13:03:40,244 [Listener at 127.0.0.1/38495] INFO  server.RaftServerConfigKeys (ConfUtils.java:logGet(44)) - raft.server.leaderelection.leader.step-down.wait-time = 10s (default)
2021-08-31 13:03:40,244 [Listener at 127.0.0.1/38495] INFO  server.RaftServerConfigKeys (ConfUtils.java:logGet(44)) - raft.server.storage.dir = [/home/runner/work/ozone/ozone/hadoop-ozone/integration-test/target/test-dir/MiniOzoneClusterImpl-24712a27-71f7-429c-8ffb-97a1a53f740d/datanode-1/data/ratis] (custom)
2021-08-31 13:03:40,248 [Listener at 127.0.0.1/38495] INFO  http.BaseHttpServer (BaseHttpServer.java:newHttpServer2BuilderForOzone(209)) - Starting Web-server for hddsDatanode at: http://0.0.0.0:0
2021-08-31 13:03:40,248 [Listener at 127.0.0.1/38495] INFO  http.BaseHttpServer (BaseHttpServer.java:<init>(107)) - Hadoop Security Enabled: false Ozone Security Enabled: false Ozone HTTP Security Enabled: false 
2021-08-31 13:03:40,249 [Listener at 127.0.0.1/38495] INFO  server.AuthenticationFilter (AuthenticationFilter.java:constructSecretProvider(240)) - Unable to initialize FileSignerSecretProvider, falling back to use random secrets.
2021-08-31 13:03:40,251 [Listener at 127.0.0.1/38495] WARN  http.HttpRequestLog (HttpRequestLog.java:getRequestLog(103)) - Jetty request log can only be enabled using Log4j
2021-08-31 13:03:40,252 [Listener at 127.0.0.1/38495] INFO  http.HttpServer2 (HttpServer2.java:addGlobalFilter(1030)) - Added global filter 'safety' (class=org.apache.hadoop.hdds.server.http.HttpServer2$QuotingInputFilter)
2021-08-31 13:03:40,252 [Listener at 127.0.0.1/38495] INFO  http.HttpServer2 (HttpServer2.java:addFilter(1006)) - Added filter static_user_filter (class=org.apache.hadoop.http.lib.StaticUserWebFilter$StaticUserFilter) to context hddsDatanode
2021-08-31 13:03:40,253 [Listener at 127.0.0.1/38495] INFO  http.HttpServer2 (HttpServer2.java:addFilter(1014)) - Added filter static_user_filter (class=org.apache.hadoop.http.lib.StaticUserWebFilter$StaticUserFilter) to context static
2021-08-31 13:03:40,253 [Listener at 127.0.0.1/38495] INFO  http.HttpServer2 (HttpServer2.java:addFilter(1014)) - Added filter static_user_filter (class=org.apache.hadoop.http.lib.StaticUserWebFilter$StaticUserFilter) to context logs
2021-08-31 13:03:40,253 [Listener at 127.0.0.1/38495] INFO  http.HttpServer2 (HttpServer2.java:bindListener(1249)) - Jetty bound to port 35551
2021-08-31 13:03:40,253 [Listener at 127.0.0.1/38495] INFO  server.Server (Server.java:doStart(375)) - jetty-9.4.43.v20210629; built: 2021-06-30T11:07:22.254Z; git: 526006ecfa3af7f1a27ef3a288e2bef7ea9dd7e8; jvm 1.8.0_292-b10
2021-08-31 13:03:40,260 [Listener at 127.0.0.1/38495] INFO  server.session (DefaultSessionIdManager.java:doStart(334)) - DefaultSessionIdManager workerName=node0
2021-08-31 13:03:40,260 [Listener at 127.0.0.1/38495] INFO  server.session (DefaultSessionIdManager.java:doStart(339)) - No SessionScavenger set, using defaults
2021-08-31 13:03:40,260 [Listener at 127.0.0.1/38495] INFO  server.session (HouseKeeper.java:startScavenging(132)) - node0 Scavenging every 660000ms
2021-08-31 13:03:40,261 [Listener at 127.0.0.1/38495] INFO  handler.ContextHandler (ContextHandler.java:doStart(915)) - Started o.e.j.s.ServletContextHandler@7b565a6f{logs,/logs,file:///home/runner/work/ozone/ozone/hadoop-ozone/integration-test/target/log,AVAILABLE}
2021-08-31 13:03:40,261 [Listener at 127.0.0.1/38495] INFO  handler.ContextHandler (ContextHandler.java:doStart(915)) - Started o.e.j.s.ServletContextHandler@232def55{static,/static,jar:file:/home/runner/.m2/repository/org/apache/ozone/hdds-container-service/1.2.0-SNAPSHOT/hdds-container-service-1.2.0-SNAPSHOT.jar!/webapps/static,AVAILABLE}
2021-08-31 13:03:40,271 [om1@group-C5BA1605619E-FollowerState] INFO  impl.FollowerState (FollowerState.java:run(134)) - om1@group-C5BA1605619E-FollowerState: change to CANDIDATE, lastRpcElapsedTime:1057255243ns, electionTimeout:1048ms
2021-08-31 13:03:40,272 [om1@group-C5BA1605619E-FollowerState] INFO  impl.RoleInfo (RoleInfo.java:shutdownFollowerState(108)) - om1: shutdown om1@group-C5BA1605619E-FollowerState
2021-08-31 13:03:40,272 [om1@group-C5BA1605619E-FollowerState] INFO  server.RaftServer$Division (RaftServerImpl.java:setRole(285)) - om1@group-C5BA1605619E: changes role from  FOLLOWER to CANDIDATE at term 0 for changeToCandidate
2021-08-31 13:03:40,276 [om1@group-C5BA1605619E-FollowerState] INFO  server.RaftServerConfigKeys (ConfUtils.java:logGet(44)) - raft.server.leaderelection.pre-vote = false (custom)
2021-08-31 13:03:40,276 [om1@group-C5BA1605619E-FollowerState] INFO  impl.RoleInfo (RoleInfo.java:updateAndGet(130)) - om1: start om1@group-C5BA1605619E-LeaderElection1
2021-08-31 13:03:40,290 [om1@group-C5BA1605619E-LeaderElection1] INFO  impl.LeaderElection (LeaderElection.java:askForVotes(306)) - om1@group-C5BA1605619E-LeaderElection1 ELECTION round 0: submit vote requests at term 1 for -1: [om1|rpc:localhost:9872|priority:0], old=null
2021-08-31 13:03:40,291 [om1@group-C5BA1605619E-LeaderElection1] INFO  impl.LeaderElection (LeaderElection.java:askForVotes(308)) - om1@group-C5BA1605619E-LeaderElection1 ELECTION round 0: result PASSED (term=1)
2021-08-31 13:03:40,291 [om1@group-C5BA1605619E-LeaderElection1] INFO  impl.RoleInfo (RoleInfo.java:shutdownLeaderElection(121)) - om1: shutdown om1@group-C5BA1605619E-LeaderElection1
2021-08-31 13:03:40,292 [om1@group-C5BA1605619E-LeaderElection1] INFO  server.RaftServer$Division (RaftServerImpl.java:setRole(285)) - om1@group-C5BA1605619E: changes role from CANDIDATE to LEADER at term 1 for changeToLeader
2021-08-31 13:03:40,292 [om1@group-C5BA1605619E-LeaderElection1] INFO  server.RaftServer$Division (ServerState.java:setLeader(285)) - om1@group-C5BA1605619E: change Leader from null to om1 at term 1 for becomeLeader, leader elected after 1219ms
2021-08-31 13:03:40,299 [om1@group-C5BA1605619E-LeaderElection1] INFO  server.RaftServerConfigKeys (ConfUtils.java:logGet(44)) - raft.server.staging.catchup.gap = 1000 (default)
2021-08-31 13:03:40,326 [om1@group-C5BA1605619E-LeaderElection1] INFO  server.RaftServerConfigKeys (ConfUtils.java:logGet(44)) - raft.server.write.element-limit = 4096 (default)
2021-08-31 13:03:40,332 [om1@group-C5BA1605619E-LeaderElection1] INFO  server.RaftServerConfigKeys (ConfUtils.java:logGet(44)) - raft.server.write.byte-limit = 64MB (=67108864) (default)
2021-08-31 13:03:40,340 [om1@group-C5BA1605619E-LeaderElection1] INFO  server.RaftServerConfigKeys (ConfUtils.java:logGet(44)) - raft.server.watch.timeout = 10s (default)
2021-08-31 13:03:40,341 [om1@group-C5BA1605619E-LeaderElection1] INFO  server.RaftServerConfigKeys (ConfUtils.java:logGet(44)) - raft.server.watch.timeout.denomination = 1s (default)
2021-08-31 13:03:40,346 [Listener at 127.0.0.1/38495] INFO  handler.ContextHandler (ContextHandler.java:doStart(915)) - Started o.e.j.w.WebAppContext@78ed332b{hddsDatanode,/,file:///tmp/jetty-0_0_0_0-35551-hdds-container-service-1_2_0-SNAPSHOT_jar-_-any-3666254860125760121/webapp/,AVAILABLE}{jar:file:/home/runner/.m2/repository/org/apache/ozone/hdds-container-service/1.2.0-SNAPSHOT/hdds-container-service-1.2.0-SNAPSHOT.jar!/webapps/hddsDatanode}
2021-08-31 13:03:40,347 [Listener at 127.0.0.1/38495] INFO  server.AbstractConnector (AbstractConnector.java:doStart(331)) - Started ServerConnector@6475dfa{HTTP/1.1, (http/1.1)}{0.0.0.0:35551}
2021-08-31 13:03:40,347 [Listener at 127.0.0.1/38495] INFO  server.Server (Server.java:doStart(415)) - Started @7323ms
2021-08-31 13:03:40,348 [Listener at 127.0.0.1/38495] WARN  impl.MetricsSystemImpl (MetricsSystemImpl.java:register(279)) - Sink prometheus already exists!
2021-08-31 13:03:40,348 [Listener at 127.0.0.1/38495] INFO  http.BaseHttpServer (BaseHttpServer.java:updateConnectorAddress(329)) - HTTP server of hddsDatanode listening at http://0.0.0.0:35551
2021-08-31 13:03:40,349 [Listener at 127.0.0.1/38495] WARN  impl.MetricRegistriesImpl (MetricRegistriesImpl.java:addReporterRegistration(111)) - New reporters are added after registries were created. Some metrics will be missing from the reporter. Please add reporter before adding any new registry.
2021-08-31 13:03:40,349 [Listener at 127.0.0.1/38495] WARN  impl.MetricRegistriesImpl (MetricRegistriesImpl.java:addReporterRegistration(111)) - New reporters are added after registries were created. Some metrics will be missing from the reporter. Please add reporter before adding any new registry.
2021-08-31 13:03:40,349 [Listener at 127.0.0.1/38495] INFO  impl.MetricsSystemImpl (MetricsSystemImpl.java:init(158)) - HddsDatanode metrics system started (again)
2021-08-31 13:03:40,359 [om1@group-C5BA1605619E-LeaderElection1] INFO  server.RaftServerConfigKeys (ConfUtils.java:logGet(44)) - raft.server.watch.element-limit = 65536 (default)
2021-08-31 13:03:40,373 [Listener at 127.0.0.1/38495] INFO  ozone.HddsDatanodeService (HddsDatanodeService.java:start(234)) - HddsDatanodeService host:fv-az151-142 ip:10.1.0.6
2021-08-31 13:03:40,374 [om1@group-C5BA1605619E-LeaderElection1] INFO  impl.RoleInfo (RoleInfo.java:updateAndGet(130)) - om1: start om1@group-C5BA1605619E-LeaderStateImpl
2021-08-31 13:03:40,389 [org.apache.hadoop.util.JvmPauseMonitor$Monitor@1cc166f4] INFO  util.JvmPauseMonitor (JvmPauseMonitor.java:run(188)) - Starting JVM pause monitor
2021-08-31 13:03:40,398 [Datanode State Machine Task Thread - 0] INFO  datanode.InitDatanodeState (InitDatanodeState.java:persistContainerDatanodeDetails(145)) - DatanodeDetails is persisted to /home/runner/work/ozone/ozone/hadoop-ozone/integration-test/target/test-dir/MiniOzoneClusterImpl-24712a27-71f7-429c-8ffb-97a1a53f740d/datanode-1/meta/datanode.id
2021-08-31 13:03:40,545 [Listener at 127.0.0.1/38495] INFO  upgrade.AbstractLayoutVersionManager (AbstractLayoutVersionManager.java:init(70)) - Initializing Layout version manager with metadata layout = SCM_HA (version = 2), software layout = SCM_HA (version = 2)
2021-08-31 13:03:40,578 [om1@group-C5BA1605619E-LeaderElection1] INFO  segmented.SegmentedRaftLogWorker (SegmentedRaftLogWorker.java:startLogSegment(394)) - om1@group-C5BA1605619E-SegmentedRaftLogWorker: Starting segment from index:0
2021-08-31 13:03:40,630 [Listener at 127.0.0.1/38495] INFO  reflections.Reflections (Reflections.java:scan(232)) - Reflections took 84 ms to scan 7 urls, producing 120 keys and 275 values 
2021-08-31 13:03:40,644 [Listener at 127.0.0.1/38495] INFO  volume.HddsVolume (HddsVolume.java:<init>(120)) - Creating HddsVolume: /home/runner/work/ozone/ozone/hadoop-ozone/integration-test/target/test-dir/MiniOzoneClusterImpl-24712a27-71f7-429c-8ffb-97a1a53f740d/datanode-2/data-0/containers/hdds of storage type : DISK capacity : 9223372036854775807
2021-08-31 13:03:40,644 [Listener at 127.0.0.1/38495] INFO  volume.MutableVolumeSet (MutableVolumeSet.java:initializeVolumeSet(181)) - Added Volume : /home/runner/work/ozone/ozone/hadoop-ozone/integration-test/target/test-dir/MiniOzoneClusterImpl-24712a27-71f7-429c-8ffb-97a1a53f740d/datanode-2/data-0/containers/hdds to VolumeSet
2021-08-31 13:03:40,644 [Listener at 127.0.0.1/38495] INFO  volume.ThrottledAsyncChecker (ThrottledAsyncChecker.java:schedule(141)) - Scheduling a check for /home/runner/work/ozone/ozone/hadoop-ozone/integration-test/target/test-dir/MiniOzoneClusterImpl-24712a27-71f7-429c-8ffb-97a1a53f740d/datanode-2/data-0/containers/hdds
2021-08-31 13:03:40,655 [om1@group-C5BA1605619E-LeaderElection1] INFO  server.RaftServer$Division (ServerState.java:setRaftConf(387)) - om1@group-C5BA1605619E: set configuration 0: [om1|rpc:localhost:9872|admin:|client:|dataStream:|priority:0], old=null
2021-08-31 13:03:40,655 [Listener at 127.0.0.1/38495] INFO  volume.StorageVolumeChecker (StorageVolumeChecker.java:checkAllVolumes(202)) - Scheduled health check for volume /home/runner/work/ozone/ozone/hadoop-ozone/integration-test/target/test-dir/MiniOzoneClusterImpl-24712a27-71f7-429c-8ffb-97a1a53f740d/datanode-2/data-0/containers/hdds
2021-08-31 13:03:40,686 [Listener at 127.0.0.1/38495] INFO  volume.MutableVolumeSet (MutableVolumeSet.java:initializeVolumeSet(181)) - Added Volume : /home/runner/work/ozone/ozone/hadoop-ozone/integration-test/target/test-dir/MiniOzoneClusterImpl-24712a27-71f7-429c-8ffb-97a1a53f740d/datanode-2/data/ratis to VolumeSet
2021-08-31 13:03:40,690 [Listener at 127.0.0.1/38495] INFO  volume.ThrottledAsyncChecker (ThrottledAsyncChecker.java:schedule(141)) - Scheduling a check for /home/runner/work/ozone/ozone/hadoop-ozone/integration-test/target/test-dir/MiniOzoneClusterImpl-24712a27-71f7-429c-8ffb-97a1a53f740d/datanode-2/data/ratis
2021-08-31 13:03:40,690 [Listener at 127.0.0.1/38495] INFO  volume.StorageVolumeChecker (StorageVolumeChecker.java:checkAllVolumes(202)) - Scheduled health check for volume /home/runner/work/ozone/ozone/hadoop-ozone/integration-test/target/test-dir/MiniOzoneClusterImpl-24712a27-71f7-429c-8ffb-97a1a53f740d/datanode-2/data/ratis
2021-08-31 13:03:40,714 [Listener at 127.0.0.1/38495] INFO  ozoneimpl.ContainerReader (ContainerReader.java:<init>(98)) - Running in upgrade mode:true
2021-08-31 13:03:40,716 [Thread-154] INFO  ozoneimpl.ContainerReader (ContainerReader.java:readVolume(142)) - Start to verify containers on volume /home/runner/work/ozone/ozone/hadoop-ozone/integration-test/target/test-dir/MiniOzoneClusterImpl-24712a27-71f7-429c-8ffb-97a1a53f740d/datanode-2/data-0/containers/hdds
2021-08-31 13:03:40,716 [Thread-154] INFO  ozoneimpl.ContainerReader (ContainerReader.java:readVolume(174)) - Finish verifying containers on volume /home/runner/work/ozone/ozone/hadoop-ozone/integration-test/target/test-dir/MiniOzoneClusterImpl-24712a27-71f7-429c-8ffb-97a1a53f740d/datanode-2/data-0/containers/hdds
2021-08-31 13:03:40,716 [Listener at 127.0.0.1/38495] INFO  ozoneimpl.OzoneContainer (OzoneContainer.java:buildContainerSet(237)) - Build ContainerSet costs 0s
2021-08-31 13:03:40,719 [om1@group-C5BA1605619E-SegmentedRaftLogWorker] INFO  segmented.SegmentedRaftLogWorker (SegmentedRaftLogWorker.java:execute(601)) - om1@group-C5BA1605619E-SegmentedRaftLogWorker: created new log segment /home/runner/work/ozone/ozone/hadoop-ozone/integration-test/target/test-dir/MiniOzoneClusterImpl-24712a27-71f7-429c-8ffb-97a1a53f740d/ozone-meta/ratis/bf265839-605b-3f16-9796-c5ba1605619e/current/log_inprogress_0
2021-08-31 13:03:40,720 [Listener at 127.0.0.1/38495] INFO  server.RaftServer (ConfUtils.java:logGet(44)) - raft.rpc.type = GRPC (default)
2021-08-31 13:03:40,720 [Listener at 127.0.0.1/38495] INFO  grpc.GrpcFactory (GrpcFactory.java:checkPooledByteBufAllocatorUseCacheForAllThreads(48)) - PERFORMANCE WARNING: useCacheForAllThreads is true that may cause Netty to create a lot garbage objects and, as a result, trigger GC.
	It is recommended to disable useCacheForAllThreads by setting -Dorg.apache.ratis.thirdparty.io.netty.allocator.useCacheForAllThreads=false in command line.
2021-08-31 13:03:40,720 [Listener at 127.0.0.1/38495] INFO  grpc.GrpcConfigKeys (ConfUtils.java:logGet(44)) - raft.grpc.admin.port = 0 (custom)
2021-08-31 13:03:40,721 [Listener at 127.0.0.1/38495] INFO  grpc.GrpcConfigKeys (ConfUtils.java:logGet(44)) - raft.grpc.client.port = 0 (custom)
2021-08-31 13:03:40,721 [Listener at 127.0.0.1/38495] INFO  grpc.GrpcConfigKeys (ConfUtils.java:logGet(44)) - raft.grpc.server.port = 0 (default)
2021-08-31 13:03:40,721 [Listener at 127.0.0.1/38495] INFO  server.GrpcService (ConfUtils.java:logGet(44)) - raft.grpc.message.size.max = 32MB (=33554432) (custom)
2021-08-31 13:03:40,721 [Listener at 127.0.0.1/38495] INFO  server.RaftServerConfigKeys (ConfUtils.java:logGet(44)) - raft.server.log.appender.buffer.byte-limit = 33554432 (custom)
2021-08-31 13:03:40,721 [Listener at 127.0.0.1/38495] INFO  server.GrpcService (ConfUtils.java:logGet(44)) - raft.grpc.flow.control.window = 5MB (=5242880) (custom)
2021-08-31 13:03:40,721 [Listener at 127.0.0.1/38495] INFO  server.RaftServerConfigKeys (ConfUtils.java:logGet(44)) - raft.server.rpc.request.timeout = 3000ms (default)
2021-08-31 13:03:40,722 [Listener at 127.0.0.1/38495] INFO  impl.DataStreamServerImpl (ConfUtils.java:logGet(44)) - raft.datastream.type = DISABLED (default)
2021-08-31 13:03:40,722 [Listener at 127.0.0.1/38495] INFO  server.RaftServerConfigKeys (ConfUtils.java:logGet(44)) - raft.server.rpc.slowness.timeout = 300000ms (custom)
2021-08-31 13:03:40,723 [Listener at 127.0.0.1/38495] INFO  server.RaftServerConfigKeys (ConfUtils.java:logGet(44)) - raft.server.leaderelection.leader.step-down.wait-time = 10s (default)
2021-08-31 13:03:40,725 [Listener at 127.0.0.1/38495] INFO  server.RaftServerConfigKeys (ConfUtils.java:logGet(44)) - raft.server.storage.dir = [/home/runner/work/ozone/ozone/hadoop-ozone/integration-test/target/test-dir/MiniOzoneClusterImpl-24712a27-71f7-429c-8ffb-97a1a53f740d/datanode-2/data/ratis] (custom)
2021-08-31 13:03:40,736 [Listener at 127.0.0.1/38495] INFO  http.BaseHttpServer (BaseHttpServer.java:newHttpServer2BuilderForOzone(209)) - Starting Web-server for hddsDatanode at: http://0.0.0.0:0
2021-08-31 13:03:40,736 [Listener at 127.0.0.1/38495] INFO  http.BaseHttpServer (BaseHttpServer.java:<init>(107)) - Hadoop Security Enabled: false Ozone Security Enabled: false Ozone HTTP Security Enabled: false 
2021-08-31 13:03:40,737 [Listener at 127.0.0.1/38495] INFO  server.AuthenticationFilter (AuthenticationFilter.java:constructSecretProvider(240)) - Unable to initialize FileSignerSecretProvider, falling back to use random secrets.
2021-08-31 13:03:40,745 [Listener at 127.0.0.1/38495] WARN  http.HttpRequestLog (HttpRequestLog.java:getRequestLog(103)) - Jetty request log can only be enabled using Log4j
2021-08-31 13:03:40,746 [Listener at 127.0.0.1/38495] INFO  http.HttpServer2 (HttpServer2.java:addGlobalFilter(1030)) - Added global filter 'safety' (class=org.apache.hadoop.hdds.server.http.HttpServer2$QuotingInputFilter)
2021-08-31 13:03:40,747 [Listener at 127.0.0.1/38495] INFO  http.HttpServer2 (HttpServer2.java:addFilter(1006)) - Added filter static_user_filter (class=org.apache.hadoop.http.lib.StaticUserWebFilter$StaticUserFilter) to context hddsDatanode
2021-08-31 13:03:40,747 [Listener at 127.0.0.1/38495] INFO  http.HttpServer2 (HttpServer2.java:addFilter(1014)) - Added filter static_user_filter (class=org.apache.hadoop.http.lib.StaticUserWebFilter$StaticUserFilter) to context static
2021-08-31 13:03:40,747 [Listener at 127.0.0.1/38495] INFO  http.HttpServer2 (HttpServer2.java:addFilter(1014)) - Added filter static_user_filter (class=org.apache.hadoop.http.lib.StaticUserWebFilter$StaticUserFilter) to context logs
2021-08-31 13:03:40,748 [Listener at 127.0.0.1/38495] INFO  http.HttpServer2 (HttpServer2.java:bindListener(1249)) - Jetty bound to port 44559
2021-08-31 13:03:40,748 [Listener at 127.0.0.1/38495] INFO  server.Server (Server.java:doStart(375)) - jetty-9.4.43.v20210629; built: 2021-06-30T11:07:22.254Z; git: 526006ecfa3af7f1a27ef3a288e2bef7ea9dd7e8; jvm 1.8.0_292-b10
2021-08-31 13:03:40,764 [Listener at 127.0.0.1/38495] INFO  server.session (DefaultSessionIdManager.java:doStart(334)) - DefaultSessionIdManager workerName=node0
2021-08-31 13:03:40,764 [Listener at 127.0.0.1/38495] INFO  server.session (DefaultSessionIdManager.java:doStart(339)) - No SessionScavenger set, using defaults
2021-08-31 13:03:40,764 [Listener at 127.0.0.1/38495] INFO  server.session (HouseKeeper.java:startScavenging(132)) - node0 Scavenging every 660000ms
2021-08-31 13:03:40,765 [Listener at 127.0.0.1/38495] INFO  handler.ContextHandler (ContextHandler.java:doStart(915)) - Started o.e.j.s.ServletContextHandler@40da24ac{logs,/logs,file:///home/runner/work/ozone/ozone/hadoop-ozone/integration-test/target/log,AVAILABLE}
2021-08-31 13:03:40,766 [Listener at 127.0.0.1/38495] INFO  handler.ContextHandler (ContextHandler.java:doStart(915)) - Started o.e.j.s.ServletContextHandler@5ef2cc91{static,/static,jar:file:/home/runner/.m2/repository/org/apache/ozone/hdds-container-service/1.2.0-SNAPSHOT/hdds-container-service-1.2.0-SNAPSHOT.jar!/webapps/static,AVAILABLE}
2021-08-31 13:03:40,823 [Listener at 127.0.0.1/38495] INFO  handler.ContextHandler (ContextHandler.java:doStart(915)) - Started o.e.j.w.WebAppContext@14ff4f15{hddsDatanode,/,file:///tmp/jetty-0_0_0_0-44559-hdds-container-service-1_2_0-SNAPSHOT_jar-_-any-6943047298055603345/webapp/,AVAILABLE}{jar:file:/home/runner/.m2/repository/org/apache/ozone/hdds-container-service/1.2.0-SNAPSHOT/hdds-container-service-1.2.0-SNAPSHOT.jar!/webapps/hddsDatanode}
2021-08-31 13:03:40,827 [Listener at 127.0.0.1/38495] INFO  server.AbstractConnector (AbstractConnector.java:doStart(331)) - Started ServerConnector@6ff8faf1{HTTP/1.1, (http/1.1)}{0.0.0.0:44559}
2021-08-31 13:03:40,828 [Listener at 127.0.0.1/38495] INFO  server.Server (Server.java:doStart(415)) - Started @7804ms
2021-08-31 13:03:40,828 [Listener at 127.0.0.1/38495] WARN  impl.MetricsSystemImpl (MetricsSystemImpl.java:register(279)) - Sink prometheus already exists!
2021-08-31 13:03:40,830 [Listener at 127.0.0.1/38495] INFO  http.BaseHttpServer (BaseHttpServer.java:updateConnectorAddress(329)) - HTTP server of hddsDatanode listening at http://0.0.0.0:44559
2021-08-31 13:03:40,830 [Listener at 127.0.0.1/38495] WARN  impl.MetricRegistriesImpl (MetricRegistriesImpl.java:addReporterRegistration(111)) - New reporters are added after registries were created. Some metrics will be missing from the reporter. Please add reporter before adding any new registry.
2021-08-31 13:03:40,831 [Listener at 127.0.0.1/38495] WARN  impl.MetricRegistriesImpl (MetricRegistriesImpl.java:addReporterRegistration(111)) - New reporters are added after registries were created. Some metrics will be missing from the reporter. Please add reporter before adding any new registry.
2021-08-31 13:03:40,831 [Listener at 127.0.0.1/38495] INFO  impl.MetricsSystemImpl (MetricsSystemImpl.java:init(158)) - HddsDatanode metrics system started (again)
2021-08-31 13:03:40,838 [om1@group-C5BA1605619E-StateMachineUpdater] INFO  ratis.OzoneManagerStateMachine (OzoneManagerStateMachine.java:notifyConfigurationChanged(188)) - Received Configuration change notification from Ratis. New Peer list:
[id: "om1"
address: "localhost:9872"
]
2021-08-31 13:03:40,854 [Listener at 127.0.0.1/38495] INFO  ozone.HddsDatanodeService (HddsDatanodeService.java:start(234)) - HddsDatanodeService host:fv-az151-142 ip:10.1.0.6
2021-08-31 13:03:40,863 [org.apache.hadoop.util.JvmPauseMonitor$Monitor@50bae1ba] INFO  util.JvmPauseMonitor (JvmPauseMonitor.java:run(188)) - Starting JVM pause monitor
2021-08-31 13:03:40,875 [Datanode State Machine Task Thread - 0] INFO  datanode.InitDatanodeState (InitDatanodeState.java:persistContainerDatanodeDetails(145)) - DatanodeDetails is persisted to /home/runner/work/ozone/ozone/hadoop-ozone/integration-test/target/test-dir/MiniOzoneClusterImpl-24712a27-71f7-429c-8ffb-97a1a53f740d/datanode-2/meta/datanode.id
2021-08-31 13:03:40,879 [Listener at 127.0.0.1/38495] INFO  upgrade.AbstractLayoutVersionManager (AbstractLayoutVersionManager.java:init(70)) - Initializing Layout version manager with metadata layout = SCM_HA (version = 2), software layout = SCM_HA (version = 2)
2021-08-31 13:03:40,930 [Listener at 127.0.0.1/38495] INFO  reflections.Reflections (Reflections.java:scan(232)) - Reflections took 50 ms to scan 7 urls, producing 120 keys and 275 values 
2021-08-31 13:03:40,938 [Listener at 127.0.0.1/38495] INFO  volume.HddsVolume (HddsVolume.java:<init>(120)) - Creating HddsVolume: /home/runner/work/ozone/ozone/hadoop-ozone/integration-test/target/test-dir/MiniOzoneClusterImpl-24712a27-71f7-429c-8ffb-97a1a53f740d/datanode-3/data-0/containers/hdds of storage type : DISK capacity : 9223372036854775807
2021-08-31 13:03:40,938 [Listener at 127.0.0.1/38495] INFO  volume.MutableVolumeSet (MutableVolumeSet.java:initializeVolumeSet(181)) - Added Volume : /home/runner/work/ozone/ozone/hadoop-ozone/integration-test/target/test-dir/MiniOzoneClusterImpl-24712a27-71f7-429c-8ffb-97a1a53f740d/datanode-3/data-0/containers/hdds to VolumeSet
2021-08-31 13:03:40,938 [Listener at 127.0.0.1/38495] INFO  volume.ThrottledAsyncChecker (ThrottledAsyncChecker.java:schedule(141)) - Scheduling a check for /home/runner/work/ozone/ozone/hadoop-ozone/integration-test/target/test-dir/MiniOzoneClusterImpl-24712a27-71f7-429c-8ffb-97a1a53f740d/datanode-3/data-0/containers/hdds
2021-08-31 13:03:40,939 [Listener at 127.0.0.1/38495] INFO  volume.StorageVolumeChecker (StorageVolumeChecker.java:checkAllVolumes(202)) - Scheduled health check for volume /home/runner/work/ozone/ozone/hadoop-ozone/integration-test/target/test-dir/MiniOzoneClusterImpl-24712a27-71f7-429c-8ffb-97a1a53f740d/datanode-3/data-0/containers/hdds
2021-08-31 13:03:40,954 [Listener at 127.0.0.1/38495] INFO  volume.MutableVolumeSet (MutableVolumeSet.java:initializeVolumeSet(181)) - Added Volume : /home/runner/work/ozone/ozone/hadoop-ozone/integration-test/target/test-dir/MiniOzoneClusterImpl-24712a27-71f7-429c-8ffb-97a1a53f740d/datanode-3/data/ratis to VolumeSet
2021-08-31 13:03:40,954 [Listener at 127.0.0.1/38495] INFO  volume.ThrottledAsyncChecker (ThrottledAsyncChecker.java:schedule(141)) - Scheduling a check for /home/runner/work/ozone/ozone/hadoop-ozone/integration-test/target/test-dir/MiniOzoneClusterImpl-24712a27-71f7-429c-8ffb-97a1a53f740d/datanode-3/data/ratis
2021-08-31 13:03:40,954 [Listener at 127.0.0.1/38495] INFO  volume.StorageVolumeChecker (StorageVolumeChecker.java:checkAllVolumes(202)) - Scheduled health check for volume /home/runner/work/ozone/ozone/hadoop-ozone/integration-test/target/test-dir/MiniOzoneClusterImpl-24712a27-71f7-429c-8ffb-97a1a53f740d/datanode-3/data/ratis
2021-08-31 13:03:40,969 [Listener at 127.0.0.1/38495] INFO  ozoneimpl.ContainerReader (ContainerReader.java:<init>(98)) - Running in upgrade mode:true
2021-08-31 13:03:40,971 [Thread-166] INFO  ozoneimpl.ContainerReader (ContainerReader.java:readVolume(142)) - Start to verify containers on volume /home/runner/work/ozone/ozone/hadoop-ozone/integration-test/target/test-dir/MiniOzoneClusterImpl-24712a27-71f7-429c-8ffb-97a1a53f740d/datanode-3/data-0/containers/hdds
2021-08-31 13:03:40,971 [Thread-166] INFO  ozoneimpl.ContainerReader (ContainerReader.java:readVolume(174)) - Finish verifying containers on volume /home/runner/work/ozone/ozone/hadoop-ozone/integration-test/target/test-dir/MiniOzoneClusterImpl-24712a27-71f7-429c-8ffb-97a1a53f740d/datanode-3/data-0/containers/hdds
2021-08-31 13:03:40,971 [Listener at 127.0.0.1/38495] INFO  ozoneimpl.OzoneContainer (OzoneContainer.java:buildContainerSet(237)) - Build ContainerSet costs 0s
2021-08-31 13:03:40,974 [Listener at 127.0.0.1/38495] INFO  server.RaftServer (ConfUtils.java:logGet(44)) - raft.rpc.type = GRPC (default)
2021-08-31 13:03:40,974 [Listener at 127.0.0.1/38495] INFO  grpc.GrpcFactory (GrpcFactory.java:checkPooledByteBufAllocatorUseCacheForAllThreads(48)) - PERFORMANCE WARNING: useCacheForAllThreads is true that may cause Netty to create a lot garbage objects and, as a result, trigger GC.
	It is recommended to disable useCacheForAllThreads by setting -Dorg.apache.ratis.thirdparty.io.netty.allocator.useCacheForAllThreads=false in command line.
2021-08-31 13:03:40,975 [Listener at 127.0.0.1/38495] INFO  grpc.GrpcConfigKeys (ConfUtils.java:logGet(44)) - raft.grpc.admin.port = 0 (custom)
2021-08-31 13:03:40,975 [Listener at 127.0.0.1/38495] INFO  grpc.GrpcConfigKeys (ConfUtils.java:logGet(44)) - raft.grpc.client.port = 0 (custom)
2021-08-31 13:03:40,975 [Listener at 127.0.0.1/38495] INFO  grpc.GrpcConfigKeys (ConfUtils.java:logGet(44)) - raft.grpc.server.port = 0 (default)
2021-08-31 13:03:40,975 [Listener at 127.0.0.1/38495] INFO  server.GrpcService (ConfUtils.java:logGet(44)) - raft.grpc.message.size.max = 32MB (=33554432) (custom)
2021-08-31 13:03:40,975 [Listener at 127.0.0.1/38495] INFO  server.RaftServerConfigKeys (ConfUtils.java:logGet(44)) - raft.server.log.appender.buffer.byte-limit = 33554432 (custom)
2021-08-31 13:03:40,975 [Listener at 127.0.0.1/38495] INFO  server.GrpcService (ConfUtils.java:logGet(44)) - raft.grpc.flow.control.window = 5MB (=5242880) (custom)
2021-08-31 13:03:40,975 [Listener at 127.0.0.1/38495] INFO  server.RaftServerConfigKeys (ConfUtils.java:logGet(44)) - raft.server.rpc.request.timeout = 3000ms (default)
2021-08-31 13:03:40,976 [Listener at 127.0.0.1/38495] INFO  impl.DataStreamServerImpl (ConfUtils.java:logGet(44)) - raft.datastream.type = DISABLED (default)
2021-08-31 13:03:40,977 [Listener at 127.0.0.1/38495] INFO  server.RaftServerConfigKeys (ConfUtils.java:logGet(44)) - raft.server.rpc.slowness.timeout = 300000ms (custom)
2021-08-31 13:03:40,977 [Listener at 127.0.0.1/38495] INFO  server.RaftServerConfigKeys (ConfUtils.java:logGet(44)) - raft.server.leaderelection.leader.step-down.wait-time = 10s (default)
2021-08-31 13:03:40,977 [Listener at 127.0.0.1/38495] INFO  server.RaftServerConfigKeys (ConfUtils.java:logGet(44)) - raft.server.storage.dir = [/home/runner/work/ozone/ozone/hadoop-ozone/integration-test/target/test-dir/MiniOzoneClusterImpl-24712a27-71f7-429c-8ffb-97a1a53f740d/datanode-3/data/ratis] (custom)
2021-08-31 13:03:40,980 [Listener at 127.0.0.1/38495] INFO  http.BaseHttpServer (BaseHttpServer.java:newHttpServer2BuilderForOzone(209)) - Starting Web-server for hddsDatanode at: http://0.0.0.0:0
2021-08-31 13:03:40,980 [Listener at 127.0.0.1/38495] INFO  http.BaseHttpServer (BaseHttpServer.java:<init>(107)) - Hadoop Security Enabled: false Ozone Security Enabled: false Ozone HTTP Security Enabled: false 
2021-08-31 13:03:40,982 [Listener at 127.0.0.1/38495] INFO  server.AuthenticationFilter (AuthenticationFilter.java:constructSecretProvider(240)) - Unable to initialize FileSignerSecretProvider, falling back to use random secrets.
2021-08-31 13:03:40,983 [Listener at 127.0.0.1/38495] WARN  http.HttpRequestLog (HttpRequestLog.java:getRequestLog(103)) - Jetty request log can only be enabled using Log4j
2021-08-31 13:03:40,984 [Listener at 127.0.0.1/38495] INFO  http.HttpServer2 (HttpServer2.java:addGlobalFilter(1030)) - Added global filter 'safety' (class=org.apache.hadoop.hdds.server.http.HttpServer2$QuotingInputFilter)
2021-08-31 13:03:40,985 [Listener at 127.0.0.1/38495] INFO  http.HttpServer2 (HttpServer2.java:addFilter(1006)) - Added filter static_user_filter (class=org.apache.hadoop.http.lib.StaticUserWebFilter$StaticUserFilter) to context hddsDatanode
2021-08-31 13:03:40,985 [Listener at 127.0.0.1/38495] INFO  http.HttpServer2 (HttpServer2.java:addFilter(1014)) - Added filter static_user_filter (class=org.apache.hadoop.http.lib.StaticUserWebFilter$StaticUserFilter) to context logs
2021-08-31 13:03:40,985 [Listener at 127.0.0.1/38495] INFO  http.HttpServer2 (HttpServer2.java:addFilter(1014)) - Added filter static_user_filter (class=org.apache.hadoop.http.lib.StaticUserWebFilter$StaticUserFilter) to context static
2021-08-31 13:03:40,986 [Listener at 127.0.0.1/38495] INFO  http.HttpServer2 (HttpServer2.java:bindListener(1249)) - Jetty bound to port 45829
2021-08-31 13:03:40,986 [Listener at 127.0.0.1/38495] INFO  server.Server (Server.java:doStart(375)) - jetty-9.4.43.v20210629; built: 2021-06-30T11:07:22.254Z; git: 526006ecfa3af7f1a27ef3a288e2bef7ea9dd7e8; jvm 1.8.0_292-b10
2021-08-31 13:03:40,988 [Listener at 127.0.0.1/38495] INFO  server.session (DefaultSessionIdManager.java:doStart(334)) - DefaultSessionIdManager workerName=node0
2021-08-31 13:03:40,988 [Listener at 127.0.0.1/38495] INFO  server.session (DefaultSessionIdManager.java:doStart(339)) - No SessionScavenger set, using defaults
2021-08-31 13:03:40,988 [Listener at 127.0.0.1/38495] INFO  server.session (HouseKeeper.java:startScavenging(132)) - node0 Scavenging every 660000ms
2021-08-31 13:03:40,989 [Listener at 127.0.0.1/38495] INFO  handler.ContextHandler (ContextHandler.java:doStart(915)) - Started o.e.j.s.ServletContextHandler@780f9d6d{logs,/logs,file:///home/runner/work/ozone/ozone/hadoop-ozone/integration-test/target/log,AVAILABLE}
2021-08-31 13:03:40,989 [Listener at 127.0.0.1/38495] INFO  handler.ContextHandler (ContextHandler.java:doStart(915)) - Started o.e.j.s.ServletContextHandler@3c621780{static,/static,jar:file:/home/runner/.m2/repository/org/apache/ozone/hdds-container-service/1.2.0-SNAPSHOT/hdds-container-service-1.2.0-SNAPSHOT.jar!/webapps/static,AVAILABLE}
2021-08-31 13:03:41,035 [Listener at 127.0.0.1/38495] INFO  handler.ContextHandler (ContextHandler.java:doStart(915)) - Started o.e.j.w.WebAppContext@112bdc9c{hddsDatanode,/,file:///tmp/jetty-0_0_0_0-45829-hdds-container-service-1_2_0-SNAPSHOT_jar-_-any-2581084008949178522/webapp/,AVAILABLE}{jar:file:/home/runner/.m2/repository/org/apache/ozone/hdds-container-service/1.2.0-SNAPSHOT/hdds-container-service-1.2.0-SNAPSHOT.jar!/webapps/hddsDatanode}
2021-08-31 13:03:41,036 [Listener at 127.0.0.1/38495] INFO  server.AbstractConnector (AbstractConnector.java:doStart(331)) - Started ServerConnector@2b300240{HTTP/1.1, (http/1.1)}{0.0.0.0:45829}
2021-08-31 13:03:41,036 [Listener at 127.0.0.1/38495] INFO  server.Server (Server.java:doStart(415)) - Started @8012ms
2021-08-31 13:03:41,036 [Listener at 127.0.0.1/38495] WARN  impl.MetricsSystemImpl (MetricsSystemImpl.java:register(279)) - Sink prometheus already exists!
2021-08-31 13:03:41,037 [Listener at 127.0.0.1/38495] INFO  http.BaseHttpServer (BaseHttpServer.java:updateConnectorAddress(329)) - HTTP server of hddsDatanode listening at http://0.0.0.0:45829
2021-08-31 13:03:41,042 [Listener at 127.0.0.1/38495] WARN  impl.MetricRegistriesImpl (MetricRegistriesImpl.java:addReporterRegistration(111)) - New reporters are added after registries were created. Some metrics will be missing from the reporter. Please add reporter before adding any new registry.
2021-08-31 13:03:41,043 [Listener at 127.0.0.1/38495] WARN  impl.MetricRegistriesImpl (MetricRegistriesImpl.java:addReporterRegistration(111)) - New reporters are added after registries were created. Some metrics will be missing from the reporter. Please add reporter before adding any new registry.
2021-08-31 13:03:41,043 [Listener at 127.0.0.1/38495] INFO  impl.MetricsSystemImpl (MetricsSystemImpl.java:init(158)) - HddsDatanode metrics system started (again)
2021-08-31 13:03:41,055 [org.apache.hadoop.util.JvmPauseMonitor$Monitor@366f0ae6] INFO  util.JvmPauseMonitor (JvmPauseMonitor.java:run(188)) - Starting JVM pause monitor
2021-08-31 13:03:41,058 [Listener at 127.0.0.1/38495] INFO  ozone.HddsDatanodeService (HddsDatanodeService.java:start(234)) - HddsDatanodeService host:fv-az151-142 ip:10.1.0.6
2021-08-31 13:03:41,063 [Datanode State Machine Task Thread - 0] INFO  datanode.InitDatanodeState (InitDatanodeState.java:persistContainerDatanodeDetails(145)) - DatanodeDetails is persisted to /home/runner/work/ozone/ozone/hadoop-ozone/integration-test/target/test-dir/MiniOzoneClusterImpl-24712a27-71f7-429c-8ffb-97a1a53f740d/datanode-3/meta/datanode.id
2021-08-31 13:03:41,080 [Listener at 127.0.0.1/38495] INFO  upgrade.AbstractLayoutVersionManager (AbstractLayoutVersionManager.java:init(70)) - Initializing Layout version manager with metadata layout = SCM_HA (version = 2), software layout = SCM_HA (version = 2)
2021-08-31 13:03:41,121 [Listener at 127.0.0.1/38495] INFO  reflections.Reflections (Reflections.java:scan(232)) - Reflections took 40 ms to scan 7 urls, producing 120 keys and 275 values 
2021-08-31 13:03:41,124 [Listener at 127.0.0.1/38495] INFO  volume.HddsVolume (HddsVolume.java:<init>(120)) - Creating HddsVolume: /home/runner/work/ozone/ozone/hadoop-ozone/integration-test/target/test-dir/MiniOzoneClusterImpl-24712a27-71f7-429c-8ffb-97a1a53f740d/datanode-4/data-0/containers/hdds of storage type : DISK capacity : 9223372036854775807
2021-08-31 13:03:41,124 [Listener at 127.0.0.1/38495] INFO  volume.MutableVolumeSet (MutableVolumeSet.java:initializeVolumeSet(181)) - Added Volume : /home/runner/work/ozone/ozone/hadoop-ozone/integration-test/target/test-dir/MiniOzoneClusterImpl-24712a27-71f7-429c-8ffb-97a1a53f740d/datanode-4/data-0/containers/hdds to VolumeSet
2021-08-31 13:03:41,124 [Listener at 127.0.0.1/38495] INFO  volume.ThrottledAsyncChecker (ThrottledAsyncChecker.java:schedule(141)) - Scheduling a check for /home/runner/work/ozone/ozone/hadoop-ozone/integration-test/target/test-dir/MiniOzoneClusterImpl-24712a27-71f7-429c-8ffb-97a1a53f740d/datanode-4/data-0/containers/hdds
2021-08-31 13:03:41,127 [Listener at 127.0.0.1/38495] INFO  volume.StorageVolumeChecker (StorageVolumeChecker.java:checkAllVolumes(202)) - Scheduled health check for volume /home/runner/work/ozone/ozone/hadoop-ozone/integration-test/target/test-dir/MiniOzoneClusterImpl-24712a27-71f7-429c-8ffb-97a1a53f740d/datanode-4/data-0/containers/hdds
2021-08-31 13:03:41,142 [Listener at 127.0.0.1/38495] INFO  volume.MutableVolumeSet (MutableVolumeSet.java:initializeVolumeSet(181)) - Added Volume : /home/runner/work/ozone/ozone/hadoop-ozone/integration-test/target/test-dir/MiniOzoneClusterImpl-24712a27-71f7-429c-8ffb-97a1a53f740d/datanode-4/data/ratis to VolumeSet
2021-08-31 13:03:41,142 [Listener at 127.0.0.1/38495] INFO  volume.ThrottledAsyncChecker (ThrottledAsyncChecker.java:schedule(141)) - Scheduling a check for /home/runner/work/ozone/ozone/hadoop-ozone/integration-test/target/test-dir/MiniOzoneClusterImpl-24712a27-71f7-429c-8ffb-97a1a53f740d/datanode-4/data/ratis
2021-08-31 13:03:41,142 [Listener at 127.0.0.1/38495] INFO  volume.StorageVolumeChecker (StorageVolumeChecker.java:checkAllVolumes(202)) - Scheduled health check for volume /home/runner/work/ozone/ozone/hadoop-ozone/integration-test/target/test-dir/MiniOzoneClusterImpl-24712a27-71f7-429c-8ffb-97a1a53f740d/datanode-4/data/ratis
2021-08-31 13:03:41,157 [Listener at 127.0.0.1/38495] INFO  ozoneimpl.ContainerReader (ContainerReader.java:<init>(98)) - Running in upgrade mode:true
2021-08-31 13:03:41,157 [Thread-178] INFO  ozoneimpl.ContainerReader (ContainerReader.java:readVolume(142)) - Start to verify containers on volume /home/runner/work/ozone/ozone/hadoop-ozone/integration-test/target/test-dir/MiniOzoneClusterImpl-24712a27-71f7-429c-8ffb-97a1a53f740d/datanode-4/data-0/containers/hdds
2021-08-31 13:03:41,157 [Thread-178] INFO  ozoneimpl.ContainerReader (ContainerReader.java:readVolume(174)) - Finish verifying containers on volume /home/runner/work/ozone/ozone/hadoop-ozone/integration-test/target/test-dir/MiniOzoneClusterImpl-24712a27-71f7-429c-8ffb-97a1a53f740d/datanode-4/data-0/containers/hdds
2021-08-31 13:03:41,157 [Listener at 127.0.0.1/38495] INFO  ozoneimpl.OzoneContainer (OzoneContainer.java:buildContainerSet(237)) - Build ContainerSet costs 0s
2021-08-31 13:03:41,160 [Listener at 127.0.0.1/38495] INFO  server.RaftServer (ConfUtils.java:logGet(44)) - raft.rpc.type = GRPC (default)
2021-08-31 13:03:41,161 [Listener at 127.0.0.1/38495] INFO  grpc.GrpcFactory (GrpcFactory.java:checkPooledByteBufAllocatorUseCacheForAllThreads(48)) - PERFORMANCE WARNING: useCacheForAllThreads is true that may cause Netty to create a lot garbage objects and, as a result, trigger GC.
	It is recommended to disable useCacheForAllThreads by setting -Dorg.apache.ratis.thirdparty.io.netty.allocator.useCacheForAllThreads=false in command line.
2021-08-31 13:03:41,161 [Listener at 127.0.0.1/38495] INFO  grpc.GrpcConfigKeys (ConfUtils.java:logGet(44)) - raft.grpc.admin.port = 0 (custom)
2021-08-31 13:03:41,161 [Listener at 127.0.0.1/38495] INFO  grpc.GrpcConfigKeys (ConfUtils.java:logGet(44)) - raft.grpc.client.port = 0 (custom)
2021-08-31 13:03:41,161 [Listener at 127.0.0.1/38495] INFO  grpc.GrpcConfigKeys (ConfUtils.java:logGet(44)) - raft.grpc.server.port = 0 (default)
2021-08-31 13:03:41,161 [Listener at 127.0.0.1/38495] INFO  server.GrpcService (ConfUtils.java:logGet(44)) - raft.grpc.message.size.max = 32MB (=33554432) (custom)
2021-08-31 13:03:41,161 [Listener at 127.0.0.1/38495] INFO  server.RaftServerConfigKeys (ConfUtils.java:logGet(44)) - raft.server.log.appender.buffer.byte-limit = 33554432 (custom)
2021-08-31 13:03:41,161 [Listener at 127.0.0.1/38495] INFO  server.GrpcService (ConfUtils.java:logGet(44)) - raft.grpc.flow.control.window = 5MB (=5242880) (custom)
2021-08-31 13:03:41,162 [Listener at 127.0.0.1/38495] INFO  server.RaftServerConfigKeys (ConfUtils.java:logGet(44)) - raft.server.rpc.request.timeout = 3000ms (default)
2021-08-31 13:03:41,163 [Listener at 127.0.0.1/38495] INFO  impl.DataStreamServerImpl (ConfUtils.java:logGet(44)) - raft.datastream.type = DISABLED (default)
2021-08-31 13:03:41,163 [Listener at 127.0.0.1/38495] INFO  server.RaftServerConfigKeys (ConfUtils.java:logGet(44)) - raft.server.rpc.slowness.timeout = 300000ms (custom)
2021-08-31 13:03:41,163 [Listener at 127.0.0.1/38495] INFO  server.RaftServerConfigKeys (ConfUtils.java:logGet(44)) - raft.server.leaderelection.leader.step-down.wait-time = 10s (default)
2021-08-31 13:03:41,163 [Listener at 127.0.0.1/38495] INFO  server.RaftServerConfigKeys (ConfUtils.java:logGet(44)) - raft.server.storage.dir = [/home/runner/work/ozone/ozone/hadoop-ozone/integration-test/target/test-dir/MiniOzoneClusterImpl-24712a27-71f7-429c-8ffb-97a1a53f740d/datanode-4/data/ratis] (custom)
2021-08-31 13:03:41,166 [Listener at 127.0.0.1/38495] INFO  http.BaseHttpServer (BaseHttpServer.java:newHttpServer2BuilderForOzone(209)) - Starting Web-server for hddsDatanode at: http://0.0.0.0:0
2021-08-31 13:03:41,166 [Listener at 127.0.0.1/38495] INFO  http.BaseHttpServer (BaseHttpServer.java:<init>(107)) - Hadoop Security Enabled: false Ozone Security Enabled: false Ozone HTTP Security Enabled: false 
2021-08-31 13:03:41,168 [Listener at 127.0.0.1/38495] INFO  server.AuthenticationFilter (AuthenticationFilter.java:constructSecretProvider(240)) - Unable to initialize FileSignerSecretProvider, falling back to use random secrets.
2021-08-31 13:03:41,168 [Listener at 127.0.0.1/38495] WARN  http.HttpRequestLog (HttpRequestLog.java:getRequestLog(103)) - Jetty request log can only be enabled using Log4j
2021-08-31 13:03:41,169 [Listener at 127.0.0.1/38495] INFO  http.HttpServer2 (HttpServer2.java:addGlobalFilter(1030)) - Added global filter 'safety' (class=org.apache.hadoop.hdds.server.http.HttpServer2$QuotingInputFilter)
2021-08-31 13:03:41,170 [Listener at 127.0.0.1/38495] INFO  http.HttpServer2 (HttpServer2.java:addFilter(1006)) - Added filter static_user_filter (class=org.apache.hadoop.http.lib.StaticUserWebFilter$StaticUserFilter) to context hddsDatanode
2021-08-31 13:03:41,170 [Listener at 127.0.0.1/38495] INFO  http.HttpServer2 (HttpServer2.java:addFilter(1014)) - Added filter static_user_filter (class=org.apache.hadoop.http.lib.StaticUserWebFilter$StaticUserFilter) to context static
2021-08-31 13:03:41,170 [Listener at 127.0.0.1/38495] INFO  http.HttpServer2 (HttpServer2.java:addFilter(1014)) - Added filter static_user_filter (class=org.apache.hadoop.http.lib.StaticUserWebFilter$StaticUserFilter) to context logs
2021-08-31 13:03:41,171 [Listener at 127.0.0.1/38495] INFO  http.HttpServer2 (HttpServer2.java:bindListener(1249)) - Jetty bound to port 38827
2021-08-31 13:03:41,171 [Listener at 127.0.0.1/38495] INFO  server.Server (Server.java:doStart(375)) - jetty-9.4.43.v20210629; built: 2021-06-30T11:07:22.254Z; git: 526006ecfa3af7f1a27ef3a288e2bef7ea9dd7e8; jvm 1.8.0_292-b10
2021-08-31 13:03:41,182 [Listener at 127.0.0.1/38495] INFO  server.session (DefaultSessionIdManager.java:doStart(334)) - DefaultSessionIdManager workerName=node0
2021-08-31 13:03:41,182 [Listener at 127.0.0.1/38495] INFO  server.session (DefaultSessionIdManager.java:doStart(339)) - No SessionScavenger set, using defaults
2021-08-31 13:03:41,182 [Listener at 127.0.0.1/38495] INFO  server.session (HouseKeeper.java:startScavenging(132)) - node0 Scavenging every 660000ms
2021-08-31 13:03:41,183 [Listener at 127.0.0.1/38495] INFO  handler.ContextHandler (ContextHandler.java:doStart(915)) - Started o.e.j.s.ServletContextHandler@437bcb8d{logs,/logs,file:///home/runner/work/ozone/ozone/hadoop-ozone/integration-test/target/log,AVAILABLE}
2021-08-31 13:03:41,183 [Listener at 127.0.0.1/38495] INFO  handler.ContextHandler (ContextHandler.java:doStart(915)) - Started o.e.j.s.ServletContextHandler@3cef41d{static,/static,jar:file:/home/runner/.m2/repository/org/apache/ozone/hdds-container-service/1.2.0-SNAPSHOT/hdds-container-service-1.2.0-SNAPSHOT.jar!/webapps/static,AVAILABLE}
2021-08-31 13:03:41,230 [Listener at 127.0.0.1/38495] INFO  handler.ContextHandler (ContextHandler.java:doStart(915)) - Started o.e.j.w.WebAppContext@1377df8f{hddsDatanode,/,file:///tmp/jetty-0_0_0_0-38827-hdds-container-service-1_2_0-SNAPSHOT_jar-_-any-4060687451159429082/webapp/,AVAILABLE}{jar:file:/home/runner/.m2/repository/org/apache/ozone/hdds-container-service/1.2.0-SNAPSHOT/hdds-container-service-1.2.0-SNAPSHOT.jar!/webapps/hddsDatanode}
2021-08-31 13:03:41,232 [Listener at 127.0.0.1/38495] INFO  server.AbstractConnector (AbstractConnector.java:doStart(331)) - Started ServerConnector@55bda0e{HTTP/1.1, (http/1.1)}{0.0.0.0:38827}
2021-08-31 13:03:41,232 [Listener at 127.0.0.1/38495] INFO  server.Server (Server.java:doStart(415)) - Started @8208ms
2021-08-31 13:03:41,232 [Listener at 127.0.0.1/38495] WARN  impl.MetricsSystemImpl (MetricsSystemImpl.java:register(279)) - Sink prometheus already exists!
2021-08-31 13:03:41,233 [Listener at 127.0.0.1/38495] INFO  http.BaseHttpServer (BaseHttpServer.java:updateConnectorAddress(329)) - HTTP server of hddsDatanode listening at http://0.0.0.0:38827
2021-08-31 13:03:41,234 [Listener at 127.0.0.1/38495] WARN  impl.MetricRegistriesImpl (MetricRegistriesImpl.java:addReporterRegistration(111)) - New reporters are added after registries were created. Some metrics will be missing from the reporter. Please add reporter before adding any new registry.
2021-08-31 13:03:41,234 [Listener at 127.0.0.1/38495] WARN  impl.MetricRegistriesImpl (MetricRegistriesImpl.java:addReporterRegistration(111)) - New reporters are added after registries were created. Some metrics will be missing from the reporter. Please add reporter before adding any new registry.
2021-08-31 13:03:41,234 [Listener at 127.0.0.1/38495] INFO  impl.MetricsSystemImpl (MetricsSystemImpl.java:init(158)) - HddsDatanode metrics system started (again)
2021-08-31 13:03:41,247 [org.apache.hadoop.util.JvmPauseMonitor$Monitor@59cb1113] INFO  util.JvmPauseMonitor (JvmPauseMonitor.java:run(188)) - Starting JVM pause monitor
2021-08-31 13:03:41,249 [Listener at 127.0.0.1/38495] INFO  ozone.HddsDatanodeService (HddsDatanodeService.java:start(234)) - HddsDatanodeService host:fv-az151-142 ip:10.1.0.6
2021-08-31 13:03:41,252 [Datanode State Machine Task Thread - 0] INFO  datanode.InitDatanodeState (InitDatanodeState.java:persistContainerDatanodeDetails(145)) - DatanodeDetails is persisted to /home/runner/work/ozone/ozone/hadoop-ozone/integration-test/target/test-dir/MiniOzoneClusterImpl-24712a27-71f7-429c-8ffb-97a1a53f740d/datanode-4/meta/datanode.id
2021-08-31 13:03:41,267 [Listener at 127.0.0.1/38495] INFO  upgrade.AbstractLayoutVersionManager (AbstractLayoutVersionManager.java:init(70)) - Initializing Layout version manager with metadata layout = SCM_HA (version = 2), software layout = SCM_HA (version = 2)
2021-08-31 13:03:41,308 [Listener at 127.0.0.1/38495] INFO  reflections.Reflections (Reflections.java:scan(232)) - Reflections took 39 ms to scan 7 urls, producing 120 keys and 275 values 
2021-08-31 13:03:41,316 [Listener at 127.0.0.1/38495] INFO  volume.HddsVolume (HddsVolume.java:<init>(120)) - Creating HddsVolume: /home/runner/work/ozone/ozone/hadoop-ozone/integration-test/target/test-dir/MiniOzoneClusterImpl-24712a27-71f7-429c-8ffb-97a1a53f740d/datanode-5/data-0/containers/hdds of storage type : DISK capacity : 9223372036854775807
2021-08-31 13:03:41,316 [Listener at 127.0.0.1/38495] INFO  volume.MutableVolumeSet (MutableVolumeSet.java:initializeVolumeSet(181)) - Added Volume : /home/runner/work/ozone/ozone/hadoop-ozone/integration-test/target/test-dir/MiniOzoneClusterImpl-24712a27-71f7-429c-8ffb-97a1a53f740d/datanode-5/data-0/containers/hdds to VolumeSet
2021-08-31 13:03:41,316 [Listener at 127.0.0.1/38495] INFO  volume.ThrottledAsyncChecker (ThrottledAsyncChecker.java:schedule(141)) - Scheduling a check for /home/runner/work/ozone/ozone/hadoop-ozone/integration-test/target/test-dir/MiniOzoneClusterImpl-24712a27-71f7-429c-8ffb-97a1a53f740d/datanode-5/data-0/containers/hdds
2021-08-31 13:03:41,317 [Listener at 127.0.0.1/38495] INFO  volume.StorageVolumeChecker (StorageVolumeChecker.java:checkAllVolumes(202)) - Scheduled health check for volume /home/runner/work/ozone/ozone/hadoop-ozone/integration-test/target/test-dir/MiniOzoneClusterImpl-24712a27-71f7-429c-8ffb-97a1a53f740d/datanode-5/data-0/containers/hdds
2021-08-31 13:03:41,331 [Listener at 127.0.0.1/38495] INFO  volume.MutableVolumeSet (MutableVolumeSet.java:initializeVolumeSet(181)) - Added Volume : /home/runner/work/ozone/ozone/hadoop-ozone/integration-test/target/test-dir/MiniOzoneClusterImpl-24712a27-71f7-429c-8ffb-97a1a53f740d/datanode-5/data/ratis to VolumeSet
2021-08-31 13:03:41,331 [Listener at 127.0.0.1/38495] INFO  volume.ThrottledAsyncChecker (ThrottledAsyncChecker.java:schedule(141)) - Scheduling a check for /home/runner/work/ozone/ozone/hadoop-ozone/integration-test/target/test-dir/MiniOzoneClusterImpl-24712a27-71f7-429c-8ffb-97a1a53f740d/datanode-5/data/ratis
2021-08-31 13:03:41,332 [Listener at 127.0.0.1/38495] INFO  volume.StorageVolumeChecker (StorageVolumeChecker.java:checkAllVolumes(202)) - Scheduled health check for volume /home/runner/work/ozone/ozone/hadoop-ozone/integration-test/target/test-dir/MiniOzoneClusterImpl-24712a27-71f7-429c-8ffb-97a1a53f740d/datanode-5/data/ratis
2021-08-31 13:03:41,346 [Listener at 127.0.0.1/38495] INFO  ozoneimpl.ContainerReader (ContainerReader.java:<init>(98)) - Running in upgrade mode:true
2021-08-31 13:03:41,346 [Thread-190] INFO  ozoneimpl.ContainerReader (ContainerReader.java:readVolume(142)) - Start to verify containers on volume /home/runner/work/ozone/ozone/hadoop-ozone/integration-test/target/test-dir/MiniOzoneClusterImpl-24712a27-71f7-429c-8ffb-97a1a53f740d/datanode-5/data-0/containers/hdds
2021-08-31 13:03:41,346 [Thread-190] INFO  ozoneimpl.ContainerReader (ContainerReader.java:readVolume(174)) - Finish verifying containers on volume /home/runner/work/ozone/ozone/hadoop-ozone/integration-test/target/test-dir/MiniOzoneClusterImpl-24712a27-71f7-429c-8ffb-97a1a53f740d/datanode-5/data-0/containers/hdds
2021-08-31 13:03:41,346 [Listener at 127.0.0.1/38495] INFO  ozoneimpl.OzoneContainer (OzoneContainer.java:buildContainerSet(237)) - Build ContainerSet costs 0s
2021-08-31 13:03:41,349 [Listener at 127.0.0.1/38495] INFO  server.RaftServer (ConfUtils.java:logGet(44)) - raft.rpc.type = GRPC (default)
2021-08-31 13:03:41,349 [Listener at 127.0.0.1/38495] INFO  grpc.GrpcFactory (GrpcFactory.java:checkPooledByteBufAllocatorUseCacheForAllThreads(48)) - PERFORMANCE WARNING: useCacheForAllThreads is true that may cause Netty to create a lot garbage objects and, as a result, trigger GC.
	It is recommended to disable useCacheForAllThreads by setting -Dorg.apache.ratis.thirdparty.io.netty.allocator.useCacheForAllThreads=false in command line.
2021-08-31 13:03:41,349 [Listener at 127.0.0.1/38495] INFO  grpc.GrpcConfigKeys (ConfUtils.java:logGet(44)) - raft.grpc.admin.port = 0 (custom)
2021-08-31 13:03:41,349 [Listener at 127.0.0.1/38495] INFO  grpc.GrpcConfigKeys (ConfUtils.java:logGet(44)) - raft.grpc.client.port = 0 (custom)
2021-08-31 13:03:41,349 [Listener at 127.0.0.1/38495] INFO  grpc.GrpcConfigKeys (ConfUtils.java:logGet(44)) - raft.grpc.server.port = 0 (default)
2021-08-31 13:03:41,350 [Listener at 127.0.0.1/38495] INFO  server.GrpcService (ConfUtils.java:logGet(44)) - raft.grpc.message.size.max = 32MB (=33554432) (custom)
2021-08-31 13:03:41,350 [Listener at 127.0.0.1/38495] INFO  server.RaftServerConfigKeys (ConfUtils.java:logGet(44)) - raft.server.log.appender.buffer.byte-limit = 33554432 (custom)
2021-08-31 13:03:41,350 [Listener at 127.0.0.1/38495] INFO  server.GrpcService (ConfUtils.java:logGet(44)) - raft.grpc.flow.control.window = 5MB (=5242880) (custom)
2021-08-31 13:03:41,350 [Listener at 127.0.0.1/38495] INFO  server.RaftServerConfigKeys (ConfUtils.java:logGet(44)) - raft.server.rpc.request.timeout = 3000ms (default)
2021-08-31 13:03:41,351 [Listener at 127.0.0.1/38495] INFO  impl.DataStreamServerImpl (ConfUtils.java:logGet(44)) - raft.datastream.type = DISABLED (default)
2021-08-31 13:03:41,351 [Listener at 127.0.0.1/38495] INFO  server.RaftServerConfigKeys (ConfUtils.java:logGet(44)) - raft.server.rpc.slowness.timeout = 300000ms (custom)
2021-08-31 13:03:41,351 [Listener at 127.0.0.1/38495] INFO  server.RaftServerConfigKeys (ConfUtils.java:logGet(44)) - raft.server.leaderelection.leader.step-down.wait-time = 10s (default)
2021-08-31 13:03:41,351 [Listener at 127.0.0.1/38495] INFO  server.RaftServerConfigKeys (ConfUtils.java:logGet(44)) - raft.server.storage.dir = [/home/runner/work/ozone/ozone/hadoop-ozone/integration-test/target/test-dir/MiniOzoneClusterImpl-24712a27-71f7-429c-8ffb-97a1a53f740d/datanode-5/data/ratis] (custom)
2021-08-31 13:03:41,359 [Listener at 127.0.0.1/38495] INFO  http.BaseHttpServer (BaseHttpServer.java:newHttpServer2BuilderForOzone(209)) - Starting Web-server for hddsDatanode at: http://0.0.0.0:0
2021-08-31 13:03:41,359 [Listener at 127.0.0.1/38495] INFO  http.BaseHttpServer (BaseHttpServer.java:<init>(107)) - Hadoop Security Enabled: false Ozone Security Enabled: false Ozone HTTP Security Enabled: false 
2021-08-31 13:03:41,360 [Listener at 127.0.0.1/38495] INFO  server.AuthenticationFilter (AuthenticationFilter.java:constructSecretProvider(240)) - Unable to initialize FileSignerSecretProvider, falling back to use random secrets.
2021-08-31 13:03:41,361 [Listener at 127.0.0.1/38495] WARN  http.HttpRequestLog (HttpRequestLog.java:getRequestLog(103)) - Jetty request log can only be enabled using Log4j
2021-08-31 13:03:41,361 [Listener at 127.0.0.1/38495] INFO  http.HttpServer2 (HttpServer2.java:addGlobalFilter(1030)) - Added global filter 'safety' (class=org.apache.hadoop.hdds.server.http.HttpServer2$QuotingInputFilter)
2021-08-31 13:03:41,362 [Listener at 127.0.0.1/38495] INFO  http.HttpServer2 (HttpServer2.java:addFilter(1006)) - Added filter static_user_filter (class=org.apache.hadoop.http.lib.StaticUserWebFilter$StaticUserFilter) to context hddsDatanode
2021-08-31 13:03:41,362 [Listener at 127.0.0.1/38495] INFO  http.HttpServer2 (HttpServer2.java:addFilter(1014)) - Added filter static_user_filter (class=org.apache.hadoop.http.lib.StaticUserWebFilter$StaticUserFilter) to context static
2021-08-31 13:03:41,362 [Listener at 127.0.0.1/38495] INFO  http.HttpServer2 (HttpServer2.java:addFilter(1014)) - Added filter static_user_filter (class=org.apache.hadoop.http.lib.StaticUserWebFilter$StaticUserFilter) to context logs
2021-08-31 13:03:41,363 [Listener at 127.0.0.1/38495] INFO  http.HttpServer2 (HttpServer2.java:bindListener(1249)) - Jetty bound to port 37471
2021-08-31 13:03:41,363 [Listener at 127.0.0.1/38495] INFO  server.Server (Server.java:doStart(375)) - jetty-9.4.43.v20210629; built: 2021-06-30T11:07:22.254Z; git: 526006ecfa3af7f1a27ef3a288e2bef7ea9dd7e8; jvm 1.8.0_292-b10
2021-08-31 13:03:41,372 [Listener at 127.0.0.1/38495] INFO  server.session (DefaultSessionIdManager.java:doStart(334)) - DefaultSessionIdManager workerName=node0
2021-08-31 13:03:41,372 [Listener at 127.0.0.1/38495] INFO  server.session (DefaultSessionIdManager.java:doStart(339)) - No SessionScavenger set, using defaults
2021-08-31 13:03:41,372 [Listener at 127.0.0.1/38495] INFO  server.session (HouseKeeper.java:startScavenging(132)) - node0 Scavenging every 660000ms
2021-08-31 13:03:41,373 [Listener at 127.0.0.1/38495] INFO  handler.ContextHandler (ContextHandler.java:doStart(915)) - Started o.e.j.s.ServletContextHandler@7245f4bf{logs,/logs,file:///home/runner/work/ozone/ozone/hadoop-ozone/integration-test/target/log,AVAILABLE}
2021-08-31 13:03:41,374 [Listener at 127.0.0.1/38495] INFO  handler.ContextHandler (ContextHandler.java:doStart(915)) - Started o.e.j.s.ServletContextHandler@2f93bc91{static,/static,jar:file:/home/runner/.m2/repository/org/apache/ozone/hdds-container-service/1.2.0-SNAPSHOT/hdds-container-service-1.2.0-SNAPSHOT.jar!/webapps/static,AVAILABLE}
2021-08-31 13:03:41,422 [Listener at 127.0.0.1/38495] INFO  handler.ContextHandler (ContextHandler.java:doStart(915)) - Started o.e.j.w.WebAppContext@2a120170{hddsDatanode,/,file:///tmp/jetty-0_0_0_0-37471-hdds-container-service-1_2_0-SNAPSHOT_jar-_-any-4938213080243794626/webapp/,AVAILABLE}{jar:file:/home/runner/.m2/repository/org/apache/ozone/hdds-container-service/1.2.0-SNAPSHOT/hdds-container-service-1.2.0-SNAPSHOT.jar!/webapps/hddsDatanode}
2021-08-31 13:03:41,424 [Listener at 127.0.0.1/38495] INFO  server.AbstractConnector (AbstractConnector.java:doStart(331)) - Started ServerConnector@3676ed21{HTTP/1.1, (http/1.1)}{0.0.0.0:37471}
2021-08-31 13:03:41,424 [Listener at 127.0.0.1/38495] INFO  server.Server (Server.java:doStart(415)) - Started @8400ms
2021-08-31 13:03:41,424 [Listener at 127.0.0.1/38495] WARN  impl.MetricsSystemImpl (MetricsSystemImpl.java:register(279)) - Sink prometheus already exists!
2021-08-31 13:03:41,425 [Listener at 127.0.0.1/38495] INFO  http.BaseHttpServer (BaseHttpServer.java:updateConnectorAddress(329)) - HTTP server of hddsDatanode listening at http://0.0.0.0:37471
2021-08-31 13:03:41,427 [Listener at 127.0.0.1/38495] WARN  impl.MetricRegistriesImpl (MetricRegistriesImpl.java:addReporterRegistration(111)) - New reporters are added after registries were created. Some metrics will be missing from the reporter. Please add reporter before adding any new registry.
2021-08-31 13:03:41,427 [Listener at 127.0.0.1/38495] WARN  impl.MetricRegistriesImpl (MetricRegistriesImpl.java:addReporterRegistration(111)) - New reporters are added after registries were created. Some metrics will be missing from the reporter. Please add reporter before adding any new registry.
2021-08-31 13:03:41,427 [Listener at 127.0.0.1/38495] INFO  impl.MetricsSystemImpl (MetricsSystemImpl.java:init(158)) - HddsDatanode metrics system started (again)
2021-08-31 13:03:41,444 [org.apache.hadoop.util.JvmPauseMonitor$Monitor@40daed7f] INFO  util.JvmPauseMonitor (JvmPauseMonitor.java:run(188)) - Starting JVM pause monitor
2021-08-31 13:03:41,454 [Listener at 127.0.0.1/38495] INFO  ozone.HddsDatanodeService (HddsDatanodeService.java:start(234)) - HddsDatanodeService host:fv-az151-142 ip:10.1.0.6
2021-08-31 13:03:41,457 [Datanode State Machine Task Thread - 0] INFO  datanode.InitDatanodeState (InitDatanodeState.java:persistContainerDatanodeDetails(145)) - DatanodeDetails is persisted to /home/runner/work/ozone/ozone/hadoop-ozone/integration-test/target/test-dir/MiniOzoneClusterImpl-24712a27-71f7-429c-8ffb-97a1a53f740d/datanode-5/meta/datanode.id
2021-08-31 13:03:41,498 [Listener at 127.0.0.1/38495] INFO  upgrade.AbstractLayoutVersionManager (AbstractLayoutVersionManager.java:init(70)) - Initializing Layout version manager with metadata layout = SCM_HA (version = 2), software layout = SCM_HA (version = 2)
2021-08-31 13:03:41,538 [Listener at 127.0.0.1/38495] INFO  reflections.Reflections (Reflections.java:scan(232)) - Reflections took 38 ms to scan 7 urls, producing 120 keys and 275 values 
2021-08-31 13:03:41,544 [Listener at 127.0.0.1/38495] INFO  volume.HddsVolume (HddsVolume.java:<init>(120)) - Creating HddsVolume: /home/runner/work/ozone/ozone/hadoop-ozone/integration-test/target/test-dir/MiniOzoneClusterImpl-24712a27-71f7-429c-8ffb-97a1a53f740d/datanode-6/data-0/containers/hdds of storage type : DISK capacity : 9223372036854775807
2021-08-31 13:03:41,544 [Listener at 127.0.0.1/38495] INFO  volume.MutableVolumeSet (MutableVolumeSet.java:initializeVolumeSet(181)) - Added Volume : /home/runner/work/ozone/ozone/hadoop-ozone/integration-test/target/test-dir/MiniOzoneClusterImpl-24712a27-71f7-429c-8ffb-97a1a53f740d/datanode-6/data-0/containers/hdds to VolumeSet
2021-08-31 13:03:41,544 [Listener at 127.0.0.1/38495] INFO  volume.ThrottledAsyncChecker (ThrottledAsyncChecker.java:schedule(141)) - Scheduling a check for /home/runner/work/ozone/ozone/hadoop-ozone/integration-test/target/test-dir/MiniOzoneClusterImpl-24712a27-71f7-429c-8ffb-97a1a53f740d/datanode-6/data-0/containers/hdds
2021-08-31 13:03:41,551 [Listener at 127.0.0.1/38495] INFO  volume.StorageVolumeChecker (StorageVolumeChecker.java:checkAllVolumes(202)) - Scheduled health check for volume /home/runner/work/ozone/ozone/hadoop-ozone/integration-test/target/test-dir/MiniOzoneClusterImpl-24712a27-71f7-429c-8ffb-97a1a53f740d/datanode-6/data-0/containers/hdds
2021-08-31 13:03:41,566 [Listener at 127.0.0.1/38495] INFO  volume.MutableVolumeSet (MutableVolumeSet.java:initializeVolumeSet(181)) - Added Volume : /home/runner/work/ozone/ozone/hadoop-ozone/integration-test/target/test-dir/MiniOzoneClusterImpl-24712a27-71f7-429c-8ffb-97a1a53f740d/datanode-6/data/ratis to VolumeSet
2021-08-31 13:03:41,567 [Listener at 127.0.0.1/38495] INFO  volume.ThrottledAsyncChecker (ThrottledAsyncChecker.java:schedule(141)) - Scheduling a check for /home/runner/work/ozone/ozone/hadoop-ozone/integration-test/target/test-dir/MiniOzoneClusterImpl-24712a27-71f7-429c-8ffb-97a1a53f740d/datanode-6/data/ratis
2021-08-31 13:03:41,567 [Listener at 127.0.0.1/38495] INFO  volume.StorageVolumeChecker (StorageVolumeChecker.java:checkAllVolumes(202)) - Scheduled health check for volume /home/runner/work/ozone/ozone/hadoop-ozone/integration-test/target/test-dir/MiniOzoneClusterImpl-24712a27-71f7-429c-8ffb-97a1a53f740d/datanode-6/data/ratis
2021-08-31 13:03:41,583 [Listener at 127.0.0.1/38495] INFO  ozoneimpl.ContainerReader (ContainerReader.java:<init>(98)) - Running in upgrade mode:true
2021-08-31 13:03:41,584 [Thread-202] INFO  ozoneimpl.ContainerReader (ContainerReader.java:readVolume(142)) - Start to verify containers on volume /home/runner/work/ozone/ozone/hadoop-ozone/integration-test/target/test-dir/MiniOzoneClusterImpl-24712a27-71f7-429c-8ffb-97a1a53f740d/datanode-6/data-0/containers/hdds
2021-08-31 13:03:41,584 [Thread-202] INFO  ozoneimpl.ContainerReader (ContainerReader.java:readVolume(174)) - Finish verifying containers on volume /home/runner/work/ozone/ozone/hadoop-ozone/integration-test/target/test-dir/MiniOzoneClusterImpl-24712a27-71f7-429c-8ffb-97a1a53f740d/datanode-6/data-0/containers/hdds
2021-08-31 13:03:41,584 [Listener at 127.0.0.1/38495] INFO  ozoneimpl.OzoneContainer (OzoneContainer.java:buildContainerSet(237)) - Build ContainerSet costs 0s
2021-08-31 13:03:41,587 [Listener at 127.0.0.1/38495] INFO  server.RaftServer (ConfUtils.java:logGet(44)) - raft.rpc.type = GRPC (default)
2021-08-31 13:03:41,587 [Listener at 127.0.0.1/38495] INFO  grpc.GrpcFactory (GrpcFactory.java:checkPooledByteBufAllocatorUseCacheForAllThreads(48)) - PERFORMANCE WARNING: useCacheForAllThreads is true that may cause Netty to create a lot garbage objects and, as a result, trigger GC.
	It is recommended to disable useCacheForAllThreads by setting -Dorg.apache.ratis.thirdparty.io.netty.allocator.useCacheForAllThreads=false in command line.
2021-08-31 13:03:41,587 [Listener at 127.0.0.1/38495] INFO  grpc.GrpcConfigKeys (ConfUtils.java:logGet(44)) - raft.grpc.admin.port = 0 (custom)
2021-08-31 13:03:41,587 [Listener at 127.0.0.1/38495] INFO  grpc.GrpcConfigKeys (ConfUtils.java:logGet(44)) - raft.grpc.client.port = 0 (custom)
2021-08-31 13:03:41,587 [Listener at 127.0.0.1/38495] INFO  grpc.GrpcConfigKeys (ConfUtils.java:logGet(44)) - raft.grpc.server.port = 0 (default)
2021-08-31 13:03:41,587 [Listener at 127.0.0.1/38495] INFO  server.GrpcService (ConfUtils.java:logGet(44)) - raft.grpc.message.size.max = 32MB (=33554432) (custom)
2021-08-31 13:03:41,587 [Listener at 127.0.0.1/38495] INFO  server.RaftServerConfigKeys (ConfUtils.java:logGet(44)) - raft.server.log.appender.buffer.byte-limit = 33554432 (custom)
2021-08-31 13:03:41,588 [Listener at 127.0.0.1/38495] INFO  server.GrpcService (ConfUtils.java:logGet(44)) - raft.grpc.flow.control.window = 5MB (=5242880) (custom)
2021-08-31 13:03:41,588 [Listener at 127.0.0.1/38495] INFO  server.RaftServerConfigKeys (ConfUtils.java:logGet(44)) - raft.server.rpc.request.timeout = 3000ms (default)
2021-08-31 13:03:41,589 [Listener at 127.0.0.1/38495] INFO  impl.DataStreamServerImpl (ConfUtils.java:logGet(44)) - raft.datastream.type = DISABLED (default)
2021-08-31 13:03:41,589 [Listener at 127.0.0.1/38495] INFO  server.RaftServerConfigKeys (ConfUtils.java:logGet(44)) - raft.server.rpc.slowness.timeout = 300000ms (custom)
2021-08-31 13:03:41,589 [Listener at 127.0.0.1/38495] INFO  server.RaftServerConfigKeys (ConfUtils.java:logGet(44)) - raft.server.leaderelection.leader.step-down.wait-time = 10s (default)
2021-08-31 13:03:41,589 [Listener at 127.0.0.1/38495] INFO  server.RaftServerConfigKeys (ConfUtils.java:logGet(44)) - raft.server.storage.dir = [/home/runner/work/ozone/ozone/hadoop-ozone/integration-test/target/test-dir/MiniOzoneClusterImpl-24712a27-71f7-429c-8ffb-97a1a53f740d/datanode-6/data/ratis] (custom)
2021-08-31 13:03:41,592 [Listener at 127.0.0.1/38495] INFO  http.BaseHttpServer (BaseHttpServer.java:newHttpServer2BuilderForOzone(209)) - Starting Web-server for hddsDatanode at: http://0.0.0.0:0
2021-08-31 13:03:41,592 [Listener at 127.0.0.1/38495] INFO  http.BaseHttpServer (BaseHttpServer.java:<init>(107)) - Hadoop Security Enabled: false Ozone Security Enabled: false Ozone HTTP Security Enabled: false 
2021-08-31 13:03:41,593 [Listener at 127.0.0.1/38495] INFO  server.AuthenticationFilter (AuthenticationFilter.java:constructSecretProvider(240)) - Unable to initialize FileSignerSecretProvider, falling back to use random secrets.
2021-08-31 13:03:41,594 [Listener at 127.0.0.1/38495] WARN  http.HttpRequestLog (HttpRequestLog.java:getRequestLog(103)) - Jetty request log can only be enabled using Log4j
2021-08-31 13:03:41,595 [Listener at 127.0.0.1/38495] INFO  http.HttpServer2 (HttpServer2.java:addGlobalFilter(1030)) - Added global filter 'safety' (class=org.apache.hadoop.hdds.server.http.HttpServer2$QuotingInputFilter)
2021-08-31 13:03:41,596 [Listener at 127.0.0.1/38495] INFO  http.HttpServer2 (HttpServer2.java:addFilter(1006)) - Added filter static_user_filter (class=org.apache.hadoop.http.lib.StaticUserWebFilter$StaticUserFilter) to context hddsDatanode
2021-08-31 13:03:41,596 [Listener at 127.0.0.1/38495] INFO  http.HttpServer2 (HttpServer2.java:addFilter(1014)) - Added filter static_user_filter (class=org.apache.hadoop.http.lib.StaticUserWebFilter$StaticUserFilter) to context logs
2021-08-31 13:03:41,596 [Listener at 127.0.0.1/38495] INFO  http.HttpServer2 (HttpServer2.java:addFilter(1014)) - Added filter static_user_filter (class=org.apache.hadoop.http.lib.StaticUserWebFilter$StaticUserFilter) to context static
2021-08-31 13:03:41,597 [Listener at 127.0.0.1/38495] INFO  http.HttpServer2 (HttpServer2.java:bindListener(1249)) - Jetty bound to port 38161
2021-08-31 13:03:41,597 [Listener at 127.0.0.1/38495] INFO  server.Server (Server.java:doStart(375)) - jetty-9.4.43.v20210629; built: 2021-06-30T11:07:22.254Z; git: 526006ecfa3af7f1a27ef3a288e2bef7ea9dd7e8; jvm 1.8.0_292-b10
2021-08-31 13:03:41,599 [Listener at 127.0.0.1/38495] INFO  server.session (DefaultSessionIdManager.java:doStart(334)) - DefaultSessionIdManager workerName=node0
2021-08-31 13:03:41,599 [Listener at 127.0.0.1/38495] INFO  server.session (DefaultSessionIdManager.java:doStart(339)) - No SessionScavenger set, using defaults
2021-08-31 13:03:41,599 [Listener at 127.0.0.1/38495] INFO  server.session (HouseKeeper.java:startScavenging(132)) - node0 Scavenging every 600000ms
2021-08-31 13:03:41,600 [Listener at 127.0.0.1/38495] INFO  handler.ContextHandler (ContextHandler.java:doStart(915)) - Started o.e.j.s.ServletContextHandler@44e72ecc{logs,/logs,file:///home/runner/work/ozone/ozone/hadoop-ozone/integration-test/target/log,AVAILABLE}
2021-08-31 13:03:41,600 [Listener at 127.0.0.1/38495] INFO  handler.ContextHandler (ContextHandler.java:doStart(915)) - Started o.e.j.s.ServletContextHandler@257f9460{static,/static,jar:file:/home/runner/.m2/repository/org/apache/ozone/hdds-container-service/1.2.0-SNAPSHOT/hdds-container-service-1.2.0-SNAPSHOT.jar!/webapps/static,AVAILABLE}
2021-08-31 13:03:41,646 [Listener at 127.0.0.1/38495] INFO  handler.ContextHandler (ContextHandler.java:doStart(915)) - Started o.e.j.w.WebAppContext@679e391f{hddsDatanode,/,file:///tmp/jetty-0_0_0_0-38161-hdds-container-service-1_2_0-SNAPSHOT_jar-_-any-7317720663466720543/webapp/,AVAILABLE}{jar:file:/home/runner/.m2/repository/org/apache/ozone/hdds-container-service/1.2.0-SNAPSHOT/hdds-container-service-1.2.0-SNAPSHOT.jar!/webapps/hddsDatanode}
2021-08-31 13:03:41,647 [Listener at 127.0.0.1/38495] INFO  server.AbstractConnector (AbstractConnector.java:doStart(331)) - Started ServerConnector@15224f44{HTTP/1.1, (http/1.1)}{0.0.0.0:38161}
2021-08-31 13:03:41,647 [Listener at 127.0.0.1/38495] INFO  server.Server (Server.java:doStart(415)) - Started @8623ms
2021-08-31 13:03:41,648 [Listener at 127.0.0.1/38495] WARN  impl.MetricsSystemImpl (MetricsSystemImpl.java:register(279)) - Sink prometheus already exists!
2021-08-31 13:03:41,648 [Listener at 127.0.0.1/38495] INFO  http.BaseHttpServer (BaseHttpServer.java:updateConnectorAddress(329)) - HTTP server of hddsDatanode listening at http://0.0.0.0:38161
2021-08-31 13:03:41,653 [Listener at 127.0.0.1/38495] INFO  ozone.MiniOzoneClusterImpl (MiniOzoneClusterImpl.java:lambda$waitForClusterToBeReady$0(235)) - Waiting for nodes to be ready. Got 0 of 7 DN Heartbeats.
2021-08-31 13:03:41,653 [Listener at 127.0.0.1/38495] INFO  ozone.MiniOzoneClusterImpl (MiniOzoneClusterImpl.java:lambda$waitForClusterToBeReady$0(238)) - Waiting for cluster to exit safe mode
2021-08-31 13:03:41,653 [Listener at 127.0.0.1/38495] INFO  ozone.MiniOzoneClusterImpl (MiniOzoneClusterImpl.java:lambda$waitForClusterToBeReady$0(240)) - SCM became leader
2021-08-31 13:03:41,655 [org.apache.hadoop.util.JvmPauseMonitor$Monitor@444a2b14] INFO  util.JvmPauseMonitor (JvmPauseMonitor.java:run(188)) - Starting JVM pause monitor
2021-08-31 13:03:41,659 [Datanode State Machine Task Thread - 0] INFO  datanode.InitDatanodeState (InitDatanodeState.java:persistContainerDatanodeDetails(145)) - DatanodeDetails is persisted to /home/runner/work/ozone/ozone/hadoop-ozone/integration-test/target/test-dir/MiniOzoneClusterImpl-24712a27-71f7-429c-8ffb-97a1a53f740d/datanode-6/meta/datanode.id
2021-08-31 13:03:42,138 [EndpointStateMachine task thread for /0.0.0.0:41749 - 0 ] INFO  ozoneimpl.OzoneContainer (OzoneContainer.java:start(305)) - Attempting to start container services.
2021-08-31 13:03:42,140 [EndpointStateMachine task thread for /0.0.0.0:41749 - 0 ] INFO  ozoneimpl.OzoneContainer (OzoneContainer.java:startContainerScrub(250)) - Background container scanner has been disabled.
2021-08-31 13:03:42,141 [EndpointStateMachine task thread for /0.0.0.0:41749 - 0 ] INFO  replication.ReplicationServer (ReplicationServer.java:start(107)) - ReplicationServer is started using port 36451
2021-08-31 13:03:42,145 [EndpointStateMachine task thread for /0.0.0.0:41749 - 0 ] INFO  ratis.XceiverServerRatis (XceiverServerRatis.java:start(482)) - Starting XceiverServerRatis fde2103a-ce00-4253-a576-ea8232893539
2021-08-31 13:03:42,151 [EndpointStateMachine task thread for /0.0.0.0:41749 - 0 ] INFO  server.RaftServer (RaftServerProxy.java:lambda$start$5(374)) - fde2103a-ce00-4253-a576-ea8232893539: start RPC server
2021-08-31 13:03:42,159 [EndpointStateMachine task thread for /0.0.0.0:41749 - 0 ] INFO  server.GrpcService (GrpcService.java:startImpl(253)) - fde2103a-ce00-4253-a576-ea8232893539: GrpcService started, listening on 43381
2021-08-31 13:03:42,160 [EndpointStateMachine task thread for /0.0.0.0:41749 - 0 ] INFO  ratis.XceiverServerRatis (XceiverServerRatis.java:getRealPort(503)) - XceiverServerRatis fde2103a-ce00-4253-a576-ea8232893539 is started using port 43381 for RATIS
2021-08-31 13:03:42,160 [EndpointStateMachine task thread for /0.0.0.0:41749 - 0 ] INFO  ratis.XceiverServerRatis (XceiverServerRatis.java:getRealPort(503)) - XceiverServerRatis fde2103a-ce00-4253-a576-ea8232893539 is started using port 43381 for RATIS_ADMIN
2021-08-31 13:03:42,160 [EndpointStateMachine task thread for /0.0.0.0:41749 - 0 ] INFO  ratis.XceiverServerRatis (XceiverServerRatis.java:getRealPort(503)) - XceiverServerRatis fde2103a-ce00-4253-a576-ea8232893539 is started using port 43381 for RATIS_SERVER
2021-08-31 13:03:42,167 [EndpointStateMachine task thread for /0.0.0.0:41749 - 0 ] INFO  server.XceiverServerGrpc (XceiverServerGrpc.java:start(135)) - XceiverServerGrpc fde2103a-ce00-4253-a576-ea8232893539 is started using port 36577
2021-08-31 13:03:42,167 [org.apache.ratis.util.JvmPauseMonitor$$Lambda$532/1334813823@68c9b37a] INFO  util.JvmPauseMonitor (JvmPauseMonitor.java:run(103)) - JvmPauseMonitor-fde2103a-ce00-4253-a576-ea8232893539: Started
2021-08-31 13:03:42,394 [EndpointStateMachine task thread for /0.0.0.0:41749 - 0 ] INFO  ozoneimpl.OzoneContainer (OzoneContainer.java:start(305)) - Attempting to start container services.
2021-08-31 13:03:42,394 [EndpointStateMachine task thread for /0.0.0.0:41749 - 0 ] INFO  ozoneimpl.OzoneContainer (OzoneContainer.java:startContainerScrub(250)) - Background container scanner has been disabled.
2021-08-31 13:03:42,396 [EndpointStateMachine task thread for /0.0.0.0:41749 - 0 ] INFO  replication.ReplicationServer (ReplicationServer.java:start(107)) - ReplicationServer is started using port 43363
2021-08-31 13:03:42,398 [EndpointStateMachine task thread for /0.0.0.0:41749 - 0 ] INFO  ratis.XceiverServerRatis (XceiverServerRatis.java:start(482)) - Starting XceiverServerRatis 940b181a-f656-490c-a8b1-afc5b8b121dc
2021-08-31 13:03:42,399 [EndpointStateMachine task thread for /0.0.0.0:41749 - 0 ] INFO  server.RaftServer (RaftServerProxy.java:lambda$start$5(374)) - 940b181a-f656-490c-a8b1-afc5b8b121dc: start RPC server
2021-08-31 13:03:42,400 [EndpointStateMachine task thread for /0.0.0.0:41749 - 0 ] INFO  server.GrpcService (GrpcService.java:startImpl(253)) - 940b181a-f656-490c-a8b1-afc5b8b121dc: GrpcService started, listening on 41423
2021-08-31 13:03:42,401 [EndpointStateMachine task thread for /0.0.0.0:41749 - 0 ] INFO  ratis.XceiverServerRatis (XceiverServerRatis.java:getRealPort(503)) - XceiverServerRatis 940b181a-f656-490c-a8b1-afc5b8b121dc is started using port 41423 for RATIS
2021-08-31 13:03:42,401 [EndpointStateMachine task thread for /0.0.0.0:41749 - 0 ] INFO  ratis.XceiverServerRatis (XceiverServerRatis.java:getRealPort(503)) - XceiverServerRatis 940b181a-f656-490c-a8b1-afc5b8b121dc is started using port 41423 for RATIS_ADMIN
2021-08-31 13:03:42,401 [org.apache.ratis.util.JvmPauseMonitor$$Lambda$532/1334813823@a549bdc] INFO  util.JvmPauseMonitor (JvmPauseMonitor.java:run(103)) - JvmPauseMonitor-940b181a-f656-490c-a8b1-afc5b8b121dc: Started
2021-08-31 13:03:42,401 [EndpointStateMachine task thread for /0.0.0.0:41749 - 0 ] INFO  ratis.XceiverServerRatis (XceiverServerRatis.java:getRealPort(503)) - XceiverServerRatis 940b181a-f656-490c-a8b1-afc5b8b121dc is started using port 41423 for RATIS_SERVER
2021-08-31 13:03:42,402 [EndpointStateMachine task thread for /0.0.0.0:41749 - 0 ] INFO  server.XceiverServerGrpc (XceiverServerGrpc.java:start(135)) - XceiverServerGrpc 940b181a-f656-490c-a8b1-afc5b8b121dc is started using port 45469
2021-08-31 13:03:42,653 [Listener at 127.0.0.1/38495] INFO  ozone.MiniOzoneClusterImpl (MiniOzoneClusterImpl.java:lambda$waitForClusterToBeReady$0(235)) - Waiting for nodes to be ready. Got 0 of 7 DN Heartbeats.
2021-08-31 13:03:42,653 [Listener at 127.0.0.1/38495] INFO  ozone.MiniOzoneClusterImpl (MiniOzoneClusterImpl.java:lambda$waitForClusterToBeReady$0(238)) - Waiting for cluster to exit safe mode
2021-08-31 13:03:42,654 [Listener at 127.0.0.1/38495] INFO  ozone.MiniOzoneClusterImpl (MiniOzoneClusterImpl.java:lambda$waitForClusterToBeReady$0(240)) - SCM became leader
2021-08-31 13:03:42,869 [EndpointStateMachine task thread for /0.0.0.0:41749 - 0 ] INFO  ozoneimpl.OzoneContainer (OzoneContainer.java:start(305)) - Attempting to start container services.
2021-08-31 13:03:42,869 [EndpointStateMachine task thread for /0.0.0.0:41749 - 0 ] INFO  ozoneimpl.OzoneContainer (OzoneContainer.java:startContainerScrub(250)) - Background container scanner has been disabled.
2021-08-31 13:03:42,871 [EndpointStateMachine task thread for /0.0.0.0:41749 - 0 ] INFO  replication.ReplicationServer (ReplicationServer.java:start(107)) - ReplicationServer is started using port 40545
2021-08-31 13:03:42,871 [EndpointStateMachine task thread for /0.0.0.0:41749 - 0 ] INFO  ratis.XceiverServerRatis (XceiverServerRatis.java:start(482)) - Starting XceiverServerRatis 41b49504-2605-44a7-8135-9defd08b62b0
2021-08-31 13:03:42,872 [EndpointStateMachine task thread for /0.0.0.0:41749 - 0 ] INFO  server.RaftServer (RaftServerProxy.java:lambda$start$5(374)) - 41b49504-2605-44a7-8135-9defd08b62b0: start RPC server
2021-08-31 13:03:42,873 [EndpointStateMachine task thread for /0.0.0.0:41749 - 0 ] INFO  server.GrpcService (GrpcService.java:startImpl(253)) - 41b49504-2605-44a7-8135-9defd08b62b0: GrpcService started, listening on 41505
2021-08-31 13:03:42,873 [EndpointStateMachine task thread for /0.0.0.0:41749 - 0 ] INFO  ratis.XceiverServerRatis (XceiverServerRatis.java:getRealPort(503)) - XceiverServerRatis 41b49504-2605-44a7-8135-9defd08b62b0 is started using port 41505 for RATIS
2021-08-31 13:03:42,874 [EndpointStateMachine task thread for /0.0.0.0:41749 - 0 ] INFO  ratis.XceiverServerRatis (XceiverServerRatis.java:getRealPort(503)) - XceiverServerRatis 41b49504-2605-44a7-8135-9defd08b62b0 is started using port 41505 for RATIS_ADMIN
2021-08-31 13:03:42,874 [EndpointStateMachine task thread for /0.0.0.0:41749 - 0 ] INFO  ratis.XceiverServerRatis (XceiverServerRatis.java:getRealPort(503)) - XceiverServerRatis 41b49504-2605-44a7-8135-9defd08b62b0 is started using port 41505 for RATIS_SERVER
2021-08-31 13:03:42,874 [org.apache.ratis.util.JvmPauseMonitor$$Lambda$532/1334813823@14e9c28b] INFO  util.JvmPauseMonitor (JvmPauseMonitor.java:run(103)) - JvmPauseMonitor-41b49504-2605-44a7-8135-9defd08b62b0: Started
2021-08-31 13:03:42,875 [EndpointStateMachine task thread for /0.0.0.0:41749 - 0 ] INFO  server.XceiverServerGrpc (XceiverServerGrpc.java:start(135)) - XceiverServerGrpc 41b49504-2605-44a7-8135-9defd08b62b0 is started using port 40967
2021-08-31 13:03:43,054 [EndpointStateMachine task thread for /0.0.0.0:41749 - 0 ] INFO  ozoneimpl.OzoneContainer (OzoneContainer.java:start(305)) - Attempting to start container services.
2021-08-31 13:03:43,054 [EndpointStateMachine task thread for /0.0.0.0:41749 - 0 ] INFO  ozoneimpl.OzoneContainer (OzoneContainer.java:startContainerScrub(250)) - Background container scanner has been disabled.
2021-08-31 13:03:43,056 [EndpointStateMachine task thread for /0.0.0.0:41749 - 0 ] INFO  replication.ReplicationServer (ReplicationServer.java:start(107)) - ReplicationServer is started using port 45143
2021-08-31 13:03:43,056 [EndpointStateMachine task thread for /0.0.0.0:41749 - 0 ] INFO  ratis.XceiverServerRatis (XceiverServerRatis.java:start(482)) - Starting XceiverServerRatis 48a67b91-f7be-40c9-a901-78f22c1148cd
2021-08-31 13:03:43,057 [EndpointStateMachine task thread for /0.0.0.0:41749 - 0 ] INFO  server.RaftServer (RaftServerProxy.java:lambda$start$5(374)) - 48a67b91-f7be-40c9-a901-78f22c1148cd: start RPC server
2021-08-31 13:03:43,059 [EndpointStateMachine task thread for /0.0.0.0:41749 - 0 ] INFO  server.GrpcService (GrpcService.java:startImpl(253)) - 48a67b91-f7be-40c9-a901-78f22c1148cd: GrpcService started, listening on 46047
2021-08-31 13:03:43,059 [EndpointStateMachine task thread for /0.0.0.0:41749 - 0 ] INFO  ratis.XceiverServerRatis (XceiverServerRatis.java:getRealPort(503)) - XceiverServerRatis 48a67b91-f7be-40c9-a901-78f22c1148cd is started using port 46047 for RATIS
2021-08-31 13:03:43,060 [EndpointStateMachine task thread for /0.0.0.0:41749 - 0 ] INFO  ratis.XceiverServerRatis (XceiverServerRatis.java:getRealPort(503)) - XceiverServerRatis 48a67b91-f7be-40c9-a901-78f22c1148cd is started using port 46047 for RATIS_ADMIN
2021-08-31 13:03:43,060 [org.apache.ratis.util.JvmPauseMonitor$$Lambda$532/1334813823@27df33c4] INFO  util.JvmPauseMonitor (JvmPauseMonitor.java:run(103)) - JvmPauseMonitor-48a67b91-f7be-40c9-a901-78f22c1148cd: Started
2021-08-31 13:03:43,060 [EndpointStateMachine task thread for /0.0.0.0:41749 - 0 ] INFO  ratis.XceiverServerRatis (XceiverServerRatis.java:getRealPort(503)) - XceiverServerRatis 48a67b91-f7be-40c9-a901-78f22c1148cd is started using port 46047 for RATIS_SERVER
2021-08-31 13:03:43,062 [EndpointStateMachine task thread for /0.0.0.0:41749 - 0 ] INFO  server.XceiverServerGrpc (XceiverServerGrpc.java:start(135)) - XceiverServerGrpc 48a67b91-f7be-40c9-a901-78f22c1148cd is started using port 35791
2021-08-31 13:03:43,253 [EndpointStateMachine task thread for /0.0.0.0:41749 - 0 ] INFO  ozoneimpl.OzoneContainer (OzoneContainer.java:start(305)) - Attempting to start container services.
2021-08-31 13:03:43,253 [EndpointStateMachine task thread for /0.0.0.0:41749 - 0 ] INFO  ozoneimpl.OzoneContainer (OzoneContainer.java:startContainerScrub(250)) - Background container scanner has been disabled.
2021-08-31 13:03:43,254 [EndpointStateMachine task thread for /0.0.0.0:41749 - 0 ] INFO  replication.ReplicationServer (ReplicationServer.java:start(107)) - ReplicationServer is started using port 33139
2021-08-31 13:03:43,255 [EndpointStateMachine task thread for /0.0.0.0:41749 - 0 ] INFO  ratis.XceiverServerRatis (XceiverServerRatis.java:start(482)) - Starting XceiverServerRatis c1e41c75-4b16-43e8-a71d-6e9134c212c3
2021-08-31 13:03:43,256 [EndpointStateMachine task thread for /0.0.0.0:41749 - 0 ] INFO  server.RaftServer (RaftServerProxy.java:lambda$start$5(374)) - c1e41c75-4b16-43e8-a71d-6e9134c212c3: start RPC server
2021-08-31 13:03:43,257 [EndpointStateMachine task thread for /0.0.0.0:41749 - 0 ] INFO  server.GrpcService (GrpcService.java:startImpl(253)) - c1e41c75-4b16-43e8-a71d-6e9134c212c3: GrpcService started, listening on 40007
2021-08-31 13:03:43,257 [EndpointStateMachine task thread for /0.0.0.0:41749 - 0 ] INFO  ratis.XceiverServerRatis (XceiverServerRatis.java:getRealPort(503)) - XceiverServerRatis c1e41c75-4b16-43e8-a71d-6e9134c212c3 is started using port 40007 for RATIS
2021-08-31 13:03:43,257 [EndpointStateMachine task thread for /0.0.0.0:41749 - 0 ] INFO  ratis.XceiverServerRatis (XceiverServerRatis.java:getRealPort(503)) - XceiverServerRatis c1e41c75-4b16-43e8-a71d-6e9134c212c3 is started using port 40007 for RATIS_ADMIN
2021-08-31 13:03:43,257 [org.apache.ratis.util.JvmPauseMonitor$$Lambda$532/1334813823@22c6cd41] INFO  util.JvmPauseMonitor (JvmPauseMonitor.java:run(103)) - JvmPauseMonitor-c1e41c75-4b16-43e8-a71d-6e9134c212c3: Started
2021-08-31 13:03:43,257 [EndpointStateMachine task thread for /0.0.0.0:41749 - 0 ] INFO  ratis.XceiverServerRatis (XceiverServerRatis.java:getRealPort(503)) - XceiverServerRatis c1e41c75-4b16-43e8-a71d-6e9134c212c3 is started using port 40007 for RATIS_SERVER
2021-08-31 13:03:43,258 [EndpointStateMachine task thread for /0.0.0.0:41749 - 0 ] INFO  server.XceiverServerGrpc (XceiverServerGrpc.java:start(135)) - XceiverServerGrpc c1e41c75-4b16-43e8-a71d-6e9134c212c3 is started using port 45113
2021-08-31 13:03:43,452 [EndpointStateMachine task thread for /0.0.0.0:41749 - 0 ] INFO  ozoneimpl.OzoneContainer (OzoneContainer.java:start(305)) - Attempting to start container services.
2021-08-31 13:03:43,452 [EndpointStateMachine task thread for /0.0.0.0:41749 - 0 ] INFO  ozoneimpl.OzoneContainer (OzoneContainer.java:startContainerScrub(250)) - Background container scanner has been disabled.
2021-08-31 13:03:43,455 [EndpointStateMachine task thread for /0.0.0.0:41749 - 0 ] INFO  replication.ReplicationServer (ReplicationServer.java:start(107)) - ReplicationServer is started using port 42713
2021-08-31 13:03:43,455 [EndpointStateMachine task thread for /0.0.0.0:41749 - 0 ] INFO  ratis.XceiverServerRatis (XceiverServerRatis.java:start(482)) - Starting XceiverServerRatis 1a766833-fcfc-4255-a382-49e3d560613d
2021-08-31 13:03:43,459 [EndpointStateMachine task thread for /0.0.0.0:41749 - 0 ] INFO  server.RaftServer (RaftServerProxy.java:lambda$start$5(374)) - 1a766833-fcfc-4255-a382-49e3d560613d: start RPC server
2021-08-31 13:03:43,464 [EndpointStateMachine task thread for /0.0.0.0:41749 - 0 ] INFO  server.GrpcService (GrpcService.java:startImpl(253)) - 1a766833-fcfc-4255-a382-49e3d560613d: GrpcService started, listening on 42143
2021-08-31 13:03:43,467 [EndpointStateMachine task thread for /0.0.0.0:41749 - 0 ] INFO  ratis.XceiverServerRatis (XceiverServerRatis.java:getRealPort(503)) - XceiverServerRatis 1a766833-fcfc-4255-a382-49e3d560613d is started using port 42143 for RATIS
2021-08-31 13:03:43,467 [EndpointStateMachine task thread for /0.0.0.0:41749 - 0 ] INFO  ratis.XceiverServerRatis (XceiverServerRatis.java:getRealPort(503)) - XceiverServerRatis 1a766833-fcfc-4255-a382-49e3d560613d is started using port 42143 for RATIS_ADMIN
2021-08-31 13:03:43,467 [EndpointStateMachine task thread for /0.0.0.0:41749 - 0 ] INFO  ratis.XceiverServerRatis (XceiverServerRatis.java:getRealPort(503)) - XceiverServerRatis 1a766833-fcfc-4255-a382-49e3d560613d is started using port 42143 for RATIS_SERVER
2021-08-31 13:03:43,468 [EndpointStateMachine task thread for /0.0.0.0:41749 - 0 ] INFO  server.XceiverServerGrpc (XceiverServerGrpc.java:start(135)) - XceiverServerGrpc 1a766833-fcfc-4255-a382-49e3d560613d is started using port 45095
2021-08-31 13:03:43,470 [org.apache.ratis.util.JvmPauseMonitor$$Lambda$532/1334813823@6757ed9b] INFO  util.JvmPauseMonitor (JvmPauseMonitor.java:run(103)) - JvmPauseMonitor-1a766833-fcfc-4255-a382-49e3d560613d: Started
2021-08-31 13:03:43,654 [Listener at 127.0.0.1/38495] INFO  ozone.MiniOzoneClusterImpl (MiniOzoneClusterImpl.java:lambda$waitForClusterToBeReady$0(235)) - Waiting for nodes to be ready. Got 0 of 7 DN Heartbeats.
2021-08-31 13:03:43,654 [Listener at 127.0.0.1/38495] INFO  ozone.MiniOzoneClusterImpl (MiniOzoneClusterImpl.java:lambda$waitForClusterToBeReady$0(238)) - Waiting for cluster to exit safe mode
2021-08-31 13:03:43,654 [Listener at 127.0.0.1/38495] INFO  ozone.MiniOzoneClusterImpl (MiniOzoneClusterImpl.java:lambda$waitForClusterToBeReady$0(240)) - SCM became leader
2021-08-31 13:03:43,660 [EndpointStateMachine task thread for /0.0.0.0:41749 - 0 ] INFO  ozoneimpl.OzoneContainer (OzoneContainer.java:start(305)) - Attempting to start container services.
2021-08-31 13:03:43,660 [EndpointStateMachine task thread for /0.0.0.0:41749 - 0 ] INFO  ozoneimpl.OzoneContainer (OzoneContainer.java:startContainerScrub(250)) - Background container scanner has been disabled.
2021-08-31 13:03:43,663 [EndpointStateMachine task thread for /0.0.0.0:41749 - 0 ] INFO  replication.ReplicationServer (ReplicationServer.java:start(107)) - ReplicationServer is started using port 40363
2021-08-31 13:03:43,664 [EndpointStateMachine task thread for /0.0.0.0:41749 - 0 ] INFO  ratis.XceiverServerRatis (XceiverServerRatis.java:start(482)) - Starting XceiverServerRatis 824157db-23a7-404e-be12-869143e8adda
2021-08-31 13:03:43,667 [EndpointStateMachine task thread for /0.0.0.0:41749 - 0 ] INFO  server.RaftServer (RaftServerProxy.java:lambda$start$5(374)) - 824157db-23a7-404e-be12-869143e8adda: start RPC server
2021-08-31 13:03:43,668 [EndpointStateMachine task thread for /0.0.0.0:41749 - 0 ] INFO  server.GrpcService (GrpcService.java:startImpl(253)) - 824157db-23a7-404e-be12-869143e8adda: GrpcService started, listening on 33221
2021-08-31 13:03:43,668 [EndpointStateMachine task thread for /0.0.0.0:41749 - 0 ] INFO  ratis.XceiverServerRatis (XceiverServerRatis.java:getRealPort(503)) - XceiverServerRatis 824157db-23a7-404e-be12-869143e8adda is started using port 33221 for RATIS
2021-08-31 13:03:43,669 [EndpointStateMachine task thread for /0.0.0.0:41749 - 0 ] INFO  ratis.XceiverServerRatis (XceiverServerRatis.java:getRealPort(503)) - XceiverServerRatis 824157db-23a7-404e-be12-869143e8adda is started using port 33221 for RATIS_ADMIN
2021-08-31 13:03:43,669 [org.apache.ratis.util.JvmPauseMonitor$$Lambda$532/1334813823@3a63d567] INFO  util.JvmPauseMonitor (JvmPauseMonitor.java:run(103)) - JvmPauseMonitor-824157db-23a7-404e-be12-869143e8adda: Started
2021-08-31 13:03:43,669 [EndpointStateMachine task thread for /0.0.0.0:41749 - 0 ] INFO  ratis.XceiverServerRatis (XceiverServerRatis.java:getRealPort(503)) - XceiverServerRatis 824157db-23a7-404e-be12-869143e8adda is started using port 33221 for RATIS_SERVER
2021-08-31 13:03:43,672 [EndpointStateMachine task thread for /0.0.0.0:41749 - 0 ] INFO  server.XceiverServerGrpc (XceiverServerGrpc.java:start(135)) - XceiverServerGrpc 824157db-23a7-404e-be12-869143e8adda is started using port 39145
2021-08-31 13:03:44,121 [IPC Server handler 5 on default port 41749] INFO  net.NetworkTopologyImpl (NetworkTopologyImpl.java:add(112)) - Added a new node: /default-rack/fde2103a-ce00-4253-a576-ea8232893539
2021-08-31 13:03:44,123 [IPC Server handler 5 on default port 41749] INFO  node.SCMNodeManager (SCMNodeManager.java:register(390)) - Registered Data node : fde2103a-ce00-4253-a576-ea8232893539{ip: 10.1.0.6, host: fv-az151-142, ports: [REPLICATION=36451, RATIS=43381, RATIS_ADMIN=43381, RATIS_SERVER=43381, STANDALONE=36577], networkLocation: /default-rack, certSerialId: null, persistedOpState: null, persistedOpStateExpiryEpochSec: 0}
2021-08-31 13:03:44,125 [EventQueue-NewNodeForNewNodeHandler] INFO  pipeline.BackgroundPipelineCreator (BackgroundPipelineCreatorV2.java:notifyEventTriggered(285)) - trigger a one-shot run on RatisPipelineUtilsThread.
2021-08-31 13:03:44,129 [EventQueue-NodeRegistrationContainerReportForDataNodeSafeModeRule] INFO  safemode.SCMSafeModeManager (DataNodeSafeModeRule.java:process(71)) - SCM in safe mode. 1 DataNodes registered, 3 required.
2021-08-31 13:03:44,132 [EventQueue-NodeRegistrationContainerReportForContainerSafeModeRule] INFO  safemode.SCMSafeModeManager (SCMSafeModeManager.java:validateSafeModeExitRules(204)) - ContainerSafeModeRule rule is successfully validated
2021-08-31 13:03:44,138 [EventQueue-PipelineReportForOneReplicaPipelineSafeModeRule] INFO  safemode.SCMSafeModeManager (SCMSafeModeManager.java:validateSafeModeExitRules(204)) - AtleastOneDatanodeReportedRule rule is successfully validated
2021-08-31 13:03:44,141 [RatisPipelineUtilsThread - 0] INFO  pipeline.RatisPipelineProvider (RatisPipelineProvider.java:lambda$create$0(183)) - Sending CreatePipelineCommand for pipeline:PipelineID=4fe733f3-64a3-4a2c-96ed-74e31ebc5b11 to datanode:fde2103a-ce00-4253-a576-ea8232893539
2021-08-31 13:03:44,151 [RatisPipelineUtilsThread - 0] INFO  pipeline.PipelineStateManager (PipelineStateManagerV2Impl.java:addPipeline(101)) - Created pipeline Pipeline[ Id: 4fe733f3-64a3-4a2c-96ed-74e31ebc5b11, Nodes: fde2103a-ce00-4253-a576-ea8232893539{ip: 10.1.0.6, host: fv-az151-142, ports: [REPLICATION=36451, RATIS=43381, RATIS_ADMIN=43381, RATIS_SERVER=43381, STANDALONE=36577], networkLocation: /default-rack, certSerialId: null, persistedOpState: IN_SERVICE, persistedOpStateExpiryEpochSec: 0}, ReplicationConfig: RATIS/ONE, State:ALLOCATED, leaderId:, CreationTimestamp2021-08-31T13:03:44.138Z[Etc/UTC]].
2021-08-31 13:03:44,391 [IPC Server handler 3 on default port 41749] INFO  net.NetworkTopologyImpl (NetworkTopologyImpl.java:add(112)) - Added a new node: /default-rack/940b181a-f656-490c-a8b1-afc5b8b121dc
2021-08-31 13:03:44,392 [IPC Server handler 3 on default port 41749] INFO  node.SCMNodeManager (SCMNodeManager.java:register(390)) - Registered Data node : 940b181a-f656-490c-a8b1-afc5b8b121dc{ip: 10.1.0.6, host: fv-az151-142, ports: [REPLICATION=43363, RATIS=41423, RATIS_ADMIN=41423, RATIS_SERVER=41423, STANDALONE=45469], networkLocation: /default-rack, certSerialId: null, persistedOpState: null, persistedOpStateExpiryEpochSec: 0}
2021-08-31 13:03:44,392 [EventQueue-NewNodeForNewNodeHandler] INFO  pipeline.BackgroundPipelineCreator (BackgroundPipelineCreatorV2.java:notifyEventTriggered(285)) - trigger a one-shot run on RatisPipelineUtilsThread.
2021-08-31 13:03:44,392 [EventQueue-NodeRegistrationContainerReportForDataNodeSafeModeRule] INFO  safemode.SCMSafeModeManager (DataNodeSafeModeRule.java:process(71)) - SCM in safe mode. 2 DataNodes registered, 3 required.
2021-08-31 13:03:44,395 [RatisPipelineUtilsThread - 0] INFO  pipeline.RatisPipelineProvider (RatisPipelineProvider.java:lambda$create$0(183)) - Sending CreatePipelineCommand for pipeline:PipelineID=768da958-5b75-44d3-9687-792f18fa7a8a to datanode:940b181a-f656-490c-a8b1-afc5b8b121dc
2021-08-31 13:03:44,396 [RatisPipelineUtilsThread - 0] INFO  pipeline.PipelineStateManager (PipelineStateManagerV2Impl.java:addPipeline(101)) - Created pipeline Pipeline[ Id: 768da958-5b75-44d3-9687-792f18fa7a8a, Nodes: 940b181a-f656-490c-a8b1-afc5b8b121dc{ip: 10.1.0.6, host: fv-az151-142, ports: [REPLICATION=43363, RATIS=41423, RATIS_ADMIN=41423, RATIS_SERVER=41423, STANDALONE=45469], networkLocation: /default-rack, certSerialId: null, persistedOpState: IN_SERVICE, persistedOpStateExpiryEpochSec: 0}, ReplicationConfig: RATIS/ONE, State:ALLOCATED, leaderId:, CreationTimestamp2021-08-31T13:03:44.395Z[Etc/UTC]].
2021-08-31 13:03:44,655 [Listener at 127.0.0.1/38495] INFO  ozone.MiniOzoneClusterImpl (MiniOzoneClusterImpl.java:lambda$waitForClusterToBeReady$0(235)) - Waiting for nodes to be ready. Got 2 of 7 DN Heartbeats.
2021-08-31 13:03:44,655 [Listener at 127.0.0.1/38495] INFO  ozone.MiniOzoneClusterImpl (MiniOzoneClusterImpl.java:lambda$waitForClusterToBeReady$0(238)) - Waiting for cluster to exit safe mode
2021-08-31 13:03:44,655 [Listener at 127.0.0.1/38495] INFO  ozone.MiniOzoneClusterImpl (MiniOzoneClusterImpl.java:lambda$waitForClusterToBeReady$0(240)) - SCM became leader
2021-08-31 13:03:44,866 [IPC Server handler 5 on default port 41749] INFO  net.NetworkTopologyImpl (NetworkTopologyImpl.java:add(112)) - Added a new node: /default-rack/41b49504-2605-44a7-8135-9defd08b62b0
2021-08-31 13:03:44,867 [IPC Server handler 5 on default port 41749] INFO  node.SCMNodeManager (SCMNodeManager.java:register(390)) - Registered Data node : 41b49504-2605-44a7-8135-9defd08b62b0{ip: 10.1.0.6, host: fv-az151-142, ports: [REPLICATION=40545, RATIS=41505, RATIS_ADMIN=41505, RATIS_SERVER=41505, STANDALONE=40967], networkLocation: /default-rack, certSerialId: null, persistedOpState: null, persistedOpStateExpiryEpochSec: 0}
2021-08-31 13:03:44,867 [EventQueue-NewNodeForNewNodeHandler] INFO  pipeline.BackgroundPipelineCreator (BackgroundPipelineCreatorV2.java:notifyEventTriggered(285)) - trigger a one-shot run on RatisPipelineUtilsThread.
2021-08-31 13:03:44,868 [RatisPipelineUtilsThread - 0] INFO  pipeline.RatisPipelineProvider (RatisPipelineProvider.java:lambda$create$0(183)) - Sending CreatePipelineCommand for pipeline:PipelineID=6bf4df38-77f8-4bb7-8929-a01f34cd1956 to datanode:41b49504-2605-44a7-8135-9defd08b62b0
2021-08-31 13:03:44,868 [EventQueue-NodeRegistrationContainerReportForDataNodeSafeModeRule] INFO  safemode.SCMSafeModeManager (DataNodeSafeModeRule.java:process(71)) - SCM in safe mode. 3 DataNodes registered, 3 required.
2021-08-31 13:03:44,868 [EventQueue-NodeRegistrationContainerReportForDataNodeSafeModeRule] INFO  safemode.SCMSafeModeManager (SCMSafeModeManager.java:validateSafeModeExitRules(204)) - DataNodeSafeModeRule rule is successfully validated
2021-08-31 13:03:44,868 [EventQueue-NodeRegistrationContainerReportForDataNodeSafeModeRule] INFO  safemode.SCMSafeModeManager (SCMSafeModeManager.java:completePreCheck(233)) - All SCM safe mode pre check rules have passed
2021-08-31 13:03:44,868 [EventQueue-NodeRegistrationContainerReportForDataNodeSafeModeRule] WARN  events.EventQueue (EventQueue.java:fireEvent(194)) - No event handler registered for event TypedEvent{payloadType=SafeModeStatus, name='Safe mode status'}
2021-08-31 13:03:44,868 [EventQueue-NodeRegistrationContainerReportForDataNodeSafeModeRule] INFO  ha.SCMContext (SCMContext.java:updateSafeModeStatus(205)) - Update SafeModeStatus from SafeModeStatus{safeModeStatus=true, preCheckPassed=false} to SafeModeStatus{safeModeStatus=true, preCheckPassed=true}.
2021-08-31 13:03:44,869 [EventQueue-NodeRegistrationContainerReportForDataNodeSafeModeRule] INFO  pipeline.BackgroundPipelineCreator (BackgroundPipelineCreatorV2.java:notifyEventTriggered(285)) - trigger a one-shot run on RatisPipelineUtilsThread.
2021-08-31 13:03:44,869 [RatisPipelineUtilsThread - 0] INFO  pipeline.PipelineStateManager (PipelineStateManagerV2Impl.java:addPipeline(101)) - Created pipeline Pipeline[ Id: 6bf4df38-77f8-4bb7-8929-a01f34cd1956, Nodes: 41b49504-2605-44a7-8135-9defd08b62b0{ip: 10.1.0.6, host: fv-az151-142, ports: [REPLICATION=40545, RATIS=41505, RATIS_ADMIN=41505, RATIS_SERVER=41505, STANDALONE=40967], networkLocation: /default-rack, certSerialId: null, persistedOpState: IN_SERVICE, persistedOpStateExpiryEpochSec: 0}, ReplicationConfig: RATIS/ONE, State:ALLOCATED, leaderId:, CreationTimestamp2021-08-31T13:03:44.868Z[Etc/UTC]].
2021-08-31 13:03:44,872 [RatisPipelineUtilsThread - 0] INFO  pipeline.RatisPipelineProvider (RatisPipelineProvider.java:lambda$create$0(183)) - Sending CreatePipelineCommand for pipeline:PipelineID=bcca9cef-7c19-4c59-bfaa-862d64ef6f50 to datanode:41b49504-2605-44a7-8135-9defd08b62b0
2021-08-31 13:03:44,872 [RatisPipelineUtilsThread - 0] INFO  pipeline.RatisPipelineProvider (RatisPipelineProvider.java:lambda$create$0(183)) - Sending CreatePipelineCommand for pipeline:PipelineID=bcca9cef-7c19-4c59-bfaa-862d64ef6f50 to datanode:fde2103a-ce00-4253-a576-ea8232893539
2021-08-31 13:03:44,872 [RatisPipelineUtilsThread - 0] INFO  pipeline.RatisPipelineProvider (RatisPipelineProvider.java:lambda$create$0(183)) - Sending CreatePipelineCommand for pipeline:PipelineID=bcca9cef-7c19-4c59-bfaa-862d64ef6f50 to datanode:940b181a-f656-490c-a8b1-afc5b8b121dc
2021-08-31 13:03:44,873 [RatisPipelineUtilsThread - 0] INFO  pipeline.PipelineStateManager (PipelineStateManagerV2Impl.java:addPipeline(101)) - Created pipeline Pipeline[ Id: bcca9cef-7c19-4c59-bfaa-862d64ef6f50, Nodes: 41b49504-2605-44a7-8135-9defd08b62b0{ip: 10.1.0.6, host: fv-az151-142, ports: [REPLICATION=40545, RATIS=41505, RATIS_ADMIN=41505, RATIS_SERVER=41505, STANDALONE=40967], networkLocation: /default-rack, certSerialId: null, persistedOpState: IN_SERVICE, persistedOpStateExpiryEpochSec: 0}fde2103a-ce00-4253-a576-ea8232893539{ip: 10.1.0.6, host: fv-az151-142, ports: [REPLICATION=36451, RATIS=43381, RATIS_ADMIN=43381, RATIS_SERVER=43381, STANDALONE=36577], networkLocation: /default-rack, certSerialId: null, persistedOpState: IN_SERVICE, persistedOpStateExpiryEpochSec: 0}940b181a-f656-490c-a8b1-afc5b8b121dc{ip: 10.1.0.6, host: fv-az151-142, ports: [REPLICATION=43363, RATIS=41423, RATIS_ADMIN=41423, RATIS_SERVER=41423, STANDALONE=45469], networkLocation: /default-rack, certSerialId: null, persistedOpState: IN_SERVICE, persistedOpStateExpiryEpochSec: 0}, ReplicationConfig: RATIS/THREE, State:ALLOCATED, leaderId:, CreationTimestamp2021-08-31T13:03:44.872Z[Etc/UTC]].
2021-08-31 13:03:44,874 [RatisPipelineUtilsThread - 0] INFO  pipeline.RatisPipelineProvider (RatisPipelineProvider.java:lambda$create$0(183)) - Sending CreatePipelineCommand for pipeline:PipelineID=df4b5ad2-fca6-4234-b989-8f175209ae26 to datanode:940b181a-f656-490c-a8b1-afc5b8b121dc
2021-08-31 13:03:44,875 [RatisPipelineUtilsThread - 0] INFO  pipeline.RatisPipelineProvider (RatisPipelineProvider.java:lambda$create$0(183)) - Sending CreatePipelineCommand for pipeline:PipelineID=df4b5ad2-fca6-4234-b989-8f175209ae26 to datanode:fde2103a-ce00-4253-a576-ea8232893539
2021-08-31 13:03:44,875 [RatisPipelineUtilsThread - 0] INFO  pipeline.RatisPipelineProvider (RatisPipelineProvider.java:lambda$create$0(183)) - Sending CreatePipelineCommand for pipeline:PipelineID=df4b5ad2-fca6-4234-b989-8f175209ae26 to datanode:41b49504-2605-44a7-8135-9defd08b62b0
2021-08-31 13:03:44,876 [RatisPipelineUtilsThread - 0] INFO  pipeline.PipelineStateManager (PipelineStateManagerV2Impl.java:addPipeline(101)) - Created pipeline Pipeline[ Id: df4b5ad2-fca6-4234-b989-8f175209ae26, Nodes: 940b181a-f656-490c-a8b1-afc5b8b121dc{ip: 10.1.0.6, host: fv-az151-142, ports: [REPLICATION=43363, RATIS=41423, RATIS_ADMIN=41423, RATIS_SERVER=41423, STANDALONE=45469], networkLocation: /default-rack, certSerialId: null, persistedOpState: IN_SERVICE, persistedOpStateExpiryEpochSec: 0}fde2103a-ce00-4253-a576-ea8232893539{ip: 10.1.0.6, host: fv-az151-142, ports: [REPLICATION=36451, RATIS=43381, RATIS_ADMIN=43381, RATIS_SERVER=43381, STANDALONE=36577], networkLocation: /default-rack, certSerialId: null, persistedOpState: IN_SERVICE, persistedOpStateExpiryEpochSec: 0}41b49504-2605-44a7-8135-9defd08b62b0{ip: 10.1.0.6, host: fv-az151-142, ports: [REPLICATION=40545, RATIS=41505, RATIS_ADMIN=41505, RATIS_SERVER=41505, STANDALONE=40967], networkLocation: /default-rack, certSerialId: null, persistedOpState: IN_SERVICE, persistedOpStateExpiryEpochSec: 0}, ReplicationConfig: RATIS/THREE, State:ALLOCATED, leaderId:, CreationTimestamp2021-08-31T13:03:44.874Z[Etc/UTC]].
2021-08-31 13:03:44,877 [RatisPipelineUtilsThread - 0] INFO  pipeline.PipelineManagerImpl (PipelineManagerImpl.java:recordMetricsForPipeline(613)) - Pipeline: PipelineID=df4b5ad2-fca6-4234-b989-8f175209ae26 contains same datanodes as previous pipelines: PipelineID=bcca9cef-7c19-4c59-bfaa-862d64ef6f50 nodeIds: 940b181a-f656-490c-a8b1-afc5b8b121dc, fde2103a-ce00-4253-a576-ea8232893539, 41b49504-2605-44a7-8135-9defd08b62b0
2021-08-31 13:03:45,052 [IPC Server handler 6 on default port 41749] INFO  net.NetworkTopologyImpl (NetworkTopologyImpl.java:add(112)) - Added a new node: /default-rack/48a67b91-f7be-40c9-a901-78f22c1148cd
2021-08-31 13:03:45,053 [IPC Server handler 6 on default port 41749] INFO  node.SCMNodeManager (SCMNodeManager.java:register(390)) - Registered Data node : 48a67b91-f7be-40c9-a901-78f22c1148cd{ip: 10.1.0.6, host: fv-az151-142, ports: [REPLICATION=45143, RATIS=46047, RATIS_ADMIN=46047, RATIS_SERVER=46047, STANDALONE=35791], networkLocation: /default-rack, certSerialId: null, persistedOpState: null, persistedOpStateExpiryEpochSec: 0}
2021-08-31 13:03:45,054 [EventQueue-NewNodeForNewNodeHandler] INFO  pipeline.BackgroundPipelineCreator (BackgroundPipelineCreatorV2.java:notifyEventTriggered(285)) - trigger a one-shot run on RatisPipelineUtilsThread.
2021-08-31 13:03:45,054 [RatisPipelineUtilsThread - 0] INFO  pipeline.RatisPipelineProvider (RatisPipelineProvider.java:lambda$create$0(183)) - Sending CreatePipelineCommand for pipeline:PipelineID=ebcb69be-ca88-49e4-8400-f070222aa2c9 to datanode:48a67b91-f7be-40c9-a901-78f22c1148cd
2021-08-31 13:03:45,055 [RatisPipelineUtilsThread - 0] INFO  pipeline.PipelineStateManager (PipelineStateManagerV2Impl.java:addPipeline(101)) - Created pipeline Pipeline[ Id: ebcb69be-ca88-49e4-8400-f070222aa2c9, Nodes: 48a67b91-f7be-40c9-a901-78f22c1148cd{ip: 10.1.0.6, host: fv-az151-142, ports: [REPLICATION=45143, RATIS=46047, RATIS_ADMIN=46047, RATIS_SERVER=46047, STANDALONE=35791], networkLocation: /default-rack, certSerialId: null, persistedOpState: IN_SERVICE, persistedOpStateExpiryEpochSec: 0}, ReplicationConfig: RATIS/ONE, State:ALLOCATED, leaderId:, CreationTimestamp2021-08-31T13:03:45.054Z[Etc/UTC]].
2021-08-31 13:03:45,251 [IPC Server handler 2 on default port 41749] INFO  net.NetworkTopologyImpl (NetworkTopologyImpl.java:add(112)) - Added a new node: /default-rack/c1e41c75-4b16-43e8-a71d-6e9134c212c3
2021-08-31 13:03:45,251 [IPC Server handler 2 on default port 41749] INFO  node.SCMNodeManager (SCMNodeManager.java:register(390)) - Registered Data node : c1e41c75-4b16-43e8-a71d-6e9134c212c3{ip: 10.1.0.6, host: fv-az151-142, ports: [REPLICATION=33139, RATIS=40007, RATIS_ADMIN=40007, RATIS_SERVER=40007, STANDALONE=45113], networkLocation: /default-rack, certSerialId: null, persistedOpState: null, persistedOpStateExpiryEpochSec: 0}
2021-08-31 13:03:45,251 [EventQueue-NewNodeForNewNodeHandler] INFO  pipeline.BackgroundPipelineCreator (BackgroundPipelineCreatorV2.java:notifyEventTriggered(285)) - trigger a one-shot run on RatisPipelineUtilsThread.
2021-08-31 13:03:45,255 [RatisPipelineUtilsThread - 0] INFO  pipeline.RatisPipelineProvider (RatisPipelineProvider.java:lambda$create$0(183)) - Sending CreatePipelineCommand for pipeline:PipelineID=d781a6dc-ac9c-42c3-b345-f061a452fca2 to datanode:c1e41c75-4b16-43e8-a71d-6e9134c212c3
2021-08-31 13:03:45,256 [RatisPipelineUtilsThread - 0] INFO  pipeline.PipelineStateManager (PipelineStateManagerV2Impl.java:addPipeline(101)) - Created pipeline Pipeline[ Id: d781a6dc-ac9c-42c3-b345-f061a452fca2, Nodes: c1e41c75-4b16-43e8-a71d-6e9134c212c3{ip: 10.1.0.6, host: fv-az151-142, ports: [REPLICATION=33139, RATIS=40007, RATIS_ADMIN=40007, RATIS_SERVER=40007, STANDALONE=45113], networkLocation: /default-rack, certSerialId: null, persistedOpState: IN_SERVICE, persistedOpStateExpiryEpochSec: 0}, ReplicationConfig: RATIS/ONE, State:ALLOCATED, leaderId:, CreationTimestamp2021-08-31T13:03:45.255Z[Etc/UTC]].
2021-08-31 13:03:45,449 [IPC Server handler 4 on default port 41749] INFO  net.NetworkTopologyImpl (NetworkTopologyImpl.java:add(112)) - Added a new node: /default-rack/1a766833-fcfc-4255-a382-49e3d560613d
2021-08-31 13:03:45,449 [IPC Server handler 4 on default port 41749] INFO  node.SCMNodeManager (SCMNodeManager.java:register(390)) - Registered Data node : 1a766833-fcfc-4255-a382-49e3d560613d{ip: 10.1.0.6, host: fv-az151-142, ports: [REPLICATION=42713, RATIS=42143, RATIS_ADMIN=42143, RATIS_SERVER=42143, STANDALONE=45095], networkLocation: /default-rack, certSerialId: null, persistedOpState: null, persistedOpStateExpiryEpochSec: 0}
2021-08-31 13:03:45,449 [EventQueue-NewNodeForNewNodeHandler] INFO  pipeline.BackgroundPipelineCreator (BackgroundPipelineCreatorV2.java:notifyEventTriggered(285)) - trigger a one-shot run on RatisPipelineUtilsThread.
2021-08-31 13:03:45,452 [RatisPipelineUtilsThread - 0] INFO  pipeline.RatisPipelineProvider (RatisPipelineProvider.java:lambda$create$0(183)) - Sending CreatePipelineCommand for pipeline:PipelineID=acf90615-c5c5-4b40-8d34-42eb7e805ceb to datanode:1a766833-fcfc-4255-a382-49e3d560613d
2021-08-31 13:03:45,453 [RatisPipelineUtilsThread - 0] INFO  pipeline.PipelineStateManager (PipelineStateManagerV2Impl.java:addPipeline(101)) - Created pipeline Pipeline[ Id: acf90615-c5c5-4b40-8d34-42eb7e805ceb, Nodes: 1a766833-fcfc-4255-a382-49e3d560613d{ip: 10.1.0.6, host: fv-az151-142, ports: [REPLICATION=42713, RATIS=42143, RATIS_ADMIN=42143, RATIS_SERVER=42143, STANDALONE=45095], networkLocation: /default-rack, certSerialId: null, persistedOpState: IN_SERVICE, persistedOpStateExpiryEpochSec: 0}, ReplicationConfig: RATIS/ONE, State:ALLOCATED, leaderId:, CreationTimestamp2021-08-31T13:03:45.452Z[Etc/UTC]].
2021-08-31 13:03:45,453 [RatisPipelineUtilsThread - 0] INFO  pipeline.RatisPipelineProvider (RatisPipelineProvider.java:lambda$create$0(183)) - Sending CreatePipelineCommand for pipeline:PipelineID=69658ea9-74a5-4dbd-93b4-acfda5e70bed to datanode:48a67b91-f7be-40c9-a901-78f22c1148cd
2021-08-31 13:03:45,453 [RatisPipelineUtilsThread - 0] INFO  pipeline.RatisPipelineProvider (RatisPipelineProvider.java:lambda$create$0(183)) - Sending CreatePipelineCommand for pipeline:PipelineID=69658ea9-74a5-4dbd-93b4-acfda5e70bed to datanode:c1e41c75-4b16-43e8-a71d-6e9134c212c3
2021-08-31 13:03:45,454 [RatisPipelineUtilsThread - 0] INFO  pipeline.RatisPipelineProvider (RatisPipelineProvider.java:lambda$create$0(183)) - Sending CreatePipelineCommand for pipeline:PipelineID=69658ea9-74a5-4dbd-93b4-acfda5e70bed to datanode:1a766833-fcfc-4255-a382-49e3d560613d
2021-08-31 13:03:45,454 [RatisPipelineUtilsThread - 0] INFO  pipeline.PipelineStateManager (PipelineStateManagerV2Impl.java:addPipeline(101)) - Created pipeline Pipeline[ Id: 69658ea9-74a5-4dbd-93b4-acfda5e70bed, Nodes: 48a67b91-f7be-40c9-a901-78f22c1148cd{ip: 10.1.0.6, host: fv-az151-142, ports: [REPLICATION=45143, RATIS=46047, RATIS_ADMIN=46047, RATIS_SERVER=46047, STANDALONE=35791], networkLocation: /default-rack, certSerialId: null, persistedOpState: IN_SERVICE, persistedOpStateExpiryEpochSec: 0}c1e41c75-4b16-43e8-a71d-6e9134c212c3{ip: 10.1.0.6, host: fv-az151-142, ports: [REPLICATION=33139, RATIS=40007, RATIS_ADMIN=40007, RATIS_SERVER=40007, STANDALONE=45113], networkLocation: /default-rack, certSerialId: null, persistedOpState: IN_SERVICE, persistedOpStateExpiryEpochSec: 0}1a766833-fcfc-4255-a382-49e3d560613d{ip: 10.1.0.6, host: fv-az151-142, ports: [REPLICATION=42713, RATIS=42143, RATIS_ADMIN=42143, RATIS_SERVER=42143, STANDALONE=45095], networkLocation: /default-rack, certSerialId: null, persistedOpState: IN_SERVICE, persistedOpStateExpiryEpochSec: 0}, ReplicationConfig: RATIS/THREE, State:ALLOCATED, leaderId:, CreationTimestamp2021-08-31T13:03:45.453Z[Etc/UTC]].
2021-08-31 13:03:45,455 [RatisPipelineUtilsThread - 0] INFO  pipeline.RatisPipelineProvider (RatisPipelineProvider.java:lambda$create$0(183)) - Sending CreatePipelineCommand for pipeline:PipelineID=6e23b98f-af44-4730-81c6-137db946c243 to datanode:48a67b91-f7be-40c9-a901-78f22c1148cd
2021-08-31 13:03:45,455 [RatisPipelineUtilsThread - 0] INFO  pipeline.RatisPipelineProvider (RatisPipelineProvider.java:lambda$create$0(183)) - Sending CreatePipelineCommand for pipeline:PipelineID=6e23b98f-af44-4730-81c6-137db946c243 to datanode:1a766833-fcfc-4255-a382-49e3d560613d
2021-08-31 13:03:45,455 [RatisPipelineUtilsThread - 0] INFO  pipeline.RatisPipelineProvider (RatisPipelineProvider.java:lambda$create$0(183)) - Sending CreatePipelineCommand for pipeline:PipelineID=6e23b98f-af44-4730-81c6-137db946c243 to datanode:c1e41c75-4b16-43e8-a71d-6e9134c212c3
2021-08-31 13:03:45,456 [RatisPipelineUtilsThread - 0] INFO  pipeline.PipelineStateManager (PipelineStateManagerV2Impl.java:addPipeline(101)) - Created pipeline Pipeline[ Id: 6e23b98f-af44-4730-81c6-137db946c243, Nodes: 48a67b91-f7be-40c9-a901-78f22c1148cd{ip: 10.1.0.6, host: fv-az151-142, ports: [REPLICATION=45143, RATIS=46047, RATIS_ADMIN=46047, RATIS_SERVER=46047, STANDALONE=35791], networkLocation: /default-rack, certSerialId: null, persistedOpState: IN_SERVICE, persistedOpStateExpiryEpochSec: 0}1a766833-fcfc-4255-a382-49e3d560613d{ip: 10.1.0.6, host: fv-az151-142, ports: [REPLICATION=42713, RATIS=42143, RATIS_ADMIN=42143, RATIS_SERVER=42143, STANDALONE=45095], networkLocation: /default-rack, certSerialId: null, persistedOpState: IN_SERVICE, persistedOpStateExpiryEpochSec: 0}c1e41c75-4b16-43e8-a71d-6e9134c212c3{ip: 10.1.0.6, host: fv-az151-142, ports: [REPLICATION=33139, RATIS=40007, RATIS_ADMIN=40007, RATIS_SERVER=40007, STANDALONE=45113], networkLocation: /default-rack, certSerialId: null, persistedOpState: IN_SERVICE, persistedOpStateExpiryEpochSec: 0}, ReplicationConfig: RATIS/THREE, State:ALLOCATED, leaderId:, CreationTimestamp2021-08-31T13:03:45.455Z[Etc/UTC]].
2021-08-31 13:03:45,456 [RatisPipelineUtilsThread - 0] INFO  pipeline.PipelineManagerImpl (PipelineManagerImpl.java:recordMetricsForPipeline(613)) - Pipeline: PipelineID=6e23b98f-af44-4730-81c6-137db946c243 contains same datanodes as previous pipelines: PipelineID=69658ea9-74a5-4dbd-93b4-acfda5e70bed nodeIds: 48a67b91-f7be-40c9-a901-78f22c1148cd, 1a766833-fcfc-4255-a382-49e3d560613d, c1e41c75-4b16-43e8-a71d-6e9134c212c3
2021-08-31 13:03:45,655 [Listener at 127.0.0.1/38495] INFO  ozone.MiniOzoneClusterImpl (MiniOzoneClusterImpl.java:lambda$waitForClusterToBeReady$0(235)) - Waiting for nodes to be ready. Got 6 of 7 DN Heartbeats.
2021-08-31 13:03:45,656 [Listener at 127.0.0.1/38495] INFO  ozone.MiniOzoneClusterImpl (MiniOzoneClusterImpl.java:lambda$waitForClusterToBeReady$0(238)) - Waiting for cluster to exit safe mode
2021-08-31 13:03:45,656 [Listener at 127.0.0.1/38495] INFO  ozone.MiniOzoneClusterImpl (MiniOzoneClusterImpl.java:lambda$waitForClusterToBeReady$0(240)) - SCM became leader
2021-08-31 13:03:45,658 [IPC Server handler 5 on default port 41749] INFO  net.NetworkTopologyImpl (NetworkTopologyImpl.java:add(112)) - Added a new node: /default-rack/824157db-23a7-404e-be12-869143e8adda
2021-08-31 13:03:45,659 [IPC Server handler 5 on default port 41749] INFO  node.SCMNodeManager (SCMNodeManager.java:register(390)) - Registered Data node : 824157db-23a7-404e-be12-869143e8adda{ip: 10.1.0.6, host: fv-az151-142, ports: [REPLICATION=40363, RATIS=33221, RATIS_ADMIN=33221, RATIS_SERVER=33221, STANDALONE=39145], networkLocation: /default-rack, certSerialId: null, persistedOpState: null, persistedOpStateExpiryEpochSec: 0}
2021-08-31 13:03:45,659 [EventQueue-NewNodeForNewNodeHandler] INFO  pipeline.BackgroundPipelineCreator (BackgroundPipelineCreatorV2.java:notifyEventTriggered(285)) - trigger a one-shot run on RatisPipelineUtilsThread.
2021-08-31 13:03:45,660 [RatisPipelineUtilsThread - 0] INFO  pipeline.RatisPipelineProvider (RatisPipelineProvider.java:lambda$create$0(183)) - Sending CreatePipelineCommand for pipeline:PipelineID=0ba0ef12-4c24-414b-ac07-db6d28cd4af5 to datanode:824157db-23a7-404e-be12-869143e8adda
2021-08-31 13:03:45,662 [RatisPipelineUtilsThread - 0] INFO  pipeline.PipelineStateManager (PipelineStateManagerV2Impl.java:addPipeline(101)) - Created pipeline Pipeline[ Id: 0ba0ef12-4c24-414b-ac07-db6d28cd4af5, Nodes: 824157db-23a7-404e-be12-869143e8adda{ip: 10.1.0.6, host: fv-az151-142, ports: [REPLICATION=40363, RATIS=33221, RATIS_ADMIN=33221, RATIS_SERVER=33221, STANDALONE=39145], networkLocation: /default-rack, certSerialId: null, persistedOpState: IN_SERVICE, persistedOpStateExpiryEpochSec: 0}, ReplicationConfig: RATIS/ONE, State:ALLOCATED, leaderId:, CreationTimestamp2021-08-31T13:03:45.660Z[Etc/UTC]].
2021-08-31 13:03:46,657 [Listener at 127.0.0.1/38495] INFO  ozone.MiniOzoneClusterImpl (MiniOzoneClusterImpl.java:lambda$waitForClusterToBeReady$0(235)) - Nodes are ready. Got 7 of 7 DN Heartbeats.
2021-08-31 13:03:46,657 [Listener at 127.0.0.1/38495] INFO  ozone.MiniOzoneClusterImpl (MiniOzoneClusterImpl.java:lambda$waitForClusterToBeReady$0(238)) - Waiting for cluster to exit safe mode
2021-08-31 13:03:46,657 [Listener at 127.0.0.1/38495] INFO  ozone.MiniOzoneClusterImpl (MiniOzoneClusterImpl.java:lambda$waitForClusterToBeReady$0(240)) - SCM became leader
2021-08-31 13:03:47,107 [Command processor thread] INFO  server.RaftServer (RaftServerProxy.java:addNew(95)) - fde2103a-ce00-4253-a576-ea8232893539: addNew group-74E31EBC5B11:[fde2103a-ce00-4253-a576-ea8232893539|rpc:10.1.0.6:43381|priority:1] returns group-74E31EBC5B11:java.util.concurrent.CompletableFuture@78792d13[Not completed]
2021-08-31 13:03:47,120 [pool-55-thread-1] INFO  server.RaftServer$Division (RaftServerImpl.java:<init>(181)) - fde2103a-ce00-4253-a576-ea8232893539: new RaftServerImpl for group-74E31EBC5B11:[fde2103a-ce00-4253-a576-ea8232893539|rpc:10.1.0.6:43381|priority:1] with ContainerStateMachine:uninitialized
2021-08-31 13:03:47,121 [pool-55-thread-1] INFO  server.RaftServerConfigKeys (ConfUtils.java:logGet(44)) - raft.server.rpc.timeout.min = 5s (custom)
2021-08-31 13:03:47,121 [pool-55-thread-1] INFO  server.RaftServerConfigKeys (ConfUtils.java:logGet(44)) - raft.server.rpc.timeout.max = 5200ms (custom)
2021-08-31 13:03:47,122 [pool-55-thread-1] INFO  server.RaftServerConfigKeys (ConfUtils.java:logGet(44)) - raft.server.rpc.sleep.time = 25ms (default)
2021-08-31 13:03:47,122 [pool-55-thread-1] INFO  server.RaftServerConfigKeys (ConfUtils.java:logGet(44)) - raft.server.rpc.slowness.timeout = 300000ms (custom)
2021-08-31 13:03:47,122 [pool-55-thread-1] INFO  server.RaftServerConfigKeys (ConfUtils.java:logGet(44)) - raft.server.leaderelection.leader.step-down.wait-time = 10s (default)
2021-08-31 13:03:47,122 [pool-55-thread-1] INFO  server.RaftServerConfigKeys (ConfUtils.java:logGet(44)) - raft.server.sleep.deviation.threshold = 300ms (default)
2021-08-31 13:03:47,122 [pool-55-thread-1] INFO  server.RaftServerConfigKeys (ConfUtils.java:logGet(44)) - raft.server.log.appender.install.snapshot.enabled = false (custom)
2021-08-31 13:03:47,122 [pool-55-thread-1] INFO  server.RaftServer$Division (ServerState.java:<init>(105)) - fde2103a-ce00-4253-a576-ea8232893539@group-74E31EBC5B11: ConfigurationManager, init=-1: [fde2103a-ce00-4253-a576-ea8232893539|rpc:10.1.0.6:43381|priority:1], old=null, confs=<EMPTY_MAP>
2021-08-31 13:03:47,122 [pool-55-thread-1] INFO  server.RaftServerConfigKeys (ConfUtils.java:logGet(44)) - raft.server.storage.dir = [/home/runner/work/ozone/ozone/hadoop-ozone/integration-test/target/test-dir/MiniOzoneClusterImpl-24712a27-71f7-429c-8ffb-97a1a53f740d/datanode-0/data/ratis] (custom)
2021-08-31 13:03:47,122 [pool-55-thread-1] INFO  server.RaftServerConfigKeys (ConfUtils.java:logGet(44)) - raft.server.log.corruption.policy = EXCEPTION (default)
2021-08-31 13:03:47,122 [pool-55-thread-1] INFO  server.RaftServerConfigKeys (ConfUtils.java:logGet(44)) - raft.server.storage.free-space.min = 0MB (=0) (default)
2021-08-31 13:03:47,123 [pool-55-thread-1] INFO  storage.RaftStorageDirectory (RaftStorageDirectoryImpl.java:analyzeStorage(135)) - The storage directory /home/runner/work/ozone/ozone/hadoop-ozone/integration-test/target/test-dir/MiniOzoneClusterImpl-24712a27-71f7-429c-8ffb-97a1a53f740d/datanode-0/data/ratis/4fe733f3-64a3-4a2c-96ed-74e31ebc5b11 does not exist. Creating ...
2021-08-31 13:03:47,128 [pool-55-thread-1] INFO  storage.RaftStorageDirectory (RaftStorageDirectoryImpl.java:tryLock(230)) - Lock on /home/runner/work/ozone/ozone/hadoop-ozone/integration-test/target/test-dir/MiniOzoneClusterImpl-24712a27-71f7-429c-8ffb-97a1a53f740d/datanode-0/data/ratis/4fe733f3-64a3-4a2c-96ed-74e31ebc5b11/in_use.lock acquired by nodename 21644@fv-az151-142
2021-08-31 13:03:47,129 [pool-55-thread-1] INFO  storage.RaftStorage (RaftStorageImpl.java:format(89)) - Storage directory /home/runner/work/ozone/ozone/hadoop-ozone/integration-test/target/test-dir/MiniOzoneClusterImpl-24712a27-71f7-429c-8ffb-97a1a53f740d/datanode-0/data/ratis/4fe733f3-64a3-4a2c-96ed-74e31ebc5b11 has been successfully formatted.
2021-08-31 13:03:47,134 [pool-55-thread-1] INFO  ratis.ContainerStateMachine (ContainerStateMachine.java:loadSnapshot(224)) - group-74E31EBC5B11: The snapshot info is null. Setting the last applied indexto:(t:0, i:~)
2021-08-31 13:03:47,136 [pool-55-thread-1] INFO  server.RaftServerConfigKeys (ConfUtils.java:logGet(44)) - raft.server.notification.no-leader.timeout = 300000ms (custom)
2021-08-31 13:03:47,136 [pool-55-thread-1] INFO  server.RaftServerConfigKeys (ConfUtils.java:logGet(44)) - raft.server.log.use.memory = false (default)
2021-08-31 13:03:47,136 [pool-55-thread-1] INFO  server.RaftServerConfigKeys (ConfUtils.java:logGet(44)) - raft.server.log.purge.gap = 1000000 (custom)
2021-08-31 13:03:47,136 [pool-55-thread-1] INFO  server.RaftServerConfigKeys (ConfUtils.java:logGet(44)) - raft.server.log.appender.buffer.byte-limit = 33554432 (custom)
2021-08-31 13:03:47,137 [pool-55-thread-1] INFO  server.RaftServerConfigKeys (ConfUtils.java:logGet(44)) - raft.server.log.segment.size.max = 1048576 (custom)
2021-08-31 13:03:47,138 [pool-55-thread-1] INFO  server.RaftServerConfigKeys (ConfUtils.java:logGet(44)) - raft.server.log.segment.cache.num.max = 2 (custom)
2021-08-31 13:03:47,138 [pool-55-thread-1] INFO  server.RaftServerConfigKeys (ConfUtils.java:logGet(44)) - raft.server.log.segment.cache.size.max = 200MB (=209715200) (default)
2021-08-31 13:03:47,138 [pool-55-thread-1] INFO  segmented.SegmentedRaftLogWorker (SegmentedRaftLogWorker.java:<init>(182)) - new fde2103a-ce00-4253-a576-ea8232893539@group-74E31EBC5B11-SegmentedRaftLogWorker for RaftStorageImpl:Storage Directory /home/runner/work/ozone/ozone/hadoop-ozone/integration-test/target/test-dir/MiniOzoneClusterImpl-24712a27-71f7-429c-8ffb-97a1a53f740d/datanode-0/data/ratis/4fe733f3-64a3-4a2c-96ed-74e31ebc5b11
2021-08-31 13:03:47,138 [pool-55-thread-1] INFO  server.RaftServerConfigKeys (ConfUtils.java:logGet(44)) - raft.server.log.queue.byte-limit = 2147483647 (custom)
2021-08-31 13:03:47,138 [pool-55-thread-1] INFO  server.RaftServerConfigKeys (ConfUtils.java:logGet(44)) - raft.server.log.queue.element-limit = 1024 (custom)
2021-08-31 13:03:47,139 [pool-55-thread-1] INFO  server.RaftServerConfigKeys (ConfUtils.java:logGet(44)) - raft.server.log.segment.size.max = 1048576 (custom)
2021-08-31 13:03:47,139 [pool-55-thread-1] INFO  server.RaftServerConfigKeys (ConfUtils.java:logGet(44)) - raft.server.log.preallocated.size = 16384 (custom)
2021-08-31 13:03:47,139 [pool-55-thread-1] INFO  server.RaftServerConfigKeys (ConfUtils.java:logGet(44)) - raft.server.log.force.sync.num = 128 (default)
2021-08-31 13:03:47,139 [pool-55-thread-1] INFO  server.RaftServerConfigKeys (ConfUtils.java:logGet(44)) - raft.server.log.statemachine.data.sync = true (default)
2021-08-31 13:03:47,139 [pool-55-thread-1] INFO  server.RaftServerConfigKeys (ConfUtils.java:logGet(44)) - raft.server.log.statemachine.data.sync.timeout = 10s (default)
2021-08-31 13:03:47,139 [pool-55-thread-1] INFO  server.RaftServerConfigKeys (ConfUtils.java:logGet(44)) - raft.server.log.statemachine.data.sync.timeout.retry = -1 (default)
2021-08-31 13:03:47,141 [pool-55-thread-1] INFO  server.RaftServerConfigKeys (ConfUtils.java:logGet(44)) - raft.server.log.write.buffer.size = 1048576 (custom)
2021-08-31 13:03:47,142 [pool-55-thread-1] INFO  server.RaftServerConfigKeys (ConfUtils.java:logGet(44)) - raft.server.log.statemachine.data.caching.enabled = true (custom)
2021-08-31 13:03:47,142 [pool-55-thread-1] INFO  segmented.SegmentedRaftLogWorker (SegmentedRaftLogWorker.java:lambda$new$0(133)) - fde2103a-ce00-4253-a576-ea8232893539@group-74E31EBC5B11-SegmentedRaftLogWorker: flushIndex: setUnconditionally 0 -> -1
2021-08-31 13:03:47,142 [pool-55-thread-1] INFO  segmented.SegmentedRaftLogWorker (SegmentedRaftLogWorker.java:lambda$new$0(133)) - fde2103a-ce00-4253-a576-ea8232893539@group-74E31EBC5B11-SegmentedRaftLogWorker: safeCacheEvictIndex: setUnconditionally 0 -> -1
2021-08-31 13:03:47,143 [pool-55-thread-1] INFO  server.RaftServerConfigKeys (ConfUtils.java:logGet(44)) - raft.server.snapshot.auto.trigger.enabled = true (custom)
2021-08-31 13:03:47,143 [pool-55-thread-1] INFO  server.RaftServerConfigKeys (ConfUtils.java:logGet(44)) - raft.server.snapshot.auto.trigger.threshold = 10000 (custom)
2021-08-31 13:03:47,143 [pool-55-thread-1] INFO  server.RaftServerConfigKeys (ConfUtils.java:logGet(44)) - raft.server.snapshot.retention.file.num = 5 (custom)
2021-08-31 13:03:47,143 [pool-55-thread-1] INFO  server.RaftServerConfigKeys (ConfUtils.java:logGet(44)) - raft.server.log.purge.upto.snapshot.index = false (default)
2021-08-31 13:03:47,143 [pool-55-thread-1] INFO  server.RaftServerConfigKeys (ConfUtils.java:logGet(44)) - raft.server.retrycache.expirytime = 600000ms (custom)
2021-08-31 13:03:47,143 [pool-55-thread-1] INFO  server.RaftServerConfigKeys (ConfUtils.java:logGet(44)) - raft.server.retrycache.statistics.expirytime = 100μs (default)
2021-08-31 13:03:47,146 [pool-55-thread-1] INFO  server.RaftServer$Division (RaftServerImpl.java:start(296)) - fde2103a-ce00-4253-a576-ea8232893539@group-74E31EBC5B11: start as a follower, conf=-1: [fde2103a-ce00-4253-a576-ea8232893539|rpc:10.1.0.6:43381|priority:1], old=null
2021-08-31 13:03:47,146 [pool-55-thread-1] INFO  server.RaftServer$Division (RaftServerImpl.java:setRole(285)) - fde2103a-ce00-4253-a576-ea8232893539@group-74E31EBC5B11: changes role from      null to FOLLOWER at term 0 for startAsFollower
2021-08-31 13:03:47,146 [pool-55-thread-1] INFO  impl.RoleInfo (RoleInfo.java:updateAndGet(130)) - fde2103a-ce00-4253-a576-ea8232893539: start fde2103a-ce00-4253-a576-ea8232893539@group-74E31EBC5B11-FollowerState
2021-08-31 13:03:47,153 [pool-55-thread-1] INFO  util.JmxRegister (JmxRegister.java:tryRegister(44)) - Successfully registered JMX Bean with object name Ratis:service=RaftServer,group=group-74E31EBC5B11,id=fde2103a-ce00-4253-a576-ea8232893539
2021-08-31 13:03:47,166 [Command processor thread] INFO  ratis.XceiverServerRatis (XceiverServerRatis.java:addGroup(763)) - Created group PipelineID=4fe733f3-64a3-4a2c-96ed-74e31ebc5b11
2021-08-31 13:03:47,168 [Command processor thread] INFO  commandhandler.CreatePipelineCommandHandler (CreatePipelineCommandHandler.java:handle(106)) - Created Pipeline RATIS ONE PipelineID=4fe733f3-64a3-4a2c-96ed-74e31ebc5b11.
2021-08-31 13:03:47,168 [Command processor thread] INFO  server.RaftServer (RaftServerProxy.java:addNew(95)) - fde2103a-ce00-4253-a576-ea8232893539: addNew group-862D64EF6F50:[940b181a-f656-490c-a8b1-afc5b8b121dc|rpc:10.1.0.6:41423|priority:1, 41b49504-2605-44a7-8135-9defd08b62b0|rpc:10.1.0.6:41505|priority:0, fde2103a-ce00-4253-a576-ea8232893539|rpc:10.1.0.6:43381|priority:0] returns group-862D64EF6F50:java.util.concurrent.CompletableFuture@1df9541f[Not completed]
2021-08-31 13:03:47,169 [pool-55-thread-1] INFO  server.RaftServer$Division (RaftServerImpl.java:<init>(181)) - fde2103a-ce00-4253-a576-ea8232893539: new RaftServerImpl for group-862D64EF6F50:[940b181a-f656-490c-a8b1-afc5b8b121dc|rpc:10.1.0.6:41423|priority:1, 41b49504-2605-44a7-8135-9defd08b62b0|rpc:10.1.0.6:41505|priority:0, fde2103a-ce00-4253-a576-ea8232893539|rpc:10.1.0.6:43381|priority:0] with ContainerStateMachine:uninitialized
2021-08-31 13:03:47,170 [EventQueue-PipelineReportForPipelineReportHandler] INFO  pipeline.PipelineManagerImpl (PipelineManagerImpl.java:openPipeline(282)) - Pipeline Pipeline[ Id: 4fe733f3-64a3-4a2c-96ed-74e31ebc5b11, Nodes: fde2103a-ce00-4253-a576-ea8232893539{ip: 10.1.0.6, host: fv-az151-142, ports: [REPLICATION=36451, RATIS=43381, RATIS_ADMIN=43381, RATIS_SERVER=43381, STANDALONE=36577], networkLocation: /default-rack, certSerialId: null, persistedOpState: IN_SERVICE, persistedOpStateExpiryEpochSec: 0}, ReplicationConfig: RATIS/ONE, State:ALLOCATED, leaderId:fde2103a-ce00-4253-a576-ea8232893539, CreationTimestamp2021-08-31T13:03:44.138Z[Etc/UTC]] moved to OPEN state
2021-08-31 13:03:47,176 [pool-55-thread-1] INFO  server.RaftServerConfigKeys (ConfUtils.java:logGet(44)) - raft.server.rpc.timeout.min = 5s (custom)
2021-08-31 13:03:47,178 [pool-55-thread-1] INFO  server.RaftServerConfigKeys (ConfUtils.java:logGet(44)) - raft.server.rpc.timeout.max = 5200ms (custom)
2021-08-31 13:03:47,178 [pool-55-thread-1] INFO  server.RaftServerConfigKeys (ConfUtils.java:logGet(44)) - raft.server.rpc.sleep.time = 25ms (default)
2021-08-31 13:03:47,178 [pool-55-thread-1] INFO  server.RaftServerConfigKeys (ConfUtils.java:logGet(44)) - raft.server.rpc.slowness.timeout = 300000ms (custom)
2021-08-31 13:03:47,178 [pool-55-thread-1] INFO  server.RaftServerConfigKeys (ConfUtils.java:logGet(44)) - raft.server.leaderelection.leader.step-down.wait-time = 10s (default)
2021-08-31 13:03:47,178 [pool-55-thread-1] INFO  server.RaftServerConfigKeys (ConfUtils.java:logGet(44)) - raft.server.sleep.deviation.threshold = 300ms (default)
2021-08-31 13:03:47,179 [pool-55-thread-1] INFO  server.RaftServerConfigKeys (ConfUtils.java:logGet(44)) - raft.server.log.appender.install.snapshot.enabled = false (custom)
2021-08-31 13:03:47,184 [pool-55-thread-1] INFO  server.RaftServer$Division (ServerState.java:<init>(105)) - fde2103a-ce00-4253-a576-ea8232893539@group-862D64EF6F50: ConfigurationManager, init=-1: [940b181a-f656-490c-a8b1-afc5b8b121dc|rpc:10.1.0.6:41423|priority:1, 41b49504-2605-44a7-8135-9defd08b62b0|rpc:10.1.0.6:41505|priority:0, fde2103a-ce00-4253-a576-ea8232893539|rpc:10.1.0.6:43381|priority:0], old=null, confs=<EMPTY_MAP>
2021-08-31 13:03:47,184 [pool-55-thread-1] INFO  server.RaftServerConfigKeys (ConfUtils.java:logGet(44)) - raft.server.storage.dir = [/home/runner/work/ozone/ozone/hadoop-ozone/integration-test/target/test-dir/MiniOzoneClusterImpl-24712a27-71f7-429c-8ffb-97a1a53f740d/datanode-0/data/ratis] (custom)
2021-08-31 13:03:47,184 [pool-55-thread-1] INFO  server.RaftServerConfigKeys (ConfUtils.java:logGet(44)) - raft.server.log.corruption.policy = EXCEPTION (default)
2021-08-31 13:03:47,184 [pool-55-thread-1] INFO  server.RaftServerConfigKeys (ConfUtils.java:logGet(44)) - raft.server.storage.free-space.min = 0MB (=0) (default)
2021-08-31 13:03:47,185 [pool-55-thread-1] INFO  storage.RaftStorageDirectory (RaftStorageDirectoryImpl.java:analyzeStorage(135)) - The storage directory /home/runner/work/ozone/ozone/hadoop-ozone/integration-test/target/test-dir/MiniOzoneClusterImpl-24712a27-71f7-429c-8ffb-97a1a53f740d/datanode-0/data/ratis/bcca9cef-7c19-4c59-bfaa-862d64ef6f50 does not exist. Creating ...
2021-08-31 13:03:47,185 [EventQueue-OpenPipelineForHealthyPipelineSafeModeRule] INFO  safemode.SCMSafeModeManager (HealthyPipelineSafeModeRule.java:process(124)) - SCM in safe mode. Healthy pipelines reported count is 0, required healthy pipeline reported count is 1
2021-08-31 13:03:47,186 [pool-55-thread-1] INFO  storage.RaftStorageDirectory (RaftStorageDirectoryImpl.java:tryLock(230)) - Lock on /home/runner/work/ozone/ozone/hadoop-ozone/integration-test/target/test-dir/MiniOzoneClusterImpl-24712a27-71f7-429c-8ffb-97a1a53f740d/datanode-0/data/ratis/bcca9cef-7c19-4c59-bfaa-862d64ef6f50/in_use.lock acquired by nodename 21644@fv-az151-142
2021-08-31 13:03:47,189 [pool-55-thread-1] INFO  storage.RaftStorage (RaftStorageImpl.java:format(89)) - Storage directory /home/runner/work/ozone/ozone/hadoop-ozone/integration-test/target/test-dir/MiniOzoneClusterImpl-24712a27-71f7-429c-8ffb-97a1a53f740d/datanode-0/data/ratis/bcca9cef-7c19-4c59-bfaa-862d64ef6f50 has been successfully formatted.
2021-08-31 13:03:47,190 [pool-55-thread-1] INFO  ratis.ContainerStateMachine (ContainerStateMachine.java:loadSnapshot(224)) - group-862D64EF6F50: The snapshot info is null. Setting the last applied indexto:(t:0, i:~)
2021-08-31 13:03:47,190 [pool-55-thread-1] INFO  server.RaftServerConfigKeys (ConfUtils.java:logGet(44)) - raft.server.notification.no-leader.timeout = 300000ms (custom)
2021-08-31 13:03:47,190 [pool-55-thread-1] INFO  server.RaftServerConfigKeys (ConfUtils.java:logGet(44)) - raft.server.log.use.memory = false (default)
2021-08-31 13:03:47,190 [pool-55-thread-1] INFO  server.RaftServerConfigKeys (ConfUtils.java:logGet(44)) - raft.server.log.purge.gap = 1000000 (custom)
2021-08-31 13:03:47,190 [pool-55-thread-1] INFO  server.RaftServerConfigKeys (ConfUtils.java:logGet(44)) - raft.server.log.appender.buffer.byte-limit = 33554432 (custom)
2021-08-31 13:03:47,191 [pool-55-thread-1] INFO  server.RaftServerConfigKeys (ConfUtils.java:logGet(44)) - raft.server.log.segment.size.max = 1048576 (custom)
2021-08-31 13:03:47,191 [pool-55-thread-1] INFO  server.RaftServerConfigKeys (ConfUtils.java:logGet(44)) - raft.server.log.segment.cache.num.max = 2 (custom)
2021-08-31 13:03:47,192 [pool-55-thread-1] INFO  server.RaftServerConfigKeys (ConfUtils.java:logGet(44)) - raft.server.log.segment.cache.size.max = 200MB (=209715200) (default)
2021-08-31 13:03:47,193 [pool-55-thread-1] INFO  segmented.SegmentedRaftLogWorker (SegmentedRaftLogWorker.java:<init>(182)) - new fde2103a-ce00-4253-a576-ea8232893539@group-862D64EF6F50-SegmentedRaftLogWorker for RaftStorageImpl:Storage Directory /home/runner/work/ozone/ozone/hadoop-ozone/integration-test/target/test-dir/MiniOzoneClusterImpl-24712a27-71f7-429c-8ffb-97a1a53f740d/datanode-0/data/ratis/bcca9cef-7c19-4c59-bfaa-862d64ef6f50
2021-08-31 13:03:47,193 [pool-55-thread-1] INFO  server.RaftServerConfigKeys (ConfUtils.java:logGet(44)) - raft.server.log.queue.byte-limit = 2147483647 (custom)
2021-08-31 13:03:47,193 [pool-55-thread-1] INFO  server.RaftServerConfigKeys (ConfUtils.java:logGet(44)) - raft.server.log.queue.element-limit = 1024 (custom)
2021-08-31 13:03:47,193 [pool-55-thread-1] INFO  server.RaftServerConfigKeys (ConfUtils.java:logGet(44)) - raft.server.log.segment.size.max = 1048576 (custom)
2021-08-31 13:03:47,193 [pool-55-thread-1] INFO  server.RaftServerConfigKeys (ConfUtils.java:logGet(44)) - raft.server.log.preallocated.size = 16384 (custom)
2021-08-31 13:03:47,193 [pool-55-thread-1] INFO  server.RaftServerConfigKeys (ConfUtils.java:logGet(44)) - raft.server.log.force.sync.num = 128 (default)
2021-08-31 13:03:47,193 [pool-55-thread-1] INFO  server.RaftServerConfigKeys (ConfUtils.java:logGet(44)) - raft.server.log.statemachine.data.sync = true (default)
2021-08-31 13:03:47,193 [pool-55-thread-1] INFO  server.RaftServerConfigKeys (ConfUtils.java:logGet(44)) - raft.server.log.statemachine.data.sync.timeout = 10s (default)
2021-08-31 13:03:47,193 [pool-55-thread-1] INFO  server.RaftServerConfigKeys (ConfUtils.java:logGet(44)) - raft.server.log.statemachine.data.sync.timeout.retry = -1 (default)
2021-08-31 13:03:47,194 [EventQueue-OpenPipelineForHealthyPipelineSafeModeRule] INFO  safemode.SCMSafeModeManager (HealthyPipelineSafeModeRule.java:process(124)) - SCM in safe mode. Healthy pipelines reported count is 0, required healthy pipeline reported count is 1
2021-08-31 13:03:47,195 [pool-55-thread-1] INFO  server.RaftServerConfigKeys (ConfUtils.java:logGet(44)) - raft.server.log.write.buffer.size = 1048576 (custom)
2021-08-31 13:03:47,199 [pool-55-thread-1] INFO  server.RaftServerConfigKeys (ConfUtils.java:logGet(44)) - raft.server.log.statemachine.data.caching.enabled = true (custom)
2021-08-31 13:03:47,199 [pool-55-thread-1] INFO  segmented.SegmentedRaftLogWorker (SegmentedRaftLogWorker.java:lambda$new$0(133)) - fde2103a-ce00-4253-a576-ea8232893539@group-862D64EF6F50-SegmentedRaftLogWorker: flushIndex: setUnconditionally 0 -> -1
2021-08-31 13:03:47,200 [pool-55-thread-1] INFO  segmented.SegmentedRaftLogWorker (SegmentedRaftLogWorker.java:lambda$new$0(133)) - fde2103a-ce00-4253-a576-ea8232893539@group-862D64EF6F50-SegmentedRaftLogWorker: safeCacheEvictIndex: setUnconditionally 0 -> -1
2021-08-31 13:03:47,200 [pool-55-thread-1] INFO  server.RaftServerConfigKeys (ConfUtils.java:logGet(44)) - raft.server.snapshot.auto.trigger.enabled = true (custom)
2021-08-31 13:03:47,200 [pool-55-thread-1] INFO  server.RaftServerConfigKeys (ConfUtils.java:logGet(44)) - raft.server.snapshot.auto.trigger.threshold = 10000 (custom)
2021-08-31 13:03:47,200 [pool-55-thread-1] INFO  server.RaftServerConfigKeys (ConfUtils.java:logGet(44)) - raft.server.snapshot.retention.file.num = 5 (custom)
2021-08-31 13:03:47,200 [pool-55-thread-1] INFO  server.RaftServerConfigKeys (ConfUtils.java:logGet(44)) - raft.server.log.purge.upto.snapshot.index = false (default)
2021-08-31 13:03:47,200 [pool-55-thread-1] INFO  server.RaftServerConfigKeys (ConfUtils.java:logGet(44)) - raft.server.retrycache.expirytime = 600000ms (custom)
2021-08-31 13:03:47,200 [pool-55-thread-1] INFO  server.RaftServerConfigKeys (ConfUtils.java:logGet(44)) - raft.server.retrycache.statistics.expirytime = 100μs (default)
2021-08-31 13:03:47,204 [pool-55-thread-1] INFO  server.RaftServer$Division (RaftServerImpl.java:start(296)) - fde2103a-ce00-4253-a576-ea8232893539@group-862D64EF6F50: start as a follower, conf=-1: [940b181a-f656-490c-a8b1-afc5b8b121dc|rpc:10.1.0.6:41423|priority:1, 41b49504-2605-44a7-8135-9defd08b62b0|rpc:10.1.0.6:41505|priority:0, fde2103a-ce00-4253-a576-ea8232893539|rpc:10.1.0.6:43381|priority:0], old=null
2021-08-31 13:03:47,204 [pool-55-thread-1] INFO  server.RaftServer$Division (RaftServerImpl.java:setRole(285)) - fde2103a-ce00-4253-a576-ea8232893539@group-862D64EF6F50: changes role from      null to FOLLOWER at term 0 for startAsFollower
2021-08-31 13:03:47,204 [pool-55-thread-1] INFO  impl.RoleInfo (RoleInfo.java:updateAndGet(130)) - fde2103a-ce00-4253-a576-ea8232893539: start fde2103a-ce00-4253-a576-ea8232893539@group-862D64EF6F50-FollowerState
2021-08-31 13:03:47,205 [pool-55-thread-1] INFO  util.JmxRegister (JmxRegister.java:tryRegister(44)) - Successfully registered JMX Bean with object name Ratis:service=RaftServer,group=group-862D64EF6F50,id=fde2103a-ce00-4253-a576-ea8232893539
2021-08-31 13:03:47,206 [Command processor thread] INFO  ratis.XceiverServerRatis (XceiverServerRatis.java:addGroup(763)) - Created group PipelineID=bcca9cef-7c19-4c59-bfaa-862d64ef6f50
2021-08-31 13:03:47,395 [Command processor thread] INFO  server.RaftServer (RaftServerProxy.java:addNew(95)) - 940b181a-f656-490c-a8b1-afc5b8b121dc: addNew group-792F18FA7A8A:[940b181a-f656-490c-a8b1-afc5b8b121dc|rpc:10.1.0.6:41423|priority:1] returns group-792F18FA7A8A:java.util.concurrent.CompletableFuture@6cc29426[Not completed]
2021-08-31 13:03:47,397 [pool-74-thread-1] INFO  server.RaftServer$Division (RaftServerImpl.java:<init>(181)) - 940b181a-f656-490c-a8b1-afc5b8b121dc: new RaftServerImpl for group-792F18FA7A8A:[940b181a-f656-490c-a8b1-afc5b8b121dc|rpc:10.1.0.6:41423|priority:1] with ContainerStateMachine:uninitialized
2021-08-31 13:03:47,404 [pool-74-thread-1] INFO  server.RaftServerConfigKeys (ConfUtils.java:logGet(44)) - raft.server.rpc.timeout.min = 5s (custom)
2021-08-31 13:03:47,405 [pool-74-thread-1] INFO  server.RaftServerConfigKeys (ConfUtils.java:logGet(44)) - raft.server.rpc.timeout.max = 5200ms (custom)
2021-08-31 13:03:47,405 [pool-74-thread-1] INFO  server.RaftServerConfigKeys (ConfUtils.java:logGet(44)) - raft.server.rpc.sleep.time = 25ms (default)
2021-08-31 13:03:47,405 [pool-74-thread-1] INFO  server.RaftServerConfigKeys (ConfUtils.java:logGet(44)) - raft.server.rpc.slowness.timeout = 300000ms (custom)
2021-08-31 13:03:47,406 [pool-74-thread-1] INFO  server.RaftServerConfigKeys (ConfUtils.java:logGet(44)) - raft.server.leaderelection.leader.step-down.wait-time = 10s (default)
2021-08-31 13:03:47,406 [pool-74-thread-1] INFO  server.RaftServerConfigKeys (ConfUtils.java:logGet(44)) - raft.server.sleep.deviation.threshold = 300ms (default)
2021-08-31 13:03:47,406 [pool-74-thread-1] INFO  server.RaftServerConfigKeys (ConfUtils.java:logGet(44)) - raft.server.log.appender.install.snapshot.enabled = false (custom)
2021-08-31 13:03:47,406 [pool-74-thread-1] INFO  server.RaftServer$Division (ServerState.java:<init>(105)) - 940b181a-f656-490c-a8b1-afc5b8b121dc@group-792F18FA7A8A: ConfigurationManager, init=-1: [940b181a-f656-490c-a8b1-afc5b8b121dc|rpc:10.1.0.6:41423|priority:1], old=null, confs=<EMPTY_MAP>
2021-08-31 13:03:47,408 [pool-74-thread-1] INFO  server.RaftServerConfigKeys (ConfUtils.java:logGet(44)) - raft.server.storage.dir = [/home/runner/work/ozone/ozone/hadoop-ozone/integration-test/target/test-dir/MiniOzoneClusterImpl-24712a27-71f7-429c-8ffb-97a1a53f740d/datanode-1/data/ratis] (custom)
2021-08-31 13:03:47,410 [pool-74-thread-1] INFO  server.RaftServerConfigKeys (ConfUtils.java:logGet(44)) - raft.server.log.corruption.policy = EXCEPTION (default)
2021-08-31 13:03:47,410 [pool-74-thread-1] INFO  server.RaftServerConfigKeys (ConfUtils.java:logGet(44)) - raft.server.storage.free-space.min = 0MB (=0) (default)
2021-08-31 13:03:47,410 [pool-74-thread-1] INFO  storage.RaftStorageDirectory (RaftStorageDirectoryImpl.java:analyzeStorage(135)) - The storage directory /home/runner/work/ozone/ozone/hadoop-ozone/integration-test/target/test-dir/MiniOzoneClusterImpl-24712a27-71f7-429c-8ffb-97a1a53f740d/datanode-1/data/ratis/768da958-5b75-44d3-9687-792f18fa7a8a does not exist. Creating ...
2021-08-31 13:03:47,411 [pool-74-thread-1] INFO  storage.RaftStorageDirectory (RaftStorageDirectoryImpl.java:tryLock(230)) - Lock on /home/runner/work/ozone/ozone/hadoop-ozone/integration-test/target/test-dir/MiniOzoneClusterImpl-24712a27-71f7-429c-8ffb-97a1a53f740d/datanode-1/data/ratis/768da958-5b75-44d3-9687-792f18fa7a8a/in_use.lock acquired by nodename 21644@fv-az151-142
2021-08-31 13:03:47,413 [pool-74-thread-1] INFO  storage.RaftStorage (RaftStorageImpl.java:format(89)) - Storage directory /home/runner/work/ozone/ozone/hadoop-ozone/integration-test/target/test-dir/MiniOzoneClusterImpl-24712a27-71f7-429c-8ffb-97a1a53f740d/datanode-1/data/ratis/768da958-5b75-44d3-9687-792f18fa7a8a has been successfully formatted.
2021-08-31 13:03:47,417 [EventQueue-PipelineReportForPipelineReportHandler] INFO  pipeline.PipelineManagerImpl (PipelineManagerImpl.java:openPipeline(282)) - Pipeline Pipeline[ Id: 768da958-5b75-44d3-9687-792f18fa7a8a, Nodes: 940b181a-f656-490c-a8b1-afc5b8b121dc{ip: 10.1.0.6, host: fv-az151-142, ports: [REPLICATION=43363, RATIS=41423, RATIS_ADMIN=41423, RATIS_SERVER=41423, STANDALONE=45469], networkLocation: /default-rack, certSerialId: null, persistedOpState: IN_SERVICE, persistedOpStateExpiryEpochSec: 0}, ReplicationConfig: RATIS/ONE, State:ALLOCATED, leaderId:940b181a-f656-490c-a8b1-afc5b8b121dc, CreationTimestamp2021-08-31T13:03:44.395Z[Etc/UTC]] moved to OPEN state
2021-08-31 13:03:47,418 [EventQueue-OpenPipelineForHealthyPipelineSafeModeRule] INFO  safemode.SCMSafeModeManager (HealthyPipelineSafeModeRule.java:process(124)) - SCM in safe mode. Healthy pipelines reported count is 0, required healthy pipeline reported count is 1
2021-08-31 13:03:47,416 [pool-74-thread-1] INFO  ratis.ContainerStateMachine (ContainerStateMachine.java:loadSnapshot(224)) - group-792F18FA7A8A: The snapshot info is null. Setting the last applied indexto:(t:0, i:~)
2021-08-31 13:03:47,427 [pool-74-thread-1] INFO  server.RaftServerConfigKeys (ConfUtils.java:logGet(44)) - raft.server.notification.no-leader.timeout = 300000ms (custom)
2021-08-31 13:03:47,427 [pool-74-thread-1] INFO  server.RaftServerConfigKeys (ConfUtils.java:logGet(44)) - raft.server.log.use.memory = false (default)
2021-08-31 13:03:47,427 [pool-74-thread-1] INFO  server.RaftServerConfigKeys (ConfUtils.java:logGet(44)) - raft.server.log.purge.gap = 1000000 (custom)
2021-08-31 13:03:47,427 [pool-74-thread-1] INFO  server.RaftServerConfigKeys (ConfUtils.java:logGet(44)) - raft.server.log.appender.buffer.byte-limit = 33554432 (custom)
2021-08-31 13:03:47,428 [pool-74-thread-1] INFO  server.RaftServerConfigKeys (ConfUtils.java:logGet(44)) - raft.server.log.segment.size.max = 1048576 (custom)
2021-08-31 13:03:47,429 [pool-74-thread-1] INFO  server.RaftServerConfigKeys (ConfUtils.java:logGet(44)) - raft.server.log.segment.cache.num.max = 2 (custom)
2021-08-31 13:03:47,429 [pool-74-thread-1] INFO  server.RaftServerConfigKeys (ConfUtils.java:logGet(44)) - raft.server.log.segment.cache.size.max = 200MB (=209715200) (default)
2021-08-31 13:03:47,429 [pool-74-thread-1] INFO  segmented.SegmentedRaftLogWorker (SegmentedRaftLogWorker.java:<init>(182)) - new 940b181a-f656-490c-a8b1-afc5b8b121dc@group-792F18FA7A8A-SegmentedRaftLogWorker for RaftStorageImpl:Storage Directory /home/runner/work/ozone/ozone/hadoop-ozone/integration-test/target/test-dir/MiniOzoneClusterImpl-24712a27-71f7-429c-8ffb-97a1a53f740d/datanode-1/data/ratis/768da958-5b75-44d3-9687-792f18fa7a8a
2021-08-31 13:03:47,429 [pool-74-thread-1] INFO  server.RaftServerConfigKeys (ConfUtils.java:logGet(44)) - raft.server.log.queue.byte-limit = 2147483647 (custom)
2021-08-31 13:03:47,429 [pool-74-thread-1] INFO  server.RaftServerConfigKeys (ConfUtils.java:logGet(44)) - raft.server.log.queue.element-limit = 1024 (custom)
2021-08-31 13:03:47,429 [pool-74-thread-1] INFO  server.RaftServerConfigKeys (ConfUtils.java:logGet(44)) - raft.server.log.segment.size.max = 1048576 (custom)
2021-08-31 13:03:47,429 [pool-74-thread-1] INFO  server.RaftServerConfigKeys (ConfUtils.java:logGet(44)) - raft.server.log.preallocated.size = 16384 (custom)
2021-08-31 13:03:47,429 [pool-74-thread-1] INFO  server.RaftServerConfigKeys (ConfUtils.java:logGet(44)) - raft.server.log.force.sync.num = 128 (default)
2021-08-31 13:03:47,429 [pool-74-thread-1] INFO  server.RaftServerConfigKeys (ConfUtils.java:logGet(44)) - raft.server.log.statemachine.data.sync = true (default)
2021-08-31 13:03:47,429 [pool-74-thread-1] INFO  server.RaftServerConfigKeys (ConfUtils.java:logGet(44)) - raft.server.log.statemachine.data.sync.timeout = 10s (default)
2021-08-31 13:03:47,429 [pool-74-thread-1] INFO  server.RaftServerConfigKeys (ConfUtils.java:logGet(44)) - raft.server.log.statemachine.data.sync.timeout.retry = -1 (default)
2021-08-31 13:03:47,431 [pool-74-thread-1] INFO  server.RaftServerConfigKeys (ConfUtils.java:logGet(44)) - raft.server.log.write.buffer.size = 1048576 (custom)
2021-08-31 13:03:47,431 [pool-74-thread-1] INFO  server.RaftServerConfigKeys (ConfUtils.java:logGet(44)) - raft.server.log.statemachine.data.caching.enabled = true (custom)
2021-08-31 13:03:47,432 [pool-74-thread-1] INFO  segmented.SegmentedRaftLogWorker (SegmentedRaftLogWorker.java:lambda$new$0(133)) - 940b181a-f656-490c-a8b1-afc5b8b121dc@group-792F18FA7A8A-SegmentedRaftLogWorker: flushIndex: setUnconditionally 0 -> -1
2021-08-31 13:03:47,432 [pool-74-thread-1] INFO  segmented.SegmentedRaftLogWorker (SegmentedRaftLogWorker.java:lambda$new$0(133)) - 940b181a-f656-490c-a8b1-afc5b8b121dc@group-792F18FA7A8A-SegmentedRaftLogWorker: safeCacheEvictIndex: setUnconditionally 0 -> -1
2021-08-31 13:03:47,435 [pool-74-thread-1] INFO  server.RaftServerConfigKeys (ConfUtils.java:logGet(44)) - raft.server.snapshot.auto.trigger.enabled = true (custom)
2021-08-31 13:03:47,435 [pool-74-thread-1] INFO  server.RaftServerConfigKeys (ConfUtils.java:logGet(44)) - raft.server.snapshot.auto.trigger.threshold = 10000 (custom)
2021-08-31 13:03:47,436 [pool-74-thread-1] INFO  server.RaftServerConfigKeys (ConfUtils.java:logGet(44)) - raft.server.snapshot.retention.file.num = 5 (custom)
2021-08-31 13:03:47,436 [pool-74-thread-1] INFO  server.RaftServerConfigKeys (ConfUtils.java:logGet(44)) - raft.server.log.purge.upto.snapshot.index = false (default)
2021-08-31 13:03:47,436 [pool-74-thread-1] INFO  server.RaftServerConfigKeys (ConfUtils.java:logGet(44)) - raft.server.retrycache.expirytime = 600000ms (custom)
2021-08-31 13:03:47,436 [pool-74-thread-1] INFO  server.RaftServerConfigKeys (ConfUtils.java:logGet(44)) - raft.server.retrycache.statistics.expirytime = 100μs (default)
2021-08-31 13:03:47,438 [pool-74-thread-1] INFO  server.RaftServer$Division (RaftServerImpl.java:start(296)) - 940b181a-f656-490c-a8b1-afc5b8b121dc@group-792F18FA7A8A: start as a follower, conf=-1: [940b181a-f656-490c-a8b1-afc5b8b121dc|rpc:10.1.0.6:41423|priority:1], old=null
2021-08-31 13:03:47,438 [pool-74-thread-1] INFO  server.RaftServer$Division (RaftServerImpl.java:setRole(285)) - 940b181a-f656-490c-a8b1-afc5b8b121dc@group-792F18FA7A8A: changes role from      null to FOLLOWER at term 0 for startAsFollower
2021-08-31 13:03:47,438 [pool-74-thread-1] INFO  impl.RoleInfo (RoleInfo.java:updateAndGet(130)) - 940b181a-f656-490c-a8b1-afc5b8b121dc: start 940b181a-f656-490c-a8b1-afc5b8b121dc@group-792F18FA7A8A-FollowerState
2021-08-31 13:03:47,441 [pool-74-thread-1] INFO  util.JmxRegister (JmxRegister.java:tryRegister(44)) - Successfully registered JMX Bean with object name Ratis:service=RaftServer,group=group-792F18FA7A8A,id=940b181a-f656-490c-a8b1-afc5b8b121dc
2021-08-31 13:03:47,442 [Command processor thread] INFO  ratis.XceiverServerRatis (XceiverServerRatis.java:addGroup(763)) - Created group PipelineID=768da958-5b75-44d3-9687-792f18fa7a8a
2021-08-31 13:03:47,442 [Command processor thread] INFO  commandhandler.CreatePipelineCommandHandler (CreatePipelineCommandHandler.java:handle(106)) - Created Pipeline RATIS ONE PipelineID=768da958-5b75-44d3-9687-792f18fa7a8a.
2021-08-31 13:03:47,446 [Command processor thread] INFO  server.RaftServer (RaftServerProxy.java:addNew(95)) - 940b181a-f656-490c-a8b1-afc5b8b121dc: addNew group-862D64EF6F50:[940b181a-f656-490c-a8b1-afc5b8b121dc|rpc:10.1.0.6:41423|priority:1, 41b49504-2605-44a7-8135-9defd08b62b0|rpc:10.1.0.6:41505|priority:0, fde2103a-ce00-4253-a576-ea8232893539|rpc:10.1.0.6:43381|priority:0] returns group-862D64EF6F50:java.util.concurrent.CompletableFuture@68fd1d66[Not completed]
2021-08-31 13:03:47,448 [pool-74-thread-1] INFO  server.RaftServer$Division (RaftServerImpl.java:<init>(181)) - 940b181a-f656-490c-a8b1-afc5b8b121dc: new RaftServerImpl for group-862D64EF6F50:[940b181a-f656-490c-a8b1-afc5b8b121dc|rpc:10.1.0.6:41423|priority:1, 41b49504-2605-44a7-8135-9defd08b62b0|rpc:10.1.0.6:41505|priority:0, fde2103a-ce00-4253-a576-ea8232893539|rpc:10.1.0.6:43381|priority:0] with ContainerStateMachine:uninitialized
2021-08-31 13:03:47,448 [pool-74-thread-1] INFO  server.RaftServerConfigKeys (ConfUtils.java:logGet(44)) - raft.server.rpc.timeout.min = 5s (custom)
2021-08-31 13:03:47,448 [pool-74-thread-1] INFO  server.RaftServerConfigKeys (ConfUtils.java:logGet(44)) - raft.server.rpc.timeout.max = 5200ms (custom)
2021-08-31 13:03:47,448 [pool-74-thread-1] INFO  server.RaftServerConfigKeys (ConfUtils.java:logGet(44)) - raft.server.rpc.sleep.time = 25ms (default)
2021-08-31 13:03:47,448 [pool-74-thread-1] INFO  server.RaftServerConfigKeys (ConfUtils.java:logGet(44)) - raft.server.rpc.slowness.timeout = 300000ms (custom)
2021-08-31 13:03:47,448 [pool-74-thread-1] INFO  server.RaftServerConfigKeys (ConfUtils.java:logGet(44)) - raft.server.leaderelection.leader.step-down.wait-time = 10s (default)
2021-08-31 13:03:47,448 [pool-74-thread-1] INFO  server.RaftServerConfigKeys (ConfUtils.java:logGet(44)) - raft.server.sleep.deviation.threshold = 300ms (default)
2021-08-31 13:03:47,448 [pool-74-thread-1] INFO  server.RaftServerConfigKeys (ConfUtils.java:logGet(44)) - raft.server.log.appender.install.snapshot.enabled = false (custom)
2021-08-31 13:03:47,448 [pool-74-thread-1] INFO  server.RaftServer$Division (ServerState.java:<init>(105)) - 940b181a-f656-490c-a8b1-afc5b8b121dc@group-862D64EF6F50: ConfigurationManager, init=-1: [940b181a-f656-490c-a8b1-afc5b8b121dc|rpc:10.1.0.6:41423|priority:1, 41b49504-2605-44a7-8135-9defd08b62b0|rpc:10.1.0.6:41505|priority:0, fde2103a-ce00-4253-a576-ea8232893539|rpc:10.1.0.6:43381|priority:0], old=null, confs=<EMPTY_MAP>
2021-08-31 13:03:47,448 [pool-74-thread-1] INFO  server.RaftServerConfigKeys (ConfUtils.java:logGet(44)) - raft.server.storage.dir = [/home/runner/work/ozone/ozone/hadoop-ozone/integration-test/target/test-dir/MiniOzoneClusterImpl-24712a27-71f7-429c-8ffb-97a1a53f740d/datanode-1/data/ratis] (custom)
2021-08-31 13:03:47,449 [pool-74-thread-1] INFO  server.RaftServerConfigKeys (ConfUtils.java:logGet(44)) - raft.server.log.corruption.policy = EXCEPTION (default)
2021-08-31 13:03:47,449 [pool-74-thread-1] INFO  server.RaftServerConfigKeys (ConfUtils.java:logGet(44)) - raft.server.storage.free-space.min = 0MB (=0) (default)
2021-08-31 13:03:47,449 [pool-74-thread-1] INFO  storage.RaftStorageDirectory (RaftStorageDirectoryImpl.java:analyzeStorage(135)) - The storage directory /home/runner/work/ozone/ozone/hadoop-ozone/integration-test/target/test-dir/MiniOzoneClusterImpl-24712a27-71f7-429c-8ffb-97a1a53f740d/datanode-1/data/ratis/bcca9cef-7c19-4c59-bfaa-862d64ef6f50 does not exist. Creating ...
2021-08-31 13:03:47,450 [pool-74-thread-1] INFO  storage.RaftStorageDirectory (RaftStorageDirectoryImpl.java:tryLock(230)) - Lock on /home/runner/work/ozone/ozone/hadoop-ozone/integration-test/target/test-dir/MiniOzoneClusterImpl-24712a27-71f7-429c-8ffb-97a1a53f740d/datanode-1/data/ratis/bcca9cef-7c19-4c59-bfaa-862d64ef6f50/in_use.lock acquired by nodename 21644@fv-az151-142
2021-08-31 13:03:47,451 [pool-74-thread-1] INFO  storage.RaftStorage (RaftStorageImpl.java:format(89)) - Storage directory /home/runner/work/ozone/ozone/hadoop-ozone/integration-test/target/test-dir/MiniOzoneClusterImpl-24712a27-71f7-429c-8ffb-97a1a53f740d/datanode-1/data/ratis/bcca9cef-7c19-4c59-bfaa-862d64ef6f50 has been successfully formatted.
2021-08-31 13:03:47,452 [pool-74-thread-1] INFO  ratis.ContainerStateMachine (ContainerStateMachine.java:loadSnapshot(224)) - group-862D64EF6F50: The snapshot info is null. Setting the last applied indexto:(t:0, i:~)
2021-08-31 13:03:47,452 [pool-74-thread-1] INFO  server.RaftServerConfigKeys (ConfUtils.java:logGet(44)) - raft.server.notification.no-leader.timeout = 300000ms (custom)
2021-08-31 13:03:47,452 [pool-74-thread-1] INFO  server.RaftServerConfigKeys (ConfUtils.java:logGet(44)) - raft.server.log.use.memory = false (default)
2021-08-31 13:03:47,452 [pool-74-thread-1] INFO  server.RaftServerConfigKeys (ConfUtils.java:logGet(44)) - raft.server.log.purge.gap = 1000000 (custom)
2021-08-31 13:03:47,452 [pool-74-thread-1] INFO  server.RaftServerConfigKeys (ConfUtils.java:logGet(44)) - raft.server.log.appender.buffer.byte-limit = 33554432 (custom)
2021-08-31 13:03:47,452 [pool-74-thread-1] INFO  server.RaftServerConfigKeys (ConfUtils.java:logGet(44)) - raft.server.log.segment.size.max = 1048576 (custom)
2021-08-31 13:03:47,453 [Datanode State Machine Thread - 0] WARN  statemachine.StateContext (StateContext.java:execute(621)) - No available thread in pool for past 1 seconds.
2021-08-31 13:03:47,455 [pool-74-thread-1] INFO  server.RaftServerConfigKeys (ConfUtils.java:logGet(44)) - raft.server.log.segment.cache.num.max = 2 (custom)
2021-08-31 13:03:47,455 [pool-74-thread-1] INFO  server.RaftServerConfigKeys (ConfUtils.java:logGet(44)) - raft.server.log.segment.cache.size.max = 200MB (=209715200) (default)
2021-08-31 13:03:47,455 [pool-74-thread-1] INFO  segmented.SegmentedRaftLogWorker (SegmentedRaftLogWorker.java:<init>(182)) - new 940b181a-f656-490c-a8b1-afc5b8b121dc@group-862D64EF6F50-SegmentedRaftLogWorker for RaftStorageImpl:Storage Directory /home/runner/work/ozone/ozone/hadoop-ozone/integration-test/target/test-dir/MiniOzoneClusterImpl-24712a27-71f7-429c-8ffb-97a1a53f740d/datanode-1/data/ratis/bcca9cef-7c19-4c59-bfaa-862d64ef6f50
2021-08-31 13:03:47,455 [pool-74-thread-1] INFO  server.RaftServerConfigKeys (ConfUtils.java:logGet(44)) - raft.server.log.queue.byte-limit = 2147483647 (custom)
2021-08-31 13:03:47,455 [pool-74-thread-1] INFO  server.RaftServerConfigKeys (ConfUtils.java:logGet(44)) - raft.server.log.queue.element-limit = 1024 (custom)
2021-08-31 13:03:47,455 [pool-74-thread-1] INFO  server.RaftServerConfigKeys (ConfUtils.java:logGet(44)) - raft.server.log.segment.size.max = 1048576 (custom)
2021-08-31 13:03:47,457 [EventQueue-OpenPipelineForHealthyPipelineSafeModeRule] INFO  safemode.SCMSafeModeManager (HealthyPipelineSafeModeRule.java:process(124)) - SCM in safe mode. Healthy pipelines reported count is 0, required healthy pipeline reported count is 1
2021-08-31 13:03:47,457 [pool-74-thread-1] INFO  server.RaftServerConfigKeys (ConfUtils.java:logGet(44)) - raft.server.log.preallocated.size = 16384 (custom)
2021-08-31 13:03:47,458 [pool-74-thread-1] INFO  server.RaftServerConfigKeys (ConfUtils.java:logGet(44)) - raft.server.log.force.sync.num = 128 (default)
2021-08-31 13:03:47,458 [pool-74-thread-1] INFO  server.RaftServerConfigKeys (ConfUtils.java:logGet(44)) - raft.server.log.statemachine.data.sync = true (default)
2021-08-31 13:03:47,458 [pool-74-thread-1] INFO  server.RaftServerConfigKeys (ConfUtils.java:logGet(44)) - raft.server.log.statemachine.data.sync.timeout = 10s (default)
2021-08-31 13:03:47,458 [pool-74-thread-1] INFO  server.RaftServerConfigKeys (ConfUtils.java:logGet(44)) - raft.server.log.statemachine.data.sync.timeout.retry = -1 (default)
2021-08-31 13:03:47,463 [pool-74-thread-1] INFO  server.RaftServerConfigKeys (ConfUtils.java:logGet(44)) - raft.server.log.write.buffer.size = 1048576 (custom)
2021-08-31 13:03:47,464 [pool-74-thread-1] INFO  server.RaftServerConfigKeys (ConfUtils.java:logGet(44)) - raft.server.log.statemachine.data.caching.enabled = true (custom)
2021-08-31 13:03:47,464 [pool-74-thread-1] INFO  segmented.SegmentedRaftLogWorker (SegmentedRaftLogWorker.java:lambda$new$0(133)) - 940b181a-f656-490c-a8b1-afc5b8b121dc@group-862D64EF6F50-SegmentedRaftLogWorker: flushIndex: setUnconditionally 0 -> -1
2021-08-31 13:03:47,464 [pool-74-thread-1] INFO  segmented.SegmentedRaftLogWorker (SegmentedRaftLogWorker.java:lambda$new$0(133)) - 940b181a-f656-490c-a8b1-afc5b8b121dc@group-862D64EF6F50-SegmentedRaftLogWorker: safeCacheEvictIndex: setUnconditionally 0 -> -1
2021-08-31 13:03:47,467 [pool-74-thread-1] INFO  server.RaftServerConfigKeys (ConfUtils.java:logGet(44)) - raft.server.snapshot.auto.trigger.enabled = true (custom)
2021-08-31 13:03:47,467 [pool-74-thread-1] INFO  server.RaftServerConfigKeys (ConfUtils.java:logGet(44)) - raft.server.snapshot.auto.trigger.threshold = 10000 (custom)
2021-08-31 13:03:47,467 [pool-74-thread-1] INFO  server.RaftServerConfigKeys (ConfUtils.java:logGet(44)) - raft.server.snapshot.retention.file.num = 5 (custom)
2021-08-31 13:03:47,467 [pool-74-thread-1] INFO  server.RaftServerConfigKeys (ConfUtils.java:logGet(44)) - raft.server.log.purge.upto.snapshot.index = false (default)
2021-08-31 13:03:47,467 [pool-74-thread-1] INFO  server.RaftServerConfigKeys (ConfUtils.java:logGet(44)) - raft.server.retrycache.expirytime = 600000ms (custom)
2021-08-31 13:03:47,467 [pool-74-thread-1] INFO  server.RaftServerConfigKeys (ConfUtils.java:logGet(44)) - raft.server.retrycache.statistics.expirytime = 100μs (default)
2021-08-31 13:03:47,469 [pool-74-thread-1] INFO  server.RaftServer$Division (RaftServerImpl.java:start(296)) - 940b181a-f656-490c-a8b1-afc5b8b121dc@group-862D64EF6F50: start as a follower, conf=-1: [940b181a-f656-490c-a8b1-afc5b8b121dc|rpc:10.1.0.6:41423|priority:1, 41b49504-2605-44a7-8135-9defd08b62b0|rpc:10.1.0.6:41505|priority:0, fde2103a-ce00-4253-a576-ea8232893539|rpc:10.1.0.6:43381|priority:0], old=null
2021-08-31 13:03:47,469 [pool-74-thread-1] INFO  server.RaftServer$Division (RaftServerImpl.java:setRole(285)) - 940b181a-f656-490c-a8b1-afc5b8b121dc@group-862D64EF6F50: changes role from      null to FOLLOWER at term 0 for startAsFollower
2021-08-31 13:03:47,469 [pool-74-thread-1] INFO  impl.RoleInfo (RoleInfo.java:updateAndGet(130)) - 940b181a-f656-490c-a8b1-afc5b8b121dc: start 940b181a-f656-490c-a8b1-afc5b8b121dc@group-862D64EF6F50-FollowerState
2021-08-31 13:03:47,483 [pool-74-thread-1] INFO  util.JmxRegister (JmxRegister.java:tryRegister(44)) - Successfully registered JMX Bean with object name Ratis:service=RaftServer,group=group-862D64EF6F50,id=940b181a-f656-490c-a8b1-afc5b8b121dc
2021-08-31 13:03:47,491 [Command processor thread] INFO  ratis.XceiverServerRatis (XceiverServerRatis.java:addGroup(763)) - Created group PipelineID=bcca9cef-7c19-4c59-bfaa-862d64ef6f50
2021-08-31 13:03:47,662 [Listener at 127.0.0.1/38495] INFO  ozone.MiniOzoneClusterImpl (MiniOzoneClusterImpl.java:lambda$waitForClusterToBeReady$0(235)) - Nodes are ready. Got 7 of 7 DN Heartbeats.
2021-08-31 13:03:47,662 [Listener at 127.0.0.1/38495] INFO  ozone.MiniOzoneClusterImpl (MiniOzoneClusterImpl.java:lambda$waitForClusterToBeReady$0(238)) - Waiting for cluster to exit safe mode
2021-08-31 13:03:47,662 [Listener at 127.0.0.1/38495] INFO  ozone.MiniOzoneClusterImpl (MiniOzoneClusterImpl.java:lambda$waitForClusterToBeReady$0(240)) - SCM became leader
2021-08-31 13:03:47,796 [grpc-default-executor-0] INFO  server.RaftServer (RaftServerProxy.java:addNew(95)) - 41b49504-2605-44a7-8135-9defd08b62b0: addNew group-862D64EF6F50:[940b181a-f656-490c-a8b1-afc5b8b121dc|rpc:10.1.0.6:41423|dataStream:|priority:1, 41b49504-2605-44a7-8135-9defd08b62b0|rpc:10.1.0.6:41505|dataStream:|priority:0, fde2103a-ce00-4253-a576-ea8232893539|rpc:10.1.0.6:43381|dataStream:|priority:0] returns group-862D64EF6F50:java.util.concurrent.CompletableFuture@2d70aaf2[Not completed]
2021-08-31 13:03:47,797 [pool-93-thread-1] INFO  server.RaftServer$Division (RaftServerImpl.java:<init>(181)) - 41b49504-2605-44a7-8135-9defd08b62b0: new RaftServerImpl for group-862D64EF6F50:[940b181a-f656-490c-a8b1-afc5b8b121dc|rpc:10.1.0.6:41423|dataStream:|priority:1, 41b49504-2605-44a7-8135-9defd08b62b0|rpc:10.1.0.6:41505|dataStream:|priority:0, fde2103a-ce00-4253-a576-ea8232893539|rpc:10.1.0.6:43381|dataStream:|priority:0] with ContainerStateMachine:uninitialized
2021-08-31 13:03:47,801 [pool-93-thread-1] INFO  server.RaftServerConfigKeys (ConfUtils.java:logGet(44)) - raft.server.rpc.timeout.min = 5s (custom)
2021-08-31 13:03:47,801 [pool-93-thread-1] INFO  server.RaftServerConfigKeys (ConfUtils.java:logGet(44)) - raft.server.rpc.timeout.max = 5200ms (custom)
2021-08-31 13:03:47,801 [pool-93-thread-1] INFO  server.RaftServerConfigKeys (ConfUtils.java:logGet(44)) - raft.server.rpc.sleep.time = 25ms (default)
2021-08-31 13:03:47,801 [pool-93-thread-1] INFO  server.RaftServerConfigKeys (ConfUtils.java:logGet(44)) - raft.server.rpc.slowness.timeout = 300000ms (custom)
2021-08-31 13:03:47,801 [pool-93-thread-1] INFO  server.RaftServerConfigKeys (ConfUtils.java:logGet(44)) - raft.server.leaderelection.leader.step-down.wait-time = 10s (default)
2021-08-31 13:03:47,801 [pool-93-thread-1] INFO  server.RaftServerConfigKeys (ConfUtils.java:logGet(44)) - raft.server.sleep.deviation.threshold = 300ms (default)
2021-08-31 13:03:47,801 [pool-93-thread-1] INFO  server.RaftServerConfigKeys (ConfUtils.java:logGet(44)) - raft.server.log.appender.install.snapshot.enabled = false (custom)
2021-08-31 13:03:47,801 [pool-93-thread-1] INFO  server.RaftServer$Division (ServerState.java:<init>(105)) - 41b49504-2605-44a7-8135-9defd08b62b0@group-862D64EF6F50: ConfigurationManager, init=-1: [940b181a-f656-490c-a8b1-afc5b8b121dc|rpc:10.1.0.6:41423|dataStream:|priority:1, 41b49504-2605-44a7-8135-9defd08b62b0|rpc:10.1.0.6:41505|dataStream:|priority:0, fde2103a-ce00-4253-a576-ea8232893539|rpc:10.1.0.6:43381|dataStream:|priority:0], old=null, confs=<EMPTY_MAP>
2021-08-31 13:03:47,802 [pool-93-thread-1] INFO  server.RaftServerConfigKeys (ConfUtils.java:logGet(44)) - raft.server.storage.dir = [/home/runner/work/ozone/ozone/hadoop-ozone/integration-test/target/test-dir/MiniOzoneClusterImpl-24712a27-71f7-429c-8ffb-97a1a53f740d/datanode-2/data/ratis] (custom)
2021-08-31 13:03:47,802 [pool-93-thread-1] INFO  server.RaftServerConfigKeys (ConfUtils.java:logGet(44)) - raft.server.log.corruption.policy = EXCEPTION (default)
2021-08-31 13:03:47,802 [pool-93-thread-1] INFO  server.RaftServerConfigKeys (ConfUtils.java:logGet(44)) - raft.server.storage.free-space.min = 0MB (=0) (default)
2021-08-31 13:03:47,803 [pool-93-thread-1] INFO  storage.RaftStorageDirectory (RaftStorageDirectoryImpl.java:analyzeStorage(135)) - The storage directory /home/runner/work/ozone/ozone/hadoop-ozone/integration-test/target/test-dir/MiniOzoneClusterImpl-24712a27-71f7-429c-8ffb-97a1a53f740d/datanode-2/data/ratis/bcca9cef-7c19-4c59-bfaa-862d64ef6f50 does not exist. Creating ...
2021-08-31 13:03:47,804 [pool-93-thread-1] INFO  storage.RaftStorageDirectory (RaftStorageDirectoryImpl.java:tryLock(230)) - Lock on /home/runner/work/ozone/ozone/hadoop-ozone/integration-test/target/test-dir/MiniOzoneClusterImpl-24712a27-71f7-429c-8ffb-97a1a53f740d/datanode-2/data/ratis/bcca9cef-7c19-4c59-bfaa-862d64ef6f50/in_use.lock acquired by nodename 21644@fv-az151-142
2021-08-31 13:03:47,805 [pool-93-thread-1] INFO  storage.RaftStorage (RaftStorageImpl.java:format(89)) - Storage directory /home/runner/work/ozone/ozone/hadoop-ozone/integration-test/target/test-dir/MiniOzoneClusterImpl-24712a27-71f7-429c-8ffb-97a1a53f740d/datanode-2/data/ratis/bcca9cef-7c19-4c59-bfaa-862d64ef6f50 has been successfully formatted.
2021-08-31 13:03:47,806 [Datanode State Machine Thread - 0] WARN  statemachine.StateContext (StateContext.java:execute(621)) - No available thread in pool for past 1 seconds.
2021-08-31 13:03:47,808 [pool-93-thread-1] INFO  ratis.ContainerStateMachine (ContainerStateMachine.java:loadSnapshot(224)) - group-862D64EF6F50: The snapshot info is null. Setting the last applied indexto:(t:0, i:~)
2021-08-31 13:03:47,809 [pool-93-thread-1] INFO  server.RaftServerConfigKeys (ConfUtils.java:logGet(44)) - raft.server.notification.no-leader.timeout = 300000ms (custom)
2021-08-31 13:03:47,810 [pool-93-thread-1] INFO  server.RaftServerConfigKeys (ConfUtils.java:logGet(44)) - raft.server.log.use.memory = false (default)
2021-08-31 13:03:47,810 [pool-93-thread-1] INFO  server.RaftServerConfigKeys (ConfUtils.java:logGet(44)) - raft.server.log.purge.gap = 1000000 (custom)
2021-08-31 13:03:47,810 [pool-93-thread-1] INFO  server.RaftServerConfigKeys (ConfUtils.java:logGet(44)) - raft.server.log.appender.buffer.byte-limit = 33554432 (custom)
2021-08-31 13:03:47,819 [pool-93-thread-1] INFO  server.RaftServerConfigKeys (ConfUtils.java:logGet(44)) - raft.server.log.segment.size.max = 1048576 (custom)
2021-08-31 13:03:47,819 [pool-93-thread-1] INFO  server.RaftServerConfigKeys (ConfUtils.java:logGet(44)) - raft.server.log.segment.cache.num.max = 2 (custom)
2021-08-31 13:03:47,820 [pool-93-thread-1] INFO  server.RaftServerConfigKeys (ConfUtils.java:logGet(44)) - raft.server.log.segment.cache.size.max = 200MB (=209715200) (default)
2021-08-31 13:03:47,820 [pool-93-thread-1] INFO  segmented.SegmentedRaftLogWorker (SegmentedRaftLogWorker.java:<init>(182)) - new 41b49504-2605-44a7-8135-9defd08b62b0@group-862D64EF6F50-SegmentedRaftLogWorker for RaftStorageImpl:Storage Directory /home/runner/work/ozone/ozone/hadoop-ozone/integration-test/target/test-dir/MiniOzoneClusterImpl-24712a27-71f7-429c-8ffb-97a1a53f740d/datanode-2/data/ratis/bcca9cef-7c19-4c59-bfaa-862d64ef6f50
2021-08-31 13:03:47,820 [pool-93-thread-1] INFO  server.RaftServerConfigKeys (ConfUtils.java:logGet(44)) - raft.server.log.queue.byte-limit = 2147483647 (custom)
2021-08-31 13:03:47,820 [pool-93-thread-1] INFO  server.RaftServerConfigKeys (ConfUtils.java:logGet(44)) - raft.server.log.queue.element-limit = 1024 (custom)
2021-08-31 13:03:47,820 [pool-93-thread-1] INFO  server.RaftServerConfigKeys (ConfUtils.java:logGet(44)) - raft.server.log.segment.size.max = 1048576 (custom)
2021-08-31 13:03:47,820 [pool-93-thread-1] INFO  server.RaftServerConfigKeys (ConfUtils.java:logGet(44)) - raft.server.log.preallocated.size = 16384 (custom)
2021-08-31 13:03:47,820 [pool-93-thread-1] INFO  server.RaftServerConfigKeys (ConfUtils.java:logGet(44)) - raft.server.log.force.sync.num = 128 (default)
2021-08-31 13:03:47,820 [pool-93-thread-1] INFO  server.RaftServerConfigKeys (ConfUtils.java:logGet(44)) - raft.server.log.statemachine.data.sync = true (default)
2021-08-31 13:03:47,820 [pool-93-thread-1] INFO  server.RaftServerConfigKeys (ConfUtils.java:logGet(44)) - raft.server.log.statemachine.data.sync.timeout = 10s (default)
2021-08-31 13:03:47,820 [pool-93-thread-1] INFO  server.RaftServerConfigKeys (ConfUtils.java:logGet(44)) - raft.server.log.statemachine.data.sync.timeout.retry = -1 (default)
2021-08-31 13:03:47,821 [pool-93-thread-1] INFO  server.RaftServerConfigKeys (ConfUtils.java:logGet(44)) - raft.server.log.write.buffer.size = 1048576 (custom)
2021-08-31 13:03:47,821 [pool-93-thread-1] INFO  server.RaftServerConfigKeys (ConfUtils.java:logGet(44)) - raft.server.log.statemachine.data.caching.enabled = true (custom)
2021-08-31 13:03:47,822 [pool-93-thread-1] INFO  segmented.SegmentedRaftLogWorker (SegmentedRaftLogWorker.java:lambda$new$0(133)) - 41b49504-2605-44a7-8135-9defd08b62b0@group-862D64EF6F50-SegmentedRaftLogWorker: flushIndex: setUnconditionally 0 -> -1
2021-08-31 13:03:47,822 [pool-93-thread-1] INFO  segmented.SegmentedRaftLogWorker (SegmentedRaftLogWorker.java:lambda$new$0(133)) - 41b49504-2605-44a7-8135-9defd08b62b0@group-862D64EF6F50-SegmentedRaftLogWorker: safeCacheEvictIndex: setUnconditionally 0 -> -1
2021-08-31 13:03:47,831 [pool-93-thread-1] INFO  server.RaftServerConfigKeys (ConfUtils.java:logGet(44)) - raft.server.snapshot.auto.trigger.enabled = true (custom)
2021-08-31 13:03:47,831 [pool-93-thread-1] INFO  server.RaftServerConfigKeys (ConfUtils.java:logGet(44)) - raft.server.snapshot.auto.trigger.threshold = 10000 (custom)
2021-08-31 13:03:47,831 [pool-93-thread-1] INFO  server.RaftServerConfigKeys (ConfUtils.java:logGet(44)) - raft.server.snapshot.retention.file.num = 5 (custom)
2021-08-31 13:03:47,831 [pool-93-thread-1] INFO  server.RaftServerConfigKeys (ConfUtils.java:logGet(44)) - raft.server.log.purge.upto.snapshot.index = false (default)
2021-08-31 13:03:47,831 [pool-93-thread-1] INFO  server.RaftServerConfigKeys (ConfUtils.java:logGet(44)) - raft.server.retrycache.expirytime = 600000ms (custom)
2021-08-31 13:03:47,831 [pool-93-thread-1] INFO  server.RaftServerConfigKeys (ConfUtils.java:logGet(44)) - raft.server.retrycache.statistics.expirytime = 100μs (default)
2021-08-31 13:03:47,833 [pool-93-thread-1] INFO  server.RaftServer$Division (RaftServerImpl.java:start(296)) - 41b49504-2605-44a7-8135-9defd08b62b0@group-862D64EF6F50: start as a follower, conf=-1: [940b181a-f656-490c-a8b1-afc5b8b121dc|rpc:10.1.0.6:41423|dataStream:|priority:1, 41b49504-2605-44a7-8135-9defd08b62b0|rpc:10.1.0.6:41505|dataStream:|priority:0, fde2103a-ce00-4253-a576-ea8232893539|rpc:10.1.0.6:43381|dataStream:|priority:0], old=null
2021-08-31 13:03:47,833 [pool-93-thread-1] INFO  server.RaftServer$Division (RaftServerImpl.java:setRole(285)) - 41b49504-2605-44a7-8135-9defd08b62b0@group-862D64EF6F50: changes role from      null to FOLLOWER at term 0 for startAsFollower
2021-08-31 13:03:47,833 [pool-93-thread-1] INFO  impl.RoleInfo (RoleInfo.java:updateAndGet(130)) - 41b49504-2605-44a7-8135-9defd08b62b0: start 41b49504-2605-44a7-8135-9defd08b62b0@group-862D64EF6F50-FollowerState
2021-08-31 13:03:47,847 [pool-93-thread-1] INFO  util.JmxRegister (JmxRegister.java:tryRegister(44)) - Successfully registered JMX Bean with object name Ratis:service=RaftServer,group=group-862D64EF6F50,id=41b49504-2605-44a7-8135-9defd08b62b0
2021-08-31 13:03:47,863 [Command processor thread] INFO  server.RaftServer (RaftServerProxy.java:addNew(95)) - 41b49504-2605-44a7-8135-9defd08b62b0: addNew group-A01F34CD1956:[41b49504-2605-44a7-8135-9defd08b62b0|rpc:10.1.0.6:41505|priority:1] returns group-A01F34CD1956:java.util.concurrent.CompletableFuture@3bf171d8[Not completed]
2021-08-31 13:03:47,864 [pool-93-thread-1] INFO  server.RaftServer$Division (RaftServerImpl.java:<init>(181)) - 41b49504-2605-44a7-8135-9defd08b62b0: new RaftServerImpl for group-A01F34CD1956:[41b49504-2605-44a7-8135-9defd08b62b0|rpc:10.1.0.6:41505|priority:1] with ContainerStateMachine:uninitialized
2021-08-31 13:03:47,864 [pool-93-thread-1] INFO  server.RaftServerConfigKeys (ConfUtils.java:logGet(44)) - raft.server.rpc.timeout.min = 5s (custom)
2021-08-31 13:03:47,864 [pool-93-thread-1] INFO  server.RaftServerConfigKeys (ConfUtils.java:logGet(44)) - raft.server.rpc.timeout.max = 5200ms (custom)
2021-08-31 13:03:47,864 [pool-93-thread-1] INFO  server.RaftServerConfigKeys (ConfUtils.java:logGet(44)) - raft.server.rpc.sleep.time = 25ms (default)
2021-08-31 13:03:47,864 [pool-93-thread-1] INFO  server.RaftServerConfigKeys (ConfUtils.java:logGet(44)) - raft.server.rpc.slowness.timeout = 300000ms (custom)
2021-08-31 13:03:47,865 [pool-93-thread-1] INFO  server.RaftServerConfigKeys (ConfUtils.java:logGet(44)) - raft.server.leaderelection.leader.step-down.wait-time = 10s (default)
2021-08-31 13:03:47,865 [pool-93-thread-1] INFO  server.RaftServerConfigKeys (ConfUtils.java:logGet(44)) - raft.server.sleep.deviation.threshold = 300ms (default)
2021-08-31 13:03:47,865 [pool-93-thread-1] INFO  server.RaftServerConfigKeys (ConfUtils.java:logGet(44)) - raft.server.log.appender.install.snapshot.enabled = false (custom)
2021-08-31 13:03:47,865 [pool-93-thread-1] INFO  server.RaftServer$Division (ServerState.java:<init>(105)) - 41b49504-2605-44a7-8135-9defd08b62b0@group-A01F34CD1956: ConfigurationManager, init=-1: [41b49504-2605-44a7-8135-9defd08b62b0|rpc:10.1.0.6:41505|priority:1], old=null, confs=<EMPTY_MAP>
2021-08-31 13:03:47,865 [pool-93-thread-1] INFO  server.RaftServerConfigKeys (ConfUtils.java:logGet(44)) - raft.server.storage.dir = [/home/runner/work/ozone/ozone/hadoop-ozone/integration-test/target/test-dir/MiniOzoneClusterImpl-24712a27-71f7-429c-8ffb-97a1a53f740d/datanode-2/data/ratis] (custom)
2021-08-31 13:03:47,865 [pool-93-thread-1] INFO  server.RaftServerConfigKeys (ConfUtils.java:logGet(44)) - raft.server.log.corruption.policy = EXCEPTION (default)
2021-08-31 13:03:47,865 [pool-93-thread-1] INFO  server.RaftServerConfigKeys (ConfUtils.java:logGet(44)) - raft.server.storage.free-space.min = 0MB (=0) (default)
2021-08-31 13:03:47,865 [pool-93-thread-1] INFO  storage.RaftStorageDirectory (RaftStorageDirectoryImpl.java:analyzeStorage(135)) - The storage directory /home/runner/work/ozone/ozone/hadoop-ozone/integration-test/target/test-dir/MiniOzoneClusterImpl-24712a27-71f7-429c-8ffb-97a1a53f740d/datanode-2/data/ratis/6bf4df38-77f8-4bb7-8929-a01f34cd1956 does not exist. Creating ...
2021-08-31 13:03:47,866 [pool-93-thread-1] INFO  storage.RaftStorageDirectory (RaftStorageDirectoryImpl.java:tryLock(230)) - Lock on /home/runner/work/ozone/ozone/hadoop-ozone/integration-test/target/test-dir/MiniOzoneClusterImpl-24712a27-71f7-429c-8ffb-97a1a53f740d/datanode-2/data/ratis/6bf4df38-77f8-4bb7-8929-a01f34cd1956/in_use.lock acquired by nodename 21644@fv-az151-142
2021-08-31 13:03:47,867 [pool-93-thread-1] INFO  storage.RaftStorage (RaftStorageImpl.java:format(89)) - Storage directory /home/runner/work/ozone/ozone/hadoop-ozone/integration-test/target/test-dir/MiniOzoneClusterImpl-24712a27-71f7-429c-8ffb-97a1a53f740d/datanode-2/data/ratis/6bf4df38-77f8-4bb7-8929-a01f34cd1956 has been successfully formatted.
2021-08-31 13:03:47,873 [pool-93-thread-1] INFO  ratis.ContainerStateMachine (ContainerStateMachine.java:loadSnapshot(224)) - group-A01F34CD1956: The snapshot info is null. Setting the last applied indexto:(t:0, i:~)
2021-08-31 13:03:47,874 [pool-93-thread-1] INFO  server.RaftServerConfigKeys (ConfUtils.java:logGet(44)) - raft.server.notification.no-leader.timeout = 300000ms (custom)
2021-08-31 13:03:47,874 [pool-93-thread-1] INFO  server.RaftServerConfigKeys (ConfUtils.java:logGet(44)) - raft.server.log.use.memory = false (default)
2021-08-31 13:03:47,874 [pool-93-thread-1] INFO  server.RaftServerConfigKeys (ConfUtils.java:logGet(44)) - raft.server.log.purge.gap = 1000000 (custom)
2021-08-31 13:03:47,874 [pool-93-thread-1] INFO  server.RaftServerConfigKeys (ConfUtils.java:logGet(44)) - raft.server.log.appender.buffer.byte-limit = 33554432 (custom)
2021-08-31 13:03:47,874 [pool-93-thread-1] INFO  server.RaftServerConfigKeys (ConfUtils.java:logGet(44)) - raft.server.log.segment.size.max = 1048576 (custom)
2021-08-31 13:03:47,874 [pool-93-thread-1] INFO  server.RaftServerConfigKeys (ConfUtils.java:logGet(44)) - raft.server.log.segment.cache.num.max = 2 (custom)
2021-08-31 13:03:47,874 [pool-93-thread-1] INFO  server.RaftServerConfigKeys (ConfUtils.java:logGet(44)) - raft.server.log.segment.cache.size.max = 200MB (=209715200) (default)
2021-08-31 13:03:47,875 [pool-93-thread-1] INFO  segmented.SegmentedRaftLogWorker (SegmentedRaftLogWorker.java:<init>(182)) - new 41b49504-2605-44a7-8135-9defd08b62b0@group-A01F34CD1956-SegmentedRaftLogWorker for RaftStorageImpl:Storage Directory /home/runner/work/ozone/ozone/hadoop-ozone/integration-test/target/test-dir/MiniOzoneClusterImpl-24712a27-71f7-429c-8ffb-97a1a53f740d/datanode-2/data/ratis/6bf4df38-77f8-4bb7-8929-a01f34cd1956
2021-08-31 13:03:47,875 [pool-93-thread-1] INFO  server.RaftServerConfigKeys (ConfUtils.java:logGet(44)) - raft.server.log.queue.byte-limit = 2147483647 (custom)
2021-08-31 13:03:47,875 [pool-93-thread-1] INFO  server.RaftServerConfigKeys (ConfUtils.java:logGet(44)) - raft.server.log.queue.element-limit = 1024 (custom)
2021-08-31 13:03:47,875 [Datanode State Machine Thread - 0] WARN  statemachine.StateContext (StateContext.java:execute(621)) - No available thread in pool for past 1 seconds.
2021-08-31 13:03:47,876 [pool-93-thread-1] INFO  server.RaftServerConfigKeys (ConfUtils.java:logGet(44)) - raft.server.log.segment.size.max = 1048576 (custom)
2021-08-31 13:03:47,885 [pool-93-thread-1] INFO  server.RaftServerConfigKeys (ConfUtils.java:logGet(44)) - raft.server.log.preallocated.size = 16384 (custom)
2021-08-31 13:03:47,885 [pool-93-thread-1] INFO  server.RaftServerConfigKeys (ConfUtils.java:logGet(44)) - raft.server.log.force.sync.num = 128 (default)
2021-08-31 13:03:47,885 [pool-93-thread-1] INFO  server.RaftServerConfigKeys (ConfUtils.java:logGet(44)) - raft.server.log.statemachine.data.sync = true (default)
2021-08-31 13:03:47,885 [pool-93-thread-1] INFO  server.RaftServerConfigKeys (ConfUtils.java:logGet(44)) - raft.server.log.statemachine.data.sync.timeout = 10s (default)
2021-08-31 13:03:47,885 [pool-93-thread-1] INFO  server.RaftServerConfigKeys (ConfUtils.java:logGet(44)) - raft.server.log.statemachine.data.sync.timeout.retry = -1 (default)
2021-08-31 13:03:47,886 [pool-93-thread-1] INFO  server.RaftServerConfigKeys (ConfUtils.java:logGet(44)) - raft.server.log.write.buffer.size = 1048576 (custom)
2021-08-31 13:03:47,887 [pool-93-thread-1] INFO  server.RaftServerConfigKeys (ConfUtils.java:logGet(44)) - raft.server.log.statemachine.data.caching.enabled = true (custom)
2021-08-31 13:03:47,889 [pool-93-thread-1] INFO  segmented.SegmentedRaftLogWorker (SegmentedRaftLogWorker.java:lambda$new$0(133)) - 41b49504-2605-44a7-8135-9defd08b62b0@group-A01F34CD1956-SegmentedRaftLogWorker: flushIndex: setUnconditionally 0 -> -1
2021-08-31 13:03:47,889 [pool-93-thread-1] INFO  segmented.SegmentedRaftLogWorker (SegmentedRaftLogWorker.java:lambda$new$0(133)) - 41b49504-2605-44a7-8135-9defd08b62b0@group-A01F34CD1956-SegmentedRaftLogWorker: safeCacheEvictIndex: setUnconditionally 0 -> -1
2021-08-31 13:03:47,881 [EventQueue-PipelineReportForPipelineReportHandler] INFO  pipeline.PipelineManagerImpl (PipelineManagerImpl.java:openPipeline(282)) - Pipeline Pipeline[ Id: 6bf4df38-77f8-4bb7-8929-a01f34cd1956, Nodes: 41b49504-2605-44a7-8135-9defd08b62b0{ip: 10.1.0.6, host: fv-az151-142, ports: [REPLICATION=40545, RATIS=41505, RATIS_ADMIN=41505, RATIS_SERVER=41505, STANDALONE=40967], networkLocation: /default-rack, certSerialId: null, persistedOpState: IN_SERVICE, persistedOpStateExpiryEpochSec: 0}, ReplicationConfig: RATIS/ONE, State:ALLOCATED, leaderId:41b49504-2605-44a7-8135-9defd08b62b0, CreationTimestamp2021-08-31T13:03:44.868Z[Etc/UTC]] moved to OPEN state
2021-08-31 13:03:47,891 [EventQueue-OpenPipelineForHealthyPipelineSafeModeRule] INFO  safemode.SCMSafeModeManager (HealthyPipelineSafeModeRule.java:process(124)) - SCM in safe mode. Healthy pipelines reported count is 0, required healthy pipeline reported count is 1
2021-08-31 13:03:47,893 [pool-93-thread-1] INFO  server.RaftServerConfigKeys (ConfUtils.java:logGet(44)) - raft.server.snapshot.auto.trigger.enabled = true (custom)
2021-08-31 13:03:47,895 [pool-93-thread-1] INFO  server.RaftServerConfigKeys (ConfUtils.java:logGet(44)) - raft.server.snapshot.auto.trigger.threshold = 10000 (custom)
2021-08-31 13:03:47,895 [pool-93-thread-1] INFO  server.RaftServerConfigKeys (ConfUtils.java:logGet(44)) - raft.server.snapshot.retention.file.num = 5 (custom)
2021-08-31 13:03:47,896 [pool-93-thread-1] INFO  server.RaftServerConfigKeys (ConfUtils.java:logGet(44)) - raft.server.log.purge.upto.snapshot.index = false (default)
2021-08-31 13:03:47,896 [pool-93-thread-1] INFO  server.RaftServerConfigKeys (ConfUtils.java:logGet(44)) - raft.server.retrycache.expirytime = 600000ms (custom)
2021-08-31 13:03:47,896 [pool-93-thread-1] INFO  server.RaftServerConfigKeys (ConfUtils.java:logGet(44)) - raft.server.retrycache.statistics.expirytime = 100μs (default)
2021-08-31 13:03:47,897 [pool-93-thread-1] INFO  server.RaftServer$Division (RaftServerImpl.java:start(296)) - 41b49504-2605-44a7-8135-9defd08b62b0@group-A01F34CD1956: start as a follower, conf=-1: [41b49504-2605-44a7-8135-9defd08b62b0|rpc:10.1.0.6:41505|priority:1], old=null
2021-08-31 13:03:47,897 [pool-93-thread-1] INFO  server.RaftServer$Division (RaftServerImpl.java:setRole(285)) - 41b49504-2605-44a7-8135-9defd08b62b0@group-A01F34CD1956: changes role from      null to FOLLOWER at term 0 for startAsFollower
2021-08-31 13:03:47,897 [pool-93-thread-1] INFO  impl.RoleInfo (RoleInfo.java:updateAndGet(130)) - 41b49504-2605-44a7-8135-9defd08b62b0: start 41b49504-2605-44a7-8135-9defd08b62b0@group-A01F34CD1956-FollowerState
2021-08-31 13:03:47,897 [pool-93-thread-1] INFO  util.JmxRegister (JmxRegister.java:tryRegister(44)) - Successfully registered JMX Bean with object name Ratis:service=RaftServer,group=group-A01F34CD1956,id=41b49504-2605-44a7-8135-9defd08b62b0
2021-08-31 13:03:47,902 [Command processor thread] INFO  ratis.XceiverServerRatis (XceiverServerRatis.java:addGroup(763)) - Created group PipelineID=6bf4df38-77f8-4bb7-8929-a01f34cd1956
2021-08-31 13:03:47,902 [Command processor thread] INFO  commandhandler.CreatePipelineCommandHandler (CreatePipelineCommandHandler.java:handle(106)) - Created Pipeline RATIS ONE PipelineID=6bf4df38-77f8-4bb7-8929-a01f34cd1956.
2021-08-31 13:03:47,903 [Command processor thread] INFO  server.RaftServer (RaftServerProxy.java:addNew(95)) - 41b49504-2605-44a7-8135-9defd08b62b0: addNew group-8F175209AE26:[940b181a-f656-490c-a8b1-afc5b8b121dc|rpc:10.1.0.6:41423|priority:0, 41b49504-2605-44a7-8135-9defd08b62b0|rpc:10.1.0.6:41505|priority:1, fde2103a-ce00-4253-a576-ea8232893539|rpc:10.1.0.6:43381|priority:0] returns group-8F175209AE26:java.util.concurrent.CompletableFuture@353688d6[Not completed]
2021-08-31 13:03:47,904 [pool-93-thread-1] INFO  server.RaftServer$Division (RaftServerImpl.java:<init>(181)) - 41b49504-2605-44a7-8135-9defd08b62b0: new RaftServerImpl for group-8F175209AE26:[940b181a-f656-490c-a8b1-afc5b8b121dc|rpc:10.1.0.6:41423|priority:0, 41b49504-2605-44a7-8135-9defd08b62b0|rpc:10.1.0.6:41505|priority:1, fde2103a-ce00-4253-a576-ea8232893539|rpc:10.1.0.6:43381|priority:0] with ContainerStateMachine:uninitialized
2021-08-31 13:03:47,904 [pool-93-thread-1] INFO  server.RaftServerConfigKeys (ConfUtils.java:logGet(44)) - raft.server.rpc.timeout.min = 5s (custom)
2021-08-31 13:03:47,904 [pool-93-thread-1] INFO  server.RaftServerConfigKeys (ConfUtils.java:logGet(44)) - raft.server.rpc.timeout.max = 5200ms (custom)
2021-08-31 13:03:47,904 [pool-93-thread-1] INFO  server.RaftServerConfigKeys (ConfUtils.java:logGet(44)) - raft.server.rpc.sleep.time = 25ms (default)
2021-08-31 13:03:47,904 [pool-93-thread-1] INFO  server.RaftServerConfigKeys (ConfUtils.java:logGet(44)) - raft.server.rpc.slowness.timeout = 300000ms (custom)
2021-08-31 13:03:47,904 [pool-93-thread-1] INFO  server.RaftServerConfigKeys (ConfUtils.java:logGet(44)) - raft.server.leaderelection.leader.step-down.wait-time = 10s (default)
2021-08-31 13:03:47,904 [pool-93-thread-1] INFO  server.RaftServerConfigKeys (ConfUtils.java:logGet(44)) - raft.server.sleep.deviation.threshold = 300ms (default)
2021-08-31 13:03:47,904 [pool-93-thread-1] INFO  server.RaftServerConfigKeys (ConfUtils.java:logGet(44)) - raft.server.log.appender.install.snapshot.enabled = false (custom)
2021-08-31 13:03:47,904 [pool-93-thread-1] INFO  server.RaftServer$Division (ServerState.java:<init>(105)) - 41b49504-2605-44a7-8135-9defd08b62b0@group-8F175209AE26: ConfigurationManager, init=-1: [940b181a-f656-490c-a8b1-afc5b8b121dc|rpc:10.1.0.6:41423|priority:0, 41b49504-2605-44a7-8135-9defd08b62b0|rpc:10.1.0.6:41505|priority:1, fde2103a-ce00-4253-a576-ea8232893539|rpc:10.1.0.6:43381|priority:0], old=null, confs=<EMPTY_MAP>
2021-08-31 13:03:47,904 [pool-93-thread-1] INFO  server.RaftServerConfigKeys (ConfUtils.java:logGet(44)) - raft.server.storage.dir = [/home/runner/work/ozone/ozone/hadoop-ozone/integration-test/target/test-dir/MiniOzoneClusterImpl-24712a27-71f7-429c-8ffb-97a1a53f740d/datanode-2/data/ratis] (custom)
2021-08-31 13:03:47,904 [pool-93-thread-1] INFO  server.RaftServerConfigKeys (ConfUtils.java:logGet(44)) - raft.server.log.corruption.policy = EXCEPTION (default)
2021-08-31 13:03:47,904 [pool-93-thread-1] INFO  server.RaftServerConfigKeys (ConfUtils.java:logGet(44)) - raft.server.storage.free-space.min = 0MB (=0) (default)
2021-08-31 13:03:47,905 [pool-93-thread-1] INFO  storage.RaftStorageDirectory (RaftStorageDirectoryImpl.java:analyzeStorage(135)) - The storage directory /home/runner/work/ozone/ozone/hadoop-ozone/integration-test/target/test-dir/MiniOzoneClusterImpl-24712a27-71f7-429c-8ffb-97a1a53f740d/datanode-2/data/ratis/df4b5ad2-fca6-4234-b989-8f175209ae26 does not exist. Creating ...
2021-08-31 13:03:47,909 [pool-93-thread-1] INFO  storage.RaftStorageDirectory (RaftStorageDirectoryImpl.java:tryLock(230)) - Lock on /home/runner/work/ozone/ozone/hadoop-ozone/integration-test/target/test-dir/MiniOzoneClusterImpl-24712a27-71f7-429c-8ffb-97a1a53f740d/datanode-2/data/ratis/df4b5ad2-fca6-4234-b989-8f175209ae26/in_use.lock acquired by nodename 21644@fv-az151-142
2021-08-31 13:03:47,911 [pool-93-thread-1] INFO  storage.RaftStorage (RaftStorageImpl.java:format(89)) - Storage directory /home/runner/work/ozone/ozone/hadoop-ozone/integration-test/target/test-dir/MiniOzoneClusterImpl-24712a27-71f7-429c-8ffb-97a1a53f740d/datanode-2/data/ratis/df4b5ad2-fca6-4234-b989-8f175209ae26 has been successfully formatted.
2021-08-31 13:03:47,911 [pool-93-thread-1] INFO  ratis.ContainerStateMachine (ContainerStateMachine.java:loadSnapshot(224)) - group-8F175209AE26: The snapshot info is null. Setting the last applied indexto:(t:0, i:~)
2021-08-31 13:03:47,911 [pool-93-thread-1] INFO  server.RaftServerConfigKeys (ConfUtils.java:logGet(44)) - raft.server.notification.no-leader.timeout = 300000ms (custom)
2021-08-31 13:03:47,911 [Datanode State Machine Thread - 0] WARN  statemachine.StateContext (StateContext.java:execute(621)) - No available thread in pool for past 1 seconds.
2021-08-31 13:03:47,915 [EventQueue-OpenPipelineForHealthyPipelineSafeModeRule] INFO  safemode.SCMSafeModeManager (HealthyPipelineSafeModeRule.java:process(124)) - SCM in safe mode. Healthy pipelines reported count is 0, required healthy pipeline reported count is 1
2021-08-31 13:03:47,912 [pool-93-thread-1] INFO  server.RaftServerConfigKeys (ConfUtils.java:logGet(44)) - raft.server.log.use.memory = false (default)
2021-08-31 13:03:47,918 [pool-93-thread-1] INFO  server.RaftServerConfigKeys (ConfUtils.java:logGet(44)) - raft.server.log.purge.gap = 1000000 (custom)
2021-08-31 13:03:47,918 [pool-93-thread-1] INFO  server.RaftServerConfigKeys (ConfUtils.java:logGet(44)) - raft.server.log.appender.buffer.byte-limit = 33554432 (custom)
2021-08-31 13:03:47,918 [pool-93-thread-1] INFO  server.RaftServerConfigKeys (ConfUtils.java:logGet(44)) - raft.server.log.segment.size.max = 1048576 (custom)
2021-08-31 13:03:47,918 [pool-93-thread-1] INFO  server.RaftServerConfigKeys (ConfUtils.java:logGet(44)) - raft.server.log.segment.cache.num.max = 2 (custom)
2021-08-31 13:03:47,918 [pool-93-thread-1] INFO  server.RaftServerConfigKeys (ConfUtils.java:logGet(44)) - raft.server.log.segment.cache.size.max = 200MB (=209715200) (default)
2021-08-31 13:03:47,919 [pool-93-thread-1] INFO  segmented.SegmentedRaftLogWorker (SegmentedRaftLogWorker.java:<init>(182)) - new 41b49504-2605-44a7-8135-9defd08b62b0@group-8F175209AE26-SegmentedRaftLogWorker for RaftStorageImpl:Storage Directory /home/runner/work/ozone/ozone/hadoop-ozone/integration-test/target/test-dir/MiniOzoneClusterImpl-24712a27-71f7-429c-8ffb-97a1a53f740d/datanode-2/data/ratis/df4b5ad2-fca6-4234-b989-8f175209ae26
2021-08-31 13:03:47,919 [pool-93-thread-1] INFO  server.RaftServerConfigKeys (ConfUtils.java:logGet(44)) - raft.server.log.queue.byte-limit = 2147483647 (custom)
2021-08-31 13:03:47,919 [pool-93-thread-1] INFO  server.RaftServerConfigKeys (ConfUtils.java:logGet(44)) - raft.server.log.queue.element-limit = 1024 (custom)
2021-08-31 13:03:47,919 [pool-93-thread-1] INFO  server.RaftServerConfigKeys (ConfUtils.java:logGet(44)) - raft.server.log.segment.size.max = 1048576 (custom)
2021-08-31 13:03:47,919 [pool-93-thread-1] INFO  server.RaftServerConfigKeys (ConfUtils.java:logGet(44)) - raft.server.log.preallocated.size = 16384 (custom)
2021-08-31 13:03:47,919 [pool-93-thread-1] INFO  server.RaftServerConfigKeys (ConfUtils.java:logGet(44)) - raft.server.log.force.sync.num = 128 (default)
2021-08-31 13:03:47,920 [pool-93-thread-1] INFO  server.RaftServerConfigKeys (ConfUtils.java:logGet(44)) - raft.server.log.statemachine.data.sync = true (default)
2021-08-31 13:03:47,920 [pool-93-thread-1] INFO  server.RaftServerConfigKeys (ConfUtils.java:logGet(44)) - raft.server.log.statemachine.data.sync.timeout = 10s (default)
2021-08-31 13:03:47,920 [pool-93-thread-1] INFO  server.RaftServerConfigKeys (ConfUtils.java:logGet(44)) - raft.server.log.statemachine.data.sync.timeout.retry = -1 (default)
2021-08-31 13:03:47,925 [pool-93-thread-1] INFO  server.RaftServerConfigKeys (ConfUtils.java:logGet(44)) - raft.server.log.write.buffer.size = 1048576 (custom)
2021-08-31 13:03:47,925 [pool-93-thread-1] INFO  server.RaftServerConfigKeys (ConfUtils.java:logGet(44)) - raft.server.log.statemachine.data.caching.enabled = true (custom)
2021-08-31 13:03:47,930 [pool-93-thread-1] INFO  segmented.SegmentedRaftLogWorker (SegmentedRaftLogWorker.java:lambda$new$0(133)) - 41b49504-2605-44a7-8135-9defd08b62b0@group-8F175209AE26-SegmentedRaftLogWorker: flushIndex: setUnconditionally 0 -> -1
2021-08-31 13:03:47,932 [pool-93-thread-1] INFO  segmented.SegmentedRaftLogWorker (SegmentedRaftLogWorker.java:lambda$new$0(133)) - 41b49504-2605-44a7-8135-9defd08b62b0@group-8F175209AE26-SegmentedRaftLogWorker: safeCacheEvictIndex: setUnconditionally 0 -> -1
2021-08-31 13:03:47,933 [pool-93-thread-1] INFO  server.RaftServerConfigKeys (ConfUtils.java:logGet(44)) - raft.server.snapshot.auto.trigger.enabled = true (custom)
2021-08-31 13:03:47,936 [pool-93-thread-1] INFO  server.RaftServerConfigKeys (ConfUtils.java:logGet(44)) - raft.server.snapshot.auto.trigger.threshold = 10000 (custom)
2021-08-31 13:03:47,936 [pool-93-thread-1] INFO  server.RaftServerConfigKeys (ConfUtils.java:logGet(44)) - raft.server.snapshot.retention.file.num = 5 (custom)
2021-08-31 13:03:47,936 [pool-93-thread-1] INFO  server.RaftServerConfigKeys (ConfUtils.java:logGet(44)) - raft.server.log.purge.upto.snapshot.index = false (default)
2021-08-31 13:03:47,936 [pool-93-thread-1] INFO  server.RaftServerConfigKeys (ConfUtils.java:logGet(44)) - raft.server.retrycache.expirytime = 600000ms (custom)
2021-08-31 13:03:47,936 [pool-93-thread-1] INFO  server.RaftServerConfigKeys (ConfUtils.java:logGet(44)) - raft.server.retrycache.statistics.expirytime = 100μs (default)
2021-08-31 13:03:47,940 [pool-93-thread-1] INFO  server.RaftServer$Division (RaftServerImpl.java:start(296)) - 41b49504-2605-44a7-8135-9defd08b62b0@group-8F175209AE26: start as a follower, conf=-1: [940b181a-f656-490c-a8b1-afc5b8b121dc|rpc:10.1.0.6:41423|priority:0, 41b49504-2605-44a7-8135-9defd08b62b0|rpc:10.1.0.6:41505|priority:1, fde2103a-ce00-4253-a576-ea8232893539|rpc:10.1.0.6:43381|priority:0], old=null
2021-08-31 13:03:47,940 [pool-93-thread-1] INFO  server.RaftServer$Division (RaftServerImpl.java:setRole(285)) - 41b49504-2605-44a7-8135-9defd08b62b0@group-8F175209AE26: changes role from      null to FOLLOWER at term 0 for startAsFollower
2021-08-31 13:03:47,940 [pool-93-thread-1] INFO  impl.RoleInfo (RoleInfo.java:updateAndGet(130)) - 41b49504-2605-44a7-8135-9defd08b62b0: start 41b49504-2605-44a7-8135-9defd08b62b0@group-8F175209AE26-FollowerState
2021-08-31 13:03:47,941 [pool-93-thread-1] INFO  util.JmxRegister (JmxRegister.java:tryRegister(44)) - Successfully registered JMX Bean with object name Ratis:service=RaftServer,group=group-8F175209AE26,id=41b49504-2605-44a7-8135-9defd08b62b0
2021-08-31 13:03:47,941 [Command processor thread] INFO  ratis.XceiverServerRatis (XceiverServerRatis.java:addGroup(763)) - Created group PipelineID=df4b5ad2-fca6-4234-b989-8f175209ae26
2021-08-31 13:03:47,966 [Command processor thread] INFO  commandhandler.CreatePipelineCommandHandler (CreatePipelineCommandHandler.java:handle(106)) - Created Pipeline RATIS THREE PipelineID=bcca9cef-7c19-4c59-bfaa-862d64ef6f50.
2021-08-31 13:03:47,966 [Command processor thread] INFO  server.RaftServer (RaftServerProxy.java:addNew(95)) - fde2103a-ce00-4253-a576-ea8232893539: addNew group-8F175209AE26:[940b181a-f656-490c-a8b1-afc5b8b121dc|rpc:10.1.0.6:41423|priority:0, 41b49504-2605-44a7-8135-9defd08b62b0|rpc:10.1.0.6:41505|priority:1, fde2103a-ce00-4253-a576-ea8232893539|rpc:10.1.0.6:43381|priority:0] returns group-8F175209AE26:java.util.concurrent.CompletableFuture@1183f10d[Not completed]
2021-08-31 13:03:47,968 [pool-55-thread-1] INFO  server.RaftServer$Division (RaftServerImpl.java:<init>(181)) - fde2103a-ce00-4253-a576-ea8232893539: new RaftServerImpl for group-8F175209AE26:[940b181a-f656-490c-a8b1-afc5b8b121dc|rpc:10.1.0.6:41423|priority:0, 41b49504-2605-44a7-8135-9defd08b62b0|rpc:10.1.0.6:41505|priority:1, fde2103a-ce00-4253-a576-ea8232893539|rpc:10.1.0.6:43381|priority:0] with ContainerStateMachine:uninitialized
2021-08-31 13:03:47,968 [pool-55-thread-1] INFO  server.RaftServerConfigKeys (ConfUtils.java:logGet(44)) - raft.server.rpc.timeout.min = 5s (custom)
2021-08-31 13:03:47,968 [pool-55-thread-1] INFO  server.RaftServerConfigKeys (ConfUtils.java:logGet(44)) - raft.server.rpc.timeout.max = 5200ms (custom)
2021-08-31 13:03:47,968 [pool-55-thread-1] INFO  server.RaftServerConfigKeys (ConfUtils.java:logGet(44)) - raft.server.rpc.sleep.time = 25ms (default)
2021-08-31 13:03:47,968 [pool-55-thread-1] INFO  server.RaftServerConfigKeys (ConfUtils.java:logGet(44)) - raft.server.rpc.slowness.timeout = 300000ms (custom)
2021-08-31 13:03:47,968 [pool-55-thread-1] INFO  server.RaftServerConfigKeys (ConfUtils.java:logGet(44)) - raft.server.leaderelection.leader.step-down.wait-time = 10s (default)
2021-08-31 13:03:47,968 [pool-55-thread-1] INFO  server.RaftServerConfigKeys (ConfUtils.java:logGet(44)) - raft.server.sleep.deviation.threshold = 300ms (default)
2021-08-31 13:03:47,968 [pool-55-thread-1] INFO  server.RaftServerConfigKeys (ConfUtils.java:logGet(44)) - raft.server.log.appender.install.snapshot.enabled = false (custom)
2021-08-31 13:03:47,968 [pool-55-thread-1] INFO  server.RaftServer$Division (ServerState.java:<init>(105)) - fde2103a-ce00-4253-a576-ea8232893539@group-8F175209AE26: ConfigurationManager, init=-1: [940b181a-f656-490c-a8b1-afc5b8b121dc|rpc:10.1.0.6:41423|priority:0, 41b49504-2605-44a7-8135-9defd08b62b0|rpc:10.1.0.6:41505|priority:1, fde2103a-ce00-4253-a576-ea8232893539|rpc:10.1.0.6:43381|priority:0], old=null, confs=<EMPTY_MAP>
2021-08-31 13:03:47,968 [pool-55-thread-1] INFO  server.RaftServerConfigKeys (ConfUtils.java:logGet(44)) - raft.server.storage.dir = [/home/runner/work/ozone/ozone/hadoop-ozone/integration-test/target/test-dir/MiniOzoneClusterImpl-24712a27-71f7-429c-8ffb-97a1a53f740d/datanode-0/data/ratis] (custom)
2021-08-31 13:03:47,969 [pool-55-thread-1] INFO  server.RaftServerConfigKeys (ConfUtils.java:logGet(44)) - raft.server.log.corruption.policy = EXCEPTION (default)
2021-08-31 13:03:47,970 [pool-55-thread-1] INFO  server.RaftServerConfigKeys (ConfUtils.java:logGet(44)) - raft.server.storage.free-space.min = 0MB (=0) (default)
2021-08-31 13:03:47,970 [pool-55-thread-1] INFO  storage.RaftStorageDirectory (RaftStorageDirectoryImpl.java:analyzeStorage(135)) - The storage directory /home/runner/work/ozone/ozone/hadoop-ozone/integration-test/target/test-dir/MiniOzoneClusterImpl-24712a27-71f7-429c-8ffb-97a1a53f740d/datanode-0/data/ratis/df4b5ad2-fca6-4234-b989-8f175209ae26 does not exist. Creating ...
2021-08-31 13:03:47,971 [pool-55-thread-1] INFO  storage.RaftStorageDirectory (RaftStorageDirectoryImpl.java:tryLock(230)) - Lock on /home/runner/work/ozone/ozone/hadoop-ozone/integration-test/target/test-dir/MiniOzoneClusterImpl-24712a27-71f7-429c-8ffb-97a1a53f740d/datanode-0/data/ratis/df4b5ad2-fca6-4234-b989-8f175209ae26/in_use.lock acquired by nodename 21644@fv-az151-142
2021-08-31 13:03:47,972 [pool-55-thread-1] INFO  storage.RaftStorage (RaftStorageImpl.java:format(89)) - Storage directory /home/runner/work/ozone/ozone/hadoop-ozone/integration-test/target/test-dir/MiniOzoneClusterImpl-24712a27-71f7-429c-8ffb-97a1a53f740d/datanode-0/data/ratis/df4b5ad2-fca6-4234-b989-8f175209ae26 has been successfully formatted.
2021-08-31 13:03:47,972 [pool-55-thread-1] INFO  ratis.ContainerStateMachine (ContainerStateMachine.java:loadSnapshot(224)) - group-8F175209AE26: The snapshot info is null. Setting the last applied indexto:(t:0, i:~)
2021-08-31 13:03:47,972 [pool-55-thread-1] INFO  server.RaftServerConfigKeys (ConfUtils.java:logGet(44)) - raft.server.notification.no-leader.timeout = 300000ms (custom)
2021-08-31 13:03:47,972 [pool-55-thread-1] INFO  server.RaftServerConfigKeys (ConfUtils.java:logGet(44)) - raft.server.log.use.memory = false (default)
2021-08-31 13:03:47,972 [pool-55-thread-1] INFO  server.RaftServerConfigKeys (ConfUtils.java:logGet(44)) - raft.server.log.purge.gap = 1000000 (custom)
2021-08-31 13:03:47,973 [pool-55-thread-1] INFO  server.RaftServerConfigKeys (ConfUtils.java:logGet(44)) - raft.server.log.appender.buffer.byte-limit = 33554432 (custom)
2021-08-31 13:03:47,973 [pool-55-thread-1] INFO  server.RaftServerConfigKeys (ConfUtils.java:logGet(44)) - raft.server.log.segment.size.max = 1048576 (custom)
2021-08-31 13:03:47,973 [pool-55-thread-1] INFO  server.RaftServerConfigKeys (ConfUtils.java:logGet(44)) - raft.server.log.segment.cache.num.max = 2 (custom)
2021-08-31 13:03:47,973 [pool-55-thread-1] INFO  server.RaftServerConfigKeys (ConfUtils.java:logGet(44)) - raft.server.log.segment.cache.size.max = 200MB (=209715200) (default)
2021-08-31 13:03:47,973 [pool-55-thread-1] INFO  segmented.SegmentedRaftLogWorker (SegmentedRaftLogWorker.java:<init>(182)) - new fde2103a-ce00-4253-a576-ea8232893539@group-8F175209AE26-SegmentedRaftLogWorker for RaftStorageImpl:Storage Directory /home/runner/work/ozone/ozone/hadoop-ozone/integration-test/target/test-dir/MiniOzoneClusterImpl-24712a27-71f7-429c-8ffb-97a1a53f740d/datanode-0/data/ratis/df4b5ad2-fca6-4234-b989-8f175209ae26
2021-08-31 13:03:47,973 [pool-55-thread-1] INFO  server.RaftServerConfigKeys (ConfUtils.java:logGet(44)) - raft.server.log.queue.byte-limit = 2147483647 (custom)
2021-08-31 13:03:47,973 [pool-55-thread-1] INFO  server.RaftServerConfigKeys (ConfUtils.java:logGet(44)) - raft.server.log.queue.element-limit = 1024 (custom)
2021-08-31 13:03:47,973 [pool-55-thread-1] INFO  server.RaftServerConfigKeys (ConfUtils.java:logGet(44)) - raft.server.log.segment.size.max = 1048576 (custom)
2021-08-31 13:03:47,973 [pool-55-thread-1] INFO  server.RaftServerConfigKeys (ConfUtils.java:logGet(44)) - raft.server.log.preallocated.size = 16384 (custom)
2021-08-31 13:03:47,975 [pool-55-thread-1] INFO  server.RaftServerConfigKeys (ConfUtils.java:logGet(44)) - raft.server.log.force.sync.num = 128 (default)
2021-08-31 13:03:47,975 [pool-55-thread-1] INFO  server.RaftServerConfigKeys (ConfUtils.java:logGet(44)) - raft.server.log.statemachine.data.sync = true (default)
2021-08-31 13:03:47,975 [pool-55-thread-1] INFO  server.RaftServerConfigKeys (ConfUtils.java:logGet(44)) - raft.server.log.statemachine.data.sync.timeout = 10s (default)
2021-08-31 13:03:47,975 [pool-55-thread-1] INFO  server.RaftServerConfigKeys (ConfUtils.java:logGet(44)) - raft.server.log.statemachine.data.sync.timeout.retry = -1 (default)
2021-08-31 13:03:47,976 [pool-55-thread-1] INFO  server.RaftServerConfigKeys (ConfUtils.java:logGet(44)) - raft.server.log.write.buffer.size = 1048576 (custom)
2021-08-31 13:03:47,977 [pool-55-thread-1] INFO  server.RaftServerConfigKeys (ConfUtils.java:logGet(44)) - raft.server.log.statemachine.data.caching.enabled = true (custom)
2021-08-31 13:03:47,977 [pool-55-thread-1] INFO  segmented.SegmentedRaftLogWorker (SegmentedRaftLogWorker.java:lambda$new$0(133)) - fde2103a-ce00-4253-a576-ea8232893539@group-8F175209AE26-SegmentedRaftLogWorker: flushIndex: setUnconditionally 0 -> -1
2021-08-31 13:03:47,977 [pool-55-thread-1] INFO  segmented.SegmentedRaftLogWorker (SegmentedRaftLogWorker.java:lambda$new$0(133)) - fde2103a-ce00-4253-a576-ea8232893539@group-8F175209AE26-SegmentedRaftLogWorker: safeCacheEvictIndex: setUnconditionally 0 -> -1
2021-08-31 13:03:47,974 [Datanode State Machine Thread - 0] WARN  statemachine.StateContext (StateContext.java:execute(621)) - No available thread in pool for past 1 seconds.
2021-08-31 13:03:47,991 [pool-55-thread-1] INFO  server.RaftServerConfigKeys (ConfUtils.java:logGet(44)) - raft.server.snapshot.auto.trigger.enabled = true (custom)
2021-08-31 13:03:47,992 [pool-55-thread-1] INFO  server.RaftServerConfigKeys (ConfUtils.java:logGet(44)) - raft.server.snapshot.auto.trigger.threshold = 10000 (custom)
2021-08-31 13:03:47,992 [pool-55-thread-1] INFO  server.RaftServerConfigKeys (ConfUtils.java:logGet(44)) - raft.server.snapshot.retention.file.num = 5 (custom)
2021-08-31 13:03:47,992 [pool-55-thread-1] INFO  server.RaftServerConfigKeys (ConfUtils.java:logGet(44)) - raft.server.log.purge.upto.snapshot.index = false (default)
2021-08-31 13:03:47,992 [pool-55-thread-1] INFO  server.RaftServerConfigKeys (ConfUtils.java:logGet(44)) - raft.server.retrycache.expirytime = 600000ms (custom)
2021-08-31 13:03:47,992 [pool-55-thread-1] INFO  server.RaftServerConfigKeys (ConfUtils.java:logGet(44)) - raft.server.retrycache.statistics.expirytime = 100μs (default)
2021-08-31 13:03:47,993 [EventQueue-OpenPipelineForHealthyPipelineSafeModeRule] INFO  safemode.SCMSafeModeManager (HealthyPipelineSafeModeRule.java:process(124)) - SCM in safe mode. Healthy pipelines reported count is 0, required healthy pipeline reported count is 1
2021-08-31 13:03:47,994 [pool-55-thread-1] INFO  server.RaftServer$Division (RaftServerImpl.java:start(296)) - fde2103a-ce00-4253-a576-ea8232893539@group-8F175209AE26: start as a follower, conf=-1: [940b181a-f656-490c-a8b1-afc5b8b121dc|rpc:10.1.0.6:41423|priority:0, 41b49504-2605-44a7-8135-9defd08b62b0|rpc:10.1.0.6:41505|priority:1, fde2103a-ce00-4253-a576-ea8232893539|rpc:10.1.0.6:43381|priority:0], old=null
2021-08-31 13:03:47,994 [pool-55-thread-1] INFO  server.RaftServer$Division (RaftServerImpl.java:setRole(285)) - fde2103a-ce00-4253-a576-ea8232893539@group-8F175209AE26: changes role from      null to FOLLOWER at term 0 for startAsFollower
2021-08-31 13:03:47,995 [pool-55-thread-1] INFO  impl.RoleInfo (RoleInfo.java:updateAndGet(130)) - fde2103a-ce00-4253-a576-ea8232893539: start fde2103a-ce00-4253-a576-ea8232893539@group-8F175209AE26-FollowerState
2021-08-31 13:03:48,000 [pool-55-thread-1] INFO  util.JmxRegister (JmxRegister.java:tryRegister(44)) - Successfully registered JMX Bean with object name Ratis:service=RaftServer,group=group-8F175209AE26,id=fde2103a-ce00-4253-a576-ea8232893539
2021-08-31 13:03:48,002 [Command processor thread] INFO  ratis.XceiverServerRatis (XceiverServerRatis.java:addGroup(763)) - Created group PipelineID=df4b5ad2-fca6-4234-b989-8f175209ae26
2021-08-31 13:03:48,009 [grpc-default-executor-1] INFO  server.RaftServer (RaftServerProxy.java:addNew(95)) - 940b181a-f656-490c-a8b1-afc5b8b121dc: addNew group-8F175209AE26:[940b181a-f656-490c-a8b1-afc5b8b121dc|rpc:10.1.0.6:41423|dataStream:|priority:0, 41b49504-2605-44a7-8135-9defd08b62b0|rpc:10.1.0.6:41505|dataStream:|priority:1, fde2103a-ce00-4253-a576-ea8232893539|rpc:10.1.0.6:43381|dataStream:|priority:0] returns group-8F175209AE26:java.util.concurrent.CompletableFuture@7026888c[Not completed]
2021-08-31 13:03:48,010 [pool-74-thread-1] INFO  server.RaftServer$Division (RaftServerImpl.java:<init>(181)) - 940b181a-f656-490c-a8b1-afc5b8b121dc: new RaftServerImpl for group-8F175209AE26:[940b181a-f656-490c-a8b1-afc5b8b121dc|rpc:10.1.0.6:41423|dataStream:|priority:0, 41b49504-2605-44a7-8135-9defd08b62b0|rpc:10.1.0.6:41505|dataStream:|priority:1, fde2103a-ce00-4253-a576-ea8232893539|rpc:10.1.0.6:43381|dataStream:|priority:0] with ContainerStateMachine:uninitialized
2021-08-31 13:03:48,010 [pool-74-thread-1] INFO  server.RaftServerConfigKeys (ConfUtils.java:logGet(44)) - raft.server.rpc.timeout.min = 5s (custom)
2021-08-31 13:03:48,010 [pool-74-thread-1] INFO  server.RaftServerConfigKeys (ConfUtils.java:logGet(44)) - raft.server.rpc.timeout.max = 5200ms (custom)
2021-08-31 13:03:48,010 [pool-74-thread-1] INFO  server.RaftServerConfigKeys (ConfUtils.java:logGet(44)) - raft.server.rpc.sleep.time = 25ms (default)
2021-08-31 13:03:48,010 [pool-74-thread-1] INFO  server.RaftServerConfigKeys (ConfUtils.java:logGet(44)) - raft.server.rpc.slowness.timeout = 300000ms (custom)
2021-08-31 13:03:48,011 [pool-74-thread-1] INFO  server.RaftServerConfigKeys (ConfUtils.java:logGet(44)) - raft.server.leaderelection.leader.step-down.wait-time = 10s (default)
2021-08-31 13:03:48,011 [pool-74-thread-1] INFO  server.RaftServerConfigKeys (ConfUtils.java:logGet(44)) - raft.server.sleep.deviation.threshold = 300ms (default)
2021-08-31 13:03:48,011 [pool-74-thread-1] INFO  server.RaftServerConfigKeys (ConfUtils.java:logGet(44)) - raft.server.log.appender.install.snapshot.enabled = false (custom)
2021-08-31 13:03:48,011 [pool-74-thread-1] INFO  server.RaftServer$Division (ServerState.java:<init>(105)) - 940b181a-f656-490c-a8b1-afc5b8b121dc@group-8F175209AE26: ConfigurationManager, init=-1: [940b181a-f656-490c-a8b1-afc5b8b121dc|rpc:10.1.0.6:41423|dataStream:|priority:0, 41b49504-2605-44a7-8135-9defd08b62b0|rpc:10.1.0.6:41505|dataStream:|priority:1, fde2103a-ce00-4253-a576-ea8232893539|rpc:10.1.0.6:43381|dataStream:|priority:0], old=null, confs=<EMPTY_MAP>
2021-08-31 13:03:48,011 [pool-74-thread-1] INFO  server.RaftServerConfigKeys (ConfUtils.java:logGet(44)) - raft.server.storage.dir = [/home/runner/work/ozone/ozone/hadoop-ozone/integration-test/target/test-dir/MiniOzoneClusterImpl-24712a27-71f7-429c-8ffb-97a1a53f740d/datanode-1/data/ratis] (custom)
2021-08-31 13:03:48,011 [pool-74-thread-1] INFO  server.RaftServerConfigKeys (ConfUtils.java:logGet(44)) - raft.server.log.corruption.policy = EXCEPTION (default)
2021-08-31 13:03:48,011 [pool-74-thread-1] INFO  server.RaftServerConfigKeys (ConfUtils.java:logGet(44)) - raft.server.storage.free-space.min = 0MB (=0) (default)
2021-08-31 13:03:48,011 [pool-74-thread-1] INFO  storage.RaftStorageDirectory (RaftStorageDirectoryImpl.java:analyzeStorage(135)) - The storage directory /home/runner/work/ozone/ozone/hadoop-ozone/integration-test/target/test-dir/MiniOzoneClusterImpl-24712a27-71f7-429c-8ffb-97a1a53f740d/datanode-1/data/ratis/df4b5ad2-fca6-4234-b989-8f175209ae26 does not exist. Creating ...
2021-08-31 13:03:48,012 [pool-74-thread-1] INFO  storage.RaftStorageDirectory (RaftStorageDirectoryImpl.java:tryLock(230)) - Lock on /home/runner/work/ozone/ozone/hadoop-ozone/integration-test/target/test-dir/MiniOzoneClusterImpl-24712a27-71f7-429c-8ffb-97a1a53f740d/datanode-1/data/ratis/df4b5ad2-fca6-4234-b989-8f175209ae26/in_use.lock acquired by nodename 21644@fv-az151-142
2021-08-31 13:03:48,014 [pool-74-thread-1] INFO  storage.RaftStorage (RaftStorageImpl.java:format(89)) - Storage directory /home/runner/work/ozone/ozone/hadoop-ozone/integration-test/target/test-dir/MiniOzoneClusterImpl-24712a27-71f7-429c-8ffb-97a1a53f740d/datanode-1/data/ratis/df4b5ad2-fca6-4234-b989-8f175209ae26 has been successfully formatted.
2021-08-31 13:03:48,019 [pool-74-thread-1] INFO  ratis.ContainerStateMachine (ContainerStateMachine.java:loadSnapshot(224)) - group-8F175209AE26: The snapshot info is null. Setting the last applied indexto:(t:0, i:~)
2021-08-31 13:03:48,019 [pool-74-thread-1] INFO  server.RaftServerConfigKeys (ConfUtils.java:logGet(44)) - raft.server.notification.no-leader.timeout = 300000ms (custom)
2021-08-31 13:03:48,019 [Datanode State Machine Thread - 0] WARN  statemachine.StateContext (StateContext.java:execute(621)) - No available thread in pool for past 1 seconds.
2021-08-31 13:03:48,019 [pool-74-thread-1] INFO  server.RaftServerConfigKeys (ConfUtils.java:logGet(44)) - raft.server.log.use.memory = false (default)
2021-08-31 13:03:48,021 [pool-74-thread-1] INFO  server.RaftServerConfigKeys (ConfUtils.java:logGet(44)) - raft.server.log.purge.gap = 1000000 (custom)
2021-08-31 13:03:48,021 [pool-74-thread-1] INFO  server.RaftServerConfigKeys (ConfUtils.java:logGet(44)) - raft.server.log.appender.buffer.byte-limit = 33554432 (custom)
2021-08-31 13:03:48,021 [pool-74-thread-1] INFO  server.RaftServerConfigKeys (ConfUtils.java:logGet(44)) - raft.server.log.segment.size.max = 1048576 (custom)
2021-08-31 13:03:48,021 [pool-74-thread-1] INFO  server.RaftServerConfigKeys (ConfUtils.java:logGet(44)) - raft.server.log.segment.cache.num.max = 2 (custom)
2021-08-31 13:03:48,021 [pool-74-thread-1] INFO  server.RaftServerConfigKeys (ConfUtils.java:logGet(44)) - raft.server.log.segment.cache.size.max = 200MB (=209715200) (default)
2021-08-31 13:03:48,021 [pool-74-thread-1] INFO  segmented.SegmentedRaftLogWorker (SegmentedRaftLogWorker.java:<init>(182)) - new 940b181a-f656-490c-a8b1-afc5b8b121dc@group-8F175209AE26-SegmentedRaftLogWorker for RaftStorageImpl:Storage Directory /home/runner/work/ozone/ozone/hadoop-ozone/integration-test/target/test-dir/MiniOzoneClusterImpl-24712a27-71f7-429c-8ffb-97a1a53f740d/datanode-1/data/ratis/df4b5ad2-fca6-4234-b989-8f175209ae26
2021-08-31 13:03:48,021 [pool-74-thread-1] INFO  server.RaftServerConfigKeys (ConfUtils.java:logGet(44)) - raft.server.log.queue.byte-limit = 2147483647 (custom)
2021-08-31 13:03:48,021 [pool-74-thread-1] INFO  server.RaftServerConfigKeys (ConfUtils.java:logGet(44)) - raft.server.log.queue.element-limit = 1024 (custom)
2021-08-31 13:03:48,021 [pool-74-thread-1] INFO  server.RaftServerConfigKeys (ConfUtils.java:logGet(44)) - raft.server.log.segment.size.max = 1048576 (custom)
2021-08-31 13:03:48,022 [pool-74-thread-1] INFO  server.RaftServerConfigKeys (ConfUtils.java:logGet(44)) - raft.server.log.preallocated.size = 16384 (custom)
2021-08-31 13:03:48,022 [pool-74-thread-1] INFO  server.RaftServerConfigKeys (ConfUtils.java:logGet(44)) - raft.server.log.force.sync.num = 128 (default)
2021-08-31 13:03:48,022 [pool-74-thread-1] INFO  server.RaftServerConfigKeys (ConfUtils.java:logGet(44)) - raft.server.log.statemachine.data.sync = true (default)
2021-08-31 13:03:48,022 [pool-74-thread-1] INFO  server.RaftServerConfigKeys (ConfUtils.java:logGet(44)) - raft.server.log.statemachine.data.sync.timeout = 10s (default)
2021-08-31 13:03:48,022 [pool-74-thread-1] INFO  server.RaftServerConfigKeys (ConfUtils.java:logGet(44)) - raft.server.log.statemachine.data.sync.timeout.retry = -1 (default)
2021-08-31 13:03:48,023 [pool-74-thread-1] INFO  server.RaftServerConfigKeys (ConfUtils.java:logGet(44)) - raft.server.log.write.buffer.size = 1048576 (custom)
2021-08-31 13:03:48,023 [pool-74-thread-1] INFO  server.RaftServerConfigKeys (ConfUtils.java:logGet(44)) - raft.server.log.statemachine.data.caching.enabled = true (custom)
2021-08-31 13:03:48,024 [pool-74-thread-1] INFO  segmented.SegmentedRaftLogWorker (SegmentedRaftLogWorker.java:lambda$new$0(133)) - 940b181a-f656-490c-a8b1-afc5b8b121dc@group-8F175209AE26-SegmentedRaftLogWorker: flushIndex: setUnconditionally 0 -> -1
2021-08-31 13:03:48,024 [pool-74-thread-1] INFO  segmented.SegmentedRaftLogWorker (SegmentedRaftLogWorker.java:lambda$new$0(133)) - 940b181a-f656-490c-a8b1-afc5b8b121dc@group-8F175209AE26-SegmentedRaftLogWorker: safeCacheEvictIndex: setUnconditionally 0 -> -1
2021-08-31 13:03:48,025 [pool-74-thread-1] INFO  server.RaftServerConfigKeys (ConfUtils.java:logGet(44)) - raft.server.snapshot.auto.trigger.enabled = true (custom)
2021-08-31 13:03:48,025 [pool-74-thread-1] INFO  server.RaftServerConfigKeys (ConfUtils.java:logGet(44)) - raft.server.snapshot.auto.trigger.threshold = 10000 (custom)
2021-08-31 13:03:48,025 [pool-74-thread-1] INFO  server.RaftServerConfigKeys (ConfUtils.java:logGet(44)) - raft.server.snapshot.retention.file.num = 5 (custom)
2021-08-31 13:03:48,025 [pool-74-thread-1] INFO  server.RaftServerConfigKeys (ConfUtils.java:logGet(44)) - raft.server.log.purge.upto.snapshot.index = false (default)
2021-08-31 13:03:48,025 [pool-74-thread-1] INFO  server.RaftServerConfigKeys (ConfUtils.java:logGet(44)) - raft.server.retrycache.expirytime = 600000ms (custom)
2021-08-31 13:03:48,025 [pool-74-thread-1] INFO  server.RaftServerConfigKeys (ConfUtils.java:logGet(44)) - raft.server.retrycache.statistics.expirytime = 100μs (default)
2021-08-31 13:03:48,026 [pool-74-thread-1] INFO  server.RaftServer$Division (RaftServerImpl.java:start(296)) - 940b181a-f656-490c-a8b1-afc5b8b121dc@group-8F175209AE26: start as a follower, conf=-1: [940b181a-f656-490c-a8b1-afc5b8b121dc|rpc:10.1.0.6:41423|dataStream:|priority:0, 41b49504-2605-44a7-8135-9defd08b62b0|rpc:10.1.0.6:41505|dataStream:|priority:1, fde2103a-ce00-4253-a576-ea8232893539|rpc:10.1.0.6:43381|dataStream:|priority:0], old=null
2021-08-31 13:03:48,026 [pool-74-thread-1] INFO  server.RaftServer$Division (RaftServerImpl.java:setRole(285)) - 940b181a-f656-490c-a8b1-afc5b8b121dc@group-8F175209AE26: changes role from      null to FOLLOWER at term 0 for startAsFollower
2021-08-31 13:03:48,026 [pool-74-thread-1] INFO  impl.RoleInfo (RoleInfo.java:updateAndGet(130)) - 940b181a-f656-490c-a8b1-afc5b8b121dc: start 940b181a-f656-490c-a8b1-afc5b8b121dc@group-8F175209AE26-FollowerState
2021-08-31 13:03:48,027 [EventQueue-OpenPipelineForHealthyPipelineSafeModeRule] INFO  safemode.SCMSafeModeManager (HealthyPipelineSafeModeRule.java:process(124)) - SCM in safe mode. Healthy pipelines reported count is 0, required healthy pipeline reported count is 1
2021-08-31 13:03:48,028 [pool-74-thread-1] INFO  util.JmxRegister (JmxRegister.java:tryRegister(44)) - Successfully registered JMX Bean with object name Ratis:service=RaftServer,group=group-8F175209AE26,id=940b181a-f656-490c-a8b1-afc5b8b121dc
2021-08-31 13:03:48,056 [Command processor thread] INFO  server.RaftServer (RaftServerProxy.java:addNew(95)) - 48a67b91-f7be-40c9-a901-78f22c1148cd: addNew group-F070222AA2C9:[48a67b91-f7be-40c9-a901-78f22c1148cd|rpc:10.1.0.6:46047|priority:1] returns group-F070222AA2C9:java.util.concurrent.CompletableFuture@6cb1255a[Not completed]
2021-08-31 13:03:48,060 [Command processor thread] INFO  commandhandler.CreatePipelineCommandHandler (CreatePipelineCommandHandler.java:handle(106)) - Created Pipeline RATIS THREE PipelineID=bcca9cef-7c19-4c59-bfaa-862d64ef6f50.
2021-08-31 13:03:48,061 [pool-112-thread-1] INFO  server.RaftServer$Division (RaftServerImpl.java:<init>(181)) - 48a67b91-f7be-40c9-a901-78f22c1148cd: new RaftServerImpl for group-F070222AA2C9:[48a67b91-f7be-40c9-a901-78f22c1148cd|rpc:10.1.0.6:46047|priority:1] with ContainerStateMachine:uninitialized
2021-08-31 13:03:48,069 [pool-112-thread-1] INFO  server.RaftServerConfigKeys (ConfUtils.java:logGet(44)) - raft.server.rpc.timeout.min = 5s (custom)
2021-08-31 13:03:48,069 [pool-112-thread-1] INFO  server.RaftServerConfigKeys (ConfUtils.java:logGet(44)) - raft.server.rpc.timeout.max = 5200ms (custom)
2021-08-31 13:03:48,070 [pool-112-thread-1] INFO  server.RaftServerConfigKeys (ConfUtils.java:logGet(44)) - raft.server.rpc.sleep.time = 25ms (default)
2021-08-31 13:03:48,070 [pool-112-thread-1] INFO  server.RaftServerConfigKeys (ConfUtils.java:logGet(44)) - raft.server.rpc.slowness.timeout = 300000ms (custom)
2021-08-31 13:03:48,075 [pool-112-thread-1] INFO  server.RaftServerConfigKeys (ConfUtils.java:logGet(44)) - raft.server.leaderelection.leader.step-down.wait-time = 10s (default)
2021-08-31 13:03:48,075 [pool-112-thread-1] INFO  server.RaftServerConfigKeys (ConfUtils.java:logGet(44)) - raft.server.sleep.deviation.threshold = 300ms (default)
2021-08-31 13:03:48,075 [pool-112-thread-1] INFO  server.RaftServerConfigKeys (ConfUtils.java:logGet(44)) - raft.server.log.appender.install.snapshot.enabled = false (custom)
2021-08-31 13:03:48,075 [pool-112-thread-1] INFO  server.RaftServer$Division (ServerState.java:<init>(105)) - 48a67b91-f7be-40c9-a901-78f22c1148cd@group-F070222AA2C9: ConfigurationManager, init=-1: [48a67b91-f7be-40c9-a901-78f22c1148cd|rpc:10.1.0.6:46047|priority:1], old=null, confs=<EMPTY_MAP>
2021-08-31 13:03:48,076 [pool-112-thread-1] INFO  server.RaftServerConfigKeys (ConfUtils.java:logGet(44)) - raft.server.storage.dir = [/home/runner/work/ozone/ozone/hadoop-ozone/integration-test/target/test-dir/MiniOzoneClusterImpl-24712a27-71f7-429c-8ffb-97a1a53f740d/datanode-3/data/ratis] (custom)
2021-08-31 13:03:48,076 [pool-112-thread-1] INFO  server.RaftServerConfigKeys (ConfUtils.java:logGet(44)) - raft.server.log.corruption.policy = EXCEPTION (default)
2021-08-31 13:03:48,076 [pool-112-thread-1] INFO  server.RaftServerConfigKeys (ConfUtils.java:logGet(44)) - raft.server.storage.free-space.min = 0MB (=0) (default)
2021-08-31 13:03:48,076 [pool-112-thread-1] INFO  storage.RaftStorageDirectory (RaftStorageDirectoryImpl.java:analyzeStorage(135)) - The storage directory /home/runner/work/ozone/ozone/hadoop-ozone/integration-test/target/test-dir/MiniOzoneClusterImpl-24712a27-71f7-429c-8ffb-97a1a53f740d/datanode-3/data/ratis/ebcb69be-ca88-49e4-8400-f070222aa2c9 does not exist. Creating ...
2021-08-31 13:03:48,078 [pool-112-thread-1] INFO  storage.RaftStorageDirectory (RaftStorageDirectoryImpl.java:tryLock(230)) - Lock on /home/runner/work/ozone/ozone/hadoop-ozone/integration-test/target/test-dir/MiniOzoneClusterImpl-24712a27-71f7-429c-8ffb-97a1a53f740d/datanode-3/data/ratis/ebcb69be-ca88-49e4-8400-f070222aa2c9/in_use.lock acquired by nodename 21644@fv-az151-142
2021-08-31 13:03:48,080 [pool-112-thread-1] INFO  storage.RaftStorage (RaftStorageImpl.java:format(89)) - Storage directory /home/runner/work/ozone/ozone/hadoop-ozone/integration-test/target/test-dir/MiniOzoneClusterImpl-24712a27-71f7-429c-8ffb-97a1a53f740d/datanode-3/data/ratis/ebcb69be-ca88-49e4-8400-f070222aa2c9 has been successfully formatted.
2021-08-31 13:03:48,081 [pool-112-thread-1] INFO  ratis.ContainerStateMachine (ContainerStateMachine.java:loadSnapshot(224)) - group-F070222AA2C9: The snapshot info is null. Setting the last applied indexto:(t:0, i:~)
2021-08-31 13:03:48,083 [EventQueue-PipelineReportForPipelineReportHandler] INFO  pipeline.PipelineManagerImpl (PipelineManagerImpl.java:openPipeline(282)) - Pipeline Pipeline[ Id: ebcb69be-ca88-49e4-8400-f070222aa2c9, Nodes: 48a67b91-f7be-40c9-a901-78f22c1148cd{ip: 10.1.0.6, host: fv-az151-142, ports: [REPLICATION=45143, RATIS=46047, RATIS_ADMIN=46047, RATIS_SERVER=46047, STANDALONE=35791], networkLocation: /default-rack, certSerialId: null, persistedOpState: IN_SERVICE, persistedOpStateExpiryEpochSec: 0}, ReplicationConfig: RATIS/ONE, State:ALLOCATED, leaderId:48a67b91-f7be-40c9-a901-78f22c1148cd, CreationTimestamp2021-08-31T13:03:45.054Z[Etc/UTC]] moved to OPEN state
2021-08-31 13:03:48,083 [EventQueue-OpenPipelineForHealthyPipelineSafeModeRule] INFO  safemode.SCMSafeModeManager (HealthyPipelineSafeModeRule.java:process(124)) - SCM in safe mode. Healthy pipelines reported count is 0, required healthy pipeline reported count is 1
2021-08-31 13:03:48,084 [pool-112-thread-1] INFO  server.RaftServerConfigKeys (ConfUtils.java:logGet(44)) - raft.server.notification.no-leader.timeout = 300000ms (custom)
2021-08-31 13:03:48,091 [pool-112-thread-1] INFO  server.RaftServerConfigKeys (ConfUtils.java:logGet(44)) - raft.server.log.use.memory = false (default)
2021-08-31 13:03:48,091 [pool-112-thread-1] INFO  server.RaftServerConfigKeys (ConfUtils.java:logGet(44)) - raft.server.log.purge.gap = 1000000 (custom)
2021-08-31 13:03:48,091 [pool-112-thread-1] INFO  server.RaftServerConfigKeys (ConfUtils.java:logGet(44)) - raft.server.log.appender.buffer.byte-limit = 33554432 (custom)
2021-08-31 13:03:48,092 [pool-112-thread-1] INFO  server.RaftServerConfigKeys (ConfUtils.java:logGet(44)) - raft.server.log.segment.size.max = 1048576 (custom)
2021-08-31 13:03:48,092 [pool-112-thread-1] INFO  server.RaftServerConfigKeys (ConfUtils.java:logGet(44)) - raft.server.log.segment.cache.num.max = 2 (custom)
2021-08-31 13:03:48,092 [pool-112-thread-1] INFO  server.RaftServerConfigKeys (ConfUtils.java:logGet(44)) - raft.server.log.segment.cache.size.max = 200MB (=209715200) (default)
2021-08-31 13:03:48,092 [pool-112-thread-1] INFO  segmented.SegmentedRaftLogWorker (SegmentedRaftLogWorker.java:<init>(182)) - new 48a67b91-f7be-40c9-a901-78f22c1148cd@group-F070222AA2C9-SegmentedRaftLogWorker for RaftStorageImpl:Storage Directory /home/runner/work/ozone/ozone/hadoop-ozone/integration-test/target/test-dir/MiniOzoneClusterImpl-24712a27-71f7-429c-8ffb-97a1a53f740d/datanode-3/data/ratis/ebcb69be-ca88-49e4-8400-f070222aa2c9
2021-08-31 13:03:48,092 [pool-112-thread-1] INFO  server.RaftServerConfigKeys (ConfUtils.java:logGet(44)) - raft.server.log.queue.byte-limit = 2147483647 (custom)
2021-08-31 13:03:48,092 [pool-112-thread-1] INFO  server.RaftServerConfigKeys (ConfUtils.java:logGet(44)) - raft.server.log.queue.element-limit = 1024 (custom)
2021-08-31 13:03:48,093 [pool-112-thread-1] INFO  server.RaftServerConfigKeys (ConfUtils.java:logGet(44)) - raft.server.log.segment.size.max = 1048576 (custom)
2021-08-31 13:03:48,093 [pool-112-thread-1] INFO  server.RaftServerConfigKeys (ConfUtils.java:logGet(44)) - raft.server.log.preallocated.size = 16384 (custom)
2021-08-31 13:03:48,093 [pool-112-thread-1] INFO  server.RaftServerConfigKeys (ConfUtils.java:logGet(44)) - raft.server.log.force.sync.num = 128 (default)
2021-08-31 13:03:48,093 [pool-112-thread-1] INFO  server.RaftServerConfigKeys (ConfUtils.java:logGet(44)) - raft.server.log.statemachine.data.sync = true (default)
2021-08-31 13:03:48,093 [pool-112-thread-1] INFO  server.RaftServerConfigKeys (ConfUtils.java:logGet(44)) - raft.server.log.statemachine.data.sync.timeout = 10s (default)
2021-08-31 13:03:48,093 [pool-112-thread-1] INFO  server.RaftServerConfigKeys (ConfUtils.java:logGet(44)) - raft.server.log.statemachine.data.sync.timeout.retry = -1 (default)
2021-08-31 13:03:48,096 [pool-112-thread-1] INFO  server.RaftServerConfigKeys (ConfUtils.java:logGet(44)) - raft.server.log.write.buffer.size = 1048576 (custom)
2021-08-31 13:03:48,097 [pool-112-thread-1] INFO  server.RaftServerConfigKeys (ConfUtils.java:logGet(44)) - raft.server.log.statemachine.data.caching.enabled = true (custom)
2021-08-31 13:03:48,097 [pool-112-thread-1] INFO  segmented.SegmentedRaftLogWorker (SegmentedRaftLogWorker.java:lambda$new$0(133)) - 48a67b91-f7be-40c9-a901-78f22c1148cd@group-F070222AA2C9-SegmentedRaftLogWorker: flushIndex: setUnconditionally 0 -> -1
2021-08-31 13:03:48,097 [pool-112-thread-1] INFO  segmented.SegmentedRaftLogWorker (SegmentedRaftLogWorker.java:lambda$new$0(133)) - 48a67b91-f7be-40c9-a901-78f22c1148cd@group-F070222AA2C9-SegmentedRaftLogWorker: safeCacheEvictIndex: setUnconditionally 0 -> -1
2021-08-31 13:03:48,098 [pool-112-thread-1] INFO  server.RaftServerConfigKeys (ConfUtils.java:logGet(44)) - raft.server.snapshot.auto.trigger.enabled = true (custom)
2021-08-31 13:03:48,098 [pool-112-thread-1] INFO  server.RaftServerConfigKeys (ConfUtils.java:logGet(44)) - raft.server.snapshot.auto.trigger.threshold = 10000 (custom)
2021-08-31 13:03:48,098 [pool-112-thread-1] INFO  server.RaftServerConfigKeys (ConfUtils.java:logGet(44)) - raft.server.snapshot.retention.file.num = 5 (custom)
2021-08-31 13:03:48,098 [pool-112-thread-1] INFO  server.RaftServerConfigKeys (ConfUtils.java:logGet(44)) - raft.server.log.purge.upto.snapshot.index = false (default)
2021-08-31 13:03:48,098 [pool-112-thread-1] INFO  server.RaftServerConfigKeys (ConfUtils.java:logGet(44)) - raft.server.retrycache.expirytime = 600000ms (custom)
2021-08-31 13:03:48,098 [pool-112-thread-1] INFO  server.RaftServerConfigKeys (ConfUtils.java:logGet(44)) - raft.server.retrycache.statistics.expirytime = 100μs (default)
2021-08-31 13:03:48,100 [pool-112-thread-1] INFO  server.RaftServer$Division (RaftServerImpl.java:start(296)) - 48a67b91-f7be-40c9-a901-78f22c1148cd@group-F070222AA2C9: start as a follower, conf=-1: [48a67b91-f7be-40c9-a901-78f22c1148cd|rpc:10.1.0.6:46047|priority:1], old=null
2021-08-31 13:03:48,100 [pool-112-thread-1] INFO  server.RaftServer$Division (RaftServerImpl.java:setRole(285)) - 48a67b91-f7be-40c9-a901-78f22c1148cd@group-F070222AA2C9: changes role from      null to FOLLOWER at term 0 for startAsFollower
2021-08-31 13:03:48,100 [pool-112-thread-1] INFO  impl.RoleInfo (RoleInfo.java:updateAndGet(130)) - 48a67b91-f7be-40c9-a901-78f22c1148cd: start 48a67b91-f7be-40c9-a901-78f22c1148cd@group-F070222AA2C9-FollowerState
2021-08-31 13:03:48,102 [pool-112-thread-1] INFO  util.JmxRegister (JmxRegister.java:tryRegister(44)) - Successfully registered JMX Bean with object name Ratis:service=RaftServer,group=group-F070222AA2C9,id=48a67b91-f7be-40c9-a901-78f22c1148cd
2021-08-31 13:03:48,113 [Command processor thread] INFO  ratis.XceiverServerRatis (XceiverServerRatis.java:addGroup(763)) - Created group PipelineID=ebcb69be-ca88-49e4-8400-f070222aa2c9
2021-08-31 13:03:48,113 [Command processor thread] INFO  commandhandler.CreatePipelineCommandHandler (CreatePipelineCommandHandler.java:handle(106)) - Created Pipeline RATIS ONE PipelineID=ebcb69be-ca88-49e4-8400-f070222aa2c9.
2021-08-31 13:03:48,113 [Command processor thread] INFO  server.RaftServer (RaftServerProxy.java:addNew(95)) - 48a67b91-f7be-40c9-a901-78f22c1148cd: addNew group-ACFDA5E70BED:[1a766833-fcfc-4255-a382-49e3d560613d|rpc:10.1.0.6:42143|priority:1, 48a67b91-f7be-40c9-a901-78f22c1148cd|rpc:10.1.0.6:46047|priority:0, c1e41c75-4b16-43e8-a71d-6e9134c212c3|rpc:10.1.0.6:40007|priority:0] returns group-ACFDA5E70BED:java.util.concurrent.CompletableFuture@688eac14[Not completed]
2021-08-31 13:03:48,114 [pool-112-thread-1] INFO  server.RaftServer$Division (RaftServerImpl.java:<init>(181)) - 48a67b91-f7be-40c9-a901-78f22c1148cd: new RaftServerImpl for group-ACFDA5E70BED:[1a766833-fcfc-4255-a382-49e3d560613d|rpc:10.1.0.6:42143|priority:1, 48a67b91-f7be-40c9-a901-78f22c1148cd|rpc:10.1.0.6:46047|priority:0, c1e41c75-4b16-43e8-a71d-6e9134c212c3|rpc:10.1.0.6:40007|priority:0] with ContainerStateMachine:uninitialized
2021-08-31 13:03:48,114 [pool-112-thread-1] INFO  server.RaftServerConfigKeys (ConfUtils.java:logGet(44)) - raft.server.rpc.timeout.min = 5s (custom)
2021-08-31 13:03:48,115 [pool-112-thread-1] INFO  server.RaftServerConfigKeys (ConfUtils.java:logGet(44)) - raft.server.rpc.timeout.max = 5200ms (custom)
2021-08-31 13:03:48,115 [pool-112-thread-1] INFO  server.RaftServerConfigKeys (ConfUtils.java:logGet(44)) - raft.server.rpc.sleep.time = 25ms (default)
2021-08-31 13:03:48,115 [pool-112-thread-1] INFO  server.RaftServerConfigKeys (ConfUtils.java:logGet(44)) - raft.server.rpc.slowness.timeout = 300000ms (custom)
2021-08-31 13:03:48,115 [pool-112-thread-1] INFO  server.RaftServerConfigKeys (ConfUtils.java:logGet(44)) - raft.server.leaderelection.leader.step-down.wait-time = 10s (default)
2021-08-31 13:03:48,115 [pool-112-thread-1] INFO  server.RaftServerConfigKeys (ConfUtils.java:logGet(44)) - raft.server.sleep.deviation.threshold = 300ms (default)
2021-08-31 13:03:48,115 [pool-112-thread-1] INFO  server.RaftServerConfigKeys (ConfUtils.java:logGet(44)) - raft.server.log.appender.install.snapshot.enabled = false (custom)
2021-08-31 13:03:48,115 [pool-112-thread-1] INFO  server.RaftServer$Division (ServerState.java:<init>(105)) - 48a67b91-f7be-40c9-a901-78f22c1148cd@group-ACFDA5E70BED: ConfigurationManager, init=-1: [1a766833-fcfc-4255-a382-49e3d560613d|rpc:10.1.0.6:42143|priority:1, 48a67b91-f7be-40c9-a901-78f22c1148cd|rpc:10.1.0.6:46047|priority:0, c1e41c75-4b16-43e8-a71d-6e9134c212c3|rpc:10.1.0.6:40007|priority:0], old=null, confs=<EMPTY_MAP>
2021-08-31 13:03:48,115 [pool-112-thread-1] INFO  server.RaftServerConfigKeys (ConfUtils.java:logGet(44)) - raft.server.storage.dir = [/home/runner/work/ozone/ozone/hadoop-ozone/integration-test/target/test-dir/MiniOzoneClusterImpl-24712a27-71f7-429c-8ffb-97a1a53f740d/datanode-3/data/ratis] (custom)
2021-08-31 13:03:48,115 [pool-112-thread-1] INFO  server.RaftServerConfigKeys (ConfUtils.java:logGet(44)) - raft.server.log.corruption.policy = EXCEPTION (default)
2021-08-31 13:03:48,115 [pool-112-thread-1] INFO  server.RaftServerConfigKeys (ConfUtils.java:logGet(44)) - raft.server.storage.free-space.min = 0MB (=0) (default)
2021-08-31 13:03:48,115 [pool-112-thread-1] INFO  storage.RaftStorageDirectory (RaftStorageDirectoryImpl.java:analyzeStorage(135)) - The storage directory /home/runner/work/ozone/ozone/hadoop-ozone/integration-test/target/test-dir/MiniOzoneClusterImpl-24712a27-71f7-429c-8ffb-97a1a53f740d/datanode-3/data/ratis/69658ea9-74a5-4dbd-93b4-acfda5e70bed does not exist. Creating ...
2021-08-31 13:03:48,116 [pool-112-thread-1] INFO  storage.RaftStorageDirectory (RaftStorageDirectoryImpl.java:tryLock(230)) - Lock on /home/runner/work/ozone/ozone/hadoop-ozone/integration-test/target/test-dir/MiniOzoneClusterImpl-24712a27-71f7-429c-8ffb-97a1a53f740d/datanode-3/data/ratis/69658ea9-74a5-4dbd-93b4-acfda5e70bed/in_use.lock acquired by nodename 21644@fv-az151-142
2021-08-31 13:03:48,118 [Command processor thread] INFO  commandhandler.CreatePipelineCommandHandler (CreatePipelineCommandHandler.java:handle(106)) - Created Pipeline RATIS THREE PipelineID=df4b5ad2-fca6-4234-b989-8f175209ae26.
2021-08-31 13:03:48,122 [Command processor thread] INFO  commandhandler.CreatePipelineCommandHandler (CreatePipelineCommandHandler.java:handle(106)) - Created Pipeline RATIS THREE PipelineID=df4b5ad2-fca6-4234-b989-8f175209ae26.
2021-08-31 13:03:48,123 [pool-112-thread-1] INFO  storage.RaftStorage (RaftStorageImpl.java:format(89)) - Storage directory /home/runner/work/ozone/ozone/hadoop-ozone/integration-test/target/test-dir/MiniOzoneClusterImpl-24712a27-71f7-429c-8ffb-97a1a53f740d/datanode-3/data/ratis/69658ea9-74a5-4dbd-93b4-acfda5e70bed has been successfully formatted.
2021-08-31 13:03:48,123 [pool-112-thread-1] INFO  ratis.ContainerStateMachine (ContainerStateMachine.java:loadSnapshot(224)) - group-ACFDA5E70BED: The snapshot info is null. Setting the last applied indexto:(t:0, i:~)
2021-08-31 13:03:48,123 [pool-112-thread-1] INFO  server.RaftServerConfigKeys (ConfUtils.java:logGet(44)) - raft.server.notification.no-leader.timeout = 300000ms (custom)
2021-08-31 13:03:48,123 [Datanode State Machine Thread - 0] WARN  statemachine.StateContext (StateContext.java:execute(621)) - No available thread in pool for past 1 seconds.
2021-08-31 13:03:48,123 [pool-112-thread-1] INFO  server.RaftServerConfigKeys (ConfUtils.java:logGet(44)) - raft.server.log.use.memory = false (default)
2021-08-31 13:03:48,123 [pool-112-thread-1] INFO  server.RaftServerConfigKeys (ConfUtils.java:logGet(44)) - raft.server.log.purge.gap = 1000000 (custom)
2021-08-31 13:03:48,124 [pool-112-thread-1] INFO  server.RaftServerConfigKeys (ConfUtils.java:logGet(44)) - raft.server.log.appender.buffer.byte-limit = 33554432 (custom)
2021-08-31 13:03:48,126 [pool-112-thread-1] INFO  server.RaftServerConfigKeys (ConfUtils.java:logGet(44)) - raft.server.log.segment.size.max = 1048576 (custom)
2021-08-31 13:03:48,126 [pool-112-thread-1] INFO  server.RaftServerConfigKeys (ConfUtils.java:logGet(44)) - raft.server.log.segment.cache.num.max = 2 (custom)
2021-08-31 13:03:48,126 [pool-112-thread-1] INFO  server.RaftServerConfigKeys (ConfUtils.java:logGet(44)) - raft.server.log.segment.cache.size.max = 200MB (=209715200) (default)
2021-08-31 13:03:48,126 [pool-112-thread-1] INFO  segmented.SegmentedRaftLogWorker (SegmentedRaftLogWorker.java:<init>(182)) - new 48a67b91-f7be-40c9-a901-78f22c1148cd@group-ACFDA5E70BED-SegmentedRaftLogWorker for RaftStorageImpl:Storage Directory /home/runner/work/ozone/ozone/hadoop-ozone/integration-test/target/test-dir/MiniOzoneClusterImpl-24712a27-71f7-429c-8ffb-97a1a53f740d/datanode-3/data/ratis/69658ea9-74a5-4dbd-93b4-acfda5e70bed
2021-08-31 13:03:48,126 [pool-112-thread-1] INFO  server.RaftServerConfigKeys (ConfUtils.java:logGet(44)) - raft.server.log.queue.byte-limit = 2147483647 (custom)
2021-08-31 13:03:48,126 [EventQueue-OpenPipelineForHealthyPipelineSafeModeRule] INFO  safemode.SCMSafeModeManager (HealthyPipelineSafeModeRule.java:process(124)) - SCM in safe mode. Healthy pipelines reported count is 0, required healthy pipeline reported count is 1
2021-08-31 13:03:48,127 [pool-112-thread-1] INFO  server.RaftServerConfigKeys (ConfUtils.java:logGet(44)) - raft.server.log.queue.element-limit = 1024 (custom)
2021-08-31 13:03:48,127 [pool-112-thread-1] INFO  server.RaftServerConfigKeys (ConfUtils.java:logGet(44)) - raft.server.log.segment.size.max = 1048576 (custom)
2021-08-31 13:03:48,127 [pool-112-thread-1] INFO  server.RaftServerConfigKeys (ConfUtils.java:logGet(44)) - raft.server.log.preallocated.size = 16384 (custom)
2021-08-31 13:03:48,127 [pool-112-thread-1] INFO  server.RaftServerConfigKeys (ConfUtils.java:logGet(44)) - raft.server.log.force.sync.num = 128 (default)
2021-08-31 13:03:48,127 [pool-112-thread-1] INFO  server.RaftServerConfigKeys (ConfUtils.java:logGet(44)) - raft.server.log.statemachine.data.sync = true (default)
2021-08-31 13:03:48,127 [pool-112-thread-1] INFO  server.RaftServerConfigKeys (ConfUtils.java:logGet(44)) - raft.server.log.statemachine.data.sync.timeout = 10s (default)
2021-08-31 13:03:48,127 [pool-112-thread-1] INFO  server.RaftServerConfigKeys (ConfUtils.java:logGet(44)) - raft.server.log.statemachine.data.sync.timeout.retry = -1 (default)
2021-08-31 13:03:48,128 [pool-112-thread-1] INFO  server.RaftServerConfigKeys (ConfUtils.java:logGet(44)) - raft.server.log.write.buffer.size = 1048576 (custom)
2021-08-31 13:03:48,129 [pool-112-thread-1] INFO  server.RaftServerConfigKeys (ConfUtils.java:logGet(44)) - raft.server.log.statemachine.data.caching.enabled = true (custom)
2021-08-31 13:03:48,129 [pool-112-thread-1] INFO  segmented.SegmentedRaftLogWorker (SegmentedRaftLogWorker.java:lambda$new$0(133)) - 48a67b91-f7be-40c9-a901-78f22c1148cd@group-ACFDA5E70BED-SegmentedRaftLogWorker: flushIndex: setUnconditionally 0 -> -1
2021-08-31 13:03:48,129 [pool-112-thread-1] INFO  segmented.SegmentedRaftLogWorker (SegmentedRaftLogWorker.java:lambda$new$0(133)) - 48a67b91-f7be-40c9-a901-78f22c1148cd@group-ACFDA5E70BED-SegmentedRaftLogWorker: safeCacheEvictIndex: setUnconditionally 0 -> -1
2021-08-31 13:03:48,132 [pool-112-thread-1] INFO  server.RaftServerConfigKeys (ConfUtils.java:logGet(44)) - raft.server.snapshot.auto.trigger.enabled = true (custom)
2021-08-31 13:03:48,132 [pool-112-thread-1] INFO  server.RaftServerConfigKeys (ConfUtils.java:logGet(44)) - raft.server.snapshot.auto.trigger.threshold = 10000 (custom)
2021-08-31 13:03:48,132 [pool-112-thread-1] INFO  server.RaftServerConfigKeys (ConfUtils.java:logGet(44)) - raft.server.snapshot.retention.file.num = 5 (custom)
2021-08-31 13:03:48,132 [pool-112-thread-1] INFO  server.RaftServerConfigKeys (ConfUtils.java:logGet(44)) - raft.server.log.purge.upto.snapshot.index = false (default)
2021-08-31 13:03:48,132 [pool-112-thread-1] INFO  server.RaftServerConfigKeys (ConfUtils.java:logGet(44)) - raft.server.retrycache.expirytime = 600000ms (custom)
2021-08-31 13:03:48,133 [pool-112-thread-1] INFO  server.RaftServerConfigKeys (ConfUtils.java:logGet(44)) - raft.server.retrycache.statistics.expirytime = 100μs (default)
2021-08-31 13:03:48,134 [pool-112-thread-1] INFO  server.RaftServer$Division (RaftServerImpl.java:start(296)) - 48a67b91-f7be-40c9-a901-78f22c1148cd@group-ACFDA5E70BED: start as a follower, conf=-1: [1a766833-fcfc-4255-a382-49e3d560613d|rpc:10.1.0.6:42143|priority:1, 48a67b91-f7be-40c9-a901-78f22c1148cd|rpc:10.1.0.6:46047|priority:0, c1e41c75-4b16-43e8-a71d-6e9134c212c3|rpc:10.1.0.6:40007|priority:0], old=null
2021-08-31 13:03:48,134 [pool-112-thread-1] INFO  server.RaftServer$Division (RaftServerImpl.java:setRole(285)) - 48a67b91-f7be-40c9-a901-78f22c1148cd@group-ACFDA5E70BED: changes role from      null to FOLLOWER at term 0 for startAsFollower
2021-08-31 13:03:48,134 [pool-112-thread-1] INFO  impl.RoleInfo (RoleInfo.java:updateAndGet(130)) - 48a67b91-f7be-40c9-a901-78f22c1148cd: start 48a67b91-f7be-40c9-a901-78f22c1148cd@group-ACFDA5E70BED-FollowerState
2021-08-31 13:03:48,134 [pool-112-thread-1] INFO  util.JmxRegister (JmxRegister.java:tryRegister(44)) - Successfully registered JMX Bean with object name Ratis:service=RaftServer,group=group-ACFDA5E70BED,id=48a67b91-f7be-40c9-a901-78f22c1148cd
2021-08-31 13:03:48,135 [Command processor thread] INFO  ratis.XceiverServerRatis (XceiverServerRatis.java:addGroup(763)) - Created group PipelineID=69658ea9-74a5-4dbd-93b4-acfda5e70bed
2021-08-31 13:03:48,148 [grpc-default-executor-2] INFO  server.RaftServer (RaftServerProxy.java:addNew(95)) - c1e41c75-4b16-43e8-a71d-6e9134c212c3: addNew group-ACFDA5E70BED:[1a766833-fcfc-4255-a382-49e3d560613d|rpc:10.1.0.6:42143|dataStream:|priority:1, 48a67b91-f7be-40c9-a901-78f22c1148cd|rpc:10.1.0.6:46047|dataStream:|priority:0, c1e41c75-4b16-43e8-a71d-6e9134c212c3|rpc:10.1.0.6:40007|dataStream:|priority:0] returns group-ACFDA5E70BED:java.util.concurrent.CompletableFuture@9a97c9d[Not completed]
2021-08-31 13:03:48,150 [pool-131-thread-1] INFO  server.RaftServer$Division (RaftServerImpl.java:<init>(181)) - c1e41c75-4b16-43e8-a71d-6e9134c212c3: new RaftServerImpl for group-ACFDA5E70BED:[1a766833-fcfc-4255-a382-49e3d560613d|rpc:10.1.0.6:42143|dataStream:|priority:1, 48a67b91-f7be-40c9-a901-78f22c1148cd|rpc:10.1.0.6:46047|dataStream:|priority:0, c1e41c75-4b16-43e8-a71d-6e9134c212c3|rpc:10.1.0.6:40007|dataStream:|priority:0] with ContainerStateMachine:uninitialized
2021-08-31 13:03:48,151 [pool-131-thread-1] INFO  server.RaftServerConfigKeys (ConfUtils.java:logGet(44)) - raft.server.rpc.timeout.min = 5s (custom)
2021-08-31 13:03:48,151 [pool-131-thread-1] INFO  server.RaftServerConfigKeys (ConfUtils.java:logGet(44)) - raft.server.rpc.timeout.max = 5200ms (custom)
2021-08-31 13:03:48,151 [pool-131-thread-1] INFO  server.RaftServerConfigKeys (ConfUtils.java:logGet(44)) - raft.server.rpc.sleep.time = 25ms (default)
2021-08-31 13:03:48,151 [pool-131-thread-1] INFO  server.RaftServerConfigKeys (ConfUtils.java:logGet(44)) - raft.server.rpc.slowness.timeout = 300000ms (custom)
2021-08-31 13:03:48,151 [pool-131-thread-1] INFO  server.RaftServerConfigKeys (ConfUtils.java:logGet(44)) - raft.server.leaderelection.leader.step-down.wait-time = 10s (default)
2021-08-31 13:03:48,151 [pool-131-thread-1] INFO  server.RaftServerConfigKeys (ConfUtils.java:logGet(44)) - raft.server.sleep.deviation.threshold = 300ms (default)
2021-08-31 13:03:48,151 [pool-131-thread-1] INFO  server.RaftServerConfigKeys (ConfUtils.java:logGet(44)) - raft.server.log.appender.install.snapshot.enabled = false (custom)
2021-08-31 13:03:48,151 [pool-131-thread-1] INFO  server.RaftServer$Division (ServerState.java:<init>(105)) - c1e41c75-4b16-43e8-a71d-6e9134c212c3@group-ACFDA5E70BED: ConfigurationManager, init=-1: [1a766833-fcfc-4255-a382-49e3d560613d|rpc:10.1.0.6:42143|dataStream:|priority:1, 48a67b91-f7be-40c9-a901-78f22c1148cd|rpc:10.1.0.6:46047|dataStream:|priority:0, c1e41c75-4b16-43e8-a71d-6e9134c212c3|rpc:10.1.0.6:40007|dataStream:|priority:0], old=null, confs=<EMPTY_MAP>
2021-08-31 13:03:48,151 [pool-131-thread-1] INFO  server.RaftServerConfigKeys (ConfUtils.java:logGet(44)) - raft.server.storage.dir = [/home/runner/work/ozone/ozone/hadoop-ozone/integration-test/target/test-dir/MiniOzoneClusterImpl-24712a27-71f7-429c-8ffb-97a1a53f740d/datanode-4/data/ratis] (custom)
2021-08-31 13:03:48,151 [pool-131-thread-1] INFO  server.RaftServerConfigKeys (ConfUtils.java:logGet(44)) - raft.server.log.corruption.policy = EXCEPTION (default)
2021-08-31 13:03:48,151 [pool-131-thread-1] INFO  server.RaftServerConfigKeys (ConfUtils.java:logGet(44)) - raft.server.storage.free-space.min = 0MB (=0) (default)
2021-08-31 13:03:48,151 [pool-131-thread-1] INFO  storage.RaftStorageDirectory (RaftStorageDirectoryImpl.java:analyzeStorage(135)) - The storage directory /home/runner/work/ozone/ozone/hadoop-ozone/integration-test/target/test-dir/MiniOzoneClusterImpl-24712a27-71f7-429c-8ffb-97a1a53f740d/datanode-4/data/ratis/69658ea9-74a5-4dbd-93b4-acfda5e70bed does not exist. Creating ...
2021-08-31 13:03:48,153 [pool-131-thread-1] INFO  storage.RaftStorageDirectory (RaftStorageDirectoryImpl.java:tryLock(230)) - Lock on /home/runner/work/ozone/ozone/hadoop-ozone/integration-test/target/test-dir/MiniOzoneClusterImpl-24712a27-71f7-429c-8ffb-97a1a53f740d/datanode-4/data/ratis/69658ea9-74a5-4dbd-93b4-acfda5e70bed/in_use.lock acquired by nodename 21644@fv-az151-142
2021-08-31 13:03:48,154 [pool-131-thread-1] INFO  storage.RaftStorage (RaftStorageImpl.java:format(89)) - Storage directory /home/runner/work/ozone/ozone/hadoop-ozone/integration-test/target/test-dir/MiniOzoneClusterImpl-24712a27-71f7-429c-8ffb-97a1a53f740d/datanode-4/data/ratis/69658ea9-74a5-4dbd-93b4-acfda5e70bed has been successfully formatted.
2021-08-31 13:03:48,154 [pool-131-thread-1] INFO  ratis.ContainerStateMachine (ContainerStateMachine.java:loadSnapshot(224)) - group-ACFDA5E70BED: The snapshot info is null. Setting the last applied indexto:(t:0, i:~)
2021-08-31 13:03:48,157 [pool-131-thread-1] INFO  server.RaftServerConfigKeys (ConfUtils.java:logGet(44)) - raft.server.notification.no-leader.timeout = 300000ms (custom)
2021-08-31 13:03:48,157 [pool-131-thread-1] INFO  server.RaftServerConfigKeys (ConfUtils.java:logGet(44)) - raft.server.log.use.memory = false (default)
2021-08-31 13:03:48,157 [pool-131-thread-1] INFO  server.RaftServerConfigKeys (ConfUtils.java:logGet(44)) - raft.server.log.purge.gap = 1000000 (custom)
2021-08-31 13:03:48,157 [pool-131-thread-1] INFO  server.RaftServerConfigKeys (ConfUtils.java:logGet(44)) - raft.server.log.appender.buffer.byte-limit = 33554432 (custom)
2021-08-31 13:03:48,158 [pool-131-thread-1] INFO  server.RaftServerConfigKeys (ConfUtils.java:logGet(44)) - raft.server.log.segment.size.max = 1048576 (custom)
2021-08-31 13:03:48,158 [pool-131-thread-1] INFO  server.RaftServerConfigKeys (ConfUtils.java:logGet(44)) - raft.server.log.segment.cache.num.max = 2 (custom)
2021-08-31 13:03:48,158 [pool-131-thread-1] INFO  server.RaftServerConfigKeys (ConfUtils.java:logGet(44)) - raft.server.log.segment.cache.size.max = 200MB (=209715200) (default)
2021-08-31 13:03:48,158 [pool-131-thread-1] INFO  segmented.SegmentedRaftLogWorker (SegmentedRaftLogWorker.java:<init>(182)) - new c1e41c75-4b16-43e8-a71d-6e9134c212c3@group-ACFDA5E70BED-SegmentedRaftLogWorker for RaftStorageImpl:Storage Directory /home/runner/work/ozone/ozone/hadoop-ozone/integration-test/target/test-dir/MiniOzoneClusterImpl-24712a27-71f7-429c-8ffb-97a1a53f740d/datanode-4/data/ratis/69658ea9-74a5-4dbd-93b4-acfda5e70bed
2021-08-31 13:03:48,158 [pool-131-thread-1] INFO  server.RaftServerConfigKeys (ConfUtils.java:logGet(44)) - raft.server.log.queue.byte-limit = 2147483647 (custom)
2021-08-31 13:03:48,158 [pool-131-thread-1] INFO  server.RaftServerConfigKeys (ConfUtils.java:logGet(44)) - raft.server.log.queue.element-limit = 1024 (custom)
2021-08-31 13:03:48,158 [pool-131-thread-1] INFO  server.RaftServerConfigKeys (ConfUtils.java:logGet(44)) - raft.server.log.segment.size.max = 1048576 (custom)
2021-08-31 13:03:48,158 [pool-131-thread-1] INFO  server.RaftServerConfigKeys (ConfUtils.java:logGet(44)) - raft.server.log.preallocated.size = 16384 (custom)
2021-08-31 13:03:48,158 [pool-131-thread-1] INFO  server.RaftServerConfigKeys (ConfUtils.java:logGet(44)) - raft.server.log.force.sync.num = 128 (default)
2021-08-31 13:03:48,158 [pool-131-thread-1] INFO  server.RaftServerConfigKeys (ConfUtils.java:logGet(44)) - raft.server.log.statemachine.data.sync = true (default)
2021-08-31 13:03:48,158 [pool-131-thread-1] INFO  server.RaftServerConfigKeys (ConfUtils.java:logGet(44)) - raft.server.log.statemachine.data.sync.timeout = 10s (default)
2021-08-31 13:03:48,159 [pool-131-thread-1] INFO  server.RaftServerConfigKeys (ConfUtils.java:logGet(44)) - raft.server.log.statemachine.data.sync.timeout.retry = -1 (default)
2021-08-31 13:03:48,159 [pool-131-thread-1] INFO  server.RaftServerConfigKeys (ConfUtils.java:logGet(44)) - raft.server.log.write.buffer.size = 1048576 (custom)
2021-08-31 13:03:48,160 [pool-131-thread-1] INFO  server.RaftServerConfigKeys (ConfUtils.java:logGet(44)) - raft.server.log.statemachine.data.caching.enabled = true (custom)
2021-08-31 13:03:48,160 [pool-131-thread-1] INFO  segmented.SegmentedRaftLogWorker (SegmentedRaftLogWorker.java:lambda$new$0(133)) - c1e41c75-4b16-43e8-a71d-6e9134c212c3@group-ACFDA5E70BED-SegmentedRaftLogWorker: flushIndex: setUnconditionally 0 -> -1
2021-08-31 13:03:48,160 [pool-131-thread-1] INFO  segmented.SegmentedRaftLogWorker (SegmentedRaftLogWorker.java:lambda$new$0(133)) - c1e41c75-4b16-43e8-a71d-6e9134c212c3@group-ACFDA5E70BED-SegmentedRaftLogWorker: safeCacheEvictIndex: setUnconditionally 0 -> -1
2021-08-31 13:03:48,160 [pool-131-thread-1] INFO  server.RaftServerConfigKeys (ConfUtils.java:logGet(44)) - raft.server.snapshot.auto.trigger.enabled = true (custom)
2021-08-31 13:03:48,161 [pool-131-thread-1] INFO  server.RaftServerConfigKeys (ConfUtils.java:logGet(44)) - raft.server.snapshot.auto.trigger.threshold = 10000 (custom)
2021-08-31 13:03:48,161 [pool-131-thread-1] INFO  server.RaftServerConfigKeys (ConfUtils.java:logGet(44)) - raft.server.snapshot.retention.file.num = 5 (custom)
2021-08-31 13:03:48,161 [pool-131-thread-1] INFO  server.RaftServerConfigKeys (ConfUtils.java:logGet(44)) - raft.server.log.purge.upto.snapshot.index = false (default)
2021-08-31 13:03:48,161 [pool-131-thread-1] INFO  server.RaftServerConfigKeys (ConfUtils.java:logGet(44)) - raft.server.retrycache.expirytime = 600000ms (custom)
2021-08-31 13:03:48,161 [pool-131-thread-1] INFO  server.RaftServerConfigKeys (ConfUtils.java:logGet(44)) - raft.server.retrycache.statistics.expirytime = 100μs (default)
2021-08-31 13:03:48,162 [pool-131-thread-1] INFO  server.RaftServer$Division (RaftServerImpl.java:start(296)) - c1e41c75-4b16-43e8-a71d-6e9134c212c3@group-ACFDA5E70BED: start as a follower, conf=-1: [1a766833-fcfc-4255-a382-49e3d560613d|rpc:10.1.0.6:42143|dataStream:|priority:1, 48a67b91-f7be-40c9-a901-78f22c1148cd|rpc:10.1.0.6:46047|dataStream:|priority:0, c1e41c75-4b16-43e8-a71d-6e9134c212c3|rpc:10.1.0.6:40007|dataStream:|priority:0], old=null
2021-08-31 13:03:48,162 [pool-131-thread-1] INFO  server.RaftServer$Division (RaftServerImpl.java:setRole(285)) - c1e41c75-4b16-43e8-a71d-6e9134c212c3@group-ACFDA5E70BED: changes role from      null to FOLLOWER at term 0 for startAsFollower
2021-08-31 13:03:48,162 [pool-131-thread-1] INFO  impl.RoleInfo (RoleInfo.java:updateAndGet(130)) - c1e41c75-4b16-43e8-a71d-6e9134c212c3: start c1e41c75-4b16-43e8-a71d-6e9134c212c3@group-ACFDA5E70BED-FollowerState
2021-08-31 13:03:48,162 [pool-131-thread-1] INFO  util.JmxRegister (JmxRegister.java:tryRegister(44)) - Successfully registered JMX Bean with object name Ratis:service=RaftServer,group=group-ACFDA5E70BED,id=c1e41c75-4b16-43e8-a71d-6e9134c212c3
2021-08-31 13:03:48,187 [grpc-default-executor-2] INFO  server.RaftServer (RaftServerProxy.java:addNew(95)) - 1a766833-fcfc-4255-a382-49e3d560613d: addNew group-ACFDA5E70BED:[1a766833-fcfc-4255-a382-49e3d560613d|rpc:10.1.0.6:42143|dataStream:|priority:1, 48a67b91-f7be-40c9-a901-78f22c1148cd|rpc:10.1.0.6:46047|dataStream:|priority:0, c1e41c75-4b16-43e8-a71d-6e9134c212c3|rpc:10.1.0.6:40007|dataStream:|priority:0] returns group-ACFDA5E70BED:java.util.concurrent.CompletableFuture@1bb5d5b8[Not completed]
2021-08-31 13:03:48,190 [pool-150-thread-1] INFO  server.RaftServer$Division (RaftServerImpl.java:<init>(181)) - 1a766833-fcfc-4255-a382-49e3d560613d: new RaftServerImpl for group-ACFDA5E70BED:[1a766833-fcfc-4255-a382-49e3d560613d|rpc:10.1.0.6:42143|dataStream:|priority:1, 48a67b91-f7be-40c9-a901-78f22c1148cd|rpc:10.1.0.6:46047|dataStream:|priority:0, c1e41c75-4b16-43e8-a71d-6e9134c212c3|rpc:10.1.0.6:40007|dataStream:|priority:0] with ContainerStateMachine:uninitialized
2021-08-31 13:03:48,190 [pool-150-thread-1] INFO  server.RaftServerConfigKeys (ConfUtils.java:logGet(44)) - raft.server.rpc.timeout.min = 5s (custom)
2021-08-31 13:03:48,190 [pool-150-thread-1] INFO  server.RaftServerConfigKeys (ConfUtils.java:logGet(44)) - raft.server.rpc.timeout.max = 5200ms (custom)
2021-08-31 13:03:48,190 [pool-150-thread-1] INFO  server.RaftServerConfigKeys (ConfUtils.java:logGet(44)) - raft.server.rpc.sleep.time = 25ms (default)
2021-08-31 13:03:48,190 [pool-150-thread-1] INFO  server.RaftServerConfigKeys (ConfUtils.java:logGet(44)) - raft.server.rpc.slowness.timeout = 300000ms (custom)
2021-08-31 13:03:48,190 [pool-150-thread-1] INFO  server.RaftServerConfigKeys (ConfUtils.java:logGet(44)) - raft.server.leaderelection.leader.step-down.wait-time = 10s (default)
2021-08-31 13:03:48,190 [pool-150-thread-1] INFO  server.RaftServerConfigKeys (ConfUtils.java:logGet(44)) - raft.server.sleep.deviation.threshold = 300ms (default)
2021-08-31 13:03:48,190 [pool-150-thread-1] INFO  server.RaftServerConfigKeys (ConfUtils.java:logGet(44)) - raft.server.log.appender.install.snapshot.enabled = false (custom)
2021-08-31 13:03:48,190 [pool-150-thread-1] INFO  server.RaftServer$Division (ServerState.java:<init>(105)) - 1a766833-fcfc-4255-a382-49e3d560613d@group-ACFDA5E70BED: ConfigurationManager, init=-1: [1a766833-fcfc-4255-a382-49e3d560613d|rpc:10.1.0.6:42143|dataStream:|priority:1, 48a67b91-f7be-40c9-a901-78f22c1148cd|rpc:10.1.0.6:46047|dataStream:|priority:0, c1e41c75-4b16-43e8-a71d-6e9134c212c3|rpc:10.1.0.6:40007|dataStream:|priority:0], old=null, confs=<EMPTY_MAP>
2021-08-31 13:03:48,190 [pool-150-thread-1] INFO  server.RaftServerConfigKeys (ConfUtils.java:logGet(44)) - raft.server.storage.dir = [/home/runner/work/ozone/ozone/hadoop-ozone/integration-test/target/test-dir/MiniOzoneClusterImpl-24712a27-71f7-429c-8ffb-97a1a53f740d/datanode-5/data/ratis] (custom)
2021-08-31 13:03:48,191 [pool-150-thread-1] INFO  server.RaftServerConfigKeys (ConfUtils.java:logGet(44)) - raft.server.log.corruption.policy = EXCEPTION (default)
2021-08-31 13:03:48,191 [pool-150-thread-1] INFO  server.RaftServerConfigKeys (ConfUtils.java:logGet(44)) - raft.server.storage.free-space.min = 0MB (=0) (default)
2021-08-31 13:03:48,191 [pool-150-thread-1] INFO  storage.RaftStorageDirectory (RaftStorageDirectoryImpl.java:analyzeStorage(135)) - The storage directory /home/runner/work/ozone/ozone/hadoop-ozone/integration-test/target/test-dir/MiniOzoneClusterImpl-24712a27-71f7-429c-8ffb-97a1a53f740d/datanode-5/data/ratis/69658ea9-74a5-4dbd-93b4-acfda5e70bed does not exist. Creating ...
2021-08-31 13:03:48,192 [pool-150-thread-1] INFO  storage.RaftStorageDirectory (RaftStorageDirectoryImpl.java:tryLock(230)) - Lock on /home/runner/work/ozone/ozone/hadoop-ozone/integration-test/target/test-dir/MiniOzoneClusterImpl-24712a27-71f7-429c-8ffb-97a1a53f740d/datanode-5/data/ratis/69658ea9-74a5-4dbd-93b4-acfda5e70bed/in_use.lock acquired by nodename 21644@fv-az151-142
2021-08-31 13:03:48,193 [pool-150-thread-1] INFO  storage.RaftStorage (RaftStorageImpl.java:format(89)) - Storage directory /home/runner/work/ozone/ozone/hadoop-ozone/integration-test/target/test-dir/MiniOzoneClusterImpl-24712a27-71f7-429c-8ffb-97a1a53f740d/datanode-5/data/ratis/69658ea9-74a5-4dbd-93b4-acfda5e70bed has been successfully formatted.
2021-08-31 13:03:48,194 [pool-150-thread-1] INFO  ratis.ContainerStateMachine (ContainerStateMachine.java:loadSnapshot(224)) - group-ACFDA5E70BED: The snapshot info is null. Setting the last applied indexto:(t:0, i:~)
2021-08-31 13:03:48,194 [pool-150-thread-1] INFO  server.RaftServerConfigKeys (ConfUtils.java:logGet(44)) - raft.server.notification.no-leader.timeout = 300000ms (custom)
2021-08-31 13:03:48,194 [pool-150-thread-1] INFO  server.RaftServerConfigKeys (ConfUtils.java:logGet(44)) - raft.server.log.use.memory = false (default)
2021-08-31 13:03:48,195 [pool-150-thread-1] INFO  server.RaftServerConfigKeys (ConfUtils.java:logGet(44)) - raft.server.log.purge.gap = 1000000 (custom)
2021-08-31 13:03:48,195 [pool-150-thread-1] INFO  server.RaftServerConfigKeys (ConfUtils.java:logGet(44)) - raft.server.log.appender.buffer.byte-limit = 33554432 (custom)
2021-08-31 13:03:48,195 [pool-150-thread-1] INFO  server.RaftServerConfigKeys (ConfUtils.java:logGet(44)) - raft.server.log.segment.size.max = 1048576 (custom)
2021-08-31 13:03:48,195 [pool-150-thread-1] INFO  server.RaftServerConfigKeys (ConfUtils.java:logGet(44)) - raft.server.log.segment.cache.num.max = 2 (custom)
2021-08-31 13:03:48,195 [pool-150-thread-1] INFO  server.RaftServerConfigKeys (ConfUtils.java:logGet(44)) - raft.server.log.segment.cache.size.max = 200MB (=209715200) (default)
2021-08-31 13:03:48,195 [pool-150-thread-1] INFO  segmented.SegmentedRaftLogWorker (SegmentedRaftLogWorker.java:<init>(182)) - new 1a766833-fcfc-4255-a382-49e3d560613d@group-ACFDA5E70BED-SegmentedRaftLogWorker for RaftStorageImpl:Storage Directory /home/runner/work/ozone/ozone/hadoop-ozone/integration-test/target/test-dir/MiniOzoneClusterImpl-24712a27-71f7-429c-8ffb-97a1a53f740d/datanode-5/data/ratis/69658ea9-74a5-4dbd-93b4-acfda5e70bed
2021-08-31 13:03:48,196 [pool-150-thread-1] INFO  server.RaftServerConfigKeys (ConfUtils.java:logGet(44)) - raft.server.log.queue.byte-limit = 2147483647 (custom)
2021-08-31 13:03:48,196 [pool-150-thread-1] INFO  server.RaftServerConfigKeys (ConfUtils.java:logGet(44)) - raft.server.log.queue.element-limit = 1024 (custom)
2021-08-31 13:03:48,196 [pool-150-thread-1] INFO  server.RaftServerConfigKeys (ConfUtils.java:logGet(44)) - raft.server.log.segment.size.max = 1048576 (custom)
2021-08-31 13:03:48,196 [pool-150-thread-1] INFO  server.RaftServerConfigKeys (ConfUtils.java:logGet(44)) - raft.server.log.preallocated.size = 16384 (custom)
2021-08-31 13:03:48,196 [pool-150-thread-1] INFO  server.RaftServerConfigKeys (ConfUtils.java:logGet(44)) - raft.server.log.force.sync.num = 128 (default)
2021-08-31 13:03:48,196 [pool-150-thread-1] INFO  server.RaftServerConfigKeys (ConfUtils.java:logGet(44)) - raft.server.log.statemachine.data.sync = true (default)
2021-08-31 13:03:48,196 [pool-150-thread-1] INFO  server.RaftServerConfigKeys (ConfUtils.java:logGet(44)) - raft.server.log.statemachine.data.sync.timeout = 10s (default)
2021-08-31 13:03:48,196 [pool-150-thread-1] INFO  server.RaftServerConfigKeys (ConfUtils.java:logGet(44)) - raft.server.log.statemachine.data.sync.timeout.retry = -1 (default)
2021-08-31 13:03:48,197 [pool-150-thread-1] INFO  server.RaftServerConfigKeys (ConfUtils.java:logGet(44)) - raft.server.log.write.buffer.size = 1048576 (custom)
2021-08-31 13:03:48,198 [pool-150-thread-1] INFO  server.RaftServerConfigKeys (ConfUtils.java:logGet(44)) - raft.server.log.statemachine.data.caching.enabled = true (custom)
2021-08-31 13:03:48,198 [pool-150-thread-1] INFO  segmented.SegmentedRaftLogWorker (SegmentedRaftLogWorker.java:lambda$new$0(133)) - 1a766833-fcfc-4255-a382-49e3d560613d@group-ACFDA5E70BED-SegmentedRaftLogWorker: flushIndex: setUnconditionally 0 -> -1
2021-08-31 13:03:48,198 [pool-150-thread-1] INFO  segmented.SegmentedRaftLogWorker (SegmentedRaftLogWorker.java:lambda$new$0(133)) - 1a766833-fcfc-4255-a382-49e3d560613d@group-ACFDA5E70BED-SegmentedRaftLogWorker: safeCacheEvictIndex: setUnconditionally 0 -> -1
2021-08-31 13:03:48,198 [pool-150-thread-1] INFO  server.RaftServerConfigKeys (ConfUtils.java:logGet(44)) - raft.server.snapshot.auto.trigger.enabled = true (custom)
2021-08-31 13:03:48,198 [pool-150-thread-1] INFO  server.RaftServerConfigKeys (ConfUtils.java:logGet(44)) - raft.server.snapshot.auto.trigger.threshold = 10000 (custom)
2021-08-31 13:03:48,198 [pool-150-thread-1] INFO  server.RaftServerConfigKeys (ConfUtils.java:logGet(44)) - raft.server.snapshot.retention.file.num = 5 (custom)
2021-08-31 13:03:48,198 [pool-150-thread-1] INFO  server.RaftServerConfigKeys (ConfUtils.java:logGet(44)) - raft.server.log.purge.upto.snapshot.index = false (default)
2021-08-31 13:03:48,198 [pool-150-thread-1] INFO  server.RaftServerConfigKeys (ConfUtils.java:logGet(44)) - raft.server.retrycache.expirytime = 600000ms (custom)
2021-08-31 13:03:48,199 [pool-150-thread-1] INFO  server.RaftServerConfigKeys (ConfUtils.java:logGet(44)) - raft.server.retrycache.statistics.expirytime = 100μs (default)
2021-08-31 13:03:48,200 [pool-150-thread-1] INFO  server.RaftServer$Division (RaftServerImpl.java:start(296)) - 1a766833-fcfc-4255-a382-49e3d560613d@group-ACFDA5E70BED: start as a follower, conf=-1: [1a766833-fcfc-4255-a382-49e3d560613d|rpc:10.1.0.6:42143|dataStream:|priority:1, 48a67b91-f7be-40c9-a901-78f22c1148cd|rpc:10.1.0.6:46047|dataStream:|priority:0, c1e41c75-4b16-43e8-a71d-6e9134c212c3|rpc:10.1.0.6:40007|dataStream:|priority:0], old=null
2021-08-31 13:03:48,200 [pool-150-thread-1] INFO  server.RaftServer$Division (RaftServerImpl.java:setRole(285)) - 1a766833-fcfc-4255-a382-49e3d560613d@group-ACFDA5E70BED: changes role from      null to FOLLOWER at term 0 for startAsFollower
2021-08-31 13:03:48,200 [pool-150-thread-1] INFO  impl.RoleInfo (RoleInfo.java:updateAndGet(130)) - 1a766833-fcfc-4255-a382-49e3d560613d: start 1a766833-fcfc-4255-a382-49e3d560613d@group-ACFDA5E70BED-FollowerState
2021-08-31 13:03:48,200 [pool-150-thread-1] INFO  util.JmxRegister (JmxRegister.java:tryRegister(44)) - Successfully registered JMX Bean with object name Ratis:service=RaftServer,group=group-ACFDA5E70BED,id=1a766833-fcfc-4255-a382-49e3d560613d
2021-08-31 13:03:48,206 [Command processor thread] INFO  commandhandler.CreatePipelineCommandHandler (CreatePipelineCommandHandler.java:handle(106)) - Created Pipeline RATIS THREE PipelineID=69658ea9-74a5-4dbd-93b4-acfda5e70bed.
2021-08-31 13:03:48,206 [Command processor thread] INFO  server.RaftServer (RaftServerProxy.java:addNew(95)) - 48a67b91-f7be-40c9-a901-78f22c1148cd: addNew group-137DB946C243:[1a766833-fcfc-4255-a382-49e3d560613d|rpc:10.1.0.6:42143|priority:0, 48a67b91-f7be-40c9-a901-78f22c1148cd|rpc:10.1.0.6:46047|priority:0, c1e41c75-4b16-43e8-a71d-6e9134c212c3|rpc:10.1.0.6:40007|priority:1] returns group-137DB946C243:java.util.concurrent.CompletableFuture@222ce03c[Not completed]
2021-08-31 13:03:48,207 [pool-112-thread-1] INFO  server.RaftServer$Division (RaftServerImpl.java:<init>(181)) - 48a67b91-f7be-40c9-a901-78f22c1148cd: new RaftServerImpl for group-137DB946C243:[1a766833-fcfc-4255-a382-49e3d560613d|rpc:10.1.0.6:42143|priority:0, 48a67b91-f7be-40c9-a901-78f22c1148cd|rpc:10.1.0.6:46047|priority:0, c1e41c75-4b16-43e8-a71d-6e9134c212c3|rpc:10.1.0.6:40007|priority:1] with ContainerStateMachine:uninitialized
2021-08-31 13:03:48,207 [pool-112-thread-1] INFO  server.RaftServerConfigKeys (ConfUtils.java:logGet(44)) - raft.server.rpc.timeout.min = 5s (custom)
2021-08-31 13:03:48,207 [pool-112-thread-1] INFO  server.RaftServerConfigKeys (ConfUtils.java:logGet(44)) - raft.server.rpc.timeout.max = 5200ms (custom)
2021-08-31 13:03:48,207 [pool-112-thread-1] INFO  server.RaftServerConfigKeys (ConfUtils.java:logGet(44)) - raft.server.rpc.sleep.time = 25ms (default)
2021-08-31 13:03:48,207 [pool-112-thread-1] INFO  server.RaftServerConfigKeys (ConfUtils.java:logGet(44)) - raft.server.rpc.slowness.timeout = 300000ms (custom)
2021-08-31 13:03:48,207 [pool-112-thread-1] INFO  server.RaftServerConfigKeys (ConfUtils.java:logGet(44)) - raft.server.leaderelection.leader.step-down.wait-time = 10s (default)
2021-08-31 13:03:48,207 [pool-112-thread-1] INFO  server.RaftServerConfigKeys (ConfUtils.java:logGet(44)) - raft.server.sleep.deviation.threshold = 300ms (default)
2021-08-31 13:03:48,208 [pool-112-thread-1] INFO  server.RaftServerConfigKeys (ConfUtils.java:logGet(44)) - raft.server.log.appender.install.snapshot.enabled = false (custom)
2021-08-31 13:03:48,208 [pool-112-thread-1] INFO  server.RaftServer$Division (ServerState.java:<init>(105)) - 48a67b91-f7be-40c9-a901-78f22c1148cd@group-137DB946C243: ConfigurationManager, init=-1: [1a766833-fcfc-4255-a382-49e3d560613d|rpc:10.1.0.6:42143|priority:0, 48a67b91-f7be-40c9-a901-78f22c1148cd|rpc:10.1.0.6:46047|priority:0, c1e41c75-4b16-43e8-a71d-6e9134c212c3|rpc:10.1.0.6:40007|priority:1], old=null, confs=<EMPTY_MAP>
2021-08-31 13:03:48,208 [pool-112-thread-1] INFO  server.RaftServerConfigKeys (ConfUtils.java:logGet(44)) - raft.server.storage.dir = [/home/runner/work/ozone/ozone/hadoop-ozone/integration-test/target/test-dir/MiniOzoneClusterImpl-24712a27-71f7-429c-8ffb-97a1a53f740d/datanode-3/data/ratis] (custom)
2021-08-31 13:03:48,208 [pool-112-thread-1] INFO  server.RaftServerConfigKeys (ConfUtils.java:logGet(44)) - raft.server.log.corruption.policy = EXCEPTION (default)
2021-08-31 13:03:48,208 [pool-112-thread-1] INFO  server.RaftServerConfigKeys (ConfUtils.java:logGet(44)) - raft.server.storage.free-space.min = 0MB (=0) (default)
2021-08-31 13:03:48,208 [pool-112-thread-1] INFO  storage.RaftStorageDirectory (RaftStorageDirectoryImpl.java:analyzeStorage(135)) - The storage directory /home/runner/work/ozone/ozone/hadoop-ozone/integration-test/target/test-dir/MiniOzoneClusterImpl-24712a27-71f7-429c-8ffb-97a1a53f740d/datanode-3/data/ratis/6e23b98f-af44-4730-81c6-137db946c243 does not exist. Creating ...
2021-08-31 13:03:48,209 [pool-112-thread-1] INFO  storage.RaftStorageDirectory (RaftStorageDirectoryImpl.java:tryLock(230)) - Lock on /home/runner/work/ozone/ozone/hadoop-ozone/integration-test/target/test-dir/MiniOzoneClusterImpl-24712a27-71f7-429c-8ffb-97a1a53f740d/datanode-3/data/ratis/6e23b98f-af44-4730-81c6-137db946c243/in_use.lock acquired by nodename 21644@fv-az151-142
2021-08-31 13:03:48,210 [pool-112-thread-1] INFO  storage.RaftStorage (RaftStorageImpl.java:format(89)) - Storage directory /home/runner/work/ozone/ozone/hadoop-ozone/integration-test/target/test-dir/MiniOzoneClusterImpl-24712a27-71f7-429c-8ffb-97a1a53f740d/datanode-3/data/ratis/6e23b98f-af44-4730-81c6-137db946c243 has been successfully formatted.
2021-08-31 13:03:48,210 [pool-112-thread-1] INFO  ratis.ContainerStateMachine (ContainerStateMachine.java:loadSnapshot(224)) - group-137DB946C243: The snapshot info is null. Setting the last applied indexto:(t:0, i:~)
2021-08-31 13:03:48,211 [pool-112-thread-1] INFO  server.RaftServerConfigKeys (ConfUtils.java:logGet(44)) - raft.server.notification.no-leader.timeout = 300000ms (custom)
2021-08-31 13:03:48,211 [pool-112-thread-1] INFO  server.RaftServerConfigKeys (ConfUtils.java:logGet(44)) - raft.server.log.use.memory = false (default)
2021-08-31 13:03:48,211 [Datanode State Machine Thread - 0] WARN  statemachine.StateContext (StateContext.java:execute(621)) - No available thread in pool for past 1 seconds.
2021-08-31 13:03:48,211 [pool-112-thread-1] INFO  server.RaftServerConfigKeys (ConfUtils.java:logGet(44)) - raft.server.log.purge.gap = 1000000 (custom)
2021-08-31 13:03:48,211 [pool-112-thread-1] INFO  server.RaftServerConfigKeys (ConfUtils.java:logGet(44)) - raft.server.log.appender.buffer.byte-limit = 33554432 (custom)
2021-08-31 13:03:48,211 [pool-112-thread-1] INFO  server.RaftServerConfigKeys (ConfUtils.java:logGet(44)) - raft.server.log.segment.size.max = 1048576 (custom)
2021-08-31 13:03:48,212 [pool-112-thread-1] INFO  server.RaftServerConfigKeys (ConfUtils.java:logGet(44)) - raft.server.log.segment.cache.num.max = 2 (custom)
2021-08-31 13:03:48,212 [pool-112-thread-1] INFO  server.RaftServerConfigKeys (ConfUtils.java:logGet(44)) - raft.server.log.segment.cache.size.max = 200MB (=209715200) (default)
2021-08-31 13:03:48,212 [pool-112-thread-1] INFO  segmented.SegmentedRaftLogWorker (SegmentedRaftLogWorker.java:<init>(182)) - new 48a67b91-f7be-40c9-a901-78f22c1148cd@group-137DB946C243-SegmentedRaftLogWorker for RaftStorageImpl:Storage Directory /home/runner/work/ozone/ozone/hadoop-ozone/integration-test/target/test-dir/MiniOzoneClusterImpl-24712a27-71f7-429c-8ffb-97a1a53f740d/datanode-3/data/ratis/6e23b98f-af44-4730-81c6-137db946c243
2021-08-31 13:03:48,212 [pool-112-thread-1] INFO  server.RaftServerConfigKeys (ConfUtils.java:logGet(44)) - raft.server.log.queue.byte-limit = 2147483647 (custom)
2021-08-31 13:03:48,212 [pool-112-thread-1] INFO  server.RaftServerConfigKeys (ConfUtils.java:logGet(44)) - raft.server.log.queue.element-limit = 1024 (custom)
2021-08-31 13:03:48,212 [pool-112-thread-1] INFO  server.RaftServerConfigKeys (ConfUtils.java:logGet(44)) - raft.server.log.segment.size.max = 1048576 (custom)
2021-08-31 13:03:48,212 [EventQueue-OpenPipelineForHealthyPipelineSafeModeRule] INFO  safemode.SCMSafeModeManager (HealthyPipelineSafeModeRule.java:process(124)) - SCM in safe mode. Healthy pipelines reported count is 0, required healthy pipeline reported count is 1
2021-08-31 13:03:48,212 [pool-112-thread-1] INFO  server.RaftServerConfigKeys (ConfUtils.java:logGet(44)) - raft.server.log.preallocated.size = 16384 (custom)
2021-08-31 13:03:48,212 [pool-112-thread-1] INFO  server.RaftServerConfigKeys (ConfUtils.java:logGet(44)) - raft.server.log.force.sync.num = 128 (default)
2021-08-31 13:03:48,212 [pool-112-thread-1] INFO  server.RaftServerConfigKeys (ConfUtils.java:logGet(44)) - raft.server.log.statemachine.data.sync = true (default)
2021-08-31 13:03:48,213 [pool-112-thread-1] INFO  server.RaftServerConfigKeys (ConfUtils.java:logGet(44)) - raft.server.log.statemachine.data.sync.timeout = 10s (default)
2021-08-31 13:03:48,213 [pool-112-thread-1] INFO  server.RaftServerConfigKeys (ConfUtils.java:logGet(44)) - raft.server.log.statemachine.data.sync.timeout.retry = -1 (default)
2021-08-31 13:03:48,213 [pool-112-thread-1] INFO  server.RaftServerConfigKeys (ConfUtils.java:logGet(44)) - raft.server.log.write.buffer.size = 1048576 (custom)
2021-08-31 13:03:48,214 [pool-112-thread-1] INFO  server.RaftServerConfigKeys (ConfUtils.java:logGet(44)) - raft.server.log.statemachine.data.caching.enabled = true (custom)
2021-08-31 13:03:48,214 [pool-112-thread-1] INFO  segmented.SegmentedRaftLogWorker (SegmentedRaftLogWorker.java:lambda$new$0(133)) - 48a67b91-f7be-40c9-a901-78f22c1148cd@group-137DB946C243-SegmentedRaftLogWorker: flushIndex: setUnconditionally 0 -> -1
2021-08-31 13:03:48,214 [pool-112-thread-1] INFO  segmented.SegmentedRaftLogWorker (SegmentedRaftLogWorker.java:lambda$new$0(133)) - 48a67b91-f7be-40c9-a901-78f22c1148cd@group-137DB946C243-SegmentedRaftLogWorker: safeCacheEvictIndex: setUnconditionally 0 -> -1
2021-08-31 13:03:48,217 [pool-112-thread-1] INFO  server.RaftServerConfigKeys (ConfUtils.java:logGet(44)) - raft.server.snapshot.auto.trigger.enabled = true (custom)
2021-08-31 13:03:48,217 [pool-112-thread-1] INFO  server.RaftServerConfigKeys (ConfUtils.java:logGet(44)) - raft.server.snapshot.auto.trigger.threshold = 10000 (custom)
2021-08-31 13:03:48,217 [pool-112-thread-1] INFO  server.RaftServerConfigKeys (ConfUtils.java:logGet(44)) - raft.server.snapshot.retention.file.num = 5 (custom)
2021-08-31 13:03:48,217 [pool-112-thread-1] INFO  server.RaftServerConfigKeys (ConfUtils.java:logGet(44)) - raft.server.log.purge.upto.snapshot.index = false (default)
2021-08-31 13:03:48,217 [pool-112-thread-1] INFO  server.RaftServerConfigKeys (ConfUtils.java:logGet(44)) - raft.server.retrycache.expirytime = 600000ms (custom)
2021-08-31 13:03:48,217 [pool-112-thread-1] INFO  server.RaftServerConfigKeys (ConfUtils.java:logGet(44)) - raft.server.retrycache.statistics.expirytime = 100μs (default)
2021-08-31 13:03:48,218 [pool-112-thread-1] INFO  server.RaftServer$Division (RaftServerImpl.java:start(296)) - 48a67b91-f7be-40c9-a901-78f22c1148cd@group-137DB946C243: start as a follower, conf=-1: [1a766833-fcfc-4255-a382-49e3d560613d|rpc:10.1.0.6:42143|priority:0, 48a67b91-f7be-40c9-a901-78f22c1148cd|rpc:10.1.0.6:46047|priority:0, c1e41c75-4b16-43e8-a71d-6e9134c212c3|rpc:10.1.0.6:40007|priority:1], old=null
2021-08-31 13:03:48,218 [pool-112-thread-1] INFO  server.RaftServer$Division (RaftServerImpl.java:setRole(285)) - 48a67b91-f7be-40c9-a901-78f22c1148cd@group-137DB946C243: changes role from      null to FOLLOWER at term 0 for startAsFollower
2021-08-31 13:03:48,218 [pool-112-thread-1] INFO  impl.RoleInfo (RoleInfo.java:updateAndGet(130)) - 48a67b91-f7be-40c9-a901-78f22c1148cd: start 48a67b91-f7be-40c9-a901-78f22c1148cd@group-137DB946C243-FollowerState
2021-08-31 13:03:48,218 [pool-112-thread-1] INFO  util.JmxRegister (JmxRegister.java:tryRegister(44)) - Successfully registered JMX Bean with object name Ratis:service=RaftServer,group=group-137DB946C243,id=48a67b91-f7be-40c9-a901-78f22c1148cd
2021-08-31 13:03:48,219 [Command processor thread] INFO  ratis.XceiverServerRatis (XceiverServerRatis.java:addGroup(763)) - Created group PipelineID=6e23b98f-af44-4730-81c6-137db946c243
2021-08-31 13:03:48,232 [grpc-default-executor-2] INFO  server.RaftServer (RaftServerProxy.java:addNew(95)) - 1a766833-fcfc-4255-a382-49e3d560613d: addNew group-137DB946C243:[1a766833-fcfc-4255-a382-49e3d560613d|rpc:10.1.0.6:42143|dataStream:|priority:0, 48a67b91-f7be-40c9-a901-78f22c1148cd|rpc:10.1.0.6:46047|dataStream:|priority:0, c1e41c75-4b16-43e8-a71d-6e9134c212c3|rpc:10.1.0.6:40007|dataStream:|priority:1] returns group-137DB946C243:java.util.concurrent.CompletableFuture@2dd0cb78[Not completed]
2021-08-31 13:03:48,233 [pool-150-thread-1] INFO  server.RaftServer$Division (RaftServerImpl.java:<init>(181)) - 1a766833-fcfc-4255-a382-49e3d560613d: new RaftServerImpl for group-137DB946C243:[1a766833-fcfc-4255-a382-49e3d560613d|rpc:10.1.0.6:42143|dataStream:|priority:0, 48a67b91-f7be-40c9-a901-78f22c1148cd|rpc:10.1.0.6:46047|dataStream:|priority:0, c1e41c75-4b16-43e8-a71d-6e9134c212c3|rpc:10.1.0.6:40007|dataStream:|priority:1] with ContainerStateMachine:uninitialized
2021-08-31 13:03:48,233 [pool-150-thread-1] INFO  server.RaftServerConfigKeys (ConfUtils.java:logGet(44)) - raft.server.rpc.timeout.min = 5s (custom)
2021-08-31 13:03:48,233 [pool-150-thread-1] INFO  server.RaftServerConfigKeys (ConfUtils.java:logGet(44)) - raft.server.rpc.timeout.max = 5200ms (custom)
2021-08-31 13:03:48,233 [pool-150-thread-1] INFO  server.RaftServerConfigKeys (ConfUtils.java:logGet(44)) - raft.server.rpc.sleep.time = 25ms (default)
2021-08-31 13:03:48,233 [pool-150-thread-1] INFO  server.RaftServerConfigKeys (ConfUtils.java:logGet(44)) - raft.server.rpc.slowness.timeout = 300000ms (custom)
2021-08-31 13:03:48,233 [pool-150-thread-1] INFO  server.RaftServerConfigKeys (ConfUtils.java:logGet(44)) - raft.server.leaderelection.leader.step-down.wait-time = 10s (default)
2021-08-31 13:03:48,233 [pool-150-thread-1] INFO  server.RaftServerConfigKeys (ConfUtils.java:logGet(44)) - raft.server.sleep.deviation.threshold = 300ms (default)
2021-08-31 13:03:48,233 [pool-150-thread-1] INFO  server.RaftServerConfigKeys (ConfUtils.java:logGet(44)) - raft.server.log.appender.install.snapshot.enabled = false (custom)
2021-08-31 13:03:48,233 [pool-150-thread-1] INFO  server.RaftServer$Division (ServerState.java:<init>(105)) - 1a766833-fcfc-4255-a382-49e3d560613d@group-137DB946C243: ConfigurationManager, init=-1: [1a766833-fcfc-4255-a382-49e3d560613d|rpc:10.1.0.6:42143|dataStream:|priority:0, 48a67b91-f7be-40c9-a901-78f22c1148cd|rpc:10.1.0.6:46047|dataStream:|priority:0, c1e41c75-4b16-43e8-a71d-6e9134c212c3|rpc:10.1.0.6:40007|dataStream:|priority:1], old=null, confs=<EMPTY_MAP>
2021-08-31 13:03:48,233 [pool-150-thread-1] INFO  server.RaftServerConfigKeys (ConfUtils.java:logGet(44)) - raft.server.storage.dir = [/home/runner/work/ozone/ozone/hadoop-ozone/integration-test/target/test-dir/MiniOzoneClusterImpl-24712a27-71f7-429c-8ffb-97a1a53f740d/datanode-5/data/ratis] (custom)
2021-08-31 13:03:48,234 [pool-150-thread-1] INFO  server.RaftServerConfigKeys (ConfUtils.java:logGet(44)) - raft.server.log.corruption.policy = EXCEPTION (default)
2021-08-31 13:03:48,234 [pool-150-thread-1] INFO  server.RaftServerConfigKeys (ConfUtils.java:logGet(44)) - raft.server.storage.free-space.min = 0MB (=0) (default)
2021-08-31 13:03:48,234 [pool-150-thread-1] INFO  storage.RaftStorageDirectory (RaftStorageDirectoryImpl.java:analyzeStorage(135)) - The storage directory /home/runner/work/ozone/ozone/hadoop-ozone/integration-test/target/test-dir/MiniOzoneClusterImpl-24712a27-71f7-429c-8ffb-97a1a53f740d/datanode-5/data/ratis/6e23b98f-af44-4730-81c6-137db946c243 does not exist. Creating ...
2021-08-31 13:03:48,237 [pool-150-thread-1] INFO  storage.RaftStorageDirectory (RaftStorageDirectoryImpl.java:tryLock(230)) - Lock on /home/runner/work/ozone/ozone/hadoop-ozone/integration-test/target/test-dir/MiniOzoneClusterImpl-24712a27-71f7-429c-8ffb-97a1a53f740d/datanode-5/data/ratis/6e23b98f-af44-4730-81c6-137db946c243/in_use.lock acquired by nodename 21644@fv-az151-142
2021-08-31 13:03:48,238 [pool-150-thread-1] INFO  storage.RaftStorage (RaftStorageImpl.java:format(89)) - Storage directory /home/runner/work/ozone/ozone/hadoop-ozone/integration-test/target/test-dir/MiniOzoneClusterImpl-24712a27-71f7-429c-8ffb-97a1a53f740d/datanode-5/data/ratis/6e23b98f-af44-4730-81c6-137db946c243 has been successfully formatted.
2021-08-31 13:03:48,239 [pool-150-thread-1] INFO  ratis.ContainerStateMachine (ContainerStateMachine.java:loadSnapshot(224)) - group-137DB946C243: The snapshot info is null. Setting the last applied indexto:(t:0, i:~)
2021-08-31 13:03:48,239 [pool-150-thread-1] INFO  server.RaftServerConfigKeys (ConfUtils.java:logGet(44)) - raft.server.notification.no-leader.timeout = 300000ms (custom)
2021-08-31 13:03:48,239 [pool-150-thread-1] INFO  server.RaftServerConfigKeys (ConfUtils.java:logGet(44)) - raft.server.log.use.memory = false (default)
2021-08-31 13:03:48,239 [pool-150-thread-1] INFO  server.RaftServerConfigKeys (ConfUtils.java:logGet(44)) - raft.server.log.purge.gap = 1000000 (custom)
2021-08-31 13:03:48,239 [pool-150-thread-1] INFO  server.RaftServerConfigKeys (ConfUtils.java:logGet(44)) - raft.server.log.appender.buffer.byte-limit = 33554432 (custom)
2021-08-31 13:03:48,240 [pool-150-thread-1] INFO  server.RaftServerConfigKeys (ConfUtils.java:logGet(44)) - raft.server.log.segment.size.max = 1048576 (custom)
2021-08-31 13:03:48,241 [pool-150-thread-1] INFO  server.RaftServerConfigKeys (ConfUtils.java:logGet(44)) - raft.server.log.segment.cache.num.max = 2 (custom)
2021-08-31 13:03:48,241 [pool-150-thread-1] INFO  server.RaftServerConfigKeys (ConfUtils.java:logGet(44)) - raft.server.log.segment.cache.size.max = 200MB (=209715200) (default)
2021-08-31 13:03:48,241 [pool-150-thread-1] INFO  segmented.SegmentedRaftLogWorker (SegmentedRaftLogWorker.java:<init>(182)) - new 1a766833-fcfc-4255-a382-49e3d560613d@group-137DB946C243-SegmentedRaftLogWorker for RaftStorageImpl:Storage Directory /home/runner/work/ozone/ozone/hadoop-ozone/integration-test/target/test-dir/MiniOzoneClusterImpl-24712a27-71f7-429c-8ffb-97a1a53f740d/datanode-5/data/ratis/6e23b98f-af44-4730-81c6-137db946c243
2021-08-31 13:03:48,241 [pool-150-thread-1] INFO  server.RaftServerConfigKeys (ConfUtils.java:logGet(44)) - raft.server.log.queue.byte-limit = 2147483647 (custom)
2021-08-31 13:03:48,241 [pool-150-thread-1] INFO  server.RaftServerConfigKeys (ConfUtils.java:logGet(44)) - raft.server.log.queue.element-limit = 1024 (custom)
2021-08-31 13:03:48,241 [pool-150-thread-1] INFO  server.RaftServerConfigKeys (ConfUtils.java:logGet(44)) - raft.server.log.segment.size.max = 1048576 (custom)
2021-08-31 13:03:48,241 [pool-150-thread-1] INFO  server.RaftServerConfigKeys (ConfUtils.java:logGet(44)) - raft.server.log.preallocated.size = 16384 (custom)
2021-08-31 13:03:48,241 [pool-150-thread-1] INFO  server.RaftServerConfigKeys (ConfUtils.java:logGet(44)) - raft.server.log.force.sync.num = 128 (default)
2021-08-31 13:03:48,241 [pool-150-thread-1] INFO  server.RaftServerConfigKeys (ConfUtils.java:logGet(44)) - raft.server.log.statemachine.data.sync = true (default)
2021-08-31 13:03:48,241 [pool-150-thread-1] INFO  server.RaftServerConfigKeys (ConfUtils.java:logGet(44)) - raft.server.log.statemachine.data.sync.timeout = 10s (default)
2021-08-31 13:03:48,241 [pool-150-thread-1] INFO  server.RaftServerConfigKeys (ConfUtils.java:logGet(44)) - raft.server.log.statemachine.data.sync.timeout.retry = -1 (default)
2021-08-31 13:03:48,242 [pool-150-thread-1] INFO  server.RaftServerConfigKeys (ConfUtils.java:logGet(44)) - raft.server.log.write.buffer.size = 1048576 (custom)
2021-08-31 13:03:48,243 [pool-150-thread-1] INFO  server.RaftServerConfigKeys (ConfUtils.java:logGet(44)) - raft.server.log.statemachine.data.caching.enabled = true (custom)
2021-08-31 13:03:48,243 [pool-150-thread-1] INFO  segmented.SegmentedRaftLogWorker (SegmentedRaftLogWorker.java:lambda$new$0(133)) - 1a766833-fcfc-4255-a382-49e3d560613d@group-137DB946C243-SegmentedRaftLogWorker: flushIndex: setUnconditionally 0 -> -1
2021-08-31 13:03:48,243 [pool-150-thread-1] INFO  segmented.SegmentedRaftLogWorker (SegmentedRaftLogWorker.java:lambda$new$0(133)) - 1a766833-fcfc-4255-a382-49e3d560613d@group-137DB946C243-SegmentedRaftLogWorker: safeCacheEvictIndex: setUnconditionally 0 -> -1
2021-08-31 13:03:48,244 [pool-150-thread-1] INFO  server.RaftServerConfigKeys (ConfUtils.java:logGet(44)) - raft.server.snapshot.auto.trigger.enabled = true (custom)
2021-08-31 13:03:48,244 [pool-150-thread-1] INFO  server.RaftServerConfigKeys (ConfUtils.java:logGet(44)) - raft.server.snapshot.auto.trigger.threshold = 10000 (custom)
2021-08-31 13:03:48,244 [pool-150-thread-1] INFO  server.RaftServerConfigKeys (ConfUtils.java:logGet(44)) - raft.server.snapshot.retention.file.num = 5 (custom)
2021-08-31 13:03:48,244 [pool-150-thread-1] INFO  server.RaftServerConfigKeys (ConfUtils.java:logGet(44)) - raft.server.log.purge.upto.snapshot.index = false (default)
2021-08-31 13:03:48,244 [pool-150-thread-1] INFO  server.RaftServerConfigKeys (ConfUtils.java:logGet(44)) - raft.server.retrycache.expirytime = 600000ms (custom)
2021-08-31 13:03:48,244 [pool-150-thread-1] INFO  server.RaftServerConfigKeys (ConfUtils.java:logGet(44)) - raft.server.retrycache.statistics.expirytime = 100μs (default)
2021-08-31 13:03:48,245 [pool-150-thread-1] INFO  server.RaftServer$Division (RaftServerImpl.java:start(296)) - 1a766833-fcfc-4255-a382-49e3d560613d@group-137DB946C243: start as a follower, conf=-1: [1a766833-fcfc-4255-a382-49e3d560613d|rpc:10.1.0.6:42143|dataStream:|priority:0, 48a67b91-f7be-40c9-a901-78f22c1148cd|rpc:10.1.0.6:46047|dataStream:|priority:0, c1e41c75-4b16-43e8-a71d-6e9134c212c3|rpc:10.1.0.6:40007|dataStream:|priority:1], old=null
2021-08-31 13:03:48,246 [pool-150-thread-1] INFO  server.RaftServer$Division (RaftServerImpl.java:setRole(285)) - 1a766833-fcfc-4255-a382-49e3d560613d@group-137DB946C243: changes role from      null to FOLLOWER at term 0 for startAsFollower
2021-08-31 13:03:48,246 [pool-150-thread-1] INFO  impl.RoleInfo (RoleInfo.java:updateAndGet(130)) - 1a766833-fcfc-4255-a382-49e3d560613d: start 1a766833-fcfc-4255-a382-49e3d560613d@group-137DB946C243-FollowerState
2021-08-31 13:03:48,246 [pool-150-thread-1] INFO  util.JmxRegister (JmxRegister.java:tryRegister(44)) - Successfully registered JMX Bean with object name Ratis:service=RaftServer,group=group-137DB946C243,id=1a766833-fcfc-4255-a382-49e3d560613d
2021-08-31 13:03:48,248 [Command processor thread] INFO  server.RaftServer (RaftServerProxy.java:addNew(95)) - c1e41c75-4b16-43e8-a71d-6e9134c212c3: addNew group-F061A452FCA2:[c1e41c75-4b16-43e8-a71d-6e9134c212c3|rpc:10.1.0.6:40007|priority:1] returns group-F061A452FCA2:java.util.concurrent.CompletableFuture@7815d56[Not completed]
2021-08-31 13:03:48,250 [pool-131-thread-1] INFO  server.RaftServer$Division (RaftServerImpl.java:<init>(181)) - c1e41c75-4b16-43e8-a71d-6e9134c212c3: new RaftServerImpl for group-F061A452FCA2:[c1e41c75-4b16-43e8-a71d-6e9134c212c3|rpc:10.1.0.6:40007|priority:1] with ContainerStateMachine:uninitialized
2021-08-31 13:03:48,250 [pool-131-thread-1] INFO  server.RaftServerConfigKeys (ConfUtils.java:logGet(44)) - raft.server.rpc.timeout.min = 5s (custom)
2021-08-31 13:03:48,250 [pool-131-thread-1] INFO  server.RaftServerConfigKeys (ConfUtils.java:logGet(44)) - raft.server.rpc.timeout.max = 5200ms (custom)
2021-08-31 13:03:48,250 [pool-131-thread-1] INFO  server.RaftServerConfigKeys (ConfUtils.java:logGet(44)) - raft.server.rpc.sleep.time = 25ms (default)
2021-08-31 13:03:48,250 [pool-131-thread-1] INFO  server.RaftServerConfigKeys (ConfUtils.java:logGet(44)) - raft.server.rpc.slowness.timeout = 300000ms (custom)
2021-08-31 13:03:48,250 [pool-131-thread-1] INFO  server.RaftServerConfigKeys (ConfUtils.java:logGet(44)) - raft.server.leaderelection.leader.step-down.wait-time = 10s (default)
2021-08-31 13:03:48,250 [pool-131-thread-1] INFO  server.RaftServerConfigKeys (ConfUtils.java:logGet(44)) - raft.server.sleep.deviation.threshold = 300ms (default)
2021-08-31 13:03:48,250 [pool-131-thread-1] INFO  server.RaftServerConfigKeys (ConfUtils.java:logGet(44)) - raft.server.log.appender.install.snapshot.enabled = false (custom)
2021-08-31 13:03:48,250 [pool-131-thread-1] INFO  server.RaftServer$Division (ServerState.java:<init>(105)) - c1e41c75-4b16-43e8-a71d-6e9134c212c3@group-F061A452FCA2: ConfigurationManager, init=-1: [c1e41c75-4b16-43e8-a71d-6e9134c212c3|rpc:10.1.0.6:40007|priority:1], old=null, confs=<EMPTY_MAP>
2021-08-31 13:03:48,250 [pool-131-thread-1] INFO  server.RaftServerConfigKeys (ConfUtils.java:logGet(44)) - raft.server.storage.dir = [/home/runner/work/ozone/ozone/hadoop-ozone/integration-test/target/test-dir/MiniOzoneClusterImpl-24712a27-71f7-429c-8ffb-97a1a53f740d/datanode-4/data/ratis] (custom)
2021-08-31 13:03:48,250 [pool-131-thread-1] INFO  server.RaftServerConfigKeys (ConfUtils.java:logGet(44)) - raft.server.log.corruption.policy = EXCEPTION (default)
2021-08-31 13:03:48,250 [pool-131-thread-1] INFO  server.RaftServerConfigKeys (ConfUtils.java:logGet(44)) - raft.server.storage.free-space.min = 0MB (=0) (default)
2021-08-31 13:03:48,250 [pool-131-thread-1] INFO  storage.RaftStorageDirectory (RaftStorageDirectoryImpl.java:analyzeStorage(135)) - The storage directory /home/runner/work/ozone/ozone/hadoop-ozone/integration-test/target/test-dir/MiniOzoneClusterImpl-24712a27-71f7-429c-8ffb-97a1a53f740d/datanode-4/data/ratis/d781a6dc-ac9c-42c3-b345-f061a452fca2 does not exist. Creating ...
2021-08-31 13:03:48,252 [pool-131-thread-1] INFO  storage.RaftStorageDirectory (RaftStorageDirectoryImpl.java:tryLock(230)) - Lock on /home/runner/work/ozone/ozone/hadoop-ozone/integration-test/target/test-dir/MiniOzoneClusterImpl-24712a27-71f7-429c-8ffb-97a1a53f740d/datanode-4/data/ratis/d781a6dc-ac9c-42c3-b345-f061a452fca2/in_use.lock acquired by nodename 21644@fv-az151-142
2021-08-31 13:03:48,255 [pool-131-thread-1] INFO  storage.RaftStorage (RaftStorageImpl.java:format(89)) - Storage directory /home/runner/work/ozone/ozone/hadoop-ozone/integration-test/target/test-dir/MiniOzoneClusterImpl-24712a27-71f7-429c-8ffb-97a1a53f740d/datanode-4/data/ratis/d781a6dc-ac9c-42c3-b345-f061a452fca2 has been successfully formatted.
2021-08-31 13:03:48,256 [Datanode State Machine Thread - 0] WARN  statemachine.StateContext (StateContext.java:execute(621)) - No available thread in pool for past 1 seconds.
2021-08-31 13:03:48,258 [EventQueue-PipelineReportForPipelineReportHandler] INFO  pipeline.PipelineManagerImpl (PipelineManagerImpl.java:openPipeline(282)) - Pipeline Pipeline[ Id: d781a6dc-ac9c-42c3-b345-f061a452fca2, Nodes: c1e41c75-4b16-43e8-a71d-6e9134c212c3{ip: 10.1.0.6, host: fv-az151-142, ports: [REPLICATION=33139, RATIS=40007, RATIS_ADMIN=40007, RATIS_SERVER=40007, STANDALONE=45113], networkLocation: /default-rack, certSerialId: null, persistedOpState: IN_SERVICE, persistedOpStateExpiryEpochSec: 0}, ReplicationConfig: RATIS/ONE, State:ALLOCATED, leaderId:c1e41c75-4b16-43e8-a71d-6e9134c212c3, CreationTimestamp2021-08-31T13:03:45.255Z[Etc/UTC]] moved to OPEN state
2021-08-31 13:03:48,258 [pool-131-thread-1] INFO  ratis.ContainerStateMachine (ContainerStateMachine.java:loadSnapshot(224)) - group-F061A452FCA2: The snapshot info is null. Setting the last applied indexto:(t:0, i:~)
2021-08-31 13:03:48,258 [pool-131-thread-1] INFO  server.RaftServerConfigKeys (ConfUtils.java:logGet(44)) - raft.server.notification.no-leader.timeout = 300000ms (custom)
2021-08-31 13:03:48,259 [pool-131-thread-1] INFO  server.RaftServerConfigKeys (ConfUtils.java:logGet(44)) - raft.server.log.use.memory = false (default)
2021-08-31 13:03:48,259 [pool-131-thread-1] INFO  server.RaftServerConfigKeys (ConfUtils.java:logGet(44)) - raft.server.log.purge.gap = 1000000 (custom)
2021-08-31 13:03:48,259 [pool-131-thread-1] INFO  server.RaftServerConfigKeys (ConfUtils.java:logGet(44)) - raft.server.log.appender.buffer.byte-limit = 33554432 (custom)
2021-08-31 13:03:48,259 [pool-131-thread-1] INFO  server.RaftServerConfigKeys (ConfUtils.java:logGet(44)) - raft.server.log.segment.size.max = 1048576 (custom)
2021-08-31 13:03:48,260 [pool-131-thread-1] INFO  server.RaftServerConfigKeys (ConfUtils.java:logGet(44)) - raft.server.log.segment.cache.num.max = 2 (custom)
2021-08-31 13:03:48,260 [pool-131-thread-1] INFO  server.RaftServerConfigKeys (ConfUtils.java:logGet(44)) - raft.server.log.segment.cache.size.max = 200MB (=209715200) (default)
2021-08-31 13:03:48,260 [pool-131-thread-1] INFO  segmented.SegmentedRaftLogWorker (SegmentedRaftLogWorker.java:<init>(182)) - new c1e41c75-4b16-43e8-a71d-6e9134c212c3@group-F061A452FCA2-SegmentedRaftLogWorker for RaftStorageImpl:Storage Directory /home/runner/work/ozone/ozone/hadoop-ozone/integration-test/target/test-dir/MiniOzoneClusterImpl-24712a27-71f7-429c-8ffb-97a1a53f740d/datanode-4/data/ratis/d781a6dc-ac9c-42c3-b345-f061a452fca2
2021-08-31 13:03:48,260 [pool-131-thread-1] INFO  server.RaftServerConfigKeys (ConfUtils.java:logGet(44)) - raft.server.log.queue.byte-limit = 2147483647 (custom)
2021-08-31 13:03:48,260 [pool-131-thread-1] INFO  server.RaftServerConfigKeys (ConfUtils.java:logGet(44)) - raft.server.log.queue.element-limit = 1024 (custom)
2021-08-31 13:03:48,260 [pool-131-thread-1] INFO  server.RaftServerConfigKeys (ConfUtils.java:logGet(44)) - raft.server.log.segment.size.max = 1048576 (custom)
2021-08-31 13:03:48,260 [pool-131-thread-1] INFO  server.RaftServerConfigKeys (ConfUtils.java:logGet(44)) - raft.server.log.preallocated.size = 16384 (custom)
2021-08-31 13:03:48,260 [pool-131-thread-1] INFO  server.RaftServerConfigKeys (ConfUtils.java:logGet(44)) - raft.server.log.force.sync.num = 128 (default)
2021-08-31 13:03:48,260 [pool-131-thread-1] INFO  server.RaftServerConfigKeys (ConfUtils.java:logGet(44)) - raft.server.log.statemachine.data.sync = true (default)
2021-08-31 13:03:48,260 [pool-131-thread-1] INFO  server.RaftServerConfigKeys (ConfUtils.java:logGet(44)) - raft.server.log.statemachine.data.sync.timeout = 10s (default)
2021-08-31 13:03:48,260 [pool-131-thread-1] INFO  server.RaftServerConfigKeys (ConfUtils.java:logGet(44)) - raft.server.log.statemachine.data.sync.timeout.retry = -1 (default)
2021-08-31 13:03:48,261 [pool-131-thread-1] INFO  server.RaftServerConfigKeys (ConfUtils.java:logGet(44)) - raft.server.log.write.buffer.size = 1048576 (custom)
2021-08-31 13:03:48,262 [EventQueue-OpenPipelineForHealthyPipelineSafeModeRule] INFO  safemode.SCMSafeModeManager (HealthyPipelineSafeModeRule.java:process(124)) - SCM in safe mode. Healthy pipelines reported count is 0, required healthy pipeline reported count is 1
2021-08-31 13:03:48,264 [pool-131-thread-1] INFO  server.RaftServerConfigKeys (ConfUtils.java:logGet(44)) - raft.server.log.statemachine.data.caching.enabled = true (custom)
2021-08-31 13:03:48,265 [pool-131-thread-1] INFO  segmented.SegmentedRaftLogWorker (SegmentedRaftLogWorker.java:lambda$new$0(133)) - c1e41c75-4b16-43e8-a71d-6e9134c212c3@group-F061A452FCA2-SegmentedRaftLogWorker: flushIndex: setUnconditionally 0 -> -1
2021-08-31 13:03:48,268 [grpc-default-executor-2] INFO  server.RaftServer (RaftServerProxy.java:addNew(95)) - c1e41c75-4b16-43e8-a71d-6e9134c212c3: addNew group-137DB946C243:[1a766833-fcfc-4255-a382-49e3d560613d|rpc:10.1.0.6:42143|dataStream:|priority:0, 48a67b91-f7be-40c9-a901-78f22c1148cd|rpc:10.1.0.6:46047|dataStream:|priority:0, c1e41c75-4b16-43e8-a71d-6e9134c212c3|rpc:10.1.0.6:40007|dataStream:|priority:1] returns group-137DB946C243:java.util.concurrent.CompletableFuture@5bd9ec5d[Not completed]
2021-08-31 13:03:48,268 [pool-131-thread-1] INFO  segmented.SegmentedRaftLogWorker (SegmentedRaftLogWorker.java:lambda$new$0(133)) - c1e41c75-4b16-43e8-a71d-6e9134c212c3@group-F061A452FCA2-SegmentedRaftLogWorker: safeCacheEvictIndex: setUnconditionally 0 -> -1
2021-08-31 13:03:48,271 [pool-131-thread-1] INFO  server.RaftServerConfigKeys (ConfUtils.java:logGet(44)) - raft.server.snapshot.auto.trigger.enabled = true (custom)
2021-08-31 13:03:48,271 [pool-131-thread-1] INFO  server.RaftServerConfigKeys (ConfUtils.java:logGet(44)) - raft.server.snapshot.auto.trigger.threshold = 10000 (custom)
2021-08-31 13:03:48,271 [pool-131-thread-1] INFO  server.RaftServerConfigKeys (ConfUtils.java:logGet(44)) - raft.server.snapshot.retention.file.num = 5 (custom)
2021-08-31 13:03:48,271 [pool-131-thread-1] INFO  server.RaftServerConfigKeys (ConfUtils.java:logGet(44)) - raft.server.log.purge.upto.snapshot.index = false (default)
2021-08-31 13:03:48,271 [pool-131-thread-1] INFO  server.RaftServerConfigKeys (ConfUtils.java:logGet(44)) - raft.server.retrycache.expirytime = 600000ms (custom)
2021-08-31 13:03:48,271 [pool-131-thread-1] INFO  server.RaftServerConfigKeys (ConfUtils.java:logGet(44)) - raft.server.retrycache.statistics.expirytime = 100μs (default)
2021-08-31 13:03:48,273 [pool-131-thread-1] INFO  server.RaftServer$Division (RaftServerImpl.java:<init>(181)) - c1e41c75-4b16-43e8-a71d-6e9134c212c3: new RaftServerImpl for group-137DB946C243:[1a766833-fcfc-4255-a382-49e3d560613d|rpc:10.1.0.6:42143|dataStream:|priority:0, 48a67b91-f7be-40c9-a901-78f22c1148cd|rpc:10.1.0.6:46047|dataStream:|priority:0, c1e41c75-4b16-43e8-a71d-6e9134c212c3|rpc:10.1.0.6:40007|dataStream:|priority:1] with ContainerStateMachine:uninitialized
2021-08-31 13:03:48,273 [pool-131-thread-1] INFO  server.RaftServerConfigKeys (ConfUtils.java:logGet(44)) - raft.server.rpc.timeout.min = 5s (custom)
2021-08-31 13:03:48,273 [pool-131-thread-1] INFO  server.RaftServerConfigKeys (ConfUtils.java:logGet(44)) - raft.server.rpc.timeout.max = 5200ms (custom)
2021-08-31 13:03:48,274 [pool-131-thread-1] INFO  server.RaftServerConfigKeys (ConfUtils.java:logGet(44)) - raft.server.rpc.sleep.time = 25ms (default)
2021-08-31 13:03:48,274 [pool-131-thread-1] INFO  server.RaftServerConfigKeys (ConfUtils.java:logGet(44)) - raft.server.rpc.slowness.timeout = 300000ms (custom)
2021-08-31 13:03:48,274 [pool-131-thread-1] INFO  server.RaftServerConfigKeys (ConfUtils.java:logGet(44)) - raft.server.leaderelection.leader.step-down.wait-time = 10s (default)
2021-08-31 13:03:48,274 [pool-131-thread-1] INFO  server.RaftServerConfigKeys (ConfUtils.java:logGet(44)) - raft.server.sleep.deviation.threshold = 300ms (default)
2021-08-31 13:03:48,274 [pool-131-thread-1] INFO  server.RaftServerConfigKeys (ConfUtils.java:logGet(44)) - raft.server.log.appender.install.snapshot.enabled = false (custom)
2021-08-31 13:03:48,274 [pool-131-thread-1] INFO  server.RaftServer$Division (ServerState.java:<init>(105)) - c1e41c75-4b16-43e8-a71d-6e9134c212c3@group-137DB946C243: ConfigurationManager, init=-1: [1a766833-fcfc-4255-a382-49e3d560613d|rpc:10.1.0.6:42143|dataStream:|priority:0, 48a67b91-f7be-40c9-a901-78f22c1148cd|rpc:10.1.0.6:46047|dataStream:|priority:0, c1e41c75-4b16-43e8-a71d-6e9134c212c3|rpc:10.1.0.6:40007|dataStream:|priority:1], old=null, confs=<EMPTY_MAP>
2021-08-31 13:03:48,274 [pool-131-thread-1] INFO  server.RaftServerConfigKeys (ConfUtils.java:logGet(44)) - raft.server.storage.dir = [/home/runner/work/ozone/ozone/hadoop-ozone/integration-test/target/test-dir/MiniOzoneClusterImpl-24712a27-71f7-429c-8ffb-97a1a53f740d/datanode-4/data/ratis] (custom)
2021-08-31 13:03:48,274 [pool-131-thread-1] INFO  server.RaftServerConfigKeys (ConfUtils.java:logGet(44)) - raft.server.log.corruption.policy = EXCEPTION (default)
2021-08-31 13:03:48,274 [pool-131-thread-1] INFO  server.RaftServerConfigKeys (ConfUtils.java:logGet(44)) - raft.server.storage.free-space.min = 0MB (=0) (default)
2021-08-31 13:03:48,274 [pool-131-thread-1] INFO  storage.RaftStorageDirectory (RaftStorageDirectoryImpl.java:analyzeStorage(135)) - The storage directory /home/runner/work/ozone/ozone/hadoop-ozone/integration-test/target/test-dir/MiniOzoneClusterImpl-24712a27-71f7-429c-8ffb-97a1a53f740d/datanode-4/data/ratis/6e23b98f-af44-4730-81c6-137db946c243 does not exist. Creating ...
2021-08-31 13:03:48,276 [pool-131-thread-1] INFO  storage.RaftStorageDirectory (RaftStorageDirectoryImpl.java:tryLock(230)) - Lock on /home/runner/work/ozone/ozone/hadoop-ozone/integration-test/target/test-dir/MiniOzoneClusterImpl-24712a27-71f7-429c-8ffb-97a1a53f740d/datanode-4/data/ratis/6e23b98f-af44-4730-81c6-137db946c243/in_use.lock acquired by nodename 21644@fv-az151-142
2021-08-31 13:03:48,277 [pool-131-thread-1] INFO  storage.RaftStorage (RaftStorageImpl.java:format(89)) - Storage directory /home/runner/work/ozone/ozone/hadoop-ozone/integration-test/target/test-dir/MiniOzoneClusterImpl-24712a27-71f7-429c-8ffb-97a1a53f740d/datanode-4/data/ratis/6e23b98f-af44-4730-81c6-137db946c243 has been successfully formatted.
2021-08-31 13:03:48,277 [pool-131-thread-1] INFO  ratis.ContainerStateMachine (ContainerStateMachine.java:loadSnapshot(224)) - group-137DB946C243: The snapshot info is null. Setting the last applied indexto:(t:0, i:~)
2021-08-31 13:03:48,277 [pool-131-thread-1] INFO  server.RaftServerConfigKeys (ConfUtils.java:logGet(44)) - raft.server.notification.no-leader.timeout = 300000ms (custom)
2021-08-31 13:03:48,277 [pool-131-thread-1] INFO  server.RaftServerConfigKeys (ConfUtils.java:logGet(44)) - raft.server.log.use.memory = false (default)
2021-08-31 13:03:48,278 [pool-131-thread-1] INFO  server.RaftServerConfigKeys (ConfUtils.java:logGet(44)) - raft.server.log.purge.gap = 1000000 (custom)
2021-08-31 13:03:48,278 [pool-131-thread-1] INFO  server.RaftServerConfigKeys (ConfUtils.java:logGet(44)) - raft.server.log.appender.buffer.byte-limit = 33554432 (custom)
2021-08-31 13:03:48,278 [pool-131-thread-1] INFO  server.RaftServerConfigKeys (ConfUtils.java:logGet(44)) - raft.server.log.segment.size.max = 1048576 (custom)
2021-08-31 13:03:48,279 [pool-131-thread-1] INFO  server.RaftServerConfigKeys (ConfUtils.java:logGet(44)) - raft.server.log.segment.cache.num.max = 2 (custom)
2021-08-31 13:03:48,279 [pool-131-thread-1] INFO  server.RaftServerConfigKeys (ConfUtils.java:logGet(44)) - raft.server.log.segment.cache.size.max = 200MB (=209715200) (default)
2021-08-31 13:03:48,279 [pool-131-thread-1] INFO  segmented.SegmentedRaftLogWorker (SegmentedRaftLogWorker.java:<init>(182)) - new c1e41c75-4b16-43e8-a71d-6e9134c212c3@group-137DB946C243-SegmentedRaftLogWorker for RaftStorageImpl:Storage Directory /home/runner/work/ozone/ozone/hadoop-ozone/integration-test/target/test-dir/MiniOzoneClusterImpl-24712a27-71f7-429c-8ffb-97a1a53f740d/datanode-4/data/ratis/6e23b98f-af44-4730-81c6-137db946c243
2021-08-31 13:03:48,279 [pool-131-thread-1] INFO  server.RaftServerConfigKeys (ConfUtils.java:logGet(44)) - raft.server.log.queue.byte-limit = 2147483647 (custom)
2021-08-31 13:03:48,279 [pool-131-thread-1] INFO  server.RaftServerConfigKeys (ConfUtils.java:logGet(44)) - raft.server.log.queue.element-limit = 1024 (custom)
2021-08-31 13:03:48,279 [pool-131-thread-1] INFO  server.RaftServerConfigKeys (ConfUtils.java:logGet(44)) - raft.server.log.segment.size.max = 1048576 (custom)
2021-08-31 13:03:48,279 [pool-131-thread-1] INFO  server.RaftServerConfigKeys (ConfUtils.java:logGet(44)) - raft.server.log.preallocated.size = 16384 (custom)
2021-08-31 13:03:48,279 [pool-131-thread-1] INFO  server.RaftServerConfigKeys (ConfUtils.java:logGet(44)) - raft.server.log.force.sync.num = 128 (default)
2021-08-31 13:03:48,279 [pool-131-thread-1] INFO  server.RaftServerConfigKeys (ConfUtils.java:logGet(44)) - raft.server.log.statemachine.data.sync = true (default)
2021-08-31 13:03:48,279 [pool-131-thread-1] INFO  server.RaftServerConfigKeys (ConfUtils.java:logGet(44)) - raft.server.log.statemachine.data.sync.timeout = 10s (default)
2021-08-31 13:03:48,280 [pool-131-thread-1] INFO  server.RaftServerConfigKeys (ConfUtils.java:logGet(44)) - raft.server.log.statemachine.data.sync.timeout.retry = -1 (default)
2021-08-31 13:03:48,281 [pool-131-thread-1] INFO  server.RaftServerConfigKeys (ConfUtils.java:logGet(44)) - raft.server.log.write.buffer.size = 1048576 (custom)
2021-08-31 13:03:48,280 [EventQueue-OpenPipelineForHealthyPipelineSafeModeRule] INFO  safemode.SCMSafeModeManager (HealthyPipelineSafeModeRule.java:process(124)) - SCM in safe mode. Healthy pipelines reported count is 0, required healthy pipeline reported count is 1
2021-08-31 13:03:48,282 [pool-131-thread-1] INFO  server.RaftServerConfigKeys (ConfUtils.java:logGet(44)) - raft.server.log.statemachine.data.caching.enabled = true (custom)
2021-08-31 13:03:48,283 [pool-131-thread-1] INFO  segmented.SegmentedRaftLogWorker (SegmentedRaftLogWorker.java:lambda$new$0(133)) - c1e41c75-4b16-43e8-a71d-6e9134c212c3@group-137DB946C243-SegmentedRaftLogWorker: flushIndex: setUnconditionally 0 -> -1
2021-08-31 13:03:48,283 [pool-131-thread-1] INFO  segmented.SegmentedRaftLogWorker (SegmentedRaftLogWorker.java:lambda$new$0(133)) - c1e41c75-4b16-43e8-a71d-6e9134c212c3@group-137DB946C243-SegmentedRaftLogWorker: safeCacheEvictIndex: setUnconditionally 0 -> -1
2021-08-31 13:03:48,287 [pool-131-thread-1] INFO  server.RaftServerConfigKeys (ConfUtils.java:logGet(44)) - raft.server.snapshot.auto.trigger.enabled = true (custom)
2021-08-31 13:03:48,287 [pool-131-thread-1] INFO  server.RaftServerConfigKeys (ConfUtils.java:logGet(44)) - raft.server.snapshot.auto.trigger.threshold = 10000 (custom)
2021-08-31 13:03:48,287 [pool-131-thread-1] INFO  server.RaftServerConfigKeys (ConfUtils.java:logGet(44)) - raft.server.snapshot.retention.file.num = 5 (custom)
2021-08-31 13:03:48,287 [pool-131-thread-1] INFO  server.RaftServerConfigKeys (ConfUtils.java:logGet(44)) - raft.server.log.purge.upto.snapshot.index = false (default)
2021-08-31 13:03:48,287 [pool-131-thread-1] INFO  server.RaftServerConfigKeys (ConfUtils.java:logGet(44)) - raft.server.retrycache.expirytime = 600000ms (custom)
2021-08-31 13:03:48,287 [pool-131-thread-1] INFO  server.RaftServerConfigKeys (ConfUtils.java:logGet(44)) - raft.server.retrycache.statistics.expirytime = 100μs (default)
2021-08-31 13:03:48,288 [pool-131-thread-1] INFO  server.RaftServer$Division (RaftServerImpl.java:start(296)) - c1e41c75-4b16-43e8-a71d-6e9134c212c3@group-F061A452FCA2: start as a follower, conf=-1: [c1e41c75-4b16-43e8-a71d-6e9134c212c3|rpc:10.1.0.6:40007|priority:1], old=null
2021-08-31 13:03:48,288 [pool-131-thread-1] INFO  server.RaftServer$Division (RaftServerImpl.java:setRole(285)) - c1e41c75-4b16-43e8-a71d-6e9134c212c3@group-F061A452FCA2: changes role from      null to FOLLOWER at term 0 for startAsFollower
2021-08-31 13:03:48,288 [pool-131-thread-1] INFO  impl.RoleInfo (RoleInfo.java:updateAndGet(130)) - c1e41c75-4b16-43e8-a71d-6e9134c212c3: start c1e41c75-4b16-43e8-a71d-6e9134c212c3@group-F061A452FCA2-FollowerState
2021-08-31 13:03:48,291 [pool-131-thread-1] INFO  util.JmxRegister (JmxRegister.java:tryRegister(44)) - Successfully registered JMX Bean with object name Ratis:service=RaftServer,group=group-F061A452FCA2,id=c1e41c75-4b16-43e8-a71d-6e9134c212c3
2021-08-31 13:03:48,291 [pool-131-thread-1] INFO  server.RaftServer$Division (RaftServerImpl.java:start(296)) - c1e41c75-4b16-43e8-a71d-6e9134c212c3@group-137DB946C243: start as a follower, conf=-1: [1a766833-fcfc-4255-a382-49e3d560613d|rpc:10.1.0.6:42143|dataStream:|priority:0, 48a67b91-f7be-40c9-a901-78f22c1148cd|rpc:10.1.0.6:46047|dataStream:|priority:0, c1e41c75-4b16-43e8-a71d-6e9134c212c3|rpc:10.1.0.6:40007|dataStream:|priority:1], old=null
2021-08-31 13:03:48,291 [pool-131-thread-1] INFO  server.RaftServer$Division (RaftServerImpl.java:setRole(285)) - c1e41c75-4b16-43e8-a71d-6e9134c212c3@group-137DB946C243: changes role from      null to FOLLOWER at term 0 for startAsFollower
2021-08-31 13:03:48,291 [pool-131-thread-1] INFO  impl.RoleInfo (RoleInfo.java:updateAndGet(130)) - c1e41c75-4b16-43e8-a71d-6e9134c212c3: start c1e41c75-4b16-43e8-a71d-6e9134c212c3@group-137DB946C243-FollowerState
2021-08-31 13:03:48,292 [Command processor thread] INFO  ratis.XceiverServerRatis (XceiverServerRatis.java:addGroup(763)) - Created group PipelineID=d781a6dc-ac9c-42c3-b345-f061a452fca2
2021-08-31 13:03:48,292 [Command processor thread] INFO  commandhandler.CreatePipelineCommandHandler (CreatePipelineCommandHandler.java:handle(106)) - Created Pipeline RATIS ONE PipelineID=d781a6dc-ac9c-42c3-b345-f061a452fca2.
2021-08-31 13:03:48,292 [pool-131-thread-1] INFO  util.JmxRegister (JmxRegister.java:tryRegister(44)) - Successfully registered JMX Bean with object name Ratis:service=RaftServer,group=group-137DB946C243,id=c1e41c75-4b16-43e8-a71d-6e9134c212c3
2021-08-31 13:03:48,301 [Command processor thread] INFO  commandhandler.CreatePipelineCommandHandler (CreatePipelineCommandHandler.java:handle(106)) - Created Pipeline RATIS THREE PipelineID=6e23b98f-af44-4730-81c6-137db946c243.
2021-08-31 13:03:48,446 [Command processor thread] INFO  server.RaftServer (RaftServerProxy.java:addNew(95)) - 1a766833-fcfc-4255-a382-49e3d560613d: addNew group-42EB7E805CEB:[1a766833-fcfc-4255-a382-49e3d560613d|rpc:10.1.0.6:42143|priority:1] returns group-42EB7E805CEB:java.util.concurrent.CompletableFuture@bbf51bd[Not completed]
2021-08-31 13:03:48,448 [pool-150-thread-1] INFO  server.RaftServer$Division (RaftServerImpl.java:<init>(181)) - 1a766833-fcfc-4255-a382-49e3d560613d: new RaftServerImpl for group-42EB7E805CEB:[1a766833-fcfc-4255-a382-49e3d560613d|rpc:10.1.0.6:42143|priority:1] with ContainerStateMachine:uninitialized
2021-08-31 13:03:48,448 [pool-150-thread-1] INFO  server.RaftServerConfigKeys (ConfUtils.java:logGet(44)) - raft.server.rpc.timeout.min = 5s (custom)
2021-08-31 13:03:48,448 [pool-150-thread-1] INFO  server.RaftServerConfigKeys (ConfUtils.java:logGet(44)) - raft.server.rpc.timeout.max = 5200ms (custom)
2021-08-31 13:03:48,448 [pool-150-thread-1] INFO  server.RaftServerConfigKeys (ConfUtils.java:logGet(44)) - raft.server.rpc.sleep.time = 25ms (default)
2021-08-31 13:03:48,449 [pool-150-thread-1] INFO  server.RaftServerConfigKeys (ConfUtils.java:logGet(44)) - raft.server.rpc.slowness.timeout = 300000ms (custom)
2021-08-31 13:03:48,449 [pool-150-thread-1] INFO  server.RaftServerConfigKeys (ConfUtils.java:logGet(44)) - raft.server.leaderelection.leader.step-down.wait-time = 10s (default)
2021-08-31 13:03:48,449 [pool-150-thread-1] INFO  server.RaftServerConfigKeys (ConfUtils.java:logGet(44)) - raft.server.sleep.deviation.threshold = 300ms (default)
2021-08-31 13:03:48,449 [pool-150-thread-1] INFO  server.RaftServerConfigKeys (ConfUtils.java:logGet(44)) - raft.server.log.appender.install.snapshot.enabled = false (custom)
2021-08-31 13:03:48,449 [pool-150-thread-1] INFO  server.RaftServer$Division (ServerState.java:<init>(105)) - 1a766833-fcfc-4255-a382-49e3d560613d@group-42EB7E805CEB: ConfigurationManager, init=-1: [1a766833-fcfc-4255-a382-49e3d560613d|rpc:10.1.0.6:42143|priority:1], old=null, confs=<EMPTY_MAP>
2021-08-31 13:03:48,449 [pool-150-thread-1] INFO  server.RaftServerConfigKeys (ConfUtils.java:logGet(44)) - raft.server.storage.dir = [/home/runner/work/ozone/ozone/hadoop-ozone/integration-test/target/test-dir/MiniOzoneClusterImpl-24712a27-71f7-429c-8ffb-97a1a53f740d/datanode-5/data/ratis] (custom)
2021-08-31 13:03:48,449 [pool-150-thread-1] INFO  server.RaftServerConfigKeys (ConfUtils.java:logGet(44)) - raft.server.log.corruption.policy = EXCEPTION (default)
2021-08-31 13:03:48,449 [pool-150-thread-1] INFO  server.RaftServerConfigKeys (ConfUtils.java:logGet(44)) - raft.server.storage.free-space.min = 0MB (=0) (default)
2021-08-31 13:03:48,449 [pool-150-thread-1] INFO  storage.RaftStorageDirectory (RaftStorageDirectoryImpl.java:analyzeStorage(135)) - The storage directory /home/runner/work/ozone/ozone/hadoop-ozone/integration-test/target/test-dir/MiniOzoneClusterImpl-24712a27-71f7-429c-8ffb-97a1a53f740d/datanode-5/data/ratis/acf90615-c5c5-4b40-8d34-42eb7e805ceb does not exist. Creating ...
2021-08-31 13:03:48,451 [pool-150-thread-1] INFO  storage.RaftStorageDirectory (RaftStorageDirectoryImpl.java:tryLock(230)) - Lock on /home/runner/work/ozone/ozone/hadoop-ozone/integration-test/target/test-dir/MiniOzoneClusterImpl-24712a27-71f7-429c-8ffb-97a1a53f740d/datanode-5/data/ratis/acf90615-c5c5-4b40-8d34-42eb7e805ceb/in_use.lock acquired by nodename 21644@fv-az151-142
2021-08-31 13:03:48,452 [pool-150-thread-1] INFO  storage.RaftStorage (RaftStorageImpl.java:format(89)) - Storage directory /home/runner/work/ozone/ozone/hadoop-ozone/integration-test/target/test-dir/MiniOzoneClusterImpl-24712a27-71f7-429c-8ffb-97a1a53f740d/datanode-5/data/ratis/acf90615-c5c5-4b40-8d34-42eb7e805ceb has been successfully formatted.
2021-08-31 13:03:48,452 [pool-150-thread-1] INFO  ratis.ContainerStateMachine (ContainerStateMachine.java:loadSnapshot(224)) - group-42EB7E805CEB: The snapshot info is null. Setting the last applied indexto:(t:0, i:~)
2021-08-31 13:03:48,452 [pool-150-thread-1] INFO  server.RaftServerConfigKeys (ConfUtils.java:logGet(44)) - raft.server.notification.no-leader.timeout = 300000ms (custom)
2021-08-31 13:03:48,453 [pool-150-thread-1] INFO  server.RaftServerConfigKeys (ConfUtils.java:logGet(44)) - raft.server.log.use.memory = false (default)
2021-08-31 13:03:48,453 [pool-150-thread-1] INFO  server.RaftServerConfigKeys (ConfUtils.java:logGet(44)) - raft.server.log.purge.gap = 1000000 (custom)
2021-08-31 13:03:48,453 [pool-150-thread-1] INFO  server.RaftServerConfigKeys (ConfUtils.java:logGet(44)) - raft.server.log.appender.buffer.byte-limit = 33554432 (custom)
2021-08-31 13:03:48,454 [EventQueue-PipelineReportForPipelineReportHandler] INFO  pipeline.PipelineManagerImpl (PipelineManagerImpl.java:openPipeline(282)) - Pipeline Pipeline[ Id: acf90615-c5c5-4b40-8d34-42eb7e805ceb, Nodes: 1a766833-fcfc-4255-a382-49e3d560613d{ip: 10.1.0.6, host: fv-az151-142, ports: [REPLICATION=42713, RATIS=42143, RATIS_ADMIN=42143, RATIS_SERVER=42143, STANDALONE=45095], networkLocation: /default-rack, certSerialId: null, persistedOpState: IN_SERVICE, persistedOpStateExpiryEpochSec: 0}, ReplicationConfig: RATIS/ONE, State:ALLOCATED, leaderId:1a766833-fcfc-4255-a382-49e3d560613d, CreationTimestamp2021-08-31T13:03:45.452Z[Etc/UTC]] moved to OPEN state
2021-08-31 13:03:48,454 [EventQueue-OpenPipelineForHealthyPipelineSafeModeRule] INFO  safemode.SCMSafeModeManager (HealthyPipelineSafeModeRule.java:process(124)) - SCM in safe mode. Healthy pipelines reported count is 0, required healthy pipeline reported count is 1
2021-08-31 13:03:48,454 [pool-150-thread-1] INFO  server.RaftServerConfigKeys (ConfUtils.java:logGet(44)) - raft.server.log.segment.size.max = 1048576 (custom)
2021-08-31 13:03:48,456 [pool-150-thread-1] INFO  server.RaftServerConfigKeys (ConfUtils.java:logGet(44)) - raft.server.log.segment.cache.num.max = 2 (custom)
2021-08-31 13:03:48,456 [pool-150-thread-1] INFO  server.RaftServerConfigKeys (ConfUtils.java:logGet(44)) - raft.server.log.segment.cache.size.max = 200MB (=209715200) (default)
2021-08-31 13:03:48,456 [pool-150-thread-1] INFO  segmented.SegmentedRaftLogWorker (SegmentedRaftLogWorker.java:<init>(182)) - new 1a766833-fcfc-4255-a382-49e3d560613d@group-42EB7E805CEB-SegmentedRaftLogWorker for RaftStorageImpl:Storage Directory /home/runner/work/ozone/ozone/hadoop-ozone/integration-test/target/test-dir/MiniOzoneClusterImpl-24712a27-71f7-429c-8ffb-97a1a53f740d/datanode-5/data/ratis/acf90615-c5c5-4b40-8d34-42eb7e805ceb
2021-08-31 13:03:48,456 [pool-150-thread-1] INFO  server.RaftServerConfigKeys (ConfUtils.java:logGet(44)) - raft.server.log.queue.byte-limit = 2147483647 (custom)
2021-08-31 13:03:48,456 [pool-150-thread-1] INFO  server.RaftServerConfigKeys (ConfUtils.java:logGet(44)) - raft.server.log.queue.element-limit = 1024 (custom)
2021-08-31 13:03:48,456 [pool-150-thread-1] INFO  server.RaftServerConfigKeys (ConfUtils.java:logGet(44)) - raft.server.log.segment.size.max = 1048576 (custom)
2021-08-31 13:03:48,456 [pool-150-thread-1] INFO  server.RaftServerConfigKeys (ConfUtils.java:logGet(44)) - raft.server.log.preallocated.size = 16384 (custom)
2021-08-31 13:03:48,456 [pool-150-thread-1] INFO  server.RaftServerConfigKeys (ConfUtils.java:logGet(44)) - raft.server.log.force.sync.num = 128 (default)
2021-08-31 13:03:48,456 [pool-150-thread-1] INFO  server.RaftServerConfigKeys (ConfUtils.java:logGet(44)) - raft.server.log.statemachine.data.sync = true (default)
2021-08-31 13:03:48,456 [pool-150-thread-1] INFO  server.RaftServerConfigKeys (ConfUtils.java:logGet(44)) - raft.server.log.statemachine.data.sync.timeout = 10s (default)
2021-08-31 13:03:48,456 [pool-150-thread-1] INFO  server.RaftServerConfigKeys (ConfUtils.java:logGet(44)) - raft.server.log.statemachine.data.sync.timeout.retry = -1 (default)
2021-08-31 13:03:48,457 [pool-150-thread-1] INFO  server.RaftServerConfigKeys (ConfUtils.java:logGet(44)) - raft.server.log.write.buffer.size = 1048576 (custom)
2021-08-31 13:03:48,458 [pool-150-thread-1] INFO  server.RaftServerConfigKeys (ConfUtils.java:logGet(44)) - raft.server.log.statemachine.data.caching.enabled = true (custom)
2021-08-31 13:03:48,458 [pool-150-thread-1] INFO  segmented.SegmentedRaftLogWorker (SegmentedRaftLogWorker.java:lambda$new$0(133)) - 1a766833-fcfc-4255-a382-49e3d560613d@group-42EB7E805CEB-SegmentedRaftLogWorker: flushIndex: setUnconditionally 0 -> -1
2021-08-31 13:03:48,459 [pool-150-thread-1] INFO  segmented.SegmentedRaftLogWorker (SegmentedRaftLogWorker.java:lambda$new$0(133)) - 1a766833-fcfc-4255-a382-49e3d560613d@group-42EB7E805CEB-SegmentedRaftLogWorker: safeCacheEvictIndex: setUnconditionally 0 -> -1
2021-08-31 13:03:48,460 [pool-150-thread-1] INFO  server.RaftServerConfigKeys (ConfUtils.java:logGet(44)) - raft.server.snapshot.auto.trigger.enabled = true (custom)
2021-08-31 13:03:48,461 [pool-150-thread-1] INFO  server.RaftServerConfigKeys (ConfUtils.java:logGet(44)) - raft.server.snapshot.auto.trigger.threshold = 10000 (custom)
2021-08-31 13:03:48,461 [pool-150-thread-1] INFO  server.RaftServerConfigKeys (ConfUtils.java:logGet(44)) - raft.server.snapshot.retention.file.num = 5 (custom)
2021-08-31 13:03:48,461 [pool-150-thread-1] INFO  server.RaftServerConfigKeys (ConfUtils.java:logGet(44)) - raft.server.log.purge.upto.snapshot.index = false (default)
2021-08-31 13:03:48,461 [pool-150-thread-1] INFO  server.RaftServerConfigKeys (ConfUtils.java:logGet(44)) - raft.server.retrycache.expirytime = 600000ms (custom)
2021-08-31 13:03:48,461 [pool-150-thread-1] INFO  server.RaftServerConfigKeys (ConfUtils.java:logGet(44)) - raft.server.retrycache.statistics.expirytime = 100μs (default)
2021-08-31 13:03:48,462 [pool-150-thread-1] INFO  server.RaftServer$Division (RaftServerImpl.java:start(296)) - 1a766833-fcfc-4255-a382-49e3d560613d@group-42EB7E805CEB: start as a follower, conf=-1: [1a766833-fcfc-4255-a382-49e3d560613d|rpc:10.1.0.6:42143|priority:1], old=null
2021-08-31 13:03:48,462 [pool-150-thread-1] INFO  server.RaftServer$Division (RaftServerImpl.java:setRole(285)) - 1a766833-fcfc-4255-a382-49e3d560613d@group-42EB7E805CEB: changes role from      null to FOLLOWER at term 0 for startAsFollower
2021-08-31 13:03:48,462 [pool-150-thread-1] INFO  impl.RoleInfo (RoleInfo.java:updateAndGet(130)) - 1a766833-fcfc-4255-a382-49e3d560613d: start 1a766833-fcfc-4255-a382-49e3d560613d@group-42EB7E805CEB-FollowerState
2021-08-31 13:03:48,462 [pool-150-thread-1] INFO  util.JmxRegister (JmxRegister.java:tryRegister(44)) - Successfully registered JMX Bean with object name Ratis:service=RaftServer,group=group-42EB7E805CEB,id=1a766833-fcfc-4255-a382-49e3d560613d
2021-08-31 13:03:48,463 [Command processor thread] INFO  ratis.XceiverServerRatis (XceiverServerRatis.java:addGroup(763)) - Created group PipelineID=acf90615-c5c5-4b40-8d34-42eb7e805ceb
2021-08-31 13:03:48,463 [Command processor thread] INFO  commandhandler.CreatePipelineCommandHandler (CreatePipelineCommandHandler.java:handle(106)) - Created Pipeline RATIS ONE PipelineID=acf90615-c5c5-4b40-8d34-42eb7e805ceb.
2021-08-31 13:03:48,656 [Command processor thread] INFO  server.RaftServer (RaftServerProxy.java:addNew(95)) - 824157db-23a7-404e-be12-869143e8adda: addNew group-DB6D28CD4AF5:[824157db-23a7-404e-be12-869143e8adda|rpc:10.1.0.6:33221|priority:1] returns group-DB6D28CD4AF5:java.util.concurrent.CompletableFuture@335a92a5[Not completed]
2021-08-31 13:03:48,658 [pool-169-thread-1] INFO  server.RaftServer$Division (RaftServerImpl.java:<init>(181)) - 824157db-23a7-404e-be12-869143e8adda: new RaftServerImpl for group-DB6D28CD4AF5:[824157db-23a7-404e-be12-869143e8adda|rpc:10.1.0.6:33221|priority:1] with ContainerStateMachine:uninitialized
2021-08-31 13:03:48,659 [pool-169-thread-1] INFO  server.RaftServerConfigKeys (ConfUtils.java:logGet(44)) - raft.server.rpc.timeout.min = 5s (custom)
2021-08-31 13:03:48,659 [pool-169-thread-1] INFO  server.RaftServerConfigKeys (ConfUtils.java:logGet(44)) - raft.server.rpc.timeout.max = 5200ms (custom)
2021-08-31 13:03:48,659 [pool-169-thread-1] INFO  server.RaftServerConfigKeys (ConfUtils.java:logGet(44)) - raft.server.rpc.sleep.time = 25ms (default)
2021-08-31 13:03:48,659 [pool-169-thread-1] INFO  server.RaftServerConfigKeys (ConfUtils.java:logGet(44)) - raft.server.rpc.slowness.timeout = 300000ms (custom)
2021-08-31 13:03:48,659 [pool-169-thread-1] INFO  server.RaftServerConfigKeys (ConfUtils.java:logGet(44)) - raft.server.leaderelection.leader.step-down.wait-time = 10s (default)
2021-08-31 13:03:48,659 [pool-169-thread-1] INFO  server.RaftServerConfigKeys (ConfUtils.java:logGet(44)) - raft.server.sleep.deviation.threshold = 300ms (default)
2021-08-31 13:03:48,659 [pool-169-thread-1] INFO  server.RaftServerConfigKeys (ConfUtils.java:logGet(44)) - raft.server.log.appender.install.snapshot.enabled = false (custom)
2021-08-31 13:03:48,659 [pool-169-thread-1] INFO  server.RaftServer$Division (ServerState.java:<init>(105)) - 824157db-23a7-404e-be12-869143e8adda@group-DB6D28CD4AF5: ConfigurationManager, init=-1: [824157db-23a7-404e-be12-869143e8adda|rpc:10.1.0.6:33221|priority:1], old=null, confs=<EMPTY_MAP>
2021-08-31 13:03:48,659 [pool-169-thread-1] INFO  server.RaftServerConfigKeys (ConfUtils.java:logGet(44)) - raft.server.storage.dir = [/home/runner/work/ozone/ozone/hadoop-ozone/integration-test/target/test-dir/MiniOzoneClusterImpl-24712a27-71f7-429c-8ffb-97a1a53f740d/datanode-6/data/ratis] (custom)
2021-08-31 13:03:48,660 [pool-169-thread-1] INFO  server.RaftServerConfigKeys (ConfUtils.java:logGet(44)) - raft.server.log.corruption.policy = EXCEPTION (default)
2021-08-31 13:03:48,660 [pool-169-thread-1] INFO  server.RaftServerConfigKeys (ConfUtils.java:logGet(44)) - raft.server.storage.free-space.min = 0MB (=0) (default)
2021-08-31 13:03:48,660 [pool-169-thread-1] INFO  storage.RaftStorageDirectory (RaftStorageDirectoryImpl.java:analyzeStorage(135)) - The storage directory /home/runner/work/ozone/ozone/hadoop-ozone/integration-test/target/test-dir/MiniOzoneClusterImpl-24712a27-71f7-429c-8ffb-97a1a53f740d/datanode-6/data/ratis/0ba0ef12-4c24-414b-ac07-db6d28cd4af5 does not exist. Creating ...
2021-08-31 13:03:48,661 [pool-169-thread-1] INFO  storage.RaftStorageDirectory (RaftStorageDirectoryImpl.java:tryLock(230)) - Lock on /home/runner/work/ozone/ozone/hadoop-ozone/integration-test/target/test-dir/MiniOzoneClusterImpl-24712a27-71f7-429c-8ffb-97a1a53f740d/datanode-6/data/ratis/0ba0ef12-4c24-414b-ac07-db6d28cd4af5/in_use.lock acquired by nodename 21644@fv-az151-142
2021-08-31 13:03:48,662 [Listener at 127.0.0.1/38495] INFO  ozone.MiniOzoneClusterImpl (MiniOzoneClusterImpl.java:lambda$waitForClusterToBeReady$0(235)) - Nodes are ready. Got 7 of 7 DN Heartbeats.
2021-08-31 13:03:48,662 [Listener at 127.0.0.1/38495] INFO  ozone.MiniOzoneClusterImpl (MiniOzoneClusterImpl.java:lambda$waitForClusterToBeReady$0(238)) - Waiting for cluster to exit safe mode
2021-08-31 13:03:48,662 [Listener at 127.0.0.1/38495] INFO  ozone.MiniOzoneClusterImpl (MiniOzoneClusterImpl.java:lambda$waitForClusterToBeReady$0(240)) - SCM became leader
2021-08-31 13:03:48,663 [pool-169-thread-1] INFO  storage.RaftStorage (RaftStorageImpl.java:format(89)) - Storage directory /home/runner/work/ozone/ozone/hadoop-ozone/integration-test/target/test-dir/MiniOzoneClusterImpl-24712a27-71f7-429c-8ffb-97a1a53f740d/datanode-6/data/ratis/0ba0ef12-4c24-414b-ac07-db6d28cd4af5 has been successfully formatted.
2021-08-31 13:03:48,664 [pool-169-thread-1] INFO  ratis.ContainerStateMachine (ContainerStateMachine.java:loadSnapshot(224)) - group-DB6D28CD4AF5: The snapshot info is null. Setting the last applied indexto:(t:0, i:~)
2021-08-31 13:03:48,664 [pool-169-thread-1] INFO  server.RaftServerConfigKeys (ConfUtils.java:logGet(44)) - raft.server.notification.no-leader.timeout = 300000ms (custom)
2021-08-31 13:03:48,664 [pool-169-thread-1] INFO  server.RaftServerConfigKeys (ConfUtils.java:logGet(44)) - raft.server.log.use.memory = false (default)
2021-08-31 13:03:48,665 [pool-169-thread-1] INFO  server.RaftServerConfigKeys (ConfUtils.java:logGet(44)) - raft.server.log.purge.gap = 1000000 (custom)
2021-08-31 13:03:48,665 [pool-169-thread-1] INFO  server.RaftServerConfigKeys (ConfUtils.java:logGet(44)) - raft.server.log.appender.buffer.byte-limit = 33554432 (custom)
2021-08-31 13:03:48,665 [pool-169-thread-1] INFO  server.RaftServerConfigKeys (ConfUtils.java:logGet(44)) - raft.server.log.segment.size.max = 1048576 (custom)
2021-08-31 13:03:48,665 [EventQueue-PipelineReportForPipelineReportHandler] INFO  pipeline.PipelineManagerImpl (PipelineManagerImpl.java:openPipeline(282)) - Pipeline Pipeline[ Id: 0ba0ef12-4c24-414b-ac07-db6d28cd4af5, Nodes: 824157db-23a7-404e-be12-869143e8adda{ip: 10.1.0.6, host: fv-az151-142, ports: [REPLICATION=40363, RATIS=33221, RATIS_ADMIN=33221, RATIS_SERVER=33221, STANDALONE=39145], networkLocation: /default-rack, certSerialId: null, persistedOpState: IN_SERVICE, persistedOpStateExpiryEpochSec: 0}, ReplicationConfig: RATIS/ONE, State:ALLOCATED, leaderId:824157db-23a7-404e-be12-869143e8adda, CreationTimestamp2021-08-31T13:03:45.660Z[Etc/UTC]] moved to OPEN state
2021-08-31 13:03:48,665 [pool-169-thread-1] INFO  server.RaftServerConfigKeys (ConfUtils.java:logGet(44)) - raft.server.log.segment.cache.num.max = 2 (custom)
2021-08-31 13:03:48,667 [pool-169-thread-1] INFO  server.RaftServerConfigKeys (ConfUtils.java:logGet(44)) - raft.server.log.segment.cache.size.max = 200MB (=209715200) (default)
2021-08-31 13:03:48,667 [pool-169-thread-1] INFO  segmented.SegmentedRaftLogWorker (SegmentedRaftLogWorker.java:<init>(182)) - new 824157db-23a7-404e-be12-869143e8adda@group-DB6D28CD4AF5-SegmentedRaftLogWorker for RaftStorageImpl:Storage Directory /home/runner/work/ozone/ozone/hadoop-ozone/integration-test/target/test-dir/MiniOzoneClusterImpl-24712a27-71f7-429c-8ffb-97a1a53f740d/datanode-6/data/ratis/0ba0ef12-4c24-414b-ac07-db6d28cd4af5
2021-08-31 13:03:48,667 [pool-169-thread-1] INFO  server.RaftServerConfigKeys (ConfUtils.java:logGet(44)) - raft.server.log.queue.byte-limit = 2147483647 (custom)
2021-08-31 13:03:48,667 [pool-169-thread-1] INFO  server.RaftServerConfigKeys (ConfUtils.java:logGet(44)) - raft.server.log.queue.element-limit = 1024 (custom)
2021-08-31 13:03:48,667 [pool-169-thread-1] INFO  server.RaftServerConfigKeys (ConfUtils.java:logGet(44)) - raft.server.log.segment.size.max = 1048576 (custom)
2021-08-31 13:03:48,667 [pool-169-thread-1] INFO  server.RaftServerConfigKeys (ConfUtils.java:logGet(44)) - raft.server.log.preallocated.size = 16384 (custom)
2021-08-31 13:03:48,667 [pool-169-thread-1] INFO  server.RaftServerConfigKeys (ConfUtils.java:logGet(44)) - raft.server.log.force.sync.num = 128 (default)
2021-08-31 13:03:48,667 [pool-169-thread-1] INFO  server.RaftServerConfigKeys (ConfUtils.java:logGet(44)) - raft.server.log.statemachine.data.sync = true (default)
2021-08-31 13:03:48,667 [pool-169-thread-1] INFO  server.RaftServerConfigKeys (ConfUtils.java:logGet(44)) - raft.server.log.statemachine.data.sync.timeout = 10s (default)
2021-08-31 13:03:48,667 [pool-169-thread-1] INFO  server.RaftServerConfigKeys (ConfUtils.java:logGet(44)) - raft.server.log.statemachine.data.sync.timeout.retry = -1 (default)
2021-08-31 13:03:48,668 [pool-169-thread-1] INFO  server.RaftServerConfigKeys (ConfUtils.java:logGet(44)) - raft.server.log.write.buffer.size = 1048576 (custom)
2021-08-31 13:03:48,669 [pool-169-thread-1] INFO  server.RaftServerConfigKeys (ConfUtils.java:logGet(44)) - raft.server.log.statemachine.data.caching.enabled = true (custom)
2021-08-31 13:03:48,669 [pool-169-thread-1] INFO  segmented.SegmentedRaftLogWorker (SegmentedRaftLogWorker.java:lambda$new$0(133)) - 824157db-23a7-404e-be12-869143e8adda@group-DB6D28CD4AF5-SegmentedRaftLogWorker: flushIndex: setUnconditionally 0 -> -1
2021-08-31 13:03:48,669 [pool-169-thread-1] INFO  segmented.SegmentedRaftLogWorker (SegmentedRaftLogWorker.java:lambda$new$0(133)) - 824157db-23a7-404e-be12-869143e8adda@group-DB6D28CD4AF5-SegmentedRaftLogWorker: safeCacheEvictIndex: setUnconditionally 0 -> -1
2021-08-31 13:03:48,670 [EventQueue-OpenPipelineForHealthyPipelineSafeModeRule] INFO  safemode.SCMSafeModeManager (HealthyPipelineSafeModeRule.java:process(124)) - SCM in safe mode. Healthy pipelines reported count is 0, required healthy pipeline reported count is 1
2021-08-31 13:03:48,679 [pool-169-thread-1] INFO  server.RaftServerConfigKeys (ConfUtils.java:logGet(44)) - raft.server.snapshot.auto.trigger.enabled = true (custom)
2021-08-31 13:03:48,679 [pool-169-thread-1] INFO  server.RaftServerConfigKeys (ConfUtils.java:logGet(44)) - raft.server.snapshot.auto.trigger.threshold = 10000 (custom)
2021-08-31 13:03:48,679 [pool-169-thread-1] INFO  server.RaftServerConfigKeys (ConfUtils.java:logGet(44)) - raft.server.snapshot.retention.file.num = 5 (custom)
2021-08-31 13:03:48,679 [pool-169-thread-1] INFO  server.RaftServerConfigKeys (ConfUtils.java:logGet(44)) - raft.server.log.purge.upto.snapshot.index = false (default)
2021-08-31 13:03:48,680 [pool-169-thread-1] INFO  server.RaftServerConfigKeys (ConfUtils.java:logGet(44)) - raft.server.retrycache.expirytime = 600000ms (custom)
2021-08-31 13:03:48,680 [pool-169-thread-1] INFO  server.RaftServerConfigKeys (ConfUtils.java:logGet(44)) - raft.server.retrycache.statistics.expirytime = 100μs (default)
2021-08-31 13:03:48,681 [pool-169-thread-1] INFO  server.RaftServer$Division (RaftServerImpl.java:start(296)) - 824157db-23a7-404e-be12-869143e8adda@group-DB6D28CD4AF5: start as a follower, conf=-1: [824157db-23a7-404e-be12-869143e8adda|rpc:10.1.0.6:33221|priority:1], old=null
2021-08-31 13:03:48,681 [pool-169-thread-1] INFO  server.RaftServer$Division (RaftServerImpl.java:setRole(285)) - 824157db-23a7-404e-be12-869143e8adda@group-DB6D28CD4AF5: changes role from      null to FOLLOWER at term 0 for startAsFollower
2021-08-31 13:03:48,681 [pool-169-thread-1] INFO  impl.RoleInfo (RoleInfo.java:updateAndGet(130)) - 824157db-23a7-404e-be12-869143e8adda: start 824157db-23a7-404e-be12-869143e8adda@group-DB6D28CD4AF5-FollowerState
2021-08-31 13:03:48,685 [pool-169-thread-1] INFO  util.JmxRegister (JmxRegister.java:tryRegister(44)) - Successfully registered JMX Bean with object name Ratis:service=RaftServer,group=group-DB6D28CD4AF5,id=824157db-23a7-404e-be12-869143e8adda
2021-08-31 13:03:48,686 [Command processor thread] INFO  ratis.XceiverServerRatis (XceiverServerRatis.java:addGroup(763)) - Created group PipelineID=0ba0ef12-4c24-414b-ac07-db6d28cd4af5
2021-08-31 13:03:48,688 [Command processor thread] INFO  commandhandler.CreatePipelineCommandHandler (CreatePipelineCommandHandler.java:handle(106)) - Created Pipeline RATIS ONE PipelineID=0ba0ef12-4c24-414b-ac07-db6d28cd4af5.
2021-08-31 13:03:49,663 [Listener at 127.0.0.1/38495] INFO  ozone.MiniOzoneClusterImpl (MiniOzoneClusterImpl.java:lambda$waitForClusterToBeReady$0(235)) - Nodes are ready. Got 7 of 7 DN Heartbeats.
2021-08-31 13:03:49,663 [Listener at 127.0.0.1/38495] INFO  ozone.MiniOzoneClusterImpl (MiniOzoneClusterImpl.java:lambda$waitForClusterToBeReady$0(238)) - Waiting for cluster to exit safe mode
2021-08-31 13:03:49,663 [Listener at 127.0.0.1/38495] INFO  ozone.MiniOzoneClusterImpl (MiniOzoneClusterImpl.java:lambda$waitForClusterToBeReady$0(240)) - SCM became leader
2021-08-31 13:03:50,663 [Listener at 127.0.0.1/38495] INFO  ozone.MiniOzoneClusterImpl (MiniOzoneClusterImpl.java:lambda$waitForClusterToBeReady$0(235)) - Nodes are ready. Got 7 of 7 DN Heartbeats.
2021-08-31 13:03:50,664 [Listener at 127.0.0.1/38495] INFO  ozone.MiniOzoneClusterImpl (MiniOzoneClusterImpl.java:lambda$waitForClusterToBeReady$0(238)) - Waiting for cluster to exit safe mode
2021-08-31 13:03:50,664 [Listener at 127.0.0.1/38495] INFO  ozone.MiniOzoneClusterImpl (MiniOzoneClusterImpl.java:lambda$waitForClusterToBeReady$0(240)) - SCM became leader
2021-08-31 13:03:51,664 [Listener at 127.0.0.1/38495] INFO  ozone.MiniOzoneClusterImpl (MiniOzoneClusterImpl.java:lambda$waitForClusterToBeReady$0(235)) - Nodes are ready. Got 7 of 7 DN Heartbeats.
2021-08-31 13:03:51,664 [Listener at 127.0.0.1/38495] INFO  ozone.MiniOzoneClusterImpl (MiniOzoneClusterImpl.java:lambda$waitForClusterToBeReady$0(238)) - Waiting for cluster to exit safe mode
2021-08-31 13:03:51,664 [Listener at 127.0.0.1/38495] INFO  ozone.MiniOzoneClusterImpl (MiniOzoneClusterImpl.java:lambda$waitForClusterToBeReady$0(240)) - SCM became leader
2021-08-31 13:03:52,176 [fde2103a-ce00-4253-a576-ea8232893539@group-74E31EBC5B11-FollowerState] INFO  impl.FollowerState (FollowerState.java:run(134)) - fde2103a-ce00-4253-a576-ea8232893539@group-74E31EBC5B11-FollowerState: change to CANDIDATE, lastRpcElapsedTime:5030017173ns, electionTimeout:5012ms
2021-08-31 13:03:52,176 [fde2103a-ce00-4253-a576-ea8232893539@group-74E31EBC5B11-FollowerState] INFO  impl.RoleInfo (RoleInfo.java:shutdownFollowerState(108)) - fde2103a-ce00-4253-a576-ea8232893539: shutdown fde2103a-ce00-4253-a576-ea8232893539@group-74E31EBC5B11-FollowerState
2021-08-31 13:03:52,176 [fde2103a-ce00-4253-a576-ea8232893539@group-74E31EBC5B11-FollowerState] INFO  server.RaftServer$Division (RaftServerImpl.java:setRole(285)) - fde2103a-ce00-4253-a576-ea8232893539@group-74E31EBC5B11: changes role from  FOLLOWER to CANDIDATE at term 0 for changeToCandidate
2021-08-31 13:03:52,177 [fde2103a-ce00-4253-a576-ea8232893539@group-74E31EBC5B11-FollowerState] INFO  server.RaftServerConfigKeys (ConfUtils.java:logGet(44)) - raft.server.leaderelection.pre-vote = false (custom)
2021-08-31 13:03:52,177 [fde2103a-ce00-4253-a576-ea8232893539@group-74E31EBC5B11-FollowerState] INFO  impl.RoleInfo (RoleInfo.java:updateAndGet(130)) - fde2103a-ce00-4253-a576-ea8232893539: start fde2103a-ce00-4253-a576-ea8232893539@group-74E31EBC5B11-LeaderElection2
2021-08-31 13:03:52,180 [fde2103a-ce00-4253-a576-ea8232893539@group-74E31EBC5B11-LeaderElection2] INFO  impl.LeaderElection (LeaderElection.java:askForVotes(306)) - fde2103a-ce00-4253-a576-ea8232893539@group-74E31EBC5B11-LeaderElection2 ELECTION round 0: submit vote requests at term 1 for -1: [fde2103a-ce00-4253-a576-ea8232893539|rpc:10.1.0.6:43381|priority:1], old=null
2021-08-31 13:03:52,180 [fde2103a-ce00-4253-a576-ea8232893539@group-74E31EBC5B11-LeaderElection2] INFO  impl.LeaderElection (LeaderElection.java:askForVotes(308)) - fde2103a-ce00-4253-a576-ea8232893539@group-74E31EBC5B11-LeaderElection2 ELECTION round 0: result PASSED (term=1)
2021-08-31 13:03:52,180 [fde2103a-ce00-4253-a576-ea8232893539@group-74E31EBC5B11-LeaderElection2] INFO  impl.RoleInfo (RoleInfo.java:shutdownLeaderElection(121)) - fde2103a-ce00-4253-a576-ea8232893539: shutdown fde2103a-ce00-4253-a576-ea8232893539@group-74E31EBC5B11-LeaderElection2
2021-08-31 13:03:52,180 [fde2103a-ce00-4253-a576-ea8232893539@group-74E31EBC5B11-LeaderElection2] INFO  server.RaftServer$Division (RaftServerImpl.java:setRole(285)) - fde2103a-ce00-4253-a576-ea8232893539@group-74E31EBC5B11: changes role from CANDIDATE to LEADER at term 1 for changeToLeader
2021-08-31 13:03:52,180 [fde2103a-ce00-4253-a576-ea8232893539@group-74E31EBC5B11-LeaderElection2] INFO  ratis.XceiverServerRatis (XceiverServerRatis.java:handleLeaderChangedNotification(861)) - Leader change notification received for group: group-74E31EBC5B11 with new leaderId: fde2103a-ce00-4253-a576-ea8232893539
2021-08-31 13:03:52,181 [Datanode State Machine Thread - 0] WARN  statemachine.StateContext (StateContext.java:execute(621)) - No available thread in pool for past 1 seconds.
2021-08-31 13:03:52,181 [fde2103a-ce00-4253-a576-ea8232893539@group-74E31EBC5B11-LeaderElection2] INFO  server.RaftServer$Division (ServerState.java:setLeader(285)) - fde2103a-ce00-4253-a576-ea8232893539@group-74E31EBC5B11: change Leader from null to fde2103a-ce00-4253-a576-ea8232893539 at term 1 for becomeLeader, leader elected after 5044ms
2021-08-31 13:03:52,181 [fde2103a-ce00-4253-a576-ea8232893539@group-74E31EBC5B11-LeaderElection2] INFO  server.RaftServerConfigKeys (ConfUtils.java:logGet(44)) - raft.server.staging.catchup.gap = 1000 (default)
2021-08-31 13:03:52,181 [fde2103a-ce00-4253-a576-ea8232893539@group-74E31EBC5B11-LeaderElection2] INFO  server.RaftServerConfigKeys (ConfUtils.java:logGet(44)) - raft.server.write.element-limit = 1024 (custom)
2021-08-31 13:03:52,181 [fde2103a-ce00-4253-a576-ea8232893539@group-74E31EBC5B11-LeaderElection2] INFO  server.RaftServerConfigKeys (ConfUtils.java:logGet(44)) - raft.server.write.byte-limit = 1024 M (=1073741824) (custom)
2021-08-31 13:03:52,181 [fde2103a-ce00-4253-a576-ea8232893539@group-74E31EBC5B11-LeaderElection2] INFO  server.RaftServerConfigKeys (ConfUtils.java:logGet(44)) - raft.server.watch.timeout = 3000ms (custom)
2021-08-31 13:03:52,182 [fde2103a-ce00-4253-a576-ea8232893539@group-74E31EBC5B11-LeaderElection2] INFO  server.RaftServerConfigKeys (ConfUtils.java:logGet(44)) - raft.server.watch.timeout.denomination = 1s (default)
2021-08-31 13:03:52,182 [fde2103a-ce00-4253-a576-ea8232893539@group-74E31EBC5B11-LeaderElection2] INFO  server.RaftServerConfigKeys (ConfUtils.java:logGet(44)) - raft.server.watch.element-limit = 65536 (default)
2021-08-31 13:03:52,182 [fde2103a-ce00-4253-a576-ea8232893539@group-74E31EBC5B11-LeaderElection2] INFO  impl.RoleInfo (RoleInfo.java:updateAndGet(130)) - fde2103a-ce00-4253-a576-ea8232893539: start fde2103a-ce00-4253-a576-ea8232893539@group-74E31EBC5B11-LeaderStateImpl
2021-08-31 13:03:52,182 [fde2103a-ce00-4253-a576-ea8232893539@group-74E31EBC5B11-LeaderElection2] INFO  segmented.SegmentedRaftLogWorker (SegmentedRaftLogWorker.java:startLogSegment(394)) - fde2103a-ce00-4253-a576-ea8232893539@group-74E31EBC5B11-SegmentedRaftLogWorker: Starting segment from index:0
2021-08-31 13:03:52,183 [fde2103a-ce00-4253-a576-ea8232893539@group-74E31EBC5B11-SegmentedRaftLogWorker] INFO  segmented.SegmentedRaftLogWorker (SegmentedRaftLogWorker.java:execute(601)) - fde2103a-ce00-4253-a576-ea8232893539@group-74E31EBC5B11-SegmentedRaftLogWorker: created new log segment /home/runner/work/ozone/ozone/hadoop-ozone/integration-test/target/test-dir/MiniOzoneClusterImpl-24712a27-71f7-429c-8ffb-97a1a53f740d/datanode-0/data/ratis/4fe733f3-64a3-4a2c-96ed-74e31ebc5b11/current/log_inprogress_0
2021-08-31 13:03:52,184 [EventQueue-OpenPipelineForHealthyPipelineSafeModeRule] INFO  safemode.SCMSafeModeManager (HealthyPipelineSafeModeRule.java:process(124)) - SCM in safe mode. Healthy pipelines reported count is 0, required healthy pipeline reported count is 1
2021-08-31 13:03:52,195 [fde2103a-ce00-4253-a576-ea8232893539@group-74E31EBC5B11-LeaderElection2] INFO  server.RaftServer$Division (ServerState.java:setRaftConf(387)) - fde2103a-ce00-4253-a576-ea8232893539@group-74E31EBC5B11: set configuration 0: [fde2103a-ce00-4253-a576-ea8232893539|rpc:10.1.0.6:43381|dataStream:|priority:1], old=null
2021-08-31 13:03:52,299 [fde2103a-ce00-4253-a576-ea8232893539@group-862D64EF6F50-FollowerState] INFO  impl.FollowerState (FollowerState.java:run(134)) - fde2103a-ce00-4253-a576-ea8232893539@group-862D64EF6F50-FollowerState: change to CANDIDATE, lastRpcElapsedTime:5094610851ns, electionTimeout:5093ms
2021-08-31 13:03:52,300 [fde2103a-ce00-4253-a576-ea8232893539@group-862D64EF6F50-FollowerState] INFO  impl.RoleInfo (RoleInfo.java:shutdownFollowerState(108)) - fde2103a-ce00-4253-a576-ea8232893539: shutdown fde2103a-ce00-4253-a576-ea8232893539@group-862D64EF6F50-FollowerState
2021-08-31 13:03:52,300 [fde2103a-ce00-4253-a576-ea8232893539@group-862D64EF6F50-FollowerState] INFO  server.RaftServer$Division (RaftServerImpl.java:setRole(285)) - fde2103a-ce00-4253-a576-ea8232893539@group-862D64EF6F50: changes role from  FOLLOWER to CANDIDATE at term 0 for changeToCandidate
2021-08-31 13:03:52,300 [fde2103a-ce00-4253-a576-ea8232893539@group-862D64EF6F50-FollowerState] INFO  server.RaftServerConfigKeys (ConfUtils.java:logGet(44)) - raft.server.leaderelection.pre-vote = false (custom)
2021-08-31 13:03:52,300 [fde2103a-ce00-4253-a576-ea8232893539@group-862D64EF6F50-FollowerState] INFO  impl.RoleInfo (RoleInfo.java:updateAndGet(130)) - fde2103a-ce00-4253-a576-ea8232893539: start fde2103a-ce00-4253-a576-ea8232893539@group-862D64EF6F50-LeaderElection3
2021-08-31 13:03:52,305 [fde2103a-ce00-4253-a576-ea8232893539@group-862D64EF6F50-LeaderElection3] INFO  impl.LeaderElection (LeaderElection.java:askForVotes(306)) - fde2103a-ce00-4253-a576-ea8232893539@group-862D64EF6F50-LeaderElection3 ELECTION round 0: submit vote requests at term 1 for -1: [940b181a-f656-490c-a8b1-afc5b8b121dc|rpc:10.1.0.6:41423|priority:1, 41b49504-2605-44a7-8135-9defd08b62b0|rpc:10.1.0.6:41505|priority:0, fde2103a-ce00-4253-a576-ea8232893539|rpc:10.1.0.6:43381|priority:0], old=null
2021-08-31 13:03:52,328 [grpc-default-executor-0] INFO  server.RaftServer$Division (RaftServerImpl.java:requestVote(1043)) - 940b181a-f656-490c-a8b1-afc5b8b121dc@group-862D64EF6F50: receive requestVote(ELECTION, fde2103a-ce00-4253-a576-ea8232893539, group-862D64EF6F50, 1, (t:0, i:0))
2021-08-31 13:03:52,330 [grpc-default-executor-0] INFO  impl.VoteContext (VoteContext.java:log(48)) - 940b181a-f656-490c-a8b1-afc5b8b121dc@group-862D64EF6F50-FOLLOWER: reject ELECTION from fde2103a-ce00-4253-a576-ea8232893539: our priority 1 > candidate's priority 0
2021-08-31 13:03:52,330 [grpc-default-executor-0] INFO  server.RaftServer$Division (RaftServerImpl.java:setRole(285)) - 940b181a-f656-490c-a8b1-afc5b8b121dc@group-862D64EF6F50: changes role from  FOLLOWER to FOLLOWER at term 1 for candidate:fde2103a-ce00-4253-a576-ea8232893539
2021-08-31 13:03:52,330 [grpc-default-executor-0] INFO  impl.RoleInfo (RoleInfo.java:shutdownFollowerState(108)) - 940b181a-f656-490c-a8b1-afc5b8b121dc: shutdown 940b181a-f656-490c-a8b1-afc5b8b121dc@group-862D64EF6F50-FollowerState
2021-08-31 13:03:52,330 [grpc-default-executor-0] INFO  impl.RoleInfo (RoleInfo.java:updateAndGet(130)) - 940b181a-f656-490c-a8b1-afc5b8b121dc: start 940b181a-f656-490c-a8b1-afc5b8b121dc@group-862D64EF6F50-FollowerState
2021-08-31 13:03:52,331 [940b181a-f656-490c-a8b1-afc5b8b121dc@group-862D64EF6F50-FollowerState] INFO  impl.FollowerState (FollowerState.java:run(143)) - 940b181a-f656-490c-a8b1-afc5b8b121dc@group-862D64EF6F50-FollowerState was interrupted: {}
java.lang.InterruptedException: sleep interrupted
	at java.lang.Thread.sleep(Native Method)
	at java.lang.Thread.sleep(Thread.java:340)
	at java.util.concurrent.TimeUnit.sleep(TimeUnit.java:386)
	at org.apache.ratis.util.TimeDuration.sleep(TimeDuration.java:324)
	at org.apache.ratis.util.TimeDuration.sleep(TimeDuration.java:309)
	at org.apache.ratis.server.impl.FollowerState.run(FollowerState.java:118)
2021-08-31 13:03:52,339 [grpc-default-executor-0] INFO  server.RaftServer$Division (RaftServerImpl.java:requestVote(1075)) - 940b181a-f656-490c-a8b1-afc5b8b121dc@group-862D64EF6F50 replies to ELECTION vote request: fde2103a-ce00-4253-a576-ea8232893539<-940b181a-f656-490c-a8b1-afc5b8b121dc#0:FAIL-t1. Peer's state: 940b181a-f656-490c-a8b1-afc5b8b121dc@group-862D64EF6F50:t1, leader=null, voted=null, raftlog=940b181a-f656-490c-a8b1-afc5b8b121dc@group-862D64EF6F50-SegmentedRaftLog:OPENED:c-1,f-1,i0, conf=-1: [940b181a-f656-490c-a8b1-afc5b8b121dc|rpc:10.1.0.6:41423|priority:1, 41b49504-2605-44a7-8135-9defd08b62b0|rpc:10.1.0.6:41505|priority:0, fde2103a-ce00-4253-a576-ea8232893539|rpc:10.1.0.6:43381|priority:0], old=null
2021-08-31 13:03:52,343 [fde2103a-ce00-4253-a576-ea8232893539@group-862D64EF6F50-LeaderElection3] INFO  impl.LeaderElection (LeaderElection.java:logAndReturn(89)) - fde2103a-ce00-4253-a576-ea8232893539@group-862D64EF6F50-LeaderElection3: ELECTION REJECTED received 1 response(s) and 0 exception(s):
2021-08-31 13:03:52,343 [fde2103a-ce00-4253-a576-ea8232893539@group-862D64EF6F50-LeaderElection3] INFO  impl.LeaderElection (LeaderElection.java:logAndReturn(93)) -   Response 0: fde2103a-ce00-4253-a576-ea8232893539<-940b181a-f656-490c-a8b1-afc5b8b121dc#0:FAIL-t1
2021-08-31 13:03:52,343 [fde2103a-ce00-4253-a576-ea8232893539@group-862D64EF6F50-LeaderElection3] INFO  impl.LeaderElection (LeaderElection.java:askForVotes(308)) - fde2103a-ce00-4253-a576-ea8232893539@group-862D64EF6F50-LeaderElection3 ELECTION round 0: result REJECTED
2021-08-31 13:03:52,343 [fde2103a-ce00-4253-a576-ea8232893539@group-862D64EF6F50-LeaderElection3] INFO  server.RaftServer$Division (RaftServerImpl.java:setRole(285)) - fde2103a-ce00-4253-a576-ea8232893539@group-862D64EF6F50: changes role from CANDIDATE to FOLLOWER at term 1 for REJECTED
2021-08-31 13:03:52,343 [fde2103a-ce00-4253-a576-ea8232893539@group-862D64EF6F50-LeaderElection3] INFO  impl.RoleInfo (RoleInfo.java:shutdownLeaderElection(121)) - fde2103a-ce00-4253-a576-ea8232893539: shutdown fde2103a-ce00-4253-a576-ea8232893539@group-862D64EF6F50-LeaderElection3
2021-08-31 13:03:52,344 [fde2103a-ce00-4253-a576-ea8232893539@group-862D64EF6F50-LeaderElection3] INFO  impl.RoleInfo (RoleInfo.java:updateAndGet(130)) - fde2103a-ce00-4253-a576-ea8232893539: start fde2103a-ce00-4253-a576-ea8232893539@group-862D64EF6F50-FollowerState
2021-08-31 13:03:52,351 [grpc-default-executor-0] INFO  server.RaftServer$Division (RaftServerImpl.java:requestVote(1043)) - 41b49504-2605-44a7-8135-9defd08b62b0@group-862D64EF6F50: receive requestVote(ELECTION, fde2103a-ce00-4253-a576-ea8232893539, group-862D64EF6F50, 1, (t:0, i:0))
2021-08-31 13:03:52,352 [grpc-default-executor-0] INFO  impl.VoteContext (VoteContext.java:log(48)) - 41b49504-2605-44a7-8135-9defd08b62b0@group-862D64EF6F50-FOLLOWER: accept ELECTION from fde2103a-ce00-4253-a576-ea8232893539: our priority 0 <= candidate's priority 0
2021-08-31 13:03:52,352 [grpc-default-executor-0] INFO  server.RaftServer$Division (RaftServerImpl.java:setRole(285)) - 41b49504-2605-44a7-8135-9defd08b62b0@group-862D64EF6F50: changes role from  FOLLOWER to FOLLOWER at term 1 for candidate:fde2103a-ce00-4253-a576-ea8232893539
2021-08-31 13:03:52,352 [grpc-default-executor-0] INFO  impl.RoleInfo (RoleInfo.java:shutdownFollowerState(108)) - 41b49504-2605-44a7-8135-9defd08b62b0: shutdown 41b49504-2605-44a7-8135-9defd08b62b0@group-862D64EF6F50-FollowerState
2021-08-31 13:03:52,352 [grpc-default-executor-0] INFO  impl.RoleInfo (RoleInfo.java:updateAndGet(130)) - 41b49504-2605-44a7-8135-9defd08b62b0: start 41b49504-2605-44a7-8135-9defd08b62b0@group-862D64EF6F50-FollowerState
2021-08-31 13:03:52,352 [41b49504-2605-44a7-8135-9defd08b62b0@group-862D64EF6F50-FollowerState] INFO  impl.FollowerState (FollowerState.java:run(143)) - 41b49504-2605-44a7-8135-9defd08b62b0@group-862D64EF6F50-FollowerState was interrupted: {}
java.lang.InterruptedException: sleep interrupted
	at java.lang.Thread.sleep(Native Method)
	at java.lang.Thread.sleep(Thread.java:340)
	at java.util.concurrent.TimeUnit.sleep(TimeUnit.java:386)
	at org.apache.ratis.util.TimeDuration.sleep(TimeDuration.java:324)
	at org.apache.ratis.util.TimeDuration.sleep(TimeDuration.java:309)
	at org.apache.ratis.server.impl.FollowerState.run(FollowerState.java:118)
2021-08-31 13:03:52,362 [grpc-default-executor-0] INFO  server.RaftServer$Division (RaftServerImpl.java:requestVote(1075)) - 41b49504-2605-44a7-8135-9defd08b62b0@group-862D64EF6F50 replies to ELECTION vote request: fde2103a-ce00-4253-a576-ea8232893539<-41b49504-2605-44a7-8135-9defd08b62b0#0:OK-t1. Peer's state: 41b49504-2605-44a7-8135-9defd08b62b0@group-862D64EF6F50:t1, leader=null, voted=fde2103a-ce00-4253-a576-ea8232893539, raftlog=41b49504-2605-44a7-8135-9defd08b62b0@group-862D64EF6F50-SegmentedRaftLog:OPENED:c-1,f-1,i0, conf=-1: [940b181a-f656-490c-a8b1-afc5b8b121dc|rpc:10.1.0.6:41423|dataStream:|priority:1, 41b49504-2605-44a7-8135-9defd08b62b0|rpc:10.1.0.6:41505|dataStream:|priority:0, fde2103a-ce00-4253-a576-ea8232893539|rpc:10.1.0.6:43381|dataStream:|priority:0], old=null
2021-08-31 13:03:52,640 [940b181a-f656-490c-a8b1-afc5b8b121dc@group-792F18FA7A8A-FollowerState] INFO  impl.FollowerState (FollowerState.java:run(134)) - 940b181a-f656-490c-a8b1-afc5b8b121dc@group-792F18FA7A8A-FollowerState: change to CANDIDATE, lastRpcElapsedTime:5201973867ns, electionTimeout:5177ms
2021-08-31 13:03:52,640 [940b181a-f656-490c-a8b1-afc5b8b121dc@group-792F18FA7A8A-FollowerState] INFO  impl.RoleInfo (RoleInfo.java:shutdownFollowerState(108)) - 940b181a-f656-490c-a8b1-afc5b8b121dc: shutdown 940b181a-f656-490c-a8b1-afc5b8b121dc@group-792F18FA7A8A-FollowerState
2021-08-31 13:03:52,641 [940b181a-f656-490c-a8b1-afc5b8b121dc@group-792F18FA7A8A-FollowerState] INFO  server.RaftServer$Division (RaftServerImpl.java:setRole(285)) - 940b181a-f656-490c-a8b1-afc5b8b121dc@group-792F18FA7A8A: changes role from  FOLLOWER to CANDIDATE at term 0 for changeToCandidate
2021-08-31 13:03:52,641 [940b181a-f656-490c-a8b1-afc5b8b121dc@group-792F18FA7A8A-FollowerState] INFO  server.RaftServerConfigKeys (ConfUtils.java:logGet(44)) - raft.server.leaderelection.pre-vote = false (custom)
2021-08-31 13:03:52,641 [940b181a-f656-490c-a8b1-afc5b8b121dc@group-792F18FA7A8A-FollowerState] INFO  impl.RoleInfo (RoleInfo.java:updateAndGet(130)) - 940b181a-f656-490c-a8b1-afc5b8b121dc: start 940b181a-f656-490c-a8b1-afc5b8b121dc@group-792F18FA7A8A-LeaderElection4
2021-08-31 13:03:52,646 [940b181a-f656-490c-a8b1-afc5b8b121dc@group-792F18FA7A8A-LeaderElection4] INFO  impl.LeaderElection (LeaderElection.java:askForVotes(306)) - 940b181a-f656-490c-a8b1-afc5b8b121dc@group-792F18FA7A8A-LeaderElection4 ELECTION round 0: submit vote requests at term 1 for -1: [940b181a-f656-490c-a8b1-afc5b8b121dc|rpc:10.1.0.6:41423|priority:1], old=null
2021-08-31 13:03:52,647 [940b181a-f656-490c-a8b1-afc5b8b121dc@group-792F18FA7A8A-LeaderElection4] INFO  impl.LeaderElection (LeaderElection.java:askForVotes(308)) - 940b181a-f656-490c-a8b1-afc5b8b121dc@group-792F18FA7A8A-LeaderElection4 ELECTION round 0: result PASSED (term=1)
2021-08-31 13:03:52,647 [940b181a-f656-490c-a8b1-afc5b8b121dc@group-792F18FA7A8A-LeaderElection4] INFO  impl.RoleInfo (RoleInfo.java:shutdownLeaderElection(121)) - 940b181a-f656-490c-a8b1-afc5b8b121dc: shutdown 940b181a-f656-490c-a8b1-afc5b8b121dc@group-792F18FA7A8A-LeaderElection4
2021-08-31 13:03:52,647 [940b181a-f656-490c-a8b1-afc5b8b121dc@group-792F18FA7A8A-LeaderElection4] INFO  server.RaftServer$Division (RaftServerImpl.java:setRole(285)) - 940b181a-f656-490c-a8b1-afc5b8b121dc@group-792F18FA7A8A: changes role from CANDIDATE to LEADER at term 1 for changeToLeader
2021-08-31 13:03:52,647 [940b181a-f656-490c-a8b1-afc5b8b121dc@group-792F18FA7A8A-LeaderElection4] INFO  ratis.XceiverServerRatis (XceiverServerRatis.java:handleLeaderChangedNotification(861)) - Leader change notification received for group: group-792F18FA7A8A with new leaderId: 940b181a-f656-490c-a8b1-afc5b8b121dc
2021-08-31 13:03:52,647 [940b181a-f656-490c-a8b1-afc5b8b121dc@group-792F18FA7A8A-LeaderElection4] INFO  server.RaftServer$Division (ServerState.java:setLeader(285)) - 940b181a-f656-490c-a8b1-afc5b8b121dc@group-792F18FA7A8A: change Leader from null to 940b181a-f656-490c-a8b1-afc5b8b121dc at term 1 for becomeLeader, leader elected after 5219ms
2021-08-31 13:03:52,647 [940b181a-f656-490c-a8b1-afc5b8b121dc@group-792F18FA7A8A-LeaderElection4] INFO  server.RaftServerConfigKeys (ConfUtils.java:logGet(44)) - raft.server.staging.catchup.gap = 1000 (default)
2021-08-31 13:03:52,649 [EventQueue-OpenPipelineForHealthyPipelineSafeModeRule] INFO  safemode.SCMSafeModeManager (HealthyPipelineSafeModeRule.java:process(124)) - SCM in safe mode. Healthy pipelines reported count is 0, required healthy pipeline reported count is 1
2021-08-31 13:03:52,649 [940b181a-f656-490c-a8b1-afc5b8b121dc@group-792F18FA7A8A-LeaderElection4] INFO  server.RaftServerConfigKeys (ConfUtils.java:logGet(44)) - raft.server.write.element-limit = 1024 (custom)
2021-08-31 13:03:52,649 [940b181a-f656-490c-a8b1-afc5b8b121dc@group-792F18FA7A8A-LeaderElection4] INFO  server.RaftServerConfigKeys (ConfUtils.java:logGet(44)) - raft.server.write.byte-limit = 1024 M (=1073741824) (custom)
2021-08-31 13:03:52,649 [940b181a-f656-490c-a8b1-afc5b8b121dc@group-792F18FA7A8A-LeaderElection4] INFO  server.RaftServerConfigKeys (ConfUtils.java:logGet(44)) - raft.server.watch.timeout = 3000ms (custom)
2021-08-31 13:03:52,649 [940b181a-f656-490c-a8b1-afc5b8b121dc@group-792F18FA7A8A-LeaderElection4] INFO  server.RaftServerConfigKeys (ConfUtils.java:logGet(44)) - raft.server.watch.timeout.denomination = 1s (default)
2021-08-31 13:03:52,649 [940b181a-f656-490c-a8b1-afc5b8b121dc@group-792F18FA7A8A-LeaderElection4] INFO  server.RaftServerConfigKeys (ConfUtils.java:logGet(44)) - raft.server.watch.element-limit = 65536 (default)
2021-08-31 13:03:52,650 [940b181a-f656-490c-a8b1-afc5b8b121dc@group-792F18FA7A8A-LeaderElection4] INFO  impl.RoleInfo (RoleInfo.java:updateAndGet(130)) - 940b181a-f656-490c-a8b1-afc5b8b121dc: start 940b181a-f656-490c-a8b1-afc5b8b121dc@group-792F18FA7A8A-LeaderStateImpl
2021-08-31 13:03:52,650 [940b181a-f656-490c-a8b1-afc5b8b121dc@group-792F18FA7A8A-LeaderElection4] INFO  segmented.SegmentedRaftLogWorker (SegmentedRaftLogWorker.java:startLogSegment(394)) - 940b181a-f656-490c-a8b1-afc5b8b121dc@group-792F18FA7A8A-SegmentedRaftLogWorker: Starting segment from index:0
2021-08-31 13:03:52,651 [940b181a-f656-490c-a8b1-afc5b8b121dc@group-792F18FA7A8A-SegmentedRaftLogWorker] INFO  segmented.SegmentedRaftLogWorker (SegmentedRaftLogWorker.java:execute(601)) - 940b181a-f656-490c-a8b1-afc5b8b121dc@group-792F18FA7A8A-SegmentedRaftLogWorker: created new log segment /home/runner/work/ozone/ozone/hadoop-ozone/integration-test/target/test-dir/MiniOzoneClusterImpl-24712a27-71f7-429c-8ffb-97a1a53f740d/datanode-1/data/ratis/768da958-5b75-44d3-9687-792f18fa7a8a/current/log_inprogress_0
2021-08-31 13:03:52,658 [940b181a-f656-490c-a8b1-afc5b8b121dc@group-792F18FA7A8A-LeaderElection4] INFO  server.RaftServer$Division (ServerState.java:setRaftConf(387)) - 940b181a-f656-490c-a8b1-afc5b8b121dc@group-792F18FA7A8A: set configuration 0: [940b181a-f656-490c-a8b1-afc5b8b121dc|rpc:10.1.0.6:41423|dataStream:|priority:1], old=null
2021-08-31 13:03:52,665 [Listener at 127.0.0.1/38495] INFO  ozone.MiniOzoneClusterImpl (MiniOzoneClusterImpl.java:lambda$waitForClusterToBeReady$0(235)) - Nodes are ready. Got 7 of 7 DN Heartbeats.
2021-08-31 13:03:52,665 [Listener at 127.0.0.1/38495] INFO  ozone.MiniOzoneClusterImpl (MiniOzoneClusterImpl.java:lambda$waitForClusterToBeReady$0(238)) - Waiting for cluster to exit safe mode
2021-08-31 13:03:52,665 [Listener at 127.0.0.1/38495] INFO  ozone.MiniOzoneClusterImpl (MiniOzoneClusterImpl.java:lambda$waitForClusterToBeReady$0(240)) - SCM became leader
2021-08-31 13:03:53,002 [41b49504-2605-44a7-8135-9defd08b62b0@group-A01F34CD1956-FollowerState] INFO  impl.FollowerState (FollowerState.java:run(134)) - 41b49504-2605-44a7-8135-9defd08b62b0@group-A01F34CD1956-FollowerState: change to CANDIDATE, lastRpcElapsedTime:5105280755ns, electionTimeout:5102ms
2021-08-31 13:03:53,003 [41b49504-2605-44a7-8135-9defd08b62b0@group-A01F34CD1956-FollowerState] INFO  impl.RoleInfo (RoleInfo.java:shutdownFollowerState(108)) - 41b49504-2605-44a7-8135-9defd08b62b0: shutdown 41b49504-2605-44a7-8135-9defd08b62b0@group-A01F34CD1956-FollowerState
2021-08-31 13:03:53,003 [41b49504-2605-44a7-8135-9defd08b62b0@group-A01F34CD1956-FollowerState] INFO  server.RaftServer$Division (RaftServerImpl.java:setRole(285)) - 41b49504-2605-44a7-8135-9defd08b62b0@group-A01F34CD1956: changes role from  FOLLOWER to CANDIDATE at term 0 for changeToCandidate
2021-08-31 13:03:53,003 [41b49504-2605-44a7-8135-9defd08b62b0@group-A01F34CD1956-FollowerState] INFO  server.RaftServerConfigKeys (ConfUtils.java:logGet(44)) - raft.server.leaderelection.pre-vote = false (custom)
2021-08-31 13:03:53,003 [41b49504-2605-44a7-8135-9defd08b62b0@group-A01F34CD1956-FollowerState] INFO  impl.RoleInfo (RoleInfo.java:updateAndGet(130)) - 41b49504-2605-44a7-8135-9defd08b62b0: start 41b49504-2605-44a7-8135-9defd08b62b0@group-A01F34CD1956-LeaderElection5
2021-08-31 13:03:53,006 [41b49504-2605-44a7-8135-9defd08b62b0@group-A01F34CD1956-LeaderElection5] INFO  impl.LeaderElection (LeaderElection.java:askForVotes(306)) - 41b49504-2605-44a7-8135-9defd08b62b0@group-A01F34CD1956-LeaderElection5 ELECTION round 0: submit vote requests at term 1 for -1: [41b49504-2605-44a7-8135-9defd08b62b0|rpc:10.1.0.6:41505|priority:1], old=null
2021-08-31 13:03:53,007 [41b49504-2605-44a7-8135-9defd08b62b0@group-A01F34CD1956-LeaderElection5] INFO  impl.LeaderElection (LeaderElection.java:askForVotes(308)) - 41b49504-2605-44a7-8135-9defd08b62b0@group-A01F34CD1956-LeaderElection5 ELECTION round 0: result PASSED (term=1)
2021-08-31 13:03:53,007 [41b49504-2605-44a7-8135-9defd08b62b0@group-A01F34CD1956-LeaderElection5] INFO  impl.RoleInfo (RoleInfo.java:shutdownLeaderElection(121)) - 41b49504-2605-44a7-8135-9defd08b62b0: shutdown 41b49504-2605-44a7-8135-9defd08b62b0@group-A01F34CD1956-LeaderElection5
2021-08-31 13:03:53,008 [41b49504-2605-44a7-8135-9defd08b62b0@group-A01F34CD1956-LeaderElection5] INFO  server.RaftServer$Division (RaftServerImpl.java:setRole(285)) - 41b49504-2605-44a7-8135-9defd08b62b0@group-A01F34CD1956: changes role from CANDIDATE to LEADER at term 1 for changeToLeader
2021-08-31 13:03:53,008 [41b49504-2605-44a7-8135-9defd08b62b0@group-A01F34CD1956-LeaderElection5] INFO  ratis.XceiverServerRatis (XceiverServerRatis.java:handleLeaderChangedNotification(861)) - Leader change notification received for group: group-A01F34CD1956 with new leaderId: 41b49504-2605-44a7-8135-9defd08b62b0
2021-08-31 13:03:53,008 [41b49504-2605-44a7-8135-9defd08b62b0@group-A01F34CD1956-LeaderElection5] INFO  server.RaftServer$Division (ServerState.java:setLeader(285)) - 41b49504-2605-44a7-8135-9defd08b62b0@group-A01F34CD1956: change Leader from null to 41b49504-2605-44a7-8135-9defd08b62b0 at term 1 for becomeLeader, leader elected after 5134ms
2021-08-31 13:03:53,008 [41b49504-2605-44a7-8135-9defd08b62b0@group-A01F34CD1956-LeaderElection5] INFO  server.RaftServerConfigKeys (ConfUtils.java:logGet(44)) - raft.server.staging.catchup.gap = 1000 (default)
2021-08-31 13:03:53,009 [41b49504-2605-44a7-8135-9defd08b62b0@group-A01F34CD1956-LeaderElection5] INFO  server.RaftServerConfigKeys (ConfUtils.java:logGet(44)) - raft.server.write.element-limit = 1024 (custom)
2021-08-31 13:03:53,009 [41b49504-2605-44a7-8135-9defd08b62b0@group-A01F34CD1956-LeaderElection5] INFO  server.RaftServerConfigKeys (ConfUtils.java:logGet(44)) - raft.server.write.byte-limit = 1024 M (=1073741824) (custom)
2021-08-31 13:03:53,009 [41b49504-2605-44a7-8135-9defd08b62b0@group-A01F34CD1956-LeaderElection5] INFO  server.RaftServerConfigKeys (ConfUtils.java:logGet(44)) - raft.server.watch.timeout = 3000ms (custom)
2021-08-31 13:03:53,009 [41b49504-2605-44a7-8135-9defd08b62b0@group-A01F34CD1956-LeaderElection5] INFO  server.RaftServerConfigKeys (ConfUtils.java:logGet(44)) - raft.server.watch.timeout.denomination = 1s (default)
2021-08-31 13:03:53,009 [41b49504-2605-44a7-8135-9defd08b62b0@group-A01F34CD1956-LeaderElection5] INFO  server.RaftServerConfigKeys (ConfUtils.java:logGet(44)) - raft.server.watch.element-limit = 65536 (default)
2021-08-31 13:03:53,010 [EventQueue-OpenPipelineForHealthyPipelineSafeModeRule] INFO  safemode.SCMSafeModeManager (HealthyPipelineSafeModeRule.java:process(124)) - SCM in safe mode. Healthy pipelines reported count is 0, required healthy pipeline reported count is 1
2021-08-31 13:03:53,010 [41b49504-2605-44a7-8135-9defd08b62b0@group-A01F34CD1956-LeaderElection5] INFO  impl.RoleInfo (RoleInfo.java:updateAndGet(130)) - 41b49504-2605-44a7-8135-9defd08b62b0: start 41b49504-2605-44a7-8135-9defd08b62b0@group-A01F34CD1956-LeaderStateImpl
2021-08-31 13:03:53,010 [41b49504-2605-44a7-8135-9defd08b62b0@group-A01F34CD1956-LeaderElection5] INFO  segmented.SegmentedRaftLogWorker (SegmentedRaftLogWorker.java:startLogSegment(394)) - 41b49504-2605-44a7-8135-9defd08b62b0@group-A01F34CD1956-SegmentedRaftLogWorker: Starting segment from index:0
2021-08-31 13:03:53,018 [41b49504-2605-44a7-8135-9defd08b62b0@group-A01F34CD1956-SegmentedRaftLogWorker] INFO  segmented.SegmentedRaftLogWorker (SegmentedRaftLogWorker.java:execute(601)) - 41b49504-2605-44a7-8135-9defd08b62b0@group-A01F34CD1956-SegmentedRaftLogWorker: created new log segment /home/runner/work/ozone/ozone/hadoop-ozone/integration-test/target/test-dir/MiniOzoneClusterImpl-24712a27-71f7-429c-8ffb-97a1a53f740d/datanode-2/data/ratis/6bf4df38-77f8-4bb7-8929-a01f34cd1956/current/log_inprogress_0
2021-08-31 13:03:53,019 [41b49504-2605-44a7-8135-9defd08b62b0@group-A01F34CD1956-LeaderElection5] INFO  server.RaftServer$Division (ServerState.java:setRaftConf(387)) - 41b49504-2605-44a7-8135-9defd08b62b0@group-A01F34CD1956: set configuration 0: [41b49504-2605-44a7-8135-9defd08b62b0|rpc:10.1.0.6:41505|dataStream:|priority:1], old=null
2021-08-31 13:03:53,117 [41b49504-2605-44a7-8135-9defd08b62b0@group-8F175209AE26-FollowerState] INFO  impl.FollowerState (FollowerState.java:run(134)) - 41b49504-2605-44a7-8135-9defd08b62b0@group-8F175209AE26-FollowerState: change to CANDIDATE, lastRpcElapsedTime:5177097843ns, electionTimeout:5176ms
2021-08-31 13:03:53,118 [41b49504-2605-44a7-8135-9defd08b62b0@group-8F175209AE26-FollowerState] INFO  impl.RoleInfo (RoleInfo.java:shutdownFollowerState(108)) - 41b49504-2605-44a7-8135-9defd08b62b0: shutdown 41b49504-2605-44a7-8135-9defd08b62b0@group-8F175209AE26-FollowerState
2021-08-31 13:03:53,118 [41b49504-2605-44a7-8135-9defd08b62b0@group-8F175209AE26-FollowerState] INFO  server.RaftServer$Division (RaftServerImpl.java:setRole(285)) - 41b49504-2605-44a7-8135-9defd08b62b0@group-8F175209AE26: changes role from  FOLLOWER to CANDIDATE at term 0 for changeToCandidate
2021-08-31 13:03:53,118 [41b49504-2605-44a7-8135-9defd08b62b0@group-8F175209AE26-FollowerState] INFO  server.RaftServerConfigKeys (ConfUtils.java:logGet(44)) - raft.server.leaderelection.pre-vote = false (custom)
2021-08-31 13:03:53,118 [41b49504-2605-44a7-8135-9defd08b62b0@group-8F175209AE26-FollowerState] INFO  impl.RoleInfo (RoleInfo.java:updateAndGet(130)) - 41b49504-2605-44a7-8135-9defd08b62b0: start 41b49504-2605-44a7-8135-9defd08b62b0@group-8F175209AE26-LeaderElection6
2021-08-31 13:03:53,123 [41b49504-2605-44a7-8135-9defd08b62b0@group-8F175209AE26-LeaderElection6] INFO  impl.LeaderElection (LeaderElection.java:askForVotes(306)) - 41b49504-2605-44a7-8135-9defd08b62b0@group-8F175209AE26-LeaderElection6 ELECTION round 0: submit vote requests at term 1 for -1: [940b181a-f656-490c-a8b1-afc5b8b121dc|rpc:10.1.0.6:41423|priority:0, 41b49504-2605-44a7-8135-9defd08b62b0|rpc:10.1.0.6:41505|priority:1, fde2103a-ce00-4253-a576-ea8232893539|rpc:10.1.0.6:43381|priority:0], old=null
2021-08-31 13:03:53,134 [grpc-default-executor-2] INFO  server.RaftServer$Division (RaftServerImpl.java:requestVote(1043)) - 940b181a-f656-490c-a8b1-afc5b8b121dc@group-8F175209AE26: receive requestVote(ELECTION, 41b49504-2605-44a7-8135-9defd08b62b0, group-8F175209AE26, 1, (t:0, i:0))
2021-08-31 13:03:53,134 [grpc-default-executor-2] INFO  impl.VoteContext (VoteContext.java:log(48)) - 940b181a-f656-490c-a8b1-afc5b8b121dc@group-8F175209AE26-FOLLOWER: accept ELECTION from 41b49504-2605-44a7-8135-9defd08b62b0: our priority 0 <= candidate's priority 1
2021-08-31 13:03:53,135 [grpc-default-executor-2] INFO  server.RaftServer$Division (RaftServerImpl.java:setRole(285)) - 940b181a-f656-490c-a8b1-afc5b8b121dc@group-8F175209AE26: changes role from  FOLLOWER to FOLLOWER at term 1 for candidate:41b49504-2605-44a7-8135-9defd08b62b0
2021-08-31 13:03:53,135 [grpc-default-executor-2] INFO  impl.RoleInfo (RoleInfo.java:shutdownFollowerState(108)) - 940b181a-f656-490c-a8b1-afc5b8b121dc: shutdown 940b181a-f656-490c-a8b1-afc5b8b121dc@group-8F175209AE26-FollowerState
2021-08-31 13:03:53,135 [grpc-default-executor-2] INFO  impl.RoleInfo (RoleInfo.java:updateAndGet(130)) - 940b181a-f656-490c-a8b1-afc5b8b121dc: start 940b181a-f656-490c-a8b1-afc5b8b121dc@group-8F175209AE26-FollowerState
2021-08-31 13:03:53,135 [940b181a-f656-490c-a8b1-afc5b8b121dc@group-8F175209AE26-FollowerState] INFO  impl.FollowerState (FollowerState.java:run(143)) - 940b181a-f656-490c-a8b1-afc5b8b121dc@group-8F175209AE26-FollowerState was interrupted: {}
java.lang.InterruptedException: sleep interrupted
	at java.lang.Thread.sleep(Native Method)
	at java.lang.Thread.sleep(Thread.java:340)
	at java.util.concurrent.TimeUnit.sleep(TimeUnit.java:386)
	at org.apache.ratis.util.TimeDuration.sleep(TimeDuration.java:324)
	at org.apache.ratis.util.TimeDuration.sleep(TimeDuration.java:309)
	at org.apache.ratis.server.impl.FollowerState.run(FollowerState.java:118)
2021-08-31 13:03:53,141 [grpc-default-executor-2] INFO  server.RaftServer$Division (RaftServerImpl.java:requestVote(1075)) - 940b181a-f656-490c-a8b1-afc5b8b121dc@group-8F175209AE26 replies to ELECTION vote request: 41b49504-2605-44a7-8135-9defd08b62b0<-940b181a-f656-490c-a8b1-afc5b8b121dc#0:OK-t1. Peer's state: 940b181a-f656-490c-a8b1-afc5b8b121dc@group-8F175209AE26:t1, leader=null, voted=41b49504-2605-44a7-8135-9defd08b62b0, raftlog=940b181a-f656-490c-a8b1-afc5b8b121dc@group-8F175209AE26-SegmentedRaftLog:OPENED:c-1,f-1,i0, conf=-1: [940b181a-f656-490c-a8b1-afc5b8b121dc|rpc:10.1.0.6:41423|dataStream:|priority:0, 41b49504-2605-44a7-8135-9defd08b62b0|rpc:10.1.0.6:41505|dataStream:|priority:1, fde2103a-ce00-4253-a576-ea8232893539|rpc:10.1.0.6:43381|dataStream:|priority:0], old=null
2021-08-31 13:03:53,145 [grpc-default-executor-2] INFO  server.RaftServer$Division (RaftServerImpl.java:requestVote(1043)) - fde2103a-ce00-4253-a576-ea8232893539@group-8F175209AE26: receive requestVote(ELECTION, 41b49504-2605-44a7-8135-9defd08b62b0, group-8F175209AE26, 1, (t:0, i:0))
2021-08-31 13:03:53,145 [grpc-default-executor-2] INFO  impl.VoteContext (VoteContext.java:log(48)) - fde2103a-ce00-4253-a576-ea8232893539@group-8F175209AE26-FOLLOWER: accept ELECTION from 41b49504-2605-44a7-8135-9defd08b62b0: our priority 0 <= candidate's priority 1
2021-08-31 13:03:53,145 [grpc-default-executor-2] INFO  server.RaftServer$Division (RaftServerImpl.java:setRole(285)) - fde2103a-ce00-4253-a576-ea8232893539@group-8F175209AE26: changes role from  FOLLOWER to FOLLOWER at term 1 for candidate:41b49504-2605-44a7-8135-9defd08b62b0
2021-08-31 13:03:53,145 [grpc-default-executor-2] INFO  impl.RoleInfo (RoleInfo.java:shutdownFollowerState(108)) - fde2103a-ce00-4253-a576-ea8232893539: shutdown fde2103a-ce00-4253-a576-ea8232893539@group-8F175209AE26-FollowerState
2021-08-31 13:03:53,145 [grpc-default-executor-2] INFO  impl.RoleInfo (RoleInfo.java:updateAndGet(130)) - fde2103a-ce00-4253-a576-ea8232893539: start fde2103a-ce00-4253-a576-ea8232893539@group-8F175209AE26-FollowerState
2021-08-31 13:03:53,146 [fde2103a-ce00-4253-a576-ea8232893539@group-8F175209AE26-FollowerState] INFO  impl.FollowerState (FollowerState.java:run(143)) - fde2103a-ce00-4253-a576-ea8232893539@group-8F175209AE26-FollowerState was interrupted: {}
java.lang.InterruptedException: sleep interrupted
	at java.lang.Thread.sleep(Native Method)
	at java.lang.Thread.sleep(Thread.java:340)
	at java.util.concurrent.TimeUnit.sleep(TimeUnit.java:386)
	at org.apache.ratis.util.TimeDuration.sleep(TimeDuration.java:324)
	at org.apache.ratis.util.TimeDuration.sleep(TimeDuration.java:309)
	at org.apache.ratis.server.impl.FollowerState.run(FollowerState.java:118)
2021-08-31 13:03:53,151 [41b49504-2605-44a7-8135-9defd08b62b0@group-8F175209AE26-LeaderElection6] INFO  impl.LeaderElection (LeaderElection.java:logAndReturn(89)) - 41b49504-2605-44a7-8135-9defd08b62b0@group-8F175209AE26-LeaderElection6: ELECTION PASSED received 1 response(s) and 0 exception(s):
2021-08-31 13:03:53,153 [41b49504-2605-44a7-8135-9defd08b62b0@group-8F175209AE26-LeaderElection6] INFO  impl.LeaderElection (LeaderElection.java:logAndReturn(93)) -   Response 0: 41b49504-2605-44a7-8135-9defd08b62b0<-940b181a-f656-490c-a8b1-afc5b8b121dc#0:OK-t1
2021-08-31 13:03:53,153 [48a67b91-f7be-40c9-a901-78f22c1148cd@group-F070222AA2C9-FollowerState] INFO  impl.FollowerState (FollowerState.java:run(134)) - 48a67b91-f7be-40c9-a901-78f22c1148cd@group-F070222AA2C9-FollowerState: change to CANDIDATE, lastRpcElapsedTime:5053406546ns, electionTimeout:5051ms
2021-08-31 13:03:53,153 [41b49504-2605-44a7-8135-9defd08b62b0@group-8F175209AE26-LeaderElection6] INFO  impl.LeaderElection (LeaderElection.java:askForVotes(308)) - 41b49504-2605-44a7-8135-9defd08b62b0@group-8F175209AE26-LeaderElection6 ELECTION round 0: result PASSED
2021-08-31 13:03:53,153 [41b49504-2605-44a7-8135-9defd08b62b0@group-8F175209AE26-LeaderElection6] INFO  impl.RoleInfo (RoleInfo.java:shutdownLeaderElection(121)) - 41b49504-2605-44a7-8135-9defd08b62b0: shutdown 41b49504-2605-44a7-8135-9defd08b62b0@group-8F175209AE26-LeaderElection6
2021-08-31 13:03:53,153 [41b49504-2605-44a7-8135-9defd08b62b0@group-8F175209AE26-LeaderElection6] INFO  server.RaftServer$Division (RaftServerImpl.java:setRole(285)) - 41b49504-2605-44a7-8135-9defd08b62b0@group-8F175209AE26: changes role from CANDIDATE to LEADER at term 1 for changeToLeader
2021-08-31 13:03:53,153 [41b49504-2605-44a7-8135-9defd08b62b0@group-8F175209AE26-LeaderElection6] INFO  ratis.XceiverServerRatis (XceiverServerRatis.java:handleLeaderChangedNotification(861)) - Leader change notification received for group: group-8F175209AE26 with new leaderId: 41b49504-2605-44a7-8135-9defd08b62b0
2021-08-31 13:03:53,153 [48a67b91-f7be-40c9-a901-78f22c1148cd@group-F070222AA2C9-FollowerState] INFO  impl.RoleInfo (RoleInfo.java:shutdownFollowerState(108)) - 48a67b91-f7be-40c9-a901-78f22c1148cd: shutdown 48a67b91-f7be-40c9-a901-78f22c1148cd@group-F070222AA2C9-FollowerState
2021-08-31 13:03:53,154 [48a67b91-f7be-40c9-a901-78f22c1148cd@group-F070222AA2C9-FollowerState] INFO  server.RaftServer$Division (RaftServerImpl.java:setRole(285)) - 48a67b91-f7be-40c9-a901-78f22c1148cd@group-F070222AA2C9: changes role from  FOLLOWER to CANDIDATE at term 0 for changeToCandidate
2021-08-31 13:03:53,154 [41b49504-2605-44a7-8135-9defd08b62b0@group-8F175209AE26-LeaderElection6] INFO  server.RaftServer$Division (ServerState.java:setLeader(285)) - 41b49504-2605-44a7-8135-9defd08b62b0@group-8F175209AE26: change Leader from null to 41b49504-2605-44a7-8135-9defd08b62b0 at term 1 for becomeLeader, leader elected after 5242ms
2021-08-31 13:03:53,154 [41b49504-2605-44a7-8135-9defd08b62b0@group-8F175209AE26-LeaderElection6] INFO  server.RaftServerConfigKeys (ConfUtils.java:logGet(44)) - raft.server.staging.catchup.gap = 1000 (default)
2021-08-31 13:03:53,154 [41b49504-2605-44a7-8135-9defd08b62b0@group-8F175209AE26-LeaderElection6] INFO  server.RaftServerConfigKeys (ConfUtils.java:logGet(44)) - raft.server.write.element-limit = 1024 (custom)
2021-08-31 13:03:53,154 [41b49504-2605-44a7-8135-9defd08b62b0@group-8F175209AE26-LeaderElection6] INFO  server.RaftServerConfigKeys (ConfUtils.java:logGet(44)) - raft.server.write.byte-limit = 1024 M (=1073741824) (custom)
2021-08-31 13:03:53,154 [41b49504-2605-44a7-8135-9defd08b62b0@group-8F175209AE26-LeaderElection6] INFO  server.RaftServerConfigKeys (ConfUtils.java:logGet(44)) - raft.server.watch.timeout = 3000ms (custom)
2021-08-31 13:03:53,154 [41b49504-2605-44a7-8135-9defd08b62b0@group-8F175209AE26-LeaderElection6] INFO  server.RaftServerConfigKeys (ConfUtils.java:logGet(44)) - raft.server.watch.timeout.denomination = 1s (default)
2021-08-31 13:03:53,154 [41b49504-2605-44a7-8135-9defd08b62b0@group-8F175209AE26-LeaderElection6] INFO  server.RaftServerConfigKeys (ConfUtils.java:logGet(44)) - raft.server.watch.element-limit = 65536 (default)
2021-08-31 13:03:53,159 [Datanode State Machine Thread - 0] WARN  statemachine.StateContext (StateContext.java:execute(621)) - No available thread in pool for past 1 seconds.
2021-08-31 13:03:53,160 [grpc-default-executor-2] INFO  server.RaftServer$Division (RaftServerImpl.java:requestVote(1075)) - fde2103a-ce00-4253-a576-ea8232893539@group-8F175209AE26 replies to ELECTION vote request: 41b49504-2605-44a7-8135-9defd08b62b0<-fde2103a-ce00-4253-a576-ea8232893539#0:OK-t1. Peer's state: fde2103a-ce00-4253-a576-ea8232893539@group-8F175209AE26:t1, leader=null, voted=41b49504-2605-44a7-8135-9defd08b62b0, raftlog=fde2103a-ce00-4253-a576-ea8232893539@group-8F175209AE26-SegmentedRaftLog:OPENED:c-1,f-1,i0, conf=-1: [940b181a-f656-490c-a8b1-afc5b8b121dc|rpc:10.1.0.6:41423|priority:0, 41b49504-2605-44a7-8135-9defd08b62b0|rpc:10.1.0.6:41505|priority:1, fde2103a-ce00-4253-a576-ea8232893539|rpc:10.1.0.6:43381|priority:0], old=null
2021-08-31 13:03:53,160 [48a67b91-f7be-40c9-a901-78f22c1148cd@group-F070222AA2C9-FollowerState] INFO  server.RaftServerConfigKeys (ConfUtils.java:logGet(44)) - raft.server.leaderelection.pre-vote = false (custom)
2021-08-31 13:03:53,160 [48a67b91-f7be-40c9-a901-78f22c1148cd@group-F070222AA2C9-FollowerState] INFO  impl.RoleInfo (RoleInfo.java:updateAndGet(130)) - 48a67b91-f7be-40c9-a901-78f22c1148cd: start 48a67b91-f7be-40c9-a901-78f22c1148cd@group-F070222AA2C9-LeaderElection7
2021-08-31 13:03:53,168 [41b49504-2605-44a7-8135-9defd08b62b0@group-8F175209AE26-LeaderElection6] INFO  server.RaftServerConfigKeys (ConfUtils.java:logGet(44)) - raft.server.log.appender.snapshot.chunk.size.max = 16MB (=16777216) (default)
2021-08-31 13:03:53,174 [41b49504-2605-44a7-8135-9defd08b62b0@group-8F175209AE26-LeaderElection6] INFO  server.RaftServerConfigKeys (ConfUtils.java:logGet(44)) - raft.server.log.appender.buffer.byte-limit = 33554432 (custom)
2021-08-31 13:03:53,175 [41b49504-2605-44a7-8135-9defd08b62b0@group-8F175209AE26-LeaderElection6] INFO  server.RaftServerConfigKeys (ConfUtils.java:logGet(44)) - raft.server.log.appender.buffer.element-limit = 1 (custom)
2021-08-31 13:03:53,178 [41b49504-2605-44a7-8135-9defd08b62b0@group-8F175209AE26-LeaderElection6] INFO  grpc.GrpcConfigKeys (ConfUtils.java:logGet(44)) - raft.grpc.server.leader.outstanding.appends.max = 128 (default)
2021-08-31 13:03:53,178 [41b49504-2605-44a7-8135-9defd08b62b0@group-8F175209AE26-LeaderElection6] INFO  server.RaftServerConfigKeys (ConfUtils.java:logGet(44)) - raft.server.rpc.request.timeout = 3000ms (default)
2021-08-31 13:03:53,178 [41b49504-2605-44a7-8135-9defd08b62b0@group-8F175209AE26-LeaderElection6] INFO  server.RaftServerConfigKeys (ConfUtils.java:logGet(44)) - raft.server.log.appender.install.snapshot.enabled = false (custom)
2021-08-31 13:03:53,169 [EventQueue-PipelineReportForPipelineReportHandler] INFO  pipeline.PipelineManagerImpl (PipelineManagerImpl.java:openPipeline(282)) - Pipeline Pipeline[ Id: df4b5ad2-fca6-4234-b989-8f175209ae26, Nodes: 940b181a-f656-490c-a8b1-afc5b8b121dc{ip: 10.1.0.6, host: fv-az151-142, ports: [REPLICATION=43363, RATIS=41423, RATIS_ADMIN=41423, RATIS_SERVER=41423, STANDALONE=45469], networkLocation: /default-rack, certSerialId: null, persistedOpState: IN_SERVICE, persistedOpStateExpiryEpochSec: 0}fde2103a-ce00-4253-a576-ea8232893539{ip: 10.1.0.6, host: fv-az151-142, ports: [REPLICATION=36451, RATIS=43381, RATIS_ADMIN=43381, RATIS_SERVER=43381, STANDALONE=36577], networkLocation: /default-rack, certSerialId: null, persistedOpState: IN_SERVICE, persistedOpStateExpiryEpochSec: 0}41b49504-2605-44a7-8135-9defd08b62b0{ip: 10.1.0.6, host: fv-az151-142, ports: [REPLICATION=40545, RATIS=41505, RATIS_ADMIN=41505, RATIS_SERVER=41505, STANDALONE=40967], networkLocation: /default-rack, certSerialId: null, persistedOpState: IN_SERVICE, persistedOpStateExpiryEpochSec: 0}, ReplicationConfig: RATIS/THREE, State:ALLOCATED, leaderId:41b49504-2605-44a7-8135-9defd08b62b0, CreationTimestamp2021-08-31T13:03:44.874Z[Etc/UTC]] moved to OPEN state
2021-08-31 13:03:53,179 [EventQueue-OpenPipelineForHealthyPipelineSafeModeRule] INFO  safemode.SCMSafeModeManager (HealthyPipelineSafeModeRule.java:process(124)) - SCM in safe mode. Healthy pipelines reported count is 1, required healthy pipeline reported count is 1
2021-08-31 13:03:53,179 [EventQueue-OpenPipelineForHealthyPipelineSafeModeRule] INFO  safemode.SCMSafeModeManager (SCMSafeModeManager.java:validateSafeModeExitRules(204)) - HealthyPipelineSafeModeRule rule is successfully validated
2021-08-31 13:03:53,179 [EventQueue-OpenPipelineForHealthyPipelineSafeModeRule] INFO  safemode.SCMSafeModeManager (SCMSafeModeManager.java:validateSafeModeExitRules(219)) - ScmSafeModeManager, all rules are successfully validated
2021-08-31 13:03:53,179 [EventQueue-OpenPipelineForHealthyPipelineSafeModeRule] INFO  safemode.SCMSafeModeManager (SCMSafeModeManager.java:exitSafeMode(248)) - SCM exiting safe mode.
2021-08-31 13:03:53,179 [EventQueue-OpenPipelineForHealthyPipelineSafeModeRule] WARN  events.EventQueue (EventQueue.java:fireEvent(194)) - No event handler registered for event TypedEvent{payloadType=SafeModeStatus, name='Safe mode status'}
2021-08-31 13:03:53,179 [EventQueue-OpenPipelineForHealthyPipelineSafeModeRule] INFO  ha.SCMContext (SCMContext.java:updateSafeModeStatus(205)) - Update SafeModeStatus from SafeModeStatus{safeModeStatus=true, preCheckPassed=true} to SafeModeStatus{safeModeStatus=false, preCheckPassed=true}.
2021-08-31 13:03:53,179 [EventQueue-OpenPipelineForHealthyPipelineSafeModeRule] INFO  pipeline.BackgroundPipelineCreator (BackgroundPipelineCreatorV2.java:notifyStatusChanged(264)) - Service BackgroundPipelineCreator transitions to RUNNING.
2021-08-31 13:03:53,179 [EventQueue-OpenPipelineForHealthyPipelineSafeModeRule] INFO  container.ReplicationManager (ReplicationManager.java:notifyStatusChanged(1722)) - Service ReplicationManager transitions to RUNNING.
2021-08-31 13:03:53,172 [48a67b91-f7be-40c9-a901-78f22c1148cd@group-F070222AA2C9-LeaderElection7] INFO  impl.LeaderElection (LeaderElection.java:askForVotes(306)) - 48a67b91-f7be-40c9-a901-78f22c1148cd@group-F070222AA2C9-LeaderElection7 ELECTION round 0: submit vote requests at term 1 for -1: [48a67b91-f7be-40c9-a901-78f22c1148cd|rpc:10.1.0.6:46047|priority:1], old=null
2021-08-31 13:03:53,182 [48a67b91-f7be-40c9-a901-78f22c1148cd@group-F070222AA2C9-LeaderElection7] INFO  impl.LeaderElection (LeaderElection.java:askForVotes(308)) - 48a67b91-f7be-40c9-a901-78f22c1148cd@group-F070222AA2C9-LeaderElection7 ELECTION round 0: result PASSED (term=1)
2021-08-31 13:03:53,182 [48a67b91-f7be-40c9-a901-78f22c1148cd@group-F070222AA2C9-LeaderElection7] INFO  impl.RoleInfo (RoleInfo.java:shutdownLeaderElection(121)) - 48a67b91-f7be-40c9-a901-78f22c1148cd: shutdown 48a67b91-f7be-40c9-a901-78f22c1148cd@group-F070222AA2C9-LeaderElection7
2021-08-31 13:03:53,182 [48a67b91-f7be-40c9-a901-78f22c1148cd@group-F070222AA2C9-LeaderElection7] INFO  server.RaftServer$Division (RaftServerImpl.java:setRole(285)) - 48a67b91-f7be-40c9-a901-78f22c1148cd@group-F070222AA2C9: changes role from CANDIDATE to LEADER at term 1 for changeToLeader
2021-08-31 13:03:53,182 [48a67b91-f7be-40c9-a901-78f22c1148cd@group-F070222AA2C9-LeaderElection7] INFO  ratis.XceiverServerRatis (XceiverServerRatis.java:handleLeaderChangedNotification(861)) - Leader change notification received for group: group-F070222AA2C9 with new leaderId: 48a67b91-f7be-40c9-a901-78f22c1148cd
2021-08-31 13:03:53,183 [48a67b91-f7be-40c9-a901-78f22c1148cd@group-F070222AA2C9-LeaderElection7] INFO  server.RaftServer$Division (ServerState.java:setLeader(285)) - 48a67b91-f7be-40c9-a901-78f22c1148cd@group-F070222AA2C9: change Leader from null to 48a67b91-f7be-40c9-a901-78f22c1148cd at term 1 for becomeLeader, leader elected after 5098ms
2021-08-31 13:03:53,183 [48a67b91-f7be-40c9-a901-78f22c1148cd@group-F070222AA2C9-LeaderElection7] INFO  server.RaftServerConfigKeys (ConfUtils.java:logGet(44)) - raft.server.staging.catchup.gap = 1000 (default)
2021-08-31 13:03:53,183 [Datanode State Machine Thread - 0] WARN  statemachine.StateContext (StateContext.java:execute(621)) - No available thread in pool for past 1 seconds.
2021-08-31 13:03:53,183 [48a67b91-f7be-40c9-a901-78f22c1148cd@group-F070222AA2C9-LeaderElection7] INFO  server.RaftServerConfigKeys (ConfUtils.java:logGet(44)) - raft.server.write.element-limit = 1024 (custom)
2021-08-31 13:03:53,183 [48a67b91-f7be-40c9-a901-78f22c1148cd@group-F070222AA2C9-LeaderElection7] INFO  server.RaftServerConfigKeys (ConfUtils.java:logGet(44)) - raft.server.write.byte-limit = 1024 M (=1073741824) (custom)
2021-08-31 13:03:53,183 [48a67b91-f7be-40c9-a901-78f22c1148cd@group-F070222AA2C9-LeaderElection7] INFO  server.RaftServerConfigKeys (ConfUtils.java:logGet(44)) - raft.server.watch.timeout = 3000ms (custom)
2021-08-31 13:03:53,183 [48a67b91-f7be-40c9-a901-78f22c1148cd@group-F070222AA2C9-LeaderElection7] INFO  server.RaftServerConfigKeys (ConfUtils.java:logGet(44)) - raft.server.watch.timeout.denomination = 1s (default)
2021-08-31 13:03:53,183 [48a67b91-f7be-40c9-a901-78f22c1148cd@group-F070222AA2C9-LeaderElection7] INFO  server.RaftServerConfigKeys (ConfUtils.java:logGet(44)) - raft.server.watch.element-limit = 65536 (default)
2021-08-31 13:03:53,184 [48a67b91-f7be-40c9-a901-78f22c1148cd@group-F070222AA2C9-LeaderElection7] INFO  impl.RoleInfo (RoleInfo.java:updateAndGet(130)) - 48a67b91-f7be-40c9-a901-78f22c1148cd: start 48a67b91-f7be-40c9-a901-78f22c1148cd@group-F070222AA2C9-LeaderStateImpl
2021-08-31 13:03:53,184 [48a67b91-f7be-40c9-a901-78f22c1148cd@group-F070222AA2C9-LeaderElection7] INFO  segmented.SegmentedRaftLogWorker (SegmentedRaftLogWorker.java:startLogSegment(394)) - 48a67b91-f7be-40c9-a901-78f22c1148cd@group-F070222AA2C9-SegmentedRaftLogWorker: Starting segment from index:0
2021-08-31 13:03:53,185 [48a67b91-f7be-40c9-a901-78f22c1148cd@group-F070222AA2C9-SegmentedRaftLogWorker] INFO  segmented.SegmentedRaftLogWorker (SegmentedRaftLogWorker.java:execute(601)) - 48a67b91-f7be-40c9-a901-78f22c1148cd@group-F070222AA2C9-SegmentedRaftLogWorker: created new log segment /home/runner/work/ozone/ozone/hadoop-ozone/integration-test/target/test-dir/MiniOzoneClusterImpl-24712a27-71f7-429c-8ffb-97a1a53f740d/datanode-3/data/ratis/ebcb69be-ca88-49e4-8400-f070222aa2c9/current/log_inprogress_0
2021-08-31 13:03:53,188 [48a67b91-f7be-40c9-a901-78f22c1148cd@group-F070222AA2C9-LeaderElection7] INFO  server.RaftServer$Division (ServerState.java:setRaftConf(387)) - 48a67b91-f7be-40c9-a901-78f22c1148cd@group-F070222AA2C9: set configuration 0: [48a67b91-f7be-40c9-a901-78f22c1148cd|rpc:10.1.0.6:46047|dataStream:|priority:1], old=null
2021-08-31 13:03:53,189 [41b49504-2605-44a7-8135-9defd08b62b0@group-8F175209AE26-LeaderElection6] INFO  server.RaftServerConfigKeys (ConfUtils.java:logGet(44)) - raft.server.log.appender.snapshot.chunk.size.max = 16MB (=16777216) (default)
2021-08-31 13:03:53,189 [41b49504-2605-44a7-8135-9defd08b62b0@group-8F175209AE26-LeaderElection6] INFO  server.RaftServerConfigKeys (ConfUtils.java:logGet(44)) - raft.server.log.appender.buffer.byte-limit = 33554432 (custom)
2021-08-31 13:03:53,189 [41b49504-2605-44a7-8135-9defd08b62b0@group-8F175209AE26-LeaderElection6] INFO  server.RaftServerConfigKeys (ConfUtils.java:logGet(44)) - raft.server.log.appender.buffer.element-limit = 1 (custom)
2021-08-31 13:03:53,189 [41b49504-2605-44a7-8135-9defd08b62b0@group-8F175209AE26-LeaderElection6] INFO  grpc.GrpcConfigKeys (ConfUtils.java:logGet(44)) - raft.grpc.server.leader.outstanding.appends.max = 128 (default)
2021-08-31 13:03:53,189 [41b49504-2605-44a7-8135-9defd08b62b0@group-8F175209AE26-LeaderElection6] INFO  server.RaftServerConfigKeys (ConfUtils.java:logGet(44)) - raft.server.rpc.request.timeout = 3000ms (default)
2021-08-31 13:03:53,189 [41b49504-2605-44a7-8135-9defd08b62b0@group-8F175209AE26-LeaderElection6] INFO  server.RaftServerConfigKeys (ConfUtils.java:logGet(44)) - raft.server.log.appender.install.snapshot.enabled = false (custom)
2021-08-31 13:03:53,192 [41b49504-2605-44a7-8135-9defd08b62b0@group-8F175209AE26-LeaderElection6] INFO  impl.RoleInfo (RoleInfo.java:updateAndGet(130)) - 41b49504-2605-44a7-8135-9defd08b62b0: start 41b49504-2605-44a7-8135-9defd08b62b0@group-8F175209AE26-LeaderStateImpl
2021-08-31 13:03:53,192 [41b49504-2605-44a7-8135-9defd08b62b0@group-8F175209AE26-LeaderElection6] INFO  segmented.SegmentedRaftLogWorker (SegmentedRaftLogWorker.java:startLogSegment(394)) - 41b49504-2605-44a7-8135-9defd08b62b0@group-8F175209AE26-SegmentedRaftLogWorker: Starting segment from index:0
2021-08-31 13:03:53,193 [41b49504-2605-44a7-8135-9defd08b62b0@group-8F175209AE26-SegmentedRaftLogWorker] INFO  segmented.SegmentedRaftLogWorker (SegmentedRaftLogWorker.java:execute(601)) - 41b49504-2605-44a7-8135-9defd08b62b0@group-8F175209AE26-SegmentedRaftLogWorker: created new log segment /home/runner/work/ozone/ozone/hadoop-ozone/integration-test/target/test-dir/MiniOzoneClusterImpl-24712a27-71f7-429c-8ffb-97a1a53f740d/datanode-2/data/ratis/df4b5ad2-fca6-4234-b989-8f175209ae26/current/log_inprogress_0
2021-08-31 13:03:53,205 [41b49504-2605-44a7-8135-9defd08b62b0@group-8F175209AE26-LeaderElection6] INFO  server.RaftServer$Division (ServerState.java:setRaftConf(387)) - 41b49504-2605-44a7-8135-9defd08b62b0@group-8F175209AE26: set configuration 0: [940b181a-f656-490c-a8b1-afc5b8b121dc|rpc:10.1.0.6:41423|dataStream:|priority:0, 41b49504-2605-44a7-8135-9defd08b62b0|rpc:10.1.0.6:41505|dataStream:|priority:1, fde2103a-ce00-4253-a576-ea8232893539|rpc:10.1.0.6:43381|dataStream:|priority:0], old=null
2021-08-31 13:03:53,221 [48a67b91-f7be-40c9-a901-78f22c1148cd@group-137DB946C243-FollowerState] INFO  impl.FollowerState (FollowerState.java:run(134)) - 48a67b91-f7be-40c9-a901-78f22c1148cd@group-137DB946C243-FollowerState: change to CANDIDATE, lastRpcElapsedTime:5002904468ns, electionTimeout:5002ms
2021-08-31 13:03:53,221 [48a67b91-f7be-40c9-a901-78f22c1148cd@group-137DB946C243-FollowerState] INFO  impl.RoleInfo (RoleInfo.java:shutdownFollowerState(108)) - 48a67b91-f7be-40c9-a901-78f22c1148cd: shutdown 48a67b91-f7be-40c9-a901-78f22c1148cd@group-137DB946C243-FollowerState
2021-08-31 13:03:53,221 [48a67b91-f7be-40c9-a901-78f22c1148cd@group-137DB946C243-FollowerState] INFO  server.RaftServer$Division (RaftServerImpl.java:setRole(285)) - 48a67b91-f7be-40c9-a901-78f22c1148cd@group-137DB946C243: changes role from  FOLLOWER to CANDIDATE at term 0 for changeToCandidate
2021-08-31 13:03:53,223 [grpc-default-executor-2] INFO  ratis.XceiverServerRatis (XceiverServerRatis.java:handleLeaderChangedNotification(861)) - Leader change notification received for group: group-8F175209AE26 with new leaderId: 41b49504-2605-44a7-8135-9defd08b62b0
2021-08-31 13:03:53,223 [grpc-default-executor-2] INFO  server.RaftServer$Division (ServerState.java:setLeader(285)) - fde2103a-ce00-4253-a576-ea8232893539@group-8F175209AE26: change Leader from null to 41b49504-2605-44a7-8135-9defd08b62b0 at term 1 for appendEntries, leader elected after 5250ms
2021-08-31 13:03:53,235 [48a67b91-f7be-40c9-a901-78f22c1148cd@group-137DB946C243-FollowerState] INFO  server.RaftServerConfigKeys (ConfUtils.java:logGet(44)) - raft.server.leaderelection.pre-vote = false (custom)
2021-08-31 13:03:53,236 [48a67b91-f7be-40c9-a901-78f22c1148cd@group-137DB946C243-FollowerState] INFO  impl.RoleInfo (RoleInfo.java:updateAndGet(130)) - 48a67b91-f7be-40c9-a901-78f22c1148cd: start 48a67b91-f7be-40c9-a901-78f22c1148cd@group-137DB946C243-LeaderElection8
2021-08-31 13:03:53,236 [grpc-default-executor-0] INFO  ratis.XceiverServerRatis (XceiverServerRatis.java:handleLeaderChangedNotification(861)) - Leader change notification received for group: group-8F175209AE26 with new leaderId: 41b49504-2605-44a7-8135-9defd08b62b0
2021-08-31 13:03:53,236 [grpc-default-executor-0] INFO  server.RaftServer$Division (ServerState.java:setLeader(285)) - 940b181a-f656-490c-a8b1-afc5b8b121dc@group-8F175209AE26: change Leader from null to 41b49504-2605-44a7-8135-9defd08b62b0 at term 1 for appendEntries, leader elected after 5216ms
2021-08-31 13:03:53,254 [48a67b91-f7be-40c9-a901-78f22c1148cd@group-137DB946C243-LeaderElection8] INFO  impl.LeaderElection (LeaderElection.java:askForVotes(306)) - 48a67b91-f7be-40c9-a901-78f22c1148cd@group-137DB946C243-LeaderElection8 ELECTION round 0: submit vote requests at term 1 for -1: [1a766833-fcfc-4255-a382-49e3d560613d|rpc:10.1.0.6:42143|priority:0, 48a67b91-f7be-40c9-a901-78f22c1148cd|rpc:10.1.0.6:46047|priority:0, c1e41c75-4b16-43e8-a71d-6e9134c212c3|rpc:10.1.0.6:40007|priority:1], old=null
2021-08-31 13:03:53,255 [grpc-default-executor-2] INFO  server.RaftServer$Division (ServerState.java:setRaftConf(387)) - fde2103a-ce00-4253-a576-ea8232893539@group-8F175209AE26: set configuration 0: [940b181a-f656-490c-a8b1-afc5b8b121dc|rpc:10.1.0.6:41423|dataStream:|priority:0, 41b49504-2605-44a7-8135-9defd08b62b0|rpc:10.1.0.6:41505|dataStream:|priority:1, fde2103a-ce00-4253-a576-ea8232893539|rpc:10.1.0.6:43381|dataStream:|priority:0], old=null
2021-08-31 13:03:53,255 [grpc-default-executor-2] INFO  segmented.SegmentedRaftLogWorker (SegmentedRaftLogWorker.java:startLogSegment(394)) - fde2103a-ce00-4253-a576-ea8232893539@group-8F175209AE26-SegmentedRaftLogWorker: Starting segment from index:0
2021-08-31 13:03:53,257 [grpc-default-executor-0] INFO  server.RaftServer$Division (ServerState.java:setRaftConf(387)) - 940b181a-f656-490c-a8b1-afc5b8b121dc@group-8F175209AE26: set configuration 0: [940b181a-f656-490c-a8b1-afc5b8b121dc|rpc:10.1.0.6:41423|dataStream:|priority:0, 41b49504-2605-44a7-8135-9defd08b62b0|rpc:10.1.0.6:41505|dataStream:|priority:1, fde2103a-ce00-4253-a576-ea8232893539|rpc:10.1.0.6:43381|dataStream:|priority:0], old=null
2021-08-31 13:03:53,258 [grpc-default-executor-0] INFO  segmented.SegmentedRaftLogWorker (SegmentedRaftLogWorker.java:startLogSegment(394)) - 940b181a-f656-490c-a8b1-afc5b8b121dc@group-8F175209AE26-SegmentedRaftLogWorker: Starting segment from index:0
2021-08-31 13:03:53,259 [940b181a-f656-490c-a8b1-afc5b8b121dc@group-8F175209AE26-SegmentedRaftLogWorker] INFO  segmented.SegmentedRaftLogWorker (SegmentedRaftLogWorker.java:execute(601)) - 940b181a-f656-490c-a8b1-afc5b8b121dc@group-8F175209AE26-SegmentedRaftLogWorker: created new log segment /home/runner/work/ozone/ozone/hadoop-ozone/integration-test/target/test-dir/MiniOzoneClusterImpl-24712a27-71f7-429c-8ffb-97a1a53f740d/datanode-1/data/ratis/df4b5ad2-fca6-4234-b989-8f175209ae26/current/log_inprogress_0
2021-08-31 13:03:53,259 [fde2103a-ce00-4253-a576-ea8232893539@group-8F175209AE26-SegmentedRaftLogWorker] INFO  segmented.SegmentedRaftLogWorker (SegmentedRaftLogWorker.java:execute(601)) - fde2103a-ce00-4253-a576-ea8232893539@group-8F175209AE26-SegmentedRaftLogWorker: created new log segment /home/runner/work/ozone/ozone/hadoop-ozone/integration-test/target/test-dir/MiniOzoneClusterImpl-24712a27-71f7-429c-8ffb-97a1a53f740d/datanode-0/data/ratis/df4b5ad2-fca6-4234-b989-8f175209ae26/current/log_inprogress_0
2021-08-31 13:03:53,275 [48a67b91-f7be-40c9-a901-78f22c1148cd@group-ACFDA5E70BED-FollowerState] INFO  impl.FollowerState (FollowerState.java:run(134)) - 48a67b91-f7be-40c9-a901-78f22c1148cd@group-ACFDA5E70BED-FollowerState: change to CANDIDATE, lastRpcElapsedTime:5141501583ns, electionTimeout:5140ms
2021-08-31 13:03:53,276 [48a67b91-f7be-40c9-a901-78f22c1148cd@group-ACFDA5E70BED-FollowerState] INFO  impl.RoleInfo (RoleInfo.java:shutdownFollowerState(108)) - 48a67b91-f7be-40c9-a901-78f22c1148cd: shutdown 48a67b91-f7be-40c9-a901-78f22c1148cd@group-ACFDA5E70BED-FollowerState
2021-08-31 13:03:53,276 [48a67b91-f7be-40c9-a901-78f22c1148cd@group-ACFDA5E70BED-FollowerState] INFO  server.RaftServer$Division (RaftServerImpl.java:setRole(285)) - 48a67b91-f7be-40c9-a901-78f22c1148cd@group-ACFDA5E70BED: changes role from  FOLLOWER to CANDIDATE at term 0 for changeToCandidate
2021-08-31 13:03:53,276 [48a67b91-f7be-40c9-a901-78f22c1148cd@group-ACFDA5E70BED-FollowerState] INFO  server.RaftServerConfigKeys (ConfUtils.java:logGet(44)) - raft.server.leaderelection.pre-vote = false (custom)
2021-08-31 13:03:53,276 [48a67b91-f7be-40c9-a901-78f22c1148cd@group-ACFDA5E70BED-FollowerState] INFO  impl.RoleInfo (RoleInfo.java:updateAndGet(130)) - 48a67b91-f7be-40c9-a901-78f22c1148cd: start 48a67b91-f7be-40c9-a901-78f22c1148cd@group-ACFDA5E70BED-LeaderElection9
2021-08-31 13:03:53,290 [grpc-default-executor-2] INFO  server.RaftServer$Division (RaftServerImpl.java:requestVote(1043)) - 1a766833-fcfc-4255-a382-49e3d560613d@group-137DB946C243: receive requestVote(ELECTION, 48a67b91-f7be-40c9-a901-78f22c1148cd, group-137DB946C243, 1, (t:0, i:0))
2021-08-31 13:03:53,290 [grpc-default-executor-2] INFO  impl.VoteContext (VoteContext.java:log(48)) - 1a766833-fcfc-4255-a382-49e3d560613d@group-137DB946C243-FOLLOWER: accept ELECTION from 48a67b91-f7be-40c9-a901-78f22c1148cd: our priority 0 <= candidate's priority 0
2021-08-31 13:03:53,290 [grpc-default-executor-2] INFO  server.RaftServer$Division (RaftServerImpl.java:setRole(285)) - 1a766833-fcfc-4255-a382-49e3d560613d@group-137DB946C243: changes role from  FOLLOWER to FOLLOWER at term 1 for candidate:48a67b91-f7be-40c9-a901-78f22c1148cd
2021-08-31 13:03:53,290 [grpc-default-executor-2] INFO  impl.RoleInfo (RoleInfo.java:shutdownFollowerState(108)) - 1a766833-fcfc-4255-a382-49e3d560613d: shutdown 1a766833-fcfc-4255-a382-49e3d560613d@group-137DB946C243-FollowerState
2021-08-31 13:03:53,291 [grpc-default-executor-2] INFO  impl.RoleInfo (RoleInfo.java:updateAndGet(130)) - 1a766833-fcfc-4255-a382-49e3d560613d: start 1a766833-fcfc-4255-a382-49e3d560613d@group-137DB946C243-FollowerState
2021-08-31 13:03:53,291 [1a766833-fcfc-4255-a382-49e3d560613d@group-137DB946C243-FollowerState] INFO  impl.FollowerState (FollowerState.java:run(143)) - 1a766833-fcfc-4255-a382-49e3d560613d@group-137DB946C243-FollowerState was interrupted: {}
java.lang.InterruptedException: sleep interrupted
	at java.lang.Thread.sleep(Native Method)
	at java.lang.Thread.sleep(Thread.java:340)
	at java.util.concurrent.TimeUnit.sleep(TimeUnit.java:386)
	at org.apache.ratis.util.TimeDuration.sleep(TimeDuration.java:324)
	at org.apache.ratis.util.TimeDuration.sleep(TimeDuration.java:309)
	at org.apache.ratis.server.impl.FollowerState.run(FollowerState.java:118)
2021-08-31 13:03:53,297 [grpc-default-executor-0] INFO  server.RaftServer$Division (RaftServerImpl.java:requestVote(1043)) - c1e41c75-4b16-43e8-a71d-6e9134c212c3@group-137DB946C243: receive requestVote(ELECTION, 48a67b91-f7be-40c9-a901-78f22c1148cd, group-137DB946C243, 1, (t:0, i:0))
2021-08-31 13:03:53,297 [grpc-default-executor-0] INFO  impl.VoteContext (VoteContext.java:log(48)) - c1e41c75-4b16-43e8-a71d-6e9134c212c3@group-137DB946C243-FOLLOWER: reject ELECTION from 48a67b91-f7be-40c9-a901-78f22c1148cd: our priority 1 > candidate's priority 0
2021-08-31 13:03:53,298 [grpc-default-executor-0] INFO  server.RaftServer$Division (RaftServerImpl.java:setRole(285)) - c1e41c75-4b16-43e8-a71d-6e9134c212c3@group-137DB946C243: changes role from  FOLLOWER to FOLLOWER at term 1 for candidate:48a67b91-f7be-40c9-a901-78f22c1148cd
2021-08-31 13:03:53,298 [grpc-default-executor-0] INFO  impl.RoleInfo (RoleInfo.java:shutdownFollowerState(108)) - c1e41c75-4b16-43e8-a71d-6e9134c212c3: shutdown c1e41c75-4b16-43e8-a71d-6e9134c212c3@group-137DB946C243-FollowerState
2021-08-31 13:03:53,298 [grpc-default-executor-0] INFO  impl.RoleInfo (RoleInfo.java:updateAndGet(130)) - c1e41c75-4b16-43e8-a71d-6e9134c212c3: start c1e41c75-4b16-43e8-a71d-6e9134c212c3@group-137DB946C243-FollowerState
2021-08-31 13:03:53,298 [c1e41c75-4b16-43e8-a71d-6e9134c212c3@group-137DB946C243-FollowerState] INFO  impl.FollowerState (FollowerState.java:run(143)) - c1e41c75-4b16-43e8-a71d-6e9134c212c3@group-137DB946C243-FollowerState was interrupted: {}
java.lang.InterruptedException: sleep interrupted
	at java.lang.Thread.sleep(Native Method)
	at java.lang.Thread.sleep(Thread.java:340)
	at java.util.concurrent.TimeUnit.sleep(TimeUnit.java:386)
	at org.apache.ratis.util.TimeDuration.sleep(TimeDuration.java:324)
	at org.apache.ratis.util.TimeDuration.sleep(TimeDuration.java:309)
	at org.apache.ratis.server.impl.FollowerState.run(FollowerState.java:118)
2021-08-31 13:03:53,299 [grpc-default-executor-2] INFO  server.RaftServer$Division (RaftServerImpl.java:requestVote(1075)) - 1a766833-fcfc-4255-a382-49e3d560613d@group-137DB946C243 replies to ELECTION vote request: 48a67b91-f7be-40c9-a901-78f22c1148cd<-1a766833-fcfc-4255-a382-49e3d560613d#0:OK-t1. Peer's state: 1a766833-fcfc-4255-a382-49e3d560613d@group-137DB946C243:t1, leader=null, voted=48a67b91-f7be-40c9-a901-78f22c1148cd, raftlog=1a766833-fcfc-4255-a382-49e3d560613d@group-137DB946C243-SegmentedRaftLog:OPENED:c-1,f-1,i0, conf=-1: [1a766833-fcfc-4255-a382-49e3d560613d|rpc:10.1.0.6:42143|dataStream:|priority:0, 48a67b91-f7be-40c9-a901-78f22c1148cd|rpc:10.1.0.6:46047|dataStream:|priority:0, c1e41c75-4b16-43e8-a71d-6e9134c212c3|rpc:10.1.0.6:40007|dataStream:|priority:1], old=null
2021-08-31 13:03:53,300 [grpc-default-executor-0] INFO  server.RaftServer$Division (RaftServerImpl.java:requestVote(1075)) - c1e41c75-4b16-43e8-a71d-6e9134c212c3@group-137DB946C243 replies to ELECTION vote request: 48a67b91-f7be-40c9-a901-78f22c1148cd<-c1e41c75-4b16-43e8-a71d-6e9134c212c3#0:FAIL-t1. Peer's state: c1e41c75-4b16-43e8-a71d-6e9134c212c3@group-137DB946C243:t1, leader=null, voted=null, raftlog=c1e41c75-4b16-43e8-a71d-6e9134c212c3@group-137DB946C243-SegmentedRaftLog:OPENED:c-1,f-1,i0, conf=-1: [1a766833-fcfc-4255-a382-49e3d560613d|rpc:10.1.0.6:42143|dataStream:|priority:0, 48a67b91-f7be-40c9-a901-78f22c1148cd|rpc:10.1.0.6:46047|dataStream:|priority:0, c1e41c75-4b16-43e8-a71d-6e9134c212c3|rpc:10.1.0.6:40007|dataStream:|priority:1], old=null
2021-08-31 13:03:53,304 [48a67b91-f7be-40c9-a901-78f22c1148cd@group-137DB946C243-LeaderElection8] INFO  impl.LeaderElection (LeaderElection.java:logAndReturn(89)) - 48a67b91-f7be-40c9-a901-78f22c1148cd@group-137DB946C243-LeaderElection8: ELECTION REJECTED received 1 response(s) and 0 exception(s):
2021-08-31 13:03:53,306 [48a67b91-f7be-40c9-a901-78f22c1148cd@group-137DB946C243-LeaderElection8] INFO  impl.LeaderElection (LeaderElection.java:logAndReturn(93)) -   Response 0: 48a67b91-f7be-40c9-a901-78f22c1148cd<-c1e41c75-4b16-43e8-a71d-6e9134c212c3#0:FAIL-t1
2021-08-31 13:03:53,306 [48a67b91-f7be-40c9-a901-78f22c1148cd@group-137DB946C243-LeaderElection8] INFO  impl.LeaderElection (LeaderElection.java:askForVotes(308)) - 48a67b91-f7be-40c9-a901-78f22c1148cd@group-137DB946C243-LeaderElection8 ELECTION round 0: result REJECTED
2021-08-31 13:03:53,306 [48a67b91-f7be-40c9-a901-78f22c1148cd@group-137DB946C243-LeaderElection8] INFO  server.RaftServer$Division (RaftServerImpl.java:setRole(285)) - 48a67b91-f7be-40c9-a901-78f22c1148cd@group-137DB946C243: changes role from CANDIDATE to FOLLOWER at term 1 for REJECTED
2021-08-31 13:03:53,306 [48a67b91-f7be-40c9-a901-78f22c1148cd@group-137DB946C243-LeaderElection8] INFO  impl.RoleInfo (RoleInfo.java:shutdownLeaderElection(121)) - 48a67b91-f7be-40c9-a901-78f22c1148cd: shutdown 48a67b91-f7be-40c9-a901-78f22c1148cd@group-137DB946C243-LeaderElection8
2021-08-31 13:03:53,306 [48a67b91-f7be-40c9-a901-78f22c1148cd@group-137DB946C243-LeaderElection8] INFO  impl.RoleInfo (RoleInfo.java:updateAndGet(130)) - 48a67b91-f7be-40c9-a901-78f22c1148cd: start 48a67b91-f7be-40c9-a901-78f22c1148cd@group-137DB946C243-FollowerState
2021-08-31 13:03:53,306 [48a67b91-f7be-40c9-a901-78f22c1148cd@group-ACFDA5E70BED-LeaderElection9] INFO  impl.LeaderElection (LeaderElection.java:askForVotes(306)) - 48a67b91-f7be-40c9-a901-78f22c1148cd@group-ACFDA5E70BED-LeaderElection9 ELECTION round 0: submit vote requests at term 1 for -1: [1a766833-fcfc-4255-a382-49e3d560613d|rpc:10.1.0.6:42143|priority:1, 48a67b91-f7be-40c9-a901-78f22c1148cd|rpc:10.1.0.6:46047|priority:0, c1e41c75-4b16-43e8-a71d-6e9134c212c3|rpc:10.1.0.6:40007|priority:0], old=null
2021-08-31 13:03:53,315 [grpc-default-executor-0] INFO  server.RaftServer$Division (RaftServerImpl.java:requestVote(1043)) - 1a766833-fcfc-4255-a382-49e3d560613d@group-ACFDA5E70BED: receive requestVote(ELECTION, 48a67b91-f7be-40c9-a901-78f22c1148cd, group-ACFDA5E70BED, 1, (t:0, i:0))
2021-08-31 13:03:53,316 [grpc-default-executor-0] INFO  impl.VoteContext (VoteContext.java:log(48)) - 1a766833-fcfc-4255-a382-49e3d560613d@group-ACFDA5E70BED-FOLLOWER: reject ELECTION from 48a67b91-f7be-40c9-a901-78f22c1148cd: our priority 1 > candidate's priority 0
2021-08-31 13:03:53,316 [grpc-default-executor-0] INFO  server.RaftServer$Division (RaftServerImpl.java:setRole(285)) - 1a766833-fcfc-4255-a382-49e3d560613d@group-ACFDA5E70BED: changes role from  FOLLOWER to FOLLOWER at term 1 for candidate:48a67b91-f7be-40c9-a901-78f22c1148cd
2021-08-31 13:03:53,316 [grpc-default-executor-0] INFO  impl.RoleInfo (RoleInfo.java:shutdownFollowerState(108)) - 1a766833-fcfc-4255-a382-49e3d560613d: shutdown 1a766833-fcfc-4255-a382-49e3d560613d@group-ACFDA5E70BED-FollowerState
2021-08-31 13:03:53,316 [grpc-default-executor-0] INFO  impl.RoleInfo (RoleInfo.java:updateAndGet(130)) - 1a766833-fcfc-4255-a382-49e3d560613d: start 1a766833-fcfc-4255-a382-49e3d560613d@group-ACFDA5E70BED-FollowerState
2021-08-31 13:03:53,316 [c1e41c75-4b16-43e8-a71d-6e9134c212c3@group-ACFDA5E70BED-FollowerState] INFO  impl.FollowerState (FollowerState.java:run(134)) - c1e41c75-4b16-43e8-a71d-6e9134c212c3@group-ACFDA5E70BED-FollowerState: change to CANDIDATE, lastRpcElapsedTime:5154338576ns, electionTimeout:5153ms
2021-08-31 13:03:53,316 [c1e41c75-4b16-43e8-a71d-6e9134c212c3@group-ACFDA5E70BED-FollowerState] INFO  impl.RoleInfo (RoleInfo.java:shutdownFollowerState(108)) - c1e41c75-4b16-43e8-a71d-6e9134c212c3: shutdown c1e41c75-4b16-43e8-a71d-6e9134c212c3@group-ACFDA5E70BED-FollowerState
2021-08-31 13:03:53,317 [c1e41c75-4b16-43e8-a71d-6e9134c212c3@group-ACFDA5E70BED-FollowerState] INFO  server.RaftServer$Division (RaftServerImpl.java:setRole(285)) - c1e41c75-4b16-43e8-a71d-6e9134c212c3@group-ACFDA5E70BED: changes role from  FOLLOWER to CANDIDATE at term 0 for changeToCandidate
2021-08-31 13:03:53,317 [1a766833-fcfc-4255-a382-49e3d560613d@group-ACFDA5E70BED-FollowerState] INFO  impl.FollowerState (FollowerState.java:run(143)) - 1a766833-fcfc-4255-a382-49e3d560613d@group-ACFDA5E70BED-FollowerState was interrupted: {}
java.lang.InterruptedException: sleep interrupted
	at java.lang.Thread.sleep(Native Method)
	at java.lang.Thread.sleep(Thread.java:340)
	at java.util.concurrent.TimeUnit.sleep(TimeUnit.java:386)
	at org.apache.ratis.util.TimeDuration.sleep(TimeDuration.java:324)
	at org.apache.ratis.util.TimeDuration.sleep(TimeDuration.java:309)
	at org.apache.ratis.server.impl.FollowerState.run(FollowerState.java:118)
2021-08-31 13:03:53,317 [c1e41c75-4b16-43e8-a71d-6e9134c212c3@group-ACFDA5E70BED-FollowerState] INFO  server.RaftServerConfigKeys (ConfUtils.java:logGet(44)) - raft.server.leaderelection.pre-vote = false (custom)
2021-08-31 13:03:53,318 [c1e41c75-4b16-43e8-a71d-6e9134c212c3@group-ACFDA5E70BED-FollowerState] INFO  impl.RoleInfo (RoleInfo.java:updateAndGet(130)) - c1e41c75-4b16-43e8-a71d-6e9134c212c3: start c1e41c75-4b16-43e8-a71d-6e9134c212c3@group-ACFDA5E70BED-LeaderElection10
2021-08-31 13:03:53,323 [grpc-default-executor-0] INFO  server.RaftServer$Division (RaftServerImpl.java:requestVote(1075)) - 1a766833-fcfc-4255-a382-49e3d560613d@group-ACFDA5E70BED replies to ELECTION vote request: 48a67b91-f7be-40c9-a901-78f22c1148cd<-1a766833-fcfc-4255-a382-49e3d560613d#0:FAIL-t1. Peer's state: 1a766833-fcfc-4255-a382-49e3d560613d@group-ACFDA5E70BED:t1, leader=null, voted=null, raftlog=1a766833-fcfc-4255-a382-49e3d560613d@group-ACFDA5E70BED-SegmentedRaftLog:OPENED:c-1,f-1,i0, conf=-1: [1a766833-fcfc-4255-a382-49e3d560613d|rpc:10.1.0.6:42143|dataStream:|priority:1, 48a67b91-f7be-40c9-a901-78f22c1148cd|rpc:10.1.0.6:46047|dataStream:|priority:0, c1e41c75-4b16-43e8-a71d-6e9134c212c3|rpc:10.1.0.6:40007|dataStream:|priority:0], old=null
2021-08-31 13:03:53,325 [48a67b91-f7be-40c9-a901-78f22c1148cd@group-ACFDA5E70BED-LeaderElection9] INFO  impl.LeaderElection (LeaderElection.java:logAndReturn(89)) - 48a67b91-f7be-40c9-a901-78f22c1148cd@group-ACFDA5E70BED-LeaderElection9: ELECTION REJECTED received 1 response(s) and 0 exception(s):
2021-08-31 13:03:53,325 [48a67b91-f7be-40c9-a901-78f22c1148cd@group-ACFDA5E70BED-LeaderElection9] INFO  impl.LeaderElection (LeaderElection.java:logAndReturn(93)) -   Response 0: 48a67b91-f7be-40c9-a901-78f22c1148cd<-1a766833-fcfc-4255-a382-49e3d560613d#0:FAIL-t1
2021-08-31 13:03:53,325 [48a67b91-f7be-40c9-a901-78f22c1148cd@group-ACFDA5E70BED-LeaderElection9] INFO  impl.LeaderElection (LeaderElection.java:askForVotes(308)) - 48a67b91-f7be-40c9-a901-78f22c1148cd@group-ACFDA5E70BED-LeaderElection9 ELECTION round 0: result REJECTED
2021-08-31 13:03:53,325 [48a67b91-f7be-40c9-a901-78f22c1148cd@group-ACFDA5E70BED-LeaderElection9] INFO  server.RaftServer$Division (RaftServerImpl.java:setRole(285)) - 48a67b91-f7be-40c9-a901-78f22c1148cd@group-ACFDA5E70BED: changes role from CANDIDATE to FOLLOWER at term 1 for REJECTED
2021-08-31 13:03:53,325 [48a67b91-f7be-40c9-a901-78f22c1148cd@group-ACFDA5E70BED-LeaderElection9] INFO  impl.RoleInfo (RoleInfo.java:shutdownLeaderElection(121)) - 48a67b91-f7be-40c9-a901-78f22c1148cd: shutdown 48a67b91-f7be-40c9-a901-78f22c1148cd@group-ACFDA5E70BED-LeaderElection9
2021-08-31 13:03:53,325 [48a67b91-f7be-40c9-a901-78f22c1148cd@group-ACFDA5E70BED-LeaderElection9] INFO  impl.RoleInfo (RoleInfo.java:updateAndGet(130)) - 48a67b91-f7be-40c9-a901-78f22c1148cd: start 48a67b91-f7be-40c9-a901-78f22c1148cd@group-ACFDA5E70BED-FollowerState
2021-08-31 13:03:53,332 [grpc-default-executor-0] INFO  server.RaftServer$Division (RaftServerImpl.java:requestVote(1043)) - c1e41c75-4b16-43e8-a71d-6e9134c212c3@group-ACFDA5E70BED: receive requestVote(ELECTION, 48a67b91-f7be-40c9-a901-78f22c1148cd, group-ACFDA5E70BED, 1, (t:0, i:0))
2021-08-31 13:03:53,334 [c1e41c75-4b16-43e8-a71d-6e9134c212c3@group-ACFDA5E70BED-LeaderElection10] INFO  impl.LeaderElection (LeaderElection.java:askForVotes(306)) - c1e41c75-4b16-43e8-a71d-6e9134c212c3@group-ACFDA5E70BED-LeaderElection10 ELECTION round 0: submit vote requests at term 1 for -1: [1a766833-fcfc-4255-a382-49e3d560613d|rpc:10.1.0.6:42143|dataStream:|priority:1, 48a67b91-f7be-40c9-a901-78f22c1148cd|rpc:10.1.0.6:46047|dataStream:|priority:0, c1e41c75-4b16-43e8-a71d-6e9134c212c3|rpc:10.1.0.6:40007|dataStream:|priority:0], old=null
2021-08-31 13:03:53,334 [grpc-default-executor-0] INFO  impl.VoteContext (VoteContext.java:log(48)) - c1e41c75-4b16-43e8-a71d-6e9134c212c3@group-ACFDA5E70BED-CANDIDATE: reject ELECTION from 48a67b91-f7be-40c9-a901-78f22c1148cd: already has voted for c1e41c75-4b16-43e8-a71d-6e9134c212c3 at current term 1
2021-08-31 13:03:53,334 [grpc-default-executor-0] INFO  server.RaftServer$Division (RaftServerImpl.java:requestVote(1075)) - c1e41c75-4b16-43e8-a71d-6e9134c212c3@group-ACFDA5E70BED replies to ELECTION vote request: 48a67b91-f7be-40c9-a901-78f22c1148cd<-c1e41c75-4b16-43e8-a71d-6e9134c212c3#0:FAIL-t1. Peer's state: c1e41c75-4b16-43e8-a71d-6e9134c212c3@group-ACFDA5E70BED:t1, leader=null, voted=c1e41c75-4b16-43e8-a71d-6e9134c212c3, raftlog=c1e41c75-4b16-43e8-a71d-6e9134c212c3@group-ACFDA5E70BED-SegmentedRaftLog:OPENED:c-1,f-1,i0, conf=-1: [1a766833-fcfc-4255-a382-49e3d560613d|rpc:10.1.0.6:42143|dataStream:|priority:1, 48a67b91-f7be-40c9-a901-78f22c1148cd|rpc:10.1.0.6:46047|dataStream:|priority:0, c1e41c75-4b16-43e8-a71d-6e9134c212c3|rpc:10.1.0.6:40007|dataStream:|priority:0], old=null
2021-08-31 13:03:53,342 [grpc-default-executor-0] INFO  server.RaftServer$Division (RaftServerImpl.java:requestVote(1043)) - 1a766833-fcfc-4255-a382-49e3d560613d@group-ACFDA5E70BED: receive requestVote(ELECTION, c1e41c75-4b16-43e8-a71d-6e9134c212c3, group-ACFDA5E70BED, 1, (t:0, i:0))
2021-08-31 13:03:53,342 [grpc-default-executor-0] INFO  impl.VoteContext (VoteContext.java:log(48)) - 1a766833-fcfc-4255-a382-49e3d560613d@group-ACFDA5E70BED-FOLLOWER: reject ELECTION from c1e41c75-4b16-43e8-a71d-6e9134c212c3: our priority 1 > candidate's priority 0
2021-08-31 13:03:53,342 [grpc-default-executor-0] INFO  server.RaftServer$Division (RaftServerImpl.java:setRole(285)) - 1a766833-fcfc-4255-a382-49e3d560613d@group-ACFDA5E70BED: changes role from  FOLLOWER to FOLLOWER at term 1 for candidate:c1e41c75-4b16-43e8-a71d-6e9134c212c3
2021-08-31 13:03:53,342 [grpc-default-executor-0] INFO  impl.RoleInfo (RoleInfo.java:shutdownFollowerState(108)) - 1a766833-fcfc-4255-a382-49e3d560613d: shutdown 1a766833-fcfc-4255-a382-49e3d560613d@group-ACFDA5E70BED-FollowerState
2021-08-31 13:03:53,342 [grpc-default-executor-0] INFO  impl.RoleInfo (RoleInfo.java:updateAndGet(130)) - 1a766833-fcfc-4255-a382-49e3d560613d: start 1a766833-fcfc-4255-a382-49e3d560613d@group-ACFDA5E70BED-FollowerState
2021-08-31 13:03:53,342 [1a766833-fcfc-4255-a382-49e3d560613d@group-ACFDA5E70BED-FollowerState] INFO  impl.FollowerState (FollowerState.java:run(143)) - 1a766833-fcfc-4255-a382-49e3d560613d@group-ACFDA5E70BED-FollowerState was interrupted: {}
java.lang.InterruptedException: sleep interrupted
	at java.lang.Thread.sleep(Native Method)
	at java.lang.Thread.sleep(Thread.java:340)
	at java.util.concurrent.TimeUnit.sleep(TimeUnit.java:386)
	at org.apache.ratis.util.TimeDuration.sleep(TimeDuration.java:324)
	at org.apache.ratis.util.TimeDuration.sleep(TimeDuration.java:309)
	at org.apache.ratis.server.impl.FollowerState.run(FollowerState.java:118)
2021-08-31 13:03:53,342 [grpc-default-executor-0] INFO  server.RaftServer$Division (RaftServerImpl.java:requestVote(1075)) - 1a766833-fcfc-4255-a382-49e3d560613d@group-ACFDA5E70BED replies to ELECTION vote request: c1e41c75-4b16-43e8-a71d-6e9134c212c3<-1a766833-fcfc-4255-a382-49e3d560613d#0:FAIL-t1. Peer's state: 1a766833-fcfc-4255-a382-49e3d560613d@group-ACFDA5E70BED:t1, leader=null, voted=null, raftlog=1a766833-fcfc-4255-a382-49e3d560613d@group-ACFDA5E70BED-SegmentedRaftLog:OPENED:c-1,f-1,i0, conf=-1: [1a766833-fcfc-4255-a382-49e3d560613d|rpc:10.1.0.6:42143|dataStream:|priority:1, 48a67b91-f7be-40c9-a901-78f22c1148cd|rpc:10.1.0.6:46047|dataStream:|priority:0, c1e41c75-4b16-43e8-a71d-6e9134c212c3|rpc:10.1.0.6:40007|dataStream:|priority:0], old=null
2021-08-31 13:03:53,352 [c1e41c75-4b16-43e8-a71d-6e9134c212c3@group-ACFDA5E70BED-LeaderElection10] INFO  impl.LeaderElection (LeaderElection.java:logAndReturn(89)) - c1e41c75-4b16-43e8-a71d-6e9134c212c3@group-ACFDA5E70BED-LeaderElection10: ELECTION REJECTED received 1 response(s) and 0 exception(s):
2021-08-31 13:03:53,352 [c1e41c75-4b16-43e8-a71d-6e9134c212c3@group-ACFDA5E70BED-LeaderElection10] INFO  impl.LeaderElection (LeaderElection.java:logAndReturn(93)) -   Response 0: c1e41c75-4b16-43e8-a71d-6e9134c212c3<-1a766833-fcfc-4255-a382-49e3d560613d#0:FAIL-t1
2021-08-31 13:03:53,352 [c1e41c75-4b16-43e8-a71d-6e9134c212c3@group-ACFDA5E70BED-LeaderElection10] INFO  impl.LeaderElection (LeaderElection.java:askForVotes(308)) - c1e41c75-4b16-43e8-a71d-6e9134c212c3@group-ACFDA5E70BED-LeaderElection10 ELECTION round 0: result REJECTED
2021-08-31 13:03:53,352 [c1e41c75-4b16-43e8-a71d-6e9134c212c3@group-ACFDA5E70BED-LeaderElection10] INFO  server.RaftServer$Division (RaftServerImpl.java:setRole(285)) - c1e41c75-4b16-43e8-a71d-6e9134c212c3@group-ACFDA5E70BED: changes role from CANDIDATE to FOLLOWER at term 1 for REJECTED
2021-08-31 13:03:53,352 [c1e41c75-4b16-43e8-a71d-6e9134c212c3@group-ACFDA5E70BED-LeaderElection10] INFO  impl.RoleInfo (RoleInfo.java:shutdownLeaderElection(121)) - c1e41c75-4b16-43e8-a71d-6e9134c212c3: shutdown c1e41c75-4b16-43e8-a71d-6e9134c212c3@group-ACFDA5E70BED-LeaderElection10
2021-08-31 13:03:53,352 [c1e41c75-4b16-43e8-a71d-6e9134c212c3@group-ACFDA5E70BED-LeaderElection10] INFO  impl.RoleInfo (RoleInfo.java:updateAndGet(130)) - c1e41c75-4b16-43e8-a71d-6e9134c212c3: start c1e41c75-4b16-43e8-a71d-6e9134c212c3@group-ACFDA5E70BED-FollowerState
2021-08-31 13:03:53,357 [grpc-default-executor-0] INFO  server.RaftServer$Division (RaftServerImpl.java:requestVote(1043)) - 48a67b91-f7be-40c9-a901-78f22c1148cd@group-ACFDA5E70BED: receive requestVote(ELECTION, c1e41c75-4b16-43e8-a71d-6e9134c212c3, group-ACFDA5E70BED, 1, (t:0, i:0))
2021-08-31 13:03:53,358 [grpc-default-executor-0] INFO  impl.VoteContext (VoteContext.java:log(48)) - 48a67b91-f7be-40c9-a901-78f22c1148cd@group-ACFDA5E70BED-FOLLOWER: reject ELECTION from c1e41c75-4b16-43e8-a71d-6e9134c212c3: already has voted for 48a67b91-f7be-40c9-a901-78f22c1148cd at current term 1
2021-08-31 13:03:53,358 [grpc-default-executor-0] INFO  server.RaftServer$Division (RaftServerImpl.java:requestVote(1075)) - 48a67b91-f7be-40c9-a901-78f22c1148cd@group-ACFDA5E70BED replies to ELECTION vote request: c1e41c75-4b16-43e8-a71d-6e9134c212c3<-48a67b91-f7be-40c9-a901-78f22c1148cd#0:FAIL-t1. Peer's state: 48a67b91-f7be-40c9-a901-78f22c1148cd@group-ACFDA5E70BED:t1, leader=null, voted=48a67b91-f7be-40c9-a901-78f22c1148cd, raftlog=48a67b91-f7be-40c9-a901-78f22c1148cd@group-ACFDA5E70BED-SegmentedRaftLog:OPENED:c-1,f-1,i0, conf=-1: [1a766833-fcfc-4255-a382-49e3d560613d|rpc:10.1.0.6:42143|priority:1, 48a67b91-f7be-40c9-a901-78f22c1148cd|rpc:10.1.0.6:46047|priority:0, c1e41c75-4b16-43e8-a71d-6e9134c212c3|rpc:10.1.0.6:40007|priority:0], old=null
2021-08-31 13:03:53,403 [c1e41c75-4b16-43e8-a71d-6e9134c212c3@group-F061A452FCA2-FollowerState] INFO  impl.FollowerState (FollowerState.java:run(134)) - c1e41c75-4b16-43e8-a71d-6e9134c212c3@group-F061A452FCA2-FollowerState: change to CANDIDATE, lastRpcElapsedTime:5115119469ns, electionTimeout:5112ms
2021-08-31 13:03:53,404 [c1e41c75-4b16-43e8-a71d-6e9134c212c3@group-F061A452FCA2-FollowerState] INFO  impl.RoleInfo (RoleInfo.java:shutdownFollowerState(108)) - c1e41c75-4b16-43e8-a71d-6e9134c212c3: shutdown c1e41c75-4b16-43e8-a71d-6e9134c212c3@group-F061A452FCA2-FollowerState
2021-08-31 13:03:53,404 [c1e41c75-4b16-43e8-a71d-6e9134c212c3@group-F061A452FCA2-FollowerState] INFO  server.RaftServer$Division (RaftServerImpl.java:setRole(285)) - c1e41c75-4b16-43e8-a71d-6e9134c212c3@group-F061A452FCA2: changes role from  FOLLOWER to CANDIDATE at term 0 for changeToCandidate
2021-08-31 13:03:53,404 [c1e41c75-4b16-43e8-a71d-6e9134c212c3@group-F061A452FCA2-FollowerState] INFO  server.RaftServerConfigKeys (ConfUtils.java:logGet(44)) - raft.server.leaderelection.pre-vote = false (custom)
2021-08-31 13:03:53,404 [c1e41c75-4b16-43e8-a71d-6e9134c212c3@group-F061A452FCA2-FollowerState] INFO  impl.RoleInfo (RoleInfo.java:updateAndGet(130)) - c1e41c75-4b16-43e8-a71d-6e9134c212c3: start c1e41c75-4b16-43e8-a71d-6e9134c212c3@group-F061A452FCA2-LeaderElection11
2021-08-31 13:03:53,409 [c1e41c75-4b16-43e8-a71d-6e9134c212c3@group-F061A452FCA2-LeaderElection11] INFO  impl.LeaderElection (LeaderElection.java:askForVotes(306)) - c1e41c75-4b16-43e8-a71d-6e9134c212c3@group-F061A452FCA2-LeaderElection11 ELECTION round 0: submit vote requests at term 1 for -1: [c1e41c75-4b16-43e8-a71d-6e9134c212c3|rpc:10.1.0.6:40007|priority:1], old=null
2021-08-31 13:03:53,410 [c1e41c75-4b16-43e8-a71d-6e9134c212c3@group-F061A452FCA2-LeaderElection11] INFO  impl.LeaderElection (LeaderElection.java:askForVotes(308)) - c1e41c75-4b16-43e8-a71d-6e9134c212c3@group-F061A452FCA2-LeaderElection11 ELECTION round 0: result PASSED (term=1)
2021-08-31 13:03:53,410 [c1e41c75-4b16-43e8-a71d-6e9134c212c3@group-F061A452FCA2-LeaderElection11] INFO  impl.RoleInfo (RoleInfo.java:shutdownLeaderElection(121)) - c1e41c75-4b16-43e8-a71d-6e9134c212c3: shutdown c1e41c75-4b16-43e8-a71d-6e9134c212c3@group-F061A452FCA2-LeaderElection11
2021-08-31 13:03:53,410 [c1e41c75-4b16-43e8-a71d-6e9134c212c3@group-F061A452FCA2-LeaderElection11] INFO  server.RaftServer$Division (RaftServerImpl.java:setRole(285)) - c1e41c75-4b16-43e8-a71d-6e9134c212c3@group-F061A452FCA2: changes role from CANDIDATE to LEADER at term 1 for changeToLeader
2021-08-31 13:03:53,410 [c1e41c75-4b16-43e8-a71d-6e9134c212c3@group-F061A452FCA2-LeaderElection11] INFO  ratis.XceiverServerRatis (XceiverServerRatis.java:handleLeaderChangedNotification(861)) - Leader change notification received for group: group-F061A452FCA2 with new leaderId: c1e41c75-4b16-43e8-a71d-6e9134c212c3
2021-08-31 13:03:53,411 [Datanode State Machine Thread - 0] WARN  statemachine.StateContext (StateContext.java:execute(621)) - No available thread in pool for past 1 seconds.
2021-08-31 13:03:53,411 [c1e41c75-4b16-43e8-a71d-6e9134c212c3@group-F061A452FCA2-LeaderElection11] INFO  server.RaftServer$Division (ServerState.java:setLeader(285)) - c1e41c75-4b16-43e8-a71d-6e9134c212c3@group-F061A452FCA2: change Leader from null to c1e41c75-4b16-43e8-a71d-6e9134c212c3 at term 1 for becomeLeader, leader elected after 5151ms
2021-08-31 13:03:53,411 [c1e41c75-4b16-43e8-a71d-6e9134c212c3@group-F061A452FCA2-LeaderElection11] INFO  server.RaftServerConfigKeys (ConfUtils.java:logGet(44)) - raft.server.staging.catchup.gap = 1000 (default)
2021-08-31 13:03:53,411 [c1e41c75-4b16-43e8-a71d-6e9134c212c3@group-F061A452FCA2-LeaderElection11] INFO  server.RaftServerConfigKeys (ConfUtils.java:logGet(44)) - raft.server.write.element-limit = 1024 (custom)
2021-08-31 13:03:53,414 [c1e41c75-4b16-43e8-a71d-6e9134c212c3@group-F061A452FCA2-LeaderElection11] INFO  server.RaftServerConfigKeys (ConfUtils.java:logGet(44)) - raft.server.write.byte-limit = 1024 M (=1073741824) (custom)
2021-08-31 13:03:53,417 [c1e41c75-4b16-43e8-a71d-6e9134c212c3@group-F061A452FCA2-LeaderElection11] INFO  server.RaftServerConfigKeys (ConfUtils.java:logGet(44)) - raft.server.watch.timeout = 3000ms (custom)
2021-08-31 13:03:53,420 [c1e41c75-4b16-43e8-a71d-6e9134c212c3@group-F061A452FCA2-LeaderElection11] INFO  server.RaftServerConfigKeys (ConfUtils.java:logGet(44)) - raft.server.watch.timeout.denomination = 1s (default)
2021-08-31 13:03:53,421 [c1e41c75-4b16-43e8-a71d-6e9134c212c3@group-F061A452FCA2-LeaderElection11] INFO  server.RaftServerConfigKeys (ConfUtils.java:logGet(44)) - raft.server.watch.element-limit = 65536 (default)
2021-08-31 13:03:53,421 [c1e41c75-4b16-43e8-a71d-6e9134c212c3@group-F061A452FCA2-LeaderElection11] INFO  impl.RoleInfo (RoleInfo.java:updateAndGet(130)) - c1e41c75-4b16-43e8-a71d-6e9134c212c3: start c1e41c75-4b16-43e8-a71d-6e9134c212c3@group-F061A452FCA2-LeaderStateImpl
2021-08-31 13:03:53,421 [c1e41c75-4b16-43e8-a71d-6e9134c212c3@group-F061A452FCA2-LeaderElection11] INFO  segmented.SegmentedRaftLogWorker (SegmentedRaftLogWorker.java:startLogSegment(394)) - c1e41c75-4b16-43e8-a71d-6e9134c212c3@group-F061A452FCA2-SegmentedRaftLogWorker: Starting segment from index:0
2021-08-31 13:03:53,423 [c1e41c75-4b16-43e8-a71d-6e9134c212c3@group-F061A452FCA2-SegmentedRaftLogWorker] INFO  segmented.SegmentedRaftLogWorker (SegmentedRaftLogWorker.java:execute(601)) - c1e41c75-4b16-43e8-a71d-6e9134c212c3@group-F061A452FCA2-SegmentedRaftLogWorker: created new log segment /home/runner/work/ozone/ozone/hadoop-ozone/integration-test/target/test-dir/MiniOzoneClusterImpl-24712a27-71f7-429c-8ffb-97a1a53f740d/datanode-4/data/ratis/d781a6dc-ac9c-42c3-b345-f061a452fca2/current/log_inprogress_0
2021-08-31 13:03:53,428 [c1e41c75-4b16-43e8-a71d-6e9134c212c3@group-F061A452FCA2-LeaderElection11] INFO  server.RaftServer$Division (ServerState.java:setRaftConf(387)) - c1e41c75-4b16-43e8-a71d-6e9134c212c3@group-F061A452FCA2: set configuration 0: [c1e41c75-4b16-43e8-a71d-6e9134c212c3|rpc:10.1.0.6:40007|dataStream:|priority:1], old=null
2021-08-31 13:03:53,518 [1a766833-fcfc-4255-a382-49e3d560613d@group-42EB7E805CEB-FollowerState] INFO  impl.FollowerState (FollowerState.java:run(134)) - 1a766833-fcfc-4255-a382-49e3d560613d@group-42EB7E805CEB-FollowerState: change to CANDIDATE, lastRpcElapsedTime:5056473961ns, electionTimeout:5056ms
2021-08-31 13:03:53,519 [1a766833-fcfc-4255-a382-49e3d560613d@group-42EB7E805CEB-FollowerState] INFO  impl.RoleInfo (RoleInfo.java:shutdownFollowerState(108)) - 1a766833-fcfc-4255-a382-49e3d560613d: shutdown 1a766833-fcfc-4255-a382-49e3d560613d@group-42EB7E805CEB-FollowerState
2021-08-31 13:03:53,519 [1a766833-fcfc-4255-a382-49e3d560613d@group-42EB7E805CEB-FollowerState] INFO  server.RaftServer$Division (RaftServerImpl.java:setRole(285)) - 1a766833-fcfc-4255-a382-49e3d560613d@group-42EB7E805CEB: changes role from  FOLLOWER to CANDIDATE at term 0 for changeToCandidate
2021-08-31 13:03:53,520 [1a766833-fcfc-4255-a382-49e3d560613d@group-42EB7E805CEB-FollowerState] INFO  server.RaftServerConfigKeys (ConfUtils.java:logGet(44)) - raft.server.leaderelection.pre-vote = false (custom)
2021-08-31 13:03:53,520 [1a766833-fcfc-4255-a382-49e3d560613d@group-42EB7E805CEB-FollowerState] INFO  impl.RoleInfo (RoleInfo.java:updateAndGet(130)) - 1a766833-fcfc-4255-a382-49e3d560613d: start 1a766833-fcfc-4255-a382-49e3d560613d@group-42EB7E805CEB-LeaderElection12
2021-08-31 13:03:53,526 [1a766833-fcfc-4255-a382-49e3d560613d@group-42EB7E805CEB-LeaderElection12] INFO  impl.LeaderElection (LeaderElection.java:askForVotes(306)) - 1a766833-fcfc-4255-a382-49e3d560613d@group-42EB7E805CEB-LeaderElection12 ELECTION round 0: submit vote requests at term 1 for -1: [1a766833-fcfc-4255-a382-49e3d560613d|rpc:10.1.0.6:42143|priority:1], old=null
2021-08-31 13:03:53,526 [1a766833-fcfc-4255-a382-49e3d560613d@group-42EB7E805CEB-LeaderElection12] INFO  impl.LeaderElection (LeaderElection.java:askForVotes(308)) - 1a766833-fcfc-4255-a382-49e3d560613d@group-42EB7E805CEB-LeaderElection12 ELECTION round 0: result PASSED (term=1)
2021-08-31 13:03:53,526 [1a766833-fcfc-4255-a382-49e3d560613d@group-42EB7E805CEB-LeaderElection12] INFO  impl.RoleInfo (RoleInfo.java:shutdownLeaderElection(121)) - 1a766833-fcfc-4255-a382-49e3d560613d: shutdown 1a766833-fcfc-4255-a382-49e3d560613d@group-42EB7E805CEB-LeaderElection12
2021-08-31 13:03:53,526 [1a766833-fcfc-4255-a382-49e3d560613d@group-42EB7E805CEB-LeaderElection12] INFO  server.RaftServer$Division (RaftServerImpl.java:setRole(285)) - 1a766833-fcfc-4255-a382-49e3d560613d@group-42EB7E805CEB: changes role from CANDIDATE to LEADER at term 1 for changeToLeader
2021-08-31 13:03:53,526 [1a766833-fcfc-4255-a382-49e3d560613d@group-42EB7E805CEB-LeaderElection12] INFO  ratis.XceiverServerRatis (XceiverServerRatis.java:handleLeaderChangedNotification(861)) - Leader change notification received for group: group-42EB7E805CEB with new leaderId: 1a766833-fcfc-4255-a382-49e3d560613d
2021-08-31 13:03:53,526 [1a766833-fcfc-4255-a382-49e3d560613d@group-42EB7E805CEB-LeaderElection12] INFO  server.RaftServer$Division (ServerState.java:setLeader(285)) - 1a766833-fcfc-4255-a382-49e3d560613d@group-42EB7E805CEB: change Leader from null to 1a766833-fcfc-4255-a382-49e3d560613d at term 1 for becomeLeader, leader elected after 5073ms
2021-08-31 13:03:53,526 [1a766833-fcfc-4255-a382-49e3d560613d@group-42EB7E805CEB-LeaderElection12] INFO  server.RaftServerConfigKeys (ConfUtils.java:logGet(44)) - raft.server.staging.catchup.gap = 1000 (default)
2021-08-31 13:03:53,527 [Datanode State Machine Thread - 0] WARN  statemachine.StateContext (StateContext.java:execute(621)) - No available thread in pool for past 1 seconds.
2021-08-31 13:03:53,527 [1a766833-fcfc-4255-a382-49e3d560613d@group-42EB7E805CEB-LeaderElection12] INFO  server.RaftServerConfigKeys (ConfUtils.java:logGet(44)) - raft.server.write.element-limit = 1024 (custom)
2021-08-31 13:03:53,527 [1a766833-fcfc-4255-a382-49e3d560613d@group-42EB7E805CEB-LeaderElection12] INFO  server.RaftServerConfigKeys (ConfUtils.java:logGet(44)) - raft.server.write.byte-limit = 1024 M (=1073741824) (custom)
2021-08-31 13:03:53,527 [1a766833-fcfc-4255-a382-49e3d560613d@group-42EB7E805CEB-LeaderElection12] INFO  server.RaftServerConfigKeys (ConfUtils.java:logGet(44)) - raft.server.watch.timeout = 3000ms (custom)
2021-08-31 13:03:53,527 [1a766833-fcfc-4255-a382-49e3d560613d@group-42EB7E805CEB-LeaderElection12] INFO  server.RaftServerConfigKeys (ConfUtils.java:logGet(44)) - raft.server.watch.timeout.denomination = 1s (default)
2021-08-31 13:03:53,527 [1a766833-fcfc-4255-a382-49e3d560613d@group-42EB7E805CEB-LeaderElection12] INFO  server.RaftServerConfigKeys (ConfUtils.java:logGet(44)) - raft.server.watch.element-limit = 65536 (default)
2021-08-31 13:03:53,528 [1a766833-fcfc-4255-a382-49e3d560613d@group-42EB7E805CEB-LeaderElection12] INFO  impl.RoleInfo (RoleInfo.java:updateAndGet(130)) - 1a766833-fcfc-4255-a382-49e3d560613d: start 1a766833-fcfc-4255-a382-49e3d560613d@group-42EB7E805CEB-LeaderStateImpl
2021-08-31 13:03:53,528 [1a766833-fcfc-4255-a382-49e3d560613d@group-42EB7E805CEB-LeaderElection12] INFO  segmented.SegmentedRaftLogWorker (SegmentedRaftLogWorker.java:startLogSegment(394)) - 1a766833-fcfc-4255-a382-49e3d560613d@group-42EB7E805CEB-SegmentedRaftLogWorker: Starting segment from index:0
2021-08-31 13:03:53,529 [1a766833-fcfc-4255-a382-49e3d560613d@group-42EB7E805CEB-SegmentedRaftLogWorker] INFO  segmented.SegmentedRaftLogWorker (SegmentedRaftLogWorker.java:execute(601)) - 1a766833-fcfc-4255-a382-49e3d560613d@group-42EB7E805CEB-SegmentedRaftLogWorker: created new log segment /home/runner/work/ozone/ozone/hadoop-ozone/integration-test/target/test-dir/MiniOzoneClusterImpl-24712a27-71f7-429c-8ffb-97a1a53f740d/datanode-5/data/ratis/acf90615-c5c5-4b40-8d34-42eb7e805ceb/current/log_inprogress_0
2021-08-31 13:03:53,534 [1a766833-fcfc-4255-a382-49e3d560613d@group-42EB7E805CEB-LeaderElection12] INFO  server.RaftServer$Division (ServerState.java:setRaftConf(387)) - 1a766833-fcfc-4255-a382-49e3d560613d@group-42EB7E805CEB: set configuration 0: [1a766833-fcfc-4255-a382-49e3d560613d|rpc:10.1.0.6:42143|dataStream:|priority:1], old=null
2021-08-31 13:03:53,665 [Listener at 127.0.0.1/38495] INFO  ozone.MiniOzoneClusterImpl (MiniOzoneClusterImpl.java:lambda$waitForClusterToBeReady$0(235)) - Nodes are ready. Got 7 of 7 DN Heartbeats.
2021-08-31 13:03:53,665 [Listener at 127.0.0.1/38495] INFO  ozone.MiniOzoneClusterImpl (MiniOzoneClusterImpl.java:lambda$waitForClusterToBeReady$0(238)) - Cluster exits safe mode
2021-08-31 13:03:53,665 [Listener at 127.0.0.1/38495] INFO  ozone.MiniOzoneClusterImpl (MiniOzoneClusterImpl.java:lambda$waitForClusterToBeReady$0(240)) - SCM became leader
2021-08-31 13:03:53,826 [824157db-23a7-404e-be12-869143e8adda@group-DB6D28CD4AF5-FollowerState] INFO  impl.FollowerState (FollowerState.java:run(134)) - 824157db-23a7-404e-be12-869143e8adda@group-DB6D28CD4AF5-FollowerState: change to CANDIDATE, lastRpcElapsedTime:5145617899ns, electionTimeout:5143ms
2021-08-31 13:03:53,827 [824157db-23a7-404e-be12-869143e8adda@group-DB6D28CD4AF5-FollowerState] INFO  impl.RoleInfo (RoleInfo.java:shutdownFollowerState(108)) - 824157db-23a7-404e-be12-869143e8adda: shutdown 824157db-23a7-404e-be12-869143e8adda@group-DB6D28CD4AF5-FollowerState
2021-08-31 13:03:53,827 [824157db-23a7-404e-be12-869143e8adda@group-DB6D28CD4AF5-FollowerState] INFO  server.RaftServer$Division (RaftServerImpl.java:setRole(285)) - 824157db-23a7-404e-be12-869143e8adda@group-DB6D28CD4AF5: changes role from  FOLLOWER to CANDIDATE at term 0 for changeToCandidate
2021-08-31 13:03:53,830 [824157db-23a7-404e-be12-869143e8adda@group-DB6D28CD4AF5-FollowerState] INFO  server.RaftServerConfigKeys (ConfUtils.java:logGet(44)) - raft.server.leaderelection.pre-vote = false (custom)
2021-08-31 13:03:53,830 [824157db-23a7-404e-be12-869143e8adda@group-DB6D28CD4AF5-FollowerState] INFO  impl.RoleInfo (RoleInfo.java:updateAndGet(130)) - 824157db-23a7-404e-be12-869143e8adda: start 824157db-23a7-404e-be12-869143e8adda@group-DB6D28CD4AF5-LeaderElection13
2021-08-31 13:03:53,833 [824157db-23a7-404e-be12-869143e8adda@group-DB6D28CD4AF5-LeaderElection13] INFO  impl.LeaderElection (LeaderElection.java:askForVotes(306)) - 824157db-23a7-404e-be12-869143e8adda@group-DB6D28CD4AF5-LeaderElection13 ELECTION round 0: submit vote requests at term 1 for -1: [824157db-23a7-404e-be12-869143e8adda|rpc:10.1.0.6:33221|priority:1], old=null
2021-08-31 13:03:53,833 [824157db-23a7-404e-be12-869143e8adda@group-DB6D28CD4AF5-LeaderElection13] INFO  impl.LeaderElection (LeaderElection.java:askForVotes(308)) - 824157db-23a7-404e-be12-869143e8adda@group-DB6D28CD4AF5-LeaderElection13 ELECTION round 0: result PASSED (term=1)
2021-08-31 13:03:53,834 [824157db-23a7-404e-be12-869143e8adda@group-DB6D28CD4AF5-LeaderElection13] INFO  impl.RoleInfo (RoleInfo.java:shutdownLeaderElection(121)) - 824157db-23a7-404e-be12-869143e8adda: shutdown 824157db-23a7-404e-be12-869143e8adda@group-DB6D28CD4AF5-LeaderElection13
2021-08-31 13:03:53,834 [824157db-23a7-404e-be12-869143e8adda@group-DB6D28CD4AF5-LeaderElection13] INFO  server.RaftServer$Division (RaftServerImpl.java:setRole(285)) - 824157db-23a7-404e-be12-869143e8adda@group-DB6D28CD4AF5: changes role from CANDIDATE to LEADER at term 1 for changeToLeader
2021-08-31 13:03:53,834 [824157db-23a7-404e-be12-869143e8adda@group-DB6D28CD4AF5-LeaderElection13] INFO  ratis.XceiverServerRatis (XceiverServerRatis.java:handleLeaderChangedNotification(861)) - Leader change notification received for group: group-DB6D28CD4AF5 with new leaderId: 824157db-23a7-404e-be12-869143e8adda
2021-08-31 13:03:53,834 [Datanode State Machine Thread - 0] WARN  statemachine.StateContext (StateContext.java:execute(621)) - No available thread in pool for past 1 seconds.
2021-08-31 13:03:53,839 [824157db-23a7-404e-be12-869143e8adda@group-DB6D28CD4AF5-LeaderElection13] INFO  server.RaftServer$Division (ServerState.java:setLeader(285)) - 824157db-23a7-404e-be12-869143e8adda@group-DB6D28CD4AF5: change Leader from null to 824157db-23a7-404e-be12-869143e8adda at term 1 for becomeLeader, leader elected after 5169ms
2021-08-31 13:03:53,839 [824157db-23a7-404e-be12-869143e8adda@group-DB6D28CD4AF5-LeaderElection13] INFO  server.RaftServerConfigKeys (ConfUtils.java:logGet(44)) - raft.server.staging.catchup.gap = 1000 (default)
2021-08-31 13:03:53,839 [824157db-23a7-404e-be12-869143e8adda@group-DB6D28CD4AF5-LeaderElection13] INFO  server.RaftServerConfigKeys (ConfUtils.java:logGet(44)) - raft.server.write.element-limit = 1024 (custom)
2021-08-31 13:03:53,839 [824157db-23a7-404e-be12-869143e8adda@group-DB6D28CD4AF5-LeaderElection13] INFO  server.RaftServerConfigKeys (ConfUtils.java:logGet(44)) - raft.server.write.byte-limit = 1024 M (=1073741824) (custom)
2021-08-31 13:03:53,839 [824157db-23a7-404e-be12-869143e8adda@group-DB6D28CD4AF5-LeaderElection13] INFO  server.RaftServerConfigKeys (ConfUtils.java:logGet(44)) - raft.server.watch.timeout = 3000ms (custom)
2021-08-31 13:03:53,840 [824157db-23a7-404e-be12-869143e8adda@group-DB6D28CD4AF5-LeaderElection13] INFO  server.RaftServerConfigKeys (ConfUtils.java:logGet(44)) - raft.server.watch.timeout.denomination = 1s (default)
2021-08-31 13:03:53,840 [824157db-23a7-404e-be12-869143e8adda@group-DB6D28CD4AF5-LeaderElection13] INFO  server.RaftServerConfigKeys (ConfUtils.java:logGet(44)) - raft.server.watch.element-limit = 65536 (default)
2021-08-31 13:03:53,840 [824157db-23a7-404e-be12-869143e8adda@group-DB6D28CD4AF5-LeaderElection13] INFO  impl.RoleInfo (RoleInfo.java:updateAndGet(130)) - 824157db-23a7-404e-be12-869143e8adda: start 824157db-23a7-404e-be12-869143e8adda@group-DB6D28CD4AF5-LeaderStateImpl
2021-08-31 13:03:53,840 [824157db-23a7-404e-be12-869143e8adda@group-DB6D28CD4AF5-LeaderElection13] INFO  segmented.SegmentedRaftLogWorker (SegmentedRaftLogWorker.java:startLogSegment(394)) - 824157db-23a7-404e-be12-869143e8adda@group-DB6D28CD4AF5-SegmentedRaftLogWorker: Starting segment from index:0
2021-08-31 13:03:53,842 [824157db-23a7-404e-be12-869143e8adda@group-DB6D28CD4AF5-LeaderElection13] INFO  server.RaftServer$Division (ServerState.java:setRaftConf(387)) - 824157db-23a7-404e-be12-869143e8adda@group-DB6D28CD4AF5: set configuration 0: [824157db-23a7-404e-be12-869143e8adda|rpc:10.1.0.6:33221|dataStream:|priority:1], old=null
2021-08-31 13:03:53,842 [824157db-23a7-404e-be12-869143e8adda@group-DB6D28CD4AF5-SegmentedRaftLogWorker] INFO  segmented.SegmentedRaftLogWorker (SegmentedRaftLogWorker.java:execute(601)) - 824157db-23a7-404e-be12-869143e8adda@group-DB6D28CD4AF5-SegmentedRaftLogWorker: created new log segment /home/runner/work/ozone/ozone/hadoop-ozone/integration-test/target/test-dir/MiniOzoneClusterImpl-24712a27-71f7-429c-8ffb-97a1a53f740d/datanode-6/data/ratis/0ba0ef12-4c24-414b-ac07-db6d28cd4af5/current/log_inprogress_0
2021-08-31 13:03:54,230 [Listener at 127.0.0.1/38495] INFO  rpc.RpcClient (RpcClient.java:createVolume(342)) - Creating Volume: testblockoutputstream, with runner as owner and space quota set to -1 bytes, counts quota set to -1
2021-08-31 13:03:54,286 [OM StateMachine ApplyTransaction Thread - 0] INFO  volume.OMVolumeCreateRequest (OMVolumeCreateRequest.java:validateAndUpdateCache(195)) - created volume:testblockoutputstream for user:runner
2021-08-31 13:03:54,316 [Listener at 127.0.0.1/38495] INFO  rpc.RpcClient (RpcClient.java:createBucket(502)) - Creating Bucket: testblockoutputstream/testblockoutputstream, with Versioning false and Storage Type set to DISK and Encryption set to false 
2021-08-31 13:03:54,378 [IPC Server handler 0 on default port 41623] INFO  ha.SequenceIdGenerator (SequenceIdGenerator.java:getNextId(127)) - Allocate a batch for containerId, change lastId from 0 to 1000.
2021-08-31 13:03:54,389 [IPC Server handler 0 on default port 41623] WARN  ha.SequenceIdGenerator (SequenceIdGenerator.java:allocateBatch(234)) - Failed to allocate a batch for localId, expected lastId is 0, actual lastId is 107544261427200000.
2021-08-31 13:03:54,390 [IPC Server handler 0 on default port 41623] INFO  ha.SequenceIdGenerator (SequenceIdGenerator.java:getNextId(127)) - Allocate a batch for localId, change lastId from 107544261427200000 to 107544261427201000.
2021-08-31 13:03:54,473 [Listener at 127.0.0.1/38495] INFO  impl.MetricsSystemImpl (MetricsSystemImpl.java:init(158)) - XceiverClientMetrics metrics system started (again)
2021-08-31 13:03:54,711 [Datanode State Machine Thread - 0] WARN  statemachine.StateContext (StateContext.java:execute(621)) - No available thread in pool for past 1 seconds.
2021-08-31 13:03:54,713 [Datanode State Machine Thread - 0] WARN  statemachine.StateContext (StateContext.java:execute(621)) - No available thread in pool for past 1 seconds.
2021-08-31 13:03:54,714 [Datanode State Machine Thread - 0] WARN  statemachine.StateContext (StateContext.java:execute(621)) - No available thread in pool for past 1 seconds.
2021-08-31 13:03:55,713 [Datanode State Machine Thread - 0] INFO  statemachine.DatanodeStateMachine (DatanodeStateMachine.java:lambda$startDaemon$0(457)) - Ozone container server started.
2021-08-31 13:03:57,410 [940b181a-f656-490c-a8b1-afc5b8b121dc@group-862D64EF6F50-FollowerState] INFO  impl.FollowerState (FollowerState.java:run(134)) - 940b181a-f656-490c-a8b1-afc5b8b121dc@group-862D64EF6F50-FollowerState: change to CANDIDATE, lastRpcElapsedTime:5079929782ns, electionTimeout:5069ms
2021-08-31 13:03:57,411 [940b181a-f656-490c-a8b1-afc5b8b121dc@group-862D64EF6F50-FollowerState] INFO  impl.RoleInfo (RoleInfo.java:shutdownFollowerState(108)) - 940b181a-f656-490c-a8b1-afc5b8b121dc: shutdown 940b181a-f656-490c-a8b1-afc5b8b121dc@group-862D64EF6F50-FollowerState
2021-08-31 13:03:57,411 [940b181a-f656-490c-a8b1-afc5b8b121dc@group-862D64EF6F50-FollowerState] INFO  server.RaftServer$Division (RaftServerImpl.java:setRole(285)) - 940b181a-f656-490c-a8b1-afc5b8b121dc@group-862D64EF6F50: changes role from  FOLLOWER to CANDIDATE at term 1 for changeToCandidate
2021-08-31 13:03:57,411 [940b181a-f656-490c-a8b1-afc5b8b121dc@group-862D64EF6F50-FollowerState] INFO  server.RaftServerConfigKeys (ConfUtils.java:logGet(44)) - raft.server.leaderelection.pre-vote = false (custom)
2021-08-31 13:03:57,411 [940b181a-f656-490c-a8b1-afc5b8b121dc@group-862D64EF6F50-FollowerState] INFO  impl.RoleInfo (RoleInfo.java:updateAndGet(130)) - 940b181a-f656-490c-a8b1-afc5b8b121dc: start 940b181a-f656-490c-a8b1-afc5b8b121dc@group-862D64EF6F50-LeaderElection14
2021-08-31 13:03:57,414 [940b181a-f656-490c-a8b1-afc5b8b121dc@group-862D64EF6F50-LeaderElection14] INFO  impl.LeaderElection (LeaderElection.java:askForVotes(306)) - 940b181a-f656-490c-a8b1-afc5b8b121dc@group-862D64EF6F50-LeaderElection14 ELECTION round 0: submit vote requests at term 2 for -1: [940b181a-f656-490c-a8b1-afc5b8b121dc|rpc:10.1.0.6:41423|priority:1, 41b49504-2605-44a7-8135-9defd08b62b0|rpc:10.1.0.6:41505|priority:0, fde2103a-ce00-4253-a576-ea8232893539|rpc:10.1.0.6:43381|priority:0], old=null
2021-08-31 13:03:57,426 [grpc-default-executor-2] INFO  server.RaftServer$Division (RaftServerImpl.java:requestVote(1043)) - 41b49504-2605-44a7-8135-9defd08b62b0@group-862D64EF6F50: receive requestVote(ELECTION, 940b181a-f656-490c-a8b1-afc5b8b121dc, group-862D64EF6F50, 2, (t:0, i:0))
2021-08-31 13:03:57,426 [grpc-default-executor-2] INFO  impl.VoteContext (VoteContext.java:log(48)) - 41b49504-2605-44a7-8135-9defd08b62b0@group-862D64EF6F50-FOLLOWER: accept ELECTION from 940b181a-f656-490c-a8b1-afc5b8b121dc: our priority 0 <= candidate's priority 1
2021-08-31 13:03:57,426 [grpc-default-executor-2] INFO  server.RaftServer$Division (RaftServerImpl.java:setRole(285)) - 41b49504-2605-44a7-8135-9defd08b62b0@group-862D64EF6F50: changes role from  FOLLOWER to FOLLOWER at term 2 for candidate:940b181a-f656-490c-a8b1-afc5b8b121dc
2021-08-31 13:03:57,426 [grpc-default-executor-2] INFO  impl.RoleInfo (RoleInfo.java:shutdownFollowerState(108)) - 41b49504-2605-44a7-8135-9defd08b62b0: shutdown 41b49504-2605-44a7-8135-9defd08b62b0@group-862D64EF6F50-FollowerState
2021-08-31 13:03:57,426 [grpc-default-executor-2] INFO  impl.RoleInfo (RoleInfo.java:updateAndGet(130)) - 41b49504-2605-44a7-8135-9defd08b62b0: start 41b49504-2605-44a7-8135-9defd08b62b0@group-862D64EF6F50-FollowerState
2021-08-31 13:03:57,426 [41b49504-2605-44a7-8135-9defd08b62b0@group-862D64EF6F50-FollowerState] INFO  impl.FollowerState (FollowerState.java:run(143)) - 41b49504-2605-44a7-8135-9defd08b62b0@group-862D64EF6F50-FollowerState was interrupted: {}
java.lang.InterruptedException: sleep interrupted
	at java.lang.Thread.sleep(Native Method)
	at java.lang.Thread.sleep(Thread.java:340)
	at java.util.concurrent.TimeUnit.sleep(TimeUnit.java:386)
	at org.apache.ratis.util.TimeDuration.sleep(TimeDuration.java:324)
	at org.apache.ratis.util.TimeDuration.sleep(TimeDuration.java:309)
	at org.apache.ratis.server.impl.FollowerState.run(FollowerState.java:118)
2021-08-31 13:03:57,429 [grpc-default-executor-2] INFO  server.RaftServer$Division (RaftServerImpl.java:requestVote(1075)) - 41b49504-2605-44a7-8135-9defd08b62b0@group-862D64EF6F50 replies to ELECTION vote request: 940b181a-f656-490c-a8b1-afc5b8b121dc<-41b49504-2605-44a7-8135-9defd08b62b0#0:OK-t2. Peer's state: 41b49504-2605-44a7-8135-9defd08b62b0@group-862D64EF6F50:t2, leader=null, voted=940b181a-f656-490c-a8b1-afc5b8b121dc, raftlog=41b49504-2605-44a7-8135-9defd08b62b0@group-862D64EF6F50-SegmentedRaftLog:OPENED:c-1,f-1,i0, conf=-1: [940b181a-f656-490c-a8b1-afc5b8b121dc|rpc:10.1.0.6:41423|dataStream:|priority:1, 41b49504-2605-44a7-8135-9defd08b62b0|rpc:10.1.0.6:41505|dataStream:|priority:0, fde2103a-ce00-4253-a576-ea8232893539|rpc:10.1.0.6:43381|dataStream:|priority:0], old=null
2021-08-31 13:03:57,443 [940b181a-f656-490c-a8b1-afc5b8b121dc@group-862D64EF6F50-LeaderElection14] INFO  impl.LeaderElection (LeaderElection.java:logAndReturn(89)) - 940b181a-f656-490c-a8b1-afc5b8b121dc@group-862D64EF6F50-LeaderElection14: ELECTION PASSED received 1 response(s) and 0 exception(s):
2021-08-31 13:03:57,443 [940b181a-f656-490c-a8b1-afc5b8b121dc@group-862D64EF6F50-LeaderElection14] INFO  impl.LeaderElection (LeaderElection.java:logAndReturn(93)) -   Response 0: 940b181a-f656-490c-a8b1-afc5b8b121dc<-41b49504-2605-44a7-8135-9defd08b62b0#0:OK-t2
2021-08-31 13:03:57,443 [940b181a-f656-490c-a8b1-afc5b8b121dc@group-862D64EF6F50-LeaderElection14] INFO  impl.LeaderElection (LeaderElection.java:askForVotes(308)) - 940b181a-f656-490c-a8b1-afc5b8b121dc@group-862D64EF6F50-LeaderElection14 ELECTION round 0: result PASSED
2021-08-31 13:03:57,443 [940b181a-f656-490c-a8b1-afc5b8b121dc@group-862D64EF6F50-LeaderElection14] INFO  impl.RoleInfo (RoleInfo.java:shutdownLeaderElection(121)) - 940b181a-f656-490c-a8b1-afc5b8b121dc: shutdown 940b181a-f656-490c-a8b1-afc5b8b121dc@group-862D64EF6F50-LeaderElection14
2021-08-31 13:03:57,444 [940b181a-f656-490c-a8b1-afc5b8b121dc@group-862D64EF6F50-LeaderElection14] INFO  server.RaftServer$Division (RaftServerImpl.java:setRole(285)) - 940b181a-f656-490c-a8b1-afc5b8b121dc@group-862D64EF6F50: changes role from CANDIDATE to LEADER at term 2 for changeToLeader
2021-08-31 13:03:57,444 [940b181a-f656-490c-a8b1-afc5b8b121dc@group-862D64EF6F50-LeaderElection14] INFO  ratis.XceiverServerRatis (XceiverServerRatis.java:handleLeaderChangedNotification(861)) - Leader change notification received for group: group-862D64EF6F50 with new leaderId: 940b181a-f656-490c-a8b1-afc5b8b121dc
2021-08-31 13:03:57,444 [grpc-default-executor-2] INFO  server.RaftServer$Division (RaftServerImpl.java:requestVote(1043)) - fde2103a-ce00-4253-a576-ea8232893539@group-862D64EF6F50: receive requestVote(ELECTION, 940b181a-f656-490c-a8b1-afc5b8b121dc, group-862D64EF6F50, 2, (t:0, i:0))
2021-08-31 13:03:57,446 [fde2103a-ce00-4253-a576-ea8232893539@group-862D64EF6F50-FollowerState] INFO  impl.FollowerState (FollowerState.java:run(134)) - fde2103a-ce00-4253-a576-ea8232893539@group-862D64EF6F50-FollowerState: change to CANDIDATE, lastRpcElapsedTime:5102116717ns, electionTimeout:5097ms
2021-08-31 13:03:57,444 [940b181a-f656-490c-a8b1-afc5b8b121dc@group-862D64EF6F50-LeaderElection14] INFO  server.RaftServer$Division (ServerState.java:setLeader(285)) - 940b181a-f656-490c-a8b1-afc5b8b121dc@group-862D64EF6F50: change Leader from null to 940b181a-f656-490c-a8b1-afc5b8b121dc at term 2 for becomeLeader, leader elected after 9991ms
2021-08-31 13:03:57,447 [fde2103a-ce00-4253-a576-ea8232893539@group-862D64EF6F50-FollowerState] INFO  impl.RoleInfo (RoleInfo.java:shutdownFollowerState(108)) - fde2103a-ce00-4253-a576-ea8232893539: shutdown fde2103a-ce00-4253-a576-ea8232893539@group-862D64EF6F50-FollowerState
2021-08-31 13:03:57,447 [940b181a-f656-490c-a8b1-afc5b8b121dc@group-862D64EF6F50-LeaderElection14] INFO  server.RaftServerConfigKeys (ConfUtils.java:logGet(44)) - raft.server.staging.catchup.gap = 1000 (default)
2021-08-31 13:03:57,447 [fde2103a-ce00-4253-a576-ea8232893539@group-862D64EF6F50-FollowerState] INFO  server.RaftServer$Division (RaftServerImpl.java:setRole(285)) - fde2103a-ce00-4253-a576-ea8232893539@group-862D64EF6F50: changes role from  FOLLOWER to CANDIDATE at term 1 for changeToCandidate
2021-08-31 13:03:57,447 [fde2103a-ce00-4253-a576-ea8232893539@group-862D64EF6F50-FollowerState] INFO  server.RaftServerConfigKeys (ConfUtils.java:logGet(44)) - raft.server.leaderelection.pre-vote = false (custom)
2021-08-31 13:03:57,447 [fde2103a-ce00-4253-a576-ea8232893539@group-862D64EF6F50-FollowerState] INFO  impl.RoleInfo (RoleInfo.java:updateAndGet(130)) - fde2103a-ce00-4253-a576-ea8232893539: start fde2103a-ce00-4253-a576-ea8232893539@group-862D64EF6F50-LeaderElection15
2021-08-31 13:03:57,447 [940b181a-f656-490c-a8b1-afc5b8b121dc@group-862D64EF6F50-LeaderElection14] INFO  server.RaftServerConfigKeys (ConfUtils.java:logGet(44)) - raft.server.write.element-limit = 1024 (custom)
2021-08-31 13:03:57,447 [940b181a-f656-490c-a8b1-afc5b8b121dc@group-862D64EF6F50-LeaderElection14] INFO  server.RaftServerConfigKeys (ConfUtils.java:logGet(44)) - raft.server.write.byte-limit = 1024 M (=1073741824) (custom)
2021-08-31 13:03:57,447 [940b181a-f656-490c-a8b1-afc5b8b121dc@group-862D64EF6F50-LeaderElection14] INFO  server.RaftServerConfigKeys (ConfUtils.java:logGet(44)) - raft.server.watch.timeout = 3000ms (custom)
2021-08-31 13:03:57,447 [940b181a-f656-490c-a8b1-afc5b8b121dc@group-862D64EF6F50-LeaderElection14] INFO  server.RaftServerConfigKeys (ConfUtils.java:logGet(44)) - raft.server.watch.timeout.denomination = 1s (default)
2021-08-31 13:03:57,447 [940b181a-f656-490c-a8b1-afc5b8b121dc@group-862D64EF6F50-LeaderElection14] INFO  server.RaftServerConfigKeys (ConfUtils.java:logGet(44)) - raft.server.watch.element-limit = 65536 (default)
2021-08-31 13:03:57,448 [940b181a-f656-490c-a8b1-afc5b8b121dc@group-862D64EF6F50-LeaderElection14] INFO  server.RaftServerConfigKeys (ConfUtils.java:logGet(44)) - raft.server.log.appender.snapshot.chunk.size.max = 16MB (=16777216) (default)
2021-08-31 13:03:57,448 [940b181a-f656-490c-a8b1-afc5b8b121dc@group-862D64EF6F50-LeaderElection14] INFO  server.RaftServerConfigKeys (ConfUtils.java:logGet(44)) - raft.server.log.appender.buffer.byte-limit = 33554432 (custom)
2021-08-31 13:03:57,448 [940b181a-f656-490c-a8b1-afc5b8b121dc@group-862D64EF6F50-LeaderElection14] INFO  server.RaftServerConfigKeys (ConfUtils.java:logGet(44)) - raft.server.log.appender.buffer.element-limit = 1 (custom)
2021-08-31 13:03:57,449 [grpc-default-executor-2] INFO  impl.VoteContext (VoteContext.java:log(48)) - fde2103a-ce00-4253-a576-ea8232893539@group-862D64EF6F50-CANDIDATE: accept ELECTION from 940b181a-f656-490c-a8b1-afc5b8b121dc: our priority 0 <= candidate's priority 1
2021-08-31 13:03:57,450 [grpc-default-executor-2] INFO  server.RaftServer$Division (RaftServerImpl.java:setRole(285)) - fde2103a-ce00-4253-a576-ea8232893539@group-862D64EF6F50: changes role from CANDIDATE to FOLLOWER at term 2 for candidate:940b181a-f656-490c-a8b1-afc5b8b121dc
2021-08-31 13:03:57,450 [grpc-default-executor-2] INFO  impl.RoleInfo (RoleInfo.java:shutdownLeaderElection(121)) - fde2103a-ce00-4253-a576-ea8232893539: shutdown fde2103a-ce00-4253-a576-ea8232893539@group-862D64EF6F50-LeaderElection15
2021-08-31 13:03:57,450 [grpc-default-executor-2] INFO  impl.RoleInfo (RoleInfo.java:updateAndGet(130)) - fde2103a-ce00-4253-a576-ea8232893539: start fde2103a-ce00-4253-a576-ea8232893539@group-862D64EF6F50-FollowerState
2021-08-31 13:03:57,450 [fde2103a-ce00-4253-a576-ea8232893539@group-862D64EF6F50-LeaderElection15] INFO  impl.LeaderElection (LeaderElection.java:run(230)) - fde2103a-ce00-4253-a576-ea8232893539@group-862D64EF6F50-LeaderElection15: skip running since this is already CLOSING
2021-08-31 13:03:57,449 [940b181a-f656-490c-a8b1-afc5b8b121dc@group-862D64EF6F50-LeaderElection14] INFO  grpc.GrpcConfigKeys (ConfUtils.java:logGet(44)) - raft.grpc.server.leader.outstanding.appends.max = 128 (default)
2021-08-31 13:03:57,452 [940b181a-f656-490c-a8b1-afc5b8b121dc@group-862D64EF6F50-LeaderElection14] INFO  server.RaftServerConfigKeys (ConfUtils.java:logGet(44)) - raft.server.rpc.request.timeout = 3000ms (default)
2021-08-31 13:03:57,452 [940b181a-f656-490c-a8b1-afc5b8b121dc@group-862D64EF6F50-LeaderElection14] INFO  server.RaftServerConfigKeys (ConfUtils.java:logGet(44)) - raft.server.log.appender.install.snapshot.enabled = false (custom)
2021-08-31 13:03:57,452 [940b181a-f656-490c-a8b1-afc5b8b121dc@group-862D64EF6F50-LeaderElection14] INFO  server.RaftServerConfigKeys (ConfUtils.java:logGet(44)) - raft.server.log.appender.snapshot.chunk.size.max = 16MB (=16777216) (default)
2021-08-31 13:03:57,452 [940b181a-f656-490c-a8b1-afc5b8b121dc@group-862D64EF6F50-LeaderElection14] INFO  server.RaftServerConfigKeys (ConfUtils.java:logGet(44)) - raft.server.log.appender.buffer.byte-limit = 33554432 (custom)
2021-08-31 13:03:57,453 [940b181a-f656-490c-a8b1-afc5b8b121dc@group-862D64EF6F50-LeaderElection14] INFO  server.RaftServerConfigKeys (ConfUtils.java:logGet(44)) - raft.server.log.appender.buffer.element-limit = 1 (custom)
2021-08-31 13:03:57,453 [940b181a-f656-490c-a8b1-afc5b8b121dc@group-862D64EF6F50-LeaderElection14] INFO  grpc.GrpcConfigKeys (ConfUtils.java:logGet(44)) - raft.grpc.server.leader.outstanding.appends.max = 128 (default)
2021-08-31 13:03:57,453 [940b181a-f656-490c-a8b1-afc5b8b121dc@group-862D64EF6F50-LeaderElection14] INFO  server.RaftServerConfigKeys (ConfUtils.java:logGet(44)) - raft.server.rpc.request.timeout = 3000ms (default)
2021-08-31 13:03:57,453 [940b181a-f656-490c-a8b1-afc5b8b121dc@group-862D64EF6F50-LeaderElection14] INFO  server.RaftServerConfigKeys (ConfUtils.java:logGet(44)) - raft.server.log.appender.install.snapshot.enabled = false (custom)
2021-08-31 13:03:57,453 [940b181a-f656-490c-a8b1-afc5b8b121dc@group-862D64EF6F50-LeaderElection14] INFO  impl.RoleInfo (RoleInfo.java:updateAndGet(130)) - 940b181a-f656-490c-a8b1-afc5b8b121dc: start 940b181a-f656-490c-a8b1-afc5b8b121dc@group-862D64EF6F50-LeaderStateImpl
2021-08-31 13:03:57,454 [940b181a-f656-490c-a8b1-afc5b8b121dc@group-862D64EF6F50-LeaderElection14] INFO  segmented.SegmentedRaftLogWorker (SegmentedRaftLogWorker.java:startLogSegment(394)) - 940b181a-f656-490c-a8b1-afc5b8b121dc@group-862D64EF6F50-SegmentedRaftLogWorker: Starting segment from index:0
2021-08-31 13:03:57,454 [grpc-default-executor-2] INFO  server.RaftServer$Division (RaftServerImpl.java:requestVote(1075)) - fde2103a-ce00-4253-a576-ea8232893539@group-862D64EF6F50 replies to ELECTION vote request: 940b181a-f656-490c-a8b1-afc5b8b121dc<-fde2103a-ce00-4253-a576-ea8232893539#0:OK-t2. Peer's state: fde2103a-ce00-4253-a576-ea8232893539@group-862D64EF6F50:t2, leader=null, voted=940b181a-f656-490c-a8b1-afc5b8b121dc, raftlog=fde2103a-ce00-4253-a576-ea8232893539@group-862D64EF6F50-SegmentedRaftLog:OPENED:c-1,f-1,i0, conf=-1: [940b181a-f656-490c-a8b1-afc5b8b121dc|rpc:10.1.0.6:41423|priority:1, 41b49504-2605-44a7-8135-9defd08b62b0|rpc:10.1.0.6:41505|priority:0, fde2103a-ce00-4253-a576-ea8232893539|rpc:10.1.0.6:43381|priority:0], old=null
2021-08-31 13:03:57,456 [940b181a-f656-490c-a8b1-afc5b8b121dc@group-862D64EF6F50-SegmentedRaftLogWorker] INFO  segmented.SegmentedRaftLogWorker (SegmentedRaftLogWorker.java:execute(601)) - 940b181a-f656-490c-a8b1-afc5b8b121dc@group-862D64EF6F50-SegmentedRaftLogWorker: created new log segment /home/runner/work/ozone/ozone/hadoop-ozone/integration-test/target/test-dir/MiniOzoneClusterImpl-24712a27-71f7-429c-8ffb-97a1a53f740d/datanode-1/data/ratis/bcca9cef-7c19-4c59-bfaa-862d64ef6f50/current/log_inprogress_0
2021-08-31 13:03:57,466 [grpc-default-executor-0] INFO  ratis.XceiverServerRatis (XceiverServerRatis.java:handleLeaderChangedNotification(861)) - Leader change notification received for group: group-862D64EF6F50 with new leaderId: 940b181a-f656-490c-a8b1-afc5b8b121dc
2021-08-31 13:03:57,472 [grpc-default-executor-0] INFO  server.RaftServer$Division (ServerState.java:setLeader(285)) - 41b49504-2605-44a7-8135-9defd08b62b0@group-862D64EF6F50: change Leader from null to 940b181a-f656-490c-a8b1-afc5b8b121dc at term 2 for appendEntries, leader elected after 9656ms
2021-08-31 13:03:57,471 [940b181a-f656-490c-a8b1-afc5b8b121dc@group-862D64EF6F50-LeaderElection14] INFO  server.RaftServer$Division (ServerState.java:setRaftConf(387)) - 940b181a-f656-490c-a8b1-afc5b8b121dc@group-862D64EF6F50: set configuration 0: [940b181a-f656-490c-a8b1-afc5b8b121dc|rpc:10.1.0.6:41423|dataStream:|priority:1, 41b49504-2605-44a7-8135-9defd08b62b0|rpc:10.1.0.6:41505|dataStream:|priority:0, fde2103a-ce00-4253-a576-ea8232893539|rpc:10.1.0.6:43381|dataStream:|priority:0], old=null
2021-08-31 13:03:57,476 [grpc-default-executor-1] INFO  ratis.XceiverServerRatis (XceiverServerRatis.java:handleLeaderChangedNotification(861)) - Leader change notification received for group: group-862D64EF6F50 with new leaderId: 940b181a-f656-490c-a8b1-afc5b8b121dc
2021-08-31 13:03:57,477 [grpc-default-executor-1] INFO  server.RaftServer$Division (ServerState.java:setLeader(285)) - fde2103a-ce00-4253-a576-ea8232893539@group-862D64EF6F50: change Leader from null to 940b181a-f656-490c-a8b1-afc5b8b121dc at term 2 for appendEntries, leader elected after 10286ms
2021-08-31 13:03:57,497 [grpc-default-executor-0] INFO  server.RaftServer$Division (ServerState.java:setRaftConf(387)) - 41b49504-2605-44a7-8135-9defd08b62b0@group-862D64EF6F50: set configuration 0: [940b181a-f656-490c-a8b1-afc5b8b121dc|rpc:10.1.0.6:41423|dataStream:|priority:1, 41b49504-2605-44a7-8135-9defd08b62b0|rpc:10.1.0.6:41505|dataStream:|priority:0, fde2103a-ce00-4253-a576-ea8232893539|rpc:10.1.0.6:43381|dataStream:|priority:0], old=null
2021-08-31 13:03:57,497 [grpc-default-executor-0] INFO  segmented.SegmentedRaftLogWorker (SegmentedRaftLogWorker.java:startLogSegment(394)) - 41b49504-2605-44a7-8135-9defd08b62b0@group-862D64EF6F50-SegmentedRaftLogWorker: Starting segment from index:0
2021-08-31 13:03:57,497 [grpc-default-executor-1] INFO  server.RaftServer$Division (ServerState.java:setRaftConf(387)) - fde2103a-ce00-4253-a576-ea8232893539@group-862D64EF6F50: set configuration 0: [940b181a-f656-490c-a8b1-afc5b8b121dc|rpc:10.1.0.6:41423|dataStream:|priority:1, 41b49504-2605-44a7-8135-9defd08b62b0|rpc:10.1.0.6:41505|dataStream:|priority:0, fde2103a-ce00-4253-a576-ea8232893539|rpc:10.1.0.6:43381|dataStream:|priority:0], old=null
2021-08-31 13:03:57,497 [grpc-default-executor-1] INFO  segmented.SegmentedRaftLogWorker (SegmentedRaftLogWorker.java:startLogSegment(394)) - fde2103a-ce00-4253-a576-ea8232893539@group-862D64EF6F50-SegmentedRaftLogWorker: Starting segment from index:0
2021-08-31 13:03:57,502 [fde2103a-ce00-4253-a576-ea8232893539@group-862D64EF6F50-SegmentedRaftLogWorker] INFO  segmented.SegmentedRaftLogWorker (SegmentedRaftLogWorker.java:execute(601)) - fde2103a-ce00-4253-a576-ea8232893539@group-862D64EF6F50-SegmentedRaftLogWorker: created new log segment /home/runner/work/ozone/ozone/hadoop-ozone/integration-test/target/test-dir/MiniOzoneClusterImpl-24712a27-71f7-429c-8ffb-97a1a53f740d/datanode-0/data/ratis/bcca9cef-7c19-4c59-bfaa-862d64ef6f50/current/log_inprogress_0
2021-08-31 13:03:57,503 [41b49504-2605-44a7-8135-9defd08b62b0@group-862D64EF6F50-SegmentedRaftLogWorker] INFO  segmented.SegmentedRaftLogWorker (SegmentedRaftLogWorker.java:execute(601)) - 41b49504-2605-44a7-8135-9defd08b62b0@group-862D64EF6F50-SegmentedRaftLogWorker: created new log segment /home/runner/work/ozone/ozone/hadoop-ozone/integration-test/target/test-dir/MiniOzoneClusterImpl-24712a27-71f7-429c-8ffb-97a1a53f740d/datanode-2/data/ratis/bcca9cef-7c19-4c59-bfaa-862d64ef6f50/current/log_inprogress_0
2021-08-31 13:03:58,316 [1a766833-fcfc-4255-a382-49e3d560613d@group-137DB946C243-FollowerState] INFO  impl.FollowerState (FollowerState.java:run(134)) - 1a766833-fcfc-4255-a382-49e3d560613d@group-137DB946C243-FollowerState: change to CANDIDATE, lastRpcElapsedTime:5017017247ns, electionTimeout:5011ms
2021-08-31 13:03:58,317 [1a766833-fcfc-4255-a382-49e3d560613d@group-137DB946C243-FollowerState] INFO  impl.RoleInfo (RoleInfo.java:shutdownFollowerState(108)) - 1a766833-fcfc-4255-a382-49e3d560613d: shutdown 1a766833-fcfc-4255-a382-49e3d560613d@group-137DB946C243-FollowerState
2021-08-31 13:03:58,317 [1a766833-fcfc-4255-a382-49e3d560613d@group-137DB946C243-FollowerState] INFO  server.RaftServer$Division (RaftServerImpl.java:setRole(285)) - 1a766833-fcfc-4255-a382-49e3d560613d@group-137DB946C243: changes role from  FOLLOWER to CANDIDATE at term 1 for changeToCandidate
2021-08-31 13:03:58,317 [1a766833-fcfc-4255-a382-49e3d560613d@group-137DB946C243-FollowerState] INFO  server.RaftServerConfigKeys (ConfUtils.java:logGet(44)) - raft.server.leaderelection.pre-vote = false (custom)
2021-08-31 13:03:58,317 [1a766833-fcfc-4255-a382-49e3d560613d@group-137DB946C243-FollowerState] INFO  impl.RoleInfo (RoleInfo.java:updateAndGet(130)) - 1a766833-fcfc-4255-a382-49e3d560613d: start 1a766833-fcfc-4255-a382-49e3d560613d@group-137DB946C243-LeaderElection16
2021-08-31 13:03:58,319 [1a766833-fcfc-4255-a382-49e3d560613d@group-137DB946C243-LeaderElection16] INFO  impl.LeaderElection (LeaderElection.java:askForVotes(306)) - 1a766833-fcfc-4255-a382-49e3d560613d@group-137DB946C243-LeaderElection16 ELECTION round 0: submit vote requests at term 2 for -1: [1a766833-fcfc-4255-a382-49e3d560613d|rpc:10.1.0.6:42143|dataStream:|priority:0, 48a67b91-f7be-40c9-a901-78f22c1148cd|rpc:10.1.0.6:46047|dataStream:|priority:0, c1e41c75-4b16-43e8-a71d-6e9134c212c3|rpc:10.1.0.6:40007|dataStream:|priority:1], old=null
2021-08-31 13:03:58,335 [c1e41c75-4b16-43e8-a71d-6e9134c212c3@group-137DB946C243-FollowerState] INFO  impl.FollowerState (FollowerState.java:run(134)) - c1e41c75-4b16-43e8-a71d-6e9134c212c3@group-137DB946C243-FollowerState: change to CANDIDATE, lastRpcElapsedTime:5037788461ns, electionTimeout:5023ms
2021-08-31 13:03:58,336 [c1e41c75-4b16-43e8-a71d-6e9134c212c3@group-137DB946C243-FollowerState] INFO  impl.RoleInfo (RoleInfo.java:shutdownFollowerState(108)) - c1e41c75-4b16-43e8-a71d-6e9134c212c3: shutdown c1e41c75-4b16-43e8-a71d-6e9134c212c3@group-137DB946C243-FollowerState
2021-08-31 13:03:58,336 [c1e41c75-4b16-43e8-a71d-6e9134c212c3@group-137DB946C243-FollowerState] INFO  server.RaftServer$Division (RaftServerImpl.java:setRole(285)) - c1e41c75-4b16-43e8-a71d-6e9134c212c3@group-137DB946C243: changes role from  FOLLOWER to CANDIDATE at term 1 for changeToCandidate
2021-08-31 13:03:58,336 [c1e41c75-4b16-43e8-a71d-6e9134c212c3@group-137DB946C243-FollowerState] INFO  server.RaftServerConfigKeys (ConfUtils.java:logGet(44)) - raft.server.leaderelection.pre-vote = false (custom)
2021-08-31 13:03:58,336 [c1e41c75-4b16-43e8-a71d-6e9134c212c3@group-137DB946C243-FollowerState] INFO  impl.RoleInfo (RoleInfo.java:updateAndGet(130)) - c1e41c75-4b16-43e8-a71d-6e9134c212c3: start c1e41c75-4b16-43e8-a71d-6e9134c212c3@group-137DB946C243-LeaderElection17
2021-08-31 13:03:58,339 [grpc-default-executor-1] INFO  server.RaftServer$Division (RaftServerImpl.java:requestVote(1043)) - c1e41c75-4b16-43e8-a71d-6e9134c212c3@group-137DB946C243: receive requestVote(ELECTION, 1a766833-fcfc-4255-a382-49e3d560613d, group-137DB946C243, 2, (t:0, i:0))
2021-08-31 13:03:58,341 [grpc-default-executor-0] INFO  server.RaftServer$Division (RaftServerImpl.java:requestVote(1043)) - 48a67b91-f7be-40c9-a901-78f22c1148cd@group-137DB946C243: receive requestVote(ELECTION, 1a766833-fcfc-4255-a382-49e3d560613d, group-137DB946C243, 2, (t:0, i:0))
2021-08-31 13:03:58,341 [grpc-default-executor-0] INFO  impl.VoteContext (VoteContext.java:log(48)) - 48a67b91-f7be-40c9-a901-78f22c1148cd@group-137DB946C243-FOLLOWER: accept ELECTION from 1a766833-fcfc-4255-a382-49e3d560613d: our priority 0 <= candidate's priority 0
2021-08-31 13:03:58,341 [grpc-default-executor-0] INFO  server.RaftServer$Division (RaftServerImpl.java:setRole(285)) - 48a67b91-f7be-40c9-a901-78f22c1148cd@group-137DB946C243: changes role from  FOLLOWER to FOLLOWER at term 2 for candidate:1a766833-fcfc-4255-a382-49e3d560613d
2021-08-31 13:03:58,341 [grpc-default-executor-0] INFO  impl.RoleInfo (RoleInfo.java:shutdownFollowerState(108)) - 48a67b91-f7be-40c9-a901-78f22c1148cd: shutdown 48a67b91-f7be-40c9-a901-78f22c1148cd@group-137DB946C243-FollowerState
2021-08-31 13:03:58,341 [grpc-default-executor-0] INFO  impl.RoleInfo (RoleInfo.java:updateAndGet(130)) - 48a67b91-f7be-40c9-a901-78f22c1148cd: start 48a67b91-f7be-40c9-a901-78f22c1148cd@group-137DB946C243-FollowerState
2021-08-31 13:03:58,341 [48a67b91-f7be-40c9-a901-78f22c1148cd@group-137DB946C243-FollowerState] INFO  impl.FollowerState (FollowerState.java:run(143)) - 48a67b91-f7be-40c9-a901-78f22c1148cd@group-137DB946C243-FollowerState was interrupted: {}
java.lang.InterruptedException: sleep interrupted
	at java.lang.Thread.sleep(Native Method)
	at java.lang.Thread.sleep(Thread.java:340)
	at java.util.concurrent.TimeUnit.sleep(TimeUnit.java:386)
	at org.apache.ratis.util.TimeDuration.sleep(TimeDuration.java:324)
	at org.apache.ratis.util.TimeDuration.sleep(TimeDuration.java:309)
	at org.apache.ratis.server.impl.FollowerState.run(FollowerState.java:118)
2021-08-31 13:03:58,342 [grpc-default-executor-1] INFO  impl.VoteContext (VoteContext.java:log(48)) - c1e41c75-4b16-43e8-a71d-6e9134c212c3@group-137DB946C243-CANDIDATE: reject ELECTION from 1a766833-fcfc-4255-a382-49e3d560613d: already has voted for c1e41c75-4b16-43e8-a71d-6e9134c212c3 at current term 2
2021-08-31 13:03:58,343 [grpc-default-executor-1] INFO  server.RaftServer$Division (RaftServerImpl.java:requestVote(1075)) - c1e41c75-4b16-43e8-a71d-6e9134c212c3@group-137DB946C243 replies to ELECTION vote request: 1a766833-fcfc-4255-a382-49e3d560613d<-c1e41c75-4b16-43e8-a71d-6e9134c212c3#0:FAIL-t2. Peer's state: c1e41c75-4b16-43e8-a71d-6e9134c212c3@group-137DB946C243:t2, leader=null, voted=c1e41c75-4b16-43e8-a71d-6e9134c212c3, raftlog=c1e41c75-4b16-43e8-a71d-6e9134c212c3@group-137DB946C243-SegmentedRaftLog:OPENED:c-1,f-1,i0, conf=-1: [1a766833-fcfc-4255-a382-49e3d560613d|rpc:10.1.0.6:42143|dataStream:|priority:0, 48a67b91-f7be-40c9-a901-78f22c1148cd|rpc:10.1.0.6:46047|dataStream:|priority:0, c1e41c75-4b16-43e8-a71d-6e9134c212c3|rpc:10.1.0.6:40007|dataStream:|priority:1], old=null
2021-08-31 13:03:58,343 [grpc-default-executor-0] INFO  server.RaftServer$Division (RaftServerImpl.java:requestVote(1075)) - 48a67b91-f7be-40c9-a901-78f22c1148cd@group-137DB946C243 replies to ELECTION vote request: 1a766833-fcfc-4255-a382-49e3d560613d<-48a67b91-f7be-40c9-a901-78f22c1148cd#0:OK-t2. Peer's state: 48a67b91-f7be-40c9-a901-78f22c1148cd@group-137DB946C243:t2, leader=null, voted=1a766833-fcfc-4255-a382-49e3d560613d, raftlog=48a67b91-f7be-40c9-a901-78f22c1148cd@group-137DB946C243-SegmentedRaftLog:OPENED:c-1,f-1,i0, conf=-1: [1a766833-fcfc-4255-a382-49e3d560613d|rpc:10.1.0.6:42143|priority:0, 48a67b91-f7be-40c9-a901-78f22c1148cd|rpc:10.1.0.6:46047|priority:0, c1e41c75-4b16-43e8-a71d-6e9134c212c3|rpc:10.1.0.6:40007|priority:1], old=null
2021-08-31 13:03:58,345 [1a766833-fcfc-4255-a382-49e3d560613d@group-137DB946C243-LeaderElection16] INFO  impl.LeaderElection (LeaderElection.java:logAndReturn(89)) - 1a766833-fcfc-4255-a382-49e3d560613d@group-137DB946C243-LeaderElection16: ELECTION REJECTED received 1 response(s) and 0 exception(s):
2021-08-31 13:03:58,345 [1a766833-fcfc-4255-a382-49e3d560613d@group-137DB946C243-LeaderElection16] INFO  impl.LeaderElection (LeaderElection.java:logAndReturn(93)) -   Response 0: 1a766833-fcfc-4255-a382-49e3d560613d<-c1e41c75-4b16-43e8-a71d-6e9134c212c3#0:FAIL-t2
2021-08-31 13:03:58,345 [1a766833-fcfc-4255-a382-49e3d560613d@group-137DB946C243-LeaderElection16] INFO  impl.LeaderElection (LeaderElection.java:askForVotes(308)) - 1a766833-fcfc-4255-a382-49e3d560613d@group-137DB946C243-LeaderElection16 ELECTION round 0: result REJECTED
2021-08-31 13:03:58,345 [1a766833-fcfc-4255-a382-49e3d560613d@group-137DB946C243-LeaderElection16] INFO  server.RaftServer$Division (RaftServerImpl.java:setRole(285)) - 1a766833-fcfc-4255-a382-49e3d560613d@group-137DB946C243: changes role from CANDIDATE to FOLLOWER at term 2 for REJECTED
2021-08-31 13:03:58,345 [1a766833-fcfc-4255-a382-49e3d560613d@group-137DB946C243-LeaderElection16] INFO  impl.RoleInfo (RoleInfo.java:shutdownLeaderElection(121)) - 1a766833-fcfc-4255-a382-49e3d560613d: shutdown 1a766833-fcfc-4255-a382-49e3d560613d@group-137DB946C243-LeaderElection16
2021-08-31 13:03:58,345 [1a766833-fcfc-4255-a382-49e3d560613d@group-137DB946C243-LeaderElection16] INFO  impl.RoleInfo (RoleInfo.java:updateAndGet(130)) - 1a766833-fcfc-4255-a382-49e3d560613d: start 1a766833-fcfc-4255-a382-49e3d560613d@group-137DB946C243-FollowerState
2021-08-31 13:03:58,346 [c1e41c75-4b16-43e8-a71d-6e9134c212c3@group-137DB946C243-LeaderElection17] INFO  impl.LeaderElection (LeaderElection.java:askForVotes(306)) - c1e41c75-4b16-43e8-a71d-6e9134c212c3@group-137DB946C243-LeaderElection17 ELECTION round 0: submit vote requests at term 2 for -1: [1a766833-fcfc-4255-a382-49e3d560613d|rpc:10.1.0.6:42143|dataStream:|priority:0, 48a67b91-f7be-40c9-a901-78f22c1148cd|rpc:10.1.0.6:46047|dataStream:|priority:0, c1e41c75-4b16-43e8-a71d-6e9134c212c3|rpc:10.1.0.6:40007|dataStream:|priority:1], old=null
2021-08-31 13:03:58,357 [grpc-default-executor-0] INFO  server.RaftServer$Division (RaftServerImpl.java:requestVote(1043)) - 1a766833-fcfc-4255-a382-49e3d560613d@group-137DB946C243: receive requestVote(ELECTION, c1e41c75-4b16-43e8-a71d-6e9134c212c3, group-137DB946C243, 2, (t:0, i:0))
2021-08-31 13:03:58,357 [grpc-default-executor-0] INFO  impl.VoteContext (VoteContext.java:log(48)) - 1a766833-fcfc-4255-a382-49e3d560613d@group-137DB946C243-FOLLOWER: reject ELECTION from c1e41c75-4b16-43e8-a71d-6e9134c212c3: already has voted for 1a766833-fcfc-4255-a382-49e3d560613d at current term 2
2021-08-31 13:03:58,357 [grpc-default-executor-0] INFO  server.RaftServer$Division (RaftServerImpl.java:requestVote(1075)) - 1a766833-fcfc-4255-a382-49e3d560613d@group-137DB946C243 replies to ELECTION vote request: c1e41c75-4b16-43e8-a71d-6e9134c212c3<-1a766833-fcfc-4255-a382-49e3d560613d#0:FAIL-t2. Peer's state: 1a766833-fcfc-4255-a382-49e3d560613d@group-137DB946C243:t2, leader=null, voted=1a766833-fcfc-4255-a382-49e3d560613d, raftlog=1a766833-fcfc-4255-a382-49e3d560613d@group-137DB946C243-SegmentedRaftLog:OPENED:c-1,f-1,i0, conf=-1: [1a766833-fcfc-4255-a382-49e3d560613d|rpc:10.1.0.6:42143|dataStream:|priority:0, 48a67b91-f7be-40c9-a901-78f22c1148cd|rpc:10.1.0.6:46047|dataStream:|priority:0, c1e41c75-4b16-43e8-a71d-6e9134c212c3|rpc:10.1.0.6:40007|dataStream:|priority:1], old=null
2021-08-31 13:03:58,360 [grpc-default-executor-0] INFO  server.RaftServer$Division (RaftServerImpl.java:requestVote(1043)) - 48a67b91-f7be-40c9-a901-78f22c1148cd@group-137DB946C243: receive requestVote(ELECTION, c1e41c75-4b16-43e8-a71d-6e9134c212c3, group-137DB946C243, 2, (t:0, i:0))
2021-08-31 13:03:58,360 [grpc-default-executor-0] INFO  impl.VoteContext (VoteContext.java:log(48)) - 48a67b91-f7be-40c9-a901-78f22c1148cd@group-137DB946C243-FOLLOWER: reject ELECTION from c1e41c75-4b16-43e8-a71d-6e9134c212c3: already has voted for 1a766833-fcfc-4255-a382-49e3d560613d at current term 2
2021-08-31 13:03:58,360 [grpc-default-executor-0] INFO  server.RaftServer$Division (RaftServerImpl.java:requestVote(1075)) - 48a67b91-f7be-40c9-a901-78f22c1148cd@group-137DB946C243 replies to ELECTION vote request: c1e41c75-4b16-43e8-a71d-6e9134c212c3<-48a67b91-f7be-40c9-a901-78f22c1148cd#0:FAIL-t2. Peer's state: 48a67b91-f7be-40c9-a901-78f22c1148cd@group-137DB946C243:t2, leader=null, voted=1a766833-fcfc-4255-a382-49e3d560613d, raftlog=48a67b91-f7be-40c9-a901-78f22c1148cd@group-137DB946C243-SegmentedRaftLog:OPENED:c-1,f-1,i0, conf=-1: [1a766833-fcfc-4255-a382-49e3d560613d|rpc:10.1.0.6:42143|priority:0, 48a67b91-f7be-40c9-a901-78f22c1148cd|rpc:10.1.0.6:46047|priority:0, c1e41c75-4b16-43e8-a71d-6e9134c212c3|rpc:10.1.0.6:40007|priority:1], old=null
2021-08-31 13:03:58,363 [c1e41c75-4b16-43e8-a71d-6e9134c212c3@group-137DB946C243-LeaderElection17] INFO  impl.LeaderElection (LeaderElection.java:logAndReturn(89)) - c1e41c75-4b16-43e8-a71d-6e9134c212c3@group-137DB946C243-LeaderElection17: ELECTION REJECTED received 2 response(s) and 0 exception(s):
2021-08-31 13:03:58,363 [c1e41c75-4b16-43e8-a71d-6e9134c212c3@group-137DB946C243-LeaderElection17] INFO  impl.LeaderElection (LeaderElection.java:logAndReturn(93)) -   Response 0: c1e41c75-4b16-43e8-a71d-6e9134c212c3<-1a766833-fcfc-4255-a382-49e3d560613d#0:FAIL-t2
2021-08-31 13:03:58,364 [c1e41c75-4b16-43e8-a71d-6e9134c212c3@group-137DB946C243-LeaderElection17] INFO  impl.LeaderElection (LeaderElection.java:logAndReturn(93)) -   Response 1: c1e41c75-4b16-43e8-a71d-6e9134c212c3<-48a67b91-f7be-40c9-a901-78f22c1148cd#0:FAIL-t2
2021-08-31 13:03:58,364 [c1e41c75-4b16-43e8-a71d-6e9134c212c3@group-137DB946C243-LeaderElection17] INFO  impl.LeaderElection (LeaderElection.java:askForVotes(308)) - c1e41c75-4b16-43e8-a71d-6e9134c212c3@group-137DB946C243-LeaderElection17 ELECTION round 0: result REJECTED
2021-08-31 13:03:58,364 [c1e41c75-4b16-43e8-a71d-6e9134c212c3@group-137DB946C243-LeaderElection17] INFO  server.RaftServer$Division (RaftServerImpl.java:setRole(285)) - c1e41c75-4b16-43e8-a71d-6e9134c212c3@group-137DB946C243: changes role from CANDIDATE to FOLLOWER at term 2 for REJECTED
2021-08-31 13:03:58,364 [c1e41c75-4b16-43e8-a71d-6e9134c212c3@group-137DB946C243-LeaderElection17] INFO  impl.RoleInfo (RoleInfo.java:shutdownLeaderElection(121)) - c1e41c75-4b16-43e8-a71d-6e9134c212c3: shutdown c1e41c75-4b16-43e8-a71d-6e9134c212c3@group-137DB946C243-LeaderElection17
2021-08-31 13:03:58,364 [c1e41c75-4b16-43e8-a71d-6e9134c212c3@group-137DB946C243-LeaderElection17] INFO  impl.RoleInfo (RoleInfo.java:updateAndGet(130)) - c1e41c75-4b16-43e8-a71d-6e9134c212c3: start c1e41c75-4b16-43e8-a71d-6e9134c212c3@group-137DB946C243-FollowerState
2021-08-31 13:03:58,469 [48a67b91-f7be-40c9-a901-78f22c1148cd@group-ACFDA5E70BED-FollowerState] INFO  impl.FollowerState (FollowerState.java:run(134)) - 48a67b91-f7be-40c9-a901-78f22c1148cd@group-ACFDA5E70BED-FollowerState: change to CANDIDATE, lastRpcElapsedTime:5144361172ns, electionTimeout:5141ms
2021-08-31 13:03:58,470 [48a67b91-f7be-40c9-a901-78f22c1148cd@group-ACFDA5E70BED-FollowerState] INFO  impl.RoleInfo (RoleInfo.java:shutdownFollowerState(108)) - 48a67b91-f7be-40c9-a901-78f22c1148cd: shutdown 48a67b91-f7be-40c9-a901-78f22c1148cd@group-ACFDA5E70BED-FollowerState
2021-08-31 13:03:58,471 [48a67b91-f7be-40c9-a901-78f22c1148cd@group-ACFDA5E70BED-FollowerState] INFO  server.RaftServer$Division (RaftServerImpl.java:setRole(285)) - 48a67b91-f7be-40c9-a901-78f22c1148cd@group-ACFDA5E70BED: changes role from  FOLLOWER to CANDIDATE at term 1 for changeToCandidate
2021-08-31 13:03:58,471 [48a67b91-f7be-40c9-a901-78f22c1148cd@group-ACFDA5E70BED-FollowerState] INFO  server.RaftServerConfigKeys (ConfUtils.java:logGet(44)) - raft.server.leaderelection.pre-vote = false (custom)
2021-08-31 13:03:58,471 [48a67b91-f7be-40c9-a901-78f22c1148cd@group-ACFDA5E70BED-FollowerState] INFO  impl.RoleInfo (RoleInfo.java:updateAndGet(130)) - 48a67b91-f7be-40c9-a901-78f22c1148cd: start 48a67b91-f7be-40c9-a901-78f22c1148cd@group-ACFDA5E70BED-LeaderElection18
2021-08-31 13:03:58,473 [48a67b91-f7be-40c9-a901-78f22c1148cd@group-ACFDA5E70BED-LeaderElection18] INFO  impl.LeaderElection (LeaderElection.java:askForVotes(306)) - 48a67b91-f7be-40c9-a901-78f22c1148cd@group-ACFDA5E70BED-LeaderElection18 ELECTION round 0: submit vote requests at term 2 for -1: [1a766833-fcfc-4255-a382-49e3d560613d|rpc:10.1.0.6:42143|priority:1, 48a67b91-f7be-40c9-a901-78f22c1148cd|rpc:10.1.0.6:46047|priority:0, c1e41c75-4b16-43e8-a71d-6e9134c212c3|rpc:10.1.0.6:40007|priority:0], old=null
2021-08-31 13:03:58,481 [1a766833-fcfc-4255-a382-49e3d560613d@group-ACFDA5E70BED-FollowerState] INFO  impl.FollowerState (FollowerState.java:run(134)) - 1a766833-fcfc-4255-a382-49e3d560613d@group-ACFDA5E70BED-FollowerState: change to CANDIDATE, lastRpcElapsedTime:5138485781ns, electionTimeout:5127ms
2021-08-31 13:03:58,481 [1a766833-fcfc-4255-a382-49e3d560613d@group-ACFDA5E70BED-FollowerState] INFO  impl.RoleInfo (RoleInfo.java:shutdownFollowerState(108)) - 1a766833-fcfc-4255-a382-49e3d560613d: shutdown 1a766833-fcfc-4255-a382-49e3d560613d@group-ACFDA5E70BED-FollowerState
2021-08-31 13:03:58,481 [1a766833-fcfc-4255-a382-49e3d560613d@group-ACFDA5E70BED-FollowerState] INFO  server.RaftServer$Division (RaftServerImpl.java:setRole(285)) - 1a766833-fcfc-4255-a382-49e3d560613d@group-ACFDA5E70BED: changes role from  FOLLOWER to CANDIDATE at term 1 for changeToCandidate
2021-08-31 13:03:58,481 [1a766833-fcfc-4255-a382-49e3d560613d@group-ACFDA5E70BED-FollowerState] INFO  server.RaftServerConfigKeys (ConfUtils.java:logGet(44)) - raft.server.leaderelection.pre-vote = false (custom)
2021-08-31 13:03:58,481 [1a766833-fcfc-4255-a382-49e3d560613d@group-ACFDA5E70BED-FollowerState] INFO  impl.RoleInfo (RoleInfo.java:updateAndGet(130)) - 1a766833-fcfc-4255-a382-49e3d560613d: start 1a766833-fcfc-4255-a382-49e3d560613d@group-ACFDA5E70BED-LeaderElection19
2021-08-31 13:03:58,485 [grpc-default-executor-1] INFO  server.RaftServer$Division (RaftServerImpl.java:requestVote(1043)) - 1a766833-fcfc-4255-a382-49e3d560613d@group-ACFDA5E70BED: receive requestVote(ELECTION, 48a67b91-f7be-40c9-a901-78f22c1148cd, group-ACFDA5E70BED, 2, (t:0, i:0))
2021-08-31 13:03:58,485 [grpc-default-executor-1] INFO  impl.VoteContext (VoteContext.java:log(48)) - 1a766833-fcfc-4255-a382-49e3d560613d@group-ACFDA5E70BED-CANDIDATE: reject ELECTION from 48a67b91-f7be-40c9-a901-78f22c1148cd: our priority 1 > candidate's priority 0
2021-08-31 13:03:58,485 [grpc-default-executor-0] INFO  server.RaftServer$Division (RaftServerImpl.java:requestVote(1043)) - c1e41c75-4b16-43e8-a71d-6e9134c212c3@group-ACFDA5E70BED: receive requestVote(ELECTION, 48a67b91-f7be-40c9-a901-78f22c1148cd, group-ACFDA5E70BED, 2, (t:0, i:0))
2021-08-31 13:03:58,485 [grpc-default-executor-0] INFO  impl.VoteContext (VoteContext.java:log(48)) - c1e41c75-4b16-43e8-a71d-6e9134c212c3@group-ACFDA5E70BED-FOLLOWER: accept ELECTION from 48a67b91-f7be-40c9-a901-78f22c1148cd: our priority 0 <= candidate's priority 0
2021-08-31 13:03:58,485 [grpc-default-executor-0] INFO  server.RaftServer$Division (RaftServerImpl.java:setRole(285)) - c1e41c75-4b16-43e8-a71d-6e9134c212c3@group-ACFDA5E70BED: changes role from  FOLLOWER to FOLLOWER at term 2 for candidate:48a67b91-f7be-40c9-a901-78f22c1148cd
2021-08-31 13:03:58,486 [grpc-default-executor-0] INFO  impl.RoleInfo (RoleInfo.java:shutdownFollowerState(108)) - c1e41c75-4b16-43e8-a71d-6e9134c212c3: shutdown c1e41c75-4b16-43e8-a71d-6e9134c212c3@group-ACFDA5E70BED-FollowerState
2021-08-31 13:03:58,486 [grpc-default-executor-0] INFO  impl.RoleInfo (RoleInfo.java:updateAndGet(130)) - c1e41c75-4b16-43e8-a71d-6e9134c212c3: start c1e41c75-4b16-43e8-a71d-6e9134c212c3@group-ACFDA5E70BED-FollowerState
2021-08-31 13:03:58,485 [grpc-default-executor-1] INFO  server.RaftServer$Division (RaftServerImpl.java:setRole(285)) - 1a766833-fcfc-4255-a382-49e3d560613d@group-ACFDA5E70BED: changes role from CANDIDATE to FOLLOWER at term 2 for candidate:48a67b91-f7be-40c9-a901-78f22c1148cd
2021-08-31 13:03:58,486 [grpc-default-executor-1] INFO  impl.RoleInfo (RoleInfo.java:shutdownLeaderElection(121)) - 1a766833-fcfc-4255-a382-49e3d560613d: shutdown 1a766833-fcfc-4255-a382-49e3d560613d@group-ACFDA5E70BED-LeaderElection19
2021-08-31 13:03:58,486 [c1e41c75-4b16-43e8-a71d-6e9134c212c3@group-ACFDA5E70BED-FollowerState] INFO  impl.FollowerState (FollowerState.java:run(143)) - c1e41c75-4b16-43e8-a71d-6e9134c212c3@group-ACFDA5E70BED-FollowerState was interrupted: {}
java.lang.InterruptedException: sleep interrupted
	at java.lang.Thread.sleep(Native Method)
	at java.lang.Thread.sleep(Thread.java:340)
	at java.util.concurrent.TimeUnit.sleep(TimeUnit.java:386)
	at org.apache.ratis.util.TimeDuration.sleep(TimeDuration.java:324)
	at org.apache.ratis.util.TimeDuration.sleep(TimeDuration.java:309)
	at org.apache.ratis.server.impl.FollowerState.run(FollowerState.java:118)
2021-08-31 13:03:58,488 [grpc-default-executor-1] INFO  impl.RoleInfo (RoleInfo.java:updateAndGet(130)) - 1a766833-fcfc-4255-a382-49e3d560613d: start 1a766833-fcfc-4255-a382-49e3d560613d@group-ACFDA5E70BED-FollowerState
2021-08-31 13:03:58,489 [grpc-default-executor-0] INFO  server.RaftServer$Division (RaftServerImpl.java:requestVote(1075)) - c1e41c75-4b16-43e8-a71d-6e9134c212c3@group-ACFDA5E70BED replies to ELECTION vote request: 48a67b91-f7be-40c9-a901-78f22c1148cd<-c1e41c75-4b16-43e8-a71d-6e9134c212c3#0:OK-t2. Peer's state: c1e41c75-4b16-43e8-a71d-6e9134c212c3@group-ACFDA5E70BED:t2, leader=null, voted=48a67b91-f7be-40c9-a901-78f22c1148cd, raftlog=c1e41c75-4b16-43e8-a71d-6e9134c212c3@group-ACFDA5E70BED-SegmentedRaftLog:OPENED:c-1,f-1,i0, conf=-1: [1a766833-fcfc-4255-a382-49e3d560613d|rpc:10.1.0.6:42143|dataStream:|priority:1, 48a67b91-f7be-40c9-a901-78f22c1148cd|rpc:10.1.0.6:46047|dataStream:|priority:0, c1e41c75-4b16-43e8-a71d-6e9134c212c3|rpc:10.1.0.6:40007|dataStream:|priority:0], old=null
2021-08-31 13:03:58,491 [grpc-default-executor-1] INFO  server.RaftServer$Division (RaftServerImpl.java:requestVote(1075)) - 1a766833-fcfc-4255-a382-49e3d560613d@group-ACFDA5E70BED replies to ELECTION vote request: 48a67b91-f7be-40c9-a901-78f22c1148cd<-1a766833-fcfc-4255-a382-49e3d560613d#0:FAIL-t2. Peer's state: 1a766833-fcfc-4255-a382-49e3d560613d@group-ACFDA5E70BED:t2, leader=null, voted=null, raftlog=1a766833-fcfc-4255-a382-49e3d560613d@group-ACFDA5E70BED-SegmentedRaftLog:OPENED:c-1,f-1,i0, conf=-1: [1a766833-fcfc-4255-a382-49e3d560613d|rpc:10.1.0.6:42143|dataStream:|priority:1, 48a67b91-f7be-40c9-a901-78f22c1148cd|rpc:10.1.0.6:46047|dataStream:|priority:0, c1e41c75-4b16-43e8-a71d-6e9134c212c3|rpc:10.1.0.6:40007|dataStream:|priority:0], old=null
2021-08-31 13:03:58,493 [48a67b91-f7be-40c9-a901-78f22c1148cd@group-ACFDA5E70BED-LeaderElection18] INFO  impl.LeaderElection (LeaderElection.java:logAndReturn(89)) - 48a67b91-f7be-40c9-a901-78f22c1148cd@group-ACFDA5E70BED-LeaderElection18: ELECTION REJECTED received 2 response(s) and 0 exception(s):
2021-08-31 13:03:58,494 [48a67b91-f7be-40c9-a901-78f22c1148cd@group-ACFDA5E70BED-LeaderElection18] INFO  impl.LeaderElection (LeaderElection.java:logAndReturn(93)) -   Response 0: 48a67b91-f7be-40c9-a901-78f22c1148cd<-1a766833-fcfc-4255-a382-49e3d560613d#0:FAIL-t2
2021-08-31 13:03:58,494 [48a67b91-f7be-40c9-a901-78f22c1148cd@group-ACFDA5E70BED-LeaderElection18] INFO  impl.LeaderElection (LeaderElection.java:logAndReturn(93)) -   Response 1: 48a67b91-f7be-40c9-a901-78f22c1148cd<-c1e41c75-4b16-43e8-a71d-6e9134c212c3#0:OK-t2
2021-08-31 13:03:58,494 [48a67b91-f7be-40c9-a901-78f22c1148cd@group-ACFDA5E70BED-LeaderElection18] INFO  impl.LeaderElection (LeaderElection.java:askForVotes(308)) - 48a67b91-f7be-40c9-a901-78f22c1148cd@group-ACFDA5E70BED-LeaderElection18 ELECTION round 0: result REJECTED
2021-08-31 13:03:58,494 [48a67b91-f7be-40c9-a901-78f22c1148cd@group-ACFDA5E70BED-LeaderElection18] INFO  server.RaftServer$Division (RaftServerImpl.java:setRole(285)) - 48a67b91-f7be-40c9-a901-78f22c1148cd@group-ACFDA5E70BED: changes role from CANDIDATE to FOLLOWER at term 2 for REJECTED
2021-08-31 13:03:58,494 [48a67b91-f7be-40c9-a901-78f22c1148cd@group-ACFDA5E70BED-LeaderElection18] INFO  impl.RoleInfo (RoleInfo.java:shutdownLeaderElection(121)) - 48a67b91-f7be-40c9-a901-78f22c1148cd: shutdown 48a67b91-f7be-40c9-a901-78f22c1148cd@group-ACFDA5E70BED-LeaderElection18
2021-08-31 13:03:58,494 [48a67b91-f7be-40c9-a901-78f22c1148cd@group-ACFDA5E70BED-LeaderElection18] INFO  impl.RoleInfo (RoleInfo.java:updateAndGet(130)) - 48a67b91-f7be-40c9-a901-78f22c1148cd: start 48a67b91-f7be-40c9-a901-78f22c1148cd@group-ACFDA5E70BED-FollowerState
2021-08-31 13:04:00,007 [Listener at 127.0.0.1/38495] INFO  ozoneimpl.OzoneContainer (OzoneContainer.java:stop(326)) - Attempting to stop container services.
2021-08-31 13:04:00,012 [Listener at 127.0.0.1/38495] INFO  server.RaftServer (RaftServerProxy.java:lambda$close$6(391)) - 940b181a-f656-490c-a8b1-afc5b8b121dc: close
2021-08-31 13:04:00,015 [Listener at 127.0.0.1/38495] INFO  server.RaftServer$Division (RaftServerImpl.java:lambda$close$4(407)) - 940b181a-f656-490c-a8b1-afc5b8b121dc@group-8F175209AE26: shutdown
2021-08-31 13:04:00,015 [Listener at 127.0.0.1/38495] INFO  util.JmxRegister (JmxRegister.java:unregister(73)) - Successfully un-registered JMX Bean with object name Ratis:service=RaftServer,group=group-8F175209AE26,id=940b181a-f656-490c-a8b1-afc5b8b121dc
2021-08-31 13:04:00,015 [Listener at 127.0.0.1/38495] INFO  impl.RoleInfo (RoleInfo.java:shutdownFollowerState(108)) - 940b181a-f656-490c-a8b1-afc5b8b121dc: shutdown 940b181a-f656-490c-a8b1-afc5b8b121dc@group-8F175209AE26-FollowerState
2021-08-31 13:04:00,016 [Listener at 127.0.0.1/38495] INFO  impl.StateMachineUpdater (StateMachineUpdater.java:stopAndJoin(149)) - 940b181a-f656-490c-a8b1-afc5b8b121dc@group-8F175209AE26-StateMachineUpdater: set stopIndex = 15
2021-08-31 13:04:00,016 [940b181a-f656-490c-a8b1-afc5b8b121dc@group-8F175209AE26-FollowerState] INFO  impl.FollowerState (FollowerState.java:run(143)) - 940b181a-f656-490c-a8b1-afc5b8b121dc@group-8F175209AE26-FollowerState was interrupted: {}
java.lang.InterruptedException: sleep interrupted
	at java.lang.Thread.sleep(Native Method)
	at java.lang.Thread.sleep(Thread.java:340)
	at java.util.concurrent.TimeUnit.sleep(TimeUnit.java:386)
	at org.apache.ratis.util.TimeDuration.sleep(TimeDuration.java:324)
	at org.apache.ratis.util.TimeDuration.sleep(TimeDuration.java:309)
	at org.apache.ratis.server.impl.FollowerState.run(FollowerState.java:118)
2021-08-31 13:04:00,016 [940b181a-f656-490c-a8b1-afc5b8b121dc@group-8F175209AE26-StateMachineUpdater] INFO  ratis.ContainerStateMachine (ContainerStateMachine.java:takeSnapshot(292)) - group-8F175209AE26: Taking a snapshot at:(t:1, i:15) file /home/runner/work/ozone/ozone/hadoop-ozone/integration-test/target/test-dir/MiniOzoneClusterImpl-24712a27-71f7-429c-8ffb-97a1a53f740d/datanode-1/data/ratis/df4b5ad2-fca6-4234-b989-8f175209ae26/sm/snapshot.1_15
2021-08-31 13:04:00,054 [940b181a-f656-490c-a8b1-afc5b8b121dc@group-8F175209AE26-StateMachineUpdater] INFO  ratis.ContainerStateMachine (ContainerStateMachine.java:takeSnapshot(303)) - group-8F175209AE26: Finished taking a snapshot at:(t:1, i:15) file:/home/runner/work/ozone/ozone/hadoop-ozone/integration-test/target/test-dir/MiniOzoneClusterImpl-24712a27-71f7-429c-8ffb-97a1a53f740d/datanode-1/data/ratis/df4b5ad2-fca6-4234-b989-8f175209ae26/sm/snapshot.1_15 took: 39 ms
2021-08-31 13:04:00,056 [940b181a-f656-490c-a8b1-afc5b8b121dc@group-8F175209AE26-StateMachineUpdater] INFO  impl.StateMachineUpdater (StateMachineUpdater.java:takeSnapshot(281)) - 940b181a-f656-490c-a8b1-afc5b8b121dc@group-8F175209AE26-StateMachineUpdater: Took a snapshot at index 15
2021-08-31 13:04:00,057 [940b181a-f656-490c-a8b1-afc5b8b121dc@group-8F175209AE26-StateMachineUpdater] INFO  impl.StateMachineUpdater (StateMachineUpdater.java:lambda$new$0(89)) - 940b181a-f656-490c-a8b1-afc5b8b121dc@group-8F175209AE26-StateMachineUpdater: snapshotIndex: updateIncreasingly -1 -> 15
2021-08-31 13:04:00,062 [Listener at 127.0.0.1/38495] INFO  server.RaftServer$Division (ServerState.java:close(419)) - 940b181a-f656-490c-a8b1-afc5b8b121dc@group-8F175209AE26: closes. applyIndex: 15
2021-08-31 13:04:00,063 [940b181a-f656-490c-a8b1-afc5b8b121dc@group-8F175209AE26-SegmentedRaftLogWorker] INFO  segmented.SegmentedRaftLogWorker (SegmentedRaftLogWorker.java:run(327)) - 940b181a-f656-490c-a8b1-afc5b8b121dc@group-8F175209AE26-SegmentedRaftLogWorker was interrupted, exiting. There are 0 tasks remaining in the queue.
2021-08-31 13:04:00,064 [Listener at 127.0.0.1/38495] INFO  segmented.SegmentedRaftLogWorker (SegmentedRaftLogWorker.java:close(237)) - 940b181a-f656-490c-a8b1-afc5b8b121dc@group-8F175209AE26-SegmentedRaftLogWorker close()
2021-08-31 13:04:00,066 [Listener at 127.0.0.1/38495] INFO  server.RaftServer$Division (RaftServerImpl.java:lambda$close$4(407)) - 940b181a-f656-490c-a8b1-afc5b8b121dc@group-792F18FA7A8A: shutdown
2021-08-31 13:04:00,066 [Listener at 127.0.0.1/38495] INFO  util.JmxRegister (JmxRegister.java:unregister(73)) - Successfully un-registered JMX Bean with object name Ratis:service=RaftServer,group=group-792F18FA7A8A,id=940b181a-f656-490c-a8b1-afc5b8b121dc
2021-08-31 13:04:00,066 [Listener at 127.0.0.1/38495] INFO  impl.RoleInfo (RoleInfo.java:shutdownLeaderState(91)) - 940b181a-f656-490c-a8b1-afc5b8b121dc: shutdown 940b181a-f656-490c-a8b1-afc5b8b121dc@group-792F18FA7A8A-LeaderStateImpl
2021-08-31 13:04:00,066 [Listener at 127.0.0.1/38495] INFO  impl.PendingRequests (PendingRequests.java:sendNotLeaderResponses(282)) - 940b181a-f656-490c-a8b1-afc5b8b121dc@group-792F18FA7A8A-PendingRequests: sendNotLeaderResponses
2021-08-31 13:04:00,069 [940b181a-f656-490c-a8b1-afc5b8b121dc@group-792F18FA7A8A-StateMachineUpdater] INFO  ratis.ContainerStateMachine (ContainerStateMachine.java:takeSnapshot(292)) - group-792F18FA7A8A: Taking a snapshot at:(t:1, i:0) file /home/runner/work/ozone/ozone/hadoop-ozone/integration-test/target/test-dir/MiniOzoneClusterImpl-24712a27-71f7-429c-8ffb-97a1a53f740d/datanode-1/data/ratis/768da958-5b75-44d3-9687-792f18fa7a8a/sm/snapshot.1_0
2021-08-31 13:04:00,069 [Listener at 127.0.0.1/38495] INFO  impl.StateMachineUpdater (StateMachineUpdater.java:stopAndJoin(149)) - 940b181a-f656-490c-a8b1-afc5b8b121dc@group-792F18FA7A8A-StateMachineUpdater: set stopIndex = 0
2021-08-31 13:04:00,069 [940b181a-f656-490c-a8b1-afc5b8b121dc@group-792F18FA7A8A-StateMachineUpdater] INFO  ratis.ContainerStateMachine (ContainerStateMachine.java:takeSnapshot(303)) - group-792F18FA7A8A: Finished taking a snapshot at:(t:1, i:0) file:/home/runner/work/ozone/ozone/hadoop-ozone/integration-test/target/test-dir/MiniOzoneClusterImpl-24712a27-71f7-429c-8ffb-97a1a53f740d/datanode-1/data/ratis/768da958-5b75-44d3-9687-792f18fa7a8a/sm/snapshot.1_0 took: 1 ms
2021-08-31 13:04:00,070 [940b181a-f656-490c-a8b1-afc5b8b121dc@group-792F18FA7A8A-StateMachineUpdater] INFO  impl.StateMachineUpdater (StateMachineUpdater.java:takeSnapshot(281)) - 940b181a-f656-490c-a8b1-afc5b8b121dc@group-792F18FA7A8A-StateMachineUpdater: Took a snapshot at index 0
2021-08-31 13:04:00,070 [940b181a-f656-490c-a8b1-afc5b8b121dc@group-792F18FA7A8A-StateMachineUpdater] INFO  impl.StateMachineUpdater (StateMachineUpdater.java:lambda$new$0(89)) - 940b181a-f656-490c-a8b1-afc5b8b121dc@group-792F18FA7A8A-StateMachineUpdater: snapshotIndex: updateIncreasingly -1 -> 0
2021-08-31 13:04:00,070 [Listener at 127.0.0.1/38495] INFO  server.RaftServer$Division (ServerState.java:close(419)) - 940b181a-f656-490c-a8b1-afc5b8b121dc@group-792F18FA7A8A: closes. applyIndex: 0
2021-08-31 13:04:00,070 [940b181a-f656-490c-a8b1-afc5b8b121dc@group-792F18FA7A8A-SegmentedRaftLogWorker] INFO  segmented.SegmentedRaftLogWorker (SegmentedRaftLogWorker.java:run(327)) - 940b181a-f656-490c-a8b1-afc5b8b121dc@group-792F18FA7A8A-SegmentedRaftLogWorker was interrupted, exiting. There are 0 tasks remaining in the queue.
2021-08-31 13:04:00,071 [Listener at 127.0.0.1/38495] INFO  segmented.SegmentedRaftLogWorker (SegmentedRaftLogWorker.java:close(237)) - 940b181a-f656-490c-a8b1-afc5b8b121dc@group-792F18FA7A8A-SegmentedRaftLogWorker close()
2021-08-31 13:04:00,072 [Listener at 127.0.0.1/38495] INFO  server.RaftServer$Division (RaftServerImpl.java:lambda$close$4(407)) - 940b181a-f656-490c-a8b1-afc5b8b121dc@group-862D64EF6F50: shutdown
2021-08-31 13:04:00,072 [Listener at 127.0.0.1/38495] INFO  util.JmxRegister (JmxRegister.java:unregister(73)) - Successfully un-registered JMX Bean with object name Ratis:service=RaftServer,group=group-862D64EF6F50,id=940b181a-f656-490c-a8b1-afc5b8b121dc
2021-08-31 13:04:00,072 [Listener at 127.0.0.1/38495] INFO  impl.RoleInfo (RoleInfo.java:shutdownLeaderState(91)) - 940b181a-f656-490c-a8b1-afc5b8b121dc: shutdown 940b181a-f656-490c-a8b1-afc5b8b121dc@group-862D64EF6F50-LeaderStateImpl
2021-08-31 13:04:00,073 [940b181a-f656-490c-a8b1-afc5b8b121dc@group-862D64EF6F50->41b49504-2605-44a7-8135-9defd08b62b0-GrpcLogAppender-LogAppenderDaemon] WARN  server.GrpcLogAppender (GrpcLogAppender.java:mayWait(175)) - 940b181a-f656-490c-a8b1-afc5b8b121dc@group-862D64EF6F50->41b49504-2605-44a7-8135-9defd08b62b0-GrpcLogAppender: Wait interrupted by java.lang.InterruptedException
2021-08-31 13:04:00,075 [grpc-default-executor-0] INFO  server.GrpcServerProtocolService (GrpcServerProtocolService.java:onCompleted(140)) - 41b49504-2605-44a7-8135-9defd08b62b0: Completed APPEND_ENTRIES, lastRequest: 940b181a-f656-490c-a8b1-afc5b8b121dc->41b49504-2605-44a7-8135-9defd08b62b0#1-t2,previous=(t:0, i:0),leaderCommit=-1,initializing? true,entries: size=1, first=(t:2, i:0), CONFIGURATIONENTRY
2021-08-31 13:04:00,078 [Listener at 127.0.0.1/38495] INFO  impl.PendingRequests (PendingRequests.java:sendNotLeaderResponses(282)) - 940b181a-f656-490c-a8b1-afc5b8b121dc@group-862D64EF6F50-PendingRequests: sendNotLeaderResponses
2021-08-31 13:04:00,076 [grpc-default-executor-1] INFO  server.GrpcLogAppender (GrpcLogAppender.java:onCompleted(344)) - 940b181a-f656-490c-a8b1-afc5b8b121dc@group-862D64EF6F50->41b49504-2605-44a7-8135-9defd08b62b0-AppendLogResponseHandler: follower responses appendEntries COMPLETED
2021-08-31 13:04:00,078 [940b181a-f656-490c-a8b1-afc5b8b121dc@group-862D64EF6F50->fde2103a-ce00-4253-a576-ea8232893539-GrpcLogAppender-LogAppenderDaemon] WARN  server.GrpcLogAppender (GrpcLogAppender.java:mayWait(175)) - 940b181a-f656-490c-a8b1-afc5b8b121dc@group-862D64EF6F50->fde2103a-ce00-4253-a576-ea8232893539-GrpcLogAppender: Wait interrupted by java.lang.InterruptedException
2021-08-31 13:04:00,083 [grpc-default-executor-0] INFO  server.GrpcServerProtocolService (GrpcServerProtocolService.java:onCompleted(140)) - fde2103a-ce00-4253-a576-ea8232893539: Completed APPEND_ENTRIES, lastRequest: 940b181a-f656-490c-a8b1-afc5b8b121dc->fde2103a-ce00-4253-a576-ea8232893539#1-t2,previous=(t:0, i:0),leaderCommit=0,initializing? true,entries: size=1, first=(t:2, i:0), CONFIGURATIONENTRY
2021-08-31 13:04:00,084 [grpc-default-executor-3] INFO  server.GrpcLogAppender (GrpcLogAppender.java:onCompleted(344)) - 940b181a-f656-490c-a8b1-afc5b8b121dc@group-862D64EF6F50->fde2103a-ce00-4253-a576-ea8232893539-AppendLogResponseHandler: follower responses appendEntries COMPLETED
2021-08-31 13:04:00,084 [grpc-default-executor-3] INFO  leader.FollowerInfo (FollowerInfoImpl.java:lambda$new$0(46)) - 940b181a-f656-490c-a8b1-afc5b8b121dc@group-862D64EF6F50->fde2103a-ce00-4253-a576-ea8232893539: nextIndex: updateUnconditionally 1 -> 0
2021-08-31 13:04:00,087 [940b181a-f656-490c-a8b1-afc5b8b121dc@group-862D64EF6F50-StateMachineUpdater] INFO  ratis.ContainerStateMachine (ContainerStateMachine.java:takeSnapshot(292)) - group-862D64EF6F50: Taking a snapshot at:(t:2, i:0) file /home/runner/work/ozone/ozone/hadoop-ozone/integration-test/target/test-dir/MiniOzoneClusterImpl-24712a27-71f7-429c-8ffb-97a1a53f740d/datanode-1/data/ratis/bcca9cef-7c19-4c59-bfaa-862d64ef6f50/sm/snapshot.2_0
2021-08-31 13:04:00,088 [Listener at 127.0.0.1/38495] INFO  impl.StateMachineUpdater (StateMachineUpdater.java:stopAndJoin(149)) - 940b181a-f656-490c-a8b1-afc5b8b121dc@group-862D64EF6F50-StateMachineUpdater: set stopIndex = 0
2021-08-31 13:04:00,085 [grpc-default-executor-1] INFO  leader.FollowerInfo (FollowerInfoImpl.java:lambda$new$0(46)) - 940b181a-f656-490c-a8b1-afc5b8b121dc@group-862D64EF6F50->41b49504-2605-44a7-8135-9defd08b62b0: nextIndex: updateUnconditionally 1 -> 0
2021-08-31 13:04:00,089 [940b181a-f656-490c-a8b1-afc5b8b121dc@group-862D64EF6F50-StateMachineUpdater] INFO  ratis.ContainerStateMachine (ContainerStateMachine.java:takeSnapshot(303)) - group-862D64EF6F50: Finished taking a snapshot at:(t:2, i:0) file:/home/runner/work/ozone/ozone/hadoop-ozone/integration-test/target/test-dir/MiniOzoneClusterImpl-24712a27-71f7-429c-8ffb-97a1a53f740d/datanode-1/data/ratis/bcca9cef-7c19-4c59-bfaa-862d64ef6f50/sm/snapshot.2_0 took: 1 ms
2021-08-31 13:04:00,089 [940b181a-f656-490c-a8b1-afc5b8b121dc@group-862D64EF6F50-StateMachineUpdater] INFO  impl.StateMachineUpdater (StateMachineUpdater.java:takeSnapshot(281)) - 940b181a-f656-490c-a8b1-afc5b8b121dc@group-862D64EF6F50-StateMachineUpdater: Took a snapshot at index 0
2021-08-31 13:04:00,089 [940b181a-f656-490c-a8b1-afc5b8b121dc@group-862D64EF6F50-StateMachineUpdater] INFO  impl.StateMachineUpdater (StateMachineUpdater.java:lambda$new$0(89)) - 940b181a-f656-490c-a8b1-afc5b8b121dc@group-862D64EF6F50-StateMachineUpdater: snapshotIndex: updateIncreasingly -1 -> 0
2021-08-31 13:04:00,090 [Listener at 127.0.0.1/38495] INFO  server.RaftServer$Division (ServerState.java:close(419)) - 940b181a-f656-490c-a8b1-afc5b8b121dc@group-862D64EF6F50: closes. applyIndex: 0
2021-08-31 13:04:00,090 [940b181a-f656-490c-a8b1-afc5b8b121dc@group-862D64EF6F50-SegmentedRaftLogWorker] INFO  segmented.SegmentedRaftLogWorker (SegmentedRaftLogWorker.java:run(327)) - 940b181a-f656-490c-a8b1-afc5b8b121dc@group-862D64EF6F50-SegmentedRaftLogWorker was interrupted, exiting. There are 0 tasks remaining in the queue.
2021-08-31 13:04:00,091 [Listener at 127.0.0.1/38495] INFO  segmented.SegmentedRaftLogWorker (SegmentedRaftLogWorker.java:close(237)) - 940b181a-f656-490c-a8b1-afc5b8b121dc@group-862D64EF6F50-SegmentedRaftLogWorker close()
2021-08-31 13:04:00,092 [Listener at 127.0.0.1/38495] INFO  server.GrpcService (GrpcService.java:closeImpl(262)) - 940b181a-f656-490c-a8b1-afc5b8b121dc: shutdown server with port 41423 now
2021-08-31 13:04:00,104 [grpc-default-executor-0] WARN  server.GrpcServerProtocolService (LogUtils.java:warn(122)) - 940b181a-f656-490c-a8b1-afc5b8b121dc: installSnapshot onError, lastRequest: 41b49504-2605-44a7-8135-9defd08b62b0->940b181a-f656-490c-a8b1-afc5b8b121dc#43-t1,previous=(t:1, i:14),leaderCommit=13,initializing? true,entries: size=1, first=(t:1, i:15), METADATAENTRY(c:13): org.apache.ratis.thirdparty.io.grpc.StatusRuntimeException: CANCELLED: client cancelled
2021-08-31 13:04:00,107 [grpc-default-executor-1] WARN  server.GrpcLogAppender (LogUtils.java:warn(122)) - 41b49504-2605-44a7-8135-9defd08b62b0@group-8F175209AE26->940b181a-f656-490c-a8b1-afc5b8b121dc-AppendLogResponseHandler: Failed appendEntries: org.apache.ratis.thirdparty.io.grpc.StatusRuntimeException: CANCELLED: HTTP/2 error code: CANCEL
Received Rst Stream
2021-08-31 13:04:00,107 [grpc-default-executor-1] INFO  leader.FollowerInfo (FollowerInfoImpl.java:lambda$new$0(46)) - 41b49504-2605-44a7-8135-9defd08b62b0@group-8F175209AE26->940b181a-f656-490c-a8b1-afc5b8b121dc: nextIndex: updateUnconditionally 16 -> 15
2021-08-31 13:04:00,131 [grpc-default-executor-1] WARN  server.GrpcLogAppender (LogUtils.java:warn(122)) - 41b49504-2605-44a7-8135-9defd08b62b0@group-8F175209AE26->940b181a-f656-490c-a8b1-afc5b8b121dc-AppendLogResponseHandler: Failed appendEntries: org.apache.ratis.thirdparty.io.grpc.StatusRuntimeException: UNAVAILABLE: io exception
2021-08-31 13:04:00,131 [grpc-default-executor-1] INFO  leader.FollowerInfo (FollowerInfoImpl.java:lambda$new$0(46)) - 41b49504-2605-44a7-8135-9defd08b62b0@group-8F175209AE26->940b181a-f656-490c-a8b1-afc5b8b121dc: nextIndex: updateUnconditionally 16 -> 15
2021-08-31 13:04:00,133 [Listener at 127.0.0.1/38495] INFO  server.GrpcService (GrpcService.java:closeImpl(271)) - 940b181a-f656-490c-a8b1-afc5b8b121dc: shutdown server with port 41423 successfully
2021-08-31 13:04:00,134 [org.apache.ratis.util.JvmPauseMonitor$$Lambda$532/1334813823@a549bdc] INFO  util.JvmPauseMonitor (JvmPauseMonitor.java:run(109)) - JvmPauseMonitor-940b181a-f656-490c-a8b1-afc5b8b121dc: Stopped
2021-08-31 13:04:00,136 [Listener at 127.0.0.1/38495] INFO  utils.BackgroundService (BackgroundService.java:shutdown(132)) - Shutting down service BlockDeletingService
2021-08-31 13:04:02,620 [grpc-default-executor-1] WARN  server.GrpcLogAppender (LogUtils.java:warn(122)) - 41b49504-2605-44a7-8135-9defd08b62b0@group-8F175209AE26->940b181a-f656-490c-a8b1-afc5b8b121dc-AppendLogResponseHandler: Failed appendEntries: org.apache.ratis.thirdparty.io.grpc.StatusRuntimeException: UNAVAILABLE: io exception
2021-08-31 13:04:02,621 [grpc-default-executor-1] INFO  leader.FollowerInfo (FollowerInfoImpl.java:lambda$new$0(46)) - 41b49504-2605-44a7-8135-9defd08b62b0@group-8F175209AE26->940b181a-f656-490c-a8b1-afc5b8b121dc: nextIndex: updateUnconditionally 16 -> 15
2021-08-31 13:04:03,139 [Listener at 127.0.0.1/38495] INFO  statemachine.DatanodeStateMachine (DatanodeStateMachine.java:stopDaemon(515)) - Ozone container server stopped.
2021-08-31 13:04:03,143 [Listener at 127.0.0.1/38495] INFO  handler.ContextHandler (ContextHandler.java:doStop(1153)) - Stopped o.e.j.w.WebAppContext@78ed332b{hddsDatanode,/,null,STOPPED}{jar:file:/home/runner/.m2/repository/org/apache/ozone/hdds-container-service/1.2.0-SNAPSHOT/hdds-container-service-1.2.0-SNAPSHOT.jar!/webapps/hddsDatanode}
2021-08-31 13:04:03,147 [Listener at 127.0.0.1/38495] INFO  server.AbstractConnector (AbstractConnector.java:doStop(381)) - Stopped ServerConnector@6475dfa{HTTP/1.1, (http/1.1)}{0.0.0.0:0}
2021-08-31 13:04:03,148 [Listener at 127.0.0.1/38495] INFO  server.session (HouseKeeper.java:stopScavenging(149)) - node0 Stopped scavenging
2021-08-31 13:04:03,149 [Listener at 127.0.0.1/38495] INFO  handler.ContextHandler (ContextHandler.java:doStop(1153)) - Stopped o.e.j.s.ServletContextHandler@232def55{static,/static,jar:file:/home/runner/.m2/repository/org/apache/ozone/hdds-container-service/1.2.0-SNAPSHOT/hdds-container-service-1.2.0-SNAPSHOT.jar!/webapps/static,STOPPED}
2021-08-31 13:04:03,149 [Listener at 127.0.0.1/38495] INFO  handler.ContextHandler (ContextHandler.java:doStop(1153)) - Stopped o.e.j.s.ServletContextHandler@7b565a6f{logs,/logs,file:///home/runner/work/ozone/ozone/hadoop-ozone/integration-test/target/log,STOPPED}
2021-08-31 13:04:03,351 [1a766833-fcfc-4255-a382-49e3d560613d@group-137DB946C243-FollowerState] INFO  impl.FollowerState (FollowerState.java:run(134)) - 1a766833-fcfc-4255-a382-49e3d560613d@group-137DB946C243-FollowerState: change to CANDIDATE, lastRpcElapsedTime:5005597152ns, electionTimeout:5005ms
2021-08-31 13:04:03,351 [1a766833-fcfc-4255-a382-49e3d560613d@group-137DB946C243-FollowerState] INFO  impl.RoleInfo (RoleInfo.java:shutdownFollowerState(108)) - 1a766833-fcfc-4255-a382-49e3d560613d: shutdown 1a766833-fcfc-4255-a382-49e3d560613d@group-137DB946C243-FollowerState
2021-08-31 13:04:03,351 [1a766833-fcfc-4255-a382-49e3d560613d@group-137DB946C243-FollowerState] INFO  server.RaftServer$Division (RaftServerImpl.java:setRole(285)) - 1a766833-fcfc-4255-a382-49e3d560613d@group-137DB946C243: changes role from  FOLLOWER to CANDIDATE at term 2 for changeToCandidate
2021-08-31 13:04:03,351 [1a766833-fcfc-4255-a382-49e3d560613d@group-137DB946C243-FollowerState] INFO  server.RaftServerConfigKeys (ConfUtils.java:logGet(44)) - raft.server.leaderelection.pre-vote = false (custom)
2021-08-31 13:04:03,352 [1a766833-fcfc-4255-a382-49e3d560613d@group-137DB946C243-FollowerState] INFO  impl.RoleInfo (RoleInfo.java:updateAndGet(130)) - 1a766833-fcfc-4255-a382-49e3d560613d: start 1a766833-fcfc-4255-a382-49e3d560613d@group-137DB946C243-LeaderElection20
2021-08-31 13:04:03,363 [1a766833-fcfc-4255-a382-49e3d560613d@group-137DB946C243-LeaderElection20] INFO  impl.LeaderElection (LeaderElection.java:askForVotes(306)) - 1a766833-fcfc-4255-a382-49e3d560613d@group-137DB946C243-LeaderElection20 ELECTION round 0: submit vote requests at term 3 for -1: [1a766833-fcfc-4255-a382-49e3d560613d|rpc:10.1.0.6:42143|dataStream:|priority:0, 48a67b91-f7be-40c9-a901-78f22c1148cd|rpc:10.1.0.6:46047|dataStream:|priority:0, c1e41c75-4b16-43e8-a71d-6e9134c212c3|rpc:10.1.0.6:40007|dataStream:|priority:1], old=null
2021-08-31 13:04:03,371 [grpc-default-executor-1] INFO  server.RaftServer$Division (RaftServerImpl.java:requestVote(1043)) - 48a67b91-f7be-40c9-a901-78f22c1148cd@group-137DB946C243: receive requestVote(ELECTION, 1a766833-fcfc-4255-a382-49e3d560613d, group-137DB946C243, 3, (t:0, i:0))
2021-08-31 13:04:03,372 [grpc-default-executor-1] INFO  impl.VoteContext (VoteContext.java:log(48)) - 48a67b91-f7be-40c9-a901-78f22c1148cd@group-137DB946C243-FOLLOWER: accept ELECTION from 1a766833-fcfc-4255-a382-49e3d560613d: our priority 0 <= candidate's priority 0
2021-08-31 13:04:03,372 [grpc-default-executor-1] INFO  server.RaftServer$Division (RaftServerImpl.java:setRole(285)) - 48a67b91-f7be-40c9-a901-78f22c1148cd@group-137DB946C243: changes role from  FOLLOWER to FOLLOWER at term 3 for candidate:1a766833-fcfc-4255-a382-49e3d560613d
2021-08-31 13:04:03,372 [grpc-default-executor-1] INFO  impl.RoleInfo (RoleInfo.java:shutdownFollowerState(108)) - 48a67b91-f7be-40c9-a901-78f22c1148cd: shutdown 48a67b91-f7be-40c9-a901-78f22c1148cd@group-137DB946C243-FollowerState
2021-08-31 13:04:03,372 [grpc-default-executor-1] INFO  impl.RoleInfo (RoleInfo.java:updateAndGet(130)) - 48a67b91-f7be-40c9-a901-78f22c1148cd: start 48a67b91-f7be-40c9-a901-78f22c1148cd@group-137DB946C243-FollowerState
2021-08-31 13:04:03,372 [48a67b91-f7be-40c9-a901-78f22c1148cd@group-137DB946C243-FollowerState] INFO  impl.FollowerState (FollowerState.java:run(143)) - 48a67b91-f7be-40c9-a901-78f22c1148cd@group-137DB946C243-FollowerState was interrupted: {}
java.lang.InterruptedException: sleep interrupted
	at java.lang.Thread.sleep(Native Method)
	at java.lang.Thread.sleep(Thread.java:340)
	at java.util.concurrent.TimeUnit.sleep(TimeUnit.java:386)
	at org.apache.ratis.util.TimeDuration.sleep(TimeDuration.java:324)
	at org.apache.ratis.util.TimeDuration.sleep(TimeDuration.java:309)
	at org.apache.ratis.server.impl.FollowerState.run(FollowerState.java:118)
2021-08-31 13:04:03,380 [grpc-default-executor-1] INFO  server.RaftServer$Division (RaftServerImpl.java:requestVote(1075)) - 48a67b91-f7be-40c9-a901-78f22c1148cd@group-137DB946C243 replies to ELECTION vote request: 1a766833-fcfc-4255-a382-49e3d560613d<-48a67b91-f7be-40c9-a901-78f22c1148cd#0:OK-t3. Peer's state: 48a67b91-f7be-40c9-a901-78f22c1148cd@group-137DB946C243:t3, leader=null, voted=1a766833-fcfc-4255-a382-49e3d560613d, raftlog=48a67b91-f7be-40c9-a901-78f22c1148cd@group-137DB946C243-SegmentedRaftLog:OPENED:c-1,f-1,i0, conf=-1: [1a766833-fcfc-4255-a382-49e3d560613d|rpc:10.1.0.6:42143|priority:0, 48a67b91-f7be-40c9-a901-78f22c1148cd|rpc:10.1.0.6:46047|priority:0, c1e41c75-4b16-43e8-a71d-6e9134c212c3|rpc:10.1.0.6:40007|priority:1], old=null
2021-08-31 13:04:03,387 [grpc-default-executor-1] INFO  server.RaftServer$Division (RaftServerImpl.java:requestVote(1043)) - c1e41c75-4b16-43e8-a71d-6e9134c212c3@group-137DB946C243: receive requestVote(ELECTION, 1a766833-fcfc-4255-a382-49e3d560613d, group-137DB946C243, 3, (t:0, i:0))
2021-08-31 13:04:03,387 [grpc-default-executor-1] INFO  impl.VoteContext (VoteContext.java:log(48)) - c1e41c75-4b16-43e8-a71d-6e9134c212c3@group-137DB946C243-FOLLOWER: reject ELECTION from 1a766833-fcfc-4255-a382-49e3d560613d: our priority 1 > candidate's priority 0
2021-08-31 13:04:03,387 [grpc-default-executor-1] INFO  server.RaftServer$Division (RaftServerImpl.java:setRole(285)) - c1e41c75-4b16-43e8-a71d-6e9134c212c3@group-137DB946C243: changes role from  FOLLOWER to FOLLOWER at term 3 for candidate:1a766833-fcfc-4255-a382-49e3d560613d
2021-08-31 13:04:03,387 [grpc-default-executor-1] INFO  impl.RoleInfo (RoleInfo.java:shutdownFollowerState(108)) - c1e41c75-4b16-43e8-a71d-6e9134c212c3: shutdown c1e41c75-4b16-43e8-a71d-6e9134c212c3@group-137DB946C243-FollowerState
2021-08-31 13:04:03,387 [grpc-default-executor-1] INFO  impl.RoleInfo (RoleInfo.java:updateAndGet(130)) - c1e41c75-4b16-43e8-a71d-6e9134c212c3: start c1e41c75-4b16-43e8-a71d-6e9134c212c3@group-137DB946C243-FollowerState
2021-08-31 13:04:03,387 [c1e41c75-4b16-43e8-a71d-6e9134c212c3@group-137DB946C243-FollowerState] INFO  impl.FollowerState (FollowerState.java:run(143)) - c1e41c75-4b16-43e8-a71d-6e9134c212c3@group-137DB946C243-FollowerState was interrupted: {}
java.lang.InterruptedException: sleep interrupted
	at java.lang.Thread.sleep(Native Method)
	at java.lang.Thread.sleep(Thread.java:340)
	at java.util.concurrent.TimeUnit.sleep(TimeUnit.java:386)
	at org.apache.ratis.util.TimeDuration.sleep(TimeDuration.java:324)
	at org.apache.ratis.util.TimeDuration.sleep(TimeDuration.java:309)
	at org.apache.ratis.server.impl.FollowerState.run(FollowerState.java:118)
2021-08-31 13:04:03,395 [grpc-default-executor-1] INFO  server.RaftServer$Division (RaftServerImpl.java:requestVote(1075)) - c1e41c75-4b16-43e8-a71d-6e9134c212c3@group-137DB946C243 replies to ELECTION vote request: 1a766833-fcfc-4255-a382-49e3d560613d<-c1e41c75-4b16-43e8-a71d-6e9134c212c3#0:FAIL-t3. Peer's state: c1e41c75-4b16-43e8-a71d-6e9134c212c3@group-137DB946C243:t3, leader=null, voted=null, raftlog=c1e41c75-4b16-43e8-a71d-6e9134c212c3@group-137DB946C243-SegmentedRaftLog:OPENED:c-1,f-1,i0, conf=-1: [1a766833-fcfc-4255-a382-49e3d560613d|rpc:10.1.0.6:42143|dataStream:|priority:0, 48a67b91-f7be-40c9-a901-78f22c1148cd|rpc:10.1.0.6:46047|dataStream:|priority:0, c1e41c75-4b16-43e8-a71d-6e9134c212c3|rpc:10.1.0.6:40007|dataStream:|priority:1], old=null
2021-08-31 13:04:03,396 [1a766833-fcfc-4255-a382-49e3d560613d@group-137DB946C243-LeaderElection20] INFO  impl.LeaderElection (LeaderElection.java:logAndReturn(89)) - 1a766833-fcfc-4255-a382-49e3d560613d@group-137DB946C243-LeaderElection20: ELECTION REJECTED received 2 response(s) and 0 exception(s):
2021-08-31 13:04:03,396 [1a766833-fcfc-4255-a382-49e3d560613d@group-137DB946C243-LeaderElection20] INFO  impl.LeaderElection (LeaderElection.java:logAndReturn(93)) -   Response 0: 1a766833-fcfc-4255-a382-49e3d560613d<-48a67b91-f7be-40c9-a901-78f22c1148cd#0:OK-t3
2021-08-31 13:04:03,396 [1a766833-fcfc-4255-a382-49e3d560613d@group-137DB946C243-LeaderElection20] INFO  impl.LeaderElection (LeaderElection.java:logAndReturn(93)) -   Response 1: 1a766833-fcfc-4255-a382-49e3d560613d<-c1e41c75-4b16-43e8-a71d-6e9134c212c3#0:FAIL-t3
2021-08-31 13:04:03,396 [1a766833-fcfc-4255-a382-49e3d560613d@group-137DB946C243-LeaderElection20] INFO  impl.LeaderElection (LeaderElection.java:askForVotes(308)) - 1a766833-fcfc-4255-a382-49e3d560613d@group-137DB946C243-LeaderElection20 ELECTION round 0: result REJECTED
2021-08-31 13:04:03,396 [1a766833-fcfc-4255-a382-49e3d560613d@group-137DB946C243-LeaderElection20] INFO  server.RaftServer$Division (RaftServerImpl.java:setRole(285)) - 1a766833-fcfc-4255-a382-49e3d560613d@group-137DB946C243: changes role from CANDIDATE to FOLLOWER at term 3 for REJECTED
2021-08-31 13:04:03,397 [1a766833-fcfc-4255-a382-49e3d560613d@group-137DB946C243-LeaderElection20] INFO  impl.RoleInfo (RoleInfo.java:shutdownLeaderElection(121)) - 1a766833-fcfc-4255-a382-49e3d560613d: shutdown 1a766833-fcfc-4255-a382-49e3d560613d@group-137DB946C243-LeaderElection20
2021-08-31 13:04:03,397 [1a766833-fcfc-4255-a382-49e3d560613d@group-137DB946C243-LeaderElection20] INFO  impl.RoleInfo (RoleInfo.java:updateAndGet(130)) - 1a766833-fcfc-4255-a382-49e3d560613d: start 1a766833-fcfc-4255-a382-49e3d560613d@group-137DB946C243-FollowerState
2021-08-31 13:04:03,622 [48a67b91-f7be-40c9-a901-78f22c1148cd@group-ACFDA5E70BED-FollowerState] INFO  impl.FollowerState (FollowerState.java:run(134)) - 48a67b91-f7be-40c9-a901-78f22c1148cd@group-ACFDA5E70BED-FollowerState: change to CANDIDATE, lastRpcElapsedTime:5128431088ns, electionTimeout:5128ms
2021-08-31 13:04:03,624 [48a67b91-f7be-40c9-a901-78f22c1148cd@group-ACFDA5E70BED-FollowerState] INFO  impl.RoleInfo (RoleInfo.java:shutdownFollowerState(108)) - 48a67b91-f7be-40c9-a901-78f22c1148cd: shutdown 48a67b91-f7be-40c9-a901-78f22c1148cd@group-ACFDA5E70BED-FollowerState
2021-08-31 13:04:03,624 [48a67b91-f7be-40c9-a901-78f22c1148cd@group-ACFDA5E70BED-FollowerState] INFO  server.RaftServer$Division (RaftServerImpl.java:setRole(285)) - 48a67b91-f7be-40c9-a901-78f22c1148cd@group-ACFDA5E70BED: changes role from  FOLLOWER to CANDIDATE at term 2 for changeToCandidate
2021-08-31 13:04:03,624 [48a67b91-f7be-40c9-a901-78f22c1148cd@group-ACFDA5E70BED-FollowerState] INFO  server.RaftServerConfigKeys (ConfUtils.java:logGet(44)) - raft.server.leaderelection.pre-vote = false (custom)
2021-08-31 13:04:03,624 [48a67b91-f7be-40c9-a901-78f22c1148cd@group-ACFDA5E70BED-FollowerState] INFO  impl.RoleInfo (RoleInfo.java:updateAndGet(130)) - 48a67b91-f7be-40c9-a901-78f22c1148cd: start 48a67b91-f7be-40c9-a901-78f22c1148cd@group-ACFDA5E70BED-LeaderElection21
2021-08-31 13:04:03,629 [48a67b91-f7be-40c9-a901-78f22c1148cd@group-ACFDA5E70BED-LeaderElection21] INFO  impl.LeaderElection (LeaderElection.java:askForVotes(306)) - 48a67b91-f7be-40c9-a901-78f22c1148cd@group-ACFDA5E70BED-LeaderElection21 ELECTION round 0: submit vote requests at term 3 for -1: [1a766833-fcfc-4255-a382-49e3d560613d|rpc:10.1.0.6:42143|priority:1, 48a67b91-f7be-40c9-a901-78f22c1148cd|rpc:10.1.0.6:46047|priority:0, c1e41c75-4b16-43e8-a71d-6e9134c212c3|rpc:10.1.0.6:40007|priority:0], old=null
2021-08-31 13:04:03,636 [grpc-default-executor-1] INFO  server.RaftServer$Division (RaftServerImpl.java:requestVote(1043)) - 1a766833-fcfc-4255-a382-49e3d560613d@group-ACFDA5E70BED: receive requestVote(ELECTION, 48a67b91-f7be-40c9-a901-78f22c1148cd, group-ACFDA5E70BED, 3, (t:0, i:0))
2021-08-31 13:04:03,636 [grpc-default-executor-1] INFO  impl.VoteContext (VoteContext.java:log(48)) - 1a766833-fcfc-4255-a382-49e3d560613d@group-ACFDA5E70BED-FOLLOWER: reject ELECTION from 48a67b91-f7be-40c9-a901-78f22c1148cd: our priority 1 > candidate's priority 0
2021-08-31 13:04:03,636 [grpc-default-executor-1] INFO  server.RaftServer$Division (RaftServerImpl.java:setRole(285)) - 1a766833-fcfc-4255-a382-49e3d560613d@group-ACFDA5E70BED: changes role from  FOLLOWER to FOLLOWER at term 3 for candidate:48a67b91-f7be-40c9-a901-78f22c1148cd
2021-08-31 13:04:03,636 [grpc-default-executor-1] INFO  impl.RoleInfo (RoleInfo.java:shutdownFollowerState(108)) - 1a766833-fcfc-4255-a382-49e3d560613d: shutdown 1a766833-fcfc-4255-a382-49e3d560613d@group-ACFDA5E70BED-FollowerState
2021-08-31 13:04:03,636 [grpc-default-executor-1] INFO  impl.RoleInfo (RoleInfo.java:updateAndGet(130)) - 1a766833-fcfc-4255-a382-49e3d560613d: start 1a766833-fcfc-4255-a382-49e3d560613d@group-ACFDA5E70BED-FollowerState
2021-08-31 13:04:03,636 [1a766833-fcfc-4255-a382-49e3d560613d@group-ACFDA5E70BED-FollowerState] INFO  impl.FollowerState (FollowerState.java:run(143)) - 1a766833-fcfc-4255-a382-49e3d560613d@group-ACFDA5E70BED-FollowerState was interrupted: {}
java.lang.InterruptedException: sleep interrupted
	at java.lang.Thread.sleep(Native Method)
	at java.lang.Thread.sleep(Thread.java:340)
	at java.util.concurrent.TimeUnit.sleep(TimeUnit.java:386)
	at org.apache.ratis.util.TimeDuration.sleep(TimeDuration.java:324)
	at org.apache.ratis.util.TimeDuration.sleep(TimeDuration.java:309)
	at org.apache.ratis.server.impl.FollowerState.run(FollowerState.java:118)
2021-08-31 13:04:03,638 [grpc-default-executor-1] INFO  server.RaftServer$Division (RaftServerImpl.java:requestVote(1075)) - 1a766833-fcfc-4255-a382-49e3d560613d@group-ACFDA5E70BED replies to ELECTION vote request: 48a67b91-f7be-40c9-a901-78f22c1148cd<-1a766833-fcfc-4255-a382-49e3d560613d#0:FAIL-t3. Peer's state: 1a766833-fcfc-4255-a382-49e3d560613d@group-ACFDA5E70BED:t3, leader=null, voted=null, raftlog=1a766833-fcfc-4255-a382-49e3d560613d@group-ACFDA5E70BED-SegmentedRaftLog:OPENED:c-1,f-1,i0, conf=-1: [1a766833-fcfc-4255-a382-49e3d560613d|rpc:10.1.0.6:42143|dataStream:|priority:1, 48a67b91-f7be-40c9-a901-78f22c1148cd|rpc:10.1.0.6:46047|dataStream:|priority:0, c1e41c75-4b16-43e8-a71d-6e9134c212c3|rpc:10.1.0.6:40007|dataStream:|priority:0], old=null
2021-08-31 13:04:03,640 [48a67b91-f7be-40c9-a901-78f22c1148cd@group-ACFDA5E70BED-LeaderElection21] INFO  impl.LeaderElection (LeaderElection.java:logAndReturn(89)) - 48a67b91-f7be-40c9-a901-78f22c1148cd@group-ACFDA5E70BED-LeaderElection21: ELECTION REJECTED received 1 response(s) and 0 exception(s):
2021-08-31 13:04:03,640 [48a67b91-f7be-40c9-a901-78f22c1148cd@group-ACFDA5E70BED-LeaderElection21] INFO  impl.LeaderElection (LeaderElection.java:logAndReturn(93)) -   Response 0: 48a67b91-f7be-40c9-a901-78f22c1148cd<-1a766833-fcfc-4255-a382-49e3d560613d#0:FAIL-t3
2021-08-31 13:04:03,640 [48a67b91-f7be-40c9-a901-78f22c1148cd@group-ACFDA5E70BED-LeaderElection21] INFO  impl.LeaderElection (LeaderElection.java:askForVotes(308)) - 48a67b91-f7be-40c9-a901-78f22c1148cd@group-ACFDA5E70BED-LeaderElection21 ELECTION round 0: result REJECTED
2021-08-31 13:04:03,640 [48a67b91-f7be-40c9-a901-78f22c1148cd@group-ACFDA5E70BED-LeaderElection21] INFO  server.RaftServer$Division (RaftServerImpl.java:setRole(285)) - 48a67b91-f7be-40c9-a901-78f22c1148cd@group-ACFDA5E70BED: changes role from CANDIDATE to FOLLOWER at term 3 for REJECTED
2021-08-31 13:04:03,640 [48a67b91-f7be-40c9-a901-78f22c1148cd@group-ACFDA5E70BED-LeaderElection21] INFO  impl.RoleInfo (RoleInfo.java:shutdownLeaderElection(121)) - 48a67b91-f7be-40c9-a901-78f22c1148cd: shutdown 48a67b91-f7be-40c9-a901-78f22c1148cd@group-ACFDA5E70BED-LeaderElection21
2021-08-31 13:04:03,640 [48a67b91-f7be-40c9-a901-78f22c1148cd@group-ACFDA5E70BED-LeaderElection21] INFO  impl.RoleInfo (RoleInfo.java:updateAndGet(130)) - 48a67b91-f7be-40c9-a901-78f22c1148cd: start 48a67b91-f7be-40c9-a901-78f22c1148cd@group-ACFDA5E70BED-FollowerState
2021-08-31 13:04:03,647 [grpc-default-executor-1] INFO  server.RaftServer$Division (RaftServerImpl.java:requestVote(1043)) - c1e41c75-4b16-43e8-a71d-6e9134c212c3@group-ACFDA5E70BED: receive requestVote(ELECTION, 48a67b91-f7be-40c9-a901-78f22c1148cd, group-ACFDA5E70BED, 3, (t:0, i:0))
2021-08-31 13:04:03,648 [grpc-default-executor-1] INFO  impl.VoteContext (VoteContext.java:log(48)) - c1e41c75-4b16-43e8-a71d-6e9134c212c3@group-ACFDA5E70BED-FOLLOWER: accept ELECTION from 48a67b91-f7be-40c9-a901-78f22c1148cd: our priority 0 <= candidate's priority 0
2021-08-31 13:04:03,648 [grpc-default-executor-1] INFO  server.RaftServer$Division (RaftServerImpl.java:setRole(285)) - c1e41c75-4b16-43e8-a71d-6e9134c212c3@group-ACFDA5E70BED: changes role from  FOLLOWER to FOLLOWER at term 3 for candidate:48a67b91-f7be-40c9-a901-78f22c1148cd
2021-08-31 13:04:03,648 [grpc-default-executor-1] INFO  impl.RoleInfo (RoleInfo.java:shutdownFollowerState(108)) - c1e41c75-4b16-43e8-a71d-6e9134c212c3: shutdown c1e41c75-4b16-43e8-a71d-6e9134c212c3@group-ACFDA5E70BED-FollowerState
2021-08-31 13:04:03,648 [grpc-default-executor-1] INFO  impl.RoleInfo (RoleInfo.java:updateAndGet(130)) - c1e41c75-4b16-43e8-a71d-6e9134c212c3: start c1e41c75-4b16-43e8-a71d-6e9134c212c3@group-ACFDA5E70BED-FollowerState
2021-08-31 13:04:03,648 [c1e41c75-4b16-43e8-a71d-6e9134c212c3@group-ACFDA5E70BED-FollowerState] INFO  impl.FollowerState (FollowerState.java:run(143)) - c1e41c75-4b16-43e8-a71d-6e9134c212c3@group-ACFDA5E70BED-FollowerState was interrupted: {}
java.lang.InterruptedException: sleep interrupted
	at java.lang.Thread.sleep(Native Method)
	at java.lang.Thread.sleep(Thread.java:340)
	at java.util.concurrent.TimeUnit.sleep(TimeUnit.java:386)
	at org.apache.ratis.util.TimeDuration.sleep(TimeDuration.java:324)
	at org.apache.ratis.util.TimeDuration.sleep(TimeDuration.java:309)
	at org.apache.ratis.server.impl.FollowerState.run(FollowerState.java:118)
2021-08-31 13:04:03,653 [grpc-default-executor-1] INFO  server.RaftServer$Division (RaftServerImpl.java:requestVote(1075)) - c1e41c75-4b16-43e8-a71d-6e9134c212c3@group-ACFDA5E70BED replies to ELECTION vote request: 48a67b91-f7be-40c9-a901-78f22c1148cd<-c1e41c75-4b16-43e8-a71d-6e9134c212c3#0:OK-t3. Peer's state: c1e41c75-4b16-43e8-a71d-6e9134c212c3@group-ACFDA5E70BED:t3, leader=null, voted=48a67b91-f7be-40c9-a901-78f22c1148cd, raftlog=c1e41c75-4b16-43e8-a71d-6e9134c212c3@group-ACFDA5E70BED-SegmentedRaftLog:OPENED:c-1,f-1,i0, conf=-1: [1a766833-fcfc-4255-a382-49e3d560613d|rpc:10.1.0.6:42143|dataStream:|priority:1, 48a67b91-f7be-40c9-a901-78f22c1148cd|rpc:10.1.0.6:46047|dataStream:|priority:0, c1e41c75-4b16-43e8-a71d-6e9134c212c3|rpc:10.1.0.6:40007|dataStream:|priority:0], old=null
2021-08-31 13:04:03,718 [Datanode State Machine Thread - 0] INFO  statemachine.DatanodeStateMachine (DatanodeStateMachine.java:lambda$startDaemon$0(457)) - Ozone container server started.
2021-08-31 13:04:04,782 [EventQueue-StaleNodeForStaleNodeHandler] INFO  node.StaleNodeHandler (StaleNodeHandler.java:onMessage(58)) - Datanode 940b181a-f656-490c-a8b1-afc5b8b121dc{ip: 10.1.0.6, host: fv-az151-142, ports: [REPLICATION=43363, RATIS=41423, RATIS_ADMIN=41423, RATIS_SERVER=41423, STANDALONE=45469], networkLocation: /default-rack, certSerialId: null, persistedOpState: IN_SERVICE, persistedOpStateExpiryEpochSec: 0} moved to stale state. Finalizing its pipelines [PipelineID=df4b5ad2-fca6-4234-b989-8f175209ae26, PipelineID=768da958-5b75-44d3-9687-792f18fa7a8a, PipelineID=bcca9cef-7c19-4c59-bfaa-862d64ef6f50]
2021-08-31 13:04:04,793 [EventQueue-StaleNodeForStaleNodeHandler] INFO  pipeline.PipelineManagerImpl (PipelineManagerImpl.java:closePipeline(342)) - Pipeline Pipeline[ Id: df4b5ad2-fca6-4234-b989-8f175209ae26, Nodes: 940b181a-f656-490c-a8b1-afc5b8b121dc{ip: 10.1.0.6, host: fv-az151-142, ports: [REPLICATION=43363, RATIS=41423, RATIS_ADMIN=41423, RATIS_SERVER=41423, STANDALONE=45469], networkLocation: /default-rack, certSerialId: null, persistedOpState: IN_SERVICE, persistedOpStateExpiryEpochSec: 0}fde2103a-ce00-4253-a576-ea8232893539{ip: 10.1.0.6, host: fv-az151-142, ports: [REPLICATION=36451, RATIS=43381, RATIS_ADMIN=43381, RATIS_SERVER=43381, STANDALONE=36577], networkLocation: /default-rack, certSerialId: null, persistedOpState: IN_SERVICE, persistedOpStateExpiryEpochSec: 0}41b49504-2605-44a7-8135-9defd08b62b0{ip: 10.1.0.6, host: fv-az151-142, ports: [REPLICATION=40545, RATIS=41505, RATIS_ADMIN=41505, RATIS_SERVER=41505, STANDALONE=40967], networkLocation: /default-rack, certSerialId: null, persistedOpState: IN_SERVICE, persistedOpStateExpiryEpochSec: 0}, ReplicationConfig: RATIS/THREE, State:OPEN, leaderId:41b49504-2605-44a7-8135-9defd08b62b0, CreationTimestamp2021-08-31T13:03:44.874Z[Etc/UTC]] moved to CLOSED state
2021-08-31 13:04:04,794 [EventQueue-StaleNodeForStaleNodeHandler] INFO  pipeline.PipelineManagerImpl (PipelineManagerImpl.java:closePipeline(342)) - Pipeline Pipeline[ Id: 768da958-5b75-44d3-9687-792f18fa7a8a, Nodes: 940b181a-f656-490c-a8b1-afc5b8b121dc{ip: 10.1.0.6, host: fv-az151-142, ports: [REPLICATION=43363, RATIS=41423, RATIS_ADMIN=41423, RATIS_SERVER=41423, STANDALONE=45469], networkLocation: /default-rack, certSerialId: null, persistedOpState: IN_SERVICE, persistedOpStateExpiryEpochSec: 0}, ReplicationConfig: RATIS/ONE, State:OPEN, leaderId:940b181a-f656-490c-a8b1-afc5b8b121dc, CreationTimestamp2021-08-31T13:03:44.395Z[Etc/UTC]] moved to CLOSED state
2021-08-31 13:04:04,794 [EventQueue-StaleNodeForStaleNodeHandler] INFO  pipeline.PipelineManagerImpl (PipelineManagerImpl.java:closePipeline(342)) - Pipeline Pipeline[ Id: bcca9cef-7c19-4c59-bfaa-862d64ef6f50, Nodes: 41b49504-2605-44a7-8135-9defd08b62b0{ip: 10.1.0.6, host: fv-az151-142, ports: [REPLICATION=40545, RATIS=41505, RATIS_ADMIN=41505, RATIS_SERVER=41505, STANDALONE=40967], networkLocation: /default-rack, certSerialId: null, persistedOpState: IN_SERVICE, persistedOpStateExpiryEpochSec: 0}fde2103a-ce00-4253-a576-ea8232893539{ip: 10.1.0.6, host: fv-az151-142, ports: [REPLICATION=36451, RATIS=43381, RATIS_ADMIN=43381, RATIS_SERVER=43381, STANDALONE=36577], networkLocation: /default-rack, certSerialId: null, persistedOpState: IN_SERVICE, persistedOpStateExpiryEpochSec: 0}940b181a-f656-490c-a8b1-afc5b8b121dc{ip: 10.1.0.6, host: fv-az151-142, ports: [REPLICATION=43363, RATIS=41423, RATIS_ADMIN=41423, RATIS_SERVER=41423, STANDALONE=45469], networkLocation: /default-rack, certSerialId: null, persistedOpState: IN_SERVICE, persistedOpStateExpiryEpochSec: 0}, ReplicationConfig: RATIS/THREE, State:ALLOCATED, leaderId:, CreationTimestamp2021-08-31T13:03:44.872Z[Etc/UTC]] moved to CLOSED state
2021-08-31 13:04:04,795 [EventQueue-CloseContainerForCloseContainerEventHandler] INFO  container.CloseContainerEventHandler (CloseContainerEventHandler.java:onMessage(69)) - Close container Event triggered for container : #1
2021-08-31 13:04:05,121 [grpc-default-executor-1] WARN  server.GrpcLogAppender (LogUtils.java:warn(122)) - 41b49504-2605-44a7-8135-9defd08b62b0@group-8F175209AE26->940b181a-f656-490c-a8b1-afc5b8b121dc-AppendLogResponseHandler: Failed appendEntries: org.apache.ratis.thirdparty.io.grpc.StatusRuntimeException: UNAVAILABLE: io exception
2021-08-31 13:04:05,122 [grpc-default-executor-1] INFO  leader.FollowerInfo (FollowerInfoImpl.java:lambda$new$0(46)) - 41b49504-2605-44a7-8135-9defd08b62b0@group-8F175209AE26->940b181a-f656-490c-a8b1-afc5b8b121dc: nextIndex: updateUnconditionally 16 -> 15
2021-08-31 13:04:06,723 [Datanode State Machine Thread - 0] WARN  statemachine.StateContext (StateContext.java:execute(621)) - No available thread in pool for past 1 seconds.
2021-08-31 13:04:06,730 [grpc-default-executor-1] WARN  server.GrpcLogAppender (LogUtils.java:warn(122)) - 41b49504-2605-44a7-8135-9defd08b62b0@group-8F175209AE26->940b181a-f656-490c-a8b1-afc5b8b121dc-AppendLogResponseHandler: Failed appendEntries: org.apache.ratis.thirdparty.io.grpc.StatusRuntimeException: UNAVAILABLE: io exception
2021-08-31 13:04:06,731 [grpc-default-executor-1] INFO  leader.FollowerInfo (FollowerInfoImpl.java:lambda$new$0(46)) - 41b49504-2605-44a7-8135-9defd08b62b0@group-8F175209AE26->940b181a-f656-490c-a8b1-afc5b8b121dc: nextIndex: updateUnconditionally 16 -> 15
2021-08-31 13:04:06,741 [grpc-default-executor-1] WARN  server.GrpcLogAppender (LogUtils.java:warn(122)) - 41b49504-2605-44a7-8135-9defd08b62b0@group-8F175209AE26->940b181a-f656-490c-a8b1-afc5b8b121dc-AppendLogResponseHandler: Failed appendEntries: org.apache.ratis.thirdparty.io.grpc.StatusRuntimeException: UNAVAILABLE: io exception
2021-08-31 13:04:06,742 [grpc-default-executor-1] INFO  leader.FollowerInfo (FollowerInfoImpl.java:lambda$new$0(46)) - 41b49504-2605-44a7-8135-9defd08b62b0@group-8F175209AE26->940b181a-f656-490c-a8b1-afc5b8b121dc: nextIndex: updateUnconditionally 16 -> 15
2021-08-31 13:04:06,745 [pool-183-thread-9] INFO  keyvalue.KeyValueContainer (KeyValueContainer.java:flushAndSyncDB(397)) - Container 1 is synced with bcsId 13.
2021-08-31 13:04:06,745 [pool-183-thread-9] INFO  keyvalue.KeyValueContainer (KeyValueContainer.java:flushAndSyncDB(397)) - Container 1 is synced with bcsId 13.
2021-08-31 13:04:06,749 [grpc-default-executor-1] WARN  server.GrpcLogAppender (LogUtils.java:warn(122)) - 41b49504-2605-44a7-8135-9defd08b62b0@group-8F175209AE26->940b181a-f656-490c-a8b1-afc5b8b121dc-AppendLogResponseHandler: Failed appendEntries: org.apache.ratis.thirdparty.io.grpc.StatusRuntimeException: UNAVAILABLE: io exception
2021-08-31 13:04:06,750 [grpc-default-executor-1] INFO  leader.FollowerInfo (FollowerInfoImpl.java:lambda$new$0(46)) - 41b49504-2605-44a7-8135-9defd08b62b0@group-8F175209AE26->940b181a-f656-490c-a8b1-afc5b8b121dc: nextIndex: updateUnconditionally 16 -> 15
2021-08-31 13:04:06,751 [pool-183-thread-9] INFO  keyvalue.KeyValueContainer (KeyValueContainer.java:close(334)) - Container 1 is closed with bcsId 13.
2021-08-31 13:04:06,751 [grpc-default-executor-0] WARN  server.GrpcLogAppender (LogUtils.java:warn(122)) - 41b49504-2605-44a7-8135-9defd08b62b0@group-8F175209AE26->940b181a-f656-490c-a8b1-afc5b8b121dc-AppendLogResponseHandler: Failed appendEntries: org.apache.ratis.thirdparty.io.grpc.StatusRuntimeException: UNAVAILABLE: io exception
2021-08-31 13:04:06,752 [grpc-default-executor-0] INFO  leader.FollowerInfo (FollowerInfoImpl.java:lambda$new$0(46)) - 41b49504-2605-44a7-8135-9defd08b62b0@group-8F175209AE26->940b181a-f656-490c-a8b1-afc5b8b121dc: nextIndex: updateUnconditionally 16 -> 15
2021-08-31 13:04:06,757 [Datanode State Machine Thread - 0] WARN  statemachine.StateContext (StateContext.java:execute(621)) - No available thread in pool for past 1 seconds.
2021-08-31 13:04:06,758 [EventQueue-IncrementalContainerReportForIncrementalContainerReportHandler] INFO  container.IncrementalContainerReportHandler (AbstractContainerReportHandler.java:updateContainerState(223)) - Moving container #1 to CLOSED state, datanode 41b49504-2605-44a7-8135-9defd08b62b0{ip: 10.1.0.6, host: fv-az151-142, ports: [REPLICATION=40545, RATIS=41505, RATIS_ADMIN=41505, RATIS_SERVER=41505, STANDALONE=40967], networkLocation: /default-rack, certSerialId: null, persistedOpState: IN_SERVICE, persistedOpStateExpiryEpochSec: 0} reported CLOSED replica.
2021-08-31 13:04:06,770 [pool-184-thread-9] INFO  keyvalue.KeyValueContainer (KeyValueContainer.java:flushAndSyncDB(397)) - Container 1 is synced with bcsId 13.
2021-08-31 13:04:06,771 [pool-184-thread-9] INFO  keyvalue.KeyValueContainer (KeyValueContainer.java:flushAndSyncDB(397)) - Container 1 is synced with bcsId 13.
2021-08-31 13:04:06,778 [pool-184-thread-9] INFO  keyvalue.KeyValueContainer (KeyValueContainer.java:close(334)) - Container 1 is closed with bcsId 13.
2021-08-31 13:04:07,618 [fde2103a-ce00-4253-a576-ea8232893539@group-862D64EF6F50-FollowerState] INFO  impl.FollowerState (FollowerState.java:run(134)) - fde2103a-ce00-4253-a576-ea8232893539@group-862D64EF6F50-FollowerState: change to CANDIDATE, lastRpcElapsedTime:7579262925ns, electionTimeout:5012ms
2021-08-31 13:04:07,618 [fde2103a-ce00-4253-a576-ea8232893539@group-862D64EF6F50-FollowerState] INFO  impl.RoleInfo (RoleInfo.java:shutdownFollowerState(108)) - fde2103a-ce00-4253-a576-ea8232893539: shutdown fde2103a-ce00-4253-a576-ea8232893539@group-862D64EF6F50-FollowerState
2021-08-31 13:04:07,618 [fde2103a-ce00-4253-a576-ea8232893539@group-862D64EF6F50-FollowerState] INFO  server.RaftServer$Division (RaftServerImpl.java:setRole(285)) - fde2103a-ce00-4253-a576-ea8232893539@group-862D64EF6F50: changes role from  FOLLOWER to CANDIDATE at term 2 for changeToCandidate
2021-08-31 13:04:07,618 [fde2103a-ce00-4253-a576-ea8232893539@group-862D64EF6F50-FollowerState] INFO  server.RaftServerConfigKeys (ConfUtils.java:logGet(44)) - raft.server.leaderelection.pre-vote = false (custom)
2021-08-31 13:04:07,618 [fde2103a-ce00-4253-a576-ea8232893539@group-862D64EF6F50-FollowerState] INFO  impl.RoleInfo (RoleInfo.java:updateAndGet(130)) - fde2103a-ce00-4253-a576-ea8232893539: start fde2103a-ce00-4253-a576-ea8232893539@group-862D64EF6F50-LeaderElection22
2021-08-31 13:04:07,625 [fde2103a-ce00-4253-a576-ea8232893539@group-862D64EF6F50-LeaderElection22] INFO  server.RaftServer$Division (ServerState.java:setLeader(285)) - fde2103a-ce00-4253-a576-ea8232893539@group-862D64EF6F50: change Leader from 940b181a-f656-490c-a8b1-afc5b8b121dc to null at term 2 for ELECTION
2021-08-31 13:04:07,627 [fde2103a-ce00-4253-a576-ea8232893539@group-862D64EF6F50-LeaderElection22] INFO  impl.LeaderElection (LeaderElection.java:askForVotes(306)) - fde2103a-ce00-4253-a576-ea8232893539@group-862D64EF6F50-LeaderElection22 ELECTION round 0: submit vote requests at term 3 for 0: [940b181a-f656-490c-a8b1-afc5b8b121dc|rpc:10.1.0.6:41423|dataStream:|priority:1, 41b49504-2605-44a7-8135-9defd08b62b0|rpc:10.1.0.6:41505|dataStream:|priority:0, fde2103a-ce00-4253-a576-ea8232893539|rpc:10.1.0.6:43381|dataStream:|priority:0], old=null
2021-08-31 13:04:07,639 [fde2103a-ce00-4253-a576-ea8232893539@group-862D64EF6F50-LeaderElection22] INFO  impl.LeaderElection (LogUtils.java:infoOrTrace(137)) - fde2103a-ce00-4253-a576-ea8232893539@group-862D64EF6F50-LeaderElection22 got exception when requesting votes: java.util.concurrent.ExecutionException: org.apache.ratis.thirdparty.io.grpc.StatusRuntimeException: UNAVAILABLE: io exception
2021-08-31 13:04:07,639 [grpc-default-executor-0] INFO  server.RaftServer$Division (RaftServerImpl.java:requestVote(1043)) - 41b49504-2605-44a7-8135-9defd08b62b0@group-862D64EF6F50: receive requestVote(ELECTION, fde2103a-ce00-4253-a576-ea8232893539, group-862D64EF6F50, 3, (t:2, i:0))
2021-08-31 13:04:07,640 [grpc-default-executor-0] INFO  impl.VoteContext (VoteContext.java:log(48)) - 41b49504-2605-44a7-8135-9defd08b62b0@group-862D64EF6F50-FOLLOWER: accept ELECTION from fde2103a-ce00-4253-a576-ea8232893539: our priority 0 <= candidate's priority 0
2021-08-31 13:04:07,640 [grpc-default-executor-0] INFO  server.RaftServer$Division (ServerState.java:setLeader(285)) - 41b49504-2605-44a7-8135-9defd08b62b0@group-862D64EF6F50: change Leader from 940b181a-f656-490c-a8b1-afc5b8b121dc to null at term 3 for updateCurrentTerm
2021-08-31 13:04:07,640 [grpc-default-executor-0] INFO  server.RaftServer$Division (RaftServerImpl.java:setRole(285)) - 41b49504-2605-44a7-8135-9defd08b62b0@group-862D64EF6F50: changes role from  FOLLOWER to FOLLOWER at term 3 for candidate:fde2103a-ce00-4253-a576-ea8232893539
2021-08-31 13:04:07,640 [grpc-default-executor-0] INFO  impl.RoleInfo (RoleInfo.java:shutdownFollowerState(108)) - 41b49504-2605-44a7-8135-9defd08b62b0: shutdown 41b49504-2605-44a7-8135-9defd08b62b0@group-862D64EF6F50-FollowerState
2021-08-31 13:04:07,640 [grpc-default-executor-0] INFO  impl.RoleInfo (RoleInfo.java:updateAndGet(130)) - 41b49504-2605-44a7-8135-9defd08b62b0: start 41b49504-2605-44a7-8135-9defd08b62b0@group-862D64EF6F50-FollowerState
2021-08-31 13:04:07,640 [41b49504-2605-44a7-8135-9defd08b62b0@group-862D64EF6F50-FollowerState] INFO  impl.FollowerState (FollowerState.java:run(143)) - 41b49504-2605-44a7-8135-9defd08b62b0@group-862D64EF6F50-FollowerState was interrupted: {}
java.lang.InterruptedException: sleep interrupted
	at java.lang.Thread.sleep(Native Method)
	at java.lang.Thread.sleep(Thread.java:340)
	at java.util.concurrent.TimeUnit.sleep(TimeUnit.java:386)
	at org.apache.ratis.util.TimeDuration.sleep(TimeDuration.java:324)
	at org.apache.ratis.util.TimeDuration.sleep(TimeDuration.java:309)
	at org.apache.ratis.server.impl.FollowerState.run(FollowerState.java:118)
2021-08-31 13:04:07,645 [grpc-default-executor-0] INFO  server.RaftServer$Division (RaftServerImpl.java:requestVote(1075)) - 41b49504-2605-44a7-8135-9defd08b62b0@group-862D64EF6F50 replies to ELECTION vote request: fde2103a-ce00-4253-a576-ea8232893539<-41b49504-2605-44a7-8135-9defd08b62b0#0:OK-t3. Peer's state: 41b49504-2605-44a7-8135-9defd08b62b0@group-862D64EF6F50:t3, leader=null, voted=fde2103a-ce00-4253-a576-ea8232893539, raftlog=41b49504-2605-44a7-8135-9defd08b62b0@group-862D64EF6F50-SegmentedRaftLog:OPENED:c0,f0,i0, conf=0: [940b181a-f656-490c-a8b1-afc5b8b121dc|rpc:10.1.0.6:41423|dataStream:|priority:1, 41b49504-2605-44a7-8135-9defd08b62b0|rpc:10.1.0.6:41505|dataStream:|priority:0, fde2103a-ce00-4253-a576-ea8232893539|rpc:10.1.0.6:43381|dataStream:|priority:0], old=null
2021-08-31 13:04:07,647 [fde2103a-ce00-4253-a576-ea8232893539@group-862D64EF6F50-LeaderElection22] INFO  impl.LeaderElection (LeaderElection.java:logAndReturn(89)) - fde2103a-ce00-4253-a576-ea8232893539@group-862D64EF6F50-LeaderElection22: ELECTION PASSED received 1 response(s) and 1 exception(s):
2021-08-31 13:04:07,647 [fde2103a-ce00-4253-a576-ea8232893539@group-862D64EF6F50-LeaderElection22] INFO  impl.LeaderElection (LeaderElection.java:logAndReturn(93)) -   Response 0: fde2103a-ce00-4253-a576-ea8232893539<-41b49504-2605-44a7-8135-9defd08b62b0#0:OK-t3
2021-08-31 13:04:07,647 [fde2103a-ce00-4253-a576-ea8232893539@group-862D64EF6F50-LeaderElection22] INFO  impl.LeaderElection (LogUtils.java:infoOrTrace(137)) -   Exception 1: java.util.concurrent.ExecutionException: org.apache.ratis.thirdparty.io.grpc.StatusRuntimeException: UNAVAILABLE: io exception
2021-08-31 13:04:07,647 [fde2103a-ce00-4253-a576-ea8232893539@group-862D64EF6F50-LeaderElection22] INFO  impl.LeaderElection (LeaderElection.java:askForVotes(308)) - fde2103a-ce00-4253-a576-ea8232893539@group-862D64EF6F50-LeaderElection22 ELECTION round 0: result PASSED
2021-08-31 13:04:07,647 [fde2103a-ce00-4253-a576-ea8232893539@group-862D64EF6F50-LeaderElection22] INFO  impl.RoleInfo (RoleInfo.java:shutdownLeaderElection(121)) - fde2103a-ce00-4253-a576-ea8232893539: shutdown fde2103a-ce00-4253-a576-ea8232893539@group-862D64EF6F50-LeaderElection22
2021-08-31 13:04:07,647 [fde2103a-ce00-4253-a576-ea8232893539@group-862D64EF6F50-LeaderElection22] INFO  server.RaftServer$Division (RaftServerImpl.java:setRole(285)) - fde2103a-ce00-4253-a576-ea8232893539@group-862D64EF6F50: changes role from CANDIDATE to LEADER at term 3 for changeToLeader
2021-08-31 13:04:07,647 [fde2103a-ce00-4253-a576-ea8232893539@group-862D64EF6F50-LeaderElection22] INFO  ratis.XceiverServerRatis (XceiverServerRatis.java:handleLeaderChangedNotification(861)) - Leader change notification received for group: group-862D64EF6F50 with new leaderId: fde2103a-ce00-4253-a576-ea8232893539
2021-08-31 13:04:07,648 [fde2103a-ce00-4253-a576-ea8232893539@group-862D64EF6F50-LeaderElection22] INFO  server.RaftServer$Division (ServerState.java:setLeader(285)) - fde2103a-ce00-4253-a576-ea8232893539@group-862D64EF6F50: change Leader from null to fde2103a-ce00-4253-a576-ea8232893539 at term 3 for becomeLeader, leader elected after 22ms
2021-08-31 13:04:07,648 [fde2103a-ce00-4253-a576-ea8232893539@group-862D64EF6F50-LeaderElection22] INFO  server.RaftServerConfigKeys (ConfUtils.java:logGet(44)) - raft.server.staging.catchup.gap = 1000 (default)
2021-08-31 13:04:07,648 [fde2103a-ce00-4253-a576-ea8232893539@group-862D64EF6F50-LeaderElection22] INFO  server.RaftServerConfigKeys (ConfUtils.java:logGet(44)) - raft.server.write.element-limit = 1024 (custom)
2021-08-31 13:04:07,648 [fde2103a-ce00-4253-a576-ea8232893539@group-862D64EF6F50-LeaderElection22] INFO  server.RaftServerConfigKeys (ConfUtils.java:logGet(44)) - raft.server.write.byte-limit = 1024 M (=1073741824) (custom)
2021-08-31 13:04:07,648 [fde2103a-ce00-4253-a576-ea8232893539@group-862D64EF6F50-LeaderElection22] INFO  server.RaftServerConfigKeys (ConfUtils.java:logGet(44)) - raft.server.watch.timeout = 3000ms (custom)
2021-08-31 13:04:07,648 [fde2103a-ce00-4253-a576-ea8232893539@group-862D64EF6F50-LeaderElection22] INFO  server.RaftServerConfigKeys (ConfUtils.java:logGet(44)) - raft.server.watch.timeout.denomination = 1s (default)
2021-08-31 13:04:07,648 [fde2103a-ce00-4253-a576-ea8232893539@group-862D64EF6F50-LeaderElection22] INFO  server.RaftServerConfigKeys (ConfUtils.java:logGet(44)) - raft.server.watch.element-limit = 65536 (default)
2021-08-31 13:04:07,648 [fde2103a-ce00-4253-a576-ea8232893539@group-862D64EF6F50-LeaderElection22] INFO  server.RaftServerConfigKeys (ConfUtils.java:logGet(44)) - raft.server.log.appender.snapshot.chunk.size.max = 16MB (=16777216) (default)
2021-08-31 13:04:07,649 [fde2103a-ce00-4253-a576-ea8232893539@group-862D64EF6F50-LeaderElection22] INFO  server.RaftServerConfigKeys (ConfUtils.java:logGet(44)) - raft.server.log.appender.buffer.byte-limit = 33554432 (custom)
2021-08-31 13:04:07,649 [fde2103a-ce00-4253-a576-ea8232893539@group-862D64EF6F50-LeaderElection22] INFO  server.RaftServerConfigKeys (ConfUtils.java:logGet(44)) - raft.server.log.appender.buffer.element-limit = 1 (custom)
2021-08-31 13:04:07,649 [fde2103a-ce00-4253-a576-ea8232893539@group-862D64EF6F50-LeaderElection22] INFO  grpc.GrpcConfigKeys (ConfUtils.java:logGet(44)) - raft.grpc.server.leader.outstanding.appends.max = 128 (default)
2021-08-31 13:04:07,649 [fde2103a-ce00-4253-a576-ea8232893539@group-862D64EF6F50-LeaderElection22] INFO  server.RaftServerConfigKeys (ConfUtils.java:logGet(44)) - raft.server.rpc.request.timeout = 3000ms (default)
2021-08-31 13:04:07,649 [fde2103a-ce00-4253-a576-ea8232893539@group-862D64EF6F50-LeaderElection22] INFO  server.RaftServerConfigKeys (ConfUtils.java:logGet(44)) - raft.server.log.appender.install.snapshot.enabled = false (custom)
2021-08-31 13:04:07,649 [fde2103a-ce00-4253-a576-ea8232893539@group-862D64EF6F50-LeaderElection22] INFO  server.RaftServerConfigKeys (ConfUtils.java:logGet(44)) - raft.server.log.appender.snapshot.chunk.size.max = 16MB (=16777216) (default)
2021-08-31 13:04:07,649 [fde2103a-ce00-4253-a576-ea8232893539@group-862D64EF6F50-LeaderElection22] INFO  server.RaftServerConfigKeys (ConfUtils.java:logGet(44)) - raft.server.log.appender.buffer.byte-limit = 33554432 (custom)
2021-08-31 13:04:07,650 [fde2103a-ce00-4253-a576-ea8232893539@group-862D64EF6F50-LeaderElection22] INFO  server.RaftServerConfigKeys (ConfUtils.java:logGet(44)) - raft.server.log.appender.buffer.element-limit = 1 (custom)
2021-08-31 13:04:07,650 [fde2103a-ce00-4253-a576-ea8232893539@group-862D64EF6F50-LeaderElection22] INFO  grpc.GrpcConfigKeys (ConfUtils.java:logGet(44)) - raft.grpc.server.leader.outstanding.appends.max = 128 (default)
2021-08-31 13:04:07,650 [fde2103a-ce00-4253-a576-ea8232893539@group-862D64EF6F50-LeaderElection22] INFO  server.RaftServerConfigKeys (ConfUtils.java:logGet(44)) - raft.server.rpc.request.timeout = 3000ms (default)
2021-08-31 13:04:07,650 [fde2103a-ce00-4253-a576-ea8232893539@group-862D64EF6F50-LeaderElection22] INFO  server.RaftServerConfigKeys (ConfUtils.java:logGet(44)) - raft.server.log.appender.install.snapshot.enabled = false (custom)
2021-08-31 13:04:07,650 [fde2103a-ce00-4253-a576-ea8232893539@group-862D64EF6F50-LeaderElection22] INFO  impl.RoleInfo (RoleInfo.java:updateAndGet(130)) - fde2103a-ce00-4253-a576-ea8232893539: start fde2103a-ce00-4253-a576-ea8232893539@group-862D64EF6F50-LeaderStateImpl
2021-08-31 13:04:07,651 [fde2103a-ce00-4253-a576-ea8232893539@group-862D64EF6F50-LeaderElection22] INFO  segmented.SegmentedRaftLogWorker (SegmentedRaftLogWorker.java:rollLogSegment(399)) - fde2103a-ce00-4253-a576-ea8232893539@group-862D64EF6F50-SegmentedRaftLogWorker: Rolling segment log-0_0 to index:0
2021-08-31 13:04:07,652 [fde2103a-ce00-4253-a576-ea8232893539@group-862D64EF6F50-SegmentedRaftLogWorker] INFO  segmented.SegmentedRaftLogWorker (SegmentedRaftLogWorker.java:execute(558)) - fde2103a-ce00-4253-a576-ea8232893539@group-862D64EF6F50-SegmentedRaftLogWorker: Rolled log segment from /home/runner/work/ozone/ozone/hadoop-ozone/integration-test/target/test-dir/MiniOzoneClusterImpl-24712a27-71f7-429c-8ffb-97a1a53f740d/datanode-0/data/ratis/bcca9cef-7c19-4c59-bfaa-862d64ef6f50/current/log_inprogress_0 to /home/runner/work/ozone/ozone/hadoop-ozone/integration-test/target/test-dir/MiniOzoneClusterImpl-24712a27-71f7-429c-8ffb-97a1a53f740d/datanode-0/data/ratis/bcca9cef-7c19-4c59-bfaa-862d64ef6f50/current/log_0-0
2021-08-31 13:04:07,654 [fde2103a-ce00-4253-a576-ea8232893539@group-862D64EF6F50-SegmentedRaftLogWorker] INFO  segmented.SegmentedRaftLogWorker (SegmentedRaftLogWorker.java:execute(601)) - fde2103a-ce00-4253-a576-ea8232893539@group-862D64EF6F50-SegmentedRaftLogWorker: created new log segment /home/runner/work/ozone/ozone/hadoop-ozone/integration-test/target/test-dir/MiniOzoneClusterImpl-24712a27-71f7-429c-8ffb-97a1a53f740d/datanode-0/data/ratis/bcca9cef-7c19-4c59-bfaa-862d64ef6f50/current/log_inprogress_1
2021-08-31 13:04:07,659 [grpc-default-executor-0] WARN  server.GrpcLogAppender (LogUtils.java:warn(122)) - fde2103a-ce00-4253-a576-ea8232893539@group-862D64EF6F50->940b181a-f656-490c-a8b1-afc5b8b121dc-AppendLogResponseHandler: Failed appendEntries: org.apache.ratis.thirdparty.io.grpc.StatusRuntimeException: UNAVAILABLE: io exception
2021-08-31 13:04:07,675 [fde2103a-ce00-4253-a576-ea8232893539@group-862D64EF6F50-LeaderElection22] INFO  server.RaftServer$Division (ServerState.java:setRaftConf(387)) - fde2103a-ce00-4253-a576-ea8232893539@group-862D64EF6F50: set configuration 1: [940b181a-f656-490c-a8b1-afc5b8b121dc|rpc:10.1.0.6:41423|dataStream:|priority:1, 41b49504-2605-44a7-8135-9defd08b62b0|rpc:10.1.0.6:41505|dataStream:|priority:0, fde2103a-ce00-4253-a576-ea8232893539|rpc:10.1.0.6:43381|dataStream:|priority:0], old=null
2021-08-31 13:04:07,677 [grpc-default-executor-0] WARN  server.GrpcLogAppender (GrpcLogAppender.java:resetClient(111)) - fde2103a-ce00-4253-a576-ea8232893539@group-862D64EF6F50->940b181a-f656-490c-a8b1-afc5b8b121dc-GrpcLogAppender: Leader has not got in touch with Follower fde2103a-ce00-4253-a576-ea8232893539@group-862D64EF6F50->940b181a-f656-490c-a8b1-afc5b8b121dc(c-1,m0,n2, attendVote=true, lastRpcSendTime=9, lastRpcResponseTime=5228) yet, just keep nextIndex unchanged and retry.
2021-08-31 13:04:07,679 [grpc-default-executor-0] INFO  ratis.XceiverServerRatis (XceiverServerRatis.java:handleLeaderChangedNotification(861)) - Leader change notification received for group: group-862D64EF6F50 with new leaderId: fde2103a-ce00-4253-a576-ea8232893539
2021-08-31 13:04:07,679 [grpc-default-executor-0] INFO  server.RaftServer$Division (ServerState.java:setLeader(285)) - 41b49504-2605-44a7-8135-9defd08b62b0@group-862D64EF6F50: change Leader from null to fde2103a-ce00-4253-a576-ea8232893539 at term 3 for appendEntries, leader elected after 39ms
2021-08-31 13:04:07,679 [grpc-default-executor-0] INFO  server.RaftServer$Division (ServerState.java:setRaftConf(387)) - 41b49504-2605-44a7-8135-9defd08b62b0@group-862D64EF6F50: set configuration 1: [940b181a-f656-490c-a8b1-afc5b8b121dc|rpc:10.1.0.6:41423|dataStream:|priority:1, 41b49504-2605-44a7-8135-9defd08b62b0|rpc:10.1.0.6:41505|dataStream:|priority:0, fde2103a-ce00-4253-a576-ea8232893539|rpc:10.1.0.6:43381|dataStream:|priority:0], old=null
2021-08-31 13:04:07,680 [grpc-default-executor-0] INFO  segmented.SegmentedRaftLogWorker (SegmentedRaftLogWorker.java:rollLogSegment(399)) - 41b49504-2605-44a7-8135-9defd08b62b0@group-862D64EF6F50-SegmentedRaftLogWorker: Rolling segment log-0_0 to index:0
2021-08-31 13:04:07,680 [41b49504-2605-44a7-8135-9defd08b62b0@group-862D64EF6F50-SegmentedRaftLogWorker] INFO  segmented.SegmentedRaftLogWorker (SegmentedRaftLogWorker.java:execute(558)) - 41b49504-2605-44a7-8135-9defd08b62b0@group-862D64EF6F50-SegmentedRaftLogWorker: Rolled log segment from /home/runner/work/ozone/ozone/hadoop-ozone/integration-test/target/test-dir/MiniOzoneClusterImpl-24712a27-71f7-429c-8ffb-97a1a53f740d/datanode-2/data/ratis/bcca9cef-7c19-4c59-bfaa-862d64ef6f50/current/log_inprogress_0 to /home/runner/work/ozone/ozone/hadoop-ozone/integration-test/target/test-dir/MiniOzoneClusterImpl-24712a27-71f7-429c-8ffb-97a1a53f740d/datanode-2/data/ratis/bcca9cef-7c19-4c59-bfaa-862d64ef6f50/current/log_0-0
2021-08-31 13:04:07,682 [41b49504-2605-44a7-8135-9defd08b62b0@group-862D64EF6F50-SegmentedRaftLogWorker] INFO  segmented.SegmentedRaftLogWorker (SegmentedRaftLogWorker.java:execute(601)) - 41b49504-2605-44a7-8135-9defd08b62b0@group-862D64EF6F50-SegmentedRaftLogWorker: created new log segment /home/runner/work/ozone/ozone/hadoop-ozone/integration-test/target/test-dir/MiniOzoneClusterImpl-24712a27-71f7-429c-8ffb-97a1a53f740d/datanode-2/data/ratis/bcca9cef-7c19-4c59-bfaa-862d64ef6f50/current/log_inprogress_1
2021-08-31 13:04:07,700 [grpc-default-executor-0] WARN  server.GrpcLogAppender (LogUtils.java:warn(122)) - fde2103a-ce00-4253-a576-ea8232893539@group-862D64EF6F50->940b181a-f656-490c-a8b1-afc5b8b121dc-AppendLogResponseHandler: Failed appendEntries: org.apache.ratis.thirdparty.io.grpc.StatusRuntimeException: UNAVAILABLE: io exception
2021-08-31 13:04:07,700 [grpc-default-executor-0] WARN  server.GrpcLogAppender (GrpcLogAppender.java:resetClient(111)) - fde2103a-ce00-4253-a576-ea8232893539@group-862D64EF6F50->940b181a-f656-490c-a8b1-afc5b8b121dc-GrpcLogAppender: Leader has not got in touch with Follower fde2103a-ce00-4253-a576-ea8232893539@group-862D64EF6F50->940b181a-f656-490c-a8b1-afc5b8b121dc(c-1,m0,n3, attendVote=true, lastRpcSendTime=33, lastRpcResponseTime=5251) yet, just keep nextIndex unchanged and retry.
2021-08-31 13:04:08,153 [Listener at 127.0.0.1/38495] INFO  ozoneimpl.OzoneContainer (OzoneContainer.java:stop(326)) - Attempting to stop container services.
2021-08-31 13:04:08,154 [Listener at 127.0.0.1/38495] INFO  server.RaftServer (RaftServerProxy.java:lambda$close$6(391)) - fde2103a-ce00-4253-a576-ea8232893539: close
2021-08-31 13:04:08,163 [Listener at 127.0.0.1/38495] INFO  server.RaftServer$Division (RaftServerImpl.java:lambda$close$4(407)) - fde2103a-ce00-4253-a576-ea8232893539@group-74E31EBC5B11: shutdown
2021-08-31 13:04:08,163 [Listener at 127.0.0.1/38495] INFO  util.JmxRegister (JmxRegister.java:unregister(73)) - Successfully un-registered JMX Bean with object name Ratis:service=RaftServer,group=group-74E31EBC5B11,id=fde2103a-ce00-4253-a576-ea8232893539
2021-08-31 13:04:08,163 [Listener at 127.0.0.1/38495] INFO  impl.RoleInfo (RoleInfo.java:shutdownLeaderState(91)) - fde2103a-ce00-4253-a576-ea8232893539: shutdown fde2103a-ce00-4253-a576-ea8232893539@group-74E31EBC5B11-LeaderStateImpl
2021-08-31 13:04:08,163 [Listener at 127.0.0.1/38495] INFO  impl.PendingRequests (PendingRequests.java:sendNotLeaderResponses(282)) - fde2103a-ce00-4253-a576-ea8232893539@group-74E31EBC5B11-PendingRequests: sendNotLeaderResponses
2021-08-31 13:04:08,164 [Listener at 127.0.0.1/38495] INFO  impl.StateMachineUpdater (StateMachineUpdater.java:stopAndJoin(149)) - fde2103a-ce00-4253-a576-ea8232893539@group-74E31EBC5B11-StateMachineUpdater: set stopIndex = 0
2021-08-31 13:04:08,164 [fde2103a-ce00-4253-a576-ea8232893539@group-74E31EBC5B11-StateMachineUpdater] INFO  ratis.ContainerStateMachine (ContainerStateMachine.java:takeSnapshot(292)) - group-74E31EBC5B11: Taking a snapshot at:(t:1, i:0) file /home/runner/work/ozone/ozone/hadoop-ozone/integration-test/target/test-dir/MiniOzoneClusterImpl-24712a27-71f7-429c-8ffb-97a1a53f740d/datanode-0/data/ratis/4fe733f3-64a3-4a2c-96ed-74e31ebc5b11/sm/snapshot.1_0
2021-08-31 13:04:08,165 [fde2103a-ce00-4253-a576-ea8232893539@group-74E31EBC5B11-StateMachineUpdater] INFO  ratis.ContainerStateMachine (ContainerStateMachine.java:takeSnapshot(303)) - group-74E31EBC5B11: Finished taking a snapshot at:(t:1, i:0) file:/home/runner/work/ozone/ozone/hadoop-ozone/integration-test/target/test-dir/MiniOzoneClusterImpl-24712a27-71f7-429c-8ffb-97a1a53f740d/datanode-0/data/ratis/4fe733f3-64a3-4a2c-96ed-74e31ebc5b11/sm/snapshot.1_0 took: 1 ms
2021-08-31 13:04:08,166 [fde2103a-ce00-4253-a576-ea8232893539@group-74E31EBC5B11-StateMachineUpdater] INFO  impl.StateMachineUpdater (StateMachineUpdater.java:takeSnapshot(281)) - fde2103a-ce00-4253-a576-ea8232893539@group-74E31EBC5B11-StateMachineUpdater: Took a snapshot at index 0
2021-08-31 13:04:08,166 [fde2103a-ce00-4253-a576-ea8232893539@group-74E31EBC5B11-StateMachineUpdater] INFO  impl.StateMachineUpdater (StateMachineUpdater.java:lambda$new$0(89)) - fde2103a-ce00-4253-a576-ea8232893539@group-74E31EBC5B11-StateMachineUpdater: snapshotIndex: updateIncreasingly -1 -> 0
2021-08-31 13:04:08,166 [Listener at 127.0.0.1/38495] INFO  server.RaftServer$Division (ServerState.java:close(419)) - fde2103a-ce00-4253-a576-ea8232893539@group-74E31EBC5B11: closes. applyIndex: 0
2021-08-31 13:04:08,167 [fde2103a-ce00-4253-a576-ea8232893539@group-74E31EBC5B11-SegmentedRaftLogWorker] INFO  segmented.SegmentedRaftLogWorker (SegmentedRaftLogWorker.java:run(327)) - fde2103a-ce00-4253-a576-ea8232893539@group-74E31EBC5B11-SegmentedRaftLogWorker was interrupted, exiting. There are 0 tasks remaining in the queue.
2021-08-31 13:04:08,172 [Listener at 127.0.0.1/38495] INFO  segmented.SegmentedRaftLogWorker (SegmentedRaftLogWorker.java:close(237)) - fde2103a-ce00-4253-a576-ea8232893539@group-74E31EBC5B11-SegmentedRaftLogWorker close()
2021-08-31 13:04:08,173 [Listener at 127.0.0.1/38495] INFO  server.RaftServer$Division (RaftServerImpl.java:lambda$close$4(407)) - fde2103a-ce00-4253-a576-ea8232893539@group-8F175209AE26: shutdown
2021-08-31 13:04:08,173 [Listener at 127.0.0.1/38495] INFO  util.JmxRegister (JmxRegister.java:unregister(73)) - Successfully un-registered JMX Bean with object name Ratis:service=RaftServer,group=group-8F175209AE26,id=fde2103a-ce00-4253-a576-ea8232893539
2021-08-31 13:04:08,173 [Listener at 127.0.0.1/38495] INFO  impl.RoleInfo (RoleInfo.java:shutdownFollowerState(108)) - fde2103a-ce00-4253-a576-ea8232893539: shutdown fde2103a-ce00-4253-a576-ea8232893539@group-8F175209AE26-FollowerState
2021-08-31 13:04:08,173 [Listener at 127.0.0.1/38495] INFO  impl.StateMachineUpdater (StateMachineUpdater.java:stopAndJoin(149)) - fde2103a-ce00-4253-a576-ea8232893539@group-8F175209AE26-StateMachineUpdater: set stopIndex = 16
2021-08-31 13:04:08,175 [fde2103a-ce00-4253-a576-ea8232893539@group-8F175209AE26-FollowerState] INFO  impl.FollowerState (FollowerState.java:run(143)) - fde2103a-ce00-4253-a576-ea8232893539@group-8F175209AE26-FollowerState was interrupted: {}
java.lang.InterruptedException: sleep interrupted
	at java.lang.Thread.sleep(Native Method)
	at java.lang.Thread.sleep(Thread.java:340)
	at java.util.concurrent.TimeUnit.sleep(TimeUnit.java:386)
	at org.apache.ratis.util.TimeDuration.sleep(TimeDuration.java:324)
	at org.apache.ratis.util.TimeDuration.sleep(TimeDuration.java:309)
	at org.apache.ratis.server.impl.FollowerState.run(FollowerState.java:118)
2021-08-31 13:04:08,175 [fde2103a-ce00-4253-a576-ea8232893539@group-8F175209AE26-StateMachineUpdater] INFO  ratis.ContainerStateMachine (ContainerStateMachine.java:takeSnapshot(292)) - group-8F175209AE26: Taking a snapshot at:(t:1, i:16) file /home/runner/work/ozone/ozone/hadoop-ozone/integration-test/target/test-dir/MiniOzoneClusterImpl-24712a27-71f7-429c-8ffb-97a1a53f740d/datanode-0/data/ratis/df4b5ad2-fca6-4234-b989-8f175209ae26/sm/snapshot.1_16
2021-08-31 13:04:08,177 [fde2103a-ce00-4253-a576-ea8232893539@group-8F175209AE26-StateMachineUpdater] INFO  ratis.ContainerStateMachine (ContainerStateMachine.java:takeSnapshot(303)) - group-8F175209AE26: Finished taking a snapshot at:(t:1, i:16) file:/home/runner/work/ozone/ozone/hadoop-ozone/integration-test/target/test-dir/MiniOzoneClusterImpl-24712a27-71f7-429c-8ffb-97a1a53f740d/datanode-0/data/ratis/df4b5ad2-fca6-4234-b989-8f175209ae26/sm/snapshot.1_16 took: 2 ms
2021-08-31 13:04:08,177 [fde2103a-ce00-4253-a576-ea8232893539@group-8F175209AE26-StateMachineUpdater] INFO  impl.StateMachineUpdater (StateMachineUpdater.java:takeSnapshot(281)) - fde2103a-ce00-4253-a576-ea8232893539@group-8F175209AE26-StateMachineUpdater: Took a snapshot at index 16
2021-08-31 13:04:08,177 [fde2103a-ce00-4253-a576-ea8232893539@group-8F175209AE26-StateMachineUpdater] INFO  impl.StateMachineUpdater (StateMachineUpdater.java:lambda$new$0(89)) - fde2103a-ce00-4253-a576-ea8232893539@group-8F175209AE26-StateMachineUpdater: snapshotIndex: updateIncreasingly -1 -> 16
2021-08-31 13:04:08,178 [Listener at 127.0.0.1/38495] INFO  server.RaftServer$Division (ServerState.java:close(419)) - fde2103a-ce00-4253-a576-ea8232893539@group-8F175209AE26: closes. applyIndex: 16
2021-08-31 13:04:08,178 [fde2103a-ce00-4253-a576-ea8232893539@group-8F175209AE26-SegmentedRaftLogWorker] INFO  segmented.SegmentedRaftLogWorker (SegmentedRaftLogWorker.java:run(327)) - fde2103a-ce00-4253-a576-ea8232893539@group-8F175209AE26-SegmentedRaftLogWorker was interrupted, exiting. There are 0 tasks remaining in the queue.
2021-08-31 13:04:08,181 [Listener at 127.0.0.1/38495] INFO  segmented.SegmentedRaftLogWorker (SegmentedRaftLogWorker.java:close(237)) - fde2103a-ce00-4253-a576-ea8232893539@group-8F175209AE26-SegmentedRaftLogWorker close()
2021-08-31 13:04:08,191 [Listener at 127.0.0.1/38495] INFO  server.RaftServer$Division (RaftServerImpl.java:lambda$close$4(407)) - fde2103a-ce00-4253-a576-ea8232893539@group-862D64EF6F50: shutdown
2021-08-31 13:04:08,192 [Listener at 127.0.0.1/38495] INFO  util.JmxRegister (JmxRegister.java:unregister(73)) - Successfully un-registered JMX Bean with object name Ratis:service=RaftServer,group=group-862D64EF6F50,id=fde2103a-ce00-4253-a576-ea8232893539
2021-08-31 13:04:08,192 [Listener at 127.0.0.1/38495] INFO  impl.RoleInfo (RoleInfo.java:shutdownLeaderState(91)) - fde2103a-ce00-4253-a576-ea8232893539: shutdown fde2103a-ce00-4253-a576-ea8232893539@group-862D64EF6F50-LeaderStateImpl
2021-08-31 13:04:08,192 [Listener at 127.0.0.1/38495] INFO  impl.PendingRequests (PendingRequests.java:sendNotLeaderResponses(282)) - fde2103a-ce00-4253-a576-ea8232893539@group-862D64EF6F50-PendingRequests: sendNotLeaderResponses
2021-08-31 13:04:08,192 [fde2103a-ce00-4253-a576-ea8232893539@group-862D64EF6F50->41b49504-2605-44a7-8135-9defd08b62b0-GrpcLogAppender-LogAppenderDaemon] WARN  server.GrpcLogAppender (GrpcLogAppender.java:mayWait(175)) - fde2103a-ce00-4253-a576-ea8232893539@group-862D64EF6F50->41b49504-2605-44a7-8135-9defd08b62b0-GrpcLogAppender: Wait interrupted by java.lang.InterruptedException
2021-08-31 13:04:08,197 [Listener at 127.0.0.1/38495] INFO  impl.StateMachineUpdater (StateMachineUpdater.java:stopAndJoin(149)) - fde2103a-ce00-4253-a576-ea8232893539@group-862D64EF6F50-StateMachineUpdater: set stopIndex = 2
2021-08-31 13:04:08,197 [grpc-default-executor-0] INFO  server.GrpcServerProtocolService (GrpcServerProtocolService.java:onCompleted(140)) - 41b49504-2605-44a7-8135-9defd08b62b0: Completed APPEND_ENTRIES, lastRequest: fde2103a-ce00-4253-a576-ea8232893539->41b49504-2605-44a7-8135-9defd08b62b0#2-t3,previous=(t:3, i:1),leaderCommit=1,initializing? true,entries: size=1, first=(t:3, i:2), METADATAENTRY(c:1)
2021-08-31 13:04:08,197 [fde2103a-ce00-4253-a576-ea8232893539@group-862D64EF6F50-StateMachineUpdater] INFO  ratis.ContainerStateMachine (ContainerStateMachine.java:takeSnapshot(292)) - group-862D64EF6F50: Taking a snapshot at:(t:3, i:2) file /home/runner/work/ozone/ozone/hadoop-ozone/integration-test/target/test-dir/MiniOzoneClusterImpl-24712a27-71f7-429c-8ffb-97a1a53f740d/datanode-0/data/ratis/bcca9cef-7c19-4c59-bfaa-862d64ef6f50/sm/snapshot.3_2
2021-08-31 13:04:08,199 [grpc-default-executor-1] INFO  server.GrpcLogAppender (GrpcLogAppender.java:onCompleted(344)) - fde2103a-ce00-4253-a576-ea8232893539@group-862D64EF6F50->41b49504-2605-44a7-8135-9defd08b62b0-AppendLogResponseHandler: follower responses appendEntries COMPLETED
2021-08-31 13:04:08,199 [grpc-default-executor-1] INFO  leader.FollowerInfo (FollowerInfoImpl.java:lambda$new$0(46)) - fde2103a-ce00-4253-a576-ea8232893539@group-862D64EF6F50->41b49504-2605-44a7-8135-9defd08b62b0: nextIndex: updateUnconditionally 3 -> 2
2021-08-31 13:04:08,199 [fde2103a-ce00-4253-a576-ea8232893539@group-862D64EF6F50-StateMachineUpdater] INFO  ratis.ContainerStateMachine (ContainerStateMachine.java:takeSnapshot(303)) - group-862D64EF6F50: Finished taking a snapshot at:(t:3, i:2) file:/home/runner/work/ozone/ozone/hadoop-ozone/integration-test/target/test-dir/MiniOzoneClusterImpl-24712a27-71f7-429c-8ffb-97a1a53f740d/datanode-0/data/ratis/bcca9cef-7c19-4c59-bfaa-862d64ef6f50/sm/snapshot.3_2 took: 1 ms
2021-08-31 13:04:08,199 [fde2103a-ce00-4253-a576-ea8232893539@group-862D64EF6F50-StateMachineUpdater] INFO  impl.StateMachineUpdater (StateMachineUpdater.java:takeSnapshot(281)) - fde2103a-ce00-4253-a576-ea8232893539@group-862D64EF6F50-StateMachineUpdater: Took a snapshot at index 2
2021-08-31 13:04:08,199 [fde2103a-ce00-4253-a576-ea8232893539@group-862D64EF6F50-StateMachineUpdater] INFO  impl.StateMachineUpdater (StateMachineUpdater.java:lambda$new$0(89)) - fde2103a-ce00-4253-a576-ea8232893539@group-862D64EF6F50-StateMachineUpdater: snapshotIndex: updateIncreasingly -1 -> 2
2021-08-31 13:04:08,199 [Listener at 127.0.0.1/38495] INFO  server.RaftServer$Division (ServerState.java:close(419)) - fde2103a-ce00-4253-a576-ea8232893539@group-862D64EF6F50: closes. applyIndex: 2
2021-08-31 13:04:08,200 [fde2103a-ce00-4253-a576-ea8232893539@group-862D64EF6F50-SegmentedRaftLogWorker] INFO  segmented.SegmentedRaftLogWorker (SegmentedRaftLogWorker.java:run(327)) - fde2103a-ce00-4253-a576-ea8232893539@group-862D64EF6F50-SegmentedRaftLogWorker was interrupted, exiting. There are 0 tasks remaining in the queue.
2021-08-31 13:04:08,210 [Listener at 127.0.0.1/38495] INFO  segmented.SegmentedRaftLogWorker (SegmentedRaftLogWorker.java:close(237)) - fde2103a-ce00-4253-a576-ea8232893539@group-862D64EF6F50-SegmentedRaftLogWorker close()
2021-08-31 13:04:08,212 [Listener at 127.0.0.1/38495] INFO  server.GrpcService (GrpcService.java:closeImpl(262)) - fde2103a-ce00-4253-a576-ea8232893539: shutdown server with port 43381 now
2021-08-31 13:04:08,214 [grpc-default-executor-0] WARN  server.GrpcLogAppender (LogUtils.java:warn(122)) - 41b49504-2605-44a7-8135-9defd08b62b0@group-8F175209AE26->fde2103a-ce00-4253-a576-ea8232893539-AppendLogResponseHandler: Failed appendEntries: org.apache.ratis.thirdparty.io.grpc.StatusRuntimeException: CANCELLED: HTTP/2 error code: CANCEL
Received Rst Stream
2021-08-31 13:04:08,214 [grpc-default-executor-0] INFO  leader.FollowerInfo (FollowerInfoImpl.java:lambda$new$0(46)) - 41b49504-2605-44a7-8135-9defd08b62b0@group-8F175209AE26->fde2103a-ce00-4253-a576-ea8232893539: nextIndex: updateUnconditionally 18 -> 17
2021-08-31 13:04:08,214 [grpc-default-executor-1] WARN  server.GrpcServerProtocolService (LogUtils.java:warn(122)) - fde2103a-ce00-4253-a576-ea8232893539: installSnapshot onError, lastRequest: 41b49504-2605-44a7-8135-9defd08b62b0->fde2103a-ce00-4253-a576-ea8232893539#302-t1,previous=(t:1, i:16),leaderCommit=16,initializing? true,entries: size=1, first=(t:1, i:17), METADATAENTRY(c:16): org.apache.ratis.thirdparty.io.grpc.StatusRuntimeException: CANCELLED: client cancelled
2021-08-31 13:04:08,217 [Listener at 127.0.0.1/38495] INFO  server.GrpcService (GrpcService.java:closeImpl(271)) - fde2103a-ce00-4253-a576-ea8232893539: shutdown server with port 43381 successfully
2021-08-31 13:04:08,217 [org.apache.ratis.util.JvmPauseMonitor$$Lambda$532/1334813823@68c9b37a] INFO  util.JvmPauseMonitor (JvmPauseMonitor.java:run(109)) - JvmPauseMonitor-fde2103a-ce00-4253-a576-ea8232893539: Stopped
2021-08-31 13:04:08,218 [Listener at 127.0.0.1/38495] INFO  utils.BackgroundService (BackgroundService.java:shutdown(132)) - Shutting down service BlockDeletingService
2021-08-31 13:04:08,225 [grpc-default-executor-0] WARN  server.GrpcLogAppender (LogUtils.java:warn(122)) - 41b49504-2605-44a7-8135-9defd08b62b0@group-8F175209AE26->fde2103a-ce00-4253-a576-ea8232893539-AppendLogResponseHandler: Failed appendEntries: org.apache.ratis.thirdparty.io.grpc.StatusRuntimeException: UNAVAILABLE: io exception
2021-08-31 13:04:08,225 [grpc-default-executor-0] INFO  leader.FollowerInfo (FollowerInfoImpl.java:lambda$new$0(46)) - 41b49504-2605-44a7-8135-9defd08b62b0@group-8F175209AE26->fde2103a-ce00-4253-a576-ea8232893539: nextIndex: updateUnconditionally 18 -> 17
2021-08-31 13:04:08,468 [1a766833-fcfc-4255-a382-49e3d560613d@group-137DB946C243-FollowerState] INFO  impl.FollowerState (FollowerState.java:run(134)) - 1a766833-fcfc-4255-a382-49e3d560613d@group-137DB946C243-FollowerState: change to CANDIDATE, lastRpcElapsedTime:5071217120ns, electionTimeout:5060ms
2021-08-31 13:04:08,468 [1a766833-fcfc-4255-a382-49e3d560613d@group-137DB946C243-FollowerState] INFO  impl.RoleInfo (RoleInfo.java:shutdownFollowerState(108)) - 1a766833-fcfc-4255-a382-49e3d560613d: shutdown 1a766833-fcfc-4255-a382-49e3d560613d@group-137DB946C243-FollowerState
2021-08-31 13:04:08,468 [c1e41c75-4b16-43e8-a71d-6e9134c212c3@group-137DB946C243-FollowerState] INFO  impl.FollowerState (FollowerState.java:run(134)) - c1e41c75-4b16-43e8-a71d-6e9134c212c3@group-137DB946C243-FollowerState: change to CANDIDATE, lastRpcElapsedTime:5081117269ns, electionTimeout:5073ms
2021-08-31 13:04:08,468 [c1e41c75-4b16-43e8-a71d-6e9134c212c3@group-137DB946C243-FollowerState] INFO  impl.RoleInfo (RoleInfo.java:shutdownFollowerState(108)) - c1e41c75-4b16-43e8-a71d-6e9134c212c3: shutdown c1e41c75-4b16-43e8-a71d-6e9134c212c3@group-137DB946C243-FollowerState
2021-08-31 13:04:08,468 [c1e41c75-4b16-43e8-a71d-6e9134c212c3@group-137DB946C243-FollowerState] INFO  server.RaftServer$Division (RaftServerImpl.java:setRole(285)) - c1e41c75-4b16-43e8-a71d-6e9134c212c3@group-137DB946C243: changes role from  FOLLOWER to CANDIDATE at term 3 for changeToCandidate
2021-08-31 13:04:08,468 [1a766833-fcfc-4255-a382-49e3d560613d@group-137DB946C243-FollowerState] INFO  server.RaftServer$Division (RaftServerImpl.java:setRole(285)) - 1a766833-fcfc-4255-a382-49e3d560613d@group-137DB946C243: changes role from  FOLLOWER to CANDIDATE at term 3 for changeToCandidate
2021-08-31 13:04:08,468 [c1e41c75-4b16-43e8-a71d-6e9134c212c3@group-137DB946C243-FollowerState] INFO  server.RaftServerConfigKeys (ConfUtils.java:logGet(44)) - raft.server.leaderelection.pre-vote = false (custom)
2021-08-31 13:04:08,469 [c1e41c75-4b16-43e8-a71d-6e9134c212c3@group-137DB946C243-FollowerState] INFO  impl.RoleInfo (RoleInfo.java:updateAndGet(130)) - c1e41c75-4b16-43e8-a71d-6e9134c212c3: start c1e41c75-4b16-43e8-a71d-6e9134c212c3@group-137DB946C243-LeaderElection23
2021-08-31 13:04:08,479 [1a766833-fcfc-4255-a382-49e3d560613d@group-137DB946C243-FollowerState] INFO  server.RaftServerConfigKeys (ConfUtils.java:logGet(44)) - raft.server.leaderelection.pre-vote = false (custom)
2021-08-31 13:04:08,480 [1a766833-fcfc-4255-a382-49e3d560613d@group-137DB946C243-FollowerState] INFO  impl.RoleInfo (RoleInfo.java:updateAndGet(130)) - 1a766833-fcfc-4255-a382-49e3d560613d: start 1a766833-fcfc-4255-a382-49e3d560613d@group-137DB946C243-LeaderElection24
2021-08-31 13:04:08,487 [c1e41c75-4b16-43e8-a71d-6e9134c212c3@group-137DB946C243-LeaderElection23] INFO  impl.LeaderElection (LeaderElection.java:askForVotes(306)) - c1e41c75-4b16-43e8-a71d-6e9134c212c3@group-137DB946C243-LeaderElection23 ELECTION round 0: submit vote requests at term 4 for -1: [1a766833-fcfc-4255-a382-49e3d560613d|rpc:10.1.0.6:42143|dataStream:|priority:0, 48a67b91-f7be-40c9-a901-78f22c1148cd|rpc:10.1.0.6:46047|dataStream:|priority:0, c1e41c75-4b16-43e8-a71d-6e9134c212c3|rpc:10.1.0.6:40007|dataStream:|priority:1], old=null
2021-08-31 13:04:08,489 [1a766833-fcfc-4255-a382-49e3d560613d@group-137DB946C243-LeaderElection24] INFO  impl.LeaderElection (LeaderElection.java:askForVotes(306)) - 1a766833-fcfc-4255-a382-49e3d560613d@group-137DB946C243-LeaderElection24 ELECTION round 0: submit vote requests at term 4 for -1: [1a766833-fcfc-4255-a382-49e3d560613d|rpc:10.1.0.6:42143|dataStream:|priority:0, 48a67b91-f7be-40c9-a901-78f22c1148cd|rpc:10.1.0.6:46047|dataStream:|priority:0, c1e41c75-4b16-43e8-a71d-6e9134c212c3|rpc:10.1.0.6:40007|dataStream:|priority:1], old=null
2021-08-31 13:04:08,501 [grpc-default-executor-0] INFO  server.RaftServer$Division (RaftServerImpl.java:requestVote(1043)) - 1a766833-fcfc-4255-a382-49e3d560613d@group-137DB946C243: receive requestVote(ELECTION, c1e41c75-4b16-43e8-a71d-6e9134c212c3, group-137DB946C243, 4, (t:0, i:0))
2021-08-31 13:04:08,501 [grpc-default-executor-0] INFO  impl.VoteContext (VoteContext.java:log(48)) - 1a766833-fcfc-4255-a382-49e3d560613d@group-137DB946C243-CANDIDATE: reject ELECTION from c1e41c75-4b16-43e8-a71d-6e9134c212c3: already has voted for 1a766833-fcfc-4255-a382-49e3d560613d at current term 4
2021-08-31 13:04:08,502 [grpc-default-executor-0] INFO  server.RaftServer$Division (RaftServerImpl.java:requestVote(1075)) - 1a766833-fcfc-4255-a382-49e3d560613d@group-137DB946C243 replies to ELECTION vote request: c1e41c75-4b16-43e8-a71d-6e9134c212c3<-1a766833-fcfc-4255-a382-49e3d560613d#0:FAIL-t4. Peer's state: 1a766833-fcfc-4255-a382-49e3d560613d@group-137DB946C243:t4, leader=null, voted=1a766833-fcfc-4255-a382-49e3d560613d, raftlog=1a766833-fcfc-4255-a382-49e3d560613d@group-137DB946C243-SegmentedRaftLog:OPENED:c-1,f-1,i0, conf=-1: [1a766833-fcfc-4255-a382-49e3d560613d|rpc:10.1.0.6:42143|dataStream:|priority:0, 48a67b91-f7be-40c9-a901-78f22c1148cd|rpc:10.1.0.6:46047|dataStream:|priority:0, c1e41c75-4b16-43e8-a71d-6e9134c212c3|rpc:10.1.0.6:40007|dataStream:|priority:1], old=null
2021-08-31 13:04:08,509 [grpc-default-executor-0] INFO  server.RaftServer$Division (RaftServerImpl.java:requestVote(1043)) - 48a67b91-f7be-40c9-a901-78f22c1148cd@group-137DB946C243: receive requestVote(ELECTION, 1a766833-fcfc-4255-a382-49e3d560613d, group-137DB946C243, 4, (t:0, i:0))
2021-08-31 13:04:08,510 [grpc-default-executor-0] INFO  impl.VoteContext (VoteContext.java:log(48)) - 48a67b91-f7be-40c9-a901-78f22c1148cd@group-137DB946C243-FOLLOWER: accept ELECTION from 1a766833-fcfc-4255-a382-49e3d560613d: our priority 0 <= candidate's priority 0
2021-08-31 13:04:08,510 [grpc-default-executor-0] INFO  server.RaftServer$Division (RaftServerImpl.java:setRole(285)) - 48a67b91-f7be-40c9-a901-78f22c1148cd@group-137DB946C243: changes role from  FOLLOWER to FOLLOWER at term 4 for candidate:1a766833-fcfc-4255-a382-49e3d560613d
2021-08-31 13:04:08,510 [grpc-default-executor-0] INFO  impl.RoleInfo (RoleInfo.java:shutdownFollowerState(108)) - 48a67b91-f7be-40c9-a901-78f22c1148cd: shutdown 48a67b91-f7be-40c9-a901-78f22c1148cd@group-137DB946C243-FollowerState
2021-08-31 13:04:08,511 [grpc-default-executor-0] INFO  impl.RoleInfo (RoleInfo.java:updateAndGet(130)) - 48a67b91-f7be-40c9-a901-78f22c1148cd: start 48a67b91-f7be-40c9-a901-78f22c1148cd@group-137DB946C243-FollowerState
2021-08-31 13:04:08,511 [48a67b91-f7be-40c9-a901-78f22c1148cd@group-137DB946C243-FollowerState] INFO  impl.FollowerState (FollowerState.java:run(143)) - 48a67b91-f7be-40c9-a901-78f22c1148cd@group-137DB946C243-FollowerState was interrupted: {}
java.lang.InterruptedException: sleep interrupted
	at java.lang.Thread.sleep(Native Method)
	at java.lang.Thread.sleep(Thread.java:340)
	at java.util.concurrent.TimeUnit.sleep(TimeUnit.java:386)
	at org.apache.ratis.util.TimeDuration.sleep(TimeDuration.java:324)
	at org.apache.ratis.util.TimeDuration.sleep(TimeDuration.java:309)
	at org.apache.ratis.server.impl.FollowerState.run(FollowerState.java:118)
2021-08-31 13:04:08,521 [grpc-default-executor-0] INFO  server.RaftServer$Division (RaftServerImpl.java:requestVote(1075)) - 48a67b91-f7be-40c9-a901-78f22c1148cd@group-137DB946C243 replies to ELECTION vote request: 1a766833-fcfc-4255-a382-49e3d560613d<-48a67b91-f7be-40c9-a901-78f22c1148cd#0:OK-t4. Peer's state: 48a67b91-f7be-40c9-a901-78f22c1148cd@group-137DB946C243:t4, leader=null, voted=1a766833-fcfc-4255-a382-49e3d560613d, raftlog=48a67b91-f7be-40c9-a901-78f22c1148cd@group-137DB946C243-SegmentedRaftLog:OPENED:c-1,f-1,i0, conf=-1: [1a766833-fcfc-4255-a382-49e3d560613d|rpc:10.1.0.6:42143|priority:0, 48a67b91-f7be-40c9-a901-78f22c1148cd|rpc:10.1.0.6:46047|priority:0, c1e41c75-4b16-43e8-a71d-6e9134c212c3|rpc:10.1.0.6:40007|priority:1], old=null
2021-08-31 13:04:08,523 [grpc-default-executor-0] INFO  server.RaftServer$Division (RaftServerImpl.java:requestVote(1043)) - c1e41c75-4b16-43e8-a71d-6e9134c212c3@group-137DB946C243: receive requestVote(ELECTION, 1a766833-fcfc-4255-a382-49e3d560613d, group-137DB946C243, 4, (t:0, i:0))
2021-08-31 13:04:08,523 [grpc-default-executor-0] INFO  impl.VoteContext (VoteContext.java:log(48)) - c1e41c75-4b16-43e8-a71d-6e9134c212c3@group-137DB946C243-CANDIDATE: reject ELECTION from 1a766833-fcfc-4255-a382-49e3d560613d: already has voted for c1e41c75-4b16-43e8-a71d-6e9134c212c3 at current term 4
2021-08-31 13:04:08,523 [grpc-default-executor-0] INFO  server.RaftServer$Division (RaftServerImpl.java:requestVote(1075)) - c1e41c75-4b16-43e8-a71d-6e9134c212c3@group-137DB946C243 replies to ELECTION vote request: 1a766833-fcfc-4255-a382-49e3d560613d<-c1e41c75-4b16-43e8-a71d-6e9134c212c3#0:FAIL-t4. Peer's state: c1e41c75-4b16-43e8-a71d-6e9134c212c3@group-137DB946C243:t4, leader=null, voted=c1e41c75-4b16-43e8-a71d-6e9134c212c3, raftlog=c1e41c75-4b16-43e8-a71d-6e9134c212c3@group-137DB946C243-SegmentedRaftLog:OPENED:c-1,f-1,i0, conf=-1: [1a766833-fcfc-4255-a382-49e3d560613d|rpc:10.1.0.6:42143|dataStream:|priority:0, 48a67b91-f7be-40c9-a901-78f22c1148cd|rpc:10.1.0.6:46047|dataStream:|priority:0, c1e41c75-4b16-43e8-a71d-6e9134c212c3|rpc:10.1.0.6:40007|dataStream:|priority:1], old=null
2021-08-31 13:04:08,525 [grpc-default-executor-1] INFO  server.RaftServer$Division (RaftServerImpl.java:requestVote(1043)) - 48a67b91-f7be-40c9-a901-78f22c1148cd@group-137DB946C243: receive requestVote(ELECTION, c1e41c75-4b16-43e8-a71d-6e9134c212c3, group-137DB946C243, 4, (t:0, i:0))
2021-08-31 13:04:08,525 [grpc-default-executor-1] INFO  impl.VoteContext (VoteContext.java:log(48)) - 48a67b91-f7be-40c9-a901-78f22c1148cd@group-137DB946C243-FOLLOWER: reject ELECTION from c1e41c75-4b16-43e8-a71d-6e9134c212c3: already has voted for 1a766833-fcfc-4255-a382-49e3d560613d at current term 4
2021-08-31 13:04:08,526 [grpc-default-executor-1] INFO  server.RaftServer$Division (RaftServerImpl.java:requestVote(1075)) - 48a67b91-f7be-40c9-a901-78f22c1148cd@group-137DB946C243 replies to ELECTION vote request: c1e41c75-4b16-43e8-a71d-6e9134c212c3<-48a67b91-f7be-40c9-a901-78f22c1148cd#0:FAIL-t4. Peer's state: 48a67b91-f7be-40c9-a901-78f22c1148cd@group-137DB946C243:t4, leader=null, voted=1a766833-fcfc-4255-a382-49e3d560613d, raftlog=48a67b91-f7be-40c9-a901-78f22c1148cd@group-137DB946C243-SegmentedRaftLog:OPENED:c-1,f-1,i0, conf=-1: [1a766833-fcfc-4255-a382-49e3d560613d|rpc:10.1.0.6:42143|priority:0, 48a67b91-f7be-40c9-a901-78f22c1148cd|rpc:10.1.0.6:46047|priority:0, c1e41c75-4b16-43e8-a71d-6e9134c212c3|rpc:10.1.0.6:40007|priority:1], old=null
2021-08-31 13:04:08,526 [1a766833-fcfc-4255-a382-49e3d560613d@group-137DB946C243-LeaderElection24] INFO  impl.LeaderElection (LeaderElection.java:logAndReturn(89)) - 1a766833-fcfc-4255-a382-49e3d560613d@group-137DB946C243-LeaderElection24: ELECTION REJECTED received 2 response(s) and 0 exception(s):
2021-08-31 13:04:08,526 [1a766833-fcfc-4255-a382-49e3d560613d@group-137DB946C243-LeaderElection24] INFO  impl.LeaderElection (LeaderElection.java:logAndReturn(93)) -   Response 0: 1a766833-fcfc-4255-a382-49e3d560613d<-48a67b91-f7be-40c9-a901-78f22c1148cd#0:OK-t4
2021-08-31 13:04:08,527 [1a766833-fcfc-4255-a382-49e3d560613d@group-137DB946C243-LeaderElection24] INFO  impl.LeaderElection (LeaderElection.java:logAndReturn(93)) -   Response 1: 1a766833-fcfc-4255-a382-49e3d560613d<-c1e41c75-4b16-43e8-a71d-6e9134c212c3#0:FAIL-t4
2021-08-31 13:04:08,527 [1a766833-fcfc-4255-a382-49e3d560613d@group-137DB946C243-LeaderElection24] INFO  impl.LeaderElection (LeaderElection.java:askForVotes(308)) - 1a766833-fcfc-4255-a382-49e3d560613d@group-137DB946C243-LeaderElection24 ELECTION round 0: result REJECTED
2021-08-31 13:04:08,527 [1a766833-fcfc-4255-a382-49e3d560613d@group-137DB946C243-LeaderElection24] INFO  server.RaftServer$Division (RaftServerImpl.java:setRole(285)) - 1a766833-fcfc-4255-a382-49e3d560613d@group-137DB946C243: changes role from CANDIDATE to FOLLOWER at term 4 for REJECTED
2021-08-31 13:04:08,527 [1a766833-fcfc-4255-a382-49e3d560613d@group-137DB946C243-LeaderElection24] INFO  impl.RoleInfo (RoleInfo.java:shutdownLeaderElection(121)) - 1a766833-fcfc-4255-a382-49e3d560613d: shutdown 1a766833-fcfc-4255-a382-49e3d560613d@group-137DB946C243-LeaderElection24
2021-08-31 13:04:08,527 [1a766833-fcfc-4255-a382-49e3d560613d@group-137DB946C243-LeaderElection24] INFO  impl.RoleInfo (RoleInfo.java:updateAndGet(130)) - 1a766833-fcfc-4255-a382-49e3d560613d: start 1a766833-fcfc-4255-a382-49e3d560613d@group-137DB946C243-FollowerState
2021-08-31 13:04:08,530 [c1e41c75-4b16-43e8-a71d-6e9134c212c3@group-137DB946C243-LeaderElection23] INFO  impl.LeaderElection (LeaderElection.java:logAndReturn(89)) - c1e41c75-4b16-43e8-a71d-6e9134c212c3@group-137DB946C243-LeaderElection23: ELECTION REJECTED received 2 response(s) and 0 exception(s):
2021-08-31 13:04:08,530 [c1e41c75-4b16-43e8-a71d-6e9134c212c3@group-137DB946C243-LeaderElection23] INFO  impl.LeaderElection (LeaderElection.java:logAndReturn(93)) -   Response 0: c1e41c75-4b16-43e8-a71d-6e9134c212c3<-1a766833-fcfc-4255-a382-49e3d560613d#0:FAIL-t4
2021-08-31 13:04:08,530 [c1e41c75-4b16-43e8-a71d-6e9134c212c3@group-137DB946C243-LeaderElection23] INFO  impl.LeaderElection (LeaderElection.java:logAndReturn(93)) -   Response 1: c1e41c75-4b16-43e8-a71d-6e9134c212c3<-48a67b91-f7be-40c9-a901-78f22c1148cd#0:FAIL-t4
2021-08-31 13:04:08,530 [c1e41c75-4b16-43e8-a71d-6e9134c212c3@group-137DB946C243-LeaderElection23] INFO  impl.LeaderElection (LeaderElection.java:askForVotes(308)) - c1e41c75-4b16-43e8-a71d-6e9134c212c3@group-137DB946C243-LeaderElection23 ELECTION round 0: result REJECTED
2021-08-31 13:04:08,530 [c1e41c75-4b16-43e8-a71d-6e9134c212c3@group-137DB946C243-LeaderElection23] INFO  server.RaftServer$Division (RaftServerImpl.java:setRole(285)) - c1e41c75-4b16-43e8-a71d-6e9134c212c3@group-137DB946C243: changes role from CANDIDATE to FOLLOWER at term 4 for REJECTED
2021-08-31 13:04:08,531 [c1e41c75-4b16-43e8-a71d-6e9134c212c3@group-137DB946C243-LeaderElection23] INFO  impl.RoleInfo (RoleInfo.java:shutdownLeaderElection(121)) - c1e41c75-4b16-43e8-a71d-6e9134c212c3: shutdown c1e41c75-4b16-43e8-a71d-6e9134c212c3@group-137DB946C243-LeaderElection23
2021-08-31 13:04:08,531 [c1e41c75-4b16-43e8-a71d-6e9134c212c3@group-137DB946C243-LeaderElection23] INFO  impl.RoleInfo (RoleInfo.java:updateAndGet(130)) - c1e41c75-4b16-43e8-a71d-6e9134c212c3: start c1e41c75-4b16-43e8-a71d-6e9134c212c3@group-137DB946C243-FollowerState
2021-08-31 13:04:08,689 [48a67b91-f7be-40c9-a901-78f22c1148cd@group-ACFDA5E70BED-FollowerState] INFO  impl.FollowerState (FollowerState.java:run(134)) - 48a67b91-f7be-40c9-a901-78f22c1148cd@group-ACFDA5E70BED-FollowerState: change to CANDIDATE, lastRpcElapsedTime:5048538861ns, electionTimeout:5042ms
2021-08-31 13:04:08,689 [48a67b91-f7be-40c9-a901-78f22c1148cd@group-ACFDA5E70BED-FollowerState] INFO  impl.RoleInfo (RoleInfo.java:shutdownFollowerState(108)) - 48a67b91-f7be-40c9-a901-78f22c1148cd: shutdown 48a67b91-f7be-40c9-a901-78f22c1148cd@group-ACFDA5E70BED-FollowerState
2021-08-31 13:04:08,689 [48a67b91-f7be-40c9-a901-78f22c1148cd@group-ACFDA5E70BED-FollowerState] INFO  server.RaftServer$Division (RaftServerImpl.java:setRole(285)) - 48a67b91-f7be-40c9-a901-78f22c1148cd@group-ACFDA5E70BED: changes role from  FOLLOWER to CANDIDATE at term 3 for changeToCandidate
2021-08-31 13:04:08,689 [48a67b91-f7be-40c9-a901-78f22c1148cd@group-ACFDA5E70BED-FollowerState] INFO  server.RaftServerConfigKeys (ConfUtils.java:logGet(44)) - raft.server.leaderelection.pre-vote = false (custom)
2021-08-31 13:04:08,689 [48a67b91-f7be-40c9-a901-78f22c1148cd@group-ACFDA5E70BED-FollowerState] INFO  impl.RoleInfo (RoleInfo.java:updateAndGet(130)) - 48a67b91-f7be-40c9-a901-78f22c1148cd: start 48a67b91-f7be-40c9-a901-78f22c1148cd@group-ACFDA5E70BED-LeaderElection25
2021-08-31 13:04:08,690 [c1e41c75-4b16-43e8-a71d-6e9134c212c3@group-ACFDA5E70BED-FollowerState] INFO  impl.FollowerState (FollowerState.java:run(134)) - c1e41c75-4b16-43e8-a71d-6e9134c212c3@group-ACFDA5E70BED-FollowerState: change to CANDIDATE, lastRpcElapsedTime:5036845984ns, electionTimeout:5018ms
2021-08-31 13:04:08,690 [c1e41c75-4b16-43e8-a71d-6e9134c212c3@group-ACFDA5E70BED-FollowerState] INFO  impl.RoleInfo (RoleInfo.java:shutdownFollowerState(108)) - c1e41c75-4b16-43e8-a71d-6e9134c212c3: shutdown c1e41c75-4b16-43e8-a71d-6e9134c212c3@group-ACFDA5E70BED-FollowerState
2021-08-31 13:04:08,690 [c1e41c75-4b16-43e8-a71d-6e9134c212c3@group-ACFDA5E70BED-FollowerState] INFO  server.RaftServer$Division (RaftServerImpl.java:setRole(285)) - c1e41c75-4b16-43e8-a71d-6e9134c212c3@group-ACFDA5E70BED: changes role from  FOLLOWER to CANDIDATE at term 3 for changeToCandidate
2021-08-31 13:04:08,695 [c1e41c75-4b16-43e8-a71d-6e9134c212c3@group-ACFDA5E70BED-FollowerState] INFO  server.RaftServerConfigKeys (ConfUtils.java:logGet(44)) - raft.server.leaderelection.pre-vote = false (custom)
2021-08-31 13:04:08,695 [c1e41c75-4b16-43e8-a71d-6e9134c212c3@group-ACFDA5E70BED-FollowerState] INFO  impl.RoleInfo (RoleInfo.java:updateAndGet(130)) - c1e41c75-4b16-43e8-a71d-6e9134c212c3: start c1e41c75-4b16-43e8-a71d-6e9134c212c3@group-ACFDA5E70BED-LeaderElection26
2021-08-31 13:04:08,698 [1a766833-fcfc-4255-a382-49e3d560613d@group-ACFDA5E70BED-FollowerState] INFO  impl.FollowerState (FollowerState.java:run(134)) - 1a766833-fcfc-4255-a382-49e3d560613d@group-ACFDA5E70BED-FollowerState: change to CANDIDATE, lastRpcElapsedTime:5061535055ns, electionTimeout:5053ms
2021-08-31 13:04:08,698 [1a766833-fcfc-4255-a382-49e3d560613d@group-ACFDA5E70BED-FollowerState] INFO  impl.RoleInfo (RoleInfo.java:shutdownFollowerState(108)) - 1a766833-fcfc-4255-a382-49e3d560613d: shutdown 1a766833-fcfc-4255-a382-49e3d560613d@group-ACFDA5E70BED-FollowerState
2021-08-31 13:04:08,698 [1a766833-fcfc-4255-a382-49e3d560613d@group-ACFDA5E70BED-FollowerState] INFO  server.RaftServer$Division (RaftServerImpl.java:setRole(285)) - 1a766833-fcfc-4255-a382-49e3d560613d@group-ACFDA5E70BED: changes role from  FOLLOWER to CANDIDATE at term 3 for changeToCandidate
2021-08-31 13:04:08,698 [1a766833-fcfc-4255-a382-49e3d560613d@group-ACFDA5E70BED-FollowerState] INFO  server.RaftServerConfigKeys (ConfUtils.java:logGet(44)) - raft.server.leaderelection.pre-vote = false (custom)
2021-08-31 13:04:08,698 [1a766833-fcfc-4255-a382-49e3d560613d@group-ACFDA5E70BED-FollowerState] INFO  impl.RoleInfo (RoleInfo.java:updateAndGet(130)) - 1a766833-fcfc-4255-a382-49e3d560613d: start 1a766833-fcfc-4255-a382-49e3d560613d@group-ACFDA5E70BED-LeaderElection27
2021-08-31 13:04:08,700 [c1e41c75-4b16-43e8-a71d-6e9134c212c3@group-ACFDA5E70BED-LeaderElection26] INFO  impl.LeaderElection (LeaderElection.java:askForVotes(306)) - c1e41c75-4b16-43e8-a71d-6e9134c212c3@group-ACFDA5E70BED-LeaderElection26 ELECTION round 0: submit vote requests at term 4 for -1: [1a766833-fcfc-4255-a382-49e3d560613d|rpc:10.1.0.6:42143|dataStream:|priority:1, 48a67b91-f7be-40c9-a901-78f22c1148cd|rpc:10.1.0.6:46047|dataStream:|priority:0, c1e41c75-4b16-43e8-a71d-6e9134c212c3|rpc:10.1.0.6:40007|dataStream:|priority:0], old=null
2021-08-31 13:04:08,700 [48a67b91-f7be-40c9-a901-78f22c1148cd@group-ACFDA5E70BED-LeaderElection25] INFO  impl.LeaderElection (LeaderElection.java:askForVotes(306)) - 48a67b91-f7be-40c9-a901-78f22c1148cd@group-ACFDA5E70BED-LeaderElection25 ELECTION round 0: submit vote requests at term 4 for -1: [1a766833-fcfc-4255-a382-49e3d560613d|rpc:10.1.0.6:42143|priority:1, 48a67b91-f7be-40c9-a901-78f22c1148cd|rpc:10.1.0.6:46047|priority:0, c1e41c75-4b16-43e8-a71d-6e9134c212c3|rpc:10.1.0.6:40007|priority:0], old=null
2021-08-31 13:04:08,708 [1a766833-fcfc-4255-a382-49e3d560613d@group-ACFDA5E70BED-LeaderElection27] INFO  impl.LeaderElection (LeaderElection.java:askForVotes(306)) - 1a766833-fcfc-4255-a382-49e3d560613d@group-ACFDA5E70BED-LeaderElection27 ELECTION round 0: submit vote requests at term 4 for -1: [1a766833-fcfc-4255-a382-49e3d560613d|rpc:10.1.0.6:42143|dataStream:|priority:1, 48a67b91-f7be-40c9-a901-78f22c1148cd|rpc:10.1.0.6:46047|dataStream:|priority:0, c1e41c75-4b16-43e8-a71d-6e9134c212c3|rpc:10.1.0.6:40007|dataStream:|priority:0], old=null
2021-08-31 13:04:08,716 [grpc-default-executor-0] INFO  server.RaftServer$Division (RaftServerImpl.java:requestVote(1043)) - 1a766833-fcfc-4255-a382-49e3d560613d@group-ACFDA5E70BED: receive requestVote(ELECTION, 48a67b91-f7be-40c9-a901-78f22c1148cd, group-ACFDA5E70BED, 4, (t:0, i:0))
2021-08-31 13:04:08,716 [grpc-default-executor-0] INFO  impl.VoteContext (VoteContext.java:log(48)) - 1a766833-fcfc-4255-a382-49e3d560613d@group-ACFDA5E70BED-CANDIDATE: reject ELECTION from 48a67b91-f7be-40c9-a901-78f22c1148cd: already has voted for 1a766833-fcfc-4255-a382-49e3d560613d at current term 4
2021-08-31 13:04:08,717 [grpc-default-executor-0] INFO  server.RaftServer$Division (RaftServerImpl.java:requestVote(1075)) - 1a766833-fcfc-4255-a382-49e3d560613d@group-ACFDA5E70BED replies to ELECTION vote request: 48a67b91-f7be-40c9-a901-78f22c1148cd<-1a766833-fcfc-4255-a382-49e3d560613d#0:FAIL-t4. Peer's state: 1a766833-fcfc-4255-a382-49e3d560613d@group-ACFDA5E70BED:t4, leader=null, voted=1a766833-fcfc-4255-a382-49e3d560613d, raftlog=1a766833-fcfc-4255-a382-49e3d560613d@group-ACFDA5E70BED-SegmentedRaftLog:OPENED:c-1,f-1,i0, conf=-1: [1a766833-fcfc-4255-a382-49e3d560613d|rpc:10.1.0.6:42143|dataStream:|priority:1, 48a67b91-f7be-40c9-a901-78f22c1148cd|rpc:10.1.0.6:46047|dataStream:|priority:0, c1e41c75-4b16-43e8-a71d-6e9134c212c3|rpc:10.1.0.6:40007|dataStream:|priority:0], old=null
2021-08-31 13:04:08,719 [grpc-default-executor-0] INFO  server.RaftServer$Division (RaftServerImpl.java:requestVote(1043)) - c1e41c75-4b16-43e8-a71d-6e9134c212c3@group-ACFDA5E70BED: receive requestVote(ELECTION, 48a67b91-f7be-40c9-a901-78f22c1148cd, group-ACFDA5E70BED, 4, (t:0, i:0))
2021-08-31 13:04:08,719 [grpc-default-executor-0] INFO  impl.VoteContext (VoteContext.java:log(48)) - c1e41c75-4b16-43e8-a71d-6e9134c212c3@group-ACFDA5E70BED-CANDIDATE: reject ELECTION from 48a67b91-f7be-40c9-a901-78f22c1148cd: already has voted for c1e41c75-4b16-43e8-a71d-6e9134c212c3 at current term 4
2021-08-31 13:04:08,719 [grpc-default-executor-0] INFO  server.RaftServer$Division (RaftServerImpl.java:requestVote(1075)) - c1e41c75-4b16-43e8-a71d-6e9134c212c3@group-ACFDA5E70BED replies to ELECTION vote request: 48a67b91-f7be-40c9-a901-78f22c1148cd<-c1e41c75-4b16-43e8-a71d-6e9134c212c3#0:FAIL-t4. Peer's state: c1e41c75-4b16-43e8-a71d-6e9134c212c3@group-ACFDA5E70BED:t4, leader=null, voted=c1e41c75-4b16-43e8-a71d-6e9134c212c3, raftlog=c1e41c75-4b16-43e8-a71d-6e9134c212c3@group-ACFDA5E70BED-SegmentedRaftLog:OPENED:c-1,f-1,i0, conf=-1: [1a766833-fcfc-4255-a382-49e3d560613d|rpc:10.1.0.6:42143|dataStream:|priority:1, 48a67b91-f7be-40c9-a901-78f22c1148cd|rpc:10.1.0.6:46047|dataStream:|priority:0, c1e41c75-4b16-43e8-a71d-6e9134c212c3|rpc:10.1.0.6:40007|dataStream:|priority:0], old=null
2021-08-31 13:04:08,724 [grpc-default-executor-3] INFO  server.RaftServer$Division (RaftServerImpl.java:requestVote(1043)) - 48a67b91-f7be-40c9-a901-78f22c1148cd@group-ACFDA5E70BED: receive requestVote(ELECTION, 1a766833-fcfc-4255-a382-49e3d560613d, group-ACFDA5E70BED, 4, (t:0, i:0))
2021-08-31 13:04:08,724 [grpc-default-executor-3] INFO  impl.VoteContext (VoteContext.java:log(48)) - 48a67b91-f7be-40c9-a901-78f22c1148cd@group-ACFDA5E70BED-CANDIDATE: reject ELECTION from 1a766833-fcfc-4255-a382-49e3d560613d: already has voted for 48a67b91-f7be-40c9-a901-78f22c1148cd at current term 4
2021-08-31 13:04:08,724 [grpc-default-executor-3] INFO  server.RaftServer$Division (RaftServerImpl.java:requestVote(1075)) - 48a67b91-f7be-40c9-a901-78f22c1148cd@group-ACFDA5E70BED replies to ELECTION vote request: 1a766833-fcfc-4255-a382-49e3d560613d<-48a67b91-f7be-40c9-a901-78f22c1148cd#0:FAIL-t4. Peer's state: 48a67b91-f7be-40c9-a901-78f22c1148cd@group-ACFDA5E70BED:t4, leader=null, voted=48a67b91-f7be-40c9-a901-78f22c1148cd, raftlog=48a67b91-f7be-40c9-a901-78f22c1148cd@group-ACFDA5E70BED-SegmentedRaftLog:OPENED:c-1,f-1,i0, conf=-1: [1a766833-fcfc-4255-a382-49e3d560613d|rpc:10.1.0.6:42143|priority:1, 48a67b91-f7be-40c9-a901-78f22c1148cd|rpc:10.1.0.6:46047|priority:0, c1e41c75-4b16-43e8-a71d-6e9134c212c3|rpc:10.1.0.6:40007|priority:0], old=null
2021-08-31 13:04:08,724 [48a67b91-f7be-40c9-a901-78f22c1148cd@group-ACFDA5E70BED-LeaderElection25] INFO  impl.LeaderElection (LeaderElection.java:logAndReturn(89)) - 48a67b91-f7be-40c9-a901-78f22c1148cd@group-ACFDA5E70BED-LeaderElection25: ELECTION REJECTED received 1 response(s) and 0 exception(s):
2021-08-31 13:04:08,725 [48a67b91-f7be-40c9-a901-78f22c1148cd@group-ACFDA5E70BED-LeaderElection25] INFO  impl.LeaderElection (LeaderElection.java:logAndReturn(93)) -   Response 0: 48a67b91-f7be-40c9-a901-78f22c1148cd<-1a766833-fcfc-4255-a382-49e3d560613d#0:FAIL-t4
2021-08-31 13:04:08,725 [48a67b91-f7be-40c9-a901-78f22c1148cd@group-ACFDA5E70BED-LeaderElection25] INFO  impl.LeaderElection (LeaderElection.java:askForVotes(308)) - 48a67b91-f7be-40c9-a901-78f22c1148cd@group-ACFDA5E70BED-LeaderElection25 ELECTION round 0: result REJECTED
2021-08-31 13:04:08,725 [48a67b91-f7be-40c9-a901-78f22c1148cd@group-ACFDA5E70BED-LeaderElection25] INFO  server.RaftServer$Division (RaftServerImpl.java:setRole(285)) - 48a67b91-f7be-40c9-a901-78f22c1148cd@group-ACFDA5E70BED: changes role from CANDIDATE to FOLLOWER at term 4 for REJECTED
2021-08-31 13:04:08,725 [48a67b91-f7be-40c9-a901-78f22c1148cd@group-ACFDA5E70BED-LeaderElection25] INFO  impl.RoleInfo (RoleInfo.java:shutdownLeaderElection(121)) - 48a67b91-f7be-40c9-a901-78f22c1148cd: shutdown 48a67b91-f7be-40c9-a901-78f22c1148cd@group-ACFDA5E70BED-LeaderElection25
2021-08-31 13:04:08,725 [48a67b91-f7be-40c9-a901-78f22c1148cd@group-ACFDA5E70BED-LeaderElection25] INFO  impl.RoleInfo (RoleInfo.java:updateAndGet(130)) - 48a67b91-f7be-40c9-a901-78f22c1148cd: start 48a67b91-f7be-40c9-a901-78f22c1148cd@group-ACFDA5E70BED-FollowerState
2021-08-31 13:04:08,726 [grpc-default-executor-1] INFO  server.RaftServer$Division (RaftServerImpl.java:requestVote(1043)) - 1a766833-fcfc-4255-a382-49e3d560613d@group-ACFDA5E70BED: receive requestVote(ELECTION, c1e41c75-4b16-43e8-a71d-6e9134c212c3, group-ACFDA5E70BED, 4, (t:0, i:0))
2021-08-31 13:04:08,726 [grpc-default-executor-1] INFO  impl.VoteContext (VoteContext.java:log(48)) - 1a766833-fcfc-4255-a382-49e3d560613d@group-ACFDA5E70BED-CANDIDATE: reject ELECTION from c1e41c75-4b16-43e8-a71d-6e9134c212c3: already has voted for 1a766833-fcfc-4255-a382-49e3d560613d at current term 4
2021-08-31 13:04:08,726 [grpc-default-executor-1] INFO  server.RaftServer$Division (RaftServerImpl.java:requestVote(1075)) - 1a766833-fcfc-4255-a382-49e3d560613d@group-ACFDA5E70BED replies to ELECTION vote request: c1e41c75-4b16-43e8-a71d-6e9134c212c3<-1a766833-fcfc-4255-a382-49e3d560613d#0:FAIL-t4. Peer's state: 1a766833-fcfc-4255-a382-49e3d560613d@group-ACFDA5E70BED:t4, leader=null, voted=1a766833-fcfc-4255-a382-49e3d560613d, raftlog=1a766833-fcfc-4255-a382-49e3d560613d@group-ACFDA5E70BED-SegmentedRaftLog:OPENED:c-1,f-1,i0, conf=-1: [1a766833-fcfc-4255-a382-49e3d560613d|rpc:10.1.0.6:42143|dataStream:|priority:1, 48a67b91-f7be-40c9-a901-78f22c1148cd|rpc:10.1.0.6:46047|dataStream:|priority:0, c1e41c75-4b16-43e8-a71d-6e9134c212c3|rpc:10.1.0.6:40007|dataStream:|priority:0], old=null
2021-08-31 13:04:08,727 [grpc-default-executor-3] INFO  server.RaftServer$Division (RaftServerImpl.java:requestVote(1043)) - c1e41c75-4b16-43e8-a71d-6e9134c212c3@group-ACFDA5E70BED: receive requestVote(ELECTION, 1a766833-fcfc-4255-a382-49e3d560613d, group-ACFDA5E70BED, 4, (t:0, i:0))
2021-08-31 13:04:08,727 [grpc-default-executor-3] INFO  impl.VoteContext (VoteContext.java:log(48)) - c1e41c75-4b16-43e8-a71d-6e9134c212c3@group-ACFDA5E70BED-CANDIDATE: reject ELECTION from 1a766833-fcfc-4255-a382-49e3d560613d: already has voted for c1e41c75-4b16-43e8-a71d-6e9134c212c3 at current term 4
2021-08-31 13:04:08,727 [grpc-default-executor-3] INFO  server.RaftServer$Division (RaftServerImpl.java:requestVote(1075)) - c1e41c75-4b16-43e8-a71d-6e9134c212c3@group-ACFDA5E70BED replies to ELECTION vote request: 1a766833-fcfc-4255-a382-49e3d560613d<-c1e41c75-4b16-43e8-a71d-6e9134c212c3#0:FAIL-t4. Peer's state: c1e41c75-4b16-43e8-a71d-6e9134c212c3@group-ACFDA5E70BED:t4, leader=null, voted=c1e41c75-4b16-43e8-a71d-6e9134c212c3, raftlog=c1e41c75-4b16-43e8-a71d-6e9134c212c3@group-ACFDA5E70BED-SegmentedRaftLog:OPENED:c-1,f-1,i0, conf=-1: [1a766833-fcfc-4255-a382-49e3d560613d|rpc:10.1.0.6:42143|dataStream:|priority:1, 48a67b91-f7be-40c9-a901-78f22c1148cd|rpc:10.1.0.6:46047|dataStream:|priority:0, c1e41c75-4b16-43e8-a71d-6e9134c212c3|rpc:10.1.0.6:40007|dataStream:|priority:0], old=null
2021-08-31 13:04:08,730 [1a766833-fcfc-4255-a382-49e3d560613d@group-ACFDA5E70BED-LeaderElection27] INFO  impl.LeaderElection (LeaderElection.java:logAndReturn(89)) - 1a766833-fcfc-4255-a382-49e3d560613d@group-ACFDA5E70BED-LeaderElection27: ELECTION REJECTED received 2 response(s) and 0 exception(s):
2021-08-31 13:04:08,730 [1a766833-fcfc-4255-a382-49e3d560613d@group-ACFDA5E70BED-LeaderElection27] INFO  impl.LeaderElection (LeaderElection.java:logAndReturn(93)) -   Response 0: 1a766833-fcfc-4255-a382-49e3d560613d<-48a67b91-f7be-40c9-a901-78f22c1148cd#0:FAIL-t4
2021-08-31 13:04:08,730 [1a766833-fcfc-4255-a382-49e3d560613d@group-ACFDA5E70BED-LeaderElection27] INFO  impl.LeaderElection (LeaderElection.java:logAndReturn(93)) -   Response 1: 1a766833-fcfc-4255-a382-49e3d560613d<-c1e41c75-4b16-43e8-a71d-6e9134c212c3#0:FAIL-t4
2021-08-31 13:04:08,730 [1a766833-fcfc-4255-a382-49e3d560613d@group-ACFDA5E70BED-LeaderElection27] INFO  impl.LeaderElection (LeaderElection.java:askForVotes(308)) - 1a766833-fcfc-4255-a382-49e3d560613d@group-ACFDA5E70BED-LeaderElection27 ELECTION round 0: result REJECTED
2021-08-31 13:04:08,730 [1a766833-fcfc-4255-a382-49e3d560613d@group-ACFDA5E70BED-LeaderElection27] INFO  server.RaftServer$Division (RaftServerImpl.java:setRole(285)) - 1a766833-fcfc-4255-a382-49e3d560613d@group-ACFDA5E70BED: changes role from CANDIDATE to FOLLOWER at term 4 for REJECTED
2021-08-31 13:04:08,730 [1a766833-fcfc-4255-a382-49e3d560613d@group-ACFDA5E70BED-LeaderElection27] INFO  impl.RoleInfo (RoleInfo.java:shutdownLeaderElection(121)) - 1a766833-fcfc-4255-a382-49e3d560613d: shutdown 1a766833-fcfc-4255-a382-49e3d560613d@group-ACFDA5E70BED-LeaderElection27
2021-08-31 13:04:08,730 [1a766833-fcfc-4255-a382-49e3d560613d@group-ACFDA5E70BED-LeaderElection27] INFO  impl.RoleInfo (RoleInfo.java:updateAndGet(130)) - 1a766833-fcfc-4255-a382-49e3d560613d: start 1a766833-fcfc-4255-a382-49e3d560613d@group-ACFDA5E70BED-FollowerState
2021-08-31 13:04:08,730 [grpc-default-executor-3] INFO  server.RaftServer$Division (RaftServerImpl.java:requestVote(1043)) - 48a67b91-f7be-40c9-a901-78f22c1148cd@group-ACFDA5E70BED: receive requestVote(ELECTION, c1e41c75-4b16-43e8-a71d-6e9134c212c3, group-ACFDA5E70BED, 4, (t:0, i:0))
2021-08-31 13:04:08,730 [grpc-default-executor-3] INFO  impl.VoteContext (VoteContext.java:log(48)) - 48a67b91-f7be-40c9-a901-78f22c1148cd@group-ACFDA5E70BED-FOLLOWER: reject ELECTION from c1e41c75-4b16-43e8-a71d-6e9134c212c3: already has voted for 48a67b91-f7be-40c9-a901-78f22c1148cd at current term 4
2021-08-31 13:04:08,730 [grpc-default-executor-3] INFO  server.RaftServer$Division (RaftServerImpl.java:requestVote(1075)) - 48a67b91-f7be-40c9-a901-78f22c1148cd@group-ACFDA5E70BED replies to ELECTION vote request: c1e41c75-4b16-43e8-a71d-6e9134c212c3<-48a67b91-f7be-40c9-a901-78f22c1148cd#0:FAIL-t4. Peer's state: 48a67b91-f7be-40c9-a901-78f22c1148cd@group-ACFDA5E70BED:t4, leader=null, voted=48a67b91-f7be-40c9-a901-78f22c1148cd, raftlog=48a67b91-f7be-40c9-a901-78f22c1148cd@group-ACFDA5E70BED-SegmentedRaftLog:OPENED:c-1,f-1,i0, conf=-1: [1a766833-fcfc-4255-a382-49e3d560613d|rpc:10.1.0.6:42143|priority:1, 48a67b91-f7be-40c9-a901-78f22c1148cd|rpc:10.1.0.6:46047|priority:0, c1e41c75-4b16-43e8-a71d-6e9134c212c3|rpc:10.1.0.6:40007|priority:0], old=null
2021-08-31 13:04:08,735 [c1e41c75-4b16-43e8-a71d-6e9134c212c3@group-ACFDA5E70BED-LeaderElection26] INFO  impl.LeaderElection (LeaderElection.java:logAndReturn(89)) - c1e41c75-4b16-43e8-a71d-6e9134c212c3@group-ACFDA5E70BED-LeaderElection26: ELECTION REJECTED received 1 response(s) and 0 exception(s):
2021-08-31 13:04:08,735 [c1e41c75-4b16-43e8-a71d-6e9134c212c3@group-ACFDA5E70BED-LeaderElection26] INFO  impl.LeaderElection (LeaderElection.java:logAndReturn(93)) -   Response 0: c1e41c75-4b16-43e8-a71d-6e9134c212c3<-1a766833-fcfc-4255-a382-49e3d560613d#0:FAIL-t4
2021-08-31 13:04:08,735 [c1e41c75-4b16-43e8-a71d-6e9134c212c3@group-ACFDA5E70BED-LeaderElection26] INFO  impl.LeaderElection (LeaderElection.java:askForVotes(308)) - c1e41c75-4b16-43e8-a71d-6e9134c212c3@group-ACFDA5E70BED-LeaderElection26 ELECTION round 0: result REJECTED
2021-08-31 13:04:08,735 [c1e41c75-4b16-43e8-a71d-6e9134c212c3@group-ACFDA5E70BED-LeaderElection26] INFO  server.RaftServer$Division (RaftServerImpl.java:setRole(285)) - c1e41c75-4b16-43e8-a71d-6e9134c212c3@group-ACFDA5E70BED: changes role from CANDIDATE to FOLLOWER at term 4 for REJECTED
2021-08-31 13:04:08,735 [c1e41c75-4b16-43e8-a71d-6e9134c212c3@group-ACFDA5E70BED-LeaderElection26] INFO  impl.RoleInfo (RoleInfo.java:shutdownLeaderElection(121)) - c1e41c75-4b16-43e8-a71d-6e9134c212c3: shutdown c1e41c75-4b16-43e8-a71d-6e9134c212c3@group-ACFDA5E70BED-LeaderElection26
2021-08-31 13:04:08,735 [c1e41c75-4b16-43e8-a71d-6e9134c212c3@group-ACFDA5E70BED-LeaderElection26] INFO  impl.RoleInfo (RoleInfo.java:updateAndGet(130)) - c1e41c75-4b16-43e8-a71d-6e9134c212c3: start c1e41c75-4b16-43e8-a71d-6e9134c212c3@group-ACFDA5E70BED-FollowerState
2021-08-31 13:04:09,252 [grpc-default-executor-3] WARN  server.GrpcLogAppender (LogUtils.java:warn(122)) - 41b49504-2605-44a7-8135-9defd08b62b0@group-8F175209AE26->940b181a-f656-490c-a8b1-afc5b8b121dc-AppendLogResponseHandler: Failed appendEntries: org.apache.ratis.thirdparty.io.grpc.StatusRuntimeException: UNAVAILABLE: io exception
2021-08-31 13:04:09,252 [grpc-default-executor-3] INFO  leader.FollowerInfo (FollowerInfoImpl.java:lambda$new$0(46)) - 41b49504-2605-44a7-8135-9defd08b62b0@group-8F175209AE26->940b181a-f656-490c-a8b1-afc5b8b121dc: nextIndex: updateUnconditionally 16 -> 15
2021-08-31 13:04:10,725 [grpc-default-executor-3] WARN  server.GrpcLogAppender (LogUtils.java:warn(122)) - 41b49504-2605-44a7-8135-9defd08b62b0@group-8F175209AE26->fde2103a-ce00-4253-a576-ea8232893539-AppendLogResponseHandler: Failed appendEntries: org.apache.ratis.thirdparty.io.grpc.StatusRuntimeException: UNAVAILABLE: io exception
2021-08-31 13:04:10,725 [grpc-default-executor-3] INFO  leader.FollowerInfo (FollowerInfoImpl.java:lambda$new$0(46)) - 41b49504-2605-44a7-8135-9defd08b62b0@group-8F175209AE26->fde2103a-ce00-4253-a576-ea8232893539: nextIndex: updateUnconditionally 18 -> 17
2021-08-31 13:04:11,220 [Listener at 127.0.0.1/38495] INFO  statemachine.DatanodeStateMachine (DatanodeStateMachine.java:stopDaemon(515)) - Ozone container server stopped.
2021-08-31 13:04:11,221 [Listener at 127.0.0.1/38495] INFO  handler.ContextHandler (ContextHandler.java:doStop(1153)) - Stopped o.e.j.w.WebAppContext@69f08bb0{hddsDatanode,/,null,STOPPED}{jar:file:/home/runner/.m2/repository/org/apache/ozone/hdds-container-service/1.2.0-SNAPSHOT/hdds-container-service-1.2.0-SNAPSHOT.jar!/webapps/hddsDatanode}
2021-08-31 13:04:11,221 [Listener at 127.0.0.1/38495] INFO  server.AbstractConnector (AbstractConnector.java:doStop(381)) - Stopped ServerConnector@5904fcae{HTTP/1.1, (http/1.1)}{0.0.0.0:0}
2021-08-31 13:04:11,222 [Listener at 127.0.0.1/38495] INFO  server.session (HouseKeeper.java:stopScavenging(149)) - node0 Stopped scavenging
2021-08-31 13:04:11,222 [Listener at 127.0.0.1/38495] INFO  handler.ContextHandler (ContextHandler.java:doStop(1153)) - Stopped o.e.j.s.ServletContextHandler@285cfcd8{static,/static,jar:file:/home/runner/.m2/repository/org/apache/ozone/hdds-container-service/1.2.0-SNAPSHOT/hdds-container-service-1.2.0-SNAPSHOT.jar!/webapps/static,STOPPED}
2021-08-31 13:04:11,222 [Listener at 127.0.0.1/38495] INFO  handler.ContextHandler (ContextHandler.java:doStop(1153)) - Stopped o.e.j.s.ServletContextHandler@4a918749{logs,/logs,file:///home/runner/work/ozone/ozone/hadoop-ozone/integration-test/target/log,STOPPED}
13:04:11.227 [grpc-default-executor-3] ERROR DNAudit - user=null | ip=null | op=WRITE_CHUNK {blockData=conID: 1 locID: 107544261427200001 bcsId: 13} | ret=FAILURE
org.apache.hadoop.hdds.scm.container.common.helpers.ContainerNotOpenException: Container 1 in CLOSED state
	at org.apache.hadoop.ozone.container.common.impl.HddsDispatcher.validateContainerCommand(HddsDispatcher.java:480) ~[hdds-container-service-1.2.0-SNAPSHOT.jar:?]
	at org.apache.hadoop.ozone.container.common.transport.server.ratis.ContainerStateMachine.startTransaction(ContainerStateMachine.java:318) ~[hdds-container-service-1.2.0-SNAPSHOT.jar:?]
	at org.apache.ratis.server.impl.RaftServerImpl.submitClientRequestAsync(RaftServerImpl.java:794) ~[ratis-server-2.1.0-03f3b68-SNAPSHOT.jar:2.1.0-03f3b68-SNAPSHOT]
	at org.apache.ratis.server.impl.RaftServerProxy.lambda$submitClientRequestAsync$9(RaftServerProxy.java:417) ~[ratis-server-2.1.0-03f3b68-SNAPSHOT.jar:2.1.0-03f3b68-SNAPSHOT]
	at org.apache.ratis.server.impl.RaftServerProxy.lambda$null$7(RaftServerProxy.java:412) ~[ratis-server-2.1.0-03f3b68-SNAPSHOT.jar:2.1.0-03f3b68-SNAPSHOT]
	at org.apache.ratis.util.JavaUtils.callAsUnchecked(JavaUtils.java:115) ~[ratis-common-2.1.0-03f3b68-SNAPSHOT.jar:2.1.0-03f3b68-SNAPSHOT]
	at org.apache.ratis.server.impl.RaftServerProxy.lambda$submitRequest$8(RaftServerProxy.java:412) ~[ratis-server-2.1.0-03f3b68-SNAPSHOT.jar:2.1.0-03f3b68-SNAPSHOT]
	at java.util.concurrent.CompletableFuture.uniComposeStage(CompletableFuture.java:995) ~[?:1.8.0_292]
	at java.util.concurrent.CompletableFuture.thenCompose(CompletableFuture.java:2137) ~[?:1.8.0_292]
	at org.apache.ratis.server.impl.RaftServerProxy.submitRequest(RaftServerProxy.java:411) ~[ratis-server-2.1.0-03f3b68-SNAPSHOT.jar:2.1.0-03f3b68-SNAPSHOT]
	at org.apache.ratis.server.impl.RaftServerProxy.submitClientRequestAsync(RaftServerProxy.java:417) ~[ratis-server-2.1.0-03f3b68-SNAPSHOT.jar:2.1.0-03f3b68-SNAPSHOT]
	at org.apache.ratis.grpc.client.GrpcClientProtocolService$RequestStreamObserver.processClientRequest(GrpcClientProtocolService.java:222) ~[ratis-grpc-2.1.0-03f3b68-SNAPSHOT.jar:2.1.0-03f3b68-SNAPSHOT]
	at org.apache.ratis.grpc.client.GrpcClientProtocolService$OrderedRequestStreamObserver.processClientRequest(GrpcClientProtocolService.java:328) ~[ratis-grpc-2.1.0-03f3b68-SNAPSHOT.jar:2.1.0-03f3b68-SNAPSHOT]
	at org.apache.ratis.util.SlidingWindow$Server.processRequestsFromHead(SlidingWindow.java:431) [ratis-common-2.1.0-03f3b68-SNAPSHOT.jar:2.1.0-03f3b68-SNAPSHOT]
	at org.apache.ratis.util.SlidingWindow$Server.receivedRequest(SlidingWindow.java:423) [ratis-common-2.1.0-03f3b68-SNAPSHOT.jar:2.1.0-03f3b68-SNAPSHOT]
	at org.apache.ratis.grpc.client.GrpcClientProtocolService$OrderedRequestStreamObserver.processClientRequest(GrpcClientProtocolService.java:352) [ratis-grpc-2.1.0-03f3b68-SNAPSHOT.jar:2.1.0-03f3b68-SNAPSHOT]
	at org.apache.ratis.grpc.client.GrpcClientProtocolService$RequestStreamObserver.onNext(GrpcClientProtocolService.java:242) [ratis-grpc-2.1.0-03f3b68-SNAPSHOT.jar:2.1.0-03f3b68-SNAPSHOT]
	at org.apache.ratis.grpc.client.GrpcClientProtocolService$RequestStreamObserver.onNext(GrpcClientProtocolService.java:165) [ratis-grpc-2.1.0-03f3b68-SNAPSHOT.jar:2.1.0-03f3b68-SNAPSHOT]
	at org.apache.ratis.thirdparty.io.grpc.stub.ServerCalls$StreamingServerCallHandler$StreamingServerCallListener.onMessage(ServerCalls.java:255) [ratis-thirdparty-misc-0.7.0.jar:0.7.0]
	at org.apache.ratis.thirdparty.io.grpc.ForwardingServerCallListener.onMessage(ForwardingServerCallListener.java:33) [ratis-thirdparty-misc-0.7.0.jar:0.7.0]
	at org.apache.ratis.thirdparty.io.grpc.internal.ServerCallImpl$ServerStreamListenerImpl.messagesAvailableInternal(ServerCallImpl.java:309) [ratis-thirdparty-misc-0.7.0.jar:0.7.0]
	at org.apache.ratis.thirdparty.io.grpc.internal.ServerCallImpl$ServerStreamListenerImpl.messagesAvailable(ServerCallImpl.java:292) [ratis-thirdparty-misc-0.7.0.jar:0.7.0]
	at org.apache.ratis.thirdparty.io.grpc.internal.ServerImpl$JumpToApplicationThreadServerStreamListener$1MessagesAvailable.runInContext(ServerImpl.java:782) [ratis-thirdparty-misc-0.7.0.jar:0.7.0]
	at org.apache.ratis.thirdparty.io.grpc.internal.ContextRunnable.run(ContextRunnable.java:37) [ratis-thirdparty-misc-0.7.0.jar:0.7.0]
	at org.apache.ratis.thirdparty.io.grpc.internal.SerializingExecutor.run(SerializingExecutor.java:123) [ratis-thirdparty-misc-0.7.0.jar:0.7.0]
	at java.util.concurrent.ThreadPoolExecutor.runWorker(ThreadPoolExecutor.java:1149) [?:1.8.0_292]
	at java.util.concurrent.ThreadPoolExecutor$Worker.run(ThreadPoolExecutor.java:624) [?:1.8.0_292]
	at java.lang.Thread.run(Thread.java:748) [?:1.8.0_292]
13:04:11.264 [grpc-default-executor-3] ERROR DNAudit - user=null | ip=null | op=WRITE_CHUNK {blockData=conID: 1 locID: 107544261427200001 bcsId: 13} | ret=FAILURE
org.apache.hadoop.hdds.scm.container.common.helpers.ContainerNotOpenException: Container 1 in CLOSED state
	at org.apache.hadoop.ozone.container.common.impl.HddsDispatcher.validateContainerCommand(HddsDispatcher.java:480) ~[hdds-container-service-1.2.0-SNAPSHOT.jar:?]
	at org.apache.hadoop.ozone.container.common.transport.server.ratis.ContainerStateMachine.startTransaction(ContainerStateMachine.java:318) ~[hdds-container-service-1.2.0-SNAPSHOT.jar:?]
	at org.apache.ratis.server.impl.RaftServerImpl.submitClientRequestAsync(RaftServerImpl.java:794) ~[ratis-server-2.1.0-03f3b68-SNAPSHOT.jar:2.1.0-03f3b68-SNAPSHOT]
	at org.apache.ratis.server.impl.RaftServerProxy.lambda$submitClientRequestAsync$9(RaftServerProxy.java:417) ~[ratis-server-2.1.0-03f3b68-SNAPSHOT.jar:2.1.0-03f3b68-SNAPSHOT]
	at org.apache.ratis.server.impl.RaftServerProxy.lambda$null$7(RaftServerProxy.java:412) ~[ratis-server-2.1.0-03f3b68-SNAPSHOT.jar:2.1.0-03f3b68-SNAPSHOT]
	at org.apache.ratis.util.JavaUtils.callAsUnchecked(JavaUtils.java:115) ~[ratis-common-2.1.0-03f3b68-SNAPSHOT.jar:2.1.0-03f3b68-SNAPSHOT]
	at org.apache.ratis.server.impl.RaftServerProxy.lambda$submitRequest$8(RaftServerProxy.java:412) ~[ratis-server-2.1.0-03f3b68-SNAPSHOT.jar:2.1.0-03f3b68-SNAPSHOT]
	at java.util.concurrent.CompletableFuture.uniComposeStage(CompletableFuture.java:995) ~[?:1.8.0_292]
	at java.util.concurrent.CompletableFuture.thenCompose(CompletableFuture.java:2137) ~[?:1.8.0_292]
	at org.apache.ratis.server.impl.RaftServerProxy.submitRequest(RaftServerProxy.java:411) ~[ratis-server-2.1.0-03f3b68-SNAPSHOT.jar:2.1.0-03f3b68-SNAPSHOT]
	at org.apache.ratis.server.impl.RaftServerProxy.submitClientRequestAsync(RaftServerProxy.java:417) ~[ratis-server-2.1.0-03f3b68-SNAPSHOT.jar:2.1.0-03f3b68-SNAPSHOT]
	at org.apache.ratis.grpc.client.GrpcClientProtocolService$RequestStreamObserver.processClientRequest(GrpcClientProtocolService.java:222) ~[ratis-grpc-2.1.0-03f3b68-SNAPSHOT.jar:2.1.0-03f3b68-SNAPSHOT]
	at org.apache.ratis.grpc.client.GrpcClientProtocolService$OrderedRequestStreamObserver.processClientRequest(GrpcClientProtocolService.java:328) ~[ratis-grpc-2.1.0-03f3b68-SNAPSHOT.jar:2.1.0-03f3b68-SNAPSHOT]
	at org.apache.ratis.util.SlidingWindow$Server.processRequestsFromHead(SlidingWindow.java:431) [ratis-common-2.1.0-03f3b68-SNAPSHOT.jar:2.1.0-03f3b68-SNAPSHOT]
	at org.apache.ratis.util.SlidingWindow$Server.receivedRequest(SlidingWindow.java:423) [ratis-common-2.1.0-03f3b68-SNAPSHOT.jar:2.1.0-03f3b68-SNAPSHOT]
	at org.apache.ratis.grpc.client.GrpcClientProtocolService$OrderedRequestStreamObserver.processClientRequest(GrpcClientProtocolService.java:352) [ratis-grpc-2.1.0-03f3b68-SNAPSHOT.jar:2.1.0-03f3b68-SNAPSHOT]
	at org.apache.ratis.grpc.client.GrpcClientProtocolService$RequestStreamObserver.onNext(GrpcClientProtocolService.java:242) [ratis-grpc-2.1.0-03f3b68-SNAPSHOT.jar:2.1.0-03f3b68-SNAPSHOT]
	at org.apache.ratis.grpc.client.GrpcClientProtocolService$RequestStreamObserver.onNext(GrpcClientProtocolService.java:165) [ratis-grpc-2.1.0-03f3b68-SNAPSHOT.jar:2.1.0-03f3b68-SNAPSHOT]
	at org.apache.ratis.thirdparty.io.grpc.stub.ServerCalls$StreamingServerCallHandler$StreamingServerCallListener.onMessage(ServerCalls.java:255) [ratis-thirdparty-misc-0.7.0.jar:0.7.0]
	at org.apache.ratis.thirdparty.io.grpc.ForwardingServerCallListener.onMessage(ForwardingServerCallListener.java:33) [ratis-thirdparty-misc-0.7.0.jar:0.7.0]
	at org.apache.ratis.thirdparty.io.grpc.internal.ServerCallImpl$ServerStreamListenerImpl.messagesAvailableInternal(ServerCallImpl.java:309) [ratis-thirdparty-misc-0.7.0.jar:0.7.0]
	at org.apache.ratis.thirdparty.io.grpc.internal.ServerCallImpl$ServerStreamListenerImpl.messagesAvailable(ServerCallImpl.java:292) [ratis-thirdparty-misc-0.7.0.jar:0.7.0]
	at org.apache.ratis.thirdparty.io.grpc.internal.ServerImpl$JumpToApplicationThreadServerStreamListener$1MessagesAvailable.runInContext(ServerImpl.java:782) [ratis-thirdparty-misc-0.7.0.jar:0.7.0]
	at org.apache.ratis.thirdparty.io.grpc.internal.ContextRunnable.run(ContextRunnable.java:37) [ratis-thirdparty-misc-0.7.0.jar:0.7.0]
	at org.apache.ratis.thirdparty.io.grpc.internal.SerializingExecutor.run(SerializingExecutor.java:123) [ratis-thirdparty-misc-0.7.0.jar:0.7.0]
	at java.util.concurrent.ThreadPoolExecutor.runWorker(ThreadPoolExecutor.java:1149) [?:1.8.0_292]
	at java.util.concurrent.ThreadPoolExecutor$Worker.run(ThreadPoolExecutor.java:624) [?:1.8.0_292]
	at java.lang.Thread.run(Thread.java:748) [?:1.8.0_292]
13:04:11.279 [grpc-default-executor-3] ERROR DNAudit - user=null | ip=null | op=PUT_BLOCK {blockData=[blockId=conID: 1 locID: 107544261427200001 bcsId: 0, size=650]} | ret=FAILURE
org.apache.hadoop.hdds.scm.container.common.helpers.ContainerNotOpenException: Container 1 in CLOSED state
	at org.apache.hadoop.ozone.container.common.impl.HddsDispatcher.validateContainerCommand(HddsDispatcher.java:480) ~[hdds-container-service-1.2.0-SNAPSHOT.jar:?]
	at org.apache.hadoop.ozone.container.common.transport.server.ratis.ContainerStateMachine.startTransaction(ContainerStateMachine.java:318) ~[hdds-container-service-1.2.0-SNAPSHOT.jar:?]
	at org.apache.ratis.server.impl.RaftServerImpl.submitClientRequestAsync(RaftServerImpl.java:794) ~[ratis-server-2.1.0-03f3b68-SNAPSHOT.jar:2.1.0-03f3b68-SNAPSHOT]
	at org.apache.ratis.server.impl.RaftServerProxy.lambda$submitClientRequestAsync$9(RaftServerProxy.java:417) ~[ratis-server-2.1.0-03f3b68-SNAPSHOT.jar:2.1.0-03f3b68-SNAPSHOT]
	at org.apache.ratis.server.impl.RaftServerProxy.lambda$null$7(RaftServerProxy.java:412) ~[ratis-server-2.1.0-03f3b68-SNAPSHOT.jar:2.1.0-03f3b68-SNAPSHOT]
	at org.apache.ratis.util.JavaUtils.callAsUnchecked(JavaUtils.java:115) ~[ratis-common-2.1.0-03f3b68-SNAPSHOT.jar:2.1.0-03f3b68-SNAPSHOT]
	at org.apache.ratis.server.impl.RaftServerProxy.lambda$submitRequest$8(RaftServerProxy.java:412) ~[ratis-server-2.1.0-03f3b68-SNAPSHOT.jar:2.1.0-03f3b68-SNAPSHOT]
	at java.util.concurrent.CompletableFuture.uniComposeStage(CompletableFuture.java:995) ~[?:1.8.0_292]
	at java.util.concurrent.CompletableFuture.thenCompose(CompletableFuture.java:2137) ~[?:1.8.0_292]
	at org.apache.ratis.server.impl.RaftServerProxy.submitRequest(RaftServerProxy.java:411) ~[ratis-server-2.1.0-03f3b68-SNAPSHOT.jar:2.1.0-03f3b68-SNAPSHOT]
	at org.apache.ratis.server.impl.RaftServerProxy.submitClientRequestAsync(RaftServerProxy.java:417) ~[ratis-server-2.1.0-03f3b68-SNAPSHOT.jar:2.1.0-03f3b68-SNAPSHOT]
	at org.apache.ratis.grpc.client.GrpcClientProtocolService$RequestStreamObserver.processClientRequest(GrpcClientProtocolService.java:222) ~[ratis-grpc-2.1.0-03f3b68-SNAPSHOT.jar:2.1.0-03f3b68-SNAPSHOT]
	at org.apache.ratis.grpc.client.GrpcClientProtocolService$OrderedRequestStreamObserver.processClientRequest(GrpcClientProtocolService.java:328) ~[ratis-grpc-2.1.0-03f3b68-SNAPSHOT.jar:2.1.0-03f3b68-SNAPSHOT]
	at org.apache.ratis.util.SlidingWindow$Server.processRequestsFromHead(SlidingWindow.java:431) [ratis-common-2.1.0-03f3b68-SNAPSHOT.jar:2.1.0-03f3b68-SNAPSHOT]
	at org.apache.ratis.util.SlidingWindow$Server.receivedRequest(SlidingWindow.java:423) [ratis-common-2.1.0-03f3b68-SNAPSHOT.jar:2.1.0-03f3b68-SNAPSHOT]
	at org.apache.ratis.grpc.client.GrpcClientProtocolService$OrderedRequestStreamObserver.processClientRequest(GrpcClientProtocolService.java:352) [ratis-grpc-2.1.0-03f3b68-SNAPSHOT.jar:2.1.0-03f3b68-SNAPSHOT]
	at org.apache.ratis.grpc.client.GrpcClientProtocolService$RequestStreamObserver.onNext(GrpcClientProtocolService.java:242) [ratis-grpc-2.1.0-03f3b68-SNAPSHOT.jar:2.1.0-03f3b68-SNAPSHOT]
	at org.apache.ratis.grpc.client.GrpcClientProtocolService$RequestStreamObserver.onNext(GrpcClientProtocolService.java:165) [ratis-grpc-2.1.0-03f3b68-SNAPSHOT.jar:2.1.0-03f3b68-SNAPSHOT]
	at org.apache.ratis.thirdparty.io.grpc.stub.ServerCalls$StreamingServerCallHandler$StreamingServerCallListener.onMessage(ServerCalls.java:255) [ratis-thirdparty-misc-0.7.0.jar:0.7.0]
	at org.apache.ratis.thirdparty.io.grpc.ForwardingServerCallListener.onMessage(ForwardingServerCallListener.java:33) [ratis-thirdparty-misc-0.7.0.jar:0.7.0]
	at org.apache.ratis.thirdparty.io.grpc.internal.ServerCallImpl$ServerStreamListenerImpl.messagesAvailableInternal(ServerCallImpl.java:309) [ratis-thirdparty-misc-0.7.0.jar:0.7.0]
	at org.apache.ratis.thirdparty.io.grpc.internal.ServerCallImpl$ServerStreamListenerImpl.messagesAvailable(ServerCallImpl.java:292) [ratis-thirdparty-misc-0.7.0.jar:0.7.0]
	at org.apache.ratis.thirdparty.io.grpc.internal.ServerImpl$JumpToApplicationThreadServerStreamListener$1MessagesAvailable.runInContext(ServerImpl.java:782) [ratis-thirdparty-misc-0.7.0.jar:0.7.0]
	at org.apache.ratis.thirdparty.io.grpc.internal.ContextRunnable.run(ContextRunnable.java:37) [ratis-thirdparty-misc-0.7.0.jar:0.7.0]
	at org.apache.ratis.thirdparty.io.grpc.internal.SerializingExecutor.run(SerializingExecutor.java:123) [ratis-thirdparty-misc-0.7.0.jar:0.7.0]
	at java.util.concurrent.ThreadPoolExecutor.runWorker(ThreadPoolExecutor.java:1149) [?:1.8.0_292]
	at java.util.concurrent.ThreadPoolExecutor$Worker.run(ThreadPoolExecutor.java:624) [?:1.8.0_292]
	at java.lang.Thread.run(Thread.java:748) [?:1.8.0_292]
13:04:11.283 [grpc-default-executor-3] ERROR DNAudit - user=null | ip=null | op=WRITE_CHUNK {blockData=conID: 1 locID: 107544261427200001 bcsId: 13} | ret=FAILURE
org.apache.hadoop.hdds.scm.container.common.helpers.ContainerNotOpenException: Container 1 in CLOSED state
	at org.apache.hadoop.ozone.container.common.impl.HddsDispatcher.validateContainerCommand(HddsDispatcher.java:480) ~[hdds-container-service-1.2.0-SNAPSHOT.jar:?]
	at org.apache.hadoop.ozone.container.common.transport.server.ratis.ContainerStateMachine.startTransaction(ContainerStateMachine.java:318) ~[hdds-container-service-1.2.0-SNAPSHOT.jar:?]
	at org.apache.ratis.server.impl.RaftServerImpl.submitClientRequestAsync(RaftServerImpl.java:794) ~[ratis-server-2.1.0-03f3b68-SNAPSHOT.jar:2.1.0-03f3b68-SNAPSHOT]
	at org.apache.ratis.server.impl.RaftServerProxy.lambda$submitClientRequestAsync$9(RaftServerProxy.java:417) ~[ratis-server-2.1.0-03f3b68-SNAPSHOT.jar:2.1.0-03f3b68-SNAPSHOT]
	at org.apache.ratis.server.impl.RaftServerProxy.lambda$null$7(RaftServerProxy.java:412) ~[ratis-server-2.1.0-03f3b68-SNAPSHOT.jar:2.1.0-03f3b68-SNAPSHOT]
	at org.apache.ratis.util.JavaUtils.callAsUnchecked(JavaUtils.java:115) ~[ratis-common-2.1.0-03f3b68-SNAPSHOT.jar:2.1.0-03f3b68-SNAPSHOT]
	at org.apache.ratis.server.impl.RaftServerProxy.lambda$submitRequest$8(RaftServerProxy.java:412) ~[ratis-server-2.1.0-03f3b68-SNAPSHOT.jar:2.1.0-03f3b68-SNAPSHOT]
	at java.util.concurrent.CompletableFuture.uniComposeStage(CompletableFuture.java:995) ~[?:1.8.0_292]
	at java.util.concurrent.CompletableFuture.thenCompose(CompletableFuture.java:2137) ~[?:1.8.0_292]
	at org.apache.ratis.server.impl.RaftServerProxy.submitRequest(RaftServerProxy.java:411) ~[ratis-server-2.1.0-03f3b68-SNAPSHOT.jar:2.1.0-03f3b68-SNAPSHOT]
	at org.apache.ratis.server.impl.RaftServerProxy.submitClientRequestAsync(RaftServerProxy.java:417) ~[ratis-server-2.1.0-03f3b68-SNAPSHOT.jar:2.1.0-03f3b68-SNAPSHOT]
	at org.apache.ratis.grpc.client.GrpcClientProtocolService$RequestStreamObserver.processClientRequest(GrpcClientProtocolService.java:222) ~[ratis-grpc-2.1.0-03f3b68-SNAPSHOT.jar:2.1.0-03f3b68-SNAPSHOT]
	at org.apache.ratis.grpc.client.GrpcClientProtocolService$OrderedRequestStreamObserver.processClientRequest(GrpcClientProtocolService.java:328) ~[ratis-grpc-2.1.0-03f3b68-SNAPSHOT.jar:2.1.0-03f3b68-SNAPSHOT]
	at org.apache.ratis.util.SlidingWindow$Server.processRequestsFromHead(SlidingWindow.java:431) [ratis-common-2.1.0-03f3b68-SNAPSHOT.jar:2.1.0-03f3b68-SNAPSHOT]
	at org.apache.ratis.util.SlidingWindow$Server.receivedRequest(SlidingWindow.java:423) [ratis-common-2.1.0-03f3b68-SNAPSHOT.jar:2.1.0-03f3b68-SNAPSHOT]
	at org.apache.ratis.grpc.client.GrpcClientProtocolService$OrderedRequestStreamObserver.processClientRequest(GrpcClientProtocolService.java:352) [ratis-grpc-2.1.0-03f3b68-SNAPSHOT.jar:2.1.0-03f3b68-SNAPSHOT]
	at org.apache.ratis.grpc.client.GrpcClientProtocolService$RequestStreamObserver.onNext(GrpcClientProtocolService.java:242) [ratis-grpc-2.1.0-03f3b68-SNAPSHOT.jar:2.1.0-03f3b68-SNAPSHOT]
	at org.apache.ratis.grpc.client.GrpcClientProtocolService$RequestStreamObserver.onNext(GrpcClientProtocolService.java:165) [ratis-grpc-2.1.0-03f3b68-SNAPSHOT.jar:2.1.0-03f3b68-SNAPSHOT]
	at org.apache.ratis.thirdparty.io.grpc.stub.ServerCalls$StreamingServerCallHandler$StreamingServerCallListener.onMessage(ServerCalls.java:255) [ratis-thirdparty-misc-0.7.0.jar:0.7.0]
	at org.apache.ratis.thirdparty.io.grpc.ForwardingServerCallListener.onMessage(ForwardingServerCallListener.java:33) [ratis-thirdparty-misc-0.7.0.jar:0.7.0]
	at org.apache.ratis.thirdparty.io.grpc.internal.ServerCallImpl$ServerStreamListenerImpl.messagesAvailableInternal(ServerCallImpl.java:309) [ratis-thirdparty-misc-0.7.0.jar:0.7.0]
	at org.apache.ratis.thirdparty.io.grpc.internal.ServerCallImpl$ServerStreamListenerImpl.messagesAvailable(ServerCallImpl.java:292) [ratis-thirdparty-misc-0.7.0.jar:0.7.0]
	at org.apache.ratis.thirdparty.io.grpc.internal.ServerImpl$JumpToApplicationThreadServerStreamListener$1MessagesAvailable.runInContext(ServerImpl.java:782) [ratis-thirdparty-misc-0.7.0.jar:0.7.0]
	at org.apache.ratis.thirdparty.io.grpc.internal.ContextRunnable.run(ContextRunnable.java:37) [ratis-thirdparty-misc-0.7.0.jar:0.7.0]
	at org.apache.ratis.thirdparty.io.grpc.internal.SerializingExecutor.run(SerializingExecutor.java:123) [ratis-thirdparty-misc-0.7.0.jar:0.7.0]
	at java.util.concurrent.ThreadPoolExecutor.runWorker(ThreadPoolExecutor.java:1149) [?:1.8.0_292]
	at java.util.concurrent.ThreadPoolExecutor$Worker.run(ThreadPoolExecutor.java:624) [?:1.8.0_292]
	at java.lang.Thread.run(Thread.java:748) [?:1.8.0_292]
13:04:11.289 [grpc-default-executor-3] ERROR DNAudit - user=null | ip=null | op=WRITE_CHUNK {blockData=conID: 1 locID: 107544261427200001 bcsId: 13} | ret=FAILURE
org.apache.hadoop.hdds.scm.container.common.helpers.ContainerNotOpenException: Container 1 in CLOSED state
	at org.apache.hadoop.ozone.container.common.impl.HddsDispatcher.validateContainerCommand(HddsDispatcher.java:480) ~[hdds-container-service-1.2.0-SNAPSHOT.jar:?]
	at org.apache.hadoop.ozone.container.common.transport.server.ratis.ContainerStateMachine.startTransaction(ContainerStateMachine.java:318) ~[hdds-container-service-1.2.0-SNAPSHOT.jar:?]
	at org.apache.ratis.server.impl.RaftServerImpl.submitClientRequestAsync(RaftServerImpl.java:794) ~[ratis-server-2.1.0-03f3b68-SNAPSHOT.jar:2.1.0-03f3b68-SNAPSHOT]
	at org.apache.ratis.server.impl.RaftServerProxy.lambda$submitClientRequestAsync$9(RaftServerProxy.java:417) ~[ratis-server-2.1.0-03f3b68-SNAPSHOT.jar:2.1.0-03f3b68-SNAPSHOT]
	at org.apache.ratis.server.impl.RaftServerProxy.lambda$null$7(RaftServerProxy.java:412) ~[ratis-server-2.1.0-03f3b68-SNAPSHOT.jar:2.1.0-03f3b68-SNAPSHOT]
	at org.apache.ratis.util.JavaUtils.callAsUnchecked(JavaUtils.java:115) ~[ratis-common-2.1.0-03f3b68-SNAPSHOT.jar:2.1.0-03f3b68-SNAPSHOT]
	at org.apache.ratis.server.impl.RaftServerProxy.lambda$submitRequest$8(RaftServerProxy.java:412) ~[ratis-server-2.1.0-03f3b68-SNAPSHOT.jar:2.1.0-03f3b68-SNAPSHOT]
	at java.util.concurrent.CompletableFuture.uniComposeStage(CompletableFuture.java:995) ~[?:1.8.0_292]
	at java.util.concurrent.CompletableFuture.thenCompose(CompletableFuture.java:2137) ~[?:1.8.0_292]
	at org.apache.ratis.server.impl.RaftServerProxy.submitRequest(RaftServerProxy.java:411) ~[ratis-server-2.1.0-03f3b68-SNAPSHOT.jar:2.1.0-03f3b68-SNAPSHOT]
	at org.apache.ratis.server.impl.RaftServerProxy.submitClientRequestAsync(RaftServerProxy.java:417) ~[ratis-server-2.1.0-03f3b68-SNAPSHOT.jar:2.1.0-03f3b68-SNAPSHOT]
	at org.apache.ratis.grpc.client.GrpcClientProtocolService$RequestStreamObserver.processClientRequest(GrpcClientProtocolService.java:222) ~[ratis-grpc-2.1.0-03f3b68-SNAPSHOT.jar:2.1.0-03f3b68-SNAPSHOT]
	at org.apache.ratis.grpc.client.GrpcClientProtocolService$OrderedRequestStreamObserver.processClientRequest(GrpcClientProtocolService.java:328) ~[ratis-grpc-2.1.0-03f3b68-SNAPSHOT.jar:2.1.0-03f3b68-SNAPSHOT]
	at org.apache.ratis.util.SlidingWindow$Server.processRequestsFromHead(SlidingWindow.java:431) [ratis-common-2.1.0-03f3b68-SNAPSHOT.jar:2.1.0-03f3b68-SNAPSHOT]
	at org.apache.ratis.util.SlidingWindow$Server.receivedRequest(SlidingWindow.java:423) [ratis-common-2.1.0-03f3b68-SNAPSHOT.jar:2.1.0-03f3b68-SNAPSHOT]
	at org.apache.ratis.grpc.client.GrpcClientProtocolService$OrderedRequestStreamObserver.processClientRequest(GrpcClientProtocolService.java:352) [ratis-grpc-2.1.0-03f3b68-SNAPSHOT.jar:2.1.0-03f3b68-SNAPSHOT]
	at org.apache.ratis.grpc.client.GrpcClientProtocolService$RequestStreamObserver.onNext(GrpcClientProtocolService.java:242) [ratis-grpc-2.1.0-03f3b68-SNAPSHOT.jar:2.1.0-03f3b68-SNAPSHOT]
	at org.apache.ratis.grpc.client.GrpcClientProtocolService$RequestStreamObserver.onNext(GrpcClientProtocolService.java:165) [ratis-grpc-2.1.0-03f3b68-SNAPSHOT.jar:2.1.0-03f3b68-SNAPSHOT]
	at org.apache.ratis.thirdparty.io.grpc.stub.ServerCalls$StreamingServerCallHandler$StreamingServerCallListener.onMessage(ServerCalls.java:255) [ratis-thirdparty-misc-0.7.0.jar:0.7.0]
	at org.apache.ratis.thirdparty.io.grpc.ForwardingServerCallListener.onMessage(ForwardingServerCallListener.java:33) [ratis-thirdparty-misc-0.7.0.jar:0.7.0]
	at org.apache.ratis.thirdparty.io.grpc.internal.ServerCallImpl$ServerStreamListenerImpl.messagesAvailableInternal(ServerCallImpl.java:309) [ratis-thirdparty-misc-0.7.0.jar:0.7.0]
	at org.apache.ratis.thirdparty.io.grpc.internal.ServerCallImpl$ServerStreamListenerImpl.messagesAvailable(ServerCallImpl.java:292) [ratis-thirdparty-misc-0.7.0.jar:0.7.0]
	at org.apache.ratis.thirdparty.io.grpc.internal.ServerImpl$JumpToApplicationThreadServerStreamListener$1MessagesAvailable.runInContext(ServerImpl.java:782) [ratis-thirdparty-misc-0.7.0.jar:0.7.0]
	at org.apache.ratis.thirdparty.io.grpc.internal.ContextRunnable.run(ContextRunnable.java:37) [ratis-thirdparty-misc-0.7.0.jar:0.7.0]
	at org.apache.ratis.thirdparty.io.grpc.internal.SerializingExecutor.run(SerializingExecutor.java:123) [ratis-thirdparty-misc-0.7.0.jar:0.7.0]
	at java.util.concurrent.ThreadPoolExecutor.runWorker(ThreadPoolExecutor.java:1149) [?:1.8.0_292]
	at java.util.concurrent.ThreadPoolExecutor$Worker.run(ThreadPoolExecutor.java:624) [?:1.8.0_292]
	at java.lang.Thread.run(Thread.java:748) [?:1.8.0_292]
13:04:11.295 [grpc-default-executor-3] ERROR DNAudit - user=null | ip=null | op=PUT_BLOCK {blockData=[blockId=conID: 1 locID: 107544261427200001 bcsId: 0, size=800]} | ret=FAILURE
org.apache.hadoop.hdds.scm.container.common.helpers.ContainerNotOpenException: Container 1 in CLOSED state
	at org.apache.hadoop.ozone.container.common.impl.HddsDispatcher.validateContainerCommand(HddsDispatcher.java:480) ~[hdds-container-service-1.2.0-SNAPSHOT.jar:?]
	at org.apache.hadoop.ozone.container.common.transport.server.ratis.ContainerStateMachine.startTransaction(ContainerStateMachine.java:318) ~[hdds-container-service-1.2.0-SNAPSHOT.jar:?]
	at org.apache.ratis.server.impl.RaftServerImpl.submitClientRequestAsync(RaftServerImpl.java:794) ~[ratis-server-2.1.0-03f3b68-SNAPSHOT.jar:2.1.0-03f3b68-SNAPSHOT]
	at org.apache.ratis.server.impl.RaftServerProxy.lambda$submitClientRequestAsync$9(RaftServerProxy.java:417) ~[ratis-server-2.1.0-03f3b68-SNAPSHOT.jar:2.1.0-03f3b68-SNAPSHOT]
	at org.apache.ratis.server.impl.RaftServerProxy.lambda$null$7(RaftServerProxy.java:412) ~[ratis-server-2.1.0-03f3b68-SNAPSHOT.jar:2.1.0-03f3b68-SNAPSHOT]
	at org.apache.ratis.util.JavaUtils.callAsUnchecked(JavaUtils.java:115) ~[ratis-common-2.1.0-03f3b68-SNAPSHOT.jar:2.1.0-03f3b68-SNAPSHOT]
	at org.apache.ratis.server.impl.RaftServerProxy.lambda$submitRequest$8(RaftServerProxy.java:412) ~[ratis-server-2.1.0-03f3b68-SNAPSHOT.jar:2.1.0-03f3b68-SNAPSHOT]
	at java.util.concurrent.CompletableFuture.uniComposeStage(CompletableFuture.java:995) ~[?:1.8.0_292]
	at java.util.concurrent.CompletableFuture.thenCompose(CompletableFuture.java:2137) ~[?:1.8.0_292]
	at org.apache.ratis.server.impl.RaftServerProxy.submitRequest(RaftServerProxy.java:411) ~[ratis-server-2.1.0-03f3b68-SNAPSHOT.jar:2.1.0-03f3b68-SNAPSHOT]
	at org.apache.ratis.server.impl.RaftServerProxy.submitClientRequestAsync(RaftServerProxy.java:417) ~[ratis-server-2.1.0-03f3b68-SNAPSHOT.jar:2.1.0-03f3b68-SNAPSHOT]
	at org.apache.ratis.grpc.client.GrpcClientProtocolService$RequestStreamObserver.processClientRequest(GrpcClientProtocolService.java:222) ~[ratis-grpc-2.1.0-03f3b68-SNAPSHOT.jar:2.1.0-03f3b68-SNAPSHOT]
	at org.apache.ratis.grpc.client.GrpcClientProtocolService$OrderedRequestStreamObserver.processClientRequest(GrpcClientProtocolService.java:328) ~[ratis-grpc-2.1.0-03f3b68-SNAPSHOT.jar:2.1.0-03f3b68-SNAPSHOT]
	at org.apache.ratis.util.SlidingWindow$Server.processRequestsFromHead(SlidingWindow.java:431) [ratis-common-2.1.0-03f3b68-SNAPSHOT.jar:2.1.0-03f3b68-SNAPSHOT]
	at org.apache.ratis.util.SlidingWindow$Server.receivedRequest(SlidingWindow.java:423) [ratis-common-2.1.0-03f3b68-SNAPSHOT.jar:2.1.0-03f3b68-SNAPSHOT]
	at org.apache.ratis.grpc.client.GrpcClientProtocolService$OrderedRequestStreamObserver.processClientRequest(GrpcClientProtocolService.java:352) [ratis-grpc-2.1.0-03f3b68-SNAPSHOT.jar:2.1.0-03f3b68-SNAPSHOT]
	at org.apache.ratis.grpc.client.GrpcClientProtocolService$RequestStreamObserver.onNext(GrpcClientProtocolService.java:242) [ratis-grpc-2.1.0-03f3b68-SNAPSHOT.jar:2.1.0-03f3b68-SNAPSHOT]
	at org.apache.ratis.grpc.client.GrpcClientProtocolService$RequestStreamObserver.onNext(GrpcClientProtocolService.java:165) [ratis-grpc-2.1.0-03f3b68-SNAPSHOT.jar:2.1.0-03f3b68-SNAPSHOT]
	at org.apache.ratis.thirdparty.io.grpc.stub.ServerCalls$StreamingServerCallHandler$StreamingServerCallListener.onMessage(ServerCalls.java:255) [ratis-thirdparty-misc-0.7.0.jar:0.7.0]
	at org.apache.ratis.thirdparty.io.grpc.ForwardingServerCallListener.onMessage(ForwardingServerCallListener.java:33) [ratis-thirdparty-misc-0.7.0.jar:0.7.0]
	at org.apache.ratis.thirdparty.io.grpc.internal.ServerCallImpl$ServerStreamListenerImpl.messagesAvailableInternal(ServerCallImpl.java:309) [ratis-thirdparty-misc-0.7.0.jar:0.7.0]
	at org.apache.ratis.thirdparty.io.grpc.internal.ServerCallImpl$ServerStreamListenerImpl.messagesAvailable(ServerCallImpl.java:292) [ratis-thirdparty-misc-0.7.0.jar:0.7.0]
	at org.apache.ratis.thirdparty.io.grpc.internal.ServerImpl$JumpToApplicationThreadServerStreamListener$1MessagesAvailable.runInContext(ServerImpl.java:782) [ratis-thirdparty-misc-0.7.0.jar:0.7.0]
	at org.apache.ratis.thirdparty.io.grpc.internal.ContextRunnable.run(ContextRunnable.java:37) [ratis-thirdparty-misc-0.7.0.jar:0.7.0]
	at org.apache.ratis.thirdparty.io.grpc.internal.SerializingExecutor.run(SerializingExecutor.java:123) [ratis-thirdparty-misc-0.7.0.jar:0.7.0]
	at java.util.concurrent.ThreadPoolExecutor.runWorker(ThreadPoolExecutor.java:1149) [?:1.8.0_292]
	at java.util.concurrent.ThreadPoolExecutor$Worker.run(ThreadPoolExecutor.java:624) [?:1.8.0_292]
	at java.lang.Thread.run(Thread.java:748) [?:1.8.0_292]
2021-08-31 13:04:11,375 [IPC Server handler 0 on default port 41623] INFO  pipeline.RatisPipelineProvider (RatisPipelineProvider.java:lambda$create$0(183)) - Sending CreatePipelineCommand for pipeline:PipelineID=8f0b4c66-e8d4-47e9-a941-fe8b2710e868 to datanode:41b49504-2605-44a7-8135-9defd08b62b0
2021-08-31 13:04:11,375 [IPC Server handler 0 on default port 41623] INFO  pipeline.RatisPipelineProvider (RatisPipelineProvider.java:lambda$create$0(183)) - Sending CreatePipelineCommand for pipeline:PipelineID=8f0b4c66-e8d4-47e9-a941-fe8b2710e868 to datanode:824157db-23a7-404e-be12-869143e8adda
2021-08-31 13:04:11,375 [IPC Server handler 0 on default port 41623] INFO  pipeline.RatisPipelineProvider (RatisPipelineProvider.java:lambda$create$0(183)) - Sending CreatePipelineCommand for pipeline:PipelineID=8f0b4c66-e8d4-47e9-a941-fe8b2710e868 to datanode:fde2103a-ce00-4253-a576-ea8232893539
2021-08-31 13:04:11,376 [IPC Server handler 0 on default port 41623] INFO  pipeline.PipelineStateManager (PipelineStateManagerV2Impl.java:addPipeline(101)) - Created pipeline Pipeline[ Id: 8f0b4c66-e8d4-47e9-a941-fe8b2710e868, Nodes: 41b49504-2605-44a7-8135-9defd08b62b0{ip: 10.1.0.6, host: fv-az151-142, ports: [REPLICATION=40545, RATIS=41505, RATIS_ADMIN=41505, RATIS_SERVER=41505, STANDALONE=40967], networkLocation: /default-rack, certSerialId: null, persistedOpState: IN_SERVICE, persistedOpStateExpiryEpochSec: 0}824157db-23a7-404e-be12-869143e8adda{ip: 10.1.0.6, host: fv-az151-142, ports: [REPLICATION=40363, RATIS=33221, RATIS_ADMIN=33221, RATIS_SERVER=33221, STANDALONE=39145], networkLocation: /default-rack, certSerialId: null, persistedOpState: IN_SERVICE, persistedOpStateExpiryEpochSec: 0}fde2103a-ce00-4253-a576-ea8232893539{ip: 10.1.0.6, host: fv-az151-142, ports: [REPLICATION=36451, RATIS=43381, RATIS_ADMIN=43381, RATIS_SERVER=43381, STANDALONE=36577], networkLocation: /default-rack, certSerialId: null, persistedOpState: IN_SERVICE, persistedOpStateExpiryEpochSec: 0}, ReplicationConfig: RATIS/THREE, State:ALLOCATED, leaderId:, CreationTimestamp2021-08-31T13:04:11.375Z[Etc/UTC]].
2021-08-31 13:04:11,752 [grpc-default-executor-3] WARN  server.GrpcLogAppender (LogUtils.java:warn(122)) - 41b49504-2605-44a7-8135-9defd08b62b0@group-8F175209AE26->940b181a-f656-490c-a8b1-afc5b8b121dc-AppendLogResponseHandler: Failed appendEntries: org.apache.ratis.thirdparty.io.grpc.StatusRuntimeException: UNAVAILABLE: io exception
2021-08-31 13:04:11,753 [grpc-default-executor-3] INFO  leader.FollowerInfo (FollowerInfoImpl.java:lambda$new$0(46)) - 41b49504-2605-44a7-8135-9defd08b62b0@group-8F175209AE26->940b181a-f656-490c-a8b1-afc5b8b121dc: nextIndex: updateUnconditionally 16 -> 15
2021-08-31 13:04:12,801 [EventQueue-StaleNodeForStaleNodeHandler] INFO  node.StaleNodeHandler (StaleNodeHandler.java:onMessage(58)) - Datanode fde2103a-ce00-4253-a576-ea8232893539{ip: 10.1.0.6, host: fv-az151-142, ports: [REPLICATION=36451, RATIS=43381, RATIS_ADMIN=43381, RATIS_SERVER=43381, STANDALONE=36577], networkLocation: /default-rack, certSerialId: null, persistedOpState: IN_SERVICE, persistedOpStateExpiryEpochSec: 0} moved to stale state. Finalizing its pipelines [PipelineID=8f0b4c66-e8d4-47e9-a941-fe8b2710e868, PipelineID=4fe733f3-64a3-4a2c-96ed-74e31ebc5b11, PipelineID=df4b5ad2-fca6-4234-b989-8f175209ae26, PipelineID=bcca9cef-7c19-4c59-bfaa-862d64ef6f50]
2021-08-31 13:04:12,801 [EventQueue-StaleNodeForStaleNodeHandler] INFO  pipeline.PipelineManagerImpl (PipelineManagerImpl.java:closePipeline(342)) - Pipeline Pipeline[ Id: 8f0b4c66-e8d4-47e9-a941-fe8b2710e868, Nodes: 41b49504-2605-44a7-8135-9defd08b62b0{ip: 10.1.0.6, host: fv-az151-142, ports: [REPLICATION=40545, RATIS=41505, RATIS_ADMIN=41505, RATIS_SERVER=41505, STANDALONE=40967], networkLocation: /default-rack, certSerialId: null, persistedOpState: IN_SERVICE, persistedOpStateExpiryEpochSec: 0}824157db-23a7-404e-be12-869143e8adda{ip: 10.1.0.6, host: fv-az151-142, ports: [REPLICATION=40363, RATIS=33221, RATIS_ADMIN=33221, RATIS_SERVER=33221, STANDALONE=39145], networkLocation: /default-rack, certSerialId: null, persistedOpState: IN_SERVICE, persistedOpStateExpiryEpochSec: 0}fde2103a-ce00-4253-a576-ea8232893539{ip: 10.1.0.6, host: fv-az151-142, ports: [REPLICATION=36451, RATIS=43381, RATIS_ADMIN=43381, RATIS_SERVER=43381, STANDALONE=36577], networkLocation: /default-rack, certSerialId: null, persistedOpState: IN_SERVICE, persistedOpStateExpiryEpochSec: 0}, ReplicationConfig: RATIS/THREE, State:ALLOCATED, leaderId:, CreationTimestamp2021-08-31T13:04:11.375Z[Etc/UTC]] moved to CLOSED state
2021-08-31 13:04:12,802 [EventQueue-StaleNodeForStaleNodeHandler] INFO  pipeline.PipelineManagerImpl (PipelineManagerImpl.java:closePipeline(342)) - Pipeline Pipeline[ Id: 4fe733f3-64a3-4a2c-96ed-74e31ebc5b11, Nodes: fde2103a-ce00-4253-a576-ea8232893539{ip: 10.1.0.6, host: fv-az151-142, ports: [REPLICATION=36451, RATIS=43381, RATIS_ADMIN=43381, RATIS_SERVER=43381, STANDALONE=36577], networkLocation: /default-rack, certSerialId: null, persistedOpState: IN_SERVICE, persistedOpStateExpiryEpochSec: 0}, ReplicationConfig: RATIS/ONE, State:OPEN, leaderId:fde2103a-ce00-4253-a576-ea8232893539, CreationTimestamp2021-08-31T13:03:44.138Z[Etc/UTC]] moved to CLOSED state
2021-08-31 13:04:13,225 [grpc-default-executor-3] WARN  server.GrpcLogAppender (LogUtils.java:warn(122)) - 41b49504-2605-44a7-8135-9defd08b62b0@group-8F175209AE26->fde2103a-ce00-4253-a576-ea8232893539-AppendLogResponseHandler: Failed appendEntries: org.apache.ratis.thirdparty.io.grpc.StatusRuntimeException: UNAVAILABLE: io exception
2021-08-31 13:04:13,226 [grpc-default-executor-3] INFO  leader.FollowerInfo (FollowerInfoImpl.java:lambda$new$0(46)) - 41b49504-2605-44a7-8135-9defd08b62b0@group-8F175209AE26->fde2103a-ce00-4253-a576-ea8232893539: nextIndex: updateUnconditionally 18 -> 17
2021-08-31 13:04:13,551 [48a67b91-f7be-40c9-a901-78f22c1148cd@group-137DB946C243-FollowerState] INFO  impl.FollowerState (FollowerState.java:run(134)) - 48a67b91-f7be-40c9-a901-78f22c1148cd@group-137DB946C243-FollowerState: change to CANDIDATE, lastRpcElapsedTime:5030182092ns, electionTimeout:5021ms
2021-08-31 13:04:13,552 [48a67b91-f7be-40c9-a901-78f22c1148cd@group-137DB946C243-FollowerState] INFO  impl.RoleInfo (RoleInfo.java:shutdownFollowerState(108)) - 48a67b91-f7be-40c9-a901-78f22c1148cd: shutdown 48a67b91-f7be-40c9-a901-78f22c1148cd@group-137DB946C243-FollowerState
2021-08-31 13:04:13,552 [48a67b91-f7be-40c9-a901-78f22c1148cd@group-137DB946C243-FollowerState] INFO  server.RaftServer$Division (RaftServerImpl.java:setRole(285)) - 48a67b91-f7be-40c9-a901-78f22c1148cd@group-137DB946C243: changes role from  FOLLOWER to CANDIDATE at term 4 for changeToCandidate
2021-08-31 13:04:13,552 [48a67b91-f7be-40c9-a901-78f22c1148cd@group-137DB946C243-FollowerState] INFO  server.RaftServerConfigKeys (ConfUtils.java:logGet(44)) - raft.server.leaderelection.pre-vote = false (custom)
2021-08-31 13:04:13,552 [48a67b91-f7be-40c9-a901-78f22c1148cd@group-137DB946C243-FollowerState] INFO  impl.RoleInfo (RoleInfo.java:updateAndGet(130)) - 48a67b91-f7be-40c9-a901-78f22c1148cd: start 48a67b91-f7be-40c9-a901-78f22c1148cd@group-137DB946C243-LeaderElection28
2021-08-31 13:04:13,558 [48a67b91-f7be-40c9-a901-78f22c1148cd@group-137DB946C243-LeaderElection28] INFO  impl.LeaderElection (LeaderElection.java:askForVotes(306)) - 48a67b91-f7be-40c9-a901-78f22c1148cd@group-137DB946C243-LeaderElection28 ELECTION round 0: submit vote requests at term 5 for -1: [1a766833-fcfc-4255-a382-49e3d560613d|rpc:10.1.0.6:42143|priority:0, 48a67b91-f7be-40c9-a901-78f22c1148cd|rpc:10.1.0.6:46047|priority:0, c1e41c75-4b16-43e8-a71d-6e9134c212c3|rpc:10.1.0.6:40007|priority:1], old=null
2021-08-31 13:04:13,571 [grpc-default-executor-3] INFO  server.RaftServer$Division (RaftServerImpl.java:requestVote(1043)) - 1a766833-fcfc-4255-a382-49e3d560613d@group-137DB946C243: receive requestVote(ELECTION, 48a67b91-f7be-40c9-a901-78f22c1148cd, group-137DB946C243, 5, (t:0, i:0))
2021-08-31 13:04:13,571 [grpc-default-executor-3] INFO  impl.VoteContext (VoteContext.java:log(48)) - 1a766833-fcfc-4255-a382-49e3d560613d@group-137DB946C243-FOLLOWER: accept ELECTION from 48a67b91-f7be-40c9-a901-78f22c1148cd: our priority 0 <= candidate's priority 0
2021-08-31 13:04:13,571 [grpc-default-executor-3] INFO  server.RaftServer$Division (RaftServerImpl.java:setRole(285)) - 1a766833-fcfc-4255-a382-49e3d560613d@group-137DB946C243: changes role from  FOLLOWER to FOLLOWER at term 5 for candidate:48a67b91-f7be-40c9-a901-78f22c1148cd
2021-08-31 13:04:13,571 [grpc-default-executor-3] INFO  impl.RoleInfo (RoleInfo.java:shutdownFollowerState(108)) - 1a766833-fcfc-4255-a382-49e3d560613d: shutdown 1a766833-fcfc-4255-a382-49e3d560613d@group-137DB946C243-FollowerState
2021-08-31 13:04:13,577 [grpc-default-executor-3] INFO  impl.RoleInfo (RoleInfo.java:updateAndGet(130)) - 1a766833-fcfc-4255-a382-49e3d560613d: start 1a766833-fcfc-4255-a382-49e3d560613d@group-137DB946C243-FollowerState
2021-08-31 13:04:13,578 [1a766833-fcfc-4255-a382-49e3d560613d@group-137DB946C243-FollowerState] INFO  impl.FollowerState (FollowerState.java:run(143)) - 1a766833-fcfc-4255-a382-49e3d560613d@group-137DB946C243-FollowerState was interrupted: {}
java.lang.InterruptedException: sleep interrupted
	at java.lang.Thread.sleep(Native Method)
	at java.lang.Thread.sleep(Thread.java:340)
	at java.util.concurrent.TimeUnit.sleep(TimeUnit.java:386)
	at org.apache.ratis.util.TimeDuration.sleep(TimeDuration.java:324)
	at org.apache.ratis.util.TimeDuration.sleep(TimeDuration.java:309)
	at org.apache.ratis.server.impl.FollowerState.run(FollowerState.java:118)
2021-08-31 13:04:13,593 [grpc-default-executor-3] INFO  server.RaftServer$Division (RaftServerImpl.java:requestVote(1075)) - 1a766833-fcfc-4255-a382-49e3d560613d@group-137DB946C243 replies to ELECTION vote request: 48a67b91-f7be-40c9-a901-78f22c1148cd<-1a766833-fcfc-4255-a382-49e3d560613d#0:OK-t5. Peer's state: 1a766833-fcfc-4255-a382-49e3d560613d@group-137DB946C243:t5, leader=null, voted=48a67b91-f7be-40c9-a901-78f22c1148cd, raftlog=1a766833-fcfc-4255-a382-49e3d560613d@group-137DB946C243-SegmentedRaftLog:OPENED:c-1,f-1,i0, conf=-1: [1a766833-fcfc-4255-a382-49e3d560613d|rpc:10.1.0.6:42143|dataStream:|priority:0, 48a67b91-f7be-40c9-a901-78f22c1148cd|rpc:10.1.0.6:46047|dataStream:|priority:0, c1e41c75-4b16-43e8-a71d-6e9134c212c3|rpc:10.1.0.6:40007|dataStream:|priority:1], old=null
2021-08-31 13:04:13,580 [grpc-default-executor-1] INFO  server.RaftServer$Division (RaftServerImpl.java:requestVote(1043)) - c1e41c75-4b16-43e8-a71d-6e9134c212c3@group-137DB946C243: receive requestVote(ELECTION, 48a67b91-f7be-40c9-a901-78f22c1148cd, group-137DB946C243, 5, (t:0, i:0))
2021-08-31 13:04:13,594 [grpc-default-executor-1] INFO  impl.VoteContext (VoteContext.java:log(48)) - c1e41c75-4b16-43e8-a71d-6e9134c212c3@group-137DB946C243-FOLLOWER: reject ELECTION from 48a67b91-f7be-40c9-a901-78f22c1148cd: our priority 1 > candidate's priority 0
2021-08-31 13:04:13,594 [grpc-default-executor-1] INFO  server.RaftServer$Division (RaftServerImpl.java:setRole(285)) - c1e41c75-4b16-43e8-a71d-6e9134c212c3@group-137DB946C243: changes role from  FOLLOWER to FOLLOWER at term 5 for candidate:48a67b91-f7be-40c9-a901-78f22c1148cd
2021-08-31 13:04:13,594 [grpc-default-executor-1] INFO  impl.RoleInfo (RoleInfo.java:shutdownFollowerState(108)) - c1e41c75-4b16-43e8-a71d-6e9134c212c3: shutdown c1e41c75-4b16-43e8-a71d-6e9134c212c3@group-137DB946C243-FollowerState
2021-08-31 13:04:13,594 [grpc-default-executor-1] INFO  impl.RoleInfo (RoleInfo.java:updateAndGet(130)) - c1e41c75-4b16-43e8-a71d-6e9134c212c3: start c1e41c75-4b16-43e8-a71d-6e9134c212c3@group-137DB946C243-FollowerState
2021-08-31 13:04:13,595 [c1e41c75-4b16-43e8-a71d-6e9134c212c3@group-137DB946C243-FollowerState] INFO  impl.FollowerState (FollowerState.java:run(143)) - c1e41c75-4b16-43e8-a71d-6e9134c212c3@group-137DB946C243-FollowerState was interrupted: {}
java.lang.InterruptedException: sleep interrupted
	at java.lang.Thread.sleep(Native Method)
	at java.lang.Thread.sleep(Thread.java:340)
	at java.util.concurrent.TimeUnit.sleep(TimeUnit.java:386)
	at org.apache.ratis.util.TimeDuration.sleep(TimeDuration.java:324)
	at org.apache.ratis.util.TimeDuration.sleep(TimeDuration.java:309)
	at org.apache.ratis.server.impl.FollowerState.run(FollowerState.java:118)
2021-08-31 13:04:13,598 [grpc-default-executor-1] INFO  server.RaftServer$Division (RaftServerImpl.java:requestVote(1075)) - c1e41c75-4b16-43e8-a71d-6e9134c212c3@group-137DB946C243 replies to ELECTION vote request: 48a67b91-f7be-40c9-a901-78f22c1148cd<-c1e41c75-4b16-43e8-a71d-6e9134c212c3#0:FAIL-t5. Peer's state: c1e41c75-4b16-43e8-a71d-6e9134c212c3@group-137DB946C243:t5, leader=null, voted=null, raftlog=c1e41c75-4b16-43e8-a71d-6e9134c212c3@group-137DB946C243-SegmentedRaftLog:OPENED:c-1,f-1,i0, conf=-1: [1a766833-fcfc-4255-a382-49e3d560613d|rpc:10.1.0.6:42143|dataStream:|priority:0, 48a67b91-f7be-40c9-a901-78f22c1148cd|rpc:10.1.0.6:46047|dataStream:|priority:0, c1e41c75-4b16-43e8-a71d-6e9134c212c3|rpc:10.1.0.6:40007|dataStream:|priority:1], old=null
2021-08-31 13:04:13,599 [48a67b91-f7be-40c9-a901-78f22c1148cd@group-137DB946C243-LeaderElection28] INFO  impl.LeaderElection (LeaderElection.java:logAndReturn(89)) - 48a67b91-f7be-40c9-a901-78f22c1148cd@group-137DB946C243-LeaderElection28: ELECTION REJECTED received 2 response(s) and 0 exception(s):
2021-08-31 13:04:13,599 [48a67b91-f7be-40c9-a901-78f22c1148cd@group-137DB946C243-LeaderElection28] INFO  impl.LeaderElection (LeaderElection.java:logAndReturn(93)) -   Response 0: 48a67b91-f7be-40c9-a901-78f22c1148cd<-1a766833-fcfc-4255-a382-49e3d560613d#0:OK-t5
2021-08-31 13:04:13,599 [48a67b91-f7be-40c9-a901-78f22c1148cd@group-137DB946C243-LeaderElection28] INFO  impl.LeaderElection (LeaderElection.java:logAndReturn(93)) -   Response 1: 48a67b91-f7be-40c9-a901-78f22c1148cd<-c1e41c75-4b16-43e8-a71d-6e9134c212c3#0:FAIL-t5
2021-08-31 13:04:13,600 [48a67b91-f7be-40c9-a901-78f22c1148cd@group-137DB946C243-LeaderElection28] INFO  impl.LeaderElection (LeaderElection.java:askForVotes(308)) - 48a67b91-f7be-40c9-a901-78f22c1148cd@group-137DB946C243-LeaderElection28 ELECTION round 0: result REJECTED
2021-08-31 13:04:13,600 [48a67b91-f7be-40c9-a901-78f22c1148cd@group-137DB946C243-LeaderElection28] INFO  server.RaftServer$Division (RaftServerImpl.java:setRole(285)) - 48a67b91-f7be-40c9-a901-78f22c1148cd@group-137DB946C243: changes role from CANDIDATE to FOLLOWER at term 5 for REJECTED
2021-08-31 13:04:13,600 [48a67b91-f7be-40c9-a901-78f22c1148cd@group-137DB946C243-LeaderElection28] INFO  impl.RoleInfo (RoleInfo.java:shutdownLeaderElection(121)) - 48a67b91-f7be-40c9-a901-78f22c1148cd: shutdown 48a67b91-f7be-40c9-a901-78f22c1148cd@group-137DB946C243-LeaderElection28
2021-08-31 13:04:13,600 [48a67b91-f7be-40c9-a901-78f22c1148cd@group-137DB946C243-LeaderElection28] INFO  impl.RoleInfo (RoleInfo.java:updateAndGet(130)) - 48a67b91-f7be-40c9-a901-78f22c1148cd: start 48a67b91-f7be-40c9-a901-78f22c1148cd@group-137DB946C243-FollowerState
2021-08-31 13:04:13,757 [Command processor thread] INFO  server.RaftServer (RaftServerProxy.java:addNew(95)) - 41b49504-2605-44a7-8135-9defd08b62b0: addNew group-FE8B2710E868:[824157db-23a7-404e-be12-869143e8adda|rpc:10.1.0.6:33221|priority:1, 41b49504-2605-44a7-8135-9defd08b62b0|rpc:10.1.0.6:41505|priority:0, fde2103a-ce00-4253-a576-ea8232893539|rpc:10.1.0.6:43381|priority:0] returns group-FE8B2710E868:java.util.concurrent.CompletableFuture@1006b0d6[Not completed]
2021-08-31 13:04:13,759 [pool-93-thread-1] INFO  server.RaftServer$Division (RaftServerImpl.java:<init>(181)) - 41b49504-2605-44a7-8135-9defd08b62b0: new RaftServerImpl for group-FE8B2710E868:[824157db-23a7-404e-be12-869143e8adda|rpc:10.1.0.6:33221|priority:1, 41b49504-2605-44a7-8135-9defd08b62b0|rpc:10.1.0.6:41505|priority:0, fde2103a-ce00-4253-a576-ea8232893539|rpc:10.1.0.6:43381|priority:0] with ContainerStateMachine:uninitialized
2021-08-31 13:04:13,759 [pool-93-thread-1] INFO  server.RaftServerConfigKeys (ConfUtils.java:logGet(44)) - raft.server.rpc.timeout.min = 5s (custom)
2021-08-31 13:04:13,759 [pool-93-thread-1] INFO  server.RaftServerConfigKeys (ConfUtils.java:logGet(44)) - raft.server.rpc.timeout.max = 5200ms (custom)
2021-08-31 13:04:13,759 [pool-93-thread-1] INFO  server.RaftServerConfigKeys (ConfUtils.java:logGet(44)) - raft.server.rpc.sleep.time = 25ms (default)
2021-08-31 13:04:13,759 [pool-93-thread-1] INFO  server.RaftServerConfigKeys (ConfUtils.java:logGet(44)) - raft.server.rpc.slowness.timeout = 300000ms (custom)
2021-08-31 13:04:13,759 [pool-93-thread-1] INFO  server.RaftServerConfigKeys (ConfUtils.java:logGet(44)) - raft.server.leaderelection.leader.step-down.wait-time = 10s (default)
2021-08-31 13:04:13,759 [pool-93-thread-1] INFO  server.RaftServerConfigKeys (ConfUtils.java:logGet(44)) - raft.server.sleep.deviation.threshold = 300ms (default)
2021-08-31 13:04:13,759 [pool-93-thread-1] INFO  server.RaftServerConfigKeys (ConfUtils.java:logGet(44)) - raft.server.log.appender.install.snapshot.enabled = false (custom)
2021-08-31 13:04:13,759 [pool-93-thread-1] INFO  server.RaftServer$Division (ServerState.java:<init>(105)) - 41b49504-2605-44a7-8135-9defd08b62b0@group-FE8B2710E868: ConfigurationManager, init=-1: [824157db-23a7-404e-be12-869143e8adda|rpc:10.1.0.6:33221|priority:1, 41b49504-2605-44a7-8135-9defd08b62b0|rpc:10.1.0.6:41505|priority:0, fde2103a-ce00-4253-a576-ea8232893539|rpc:10.1.0.6:43381|priority:0], old=null, confs=<EMPTY_MAP>
2021-08-31 13:04:13,759 [pool-93-thread-1] INFO  server.RaftServerConfigKeys (ConfUtils.java:logGet(44)) - raft.server.storage.dir = [/home/runner/work/ozone/ozone/hadoop-ozone/integration-test/target/test-dir/MiniOzoneClusterImpl-24712a27-71f7-429c-8ffb-97a1a53f740d/datanode-2/data/ratis] (custom)
2021-08-31 13:04:13,759 [pool-93-thread-1] INFO  server.RaftServerConfigKeys (ConfUtils.java:logGet(44)) - raft.server.log.corruption.policy = EXCEPTION (default)
2021-08-31 13:04:13,759 [pool-93-thread-1] INFO  server.RaftServerConfigKeys (ConfUtils.java:logGet(44)) - raft.server.storage.free-space.min = 0MB (=0) (default)
2021-08-31 13:04:13,760 [pool-93-thread-1] INFO  storage.RaftStorageDirectory (RaftStorageDirectoryImpl.java:analyzeStorage(135)) - The storage directory /home/runner/work/ozone/ozone/hadoop-ozone/integration-test/target/test-dir/MiniOzoneClusterImpl-24712a27-71f7-429c-8ffb-97a1a53f740d/datanode-2/data/ratis/8f0b4c66-e8d4-47e9-a941-fe8b2710e868 does not exist. Creating ...
2021-08-31 13:04:13,761 [pool-93-thread-1] INFO  storage.RaftStorageDirectory (RaftStorageDirectoryImpl.java:tryLock(230)) - Lock on /home/runner/work/ozone/ozone/hadoop-ozone/integration-test/target/test-dir/MiniOzoneClusterImpl-24712a27-71f7-429c-8ffb-97a1a53f740d/datanode-2/data/ratis/8f0b4c66-e8d4-47e9-a941-fe8b2710e868/in_use.lock acquired by nodename 21644@fv-az151-142
2021-08-31 13:04:13,762 [pool-93-thread-1] INFO  storage.RaftStorage (RaftStorageImpl.java:format(89)) - Storage directory /home/runner/work/ozone/ozone/hadoop-ozone/integration-test/target/test-dir/MiniOzoneClusterImpl-24712a27-71f7-429c-8ffb-97a1a53f740d/datanode-2/data/ratis/8f0b4c66-e8d4-47e9-a941-fe8b2710e868 has been successfully formatted.
2021-08-31 13:04:13,763 [pool-93-thread-1] INFO  ratis.ContainerStateMachine (ContainerStateMachine.java:loadSnapshot(224)) - group-FE8B2710E868: The snapshot info is null. Setting the last applied indexto:(t:0, i:~)
2021-08-31 13:04:13,763 [Datanode State Machine Thread - 0] WARN  statemachine.StateContext (StateContext.java:execute(621)) - No available thread in pool for past 1 seconds.
2021-08-31 13:04:13,763 [pool-93-thread-1] INFO  server.RaftServerConfigKeys (ConfUtils.java:logGet(44)) - raft.server.notification.no-leader.timeout = 300000ms (custom)
2021-08-31 13:04:13,763 [pool-93-thread-1] INFO  server.RaftServerConfigKeys (ConfUtils.java:logGet(44)) - raft.server.log.use.memory = false (default)
2021-08-31 13:04:13,763 [pool-93-thread-1] INFO  server.RaftServerConfigKeys (ConfUtils.java:logGet(44)) - raft.server.log.purge.gap = 1000000 (custom)
2021-08-31 13:04:13,764 [pool-93-thread-1] INFO  server.RaftServerConfigKeys (ConfUtils.java:logGet(44)) - raft.server.log.appender.buffer.byte-limit = 33554432 (custom)
2021-08-31 13:04:13,764 [pool-93-thread-1] INFO  server.RaftServerConfigKeys (ConfUtils.java:logGet(44)) - raft.server.log.segment.size.max = 1048576 (custom)
2021-08-31 13:04:13,764 [pool-93-thread-1] INFO  server.RaftServerConfigKeys (ConfUtils.java:logGet(44)) - raft.server.log.segment.cache.num.max = 2 (custom)
2021-08-31 13:04:13,765 [c1e41c75-4b16-43e8-a71d-6e9134c212c3@group-ACFDA5E70BED-FollowerState] INFO  impl.FollowerState (FollowerState.java:run(134)) - c1e41c75-4b16-43e8-a71d-6e9134c212c3@group-ACFDA5E70BED-FollowerState: change to CANDIDATE, lastRpcElapsedTime:5030055473ns, electionTimeout:5025ms
2021-08-31 13:04:13,765 [c1e41c75-4b16-43e8-a71d-6e9134c212c3@group-ACFDA5E70BED-FollowerState] INFO  impl.RoleInfo (RoleInfo.java:shutdownFollowerState(108)) - c1e41c75-4b16-43e8-a71d-6e9134c212c3: shutdown c1e41c75-4b16-43e8-a71d-6e9134c212c3@group-ACFDA5E70BED-FollowerState
2021-08-31 13:04:13,766 [c1e41c75-4b16-43e8-a71d-6e9134c212c3@group-ACFDA5E70BED-FollowerState] INFO  server.RaftServer$Division (RaftServerImpl.java:setRole(285)) - c1e41c75-4b16-43e8-a71d-6e9134c212c3@group-ACFDA5E70BED: changes role from  FOLLOWER to CANDIDATE at term 4 for changeToCandidate
2021-08-31 13:04:13,766 [c1e41c75-4b16-43e8-a71d-6e9134c212c3@group-ACFDA5E70BED-FollowerState] INFO  server.RaftServerConfigKeys (ConfUtils.java:logGet(44)) - raft.server.leaderelection.pre-vote = false (custom)
2021-08-31 13:04:13,766 [c1e41c75-4b16-43e8-a71d-6e9134c212c3@group-ACFDA5E70BED-FollowerState] INFO  impl.RoleInfo (RoleInfo.java:updateAndGet(130)) - c1e41c75-4b16-43e8-a71d-6e9134c212c3: start c1e41c75-4b16-43e8-a71d-6e9134c212c3@group-ACFDA5E70BED-LeaderElection29
2021-08-31 13:04:13,766 [pool-93-thread-1] INFO  server.RaftServerConfigKeys (ConfUtils.java:logGet(44)) - raft.server.log.segment.cache.size.max = 200MB (=209715200) (default)
2021-08-31 13:04:13,766 [pool-93-thread-1] INFO  segmented.SegmentedRaftLogWorker (SegmentedRaftLogWorker.java:<init>(182)) - new 41b49504-2605-44a7-8135-9defd08b62b0@group-FE8B2710E868-SegmentedRaftLogWorker for RaftStorageImpl:Storage Directory /home/runner/work/ozone/ozone/hadoop-ozone/integration-test/target/test-dir/MiniOzoneClusterImpl-24712a27-71f7-429c-8ffb-97a1a53f740d/datanode-2/data/ratis/8f0b4c66-e8d4-47e9-a941-fe8b2710e868
2021-08-31 13:04:13,767 [pool-93-thread-1] INFO  server.RaftServerConfigKeys (ConfUtils.java:logGet(44)) - raft.server.log.queue.byte-limit = 2147483647 (custom)
2021-08-31 13:04:13,767 [pool-93-thread-1] INFO  server.RaftServerConfigKeys (ConfUtils.java:logGet(44)) - raft.server.log.queue.element-limit = 1024 (custom)
2021-08-31 13:04:13,767 [pool-93-thread-1] INFO  server.RaftServerConfigKeys (ConfUtils.java:logGet(44)) - raft.server.log.segment.size.max = 1048576 (custom)
2021-08-31 13:04:13,767 [pool-93-thread-1] INFO  server.RaftServerConfigKeys (ConfUtils.java:logGet(44)) - raft.server.log.preallocated.size = 16384 (custom)
2021-08-31 13:04:13,767 [pool-93-thread-1] INFO  server.RaftServerConfigKeys (ConfUtils.java:logGet(44)) - raft.server.log.force.sync.num = 128 (default)
2021-08-31 13:04:13,767 [pool-93-thread-1] INFO  server.RaftServerConfigKeys (ConfUtils.java:logGet(44)) - raft.server.log.statemachine.data.sync = true (default)
2021-08-31 13:04:13,767 [pool-93-thread-1] INFO  server.RaftServerConfigKeys (ConfUtils.java:logGet(44)) - raft.server.log.statemachine.data.sync.timeout = 10s (default)
2021-08-31 13:04:13,767 [pool-93-thread-1] INFO  server.RaftServerConfigKeys (ConfUtils.java:logGet(44)) - raft.server.log.statemachine.data.sync.timeout.retry = -1 (default)
2021-08-31 13:04:13,777 [pool-93-thread-1] INFO  server.RaftServerConfigKeys (ConfUtils.java:logGet(44)) - raft.server.log.write.buffer.size = 1048576 (custom)
2021-08-31 13:04:13,777 [pool-93-thread-1] INFO  server.RaftServerConfigKeys (ConfUtils.java:logGet(44)) - raft.server.log.statemachine.data.caching.enabled = true (custom)
2021-08-31 13:04:13,778 [pool-93-thread-1] INFO  segmented.SegmentedRaftLogWorker (SegmentedRaftLogWorker.java:lambda$new$0(133)) - 41b49504-2605-44a7-8135-9defd08b62b0@group-FE8B2710E868-SegmentedRaftLogWorker: flushIndex: setUnconditionally 0 -> -1
2021-08-31 13:04:13,778 [pool-93-thread-1] INFO  segmented.SegmentedRaftLogWorker (SegmentedRaftLogWorker.java:lambda$new$0(133)) - 41b49504-2605-44a7-8135-9defd08b62b0@group-FE8B2710E868-SegmentedRaftLogWorker: safeCacheEvictIndex: setUnconditionally 0 -> -1
2021-08-31 13:04:13,778 [pool-93-thread-1] INFO  server.RaftServerConfigKeys (ConfUtils.java:logGet(44)) - raft.server.snapshot.auto.trigger.enabled = true (custom)
2021-08-31 13:04:13,778 [pool-93-thread-1] INFO  server.RaftServerConfigKeys (ConfUtils.java:logGet(44)) - raft.server.snapshot.auto.trigger.threshold = 10000 (custom)
2021-08-31 13:04:13,778 [pool-93-thread-1] INFO  server.RaftServerConfigKeys (ConfUtils.java:logGet(44)) - raft.server.snapshot.retention.file.num = 5 (custom)
2021-08-31 13:04:13,778 [pool-93-thread-1] INFO  server.RaftServerConfigKeys (ConfUtils.java:logGet(44)) - raft.server.log.purge.upto.snapshot.index = false (default)
2021-08-31 13:04:13,778 [pool-93-thread-1] INFO  server.RaftServerConfigKeys (ConfUtils.java:logGet(44)) - raft.server.retrycache.expirytime = 600000ms (custom)
2021-08-31 13:04:13,778 [pool-93-thread-1] INFO  server.RaftServerConfigKeys (ConfUtils.java:logGet(44)) - raft.server.retrycache.statistics.expirytime = 100μs (default)
2021-08-31 13:04:13,779 [pool-93-thread-1] INFO  server.RaftServer$Division (RaftServerImpl.java:start(296)) - 41b49504-2605-44a7-8135-9defd08b62b0@group-FE8B2710E868: start as a follower, conf=-1: [824157db-23a7-404e-be12-869143e8adda|rpc:10.1.0.6:33221|priority:1, 41b49504-2605-44a7-8135-9defd08b62b0|rpc:10.1.0.6:41505|priority:0, fde2103a-ce00-4253-a576-ea8232893539|rpc:10.1.0.6:43381|priority:0], old=null
2021-08-31 13:04:13,779 [pool-93-thread-1] INFO  server.RaftServer$Division (RaftServerImpl.java:setRole(285)) - 41b49504-2605-44a7-8135-9defd08b62b0@group-FE8B2710E868: changes role from      null to FOLLOWER at term 0 for startAsFollower
2021-08-31 13:04:13,779 [pool-93-thread-1] INFO  impl.RoleInfo (RoleInfo.java:updateAndGet(130)) - 41b49504-2605-44a7-8135-9defd08b62b0: start 41b49504-2605-44a7-8135-9defd08b62b0@group-FE8B2710E868-FollowerState
2021-08-31 13:04:13,780 [pool-93-thread-1] INFO  util.JmxRegister (JmxRegister.java:tryRegister(44)) - Successfully registered JMX Bean with object name Ratis:service=RaftServer,group=group-FE8B2710E868,id=41b49504-2605-44a7-8135-9defd08b62b0
2021-08-31 13:04:13,781 [Command processor thread] INFO  ratis.XceiverServerRatis (XceiverServerRatis.java:addGroup(763)) - Created group PipelineID=8f0b4c66-e8d4-47e9-a941-fe8b2710e868
2021-08-31 13:04:13,785 [c1e41c75-4b16-43e8-a71d-6e9134c212c3@group-ACFDA5E70BED-LeaderElection29] INFO  impl.LeaderElection (LeaderElection.java:askForVotes(306)) - c1e41c75-4b16-43e8-a71d-6e9134c212c3@group-ACFDA5E70BED-LeaderElection29 ELECTION round 0: submit vote requests at term 5 for -1: [1a766833-fcfc-4255-a382-49e3d560613d|rpc:10.1.0.6:42143|dataStream:|priority:1, 48a67b91-f7be-40c9-a901-78f22c1148cd|rpc:10.1.0.6:46047|dataStream:|priority:0, c1e41c75-4b16-43e8-a71d-6e9134c212c3|rpc:10.1.0.6:40007|dataStream:|priority:0], old=null
2021-08-31 13:04:13,797 [grpc-default-executor-3] INFO  server.RaftServer$Division (RaftServerImpl.java:requestVote(1043)) - 1a766833-fcfc-4255-a382-49e3d560613d@group-ACFDA5E70BED: receive requestVote(ELECTION, c1e41c75-4b16-43e8-a71d-6e9134c212c3, group-ACFDA5E70BED, 5, (t:0, i:0))
2021-08-31 13:04:13,797 [grpc-default-executor-3] INFO  impl.VoteContext (VoteContext.java:log(48)) - 1a766833-fcfc-4255-a382-49e3d560613d@group-ACFDA5E70BED-FOLLOWER: reject ELECTION from c1e41c75-4b16-43e8-a71d-6e9134c212c3: our priority 1 > candidate's priority 0
2021-08-31 13:04:13,797 [grpc-default-executor-3] INFO  server.RaftServer$Division (RaftServerImpl.java:setRole(285)) - 1a766833-fcfc-4255-a382-49e3d560613d@group-ACFDA5E70BED: changes role from  FOLLOWER to FOLLOWER at term 5 for candidate:c1e41c75-4b16-43e8-a71d-6e9134c212c3
2021-08-31 13:04:13,797 [grpc-default-executor-3] INFO  impl.RoleInfo (RoleInfo.java:shutdownFollowerState(108)) - 1a766833-fcfc-4255-a382-49e3d560613d: shutdown 1a766833-fcfc-4255-a382-49e3d560613d@group-ACFDA5E70BED-FollowerState
2021-08-31 13:04:13,797 [grpc-default-executor-1] INFO  server.RaftServer (RaftServerProxy.java:addNew(95)) - 824157db-23a7-404e-be12-869143e8adda: addNew group-FE8B2710E868:[824157db-23a7-404e-be12-869143e8adda|rpc:10.1.0.6:33221|dataStream:|priority:1, 41b49504-2605-44a7-8135-9defd08b62b0|rpc:10.1.0.6:41505|dataStream:|priority:0, fde2103a-ce00-4253-a576-ea8232893539|rpc:10.1.0.6:43381|dataStream:|priority:0] returns group-FE8B2710E868:java.util.concurrent.CompletableFuture@993c6d3[Not completed]
2021-08-31 13:04:13,797 [grpc-default-executor-3] INFO  impl.RoleInfo (RoleInfo.java:updateAndGet(130)) - 1a766833-fcfc-4255-a382-49e3d560613d: start 1a766833-fcfc-4255-a382-49e3d560613d@group-ACFDA5E70BED-FollowerState
2021-08-31 13:04:13,797 [1a766833-fcfc-4255-a382-49e3d560613d@group-ACFDA5E70BED-FollowerState] INFO  impl.FollowerState (FollowerState.java:run(143)) - 1a766833-fcfc-4255-a382-49e3d560613d@group-ACFDA5E70BED-FollowerState was interrupted: {}
java.lang.InterruptedException: sleep interrupted
	at java.lang.Thread.sleep(Native Method)
	at java.lang.Thread.sleep(Thread.java:340)
	at java.util.concurrent.TimeUnit.sleep(TimeUnit.java:386)
	at org.apache.ratis.util.TimeDuration.sleep(TimeDuration.java:324)
	at org.apache.ratis.util.TimeDuration.sleep(TimeDuration.java:309)
	at org.apache.ratis.server.impl.FollowerState.run(FollowerState.java:118)
2021-08-31 13:04:13,798 [pool-169-thread-1] INFO  server.RaftServer$Division (RaftServerImpl.java:<init>(181)) - 824157db-23a7-404e-be12-869143e8adda: new RaftServerImpl for group-FE8B2710E868:[824157db-23a7-404e-be12-869143e8adda|rpc:10.1.0.6:33221|dataStream:|priority:1, 41b49504-2605-44a7-8135-9defd08b62b0|rpc:10.1.0.6:41505|dataStream:|priority:0, fde2103a-ce00-4253-a576-ea8232893539|rpc:10.1.0.6:43381|dataStream:|priority:0] with ContainerStateMachine:uninitialized
2021-08-31 13:04:13,798 [pool-169-thread-1] INFO  server.RaftServerConfigKeys (ConfUtils.java:logGet(44)) - raft.server.rpc.timeout.min = 5s (custom)
2021-08-31 13:04:13,798 [pool-169-thread-1] INFO  server.RaftServerConfigKeys (ConfUtils.java:logGet(44)) - raft.server.rpc.timeout.max = 5200ms (custom)
2021-08-31 13:04:13,798 [pool-169-thread-1] INFO  server.RaftServerConfigKeys (ConfUtils.java:logGet(44)) - raft.server.rpc.sleep.time = 25ms (default)
2021-08-31 13:04:13,798 [pool-169-thread-1] INFO  server.RaftServerConfigKeys (ConfUtils.java:logGet(44)) - raft.server.rpc.slowness.timeout = 300000ms (custom)
2021-08-31 13:04:13,798 [pool-169-thread-1] INFO  server.RaftServerConfigKeys (ConfUtils.java:logGet(44)) - raft.server.leaderelection.leader.step-down.wait-time = 10s (default)
2021-08-31 13:04:13,799 [pool-169-thread-1] INFO  server.RaftServerConfigKeys (ConfUtils.java:logGet(44)) - raft.server.sleep.deviation.threshold = 300ms (default)
2021-08-31 13:04:13,799 [pool-169-thread-1] INFO  server.RaftServerConfigKeys (ConfUtils.java:logGet(44)) - raft.server.log.appender.install.snapshot.enabled = false (custom)
2021-08-31 13:04:13,799 [pool-169-thread-1] INFO  server.RaftServer$Division (ServerState.java:<init>(105)) - 824157db-23a7-404e-be12-869143e8adda@group-FE8B2710E868: ConfigurationManager, init=-1: [824157db-23a7-404e-be12-869143e8adda|rpc:10.1.0.6:33221|dataStream:|priority:1, 41b49504-2605-44a7-8135-9defd08b62b0|rpc:10.1.0.6:41505|dataStream:|priority:0, fde2103a-ce00-4253-a576-ea8232893539|rpc:10.1.0.6:43381|dataStream:|priority:0], old=null, confs=<EMPTY_MAP>
2021-08-31 13:04:13,799 [pool-169-thread-1] INFO  server.RaftServerConfigKeys (ConfUtils.java:logGet(44)) - raft.server.storage.dir = [/home/runner/work/ozone/ozone/hadoop-ozone/integration-test/target/test-dir/MiniOzoneClusterImpl-24712a27-71f7-429c-8ffb-97a1a53f740d/datanode-6/data/ratis] (custom)
2021-08-31 13:04:13,799 [pool-169-thread-1] INFO  server.RaftServerConfigKeys (ConfUtils.java:logGet(44)) - raft.server.log.corruption.policy = EXCEPTION (default)
2021-08-31 13:04:13,799 [pool-169-thread-1] INFO  server.RaftServerConfigKeys (ConfUtils.java:logGet(44)) - raft.server.storage.free-space.min = 0MB (=0) (default)
2021-08-31 13:04:13,799 [pool-169-thread-1] INFO  storage.RaftStorageDirectory (RaftStorageDirectoryImpl.java:analyzeStorage(135)) - The storage directory /home/runner/work/ozone/ozone/hadoop-ozone/integration-test/target/test-dir/MiniOzoneClusterImpl-24712a27-71f7-429c-8ffb-97a1a53f740d/datanode-6/data/ratis/8f0b4c66-e8d4-47e9-a941-fe8b2710e868 does not exist. Creating ...
2021-08-31 13:04:13,803 [pool-169-thread-1] INFO  storage.RaftStorageDirectory (RaftStorageDirectoryImpl.java:tryLock(230)) - Lock on /home/runner/work/ozone/ozone/hadoop-ozone/integration-test/target/test-dir/MiniOzoneClusterImpl-24712a27-71f7-429c-8ffb-97a1a53f740d/datanode-6/data/ratis/8f0b4c66-e8d4-47e9-a941-fe8b2710e868/in_use.lock acquired by nodename 21644@fv-az151-142
2021-08-31 13:04:13,807 [grpc-default-executor-1] INFO  server.RaftServer$Division (RaftServerImpl.java:requestVote(1043)) - 48a67b91-f7be-40c9-a901-78f22c1148cd@group-ACFDA5E70BED: receive requestVote(ELECTION, c1e41c75-4b16-43e8-a71d-6e9134c212c3, group-ACFDA5E70BED, 5, (t:0, i:0))
2021-08-31 13:04:13,808 [grpc-default-executor-1] INFO  impl.VoteContext (VoteContext.java:log(48)) - 48a67b91-f7be-40c9-a901-78f22c1148cd@group-ACFDA5E70BED-FOLLOWER: accept ELECTION from c1e41c75-4b16-43e8-a71d-6e9134c212c3: our priority 0 <= candidate's priority 0
2021-08-31 13:04:13,808 [grpc-default-executor-1] INFO  server.RaftServer$Division (RaftServerImpl.java:setRole(285)) - 48a67b91-f7be-40c9-a901-78f22c1148cd@group-ACFDA5E70BED: changes role from  FOLLOWER to FOLLOWER at term 5 for candidate:c1e41c75-4b16-43e8-a71d-6e9134c212c3
2021-08-31 13:04:13,808 [grpc-default-executor-1] INFO  impl.RoleInfo (RoleInfo.java:shutdownFollowerState(108)) - 48a67b91-f7be-40c9-a901-78f22c1148cd: shutdown 48a67b91-f7be-40c9-a901-78f22c1148cd@group-ACFDA5E70BED-FollowerState
2021-08-31 13:04:13,808 [pool-169-thread-1] INFO  storage.RaftStorage (RaftStorageImpl.java:format(89)) - Storage directory /home/runner/work/ozone/ozone/hadoop-ozone/integration-test/target/test-dir/MiniOzoneClusterImpl-24712a27-71f7-429c-8ffb-97a1a53f740d/datanode-6/data/ratis/8f0b4c66-e8d4-47e9-a941-fe8b2710e868 has been successfully formatted.
2021-08-31 13:04:13,812 [pool-169-thread-1] INFO  ratis.ContainerStateMachine (ContainerStateMachine.java:loadSnapshot(224)) - group-FE8B2710E868: The snapshot info is null. Setting the last applied indexto:(t:0, i:~)
2021-08-31 13:04:13,812 [pool-169-thread-1] INFO  server.RaftServerConfigKeys (ConfUtils.java:logGet(44)) - raft.server.notification.no-leader.timeout = 300000ms (custom)
2021-08-31 13:04:13,812 [pool-169-thread-1] INFO  server.RaftServerConfigKeys (ConfUtils.java:logGet(44)) - raft.server.log.use.memory = false (default)
2021-08-31 13:04:13,812 [pool-169-thread-1] INFO  server.RaftServerConfigKeys (ConfUtils.java:logGet(44)) - raft.server.log.purge.gap = 1000000 (custom)
2021-08-31 13:04:13,812 [pool-169-thread-1] INFO  server.RaftServerConfigKeys (ConfUtils.java:logGet(44)) - raft.server.log.appender.buffer.byte-limit = 33554432 (custom)
2021-08-31 13:04:13,812 [pool-169-thread-1] INFO  server.RaftServerConfigKeys (ConfUtils.java:logGet(44)) - raft.server.log.segment.size.max = 1048576 (custom)
2021-08-31 13:04:13,813 [pool-169-thread-1] INFO  server.RaftServerConfigKeys (ConfUtils.java:logGet(44)) - raft.server.log.segment.cache.num.max = 2 (custom)
2021-08-31 13:04:13,813 [pool-169-thread-1] INFO  server.RaftServerConfigKeys (ConfUtils.java:logGet(44)) - raft.server.log.segment.cache.size.max = 200MB (=209715200) (default)
2021-08-31 13:04:13,813 [pool-169-thread-1] INFO  segmented.SegmentedRaftLogWorker (SegmentedRaftLogWorker.java:<init>(182)) - new 824157db-23a7-404e-be12-869143e8adda@group-FE8B2710E868-SegmentedRaftLogWorker for RaftStorageImpl:Storage Directory /home/runner/work/ozone/ozone/hadoop-ozone/integration-test/target/test-dir/MiniOzoneClusterImpl-24712a27-71f7-429c-8ffb-97a1a53f740d/datanode-6/data/ratis/8f0b4c66-e8d4-47e9-a941-fe8b2710e868
2021-08-31 13:04:13,813 [pool-169-thread-1] INFO  server.RaftServerConfigKeys (ConfUtils.java:logGet(44)) - raft.server.log.queue.byte-limit = 2147483647 (custom)
2021-08-31 13:04:13,813 [pool-169-thread-1] INFO  server.RaftServerConfigKeys (ConfUtils.java:logGet(44)) - raft.server.log.queue.element-limit = 1024 (custom)
2021-08-31 13:04:13,813 [pool-169-thread-1] INFO  server.RaftServerConfigKeys (ConfUtils.java:logGet(44)) - raft.server.log.segment.size.max = 1048576 (custom)
2021-08-31 13:04:13,813 [pool-169-thread-1] INFO  server.RaftServerConfigKeys (ConfUtils.java:logGet(44)) - raft.server.log.preallocated.size = 16384 (custom)
2021-08-31 13:04:13,813 [pool-169-thread-1] INFO  server.RaftServerConfigKeys (ConfUtils.java:logGet(44)) - raft.server.log.force.sync.num = 128 (default)
2021-08-31 13:04:13,813 [pool-169-thread-1] INFO  server.RaftServerConfigKeys (ConfUtils.java:logGet(44)) - raft.server.log.statemachine.data.sync = true (default)
2021-08-31 13:04:13,813 [pool-169-thread-1] INFO  server.RaftServerConfigKeys (ConfUtils.java:logGet(44)) - raft.server.log.statemachine.data.sync.timeout = 10s (default)
2021-08-31 13:04:13,813 [pool-169-thread-1] INFO  server.RaftServerConfigKeys (ConfUtils.java:logGet(44)) - raft.server.log.statemachine.data.sync.timeout.retry = -1 (default)
2021-08-31 13:04:13,814 [pool-169-thread-1] INFO  server.RaftServerConfigKeys (ConfUtils.java:logGet(44)) - raft.server.log.write.buffer.size = 1048576 (custom)
2021-08-31 13:04:13,814 [pool-169-thread-1] INFO  server.RaftServerConfigKeys (ConfUtils.java:logGet(44)) - raft.server.log.statemachine.data.caching.enabled = true (custom)
2021-08-31 13:04:13,815 [pool-169-thread-1] INFO  segmented.SegmentedRaftLogWorker (SegmentedRaftLogWorker.java:lambda$new$0(133)) - 824157db-23a7-404e-be12-869143e8adda@group-FE8B2710E868-SegmentedRaftLogWorker: flushIndex: setUnconditionally 0 -> -1
2021-08-31 13:04:13,816 [pool-169-thread-1] INFO  segmented.SegmentedRaftLogWorker (SegmentedRaftLogWorker.java:lambda$new$0(133)) - 824157db-23a7-404e-be12-869143e8adda@group-FE8B2710E868-SegmentedRaftLogWorker: safeCacheEvictIndex: setUnconditionally 0 -> -1
2021-08-31 13:04:13,816 [grpc-default-executor-3] INFO  server.RaftServer$Division (RaftServerImpl.java:requestVote(1075)) - 1a766833-fcfc-4255-a382-49e3d560613d@group-ACFDA5E70BED replies to ELECTION vote request: c1e41c75-4b16-43e8-a71d-6e9134c212c3<-1a766833-fcfc-4255-a382-49e3d560613d#0:FAIL-t5. Peer's state: 1a766833-fcfc-4255-a382-49e3d560613d@group-ACFDA5E70BED:t5, leader=null, voted=null, raftlog=1a766833-fcfc-4255-a382-49e3d560613d@group-ACFDA5E70BED-SegmentedRaftLog:OPENED:c-1,f-1,i0, conf=-1: [1a766833-fcfc-4255-a382-49e3d560613d|rpc:10.1.0.6:42143|dataStream:|priority:1, 48a67b91-f7be-40c9-a901-78f22c1148cd|rpc:10.1.0.6:46047|dataStream:|priority:0, c1e41c75-4b16-43e8-a71d-6e9134c212c3|rpc:10.1.0.6:40007|dataStream:|priority:0], old=null
2021-08-31 13:04:13,815 [grpc-default-executor-1] INFO  impl.RoleInfo (RoleInfo.java:updateAndGet(130)) - 48a67b91-f7be-40c9-a901-78f22c1148cd: start 48a67b91-f7be-40c9-a901-78f22c1148cd@group-ACFDA5E70BED-FollowerState
2021-08-31 13:04:13,815 [48a67b91-f7be-40c9-a901-78f22c1148cd@group-ACFDA5E70BED-FollowerState] INFO  impl.FollowerState (FollowerState.java:run(143)) - 48a67b91-f7be-40c9-a901-78f22c1148cd@group-ACFDA5E70BED-FollowerState was interrupted: {}
java.lang.InterruptedException: sleep interrupted
	at java.lang.Thread.sleep(Native Method)
	at java.lang.Thread.sleep(Thread.java:340)
	at java.util.concurrent.TimeUnit.sleep(TimeUnit.java:386)
	at org.apache.ratis.util.TimeDuration.sleep(TimeDuration.java:324)
	at org.apache.ratis.util.TimeDuration.sleep(TimeDuration.java:309)
	at org.apache.ratis.server.impl.FollowerState.run(FollowerState.java:118)
2021-08-31 13:04:13,815 [Datanode State Machine Thread - 0] WARN  statemachine.StateContext (StateContext.java:execute(621)) - No available thread in pool for past 1 seconds.
2021-08-31 13:04:13,825 [pool-169-thread-1] INFO  server.RaftServerConfigKeys (ConfUtils.java:logGet(44)) - raft.server.snapshot.auto.trigger.enabled = true (custom)
2021-08-31 13:04:13,825 [pool-169-thread-1] INFO  server.RaftServerConfigKeys (ConfUtils.java:logGet(44)) - raft.server.snapshot.auto.trigger.threshold = 10000 (custom)
2021-08-31 13:04:13,825 [pool-169-thread-1] INFO  server.RaftServerConfigKeys (ConfUtils.java:logGet(44)) - raft.server.snapshot.retention.file.num = 5 (custom)
2021-08-31 13:04:13,825 [pool-169-thread-1] INFO  server.RaftServerConfigKeys (ConfUtils.java:logGet(44)) - raft.server.log.purge.upto.snapshot.index = false (default)
2021-08-31 13:04:13,825 [pool-169-thread-1] INFO  server.RaftServerConfigKeys (ConfUtils.java:logGet(44)) - raft.server.retrycache.expirytime = 600000ms (custom)
2021-08-31 13:04:13,825 [pool-169-thread-1] INFO  server.RaftServerConfigKeys (ConfUtils.java:logGet(44)) - raft.server.retrycache.statistics.expirytime = 100μs (default)
2021-08-31 13:04:13,826 [pool-169-thread-1] INFO  server.RaftServer$Division (RaftServerImpl.java:start(296)) - 824157db-23a7-404e-be12-869143e8adda@group-FE8B2710E868: start as a follower, conf=-1: [824157db-23a7-404e-be12-869143e8adda|rpc:10.1.0.6:33221|dataStream:|priority:1, 41b49504-2605-44a7-8135-9defd08b62b0|rpc:10.1.0.6:41505|dataStream:|priority:0, fde2103a-ce00-4253-a576-ea8232893539|rpc:10.1.0.6:43381|dataStream:|priority:0], old=null
2021-08-31 13:04:13,826 [pool-169-thread-1] INFO  server.RaftServer$Division (RaftServerImpl.java:setRole(285)) - 824157db-23a7-404e-be12-869143e8adda@group-FE8B2710E868: changes role from      null to FOLLOWER at term 0 for startAsFollower
2021-08-31 13:04:13,826 [pool-169-thread-1] INFO  impl.RoleInfo (RoleInfo.java:updateAndGet(130)) - 824157db-23a7-404e-be12-869143e8adda: start 824157db-23a7-404e-be12-869143e8adda@group-FE8B2710E868-FollowerState
2021-08-31 13:04:13,826 [pool-169-thread-1] INFO  util.JmxRegister (JmxRegister.java:tryRegister(44)) - Successfully registered JMX Bean with object name Ratis:service=RaftServer,group=group-FE8B2710E868,id=824157db-23a7-404e-be12-869143e8adda
2021-08-31 13:04:13,842 [c1e41c75-4b16-43e8-a71d-6e9134c212c3@group-ACFDA5E70BED-LeaderElection29] INFO  impl.LeaderElection (LeaderElection.java:logAndReturn(89)) - c1e41c75-4b16-43e8-a71d-6e9134c212c3@group-ACFDA5E70BED-LeaderElection29: ELECTION REJECTED received 1 response(s) and 0 exception(s):
2021-08-31 13:04:13,842 [c1e41c75-4b16-43e8-a71d-6e9134c212c3@group-ACFDA5E70BED-LeaderElection29] INFO  impl.LeaderElection (LeaderElection.java:logAndReturn(93)) -   Response 0: c1e41c75-4b16-43e8-a71d-6e9134c212c3<-1a766833-fcfc-4255-a382-49e3d560613d#0:FAIL-t5
2021-08-31 13:04:13,842 [c1e41c75-4b16-43e8-a71d-6e9134c212c3@group-ACFDA5E70BED-LeaderElection29] INFO  impl.LeaderElection (LeaderElection.java:askForVotes(308)) - c1e41c75-4b16-43e8-a71d-6e9134c212c3@group-ACFDA5E70BED-LeaderElection29 ELECTION round 0: result REJECTED
2021-08-31 13:04:13,842 [c1e41c75-4b16-43e8-a71d-6e9134c212c3@group-ACFDA5E70BED-LeaderElection29] INFO  server.RaftServer$Division (RaftServerImpl.java:setRole(285)) - c1e41c75-4b16-43e8-a71d-6e9134c212c3@group-ACFDA5E70BED: changes role from CANDIDATE to FOLLOWER at term 5 for REJECTED
2021-08-31 13:04:13,842 [c1e41c75-4b16-43e8-a71d-6e9134c212c3@group-ACFDA5E70BED-LeaderElection29] INFO  impl.RoleInfo (RoleInfo.java:shutdownLeaderElection(121)) - c1e41c75-4b16-43e8-a71d-6e9134c212c3: shutdown c1e41c75-4b16-43e8-a71d-6e9134c212c3@group-ACFDA5E70BED-LeaderElection29
2021-08-31 13:04:13,842 [c1e41c75-4b16-43e8-a71d-6e9134c212c3@group-ACFDA5E70BED-LeaderElection29] INFO  impl.RoleInfo (RoleInfo.java:updateAndGet(130)) - c1e41c75-4b16-43e8-a71d-6e9134c212c3: start c1e41c75-4b16-43e8-a71d-6e9134c212c3@group-ACFDA5E70BED-FollowerState
2021-08-31 13:04:13,843 [grpc-default-executor-1] INFO  server.RaftServer$Division (RaftServerImpl.java:requestVote(1075)) - 48a67b91-f7be-40c9-a901-78f22c1148cd@group-ACFDA5E70BED replies to ELECTION vote request: c1e41c75-4b16-43e8-a71d-6e9134c212c3<-48a67b91-f7be-40c9-a901-78f22c1148cd#0:OK-t5. Peer's state: 48a67b91-f7be-40c9-a901-78f22c1148cd@group-ACFDA5E70BED:t5, leader=null, voted=c1e41c75-4b16-43e8-a71d-6e9134c212c3, raftlog=48a67b91-f7be-40c9-a901-78f22c1148cd@group-ACFDA5E70BED-SegmentedRaftLog:OPENED:c-1,f-1,i0, conf=-1: [1a766833-fcfc-4255-a382-49e3d560613d|rpc:10.1.0.6:42143|priority:1, 48a67b91-f7be-40c9-a901-78f22c1148cd|rpc:10.1.0.6:46047|priority:0, c1e41c75-4b16-43e8-a71d-6e9134c212c3|rpc:10.1.0.6:40007|priority:0], old=null
2021-08-31 13:04:13,872 [Command processor thread] WARN  commandhandler.CreatePipelineCommandHandler (CreatePipelineCommandHandler.java:lambda$handle$1(103)) - Add group failed for fde2103a-ce00-4253-a576-ea8232893539{ip: 10.1.0.6, host: fv-az151-142, ports: [REPLICATION=36451, RATIS=43381, RATIS_ADMIN=43381, RATIS_SERVER=43381, STANDALONE=36577], networkLocation: /default-rack, certSerialId: null, persistedOpState: IN_SERVICE, persistedOpStateExpiryEpochSec: 0}
java.io.IOException: org.apache.ratis.thirdparty.io.grpc.StatusRuntimeException: UNAVAILABLE: io exception
	at org.apache.ratis.grpc.GrpcUtil.unwrapException(GrpcUtil.java:92)
	at org.apache.ratis.grpc.client.GrpcClientProtocolClient.blockingCall(GrpcClientProtocolClient.java:218)
	at org.apache.ratis.grpc.client.GrpcClientProtocolClient.groupAdd(GrpcClientProtocolClient.java:179)
	at org.apache.ratis.grpc.client.GrpcClientRpc.sendRequest(GrpcClientRpc.java:96)
	at org.apache.ratis.client.impl.BlockingImpl.sendRequest(BlockingImpl.java:130)
	at org.apache.ratis.client.impl.GroupManagementImpl.add(GroupManagementImpl.java:51)
	at org.apache.hadoop.ozone.container.common.statemachine.commandhandler.CreatePipelineCommandHandler.lambda$handle$1(CreatePipelineCommandHandler.java:99)
	at java.util.stream.ForEachOps$ForEachOp$OfRef.accept(ForEachOps.java:183)
	at java.util.stream.ReferencePipeline$2$1.accept(ReferencePipeline.java:175)
	at java.util.ArrayList$ArrayListSpliterator.forEachRemaining(ArrayList.java:1384)
	at java.util.stream.AbstractPipeline.copyInto(AbstractPipeline.java:482)
	at java.util.stream.AbstractPipeline.wrapAndCopyInto(AbstractPipeline.java:472)
	at java.util.stream.ForEachOps$ForEachOp.evaluateSequential(ForEachOps.java:150)
	at java.util.stream.ForEachOps$ForEachOp$OfRef.evaluateSequential(ForEachOps.java:173)
	at java.util.stream.AbstractPipeline.evaluate(AbstractPipeline.java:234)
	at java.util.stream.ReferencePipeline.forEach(ReferencePipeline.java:485)
	at org.apache.hadoop.ozone.container.common.statemachine.commandhandler.CreatePipelineCommandHandler.handle(CreatePipelineCommandHandler.java:95)
	at org.apache.hadoop.ozone.container.common.statemachine.commandhandler.CommandDispatcher.handle(CommandDispatcher.java:99)
	at org.apache.hadoop.ozone.container.common.statemachine.DatanodeStateMachine.lambda$initCommandHandlerThread$2(DatanodeStateMachine.java:556)
	at java.lang.Thread.run(Thread.java:748)
Caused by: org.apache.ratis.thirdparty.io.grpc.StatusRuntimeException: UNAVAILABLE: io exception
	at org.apache.ratis.thirdparty.io.grpc.stub.ClientCalls.toStatusRuntimeException(ClientCalls.java:262)
	at org.apache.ratis.thirdparty.io.grpc.stub.ClientCalls.getUnchecked(ClientCalls.java:243)
	at org.apache.ratis.thirdparty.io.grpc.stub.ClientCalls.blockingUnaryCall(ClientCalls.java:156)
	at org.apache.ratis.proto.grpc.AdminProtocolServiceGrpc$AdminProtocolServiceBlockingStub.groupManagement(AdminProtocolServiceGrpc.java:413)
	at org.apache.ratis.grpc.client.GrpcClientProtocolClient.lambda$groupAdd$5(GrpcClientProtocolClient.java:181)
	at org.apache.ratis.grpc.client.GrpcClientProtocolClient.blockingCall(GrpcClientProtocolClient.java:216)
	... 18 more
Caused by: org.apache.ratis.thirdparty.io.netty.channel.AbstractChannel$AnnotatedConnectException: finishConnect(..) failed: Connection refused: /10.1.0.6:43381
Caused by: java.net.ConnectException: finishConnect(..) failed: Connection refused
	at org.apache.ratis.thirdparty.io.netty.channel.unix.Errors.newConnectException0(Errors.java:155)
	at org.apache.ratis.thirdparty.io.netty.channel.unix.Errors.handleConnectErrno(Errors.java:128)
	at org.apache.ratis.thirdparty.io.netty.channel.unix.Socket.finishConnect(Socket.java:278)
	at org.apache.ratis.thirdparty.io.netty.channel.epoll.AbstractEpollChannel$AbstractEpollUnsafe.doFinishConnect(AbstractEpollChannel.java:710)
	at org.apache.ratis.thirdparty.io.netty.channel.epoll.AbstractEpollChannel$AbstractEpollUnsafe.finishConnect(AbstractEpollChannel.java:687)
	at org.apache.ratis.thirdparty.io.netty.channel.epoll.AbstractEpollChannel$AbstractEpollUnsafe.epollOutReady(AbstractEpollChannel.java:567)
	at org.apache.ratis.thirdparty.io.netty.channel.epoll.EpollEventLoop.processReady(EpollEventLoop.java:470)
	at org.apache.ratis.thirdparty.io.netty.channel.epoll.EpollEventLoop.run(EpollEventLoop.java:378)
	at org.apache.ratis.thirdparty.io.netty.util.concurrent.SingleThreadEventExecutor$4.run(SingleThreadEventExecutor.java:989)
	at org.apache.ratis.thirdparty.io.netty.util.internal.ThreadExecutorMap$2.run(ThreadExecutorMap.java:74)
	at org.apache.ratis.thirdparty.io.netty.util.concurrent.FastThreadLocalRunnable.run(FastThreadLocalRunnable.java:30)
	at java.lang.Thread.run(Thread.java:748)
2021-08-31 13:04:13,873 [Command processor thread] INFO  commandhandler.CreatePipelineCommandHandler (CreatePipelineCommandHandler.java:handle(106)) - Created Pipeline RATIS THREE PipelineID=8f0b4c66-e8d4-47e9-a941-fe8b2710e868.
2021-08-31 13:04:14,253 [grpc-default-executor-1] WARN  server.GrpcLogAppender (LogUtils.java:warn(122)) - 41b49504-2605-44a7-8135-9defd08b62b0@group-8F175209AE26->940b181a-f656-490c-a8b1-afc5b8b121dc-AppendLogResponseHandler: Failed appendEntries: org.apache.ratis.thirdparty.io.grpc.StatusRuntimeException: UNAVAILABLE: io exception
2021-08-31 13:04:14,254 [grpc-default-executor-1] INFO  leader.FollowerInfo (FollowerInfoImpl.java:lambda$new$0(46)) - 41b49504-2605-44a7-8135-9defd08b62b0@group-8F175209AE26->940b181a-f656-490c-a8b1-afc5b8b121dc: nextIndex: updateUnconditionally 15 -> 14
2021-08-31 13:04:14,260 [grpc-default-executor-1] WARN  server.GrpcLogAppender (LogUtils.java:warn(122)) - 41b49504-2605-44a7-8135-9defd08b62b0@group-8F175209AE26->940b181a-f656-490c-a8b1-afc5b8b121dc-AppendLogResponseHandler: Failed appendEntries: org.apache.ratis.thirdparty.io.grpc.StatusRuntimeException: UNAVAILABLE: io exception
2021-08-31 13:04:14,261 [grpc-default-executor-1] INFO  leader.FollowerInfo (FollowerInfoImpl.java:lambda$new$0(46)) - 41b49504-2605-44a7-8135-9defd08b62b0@group-8F175209AE26->940b181a-f656-490c-a8b1-afc5b8b121dc: nextIndex: updateUnconditionally 15 -> 14
2021-08-31 13:04:14,813 [EventQueue-DeadNodeForDeadNodeHandler] INFO  node.DeadNodeHandler (DeadNodeHandler.java:onMessage(80)) - A dead datanode is detected. 940b181a-f656-490c-a8b1-afc5b8b121dc{ip: 10.1.0.6, host: fv-az151-142, ports: [REPLICATION=43363, RATIS=41423, RATIS_ADMIN=41423, RATIS_SERVER=41423, STANDALONE=45469], networkLocation: /default-rack, certSerialId: null, persistedOpState: IN_SERVICE, persistedOpStateExpiryEpochSec: 0}
2021-08-31 13:04:14,814 [EventQueue-DeadNodeForDeadNodeHandler] INFO  pipeline.RatisPipelineProvider (RatisPipelineProvider.java:lambda$close$1(222)) - Send pipeline:PipelineID=df4b5ad2-fca6-4234-b989-8f175209ae26 close command to datanode 940b181a-f656-490c-a8b1-afc5b8b121dc
2021-08-31 13:04:14,815 [EventQueue-DeadNodeForDeadNodeHandler] INFO  pipeline.RatisPipelineProvider (RatisPipelineProvider.java:lambda$close$1(222)) - Send pipeline:PipelineID=df4b5ad2-fca6-4234-b989-8f175209ae26 close command to datanode fde2103a-ce00-4253-a576-ea8232893539
2021-08-31 13:04:14,815 [EventQueue-DeadNodeForDeadNodeHandler] INFO  pipeline.RatisPipelineProvider (RatisPipelineProvider.java:lambda$close$1(222)) - Send pipeline:PipelineID=df4b5ad2-fca6-4234-b989-8f175209ae26 close command to datanode 41b49504-2605-44a7-8135-9defd08b62b0
2021-08-31 13:04:14,815 [EventQueue-DeadNodeForDeadNodeHandler] INFO  pipeline.PipelineStateManager (PipelineStateManagerV2Impl.java:removePipeline(211)) - Pipeline Pipeline[ Id: df4b5ad2-fca6-4234-b989-8f175209ae26, Nodes: 940b181a-f656-490c-a8b1-afc5b8b121dc{ip: 10.1.0.6, host: fv-az151-142, ports: [REPLICATION=43363, RATIS=41423, RATIS_ADMIN=41423, RATIS_SERVER=41423, STANDALONE=45469], networkLocation: /default-rack, certSerialId: null, persistedOpState: IN_SERVICE, persistedOpStateExpiryEpochSec: 0}fde2103a-ce00-4253-a576-ea8232893539{ip: 10.1.0.6, host: fv-az151-142, ports: [REPLICATION=36451, RATIS=43381, RATIS_ADMIN=43381, RATIS_SERVER=43381, STANDALONE=36577], networkLocation: /default-rack, certSerialId: null, persistedOpState: IN_SERVICE, persistedOpStateExpiryEpochSec: 0}41b49504-2605-44a7-8135-9defd08b62b0{ip: 10.1.0.6, host: fv-az151-142, ports: [REPLICATION=40545, RATIS=41505, RATIS_ADMIN=41505, RATIS_SERVER=41505, STANDALONE=40967], networkLocation: /default-rack, certSerialId: null, persistedOpState: IN_SERVICE, persistedOpStateExpiryEpochSec: 0}, ReplicationConfig: RATIS/THREE, State:CLOSED, leaderId:41b49504-2605-44a7-8135-9defd08b62b0, CreationTimestamp2021-08-31T13:03:44.874Z[Etc/UTC]] removed.
2021-08-31 13:04:14,816 [EventQueue-DeadNodeForDeadNodeHandler] INFO  pipeline.RatisPipelineProvider (RatisPipelineProvider.java:lambda$close$1(222)) - Send pipeline:PipelineID=768da958-5b75-44d3-9687-792f18fa7a8a close command to datanode 940b181a-f656-490c-a8b1-afc5b8b121dc
2021-08-31 13:04:14,816 [EventQueue-DeadNodeForDeadNodeHandler] INFO  pipeline.PipelineStateManager (PipelineStateManagerV2Impl.java:removePipeline(211)) - Pipeline Pipeline[ Id: 768da958-5b75-44d3-9687-792f18fa7a8a, Nodes: 940b181a-f656-490c-a8b1-afc5b8b121dc{ip: 10.1.0.6, host: fv-az151-142, ports: [REPLICATION=43363, RATIS=41423, RATIS_ADMIN=41423, RATIS_SERVER=41423, STANDALONE=45469], networkLocation: /default-rack, certSerialId: null, persistedOpState: IN_SERVICE, persistedOpStateExpiryEpochSec: 0}, ReplicationConfig: RATIS/ONE, State:CLOSED, leaderId:940b181a-f656-490c-a8b1-afc5b8b121dc, CreationTimestamp2021-08-31T13:03:44.395Z[Etc/UTC]] removed.
2021-08-31 13:04:14,816 [EventQueue-DeadNodeForDeadNodeHandler] INFO  pipeline.RatisPipelineProvider (RatisPipelineProvider.java:lambda$close$1(222)) - Send pipeline:PipelineID=bcca9cef-7c19-4c59-bfaa-862d64ef6f50 close command to datanode 41b49504-2605-44a7-8135-9defd08b62b0
2021-08-31 13:04:14,816 [EventQueue-DeadNodeForDeadNodeHandler] INFO  pipeline.RatisPipelineProvider (RatisPipelineProvider.java:lambda$close$1(222)) - Send pipeline:PipelineID=bcca9cef-7c19-4c59-bfaa-862d64ef6f50 close command to datanode fde2103a-ce00-4253-a576-ea8232893539
2021-08-31 13:04:14,816 [EventQueue-DeadNodeForDeadNodeHandler] INFO  pipeline.RatisPipelineProvider (RatisPipelineProvider.java:lambda$close$1(222)) - Send pipeline:PipelineID=bcca9cef-7c19-4c59-bfaa-862d64ef6f50 close command to datanode 940b181a-f656-490c-a8b1-afc5b8b121dc
2021-08-31 13:04:14,817 [EventQueue-DeadNodeForDeadNodeHandler] INFO  pipeline.PipelineStateManager (PipelineStateManagerV2Impl.java:removePipeline(211)) - Pipeline Pipeline[ Id: bcca9cef-7c19-4c59-bfaa-862d64ef6f50, Nodes: 41b49504-2605-44a7-8135-9defd08b62b0{ip: 10.1.0.6, host: fv-az151-142, ports: [REPLICATION=40545, RATIS=41505, RATIS_ADMIN=41505, RATIS_SERVER=41505, STANDALONE=40967], networkLocation: /default-rack, certSerialId: null, persistedOpState: IN_SERVICE, persistedOpStateExpiryEpochSec: 0}fde2103a-ce00-4253-a576-ea8232893539{ip: 10.1.0.6, host: fv-az151-142, ports: [REPLICATION=36451, RATIS=43381, RATIS_ADMIN=43381, RATIS_SERVER=43381, STANDALONE=36577], networkLocation: /default-rack, certSerialId: null, persistedOpState: IN_SERVICE, persistedOpStateExpiryEpochSec: 0}940b181a-f656-490c-a8b1-afc5b8b121dc{ip: 10.1.0.6, host: fv-az151-142, ports: [REPLICATION=43363, RATIS=41423, RATIS_ADMIN=41423, RATIS_SERVER=41423, STANDALONE=45469], networkLocation: /default-rack, certSerialId: null, persistedOpState: IN_SERVICE, persistedOpStateExpiryEpochSec: 0}, ReplicationConfig: RATIS/THREE, State:CLOSED, leaderId:, CreationTimestamp2021-08-31T13:03:44.872Z[Etc/UTC]] removed.
2021-08-31 13:04:14,820 [EventQueue-DeadNodeForDeadNodeHandler] INFO  net.NetworkTopologyImpl (NetworkTopologyImpl.java:remove(137)) - Removed a node: /default-rack/940b181a-f656-490c-a8b1-afc5b8b121dc
2021-08-31 13:04:15,726 [grpc-default-executor-1] WARN  server.GrpcLogAppender (LogUtils.java:warn(122)) - 41b49504-2605-44a7-8135-9defd08b62b0@group-8F175209AE26->fde2103a-ce00-4253-a576-ea8232893539-AppendLogResponseHandler: Failed appendEntries: org.apache.ratis.thirdparty.io.grpc.StatusRuntimeException: UNAVAILABLE: io exception
2021-08-31 13:04:15,726 [grpc-default-executor-1] INFO  leader.FollowerInfo (FollowerInfoImpl.java:lambda$new$0(46)) - 41b49504-2605-44a7-8135-9defd08b62b0@group-8F175209AE26->fde2103a-ce00-4253-a576-ea8232893539: nextIndex: updateUnconditionally 18 -> 17
2021-08-31 13:04:16,762 [grpc-default-executor-1] WARN  server.GrpcLogAppender (LogUtils.java:warn(122)) - 41b49504-2605-44a7-8135-9defd08b62b0@group-8F175209AE26->940b181a-f656-490c-a8b1-afc5b8b121dc-AppendLogResponseHandler: Failed appendEntries: org.apache.ratis.thirdparty.io.grpc.StatusRuntimeException: UNAVAILABLE: io exception
2021-08-31 13:04:16,763 [grpc-default-executor-1] INFO  leader.FollowerInfo (FollowerInfoImpl.java:lambda$new$0(46)) - 41b49504-2605-44a7-8135-9defd08b62b0@group-8F175209AE26->940b181a-f656-490c-a8b1-afc5b8b121dc: nextIndex: updateUnconditionally 15 -> 14
2021-08-31 13:04:17,150 [41b49504-2605-44a7-8135-9defd08b62b0@group-8F175209AE26-LeaderStateImpl] WARN  server.RaftServer$Division (LeaderStateImpl.java:checkLeadership(944)) - 41b49504-2605-44a7-8135-9defd08b62b0@group-8F175209AE26-LeaderStateImpl: Lost leadership on term: 1. Election timeout: 5200ms. In charge for: 23996ms. Conf: 0: [940b181a-f656-490c-a8b1-afc5b8b121dc|rpc:10.1.0.6:41423|dataStream:|priority:0, 41b49504-2605-44a7-8135-9defd08b62b0|rpc:10.1.0.6:41505|dataStream:|priority:1, fde2103a-ce00-4253-a576-ea8232893539|rpc:10.1.0.6:43381|dataStream:|priority:0], old=null
2021-08-31 13:04:17,150 [41b49504-2605-44a7-8135-9defd08b62b0@group-8F175209AE26-LeaderStateImpl] WARN  server.RaftServer$Division (LeaderStateImpl.java:lambda$checkLeadership$15(948)) - Follower 41b49504-2605-44a7-8135-9defd08b62b0@group-8F175209AE26->940b181a-f656-490c-a8b1-afc5b8b121dc(c15,m15,n14, attendVote=true, lastRpcSendTime=389, lastRpcResponseTime=17134)
2021-08-31 13:04:17,150 [41b49504-2605-44a7-8135-9defd08b62b0@group-8F175209AE26-LeaderStateImpl] WARN  server.RaftServer$Division (LeaderStateImpl.java:lambda$checkLeadership$15(948)) - Follower 41b49504-2605-44a7-8135-9defd08b62b0@group-8F175209AE26->fde2103a-ce00-4253-a576-ea8232893539(c16,m17,n17, attendVote=true, lastRpcSendTime=1424, lastRpcResponseTime=10401)
2021-08-31 13:04:17,151 [41b49504-2605-44a7-8135-9defd08b62b0@group-8F175209AE26-LeaderStateImpl] INFO  server.RaftServer$Division (RaftServerImpl.java:setRole(285)) - 41b49504-2605-44a7-8135-9defd08b62b0@group-8F175209AE26: changes role from    LEADER to FOLLOWER at term 1 for StepDownReason:LOST_MAJORITY_HEARTBEATS
2021-08-31 13:04:17,151 [41b49504-2605-44a7-8135-9defd08b62b0@group-8F175209AE26-LeaderStateImpl] INFO  impl.RoleInfo (RoleInfo.java:shutdownLeaderState(91)) - 41b49504-2605-44a7-8135-9defd08b62b0: shutdown 41b49504-2605-44a7-8135-9defd08b62b0@group-8F175209AE26-LeaderStateImpl
2021-08-31 13:04:17,151 [41b49504-2605-44a7-8135-9defd08b62b0@group-8F175209AE26->940b181a-f656-490c-a8b1-afc5b8b121dc-GrpcLogAppender-LogAppenderDaemon] WARN  server.GrpcLogAppender (GrpcLogAppender.java:mayWait(175)) - 41b49504-2605-44a7-8135-9defd08b62b0@group-8F175209AE26->940b181a-f656-490c-a8b1-afc5b8b121dc-GrpcLogAppender: Wait interrupted by java.lang.InterruptedException
2021-08-31 13:04:17,151 [41b49504-2605-44a7-8135-9defd08b62b0@group-8F175209AE26->fde2103a-ce00-4253-a576-ea8232893539-GrpcLogAppender-LogAppenderDaemon] WARN  server.GrpcLogAppender (GrpcLogAppender.java:mayWait(175)) - 41b49504-2605-44a7-8135-9defd08b62b0@group-8F175209AE26->fde2103a-ce00-4253-a576-ea8232893539-GrpcLogAppender: Wait interrupted by java.lang.InterruptedException
2021-08-31 13:04:17,151 [41b49504-2605-44a7-8135-9defd08b62b0@group-8F175209AE26-LeaderStateImpl] INFO  impl.PendingRequests (PendingRequests.java:sendNotLeaderResponses(282)) - 41b49504-2605-44a7-8135-9defd08b62b0@group-8F175209AE26-PendingRequests: sendNotLeaderResponses
2021-08-31 13:04:17,158 [41b49504-2605-44a7-8135-9defd08b62b0@group-8F175209AE26-LeaderStateImpl] INFO  impl.RoleInfo (RoleInfo.java:updateAndGet(130)) - 41b49504-2605-44a7-8135-9defd08b62b0: start 41b49504-2605-44a7-8135-9defd08b62b0@group-8F175209AE26-FollowerState
2021-08-31 13:04:17,673 [41b49504-2605-44a7-8135-9defd08b62b0@group-862D64EF6F50-FollowerState] INFO  impl.FollowerState (FollowerState.java:run(134)) - 41b49504-2605-44a7-8135-9defd08b62b0@group-862D64EF6F50-FollowerState: change to CANDIDATE, lastRpcElapsedTime:9967731841ns, electionTimeout:5009ms
2021-08-31 13:04:17,673 [41b49504-2605-44a7-8135-9defd08b62b0@group-862D64EF6F50-FollowerState] INFO  impl.RoleInfo (RoleInfo.java:shutdownFollowerState(108)) - 41b49504-2605-44a7-8135-9defd08b62b0: shutdown 41b49504-2605-44a7-8135-9defd08b62b0@group-862D64EF6F50-FollowerState
2021-08-31 13:04:17,673 [41b49504-2605-44a7-8135-9defd08b62b0@group-862D64EF6F50-FollowerState] INFO  server.RaftServer$Division (RaftServerImpl.java:setRole(285)) - 41b49504-2605-44a7-8135-9defd08b62b0@group-862D64EF6F50: changes role from  FOLLOWER to CANDIDATE at term 3 for changeToCandidate
2021-08-31 13:04:17,673 [41b49504-2605-44a7-8135-9defd08b62b0@group-862D64EF6F50-FollowerState] INFO  server.RaftServerConfigKeys (ConfUtils.java:logGet(44)) - raft.server.leaderelection.pre-vote = false (custom)
2021-08-31 13:04:17,673 [41b49504-2605-44a7-8135-9defd08b62b0@group-862D64EF6F50-FollowerState] INFO  impl.RoleInfo (RoleInfo.java:updateAndGet(130)) - 41b49504-2605-44a7-8135-9defd08b62b0: start 41b49504-2605-44a7-8135-9defd08b62b0@group-862D64EF6F50-LeaderElection30
2021-08-31 13:04:17,680 [41b49504-2605-44a7-8135-9defd08b62b0@group-862D64EF6F50-LeaderElection30] INFO  server.RaftServer$Division (ServerState.java:setLeader(285)) - 41b49504-2605-44a7-8135-9defd08b62b0@group-862D64EF6F50: change Leader from fde2103a-ce00-4253-a576-ea8232893539 to null at term 3 for ELECTION
2021-08-31 13:04:17,684 [41b49504-2605-44a7-8135-9defd08b62b0@group-862D64EF6F50-LeaderElection30] INFO  impl.LeaderElection (LeaderElection.java:askForVotes(306)) - 41b49504-2605-44a7-8135-9defd08b62b0@group-862D64EF6F50-LeaderElection30 ELECTION round 0: submit vote requests at term 4 for 1: [940b181a-f656-490c-a8b1-afc5b8b121dc|rpc:10.1.0.6:41423|dataStream:|priority:1, 41b49504-2605-44a7-8135-9defd08b62b0|rpc:10.1.0.6:41505|dataStream:|priority:0, fde2103a-ce00-4253-a576-ea8232893539|rpc:10.1.0.6:43381|dataStream:|priority:0], old=null
2021-08-31 13:04:17,699 [41b49504-2605-44a7-8135-9defd08b62b0@group-862D64EF6F50-LeaderElection30] INFO  impl.LeaderElection (LogUtils.java:infoOrTrace(137)) - 41b49504-2605-44a7-8135-9defd08b62b0@group-862D64EF6F50-LeaderElection30 got exception when requesting votes: java.util.concurrent.ExecutionException: org.apache.ratis.thirdparty.io.grpc.StatusRuntimeException: UNAVAILABLE: io exception
2021-08-31 13:04:17,699 [41b49504-2605-44a7-8135-9defd08b62b0@group-862D64EF6F50-LeaderElection30] INFO  impl.LeaderElection (LogUtils.java:infoOrTrace(137)) - 41b49504-2605-44a7-8135-9defd08b62b0@group-862D64EF6F50-LeaderElection30 got exception when requesting votes: java.util.concurrent.ExecutionException: org.apache.ratis.thirdparty.io.grpc.StatusRuntimeException: UNAVAILABLE: io exception
2021-08-31 13:04:17,699 [41b49504-2605-44a7-8135-9defd08b62b0@group-862D64EF6F50-LeaderElection30] INFO  impl.LeaderElection (LeaderElection.java:logAndReturn(89)) - 41b49504-2605-44a7-8135-9defd08b62b0@group-862D64EF6F50-LeaderElection30: ELECTION REJECTED received 0 response(s) and 2 exception(s):
2021-08-31 13:04:17,699 [41b49504-2605-44a7-8135-9defd08b62b0@group-862D64EF6F50-LeaderElection30] INFO  impl.LeaderElection (LogUtils.java:infoOrTrace(137)) -   Exception 0: java.util.concurrent.ExecutionException: org.apache.ratis.thirdparty.io.grpc.StatusRuntimeException: UNAVAILABLE: io exception
2021-08-31 13:04:17,699 [41b49504-2605-44a7-8135-9defd08b62b0@group-862D64EF6F50-LeaderElection30] INFO  impl.LeaderElection (LogUtils.java:infoOrTrace(137)) -   Exception 1: java.util.concurrent.ExecutionException: org.apache.ratis.thirdparty.io.grpc.StatusRuntimeException: UNAVAILABLE: io exception
2021-08-31 13:04:17,699 [41b49504-2605-44a7-8135-9defd08b62b0@group-862D64EF6F50-LeaderElection30] INFO  impl.LeaderElection (LeaderElection.java:askForVotes(308)) - 41b49504-2605-44a7-8135-9defd08b62b0@group-862D64EF6F50-LeaderElection30 ELECTION round 0: result REJECTED
2021-08-31 13:04:17,699 [41b49504-2605-44a7-8135-9defd08b62b0@group-862D64EF6F50-LeaderElection30] INFO  server.RaftServer$Division (RaftServerImpl.java:setRole(285)) - 41b49504-2605-44a7-8135-9defd08b62b0@group-862D64EF6F50: changes role from CANDIDATE to FOLLOWER at term 4 for REJECTED
2021-08-31 13:04:17,699 [41b49504-2605-44a7-8135-9defd08b62b0@group-862D64EF6F50-LeaderElection30] INFO  impl.RoleInfo (RoleInfo.java:shutdownLeaderElection(121)) - 41b49504-2605-44a7-8135-9defd08b62b0: shutdown 41b49504-2605-44a7-8135-9defd08b62b0@group-862D64EF6F50-LeaderElection30
2021-08-31 13:04:17,699 [41b49504-2605-44a7-8135-9defd08b62b0@group-862D64EF6F50-LeaderElection30] INFO  impl.RoleInfo (RoleInfo.java:updateAndGet(130)) - 41b49504-2605-44a7-8135-9defd08b62b0: start 41b49504-2605-44a7-8135-9defd08b62b0@group-862D64EF6F50-FollowerState
2021-08-31 13:04:17,764 [Command processor thread] INFO  server.RaftServer (RaftServerProxy.java:remove(106)) - 41b49504-2605-44a7-8135-9defd08b62b0: remove  FOLLOWER 41b49504-2605-44a7-8135-9defd08b62b0@group-8F175209AE26:t1, leader=41b49504-2605-44a7-8135-9defd08b62b0, voted=41b49504-2605-44a7-8135-9defd08b62b0, raftlog=41b49504-2605-44a7-8135-9defd08b62b0@group-8F175209AE26-SegmentedRaftLog:OPENED:c17,f17,i17, conf=0: [940b181a-f656-490c-a8b1-afc5b8b121dc|rpc:10.1.0.6:41423|dataStream:|priority:0, 41b49504-2605-44a7-8135-9defd08b62b0|rpc:10.1.0.6:41505|dataStream:|priority:1, fde2103a-ce00-4253-a576-ea8232893539|rpc:10.1.0.6:43381|dataStream:|priority:0], old=null RUNNING
2021-08-31 13:04:17,765 [Command processor thread] INFO  server.RaftServer$Division (RaftServerImpl.java:lambda$close$4(407)) - 41b49504-2605-44a7-8135-9defd08b62b0@group-8F175209AE26: shutdown
2021-08-31 13:04:17,765 [Command processor thread] INFO  util.JmxRegister (JmxRegister.java:unregister(73)) - Successfully un-registered JMX Bean with object name Ratis:service=RaftServer,group=group-8F175209AE26,id=41b49504-2605-44a7-8135-9defd08b62b0
2021-08-31 13:04:17,765 [Command processor thread] INFO  impl.RoleInfo (RoleInfo.java:shutdownFollowerState(108)) - 41b49504-2605-44a7-8135-9defd08b62b0: shutdown 41b49504-2605-44a7-8135-9defd08b62b0@group-8F175209AE26-FollowerState
2021-08-31 13:04:17,765 [41b49504-2605-44a7-8135-9defd08b62b0@group-8F175209AE26-FollowerState] INFO  impl.FollowerState (FollowerState.java:run(143)) - 41b49504-2605-44a7-8135-9defd08b62b0@group-8F175209AE26-FollowerState was interrupted: {}
java.lang.InterruptedException: sleep interrupted
	at java.lang.Thread.sleep(Native Method)
	at java.lang.Thread.sleep(Thread.java:340)
	at java.util.concurrent.TimeUnit.sleep(TimeUnit.java:386)
	at org.apache.ratis.util.TimeDuration.sleep(TimeDuration.java:324)
	at org.apache.ratis.util.TimeDuration.sleep(TimeDuration.java:309)
	at org.apache.ratis.server.impl.FollowerState.run(FollowerState.java:118)
2021-08-31 13:04:17,767 [Command processor thread] INFO  impl.StateMachineUpdater (StateMachineUpdater.java:stopAndJoin(149)) - 41b49504-2605-44a7-8135-9defd08b62b0@group-8F175209AE26-StateMachineUpdater: set stopIndex = 17
2021-08-31 13:04:17,769 [41b49504-2605-44a7-8135-9defd08b62b0@group-8F175209AE26-StateMachineUpdater] INFO  ratis.ContainerStateMachine (ContainerStateMachine.java:takeSnapshot(292)) - group-8F175209AE26: Taking a snapshot at:(t:1, i:17) file /home/runner/work/ozone/ozone/hadoop-ozone/integration-test/target/test-dir/MiniOzoneClusterImpl-24712a27-71f7-429c-8ffb-97a1a53f740d/datanode-2/data/ratis/df4b5ad2-fca6-4234-b989-8f175209ae26/sm/snapshot.1_17
2021-08-31 13:04:17,770 [41b49504-2605-44a7-8135-9defd08b62b0@group-8F175209AE26-StateMachineUpdater] INFO  ratis.ContainerStateMachine (ContainerStateMachine.java:takeSnapshot(303)) - group-8F175209AE26: Finished taking a snapshot at:(t:1, i:17) file:/home/runner/work/ozone/ozone/hadoop-ozone/integration-test/target/test-dir/MiniOzoneClusterImpl-24712a27-71f7-429c-8ffb-97a1a53f740d/datanode-2/data/ratis/df4b5ad2-fca6-4234-b989-8f175209ae26/sm/snapshot.1_17 took: 1 ms
2021-08-31 13:04:17,770 [41b49504-2605-44a7-8135-9defd08b62b0@group-8F175209AE26-StateMachineUpdater] INFO  impl.StateMachineUpdater (StateMachineUpdater.java:takeSnapshot(281)) - 41b49504-2605-44a7-8135-9defd08b62b0@group-8F175209AE26-StateMachineUpdater: Took a snapshot at index 17
2021-08-31 13:04:17,770 [41b49504-2605-44a7-8135-9defd08b62b0@group-8F175209AE26-StateMachineUpdater] INFO  impl.StateMachineUpdater (StateMachineUpdater.java:lambda$new$0(89)) - 41b49504-2605-44a7-8135-9defd08b62b0@group-8F175209AE26-StateMachineUpdater: snapshotIndex: updateIncreasingly -1 -> 17
2021-08-31 13:04:17,771 [Command processor thread] INFO  server.RaftServer$Division (ServerState.java:close(419)) - 41b49504-2605-44a7-8135-9defd08b62b0@group-8F175209AE26: closes. applyIndex: 17
2021-08-31 13:04:17,771 [41b49504-2605-44a7-8135-9defd08b62b0@group-8F175209AE26-SegmentedRaftLogWorker] INFO  segmented.SegmentedRaftLogWorker (SegmentedRaftLogWorker.java:run(327)) - 41b49504-2605-44a7-8135-9defd08b62b0@group-8F175209AE26-SegmentedRaftLogWorker was interrupted, exiting. There are 0 tasks remaining in the queue.
2021-08-31 13:04:17,772 [Command processor thread] INFO  segmented.SegmentedRaftLogWorker (SegmentedRaftLogWorker.java:close(237)) - 41b49504-2605-44a7-8135-9defd08b62b0@group-8F175209AE26-SegmentedRaftLogWorker close()
2021-08-31 13:04:17,776 [Command processor thread] INFO  server.RaftServer$Division (RaftServerImpl.java:groupRemove(377)) - 41b49504-2605-44a7-8135-9defd08b62b0@group-8F175209AE26: Succeed to remove RaftStorageDirectory Storage Directory /home/runner/work/ozone/ozone/hadoop-ozone/integration-test/target/test-dir/MiniOzoneClusterImpl-24712a27-71f7-429c-8ffb-97a1a53f740d/datanode-2/data/ratis/df4b5ad2-fca6-4234-b989-8f175209ae26
2021-08-31 13:04:17,776 [Command processor thread] INFO  commandhandler.ClosePipelineCommandHandler (ClosePipelineCommandHandler.java:handle(75)) - Close Pipeline PipelineID=df4b5ad2-fca6-4234-b989-8f175209ae26 command on datanode 41b49504-2605-44a7-8135-9defd08b62b0.
2021-08-31 13:04:17,777 [Command processor thread] INFO  server.RaftServer (RaftServerProxy.java:remove(106)) - 41b49504-2605-44a7-8135-9defd08b62b0: remove  FOLLOWER 41b49504-2605-44a7-8135-9defd08b62b0@group-862D64EF6F50:t4, leader=null, voted=41b49504-2605-44a7-8135-9defd08b62b0, raftlog=41b49504-2605-44a7-8135-9defd08b62b0@group-862D64EF6F50-SegmentedRaftLog:OPENED:c1,f2,i2, conf=1: [940b181a-f656-490c-a8b1-afc5b8b121dc|rpc:10.1.0.6:41423|dataStream:|priority:1, 41b49504-2605-44a7-8135-9defd08b62b0|rpc:10.1.0.6:41505|dataStream:|priority:0, fde2103a-ce00-4253-a576-ea8232893539|rpc:10.1.0.6:43381|dataStream:|priority:0], old=null RUNNING
2021-08-31 13:04:17,777 [Command processor thread] INFO  server.RaftServer$Division (RaftServerImpl.java:lambda$close$4(407)) - 41b49504-2605-44a7-8135-9defd08b62b0@group-862D64EF6F50: shutdown
2021-08-31 13:04:17,777 [Command processor thread] INFO  util.JmxRegister (JmxRegister.java:unregister(73)) - Successfully un-registered JMX Bean with object name Ratis:service=RaftServer,group=group-862D64EF6F50,id=41b49504-2605-44a7-8135-9defd08b62b0
2021-08-31 13:04:17,777 [Command processor thread] INFO  impl.RoleInfo (RoleInfo.java:shutdownFollowerState(108)) - 41b49504-2605-44a7-8135-9defd08b62b0: shutdown 41b49504-2605-44a7-8135-9defd08b62b0@group-862D64EF6F50-FollowerState
2021-08-31 13:04:17,777 [41b49504-2605-44a7-8135-9defd08b62b0@group-862D64EF6F50-FollowerState] INFO  impl.FollowerState (FollowerState.java:run(143)) - 41b49504-2605-44a7-8135-9defd08b62b0@group-862D64EF6F50-FollowerState was interrupted: {}
java.lang.InterruptedException: sleep interrupted
	at java.lang.Thread.sleep(Native Method)
	at java.lang.Thread.sleep(Thread.java:340)
	at java.util.concurrent.TimeUnit.sleep(TimeUnit.java:386)
	at org.apache.ratis.util.TimeDuration.sleep(TimeDuration.java:324)
	at org.apache.ratis.util.TimeDuration.sleep(TimeDuration.java:309)
	at org.apache.ratis.server.impl.FollowerState.run(FollowerState.java:118)
2021-08-31 13:04:17,777 [Command processor thread] INFO  impl.StateMachineUpdater (StateMachineUpdater.java:stopAndJoin(149)) - 41b49504-2605-44a7-8135-9defd08b62b0@group-862D64EF6F50-StateMachineUpdater: set stopIndex = 1
2021-08-31 13:04:17,777 [41b49504-2605-44a7-8135-9defd08b62b0@group-862D64EF6F50-StateMachineUpdater] INFO  ratis.ContainerStateMachine (ContainerStateMachine.java:takeSnapshot(292)) - group-862D64EF6F50: Taking a snapshot at:(t:3, i:1) file /home/runner/work/ozone/ozone/hadoop-ozone/integration-test/target/test-dir/MiniOzoneClusterImpl-24712a27-71f7-429c-8ffb-97a1a53f740d/datanode-2/data/ratis/bcca9cef-7c19-4c59-bfaa-862d64ef6f50/sm/snapshot.3_1
2021-08-31 13:04:17,778 [41b49504-2605-44a7-8135-9defd08b62b0@group-862D64EF6F50-StateMachineUpdater] INFO  ratis.ContainerStateMachine (ContainerStateMachine.java:takeSnapshot(303)) - group-862D64EF6F50: Finished taking a snapshot at:(t:3, i:1) file:/home/runner/work/ozone/ozone/hadoop-ozone/integration-test/target/test-dir/MiniOzoneClusterImpl-24712a27-71f7-429c-8ffb-97a1a53f740d/datanode-2/data/ratis/bcca9cef-7c19-4c59-bfaa-862d64ef6f50/sm/snapshot.3_1 took: 1 ms
2021-08-31 13:04:17,778 [41b49504-2605-44a7-8135-9defd08b62b0@group-862D64EF6F50-StateMachineUpdater] INFO  impl.StateMachineUpdater (StateMachineUpdater.java:takeSnapshot(281)) - 41b49504-2605-44a7-8135-9defd08b62b0@group-862D64EF6F50-StateMachineUpdater: Took a snapshot at index 1
2021-08-31 13:04:17,779 [41b49504-2605-44a7-8135-9defd08b62b0@group-862D64EF6F50-StateMachineUpdater] INFO  impl.StateMachineUpdater (StateMachineUpdater.java:lambda$new$0(89)) - 41b49504-2605-44a7-8135-9defd08b62b0@group-862D64EF6F50-StateMachineUpdater: snapshotIndex: updateIncreasingly -1 -> 1
2021-08-31 13:04:17,780 [Command processor thread] INFO  server.RaftServer$Division (ServerState.java:close(419)) - 41b49504-2605-44a7-8135-9defd08b62b0@group-862D64EF6F50: closes. applyIndex: 1
2021-08-31 13:04:17,780 [41b49504-2605-44a7-8135-9defd08b62b0@group-862D64EF6F50-SegmentedRaftLogWorker] INFO  segmented.SegmentedRaftLogWorker (SegmentedRaftLogWorker.java:run(327)) - 41b49504-2605-44a7-8135-9defd08b62b0@group-862D64EF6F50-SegmentedRaftLogWorker was interrupted, exiting. There are 0 tasks remaining in the queue.
2021-08-31 13:04:17,783 [Command processor thread] INFO  segmented.SegmentedRaftLogWorker (SegmentedRaftLogWorker.java:close(237)) - 41b49504-2605-44a7-8135-9defd08b62b0@group-862D64EF6F50-SegmentedRaftLogWorker close()
2021-08-31 13:04:17,800 [Command processor thread] INFO  server.RaftServer$Division (RaftServerImpl.java:groupRemove(377)) - 41b49504-2605-44a7-8135-9defd08b62b0@group-862D64EF6F50: Succeed to remove RaftStorageDirectory Storage Directory /home/runner/work/ozone/ozone/hadoop-ozone/integration-test/target/test-dir/MiniOzoneClusterImpl-24712a27-71f7-429c-8ffb-97a1a53f740d/datanode-2/data/ratis/bcca9cef-7c19-4c59-bfaa-862d64ef6f50
2021-08-31 13:04:17,800 [Command processor thread] INFO  commandhandler.ClosePipelineCommandHandler (ClosePipelineCommandHandler.java:handle(75)) - Close Pipeline PipelineID=bcca9cef-7c19-4c59-bfaa-862d64ef6f50 command on datanode 41b49504-2605-44a7-8135-9defd08b62b0.
2021-08-31 13:04:18,681 [48a67b91-f7be-40c9-a901-78f22c1148cd@group-137DB946C243-FollowerState] INFO  impl.FollowerState (FollowerState.java:run(134)) - 48a67b91-f7be-40c9-a901-78f22c1148cd@group-137DB946C243-FollowerState: change to CANDIDATE, lastRpcElapsedTime:5080967041ns, electionTimeout:5078ms
2021-08-31 13:04:18,681 [48a67b91-f7be-40c9-a901-78f22c1148cd@group-137DB946C243-FollowerState] INFO  impl.RoleInfo (RoleInfo.java:shutdownFollowerState(108)) - 48a67b91-f7be-40c9-a901-78f22c1148cd: shutdown 48a67b91-f7be-40c9-a901-78f22c1148cd@group-137DB946C243-FollowerState
2021-08-31 13:04:18,681 [48a67b91-f7be-40c9-a901-78f22c1148cd@group-137DB946C243-FollowerState] INFO  server.RaftServer$Division (RaftServerImpl.java:setRole(285)) - 48a67b91-f7be-40c9-a901-78f22c1148cd@group-137DB946C243: changes role from  FOLLOWER to CANDIDATE at term 5 for changeToCandidate
2021-08-31 13:04:18,681 [48a67b91-f7be-40c9-a901-78f22c1148cd@group-137DB946C243-FollowerState] INFO  server.RaftServerConfigKeys (ConfUtils.java:logGet(44)) - raft.server.leaderelection.pre-vote = false (custom)
2021-08-31 13:04:18,681 [48a67b91-f7be-40c9-a901-78f22c1148cd@group-137DB946C243-FollowerState] INFO  impl.RoleInfo (RoleInfo.java:updateAndGet(130)) - 48a67b91-f7be-40c9-a901-78f22c1148cd: start 48a67b91-f7be-40c9-a901-78f22c1148cd@group-137DB946C243-LeaderElection31
2021-08-31 13:04:18,691 [c1e41c75-4b16-43e8-a71d-6e9134c212c3@group-137DB946C243-FollowerState] INFO  impl.FollowerState (FollowerState.java:run(134)) - c1e41c75-4b16-43e8-a71d-6e9134c212c3@group-137DB946C243-FollowerState: change to CANDIDATE, lastRpcElapsedTime:5096884078ns, electionTimeout:5094ms
2021-08-31 13:04:18,691 [c1e41c75-4b16-43e8-a71d-6e9134c212c3@group-137DB946C243-FollowerState] INFO  impl.RoleInfo (RoleInfo.java:shutdownFollowerState(108)) - c1e41c75-4b16-43e8-a71d-6e9134c212c3: shutdown c1e41c75-4b16-43e8-a71d-6e9134c212c3@group-137DB946C243-FollowerState
2021-08-31 13:04:18,691 [c1e41c75-4b16-43e8-a71d-6e9134c212c3@group-137DB946C243-FollowerState] INFO  server.RaftServer$Division (RaftServerImpl.java:setRole(285)) - c1e41c75-4b16-43e8-a71d-6e9134c212c3@group-137DB946C243: changes role from  FOLLOWER to CANDIDATE at term 5 for changeToCandidate
2021-08-31 13:04:18,691 [c1e41c75-4b16-43e8-a71d-6e9134c212c3@group-137DB946C243-FollowerState] INFO  server.RaftServerConfigKeys (ConfUtils.java:logGet(44)) - raft.server.leaderelection.pre-vote = false (custom)
2021-08-31 13:04:18,691 [c1e41c75-4b16-43e8-a71d-6e9134c212c3@group-137DB946C243-FollowerState] INFO  impl.RoleInfo (RoleInfo.java:updateAndGet(130)) - c1e41c75-4b16-43e8-a71d-6e9134c212c3: start c1e41c75-4b16-43e8-a71d-6e9134c212c3@group-137DB946C243-LeaderElection32
2021-08-31 13:04:18,692 [48a67b91-f7be-40c9-a901-78f22c1148cd@group-137DB946C243-LeaderElection31] INFO  impl.LeaderElection (LeaderElection.java:askForVotes(306)) - 48a67b91-f7be-40c9-a901-78f22c1148cd@group-137DB946C243-LeaderElection31 ELECTION round 0: submit vote requests at term 6 for -1: [1a766833-fcfc-4255-a382-49e3d560613d|rpc:10.1.0.6:42143|priority:0, 48a67b91-f7be-40c9-a901-78f22c1148cd|rpc:10.1.0.6:46047|priority:0, c1e41c75-4b16-43e8-a71d-6e9134c212c3|rpc:10.1.0.6:40007|priority:1], old=null
2021-08-31 13:04:18,704 [c1e41c75-4b16-43e8-a71d-6e9134c212c3@group-137DB946C243-LeaderElection32] INFO  impl.LeaderElection (LeaderElection.java:askForVotes(306)) - c1e41c75-4b16-43e8-a71d-6e9134c212c3@group-137DB946C243-LeaderElection32 ELECTION round 0: submit vote requests at term 6 for -1: [1a766833-fcfc-4255-a382-49e3d560613d|rpc:10.1.0.6:42143|dataStream:|priority:0, 48a67b91-f7be-40c9-a901-78f22c1148cd|rpc:10.1.0.6:46047|dataStream:|priority:0, c1e41c75-4b16-43e8-a71d-6e9134c212c3|rpc:10.1.0.6:40007|dataStream:|priority:1], old=null
2021-08-31 13:04:18,714 [grpc-default-executor-1] INFO  server.RaftServer$Division (RaftServerImpl.java:requestVote(1043)) - 1a766833-fcfc-4255-a382-49e3d560613d@group-137DB946C243: receive requestVote(ELECTION, 48a67b91-f7be-40c9-a901-78f22c1148cd, group-137DB946C243, 6, (t:0, i:0))
2021-08-31 13:04:18,714 [grpc-default-executor-1] INFO  impl.VoteContext (VoteContext.java:log(48)) - 1a766833-fcfc-4255-a382-49e3d560613d@group-137DB946C243-FOLLOWER: accept ELECTION from 48a67b91-f7be-40c9-a901-78f22c1148cd: our priority 0 <= candidate's priority 0
2021-08-31 13:04:18,714 [grpc-default-executor-1] INFO  server.RaftServer$Division (RaftServerImpl.java:setRole(285)) - 1a766833-fcfc-4255-a382-49e3d560613d@group-137DB946C243: changes role from  FOLLOWER to FOLLOWER at term 6 for candidate:48a67b91-f7be-40c9-a901-78f22c1148cd
2021-08-31 13:04:18,714 [grpc-default-executor-1] INFO  impl.RoleInfo (RoleInfo.java:shutdownFollowerState(108)) - 1a766833-fcfc-4255-a382-49e3d560613d: shutdown 1a766833-fcfc-4255-a382-49e3d560613d@group-137DB946C243-FollowerState
2021-08-31 13:04:18,716 [grpc-default-executor-3] INFO  server.RaftServer$Division (RaftServerImpl.java:requestVote(1043)) - c1e41c75-4b16-43e8-a71d-6e9134c212c3@group-137DB946C243: receive requestVote(ELECTION, 48a67b91-f7be-40c9-a901-78f22c1148cd, group-137DB946C243, 6, (t:0, i:0))
2021-08-31 13:04:18,716 [grpc-default-executor-3] INFO  impl.VoteContext (VoteContext.java:log(48)) - c1e41c75-4b16-43e8-a71d-6e9134c212c3@group-137DB946C243-CANDIDATE: reject ELECTION from 48a67b91-f7be-40c9-a901-78f22c1148cd: already has voted for c1e41c75-4b16-43e8-a71d-6e9134c212c3 at current term 6
2021-08-31 13:04:18,717 [grpc-default-executor-3] INFO  server.RaftServer$Division (RaftServerImpl.java:requestVote(1075)) - c1e41c75-4b16-43e8-a71d-6e9134c212c3@group-137DB946C243 replies to ELECTION vote request: 48a67b91-f7be-40c9-a901-78f22c1148cd<-c1e41c75-4b16-43e8-a71d-6e9134c212c3#0:FAIL-t6. Peer's state: c1e41c75-4b16-43e8-a71d-6e9134c212c3@group-137DB946C243:t6, leader=null, voted=c1e41c75-4b16-43e8-a71d-6e9134c212c3, raftlog=c1e41c75-4b16-43e8-a71d-6e9134c212c3@group-137DB946C243-SegmentedRaftLog:OPENED:c-1,f-1,i0, conf=-1: [1a766833-fcfc-4255-a382-49e3d560613d|rpc:10.1.0.6:42143|dataStream:|priority:0, 48a67b91-f7be-40c9-a901-78f22c1148cd|rpc:10.1.0.6:46047|dataStream:|priority:0, c1e41c75-4b16-43e8-a71d-6e9134c212c3|rpc:10.1.0.6:40007|dataStream:|priority:1], old=null
2021-08-31 13:04:18,725 [grpc-default-executor-3] INFO  server.RaftServer$Division (RaftServerImpl.java:requestVote(1043)) - 1a766833-fcfc-4255-a382-49e3d560613d@group-137DB946C243: receive requestVote(ELECTION, c1e41c75-4b16-43e8-a71d-6e9134c212c3, group-137DB946C243, 6, (t:0, i:0))
2021-08-31 13:04:18,725 [1a766833-fcfc-4255-a382-49e3d560613d@group-137DB946C243-FollowerState] INFO  impl.FollowerState (FollowerState.java:run(127)) - 1a766833-fcfc-4255-a382-49e3d560613d@group-137DB946C243-FollowerState: Stopping now (isRunning? false, isFollower? true)
2021-08-31 13:04:18,727 [grpc-default-executor-1] INFO  impl.RoleInfo (RoleInfo.java:updateAndGet(130)) - 1a766833-fcfc-4255-a382-49e3d560613d: start 1a766833-fcfc-4255-a382-49e3d560613d@group-137DB946C243-FollowerState
2021-08-31 13:04:18,727 [48a67b91-f7be-40c9-a901-78f22c1148cd@group-137DB946C243-LeaderElection31] INFO  impl.LeaderElection (LeaderElection.java:logAndReturn(89)) - 48a67b91-f7be-40c9-a901-78f22c1148cd@group-137DB946C243-LeaderElection31: ELECTION REJECTED received 1 response(s) and 0 exception(s):
2021-08-31 13:04:18,727 [48a67b91-f7be-40c9-a901-78f22c1148cd@group-137DB946C243-LeaderElection31] INFO  impl.LeaderElection (LeaderElection.java:logAndReturn(93)) -   Response 0: 48a67b91-f7be-40c9-a901-78f22c1148cd<-c1e41c75-4b16-43e8-a71d-6e9134c212c3#0:FAIL-t6
2021-08-31 13:04:18,732 [grpc-default-executor-0] INFO  server.RaftServer$Division (RaftServerImpl.java:requestVote(1043)) - 48a67b91-f7be-40c9-a901-78f22c1148cd@group-137DB946C243: receive requestVote(ELECTION, c1e41c75-4b16-43e8-a71d-6e9134c212c3, group-137DB946C243, 6, (t:0, i:0))
2021-08-31 13:04:18,732 [grpc-default-executor-0] INFO  impl.VoteContext (VoteContext.java:log(48)) - 48a67b91-f7be-40c9-a901-78f22c1148cd@group-137DB946C243-CANDIDATE: reject ELECTION from c1e41c75-4b16-43e8-a71d-6e9134c212c3: already has voted for 48a67b91-f7be-40c9-a901-78f22c1148cd at current term 6
2021-08-31 13:04:18,732 [grpc-default-executor-0] INFO  server.RaftServer$Division (RaftServerImpl.java:requestVote(1075)) - 48a67b91-f7be-40c9-a901-78f22c1148cd@group-137DB946C243 replies to ELECTION vote request: c1e41c75-4b16-43e8-a71d-6e9134c212c3<-48a67b91-f7be-40c9-a901-78f22c1148cd#0:FAIL-t6. Peer's state: 48a67b91-f7be-40c9-a901-78f22c1148cd@group-137DB946C243:t6, leader=null, voted=48a67b91-f7be-40c9-a901-78f22c1148cd, raftlog=48a67b91-f7be-40c9-a901-78f22c1148cd@group-137DB946C243-SegmentedRaftLog:OPENED:c-1,f-1,i0, conf=-1: [1a766833-fcfc-4255-a382-49e3d560613d|rpc:10.1.0.6:42143|priority:0, 48a67b91-f7be-40c9-a901-78f22c1148cd|rpc:10.1.0.6:46047|priority:0, c1e41c75-4b16-43e8-a71d-6e9134c212c3|rpc:10.1.0.6:40007|priority:1], old=null
2021-08-31 13:04:18,732 [48a67b91-f7be-40c9-a901-78f22c1148cd@group-137DB946C243-LeaderElection31] INFO  impl.LeaderElection (LeaderElection.java:askForVotes(308)) - 48a67b91-f7be-40c9-a901-78f22c1148cd@group-137DB946C243-LeaderElection31 ELECTION round 0: result REJECTED
2021-08-31 13:04:18,733 [48a67b91-f7be-40c9-a901-78f22c1148cd@group-137DB946C243-LeaderElection31] INFO  server.RaftServer$Division (RaftServerImpl.java:setRole(285)) - 48a67b91-f7be-40c9-a901-78f22c1148cd@group-137DB946C243: changes role from CANDIDATE to FOLLOWER at term 6 for REJECTED
2021-08-31 13:04:18,733 [48a67b91-f7be-40c9-a901-78f22c1148cd@group-137DB946C243-LeaderElection31] INFO  impl.RoleInfo (RoleInfo.java:shutdownLeaderElection(121)) - 48a67b91-f7be-40c9-a901-78f22c1148cd: shutdown 48a67b91-f7be-40c9-a901-78f22c1148cd@group-137DB946C243-LeaderElection31
2021-08-31 13:04:18,733 [48a67b91-f7be-40c9-a901-78f22c1148cd@group-137DB946C243-LeaderElection31] INFO  impl.RoleInfo (RoleInfo.java:updateAndGet(130)) - 48a67b91-f7be-40c9-a901-78f22c1148cd: start 48a67b91-f7be-40c9-a901-78f22c1148cd@group-137DB946C243-FollowerState
2021-08-31 13:04:18,733 [grpc-default-executor-1] INFO  server.RaftServer$Division (RaftServerImpl.java:requestVote(1075)) - 1a766833-fcfc-4255-a382-49e3d560613d@group-137DB946C243 replies to ELECTION vote request: 48a67b91-f7be-40c9-a901-78f22c1148cd<-1a766833-fcfc-4255-a382-49e3d560613d#0:OK-t6. Peer's state: 1a766833-fcfc-4255-a382-49e3d560613d@group-137DB946C243:t6, leader=null, voted=48a67b91-f7be-40c9-a901-78f22c1148cd, raftlog=1a766833-fcfc-4255-a382-49e3d560613d@group-137DB946C243-SegmentedRaftLog:OPENED:c-1,f-1,i0, conf=-1: [1a766833-fcfc-4255-a382-49e3d560613d|rpc:10.1.0.6:42143|dataStream:|priority:0, 48a67b91-f7be-40c9-a901-78f22c1148cd|rpc:10.1.0.6:46047|dataStream:|priority:0, c1e41c75-4b16-43e8-a71d-6e9134c212c3|rpc:10.1.0.6:40007|dataStream:|priority:1], old=null
2021-08-31 13:04:18,734 [grpc-default-executor-3] INFO  impl.VoteContext (VoteContext.java:log(48)) - 1a766833-fcfc-4255-a382-49e3d560613d@group-137DB946C243-FOLLOWER: reject ELECTION from c1e41c75-4b16-43e8-a71d-6e9134c212c3: already has voted for 48a67b91-f7be-40c9-a901-78f22c1148cd at current term 6
2021-08-31 13:04:18,734 [grpc-default-executor-3] INFO  server.RaftServer$Division (RaftServerImpl.java:requestVote(1075)) - 1a766833-fcfc-4255-a382-49e3d560613d@group-137DB946C243 replies to ELECTION vote request: c1e41c75-4b16-43e8-a71d-6e9134c212c3<-1a766833-fcfc-4255-a382-49e3d560613d#0:FAIL-t6. Peer's state: 1a766833-fcfc-4255-a382-49e3d560613d@group-137DB946C243:t6, leader=null, voted=48a67b91-f7be-40c9-a901-78f22c1148cd, raftlog=1a766833-fcfc-4255-a382-49e3d560613d@group-137DB946C243-SegmentedRaftLog:OPENED:c-1,f-1,i0, conf=-1: [1a766833-fcfc-4255-a382-49e3d560613d|rpc:10.1.0.6:42143|dataStream:|priority:0, 48a67b91-f7be-40c9-a901-78f22c1148cd|rpc:10.1.0.6:46047|dataStream:|priority:0, c1e41c75-4b16-43e8-a71d-6e9134c212c3|rpc:10.1.0.6:40007|dataStream:|priority:1], old=null
2021-08-31 13:04:18,739 [c1e41c75-4b16-43e8-a71d-6e9134c212c3@group-137DB946C243-LeaderElection32] INFO  impl.LeaderElection (LeaderElection.java:logAndReturn(89)) - c1e41c75-4b16-43e8-a71d-6e9134c212c3@group-137DB946C243-LeaderElection32: ELECTION REJECTED received 2 response(s) and 0 exception(s):
2021-08-31 13:04:18,739 [c1e41c75-4b16-43e8-a71d-6e9134c212c3@group-137DB946C243-LeaderElection32] INFO  impl.LeaderElection (LeaderElection.java:logAndReturn(93)) -   Response 0: c1e41c75-4b16-43e8-a71d-6e9134c212c3<-1a766833-fcfc-4255-a382-49e3d560613d#0:FAIL-t6
2021-08-31 13:04:18,739 [c1e41c75-4b16-43e8-a71d-6e9134c212c3@group-137DB946C243-LeaderElection32] INFO  impl.LeaderElection (LeaderElection.java:logAndReturn(93)) -   Response 1: c1e41c75-4b16-43e8-a71d-6e9134c212c3<-48a67b91-f7be-40c9-a901-78f22c1148cd#0:FAIL-t6
2021-08-31 13:04:18,739 [c1e41c75-4b16-43e8-a71d-6e9134c212c3@group-137DB946C243-LeaderElection32] INFO  impl.LeaderElection (LeaderElection.java:askForVotes(308)) - c1e41c75-4b16-43e8-a71d-6e9134c212c3@group-137DB946C243-LeaderElection32 ELECTION round 0: result REJECTED
2021-08-31 13:04:18,740 [c1e41c75-4b16-43e8-a71d-6e9134c212c3@group-137DB946C243-LeaderElection32] INFO  server.RaftServer$Division (RaftServerImpl.java:setRole(285)) - c1e41c75-4b16-43e8-a71d-6e9134c212c3@group-137DB946C243: changes role from CANDIDATE to FOLLOWER at term 6 for REJECTED
2021-08-31 13:04:18,740 [c1e41c75-4b16-43e8-a71d-6e9134c212c3@group-137DB946C243-LeaderElection32] INFO  impl.RoleInfo (RoleInfo.java:shutdownLeaderElection(121)) - c1e41c75-4b16-43e8-a71d-6e9134c212c3: shutdown c1e41c75-4b16-43e8-a71d-6e9134c212c3@group-137DB946C243-LeaderElection32
2021-08-31 13:04:18,740 [c1e41c75-4b16-43e8-a71d-6e9134c212c3@group-137DB946C243-LeaderElection32] INFO  impl.RoleInfo (RoleInfo.java:updateAndGet(130)) - c1e41c75-4b16-43e8-a71d-6e9134c212c3: start c1e41c75-4b16-43e8-a71d-6e9134c212c3@group-137DB946C243-FollowerState
2021-08-31 13:04:18,956 [41b49504-2605-44a7-8135-9defd08b62b0@group-FE8B2710E868-FollowerState] INFO  impl.FollowerState (FollowerState.java:run(134)) - 41b49504-2605-44a7-8135-9defd08b62b0@group-FE8B2710E868-FollowerState: change to CANDIDATE, lastRpcElapsedTime:5176977650ns, electionTimeout:5176ms
2021-08-31 13:04:18,957 [41b49504-2605-44a7-8135-9defd08b62b0@group-FE8B2710E868-FollowerState] INFO  impl.RoleInfo (RoleInfo.java:shutdownFollowerState(108)) - 41b49504-2605-44a7-8135-9defd08b62b0: shutdown 41b49504-2605-44a7-8135-9defd08b62b0@group-FE8B2710E868-FollowerState
2021-08-31 13:04:18,957 [41b49504-2605-44a7-8135-9defd08b62b0@group-FE8B2710E868-FollowerState] INFO  server.RaftServer$Division (RaftServerImpl.java:setRole(285)) - 41b49504-2605-44a7-8135-9defd08b62b0@group-FE8B2710E868: changes role from  FOLLOWER to CANDIDATE at term 0 for changeToCandidate
2021-08-31 13:04:18,957 [41b49504-2605-44a7-8135-9defd08b62b0@group-FE8B2710E868-FollowerState] INFO  server.RaftServerConfigKeys (ConfUtils.java:logGet(44)) - raft.server.leaderelection.pre-vote = false (custom)
2021-08-31 13:04:18,957 [41b49504-2605-44a7-8135-9defd08b62b0@group-FE8B2710E868-FollowerState] INFO  impl.RoleInfo (RoleInfo.java:updateAndGet(130)) - 41b49504-2605-44a7-8135-9defd08b62b0: start 41b49504-2605-44a7-8135-9defd08b62b0@group-FE8B2710E868-LeaderElection33
2021-08-31 13:04:18,961 [c1e41c75-4b16-43e8-a71d-6e9134c212c3@group-ACFDA5E70BED-FollowerState] INFO  impl.FollowerState (FollowerState.java:run(134)) - c1e41c75-4b16-43e8-a71d-6e9134c212c3@group-ACFDA5E70BED-FollowerState: change to CANDIDATE, lastRpcElapsedTime:5118486178ns, electionTimeout:5118ms
2021-08-31 13:04:18,961 [c1e41c75-4b16-43e8-a71d-6e9134c212c3@group-ACFDA5E70BED-FollowerState] INFO  impl.RoleInfo (RoleInfo.java:shutdownFollowerState(108)) - c1e41c75-4b16-43e8-a71d-6e9134c212c3: shutdown c1e41c75-4b16-43e8-a71d-6e9134c212c3@group-ACFDA5E70BED-FollowerState
2021-08-31 13:04:18,961 [c1e41c75-4b16-43e8-a71d-6e9134c212c3@group-ACFDA5E70BED-FollowerState] INFO  server.RaftServer$Division (RaftServerImpl.java:setRole(285)) - c1e41c75-4b16-43e8-a71d-6e9134c212c3@group-ACFDA5E70BED: changes role from  FOLLOWER to CANDIDATE at term 5 for changeToCandidate
2021-08-31 13:04:18,961 [c1e41c75-4b16-43e8-a71d-6e9134c212c3@group-ACFDA5E70BED-FollowerState] INFO  server.RaftServerConfigKeys (ConfUtils.java:logGet(44)) - raft.server.leaderelection.pre-vote = false (custom)
2021-08-31 13:04:18,961 [c1e41c75-4b16-43e8-a71d-6e9134c212c3@group-ACFDA5E70BED-FollowerState] INFO  impl.RoleInfo (RoleInfo.java:updateAndGet(130)) - c1e41c75-4b16-43e8-a71d-6e9134c212c3: start c1e41c75-4b16-43e8-a71d-6e9134c212c3@group-ACFDA5E70BED-LeaderElection34
2021-08-31 13:04:18,963 [824157db-23a7-404e-be12-869143e8adda@group-FE8B2710E868-FollowerState] INFO  impl.FollowerState (FollowerState.java:run(134)) - 824157db-23a7-404e-be12-869143e8adda@group-FE8B2710E868-FollowerState: change to CANDIDATE, lastRpcElapsedTime:5136992854ns, electionTimeout:5132ms
2021-08-31 13:04:18,963 [824157db-23a7-404e-be12-869143e8adda@group-FE8B2710E868-FollowerState] INFO  impl.RoleInfo (RoleInfo.java:shutdownFollowerState(108)) - 824157db-23a7-404e-be12-869143e8adda: shutdown 824157db-23a7-404e-be12-869143e8adda@group-FE8B2710E868-FollowerState
2021-08-31 13:04:18,963 [824157db-23a7-404e-be12-869143e8adda@group-FE8B2710E868-FollowerState] INFO  server.RaftServer$Division (RaftServerImpl.java:setRole(285)) - 824157db-23a7-404e-be12-869143e8adda@group-FE8B2710E868: changes role from  FOLLOWER to CANDIDATE at term 0 for changeToCandidate
2021-08-31 13:04:18,965 [824157db-23a7-404e-be12-869143e8adda@group-FE8B2710E868-FollowerState] INFO  server.RaftServerConfigKeys (ConfUtils.java:logGet(44)) - raft.server.leaderelection.pre-vote = false (custom)
2021-08-31 13:04:18,965 [824157db-23a7-404e-be12-869143e8adda@group-FE8B2710E868-FollowerState] INFO  impl.RoleInfo (RoleInfo.java:updateAndGet(130)) - 824157db-23a7-404e-be12-869143e8adda: start 824157db-23a7-404e-be12-869143e8adda@group-FE8B2710E868-LeaderElection35
2021-08-31 13:04:18,967 [41b49504-2605-44a7-8135-9defd08b62b0@group-FE8B2710E868-LeaderElection33] INFO  impl.LeaderElection (LeaderElection.java:askForVotes(306)) - 41b49504-2605-44a7-8135-9defd08b62b0@group-FE8B2710E868-LeaderElection33 ELECTION round 0: submit vote requests at term 1 for -1: [824157db-23a7-404e-be12-869143e8adda|rpc:10.1.0.6:33221|priority:1, 41b49504-2605-44a7-8135-9defd08b62b0|rpc:10.1.0.6:41505|priority:0, fde2103a-ce00-4253-a576-ea8232893539|rpc:10.1.0.6:43381|priority:0], old=null
2021-08-31 13:04:18,967 [c1e41c75-4b16-43e8-a71d-6e9134c212c3@group-ACFDA5E70BED-LeaderElection34] INFO  impl.LeaderElection (LeaderElection.java:askForVotes(306)) - c1e41c75-4b16-43e8-a71d-6e9134c212c3@group-ACFDA5E70BED-LeaderElection34 ELECTION round 0: submit vote requests at term 6 for -1: [1a766833-fcfc-4255-a382-49e3d560613d|rpc:10.1.0.6:42143|dataStream:|priority:1, 48a67b91-f7be-40c9-a901-78f22c1148cd|rpc:10.1.0.6:46047|dataStream:|priority:0, c1e41c75-4b16-43e8-a71d-6e9134c212c3|rpc:10.1.0.6:40007|dataStream:|priority:0], old=null
2021-08-31 13:04:18,973 [grpc-default-executor-0] INFO  server.RaftServer$Division (RaftServerImpl.java:requestVote(1043)) - 1a766833-fcfc-4255-a382-49e3d560613d@group-ACFDA5E70BED: receive requestVote(ELECTION, c1e41c75-4b16-43e8-a71d-6e9134c212c3, group-ACFDA5E70BED, 6, (t:0, i:0))
2021-08-31 13:04:18,973 [grpc-default-executor-0] INFO  impl.VoteContext (VoteContext.java:log(48)) - 1a766833-fcfc-4255-a382-49e3d560613d@group-ACFDA5E70BED-FOLLOWER: reject ELECTION from c1e41c75-4b16-43e8-a71d-6e9134c212c3: our priority 1 > candidate's priority 0
2021-08-31 13:04:18,973 [grpc-default-executor-0] INFO  server.RaftServer$Division (RaftServerImpl.java:setRole(285)) - 1a766833-fcfc-4255-a382-49e3d560613d@group-ACFDA5E70BED: changes role from  FOLLOWER to FOLLOWER at term 6 for candidate:c1e41c75-4b16-43e8-a71d-6e9134c212c3
2021-08-31 13:04:18,973 [grpc-default-executor-0] INFO  impl.RoleInfo (RoleInfo.java:shutdownFollowerState(108)) - 1a766833-fcfc-4255-a382-49e3d560613d: shutdown 1a766833-fcfc-4255-a382-49e3d560613d@group-ACFDA5E70BED-FollowerState
2021-08-31 13:04:18,974 [41b49504-2605-44a7-8135-9defd08b62b0@group-FE8B2710E868-LeaderElection33] INFO  impl.LeaderElection (LogUtils.java:infoOrTrace(137)) - 41b49504-2605-44a7-8135-9defd08b62b0@group-FE8B2710E868-LeaderElection33 got exception when requesting votes: java.util.concurrent.ExecutionException: org.apache.ratis.thirdparty.io.grpc.StatusRuntimeException: UNAVAILABLE: io exception
2021-08-31 13:04:18,975 [grpc-default-executor-0] INFO  impl.RoleInfo (RoleInfo.java:updateAndGet(130)) - 1a766833-fcfc-4255-a382-49e3d560613d: start 1a766833-fcfc-4255-a382-49e3d560613d@group-ACFDA5E70BED-FollowerState
2021-08-31 13:04:18,975 [824157db-23a7-404e-be12-869143e8adda@group-FE8B2710E868-LeaderElection35] INFO  impl.LeaderElection (LeaderElection.java:askForVotes(306)) - 824157db-23a7-404e-be12-869143e8adda@group-FE8B2710E868-LeaderElection35 ELECTION round 0: submit vote requests at term 1 for -1: [824157db-23a7-404e-be12-869143e8adda|rpc:10.1.0.6:33221|dataStream:|priority:1, 41b49504-2605-44a7-8135-9defd08b62b0|rpc:10.1.0.6:41505|dataStream:|priority:0, fde2103a-ce00-4253-a576-ea8232893539|rpc:10.1.0.6:43381|dataStream:|priority:0], old=null
2021-08-31 13:04:18,976 [1a766833-fcfc-4255-a382-49e3d560613d@group-ACFDA5E70BED-FollowerState] INFO  impl.FollowerState (FollowerState.java:run(143)) - 1a766833-fcfc-4255-a382-49e3d560613d@group-ACFDA5E70BED-FollowerState was interrupted: {}
java.lang.InterruptedException: sleep interrupted
	at java.lang.Thread.sleep(Native Method)
	at java.lang.Thread.sleep(Thread.java:340)
	at java.util.concurrent.TimeUnit.sleep(TimeUnit.java:386)
	at org.apache.ratis.util.TimeDuration.sleep(TimeDuration.java:324)
	at org.apache.ratis.util.TimeDuration.sleep(TimeDuration.java:309)
	at org.apache.ratis.server.impl.FollowerState.run(FollowerState.java:118)
2021-08-31 13:04:18,979 [grpc-default-executor-3] INFO  server.RaftServer$Division (RaftServerImpl.java:requestVote(1043)) - 48a67b91-f7be-40c9-a901-78f22c1148cd@group-ACFDA5E70BED: receive requestVote(ELECTION, c1e41c75-4b16-43e8-a71d-6e9134c212c3, group-ACFDA5E70BED, 6, (t:0, i:0))
2021-08-31 13:04:18,980 [grpc-default-executor-3] INFO  impl.VoteContext (VoteContext.java:log(48)) - 48a67b91-f7be-40c9-a901-78f22c1148cd@group-ACFDA5E70BED-FOLLOWER: accept ELECTION from c1e41c75-4b16-43e8-a71d-6e9134c212c3: our priority 0 <= candidate's priority 0
2021-08-31 13:04:18,980 [grpc-default-executor-3] INFO  server.RaftServer$Division (RaftServerImpl.java:setRole(285)) - 48a67b91-f7be-40c9-a901-78f22c1148cd@group-ACFDA5E70BED: changes role from  FOLLOWER to FOLLOWER at term 6 for candidate:c1e41c75-4b16-43e8-a71d-6e9134c212c3
2021-08-31 13:04:18,980 [grpc-default-executor-3] INFO  impl.RoleInfo (RoleInfo.java:shutdownFollowerState(108)) - 48a67b91-f7be-40c9-a901-78f22c1148cd: shutdown 48a67b91-f7be-40c9-a901-78f22c1148cd@group-ACFDA5E70BED-FollowerState
2021-08-31 13:04:18,980 [grpc-default-executor-3] INFO  impl.RoleInfo (RoleInfo.java:updateAndGet(130)) - 48a67b91-f7be-40c9-a901-78f22c1148cd: start 48a67b91-f7be-40c9-a901-78f22c1148cd@group-ACFDA5E70BED-FollowerState
2021-08-31 13:04:18,980 [48a67b91-f7be-40c9-a901-78f22c1148cd@group-ACFDA5E70BED-FollowerState] INFO  impl.FollowerState (FollowerState.java:run(143)) - 48a67b91-f7be-40c9-a901-78f22c1148cd@group-ACFDA5E70BED-FollowerState was interrupted: {}
java.lang.InterruptedException: sleep interrupted
	at java.lang.Thread.sleep(Native Method)
	at java.lang.Thread.sleep(Thread.java:340)
	at java.util.concurrent.TimeUnit.sleep(TimeUnit.java:386)
	at org.apache.ratis.util.TimeDuration.sleep(TimeDuration.java:324)
	at org.apache.ratis.util.TimeDuration.sleep(TimeDuration.java:309)
	at org.apache.ratis.server.impl.FollowerState.run(FollowerState.java:118)
2021-08-31 13:04:18,982 [grpc-default-executor-0] INFO  server.RaftServer$Division (RaftServerImpl.java:requestVote(1075)) - 1a766833-fcfc-4255-a382-49e3d560613d@group-ACFDA5E70BED replies to ELECTION vote request: c1e41c75-4b16-43e8-a71d-6e9134c212c3<-1a766833-fcfc-4255-a382-49e3d560613d#0:FAIL-t6. Peer's state: 1a766833-fcfc-4255-a382-49e3d560613d@group-ACFDA5E70BED:t6, leader=null, voted=null, raftlog=1a766833-fcfc-4255-a382-49e3d560613d@group-ACFDA5E70BED-SegmentedRaftLog:OPENED:c-1,f-1,i0, conf=-1: [1a766833-fcfc-4255-a382-49e3d560613d|rpc:10.1.0.6:42143|dataStream:|priority:1, 48a67b91-f7be-40c9-a901-78f22c1148cd|rpc:10.1.0.6:46047|dataStream:|priority:0, c1e41c75-4b16-43e8-a71d-6e9134c212c3|rpc:10.1.0.6:40007|dataStream:|priority:0], old=null
2021-08-31 13:04:18,985 [grpc-default-executor-3] INFO  server.RaftServer$Division (RaftServerImpl.java:requestVote(1075)) - 48a67b91-f7be-40c9-a901-78f22c1148cd@group-ACFDA5E70BED replies to ELECTION vote request: c1e41c75-4b16-43e8-a71d-6e9134c212c3<-48a67b91-f7be-40c9-a901-78f22c1148cd#0:OK-t6. Peer's state: 48a67b91-f7be-40c9-a901-78f22c1148cd@group-ACFDA5E70BED:t6, leader=null, voted=c1e41c75-4b16-43e8-a71d-6e9134c212c3, raftlog=48a67b91-f7be-40c9-a901-78f22c1148cd@group-ACFDA5E70BED-SegmentedRaftLog:OPENED:c-1,f-1,i0, conf=-1: [1a766833-fcfc-4255-a382-49e3d560613d|rpc:10.1.0.6:42143|priority:1, 48a67b91-f7be-40c9-a901-78f22c1148cd|rpc:10.1.0.6:46047|priority:0, c1e41c75-4b16-43e8-a71d-6e9134c212c3|rpc:10.1.0.6:40007|priority:0], old=null
2021-08-31 13:04:18,991 [c1e41c75-4b16-43e8-a71d-6e9134c212c3@group-ACFDA5E70BED-LeaderElection34] INFO  impl.LeaderElection (LeaderElection.java:logAndReturn(89)) - c1e41c75-4b16-43e8-a71d-6e9134c212c3@group-ACFDA5E70BED-LeaderElection34: ELECTION REJECTED received 1 response(s) and 0 exception(s):
2021-08-31 13:04:18,991 [c1e41c75-4b16-43e8-a71d-6e9134c212c3@group-ACFDA5E70BED-LeaderElection34] INFO  impl.LeaderElection (LeaderElection.java:logAndReturn(93)) -   Response 0: c1e41c75-4b16-43e8-a71d-6e9134c212c3<-1a766833-fcfc-4255-a382-49e3d560613d#0:FAIL-t6
2021-08-31 13:04:18,991 [c1e41c75-4b16-43e8-a71d-6e9134c212c3@group-ACFDA5E70BED-LeaderElection34] INFO  impl.LeaderElection (LeaderElection.java:askForVotes(308)) - c1e41c75-4b16-43e8-a71d-6e9134c212c3@group-ACFDA5E70BED-LeaderElection34 ELECTION round 0: result REJECTED
2021-08-31 13:04:18,991 [c1e41c75-4b16-43e8-a71d-6e9134c212c3@group-ACFDA5E70BED-LeaderElection34] INFO  server.RaftServer$Division (RaftServerImpl.java:setRole(285)) - c1e41c75-4b16-43e8-a71d-6e9134c212c3@group-ACFDA5E70BED: changes role from CANDIDATE to FOLLOWER at term 6 for REJECTED
2021-08-31 13:04:18,991 [c1e41c75-4b16-43e8-a71d-6e9134c212c3@group-ACFDA5E70BED-LeaderElection34] INFO  impl.RoleInfo (RoleInfo.java:shutdownLeaderElection(121)) - c1e41c75-4b16-43e8-a71d-6e9134c212c3: shutdown c1e41c75-4b16-43e8-a71d-6e9134c212c3@group-ACFDA5E70BED-LeaderElection34
2021-08-31 13:04:18,991 [c1e41c75-4b16-43e8-a71d-6e9134c212c3@group-ACFDA5E70BED-LeaderElection34] INFO  impl.RoleInfo (RoleInfo.java:updateAndGet(130)) - c1e41c75-4b16-43e8-a71d-6e9134c212c3: start c1e41c75-4b16-43e8-a71d-6e9134c212c3@group-ACFDA5E70BED-FollowerState
2021-08-31 13:04:18,998 [grpc-default-executor-3] INFO  server.RaftServer$Division (RaftServerImpl.java:requestVote(1043)) - 824157db-23a7-404e-be12-869143e8adda@group-FE8B2710E868: receive requestVote(ELECTION, 41b49504-2605-44a7-8135-9defd08b62b0, group-FE8B2710E868, 1, (t:0, i:0))
2021-08-31 13:04:18,998 [grpc-default-executor-3] INFO  impl.VoteContext (VoteContext.java:log(48)) - 824157db-23a7-404e-be12-869143e8adda@group-FE8B2710E868-CANDIDATE: reject ELECTION from 41b49504-2605-44a7-8135-9defd08b62b0: already has voted for 824157db-23a7-404e-be12-869143e8adda at current term 1
2021-08-31 13:04:18,998 [grpc-default-executor-3] INFO  server.RaftServer$Division (RaftServerImpl.java:requestVote(1075)) - 824157db-23a7-404e-be12-869143e8adda@group-FE8B2710E868 replies to ELECTION vote request: 41b49504-2605-44a7-8135-9defd08b62b0<-824157db-23a7-404e-be12-869143e8adda#0:FAIL-t1. Peer's state: 824157db-23a7-404e-be12-869143e8adda@group-FE8B2710E868:t1, leader=null, voted=824157db-23a7-404e-be12-869143e8adda, raftlog=824157db-23a7-404e-be12-869143e8adda@group-FE8B2710E868-SegmentedRaftLog:OPENED:c-1,f-1,i0, conf=-1: [824157db-23a7-404e-be12-869143e8adda|rpc:10.1.0.6:33221|dataStream:|priority:1, 41b49504-2605-44a7-8135-9defd08b62b0|rpc:10.1.0.6:41505|dataStream:|priority:0, fde2103a-ce00-4253-a576-ea8232893539|rpc:10.1.0.6:43381|dataStream:|priority:0], old=null
2021-08-31 13:04:19,000 [824157db-23a7-404e-be12-869143e8adda@group-FE8B2710E868-LeaderElection35] INFO  impl.LeaderElection (LogUtils.java:infoOrTrace(137)) - 824157db-23a7-404e-be12-869143e8adda@group-FE8B2710E868-LeaderElection35 got exception when requesting votes: java.util.concurrent.ExecutionException: org.apache.ratis.thirdparty.io.grpc.StatusRuntimeException: UNAVAILABLE: io exception
2021-08-31 13:04:19,000 [41b49504-2605-44a7-8135-9defd08b62b0@group-FE8B2710E868-LeaderElection33] INFO  impl.LeaderElection (LeaderElection.java:logAndReturn(89)) - 41b49504-2605-44a7-8135-9defd08b62b0@group-FE8B2710E868-LeaderElection33: ELECTION REJECTED received 1 response(s) and 1 exception(s):
2021-08-31 13:04:19,000 [41b49504-2605-44a7-8135-9defd08b62b0@group-FE8B2710E868-LeaderElection33] INFO  impl.LeaderElection (LeaderElection.java:logAndReturn(93)) -   Response 0: 41b49504-2605-44a7-8135-9defd08b62b0<-824157db-23a7-404e-be12-869143e8adda#0:FAIL-t1
2021-08-31 13:04:19,000 [41b49504-2605-44a7-8135-9defd08b62b0@group-FE8B2710E868-LeaderElection33] INFO  impl.LeaderElection (LogUtils.java:infoOrTrace(137)) -   Exception 1: java.util.concurrent.ExecutionException: org.apache.ratis.thirdparty.io.grpc.StatusRuntimeException: UNAVAILABLE: io exception
2021-08-31 13:04:19,000 [41b49504-2605-44a7-8135-9defd08b62b0@group-FE8B2710E868-LeaderElection33] INFO  impl.LeaderElection (LeaderElection.java:askForVotes(308)) - 41b49504-2605-44a7-8135-9defd08b62b0@group-FE8B2710E868-LeaderElection33 ELECTION round 0: result REJECTED
2021-08-31 13:04:19,000 [41b49504-2605-44a7-8135-9defd08b62b0@group-FE8B2710E868-LeaderElection33] INFO  server.RaftServer$Division (RaftServerImpl.java:setRole(285)) - 41b49504-2605-44a7-8135-9defd08b62b0@group-FE8B2710E868: changes role from CANDIDATE to FOLLOWER at term 1 for REJECTED
2021-08-31 13:04:19,001 [41b49504-2605-44a7-8135-9defd08b62b0@group-FE8B2710E868-LeaderElection33] INFO  impl.RoleInfo (RoleInfo.java:shutdownLeaderElection(121)) - 41b49504-2605-44a7-8135-9defd08b62b0: shutdown 41b49504-2605-44a7-8135-9defd08b62b0@group-FE8B2710E868-LeaderElection33
2021-08-31 13:04:19,001 [41b49504-2605-44a7-8135-9defd08b62b0@group-FE8B2710E868-LeaderElection33] INFO  impl.RoleInfo (RoleInfo.java:updateAndGet(130)) - 41b49504-2605-44a7-8135-9defd08b62b0: start 41b49504-2605-44a7-8135-9defd08b62b0@group-FE8B2710E868-FollowerState
2021-08-31 13:04:19,002 [grpc-default-executor-3] INFO  server.RaftServer$Division (RaftServerImpl.java:requestVote(1043)) - 41b49504-2605-44a7-8135-9defd08b62b0@group-FE8B2710E868: receive requestVote(ELECTION, 824157db-23a7-404e-be12-869143e8adda, group-FE8B2710E868, 1, (t:0, i:0))
2021-08-31 13:04:19,002 [grpc-default-executor-3] INFO  impl.VoteContext (VoteContext.java:log(48)) - 41b49504-2605-44a7-8135-9defd08b62b0@group-FE8B2710E868-FOLLOWER: reject ELECTION from 824157db-23a7-404e-be12-869143e8adda: already has voted for 41b49504-2605-44a7-8135-9defd08b62b0 at current term 1
2021-08-31 13:04:19,002 [grpc-default-executor-3] INFO  server.RaftServer$Division (RaftServerImpl.java:requestVote(1075)) - 41b49504-2605-44a7-8135-9defd08b62b0@group-FE8B2710E868 replies to ELECTION vote request: 824157db-23a7-404e-be12-869143e8adda<-41b49504-2605-44a7-8135-9defd08b62b0#0:FAIL-t1. Peer's state: 41b49504-2605-44a7-8135-9defd08b62b0@group-FE8B2710E868:t1, leader=null, voted=41b49504-2605-44a7-8135-9defd08b62b0, raftlog=41b49504-2605-44a7-8135-9defd08b62b0@group-FE8B2710E868-SegmentedRaftLog:OPENED:c-1,f-1,i0, conf=-1: [824157db-23a7-404e-be12-869143e8adda|rpc:10.1.0.6:33221|priority:1, 41b49504-2605-44a7-8135-9defd08b62b0|rpc:10.1.0.6:41505|priority:0, fde2103a-ce00-4253-a576-ea8232893539|rpc:10.1.0.6:43381|priority:0], old=null
2021-08-31 13:04:19,004 [824157db-23a7-404e-be12-869143e8adda@group-FE8B2710E868-LeaderElection35] INFO  impl.LeaderElection (LeaderElection.java:logAndReturn(89)) - 824157db-23a7-404e-be12-869143e8adda@group-FE8B2710E868-LeaderElection35: ELECTION REJECTED received 1 response(s) and 1 exception(s):
2021-08-31 13:04:19,004 [824157db-23a7-404e-be12-869143e8adda@group-FE8B2710E868-LeaderElection35] INFO  impl.LeaderElection (LeaderElection.java:logAndReturn(93)) -   Response 0: 824157db-23a7-404e-be12-869143e8adda<-41b49504-2605-44a7-8135-9defd08b62b0#0:FAIL-t1
2021-08-31 13:04:19,004 [824157db-23a7-404e-be12-869143e8adda@group-FE8B2710E868-LeaderElection35] INFO  impl.LeaderElection (LogUtils.java:infoOrTrace(137)) -   Exception 1: java.util.concurrent.ExecutionException: org.apache.ratis.thirdparty.io.grpc.StatusRuntimeException: UNAVAILABLE: io exception
2021-08-31 13:04:19,004 [824157db-23a7-404e-be12-869143e8adda@group-FE8B2710E868-LeaderElection35] INFO  impl.LeaderElection (LeaderElection.java:askForVotes(308)) - 824157db-23a7-404e-be12-869143e8adda@group-FE8B2710E868-LeaderElection35 ELECTION round 0: result REJECTED
2021-08-31 13:04:19,004 [824157db-23a7-404e-be12-869143e8adda@group-FE8B2710E868-LeaderElection35] INFO  server.RaftServer$Division (RaftServerImpl.java:setRole(285)) - 824157db-23a7-404e-be12-869143e8adda@group-FE8B2710E868: changes role from CANDIDATE to FOLLOWER at term 1 for REJECTED
2021-08-31 13:04:19,004 [824157db-23a7-404e-be12-869143e8adda@group-FE8B2710E868-LeaderElection35] INFO  impl.RoleInfo (RoleInfo.java:shutdownLeaderElection(121)) - 824157db-23a7-404e-be12-869143e8adda: shutdown 824157db-23a7-404e-be12-869143e8adda@group-FE8B2710E868-LeaderElection35
2021-08-31 13:04:19,004 [824157db-23a7-404e-be12-869143e8adda@group-FE8B2710E868-LeaderElection35] INFO  impl.RoleInfo (RoleInfo.java:updateAndGet(130)) - 824157db-23a7-404e-be12-869143e8adda: start 824157db-23a7-404e-be12-869143e8adda@group-FE8B2710E868-FollowerState
2021-08-31 13:04:22,821 [EventQueue-DeadNodeForDeadNodeHandler] INFO  node.DeadNodeHandler (DeadNodeHandler.java:onMessage(80)) - A dead datanode is detected. fde2103a-ce00-4253-a576-ea8232893539{ip: 10.1.0.6, host: fv-az151-142, ports: [REPLICATION=36451, RATIS=43381, RATIS_ADMIN=43381, RATIS_SERVER=43381, STANDALONE=36577], networkLocation: /default-rack, certSerialId: null, persistedOpState: IN_SERVICE, persistedOpStateExpiryEpochSec: 0}
2021-08-31 13:04:22,821 [EventQueue-DeadNodeForDeadNodeHandler] INFO  pipeline.RatisPipelineProvider (RatisPipelineProvider.java:lambda$close$1(222)) - Send pipeline:PipelineID=8f0b4c66-e8d4-47e9-a941-fe8b2710e868 close command to datanode 41b49504-2605-44a7-8135-9defd08b62b0
2021-08-31 13:04:22,821 [EventQueue-DeadNodeForDeadNodeHandler] INFO  pipeline.RatisPipelineProvider (RatisPipelineProvider.java:lambda$close$1(222)) - Send pipeline:PipelineID=8f0b4c66-e8d4-47e9-a941-fe8b2710e868 close command to datanode 824157db-23a7-404e-be12-869143e8adda
2021-08-31 13:04:22,821 [EventQueue-DeadNodeForDeadNodeHandler] INFO  pipeline.RatisPipelineProvider (RatisPipelineProvider.java:lambda$close$1(222)) - Send pipeline:PipelineID=8f0b4c66-e8d4-47e9-a941-fe8b2710e868 close command to datanode fde2103a-ce00-4253-a576-ea8232893539
2021-08-31 13:04:22,822 [EventQueue-DeadNodeForDeadNodeHandler] INFO  pipeline.PipelineStateManager (PipelineStateManagerV2Impl.java:removePipeline(211)) - Pipeline Pipeline[ Id: 8f0b4c66-e8d4-47e9-a941-fe8b2710e868, Nodes: 41b49504-2605-44a7-8135-9defd08b62b0{ip: 10.1.0.6, host: fv-az151-142, ports: [REPLICATION=40545, RATIS=41505, RATIS_ADMIN=41505, RATIS_SERVER=41505, STANDALONE=40967], networkLocation: /default-rack, certSerialId: null, persistedOpState: IN_SERVICE, persistedOpStateExpiryEpochSec: 0}824157db-23a7-404e-be12-869143e8adda{ip: 10.1.0.6, host: fv-az151-142, ports: [REPLICATION=40363, RATIS=33221, RATIS_ADMIN=33221, RATIS_SERVER=33221, STANDALONE=39145], networkLocation: /default-rack, certSerialId: null, persistedOpState: IN_SERVICE, persistedOpStateExpiryEpochSec: 0}fde2103a-ce00-4253-a576-ea8232893539{ip: 10.1.0.6, host: fv-az151-142, ports: [REPLICATION=36451, RATIS=43381, RATIS_ADMIN=43381, RATIS_SERVER=43381, STANDALONE=36577], networkLocation: /default-rack, certSerialId: null, persistedOpState: IN_SERVICE, persistedOpStateExpiryEpochSec: 0}, ReplicationConfig: RATIS/THREE, State:CLOSED, leaderId:, CreationTimestamp2021-08-31T13:04:11.375Z[Etc/UTC]] removed.
2021-08-31 13:04:22,822 [EventQueue-DeadNodeForDeadNodeHandler] INFO  pipeline.RatisPipelineProvider (RatisPipelineProvider.java:lambda$close$1(222)) - Send pipeline:PipelineID=4fe733f3-64a3-4a2c-96ed-74e31ebc5b11 close command to datanode fde2103a-ce00-4253-a576-ea8232893539
2021-08-31 13:04:22,822 [EventQueue-DeadNodeForDeadNodeHandler] INFO  pipeline.PipelineStateManager (PipelineStateManagerV2Impl.java:removePipeline(211)) - Pipeline Pipeline[ Id: 4fe733f3-64a3-4a2c-96ed-74e31ebc5b11, Nodes: fde2103a-ce00-4253-a576-ea8232893539{ip: 10.1.0.6, host: fv-az151-142, ports: [REPLICATION=36451, RATIS=43381, RATIS_ADMIN=43381, RATIS_SERVER=43381, STANDALONE=36577], networkLocation: /default-rack, certSerialId: null, persistedOpState: IN_SERVICE, persistedOpStateExpiryEpochSec: 0}, ReplicationConfig: RATIS/ONE, State:CLOSED, leaderId:fde2103a-ce00-4253-a576-ea8232893539, CreationTimestamp2021-08-31T13:03:44.138Z[Etc/UTC]] removed.
2021-08-31 13:04:22,822 [EventQueue-DeadNodeForDeadNodeHandler] INFO  net.NetworkTopologyImpl (NetworkTopologyImpl.java:remove(137)) - Removed a node: /default-rack/fde2103a-ce00-4253-a576-ea8232893539
2021-08-31 13:04:22,889 [IPC Server handler 0 on default port 41623] WARN  pipeline.WritableRatisContainerProvider (WritableRatisContainerProvider.java:getContainer(125)) - Pipeline creation failed for repConfig RATIS/THREE Datanodes may be used up.
org.apache.hadoop.hdds.scm.pipeline.PipelineNotFoundException: Pipeline PipelineID=8f0b4c66-e8d4-47e9-a941-fe8b2710e868 cannot be found
	at org.apache.hadoop.hdds.scm.pipeline.PipelineManagerImpl.waitPipelineReady(PipelineManagerImpl.java:480)
	at org.apache.hadoop.hdds.scm.pipeline.WritableRatisContainerProvider.getContainer(WritableRatisContainerProvider.java:122)
	at org.apache.hadoop.hdds.scm.pipeline.WritableContainerFactory.getContainer(WritableContainerFactory.java:52)
	at org.apache.hadoop.hdds.scm.block.BlockManagerImpl.allocateBlock(BlockManagerImpl.java:176)
	at org.apache.hadoop.hdds.scm.server.SCMBlockProtocolServer.allocateBlock(SCMBlockProtocolServer.java:194)
	at org.apache.hadoop.hdds.scm.protocol.ScmBlockLocationProtocolServerSideTranslatorPB.allocateScmBlock(ScmBlockLocationProtocolServerSideTranslatorPB.java:180)
	at org.apache.hadoop.hdds.scm.protocol.ScmBlockLocationProtocolServerSideTranslatorPB.processMessage(ScmBlockLocationProtocolServerSideTranslatorPB.java:130)
	at org.apache.hadoop.hdds.server.OzoneProtocolMessageDispatcher.processRequest(OzoneProtocolMessageDispatcher.java:87)
	at org.apache.hadoop.hdds.scm.protocol.ScmBlockLocationProtocolServerSideTranslatorPB.send(ScmBlockLocationProtocolServerSideTranslatorPB.java:112)
	at org.apache.hadoop.hdds.protocol.proto.ScmBlockLocationProtocolProtos$ScmBlockLocationProtocolService$2.callBlockingMethod(ScmBlockLocationProtocolProtos.java:13937)
	at org.apache.hadoop.ipc.ProtobufRpcEngine$Server.processCall(ProtobufRpcEngine.java:466)
	at org.apache.hadoop.ipc.ProtobufRpcEngine2$Server$ProtoBufRpcInvoker.call(ProtobufRpcEngine2.java:574)
	at org.apache.hadoop.ipc.ProtobufRpcEngine2$Server$ProtoBufRpcInvoker.call(ProtobufRpcEngine2.java:552)
	at org.apache.hadoop.ipc.RPC$Server.call(RPC.java:1093)
	at org.apache.hadoop.ipc.Server$RpcCall.run(Server.java:1035)
	at org.apache.hadoop.ipc.Server$RpcCall.run(Server.java:963)
	at java.security.AccessController.doPrivileged(Native Method)
	at javax.security.auth.Subject.doAs(Subject.java:422)
	at org.apache.hadoop.security.UserGroupInformation.doAs(UserGroupInformation.java:1878)
	at org.apache.hadoop.ipc.Server$Handler.run(Server.java:2966)
2021-08-31 13:04:22,889 [IPC Server handler 0 on default port 41623] ERROR pipeline.WritableRatisContainerProvider (WritableRatisContainerProvider.java:getContainer(164)) - Unable to allocate a block for the size: 800, repConfig: RATIS/THREE
2021-08-31 13:04:22,889 [IPC Server handler 0 on default port 41623] ERROR block.BlockManagerImpl (BlockManagerImpl.java:allocateBlock(184)) - Unable to allocate a block for the size: 800, replicationConfig: RATIS/THREE
2021-08-31 13:04:22,895 [Listener at 127.0.0.1/38495] INFO  ozone.MiniOzoneClusterImpl (MiniOzoneClusterImpl.java:shutdown(453)) - Shutting down the Mini Ozone Cluster
2021-08-31 13:04:22,896 [Listener at 127.0.0.1/38495] INFO  ozone.MiniOzoneClusterImpl (MiniOzoneClusterImpl.java:stop(468)) - Stopping the Mini Ozone Cluster
2021-08-31 13:04:22,896 [Listener at 127.0.0.1/38495] INFO  ozone.MiniOzoneClusterImpl (MiniOzoneClusterImpl.java:stopOM(550)) - Stopping the OzoneManager
2021-08-31 13:04:22,896 [Listener at 127.0.0.1/38495] INFO  om.OzoneManager (OzoneManager.java:stop(1632)) - Stopping Ozone Manager
2021-08-31 13:04:22,896 [Listener at 127.0.0.1/38495] INFO  ipc.Server (Server.java:stop(3414)) - Stopping server on 38495
2021-08-31 13:04:22,901 [IPC Server listener on 0] INFO  ipc.Server (Server.java:run(1376)) - Stopping IPC Server listener on 0
2021-08-31 13:04:22,902 [IPC Server Responder] INFO  ipc.Server (Server.java:run(1512)) - Stopping IPC Server Responder
2021-08-31 13:04:22,902 [Listener at 127.0.0.1/38495] INFO  server.RaftServer (RaftServerProxy.java:lambda$close$6(391)) - om1: close
2021-08-31 13:04:22,903 [Listener at 127.0.0.1/38495] INFO  server.RaftServer$Division (RaftServerImpl.java:lambda$close$4(407)) - om1@group-C5BA1605619E: shutdown
2021-08-31 13:04:22,903 [Listener at 127.0.0.1/38495] INFO  util.JmxRegister (JmxRegister.java:unregister(73)) - Successfully un-registered JMX Bean with object name Ratis:service=RaftServer,group=group-C5BA1605619E,id=om1
2021-08-31 13:04:22,903 [Listener at 127.0.0.1/38495] INFO  impl.RoleInfo (RoleInfo.java:shutdownLeaderState(91)) - om1: shutdown om1@group-C5BA1605619E-LeaderStateImpl
2021-08-31 13:04:22,903 [Listener at 127.0.0.1/38495] INFO  impl.PendingRequests (PendingRequests.java:sendNotLeaderResponses(282)) - om1@group-C5BA1605619E-PendingRequests: sendNotLeaderResponses
2021-08-31 13:04:22,905 [om1@group-C5BA1605619E-StateMachineUpdater] INFO  ratis.OzoneManagerStateMachine (OzoneManagerStateMachine.java:takeSnapshot(417)) - Current Snapshot Index (t:1, i:6)
2021-08-31 13:04:22,906 [om1@group-C5BA1605619E-StateMachineUpdater] INFO  impl.StateMachineUpdater (StateMachineUpdater.java:takeSnapshot(281)) - om1@group-C5BA1605619E-StateMachineUpdater: Took a snapshot at index 6
2021-08-31 13:04:22,906 [om1@group-C5BA1605619E-StateMachineUpdater] INFO  impl.StateMachineUpdater (StateMachineUpdater.java:lambda$new$0(89)) - om1@group-C5BA1605619E-StateMachineUpdater: snapshotIndex: updateIncreasingly -1 -> 6
2021-08-31 13:04:22,906 [om1@group-C5BA1605619E-StateMachineUpdater] INFO  ratis.OzoneManagerStateMachine (OzoneManagerStateMachine.java:close(471)) - StateMachine has shutdown. Shutdown OzoneManager if not already shutdown.
2021-08-31 13:04:22,906 [Listener at 127.0.0.1/38495] INFO  impl.StateMachineUpdater (StateMachineUpdater.java:stopAndJoin(149)) - om1@group-C5BA1605619E-StateMachineUpdater: set stopIndex = 6
2021-08-31 13:04:22,907 [Listener at 127.0.0.1/38495] INFO  server.RaftServer$Division (ServerState.java:close(419)) - om1@group-C5BA1605619E: closes. applyIndex: 6
2021-08-31 13:04:22,907 [om1@group-C5BA1605619E-SegmentedRaftLogWorker] INFO  segmented.SegmentedRaftLogWorker (SegmentedRaftLogWorker.java:run(327)) - om1@group-C5BA1605619E-SegmentedRaftLogWorker was interrupted, exiting. There are 0 tasks remaining in the queue.
2021-08-31 13:04:22,908 [Listener at 127.0.0.1/38495] INFO  segmented.SegmentedRaftLogWorker (SegmentedRaftLogWorker.java:close(237)) - om1@group-C5BA1605619E-SegmentedRaftLogWorker close()
2021-08-31 13:04:22,912 [Listener at 127.0.0.1/38495] INFO  server.GrpcService (GrpcService.java:closeImpl(262)) - om1: shutdown server with port 9872 now
2021-08-31 13:04:22,912 [Listener at 127.0.0.1/38495] INFO  server.GrpcService (GrpcService.java:closeImpl(271)) - om1: shutdown server with port 9872 successfully
2021-08-31 13:04:22,912 [org.apache.ratis.util.JvmPauseMonitor$$Lambda$532/1334813823@5f9344b1] INFO  util.JvmPauseMonitor (JvmPauseMonitor.java:run(109)) - JvmPauseMonitor-om1: Stopped
2021-08-31 13:04:22,912 [Listener at 127.0.0.1/38495] INFO  ratis.OzoneManagerDoubleBuffer (OzoneManagerDoubleBuffer.java:stop(437)) - Stopping OMDoubleBuffer flush thread
2021-08-31 13:04:22,912 [OMDoubleBufferFlushThread] INFO  ratis.OzoneManagerDoubleBuffer (OzoneManagerDoubleBuffer.java:flushTransactions(356)) - OMDoubleBuffer flush thread OMDoubleBufferFlushThread is interrupted and will exit. OMDoubleBufferFlushThread
2021-08-31 13:04:22,923 [Listener at 127.0.0.1/38495] INFO  utils.BackgroundService (BackgroundService.java:shutdown(132)) - Shutting down service KeyDeletingService
2021-08-31 13:04:22,924 [Listener at 127.0.0.1/38495] INFO  handler.ContextHandler (ContextHandler.java:doStop(1153)) - Stopped o.e.j.w.WebAppContext@1da774c1{ozoneManager,/,null,STOPPED}{file:/home/runner/work/ozone/ozone/hadoop-ozone/integration-test/target/test-classes/webapps/ozoneManager}
2021-08-31 13:04:22,924 [Listener at 127.0.0.1/38495] INFO  server.AbstractConnector (AbstractConnector.java:doStop(381)) - Stopped ServerConnector@45e38614{HTTP/1.1, (http/1.1)}{0.0.0.0:0}
2021-08-31 13:04:22,924 [Listener at 127.0.0.1/38495] INFO  server.session (HouseKeeper.java:stopScavenging(149)) - node0 Stopped scavenging
2021-08-31 13:04:22,925 [Listener at 127.0.0.1/38495] INFO  handler.ContextHandler (ContextHandler.java:doStop(1153)) - Stopped o.e.j.s.ServletContextHandler@3d77964f{static,/static,file:///home/runner/work/ozone/ozone/hadoop-ozone/integration-test/target/test-classes/webapps/static,STOPPED}
2021-08-31 13:04:22,925 [Listener at 127.0.0.1/38495] INFO  handler.ContextHandler (ContextHandler.java:doStop(1153)) - Stopped o.e.j.s.ServletContextHandler@35baacac{logs,/logs,file:///home/runner/work/ozone/ozone/hadoop-ozone/integration-test/target/log,STOPPED}
2021-08-31 13:04:22,929 [Listener at 127.0.0.1/38495] INFO  ozone.MiniOzoneClusterImpl (MiniOzoneClusterImpl.java:stopDatanodes(527)) - Stopping the HddsDatanodes
2021-08-31 13:04:23,421 [Datanode State Machine Thread - 0] INFO  statemachine.DatanodeStateMachine (DatanodeStateMachine.java:lambda$startDaemon$0(457)) - Ozone container server started.
2021-08-31 13:04:23,764 [Datanode State Machine Thread - 0] INFO  statemachine.DatanodeStateMachine (DatanodeStateMachine.java:lambda$startDaemon$0(457)) - Ozone container server started.
2021-08-31 13:04:23,839 [Command processor thread] INFO  server.RaftServer (RaftServerProxy.java:remove(106)) - 824157db-23a7-404e-be12-869143e8adda: remove  FOLLOWER 824157db-23a7-404e-be12-869143e8adda@group-FE8B2710E868:t1, leader=null, voted=824157db-23a7-404e-be12-869143e8adda, raftlog=824157db-23a7-404e-be12-869143e8adda@group-FE8B2710E868-SegmentedRaftLog:OPENED:c-1,f-1,i0, conf=-1: [824157db-23a7-404e-be12-869143e8adda|rpc:10.1.0.6:33221|dataStream:|priority:1, 41b49504-2605-44a7-8135-9defd08b62b0|rpc:10.1.0.6:41505|dataStream:|priority:0, fde2103a-ce00-4253-a576-ea8232893539|rpc:10.1.0.6:43381|dataStream:|priority:0], old=null RUNNING
2021-08-31 13:04:23,840 [Command processor thread] INFO  server.RaftServer$Division (RaftServerImpl.java:lambda$close$4(407)) - 824157db-23a7-404e-be12-869143e8adda@group-FE8B2710E868: shutdown
2021-08-31 13:04:23,840 [Command processor thread] INFO  util.JmxRegister (JmxRegister.java:unregister(73)) - Successfully un-registered JMX Bean with object name Ratis:service=RaftServer,group=group-FE8B2710E868,id=824157db-23a7-404e-be12-869143e8adda
2021-08-31 13:04:23,840 [Command processor thread] INFO  impl.RoleInfo (RoleInfo.java:shutdownFollowerState(108)) - 824157db-23a7-404e-be12-869143e8adda: shutdown 824157db-23a7-404e-be12-869143e8adda@group-FE8B2710E868-FollowerState
2021-08-31 13:04:23,840 [Command processor thread] INFO  impl.StateMachineUpdater (StateMachineUpdater.java:stopAndJoin(149)) - 824157db-23a7-404e-be12-869143e8adda@group-FE8B2710E868-StateMachineUpdater: set stopIndex = -1
2021-08-31 13:04:23,840 [824157db-23a7-404e-be12-869143e8adda@group-FE8B2710E868-FollowerState] INFO  impl.FollowerState (FollowerState.java:run(143)) - 824157db-23a7-404e-be12-869143e8adda@group-FE8B2710E868-FollowerState was interrupted: {}
java.lang.InterruptedException: sleep interrupted
	at java.lang.Thread.sleep(Native Method)
	at java.lang.Thread.sleep(Thread.java:340)
	at java.util.concurrent.TimeUnit.sleep(TimeUnit.java:386)
	at org.apache.ratis.util.TimeDuration.sleep(TimeDuration.java:324)
	at org.apache.ratis.util.TimeDuration.sleep(TimeDuration.java:309)
	at org.apache.ratis.server.impl.FollowerState.run(FollowerState.java:118)
2021-08-31 13:04:23,840 [Command processor thread] INFO  server.RaftServer$Division (ServerState.java:close(419)) - 824157db-23a7-404e-be12-869143e8adda@group-FE8B2710E868: closes. applyIndex: -1
2021-08-31 13:04:23,840 [824157db-23a7-404e-be12-869143e8adda@group-FE8B2710E868-SegmentedRaftLogWorker] INFO  segmented.SegmentedRaftLogWorker (SegmentedRaftLogWorker.java:run(327)) - 824157db-23a7-404e-be12-869143e8adda@group-FE8B2710E868-SegmentedRaftLogWorker was interrupted, exiting. There are 0 tasks remaining in the queue.
2021-08-31 13:04:23,841 [Command processor thread] INFO  segmented.SegmentedRaftLogWorker (SegmentedRaftLogWorker.java:close(237)) - 824157db-23a7-404e-be12-869143e8adda@group-FE8B2710E868-SegmentedRaftLogWorker close()
2021-08-31 13:04:23,842 [Command processor thread] INFO  server.RaftServer$Division (RaftServerImpl.java:groupRemove(377)) - 824157db-23a7-404e-be12-869143e8adda@group-FE8B2710E868: Succeed to remove RaftStorageDirectory Storage Directory /home/runner/work/ozone/ozone/hadoop-ozone/integration-test/target/test-dir/MiniOzoneClusterImpl-24712a27-71f7-429c-8ffb-97a1a53f740d/datanode-6/data/ratis/8f0b4c66-e8d4-47e9-a941-fe8b2710e868
2021-08-31 13:04:23,843 [Command processor thread] INFO  commandhandler.ClosePipelineCommandHandler (ClosePipelineCommandHandler.java:handle(75)) - Close Pipeline PipelineID=8f0b4c66-e8d4-47e9-a941-fe8b2710e868 command on datanode 824157db-23a7-404e-be12-869143e8adda.
2021-08-31 13:04:23,914 [48a67b91-f7be-40c9-a901-78f22c1148cd@group-137DB946C243-FollowerState] INFO  impl.FollowerState (FollowerState.java:run(134)) - 48a67b91-f7be-40c9-a901-78f22c1148cd@group-137DB946C243-FollowerState: change to CANDIDATE, lastRpcElapsedTime:5181547220ns, electionTimeout:5174ms
2021-08-31 13:04:23,914 [48a67b91-f7be-40c9-a901-78f22c1148cd@group-137DB946C243-FollowerState] INFO  impl.RoleInfo (RoleInfo.java:shutdownFollowerState(108)) - 48a67b91-f7be-40c9-a901-78f22c1148cd: shutdown 48a67b91-f7be-40c9-a901-78f22c1148cd@group-137DB946C243-FollowerState
2021-08-31 13:04:23,914 [48a67b91-f7be-40c9-a901-78f22c1148cd@group-137DB946C243-FollowerState] INFO  server.RaftServer$Division (RaftServerImpl.java:setRole(285)) - 48a67b91-f7be-40c9-a901-78f22c1148cd@group-137DB946C243: changes role from  FOLLOWER to CANDIDATE at term 6 for changeToCandidate
2021-08-31 13:04:23,914 [48a67b91-f7be-40c9-a901-78f22c1148cd@group-137DB946C243-FollowerState] INFO  server.RaftServerConfigKeys (ConfUtils.java:logGet(44)) - raft.server.leaderelection.pre-vote = false (custom)
2021-08-31 13:04:23,915 [48a67b91-f7be-40c9-a901-78f22c1148cd@group-137DB946C243-FollowerState] INFO  impl.RoleInfo (RoleInfo.java:updateAndGet(130)) - 48a67b91-f7be-40c9-a901-78f22c1148cd: start 48a67b91-f7be-40c9-a901-78f22c1148cd@group-137DB946C243-LeaderElection36
2021-08-31 13:04:23,929 [48a67b91-f7be-40c9-a901-78f22c1148cd@group-137DB946C243-LeaderElection36] INFO  impl.LeaderElection (LeaderElection.java:askForVotes(306)) - 48a67b91-f7be-40c9-a901-78f22c1148cd@group-137DB946C243-LeaderElection36 ELECTION round 0: submit vote requests at term 7 for -1: [1a766833-fcfc-4255-a382-49e3d560613d|rpc:10.1.0.6:42143|priority:0, 48a67b91-f7be-40c9-a901-78f22c1148cd|rpc:10.1.0.6:46047|priority:0, c1e41c75-4b16-43e8-a71d-6e9134c212c3|rpc:10.1.0.6:40007|priority:1], old=null
2021-08-31 13:04:23,938 [c1e41c75-4b16-43e8-a71d-6e9134c212c3@group-137DB946C243-FollowerState] INFO  impl.FollowerState (FollowerState.java:run(134)) - c1e41c75-4b16-43e8-a71d-6e9134c212c3@group-137DB946C243-FollowerState: change to CANDIDATE, lastRpcElapsedTime:5198313667ns, electionTimeout:5191ms
2021-08-31 13:04:23,938 [c1e41c75-4b16-43e8-a71d-6e9134c212c3@group-137DB946C243-FollowerState] INFO  impl.RoleInfo (RoleInfo.java:shutdownFollowerState(108)) - c1e41c75-4b16-43e8-a71d-6e9134c212c3: shutdown c1e41c75-4b16-43e8-a71d-6e9134c212c3@group-137DB946C243-FollowerState
2021-08-31 13:04:23,938 [c1e41c75-4b16-43e8-a71d-6e9134c212c3@group-137DB946C243-FollowerState] INFO  server.RaftServer$Division (RaftServerImpl.java:setRole(285)) - c1e41c75-4b16-43e8-a71d-6e9134c212c3@group-137DB946C243: changes role from  FOLLOWER to CANDIDATE at term 6 for changeToCandidate
2021-08-31 13:04:23,940 [grpc-default-executor-3] INFO  server.RaftServer$Division (RaftServerImpl.java:requestVote(1043)) - 1a766833-fcfc-4255-a382-49e3d560613d@group-137DB946C243: receive requestVote(ELECTION, 48a67b91-f7be-40c9-a901-78f22c1148cd, group-137DB946C243, 7, (t:0, i:0))
2021-08-31 13:04:23,940 [grpc-default-executor-3] INFO  impl.VoteContext (VoteContext.java:log(48)) - 1a766833-fcfc-4255-a382-49e3d560613d@group-137DB946C243-FOLLOWER: accept ELECTION from 48a67b91-f7be-40c9-a901-78f22c1148cd: our priority 0 <= candidate's priority 0
2021-08-31 13:04:23,940 [grpc-default-executor-3] INFO  server.RaftServer$Division (RaftServerImpl.java:setRole(285)) - 1a766833-fcfc-4255-a382-49e3d560613d@group-137DB946C243: changes role from  FOLLOWER to FOLLOWER at term 7 for candidate:48a67b91-f7be-40c9-a901-78f22c1148cd
2021-08-31 13:04:23,940 [grpc-default-executor-3] INFO  impl.RoleInfo (RoleInfo.java:shutdownFollowerState(108)) - 1a766833-fcfc-4255-a382-49e3d560613d: shutdown 1a766833-fcfc-4255-a382-49e3d560613d@group-137DB946C243-FollowerState
2021-08-31 13:04:23,947 [grpc-default-executor-3] INFO  impl.RoleInfo (RoleInfo.java:updateAndGet(130)) - 1a766833-fcfc-4255-a382-49e3d560613d: start 1a766833-fcfc-4255-a382-49e3d560613d@group-137DB946C243-FollowerState
2021-08-31 13:04:23,947 [c1e41c75-4b16-43e8-a71d-6e9134c212c3@group-137DB946C243-FollowerState] INFO  server.RaftServerConfigKeys (ConfUtils.java:logGet(44)) - raft.server.leaderelection.pre-vote = false (custom)
2021-08-31 13:04:23,947 [c1e41c75-4b16-43e8-a71d-6e9134c212c3@group-137DB946C243-FollowerState] INFO  impl.RoleInfo (RoleInfo.java:updateAndGet(130)) - c1e41c75-4b16-43e8-a71d-6e9134c212c3: start c1e41c75-4b16-43e8-a71d-6e9134c212c3@group-137DB946C243-LeaderElection37
2021-08-31 13:04:23,949 [grpc-default-executor-0] INFO  server.RaftServer$Division (RaftServerImpl.java:requestVote(1043)) - c1e41c75-4b16-43e8-a71d-6e9134c212c3@group-137DB946C243: receive requestVote(ELECTION, 48a67b91-f7be-40c9-a901-78f22c1148cd, group-137DB946C243, 7, (t:0, i:0))
2021-08-31 13:04:23,950 [grpc-default-executor-3] INFO  server.RaftServer$Division (RaftServerImpl.java:requestVote(1075)) - 1a766833-fcfc-4255-a382-49e3d560613d@group-137DB946C243 replies to ELECTION vote request: 48a67b91-f7be-40c9-a901-78f22c1148cd<-1a766833-fcfc-4255-a382-49e3d560613d#0:OK-t7. Peer's state: 1a766833-fcfc-4255-a382-49e3d560613d@group-137DB946C243:t7, leader=null, voted=48a67b91-f7be-40c9-a901-78f22c1148cd, raftlog=1a766833-fcfc-4255-a382-49e3d560613d@group-137DB946C243-SegmentedRaftLog:OPENED:c-1,f-1,i0, conf=-1: [1a766833-fcfc-4255-a382-49e3d560613d|rpc:10.1.0.6:42143|dataStream:|priority:0, 48a67b91-f7be-40c9-a901-78f22c1148cd|rpc:10.1.0.6:46047|dataStream:|priority:0, c1e41c75-4b16-43e8-a71d-6e9134c212c3|rpc:10.1.0.6:40007|dataStream:|priority:1], old=null
2021-08-31 13:04:23,951 [1a766833-fcfc-4255-a382-49e3d560613d@group-137DB946C243-FollowerState] INFO  impl.FollowerState (FollowerState.java:run(143)) - 1a766833-fcfc-4255-a382-49e3d560613d@group-137DB946C243-FollowerState was interrupted: {}
java.lang.InterruptedException: sleep interrupted
	at java.lang.Thread.sleep(Native Method)
	at java.lang.Thread.sleep(Thread.java:340)
	at java.util.concurrent.TimeUnit.sleep(TimeUnit.java:386)
	at org.apache.ratis.util.TimeDuration.sleep(TimeDuration.java:324)
	at org.apache.ratis.util.TimeDuration.sleep(TimeDuration.java:309)
	at org.apache.ratis.server.impl.FollowerState.run(FollowerState.java:118)
2021-08-31 13:04:23,956 [grpc-default-executor-0] INFO  impl.VoteContext (VoteContext.java:log(48)) - c1e41c75-4b16-43e8-a71d-6e9134c212c3@group-137DB946C243-CANDIDATE: reject ELECTION from 48a67b91-f7be-40c9-a901-78f22c1148cd: our priority 1 > candidate's priority 0
2021-08-31 13:04:23,956 [grpc-default-executor-0] INFO  server.RaftServer$Division (RaftServerImpl.java:setRole(285)) - c1e41c75-4b16-43e8-a71d-6e9134c212c3@group-137DB946C243: changes role from CANDIDATE to FOLLOWER at term 7 for candidate:48a67b91-f7be-40c9-a901-78f22c1148cd
2021-08-31 13:04:23,956 [grpc-default-executor-0] INFO  impl.RoleInfo (RoleInfo.java:shutdownLeaderElection(121)) - c1e41c75-4b16-43e8-a71d-6e9134c212c3: shutdown c1e41c75-4b16-43e8-a71d-6e9134c212c3@group-137DB946C243-LeaderElection37
2021-08-31 13:04:23,956 [grpc-default-executor-0] INFO  impl.RoleInfo (RoleInfo.java:updateAndGet(130)) - c1e41c75-4b16-43e8-a71d-6e9134c212c3: start c1e41c75-4b16-43e8-a71d-6e9134c212c3@group-137DB946C243-FollowerState
2021-08-31 13:04:23,956 [c1e41c75-4b16-43e8-a71d-6e9134c212c3@group-137DB946C243-LeaderElection37] INFO  impl.LeaderElection (LeaderElection.java:run(230)) - c1e41c75-4b16-43e8-a71d-6e9134c212c3@group-137DB946C243-LeaderElection37: skip running since this is already CLOSING
2021-08-31 13:04:23,960 [grpc-default-executor-0] INFO  server.RaftServer$Division (RaftServerImpl.java:requestVote(1075)) - c1e41c75-4b16-43e8-a71d-6e9134c212c3@group-137DB946C243 replies to ELECTION vote request: 48a67b91-f7be-40c9-a901-78f22c1148cd<-c1e41c75-4b16-43e8-a71d-6e9134c212c3#0:FAIL-t7. Peer's state: c1e41c75-4b16-43e8-a71d-6e9134c212c3@group-137DB946C243:t7, leader=null, voted=null, raftlog=c1e41c75-4b16-43e8-a71d-6e9134c212c3@group-137DB946C243-SegmentedRaftLog:OPENED:c-1,f-1,i0, conf=-1: [1a766833-fcfc-4255-a382-49e3d560613d|rpc:10.1.0.6:42143|dataStream:|priority:0, 48a67b91-f7be-40c9-a901-78f22c1148cd|rpc:10.1.0.6:46047|dataStream:|priority:0, c1e41c75-4b16-43e8-a71d-6e9134c212c3|rpc:10.1.0.6:40007|dataStream:|priority:1], old=null
2021-08-31 13:04:23,962 [48a67b91-f7be-40c9-a901-78f22c1148cd@group-137DB946C243-LeaderElection36] INFO  impl.LeaderElection (LeaderElection.java:logAndReturn(89)) - 48a67b91-f7be-40c9-a901-78f22c1148cd@group-137DB946C243-LeaderElection36: ELECTION REJECTED received 2 response(s) and 0 exception(s):
2021-08-31 13:04:23,962 [48a67b91-f7be-40c9-a901-78f22c1148cd@group-137DB946C243-LeaderElection36] INFO  impl.LeaderElection (LeaderElection.java:logAndReturn(93)) -   Response 0: 48a67b91-f7be-40c9-a901-78f22c1148cd<-1a766833-fcfc-4255-a382-49e3d560613d#0:OK-t7
2021-08-31 13:04:23,962 [48a67b91-f7be-40c9-a901-78f22c1148cd@group-137DB946C243-LeaderElection36] INFO  impl.LeaderElection (LeaderElection.java:logAndReturn(93)) -   Response 1: 48a67b91-f7be-40c9-a901-78f22c1148cd<-c1e41c75-4b16-43e8-a71d-6e9134c212c3#0:FAIL-t7
2021-08-31 13:04:23,962 [48a67b91-f7be-40c9-a901-78f22c1148cd@group-137DB946C243-LeaderElection36] INFO  impl.LeaderElection (LeaderElection.java:askForVotes(308)) - 48a67b91-f7be-40c9-a901-78f22c1148cd@group-137DB946C243-LeaderElection36 ELECTION round 0: result REJECTED
2021-08-31 13:04:23,962 [48a67b91-f7be-40c9-a901-78f22c1148cd@group-137DB946C243-LeaderElection36] INFO  server.RaftServer$Division (RaftServerImpl.java:setRole(285)) - 48a67b91-f7be-40c9-a901-78f22c1148cd@group-137DB946C243: changes role from CANDIDATE to FOLLOWER at term 7 for REJECTED
2021-08-31 13:04:23,962 [48a67b91-f7be-40c9-a901-78f22c1148cd@group-137DB946C243-LeaderElection36] INFO  impl.RoleInfo (RoleInfo.java:shutdownLeaderElection(121)) - 48a67b91-f7be-40c9-a901-78f22c1148cd: shutdown 48a67b91-f7be-40c9-a901-78f22c1148cd@group-137DB946C243-LeaderElection36
2021-08-31 13:04:23,962 [48a67b91-f7be-40c9-a901-78f22c1148cd@group-137DB946C243-LeaderElection36] INFO  impl.RoleInfo (RoleInfo.java:updateAndGet(130)) - 48a67b91-f7be-40c9-a901-78f22c1148cd: start 48a67b91-f7be-40c9-a901-78f22c1148cd@group-137DB946C243-FollowerState
2021-08-31 13:04:24,009 [c1e41c75-4b16-43e8-a71d-6e9134c212c3@group-ACFDA5E70BED-FollowerState] INFO  impl.FollowerState (FollowerState.java:run(134)) - c1e41c75-4b16-43e8-a71d-6e9134c212c3@group-ACFDA5E70BED-FollowerState: change to CANDIDATE, lastRpcElapsedTime:5017803689ns, electionTimeout:5008ms
2021-08-31 13:04:24,009 [c1e41c75-4b16-43e8-a71d-6e9134c212c3@group-ACFDA5E70BED-FollowerState] INFO  impl.RoleInfo (RoleInfo.java:shutdownFollowerState(108)) - c1e41c75-4b16-43e8-a71d-6e9134c212c3: shutdown c1e41c75-4b16-43e8-a71d-6e9134c212c3@group-ACFDA5E70BED-FollowerState
2021-08-31 13:04:24,009 [c1e41c75-4b16-43e8-a71d-6e9134c212c3@group-ACFDA5E70BED-FollowerState] INFO  server.RaftServer$Division (RaftServerImpl.java:setRole(285)) - c1e41c75-4b16-43e8-a71d-6e9134c212c3@group-ACFDA5E70BED: changes role from  FOLLOWER to CANDIDATE at term 6 for changeToCandidate
2021-08-31 13:04:24,009 [c1e41c75-4b16-43e8-a71d-6e9134c212c3@group-ACFDA5E70BED-FollowerState] INFO  server.RaftServerConfigKeys (ConfUtils.java:logGet(44)) - raft.server.leaderelection.pre-vote = false (custom)
2021-08-31 13:04:24,009 [c1e41c75-4b16-43e8-a71d-6e9134c212c3@group-ACFDA5E70BED-FollowerState] INFO  impl.RoleInfo (RoleInfo.java:updateAndGet(130)) - c1e41c75-4b16-43e8-a71d-6e9134c212c3: start c1e41c75-4b16-43e8-a71d-6e9134c212c3@group-ACFDA5E70BED-LeaderElection38
2021-08-31 13:04:24,023 [c1e41c75-4b16-43e8-a71d-6e9134c212c3@group-ACFDA5E70BED-LeaderElection38] INFO  impl.LeaderElection (LeaderElection.java:askForVotes(306)) - c1e41c75-4b16-43e8-a71d-6e9134c212c3@group-ACFDA5E70BED-LeaderElection38 ELECTION round 0: submit vote requests at term 7 for -1: [1a766833-fcfc-4255-a382-49e3d560613d|rpc:10.1.0.6:42143|dataStream:|priority:1, 48a67b91-f7be-40c9-a901-78f22c1148cd|rpc:10.1.0.6:46047|dataStream:|priority:0, c1e41c75-4b16-43e8-a71d-6e9134c212c3|rpc:10.1.0.6:40007|dataStream:|priority:0], old=null
2021-08-31 13:04:24,033 [grpc-default-executor-0] INFO  server.RaftServer$Division (RaftServerImpl.java:requestVote(1043)) - 1a766833-fcfc-4255-a382-49e3d560613d@group-ACFDA5E70BED: receive requestVote(ELECTION, c1e41c75-4b16-43e8-a71d-6e9134c212c3, group-ACFDA5E70BED, 7, (t:0, i:0))
2021-08-31 13:04:24,033 [grpc-default-executor-0] INFO  impl.VoteContext (VoteContext.java:log(48)) - 1a766833-fcfc-4255-a382-49e3d560613d@group-ACFDA5E70BED-FOLLOWER: reject ELECTION from c1e41c75-4b16-43e8-a71d-6e9134c212c3: our priority 1 > candidate's priority 0
2021-08-31 13:04:24,033 [grpc-default-executor-0] INFO  server.RaftServer$Division (RaftServerImpl.java:setRole(285)) - 1a766833-fcfc-4255-a382-49e3d560613d@group-ACFDA5E70BED: changes role from  FOLLOWER to FOLLOWER at term 7 for candidate:c1e41c75-4b16-43e8-a71d-6e9134c212c3
2021-08-31 13:04:24,033 [grpc-default-executor-0] INFO  impl.RoleInfo (RoleInfo.java:shutdownFollowerState(108)) - 1a766833-fcfc-4255-a382-49e3d560613d: shutdown 1a766833-fcfc-4255-a382-49e3d560613d@group-ACFDA5E70BED-FollowerState
2021-08-31 13:04:24,041 [grpc-default-executor-0] INFO  impl.RoleInfo (RoleInfo.java:updateAndGet(130)) - 1a766833-fcfc-4255-a382-49e3d560613d: start 1a766833-fcfc-4255-a382-49e3d560613d@group-ACFDA5E70BED-FollowerState
2021-08-31 13:04:24,041 [1a766833-fcfc-4255-a382-49e3d560613d@group-ACFDA5E70BED-FollowerState] INFO  impl.FollowerState (FollowerState.java:run(143)) - 1a766833-fcfc-4255-a382-49e3d560613d@group-ACFDA5E70BED-FollowerState was interrupted: {}
java.lang.InterruptedException: sleep interrupted
	at java.lang.Thread.sleep(Native Method)
	at java.lang.Thread.sleep(Thread.java:340)
	at java.util.concurrent.TimeUnit.sleep(TimeUnit.java:386)
	at org.apache.ratis.util.TimeDuration.sleep(TimeDuration.java:324)
	at org.apache.ratis.util.TimeDuration.sleep(TimeDuration.java:309)
	at org.apache.ratis.server.impl.FollowerState.run(FollowerState.java:118)
2021-08-31 13:04:24,043 [grpc-default-executor-3] INFO  server.RaftServer$Division (RaftServerImpl.java:requestVote(1043)) - 48a67b91-f7be-40c9-a901-78f22c1148cd@group-ACFDA5E70BED: receive requestVote(ELECTION, c1e41c75-4b16-43e8-a71d-6e9134c212c3, group-ACFDA5E70BED, 7, (t:0, i:0))
2021-08-31 13:04:24,043 [grpc-default-executor-3] INFO  impl.VoteContext (VoteContext.java:log(48)) - 48a67b91-f7be-40c9-a901-78f22c1148cd@group-ACFDA5E70BED-FOLLOWER: accept ELECTION from c1e41c75-4b16-43e8-a71d-6e9134c212c3: our priority 0 <= candidate's priority 0
2021-08-31 13:04:24,043 [grpc-default-executor-3] INFO  server.RaftServer$Division (RaftServerImpl.java:setRole(285)) - 48a67b91-f7be-40c9-a901-78f22c1148cd@group-ACFDA5E70BED: changes role from  FOLLOWER to FOLLOWER at term 7 for candidate:c1e41c75-4b16-43e8-a71d-6e9134c212c3
2021-08-31 13:04:24,043 [grpc-default-executor-3] INFO  impl.RoleInfo (RoleInfo.java:shutdownFollowerState(108)) - 48a67b91-f7be-40c9-a901-78f22c1148cd: shutdown 48a67b91-f7be-40c9-a901-78f22c1148cd@group-ACFDA5E70BED-FollowerState
2021-08-31 13:04:24,047 [grpc-default-executor-3] INFO  impl.RoleInfo (RoleInfo.java:updateAndGet(130)) - 48a67b91-f7be-40c9-a901-78f22c1148cd: start 48a67b91-f7be-40c9-a901-78f22c1148cd@group-ACFDA5E70BED-FollowerState
2021-08-31 13:04:24,047 [48a67b91-f7be-40c9-a901-78f22c1148cd@group-ACFDA5E70BED-FollowerState] INFO  impl.FollowerState (FollowerState.java:run(143)) - 48a67b91-f7be-40c9-a901-78f22c1148cd@group-ACFDA5E70BED-FollowerState was interrupted: {}
java.lang.InterruptedException: sleep interrupted
	at java.lang.Thread.sleep(Native Method)
	at java.lang.Thread.sleep(Thread.java:340)
	at java.util.concurrent.TimeUnit.sleep(TimeUnit.java:386)
	at org.apache.ratis.util.TimeDuration.sleep(TimeDuration.java:324)
	at org.apache.ratis.util.TimeDuration.sleep(TimeDuration.java:309)
	at org.apache.ratis.server.impl.FollowerState.run(FollowerState.java:118)
2021-08-31 13:04:24,048 [grpc-default-executor-0] INFO  server.RaftServer$Division (RaftServerImpl.java:requestVote(1075)) - 1a766833-fcfc-4255-a382-49e3d560613d@group-ACFDA5E70BED replies to ELECTION vote request: c1e41c75-4b16-43e8-a71d-6e9134c212c3<-1a766833-fcfc-4255-a382-49e3d560613d#0:FAIL-t7. Peer's state: 1a766833-fcfc-4255-a382-49e3d560613d@group-ACFDA5E70BED:t7, leader=null, voted=null, raftlog=1a766833-fcfc-4255-a382-49e3d560613d@group-ACFDA5E70BED-SegmentedRaftLog:OPENED:c-1,f-1,i0, conf=-1: [1a766833-fcfc-4255-a382-49e3d560613d|rpc:10.1.0.6:42143|dataStream:|priority:1, 48a67b91-f7be-40c9-a901-78f22c1148cd|rpc:10.1.0.6:46047|dataStream:|priority:0, c1e41c75-4b16-43e8-a71d-6e9134c212c3|rpc:10.1.0.6:40007|dataStream:|priority:0], old=null
2021-08-31 13:04:24,056 [grpc-default-executor-3] INFO  server.RaftServer$Division (RaftServerImpl.java:requestVote(1075)) - 48a67b91-f7be-40c9-a901-78f22c1148cd@group-ACFDA5E70BED replies to ELECTION vote request: c1e41c75-4b16-43e8-a71d-6e9134c212c3<-48a67b91-f7be-40c9-a901-78f22c1148cd#0:OK-t7. Peer's state: 48a67b91-f7be-40c9-a901-78f22c1148cd@group-ACFDA5E70BED:t7, leader=null, voted=c1e41c75-4b16-43e8-a71d-6e9134c212c3, raftlog=48a67b91-f7be-40c9-a901-78f22c1148cd@group-ACFDA5E70BED-SegmentedRaftLog:OPENED:c-1,f-1,i0, conf=-1: [1a766833-fcfc-4255-a382-49e3d560613d|rpc:10.1.0.6:42143|priority:1, 48a67b91-f7be-40c9-a901-78f22c1148cd|rpc:10.1.0.6:46047|priority:0, c1e41c75-4b16-43e8-a71d-6e9134c212c3|rpc:10.1.0.6:40007|priority:0], old=null
2021-08-31 13:04:24,057 [c1e41c75-4b16-43e8-a71d-6e9134c212c3@group-ACFDA5E70BED-LeaderElection38] INFO  impl.LeaderElection (LeaderElection.java:logAndReturn(89)) - c1e41c75-4b16-43e8-a71d-6e9134c212c3@group-ACFDA5E70BED-LeaderElection38: ELECTION REJECTED received 1 response(s) and 0 exception(s):
2021-08-31 13:04:24,057 [c1e41c75-4b16-43e8-a71d-6e9134c212c3@group-ACFDA5E70BED-LeaderElection38] INFO  impl.LeaderElection (LeaderElection.java:logAndReturn(93)) -   Response 0: c1e41c75-4b16-43e8-a71d-6e9134c212c3<-1a766833-fcfc-4255-a382-49e3d560613d#0:FAIL-t7
2021-08-31 13:04:24,057 [c1e41c75-4b16-43e8-a71d-6e9134c212c3@group-ACFDA5E70BED-LeaderElection38] INFO  impl.LeaderElection (LeaderElection.java:askForVotes(308)) - c1e41c75-4b16-43e8-a71d-6e9134c212c3@group-ACFDA5E70BED-LeaderElection38 ELECTION round 0: result REJECTED
2021-08-31 13:04:24,057 [c1e41c75-4b16-43e8-a71d-6e9134c212c3@group-ACFDA5E70BED-LeaderElection38] INFO  server.RaftServer$Division (RaftServerImpl.java:setRole(285)) - c1e41c75-4b16-43e8-a71d-6e9134c212c3@group-ACFDA5E70BED: changes role from CANDIDATE to FOLLOWER at term 7 for REJECTED
2021-08-31 13:04:24,057 [c1e41c75-4b16-43e8-a71d-6e9134c212c3@group-ACFDA5E70BED-LeaderElection38] INFO  impl.RoleInfo (RoleInfo.java:shutdownLeaderElection(121)) - c1e41c75-4b16-43e8-a71d-6e9134c212c3: shutdown c1e41c75-4b16-43e8-a71d-6e9134c212c3@group-ACFDA5E70BED-LeaderElection38
2021-08-31 13:04:24,057 [c1e41c75-4b16-43e8-a71d-6e9134c212c3@group-ACFDA5E70BED-LeaderElection38] INFO  impl.RoleInfo (RoleInfo.java:updateAndGet(130)) - c1e41c75-4b16-43e8-a71d-6e9134c212c3: start c1e41c75-4b16-43e8-a71d-6e9134c212c3@group-ACFDA5E70BED-FollowerState
2021-08-31 13:04:24,113 [41b49504-2605-44a7-8135-9defd08b62b0@group-FE8B2710E868-FollowerState] INFO  impl.FollowerState (FollowerState.java:run(134)) - 41b49504-2605-44a7-8135-9defd08b62b0@group-FE8B2710E868-FollowerState: change to CANDIDATE, lastRpcElapsedTime:5112502482ns, electionTimeout:5112ms
2021-08-31 13:04:24,113 [41b49504-2605-44a7-8135-9defd08b62b0@group-FE8B2710E868-FollowerState] INFO  impl.RoleInfo (RoleInfo.java:shutdownFollowerState(108)) - 41b49504-2605-44a7-8135-9defd08b62b0: shutdown 41b49504-2605-44a7-8135-9defd08b62b0@group-FE8B2710E868-FollowerState
2021-08-31 13:04:24,113 [41b49504-2605-44a7-8135-9defd08b62b0@group-FE8B2710E868-FollowerState] INFO  server.RaftServer$Division (RaftServerImpl.java:setRole(285)) - 41b49504-2605-44a7-8135-9defd08b62b0@group-FE8B2710E868: changes role from  FOLLOWER to CANDIDATE at term 1 for changeToCandidate
2021-08-31 13:04:24,113 [41b49504-2605-44a7-8135-9defd08b62b0@group-FE8B2710E868-FollowerState] INFO  server.RaftServerConfigKeys (ConfUtils.java:logGet(44)) - raft.server.leaderelection.pre-vote = false (custom)
2021-08-31 13:04:24,113 [41b49504-2605-44a7-8135-9defd08b62b0@group-FE8B2710E868-FollowerState] INFO  impl.RoleInfo (RoleInfo.java:updateAndGet(130)) - 41b49504-2605-44a7-8135-9defd08b62b0: start 41b49504-2605-44a7-8135-9defd08b62b0@group-FE8B2710E868-LeaderElection39
2021-08-31 13:04:24,121 [41b49504-2605-44a7-8135-9defd08b62b0@group-FE8B2710E868-LeaderElection39] INFO  impl.LeaderElection (LeaderElection.java:askForVotes(306)) - 41b49504-2605-44a7-8135-9defd08b62b0@group-FE8B2710E868-LeaderElection39 ELECTION round 0: submit vote requests at term 2 for -1: [824157db-23a7-404e-be12-869143e8adda|rpc:10.1.0.6:33221|priority:1, 41b49504-2605-44a7-8135-9defd08b62b0|rpc:10.1.0.6:41505|priority:0, fde2103a-ce00-4253-a576-ea8232893539|rpc:10.1.0.6:43381|priority:0], old=null
2021-08-31 13:04:24,135 [41b49504-2605-44a7-8135-9defd08b62b0@group-FE8B2710E868-LeaderElection39] INFO  impl.LeaderElection (LogUtils.java:infoOrTrace(137)) - 41b49504-2605-44a7-8135-9defd08b62b0@group-FE8B2710E868-LeaderElection39 got exception when requesting votes: java.util.concurrent.ExecutionException: org.apache.ratis.thirdparty.io.grpc.StatusRuntimeException: UNAVAILABLE: io exception
2021-08-31 13:04:24,135 [grpc-default-executor-3] WARN  server.GrpcServerProtocolService (LogUtils.java:warn(124)) - 824157db-23a7-404e-be12-869143e8adda: Failed requestVote 41b49504-2605-44a7-8135-9defd08b62b0->824157db-23a7-404e-be12-869143e8adda#0
org.apache.ratis.protocol.exceptions.GroupMismatchException: 824157db-23a7-404e-be12-869143e8adda: group-FE8B2710E868 not found.
	at org.apache.ratis.server.impl.RaftServerProxy$ImplMap.get(RaftServerProxy.java:147)
	at org.apache.ratis.server.impl.RaftServerProxy.getImplFuture(RaftServerProxy.java:339)
	at org.apache.ratis.server.impl.RaftServerProxy.getImpl(RaftServerProxy.java:348)
	at org.apache.ratis.server.impl.RaftServerProxy.getImpl(RaftServerProxy.java:343)
	at org.apache.ratis.server.impl.RaftServerProxy.requestVote(RaftServerProxy.java:548)
	at org.apache.ratis.grpc.server.GrpcServerProtocolService.requestVote(GrpcServerProtocolService.java:172)
	at org.apache.ratis.proto.grpc.RaftServerProtocolServiceGrpc$MethodHandlers.invoke(RaftServerProtocolServiceGrpc.java:394)
	at org.apache.ratis.thirdparty.io.grpc.stub.ServerCalls$UnaryServerCallHandler$UnaryServerCallListener.onHalfClose(ServerCalls.java:182)
	at org.apache.ratis.thirdparty.io.grpc.PartialForwardingServerCallListener.onHalfClose(PartialForwardingServerCallListener.java:35)
	at org.apache.ratis.thirdparty.io.grpc.ForwardingServerCallListener.onHalfClose(ForwardingServerCallListener.java:23)
	at org.apache.ratis.thirdparty.io.grpc.internal.ServerCallImpl$ServerStreamListenerImpl.halfClosed(ServerCallImpl.java:331)
	at org.apache.ratis.thirdparty.io.grpc.internal.ServerImpl$JumpToApplicationThreadServerStreamListener$1HalfClosed.runInContext(ServerImpl.java:814)
	at org.apache.ratis.thirdparty.io.grpc.internal.ContextRunnable.run(ContextRunnable.java:37)
	at org.apache.ratis.thirdparty.io.grpc.internal.SerializingExecutor.run(SerializingExecutor.java:123)
	at java.util.concurrent.ThreadPoolExecutor.runWorker(ThreadPoolExecutor.java:1149)
	at java.util.concurrent.ThreadPoolExecutor$Worker.run(ThreadPoolExecutor.java:624)
	at java.lang.Thread.run(Thread.java:748)
2021-08-31 13:04:24,139 [41b49504-2605-44a7-8135-9defd08b62b0@group-FE8B2710E868-LeaderElection39] INFO  impl.LeaderElection (LogUtils.java:infoOrTrace(137)) - 41b49504-2605-44a7-8135-9defd08b62b0@group-FE8B2710E868-LeaderElection39 got exception when requesting votes: java.util.concurrent.ExecutionException: org.apache.ratis.thirdparty.io.grpc.StatusRuntimeException: INTERNAL: 824157db-23a7-404e-be12-869143e8adda: group-FE8B2710E868 not found.
2021-08-31 13:04:24,139 [41b49504-2605-44a7-8135-9defd08b62b0@group-FE8B2710E868-LeaderElection39] INFO  impl.LeaderElection (LeaderElection.java:logAndReturn(89)) - 41b49504-2605-44a7-8135-9defd08b62b0@group-FE8B2710E868-LeaderElection39: ELECTION REJECTED received 0 response(s) and 2 exception(s):
2021-08-31 13:04:24,139 [41b49504-2605-44a7-8135-9defd08b62b0@group-FE8B2710E868-LeaderElection39] INFO  impl.LeaderElection (LogUtils.java:infoOrTrace(137)) -   Exception 0: java.util.concurrent.ExecutionException: org.apache.ratis.thirdparty.io.grpc.StatusRuntimeException: UNAVAILABLE: io exception
2021-08-31 13:04:24,139 [41b49504-2605-44a7-8135-9defd08b62b0@group-FE8B2710E868-LeaderElection39] INFO  impl.LeaderElection (LogUtils.java:infoOrTrace(137)) -   Exception 1: java.util.concurrent.ExecutionException: org.apache.ratis.thirdparty.io.grpc.StatusRuntimeException: INTERNAL: 824157db-23a7-404e-be12-869143e8adda: group-FE8B2710E868 not found.
2021-08-31 13:04:24,139 [41b49504-2605-44a7-8135-9defd08b62b0@group-FE8B2710E868-LeaderElection39] INFO  impl.LeaderElection (LeaderElection.java:askForVotes(308)) - 41b49504-2605-44a7-8135-9defd08b62b0@group-FE8B2710E868-LeaderElection39 ELECTION round 0: result REJECTED
2021-08-31 13:04:24,139 [41b49504-2605-44a7-8135-9defd08b62b0@group-FE8B2710E868-LeaderElection39] INFO  server.RaftServer$Division (RaftServerImpl.java:setRole(285)) - 41b49504-2605-44a7-8135-9defd08b62b0@group-FE8B2710E868: changes role from CANDIDATE to FOLLOWER at term 2 for REJECTED
2021-08-31 13:04:24,139 [41b49504-2605-44a7-8135-9defd08b62b0@group-FE8B2710E868-LeaderElection39] INFO  impl.RoleInfo (RoleInfo.java:shutdownLeaderElection(121)) - 41b49504-2605-44a7-8135-9defd08b62b0: shutdown 41b49504-2605-44a7-8135-9defd08b62b0@group-FE8B2710E868-LeaderElection39
2021-08-31 13:04:24,139 [41b49504-2605-44a7-8135-9defd08b62b0@group-FE8B2710E868-LeaderElection39] INFO  impl.RoleInfo (RoleInfo.java:updateAndGet(130)) - 41b49504-2605-44a7-8135-9defd08b62b0: start 41b49504-2605-44a7-8135-9defd08b62b0@group-FE8B2710E868-FollowerState
2021-08-31 13:04:27,939 [Listener at 127.0.0.1/38495] INFO  ozoneimpl.OzoneContainer (OzoneContainer.java:stop(326)) - Attempting to stop container services.
2021-08-31 13:04:27,939 [ForkJoinPool.commonPool-worker-0] INFO  ozoneimpl.OzoneContainer (OzoneContainer.java:stop(326)) - Attempting to stop container services.
2021-08-31 13:04:27,939 [ForkJoinPool.commonPool-worker-0] INFO  server.RaftServer (RaftServerProxy.java:lambda$close$6(391)) - 41b49504-2605-44a7-8135-9defd08b62b0: close
2021-08-31 13:04:27,940 [ForkJoinPool.commonPool-worker-0] INFO  server.RaftServer$Division (RaftServerImpl.java:lambda$close$4(407)) - 41b49504-2605-44a7-8135-9defd08b62b0@group-FE8B2710E868: shutdown
2021-08-31 13:04:27,940 [Listener at 127.0.0.1/38495] INFO  server.RaftServer (RaftServerProxy.java:lambda$close$6(391)) - c1e41c75-4b16-43e8-a71d-6e9134c212c3: close
2021-08-31 13:04:27,940 [ForkJoinPool.commonPool-worker-0] INFO  util.JmxRegister (JmxRegister.java:unregister(73)) - Successfully un-registered JMX Bean with object name Ratis:service=RaftServer,group=group-FE8B2710E868,id=41b49504-2605-44a7-8135-9defd08b62b0
2021-08-31 13:04:27,940 [ForkJoinPool.commonPool-worker-0] INFO  impl.RoleInfo (RoleInfo.java:shutdownFollowerState(108)) - 41b49504-2605-44a7-8135-9defd08b62b0: shutdown 41b49504-2605-44a7-8135-9defd08b62b0@group-FE8B2710E868-FollowerState
2021-08-31 13:04:27,940 [ForkJoinPool.commonPool-worker-0] INFO  impl.StateMachineUpdater (StateMachineUpdater.java:stopAndJoin(149)) - 41b49504-2605-44a7-8135-9defd08b62b0@group-FE8B2710E868-StateMachineUpdater: set stopIndex = -1
2021-08-31 13:04:27,940 [41b49504-2605-44a7-8135-9defd08b62b0@group-FE8B2710E868-FollowerState] INFO  impl.FollowerState (FollowerState.java:run(143)) - 41b49504-2605-44a7-8135-9defd08b62b0@group-FE8B2710E868-FollowerState was interrupted: {}
java.lang.InterruptedException: sleep interrupted
	at java.lang.Thread.sleep(Native Method)
	at java.lang.Thread.sleep(Thread.java:340)
	at java.util.concurrent.TimeUnit.sleep(TimeUnit.java:386)
	at org.apache.ratis.util.TimeDuration.sleep(TimeDuration.java:324)
	at org.apache.ratis.util.TimeDuration.sleep(TimeDuration.java:309)
	at org.apache.ratis.server.impl.FollowerState.run(FollowerState.java:118)
2021-08-31 13:04:27,940 [Listener at 127.0.0.1/38495] INFO  server.RaftServer$Division (RaftServerImpl.java:lambda$close$4(407)) - c1e41c75-4b16-43e8-a71d-6e9134c212c3@group-F061A452FCA2: shutdown
2021-08-31 13:04:27,940 [Listener at 127.0.0.1/38495] INFO  util.JmxRegister (JmxRegister.java:unregister(73)) - Successfully un-registered JMX Bean with object name Ratis:service=RaftServer,group=group-F061A452FCA2,id=c1e41c75-4b16-43e8-a71d-6e9134c212c3
2021-08-31 13:04:27,941 [Listener at 127.0.0.1/38495] INFO  impl.RoleInfo (RoleInfo.java:shutdownLeaderState(91)) - c1e41c75-4b16-43e8-a71d-6e9134c212c3: shutdown c1e41c75-4b16-43e8-a71d-6e9134c212c3@group-F061A452FCA2-LeaderStateImpl
2021-08-31 13:04:27,941 [ForkJoinPool.commonPool-worker-0] INFO  server.RaftServer$Division (ServerState.java:close(419)) - 41b49504-2605-44a7-8135-9defd08b62b0@group-FE8B2710E868: closes. applyIndex: -1
2021-08-31 13:04:27,941 [Listener at 127.0.0.1/38495] INFO  impl.PendingRequests (PendingRequests.java:sendNotLeaderResponses(282)) - c1e41c75-4b16-43e8-a71d-6e9134c212c3@group-F061A452FCA2-PendingRequests: sendNotLeaderResponses
2021-08-31 13:04:27,941 [41b49504-2605-44a7-8135-9defd08b62b0@group-FE8B2710E868-SegmentedRaftLogWorker] INFO  segmented.SegmentedRaftLogWorker (SegmentedRaftLogWorker.java:run(327)) - 41b49504-2605-44a7-8135-9defd08b62b0@group-FE8B2710E868-SegmentedRaftLogWorker was interrupted, exiting. There are 0 tasks remaining in the queue.
2021-08-31 13:04:27,941 [ForkJoinPool.commonPool-worker-0] INFO  segmented.SegmentedRaftLogWorker (SegmentedRaftLogWorker.java:close(237)) - 41b49504-2605-44a7-8135-9defd08b62b0@group-FE8B2710E868-SegmentedRaftLogWorker close()
2021-08-31 13:04:27,944 [ForkJoinPool.commonPool-worker-0] INFO  server.RaftServer$Division (RaftServerImpl.java:lambda$close$4(407)) - 41b49504-2605-44a7-8135-9defd08b62b0@group-A01F34CD1956: shutdown
2021-08-31 13:04:27,944 [ForkJoinPool.commonPool-worker-0] INFO  util.JmxRegister (JmxRegister.java:unregister(73)) - Successfully un-registered JMX Bean with object name Ratis:service=RaftServer,group=group-A01F34CD1956,id=41b49504-2605-44a7-8135-9defd08b62b0
2021-08-31 13:04:27,944 [ForkJoinPool.commonPool-worker-0] INFO  impl.RoleInfo (RoleInfo.java:shutdownLeaderState(91)) - 41b49504-2605-44a7-8135-9defd08b62b0: shutdown 41b49504-2605-44a7-8135-9defd08b62b0@group-A01F34CD1956-LeaderStateImpl
2021-08-31 13:04:27,944 [ForkJoinPool.commonPool-worker-0] INFO  impl.PendingRequests (PendingRequests.java:sendNotLeaderResponses(282)) - 41b49504-2605-44a7-8135-9defd08b62b0@group-A01F34CD1956-PendingRequests: sendNotLeaderResponses
2021-08-31 13:04:27,944 [ForkJoinPool.commonPool-worker-0] INFO  impl.StateMachineUpdater (StateMachineUpdater.java:stopAndJoin(149)) - 41b49504-2605-44a7-8135-9defd08b62b0@group-A01F34CD1956-StateMachineUpdater: set stopIndex = 0
2021-08-31 13:04:27,945 [41b49504-2605-44a7-8135-9defd08b62b0@group-A01F34CD1956-StateMachineUpdater] INFO  ratis.ContainerStateMachine (ContainerStateMachine.java:takeSnapshot(292)) - group-A01F34CD1956: Taking a snapshot at:(t:1, i:0) file /home/runner/work/ozone/ozone/hadoop-ozone/integration-test/target/test-dir/MiniOzoneClusterImpl-24712a27-71f7-429c-8ffb-97a1a53f740d/datanode-2/data/ratis/6bf4df38-77f8-4bb7-8929-a01f34cd1956/sm/snapshot.1_0
2021-08-31 13:04:27,945 [Listener at 127.0.0.1/38495] INFO  impl.StateMachineUpdater (StateMachineUpdater.java:stopAndJoin(149)) - c1e41c75-4b16-43e8-a71d-6e9134c212c3@group-F061A452FCA2-StateMachineUpdater: set stopIndex = 0
2021-08-31 13:04:27,945 [c1e41c75-4b16-43e8-a71d-6e9134c212c3@group-F061A452FCA2-StateMachineUpdater] INFO  ratis.ContainerStateMachine (ContainerStateMachine.java:takeSnapshot(292)) - group-F061A452FCA2: Taking a snapshot at:(t:1, i:0) file /home/runner/work/ozone/ozone/hadoop-ozone/integration-test/target/test-dir/MiniOzoneClusterImpl-24712a27-71f7-429c-8ffb-97a1a53f740d/datanode-4/data/ratis/d781a6dc-ac9c-42c3-b345-f061a452fca2/sm/snapshot.1_0
2021-08-31 13:04:27,946 [41b49504-2605-44a7-8135-9defd08b62b0@group-A01F34CD1956-StateMachineUpdater] INFO  ratis.ContainerStateMachine (ContainerStateMachine.java:takeSnapshot(303)) - group-A01F34CD1956: Finished taking a snapshot at:(t:1, i:0) file:/home/runner/work/ozone/ozone/hadoop-ozone/integration-test/target/test-dir/MiniOzoneClusterImpl-24712a27-71f7-429c-8ffb-97a1a53f740d/datanode-2/data/ratis/6bf4df38-77f8-4bb7-8929-a01f34cd1956/sm/snapshot.1_0 took: 1 ms
2021-08-31 13:04:27,946 [41b49504-2605-44a7-8135-9defd08b62b0@group-A01F34CD1956-StateMachineUpdater] INFO  impl.StateMachineUpdater (StateMachineUpdater.java:takeSnapshot(281)) - 41b49504-2605-44a7-8135-9defd08b62b0@group-A01F34CD1956-StateMachineUpdater: Took a snapshot at index 0
2021-08-31 13:04:27,946 [41b49504-2605-44a7-8135-9defd08b62b0@group-A01F34CD1956-StateMachineUpdater] INFO  impl.StateMachineUpdater (StateMachineUpdater.java:lambda$new$0(89)) - 41b49504-2605-44a7-8135-9defd08b62b0@group-A01F34CD1956-StateMachineUpdater: snapshotIndex: updateIncreasingly -1 -> 0
2021-08-31 13:04:27,946 [c1e41c75-4b16-43e8-a71d-6e9134c212c3@group-F061A452FCA2-StateMachineUpdater] INFO  ratis.ContainerStateMachine (ContainerStateMachine.java:takeSnapshot(303)) - group-F061A452FCA2: Finished taking a snapshot at:(t:1, i:0) file:/home/runner/work/ozone/ozone/hadoop-ozone/integration-test/target/test-dir/MiniOzoneClusterImpl-24712a27-71f7-429c-8ffb-97a1a53f740d/datanode-4/data/ratis/d781a6dc-ac9c-42c3-b345-f061a452fca2/sm/snapshot.1_0 took: 1 ms
2021-08-31 13:04:27,946 [c1e41c75-4b16-43e8-a71d-6e9134c212c3@group-F061A452FCA2-StateMachineUpdater] INFO  impl.StateMachineUpdater (StateMachineUpdater.java:takeSnapshot(281)) - c1e41c75-4b16-43e8-a71d-6e9134c212c3@group-F061A452FCA2-StateMachineUpdater: Took a snapshot at index 0
2021-08-31 13:04:27,946 [c1e41c75-4b16-43e8-a71d-6e9134c212c3@group-F061A452FCA2-StateMachineUpdater] INFO  impl.StateMachineUpdater (StateMachineUpdater.java:lambda$new$0(89)) - c1e41c75-4b16-43e8-a71d-6e9134c212c3@group-F061A452FCA2-StateMachineUpdater: snapshotIndex: updateIncreasingly -1 -> 0
2021-08-31 13:04:27,947 [ForkJoinPool.commonPool-worker-0] INFO  server.RaftServer$Division (ServerState.java:close(419)) - 41b49504-2605-44a7-8135-9defd08b62b0@group-A01F34CD1956: closes. applyIndex: 0
2021-08-31 13:04:27,947 [41b49504-2605-44a7-8135-9defd08b62b0@group-A01F34CD1956-SegmentedRaftLogWorker] INFO  segmented.SegmentedRaftLogWorker (SegmentedRaftLogWorker.java:run(327)) - 41b49504-2605-44a7-8135-9defd08b62b0@group-A01F34CD1956-SegmentedRaftLogWorker was interrupted, exiting. There are 0 tasks remaining in the queue.
2021-08-31 13:04:27,947 [ForkJoinPool.commonPool-worker-0] INFO  segmented.SegmentedRaftLogWorker (SegmentedRaftLogWorker.java:close(237)) - 41b49504-2605-44a7-8135-9defd08b62b0@group-A01F34CD1956-SegmentedRaftLogWorker close()
2021-08-31 13:04:27,948 [Listener at 127.0.0.1/38495] INFO  server.RaftServer$Division (ServerState.java:close(419)) - c1e41c75-4b16-43e8-a71d-6e9134c212c3@group-F061A452FCA2: closes. applyIndex: 0
2021-08-31 13:04:27,948 [c1e41c75-4b16-43e8-a71d-6e9134c212c3@group-F061A452FCA2-SegmentedRaftLogWorker] INFO  segmented.SegmentedRaftLogWorker (SegmentedRaftLogWorker.java:run(327)) - c1e41c75-4b16-43e8-a71d-6e9134c212c3@group-F061A452FCA2-SegmentedRaftLogWorker was interrupted, exiting. There are 0 tasks remaining in the queue.
2021-08-31 13:04:27,948 [Listener at 127.0.0.1/38495] INFO  segmented.SegmentedRaftLogWorker (SegmentedRaftLogWorker.java:close(237)) - c1e41c75-4b16-43e8-a71d-6e9134c212c3@group-F061A452FCA2-SegmentedRaftLogWorker close()
2021-08-31 13:04:27,949 [Listener at 127.0.0.1/38495] INFO  server.RaftServer$Division (RaftServerImpl.java:lambda$close$4(407)) - c1e41c75-4b16-43e8-a71d-6e9134c212c3@group-137DB946C243: shutdown
2021-08-31 13:04:27,949 [Listener at 127.0.0.1/38495] INFO  util.JmxRegister (JmxRegister.java:unregister(73)) - Successfully un-registered JMX Bean with object name Ratis:service=RaftServer,group=group-137DB946C243,id=c1e41c75-4b16-43e8-a71d-6e9134c212c3
2021-08-31 13:04:27,949 [Listener at 127.0.0.1/38495] INFO  impl.RoleInfo (RoleInfo.java:shutdownFollowerState(108)) - c1e41c75-4b16-43e8-a71d-6e9134c212c3: shutdown c1e41c75-4b16-43e8-a71d-6e9134c212c3@group-137DB946C243-FollowerState
2021-08-31 13:04:27,949 [Listener at 127.0.0.1/38495] INFO  impl.StateMachineUpdater (StateMachineUpdater.java:stopAndJoin(149)) - c1e41c75-4b16-43e8-a71d-6e9134c212c3@group-137DB946C243-StateMachineUpdater: set stopIndex = -1
2021-08-31 13:04:27,949 [Listener at 127.0.0.1/38495] INFO  server.RaftServer$Division (ServerState.java:close(419)) - c1e41c75-4b16-43e8-a71d-6e9134c212c3@group-137DB946C243: closes. applyIndex: -1
2021-08-31 13:04:27,949 [ForkJoinPool.commonPool-worker-0] INFO  server.GrpcService (GrpcService.java:closeImpl(262)) - 41b49504-2605-44a7-8135-9defd08b62b0: shutdown server with port 41505 now
2021-08-31 13:04:27,949 [c1e41c75-4b16-43e8-a71d-6e9134c212c3@group-137DB946C243-FollowerState] INFO  impl.FollowerState (FollowerState.java:run(143)) - c1e41c75-4b16-43e8-a71d-6e9134c212c3@group-137DB946C243-FollowerState was interrupted: {}
java.lang.InterruptedException: sleep interrupted
	at java.lang.Thread.sleep(Native Method)
	at java.lang.Thread.sleep(Thread.java:340)
	at java.util.concurrent.TimeUnit.sleep(TimeUnit.java:386)
	at org.apache.ratis.util.TimeDuration.sleep(TimeDuration.java:324)
	at org.apache.ratis.util.TimeDuration.sleep(TimeDuration.java:309)
	at org.apache.ratis.server.impl.FollowerState.run(FollowerState.java:118)
2021-08-31 13:04:27,949 [c1e41c75-4b16-43e8-a71d-6e9134c212c3@group-137DB946C243-SegmentedRaftLogWorker] INFO  segmented.SegmentedRaftLogWorker (SegmentedRaftLogWorker.java:run(327)) - c1e41c75-4b16-43e8-a71d-6e9134c212c3@group-137DB946C243-SegmentedRaftLogWorker was interrupted, exiting. There are 0 tasks remaining in the queue.
2021-08-31 13:04:27,950 [Listener at 127.0.0.1/38495] INFO  segmented.SegmentedRaftLogWorker (SegmentedRaftLogWorker.java:close(237)) - c1e41c75-4b16-43e8-a71d-6e9134c212c3@group-137DB946C243-SegmentedRaftLogWorker close()
2021-08-31 13:04:27,950 [Listener at 127.0.0.1/38495] INFO  server.RaftServer$Division (RaftServerImpl.java:lambda$close$4(407)) - c1e41c75-4b16-43e8-a71d-6e9134c212c3@group-ACFDA5E70BED: shutdown
2021-08-31 13:04:27,952 [Listener at 127.0.0.1/38495] INFO  util.JmxRegister (JmxRegister.java:unregister(73)) - Successfully un-registered JMX Bean with object name Ratis:service=RaftServer,group=group-ACFDA5E70BED,id=c1e41c75-4b16-43e8-a71d-6e9134c212c3
2021-08-31 13:04:27,952 [Listener at 127.0.0.1/38495] INFO  impl.RoleInfo (RoleInfo.java:shutdownFollowerState(108)) - c1e41c75-4b16-43e8-a71d-6e9134c212c3: shutdown c1e41c75-4b16-43e8-a71d-6e9134c212c3@group-ACFDA5E70BED-FollowerState
2021-08-31 13:04:27,953 [c1e41c75-4b16-43e8-a71d-6e9134c212c3@group-ACFDA5E70BED-FollowerState] INFO  impl.FollowerState (FollowerState.java:run(143)) - c1e41c75-4b16-43e8-a71d-6e9134c212c3@group-ACFDA5E70BED-FollowerState was interrupted: {}
java.lang.InterruptedException: sleep interrupted
	at java.lang.Thread.sleep(Native Method)
	at java.lang.Thread.sleep(Thread.java:340)
	at java.util.concurrent.TimeUnit.sleep(TimeUnit.java:386)
	at org.apache.ratis.util.TimeDuration.sleep(TimeDuration.java:324)
	at org.apache.ratis.util.TimeDuration.sleep(TimeDuration.java:309)
	at org.apache.ratis.server.impl.FollowerState.run(FollowerState.java:118)
2021-08-31 13:04:27,953 [Listener at 127.0.0.1/38495] INFO  impl.StateMachineUpdater (StateMachineUpdater.java:stopAndJoin(149)) - c1e41c75-4b16-43e8-a71d-6e9134c212c3@group-ACFDA5E70BED-StateMachineUpdater: set stopIndex = -1
2021-08-31 13:04:27,953 [Listener at 127.0.0.1/38495] INFO  server.RaftServer$Division (ServerState.java:close(419)) - c1e41c75-4b16-43e8-a71d-6e9134c212c3@group-ACFDA5E70BED: closes. applyIndex: -1
2021-08-31 13:04:27,953 [c1e41c75-4b16-43e8-a71d-6e9134c212c3@group-ACFDA5E70BED-SegmentedRaftLogWorker] INFO  segmented.SegmentedRaftLogWorker (SegmentedRaftLogWorker.java:run(327)) - c1e41c75-4b16-43e8-a71d-6e9134c212c3@group-ACFDA5E70BED-SegmentedRaftLogWorker was interrupted, exiting. There are 0 tasks remaining in the queue.
2021-08-31 13:04:27,953 [Listener at 127.0.0.1/38495] INFO  segmented.SegmentedRaftLogWorker (SegmentedRaftLogWorker.java:close(237)) - c1e41c75-4b16-43e8-a71d-6e9134c212c3@group-ACFDA5E70BED-SegmentedRaftLogWorker close()
2021-08-31 13:04:27,956 [Listener at 127.0.0.1/38495] INFO  server.GrpcService (GrpcService.java:closeImpl(262)) - c1e41c75-4b16-43e8-a71d-6e9134c212c3: shutdown server with port 40007 now
2021-08-31 13:04:27,958 [ForkJoinPool.commonPool-worker-0] INFO  server.GrpcService (GrpcService.java:closeImpl(271)) - 41b49504-2605-44a7-8135-9defd08b62b0: shutdown server with port 41505 successfully
2021-08-31 13:04:27,959 [org.apache.ratis.util.JvmPauseMonitor$$Lambda$532/1334813823@14e9c28b] INFO  util.JvmPauseMonitor (JvmPauseMonitor.java:run(109)) - JvmPauseMonitor-41b49504-2605-44a7-8135-9defd08b62b0: Stopped
2021-08-31 13:04:27,967 [ForkJoinPool.commonPool-worker-0] INFO  utils.BackgroundService (BackgroundService.java:shutdown(132)) - Shutting down service BlockDeletingService
2021-08-31 13:04:27,972 [Listener at 127.0.0.1/38495] INFO  server.GrpcService (GrpcService.java:closeImpl(271)) - c1e41c75-4b16-43e8-a71d-6e9134c212c3: shutdown server with port 40007 successfully
2021-08-31 13:04:27,972 [org.apache.ratis.util.JvmPauseMonitor$$Lambda$532/1334813823@22c6cd41] INFO  util.JvmPauseMonitor (JvmPauseMonitor.java:run(109)) - JvmPauseMonitor-c1e41c75-4b16-43e8-a71d-6e9134c212c3: Stopped
2021-08-31 13:04:27,973 [Listener at 127.0.0.1/38495] INFO  utils.BackgroundService (BackgroundService.java:shutdown(132)) - Shutting down service BlockDeletingService
2021-08-31 13:04:29,105 [48a67b91-f7be-40c9-a901-78f22c1148cd@group-137DB946C243-FollowerState] INFO  impl.FollowerState (FollowerState.java:run(134)) - 48a67b91-f7be-40c9-a901-78f22c1148cd@group-137DB946C243-FollowerState: change to CANDIDATE, lastRpcElapsedTime:5143043646ns, electionTimeout:5134ms
2021-08-31 13:04:29,105 [48a67b91-f7be-40c9-a901-78f22c1148cd@group-137DB946C243-FollowerState] INFO  impl.RoleInfo (RoleInfo.java:shutdownFollowerState(108)) - 48a67b91-f7be-40c9-a901-78f22c1148cd: shutdown 48a67b91-f7be-40c9-a901-78f22c1148cd@group-137DB946C243-FollowerState
2021-08-31 13:04:29,105 [48a67b91-f7be-40c9-a901-78f22c1148cd@group-137DB946C243-FollowerState] INFO  server.RaftServer$Division (RaftServerImpl.java:setRole(285)) - 48a67b91-f7be-40c9-a901-78f22c1148cd@group-137DB946C243: changes role from  FOLLOWER to CANDIDATE at term 7 for changeToCandidate
2021-08-31 13:04:29,106 [48a67b91-f7be-40c9-a901-78f22c1148cd@group-137DB946C243-FollowerState] INFO  server.RaftServerConfigKeys (ConfUtils.java:logGet(44)) - raft.server.leaderelection.pre-vote = false (custom)
2021-08-31 13:04:29,106 [48a67b91-f7be-40c9-a901-78f22c1148cd@group-137DB946C243-FollowerState] INFO  impl.RoleInfo (RoleInfo.java:updateAndGet(130)) - 48a67b91-f7be-40c9-a901-78f22c1148cd: start 48a67b91-f7be-40c9-a901-78f22c1148cd@group-137DB946C243-LeaderElection40
2021-08-31 13:04:29,120 [48a67b91-f7be-40c9-a901-78f22c1148cd@group-137DB946C243-LeaderElection40] INFO  impl.LeaderElection (LeaderElection.java:askForVotes(306)) - 48a67b91-f7be-40c9-a901-78f22c1148cd@group-137DB946C243-LeaderElection40 ELECTION round 0: submit vote requests at term 8 for -1: [1a766833-fcfc-4255-a382-49e3d560613d|rpc:10.1.0.6:42143|priority:0, 48a67b91-f7be-40c9-a901-78f22c1148cd|rpc:10.1.0.6:46047|priority:0, c1e41c75-4b16-43e8-a71d-6e9134c212c3|rpc:10.1.0.6:40007|priority:1], old=null
2021-08-31 13:04:29,133 [grpc-default-executor-3] INFO  server.RaftServer$Division (RaftServerImpl.java:requestVote(1043)) - 1a766833-fcfc-4255-a382-49e3d560613d@group-137DB946C243: receive requestVote(ELECTION, 48a67b91-f7be-40c9-a901-78f22c1148cd, group-137DB946C243, 8, (t:0, i:0))
2021-08-31 13:04:29,134 [grpc-default-executor-3] INFO  impl.VoteContext (VoteContext.java:log(48)) - 1a766833-fcfc-4255-a382-49e3d560613d@group-137DB946C243-FOLLOWER: accept ELECTION from 48a67b91-f7be-40c9-a901-78f22c1148cd: our priority 0 <= candidate's priority 0
2021-08-31 13:04:29,134 [grpc-default-executor-3] INFO  server.RaftServer$Division (RaftServerImpl.java:setRole(285)) - 1a766833-fcfc-4255-a382-49e3d560613d@group-137DB946C243: changes role from  FOLLOWER to FOLLOWER at term 8 for candidate:48a67b91-f7be-40c9-a901-78f22c1148cd
2021-08-31 13:04:29,134 [grpc-default-executor-3] INFO  impl.RoleInfo (RoleInfo.java:shutdownFollowerState(108)) - 1a766833-fcfc-4255-a382-49e3d560613d: shutdown 1a766833-fcfc-4255-a382-49e3d560613d@group-137DB946C243-FollowerState
2021-08-31 13:04:29,134 [grpc-default-executor-3] INFO  impl.RoleInfo (RoleInfo.java:updateAndGet(130)) - 1a766833-fcfc-4255-a382-49e3d560613d: start 1a766833-fcfc-4255-a382-49e3d560613d@group-137DB946C243-FollowerState
2021-08-31 13:04:29,134 [1a766833-fcfc-4255-a382-49e3d560613d@group-137DB946C243-FollowerState] INFO  impl.FollowerState (FollowerState.java:run(143)) - 1a766833-fcfc-4255-a382-49e3d560613d@group-137DB946C243-FollowerState was interrupted: {}
java.lang.InterruptedException: sleep interrupted
	at java.lang.Thread.sleep(Native Method)
	at java.lang.Thread.sleep(Thread.java:340)
	at java.util.concurrent.TimeUnit.sleep(TimeUnit.java:386)
	at org.apache.ratis.util.TimeDuration.sleep(TimeDuration.java:324)
	at org.apache.ratis.util.TimeDuration.sleep(TimeDuration.java:309)
	at org.apache.ratis.server.impl.FollowerState.run(FollowerState.java:118)
2021-08-31 13:04:29,139 [48a67b91-f7be-40c9-a901-78f22c1148cd@group-137DB946C243-LeaderElection40] INFO  impl.LeaderElection (LogUtils.java:infoOrTrace(137)) - 48a67b91-f7be-40c9-a901-78f22c1148cd@group-137DB946C243-LeaderElection40 got exception when requesting votes: java.util.concurrent.ExecutionException: org.apache.ratis.thirdparty.io.grpc.StatusRuntimeException: UNAVAILABLE: io exception
2021-08-31 13:04:29,140 [grpc-default-executor-3] INFO  server.RaftServer$Division (RaftServerImpl.java:requestVote(1075)) - 1a766833-fcfc-4255-a382-49e3d560613d@group-137DB946C243 replies to ELECTION vote request: 48a67b91-f7be-40c9-a901-78f22c1148cd<-1a766833-fcfc-4255-a382-49e3d560613d#0:OK-t8. Peer's state: 1a766833-fcfc-4255-a382-49e3d560613d@group-137DB946C243:t8, leader=null, voted=48a67b91-f7be-40c9-a901-78f22c1148cd, raftlog=1a766833-fcfc-4255-a382-49e3d560613d@group-137DB946C243-SegmentedRaftLog:OPENED:c-1,f-1,i0, conf=-1: [1a766833-fcfc-4255-a382-49e3d560613d|rpc:10.1.0.6:42143|dataStream:|priority:0, 48a67b91-f7be-40c9-a901-78f22c1148cd|rpc:10.1.0.6:46047|dataStream:|priority:0, c1e41c75-4b16-43e8-a71d-6e9134c212c3|rpc:10.1.0.6:40007|dataStream:|priority:1], old=null
2021-08-31 13:04:29,143 [48a67b91-f7be-40c9-a901-78f22c1148cd@group-137DB946C243-LeaderElection40] INFO  impl.LeaderElection (LeaderElection.java:logAndReturn(89)) - 48a67b91-f7be-40c9-a901-78f22c1148cd@group-137DB946C243-LeaderElection40: ELECTION PASSED received 1 response(s) and 1 exception(s):
2021-08-31 13:04:29,143 [48a67b91-f7be-40c9-a901-78f22c1148cd@group-137DB946C243-LeaderElection40] INFO  impl.LeaderElection (LeaderElection.java:logAndReturn(93)) -   Response 0: 48a67b91-f7be-40c9-a901-78f22c1148cd<-1a766833-fcfc-4255-a382-49e3d560613d#0:OK-t8
2021-08-31 13:04:29,143 [48a67b91-f7be-40c9-a901-78f22c1148cd@group-137DB946C243-LeaderElection40] INFO  impl.LeaderElection (LogUtils.java:infoOrTrace(137)) -   Exception 1: java.util.concurrent.ExecutionException: org.apache.ratis.thirdparty.io.grpc.StatusRuntimeException: UNAVAILABLE: io exception
2021-08-31 13:04:29,143 [48a67b91-f7be-40c9-a901-78f22c1148cd@group-137DB946C243-LeaderElection40] INFO  impl.LeaderElection (LeaderElection.java:askForVotes(308)) - 48a67b91-f7be-40c9-a901-78f22c1148cd@group-137DB946C243-LeaderElection40 ELECTION round 0: result PASSED
2021-08-31 13:04:29,143 [48a67b91-f7be-40c9-a901-78f22c1148cd@group-137DB946C243-LeaderElection40] INFO  impl.RoleInfo (RoleInfo.java:shutdownLeaderElection(121)) - 48a67b91-f7be-40c9-a901-78f22c1148cd: shutdown 48a67b91-f7be-40c9-a901-78f22c1148cd@group-137DB946C243-LeaderElection40
2021-08-31 13:04:29,143 [48a67b91-f7be-40c9-a901-78f22c1148cd@group-137DB946C243-LeaderElection40] INFO  server.RaftServer$Division (RaftServerImpl.java:setRole(285)) - 48a67b91-f7be-40c9-a901-78f22c1148cd@group-137DB946C243: changes role from CANDIDATE to LEADER at term 8 for changeToLeader
2021-08-31 13:04:29,143 [48a67b91-f7be-40c9-a901-78f22c1148cd@group-137DB946C243-LeaderElection40] INFO  ratis.XceiverServerRatis (XceiverServerRatis.java:handleLeaderChangedNotification(861)) - Leader change notification received for group: group-137DB946C243 with new leaderId: 48a67b91-f7be-40c9-a901-78f22c1148cd
2021-08-31 13:04:29,143 [48a67b91-f7be-40c9-a901-78f22c1148cd@group-137DB946C243-LeaderElection40] INFO  server.RaftServer$Division (ServerState.java:setLeader(285)) - 48a67b91-f7be-40c9-a901-78f22c1148cd@group-137DB946C243: change Leader from null to 48a67b91-f7be-40c9-a901-78f22c1148cd at term 8 for becomeLeader, leader elected after 40932ms
2021-08-31 13:04:29,143 [48a67b91-f7be-40c9-a901-78f22c1148cd@group-137DB946C243-LeaderElection40] INFO  server.RaftServerConfigKeys (ConfUtils.java:logGet(44)) - raft.server.staging.catchup.gap = 1000 (default)
2021-08-31 13:04:29,144 [48a67b91-f7be-40c9-a901-78f22c1148cd@group-137DB946C243-LeaderElection40] INFO  server.RaftServerConfigKeys (ConfUtils.java:logGet(44)) - raft.server.write.element-limit = 1024 (custom)
2021-08-31 13:04:29,144 [48a67b91-f7be-40c9-a901-78f22c1148cd@group-137DB946C243-LeaderElection40] INFO  server.RaftServerConfigKeys (ConfUtils.java:logGet(44)) - raft.server.write.byte-limit = 1024 M (=1073741824) (custom)
2021-08-31 13:04:29,144 [48a67b91-f7be-40c9-a901-78f22c1148cd@group-137DB946C243-LeaderElection40] INFO  server.RaftServerConfigKeys (ConfUtils.java:logGet(44)) - raft.server.watch.timeout = 3000ms (custom)
2021-08-31 13:04:29,144 [48a67b91-f7be-40c9-a901-78f22c1148cd@group-137DB946C243-LeaderElection40] INFO  server.RaftServerConfigKeys (ConfUtils.java:logGet(44)) - raft.server.watch.timeout.denomination = 1s (default)
2021-08-31 13:04:29,144 [48a67b91-f7be-40c9-a901-78f22c1148cd@group-137DB946C243-LeaderElection40] INFO  server.RaftServerConfigKeys (ConfUtils.java:logGet(44)) - raft.server.watch.element-limit = 65536 (default)
2021-08-31 13:04:29,144 [48a67b91-f7be-40c9-a901-78f22c1148cd@group-137DB946C243-LeaderElection40] INFO  server.RaftServerConfigKeys (ConfUtils.java:logGet(44)) - raft.server.log.appender.snapshot.chunk.size.max = 16MB (=16777216) (default)
2021-08-31 13:04:29,144 [48a67b91-f7be-40c9-a901-78f22c1148cd@group-137DB946C243-LeaderElection40] INFO  server.RaftServerConfigKeys (ConfUtils.java:logGet(44)) - raft.server.log.appender.buffer.byte-limit = 33554432 (custom)
2021-08-31 13:04:29,144 [48a67b91-f7be-40c9-a901-78f22c1148cd@group-137DB946C243-LeaderElection40] INFO  server.RaftServerConfigKeys (ConfUtils.java:logGet(44)) - raft.server.log.appender.buffer.element-limit = 1 (custom)
2021-08-31 13:04:29,144 [48a67b91-f7be-40c9-a901-78f22c1148cd@group-137DB946C243-LeaderElection40] INFO  grpc.GrpcConfigKeys (ConfUtils.java:logGet(44)) - raft.grpc.server.leader.outstanding.appends.max = 128 (default)
2021-08-31 13:04:29,144 [48a67b91-f7be-40c9-a901-78f22c1148cd@group-137DB946C243-LeaderElection40] INFO  server.RaftServerConfigKeys (ConfUtils.java:logGet(44)) - raft.server.rpc.request.timeout = 3000ms (default)
2021-08-31 13:04:29,144 [48a67b91-f7be-40c9-a901-78f22c1148cd@group-137DB946C243-LeaderElection40] INFO  server.RaftServerConfigKeys (ConfUtils.java:logGet(44)) - raft.server.log.appender.install.snapshot.enabled = false (custom)
2021-08-31 13:04:29,145 [48a67b91-f7be-40c9-a901-78f22c1148cd@group-137DB946C243-LeaderElection40] INFO  server.RaftServerConfigKeys (ConfUtils.java:logGet(44)) - raft.server.log.appender.snapshot.chunk.size.max = 16MB (=16777216) (default)
2021-08-31 13:04:29,145 [48a67b91-f7be-40c9-a901-78f22c1148cd@group-137DB946C243-LeaderElection40] INFO  server.RaftServerConfigKeys (ConfUtils.java:logGet(44)) - raft.server.log.appender.buffer.byte-limit = 33554432 (custom)
2021-08-31 13:04:29,145 [48a67b91-f7be-40c9-a901-78f22c1148cd@group-137DB946C243-LeaderElection40] INFO  server.RaftServerConfigKeys (ConfUtils.java:logGet(44)) - raft.server.log.appender.buffer.element-limit = 1 (custom)
2021-08-31 13:04:29,145 [48a67b91-f7be-40c9-a901-78f22c1148cd@group-137DB946C243-LeaderElection40] INFO  grpc.GrpcConfigKeys (ConfUtils.java:logGet(44)) - raft.grpc.server.leader.outstanding.appends.max = 128 (default)
2021-08-31 13:04:29,145 [48a67b91-f7be-40c9-a901-78f22c1148cd@group-137DB946C243-LeaderElection40] INFO  server.RaftServerConfigKeys (ConfUtils.java:logGet(44)) - raft.server.rpc.request.timeout = 3000ms (default)
2021-08-31 13:04:29,145 [48a67b91-f7be-40c9-a901-78f22c1148cd@group-137DB946C243-LeaderElection40] INFO  server.RaftServerConfigKeys (ConfUtils.java:logGet(44)) - raft.server.log.appender.install.snapshot.enabled = false (custom)
2021-08-31 13:04:29,151 [EventQueue-PipelineReportForPipelineReportHandler] INFO  pipeline.PipelineManagerImpl (PipelineManagerImpl.java:openPipeline(282)) - Pipeline Pipeline[ Id: 6e23b98f-af44-4730-81c6-137db946c243, Nodes: 48a67b91-f7be-40c9-a901-78f22c1148cd{ip: 10.1.0.6, host: fv-az151-142, ports: [REPLICATION=45143, RATIS=46047, RATIS_ADMIN=46047, RATIS_SERVER=46047, STANDALONE=35791], networkLocation: /default-rack, certSerialId: null, persistedOpState: IN_SERVICE, persistedOpStateExpiryEpochSec: 0}1a766833-fcfc-4255-a382-49e3d560613d{ip: 10.1.0.6, host: fv-az151-142, ports: [REPLICATION=42713, RATIS=42143, RATIS_ADMIN=42143, RATIS_SERVER=42143, STANDALONE=45095], networkLocation: /default-rack, certSerialId: null, persistedOpState: IN_SERVICE, persistedOpStateExpiryEpochSec: 0}c1e41c75-4b16-43e8-a71d-6e9134c212c3{ip: 10.1.0.6, host: fv-az151-142, ports: [REPLICATION=33139, RATIS=40007, RATIS_ADMIN=40007, RATIS_SERVER=40007, STANDALONE=45113], networkLocation: /default-rack, certSerialId: null, persistedOpState: IN_SERVICE, persistedOpStateExpiryEpochSec: 0}, ReplicationConfig: RATIS/THREE, State:ALLOCATED, leaderId:48a67b91-f7be-40c9-a901-78f22c1148cd, CreationTimestamp2021-08-31T13:03:45.455Z[Etc/UTC]] moved to OPEN state
2021-08-31 13:04:29,152 [48a67b91-f7be-40c9-a901-78f22c1148cd@group-137DB946C243-LeaderElection40] INFO  impl.RoleInfo (RoleInfo.java:updateAndGet(130)) - 48a67b91-f7be-40c9-a901-78f22c1148cd: start 48a67b91-f7be-40c9-a901-78f22c1148cd@group-137DB946C243-LeaderStateImpl
2021-08-31 13:04:29,155 [48a67b91-f7be-40c9-a901-78f22c1148cd@group-137DB946C243-LeaderElection40] INFO  segmented.SegmentedRaftLogWorker (SegmentedRaftLogWorker.java:startLogSegment(394)) - 48a67b91-f7be-40c9-a901-78f22c1148cd@group-137DB946C243-SegmentedRaftLogWorker: Starting segment from index:0
2021-08-31 13:04:29,157 [48a67b91-f7be-40c9-a901-78f22c1148cd@group-137DB946C243-SegmentedRaftLogWorker] INFO  segmented.SegmentedRaftLogWorker (SegmentedRaftLogWorker.java:execute(601)) - 48a67b91-f7be-40c9-a901-78f22c1148cd@group-137DB946C243-SegmentedRaftLogWorker: created new log segment /home/runner/work/ozone/ozone/hadoop-ozone/integration-test/target/test-dir/MiniOzoneClusterImpl-24712a27-71f7-429c-8ffb-97a1a53f740d/datanode-3/data/ratis/6e23b98f-af44-4730-81c6-137db946c243/current/log_inprogress_0
2021-08-31 13:04:29,175 [48a67b91-f7be-40c9-a901-78f22c1148cd@group-137DB946C243-LeaderElection40] INFO  server.RaftServer$Division (ServerState.java:setRaftConf(387)) - 48a67b91-f7be-40c9-a901-78f22c1148cd@group-137DB946C243: set configuration 0: [1a766833-fcfc-4255-a382-49e3d560613d|rpc:10.1.0.6:42143|dataStream:|priority:0, 48a67b91-f7be-40c9-a901-78f22c1148cd|rpc:10.1.0.6:46047|dataStream:|priority:0, c1e41c75-4b16-43e8-a71d-6e9134c212c3|rpc:10.1.0.6:40007|dataStream:|priority:1], old=null
2021-08-31 13:04:29,183 [grpc-default-executor-0] INFO  ratis.XceiverServerRatis (XceiverServerRatis.java:handleLeaderChangedNotification(861)) - Leader change notification received for group: group-137DB946C243 with new leaderId: 48a67b91-f7be-40c9-a901-78f22c1148cd
2021-08-31 13:04:29,183 [grpc-default-executor-0] INFO  server.RaftServer$Division (ServerState.java:setLeader(285)) - 1a766833-fcfc-4255-a382-49e3d560613d@group-137DB946C243: change Leader from null to 48a67b91-f7be-40c9-a901-78f22c1148cd at term 8 for appendEntries, leader elected after 40943ms
2021-08-31 13:04:29,195 [1a766833-fcfc-4255-a382-49e3d560613d@group-ACFDA5E70BED-FollowerState] INFO  impl.FollowerState (FollowerState.java:run(134)) - 1a766833-fcfc-4255-a382-49e3d560613d@group-ACFDA5E70BED-FollowerState: change to CANDIDATE, lastRpcElapsedTime:5154260903ns, electionTimeout:5141ms
2021-08-31 13:04:29,195 [1a766833-fcfc-4255-a382-49e3d560613d@group-ACFDA5E70BED-FollowerState] INFO  impl.RoleInfo (RoleInfo.java:shutdownFollowerState(108)) - 1a766833-fcfc-4255-a382-49e3d560613d: shutdown 1a766833-fcfc-4255-a382-49e3d560613d@group-ACFDA5E70BED-FollowerState
2021-08-31 13:04:29,195 [1a766833-fcfc-4255-a382-49e3d560613d@group-ACFDA5E70BED-FollowerState] INFO  server.RaftServer$Division (RaftServerImpl.java:setRole(285)) - 1a766833-fcfc-4255-a382-49e3d560613d@group-ACFDA5E70BED: changes role from  FOLLOWER to CANDIDATE at term 7 for changeToCandidate
2021-08-31 13:04:29,195 [1a766833-fcfc-4255-a382-49e3d560613d@group-ACFDA5E70BED-FollowerState] INFO  server.RaftServerConfigKeys (ConfUtils.java:logGet(44)) - raft.server.leaderelection.pre-vote = false (custom)
2021-08-31 13:04:29,195 [1a766833-fcfc-4255-a382-49e3d560613d@group-ACFDA5E70BED-FollowerState] INFO  impl.RoleInfo (RoleInfo.java:updateAndGet(130)) - 1a766833-fcfc-4255-a382-49e3d560613d: start 1a766833-fcfc-4255-a382-49e3d560613d@group-ACFDA5E70BED-LeaderElection41
2021-08-31 13:04:29,202 [grpc-default-executor-3] WARN  server.GrpcLogAppender (LogUtils.java:warn(122)) - 48a67b91-f7be-40c9-a901-78f22c1148cd@group-137DB946C243->c1e41c75-4b16-43e8-a71d-6e9134c212c3-AppendLogResponseHandler: Failed appendEntries: org.apache.ratis.thirdparty.io.grpc.StatusRuntimeException: UNAVAILABLE: io exception
2021-08-31 13:04:29,203 [1a766833-fcfc-4255-a382-49e3d560613d@group-ACFDA5E70BED-LeaderElection41] INFO  impl.LeaderElection (LeaderElection.java:askForVotes(306)) - 1a766833-fcfc-4255-a382-49e3d560613d@group-ACFDA5E70BED-LeaderElection41 ELECTION round 0: submit vote requests at term 8 for -1: [1a766833-fcfc-4255-a382-49e3d560613d|rpc:10.1.0.6:42143|dataStream:|priority:1, 48a67b91-f7be-40c9-a901-78f22c1148cd|rpc:10.1.0.6:46047|dataStream:|priority:0, c1e41c75-4b16-43e8-a71d-6e9134c212c3|rpc:10.1.0.6:40007|dataStream:|priority:0], old=null
2021-08-31 13:04:29,204 [grpc-default-executor-3] WARN  server.GrpcLogAppender (GrpcLogAppender.java:resetClient(111)) - 48a67b91-f7be-40c9-a901-78f22c1148cd@group-137DB946C243->c1e41c75-4b16-43e8-a71d-6e9134c212c3-GrpcLogAppender: Leader has not got in touch with Follower 48a67b91-f7be-40c9-a901-78f22c1148cd@group-137DB946C243->c1e41c75-4b16-43e8-a71d-6e9134c212c3(c-1,m0,n1, attendVote=true, lastRpcSendTime=2, lastRpcResponseTime=5260) yet, just keep nextIndex unchanged and retry.
2021-08-31 13:04:29,211 [grpc-default-executor-0] INFO  server.RaftServer$Division (ServerState.java:setRaftConf(387)) - 1a766833-fcfc-4255-a382-49e3d560613d@group-137DB946C243: set configuration 0: [1a766833-fcfc-4255-a382-49e3d560613d|rpc:10.1.0.6:42143|dataStream:|priority:0, 48a67b91-f7be-40c9-a901-78f22c1148cd|rpc:10.1.0.6:46047|dataStream:|priority:0, c1e41c75-4b16-43e8-a71d-6e9134c212c3|rpc:10.1.0.6:40007|dataStream:|priority:1], old=null
2021-08-31 13:04:29,212 [grpc-default-executor-0] INFO  segmented.SegmentedRaftLogWorker (SegmentedRaftLogWorker.java:startLogSegment(394)) - 1a766833-fcfc-4255-a382-49e3d560613d@group-137DB946C243-SegmentedRaftLogWorker: Starting segment from index:0
2021-08-31 13:04:29,214 [1a766833-fcfc-4255-a382-49e3d560613d@group-137DB946C243-SegmentedRaftLogWorker] INFO  segmented.SegmentedRaftLogWorker (SegmentedRaftLogWorker.java:execute(601)) - 1a766833-fcfc-4255-a382-49e3d560613d@group-137DB946C243-SegmentedRaftLogWorker: created new log segment /home/runner/work/ozone/ozone/hadoop-ozone/integration-test/target/test-dir/MiniOzoneClusterImpl-24712a27-71f7-429c-8ffb-97a1a53f740d/datanode-5/data/ratis/6e23b98f-af44-4730-81c6-137db946c243/current/log_inprogress_0
2021-08-31 13:04:29,227 [grpc-default-executor-0] INFO  server.RaftServer$Division (RaftServerImpl.java:requestVote(1043)) - 48a67b91-f7be-40c9-a901-78f22c1148cd@group-ACFDA5E70BED: receive requestVote(ELECTION, 1a766833-fcfc-4255-a382-49e3d560613d, group-ACFDA5E70BED, 8, (t:0, i:0))
2021-08-31 13:04:29,228 [grpc-default-executor-0] INFO  impl.VoteContext (VoteContext.java:log(48)) - 48a67b91-f7be-40c9-a901-78f22c1148cd@group-ACFDA5E70BED-FOLLOWER: accept ELECTION from 1a766833-fcfc-4255-a382-49e3d560613d: our priority 0 <= candidate's priority 1
2021-08-31 13:04:29,228 [grpc-default-executor-0] INFO  server.RaftServer$Division (RaftServerImpl.java:setRole(285)) - 48a67b91-f7be-40c9-a901-78f22c1148cd@group-ACFDA5E70BED: changes role from  FOLLOWER to FOLLOWER at term 8 for candidate:1a766833-fcfc-4255-a382-49e3d560613d
2021-08-31 13:04:29,228 [grpc-default-executor-0] INFO  impl.RoleInfo (RoleInfo.java:shutdownFollowerState(108)) - 48a67b91-f7be-40c9-a901-78f22c1148cd: shutdown 48a67b91-f7be-40c9-a901-78f22c1148cd@group-ACFDA5E70BED-FollowerState
2021-08-31 13:04:29,239 [grpc-default-executor-0] INFO  impl.RoleInfo (RoleInfo.java:updateAndGet(130)) - 48a67b91-f7be-40c9-a901-78f22c1148cd: start 48a67b91-f7be-40c9-a901-78f22c1148cd@group-ACFDA5E70BED-FollowerState
2021-08-31 13:04:29,251 [48a67b91-f7be-40c9-a901-78f22c1148cd@group-ACFDA5E70BED-FollowerState] INFO  impl.FollowerState (FollowerState.java:run(143)) - 48a67b91-f7be-40c9-a901-78f22c1148cd@group-ACFDA5E70BED-FollowerState was interrupted: {}
java.lang.InterruptedException: sleep interrupted
	at java.lang.Thread.sleep(Native Method)
	at java.lang.Thread.sleep(Thread.java:340)
	at java.util.concurrent.TimeUnit.sleep(TimeUnit.java:386)
	at org.apache.ratis.util.TimeDuration.sleep(TimeDuration.java:324)
	at org.apache.ratis.util.TimeDuration.sleep(TimeDuration.java:309)
	at org.apache.ratis.server.impl.FollowerState.run(FollowerState.java:118)
2021-08-31 13:04:29,251 [grpc-default-executor-0] INFO  server.RaftServer$Division (RaftServerImpl.java:requestVote(1075)) - 48a67b91-f7be-40c9-a901-78f22c1148cd@group-ACFDA5E70BED replies to ELECTION vote request: 1a766833-fcfc-4255-a382-49e3d560613d<-48a67b91-f7be-40c9-a901-78f22c1148cd#0:OK-t8. Peer's state: 48a67b91-f7be-40c9-a901-78f22c1148cd@group-ACFDA5E70BED:t8, leader=null, voted=1a766833-fcfc-4255-a382-49e3d560613d, raftlog=48a67b91-f7be-40c9-a901-78f22c1148cd@group-ACFDA5E70BED-SegmentedRaftLog:OPENED:c-1,f-1,i0, conf=-1: [1a766833-fcfc-4255-a382-49e3d560613d|rpc:10.1.0.6:42143|priority:1, 48a67b91-f7be-40c9-a901-78f22c1148cd|rpc:10.1.0.6:46047|priority:0, c1e41c75-4b16-43e8-a71d-6e9134c212c3|rpc:10.1.0.6:40007|priority:0], old=null
2021-08-31 13:04:29,255 [1a766833-fcfc-4255-a382-49e3d560613d@group-ACFDA5E70BED-LeaderElection41] INFO  impl.LeaderElection (LeaderElection.java:logAndReturn(89)) - 1a766833-fcfc-4255-a382-49e3d560613d@group-ACFDA5E70BED-LeaderElection41: ELECTION PASSED received 1 response(s) and 0 exception(s):
2021-08-31 13:04:29,255 [1a766833-fcfc-4255-a382-49e3d560613d@group-ACFDA5E70BED-LeaderElection41] INFO  impl.LeaderElection (LeaderElection.java:logAndReturn(93)) -   Response 0: 1a766833-fcfc-4255-a382-49e3d560613d<-48a67b91-f7be-40c9-a901-78f22c1148cd#0:OK-t8
2021-08-31 13:04:29,255 [1a766833-fcfc-4255-a382-49e3d560613d@group-ACFDA5E70BED-LeaderElection41] INFO  impl.LeaderElection (LeaderElection.java:askForVotes(308)) - 1a766833-fcfc-4255-a382-49e3d560613d@group-ACFDA5E70BED-LeaderElection41 ELECTION round 0: result PASSED
2021-08-31 13:04:29,255 [1a766833-fcfc-4255-a382-49e3d560613d@group-ACFDA5E70BED-LeaderElection41] INFO  impl.RoleInfo (RoleInfo.java:shutdownLeaderElection(121)) - 1a766833-fcfc-4255-a382-49e3d560613d: shutdown 1a766833-fcfc-4255-a382-49e3d560613d@group-ACFDA5E70BED-LeaderElection41
2021-08-31 13:04:29,255 [1a766833-fcfc-4255-a382-49e3d560613d@group-ACFDA5E70BED-LeaderElection41] INFO  server.RaftServer$Division (RaftServerImpl.java:setRole(285)) - 1a766833-fcfc-4255-a382-49e3d560613d@group-ACFDA5E70BED: changes role from CANDIDATE to LEADER at term 8 for changeToLeader
2021-08-31 13:04:29,255 [1a766833-fcfc-4255-a382-49e3d560613d@group-ACFDA5E70BED-LeaderElection41] INFO  ratis.XceiverServerRatis (XceiverServerRatis.java:handleLeaderChangedNotification(861)) - Leader change notification received for group: group-ACFDA5E70BED with new leaderId: 1a766833-fcfc-4255-a382-49e3d560613d
2021-08-31 13:04:29,255 [1a766833-fcfc-4255-a382-49e3d560613d@group-ACFDA5E70BED-LeaderElection41] INFO  server.RaftServer$Division (ServerState.java:setLeader(285)) - 1a766833-fcfc-4255-a382-49e3d560613d@group-ACFDA5E70BED: change Leader from null to 1a766833-fcfc-4255-a382-49e3d560613d at term 8 for becomeLeader, leader elected after 41060ms
2021-08-31 13:04:29,255 [1a766833-fcfc-4255-a382-49e3d560613d@group-ACFDA5E70BED-LeaderElection41] INFO  server.RaftServerConfigKeys (ConfUtils.java:logGet(44)) - raft.server.staging.catchup.gap = 1000 (default)
2021-08-31 13:04:29,255 [1a766833-fcfc-4255-a382-49e3d560613d@group-ACFDA5E70BED-LeaderElection41] INFO  server.RaftServerConfigKeys (ConfUtils.java:logGet(44)) - raft.server.write.element-limit = 1024 (custom)
2021-08-31 13:04:29,256 [1a766833-fcfc-4255-a382-49e3d560613d@group-ACFDA5E70BED-LeaderElection41] INFO  server.RaftServerConfigKeys (ConfUtils.java:logGet(44)) - raft.server.write.byte-limit = 1024 M (=1073741824) (custom)
2021-08-31 13:04:29,256 [1a766833-fcfc-4255-a382-49e3d560613d@group-ACFDA5E70BED-LeaderElection41] INFO  server.RaftServerConfigKeys (ConfUtils.java:logGet(44)) - raft.server.watch.timeout = 3000ms (custom)
2021-08-31 13:04:29,256 [1a766833-fcfc-4255-a382-49e3d560613d@group-ACFDA5E70BED-LeaderElection41] INFO  server.RaftServerConfigKeys (ConfUtils.java:logGet(44)) - raft.server.watch.timeout.denomination = 1s (default)
2021-08-31 13:04:29,256 [1a766833-fcfc-4255-a382-49e3d560613d@group-ACFDA5E70BED-LeaderElection41] INFO  server.RaftServerConfigKeys (ConfUtils.java:logGet(44)) - raft.server.watch.element-limit = 65536 (default)
2021-08-31 13:04:29,256 [1a766833-fcfc-4255-a382-49e3d560613d@group-ACFDA5E70BED-LeaderElection41] INFO  server.RaftServerConfigKeys (ConfUtils.java:logGet(44)) - raft.server.log.appender.snapshot.chunk.size.max = 16MB (=16777216) (default)
2021-08-31 13:04:29,256 [1a766833-fcfc-4255-a382-49e3d560613d@group-ACFDA5E70BED-LeaderElection41] INFO  server.RaftServerConfigKeys (ConfUtils.java:logGet(44)) - raft.server.log.appender.buffer.byte-limit = 33554432 (custom)
2021-08-31 13:04:29,256 [1a766833-fcfc-4255-a382-49e3d560613d@group-ACFDA5E70BED-LeaderElection41] INFO  server.RaftServerConfigKeys (ConfUtils.java:logGet(44)) - raft.server.log.appender.buffer.element-limit = 1 (custom)
2021-08-31 13:04:29,256 [1a766833-fcfc-4255-a382-49e3d560613d@group-ACFDA5E70BED-LeaderElection41] INFO  grpc.GrpcConfigKeys (ConfUtils.java:logGet(44)) - raft.grpc.server.leader.outstanding.appends.max = 128 (default)
2021-08-31 13:04:29,256 [1a766833-fcfc-4255-a382-49e3d560613d@group-ACFDA5E70BED-LeaderElection41] INFO  server.RaftServerConfigKeys (ConfUtils.java:logGet(44)) - raft.server.rpc.request.timeout = 3000ms (default)
2021-08-31 13:04:29,256 [1a766833-fcfc-4255-a382-49e3d560613d@group-ACFDA5E70BED-LeaderElection41] INFO  server.RaftServerConfigKeys (ConfUtils.java:logGet(44)) - raft.server.log.appender.install.snapshot.enabled = false (custom)
2021-08-31 13:04:29,257 [1a766833-fcfc-4255-a382-49e3d560613d@group-ACFDA5E70BED-LeaderElection41] INFO  server.RaftServerConfigKeys (ConfUtils.java:logGet(44)) - raft.server.log.appender.snapshot.chunk.size.max = 16MB (=16777216) (default)
2021-08-31 13:04:29,257 [1a766833-fcfc-4255-a382-49e3d560613d@group-ACFDA5E70BED-LeaderElection41] INFO  server.RaftServerConfigKeys (ConfUtils.java:logGet(44)) - raft.server.log.appender.buffer.byte-limit = 33554432 (custom)
2021-08-31 13:04:29,257 [1a766833-fcfc-4255-a382-49e3d560613d@group-ACFDA5E70BED-LeaderElection41] INFO  server.RaftServerConfigKeys (ConfUtils.java:logGet(44)) - raft.server.log.appender.buffer.element-limit = 1 (custom)
2021-08-31 13:04:29,257 [1a766833-fcfc-4255-a382-49e3d560613d@group-ACFDA5E70BED-LeaderElection41] INFO  grpc.GrpcConfigKeys (ConfUtils.java:logGet(44)) - raft.grpc.server.leader.outstanding.appends.max = 128 (default)
2021-08-31 13:04:29,257 [1a766833-fcfc-4255-a382-49e3d560613d@group-ACFDA5E70BED-LeaderElection41] INFO  server.RaftServerConfigKeys (ConfUtils.java:logGet(44)) - raft.server.rpc.request.timeout = 3000ms (default)
2021-08-31 13:04:29,257 [1a766833-fcfc-4255-a382-49e3d560613d@group-ACFDA5E70BED-LeaderElection41] INFO  server.RaftServerConfigKeys (ConfUtils.java:logGet(44)) - raft.server.log.appender.install.snapshot.enabled = false (custom)
2021-08-31 13:04:29,258 [1a766833-fcfc-4255-a382-49e3d560613d@group-ACFDA5E70BED-LeaderElection41] INFO  impl.RoleInfo (RoleInfo.java:updateAndGet(130)) - 1a766833-fcfc-4255-a382-49e3d560613d: start 1a766833-fcfc-4255-a382-49e3d560613d@group-ACFDA5E70BED-LeaderStateImpl
2021-08-31 13:04:29,258 [1a766833-fcfc-4255-a382-49e3d560613d@group-ACFDA5E70BED-LeaderElection41] INFO  segmented.SegmentedRaftLogWorker (SegmentedRaftLogWorker.java:startLogSegment(394)) - 1a766833-fcfc-4255-a382-49e3d560613d@group-ACFDA5E70BED-SegmentedRaftLogWorker: Starting segment from index:0
2021-08-31 13:04:29,258 [Datanode State Machine Thread - 0] WARN  statemachine.StateContext (StateContext.java:execute(621)) - No available thread in pool for past 1 seconds.
2021-08-31 13:04:29,259 [1a766833-fcfc-4255-a382-49e3d560613d@group-ACFDA5E70BED-SegmentedRaftLogWorker] INFO  segmented.SegmentedRaftLogWorker (SegmentedRaftLogWorker.java:execute(601)) - 1a766833-fcfc-4255-a382-49e3d560613d@group-ACFDA5E70BED-SegmentedRaftLogWorker: created new log segment /home/runner/work/ozone/ozone/hadoop-ozone/integration-test/target/test-dir/MiniOzoneClusterImpl-24712a27-71f7-429c-8ffb-97a1a53f740d/datanode-5/data/ratis/69658ea9-74a5-4dbd-93b4-acfda5e70bed/current/log_inprogress_0
2021-08-31 13:04:29,260 [EventQueue-PipelineReportForPipelineReportHandler] INFO  pipeline.PipelineManagerImpl (PipelineManagerImpl.java:openPipeline(282)) - Pipeline Pipeline[ Id: 69658ea9-74a5-4dbd-93b4-acfda5e70bed, Nodes: 48a67b91-f7be-40c9-a901-78f22c1148cd{ip: 10.1.0.6, host: fv-az151-142, ports: [REPLICATION=45143, RATIS=46047, RATIS_ADMIN=46047, RATIS_SERVER=46047, STANDALONE=35791], networkLocation: /default-rack, certSerialId: null, persistedOpState: IN_SERVICE, persistedOpStateExpiryEpochSec: 0}c1e41c75-4b16-43e8-a71d-6e9134c212c3{ip: 10.1.0.6, host: fv-az151-142, ports: [REPLICATION=33139, RATIS=40007, RATIS_ADMIN=40007, RATIS_SERVER=40007, STANDALONE=45113], networkLocation: /default-rack, certSerialId: null, persistedOpState: IN_SERVICE, persistedOpStateExpiryEpochSec: 0}1a766833-fcfc-4255-a382-49e3d560613d{ip: 10.1.0.6, host: fv-az151-142, ports: [REPLICATION=42713, RATIS=42143, RATIS_ADMIN=42143, RATIS_SERVER=42143, STANDALONE=45095], networkLocation: /default-rack, certSerialId: null, persistedOpState: IN_SERVICE, persistedOpStateExpiryEpochSec: 0}, ReplicationConfig: RATIS/THREE, State:ALLOCATED, leaderId:1a766833-fcfc-4255-a382-49e3d560613d, CreationTimestamp2021-08-31T13:03:45.453Z[Etc/UTC]] moved to OPEN state
2021-08-31 13:04:29,272 [1a766833-fcfc-4255-a382-49e3d560613d@group-ACFDA5E70BED-LeaderElection41] INFO  server.RaftServer$Division (ServerState.java:setRaftConf(387)) - 1a766833-fcfc-4255-a382-49e3d560613d@group-ACFDA5E70BED: set configuration 0: [1a766833-fcfc-4255-a382-49e3d560613d|rpc:10.1.0.6:42143|dataStream:|priority:1, 48a67b91-f7be-40c9-a901-78f22c1148cd|rpc:10.1.0.6:46047|dataStream:|priority:0, c1e41c75-4b16-43e8-a71d-6e9134c212c3|rpc:10.1.0.6:40007|dataStream:|priority:0], old=null
2021-08-31 13:04:29,281 [grpc-default-executor-3] INFO  ratis.XceiverServerRatis (XceiverServerRatis.java:handleLeaderChangedNotification(861)) - Leader change notification received for group: group-ACFDA5E70BED with new leaderId: 1a766833-fcfc-4255-a382-49e3d560613d
2021-08-31 13:04:29,281 [grpc-default-executor-3] INFO  server.RaftServer$Division (ServerState.java:setLeader(285)) - 48a67b91-f7be-40c9-a901-78f22c1148cd@group-ACFDA5E70BED: change Leader from null to 1a766833-fcfc-4255-a382-49e3d560613d at term 8 for appendEntries, leader elected after 41157ms
2021-08-31 13:04:29,315 [grpc-default-executor-3] WARN  server.GrpcLogAppender (LogUtils.java:warn(122)) - 1a766833-fcfc-4255-a382-49e3d560613d@group-ACFDA5E70BED->c1e41c75-4b16-43e8-a71d-6e9134c212c3-AppendLogResponseHandler: Failed appendEntries: org.apache.ratis.thirdparty.io.grpc.StatusRuntimeException: UNAVAILABLE: io exception
2021-08-31 13:04:29,316 [grpc-default-executor-3] WARN  server.GrpcLogAppender (GrpcLogAppender.java:resetClient(111)) - 1a766833-fcfc-4255-a382-49e3d560613d@group-ACFDA5E70BED->c1e41c75-4b16-43e8-a71d-6e9134c212c3-GrpcLogAppender: Leader has not got in touch with Follower 1a766833-fcfc-4255-a382-49e3d560613d@group-ACFDA5E70BED->c1e41c75-4b16-43e8-a71d-6e9134c212c3(c-1,m0,n1, attendVote=true, lastRpcSendTime=4, lastRpcResponseTime=5259) yet, just keep nextIndex unchanged and retry.
2021-08-31 13:04:29,323 [grpc-default-executor-3] INFO  server.RaftServer$Division (ServerState.java:setRaftConf(387)) - 48a67b91-f7be-40c9-a901-78f22c1148cd@group-ACFDA5E70BED: set configuration 0: [1a766833-fcfc-4255-a382-49e3d560613d|rpc:10.1.0.6:42143|dataStream:|priority:1, 48a67b91-f7be-40c9-a901-78f22c1148cd|rpc:10.1.0.6:46047|dataStream:|priority:0, c1e41c75-4b16-43e8-a71d-6e9134c212c3|rpc:10.1.0.6:40007|dataStream:|priority:0], old=null
2021-08-31 13:04:29,324 [grpc-default-executor-3] INFO  segmented.SegmentedRaftLogWorker (SegmentedRaftLogWorker.java:startLogSegment(394)) - 48a67b91-f7be-40c9-a901-78f22c1148cd@group-ACFDA5E70BED-SegmentedRaftLogWorker: Starting segment from index:0
2021-08-31 13:04:29,328 [48a67b91-f7be-40c9-a901-78f22c1148cd@group-ACFDA5E70BED-SegmentedRaftLogWorker] INFO  segmented.SegmentedRaftLogWorker (SegmentedRaftLogWorker.java:execute(601)) - 48a67b91-f7be-40c9-a901-78f22c1148cd@group-ACFDA5E70BED-SegmentedRaftLogWorker: created new log segment /home/runner/work/ozone/ozone/hadoop-ozone/integration-test/target/test-dir/MiniOzoneClusterImpl-24712a27-71f7-429c-8ffb-97a1a53f740d/datanode-3/data/ratis/69658ea9-74a5-4dbd-93b4-acfda5e70bed/current/log_inprogress_0
2021-08-31 13:04:30,979 [ForkJoinPool.commonPool-worker-0] INFO  statemachine.DatanodeStateMachine (DatanodeStateMachine.java:stopDaemon(515)) - Ozone container server stopped.
2021-08-31 13:04:30,995 [ForkJoinPool.commonPool-worker-0] INFO  handler.ContextHandler (ContextHandler.java:doStop(1153)) - Stopped o.e.j.w.WebAppContext@14ff4f15{hddsDatanode,/,null,STOPPED}{jar:file:/home/runner/.m2/repository/org/apache/ozone/hdds-container-service/1.2.0-SNAPSHOT/hdds-container-service-1.2.0-SNAPSHOT.jar!/webapps/hddsDatanode}
2021-08-31 13:04:30,997 [ForkJoinPool.commonPool-worker-0] INFO  server.AbstractConnector (AbstractConnector.java:doStop(381)) - Stopped ServerConnector@6ff8faf1{HTTP/1.1, (http/1.1)}{0.0.0.0:0}
2021-08-31 13:04:30,997 [Listener at 127.0.0.1/38495] INFO  statemachine.DatanodeStateMachine (DatanodeStateMachine.java:stopDaemon(515)) - Ozone container server stopped.
2021-08-31 13:04:30,997 [ForkJoinPool.commonPool-worker-0] INFO  server.session (HouseKeeper.java:stopScavenging(149)) - node0 Stopped scavenging
2021-08-31 13:04:30,998 [Listener at 127.0.0.1/38495] INFO  handler.ContextHandler (ContextHandler.java:doStop(1153)) - Stopped o.e.j.w.WebAppContext@1377df8f{hddsDatanode,/,null,STOPPED}{jar:file:/home/runner/.m2/repository/org/apache/ozone/hdds-container-service/1.2.0-SNAPSHOT/hdds-container-service-1.2.0-SNAPSHOT.jar!/webapps/hddsDatanode}
2021-08-31 13:04:31,000 [ForkJoinPool.commonPool-worker-0] INFO  handler.ContextHandler (ContextHandler.java:doStop(1153)) - Stopped o.e.j.s.ServletContextHandler@5ef2cc91{static,/static,jar:file:/home/runner/.m2/repository/org/apache/ozone/hdds-container-service/1.2.0-SNAPSHOT/hdds-container-service-1.2.0-SNAPSHOT.jar!/webapps/static,STOPPED}
2021-08-31 13:04:31,000 [ForkJoinPool.commonPool-worker-0] INFO  handler.ContextHandler (ContextHandler.java:doStop(1153)) - Stopped o.e.j.s.ServletContextHandler@40da24ac{logs,/logs,file:///home/runner/work/ozone/ozone/hadoop-ozone/integration-test/target/log,STOPPED}
2021-08-31 13:04:31,004 [Listener at 127.0.0.1/38495] INFO  server.AbstractConnector (AbstractConnector.java:doStop(381)) - Stopped ServerConnector@55bda0e{HTTP/1.1, (http/1.1)}{0.0.0.0:0}
2021-08-31 13:04:31,004 [Listener at 127.0.0.1/38495] INFO  server.session (HouseKeeper.java:stopScavenging(149)) - node0 Stopped scavenging
2021-08-31 13:04:31,004 [Listener at 127.0.0.1/38495] INFO  handler.ContextHandler (ContextHandler.java:doStop(1153)) - Stopped o.e.j.s.ServletContextHandler@3cef41d{static,/static,jar:file:/home/runner/.m2/repository/org/apache/ozone/hdds-container-service/1.2.0-SNAPSHOT/hdds-container-service-1.2.0-SNAPSHOT.jar!/webapps/static,STOPPED}
2021-08-31 13:04:31,004 [Listener at 127.0.0.1/38495] INFO  handler.ContextHandler (ContextHandler.java:doStop(1153)) - Stopped o.e.j.s.ServletContextHandler@437bcb8d{logs,/logs,file:///home/runner/work/ozone/ozone/hadoop-ozone/integration-test/target/log,STOPPED}
2021-08-31 13:04:31,146 [Datanode State Machine Thread - 0] INFO  statemachine.DatanodeStateMachine (DatanodeStateMachine.java:lambda$startDaemon$0(457)) - Ozone container server started.
2021-08-31 13:04:31,705 [grpc-default-executor-3] WARN  server.GrpcLogAppender (LogUtils.java:warn(122)) - 48a67b91-f7be-40c9-a901-78f22c1148cd@group-137DB946C243->c1e41c75-4b16-43e8-a71d-6e9134c212c3-AppendLogResponseHandler: Failed appendEntries: org.apache.ratis.thirdparty.io.grpc.StatusRuntimeException: UNAVAILABLE: io exception
2021-08-31 13:04:31,706 [grpc-default-executor-3] WARN  server.GrpcLogAppender (GrpcLogAppender.java:resetClient(111)) - 48a67b91-f7be-40c9-a901-78f22c1148cd@group-137DB946C243->c1e41c75-4b16-43e8-a71d-6e9134c212c3-GrpcLogAppender: Leader has not got in touch with Follower 48a67b91-f7be-40c9-a901-78f22c1148cd@group-137DB946C243->c1e41c75-4b16-43e8-a71d-6e9134c212c3(c-1,m0,n1, attendVote=true, lastRpcSendTime=2503, lastRpcResponseTime=7761) yet, just keep nextIndex unchanged and retry.
2021-08-31 13:04:31,815 [grpc-default-executor-3] WARN  server.GrpcLogAppender (LogUtils.java:warn(122)) - 1a766833-fcfc-4255-a382-49e3d560613d@group-ACFDA5E70BED->c1e41c75-4b16-43e8-a71d-6e9134c212c3-AppendLogResponseHandler: Failed appendEntries: org.apache.ratis.thirdparty.io.grpc.StatusRuntimeException: UNAVAILABLE: io exception
2021-08-31 13:04:31,816 [grpc-default-executor-3] WARN  server.GrpcLogAppender (GrpcLogAppender.java:resetClient(111)) - 1a766833-fcfc-4255-a382-49e3d560613d@group-ACFDA5E70BED->c1e41c75-4b16-43e8-a71d-6e9134c212c3-GrpcLogAppender: Leader has not got in touch with Follower 1a766833-fcfc-4255-a382-49e3d560613d@group-ACFDA5E70BED->c1e41c75-4b16-43e8-a71d-6e9134c212c3(c-1,m0,n1, attendVote=true, lastRpcSendTime=0, lastRpcResponseTime=7759) yet, just keep nextIndex unchanged and retry.
2021-08-31 13:04:31,843 [Datanode State Machine Thread - 0] INFO  statemachine.DatanodeStateMachine (DatanodeStateMachine.java:lambda$startDaemon$0(457)) - Ozone container server started.
2021-08-31 13:04:32,451 [EventQueue-StaleNodeForStaleNodeHandler] INFO  node.StaleNodeHandler (StaleNodeHandler.java:onMessage(58)) - Datanode c1e41c75-4b16-43e8-a71d-6e9134c212c3{ip: 10.1.0.6, host: fv-az151-142, ports: [REPLICATION=33139, RATIS=40007, RATIS_ADMIN=40007, RATIS_SERVER=40007, STANDALONE=45113], networkLocation: /default-rack, certSerialId: null, persistedOpState: IN_SERVICE, persistedOpStateExpiryEpochSec: 0} moved to stale state. Finalizing its pipelines [PipelineID=d781a6dc-ac9c-42c3-b345-f061a452fca2, PipelineID=6e23b98f-af44-4730-81c6-137db946c243, PipelineID=69658ea9-74a5-4dbd-93b4-acfda5e70bed]
2021-08-31 13:04:32,452 [EventQueue-StaleNodeForStaleNodeHandler] INFO  pipeline.PipelineManagerImpl (PipelineManagerImpl.java:closePipeline(342)) - Pipeline Pipeline[ Id: d781a6dc-ac9c-42c3-b345-f061a452fca2, Nodes: c1e41c75-4b16-43e8-a71d-6e9134c212c3{ip: 10.1.0.6, host: fv-az151-142, ports: [REPLICATION=33139, RATIS=40007, RATIS_ADMIN=40007, RATIS_SERVER=40007, STANDALONE=45113], networkLocation: /default-rack, certSerialId: null, persistedOpState: IN_SERVICE, persistedOpStateExpiryEpochSec: 0}, ReplicationConfig: RATIS/ONE, State:OPEN, leaderId:c1e41c75-4b16-43e8-a71d-6e9134c212c3, CreationTimestamp2021-08-31T13:03:45.255Z[Etc/UTC]] moved to CLOSED state
2021-08-31 13:04:32,453 [EventQueue-StaleNodeForStaleNodeHandler] INFO  pipeline.PipelineManagerImpl (PipelineManagerImpl.java:closePipeline(342)) - Pipeline Pipeline[ Id: 6e23b98f-af44-4730-81c6-137db946c243, Nodes: 48a67b91-f7be-40c9-a901-78f22c1148cd{ip: 10.1.0.6, host: fv-az151-142, ports: [REPLICATION=45143, RATIS=46047, RATIS_ADMIN=46047, RATIS_SERVER=46047, STANDALONE=35791], networkLocation: /default-rack, certSerialId: null, persistedOpState: IN_SERVICE, persistedOpStateExpiryEpochSec: 0}1a766833-fcfc-4255-a382-49e3d560613d{ip: 10.1.0.6, host: fv-az151-142, ports: [REPLICATION=42713, RATIS=42143, RATIS_ADMIN=42143, RATIS_SERVER=42143, STANDALONE=45095], networkLocation: /default-rack, certSerialId: null, persistedOpState: IN_SERVICE, persistedOpStateExpiryEpochSec: 0}c1e41c75-4b16-43e8-a71d-6e9134c212c3{ip: 10.1.0.6, host: fv-az151-142, ports: [REPLICATION=33139, RATIS=40007, RATIS_ADMIN=40007, RATIS_SERVER=40007, STANDALONE=45113], networkLocation: /default-rack, certSerialId: null, persistedOpState: IN_SERVICE, persistedOpStateExpiryEpochSec: 0}, ReplicationConfig: RATIS/THREE, State:OPEN, leaderId:48a67b91-f7be-40c9-a901-78f22c1148cd, CreationTimestamp2021-08-31T13:03:45.455Z[Etc/UTC]] moved to CLOSED state
2021-08-31 13:04:32,453 [EventQueue-StaleNodeForStaleNodeHandler] INFO  pipeline.PipelineManagerImpl (PipelineManagerImpl.java:closePipeline(342)) - Pipeline Pipeline[ Id: 69658ea9-74a5-4dbd-93b4-acfda5e70bed, Nodes: 48a67b91-f7be-40c9-a901-78f22c1148cd{ip: 10.1.0.6, host: fv-az151-142, ports: [REPLICATION=45143, RATIS=46047, RATIS_ADMIN=46047, RATIS_SERVER=46047, STANDALONE=35791], networkLocation: /default-rack, certSerialId: null, persistedOpState: IN_SERVICE, persistedOpStateExpiryEpochSec: 0}c1e41c75-4b16-43e8-a71d-6e9134c212c3{ip: 10.1.0.6, host: fv-az151-142, ports: [REPLICATION=33139, RATIS=40007, RATIS_ADMIN=40007, RATIS_SERVER=40007, STANDALONE=45113], networkLocation: /default-rack, certSerialId: null, persistedOpState: IN_SERVICE, persistedOpStateExpiryEpochSec: 0}1a766833-fcfc-4255-a382-49e3d560613d{ip: 10.1.0.6, host: fv-az151-142, ports: [REPLICATION=42713, RATIS=42143, RATIS_ADMIN=42143, RATIS_SERVER=42143, STANDALONE=45095], networkLocation: /default-rack, certSerialId: null, persistedOpState: IN_SERVICE, persistedOpStateExpiryEpochSec: 0}, ReplicationConfig: RATIS/THREE, State:OPEN, leaderId:1a766833-fcfc-4255-a382-49e3d560613d, CreationTimestamp2021-08-31T13:03:45.453Z[Etc/UTC]] moved to CLOSED state
2021-08-31 13:04:32,852 [EventQueue-StaleNodeForStaleNodeHandler] INFO  node.StaleNodeHandler (StaleNodeHandler.java:onMessage(58)) - Datanode 41b49504-2605-44a7-8135-9defd08b62b0{ip: 10.1.0.6, host: fv-az151-142, ports: [REPLICATION=40545, RATIS=41505, RATIS_ADMIN=41505, RATIS_SERVER=41505, STANDALONE=40967], networkLocation: /default-rack, certSerialId: null, persistedOpState: IN_SERVICE, persistedOpStateExpiryEpochSec: 0} moved to stale state. Finalizing its pipelines [PipelineID=6bf4df38-77f8-4bb7-8929-a01f34cd1956]
2021-08-31 13:04:32,852 [EventQueue-StaleNodeForStaleNodeHandler] INFO  pipeline.PipelineManagerImpl (PipelineManagerImpl.java:closePipeline(342)) - Pipeline Pipeline[ Id: 6bf4df38-77f8-4bb7-8929-a01f34cd1956, Nodes: 41b49504-2605-44a7-8135-9defd08b62b0{ip: 10.1.0.6, host: fv-az151-142, ports: [REPLICATION=40545, RATIS=41505, RATIS_ADMIN=41505, RATIS_SERVER=41505, STANDALONE=40967], networkLocation: /default-rack, certSerialId: null, persistedOpState: IN_SERVICE, persistedOpStateExpiryEpochSec: 0}, ReplicationConfig: RATIS/ONE, State:OPEN, leaderId:41b49504-2605-44a7-8135-9defd08b62b0, CreationTimestamp2021-08-31T13:03:44.868Z[Etc/UTC]] moved to CLOSED state
2021-08-31 13:04:34,221 [grpc-default-executor-3] WARN  server.GrpcLogAppender (LogUtils.java:warn(122)) - 48a67b91-f7be-40c9-a901-78f22c1148cd@group-137DB946C243->c1e41c75-4b16-43e8-a71d-6e9134c212c3-AppendLogResponseHandler: Failed appendEntries: org.apache.ratis.thirdparty.io.grpc.StatusRuntimeException: UNAVAILABLE: io exception
2021-08-31 13:04:34,221 [grpc-default-executor-3] WARN  server.GrpcLogAppender (GrpcLogAppender.java:resetClient(111)) - 48a67b91-f7be-40c9-a901-78f22c1148cd@group-137DB946C243->c1e41c75-4b16-43e8-a71d-6e9134c212c3-GrpcLogAppender: Leader has not got in touch with Follower 48a67b91-f7be-40c9-a901-78f22c1148cd@group-137DB946C243->c1e41c75-4b16-43e8-a71d-6e9134c212c3(c-1,m0,n1, attendVote=true, lastRpcSendTime=2514, lastRpcResponseTime=10277) yet, just keep nextIndex unchanged and retry.
2021-08-31 13:04:34,319 [grpc-default-executor-3] WARN  server.GrpcLogAppender (LogUtils.java:warn(122)) - 1a766833-fcfc-4255-a382-49e3d560613d@group-ACFDA5E70BED->c1e41c75-4b16-43e8-a71d-6e9134c212c3-AppendLogResponseHandler: Failed appendEntries: org.apache.ratis.thirdparty.io.grpc.StatusRuntimeException: UNAVAILABLE: io exception
2021-08-31 13:04:34,320 [grpc-default-executor-3] WARN  server.GrpcLogAppender (GrpcLogAppender.java:resetClient(111)) - 1a766833-fcfc-4255-a382-49e3d560613d@group-ACFDA5E70BED->c1e41c75-4b16-43e8-a71d-6e9134c212c3-GrpcLogAppender: Leader has not got in touch with Follower 1a766833-fcfc-4255-a382-49e3d560613d@group-ACFDA5E70BED->c1e41c75-4b16-43e8-a71d-6e9134c212c3(c-1,m0,n1, attendVote=true, lastRpcSendTime=0, lastRpcResponseTime=10263) yet, just keep nextIndex unchanged and retry.
2021-08-31 13:04:34,385 [48a67b91-f7be-40c9-a901-78f22c1148cd@group-137DB946C243-LeaderStateImpl] INFO  server.RaftServer$Division (LeaderStateImpl.java:yieldLeaderToHigherPriorityPeer(900)) - 48a67b91-f7be-40c9-a901-78f22c1148cd@group-137DB946C243-LeaderStateImpl send StartLeaderElectionRequest to follower:c1e41c75-4b16-43e8-a71d-6e9134c212c3 on term:8 because follower's priority:1 is higher than leader's:0 and follower's lastEntry index:0 catch up with leader's:0
2021-08-31 13:04:36,002 [ForkJoinPool.commonPool-worker-0] INFO  ozoneimpl.OzoneContainer (OzoneContainer.java:stop(326)) - Attempting to stop container services.
2021-08-31 13:04:36,002 [ForkJoinPool.commonPool-worker-0] INFO  server.RaftServer (RaftServerProxy.java:lambda$close$6(391)) - 824157db-23a7-404e-be12-869143e8adda: close
2021-08-31 13:04:36,003 [ForkJoinPool.commonPool-worker-0] INFO  server.RaftServer$Division (RaftServerImpl.java:lambda$close$4(407)) - 824157db-23a7-404e-be12-869143e8adda@group-DB6D28CD4AF5: shutdown
2021-08-31 13:04:36,003 [ForkJoinPool.commonPool-worker-0] INFO  util.JmxRegister (JmxRegister.java:unregister(73)) - Successfully un-registered JMX Bean with object name Ratis:service=RaftServer,group=group-DB6D28CD4AF5,id=824157db-23a7-404e-be12-869143e8adda
2021-08-31 13:04:36,003 [ForkJoinPool.commonPool-worker-0] INFO  impl.RoleInfo (RoleInfo.java:shutdownLeaderState(91)) - 824157db-23a7-404e-be12-869143e8adda: shutdown 824157db-23a7-404e-be12-869143e8adda@group-DB6D28CD4AF5-LeaderStateImpl
2021-08-31 13:04:36,003 [ForkJoinPool.commonPool-worker-0] INFO  impl.PendingRequests (PendingRequests.java:sendNotLeaderResponses(282)) - 824157db-23a7-404e-be12-869143e8adda@group-DB6D28CD4AF5-PendingRequests: sendNotLeaderResponses
2021-08-31 13:04:36,003 [ForkJoinPool.commonPool-worker-0] INFO  impl.StateMachineUpdater (StateMachineUpdater.java:stopAndJoin(149)) - 824157db-23a7-404e-be12-869143e8adda@group-DB6D28CD4AF5-StateMachineUpdater: set stopIndex = 0
2021-08-31 13:04:36,004 [824157db-23a7-404e-be12-869143e8adda@group-DB6D28CD4AF5-StateMachineUpdater] INFO  ratis.ContainerStateMachine (ContainerStateMachine.java:takeSnapshot(292)) - group-DB6D28CD4AF5: Taking a snapshot at:(t:1, i:0) file /home/runner/work/ozone/ozone/hadoop-ozone/integration-test/target/test-dir/MiniOzoneClusterImpl-24712a27-71f7-429c-8ffb-97a1a53f740d/datanode-6/data/ratis/0ba0ef12-4c24-414b-ac07-db6d28cd4af5/sm/snapshot.1_0
2021-08-31 13:04:36,005 [824157db-23a7-404e-be12-869143e8adda@group-DB6D28CD4AF5-StateMachineUpdater] INFO  ratis.ContainerStateMachine (ContainerStateMachine.java:takeSnapshot(303)) - group-DB6D28CD4AF5: Finished taking a snapshot at:(t:1, i:0) file:/home/runner/work/ozone/ozone/hadoop-ozone/integration-test/target/test-dir/MiniOzoneClusterImpl-24712a27-71f7-429c-8ffb-97a1a53f740d/datanode-6/data/ratis/0ba0ef12-4c24-414b-ac07-db6d28cd4af5/sm/snapshot.1_0 took: 1 ms
2021-08-31 13:04:36,005 [824157db-23a7-404e-be12-869143e8adda@group-DB6D28CD4AF5-StateMachineUpdater] INFO  impl.StateMachineUpdater (StateMachineUpdater.java:takeSnapshot(281)) - 824157db-23a7-404e-be12-869143e8adda@group-DB6D28CD4AF5-StateMachineUpdater: Took a snapshot at index 0
2021-08-31 13:04:36,005 [824157db-23a7-404e-be12-869143e8adda@group-DB6D28CD4AF5-StateMachineUpdater] INFO  impl.StateMachineUpdater (StateMachineUpdater.java:lambda$new$0(89)) - 824157db-23a7-404e-be12-869143e8adda@group-DB6D28CD4AF5-StateMachineUpdater: snapshotIndex: updateIncreasingly -1 -> 0
2021-08-31 13:04:36,005 [ForkJoinPool.commonPool-worker-0] INFO  server.RaftServer$Division (ServerState.java:close(419)) - 824157db-23a7-404e-be12-869143e8adda@group-DB6D28CD4AF5: closes. applyIndex: 0
2021-08-31 13:04:36,006 [824157db-23a7-404e-be12-869143e8adda@group-DB6D28CD4AF5-SegmentedRaftLogWorker] INFO  segmented.SegmentedRaftLogWorker (SegmentedRaftLogWorker.java:run(327)) - 824157db-23a7-404e-be12-869143e8adda@group-DB6D28CD4AF5-SegmentedRaftLogWorker was interrupted, exiting. There are 0 tasks remaining in the queue.
2021-08-31 13:04:36,006 [Listener at 127.0.0.1/38495] INFO  ozoneimpl.OzoneContainer (OzoneContainer.java:stop(326)) - Attempting to stop container services.
2021-08-31 13:04:36,006 [ForkJoinPool.commonPool-worker-0] INFO  segmented.SegmentedRaftLogWorker (SegmentedRaftLogWorker.java:close(237)) - 824157db-23a7-404e-be12-869143e8adda@group-DB6D28CD4AF5-SegmentedRaftLogWorker close()
2021-08-31 13:04:36,008 [ForkJoinPool.commonPool-worker-0] INFO  server.GrpcService (GrpcService.java:closeImpl(262)) - 824157db-23a7-404e-be12-869143e8adda: shutdown server with port 33221 now
2021-08-31 13:04:36,023 [Listener at 127.0.0.1/38495] INFO  server.RaftServer (RaftServerProxy.java:lambda$close$6(391)) - 48a67b91-f7be-40c9-a901-78f22c1148cd: close
2021-08-31 13:04:36,023 [Listener at 127.0.0.1/38495] INFO  server.RaftServer$Division (RaftServerImpl.java:lambda$close$4(407)) - 48a67b91-f7be-40c9-a901-78f22c1148cd@group-137DB946C243: shutdown
2021-08-31 13:04:36,023 [Listener at 127.0.0.1/38495] INFO  util.JmxRegister (JmxRegister.java:unregister(73)) - Successfully un-registered JMX Bean with object name Ratis:service=RaftServer,group=group-137DB946C243,id=48a67b91-f7be-40c9-a901-78f22c1148cd
2021-08-31 13:04:36,023 [Listener at 127.0.0.1/38495] INFO  impl.RoleInfo (RoleInfo.java:shutdownLeaderState(91)) - 48a67b91-f7be-40c9-a901-78f22c1148cd: shutdown 48a67b91-f7be-40c9-a901-78f22c1148cd@group-137DB946C243-LeaderStateImpl
2021-08-31 13:04:36,024 [Listener at 127.0.0.1/38495] INFO  impl.PendingRequests (PendingRequests.java:sendNotLeaderResponses(282)) - 48a67b91-f7be-40c9-a901-78f22c1148cd@group-137DB946C243-PendingRequests: sendNotLeaderResponses
2021-08-31 13:04:36,024 [Listener at 127.0.0.1/38495] INFO  impl.StateMachineUpdater (StateMachineUpdater.java:stopAndJoin(149)) - 48a67b91-f7be-40c9-a901-78f22c1148cd@group-137DB946C243-StateMachineUpdater: set stopIndex = 0
2021-08-31 13:04:36,024 [48a67b91-f7be-40c9-a901-78f22c1148cd@group-137DB946C243-StateMachineUpdater] INFO  ratis.ContainerStateMachine (ContainerStateMachine.java:takeSnapshot(292)) - group-137DB946C243: Taking a snapshot at:(t:8, i:0) file /home/runner/work/ozone/ozone/hadoop-ozone/integration-test/target/test-dir/MiniOzoneClusterImpl-24712a27-71f7-429c-8ffb-97a1a53f740d/datanode-3/data/ratis/6e23b98f-af44-4730-81c6-137db946c243/sm/snapshot.8_0
2021-08-31 13:04:36,025 [48a67b91-f7be-40c9-a901-78f22c1148cd@group-137DB946C243->1a766833-fcfc-4255-a382-49e3d560613d-GrpcLogAppender-LogAppenderDaemon] WARN  server.GrpcLogAppender (GrpcLogAppender.java:mayWait(175)) - 48a67b91-f7be-40c9-a901-78f22c1148cd@group-137DB946C243->1a766833-fcfc-4255-a382-49e3d560613d-GrpcLogAppender: Wait interrupted by java.lang.InterruptedException
2021-08-31 13:04:36,030 [ForkJoinPool.commonPool-worker-0] INFO  server.GrpcService (GrpcService.java:closeImpl(271)) - 824157db-23a7-404e-be12-869143e8adda: shutdown server with port 33221 successfully
2021-08-31 13:04:36,025 [48a67b91-f7be-40c9-a901-78f22c1148cd@group-137DB946C243-StateMachineUpdater] INFO  ratis.ContainerStateMachine (ContainerStateMachine.java:takeSnapshot(303)) - group-137DB946C243: Finished taking a snapshot at:(t:8, i:0) file:/home/runner/work/ozone/ozone/hadoop-ozone/integration-test/target/test-dir/MiniOzoneClusterImpl-24712a27-71f7-429c-8ffb-97a1a53f740d/datanode-3/data/ratis/6e23b98f-af44-4730-81c6-137db946c243/sm/snapshot.8_0 took: 0 ms
2021-08-31 13:04:36,031 [grpc-default-executor-3] INFO  server.GrpcServerProtocolService (GrpcServerProtocolService.java:onCompleted(140)) - 1a766833-fcfc-4255-a382-49e3d560613d: Completed APPEND_ENTRIES, lastRequest: 48a67b91-f7be-40c9-a901-78f22c1148cd->1a766833-fcfc-4255-a382-49e3d560613d#1-t8,previous=(t:0, i:0),leaderCommit=0,initializing? true,entries: size=1, first=(t:8, i:0), CONFIGURATIONENTRY
2021-08-31 13:04:36,032 [48a67b91-f7be-40c9-a901-78f22c1148cd@group-137DB946C243-StateMachineUpdater] INFO  impl.StateMachineUpdater (StateMachineUpdater.java:takeSnapshot(281)) - 48a67b91-f7be-40c9-a901-78f22c1148cd@group-137DB946C243-StateMachineUpdater: Took a snapshot at index 0
2021-08-31 13:04:36,032 [48a67b91-f7be-40c9-a901-78f22c1148cd@group-137DB946C243-StateMachineUpdater] INFO  impl.StateMachineUpdater (StateMachineUpdater.java:lambda$new$0(89)) - 48a67b91-f7be-40c9-a901-78f22c1148cd@group-137DB946C243-StateMachineUpdater: snapshotIndex: updateIncreasingly -1 -> 0
2021-08-31 13:04:36,032 [org.apache.ratis.util.JvmPauseMonitor$$Lambda$532/1334813823@3a63d567] INFO  util.JvmPauseMonitor (JvmPauseMonitor.java:run(109)) - JvmPauseMonitor-824157db-23a7-404e-be12-869143e8adda: Stopped
2021-08-31 13:04:36,032 [Listener at 127.0.0.1/38495] INFO  server.RaftServer$Division (ServerState.java:close(419)) - 48a67b91-f7be-40c9-a901-78f22c1148cd@group-137DB946C243: closes. applyIndex: 0
2021-08-31 13:04:36,033 [48a67b91-f7be-40c9-a901-78f22c1148cd@group-137DB946C243-SegmentedRaftLogWorker] INFO  segmented.SegmentedRaftLogWorker (SegmentedRaftLogWorker.java:run(327)) - 48a67b91-f7be-40c9-a901-78f22c1148cd@group-137DB946C243-SegmentedRaftLogWorker was interrupted, exiting. There are 0 tasks remaining in the queue.
2021-08-31 13:04:36,034 [grpc-default-executor-3] INFO  server.GrpcLogAppender (GrpcLogAppender.java:onCompleted(344)) - 48a67b91-f7be-40c9-a901-78f22c1148cd@group-137DB946C243->1a766833-fcfc-4255-a382-49e3d560613d-AppendLogResponseHandler: follower responses appendEntries COMPLETED
2021-08-31 13:04:36,039 [grpc-default-executor-3] INFO  leader.FollowerInfo (FollowerInfoImpl.java:lambda$new$0(46)) - 48a67b91-f7be-40c9-a901-78f22c1148cd@group-137DB946C243->1a766833-fcfc-4255-a382-49e3d560613d: nextIndex: updateUnconditionally 1 -> 0
2021-08-31 13:04:36,040 [Listener at 127.0.0.1/38495] INFO  segmented.SegmentedRaftLogWorker (SegmentedRaftLogWorker.java:close(237)) - 48a67b91-f7be-40c9-a901-78f22c1148cd@group-137DB946C243-SegmentedRaftLogWorker close()
2021-08-31 13:04:36,049 [Listener at 127.0.0.1/38495] INFO  server.RaftServer$Division (RaftServerImpl.java:lambda$close$4(407)) - 48a67b91-f7be-40c9-a901-78f22c1148cd@group-ACFDA5E70BED: shutdown
2021-08-31 13:04:36,049 [Listener at 127.0.0.1/38495] INFO  util.JmxRegister (JmxRegister.java:unregister(73)) - Successfully un-registered JMX Bean with object name Ratis:service=RaftServer,group=group-ACFDA5E70BED,id=48a67b91-f7be-40c9-a901-78f22c1148cd
2021-08-31 13:04:36,049 [Listener at 127.0.0.1/38495] INFO  impl.RoleInfo (RoleInfo.java:shutdownFollowerState(108)) - 48a67b91-f7be-40c9-a901-78f22c1148cd: shutdown 48a67b91-f7be-40c9-a901-78f22c1148cd@group-ACFDA5E70BED-FollowerState
2021-08-31 13:04:36,049 [Listener at 127.0.0.1/38495] INFO  impl.StateMachineUpdater (StateMachineUpdater.java:stopAndJoin(149)) - 48a67b91-f7be-40c9-a901-78f22c1148cd@group-ACFDA5E70BED-StateMachineUpdater: set stopIndex = 0
2021-08-31 13:04:36,050 [48a67b91-f7be-40c9-a901-78f22c1148cd@group-ACFDA5E70BED-FollowerState] INFO  impl.FollowerState (FollowerState.java:run(143)) - 48a67b91-f7be-40c9-a901-78f22c1148cd@group-ACFDA5E70BED-FollowerState was interrupted: {}
java.lang.InterruptedException: sleep interrupted
	at java.lang.Thread.sleep(Native Method)
	at java.lang.Thread.sleep(Thread.java:340)
	at java.util.concurrent.TimeUnit.sleep(TimeUnit.java:386)
	at org.apache.ratis.util.TimeDuration.sleep(TimeDuration.java:324)
	at org.apache.ratis.util.TimeDuration.sleep(TimeDuration.java:309)
	at org.apache.ratis.server.impl.FollowerState.run(FollowerState.java:118)
2021-08-31 13:04:36,050 [48a67b91-f7be-40c9-a901-78f22c1148cd@group-ACFDA5E70BED-StateMachineUpdater] INFO  ratis.ContainerStateMachine (ContainerStateMachine.java:takeSnapshot(292)) - group-ACFDA5E70BED: Taking a snapshot at:(t:8, i:0) file /home/runner/work/ozone/ozone/hadoop-ozone/integration-test/target/test-dir/MiniOzoneClusterImpl-24712a27-71f7-429c-8ffb-97a1a53f740d/datanode-3/data/ratis/69658ea9-74a5-4dbd-93b4-acfda5e70bed/sm/snapshot.8_0
2021-08-31 13:04:36,055 [48a67b91-f7be-40c9-a901-78f22c1148cd@group-ACFDA5E70BED-StateMachineUpdater] INFO  ratis.ContainerStateMachine (ContainerStateMachine.java:takeSnapshot(303)) - group-ACFDA5E70BED: Finished taking a snapshot at:(t:8, i:0) file:/home/runner/work/ozone/ozone/hadoop-ozone/integration-test/target/test-dir/MiniOzoneClusterImpl-24712a27-71f7-429c-8ffb-97a1a53f740d/datanode-3/data/ratis/69658ea9-74a5-4dbd-93b4-acfda5e70bed/sm/snapshot.8_0 took: 5 ms
2021-08-31 13:04:36,055 [48a67b91-f7be-40c9-a901-78f22c1148cd@group-ACFDA5E70BED-StateMachineUpdater] INFO  impl.StateMachineUpdater (StateMachineUpdater.java:takeSnapshot(281)) - 48a67b91-f7be-40c9-a901-78f22c1148cd@group-ACFDA5E70BED-StateMachineUpdater: Took a snapshot at index 0
2021-08-31 13:04:36,055 [48a67b91-f7be-40c9-a901-78f22c1148cd@group-ACFDA5E70BED-StateMachineUpdater] INFO  impl.StateMachineUpdater (StateMachineUpdater.java:lambda$new$0(89)) - 48a67b91-f7be-40c9-a901-78f22c1148cd@group-ACFDA5E70BED-StateMachineUpdater: snapshotIndex: updateIncreasingly -1 -> 0
2021-08-31 13:04:36,055 [Listener at 127.0.0.1/38495] INFO  server.RaftServer$Division (ServerState.java:close(419)) - 48a67b91-f7be-40c9-a901-78f22c1148cd@group-ACFDA5E70BED: closes. applyIndex: 0
2021-08-31 13:04:36,056 [48a67b91-f7be-40c9-a901-78f22c1148cd@group-ACFDA5E70BED-SegmentedRaftLogWorker] INFO  segmented.SegmentedRaftLogWorker (SegmentedRaftLogWorker.java:run(327)) - 48a67b91-f7be-40c9-a901-78f22c1148cd@group-ACFDA5E70BED-SegmentedRaftLogWorker was interrupted, exiting. There are 0 tasks remaining in the queue.
2021-08-31 13:04:36,061 [ForkJoinPool.commonPool-worker-0] INFO  utils.BackgroundService (BackgroundService.java:shutdown(132)) - Shutting down service BlockDeletingService
2021-08-31 13:04:36,061 [Listener at 127.0.0.1/38495] INFO  segmented.SegmentedRaftLogWorker (SegmentedRaftLogWorker.java:close(237)) - 48a67b91-f7be-40c9-a901-78f22c1148cd@group-ACFDA5E70BED-SegmentedRaftLogWorker close()
2021-08-31 13:04:36,099 [Listener at 127.0.0.1/38495] INFO  server.RaftServer$Division (RaftServerImpl.java:lambda$close$4(407)) - 48a67b91-f7be-40c9-a901-78f22c1148cd@group-F070222AA2C9: shutdown
2021-08-31 13:04:36,099 [Listener at 127.0.0.1/38495] INFO  util.JmxRegister (JmxRegister.java:unregister(73)) - Successfully un-registered JMX Bean with object name Ratis:service=RaftServer,group=group-F070222AA2C9,id=48a67b91-f7be-40c9-a901-78f22c1148cd
2021-08-31 13:04:36,099 [Listener at 127.0.0.1/38495] INFO  impl.RoleInfo (RoleInfo.java:shutdownLeaderState(91)) - 48a67b91-f7be-40c9-a901-78f22c1148cd: shutdown 48a67b91-f7be-40c9-a901-78f22c1148cd@group-F070222AA2C9-LeaderStateImpl
2021-08-31 13:04:36,099 [Listener at 127.0.0.1/38495] INFO  impl.PendingRequests (PendingRequests.java:sendNotLeaderResponses(282)) - 48a67b91-f7be-40c9-a901-78f22c1148cd@group-F070222AA2C9-PendingRequests: sendNotLeaderResponses
2021-08-31 13:04:36,100 [Listener at 127.0.0.1/38495] INFO  impl.StateMachineUpdater (StateMachineUpdater.java:stopAndJoin(149)) - 48a67b91-f7be-40c9-a901-78f22c1148cd@group-F070222AA2C9-StateMachineUpdater: set stopIndex = 0
2021-08-31 13:04:36,100 [48a67b91-f7be-40c9-a901-78f22c1148cd@group-F070222AA2C9-StateMachineUpdater] INFO  ratis.ContainerStateMachine (ContainerStateMachine.java:takeSnapshot(292)) - group-F070222AA2C9: Taking a snapshot at:(t:1, i:0) file /home/runner/work/ozone/ozone/hadoop-ozone/integration-test/target/test-dir/MiniOzoneClusterImpl-24712a27-71f7-429c-8ffb-97a1a53f740d/datanode-3/data/ratis/ebcb69be-ca88-49e4-8400-f070222aa2c9/sm/snapshot.1_0
2021-08-31 13:04:36,101 [48a67b91-f7be-40c9-a901-78f22c1148cd@group-F070222AA2C9-StateMachineUpdater] INFO  ratis.ContainerStateMachine (ContainerStateMachine.java:takeSnapshot(303)) - group-F070222AA2C9: Finished taking a snapshot at:(t:1, i:0) file:/home/runner/work/ozone/ozone/hadoop-ozone/integration-test/target/test-dir/MiniOzoneClusterImpl-24712a27-71f7-429c-8ffb-97a1a53f740d/datanode-3/data/ratis/ebcb69be-ca88-49e4-8400-f070222aa2c9/sm/snapshot.1_0 took: 1 ms
2021-08-31 13:04:36,101 [48a67b91-f7be-40c9-a901-78f22c1148cd@group-F070222AA2C9-StateMachineUpdater] INFO  impl.StateMachineUpdater (StateMachineUpdater.java:takeSnapshot(281)) - 48a67b91-f7be-40c9-a901-78f22c1148cd@group-F070222AA2C9-StateMachineUpdater: Took a snapshot at index 0
2021-08-31 13:04:36,101 [48a67b91-f7be-40c9-a901-78f22c1148cd@group-F070222AA2C9-StateMachineUpdater] INFO  impl.StateMachineUpdater (StateMachineUpdater.java:lambda$new$0(89)) - 48a67b91-f7be-40c9-a901-78f22c1148cd@group-F070222AA2C9-StateMachineUpdater: snapshotIndex: updateIncreasingly -1 -> 0
2021-08-31 13:04:36,102 [Listener at 127.0.0.1/38495] INFO  server.RaftServer$Division (ServerState.java:close(419)) - 48a67b91-f7be-40c9-a901-78f22c1148cd@group-F070222AA2C9: closes. applyIndex: 0
2021-08-31 13:04:36,102 [48a67b91-f7be-40c9-a901-78f22c1148cd@group-F070222AA2C9-SegmentedRaftLogWorker] INFO  segmented.SegmentedRaftLogWorker (SegmentedRaftLogWorker.java:run(327)) - 48a67b91-f7be-40c9-a901-78f22c1148cd@group-F070222AA2C9-SegmentedRaftLogWorker was interrupted, exiting. There are 0 tasks remaining in the queue.
2021-08-31 13:04:36,102 [Listener at 127.0.0.1/38495] INFO  segmented.SegmentedRaftLogWorker (SegmentedRaftLogWorker.java:close(237)) - 48a67b91-f7be-40c9-a901-78f22c1148cd@group-F070222AA2C9-SegmentedRaftLogWorker close()
2021-08-31 13:04:36,103 [Listener at 127.0.0.1/38495] INFO  server.GrpcService (GrpcService.java:closeImpl(262)) - 48a67b91-f7be-40c9-a901-78f22c1148cd: shutdown server with port 46047 now
2021-08-31 13:04:36,124 [grpc-default-executor-0] WARN  server.GrpcServerProtocolService (LogUtils.java:warn(122)) - 48a67b91-f7be-40c9-a901-78f22c1148cd: installSnapshot onError, lastRequest: 1a766833-fcfc-4255-a382-49e3d560613d->48a67b91-f7be-40c9-a901-78f22c1148cd#1-t8,previous=(t:0, i:0),leaderCommit=0,initializing? true,entries: size=1, first=(t:8, i:0), CONFIGURATIONENTRY: org.apache.ratis.thirdparty.io.grpc.StatusRuntimeException: CANCELLED: client cancelled
2021-08-31 13:04:36,125 [grpc-default-executor-1] WARN  server.GrpcLogAppender (LogUtils.java:warn(122)) - 1a766833-fcfc-4255-a382-49e3d560613d@group-ACFDA5E70BED->48a67b91-f7be-40c9-a901-78f22c1148cd-AppendLogResponseHandler: Failed appendEntries: org.apache.ratis.thirdparty.io.grpc.StatusRuntimeException: CANCELLED: HTTP/2 error code: CANCEL
Received Rst Stream
2021-08-31 13:04:36,125 [grpc-default-executor-1] WARN  server.GrpcLogAppender (GrpcLogAppender.java:resetClient(111)) - 1a766833-fcfc-4255-a382-49e3d560613d@group-ACFDA5E70BED->48a67b91-f7be-40c9-a901-78f22c1148cd-GrpcLogAppender: Leader has not got in touch with Follower 1a766833-fcfc-4255-a382-49e3d560613d@group-ACFDA5E70BED->48a67b91-f7be-40c9-a901-78f22c1148cd(c0,m0,n1, attendVote=true, lastRpcSendTime=1754, lastRpcResponseTime=1749) yet, just keep nextIndex unchanged and retry.
2021-08-31 13:04:36,128 [Listener at 127.0.0.1/38495] INFO  server.GrpcService (GrpcService.java:closeImpl(271)) - 48a67b91-f7be-40c9-a901-78f22c1148cd: shutdown server with port 46047 successfully
2021-08-31 13:04:36,129 [org.apache.ratis.util.JvmPauseMonitor$$Lambda$532/1334813823@27df33c4] INFO  util.JvmPauseMonitor (JvmPauseMonitor.java:run(109)) - JvmPauseMonitor-48a67b91-f7be-40c9-a901-78f22c1148cd: Stopped
2021-08-31 13:04:36,129 [Listener at 127.0.0.1/38495] INFO  utils.BackgroundService (BackgroundService.java:shutdown(132)) - Shutting down service BlockDeletingService
2021-08-31 13:04:36,823 [grpc-default-executor-1] WARN  server.GrpcLogAppender (LogUtils.java:warn(122)) - 1a766833-fcfc-4255-a382-49e3d560613d@group-ACFDA5E70BED->c1e41c75-4b16-43e8-a71d-6e9134c212c3-AppendLogResponseHandler: Failed appendEntries: org.apache.ratis.thirdparty.io.grpc.StatusRuntimeException: UNAVAILABLE: io exception
2021-08-31 13:04:36,824 [grpc-default-executor-1] WARN  server.GrpcLogAppender (GrpcLogAppender.java:resetClient(111)) - 1a766833-fcfc-4255-a382-49e3d560613d@group-ACFDA5E70BED->c1e41c75-4b16-43e8-a71d-6e9134c212c3-GrpcLogAppender: Leader has not got in touch with Follower 1a766833-fcfc-4255-a382-49e3d560613d@group-ACFDA5E70BED->c1e41c75-4b16-43e8-a71d-6e9134c212c3(c-1,m0,n1, attendVote=true, lastRpcSendTime=0, lastRpcResponseTime=12767) yet, just keep nextIndex unchanged and retry.
2021-08-31 13:04:36,884 [grpc-default-executor-3] WARN  server.GrpcLogAppender (LogUtils.java:warn(122)) - 1a766833-fcfc-4255-a382-49e3d560613d@group-ACFDA5E70BED->48a67b91-f7be-40c9-a901-78f22c1148cd-AppendLogResponseHandler: Failed appendEntries: org.apache.ratis.thirdparty.io.grpc.StatusRuntimeException: UNAVAILABLE: io exception
2021-08-31 13:04:36,885 [grpc-default-executor-3] WARN  server.GrpcLogAppender (GrpcLogAppender.java:resetClient(111)) - 1a766833-fcfc-4255-a382-49e3d560613d@group-ACFDA5E70BED->48a67b91-f7be-40c9-a901-78f22c1148cd-GrpcLogAppender: Leader has not got in touch with Follower 1a766833-fcfc-4255-a382-49e3d560613d@group-ACFDA5E70BED->48a67b91-f7be-40c9-a901-78f22c1148cd(c0,m0,n1, attendVote=true, lastRpcSendTime=1, lastRpcResponseTime=2509) yet, just keep nextIndex unchanged and retry.
2021-08-31 13:04:39,104 [ForkJoinPool.commonPool-worker-0] INFO  statemachine.DatanodeStateMachine (DatanodeStateMachine.java:stopDaemon(515)) - Ozone container server stopped.
2021-08-31 13:04:39,109 [ForkJoinPool.commonPool-worker-0] INFO  handler.ContextHandler (ContextHandler.java:doStop(1153)) - Stopped o.e.j.w.WebAppContext@679e391f{hddsDatanode,/,null,STOPPED}{jar:file:/home/runner/.m2/repository/org/apache/ozone/hdds-container-service/1.2.0-SNAPSHOT/hdds-container-service-1.2.0-SNAPSHOT.jar!/webapps/hddsDatanode}
2021-08-31 13:04:39,123 [ForkJoinPool.commonPool-worker-0] INFO  server.AbstractConnector (AbstractConnector.java:doStop(381)) - Stopped ServerConnector@15224f44{HTTP/1.1, (http/1.1)}{0.0.0.0:0}
2021-08-31 13:04:39,123 [ForkJoinPool.commonPool-worker-0] INFO  server.session (HouseKeeper.java:stopScavenging(149)) - node0 Stopped scavenging
2021-08-31 13:04:39,127 [ForkJoinPool.commonPool-worker-0] INFO  handler.ContextHandler (ContextHandler.java:doStop(1153)) - Stopped o.e.j.s.ServletContextHandler@257f9460{static,/static,jar:file:/home/runner/.m2/repository/org/apache/ozone/hdds-container-service/1.2.0-SNAPSHOT/hdds-container-service-1.2.0-SNAPSHOT.jar!/webapps/static,STOPPED}
2021-08-31 13:04:39,128 [ForkJoinPool.commonPool-worker-0] INFO  handler.ContextHandler (ContextHandler.java:doStop(1153)) - Stopped o.e.j.s.ServletContextHandler@44e72ecc{logs,/logs,file:///home/runner/work/ozone/ozone/hadoop-ozone/integration-test/target/log,STOPPED}
2021-08-31 13:04:39,182 [Listener at 127.0.0.1/38495] INFO  statemachine.DatanodeStateMachine (DatanodeStateMachine.java:stopDaemon(515)) - Ozone container server stopped.
2021-08-31 13:04:39,184 [Listener at 127.0.0.1/38495] INFO  handler.ContextHandler (ContextHandler.java:doStop(1153)) - Stopped o.e.j.w.WebAppContext@112bdc9c{hddsDatanode,/,null,STOPPED}{jar:file:/home/runner/.m2/repository/org/apache/ozone/hdds-container-service/1.2.0-SNAPSHOT/hdds-container-service-1.2.0-SNAPSHOT.jar!/webapps/hddsDatanode}
2021-08-31 13:04:39,185 [Listener at 127.0.0.1/38495] INFO  server.AbstractConnector (AbstractConnector.java:doStop(381)) - Stopped ServerConnector@2b300240{HTTP/1.1, (http/1.1)}{0.0.0.0:0}
2021-08-31 13:04:39,185 [Listener at 127.0.0.1/38495] INFO  server.session (HouseKeeper.java:stopScavenging(149)) - node0 Stopped scavenging
2021-08-31 13:04:39,186 [Listener at 127.0.0.1/38495] INFO  handler.ContextHandler (ContextHandler.java:doStop(1153)) - Stopped o.e.j.s.ServletContextHandler@3c621780{static,/static,jar:file:/home/runner/.m2/repository/org/apache/ozone/hdds-container-service/1.2.0-SNAPSHOT/hdds-container-service-1.2.0-SNAPSHOT.jar!/webapps/static,STOPPED}
2021-08-31 13:04:39,186 [Listener at 127.0.0.1/38495] INFO  handler.ContextHandler (ContextHandler.java:doStop(1153)) - Stopped o.e.j.s.ServletContextHandler@780f9d6d{logs,/logs,file:///home/runner/work/ozone/ozone/hadoop-ozone/integration-test/target/log,STOPPED}
2021-08-31 13:04:39,267 [Datanode State Machine Thread - 0] INFO  statemachine.DatanodeStateMachine (DatanodeStateMachine.java:lambda$startDaemon$0(457)) - Ozone container server started.
2021-08-31 13:04:39,327 [grpc-default-executor-3] WARN  server.GrpcLogAppender (LogUtils.java:warn(122)) - 1a766833-fcfc-4255-a382-49e3d560613d@group-ACFDA5E70BED->c1e41c75-4b16-43e8-a71d-6e9134c212c3-AppendLogResponseHandler: Failed appendEntries: org.apache.ratis.thirdparty.io.grpc.StatusRuntimeException: UNAVAILABLE: io exception
2021-08-31 13:04:39,328 [grpc-default-executor-3] WARN  server.GrpcLogAppender (GrpcLogAppender.java:resetClient(111)) - 1a766833-fcfc-4255-a382-49e3d560613d@group-ACFDA5E70BED->c1e41c75-4b16-43e8-a71d-6e9134c212c3-GrpcLogAppender: Leader has not got in touch with Follower 1a766833-fcfc-4255-a382-49e3d560613d@group-ACFDA5E70BED->c1e41c75-4b16-43e8-a71d-6e9134c212c3(c-1,m0,n1, attendVote=true, lastRpcSendTime=2504, lastRpcResponseTime=15271) yet, just keep nextIndex unchanged and retry.
2021-08-31 13:04:39,388 [grpc-default-executor-3] WARN  server.GrpcLogAppender (LogUtils.java:warn(122)) - 1a766833-fcfc-4255-a382-49e3d560613d@group-ACFDA5E70BED->48a67b91-f7be-40c9-a901-78f22c1148cd-AppendLogResponseHandler: Failed appendEntries: org.apache.ratis.thirdparty.io.grpc.StatusRuntimeException: UNAVAILABLE: io exception
2021-08-31 13:04:39,389 [grpc-default-executor-3] WARN  server.GrpcLogAppender (GrpcLogAppender.java:resetClient(111)) - 1a766833-fcfc-4255-a382-49e3d560613d@group-ACFDA5E70BED->48a67b91-f7be-40c9-a901-78f22c1148cd-GrpcLogAppender: Leader has not got in touch with Follower 1a766833-fcfc-4255-a382-49e3d560613d@group-ACFDA5E70BED->48a67b91-f7be-40c9-a901-78f22c1148cd(c0,m0,n1, attendVote=true, lastRpcSendTime=0, lastRpcResponseTime=5013) yet, just keep nextIndex unchanged and retry.
2021-08-31 13:04:39,697 [1a766833-fcfc-4255-a382-49e3d560613d@group-ACFDA5E70BED-LeaderStateImpl] WARN  server.RaftServer$Division (LeaderStateImpl.java:checkLeadership(944)) - 1a766833-fcfc-4255-a382-49e3d560613d@group-ACFDA5E70BED-LeaderStateImpl: Lost leadership on term: 8. Election timeout: 5200ms. In charge for: 10441ms. Conf: 0: [1a766833-fcfc-4255-a382-49e3d560613d|rpc:10.1.0.6:42143|dataStream:|priority:1, 48a67b91-f7be-40c9-a901-78f22c1148cd|rpc:10.1.0.6:46047|dataStream:|priority:0, c1e41c75-4b16-43e8-a71d-6e9134c212c3|rpc:10.1.0.6:40007|dataStream:|priority:0], old=null
2021-08-31 13:04:39,697 [1a766833-fcfc-4255-a382-49e3d560613d@group-ACFDA5E70BED-LeaderStateImpl] WARN  server.RaftServer$Division (LeaderStateImpl.java:lambda$checkLeadership$15(948)) - Follower 1a766833-fcfc-4255-a382-49e3d560613d@group-ACFDA5E70BED->48a67b91-f7be-40c9-a901-78f22c1148cd(c0,m0,n1, attendVote=true, lastRpcSendTime=309, lastRpcResponseTime=5321)
2021-08-31 13:04:39,697 [1a766833-fcfc-4255-a382-49e3d560613d@group-ACFDA5E70BED-LeaderStateImpl] WARN  server.RaftServer$Division (LeaderStateImpl.java:lambda$checkLeadership$15(948)) - Follower 1a766833-fcfc-4255-a382-49e3d560613d@group-ACFDA5E70BED->c1e41c75-4b16-43e8-a71d-6e9134c212c3(c-1,m0,n1, attendVote=true, lastRpcSendTime=368, lastRpcResponseTime=15640)
2021-08-31 13:04:39,697 [1a766833-fcfc-4255-a382-49e3d560613d@group-ACFDA5E70BED-LeaderStateImpl] INFO  server.RaftServer$Division (RaftServerImpl.java:setRole(285)) - 1a766833-fcfc-4255-a382-49e3d560613d@group-ACFDA5E70BED: changes role from    LEADER to FOLLOWER at term 8 for StepDownReason:LOST_MAJORITY_HEARTBEATS
2021-08-31 13:04:39,697 [1a766833-fcfc-4255-a382-49e3d560613d@group-ACFDA5E70BED-LeaderStateImpl] INFO  impl.RoleInfo (RoleInfo.java:shutdownLeaderState(91)) - 1a766833-fcfc-4255-a382-49e3d560613d: shutdown 1a766833-fcfc-4255-a382-49e3d560613d@group-ACFDA5E70BED-LeaderStateImpl
2021-08-31 13:04:39,697 [1a766833-fcfc-4255-a382-49e3d560613d@group-ACFDA5E70BED-LeaderStateImpl] INFO  impl.PendingRequests (PendingRequests.java:sendNotLeaderResponses(282)) - 1a766833-fcfc-4255-a382-49e3d560613d@group-ACFDA5E70BED-PendingRequests: sendNotLeaderResponses
2021-08-31 13:04:39,698 [1a766833-fcfc-4255-a382-49e3d560613d@group-ACFDA5E70BED-LeaderStateImpl] INFO  impl.RoleInfo (RoleInfo.java:updateAndGet(130)) - 1a766833-fcfc-4255-a382-49e3d560613d: start 1a766833-fcfc-4255-a382-49e3d560613d@group-ACFDA5E70BED-FollowerState
2021-08-31 13:04:40,170 [EventQueue-StaleNodeForStaleNodeHandler] INFO  node.StaleNodeHandler (StaleNodeHandler.java:onMessage(58)) - Datanode 48a67b91-f7be-40c9-a901-78f22c1148cd{ip: 10.1.0.6, host: fv-az151-142, ports: [REPLICATION=45143, RATIS=46047, RATIS_ADMIN=46047, RATIS_SERVER=46047, STANDALONE=35791], networkLocation: /default-rack, certSerialId: null, persistedOpState: IN_SERVICE, persistedOpStateExpiryEpochSec: 0} moved to stale state. Finalizing its pipelines [PipelineID=6e23b98f-af44-4730-81c6-137db946c243, PipelineID=69658ea9-74a5-4dbd-93b4-acfda5e70bed, PipelineID=ebcb69be-ca88-49e4-8400-f070222aa2c9]
2021-08-31 13:04:40,171 [EventQueue-StaleNodeForStaleNodeHandler] INFO  pipeline.PipelineManagerImpl (PipelineManagerImpl.java:closePipeline(342)) - Pipeline Pipeline[ Id: ebcb69be-ca88-49e4-8400-f070222aa2c9, Nodes: 48a67b91-f7be-40c9-a901-78f22c1148cd{ip: 10.1.0.6, host: fv-az151-142, ports: [REPLICATION=45143, RATIS=46047, RATIS_ADMIN=46047, RATIS_SERVER=46047, STANDALONE=35791], networkLocation: /default-rack, certSerialId: null, persistedOpState: IN_SERVICE, persistedOpStateExpiryEpochSec: 0}, ReplicationConfig: RATIS/ONE, State:OPEN, leaderId:48a67b91-f7be-40c9-a901-78f22c1148cd, CreationTimestamp2021-08-31T13:03:45.054Z[Etc/UTC]] moved to CLOSED state
2021-08-31 13:04:40,871 [EventQueue-StaleNodeForStaleNodeHandler] INFO  node.StaleNodeHandler (StaleNodeHandler.java:onMessage(58)) - Datanode 824157db-23a7-404e-be12-869143e8adda{ip: 10.1.0.6, host: fv-az151-142, ports: [REPLICATION=40363, RATIS=33221, RATIS_ADMIN=33221, RATIS_SERVER=33221, STANDALONE=39145], networkLocation: /default-rack, certSerialId: null, persistedOpState: IN_SERVICE, persistedOpStateExpiryEpochSec: 0} moved to stale state. Finalizing its pipelines [PipelineID=0ba0ef12-4c24-414b-ac07-db6d28cd4af5]
2021-08-31 13:04:40,872 [EventQueue-StaleNodeForStaleNodeHandler] INFO  pipeline.PipelineManagerImpl (PipelineManagerImpl.java:closePipeline(342)) - Pipeline Pipeline[ Id: 0ba0ef12-4c24-414b-ac07-db6d28cd4af5, Nodes: 824157db-23a7-404e-be12-869143e8adda{ip: 10.1.0.6, host: fv-az151-142, ports: [REPLICATION=40363, RATIS=33221, RATIS_ADMIN=33221, RATIS_SERVER=33221, STANDALONE=39145], networkLocation: /default-rack, certSerialId: null, persistedOpState: IN_SERVICE, persistedOpStateExpiryEpochSec: 0}, ReplicationConfig: RATIS/ONE, State:OPEN, leaderId:824157db-23a7-404e-be12-869143e8adda, CreationTimestamp2021-08-31T13:03:45.660Z[Etc/UTC]] moved to CLOSED state
2021-08-31 13:04:42,480 [EventQueue-DeadNodeForDeadNodeHandler] INFO  node.DeadNodeHandler (DeadNodeHandler.java:onMessage(80)) - A dead datanode is detected. c1e41c75-4b16-43e8-a71d-6e9134c212c3{ip: 10.1.0.6, host: fv-az151-142, ports: [REPLICATION=33139, RATIS=40007, RATIS_ADMIN=40007, RATIS_SERVER=40007, STANDALONE=45113], networkLocation: /default-rack, certSerialId: null, persistedOpState: IN_SERVICE, persistedOpStateExpiryEpochSec: 0}
2021-08-31 13:04:42,481 [EventQueue-DeadNodeForDeadNodeHandler] INFO  pipeline.RatisPipelineProvider (RatisPipelineProvider.java:lambda$close$1(222)) - Send pipeline:PipelineID=d781a6dc-ac9c-42c3-b345-f061a452fca2 close command to datanode c1e41c75-4b16-43e8-a71d-6e9134c212c3
2021-08-31 13:04:42,481 [EventQueue-DeadNodeForDeadNodeHandler] INFO  pipeline.PipelineStateManager (PipelineStateManagerV2Impl.java:removePipeline(211)) - Pipeline Pipeline[ Id: d781a6dc-ac9c-42c3-b345-f061a452fca2, Nodes: c1e41c75-4b16-43e8-a71d-6e9134c212c3{ip: 10.1.0.6, host: fv-az151-142, ports: [REPLICATION=33139, RATIS=40007, RATIS_ADMIN=40007, RATIS_SERVER=40007, STANDALONE=45113], networkLocation: /default-rack, certSerialId: null, persistedOpState: IN_SERVICE, persistedOpStateExpiryEpochSec: 0}, ReplicationConfig: RATIS/ONE, State:CLOSED, leaderId:c1e41c75-4b16-43e8-a71d-6e9134c212c3, CreationTimestamp2021-08-31T13:03:45.255Z[Etc/UTC]] removed.
2021-08-31 13:04:42,481 [EventQueue-DeadNodeForDeadNodeHandler] INFO  pipeline.RatisPipelineProvider (RatisPipelineProvider.java:lambda$close$1(222)) - Send pipeline:PipelineID=6e23b98f-af44-4730-81c6-137db946c243 close command to datanode 48a67b91-f7be-40c9-a901-78f22c1148cd
2021-08-31 13:04:42,481 [EventQueue-DeadNodeForDeadNodeHandler] INFO  pipeline.RatisPipelineProvider (RatisPipelineProvider.java:lambda$close$1(222)) - Send pipeline:PipelineID=6e23b98f-af44-4730-81c6-137db946c243 close command to datanode 1a766833-fcfc-4255-a382-49e3d560613d
2021-08-31 13:04:42,481 [EventQueue-DeadNodeForDeadNodeHandler] INFO  pipeline.RatisPipelineProvider (RatisPipelineProvider.java:lambda$close$1(222)) - Send pipeline:PipelineID=6e23b98f-af44-4730-81c6-137db946c243 close command to datanode c1e41c75-4b16-43e8-a71d-6e9134c212c3
2021-08-31 13:04:42,481 [EventQueue-DeadNodeForDeadNodeHandler] INFO  pipeline.PipelineStateManager (PipelineStateManagerV2Impl.java:removePipeline(211)) - Pipeline Pipeline[ Id: 6e23b98f-af44-4730-81c6-137db946c243, Nodes: 48a67b91-f7be-40c9-a901-78f22c1148cd{ip: 10.1.0.6, host: fv-az151-142, ports: [REPLICATION=45143, RATIS=46047, RATIS_ADMIN=46047, RATIS_SERVER=46047, STANDALONE=35791], networkLocation: /default-rack, certSerialId: null, persistedOpState: IN_SERVICE, persistedOpStateExpiryEpochSec: 0}1a766833-fcfc-4255-a382-49e3d560613d{ip: 10.1.0.6, host: fv-az151-142, ports: [REPLICATION=42713, RATIS=42143, RATIS_ADMIN=42143, RATIS_SERVER=42143, STANDALONE=45095], networkLocation: /default-rack, certSerialId: null, persistedOpState: IN_SERVICE, persistedOpStateExpiryEpochSec: 0}c1e41c75-4b16-43e8-a71d-6e9134c212c3{ip: 10.1.0.6, host: fv-az151-142, ports: [REPLICATION=33139, RATIS=40007, RATIS_ADMIN=40007, RATIS_SERVER=40007, STANDALONE=45113], networkLocation: /default-rack, certSerialId: null, persistedOpState: IN_SERVICE, persistedOpStateExpiryEpochSec: 0}, ReplicationConfig: RATIS/THREE, State:CLOSED, leaderId:48a67b91-f7be-40c9-a901-78f22c1148cd, CreationTimestamp2021-08-31T13:03:45.455Z[Etc/UTC]] removed.
2021-08-31 13:04:42,481 [EventQueue-DeadNodeForDeadNodeHandler] INFO  pipeline.RatisPipelineProvider (RatisPipelineProvider.java:lambda$close$1(222)) - Send pipeline:PipelineID=69658ea9-74a5-4dbd-93b4-acfda5e70bed close command to datanode 48a67b91-f7be-40c9-a901-78f22c1148cd
2021-08-31 13:04:42,481 [EventQueue-DeadNodeForDeadNodeHandler] INFO  pipeline.RatisPipelineProvider (RatisPipelineProvider.java:lambda$close$1(222)) - Send pipeline:PipelineID=69658ea9-74a5-4dbd-93b4-acfda5e70bed close command to datanode c1e41c75-4b16-43e8-a71d-6e9134c212c3
2021-08-31 13:04:42,482 [EventQueue-DeadNodeForDeadNodeHandler] INFO  pipeline.RatisPipelineProvider (RatisPipelineProvider.java:lambda$close$1(222)) - Send pipeline:PipelineID=69658ea9-74a5-4dbd-93b4-acfda5e70bed close command to datanode 1a766833-fcfc-4255-a382-49e3d560613d
2021-08-31 13:04:42,482 [EventQueue-DeadNodeForDeadNodeHandler] INFO  pipeline.PipelineStateManager (PipelineStateManagerV2Impl.java:removePipeline(211)) - Pipeline Pipeline[ Id: 69658ea9-74a5-4dbd-93b4-acfda5e70bed, Nodes: 48a67b91-f7be-40c9-a901-78f22c1148cd{ip: 10.1.0.6, host: fv-az151-142, ports: [REPLICATION=45143, RATIS=46047, RATIS_ADMIN=46047, RATIS_SERVER=46047, STANDALONE=35791], networkLocation: /default-rack, certSerialId: null, persistedOpState: IN_SERVICE, persistedOpStateExpiryEpochSec: 0}c1e41c75-4b16-43e8-a71d-6e9134c212c3{ip: 10.1.0.6, host: fv-az151-142, ports: [REPLICATION=33139, RATIS=40007, RATIS_ADMIN=40007, RATIS_SERVER=40007, STANDALONE=45113], networkLocation: /default-rack, certSerialId: null, persistedOpState: IN_SERVICE, persistedOpStateExpiryEpochSec: 0}1a766833-fcfc-4255-a382-49e3d560613d{ip: 10.1.0.6, host: fv-az151-142, ports: [REPLICATION=42713, RATIS=42143, RATIS_ADMIN=42143, RATIS_SERVER=42143, STANDALONE=45095], networkLocation: /default-rack, certSerialId: null, persistedOpState: IN_SERVICE, persistedOpStateExpiryEpochSec: 0}, ReplicationConfig: RATIS/THREE, State:CLOSED, leaderId:1a766833-fcfc-4255-a382-49e3d560613d, CreationTimestamp2021-08-31T13:03:45.453Z[Etc/UTC]] removed.
2021-08-31 13:04:42,482 [EventQueue-DeadNodeForDeadNodeHandler] INFO  net.NetworkTopologyImpl (NetworkTopologyImpl.java:remove(137)) - Removed a node: /default-rack/c1e41c75-4b16-43e8-a71d-6e9134c212c3
2021-08-31 13:04:42,781 [EventQueue-DeadNodeForDeadNodeHandler] INFO  node.DeadNodeHandler (DeadNodeHandler.java:onMessage(80)) - A dead datanode is detected. 41b49504-2605-44a7-8135-9defd08b62b0{ip: 10.1.0.6, host: fv-az151-142, ports: [REPLICATION=40545, RATIS=41505, RATIS_ADMIN=41505, RATIS_SERVER=41505, STANDALONE=40967], networkLocation: /default-rack, certSerialId: null, persistedOpState: IN_SERVICE, persistedOpStateExpiryEpochSec: 0}
2021-08-31 13:04:42,781 [EventQueue-DeadNodeForDeadNodeHandler] INFO  pipeline.RatisPipelineProvider (RatisPipelineProvider.java:lambda$close$1(222)) - Send pipeline:PipelineID=6bf4df38-77f8-4bb7-8929-a01f34cd1956 close command to datanode 41b49504-2605-44a7-8135-9defd08b62b0
2021-08-31 13:04:42,781 [EventQueue-DeadNodeForDeadNodeHandler] INFO  pipeline.PipelineStateManager (PipelineStateManagerV2Impl.java:removePipeline(211)) - Pipeline Pipeline[ Id: 6bf4df38-77f8-4bb7-8929-a01f34cd1956, Nodes: 41b49504-2605-44a7-8135-9defd08b62b0{ip: 10.1.0.6, host: fv-az151-142, ports: [REPLICATION=40545, RATIS=41505, RATIS_ADMIN=41505, RATIS_SERVER=41505, STANDALONE=40967], networkLocation: /default-rack, certSerialId: null, persistedOpState: IN_SERVICE, persistedOpStateExpiryEpochSec: 0}, ReplicationConfig: RATIS/ONE, State:CLOSED, leaderId:41b49504-2605-44a7-8135-9defd08b62b0, CreationTimestamp2021-08-31T13:03:44.868Z[Etc/UTC]] removed.
2021-08-31 13:04:42,782 [EventQueue-DeadNodeForDeadNodeHandler] INFO  net.NetworkTopologyImpl (NetworkTopologyImpl.java:remove(137)) - Removed a node: /default-rack/41b49504-2605-44a7-8135-9defd08b62b0
2021-08-31 13:04:44,136 [ForkJoinPool.commonPool-worker-0] INFO  ozoneimpl.OzoneContainer (OzoneContainer.java:stop(326)) - Attempting to stop container services.
2021-08-31 13:04:44,137 [ForkJoinPool.commonPool-worker-0] INFO  server.RaftServer (RaftServerProxy.java:lambda$close$6(391)) - 1a766833-fcfc-4255-a382-49e3d560613d: close
2021-08-31 13:04:44,137 [ForkJoinPool.commonPool-worker-0] INFO  server.RaftServer$Division (RaftServerImpl.java:lambda$close$4(407)) - 1a766833-fcfc-4255-a382-49e3d560613d@group-137DB946C243: shutdown
2021-08-31 13:04:44,138 [ForkJoinPool.commonPool-worker-0] INFO  util.JmxRegister (JmxRegister.java:unregister(73)) - Successfully un-registered JMX Bean with object name Ratis:service=RaftServer,group=group-137DB946C243,id=1a766833-fcfc-4255-a382-49e3d560613d
2021-08-31 13:04:44,138 [ForkJoinPool.commonPool-worker-0] INFO  impl.RoleInfo (RoleInfo.java:shutdownFollowerState(108)) - 1a766833-fcfc-4255-a382-49e3d560613d: shutdown 1a766833-fcfc-4255-a382-49e3d560613d@group-137DB946C243-FollowerState
2021-08-31 13:04:44,138 [ForkJoinPool.commonPool-worker-0] INFO  impl.StateMachineUpdater (StateMachineUpdater.java:stopAndJoin(149)) - 1a766833-fcfc-4255-a382-49e3d560613d@group-137DB946C243-StateMachineUpdater: set stopIndex = 0
2021-08-31 13:04:44,138 [1a766833-fcfc-4255-a382-49e3d560613d@group-137DB946C243-FollowerState] INFO  impl.FollowerState (FollowerState.java:run(143)) - 1a766833-fcfc-4255-a382-49e3d560613d@group-137DB946C243-FollowerState was interrupted: {}
java.lang.InterruptedException: sleep interrupted
	at java.lang.Thread.sleep(Native Method)
	at java.lang.Thread.sleep(Thread.java:340)
	at java.util.concurrent.TimeUnit.sleep(TimeUnit.java:386)
	at org.apache.ratis.util.TimeDuration.sleep(TimeDuration.java:324)
	at org.apache.ratis.util.TimeDuration.sleep(TimeDuration.java:309)
	at org.apache.ratis.server.impl.FollowerState.run(FollowerState.java:118)
2021-08-31 13:04:44,138 [1a766833-fcfc-4255-a382-49e3d560613d@group-137DB946C243-StateMachineUpdater] INFO  ratis.ContainerStateMachine (ContainerStateMachine.java:takeSnapshot(292)) - group-137DB946C243: Taking a snapshot at:(t:8, i:0) file /home/runner/work/ozone/ozone/hadoop-ozone/integration-test/target/test-dir/MiniOzoneClusterImpl-24712a27-71f7-429c-8ffb-97a1a53f740d/datanode-5/data/ratis/6e23b98f-af44-4730-81c6-137db946c243/sm/snapshot.8_0
2021-08-31 13:04:44,140 [1a766833-fcfc-4255-a382-49e3d560613d@group-137DB946C243-StateMachineUpdater] INFO  ratis.ContainerStateMachine (ContainerStateMachine.java:takeSnapshot(303)) - group-137DB946C243: Finished taking a snapshot at:(t:8, i:0) file:/home/runner/work/ozone/ozone/hadoop-ozone/integration-test/target/test-dir/MiniOzoneClusterImpl-24712a27-71f7-429c-8ffb-97a1a53f740d/datanode-5/data/ratis/6e23b98f-af44-4730-81c6-137db946c243/sm/snapshot.8_0 took: 1 ms
2021-08-31 13:04:44,140 [1a766833-fcfc-4255-a382-49e3d560613d@group-137DB946C243-StateMachineUpdater] INFO  impl.StateMachineUpdater (StateMachineUpdater.java:takeSnapshot(281)) - 1a766833-fcfc-4255-a382-49e3d560613d@group-137DB946C243-StateMachineUpdater: Took a snapshot at index 0
2021-08-31 13:04:44,140 [1a766833-fcfc-4255-a382-49e3d560613d@group-137DB946C243-StateMachineUpdater] INFO  impl.StateMachineUpdater (StateMachineUpdater.java:lambda$new$0(89)) - 1a766833-fcfc-4255-a382-49e3d560613d@group-137DB946C243-StateMachineUpdater: snapshotIndex: updateIncreasingly -1 -> 0
2021-08-31 13:04:44,140 [ForkJoinPool.commonPool-worker-0] INFO  server.RaftServer$Division (ServerState.java:close(419)) - 1a766833-fcfc-4255-a382-49e3d560613d@group-137DB946C243: closes. applyIndex: 0
2021-08-31 13:04:44,140 [1a766833-fcfc-4255-a382-49e3d560613d@group-137DB946C243-SegmentedRaftLogWorker] INFO  segmented.SegmentedRaftLogWorker (SegmentedRaftLogWorker.java:run(327)) - 1a766833-fcfc-4255-a382-49e3d560613d@group-137DB946C243-SegmentedRaftLogWorker was interrupted, exiting. There are 0 tasks remaining in the queue.
2021-08-31 13:04:44,141 [ForkJoinPool.commonPool-worker-0] INFO  segmented.SegmentedRaftLogWorker (SegmentedRaftLogWorker.java:close(237)) - 1a766833-fcfc-4255-a382-49e3d560613d@group-137DB946C243-SegmentedRaftLogWorker close()
2021-08-31 13:04:44,142 [ForkJoinPool.commonPool-worker-0] INFO  server.RaftServer$Division (RaftServerImpl.java:lambda$close$4(407)) - 1a766833-fcfc-4255-a382-49e3d560613d@group-ACFDA5E70BED: shutdown
2021-08-31 13:04:44,143 [ForkJoinPool.commonPool-worker-0] INFO  util.JmxRegister (JmxRegister.java:unregister(73)) - Successfully un-registered JMX Bean with object name Ratis:service=RaftServer,group=group-ACFDA5E70BED,id=1a766833-fcfc-4255-a382-49e3d560613d
2021-08-31 13:04:44,143 [ForkJoinPool.commonPool-worker-0] INFO  impl.RoleInfo (RoleInfo.java:shutdownFollowerState(108)) - 1a766833-fcfc-4255-a382-49e3d560613d: shutdown 1a766833-fcfc-4255-a382-49e3d560613d@group-ACFDA5E70BED-FollowerState
2021-08-31 13:04:44,143 [ForkJoinPool.commonPool-worker-0] INFO  impl.StateMachineUpdater (StateMachineUpdater.java:stopAndJoin(149)) - 1a766833-fcfc-4255-a382-49e3d560613d@group-ACFDA5E70BED-StateMachineUpdater: set stopIndex = 0
2021-08-31 13:04:44,143 [1a766833-fcfc-4255-a382-49e3d560613d@group-ACFDA5E70BED-FollowerState] INFO  impl.FollowerState (FollowerState.java:run(143)) - 1a766833-fcfc-4255-a382-49e3d560613d@group-ACFDA5E70BED-FollowerState was interrupted: {}
java.lang.InterruptedException: sleep interrupted
	at java.lang.Thread.sleep(Native Method)
	at java.lang.Thread.sleep(Thread.java:340)
	at java.util.concurrent.TimeUnit.sleep(TimeUnit.java:386)
	at org.apache.ratis.util.TimeDuration.sleep(TimeDuration.java:324)
	at org.apache.ratis.util.TimeDuration.sleep(TimeDuration.java:309)
	at org.apache.ratis.server.impl.FollowerState.run(FollowerState.java:118)
2021-08-31 13:04:44,143 [1a766833-fcfc-4255-a382-49e3d560613d@group-ACFDA5E70BED-StateMachineUpdater] INFO  ratis.ContainerStateMachine (ContainerStateMachine.java:takeSnapshot(292)) - group-ACFDA5E70BED: Taking a snapshot at:(t:8, i:0) file /home/runner/work/ozone/ozone/hadoop-ozone/integration-test/target/test-dir/MiniOzoneClusterImpl-24712a27-71f7-429c-8ffb-97a1a53f740d/datanode-5/data/ratis/69658ea9-74a5-4dbd-93b4-acfda5e70bed/sm/snapshot.8_0
2021-08-31 13:04:44,144 [1a766833-fcfc-4255-a382-49e3d560613d@group-ACFDA5E70BED-StateMachineUpdater] INFO  ratis.ContainerStateMachine (ContainerStateMachine.java:takeSnapshot(303)) - group-ACFDA5E70BED: Finished taking a snapshot at:(t:8, i:0) file:/home/runner/work/ozone/ozone/hadoop-ozone/integration-test/target/test-dir/MiniOzoneClusterImpl-24712a27-71f7-429c-8ffb-97a1a53f740d/datanode-5/data/ratis/69658ea9-74a5-4dbd-93b4-acfda5e70bed/sm/snapshot.8_0 took: 1 ms
2021-08-31 13:04:44,144 [1a766833-fcfc-4255-a382-49e3d560613d@group-ACFDA5E70BED-StateMachineUpdater] INFO  impl.StateMachineUpdater (StateMachineUpdater.java:takeSnapshot(281)) - 1a766833-fcfc-4255-a382-49e3d560613d@group-ACFDA5E70BED-StateMachineUpdater: Took a snapshot at index 0
2021-08-31 13:04:44,144 [1a766833-fcfc-4255-a382-49e3d560613d@group-ACFDA5E70BED-StateMachineUpdater] INFO  impl.StateMachineUpdater (StateMachineUpdater.java:lambda$new$0(89)) - 1a766833-fcfc-4255-a382-49e3d560613d@group-ACFDA5E70BED-StateMachineUpdater: snapshotIndex: updateIncreasingly -1 -> 0
2021-08-31 13:04:44,150 [ForkJoinPool.commonPool-worker-0] INFO  server.RaftServer$Division (ServerState.java:close(419)) - 1a766833-fcfc-4255-a382-49e3d560613d@group-ACFDA5E70BED: closes. applyIndex: 0
2021-08-31 13:04:44,150 [1a766833-fcfc-4255-a382-49e3d560613d@group-ACFDA5E70BED-SegmentedRaftLogWorker] INFO  segmented.SegmentedRaftLogWorker (SegmentedRaftLogWorker.java:run(327)) - 1a766833-fcfc-4255-a382-49e3d560613d@group-ACFDA5E70BED-SegmentedRaftLogWorker was interrupted, exiting. There are 0 tasks remaining in the queue.
2021-08-31 13:04:44,151 [ForkJoinPool.commonPool-worker-0] INFO  segmented.SegmentedRaftLogWorker (SegmentedRaftLogWorker.java:close(237)) - 1a766833-fcfc-4255-a382-49e3d560613d@group-ACFDA5E70BED-SegmentedRaftLogWorker close()
2021-08-31 13:04:44,151 [ForkJoinPool.commonPool-worker-0] INFO  server.RaftServer$Division (RaftServerImpl.java:lambda$close$4(407)) - 1a766833-fcfc-4255-a382-49e3d560613d@group-42EB7E805CEB: shutdown
2021-08-31 13:04:44,151 [ForkJoinPool.commonPool-worker-0] INFO  util.JmxRegister (JmxRegister.java:unregister(73)) - Successfully un-registered JMX Bean with object name Ratis:service=RaftServer,group=group-42EB7E805CEB,id=1a766833-fcfc-4255-a382-49e3d560613d
2021-08-31 13:04:44,151 [ForkJoinPool.commonPool-worker-0] INFO  impl.RoleInfo (RoleInfo.java:shutdownLeaderState(91)) - 1a766833-fcfc-4255-a382-49e3d560613d: shutdown 1a766833-fcfc-4255-a382-49e3d560613d@group-42EB7E805CEB-LeaderStateImpl
2021-08-31 13:04:44,151 [ForkJoinPool.commonPool-worker-0] INFO  impl.PendingRequests (PendingRequests.java:sendNotLeaderResponses(282)) - 1a766833-fcfc-4255-a382-49e3d560613d@group-42EB7E805CEB-PendingRequests: sendNotLeaderResponses
2021-08-31 13:04:44,152 [ForkJoinPool.commonPool-worker-0] INFO  impl.StateMachineUpdater (StateMachineUpdater.java:stopAndJoin(149)) - 1a766833-fcfc-4255-a382-49e3d560613d@group-42EB7E805CEB-StateMachineUpdater: set stopIndex = 0
2021-08-31 13:04:44,152 [1a766833-fcfc-4255-a382-49e3d560613d@group-42EB7E805CEB-StateMachineUpdater] INFO  ratis.ContainerStateMachine (ContainerStateMachine.java:takeSnapshot(292)) - group-42EB7E805CEB: Taking a snapshot at:(t:1, i:0) file /home/runner/work/ozone/ozone/hadoop-ozone/integration-test/target/test-dir/MiniOzoneClusterImpl-24712a27-71f7-429c-8ffb-97a1a53f740d/datanode-5/data/ratis/acf90615-c5c5-4b40-8d34-42eb7e805ceb/sm/snapshot.1_0
2021-08-31 13:04:44,153 [1a766833-fcfc-4255-a382-49e3d560613d@group-42EB7E805CEB-StateMachineUpdater] INFO  ratis.ContainerStateMachine (ContainerStateMachine.java:takeSnapshot(303)) - group-42EB7E805CEB: Finished taking a snapshot at:(t:1, i:0) file:/home/runner/work/ozone/ozone/hadoop-ozone/integration-test/target/test-dir/MiniOzoneClusterImpl-24712a27-71f7-429c-8ffb-97a1a53f740d/datanode-5/data/ratis/acf90615-c5c5-4b40-8d34-42eb7e805ceb/sm/snapshot.1_0 took: 1 ms
2021-08-31 13:04:44,153 [1a766833-fcfc-4255-a382-49e3d560613d@group-42EB7E805CEB-StateMachineUpdater] INFO  impl.StateMachineUpdater (StateMachineUpdater.java:takeSnapshot(281)) - 1a766833-fcfc-4255-a382-49e3d560613d@group-42EB7E805CEB-StateMachineUpdater: Took a snapshot at index 0
2021-08-31 13:04:44,153 [1a766833-fcfc-4255-a382-49e3d560613d@group-42EB7E805CEB-StateMachineUpdater] INFO  impl.StateMachineUpdater (StateMachineUpdater.java:lambda$new$0(89)) - 1a766833-fcfc-4255-a382-49e3d560613d@group-42EB7E805CEB-StateMachineUpdater: snapshotIndex: updateIncreasingly -1 -> 0
2021-08-31 13:04:44,153 [ForkJoinPool.commonPool-worker-0] INFO  server.RaftServer$Division (ServerState.java:close(419)) - 1a766833-fcfc-4255-a382-49e3d560613d@group-42EB7E805CEB: closes. applyIndex: 0
2021-08-31 13:04:44,154 [1a766833-fcfc-4255-a382-49e3d560613d@group-42EB7E805CEB-SegmentedRaftLogWorker] INFO  segmented.SegmentedRaftLogWorker (SegmentedRaftLogWorker.java:run(327)) - 1a766833-fcfc-4255-a382-49e3d560613d@group-42EB7E805CEB-SegmentedRaftLogWorker was interrupted, exiting. There are 0 tasks remaining in the queue.
2021-08-31 13:04:44,154 [ForkJoinPool.commonPool-worker-0] INFO  segmented.SegmentedRaftLogWorker (SegmentedRaftLogWorker.java:close(237)) - 1a766833-fcfc-4255-a382-49e3d560613d@group-42EB7E805CEB-SegmentedRaftLogWorker close()
2021-08-31 13:04:44,159 [ForkJoinPool.commonPool-worker-0] INFO  server.GrpcService (GrpcService.java:closeImpl(262)) - 1a766833-fcfc-4255-a382-49e3d560613d: shutdown server with port 42143 now
2021-08-31 13:04:44,172 [ForkJoinPool.commonPool-worker-0] INFO  server.GrpcService (GrpcService.java:closeImpl(271)) - 1a766833-fcfc-4255-a382-49e3d560613d: shutdown server with port 42143 successfully
2021-08-31 13:04:44,172 [org.apache.ratis.util.JvmPauseMonitor$$Lambda$532/1334813823@6757ed9b] INFO  util.JvmPauseMonitor (JvmPauseMonitor.java:run(109)) - JvmPauseMonitor-1a766833-fcfc-4255-a382-49e3d560613d: Stopped
2021-08-31 13:04:44,195 [ForkJoinPool.commonPool-worker-0] INFO  utils.BackgroundService (BackgroundService.java:shutdown(132)) - Shutting down service BlockDeletingService
2021-08-31 13:04:47,197 [ForkJoinPool.commonPool-worker-0] INFO  statemachine.DatanodeStateMachine (DatanodeStateMachine.java:stopDaemon(515)) - Ozone container server stopped.
2021-08-31 13:04:47,200 [ForkJoinPool.commonPool-worker-0] INFO  handler.ContextHandler (ContextHandler.java:doStop(1153)) - Stopped o.e.j.w.WebAppContext@2a120170{hddsDatanode,/,null,STOPPED}{jar:file:/home/runner/.m2/repository/org/apache/ozone/hdds-container-service/1.2.0-SNAPSHOT/hdds-container-service-1.2.0-SNAPSHOT.jar!/webapps/hddsDatanode}
2021-08-31 13:04:47,219 [ForkJoinPool.commonPool-worker-0] INFO  server.AbstractConnector (AbstractConnector.java:doStop(381)) - Stopped ServerConnector@3676ed21{HTTP/1.1, (http/1.1)}{0.0.0.0:0}
2021-08-31 13:04:47,219 [ForkJoinPool.commonPool-worker-0] INFO  server.session (HouseKeeper.java:stopScavenging(149)) - node0 Stopped scavenging
2021-08-31 13:04:47,220 [ForkJoinPool.commonPool-worker-0] INFO  handler.ContextHandler (ContextHandler.java:doStop(1153)) - Stopped o.e.j.s.ServletContextHandler@2f93bc91{static,/static,jar:file:/home/runner/.m2/repository/org/apache/ozone/hdds-container-service/1.2.0-SNAPSHOT/hdds-container-service-1.2.0-SNAPSHOT.jar!/webapps/static,STOPPED}
2021-08-31 13:04:47,221 [ForkJoinPool.commonPool-worker-0] INFO  handler.ContextHandler (ContextHandler.java:doStop(1153)) - Stopped o.e.j.s.ServletContextHandler@7245f4bf{logs,/logs,file:///home/runner/work/ozone/ozone/hadoop-ozone/integration-test/target/log,STOPPED}
2021-08-31 13:04:47,222 [Listener at 127.0.0.1/38495] INFO  ozone.MiniOzoneClusterImpl (MiniOzoneClusterImpl.java:stopSCM(542)) - Stopping the StorageContainerManager
2021-08-31 13:04:47,222 [Listener at 127.0.0.1/38495] INFO  server.StorageContainerManager (StorageContainerManager.java:stop(1348)) - Stopping Container Balancer service.
2021-08-31 13:04:47,222 [Listener at 127.0.0.1/38495] INFO  balancer.ContainerBalancer (ContainerBalancer.java:stop(721)) - Container Balancer is not running.
2021-08-31 13:04:47,222 [Listener at 127.0.0.1/38495] INFO  server.StorageContainerManager (StorageContainerManager.java:stop(1355)) - Stopping Replication Manager Service.
2021-08-31 13:04:47,223 [Listener at 127.0.0.1/38495] INFO  container.ReplicationManager (ReplicationManager.java:stop(338)) - Stopping Replication Monitor Thread.
2021-08-31 13:04:47,223 [Listener at 127.0.0.1/38495] INFO  server.StorageContainerManager (StorageContainerManager.java:stop(1362)) - Stopping the Datanode Admin Monitor.
2021-08-31 13:04:47,223 [Listener at 127.0.0.1/38495] INFO  server.StorageContainerManager (StorageContainerManager.java:stop(1369)) - Stopping Lease Manager of the command watchers
2021-08-31 13:04:47,223 [Listener at 127.0.0.1/38495] INFO  server.StorageContainerManager (StorageContainerManager.java:stop(1376)) - Stopping datanode service RPC server
2021-08-31 13:04:47,223 [Listener at 127.0.0.1/38495] INFO  server.SCMDatanodeProtocolServer (SCMDatanodeProtocolServer.java:stop(389)) - Stopping the RPC server for DataNodes
2021-08-31 13:04:47,223 [Listener at 127.0.0.1/38495] INFO  ipc.Server (Server.java:stop(3414)) - Stopping server on 41749
2021-08-31 13:04:47,241 [IPC Server Responder] INFO  ipc.Server (Server.java:run(1512)) - Stopping IPC Server Responder
2021-08-31 13:04:47,241 [IPC Server listener on 0] INFO  ipc.Server (Server.java:run(1376)) - Stopping IPC Server listener on 0
2021-08-31 13:04:47,293 [SCM Heartbeat Processing Thread - 0] WARN  node.NodeStateManager (NodeStateManager.java:scheduleNextHealthCheck(799)) - Current Thread is interrupted, shutting down HB processing thread for Node Manager.
2021-08-31 13:04:47,294 [Listener at 127.0.0.1/38495] INFO  server.StorageContainerManager (StorageContainerManager.java:stop(1384)) - Stopping block service RPC server
2021-08-31 13:04:47,294 [Listener at 127.0.0.1/38495] INFO  server.SCMBlockProtocolServer (SCMBlockProtocolServer.java:stop(160)) - Stopping the RPC server for Block Protocol
2021-08-31 13:04:47,294 [Listener at 127.0.0.1/38495] INFO  ipc.Server (Server.java:stop(3414)) - Stopping server on 41623
2021-08-31 13:04:47,296 [IPC Server listener on 0] INFO  ipc.Server (Server.java:run(1376)) - Stopping IPC Server listener on 0
2021-08-31 13:04:47,296 [Listener at 127.0.0.1/38495] INFO  server.StorageContainerManager (StorageContainerManager.java:stop(1391)) - Stopping the StorageContainerLocationProtocol RPC server
2021-08-31 13:04:47,296 [Listener at 127.0.0.1/38495] INFO  server.SCMClientProtocolServer (SCMClientProtocolServer.java:stop(173)) - Stopping the RPC server for Client Protocol
2021-08-31 13:04:47,296 [Listener at 127.0.0.1/38495] INFO  ipc.Server (Server.java:stop(3414)) - Stopping server on 44645
2021-08-31 13:04:47,296 [IPC Server Responder] INFO  ipc.Server (Server.java:run(1512)) - Stopping IPC Server Responder
2021-08-31 13:04:47,297 [Listener at 127.0.0.1/38495] INFO  server.StorageContainerManager (StorageContainerManager.java:stop(1398)) - Stopping Storage Container Manager HTTP server.
2021-08-31 13:04:47,298 [Listener at 127.0.0.1/38495] INFO  handler.ContextHandler (ContextHandler.java:doStop(1153)) - Stopped o.e.j.w.WebAppContext@181c390b{scm,/,null,STOPPED}{file:/home/runner/work/ozone/ozone/hadoop-ozone/integration-test/target/test-classes/webapps/scm}
2021-08-31 13:04:47,298 [IPC Server Responder] INFO  ipc.Server (Server.java:run(1512)) - Stopping IPC Server Responder
2021-08-31 13:04:47,299 [IPC Server listener on 0] INFO  ipc.Server (Server.java:run(1376)) - Stopping IPC Server listener on 0
2021-08-31 13:04:47,300 [Listener at 127.0.0.1/38495] INFO  server.AbstractConnector (AbstractConnector.java:doStop(381)) - Stopped ServerConnector@6f1cca5b{HTTP/1.1, (http/1.1)}{0.0.0.0:0}
2021-08-31 13:04:47,300 [Listener at 127.0.0.1/38495] INFO  server.session (HouseKeeper.java:stopScavenging(149)) - node0 Stopped scavenging
2021-08-31 13:04:47,300 [Listener at 127.0.0.1/38495] INFO  handler.ContextHandler (ContextHandler.java:doStop(1153)) - Stopped o.e.j.s.ServletContextHandler@2394fdc6{static,/static,file:///home/runner/work/ozone/ozone/hadoop-ozone/integration-test/target/test-classes/webapps/static,STOPPED}
2021-08-31 13:04:47,300 [Listener at 127.0.0.1/38495] INFO  handler.ContextHandler (ContextHandler.java:doStop(1153)) - Stopped o.e.j.s.ServletContextHandler@2b7bdd5d{logs,/logs,file:///home/runner/work/ozone/ozone/hadoop-ozone/integration-test/target/log,STOPPED}
2021-08-31 13:04:47,302 [Listener at 127.0.0.1/38495] INFO  server.StorageContainerManager (StorageContainerManager.java:stop(1409)) - Stopping Block Manager Service.
2021-08-31 13:04:47,302 [Listener at 127.0.0.1/38495] INFO  utils.BackgroundService (BackgroundService.java:shutdown(132)) - Shutting down service SCMBlockDeletingService
2021-08-31 13:04:47,302 [Listener at 127.0.0.1/38495] INFO  utils.BackgroundService (BackgroundService.java:shutdown(132)) - Shutting down service SCMBlockDeletingService
2021-08-31 13:04:47,303 [Listener at 127.0.0.1/38495] INFO  server.StorageContainerManager (StorageContainerManager.java:stop(1436)) - Stopping SCM Event Queue.
2021-08-31 13:04:47,312 [Listener at 127.0.0.1/38495] INFO  server.StorageContainerManager (StorageContainerManager.java:stop(1447)) - Stopping SCM HA services.
2021-08-31 13:04:47,312 [Listener at 127.0.0.1/38495] INFO  pipeline.BackgroundPipelineCreator (BackgroundPipelineCreatorV2.java:stop(158)) - Stopping RatisPipelineUtilsThread.
2021-08-31 13:04:47,315 [Listener at 127.0.0.1/38495] INFO  server.StorageContainerManager (StorageContainerManager.java:stop(1457)) - Stopping SCM MetadataStore.
2021-08-31 13:04:47,317 [Listener at 127.0.0.1/38495] INFO  impl.MetricsSystemImpl (MetricsSystemImpl.java:stop(210)) - Stopping XceiverClientMetrics metrics system...
2021-08-31 13:04:47,344 [prometheus] INFO  impl.MetricsSinkAdapter (MetricsSinkAdapter.java:publishMetricsFromQueue(141)) - prometheus thread interrupted.
2021-08-31 13:04:47,344 [Listener at 127.0.0.1/38495] INFO  impl.MetricsSystemImpl (MetricsSystemImpl.java:stop(216)) - XceiverClientMetrics metrics system stopped.
]]></system-out>
  </testcase>
  <testcase name="testDatanodeFailureWithPreAllocation" classname="org.apache.hadoop.ozone.client.rpc.TestBlockOutputStreamWithFailures" time="107.928"/>
  <testcase name="testDatanodeFailureWithSingleNodeRatis" classname="org.apache.hadoop.ozone.client.rpc.TestBlockOutputStreamWithFailures" time="101.401"/>
  <testcase name="testWatchForCommitWithSingleNodeRatis" classname="org.apache.hadoop.ozone.client.rpc.TestBlockOutputStreamWithFailures" time="55.46"/>
  <testcase name="testWatchForCommitDatanodeFailure" classname="org.apache.hadoop.ozone.client.rpc.TestBlockOutputStreamWithFailures" time="59.632"/>
  <testcase name="testFailureWithPrimeSizedData" classname="org.apache.hadoop.ozone.client.rpc.TestBlockOutputStreamWithFailures" time="55.605"/>
  <testcase name="testWatchForCommitWithCloseContainerException" classname="org.apache.hadoop.ozone.client.rpc.TestBlockOutputStreamWithFailures" time="63.493"/>
  <testcase name="testExceptionDuringClose" classname="org.apache.hadoop.ozone.client.rpc.TestBlockOutputStreamWithFailures" time="57.471"/>
</testsuite>