<?xml version="1.0" encoding="UTF-8"?>
<testsuite xmlns:xsi="http://www.w3.org/2001/XMLSchema-instance" xsi:noNamespaceSchemaLocation="https://maven.apache.org/surefire/maven-surefire-plugin/xsd/surefire-test-report.xsd" name="org.apache.hadoop.ozone.om.TestOMRatisSnapshots" time="112.618" tests="3" errors="0" skipped="0" failures="1">
  <properties>
    <property name="awt.toolkit" value="sun.awt.X11.XToolkit"/>
    <property name="file.encoding.pkg" value="sun.io"/>
    <property name="java.specification.version" value="1.8"/>
    <property name="sun.cpu.isalist" value=""/>
    <property name="sun.jnu.encoding" value="ANSI_X3.4-1968"/>
    <property name="java.class.path" value="/github/workspace/mnt/ozone/hadoop-ozone/integration-test/target/test-classes:/github/workspace/mnt/ozone/hadoop-ozone/integration-test/target/classes:/home/user/.m2/repository/org/apache/hadoop/hadoop-ozone-common/1.1.0-SNAPSHOT/hadoop-ozone-common-1.1.0-SNAPSHOT.jar:/home/user/.m2/repository/org/apache/commons/commons-compress/1.4.1/commons-compress-1.4.1.jar:/home/user/.m2/repository/org/tukaani/xz/1.0/xz-1.0.jar:/home/user/.m2/repository/org/apache/hadoop/hadoop-hdds-common/1.1.0-SNAPSHOT/hadoop-hdds-common-1.1.0-SNAPSHOT.jar:/home/user/.m2/repository/org/apache/hadoop/hadoop-hdds-client/1.1.0-SNAPSHOT/hadoop-hdds-client-1.1.0-SNAPSHOT.jar:/home/user/.m2/repository/org/apache/hadoop/hadoop-ozone-interface-client/1.1.0-SNAPSHOT/hadoop-ozone-interface-client-1.1.0-SNAPSHOT.jar:/home/user/.m2/repository/org/apache/hadoop/hadoop-hdds-test-utils/1.1.0-SNAPSHOT/hadoop-hdds-test-utils-1.1.0-SNAPSHOT.jar:/home/user/.m2/repository/com/google/guava/guava/28.2-jre/guava-28.2-jre.jar:/home/user/.m2/repository/com/google/guava/failureaccess/1.0.1/failureaccess-1.0.1.jar:/home/user/.m2/repository/com/google/guava/listenablefuture/9999.0-empty-to-avoid-conflict-with-guava/listenablefuture-9999.0-empty-to-avoid-conflict-with-guava.jar:/home/user/.m2/repository/com/google/code/findbugs/jsr305/3.0.0/jsr305-3.0.0.jar:/home/user/.m2/repository/org/checkerframework/checker-qual/2.10.0/checker-qual-2.10.0.jar:/home/user/.m2/repository/com/google/errorprone/error_prone_annotations/2.2.0/error_prone_annotations-2.2.0.jar:/home/user/.m2/repository/com/google/j2objc/j2objc-annotations/1.3/j2objc-annotations-1.3.jar:/home/user/.m2/repository/commons-io/commons-io/2.5/commons-io-2.5.jar:/home/user/.m2/repository/commons-logging/commons-logging/1.2/commons-logging-1.2.jar:/home/user/.m2/repository/log4j/log4j/1.2.17/log4j-1.2.17.jar:/home/user/.m2/repository/org/slf4j/slf4j-api/1.7.30/slf4j-api-1.7.30.jar:/home/user/.m2/repository/org/apache/hadoop/hadoop-hdds-server-scm/1.1.0-SNAPSHOT/hadoop-hdds-server-scm-1.1.0-SNAPSHOT.jar:/home/user/.m2/repository/org/apache/hadoop/hadoop-hdds-container-service/1.1.0-SNAPSHOT/hadoop-hdds-container-service-1.1.0-SNAPSHOT.jar:/home/user/.m2/repository/org/apache/hadoop/hadoop-hdds-hadoop-dependency-server/1.1.0-SNAPSHOT/hadoop-hdds-hadoop-dependency-server-1.1.0-SNAPSHOT.jar:/home/user/.m2/repository/org/apache/hadoop/hadoop-hdfs/3.2.1/hadoop-hdfs-3.2.1.jar:/home/user/.m2/repository/org/apache/hadoop/hadoop-hdds-server-framework/1.1.0-SNAPSHOT/hadoop-hdds-server-framework-1.1.0-SNAPSHOT.jar:/home/user/.m2/repository/org/apache/hadoop/hadoop-hdds-interface-server/1.1.0-SNAPSHOT/hadoop-hdds-interface-server-1.1.0-SNAPSHOT.jar:/home/user/.m2/repository/org/apache/hadoop/hadoop-hdds-interface-admin/1.1.0-SNAPSHOT/hadoop-hdds-interface-admin-1.1.0-SNAPSHOT.jar:/home/user/.m2/repository/org/eclipse/jetty/jetty-servlet/9.4.34.v20201102/jetty-servlet-9.4.34.v20201102.jar:/home/user/.m2/repository/org/eclipse/jetty/jetty-security/9.4.34.v20201102/jetty-security-9.4.34.v20201102.jar:/home/user/.m2/repository/org/rocksdb/rocksdbjni/6.8.1/rocksdbjni-6.8.1.jar:/home/user/.m2/repository/io/prometheus/simpleclient_dropwizard/0.7.0/simpleclient_dropwizard-0.7.0.jar:/home/user/.m2/repository/io/prometheus/simpleclient/0.7.0/simpleclient-0.7.0.jar:/home/user/.m2/repository/io/prometheus/simpleclient_common/0.7.0/simpleclient_common-0.7.0.jar:/home/user/.m2/repository/com/fasterxml/jackson/datatype/jackson-datatype-jsr310/2.10.3/jackson-datatype-jsr310-2.10.3.jar:/home/user/.m2/repository/io/dropwizard/metrics/metrics-core/3.2.4/metrics-core-3.2.4.jar:/home/user/.m2/repository/org/apache/hadoop/hadoop-hdfs-client/3.2.1/hadoop-hdfs-client-3.2.1.jar:/home/user/.m2/repository/org/bouncycastle/bcprov-jdk15on/1.67/bcprov-jdk15on-1.67.jar:/home/user/.m2/repository/org/apache/hadoop/hadoop-ozone-ozone-manager/1.1.0-SNAPSHOT/hadoop-ozone-ozone-manager-1.1.0-SNAPSHOT.jar:/home/user/.m2/repository/org/apache/hadoop/hadoop-hdds-interface-client/1.1.0-SNAPSHOT/hadoop-hdds-interface-client-1.1.0-SNAPSHOT.jar:/home/user/.m2/repository/org/apache/ratis/ratis-thirdparty-misc/0.6.0-SNAPSHOT/ratis-thirdparty-misc-0.6.0-SNAPSHOT.jar:/home/user/.m2/repository/org/apache/hadoop/hadoop-ozone-interface-storage/1.1.0-SNAPSHOT/hadoop-ozone-interface-storage-1.1.0-SNAPSHOT.jar:/home/user/.m2/repository/org/apache/hadoop/hadoop-minikdc/3.2.1/hadoop-minikdc-3.2.1.jar:/home/user/.m2/repository/org/apache/kerby/kerb-simplekdc/1.0.1/kerb-simplekdc-1.0.1.jar:/home/user/.m2/repository/org/apache/kerby/kerb-client/1.0.1/kerb-client-1.0.1.jar:/home/user/.m2/repository/org/apache/kerby/kerby-config/1.0.1/kerby-config-1.0.1.jar:/home/user/.m2/repository/org/apache/kerby/kerb-core/1.0.1/kerb-core-1.0.1.jar:/home/user/.m2/repository/org/apache/kerby/kerby-pkix/1.0.1/kerby-pkix-1.0.1.jar:/home/user/.m2/repository/org/apache/kerby/kerby-asn1/1.0.1/kerby-asn1-1.0.1.jar:/home/user/.m2/repository/org/apache/kerby/kerby-util/1.0.1/kerby-util-1.0.1.jar:/home/user/.m2/repository/org/apache/kerby/kerb-common/1.0.1/kerb-common-1.0.1.jar:/home/user/.m2/repository/org/apache/kerby/kerb-crypto/1.0.1/kerb-crypto-1.0.1.jar:/home/user/.m2/repository/org/apache/kerby/kerb-util/1.0.1/kerb-util-1.0.1.jar:/home/user/.m2/repository/org/apache/kerby/token-provider/1.0.1/token-provider-1.0.1.jar:/home/user/.m2/repository/org/apache/kerby/kerb-admin/1.0.1/kerb-admin-1.0.1.jar:/home/user/.m2/repository/org/apache/kerby/kerb-server/1.0.1/kerb-server-1.0.1.jar:/home/user/.m2/repository/org/apache/kerby/kerb-identity/1.0.1/kerb-identity-1.0.1.jar:/home/user/.m2/repository/org/apache/kerby/kerby-xdr/1.0.1/kerby-xdr-1.0.1.jar:/home/user/.m2/repository/org/slf4j/slf4j-log4j12/1.7.30/slf4j-log4j12-1.7.30.jar:/home/user/.m2/repository/org/apache/hadoop/hadoop-ozone-s3gateway/1.1.0-SNAPSHOT/hadoop-ozone-s3gateway-1.1.0-SNAPSHOT.jar:/home/user/.m2/repository/org/jboss/weld/servlet/weld-servlet/2.4.7.Final/weld-servlet-2.4.7.Final.jar:/home/user/.m2/repository/org/glassfish/jersey/containers/jersey-container-servlet-core/2.27/jersey-container-servlet-core-2.27.jar:/home/user/.m2/repository/org/glassfish/hk2/external/javax.inject/2.5.0-b42/javax.inject-2.5.0-b42.jar:/home/user/.m2/repository/org/glassfish/jersey/core/jersey-common/2.27/jersey-common-2.27.jar:/home/user/.m2/repository/org/glassfish/hk2/osgi-resource-locator/1.0.1/osgi-resource-locator-1.0.1.jar:/home/user/.m2/repository/javax/ws/rs/javax.ws.rs-api/2.1/javax.ws.rs-api-2.1.jar:/home/user/.m2/repository/org/glassfish/jersey/ext/cdi/jersey-cdi1x/2.27/jersey-cdi1x-2.27.jar:/home/user/.m2/repository/org/glassfish/jersey/inject/jersey-hk2/2.27/jersey-hk2-2.27.jar:/home/user/.m2/repository/org/glassfish/hk2/hk2-locator/2.5.0-b42/hk2-locator-2.5.0-b42.jar:/home/user/.m2/repository/org/javassist/javassist/3.22.0-CR2/javassist-3.22.0-CR2.jar:/home/user/.m2/repository/org/glassfish/hk2/hk2-api/2.5.0/hk2-api-2.5.0.jar:/home/user/.m2/repository/org/glassfish/hk2/external/jakarta.inject/2.5.0/jakarta.inject-2.5.0.jar:/home/user/.m2/repository/org/glassfish/hk2/hk2-utils/2.5.0/hk2-utils-2.5.0.jar:/home/user/.m2/repository/jakarta/annotation/jakarta.annotation-api/1.3.4/jakarta.annotation-api-1.3.4.jar:/home/user/.m2/repository/org/glassfish/hk2/external/aopalliance-repackaged/2.5.0/aopalliance-repackaged-2.5.0.jar:/home/user/.m2/repository/com/fasterxml/jackson/dataformat/jackson-dataformat-xml/2.10.3/jackson-dataformat-xml-2.10.3.jar:/home/user/.m2/repository/com/fasterxml/jackson/core/jackson-core/2.10.3/jackson-core-2.10.3.jar:/home/user/.m2/repository/com/fasterxml/jackson/module/jackson-module-jaxb-annotations/2.10.3/jackson-module-jaxb-annotations-2.10.3.jar:/home/user/.m2/repository/jakarta/xml/bind/jakarta.xml.bind-api/2.3.2/jakarta.xml.bind-api-2.3.2.jar:/home/user/.m2/repository/jakarta/activation/jakarta.activation-api/1.2.1/jakarta.activation-api-1.2.1.jar:/home/user/.m2/repository/org/codehaus/woodstox/stax2-api/3.1.4/stax2-api-3.1.4.jar:/home/user/.m2/repository/com/fasterxml/woodstox/woodstox-core/5.0.3/woodstox-core-5.0.3.jar:/home/user/.m2/repository/javax/enterprise/cdi-api/1.2/cdi-api-1.2.jar:/home/user/.m2/repository/javax/el/javax.el-api/3.0.0/javax.el-api-3.0.0.jar:/home/user/.m2/repository/javax/interceptor/javax.interceptor-api/1.2/javax.interceptor-api-1.2.jar:/home/user/.m2/repository/javax/inject/javax.inject/1/javax.inject-1.jar:/home/user/.m2/repository/com/sun/xml/bind/jaxb-impl/2.3.0.1/jaxb-impl-2.3.0.1.jar:/home/user/.m2/repository/com/sun/xml/bind/jaxb-core/2.3.0.1/jaxb-core-2.3.0.1.jar:/home/user/.m2/repository/javax/xml/bind/jaxb-api/2.3.0/jaxb-api-2.3.0.jar:/home/user/.m2/repository/javax/activation/activation/1.1.1/activation-1.1.1.jar:/home/user/.m2/repository/org/apache/hadoop/hadoop-ozone-csi/1.1.0-SNAPSHOT/hadoop-ozone-csi-1.1.0-SNAPSHOT.jar:/home/user/.m2/repository/com/google/protobuf/protobuf-java-util/3.11.0/protobuf-java-util-3.11.0.jar:/home/user/.m2/repository/com/google/code/gson/gson/2.2.4/gson-2.2.4.jar:/home/user/.m2/repository/org/apache/hadoop/hadoop-hdds-config/1.1.0-SNAPSHOT/hadoop-hdds-config-1.1.0-SNAPSHOT.jar:/home/user/.m2/repository/com/google/protobuf/protobuf-java/2.5.0/protobuf-java-2.5.0.jar:/home/user/.m2/repository/io/grpc/grpc-netty/1.29.0/grpc-netty-1.29.0.jar:/home/user/.m2/repository/io/grpc/grpc-core/1.29.0/grpc-core-1.29.0.jar:/home/user/.m2/repository/com/google/android/annotations/4.1.1.4/annotations-4.1.1.4.jar:/home/user/.m2/repository/io/perfmark/perfmark-api/0.19.0/perfmark-api-0.19.0.jar:/home/user/.m2/repository/io/netty/netty-codec-http2/4.1.48.Final/netty-codec-http2-4.1.48.Final.jar:/home/user/.m2/repository/io/netty/netty-codec/4.1.48.Final/netty-codec-4.1.48.Final.jar:/home/user/.m2/repository/io/netty/netty-handler/4.1.48.Final/netty-handler-4.1.48.Final.jar:/home/user/.m2/repository/io/netty/netty-codec-http/4.1.48.Final/netty-codec-http-4.1.48.Final.jar:/home/user/.m2/repository/io/netty/netty-handler-proxy/4.1.48.Final/netty-handler-proxy-4.1.48.Final.jar:/home/user/.m2/repository/io/netty/netty-codec-socks/4.1.48.Final/netty-codec-socks-4.1.48.Final.jar:/home/user/.m2/repository/io/netty/netty-transport-native-epoll/4.1.48.Final/netty-transport-native-epoll-4.1.48.Final.jar:/home/user/.m2/repository/io/netty/netty-common/4.1.48.Final/netty-common-4.1.48.Final.jar:/home/user/.m2/repository/io/netty/netty-buffer/4.1.48.Final/netty-buffer-4.1.48.Final.jar:/home/user/.m2/repository/io/netty/netty-transport/4.1.48.Final/netty-transport-4.1.48.Final.jar:/home/user/.m2/repository/io/netty/netty-resolver/4.1.48.Final/netty-resolver-4.1.48.Final.jar:/home/user/.m2/repository/io/netty/netty-transport-native-unix-common/4.1.48.Final/netty-transport-native-unix-common-4.1.48.Final.jar:/home/user/.m2/repository/io/grpc/grpc-protobuf/1.29.0/grpc-protobuf-1.29.0.jar:/home/user/.m2/repository/io/grpc/grpc-api/1.29.0/grpc-api-1.29.0.jar:/home/user/.m2/repository/io/grpc/grpc-context/1.29.0/grpc-context-1.29.0.jar:/home/user/.m2/repository/org/codehaus/mojo/animal-sniffer-annotations/1.18/animal-sniffer-annotations-1.18.jar:/home/user/.m2/repository/com/google/api/grpc/proto-google-common-protos/1.17.0/proto-google-common-protos-1.17.0.jar:/home/user/.m2/repository/io/grpc/grpc-protobuf-lite/1.29.0/grpc-protobuf-lite-1.29.0.jar:/home/user/.m2/repository/io/grpc/grpc-stub/1.29.0/grpc-stub-1.29.0.jar:/home/user/.m2/repository/org/apache/hadoop/hadoop-ozone-recon/1.1.0-SNAPSHOT/hadoop-ozone-recon-1.1.0-SNAPSHOT.jar:/home/user/.m2/repository/org/apache/hadoop/hadoop-ozone-reconcodegen/1.1.0-SNAPSHOT/hadoop-ozone-reconcodegen-1.1.0-SNAPSHOT.jar:/home/user/.m2/repository/com/google/inject/extensions/guice-multibindings/4.0/guice-multibindings-4.0.jar:/home/user/.m2/repository/com/google/inject/guice/4.0/guice-4.0.jar:/home/user/.m2/repository/aopalliance/aopalliance/1.0/aopalliance-1.0.jar:/home/user/.m2/repository/com/google/inject/extensions/guice-assistedinject/4.0/guice-assistedinject-4.0.jar:/home/user/.m2/repository/com/google/inject/extensions/guice-servlet/4.0/guice-servlet-4.0.jar:/home/user/.m2/repository/org/glassfish/jersey/containers/jersey-container-servlet/2.27/jersey-container-servlet-2.27.jar:/home/user/.m2/repository/org/glassfish/hk2/guice-bridge/2.5.0/guice-bridge-2.5.0.jar:/home/user/.m2/repository/org/glassfish/jersey/core/jersey-server/2.27/jersey-server-2.27.jar:/home/user/.m2/repository/org/glassfish/jersey/core/jersey-client/2.27/jersey-client-2.27.jar:/home/user/.m2/repository/org/glassfish/jersey/media/jersey-media-jaxb/2.27/jersey-media-jaxb-2.27.jar:/home/user/.m2/repository/javax/validation/validation-api/1.1.0.Final/validation-api-1.1.0.Final.jar:/home/user/.m2/repository/org/glassfish/jersey/media/jersey-media-json-jackson/2.27/jersey-media-json-jackson-2.27.jar:/home/user/.m2/repository/org/glassfish/jersey/ext/jersey-entity-filtering/2.27/jersey-entity-filtering-2.27.jar:/home/user/.m2/repository/org/jooq/jooq/3.11.10/jooq-3.11.10.jar:/home/user/.m2/repository/org/jooq/jooq-meta/3.11.10/jooq-meta-3.11.10.jar:/home/user/.m2/repository/org/jooq/jooq-codegen/3.11.10/jooq-codegen-3.11.10.jar:/home/user/.m2/repository/com/jolbox/bonecp/0.8.0.RELEASE/bonecp-0.8.0.RELEASE.jar:/home/user/.m2/repository/org/apache/derby/derby/10.14.2.0/derby-10.14.2.0.jar:/home/user/.m2/repository/org/xerial/sqlite-jdbc/3.25.2/sqlite-jdbc-3.25.2.jar:/home/user/.m2/repository/org/springframework/spring-jdbc/5.2.11.RELEASE/spring-jdbc-5.2.11.RELEASE.jar:/home/user/.m2/repository/org/springframework/spring-beans/5.2.11.RELEASE/spring-beans-5.2.11.RELEASE.jar:/home/user/.m2/repository/org/springframework/spring-core/5.2.11.RELEASE/spring-core-5.2.11.RELEASE.jar:/home/user/.m2/repository/org/springframework/spring-jcl/5.2.11.RELEASE/spring-jcl-5.2.11.RELEASE.jar:/home/user/.m2/repository/org/springframework/spring-tx/5.2.11.RELEASE/spring-tx-5.2.11.RELEASE.jar:/home/user/.m2/repository/org/apache/hadoop/hadoop-ozone-client/1.1.0-SNAPSHOT/hadoop-ozone-client-1.1.0-SNAPSHOT.jar:/home/user/.m2/repository/org/apache/hadoop/hadoop-ozone-filesystem/1.1.0-SNAPSHOT/hadoop-ozone-filesystem-1.1.0-SNAPSHOT.jar:/home/user/.m2/repository/org/apache/hadoop/hadoop-ozone-filesystem-common/1.1.0-SNAPSHOT/hadoop-ozone-filesystem-common-1.1.0-SNAPSHOT.jar:/home/user/.m2/repository/org/apache/hadoop/hadoop-ozone-tools/1.1.0-SNAPSHOT/hadoop-ozone-tools-1.1.0-SNAPSHOT.jar:/home/user/.m2/repository/org/apache/ratis/ratis-tools/1.1.0-35f17fa-SNAPSHOT/ratis-tools-1.1.0-35f17fa-SNAPSHOT.jar:/home/user/.m2/repository/org/apache/ratis/ratis-proto/1.1.0-35f17fa-SNAPSHOT/ratis-proto-1.1.0-35f17fa-SNAPSHOT.jar:/home/user/.m2/repository/org/apache/ratis/ratis-common/1.1.0-35f17fa-SNAPSHOT/ratis-common-1.1.0-35f17fa-SNAPSHOT.jar:/home/user/.m2/repository/com/amazonaws/aws-java-sdk-core/1.11.901/aws-java-sdk-core-1.11.901.jar:/home/user/.m2/repository/org/apache/httpcomponents/httpclient/4.5.13/httpclient-4.5.13.jar:/home/user/.m2/repository/org/apache/httpcomponents/httpcore/4.4.13/httpcore-4.4.13.jar:/home/user/.m2/repository/software/amazon/ion/ion-java/1.0.2/ion-java-1.0.2.jar:/home/user/.m2/repository/com/fasterxml/jackson/dataformat/jackson-dataformat-cbor/2.10.3/jackson-dataformat-cbor-2.10.3.jar:/home/user/.m2/repository/joda-time/joda-time/2.8.1/joda-time-2.8.1.jar:/home/user/.m2/repository/com/amazonaws/aws-java-sdk-s3/1.11.901/aws-java-sdk-s3-1.11.901.jar:/home/user/.m2/repository/com/amazonaws/aws-java-sdk-kms/1.11.901/aws-java-sdk-kms-1.11.901.jar:/home/user/.m2/repository/com/amazonaws/jmespath-java/1.11.901/jmespath-java-1.11.901.jar:/home/user/.m2/repository/org/kohsuke/metainf-services/metainf-services/1.8/metainf-services-1.8.jar:/home/user/.m2/repository/org/apache/hadoop/hadoop-hdds-tools/1.1.0-SNAPSHOT/hadoop-hdds-tools-1.1.0-SNAPSHOT.jar:/home/user/.m2/repository/commons-cli/commons-cli/1.2/commons-cli-1.2.jar:/home/user/.m2/repository/org/apache/commons/commons-lang3/3.7/commons-lang3-3.7.jar:/home/user/.m2/repository/org/apache/hadoop/hadoop-ozone-ozone-manager/1.1.0-SNAPSHOT/hadoop-ozone-ozone-manager-1.1.0-SNAPSHOT-tests.jar:/home/user/.m2/repository/org/apache/hadoop/hadoop-hdds-common/1.1.0-SNAPSHOT/hadoop-hdds-common-1.1.0-SNAPSHOT-tests.jar:/home/user/.m2/repository/org/apache/hadoop/hadoop-hdds-hadoop-dependency-client/1.1.0-SNAPSHOT/hadoop-hdds-hadoop-dependency-client-1.1.0-SNAPSHOT.jar:/home/user/.m2/repository/info/picocli/picocli/4.4.0/picocli-4.4.0.jar:/home/user/.m2/repository/com/fasterxml/jackson/core/jackson-annotations/2.10.3/jackson-annotations-2.10.3.jar:/home/user/.m2/repository/javax/annotation/javax.annotation-api/1.2/javax.annotation-api-1.2.jar:/home/user/.m2/repository/org/fusesource/leveldbjni/leveldbjni-all/1.8/leveldbjni-all-1.8.jar:/home/user/.m2/repository/org/apache/ratis/ratis-server/1.1.0-35f17fa-SNAPSHOT/ratis-server-1.1.0-35f17fa-SNAPSHOT.jar:/home/user/.m2/repository/org/apache/ratis/ratis-client/1.1.0-35f17fa-SNAPSHOT/ratis-client-1.1.0-35f17fa-SNAPSHOT.jar:/home/user/.m2/repository/org/apache/ratis/ratis-server-api/1.1.0-35f17fa-SNAPSHOT/ratis-server-api-1.1.0-35f17fa-SNAPSHOT.jar:/home/user/.m2/repository/org/apache/ratis/ratis-metrics/1.1.0-35f17fa-SNAPSHOT/ratis-metrics-1.1.0-35f17fa-SNAPSHOT.jar:/home/user/.m2/repository/org/apache/ratis/ratis-netty/1.1.0-35f17fa-SNAPSHOT/ratis-netty-1.1.0-35f17fa-SNAPSHOT.jar:/home/user/.m2/repository/org/apache/ratis/ratis-grpc/1.1.0-35f17fa-SNAPSHOT/ratis-grpc-1.1.0-35f17fa-SNAPSHOT.jar:/home/user/.m2/repository/org/apache/logging/log4j/log4j-api/2.13.3/log4j-api-2.13.3.jar:/home/user/.m2/repository/org/apache/logging/log4j/log4j-core/2.13.3/log4j-core-2.13.3.jar:/home/user/.m2/repository/com/lmax/disruptor/3.4.2/disruptor-3.4.2.jar:/home/user/.m2/repository/org/apache/commons/commons-pool2/2.6.0/commons-pool2-2.6.0.jar:/home/user/.m2/repository/org/bouncycastle/bcpkix-jdk15on/1.67/bcpkix-jdk15on-1.67.jar:/home/user/.m2/repository/commons-validator/commons-validator/1.6/commons-validator-1.6.jar:/home/user/.m2/repository/commons-beanutils/commons-beanutils/1.9.4/commons-beanutils-1.9.4.jar:/home/user/.m2/repository/commons-digester/commons-digester/1.8.1/commons-digester-1.8.1.jar:/home/user/.m2/repository/commons-collections/commons-collections/3.2.2/commons-collections-3.2.2.jar:/home/user/.m2/repository/io/jaegertracing/jaeger-client/1.2.0/jaeger-client-1.2.0.jar:/home/user/.m2/repository/io/jaegertracing/jaeger-thrift/1.2.0/jaeger-thrift-1.2.0.jar:/home/user/.m2/repository/org/apache/thrift/libthrift/0.13.0/libthrift-0.13.0.jar:/home/user/.m2/repository/com/squareup/okhttp3/okhttp/4.2.2/okhttp-4.2.2.jar:/home/user/.m2/repository/com/squareup/okio/okio/2.2.2/okio-2.2.2.jar:/home/user/.m2/repository/org/jetbrains/kotlin/kotlin-stdlib/1.3.50/kotlin-stdlib-1.3.50.jar:/home/user/.m2/repository/org/jetbrains/kotlin/kotlin-stdlib-common/1.3.50/kotlin-stdlib-common-1.3.50.jar:/home/user/.m2/repository/org/jetbrains/annotations/13.0/annotations-13.0.jar:/home/user/.m2/repository/io/jaegertracing/jaeger-core/1.2.0/jaeger-core-1.2.0.jar:/home/user/.m2/repository/io/jaegertracing/jaeger-tracerresolver/1.2.0/jaeger-tracerresolver-1.2.0.jar:/home/user/.m2/repository/io/opentracing/contrib/opentracing-tracerresolver/0.1.8/opentracing-tracerresolver-0.1.8.jar:/home/user/.m2/repository/io/opentracing/opentracing-util/0.33.0/opentracing-util-0.33.0.jar:/home/user/.m2/repository/io/opentracing/opentracing-api/0.33.0/opentracing-api-0.33.0.jar:/home/user/.m2/repository/io/opentracing/opentracing-noop/0.33.0/opentracing-noop-0.33.0.jar:/home/user/.m2/repository/org/yaml/snakeyaml/1.26/snakeyaml-1.26.jar:/home/user/.m2/repository/junit/junit/4.11/junit-4.11.jar:/home/user/.m2/repository/org/hamcrest/hamcrest-core/1.3/hamcrest-core-1.3.jar:/home/user/.m2/repository/org/openjdk/jmh/jmh-core/1.19/jmh-core-1.19.jar:/home/user/.m2/repository/net/sf/jopt-simple/jopt-simple/4.6/jopt-simple-4.6.jar:/home/user/.m2/repository/org/apache/commons/commons-math3/3.1.1/commons-math3-3.1.1.jar:/home/user/.m2/repository/org/openjdk/jmh/jmh-generator-annprocess/1.19/jmh-generator-annprocess-1.19.jar:/home/user/.m2/repository/org/mockito/mockito-all/1.8.5/mockito-all-1.8.5.jar:/home/user/.m2/repository/org/apache/hadoop/hadoop-kms/3.2.1/hadoop-kms-3.2.1.jar:/home/user/.m2/repository/org/apache/hadoop/hadoop-auth/3.2.1/hadoop-auth-3.2.1.jar:/home/user/.m2/repository/com/nimbusds/nimbus-jose-jwt/7.9/nimbus-jose-jwt-7.9.jar:/home/user/.m2/repository/com/github/stephenc/jcip/jcip-annotations/1.0-1/jcip-annotations-1.0-1.jar:/home/user/.m2/repository/net/minidev/json-smart/2.3/json-smart-2.3.jar:/home/user/.m2/repository/net/minidev/accessors-smart/1.2/accessors-smart-1.2.jar:/home/user/.m2/repository/org/ow2/asm/asm/5.0.4/asm-5.0.4.jar:/home/user/.m2/repository/org/apache/zookeeper/zookeeper/3.4.13/zookeeper-3.4.13.jar:/home/user/.m2/repository/org/apache/yetus/audience-annotations/0.5.0/audience-annotations-0.5.0.jar:/home/user/.m2/repository/org/apache/curator/curator-framework/2.13.0/curator-framework-2.13.0.jar:/home/user/.m2/repository/com/sun/jersey/jersey-core/1.19/jersey-core-1.19.jar:/home/user/.m2/repository/javax/ws/rs/jsr311-api/1.1.1/jsr311-api-1.1.1.jar:/home/user/.m2/repository/com/sun/jersey/jersey-server/1.19/jersey-server-1.19.jar:/home/user/.m2/repository/javax/servlet/javax.servlet-api/3.1.0/javax.servlet-api-3.1.0.jar:/home/user/.m2/repository/org/eclipse/jetty/jetty-server/9.4.34.v20201102/jetty-server-9.4.34.v20201102.jar:/home/user/.m2/repository/org/eclipse/jetty/jetty-http/9.4.34.v20201102/jetty-http-9.4.34.v20201102.jar:/home/user/.m2/repository/org/eclipse/jetty/jetty-io/9.4.34.v20201102/jetty-io-9.4.34.v20201102.jar:/home/user/.m2/repository/org/eclipse/jetty/jetty-webapp/9.4.34.v20201102/jetty-webapp-9.4.34.v20201102.jar:/home/user/.m2/repository/org/eclipse/jetty/jetty-xml/9.4.34.v20201102/jetty-xml-9.4.34.v20201102.jar:/home/user/.m2/repository/org/apache/hadoop/hadoop-common/3.2.1/hadoop-common-3.2.1.jar:/home/user/.m2/repository/commons-net/commons-net/3.6/commons-net-3.6.jar:/home/user/.m2/repository/com/sun/jersey/jersey-servlet/1.19/jersey-servlet-1.19.jar:/home/user/.m2/repository/com/sun/jersey/jersey-json/1.19/jersey-json-1.19.jar:/home/user/.m2/repository/org/codehaus/jettison/jettison/1.1/jettison-1.1.jar:/home/user/.m2/repository/org/codehaus/jackson/jackson-jaxrs/1.9.2/jackson-jaxrs-1.9.2.jar:/home/user/.m2/repository/org/codehaus/jackson/jackson-xc/1.9.2/jackson-xc-1.9.2.jar:/home/user/.m2/repository/org/apache/commons/commons-configuration2/2.1.1/commons-configuration2-2.1.1.jar:/home/user/.m2/repository/org/apache/commons/commons-text/1.4/commons-text-1.4.jar:/home/user/.m2/repository/com/google/re2j/re2j/1.1/re2j-1.1.jar:/home/user/.m2/repository/com/jcraft/jsch/0.1.54/jsch-0.1.54.jar:/home/user/.m2/repository/org/apache/curator/curator-client/2.13.0/curator-client-2.13.0.jar:/home/user/.m2/repository/org/apache/curator/curator-recipes/2.13.0/curator-recipes-2.13.0.jar:/home/user/.m2/repository/dnsjava/dnsjava/2.1.7/dnsjava-2.1.7.jar:/home/user/.m2/repository/org/slf4j/jul-to-slf4j/1.7.30/jul-to-slf4j-1.7.30.jar:/home/user/.m2/repository/org/eclipse/jetty/jetty-util/9.4.34.v20201102/jetty-util-9.4.34.v20201102.jar:/home/user/.m2/repository/com/fasterxml/jackson/core/jackson-databind/2.10.3/jackson-databind-2.10.3.jar:/home/user/.m2/repository/org/apache/hadoop/hadoop-kms/3.2.1/hadoop-kms-3.2.1-tests.jar:/home/user/.m2/repository/org/apache/hadoop/hadoop-hdds-server-scm/1.1.0-SNAPSHOT/hadoop-hdds-server-scm-1.1.0-SNAPSHOT-tests.jar:/home/user/.m2/repository/org/apache/hadoop/hadoop-hdds-container-service/1.1.0-SNAPSHOT/hadoop-hdds-container-service-1.1.0-SNAPSHOT-tests.jar:/home/user/.m2/repository/commons-codec/commons-codec/1.11/commons-codec-1.11.jar:/home/user/.m2/repository/org/apache/hadoop/hadoop-hdds-hadoop-dependency-test/1.1.0-SNAPSHOT/hadoop-hdds-hadoop-dependency-test-1.1.0-SNAPSHOT.jar:/home/user/.m2/repository/org/apache/hadoop/hadoop-common/3.2.1/hadoop-common-3.2.1-tests.jar:/home/user/.m2/repository/org/apache/hadoop/hadoop-hdfs/3.2.1/hadoop-hdfs-3.2.1-tests.jar:/home/user/.m2/repository/org/eclipse/jetty/jetty-util-ajax/9.4.34.v20201102/jetty-util-ajax-9.4.34.v20201102.jar:/home/user/.m2/repository/commons-daemon/commons-daemon/1.0.13/commons-daemon-1.0.13.jar:/home/user/.m2/repository/io/netty/netty/3.10.5.Final/netty-3.10.5.Final.jar:/home/user/.m2/repository/io/netty/netty-all/4.1.48.Final/netty-all-4.1.48.Final.jar:/home/user/.m2/repository/org/apache/htrace/htrace-core4/4.1.0-incubating/htrace-core4-4.1.0-incubating.jar:/home/user/.m2/repository/org/apache/hadoop/hadoop-distcp/3.2.1/hadoop-distcp-3.2.1.jar:/home/user/.m2/repository/org/apache/hadoop/hadoop-mapreduce-client-jobclient/3.2.1/hadoop-mapreduce-client-jobclient-3.2.1.jar:/home/user/.m2/repository/org/apache/hadoop/hadoop-mapreduce-client-common/3.2.1/hadoop-mapreduce-client-common-3.2.1.jar:/home/user/.m2/repository/org/apache/hadoop/hadoop-yarn-common/3.2.1/hadoop-yarn-common-3.2.1.jar:/home/user/.m2/repository/org/apache/hadoop/hadoop-yarn-api/3.2.1/hadoop-yarn-api-3.2.1.jar:/home/user/.m2/repository/com/sun/jersey/jersey-client/1.19/jersey-client-1.19.jar:/home/user/.m2/repository/com/sun/jersey/contribs/jersey-guice/1.19/jersey-guice-1.19.jar:/home/user/.m2/repository/com/fasterxml/jackson/jaxrs/jackson-jaxrs-json-provider/2.10.3/jackson-jaxrs-json-provider-2.10.3.jar:/home/user/.m2/repository/com/fasterxml/jackson/jaxrs/jackson-jaxrs-base/2.10.3/jackson-jaxrs-base-2.10.3.jar:/home/user/.m2/repository/org/apache/hadoop/hadoop-yarn-client/3.2.1/hadoop-yarn-client-3.2.1.jar:/home/user/.m2/repository/org/apache/hadoop/hadoop-mapreduce-client-core/3.2.1/hadoop-mapreduce-client-core-3.2.1.jar:/home/user/.m2/repository/org/apache/avro/avro/1.7.7/avro-1.7.7.jar:/home/user/.m2/repository/org/codehaus/jackson/jackson-core-asl/1.9.13/jackson-core-asl-1.9.13.jar:/home/user/.m2/repository/org/codehaus/jackson/jackson-mapper-asl/1.9.13/jackson-mapper-asl-1.9.13.jar:/home/user/.m2/repository/com/thoughtworks/paranamer/paranamer/2.3/paranamer-2.3.jar:/home/user/.m2/repository/org/xerial/snappy/snappy-java/1.0.5/snappy-java-1.0.5.jar:/home/user/.m2/repository/org/apache/hadoop/hadoop-annotations/3.2.1/hadoop-annotations-3.2.1.jar:/usr/lib/jvm/java-1.8.0-openjdk-1.8.0.232.b09-0.el7_7.x86_64/jre/../lib/tools.jar:/home/user/.m2/repository/org/apache/hadoop/hadoop-distcp/3.2.1/hadoop-distcp-3.2.1-tests.jar:"/>
    <property name="java.vm.vendor" value="Oracle Corporation"/>
    <property name="sun.arch.data.model" value="64"/>
    <property name="test.build.dir" value="/github/workspace/mnt/ozone/hadoop-ozone/integration-test/target/test-dir"/>
    <property name="test.cache.data" value=""/>
    <property name="java.vendor.url" value="http://java.oracle.com/"/>
    <property name="user.timezone" value=""/>
    <property name="java.vm.specification.version" value="1.8"/>
    <property name="os.name" value="Linux"/>
    <property name="test.build.data" value="/github/workspace/mnt/ozone/hadoop-ozone/integration-test/target/test-dir"/>
    <property name="user.country" value="US"/>
    <property name="sun.java.launcher" value="SUN_STANDARD"/>
    <property name="sun.boot.library.path" value="/usr/lib/jvm/java-1.8.0-openjdk-1.8.0.232.b09-0.el7_7.x86_64/jre/lib/amd64"/>
    <property name="sun.java.command" value="/github/workspace/mnt/ozone/hadoop-ozone/integration-test/target/surefire/surefirebooter8944329592791695360.jar /github/workspace/mnt/ozone/hadoop-ozone/integration-test/target/surefire 2021-01-18T03-20-02_177-jvmRun1 surefire6373289076273742898tmp surefire_498350706940079674283tmp"/>
    <property name="surefire.test.class.path" value="/github/workspace/mnt/ozone/hadoop-ozone/integration-test/target/test-classes:/github/workspace/mnt/ozone/hadoop-ozone/integration-test/target/classes:/home/user/.m2/repository/org/apache/hadoop/hadoop-ozone-common/1.1.0-SNAPSHOT/hadoop-ozone-common-1.1.0-SNAPSHOT.jar:/home/user/.m2/repository/org/apache/commons/commons-compress/1.4.1/commons-compress-1.4.1.jar:/home/user/.m2/repository/org/tukaani/xz/1.0/xz-1.0.jar:/home/user/.m2/repository/org/apache/hadoop/hadoop-hdds-common/1.1.0-SNAPSHOT/hadoop-hdds-common-1.1.0-SNAPSHOT.jar:/home/user/.m2/repository/org/apache/hadoop/hadoop-hdds-client/1.1.0-SNAPSHOT/hadoop-hdds-client-1.1.0-SNAPSHOT.jar:/home/user/.m2/repository/org/apache/hadoop/hadoop-ozone-interface-client/1.1.0-SNAPSHOT/hadoop-ozone-interface-client-1.1.0-SNAPSHOT.jar:/home/user/.m2/repository/org/apache/hadoop/hadoop-hdds-test-utils/1.1.0-SNAPSHOT/hadoop-hdds-test-utils-1.1.0-SNAPSHOT.jar:/home/user/.m2/repository/com/google/guava/guava/28.2-jre/guava-28.2-jre.jar:/home/user/.m2/repository/com/google/guava/failureaccess/1.0.1/failureaccess-1.0.1.jar:/home/user/.m2/repository/com/google/guava/listenablefuture/9999.0-empty-to-avoid-conflict-with-guava/listenablefuture-9999.0-empty-to-avoid-conflict-with-guava.jar:/home/user/.m2/repository/com/google/code/findbugs/jsr305/3.0.0/jsr305-3.0.0.jar:/home/user/.m2/repository/org/checkerframework/checker-qual/2.10.0/checker-qual-2.10.0.jar:/home/user/.m2/repository/com/google/errorprone/error_prone_annotations/2.2.0/error_prone_annotations-2.2.0.jar:/home/user/.m2/repository/com/google/j2objc/j2objc-annotations/1.3/j2objc-annotations-1.3.jar:/home/user/.m2/repository/commons-io/commons-io/2.5/commons-io-2.5.jar:/home/user/.m2/repository/commons-logging/commons-logging/1.2/commons-logging-1.2.jar:/home/user/.m2/repository/log4j/log4j/1.2.17/log4j-1.2.17.jar:/home/user/.m2/repository/org/slf4j/slf4j-api/1.7.30/slf4j-api-1.7.30.jar:/home/user/.m2/repository/org/apache/hadoop/hadoop-hdds-server-scm/1.1.0-SNAPSHOT/hadoop-hdds-server-scm-1.1.0-SNAPSHOT.jar:/home/user/.m2/repository/org/apache/hadoop/hadoop-hdds-container-service/1.1.0-SNAPSHOT/hadoop-hdds-container-service-1.1.0-SNAPSHOT.jar:/home/user/.m2/repository/org/apache/hadoop/hadoop-hdds-hadoop-dependency-server/1.1.0-SNAPSHOT/hadoop-hdds-hadoop-dependency-server-1.1.0-SNAPSHOT.jar:/home/user/.m2/repository/org/apache/hadoop/hadoop-hdfs/3.2.1/hadoop-hdfs-3.2.1.jar:/home/user/.m2/repository/org/apache/hadoop/hadoop-hdds-server-framework/1.1.0-SNAPSHOT/hadoop-hdds-server-framework-1.1.0-SNAPSHOT.jar:/home/user/.m2/repository/org/apache/hadoop/hadoop-hdds-interface-server/1.1.0-SNAPSHOT/hadoop-hdds-interface-server-1.1.0-SNAPSHOT.jar:/home/user/.m2/repository/org/apache/hadoop/hadoop-hdds-interface-admin/1.1.0-SNAPSHOT/hadoop-hdds-interface-admin-1.1.0-SNAPSHOT.jar:/home/user/.m2/repository/org/eclipse/jetty/jetty-servlet/9.4.34.v20201102/jetty-servlet-9.4.34.v20201102.jar:/home/user/.m2/repository/org/eclipse/jetty/jetty-security/9.4.34.v20201102/jetty-security-9.4.34.v20201102.jar:/home/user/.m2/repository/org/rocksdb/rocksdbjni/6.8.1/rocksdbjni-6.8.1.jar:/home/user/.m2/repository/io/prometheus/simpleclient_dropwizard/0.7.0/simpleclient_dropwizard-0.7.0.jar:/home/user/.m2/repository/io/prometheus/simpleclient/0.7.0/simpleclient-0.7.0.jar:/home/user/.m2/repository/io/prometheus/simpleclient_common/0.7.0/simpleclient_common-0.7.0.jar:/home/user/.m2/repository/com/fasterxml/jackson/datatype/jackson-datatype-jsr310/2.10.3/jackson-datatype-jsr310-2.10.3.jar:/home/user/.m2/repository/io/dropwizard/metrics/metrics-core/3.2.4/metrics-core-3.2.4.jar:/home/user/.m2/repository/org/apache/hadoop/hadoop-hdfs-client/3.2.1/hadoop-hdfs-client-3.2.1.jar:/home/user/.m2/repository/org/bouncycastle/bcprov-jdk15on/1.67/bcprov-jdk15on-1.67.jar:/home/user/.m2/repository/org/apache/hadoop/hadoop-ozone-ozone-manager/1.1.0-SNAPSHOT/hadoop-ozone-ozone-manager-1.1.0-SNAPSHOT.jar:/home/user/.m2/repository/org/apache/hadoop/hadoop-hdds-interface-client/1.1.0-SNAPSHOT/hadoop-hdds-interface-client-1.1.0-SNAPSHOT.jar:/home/user/.m2/repository/org/apache/ratis/ratis-thirdparty-misc/0.6.0-SNAPSHOT/ratis-thirdparty-misc-0.6.0-SNAPSHOT.jar:/home/user/.m2/repository/org/apache/hadoop/hadoop-ozone-interface-storage/1.1.0-SNAPSHOT/hadoop-ozone-interface-storage-1.1.0-SNAPSHOT.jar:/home/user/.m2/repository/org/apache/hadoop/hadoop-minikdc/3.2.1/hadoop-minikdc-3.2.1.jar:/home/user/.m2/repository/org/apache/kerby/kerb-simplekdc/1.0.1/kerb-simplekdc-1.0.1.jar:/home/user/.m2/repository/org/apache/kerby/kerb-client/1.0.1/kerb-client-1.0.1.jar:/home/user/.m2/repository/org/apache/kerby/kerby-config/1.0.1/kerby-config-1.0.1.jar:/home/user/.m2/repository/org/apache/kerby/kerb-core/1.0.1/kerb-core-1.0.1.jar:/home/user/.m2/repository/org/apache/kerby/kerby-pkix/1.0.1/kerby-pkix-1.0.1.jar:/home/user/.m2/repository/org/apache/kerby/kerby-asn1/1.0.1/kerby-asn1-1.0.1.jar:/home/user/.m2/repository/org/apache/kerby/kerby-util/1.0.1/kerby-util-1.0.1.jar:/home/user/.m2/repository/org/apache/kerby/kerb-common/1.0.1/kerb-common-1.0.1.jar:/home/user/.m2/repository/org/apache/kerby/kerb-crypto/1.0.1/kerb-crypto-1.0.1.jar:/home/user/.m2/repository/org/apache/kerby/kerb-util/1.0.1/kerb-util-1.0.1.jar:/home/user/.m2/repository/org/apache/kerby/token-provider/1.0.1/token-provider-1.0.1.jar:/home/user/.m2/repository/org/apache/kerby/kerb-admin/1.0.1/kerb-admin-1.0.1.jar:/home/user/.m2/repository/org/apache/kerby/kerb-server/1.0.1/kerb-server-1.0.1.jar:/home/user/.m2/repository/org/apache/kerby/kerb-identity/1.0.1/kerb-identity-1.0.1.jar:/home/user/.m2/repository/org/apache/kerby/kerby-xdr/1.0.1/kerby-xdr-1.0.1.jar:/home/user/.m2/repository/org/slf4j/slf4j-log4j12/1.7.30/slf4j-log4j12-1.7.30.jar:/home/user/.m2/repository/org/apache/hadoop/hadoop-ozone-s3gateway/1.1.0-SNAPSHOT/hadoop-ozone-s3gateway-1.1.0-SNAPSHOT.jar:/home/user/.m2/repository/org/jboss/weld/servlet/weld-servlet/2.4.7.Final/weld-servlet-2.4.7.Final.jar:/home/user/.m2/repository/org/glassfish/jersey/containers/jersey-container-servlet-core/2.27/jersey-container-servlet-core-2.27.jar:/home/user/.m2/repository/org/glassfish/hk2/external/javax.inject/2.5.0-b42/javax.inject-2.5.0-b42.jar:/home/user/.m2/repository/org/glassfish/jersey/core/jersey-common/2.27/jersey-common-2.27.jar:/home/user/.m2/repository/org/glassfish/hk2/osgi-resource-locator/1.0.1/osgi-resource-locator-1.0.1.jar:/home/user/.m2/repository/javax/ws/rs/javax.ws.rs-api/2.1/javax.ws.rs-api-2.1.jar:/home/user/.m2/repository/org/glassfish/jersey/ext/cdi/jersey-cdi1x/2.27/jersey-cdi1x-2.27.jar:/home/user/.m2/repository/org/glassfish/jersey/inject/jersey-hk2/2.27/jersey-hk2-2.27.jar:/home/user/.m2/repository/org/glassfish/hk2/hk2-locator/2.5.0-b42/hk2-locator-2.5.0-b42.jar:/home/user/.m2/repository/org/javassist/javassist/3.22.0-CR2/javassist-3.22.0-CR2.jar:/home/user/.m2/repository/org/glassfish/hk2/hk2-api/2.5.0/hk2-api-2.5.0.jar:/home/user/.m2/repository/org/glassfish/hk2/external/jakarta.inject/2.5.0/jakarta.inject-2.5.0.jar:/home/user/.m2/repository/org/glassfish/hk2/hk2-utils/2.5.0/hk2-utils-2.5.0.jar:/home/user/.m2/repository/jakarta/annotation/jakarta.annotation-api/1.3.4/jakarta.annotation-api-1.3.4.jar:/home/user/.m2/repository/org/glassfish/hk2/external/aopalliance-repackaged/2.5.0/aopalliance-repackaged-2.5.0.jar:/home/user/.m2/repository/com/fasterxml/jackson/dataformat/jackson-dataformat-xml/2.10.3/jackson-dataformat-xml-2.10.3.jar:/home/user/.m2/repository/com/fasterxml/jackson/core/jackson-core/2.10.3/jackson-core-2.10.3.jar:/home/user/.m2/repository/com/fasterxml/jackson/module/jackson-module-jaxb-annotations/2.10.3/jackson-module-jaxb-annotations-2.10.3.jar:/home/user/.m2/repository/jakarta/xml/bind/jakarta.xml.bind-api/2.3.2/jakarta.xml.bind-api-2.3.2.jar:/home/user/.m2/repository/jakarta/activation/jakarta.activation-api/1.2.1/jakarta.activation-api-1.2.1.jar:/home/user/.m2/repository/org/codehaus/woodstox/stax2-api/3.1.4/stax2-api-3.1.4.jar:/home/user/.m2/repository/com/fasterxml/woodstox/woodstox-core/5.0.3/woodstox-core-5.0.3.jar:/home/user/.m2/repository/javax/enterprise/cdi-api/1.2/cdi-api-1.2.jar:/home/user/.m2/repository/javax/el/javax.el-api/3.0.0/javax.el-api-3.0.0.jar:/home/user/.m2/repository/javax/interceptor/javax.interceptor-api/1.2/javax.interceptor-api-1.2.jar:/home/user/.m2/repository/javax/inject/javax.inject/1/javax.inject-1.jar:/home/user/.m2/repository/com/sun/xml/bind/jaxb-impl/2.3.0.1/jaxb-impl-2.3.0.1.jar:/home/user/.m2/repository/com/sun/xml/bind/jaxb-core/2.3.0.1/jaxb-core-2.3.0.1.jar:/home/user/.m2/repository/javax/xml/bind/jaxb-api/2.3.0/jaxb-api-2.3.0.jar:/home/user/.m2/repository/javax/activation/activation/1.1.1/activation-1.1.1.jar:/home/user/.m2/repository/org/apache/hadoop/hadoop-ozone-csi/1.1.0-SNAPSHOT/hadoop-ozone-csi-1.1.0-SNAPSHOT.jar:/home/user/.m2/repository/com/google/protobuf/protobuf-java-util/3.11.0/protobuf-java-util-3.11.0.jar:/home/user/.m2/repository/com/google/code/gson/gson/2.2.4/gson-2.2.4.jar:/home/user/.m2/repository/org/apache/hadoop/hadoop-hdds-config/1.1.0-SNAPSHOT/hadoop-hdds-config-1.1.0-SNAPSHOT.jar:/home/user/.m2/repository/com/google/protobuf/protobuf-java/2.5.0/protobuf-java-2.5.0.jar:/home/user/.m2/repository/io/grpc/grpc-netty/1.29.0/grpc-netty-1.29.0.jar:/home/user/.m2/repository/io/grpc/grpc-core/1.29.0/grpc-core-1.29.0.jar:/home/user/.m2/repository/com/google/android/annotations/4.1.1.4/annotations-4.1.1.4.jar:/home/user/.m2/repository/io/perfmark/perfmark-api/0.19.0/perfmark-api-0.19.0.jar:/home/user/.m2/repository/io/netty/netty-codec-http2/4.1.48.Final/netty-codec-http2-4.1.48.Final.jar:/home/user/.m2/repository/io/netty/netty-codec/4.1.48.Final/netty-codec-4.1.48.Final.jar:/home/user/.m2/repository/io/netty/netty-handler/4.1.48.Final/netty-handler-4.1.48.Final.jar:/home/user/.m2/repository/io/netty/netty-codec-http/4.1.48.Final/netty-codec-http-4.1.48.Final.jar:/home/user/.m2/repository/io/netty/netty-handler-proxy/4.1.48.Final/netty-handler-proxy-4.1.48.Final.jar:/home/user/.m2/repository/io/netty/netty-codec-socks/4.1.48.Final/netty-codec-socks-4.1.48.Final.jar:/home/user/.m2/repository/io/netty/netty-transport-native-epoll/4.1.48.Final/netty-transport-native-epoll-4.1.48.Final.jar:/home/user/.m2/repository/io/netty/netty-common/4.1.48.Final/netty-common-4.1.48.Final.jar:/home/user/.m2/repository/io/netty/netty-buffer/4.1.48.Final/netty-buffer-4.1.48.Final.jar:/home/user/.m2/repository/io/netty/netty-transport/4.1.48.Final/netty-transport-4.1.48.Final.jar:/home/user/.m2/repository/io/netty/netty-resolver/4.1.48.Final/netty-resolver-4.1.48.Final.jar:/home/user/.m2/repository/io/netty/netty-transport-native-unix-common/4.1.48.Final/netty-transport-native-unix-common-4.1.48.Final.jar:/home/user/.m2/repository/io/grpc/grpc-protobuf/1.29.0/grpc-protobuf-1.29.0.jar:/home/user/.m2/repository/io/grpc/grpc-api/1.29.0/grpc-api-1.29.0.jar:/home/user/.m2/repository/io/grpc/grpc-context/1.29.0/grpc-context-1.29.0.jar:/home/user/.m2/repository/org/codehaus/mojo/animal-sniffer-annotations/1.18/animal-sniffer-annotations-1.18.jar:/home/user/.m2/repository/com/google/api/grpc/proto-google-common-protos/1.17.0/proto-google-common-protos-1.17.0.jar:/home/user/.m2/repository/io/grpc/grpc-protobuf-lite/1.29.0/grpc-protobuf-lite-1.29.0.jar:/home/user/.m2/repository/io/grpc/grpc-stub/1.29.0/grpc-stub-1.29.0.jar:/home/user/.m2/repository/org/apache/hadoop/hadoop-ozone-recon/1.1.0-SNAPSHOT/hadoop-ozone-recon-1.1.0-SNAPSHOT.jar:/home/user/.m2/repository/org/apache/hadoop/hadoop-ozone-reconcodegen/1.1.0-SNAPSHOT/hadoop-ozone-reconcodegen-1.1.0-SNAPSHOT.jar:/home/user/.m2/repository/com/google/inject/extensions/guice-multibindings/4.0/guice-multibindings-4.0.jar:/home/user/.m2/repository/com/google/inject/guice/4.0/guice-4.0.jar:/home/user/.m2/repository/aopalliance/aopalliance/1.0/aopalliance-1.0.jar:/home/user/.m2/repository/com/google/inject/extensions/guice-assistedinject/4.0/guice-assistedinject-4.0.jar:/home/user/.m2/repository/com/google/inject/extensions/guice-servlet/4.0/guice-servlet-4.0.jar:/home/user/.m2/repository/org/glassfish/jersey/containers/jersey-container-servlet/2.27/jersey-container-servlet-2.27.jar:/home/user/.m2/repository/org/glassfish/hk2/guice-bridge/2.5.0/guice-bridge-2.5.0.jar:/home/user/.m2/repository/org/glassfish/jersey/core/jersey-server/2.27/jersey-server-2.27.jar:/home/user/.m2/repository/org/glassfish/jersey/core/jersey-client/2.27/jersey-client-2.27.jar:/home/user/.m2/repository/org/glassfish/jersey/media/jersey-media-jaxb/2.27/jersey-media-jaxb-2.27.jar:/home/user/.m2/repository/javax/validation/validation-api/1.1.0.Final/validation-api-1.1.0.Final.jar:/home/user/.m2/repository/org/glassfish/jersey/media/jersey-media-json-jackson/2.27/jersey-media-json-jackson-2.27.jar:/home/user/.m2/repository/org/glassfish/jersey/ext/jersey-entity-filtering/2.27/jersey-entity-filtering-2.27.jar:/home/user/.m2/repository/org/jooq/jooq/3.11.10/jooq-3.11.10.jar:/home/user/.m2/repository/org/jooq/jooq-meta/3.11.10/jooq-meta-3.11.10.jar:/home/user/.m2/repository/org/jooq/jooq-codegen/3.11.10/jooq-codegen-3.11.10.jar:/home/user/.m2/repository/com/jolbox/bonecp/0.8.0.RELEASE/bonecp-0.8.0.RELEASE.jar:/home/user/.m2/repository/org/apache/derby/derby/10.14.2.0/derby-10.14.2.0.jar:/home/user/.m2/repository/org/xerial/sqlite-jdbc/3.25.2/sqlite-jdbc-3.25.2.jar:/home/user/.m2/repository/org/springframework/spring-jdbc/5.2.11.RELEASE/spring-jdbc-5.2.11.RELEASE.jar:/home/user/.m2/repository/org/springframework/spring-beans/5.2.11.RELEASE/spring-beans-5.2.11.RELEASE.jar:/home/user/.m2/repository/org/springframework/spring-core/5.2.11.RELEASE/spring-core-5.2.11.RELEASE.jar:/home/user/.m2/repository/org/springframework/spring-jcl/5.2.11.RELEASE/spring-jcl-5.2.11.RELEASE.jar:/home/user/.m2/repository/org/springframework/spring-tx/5.2.11.RELEASE/spring-tx-5.2.11.RELEASE.jar:/home/user/.m2/repository/org/apache/hadoop/hadoop-ozone-client/1.1.0-SNAPSHOT/hadoop-ozone-client-1.1.0-SNAPSHOT.jar:/home/user/.m2/repository/org/apache/hadoop/hadoop-ozone-filesystem/1.1.0-SNAPSHOT/hadoop-ozone-filesystem-1.1.0-SNAPSHOT.jar:/home/user/.m2/repository/org/apache/hadoop/hadoop-ozone-filesystem-common/1.1.0-SNAPSHOT/hadoop-ozone-filesystem-common-1.1.0-SNAPSHOT.jar:/home/user/.m2/repository/org/apache/hadoop/hadoop-ozone-tools/1.1.0-SNAPSHOT/hadoop-ozone-tools-1.1.0-SNAPSHOT.jar:/home/user/.m2/repository/org/apache/ratis/ratis-tools/1.1.0-35f17fa-SNAPSHOT/ratis-tools-1.1.0-35f17fa-SNAPSHOT.jar:/home/user/.m2/repository/org/apache/ratis/ratis-proto/1.1.0-35f17fa-SNAPSHOT/ratis-proto-1.1.0-35f17fa-SNAPSHOT.jar:/home/user/.m2/repository/org/apache/ratis/ratis-common/1.1.0-35f17fa-SNAPSHOT/ratis-common-1.1.0-35f17fa-SNAPSHOT.jar:/home/user/.m2/repository/com/amazonaws/aws-java-sdk-core/1.11.901/aws-java-sdk-core-1.11.901.jar:/home/user/.m2/repository/org/apache/httpcomponents/httpclient/4.5.13/httpclient-4.5.13.jar:/home/user/.m2/repository/org/apache/httpcomponents/httpcore/4.4.13/httpcore-4.4.13.jar:/home/user/.m2/repository/software/amazon/ion/ion-java/1.0.2/ion-java-1.0.2.jar:/home/user/.m2/repository/com/fasterxml/jackson/dataformat/jackson-dataformat-cbor/2.10.3/jackson-dataformat-cbor-2.10.3.jar:/home/user/.m2/repository/joda-time/joda-time/2.8.1/joda-time-2.8.1.jar:/home/user/.m2/repository/com/amazonaws/aws-java-sdk-s3/1.11.901/aws-java-sdk-s3-1.11.901.jar:/home/user/.m2/repository/com/amazonaws/aws-java-sdk-kms/1.11.901/aws-java-sdk-kms-1.11.901.jar:/home/user/.m2/repository/com/amazonaws/jmespath-java/1.11.901/jmespath-java-1.11.901.jar:/home/user/.m2/repository/org/kohsuke/metainf-services/metainf-services/1.8/metainf-services-1.8.jar:/home/user/.m2/repository/org/apache/hadoop/hadoop-hdds-tools/1.1.0-SNAPSHOT/hadoop-hdds-tools-1.1.0-SNAPSHOT.jar:/home/user/.m2/repository/commons-cli/commons-cli/1.2/commons-cli-1.2.jar:/home/user/.m2/repository/org/apache/commons/commons-lang3/3.7/commons-lang3-3.7.jar:/home/user/.m2/repository/org/apache/hadoop/hadoop-ozone-ozone-manager/1.1.0-SNAPSHOT/hadoop-ozone-ozone-manager-1.1.0-SNAPSHOT-tests.jar:/home/user/.m2/repository/org/apache/hadoop/hadoop-hdds-common/1.1.0-SNAPSHOT/hadoop-hdds-common-1.1.0-SNAPSHOT-tests.jar:/home/user/.m2/repository/org/apache/hadoop/hadoop-hdds-hadoop-dependency-client/1.1.0-SNAPSHOT/hadoop-hdds-hadoop-dependency-client-1.1.0-SNAPSHOT.jar:/home/user/.m2/repository/info/picocli/picocli/4.4.0/picocli-4.4.0.jar:/home/user/.m2/repository/com/fasterxml/jackson/core/jackson-annotations/2.10.3/jackson-annotations-2.10.3.jar:/home/user/.m2/repository/javax/annotation/javax.annotation-api/1.2/javax.annotation-api-1.2.jar:/home/user/.m2/repository/org/fusesource/leveldbjni/leveldbjni-all/1.8/leveldbjni-all-1.8.jar:/home/user/.m2/repository/org/apache/ratis/ratis-server/1.1.0-35f17fa-SNAPSHOT/ratis-server-1.1.0-35f17fa-SNAPSHOT.jar:/home/user/.m2/repository/org/apache/ratis/ratis-client/1.1.0-35f17fa-SNAPSHOT/ratis-client-1.1.0-35f17fa-SNAPSHOT.jar:/home/user/.m2/repository/org/apache/ratis/ratis-server-api/1.1.0-35f17fa-SNAPSHOT/ratis-server-api-1.1.0-35f17fa-SNAPSHOT.jar:/home/user/.m2/repository/org/apache/ratis/ratis-metrics/1.1.0-35f17fa-SNAPSHOT/ratis-metrics-1.1.0-35f17fa-SNAPSHOT.jar:/home/user/.m2/repository/org/apache/ratis/ratis-netty/1.1.0-35f17fa-SNAPSHOT/ratis-netty-1.1.0-35f17fa-SNAPSHOT.jar:/home/user/.m2/repository/org/apache/ratis/ratis-grpc/1.1.0-35f17fa-SNAPSHOT/ratis-grpc-1.1.0-35f17fa-SNAPSHOT.jar:/home/user/.m2/repository/org/apache/logging/log4j/log4j-api/2.13.3/log4j-api-2.13.3.jar:/home/user/.m2/repository/org/apache/logging/log4j/log4j-core/2.13.3/log4j-core-2.13.3.jar:/home/user/.m2/repository/com/lmax/disruptor/3.4.2/disruptor-3.4.2.jar:/home/user/.m2/repository/org/apache/commons/commons-pool2/2.6.0/commons-pool2-2.6.0.jar:/home/user/.m2/repository/org/bouncycastle/bcpkix-jdk15on/1.67/bcpkix-jdk15on-1.67.jar:/home/user/.m2/repository/commons-validator/commons-validator/1.6/commons-validator-1.6.jar:/home/user/.m2/repository/commons-beanutils/commons-beanutils/1.9.4/commons-beanutils-1.9.4.jar:/home/user/.m2/repository/commons-digester/commons-digester/1.8.1/commons-digester-1.8.1.jar:/home/user/.m2/repository/commons-collections/commons-collections/3.2.2/commons-collections-3.2.2.jar:/home/user/.m2/repository/io/jaegertracing/jaeger-client/1.2.0/jaeger-client-1.2.0.jar:/home/user/.m2/repository/io/jaegertracing/jaeger-thrift/1.2.0/jaeger-thrift-1.2.0.jar:/home/user/.m2/repository/org/apache/thrift/libthrift/0.13.0/libthrift-0.13.0.jar:/home/user/.m2/repository/com/squareup/okhttp3/okhttp/4.2.2/okhttp-4.2.2.jar:/home/user/.m2/repository/com/squareup/okio/okio/2.2.2/okio-2.2.2.jar:/home/user/.m2/repository/org/jetbrains/kotlin/kotlin-stdlib/1.3.50/kotlin-stdlib-1.3.50.jar:/home/user/.m2/repository/org/jetbrains/kotlin/kotlin-stdlib-common/1.3.50/kotlin-stdlib-common-1.3.50.jar:/home/user/.m2/repository/org/jetbrains/annotations/13.0/annotations-13.0.jar:/home/user/.m2/repository/io/jaegertracing/jaeger-core/1.2.0/jaeger-core-1.2.0.jar:/home/user/.m2/repository/io/jaegertracing/jaeger-tracerresolver/1.2.0/jaeger-tracerresolver-1.2.0.jar:/home/user/.m2/repository/io/opentracing/contrib/opentracing-tracerresolver/0.1.8/opentracing-tracerresolver-0.1.8.jar:/home/user/.m2/repository/io/opentracing/opentracing-util/0.33.0/opentracing-util-0.33.0.jar:/home/user/.m2/repository/io/opentracing/opentracing-api/0.33.0/opentracing-api-0.33.0.jar:/home/user/.m2/repository/io/opentracing/opentracing-noop/0.33.0/opentracing-noop-0.33.0.jar:/home/user/.m2/repository/org/yaml/snakeyaml/1.26/snakeyaml-1.26.jar:/home/user/.m2/repository/junit/junit/4.11/junit-4.11.jar:/home/user/.m2/repository/org/hamcrest/hamcrest-core/1.3/hamcrest-core-1.3.jar:/home/user/.m2/repository/org/openjdk/jmh/jmh-core/1.19/jmh-core-1.19.jar:/home/user/.m2/repository/net/sf/jopt-simple/jopt-simple/4.6/jopt-simple-4.6.jar:/home/user/.m2/repository/org/apache/commons/commons-math3/3.1.1/commons-math3-3.1.1.jar:/home/user/.m2/repository/org/openjdk/jmh/jmh-generator-annprocess/1.19/jmh-generator-annprocess-1.19.jar:/home/user/.m2/repository/org/mockito/mockito-all/1.8.5/mockito-all-1.8.5.jar:/home/user/.m2/repository/org/apache/hadoop/hadoop-kms/3.2.1/hadoop-kms-3.2.1.jar:/home/user/.m2/repository/org/apache/hadoop/hadoop-auth/3.2.1/hadoop-auth-3.2.1.jar:/home/user/.m2/repository/com/nimbusds/nimbus-jose-jwt/7.9/nimbus-jose-jwt-7.9.jar:/home/user/.m2/repository/com/github/stephenc/jcip/jcip-annotations/1.0-1/jcip-annotations-1.0-1.jar:/home/user/.m2/repository/net/minidev/json-smart/2.3/json-smart-2.3.jar:/home/user/.m2/repository/net/minidev/accessors-smart/1.2/accessors-smart-1.2.jar:/home/user/.m2/repository/org/ow2/asm/asm/5.0.4/asm-5.0.4.jar:/home/user/.m2/repository/org/apache/zookeeper/zookeeper/3.4.13/zookeeper-3.4.13.jar:/home/user/.m2/repository/org/apache/yetus/audience-annotations/0.5.0/audience-annotations-0.5.0.jar:/home/user/.m2/repository/org/apache/curator/curator-framework/2.13.0/curator-framework-2.13.0.jar:/home/user/.m2/repository/com/sun/jersey/jersey-core/1.19/jersey-core-1.19.jar:/home/user/.m2/repository/javax/ws/rs/jsr311-api/1.1.1/jsr311-api-1.1.1.jar:/home/user/.m2/repository/com/sun/jersey/jersey-server/1.19/jersey-server-1.19.jar:/home/user/.m2/repository/javax/servlet/javax.servlet-api/3.1.0/javax.servlet-api-3.1.0.jar:/home/user/.m2/repository/org/eclipse/jetty/jetty-server/9.4.34.v20201102/jetty-server-9.4.34.v20201102.jar:/home/user/.m2/repository/org/eclipse/jetty/jetty-http/9.4.34.v20201102/jetty-http-9.4.34.v20201102.jar:/home/user/.m2/repository/org/eclipse/jetty/jetty-io/9.4.34.v20201102/jetty-io-9.4.34.v20201102.jar:/home/user/.m2/repository/org/eclipse/jetty/jetty-webapp/9.4.34.v20201102/jetty-webapp-9.4.34.v20201102.jar:/home/user/.m2/repository/org/eclipse/jetty/jetty-xml/9.4.34.v20201102/jetty-xml-9.4.34.v20201102.jar:/home/user/.m2/repository/org/apache/hadoop/hadoop-common/3.2.1/hadoop-common-3.2.1.jar:/home/user/.m2/repository/commons-net/commons-net/3.6/commons-net-3.6.jar:/home/user/.m2/repository/com/sun/jersey/jersey-servlet/1.19/jersey-servlet-1.19.jar:/home/user/.m2/repository/com/sun/jersey/jersey-json/1.19/jersey-json-1.19.jar:/home/user/.m2/repository/org/codehaus/jettison/jettison/1.1/jettison-1.1.jar:/home/user/.m2/repository/org/codehaus/jackson/jackson-jaxrs/1.9.2/jackson-jaxrs-1.9.2.jar:/home/user/.m2/repository/org/codehaus/jackson/jackson-xc/1.9.2/jackson-xc-1.9.2.jar:/home/user/.m2/repository/org/apache/commons/commons-configuration2/2.1.1/commons-configuration2-2.1.1.jar:/home/user/.m2/repository/org/apache/commons/commons-text/1.4/commons-text-1.4.jar:/home/user/.m2/repository/com/google/re2j/re2j/1.1/re2j-1.1.jar:/home/user/.m2/repository/com/jcraft/jsch/0.1.54/jsch-0.1.54.jar:/home/user/.m2/repository/org/apache/curator/curator-client/2.13.0/curator-client-2.13.0.jar:/home/user/.m2/repository/org/apache/curator/curator-recipes/2.13.0/curator-recipes-2.13.0.jar:/home/user/.m2/repository/dnsjava/dnsjava/2.1.7/dnsjava-2.1.7.jar:/home/user/.m2/repository/org/slf4j/jul-to-slf4j/1.7.30/jul-to-slf4j-1.7.30.jar:/home/user/.m2/repository/org/eclipse/jetty/jetty-util/9.4.34.v20201102/jetty-util-9.4.34.v20201102.jar:/home/user/.m2/repository/com/fasterxml/jackson/core/jackson-databind/2.10.3/jackson-databind-2.10.3.jar:/home/user/.m2/repository/org/apache/hadoop/hadoop-kms/3.2.1/hadoop-kms-3.2.1-tests.jar:/home/user/.m2/repository/org/apache/hadoop/hadoop-hdds-server-scm/1.1.0-SNAPSHOT/hadoop-hdds-server-scm-1.1.0-SNAPSHOT-tests.jar:/home/user/.m2/repository/org/apache/hadoop/hadoop-hdds-container-service/1.1.0-SNAPSHOT/hadoop-hdds-container-service-1.1.0-SNAPSHOT-tests.jar:/home/user/.m2/repository/commons-codec/commons-codec/1.11/commons-codec-1.11.jar:/home/user/.m2/repository/org/apache/hadoop/hadoop-hdds-hadoop-dependency-test/1.1.0-SNAPSHOT/hadoop-hdds-hadoop-dependency-test-1.1.0-SNAPSHOT.jar:/home/user/.m2/repository/org/apache/hadoop/hadoop-common/3.2.1/hadoop-common-3.2.1-tests.jar:/home/user/.m2/repository/org/apache/hadoop/hadoop-hdfs/3.2.1/hadoop-hdfs-3.2.1-tests.jar:/home/user/.m2/repository/org/eclipse/jetty/jetty-util-ajax/9.4.34.v20201102/jetty-util-ajax-9.4.34.v20201102.jar:/home/user/.m2/repository/commons-daemon/commons-daemon/1.0.13/commons-daemon-1.0.13.jar:/home/user/.m2/repository/io/netty/netty/3.10.5.Final/netty-3.10.5.Final.jar:/home/user/.m2/repository/io/netty/netty-all/4.1.48.Final/netty-all-4.1.48.Final.jar:/home/user/.m2/repository/org/apache/htrace/htrace-core4/4.1.0-incubating/htrace-core4-4.1.0-incubating.jar:/home/user/.m2/repository/org/apache/hadoop/hadoop-distcp/3.2.1/hadoop-distcp-3.2.1.jar:/home/user/.m2/repository/org/apache/hadoop/hadoop-mapreduce-client-jobclient/3.2.1/hadoop-mapreduce-client-jobclient-3.2.1.jar:/home/user/.m2/repository/org/apache/hadoop/hadoop-mapreduce-client-common/3.2.1/hadoop-mapreduce-client-common-3.2.1.jar:/home/user/.m2/repository/org/apache/hadoop/hadoop-yarn-common/3.2.1/hadoop-yarn-common-3.2.1.jar:/home/user/.m2/repository/org/apache/hadoop/hadoop-yarn-api/3.2.1/hadoop-yarn-api-3.2.1.jar:/home/user/.m2/repository/com/sun/jersey/jersey-client/1.19/jersey-client-1.19.jar:/home/user/.m2/repository/com/sun/jersey/contribs/jersey-guice/1.19/jersey-guice-1.19.jar:/home/user/.m2/repository/com/fasterxml/jackson/jaxrs/jackson-jaxrs-json-provider/2.10.3/jackson-jaxrs-json-provider-2.10.3.jar:/home/user/.m2/repository/com/fasterxml/jackson/jaxrs/jackson-jaxrs-base/2.10.3/jackson-jaxrs-base-2.10.3.jar:/home/user/.m2/repository/org/apache/hadoop/hadoop-yarn-client/3.2.1/hadoop-yarn-client-3.2.1.jar:/home/user/.m2/repository/org/apache/hadoop/hadoop-mapreduce-client-core/3.2.1/hadoop-mapreduce-client-core-3.2.1.jar:/home/user/.m2/repository/org/apache/avro/avro/1.7.7/avro-1.7.7.jar:/home/user/.m2/repository/org/codehaus/jackson/jackson-core-asl/1.9.13/jackson-core-asl-1.9.13.jar:/home/user/.m2/repository/org/codehaus/jackson/jackson-mapper-asl/1.9.13/jackson-mapper-asl-1.9.13.jar:/home/user/.m2/repository/com/thoughtworks/paranamer/paranamer/2.3/paranamer-2.3.jar:/home/user/.m2/repository/org/xerial/snappy/snappy-java/1.0.5/snappy-java-1.0.5.jar:/home/user/.m2/repository/org/apache/hadoop/hadoop-annotations/3.2.1/hadoop-annotations-3.2.1.jar:/usr/lib/jvm/java-1.8.0-openjdk-1.8.0.232.b09-0.el7_7.x86_64/jre/../lib/tools.jar:/home/user/.m2/repository/org/apache/hadoop/hadoop-distcp/3.2.1/hadoop-distcp-3.2.1-tests.jar:"/>
    <property name="sun.cpu.endian" value="little"/>
    <property name="user.home" value="/home/user"/>
    <property name="user.language" value="en"/>
    <property name="java.specification.vendor" value="Oracle Corporation"/>
    <property name="java.home" value="/usr/lib/jvm/java-1.8.0-openjdk-1.8.0.232.b09-0.el7_7.x86_64/jre"/>
    <property name="java.security.krb5.conf" value="/github/workspace/mnt/ozone/hadoop-ozone/integration-test/target/test-classes/krb5.conf"/>
    <property name="basedir" value="/github/workspace/mnt/ozone/hadoop-ozone/integration-test"/>
    <property name="file.separator" value="/"/>
    <property name="line.separator" value="&#10;"/>
    <property name="java.vm.specification.vendor" value="Oracle Corporation"/>
    <property name="java.specification.name" value="Java Platform API Specification"/>
    <property name="java.awt.graphicsenv" value="sun.awt.X11GraphicsEnvironment"/>
    <property name="skip.installnpx" value="true"/>
    <property name="surefire.real.class.path" value="/github/workspace/mnt/ozone/hadoop-ozone/integration-test/target/surefire/surefirebooter8944329592791695360.jar:/home/user/.m2/repository/org/jacoco/org.jacoco.agent/0.8.5/org.jacoco.agent-0.8.5-runtime.jar"/>
    <property name="hadoop.log.dir" value="/github/workspace/mnt/ozone/hadoop-ozone/integration-test/target/log"/>
    <property name="sun.boot.class.path" value="/usr/lib/jvm/java-1.8.0-openjdk-1.8.0.232.b09-0.el7_7.x86_64/jre/lib/resources.jar:/usr/lib/jvm/java-1.8.0-openjdk-1.8.0.232.b09-0.el7_7.x86_64/jre/lib/rt.jar:/usr/lib/jvm/java-1.8.0-openjdk-1.8.0.232.b09-0.el7_7.x86_64/jre/lib/sunrsasign.jar:/usr/lib/jvm/java-1.8.0-openjdk-1.8.0.232.b09-0.el7_7.x86_64/jre/lib/jsse.jar:/usr/lib/jvm/java-1.8.0-openjdk-1.8.0.232.b09-0.el7_7.x86_64/jre/lib/jce.jar:/usr/lib/jvm/java-1.8.0-openjdk-1.8.0.232.b09-0.el7_7.x86_64/jre/lib/charsets.jar:/usr/lib/jvm/java-1.8.0-openjdk-1.8.0.232.b09-0.el7_7.x86_64/jre/lib/jfr.jar:/usr/lib/jvm/java-1.8.0-openjdk-1.8.0.232.b09-0.el7_7.x86_64/jre/classes"/>
    <property name="sun.management.compiler" value="HotSpot 64-Bit Tiered Compilers"/>
    <property name="skip.npx" value="true"/>
    <property name="java.runtime.version" value="1.8.0_232-b09"/>
    <property name="java.net.preferIPv4Stack" value="true"/>
    <property name="user.name" value="jenkins1001"/>
    <property name="path.separator" value=":"/>
    <property name="java.security.egd" value="file:///dev/urandom"/>
    <property name="os.version" value="5.4.0-1036-azure"/>
    <property name="java.endorsed.dirs" value="/usr/lib/jvm/java-1.8.0-openjdk-1.8.0.232.b09-0.el7_7.x86_64/jre/lib/endorsed"/>
    <property name="java.runtime.name" value="OpenJDK Runtime Environment"/>
    <property name="file.encoding" value="ANSI_X3.4-1968"/>
    <property name="java.vm.name" value="OpenJDK 64-Bit Server VM"/>
    <property name="test.build.webapps" value=""/>
    <property name="localRepository" value="/home/user/.m2/repository"/>
    <property name="java.vendor.url.bug" value="http://bugreport.sun.com/bugreport/"/>
    <property name="java.io.tmpdir" value="/tmp"/>
    <property name="require.test.libhadoop" value=""/>
    <property name="java.version" value="1.8.0_232"/>
    <property name="user.dir" value="/github/workspace/mnt/ozone/hadoop-ozone/integration-test"/>
    <property name="os.arch" value="amd64"/>
    <property name="java.vm.specification.name" value="Java Virtual Machine Specification"/>
    <property name="test.build.classes" value="/github/workspace/mnt/ozone/hadoop-ozone/integration-test/target/test-classes"/>
    <property name="java.awt.printerjob" value="sun.print.PSPrinterJob"/>
    <property name="sun.os.patch.level" value="unknown"/>
    <property name="hadoop.tmp.dir" value="/github/workspace/mnt/ozone/hadoop-ozone/integration-test/target/tmp"/>
    <property name="java.library.path" value="/usr/lib:/usr/java/packages/lib/amd64:/usr/lib64:/lib64:/lib:/usr/lib"/>
    <property name="java.vm.info" value="mixed mode"/>
    <property name="java.vendor" value="Oracle Corporation"/>
    <property name="java.vm.version" value="25.232-b09"/>
    <property name="java.ext.dirs" value="/usr/lib/jvm/java-1.8.0-openjdk-1.8.0.232.b09-0.el7_7.x86_64/jre/lib/ext:/usr/java/packages/lib/ext"/>
    <property name="sun.io.unicode.encoding" value="UnicodeLittle"/>
    <property name="java.class.version" value="52.0"/>
  </properties>
  <testcase name="testInstallSnapshot" classname="org.apache.hadoop.ozone.om.TestOMRatisSnapshots" time="46.407">
    <failure type="java.lang.AssertionError">java.lang.AssertionError
	at org.junit.Assert.fail(Assert.java:86)
	at org.junit.Assert.assertTrue(Assert.java:41)
	at org.junit.Assert.assertTrue(Assert.java:52)
	at org.apache.hadoop.ozone.om.TestOMRatisSnapshots.testInstallSnapshot(TestOMRatisSnapshots.java:172)
	at sun.reflect.NativeMethodAccessorImpl.invoke0(Native Method)
	at sun.reflect.NativeMethodAccessorImpl.invoke(NativeMethodAccessorImpl.java:62)
	at sun.reflect.DelegatingMethodAccessorImpl.invoke(DelegatingMethodAccessorImpl.java:43)
	at java.lang.reflect.Method.invoke(Method.java:498)
	at org.junit.runners.model.FrameworkMethod$1.runReflectiveCall(FrameworkMethod.java:47)
	at org.junit.internal.runners.model.ReflectiveCallable.run(ReflectiveCallable.java:12)
	at org.junit.runners.model.FrameworkMethod.invokeExplosively(FrameworkMethod.java:44)
	at org.junit.internal.runners.statements.InvokeMethod.evaluate(InvokeMethod.java:17)
	at org.junit.internal.runners.statements.RunBefores.evaluate(RunBefores.java:26)
	at org.junit.internal.runners.statements.RunAfters.evaluate(RunAfters.java:27)
	at org.junit.rules.ExpectedException$ExpectedExceptionStatement.evaluate(ExpectedException.java:168)
	at org.junit.internal.runners.statements.FailOnTimeout$StatementThread.run(FailOnTimeout.java:74)
</failure>
    <system-out><![CDATA[2021-01-18 04:00:46,705 [Thread-1] WARN  server.ServerUtils (ServerUtils.java:getScmDbDir(148)) - ozone.scm.db.dirs is not configured. We recommend adding this setting. Falling back to ozone.metadata.dirs instead.
2021-01-18 04:00:46,787 [Thread-1] WARN  server.ServerUtils (ServerUtils.java:getScmDbDir(148)) - ozone.scm.db.dirs is not configured. We recommend adding this setting. Falling back to ozone.metadata.dirs instead.
2021-01-18 04:00:46,922 [Thread-1] WARN  db.DBStoreBuilder (DBStoreBuilder.java:applyDBDefinition(145)) - ozone.scm.db.dirs is not configured. We recommend adding this setting. Falling back to ozone.metadata.dirs instead.
2021-01-18 04:00:47,059 [Thread-1] INFO  net.NodeSchemaLoader (NodeSchemaLoader.java:loadSchemaFromFile(126)) - Loading file from sun.misc.CompoundEnumeration@6078a21a
2021-01-18 04:00:47,060 [Thread-1] INFO  net.NodeSchemaLoader (NodeSchemaLoader.java:loadSchema(172)) - Loading network topology layer schema file
2021-01-18 04:00:47,129 [Thread-1] WARN  server.ServerUtils (ServerUtils.java:sanitizeUserArgs(73)) - ozone.scm.stale.node.interval value = 300000 is larger than max = 100000 based on the key value of ozone.scm.heartbeat.thread.interval, reset to the max value 100000.
2021-01-18 04:00:47,130 [Thread-1] WARN  server.ServerUtils (ServerUtils.java:sanitizeUserArgs(73)) - ozone.scm.stale.node.interval value = 300000 is larger than max = 100000 based on the key value of ozone.scm.heartbeat.thread.interval, reset to the max value 100000.
2021-01-18 04:00:47,134 [Thread-1] INFO  node.SCMNodeManager (SCMNodeManager.java:<init>(123)) - Entering startup safe mode.
2021-01-18 04:00:47,268 [Thread-1] INFO  algorithms.ContainerPlacementPolicyFactory (ContainerPlacementPolicyFactory.java:getPolicy(60)) - Create container placement policy of type org.apache.hadoop.hdds.scm.container.placement.algorithms.SCMContainerPlacementRandom
2021-01-18 04:00:47,304 [Thread-1] INFO  algorithms.LeaderChoosePolicyFactory (LeaderChoosePolicyFactory.java:getPolicy(57)) - Create leader choose policy of type org.apache.hadoop.hdds.scm.pipeline.leader.choose.algorithms.MinLeaderCountChoosePolicy
2021-01-18 04:00:47,305 [Thread-1] INFO  pipeline.SCMPipelineManager (SCMPipelineManager.java:initializePipelineState(161)) - No pipeline exists in current db
2021-01-18 04:00:47,326 [Thread-1] INFO  algorithms.PipelineChoosePolicyFactory (PipelineChoosePolicyFactory.java:createPipelineChoosePolicyFromClass(75)) - Create pipeline choose policy of type org.apache.hadoop.hdds.scm.pipeline.choose.algorithms.RandomPipelineChoosePolicy
2021-01-18 04:00:47,394 [Thread-1] INFO  safemode.HealthyPipelineSafeModeRule (HealthyPipelineSafeModeRule.java:<init>(89)) - Total pipeline count is 0, healthy pipeline threshold count is 0
2021-01-18 04:00:47,400 [Thread-1] INFO  safemode.OneReplicaPipelineSafeModeRule (OneReplicaPipelineSafeModeRule.java:<init>(85)) - Total pipeline count is 0, pipeline's with at least one datanode reported threshold count is 0
2021-01-18 04:00:47,836 [Thread-1] INFO  ipc.CallQueueManager (CallQueueManager.java:<init>(84)) - Using callQueue: class java.util.concurrent.LinkedBlockingQueue, queueCapacity: 2000, scheduler: class org.apache.hadoop.ipc.DefaultRpcScheduler, ipcBackoff: false.
2021-01-18 04:00:47,858 [Socket Reader #1 for port 0] INFO  ipc.Server (Server.java:run(1219)) - Starting Socket Reader #1 for port 0
2021-01-18 04:00:47,898 [Listener at 0.0.0.0/44515] INFO  ipc.CallQueueManager (CallQueueManager.java:<init>(84)) - Using callQueue: class java.util.concurrent.LinkedBlockingQueue, queueCapacity: 2000, scheduler: class org.apache.hadoop.ipc.DefaultRpcScheduler, ipcBackoff: false.
2021-01-18 04:00:47,899 [Socket Reader #1 for port 0] INFO  ipc.Server (Server.java:run(1219)) - Starting Socket Reader #1 for port 0
2021-01-18 04:00:47,914 [Listener at 0.0.0.0/46521] INFO  ipc.CallQueueManager (CallQueueManager.java:<init>(84)) - Using callQueue: class java.util.concurrent.LinkedBlockingQueue, queueCapacity: 2000, scheduler: class org.apache.hadoop.ipc.DefaultRpcScheduler, ipcBackoff: false.
2021-01-18 04:00:47,914 [Socket Reader #1 for port 0] INFO  ipc.Server (Server.java:run(1219)) - Starting Socket Reader #1 for port 0
2021-01-18 04:00:52,938 [Listener at 0.0.0.0/39579] INFO  http.BaseHttpServer (BaseHttpServer.java:newHttpServer2BuilderForOzone(207)) - Starting Web-server for scm at: http://0.0.0.0:0
2021-01-18 04:00:52,938 [Listener at 0.0.0.0/39579] INFO  http.BaseHttpServer (BaseHttpServer.java:<init>(106)) - Hadoop Security Enabled: false Ozone Security Enabled: false Ozone HTTP Security Enabled: false 
2021-01-18 04:00:52,972 [Listener at 0.0.0.0/39579] INFO  util.log (Log.java:initialized(169)) - Logging initialized @7253ms to org.eclipse.jetty.util.log.Slf4jLog
2021-01-18 04:00:53,087 [Listener at 0.0.0.0/39579] INFO  server.AuthenticationFilter (AuthenticationFilter.java:constructSecretProvider(240)) - Unable to initialize FileSignerSecretProvider, falling back to use random secrets.
2021-01-18 04:00:53,099 [Listener at 0.0.0.0/39579] WARN  http.HttpRequestLog (HttpRequestLog.java:getRequestLog(103)) - Jetty request log can only be enabled using Log4j
2021-01-18 04:00:53,104 [Listener at 0.0.0.0/39579] INFO  http.HttpServer2 (HttpServer2.java:addGlobalFilter(1020)) - Added global filter 'safety' (class=org.apache.hadoop.hdds.server.http.HttpServer2$QuotingInputFilter)
2021-01-18 04:00:53,106 [Listener at 0.0.0.0/39579] INFO  http.HttpServer2 (HttpServer2.java:addFilter(996)) - Added filter static_user_filter (class=org.apache.hadoop.http.lib.StaticUserWebFilter$StaticUserFilter) to context scm
2021-01-18 04:00:53,106 [Listener at 0.0.0.0/39579] INFO  http.HttpServer2 (HttpServer2.java:addFilter(1004)) - Added filter static_user_filter (class=org.apache.hadoop.http.lib.StaticUserWebFilter$StaticUserFilter) to context static
2021-01-18 04:00:53,107 [Listener at 0.0.0.0/39579] INFO  http.HttpServer2 (HttpServer2.java:addFilter(1004)) - Added filter static_user_filter (class=org.apache.hadoop.http.lib.StaticUserWebFilter$StaticUserFilter) to context logs
2021-01-18 04:00:53,158 [Listener at 0.0.0.0/39579] INFO  server.StorageContainerManager (StorageContainerManager.java:start(789)) - StorageContainerLocationProtocol RPC server is listening at /0.0.0.0:39579
2021-01-18 04:00:53,201 [Listener at 0.0.0.0/39579] WARN  impl.MetricsConfig (MetricsConfig.java:loadFirst(134)) - Cannot locate configuration: tried hadoop-metrics2-storagecontainermanager.properties,hadoop-metrics2.properties
2021-01-18 04:00:53,211 [Listener at 0.0.0.0/39579] INFO  impl.MetricsSystemImpl (MetricsSystemImpl.java:startTimer(374)) - Scheduled Metric snapshot period at 10 second(s).
2021-01-18 04:00:53,211 [Listener at 0.0.0.0/39579] INFO  impl.MetricsSystemImpl (MetricsSystemImpl.java:start(191)) - StorageContainerManager metrics system started
2021-01-18 04:00:53,396 [Listener at 0.0.0.0/39579] INFO  server.SCMClientProtocolServer (SCMClientProtocolServer.java:start(159)) - RPC server for Client  is listening at /0.0.0.0:39579
2021-01-18 04:00:53,400 [IPC Server Responder] INFO  ipc.Server (Server.java:run(1460)) - IPC Server Responder: starting
2021-01-18 04:00:53,404 [IPC Server listener on 0] INFO  ipc.Server (Server.java:run(1298)) - IPC Server listener on 0: starting
2021-01-18 04:00:53,416 [Listener at 0.0.0.0/39579] INFO  server.StorageContainerManager (StorageContainerManager.java:start(801)) - ScmBlockLocationProtocol RPC server is listening at /0.0.0.0:46521
2021-01-18 04:00:53,416 [Listener at 0.0.0.0/39579] INFO  server.SCMBlockProtocolServer (SCMBlockProtocolServer.java:start(150)) - RPC server for Block Protocol is listening at /0.0.0.0:46521
2021-01-18 04:00:53,417 [IPC Server Responder] INFO  ipc.Server (Server.java:run(1460)) - IPC Server Responder: starting
2021-01-18 04:00:53,417 [IPC Server listener on 0] INFO  ipc.Server (Server.java:run(1298)) - IPC Server listener on 0: starting
2021-01-18 04:00:53,421 [Listener at 0.0.0.0/39579] INFO  server.StorageContainerManager (StorageContainerManager.java:start(807)) - ScmDatanodeProtocl RPC server is listening at /0.0.0.0:44515
2021-01-18 04:00:53,421 [Listener at 0.0.0.0/39579] INFO  server.SCMDatanodeProtocolServer (SCMDatanodeProtocolServer.java:start(174)) - RPC server for DataNodes is listening at /0.0.0.0:44515
2021-01-18 04:00:53,424 [IPC Server Responder] INFO  ipc.Server (Server.java:run(1460)) - IPC Server Responder: starting
2021-01-18 04:00:53,424 [IPC Server listener on 0] INFO  ipc.Server (Server.java:run(1298)) - IPC Server listener on 0: starting
2021-01-18 04:00:53,428 [Listener at 0.0.0.0/39579] INFO  http.HttpServer2 (HttpServer2.java:bindListener(1238)) - Jetty bound to port 46875
2021-01-18 04:00:53,430 [Listener at 0.0.0.0/39579] INFO  server.Server (Server.java:doStart(375)) - jetty-9.4.34.v20201102; built: 2020-11-02T14:15:39.302Z; git: e46af88704a893fc12cb0e3bf46e2c7b48a009e7; jvm 1.8.0_232-b09
2021-01-18 04:00:53,460 [Listener at 0.0.0.0/39579] INFO  server.session (DefaultSessionIdManager.java:doStart(334)) - DefaultSessionIdManager workerName=node0
2021-01-18 04:00:53,460 [Listener at 0.0.0.0/39579] INFO  server.session (DefaultSessionIdManager.java:doStart(339)) - No SessionScavenger set, using defaults
2021-01-18 04:00:53,462 [Listener at 0.0.0.0/39579] INFO  server.session (HouseKeeper.java:startScavenging(132)) - node0 Scavenging every 600000ms
2021-01-18 04:00:53,478 [Listener at 0.0.0.0/39579] INFO  handler.ContextHandler (ContextHandler.java:doStart(916)) - Started o.e.j.s.ServletContextHandler@20e3daf4{logs,/logs,file:///github/workspace/mnt/ozone/hadoop-ozone/integration-test/target/log,AVAILABLE}
2021-01-18 04:00:53,479 [Listener at 0.0.0.0/39579] INFO  handler.ContextHandler (ContextHandler.java:doStart(916)) - Started o.e.j.s.ServletContextHandler@3c9904c8{static,/static,file:///github/workspace/mnt/ozone/hadoop-ozone/integration-test/target/test-classes/webapps/static,AVAILABLE}
2021-01-18 04:00:53,527 [Listener at 0.0.0.0/39579] INFO  handler.ContextHandler (ContextHandler.java:doStart(916)) - Started o.e.j.w.WebAppContext@7ecd3933{scm,/,file:///github/workspace/mnt/ozone/hadoop-ozone/integration-test/target/test-classes/webapps/scm/,AVAILABLE}{file:/github/workspace/mnt/ozone/hadoop-ozone/integration-test/target/test-classes/webapps/scm}
2021-01-18 04:00:53,536 [Listener at 0.0.0.0/39579] INFO  server.AbstractConnector (AbstractConnector.java:doStart(331)) - Started ServerConnector@317ce278{HTTP/1.1, (http/1.1)}{0.0.0.0:46875}
2021-01-18 04:00:53,536 [Listener at 0.0.0.0/39579] INFO  server.Server (Server.java:doStart(415)) - Started @7817ms
2021-01-18 04:00:53,538 [Listener at 0.0.0.0/39579] INFO  impl.MetricsSinkAdapter (MetricsSinkAdapter.java:start(204)) - Sink prometheus started
2021-01-18 04:00:53,538 [Listener at 0.0.0.0/39579] INFO  impl.MetricsSystemImpl (MetricsSystemImpl.java:registerSink(301)) - Registered sink prometheus
2021-01-18 04:00:53,543 [Listener at 0.0.0.0/39579] INFO  http.BaseHttpServer (BaseHttpServer.java:updateConnectorAddress(327)) - HTTP server of scm listening at http://0.0.0.0:46875
2021-01-18 04:00:53,548 [org.apache.hadoop.util.JvmPauseMonitor$Monitor@44f65d9a] INFO  util.JvmPauseMonitor (JvmPauseMonitor.java:run(188)) - Starting JVM pause monitor
2021-01-18 04:00:53,559 [Listener at 0.0.0.0/39579] WARN  server.ServerUtils (ServerUtils.java:getDBPath(225)) - ozone.om.db.dirs is not configured. We recommend adding this setting. Falling back to ozone.metadata.dirs instead.
2021-01-18 04:00:53,643 [Listener at 0.0.0.0/39579] INFO  ha.OMHANodeDetails (OMHANodeDetails.java:loadOMHAConfig(110)) - ServiceID for OzoneManager is om-service-test1
2021-01-18 04:00:53,646 [Listener at 0.0.0.0/39579] INFO  ha.OMHANodeDetails (OMHANodeDetails.java:loadOMHAConfig(186)) - Found matching OM address with OMServiceId: om-service-test1, OMNodeId: omNode-1, RPC Address: localhost:13712 and Ratis port: 13716
2021-01-18 04:00:53,646 [Listener at 0.0.0.0/39579] INFO  ha.OMHANodeDetails (OMHANodeDetails.java:setOMNodeSpecificConfigs(318)) - Setting configuration key ozone.om.http-address with value of key ozone.om.http-address.omNode-1: 127.0.0.1:13714
2021-01-18 04:00:53,646 [Listener at 0.0.0.0/39579] INFO  ha.OMHANodeDetails (OMHANodeDetails.java:setOMNodeSpecificConfigs(318)) - Setting configuration key ozone.om.https-address with value of key ozone.om.https-address.omNode-1: 127.0.0.1:13715
2021-01-18 04:00:53,646 [Listener at 0.0.0.0/39579] INFO  ha.OMHANodeDetails (OMHANodeDetails.java:setOMNodeSpecificConfigs(318)) - Setting configuration key ozone.om.address with value of key ozone.om.address.omNode-1: 127.0.0.1:13712
2021-01-18 04:00:53,646 [Listener at 0.0.0.0/39579] WARN  server.ServerUtils (ServerUtils.java:getDBPath(225)) - ozone.om.db.dirs is not configured. We recommend adding this setting. Falling back to ozone.metadata.dirs instead.
2021-01-18 04:00:53,647 [Listener at 0.0.0.0/39579] WARN  server.ServerUtils (ServerUtils.java:getDBPath(225)) - ozone.om.db.dirs is not configured. We recommend adding this setting. Falling back to ozone.metadata.dirs instead.
2021-01-18 04:00:54,229 [Listener at 0.0.0.0/39579] WARN  server.ServerUtils (ServerUtils.java:getDBPath(225)) - ozone.om.db.dirs is not configured. We recommend adding this setting. Falling back to ozone.metadata.dirs instead.
2021-01-18 04:00:54,234 [Listener at 0.0.0.0/39579] INFO  codec.OmKeyInfoCodec (OmKeyInfoCodec.java:<init>(41)) - OmKeyInfoCodec ignorePipeline = true
2021-01-18 04:00:54,236 [Listener at 0.0.0.0/39579] INFO  codec.RepeatedOmKeyInfoCodec (RepeatedOmKeyInfoCodec.java:<init>(40)) - RepeatedOmKeyInfoCodec ignorePipeline = true
2021-01-18 04:00:54,369 [Listener at 0.0.0.0/39579] INFO  om.OzoneManager (OzoneManager.java:addS3GVolumeToDB(3729)) - Created Volume s3v With Owner jenkins1001 required for S3Gateway operations.
2021-01-18 04:00:54,372 [Listener at 0.0.0.0/39579] WARN  server.ServerUtils (ServerUtils.java:getDefaultRatisDirectory(237)) - Storage directory for Ratis is not configured. It is a good idea to map this to an SSD disk. Falling back to ozone.metadata.dirs
2021-01-18 04:00:54,373 [Listener at 0.0.0.0/39579] WARN  ratis.OzoneManagerRatisServer (OzoneManagerRatisServer.java:getOMRatisSnapshotDirectory(638)) - ozone.om.ratis.snapshot.dir is not configured. Falling back to ozone.metadata.dirs config
2021-01-18 04:00:54,374 [Listener at 0.0.0.0/39579] INFO  snapshot.OzoneManagerSnapshotProvider (OzoneManagerSnapshotProvider.java:<init>(77)) - Initializing OM Snapshot Provider
2021-01-18 04:00:54,445 [Listener at 0.0.0.0/39579] INFO  metrics.MetricRegistries (MetricRegistriesLoader.java:load(64)) - Loaded MetricRegistries class org.apache.ratis.metrics.impl.MetricRegistriesImpl
2021-01-18 04:00:54,471 [Listener at 0.0.0.0/39579] WARN  server.ServerUtils (ServerUtils.java:getDefaultRatisDirectory(237)) - Storage directory for Ratis is not configured. It is a good idea to map this to an SSD disk. Falling back to ozone.metadata.dirs
2021-01-18 04:00:54,491 [Listener at 0.0.0.0/39579] INFO  ratis.OzoneManagerRatisServer (OzoneManagerRatisServer.java:<init>(280)) - Instantiating OM Ratis server with GroupID: om-service-test1 and Raft Peers: localhost:13716, localhost:13722, localhost:13728
2021-01-18 04:00:54,500 [Listener at 0.0.0.0/39579] INFO  ratis.OzoneManagerStateMachine (OzoneManagerStateMachine.java:loadSnapshotInfoFromDB(518)) - LastAppliedIndex is set from TransactionInfo from OM DB as (t:0, i:~)
2021-01-18 04:00:54,525 [Listener at 0.0.0.0/39579] INFO  server.RaftServer (ConfUtils.java:logGet(44)) - raft.rpc.type = GRPC (default)
2021-01-18 04:00:54,574 [Listener at 0.0.0.0/39579] INFO  grpc.GrpcFactory (GrpcFactory.java:checkPooledByteBufAllocatorUseCacheForAllThreads(48)) - PERFORMANCE WARNING: useCacheForAllThreads is true that may cause Netty to create a lot garbage objects and, as a result, trigger GC.
	It is recommended to disable useCacheForAllThreads by setting -Dorg.apache.ratis.thirdparty.io.netty.allocator.useCacheForAllThreads=false in command line.
2021-01-18 04:00:54,578 [Listener at 0.0.0.0/39579] INFO  grpc.GrpcConfigKeys (ConfUtils.java:logGet(44)) - raft.grpc.server.port = 13716 (custom)
2021-01-18 04:00:54,579 [Listener at 0.0.0.0/39579] INFO  server.GrpcService (ConfUtils.java:logGet(44)) - raft.grpc.message.size.max = 33554432 (custom)
2021-01-18 04:00:54,580 [Listener at 0.0.0.0/39579] INFO  server.RaftServerConfigKeys (ConfUtils.java:logGet(44)) - raft.server.log.appender.buffer.byte-limit = 33554432 (custom)
2021-01-18 04:00:54,581 [Listener at 0.0.0.0/39579] INFO  server.GrpcService (ConfUtils.java:logGet(44)) - raft.grpc.flow.control.window = 1MB (=1048576) (default)
2021-01-18 04:00:54,582 [Listener at 0.0.0.0/39579] INFO  server.RaftServerConfigKeys (ConfUtils.java:logGet(44)) - raft.server.rpc.request.timeout = 3000ms (default)
2021-01-18 04:00:54,732 [Listener at 0.0.0.0/39579] INFO  impl.DataStreamServerImpl (ConfUtils.java:logGet(44)) - raft.datastream.type = DISABLED (default)
2021-01-18 04:00:54,734 [Listener at 0.0.0.0/39579] INFO  server.RaftServerConfigKeys (ConfUtils.java:logGet(44)) - raft.server.rpc.slowness.timeout = 2s (custom)
2021-01-18 04:00:54,735 [Listener at 0.0.0.0/39579] INFO  server.RaftServerConfigKeys (ConfUtils.java:logGet(44)) - raft.server.leaderelection.leader.step-down.wait-time = 10s (default)
2021-01-18 04:00:54,745 [Listener at 0.0.0.0/39579] INFO  server.RaftServerConfigKeys (ConfUtils.java:logGet(44)) - raft.server.storage.dir = [/github/workspace/mnt/ozone/hadoop-ozone/integration-test/target/test-dir/MiniOzoneClusterImpl-5bc51996-b728-448b-b7ee-2f27b8cece2b/omNode-1/ratis] (custom)
2021-01-18 04:00:54,751 [Listener at 0.0.0.0/39579] INFO  server.RaftServer (RaftServerProxy.java:addNew(95)) - omNode-1: addNew group-523986131536:[omNode-3|rpc:localhost:13728|priority:0, omNode-1|rpc:localhost:13716|priority:0, omNode-2|rpc:localhost:13722|priority:0] returns group-523986131536:java.util.concurrent.CompletableFuture@17c8493[Not completed]
2021-01-18 04:00:54,751 [Listener at 0.0.0.0/39579] INFO  om.OzoneManager (OzoneManager.java:initializeRatisServer(1323)) - OzoneManager Ratis server initialized at port 13716
2021-01-18 04:00:54,762 [Listener at 0.0.0.0/39579] INFO  ipc.CallQueueManager (CallQueueManager.java:<init>(84)) - Using callQueue: class java.util.concurrent.LinkedBlockingQueue, queueCapacity: 2000, scheduler: class org.apache.hadoop.ipc.DefaultRpcScheduler, ipcBackoff: false.
2021-01-18 04:00:54,778 [Socket Reader #1 for port 13712] INFO  ipc.Server (Server.java:run(1219)) - Starting Socket Reader #1 for port 13712
2021-01-18 04:00:54,790 [pool-25-thread-1] INFO  server.RaftServer$Division (RaftServerImpl.java:<init>(179)) - omNode-1: new RaftServerImpl for group-523986131536:[omNode-3|rpc:localhost:13728|priority:0, omNode-1|rpc:localhost:13716|priority:0, omNode-2|rpc:localhost:13722|priority:0] with OzoneManagerStateMachine:uninitialized
2021-01-18 04:00:54,792 [pool-25-thread-1] INFO  server.RaftServerConfigKeys (ConfUtils.java:logGet(44)) - raft.server.rpc.timeout.min = 1s (custom)
2021-01-18 04:00:54,792 [pool-25-thread-1] INFO  server.RaftServerConfigKeys (ConfUtils.java:logGet(44)) - raft.server.rpc.timeout.max = 1200ms (custom)
2021-01-18 04:00:54,793 [pool-25-thread-1] INFO  server.RaftServerConfigKeys (ConfUtils.java:logGet(44)) - raft.server.rpc.sleep.time = 25ms (default)
2021-01-18 04:00:54,793 [pool-25-thread-1] INFO  server.RaftServerConfigKeys (ConfUtils.java:logGet(44)) - raft.server.rpc.slowness.timeout = 2s (custom)
2021-01-18 04:00:54,793 [pool-25-thread-1] INFO  server.RaftServerConfigKeys (ConfUtils.java:logGet(44)) - raft.server.leaderelection.leader.step-down.wait-time = 10s (default)
2021-01-18 04:00:54,793 [pool-25-thread-1] INFO  server.RaftServerConfigKeys (ConfUtils.java:logGet(44)) - raft.server.sleep.deviation.threshold = 300ms (default)
2021-01-18 04:00:54,795 [pool-25-thread-1] INFO  server.RaftServerConfigKeys (ConfUtils.java:logGet(44)) - raft.server.log.appender.install.snapshot.enabled = false (custom)
2021-01-18 04:00:54,800 [pool-25-thread-1] INFO  server.RaftServer$Division (ServerState.java:<init>(103)) - omNode-1@group-523986131536: ConfigurationManager, init=-1: [omNode-3|rpc:localhost:13728|priority:0, omNode-1|rpc:localhost:13716|priority:0, omNode-2|rpc:localhost:13722|priority:0], old=null, confs=<EMPTY_MAP>
2021-01-18 04:00:54,810 [pool-25-thread-1] INFO  server.RaftServerConfigKeys (ConfUtils.java:logGet(44)) - raft.server.storage.dir = [/github/workspace/mnt/ozone/hadoop-ozone/integration-test/target/test-dir/MiniOzoneClusterImpl-5bc51996-b728-448b-b7ee-2f27b8cece2b/omNode-1/ratis] (custom)
2021-01-18 04:00:54,813 [Listener at 127.0.0.1/13712] INFO  impl.MetricsSystemImpl (MetricsSystemImpl.java:init(158)) - OzoneManager metrics system started (again)
2021-01-18 04:00:54,814 [Listener at 127.0.0.1/13712] INFO  om.OzoneManager (OzoneManager.java:start(1151)) - OzoneManager RPC server is listening at localhost/127.0.0.1:13712
2021-01-18 04:00:54,814 [Listener at 127.0.0.1/13712] INFO  ratis.OzoneManagerRatisServer (OzoneManagerRatisServer.java:start(377)) - Starting OzoneManagerRatisServer omNode-1 at port 13716
2021-01-18 04:00:54,846 [pool-25-thread-1] INFO  server.RaftServerConfigKeys (ConfUtils.java:logGet(44)) - raft.server.log.corruption.policy = EXCEPTION (default)
2021-01-18 04:00:54,848 [pool-25-thread-1] INFO  storage.RaftStorageDirectory (RaftStorageDirectoryImpl.java:analyzeStorage(132)) - The storage directory /github/workspace/mnt/ozone/hadoop-ozone/integration-test/target/test-dir/MiniOzoneClusterImpl-5bc51996-b728-448b-b7ee-2f27b8cece2b/omNode-1/ratis/c9bc4cf4-3bc3-3c60-a66b-523986131536 does not exist. Creating ...
2021-01-18 04:00:54,852 [pool-25-thread-1] INFO  storage.RaftStorageDirectory (RaftStorageDirectoryImpl.java:tryLock(215)) - Lock on /github/workspace/mnt/ozone/hadoop-ozone/integration-test/target/test-dir/MiniOzoneClusterImpl-5bc51996-b728-448b-b7ee-2f27b8cece2b/omNode-1/ratis/c9bc4cf4-3bc3-3c60-a66b-523986131536/in_use.lock acquired by nodename 30197@d01bdcf5d4c9
2021-01-18 04:00:54,858 [pool-25-thread-1] INFO  storage.RaftStorage (RaftStorageImpl.java:format(87)) - Storage directory /github/workspace/mnt/ozone/hadoop-ozone/integration-test/target/test-dir/MiniOzoneClusterImpl-5bc51996-b728-448b-b7ee-2f27b8cece2b/omNode-1/ratis/c9bc4cf4-3bc3-3c60-a66b-523986131536 has been successfully formatted.
2021-01-18 04:00:54,860 [pool-25-thread-1] ERROR storage.RaftStorage (RaftStorageImpl.java:readRaftConfiguration(147)) - Failed reading configuration from file:/github/workspace/mnt/ozone/hadoop-ozone/integration-test/target/test-dir/MiniOzoneClusterImpl-5bc51996-b728-448b-b7ee-2f27b8cece2b/omNode-1/ratis/c9bc4cf4-3bc3-3c60-a66b-523986131536/current/raft-meta.conf
java.io.FileNotFoundException: /github/workspace/mnt/ozone/hadoop-ozone/integration-test/target/test-dir/MiniOzoneClusterImpl-5bc51996-b728-448b-b7ee-2f27b8cece2b/omNode-1/ratis/c9bc4cf4-3bc3-3c60-a66b-523986131536/current/raft-meta.conf (No such file or directory)
	at java.io.FileInputStream.open0(Native Method)
	at java.io.FileInputStream.open(FileInputStream.java:195)
	at java.io.FileInputStream.<init>(FileInputStream.java:138)
	at org.apache.ratis.server.storage.RaftStorageImpl.readRaftConfiguration(RaftStorageImpl.java:143)
	at org.apache.ratis.server.impl.ServerState.<init>(ServerState.java:113)
	at org.apache.ratis.server.impl.RaftServerImpl.<init>(RaftServerImpl.java:192)
	at org.apache.ratis.server.impl.RaftServerProxy.lambda$newRaftServerImpl$4(RaftServerProxy.java:266)
	at java.util.concurrent.CompletableFuture$AsyncSupply.run(CompletableFuture.java:1604)
	at java.util.concurrent.ThreadPoolExecutor.runWorker(ThreadPoolExecutor.java:1149)
	at java.util.concurrent.ThreadPoolExecutor$Worker.run(ThreadPoolExecutor.java:624)
	at java.lang.Thread.run(Thread.java:748)
2021-01-18 04:00:54,862 [pool-25-thread-1] INFO  server.RaftServerConfigKeys (ConfUtils.java:logGet(44)) - raft.server.notification.no-leader.timeout = 2s (custom)
2021-01-18 04:00:54,864 [pool-25-thread-1] INFO  server.RaftServerConfigKeys (ConfUtils.java:logGet(44)) - raft.server.log.use.memory = false (default)
2021-01-18 04:00:54,871 [pool-25-thread-1] INFO  server.RaftServerConfigKeys (ConfUtils.java:logGet(44)) - raft.server.log.purge.gap = 50 (custom)
2021-01-18 04:00:54,871 [pool-25-thread-1] INFO  server.RaftServerConfigKeys (ConfUtils.java:logGet(44)) - raft.server.log.appender.buffer.byte-limit = 33554432 (custom)
2021-01-18 04:00:54,876 [pool-25-thread-1] INFO  metrics.RatisMetrics (RatisMetrics.java:lambda$create$0(36)) - Creating Metrics Registry : ratis.log_worker.omNode-1@group-523986131536
2021-01-18 04:00:54,883 [pool-25-thread-1] INFO  server.RaftServerConfigKeys (ConfUtils.java:logGet(44)) - raft.server.log.segment.size.max = 4194304 (custom)
2021-01-18 04:00:54,889 [pool-25-thread-1] INFO  server.RaftServerConfigKeys (ConfUtils.java:logGet(44)) - raft.server.log.segment.cache.num.max = 2 (custom)
2021-01-18 04:00:54,890 [pool-25-thread-1] INFO  server.RaftServerConfigKeys (ConfUtils.java:logGet(44)) - raft.server.log.segment.cache.size.max = 200MB (=209715200) (default)
2021-01-18 04:00:54,895 [pool-25-thread-1] INFO  segmented.SegmentedRaftLogWorker (SegmentedRaftLogWorker.java:<init>(181)) - new omNode-1@group-523986131536-SegmentedRaftLogWorker for RaftStorageImpl:Storage Directory /github/workspace/mnt/ozone/hadoop-ozone/integration-test/target/test-dir/MiniOzoneClusterImpl-5bc51996-b728-448b-b7ee-2f27b8cece2b/omNode-1/ratis/c9bc4cf4-3bc3-3c60-a66b-523986131536
2021-01-18 04:00:54,895 [pool-25-thread-1] INFO  server.RaftServerConfigKeys (ConfUtils.java:logGet(44)) - raft.server.log.queue.byte-limit = 64MB (=67108864) (default)
2021-01-18 04:00:54,896 [pool-25-thread-1] INFO  server.RaftServerConfigKeys (ConfUtils.java:logGet(44)) - raft.server.log.queue.element-limit = 4096 (default)
2021-01-18 04:00:54,897 [pool-25-thread-1] INFO  server.RaftServerConfigKeys (ConfUtils.java:logGet(44)) - raft.server.log.segment.size.max = 4194304 (custom)
2021-01-18 04:00:54,897 [pool-25-thread-1] INFO  server.RaftServerConfigKeys (ConfUtils.java:logGet(44)) - raft.server.log.preallocated.size = 4194304 (custom)
2021-01-18 04:00:54,897 [pool-25-thread-1] INFO  server.RaftServerConfigKeys (ConfUtils.java:logGet(44)) - raft.server.log.force.sync.num = 128 (default)
2021-01-18 04:00:54,899 [pool-25-thread-1] INFO  server.RaftServerConfigKeys (ConfUtils.java:logGet(44)) - raft.server.log.statemachine.data.sync = true (default)
2021-01-18 04:00:54,899 [pool-25-thread-1] INFO  server.RaftServerConfigKeys (ConfUtils.java:logGet(44)) - raft.server.log.statemachine.data.sync.timeout = 10s (default)
2021-01-18 04:00:54,899 [pool-25-thread-1] INFO  server.RaftServerConfigKeys (ConfUtils.java:logGet(44)) - raft.server.log.statemachine.data.sync.timeout.retry = -1 (default)
2021-01-18 04:00:54,907 [pool-25-thread-1] INFO  server.RaftServerConfigKeys (ConfUtils.java:logGet(44)) - raft.server.log.write.buffer.size = 64KB (=65536) (default)
2021-01-18 04:00:54,907 [pool-25-thread-1] INFO  server.RaftServerConfigKeys (ConfUtils.java:logGet(44)) - raft.server.log.statemachine.data.caching.enabled = false (default)
2021-01-18 04:00:54,913 [pool-25-thread-1] INFO  segmented.SegmentedRaftLogWorker (SegmentedRaftLogWorker.java:lambda$new$0(132)) - omNode-1@group-523986131536-SegmentedRaftLogWorker: flushIndex: setUnconditionally 0 -> -1
2021-01-18 04:00:54,914 [pool-25-thread-1] INFO  segmented.SegmentedRaftLogWorker (SegmentedRaftLogWorker.java:lambda$new$0(132)) - omNode-1@group-523986131536-SegmentedRaftLogWorker: safeCacheEvictIndex: setUnconditionally 0 -> -1
2021-01-18 04:00:54,917 [pool-25-thread-1] INFO  server.RaftServerConfigKeys (ConfUtils.java:logGet(44)) - raft.server.snapshot.auto.trigger.enabled = true (custom)
2021-01-18 04:00:54,918 [pool-25-thread-1] INFO  server.RaftServerConfigKeys (ConfUtils.java:logGet(44)) - raft.server.snapshot.auto.trigger.threshold = 50 (custom)
2021-01-18 04:00:54,919 [pool-25-thread-1] INFO  server.RaftServerConfigKeys (ConfUtils.java:logGet(44)) - raft.server.snapshot.retention.file.num = -1 (default)
2021-01-18 04:00:54,919 [pool-25-thread-1] INFO  server.RaftServerConfigKeys (ConfUtils.java:logGet(44)) - raft.server.log.purge.upto.snapshot.index = true (custom)
2021-01-18 04:00:54,920 [pool-25-thread-1] INFO  server.RaftServerConfigKeys (ConfUtils.java:logGet(44)) - raft.server.retrycache.expirytime = 300s (custom)
2021-01-18 04:00:54,921 [pool-25-thread-1] INFO  server.RaftServerConfigKeys (ConfUtils.java:logGet(44)) - raft.server.retrycache.statistics.expirytime = 100?s (default)
2021-01-18 04:00:54,938 [pool-25-thread-1] INFO  metrics.RatisMetrics (RatisMetrics.java:lambda$create$0(36)) - Creating Metrics Registry : ratis.leader_election.omNode-1@group-523986131536
2021-01-18 04:00:54,941 [pool-25-thread-1] INFO  metrics.RatisMetrics (RatisMetrics.java:lambda$create$0(36)) - Creating Metrics Registry : ratis.server.omNode-1@group-523986131536
2021-01-18 04:00:54,948 [Listener at 127.0.0.1/13712] INFO  server.RaftServer$Division (RaftServerImpl.java:start(294)) - omNode-1@group-523986131536: start as a follower, conf=-1: [omNode-3|rpc:localhost:13728|priority:0, omNode-1|rpc:localhost:13716|priority:0, omNode-2|rpc:localhost:13722|priority:0], old=null
2021-01-18 04:00:54,949 [Listener at 127.0.0.1/13712] INFO  server.RaftServer$Division (RaftServerImpl.java:setRole(283)) - omNode-1@group-523986131536: changes role from      null to FOLLOWER at term 0 for startAsFollower
2021-01-18 04:00:54,950 [Listener at 127.0.0.1/13712] INFO  impl.RoleInfo (RoleInfo.java:updateAndGet(130)) - omNode-1: start omNode-1@group-523986131536-FollowerState
2021-01-18 04:00:54,952 [Listener at 127.0.0.1/13712] INFO  util.JmxRegister (JmxRegister.java:tryRegister(44)) - Successfully registered JMX Bean with object name Ratis:service=RaftServer,group=group-523986131536,id=omNode-1
2021-01-18 04:00:54,953 [Listener at 127.0.0.1/13712] INFO  metrics.RatisMetrics (RatisMetrics.java:lambda$create$0(36)) - Creating Metrics Registry : ratis.state_machine.omNode-1@group-523986131536
2021-01-18 04:00:54,960 [Listener at 127.0.0.1/13712] INFO  server.RaftServer (RaftServerProxy.java:lambda$start$5(372)) - omNode-1: start RPC server
2021-01-18 04:00:55,009 [Listener at 127.0.0.1/13712] INFO  server.GrpcService (GrpcService.java:startImpl(176)) - omNode-1: GrpcService started, listening on 0.0.0.0/0.0.0.0:13716
2021-01-18 04:00:55,013 [org.apache.ratis.util.JvmPauseMonitor$$Lambda$305/835819020@5f3c30f2] INFO  util.JvmPauseMonitor (JvmPauseMonitor.java:run(103)) - JvmPauseMonitor-omNode-1: Started
2021-01-18 04:00:55,024 [Listener at 127.0.0.1/13712] INFO  http.BaseHttpServer (BaseHttpServer.java:newHttpServer2BuilderForOzone(207)) - Starting Web-server for ozoneManager at: http://0.0.0.0:13714
2021-01-18 04:00:55,024 [Listener at 127.0.0.1/13712] INFO  http.BaseHttpServer (BaseHttpServer.java:<init>(106)) - Hadoop Security Enabled: false Ozone Security Enabled: false Ozone HTTP Security Enabled: false 
2021-01-18 04:00:55,026 [Listener at 127.0.0.1/13712] INFO  server.AuthenticationFilter (AuthenticationFilter.java:constructSecretProvider(240)) - Unable to initialize FileSignerSecretProvider, falling back to use random secrets.
2021-01-18 04:00:55,028 [Listener at 127.0.0.1/13712] WARN  http.HttpRequestLog (HttpRequestLog.java:getRequestLog(103)) - Jetty request log can only be enabled using Log4j
2021-01-18 04:00:55,029 [Listener at 127.0.0.1/13712] INFO  http.HttpServer2 (HttpServer2.java:addGlobalFilter(1020)) - Added global filter 'safety' (class=org.apache.hadoop.hdds.server.http.HttpServer2$QuotingInputFilter)
2021-01-18 04:00:55,030 [Listener at 127.0.0.1/13712] INFO  http.HttpServer2 (HttpServer2.java:addFilter(996)) - Added filter static_user_filter (class=org.apache.hadoop.http.lib.StaticUserWebFilter$StaticUserFilter) to context ozoneManager
2021-01-18 04:00:55,030 [Listener at 127.0.0.1/13712] INFO  http.HttpServer2 (HttpServer2.java:addFilter(1004)) - Added filter static_user_filter (class=org.apache.hadoop.http.lib.StaticUserWebFilter$StaticUserFilter) to context static
2021-01-18 04:00:55,030 [Listener at 127.0.0.1/13712] INFO  http.HttpServer2 (HttpServer2.java:addFilter(1004)) - Added filter static_user_filter (class=org.apache.hadoop.http.lib.StaticUserWebFilter$StaticUserFilter) to context logs
2021-01-18 04:00:55,036 [Listener at 127.0.0.1/13712] INFO  http.HttpServer2 (HttpServer2.java:bindListener(1238)) - Jetty bound to port 13714
2021-01-18 04:00:55,036 [Listener at 127.0.0.1/13712] INFO  server.Server (Server.java:doStart(375)) - jetty-9.4.34.v20201102; built: 2020-11-02T14:15:39.302Z; git: e46af88704a893fc12cb0e3bf46e2c7b48a009e7; jvm 1.8.0_232-b09
2021-01-18 04:00:55,040 [Listener at 127.0.0.1/13712] INFO  server.session (DefaultSessionIdManager.java:doStart(334)) - DefaultSessionIdManager workerName=node0
2021-01-18 04:00:55,040 [Listener at 127.0.0.1/13712] INFO  server.session (DefaultSessionIdManager.java:doStart(339)) - No SessionScavenger set, using defaults
2021-01-18 04:00:55,040 [Listener at 127.0.0.1/13712] INFO  server.session (HouseKeeper.java:startScavenging(132)) - node0 Scavenging every 660000ms
2021-01-18 04:00:55,041 [Listener at 127.0.0.1/13712] INFO  handler.ContextHandler (ContextHandler.java:doStart(916)) - Started o.e.j.s.ServletContextHandler@b705d2c{logs,/logs,file:///github/workspace/mnt/ozone/hadoop-ozone/integration-test/target/log,AVAILABLE}
2021-01-18 04:00:55,041 [Listener at 127.0.0.1/13712] INFO  handler.ContextHandler (ContextHandler.java:doStart(916)) - Started o.e.j.s.ServletContextHandler@1f03b08{static,/static,file:///github/workspace/mnt/ozone/hadoop-ozone/integration-test/target/test-classes/webapps/static,AVAILABLE}
2021-01-18 04:00:55,045 [Listener at 127.0.0.1/13712] INFO  handler.ContextHandler (ContextHandler.java:doStart(916)) - Started o.e.j.w.WebAppContext@68ca9b68{ozoneManager,/,file:///github/workspace/mnt/ozone/hadoop-ozone/integration-test/target/test-classes/webapps/ozoneManager/,AVAILABLE}{file:/github/workspace/mnt/ozone/hadoop-ozone/integration-test/target/test-classes/webapps/ozoneManager}
2021-01-18 04:00:55,049 [Listener at 127.0.0.1/13712] INFO  server.AbstractConnector (AbstractConnector.java:doStart(331)) - Started ServerConnector@a1f0606{HTTP/1.1, (http/1.1)}{0.0.0.0:13714}
2021-01-18 04:00:55,050 [Listener at 127.0.0.1/13712] INFO  server.Server (Server.java:doStart(415)) - Started @9330ms
2021-01-18 04:00:55,050 [Listener at 127.0.0.1/13712] WARN  impl.MetricsSystemImpl (MetricsSystemImpl.java:register(276)) - Sink prometheus already exists!
2021-01-18 04:00:55,052 [Listener at 127.0.0.1/13712] INFO  http.BaseHttpServer (BaseHttpServer.java:updateConnectorAddress(327)) - HTTP server of ozoneManager listening at http://0.0.0.0:13714
2021-01-18 04:00:55,052 [IPC Server Responder] INFO  ipc.Server (Server.java:run(1460)) - IPC Server Responder: starting
2021-01-18 04:00:55,052 [IPC Server listener on 13712] INFO  ipc.Server (Server.java:run(1298)) - IPC Server listener on 13712: starting
2021-01-18 04:00:55,059 [Listener at 127.0.0.1/13712] INFO  om.OzoneManager (OzoneManager.java:startTrashEmptier(1272)) - Trash Interval set to 0. Files deleted will not move to trash
2021-01-18 04:00:55,060 [Listener at 127.0.0.1/13712] INFO  ozone.MiniOzoneHAClusterImpl (MiniOzoneHAClusterImpl.java:createOMService(380)) - Started OzoneManager RPC server at localhost/127.0.0.1:13712
2021-01-18 04:00:55,061 [Listener at 127.0.0.1/13712] WARN  server.ServerUtils (ServerUtils.java:getDBPath(225)) - ozone.om.db.dirs is not configured. We recommend adding this setting. Falling back to ozone.metadata.dirs instead.
2021-01-18 04:00:55,062 [org.apache.hadoop.util.JvmPauseMonitor$Monitor@7a33d506] INFO  util.JvmPauseMonitor (JvmPauseMonitor.java:run(188)) - Starting JVM pause monitor
2021-01-18 04:00:55,063 [Listener at 127.0.0.1/13712] INFO  ha.OMHANodeDetails (OMHANodeDetails.java:loadOMHAConfig(110)) - ServiceID for OzoneManager is om-service-test1
2021-01-18 04:00:55,063 [Listener at 127.0.0.1/13712] INFO  ha.OMHANodeDetails (OMHANodeDetails.java:loadOMHAConfig(186)) - Found matching OM address with OMServiceId: om-service-test1, OMNodeId: omNode-2, RPC Address: localhost:13718 and Ratis port: 13722
2021-01-18 04:00:55,063 [Listener at 127.0.0.1/13712] INFO  ha.OMHANodeDetails (OMHANodeDetails.java:setOMNodeSpecificConfigs(318)) - Setting configuration key ozone.om.http-address with value of key ozone.om.http-address.omNode-2: 127.0.0.1:13720
2021-01-18 04:00:55,064 [Listener at 127.0.0.1/13712] INFO  ha.OMHANodeDetails (OMHANodeDetails.java:setOMNodeSpecificConfigs(318)) - Setting configuration key ozone.om.https-address with value of key ozone.om.https-address.omNode-2: 127.0.0.1:13721
2021-01-18 04:00:55,064 [Listener at 127.0.0.1/13712] INFO  ha.OMHANodeDetails (OMHANodeDetails.java:setOMNodeSpecificConfigs(318)) - Setting configuration key ozone.om.address with value of key ozone.om.address.omNode-2: 127.0.0.1:13718
2021-01-18 04:00:55,064 [Listener at 127.0.0.1/13712] WARN  server.ServerUtils (ServerUtils.java:getDBPath(225)) - ozone.om.db.dirs is not configured. We recommend adding this setting. Falling back to ozone.metadata.dirs instead.
2021-01-18 04:00:55,064 [Listener at 127.0.0.1/13712] WARN  server.ServerUtils (ServerUtils.java:getDBPath(225)) - ozone.om.db.dirs is not configured. We recommend adding this setting. Falling back to ozone.metadata.dirs instead.
2021-01-18 04:00:55,067 [Listener at 127.0.0.1/13712] WARN  server.ServerUtils (ServerUtils.java:getDBPath(225)) - ozone.om.db.dirs is not configured. We recommend adding this setting. Falling back to ozone.metadata.dirs instead.
2021-01-18 04:00:55,068 [Listener at 127.0.0.1/13712] INFO  codec.OmKeyInfoCodec (OmKeyInfoCodec.java:<init>(41)) - OmKeyInfoCodec ignorePipeline = true
2021-01-18 04:00:55,069 [Listener at 127.0.0.1/13712] INFO  codec.RepeatedOmKeyInfoCodec (RepeatedOmKeyInfoCodec.java:<init>(40)) - RepeatedOmKeyInfoCodec ignorePipeline = true
2021-01-18 04:00:55,121 [Listener at 127.0.0.1/13712] INFO  om.OzoneManager (OzoneManager.java:addS3GVolumeToDB(3729)) - Created Volume s3v With Owner jenkins1001 required for S3Gateway operations.
2021-01-18 04:00:55,121 [Listener at 127.0.0.1/13712] WARN  server.ServerUtils (ServerUtils.java:getDefaultRatisDirectory(237)) - Storage directory for Ratis is not configured. It is a good idea to map this to an SSD disk. Falling back to ozone.metadata.dirs
2021-01-18 04:00:55,122 [Listener at 127.0.0.1/13712] WARN  ratis.OzoneManagerRatisServer (OzoneManagerRatisServer.java:getOMRatisSnapshotDirectory(638)) - ozone.om.ratis.snapshot.dir is not configured. Falling back to ozone.metadata.dirs config
2021-01-18 04:00:55,123 [Listener at 127.0.0.1/13712] INFO  snapshot.OzoneManagerSnapshotProvider (OzoneManagerSnapshotProvider.java:<init>(77)) - Initializing OM Snapshot Provider
2021-01-18 04:00:55,125 [Listener at 127.0.0.1/13712] WARN  server.ServerUtils (ServerUtils.java:getDefaultRatisDirectory(237)) - Storage directory for Ratis is not configured. It is a good idea to map this to an SSD disk. Falling back to ozone.metadata.dirs
2021-01-18 04:00:55,126 [Listener at 127.0.0.1/13712] INFO  ratis.OzoneManagerRatisServer (OzoneManagerRatisServer.java:<init>(280)) - Instantiating OM Ratis server with GroupID: om-service-test1 and Raft Peers: localhost:13722, localhost:13716, localhost:13728
2021-01-18 04:00:55,126 [Listener at 127.0.0.1/13712] INFO  ratis.OzoneManagerStateMachine (OzoneManagerStateMachine.java:loadSnapshotInfoFromDB(518)) - LastAppliedIndex is set from TransactionInfo from OM DB as (t:0, i:~)
2021-01-18 04:00:55,128 [Listener at 127.0.0.1/13712] INFO  server.RaftServer (ConfUtils.java:logGet(44)) - raft.rpc.type = GRPC (default)
2021-01-18 04:00:55,128 [Listener at 127.0.0.1/13712] INFO  grpc.GrpcFactory (GrpcFactory.java:checkPooledByteBufAllocatorUseCacheForAllThreads(48)) - PERFORMANCE WARNING: useCacheForAllThreads is true that may cause Netty to create a lot garbage objects and, as a result, trigger GC.
	It is recommended to disable useCacheForAllThreads by setting -Dorg.apache.ratis.thirdparty.io.netty.allocator.useCacheForAllThreads=false in command line.
2021-01-18 04:00:55,128 [Listener at 127.0.0.1/13712] INFO  grpc.GrpcConfigKeys (ConfUtils.java:logGet(44)) - raft.grpc.server.port = 13722 (custom)
2021-01-18 04:00:55,128 [Listener at 127.0.0.1/13712] INFO  server.GrpcService (ConfUtils.java:logGet(44)) - raft.grpc.message.size.max = 33554432 (custom)
2021-01-18 04:00:55,128 [Listener at 127.0.0.1/13712] INFO  server.RaftServerConfigKeys (ConfUtils.java:logGet(44)) - raft.server.log.appender.buffer.byte-limit = 33554432 (custom)
2021-01-18 04:00:55,128 [Listener at 127.0.0.1/13712] INFO  server.GrpcService (ConfUtils.java:logGet(44)) - raft.grpc.flow.control.window = 1MB (=1048576) (default)
2021-01-18 04:00:55,128 [Listener at 127.0.0.1/13712] INFO  server.RaftServerConfigKeys (ConfUtils.java:logGet(44)) - raft.server.rpc.request.timeout = 3000ms (default)
2021-01-18 04:00:55,129 [Listener at 127.0.0.1/13712] INFO  impl.DataStreamServerImpl (ConfUtils.java:logGet(44)) - raft.datastream.type = DISABLED (default)
2021-01-18 04:00:55,130 [Listener at 127.0.0.1/13712] INFO  server.RaftServerConfigKeys (ConfUtils.java:logGet(44)) - raft.server.rpc.slowness.timeout = 2s (custom)
2021-01-18 04:00:55,130 [Listener at 127.0.0.1/13712] INFO  server.RaftServerConfigKeys (ConfUtils.java:logGet(44)) - raft.server.leaderelection.leader.step-down.wait-time = 10s (default)
2021-01-18 04:00:55,130 [Listener at 127.0.0.1/13712] INFO  server.RaftServerConfigKeys (ConfUtils.java:logGet(44)) - raft.server.storage.dir = [/github/workspace/mnt/ozone/hadoop-ozone/integration-test/target/test-dir/MiniOzoneClusterImpl-5bc51996-b728-448b-b7ee-2f27b8cece2b/omNode-2/ratis] (custom)
2021-01-18 04:00:55,135 [Listener at 127.0.0.1/13712] INFO  server.RaftServer (RaftServerProxy.java:addNew(95)) - omNode-2: addNew group-523986131536:[omNode-3|rpc:localhost:13728|priority:0, omNode-1|rpc:localhost:13716|priority:0, omNode-2|rpc:localhost:13722|priority:0] returns group-523986131536:java.util.concurrent.CompletableFuture@43d944c4[Not completed]
2021-01-18 04:00:55,135 [Listener at 127.0.0.1/13712] INFO  om.OzoneManager (OzoneManager.java:initializeRatisServer(1323)) - OzoneManager Ratis server initialized at port 13722
2021-01-18 04:00:55,137 [Listener at 127.0.0.1/13712] INFO  ipc.CallQueueManager (CallQueueManager.java:<init>(84)) - Using callQueue: class java.util.concurrent.LinkedBlockingQueue, queueCapacity: 2000, scheduler: class org.apache.hadoop.ipc.DefaultRpcScheduler, ipcBackoff: false.
2021-01-18 04:00:55,141 [pool-42-thread-1] INFO  server.RaftServer$Division (RaftServerImpl.java:<init>(179)) - omNode-2: new RaftServerImpl for group-523986131536:[omNode-3|rpc:localhost:13728|priority:0, omNode-1|rpc:localhost:13716|priority:0, omNode-2|rpc:localhost:13722|priority:0] with OzoneManagerStateMachine:uninitialized
2021-01-18 04:00:55,141 [Socket Reader #1 for port 13718] INFO  ipc.Server (Server.java:run(1219)) - Starting Socket Reader #1 for port 13718
2021-01-18 04:00:55,152 [pool-42-thread-1] INFO  server.RaftServerConfigKeys (ConfUtils.java:logGet(44)) - raft.server.rpc.timeout.min = 1s (custom)
2021-01-18 04:00:55,152 [pool-42-thread-1] INFO  server.RaftServerConfigKeys (ConfUtils.java:logGet(44)) - raft.server.rpc.timeout.max = 1200ms (custom)
2021-01-18 04:00:55,152 [pool-42-thread-1] INFO  server.RaftServerConfigKeys (ConfUtils.java:logGet(44)) - raft.server.rpc.sleep.time = 25ms (default)
2021-01-18 04:00:55,152 [pool-42-thread-1] INFO  server.RaftServerConfigKeys (ConfUtils.java:logGet(44)) - raft.server.rpc.slowness.timeout = 2s (custom)
2021-01-18 04:00:55,152 [pool-42-thread-1] INFO  server.RaftServerConfigKeys (ConfUtils.java:logGet(44)) - raft.server.leaderelection.leader.step-down.wait-time = 10s (default)
2021-01-18 04:00:55,152 [pool-42-thread-1] INFO  server.RaftServerConfigKeys (ConfUtils.java:logGet(44)) - raft.server.sleep.deviation.threshold = 300ms (default)
2021-01-18 04:00:55,152 [pool-42-thread-1] INFO  server.RaftServerConfigKeys (ConfUtils.java:logGet(44)) - raft.server.log.appender.install.snapshot.enabled = false (custom)
2021-01-18 04:00:55,152 [pool-42-thread-1] INFO  server.RaftServer$Division (ServerState.java:<init>(103)) - omNode-2@group-523986131536: ConfigurationManager, init=-1: [omNode-3|rpc:localhost:13728|priority:0, omNode-1|rpc:localhost:13716|priority:0, omNode-2|rpc:localhost:13722|priority:0], old=null, confs=<EMPTY_MAP>
2021-01-18 04:00:55,153 [pool-42-thread-1] INFO  server.RaftServerConfigKeys (ConfUtils.java:logGet(44)) - raft.server.storage.dir = [/github/workspace/mnt/ozone/hadoop-ozone/integration-test/target/test-dir/MiniOzoneClusterImpl-5bc51996-b728-448b-b7ee-2f27b8cece2b/omNode-2/ratis] (custom)
2021-01-18 04:00:55,153 [pool-42-thread-1] INFO  server.RaftServerConfigKeys (ConfUtils.java:logGet(44)) - raft.server.log.corruption.policy = EXCEPTION (default)
2021-01-18 04:00:55,153 [pool-42-thread-1] INFO  storage.RaftStorageDirectory (RaftStorageDirectoryImpl.java:analyzeStorage(132)) - The storage directory /github/workspace/mnt/ozone/hadoop-ozone/integration-test/target/test-dir/MiniOzoneClusterImpl-5bc51996-b728-448b-b7ee-2f27b8cece2b/omNode-2/ratis/c9bc4cf4-3bc3-3c60-a66b-523986131536 does not exist. Creating ...
2021-01-18 04:00:55,156 [pool-42-thread-1] INFO  storage.RaftStorageDirectory (RaftStorageDirectoryImpl.java:tryLock(215)) - Lock on /github/workspace/mnt/ozone/hadoop-ozone/integration-test/target/test-dir/MiniOzoneClusterImpl-5bc51996-b728-448b-b7ee-2f27b8cece2b/omNode-2/ratis/c9bc4cf4-3bc3-3c60-a66b-523986131536/in_use.lock acquired by nodename 30197@d01bdcf5d4c9
2021-01-18 04:00:55,157 [pool-42-thread-1] INFO  storage.RaftStorage (RaftStorageImpl.java:format(87)) - Storage directory /github/workspace/mnt/ozone/hadoop-ozone/integration-test/target/test-dir/MiniOzoneClusterImpl-5bc51996-b728-448b-b7ee-2f27b8cece2b/omNode-2/ratis/c9bc4cf4-3bc3-3c60-a66b-523986131536 has been successfully formatted.
2021-01-18 04:00:55,157 [pool-42-thread-1] ERROR storage.RaftStorage (RaftStorageImpl.java:readRaftConfiguration(147)) - Failed reading configuration from file:/github/workspace/mnt/ozone/hadoop-ozone/integration-test/target/test-dir/MiniOzoneClusterImpl-5bc51996-b728-448b-b7ee-2f27b8cece2b/omNode-2/ratis/c9bc4cf4-3bc3-3c60-a66b-523986131536/current/raft-meta.conf
java.io.FileNotFoundException: /github/workspace/mnt/ozone/hadoop-ozone/integration-test/target/test-dir/MiniOzoneClusterImpl-5bc51996-b728-448b-b7ee-2f27b8cece2b/omNode-2/ratis/c9bc4cf4-3bc3-3c60-a66b-523986131536/current/raft-meta.conf (No such file or directory)
	at java.io.FileInputStream.open0(Native Method)
	at java.io.FileInputStream.open(FileInputStream.java:195)
	at java.io.FileInputStream.<init>(FileInputStream.java:138)
	at org.apache.ratis.server.storage.RaftStorageImpl.readRaftConfiguration(RaftStorageImpl.java:143)
	at org.apache.ratis.server.impl.ServerState.<init>(ServerState.java:113)
	at org.apache.ratis.server.impl.RaftServerImpl.<init>(RaftServerImpl.java:192)
	at org.apache.ratis.server.impl.RaftServerProxy.lambda$newRaftServerImpl$4(RaftServerProxy.java:266)
	at java.util.concurrent.CompletableFuture$AsyncSupply.run(CompletableFuture.java:1604)
	at java.util.concurrent.ThreadPoolExecutor.runWorker(ThreadPoolExecutor.java:1149)
	at java.util.concurrent.ThreadPoolExecutor$Worker.run(ThreadPoolExecutor.java:624)
	at java.lang.Thread.run(Thread.java:748)
2021-01-18 04:00:55,158 [pool-42-thread-1] INFO  server.RaftServerConfigKeys (ConfUtils.java:logGet(44)) - raft.server.notification.no-leader.timeout = 2s (custom)
2021-01-18 04:00:55,158 [pool-42-thread-1] INFO  server.RaftServerConfigKeys (ConfUtils.java:logGet(44)) - raft.server.log.use.memory = false (default)
2021-01-18 04:00:55,158 [pool-42-thread-1] INFO  server.RaftServerConfigKeys (ConfUtils.java:logGet(44)) - raft.server.log.purge.gap = 50 (custom)
2021-01-18 04:00:55,158 [pool-42-thread-1] INFO  server.RaftServerConfigKeys (ConfUtils.java:logGet(44)) - raft.server.log.appender.buffer.byte-limit = 33554432 (custom)
2021-01-18 04:00:55,158 [pool-42-thread-1] INFO  metrics.RatisMetrics (RatisMetrics.java:lambda$create$0(36)) - Creating Metrics Registry : ratis.log_worker.omNode-2@group-523986131536
2021-01-18 04:00:55,158 [pool-42-thread-1] INFO  server.RaftServerConfigKeys (ConfUtils.java:logGet(44)) - raft.server.log.segment.size.max = 4194304 (custom)
2021-01-18 04:00:55,159 [pool-42-thread-1] INFO  server.RaftServerConfigKeys (ConfUtils.java:logGet(44)) - raft.server.log.segment.cache.num.max = 2 (custom)
2021-01-18 04:00:55,159 [pool-42-thread-1] INFO  server.RaftServerConfigKeys (ConfUtils.java:logGet(44)) - raft.server.log.segment.cache.size.max = 200MB (=209715200) (default)
2021-01-18 04:00:55,159 [pool-42-thread-1] INFO  segmented.SegmentedRaftLogWorker (SegmentedRaftLogWorker.java:<init>(181)) - new omNode-2@group-523986131536-SegmentedRaftLogWorker for RaftStorageImpl:Storage Directory /github/workspace/mnt/ozone/hadoop-ozone/integration-test/target/test-dir/MiniOzoneClusterImpl-5bc51996-b728-448b-b7ee-2f27b8cece2b/omNode-2/ratis/c9bc4cf4-3bc3-3c60-a66b-523986131536
2021-01-18 04:00:55,161 [pool-42-thread-1] INFO  server.RaftServerConfigKeys (ConfUtils.java:logGet(44)) - raft.server.log.queue.byte-limit = 64MB (=67108864) (default)
2021-01-18 04:00:55,161 [pool-42-thread-1] INFO  server.RaftServerConfigKeys (ConfUtils.java:logGet(44)) - raft.server.log.queue.element-limit = 4096 (default)
2021-01-18 04:00:55,161 [pool-42-thread-1] INFO  server.RaftServerConfigKeys (ConfUtils.java:logGet(44)) - raft.server.log.segment.size.max = 4194304 (custom)
2021-01-18 04:00:55,161 [pool-42-thread-1] INFO  server.RaftServerConfigKeys (ConfUtils.java:logGet(44)) - raft.server.log.preallocated.size = 4194304 (custom)
2021-01-18 04:00:55,162 [pool-42-thread-1] INFO  server.RaftServerConfigKeys (ConfUtils.java:logGet(44)) - raft.server.log.force.sync.num = 128 (default)
2021-01-18 04:00:55,162 [pool-42-thread-1] INFO  server.RaftServerConfigKeys (ConfUtils.java:logGet(44)) - raft.server.log.statemachine.data.sync = true (default)
2021-01-18 04:00:55,162 [pool-42-thread-1] INFO  server.RaftServerConfigKeys (ConfUtils.java:logGet(44)) - raft.server.log.statemachine.data.sync.timeout = 10s (default)
2021-01-18 04:00:55,162 [pool-42-thread-1] INFO  server.RaftServerConfigKeys (ConfUtils.java:logGet(44)) - raft.server.log.statemachine.data.sync.timeout.retry = -1 (default)
2021-01-18 04:00:55,163 [pool-42-thread-1] INFO  server.RaftServerConfigKeys (ConfUtils.java:logGet(44)) - raft.server.log.write.buffer.size = 64KB (=65536) (default)
2021-01-18 04:00:55,163 [pool-42-thread-1] INFO  server.RaftServerConfigKeys (ConfUtils.java:logGet(44)) - raft.server.log.statemachine.data.caching.enabled = false (default)
2021-01-18 04:00:55,164 [pool-42-thread-1] INFO  segmented.SegmentedRaftLogWorker (SegmentedRaftLogWorker.java:lambda$new$0(132)) - omNode-2@group-523986131536-SegmentedRaftLogWorker: flushIndex: setUnconditionally 0 -> -1
2021-01-18 04:00:55,164 [pool-42-thread-1] INFO  segmented.SegmentedRaftLogWorker (SegmentedRaftLogWorker.java:lambda$new$0(132)) - omNode-2@group-523986131536-SegmentedRaftLogWorker: safeCacheEvictIndex: setUnconditionally 0 -> -1
2021-01-18 04:00:55,171 [Listener at 127.0.0.1/13718] INFO  impl.MetricsSystemImpl (MetricsSystemImpl.java:init(158)) - OzoneManager metrics system started (again)
2021-01-18 04:00:55,172 [pool-42-thread-1] INFO  server.RaftServerConfigKeys (ConfUtils.java:logGet(44)) - raft.server.snapshot.auto.trigger.enabled = true (custom)
2021-01-18 04:00:55,172 [pool-42-thread-1] INFO  server.RaftServerConfigKeys (ConfUtils.java:logGet(44)) - raft.server.snapshot.auto.trigger.threshold = 50 (custom)
2021-01-18 04:00:55,172 [pool-42-thread-1] INFO  server.RaftServerConfigKeys (ConfUtils.java:logGet(44)) - raft.server.snapshot.retention.file.num = -1 (default)
2021-01-18 04:00:55,172 [pool-42-thread-1] INFO  server.RaftServerConfigKeys (ConfUtils.java:logGet(44)) - raft.server.log.purge.upto.snapshot.index = true (custom)
2021-01-18 04:00:55,172 [pool-42-thread-1] INFO  server.RaftServerConfigKeys (ConfUtils.java:logGet(44)) - raft.server.retrycache.expirytime = 300s (custom)
2021-01-18 04:00:55,172 [pool-42-thread-1] INFO  server.RaftServerConfigKeys (ConfUtils.java:logGet(44)) - raft.server.retrycache.statistics.expirytime = 100?s (default)
2021-01-18 04:00:55,172 [pool-42-thread-1] INFO  metrics.RatisMetrics (RatisMetrics.java:lambda$create$0(36)) - Creating Metrics Registry : ratis.leader_election.omNode-2@group-523986131536
2021-01-18 04:00:55,172 [pool-42-thread-1] INFO  metrics.RatisMetrics (RatisMetrics.java:lambda$create$0(36)) - Creating Metrics Registry : ratis.server.omNode-2@group-523986131536
2021-01-18 04:00:55,178 [Listener at 127.0.0.1/13718] INFO  om.OzoneManager (OzoneManager.java:start(1151)) - OzoneManager RPC server is listening at localhost/127.0.0.1:13718
2021-01-18 04:00:55,178 [Listener at 127.0.0.1/13718] INFO  ratis.OzoneManagerRatisServer (OzoneManagerRatisServer.java:start(377)) - Starting OzoneManagerRatisServer omNode-2 at port 13722
2021-01-18 04:00:55,179 [Listener at 127.0.0.1/13718] INFO  server.RaftServer$Division (RaftServerImpl.java:start(294)) - omNode-2@group-523986131536: start as a follower, conf=-1: [omNode-3|rpc:localhost:13728|priority:0, omNode-1|rpc:localhost:13716|priority:0, omNode-2|rpc:localhost:13722|priority:0], old=null
2021-01-18 04:00:55,179 [Listener at 127.0.0.1/13718] INFO  server.RaftServer$Division (RaftServerImpl.java:setRole(283)) - omNode-2@group-523986131536: changes role from      null to FOLLOWER at term 0 for startAsFollower
2021-01-18 04:00:55,179 [Listener at 127.0.0.1/13718] INFO  impl.RoleInfo (RoleInfo.java:updateAndGet(130)) - omNode-2: start omNode-2@group-523986131536-FollowerState
2021-01-18 04:00:55,180 [Listener at 127.0.0.1/13718] INFO  util.JmxRegister (JmxRegister.java:tryRegister(44)) - Successfully registered JMX Bean with object name Ratis:service=RaftServer,group=group-523986131536,id=omNode-2
2021-01-18 04:00:55,180 [Listener at 127.0.0.1/13718] INFO  metrics.RatisMetrics (RatisMetrics.java:lambda$create$0(36)) - Creating Metrics Registry : ratis.state_machine.omNode-2@group-523986131536
2021-01-18 04:00:55,188 [Listener at 127.0.0.1/13718] INFO  server.RaftServer (RaftServerProxy.java:lambda$start$5(372)) - omNode-2: start RPC server
2021-01-18 04:00:55,192 [Listener at 127.0.0.1/13718] INFO  server.GrpcService (GrpcService.java:startImpl(176)) - omNode-2: GrpcService started, listening on 0.0.0.0/0.0.0.0:13722
2021-01-18 04:00:55,192 [org.apache.ratis.util.JvmPauseMonitor$$Lambda$305/835819020@3f760c6a] INFO  util.JvmPauseMonitor (JvmPauseMonitor.java:run(103)) - JvmPauseMonitor-omNode-2: Started
2021-01-18 04:00:55,198 [Listener at 127.0.0.1/13718] INFO  http.BaseHttpServer (BaseHttpServer.java:newHttpServer2BuilderForOzone(207)) - Starting Web-server for ozoneManager at: http://0.0.0.0:13720
2021-01-18 04:00:55,198 [Listener at 127.0.0.1/13718] INFO  http.BaseHttpServer (BaseHttpServer.java:<init>(106)) - Hadoop Security Enabled: false Ozone Security Enabled: false Ozone HTTP Security Enabled: false 
2021-01-18 04:00:55,200 [Listener at 127.0.0.1/13718] INFO  server.AuthenticationFilter (AuthenticationFilter.java:constructSecretProvider(240)) - Unable to initialize FileSignerSecretProvider, falling back to use random secrets.
2021-01-18 04:00:55,200 [Listener at 127.0.0.1/13718] WARN  http.HttpRequestLog (HttpRequestLog.java:getRequestLog(103)) - Jetty request log can only be enabled using Log4j
2021-01-18 04:00:55,201 [Listener at 127.0.0.1/13718] INFO  http.HttpServer2 (HttpServer2.java:addGlobalFilter(1020)) - Added global filter 'safety' (class=org.apache.hadoop.hdds.server.http.HttpServer2$QuotingInputFilter)
2021-01-18 04:00:55,202 [Listener at 127.0.0.1/13718] INFO  http.HttpServer2 (HttpServer2.java:addFilter(996)) - Added filter static_user_filter (class=org.apache.hadoop.http.lib.StaticUserWebFilter$StaticUserFilter) to context ozoneManager
2021-01-18 04:00:55,202 [Listener at 127.0.0.1/13718] INFO  http.HttpServer2 (HttpServer2.java:addFilter(1004)) - Added filter static_user_filter (class=org.apache.hadoop.http.lib.StaticUserWebFilter$StaticUserFilter) to context static
2021-01-18 04:00:55,202 [Listener at 127.0.0.1/13718] INFO  http.HttpServer2 (HttpServer2.java:addFilter(1004)) - Added filter static_user_filter (class=org.apache.hadoop.http.lib.StaticUserWebFilter$StaticUserFilter) to context logs
2021-01-18 04:00:55,202 [Listener at 127.0.0.1/13718] INFO  http.HttpServer2 (HttpServer2.java:bindListener(1238)) - Jetty bound to port 13720
2021-01-18 04:00:55,203 [Listener at 127.0.0.1/13718] INFO  server.Server (Server.java:doStart(375)) - jetty-9.4.34.v20201102; built: 2020-11-02T14:15:39.302Z; git: e46af88704a893fc12cb0e3bf46e2c7b48a009e7; jvm 1.8.0_232-b09
2021-01-18 04:00:55,208 [Listener at 127.0.0.1/13718] INFO  server.session (DefaultSessionIdManager.java:doStart(334)) - DefaultSessionIdManager workerName=node0
2021-01-18 04:00:55,208 [Listener at 127.0.0.1/13718] INFO  server.session (DefaultSessionIdManager.java:doStart(339)) - No SessionScavenger set, using defaults
2021-01-18 04:00:55,208 [Listener at 127.0.0.1/13718] INFO  server.session (HouseKeeper.java:startScavenging(132)) - node0 Scavenging every 660000ms
2021-01-18 04:00:55,209 [Listener at 127.0.0.1/13718] INFO  handler.ContextHandler (ContextHandler.java:doStart(916)) - Started o.e.j.s.ServletContextHandler@6a7d7a10{logs,/logs,file:///github/workspace/mnt/ozone/hadoop-ozone/integration-test/target/log,AVAILABLE}
2021-01-18 04:00:55,209 [Listener at 127.0.0.1/13718] INFO  handler.ContextHandler (ContextHandler.java:doStart(916)) - Started o.e.j.s.ServletContextHandler@375b5a3f{static,/static,file:///github/workspace/mnt/ozone/hadoop-ozone/integration-test/target/test-classes/webapps/static,AVAILABLE}
2021-01-18 04:00:55,212 [Listener at 127.0.0.1/13718] INFO  handler.ContextHandler (ContextHandler.java:doStart(916)) - Started o.e.j.w.WebAppContext@52dbc571{ozoneManager,/,file:///github/workspace/mnt/ozone/hadoop-ozone/integration-test/target/test-classes/webapps/ozoneManager/,AVAILABLE}{file:/github/workspace/mnt/ozone/hadoop-ozone/integration-test/target/test-classes/webapps/ozoneManager}
2021-01-18 04:00:55,217 [Listener at 127.0.0.1/13718] INFO  server.AbstractConnector (AbstractConnector.java:doStart(331)) - Started ServerConnector@18c6b172{HTTP/1.1, (http/1.1)}{0.0.0.0:13720}
2021-01-18 04:00:55,218 [Listener at 127.0.0.1/13718] INFO  server.Server (Server.java:doStart(415)) - Started @9498ms
2021-01-18 04:00:55,218 [Listener at 127.0.0.1/13718] WARN  impl.MetricsSystemImpl (MetricsSystemImpl.java:register(276)) - Sink prometheus already exists!
2021-01-18 04:00:55,221 [Listener at 127.0.0.1/13718] INFO  http.BaseHttpServer (BaseHttpServer.java:updateConnectorAddress(327)) - HTTP server of ozoneManager listening at http://0.0.0.0:13720
2021-01-18 04:00:55,221 [IPC Server Responder] INFO  ipc.Server (Server.java:run(1460)) - IPC Server Responder: starting
2021-01-18 04:00:55,221 [IPC Server listener on 13718] INFO  ipc.Server (Server.java:run(1298)) - IPC Server listener on 13718: starting
2021-01-18 04:00:55,224 [Listener at 127.0.0.1/13718] INFO  om.OzoneManager (OzoneManager.java:startTrashEmptier(1272)) - Trash Interval set to 0. Files deleted will not move to trash
2021-01-18 04:00:55,225 [Listener at 127.0.0.1/13718] INFO  ozone.MiniOzoneHAClusterImpl (MiniOzoneHAClusterImpl.java:createOMService(380)) - Started OzoneManager RPC server at localhost/127.0.0.1:13718
2021-01-18 04:00:55,225 [Listener at 127.0.0.1/13718] WARN  server.ServerUtils (ServerUtils.java:getDBPath(225)) - ozone.om.db.dirs is not configured. We recommend adding this setting. Falling back to ozone.metadata.dirs instead.
2021-01-18 04:00:55,226 [org.apache.hadoop.util.JvmPauseMonitor$Monitor@68225baf] INFO  util.JvmPauseMonitor (JvmPauseMonitor.java:run(188)) - Starting JVM pause monitor
2021-01-18 04:00:55,227 [Listener at 127.0.0.1/13718] INFO  ha.OMHANodeDetails (OMHANodeDetails.java:loadOMHAConfig(110)) - ServiceID for OzoneManager is om-service-test1
2021-01-18 04:00:55,227 [Listener at 127.0.0.1/13718] INFO  ha.OMHANodeDetails (OMHANodeDetails.java:loadOMHAConfig(186)) - Found matching OM address with OMServiceId: om-service-test1, OMNodeId: omNode-3, RPC Address: localhost:13724 and Ratis port: 13728
2021-01-18 04:00:55,227 [Listener at 127.0.0.1/13718] INFO  ha.OMHANodeDetails (OMHANodeDetails.java:setOMNodeSpecificConfigs(318)) - Setting configuration key ozone.om.http-address with value of key ozone.om.http-address.omNode-3: 127.0.0.1:13726
2021-01-18 04:00:55,227 [Listener at 127.0.0.1/13718] INFO  ha.OMHANodeDetails (OMHANodeDetails.java:setOMNodeSpecificConfigs(318)) - Setting configuration key ozone.om.https-address with value of key ozone.om.https-address.omNode-3: 127.0.0.1:13727
2021-01-18 04:00:55,228 [Listener at 127.0.0.1/13718] INFO  ha.OMHANodeDetails (OMHANodeDetails.java:setOMNodeSpecificConfigs(318)) - Setting configuration key ozone.om.address with value of key ozone.om.address.omNode-3: 127.0.0.1:13724
2021-01-18 04:00:55,228 [Listener at 127.0.0.1/13718] WARN  server.ServerUtils (ServerUtils.java:getDBPath(225)) - ozone.om.db.dirs is not configured. We recommend adding this setting. Falling back to ozone.metadata.dirs instead.
2021-01-18 04:00:55,228 [Listener at 127.0.0.1/13718] WARN  server.ServerUtils (ServerUtils.java:getDBPath(225)) - ozone.om.db.dirs is not configured. We recommend adding this setting. Falling back to ozone.metadata.dirs instead.
2021-01-18 04:00:55,232 [Listener at 127.0.0.1/13718] WARN  server.ServerUtils (ServerUtils.java:getDBPath(225)) - ozone.om.db.dirs is not configured. We recommend adding this setting. Falling back to ozone.metadata.dirs instead.
2021-01-18 04:00:55,234 [Listener at 127.0.0.1/13718] INFO  codec.OmKeyInfoCodec (OmKeyInfoCodec.java:<init>(41)) - OmKeyInfoCodec ignorePipeline = true
2021-01-18 04:00:55,234 [Listener at 127.0.0.1/13718] INFO  codec.RepeatedOmKeyInfoCodec (RepeatedOmKeyInfoCodec.java:<init>(40)) - RepeatedOmKeyInfoCodec ignorePipeline = true
2021-01-18 04:00:55,287 [Listener at 127.0.0.1/13718] INFO  om.OzoneManager (OzoneManager.java:addS3GVolumeToDB(3729)) - Created Volume s3v With Owner jenkins1001 required for S3Gateway operations.
2021-01-18 04:00:55,287 [Listener at 127.0.0.1/13718] WARN  server.ServerUtils (ServerUtils.java:getDefaultRatisDirectory(237)) - Storage directory for Ratis is not configured. It is a good idea to map this to an SSD disk. Falling back to ozone.metadata.dirs
2021-01-18 04:00:55,287 [Listener at 127.0.0.1/13718] WARN  ratis.OzoneManagerRatisServer (OzoneManagerRatisServer.java:getOMRatisSnapshotDirectory(638)) - ozone.om.ratis.snapshot.dir is not configured. Falling back to ozone.metadata.dirs config
2021-01-18 04:00:55,288 [Listener at 127.0.0.1/13718] INFO  snapshot.OzoneManagerSnapshotProvider (OzoneManagerSnapshotProvider.java:<init>(77)) - Initializing OM Snapshot Provider
2021-01-18 04:00:55,289 [Listener at 127.0.0.1/13718] WARN  server.ServerUtils (ServerUtils.java:getDefaultRatisDirectory(237)) - Storage directory for Ratis is not configured. It is a good idea to map this to an SSD disk. Falling back to ozone.metadata.dirs
2021-01-18 04:00:55,291 [Listener at 127.0.0.1/13718] INFO  ratis.OzoneManagerRatisServer (OzoneManagerRatisServer.java:<init>(280)) - Instantiating OM Ratis server with GroupID: om-service-test1 and Raft Peers: localhost:13728, localhost:13716, localhost:13722
2021-01-18 04:00:55,291 [Listener at 127.0.0.1/13718] INFO  ratis.OzoneManagerStateMachine (OzoneManagerStateMachine.java:loadSnapshotInfoFromDB(518)) - LastAppliedIndex is set from TransactionInfo from OM DB as (t:0, i:~)
2021-01-18 04:00:55,291 [Listener at 127.0.0.1/13718] INFO  server.RaftServer (ConfUtils.java:logGet(44)) - raft.rpc.type = GRPC (default)
2021-01-18 04:00:55,291 [Listener at 127.0.0.1/13718] INFO  grpc.GrpcFactory (GrpcFactory.java:checkPooledByteBufAllocatorUseCacheForAllThreads(48)) - PERFORMANCE WARNING: useCacheForAllThreads is true that may cause Netty to create a lot garbage objects and, as a result, trigger GC.
	It is recommended to disable useCacheForAllThreads by setting -Dorg.apache.ratis.thirdparty.io.netty.allocator.useCacheForAllThreads=false in command line.
2021-01-18 04:00:55,291 [Listener at 127.0.0.1/13718] INFO  grpc.GrpcConfigKeys (ConfUtils.java:logGet(44)) - raft.grpc.server.port = 13728 (custom)
2021-01-18 04:00:55,292 [Listener at 127.0.0.1/13718] INFO  server.GrpcService (ConfUtils.java:logGet(44)) - raft.grpc.message.size.max = 33554432 (custom)
2021-01-18 04:00:55,292 [Listener at 127.0.0.1/13718] INFO  server.RaftServerConfigKeys (ConfUtils.java:logGet(44)) - raft.server.log.appender.buffer.byte-limit = 33554432 (custom)
2021-01-18 04:00:55,292 [Listener at 127.0.0.1/13718] INFO  server.GrpcService (ConfUtils.java:logGet(44)) - raft.grpc.flow.control.window = 1MB (=1048576) (default)
2021-01-18 04:00:55,292 [Listener at 127.0.0.1/13718] INFO  server.RaftServerConfigKeys (ConfUtils.java:logGet(44)) - raft.server.rpc.request.timeout = 3000ms (default)
2021-01-18 04:00:55,293 [Listener at 127.0.0.1/13718] INFO  impl.DataStreamServerImpl (ConfUtils.java:logGet(44)) - raft.datastream.type = DISABLED (default)
2021-01-18 04:00:55,293 [Listener at 127.0.0.1/13718] INFO  server.RaftServerConfigKeys (ConfUtils.java:logGet(44)) - raft.server.rpc.slowness.timeout = 2s (custom)
2021-01-18 04:00:55,293 [Listener at 127.0.0.1/13718] INFO  server.RaftServerConfigKeys (ConfUtils.java:logGet(44)) - raft.server.leaderelection.leader.step-down.wait-time = 10s (default)
2021-01-18 04:00:55,293 [Listener at 127.0.0.1/13718] INFO  server.RaftServerConfigKeys (ConfUtils.java:logGet(44)) - raft.server.storage.dir = [/github/workspace/mnt/ozone/hadoop-ozone/integration-test/target/test-dir/MiniOzoneClusterImpl-5bc51996-b728-448b-b7ee-2f27b8cece2b/omNode-3/ratis] (custom)
2021-01-18 04:00:55,299 [Listener at 127.0.0.1/13718] INFO  server.RaftServer (RaftServerProxy.java:addNew(95)) - omNode-3: addNew group-523986131536:[omNode-3|rpc:localhost:13728|priority:0, omNode-1|rpc:localhost:13716|priority:0, omNode-2|rpc:localhost:13722|priority:0] returns group-523986131536:java.util.concurrent.CompletableFuture@1c8c8764[Not completed]
2021-01-18 04:00:55,299 [Listener at 127.0.0.1/13718] INFO  om.OzoneManager (OzoneManager.java:initializeRatisServer(1323)) - OzoneManager Ratis server initialized at port 13728
2021-01-18 04:00:55,300 [Listener at 127.0.0.1/13718] INFO  ipc.CallQueueManager (CallQueueManager.java:<init>(84)) - Using callQueue: class java.util.concurrent.LinkedBlockingQueue, queueCapacity: 2000, scheduler: class org.apache.hadoop.ipc.DefaultRpcScheduler, ipcBackoff: false.
2021-01-18 04:00:55,302 [pool-57-thread-1] INFO  server.RaftServer$Division (RaftServerImpl.java:<init>(179)) - omNode-3: new RaftServerImpl for group-523986131536:[omNode-3|rpc:localhost:13728|priority:0, omNode-1|rpc:localhost:13716|priority:0, omNode-2|rpc:localhost:13722|priority:0] with OzoneManagerStateMachine:uninitialized
2021-01-18 04:00:55,302 [pool-57-thread-1] INFO  server.RaftServerConfigKeys (ConfUtils.java:logGet(44)) - raft.server.rpc.timeout.min = 1s (custom)
2021-01-18 04:00:55,303 [pool-57-thread-1] INFO  server.RaftServerConfigKeys (ConfUtils.java:logGet(44)) - raft.server.rpc.timeout.max = 1200ms (custom)
2021-01-18 04:00:55,303 [pool-57-thread-1] INFO  server.RaftServerConfigKeys (ConfUtils.java:logGet(44)) - raft.server.rpc.sleep.time = 25ms (default)
2021-01-18 04:00:55,304 [pool-57-thread-1] INFO  server.RaftServerConfigKeys (ConfUtils.java:logGet(44)) - raft.server.rpc.slowness.timeout = 2s (custom)
2021-01-18 04:00:55,304 [pool-57-thread-1] INFO  server.RaftServerConfigKeys (ConfUtils.java:logGet(44)) - raft.server.leaderelection.leader.step-down.wait-time = 10s (default)
2021-01-18 04:00:55,304 [pool-57-thread-1] INFO  server.RaftServerConfigKeys (ConfUtils.java:logGet(44)) - raft.server.sleep.deviation.threshold = 300ms (default)
2021-01-18 04:00:55,304 [pool-57-thread-1] INFO  server.RaftServerConfigKeys (ConfUtils.java:logGet(44)) - raft.server.log.appender.install.snapshot.enabled = false (custom)
2021-01-18 04:00:55,304 [pool-57-thread-1] INFO  server.RaftServer$Division (ServerState.java:<init>(103)) - omNode-3@group-523986131536: ConfigurationManager, init=-1: [omNode-3|rpc:localhost:13728|priority:0, omNode-1|rpc:localhost:13716|priority:0, omNode-2|rpc:localhost:13722|priority:0], old=null, confs=<EMPTY_MAP>
2021-01-18 04:00:55,304 [pool-57-thread-1] INFO  server.RaftServerConfigKeys (ConfUtils.java:logGet(44)) - raft.server.storage.dir = [/github/workspace/mnt/ozone/hadoop-ozone/integration-test/target/test-dir/MiniOzoneClusterImpl-5bc51996-b728-448b-b7ee-2f27b8cece2b/omNode-3/ratis] (custom)
2021-01-18 04:00:55,304 [pool-57-thread-1] INFO  server.RaftServerConfigKeys (ConfUtils.java:logGet(44)) - raft.server.log.corruption.policy = EXCEPTION (default)
2021-01-18 04:00:55,305 [pool-57-thread-1] INFO  storage.RaftStorageDirectory (RaftStorageDirectoryImpl.java:analyzeStorage(132)) - The storage directory /github/workspace/mnt/ozone/hadoop-ozone/integration-test/target/test-dir/MiniOzoneClusterImpl-5bc51996-b728-448b-b7ee-2f27b8cece2b/omNode-3/ratis/c9bc4cf4-3bc3-3c60-a66b-523986131536 does not exist. Creating ...
2021-01-18 04:00:55,305 [Socket Reader #1 for port 13724] INFO  ipc.Server (Server.java:run(1219)) - Starting Socket Reader #1 for port 13724
2021-01-18 04:00:55,306 [pool-57-thread-1] INFO  storage.RaftStorageDirectory (RaftStorageDirectoryImpl.java:tryLock(215)) - Lock on /github/workspace/mnt/ozone/hadoop-ozone/integration-test/target/test-dir/MiniOzoneClusterImpl-5bc51996-b728-448b-b7ee-2f27b8cece2b/omNode-3/ratis/c9bc4cf4-3bc3-3c60-a66b-523986131536/in_use.lock acquired by nodename 30197@d01bdcf5d4c9
2021-01-18 04:00:55,312 [pool-57-thread-1] INFO  storage.RaftStorage (RaftStorageImpl.java:format(87)) - Storage directory /github/workspace/mnt/ozone/hadoop-ozone/integration-test/target/test-dir/MiniOzoneClusterImpl-5bc51996-b728-448b-b7ee-2f27b8cece2b/omNode-3/ratis/c9bc4cf4-3bc3-3c60-a66b-523986131536 has been successfully formatted.
2021-01-18 04:00:55,313 [pool-57-thread-1] ERROR storage.RaftStorage (RaftStorageImpl.java:readRaftConfiguration(147)) - Failed reading configuration from file:/github/workspace/mnt/ozone/hadoop-ozone/integration-test/target/test-dir/MiniOzoneClusterImpl-5bc51996-b728-448b-b7ee-2f27b8cece2b/omNode-3/ratis/c9bc4cf4-3bc3-3c60-a66b-523986131536/current/raft-meta.conf
java.io.FileNotFoundException: /github/workspace/mnt/ozone/hadoop-ozone/integration-test/target/test-dir/MiniOzoneClusterImpl-5bc51996-b728-448b-b7ee-2f27b8cece2b/omNode-3/ratis/c9bc4cf4-3bc3-3c60-a66b-523986131536/current/raft-meta.conf (No such file or directory)
	at java.io.FileInputStream.open0(Native Method)
	at java.io.FileInputStream.open(FileInputStream.java:195)
	at java.io.FileInputStream.<init>(FileInputStream.java:138)
	at org.apache.ratis.server.storage.RaftStorageImpl.readRaftConfiguration(RaftStorageImpl.java:143)
	at org.apache.ratis.server.impl.ServerState.<init>(ServerState.java:113)
	at org.apache.ratis.server.impl.RaftServerImpl.<init>(RaftServerImpl.java:192)
	at org.apache.ratis.server.impl.RaftServerProxy.lambda$newRaftServerImpl$4(RaftServerProxy.java:266)
	at java.util.concurrent.CompletableFuture$AsyncSupply.run(CompletableFuture.java:1604)
	at java.util.concurrent.ThreadPoolExecutor.runWorker(ThreadPoolExecutor.java:1149)
	at java.util.concurrent.ThreadPoolExecutor$Worker.run(ThreadPoolExecutor.java:624)
	at java.lang.Thread.run(Thread.java:748)
2021-01-18 04:00:55,314 [pool-57-thread-1] INFO  server.RaftServerConfigKeys (ConfUtils.java:logGet(44)) - raft.server.notification.no-leader.timeout = 2s (custom)
2021-01-18 04:00:55,314 [pool-57-thread-1] INFO  server.RaftServerConfigKeys (ConfUtils.java:logGet(44)) - raft.server.log.use.memory = false (default)
2021-01-18 04:00:55,315 [pool-57-thread-1] INFO  server.RaftServerConfigKeys (ConfUtils.java:logGet(44)) - raft.server.log.purge.gap = 50 (custom)
2021-01-18 04:00:55,315 [pool-57-thread-1] INFO  server.RaftServerConfigKeys (ConfUtils.java:logGet(44)) - raft.server.log.appender.buffer.byte-limit = 33554432 (custom)
2021-01-18 04:00:55,315 [pool-57-thread-1] INFO  metrics.RatisMetrics (RatisMetrics.java:lambda$create$0(36)) - Creating Metrics Registry : ratis.log_worker.omNode-3@group-523986131536
2021-01-18 04:00:55,315 [pool-57-thread-1] INFO  server.RaftServerConfigKeys (ConfUtils.java:logGet(44)) - raft.server.log.segment.size.max = 4194304 (custom)
2021-01-18 04:00:55,316 [pool-57-thread-1] INFO  server.RaftServerConfigKeys (ConfUtils.java:logGet(44)) - raft.server.log.segment.cache.num.max = 2 (custom)
2021-01-18 04:00:55,316 [pool-57-thread-1] INFO  server.RaftServerConfigKeys (ConfUtils.java:logGet(44)) - raft.server.log.segment.cache.size.max = 200MB (=209715200) (default)
2021-01-18 04:00:55,316 [pool-57-thread-1] INFO  segmented.SegmentedRaftLogWorker (SegmentedRaftLogWorker.java:<init>(181)) - new omNode-3@group-523986131536-SegmentedRaftLogWorker for RaftStorageImpl:Storage Directory /github/workspace/mnt/ozone/hadoop-ozone/integration-test/target/test-dir/MiniOzoneClusterImpl-5bc51996-b728-448b-b7ee-2f27b8cece2b/omNode-3/ratis/c9bc4cf4-3bc3-3c60-a66b-523986131536
2021-01-18 04:00:55,316 [pool-57-thread-1] INFO  server.RaftServerConfigKeys (ConfUtils.java:logGet(44)) - raft.server.log.queue.byte-limit = 64MB (=67108864) (default)
2021-01-18 04:00:55,317 [pool-57-thread-1] INFO  server.RaftServerConfigKeys (ConfUtils.java:logGet(44)) - raft.server.log.queue.element-limit = 4096 (default)
2021-01-18 04:00:55,318 [pool-57-thread-1] INFO  server.RaftServerConfigKeys (ConfUtils.java:logGet(44)) - raft.server.log.segment.size.max = 4194304 (custom)
2021-01-18 04:00:55,318 [pool-57-thread-1] INFO  server.RaftServerConfigKeys (ConfUtils.java:logGet(44)) - raft.server.log.preallocated.size = 4194304 (custom)
2021-01-18 04:00:55,319 [pool-57-thread-1] INFO  server.RaftServerConfigKeys (ConfUtils.java:logGet(44)) - raft.server.log.force.sync.num = 128 (default)
2021-01-18 04:00:55,319 [pool-57-thread-1] INFO  server.RaftServerConfigKeys (ConfUtils.java:logGet(44)) - raft.server.log.statemachine.data.sync = true (default)
2021-01-18 04:00:55,319 [pool-57-thread-1] INFO  server.RaftServerConfigKeys (ConfUtils.java:logGet(44)) - raft.server.log.statemachine.data.sync.timeout = 10s (default)
2021-01-18 04:00:55,319 [pool-57-thread-1] INFO  server.RaftServerConfigKeys (ConfUtils.java:logGet(44)) - raft.server.log.statemachine.data.sync.timeout.retry = -1 (default)
2021-01-18 04:00:55,320 [pool-57-thread-1] INFO  server.RaftServerConfigKeys (ConfUtils.java:logGet(44)) - raft.server.log.write.buffer.size = 64KB (=65536) (default)
2021-01-18 04:00:55,323 [pool-57-thread-1] INFO  server.RaftServerConfigKeys (ConfUtils.java:logGet(44)) - raft.server.log.statemachine.data.caching.enabled = false (default)
2021-01-18 04:00:55,324 [pool-57-thread-1] INFO  segmented.SegmentedRaftLogWorker (SegmentedRaftLogWorker.java:lambda$new$0(132)) - omNode-3@group-523986131536-SegmentedRaftLogWorker: flushIndex: setUnconditionally 0 -> -1
2021-01-18 04:00:55,324 [pool-57-thread-1] INFO  segmented.SegmentedRaftLogWorker (SegmentedRaftLogWorker.java:lambda$new$0(132)) - omNode-3@group-523986131536-SegmentedRaftLogWorker: safeCacheEvictIndex: setUnconditionally 0 -> -1
2021-01-18 04:00:55,333 [Listener at 127.0.0.1/13724] INFO  ozone.MiniOzoneHAClusterImpl (MiniOzoneHAClusterImpl.java:createOMService(384)) - Intialized OzoneManager at localhost/127.0.0.1:13724. This OM is currently inactive (not running).
2021-01-18 04:00:55,336 [pool-57-thread-1] INFO  server.RaftServerConfigKeys (ConfUtils.java:logGet(44)) - raft.server.snapshot.auto.trigger.enabled = true (custom)
2021-01-18 04:00:55,336 [pool-57-thread-1] INFO  server.RaftServerConfigKeys (ConfUtils.java:logGet(44)) - raft.server.snapshot.auto.trigger.threshold = 50 (custom)
2021-01-18 04:00:55,336 [pool-57-thread-1] INFO  server.RaftServerConfigKeys (ConfUtils.java:logGet(44)) - raft.server.snapshot.retention.file.num = -1 (default)
2021-01-18 04:00:55,336 [pool-57-thread-1] INFO  server.RaftServerConfigKeys (ConfUtils.java:logGet(44)) - raft.server.log.purge.upto.snapshot.index = true (custom)
2021-01-18 04:00:55,336 [pool-57-thread-1] INFO  server.RaftServerConfigKeys (ConfUtils.java:logGet(44)) - raft.server.retrycache.expirytime = 300s (custom)
2021-01-18 04:00:55,336 [pool-57-thread-1] INFO  server.RaftServerConfigKeys (ConfUtils.java:logGet(44)) - raft.server.retrycache.statistics.expirytime = 100?s (default)
2021-01-18 04:00:55,336 [pool-57-thread-1] INFO  metrics.RatisMetrics (RatisMetrics.java:lambda$create$0(36)) - Creating Metrics Registry : ratis.leader_election.omNode-3@group-523986131536
2021-01-18 04:00:55,337 [pool-57-thread-1] INFO  metrics.RatisMetrics (RatisMetrics.java:lambda$create$0(36)) - Creating Metrics Registry : ratis.server.omNode-3@group-523986131536
2021-01-18 04:00:55,492 [Listener at 127.0.0.1/13724] INFO  impl.MetricsSystemImpl (MetricsSystemImpl.java:init(158)) - HddsDatanode metrics system started (again)
2021-01-18 04:00:55,497 [Listener at 127.0.0.1/13724] INFO  ozone.HddsDatanodeService (HddsDatanodeService.java:start(215)) - HddsDatanodeService host:d01bdcf5d4c9 ip:172.17.0.2
2021-01-18 04:00:55,552 [Listener at 127.0.0.1/13724] INFO  volume.HddsVolume (HddsVolume.java:<init>(176)) - Creating Volume: /github/workspace/mnt/ozone/hadoop-ozone/integration-test/target/test-dir/MiniOzoneClusterImpl-5bc51996-b728-448b-b7ee-2f27b8cece2b/datanode-0/data-0/containers/hdds of storage type : DISK and capacity : 9223372036854775807
2021-01-18 04:00:55,553 [Listener at 127.0.0.1/13724] INFO  volume.MutableVolumeSet (MutableVolumeSet.java:initializeVolumeSet(179)) - Added Volume : /github/workspace/mnt/ozone/hadoop-ozone/integration-test/target/test-dir/MiniOzoneClusterImpl-5bc51996-b728-448b-b7ee-2f27b8cece2b/datanode-0/data-0/containers/hdds to VolumeSet
2021-01-18 04:00:55,554 [Listener at 127.0.0.1/13724] INFO  volume.ThrottledAsyncChecker (ThrottledAsyncChecker.java:schedule(141)) - Scheduling a check for /github/workspace/mnt/ozone/hadoop-ozone/integration-test/target/test-dir/MiniOzoneClusterImpl-5bc51996-b728-448b-b7ee-2f27b8cece2b/datanode-0/data-0/containers/hdds
2021-01-18 04:00:55,573 [Listener at 127.0.0.1/13724] INFO  volume.HddsVolumeChecker (HddsVolumeChecker.java:checkAllVolumes(200)) - Scheduled health check for volume /github/workspace/mnt/ozone/hadoop-ozone/integration-test/target/test-dir/MiniOzoneClusterImpl-5bc51996-b728-448b-b7ee-2f27b8cece2b/datanode-0/data-0/containers/hdds
2021-01-18 04:00:55,596 [Thread-175] INFO  ozoneimpl.ContainerReader (ContainerReader.java:readVolume(123)) - Start to verify containers on volume /github/workspace/mnt/ozone/hadoop-ozone/integration-test/target/test-dir/MiniOzoneClusterImpl-5bc51996-b728-448b-b7ee-2f27b8cece2b/datanode-0/data-0/containers/hdds
2021-01-18 04:00:55,596 [Thread-175] INFO  ozoneimpl.ContainerReader (ContainerReader.java:readVolume(148)) - Finish verifying containers on volume /github/workspace/mnt/ozone/hadoop-ozone/integration-test/target/test-dir/MiniOzoneClusterImpl-5bc51996-b728-448b-b7ee-2f27b8cece2b/datanode-0/data-0/containers/hdds
2021-01-18 04:00:55,596 [Listener at 127.0.0.1/13724] INFO  ozoneimpl.OzoneContainer (OzoneContainer.java:buildContainerSet(206)) - Build ContainerSet costs 0s
2021-01-18 04:00:55,656 [Listener at 127.0.0.1/13724] INFO  server.RaftServer (ConfUtils.java:logGet(44)) - raft.rpc.type = GRPC (default)
2021-01-18 04:00:55,656 [Listener at 127.0.0.1/13724] INFO  grpc.GrpcFactory (GrpcFactory.java:checkPooledByteBufAllocatorUseCacheForAllThreads(48)) - PERFORMANCE WARNING: useCacheForAllThreads is true that may cause Netty to create a lot garbage objects and, as a result, trigger GC.
	It is recommended to disable useCacheForAllThreads by setting -Dorg.apache.ratis.thirdparty.io.netty.allocator.useCacheForAllThreads=false in command line.
2021-01-18 04:00:55,656 [Listener at 127.0.0.1/13724] INFO  grpc.GrpcConfigKeys (ConfUtils.java:logGet(44)) - raft.grpc.server.port = 0 (default)
2021-01-18 04:00:55,656 [Listener at 127.0.0.1/13724] INFO  server.GrpcService (ConfUtils.java:logGet(44)) - raft.grpc.message.size.max = 32MB (=33554432) (custom)
2021-01-18 04:00:55,657 [Listener at 127.0.0.1/13724] INFO  server.RaftServerConfigKeys (ConfUtils.java:logGet(44)) - raft.server.log.appender.buffer.byte-limit = 33554432 (custom)
2021-01-18 04:00:55,657 [Listener at 127.0.0.1/13724] INFO  server.GrpcService (ConfUtils.java:logGet(44)) - raft.grpc.flow.control.window = 5MB (=5242880) (custom)
2021-01-18 04:00:55,657 [Listener at 127.0.0.1/13724] INFO  server.RaftServerConfigKeys (ConfUtils.java:logGet(44)) - raft.server.rpc.request.timeout = 60s (custom)
2021-01-18 04:00:55,658 [Listener at 127.0.0.1/13724] INFO  impl.DataStreamServerImpl (ConfUtils.java:logGet(44)) - raft.datastream.type = DISABLED (default)
2021-01-18 04:00:55,659 [Listener at 127.0.0.1/13724] INFO  server.RaftServerConfigKeys (ConfUtils.java:logGet(44)) - raft.server.rpc.slowness.timeout = 300s (custom)
2021-01-18 04:00:55,659 [Listener at 127.0.0.1/13724] INFO  server.RaftServerConfigKeys (ConfUtils.java:logGet(44)) - raft.server.leaderelection.leader.step-down.wait-time = 10s (default)
2021-01-18 04:00:55,659 [Listener at 127.0.0.1/13724] INFO  server.RaftServerConfigKeys (ConfUtils.java:logGet(44)) - raft.server.storage.dir = [/github/workspace/mnt/ozone/hadoop-ozone/integration-test/target/test-dir/MiniOzoneClusterImpl-5bc51996-b728-448b-b7ee-2f27b8cece2b/datanode-0/data/ratis] (custom)
2021-01-18 04:00:55,719 [Listener at 127.0.0.1/13724] INFO  http.BaseHttpServer (BaseHttpServer.java:newHttpServer2BuilderForOzone(207)) - Starting Web-server for hddsDatanode at: http://0.0.0.0:0
2021-01-18 04:00:55,719 [Listener at 127.0.0.1/13724] INFO  http.BaseHttpServer (BaseHttpServer.java:<init>(106)) - Hadoop Security Enabled: false Ozone Security Enabled: false Ozone HTTP Security Enabled: false 
2021-01-18 04:00:55,720 [Listener at 127.0.0.1/13724] INFO  server.AuthenticationFilter (AuthenticationFilter.java:constructSecretProvider(240)) - Unable to initialize FileSignerSecretProvider, falling back to use random secrets.
2021-01-18 04:00:55,721 [Listener at 127.0.0.1/13724] WARN  http.HttpRequestLog (HttpRequestLog.java:getRequestLog(103)) - Jetty request log can only be enabled using Log4j
2021-01-18 04:00:55,722 [Listener at 127.0.0.1/13724] INFO  http.HttpServer2 (HttpServer2.java:addGlobalFilter(1020)) - Added global filter 'safety' (class=org.apache.hadoop.hdds.server.http.HttpServer2$QuotingInputFilter)
2021-01-18 04:00:55,723 [Listener at 127.0.0.1/13724] INFO  http.HttpServer2 (HttpServer2.java:addFilter(996)) - Added filter static_user_filter (class=org.apache.hadoop.http.lib.StaticUserWebFilter$StaticUserFilter) to context hddsDatanode
2021-01-18 04:00:55,723 [Listener at 127.0.0.1/13724] INFO  http.HttpServer2 (HttpServer2.java:addFilter(1004)) - Added filter static_user_filter (class=org.apache.hadoop.http.lib.StaticUserWebFilter$StaticUserFilter) to context logs
2021-01-18 04:00:55,723 [Listener at 127.0.0.1/13724] INFO  http.HttpServer2 (HttpServer2.java:addFilter(1004)) - Added filter static_user_filter (class=org.apache.hadoop.http.lib.StaticUserWebFilter$StaticUserFilter) to context static
2021-01-18 04:00:55,724 [Listener at 127.0.0.1/13724] INFO  http.HttpServer2 (HttpServer2.java:bindListener(1238)) - Jetty bound to port 42741
2021-01-18 04:00:55,724 [Listener at 127.0.0.1/13724] INFO  server.Server (Server.java:doStart(375)) - jetty-9.4.34.v20201102; built: 2020-11-02T14:15:39.302Z; git: e46af88704a893fc12cb0e3bf46e2c7b48a009e7; jvm 1.8.0_232-b09
2021-01-18 04:00:55,728 [Listener at 127.0.0.1/13724] INFO  server.session (DefaultSessionIdManager.java:doStart(334)) - DefaultSessionIdManager workerName=node0
2021-01-18 04:00:55,728 [Listener at 127.0.0.1/13724] INFO  server.session (DefaultSessionIdManager.java:doStart(339)) - No SessionScavenger set, using defaults
2021-01-18 04:00:55,728 [Listener at 127.0.0.1/13724] INFO  server.session (HouseKeeper.java:startScavenging(132)) - node0 Scavenging every 660000ms
2021-01-18 04:00:55,729 [Listener at 127.0.0.1/13724] INFO  handler.ContextHandler (ContextHandler.java:doStart(916)) - Started o.e.j.s.ServletContextHandler@6382f3e{logs,/logs,file:///github/workspace/mnt/ozone/hadoop-ozone/integration-test/target/log,AVAILABLE}
2021-01-18 04:00:55,729 [Listener at 127.0.0.1/13724] INFO  handler.ContextHandler (ContextHandler.java:doStart(916)) - Started o.e.j.s.ServletContextHandler@2890aaba{static,/static,jar:file:/home/user/.m2/repository/org/apache/hadoop/hadoop-hdds-container-service/1.1.0-SNAPSHOT/hadoop-hdds-container-service-1.1.0-SNAPSHOT.jar!/webapps/static,AVAILABLE}
2021-01-18 04:00:55,885 [Listener at 127.0.0.1/13724] INFO  handler.ContextHandler (ContextHandler.java:doStart(916)) - Started o.e.j.w.WebAppContext@15c71f5a{hddsDatanode,/,file:///tmp/jetty-0_0_0_0-42741-hadoop-hdds-container-service-1_1_0-SNAPSHOT_jar-_-any-2514872804437134538/webapp/,AVAILABLE}{jar:file:/home/user/.m2/repository/org/apache/hadoop/hadoop-hdds-container-service/1.1.0-SNAPSHOT/hadoop-hdds-container-service-1.1.0-SNAPSHOT.jar!/webapps/hddsDatanode}
2021-01-18 04:00:55,886 [Listener at 127.0.0.1/13724] INFO  server.AbstractConnector (AbstractConnector.java:doStart(331)) - Started ServerConnector@6ba2ea98{HTTP/1.1, (http/1.1)}{0.0.0.0:42741}
2021-01-18 04:00:55,887 [Listener at 127.0.0.1/13724] INFO  server.Server (Server.java:doStart(415)) - Started @10168ms
2021-01-18 04:00:55,887 [Listener at 127.0.0.1/13724] WARN  impl.MetricsSystemImpl (MetricsSystemImpl.java:register(276)) - Sink prometheus already exists!
2021-01-18 04:00:55,890 [Listener at 127.0.0.1/13724] INFO  http.BaseHttpServer (BaseHttpServer.java:updateConnectorAddress(327)) - HTTP server of hddsDatanode listening at http://0.0.0.0:42741
2021-01-18 04:00:55,892 [Listener at 127.0.0.1/13724] INFO  impl.MetricsSystemImpl (MetricsSystemImpl.java:init(158)) - HddsDatanode metrics system started (again)
2021-01-18 04:00:55,893 [Listener at 127.0.0.1/13724] INFO  ozone.HddsDatanodeService (HddsDatanodeService.java:start(215)) - HddsDatanodeService host:d01bdcf5d4c9 ip:172.17.0.2
2021-01-18 04:00:55,895 [Listener at 127.0.0.1/13724] INFO  volume.HddsVolume (HddsVolume.java:<init>(176)) - Creating Volume: /github/workspace/mnt/ozone/hadoop-ozone/integration-test/target/test-dir/MiniOzoneClusterImpl-5bc51996-b728-448b-b7ee-2f27b8cece2b/datanode-1/data-0/containers/hdds of storage type : DISK and capacity : 9223372036854775807
2021-01-18 04:00:55,895 [Listener at 127.0.0.1/13724] INFO  volume.MutableVolumeSet (MutableVolumeSet.java:initializeVolumeSet(179)) - Added Volume : /github/workspace/mnt/ozone/hadoop-ozone/integration-test/target/test-dir/MiniOzoneClusterImpl-5bc51996-b728-448b-b7ee-2f27b8cece2b/datanode-1/data-0/containers/hdds to VolumeSet
2021-01-18 04:00:55,896 [Listener at 127.0.0.1/13724] INFO  volume.ThrottledAsyncChecker (ThrottledAsyncChecker.java:schedule(141)) - Scheduling a check for /github/workspace/mnt/ozone/hadoop-ozone/integration-test/target/test-dir/MiniOzoneClusterImpl-5bc51996-b728-448b-b7ee-2f27b8cece2b/datanode-1/data-0/containers/hdds
2021-01-18 04:00:55,897 [Listener at 127.0.0.1/13724] INFO  volume.HddsVolumeChecker (HddsVolumeChecker.java:checkAllVolumes(200)) - Scheduled health check for volume /github/workspace/mnt/ozone/hadoop-ozone/integration-test/target/test-dir/MiniOzoneClusterImpl-5bc51996-b728-448b-b7ee-2f27b8cece2b/datanode-1/data-0/containers/hdds
2021-01-18 04:00:55,936 [org.apache.hadoop.util.JvmPauseMonitor$Monitor@6c7a9834] INFO  util.JvmPauseMonitor (JvmPauseMonitor.java:run(188)) - Starting JVM pause monitor
2021-01-18 04:00:55,933 [Thread-184] INFO  ozoneimpl.ContainerReader (ContainerReader.java:readVolume(123)) - Start to verify containers on volume /github/workspace/mnt/ozone/hadoop-ozone/integration-test/target/test-dir/MiniOzoneClusterImpl-5bc51996-b728-448b-b7ee-2f27b8cece2b/datanode-1/data-0/containers/hdds
2021-01-18 04:00:55,941 [Thread-184] INFO  ozoneimpl.ContainerReader (ContainerReader.java:readVolume(148)) - Finish verifying containers on volume /github/workspace/mnt/ozone/hadoop-ozone/integration-test/target/test-dir/MiniOzoneClusterImpl-5bc51996-b728-448b-b7ee-2f27b8cece2b/datanode-1/data-0/containers/hdds
2021-01-18 04:00:55,942 [Listener at 127.0.0.1/13724] INFO  ozoneimpl.OzoneContainer (OzoneContainer.java:buildContainerSet(206)) - Build ContainerSet costs 0s
2021-01-18 04:00:55,945 [Listener at 127.0.0.1/13724] INFO  server.RaftServer (ConfUtils.java:logGet(44)) - raft.rpc.type = GRPC (default)
2021-01-18 04:00:55,945 [Listener at 127.0.0.1/13724] INFO  grpc.GrpcFactory (GrpcFactory.java:checkPooledByteBufAllocatorUseCacheForAllThreads(48)) - PERFORMANCE WARNING: useCacheForAllThreads is true that may cause Netty to create a lot garbage objects and, as a result, trigger GC.
	It is recommended to disable useCacheForAllThreads by setting -Dorg.apache.ratis.thirdparty.io.netty.allocator.useCacheForAllThreads=false in command line.
2021-01-18 04:00:55,945 [Listener at 127.0.0.1/13724] INFO  grpc.GrpcConfigKeys (ConfUtils.java:logGet(44)) - raft.grpc.server.port = 0 (default)
2021-01-18 04:00:55,945 [Listener at 127.0.0.1/13724] INFO  server.GrpcService (ConfUtils.java:logGet(44)) - raft.grpc.message.size.max = 32MB (=33554432) (custom)
2021-01-18 04:00:55,945 [Listener at 127.0.0.1/13724] INFO  server.RaftServerConfigKeys (ConfUtils.java:logGet(44)) - raft.server.log.appender.buffer.byte-limit = 33554432 (custom)
2021-01-18 04:00:55,945 [Listener at 127.0.0.1/13724] INFO  server.GrpcService (ConfUtils.java:logGet(44)) - raft.grpc.flow.control.window = 5MB (=5242880) (custom)
2021-01-18 04:00:55,945 [Listener at 127.0.0.1/13724] INFO  server.RaftServerConfigKeys (ConfUtils.java:logGet(44)) - raft.server.rpc.request.timeout = 60s (custom)
2021-01-18 04:00:55,946 [Listener at 127.0.0.1/13724] INFO  impl.DataStreamServerImpl (ConfUtils.java:logGet(44)) - raft.datastream.type = DISABLED (default)
2021-01-18 04:00:55,946 [Listener at 127.0.0.1/13724] INFO  server.RaftServerConfigKeys (ConfUtils.java:logGet(44)) - raft.server.rpc.slowness.timeout = 300s (custom)
2021-01-18 04:00:55,946 [Listener at 127.0.0.1/13724] INFO  server.RaftServerConfigKeys (ConfUtils.java:logGet(44)) - raft.server.leaderelection.leader.step-down.wait-time = 10s (default)
2021-01-18 04:00:55,947 [Listener at 127.0.0.1/13724] INFO  server.RaftServerConfigKeys (ConfUtils.java:logGet(44)) - raft.server.storage.dir = [/github/workspace/mnt/ozone/hadoop-ozone/integration-test/target/test-dir/MiniOzoneClusterImpl-5bc51996-b728-448b-b7ee-2f27b8cece2b/datanode-1/data/ratis] (custom)
2021-01-18 04:00:55,958 [Listener at 127.0.0.1/13724] INFO  http.BaseHttpServer (BaseHttpServer.java:newHttpServer2BuilderForOzone(207)) - Starting Web-server for hddsDatanode at: http://0.0.0.0:0
2021-01-18 04:00:55,958 [Listener at 127.0.0.1/13724] INFO  http.BaseHttpServer (BaseHttpServer.java:<init>(106)) - Hadoop Security Enabled: false Ozone Security Enabled: false Ozone HTTP Security Enabled: false 
2021-01-18 04:00:55,959 [Listener at 127.0.0.1/13724] INFO  server.AuthenticationFilter (AuthenticationFilter.java:constructSecretProvider(240)) - Unable to initialize FileSignerSecretProvider, falling back to use random secrets.
2021-01-18 04:00:55,960 [Listener at 127.0.0.1/13724] WARN  http.HttpRequestLog (HttpRequestLog.java:getRequestLog(103)) - Jetty request log can only be enabled using Log4j
2021-01-18 04:00:55,961 [Listener at 127.0.0.1/13724] INFO  http.HttpServer2 (HttpServer2.java:addGlobalFilter(1020)) - Added global filter 'safety' (class=org.apache.hadoop.hdds.server.http.HttpServer2$QuotingInputFilter)
2021-01-18 04:00:55,962 [Listener at 127.0.0.1/13724] INFO  http.HttpServer2 (HttpServer2.java:addFilter(996)) - Added filter static_user_filter (class=org.apache.hadoop.http.lib.StaticUserWebFilter$StaticUserFilter) to context hddsDatanode
2021-01-18 04:00:55,962 [Listener at 127.0.0.1/13724] INFO  http.HttpServer2 (HttpServer2.java:addFilter(1004)) - Added filter static_user_filter (class=org.apache.hadoop.http.lib.StaticUserWebFilter$StaticUserFilter) to context logs
2021-01-18 04:00:55,962 [Listener at 127.0.0.1/13724] INFO  http.HttpServer2 (HttpServer2.java:addFilter(1004)) - Added filter static_user_filter (class=org.apache.hadoop.http.lib.StaticUserWebFilter$StaticUserFilter) to context static
2021-01-18 04:00:55,963 [Listener at 127.0.0.1/13724] INFO  http.HttpServer2 (HttpServer2.java:bindListener(1238)) - Jetty bound to port 36851
2021-01-18 04:00:55,963 [Listener at 127.0.0.1/13724] INFO  server.Server (Server.java:doStart(375)) - jetty-9.4.34.v20201102; built: 2020-11-02T14:15:39.302Z; git: e46af88704a893fc12cb0e3bf46e2c7b48a009e7; jvm 1.8.0_232-b09
2021-01-18 04:00:55,966 [Listener at 127.0.0.1/13724] INFO  server.session (DefaultSessionIdManager.java:doStart(334)) - DefaultSessionIdManager workerName=node0
2021-01-18 04:00:55,966 [Listener at 127.0.0.1/13724] INFO  server.session (DefaultSessionIdManager.java:doStart(339)) - No SessionScavenger set, using defaults
2021-01-18 04:00:55,966 [Listener at 127.0.0.1/13724] INFO  server.session (HouseKeeper.java:startScavenging(132)) - node0 Scavenging every 660000ms
2021-01-18 04:00:55,967 [Listener at 127.0.0.1/13724] INFO  handler.ContextHandler (ContextHandler.java:doStart(916)) - Started o.e.j.s.ServletContextHandler@5d0b58a9{logs,/logs,file:///github/workspace/mnt/ozone/hadoop-ozone/integration-test/target/log,AVAILABLE}
2021-01-18 04:00:55,967 [Listener at 127.0.0.1/13724] INFO  handler.ContextHandler (ContextHandler.java:doStart(916)) - Started o.e.j.s.ServletContextHandler@19722aef{static,/static,jar:file:/home/user/.m2/repository/org/apache/hadoop/hadoop-hdds-container-service/1.1.0-SNAPSHOT/hadoop-hdds-container-service-1.1.0-SNAPSHOT.jar!/webapps/static,AVAILABLE}
2021-01-18 04:00:56,061 [Thread-99] INFO  impl.FollowerState (FollowerState.java:run(133)) - omNode-1@group-523986131536-FollowerState: change to CANDIDATE, lastRpcElapsedTime:1110916151ns, electionTimeout:1088ms
2021-01-18 04:00:56,062 [Thread-99] INFO  impl.RoleInfo (RoleInfo.java:shutdownFollowerState(108)) - omNode-1: shutdown omNode-1@group-523986131536-FollowerState
2021-01-18 04:00:56,063 [Thread-99] INFO  server.RaftServer$Division (RaftServerImpl.java:setRole(283)) - omNode-1@group-523986131536: changes role from  FOLLOWER to CANDIDATE at term 0 for changeToCandidate
2021-01-18 04:00:56,067 [Thread-99] INFO  impl.RoleInfo (RoleInfo.java:updateAndGet(130)) - omNode-1: start omNode-1@group-523986131536-LeaderElection1
2021-01-18 04:00:56,116 [omNode-1@group-523986131536-LeaderElection1] INFO  impl.LeaderElection (LeaderElection.java:askForPreVotes(259)) - omNode-1@group-523986131536-LeaderElection1: begin a pre-vote at term 0 for -1: [omNode-3|rpc:localhost:13728|priority:0, omNode-1|rpc:localhost:13716|priority:0, omNode-2|rpc:localhost:13722|priority:0], old=null
2021-01-18 04:00:56,196 [Datanode State Machine Task Thread - 0] INFO  datanode.InitDatanodeState (InitDatanodeState.java:persistContainerDatanodeDetails(145)) - DatanodeDetails is persisted to /github/workspace/mnt/ozone/hadoop-ozone/integration-test/target/test-dir/MiniOzoneClusterImpl-5bc51996-b728-448b-b7ee-2f27b8cece2b/datanode-0/meta/datanode.id
2021-01-18 04:00:56,223 [Thread-137] INFO  impl.FollowerState (FollowerState.java:run(133)) - omNode-2@group-523986131536-FollowerState: change to CANDIDATE, lastRpcElapsedTime:1043558980ns, electionTimeout:1031ms
2021-01-18 04:00:56,224 [Thread-137] INFO  impl.RoleInfo (RoleInfo.java:shutdownFollowerState(108)) - omNode-2: shutdown omNode-2@group-523986131536-FollowerState
2021-01-18 04:00:56,224 [Thread-137] INFO  server.RaftServer$Division (RaftServerImpl.java:setRole(283)) - omNode-2@group-523986131536: changes role from  FOLLOWER to CANDIDATE at term 0 for changeToCandidate
2021-01-18 04:00:56,224 [Thread-137] INFO  impl.RoleInfo (RoleInfo.java:updateAndGet(130)) - omNode-2: start omNode-2@group-523986131536-LeaderElection2
2021-01-18 04:00:56,232 [omNode-2@group-523986131536-LeaderElection2] INFO  impl.LeaderElection (LeaderElection.java:askForPreVotes(259)) - omNode-2@group-523986131536-LeaderElection2: begin a pre-vote at term 0 for -1: [omNode-3|rpc:localhost:13728|priority:0, omNode-1|rpc:localhost:13716|priority:0, omNode-2|rpc:localhost:13722|priority:0], old=null
2021-01-18 04:00:56,346 [Listener at 127.0.0.1/13724] INFO  handler.ContextHandler (ContextHandler.java:doStart(916)) - Started o.e.j.w.WebAppContext@736379dd{hddsDatanode,/,file:///tmp/jetty-0_0_0_0-36851-hadoop-hdds-container-service-1_1_0-SNAPSHOT_jar-_-any-5951158615799214855/webapp/,AVAILABLE}{jar:file:/home/user/.m2/repository/org/apache/hadoop/hadoop-hdds-container-service/1.1.0-SNAPSHOT/hadoop-hdds-container-service-1.1.0-SNAPSHOT.jar!/webapps/hddsDatanode}
2021-01-18 04:00:56,359 [Listener at 127.0.0.1/13724] INFO  server.AbstractConnector (AbstractConnector.java:doStart(331)) - Started ServerConnector@1695a5a8{HTTP/1.1, (http/1.1)}{0.0.0.0:36851}
2021-01-18 04:00:56,359 [Listener at 127.0.0.1/13724] INFO  server.Server (Server.java:doStart(415)) - Started @10640ms
2021-01-18 04:00:56,359 [Listener at 127.0.0.1/13724] WARN  impl.MetricsSystemImpl (MetricsSystemImpl.java:register(276)) - Sink prometheus already exists!
2021-01-18 04:00:56,363 [Listener at 127.0.0.1/13724] INFO  http.BaseHttpServer (BaseHttpServer.java:updateConnectorAddress(327)) - HTTP server of hddsDatanode listening at http://0.0.0.0:36851
2021-01-18 04:00:56,372 [Listener at 127.0.0.1/13724] INFO  impl.MetricsSystemImpl (MetricsSystemImpl.java:init(158)) - HddsDatanode metrics system started (again)
2021-01-18 04:00:56,373 [Listener at 127.0.0.1/13724] INFO  ozone.HddsDatanodeService (HddsDatanodeService.java:start(215)) - HddsDatanodeService host:d01bdcf5d4c9 ip:172.17.0.2
2021-01-18 04:00:56,379 [Listener at 127.0.0.1/13724] INFO  volume.HddsVolume (HddsVolume.java:<init>(176)) - Creating Volume: /github/workspace/mnt/ozone/hadoop-ozone/integration-test/target/test-dir/MiniOzoneClusterImpl-5bc51996-b728-448b-b7ee-2f27b8cece2b/datanode-2/data-0/containers/hdds of storage type : DISK and capacity : 9223372036854775807
2021-01-18 04:00:56,379 [Listener at 127.0.0.1/13724] INFO  volume.MutableVolumeSet (MutableVolumeSet.java:initializeVolumeSet(179)) - Added Volume : /github/workspace/mnt/ozone/hadoop-ozone/integration-test/target/test-dir/MiniOzoneClusterImpl-5bc51996-b728-448b-b7ee-2f27b8cece2b/datanode-2/data-0/containers/hdds to VolumeSet
2021-01-18 04:00:56,379 [Listener at 127.0.0.1/13724] INFO  volume.ThrottledAsyncChecker (ThrottledAsyncChecker.java:schedule(141)) - Scheduling a check for /github/workspace/mnt/ozone/hadoop-ozone/integration-test/target/test-dir/MiniOzoneClusterImpl-5bc51996-b728-448b-b7ee-2f27b8cece2b/datanode-2/data-0/containers/hdds
2021-01-18 04:00:56,384 [Listener at 127.0.0.1/13724] INFO  volume.HddsVolumeChecker (HddsVolumeChecker.java:checkAllVolumes(200)) - Scheduled health check for volume /github/workspace/mnt/ozone/hadoop-ozone/integration-test/target/test-dir/MiniOzoneClusterImpl-5bc51996-b728-448b-b7ee-2f27b8cece2b/datanode-2/data-0/containers/hdds
2021-01-18 04:00:56,426 [org.apache.hadoop.util.JvmPauseMonitor$Monitor@58613784] INFO  util.JvmPauseMonitor (JvmPauseMonitor.java:run(188)) - Starting JVM pause monitor
2021-01-18 04:00:56,440 [Thread-203] INFO  ozoneimpl.ContainerReader (ContainerReader.java:readVolume(123)) - Start to verify containers on volume /github/workspace/mnt/ozone/hadoop-ozone/integration-test/target/test-dir/MiniOzoneClusterImpl-5bc51996-b728-448b-b7ee-2f27b8cece2b/datanode-2/data-0/containers/hdds
2021-01-18 04:00:56,440 [Thread-203] INFO  ozoneimpl.ContainerReader (ContainerReader.java:readVolume(148)) - Finish verifying containers on volume /github/workspace/mnt/ozone/hadoop-ozone/integration-test/target/test-dir/MiniOzoneClusterImpl-5bc51996-b728-448b-b7ee-2f27b8cece2b/datanode-2/data-0/containers/hdds
2021-01-18 04:00:56,441 [Listener at 127.0.0.1/13724] INFO  ozoneimpl.OzoneContainer (OzoneContainer.java:buildContainerSet(206)) - Build ContainerSet costs 0s
2021-01-18 04:00:56,443 [Listener at 127.0.0.1/13724] INFO  server.RaftServer (ConfUtils.java:logGet(44)) - raft.rpc.type = GRPC (default)
2021-01-18 04:00:56,443 [Listener at 127.0.0.1/13724] INFO  grpc.GrpcFactory (GrpcFactory.java:checkPooledByteBufAllocatorUseCacheForAllThreads(48)) - PERFORMANCE WARNING: useCacheForAllThreads is true that may cause Netty to create a lot garbage objects and, as a result, trigger GC.
	It is recommended to disable useCacheForAllThreads by setting -Dorg.apache.ratis.thirdparty.io.netty.allocator.useCacheForAllThreads=false in command line.
2021-01-18 04:00:56,444 [Listener at 127.0.0.1/13724] INFO  grpc.GrpcConfigKeys (ConfUtils.java:logGet(44)) - raft.grpc.server.port = 0 (default)
2021-01-18 04:00:56,444 [Listener at 127.0.0.1/13724] INFO  server.GrpcService (ConfUtils.java:logGet(44)) - raft.grpc.message.size.max = 32MB (=33554432) (custom)
2021-01-18 04:00:56,444 [Listener at 127.0.0.1/13724] INFO  server.RaftServerConfigKeys (ConfUtils.java:logGet(44)) - raft.server.log.appender.buffer.byte-limit = 33554432 (custom)
2021-01-18 04:00:56,444 [Listener at 127.0.0.1/13724] INFO  server.GrpcService (ConfUtils.java:logGet(44)) - raft.grpc.flow.control.window = 5MB (=5242880) (custom)
2021-01-18 04:00:56,444 [Listener at 127.0.0.1/13724] INFO  server.RaftServerConfigKeys (ConfUtils.java:logGet(44)) - raft.server.rpc.request.timeout = 60s (custom)
2021-01-18 04:00:56,445 [Listener at 127.0.0.1/13724] INFO  impl.DataStreamServerImpl (ConfUtils.java:logGet(44)) - raft.datastream.type = DISABLED (default)
2021-01-18 04:00:56,445 [Listener at 127.0.0.1/13724] INFO  server.RaftServerConfigKeys (ConfUtils.java:logGet(44)) - raft.server.rpc.slowness.timeout = 300s (custom)
2021-01-18 04:00:56,445 [Listener at 127.0.0.1/13724] INFO  server.RaftServerConfigKeys (ConfUtils.java:logGet(44)) - raft.server.leaderelection.leader.step-down.wait-time = 10s (default)
2021-01-18 04:00:56,446 [Listener at 127.0.0.1/13724] INFO  server.RaftServerConfigKeys (ConfUtils.java:logGet(44)) - raft.server.storage.dir = [/github/workspace/mnt/ozone/hadoop-ozone/integration-test/target/test-dir/MiniOzoneClusterImpl-5bc51996-b728-448b-b7ee-2f27b8cece2b/datanode-2/data/ratis] (custom)
2021-01-18 04:00:56,450 [Datanode State Machine Task Thread - 0] INFO  datanode.InitDatanodeState (InitDatanodeState.java:persistContainerDatanodeDetails(145)) - DatanodeDetails is persisted to /github/workspace/mnt/ozone/hadoop-ozone/integration-test/target/test-dir/MiniOzoneClusterImpl-5bc51996-b728-448b-b7ee-2f27b8cece2b/datanode-1/meta/datanode.id
2021-01-18 04:00:56,504 [Listener at 127.0.0.1/13724] INFO  http.BaseHttpServer (BaseHttpServer.java:newHttpServer2BuilderForOzone(207)) - Starting Web-server for hddsDatanode at: http://0.0.0.0:0
2021-01-18 04:00:56,505 [Listener at 127.0.0.1/13724] INFO  http.BaseHttpServer (BaseHttpServer.java:<init>(106)) - Hadoop Security Enabled: false Ozone Security Enabled: false Ozone HTTP Security Enabled: false 
2021-01-18 04:00:56,506 [Listener at 127.0.0.1/13724] INFO  server.AuthenticationFilter (AuthenticationFilter.java:constructSecretProvider(240)) - Unable to initialize FileSignerSecretProvider, falling back to use random secrets.
2021-01-18 04:00:56,512 [Listener at 127.0.0.1/13724] WARN  http.HttpRequestLog (HttpRequestLog.java:getRequestLog(103)) - Jetty request log can only be enabled using Log4j
2021-01-18 04:00:56,513 [Listener at 127.0.0.1/13724] INFO  http.HttpServer2 (HttpServer2.java:addGlobalFilter(1020)) - Added global filter 'safety' (class=org.apache.hadoop.hdds.server.http.HttpServer2$QuotingInputFilter)
2021-01-18 04:00:56,514 [Listener at 127.0.0.1/13724] INFO  http.HttpServer2 (HttpServer2.java:addFilter(996)) - Added filter static_user_filter (class=org.apache.hadoop.http.lib.StaticUserWebFilter$StaticUserFilter) to context hddsDatanode
2021-01-18 04:00:56,514 [Listener at 127.0.0.1/13724] INFO  http.HttpServer2 (HttpServer2.java:addFilter(1004)) - Added filter static_user_filter (class=org.apache.hadoop.http.lib.StaticUserWebFilter$StaticUserFilter) to context static
2021-01-18 04:00:56,514 [Listener at 127.0.0.1/13724] INFO  http.HttpServer2 (HttpServer2.java:addFilter(1004)) - Added filter static_user_filter (class=org.apache.hadoop.http.lib.StaticUserWebFilter$StaticUserFilter) to context logs
2021-01-18 04:00:56,515 [Listener at 127.0.0.1/13724] INFO  http.HttpServer2 (HttpServer2.java:bindListener(1238)) - Jetty bound to port 45939
2021-01-18 04:00:56,515 [Listener at 127.0.0.1/13724] INFO  server.Server (Server.java:doStart(375)) - jetty-9.4.34.v20201102; built: 2020-11-02T14:15:39.302Z; git: e46af88704a893fc12cb0e3bf46e2c7b48a009e7; jvm 1.8.0_232-b09
2021-01-18 04:00:56,524 [Listener at 127.0.0.1/13724] INFO  server.session (DefaultSessionIdManager.java:doStart(334)) - DefaultSessionIdManager workerName=node0
2021-01-18 04:00:56,524 [Listener at 127.0.0.1/13724] INFO  server.session (DefaultSessionIdManager.java:doStart(339)) - No SessionScavenger set, using defaults
2021-01-18 04:00:56,525 [Listener at 127.0.0.1/13724] INFO  server.session (HouseKeeper.java:startScavenging(132)) - node0 Scavenging every 600000ms
2021-01-18 04:00:56,525 [Listener at 127.0.0.1/13724] INFO  handler.ContextHandler (ContextHandler.java:doStart(916)) - Started o.e.j.s.ServletContextHandler@5cdbc417{logs,/logs,file:///github/workspace/mnt/ozone/hadoop-ozone/integration-test/target/log,AVAILABLE}
2021-01-18 04:00:56,526 [Listener at 127.0.0.1/13724] INFO  handler.ContextHandler (ContextHandler.java:doStart(916)) - Started o.e.j.s.ServletContextHandler@4f3fdeba{static,/static,jar:file:/home/user/.m2/repository/org/apache/hadoop/hadoop-hdds-container-service/1.1.0-SNAPSHOT/hadoop-hdds-container-service-1.1.0-SNAPSHOT.jar!/webapps/static,AVAILABLE}
2021-01-18 04:00:56,541 [omNode-2@group-523986131536-LeaderElection2] INFO  impl.LeaderElection (LogUtils.java:infoOrTrace(137)) - omNode-2@group-523986131536-LeaderElection2 got exception when requesting votes: java.util.concurrent.ExecutionException: org.apache.ratis.thirdparty.io.grpc.StatusRuntimeException: UNAVAILABLE: io exception
2021-01-18 04:00:56,544 [omNode-1@group-523986131536-LeaderElection1] INFO  impl.LeaderElection (LogUtils.java:infoOrTrace(137)) - omNode-1@group-523986131536-LeaderElection1 got exception when requesting votes: java.util.concurrent.ExecutionException: org.apache.ratis.thirdparty.io.grpc.StatusRuntimeException: UNAVAILABLE: io exception
2021-01-18 04:00:56,625 [grpc-default-executor-2] INFO  metrics.RatisMetrics (RatisMetrics.java:lambda$create$0(36)) - Creating Metrics Registry : ratis.server_message_metrics.omNode-2
2021-01-18 04:00:56,633 [grpc-default-executor-2] INFO  server.RaftServer$Division (RaftServerImpl.java:requestPreVote(1060)) - omNode-2@group-523986131536: receive preVote(omNode-1, group-523986131536, 0, (t:0, i:~))
2021-01-18 04:00:56,633 [grpc-default-executor-3] INFO  metrics.RatisMetrics (RatisMetrics.java:lambda$create$0(36)) - Creating Metrics Registry : ratis.server_message_metrics.omNode-1
2021-01-18 04:00:56,641 [grpc-default-executor-2] INFO  server.RaftServer$Division (RaftServerImpl.java:requestPreVote(1081)) - omNode-2@group-523986131536 role:CANDIDATE allow pre-vote from:omNode-1
2021-01-18 04:00:56,644 [grpc-default-executor-3] INFO  server.RaftServer$Division (RaftServerImpl.java:requestPreVote(1060)) - omNode-1@group-523986131536: receive preVote(omNode-2, group-523986131536, 0, (t:0, i:~))
2021-01-18 04:00:56,644 [grpc-default-executor-3] INFO  server.RaftServer$Division (RaftServerImpl.java:requestPreVote(1081)) - omNode-1@group-523986131536 role:CANDIDATE allow pre-vote from:omNode-2
2021-01-18 04:00:56,649 [grpc-default-executor-3] INFO  server.RaftServer$Division (RaftServerImpl.java:requestPreVote(1099)) - omNode-1@group-523986131536 replies to pre-vote request: omNode-2<-omNode-1#0:OK-t0. Peer's state: omNode-1@group-523986131536:t0, leader=null, voted=, raftlog=omNode-1@group-523986131536-SegmentedRaftLog:OPENED:c-1,f-1,i0, conf=-1: [omNode-3|rpc:localhost:13728|priority:0, omNode-1|rpc:localhost:13716|priority:0, omNode-2|rpc:localhost:13722|priority:0], old=null
2021-01-18 04:00:56,656 [grpc-default-executor-2] INFO  server.RaftServer$Division (RaftServerImpl.java:requestPreVote(1099)) - omNode-2@group-523986131536 replies to pre-vote request: omNode-1<-omNode-2#0:OK-t0. Peer's state: omNode-2@group-523986131536:t0, leader=null, voted=, raftlog=omNode-2@group-523986131536-SegmentedRaftLog:OPENED:c-1,f-1,i0, conf=-1: [omNode-3|rpc:localhost:13728|priority:0, omNode-1|rpc:localhost:13716|priority:0, omNode-2|rpc:localhost:13722|priority:0], old=null
2021-01-18 04:00:56,671 [omNode-1@group-523986131536-LeaderElection1] INFO  impl.LeaderElection (LeaderElection.java:logAndReturn(68)) - omNode-1@group-523986131536-LeaderElection1: Pre-vote  PASSED received 1 response(s):[omNode-1<-omNode-2#0:OK-t0]
2021-01-18 04:00:56,672 [omNode-1@group-523986131536-LeaderElection1] INFO  impl.LeaderElection (LogUtils.java:infoOrTrace(137)) -   Exception 0: java.util.concurrent.ExecutionException: org.apache.ratis.thirdparty.io.grpc.StatusRuntimeException: UNAVAILABLE: io exception
2021-01-18 04:00:56,672 [omNode-1@group-523986131536-LeaderElection1] INFO  impl.LeaderElection (LeaderElection.java:askForPreVotes(261)) - omNode-1@group-523986131536-LeaderElection1 pre-vote result is PASSED.
2021-01-18 04:00:56,680 [omNode-2@group-523986131536-LeaderElection2] INFO  impl.LeaderElection (LeaderElection.java:logAndReturn(68)) - omNode-2@group-523986131536-LeaderElection2: Pre-vote  PASSED received 1 response(s):[omNode-2<-omNode-1#0:OK-t0]
2021-01-18 04:00:56,680 [omNode-2@group-523986131536-LeaderElection2] INFO  impl.LeaderElection (LogUtils.java:infoOrTrace(137)) -   Exception 0: java.util.concurrent.ExecutionException: org.apache.ratis.thirdparty.io.grpc.StatusRuntimeException: UNAVAILABLE: io exception
2021-01-18 04:00:56,680 [omNode-2@group-523986131536-LeaderElection2] INFO  impl.LeaderElection (LeaderElection.java:askForPreVotes(261)) - omNode-2@group-523986131536-LeaderElection2 pre-vote result is PASSED.
2021-01-18 04:00:56,681 [omNode-1@group-523986131536-LeaderElection1] INFO  impl.LeaderElection (LeaderElection.java:askForVotes(308)) - omNode-1@group-523986131536-LeaderElection1: begin an election at term 1 for -1: [omNode-3|rpc:localhost:13728|priority:0, omNode-1|rpc:localhost:13716|priority:0, omNode-2|rpc:localhost:13722|priority:0], old=null
2021-01-18 04:00:56,682 [omNode-1@group-523986131536-LeaderElection1] INFO  impl.LeaderElection (LogUtils.java:infoOrTrace(137)) - omNode-1@group-523986131536-LeaderElection1 got exception when requesting votes: java.util.concurrent.ExecutionException: org.apache.ratis.thirdparty.io.grpc.StatusRuntimeException: UNAVAILABLE: io exception
2021-01-18 04:00:56,682 [omNode-2@group-523986131536-LeaderElection2] INFO  impl.LeaderElection (LeaderElection.java:askForVotes(308)) - omNode-2@group-523986131536-LeaderElection2: begin an election at term 1 for -1: [omNode-3|rpc:localhost:13728|priority:0, omNode-1|rpc:localhost:13716|priority:0, omNode-2|rpc:localhost:13722|priority:0], old=null
2021-01-18 04:00:56,696 [omNode-2@group-523986131536-LeaderElection2] INFO  impl.LeaderElection (LogUtils.java:infoOrTrace(137)) - omNode-2@group-523986131536-LeaderElection2 got exception when requesting votes: java.util.concurrent.ExecutionException: org.apache.ratis.thirdparty.io.grpc.StatusRuntimeException: UNAVAILABLE: io exception
2021-01-18 04:00:56,712 [omNode-1@group-523986131536-LeaderElection1] INFO  impl.LeaderElection (LeaderElection.java:logAndReturn(68)) - omNode-1@group-523986131536-LeaderElection1: Election  REJECTED received 1 response(s):[omNode-1<-omNode-2#0:FAIL-t1]
2021-01-18 04:00:56,712 [omNode-1@group-523986131536-LeaderElection1] INFO  impl.LeaderElection (LogUtils.java:infoOrTrace(137)) -   Exception 0: java.util.concurrent.ExecutionException: org.apache.ratis.thirdparty.io.grpc.StatusRuntimeException: UNAVAILABLE: io exception
2021-01-18 04:00:56,712 [omNode-1@group-523986131536-LeaderElection1] INFO  server.RaftServer$Division (RaftServerImpl.java:setRole(283)) - omNode-1@group-523986131536: changes role from CANDIDATE to FOLLOWER at term 1 for DISCOVERED_A_NEW_TERM
2021-01-18 04:00:56,712 [omNode-1@group-523986131536-LeaderElection1] INFO  impl.RoleInfo (RoleInfo.java:shutdownLeaderElection(121)) - omNode-1: shutdown omNode-1@group-523986131536-LeaderElection1
2021-01-18 04:00:56,713 [omNode-1@group-523986131536-LeaderElection1] INFO  impl.RoleInfo (RoleInfo.java:updateAndGet(130)) - omNode-1: start omNode-1@group-523986131536-FollowerState
2021-01-18 04:00:56,733 [omNode-2@group-523986131536-LeaderElection2] INFO  impl.LeaderElection (LeaderElection.java:logAndReturn(68)) - omNode-2@group-523986131536-LeaderElection2: Election  REJECTED received 1 response(s):[omNode-2<-omNode-1#0:FAIL-t1]
2021-01-18 04:00:56,733 [omNode-2@group-523986131536-LeaderElection2] INFO  impl.LeaderElection (LogUtils.java:infoOrTrace(137)) -   Exception 0: java.util.concurrent.ExecutionException: org.apache.ratis.thirdparty.io.grpc.StatusRuntimeException: UNAVAILABLE: io exception
2021-01-18 04:00:56,733 [omNode-2@group-523986131536-LeaderElection2] INFO  server.RaftServer$Division (RaftServerImpl.java:setRole(283)) - omNode-2@group-523986131536: changes role from CANDIDATE to FOLLOWER at term 1 for DISCOVERED_A_NEW_TERM
2021-01-18 04:00:56,733 [omNode-2@group-523986131536-LeaderElection2] INFO  impl.RoleInfo (RoleInfo.java:shutdownLeaderElection(121)) - omNode-2: shutdown omNode-2@group-523986131536-LeaderElection2
2021-01-18 04:00:56,734 [omNode-2@group-523986131536-LeaderElection2] INFO  impl.RoleInfo (RoleInfo.java:updateAndGet(130)) - omNode-2: start omNode-2@group-523986131536-FollowerState
2021-01-18 04:00:56,783 [Listener at 127.0.0.1/13724] INFO  handler.ContextHandler (ContextHandler.java:doStart(916)) - Started o.e.j.w.WebAppContext@56d0161{hddsDatanode,/,file:///tmp/jetty-0_0_0_0-45939-hadoop-hdds-container-service-1_1_0-SNAPSHOT_jar-_-any-8842987342461616002/webapp/,AVAILABLE}{jar:file:/home/user/.m2/repository/org/apache/hadoop/hadoop-hdds-container-service/1.1.0-SNAPSHOT/hadoop-hdds-container-service-1.1.0-SNAPSHOT.jar!/webapps/hddsDatanode}
2021-01-18 04:00:56,784 [Listener at 127.0.0.1/13724] INFO  server.AbstractConnector (AbstractConnector.java:doStart(331)) - Started ServerConnector@6ebc6c11{HTTP/1.1, (http/1.1)}{0.0.0.0:45939}
2021-01-18 04:00:56,785 [Listener at 127.0.0.1/13724] INFO  server.Server (Server.java:doStart(415)) - Started @11065ms
2021-01-18 04:00:56,785 [Listener at 127.0.0.1/13724] WARN  impl.MetricsSystemImpl (MetricsSystemImpl.java:register(276)) - Sink prometheus already exists!
2021-01-18 04:00:56,788 [Listener at 127.0.0.1/13724] INFO  http.BaseHttpServer (BaseHttpServer.java:updateConnectorAddress(327)) - HTTP server of hddsDatanode listening at http://0.0.0.0:45939
2021-01-18 04:00:56,791 [Listener at 127.0.0.1/13724] INFO  ozone.MiniOzoneClusterImpl (MiniOzoneClusterImpl.java:lambda$waitForClusterToBeReady$0(179)) - Waiting for nodes to be ready. Got 0 of 3 DN Heartbeats.
2021-01-18 04:00:56,792 [Listener at 127.0.0.1/13724] INFO  ozone.MiniOzoneClusterImpl (MiniOzoneClusterImpl.java:lambda$waitForClusterToBeReady$0(182)) - Waiting for cluster to exit safe mode
2021-01-18 04:00:56,793 [org.apache.hadoop.util.JvmPauseMonitor$Monitor@5b541515] INFO  util.JvmPauseMonitor (JvmPauseMonitor.java:run(188)) - Starting JVM pause monitor
2021-01-18 04:00:56,796 [Datanode State Machine Task Thread - 0] INFO  datanode.InitDatanodeState (InitDatanodeState.java:persistContainerDatanodeDetails(145)) - DatanodeDetails is persisted to /github/workspace/mnt/ozone/hadoop-ozone/integration-test/target/test-dir/MiniOzoneClusterImpl-5bc51996-b728-448b-b7ee-2f27b8cece2b/datanode-2/meta/datanode.id
2021-01-18 04:00:57,792 [Listener at 127.0.0.1/13724] INFO  ozone.MiniOzoneClusterImpl (MiniOzoneClusterImpl.java:lambda$waitForClusterToBeReady$0(179)) - Waiting for nodes to be ready. Got 0 of 3 DN Heartbeats.
2021-01-18 04:00:57,793 [Listener at 127.0.0.1/13724] INFO  ozone.MiniOzoneClusterImpl (MiniOzoneClusterImpl.java:lambda$waitForClusterToBeReady$0(182)) - Waiting for cluster to exit safe mode
2021-01-18 04:00:57,872 [Thread-217] INFO  impl.FollowerState (FollowerState.java:run(133)) - omNode-2@group-523986131536-FollowerState: change to CANDIDATE, lastRpcElapsedTime:1138794662ns, electionTimeout:1134ms
2021-01-18 04:00:57,873 [Thread-217] INFO  impl.RoleInfo (RoleInfo.java:shutdownFollowerState(108)) - omNode-2: shutdown omNode-2@group-523986131536-FollowerState
2021-01-18 04:00:57,873 [Thread-217] INFO  server.RaftServer$Division (RaftServerImpl.java:setRole(283)) - omNode-2@group-523986131536: changes role from  FOLLOWER to CANDIDATE at term 1 for changeToCandidate
2021-01-18 04:00:57,884 [Thread-217] INFO  impl.RoleInfo (RoleInfo.java:updateAndGet(130)) - omNode-2: start omNode-2@group-523986131536-LeaderElection3
2021-01-18 04:00:57,889 [omNode-2@group-523986131536-LeaderElection3] INFO  impl.LeaderElection (LeaderElection.java:askForPreVotes(259)) - omNode-2@group-523986131536-LeaderElection3: begin a pre-vote at term 1 for -1: [omNode-3|rpc:localhost:13728|priority:0, omNode-1|rpc:localhost:13716|priority:0, omNode-2|rpc:localhost:13722|priority:0], old=null
2021-01-18 04:00:57,890 [omNode-2@group-523986131536-LeaderElection3] INFO  impl.LeaderElection (LogUtils.java:infoOrTrace(137)) - omNode-2@group-523986131536-LeaderElection3 got exception when requesting votes: java.util.concurrent.ExecutionException: org.apache.ratis.thirdparty.io.grpc.StatusRuntimeException: UNAVAILABLE: io exception
2021-01-18 04:00:57,893 [Thread-216] INFO  impl.FollowerState (FollowerState.java:run(133)) - omNode-1@group-523986131536-FollowerState: change to CANDIDATE, lastRpcElapsedTime:1180555129ns, electionTimeout:1172ms
2021-01-18 04:00:57,893 [Thread-216] INFO  impl.RoleInfo (RoleInfo.java:shutdownFollowerState(108)) - omNode-1: shutdown omNode-1@group-523986131536-FollowerState
2021-01-18 04:00:57,894 [Thread-216] INFO  server.RaftServer$Division (RaftServerImpl.java:setRole(283)) - omNode-1@group-523986131536: changes role from  FOLLOWER to CANDIDATE at term 1 for changeToCandidate
2021-01-18 04:00:57,894 [Thread-216] INFO  impl.RoleInfo (RoleInfo.java:updateAndGet(130)) - omNode-1: start omNode-1@group-523986131536-LeaderElection4
2021-01-18 04:00:57,899 [grpc-default-executor-2] INFO  server.RaftServer$Division (RaftServerImpl.java:requestPreVote(1060)) - omNode-1@group-523986131536: receive preVote(omNode-2, group-523986131536, 1, (t:0, i:~))
2021-01-18 04:00:57,899 [grpc-default-executor-2] INFO  server.RaftServer$Division (RaftServerImpl.java:requestPreVote(1081)) - omNode-1@group-523986131536 role:CANDIDATE allow pre-vote from:omNode-2
2021-01-18 04:00:57,899 [grpc-default-executor-2] INFO  server.RaftServer$Division (RaftServerImpl.java:requestPreVote(1099)) - omNode-1@group-523986131536 replies to pre-vote request: omNode-2<-omNode-1#0:OK-t1. Peer's state: omNode-1@group-523986131536:t1, leader=null, voted=omNode-1, raftlog=omNode-1@group-523986131536-SegmentedRaftLog:OPENED:c-1,f-1,i0, conf=-1: [omNode-3|rpc:localhost:13728|priority:0, omNode-1|rpc:localhost:13716|priority:0, omNode-2|rpc:localhost:13722|priority:0], old=null
2021-01-18 04:00:57,907 [omNode-1@group-523986131536-LeaderElection4] INFO  impl.LeaderElection (LeaderElection.java:askForPreVotes(259)) - omNode-1@group-523986131536-LeaderElection4: begin a pre-vote at term 1 for -1: [omNode-3|rpc:localhost:13728|priority:0, omNode-1|rpc:localhost:13716|priority:0, omNode-2|rpc:localhost:13722|priority:0], old=null
2021-01-18 04:00:57,907 [omNode-1@group-523986131536-LeaderElection4] INFO  impl.LeaderElection (LogUtils.java:infoOrTrace(137)) - omNode-1@group-523986131536-LeaderElection4 got exception when requesting votes: java.util.concurrent.ExecutionException: org.apache.ratis.thirdparty.io.grpc.StatusRuntimeException: UNAVAILABLE: io exception
2021-01-18 04:00:57,908 [omNode-2@group-523986131536-LeaderElection3] INFO  impl.LeaderElection (LeaderElection.java:logAndReturn(68)) - omNode-2@group-523986131536-LeaderElection3: Pre-vote  PASSED received 1 response(s):[omNode-2<-omNode-1#0:OK-t1]
2021-01-18 04:00:57,908 [omNode-2@group-523986131536-LeaderElection3] INFO  impl.LeaderElection (LogUtils.java:infoOrTrace(137)) -   Exception 0: java.util.concurrent.ExecutionException: org.apache.ratis.thirdparty.io.grpc.StatusRuntimeException: UNAVAILABLE: io exception
2021-01-18 04:00:57,908 [omNode-2@group-523986131536-LeaderElection3] INFO  impl.LeaderElection (LeaderElection.java:askForPreVotes(261)) - omNode-2@group-523986131536-LeaderElection3 pre-vote result is PASSED.
2021-01-18 04:00:57,909 [omNode-2@group-523986131536-LeaderElection3] INFO  impl.LeaderElection (LeaderElection.java:askForVotes(308)) - omNode-2@group-523986131536-LeaderElection3: begin an election at term 2 for -1: [omNode-3|rpc:localhost:13728|priority:0, omNode-1|rpc:localhost:13716|priority:0, omNode-2|rpc:localhost:13722|priority:0], old=null
2021-01-18 04:00:57,916 [omNode-2@group-523986131536-LeaderElection3] INFO  impl.LeaderElection (LogUtils.java:infoOrTrace(137)) - omNode-2@group-523986131536-LeaderElection3 got exception when requesting votes: java.util.concurrent.ExecutionException: org.apache.ratis.thirdparty.io.grpc.StatusRuntimeException: UNAVAILABLE: io exception
2021-01-18 04:00:57,917 [grpc-default-executor-2] INFO  server.RaftServer$Division (RaftServerImpl.java:requestPreVote(1060)) - omNode-2@group-523986131536: receive preVote(omNode-1, group-523986131536, 1, (t:0, i:~))
2021-01-18 04:00:57,918 [grpc-default-executor-2] INFO  server.RaftServer$Division (RaftServerImpl.java:requestPreVote(1081)) - omNode-2@group-523986131536 role:CANDIDATE allow pre-vote from:omNode-1
2021-01-18 04:00:57,918 [grpc-default-executor-2] INFO  server.RaftServer$Division (RaftServerImpl.java:requestPreVote(1099)) - omNode-2@group-523986131536 replies to pre-vote request: omNode-1<-omNode-2#0:OK-t2. Peer's state: omNode-2@group-523986131536:t2, leader=null, voted=omNode-2, raftlog=omNode-2@group-523986131536-SegmentedRaftLog:OPENED:c-1,f-1,i0, conf=-1: [omNode-3|rpc:localhost:13728|priority:0, omNode-1|rpc:localhost:13716|priority:0, omNode-2|rpc:localhost:13722|priority:0], old=null
2021-01-18 04:00:57,920 [grpc-default-executor-2] INFO  server.RaftServer$Division (RaftServerImpl.java:setRole(283)) - omNode-1@group-523986131536: changes role from CANDIDATE to FOLLOWER at term 2 for recognizeCandidate:omNode-2
2021-01-18 04:00:57,920 [grpc-default-executor-2] INFO  impl.RoleInfo (RoleInfo.java:shutdownLeaderElection(121)) - omNode-1: shutdown omNode-1@group-523986131536-LeaderElection4
2021-01-18 04:00:57,921 [grpc-default-executor-2] INFO  impl.RoleInfo (RoleInfo.java:updateAndGet(130)) - omNode-1: start omNode-1@group-523986131536-FollowerState
2021-01-18 04:00:57,921 [grpc-default-executor-2] INFO  server.RaftServer$Division (RaftServerImpl.java:requestVote(1137)) -  FOLLOWER omNode-1@group-523986131536:t2, leader=null, voted=null, raftlog=omNode-1@group-523986131536-SegmentedRaftLog:OPENED:c-1,f-1,i0, conf=-1: [omNode-3|rpc:localhost:13728|priority:0, omNode-1|rpc:localhost:13716|priority:0, omNode-2|rpc:localhost:13722|priority:0], old=null RUNNING priority:0 candidate:omNode-2|rpc:localhost:13722|priority:0 candidatePriority:0 compare:0
2021-01-18 04:00:57,924 [omNode-1@group-523986131536-LeaderElection4] INFO  impl.LeaderElection (LeaderElection.java:logAndReturn(68)) - omNode-1@group-523986131536-LeaderElection4: Pre-vote  PASSED received 1 response(s):[omNode-1<-omNode-2#0:OK-t2]
2021-01-18 04:00:57,924 [omNode-1@group-523986131536-LeaderElection4] INFO  impl.LeaderElection (LogUtils.java:infoOrTrace(137)) -   Exception 0: java.util.concurrent.ExecutionException: org.apache.ratis.thirdparty.io.grpc.StatusRuntimeException: UNAVAILABLE: io exception
2021-01-18 04:00:57,924 [omNode-1@group-523986131536-LeaderElection4] INFO  impl.LeaderElection (LeaderElection.java:askForPreVotes(261)) - omNode-1@group-523986131536-LeaderElection4 pre-vote result is PASSED.
2021-01-18 04:00:57,927 [omNode-2@group-523986131536-LeaderElection3] INFO  impl.LeaderElection (LeaderElection.java:logAndReturn(68)) - omNode-2@group-523986131536-LeaderElection3: Election  PASSED received 1 response(s):[omNode-2<-omNode-1#0:OK-t2]
2021-01-18 04:00:57,927 [omNode-2@group-523986131536-LeaderElection3] INFO  impl.LeaderElection (LogUtils.java:infoOrTrace(137)) -   Exception 0: java.util.concurrent.ExecutionException: org.apache.ratis.thirdparty.io.grpc.StatusRuntimeException: UNAVAILABLE: io exception
2021-01-18 04:00:57,927 [omNode-2@group-523986131536-LeaderElection3] INFO  impl.RoleInfo (RoleInfo.java:shutdownLeaderElection(121)) - omNode-2: shutdown omNode-2@group-523986131536-LeaderElection3
2021-01-18 04:00:57,927 [omNode-2@group-523986131536-LeaderElection3] INFO  server.RaftServer$Division (RaftServerImpl.java:setRole(283)) - omNode-2@group-523986131536: changes role from CANDIDATE to LEADER at term 2 for changeToLeader
2021-01-18 04:00:57,927 [omNode-2@group-523986131536-LeaderElection3] INFO  server.RaftServer$Division (ServerState.java:setLeader(249)) - omNode-2@group-523986131536: change Leader from null to omNode-2 at term 2 for becomeLeader, leader elected after 2769ms
2021-01-18 04:00:57,932 [omNode-2@group-523986131536-LeaderElection3] INFO  server.RaftServerConfigKeys (ConfUtils.java:logGet(44)) - raft.server.staging.catchup.gap = 1000 (default)
2021-01-18 04:00:57,935 [omNode-2@group-523986131536-LeaderElection3] INFO  metrics.RatisMetrics (RatisMetrics.java:lambda$create$0(36)) - Creating Metrics Registry : ratis.log_appender.omNode-2@group-523986131536
2021-01-18 04:00:57,937 [omNode-2@group-523986131536-LeaderElection3] INFO  server.RaftServerConfigKeys (ConfUtils.java:logGet(44)) - raft.server.write.element-limit = 4096 (default)
2021-01-18 04:00:57,937 [omNode-2@group-523986131536-LeaderElection3] INFO  server.RaftServerConfigKeys (ConfUtils.java:logGet(44)) - raft.server.write.byte-limit = 64MB (=67108864) (default)
2021-01-18 04:00:57,942 [omNode-2@group-523986131536-LeaderElection3] INFO  server.RaftServerConfigKeys (ConfUtils.java:logGet(44)) - raft.server.watch.timeout = 10s (default)
2021-01-18 04:00:57,942 [omNode-2@group-523986131536-LeaderElection3] INFO  server.RaftServerConfigKeys (ConfUtils.java:logGet(44)) - raft.server.watch.timeout.denomination = 1s (default)
2021-01-18 04:00:57,943 [omNode-2@group-523986131536-LeaderElection3] INFO  server.RaftServerConfigKeys (ConfUtils.java:logGet(44)) - raft.server.watch.element-limit = 65536 (default)
2021-01-18 04:00:57,989 [omNode-2@group-523986131536-LeaderElection3] INFO  server.RaftServerConfigKeys (ConfUtils.java:logGet(44)) - raft.server.log.appender.snapshot.chunk.size.max = 16MB (=16777216) (default)
2021-01-18 04:00:57,989 [omNode-2@group-523986131536-LeaderElection3] INFO  server.RaftServerConfigKeys (ConfUtils.java:logGet(44)) - raft.server.log.appender.buffer.byte-limit = 33554432 (custom)
2021-01-18 04:00:57,989 [omNode-2@group-523986131536-LeaderElection3] INFO  server.RaftServerConfigKeys (ConfUtils.java:logGet(44)) - raft.server.log.appender.buffer.element-limit = 1024 (custom)
2021-01-18 04:00:57,992 [omNode-2@group-523986131536-LeaderElection3] INFO  grpc.GrpcConfigKeys (ConfUtils.java:logGet(44)) - raft.grpc.server.leader.outstanding.appends.max = 128 (default)
2021-01-18 04:00:57,996 [omNode-2@group-523986131536-LeaderElection3] INFO  server.RaftServerConfigKeys (ConfUtils.java:logGet(44)) - raft.server.rpc.request.timeout = 3000ms (default)
2021-01-18 04:00:57,996 [omNode-2@group-523986131536-LeaderElection3] INFO  server.RaftServerConfigKeys (ConfUtils.java:logGet(44)) - raft.server.log.appender.install.snapshot.enabled = false (custom)
2021-01-18 04:00:57,997 [omNode-2@group-523986131536-LeaderElection3] INFO  metrics.RatisMetrics (RatisMetrics.java:lambda$create$0(36)) - Creating Metrics Registry : ratis_grpc.log_appender.omNode-2@group-523986131536
2021-01-18 04:00:58,001 [omNode-2@group-523986131536-LeaderElection3] INFO  server.RaftServerConfigKeys (ConfUtils.java:logGet(44)) - raft.server.log.appender.snapshot.chunk.size.max = 16MB (=16777216) (default)
2021-01-18 04:00:58,001 [omNode-2@group-523986131536-LeaderElection3] INFO  server.RaftServerConfigKeys (ConfUtils.java:logGet(44)) - raft.server.log.appender.buffer.byte-limit = 33554432 (custom)
2021-01-18 04:00:58,001 [omNode-2@group-523986131536-LeaderElection3] INFO  server.RaftServerConfigKeys (ConfUtils.java:logGet(44)) - raft.server.log.appender.buffer.element-limit = 1024 (custom)
2021-01-18 04:00:58,001 [omNode-2@group-523986131536-LeaderElection3] INFO  grpc.GrpcConfigKeys (ConfUtils.java:logGet(44)) - raft.grpc.server.leader.outstanding.appends.max = 128 (default)
2021-01-18 04:00:58,001 [omNode-2@group-523986131536-LeaderElection3] INFO  server.RaftServerConfigKeys (ConfUtils.java:logGet(44)) - raft.server.rpc.request.timeout = 3000ms (default)
2021-01-18 04:00:58,001 [omNode-2@group-523986131536-LeaderElection3] INFO  server.RaftServerConfigKeys (ConfUtils.java:logGet(44)) - raft.server.log.appender.install.snapshot.enabled = false (custom)
2021-01-18 04:00:58,004 [omNode-2@group-523986131536-LeaderElection3] INFO  impl.RoleInfo (RoleInfo.java:updateAndGet(130)) - omNode-2: start omNode-2@group-523986131536-LeaderStateImpl
2021-01-18 04:00:58,017 [EndpointStateMachine task thread for /0.0.0.0:44515 - 0 ] INFO  ozoneimpl.OzoneContainer (OzoneContainer.java:start(255)) - Attempting to start container services.
2021-01-18 04:00:58,019 [EndpointStateMachine task thread for /0.0.0.0:44515 - 0 ] INFO  ozoneimpl.OzoneContainer (OzoneContainer.java:startContainerScrub(219)) - Background container scanner has been disabled.
2021-01-18 04:00:58,026 [omNode-2@group-523986131536-LeaderElection3] INFO  segmented.SegmentedRaftLogWorker (SegmentedRaftLogWorker.java:startLogSegment(392)) - omNode-2@group-523986131536-SegmentedRaftLogWorker: Starting segment from index:0
2021-01-18 04:00:58,026 [EndpointStateMachine task thread for /0.0.0.0:44515 - 0 ] INFO  replication.ReplicationServer (ReplicationServer.java:start(111)) - ReplicationServer is started using port 39093
2021-01-18 04:00:58,027 [EndpointStateMachine task thread for /0.0.0.0:44515 - 0 ] INFO  ratis.XceiverServerRatis (XceiverServerRatis.java:start(455)) - Starting XceiverServerRatis df0f9015-da7a-4d9e-bc36-4c543188710b at port 0
2021-01-18 04:00:58,029 [EndpointStateMachine task thread for /0.0.0.0:44515 - 0 ] INFO  server.RaftServer (RaftServerProxy.java:lambda$start$5(372)) - df0f9015-da7a-4d9e-bc36-4c543188710b: start RPC server
2021-01-18 04:00:58,043 [EndpointStateMachine task thread for /0.0.0.0:44515 - 0 ] INFO  server.GrpcService (GrpcService.java:startImpl(176)) - df0f9015-da7a-4d9e-bc36-4c543188710b: GrpcService started, listening on 0.0.0.0/0.0.0.0:40651
2021-01-18 04:00:58,044 [EndpointStateMachine task thread for /0.0.0.0:44515 - 0 ] INFO  ratis.XceiverServerRatis (XceiverServerRatis.java:start(467)) - XceiverServerRatis df0f9015-da7a-4d9e-bc36-4c543188710b is started using port 40651
2021-01-18 04:00:58,056 [org.apache.ratis.util.JvmPauseMonitor$$Lambda$305/835819020@3ef08e5d] INFO  util.JvmPauseMonitor (JvmPauseMonitor.java:run(103)) - JvmPauseMonitor-df0f9015-da7a-4d9e-bc36-4c543188710b: Started
2021-01-18 04:00:58,062 [omNode-2@group-523986131536-LeaderElection3] INFO  server.RaftServer$Division (ServerState.java:setRaftConf(368)) - omNode-2@group-523986131536: set configuration 0: [omNode-3|rpc:localhost:13728|dataStream:|priority:0, omNode-1|rpc:localhost:13716|dataStream:|priority:0, omNode-2|rpc:localhost:13722|dataStream:|priority:0], old=null
2021-01-18 04:00:58,063 [EndpointStateMachine task thread for /0.0.0.0:44515 - 0 ] INFO  server.XceiverServerGrpc (XceiverServerGrpc.java:start(139)) - XceiverServerGrpc df0f9015-da7a-4d9e-bc36-4c543188710b is started using port 43679
2021-01-18 04:00:58,090 [grpc-default-executor-2] WARN  server.GrpcLogAppender (LogUtils.java:warn(122)) - omNode-2@group-523986131536->omNode-3-AppendLogResponseHandler: Failed appendEntries: org.apache.ratis.thirdparty.io.grpc.StatusRuntimeException: UNAVAILABLE: io exception
2021-01-18 04:00:58,251 [grpc-default-executor-2] WARN  server.GrpcLogAppender (GrpcLogAppender.java:resetClient(111)) - omNode-2@group-523986131536->omNode-3-GrpcLogAppender: Leader has not got in touch with Follower omNode-2@group-523986131536->omNode-3(c-1,m0,n1, attendVote=true, lastRpcSendTime=147, lastRpcResponseTime=1505) yet, just keep nextIndex unchanged and retry.
2021-01-18 04:00:58,280 [grpc-default-executor-2] INFO  server.RaftServer$Division (ServerState.java:setLeader(249)) - omNode-1@group-523986131536: change Leader from null to omNode-2 at term 2 for appendEntries, leader elected after 3417ms
2021-01-18 04:00:58,300 [grpc-default-executor-2] INFO  server.RaftServer$Division (ServerState.java:setRaftConf(368)) - omNode-1@group-523986131536: set configuration 0: [omNode-3|rpc:localhost:13728|dataStream:|priority:0, omNode-1|rpc:localhost:13716|dataStream:|priority:0, omNode-2|rpc:localhost:13722|dataStream:|priority:0], old=null
2021-01-18 04:00:58,301 [grpc-default-executor-2] INFO  segmented.SegmentedRaftLogWorker (SegmentedRaftLogWorker.java:startLogSegment(392)) - omNode-1@group-523986131536-SegmentedRaftLogWorker: Starting segment from index:0
2021-01-18 04:00:58,409 [omNode-1@group-523986131536-SegmentedRaftLogWorker] INFO  segmented.SegmentedRaftLogWorker (SegmentedRaftLogWorker.java:execute(599)) - omNode-1@group-523986131536-SegmentedRaftLogWorker: created new log segment /github/workspace/mnt/ozone/hadoop-ozone/integration-test/target/test-dir/MiniOzoneClusterImpl-5bc51996-b728-448b-b7ee-2f27b8cece2b/omNode-1/ratis/c9bc4cf4-3bc3-3c60-a66b-523986131536/current/log_inprogress_0
2021-01-18 04:00:58,411 [omNode-2@group-523986131536-SegmentedRaftLogWorker] INFO  segmented.SegmentedRaftLogWorker (SegmentedRaftLogWorker.java:execute(599)) - omNode-2@group-523986131536-SegmentedRaftLogWorker: created new log segment /github/workspace/mnt/ozone/hadoop-ozone/integration-test/target/test-dir/MiniOzoneClusterImpl-5bc51996-b728-448b-b7ee-2f27b8cece2b/omNode-2/ratis/c9bc4cf4-3bc3-3c60-a66b-523986131536/current/log_inprogress_0
2021-01-18 04:00:58,439 [EndpointStateMachine task thread for /0.0.0.0:44515 - 0 ] INFO  ozoneimpl.OzoneContainer (OzoneContainer.java:start(255)) - Attempting to start container services.
2021-01-18 04:00:58,441 [EndpointStateMachine task thread for /0.0.0.0:44515 - 0 ] INFO  ozoneimpl.OzoneContainer (OzoneContainer.java:startContainerScrub(219)) - Background container scanner has been disabled.
2021-01-18 04:00:58,444 [EndpointStateMachine task thread for /0.0.0.0:44515 - 0 ] INFO  replication.ReplicationServer (ReplicationServer.java:start(111)) - ReplicationServer is started using port 33219
2021-01-18 04:00:58,445 [EndpointStateMachine task thread for /0.0.0.0:44515 - 0 ] INFO  ratis.XceiverServerRatis (XceiverServerRatis.java:start(455)) - Starting XceiverServerRatis 418e6855-184b-4135-9b3f-1bec60925ac4 at port 0
2021-01-18 04:00:58,460 [EndpointStateMachine task thread for /0.0.0.0:44515 - 0 ] INFO  server.RaftServer (RaftServerProxy.java:lambda$start$5(372)) - 418e6855-184b-4135-9b3f-1bec60925ac4: start RPC server
2021-01-18 04:00:58,461 [EndpointStateMachine task thread for /0.0.0.0:44515 - 0 ] INFO  server.GrpcService (GrpcService.java:startImpl(176)) - 418e6855-184b-4135-9b3f-1bec60925ac4: GrpcService started, listening on 0.0.0.0/0.0.0.0:35341
2021-01-18 04:00:58,465 [EndpointStateMachine task thread for /0.0.0.0:44515 - 0 ] INFO  ratis.XceiverServerRatis (XceiverServerRatis.java:start(467)) - XceiverServerRatis 418e6855-184b-4135-9b3f-1bec60925ac4 is started using port 35341
2021-01-18 04:00:58,465 [EndpointStateMachine task thread for /0.0.0.0:44515 - 0 ] INFO  server.XceiverServerGrpc (XceiverServerGrpc.java:start(139)) - XceiverServerGrpc 418e6855-184b-4135-9b3f-1bec60925ac4 is started using port 43909
2021-01-18 04:00:58,467 [org.apache.ratis.util.JvmPauseMonitor$$Lambda$305/835819020@33b6d4fb] INFO  util.JvmPauseMonitor (JvmPauseMonitor.java:run(103)) - JvmPauseMonitor-418e6855-184b-4135-9b3f-1bec60925ac4: Started
2021-01-18 04:00:58,604 [grpc-default-executor-3] WARN  server.GrpcLogAppender (LogUtils.java:warn(122)) - omNode-2@group-523986131536->omNode-3-AppendLogResponseHandler: Failed appendEntries: org.apache.ratis.thirdparty.io.grpc.StatusRuntimeException: UNAVAILABLE: io exception
2021-01-18 04:00:58,605 [grpc-default-executor-3] WARN  server.GrpcLogAppender (GrpcLogAppender.java:resetClient(111)) - omNode-2@group-523986131536->omNode-3-GrpcLogAppender: Leader has not got in touch with Follower omNode-2@group-523986131536->omNode-3(c-1,m0,n1, attendVote=true, lastRpcSendTime=501, lastRpcResponseTime=1858) yet, just keep nextIndex unchanged and retry.
2021-01-18 04:00:58,793 [Listener at 127.0.0.1/13724] INFO  ozone.MiniOzoneClusterImpl (MiniOzoneClusterImpl.java:lambda$waitForClusterToBeReady$0(179)) - Waiting for nodes to be ready. Got 0 of 3 DN Heartbeats.
2021-01-18 04:00:58,793 [Listener at 127.0.0.1/13724] INFO  ozone.MiniOzoneClusterImpl (MiniOzoneClusterImpl.java:lambda$waitForClusterToBeReady$0(182)) - Waiting for cluster to exit safe mode
2021-01-18 04:00:58,814 [EndpointStateMachine task thread for /0.0.0.0:44515 - 0 ] INFO  ozoneimpl.OzoneContainer (OzoneContainer.java:start(255)) - Attempting to start container services.
2021-01-18 04:00:58,814 [EndpointStateMachine task thread for /0.0.0.0:44515 - 0 ] INFO  ozoneimpl.OzoneContainer (OzoneContainer.java:startContainerScrub(219)) - Background container scanner has been disabled.
2021-01-18 04:00:58,816 [EndpointStateMachine task thread for /0.0.0.0:44515 - 0 ] INFO  replication.ReplicationServer (ReplicationServer.java:start(111)) - ReplicationServer is started using port 36723
2021-01-18 04:00:58,816 [EndpointStateMachine task thread for /0.0.0.0:44515 - 0 ] INFO  ratis.XceiverServerRatis (XceiverServerRatis.java:start(455)) - Starting XceiverServerRatis f5800447-0e6f-4f9e-a68b-d392c1661b2f at port 0
2021-01-18 04:00:58,817 [EndpointStateMachine task thread for /0.0.0.0:44515 - 0 ] INFO  server.RaftServer (RaftServerProxy.java:lambda$start$5(372)) - f5800447-0e6f-4f9e-a68b-d392c1661b2f: start RPC server
2021-01-18 04:00:58,820 [EndpointStateMachine task thread for /0.0.0.0:44515 - 0 ] INFO  server.GrpcService (GrpcService.java:startImpl(176)) - f5800447-0e6f-4f9e-a68b-d392c1661b2f: GrpcService started, listening on 0.0.0.0/0.0.0.0:42137
2021-01-18 04:00:58,820 [EndpointStateMachine task thread for /0.0.0.0:44515 - 0 ] INFO  ratis.XceiverServerRatis (XceiverServerRatis.java:start(467)) - XceiverServerRatis f5800447-0e6f-4f9e-a68b-d392c1661b2f is started using port 42137
2021-01-18 04:00:58,823 [EndpointStateMachine task thread for /0.0.0.0:44515 - 0 ] INFO  server.XceiverServerGrpc (XceiverServerGrpc.java:start(139)) - XceiverServerGrpc f5800447-0e6f-4f9e-a68b-d392c1661b2f is started using port 40811
2021-01-18 04:00:58,824 [org.apache.ratis.util.JvmPauseMonitor$$Lambda$305/835819020@28913fe3] INFO  util.JvmPauseMonitor (JvmPauseMonitor.java:run(103)) - JvmPauseMonitor-f5800447-0e6f-4f9e-a68b-d392c1661b2f: Started
2021-01-18 04:00:59,106 [grpc-default-executor-3] WARN  server.GrpcLogAppender (LogUtils.java:warn(122)) - omNode-2@group-523986131536->omNode-3-AppendLogResponseHandler: Failed appendEntries: org.apache.ratis.thirdparty.io.grpc.StatusRuntimeException: UNAVAILABLE: io exception
2021-01-18 04:00:59,107 [grpc-default-executor-3] WARN  server.GrpcLogAppender (GrpcLogAppender.java:resetClient(111)) - omNode-2@group-523986131536->omNode-3-GrpcLogAppender: Leader has not got in touch with Follower omNode-2@group-523986131536->omNode-3(c-1,m0,n1, attendVote=true, lastRpcSendTime=501, lastRpcResponseTime=2361) yet, just keep nextIndex unchanged and retry.
2021-01-18 04:00:59,609 [grpc-default-executor-3] WARN  server.GrpcLogAppender (LogUtils.java:warn(122)) - omNode-2@group-523986131536->omNode-3-AppendLogResponseHandler: Failed appendEntries: org.apache.ratis.thirdparty.io.grpc.StatusRuntimeException: UNAVAILABLE: io exception
2021-01-18 04:00:59,610 [grpc-default-executor-3] WARN  server.GrpcLogAppender (GrpcLogAppender.java:resetClient(111)) - omNode-2@group-523986131536->omNode-3-GrpcLogAppender: Leader has not got in touch with Follower omNode-2@group-523986131536->omNode-3(c-1,m0,n1, attendVote=true, lastRpcSendTime=1, lastRpcResponseTime=2863) yet, just keep nextIndex unchanged and retry.
2021-01-18 04:00:59,793 [Listener at 127.0.0.1/13724] INFO  ozone.MiniOzoneClusterImpl (MiniOzoneClusterImpl.java:lambda$waitForClusterToBeReady$0(179)) - Waiting for nodes to be ready. Got 0 of 3 DN Heartbeats.
2021-01-18 04:00:59,794 [Listener at 127.0.0.1/13724] INFO  ozone.MiniOzoneClusterImpl (MiniOzoneClusterImpl.java:lambda$waitForClusterToBeReady$0(182)) - Waiting for cluster to exit safe mode
2021-01-18 04:01:00,018 [IPC Server handler 1 on default port 44515] INFO  net.NetworkTopologyImpl (NetworkTopologyImpl.java:add(111)) - Added a new node: /default-rack/df0f9015-da7a-4d9e-bc36-4c543188710b
2021-01-18 04:01:00,036 [IPC Server handler 1 on default port 44515] INFO  node.SCMNodeManager (SCMNodeManager.java:register(341)) - Registered Data node : df0f9015-da7a-4d9e-bc36-4c543188710b{ip: 172.17.0.2, host: d01bdcf5d4c9, networkLocation: /default-rack, certSerialId: null, persistedOpState: IN_SERVICE, persistedOpStateExpiryEpochSec: 0}
2021-01-18 04:01:00,043 [RatisPipelineUtilsThread] INFO  pipeline.RatisPipelineProvider (RatisPipelineProvider.java:lambda$create$0(161)) - Sending CreatePipelineCommand for pipeline:PipelineID=4a28f9b1-a365-4007-a6f4-6a777a24d5ab to datanode:df0f9015-da7a-4d9e-bc36-4c543188710b
2021-01-18 04:01:00,057 [EventQueue-NodeRegistrationContainerReportForDataNodeSafeModeRule] INFO  safemode.SCMSafeModeManager (DataNodeSafeModeRule.java:process(71)) - SCM in safe mode. 1 DataNodes registered, 1 required.
2021-01-18 04:01:00,058 [EventQueue-NodeRegistrationContainerReportForDataNodeSafeModeRule] INFO  safemode.SCMSafeModeManager (SCMSafeModeManager.java:validateSafeModeExitRules(214)) - DataNodeSafeModeRule rule is successfully validated
2021-01-18 04:01:00,058 [EventQueue-NodeRegistrationContainerReportForDataNodeSafeModeRule] INFO  safemode.SCMSafeModeManager (SCMSafeModeManager.java:completePreCheck(242)) - All SCM safe mode pre check rules have passed
2021-01-18 04:01:00,067 [EventQueue-NodeRegistrationContainerReportForContainerSafeModeRule] INFO  safemode.SCMSafeModeManager (SCMSafeModeManager.java:validateSafeModeExitRules(214)) - ContainerSafeModeRule rule is successfully validated
2021-01-18 04:01:00,072 [RatisPipelineUtilsThread] INFO  pipeline.PipelineStateManager (PipelineStateManager.java:addPipeline(54)) - Created pipeline Pipeline[ Id: 4a28f9b1-a365-4007-a6f4-6a777a24d5ab, Nodes: df0f9015-da7a-4d9e-bc36-4c543188710b{ip: 172.17.0.2, host: d01bdcf5d4c9, networkLocation: /default-rack, certSerialId: null, persistedOpState: IN_SERVICE, persistedOpStateExpiryEpochSec: 0}, Type:RATIS, Factor:ONE, State:ALLOCATED, leaderId:, CreationTimestamp2021-01-18T04:01:00.040Z]
2021-01-18 04:01:00,072 [EventQueue-PipelineReportForOneReplicaPipelineSafeModeRule] INFO  safemode.SCMSafeModeManager (SCMSafeModeManager.java:validateSafeModeExitRules(214)) - AtleastOneDatanodeReportedRule rule is successfully validated
2021-01-18 04:01:00,077 [RatisPipelineUtilsThread] WARN  pipeline.PipelinePlacementPolicy (PipelinePlacementPolicy.java:filterViableNodes(142)) - Pipeline creation failed due to no sufficient healthy datanodes. Required 3. Found 1.
2021-01-18 04:01:00,109 [grpc-default-executor-3] WARN  server.GrpcLogAppender (LogUtils.java:warn(122)) - omNode-2@group-523986131536->omNode-3-AppendLogResponseHandler: Failed appendEntries: org.apache.ratis.thirdparty.io.grpc.StatusRuntimeException: UNAVAILABLE: io exception
2021-01-18 04:01:00,111 [grpc-default-executor-3] WARN  server.GrpcLogAppender (GrpcLogAppender.java:resetClient(111)) - omNode-2@group-523986131536->omNode-3-GrpcLogAppender: Leader has not got in touch with Follower omNode-2@group-523986131536->omNode-3(c-1,m0,n1, attendVote=true, lastRpcSendTime=2, lastRpcResponseTime=3365) yet, just keep nextIndex unchanged and retry.
2021-01-18 04:01:00,429 [IPC Server handler 10 on default port 44515] INFO  net.NetworkTopologyImpl (NetworkTopologyImpl.java:add(111)) - Added a new node: /default-rack/418e6855-184b-4135-9b3f-1bec60925ac4
2021-01-18 04:01:00,430 [IPC Server handler 10 on default port 44515] INFO  node.SCMNodeManager (SCMNodeManager.java:register(341)) - Registered Data node : 418e6855-184b-4135-9b3f-1bec60925ac4{ip: 172.17.0.2, host: d01bdcf5d4c9, networkLocation: /default-rack, certSerialId: null, persistedOpState: IN_SERVICE, persistedOpStateExpiryEpochSec: 0}
2021-01-18 04:01:00,430 [EventQueue-NodeRegistrationContainerReportForContainerSafeModeRule] INFO  safemode.SCMSafeModeManager (SCMSafeModeManager.java:validateSafeModeExitRules(214)) - ContainerSafeModeRule rule is successfully validated
2021-01-18 04:01:00,430 [EventQueue-PipelineReportForOneReplicaPipelineSafeModeRule] INFO  safemode.SCMSafeModeManager (SCMSafeModeManager.java:validateSafeModeExitRules(214)) - AtleastOneDatanodeReportedRule rule is successfully validated
2021-01-18 04:01:00,430 [EventQueue-NodeRegistrationContainerReportForDataNodeSafeModeRule] INFO  safemode.SCMSafeModeManager (SCMSafeModeManager.java:validateSafeModeExitRules(214)) - DataNodeSafeModeRule rule is successfully validated
2021-01-18 04:01:00,432 [RatisPipelineUtilsThread] INFO  pipeline.RatisPipelineProvider (RatisPipelineProvider.java:lambda$create$0(161)) - Sending CreatePipelineCommand for pipeline:PipelineID=72c2bb14-7c69-4b8a-97d7-632e4c200255 to datanode:418e6855-184b-4135-9b3f-1bec60925ac4
2021-01-18 04:01:00,433 [RatisPipelineUtilsThread] INFO  pipeline.PipelineStateManager (PipelineStateManager.java:addPipeline(54)) - Created pipeline Pipeline[ Id: 72c2bb14-7c69-4b8a-97d7-632e4c200255, Nodes: 418e6855-184b-4135-9b3f-1bec60925ac4{ip: 172.17.0.2, host: d01bdcf5d4c9, networkLocation: /default-rack, certSerialId: null, persistedOpState: IN_SERVICE, persistedOpStateExpiryEpochSec: 0}, Type:RATIS, Factor:ONE, State:ALLOCATED, leaderId:, CreationTimestamp2021-01-18T04:01:00.432Z]
2021-01-18 04:01:00,433 [RatisPipelineUtilsThread] WARN  pipeline.PipelinePlacementPolicy (PipelinePlacementPolicy.java:filterViableNodes(142)) - Pipeline creation failed due to no sufficient healthy datanodes. Required 3. Found 2.
2021-01-18 04:01:00,610 [grpc-default-executor-3] WARN  server.GrpcLogAppender (LogUtils.java:warn(122)) - omNode-2@group-523986131536->omNode-3-AppendLogResponseHandler: Failed appendEntries: org.apache.ratis.thirdparty.io.grpc.StatusRuntimeException: UNAVAILABLE: io exception
2021-01-18 04:01:00,612 [grpc-default-executor-3] WARN  server.GrpcLogAppender (GrpcLogAppender.java:resetClient(111)) - omNode-2@group-523986131536->omNode-3-GrpcLogAppender: Leader has not got in touch with Follower omNode-2@group-523986131536->omNode-3(c-1,m0,n1, attendVote=true, lastRpcSendTime=2, lastRpcResponseTime=3865) yet, just keep nextIndex unchanged and retry.
2021-01-18 04:01:00,794 [Listener at 127.0.0.1/13724] INFO  ozone.MiniOzoneClusterImpl (MiniOzoneClusterImpl.java:lambda$waitForClusterToBeReady$0(179)) - Waiting for nodes to be ready. Got 2 of 3 DN Heartbeats.
2021-01-18 04:01:00,794 [Listener at 127.0.0.1/13724] INFO  ozone.MiniOzoneClusterImpl (MiniOzoneClusterImpl.java:lambda$waitForClusterToBeReady$0(182)) - Waiting for cluster to exit safe mode
2021-01-18 04:01:00,796 [IPC Server handler 0 on default port 44515] INFO  net.NetworkTopologyImpl (NetworkTopologyImpl.java:add(111)) - Added a new node: /default-rack/f5800447-0e6f-4f9e-a68b-d392c1661b2f
2021-01-18 04:01:00,796 [IPC Server handler 0 on default port 44515] INFO  node.SCMNodeManager (SCMNodeManager.java:register(341)) - Registered Data node : f5800447-0e6f-4f9e-a68b-d392c1661b2f{ip: 172.17.0.2, host: d01bdcf5d4c9, networkLocation: /default-rack, certSerialId: null, persistedOpState: IN_SERVICE, persistedOpStateExpiryEpochSec: 0}
2021-01-18 04:01:00,797 [EventQueue-NodeRegistrationContainerReportForDataNodeSafeModeRule] INFO  safemode.SCMSafeModeManager (SCMSafeModeManager.java:validateSafeModeExitRules(214)) - DataNodeSafeModeRule rule is successfully validated
2021-01-18 04:01:00,797 [EventQueue-NodeRegistrationContainerReportForContainerSafeModeRule] INFO  safemode.SCMSafeModeManager (SCMSafeModeManager.java:validateSafeModeExitRules(214)) - ContainerSafeModeRule rule is successfully validated
2021-01-18 04:01:00,797 [EventQueue-PipelineReportForOneReplicaPipelineSafeModeRule] INFO  safemode.SCMSafeModeManager (SCMSafeModeManager.java:validateSafeModeExitRules(214)) - AtleastOneDatanodeReportedRule rule is successfully validated
2021-01-18 04:01:00,797 [RatisPipelineUtilsThread] INFO  pipeline.RatisPipelineProvider (RatisPipelineProvider.java:lambda$create$0(161)) - Sending CreatePipelineCommand for pipeline:PipelineID=89d525d5-f209-4ca4-a619-a88c0566f37d to datanode:f5800447-0e6f-4f9e-a68b-d392c1661b2f
2021-01-18 04:01:00,798 [RatisPipelineUtilsThread] INFO  pipeline.PipelineStateManager (PipelineStateManager.java:addPipeline(54)) - Created pipeline Pipeline[ Id: 89d525d5-f209-4ca4-a619-a88c0566f37d, Nodes: f5800447-0e6f-4f9e-a68b-d392c1661b2f{ip: 172.17.0.2, host: d01bdcf5d4c9, networkLocation: /default-rack, certSerialId: null, persistedOpState: IN_SERVICE, persistedOpStateExpiryEpochSec: 0}, Type:RATIS, Factor:ONE, State:ALLOCATED, leaderId:, CreationTimestamp2021-01-18T04:01:00.797Z]
2021-01-18 04:01:00,803 [RatisPipelineUtilsThread] INFO  pipeline.RatisPipelineProvider (RatisPipelineProvider.java:lambda$create$0(161)) - Sending CreatePipelineCommand for pipeline:PipelineID=4570ca6b-7f19-4027-8dc5-441a50764a11 to datanode:418e6855-184b-4135-9b3f-1bec60925ac4
2021-01-18 04:01:00,803 [RatisPipelineUtilsThread] INFO  pipeline.RatisPipelineProvider (RatisPipelineProvider.java:lambda$create$0(161)) - Sending CreatePipelineCommand for pipeline:PipelineID=4570ca6b-7f19-4027-8dc5-441a50764a11 to datanode:f5800447-0e6f-4f9e-a68b-d392c1661b2f
2021-01-18 04:01:00,804 [RatisPipelineUtilsThread] INFO  pipeline.RatisPipelineProvider (RatisPipelineProvider.java:lambda$create$0(161)) - Sending CreatePipelineCommand for pipeline:PipelineID=4570ca6b-7f19-4027-8dc5-441a50764a11 to datanode:df0f9015-da7a-4d9e-bc36-4c543188710b
2021-01-18 04:01:00,804 [RatisPipelineUtilsThread] INFO  pipeline.PipelineStateManager (PipelineStateManager.java:addPipeline(54)) - Created pipeline Pipeline[ Id: 4570ca6b-7f19-4027-8dc5-441a50764a11, Nodes: 418e6855-184b-4135-9b3f-1bec60925ac4{ip: 172.17.0.2, host: d01bdcf5d4c9, networkLocation: /default-rack, certSerialId: null, persistedOpState: IN_SERVICE, persistedOpStateExpiryEpochSec: 0}f5800447-0e6f-4f9e-a68b-d392c1661b2f{ip: 172.17.0.2, host: d01bdcf5d4c9, networkLocation: /default-rack, certSerialId: null, persistedOpState: IN_SERVICE, persistedOpStateExpiryEpochSec: 0}df0f9015-da7a-4d9e-bc36-4c543188710b{ip: 172.17.0.2, host: d01bdcf5d4c9, networkLocation: /default-rack, certSerialId: null, persistedOpState: IN_SERVICE, persistedOpStateExpiryEpochSec: 0}, Type:RATIS, Factor:THREE, State:ALLOCATED, leaderId:, CreationTimestamp2021-01-18T04:01:00.803Z]
2021-01-18 04:01:00,805 [RatisPipelineUtilsThread] INFO  pipeline.RatisPipelineProvider (RatisPipelineProvider.java:lambda$create$0(161)) - Sending CreatePipelineCommand for pipeline:PipelineID=27ad5cbd-550a-4350-97ab-c715dc14bd3a to datanode:418e6855-184b-4135-9b3f-1bec60925ac4
2021-01-18 04:01:00,805 [RatisPipelineUtilsThread] INFO  pipeline.RatisPipelineProvider (RatisPipelineProvider.java:lambda$create$0(161)) - Sending CreatePipelineCommand for pipeline:PipelineID=27ad5cbd-550a-4350-97ab-c715dc14bd3a to datanode:f5800447-0e6f-4f9e-a68b-d392c1661b2f
2021-01-18 04:01:00,811 [RatisPipelineUtilsThread] INFO  pipeline.RatisPipelineProvider (RatisPipelineProvider.java:lambda$create$0(161)) - Sending CreatePipelineCommand for pipeline:PipelineID=27ad5cbd-550a-4350-97ab-c715dc14bd3a to datanode:df0f9015-da7a-4d9e-bc36-4c543188710b
2021-01-18 04:01:00,811 [RatisPipelineUtilsThread] INFO  pipeline.PipelineStateManager (PipelineStateManager.java:addPipeline(54)) - Created pipeline Pipeline[ Id: 27ad5cbd-550a-4350-97ab-c715dc14bd3a, Nodes: 418e6855-184b-4135-9b3f-1bec60925ac4{ip: 172.17.0.2, host: d01bdcf5d4c9, networkLocation: /default-rack, certSerialId: null, persistedOpState: IN_SERVICE, persistedOpStateExpiryEpochSec: 0}f5800447-0e6f-4f9e-a68b-d392c1661b2f{ip: 172.17.0.2, host: d01bdcf5d4c9, networkLocation: /default-rack, certSerialId: null, persistedOpState: IN_SERVICE, persistedOpStateExpiryEpochSec: 0}df0f9015-da7a-4d9e-bc36-4c543188710b{ip: 172.17.0.2, host: d01bdcf5d4c9, networkLocation: /default-rack, certSerialId: null, persistedOpState: IN_SERVICE, persistedOpStateExpiryEpochSec: 0}, Type:RATIS, Factor:THREE, State:ALLOCATED, leaderId:, CreationTimestamp2021-01-18T04:01:00.805Z]
2021-01-18 04:01:00,811 [RatisPipelineUtilsThread] INFO  pipeline.SCMPipelineManager (SCMPipelineManager.java:recordMetricsForPipeline(243)) - Pipeline: PipelineID=27ad5cbd-550a-4350-97ab-c715dc14bd3a contains same datanodes as previous pipelines: PipelineID=4570ca6b-7f19-4027-8dc5-441a50764a11 nodeIds: 418e6855-184b-4135-9b3f-1bec60925ac4, f5800447-0e6f-4f9e-a68b-d392c1661b2f, df0f9015-da7a-4d9e-bc36-4c543188710b
2021-01-18 04:01:01,110 [grpc-default-executor-3] WARN  server.GrpcLogAppender (LogUtils.java:warn(122)) - omNode-2@group-523986131536->omNode-3-AppendLogResponseHandler: Failed appendEntries: org.apache.ratis.thirdparty.io.grpc.StatusRuntimeException: UNAVAILABLE: io exception
2021-01-18 04:01:01,111 [grpc-default-executor-3] WARN  server.GrpcLogAppender (GrpcLogAppender.java:resetClient(111)) - omNode-2@group-523986131536->omNode-3-GrpcLogAppender: Leader has not got in touch with Follower omNode-2@group-523986131536->omNode-3(c-1,m0,n1, attendVote=true, lastRpcSendTime=1, lastRpcResponseTime=4365) yet, just keep nextIndex unchanged and retry.
2021-01-18 04:01:01,610 [grpc-default-executor-3] WARN  server.GrpcLogAppender (LogUtils.java:warn(122)) - omNode-2@group-523986131536->omNode-3-AppendLogResponseHandler: Failed appendEntries: org.apache.ratis.thirdparty.io.grpc.StatusRuntimeException: UNAVAILABLE: io exception
2021-01-18 04:01:01,612 [grpc-default-executor-3] WARN  server.GrpcLogAppender (GrpcLogAppender.java:resetClient(111)) - omNode-2@group-523986131536->omNode-3-GrpcLogAppender: Leader has not got in touch with Follower omNode-2@group-523986131536->omNode-3(c-1,m0,n1, attendVote=true, lastRpcSendTime=1, lastRpcResponseTime=4865) yet, just keep nextIndex unchanged and retry.
2021-01-18 04:01:01,794 [Listener at 127.0.0.1/13724] INFO  ozone.MiniOzoneClusterImpl (MiniOzoneClusterImpl.java:lambda$waitForClusterToBeReady$0(179)) - Nodes are ready. Got 3 of 3 DN Heartbeats.
2021-01-18 04:01:01,794 [Listener at 127.0.0.1/13724] INFO  ozone.MiniOzoneClusterImpl (MiniOzoneClusterImpl.java:lambda$waitForClusterToBeReady$0(182)) - Waiting for cluster to exit safe mode
2021-01-18 04:01:02,111 [grpc-default-executor-3] WARN  server.GrpcLogAppender (LogUtils.java:warn(122)) - omNode-2@group-523986131536->omNode-3-AppendLogResponseHandler: Failed appendEntries: org.apache.ratis.thirdparty.io.grpc.StatusRuntimeException: UNAVAILABLE: io exception
2021-01-18 04:01:02,112 [grpc-default-executor-3] WARN  server.GrpcLogAppender (GrpcLogAppender.java:resetClient(111)) - omNode-2@group-523986131536->omNode-3-GrpcLogAppender: Leader has not got in touch with Follower omNode-2@group-523986131536->omNode-3(c-1,m0,n1, attendVote=true, lastRpcSendTime=1, lastRpcResponseTime=5366) yet, just keep nextIndex unchanged and retry.
2021-01-18 04:01:02,611 [grpc-default-executor-3] WARN  server.GrpcLogAppender (LogUtils.java:warn(122)) - omNode-2@group-523986131536->omNode-3-AppendLogResponseHandler: Failed appendEntries: org.apache.ratis.thirdparty.io.grpc.StatusRuntimeException: UNAVAILABLE: io exception
2021-01-18 04:01:02,612 [grpc-default-executor-3] WARN  server.GrpcLogAppender (GrpcLogAppender.java:resetClient(111)) - omNode-2@group-523986131536->omNode-3-GrpcLogAppender: Leader has not got in touch with Follower omNode-2@group-523986131536->omNode-3(c-1,m0,n1, attendVote=true, lastRpcSendTime=0, lastRpcResponseTime=5866) yet, just keep nextIndex unchanged and retry.
2021-01-18 04:01:02,796 [Listener at 127.0.0.1/13724] INFO  ozone.MiniOzoneClusterImpl (MiniOzoneClusterImpl.java:lambda$waitForClusterToBeReady$0(179)) - Nodes are ready. Got 3 of 3 DN Heartbeats.
2021-01-18 04:01:02,796 [Listener at 127.0.0.1/13724] INFO  ozone.MiniOzoneClusterImpl (MiniOzoneClusterImpl.java:lambda$waitForClusterToBeReady$0(182)) - Waiting for cluster to exit safe mode
2021-01-18 04:01:02,965 [Command processor thread] INFO  server.RaftServer (RaftServerProxy.java:addNew(95)) - df0f9015-da7a-4d9e-bc36-4c543188710b: addNew group-6A777A24D5AB:[df0f9015-da7a-4d9e-bc36-4c543188710b|rpc:172.17.0.2:40651|priority:1] returns group-6A777A24D5AB:java.util.concurrent.CompletableFuture@3d5ece62[Not completed]
2021-01-18 04:01:02,996 [pool-67-thread-1] INFO  server.RaftServer$Division (RaftServerImpl.java:<init>(179)) - df0f9015-da7a-4d9e-bc36-4c543188710b: new RaftServerImpl for group-6A777A24D5AB:[df0f9015-da7a-4d9e-bc36-4c543188710b|rpc:172.17.0.2:40651|priority:1] with ContainerStateMachine:uninitialized
2021-01-18 04:01:03,008 [pool-67-thread-1] INFO  server.RaftServerConfigKeys (ConfUtils.java:logGet(44)) - raft.server.rpc.timeout.min = 5s (custom)
2021-01-18 04:01:03,008 [pool-67-thread-1] INFO  server.RaftServerConfigKeys (ConfUtils.java:logGet(44)) - raft.server.rpc.timeout.max = 5200ms (custom)
2021-01-18 04:01:03,008 [pool-67-thread-1] INFO  server.RaftServerConfigKeys (ConfUtils.java:logGet(44)) - raft.server.rpc.sleep.time = 25ms (default)
2021-01-18 04:01:03,008 [pool-67-thread-1] INFO  server.RaftServerConfigKeys (ConfUtils.java:logGet(44)) - raft.server.rpc.slowness.timeout = 300s (custom)
2021-01-18 04:01:03,008 [pool-67-thread-1] INFO  server.RaftServerConfigKeys (ConfUtils.java:logGet(44)) - raft.server.leaderelection.leader.step-down.wait-time = 10s (default)
2021-01-18 04:01:03,008 [pool-67-thread-1] INFO  server.RaftServerConfigKeys (ConfUtils.java:logGet(44)) - raft.server.sleep.deviation.threshold = 300ms (default)
2021-01-18 04:01:03,008 [pool-67-thread-1] INFO  server.RaftServerConfigKeys (ConfUtils.java:logGet(44)) - raft.server.log.appender.install.snapshot.enabled = false (custom)
2021-01-18 04:01:03,008 [pool-67-thread-1] INFO  server.RaftServer$Division (ServerState.java:<init>(103)) - df0f9015-da7a-4d9e-bc36-4c543188710b@group-6A777A24D5AB: ConfigurationManager, init=-1: [df0f9015-da7a-4d9e-bc36-4c543188710b|rpc:172.17.0.2:40651|priority:1], old=null, confs=<EMPTY_MAP>
2021-01-18 04:01:03,008 [pool-67-thread-1] INFO  server.RaftServerConfigKeys (ConfUtils.java:logGet(44)) - raft.server.storage.dir = [/github/workspace/mnt/ozone/hadoop-ozone/integration-test/target/test-dir/MiniOzoneClusterImpl-5bc51996-b728-448b-b7ee-2f27b8cece2b/datanode-0/data/ratis] (custom)
2021-01-18 04:01:03,009 [pool-67-thread-1] INFO  server.RaftServerConfigKeys (ConfUtils.java:logGet(44)) - raft.server.log.corruption.policy = EXCEPTION (default)
2021-01-18 04:01:03,009 [pool-67-thread-1] INFO  storage.RaftStorageDirectory (RaftStorageDirectoryImpl.java:analyzeStorage(132)) - The storage directory /github/workspace/mnt/ozone/hadoop-ozone/integration-test/target/test-dir/MiniOzoneClusterImpl-5bc51996-b728-448b-b7ee-2f27b8cece2b/datanode-0/data/ratis/4a28f9b1-a365-4007-a6f4-6a777a24d5ab does not exist. Creating ...
2021-01-18 04:01:03,012 [pool-67-thread-1] INFO  storage.RaftStorageDirectory (RaftStorageDirectoryImpl.java:tryLock(215)) - Lock on /github/workspace/mnt/ozone/hadoop-ozone/integration-test/target/test-dir/MiniOzoneClusterImpl-5bc51996-b728-448b-b7ee-2f27b8cece2b/datanode-0/data/ratis/4a28f9b1-a365-4007-a6f4-6a777a24d5ab/in_use.lock acquired by nodename 30197@d01bdcf5d4c9
2021-01-18 04:01:03,014 [pool-67-thread-1] INFO  storage.RaftStorage (RaftStorageImpl.java:format(87)) - Storage directory /github/workspace/mnt/ozone/hadoop-ozone/integration-test/target/test-dir/MiniOzoneClusterImpl-5bc51996-b728-448b-b7ee-2f27b8cece2b/datanode-0/data/ratis/4a28f9b1-a365-4007-a6f4-6a777a24d5ab has been successfully formatted.
2021-01-18 04:01:03,020 [pool-67-thread-1] INFO  ratis.ContainerStateMachine (ContainerStateMachine.java:loadSnapshot(223)) - group-6A777A24D5AB: The snapshot info is null. Setting the last applied indexto:(t:0, i:~)
2021-01-18 04:01:03,021 [pool-67-thread-1] ERROR storage.RaftStorage (RaftStorageImpl.java:readRaftConfiguration(147)) - Failed reading configuration from file:/github/workspace/mnt/ozone/hadoop-ozone/integration-test/target/test-dir/MiniOzoneClusterImpl-5bc51996-b728-448b-b7ee-2f27b8cece2b/datanode-0/data/ratis/4a28f9b1-a365-4007-a6f4-6a777a24d5ab/current/raft-meta.conf
java.io.FileNotFoundException: /github/workspace/mnt/ozone/hadoop-ozone/integration-test/target/test-dir/MiniOzoneClusterImpl-5bc51996-b728-448b-b7ee-2f27b8cece2b/datanode-0/data/ratis/4a28f9b1-a365-4007-a6f4-6a777a24d5ab/current/raft-meta.conf (No such file or directory)
	at java.io.FileInputStream.open0(Native Method)
	at java.io.FileInputStream.open(FileInputStream.java:195)
	at java.io.FileInputStream.<init>(FileInputStream.java:138)
	at org.apache.ratis.server.storage.RaftStorageImpl.readRaftConfiguration(RaftStorageImpl.java:143)
	at org.apache.ratis.server.impl.ServerState.<init>(ServerState.java:113)
	at org.apache.ratis.server.impl.RaftServerImpl.<init>(RaftServerImpl.java:192)
	at org.apache.ratis.server.impl.RaftServerProxy.lambda$newRaftServerImpl$4(RaftServerProxy.java:266)
	at java.util.concurrent.CompletableFuture$AsyncSupply.run(CompletableFuture.java:1604)
	at java.util.concurrent.ThreadPoolExecutor.runWorker(ThreadPoolExecutor.java:1149)
	at java.util.concurrent.ThreadPoolExecutor$Worker.run(ThreadPoolExecutor.java:624)
	at java.lang.Thread.run(Thread.java:748)
2021-01-18 04:01:03,022 [pool-67-thread-1] INFO  server.RaftServerConfigKeys (ConfUtils.java:logGet(44)) - raft.server.notification.no-leader.timeout = 300s (custom)
2021-01-18 04:01:03,022 [pool-67-thread-1] INFO  server.RaftServerConfigKeys (ConfUtils.java:logGet(44)) - raft.server.log.use.memory = false (default)
2021-01-18 04:01:03,024 [pool-67-thread-1] INFO  server.RaftServerConfigKeys (ConfUtils.java:logGet(44)) - raft.server.log.purge.gap = 1000000 (custom)
2021-01-18 04:01:03,024 [pool-67-thread-1] INFO  server.RaftServerConfigKeys (ConfUtils.java:logGet(44)) - raft.server.log.appender.buffer.byte-limit = 33554432 (custom)
2021-01-18 04:01:03,025 [pool-67-thread-1] INFO  metrics.RatisMetrics (RatisMetrics.java:lambda$create$0(36)) - Creating Metrics Registry : ratis.log_worker.df0f9015-da7a-4d9e-bc36-4c543188710b@group-6A777A24D5AB
2021-01-18 04:01:03,025 [pool-67-thread-1] INFO  server.RaftServerConfigKeys (ConfUtils.java:logGet(44)) - raft.server.log.segment.size.max = 1048576 (custom)
2021-01-18 04:01:03,025 [pool-67-thread-1] INFO  server.RaftServerConfigKeys (ConfUtils.java:logGet(44)) - raft.server.log.segment.cache.num.max = 2 (custom)
2021-01-18 04:01:03,030 [pool-67-thread-1] INFO  server.RaftServerConfigKeys (ConfUtils.java:logGet(44)) - raft.server.log.segment.cache.size.max = 200MB (=209715200) (default)
2021-01-18 04:01:03,030 [pool-67-thread-1] INFO  segmented.SegmentedRaftLogWorker (SegmentedRaftLogWorker.java:<init>(181)) - new df0f9015-da7a-4d9e-bc36-4c543188710b@group-6A777A24D5AB-SegmentedRaftLogWorker for RaftStorageImpl:Storage Directory /github/workspace/mnt/ozone/hadoop-ozone/integration-test/target/test-dir/MiniOzoneClusterImpl-5bc51996-b728-448b-b7ee-2f27b8cece2b/datanode-0/data/ratis/4a28f9b1-a365-4007-a6f4-6a777a24d5ab
2021-01-18 04:01:03,030 [pool-67-thread-1] INFO  server.RaftServerConfigKeys (ConfUtils.java:logGet(44)) - raft.server.log.queue.byte-limit = 2147483647 (custom)
2021-01-18 04:01:03,030 [pool-67-thread-1] INFO  server.RaftServerConfigKeys (ConfUtils.java:logGet(44)) - raft.server.log.queue.element-limit = 1024 (custom)
2021-01-18 04:01:03,030 [pool-67-thread-1] INFO  server.RaftServerConfigKeys (ConfUtils.java:logGet(44)) - raft.server.log.segment.size.max = 1048576 (custom)
2021-01-18 04:01:03,030 [pool-67-thread-1] INFO  server.RaftServerConfigKeys (ConfUtils.java:logGet(44)) - raft.server.log.preallocated.size = 16384 (custom)
2021-01-18 04:01:03,030 [pool-67-thread-1] INFO  server.RaftServerConfigKeys (ConfUtils.java:logGet(44)) - raft.server.log.force.sync.num = 128 (default)
2021-01-18 04:01:03,030 [pool-67-thread-1] INFO  server.RaftServerConfigKeys (ConfUtils.java:logGet(44)) - raft.server.log.statemachine.data.sync = true (default)
2021-01-18 04:01:03,030 [pool-67-thread-1] INFO  server.RaftServerConfigKeys (ConfUtils.java:logGet(44)) - raft.server.log.statemachine.data.sync.timeout = 10s (default)
2021-01-18 04:01:03,031 [pool-67-thread-1] INFO  server.RaftServerConfigKeys (ConfUtils.java:logGet(44)) - raft.server.log.statemachine.data.sync.timeout.retry = -1 (default)
2021-01-18 04:01:03,032 [pool-67-thread-1] INFO  server.RaftServerConfigKeys (ConfUtils.java:logGet(44)) - raft.server.log.write.buffer.size = 1048576 (custom)
2021-01-18 04:01:03,035 [pool-67-thread-1] INFO  server.RaftServerConfigKeys (ConfUtils.java:logGet(44)) - raft.server.log.statemachine.data.caching.enabled = true (custom)
2021-01-18 04:01:03,035 [pool-67-thread-1] INFO  segmented.SegmentedRaftLogWorker (SegmentedRaftLogWorker.java:lambda$new$0(132)) - df0f9015-da7a-4d9e-bc36-4c543188710b@group-6A777A24D5AB-SegmentedRaftLogWorker: flushIndex: setUnconditionally 0 -> -1
2021-01-18 04:01:03,035 [pool-67-thread-1] INFO  segmented.SegmentedRaftLogWorker (SegmentedRaftLogWorker.java:lambda$new$0(132)) - df0f9015-da7a-4d9e-bc36-4c543188710b@group-6A777A24D5AB-SegmentedRaftLogWorker: safeCacheEvictIndex: setUnconditionally 0 -> -1
2021-01-18 04:01:03,044 [pool-67-thread-1] INFO  server.RaftServerConfigKeys (ConfUtils.java:logGet(44)) - raft.server.snapshot.auto.trigger.enabled = true (custom)
2021-01-18 04:01:03,044 [pool-67-thread-1] INFO  server.RaftServerConfigKeys (ConfUtils.java:logGet(44)) - raft.server.snapshot.auto.trigger.threshold = 10000 (custom)
2021-01-18 04:01:03,044 [pool-67-thread-1] INFO  server.RaftServerConfigKeys (ConfUtils.java:logGet(44)) - raft.server.snapshot.retention.file.num = 5 (custom)
2021-01-18 04:01:03,044 [pool-67-thread-1] INFO  server.RaftServerConfigKeys (ConfUtils.java:logGet(44)) - raft.server.log.purge.upto.snapshot.index = false (default)
2021-01-18 04:01:03,045 [EventQueue-PipelineReportForOneReplicaPipelineSafeModeRule] INFO  safemode.SCMSafeModeManager (SCMSafeModeManager.java:validateSafeModeExitRules(214)) - AtleastOneDatanodeReportedRule rule is successfully validated
2021-01-18 04:01:03,045 [EventQueue-PipelineReportForPipelineReportHandler] INFO  pipeline.PipelineStateManager (PipelineStateManager.java:openPipeline(132)) - Pipeline Pipeline[ Id: 4a28f9b1-a365-4007-a6f4-6a777a24d5ab, Nodes: df0f9015-da7a-4d9e-bc36-4c543188710b{ip: 172.17.0.2, host: d01bdcf5d4c9, networkLocation: /default-rack, certSerialId: null, persistedOpState: IN_SERVICE, persistedOpStateExpiryEpochSec: 0}, Type:RATIS, Factor:ONE, State:ALLOCATED, leaderId:df0f9015-da7a-4d9e-bc36-4c543188710b, CreationTimestamp2021-01-18T04:01:00.040Z] moved to OPEN state
2021-01-18 04:01:03,046 [pool-67-thread-1] INFO  server.RaftServerConfigKeys (ConfUtils.java:logGet(44)) - raft.server.retrycache.expirytime = 600000ms (custom)
2021-01-18 04:01:03,046 [pool-67-thread-1] INFO  server.RaftServerConfigKeys (ConfUtils.java:logGet(44)) - raft.server.retrycache.statistics.expirytime = 100?s (default)
2021-01-18 04:01:03,046 [pool-67-thread-1] INFO  metrics.RatisMetrics (RatisMetrics.java:lambda$create$0(36)) - Creating Metrics Registry : ratis.leader_election.df0f9015-da7a-4d9e-bc36-4c543188710b@group-6A777A24D5AB
2021-01-18 04:01:03,047 [pool-67-thread-1] INFO  metrics.RatisMetrics (RatisMetrics.java:lambda$create$0(36)) - Creating Metrics Registry : ratis.server.df0f9015-da7a-4d9e-bc36-4c543188710b@group-6A777A24D5AB
2021-01-18 04:01:03,052 [pool-67-thread-1] INFO  server.RaftServer$Division (RaftServerImpl.java:start(294)) - df0f9015-da7a-4d9e-bc36-4c543188710b@group-6A777A24D5AB: start as a follower, conf=-1: [df0f9015-da7a-4d9e-bc36-4c543188710b|rpc:172.17.0.2:40651|priority:1], old=null
2021-01-18 04:01:03,052 [pool-67-thread-1] INFO  server.RaftServer$Division (RaftServerImpl.java:setRole(283)) - df0f9015-da7a-4d9e-bc36-4c543188710b@group-6A777A24D5AB: changes role from      null to FOLLOWER at term 0 for startAsFollower
2021-01-18 04:01:03,052 [pool-67-thread-1] INFO  impl.RoleInfo (RoleInfo.java:updateAndGet(130)) - df0f9015-da7a-4d9e-bc36-4c543188710b: start df0f9015-da7a-4d9e-bc36-4c543188710b@group-6A777A24D5AB-FollowerState
2021-01-18 04:01:03,052 [EventQueue-OpenPipelineForHealthyPipelineSafeModeRule] INFO  safemode.SCMSafeModeManager (HealthyPipelineSafeModeRule.java:process(128)) - SCM in safe mode. Healthy pipelines reported count is 0, required healthy pipeline reported count is 1
2021-01-18 04:01:03,053 [pool-67-thread-1] INFO  util.JmxRegister (JmxRegister.java:tryRegister(44)) - Successfully registered JMX Bean with object name Ratis:service=RaftServer,group=group-6A777A24D5AB,id=df0f9015-da7a-4d9e-bc36-4c543188710b
2021-01-18 04:01:03,054 [pool-67-thread-1] INFO  metrics.RatisMetrics (RatisMetrics.java:lambda$create$0(36)) - Creating Metrics Registry : ratis.state_machine.df0f9015-da7a-4d9e-bc36-4c543188710b@group-6A777A24D5AB
2021-01-18 04:01:03,059 [Command processor thread] INFO  commandhandler.CreatePipelineCommandHandler (CreatePipelineCommandHandler.java:handle(106)) - Created Pipeline RATIS ONE PipelineID=4a28f9b1-a365-4007-a6f4-6a777a24d5ab.
2021-01-18 04:01:03,059 [Command processor thread] INFO  server.RaftServer (RaftServerProxy.java:addNew(95)) - df0f9015-da7a-4d9e-bc36-4c543188710b: addNew group-441A50764A11:[418e6855-184b-4135-9b3f-1bec60925ac4|rpc:172.17.0.2:35341|priority:1, f5800447-0e6f-4f9e-a68b-d392c1661b2f|rpc:172.17.0.2:42137|priority:0, df0f9015-da7a-4d9e-bc36-4c543188710b|rpc:172.17.0.2:40651|priority:0] returns group-441A50764A11:java.util.concurrent.CompletableFuture@73a2fb98[Not completed]
2021-01-18 04:01:03,060 [pool-67-thread-1] INFO  server.RaftServer$Division (RaftServerImpl.java:<init>(179)) - df0f9015-da7a-4d9e-bc36-4c543188710b: new RaftServerImpl for group-441A50764A11:[418e6855-184b-4135-9b3f-1bec60925ac4|rpc:172.17.0.2:35341|priority:1, f5800447-0e6f-4f9e-a68b-d392c1661b2f|rpc:172.17.0.2:42137|priority:0, df0f9015-da7a-4d9e-bc36-4c543188710b|rpc:172.17.0.2:40651|priority:0] with ContainerStateMachine:uninitialized
2021-01-18 04:01:03,060 [pool-67-thread-1] INFO  server.RaftServerConfigKeys (ConfUtils.java:logGet(44)) - raft.server.rpc.timeout.min = 5s (custom)
2021-01-18 04:01:03,061 [pool-67-thread-1] INFO  server.RaftServerConfigKeys (ConfUtils.java:logGet(44)) - raft.server.rpc.timeout.max = 5200ms (custom)
2021-01-18 04:01:03,061 [pool-67-thread-1] INFO  server.RaftServerConfigKeys (ConfUtils.java:logGet(44)) - raft.server.rpc.sleep.time = 25ms (default)
2021-01-18 04:01:03,061 [pool-67-thread-1] INFO  server.RaftServerConfigKeys (ConfUtils.java:logGet(44)) - raft.server.rpc.slowness.timeout = 300s (custom)
2021-01-18 04:01:03,061 [pool-67-thread-1] INFO  server.RaftServerConfigKeys (ConfUtils.java:logGet(44)) - raft.server.leaderelection.leader.step-down.wait-time = 10s (default)
2021-01-18 04:01:03,061 [pool-67-thread-1] INFO  server.RaftServerConfigKeys (ConfUtils.java:logGet(44)) - raft.server.sleep.deviation.threshold = 300ms (default)
2021-01-18 04:01:03,061 [pool-67-thread-1] INFO  server.RaftServerConfigKeys (ConfUtils.java:logGet(44)) - raft.server.log.appender.install.snapshot.enabled = false (custom)
2021-01-18 04:01:03,061 [pool-67-thread-1] INFO  server.RaftServer$Division (ServerState.java:<init>(103)) - df0f9015-da7a-4d9e-bc36-4c543188710b@group-441A50764A11: ConfigurationManager, init=-1: [418e6855-184b-4135-9b3f-1bec60925ac4|rpc:172.17.0.2:35341|priority:1, f5800447-0e6f-4f9e-a68b-d392c1661b2f|rpc:172.17.0.2:42137|priority:0, df0f9015-da7a-4d9e-bc36-4c543188710b|rpc:172.17.0.2:40651|priority:0], old=null, confs=<EMPTY_MAP>
2021-01-18 04:01:03,061 [pool-67-thread-1] INFO  server.RaftServerConfigKeys (ConfUtils.java:logGet(44)) - raft.server.storage.dir = [/github/workspace/mnt/ozone/hadoop-ozone/integration-test/target/test-dir/MiniOzoneClusterImpl-5bc51996-b728-448b-b7ee-2f27b8cece2b/datanode-0/data/ratis] (custom)
2021-01-18 04:01:03,061 [pool-67-thread-1] INFO  server.RaftServerConfigKeys (ConfUtils.java:logGet(44)) - raft.server.log.corruption.policy = EXCEPTION (default)
2021-01-18 04:01:03,062 [pool-67-thread-1] INFO  storage.RaftStorageDirectory (RaftStorageDirectoryImpl.java:analyzeStorage(132)) - The storage directory /github/workspace/mnt/ozone/hadoop-ozone/integration-test/target/test-dir/MiniOzoneClusterImpl-5bc51996-b728-448b-b7ee-2f27b8cece2b/datanode-0/data/ratis/4570ca6b-7f19-4027-8dc5-441a50764a11 does not exist. Creating ...
2021-01-18 04:01:03,064 [pool-67-thread-1] INFO  storage.RaftStorageDirectory (RaftStorageDirectoryImpl.java:tryLock(215)) - Lock on /github/workspace/mnt/ozone/hadoop-ozone/integration-test/target/test-dir/MiniOzoneClusterImpl-5bc51996-b728-448b-b7ee-2f27b8cece2b/datanode-0/data/ratis/4570ca6b-7f19-4027-8dc5-441a50764a11/in_use.lock acquired by nodename 30197@d01bdcf5d4c9
2021-01-18 04:01:03,069 [pool-67-thread-1] INFO  storage.RaftStorage (RaftStorageImpl.java:format(87)) - Storage directory /github/workspace/mnt/ozone/hadoop-ozone/integration-test/target/test-dir/MiniOzoneClusterImpl-5bc51996-b728-448b-b7ee-2f27b8cece2b/datanode-0/data/ratis/4570ca6b-7f19-4027-8dc5-441a50764a11 has been successfully formatted.
2021-01-18 04:01:03,070 [pool-67-thread-1] INFO  ratis.ContainerStateMachine (ContainerStateMachine.java:loadSnapshot(223)) - group-441A50764A11: The snapshot info is null. Setting the last applied indexto:(t:0, i:~)
2021-01-18 04:01:03,070 [pool-67-thread-1] ERROR storage.RaftStorage (RaftStorageImpl.java:readRaftConfiguration(147)) - Failed reading configuration from file:/github/workspace/mnt/ozone/hadoop-ozone/integration-test/target/test-dir/MiniOzoneClusterImpl-5bc51996-b728-448b-b7ee-2f27b8cece2b/datanode-0/data/ratis/4570ca6b-7f19-4027-8dc5-441a50764a11/current/raft-meta.conf
java.io.FileNotFoundException: /github/workspace/mnt/ozone/hadoop-ozone/integration-test/target/test-dir/MiniOzoneClusterImpl-5bc51996-b728-448b-b7ee-2f27b8cece2b/datanode-0/data/ratis/4570ca6b-7f19-4027-8dc5-441a50764a11/current/raft-meta.conf (No such file or directory)
	at java.io.FileInputStream.open0(Native Method)
	at java.io.FileInputStream.open(FileInputStream.java:195)
	at java.io.FileInputStream.<init>(FileInputStream.java:138)
	at org.apache.ratis.server.storage.RaftStorageImpl.readRaftConfiguration(RaftStorageImpl.java:143)
	at org.apache.ratis.server.impl.ServerState.<init>(ServerState.java:113)
	at org.apache.ratis.server.impl.RaftServerImpl.<init>(RaftServerImpl.java:192)
	at org.apache.ratis.server.impl.RaftServerProxy.lambda$newRaftServerImpl$4(RaftServerProxy.java:266)
	at java.util.concurrent.CompletableFuture$AsyncSupply.run(CompletableFuture.java:1604)
	at java.util.concurrent.ThreadPoolExecutor.runWorker(ThreadPoolExecutor.java:1149)
	at java.util.concurrent.ThreadPoolExecutor$Worker.run(ThreadPoolExecutor.java:624)
	at java.lang.Thread.run(Thread.java:748)
2021-01-18 04:01:03,071 [pool-67-thread-1] INFO  server.RaftServerConfigKeys (ConfUtils.java:logGet(44)) - raft.server.notification.no-leader.timeout = 300s (custom)
2021-01-18 04:01:03,071 [pool-67-thread-1] INFO  server.RaftServerConfigKeys (ConfUtils.java:logGet(44)) - raft.server.log.use.memory = false (default)
2021-01-18 04:01:03,071 [pool-67-thread-1] INFO  server.RaftServerConfigKeys (ConfUtils.java:logGet(44)) - raft.server.log.purge.gap = 1000000 (custom)
2021-01-18 04:01:03,071 [pool-67-thread-1] INFO  server.RaftServerConfigKeys (ConfUtils.java:logGet(44)) - raft.server.log.appender.buffer.byte-limit = 33554432 (custom)
2021-01-18 04:01:03,071 [pool-67-thread-1] INFO  metrics.RatisMetrics (RatisMetrics.java:lambda$create$0(36)) - Creating Metrics Registry : ratis.log_worker.df0f9015-da7a-4d9e-bc36-4c543188710b@group-441A50764A11
2021-01-18 04:01:03,071 [pool-67-thread-1] INFO  server.RaftServerConfigKeys (ConfUtils.java:logGet(44)) - raft.server.log.segment.size.max = 1048576 (custom)
2021-01-18 04:01:03,077 [EventQueue-PipelineReportForOneReplicaPipelineSafeModeRule] INFO  safemode.SCMSafeModeManager (SCMSafeModeManager.java:validateSafeModeExitRules(214)) - AtleastOneDatanodeReportedRule rule is successfully validated
2021-01-18 04:01:03,077 [EventQueue-OpenPipelineForHealthyPipelineSafeModeRule] INFO  safemode.SCMSafeModeManager (HealthyPipelineSafeModeRule.java:process(128)) - SCM in safe mode. Healthy pipelines reported count is 0, required healthy pipeline reported count is 1
2021-01-18 04:01:03,079 [pool-67-thread-1] INFO  server.RaftServerConfigKeys (ConfUtils.java:logGet(44)) - raft.server.log.segment.cache.num.max = 2 (custom)
2021-01-18 04:01:03,080 [pool-67-thread-1] INFO  server.RaftServerConfigKeys (ConfUtils.java:logGet(44)) - raft.server.log.segment.cache.size.max = 200MB (=209715200) (default)
2021-01-18 04:01:03,080 [pool-67-thread-1] INFO  segmented.SegmentedRaftLogWorker (SegmentedRaftLogWorker.java:<init>(181)) - new df0f9015-da7a-4d9e-bc36-4c543188710b@group-441A50764A11-SegmentedRaftLogWorker for RaftStorageImpl:Storage Directory /github/workspace/mnt/ozone/hadoop-ozone/integration-test/target/test-dir/MiniOzoneClusterImpl-5bc51996-b728-448b-b7ee-2f27b8cece2b/datanode-0/data/ratis/4570ca6b-7f19-4027-8dc5-441a50764a11
2021-01-18 04:01:03,080 [pool-67-thread-1] INFO  server.RaftServerConfigKeys (ConfUtils.java:logGet(44)) - raft.server.log.queue.byte-limit = 2147483647 (custom)
2021-01-18 04:01:03,080 [pool-67-thread-1] INFO  server.RaftServerConfigKeys (ConfUtils.java:logGet(44)) - raft.server.log.queue.element-limit = 1024 (custom)
2021-01-18 04:01:03,080 [pool-67-thread-1] INFO  server.RaftServerConfigKeys (ConfUtils.java:logGet(44)) - raft.server.log.segment.size.max = 1048576 (custom)
2021-01-18 04:01:03,080 [pool-67-thread-1] INFO  server.RaftServerConfigKeys (ConfUtils.java:logGet(44)) - raft.server.log.preallocated.size = 16384 (custom)
2021-01-18 04:01:03,080 [pool-67-thread-1] INFO  server.RaftServerConfigKeys (ConfUtils.java:logGet(44)) - raft.server.log.force.sync.num = 128 (default)
2021-01-18 04:01:03,080 [pool-67-thread-1] INFO  server.RaftServerConfigKeys (ConfUtils.java:logGet(44)) - raft.server.log.statemachine.data.sync = true (default)
2021-01-18 04:01:03,080 [pool-67-thread-1] INFO  server.RaftServerConfigKeys (ConfUtils.java:logGet(44)) - raft.server.log.statemachine.data.sync.timeout = 10s (default)
2021-01-18 04:01:03,080 [pool-67-thread-1] INFO  server.RaftServerConfigKeys (ConfUtils.java:logGet(44)) - raft.server.log.statemachine.data.sync.timeout.retry = -1 (default)
2021-01-18 04:01:03,083 [pool-67-thread-1] INFO  server.RaftServerConfigKeys (ConfUtils.java:logGet(44)) - raft.server.log.write.buffer.size = 1048576 (custom)
2021-01-18 04:01:03,083 [pool-67-thread-1] INFO  server.RaftServerConfigKeys (ConfUtils.java:logGet(44)) - raft.server.log.statemachine.data.caching.enabled = true (custom)
2021-01-18 04:01:03,083 [pool-67-thread-1] INFO  segmented.SegmentedRaftLogWorker (SegmentedRaftLogWorker.java:lambda$new$0(132)) - df0f9015-da7a-4d9e-bc36-4c543188710b@group-441A50764A11-SegmentedRaftLogWorker: flushIndex: setUnconditionally 0 -> -1
2021-01-18 04:01:03,083 [pool-67-thread-1] INFO  segmented.SegmentedRaftLogWorker (SegmentedRaftLogWorker.java:lambda$new$0(132)) - df0f9015-da7a-4d9e-bc36-4c543188710b@group-441A50764A11-SegmentedRaftLogWorker: safeCacheEvictIndex: setUnconditionally 0 -> -1
2021-01-18 04:01:03,092 [pool-67-thread-1] INFO  server.RaftServerConfigKeys (ConfUtils.java:logGet(44)) - raft.server.snapshot.auto.trigger.enabled = true (custom)
2021-01-18 04:01:03,092 [pool-67-thread-1] INFO  server.RaftServerConfigKeys (ConfUtils.java:logGet(44)) - raft.server.snapshot.auto.trigger.threshold = 10000 (custom)
2021-01-18 04:01:03,092 [pool-67-thread-1] INFO  server.RaftServerConfigKeys (ConfUtils.java:logGet(44)) - raft.server.snapshot.retention.file.num = 5 (custom)
2021-01-18 04:01:03,092 [pool-67-thread-1] INFO  server.RaftServerConfigKeys (ConfUtils.java:logGet(44)) - raft.server.log.purge.upto.snapshot.index = false (default)
2021-01-18 04:01:03,092 [pool-67-thread-1] INFO  server.RaftServerConfigKeys (ConfUtils.java:logGet(44)) - raft.server.retrycache.expirytime = 600000ms (custom)
2021-01-18 04:01:03,092 [pool-67-thread-1] INFO  server.RaftServerConfigKeys (ConfUtils.java:logGet(44)) - raft.server.retrycache.statistics.expirytime = 100?s (default)
2021-01-18 04:01:03,092 [pool-67-thread-1] INFO  metrics.RatisMetrics (RatisMetrics.java:lambda$create$0(36)) - Creating Metrics Registry : ratis.leader_election.df0f9015-da7a-4d9e-bc36-4c543188710b@group-441A50764A11
2021-01-18 04:01:03,098 [pool-67-thread-1] INFO  metrics.RatisMetrics (RatisMetrics.java:lambda$create$0(36)) - Creating Metrics Registry : ratis.server.df0f9015-da7a-4d9e-bc36-4c543188710b@group-441A50764A11
2021-01-18 04:01:03,099 [pool-67-thread-1] INFO  server.RaftServer$Division (RaftServerImpl.java:start(294)) - df0f9015-da7a-4d9e-bc36-4c543188710b@group-441A50764A11: start as a follower, conf=-1: [418e6855-184b-4135-9b3f-1bec60925ac4|rpc:172.17.0.2:35341|priority:1, f5800447-0e6f-4f9e-a68b-d392c1661b2f|rpc:172.17.0.2:42137|priority:0, df0f9015-da7a-4d9e-bc36-4c543188710b|rpc:172.17.0.2:40651|priority:0], old=null
2021-01-18 04:01:03,099 [pool-67-thread-1] INFO  server.RaftServer$Division (RaftServerImpl.java:setRole(283)) - df0f9015-da7a-4d9e-bc36-4c543188710b@group-441A50764A11: changes role from      null to FOLLOWER at term 0 for startAsFollower
2021-01-18 04:01:03,099 [pool-67-thread-1] INFO  impl.RoleInfo (RoleInfo.java:updateAndGet(130)) - df0f9015-da7a-4d9e-bc36-4c543188710b: start df0f9015-da7a-4d9e-bc36-4c543188710b@group-441A50764A11-FollowerState
2021-01-18 04:01:03,100 [pool-67-thread-1] INFO  util.JmxRegister (JmxRegister.java:tryRegister(44)) - Successfully registered JMX Bean with object name Ratis:service=RaftServer,group=group-441A50764A11,id=df0f9015-da7a-4d9e-bc36-4c543188710b
2021-01-18 04:01:03,100 [pool-67-thread-1] INFO  metrics.RatisMetrics (RatisMetrics.java:lambda$create$0(36)) - Creating Metrics Registry : ratis.state_machine.df0f9015-da7a-4d9e-bc36-4c543188710b@group-441A50764A11
2021-01-18 04:01:03,114 [grpc-default-executor-3] WARN  server.GrpcLogAppender (LogUtils.java:warn(122)) - omNode-2@group-523986131536->omNode-3-AppendLogResponseHandler: Failed appendEntries: org.apache.ratis.thirdparty.io.grpc.StatusRuntimeException: UNAVAILABLE: io exception
2021-01-18 04:01:03,115 [grpc-default-executor-3] WARN  server.GrpcLogAppender (GrpcLogAppender.java:resetClient(111)) - omNode-2@group-523986131536->omNode-3-GrpcLogAppender: Leader has not got in touch with Follower omNode-2@group-523986131536->omNode-3(c-1,m0,n1, attendVote=true, lastRpcSendTime=0, lastRpcResponseTime=6369) yet, just keep nextIndex unchanged and retry.
2021-01-18 04:01:03,130 [Command processor thread] INFO  metrics.RatisMetrics (RatisMetrics.java:lambda$create$0(36)) - Creating Metrics Registry : ratis.client_message_metrics.client-F02E1F9F1E29->418e6855-184b-4135-9b3f-1bec60925ac4
2021-01-18 04:01:03,157 [grpc-default-executor-3] INFO  metrics.RatisMetrics (RatisMetrics.java:lambda$create$0(36)) - Creating Metrics Registry : ratis.server_message_metrics.418e6855-184b-4135-9b3f-1bec60925ac4
2021-01-18 04:01:03,165 [grpc-default-executor-3] INFO  server.RaftServer (RaftServerProxy.java:addNew(95)) - 418e6855-184b-4135-9b3f-1bec60925ac4: addNew group-441A50764A11:[418e6855-184b-4135-9b3f-1bec60925ac4|rpc:172.17.0.2:35341|dataStream:|priority:1, f5800447-0e6f-4f9e-a68b-d392c1661b2f|rpc:172.17.0.2:42137|dataStream:|priority:0, df0f9015-da7a-4d9e-bc36-4c543188710b|rpc:172.17.0.2:40651|dataStream:|priority:0] returns group-441A50764A11:java.util.concurrent.CompletableFuture@672e2fd[Not completed]
2021-01-18 04:01:03,174 [pool-82-thread-1] INFO  server.RaftServer$Division (RaftServerImpl.java:<init>(179)) - 418e6855-184b-4135-9b3f-1bec60925ac4: new RaftServerImpl for group-441A50764A11:[418e6855-184b-4135-9b3f-1bec60925ac4|rpc:172.17.0.2:35341|dataStream:|priority:1, f5800447-0e6f-4f9e-a68b-d392c1661b2f|rpc:172.17.0.2:42137|dataStream:|priority:0, df0f9015-da7a-4d9e-bc36-4c543188710b|rpc:172.17.0.2:40651|dataStream:|priority:0] with ContainerStateMachine:uninitialized
2021-01-18 04:01:03,174 [pool-82-thread-1] INFO  server.RaftServerConfigKeys (ConfUtils.java:logGet(44)) - raft.server.rpc.timeout.min = 5s (custom)
2021-01-18 04:01:03,174 [pool-82-thread-1] INFO  server.RaftServerConfigKeys (ConfUtils.java:logGet(44)) - raft.server.rpc.timeout.max = 5200ms (custom)
2021-01-18 04:01:03,174 [pool-82-thread-1] INFO  server.RaftServerConfigKeys (ConfUtils.java:logGet(44)) - raft.server.rpc.sleep.time = 25ms (default)
2021-01-18 04:01:03,174 [pool-82-thread-1] INFO  server.RaftServerConfigKeys (ConfUtils.java:logGet(44)) - raft.server.rpc.slowness.timeout = 300s (custom)
2021-01-18 04:01:03,175 [pool-82-thread-1] INFO  server.RaftServerConfigKeys (ConfUtils.java:logGet(44)) - raft.server.leaderelection.leader.step-down.wait-time = 10s (default)
2021-01-18 04:01:03,175 [pool-82-thread-1] INFO  server.RaftServerConfigKeys (ConfUtils.java:logGet(44)) - raft.server.sleep.deviation.threshold = 300ms (default)
2021-01-18 04:01:03,175 [pool-82-thread-1] INFO  server.RaftServerConfigKeys (ConfUtils.java:logGet(44)) - raft.server.log.appender.install.snapshot.enabled = false (custom)
2021-01-18 04:01:03,175 [pool-82-thread-1] INFO  server.RaftServer$Division (ServerState.java:<init>(103)) - 418e6855-184b-4135-9b3f-1bec60925ac4@group-441A50764A11: ConfigurationManager, init=-1: [418e6855-184b-4135-9b3f-1bec60925ac4|rpc:172.17.0.2:35341|dataStream:|priority:1, f5800447-0e6f-4f9e-a68b-d392c1661b2f|rpc:172.17.0.2:42137|dataStream:|priority:0, df0f9015-da7a-4d9e-bc36-4c543188710b|rpc:172.17.0.2:40651|dataStream:|priority:0], old=null, confs=<EMPTY_MAP>
2021-01-18 04:01:03,175 [pool-82-thread-1] INFO  server.RaftServerConfigKeys (ConfUtils.java:logGet(44)) - raft.server.storage.dir = [/github/workspace/mnt/ozone/hadoop-ozone/integration-test/target/test-dir/MiniOzoneClusterImpl-5bc51996-b728-448b-b7ee-2f27b8cece2b/datanode-1/data/ratis] (custom)
2021-01-18 04:01:03,175 [pool-82-thread-1] INFO  server.RaftServerConfigKeys (ConfUtils.java:logGet(44)) - raft.server.log.corruption.policy = EXCEPTION (default)
2021-01-18 04:01:03,175 [pool-82-thread-1] INFO  storage.RaftStorageDirectory (RaftStorageDirectoryImpl.java:analyzeStorage(132)) - The storage directory /github/workspace/mnt/ozone/hadoop-ozone/integration-test/target/test-dir/MiniOzoneClusterImpl-5bc51996-b728-448b-b7ee-2f27b8cece2b/datanode-1/data/ratis/4570ca6b-7f19-4027-8dc5-441a50764a11 does not exist. Creating ...
2021-01-18 04:01:03,177 [pool-82-thread-1] INFO  storage.RaftStorageDirectory (RaftStorageDirectoryImpl.java:tryLock(215)) - Lock on /github/workspace/mnt/ozone/hadoop-ozone/integration-test/target/test-dir/MiniOzoneClusterImpl-5bc51996-b728-448b-b7ee-2f27b8cece2b/datanode-1/data/ratis/4570ca6b-7f19-4027-8dc5-441a50764a11/in_use.lock acquired by nodename 30197@d01bdcf5d4c9
2021-01-18 04:01:03,179 [pool-82-thread-1] INFO  storage.RaftStorage (RaftStorageImpl.java:format(87)) - Storage directory /github/workspace/mnt/ozone/hadoop-ozone/integration-test/target/test-dir/MiniOzoneClusterImpl-5bc51996-b728-448b-b7ee-2f27b8cece2b/datanode-1/data/ratis/4570ca6b-7f19-4027-8dc5-441a50764a11 has been successfully formatted.
2021-01-18 04:01:03,180 [pool-82-thread-1] INFO  ratis.ContainerStateMachine (ContainerStateMachine.java:loadSnapshot(223)) - group-441A50764A11: The snapshot info is null. Setting the last applied indexto:(t:0, i:~)
2021-01-18 04:01:03,186 [pool-82-thread-1] ERROR storage.RaftStorage (RaftStorageImpl.java:readRaftConfiguration(147)) - Failed reading configuration from file:/github/workspace/mnt/ozone/hadoop-ozone/integration-test/target/test-dir/MiniOzoneClusterImpl-5bc51996-b728-448b-b7ee-2f27b8cece2b/datanode-1/data/ratis/4570ca6b-7f19-4027-8dc5-441a50764a11/current/raft-meta.conf
java.io.FileNotFoundException: /github/workspace/mnt/ozone/hadoop-ozone/integration-test/target/test-dir/MiniOzoneClusterImpl-5bc51996-b728-448b-b7ee-2f27b8cece2b/datanode-1/data/ratis/4570ca6b-7f19-4027-8dc5-441a50764a11/current/raft-meta.conf (No such file or directory)
	at java.io.FileInputStream.open0(Native Method)
	at java.io.FileInputStream.open(FileInputStream.java:195)
	at java.io.FileInputStream.<init>(FileInputStream.java:138)
	at org.apache.ratis.server.storage.RaftStorageImpl.readRaftConfiguration(RaftStorageImpl.java:143)
	at org.apache.ratis.server.impl.ServerState.<init>(ServerState.java:113)
	at org.apache.ratis.server.impl.RaftServerImpl.<init>(RaftServerImpl.java:192)
	at org.apache.ratis.server.impl.RaftServerProxy.lambda$newRaftServerImpl$4(RaftServerProxy.java:266)
	at java.util.concurrent.CompletableFuture$AsyncSupply.run(CompletableFuture.java:1604)
	at java.util.concurrent.ThreadPoolExecutor.runWorker(ThreadPoolExecutor.java:1149)
	at java.util.concurrent.ThreadPoolExecutor$Worker.run(ThreadPoolExecutor.java:624)
	at java.lang.Thread.run(Thread.java:748)
2021-01-18 04:01:03,186 [EventQueue-PipelineReportForOneReplicaPipelineSafeModeRule] INFO  safemode.SCMSafeModeManager (SCMSafeModeManager.java:validateSafeModeExitRules(214)) - AtleastOneDatanodeReportedRule rule is successfully validated
2021-01-18 04:01:03,188 [pool-82-thread-1] INFO  server.RaftServerConfigKeys (ConfUtils.java:logGet(44)) - raft.server.notification.no-leader.timeout = 300s (custom)
2021-01-18 04:01:03,188 [pool-82-thread-1] INFO  server.RaftServerConfigKeys (ConfUtils.java:logGet(44)) - raft.server.log.use.memory = false (default)
2021-01-18 04:01:03,188 [pool-82-thread-1] INFO  server.RaftServerConfigKeys (ConfUtils.java:logGet(44)) - raft.server.log.purge.gap = 1000000 (custom)
2021-01-18 04:01:03,188 [pool-82-thread-1] INFO  server.RaftServerConfigKeys (ConfUtils.java:logGet(44)) - raft.server.log.appender.buffer.byte-limit = 33554432 (custom)
2021-01-18 04:01:03,189 [pool-82-thread-1] INFO  metrics.RatisMetrics (RatisMetrics.java:lambda$create$0(36)) - Creating Metrics Registry : ratis.log_worker.418e6855-184b-4135-9b3f-1bec60925ac4@group-441A50764A11
2021-01-18 04:01:03,189 [pool-82-thread-1] INFO  server.RaftServerConfigKeys (ConfUtils.java:logGet(44)) - raft.server.log.segment.size.max = 1048576 (custom)
2021-01-18 04:01:03,189 [pool-82-thread-1] INFO  server.RaftServerConfigKeys (ConfUtils.java:logGet(44)) - raft.server.log.segment.cache.num.max = 2 (custom)
2021-01-18 04:01:03,189 [pool-82-thread-1] INFO  server.RaftServerConfigKeys (ConfUtils.java:logGet(44)) - raft.server.log.segment.cache.size.max = 200MB (=209715200) (default)
2021-01-18 04:01:03,189 [pool-82-thread-1] INFO  segmented.SegmentedRaftLogWorker (SegmentedRaftLogWorker.java:<init>(181)) - new 418e6855-184b-4135-9b3f-1bec60925ac4@group-441A50764A11-SegmentedRaftLogWorker for RaftStorageImpl:Storage Directory /github/workspace/mnt/ozone/hadoop-ozone/integration-test/target/test-dir/MiniOzoneClusterImpl-5bc51996-b728-448b-b7ee-2f27b8cece2b/datanode-1/data/ratis/4570ca6b-7f19-4027-8dc5-441a50764a11
2021-01-18 04:01:03,189 [pool-82-thread-1] INFO  server.RaftServerConfigKeys (ConfUtils.java:logGet(44)) - raft.server.log.queue.byte-limit = 2147483647 (custom)
2021-01-18 04:01:03,189 [pool-82-thread-1] INFO  server.RaftServerConfigKeys (ConfUtils.java:logGet(44)) - raft.server.log.queue.element-limit = 1024 (custom)
2021-01-18 04:01:03,189 [pool-82-thread-1] INFO  server.RaftServerConfigKeys (ConfUtils.java:logGet(44)) - raft.server.log.segment.size.max = 1048576 (custom)
2021-01-18 04:01:03,189 [pool-82-thread-1] INFO  server.RaftServerConfigKeys (ConfUtils.java:logGet(44)) - raft.server.log.preallocated.size = 16384 (custom)
2021-01-18 04:01:03,189 [pool-82-thread-1] INFO  server.RaftServerConfigKeys (ConfUtils.java:logGet(44)) - raft.server.log.force.sync.num = 128 (default)
2021-01-18 04:01:03,190 [pool-82-thread-1] INFO  server.RaftServerConfigKeys (ConfUtils.java:logGet(44)) - raft.server.log.statemachine.data.sync = true (default)
2021-01-18 04:01:03,190 [pool-82-thread-1] INFO  server.RaftServerConfigKeys (ConfUtils.java:logGet(44)) - raft.server.log.statemachine.data.sync.timeout = 10s (default)
2021-01-18 04:01:03,190 [pool-82-thread-1] INFO  server.RaftServerConfigKeys (ConfUtils.java:logGet(44)) - raft.server.log.statemachine.data.sync.timeout.retry = -1 (default)
2021-01-18 04:01:03,190 [pool-82-thread-1] INFO  server.RaftServerConfigKeys (ConfUtils.java:logGet(44)) - raft.server.log.write.buffer.size = 1048576 (custom)
2021-01-18 04:01:03,191 [pool-82-thread-1] INFO  server.RaftServerConfigKeys (ConfUtils.java:logGet(44)) - raft.server.log.statemachine.data.caching.enabled = true (custom)
2021-01-18 04:01:03,191 [pool-82-thread-1] INFO  segmented.SegmentedRaftLogWorker (SegmentedRaftLogWorker.java:lambda$new$0(132)) - 418e6855-184b-4135-9b3f-1bec60925ac4@group-441A50764A11-SegmentedRaftLogWorker: flushIndex: setUnconditionally 0 -> -1
2021-01-18 04:01:03,195 [pool-82-thread-1] INFO  segmented.SegmentedRaftLogWorker (SegmentedRaftLogWorker.java:lambda$new$0(132)) - 418e6855-184b-4135-9b3f-1bec60925ac4@group-441A50764A11-SegmentedRaftLogWorker: safeCacheEvictIndex: setUnconditionally 0 -> -1
2021-01-18 04:01:03,195 [pool-82-thread-1] INFO  server.RaftServerConfigKeys (ConfUtils.java:logGet(44)) - raft.server.snapshot.auto.trigger.enabled = true (custom)
2021-01-18 04:01:03,195 [pool-82-thread-1] INFO  server.RaftServerConfigKeys (ConfUtils.java:logGet(44)) - raft.server.snapshot.auto.trigger.threshold = 10000 (custom)
2021-01-18 04:01:03,195 [pool-82-thread-1] INFO  server.RaftServerConfigKeys (ConfUtils.java:logGet(44)) - raft.server.snapshot.retention.file.num = 5 (custom)
2021-01-18 04:01:03,195 [pool-82-thread-1] INFO  server.RaftServerConfigKeys (ConfUtils.java:logGet(44)) - raft.server.log.purge.upto.snapshot.index = false (default)
2021-01-18 04:01:03,195 [pool-82-thread-1] INFO  server.RaftServerConfigKeys (ConfUtils.java:logGet(44)) - raft.server.retrycache.expirytime = 600000ms (custom)
2021-01-18 04:01:03,195 [pool-82-thread-1] INFO  server.RaftServerConfigKeys (ConfUtils.java:logGet(44)) - raft.server.retrycache.statistics.expirytime = 100?s (default)
2021-01-18 04:01:03,195 [pool-82-thread-1] INFO  metrics.RatisMetrics (RatisMetrics.java:lambda$create$0(36)) - Creating Metrics Registry : ratis.leader_election.418e6855-184b-4135-9b3f-1bec60925ac4@group-441A50764A11
2021-01-18 04:01:03,196 [pool-82-thread-1] INFO  metrics.RatisMetrics (RatisMetrics.java:lambda$create$0(36)) - Creating Metrics Registry : ratis.server.418e6855-184b-4135-9b3f-1bec60925ac4@group-441A50764A11
2021-01-18 04:01:03,197 [pool-82-thread-1] INFO  server.RaftServer$Division (RaftServerImpl.java:start(294)) - 418e6855-184b-4135-9b3f-1bec60925ac4@group-441A50764A11: start as a follower, conf=-1: [418e6855-184b-4135-9b3f-1bec60925ac4|rpc:172.17.0.2:35341|dataStream:|priority:1, f5800447-0e6f-4f9e-a68b-d392c1661b2f|rpc:172.17.0.2:42137|dataStream:|priority:0, df0f9015-da7a-4d9e-bc36-4c543188710b|rpc:172.17.0.2:40651|dataStream:|priority:0], old=null
2021-01-18 04:01:03,197 [pool-82-thread-1] INFO  server.RaftServer$Division (RaftServerImpl.java:setRole(283)) - 418e6855-184b-4135-9b3f-1bec60925ac4@group-441A50764A11: changes role from      null to FOLLOWER at term 0 for startAsFollower
2021-01-18 04:01:03,197 [pool-82-thread-1] INFO  impl.RoleInfo (RoleInfo.java:updateAndGet(130)) - 418e6855-184b-4135-9b3f-1bec60925ac4: start 418e6855-184b-4135-9b3f-1bec60925ac4@group-441A50764A11-FollowerState
2021-01-18 04:01:03,204 [pool-82-thread-1] INFO  util.JmxRegister (JmxRegister.java:tryRegister(44)) - Successfully registered JMX Bean with object name Ratis:service=RaftServer,group=group-441A50764A11,id=418e6855-184b-4135-9b3f-1bec60925ac4
2021-01-18 04:01:03,206 [pool-82-thread-1] INFO  metrics.RatisMetrics (RatisMetrics.java:lambda$create$0(36)) - Creating Metrics Registry : ratis.state_machine.418e6855-184b-4135-9b3f-1bec60925ac4@group-441A50764A11
2021-01-18 04:01:03,271 [Command processor thread] INFO  metrics.RatisMetrics (RatisMetrics.java:lambda$create$0(36)) - Creating Metrics Registry : ratis.client_message_metrics.client-C50D6B094F18->f5800447-0e6f-4f9e-a68b-d392c1661b2f
2021-01-18 04:01:03,292 [grpc-default-executor-3] INFO  metrics.RatisMetrics (RatisMetrics.java:lambda$create$0(36)) - Creating Metrics Registry : ratis.server_message_metrics.f5800447-0e6f-4f9e-a68b-d392c1661b2f
2021-01-18 04:01:03,300 [grpc-default-executor-3] INFO  server.RaftServer (RaftServerProxy.java:addNew(95)) - f5800447-0e6f-4f9e-a68b-d392c1661b2f: addNew group-441A50764A11:[418e6855-184b-4135-9b3f-1bec60925ac4|rpc:172.17.0.2:35341|dataStream:|priority:1, f5800447-0e6f-4f9e-a68b-d392c1661b2f|rpc:172.17.0.2:42137|dataStream:|priority:0, df0f9015-da7a-4d9e-bc36-4c543188710b|rpc:172.17.0.2:40651|dataStream:|priority:0] returns group-441A50764A11:java.util.concurrent.CompletableFuture@4570024d[Not completed]
2021-01-18 04:01:03,344 [pool-99-thread-1] INFO  server.RaftServer$Division (RaftServerImpl.java:<init>(179)) - f5800447-0e6f-4f9e-a68b-d392c1661b2f: new RaftServerImpl for group-441A50764A11:[418e6855-184b-4135-9b3f-1bec60925ac4|rpc:172.17.0.2:35341|dataStream:|priority:1, f5800447-0e6f-4f9e-a68b-d392c1661b2f|rpc:172.17.0.2:42137|dataStream:|priority:0, df0f9015-da7a-4d9e-bc36-4c543188710b|rpc:172.17.0.2:40651|dataStream:|priority:0] with ContainerStateMachine:uninitialized
2021-01-18 04:01:03,344 [pool-99-thread-1] INFO  server.RaftServerConfigKeys (ConfUtils.java:logGet(44)) - raft.server.rpc.timeout.min = 5s (custom)
2021-01-18 04:01:03,345 [pool-99-thread-1] INFO  server.RaftServerConfigKeys (ConfUtils.java:logGet(44)) - raft.server.rpc.timeout.max = 5200ms (custom)
2021-01-18 04:01:03,345 [pool-99-thread-1] INFO  server.RaftServerConfigKeys (ConfUtils.java:logGet(44)) - raft.server.rpc.sleep.time = 25ms (default)
2021-01-18 04:01:03,345 [pool-99-thread-1] INFO  server.RaftServerConfigKeys (ConfUtils.java:logGet(44)) - raft.server.rpc.slowness.timeout = 300s (custom)
2021-01-18 04:01:03,345 [pool-99-thread-1] INFO  server.RaftServerConfigKeys (ConfUtils.java:logGet(44)) - raft.server.leaderelection.leader.step-down.wait-time = 10s (default)
2021-01-18 04:01:03,345 [pool-99-thread-1] INFO  server.RaftServerConfigKeys (ConfUtils.java:logGet(44)) - raft.server.sleep.deviation.threshold = 300ms (default)
2021-01-18 04:01:03,345 [pool-99-thread-1] INFO  server.RaftServerConfigKeys (ConfUtils.java:logGet(44)) - raft.server.log.appender.install.snapshot.enabled = false (custom)
2021-01-18 04:01:03,345 [pool-99-thread-1] INFO  server.RaftServer$Division (ServerState.java:<init>(103)) - f5800447-0e6f-4f9e-a68b-d392c1661b2f@group-441A50764A11: ConfigurationManager, init=-1: [418e6855-184b-4135-9b3f-1bec60925ac4|rpc:172.17.0.2:35341|dataStream:|priority:1, f5800447-0e6f-4f9e-a68b-d392c1661b2f|rpc:172.17.0.2:42137|dataStream:|priority:0, df0f9015-da7a-4d9e-bc36-4c543188710b|rpc:172.17.0.2:40651|dataStream:|priority:0], old=null, confs=<EMPTY_MAP>
2021-01-18 04:01:03,345 [pool-99-thread-1] INFO  server.RaftServerConfigKeys (ConfUtils.java:logGet(44)) - raft.server.storage.dir = [/github/workspace/mnt/ozone/hadoop-ozone/integration-test/target/test-dir/MiniOzoneClusterImpl-5bc51996-b728-448b-b7ee-2f27b8cece2b/datanode-2/data/ratis] (custom)
2021-01-18 04:01:03,345 [pool-99-thread-1] INFO  server.RaftServerConfigKeys (ConfUtils.java:logGet(44)) - raft.server.log.corruption.policy = EXCEPTION (default)
2021-01-18 04:01:03,345 [pool-99-thread-1] INFO  storage.RaftStorageDirectory (RaftStorageDirectoryImpl.java:analyzeStorage(132)) - The storage directory /github/workspace/mnt/ozone/hadoop-ozone/integration-test/target/test-dir/MiniOzoneClusterImpl-5bc51996-b728-448b-b7ee-2f27b8cece2b/datanode-2/data/ratis/4570ca6b-7f19-4027-8dc5-441a50764a11 does not exist. Creating ...
2021-01-18 04:01:03,346 [pool-99-thread-1] INFO  storage.RaftStorageDirectory (RaftStorageDirectoryImpl.java:tryLock(215)) - Lock on /github/workspace/mnt/ozone/hadoop-ozone/integration-test/target/test-dir/MiniOzoneClusterImpl-5bc51996-b728-448b-b7ee-2f27b8cece2b/datanode-2/data/ratis/4570ca6b-7f19-4027-8dc5-441a50764a11/in_use.lock acquired by nodename 30197@d01bdcf5d4c9
2021-01-18 04:01:03,349 [pool-99-thread-1] INFO  storage.RaftStorage (RaftStorageImpl.java:format(87)) - Storage directory /github/workspace/mnt/ozone/hadoop-ozone/integration-test/target/test-dir/MiniOzoneClusterImpl-5bc51996-b728-448b-b7ee-2f27b8cece2b/datanode-2/data/ratis/4570ca6b-7f19-4027-8dc5-441a50764a11 has been successfully formatted.
2021-01-18 04:01:03,350 [pool-99-thread-1] INFO  ratis.ContainerStateMachine (ContainerStateMachine.java:loadSnapshot(223)) - group-441A50764A11: The snapshot info is null. Setting the last applied indexto:(t:0, i:~)
2021-01-18 04:01:03,350 [pool-99-thread-1] ERROR storage.RaftStorage (RaftStorageImpl.java:readRaftConfiguration(147)) - Failed reading configuration from file:/github/workspace/mnt/ozone/hadoop-ozone/integration-test/target/test-dir/MiniOzoneClusterImpl-5bc51996-b728-448b-b7ee-2f27b8cece2b/datanode-2/data/ratis/4570ca6b-7f19-4027-8dc5-441a50764a11/current/raft-meta.conf
java.io.FileNotFoundException: /github/workspace/mnt/ozone/hadoop-ozone/integration-test/target/test-dir/MiniOzoneClusterImpl-5bc51996-b728-448b-b7ee-2f27b8cece2b/datanode-2/data/ratis/4570ca6b-7f19-4027-8dc5-441a50764a11/current/raft-meta.conf (No such file or directory)
	at java.io.FileInputStream.open0(Native Method)
	at java.io.FileInputStream.open(FileInputStream.java:195)
	at java.io.FileInputStream.<init>(FileInputStream.java:138)
	at org.apache.ratis.server.storage.RaftStorageImpl.readRaftConfiguration(RaftStorageImpl.java:143)
	at org.apache.ratis.server.impl.ServerState.<init>(ServerState.java:113)
	at org.apache.ratis.server.impl.RaftServerImpl.<init>(RaftServerImpl.java:192)
	at org.apache.ratis.server.impl.RaftServerProxy.lambda$newRaftServerImpl$4(RaftServerProxy.java:266)
	at java.util.concurrent.CompletableFuture$AsyncSupply.run(CompletableFuture.java:1604)
	at java.util.concurrent.ThreadPoolExecutor.runWorker(ThreadPoolExecutor.java:1149)
	at java.util.concurrent.ThreadPoolExecutor$Worker.run(ThreadPoolExecutor.java:624)
	at java.lang.Thread.run(Thread.java:748)
2021-01-18 04:01:03,350 [pool-99-thread-1] INFO  server.RaftServerConfigKeys (ConfUtils.java:logGet(44)) - raft.server.notification.no-leader.timeout = 300s (custom)
2021-01-18 04:01:03,350 [pool-99-thread-1] INFO  server.RaftServerConfigKeys (ConfUtils.java:logGet(44)) - raft.server.log.use.memory = false (default)
2021-01-18 04:01:03,350 [pool-99-thread-1] INFO  server.RaftServerConfigKeys (ConfUtils.java:logGet(44)) - raft.server.log.purge.gap = 1000000 (custom)
2021-01-18 04:01:03,350 [pool-99-thread-1] INFO  server.RaftServerConfigKeys (ConfUtils.java:logGet(44)) - raft.server.log.appender.buffer.byte-limit = 33554432 (custom)
2021-01-18 04:01:03,350 [pool-99-thread-1] INFO  metrics.RatisMetrics (RatisMetrics.java:lambda$create$0(36)) - Creating Metrics Registry : ratis.log_worker.f5800447-0e6f-4f9e-a68b-d392c1661b2f@group-441A50764A11
2021-01-18 04:01:03,350 [pool-99-thread-1] INFO  server.RaftServerConfigKeys (ConfUtils.java:logGet(44)) - raft.server.log.segment.size.max = 1048576 (custom)
2021-01-18 04:01:03,351 [pool-99-thread-1] INFO  server.RaftServerConfigKeys (ConfUtils.java:logGet(44)) - raft.server.log.segment.cache.num.max = 2 (custom)
2021-01-18 04:01:03,351 [pool-99-thread-1] INFO  server.RaftServerConfigKeys (ConfUtils.java:logGet(44)) - raft.server.log.segment.cache.size.max = 200MB (=209715200) (default)
2021-01-18 04:01:03,351 [pool-99-thread-1] INFO  segmented.SegmentedRaftLogWorker (SegmentedRaftLogWorker.java:<init>(181)) - new f5800447-0e6f-4f9e-a68b-d392c1661b2f@group-441A50764A11-SegmentedRaftLogWorker for RaftStorageImpl:Storage Directory /github/workspace/mnt/ozone/hadoop-ozone/integration-test/target/test-dir/MiniOzoneClusterImpl-5bc51996-b728-448b-b7ee-2f27b8cece2b/datanode-2/data/ratis/4570ca6b-7f19-4027-8dc5-441a50764a11
2021-01-18 04:01:03,351 [pool-99-thread-1] INFO  server.RaftServerConfigKeys (ConfUtils.java:logGet(44)) - raft.server.log.queue.byte-limit = 2147483647 (custom)
2021-01-18 04:01:03,351 [pool-99-thread-1] INFO  server.RaftServerConfigKeys (ConfUtils.java:logGet(44)) - raft.server.log.queue.element-limit = 1024 (custom)
2021-01-18 04:01:03,351 [pool-99-thread-1] INFO  server.RaftServerConfigKeys (ConfUtils.java:logGet(44)) - raft.server.log.segment.size.max = 1048576 (custom)
2021-01-18 04:01:03,351 [pool-99-thread-1] INFO  server.RaftServerConfigKeys (ConfUtils.java:logGet(44)) - raft.server.log.preallocated.size = 16384 (custom)
2021-01-18 04:01:03,351 [pool-99-thread-1] INFO  server.RaftServerConfigKeys (ConfUtils.java:logGet(44)) - raft.server.log.force.sync.num = 128 (default)
2021-01-18 04:01:03,351 [pool-99-thread-1] INFO  server.RaftServerConfigKeys (ConfUtils.java:logGet(44)) - raft.server.log.statemachine.data.sync = true (default)
2021-01-18 04:01:03,351 [pool-99-thread-1] INFO  server.RaftServerConfigKeys (ConfUtils.java:logGet(44)) - raft.server.log.statemachine.data.sync.timeout = 10s (default)
2021-01-18 04:01:03,351 [pool-99-thread-1] INFO  server.RaftServerConfigKeys (ConfUtils.java:logGet(44)) - raft.server.log.statemachine.data.sync.timeout.retry = -1 (default)
2021-01-18 04:01:03,352 [pool-99-thread-1] INFO  server.RaftServerConfigKeys (ConfUtils.java:logGet(44)) - raft.server.log.write.buffer.size = 1048576 (custom)
2021-01-18 04:01:03,353 [pool-99-thread-1] INFO  server.RaftServerConfigKeys (ConfUtils.java:logGet(44)) - raft.server.log.statemachine.data.caching.enabled = true (custom)
2021-01-18 04:01:03,353 [pool-99-thread-1] INFO  segmented.SegmentedRaftLogWorker (SegmentedRaftLogWorker.java:lambda$new$0(132)) - f5800447-0e6f-4f9e-a68b-d392c1661b2f@group-441A50764A11-SegmentedRaftLogWorker: flushIndex: setUnconditionally 0 -> -1
2021-01-18 04:01:03,353 [pool-99-thread-1] INFO  segmented.SegmentedRaftLogWorker (SegmentedRaftLogWorker.java:lambda$new$0(132)) - f5800447-0e6f-4f9e-a68b-d392c1661b2f@group-441A50764A11-SegmentedRaftLogWorker: safeCacheEvictIndex: setUnconditionally 0 -> -1
2021-01-18 04:01:03,355 [pool-99-thread-1] INFO  server.RaftServerConfigKeys (ConfUtils.java:logGet(44)) - raft.server.snapshot.auto.trigger.enabled = true (custom)
2021-01-18 04:01:03,355 [pool-99-thread-1] INFO  server.RaftServerConfigKeys (ConfUtils.java:logGet(44)) - raft.server.snapshot.auto.trigger.threshold = 10000 (custom)
2021-01-18 04:01:03,355 [pool-99-thread-1] INFO  server.RaftServerConfigKeys (ConfUtils.java:logGet(44)) - raft.server.snapshot.retention.file.num = 5 (custom)
2021-01-18 04:01:03,355 [pool-99-thread-1] INFO  server.RaftServerConfigKeys (ConfUtils.java:logGet(44)) - raft.server.log.purge.upto.snapshot.index = false (default)
2021-01-18 04:01:03,355 [pool-99-thread-1] INFO  server.RaftServerConfigKeys (ConfUtils.java:logGet(44)) - raft.server.retrycache.expirytime = 600000ms (custom)
2021-01-18 04:01:03,355 [pool-99-thread-1] INFO  server.RaftServerConfigKeys (ConfUtils.java:logGet(44)) - raft.server.retrycache.statistics.expirytime = 100?s (default)
2021-01-18 04:01:03,355 [pool-99-thread-1] INFO  metrics.RatisMetrics (RatisMetrics.java:lambda$create$0(36)) - Creating Metrics Registry : ratis.leader_election.f5800447-0e6f-4f9e-a68b-d392c1661b2f@group-441A50764A11
2021-01-18 04:01:03,356 [pool-99-thread-1] INFO  metrics.RatisMetrics (RatisMetrics.java:lambda$create$0(36)) - Creating Metrics Registry : ratis.server.f5800447-0e6f-4f9e-a68b-d392c1661b2f@group-441A50764A11
2021-01-18 04:01:03,356 [pool-99-thread-1] INFO  server.RaftServer$Division (RaftServerImpl.java:start(294)) - f5800447-0e6f-4f9e-a68b-d392c1661b2f@group-441A50764A11: start as a follower, conf=-1: [418e6855-184b-4135-9b3f-1bec60925ac4|rpc:172.17.0.2:35341|dataStream:|priority:1, f5800447-0e6f-4f9e-a68b-d392c1661b2f|rpc:172.17.0.2:42137|dataStream:|priority:0, df0f9015-da7a-4d9e-bc36-4c543188710b|rpc:172.17.0.2:40651|dataStream:|priority:0], old=null
2021-01-18 04:01:03,356 [pool-99-thread-1] INFO  server.RaftServer$Division (RaftServerImpl.java:setRole(283)) - f5800447-0e6f-4f9e-a68b-d392c1661b2f@group-441A50764A11: changes role from      null to FOLLOWER at term 0 for startAsFollower
2021-01-18 04:01:03,356 [pool-99-thread-1] INFO  impl.RoleInfo (RoleInfo.java:updateAndGet(130)) - f5800447-0e6f-4f9e-a68b-d392c1661b2f: start f5800447-0e6f-4f9e-a68b-d392c1661b2f@group-441A50764A11-FollowerState
2021-01-18 04:01:03,369 [EventQueue-PipelineReportForOneReplicaPipelineSafeModeRule] INFO  safemode.SCMSafeModeManager (SCMSafeModeManager.java:validateSafeModeExitRules(214)) - AtleastOneDatanodeReportedRule rule is successfully validated
2021-01-18 04:01:03,369 [pool-99-thread-1] INFO  util.JmxRegister (JmxRegister.java:tryRegister(44)) - Successfully registered JMX Bean with object name Ratis:service=RaftServer,group=group-441A50764A11,id=f5800447-0e6f-4f9e-a68b-d392c1661b2f
2021-01-18 04:01:03,369 [pool-99-thread-1] INFO  metrics.RatisMetrics (RatisMetrics.java:lambda$create$0(36)) - Creating Metrics Registry : ratis.state_machine.f5800447-0e6f-4f9e-a68b-d392c1661b2f@group-441A50764A11
2021-01-18 04:01:03,392 [Command processor thread] INFO  commandhandler.CreatePipelineCommandHandler (CreatePipelineCommandHandler.java:handle(106)) - Created Pipeline RATIS THREE PipelineID=4570ca6b-7f19-4027-8dc5-441a50764a11.
2021-01-18 04:01:03,392 [Command processor thread] INFO  server.RaftServer (RaftServerProxy.java:addNew(95)) - df0f9015-da7a-4d9e-bc36-4c543188710b: addNew group-C715DC14BD3A:[418e6855-184b-4135-9b3f-1bec60925ac4|rpc:172.17.0.2:35341|priority:0, f5800447-0e6f-4f9e-a68b-d392c1661b2f|rpc:172.17.0.2:42137|priority:1, df0f9015-da7a-4d9e-bc36-4c543188710b|rpc:172.17.0.2:40651|priority:0] returns group-C715DC14BD3A:java.util.concurrent.CompletableFuture@552852ae[Not completed]
2021-01-18 04:01:03,393 [pool-67-thread-1] INFO  server.RaftServer$Division (RaftServerImpl.java:<init>(179)) - df0f9015-da7a-4d9e-bc36-4c543188710b: new RaftServerImpl for group-C715DC14BD3A:[418e6855-184b-4135-9b3f-1bec60925ac4|rpc:172.17.0.2:35341|priority:0, f5800447-0e6f-4f9e-a68b-d392c1661b2f|rpc:172.17.0.2:42137|priority:1, df0f9015-da7a-4d9e-bc36-4c543188710b|rpc:172.17.0.2:40651|priority:0] with ContainerStateMachine:uninitialized
2021-01-18 04:01:03,394 [pool-67-thread-1] INFO  server.RaftServerConfigKeys (ConfUtils.java:logGet(44)) - raft.server.rpc.timeout.min = 5s (custom)
2021-01-18 04:01:03,394 [pool-67-thread-1] INFO  server.RaftServerConfigKeys (ConfUtils.java:logGet(44)) - raft.server.rpc.timeout.max = 5200ms (custom)
2021-01-18 04:01:03,394 [pool-67-thread-1] INFO  server.RaftServerConfigKeys (ConfUtils.java:logGet(44)) - raft.server.rpc.sleep.time = 25ms (default)
2021-01-18 04:01:03,394 [pool-67-thread-1] INFO  server.RaftServerConfigKeys (ConfUtils.java:logGet(44)) - raft.server.rpc.slowness.timeout = 300s (custom)
2021-01-18 04:01:03,394 [pool-67-thread-1] INFO  server.RaftServerConfigKeys (ConfUtils.java:logGet(44)) - raft.server.leaderelection.leader.step-down.wait-time = 10s (default)
2021-01-18 04:01:03,394 [pool-67-thread-1] INFO  server.RaftServerConfigKeys (ConfUtils.java:logGet(44)) - raft.server.sleep.deviation.threshold = 300ms (default)
2021-01-18 04:01:03,394 [pool-67-thread-1] INFO  server.RaftServerConfigKeys (ConfUtils.java:logGet(44)) - raft.server.log.appender.install.snapshot.enabled = false (custom)
2021-01-18 04:01:03,394 [pool-67-thread-1] INFO  server.RaftServer$Division (ServerState.java:<init>(103)) - df0f9015-da7a-4d9e-bc36-4c543188710b@group-C715DC14BD3A: ConfigurationManager, init=-1: [418e6855-184b-4135-9b3f-1bec60925ac4|rpc:172.17.0.2:35341|priority:0, f5800447-0e6f-4f9e-a68b-d392c1661b2f|rpc:172.17.0.2:42137|priority:1, df0f9015-da7a-4d9e-bc36-4c543188710b|rpc:172.17.0.2:40651|priority:0], old=null, confs=<EMPTY_MAP>
2021-01-18 04:01:03,394 [pool-67-thread-1] INFO  server.RaftServerConfigKeys (ConfUtils.java:logGet(44)) - raft.server.storage.dir = [/github/workspace/mnt/ozone/hadoop-ozone/integration-test/target/test-dir/MiniOzoneClusterImpl-5bc51996-b728-448b-b7ee-2f27b8cece2b/datanode-0/data/ratis] (custom)
2021-01-18 04:01:03,394 [pool-67-thread-1] INFO  server.RaftServerConfigKeys (ConfUtils.java:logGet(44)) - raft.server.log.corruption.policy = EXCEPTION (default)
2021-01-18 04:01:03,394 [pool-67-thread-1] INFO  storage.RaftStorageDirectory (RaftStorageDirectoryImpl.java:analyzeStorage(132)) - The storage directory /github/workspace/mnt/ozone/hadoop-ozone/integration-test/target/test-dir/MiniOzoneClusterImpl-5bc51996-b728-448b-b7ee-2f27b8cece2b/datanode-0/data/ratis/27ad5cbd-550a-4350-97ab-c715dc14bd3a does not exist. Creating ...
2021-01-18 04:01:03,396 [pool-67-thread-1] INFO  storage.RaftStorageDirectory (RaftStorageDirectoryImpl.java:tryLock(215)) - Lock on /github/workspace/mnt/ozone/hadoop-ozone/integration-test/target/test-dir/MiniOzoneClusterImpl-5bc51996-b728-448b-b7ee-2f27b8cece2b/datanode-0/data/ratis/27ad5cbd-550a-4350-97ab-c715dc14bd3a/in_use.lock acquired by nodename 30197@d01bdcf5d4c9
2021-01-18 04:01:03,399 [pool-67-thread-1] INFO  storage.RaftStorage (RaftStorageImpl.java:format(87)) - Storage directory /github/workspace/mnt/ozone/hadoop-ozone/integration-test/target/test-dir/MiniOzoneClusterImpl-5bc51996-b728-448b-b7ee-2f27b8cece2b/datanode-0/data/ratis/27ad5cbd-550a-4350-97ab-c715dc14bd3a has been successfully formatted.
2021-01-18 04:01:03,399 [pool-67-thread-1] INFO  ratis.ContainerStateMachine (ContainerStateMachine.java:loadSnapshot(223)) - group-C715DC14BD3A: The snapshot info is null. Setting the last applied indexto:(t:0, i:~)
2021-01-18 04:01:03,399 [pool-67-thread-1] ERROR storage.RaftStorage (RaftStorageImpl.java:readRaftConfiguration(147)) - Failed reading configuration from file:/github/workspace/mnt/ozone/hadoop-ozone/integration-test/target/test-dir/MiniOzoneClusterImpl-5bc51996-b728-448b-b7ee-2f27b8cece2b/datanode-0/data/ratis/27ad5cbd-550a-4350-97ab-c715dc14bd3a/current/raft-meta.conf
java.io.FileNotFoundException: /github/workspace/mnt/ozone/hadoop-ozone/integration-test/target/test-dir/MiniOzoneClusterImpl-5bc51996-b728-448b-b7ee-2f27b8cece2b/datanode-0/data/ratis/27ad5cbd-550a-4350-97ab-c715dc14bd3a/current/raft-meta.conf (No such file or directory)
	at java.io.FileInputStream.open0(Native Method)
	at java.io.FileInputStream.open(FileInputStream.java:195)
	at java.io.FileInputStream.<init>(FileInputStream.java:138)
	at org.apache.ratis.server.storage.RaftStorageImpl.readRaftConfiguration(RaftStorageImpl.java:143)
	at org.apache.ratis.server.impl.ServerState.<init>(ServerState.java:113)
	at org.apache.ratis.server.impl.RaftServerImpl.<init>(RaftServerImpl.java:192)
	at org.apache.ratis.server.impl.RaftServerProxy.lambda$newRaftServerImpl$4(RaftServerProxy.java:266)
	at java.util.concurrent.CompletableFuture$AsyncSupply.run(CompletableFuture.java:1604)
	at java.util.concurrent.ThreadPoolExecutor.runWorker(ThreadPoolExecutor.java:1149)
	at java.util.concurrent.ThreadPoolExecutor$Worker.run(ThreadPoolExecutor.java:624)
	at java.lang.Thread.run(Thread.java:748)
2021-01-18 04:01:03,400 [pool-67-thread-1] INFO  server.RaftServerConfigKeys (ConfUtils.java:logGet(44)) - raft.server.notification.no-leader.timeout = 300s (custom)
2021-01-18 04:01:03,400 [pool-67-thread-1] INFO  server.RaftServerConfigKeys (ConfUtils.java:logGet(44)) - raft.server.log.use.memory = false (default)
2021-01-18 04:01:03,400 [pool-67-thread-1] INFO  server.RaftServerConfigKeys (ConfUtils.java:logGet(44)) - raft.server.log.purge.gap = 1000000 (custom)
2021-01-18 04:01:03,400 [pool-67-thread-1] INFO  server.RaftServerConfigKeys (ConfUtils.java:logGet(44)) - raft.server.log.appender.buffer.byte-limit = 33554432 (custom)
2021-01-18 04:01:03,400 [pool-67-thread-1] INFO  metrics.RatisMetrics (RatisMetrics.java:lambda$create$0(36)) - Creating Metrics Registry : ratis.log_worker.df0f9015-da7a-4d9e-bc36-4c543188710b@group-C715DC14BD3A
2021-01-18 04:01:03,400 [pool-67-thread-1] INFO  server.RaftServerConfigKeys (ConfUtils.java:logGet(44)) - raft.server.log.segment.size.max = 1048576 (custom)
2021-01-18 04:01:03,400 [pool-67-thread-1] INFO  server.RaftServerConfigKeys (ConfUtils.java:logGet(44)) - raft.server.log.segment.cache.num.max = 2 (custom)
2021-01-18 04:01:03,401 [pool-67-thread-1] INFO  server.RaftServerConfigKeys (ConfUtils.java:logGet(44)) - raft.server.log.segment.cache.size.max = 200MB (=209715200) (default)
2021-01-18 04:01:03,401 [pool-67-thread-1] INFO  segmented.SegmentedRaftLogWorker (SegmentedRaftLogWorker.java:<init>(181)) - new df0f9015-da7a-4d9e-bc36-4c543188710b@group-C715DC14BD3A-SegmentedRaftLogWorker for RaftStorageImpl:Storage Directory /github/workspace/mnt/ozone/hadoop-ozone/integration-test/target/test-dir/MiniOzoneClusterImpl-5bc51996-b728-448b-b7ee-2f27b8cece2b/datanode-0/data/ratis/27ad5cbd-550a-4350-97ab-c715dc14bd3a
2021-01-18 04:01:03,401 [pool-67-thread-1] INFO  server.RaftServerConfigKeys (ConfUtils.java:logGet(44)) - raft.server.log.queue.byte-limit = 2147483647 (custom)
2021-01-18 04:01:03,401 [pool-67-thread-1] INFO  server.RaftServerConfigKeys (ConfUtils.java:logGet(44)) - raft.server.log.queue.element-limit = 1024 (custom)
2021-01-18 04:01:03,401 [pool-67-thread-1] INFO  server.RaftServerConfigKeys (ConfUtils.java:logGet(44)) - raft.server.log.segment.size.max = 1048576 (custom)
2021-01-18 04:01:03,401 [pool-67-thread-1] INFO  server.RaftServerConfigKeys (ConfUtils.java:logGet(44)) - raft.server.log.preallocated.size = 16384 (custom)
2021-01-18 04:01:03,401 [pool-67-thread-1] INFO  server.RaftServerConfigKeys (ConfUtils.java:logGet(44)) - raft.server.log.force.sync.num = 128 (default)
2021-01-18 04:01:03,401 [pool-67-thread-1] INFO  server.RaftServerConfigKeys (ConfUtils.java:logGet(44)) - raft.server.log.statemachine.data.sync = true (default)
2021-01-18 04:01:03,401 [pool-67-thread-1] INFO  server.RaftServerConfigKeys (ConfUtils.java:logGet(44)) - raft.server.log.statemachine.data.sync.timeout = 10s (default)
2021-01-18 04:01:03,401 [pool-67-thread-1] INFO  server.RaftServerConfigKeys (ConfUtils.java:logGet(44)) - raft.server.log.statemachine.data.sync.timeout.retry = -1 (default)
2021-01-18 04:01:03,402 [pool-67-thread-1] INFO  server.RaftServerConfigKeys (ConfUtils.java:logGet(44)) - raft.server.log.write.buffer.size = 1048576 (custom)
2021-01-18 04:01:03,402 [pool-67-thread-1] INFO  server.RaftServerConfigKeys (ConfUtils.java:logGet(44)) - raft.server.log.statemachine.data.caching.enabled = true (custom)
2021-01-18 04:01:03,404 [EventQueue-PipelineReportForOneReplicaPipelineSafeModeRule] INFO  safemode.SCMSafeModeManager (SCMSafeModeManager.java:validateSafeModeExitRules(214)) - AtleastOneDatanodeReportedRule rule is successfully validated
2021-01-18 04:01:03,404 [EventQueue-OpenPipelineForHealthyPipelineSafeModeRule] INFO  safemode.SCMSafeModeManager (HealthyPipelineSafeModeRule.java:process(128)) - SCM in safe mode. Healthy pipelines reported count is 0, required healthy pipeline reported count is 1
2021-01-18 04:01:03,405 [pool-67-thread-1] INFO  segmented.SegmentedRaftLogWorker (SegmentedRaftLogWorker.java:lambda$new$0(132)) - df0f9015-da7a-4d9e-bc36-4c543188710b@group-C715DC14BD3A-SegmentedRaftLogWorker: flushIndex: setUnconditionally 0 -> -1
2021-01-18 04:01:03,406 [pool-67-thread-1] INFO  segmented.SegmentedRaftLogWorker (SegmentedRaftLogWorker.java:lambda$new$0(132)) - df0f9015-da7a-4d9e-bc36-4c543188710b@group-C715DC14BD3A-SegmentedRaftLogWorker: safeCacheEvictIndex: setUnconditionally 0 -> -1
2021-01-18 04:01:03,406 [pool-67-thread-1] INFO  server.RaftServerConfigKeys (ConfUtils.java:logGet(44)) - raft.server.snapshot.auto.trigger.enabled = true (custom)
2021-01-18 04:01:03,406 [pool-67-thread-1] INFO  server.RaftServerConfigKeys (ConfUtils.java:logGet(44)) - raft.server.snapshot.auto.trigger.threshold = 10000 (custom)
2021-01-18 04:01:03,406 [pool-67-thread-1] INFO  server.RaftServerConfigKeys (ConfUtils.java:logGet(44)) - raft.server.snapshot.retention.file.num = 5 (custom)
2021-01-18 04:01:03,406 [pool-67-thread-1] INFO  server.RaftServerConfigKeys (ConfUtils.java:logGet(44)) - raft.server.log.purge.upto.snapshot.index = false (default)
2021-01-18 04:01:03,406 [pool-67-thread-1] INFO  server.RaftServerConfigKeys (ConfUtils.java:logGet(44)) - raft.server.retrycache.expirytime = 600000ms (custom)
2021-01-18 04:01:03,406 [pool-67-thread-1] INFO  server.RaftServerConfigKeys (ConfUtils.java:logGet(44)) - raft.server.retrycache.statistics.expirytime = 100?s (default)
2021-01-18 04:01:03,406 [pool-67-thread-1] INFO  metrics.RatisMetrics (RatisMetrics.java:lambda$create$0(36)) - Creating Metrics Registry : ratis.leader_election.df0f9015-da7a-4d9e-bc36-4c543188710b@group-C715DC14BD3A
2021-01-18 04:01:03,406 [pool-67-thread-1] INFO  metrics.RatisMetrics (RatisMetrics.java:lambda$create$0(36)) - Creating Metrics Registry : ratis.server.df0f9015-da7a-4d9e-bc36-4c543188710b@group-C715DC14BD3A
2021-01-18 04:01:03,407 [pool-67-thread-1] INFO  server.RaftServer$Division (RaftServerImpl.java:start(294)) - df0f9015-da7a-4d9e-bc36-4c543188710b@group-C715DC14BD3A: start as a follower, conf=-1: [418e6855-184b-4135-9b3f-1bec60925ac4|rpc:172.17.0.2:35341|priority:0, f5800447-0e6f-4f9e-a68b-d392c1661b2f|rpc:172.17.0.2:42137|priority:1, df0f9015-da7a-4d9e-bc36-4c543188710b|rpc:172.17.0.2:40651|priority:0], old=null
2021-01-18 04:01:03,407 [pool-67-thread-1] INFO  server.RaftServer$Division (RaftServerImpl.java:setRole(283)) - df0f9015-da7a-4d9e-bc36-4c543188710b@group-C715DC14BD3A: changes role from      null to FOLLOWER at term 0 for startAsFollower
2021-01-18 04:01:03,407 [pool-67-thread-1] INFO  impl.RoleInfo (RoleInfo.java:updateAndGet(130)) - df0f9015-da7a-4d9e-bc36-4c543188710b: start df0f9015-da7a-4d9e-bc36-4c543188710b@group-C715DC14BD3A-FollowerState
2021-01-18 04:01:03,412 [pool-67-thread-1] INFO  util.JmxRegister (JmxRegister.java:tryRegister(44)) - Successfully registered JMX Bean with object name Ratis:service=RaftServer,group=group-C715DC14BD3A,id=df0f9015-da7a-4d9e-bc36-4c543188710b
2021-01-18 04:01:03,412 [pool-67-thread-1] INFO  metrics.RatisMetrics (RatisMetrics.java:lambda$create$0(36)) - Creating Metrics Registry : ratis.state_machine.df0f9015-da7a-4d9e-bc36-4c543188710b@group-C715DC14BD3A
2021-01-18 04:01:03,417 [Command processor thread] INFO  metrics.RatisMetrics (RatisMetrics.java:lambda$create$0(36)) - Creating Metrics Registry : ratis.client_message_metrics.client-1272E4E616B9->418e6855-184b-4135-9b3f-1bec60925ac4
2021-01-18 04:01:03,426 [Command processor thread] INFO  server.RaftServer (RaftServerProxy.java:addNew(95)) - 418e6855-184b-4135-9b3f-1bec60925ac4: addNew group-632E4C200255:[418e6855-184b-4135-9b3f-1bec60925ac4|rpc:172.17.0.2:35341|priority:1] returns group-632E4C200255:java.util.concurrent.CompletableFuture@4467d176[Not completed]
2021-01-18 04:01:03,427 [grpc-default-executor-3] INFO  server.RaftServer (RaftServerProxy.java:addNew(95)) - 418e6855-184b-4135-9b3f-1bec60925ac4: addNew group-C715DC14BD3A:[418e6855-184b-4135-9b3f-1bec60925ac4|rpc:172.17.0.2:35341|dataStream:|priority:0, f5800447-0e6f-4f9e-a68b-d392c1661b2f|rpc:172.17.0.2:42137|dataStream:|priority:1, df0f9015-da7a-4d9e-bc36-4c543188710b|rpc:172.17.0.2:40651|dataStream:|priority:0] returns group-C715DC14BD3A:java.util.concurrent.CompletableFuture@5eb3a4af[Not completed]
2021-01-18 04:01:03,428 [pool-82-thread-1] INFO  server.RaftServer$Division (RaftServerImpl.java:<init>(179)) - 418e6855-184b-4135-9b3f-1bec60925ac4: new RaftServerImpl for group-632E4C200255:[418e6855-184b-4135-9b3f-1bec60925ac4|rpc:172.17.0.2:35341|priority:1] with ContainerStateMachine:uninitialized
2021-01-18 04:01:03,428 [pool-82-thread-1] INFO  server.RaftServerConfigKeys (ConfUtils.java:logGet(44)) - raft.server.rpc.timeout.min = 5s (custom)
2021-01-18 04:01:03,428 [pool-82-thread-1] INFO  server.RaftServerConfigKeys (ConfUtils.java:logGet(44)) - raft.server.rpc.timeout.max = 5200ms (custom)
2021-01-18 04:01:03,428 [pool-82-thread-1] INFO  server.RaftServerConfigKeys (ConfUtils.java:logGet(44)) - raft.server.rpc.sleep.time = 25ms (default)
2021-01-18 04:01:03,428 [pool-82-thread-1] INFO  server.RaftServerConfigKeys (ConfUtils.java:logGet(44)) - raft.server.rpc.slowness.timeout = 300s (custom)
2021-01-18 04:01:03,428 [pool-82-thread-1] INFO  server.RaftServerConfigKeys (ConfUtils.java:logGet(44)) - raft.server.leaderelection.leader.step-down.wait-time = 10s (default)
2021-01-18 04:01:03,428 [pool-82-thread-1] INFO  server.RaftServerConfigKeys (ConfUtils.java:logGet(44)) - raft.server.sleep.deviation.threshold = 300ms (default)
2021-01-18 04:01:03,429 [pool-82-thread-1] INFO  server.RaftServerConfigKeys (ConfUtils.java:logGet(44)) - raft.server.log.appender.install.snapshot.enabled = false (custom)
2021-01-18 04:01:03,429 [pool-82-thread-1] INFO  server.RaftServer$Division (ServerState.java:<init>(103)) - 418e6855-184b-4135-9b3f-1bec60925ac4@group-632E4C200255: ConfigurationManager, init=-1: [418e6855-184b-4135-9b3f-1bec60925ac4|rpc:172.17.0.2:35341|priority:1], old=null, confs=<EMPTY_MAP>
2021-01-18 04:01:03,429 [pool-82-thread-1] INFO  server.RaftServerConfigKeys (ConfUtils.java:logGet(44)) - raft.server.storage.dir = [/github/workspace/mnt/ozone/hadoop-ozone/integration-test/target/test-dir/MiniOzoneClusterImpl-5bc51996-b728-448b-b7ee-2f27b8cece2b/datanode-1/data/ratis] (custom)
2021-01-18 04:01:03,429 [pool-82-thread-1] INFO  server.RaftServerConfigKeys (ConfUtils.java:logGet(44)) - raft.server.log.corruption.policy = EXCEPTION (default)
2021-01-18 04:01:03,429 [pool-82-thread-1] INFO  storage.RaftStorageDirectory (RaftStorageDirectoryImpl.java:analyzeStorage(132)) - The storage directory /github/workspace/mnt/ozone/hadoop-ozone/integration-test/target/test-dir/MiniOzoneClusterImpl-5bc51996-b728-448b-b7ee-2f27b8cece2b/datanode-1/data/ratis/72c2bb14-7c69-4b8a-97d7-632e4c200255 does not exist. Creating ...
2021-01-18 04:01:03,430 [pool-82-thread-1] INFO  storage.RaftStorageDirectory (RaftStorageDirectoryImpl.java:tryLock(215)) - Lock on /github/workspace/mnt/ozone/hadoop-ozone/integration-test/target/test-dir/MiniOzoneClusterImpl-5bc51996-b728-448b-b7ee-2f27b8cece2b/datanode-1/data/ratis/72c2bb14-7c69-4b8a-97d7-632e4c200255/in_use.lock acquired by nodename 30197@d01bdcf5d4c9
2021-01-18 04:01:03,439 [pool-82-thread-1] INFO  storage.RaftStorage (RaftStorageImpl.java:format(87)) - Storage directory /github/workspace/mnt/ozone/hadoop-ozone/integration-test/target/test-dir/MiniOzoneClusterImpl-5bc51996-b728-448b-b7ee-2f27b8cece2b/datanode-1/data/ratis/72c2bb14-7c69-4b8a-97d7-632e4c200255 has been successfully formatted.
2021-01-18 04:01:03,439 [pool-82-thread-1] INFO  ratis.ContainerStateMachine (ContainerStateMachine.java:loadSnapshot(223)) - group-632E4C200255: The snapshot info is null. Setting the last applied indexto:(t:0, i:~)
2021-01-18 04:01:03,439 [pool-82-thread-1] ERROR storage.RaftStorage (RaftStorageImpl.java:readRaftConfiguration(147)) - Failed reading configuration from file:/github/workspace/mnt/ozone/hadoop-ozone/integration-test/target/test-dir/MiniOzoneClusterImpl-5bc51996-b728-448b-b7ee-2f27b8cece2b/datanode-1/data/ratis/72c2bb14-7c69-4b8a-97d7-632e4c200255/current/raft-meta.conf
java.io.FileNotFoundException: /github/workspace/mnt/ozone/hadoop-ozone/integration-test/target/test-dir/MiniOzoneClusterImpl-5bc51996-b728-448b-b7ee-2f27b8cece2b/datanode-1/data/ratis/72c2bb14-7c69-4b8a-97d7-632e4c200255/current/raft-meta.conf (No such file or directory)
	at java.io.FileInputStream.open0(Native Method)
	at java.io.FileInputStream.open(FileInputStream.java:195)
	at java.io.FileInputStream.<init>(FileInputStream.java:138)
	at org.apache.ratis.server.storage.RaftStorageImpl.readRaftConfiguration(RaftStorageImpl.java:143)
	at org.apache.ratis.server.impl.ServerState.<init>(ServerState.java:113)
	at org.apache.ratis.server.impl.RaftServerImpl.<init>(RaftServerImpl.java:192)
	at org.apache.ratis.server.impl.RaftServerProxy.lambda$newRaftServerImpl$4(RaftServerProxy.java:266)
	at java.util.concurrent.CompletableFuture$AsyncSupply.run(CompletableFuture.java:1604)
	at java.util.concurrent.ThreadPoolExecutor.runWorker(ThreadPoolExecutor.java:1149)
	at java.util.concurrent.ThreadPoolExecutor$Worker.run(ThreadPoolExecutor.java:624)
	at java.lang.Thread.run(Thread.java:748)
2021-01-18 04:01:03,439 [pool-82-thread-1] INFO  server.RaftServerConfigKeys (ConfUtils.java:logGet(44)) - raft.server.notification.no-leader.timeout = 300s (custom)
2021-01-18 04:01:03,439 [pool-82-thread-1] INFO  server.RaftServerConfigKeys (ConfUtils.java:logGet(44)) - raft.server.log.use.memory = false (default)
2021-01-18 04:01:03,439 [pool-82-thread-1] INFO  server.RaftServerConfigKeys (ConfUtils.java:logGet(44)) - raft.server.log.purge.gap = 1000000 (custom)
2021-01-18 04:01:03,440 [pool-82-thread-1] INFO  server.RaftServerConfigKeys (ConfUtils.java:logGet(44)) - raft.server.log.appender.buffer.byte-limit = 33554432 (custom)
2021-01-18 04:01:03,440 [pool-82-thread-1] INFO  metrics.RatisMetrics (RatisMetrics.java:lambda$create$0(36)) - Creating Metrics Registry : ratis.log_worker.418e6855-184b-4135-9b3f-1bec60925ac4@group-632E4C200255
2021-01-18 04:01:03,440 [pool-82-thread-1] INFO  server.RaftServerConfigKeys (ConfUtils.java:logGet(44)) - raft.server.log.segment.size.max = 1048576 (custom)
2021-01-18 04:01:03,440 [pool-82-thread-1] INFO  server.RaftServerConfigKeys (ConfUtils.java:logGet(44)) - raft.server.log.segment.cache.num.max = 2 (custom)
2021-01-18 04:01:03,440 [pool-82-thread-1] INFO  server.RaftServerConfigKeys (ConfUtils.java:logGet(44)) - raft.server.log.segment.cache.size.max = 200MB (=209715200) (default)
2021-01-18 04:01:03,440 [pool-82-thread-1] INFO  segmented.SegmentedRaftLogWorker (SegmentedRaftLogWorker.java:<init>(181)) - new 418e6855-184b-4135-9b3f-1bec60925ac4@group-632E4C200255-SegmentedRaftLogWorker for RaftStorageImpl:Storage Directory /github/workspace/mnt/ozone/hadoop-ozone/integration-test/target/test-dir/MiniOzoneClusterImpl-5bc51996-b728-448b-b7ee-2f27b8cece2b/datanode-1/data/ratis/72c2bb14-7c69-4b8a-97d7-632e4c200255
2021-01-18 04:01:03,440 [pool-82-thread-1] INFO  server.RaftServerConfigKeys (ConfUtils.java:logGet(44)) - raft.server.log.queue.byte-limit = 2147483647 (custom)
2021-01-18 04:01:03,440 [pool-82-thread-1] INFO  server.RaftServerConfigKeys (ConfUtils.java:logGet(44)) - raft.server.log.queue.element-limit = 1024 (custom)
2021-01-18 04:01:03,440 [pool-82-thread-1] INFO  server.RaftServerConfigKeys (ConfUtils.java:logGet(44)) - raft.server.log.segment.size.max = 1048576 (custom)
2021-01-18 04:01:03,440 [pool-82-thread-1] INFO  server.RaftServerConfigKeys (ConfUtils.java:logGet(44)) - raft.server.log.preallocated.size = 16384 (custom)
2021-01-18 04:01:03,440 [pool-82-thread-1] INFO  server.RaftServerConfigKeys (ConfUtils.java:logGet(44)) - raft.server.log.force.sync.num = 128 (default)
2021-01-18 04:01:03,441 [pool-82-thread-1] INFO  server.RaftServerConfigKeys (ConfUtils.java:logGet(44)) - raft.server.log.statemachine.data.sync = true (default)
2021-01-18 04:01:03,441 [pool-82-thread-1] INFO  server.RaftServerConfigKeys (ConfUtils.java:logGet(44)) - raft.server.log.statemachine.data.sync.timeout = 10s (default)
2021-01-18 04:01:03,441 [pool-82-thread-1] INFO  server.RaftServerConfigKeys (ConfUtils.java:logGet(44)) - raft.server.log.statemachine.data.sync.timeout.retry = -1 (default)
2021-01-18 04:01:03,441 [pool-82-thread-1] INFO  server.RaftServerConfigKeys (ConfUtils.java:logGet(44)) - raft.server.log.write.buffer.size = 1048576 (custom)
2021-01-18 04:01:03,442 [pool-82-thread-1] INFO  server.RaftServerConfigKeys (ConfUtils.java:logGet(44)) - raft.server.log.statemachine.data.caching.enabled = true (custom)
2021-01-18 04:01:03,442 [pool-82-thread-1] INFO  segmented.SegmentedRaftLogWorker (SegmentedRaftLogWorker.java:lambda$new$0(132)) - 418e6855-184b-4135-9b3f-1bec60925ac4@group-632E4C200255-SegmentedRaftLogWorker: flushIndex: setUnconditionally 0 -> -1
2021-01-18 04:01:03,442 [pool-82-thread-1] INFO  segmented.SegmentedRaftLogWorker (SegmentedRaftLogWorker.java:lambda$new$0(132)) - 418e6855-184b-4135-9b3f-1bec60925ac4@group-632E4C200255-SegmentedRaftLogWorker: safeCacheEvictIndex: setUnconditionally 0 -> -1
2021-01-18 04:01:03,442 [pool-82-thread-1] INFO  server.RaftServerConfigKeys (ConfUtils.java:logGet(44)) - raft.server.snapshot.auto.trigger.enabled = true (custom)
2021-01-18 04:01:03,448 [pool-82-thread-1] INFO  server.RaftServerConfigKeys (ConfUtils.java:logGet(44)) - raft.server.snapshot.auto.trigger.threshold = 10000 (custom)
2021-01-18 04:01:03,448 [pool-82-thread-1] INFO  server.RaftServerConfigKeys (ConfUtils.java:logGet(44)) - raft.server.snapshot.retention.file.num = 5 (custom)
2021-01-18 04:01:03,448 [pool-82-thread-1] INFO  server.RaftServerConfigKeys (ConfUtils.java:logGet(44)) - raft.server.log.purge.upto.snapshot.index = false (default)
2021-01-18 04:01:03,448 [pool-82-thread-1] INFO  server.RaftServerConfigKeys (ConfUtils.java:logGet(44)) - raft.server.retrycache.expirytime = 600000ms (custom)
2021-01-18 04:01:03,448 [pool-82-thread-1] INFO  server.RaftServerConfigKeys (ConfUtils.java:logGet(44)) - raft.server.retrycache.statistics.expirytime = 100?s (default)
2021-01-18 04:01:03,449 [pool-82-thread-1] INFO  metrics.RatisMetrics (RatisMetrics.java:lambda$create$0(36)) - Creating Metrics Registry : ratis.leader_election.418e6855-184b-4135-9b3f-1bec60925ac4@group-632E4C200255
2021-01-18 04:01:03,449 [pool-82-thread-1] INFO  metrics.RatisMetrics (RatisMetrics.java:lambda$create$0(36)) - Creating Metrics Registry : ratis.server.418e6855-184b-4135-9b3f-1bec60925ac4@group-632E4C200255
2021-01-18 04:01:03,449 [EventQueue-PipelineReportForPipelineReportHandler] INFO  pipeline.PipelineStateManager (PipelineStateManager.java:openPipeline(132)) - Pipeline Pipeline[ Id: 72c2bb14-7c69-4b8a-97d7-632e4c200255, Nodes: 418e6855-184b-4135-9b3f-1bec60925ac4{ip: 172.17.0.2, host: d01bdcf5d4c9, networkLocation: /default-rack, certSerialId: null, persistedOpState: IN_SERVICE, persistedOpStateExpiryEpochSec: 0}, Type:RATIS, Factor:ONE, State:ALLOCATED, leaderId:418e6855-184b-4135-9b3f-1bec60925ac4, CreationTimestamp2021-01-18T04:01:00.432Z] moved to OPEN state
2021-01-18 04:01:03,450 [EventQueue-OpenPipelineForHealthyPipelineSafeModeRule] INFO  safemode.SCMSafeModeManager (HealthyPipelineSafeModeRule.java:process(128)) - SCM in safe mode. Healthy pipelines reported count is 0, required healthy pipeline reported count is 1
2021-01-18 04:01:03,449 [EventQueue-PipelineReportForOneReplicaPipelineSafeModeRule] INFO  safemode.SCMSafeModeManager (SCMSafeModeManager.java:validateSafeModeExitRules(214)) - AtleastOneDatanodeReportedRule rule is successfully validated
2021-01-18 04:01:03,454 [pool-82-thread-1] INFO  server.RaftServer$Division (RaftServerImpl.java:<init>(179)) - 418e6855-184b-4135-9b3f-1bec60925ac4: new RaftServerImpl for group-C715DC14BD3A:[418e6855-184b-4135-9b3f-1bec60925ac4|rpc:172.17.0.2:35341|dataStream:|priority:0, f5800447-0e6f-4f9e-a68b-d392c1661b2f|rpc:172.17.0.2:42137|dataStream:|priority:1, df0f9015-da7a-4d9e-bc36-4c543188710b|rpc:172.17.0.2:40651|dataStream:|priority:0] with ContainerStateMachine:uninitialized
2021-01-18 04:01:03,466 [pool-82-thread-1] INFO  server.RaftServerConfigKeys (ConfUtils.java:logGet(44)) - raft.server.rpc.timeout.min = 5s (custom)
2021-01-18 04:01:03,466 [pool-82-thread-1] INFO  server.RaftServerConfigKeys (ConfUtils.java:logGet(44)) - raft.server.rpc.timeout.max = 5200ms (custom)
2021-01-18 04:01:03,466 [pool-82-thread-1] INFO  server.RaftServerConfigKeys (ConfUtils.java:logGet(44)) - raft.server.rpc.sleep.time = 25ms (default)
2021-01-18 04:01:03,466 [pool-82-thread-1] INFO  server.RaftServerConfigKeys (ConfUtils.java:logGet(44)) - raft.server.rpc.slowness.timeout = 300s (custom)
2021-01-18 04:01:03,466 [pool-82-thread-1] INFO  server.RaftServerConfigKeys (ConfUtils.java:logGet(44)) - raft.server.leaderelection.leader.step-down.wait-time = 10s (default)
2021-01-18 04:01:03,466 [pool-82-thread-1] INFO  server.RaftServerConfigKeys (ConfUtils.java:logGet(44)) - raft.server.sleep.deviation.threshold = 300ms (default)
2021-01-18 04:01:03,466 [pool-82-thread-1] INFO  server.RaftServerConfigKeys (ConfUtils.java:logGet(44)) - raft.server.log.appender.install.snapshot.enabled = false (custom)
2021-01-18 04:01:03,466 [pool-82-thread-1] INFO  server.RaftServer$Division (ServerState.java:<init>(103)) - 418e6855-184b-4135-9b3f-1bec60925ac4@group-C715DC14BD3A: ConfigurationManager, init=-1: [418e6855-184b-4135-9b3f-1bec60925ac4|rpc:172.17.0.2:35341|dataStream:|priority:0, f5800447-0e6f-4f9e-a68b-d392c1661b2f|rpc:172.17.0.2:42137|dataStream:|priority:1, df0f9015-da7a-4d9e-bc36-4c543188710b|rpc:172.17.0.2:40651|dataStream:|priority:0], old=null, confs=<EMPTY_MAP>
2021-01-18 04:01:03,466 [pool-82-thread-1] INFO  server.RaftServerConfigKeys (ConfUtils.java:logGet(44)) - raft.server.storage.dir = [/github/workspace/mnt/ozone/hadoop-ozone/integration-test/target/test-dir/MiniOzoneClusterImpl-5bc51996-b728-448b-b7ee-2f27b8cece2b/datanode-1/data/ratis] (custom)
2021-01-18 04:01:03,467 [pool-82-thread-1] INFO  server.RaftServerConfigKeys (ConfUtils.java:logGet(44)) - raft.server.log.corruption.policy = EXCEPTION (default)
2021-01-18 04:01:03,467 [pool-82-thread-1] INFO  storage.RaftStorageDirectory (RaftStorageDirectoryImpl.java:analyzeStorage(132)) - The storage directory /github/workspace/mnt/ozone/hadoop-ozone/integration-test/target/test-dir/MiniOzoneClusterImpl-5bc51996-b728-448b-b7ee-2f27b8cece2b/datanode-1/data/ratis/27ad5cbd-550a-4350-97ab-c715dc14bd3a does not exist. Creating ...
2021-01-18 04:01:03,469 [pool-82-thread-1] INFO  storage.RaftStorageDirectory (RaftStorageDirectoryImpl.java:tryLock(215)) - Lock on /github/workspace/mnt/ozone/hadoop-ozone/integration-test/target/test-dir/MiniOzoneClusterImpl-5bc51996-b728-448b-b7ee-2f27b8cece2b/datanode-1/data/ratis/27ad5cbd-550a-4350-97ab-c715dc14bd3a/in_use.lock acquired by nodename 30197@d01bdcf5d4c9
2021-01-18 04:01:03,471 [pool-82-thread-1] INFO  storage.RaftStorage (RaftStorageImpl.java:format(87)) - Storage directory /github/workspace/mnt/ozone/hadoop-ozone/integration-test/target/test-dir/MiniOzoneClusterImpl-5bc51996-b728-448b-b7ee-2f27b8cece2b/datanode-1/data/ratis/27ad5cbd-550a-4350-97ab-c715dc14bd3a has been successfully formatted.
2021-01-18 04:01:03,472 [pool-82-thread-1] INFO  ratis.ContainerStateMachine (ContainerStateMachine.java:loadSnapshot(223)) - group-C715DC14BD3A: The snapshot info is null. Setting the last applied indexto:(t:0, i:~)
2021-01-18 04:01:03,472 [pool-82-thread-1] ERROR storage.RaftStorage (RaftStorageImpl.java:readRaftConfiguration(147)) - Failed reading configuration from file:/github/workspace/mnt/ozone/hadoop-ozone/integration-test/target/test-dir/MiniOzoneClusterImpl-5bc51996-b728-448b-b7ee-2f27b8cece2b/datanode-1/data/ratis/27ad5cbd-550a-4350-97ab-c715dc14bd3a/current/raft-meta.conf
java.io.FileNotFoundException: /github/workspace/mnt/ozone/hadoop-ozone/integration-test/target/test-dir/MiniOzoneClusterImpl-5bc51996-b728-448b-b7ee-2f27b8cece2b/datanode-1/data/ratis/27ad5cbd-550a-4350-97ab-c715dc14bd3a/current/raft-meta.conf (No such file or directory)
	at java.io.FileInputStream.open0(Native Method)
	at java.io.FileInputStream.open(FileInputStream.java:195)
	at java.io.FileInputStream.<init>(FileInputStream.java:138)
	at org.apache.ratis.server.storage.RaftStorageImpl.readRaftConfiguration(RaftStorageImpl.java:143)
	at org.apache.ratis.server.impl.ServerState.<init>(ServerState.java:113)
	at org.apache.ratis.server.impl.RaftServerImpl.<init>(RaftServerImpl.java:192)
	at org.apache.ratis.server.impl.RaftServerProxy.lambda$newRaftServerImpl$4(RaftServerProxy.java:266)
	at java.util.concurrent.CompletableFuture$AsyncSupply.run(CompletableFuture.java:1604)
	at java.util.concurrent.ThreadPoolExecutor.runWorker(ThreadPoolExecutor.java:1149)
	at java.util.concurrent.ThreadPoolExecutor$Worker.run(ThreadPoolExecutor.java:624)
	at java.lang.Thread.run(Thread.java:748)
2021-01-18 04:01:03,472 [pool-82-thread-1] INFO  server.RaftServerConfigKeys (ConfUtils.java:logGet(44)) - raft.server.notification.no-leader.timeout = 300s (custom)
2021-01-18 04:01:03,472 [pool-82-thread-1] INFO  server.RaftServerConfigKeys (ConfUtils.java:logGet(44)) - raft.server.log.use.memory = false (default)
2021-01-18 04:01:03,472 [pool-82-thread-1] INFO  server.RaftServerConfigKeys (ConfUtils.java:logGet(44)) - raft.server.log.purge.gap = 1000000 (custom)
2021-01-18 04:01:03,472 [pool-82-thread-1] INFO  server.RaftServerConfigKeys (ConfUtils.java:logGet(44)) - raft.server.log.appender.buffer.byte-limit = 33554432 (custom)
2021-01-18 04:01:03,472 [pool-82-thread-1] INFO  metrics.RatisMetrics (RatisMetrics.java:lambda$create$0(36)) - Creating Metrics Registry : ratis.log_worker.418e6855-184b-4135-9b3f-1bec60925ac4@group-C715DC14BD3A
2021-01-18 04:01:03,472 [pool-82-thread-1] INFO  server.RaftServerConfigKeys (ConfUtils.java:logGet(44)) - raft.server.log.segment.size.max = 1048576 (custom)
2021-01-18 04:01:03,473 [pool-82-thread-1] INFO  server.RaftServerConfigKeys (ConfUtils.java:logGet(44)) - raft.server.log.segment.cache.num.max = 2 (custom)
2021-01-18 04:01:03,473 [pool-82-thread-1] INFO  server.RaftServerConfigKeys (ConfUtils.java:logGet(44)) - raft.server.log.segment.cache.size.max = 200MB (=209715200) (default)
2021-01-18 04:01:03,473 [pool-82-thread-1] INFO  segmented.SegmentedRaftLogWorker (SegmentedRaftLogWorker.java:<init>(181)) - new 418e6855-184b-4135-9b3f-1bec60925ac4@group-C715DC14BD3A-SegmentedRaftLogWorker for RaftStorageImpl:Storage Directory /github/workspace/mnt/ozone/hadoop-ozone/integration-test/target/test-dir/MiniOzoneClusterImpl-5bc51996-b728-448b-b7ee-2f27b8cece2b/datanode-1/data/ratis/27ad5cbd-550a-4350-97ab-c715dc14bd3a
2021-01-18 04:01:03,473 [pool-82-thread-1] INFO  server.RaftServerConfigKeys (ConfUtils.java:logGet(44)) - raft.server.log.queue.byte-limit = 2147483647 (custom)
2021-01-18 04:01:03,473 [pool-82-thread-1] INFO  server.RaftServerConfigKeys (ConfUtils.java:logGet(44)) - raft.server.log.queue.element-limit = 1024 (custom)
2021-01-18 04:01:03,473 [pool-82-thread-1] INFO  server.RaftServerConfigKeys (ConfUtils.java:logGet(44)) - raft.server.log.segment.size.max = 1048576 (custom)
2021-01-18 04:01:03,473 [pool-82-thread-1] INFO  server.RaftServerConfigKeys (ConfUtils.java:logGet(44)) - raft.server.log.preallocated.size = 16384 (custom)
2021-01-18 04:01:03,473 [pool-82-thread-1] INFO  server.RaftServerConfigKeys (ConfUtils.java:logGet(44)) - raft.server.log.force.sync.num = 128 (default)
2021-01-18 04:01:03,473 [pool-82-thread-1] INFO  server.RaftServerConfigKeys (ConfUtils.java:logGet(44)) - raft.server.log.statemachine.data.sync = true (default)
2021-01-18 04:01:03,473 [pool-82-thread-1] INFO  server.RaftServerConfigKeys (ConfUtils.java:logGet(44)) - raft.server.log.statemachine.data.sync.timeout = 10s (default)
2021-01-18 04:01:03,473 [pool-82-thread-1] INFO  server.RaftServerConfigKeys (ConfUtils.java:logGet(44)) - raft.server.log.statemachine.data.sync.timeout.retry = -1 (default)
2021-01-18 04:01:03,474 [pool-82-thread-1] INFO  server.RaftServerConfigKeys (ConfUtils.java:logGet(44)) - raft.server.log.write.buffer.size = 1048576 (custom)
2021-01-18 04:01:03,474 [pool-82-thread-1] INFO  server.RaftServerConfigKeys (ConfUtils.java:logGet(44)) - raft.server.log.statemachine.data.caching.enabled = true (custom)
2021-01-18 04:01:03,474 [pool-82-thread-1] INFO  segmented.SegmentedRaftLogWorker (SegmentedRaftLogWorker.java:lambda$new$0(132)) - 418e6855-184b-4135-9b3f-1bec60925ac4@group-C715DC14BD3A-SegmentedRaftLogWorker: flushIndex: setUnconditionally 0 -> -1
2021-01-18 04:01:03,475 [pool-82-thread-1] INFO  segmented.SegmentedRaftLogWorker (SegmentedRaftLogWorker.java:lambda$new$0(132)) - 418e6855-184b-4135-9b3f-1bec60925ac4@group-C715DC14BD3A-SegmentedRaftLogWorker: safeCacheEvictIndex: setUnconditionally 0 -> -1
2021-01-18 04:01:03,479 [pool-82-thread-1] INFO  server.RaftServerConfigKeys (ConfUtils.java:logGet(44)) - raft.server.snapshot.auto.trigger.enabled = true (custom)
2021-01-18 04:01:03,479 [pool-82-thread-1] INFO  server.RaftServerConfigKeys (ConfUtils.java:logGet(44)) - raft.server.snapshot.auto.trigger.threshold = 10000 (custom)
2021-01-18 04:01:03,479 [pool-82-thread-1] INFO  server.RaftServerConfigKeys (ConfUtils.java:logGet(44)) - raft.server.snapshot.retention.file.num = 5 (custom)
2021-01-18 04:01:03,479 [pool-82-thread-1] INFO  server.RaftServerConfigKeys (ConfUtils.java:logGet(44)) - raft.server.log.purge.upto.snapshot.index = false (default)
2021-01-18 04:01:03,486 [EventQueue-PipelineReportForOneReplicaPipelineSafeModeRule] INFO  safemode.SCMSafeModeManager (SCMSafeModeManager.java:validateSafeModeExitRules(214)) - AtleastOneDatanodeReportedRule rule is successfully validated
2021-01-18 04:01:03,486 [EventQueue-OpenPipelineForHealthyPipelineSafeModeRule] INFO  safemode.SCMSafeModeManager (HealthyPipelineSafeModeRule.java:process(128)) - SCM in safe mode. Healthy pipelines reported count is 0, required healthy pipeline reported count is 1
2021-01-18 04:01:03,486 [pool-82-thread-1] INFO  server.RaftServerConfigKeys (ConfUtils.java:logGet(44)) - raft.server.retrycache.expirytime = 600000ms (custom)
2021-01-18 04:01:03,486 [pool-82-thread-1] INFO  server.RaftServerConfigKeys (ConfUtils.java:logGet(44)) - raft.server.retrycache.statistics.expirytime = 100?s (default)
2021-01-18 04:01:03,487 [pool-82-thread-1] INFO  metrics.RatisMetrics (RatisMetrics.java:lambda$create$0(36)) - Creating Metrics Registry : ratis.leader_election.418e6855-184b-4135-9b3f-1bec60925ac4@group-C715DC14BD3A
2021-01-18 04:01:03,487 [pool-82-thread-1] INFO  metrics.RatisMetrics (RatisMetrics.java:lambda$create$0(36)) - Creating Metrics Registry : ratis.server.418e6855-184b-4135-9b3f-1bec60925ac4@group-C715DC14BD3A
2021-01-18 04:01:03,487 [pool-82-thread-1] INFO  server.RaftServer$Division (RaftServerImpl.java:start(294)) - 418e6855-184b-4135-9b3f-1bec60925ac4@group-632E4C200255: start as a follower, conf=-1: [418e6855-184b-4135-9b3f-1bec60925ac4|rpc:172.17.0.2:35341|priority:1], old=null
2021-01-18 04:01:03,489 [pool-82-thread-1] INFO  server.RaftServer$Division (RaftServerImpl.java:setRole(283)) - 418e6855-184b-4135-9b3f-1bec60925ac4@group-632E4C200255: changes role from      null to FOLLOWER at term 0 for startAsFollower
2021-01-18 04:01:03,489 [pool-82-thread-1] INFO  impl.RoleInfo (RoleInfo.java:updateAndGet(130)) - 418e6855-184b-4135-9b3f-1bec60925ac4: start 418e6855-184b-4135-9b3f-1bec60925ac4@group-632E4C200255-FollowerState
2021-01-18 04:01:03,492 [pool-82-thread-1] INFO  util.JmxRegister (JmxRegister.java:tryRegister(44)) - Successfully registered JMX Bean with object name Ratis:service=RaftServer,group=group-632E4C200255,id=418e6855-184b-4135-9b3f-1bec60925ac4
2021-01-18 04:01:03,492 [pool-82-thread-1] INFO  metrics.RatisMetrics (RatisMetrics.java:lambda$create$0(36)) - Creating Metrics Registry : ratis.state_machine.418e6855-184b-4135-9b3f-1bec60925ac4@group-632E4C200255
2021-01-18 04:01:03,495 [pool-82-thread-1] INFO  server.RaftServer$Division (RaftServerImpl.java:start(294)) - 418e6855-184b-4135-9b3f-1bec60925ac4@group-C715DC14BD3A: start as a follower, conf=-1: [418e6855-184b-4135-9b3f-1bec60925ac4|rpc:172.17.0.2:35341|dataStream:|priority:0, f5800447-0e6f-4f9e-a68b-d392c1661b2f|rpc:172.17.0.2:42137|dataStream:|priority:1, df0f9015-da7a-4d9e-bc36-4c543188710b|rpc:172.17.0.2:40651|dataStream:|priority:0], old=null
2021-01-18 04:01:03,495 [pool-82-thread-1] INFO  server.RaftServer$Division (RaftServerImpl.java:setRole(283)) - 418e6855-184b-4135-9b3f-1bec60925ac4@group-C715DC14BD3A: changes role from      null to FOLLOWER at term 0 for startAsFollower
2021-01-18 04:01:03,495 [pool-82-thread-1] INFO  impl.RoleInfo (RoleInfo.java:updateAndGet(130)) - 418e6855-184b-4135-9b3f-1bec60925ac4: start 418e6855-184b-4135-9b3f-1bec60925ac4@group-C715DC14BD3A-FollowerState
2021-01-18 04:01:03,495 [Command processor thread] INFO  commandhandler.CreatePipelineCommandHandler (CreatePipelineCommandHandler.java:handle(106)) - Created Pipeline RATIS ONE PipelineID=72c2bb14-7c69-4b8a-97d7-632e4c200255.
2021-01-18 04:01:03,507 [pool-82-thread-1] INFO  util.JmxRegister (JmxRegister.java:tryRegister(44)) - Successfully registered JMX Bean with object name Ratis:service=RaftServer,group=group-C715DC14BD3A,id=418e6855-184b-4135-9b3f-1bec60925ac4
2021-01-18 04:01:03,508 [pool-82-thread-1] INFO  metrics.RatisMetrics (RatisMetrics.java:lambda$create$0(36)) - Creating Metrics Registry : ratis.state_machine.418e6855-184b-4135-9b3f-1bec60925ac4@group-C715DC14BD3A
2021-01-18 04:01:03,522 [Command processor thread] INFO  metrics.RatisMetrics (RatisMetrics.java:lambda$create$0(36)) - Creating Metrics Registry : ratis.client_message_metrics.client-4743A985A3FC->f5800447-0e6f-4f9e-a68b-d392c1661b2f
2021-01-18 04:01:03,548 [grpc-default-executor-3] INFO  server.RaftServer (RaftServerProxy.java:addNew(95)) - f5800447-0e6f-4f9e-a68b-d392c1661b2f: addNew group-C715DC14BD3A:[418e6855-184b-4135-9b3f-1bec60925ac4|rpc:172.17.0.2:35341|dataStream:|priority:0, f5800447-0e6f-4f9e-a68b-d392c1661b2f|rpc:172.17.0.2:42137|dataStream:|priority:1, df0f9015-da7a-4d9e-bc36-4c543188710b|rpc:172.17.0.2:40651|dataStream:|priority:0] returns group-C715DC14BD3A:java.util.concurrent.CompletableFuture@5d655a5b[Not completed]
2021-01-18 04:01:03,549 [pool-99-thread-1] INFO  server.RaftServer$Division (RaftServerImpl.java:<init>(179)) - f5800447-0e6f-4f9e-a68b-d392c1661b2f: new RaftServerImpl for group-C715DC14BD3A:[418e6855-184b-4135-9b3f-1bec60925ac4|rpc:172.17.0.2:35341|dataStream:|priority:0, f5800447-0e6f-4f9e-a68b-d392c1661b2f|rpc:172.17.0.2:42137|dataStream:|priority:1, df0f9015-da7a-4d9e-bc36-4c543188710b|rpc:172.17.0.2:40651|dataStream:|priority:0] with ContainerStateMachine:uninitialized
2021-01-18 04:01:03,549 [pool-99-thread-1] INFO  server.RaftServerConfigKeys (ConfUtils.java:logGet(44)) - raft.server.rpc.timeout.min = 5s (custom)
2021-01-18 04:01:03,549 [pool-99-thread-1] INFO  server.RaftServerConfigKeys (ConfUtils.java:logGet(44)) - raft.server.rpc.timeout.max = 5200ms (custom)
2021-01-18 04:01:03,549 [pool-99-thread-1] INFO  server.RaftServerConfigKeys (ConfUtils.java:logGet(44)) - raft.server.rpc.sleep.time = 25ms (default)
2021-01-18 04:01:03,549 [pool-99-thread-1] INFO  server.RaftServerConfigKeys (ConfUtils.java:logGet(44)) - raft.server.rpc.slowness.timeout = 300s (custom)
2021-01-18 04:01:03,549 [pool-99-thread-1] INFO  server.RaftServerConfigKeys (ConfUtils.java:logGet(44)) - raft.server.leaderelection.leader.step-down.wait-time = 10s (default)
2021-01-18 04:01:03,549 [pool-99-thread-1] INFO  server.RaftServerConfigKeys (ConfUtils.java:logGet(44)) - raft.server.sleep.deviation.threshold = 300ms (default)
2021-01-18 04:01:03,550 [pool-99-thread-1] INFO  server.RaftServerConfigKeys (ConfUtils.java:logGet(44)) - raft.server.log.appender.install.snapshot.enabled = false (custom)
2021-01-18 04:01:03,550 [pool-99-thread-1] INFO  server.RaftServer$Division (ServerState.java:<init>(103)) - f5800447-0e6f-4f9e-a68b-d392c1661b2f@group-C715DC14BD3A: ConfigurationManager, init=-1: [418e6855-184b-4135-9b3f-1bec60925ac4|rpc:172.17.0.2:35341|dataStream:|priority:0, f5800447-0e6f-4f9e-a68b-d392c1661b2f|rpc:172.17.0.2:42137|dataStream:|priority:1, df0f9015-da7a-4d9e-bc36-4c543188710b|rpc:172.17.0.2:40651|dataStream:|priority:0], old=null, confs=<EMPTY_MAP>
2021-01-18 04:01:03,550 [pool-99-thread-1] INFO  server.RaftServerConfigKeys (ConfUtils.java:logGet(44)) - raft.server.storage.dir = [/github/workspace/mnt/ozone/hadoop-ozone/integration-test/target/test-dir/MiniOzoneClusterImpl-5bc51996-b728-448b-b7ee-2f27b8cece2b/datanode-2/data/ratis] (custom)
2021-01-18 04:01:03,550 [pool-99-thread-1] INFO  server.RaftServerConfigKeys (ConfUtils.java:logGet(44)) - raft.server.log.corruption.policy = EXCEPTION (default)
2021-01-18 04:01:03,550 [pool-99-thread-1] INFO  storage.RaftStorageDirectory (RaftStorageDirectoryImpl.java:analyzeStorage(132)) - The storage directory /github/workspace/mnt/ozone/hadoop-ozone/integration-test/target/test-dir/MiniOzoneClusterImpl-5bc51996-b728-448b-b7ee-2f27b8cece2b/datanode-2/data/ratis/27ad5cbd-550a-4350-97ab-c715dc14bd3a does not exist. Creating ...
2021-01-18 04:01:03,552 [pool-99-thread-1] INFO  storage.RaftStorageDirectory (RaftStorageDirectoryImpl.java:tryLock(215)) - Lock on /github/workspace/mnt/ozone/hadoop-ozone/integration-test/target/test-dir/MiniOzoneClusterImpl-5bc51996-b728-448b-b7ee-2f27b8cece2b/datanode-2/data/ratis/27ad5cbd-550a-4350-97ab-c715dc14bd3a/in_use.lock acquired by nodename 30197@d01bdcf5d4c9
2021-01-18 04:01:03,554 [pool-99-thread-1] INFO  storage.RaftStorage (RaftStorageImpl.java:format(87)) - Storage directory /github/workspace/mnt/ozone/hadoop-ozone/integration-test/target/test-dir/MiniOzoneClusterImpl-5bc51996-b728-448b-b7ee-2f27b8cece2b/datanode-2/data/ratis/27ad5cbd-550a-4350-97ab-c715dc14bd3a has been successfully formatted.
2021-01-18 04:01:03,554 [pool-99-thread-1] INFO  ratis.ContainerStateMachine (ContainerStateMachine.java:loadSnapshot(223)) - group-C715DC14BD3A: The snapshot info is null. Setting the last applied indexto:(t:0, i:~)
2021-01-18 04:01:03,554 [pool-99-thread-1] ERROR storage.RaftStorage (RaftStorageImpl.java:readRaftConfiguration(147)) - Failed reading configuration from file:/github/workspace/mnt/ozone/hadoop-ozone/integration-test/target/test-dir/MiniOzoneClusterImpl-5bc51996-b728-448b-b7ee-2f27b8cece2b/datanode-2/data/ratis/27ad5cbd-550a-4350-97ab-c715dc14bd3a/current/raft-meta.conf
java.io.FileNotFoundException: /github/workspace/mnt/ozone/hadoop-ozone/integration-test/target/test-dir/MiniOzoneClusterImpl-5bc51996-b728-448b-b7ee-2f27b8cece2b/datanode-2/data/ratis/27ad5cbd-550a-4350-97ab-c715dc14bd3a/current/raft-meta.conf (No such file or directory)
	at java.io.FileInputStream.open0(Native Method)
	at java.io.FileInputStream.open(FileInputStream.java:195)
	at java.io.FileInputStream.<init>(FileInputStream.java:138)
	at org.apache.ratis.server.storage.RaftStorageImpl.readRaftConfiguration(RaftStorageImpl.java:143)
	at org.apache.ratis.server.impl.ServerState.<init>(ServerState.java:113)
	at org.apache.ratis.server.impl.RaftServerImpl.<init>(RaftServerImpl.java:192)
	at org.apache.ratis.server.impl.RaftServerProxy.lambda$newRaftServerImpl$4(RaftServerProxy.java:266)
	at java.util.concurrent.CompletableFuture$AsyncSupply.run(CompletableFuture.java:1604)
	at java.util.concurrent.ThreadPoolExecutor.runWorker(ThreadPoolExecutor.java:1149)
	at java.util.concurrent.ThreadPoolExecutor$Worker.run(ThreadPoolExecutor.java:624)
	at java.lang.Thread.run(Thread.java:748)
2021-01-18 04:01:03,554 [pool-99-thread-1] INFO  server.RaftServerConfigKeys (ConfUtils.java:logGet(44)) - raft.server.notification.no-leader.timeout = 300s (custom)
2021-01-18 04:01:03,554 [pool-99-thread-1] INFO  server.RaftServerConfigKeys (ConfUtils.java:logGet(44)) - raft.server.log.use.memory = false (default)
2021-01-18 04:01:03,555 [pool-99-thread-1] INFO  server.RaftServerConfigKeys (ConfUtils.java:logGet(44)) - raft.server.log.purge.gap = 1000000 (custom)
2021-01-18 04:01:03,555 [pool-99-thread-1] INFO  server.RaftServerConfigKeys (ConfUtils.java:logGet(44)) - raft.server.log.appender.buffer.byte-limit = 33554432 (custom)
2021-01-18 04:01:03,555 [pool-99-thread-1] INFO  metrics.RatisMetrics (RatisMetrics.java:lambda$create$0(36)) - Creating Metrics Registry : ratis.log_worker.f5800447-0e6f-4f9e-a68b-d392c1661b2f@group-C715DC14BD3A
2021-01-18 04:01:03,555 [pool-99-thread-1] INFO  server.RaftServerConfigKeys (ConfUtils.java:logGet(44)) - raft.server.log.segment.size.max = 1048576 (custom)
2021-01-18 04:01:03,555 [pool-99-thread-1] INFO  server.RaftServerConfigKeys (ConfUtils.java:logGet(44)) - raft.server.log.segment.cache.num.max = 2 (custom)
2021-01-18 04:01:03,555 [pool-99-thread-1] INFO  server.RaftServerConfigKeys (ConfUtils.java:logGet(44)) - raft.server.log.segment.cache.size.max = 200MB (=209715200) (default)
2021-01-18 04:01:03,555 [pool-99-thread-1] INFO  segmented.SegmentedRaftLogWorker (SegmentedRaftLogWorker.java:<init>(181)) - new f5800447-0e6f-4f9e-a68b-d392c1661b2f@group-C715DC14BD3A-SegmentedRaftLogWorker for RaftStorageImpl:Storage Directory /github/workspace/mnt/ozone/hadoop-ozone/integration-test/target/test-dir/MiniOzoneClusterImpl-5bc51996-b728-448b-b7ee-2f27b8cece2b/datanode-2/data/ratis/27ad5cbd-550a-4350-97ab-c715dc14bd3a
2021-01-18 04:01:03,555 [pool-99-thread-1] INFO  server.RaftServerConfigKeys (ConfUtils.java:logGet(44)) - raft.server.log.queue.byte-limit = 2147483647 (custom)
2021-01-18 04:01:03,555 [pool-99-thread-1] INFO  server.RaftServerConfigKeys (ConfUtils.java:logGet(44)) - raft.server.log.queue.element-limit = 1024 (custom)
2021-01-18 04:01:03,555 [pool-99-thread-1] INFO  server.RaftServerConfigKeys (ConfUtils.java:logGet(44)) - raft.server.log.segment.size.max = 1048576 (custom)
2021-01-18 04:01:03,555 [pool-99-thread-1] INFO  server.RaftServerConfigKeys (ConfUtils.java:logGet(44)) - raft.server.log.preallocated.size = 16384 (custom)
2021-01-18 04:01:03,555 [pool-99-thread-1] INFO  server.RaftServerConfigKeys (ConfUtils.java:logGet(44)) - raft.server.log.force.sync.num = 128 (default)
2021-01-18 04:01:03,555 [pool-99-thread-1] INFO  server.RaftServerConfigKeys (ConfUtils.java:logGet(44)) - raft.server.log.statemachine.data.sync = true (default)
2021-01-18 04:01:03,556 [pool-99-thread-1] INFO  server.RaftServerConfigKeys (ConfUtils.java:logGet(44)) - raft.server.log.statemachine.data.sync.timeout = 10s (default)
2021-01-18 04:01:03,556 [pool-99-thread-1] INFO  server.RaftServerConfigKeys (ConfUtils.java:logGet(44)) - raft.server.log.statemachine.data.sync.timeout.retry = -1 (default)
2021-01-18 04:01:03,556 [pool-99-thread-1] INFO  server.RaftServerConfigKeys (ConfUtils.java:logGet(44)) - raft.server.log.write.buffer.size = 1048576 (custom)
2021-01-18 04:01:03,557 [pool-99-thread-1] INFO  server.RaftServerConfigKeys (ConfUtils.java:logGet(44)) - raft.server.log.statemachine.data.caching.enabled = true (custom)
2021-01-18 04:01:03,557 [pool-99-thread-1] INFO  segmented.SegmentedRaftLogWorker (SegmentedRaftLogWorker.java:lambda$new$0(132)) - f5800447-0e6f-4f9e-a68b-d392c1661b2f@group-C715DC14BD3A-SegmentedRaftLogWorker: flushIndex: setUnconditionally 0 -> -1
2021-01-18 04:01:03,557 [pool-99-thread-1] INFO  segmented.SegmentedRaftLogWorker (SegmentedRaftLogWorker.java:lambda$new$0(132)) - f5800447-0e6f-4f9e-a68b-d392c1661b2f@group-C715DC14BD3A-SegmentedRaftLogWorker: safeCacheEvictIndex: setUnconditionally 0 -> -1
2021-01-18 04:01:03,564 [pool-99-thread-1] INFO  server.RaftServerConfigKeys (ConfUtils.java:logGet(44)) - raft.server.snapshot.auto.trigger.enabled = true (custom)
2021-01-18 04:01:03,564 [pool-99-thread-1] INFO  server.RaftServerConfigKeys (ConfUtils.java:logGet(44)) - raft.server.snapshot.auto.trigger.threshold = 10000 (custom)
2021-01-18 04:01:03,564 [pool-99-thread-1] INFO  server.RaftServerConfigKeys (ConfUtils.java:logGet(44)) - raft.server.snapshot.retention.file.num = 5 (custom)
2021-01-18 04:01:03,564 [pool-99-thread-1] INFO  server.RaftServerConfigKeys (ConfUtils.java:logGet(44)) - raft.server.log.purge.upto.snapshot.index = false (default)
2021-01-18 04:01:03,564 [pool-99-thread-1] INFO  server.RaftServerConfigKeys (ConfUtils.java:logGet(44)) - raft.server.retrycache.expirytime = 600000ms (custom)
2021-01-18 04:01:03,564 [pool-99-thread-1] INFO  server.RaftServerConfigKeys (ConfUtils.java:logGet(44)) - raft.server.retrycache.statistics.expirytime = 100?s (default)
2021-01-18 04:01:03,564 [pool-99-thread-1] INFO  metrics.RatisMetrics (RatisMetrics.java:lambda$create$0(36)) - Creating Metrics Registry : ratis.leader_election.f5800447-0e6f-4f9e-a68b-d392c1661b2f@group-C715DC14BD3A
2021-01-18 04:01:03,565 [pool-99-thread-1] INFO  metrics.RatisMetrics (RatisMetrics.java:lambda$create$0(36)) - Creating Metrics Registry : ratis.server.f5800447-0e6f-4f9e-a68b-d392c1661b2f@group-C715DC14BD3A
2021-01-18 04:01:03,565 [pool-99-thread-1] INFO  server.RaftServer$Division (RaftServerImpl.java:start(294)) - f5800447-0e6f-4f9e-a68b-d392c1661b2f@group-C715DC14BD3A: start as a follower, conf=-1: [418e6855-184b-4135-9b3f-1bec60925ac4|rpc:172.17.0.2:35341|dataStream:|priority:0, f5800447-0e6f-4f9e-a68b-d392c1661b2f|rpc:172.17.0.2:42137|dataStream:|priority:1, df0f9015-da7a-4d9e-bc36-4c543188710b|rpc:172.17.0.2:40651|dataStream:|priority:0], old=null
2021-01-18 04:01:03,565 [pool-99-thread-1] INFO  server.RaftServer$Division (RaftServerImpl.java:setRole(283)) - f5800447-0e6f-4f9e-a68b-d392c1661b2f@group-C715DC14BD3A: changes role from      null to FOLLOWER at term 0 for startAsFollower
2021-01-18 04:01:03,566 [pool-99-thread-1] INFO  impl.RoleInfo (RoleInfo.java:updateAndGet(130)) - f5800447-0e6f-4f9e-a68b-d392c1661b2f: start f5800447-0e6f-4f9e-a68b-d392c1661b2f@group-C715DC14BD3A-FollowerState
2021-01-18 04:01:03,566 [EventQueue-PipelineReportForOneReplicaPipelineSafeModeRule] INFO  safemode.SCMSafeModeManager (SCMSafeModeManager.java:validateSafeModeExitRules(214)) - AtleastOneDatanodeReportedRule rule is successfully validated
2021-01-18 04:01:03,567 [pool-99-thread-1] INFO  util.JmxRegister (JmxRegister.java:tryRegister(44)) - Successfully registered JMX Bean with object name Ratis:service=RaftServer,group=group-C715DC14BD3A,id=f5800447-0e6f-4f9e-a68b-d392c1661b2f
2021-01-18 04:01:03,567 [pool-99-thread-1] INFO  metrics.RatisMetrics (RatisMetrics.java:lambda$create$0(36)) - Creating Metrics Registry : ratis.state_machine.f5800447-0e6f-4f9e-a68b-d392c1661b2f@group-C715DC14BD3A
2021-01-18 04:01:03,579 [Command processor thread] INFO  commandhandler.CreatePipelineCommandHandler (CreatePipelineCommandHandler.java:handle(106)) - Created Pipeline RATIS THREE PipelineID=27ad5cbd-550a-4350-97ab-c715dc14bd3a.
2021-01-18 04:01:03,615 [grpc-default-executor-3] WARN  server.GrpcLogAppender (LogUtils.java:warn(122)) - omNode-2@group-523986131536->omNode-3-AppendLogResponseHandler: Failed appendEntries: org.apache.ratis.thirdparty.io.grpc.StatusRuntimeException: UNAVAILABLE: io exception
2021-01-18 04:01:03,616 [grpc-default-executor-3] WARN  server.GrpcLogAppender (GrpcLogAppender.java:resetClient(111)) - omNode-2@group-523986131536->omNode-3-GrpcLogAppender: Leader has not got in touch with Follower omNode-2@group-523986131536->omNode-3(c-1,m0,n1, attendVote=true, lastRpcSendTime=501, lastRpcResponseTime=6869) yet, just keep nextIndex unchanged and retry.
2021-01-18 04:01:03,795 [Command processor thread] INFO  server.RaftServer (RaftServerProxy.java:addNew(95)) - f5800447-0e6f-4f9e-a68b-d392c1661b2f: addNew group-A88C0566F37D:[f5800447-0e6f-4f9e-a68b-d392c1661b2f|rpc:172.17.0.2:42137|priority:1] returns group-A88C0566F37D:java.util.concurrent.CompletableFuture@b430bd7[Not completed]
2021-01-18 04:01:03,796 [pool-99-thread-1] INFO  server.RaftServer$Division (RaftServerImpl.java:<init>(179)) - f5800447-0e6f-4f9e-a68b-d392c1661b2f: new RaftServerImpl for group-A88C0566F37D:[f5800447-0e6f-4f9e-a68b-d392c1661b2f|rpc:172.17.0.2:42137|priority:1] with ContainerStateMachine:uninitialized
2021-01-18 04:01:03,796 [pool-99-thread-1] INFO  server.RaftServerConfigKeys (ConfUtils.java:logGet(44)) - raft.server.rpc.timeout.min = 5s (custom)
2021-01-18 04:01:03,796 [pool-99-thread-1] INFO  server.RaftServerConfigKeys (ConfUtils.java:logGet(44)) - raft.server.rpc.timeout.max = 5200ms (custom)
2021-01-18 04:01:03,796 [pool-99-thread-1] INFO  server.RaftServerConfigKeys (ConfUtils.java:logGet(44)) - raft.server.rpc.sleep.time = 25ms (default)
2021-01-18 04:01:03,796 [pool-99-thread-1] INFO  server.RaftServerConfigKeys (ConfUtils.java:logGet(44)) - raft.server.rpc.slowness.timeout = 300s (custom)
2021-01-18 04:01:03,796 [pool-99-thread-1] INFO  server.RaftServerConfigKeys (ConfUtils.java:logGet(44)) - raft.server.leaderelection.leader.step-down.wait-time = 10s (default)
2021-01-18 04:01:03,796 [pool-99-thread-1] INFO  server.RaftServerConfigKeys (ConfUtils.java:logGet(44)) - raft.server.sleep.deviation.threshold = 300ms (default)
2021-01-18 04:01:03,797 [pool-99-thread-1] INFO  server.RaftServerConfigKeys (ConfUtils.java:logGet(44)) - raft.server.log.appender.install.snapshot.enabled = false (custom)
2021-01-18 04:01:03,797 [pool-99-thread-1] INFO  server.RaftServer$Division (ServerState.java:<init>(103)) - f5800447-0e6f-4f9e-a68b-d392c1661b2f@group-A88C0566F37D: ConfigurationManager, init=-1: [f5800447-0e6f-4f9e-a68b-d392c1661b2f|rpc:172.17.0.2:42137|priority:1], old=null, confs=<EMPTY_MAP>
2021-01-18 04:01:03,797 [pool-99-thread-1] INFO  server.RaftServerConfigKeys (ConfUtils.java:logGet(44)) - raft.server.storage.dir = [/github/workspace/mnt/ozone/hadoop-ozone/integration-test/target/test-dir/MiniOzoneClusterImpl-5bc51996-b728-448b-b7ee-2f27b8cece2b/datanode-2/data/ratis] (custom)
2021-01-18 04:01:03,797 [pool-99-thread-1] INFO  server.RaftServerConfigKeys (ConfUtils.java:logGet(44)) - raft.server.log.corruption.policy = EXCEPTION (default)
2021-01-18 04:01:03,797 [pool-99-thread-1] INFO  storage.RaftStorageDirectory (RaftStorageDirectoryImpl.java:analyzeStorage(132)) - The storage directory /github/workspace/mnt/ozone/hadoop-ozone/integration-test/target/test-dir/MiniOzoneClusterImpl-5bc51996-b728-448b-b7ee-2f27b8cece2b/datanode-2/data/ratis/89d525d5-f209-4ca4-a619-a88c0566f37d does not exist. Creating ...
2021-01-18 04:01:03,798 [Listener at 127.0.0.1/13724] INFO  ozone.MiniOzoneClusterImpl (MiniOzoneClusterImpl.java:lambda$waitForClusterToBeReady$0(179)) - Nodes are ready. Got 3 of 3 DN Heartbeats.
2021-01-18 04:01:03,798 [Listener at 127.0.0.1/13724] INFO  ozone.MiniOzoneClusterImpl (MiniOzoneClusterImpl.java:lambda$waitForClusterToBeReady$0(182)) - Waiting for cluster to exit safe mode
2021-01-18 04:01:03,800 [pool-99-thread-1] INFO  storage.RaftStorageDirectory (RaftStorageDirectoryImpl.java:tryLock(215)) - Lock on /github/workspace/mnt/ozone/hadoop-ozone/integration-test/target/test-dir/MiniOzoneClusterImpl-5bc51996-b728-448b-b7ee-2f27b8cece2b/datanode-2/data/ratis/89d525d5-f209-4ca4-a619-a88c0566f37d/in_use.lock acquired by nodename 30197@d01bdcf5d4c9
2021-01-18 04:01:03,804 [pool-99-thread-1] INFO  storage.RaftStorage (RaftStorageImpl.java:format(87)) - Storage directory /github/workspace/mnt/ozone/hadoop-ozone/integration-test/target/test-dir/MiniOzoneClusterImpl-5bc51996-b728-448b-b7ee-2f27b8cece2b/datanode-2/data/ratis/89d525d5-f209-4ca4-a619-a88c0566f37d has been successfully formatted.
2021-01-18 04:01:03,805 [pool-99-thread-1] INFO  ratis.ContainerStateMachine (ContainerStateMachine.java:loadSnapshot(223)) - group-A88C0566F37D: The snapshot info is null. Setting the last applied indexto:(t:0, i:~)
2021-01-18 04:01:03,805 [pool-99-thread-1] ERROR storage.RaftStorage (RaftStorageImpl.java:readRaftConfiguration(147)) - Failed reading configuration from file:/github/workspace/mnt/ozone/hadoop-ozone/integration-test/target/test-dir/MiniOzoneClusterImpl-5bc51996-b728-448b-b7ee-2f27b8cece2b/datanode-2/data/ratis/89d525d5-f209-4ca4-a619-a88c0566f37d/current/raft-meta.conf
java.io.FileNotFoundException: /github/workspace/mnt/ozone/hadoop-ozone/integration-test/target/test-dir/MiniOzoneClusterImpl-5bc51996-b728-448b-b7ee-2f27b8cece2b/datanode-2/data/ratis/89d525d5-f209-4ca4-a619-a88c0566f37d/current/raft-meta.conf (No such file or directory)
	at java.io.FileInputStream.open0(Native Method)
	at java.io.FileInputStream.open(FileInputStream.java:195)
	at java.io.FileInputStream.<init>(FileInputStream.java:138)
	at org.apache.ratis.server.storage.RaftStorageImpl.readRaftConfiguration(RaftStorageImpl.java:143)
	at org.apache.ratis.server.impl.ServerState.<init>(ServerState.java:113)
	at org.apache.ratis.server.impl.RaftServerImpl.<init>(RaftServerImpl.java:192)
	at org.apache.ratis.server.impl.RaftServerProxy.lambda$newRaftServerImpl$4(RaftServerProxy.java:266)
	at java.util.concurrent.CompletableFuture$AsyncSupply.run(CompletableFuture.java:1604)
	at java.util.concurrent.ThreadPoolExecutor.runWorker(ThreadPoolExecutor.java:1149)
	at java.util.concurrent.ThreadPoolExecutor$Worker.run(ThreadPoolExecutor.java:624)
	at java.lang.Thread.run(Thread.java:748)
2021-01-18 04:01:03,805 [pool-99-thread-1] INFO  server.RaftServerConfigKeys (ConfUtils.java:logGet(44)) - raft.server.notification.no-leader.timeout = 300s (custom)
2021-01-18 04:01:03,806 [pool-99-thread-1] INFO  server.RaftServerConfigKeys (ConfUtils.java:logGet(44)) - raft.server.log.use.memory = false (default)
2021-01-18 04:01:03,806 [pool-99-thread-1] INFO  server.RaftServerConfigKeys (ConfUtils.java:logGet(44)) - raft.server.log.purge.gap = 1000000 (custom)
2021-01-18 04:01:03,806 [pool-99-thread-1] INFO  server.RaftServerConfigKeys (ConfUtils.java:logGet(44)) - raft.server.log.appender.buffer.byte-limit = 33554432 (custom)
2021-01-18 04:01:03,806 [pool-99-thread-1] INFO  metrics.RatisMetrics (RatisMetrics.java:lambda$create$0(36)) - Creating Metrics Registry : ratis.log_worker.f5800447-0e6f-4f9e-a68b-d392c1661b2f@group-A88C0566F37D
2021-01-18 04:01:03,808 [pool-99-thread-1] INFO  server.RaftServerConfigKeys (ConfUtils.java:logGet(44)) - raft.server.log.segment.size.max = 1048576 (custom)
2021-01-18 04:01:03,808 [pool-99-thread-1] INFO  server.RaftServerConfigKeys (ConfUtils.java:logGet(44)) - raft.server.log.segment.cache.num.max = 2 (custom)
2021-01-18 04:01:03,808 [pool-99-thread-1] INFO  server.RaftServerConfigKeys (ConfUtils.java:logGet(44)) - raft.server.log.segment.cache.size.max = 200MB (=209715200) (default)
2021-01-18 04:01:03,808 [pool-99-thread-1] INFO  segmented.SegmentedRaftLogWorker (SegmentedRaftLogWorker.java:<init>(181)) - new f5800447-0e6f-4f9e-a68b-d392c1661b2f@group-A88C0566F37D-SegmentedRaftLogWorker for RaftStorageImpl:Storage Directory /github/workspace/mnt/ozone/hadoop-ozone/integration-test/target/test-dir/MiniOzoneClusterImpl-5bc51996-b728-448b-b7ee-2f27b8cece2b/datanode-2/data/ratis/89d525d5-f209-4ca4-a619-a88c0566f37d
2021-01-18 04:01:03,808 [pool-99-thread-1] INFO  server.RaftServerConfigKeys (ConfUtils.java:logGet(44)) - raft.server.log.queue.byte-limit = 2147483647 (custom)
2021-01-18 04:01:03,808 [pool-99-thread-1] INFO  server.RaftServerConfigKeys (ConfUtils.java:logGet(44)) - raft.server.log.queue.element-limit = 1024 (custom)
2021-01-18 04:01:03,808 [pool-99-thread-1] INFO  server.RaftServerConfigKeys (ConfUtils.java:logGet(44)) - raft.server.log.segment.size.max = 1048576 (custom)
2021-01-18 04:01:03,808 [pool-99-thread-1] INFO  server.RaftServerConfigKeys (ConfUtils.java:logGet(44)) - raft.server.log.preallocated.size = 16384 (custom)
2021-01-18 04:01:03,811 [pool-99-thread-1] INFO  server.RaftServerConfigKeys (ConfUtils.java:logGet(44)) - raft.server.log.force.sync.num = 128 (default)
2021-01-18 04:01:03,811 [pool-99-thread-1] INFO  server.RaftServerConfigKeys (ConfUtils.java:logGet(44)) - raft.server.log.statemachine.data.sync = true (default)
2021-01-18 04:01:03,811 [pool-99-thread-1] INFO  server.RaftServerConfigKeys (ConfUtils.java:logGet(44)) - raft.server.log.statemachine.data.sync.timeout = 10s (default)
2021-01-18 04:01:03,811 [pool-99-thread-1] INFO  server.RaftServerConfigKeys (ConfUtils.java:logGet(44)) - raft.server.log.statemachine.data.sync.timeout.retry = -1 (default)
2021-01-18 04:01:03,813 [pool-99-thread-1] INFO  server.RaftServerConfigKeys (ConfUtils.java:logGet(44)) - raft.server.log.write.buffer.size = 1048576 (custom)
2021-01-18 04:01:03,813 [EventQueue-PipelineReportForOneReplicaPipelineSafeModeRule] INFO  safemode.SCMSafeModeManager (SCMSafeModeManager.java:validateSafeModeExitRules(214)) - AtleastOneDatanodeReportedRule rule is successfully validated
2021-01-18 04:01:03,813 [EventQueue-PipelineReportForPipelineReportHandler] INFO  pipeline.PipelineStateManager (PipelineStateManager.java:openPipeline(132)) - Pipeline Pipeline[ Id: 89d525d5-f209-4ca4-a619-a88c0566f37d, Nodes: f5800447-0e6f-4f9e-a68b-d392c1661b2f{ip: 172.17.0.2, host: d01bdcf5d4c9, networkLocation: /default-rack, certSerialId: null, persistedOpState: IN_SERVICE, persistedOpStateExpiryEpochSec: 0}, Type:RATIS, Factor:ONE, State:ALLOCATED, leaderId:f5800447-0e6f-4f9e-a68b-d392c1661b2f, CreationTimestamp2021-01-18T04:01:00.797Z] moved to OPEN state
2021-01-18 04:01:03,818 [EventQueue-OpenPipelineForHealthyPipelineSafeModeRule] INFO  safemode.SCMSafeModeManager (HealthyPipelineSafeModeRule.java:process(128)) - SCM in safe mode. Healthy pipelines reported count is 0, required healthy pipeline reported count is 1
2021-01-18 04:01:03,814 [pool-99-thread-1] INFO  server.RaftServerConfigKeys (ConfUtils.java:logGet(44)) - raft.server.log.statemachine.data.caching.enabled = true (custom)
2021-01-18 04:01:03,820 [pool-99-thread-1] INFO  segmented.SegmentedRaftLogWorker (SegmentedRaftLogWorker.java:lambda$new$0(132)) - f5800447-0e6f-4f9e-a68b-d392c1661b2f@group-A88C0566F37D-SegmentedRaftLogWorker: flushIndex: setUnconditionally 0 -> -1
2021-01-18 04:01:03,820 [pool-99-thread-1] INFO  segmented.SegmentedRaftLogWorker (SegmentedRaftLogWorker.java:lambda$new$0(132)) - f5800447-0e6f-4f9e-a68b-d392c1661b2f@group-A88C0566F37D-SegmentedRaftLogWorker: safeCacheEvictIndex: setUnconditionally 0 -> -1
2021-01-18 04:01:03,820 [pool-99-thread-1] INFO  server.RaftServerConfigKeys (ConfUtils.java:logGet(44)) - raft.server.snapshot.auto.trigger.enabled = true (custom)
2021-01-18 04:01:03,820 [pool-99-thread-1] INFO  server.RaftServerConfigKeys (ConfUtils.java:logGet(44)) - raft.server.snapshot.auto.trigger.threshold = 10000 (custom)
2021-01-18 04:01:03,820 [pool-99-thread-1] INFO  server.RaftServerConfigKeys (ConfUtils.java:logGet(44)) - raft.server.snapshot.retention.file.num = 5 (custom)
2021-01-18 04:01:03,820 [pool-99-thread-1] INFO  server.RaftServerConfigKeys (ConfUtils.java:logGet(44)) - raft.server.log.purge.upto.snapshot.index = false (default)
2021-01-18 04:01:03,820 [pool-99-thread-1] INFO  server.RaftServerConfigKeys (ConfUtils.java:logGet(44)) - raft.server.retrycache.expirytime = 600000ms (custom)
2021-01-18 04:01:03,820 [pool-99-thread-1] INFO  server.RaftServerConfigKeys (ConfUtils.java:logGet(44)) - raft.server.retrycache.statistics.expirytime = 100?s (default)
2021-01-18 04:01:03,821 [pool-99-thread-1] INFO  metrics.RatisMetrics (RatisMetrics.java:lambda$create$0(36)) - Creating Metrics Registry : ratis.leader_election.f5800447-0e6f-4f9e-a68b-d392c1661b2f@group-A88C0566F37D
2021-01-18 04:01:03,821 [pool-99-thread-1] INFO  metrics.RatisMetrics (RatisMetrics.java:lambda$create$0(36)) - Creating Metrics Registry : ratis.server.f5800447-0e6f-4f9e-a68b-d392c1661b2f@group-A88C0566F37D
2021-01-18 04:01:03,821 [pool-99-thread-1] INFO  server.RaftServer$Division (RaftServerImpl.java:start(294)) - f5800447-0e6f-4f9e-a68b-d392c1661b2f@group-A88C0566F37D: start as a follower, conf=-1: [f5800447-0e6f-4f9e-a68b-d392c1661b2f|rpc:172.17.0.2:42137|priority:1], old=null
2021-01-18 04:01:03,821 [pool-99-thread-1] INFO  server.RaftServer$Division (RaftServerImpl.java:setRole(283)) - f5800447-0e6f-4f9e-a68b-d392c1661b2f@group-A88C0566F37D: changes role from      null to FOLLOWER at term 0 for startAsFollower
2021-01-18 04:01:03,822 [pool-99-thread-1] INFO  impl.RoleInfo (RoleInfo.java:updateAndGet(130)) - f5800447-0e6f-4f9e-a68b-d392c1661b2f: start f5800447-0e6f-4f9e-a68b-d392c1661b2f@group-A88C0566F37D-FollowerState
2021-01-18 04:01:03,824 [pool-99-thread-1] INFO  util.JmxRegister (JmxRegister.java:tryRegister(44)) - Successfully registered JMX Bean with object name Ratis:service=RaftServer,group=group-A88C0566F37D,id=f5800447-0e6f-4f9e-a68b-d392c1661b2f
2021-01-18 04:01:03,824 [pool-99-thread-1] INFO  metrics.RatisMetrics (RatisMetrics.java:lambda$create$0(36)) - Creating Metrics Registry : ratis.state_machine.f5800447-0e6f-4f9e-a68b-d392c1661b2f@group-A88C0566F37D
2021-01-18 04:01:03,828 [Command processor thread] INFO  commandhandler.CreatePipelineCommandHandler (CreatePipelineCommandHandler.java:handle(106)) - Created Pipeline RATIS ONE PipelineID=89d525d5-f209-4ca4-a619-a88c0566f37d.
2021-01-18 04:01:04,116 [grpc-default-executor-3] WARN  server.GrpcLogAppender (LogUtils.java:warn(122)) - omNode-2@group-523986131536->omNode-3-AppendLogResponseHandler: Failed appendEntries: org.apache.ratis.thirdparty.io.grpc.StatusRuntimeException: UNAVAILABLE: io exception
2021-01-18 04:01:04,117 [grpc-default-executor-3] WARN  server.GrpcLogAppender (GrpcLogAppender.java:resetClient(111)) - omNode-2@group-523986131536->omNode-3-GrpcLogAppender: Leader has not got in touch with Follower omNode-2@group-523986131536->omNode-3(c-1,m0,n1, attendVote=true, lastRpcSendTime=1, lastRpcResponseTime=7371) yet, just keep nextIndex unchanged and retry.
2021-01-18 04:01:04,403 [EventQueue-PipelineReportForOneReplicaPipelineSafeModeRule] INFO  safemode.SCMSafeModeManager (SCMSafeModeManager.java:validateSafeModeExitRules(214)) - AtleastOneDatanodeReportedRule rule is successfully validated
2021-01-18 04:01:04,403 [EventQueue-OpenPipelineForHealthyPipelineSafeModeRule] INFO  safemode.SCMSafeModeManager (HealthyPipelineSafeModeRule.java:process(128)) - SCM in safe mode. Healthy pipelines reported count is 0, required healthy pipeline reported count is 1
2021-01-18 04:01:04,479 [EventQueue-OpenPipelineForHealthyPipelineSafeModeRule] INFO  safemode.SCMSafeModeManager (HealthyPipelineSafeModeRule.java:process(128)) - SCM in safe mode. Healthy pipelines reported count is 0, required healthy pipeline reported count is 1
2021-01-18 04:01:04,480 [EventQueue-PipelineReportForOneReplicaPipelineSafeModeRule] INFO  safemode.SCMSafeModeManager (SCMSafeModeManager.java:validateSafeModeExitRules(214)) - AtleastOneDatanodeReportedRule rule is successfully validated
2021-01-18 04:01:04,616 [grpc-default-executor-3] WARN  server.GrpcLogAppender (LogUtils.java:warn(122)) - omNode-2@group-523986131536->omNode-3-AppendLogResponseHandler: Failed appendEntries: org.apache.ratis.thirdparty.io.grpc.StatusRuntimeException: UNAVAILABLE: io exception
2021-01-18 04:01:04,617 [grpc-default-executor-3] WARN  server.GrpcLogAppender (GrpcLogAppender.java:resetClient(111)) - omNode-2@group-523986131536->omNode-3-GrpcLogAppender: Leader has not got in touch with Follower omNode-2@group-523986131536->omNode-3(c-1,m0,n1, attendVote=true, lastRpcSendTime=0, lastRpcResponseTime=7871) yet, just keep nextIndex unchanged and retry.
2021-01-18 04:01:04,798 [Listener at 127.0.0.1/13724] INFO  ozone.MiniOzoneClusterImpl (MiniOzoneClusterImpl.java:lambda$waitForClusterToBeReady$0(179)) - Nodes are ready. Got 3 of 3 DN Heartbeats.
2021-01-18 04:01:04,798 [Listener at 127.0.0.1/13724] INFO  ozone.MiniOzoneClusterImpl (MiniOzoneClusterImpl.java:lambda$waitForClusterToBeReady$0(182)) - Waiting for cluster to exit safe mode
2021-01-18 04:01:04,814 [EventQueue-PipelineReportForOneReplicaPipelineSafeModeRule] INFO  safemode.SCMSafeModeManager (SCMSafeModeManager.java:validateSafeModeExitRules(214)) - AtleastOneDatanodeReportedRule rule is successfully validated
2021-01-18 04:01:04,814 [EventQueue-OpenPipelineForHealthyPipelineSafeModeRule] INFO  safemode.SCMSafeModeManager (HealthyPipelineSafeModeRule.java:process(128)) - SCM in safe mode. Healthy pipelines reported count is 0, required healthy pipeline reported count is 1
2021-01-18 04:01:05,117 [grpc-default-executor-3] WARN  server.GrpcLogAppender (LogUtils.java:warn(122)) - omNode-2@group-523986131536->omNode-3-AppendLogResponseHandler: Failed appendEntries: org.apache.ratis.thirdparty.io.grpc.StatusRuntimeException: UNAVAILABLE: io exception
2021-01-18 04:01:05,118 [grpc-default-executor-3] WARN  server.GrpcLogAppender (GrpcLogAppender.java:resetClient(111)) - omNode-2@group-523986131536->omNode-3-GrpcLogAppender: Leader has not got in touch with Follower omNode-2@group-523986131536->omNode-3(c-1,m0,n1, attendVote=true, lastRpcSendTime=0, lastRpcResponseTime=8371) yet, just keep nextIndex unchanged and retry.
2021-01-18 04:01:05,405 [EventQueue-PipelineReportForOneReplicaPipelineSafeModeRule] INFO  safemode.SCMSafeModeManager (SCMSafeModeManager.java:validateSafeModeExitRules(214)) - AtleastOneDatanodeReportedRule rule is successfully validated
2021-01-18 04:01:05,405 [EventQueue-OpenPipelineForHealthyPipelineSafeModeRule] INFO  safemode.SCMSafeModeManager (HealthyPipelineSafeModeRule.java:process(128)) - SCM in safe mode. Healthy pipelines reported count is 0, required healthy pipeline reported count is 1
2021-01-18 04:01:05,481 [EventQueue-OpenPipelineForHealthyPipelineSafeModeRule] INFO  safemode.SCMSafeModeManager (HealthyPipelineSafeModeRule.java:process(128)) - SCM in safe mode. Healthy pipelines reported count is 0, required healthy pipeline reported count is 1
2021-01-18 04:01:05,481 [EventQueue-PipelineReportForOneReplicaPipelineSafeModeRule] INFO  safemode.SCMSafeModeManager (SCMSafeModeManager.java:validateSafeModeExitRules(214)) - AtleastOneDatanodeReportedRule rule is successfully validated
2021-01-18 04:01:05,618 [grpc-default-executor-3] WARN  server.GrpcLogAppender (LogUtils.java:warn(122)) - omNode-2@group-523986131536->omNode-3-AppendLogResponseHandler: Failed appendEntries: org.apache.ratis.thirdparty.io.grpc.StatusRuntimeException: UNAVAILABLE: io exception
2021-01-18 04:01:05,619 [grpc-default-executor-3] WARN  server.GrpcLogAppender (GrpcLogAppender.java:resetClient(111)) - omNode-2@group-523986131536->omNode-3-GrpcLogAppender: Leader has not got in touch with Follower omNode-2@group-523986131536->omNode-3(c-1,m0,n1, attendVote=true, lastRpcSendTime=1, lastRpcResponseTime=8873) yet, just keep nextIndex unchanged and retry.
2021-01-18 04:01:05,799 [Listener at 127.0.0.1/13724] INFO  ozone.MiniOzoneClusterImpl (MiniOzoneClusterImpl.java:lambda$waitForClusterToBeReady$0(179)) - Nodes are ready. Got 3 of 3 DN Heartbeats.
2021-01-18 04:01:05,799 [Listener at 127.0.0.1/13724] INFO  ozone.MiniOzoneClusterImpl (MiniOzoneClusterImpl.java:lambda$waitForClusterToBeReady$0(182)) - Waiting for cluster to exit safe mode
2021-01-18 04:01:05,809 [EventQueue-PipelineReportForOneReplicaPipelineSafeModeRule] INFO  safemode.SCMSafeModeManager (SCMSafeModeManager.java:validateSafeModeExitRules(214)) - AtleastOneDatanodeReportedRule rule is successfully validated
2021-01-18 04:01:05,809 [EventQueue-OpenPipelineForHealthyPipelineSafeModeRule] INFO  safemode.SCMSafeModeManager (HealthyPipelineSafeModeRule.java:process(128)) - SCM in safe mode. Healthy pipelines reported count is 0, required healthy pipeline reported count is 1
2021-01-18 04:01:06,117 [grpc-default-executor-3] WARN  server.GrpcLogAppender (LogUtils.java:warn(122)) - omNode-2@group-523986131536->omNode-3-AppendLogResponseHandler: Failed appendEntries: org.apache.ratis.thirdparty.io.grpc.StatusRuntimeException: UNAVAILABLE: io exception
2021-01-18 04:01:06,118 [grpc-default-executor-3] WARN  server.GrpcLogAppender (GrpcLogAppender.java:resetClient(111)) - omNode-2@group-523986131536->omNode-3-GrpcLogAppender: Leader has not got in touch with Follower omNode-2@group-523986131536->omNode-3(c-1,m0,n1, attendVote=true, lastRpcSendTime=0, lastRpcResponseTime=9372) yet, just keep nextIndex unchanged and retry.
2021-01-18 04:01:06,403 [EventQueue-PipelineReportForOneReplicaPipelineSafeModeRule] INFO  safemode.SCMSafeModeManager (SCMSafeModeManager.java:validateSafeModeExitRules(214)) - AtleastOneDatanodeReportedRule rule is successfully validated
2021-01-18 04:01:06,403 [EventQueue-OpenPipelineForHealthyPipelineSafeModeRule] INFO  safemode.SCMSafeModeManager (HealthyPipelineSafeModeRule.java:process(128)) - SCM in safe mode. Healthy pipelines reported count is 0, required healthy pipeline reported count is 1
2021-01-18 04:01:06,481 [EventQueue-PipelineReportForOneReplicaPipelineSafeModeRule] INFO  safemode.SCMSafeModeManager (SCMSafeModeManager.java:validateSafeModeExitRules(214)) - AtleastOneDatanodeReportedRule rule is successfully validated
2021-01-18 04:01:06,481 [EventQueue-OpenPipelineForHealthyPipelineSafeModeRule] INFO  safemode.SCMSafeModeManager (HealthyPipelineSafeModeRule.java:process(128)) - SCM in safe mode. Healthy pipelines reported count is 0, required healthy pipeline reported count is 1
2021-01-18 04:01:06,618 [grpc-default-executor-3] WARN  server.GrpcLogAppender (LogUtils.java:warn(122)) - omNode-2@group-523986131536->omNode-3-AppendLogResponseHandler: Failed appendEntries: org.apache.ratis.thirdparty.io.grpc.StatusRuntimeException: UNAVAILABLE: io exception
2021-01-18 04:01:06,619 [grpc-default-executor-3] WARN  server.GrpcLogAppender (GrpcLogAppender.java:resetClient(111)) - omNode-2@group-523986131536->omNode-3-GrpcLogAppender: Leader has not got in touch with Follower omNode-2@group-523986131536->omNode-3(c-1,m0,n1, attendVote=true, lastRpcSendTime=0, lastRpcResponseTime=9873) yet, just keep nextIndex unchanged and retry.
2021-01-18 04:01:06,799 [Listener at 127.0.0.1/13724] INFO  ozone.MiniOzoneClusterImpl (MiniOzoneClusterImpl.java:lambda$waitForClusterToBeReady$0(179)) - Nodes are ready. Got 3 of 3 DN Heartbeats.
2021-01-18 04:01:06,799 [Listener at 127.0.0.1/13724] INFO  ozone.MiniOzoneClusterImpl (MiniOzoneClusterImpl.java:lambda$waitForClusterToBeReady$0(182)) - Waiting for cluster to exit safe mode
2021-01-18 04:01:06,808 [EventQueue-PipelineReportForOneReplicaPipelineSafeModeRule] INFO  safemode.SCMSafeModeManager (SCMSafeModeManager.java:validateSafeModeExitRules(214)) - AtleastOneDatanodeReportedRule rule is successfully validated
2021-01-18 04:01:06,808 [EventQueue-OpenPipelineForHealthyPipelineSafeModeRule] INFO  safemode.SCMSafeModeManager (HealthyPipelineSafeModeRule.java:process(128)) - SCM in safe mode. Healthy pipelines reported count is 0, required healthy pipeline reported count is 1
2021-01-18 04:01:07,118 [grpc-default-executor-3] WARN  server.GrpcLogAppender (LogUtils.java:warn(122)) - omNode-2@group-523986131536->omNode-3-AppendLogResponseHandler: Failed appendEntries: org.apache.ratis.thirdparty.io.grpc.StatusRuntimeException: UNAVAILABLE: io exception
2021-01-18 04:01:07,119 [grpc-default-executor-3] WARN  server.GrpcLogAppender (GrpcLogAppender.java:resetClient(111)) - omNode-2@group-523986131536->omNode-3-GrpcLogAppender: Leader has not got in touch with Follower omNode-2@group-523986131536->omNode-3(c-1,m0,n1, attendVote=true, lastRpcSendTime=0, lastRpcResponseTime=10373) yet, just keep nextIndex unchanged and retry.
2021-01-18 04:01:07,409 [EventQueue-PipelineReportForOneReplicaPipelineSafeModeRule] INFO  safemode.SCMSafeModeManager (SCMSafeModeManager.java:validateSafeModeExitRules(214)) - AtleastOneDatanodeReportedRule rule is successfully validated
2021-01-18 04:01:07,410 [EventQueue-OpenPipelineForHealthyPipelineSafeModeRule] INFO  safemode.SCMSafeModeManager (HealthyPipelineSafeModeRule.java:process(128)) - SCM in safe mode. Healthy pipelines reported count is 0, required healthy pipeline reported count is 1
2021-01-18 04:01:07,481 [EventQueue-PipelineReportForOneReplicaPipelineSafeModeRule] INFO  safemode.SCMSafeModeManager (SCMSafeModeManager.java:validateSafeModeExitRules(214)) - AtleastOneDatanodeReportedRule rule is successfully validated
2021-01-18 04:01:07,481 [EventQueue-OpenPipelineForHealthyPipelineSafeModeRule] INFO  safemode.SCMSafeModeManager (HealthyPipelineSafeModeRule.java:process(128)) - SCM in safe mode. Healthy pipelines reported count is 0, required healthy pipeline reported count is 1
2021-01-18 04:01:07,619 [grpc-default-executor-3] WARN  server.GrpcLogAppender (LogUtils.java:warn(122)) - omNode-2@group-523986131536->omNode-3-AppendLogResponseHandler: Failed appendEntries: org.apache.ratis.thirdparty.io.grpc.StatusRuntimeException: UNAVAILABLE: io exception
2021-01-18 04:01:07,620 [grpc-default-executor-3] WARN  server.GrpcLogAppender (GrpcLogAppender.java:resetClient(111)) - omNode-2@group-523986131536->omNode-3-GrpcLogAppender: Leader has not got in touch with Follower omNode-2@group-523986131536->omNode-3(c-1,m0,n1, attendVote=true, lastRpcSendTime=0, lastRpcResponseTime=10873) yet, just keep nextIndex unchanged and retry.
2021-01-18 04:01:07,799 [Listener at 127.0.0.1/13724] INFO  ozone.MiniOzoneClusterImpl (MiniOzoneClusterImpl.java:lambda$waitForClusterToBeReady$0(179)) - Nodes are ready. Got 3 of 3 DN Heartbeats.
2021-01-18 04:01:07,800 [Listener at 127.0.0.1/13724] INFO  ozone.MiniOzoneClusterImpl (MiniOzoneClusterImpl.java:lambda$waitForClusterToBeReady$0(182)) - Waiting for cluster to exit safe mode
2021-01-18 04:01:07,812 [EventQueue-PipelineReportForOneReplicaPipelineSafeModeRule] INFO  safemode.SCMSafeModeManager (SCMSafeModeManager.java:validateSafeModeExitRules(214)) - AtleastOneDatanodeReportedRule rule is successfully validated
2021-01-18 04:01:07,812 [EventQueue-OpenPipelineForHealthyPipelineSafeModeRule] INFO  safemode.SCMSafeModeManager (HealthyPipelineSafeModeRule.java:process(128)) - SCM in safe mode. Healthy pipelines reported count is 0, required healthy pipeline reported count is 1
2021-01-18 04:01:08,119 [grpc-default-executor-3] WARN  server.GrpcLogAppender (LogUtils.java:warn(122)) - omNode-2@group-523986131536->omNode-3-AppendLogResponseHandler: Failed appendEntries: org.apache.ratis.thirdparty.io.grpc.StatusRuntimeException: UNAVAILABLE: io exception
2021-01-18 04:01:08,120 [grpc-default-executor-3] WARN  server.GrpcLogAppender (GrpcLogAppender.java:resetClient(111)) - omNode-2@group-523986131536->omNode-3-GrpcLogAppender: Leader has not got in touch with Follower omNode-2@group-523986131536->omNode-3(c-1,m0,n1, attendVote=true, lastRpcSendTime=0, lastRpcResponseTime=11374) yet, just keep nextIndex unchanged and retry.
2021-01-18 04:01:08,192 [Thread-263] INFO  impl.FollowerState (FollowerState.java:run(133)) - df0f9015-da7a-4d9e-bc36-4c543188710b@group-6A777A24D5AB-FollowerState: change to CANDIDATE, lastRpcElapsedTime:5139859090ns, electionTimeout:5139ms
2021-01-18 04:01:08,192 [Thread-263] INFO  impl.RoleInfo (RoleInfo.java:shutdownFollowerState(108)) - df0f9015-da7a-4d9e-bc36-4c543188710b: shutdown df0f9015-da7a-4d9e-bc36-4c543188710b@group-6A777A24D5AB-FollowerState
2021-01-18 04:01:08,192 [Thread-263] INFO  server.RaftServer$Division (RaftServerImpl.java:setRole(283)) - df0f9015-da7a-4d9e-bc36-4c543188710b@group-6A777A24D5AB: changes role from  FOLLOWER to CANDIDATE at term 0 for changeToCandidate
2021-01-18 04:01:08,192 [Thread-263] INFO  impl.RoleInfo (RoleInfo.java:updateAndGet(130)) - df0f9015-da7a-4d9e-bc36-4c543188710b: start df0f9015-da7a-4d9e-bc36-4c543188710b@group-6A777A24D5AB-LeaderElection5
2021-01-18 04:01:08,197 [df0f9015-da7a-4d9e-bc36-4c543188710b@group-6A777A24D5AB-LeaderElection5] INFO  impl.LeaderElection (LeaderElection.java:askForPreVotes(259)) - df0f9015-da7a-4d9e-bc36-4c543188710b@group-6A777A24D5AB-LeaderElection5: begin a pre-vote at term 0 for -1: [df0f9015-da7a-4d9e-bc36-4c543188710b|rpc:172.17.0.2:40651|priority:1], old=null
2021-01-18 04:01:08,197 [df0f9015-da7a-4d9e-bc36-4c543188710b@group-6A777A24D5AB-LeaderElection5] INFO  impl.LeaderElection (LeaderElection.java:askForPreVotes(261)) - df0f9015-da7a-4d9e-bc36-4c543188710b@group-6A777A24D5AB-LeaderElection5 pre-vote result is PASSED.
2021-01-18 04:01:08,198 [df0f9015-da7a-4d9e-bc36-4c543188710b@group-6A777A24D5AB-LeaderElection5] INFO  impl.LeaderElection (LeaderElection.java:askForVotes(308)) - df0f9015-da7a-4d9e-bc36-4c543188710b@group-6A777A24D5AB-LeaderElection5: begin an election at term 1 for -1: [df0f9015-da7a-4d9e-bc36-4c543188710b|rpc:172.17.0.2:40651|priority:1], old=null
2021-01-18 04:01:08,198 [df0f9015-da7a-4d9e-bc36-4c543188710b@group-6A777A24D5AB-LeaderElection5] INFO  impl.RoleInfo (RoleInfo.java:shutdownLeaderElection(121)) - df0f9015-da7a-4d9e-bc36-4c543188710b: shutdown df0f9015-da7a-4d9e-bc36-4c543188710b@group-6A777A24D5AB-LeaderElection5
2021-01-18 04:01:08,198 [df0f9015-da7a-4d9e-bc36-4c543188710b@group-6A777A24D5AB-LeaderElection5] INFO  server.RaftServer$Division (RaftServerImpl.java:setRole(283)) - df0f9015-da7a-4d9e-bc36-4c543188710b@group-6A777A24D5AB: changes role from CANDIDATE to LEADER at term 1 for changeToLeader
2021-01-18 04:01:08,199 [df0f9015-da7a-4d9e-bc36-4c543188710b@group-6A777A24D5AB-LeaderElection5] INFO  ratis.XceiverServerRatis (XceiverServerRatis.java:handleLeaderChangedNotification(868)) - Leader change notification received for group: group-6A777A24D5AB with new leaderId: df0f9015-da7a-4d9e-bc36-4c543188710b
2021-01-18 04:01:08,199 [df0f9015-da7a-4d9e-bc36-4c543188710b@group-6A777A24D5AB-LeaderElection5] INFO  server.RaftServer$Division (ServerState.java:setLeader(249)) - df0f9015-da7a-4d9e-bc36-4c543188710b@group-6A777A24D5AB: change Leader from null to df0f9015-da7a-4d9e-bc36-4c543188710b at term 1 for becomeLeader, leader elected after 5176ms
2021-01-18 04:01:08,199 [df0f9015-da7a-4d9e-bc36-4c543188710b@group-6A777A24D5AB-LeaderElection5] INFO  server.RaftServerConfigKeys (ConfUtils.java:logGet(44)) - raft.server.staging.catchup.gap = 1000 (default)
2021-01-18 04:01:08,199 [df0f9015-da7a-4d9e-bc36-4c543188710b@group-6A777A24D5AB-LeaderElection5] INFO  metrics.RatisMetrics (RatisMetrics.java:lambda$create$0(36)) - Creating Metrics Registry : ratis.log_appender.df0f9015-da7a-4d9e-bc36-4c543188710b@group-6A777A24D5AB
2021-01-18 04:01:08,208 [EventQueue-PipelineReportForOneReplicaPipelineSafeModeRule] INFO  safemode.SCMSafeModeManager (SCMSafeModeManager.java:validateSafeModeExitRules(214)) - AtleastOneDatanodeReportedRule rule is successfully validated
2021-01-18 04:01:08,208 [EventQueue-OpenPipelineForHealthyPipelineSafeModeRule] INFO  safemode.SCMSafeModeManager (HealthyPipelineSafeModeRule.java:process(128)) - SCM in safe mode. Healthy pipelines reported count is 0, required healthy pipeline reported count is 1
2021-01-18 04:01:08,208 [df0f9015-da7a-4d9e-bc36-4c543188710b@group-6A777A24D5AB-LeaderElection5] INFO  server.RaftServerConfigKeys (ConfUtils.java:logGet(44)) - raft.server.write.element-limit = 1024 (custom)
2021-01-18 04:01:08,208 [df0f9015-da7a-4d9e-bc36-4c543188710b@group-6A777A24D5AB-LeaderElection5] INFO  server.RaftServerConfigKeys (ConfUtils.java:logGet(44)) - raft.server.write.byte-limit = 1073741824 (custom)
2021-01-18 04:01:08,209 [df0f9015-da7a-4d9e-bc36-4c543188710b@group-6A777A24D5AB-LeaderElection5] INFO  server.RaftServerConfigKeys (ConfUtils.java:logGet(44)) - raft.server.watch.timeout = 180s (custom)
2021-01-18 04:01:08,209 [df0f9015-da7a-4d9e-bc36-4c543188710b@group-6A777A24D5AB-LeaderElection5] INFO  server.RaftServerConfigKeys (ConfUtils.java:logGet(44)) - raft.server.watch.timeout.denomination = 1s (default)
2021-01-18 04:01:08,209 [df0f9015-da7a-4d9e-bc36-4c543188710b@group-6A777A24D5AB-LeaderElection5] INFO  server.RaftServerConfigKeys (ConfUtils.java:logGet(44)) - raft.server.watch.element-limit = 65536 (default)
2021-01-18 04:01:08,215 [df0f9015-da7a-4d9e-bc36-4c543188710b@group-6A777A24D5AB-LeaderElection5] INFO  impl.RoleInfo (RoleInfo.java:updateAndGet(130)) - df0f9015-da7a-4d9e-bc36-4c543188710b: start df0f9015-da7a-4d9e-bc36-4c543188710b@group-6A777A24D5AB-LeaderStateImpl
2021-01-18 04:01:08,217 [df0f9015-da7a-4d9e-bc36-4c543188710b@group-6A777A24D5AB-LeaderElection5] INFO  segmented.SegmentedRaftLogWorker (SegmentedRaftLogWorker.java:startLogSegment(392)) - df0f9015-da7a-4d9e-bc36-4c543188710b@group-6A777A24D5AB-SegmentedRaftLogWorker: Starting segment from index:0
2021-01-18 04:01:08,218 [df0f9015-da7a-4d9e-bc36-4c543188710b@group-6A777A24D5AB-SegmentedRaftLogWorker] INFO  segmented.SegmentedRaftLogWorker (SegmentedRaftLogWorker.java:execute(599)) - df0f9015-da7a-4d9e-bc36-4c543188710b@group-6A777A24D5AB-SegmentedRaftLogWorker: created new log segment /github/workspace/mnt/ozone/hadoop-ozone/integration-test/target/test-dir/MiniOzoneClusterImpl-5bc51996-b728-448b-b7ee-2f27b8cece2b/datanode-0/data/ratis/4a28f9b1-a365-4007-a6f4-6a777a24d5ab/current/log_inprogress_0
2021-01-18 04:01:08,231 [df0f9015-da7a-4d9e-bc36-4c543188710b@group-6A777A24D5AB-LeaderElection5] INFO  server.RaftServer$Division (ServerState.java:setRaftConf(368)) - df0f9015-da7a-4d9e-bc36-4c543188710b@group-6A777A24D5AB: set configuration 0: [df0f9015-da7a-4d9e-bc36-4c543188710b|rpc:172.17.0.2:40651|dataStream:|priority:1], old=null
2021-01-18 04:01:08,240 [Thread-265] INFO  impl.FollowerState (FollowerState.java:run(133)) - df0f9015-da7a-4d9e-bc36-4c543188710b@group-441A50764A11-FollowerState: change to CANDIDATE, lastRpcElapsedTime:5140991494ns, electionTimeout:5140ms
2021-01-18 04:01:08,240 [Thread-265] INFO  impl.RoleInfo (RoleInfo.java:shutdownFollowerState(108)) - df0f9015-da7a-4d9e-bc36-4c543188710b: shutdown df0f9015-da7a-4d9e-bc36-4c543188710b@group-441A50764A11-FollowerState
2021-01-18 04:01:08,241 [Thread-265] INFO  server.RaftServer$Division (RaftServerImpl.java:setRole(283)) - df0f9015-da7a-4d9e-bc36-4c543188710b@group-441A50764A11: changes role from  FOLLOWER to CANDIDATE at term 0 for changeToCandidate
2021-01-18 04:01:08,241 [Thread-265] INFO  impl.RoleInfo (RoleInfo.java:updateAndGet(130)) - df0f9015-da7a-4d9e-bc36-4c543188710b: start df0f9015-da7a-4d9e-bc36-4c543188710b@group-441A50764A11-LeaderElection6
2021-01-18 04:01:08,253 [df0f9015-da7a-4d9e-bc36-4c543188710b@group-441A50764A11-LeaderElection6] INFO  impl.LeaderElection (LeaderElection.java:askForPreVotes(259)) - df0f9015-da7a-4d9e-bc36-4c543188710b@group-441A50764A11-LeaderElection6: begin a pre-vote at term 0 for -1: [418e6855-184b-4135-9b3f-1bec60925ac4|rpc:172.17.0.2:35341|priority:1, f5800447-0e6f-4f9e-a68b-d392c1661b2f|rpc:172.17.0.2:42137|priority:0, df0f9015-da7a-4d9e-bc36-4c543188710b|rpc:172.17.0.2:40651|priority:0], old=null
2021-01-18 04:01:08,268 [grpc-default-executor-3] INFO  server.RaftServer$Division (RaftServerImpl.java:requestPreVote(1060)) - 418e6855-184b-4135-9b3f-1bec60925ac4@group-441A50764A11: receive preVote(df0f9015-da7a-4d9e-bc36-4c543188710b, group-441A50764A11, 0, (t:0, i:0))
2021-01-18 04:01:08,268 [grpc-default-executor-3] INFO  server.RaftServer$Division (RaftServerImpl.java:requestPreVote(1083)) - 418e6855-184b-4135-9b3f-1bec60925ac4@group-441A50764A11 role: FOLLOWER reject pre-vote from:df0f9015-da7a-4d9e-bc36-4c543188710b because compare:0 isCurrentLeaderValid:false
2021-01-18 04:01:08,268 [grpc-default-executor-3] INFO  server.RaftServer$Division (RaftServerImpl.java:requestPreVote(1099)) - 418e6855-184b-4135-9b3f-1bec60925ac4@group-441A50764A11 replies to pre-vote request: df0f9015-da7a-4d9e-bc36-4c543188710b<-418e6855-184b-4135-9b3f-1bec60925ac4#0:FAIL-t0. Peer's state: 418e6855-184b-4135-9b3f-1bec60925ac4@group-441A50764A11:t0, leader=null, voted=, raftlog=418e6855-184b-4135-9b3f-1bec60925ac4@group-441A50764A11-SegmentedRaftLog:OPENED:c-1,f-1,i0, conf=-1: [418e6855-184b-4135-9b3f-1bec60925ac4|rpc:172.17.0.2:35341|dataStream:|priority:1, f5800447-0e6f-4f9e-a68b-d392c1661b2f|rpc:172.17.0.2:42137|dataStream:|priority:0, df0f9015-da7a-4d9e-bc36-4c543188710b|rpc:172.17.0.2:40651|dataStream:|priority:0], old=null
2021-01-18 04:01:08,272 [df0f9015-da7a-4d9e-bc36-4c543188710b@group-441A50764A11-LeaderElection6] INFO  impl.LeaderElection (LeaderElection.java:logAndReturn(68)) - df0f9015-da7a-4d9e-bc36-4c543188710b@group-441A50764A11-LeaderElection6: Pre-vote  REJECTED received 1 response(s):[df0f9015-da7a-4d9e-bc36-4c543188710b<-418e6855-184b-4135-9b3f-1bec60925ac4#0:FAIL-t0]
2021-01-18 04:01:08,272 [df0f9015-da7a-4d9e-bc36-4c543188710b@group-441A50764A11-LeaderElection6] INFO  impl.LeaderElection (LeaderElection.java:askForPreVotes(261)) - df0f9015-da7a-4d9e-bc36-4c543188710b@group-441A50764A11-LeaderElection6 pre-vote result is REJECTED.
2021-01-18 04:01:08,272 [df0f9015-da7a-4d9e-bc36-4c543188710b@group-441A50764A11-LeaderElection6] INFO  server.RaftServer$Division (RaftServerImpl.java:setRole(283)) - df0f9015-da7a-4d9e-bc36-4c543188710b@group-441A50764A11: changes role from CANDIDATE to FOLLOWER at term 0 for REJECTED
2021-01-18 04:01:08,272 [df0f9015-da7a-4d9e-bc36-4c543188710b@group-441A50764A11-LeaderElection6] INFO  impl.RoleInfo (RoleInfo.java:shutdownLeaderElection(121)) - df0f9015-da7a-4d9e-bc36-4c543188710b: shutdown df0f9015-da7a-4d9e-bc36-4c543188710b@group-441A50764A11-LeaderElection6
2021-01-18 04:01:08,272 [df0f9015-da7a-4d9e-bc36-4c543188710b@group-441A50764A11-LeaderElection6] INFO  impl.RoleInfo (RoleInfo.java:updateAndGet(130)) - df0f9015-da7a-4d9e-bc36-4c543188710b: start df0f9015-da7a-4d9e-bc36-4c543188710b@group-441A50764A11-FollowerState
2021-01-18 04:01:08,279 [grpc-default-executor-2] INFO  server.RaftServer$Division (RaftServerImpl.java:requestPreVote(1060)) - f5800447-0e6f-4f9e-a68b-d392c1661b2f@group-441A50764A11: receive preVote(df0f9015-da7a-4d9e-bc36-4c543188710b, group-441A50764A11, 0, (t:0, i:0))
2021-01-18 04:01:08,280 [grpc-default-executor-2] INFO  server.RaftServer$Division (RaftServerImpl.java:requestPreVote(1081)) - f5800447-0e6f-4f9e-a68b-d392c1661b2f@group-441A50764A11 role: FOLLOWER allow pre-vote from:df0f9015-da7a-4d9e-bc36-4c543188710b
2021-01-18 04:01:08,280 [grpc-default-executor-2] INFO  server.RaftServer$Division (RaftServerImpl.java:requestPreVote(1099)) - f5800447-0e6f-4f9e-a68b-d392c1661b2f@group-441A50764A11 replies to pre-vote request: df0f9015-da7a-4d9e-bc36-4c543188710b<-f5800447-0e6f-4f9e-a68b-d392c1661b2f#0:OK-t0. Peer's state: f5800447-0e6f-4f9e-a68b-d392c1661b2f@group-441A50764A11:t0, leader=null, voted=, raftlog=f5800447-0e6f-4f9e-a68b-d392c1661b2f@group-441A50764A11-SegmentedRaftLog:OPENED:c-1,f-1,i0, conf=-1: [418e6855-184b-4135-9b3f-1bec60925ac4|rpc:172.17.0.2:35341|dataStream:|priority:1, f5800447-0e6f-4f9e-a68b-d392c1661b2f|rpc:172.17.0.2:42137|dataStream:|priority:0, df0f9015-da7a-4d9e-bc36-4c543188710b|rpc:172.17.0.2:40651|dataStream:|priority:0], old=null
2021-01-18 04:01:08,388 [Thread-267] INFO  impl.FollowerState (FollowerState.java:run(133)) - 418e6855-184b-4135-9b3f-1bec60925ac4@group-441A50764A11-FollowerState: change to CANDIDATE, lastRpcElapsedTime:5191187795ns, electionTimeout:5182ms
2021-01-18 04:01:08,388 [Thread-267] INFO  impl.RoleInfo (RoleInfo.java:shutdownFollowerState(108)) - 418e6855-184b-4135-9b3f-1bec60925ac4: shutdown 418e6855-184b-4135-9b3f-1bec60925ac4@group-441A50764A11-FollowerState
2021-01-18 04:01:08,388 [Thread-267] INFO  server.RaftServer$Division (RaftServerImpl.java:setRole(283)) - 418e6855-184b-4135-9b3f-1bec60925ac4@group-441A50764A11: changes role from  FOLLOWER to CANDIDATE at term 0 for changeToCandidate
2021-01-18 04:01:08,388 [Thread-267] INFO  impl.RoleInfo (RoleInfo.java:updateAndGet(130)) - 418e6855-184b-4135-9b3f-1bec60925ac4: start 418e6855-184b-4135-9b3f-1bec60925ac4@group-441A50764A11-LeaderElection7
2021-01-18 04:01:08,394 [418e6855-184b-4135-9b3f-1bec60925ac4@group-441A50764A11-LeaderElection7] INFO  impl.LeaderElection (LeaderElection.java:askForPreVotes(259)) - 418e6855-184b-4135-9b3f-1bec60925ac4@group-441A50764A11-LeaderElection7: begin a pre-vote at term 0 for -1: [418e6855-184b-4135-9b3f-1bec60925ac4|rpc:172.17.0.2:35341|dataStream:|priority:1, f5800447-0e6f-4f9e-a68b-d392c1661b2f|rpc:172.17.0.2:42137|dataStream:|priority:0, df0f9015-da7a-4d9e-bc36-4c543188710b|rpc:172.17.0.2:40651|dataStream:|priority:0], old=null
2021-01-18 04:01:08,426 [grpc-default-executor-2] INFO  server.RaftServer$Division (RaftServerImpl.java:requestPreVote(1060)) - f5800447-0e6f-4f9e-a68b-d392c1661b2f@group-441A50764A11: receive preVote(418e6855-184b-4135-9b3f-1bec60925ac4, group-441A50764A11, 0, (t:0, i:0))
2021-01-18 04:01:08,426 [grpc-default-executor-2] INFO  server.RaftServer$Division (RaftServerImpl.java:requestPreVote(1081)) - f5800447-0e6f-4f9e-a68b-d392c1661b2f@group-441A50764A11 role: FOLLOWER allow pre-vote from:418e6855-184b-4135-9b3f-1bec60925ac4
2021-01-18 04:01:08,426 [grpc-default-executor-2] INFO  server.RaftServer$Division (RaftServerImpl.java:requestPreVote(1099)) - f5800447-0e6f-4f9e-a68b-d392c1661b2f@group-441A50764A11 replies to pre-vote request: 418e6855-184b-4135-9b3f-1bec60925ac4<-f5800447-0e6f-4f9e-a68b-d392c1661b2f#0:OK-t0. Peer's state: f5800447-0e6f-4f9e-a68b-d392c1661b2f@group-441A50764A11:t0, leader=null, voted=, raftlog=f5800447-0e6f-4f9e-a68b-d392c1661b2f@group-441A50764A11-SegmentedRaftLog:OPENED:c-1,f-1,i0, conf=-1: [418e6855-184b-4135-9b3f-1bec60925ac4|rpc:172.17.0.2:35341|dataStream:|priority:1, f5800447-0e6f-4f9e-a68b-d392c1661b2f|rpc:172.17.0.2:42137|dataStream:|priority:0, df0f9015-da7a-4d9e-bc36-4c543188710b|rpc:172.17.0.2:40651|dataStream:|priority:0], old=null
2021-01-18 04:01:08,428 [418e6855-184b-4135-9b3f-1bec60925ac4@group-441A50764A11-LeaderElection7] INFO  impl.LeaderElection (LeaderElection.java:logAndReturn(68)) - 418e6855-184b-4135-9b3f-1bec60925ac4@group-441A50764A11-LeaderElection7: Pre-vote  PASSED received 1 response(s):[418e6855-184b-4135-9b3f-1bec60925ac4<-f5800447-0e6f-4f9e-a68b-d392c1661b2f#0:OK-t0]
2021-01-18 04:01:08,431 [418e6855-184b-4135-9b3f-1bec60925ac4@group-441A50764A11-LeaderElection7] INFO  impl.LeaderElection (LeaderElection.java:askForPreVotes(261)) - 418e6855-184b-4135-9b3f-1bec60925ac4@group-441A50764A11-LeaderElection7 pre-vote result is PASSED.
2021-01-18 04:01:08,435 [418e6855-184b-4135-9b3f-1bec60925ac4@group-441A50764A11-LeaderElection7] INFO  impl.LeaderElection (LeaderElection.java:askForVotes(308)) - 418e6855-184b-4135-9b3f-1bec60925ac4@group-441A50764A11-LeaderElection7: begin an election at term 1 for -1: [418e6855-184b-4135-9b3f-1bec60925ac4|rpc:172.17.0.2:35341|dataStream:|priority:1, f5800447-0e6f-4f9e-a68b-d392c1661b2f|rpc:172.17.0.2:42137|dataStream:|priority:0, df0f9015-da7a-4d9e-bc36-4c543188710b|rpc:172.17.0.2:40651|dataStream:|priority:0], old=null
2021-01-18 04:01:08,440 [grpc-default-executor-2] INFO  metrics.RatisMetrics (RatisMetrics.java:lambda$create$0(36)) - Creating Metrics Registry : ratis.server_message_metrics.df0f9015-da7a-4d9e-bc36-4c543188710b
2021-01-18 04:01:08,448 [grpc-default-executor-3] INFO  server.RaftServer$Division (RaftServerImpl.java:setRole(283)) - f5800447-0e6f-4f9e-a68b-d392c1661b2f@group-441A50764A11: changes role from  FOLLOWER to FOLLOWER at term 1 for recognizeCandidate:418e6855-184b-4135-9b3f-1bec60925ac4
2021-01-18 04:01:08,449 [grpc-default-executor-3] INFO  impl.RoleInfo (RoleInfo.java:shutdownFollowerState(108)) - f5800447-0e6f-4f9e-a68b-d392c1661b2f: shutdown f5800447-0e6f-4f9e-a68b-d392c1661b2f@group-441A50764A11-FollowerState
2021-01-18 04:01:08,449 [grpc-default-executor-3] INFO  impl.RoleInfo (RoleInfo.java:updateAndGet(130)) - f5800447-0e6f-4f9e-a68b-d392c1661b2f: start f5800447-0e6f-4f9e-a68b-d392c1661b2f@group-441A50764A11-FollowerState
2021-01-18 04:01:08,449 [Thread-270] INFO  impl.FollowerState (FollowerState.java:run(142)) - f5800447-0e6f-4f9e-a68b-d392c1661b2f@group-441A50764A11-FollowerState was interrupted: {}
java.lang.InterruptedException: sleep interrupted
	at java.lang.Thread.sleep(Native Method)
	at java.lang.Thread.sleep(Thread.java:340)
	at java.util.concurrent.TimeUnit.sleep(TimeUnit.java:386)
	at org.apache.ratis.util.TimeDuration.sleep(TimeDuration.java:324)
	at org.apache.ratis.util.TimeDuration.sleep(TimeDuration.java:309)
	at org.apache.ratis.server.impl.FollowerState.run(FollowerState.java:117)
2021-01-18 04:01:08,449 [grpc-default-executor-2] INFO  server.RaftServer$Division (RaftServerImpl.java:requestPreVote(1060)) - df0f9015-da7a-4d9e-bc36-4c543188710b@group-441A50764A11: receive preVote(418e6855-184b-4135-9b3f-1bec60925ac4, group-441A50764A11, 0, (t:0, i:0))
2021-01-18 04:01:08,450 [grpc-default-executor-2] INFO  server.RaftServer$Division (RaftServerImpl.java:requestPreVote(1081)) - df0f9015-da7a-4d9e-bc36-4c543188710b@group-441A50764A11 role: FOLLOWER allow pre-vote from:418e6855-184b-4135-9b3f-1bec60925ac4
2021-01-18 04:01:08,450 [grpc-default-executor-2] INFO  server.RaftServer$Division (RaftServerImpl.java:requestPreVote(1099)) - df0f9015-da7a-4d9e-bc36-4c543188710b@group-441A50764A11 replies to pre-vote request: 418e6855-184b-4135-9b3f-1bec60925ac4<-df0f9015-da7a-4d9e-bc36-4c543188710b#0:OK-t0. Peer's state: df0f9015-da7a-4d9e-bc36-4c543188710b@group-441A50764A11:t0, leader=null, voted=, raftlog=df0f9015-da7a-4d9e-bc36-4c543188710b@group-441A50764A11-SegmentedRaftLog:OPENED:c-1,f-1,i0, conf=-1: [418e6855-184b-4135-9b3f-1bec60925ac4|rpc:172.17.0.2:35341|priority:1, f5800447-0e6f-4f9e-a68b-d392c1661b2f|rpc:172.17.0.2:42137|priority:0, df0f9015-da7a-4d9e-bc36-4c543188710b|rpc:172.17.0.2:40651|priority:0], old=null
2021-01-18 04:01:08,452 [grpc-default-executor-3] INFO  server.RaftServer$Division (RaftServerImpl.java:requestVote(1137)) -  FOLLOWER f5800447-0e6f-4f9e-a68b-d392c1661b2f@group-441A50764A11:t1, leader=null, voted=null, raftlog=f5800447-0e6f-4f9e-a68b-d392c1661b2f@group-441A50764A11-SegmentedRaftLog:OPENED:c-1,f-1,i0, conf=-1: [418e6855-184b-4135-9b3f-1bec60925ac4|rpc:172.17.0.2:35341|dataStream:|priority:1, f5800447-0e6f-4f9e-a68b-d392c1661b2f|rpc:172.17.0.2:42137|dataStream:|priority:0, df0f9015-da7a-4d9e-bc36-4c543188710b|rpc:172.17.0.2:40651|dataStream:|priority:0], old=null RUNNING priority:0 candidate:418e6855-184b-4135-9b3f-1bec60925ac4|rpc:172.17.0.2:35341|dataStream:|priority:1 candidatePriority:1 compare:0
2021-01-18 04:01:08,459 [grpc-default-executor-2] INFO  server.RaftServer$Division (RaftServerImpl.java:setRole(283)) - df0f9015-da7a-4d9e-bc36-4c543188710b@group-441A50764A11: changes role from  FOLLOWER to FOLLOWER at term 1 for recognizeCandidate:418e6855-184b-4135-9b3f-1bec60925ac4
2021-01-18 04:01:08,461 [grpc-default-executor-2] INFO  impl.RoleInfo (RoleInfo.java:shutdownFollowerState(108)) - df0f9015-da7a-4d9e-bc36-4c543188710b: shutdown df0f9015-da7a-4d9e-bc36-4c543188710b@group-441A50764A11-FollowerState
2021-01-18 04:01:08,461 [grpc-default-executor-2] INFO  impl.RoleInfo (RoleInfo.java:updateAndGet(130)) - df0f9015-da7a-4d9e-bc36-4c543188710b: start df0f9015-da7a-4d9e-bc36-4c543188710b@group-441A50764A11-FollowerState
2021-01-18 04:01:08,461 [Thread-301] INFO  impl.FollowerState (FollowerState.java:run(142)) - df0f9015-da7a-4d9e-bc36-4c543188710b@group-441A50764A11-FollowerState was interrupted: {}
java.lang.InterruptedException: sleep interrupted
	at java.lang.Thread.sleep(Native Method)
	at java.lang.Thread.sleep(Thread.java:340)
	at java.util.concurrent.TimeUnit.sleep(TimeUnit.java:386)
	at org.apache.ratis.util.TimeDuration.sleep(TimeDuration.java:324)
	at org.apache.ratis.util.TimeDuration.sleep(TimeDuration.java:309)
	at org.apache.ratis.server.impl.FollowerState.run(FollowerState.java:117)
2021-01-18 04:01:08,461 [418e6855-184b-4135-9b3f-1bec60925ac4@group-441A50764A11-LeaderElection7] INFO  impl.LeaderElection (LeaderElection.java:logAndReturn(68)) - 418e6855-184b-4135-9b3f-1bec60925ac4@group-441A50764A11-LeaderElection7: Election  PASSED received 1 response(s):[418e6855-184b-4135-9b3f-1bec60925ac4<-f5800447-0e6f-4f9e-a68b-d392c1661b2f#0:OK-t1]
2021-01-18 04:01:08,467 [418e6855-184b-4135-9b3f-1bec60925ac4@group-441A50764A11-LeaderElection7] INFO  impl.RoleInfo (RoleInfo.java:shutdownLeaderElection(121)) - 418e6855-184b-4135-9b3f-1bec60925ac4: shutdown 418e6855-184b-4135-9b3f-1bec60925ac4@group-441A50764A11-LeaderElection7
2021-01-18 04:01:08,467 [418e6855-184b-4135-9b3f-1bec60925ac4@group-441A50764A11-LeaderElection7] INFO  server.RaftServer$Division (RaftServerImpl.java:setRole(283)) - 418e6855-184b-4135-9b3f-1bec60925ac4@group-441A50764A11: changes role from CANDIDATE to LEADER at term 1 for changeToLeader
2021-01-18 04:01:08,467 [418e6855-184b-4135-9b3f-1bec60925ac4@group-441A50764A11-LeaderElection7] INFO  ratis.XceiverServerRatis (XceiverServerRatis.java:handleLeaderChangedNotification(868)) - Leader change notification received for group: group-441A50764A11 with new leaderId: 418e6855-184b-4135-9b3f-1bec60925ac4
2021-01-18 04:01:08,467 [418e6855-184b-4135-9b3f-1bec60925ac4@group-441A50764A11-LeaderElection7] INFO  server.RaftServer$Division (ServerState.java:setLeader(249)) - 418e6855-184b-4135-9b3f-1bec60925ac4@group-441A50764A11: change Leader from null to 418e6855-184b-4135-9b3f-1bec60925ac4 at term 1 for becomeLeader, leader elected after 5278ms
2021-01-18 04:01:08,467 [418e6855-184b-4135-9b3f-1bec60925ac4@group-441A50764A11-LeaderElection7] INFO  server.RaftServerConfigKeys (ConfUtils.java:logGet(44)) - raft.server.staging.catchup.gap = 1000 (default)
2021-01-18 04:01:08,467 [418e6855-184b-4135-9b3f-1bec60925ac4@group-441A50764A11-LeaderElection7] INFO  metrics.RatisMetrics (RatisMetrics.java:lambda$create$0(36)) - Creating Metrics Registry : ratis.log_appender.418e6855-184b-4135-9b3f-1bec60925ac4@group-441A50764A11
2021-01-18 04:01:08,467 [418e6855-184b-4135-9b3f-1bec60925ac4@group-441A50764A11-LeaderElection7] INFO  server.RaftServerConfigKeys (ConfUtils.java:logGet(44)) - raft.server.write.element-limit = 1024 (custom)
2021-01-18 04:01:08,467 [418e6855-184b-4135-9b3f-1bec60925ac4@group-441A50764A11-LeaderElection7] INFO  server.RaftServerConfigKeys (ConfUtils.java:logGet(44)) - raft.server.write.byte-limit = 1073741824 (custom)
2021-01-18 04:01:08,468 [418e6855-184b-4135-9b3f-1bec60925ac4@group-441A50764A11-LeaderElection7] INFO  server.RaftServerConfigKeys (ConfUtils.java:logGet(44)) - raft.server.watch.timeout = 180s (custom)
2021-01-18 04:01:08,468 [418e6855-184b-4135-9b3f-1bec60925ac4@group-441A50764A11-LeaderElection7] INFO  server.RaftServerConfigKeys (ConfUtils.java:logGet(44)) - raft.server.watch.timeout.denomination = 1s (default)
2021-01-18 04:01:08,468 [418e6855-184b-4135-9b3f-1bec60925ac4@group-441A50764A11-LeaderElection7] INFO  server.RaftServerConfigKeys (ConfUtils.java:logGet(44)) - raft.server.watch.element-limit = 65536 (default)
2021-01-18 04:01:08,468 [418e6855-184b-4135-9b3f-1bec60925ac4@group-441A50764A11-LeaderElection7] INFO  server.RaftServerConfigKeys (ConfUtils.java:logGet(44)) - raft.server.log.appender.snapshot.chunk.size.max = 16MB (=16777216) (default)
2021-01-18 04:01:08,468 [418e6855-184b-4135-9b3f-1bec60925ac4@group-441A50764A11-LeaderElection7] INFO  server.RaftServerConfigKeys (ConfUtils.java:logGet(44)) - raft.server.log.appender.buffer.byte-limit = 33554432 (custom)
2021-01-18 04:01:08,468 [418e6855-184b-4135-9b3f-1bec60925ac4@group-441A50764A11-LeaderElection7] INFO  server.RaftServerConfigKeys (ConfUtils.java:logGet(44)) - raft.server.log.appender.buffer.element-limit = 1 (custom)
2021-01-18 04:01:08,468 [418e6855-184b-4135-9b3f-1bec60925ac4@group-441A50764A11-LeaderElection7] INFO  grpc.GrpcConfigKeys (ConfUtils.java:logGet(44)) - raft.grpc.server.leader.outstanding.appends.max = 128 (default)
2021-01-18 04:01:08,468 [418e6855-184b-4135-9b3f-1bec60925ac4@group-441A50764A11-LeaderElection7] INFO  server.RaftServerConfigKeys (ConfUtils.java:logGet(44)) - raft.server.rpc.request.timeout = 60s (custom)
2021-01-18 04:01:08,468 [418e6855-184b-4135-9b3f-1bec60925ac4@group-441A50764A11-LeaderElection7] INFO  server.RaftServerConfigKeys (ConfUtils.java:logGet(44)) - raft.server.log.appender.install.snapshot.enabled = false (custom)
2021-01-18 04:01:08,468 [418e6855-184b-4135-9b3f-1bec60925ac4@group-441A50764A11-LeaderElection7] INFO  metrics.RatisMetrics (RatisMetrics.java:lambda$create$0(36)) - Creating Metrics Registry : ratis_grpc.log_appender.418e6855-184b-4135-9b3f-1bec60925ac4@group-441A50764A11
2021-01-18 04:01:08,469 [418e6855-184b-4135-9b3f-1bec60925ac4@group-441A50764A11-LeaderElection7] INFO  server.RaftServerConfigKeys (ConfUtils.java:logGet(44)) - raft.server.log.appender.snapshot.chunk.size.max = 16MB (=16777216) (default)
2021-01-18 04:01:08,469 [418e6855-184b-4135-9b3f-1bec60925ac4@group-441A50764A11-LeaderElection7] INFO  server.RaftServerConfigKeys (ConfUtils.java:logGet(44)) - raft.server.log.appender.buffer.byte-limit = 33554432 (custom)
2021-01-18 04:01:08,469 [418e6855-184b-4135-9b3f-1bec60925ac4@group-441A50764A11-LeaderElection7] INFO  server.RaftServerConfigKeys (ConfUtils.java:logGet(44)) - raft.server.log.appender.buffer.element-limit = 1 (custom)
2021-01-18 04:01:08,469 [418e6855-184b-4135-9b3f-1bec60925ac4@group-441A50764A11-LeaderElection7] INFO  grpc.GrpcConfigKeys (ConfUtils.java:logGet(44)) - raft.grpc.server.leader.outstanding.appends.max = 128 (default)
2021-01-18 04:01:08,469 [418e6855-184b-4135-9b3f-1bec60925ac4@group-441A50764A11-LeaderElection7] INFO  server.RaftServerConfigKeys (ConfUtils.java:logGet(44)) - raft.server.rpc.request.timeout = 60s (custom)
2021-01-18 04:01:08,469 [418e6855-184b-4135-9b3f-1bec60925ac4@group-441A50764A11-LeaderElection7] INFO  server.RaftServerConfigKeys (ConfUtils.java:logGet(44)) - raft.server.log.appender.install.snapshot.enabled = false (custom)
2021-01-18 04:01:08,470 [418e6855-184b-4135-9b3f-1bec60925ac4@group-441A50764A11-LeaderElection7] INFO  impl.RoleInfo (RoleInfo.java:updateAndGet(130)) - 418e6855-184b-4135-9b3f-1bec60925ac4: start 418e6855-184b-4135-9b3f-1bec60925ac4@group-441A50764A11-LeaderStateImpl
2021-01-18 04:01:08,470 [418e6855-184b-4135-9b3f-1bec60925ac4@group-441A50764A11-LeaderElection7] INFO  segmented.SegmentedRaftLogWorker (SegmentedRaftLogWorker.java:startLogSegment(392)) - 418e6855-184b-4135-9b3f-1bec60925ac4@group-441A50764A11-SegmentedRaftLogWorker: Starting segment from index:0
2021-01-18 04:01:08,461 [grpc-default-executor-2] INFO  server.RaftServer$Division (RaftServerImpl.java:requestVote(1137)) -  FOLLOWER df0f9015-da7a-4d9e-bc36-4c543188710b@group-441A50764A11:t1, leader=null, voted=null, raftlog=df0f9015-da7a-4d9e-bc36-4c543188710b@group-441A50764A11-SegmentedRaftLog:OPENED:c-1,f-1,i0, conf=-1: [418e6855-184b-4135-9b3f-1bec60925ac4|rpc:172.17.0.2:35341|priority:1, f5800447-0e6f-4f9e-a68b-d392c1661b2f|rpc:172.17.0.2:42137|priority:0, df0f9015-da7a-4d9e-bc36-4c543188710b|rpc:172.17.0.2:40651|priority:0], old=null RUNNING priority:0 candidate:418e6855-184b-4135-9b3f-1bec60925ac4|rpc:172.17.0.2:35341|priority:1 candidatePriority:1 compare:0
2021-01-18 04:01:08,473 [418e6855-184b-4135-9b3f-1bec60925ac4@group-441A50764A11-SegmentedRaftLogWorker] INFO  segmented.SegmentedRaftLogWorker (SegmentedRaftLogWorker.java:execute(599)) - 418e6855-184b-4135-9b3f-1bec60925ac4@group-441A50764A11-SegmentedRaftLogWorker: created new log segment /github/workspace/mnt/ozone/hadoop-ozone/integration-test/target/test-dir/MiniOzoneClusterImpl-5bc51996-b728-448b-b7ee-2f27b8cece2b/datanode-1/data/ratis/4570ca6b-7f19-4027-8dc5-441a50764a11/current/log_inprogress_0
2021-01-18 04:01:08,484 [418e6855-184b-4135-9b3f-1bec60925ac4@group-441A50764A11-LeaderElection7] INFO  server.RaftServer$Division (ServerState.java:setRaftConf(368)) - 418e6855-184b-4135-9b3f-1bec60925ac4@group-441A50764A11: set configuration 0: [418e6855-184b-4135-9b3f-1bec60925ac4|rpc:172.17.0.2:35341|dataStream:|priority:1, f5800447-0e6f-4f9e-a68b-d392c1661b2f|rpc:172.17.0.2:42137|dataStream:|priority:0, df0f9015-da7a-4d9e-bc36-4c543188710b|rpc:172.17.0.2:40651|dataStream:|priority:0], old=null
2021-01-18 04:01:08,490 [grpc-default-executor-0] INFO  ratis.XceiverServerRatis (XceiverServerRatis.java:handleLeaderChangedNotification(868)) - Leader change notification received for group: group-441A50764A11 with new leaderId: 418e6855-184b-4135-9b3f-1bec60925ac4
2021-01-18 04:01:08,490 [grpc-default-executor-0] INFO  server.RaftServer$Division (ServerState.java:setLeader(249)) - f5800447-0e6f-4f9e-a68b-d392c1661b2f@group-441A50764A11: change Leader from null to 418e6855-184b-4135-9b3f-1bec60925ac4 at term 1 for appendEntries, leader elected after 5139ms
2021-01-18 04:01:08,490 [grpc-default-executor-2] INFO  ratis.XceiverServerRatis (XceiverServerRatis.java:handleLeaderChangedNotification(868)) - Leader change notification received for group: group-441A50764A11 with new leaderId: 418e6855-184b-4135-9b3f-1bec60925ac4
2021-01-18 04:01:08,490 [grpc-default-executor-2] INFO  server.RaftServer$Division (ServerState.java:setLeader(249)) - df0f9015-da7a-4d9e-bc36-4c543188710b@group-441A50764A11: change Leader from null to 418e6855-184b-4135-9b3f-1bec60925ac4 at term 1 for appendEntries, leader elected after 5419ms
2021-01-18 04:01:08,496 [grpc-default-executor-0] INFO  server.RaftServer$Division (ServerState.java:setRaftConf(368)) - f5800447-0e6f-4f9e-a68b-d392c1661b2f@group-441A50764A11: set configuration 0: [418e6855-184b-4135-9b3f-1bec60925ac4|rpc:172.17.0.2:35341|dataStream:|priority:1, f5800447-0e6f-4f9e-a68b-d392c1661b2f|rpc:172.17.0.2:42137|dataStream:|priority:0, df0f9015-da7a-4d9e-bc36-4c543188710b|rpc:172.17.0.2:40651|dataStream:|priority:0], old=null
2021-01-18 04:01:08,496 [grpc-default-executor-0] INFO  segmented.SegmentedRaftLogWorker (SegmentedRaftLogWorker.java:startLogSegment(392)) - f5800447-0e6f-4f9e-a68b-d392c1661b2f@group-441A50764A11-SegmentedRaftLogWorker: Starting segment from index:0
2021-01-18 04:01:08,497 [EventQueue-PipelineReportForPipelineReportHandler] INFO  pipeline.PipelineStateManager (PipelineStateManager.java:openPipeline(132)) - Pipeline Pipeline[ Id: 4570ca6b-7f19-4027-8dc5-441a50764a11, Nodes: 418e6855-184b-4135-9b3f-1bec60925ac4{ip: 172.17.0.2, host: d01bdcf5d4c9, networkLocation: /default-rack, certSerialId: null, persistedOpState: IN_SERVICE, persistedOpStateExpiryEpochSec: 0}f5800447-0e6f-4f9e-a68b-d392c1661b2f{ip: 172.17.0.2, host: d01bdcf5d4c9, networkLocation: /default-rack, certSerialId: null, persistedOpState: IN_SERVICE, persistedOpStateExpiryEpochSec: 0}df0f9015-da7a-4d9e-bc36-4c543188710b{ip: 172.17.0.2, host: d01bdcf5d4c9, networkLocation: /default-rack, certSerialId: null, persistedOpState: IN_SERVICE, persistedOpStateExpiryEpochSec: 0}, Type:RATIS, Factor:THREE, State:ALLOCATED, leaderId:418e6855-184b-4135-9b3f-1bec60925ac4, CreationTimestamp2021-01-18T04:01:00.803Z] moved to OPEN state
2021-01-18 04:01:08,497 [EventQueue-PipelineReportForOneReplicaPipelineSafeModeRule] INFO  safemode.SCMSafeModeManager (SCMSafeModeManager.java:validateSafeModeExitRules(214)) - AtleastOneDatanodeReportedRule rule is successfully validated
2021-01-18 04:01:08,497 [EventQueue-OpenPipelineForHealthyPipelineSafeModeRule] INFO  safemode.SCMSafeModeManager (HealthyPipelineSafeModeRule.java:process(128)) - SCM in safe mode. Healthy pipelines reported count is 0, required healthy pipeline reported count is 1
2021-01-18 04:01:08,501 [EventQueue-OpenPipelineForHealthyPipelineSafeModeRule] INFO  safemode.SCMSafeModeManager (HealthyPipelineSafeModeRule.java:process(128)) - SCM in safe mode. Healthy pipelines reported count is 1, required healthy pipeline reported count is 1
2021-01-18 04:01:08,501 [EventQueue-OpenPipelineForHealthyPipelineSafeModeRule] INFO  safemode.SCMSafeModeManager (SCMSafeModeManager.java:validateSafeModeExitRules(214)) - HealthyPipelineSafeModeRule rule is successfully validated
2021-01-18 04:01:08,501 [EventQueue-OpenPipelineForHealthyPipelineSafeModeRule] INFO  safemode.SCMSafeModeManager (SCMSafeModeManager.java:validateSafeModeExitRules(228)) - ScmSafeModeManager, all rules are successfully validated
2021-01-18 04:01:08,501 [EventQueue-OpenPipelineForHealthyPipelineSafeModeRule] INFO  safemode.SCMSafeModeManager (SCMSafeModeManager.java:exitSafeMode(257)) - SCM exiting safe mode.
2021-01-18 04:01:08,504 [f5800447-0e6f-4f9e-a68b-d392c1661b2f@group-441A50764A11-SegmentedRaftLogWorker] INFO  segmented.SegmentedRaftLogWorker (SegmentedRaftLogWorker.java:execute(599)) - f5800447-0e6f-4f9e-a68b-d392c1661b2f@group-441A50764A11-SegmentedRaftLogWorker: created new log segment /github/workspace/mnt/ozone/hadoop-ozone/integration-test/target/test-dir/MiniOzoneClusterImpl-5bc51996-b728-448b-b7ee-2f27b8cece2b/datanode-2/data/ratis/4570ca6b-7f19-4027-8dc5-441a50764a11/current/log_inprogress_0
2021-01-18 04:01:08,519 [grpc-default-executor-2] INFO  server.RaftServer$Division (ServerState.java:setRaftConf(368)) - df0f9015-da7a-4d9e-bc36-4c543188710b@group-441A50764A11: set configuration 0: [418e6855-184b-4135-9b3f-1bec60925ac4|rpc:172.17.0.2:35341|dataStream:|priority:1, f5800447-0e6f-4f9e-a68b-d392c1661b2f|rpc:172.17.0.2:42137|dataStream:|priority:0, df0f9015-da7a-4d9e-bc36-4c543188710b|rpc:172.17.0.2:40651|dataStream:|priority:0], old=null
2021-01-18 04:01:08,520 [grpc-default-executor-2] INFO  segmented.SegmentedRaftLogWorker (SegmentedRaftLogWorker.java:startLogSegment(392)) - df0f9015-da7a-4d9e-bc36-4c543188710b@group-441A50764A11-SegmentedRaftLogWorker: Starting segment from index:0
2021-01-18 04:01:08,528 [Thread-277] INFO  impl.FollowerState (FollowerState.java:run(133)) - 418e6855-184b-4135-9b3f-1bec60925ac4@group-C715DC14BD3A-FollowerState: change to CANDIDATE, lastRpcElapsedTime:5032798861ns, electionTimeout:5024ms
2021-01-18 04:01:08,528 [Thread-277] INFO  impl.RoleInfo (RoleInfo.java:shutdownFollowerState(108)) - 418e6855-184b-4135-9b3f-1bec60925ac4: shutdown 418e6855-184b-4135-9b3f-1bec60925ac4@group-C715DC14BD3A-FollowerState
2021-01-18 04:01:08,528 [Thread-277] INFO  server.RaftServer$Division (RaftServerImpl.java:setRole(283)) - 418e6855-184b-4135-9b3f-1bec60925ac4@group-C715DC14BD3A: changes role from  FOLLOWER to CANDIDATE at term 0 for changeToCandidate
2021-01-18 04:01:08,528 [Thread-277] INFO  impl.RoleInfo (RoleInfo.java:updateAndGet(130)) - 418e6855-184b-4135-9b3f-1bec60925ac4: start 418e6855-184b-4135-9b3f-1bec60925ac4@group-C715DC14BD3A-LeaderElection8
2021-01-18 04:01:08,537 [Thread-273] INFO  impl.FollowerState (FollowerState.java:run(133)) - df0f9015-da7a-4d9e-bc36-4c543188710b@group-C715DC14BD3A-FollowerState: change to CANDIDATE, lastRpcElapsedTime:5130376951ns, electionTimeout:5125ms
2021-01-18 04:01:08,537 [Thread-273] INFO  impl.RoleInfo (RoleInfo.java:shutdownFollowerState(108)) - df0f9015-da7a-4d9e-bc36-4c543188710b: shutdown df0f9015-da7a-4d9e-bc36-4c543188710b@group-C715DC14BD3A-FollowerState
2021-01-18 04:01:08,538 [Thread-273] INFO  server.RaftServer$Division (RaftServerImpl.java:setRole(283)) - df0f9015-da7a-4d9e-bc36-4c543188710b@group-C715DC14BD3A: changes role from  FOLLOWER to CANDIDATE at term 0 for changeToCandidate
2021-01-18 04:01:08,538 [Thread-273] INFO  impl.RoleInfo (RoleInfo.java:updateAndGet(130)) - df0f9015-da7a-4d9e-bc36-4c543188710b: start df0f9015-da7a-4d9e-bc36-4c543188710b@group-C715DC14BD3A-LeaderElection9
2021-01-18 04:01:08,541 [df0f9015-da7a-4d9e-bc36-4c543188710b@group-441A50764A11-SegmentedRaftLogWorker] INFO  segmented.SegmentedRaftLogWorker (SegmentedRaftLogWorker.java:execute(599)) - df0f9015-da7a-4d9e-bc36-4c543188710b@group-441A50764A11-SegmentedRaftLogWorker: created new log segment /github/workspace/mnt/ozone/hadoop-ozone/integration-test/target/test-dir/MiniOzoneClusterImpl-5bc51996-b728-448b-b7ee-2f27b8cece2b/datanode-0/data/ratis/4570ca6b-7f19-4027-8dc5-441a50764a11/current/log_inprogress_0
2021-01-18 04:01:08,572 [418e6855-184b-4135-9b3f-1bec60925ac4@group-C715DC14BD3A-LeaderElection8] INFO  impl.LeaderElection (LeaderElection.java:askForPreVotes(259)) - 418e6855-184b-4135-9b3f-1bec60925ac4@group-C715DC14BD3A-LeaderElection8: begin a pre-vote at term 0 for -1: [418e6855-184b-4135-9b3f-1bec60925ac4|rpc:172.17.0.2:35341|dataStream:|priority:0, f5800447-0e6f-4f9e-a68b-d392c1661b2f|rpc:172.17.0.2:42137|dataStream:|priority:1, df0f9015-da7a-4d9e-bc36-4c543188710b|rpc:172.17.0.2:40651|dataStream:|priority:0], old=null
2021-01-18 04:01:08,572 [df0f9015-da7a-4d9e-bc36-4c543188710b@group-C715DC14BD3A-LeaderElection9] INFO  impl.LeaderElection (LeaderElection.java:askForPreVotes(259)) - df0f9015-da7a-4d9e-bc36-4c543188710b@group-C715DC14BD3A-LeaderElection9: begin a pre-vote at term 0 for -1: [418e6855-184b-4135-9b3f-1bec60925ac4|rpc:172.17.0.2:35341|priority:0, f5800447-0e6f-4f9e-a68b-d392c1661b2f|rpc:172.17.0.2:42137|priority:1, df0f9015-da7a-4d9e-bc36-4c543188710b|rpc:172.17.0.2:40651|priority:0], old=null
2021-01-18 04:01:08,586 [grpc-default-executor-2] INFO  server.RaftServer$Division (RaftServerImpl.java:requestPreVote(1060)) - f5800447-0e6f-4f9e-a68b-d392c1661b2f@group-C715DC14BD3A: receive preVote(418e6855-184b-4135-9b3f-1bec60925ac4, group-C715DC14BD3A, 0, (t:0, i:0))
2021-01-18 04:01:08,605 [grpc-default-executor-2] INFO  server.RaftServer$Division (RaftServerImpl.java:requestPreVote(1083)) - f5800447-0e6f-4f9e-a68b-d392c1661b2f@group-C715DC14BD3A role: FOLLOWER reject pre-vote from:418e6855-184b-4135-9b3f-1bec60925ac4 because compare:0 isCurrentLeaderValid:false
2021-01-18 04:01:08,605 [grpc-default-executor-2] INFO  server.RaftServer$Division (RaftServerImpl.java:requestPreVote(1099)) - f5800447-0e6f-4f9e-a68b-d392c1661b2f@group-C715DC14BD3A replies to pre-vote request: 418e6855-184b-4135-9b3f-1bec60925ac4<-f5800447-0e6f-4f9e-a68b-d392c1661b2f#0:FAIL-t0. Peer's state: f5800447-0e6f-4f9e-a68b-d392c1661b2f@group-C715DC14BD3A:t0, leader=null, voted=, raftlog=f5800447-0e6f-4f9e-a68b-d392c1661b2f@group-C715DC14BD3A-SegmentedRaftLog:OPENED:c-1,f-1,i0, conf=-1: [418e6855-184b-4135-9b3f-1bec60925ac4|rpc:172.17.0.2:35341|dataStream:|priority:0, f5800447-0e6f-4f9e-a68b-d392c1661b2f|rpc:172.17.0.2:42137|dataStream:|priority:1, df0f9015-da7a-4d9e-bc36-4c543188710b|rpc:172.17.0.2:40651|dataStream:|priority:0], old=null
2021-01-18 04:01:08,606 [grpc-default-executor-3] INFO  server.RaftServer$Division (RaftServerImpl.java:requestPreVote(1060)) - 418e6855-184b-4135-9b3f-1bec60925ac4@group-C715DC14BD3A: receive preVote(df0f9015-da7a-4d9e-bc36-4c543188710b, group-C715DC14BD3A, 0, (t:0, i:0))
2021-01-18 04:01:08,606 [grpc-default-executor-3] INFO  server.RaftServer$Division (RaftServerImpl.java:requestPreVote(1081)) - 418e6855-184b-4135-9b3f-1bec60925ac4@group-C715DC14BD3A role:CANDIDATE allow pre-vote from:df0f9015-da7a-4d9e-bc36-4c543188710b
2021-01-18 04:01:08,606 [grpc-default-executor-3] INFO  server.RaftServer$Division (RaftServerImpl.java:requestPreVote(1099)) - 418e6855-184b-4135-9b3f-1bec60925ac4@group-C715DC14BD3A replies to pre-vote request: df0f9015-da7a-4d9e-bc36-4c543188710b<-418e6855-184b-4135-9b3f-1bec60925ac4#0:OK-t0. Peer's state: 418e6855-184b-4135-9b3f-1bec60925ac4@group-C715DC14BD3A:t0, leader=null, voted=, raftlog=418e6855-184b-4135-9b3f-1bec60925ac4@group-C715DC14BD3A-SegmentedRaftLog:OPENED:c-1,f-1,i0, conf=-1: [418e6855-184b-4135-9b3f-1bec60925ac4|rpc:172.17.0.2:35341|dataStream:|priority:0, f5800447-0e6f-4f9e-a68b-d392c1661b2f|rpc:172.17.0.2:42137|dataStream:|priority:1, df0f9015-da7a-4d9e-bc36-4c543188710b|rpc:172.17.0.2:40651|dataStream:|priority:0], old=null
2021-01-18 04:01:08,614 [grpc-default-executor-2] INFO  server.RaftServer$Division (RaftServerImpl.java:requestPreVote(1060)) - df0f9015-da7a-4d9e-bc36-4c543188710b@group-C715DC14BD3A: receive preVote(418e6855-184b-4135-9b3f-1bec60925ac4, group-C715DC14BD3A, 0, (t:0, i:0))
2021-01-18 04:01:08,615 [grpc-default-executor-2] INFO  server.RaftServer$Division (RaftServerImpl.java:requestPreVote(1081)) - df0f9015-da7a-4d9e-bc36-4c543188710b@group-C715DC14BD3A role:CANDIDATE allow pre-vote from:418e6855-184b-4135-9b3f-1bec60925ac4
2021-01-18 04:01:08,615 [grpc-default-executor-2] INFO  server.RaftServer$Division (RaftServerImpl.java:requestPreVote(1099)) - df0f9015-da7a-4d9e-bc36-4c543188710b@group-C715DC14BD3A replies to pre-vote request: 418e6855-184b-4135-9b3f-1bec60925ac4<-df0f9015-da7a-4d9e-bc36-4c543188710b#0:OK-t0. Peer's state: df0f9015-da7a-4d9e-bc36-4c543188710b@group-C715DC14BD3A:t0, leader=null, voted=, raftlog=df0f9015-da7a-4d9e-bc36-4c543188710b@group-C715DC14BD3A-SegmentedRaftLog:OPENED:c-1,f-1,i0, conf=-1: [418e6855-184b-4135-9b3f-1bec60925ac4|rpc:172.17.0.2:35341|priority:0, f5800447-0e6f-4f9e-a68b-d392c1661b2f|rpc:172.17.0.2:42137|priority:1, df0f9015-da7a-4d9e-bc36-4c543188710b|rpc:172.17.0.2:40651|priority:0], old=null
2021-01-18 04:01:08,616 [418e6855-184b-4135-9b3f-1bec60925ac4@group-C715DC14BD3A-LeaderElection8] INFO  impl.LeaderElection (LeaderElection.java:logAndReturn(68)) - 418e6855-184b-4135-9b3f-1bec60925ac4@group-C715DC14BD3A-LeaderElection8: Pre-vote  REJECTED received 1 response(s):[418e6855-184b-4135-9b3f-1bec60925ac4<-f5800447-0e6f-4f9e-a68b-d392c1661b2f#0:FAIL-t0]
2021-01-18 04:01:08,620 [418e6855-184b-4135-9b3f-1bec60925ac4@group-C715DC14BD3A-LeaderElection8] INFO  impl.LeaderElection (LeaderElection.java:askForPreVotes(261)) - 418e6855-184b-4135-9b3f-1bec60925ac4@group-C715DC14BD3A-LeaderElection8 pre-vote result is REJECTED.
2021-01-18 04:01:08,620 [418e6855-184b-4135-9b3f-1bec60925ac4@group-C715DC14BD3A-LeaderElection8] INFO  server.RaftServer$Division (RaftServerImpl.java:setRole(283)) - 418e6855-184b-4135-9b3f-1bec60925ac4@group-C715DC14BD3A: changes role from CANDIDATE to FOLLOWER at term 0 for REJECTED
2021-01-18 04:01:08,620 [418e6855-184b-4135-9b3f-1bec60925ac4@group-C715DC14BD3A-LeaderElection8] INFO  impl.RoleInfo (RoleInfo.java:shutdownLeaderElection(121)) - 418e6855-184b-4135-9b3f-1bec60925ac4: shutdown 418e6855-184b-4135-9b3f-1bec60925ac4@group-C715DC14BD3A-LeaderElection8
2021-01-18 04:01:08,620 [418e6855-184b-4135-9b3f-1bec60925ac4@group-C715DC14BD3A-LeaderElection8] INFO  impl.RoleInfo (RoleInfo.java:updateAndGet(130)) - 418e6855-184b-4135-9b3f-1bec60925ac4: start 418e6855-184b-4135-9b3f-1bec60925ac4@group-C715DC14BD3A-FollowerState
2021-01-18 04:01:08,624 [grpc-default-executor-1] WARN  server.GrpcLogAppender (LogUtils.java:warn(122)) - omNode-2@group-523986131536->omNode-3-AppendLogResponseHandler: Failed appendEntries: org.apache.ratis.thirdparty.io.grpc.StatusRuntimeException: UNAVAILABLE: io exception
2021-01-18 04:01:08,625 [grpc-default-executor-2] INFO  server.RaftServer$Division (RaftServerImpl.java:requestPreVote(1060)) - f5800447-0e6f-4f9e-a68b-d392c1661b2f@group-C715DC14BD3A: receive preVote(df0f9015-da7a-4d9e-bc36-4c543188710b, group-C715DC14BD3A, 0, (t:0, i:0))
2021-01-18 04:01:08,625 [grpc-default-executor-2] INFO  server.RaftServer$Division (RaftServerImpl.java:requestPreVote(1083)) - f5800447-0e6f-4f9e-a68b-d392c1661b2f@group-C715DC14BD3A role: FOLLOWER reject pre-vote from:df0f9015-da7a-4d9e-bc36-4c543188710b because compare:0 isCurrentLeaderValid:false
2021-01-18 04:01:08,625 [grpc-default-executor-2] INFO  server.RaftServer$Division (RaftServerImpl.java:requestPreVote(1099)) - f5800447-0e6f-4f9e-a68b-d392c1661b2f@group-C715DC14BD3A replies to pre-vote request: df0f9015-da7a-4d9e-bc36-4c543188710b<-f5800447-0e6f-4f9e-a68b-d392c1661b2f#0:FAIL-t0. Peer's state: f5800447-0e6f-4f9e-a68b-d392c1661b2f@group-C715DC14BD3A:t0, leader=null, voted=, raftlog=f5800447-0e6f-4f9e-a68b-d392c1661b2f@group-C715DC14BD3A-SegmentedRaftLog:OPENED:c-1,f-1,i0, conf=-1: [418e6855-184b-4135-9b3f-1bec60925ac4|rpc:172.17.0.2:35341|dataStream:|priority:0, f5800447-0e6f-4f9e-a68b-d392c1661b2f|rpc:172.17.0.2:42137|dataStream:|priority:1, df0f9015-da7a-4d9e-bc36-4c543188710b|rpc:172.17.0.2:40651|dataStream:|priority:0], old=null
2021-01-18 04:01:08,626 [df0f9015-da7a-4d9e-bc36-4c543188710b@group-C715DC14BD3A-LeaderElection9] INFO  impl.LeaderElection (LeaderElection.java:logAndReturn(68)) - df0f9015-da7a-4d9e-bc36-4c543188710b@group-C715DC14BD3A-LeaderElection9: Pre-vote  REJECTED received 2 response(s):[df0f9015-da7a-4d9e-bc36-4c543188710b<-418e6855-184b-4135-9b3f-1bec60925ac4#0:OK-t0, df0f9015-da7a-4d9e-bc36-4c543188710b<-f5800447-0e6f-4f9e-a68b-d392c1661b2f#0:FAIL-t0]
2021-01-18 04:01:08,626 [df0f9015-da7a-4d9e-bc36-4c543188710b@group-C715DC14BD3A-LeaderElection9] INFO  impl.LeaderElection (LeaderElection.java:askForPreVotes(261)) - df0f9015-da7a-4d9e-bc36-4c543188710b@group-C715DC14BD3A-LeaderElection9 pre-vote result is REJECTED.
2021-01-18 04:01:08,626 [df0f9015-da7a-4d9e-bc36-4c543188710b@group-C715DC14BD3A-LeaderElection9] INFO  server.RaftServer$Division (RaftServerImpl.java:setRole(283)) - df0f9015-da7a-4d9e-bc36-4c543188710b@group-C715DC14BD3A: changes role from CANDIDATE to FOLLOWER at term 0 for REJECTED
2021-01-18 04:01:08,626 [df0f9015-da7a-4d9e-bc36-4c543188710b@group-C715DC14BD3A-LeaderElection9] INFO  impl.RoleInfo (RoleInfo.java:shutdownLeaderElection(121)) - df0f9015-da7a-4d9e-bc36-4c543188710b: shutdown df0f9015-da7a-4d9e-bc36-4c543188710b@group-C715DC14BD3A-LeaderElection9
2021-01-18 04:01:08,626 [df0f9015-da7a-4d9e-bc36-4c543188710b@group-C715DC14BD3A-LeaderElection9] INFO  impl.RoleInfo (RoleInfo.java:updateAndGet(130)) - df0f9015-da7a-4d9e-bc36-4c543188710b: start df0f9015-da7a-4d9e-bc36-4c543188710b@group-C715DC14BD3A-FollowerState
2021-01-18 04:01:08,627 [grpc-default-executor-1] WARN  server.GrpcLogAppender (GrpcLogAppender.java:resetClient(111)) - omNode-2@group-523986131536->omNode-3-GrpcLogAppender: Leader has not got in touch with Follower omNode-2@group-523986131536->omNode-3(c-1,m0,n1, attendVote=true, lastRpcSendTime=3, lastRpcResponseTime=11881) yet, just keep nextIndex unchanged and retry.
2021-01-18 04:01:08,647 [Thread-276] INFO  impl.FollowerState (FollowerState.java:run(133)) - 418e6855-184b-4135-9b3f-1bec60925ac4@group-632E4C200255-FollowerState: change to CANDIDATE, lastRpcElapsedTime:5158589764ns, electionTimeout:5147ms
2021-01-18 04:01:08,647 [Thread-276] INFO  impl.RoleInfo (RoleInfo.java:shutdownFollowerState(108)) - 418e6855-184b-4135-9b3f-1bec60925ac4: shutdown 418e6855-184b-4135-9b3f-1bec60925ac4@group-632E4C200255-FollowerState
2021-01-18 04:01:08,647 [Thread-276] INFO  server.RaftServer$Division (RaftServerImpl.java:setRole(283)) - 418e6855-184b-4135-9b3f-1bec60925ac4@group-632E4C200255: changes role from  FOLLOWER to CANDIDATE at term 0 for changeToCandidate
2021-01-18 04:01:08,648 [Thread-276] INFO  impl.RoleInfo (RoleInfo.java:updateAndGet(130)) - 418e6855-184b-4135-9b3f-1bec60925ac4: start 418e6855-184b-4135-9b3f-1bec60925ac4@group-632E4C200255-LeaderElection10
2021-01-18 04:01:08,660 [Thread-282] INFO  impl.FollowerState (FollowerState.java:run(133)) - f5800447-0e6f-4f9e-a68b-d392c1661b2f@group-C715DC14BD3A-FollowerState: change to CANDIDATE, lastRpcElapsedTime:5094199407ns, electionTimeout:5089ms
2021-01-18 04:01:08,660 [Thread-282] INFO  impl.RoleInfo (RoleInfo.java:shutdownFollowerState(108)) - f5800447-0e6f-4f9e-a68b-d392c1661b2f: shutdown f5800447-0e6f-4f9e-a68b-d392c1661b2f@group-C715DC14BD3A-FollowerState
2021-01-18 04:01:08,660 [Thread-282] INFO  server.RaftServer$Division (RaftServerImpl.java:setRole(283)) - f5800447-0e6f-4f9e-a68b-d392c1661b2f@group-C715DC14BD3A: changes role from  FOLLOWER to CANDIDATE at term 0 for changeToCandidate
2021-01-18 04:01:08,660 [Thread-282] INFO  impl.RoleInfo (RoleInfo.java:updateAndGet(130)) - f5800447-0e6f-4f9e-a68b-d392c1661b2f: start f5800447-0e6f-4f9e-a68b-d392c1661b2f@group-C715DC14BD3A-LeaderElection11
2021-01-18 04:01:08,670 [418e6855-184b-4135-9b3f-1bec60925ac4@group-632E4C200255-LeaderElection10] INFO  impl.LeaderElection (LeaderElection.java:askForPreVotes(259)) - 418e6855-184b-4135-9b3f-1bec60925ac4@group-632E4C200255-LeaderElection10: begin a pre-vote at term 0 for -1: [418e6855-184b-4135-9b3f-1bec60925ac4|rpc:172.17.0.2:35341|priority:1], old=null
2021-01-18 04:01:08,670 [418e6855-184b-4135-9b3f-1bec60925ac4@group-632E4C200255-LeaderElection10] INFO  impl.LeaderElection (LeaderElection.java:askForPreVotes(261)) - 418e6855-184b-4135-9b3f-1bec60925ac4@group-632E4C200255-LeaderElection10 pre-vote result is PASSED.
2021-01-18 04:01:08,671 [f5800447-0e6f-4f9e-a68b-d392c1661b2f@group-C715DC14BD3A-LeaderElection11] INFO  impl.LeaderElection (LeaderElection.java:askForPreVotes(259)) - f5800447-0e6f-4f9e-a68b-d392c1661b2f@group-C715DC14BD3A-LeaderElection11: begin a pre-vote at term 0 for -1: [418e6855-184b-4135-9b3f-1bec60925ac4|rpc:172.17.0.2:35341|dataStream:|priority:0, f5800447-0e6f-4f9e-a68b-d392c1661b2f|rpc:172.17.0.2:42137|dataStream:|priority:1, df0f9015-da7a-4d9e-bc36-4c543188710b|rpc:172.17.0.2:40651|dataStream:|priority:0], old=null
2021-01-18 04:01:08,672 [418e6855-184b-4135-9b3f-1bec60925ac4@group-632E4C200255-LeaderElection10] INFO  impl.LeaderElection (LeaderElection.java:askForVotes(308)) - 418e6855-184b-4135-9b3f-1bec60925ac4@group-632E4C200255-LeaderElection10: begin an election at term 1 for -1: [418e6855-184b-4135-9b3f-1bec60925ac4|rpc:172.17.0.2:35341|priority:1], old=null
2021-01-18 04:01:08,672 [418e6855-184b-4135-9b3f-1bec60925ac4@group-632E4C200255-LeaderElection10] INFO  impl.RoleInfo (RoleInfo.java:shutdownLeaderElection(121)) - 418e6855-184b-4135-9b3f-1bec60925ac4: shutdown 418e6855-184b-4135-9b3f-1bec60925ac4@group-632E4C200255-LeaderElection10
2021-01-18 04:01:08,672 [418e6855-184b-4135-9b3f-1bec60925ac4@group-632E4C200255-LeaderElection10] INFO  server.RaftServer$Division (RaftServerImpl.java:setRole(283)) - 418e6855-184b-4135-9b3f-1bec60925ac4@group-632E4C200255: changes role from CANDIDATE to LEADER at term 1 for changeToLeader
2021-01-18 04:01:08,672 [418e6855-184b-4135-9b3f-1bec60925ac4@group-632E4C200255-LeaderElection10] INFO  ratis.XceiverServerRatis (XceiverServerRatis.java:handleLeaderChangedNotification(868)) - Leader change notification received for group: group-632E4C200255 with new leaderId: 418e6855-184b-4135-9b3f-1bec60925ac4
2021-01-18 04:01:08,674 [418e6855-184b-4135-9b3f-1bec60925ac4@group-632E4C200255-LeaderElection10] INFO  server.RaftServer$Division (ServerState.java:setLeader(249)) - 418e6855-184b-4135-9b3f-1bec60925ac4@group-632E4C200255: change Leader from null to 418e6855-184b-4135-9b3f-1bec60925ac4 at term 1 for becomeLeader, leader elected after 5232ms
2021-01-18 04:01:08,674 [418e6855-184b-4135-9b3f-1bec60925ac4@group-632E4C200255-LeaderElection10] INFO  server.RaftServerConfigKeys (ConfUtils.java:logGet(44)) - raft.server.staging.catchup.gap = 1000 (default)
2021-01-18 04:01:08,674 [418e6855-184b-4135-9b3f-1bec60925ac4@group-632E4C200255-LeaderElection10] INFO  metrics.RatisMetrics (RatisMetrics.java:lambda$create$0(36)) - Creating Metrics Registry : ratis.log_appender.418e6855-184b-4135-9b3f-1bec60925ac4@group-632E4C200255
2021-01-18 04:01:08,675 [418e6855-184b-4135-9b3f-1bec60925ac4@group-632E4C200255-LeaderElection10] INFO  server.RaftServerConfigKeys (ConfUtils.java:logGet(44)) - raft.server.write.element-limit = 1024 (custom)
2021-01-18 04:01:08,675 [418e6855-184b-4135-9b3f-1bec60925ac4@group-632E4C200255-LeaderElection10] INFO  server.RaftServerConfigKeys (ConfUtils.java:logGet(44)) - raft.server.write.byte-limit = 1073741824 (custom)
2021-01-18 04:01:08,675 [418e6855-184b-4135-9b3f-1bec60925ac4@group-632E4C200255-LeaderElection10] INFO  server.RaftServerConfigKeys (ConfUtils.java:logGet(44)) - raft.server.watch.timeout = 180s (custom)
2021-01-18 04:01:08,675 [418e6855-184b-4135-9b3f-1bec60925ac4@group-632E4C200255-LeaderElection10] INFO  server.RaftServerConfigKeys (ConfUtils.java:logGet(44)) - raft.server.watch.timeout.denomination = 1s (default)
2021-01-18 04:01:08,675 [418e6855-184b-4135-9b3f-1bec60925ac4@group-632E4C200255-LeaderElection10] INFO  server.RaftServerConfigKeys (ConfUtils.java:logGet(44)) - raft.server.watch.element-limit = 65536 (default)
2021-01-18 04:01:08,675 [418e6855-184b-4135-9b3f-1bec60925ac4@group-632E4C200255-LeaderElection10] INFO  impl.RoleInfo (RoleInfo.java:updateAndGet(130)) - 418e6855-184b-4135-9b3f-1bec60925ac4: start 418e6855-184b-4135-9b3f-1bec60925ac4@group-632E4C200255-LeaderStateImpl
2021-01-18 04:01:08,675 [418e6855-184b-4135-9b3f-1bec60925ac4@group-632E4C200255-LeaderElection10] INFO  segmented.SegmentedRaftLogWorker (SegmentedRaftLogWorker.java:startLogSegment(392)) - 418e6855-184b-4135-9b3f-1bec60925ac4@group-632E4C200255-SegmentedRaftLogWorker: Starting segment from index:0
2021-01-18 04:01:08,677 [418e6855-184b-4135-9b3f-1bec60925ac4@group-632E4C200255-LeaderElection10] INFO  server.RaftServer$Division (ServerState.java:setRaftConf(368)) - 418e6855-184b-4135-9b3f-1bec60925ac4@group-632E4C200255: set configuration 0: [418e6855-184b-4135-9b3f-1bec60925ac4|rpc:172.17.0.2:35341|dataStream:|priority:1], old=null
2021-01-18 04:01:08,677 [418e6855-184b-4135-9b3f-1bec60925ac4@group-632E4C200255-SegmentedRaftLogWorker] INFO  segmented.SegmentedRaftLogWorker (SegmentedRaftLogWorker.java:execute(599)) - 418e6855-184b-4135-9b3f-1bec60925ac4@group-632E4C200255-SegmentedRaftLogWorker: created new log segment /github/workspace/mnt/ozone/hadoop-ozone/integration-test/target/test-dir/MiniOzoneClusterImpl-5bc51996-b728-448b-b7ee-2f27b8cece2b/datanode-1/data/ratis/72c2bb14-7c69-4b8a-97d7-632e4c200255/current/log_inprogress_0
2021-01-18 04:01:08,696 [grpc-default-executor-1] INFO  server.RaftServer$Division (RaftServerImpl.java:requestPreVote(1060)) - 418e6855-184b-4135-9b3f-1bec60925ac4@group-C715DC14BD3A: receive preVote(f5800447-0e6f-4f9e-a68b-d392c1661b2f, group-C715DC14BD3A, 0, (t:0, i:0))
2021-01-18 04:01:08,696 [grpc-default-executor-2] INFO  server.RaftServer$Division (RaftServerImpl.java:requestPreVote(1060)) - df0f9015-da7a-4d9e-bc36-4c543188710b@group-C715DC14BD3A: receive preVote(f5800447-0e6f-4f9e-a68b-d392c1661b2f, group-C715DC14BD3A, 0, (t:0, i:0))
2021-01-18 04:01:08,696 [grpc-default-executor-1] INFO  server.RaftServer$Division (RaftServerImpl.java:requestPreVote(1081)) - 418e6855-184b-4135-9b3f-1bec60925ac4@group-C715DC14BD3A role: FOLLOWER allow pre-vote from:f5800447-0e6f-4f9e-a68b-d392c1661b2f
2021-01-18 04:01:08,696 [grpc-default-executor-2] INFO  server.RaftServer$Division (RaftServerImpl.java:requestPreVote(1081)) - df0f9015-da7a-4d9e-bc36-4c543188710b@group-C715DC14BD3A role: FOLLOWER allow pre-vote from:f5800447-0e6f-4f9e-a68b-d392c1661b2f
2021-01-18 04:01:08,696 [grpc-default-executor-1] INFO  server.RaftServer$Division (RaftServerImpl.java:requestPreVote(1099)) - 418e6855-184b-4135-9b3f-1bec60925ac4@group-C715DC14BD3A replies to pre-vote request: f5800447-0e6f-4f9e-a68b-d392c1661b2f<-418e6855-184b-4135-9b3f-1bec60925ac4#0:OK-t0. Peer's state: 418e6855-184b-4135-9b3f-1bec60925ac4@group-C715DC14BD3A:t0, leader=null, voted=, raftlog=418e6855-184b-4135-9b3f-1bec60925ac4@group-C715DC14BD3A-SegmentedRaftLog:OPENED:c-1,f-1,i0, conf=-1: [418e6855-184b-4135-9b3f-1bec60925ac4|rpc:172.17.0.2:35341|dataStream:|priority:0, f5800447-0e6f-4f9e-a68b-d392c1661b2f|rpc:172.17.0.2:42137|dataStream:|priority:1, df0f9015-da7a-4d9e-bc36-4c543188710b|rpc:172.17.0.2:40651|dataStream:|priority:0], old=null
2021-01-18 04:01:08,696 [grpc-default-executor-2] INFO  server.RaftServer$Division (RaftServerImpl.java:requestPreVote(1099)) - df0f9015-da7a-4d9e-bc36-4c543188710b@group-C715DC14BD3A replies to pre-vote request: f5800447-0e6f-4f9e-a68b-d392c1661b2f<-df0f9015-da7a-4d9e-bc36-4c543188710b#0:OK-t0. Peer's state: df0f9015-da7a-4d9e-bc36-4c543188710b@group-C715DC14BD3A:t0, leader=null, voted=, raftlog=df0f9015-da7a-4d9e-bc36-4c543188710b@group-C715DC14BD3A-SegmentedRaftLog:OPENED:c-1,f-1,i0, conf=-1: [418e6855-184b-4135-9b3f-1bec60925ac4|rpc:172.17.0.2:35341|priority:0, f5800447-0e6f-4f9e-a68b-d392c1661b2f|rpc:172.17.0.2:42137|priority:1, df0f9015-da7a-4d9e-bc36-4c543188710b|rpc:172.17.0.2:40651|priority:0], old=null
2021-01-18 04:01:08,700 [f5800447-0e6f-4f9e-a68b-d392c1661b2f@group-C715DC14BD3A-LeaderElection11] INFO  impl.LeaderElection (LeaderElection.java:logAndReturn(68)) - f5800447-0e6f-4f9e-a68b-d392c1661b2f@group-C715DC14BD3A-LeaderElection11: Pre-vote  PASSED received 1 response(s):[f5800447-0e6f-4f9e-a68b-d392c1661b2f<-418e6855-184b-4135-9b3f-1bec60925ac4#0:OK-t0]
2021-01-18 04:01:08,701 [f5800447-0e6f-4f9e-a68b-d392c1661b2f@group-C715DC14BD3A-LeaderElection11] INFO  impl.LeaderElection (LeaderElection.java:askForPreVotes(261)) - f5800447-0e6f-4f9e-a68b-d392c1661b2f@group-C715DC14BD3A-LeaderElection11 pre-vote result is PASSED.
2021-01-18 04:01:08,703 [f5800447-0e6f-4f9e-a68b-d392c1661b2f@group-C715DC14BD3A-LeaderElection11] INFO  impl.LeaderElection (LeaderElection.java:askForVotes(308)) - f5800447-0e6f-4f9e-a68b-d392c1661b2f@group-C715DC14BD3A-LeaderElection11: begin an election at term 1 for -1: [418e6855-184b-4135-9b3f-1bec60925ac4|rpc:172.17.0.2:35341|dataStream:|priority:0, f5800447-0e6f-4f9e-a68b-d392c1661b2f|rpc:172.17.0.2:42137|dataStream:|priority:1, df0f9015-da7a-4d9e-bc36-4c543188710b|rpc:172.17.0.2:40651|dataStream:|priority:0], old=null
2021-01-18 04:01:08,716 [grpc-default-executor-2] INFO  server.RaftServer$Division (RaftServerImpl.java:setRole(283)) - df0f9015-da7a-4d9e-bc36-4c543188710b@group-C715DC14BD3A: changes role from  FOLLOWER to FOLLOWER at term 1 for recognizeCandidate:f5800447-0e6f-4f9e-a68b-d392c1661b2f
2021-01-18 04:01:08,722 [grpc-default-executor-2] INFO  impl.RoleInfo (RoleInfo.java:shutdownFollowerState(108)) - df0f9015-da7a-4d9e-bc36-4c543188710b: shutdown df0f9015-da7a-4d9e-bc36-4c543188710b@group-C715DC14BD3A-FollowerState
2021-01-18 04:01:08,722 [grpc-default-executor-2] INFO  impl.RoleInfo (RoleInfo.java:updateAndGet(130)) - df0f9015-da7a-4d9e-bc36-4c543188710b: start df0f9015-da7a-4d9e-bc36-4c543188710b@group-C715DC14BD3A-FollowerState
2021-01-18 04:01:08,722 [Thread-325] INFO  impl.FollowerState (FollowerState.java:run(142)) - df0f9015-da7a-4d9e-bc36-4c543188710b@group-C715DC14BD3A-FollowerState was interrupted: {}
java.lang.InterruptedException: sleep interrupted
	at java.lang.Thread.sleep(Native Method)
	at java.lang.Thread.sleep(Thread.java:340)
	at java.util.concurrent.TimeUnit.sleep(TimeUnit.java:386)
	at org.apache.ratis.util.TimeDuration.sleep(TimeDuration.java:324)
	at org.apache.ratis.util.TimeDuration.sleep(TimeDuration.java:309)
	at org.apache.ratis.server.impl.FollowerState.run(FollowerState.java:117)
2021-01-18 04:01:08,725 [grpc-default-executor-2] INFO  server.RaftServer$Division (RaftServerImpl.java:requestVote(1137)) -  FOLLOWER df0f9015-da7a-4d9e-bc36-4c543188710b@group-C715DC14BD3A:t1, leader=null, voted=null, raftlog=df0f9015-da7a-4d9e-bc36-4c543188710b@group-C715DC14BD3A-SegmentedRaftLog:OPENED:c-1,f-1,i0, conf=-1: [418e6855-184b-4135-9b3f-1bec60925ac4|rpc:172.17.0.2:35341|priority:0, f5800447-0e6f-4f9e-a68b-d392c1661b2f|rpc:172.17.0.2:42137|priority:1, df0f9015-da7a-4d9e-bc36-4c543188710b|rpc:172.17.0.2:40651|priority:0], old=null RUNNING priority:0 candidate:f5800447-0e6f-4f9e-a68b-d392c1661b2f|rpc:172.17.0.2:42137|priority:1 candidatePriority:1 compare:0
2021-01-18 04:01:08,726 [grpc-default-executor-1] INFO  server.RaftServer$Division (RaftServerImpl.java:setRole(283)) - 418e6855-184b-4135-9b3f-1bec60925ac4@group-C715DC14BD3A: changes role from  FOLLOWER to FOLLOWER at term 1 for recognizeCandidate:f5800447-0e6f-4f9e-a68b-d392c1661b2f
2021-01-18 04:01:08,727 [grpc-default-executor-1] INFO  impl.RoleInfo (RoleInfo.java:shutdownFollowerState(108)) - 418e6855-184b-4135-9b3f-1bec60925ac4: shutdown 418e6855-184b-4135-9b3f-1bec60925ac4@group-C715DC14BD3A-FollowerState
2021-01-18 04:01:08,727 [grpc-default-executor-1] INFO  impl.RoleInfo (RoleInfo.java:updateAndGet(130)) - 418e6855-184b-4135-9b3f-1bec60925ac4: start 418e6855-184b-4135-9b3f-1bec60925ac4@group-C715DC14BD3A-FollowerState
2021-01-18 04:01:08,727 [Thread-324] INFO  impl.FollowerState (FollowerState.java:run(142)) - 418e6855-184b-4135-9b3f-1bec60925ac4@group-C715DC14BD3A-FollowerState was interrupted: {}
java.lang.InterruptedException: sleep interrupted
	at java.lang.Thread.sleep(Native Method)
	at java.lang.Thread.sleep(Thread.java:340)
	at java.util.concurrent.TimeUnit.sleep(TimeUnit.java:386)
	at org.apache.ratis.util.TimeDuration.sleep(TimeDuration.java:324)
	at org.apache.ratis.util.TimeDuration.sleep(TimeDuration.java:309)
	at org.apache.ratis.server.impl.FollowerState.run(FollowerState.java:117)
2021-01-18 04:01:08,728 [grpc-default-executor-1] INFO  server.RaftServer$Division (RaftServerImpl.java:requestVote(1137)) -  FOLLOWER 418e6855-184b-4135-9b3f-1bec60925ac4@group-C715DC14BD3A:t1, leader=null, voted=null, raftlog=418e6855-184b-4135-9b3f-1bec60925ac4@group-C715DC14BD3A-SegmentedRaftLog:OPENED:c-1,f-1,i0, conf=-1: [418e6855-184b-4135-9b3f-1bec60925ac4|rpc:172.17.0.2:35341|dataStream:|priority:0, f5800447-0e6f-4f9e-a68b-d392c1661b2f|rpc:172.17.0.2:42137|dataStream:|priority:1, df0f9015-da7a-4d9e-bc36-4c543188710b|rpc:172.17.0.2:40651|dataStream:|priority:0], old=null RUNNING priority:0 candidate:f5800447-0e6f-4f9e-a68b-d392c1661b2f|rpc:172.17.0.2:42137|dataStream:|priority:1 candidatePriority:1 compare:0
2021-01-18 04:01:08,734 [f5800447-0e6f-4f9e-a68b-d392c1661b2f@group-C715DC14BD3A-LeaderElection11] INFO  impl.LeaderElection (LeaderElection.java:logAndReturn(68)) - f5800447-0e6f-4f9e-a68b-d392c1661b2f@group-C715DC14BD3A-LeaderElection11: Election  PASSED received 1 response(s):[f5800447-0e6f-4f9e-a68b-d392c1661b2f<-df0f9015-da7a-4d9e-bc36-4c543188710b#0:OK-t1]
2021-01-18 04:01:08,734 [f5800447-0e6f-4f9e-a68b-d392c1661b2f@group-C715DC14BD3A-LeaderElection11] INFO  impl.RoleInfo (RoleInfo.java:shutdownLeaderElection(121)) - f5800447-0e6f-4f9e-a68b-d392c1661b2f: shutdown f5800447-0e6f-4f9e-a68b-d392c1661b2f@group-C715DC14BD3A-LeaderElection11
2021-01-18 04:01:08,734 [f5800447-0e6f-4f9e-a68b-d392c1661b2f@group-C715DC14BD3A-LeaderElection11] INFO  server.RaftServer$Division (RaftServerImpl.java:setRole(283)) - f5800447-0e6f-4f9e-a68b-d392c1661b2f@group-C715DC14BD3A: changes role from CANDIDATE to LEADER at term 1 for changeToLeader
2021-01-18 04:01:08,734 [f5800447-0e6f-4f9e-a68b-d392c1661b2f@group-C715DC14BD3A-LeaderElection11] INFO  ratis.XceiverServerRatis (XceiverServerRatis.java:handleLeaderChangedNotification(868)) - Leader change notification received for group: group-C715DC14BD3A with new leaderId: f5800447-0e6f-4f9e-a68b-d392c1661b2f
2021-01-18 04:01:08,734 [f5800447-0e6f-4f9e-a68b-d392c1661b2f@group-C715DC14BD3A-LeaderElection11] INFO  server.RaftServer$Division (ServerState.java:setLeader(249)) - f5800447-0e6f-4f9e-a68b-d392c1661b2f@group-C715DC14BD3A: change Leader from null to f5800447-0e6f-4f9e-a68b-d392c1661b2f at term 1 for becomeLeader, leader elected after 5179ms
2021-01-18 04:01:08,734 [f5800447-0e6f-4f9e-a68b-d392c1661b2f@group-C715DC14BD3A-LeaderElection11] INFO  server.RaftServerConfigKeys (ConfUtils.java:logGet(44)) - raft.server.staging.catchup.gap = 1000 (default)
2021-01-18 04:01:08,734 [f5800447-0e6f-4f9e-a68b-d392c1661b2f@group-C715DC14BD3A-LeaderElection11] INFO  metrics.RatisMetrics (RatisMetrics.java:lambda$create$0(36)) - Creating Metrics Registry : ratis.log_appender.f5800447-0e6f-4f9e-a68b-d392c1661b2f@group-C715DC14BD3A
2021-01-18 04:01:08,734 [f5800447-0e6f-4f9e-a68b-d392c1661b2f@group-C715DC14BD3A-LeaderElection11] INFO  server.RaftServerConfigKeys (ConfUtils.java:logGet(44)) - raft.server.write.element-limit = 1024 (custom)
2021-01-18 04:01:08,734 [f5800447-0e6f-4f9e-a68b-d392c1661b2f@group-C715DC14BD3A-LeaderElection11] INFO  server.RaftServerConfigKeys (ConfUtils.java:logGet(44)) - raft.server.write.byte-limit = 1073741824 (custom)
2021-01-18 04:01:08,735 [f5800447-0e6f-4f9e-a68b-d392c1661b2f@group-C715DC14BD3A-LeaderElection11] INFO  server.RaftServerConfigKeys (ConfUtils.java:logGet(44)) - raft.server.watch.timeout = 180s (custom)
2021-01-18 04:01:08,735 [f5800447-0e6f-4f9e-a68b-d392c1661b2f@group-C715DC14BD3A-LeaderElection11] INFO  server.RaftServerConfigKeys (ConfUtils.java:logGet(44)) - raft.server.watch.timeout.denomination = 1s (default)
2021-01-18 04:01:08,735 [f5800447-0e6f-4f9e-a68b-d392c1661b2f@group-C715DC14BD3A-LeaderElection11] INFO  server.RaftServerConfigKeys (ConfUtils.java:logGet(44)) - raft.server.watch.element-limit = 65536 (default)
2021-01-18 04:01:08,735 [f5800447-0e6f-4f9e-a68b-d392c1661b2f@group-C715DC14BD3A-LeaderElection11] INFO  server.RaftServerConfigKeys (ConfUtils.java:logGet(44)) - raft.server.log.appender.snapshot.chunk.size.max = 16MB (=16777216) (default)
2021-01-18 04:01:08,735 [f5800447-0e6f-4f9e-a68b-d392c1661b2f@group-C715DC14BD3A-LeaderElection11] INFO  server.RaftServerConfigKeys (ConfUtils.java:logGet(44)) - raft.server.log.appender.buffer.byte-limit = 33554432 (custom)
2021-01-18 04:01:08,735 [f5800447-0e6f-4f9e-a68b-d392c1661b2f@group-C715DC14BD3A-LeaderElection11] INFO  server.RaftServerConfigKeys (ConfUtils.java:logGet(44)) - raft.server.log.appender.buffer.element-limit = 1 (custom)
2021-01-18 04:01:08,735 [f5800447-0e6f-4f9e-a68b-d392c1661b2f@group-C715DC14BD3A-LeaderElection11] INFO  grpc.GrpcConfigKeys (ConfUtils.java:logGet(44)) - raft.grpc.server.leader.outstanding.appends.max = 128 (default)
2021-01-18 04:01:08,735 [f5800447-0e6f-4f9e-a68b-d392c1661b2f@group-C715DC14BD3A-LeaderElection11] INFO  server.RaftServerConfigKeys (ConfUtils.java:logGet(44)) - raft.server.rpc.request.timeout = 60s (custom)
2021-01-18 04:01:08,735 [f5800447-0e6f-4f9e-a68b-d392c1661b2f@group-C715DC14BD3A-LeaderElection11] INFO  server.RaftServerConfigKeys (ConfUtils.java:logGet(44)) - raft.server.log.appender.install.snapshot.enabled = false (custom)
2021-01-18 04:01:08,735 [f5800447-0e6f-4f9e-a68b-d392c1661b2f@group-C715DC14BD3A-LeaderElection11] INFO  metrics.RatisMetrics (RatisMetrics.java:lambda$create$0(36)) - Creating Metrics Registry : ratis_grpc.log_appender.f5800447-0e6f-4f9e-a68b-d392c1661b2f@group-C715DC14BD3A
2021-01-18 04:01:08,736 [f5800447-0e6f-4f9e-a68b-d392c1661b2f@group-C715DC14BD3A-LeaderElection11] INFO  server.RaftServerConfigKeys (ConfUtils.java:logGet(44)) - raft.server.log.appender.snapshot.chunk.size.max = 16MB (=16777216) (default)
2021-01-18 04:01:08,736 [f5800447-0e6f-4f9e-a68b-d392c1661b2f@group-C715DC14BD3A-LeaderElection11] INFO  server.RaftServerConfigKeys (ConfUtils.java:logGet(44)) - raft.server.log.appender.buffer.byte-limit = 33554432 (custom)
2021-01-18 04:01:08,736 [f5800447-0e6f-4f9e-a68b-d392c1661b2f@group-C715DC14BD3A-LeaderElection11] INFO  server.RaftServerConfigKeys (ConfUtils.java:logGet(44)) - raft.server.log.appender.buffer.element-limit = 1 (custom)
2021-01-18 04:01:08,736 [f5800447-0e6f-4f9e-a68b-d392c1661b2f@group-C715DC14BD3A-LeaderElection11] INFO  grpc.GrpcConfigKeys (ConfUtils.java:logGet(44)) - raft.grpc.server.leader.outstanding.appends.max = 128 (default)
2021-01-18 04:01:08,736 [f5800447-0e6f-4f9e-a68b-d392c1661b2f@group-C715DC14BD3A-LeaderElection11] INFO  server.RaftServerConfigKeys (ConfUtils.java:logGet(44)) - raft.server.rpc.request.timeout = 60s (custom)
2021-01-18 04:01:08,736 [f5800447-0e6f-4f9e-a68b-d392c1661b2f@group-C715DC14BD3A-LeaderElection11] INFO  server.RaftServerConfigKeys (ConfUtils.java:logGet(44)) - raft.server.log.appender.install.snapshot.enabled = false (custom)
2021-01-18 04:01:08,737 [f5800447-0e6f-4f9e-a68b-d392c1661b2f@group-C715DC14BD3A-LeaderElection11] INFO  impl.RoleInfo (RoleInfo.java:updateAndGet(130)) - f5800447-0e6f-4f9e-a68b-d392c1661b2f: start f5800447-0e6f-4f9e-a68b-d392c1661b2f@group-C715DC14BD3A-LeaderStateImpl
2021-01-18 04:01:08,737 [f5800447-0e6f-4f9e-a68b-d392c1661b2f@group-C715DC14BD3A-LeaderElection11] INFO  segmented.SegmentedRaftLogWorker (SegmentedRaftLogWorker.java:startLogSegment(392)) - f5800447-0e6f-4f9e-a68b-d392c1661b2f@group-C715DC14BD3A-SegmentedRaftLogWorker: Starting segment from index:0
2021-01-18 04:01:08,739 [f5800447-0e6f-4f9e-a68b-d392c1661b2f@group-C715DC14BD3A-SegmentedRaftLogWorker] INFO  segmented.SegmentedRaftLogWorker (SegmentedRaftLogWorker.java:execute(599)) - f5800447-0e6f-4f9e-a68b-d392c1661b2f@group-C715DC14BD3A-SegmentedRaftLogWorker: created new log segment /github/workspace/mnt/ozone/hadoop-ozone/integration-test/target/test-dir/MiniOzoneClusterImpl-5bc51996-b728-448b-b7ee-2f27b8cece2b/datanode-2/data/ratis/27ad5cbd-550a-4350-97ab-c715dc14bd3a/current/log_inprogress_0
2021-01-18 04:01:08,747 [EventQueue-PipelineReportForPipelineReportHandler] INFO  pipeline.PipelineStateManager (PipelineStateManager.java:openPipeline(132)) - Pipeline Pipeline[ Id: 27ad5cbd-550a-4350-97ab-c715dc14bd3a, Nodes: 418e6855-184b-4135-9b3f-1bec60925ac4{ip: 172.17.0.2, host: d01bdcf5d4c9, networkLocation: /default-rack, certSerialId: null, persistedOpState: IN_SERVICE, persistedOpStateExpiryEpochSec: 0}f5800447-0e6f-4f9e-a68b-d392c1661b2f{ip: 172.17.0.2, host: d01bdcf5d4c9, networkLocation: /default-rack, certSerialId: null, persistedOpState: IN_SERVICE, persistedOpStateExpiryEpochSec: 0}df0f9015-da7a-4d9e-bc36-4c543188710b{ip: 172.17.0.2, host: d01bdcf5d4c9, networkLocation: /default-rack, certSerialId: null, persistedOpState: IN_SERVICE, persistedOpStateExpiryEpochSec: 0}, Type:RATIS, Factor:THREE, State:ALLOCATED, leaderId:f5800447-0e6f-4f9e-a68b-d392c1661b2f, CreationTimestamp2021-01-18T04:01:00.805Z] moved to OPEN state
2021-01-18 04:01:08,749 [grpc-default-executor-1] INFO  ratis.XceiverServerRatis (XceiverServerRatis.java:handleLeaderChangedNotification(868)) - Leader change notification received for group: group-C715DC14BD3A with new leaderId: f5800447-0e6f-4f9e-a68b-d392c1661b2f
2021-01-18 04:01:08,749 [grpc-default-executor-1] INFO  server.RaftServer$Division (ServerState.java:setLeader(249)) - 418e6855-184b-4135-9b3f-1bec60925ac4@group-C715DC14BD3A: change Leader from null to f5800447-0e6f-4f9e-a68b-d392c1661b2f at term 1 for appendEntries, leader elected after 5277ms
2021-01-18 04:01:08,756 [f5800447-0e6f-4f9e-a68b-d392c1661b2f@group-C715DC14BD3A-LeaderElection11] INFO  server.RaftServer$Division (ServerState.java:setRaftConf(368)) - f5800447-0e6f-4f9e-a68b-d392c1661b2f@group-C715DC14BD3A: set configuration 0: [418e6855-184b-4135-9b3f-1bec60925ac4|rpc:172.17.0.2:35341|dataStream:|priority:0, f5800447-0e6f-4f9e-a68b-d392c1661b2f|rpc:172.17.0.2:42137|dataStream:|priority:1, df0f9015-da7a-4d9e-bc36-4c543188710b|rpc:172.17.0.2:40651|dataStream:|priority:0], old=null
2021-01-18 04:01:08,760 [grpc-default-executor-1] INFO  server.RaftServer$Division (ServerState.java:setRaftConf(368)) - 418e6855-184b-4135-9b3f-1bec60925ac4@group-C715DC14BD3A: set configuration 0: [418e6855-184b-4135-9b3f-1bec60925ac4|rpc:172.17.0.2:35341|dataStream:|priority:0, f5800447-0e6f-4f9e-a68b-d392c1661b2f|rpc:172.17.0.2:42137|dataStream:|priority:1, df0f9015-da7a-4d9e-bc36-4c543188710b|rpc:172.17.0.2:40651|dataStream:|priority:0], old=null
2021-01-18 04:01:08,760 [grpc-default-executor-1] INFO  segmented.SegmentedRaftLogWorker (SegmentedRaftLogWorker.java:startLogSegment(392)) - 418e6855-184b-4135-9b3f-1bec60925ac4@group-C715DC14BD3A-SegmentedRaftLogWorker: Starting segment from index:0
2021-01-18 04:01:08,768 [grpc-default-executor-2] INFO  ratis.XceiverServerRatis (XceiverServerRatis.java:handleLeaderChangedNotification(868)) - Leader change notification received for group: group-C715DC14BD3A with new leaderId: f5800447-0e6f-4f9e-a68b-d392c1661b2f
2021-01-18 04:01:08,768 [grpc-default-executor-2] INFO  server.RaftServer$Division (ServerState.java:setLeader(249)) - df0f9015-da7a-4d9e-bc36-4c543188710b@group-C715DC14BD3A: change Leader from null to f5800447-0e6f-4f9e-a68b-d392c1661b2f at term 1 for appendEntries, leader elected after 5367ms
2021-01-18 04:01:08,772 [418e6855-184b-4135-9b3f-1bec60925ac4@group-C715DC14BD3A-SegmentedRaftLogWorker] INFO  segmented.SegmentedRaftLogWorker (SegmentedRaftLogWorker.java:execute(599)) - 418e6855-184b-4135-9b3f-1bec60925ac4@group-C715DC14BD3A-SegmentedRaftLogWorker: created new log segment /github/workspace/mnt/ozone/hadoop-ozone/integration-test/target/test-dir/MiniOzoneClusterImpl-5bc51996-b728-448b-b7ee-2f27b8cece2b/datanode-1/data/ratis/27ad5cbd-550a-4350-97ab-c715dc14bd3a/current/log_inprogress_0
2021-01-18 04:01:08,796 [grpc-default-executor-2] INFO  server.RaftServer$Division (ServerState.java:setRaftConf(368)) - df0f9015-da7a-4d9e-bc36-4c543188710b@group-C715DC14BD3A: set configuration 0: [418e6855-184b-4135-9b3f-1bec60925ac4|rpc:172.17.0.2:35341|dataStream:|priority:0, f5800447-0e6f-4f9e-a68b-d392c1661b2f|rpc:172.17.0.2:42137|dataStream:|priority:1, df0f9015-da7a-4d9e-bc36-4c543188710b|rpc:172.17.0.2:40651|dataStream:|priority:0], old=null
2021-01-18 04:01:08,796 [grpc-default-executor-2] INFO  segmented.SegmentedRaftLogWorker (SegmentedRaftLogWorker.java:startLogSegment(392)) - df0f9015-da7a-4d9e-bc36-4c543188710b@group-C715DC14BD3A-SegmentedRaftLogWorker: Starting segment from index:0
2021-01-18 04:01:08,799 [df0f9015-da7a-4d9e-bc36-4c543188710b@group-C715DC14BD3A-SegmentedRaftLogWorker] INFO  segmented.SegmentedRaftLogWorker (SegmentedRaftLogWorker.java:execute(599)) - df0f9015-da7a-4d9e-bc36-4c543188710b@group-C715DC14BD3A-SegmentedRaftLogWorker: created new log segment /github/workspace/mnt/ozone/hadoop-ozone/integration-test/target/test-dir/MiniOzoneClusterImpl-5bc51996-b728-448b-b7ee-2f27b8cece2b/datanode-0/data/ratis/27ad5cbd-550a-4350-97ab-c715dc14bd3a/current/log_inprogress_0
2021-01-18 04:01:08,800 [Listener at 127.0.0.1/13724] INFO  ozone.MiniOzoneClusterImpl (MiniOzoneClusterImpl.java:lambda$waitForClusterToBeReady$0(179)) - Nodes are ready. Got 3 of 3 DN Heartbeats.
2021-01-18 04:01:08,800 [Listener at 127.0.0.1/13724] INFO  ozone.MiniOzoneClusterImpl (MiniOzoneClusterImpl.java:lambda$waitForClusterToBeReady$0(182)) - Cluster exits safe mode
2021-01-18 04:01:08,835 [Thread-286] INFO  impl.FollowerState (FollowerState.java:run(133)) - f5800447-0e6f-4f9e-a68b-d392c1661b2f@group-A88C0566F37D-FollowerState: change to CANDIDATE, lastRpcElapsedTime:5013177682ns, electionTimeout:5010ms
2021-01-18 04:01:08,835 [Thread-286] INFO  impl.RoleInfo (RoleInfo.java:shutdownFollowerState(108)) - f5800447-0e6f-4f9e-a68b-d392c1661b2f: shutdown f5800447-0e6f-4f9e-a68b-d392c1661b2f@group-A88C0566F37D-FollowerState
2021-01-18 04:01:08,835 [Thread-286] INFO  server.RaftServer$Division (RaftServerImpl.java:setRole(283)) - f5800447-0e6f-4f9e-a68b-d392c1661b2f@group-A88C0566F37D: changes role from  FOLLOWER to CANDIDATE at term 0 for changeToCandidate
2021-01-18 04:01:08,835 [Thread-286] INFO  impl.RoleInfo (RoleInfo.java:updateAndGet(130)) - f5800447-0e6f-4f9e-a68b-d392c1661b2f: start f5800447-0e6f-4f9e-a68b-d392c1661b2f@group-A88C0566F37D-LeaderElection12
2021-01-18 04:01:08,852 [f5800447-0e6f-4f9e-a68b-d392c1661b2f@group-A88C0566F37D-LeaderElection12] INFO  impl.LeaderElection (LeaderElection.java:askForPreVotes(259)) - f5800447-0e6f-4f9e-a68b-d392c1661b2f@group-A88C0566F37D-LeaderElection12: begin a pre-vote at term 0 for -1: [f5800447-0e6f-4f9e-a68b-d392c1661b2f|rpc:172.17.0.2:42137|priority:1], old=null
2021-01-18 04:01:08,852 [f5800447-0e6f-4f9e-a68b-d392c1661b2f@group-A88C0566F37D-LeaderElection12] INFO  impl.LeaderElection (LeaderElection.java:askForPreVotes(261)) - f5800447-0e6f-4f9e-a68b-d392c1661b2f@group-A88C0566F37D-LeaderElection12 pre-vote result is PASSED.
2021-01-18 04:01:08,855 [f5800447-0e6f-4f9e-a68b-d392c1661b2f@group-A88C0566F37D-LeaderElection12] INFO  impl.LeaderElection (LeaderElection.java:askForVotes(308)) - f5800447-0e6f-4f9e-a68b-d392c1661b2f@group-A88C0566F37D-LeaderElection12: begin an election at term 1 for -1: [f5800447-0e6f-4f9e-a68b-d392c1661b2f|rpc:172.17.0.2:42137|priority:1], old=null
2021-01-18 04:01:08,856 [f5800447-0e6f-4f9e-a68b-d392c1661b2f@group-A88C0566F37D-LeaderElection12] INFO  impl.RoleInfo (RoleInfo.java:shutdownLeaderElection(121)) - f5800447-0e6f-4f9e-a68b-d392c1661b2f: shutdown f5800447-0e6f-4f9e-a68b-d392c1661b2f@group-A88C0566F37D-LeaderElection12
2021-01-18 04:01:08,856 [f5800447-0e6f-4f9e-a68b-d392c1661b2f@group-A88C0566F37D-LeaderElection12] INFO  server.RaftServer$Division (RaftServerImpl.java:setRole(283)) - f5800447-0e6f-4f9e-a68b-d392c1661b2f@group-A88C0566F37D: changes role from CANDIDATE to LEADER at term 1 for changeToLeader
2021-01-18 04:01:08,856 [f5800447-0e6f-4f9e-a68b-d392c1661b2f@group-A88C0566F37D-LeaderElection12] INFO  ratis.XceiverServerRatis (XceiverServerRatis.java:handleLeaderChangedNotification(868)) - Leader change notification received for group: group-A88C0566F37D with new leaderId: f5800447-0e6f-4f9e-a68b-d392c1661b2f
2021-01-18 04:01:08,857 [f5800447-0e6f-4f9e-a68b-d392c1661b2f@group-A88C0566F37D-LeaderElection12] INFO  server.RaftServer$Division (ServerState.java:setLeader(249)) - f5800447-0e6f-4f9e-a68b-d392c1661b2f@group-A88C0566F37D: change Leader from null to f5800447-0e6f-4f9e-a68b-d392c1661b2f at term 1 for becomeLeader, leader elected after 5050ms
2021-01-18 04:01:08,858 [f5800447-0e6f-4f9e-a68b-d392c1661b2f@group-A88C0566F37D-LeaderElection12] INFO  server.RaftServerConfigKeys (ConfUtils.java:logGet(44)) - raft.server.staging.catchup.gap = 1000 (default)
2021-01-18 04:01:08,858 [f5800447-0e6f-4f9e-a68b-d392c1661b2f@group-A88C0566F37D-LeaderElection12] INFO  metrics.RatisMetrics (RatisMetrics.java:lambda$create$0(36)) - Creating Metrics Registry : ratis.log_appender.f5800447-0e6f-4f9e-a68b-d392c1661b2f@group-A88C0566F37D
2021-01-18 04:01:08,859 [f5800447-0e6f-4f9e-a68b-d392c1661b2f@group-A88C0566F37D-LeaderElection12] INFO  server.RaftServerConfigKeys (ConfUtils.java:logGet(44)) - raft.server.write.element-limit = 1024 (custom)
2021-01-18 04:01:08,859 [f5800447-0e6f-4f9e-a68b-d392c1661b2f@group-A88C0566F37D-LeaderElection12] INFO  server.RaftServerConfigKeys (ConfUtils.java:logGet(44)) - raft.server.write.byte-limit = 1073741824 (custom)
2021-01-18 04:01:08,859 [f5800447-0e6f-4f9e-a68b-d392c1661b2f@group-A88C0566F37D-LeaderElection12] INFO  server.RaftServerConfigKeys (ConfUtils.java:logGet(44)) - raft.server.watch.timeout = 180s (custom)
2021-01-18 04:01:08,859 [f5800447-0e6f-4f9e-a68b-d392c1661b2f@group-A88C0566F37D-LeaderElection12] INFO  server.RaftServerConfigKeys (ConfUtils.java:logGet(44)) - raft.server.watch.timeout.denomination = 1s (default)
2021-01-18 04:01:08,859 [f5800447-0e6f-4f9e-a68b-d392c1661b2f@group-A88C0566F37D-LeaderElection12] INFO  server.RaftServerConfigKeys (ConfUtils.java:logGet(44)) - raft.server.watch.element-limit = 65536 (default)
2021-01-18 04:01:08,859 [f5800447-0e6f-4f9e-a68b-d392c1661b2f@group-A88C0566F37D-LeaderElection12] INFO  impl.RoleInfo (RoleInfo.java:updateAndGet(130)) - f5800447-0e6f-4f9e-a68b-d392c1661b2f: start f5800447-0e6f-4f9e-a68b-d392c1661b2f@group-A88C0566F37D-LeaderStateImpl
2021-01-18 04:01:08,859 [f5800447-0e6f-4f9e-a68b-d392c1661b2f@group-A88C0566F37D-LeaderElection12] INFO  segmented.SegmentedRaftLogWorker (SegmentedRaftLogWorker.java:startLogSegment(392)) - f5800447-0e6f-4f9e-a68b-d392c1661b2f@group-A88C0566F37D-SegmentedRaftLogWorker: Starting segment from index:0
2021-01-18 04:01:08,860 [f5800447-0e6f-4f9e-a68b-d392c1661b2f@group-A88C0566F37D-SegmentedRaftLogWorker] INFO  segmented.SegmentedRaftLogWorker (SegmentedRaftLogWorker.java:execute(599)) - f5800447-0e6f-4f9e-a68b-d392c1661b2f@group-A88C0566F37D-SegmentedRaftLogWorker: created new log segment /github/workspace/mnt/ozone/hadoop-ozone/integration-test/target/test-dir/MiniOzoneClusterImpl-5bc51996-b728-448b-b7ee-2f27b8cece2b/datanode-2/data/ratis/89d525d5-f209-4ca4-a619-a88c0566f37d/current/log_inprogress_0
2021-01-18 04:01:08,871 [f5800447-0e6f-4f9e-a68b-d392c1661b2f@group-A88C0566F37D-LeaderElection12] INFO  server.RaftServer$Division (ServerState.java:setRaftConf(368)) - f5800447-0e6f-4f9e-a68b-d392c1661b2f@group-A88C0566F37D: set configuration 0: [f5800447-0e6f-4f9e-a68b-d392c1661b2f|rpc:172.17.0.2:42137|dataStream:|priority:1], old=null
2021-01-18 04:01:09,124 [grpc-default-executor-1] WARN  server.GrpcLogAppender (LogUtils.java:warn(122)) - omNode-2@group-523986131536->omNode-3-AppendLogResponseHandler: Failed appendEntries: org.apache.ratis.thirdparty.io.grpc.StatusRuntimeException: UNAVAILABLE: io exception
2021-01-18 04:01:09,125 [grpc-default-executor-1] WARN  server.GrpcLogAppender (GrpcLogAppender.java:resetClient(111)) - omNode-2@group-523986131536->omNode-3-GrpcLogAppender: Leader has not got in touch with Follower omNode-2@group-523986131536->omNode-3(c-1,m0,n1, attendVote=true, lastRpcSendTime=501, lastRpcResponseTime=12379) yet, just keep nextIndex unchanged and retry.
2021-01-18 04:01:09,229 [IPC Server handler 8 on default port 13712] INFO  ipc.Server (Server.java:logException(2976)) - IPC Server handler 8 on default port 13712, call Call#39 Retry#0 org.apache.hadoop.ozone.om.protocol.OzoneManagerProtocol.submitRequest from 127.0.0.1:40184
org.apache.hadoop.ozone.om.exceptions.OMNotLeaderException: OM:omNode-1 is not the leader. Could not determine the leader node.
	at org.apache.hadoop.ozone.protocolPB.OzoneManagerProtocolServerSideTranslatorPB.createNotLeaderException(OzoneManagerProtocolServerSideTranslatorPB.java:202)
	at org.apache.hadoop.ozone.protocolPB.OzoneManagerProtocolServerSideTranslatorPB.createLeaderErrorException(OzoneManagerProtocolServerSideTranslatorPB.java:215)
	at org.apache.hadoop.ozone.protocolPB.OzoneManagerProtocolServerSideTranslatorPB.submitReadRequestToOM(OzoneManagerProtocolServerSideTranslatorPB.java:192)
	at org.apache.hadoop.ozone.protocolPB.OzoneManagerProtocolServerSideTranslatorPB.processRequest(OzoneManagerProtocolServerSideTranslatorPB.java:132)
	at org.apache.hadoop.hdds.server.OzoneProtocolMessageDispatcher.processRequest(OzoneProtocolMessageDispatcher.java:87)
	at org.apache.hadoop.ozone.protocolPB.OzoneManagerProtocolServerSideTranslatorPB.submitRequest(OzoneManagerProtocolServerSideTranslatorPB.java:122)
	at org.apache.hadoop.ozone.protocol.proto.OzoneManagerProtocolProtos$OzoneManagerService$2.callBlockingMethod(OzoneManagerProtocolProtos.java)
	at org.apache.hadoop.ipc.ProtobufRpcEngine$Server$ProtoBufRpcInvoker.call(ProtobufRpcEngine.java:528)
	at org.apache.hadoop.ipc.RPC$Server.call(RPC.java:1070)
	at org.apache.hadoop.ipc.Server$RpcCall.run(Server.java:999)
	at org.apache.hadoop.ipc.Server$RpcCall.run(Server.java:927)
	at java.security.AccessController.doPrivileged(Native Method)
	at javax.security.auth.Subject.doAs(Subject.java:422)
	at org.apache.hadoop.security.UserGroupInformation.doAs(UserGroupInformation.java:1730)
	at org.apache.hadoop.ipc.Server$Handler.run(Server.java:2915)
2021-01-18 04:01:09,504 [Listener at 127.0.0.1/13724] INFO  rpc.RpcClient (RpcClient.java:createVolume(275)) - Creating Volume: volume78074, with user19264 as owner and space quota set to -1 bytes, counts quota set to -1
2021-01-18 04:01:09,640 [grpc-default-executor-1] WARN  server.GrpcLogAppender (LogUtils.java:warn(122)) - omNode-2@group-523986131536->omNode-3-AppendLogResponseHandler: Failed appendEntries: org.apache.ratis.thirdparty.io.grpc.StatusRuntimeException: UNAVAILABLE: io exception
2021-01-18 04:01:09,641 [grpc-default-executor-1] WARN  server.GrpcLogAppender (GrpcLogAppender.java:resetClient(111)) - omNode-2@group-523986131536->omNode-3-GrpcLogAppender: Leader has not got in touch with Follower omNode-2@group-523986131536->omNode-3(c-1,m0,n1, attendVote=true, lastRpcSendTime=1, lastRpcResponseTime=12895) yet, just keep nextIndex unchanged and retry.
2021-01-18 04:01:09,647 [grpc-default-executor-2] WARN  server.GrpcLogAppender (LogUtils.java:warn(122)) - omNode-2@group-523986131536->omNode-3-AppendLogResponseHandler: Failed appendEntries: org.apache.ratis.thirdparty.io.grpc.StatusRuntimeException: UNAVAILABLE: io exception
2021-01-18 04:01:09,648 [grpc-default-executor-2] WARN  server.GrpcLogAppender (GrpcLogAppender.java:resetClient(111)) - omNode-2@group-523986131536->omNode-3-GrpcLogAppender: Leader has not got in touch with Follower omNode-2@group-523986131536->omNode-3(c-1,m0,n2, attendVote=true, lastRpcSendTime=0, lastRpcResponseTime=12902) yet, just keep nextIndex unchanged and retry.
2021-01-18 04:01:09,658 [grpc-default-executor-2] WARN  server.GrpcLogAppender (LogUtils.java:warn(122)) - omNode-2@group-523986131536->omNode-3-AppendLogResponseHandler: Failed appendEntries: org.apache.ratis.thirdparty.io.grpc.StatusRuntimeException: UNAVAILABLE: io exception
2021-01-18 04:01:09,659 [grpc-default-executor-2] WARN  server.GrpcLogAppender (GrpcLogAppender.java:resetClient(111)) - omNode-2@group-523986131536->omNode-3-GrpcLogAppender: Leader has not got in touch with Follower omNode-2@group-523986131536->omNode-3(c-1,m0,n3, attendVote=true, lastRpcSendTime=0, lastRpcResponseTime=12912) yet, just keep nextIndex unchanged and retry.
2021-01-18 04:01:09,677 [OM StateMachine ApplyTransaction Thread - 0] INFO  volume.OMVolumeCreateRequest (OMVolumeCreateRequest.java:validateAndUpdateCache(196)) - created volume:volume78074 for user:user19264
2021-01-18 04:01:09,696 [OM StateMachine ApplyTransaction Thread - 0] INFO  volume.OMVolumeCreateRequest (OMVolumeCreateRequest.java:validateAndUpdateCache(196)) - created volume:volume78074 for user:user19264
2021-01-18 04:01:09,730 [Listener at 127.0.0.1/13724] INFO  rpc.RpcClient (RpcClient.java:createBucket(429)) - Creating Bucket: volume78074/bucket27908, with Versioning false and Storage Type set to DISK and Encryption set to false 
2021-01-18 04:01:09,745 [grpc-default-executor-2] WARN  server.GrpcLogAppender (LogUtils.java:warn(122)) - omNode-2@group-523986131536->omNode-3-AppendLogResponseHandler: Failed appendEntries: org.apache.ratis.thirdparty.io.grpc.StatusRuntimeException: UNAVAILABLE: io exception
2021-01-18 04:01:09,746 [grpc-default-executor-2] WARN  server.GrpcLogAppender (GrpcLogAppender.java:resetClient(111)) - omNode-2@group-523986131536->omNode-3-GrpcLogAppender: Leader has not got in touch with Follower omNode-2@group-523986131536->omNode-3(c-1,m0,n4, attendVote=true, lastRpcSendTime=0, lastRpcResponseTime=13000) yet, just keep nextIndex unchanged and retry.
2021-01-18 04:01:09,750 [grpc-default-executor-2] WARN  server.GrpcLogAppender (LogUtils.java:warn(122)) - omNode-2@group-523986131536->omNode-3-AppendLogResponseHandler: Failed appendEntries: org.apache.ratis.thirdparty.io.grpc.StatusRuntimeException: UNAVAILABLE: io exception
2021-01-18 04:01:09,751 [grpc-default-executor-2] WARN  server.GrpcLogAppender (GrpcLogAppender.java:resetClient(111)) - omNode-2@group-523986131536->omNode-3-GrpcLogAppender: Leader has not got in touch with Follower omNode-2@group-523986131536->omNode-3(c-1,m0,n5, attendVote=true, lastRpcSendTime=0, lastRpcResponseTime=13004) yet, just keep nextIndex unchanged and retry.
2021-01-18 04:01:09,827 [IPC Server handler 1 on default port 46521] INFO  pipeline.PipelineStateManager (PipelineStateManager.java:addPipeline(54)) - Created pipeline Pipeline[ Id: 4a0b1a2e-476c-4a8a-9ef3-e76a029bbf4a, Nodes: 418e6855-184b-4135-9b3f-1bec60925ac4{ip: 172.17.0.2, host: d01bdcf5d4c9, networkLocation: /default-rack, certSerialId: null, persistedOpState: IN_SERVICE, persistedOpStateExpiryEpochSec: 0}, Type:STAND_ALONE, Factor:ONE, State:OPEN, leaderId:, CreationTimestamp2021-01-18T04:01:09.826Z]
2021-01-18 04:01:09,881 [grpc-default-executor-2] WARN  server.GrpcLogAppender (LogUtils.java:warn(122)) - omNode-2@group-523986131536->omNode-3-AppendLogResponseHandler: Failed appendEntries: org.apache.ratis.thirdparty.io.grpc.StatusRuntimeException: UNAVAILABLE: io exception
2021-01-18 04:01:09,882 [grpc-default-executor-2] WARN  server.GrpcLogAppender (GrpcLogAppender.java:resetClient(111)) - omNode-2@group-523986131536->omNode-3-GrpcLogAppender: Leader has not got in touch with Follower omNode-2@group-523986131536->omNode-3(c-1,m0,n6, attendVote=true, lastRpcSendTime=0, lastRpcResponseTime=13136) yet, just keep nextIndex unchanged and retry.
2021-01-18 04:01:09,897 [grpc-default-executor-1] WARN  server.GrpcLogAppender (LogUtils.java:warn(122)) - omNode-2@group-523986131536->omNode-3-AppendLogResponseHandler: Failed appendEntries: org.apache.ratis.thirdparty.io.grpc.StatusRuntimeException: UNAVAILABLE: io exception
2021-01-18 04:01:09,904 [grpc-default-executor-1] WARN  server.GrpcLogAppender (GrpcLogAppender.java:resetClient(111)) - omNode-2@group-523986131536->omNode-3-GrpcLogAppender: Leader has not got in touch with Follower omNode-2@group-523986131536->omNode-3(c-1,m0,n7, attendVote=true, lastRpcSendTime=22, lastRpcResponseTime=13158) yet, just keep nextIndex unchanged and retry.
2021-01-18 04:01:09,975 [Listener at 127.0.0.1/13724] INFO  impl.MetricsSystemImpl (MetricsSystemImpl.java:init(158)) - XceiverClientMetrics metrics system started (again)
2021-01-18 04:01:10,375 [grpc-default-executor-2] WARN  server.GrpcLogAppender (LogUtils.java:warn(122)) - omNode-2@group-523986131536->omNode-3-AppendLogResponseHandler: Failed appendEntries: org.apache.ratis.thirdparty.io.grpc.StatusRuntimeException: UNAVAILABLE: io exception
2021-01-18 04:01:10,376 [grpc-default-executor-2] WARN  server.GrpcLogAppender (GrpcLogAppender.java:resetClient(111)) - omNode-2@group-523986131536->omNode-3-GrpcLogAppender: Leader has not got in touch with Follower omNode-2@group-523986131536->omNode-3(c-1,m0,n8, attendVote=true, lastRpcSendTime=0, lastRpcResponseTime=13629) yet, just keep nextIndex unchanged and retry.
2021-01-18 04:01:10,384 [grpc-default-executor-2] WARN  server.GrpcLogAppender (LogUtils.java:warn(122)) - omNode-2@group-523986131536->omNode-3-AppendLogResponseHandler: Failed appendEntries: org.apache.ratis.thirdparty.io.grpc.StatusRuntimeException: UNAVAILABLE: io exception
2021-01-18 04:01:10,384 [grpc-default-executor-2] WARN  server.GrpcLogAppender (GrpcLogAppender.java:resetClient(111)) - omNode-2@group-523986131536->omNode-3-GrpcLogAppender: Leader has not got in touch with Follower omNode-2@group-523986131536->omNode-3(c-1,m0,n9, attendVote=true, lastRpcSendTime=0, lastRpcResponseTime=13638) yet, just keep nextIndex unchanged and retry.
2021-01-18 04:01:10,490 [grpc-default-executor-2] WARN  server.GrpcLogAppender (LogUtils.java:warn(122)) - omNode-2@group-523986131536->omNode-3-AppendLogResponseHandler: Failed appendEntries: org.apache.ratis.thirdparty.io.grpc.StatusRuntimeException: UNAVAILABLE: io exception
2021-01-18 04:01:10,491 [grpc-default-executor-2] WARN  server.GrpcLogAppender (GrpcLogAppender.java:resetClient(111)) - omNode-2@group-523986131536->omNode-3-GrpcLogAppender: Leader has not got in touch with Follower omNode-2@group-523986131536->omNode-3(c-1,m0,n10, attendVote=true, lastRpcSendTime=107, lastRpcResponseTime=13744) yet, just keep nextIndex unchanged and retry.
2021-01-18 04:01:10,508 [grpc-default-executor-2] WARN  server.GrpcLogAppender (LogUtils.java:warn(122)) - omNode-2@group-523986131536->omNode-3-AppendLogResponseHandler: Failed appendEntries: org.apache.ratis.thirdparty.io.grpc.StatusRuntimeException: UNAVAILABLE: io exception
2021-01-18 04:01:10,509 [grpc-default-executor-2] WARN  server.GrpcLogAppender (GrpcLogAppender.java:resetClient(111)) - omNode-2@group-523986131536->omNode-3-GrpcLogAppender: Leader has not got in touch with Follower omNode-2@group-523986131536->omNode-3(c-1,m0,n11, attendVote=true, lastRpcSendTime=17, lastRpcResponseTime=13762) yet, just keep nextIndex unchanged and retry.
2021-01-18 04:01:10,550 [grpc-default-executor-0] WARN  server.GrpcLogAppender (LogUtils.java:warn(122)) - omNode-2@group-523986131536->omNode-3-AppendLogResponseHandler: Failed appendEntries: org.apache.ratis.thirdparty.io.grpc.StatusRuntimeException: UNAVAILABLE: io exception
2021-01-18 04:01:10,551 [grpc-default-executor-0] WARN  server.GrpcLogAppender (GrpcLogAppender.java:resetClient(111)) - omNode-2@group-523986131536->omNode-3-GrpcLogAppender: Leader has not got in touch with Follower omNode-2@group-523986131536->omNode-3(c-1,m0,n12, attendVote=true, lastRpcSendTime=0, lastRpcResponseTime=13805) yet, just keep nextIndex unchanged and retry.
2021-01-18 04:01:10,559 [grpc-default-executor-0] WARN  server.GrpcLogAppender (LogUtils.java:warn(122)) - omNode-2@group-523986131536->omNode-3-AppendLogResponseHandler: Failed appendEntries: org.apache.ratis.thirdparty.io.grpc.StatusRuntimeException: UNAVAILABLE: io exception
2021-01-18 04:01:10,559 [grpc-default-executor-0] WARN  server.GrpcLogAppender (GrpcLogAppender.java:resetClient(111)) - omNode-2@group-523986131536->omNode-3-GrpcLogAppender: Leader has not got in touch with Follower omNode-2@group-523986131536->omNode-3(c-1,m0,n13, attendVote=true, lastRpcSendTime=0, lastRpcResponseTime=13813) yet, just keep nextIndex unchanged and retry.
2021-01-18 04:01:10,676 [grpc-default-executor-0] WARN  server.GrpcLogAppender (LogUtils.java:warn(122)) - omNode-2@group-523986131536->omNode-3-AppendLogResponseHandler: Failed appendEntries: org.apache.ratis.thirdparty.io.grpc.StatusRuntimeException: UNAVAILABLE: io exception
2021-01-18 04:01:10,677 [grpc-default-executor-0] WARN  server.GrpcLogAppender (GrpcLogAppender.java:resetClient(111)) - omNode-2@group-523986131536->omNode-3-GrpcLogAppender: Leader has not got in touch with Follower omNode-2@group-523986131536->omNode-3(c-1,m0,n14, attendVote=true, lastRpcSendTime=118, lastRpcResponseTime=13930) yet, just keep nextIndex unchanged and retry.
2021-01-18 04:01:10,680 [grpc-default-executor-0] WARN  server.GrpcLogAppender (LogUtils.java:warn(122)) - omNode-2@group-523986131536->omNode-3-AppendLogResponseHandler: Failed appendEntries: org.apache.ratis.thirdparty.io.grpc.StatusRuntimeException: UNAVAILABLE: io exception
2021-01-18 04:01:10,680 [grpc-default-executor-0] WARN  server.GrpcLogAppender (GrpcLogAppender.java:resetClient(111)) - omNode-2@group-523986131536->omNode-3-GrpcLogAppender: Leader has not got in touch with Follower omNode-2@group-523986131536->omNode-3(c-1,m0,n15, attendVote=true, lastRpcSendTime=3, lastRpcResponseTime=13934) yet, just keep nextIndex unchanged and retry.
2021-01-18 04:01:10,696 [grpc-default-executor-0] WARN  server.GrpcLogAppender (LogUtils.java:warn(122)) - omNode-2@group-523986131536->omNode-3-AppendLogResponseHandler: Failed appendEntries: org.apache.ratis.thirdparty.io.grpc.StatusRuntimeException: UNAVAILABLE: io exception
2021-01-18 04:01:10,697 [grpc-default-executor-0] WARN  server.GrpcLogAppender (GrpcLogAppender.java:resetClient(111)) - omNode-2@group-523986131536->omNode-3-GrpcLogAppender: Leader has not got in touch with Follower omNode-2@group-523986131536->omNode-3(c-1,m0,n16, attendVote=true, lastRpcSendTime=0, lastRpcResponseTime=13950) yet, just keep nextIndex unchanged and retry.
2021-01-18 04:01:10,702 [grpc-default-executor-0] WARN  server.GrpcLogAppender (LogUtils.java:warn(122)) - omNode-2@group-523986131536->omNode-3-AppendLogResponseHandler: Failed appendEntries: org.apache.ratis.thirdparty.io.grpc.StatusRuntimeException: UNAVAILABLE: io exception
2021-01-18 04:01:10,702 [grpc-default-executor-0] WARN  server.GrpcLogAppender (GrpcLogAppender.java:resetClient(111)) - omNode-2@group-523986131536->omNode-3-GrpcLogAppender: Leader has not got in touch with Follower omNode-2@group-523986131536->omNode-3(c-1,m0,n17, attendVote=true, lastRpcSendTime=1, lastRpcResponseTime=13956) yet, just keep nextIndex unchanged and retry.
2021-01-18 04:01:10,809 [grpc-default-executor-0] WARN  server.GrpcLogAppender (LogUtils.java:warn(122)) - omNode-2@group-523986131536->omNode-3-AppendLogResponseHandler: Failed appendEntries: org.apache.ratis.thirdparty.io.grpc.StatusRuntimeException: UNAVAILABLE: io exception
2021-01-18 04:01:10,810 [grpc-default-executor-0] WARN  server.GrpcLogAppender (GrpcLogAppender.java:resetClient(111)) - omNode-2@group-523986131536->omNode-3-GrpcLogAppender: Leader has not got in touch with Follower omNode-2@group-523986131536->omNode-3(c-1,m0,n18, attendVote=true, lastRpcSendTime=0, lastRpcResponseTime=14064) yet, just keep nextIndex unchanged and retry.
2021-01-18 04:01:10,818 [grpc-default-executor-0] WARN  server.GrpcLogAppender (LogUtils.java:warn(122)) - omNode-2@group-523986131536->omNode-3-AppendLogResponseHandler: Failed appendEntries: org.apache.ratis.thirdparty.io.grpc.StatusRuntimeException: UNAVAILABLE: io exception
2021-01-18 04:01:10,818 [grpc-default-executor-0] WARN  server.GrpcLogAppender (GrpcLogAppender.java:resetClient(111)) - omNode-2@group-523986131536->omNode-3-GrpcLogAppender: Leader has not got in touch with Follower omNode-2@group-523986131536->omNode-3(c-1,m0,n19, attendVote=true, lastRpcSendTime=9, lastRpcResponseTime=14072) yet, just keep nextIndex unchanged and retry.
2021-01-18 04:01:10,840 [grpc-default-executor-0] WARN  server.GrpcLogAppender (LogUtils.java:warn(122)) - omNode-2@group-523986131536->omNode-3-AppendLogResponseHandler: Failed appendEntries: org.apache.ratis.thirdparty.io.grpc.StatusRuntimeException: UNAVAILABLE: io exception
2021-01-18 04:01:10,841 [grpc-default-executor-0] WARN  server.GrpcLogAppender (GrpcLogAppender.java:resetClient(111)) - omNode-2@group-523986131536->omNode-3-GrpcLogAppender: Leader has not got in touch with Follower omNode-2@group-523986131536->omNode-3(c-1,m0,n21, attendVote=true, lastRpcSendTime=2, lastRpcResponseTime=14094) yet, just keep nextIndex unchanged and retry.
2021-01-18 04:01:10,944 [grpc-default-executor-0] WARN  server.GrpcLogAppender (LogUtils.java:warn(122)) - omNode-2@group-523986131536->omNode-3-AppendLogResponseHandler: Failed appendEntries: org.apache.ratis.thirdparty.io.grpc.StatusRuntimeException: UNAVAILABLE: io exception
2021-01-18 04:01:10,945 [grpc-default-executor-0] WARN  server.GrpcLogAppender (GrpcLogAppender.java:resetClient(111)) - omNode-2@group-523986131536->omNode-3-GrpcLogAppender: Leader has not got in touch with Follower omNode-2@group-523986131536->omNode-3(c-1,m0,n22, attendVote=true, lastRpcSendTime=0, lastRpcResponseTime=14198) yet, just keep nextIndex unchanged and retry.
2021-01-18 04:01:10,950 [grpc-default-executor-0] WARN  server.GrpcLogAppender (LogUtils.java:warn(122)) - omNode-2@group-523986131536->omNode-3-AppendLogResponseHandler: Failed appendEntries: org.apache.ratis.thirdparty.io.grpc.StatusRuntimeException: UNAVAILABLE: io exception
2021-01-18 04:01:10,951 [grpc-default-executor-0] WARN  server.GrpcLogAppender (GrpcLogAppender.java:resetClient(111)) - omNode-2@group-523986131536->omNode-3-GrpcLogAppender: Leader has not got in touch with Follower omNode-2@group-523986131536->omNode-3(c-1,m0,n23, attendVote=true, lastRpcSendTime=0, lastRpcResponseTime=14204) yet, just keep nextIndex unchanged and retry.
2021-01-18 04:01:10,970 [grpc-default-executor-2] WARN  server.GrpcLogAppender (LogUtils.java:warn(122)) - omNode-2@group-523986131536->omNode-3-AppendLogResponseHandler: Failed appendEntries: org.apache.ratis.thirdparty.io.grpc.StatusRuntimeException: UNAVAILABLE: io exception
2021-01-18 04:01:10,971 [grpc-default-executor-2] WARN  server.GrpcLogAppender (GrpcLogAppender.java:resetClient(111)) - omNode-2@group-523986131536->omNode-3-GrpcLogAppender: Leader has not got in touch with Follower omNode-2@group-523986131536->omNode-3(c-1,m0,n24, attendVote=true, lastRpcSendTime=0, lastRpcResponseTime=14224) yet, just keep nextIndex unchanged and retry.
2021-01-18 04:01:10,974 [grpc-default-executor-2] WARN  server.GrpcLogAppender (LogUtils.java:warn(122)) - omNode-2@group-523986131536->omNode-3-AppendLogResponseHandler: Failed appendEntries: org.apache.ratis.thirdparty.io.grpc.StatusRuntimeException: UNAVAILABLE: io exception
2021-01-18 04:01:10,975 [grpc-default-executor-2] WARN  server.GrpcLogAppender (GrpcLogAppender.java:resetClient(111)) - omNode-2@group-523986131536->omNode-3-GrpcLogAppender: Leader has not got in touch with Follower omNode-2@group-523986131536->omNode-3(c-1,m0,n25, attendVote=true, lastRpcSendTime=4, lastRpcResponseTime=14228) yet, just keep nextIndex unchanged and retry.
2021-01-18 04:01:11,083 [grpc-default-executor-2] WARN  server.GrpcLogAppender (LogUtils.java:warn(122)) - omNode-2@group-523986131536->omNode-3-AppendLogResponseHandler: Failed appendEntries: org.apache.ratis.thirdparty.io.grpc.StatusRuntimeException: UNAVAILABLE: io exception
2021-01-18 04:01:11,084 [grpc-default-executor-2] WARN  server.GrpcLogAppender (GrpcLogAppender.java:resetClient(111)) - omNode-2@group-523986131536->omNode-3-GrpcLogAppender: Leader has not got in touch with Follower omNode-2@group-523986131536->omNode-3(c-1,m0,n26, attendVote=true, lastRpcSendTime=0, lastRpcResponseTime=14338) yet, just keep nextIndex unchanged and retry.
2021-01-18 04:01:11,092 [grpc-default-executor-2] WARN  server.GrpcLogAppender (LogUtils.java:warn(122)) - omNode-2@group-523986131536->omNode-3-AppendLogResponseHandler: Failed appendEntries: org.apache.ratis.thirdparty.io.grpc.StatusRuntimeException: UNAVAILABLE: io exception
2021-01-18 04:01:11,093 [grpc-default-executor-2] WARN  server.GrpcLogAppender (GrpcLogAppender.java:resetClient(111)) - omNode-2@group-523986131536->omNode-3-GrpcLogAppender: Leader has not got in touch with Follower omNode-2@group-523986131536->omNode-3(c-1,m0,n27, attendVote=true, lastRpcSendTime=9, lastRpcResponseTime=14347) yet, just keep nextIndex unchanged and retry.
2021-01-18 04:01:11,114 [grpc-default-executor-0] WARN  server.GrpcLogAppender (LogUtils.java:warn(122)) - omNode-2@group-523986131536->omNode-3-AppendLogResponseHandler: Failed appendEntries: org.apache.ratis.thirdparty.io.grpc.StatusRuntimeException: UNAVAILABLE: io exception
2021-01-18 04:01:11,115 [grpc-default-executor-0] WARN  server.GrpcLogAppender (GrpcLogAppender.java:resetClient(111)) - omNode-2@group-523986131536->omNode-3-GrpcLogAppender: Leader has not got in touch with Follower omNode-2@group-523986131536->omNode-3(c-1,m0,n28, attendVote=true, lastRpcSendTime=21, lastRpcResponseTime=14369) yet, just keep nextIndex unchanged and retry.
2021-01-18 04:01:11,120 [grpc-default-executor-2] WARN  server.GrpcLogAppender (LogUtils.java:warn(122)) - omNode-2@group-523986131536->omNode-3-AppendLogResponseHandler: Failed appendEntries: org.apache.ratis.thirdparty.io.grpc.StatusRuntimeException: UNAVAILABLE: io exception
2021-01-18 04:01:11,121 [grpc-default-executor-2] WARN  server.GrpcLogAppender (GrpcLogAppender.java:resetClient(111)) - omNode-2@group-523986131536->omNode-3-GrpcLogAppender: Leader has not got in touch with Follower omNode-2@group-523986131536->omNode-3(c-1,m0,n29, attendVote=true, lastRpcSendTime=5, lastRpcResponseTime=14375) yet, just keep nextIndex unchanged and retry.
2021-01-18 04:01:11,225 [grpc-default-executor-1] WARN  server.GrpcLogAppender (LogUtils.java:warn(122)) - omNode-2@group-523986131536->omNode-3-AppendLogResponseHandler: Failed appendEntries: org.apache.ratis.thirdparty.io.grpc.StatusRuntimeException: UNAVAILABLE: io exception
2021-01-18 04:01:11,226 [grpc-default-executor-1] WARN  server.GrpcLogAppender (GrpcLogAppender.java:resetClient(111)) - omNode-2@group-523986131536->omNode-3-GrpcLogAppender: Leader has not got in touch with Follower omNode-2@group-523986131536->omNode-3(c-1,m0,n30, attendVote=true, lastRpcSendTime=1, lastRpcResponseTime=14480) yet, just keep nextIndex unchanged and retry.
2021-01-18 04:01:11,230 [grpc-default-executor-1] WARN  server.GrpcLogAppender (LogUtils.java:warn(122)) - omNode-2@group-523986131536->omNode-3-AppendLogResponseHandler: Failed appendEntries: org.apache.ratis.thirdparty.io.grpc.StatusRuntimeException: UNAVAILABLE: io exception
2021-01-18 04:01:11,230 [grpc-default-executor-1] WARN  server.GrpcLogAppender (GrpcLogAppender.java:resetClient(111)) - omNode-2@group-523986131536->omNode-3-GrpcLogAppender: Leader has not got in touch with Follower omNode-2@group-523986131536->omNode-3(c-1,m0,n31, attendVote=true, lastRpcSendTime=5, lastRpcResponseTime=14484) yet, just keep nextIndex unchanged and retry.
2021-01-18 04:01:11,255 [grpc-default-executor-1] WARN  server.GrpcLogAppender (LogUtils.java:warn(122)) - omNode-2@group-523986131536->omNode-3-AppendLogResponseHandler: Failed appendEntries: org.apache.ratis.thirdparty.io.grpc.StatusRuntimeException: UNAVAILABLE: io exception
2021-01-18 04:01:11,255 [grpc-default-executor-1] WARN  server.GrpcLogAppender (GrpcLogAppender.java:resetClient(111)) - omNode-2@group-523986131536->omNode-3-GrpcLogAppender: Leader has not got in touch with Follower omNode-2@group-523986131536->omNode-3(c-1,m0,n32, attendVote=true, lastRpcSendTime=0, lastRpcResponseTime=14509) yet, just keep nextIndex unchanged and retry.
2021-01-18 04:01:11,260 [grpc-default-executor-2] WARN  server.GrpcLogAppender (LogUtils.java:warn(122)) - omNode-2@group-523986131536->omNode-3-AppendLogResponseHandler: Failed appendEntries: org.apache.ratis.thirdparty.io.grpc.StatusRuntimeException: UNAVAILABLE: io exception
2021-01-18 04:01:11,260 [grpc-default-executor-2] WARN  server.GrpcLogAppender (GrpcLogAppender.java:resetClient(111)) - omNode-2@group-523986131536->omNode-3-GrpcLogAppender: Leader has not got in touch with Follower omNode-2@group-523986131536->omNode-3(c-1,m0,n33, attendVote=true, lastRpcSendTime=0, lastRpcResponseTime=14514) yet, just keep nextIndex unchanged and retry.
2021-01-18 04:01:11,366 [grpc-default-executor-2] WARN  server.GrpcLogAppender (LogUtils.java:warn(122)) - omNode-2@group-523986131536->omNode-3-AppendLogResponseHandler: Failed appendEntries: org.apache.ratis.thirdparty.io.grpc.StatusRuntimeException: UNAVAILABLE: io exception
2021-01-18 04:01:11,366 [grpc-default-executor-2] WARN  server.GrpcLogAppender (GrpcLogAppender.java:resetClient(111)) - omNode-2@group-523986131536->omNode-3-GrpcLogAppender: Leader has not got in touch with Follower omNode-2@group-523986131536->omNode-3(c-1,m0,n34, attendVote=true, lastRpcSendTime=1, lastRpcResponseTime=14620) yet, just keep nextIndex unchanged and retry.
2021-01-18 04:01:11,373 [grpc-default-executor-2] WARN  server.GrpcLogAppender (LogUtils.java:warn(122)) - omNode-2@group-523986131536->omNode-3-AppendLogResponseHandler: Failed appendEntries: org.apache.ratis.thirdparty.io.grpc.StatusRuntimeException: UNAVAILABLE: io exception
2021-01-18 04:01:11,373 [grpc-default-executor-2] WARN  server.GrpcLogAppender (GrpcLogAppender.java:resetClient(111)) - omNode-2@group-523986131536->omNode-3-GrpcLogAppender: Leader has not got in touch with Follower omNode-2@group-523986131536->omNode-3(c-1,m0,n35, attendVote=true, lastRpcSendTime=2, lastRpcResponseTime=14627) yet, just keep nextIndex unchanged and retry.
2021-01-18 04:01:11,387 [grpc-default-executor-0] WARN  server.GrpcLogAppender (LogUtils.java:warn(122)) - omNode-2@group-523986131536->omNode-3-AppendLogResponseHandler: Failed appendEntries: org.apache.ratis.thirdparty.io.grpc.StatusRuntimeException: UNAVAILABLE: io exception
2021-01-18 04:01:11,388 [grpc-default-executor-0] WARN  server.GrpcLogAppender (GrpcLogAppender.java:resetClient(111)) - omNode-2@group-523986131536->omNode-3-GrpcLogAppender: Leader has not got in touch with Follower omNode-2@group-523986131536->omNode-3(c-1,m0,n36, attendVote=true, lastRpcSendTime=3, lastRpcResponseTime=14642) yet, just keep nextIndex unchanged and retry.
2021-01-18 04:01:11,396 [grpc-default-executor-0] WARN  server.GrpcLogAppender (LogUtils.java:warn(122)) - omNode-2@group-523986131536->omNode-3-AppendLogResponseHandler: Failed appendEntries: org.apache.ratis.thirdparty.io.grpc.StatusRuntimeException: UNAVAILABLE: io exception
2021-01-18 04:01:11,396 [grpc-default-executor-0] WARN  server.GrpcLogAppender (GrpcLogAppender.java:resetClient(111)) - omNode-2@group-523986131536->omNode-3-GrpcLogAppender: Leader has not got in touch with Follower omNode-2@group-523986131536->omNode-3(c-1,m0,n37, attendVote=true, lastRpcSendTime=0, lastRpcResponseTime=14650) yet, just keep nextIndex unchanged and retry.
2021-01-18 04:01:11,505 [EventQueue-Delayed safe mode statusForReplicationManager] INFO  container.ReplicationManager (ReplicationManager.java:start(186)) - Starting Replication Monitor Thread.
2021-01-18 04:01:11,506 [grpc-default-executor-2] WARN  server.GrpcLogAppender (LogUtils.java:warn(122)) - omNode-2@group-523986131536->omNode-3-AppendLogResponseHandler: Failed appendEntries: org.apache.ratis.thirdparty.io.grpc.StatusRuntimeException: UNAVAILABLE: io exception
2021-01-18 04:01:11,507 [grpc-default-executor-2] WARN  server.GrpcLogAppender (GrpcLogAppender.java:resetClient(111)) - omNode-2@group-523986131536->omNode-3-GrpcLogAppender: Leader has not got in touch with Follower omNode-2@group-523986131536->omNode-3(c-1,m0,n38, attendVote=true, lastRpcSendTime=111, lastRpcResponseTime=14761) yet, just keep nextIndex unchanged and retry.
2021-01-18 04:01:11,511 [ReplicationMonitor] INFO  container.ReplicationManager (ReplicationManager.java:run(250)) - Replication Monitor Thread took 2 milliseconds for processing 2 containers.
2021-01-18 04:01:11,512 [grpc-default-executor-2] WARN  server.GrpcLogAppender (LogUtils.java:warn(122)) - omNode-2@group-523986131536->omNode-3-AppendLogResponseHandler: Failed appendEntries: org.apache.ratis.thirdparty.io.grpc.StatusRuntimeException: UNAVAILABLE: io exception
2021-01-18 04:01:11,513 [grpc-default-executor-2] WARN  server.GrpcLogAppender (GrpcLogAppender.java:resetClient(111)) - omNode-2@group-523986131536->omNode-3-GrpcLogAppender: Leader has not got in touch with Follower omNode-2@group-523986131536->omNode-3(c-1,m0,n39, attendVote=true, lastRpcSendTime=0, lastRpcResponseTime=14767) yet, just keep nextIndex unchanged and retry.
2021-01-18 04:01:11,531 [grpc-default-executor-2] WARN  server.GrpcLogAppender (LogUtils.java:warn(122)) - omNode-2@group-523986131536->omNode-3-AppendLogResponseHandler: Failed appendEntries: org.apache.ratis.thirdparty.io.grpc.StatusRuntimeException: UNAVAILABLE: io exception
2021-01-18 04:01:11,532 [grpc-default-executor-2] WARN  server.GrpcLogAppender (GrpcLogAppender.java:resetClient(111)) - omNode-2@group-523986131536->omNode-3-GrpcLogAppender: Leader has not got in touch with Follower omNode-2@group-523986131536->omNode-3(c-1,m0,n40, attendVote=true, lastRpcSendTime=2, lastRpcResponseTime=14785) yet, just keep nextIndex unchanged and retry.
2021-01-18 04:01:11,538 [grpc-default-executor-2] WARN  server.GrpcLogAppender (LogUtils.java:warn(122)) - omNode-2@group-523986131536->omNode-3-AppendLogResponseHandler: Failed appendEntries: org.apache.ratis.thirdparty.io.grpc.StatusRuntimeException: UNAVAILABLE: io exception
2021-01-18 04:01:11,539 [grpc-default-executor-2] WARN  server.GrpcLogAppender (GrpcLogAppender.java:resetClient(111)) - omNode-2@group-523986131536->omNode-3-GrpcLogAppender: Leader has not got in touch with Follower omNode-2@group-523986131536->omNode-3(c-1,m0,n41, attendVote=true, lastRpcSendTime=1, lastRpcResponseTime=14792) yet, just keep nextIndex unchanged and retry.
2021-01-18 04:01:11,647 [grpc-default-executor-2] WARN  server.GrpcLogAppender (LogUtils.java:warn(122)) - omNode-2@group-523986131536->omNode-3-AppendLogResponseHandler: Failed appendEntries: org.apache.ratis.thirdparty.io.grpc.StatusRuntimeException: UNAVAILABLE: io exception
2021-01-18 04:01:11,649 [grpc-default-executor-2] WARN  server.GrpcLogAppender (GrpcLogAppender.java:resetClient(111)) - omNode-2@group-523986131536->omNode-3-GrpcLogAppender: Leader has not got in touch with Follower omNode-2@group-523986131536->omNode-3(c-1,m0,n42, attendVote=true, lastRpcSendTime=1, lastRpcResponseTime=14902) yet, just keep nextIndex unchanged and retry.
2021-01-18 04:01:11,658 [grpc-default-executor-2] WARN  server.GrpcLogAppender (LogUtils.java:warn(122)) - omNode-2@group-523986131536->omNode-3-AppendLogResponseHandler: Failed appendEntries: org.apache.ratis.thirdparty.io.grpc.StatusRuntimeException: UNAVAILABLE: io exception
2021-01-18 04:01:11,659 [grpc-default-executor-2] WARN  server.GrpcLogAppender (GrpcLogAppender.java:resetClient(111)) - omNode-2@group-523986131536->omNode-3-GrpcLogAppender: Leader has not got in touch with Follower omNode-2@group-523986131536->omNode-3(c-1,m0,n43, attendVote=true, lastRpcSendTime=0, lastRpcResponseTime=14913) yet, just keep nextIndex unchanged and retry.
2021-01-18 04:01:11,674 [grpc-default-executor-0] WARN  server.GrpcLogAppender (LogUtils.java:warn(122)) - omNode-2@group-523986131536->omNode-3-AppendLogResponseHandler: Failed appendEntries: org.apache.ratis.thirdparty.io.grpc.StatusRuntimeException: UNAVAILABLE: io exception
2021-01-18 04:01:11,674 [grpc-default-executor-0] WARN  server.GrpcLogAppender (GrpcLogAppender.java:resetClient(111)) - omNode-2@group-523986131536->omNode-3-GrpcLogAppender: Leader has not got in touch with Follower omNode-2@group-523986131536->omNode-3(c-1,m0,n44, attendVote=true, lastRpcSendTime=0, lastRpcResponseTime=14928) yet, just keep nextIndex unchanged and retry.
2021-01-18 04:01:11,681 [grpc-default-executor-2] WARN  server.GrpcLogAppender (LogUtils.java:warn(122)) - omNode-2@group-523986131536->omNode-3-AppendLogResponseHandler: Failed appendEntries: org.apache.ratis.thirdparty.io.grpc.StatusRuntimeException: UNAVAILABLE: io exception
2021-01-18 04:01:11,682 [grpc-default-executor-2] WARN  server.GrpcLogAppender (GrpcLogAppender.java:resetClient(111)) - omNode-2@group-523986131536->omNode-3-GrpcLogAppender: Leader has not got in touch with Follower omNode-2@group-523986131536->omNode-3(c-1,m0,n45, attendVote=true, lastRpcSendTime=0, lastRpcResponseTime=14935) yet, just keep nextIndex unchanged and retry.
2021-01-18 04:01:11,783 [grpc-default-executor-2] WARN  server.GrpcLogAppender (LogUtils.java:warn(122)) - omNode-2@group-523986131536->omNode-3-AppendLogResponseHandler: Failed appendEntries: org.apache.ratis.thirdparty.io.grpc.StatusRuntimeException: UNAVAILABLE: io exception
2021-01-18 04:01:11,784 [grpc-default-executor-2] WARN  server.GrpcLogAppender (GrpcLogAppender.java:resetClient(111)) - omNode-2@group-523986131536->omNode-3-GrpcLogAppender: Leader has not got in touch with Follower omNode-2@group-523986131536->omNode-3(c-1,m0,n46, attendVote=true, lastRpcSendTime=0, lastRpcResponseTime=15037) yet, just keep nextIndex unchanged and retry.
2021-01-18 04:01:11,789 [grpc-default-executor-2] WARN  server.GrpcLogAppender (LogUtils.java:warn(122)) - omNode-2@group-523986131536->omNode-3-AppendLogResponseHandler: Failed appendEntries: org.apache.ratis.thirdparty.io.grpc.StatusRuntimeException: UNAVAILABLE: io exception
2021-01-18 04:01:11,790 [grpc-default-executor-2] WARN  server.GrpcLogAppender (GrpcLogAppender.java:resetClient(111)) - omNode-2@group-523986131536->omNode-3-GrpcLogAppender: Leader has not got in touch with Follower omNode-2@group-523986131536->omNode-3(c-1,m0,n47, attendVote=true, lastRpcSendTime=0, lastRpcResponseTime=15044) yet, just keep nextIndex unchanged and retry.
2021-01-18 04:01:11,807 [grpc-default-executor-2] WARN  server.GrpcLogAppender (LogUtils.java:warn(122)) - omNode-2@group-523986131536->omNode-3-AppendLogResponseHandler: Failed appendEntries: org.apache.ratis.thirdparty.io.grpc.StatusRuntimeException: UNAVAILABLE: io exception
2021-01-18 04:01:11,807 [grpc-default-executor-2] WARN  server.GrpcLogAppender (GrpcLogAppender.java:resetClient(111)) - omNode-2@group-523986131536->omNode-3-GrpcLogAppender: Leader has not got in touch with Follower omNode-2@group-523986131536->omNode-3(c-1,m0,n48, attendVote=true, lastRpcSendTime=0, lastRpcResponseTime=15061) yet, just keep nextIndex unchanged and retry.
2021-01-18 04:01:11,810 [grpc-default-executor-2] WARN  server.GrpcLogAppender (LogUtils.java:warn(122)) - omNode-2@group-523986131536->omNode-3-AppendLogResponseHandler: Failed appendEntries: org.apache.ratis.thirdparty.io.grpc.StatusRuntimeException: UNAVAILABLE: io exception
2021-01-18 04:01:11,811 [grpc-default-executor-2] WARN  server.GrpcLogAppender (GrpcLogAppender.java:resetClient(111)) - omNode-2@group-523986131536->omNode-3-GrpcLogAppender: Leader has not got in touch with Follower omNode-2@group-523986131536->omNode-3(c-1,m0,n49, attendVote=true, lastRpcSendTime=0, lastRpcResponseTime=15064) yet, just keep nextIndex unchanged and retry.
2021-01-18 04:01:11,916 [grpc-default-executor-2] WARN  server.GrpcLogAppender (LogUtils.java:warn(122)) - omNode-2@group-523986131536->omNode-3-AppendLogResponseHandler: Failed appendEntries: org.apache.ratis.thirdparty.io.grpc.StatusRuntimeException: UNAVAILABLE: io exception
2021-01-18 04:01:11,917 [grpc-default-executor-2] WARN  server.GrpcLogAppender (GrpcLogAppender.java:resetClient(111)) - omNode-2@group-523986131536->omNode-3-GrpcLogAppender: Leader has not got in touch with Follower omNode-2@group-523986131536->omNode-3(c-1,m0,n50, attendVote=true, lastRpcSendTime=106, lastRpcResponseTime=15170) yet, just keep nextIndex unchanged and retry.
2021-01-18 04:01:11,922 [grpc-default-executor-0] WARN  server.GrpcLogAppender (LogUtils.java:warn(122)) - omNode-2@group-523986131536->omNode-3-AppendLogResponseHandler: Failed appendEntries: org.apache.ratis.thirdparty.io.grpc.StatusRuntimeException: UNAVAILABLE: io exception
2021-01-18 04:01:11,922 [grpc-default-executor-0] WARN  server.GrpcLogAppender (GrpcLogAppender.java:resetClient(111)) - omNode-2@group-523986131536->omNode-3-GrpcLogAppender: Leader has not got in touch with Follower omNode-2@group-523986131536->omNode-3(c-1,m0,n51, attendVote=true, lastRpcSendTime=1, lastRpcResponseTime=15176) yet, just keep nextIndex unchanged and retry.
2021-01-18 04:01:11,923 [omNode-2@group-523986131536-StateMachineUpdater] INFO  ratis.OzoneManagerStateMachine (OzoneManagerStateMachine.java:takeSnapshot(345)) - Current Snapshot Index (t:2, i:49)
2021-01-18 04:01:11,926 [omNode-2@group-523986131536-StateMachineUpdater] INFO  impl.StateMachineUpdater (StateMachineUpdater.java:takeSnapshot(279)) - omNode-2@group-523986131536-StateMachineUpdater: Took a snapshot at index 49
2021-01-18 04:01:11,926 [omNode-2@group-523986131536-StateMachineUpdater] INFO  impl.StateMachineUpdater (StateMachineUpdater.java:lambda$new$0(88)) - omNode-2@group-523986131536-StateMachineUpdater: snapshotIndex: updateIncreasingly -1 -> 49
2021-01-18 04:01:11,926 [omNode-2@group-523986131536-StateMachineUpdater] INFO  raftlog.RaftLog (RaftLogBase.java:purge(306)) - omNode-2@group-523986131536-SegmentedRaftLog: purge 49
2021-01-18 04:01:11,926 [omNode-2@group-523986131536-StateMachineUpdater] INFO  raftlog.RaftLog (RaftLogBase.java:lambda$new$0(53)) - omNode-2@group-523986131536-SegmentedRaftLog: snapshotIndex: updateIncreasingly -1 -> 49
2021-01-18 04:01:11,927 [omNode-2@group-523986131536-StateMachineUpdater] INFO  raftlog.RaftLog (RaftLogBase.java:lambda$new$0(53)) - omNode-2@group-523986131536-SegmentedRaftLog: purgeIndex: updateToMax old=-1, new=49, updated? true
2021-01-18 04:01:11,944 [omNode-1@group-523986131536-StateMachineUpdater] INFO  ratis.OzoneManagerStateMachine (OzoneManagerStateMachine.java:takeSnapshot(345)) - Current Snapshot Index (t:2, i:49)
2021-01-18 04:01:11,948 [omNode-1@group-523986131536-StateMachineUpdater] INFO  impl.StateMachineUpdater (StateMachineUpdater.java:takeSnapshot(279)) - omNode-1@group-523986131536-StateMachineUpdater: Took a snapshot at index 49
2021-01-18 04:01:11,949 [omNode-1@group-523986131536-StateMachineUpdater] INFO  impl.StateMachineUpdater (StateMachineUpdater.java:lambda$new$0(88)) - omNode-1@group-523986131536-StateMachineUpdater: snapshotIndex: updateIncreasingly -1 -> 49
2021-01-18 04:01:11,949 [omNode-1@group-523986131536-StateMachineUpdater] INFO  raftlog.RaftLog (RaftLogBase.java:purge(306)) - omNode-1@group-523986131536-SegmentedRaftLog: purge 49
2021-01-18 04:01:11,952 [omNode-1@group-523986131536-StateMachineUpdater] INFO  raftlog.RaftLog (RaftLogBase.java:lambda$new$0(53)) - omNode-1@group-523986131536-SegmentedRaftLog: snapshotIndex: updateIncreasingly -1 -> 49
2021-01-18 04:01:11,952 [omNode-1@group-523986131536-StateMachineUpdater] INFO  raftlog.RaftLog (RaftLogBase.java:lambda$new$0(53)) - omNode-1@group-523986131536-SegmentedRaftLog: purgeIndex: updateToMax old=-1, new=49, updated? true
2021-01-18 04:01:11,953 [grpc-default-executor-1] WARN  server.GrpcLogAppender (LogUtils.java:warn(122)) - omNode-2@group-523986131536->omNode-3-AppendLogResponseHandler: Failed appendEntries: org.apache.ratis.thirdparty.io.grpc.StatusRuntimeException: UNAVAILABLE: io exception
2021-01-18 04:01:11,954 [grpc-default-executor-1] WARN  server.GrpcLogAppender (GrpcLogAppender.java:resetClient(111)) - omNode-2@group-523986131536->omNode-3-GrpcLogAppender: Leader has not got in touch with Follower omNode-2@group-523986131536->omNode-3(c-1,m0,n52, attendVote=true, lastRpcSendTime=0, lastRpcResponseTime=15208) yet, just keep nextIndex unchanged and retry.
2021-01-18 04:01:11,964 [grpc-default-executor-1] WARN  server.GrpcLogAppender (LogUtils.java:warn(122)) - omNode-2@group-523986131536->omNode-3-AppendLogResponseHandler: Failed appendEntries: org.apache.ratis.thirdparty.io.grpc.StatusRuntimeException: UNAVAILABLE: io exception
2021-01-18 04:01:11,965 [grpc-default-executor-1] WARN  server.GrpcLogAppender (GrpcLogAppender.java:resetClient(111)) - omNode-2@group-523986131536->omNode-3-GrpcLogAppender: Leader has not got in touch with Follower omNode-2@group-523986131536->omNode-3(c-1,m0,n53, attendVote=true, lastRpcSendTime=0, lastRpcResponseTime=15219) yet, just keep nextIndex unchanged and retry.
2021-01-18 04:01:12,067 [grpc-default-executor-1] WARN  server.GrpcLogAppender (LogUtils.java:warn(122)) - omNode-2@group-523986131536->omNode-3-AppendLogResponseHandler: Failed appendEntries: org.apache.ratis.thirdparty.io.grpc.StatusRuntimeException: UNAVAILABLE: io exception
2021-01-18 04:01:12,067 [grpc-default-executor-1] WARN  server.GrpcLogAppender (GrpcLogAppender.java:resetClient(111)) - omNode-2@group-523986131536->omNode-3-GrpcLogAppender: Leader has not got in touch with Follower omNode-2@group-523986131536->omNode-3(c-1,m0,n54, attendVote=true, lastRpcSendTime=0, lastRpcResponseTime=15321) yet, just keep nextIndex unchanged and retry.
2021-01-18 04:01:12,077 [grpc-default-executor-1] WARN  server.GrpcLogAppender (LogUtils.java:warn(122)) - omNode-2@group-523986131536->omNode-3-AppendLogResponseHandler: Failed appendEntries: org.apache.ratis.thirdparty.io.grpc.StatusRuntimeException: UNAVAILABLE: io exception
2021-01-18 04:01:12,077 [grpc-default-executor-1] WARN  server.GrpcLogAppender (GrpcLogAppender.java:resetClient(111)) - omNode-2@group-523986131536->omNode-3-GrpcLogAppender: Leader has not got in touch with Follower omNode-2@group-523986131536->omNode-3(c-1,m0,n55, attendVote=true, lastRpcSendTime=0, lastRpcResponseTime=15331) yet, just keep nextIndex unchanged and retry.
2021-01-18 04:01:12,091 [grpc-default-executor-2] WARN  server.GrpcLogAppender (LogUtils.java:warn(122)) - omNode-2@group-523986131536->omNode-3-AppendLogResponseHandler: Failed appendEntries: org.apache.ratis.thirdparty.io.grpc.StatusRuntimeException: UNAVAILABLE: io exception
2021-01-18 04:01:12,092 [grpc-default-executor-2] WARN  server.GrpcLogAppender (GrpcLogAppender.java:resetClient(111)) - omNode-2@group-523986131536->omNode-3-GrpcLogAppender: Leader has not got in touch with Follower omNode-2@group-523986131536->omNode-3(c-1,m0,n56, attendVote=true, lastRpcSendTime=0, lastRpcResponseTime=15345) yet, just keep nextIndex unchanged and retry.
2021-01-18 04:01:12,097 [grpc-default-executor-2] WARN  server.GrpcLogAppender (LogUtils.java:warn(122)) - omNode-2@group-523986131536->omNode-3-AppendLogResponseHandler: Failed appendEntries: org.apache.ratis.thirdparty.io.grpc.StatusRuntimeException: UNAVAILABLE: io exception
2021-01-18 04:01:12,097 [grpc-default-executor-2] WARN  server.GrpcLogAppender (GrpcLogAppender.java:resetClient(111)) - omNode-2@group-523986131536->omNode-3-GrpcLogAppender: Leader has not got in touch with Follower omNode-2@group-523986131536->omNode-3(c-1,m0,n57, attendVote=true, lastRpcSendTime=6, lastRpcResponseTime=15351) yet, just keep nextIndex unchanged and retry.
2021-01-18 04:01:12,202 [grpc-default-executor-2] WARN  server.GrpcLogAppender (LogUtils.java:warn(122)) - omNode-2@group-523986131536->omNode-3-AppendLogResponseHandler: Failed appendEntries: org.apache.ratis.thirdparty.io.grpc.StatusRuntimeException: UNAVAILABLE: io exception
2021-01-18 04:01:12,202 [grpc-default-executor-2] WARN  server.GrpcLogAppender (GrpcLogAppender.java:resetClient(111)) - omNode-2@group-523986131536->omNode-3-GrpcLogAppender: Leader has not got in touch with Follower omNode-2@group-523986131536->omNode-3(c-1,m0,n58, attendVote=true, lastRpcSendTime=105, lastRpcResponseTime=15456) yet, just keep nextIndex unchanged and retry.
2021-01-18 04:01:12,207 [grpc-default-executor-2] WARN  server.GrpcLogAppender (LogUtils.java:warn(122)) - omNode-2@group-523986131536->omNode-3-AppendLogResponseHandler: Failed appendEntries: org.apache.ratis.thirdparty.io.grpc.StatusRuntimeException: UNAVAILABLE: io exception
2021-01-18 04:01:12,208 [grpc-default-executor-2] WARN  server.GrpcLogAppender (GrpcLogAppender.java:resetClient(111)) - omNode-2@group-523986131536->omNode-3-GrpcLogAppender: Leader has not got in touch with Follower omNode-2@group-523986131536->omNode-3(c-1,m0,n59, attendVote=true, lastRpcSendTime=5, lastRpcResponseTime=15462) yet, just keep nextIndex unchanged and retry.
2021-01-18 04:01:12,248 [grpc-default-executor-2] WARN  server.GrpcLogAppender (LogUtils.java:warn(122)) - omNode-2@group-523986131536->omNode-3-AppendLogResponseHandler: Failed appendEntries: org.apache.ratis.thirdparty.io.grpc.StatusRuntimeException: UNAVAILABLE: io exception
2021-01-18 04:01:12,249 [grpc-default-executor-2] WARN  server.GrpcLogAppender (GrpcLogAppender.java:resetClient(111)) - omNode-2@group-523986131536->omNode-3-GrpcLogAppender: Leader has not got in touch with Follower omNode-2@group-523986131536->omNode-3(c-1,m0,n60, attendVote=true, lastRpcSendTime=40, lastRpcResponseTime=15503) yet, just keep nextIndex unchanged and retry.
2021-01-18 04:01:12,254 [grpc-default-executor-2] WARN  server.GrpcLogAppender (LogUtils.java:warn(122)) - omNode-2@group-523986131536->omNode-3-AppendLogResponseHandler: Failed appendEntries: org.apache.ratis.thirdparty.io.grpc.StatusRuntimeException: UNAVAILABLE: io exception
2021-01-18 04:01:12,255 [grpc-default-executor-2] WARN  server.GrpcLogAppender (GrpcLogAppender.java:resetClient(111)) - omNode-2@group-523986131536->omNode-3-GrpcLogAppender: Leader has not got in touch with Follower omNode-2@group-523986131536->omNode-3(c-1,m0,n61, attendVote=true, lastRpcSendTime=0, lastRpcResponseTime=15509) yet, just keep nextIndex unchanged and retry.
2021-01-18 04:01:12,360 [grpc-default-executor-2] WARN  server.GrpcLogAppender (LogUtils.java:warn(122)) - omNode-2@group-523986131536->omNode-3-AppendLogResponseHandler: Failed appendEntries: org.apache.ratis.thirdparty.io.grpc.StatusRuntimeException: UNAVAILABLE: io exception
2021-01-18 04:01:12,361 [grpc-default-executor-2] WARN  server.GrpcLogAppender (GrpcLogAppender.java:resetClient(111)) - omNode-2@group-523986131536->omNode-3-GrpcLogAppender: Leader has not got in touch with Follower omNode-2@group-523986131536->omNode-3(c-1,m0,n62, attendVote=true, lastRpcSendTime=0, lastRpcResponseTime=15615) yet, just keep nextIndex unchanged and retry.
2021-01-18 04:01:12,366 [grpc-default-executor-2] WARN  server.GrpcLogAppender (LogUtils.java:warn(122)) - omNode-2@group-523986131536->omNode-3-AppendLogResponseHandler: Failed appendEntries: org.apache.ratis.thirdparty.io.grpc.StatusRuntimeException: UNAVAILABLE: io exception
2021-01-18 04:01:12,367 [grpc-default-executor-2] WARN  server.GrpcLogAppender (GrpcLogAppender.java:resetClient(111)) - omNode-2@group-523986131536->omNode-3-GrpcLogAppender: Leader has not got in touch with Follower omNode-2@group-523986131536->omNode-3(c-1,m0,n63, attendVote=true, lastRpcSendTime=6, lastRpcResponseTime=15621) yet, just keep nextIndex unchanged and retry.
2021-01-18 04:01:12,387 [grpc-default-executor-2] WARN  server.GrpcLogAppender (LogUtils.java:warn(122)) - omNode-2@group-523986131536->omNode-3-AppendLogResponseHandler: Failed appendEntries: org.apache.ratis.thirdparty.io.grpc.StatusRuntimeException: UNAVAILABLE: io exception
2021-01-18 04:01:12,387 [grpc-default-executor-2] WARN  server.GrpcLogAppender (GrpcLogAppender.java:resetClient(111)) - omNode-2@group-523986131536->omNode-3-GrpcLogAppender: Leader has not got in touch with Follower omNode-2@group-523986131536->omNode-3(c-1,m0,n64, attendVote=true, lastRpcSendTime=20, lastRpcResponseTime=15641) yet, just keep nextIndex unchanged and retry.
2021-01-18 04:01:12,402 [grpc-default-executor-2] WARN  server.GrpcLogAppender (LogUtils.java:warn(122)) - omNode-2@group-523986131536->omNode-3-AppendLogResponseHandler: Failed appendEntries: org.apache.ratis.thirdparty.io.grpc.StatusRuntimeException: UNAVAILABLE: io exception
2021-01-18 04:01:12,403 [grpc-default-executor-2] WARN  server.GrpcLogAppender (GrpcLogAppender.java:resetClient(111)) - omNode-2@group-523986131536->omNode-3-GrpcLogAppender: Leader has not got in touch with Follower omNode-2@group-523986131536->omNode-3(c-1,m0,n65, attendVote=true, lastRpcSendTime=14, lastRpcResponseTime=15656) yet, just keep nextIndex unchanged and retry.
2021-01-18 04:01:12,509 [grpc-default-executor-2] WARN  server.GrpcLogAppender (LogUtils.java:warn(122)) - omNode-2@group-523986131536->omNode-3-AppendLogResponseHandler: Failed appendEntries: org.apache.ratis.thirdparty.io.grpc.StatusRuntimeException: UNAVAILABLE: io exception
2021-01-18 04:01:12,509 [grpc-default-executor-2] WARN  server.GrpcLogAppender (GrpcLogAppender.java:resetClient(111)) - omNode-2@group-523986131536->omNode-3-GrpcLogAppender: Leader has not got in touch with Follower omNode-2@group-523986131536->omNode-3(c-1,m0,n66, attendVote=true, lastRpcSendTime=106, lastRpcResponseTime=15763) yet, just keep nextIndex unchanged and retry.
2021-01-18 04:01:12,518 [grpc-default-executor-2] WARN  server.GrpcLogAppender (LogUtils.java:warn(122)) - omNode-2@group-523986131536->omNode-3-AppendLogResponseHandler: Failed appendEntries: org.apache.ratis.thirdparty.io.grpc.StatusRuntimeException: UNAVAILABLE: io exception
2021-01-18 04:01:12,519 [grpc-default-executor-2] WARN  server.GrpcLogAppender (GrpcLogAppender.java:resetClient(111)) - omNode-2@group-523986131536->omNode-3-GrpcLogAppender: Leader has not got in touch with Follower omNode-2@group-523986131536->omNode-3(c-1,m0,n67, attendVote=true, lastRpcSendTime=8, lastRpcResponseTime=15773) yet, just keep nextIndex unchanged and retry.
2021-01-18 04:01:12,537 [grpc-default-executor-2] WARN  server.GrpcLogAppender (LogUtils.java:warn(122)) - omNode-2@group-523986131536->omNode-3-AppendLogResponseHandler: Failed appendEntries: org.apache.ratis.thirdparty.io.grpc.StatusRuntimeException: UNAVAILABLE: io exception
2021-01-18 04:01:12,537 [grpc-default-executor-2] WARN  server.GrpcLogAppender (GrpcLogAppender.java:resetClient(111)) - omNode-2@group-523986131536->omNode-3-GrpcLogAppender: Leader has not got in touch with Follower omNode-2@group-523986131536->omNode-3(c-1,m0,n68, attendVote=true, lastRpcSendTime=17, lastRpcResponseTime=15791) yet, just keep nextIndex unchanged and retry.
2021-01-18 04:01:12,542 [grpc-default-executor-2] WARN  server.GrpcLogAppender (LogUtils.java:warn(122)) - omNode-2@group-523986131536->omNode-3-AppendLogResponseHandler: Failed appendEntries: org.apache.ratis.thirdparty.io.grpc.StatusRuntimeException: UNAVAILABLE: io exception
2021-01-18 04:01:12,542 [grpc-default-executor-2] WARN  server.GrpcLogAppender (GrpcLogAppender.java:resetClient(111)) - omNode-2@group-523986131536->omNode-3-GrpcLogAppender: Leader has not got in touch with Follower omNode-2@group-523986131536->omNode-3(c-1,m0,n69, attendVote=true, lastRpcSendTime=4, lastRpcResponseTime=15796) yet, just keep nextIndex unchanged and retry.
2021-01-18 04:01:12,646 [grpc-default-executor-2] WARN  server.GrpcLogAppender (LogUtils.java:warn(122)) - omNode-2@group-523986131536->omNode-3-AppendLogResponseHandler: Failed appendEntries: org.apache.ratis.thirdparty.io.grpc.StatusRuntimeException: UNAVAILABLE: io exception
2021-01-18 04:01:12,647 [grpc-default-executor-2] WARN  server.GrpcLogAppender (GrpcLogAppender.java:resetClient(111)) - omNode-2@group-523986131536->omNode-3-GrpcLogAppender: Leader has not got in touch with Follower omNode-2@group-523986131536->omNode-3(c-1,m0,n70, attendVote=true, lastRpcSendTime=104, lastRpcResponseTime=15901) yet, just keep nextIndex unchanged and retry.
2021-01-18 04:01:12,650 [grpc-default-executor-1] WARN  server.GrpcLogAppender (LogUtils.java:warn(122)) - omNode-2@group-523986131536->omNode-3-AppendLogResponseHandler: Failed appendEntries: org.apache.ratis.thirdparty.io.grpc.StatusRuntimeException: UNAVAILABLE: io exception
2021-01-18 04:01:12,651 [grpc-default-executor-1] WARN  server.GrpcLogAppender (GrpcLogAppender.java:resetClient(111)) - omNode-2@group-523986131536->omNode-3-GrpcLogAppender: Leader has not got in touch with Follower omNode-2@group-523986131536->omNode-3(c-1,m0,n71, attendVote=true, lastRpcSendTime=1, lastRpcResponseTime=15905) yet, just keep nextIndex unchanged and retry.
2021-01-18 04:01:12,662 [grpc-default-executor-2] WARN  server.GrpcLogAppender (LogUtils.java:warn(122)) - omNode-2@group-523986131536->omNode-3-AppendLogResponseHandler: Failed appendEntries: org.apache.ratis.thirdparty.io.grpc.StatusRuntimeException: UNAVAILABLE: io exception
2021-01-18 04:01:12,662 [grpc-default-executor-2] WARN  server.GrpcLogAppender (GrpcLogAppender.java:resetClient(111)) - omNode-2@group-523986131536->omNode-3-GrpcLogAppender: Leader has not got in touch with Follower omNode-2@group-523986131536->omNode-3(c-1,m0,n72, attendVote=true, lastRpcSendTime=12, lastRpcResponseTime=15916) yet, just keep nextIndex unchanged and retry.
2021-01-18 04:01:12,665 [grpc-default-executor-2] WARN  server.GrpcLogAppender (LogUtils.java:warn(122)) - omNode-2@group-523986131536->omNode-3-AppendLogResponseHandler: Failed appendEntries: org.apache.ratis.thirdparty.io.grpc.StatusRuntimeException: UNAVAILABLE: io exception
2021-01-18 04:01:12,666 [grpc-default-executor-2] WARN  server.GrpcLogAppender (GrpcLogAppender.java:resetClient(111)) - omNode-2@group-523986131536->omNode-3-GrpcLogAppender: Leader has not got in touch with Follower omNode-2@group-523986131536->omNode-3(c-1,m0,n73, attendVote=true, lastRpcSendTime=3, lastRpcResponseTime=15920) yet, just keep nextIndex unchanged and retry.
2021-01-18 04:01:12,776 [grpc-default-executor-2] WARN  server.GrpcLogAppender (LogUtils.java:warn(122)) - omNode-2@group-523986131536->omNode-3-AppendLogResponseHandler: Failed appendEntries: org.apache.ratis.thirdparty.io.grpc.StatusRuntimeException: UNAVAILABLE: io exception
2021-01-18 04:01:12,777 [grpc-default-executor-2] WARN  server.GrpcLogAppender (GrpcLogAppender.java:resetClient(111)) - omNode-2@group-523986131536->omNode-3-GrpcLogAppender: Leader has not got in touch with Follower omNode-2@group-523986131536->omNode-3(c-1,m0,n74, attendVote=true, lastRpcSendTime=110, lastRpcResponseTime=16030) yet, just keep nextIndex unchanged and retry.
2021-01-18 04:01:12,782 [grpc-default-executor-2] WARN  server.GrpcLogAppender (LogUtils.java:warn(122)) - omNode-2@group-523986131536->omNode-3-AppendLogResponseHandler: Failed appendEntries: org.apache.ratis.thirdparty.io.grpc.StatusRuntimeException: UNAVAILABLE: io exception
2021-01-18 04:01:12,783 [grpc-default-executor-2] WARN  server.GrpcLogAppender (GrpcLogAppender.java:resetClient(111)) - omNode-2@group-523986131536->omNode-3-GrpcLogAppender: Leader has not got in touch with Follower omNode-2@group-523986131536->omNode-3(c-1,m0,n75, attendVote=true, lastRpcSendTime=5, lastRpcResponseTime=16037) yet, just keep nextIndex unchanged and retry.
2021-01-18 04:01:12,799 [grpc-default-executor-2] WARN  server.GrpcLogAppender (LogUtils.java:warn(122)) - omNode-2@group-523986131536->omNode-3-AppendLogResponseHandler: Failed appendEntries: org.apache.ratis.thirdparty.io.grpc.StatusRuntimeException: UNAVAILABLE: io exception
2021-01-18 04:01:12,800 [grpc-default-executor-2] WARN  server.GrpcLogAppender (GrpcLogAppender.java:resetClient(111)) - omNode-2@group-523986131536->omNode-3-GrpcLogAppender: Leader has not got in touch with Follower omNode-2@group-523986131536->omNode-3(c-1,m0,n76, attendVote=true, lastRpcSendTime=16, lastRpcResponseTime=16053) yet, just keep nextIndex unchanged and retry.
2021-01-18 04:01:12,807 [grpc-default-executor-1] WARN  server.GrpcLogAppender (LogUtils.java:warn(122)) - omNode-2@group-523986131536->omNode-3-AppendLogResponseHandler: Failed appendEntries: org.apache.ratis.thirdparty.io.grpc.StatusRuntimeException: UNAVAILABLE: io exception
2021-01-18 04:01:12,807 [grpc-default-executor-1] WARN  server.GrpcLogAppender (GrpcLogAppender.java:resetClient(111)) - omNode-2@group-523986131536->omNode-3-GrpcLogAppender: Leader has not got in touch with Follower omNode-2@group-523986131536->omNode-3(c-1,m0,n77, attendVote=true, lastRpcSendTime=0, lastRpcResponseTime=16061) yet, just keep nextIndex unchanged and retry.
2021-01-18 04:01:12,915 [grpc-default-executor-1] WARN  server.GrpcLogAppender (LogUtils.java:warn(122)) - omNode-2@group-523986131536->omNode-3-AppendLogResponseHandler: Failed appendEntries: org.apache.ratis.thirdparty.io.grpc.StatusRuntimeException: UNAVAILABLE: io exception
2021-01-18 04:01:12,916 [grpc-default-executor-1] WARN  server.GrpcLogAppender (GrpcLogAppender.java:resetClient(111)) - omNode-2@group-523986131536->omNode-3-GrpcLogAppender: Leader has not got in touch with Follower omNode-2@group-523986131536->omNode-3(c-1,m0,n78, attendVote=true, lastRpcSendTime=0, lastRpcResponseTime=16170) yet, just keep nextIndex unchanged and retry.
2021-01-18 04:01:12,921 [grpc-default-executor-1] WARN  server.GrpcLogAppender (LogUtils.java:warn(122)) - omNode-2@group-523986131536->omNode-3-AppendLogResponseHandler: Failed appendEntries: org.apache.ratis.thirdparty.io.grpc.StatusRuntimeException: UNAVAILABLE: io exception
2021-01-18 04:01:12,922 [grpc-default-executor-1] WARN  server.GrpcLogAppender (GrpcLogAppender.java:resetClient(111)) - omNode-2@group-523986131536->omNode-3-GrpcLogAppender: Leader has not got in touch with Follower omNode-2@group-523986131536->omNode-3(c-1,m0,n79, attendVote=true, lastRpcSendTime=1, lastRpcResponseTime=16176) yet, just keep nextIndex unchanged and retry.
2021-01-18 04:01:12,938 [grpc-default-executor-1] WARN  server.GrpcLogAppender (LogUtils.java:warn(122)) - omNode-2@group-523986131536->omNode-3-AppendLogResponseHandler: Failed appendEntries: org.apache.ratis.thirdparty.io.grpc.StatusRuntimeException: UNAVAILABLE: io exception
2021-01-18 04:01:12,939 [grpc-default-executor-1] WARN  server.GrpcLogAppender (GrpcLogAppender.java:resetClient(111)) - omNode-2@group-523986131536->omNode-3-GrpcLogAppender: Leader has not got in touch with Follower omNode-2@group-523986131536->omNode-3(c-1,m0,n80, attendVote=true, lastRpcSendTime=0, lastRpcResponseTime=16193) yet, just keep nextIndex unchanged and retry.
2021-01-18 04:01:12,948 [grpc-default-executor-1] WARN  server.GrpcLogAppender (LogUtils.java:warn(122)) - omNode-2@group-523986131536->omNode-3-AppendLogResponseHandler: Failed appendEntries: org.apache.ratis.thirdparty.io.grpc.StatusRuntimeException: UNAVAILABLE: io exception
2021-01-18 04:01:12,948 [grpc-default-executor-1] WARN  server.GrpcLogAppender (GrpcLogAppender.java:resetClient(111)) - omNode-2@group-523986131536->omNode-3-GrpcLogAppender: Leader has not got in touch with Follower omNode-2@group-523986131536->omNode-3(c-1,m0,n81, attendVote=true, lastRpcSendTime=9, lastRpcResponseTime=16202) yet, just keep nextIndex unchanged and retry.
2021-01-18 04:01:13,050 [grpc-default-executor-1] WARN  server.GrpcLogAppender (LogUtils.java:warn(122)) - omNode-2@group-523986131536->omNode-3-AppendLogResponseHandler: Failed appendEntries: org.apache.ratis.thirdparty.io.grpc.StatusRuntimeException: UNAVAILABLE: io exception
2021-01-18 04:01:13,051 [grpc-default-executor-1] WARN  server.GrpcLogAppender (GrpcLogAppender.java:resetClient(111)) - omNode-2@group-523986131536->omNode-3-GrpcLogAppender: Leader has not got in touch with Follower omNode-2@group-523986131536->omNode-3(c-1,m0,n82, attendVote=true, lastRpcSendTime=102, lastRpcResponseTime=16304) yet, just keep nextIndex unchanged and retry.
2021-01-18 04:01:13,056 [grpc-default-executor-1] WARN  server.GrpcLogAppender (LogUtils.java:warn(122)) - omNode-2@group-523986131536->omNode-3-AppendLogResponseHandler: Failed appendEntries: org.apache.ratis.thirdparty.io.grpc.StatusRuntimeException: UNAVAILABLE: io exception
2021-01-18 04:01:13,057 [grpc-default-executor-1] WARN  server.GrpcLogAppender (GrpcLogAppender.java:resetClient(111)) - omNode-2@group-523986131536->omNode-3-GrpcLogAppender: Leader has not got in touch with Follower omNode-2@group-523986131536->omNode-3(c-1,m0,n83, attendVote=true, lastRpcSendTime=5, lastRpcResponseTime=16310) yet, just keep nextIndex unchanged and retry.
2021-01-18 04:01:13,082 [grpc-default-executor-1] WARN  server.GrpcLogAppender (LogUtils.java:warn(122)) - omNode-2@group-523986131536->omNode-3-AppendLogResponseHandler: Failed appendEntries: org.apache.ratis.thirdparty.io.grpc.StatusRuntimeException: UNAVAILABLE: io exception
2021-01-18 04:01:13,082 [grpc-default-executor-1] WARN  server.GrpcLogAppender (GrpcLogAppender.java:resetClient(111)) - omNode-2@group-523986131536->omNode-3-GrpcLogAppender: Leader has not got in touch with Follower omNode-2@group-523986131536->omNode-3(c-1,m0,n84, attendVote=true, lastRpcSendTime=0, lastRpcResponseTime=16336) yet, just keep nextIndex unchanged and retry.
2021-01-18 04:01:13,088 [grpc-default-executor-1] WARN  server.GrpcLogAppender (LogUtils.java:warn(122)) - omNode-2@group-523986131536->omNode-3-AppendLogResponseHandler: Failed appendEntries: org.apache.ratis.thirdparty.io.grpc.StatusRuntimeException: UNAVAILABLE: io exception
2021-01-18 04:01:13,089 [grpc-default-executor-1] WARN  server.GrpcLogAppender (GrpcLogAppender.java:resetClient(111)) - omNode-2@group-523986131536->omNode-3-GrpcLogAppender: Leader has not got in touch with Follower omNode-2@group-523986131536->omNode-3(c-1,m0,n85, attendVote=true, lastRpcSendTime=7, lastRpcResponseTime=16343) yet, just keep nextIndex unchanged and retry.
2021-01-18 04:01:13,196 [grpc-default-executor-1] WARN  server.GrpcLogAppender (LogUtils.java:warn(122)) - omNode-2@group-523986131536->omNode-3-AppendLogResponseHandler: Failed appendEntries: org.apache.ratis.thirdparty.io.grpc.StatusRuntimeException: UNAVAILABLE: io exception
2021-01-18 04:01:13,197 [grpc-default-executor-1] WARN  server.GrpcLogAppender (GrpcLogAppender.java:resetClient(111)) - omNode-2@group-523986131536->omNode-3-GrpcLogAppender: Leader has not got in touch with Follower omNode-2@group-523986131536->omNode-3(c-1,m0,n86, attendVote=true, lastRpcSendTime=0, lastRpcResponseTime=16451) yet, just keep nextIndex unchanged and retry.
2021-01-18 04:01:13,207 [grpc-default-executor-2] WARN  server.GrpcLogAppender (LogUtils.java:warn(122)) - omNode-2@group-523986131536->omNode-3-AppendLogResponseHandler: Failed appendEntries: org.apache.ratis.thirdparty.io.grpc.StatusRuntimeException: UNAVAILABLE: io exception
2021-01-18 04:01:13,208 [grpc-default-executor-2] WARN  server.GrpcLogAppender (GrpcLogAppender.java:resetClient(111)) - omNode-2@group-523986131536->omNode-3-GrpcLogAppender: Leader has not got in touch with Follower omNode-2@group-523986131536->omNode-3(c-1,m0,n87, attendVote=true, lastRpcSendTime=12, lastRpcResponseTime=16462) yet, just keep nextIndex unchanged and retry.
2021-01-18 04:01:13,242 [grpc-default-executor-2] WARN  server.GrpcLogAppender (LogUtils.java:warn(122)) - omNode-2@group-523986131536->omNode-3-AppendLogResponseHandler: Failed appendEntries: org.apache.ratis.thirdparty.io.grpc.StatusRuntimeException: UNAVAILABLE: io exception
2021-01-18 04:01:13,243 [grpc-default-executor-2] WARN  server.GrpcLogAppender (GrpcLogAppender.java:resetClient(111)) - omNode-2@group-523986131536->omNode-3-GrpcLogAppender: Leader has not got in touch with Follower omNode-2@group-523986131536->omNode-3(c-1,m0,n88, attendVote=true, lastRpcSendTime=34, lastRpcResponseTime=16497) yet, just keep nextIndex unchanged and retry.
2021-01-18 04:01:13,258 [grpc-default-executor-2] WARN  server.GrpcLogAppender (LogUtils.java:warn(122)) - omNode-2@group-523986131536->omNode-3-AppendLogResponseHandler: Failed appendEntries: org.apache.ratis.thirdparty.io.grpc.StatusRuntimeException: UNAVAILABLE: io exception
2021-01-18 04:01:13,258 [grpc-default-executor-2] WARN  server.GrpcLogAppender (GrpcLogAppender.java:resetClient(111)) - omNode-2@group-523986131536->omNode-3-GrpcLogAppender: Leader has not got in touch with Follower omNode-2@group-523986131536->omNode-3(c-1,m0,n89, attendVote=true, lastRpcSendTime=14, lastRpcResponseTime=16512) yet, just keep nextIndex unchanged and retry.
2021-01-18 04:01:13,362 [grpc-default-executor-2] WARN  server.GrpcLogAppender (LogUtils.java:warn(122)) - omNode-2@group-523986131536->omNode-3-AppendLogResponseHandler: Failed appendEntries: org.apache.ratis.thirdparty.io.grpc.StatusRuntimeException: UNAVAILABLE: io exception
2021-01-18 04:01:13,362 [grpc-default-executor-2] WARN  server.GrpcLogAppender (GrpcLogAppender.java:resetClient(111)) - omNode-2@group-523986131536->omNode-3-GrpcLogAppender: Leader has not got in touch with Follower omNode-2@group-523986131536->omNode-3(c-1,m0,n90, attendVote=true, lastRpcSendTime=0, lastRpcResponseTime=16616) yet, just keep nextIndex unchanged and retry.
2021-01-18 04:01:13,370 [grpc-default-executor-2] WARN  server.GrpcLogAppender (LogUtils.java:warn(122)) - omNode-2@group-523986131536->omNode-3-AppendLogResponseHandler: Failed appendEntries: org.apache.ratis.thirdparty.io.grpc.StatusRuntimeException: UNAVAILABLE: io exception
2021-01-18 04:01:13,370 [grpc-default-executor-2] WARN  server.GrpcLogAppender (GrpcLogAppender.java:resetClient(111)) - omNode-2@group-523986131536->omNode-3-GrpcLogAppender: Leader has not got in touch with Follower omNode-2@group-523986131536->omNode-3(c-1,m0,n91, attendVote=true, lastRpcSendTime=8, lastRpcResponseTime=16624) yet, just keep nextIndex unchanged and retry.
2021-01-18 04:01:13,387 [grpc-default-executor-0] WARN  server.GrpcLogAppender (LogUtils.java:warn(122)) - omNode-2@group-523986131536->omNode-3-AppendLogResponseHandler: Failed appendEntries: org.apache.ratis.thirdparty.io.grpc.StatusRuntimeException: UNAVAILABLE: io exception
2021-01-18 04:01:13,388 [grpc-default-executor-0] WARN  server.GrpcLogAppender (GrpcLogAppender.java:resetClient(111)) - omNode-2@group-523986131536->omNode-3-GrpcLogAppender: Leader has not got in touch with Follower omNode-2@group-523986131536->omNode-3(c-1,m0,n92, attendVote=true, lastRpcSendTime=15, lastRpcResponseTime=16642) yet, just keep nextIndex unchanged and retry.
2021-01-18 04:01:13,392 [grpc-default-executor-0] WARN  server.GrpcLogAppender (LogUtils.java:warn(122)) - omNode-2@group-523986131536->omNode-3-AppendLogResponseHandler: Failed appendEntries: org.apache.ratis.thirdparty.io.grpc.StatusRuntimeException: UNAVAILABLE: io exception
2021-01-18 04:01:13,392 [grpc-default-executor-0] WARN  server.GrpcLogAppender (GrpcLogAppender.java:resetClient(111)) - omNode-2@group-523986131536->omNode-3-GrpcLogAppender: Leader has not got in touch with Follower omNode-2@group-523986131536->omNode-3(c-1,m0,n93, attendVote=true, lastRpcSendTime=0, lastRpcResponseTime=16646) yet, just keep nextIndex unchanged and retry.
2021-01-18 04:01:13,502 [grpc-default-executor-0] WARN  server.GrpcLogAppender (LogUtils.java:warn(122)) - omNode-2@group-523986131536->omNode-3-AppendLogResponseHandler: Failed appendEntries: org.apache.ratis.thirdparty.io.grpc.StatusRuntimeException: UNAVAILABLE: io exception
2021-01-18 04:01:13,504 [grpc-default-executor-0] WARN  server.GrpcLogAppender (GrpcLogAppender.java:resetClient(111)) - omNode-2@group-523986131536->omNode-3-GrpcLogAppender: Leader has not got in touch with Follower omNode-2@group-523986131536->omNode-3(c-1,m0,n94, attendVote=true, lastRpcSendTime=0, lastRpcResponseTime=16758) yet, just keep nextIndex unchanged and retry.
2021-01-18 04:01:13,509 [grpc-default-executor-1] WARN  server.GrpcLogAppender (LogUtils.java:warn(122)) - omNode-2@group-523986131536->omNode-3-AppendLogResponseHandler: Failed appendEntries: org.apache.ratis.thirdparty.io.grpc.StatusRuntimeException: UNAVAILABLE: io exception
2021-01-18 04:01:13,509 [grpc-default-executor-1] WARN  server.GrpcLogAppender (GrpcLogAppender.java:resetClient(111)) - omNode-2@group-523986131536->omNode-3-GrpcLogAppender: Leader has not got in touch with Follower omNode-2@group-523986131536->omNode-3(c-1,m0,n95, attendVote=true, lastRpcSendTime=5, lastRpcResponseTime=16763) yet, just keep nextIndex unchanged and retry.
2021-01-18 04:01:13,529 [grpc-default-executor-1] WARN  server.GrpcLogAppender (LogUtils.java:warn(122)) - omNode-2@group-523986131536->omNode-3-AppendLogResponseHandler: Failed appendEntries: org.apache.ratis.thirdparty.io.grpc.StatusRuntimeException: UNAVAILABLE: io exception
2021-01-18 04:01:13,529 [grpc-default-executor-1] WARN  server.GrpcLogAppender (GrpcLogAppender.java:resetClient(111)) - omNode-2@group-523986131536->omNode-3-GrpcLogAppender: Leader has not got in touch with Follower omNode-2@group-523986131536->omNode-3(c-1,m0,n96, attendVote=true, lastRpcSendTime=0, lastRpcResponseTime=16783) yet, just keep nextIndex unchanged and retry.
2021-01-18 04:01:13,534 [grpc-default-executor-0] WARN  server.GrpcLogAppender (LogUtils.java:warn(122)) - omNode-2@group-523986131536->omNode-3-AppendLogResponseHandler: Failed appendEntries: org.apache.ratis.thirdparty.io.grpc.StatusRuntimeException: UNAVAILABLE: io exception
2021-01-18 04:01:13,534 [grpc-default-executor-0] WARN  server.GrpcLogAppender (GrpcLogAppender.java:resetClient(111)) - omNode-2@group-523986131536->omNode-3-GrpcLogAppender: Leader has not got in touch with Follower omNode-2@group-523986131536->omNode-3(c-1,m0,n97, attendVote=true, lastRpcSendTime=1, lastRpcResponseTime=16788) yet, just keep nextIndex unchanged and retry.
2021-01-18 04:01:13,640 [grpc-default-executor-1] WARN  server.GrpcLogAppender (LogUtils.java:warn(122)) - omNode-2@group-523986131536->omNode-3-AppendLogResponseHandler: Failed appendEntries: org.apache.ratis.thirdparty.io.grpc.StatusRuntimeException: UNAVAILABLE: io exception
2021-01-18 04:01:13,641 [grpc-default-executor-1] WARN  server.GrpcLogAppender (GrpcLogAppender.java:resetClient(111)) - omNode-2@group-523986131536->omNode-3-GrpcLogAppender: Leader has not got in touch with Follower omNode-2@group-523986131536->omNode-3(c-1,m0,n98, attendVote=true, lastRpcSendTime=1, lastRpcResponseTime=16895) yet, just keep nextIndex unchanged and retry.
2021-01-18 04:01:13,644 [grpc-default-executor-1] WARN  server.GrpcLogAppender (LogUtils.java:warn(122)) - omNode-2@group-523986131536->omNode-3-AppendLogResponseHandler: Failed appendEntries: org.apache.ratis.thirdparty.io.grpc.StatusRuntimeException: UNAVAILABLE: io exception
2021-01-18 04:01:13,645 [grpc-default-executor-1] WARN  server.GrpcLogAppender (GrpcLogAppender.java:resetClient(111)) - omNode-2@group-523986131536->omNode-3-GrpcLogAppender: Leader has not got in touch with Follower omNode-2@group-523986131536->omNode-3(c-1,m0,n99, attendVote=true, lastRpcSendTime=0, lastRpcResponseTime=16898) yet, just keep nextIndex unchanged and retry.
2021-01-18 04:01:13,664 [grpc-default-executor-1] WARN  server.GrpcLogAppender (LogUtils.java:warn(122)) - omNode-2@group-523986131536->omNode-3-AppendLogResponseHandler: Failed appendEntries: org.apache.ratis.thirdparty.io.grpc.StatusRuntimeException: UNAVAILABLE: io exception
2021-01-18 04:01:13,665 [grpc-default-executor-1] WARN  server.GrpcLogAppender (GrpcLogAppender.java:resetClient(111)) - omNode-2@group-523986131536->omNode-3-GrpcLogAppender: Leader has not got in touch with Follower omNode-2@group-523986131536->omNode-3(c-1,m0,n100, attendVote=true, lastRpcSendTime=20, lastRpcResponseTime=16919) yet, just keep nextIndex unchanged and retry.
2021-01-18 04:01:13,673 [grpc-default-executor-1] WARN  server.GrpcLogAppender (LogUtils.java:warn(122)) - omNode-2@group-523986131536->omNode-3-AppendLogResponseHandler: Failed appendEntries: org.apache.ratis.thirdparty.io.grpc.StatusRuntimeException: UNAVAILABLE: io exception
2021-01-18 04:01:13,674 [grpc-default-executor-1] WARN  server.GrpcLogAppender (GrpcLogAppender.java:resetClient(111)) - omNode-2@group-523986131536->omNode-3-GrpcLogAppender: Leader has not got in touch with Follower omNode-2@group-523986131536->omNode-3(c-1,m0,n101, attendVote=true, lastRpcSendTime=9, lastRpcResponseTime=16928) yet, just keep nextIndex unchanged and retry.
2021-01-18 04:01:13,675 [omNode-2@group-523986131536-StateMachineUpdater] INFO  ratis.OzoneManagerStateMachine (OzoneManagerStateMachine.java:takeSnapshot(345)) - Current Snapshot Index (t:2, i:99)
2021-01-18 04:01:13,675 [omNode-2@group-523986131536-StateMachineUpdater] INFO  impl.StateMachineUpdater (StateMachineUpdater.java:takeSnapshot(279)) - omNode-2@group-523986131536-StateMachineUpdater: Took a snapshot at index 99
2021-01-18 04:01:13,675 [omNode-2@group-523986131536-StateMachineUpdater] INFO  impl.StateMachineUpdater (StateMachineUpdater.java:lambda$new$0(88)) - omNode-2@group-523986131536-StateMachineUpdater: snapshotIndex: updateIncreasingly 49 -> 99
2021-01-18 04:01:13,675 [omNode-2@group-523986131536-StateMachineUpdater] INFO  raftlog.RaftLog (RaftLogBase.java:purge(306)) - omNode-2@group-523986131536-SegmentedRaftLog: purge 99
2021-01-18 04:01:13,675 [omNode-2@group-523986131536-StateMachineUpdater] INFO  raftlog.RaftLog (RaftLogBase.java:lambda$new$0(53)) - omNode-2@group-523986131536-SegmentedRaftLog: snapshotIndex: updateIncreasingly 49 -> 99
2021-01-18 04:01:13,675 [omNode-2@group-523986131536-StateMachineUpdater] INFO  raftlog.RaftLog (RaftLogBase.java:lambda$new$0(53)) - omNode-2@group-523986131536-SegmentedRaftLog: purgeIndex: updateToMax old=49, new=99, updated? true
2021-01-18 04:01:13,683 [omNode-1@group-523986131536-StateMachineUpdater] INFO  ratis.OzoneManagerStateMachine (OzoneManagerStateMachine.java:takeSnapshot(345)) - Current Snapshot Index (t:2, i:99)
2021-01-18 04:01:13,683 [omNode-1@group-523986131536-StateMachineUpdater] INFO  impl.StateMachineUpdater (StateMachineUpdater.java:takeSnapshot(279)) - omNode-1@group-523986131536-StateMachineUpdater: Took a snapshot at index 99
2021-01-18 04:01:13,683 [omNode-1@group-523986131536-StateMachineUpdater] INFO  impl.StateMachineUpdater (StateMachineUpdater.java:lambda$new$0(88)) - omNode-1@group-523986131536-StateMachineUpdater: snapshotIndex: updateIncreasingly 49 -> 99
2021-01-18 04:01:13,683 [omNode-1@group-523986131536-StateMachineUpdater] INFO  raftlog.RaftLog (RaftLogBase.java:purge(306)) - omNode-1@group-523986131536-SegmentedRaftLog: purge 99
2021-01-18 04:01:13,683 [omNode-1@group-523986131536-StateMachineUpdater] INFO  raftlog.RaftLog (RaftLogBase.java:lambda$new$0(53)) - omNode-1@group-523986131536-SegmentedRaftLog: snapshotIndex: updateIncreasingly 49 -> 99
2021-01-18 04:01:13,683 [omNode-1@group-523986131536-StateMachineUpdater] INFO  raftlog.RaftLog (RaftLogBase.java:lambda$new$0(53)) - omNode-1@group-523986131536-SegmentedRaftLog: purgeIndex: updateToMax old=49, new=99, updated? true
2021-01-18 04:01:13,779 [grpc-default-executor-1] WARN  server.GrpcLogAppender (LogUtils.java:warn(122)) - omNode-2@group-523986131536->omNode-3-AppendLogResponseHandler: Failed appendEntries: org.apache.ratis.thirdparty.io.grpc.StatusRuntimeException: UNAVAILABLE: io exception
2021-01-18 04:01:13,780 [grpc-default-executor-1] WARN  server.GrpcLogAppender (GrpcLogAppender.java:resetClient(111)) - omNode-2@group-523986131536->omNode-3-GrpcLogAppender: Leader has not got in touch with Follower omNode-2@group-523986131536->omNode-3(c-1,m0,n102, attendVote=true, lastRpcSendTime=0, lastRpcResponseTime=17034) yet, just keep nextIndex unchanged and retry.
2021-01-18 04:01:13,789 [grpc-default-executor-1] WARN  server.GrpcLogAppender (LogUtils.java:warn(122)) - omNode-2@group-523986131536->omNode-3-AppendLogResponseHandler: Failed appendEntries: org.apache.ratis.thirdparty.io.grpc.StatusRuntimeException: UNAVAILABLE: io exception
2021-01-18 04:01:13,790 [grpc-default-executor-1] WARN  server.GrpcLogAppender (GrpcLogAppender.java:resetClient(111)) - omNode-2@group-523986131536->omNode-3-GrpcLogAppender: Leader has not got in touch with Follower omNode-2@group-523986131536->omNode-3(c-1,m0,n103, attendVote=true, lastRpcSendTime=3, lastRpcResponseTime=17044) yet, just keep nextIndex unchanged and retry.
2021-01-18 04:01:13,802 [grpc-default-executor-0] WARN  server.GrpcLogAppender (LogUtils.java:warn(122)) - omNode-2@group-523986131536->omNode-3-AppendLogResponseHandler: Failed appendEntries: org.apache.ratis.thirdparty.io.grpc.StatusRuntimeException: UNAVAILABLE: io exception
2021-01-18 04:01:13,803 [grpc-default-executor-0] WARN  server.GrpcLogAppender (GrpcLogAppender.java:resetClient(111)) - omNode-2@group-523986131536->omNode-3-GrpcLogAppender: Leader has not got in touch with Follower omNode-2@group-523986131536->omNode-3(c-1,m0,n104, attendVote=true, lastRpcSendTime=1, lastRpcResponseTime=17057) yet, just keep nextIndex unchanged and retry.
2021-01-18 04:01:13,812 [grpc-default-executor-0] WARN  server.GrpcLogAppender (LogUtils.java:warn(122)) - omNode-2@group-523986131536->omNode-3-AppendLogResponseHandler: Failed appendEntries: org.apache.ratis.thirdparty.io.grpc.StatusRuntimeException: UNAVAILABLE: io exception
2021-01-18 04:01:13,813 [grpc-default-executor-0] WARN  server.GrpcLogAppender (GrpcLogAppender.java:resetClient(111)) - omNode-2@group-523986131536->omNode-3-GrpcLogAppender: Leader has not got in touch with Follower omNode-2@group-523986131536->omNode-3(c-1,m0,n105, attendVote=true, lastRpcSendTime=0, lastRpcResponseTime=17067) yet, just keep nextIndex unchanged and retry.
2021-01-18 04:01:13,919 [grpc-default-executor-0] WARN  server.GrpcLogAppender (LogUtils.java:warn(122)) - omNode-2@group-523986131536->omNode-3-AppendLogResponseHandler: Failed appendEntries: org.apache.ratis.thirdparty.io.grpc.StatusRuntimeException: UNAVAILABLE: io exception
2021-01-18 04:01:13,920 [grpc-default-executor-0] WARN  server.GrpcLogAppender (GrpcLogAppender.java:resetClient(111)) - omNode-2@group-523986131536->omNode-3-GrpcLogAppender: Leader has not got in touch with Follower omNode-2@group-523986131536->omNode-3(c-1,m0,n106, attendVote=true, lastRpcSendTime=108, lastRpcResponseTime=17174) yet, just keep nextIndex unchanged and retry.
2021-01-18 04:01:13,927 [grpc-default-executor-1] WARN  server.GrpcLogAppender (LogUtils.java:warn(122)) - omNode-2@group-523986131536->omNode-3-AppendLogResponseHandler: Failed appendEntries: org.apache.ratis.thirdparty.io.grpc.StatusRuntimeException: UNAVAILABLE: io exception
2021-01-18 04:01:13,931 [grpc-default-executor-1] WARN  server.GrpcLogAppender (GrpcLogAppender.java:resetClient(111)) - omNode-2@group-523986131536->omNode-3-GrpcLogAppender: Leader has not got in touch with Follower omNode-2@group-523986131536->omNode-3(c-1,m0,n107, attendVote=true, lastRpcSendTime=3, lastRpcResponseTime=17184) yet, just keep nextIndex unchanged and retry.
2021-01-18 04:01:13,943 [grpc-default-executor-1] WARN  server.GrpcLogAppender (LogUtils.java:warn(122)) - omNode-2@group-523986131536->omNode-3-AppendLogResponseHandler: Failed appendEntries: org.apache.ratis.thirdparty.io.grpc.StatusRuntimeException: UNAVAILABLE: io exception
2021-01-18 04:01:13,944 [grpc-default-executor-1] WARN  server.GrpcLogAppender (GrpcLogAppender.java:resetClient(111)) - omNode-2@group-523986131536->omNode-3-GrpcLogAppender: Leader has not got in touch with Follower omNode-2@group-523986131536->omNode-3(c-1,m0,n108, attendVote=true, lastRpcSendTime=0, lastRpcResponseTime=17198) yet, just keep nextIndex unchanged and retry.
2021-01-18 04:01:13,947 [grpc-default-executor-1] WARN  server.GrpcLogAppender (LogUtils.java:warn(122)) - omNode-2@group-523986131536->omNode-3-AppendLogResponseHandler: Failed appendEntries: org.apache.ratis.thirdparty.io.grpc.StatusRuntimeException: UNAVAILABLE: io exception
2021-01-18 04:01:13,948 [grpc-default-executor-1] WARN  server.GrpcLogAppender (GrpcLogAppender.java:resetClient(111)) - omNode-2@group-523986131536->omNode-3-GrpcLogAppender: Leader has not got in touch with Follower omNode-2@group-523986131536->omNode-3(c-1,m0,n109, attendVote=true, lastRpcSendTime=0, lastRpcResponseTime=17201) yet, just keep nextIndex unchanged and retry.
2021-01-18 04:01:14,055 [grpc-default-executor-1] WARN  server.GrpcLogAppender (LogUtils.java:warn(122)) - omNode-2@group-523986131536->omNode-3-AppendLogResponseHandler: Failed appendEntries: org.apache.ratis.thirdparty.io.grpc.StatusRuntimeException: UNAVAILABLE: io exception
2021-01-18 04:01:14,056 [grpc-default-executor-1] WARN  server.GrpcLogAppender (GrpcLogAppender.java:resetClient(111)) - omNode-2@group-523986131536->omNode-3-GrpcLogAppender: Leader has not got in touch with Follower omNode-2@group-523986131536->omNode-3(c-1,m0,n110, attendVote=true, lastRpcSendTime=1, lastRpcResponseTime=17310) yet, just keep nextIndex unchanged and retry.
2021-01-18 04:01:14,060 [grpc-default-executor-1] WARN  server.GrpcLogAppender (LogUtils.java:warn(122)) - omNode-2@group-523986131536->omNode-3-AppendLogResponseHandler: Failed appendEntries: org.apache.ratis.thirdparty.io.grpc.StatusRuntimeException: UNAVAILABLE: io exception
2021-01-18 04:01:14,061 [grpc-default-executor-1] WARN  server.GrpcLogAppender (GrpcLogAppender.java:resetClient(111)) - omNode-2@group-523986131536->omNode-3-GrpcLogAppender: Leader has not got in touch with Follower omNode-2@group-523986131536->omNode-3(c-1,m0,n111, attendVote=true, lastRpcSendTime=6, lastRpcResponseTime=17315) yet, just keep nextIndex unchanged and retry.
2021-01-18 04:01:14,080 [grpc-default-executor-0] WARN  server.GrpcLogAppender (LogUtils.java:warn(122)) - omNode-2@group-523986131536->omNode-3-AppendLogResponseHandler: Failed appendEntries: org.apache.ratis.thirdparty.io.grpc.StatusRuntimeException: UNAVAILABLE: io exception
2021-01-18 04:01:14,081 [grpc-default-executor-0] WARN  server.GrpcLogAppender (GrpcLogAppender.java:resetClient(111)) - omNode-2@group-523986131536->omNode-3-GrpcLogAppender: Leader has not got in touch with Follower omNode-2@group-523986131536->omNode-3(c-1,m0,n112, attendVote=true, lastRpcSendTime=0, lastRpcResponseTime=17335) yet, just keep nextIndex unchanged and retry.
2021-01-18 04:01:14,088 [grpc-default-executor-1] WARN  server.GrpcLogAppender (LogUtils.java:warn(122)) - omNode-2@group-523986131536->omNode-3-AppendLogResponseHandler: Failed appendEntries: org.apache.ratis.thirdparty.io.grpc.StatusRuntimeException: UNAVAILABLE: io exception
2021-01-18 04:01:14,089 [grpc-default-executor-1] WARN  server.GrpcLogAppender (GrpcLogAppender.java:resetClient(111)) - omNode-2@group-523986131536->omNode-3-GrpcLogAppender: Leader has not got in touch with Follower omNode-2@group-523986131536->omNode-3(c-1,m0,n113, attendVote=true, lastRpcSendTime=0, lastRpcResponseTime=17342) yet, just keep nextIndex unchanged and retry.
2021-01-18 04:01:14,193 [grpc-default-executor-1] WARN  server.GrpcLogAppender (LogUtils.java:warn(122)) - omNode-2@group-523986131536->omNode-3-AppendLogResponseHandler: Failed appendEntries: org.apache.ratis.thirdparty.io.grpc.StatusRuntimeException: UNAVAILABLE: io exception
2021-01-18 04:01:14,194 [grpc-default-executor-1] WARN  server.GrpcLogAppender (GrpcLogAppender.java:resetClient(111)) - omNode-2@group-523986131536->omNode-3-GrpcLogAppender: Leader has not got in touch with Follower omNode-2@group-523986131536->omNode-3(c-1,m0,n114, attendVote=true, lastRpcSendTime=0, lastRpcResponseTime=17448) yet, just keep nextIndex unchanged and retry.
2021-01-18 04:01:14,202 [grpc-default-executor-1] WARN  server.GrpcLogAppender (LogUtils.java:warn(122)) - omNode-2@group-523986131536->omNode-3-AppendLogResponseHandler: Failed appendEntries: org.apache.ratis.thirdparty.io.grpc.StatusRuntimeException: UNAVAILABLE: io exception
2021-01-18 04:01:14,202 [grpc-default-executor-1] WARN  server.GrpcLogAppender (GrpcLogAppender.java:resetClient(111)) - omNode-2@group-523986131536->omNode-3-GrpcLogAppender: Leader has not got in touch with Follower omNode-2@group-523986131536->omNode-3(c-1,m0,n115, attendVote=true, lastRpcSendTime=0, lastRpcResponseTime=17456) yet, just keep nextIndex unchanged and retry.
2021-01-18 04:01:14,224 [grpc-default-executor-0] WARN  server.GrpcLogAppender (LogUtils.java:warn(122)) - omNode-2@group-523986131536->omNode-3-AppendLogResponseHandler: Failed appendEntries: org.apache.ratis.thirdparty.io.grpc.StatusRuntimeException: UNAVAILABLE: io exception
2021-01-18 04:01:14,225 [grpc-default-executor-0] WARN  server.GrpcLogAppender (GrpcLogAppender.java:resetClient(111)) - omNode-2@group-523986131536->omNode-3-GrpcLogAppender: Leader has not got in touch with Follower omNode-2@group-523986131536->omNode-3(c-1,m0,n116, attendVote=true, lastRpcSendTime=0, lastRpcResponseTime=17479) yet, just keep nextIndex unchanged and retry.
2021-01-18 04:01:14,229 [grpc-default-executor-0] WARN  server.GrpcLogAppender (LogUtils.java:warn(122)) - omNode-2@group-523986131536->omNode-3-AppendLogResponseHandler: Failed appendEntries: org.apache.ratis.thirdparty.io.grpc.StatusRuntimeException: UNAVAILABLE: io exception
2021-01-18 04:01:14,229 [grpc-default-executor-0] WARN  server.GrpcLogAppender (GrpcLogAppender.java:resetClient(111)) - omNode-2@group-523986131536->omNode-3-GrpcLogAppender: Leader has not got in touch with Follower omNode-2@group-523986131536->omNode-3(c-1,m0,n117, attendVote=true, lastRpcSendTime=0, lastRpcResponseTime=17483) yet, just keep nextIndex unchanged and retry.
2021-01-18 04:01:14,343 [grpc-default-executor-0] WARN  server.GrpcLogAppender (LogUtils.java:warn(122)) - omNode-2@group-523986131536->omNode-3-AppendLogResponseHandler: Failed appendEntries: org.apache.ratis.thirdparty.io.grpc.StatusRuntimeException: UNAVAILABLE: io exception
2021-01-18 04:01:14,344 [grpc-default-executor-0] WARN  server.GrpcLogAppender (GrpcLogAppender.java:resetClient(111)) - omNode-2@group-523986131536->omNode-3-GrpcLogAppender: Leader has not got in touch with Follower omNode-2@group-523986131536->omNode-3(c-1,m0,n118, attendVote=true, lastRpcSendTime=1, lastRpcResponseTime=17597) yet, just keep nextIndex unchanged and retry.
2021-01-18 04:01:14,346 [grpc-default-executor-0] WARN  server.GrpcLogAppender (LogUtils.java:warn(122)) - omNode-2@group-523986131536->omNode-3-AppendLogResponseHandler: Failed appendEntries: org.apache.ratis.thirdparty.io.grpc.StatusRuntimeException: UNAVAILABLE: io exception
2021-01-18 04:01:14,346 [grpc-default-executor-0] WARN  server.GrpcLogAppender (GrpcLogAppender.java:resetClient(111)) - omNode-2@group-523986131536->omNode-3-GrpcLogAppender: Leader has not got in touch with Follower omNode-2@group-523986131536->omNode-3(c-1,m0,n119, attendVote=true, lastRpcSendTime=0, lastRpcResponseTime=17600) yet, just keep nextIndex unchanged and retry.
2021-01-18 04:01:14,365 [grpc-default-executor-1] WARN  server.GrpcLogAppender (LogUtils.java:warn(122)) - omNode-2@group-523986131536->omNode-3-AppendLogResponseHandler: Failed appendEntries: org.apache.ratis.thirdparty.io.grpc.StatusRuntimeException: UNAVAILABLE: io exception
2021-01-18 04:01:14,366 [grpc-default-executor-1] WARN  server.GrpcLogAppender (GrpcLogAppender.java:resetClient(111)) - omNode-2@group-523986131536->omNode-3-GrpcLogAppender: Leader has not got in touch with Follower omNode-2@group-523986131536->omNode-3(c-1,m0,n120, attendVote=true, lastRpcSendTime=1, lastRpcResponseTime=17620) yet, just keep nextIndex unchanged and retry.
2021-01-18 04:01:14,369 [grpc-default-executor-1] WARN  server.GrpcLogAppender (LogUtils.java:warn(122)) - omNode-2@group-523986131536->omNode-3-AppendLogResponseHandler: Failed appendEntries: org.apache.ratis.thirdparty.io.grpc.StatusRuntimeException: UNAVAILABLE: io exception
2021-01-18 04:01:14,369 [grpc-default-executor-1] WARN  server.GrpcLogAppender (GrpcLogAppender.java:resetClient(111)) - omNode-2@group-523986131536->omNode-3-GrpcLogAppender: Leader has not got in touch with Follower omNode-2@group-523986131536->omNode-3(c-1,m0,n121, attendVote=true, lastRpcSendTime=0, lastRpcResponseTime=17623) yet, just keep nextIndex unchanged and retry.
2021-01-18 04:01:14,474 [grpc-default-executor-1] WARN  server.GrpcLogAppender (LogUtils.java:warn(122)) - omNode-2@group-523986131536->omNode-3-AppendLogResponseHandler: Failed appendEntries: org.apache.ratis.thirdparty.io.grpc.StatusRuntimeException: UNAVAILABLE: io exception
2021-01-18 04:01:14,475 [grpc-default-executor-1] WARN  server.GrpcLogAppender (GrpcLogAppender.java:resetClient(111)) - omNode-2@group-523986131536->omNode-3-GrpcLogAppender: Leader has not got in touch with Follower omNode-2@group-523986131536->omNode-3(c-1,m0,n122, attendVote=true, lastRpcSendTime=0, lastRpcResponseTime=17729) yet, just keep nextIndex unchanged and retry.
2021-01-18 04:01:14,479 [grpc-default-executor-1] WARN  server.GrpcLogAppender (LogUtils.java:warn(122)) - omNode-2@group-523986131536->omNode-3-AppendLogResponseHandler: Failed appendEntries: org.apache.ratis.thirdparty.io.grpc.StatusRuntimeException: UNAVAILABLE: io exception
2021-01-18 04:01:14,481 [grpc-default-executor-1] WARN  server.GrpcLogAppender (GrpcLogAppender.java:resetClient(111)) - omNode-2@group-523986131536->omNode-3-GrpcLogAppender: Leader has not got in touch with Follower omNode-2@group-523986131536->omNode-3(c-1,m0,n123, attendVote=true, lastRpcSendTime=1, lastRpcResponseTime=17734) yet, just keep nextIndex unchanged and retry.
2021-01-18 04:01:14,496 [grpc-default-executor-0] WARN  server.GrpcLogAppender (LogUtils.java:warn(122)) - omNode-2@group-523986131536->omNode-3-AppendLogResponseHandler: Failed appendEntries: org.apache.ratis.thirdparty.io.grpc.StatusRuntimeException: UNAVAILABLE: io exception
2021-01-18 04:01:14,496 [grpc-default-executor-0] WARN  server.GrpcLogAppender (GrpcLogAppender.java:resetClient(111)) - omNode-2@group-523986131536->omNode-3-GrpcLogAppender: Leader has not got in touch with Follower omNode-2@group-523986131536->omNode-3(c-1,m0,n124, attendVote=true, lastRpcSendTime=16, lastRpcResponseTime=17750) yet, just keep nextIndex unchanged and retry.
2021-01-18 04:01:14,506 [grpc-default-executor-0] WARN  server.GrpcLogAppender (LogUtils.java:warn(122)) - omNode-2@group-523986131536->omNode-3-AppendLogResponseHandler: Failed appendEntries: org.apache.ratis.thirdparty.io.grpc.StatusRuntimeException: UNAVAILABLE: io exception
2021-01-18 04:01:14,507 [grpc-default-executor-0] WARN  server.GrpcLogAppender (GrpcLogAppender.java:resetClient(111)) - omNode-2@group-523986131536->omNode-3-GrpcLogAppender: Leader has not got in touch with Follower omNode-2@group-523986131536->omNode-3(c-1,m0,n125, attendVote=true, lastRpcSendTime=3, lastRpcResponseTime=17760) yet, just keep nextIndex unchanged and retry.
2021-01-18 04:01:14,610 [grpc-default-executor-0] WARN  server.GrpcLogAppender (LogUtils.java:warn(122)) - omNode-2@group-523986131536->omNode-3-AppendLogResponseHandler: Failed appendEntries: org.apache.ratis.thirdparty.io.grpc.StatusRuntimeException: UNAVAILABLE: io exception
2021-01-18 04:01:14,611 [grpc-default-executor-0] WARN  server.GrpcLogAppender (GrpcLogAppender.java:resetClient(111)) - omNode-2@group-523986131536->omNode-3-GrpcLogAppender: Leader has not got in touch with Follower omNode-2@group-523986131536->omNode-3(c-1,m0,n126, attendVote=true, lastRpcSendTime=0, lastRpcResponseTime=17865) yet, just keep nextIndex unchanged and retry.
2021-01-18 04:01:14,628 [grpc-default-executor-0] WARN  server.GrpcLogAppender (LogUtils.java:warn(122)) - omNode-2@group-523986131536->omNode-3-AppendLogResponseHandler: Failed appendEntries: org.apache.ratis.thirdparty.io.grpc.StatusRuntimeException: UNAVAILABLE: io exception
2021-01-18 04:01:14,628 [grpc-default-executor-0] WARN  server.GrpcLogAppender (GrpcLogAppender.java:resetClient(111)) - omNode-2@group-523986131536->omNode-3-GrpcLogAppender: Leader has not got in touch with Follower omNode-2@group-523986131536->omNode-3(c-1,m0,n127, attendVote=true, lastRpcSendTime=0, lastRpcResponseTime=17882) yet, just keep nextIndex unchanged and retry.
2021-01-18 04:01:14,652 [grpc-default-executor-1] WARN  server.GrpcLogAppender (LogUtils.java:warn(122)) - omNode-2@group-523986131536->omNode-3-AppendLogResponseHandler: Failed appendEntries: org.apache.ratis.thirdparty.io.grpc.StatusRuntimeException: UNAVAILABLE: io exception
2021-01-18 04:01:14,653 [grpc-default-executor-1] WARN  server.GrpcLogAppender (GrpcLogAppender.java:resetClient(111)) - omNode-2@group-523986131536->omNode-3-GrpcLogAppender: Leader has not got in touch with Follower omNode-2@group-523986131536->omNode-3(c-1,m0,n128, attendVote=true, lastRpcSendTime=24, lastRpcResponseTime=17906) yet, just keep nextIndex unchanged and retry.
2021-01-18 04:01:14,662 [grpc-default-executor-1] WARN  server.GrpcLogAppender (LogUtils.java:warn(122)) - omNode-2@group-523986131536->omNode-3-AppendLogResponseHandler: Failed appendEntries: org.apache.ratis.thirdparty.io.grpc.StatusRuntimeException: UNAVAILABLE: io exception
2021-01-18 04:01:14,663 [grpc-default-executor-1] WARN  server.GrpcLogAppender (GrpcLogAppender.java:resetClient(111)) - omNode-2@group-523986131536->omNode-3-GrpcLogAppender: Leader has not got in touch with Follower omNode-2@group-523986131536->omNode-3(c-1,m0,n129, attendVote=true, lastRpcSendTime=0, lastRpcResponseTime=17917) yet, just keep nextIndex unchanged and retry.
2021-01-18 04:01:14,775 [grpc-default-executor-1] WARN  server.GrpcLogAppender (LogUtils.java:warn(122)) - omNode-2@group-523986131536->omNode-3-AppendLogResponseHandler: Failed appendEntries: org.apache.ratis.thirdparty.io.grpc.StatusRuntimeException: UNAVAILABLE: io exception
2021-01-18 04:01:14,776 [grpc-default-executor-1] WARN  server.GrpcLogAppender (GrpcLogAppender.java:resetClient(111)) - omNode-2@group-523986131536->omNode-3-GrpcLogAppender: Leader has not got in touch with Follower omNode-2@group-523986131536->omNode-3(c-1,m0,n130, attendVote=true, lastRpcSendTime=0, lastRpcResponseTime=18030) yet, just keep nextIndex unchanged and retry.
2021-01-18 04:01:14,782 [grpc-default-executor-1] WARN  server.GrpcLogAppender (LogUtils.java:warn(122)) - omNode-2@group-523986131536->omNode-3-AppendLogResponseHandler: Failed appendEntries: org.apache.ratis.thirdparty.io.grpc.StatusRuntimeException: UNAVAILABLE: io exception
2021-01-18 04:01:14,783 [grpc-default-executor-1] WARN  server.GrpcLogAppender (GrpcLogAppender.java:resetClient(111)) - omNode-2@group-523986131536->omNode-3-GrpcLogAppender: Leader has not got in touch with Follower omNode-2@group-523986131536->omNode-3(c-1,m0,n131, attendVote=true, lastRpcSendTime=0, lastRpcResponseTime=18037) yet, just keep nextIndex unchanged and retry.
2021-01-18 04:01:14,797 [grpc-default-executor-1] WARN  server.GrpcLogAppender (LogUtils.java:warn(122)) - omNode-2@group-523986131536->omNode-3-AppendLogResponseHandler: Failed appendEntries: org.apache.ratis.thirdparty.io.grpc.StatusRuntimeException: UNAVAILABLE: io exception
2021-01-18 04:01:14,798 [grpc-default-executor-1] WARN  server.GrpcLogAppender (GrpcLogAppender.java:resetClient(111)) - omNode-2@group-523986131536->omNode-3-GrpcLogAppender: Leader has not got in touch with Follower omNode-2@group-523986131536->omNode-3(c-1,m0,n132, attendVote=true, lastRpcSendTime=15, lastRpcResponseTime=18052) yet, just keep nextIndex unchanged and retry.
2021-01-18 04:01:14,803 [grpc-default-executor-1] WARN  server.GrpcLogAppender (LogUtils.java:warn(122)) - omNode-2@group-523986131536->omNode-3-AppendLogResponseHandler: Failed appendEntries: org.apache.ratis.thirdparty.io.grpc.StatusRuntimeException: UNAVAILABLE: io exception
2021-01-18 04:01:14,804 [grpc-default-executor-1] WARN  server.GrpcLogAppender (GrpcLogAppender.java:resetClient(111)) - omNode-2@group-523986131536->omNode-3-GrpcLogAppender: Leader has not got in touch with Follower omNode-2@group-523986131536->omNode-3(c-1,m0,n133, attendVote=true, lastRpcSendTime=1, lastRpcResponseTime=18057) yet, just keep nextIndex unchanged and retry.
2021-01-18 04:01:14,909 [grpc-default-executor-0] WARN  server.GrpcLogAppender (LogUtils.java:warn(122)) - omNode-2@group-523986131536->omNode-3-AppendLogResponseHandler: Failed appendEntries: org.apache.ratis.thirdparty.io.grpc.StatusRuntimeException: UNAVAILABLE: io exception
2021-01-18 04:01:14,910 [grpc-default-executor-0] WARN  server.GrpcLogAppender (GrpcLogAppender.java:resetClient(111)) - omNode-2@group-523986131536->omNode-3-GrpcLogAppender: Leader has not got in touch with Follower omNode-2@group-523986131536->omNode-3(c-1,m0,n134, attendVote=true, lastRpcSendTime=0, lastRpcResponseTime=18163) yet, just keep nextIndex unchanged and retry.
2021-01-18 04:01:14,916 [grpc-default-executor-0] WARN  server.GrpcLogAppender (LogUtils.java:warn(122)) - omNode-2@group-523986131536->omNode-3-AppendLogResponseHandler: Failed appendEntries: org.apache.ratis.thirdparty.io.grpc.StatusRuntimeException: UNAVAILABLE: io exception
2021-01-18 04:01:14,917 [grpc-default-executor-0] WARN  server.GrpcLogAppender (GrpcLogAppender.java:resetClient(111)) - omNode-2@group-523986131536->omNode-3-GrpcLogAppender: Leader has not got in touch with Follower omNode-2@group-523986131536->omNode-3(c-1,m0,n135, attendVote=true, lastRpcSendTime=1, lastRpcResponseTime=18170) yet, just keep nextIndex unchanged and retry.
2021-01-18 04:01:14,937 [grpc-default-executor-0] WARN  server.GrpcLogAppender (LogUtils.java:warn(122)) - omNode-2@group-523986131536->omNode-3-AppendLogResponseHandler: Failed appendEntries: org.apache.ratis.thirdparty.io.grpc.StatusRuntimeException: UNAVAILABLE: io exception
2021-01-18 04:01:14,938 [grpc-default-executor-0] WARN  server.GrpcLogAppender (GrpcLogAppender.java:resetClient(111)) - omNode-2@group-523986131536->omNode-3-GrpcLogAppender: Leader has not got in touch with Follower omNode-2@group-523986131536->omNode-3(c-1,m0,n136, attendVote=true, lastRpcSendTime=22, lastRpcResponseTime=18192) yet, just keep nextIndex unchanged and retry.
2021-01-18 04:01:14,946 [grpc-default-executor-0] WARN  server.GrpcLogAppender (LogUtils.java:warn(122)) - omNode-2@group-523986131536->omNode-3-AppendLogResponseHandler: Failed appendEntries: org.apache.ratis.thirdparty.io.grpc.StatusRuntimeException: UNAVAILABLE: io exception
2021-01-18 04:01:14,946 [grpc-default-executor-0] WARN  server.GrpcLogAppender (GrpcLogAppender.java:resetClient(111)) - omNode-2@group-523986131536->omNode-3-GrpcLogAppender: Leader has not got in touch with Follower omNode-2@group-523986131536->omNode-3(c-1,m0,n137, attendVote=true, lastRpcSendTime=0, lastRpcResponseTime=18200) yet, just keep nextIndex unchanged and retry.
2021-01-18 04:01:15,054 [grpc-default-executor-0] WARN  server.GrpcLogAppender (LogUtils.java:warn(122)) - omNode-2@group-523986131536->omNode-3-AppendLogResponseHandler: Failed appendEntries: org.apache.ratis.thirdparty.io.grpc.StatusRuntimeException: UNAVAILABLE: io exception
2021-01-18 04:01:15,055 [grpc-default-executor-0] WARN  server.GrpcLogAppender (GrpcLogAppender.java:resetClient(111)) - omNode-2@group-523986131536->omNode-3-GrpcLogAppender: Leader has not got in touch with Follower omNode-2@group-523986131536->omNode-3(c-1,m0,n138, attendVote=true, lastRpcSendTime=0, lastRpcResponseTime=18308) yet, just keep nextIndex unchanged and retry.
2021-01-18 04:01:15,062 [grpc-default-executor-0] WARN  server.GrpcLogAppender (LogUtils.java:warn(122)) - omNode-2@group-523986131536->omNode-3-AppendLogResponseHandler: Failed appendEntries: org.apache.ratis.thirdparty.io.grpc.StatusRuntimeException: UNAVAILABLE: io exception
2021-01-18 04:01:15,062 [grpc-default-executor-0] WARN  server.GrpcLogAppender (GrpcLogAppender.java:resetClient(111)) - omNode-2@group-523986131536->omNode-3-GrpcLogAppender: Leader has not got in touch with Follower omNode-2@group-523986131536->omNode-3(c-1,m0,n139, attendVote=true, lastRpcSendTime=0, lastRpcResponseTime=18316) yet, just keep nextIndex unchanged and retry.
2021-01-18 04:01:15,081 [grpc-default-executor-2] WARN  server.GrpcLogAppender (LogUtils.java:warn(122)) - omNode-2@group-523986131536->omNode-3-AppendLogResponseHandler: Failed appendEntries: org.apache.ratis.thirdparty.io.grpc.StatusRuntimeException: UNAVAILABLE: io exception
2021-01-18 04:01:15,081 [grpc-default-executor-2] WARN  server.GrpcLogAppender (GrpcLogAppender.java:resetClient(111)) - omNode-2@group-523986131536->omNode-3-GrpcLogAppender: Leader has not got in touch with Follower omNode-2@group-523986131536->omNode-3(c-1,m0,n140, attendVote=true, lastRpcSendTime=19, lastRpcResponseTime=18335) yet, just keep nextIndex unchanged and retry.
2021-01-18 04:01:15,090 [grpc-default-executor-2] WARN  server.GrpcLogAppender (LogUtils.java:warn(122)) - omNode-2@group-523986131536->omNode-3-AppendLogResponseHandler: Failed appendEntries: org.apache.ratis.thirdparty.io.grpc.StatusRuntimeException: UNAVAILABLE: io exception
2021-01-18 04:01:15,090 [grpc-default-executor-2] WARN  server.GrpcLogAppender (GrpcLogAppender.java:resetClient(111)) - omNode-2@group-523986131536->omNode-3-GrpcLogAppender: Leader has not got in touch with Follower omNode-2@group-523986131536->omNode-3(c-1,m0,n141, attendVote=true, lastRpcSendTime=7, lastRpcResponseTime=18344) yet, just keep nextIndex unchanged and retry.
2021-01-18 04:01:15,196 [grpc-default-executor-0] WARN  server.GrpcLogAppender (LogUtils.java:warn(122)) - omNode-2@group-523986131536->omNode-3-AppendLogResponseHandler: Failed appendEntries: org.apache.ratis.thirdparty.io.grpc.StatusRuntimeException: UNAVAILABLE: io exception
2021-01-18 04:01:15,196 [grpc-default-executor-0] WARN  server.GrpcLogAppender (GrpcLogAppender.java:resetClient(111)) - omNode-2@group-523986131536->omNode-3-GrpcLogAppender: Leader has not got in touch with Follower omNode-2@group-523986131536->omNode-3(c-1,m0,n142, attendVote=true, lastRpcSendTime=105, lastRpcResponseTime=18450) yet, just keep nextIndex unchanged and retry.
2021-01-18 04:01:15,212 [grpc-default-executor-0] WARN  server.GrpcLogAppender (LogUtils.java:warn(122)) - omNode-2@group-523986131536->omNode-3-AppendLogResponseHandler: Failed appendEntries: org.apache.ratis.thirdparty.io.grpc.StatusRuntimeException: UNAVAILABLE: io exception
2021-01-18 04:01:15,213 [grpc-default-executor-0] WARN  server.GrpcLogAppender (GrpcLogAppender.java:resetClient(111)) - omNode-2@group-523986131536->omNode-3-GrpcLogAppender: Leader has not got in touch with Follower omNode-2@group-523986131536->omNode-3(c-1,m0,n143, attendVote=true, lastRpcSendTime=1, lastRpcResponseTime=18467) yet, just keep nextIndex unchanged and retry.
2021-01-18 04:01:15,231 [grpc-default-executor-2] WARN  server.GrpcLogAppender (LogUtils.java:warn(122)) - omNode-2@group-523986131536->omNode-3-AppendLogResponseHandler: Failed appendEntries: org.apache.ratis.thirdparty.io.grpc.StatusRuntimeException: UNAVAILABLE: io exception
2021-01-18 04:01:15,231 [grpc-default-executor-2] WARN  server.GrpcLogAppender (GrpcLogAppender.java:resetClient(111)) - omNode-2@group-523986131536->omNode-3-GrpcLogAppender: Leader has not got in touch with Follower omNode-2@group-523986131536->omNode-3(c-1,m0,n144, attendVote=true, lastRpcSendTime=0, lastRpcResponseTime=18485) yet, just keep nextIndex unchanged and retry.
2021-01-18 04:01:15,234 [grpc-default-executor-2] WARN  server.GrpcLogAppender (LogUtils.java:warn(122)) - omNode-2@group-523986131536->omNode-3-AppendLogResponseHandler: Failed appendEntries: org.apache.ratis.thirdparty.io.grpc.StatusRuntimeException: UNAVAILABLE: io exception
2021-01-18 04:01:15,235 [grpc-default-executor-2] WARN  server.GrpcLogAppender (GrpcLogAppender.java:resetClient(111)) - omNode-2@group-523986131536->omNode-3-GrpcLogAppender: Leader has not got in touch with Follower omNode-2@group-523986131536->omNode-3(c-1,m0,n145, attendVote=true, lastRpcSendTime=2, lastRpcResponseTime=18489) yet, just keep nextIndex unchanged and retry.
2021-01-18 04:01:15,341 [grpc-default-executor-2] WARN  server.GrpcLogAppender (LogUtils.java:warn(122)) - omNode-2@group-523986131536->omNode-3-AppendLogResponseHandler: Failed appendEntries: org.apache.ratis.thirdparty.io.grpc.StatusRuntimeException: UNAVAILABLE: io exception
2021-01-18 04:01:15,342 [grpc-default-executor-2] WARN  server.GrpcLogAppender (GrpcLogAppender.java:resetClient(111)) - omNode-2@group-523986131536->omNode-3-GrpcLogAppender: Leader has not got in touch with Follower omNode-2@group-523986131536->omNode-3(c-1,m0,n146, attendVote=true, lastRpcSendTime=0, lastRpcResponseTime=18596) yet, just keep nextIndex unchanged and retry.
2021-01-18 04:01:15,350 [grpc-default-executor-2] WARN  server.GrpcLogAppender (LogUtils.java:warn(122)) - omNode-2@group-523986131536->omNode-3-AppendLogResponseHandler: Failed appendEntries: org.apache.ratis.thirdparty.io.grpc.StatusRuntimeException: UNAVAILABLE: io exception
2021-01-18 04:01:15,351 [grpc-default-executor-2] WARN  server.GrpcLogAppender (GrpcLogAppender.java:resetClient(111)) - omNode-2@group-523986131536->omNode-3-GrpcLogAppender: Leader has not got in touch with Follower omNode-2@group-523986131536->omNode-3(c-1,m0,n147, attendVote=true, lastRpcSendTime=1, lastRpcResponseTime=18605) yet, just keep nextIndex unchanged and retry.
2021-01-18 04:01:15,364 [grpc-default-executor-2] WARN  server.GrpcLogAppender (LogUtils.java:warn(122)) - omNode-2@group-523986131536->omNode-3-AppendLogResponseHandler: Failed appendEntries: org.apache.ratis.thirdparty.io.grpc.StatusRuntimeException: UNAVAILABLE: io exception
2021-01-18 04:01:15,364 [grpc-default-executor-2] WARN  server.GrpcLogAppender (GrpcLogAppender.java:resetClient(111)) - omNode-2@group-523986131536->omNode-3-GrpcLogAppender: Leader has not got in touch with Follower omNode-2@group-523986131536->omNode-3(c-1,m0,n148, attendVote=true, lastRpcSendTime=0, lastRpcResponseTime=18618) yet, just keep nextIndex unchanged and retry.
2021-01-18 04:01:15,369 [grpc-default-executor-2] WARN  server.GrpcLogAppender (LogUtils.java:warn(122)) - omNode-2@group-523986131536->omNode-3-AppendLogResponseHandler: Failed appendEntries: org.apache.ratis.thirdparty.io.grpc.StatusRuntimeException: UNAVAILABLE: io exception
2021-01-18 04:01:15,370 [grpc-default-executor-2] WARN  server.GrpcLogAppender (GrpcLogAppender.java:resetClient(111)) - omNode-2@group-523986131536->omNode-3-GrpcLogAppender: Leader has not got in touch with Follower omNode-2@group-523986131536->omNode-3(c-1,m0,n149, attendVote=true, lastRpcSendTime=0, lastRpcResponseTime=18624) yet, just keep nextIndex unchanged and retry.
2021-01-18 04:01:15,473 [grpc-default-executor-2] WARN  server.GrpcLogAppender (LogUtils.java:warn(122)) - omNode-2@group-523986131536->omNode-3-AppendLogResponseHandler: Failed appendEntries: org.apache.ratis.thirdparty.io.grpc.StatusRuntimeException: UNAVAILABLE: io exception
2021-01-18 04:01:15,473 [grpc-default-executor-2] WARN  server.GrpcLogAppender (GrpcLogAppender.java:resetClient(111)) - omNode-2@group-523986131536->omNode-3-GrpcLogAppender: Leader has not got in touch with Follower omNode-2@group-523986131536->omNode-3(c-1,m0,n150, attendVote=true, lastRpcSendTime=0, lastRpcResponseTime=18727) yet, just keep nextIndex unchanged and retry.
2021-01-18 04:01:15,479 [grpc-default-executor-2] WARN  server.GrpcLogAppender (LogUtils.java:warn(122)) - omNode-2@group-523986131536->omNode-3-AppendLogResponseHandler: Failed appendEntries: org.apache.ratis.thirdparty.io.grpc.StatusRuntimeException: UNAVAILABLE: io exception
2021-01-18 04:01:15,480 [grpc-default-executor-2] WARN  server.GrpcLogAppender (GrpcLogAppender.java:resetClient(111)) - omNode-2@group-523986131536->omNode-3-GrpcLogAppender: Leader has not got in touch with Follower omNode-2@group-523986131536->omNode-3(c-1,m0,n151, attendVote=true, lastRpcSendTime=0, lastRpcResponseTime=18734) yet, just keep nextIndex unchanged and retry.
2021-01-18 04:01:15,481 [omNode-2@group-523986131536-StateMachineUpdater] INFO  ratis.OzoneManagerStateMachine (OzoneManagerStateMachine.java:takeSnapshot(345)) - Current Snapshot Index (t:2, i:149)
2021-01-18 04:01:15,481 [omNode-2@group-523986131536-StateMachineUpdater] INFO  impl.StateMachineUpdater (StateMachineUpdater.java:takeSnapshot(279)) - omNode-2@group-523986131536-StateMachineUpdater: Took a snapshot at index 149
2021-01-18 04:01:15,481 [omNode-2@group-523986131536-StateMachineUpdater] INFO  impl.StateMachineUpdater (StateMachineUpdater.java:lambda$new$0(88)) - omNode-2@group-523986131536-StateMachineUpdater: snapshotIndex: updateIncreasingly 99 -> 149
2021-01-18 04:01:15,481 [omNode-2@group-523986131536-StateMachineUpdater] INFO  raftlog.RaftLog (RaftLogBase.java:purge(306)) - omNode-2@group-523986131536-SegmentedRaftLog: purge 149
2021-01-18 04:01:15,481 [omNode-2@group-523986131536-StateMachineUpdater] INFO  raftlog.RaftLog (RaftLogBase.java:lambda$new$0(53)) - omNode-2@group-523986131536-SegmentedRaftLog: snapshotIndex: updateIncreasingly 99 -> 149
2021-01-18 04:01:15,481 [omNode-2@group-523986131536-StateMachineUpdater] INFO  raftlog.RaftLog (RaftLogBase.java:lambda$new$0(53)) - omNode-2@group-523986131536-SegmentedRaftLog: purgeIndex: updateToMax old=99, new=149, updated? true
2021-01-18 04:01:15,487 [omNode-1@group-523986131536-StateMachineUpdater] INFO  ratis.OzoneManagerStateMachine (OzoneManagerStateMachine.java:takeSnapshot(345)) - Current Snapshot Index (t:2, i:148)
2021-01-18 04:01:15,487 [omNode-1@group-523986131536-StateMachineUpdater] INFO  impl.StateMachineUpdater (StateMachineUpdater.java:takeSnapshot(279)) - omNode-1@group-523986131536-StateMachineUpdater: Took a snapshot at index 149
2021-01-18 04:01:15,487 [omNode-1@group-523986131536-StateMachineUpdater] INFO  impl.StateMachineUpdater (StateMachineUpdater.java:lambda$new$0(88)) - omNode-1@group-523986131536-StateMachineUpdater: snapshotIndex: updateIncreasingly 99 -> 149
2021-01-18 04:01:15,487 [omNode-1@group-523986131536-StateMachineUpdater] INFO  raftlog.RaftLog (RaftLogBase.java:purge(306)) - omNode-1@group-523986131536-SegmentedRaftLog: purge 149
2021-01-18 04:01:15,487 [omNode-1@group-523986131536-StateMachineUpdater] INFO  raftlog.RaftLog (RaftLogBase.java:lambda$new$0(53)) - omNode-1@group-523986131536-SegmentedRaftLog: snapshotIndex: updateIncreasingly 99 -> 149
2021-01-18 04:01:15,487 [omNode-1@group-523986131536-StateMachineUpdater] INFO  raftlog.RaftLog (RaftLogBase.java:lambda$new$0(53)) - omNode-1@group-523986131536-SegmentedRaftLog: purgeIndex: updateToMax old=99, new=149, updated? true
2021-01-18 04:01:15,497 [grpc-default-executor-2] WARN  server.GrpcLogAppender (LogUtils.java:warn(122)) - omNode-2@group-523986131536->omNode-3-AppendLogResponseHandler: Failed appendEntries: org.apache.ratis.thirdparty.io.grpc.StatusRuntimeException: UNAVAILABLE: io exception
2021-01-18 04:01:15,497 [grpc-default-executor-2] WARN  server.GrpcLogAppender (GrpcLogAppender.java:resetClient(111)) - omNode-2@group-523986131536->omNode-3-GrpcLogAppender: Leader has not got in touch with Follower omNode-2@group-523986131536->omNode-3(c-1,m0,n152, attendVote=true, lastRpcSendTime=18, lastRpcResponseTime=18751) yet, just keep nextIndex unchanged and retry.
2021-01-18 04:01:15,511 [grpc-default-executor-2] WARN  server.GrpcLogAppender (LogUtils.java:warn(122)) - omNode-2@group-523986131536->omNode-3-AppendLogResponseHandler: Failed appendEntries: org.apache.ratis.thirdparty.io.grpc.StatusRuntimeException: UNAVAILABLE: io exception
2021-01-18 04:01:15,512 [grpc-default-executor-2] WARN  server.GrpcLogAppender (GrpcLogAppender.java:resetClient(111)) - omNode-2@group-523986131536->omNode-3-GrpcLogAppender: Leader has not got in touch with Follower omNode-2@group-523986131536->omNode-3(c-1,m0,n153, attendVote=true, lastRpcSendTime=14, lastRpcResponseTime=18765) yet, just keep nextIndex unchanged and retry.
2021-01-18 04:01:15,617 [grpc-default-executor-2] WARN  server.GrpcLogAppender (LogUtils.java:warn(122)) - omNode-2@group-523986131536->omNode-3-AppendLogResponseHandler: Failed appendEntries: org.apache.ratis.thirdparty.io.grpc.StatusRuntimeException: UNAVAILABLE: io exception
2021-01-18 04:01:15,618 [grpc-default-executor-2] WARN  server.GrpcLogAppender (GrpcLogAppender.java:resetClient(111)) - omNode-2@group-523986131536->omNode-3-GrpcLogAppender: Leader has not got in touch with Follower omNode-2@group-523986131536->omNode-3(c-1,m0,n154, attendVote=true, lastRpcSendTime=1, lastRpcResponseTime=18872) yet, just keep nextIndex unchanged and retry.
2021-01-18 04:01:15,638 [grpc-default-executor-2] WARN  server.GrpcLogAppender (LogUtils.java:warn(122)) - omNode-2@group-523986131536->omNode-3-AppendLogResponseHandler: Failed appendEntries: org.apache.ratis.thirdparty.io.grpc.StatusRuntimeException: UNAVAILABLE: io exception
2021-01-18 04:01:15,639 [grpc-default-executor-2] WARN  server.GrpcLogAppender (GrpcLogAppender.java:resetClient(111)) - omNode-2@group-523986131536->omNode-3-GrpcLogAppender: Leader has not got in touch with Follower omNode-2@group-523986131536->omNode-3(c-1,m0,n155, attendVote=true, lastRpcSendTime=2, lastRpcResponseTime=18893) yet, just keep nextIndex unchanged and retry.
2021-01-18 04:01:15,664 [grpc-default-executor-2] WARN  server.GrpcLogAppender (LogUtils.java:warn(122)) - omNode-2@group-523986131536->omNode-3-AppendLogResponseHandler: Failed appendEntries: org.apache.ratis.thirdparty.io.grpc.StatusRuntimeException: UNAVAILABLE: io exception
2021-01-18 04:01:15,664 [grpc-default-executor-2] WARN  server.GrpcLogAppender (GrpcLogAppender.java:resetClient(111)) - omNode-2@group-523986131536->omNode-3-GrpcLogAppender: Leader has not got in touch with Follower omNode-2@group-523986131536->omNode-3(c-1,m0,n156, attendVote=true, lastRpcSendTime=0, lastRpcResponseTime=18918) yet, just keep nextIndex unchanged and retry.
2021-01-18 04:01:15,674 [grpc-default-executor-2] WARN  server.GrpcLogAppender (LogUtils.java:warn(122)) - omNode-2@group-523986131536->omNode-3-AppendLogResponseHandler: Failed appendEntries: org.apache.ratis.thirdparty.io.grpc.StatusRuntimeException: UNAVAILABLE: io exception
2021-01-18 04:01:15,674 [grpc-default-executor-2] WARN  server.GrpcLogAppender (GrpcLogAppender.java:resetClient(111)) - omNode-2@group-523986131536->omNode-3-GrpcLogAppender: Leader has not got in touch with Follower omNode-2@group-523986131536->omNode-3(c-1,m0,n157, attendVote=true, lastRpcSendTime=0, lastRpcResponseTime=18928) yet, just keep nextIndex unchanged and retry.
2021-01-18 04:01:15,779 [grpc-default-executor-2] WARN  server.GrpcLogAppender (LogUtils.java:warn(122)) - omNode-2@group-523986131536->omNode-3-AppendLogResponseHandler: Failed appendEntries: org.apache.ratis.thirdparty.io.grpc.StatusRuntimeException: UNAVAILABLE: io exception
2021-01-18 04:01:15,779 [grpc-default-executor-2] WARN  server.GrpcLogAppender (GrpcLogAppender.java:resetClient(111)) - omNode-2@group-523986131536->omNode-3-GrpcLogAppender: Leader has not got in touch with Follower omNode-2@group-523986131536->omNode-3(c-1,m0,n158, attendVote=true, lastRpcSendTime=105, lastRpcResponseTime=19033) yet, just keep nextIndex unchanged and retry.
2021-01-18 04:01:15,788 [grpc-default-executor-2] WARN  server.GrpcLogAppender (LogUtils.java:warn(122)) - omNode-2@group-523986131536->omNode-3-AppendLogResponseHandler: Failed appendEntries: org.apache.ratis.thirdparty.io.grpc.StatusRuntimeException: UNAVAILABLE: io exception
2021-01-18 04:01:15,789 [grpc-default-executor-2] WARN  server.GrpcLogAppender (GrpcLogAppender.java:resetClient(111)) - omNode-2@group-523986131536->omNode-3-GrpcLogAppender: Leader has not got in touch with Follower omNode-2@group-523986131536->omNode-3(c-1,m0,n159, attendVote=true, lastRpcSendTime=2, lastRpcResponseTime=19043) yet, just keep nextIndex unchanged and retry.
2021-01-18 04:01:15,799 [grpc-default-executor-1] WARN  server.GrpcLogAppender (LogUtils.java:warn(122)) - omNode-2@group-523986131536->omNode-3-AppendLogResponseHandler: Failed appendEntries: org.apache.ratis.thirdparty.io.grpc.StatusRuntimeException: UNAVAILABLE: io exception
2021-01-18 04:01:15,800 [grpc-default-executor-1] WARN  server.GrpcLogAppender (GrpcLogAppender.java:resetClient(111)) - omNode-2@group-523986131536->omNode-3-GrpcLogAppender: Leader has not got in touch with Follower omNode-2@group-523986131536->omNode-3(c-1,m0,n160, attendVote=true, lastRpcSendTime=0, lastRpcResponseTime=19053) yet, just keep nextIndex unchanged and retry.
2021-01-18 04:01:15,809 [grpc-default-executor-1] WARN  server.GrpcLogAppender (LogUtils.java:warn(122)) - omNode-2@group-523986131536->omNode-3-AppendLogResponseHandler: Failed appendEntries: org.apache.ratis.thirdparty.io.grpc.StatusRuntimeException: UNAVAILABLE: io exception
2021-01-18 04:01:15,809 [grpc-default-executor-1] WARN  server.GrpcLogAppender (GrpcLogAppender.java:resetClient(111)) - omNode-2@group-523986131536->omNode-3-GrpcLogAppender: Leader has not got in touch with Follower omNode-2@group-523986131536->omNode-3(c-1,m0,n161, attendVote=true, lastRpcSendTime=0, lastRpcResponseTime=19063) yet, just keep nextIndex unchanged and retry.
2021-01-18 04:01:15,916 [grpc-default-executor-1] WARN  server.GrpcLogAppender (LogUtils.java:warn(122)) - omNode-2@group-523986131536->omNode-3-AppendLogResponseHandler: Failed appendEntries: org.apache.ratis.thirdparty.io.grpc.StatusRuntimeException: UNAVAILABLE: io exception
2021-01-18 04:01:15,916 [grpc-default-executor-1] WARN  server.GrpcLogAppender (GrpcLogAppender.java:resetClient(111)) - omNode-2@group-523986131536->omNode-3-GrpcLogAppender: Leader has not got in touch with Follower omNode-2@group-523986131536->omNode-3(c-1,m0,n162, attendVote=true, lastRpcSendTime=1, lastRpcResponseTime=19170) yet, just keep nextIndex unchanged and retry.
2021-01-18 04:01:15,918 [grpc-default-executor-1] WARN  server.GrpcLogAppender (LogUtils.java:warn(122)) - omNode-2@group-523986131536->omNode-3-AppendLogResponseHandler: Failed appendEntries: org.apache.ratis.thirdparty.io.grpc.StatusRuntimeException: UNAVAILABLE: io exception
2021-01-18 04:01:15,918 [grpc-default-executor-1] WARN  server.GrpcLogAppender (GrpcLogAppender.java:resetClient(111)) - omNode-2@group-523986131536->omNode-3-GrpcLogAppender: Leader has not got in touch with Follower omNode-2@group-523986131536->omNode-3(c-1,m0,n163, attendVote=true, lastRpcSendTime=0, lastRpcResponseTime=19172) yet, just keep nextIndex unchanged and retry.
2021-01-18 04:01:15,940 [grpc-default-executor-1] WARN  server.GrpcLogAppender (LogUtils.java:warn(122)) - omNode-2@group-523986131536->omNode-3-AppendLogResponseHandler: Failed appendEntries: org.apache.ratis.thirdparty.io.grpc.StatusRuntimeException: UNAVAILABLE: io exception
2021-01-18 04:01:15,941 [grpc-default-executor-1] WARN  server.GrpcLogAppender (GrpcLogAppender.java:resetClient(111)) - omNode-2@group-523986131536->omNode-3-GrpcLogAppender: Leader has not got in touch with Follower omNode-2@group-523986131536->omNode-3(c-1,m0,n164, attendVote=true, lastRpcSendTime=0, lastRpcResponseTime=19195) yet, just keep nextIndex unchanged and retry.
2021-01-18 04:01:15,944 [grpc-default-executor-1] WARN  server.GrpcLogAppender (LogUtils.java:warn(122)) - omNode-2@group-523986131536->omNode-3-AppendLogResponseHandler: Failed appendEntries: org.apache.ratis.thirdparty.io.grpc.StatusRuntimeException: UNAVAILABLE: io exception
2021-01-18 04:01:15,944 [grpc-default-executor-1] WARN  server.GrpcLogAppender (GrpcLogAppender.java:resetClient(111)) - omNode-2@group-523986131536->omNode-3-GrpcLogAppender: Leader has not got in touch with Follower omNode-2@group-523986131536->omNode-3(c-1,m0,n165, attendVote=true, lastRpcSendTime=0, lastRpcResponseTime=19198) yet, just keep nextIndex unchanged and retry.
2021-01-18 04:01:16,051 [grpc-default-executor-1] WARN  server.GrpcLogAppender (LogUtils.java:warn(122)) - omNode-2@group-523986131536->omNode-3-AppendLogResponseHandler: Failed appendEntries: org.apache.ratis.thirdparty.io.grpc.StatusRuntimeException: UNAVAILABLE: io exception
2021-01-18 04:01:16,051 [grpc-default-executor-1] WARN  server.GrpcLogAppender (GrpcLogAppender.java:resetClient(111)) - omNode-2@group-523986131536->omNode-3-GrpcLogAppender: Leader has not got in touch with Follower omNode-2@group-523986131536->omNode-3(c-1,m0,n166, attendVote=true, lastRpcSendTime=0, lastRpcResponseTime=19305) yet, just keep nextIndex unchanged and retry.
2021-01-18 04:01:16,056 [grpc-default-executor-1] WARN  server.GrpcLogAppender (LogUtils.java:warn(122)) - omNode-2@group-523986131536->omNode-3-AppendLogResponseHandler: Failed appendEntries: org.apache.ratis.thirdparty.io.grpc.StatusRuntimeException: UNAVAILABLE: io exception
2021-01-18 04:01:16,057 [grpc-default-executor-1] WARN  server.GrpcLogAppender (GrpcLogAppender.java:resetClient(111)) - omNode-2@group-523986131536->omNode-3-GrpcLogAppender: Leader has not got in touch with Follower omNode-2@group-523986131536->omNode-3(c-1,m0,n167, attendVote=true, lastRpcSendTime=0, lastRpcResponseTime=19310) yet, just keep nextIndex unchanged and retry.
2021-01-18 04:01:16,068 [grpc-default-executor-2] WARN  server.GrpcLogAppender (LogUtils.java:warn(122)) - omNode-2@group-523986131536->omNode-3-AppendLogResponseHandler: Failed appendEntries: org.apache.ratis.thirdparty.io.grpc.StatusRuntimeException: UNAVAILABLE: io exception
2021-01-18 04:01:16,069 [grpc-default-executor-2] WARN  server.GrpcLogAppender (GrpcLogAppender.java:resetClient(111)) - omNode-2@group-523986131536->omNode-3-GrpcLogAppender: Leader has not got in touch with Follower omNode-2@group-523986131536->omNode-3(c-1,m0,n168, attendVote=true, lastRpcSendTime=0, lastRpcResponseTime=19323) yet, just keep nextIndex unchanged and retry.
2021-01-18 04:01:16,071 [grpc-default-executor-2] WARN  server.GrpcLogAppender (LogUtils.java:warn(122)) - omNode-2@group-523986131536->omNode-3-AppendLogResponseHandler: Failed appendEntries: org.apache.ratis.thirdparty.io.grpc.StatusRuntimeException: UNAVAILABLE: io exception
2021-01-18 04:01:16,072 [grpc-default-executor-2] WARN  server.GrpcLogAppender (GrpcLogAppender.java:resetClient(111)) - omNode-2@group-523986131536->omNode-3-GrpcLogAppender: Leader has not got in touch with Follower omNode-2@group-523986131536->omNode-3(c-1,m0,n169, attendVote=true, lastRpcSendTime=3, lastRpcResponseTime=19325) yet, just keep nextIndex unchanged and retry.
2021-01-18 04:01:16,181 [grpc-default-executor-2] WARN  server.GrpcLogAppender (LogUtils.java:warn(122)) - omNode-2@group-523986131536->omNode-3-AppendLogResponseHandler: Failed appendEntries: org.apache.ratis.thirdparty.io.grpc.StatusRuntimeException: UNAVAILABLE: io exception
2021-01-18 04:01:16,181 [grpc-default-executor-2] WARN  server.GrpcLogAppender (GrpcLogAppender.java:resetClient(111)) - omNode-2@group-523986131536->omNode-3-GrpcLogAppender: Leader has not got in touch with Follower omNode-2@group-523986131536->omNode-3(c-1,m0,n170, attendVote=true, lastRpcSendTime=1, lastRpcResponseTime=19435) yet, just keep nextIndex unchanged and retry.
2021-01-18 04:01:16,191 [grpc-default-executor-2] WARN  server.GrpcLogAppender (LogUtils.java:warn(122)) - omNode-2@group-523986131536->omNode-3-AppendLogResponseHandler: Failed appendEntries: org.apache.ratis.thirdparty.io.grpc.StatusRuntimeException: UNAVAILABLE: io exception
2021-01-18 04:01:16,192 [grpc-default-executor-2] WARN  server.GrpcLogAppender (GrpcLogAppender.java:resetClient(111)) - omNode-2@group-523986131536->omNode-3-GrpcLogAppender: Leader has not got in touch with Follower omNode-2@group-523986131536->omNode-3(c-1,m0,n171, attendVote=true, lastRpcSendTime=12, lastRpcResponseTime=19446) yet, just keep nextIndex unchanged and retry.
2021-01-18 04:01:16,218 [grpc-default-executor-2] WARN  server.GrpcLogAppender (LogUtils.java:warn(122)) - omNode-2@group-523986131536->omNode-3-AppendLogResponseHandler: Failed appendEntries: org.apache.ratis.thirdparty.io.grpc.StatusRuntimeException: UNAVAILABLE: io exception
2021-01-18 04:01:16,220 [grpc-default-executor-2] WARN  server.GrpcLogAppender (GrpcLogAppender.java:resetClient(111)) - omNode-2@group-523986131536->omNode-3-GrpcLogAppender: Leader has not got in touch with Follower omNode-2@group-523986131536->omNode-3(c-1,m0,n172, attendVote=true, lastRpcSendTime=27, lastRpcResponseTime=19474) yet, just keep nextIndex unchanged and retry.
2021-01-18 04:01:16,227 [grpc-default-executor-2] WARN  server.GrpcLogAppender (LogUtils.java:warn(122)) - omNode-2@group-523986131536->omNode-3-AppendLogResponseHandler: Failed appendEntries: org.apache.ratis.thirdparty.io.grpc.StatusRuntimeException: UNAVAILABLE: io exception
2021-01-18 04:01:16,230 [grpc-default-executor-2] WARN  server.GrpcLogAppender (GrpcLogAppender.java:resetClient(111)) - omNode-2@group-523986131536->omNode-3-GrpcLogAppender: Leader has not got in touch with Follower omNode-2@group-523986131536->omNode-3(c-1,m0,n173, attendVote=true, lastRpcSendTime=0, lastRpcResponseTime=19483) yet, just keep nextIndex unchanged and retry.
2021-01-18 04:01:16,334 [grpc-default-executor-2] WARN  server.GrpcLogAppender (LogUtils.java:warn(122)) - omNode-2@group-523986131536->omNode-3-AppendLogResponseHandler: Failed appendEntries: org.apache.ratis.thirdparty.io.grpc.StatusRuntimeException: UNAVAILABLE: io exception
2021-01-18 04:01:16,335 [grpc-default-executor-2] WARN  server.GrpcLogAppender (GrpcLogAppender.java:resetClient(111)) - omNode-2@group-523986131536->omNode-3-GrpcLogAppender: Leader has not got in touch with Follower omNode-2@group-523986131536->omNode-3(c-1,m0,n174, attendVote=true, lastRpcSendTime=0, lastRpcResponseTime=19589) yet, just keep nextIndex unchanged and retry.
2021-01-18 04:01:16,340 [grpc-default-executor-1] WARN  server.GrpcLogAppender (LogUtils.java:warn(122)) - omNode-2@group-523986131536->omNode-3-AppendLogResponseHandler: Failed appendEntries: org.apache.ratis.thirdparty.io.grpc.StatusRuntimeException: UNAVAILABLE: io exception
2021-01-18 04:01:16,340 [grpc-default-executor-1] WARN  server.GrpcLogAppender (GrpcLogAppender.java:resetClient(111)) - omNode-2@group-523986131536->omNode-3-GrpcLogAppender: Leader has not got in touch with Follower omNode-2@group-523986131536->omNode-3(c-1,m0,n175, attendVote=true, lastRpcSendTime=5, lastRpcResponseTime=19594) yet, just keep nextIndex unchanged and retry.
2021-01-18 04:01:16,357 [grpc-default-executor-2] WARN  server.GrpcLogAppender (LogUtils.java:warn(122)) - omNode-2@group-523986131536->omNode-3-AppendLogResponseHandler: Failed appendEntries: org.apache.ratis.thirdparty.io.grpc.StatusRuntimeException: UNAVAILABLE: io exception
2021-01-18 04:01:16,357 [grpc-default-executor-2] WARN  server.GrpcLogAppender (GrpcLogAppender.java:resetClient(111)) - omNode-2@group-523986131536->omNode-3-GrpcLogAppender: Leader has not got in touch with Follower omNode-2@group-523986131536->omNode-3(c-1,m0,n176, attendVote=true, lastRpcSendTime=17, lastRpcResponseTime=19611) yet, just keep nextIndex unchanged and retry.
2021-01-18 04:01:16,362 [grpc-default-executor-2] WARN  server.GrpcLogAppender (LogUtils.java:warn(122)) - omNode-2@group-523986131536->omNode-3-AppendLogResponseHandler: Failed appendEntries: org.apache.ratis.thirdparty.io.grpc.StatusRuntimeException: UNAVAILABLE: io exception
2021-01-18 04:01:16,362 [grpc-default-executor-2] WARN  server.GrpcLogAppender (GrpcLogAppender.java:resetClient(111)) - omNode-2@group-523986131536->omNode-3-GrpcLogAppender: Leader has not got in touch with Follower omNode-2@group-523986131536->omNode-3(c-1,m0,n177, attendVote=true, lastRpcSendTime=4, lastRpcResponseTime=19616) yet, just keep nextIndex unchanged and retry.
2021-01-18 04:01:16,467 [grpc-default-executor-2] WARN  server.GrpcLogAppender (LogUtils.java:warn(122)) - omNode-2@group-523986131536->omNode-3-AppendLogResponseHandler: Failed appendEntries: org.apache.ratis.thirdparty.io.grpc.StatusRuntimeException: UNAVAILABLE: io exception
2021-01-18 04:01:16,468 [grpc-default-executor-2] WARN  server.GrpcLogAppender (GrpcLogAppender.java:resetClient(111)) - omNode-2@group-523986131536->omNode-3-GrpcLogAppender: Leader has not got in touch with Follower omNode-2@group-523986131536->omNode-3(c-1,m0,n178, attendVote=true, lastRpcSendTime=0, lastRpcResponseTime=19722) yet, just keep nextIndex unchanged and retry.
2021-01-18 04:01:16,475 [grpc-default-executor-2] WARN  server.GrpcLogAppender (LogUtils.java:warn(122)) - omNode-2@group-523986131536->omNode-3-AppendLogResponseHandler: Failed appendEntries: org.apache.ratis.thirdparty.io.grpc.StatusRuntimeException: UNAVAILABLE: io exception
2021-01-18 04:01:16,476 [grpc-default-executor-2] WARN  server.GrpcLogAppender (GrpcLogAppender.java:resetClient(111)) - omNode-2@group-523986131536->omNode-3-GrpcLogAppender: Leader has not got in touch with Follower omNode-2@group-523986131536->omNode-3(c-1,m0,n179, attendVote=true, lastRpcSendTime=2, lastRpcResponseTime=19729) yet, just keep nextIndex unchanged and retry.
2021-01-18 04:01:16,482 [grpc-default-executor-1] WARN  server.GrpcLogAppender (LogUtils.java:warn(122)) - omNode-2@group-523986131536->omNode-3-AppendLogResponseHandler: Failed appendEntries: org.apache.ratis.thirdparty.io.grpc.StatusRuntimeException: UNAVAILABLE: io exception
2021-01-18 04:01:16,482 [grpc-default-executor-1] WARN  server.GrpcLogAppender (GrpcLogAppender.java:resetClient(111)) - omNode-2@group-523986131536->omNode-3-GrpcLogAppender: Leader has not got in touch with Follower omNode-2@group-523986131536->omNode-3(c-1,m0,n180, attendVote=true, lastRpcSendTime=0, lastRpcResponseTime=19736) yet, just keep nextIndex unchanged and retry.
2021-01-18 04:01:16,489 [grpc-default-executor-1] WARN  server.GrpcLogAppender (LogUtils.java:warn(122)) - omNode-2@group-523986131536->omNode-3-AppendLogResponseHandler: Failed appendEntries: org.apache.ratis.thirdparty.io.grpc.StatusRuntimeException: UNAVAILABLE: io exception
2021-01-18 04:01:16,490 [grpc-default-executor-1] WARN  server.GrpcLogAppender (GrpcLogAppender.java:resetClient(111)) - omNode-2@group-523986131536->omNode-3-GrpcLogAppender: Leader has not got in touch with Follower omNode-2@group-523986131536->omNode-3(c-1,m0,n181, attendVote=true, lastRpcSendTime=0, lastRpcResponseTime=19743) yet, just keep nextIndex unchanged and retry.
2021-01-18 04:01:16,595 [grpc-default-executor-1] WARN  server.GrpcLogAppender (LogUtils.java:warn(122)) - omNode-2@group-523986131536->omNode-3-AppendLogResponseHandler: Failed appendEntries: org.apache.ratis.thirdparty.io.grpc.StatusRuntimeException: UNAVAILABLE: io exception
2021-01-18 04:01:16,596 [grpc-default-executor-1] WARN  server.GrpcLogAppender (GrpcLogAppender.java:resetClient(111)) - omNode-2@group-523986131536->omNode-3-GrpcLogAppender: Leader has not got in touch with Follower omNode-2@group-523986131536->omNode-3(c-1,m0,n182, attendVote=true, lastRpcSendTime=0, lastRpcResponseTime=19849) yet, just keep nextIndex unchanged and retry.
2021-01-18 04:01:16,601 [grpc-default-executor-1] WARN  server.GrpcLogAppender (LogUtils.java:warn(122)) - omNode-2@group-523986131536->omNode-3-AppendLogResponseHandler: Failed appendEntries: org.apache.ratis.thirdparty.io.grpc.StatusRuntimeException: UNAVAILABLE: io exception
2021-01-18 04:01:16,601 [grpc-default-executor-1] WARN  server.GrpcLogAppender (GrpcLogAppender.java:resetClient(111)) - omNode-2@group-523986131536->omNode-3-GrpcLogAppender: Leader has not got in touch with Follower omNode-2@group-523986131536->omNode-3(c-1,m0,n183, attendVote=true, lastRpcSendTime=1, lastRpcResponseTime=19855) yet, just keep nextIndex unchanged and retry.
2021-01-18 04:01:16,617 [grpc-default-executor-1] WARN  server.GrpcLogAppender (LogUtils.java:warn(122)) - omNode-2@group-523986131536->omNode-3-AppendLogResponseHandler: Failed appendEntries: org.apache.ratis.thirdparty.io.grpc.StatusRuntimeException: UNAVAILABLE: io exception
2021-01-18 04:01:16,618 [grpc-default-executor-1] WARN  server.GrpcLogAppender (GrpcLogAppender.java:resetClient(111)) - omNode-2@group-523986131536->omNode-3-GrpcLogAppender: Leader has not got in touch with Follower omNode-2@group-523986131536->omNode-3(c-1,m0,n184, attendVote=true, lastRpcSendTime=18, lastRpcResponseTime=19872) yet, just keep nextIndex unchanged and retry.
2021-01-18 04:01:16,623 [grpc-default-executor-1] WARN  server.GrpcLogAppender (LogUtils.java:warn(122)) - omNode-2@group-523986131536->omNode-3-AppendLogResponseHandler: Failed appendEntries: org.apache.ratis.thirdparty.io.grpc.StatusRuntimeException: UNAVAILABLE: io exception
2021-01-18 04:01:16,623 [grpc-default-executor-1] WARN  server.GrpcLogAppender (GrpcLogAppender.java:resetClient(111)) - omNode-2@group-523986131536->omNode-3-GrpcLogAppender: Leader has not got in touch with Follower omNode-2@group-523986131536->omNode-3(c-1,m0,n185, attendVote=true, lastRpcSendTime=1, lastRpcResponseTime=19877) yet, just keep nextIndex unchanged and retry.
2021-01-18 04:01:16,728 [grpc-default-executor-1] WARN  server.GrpcLogAppender (LogUtils.java:warn(122)) - omNode-2@group-523986131536->omNode-3-AppendLogResponseHandler: Failed appendEntries: org.apache.ratis.thirdparty.io.grpc.StatusRuntimeException: UNAVAILABLE: io exception
2021-01-18 04:01:16,729 [grpc-default-executor-1] WARN  server.GrpcLogAppender (GrpcLogAppender.java:resetClient(111)) - omNode-2@group-523986131536->omNode-3-GrpcLogAppender: Leader has not got in touch with Follower omNode-2@group-523986131536->omNode-3(c-1,m0,n186, attendVote=true, lastRpcSendTime=1, lastRpcResponseTime=19983) yet, just keep nextIndex unchanged and retry.
2021-01-18 04:01:16,736 [grpc-default-executor-1] WARN  server.GrpcLogAppender (LogUtils.java:warn(122)) - omNode-2@group-523986131536->omNode-3-AppendLogResponseHandler: Failed appendEntries: org.apache.ratis.thirdparty.io.grpc.StatusRuntimeException: UNAVAILABLE: io exception
2021-01-18 04:01:16,737 [grpc-default-executor-1] WARN  server.GrpcLogAppender (GrpcLogAppender.java:resetClient(111)) - omNode-2@group-523986131536->omNode-3-GrpcLogAppender: Leader has not got in touch with Follower omNode-2@group-523986131536->omNode-3(c-1,m0,n187, attendVote=true, lastRpcSendTime=0, lastRpcResponseTime=19990) yet, just keep nextIndex unchanged and retry.
2021-01-18 04:01:16,766 [grpc-default-executor-2] WARN  server.GrpcLogAppender (LogUtils.java:warn(122)) - omNode-2@group-523986131536->omNode-3-AppendLogResponseHandler: Failed appendEntries: org.apache.ratis.thirdparty.io.grpc.StatusRuntimeException: UNAVAILABLE: io exception
2021-01-18 04:01:16,767 [grpc-default-executor-2] WARN  server.GrpcLogAppender (GrpcLogAppender.java:resetClient(111)) - omNode-2@group-523986131536->omNode-3-GrpcLogAppender: Leader has not got in touch with Follower omNode-2@group-523986131536->omNode-3(c-1,m0,n188, attendVote=true, lastRpcSendTime=30, lastRpcResponseTime=20020) yet, just keep nextIndex unchanged and retry.
2021-01-18 04:01:16,779 [grpc-default-executor-2] WARN  server.GrpcLogAppender (LogUtils.java:warn(122)) - omNode-2@group-523986131536->omNode-3-AppendLogResponseHandler: Failed appendEntries: org.apache.ratis.thirdparty.io.grpc.StatusRuntimeException: UNAVAILABLE: io exception
2021-01-18 04:01:16,780 [grpc-default-executor-2] WARN  server.GrpcLogAppender (GrpcLogAppender.java:resetClient(111)) - omNode-2@group-523986131536->omNode-3-GrpcLogAppender: Leader has not got in touch with Follower omNode-2@group-523986131536->omNode-3(c-1,m0,n189, attendVote=true, lastRpcSendTime=0, lastRpcResponseTime=20034) yet, just keep nextIndex unchanged and retry.
2021-01-18 04:01:16,882 [grpc-default-executor-2] WARN  server.GrpcLogAppender (LogUtils.java:warn(122)) - omNode-2@group-523986131536->omNode-3-AppendLogResponseHandler: Failed appendEntries: org.apache.ratis.thirdparty.io.grpc.StatusRuntimeException: UNAVAILABLE: io exception
2021-01-18 04:01:16,882 [grpc-default-executor-2] WARN  server.GrpcLogAppender (GrpcLogAppender.java:resetClient(111)) - omNode-2@group-523986131536->omNode-3-GrpcLogAppender: Leader has not got in touch with Follower omNode-2@group-523986131536->omNode-3(c-1,m0,n190, attendVote=true, lastRpcSendTime=102, lastRpcResponseTime=20136) yet, just keep nextIndex unchanged and retry.
2021-01-18 04:01:16,889 [grpc-default-executor-1] WARN  server.GrpcLogAppender (LogUtils.java:warn(122)) - omNode-2@group-523986131536->omNode-3-AppendLogResponseHandler: Failed appendEntries: org.apache.ratis.thirdparty.io.grpc.StatusRuntimeException: UNAVAILABLE: io exception
2021-01-18 04:01:16,889 [grpc-default-executor-1] WARN  server.GrpcLogAppender (GrpcLogAppender.java:resetClient(111)) - omNode-2@group-523986131536->omNode-3-GrpcLogAppender: Leader has not got in touch with Follower omNode-2@group-523986131536->omNode-3(c-1,m0,n191, attendVote=true, lastRpcSendTime=6, lastRpcResponseTime=20143) yet, just keep nextIndex unchanged and retry.
2021-01-18 04:01:16,910 [grpc-default-executor-2] WARN  server.GrpcLogAppender (LogUtils.java:warn(122)) - omNode-2@group-523986131536->omNode-3-AppendLogResponseHandler: Failed appendEntries: org.apache.ratis.thirdparty.io.grpc.StatusRuntimeException: UNAVAILABLE: io exception
2021-01-18 04:01:16,911 [grpc-default-executor-2] WARN  server.GrpcLogAppender (GrpcLogAppender.java:resetClient(111)) - omNode-2@group-523986131536->omNode-3-GrpcLogAppender: Leader has not got in touch with Follower omNode-2@group-523986131536->omNode-3(c-1,m0,n192, attendVote=true, lastRpcSendTime=1, lastRpcResponseTime=20164) yet, just keep nextIndex unchanged and retry.
2021-01-18 04:01:16,914 [grpc-default-executor-2] WARN  server.GrpcLogAppender (LogUtils.java:warn(122)) - omNode-2@group-523986131536->omNode-3-AppendLogResponseHandler: Failed appendEntries: org.apache.ratis.thirdparty.io.grpc.StatusRuntimeException: UNAVAILABLE: io exception
2021-01-18 04:01:16,914 [grpc-default-executor-2] WARN  server.GrpcLogAppender (GrpcLogAppender.java:resetClient(111)) - omNode-2@group-523986131536->omNode-3-GrpcLogAppender: Leader has not got in touch with Follower omNode-2@group-523986131536->omNode-3(c-1,m0,n193, attendVote=true, lastRpcSendTime=1, lastRpcResponseTime=20168) yet, just keep nextIndex unchanged and retry.
2021-01-18 04:01:17,022 [grpc-default-executor-2] WARN  server.GrpcLogAppender (LogUtils.java:warn(122)) - omNode-2@group-523986131536->omNode-3-AppendLogResponseHandler: Failed appendEntries: org.apache.ratis.thirdparty.io.grpc.StatusRuntimeException: UNAVAILABLE: io exception
2021-01-18 04:01:17,022 [grpc-default-executor-2] WARN  server.GrpcLogAppender (GrpcLogAppender.java:resetClient(111)) - omNode-2@group-523986131536->omNode-3-GrpcLogAppender: Leader has not got in touch with Follower omNode-2@group-523986131536->omNode-3(c-1,m0,n194, attendVote=true, lastRpcSendTime=0, lastRpcResponseTime=20276) yet, just keep nextIndex unchanged and retry.
2021-01-18 04:01:17,039 [grpc-default-executor-2] WARN  server.GrpcLogAppender (LogUtils.java:warn(122)) - omNode-2@group-523986131536->omNode-3-AppendLogResponseHandler: Failed appendEntries: org.apache.ratis.thirdparty.io.grpc.StatusRuntimeException: UNAVAILABLE: io exception
2021-01-18 04:01:17,040 [grpc-default-executor-2] WARN  server.GrpcLogAppender (GrpcLogAppender.java:resetClient(111)) - omNode-2@group-523986131536->omNode-3-GrpcLogAppender: Leader has not got in touch with Follower omNode-2@group-523986131536->omNode-3(c-1,m0,n195, attendVote=true, lastRpcSendTime=0, lastRpcResponseTime=20294) yet, just keep nextIndex unchanged and retry.
2021-01-18 04:01:17,042 [grpc-default-executor-2] WARN  server.GrpcLogAppender (LogUtils.java:warn(122)) - omNode-2@group-523986131536->omNode-3-AppendLogResponseHandler: Failed appendEntries: org.apache.ratis.thirdparty.io.grpc.StatusRuntimeException: UNAVAILABLE: io exception
2021-01-18 04:01:17,043 [grpc-default-executor-2] WARN  server.GrpcLogAppender (GrpcLogAppender.java:resetClient(111)) - omNode-2@group-523986131536->omNode-3-GrpcLogAppender: Leader has not got in touch with Follower omNode-2@group-523986131536->omNode-3(c-1,m0,n196, attendVote=true, lastRpcSendTime=0, lastRpcResponseTime=20296) yet, just keep nextIndex unchanged and retry.
2021-01-18 04:01:17,047 [grpc-default-executor-2] WARN  server.GrpcLogAppender (LogUtils.java:warn(122)) - omNode-2@group-523986131536->omNode-3-AppendLogResponseHandler: Failed appendEntries: org.apache.ratis.thirdparty.io.grpc.StatusRuntimeException: UNAVAILABLE: io exception
2021-01-18 04:01:17,047 [grpc-default-executor-2] WARN  server.GrpcLogAppender (GrpcLogAppender.java:resetClient(111)) - omNode-2@group-523986131536->omNode-3-GrpcLogAppender: Leader has not got in touch with Follower omNode-2@group-523986131536->omNode-3(c-1,m0,n197, attendVote=true, lastRpcSendTime=0, lastRpcResponseTime=20301) yet, just keep nextIndex unchanged and retry.
2021-01-18 04:01:17,153 [grpc-default-executor-2] WARN  server.GrpcLogAppender (LogUtils.java:warn(122)) - omNode-2@group-523986131536->omNode-3-AppendLogResponseHandler: Failed appendEntries: org.apache.ratis.thirdparty.io.grpc.StatusRuntimeException: UNAVAILABLE: io exception
2021-01-18 04:01:17,154 [grpc-default-executor-2] WARN  server.GrpcLogAppender (GrpcLogAppender.java:resetClient(111)) - omNode-2@group-523986131536->omNode-3-GrpcLogAppender: Leader has not got in touch with Follower omNode-2@group-523986131536->omNode-3(c-1,m0,n198, attendVote=true, lastRpcSendTime=106, lastRpcResponseTime=20407) yet, just keep nextIndex unchanged and retry.
2021-01-18 04:01:17,158 [grpc-default-executor-2] WARN  server.GrpcLogAppender (LogUtils.java:warn(122)) - omNode-2@group-523986131536->omNode-3-AppendLogResponseHandler: Failed appendEntries: org.apache.ratis.thirdparty.io.grpc.StatusRuntimeException: UNAVAILABLE: io exception
2021-01-18 04:01:17,159 [grpc-default-executor-2] WARN  server.GrpcLogAppender (GrpcLogAppender.java:resetClient(111)) - omNode-2@group-523986131536->omNode-3-GrpcLogAppender: Leader has not got in touch with Follower omNode-2@group-523986131536->omNode-3(c-1,m0,n199, attendVote=true, lastRpcSendTime=4, lastRpcResponseTime=20413) yet, just keep nextIndex unchanged and retry.
2021-01-18 04:01:17,174 [grpc-default-executor-1] WARN  server.GrpcLogAppender (LogUtils.java:warn(122)) - omNode-2@group-523986131536->omNode-3-AppendLogResponseHandler: Failed appendEntries: org.apache.ratis.thirdparty.io.grpc.StatusRuntimeException: UNAVAILABLE: io exception
2021-01-18 04:01:17,175 [grpc-default-executor-1] WARN  server.GrpcLogAppender (GrpcLogAppender.java:resetClient(111)) - omNode-2@group-523986131536->omNode-3-GrpcLogAppender: Leader has not got in touch with Follower omNode-2@group-523986131536->omNode-3(c-1,m0,n200, attendVote=true, lastRpcSendTime=15, lastRpcResponseTime=20429) yet, just keep nextIndex unchanged and retry.
2021-01-18 04:01:17,179 [omNode-2@group-523986131536-StateMachineUpdater] INFO  ratis.OzoneManagerStateMachine (OzoneManagerStateMachine.java:takeSnapshot(345)) - Current Snapshot Index (t:2, i:198)
2021-01-18 04:01:17,180 [omNode-2@group-523986131536-StateMachineUpdater] INFO  impl.StateMachineUpdater (StateMachineUpdater.java:takeSnapshot(279)) - omNode-2@group-523986131536-StateMachineUpdater: Took a snapshot at index 198
2021-01-18 04:01:17,180 [omNode-2@group-523986131536-StateMachineUpdater] INFO  impl.StateMachineUpdater (StateMachineUpdater.java:lambda$new$0(88)) - omNode-2@group-523986131536-StateMachineUpdater: snapshotIndex: updateIncreasingly 149 -> 198
2021-01-18 04:01:17,180 [grpc-default-executor-1] WARN  server.GrpcLogAppender (LogUtils.java:warn(122)) - omNode-2@group-523986131536->omNode-3-AppendLogResponseHandler: Failed appendEntries: org.apache.ratis.thirdparty.io.grpc.StatusRuntimeException: UNAVAILABLE: io exception
2021-01-18 04:01:17,180 [grpc-default-executor-1] WARN  server.GrpcLogAppender (GrpcLogAppender.java:resetClient(111)) - omNode-2@group-523986131536->omNode-3-GrpcLogAppender: Leader has not got in touch with Follower omNode-2@group-523986131536->omNode-3(c-1,m0,n201, attendVote=true, lastRpcSendTime=4, lastRpcResponseTime=20434) yet, just keep nextIndex unchanged and retry.
2021-01-18 04:01:17,184 [omNode-1@group-523986131536-StateMachineUpdater] INFO  ratis.OzoneManagerStateMachine (OzoneManagerStateMachine.java:takeSnapshot(345)) - Current Snapshot Index (t:2, i:199)
2021-01-18 04:01:17,184 [omNode-1@group-523986131536-StateMachineUpdater] INFO  impl.StateMachineUpdater (StateMachineUpdater.java:takeSnapshot(279)) - omNode-1@group-523986131536-StateMachineUpdater: Took a snapshot at index 199
2021-01-18 04:01:17,184 [omNode-1@group-523986131536-StateMachineUpdater] INFO  impl.StateMachineUpdater (StateMachineUpdater.java:lambda$new$0(88)) - omNode-1@group-523986131536-StateMachineUpdater: snapshotIndex: updateIncreasingly 149 -> 199
2021-01-18 04:01:17,184 [omNode-1@group-523986131536-StateMachineUpdater] INFO  raftlog.RaftLog (RaftLogBase.java:purge(306)) - omNode-1@group-523986131536-SegmentedRaftLog: purge 199
2021-01-18 04:01:17,184 [omNode-1@group-523986131536-StateMachineUpdater] INFO  raftlog.RaftLog (RaftLogBase.java:lambda$new$0(53)) - omNode-1@group-523986131536-SegmentedRaftLog: snapshotIndex: updateIncreasingly 149 -> 199
2021-01-18 04:01:17,184 [omNode-1@group-523986131536-StateMachineUpdater] INFO  raftlog.RaftLog (RaftLogBase.java:lambda$new$0(53)) - omNode-1@group-523986131536-SegmentedRaftLog: purgeIndex: updateToMax old=149, new=199, updated? true
2021-01-18 04:01:17,305 [Listener at 127.0.0.1/13724] INFO  db.RDBCheckpointManager (RDBCheckpointManager.java:createCheckpoint(86)) - Created checkpoint at /github/workspace/mnt/ozone/hadoop-ozone/integration-test/target/test-dir/MiniOzoneClusterImpl-5bc51996-b728-448b-b7ee-2f27b8cece2b/omNode-2/db.checkpoints/rdb_rdb_checkpoint_1610942477280 in 25 milliseconds
2021-01-18 04:01:17,307 [Listener at 127.0.0.1/13724] INFO  impl.MetricsSystemImpl (MetricsSystemImpl.java:init(158)) - OzoneManager metrics system started (again)
2021-01-18 04:01:17,308 [Listener at 127.0.0.1/13724] INFO  om.OzoneManager (OzoneManager.java:start(1151)) - OzoneManager RPC server is listening at localhost/127.0.0.1:13724
2021-01-18 04:01:17,309 [Listener at 127.0.0.1/13724] INFO  ratis.OzoneManagerRatisServer (OzoneManagerRatisServer.java:start(377)) - Starting OzoneManagerRatisServer omNode-3 at port 13728
2021-01-18 04:01:17,309 [Listener at 127.0.0.1/13724] INFO  server.RaftServer$Division (RaftServerImpl.java:start(294)) - omNode-3@group-523986131536: start as a follower, conf=-1: [omNode-3|rpc:localhost:13728|priority:0, omNode-1|rpc:localhost:13716|priority:0, omNode-2|rpc:localhost:13722|priority:0], old=null
2021-01-18 04:01:17,309 [Listener at 127.0.0.1/13724] INFO  server.RaftServer$Division (RaftServerImpl.java:setRole(283)) - omNode-3@group-523986131536: changes role from      null to FOLLOWER at term 0 for startAsFollower
2021-01-18 04:01:17,309 [Listener at 127.0.0.1/13724] INFO  impl.RoleInfo (RoleInfo.java:updateAndGet(130)) - omNode-3: start omNode-3@group-523986131536-FollowerState
2021-01-18 04:01:17,310 [Listener at 127.0.0.1/13724] INFO  util.JmxRegister (JmxRegister.java:tryRegister(44)) - Successfully registered JMX Bean with object name Ratis:service=RaftServer,group=group-523986131536,id=omNode-3
2021-01-18 04:01:17,310 [Listener at 127.0.0.1/13724] INFO  metrics.RatisMetrics (RatisMetrics.java:lambda$create$0(36)) - Creating Metrics Registry : ratis.state_machine.omNode-3@group-523986131536
2021-01-18 04:01:17,311 [Listener at 127.0.0.1/13724] INFO  server.RaftServer (RaftServerProxy.java:lambda$start$5(372)) - omNode-3: start RPC server
2021-01-18 04:01:17,313 [Listener at 127.0.0.1/13724] INFO  server.GrpcService (GrpcService.java:startImpl(176)) - omNode-3: GrpcService started, listening on 0.0.0.0/0.0.0.0:13728
2021-01-18 04:01:17,315 [org.apache.ratis.util.JvmPauseMonitor$$Lambda$305/835819020@4f97b398] INFO  util.JvmPauseMonitor (JvmPauseMonitor.java:run(103)) - JvmPauseMonitor-omNode-3: Started
2021-01-18 04:01:17,681 [grpc-default-executor-1] WARN  server.GrpcLogAppender (LogUtils.java:warn(122)) - omNode-2@group-523986131536->omNode-3-AppendLogResponseHandler: Failed appendEntries: org.apache.ratis.thirdparty.io.grpc.StatusRuntimeException: UNAVAILABLE: io exception
2021-01-18 04:01:17,682 [grpc-default-executor-1] WARN  server.GrpcLogAppender (GrpcLogAppender.java:resetClient(111)) - omNode-2@group-523986131536->omNode-3-GrpcLogAppender: Leader has not got in touch with Follower omNode-2@group-523986131536->omNode-3(c-1,m0,n201, attendVote=true, lastRpcSendTime=0, lastRpcResponseTime=20935) yet, just keep nextIndex unchanged and retry.
2021-01-18 04:01:18,184 [grpc-default-executor-1] INFO  metrics.RatisMetrics (RatisMetrics.java:lambda$create$0(36)) - Creating Metrics Registry : ratis.server_message_metrics.omNode-3
2021-01-18 04:01:18,186 [grpc-default-executor-1] INFO  server.RaftServer$Division (ServerState.java:setLeader(249)) - omNode-3@group-523986131536: change Leader from null to omNode-2 at term 2 for appendEntries, leader elected after 22871ms
2021-01-18 04:01:18,186 [grpc-default-executor-1] INFO  server.RaftServer$Division (RaftServerImpl.java:checkInconsistentAppendEntries(1403)) - omNode-3@group-523986131536: Failed appendEntries as previous log entry ((t:2, i:200)) is not found
2021-01-18 04:01:18,186 [grpc-default-executor-1] INFO  server.RaftServer$Division (RaftServerImpl.java:checkInconsistentAppendEntries(1369)) - omNode-3@group-523986131536: inconsistency entries. Reply:omNode-2<-omNode-3#22489970:FAIL-t0,INCONSISTENCY,nextIndex=1,followerCommit=-1
2021-01-18 04:01:18,188 [grpc-default-executor-1] INFO  leader.FollowerInfo (FollowerInfoImpl.java:lambda$new$0(46)) - omNode-2@group-523986131536->omNode-3: nextIndex: updateUnconditionally 201 -> 1
2021-01-18 04:01:18,190 [grpc-default-executor-1] INFO  server.RaftServer$Division (RaftServerImpl.java:checkInconsistentAppendEntries(1403)) - omNode-3@group-523986131536: Failed appendEntries as previous log entry ((t:2, i:0)) is not found
2021-01-18 04:01:18,191 [grpc-default-executor-1] INFO  server.RaftServer$Division (RaftServerImpl.java:checkInconsistentAppendEntries(1369)) - omNode-3@group-523986131536: inconsistency entries. Reply:omNode-2<-omNode-3#22489971:FAIL-t2,INCONSISTENCY,nextIndex=0,followerCommit=-1
2021-01-18 04:01:18,191 [grpc-default-executor-1] INFO  leader.FollowerInfo (FollowerInfoImpl.java:lambda$new$0(46)) - omNode-2@group-523986131536->omNode-3: nextIndex: updateUnconditionally 201 -> 0
2021-01-18 04:01:18,197 [grpc-default-executor-2] INFO  server.RaftServer$Division (ServerState.java:setRaftConf(368)) - omNode-3@group-523986131536: set configuration 0: [omNode-3|rpc:localhost:13728|dataStream:|priority:0, omNode-1|rpc:localhost:13716|dataStream:|priority:0, omNode-2|rpc:localhost:13722|dataStream:|priority:0], old=null
2021-01-18 04:01:18,197 [grpc-default-executor-2] INFO  segmented.SegmentedRaftLogWorker (SegmentedRaftLogWorker.java:startLogSegment(392)) - omNode-3@group-523986131536-SegmentedRaftLogWorker: Starting segment from index:0
2021-01-18 04:01:18,206 [omNode-3@group-523986131536-SegmentedRaftLogWorker] INFO  segmented.SegmentedRaftLogWorker (SegmentedRaftLogWorker.java:execute(599)) - omNode-3@group-523986131536-SegmentedRaftLogWorker: created new log segment /github/workspace/mnt/ozone/hadoop-ozone/integration-test/target/test-dir/MiniOzoneClusterImpl-5bc51996-b728-448b-b7ee-2f27b8cece2b/omNode-3/ratis/c9bc4cf4-3bc3-3c60-a66b-523986131536/current/log_inprogress_0
2021-01-18 04:01:18,216 [OM StateMachine ApplyTransaction Thread - 0] INFO  volume.OMVolumeCreateRequest (OMVolumeCreateRequest.java:validateAndUpdateCache(196)) - created volume:volume78074 for user:user19264
2021-01-18 04:01:18,291 [omNode-3@group-523986131536-StateMachineUpdater] INFO  ratis.OzoneManagerStateMachine (OzoneManagerStateMachine.java:takeSnapshot(345)) - Current Snapshot Index (t:2, i:200)
2021-01-18 04:01:18,291 [omNode-3@group-523986131536-StateMachineUpdater] INFO  impl.StateMachineUpdater (StateMachineUpdater.java:takeSnapshot(279)) - omNode-3@group-523986131536-StateMachineUpdater: Took a snapshot at index 200
2021-01-18 04:01:18,291 [omNode-3@group-523986131536-StateMachineUpdater] INFO  impl.StateMachineUpdater (StateMachineUpdater.java:lambda$new$0(88)) - omNode-3@group-523986131536-StateMachineUpdater: snapshotIndex: updateIncreasingly -1 -> 200
2021-01-18 04:01:18,292 [omNode-3@group-523986131536-StateMachineUpdater] INFO  raftlog.RaftLog (RaftLogBase.java:purge(306)) - omNode-3@group-523986131536-SegmentedRaftLog: purge 200
2021-01-18 04:01:18,292 [omNode-3@group-523986131536-StateMachineUpdater] INFO  raftlog.RaftLog (RaftLogBase.java:lambda$new$0(53)) - omNode-3@group-523986131536-SegmentedRaftLog: snapshotIndex: updateIncreasingly -1 -> 200
2021-01-18 04:01:18,292 [omNode-3@group-523986131536-StateMachineUpdater] INFO  raftlog.RaftLog (RaftLogBase.java:lambda$new$0(53)) - omNode-3@group-523986131536-SegmentedRaftLog: purgeIndex: updateToMax old=-1, new=200, updated? true
2021-01-18 04:01:22,323 [Listener at 127.0.0.1/13724] INFO  http.BaseHttpServer (BaseHttpServer.java:newHttpServer2BuilderForOzone(207)) - Starting Web-server for ozoneManager at: http://0.0.0.0:13726
2021-01-18 04:01:22,323 [Listener at 127.0.0.1/13724] INFO  http.BaseHttpServer (BaseHttpServer.java:<init>(106)) - Hadoop Security Enabled: false Ozone Security Enabled: false Ozone HTTP Security Enabled: false 
2021-01-18 04:01:22,325 [Listener at 127.0.0.1/13724] INFO  server.AuthenticationFilter (AuthenticationFilter.java:constructSecretProvider(240)) - Unable to initialize FileSignerSecretProvider, falling back to use random secrets.
2021-01-18 04:01:22,326 [Listener at 127.0.0.1/13724] WARN  http.HttpRequestLog (HttpRequestLog.java:getRequestLog(103)) - Jetty request log can only be enabled using Log4j
2021-01-18 04:01:22,327 [Listener at 127.0.0.1/13724] INFO  http.HttpServer2 (HttpServer2.java:addGlobalFilter(1020)) - Added global filter 'safety' (class=org.apache.hadoop.hdds.server.http.HttpServer2$QuotingInputFilter)
2021-01-18 04:01:22,328 [Listener at 127.0.0.1/13724] INFO  http.HttpServer2 (HttpServer2.java:addFilter(996)) - Added filter static_user_filter (class=org.apache.hadoop.http.lib.StaticUserWebFilter$StaticUserFilter) to context ozoneManager
2021-01-18 04:01:22,328 [Listener at 127.0.0.1/13724] INFO  http.HttpServer2 (HttpServer2.java:addFilter(1004)) - Added filter static_user_filter (class=org.apache.hadoop.http.lib.StaticUserWebFilter$StaticUserFilter) to context logs
2021-01-18 04:01:22,328 [Listener at 127.0.0.1/13724] INFO  http.HttpServer2 (HttpServer2.java:addFilter(1004)) - Added filter static_user_filter (class=org.apache.hadoop.http.lib.StaticUserWebFilter$StaticUserFilter) to context static
2021-01-18 04:01:22,329 [Listener at 127.0.0.1/13724] INFO  http.HttpServer2 (HttpServer2.java:bindListener(1238)) - Jetty bound to port 13726
2021-01-18 04:01:22,329 [Listener at 127.0.0.1/13724] INFO  server.Server (Server.java:doStart(375)) - jetty-9.4.34.v20201102; built: 2020-11-02T14:15:39.302Z; git: e46af88704a893fc12cb0e3bf46e2c7b48a009e7; jvm 1.8.0_232-b09
2021-01-18 04:01:22,331 [Listener at 127.0.0.1/13724] INFO  server.session (DefaultSessionIdManager.java:doStart(334)) - DefaultSessionIdManager workerName=node0
2021-01-18 04:01:22,331 [Listener at 127.0.0.1/13724] INFO  server.session (DefaultSessionIdManager.java:doStart(339)) - No SessionScavenger set, using defaults
2021-01-18 04:01:22,331 [Listener at 127.0.0.1/13724] INFO  server.session (HouseKeeper.java:startScavenging(132)) - node0 Scavenging every 600000ms
2021-01-18 04:01:22,332 [Listener at 127.0.0.1/13724] INFO  handler.ContextHandler (ContextHandler.java:doStart(916)) - Started o.e.j.s.ServletContextHandler@53ff204d{logs,/logs,file:///github/workspace/mnt/ozone/hadoop-ozone/integration-test/target/log,AVAILABLE}
2021-01-18 04:01:22,332 [Listener at 127.0.0.1/13724] INFO  handler.ContextHandler (ContextHandler.java:doStart(916)) - Started o.e.j.s.ServletContextHandler@6ab6f75f{static,/static,file:///github/workspace/mnt/ozone/hadoop-ozone/integration-test/target/test-classes/webapps/static,AVAILABLE}
2021-01-18 04:01:22,336 [Listener at 127.0.0.1/13724] INFO  handler.ContextHandler (ContextHandler.java:doStart(916)) - Started o.e.j.w.WebAppContext@6a5a152b{ozoneManager,/,file:///github/workspace/mnt/ozone/hadoop-ozone/integration-test/target/test-classes/webapps/ozoneManager/,AVAILABLE}{file:/github/workspace/mnt/ozone/hadoop-ozone/integration-test/target/test-classes/webapps/ozoneManager}
2021-01-18 04:01:22,341 [Listener at 127.0.0.1/13724] INFO  server.AbstractConnector (AbstractConnector.java:doStart(331)) - Started ServerConnector@1cef523a{HTTP/1.1, (http/1.1)}{0.0.0.0:13726}
2021-01-18 04:01:22,341 [Listener at 127.0.0.1/13724] INFO  server.Server (Server.java:doStart(415)) - Started @36621ms
2021-01-18 04:01:22,341 [Listener at 127.0.0.1/13724] WARN  impl.MetricsSystemImpl (MetricsSystemImpl.java:register(276)) - Sink prometheus already exists!
2021-01-18 04:01:22,345 [Listener at 127.0.0.1/13724] INFO  http.BaseHttpServer (BaseHttpServer.java:updateConnectorAddress(327)) - HTTP server of ozoneManager listening at http://0.0.0.0:13726
2021-01-18 04:01:22,345 [IPC Server Responder] INFO  ipc.Server (Server.java:run(1460)) - IPC Server Responder: starting
2021-01-18 04:01:22,346 [IPC Server listener on 13724] INFO  ipc.Server (Server.java:run(1298)) - IPC Server listener on 13724: starting
2021-01-18 04:01:22,353 [Listener at 127.0.0.1/13724] INFO  om.OzoneManager (OzoneManager.java:startTrashEmptier(1272)) - Trash Interval set to 0. Files deleted will not move to trash
2021-01-18 04:01:22,354 [org.apache.hadoop.util.JvmPauseMonitor$Monitor@a82a0de] INFO  util.JvmPauseMonitor (JvmPauseMonitor.java:run(188)) - Starting JVM pause monitor
2021-01-18 04:01:22,354 [Listener at 127.0.0.1/13724] INFO  ozone.MiniOzoneClusterImpl (MiniOzoneClusterImpl.java:shutdown(389)) - Shutting down the Mini Ozone Cluster
2021-01-18 04:01:22,354 [Listener at 127.0.0.1/13724] INFO  ozone.MiniOzoneHAClusterImpl (MiniOzoneHAClusterImpl.java:stop(230)) - Stopping the OzoneManager omNode-3
2021-01-18 04:01:22,354 [Listener at 127.0.0.1/13724] INFO  ipc.Server (Server.java:stop(3359)) - Stopping server on 13724
2021-01-18 04:01:22,359 [IPC Server Responder] INFO  ipc.Server (Server.java:run(1465)) - Stopping IPC Server Responder
2021-01-18 04:01:22,359 [Listener at 127.0.0.1/13724] INFO  server.RaftServer (RaftServerProxy.java:lambda$close$6(389)) - omNode-3: close
2021-01-18 04:01:22,361 [Listener at 127.0.0.1/13724] INFO  server.RaftServer$Division (RaftServerImpl.java:lambda$close$4(405)) - omNode-3@group-523986131536: shutdown
2021-01-18 04:01:22,361 [Listener at 127.0.0.1/13724] INFO  util.JmxRegister (JmxRegister.java:unregister(73)) - Successfully un-registered JMX Bean with object name Ratis:service=RaftServer,group=group-523986131536,id=omNode-3
2021-01-18 04:01:22,361 [Listener at 127.0.0.1/13724] INFO  impl.RoleInfo (RoleInfo.java:shutdownFollowerState(108)) - omNode-3: shutdown omNode-3@group-523986131536-FollowerState
2021-01-18 04:01:22,361 [IPC Server listener on 13724] INFO  ipc.Server (Server.java:run(1330)) - Stopping IPC Server listener on 13724
2021-01-18 04:01:22,361 [Listener at 127.0.0.1/13724] INFO  impl.StateMachineUpdater (StateMachineUpdater.java:stopAndJoin(148)) - omNode-3@group-523986131536-StateMachineUpdater: set stopIndex = 200
2021-01-18 04:01:22,361 [omNode-3@group-523986131536-StateMachineUpdater] INFO  metrics.RatisMetrics (RatisMetrics.java:unregister(43)) - Unregistering Metrics Registry : ratis.state_machine.omNode-3@group-523986131536
2021-01-18 04:01:22,363 [Listener at 127.0.0.1/13724] INFO  server.RaftServer$Division (ServerState.java:close(400)) - omNode-3@group-523986131536: closes. applyIndex: 200
2021-01-18 04:01:22,361 [Thread-566] INFO  impl.FollowerState (FollowerState.java:run(142)) - omNode-3@group-523986131536-FollowerState was interrupted: {}
java.lang.InterruptedException: sleep interrupted
	at java.lang.Thread.sleep(Native Method)
	at java.lang.Thread.sleep(Thread.java:340)
	at java.util.concurrent.TimeUnit.sleep(TimeUnit.java:386)
	at org.apache.ratis.util.TimeDuration.sleep(TimeDuration.java:324)
	at org.apache.ratis.util.TimeDuration.sleep(TimeDuration.java:309)
	at org.apache.ratis.server.impl.FollowerState.run(FollowerState.java:117)
2021-01-18 04:01:22,364 [omNode-3@group-523986131536-SegmentedRaftLogWorker] INFO  segmented.SegmentedRaftLogWorker (SegmentedRaftLogWorker.java:run(326)) - omNode-3@group-523986131536-SegmentedRaftLogWorker was interrupted, exiting. There are 0 tasks remaining in the queue.
2021-01-18 04:01:22,368 [Listener at 127.0.0.1/13724] INFO  segmented.SegmentedRaftLogWorker (SegmentedRaftLogWorker.java:close(236)) - omNode-3@group-523986131536-SegmentedRaftLogWorker close()
2021-01-18 04:01:22,369 [Listener at 127.0.0.1/13724] INFO  metrics.RatisMetrics (RatisMetrics.java:unregister(43)) - Unregistering Metrics Registry : ratis.log_worker.omNode-3@group-523986131536
2021-01-18 04:01:22,369 [Listener at 127.0.0.1/13724] INFO  metrics.RatisMetrics (RatisMetrics.java:unregister(43)) - Unregistering Metrics Registry : ratis.leader_election.omNode-3@group-523986131536
2021-01-18 04:01:22,369 [Listener at 127.0.0.1/13724] INFO  metrics.RatisMetrics (RatisMetrics.java:unregister(43)) - Unregistering Metrics Registry : ratis.server.omNode-3@group-523986131536
2021-01-18 04:01:22,370 [Listener at 127.0.0.1/13724] INFO  server.GrpcService (GrpcService.java:closeImpl(183)) - omNode-3: shutdown server with port 13728 now
2021-01-18 04:01:22,374 [grpc-default-executor-2] WARN  server.GrpcLogAppender (LogUtils.java:warn(122)) - omNode-2@group-523986131536->omNode-3-AppendLogResponseHandler: Failed appendEntries: org.apache.ratis.thirdparty.io.grpc.StatusRuntimeException: CANCELLED: HTTP/2 error code: CANCEL
Received Rst Stream
2021-01-18 04:01:22,375 [grpc-default-executor-1] WARN  server.GrpcServerProtocolService (LogUtils.java:warn(122)) - omNode-3: installSnapshot onError, lastRequest: omNode-2->omNode-3#22489972-t2,previous=(t:0, i:0),leaderCommit=200,initializing? true,entries: size=201, first=(t:2, i:0), CONFIGURATIONENTRY: org.apache.ratis.thirdparty.io.grpc.StatusRuntimeException: CANCELLED: cancelled before receiving half close
2021-01-18 04:01:22,374 [grpc-default-executor-2] INFO  leader.FollowerInfo (FollowerInfoImpl.java:lambda$new$0(46)) - omNode-2@group-523986131536->omNode-3: nextIndex: updateUnconditionally 201 -> 200
2021-01-18 04:01:22,376 [Listener at 127.0.0.1/13724] INFO  server.GrpcService (GrpcService.java:closeImpl(192)) - omNode-3: shutdown server with port 13728 successfully
2021-01-18 04:01:22,376 [org.apache.ratis.util.JvmPauseMonitor$$Lambda$305/835819020@4f97b398] INFO  util.JvmPauseMonitor (JvmPauseMonitor.java:run(109)) - JvmPauseMonitor-omNode-3: Stopped
2021-01-18 04:01:22,376 [Listener at 127.0.0.1/13724] INFO  ratis.OzoneManagerDoubleBuffer (OzoneManagerDoubleBuffer.java:stop(425)) - Stopping OMDoubleBuffer flush thread
2021-01-18 04:01:22,376 [OMDoubleBufferFlushThread] INFO  ratis.OzoneManagerDoubleBuffer (OzoneManagerDoubleBuffer.java:flushTransactions(352)) - OMDoubleBuffer flush thread OMDoubleBufferFlushThread is interrupted and will exit. OMDoubleBufferFlushThread
2021-01-18 04:01:22,377 [Listener at 127.0.0.1/13724] INFO  ratis.OzoneManagerStateMachine (HadoopExecutors.java:shutdown(118)) - Gracefully shutting down executor service. Waiting max 5 SECONDS
2021-01-18 04:01:22,377 [Listener at 127.0.0.1/13724] INFO  ratis.OzoneManagerStateMachine (HadoopExecutors.java:shutdown(129)) - Succesfully shutdown executor service
2021-01-18 04:01:22,377 [Listener at 127.0.0.1/13724] INFO  ratis.OzoneManagerStateMachine (HadoopExecutors.java:shutdown(118)) - Gracefully shutting down executor service. Waiting max 5 SECONDS
2021-01-18 04:01:22,377 [Listener at 127.0.0.1/13724] INFO  ratis.OzoneManagerStateMachine (HadoopExecutors.java:shutdown(129)) - Succesfully shutdown executor service
2021-01-18 04:01:22,377 [Listener at 127.0.0.1/13724] INFO  utils.BackgroundService (BackgroundService.java:shutdown(132)) - Shutting down service KeyDeletingService
2021-01-18 04:01:22,381 [Listener at 127.0.0.1/13724] INFO  handler.ContextHandler (ContextHandler.java:doStop(1154)) - Stopped o.e.j.w.WebAppContext@6a5a152b{ozoneManager,/,null,STOPPED}{file:/github/workspace/mnt/ozone/hadoop-ozone/integration-test/target/test-classes/webapps/ozoneManager}
2021-01-18 04:01:22,385 [grpc-default-executor-1] WARN  server.GrpcLogAppender (LogUtils.java:warn(122)) - omNode-2@group-523986131536->omNode-3-AppendLogResponseHandler: Failed appendEntries: org.apache.ratis.thirdparty.io.grpc.StatusRuntimeException: UNAVAILABLE: io exception
2021-01-18 04:01:22,386 [grpc-default-executor-1] INFO  leader.FollowerInfo (FollowerInfoImpl.java:lambda$new$0(46)) - omNode-2@group-523986131536->omNode-3: nextIndex: updateUnconditionally 201 -> 200
2021-01-18 04:01:22,389 [Listener at 127.0.0.1/13724] INFO  server.AbstractConnector (AbstractConnector.java:doStop(381)) - Stopped ServerConnector@1cef523a{HTTP/1.1, (http/1.1)}{0.0.0.0:13726}
2021-01-18 04:01:22,389 [Listener at 127.0.0.1/13724] INFO  server.session (HouseKeeper.java:stopScavenging(149)) - node0 Stopped scavenging
2021-01-18 04:01:22,389 [Listener at 127.0.0.1/13724] INFO  handler.ContextHandler (ContextHandler.java:doStop(1154)) - Stopped o.e.j.s.ServletContextHandler@6ab6f75f{static,/static,file:///github/workspace/mnt/ozone/hadoop-ozone/integration-test/target/test-classes/webapps/static,STOPPED}
2021-01-18 04:01:22,390 [Listener at 127.0.0.1/13724] INFO  handler.ContextHandler (ContextHandler.java:doStop(1154)) - Stopped o.e.j.s.ServletContextHandler@53ff204d{logs,/logs,file:///github/workspace/mnt/ozone/hadoop-ozone/integration-test/target/log,STOPPED}
2021-01-18 04:01:22,392 [Listener at 127.0.0.1/13724] INFO  ozone.MiniOzoneHAClusterImpl (MiniOzoneHAClusterImpl.java:stop(230)) - Stopping the OzoneManager omNode-1
2021-01-18 04:01:22,392 [Listener at 127.0.0.1/13724] INFO  ipc.Server (Server.java:stop(3359)) - Stopping server on 13712
2021-01-18 04:01:22,395 [IPC Server listener on 13712] INFO  ipc.Server (Server.java:run(1330)) - Stopping IPC Server listener on 13712
2021-01-18 04:01:22,396 [IPC Server Responder] INFO  ipc.Server (Server.java:run(1465)) - Stopping IPC Server Responder
2021-01-18 04:01:22,396 [Listener at 127.0.0.1/13724] INFO  server.RaftServer (RaftServerProxy.java:lambda$close$6(389)) - omNode-1: close
2021-01-18 04:01:22,397 [Listener at 127.0.0.1/13724] INFO  server.RaftServer$Division (RaftServerImpl.java:lambda$close$4(405)) - omNode-1@group-523986131536: shutdown
2021-01-18 04:01:22,397 [Listener at 127.0.0.1/13724] INFO  util.JmxRegister (JmxRegister.java:unregister(73)) - Successfully un-registered JMX Bean with object name Ratis:service=RaftServer,group=group-523986131536,id=omNode-1
2021-01-18 04:01:22,397 [Listener at 127.0.0.1/13724] INFO  impl.RoleInfo (RoleInfo.java:shutdownFollowerState(108)) - omNode-1: shutdown omNode-1@group-523986131536-FollowerState
2021-01-18 04:01:22,397 [Thread-228] INFO  impl.FollowerState (FollowerState.java:run(142)) - omNode-1@group-523986131536-FollowerState was interrupted: {}
java.lang.InterruptedException: sleep interrupted
	at java.lang.Thread.sleep(Native Method)
	at java.lang.Thread.sleep(Thread.java:340)
	at java.util.concurrent.TimeUnit.sleep(TimeUnit.java:386)
	at org.apache.ratis.util.TimeDuration.sleep(TimeDuration.java:324)
	at org.apache.ratis.util.TimeDuration.sleep(TimeDuration.java:309)
	at org.apache.ratis.server.impl.FollowerState.run(FollowerState.java:117)
2021-01-18 04:01:22,398 [omNode-1@group-523986131536-StateMachineUpdater] INFO  ratis.OzoneManagerStateMachine (OzoneManagerStateMachine.java:takeSnapshot(345)) - Current Snapshot Index (t:2, i:200)
2021-01-18 04:01:22,398 [omNode-1@group-523986131536-StateMachineUpdater] INFO  impl.StateMachineUpdater (StateMachineUpdater.java:takeSnapshot(279)) - omNode-1@group-523986131536-StateMachineUpdater: Took a snapshot at index 200
2021-01-18 04:01:22,398 [omNode-1@group-523986131536-StateMachineUpdater] INFO  impl.StateMachineUpdater (StateMachineUpdater.java:lambda$new$0(88)) - omNode-1@group-523986131536-StateMachineUpdater: snapshotIndex: updateIncreasingly 199 -> 200
2021-01-18 04:01:22,398 [omNode-1@group-523986131536-StateMachineUpdater] INFO  metrics.RatisMetrics (RatisMetrics.java:unregister(43)) - Unregistering Metrics Registry : ratis.state_machine.omNode-1@group-523986131536
2021-01-18 04:01:22,398 [Listener at 127.0.0.1/13724] INFO  impl.StateMachineUpdater (StateMachineUpdater.java:stopAndJoin(148)) - omNode-1@group-523986131536-StateMachineUpdater: set stopIndex = 200
2021-01-18 04:01:22,398 [Listener at 127.0.0.1/13724] INFO  server.RaftServer$Division (ServerState.java:close(400)) - omNode-1@group-523986131536: closes. applyIndex: 200
2021-01-18 04:01:22,398 [omNode-1@group-523986131536-SegmentedRaftLogWorker] INFO  segmented.SegmentedRaftLogWorker (SegmentedRaftLogWorker.java:run(326)) - omNode-1@group-523986131536-SegmentedRaftLogWorker was interrupted, exiting. There are 0 tasks remaining in the queue.
2021-01-18 04:01:22,401 [Listener at 127.0.0.1/13724] INFO  segmented.SegmentedRaftLogWorker (SegmentedRaftLogWorker.java:close(236)) - omNode-1@group-523986131536-SegmentedRaftLogWorker close()
2021-01-18 04:01:22,404 [Listener at 127.0.0.1/13724] INFO  metrics.RatisMetrics (RatisMetrics.java:unregister(43)) - Unregistering Metrics Registry : ratis.log_worker.omNode-1@group-523986131536
2021-01-18 04:01:22,404 [Listener at 127.0.0.1/13724] INFO  metrics.RatisMetrics (RatisMetrics.java:unregister(43)) - Unregistering Metrics Registry : ratis.leader_election.omNode-1@group-523986131536
2021-01-18 04:01:22,404 [Listener at 127.0.0.1/13724] INFO  metrics.RatisMetrics (RatisMetrics.java:unregister(43)) - Unregistering Metrics Registry : ratis.server.omNode-1@group-523986131536
2021-01-18 04:01:22,404 [Listener at 127.0.0.1/13724] INFO  server.GrpcService (GrpcService.java:closeImpl(183)) - omNode-1: shutdown server with port 13716 now
2021-01-18 04:01:22,406 [grpc-default-executor-2] WARN  server.GrpcServerProtocolService (LogUtils.java:warn(122)) - omNode-1: installSnapshot onError, lastRequest: omNode-2->omNode-1#966-t2,previous=(t:2, i:199),leaderCommit=199,initializing? true,entries: size=1, first=(t:2, i:200), METADATAENTRY(c:199): org.apache.ratis.thirdparty.io.grpc.StatusRuntimeException: CANCELLED: cancelled before receiving half close
2021-01-18 04:01:22,408 [Listener at 127.0.0.1/13724] INFO  server.GrpcService (GrpcService.java:closeImpl(192)) - omNode-1: shutdown server with port 13716 successfully
2021-01-18 04:01:22,408 [org.apache.ratis.util.JvmPauseMonitor$$Lambda$305/835819020@5f3c30f2] INFO  util.JvmPauseMonitor (JvmPauseMonitor.java:run(109)) - JvmPauseMonitor-omNode-1: Stopped
2021-01-18 04:01:22,408 [Listener at 127.0.0.1/13724] INFO  ratis.OzoneManagerDoubleBuffer (OzoneManagerDoubleBuffer.java:stop(425)) - Stopping OMDoubleBuffer flush thread
2021-01-18 04:01:22,408 [OMDoubleBufferFlushThread] INFO  ratis.OzoneManagerDoubleBuffer (OzoneManagerDoubleBuffer.java:flushTransactions(352)) - OMDoubleBuffer flush thread OMDoubleBufferFlushThread is interrupted and will exit. OMDoubleBufferFlushThread
2021-01-18 04:01:22,409 [Listener at 127.0.0.1/13724] INFO  ratis.OzoneManagerStateMachine (HadoopExecutors.java:shutdown(118)) - Gracefully shutting down executor service. Waiting max 5 SECONDS
2021-01-18 04:01:22,409 [Listener at 127.0.0.1/13724] INFO  ratis.OzoneManagerStateMachine (HadoopExecutors.java:shutdown(129)) - Succesfully shutdown executor service
2021-01-18 04:01:22,409 [Listener at 127.0.0.1/13724] INFO  ratis.OzoneManagerStateMachine (HadoopExecutors.java:shutdown(118)) - Gracefully shutting down executor service. Waiting max 5 SECONDS
2021-01-18 04:01:22,409 [Listener at 127.0.0.1/13724] INFO  ratis.OzoneManagerStateMachine (HadoopExecutors.java:shutdown(129)) - Succesfully shutdown executor service
2021-01-18 04:01:22,409 [Listener at 127.0.0.1/13724] INFO  utils.BackgroundService (BackgroundService.java:shutdown(132)) - Shutting down service KeyDeletingService
2021-01-18 04:01:22,409 [grpc-default-executor-2] WARN  server.GrpcLogAppender (LogUtils.java:warn(122)) - omNode-2@group-523986131536->omNode-1-AppendLogResponseHandler: Failed appendEntries: org.apache.ratis.thirdparty.io.grpc.StatusRuntimeException: CANCELLED: HTTP/2 error code: CANCEL
Received Rst Stream
2021-01-18 04:01:22,409 [grpc-default-executor-2] INFO  leader.FollowerInfo (FollowerInfoImpl.java:lambda$new$0(46)) - omNode-2@group-523986131536->omNode-1: nextIndex: updateUnconditionally 201 -> 200
2021-01-18 04:01:22,410 [Listener at 127.0.0.1/13724] INFO  handler.ContextHandler (ContextHandler.java:doStop(1154)) - Stopped o.e.j.w.WebAppContext@68ca9b68{ozoneManager,/,null,STOPPED}{file:/github/workspace/mnt/ozone/hadoop-ozone/integration-test/target/test-classes/webapps/ozoneManager}
2021-01-18 04:01:22,411 [Listener at 127.0.0.1/13724] INFO  server.AbstractConnector (AbstractConnector.java:doStop(381)) - Stopped ServerConnector@a1f0606{HTTP/1.1, (http/1.1)}{0.0.0.0:13714}
2021-01-18 04:01:22,411 [Listener at 127.0.0.1/13724] INFO  server.session (HouseKeeper.java:stopScavenging(149)) - node0 Stopped scavenging
2021-01-18 04:01:22,411 [Listener at 127.0.0.1/13724] INFO  handler.ContextHandler (ContextHandler.java:doStop(1154)) - Stopped o.e.j.s.ServletContextHandler@1f03b08{static,/static,file:///github/workspace/mnt/ozone/hadoop-ozone/integration-test/target/test-classes/webapps/static,STOPPED}
2021-01-18 04:01:22,411 [Listener at 127.0.0.1/13724] INFO  handler.ContextHandler (ContextHandler.java:doStop(1154)) - Stopped o.e.j.s.ServletContextHandler@b705d2c{logs,/logs,file:///github/workspace/mnt/ozone/hadoop-ozone/integration-test/target/log,STOPPED}
2021-01-18 04:01:22,417 [Listener at 127.0.0.1/13724] INFO  ozone.MiniOzoneHAClusterImpl (MiniOzoneHAClusterImpl.java:stop(230)) - Stopping the OzoneManager omNode-2
2021-01-18 04:01:22,418 [Listener at 127.0.0.1/13724] INFO  ipc.Server (Server.java:stop(3359)) - Stopping server on 13718
2021-01-18 04:01:22,418 [grpc-default-executor-1] WARN  server.GrpcLogAppender (LogUtils.java:warn(122)) - omNode-2@group-523986131536->omNode-1-AppendLogResponseHandler: Failed appendEntries: org.apache.ratis.thirdparty.io.grpc.StatusRuntimeException: UNAVAILABLE: io exception
2021-01-18 04:01:22,418 [IPC Server listener on 13718] INFO  ipc.Server (Server.java:run(1330)) - Stopping IPC Server listener on 13718
2021-01-18 04:01:22,418 [grpc-default-executor-1] INFO  leader.FollowerInfo (FollowerInfoImpl.java:lambda$new$0(46)) - omNode-2@group-523986131536->omNode-1: nextIndex: updateUnconditionally 201 -> 200
2021-01-18 04:01:22,420 [IPC Server Responder] INFO  ipc.Server (Server.java:run(1465)) - Stopping IPC Server Responder
2021-01-18 04:01:22,420 [Listener at 127.0.0.1/13724] INFO  server.RaftServer (RaftServerProxy.java:lambda$close$6(389)) - omNode-2: close
2021-01-18 04:01:22,420 [Listener at 127.0.0.1/13724] INFO  server.RaftServer$Division (RaftServerImpl.java:lambda$close$4(405)) - omNode-2@group-523986131536: shutdown
2021-01-18 04:01:22,420 [Listener at 127.0.0.1/13724] INFO  util.JmxRegister (JmxRegister.java:unregister(73)) - Successfully un-registered JMX Bean with object name Ratis:service=RaftServer,group=group-523986131536,id=omNode-2
2021-01-18 04:01:22,420 [Listener at 127.0.0.1/13724] INFO  impl.RoleInfo (RoleInfo.java:shutdownLeaderState(91)) - omNode-2: shutdown omNode-2@group-523986131536-LeaderStateImpl
2021-01-18 04:01:22,421 [Listener at 127.0.0.1/13724] INFO  metrics.RatisMetrics (RatisMetrics.java:unregister(43)) - Unregistering Metrics Registry : ratis_grpc.log_appender.omNode-2@group-523986131536
2021-01-18 04:01:22,421 [omNode-2@group-523986131536->omNode-3-GrpcLogAppender-LogAppenderDaemon] WARN  server.GrpcLogAppender (GrpcLogAppender.java:mayWait(175)) - omNode-2@group-523986131536->omNode-3-GrpcLogAppender: Wait interrupted by java.lang.InterruptedException
2021-01-18 04:01:22,422 [Listener at 127.0.0.1/13724] INFO  metrics.RatisMetrics (RatisMetrics.java:unregister(43)) - Unregistering Metrics Registry : ratis_grpc.log_appender.omNode-2@group-523986131536
2021-01-18 04:01:22,422 [omNode-2@group-523986131536->omNode-1-GrpcLogAppender-LogAppenderDaemon] WARN  server.GrpcLogAppender (GrpcLogAppender.java:mayWait(175)) - omNode-2@group-523986131536->omNode-1-GrpcLogAppender: Wait interrupted by java.lang.InterruptedException
2021-01-18 04:01:22,422 [Listener at 127.0.0.1/13724] INFO  impl.PendingRequests (PendingRequests.java:sendNotLeaderResponses(249)) - omNode-2@group-523986131536-PendingRequests: sendNotLeaderResponses
2021-01-18 04:01:22,424 [Listener at 127.0.0.1/13724] INFO  metrics.RatisMetrics (RatisMetrics.java:unregister(43)) - Unregistering Metrics Registry : ratis.log_appender.omNode-2@group-523986131536
2021-01-18 04:01:22,424 [Listener at 127.0.0.1/13724] INFO  metrics.RatisMetrics (RatisMetrics.java:unregister(43)) - Unregistering Metrics Registry : ratis.server.omNode-2@group-523986131536
2021-01-18 04:01:22,425 [Listener at 127.0.0.1/13724] INFO  impl.StateMachineUpdater (StateMachineUpdater.java:stopAndJoin(148)) - omNode-2@group-523986131536-StateMachineUpdater: set stopIndex = 200
2021-01-18 04:01:22,425 [omNode-2@group-523986131536-StateMachineUpdater] INFO  ratis.OzoneManagerStateMachine (OzoneManagerStateMachine.java:takeSnapshot(345)) - Current Snapshot Index (t:2, i:200)
2021-01-18 04:01:22,425 [omNode-2@group-523986131536-StateMachineUpdater] INFO  impl.StateMachineUpdater (StateMachineUpdater.java:takeSnapshot(279)) - omNode-2@group-523986131536-StateMachineUpdater: Took a snapshot at index 200
2021-01-18 04:01:22,425 [omNode-2@group-523986131536-StateMachineUpdater] INFO  impl.StateMachineUpdater (StateMachineUpdater.java:lambda$new$0(88)) - omNode-2@group-523986131536-StateMachineUpdater: snapshotIndex: updateIncreasingly 198 -> 200
2021-01-18 04:01:22,425 [omNode-2@group-523986131536-StateMachineUpdater] INFO  raftlog.RaftLog (RaftLogBase.java:purge(306)) - omNode-2@group-523986131536-SegmentedRaftLog: purge 200
2021-01-18 04:01:22,425 [omNode-2@group-523986131536-StateMachineUpdater] INFO  raftlog.RaftLog (RaftLogBase.java:lambda$new$0(53)) - omNode-2@group-523986131536-SegmentedRaftLog: snapshotIndex: updateIncreasingly 149 -> 200
2021-01-18 04:01:22,425 [omNode-2@group-523986131536-StateMachineUpdater] INFO  raftlog.RaftLog (RaftLogBase.java:lambda$new$0(53)) - omNode-2@group-523986131536-SegmentedRaftLog: purgeIndex: updateToMax old=149, new=200, updated? true
2021-01-18 04:01:22,425 [omNode-2@group-523986131536-StateMachineUpdater] INFO  metrics.RatisMetrics (RatisMetrics.java:unregister(43)) - Unregistering Metrics Registry : ratis.state_machine.omNode-2@group-523986131536
2021-01-18 04:01:22,425 [Listener at 127.0.0.1/13724] INFO  server.RaftServer$Division (ServerState.java:close(400)) - omNode-2@group-523986131536: closes. applyIndex: 200
2021-01-18 04:01:22,425 [omNode-2@group-523986131536-SegmentedRaftLogWorker] INFO  segmented.SegmentedRaftLogWorker (SegmentedRaftLogWorker.java:run(326)) - omNode-2@group-523986131536-SegmentedRaftLogWorker was interrupted, exiting. There are 0 tasks remaining in the queue.
2021-01-18 04:01:22,426 [Listener at 127.0.0.1/13724] INFO  segmented.SegmentedRaftLogWorker (SegmentedRaftLogWorker.java:close(236)) - omNode-2@group-523986131536-SegmentedRaftLogWorker close()
2021-01-18 04:01:22,430 [Listener at 127.0.0.1/13724] INFO  metrics.RatisMetrics (RatisMetrics.java:unregister(43)) - Unregistering Metrics Registry : ratis.log_worker.omNode-2@group-523986131536
2021-01-18 04:01:22,430 [Listener at 127.0.0.1/13724] INFO  metrics.RatisMetrics (RatisMetrics.java:unregister(43)) - Unregistering Metrics Registry : ratis.leader_election.omNode-2@group-523986131536
2021-01-18 04:01:22,430 [Listener at 127.0.0.1/13724] INFO  metrics.RatisMetrics (RatisMetrics.java:unregister(43)) - Unregistering Metrics Registry : ratis.server.omNode-2@group-523986131536
2021-01-18 04:01:22,430 [Listener at 127.0.0.1/13724] INFO  server.GrpcService (GrpcService.java:closeImpl(183)) - omNode-2: shutdown server with port 13722 now
2021-01-18 04:01:22,432 [Listener at 127.0.0.1/13724] INFO  server.GrpcService (GrpcService.java:closeImpl(192)) - omNode-2: shutdown server with port 13722 successfully
2021-01-18 04:01:22,432 [org.apache.ratis.util.JvmPauseMonitor$$Lambda$305/835819020@3f760c6a] INFO  util.JvmPauseMonitor (JvmPauseMonitor.java:run(109)) - JvmPauseMonitor-omNode-2: Stopped
2021-01-18 04:01:22,432 [Listener at 127.0.0.1/13724] INFO  ratis.OzoneManagerDoubleBuffer (OzoneManagerDoubleBuffer.java:stop(425)) - Stopping OMDoubleBuffer flush thread
2021-01-18 04:01:22,432 [OMDoubleBufferFlushThread] INFO  ratis.OzoneManagerDoubleBuffer (OzoneManagerDoubleBuffer.java:flushTransactions(352)) - OMDoubleBuffer flush thread OMDoubleBufferFlushThread is interrupted and will exit. OMDoubleBufferFlushThread
2021-01-18 04:01:22,432 [Listener at 127.0.0.1/13724] INFO  ratis.OzoneManagerStateMachine (HadoopExecutors.java:shutdown(118)) - Gracefully shutting down executor service. Waiting max 5 SECONDS
2021-01-18 04:01:22,432 [Listener at 127.0.0.1/13724] INFO  ratis.OzoneManagerStateMachine (HadoopExecutors.java:shutdown(129)) - Succesfully shutdown executor service
2021-01-18 04:01:22,433 [Listener at 127.0.0.1/13724] INFO  ratis.OzoneManagerStateMachine (HadoopExecutors.java:shutdown(118)) - Gracefully shutting down executor service. Waiting max 5 SECONDS
2021-01-18 04:01:22,433 [Listener at 127.0.0.1/13724] INFO  ratis.OzoneManagerStateMachine (HadoopExecutors.java:shutdown(129)) - Succesfully shutdown executor service
2021-01-18 04:01:22,433 [Listener at 127.0.0.1/13724] INFO  utils.BackgroundService (BackgroundService.java:shutdown(132)) - Shutting down service KeyDeletingService
2021-01-18 04:01:22,433 [Listener at 127.0.0.1/13724] INFO  handler.ContextHandler (ContextHandler.java:doStop(1154)) - Stopped o.e.j.w.WebAppContext@52dbc571{ozoneManager,/,null,STOPPED}{file:/github/workspace/mnt/ozone/hadoop-ozone/integration-test/target/test-classes/webapps/ozoneManager}
2021-01-18 04:01:22,434 [Listener at 127.0.0.1/13724] INFO  server.AbstractConnector (AbstractConnector.java:doStop(381)) - Stopped ServerConnector@18c6b172{HTTP/1.1, (http/1.1)}{0.0.0.0:13720}
2021-01-18 04:01:22,434 [Listener at 127.0.0.1/13724] INFO  server.session (HouseKeeper.java:stopScavenging(149)) - node0 Stopped scavenging
2021-01-18 04:01:22,434 [Listener at 127.0.0.1/13724] INFO  handler.ContextHandler (ContextHandler.java:doStop(1154)) - Stopped o.e.j.s.ServletContextHandler@375b5a3f{static,/static,file:///github/workspace/mnt/ozone/hadoop-ozone/integration-test/target/test-classes/webapps/static,STOPPED}
2021-01-18 04:01:22,434 [Listener at 127.0.0.1/13724] INFO  handler.ContextHandler (ContextHandler.java:doStop(1154)) - Stopped o.e.j.s.ServletContextHandler@6a7d7a10{logs,/logs,file:///github/workspace/mnt/ozone/hadoop-ozone/integration-test/target/log,STOPPED}
2021-01-18 04:01:22,436 [Listener at 127.0.0.1/13724] INFO  ozone.MiniOzoneClusterImpl (MiniOzoneClusterImpl.java:stop(404)) - Stopping the Mini Ozone Cluster
2021-01-18 04:01:22,436 [Listener at 127.0.0.1/13724] INFO  ozone.MiniOzoneClusterImpl (MiniOzoneClusterImpl.java:stopDatanodes(463)) - Stopping the HddsDatanodes
2021-01-18 04:01:22,547 [Datanode State Machine Thread - 0] INFO  statemachine.DatanodeStateMachine (DatanodeStateMachine.java:lambda$startDaemon$0(408)) - Ozone container server started.
2021-01-18 04:01:23,201 [Datanode State Machine Thread - 0] INFO  statemachine.DatanodeStateMachine (DatanodeStateMachine.java:lambda$startDaemon$0(408)) - Ozone container server started.
2021-01-18 04:01:27,438 [ForkJoinPool.commonPool-worker-0] INFO  ozoneimpl.OzoneContainer (OzoneContainer.java:stop(273)) - Attempting to stop container services.
2021-01-18 04:01:27,438 [Listener at 127.0.0.1/13724] INFO  ozoneimpl.OzoneContainer (OzoneContainer.java:stop(273)) - Attempting to stop container services.
2021-01-18 04:01:27,439 [ForkJoinPool.commonPool-worker-0] INFO  server.RaftServer (RaftServerProxy.java:lambda$close$6(389)) - df0f9015-da7a-4d9e-bc36-4c543188710b: close
2021-01-18 04:01:27,439 [ForkJoinPool.commonPool-worker-0] INFO  server.RaftServer$Division (RaftServerImpl.java:lambda$close$4(405)) - df0f9015-da7a-4d9e-bc36-4c543188710b@group-6A777A24D5AB: shutdown
2021-01-18 04:01:27,439 [ForkJoinPool.commonPool-worker-0] INFO  util.JmxRegister (JmxRegister.java:unregister(73)) - Successfully un-registered JMX Bean with object name Ratis:service=RaftServer,group=group-6A777A24D5AB,id=df0f9015-da7a-4d9e-bc36-4c543188710b
2021-01-18 04:01:27,439 [ForkJoinPool.commonPool-worker-0] INFO  impl.RoleInfo (RoleInfo.java:shutdownLeaderState(91)) - df0f9015-da7a-4d9e-bc36-4c543188710b: shutdown df0f9015-da7a-4d9e-bc36-4c543188710b@group-6A777A24D5AB-LeaderStateImpl
2021-01-18 04:01:27,440 [Listener at 127.0.0.1/13724] INFO  server.RaftServer (RaftServerProxy.java:lambda$close$6(389)) - 418e6855-184b-4135-9b3f-1bec60925ac4: close
2021-01-18 04:01:27,440 [Listener at 127.0.0.1/13724] INFO  server.RaftServer$Division (RaftServerImpl.java:lambda$close$4(405)) - 418e6855-184b-4135-9b3f-1bec60925ac4@group-632E4C200255: shutdown
2021-01-18 04:01:27,441 [Listener at 127.0.0.1/13724] INFO  util.JmxRegister (JmxRegister.java:unregister(73)) - Successfully un-registered JMX Bean with object name Ratis:service=RaftServer,group=group-632E4C200255,id=418e6855-184b-4135-9b3f-1bec60925ac4
2021-01-18 04:01:27,441 [Listener at 127.0.0.1/13724] INFO  impl.RoleInfo (RoleInfo.java:shutdownLeaderState(91)) - 418e6855-184b-4135-9b3f-1bec60925ac4: shutdown 418e6855-184b-4135-9b3f-1bec60925ac4@group-632E4C200255-LeaderStateImpl
2021-01-18 04:01:27,441 [Listener at 127.0.0.1/13724] INFO  impl.PendingRequests (PendingRequests.java:sendNotLeaderResponses(249)) - 418e6855-184b-4135-9b3f-1bec60925ac4@group-632E4C200255-PendingRequests: sendNotLeaderResponses
2021-01-18 04:01:27,441 [Listener at 127.0.0.1/13724] INFO  metrics.RatisMetrics (RatisMetrics.java:unregister(43)) - Unregistering Metrics Registry : ratis.log_appender.418e6855-184b-4135-9b3f-1bec60925ac4@group-632E4C200255
2021-01-18 04:01:27,441 [Listener at 127.0.0.1/13724] INFO  metrics.RatisMetrics (RatisMetrics.java:unregister(43)) - Unregistering Metrics Registry : ratis.server.418e6855-184b-4135-9b3f-1bec60925ac4@group-632E4C200255
2021-01-18 04:01:27,442 [Listener at 127.0.0.1/13724] INFO  impl.StateMachineUpdater (StateMachineUpdater.java:stopAndJoin(148)) - 418e6855-184b-4135-9b3f-1bec60925ac4@group-632E4C200255-StateMachineUpdater: set stopIndex = 0
2021-01-18 04:01:27,440 [ForkJoinPool.commonPool-worker-0] INFO  impl.PendingRequests (PendingRequests.java:sendNotLeaderResponses(249)) - df0f9015-da7a-4d9e-bc36-4c543188710b@group-6A777A24D5AB-PendingRequests: sendNotLeaderResponses
2021-01-18 04:01:27,442 [ForkJoinPool.commonPool-worker-0] INFO  metrics.RatisMetrics (RatisMetrics.java:unregister(43)) - Unregistering Metrics Registry : ratis.log_appender.df0f9015-da7a-4d9e-bc36-4c543188710b@group-6A777A24D5AB
2021-01-18 04:01:27,442 [ForkJoinPool.commonPool-worker-0] INFO  metrics.RatisMetrics (RatisMetrics.java:unregister(43)) - Unregistering Metrics Registry : ratis.server.df0f9015-da7a-4d9e-bc36-4c543188710b@group-6A777A24D5AB
2021-01-18 04:01:27,443 [df0f9015-da7a-4d9e-bc36-4c543188710b@group-6A777A24D5AB-StateMachineUpdater] INFO  ratis.ContainerStateMachine (ContainerStateMachine.java:takeSnapshot(291)) - group-6A777A24D5AB: Taking a snapshot at:(t:1, i:0) file /github/workspace/mnt/ozone/hadoop-ozone/integration-test/target/test-dir/MiniOzoneClusterImpl-5bc51996-b728-448b-b7ee-2f27b8cece2b/datanode-0/data/ratis/4a28f9b1-a365-4007-a6f4-6a777a24d5ab/sm/snapshot.1_0
2021-01-18 04:01:27,444 [418e6855-184b-4135-9b3f-1bec60925ac4@group-632E4C200255-StateMachineUpdater] INFO  ratis.ContainerStateMachine (ContainerStateMachine.java:takeSnapshot(291)) - group-632E4C200255: Taking a snapshot at:(t:1, i:0) file /github/workspace/mnt/ozone/hadoop-ozone/integration-test/target/test-dir/MiniOzoneClusterImpl-5bc51996-b728-448b-b7ee-2f27b8cece2b/datanode-1/data/ratis/72c2bb14-7c69-4b8a-97d7-632e4c200255/sm/snapshot.1_0
2021-01-18 04:01:27,447 [ForkJoinPool.commonPool-worker-0] INFO  impl.StateMachineUpdater (StateMachineUpdater.java:stopAndJoin(148)) - df0f9015-da7a-4d9e-bc36-4c543188710b@group-6A777A24D5AB-StateMachineUpdater: set stopIndex = 0
2021-01-18 04:01:27,502 [df0f9015-da7a-4d9e-bc36-4c543188710b@group-6A777A24D5AB-StateMachineUpdater] INFO  ratis.ContainerStateMachine (ContainerStateMachine.java:takeSnapshot(302)) - group-6A777A24D5AB: Finished taking a snapshot at:(t:1, i:0) file:/github/workspace/mnt/ozone/hadoop-ozone/integration-test/target/test-dir/MiniOzoneClusterImpl-5bc51996-b728-448b-b7ee-2f27b8cece2b/datanode-0/data/ratis/4a28f9b1-a365-4007-a6f4-6a777a24d5ab/sm/snapshot.1_0 took: 59 ms
2021-01-18 04:01:27,502 [418e6855-184b-4135-9b3f-1bec60925ac4@group-632E4C200255-StateMachineUpdater] INFO  ratis.ContainerStateMachine (ContainerStateMachine.java:takeSnapshot(302)) - group-632E4C200255: Finished taking a snapshot at:(t:1, i:0) file:/github/workspace/mnt/ozone/hadoop-ozone/integration-test/target/test-dir/MiniOzoneClusterImpl-5bc51996-b728-448b-b7ee-2f27b8cece2b/datanode-1/data/ratis/72c2bb14-7c69-4b8a-97d7-632e4c200255/sm/snapshot.1_0 took: 58 ms
2021-01-18 04:01:27,503 [df0f9015-da7a-4d9e-bc36-4c543188710b@group-6A777A24D5AB-StateMachineUpdater] INFO  impl.StateMachineUpdater (StateMachineUpdater.java:takeSnapshot(279)) - df0f9015-da7a-4d9e-bc36-4c543188710b@group-6A777A24D5AB-StateMachineUpdater: Took a snapshot at index 0
2021-01-18 04:01:27,503 [df0f9015-da7a-4d9e-bc36-4c543188710b@group-6A777A24D5AB-StateMachineUpdater] INFO  impl.StateMachineUpdater (StateMachineUpdater.java:lambda$new$0(88)) - df0f9015-da7a-4d9e-bc36-4c543188710b@group-6A777A24D5AB-StateMachineUpdater: snapshotIndex: updateIncreasingly -1 -> 0
2021-01-18 04:01:27,503 [418e6855-184b-4135-9b3f-1bec60925ac4@group-632E4C200255-StateMachineUpdater] INFO  impl.StateMachineUpdater (StateMachineUpdater.java:takeSnapshot(279)) - 418e6855-184b-4135-9b3f-1bec60925ac4@group-632E4C200255-StateMachineUpdater: Took a snapshot at index 0
2021-01-18 04:01:27,504 [418e6855-184b-4135-9b3f-1bec60925ac4@group-632E4C200255-StateMachineUpdater] INFO  impl.StateMachineUpdater (StateMachineUpdater.java:lambda$new$0(88)) - 418e6855-184b-4135-9b3f-1bec60925ac4@group-632E4C200255-StateMachineUpdater: snapshotIndex: updateIncreasingly -1 -> 0
2021-01-18 04:01:27,508 [418e6855-184b-4135-9b3f-1bec60925ac4@group-632E4C200255-StateMachineUpdater] INFO  metrics.RatisMetrics (RatisMetrics.java:unregister(43)) - Unregistering Metrics Registry : ratis.state_machine.418e6855-184b-4135-9b3f-1bec60925ac4@group-632E4C200255
2021-01-18 04:01:27,508 [Listener at 127.0.0.1/13724] INFO  server.RaftServer$Division (ServerState.java:close(400)) - 418e6855-184b-4135-9b3f-1bec60925ac4@group-632E4C200255: closes. applyIndex: 0
2021-01-18 04:01:27,509 [df0f9015-da7a-4d9e-bc36-4c543188710b@group-6A777A24D5AB-StateMachineUpdater] INFO  metrics.RatisMetrics (RatisMetrics.java:unregister(43)) - Unregistering Metrics Registry : ratis.state_machine.df0f9015-da7a-4d9e-bc36-4c543188710b@group-6A777A24D5AB
2021-01-18 04:01:27,509 [418e6855-184b-4135-9b3f-1bec60925ac4@group-632E4C200255-SegmentedRaftLogWorker] INFO  segmented.SegmentedRaftLogWorker (SegmentedRaftLogWorker.java:run(326)) - 418e6855-184b-4135-9b3f-1bec60925ac4@group-632E4C200255-SegmentedRaftLogWorker was interrupted, exiting. There are 0 tasks remaining in the queue.
2021-01-18 04:01:27,509 [ForkJoinPool.commonPool-worker-0] INFO  server.RaftServer$Division (ServerState.java:close(400)) - df0f9015-da7a-4d9e-bc36-4c543188710b@group-6A777A24D5AB: closes. applyIndex: 0
2021-01-18 04:01:27,511 [df0f9015-da7a-4d9e-bc36-4c543188710b@group-6A777A24D5AB-SegmentedRaftLogWorker] INFO  segmented.SegmentedRaftLogWorker (SegmentedRaftLogWorker.java:run(326)) - df0f9015-da7a-4d9e-bc36-4c543188710b@group-6A777A24D5AB-SegmentedRaftLogWorker was interrupted, exiting. There are 0 tasks remaining in the queue.
2021-01-18 04:01:27,511 [ForkJoinPool.commonPool-worker-0] INFO  segmented.SegmentedRaftLogWorker (SegmentedRaftLogWorker.java:close(236)) - df0f9015-da7a-4d9e-bc36-4c543188710b@group-6A777A24D5AB-SegmentedRaftLogWorker close()
2021-01-18 04:01:27,512 [Listener at 127.0.0.1/13724] INFO  segmented.SegmentedRaftLogWorker (SegmentedRaftLogWorker.java:close(236)) - 418e6855-184b-4135-9b3f-1bec60925ac4@group-632E4C200255-SegmentedRaftLogWorker close()
2021-01-18 04:01:27,512 [ForkJoinPool.commonPool-worker-0] INFO  metrics.RatisMetrics (RatisMetrics.java:unregister(43)) - Unregistering Metrics Registry : ratis.log_worker.df0f9015-da7a-4d9e-bc36-4c543188710b@group-6A777A24D5AB
2021-01-18 04:01:27,513 [ForkJoinPool.commonPool-worker-0] INFO  metrics.RatisMetrics (RatisMetrics.java:unregister(43)) - Unregistering Metrics Registry : ratis.leader_election.df0f9015-da7a-4d9e-bc36-4c543188710b@group-6A777A24D5AB
2021-01-18 04:01:27,513 [ForkJoinPool.commonPool-worker-0] INFO  metrics.RatisMetrics (RatisMetrics.java:unregister(43)) - Unregistering Metrics Registry : ratis.server.df0f9015-da7a-4d9e-bc36-4c543188710b@group-6A777A24D5AB
2021-01-18 04:01:27,513 [ForkJoinPool.commonPool-worker-0] INFO  server.RaftServer$Division (RaftServerImpl.java:lambda$close$4(405)) - df0f9015-da7a-4d9e-bc36-4c543188710b@group-C715DC14BD3A: shutdown
2021-01-18 04:01:27,513 [ForkJoinPool.commonPool-worker-0] INFO  util.JmxRegister (JmxRegister.java:unregister(73)) - Successfully un-registered JMX Bean with object name Ratis:service=RaftServer,group=group-C715DC14BD3A,id=df0f9015-da7a-4d9e-bc36-4c543188710b
2021-01-18 04:01:27,513 [ForkJoinPool.commonPool-worker-0] INFO  impl.RoleInfo (RoleInfo.java:shutdownFollowerState(108)) - df0f9015-da7a-4d9e-bc36-4c543188710b: shutdown df0f9015-da7a-4d9e-bc36-4c543188710b@group-C715DC14BD3A-FollowerState
2021-01-18 04:01:27,513 [ForkJoinPool.commonPool-worker-0] INFO  impl.StateMachineUpdater (StateMachineUpdater.java:stopAndJoin(148)) - df0f9015-da7a-4d9e-bc36-4c543188710b@group-C715DC14BD3A-StateMachineUpdater: set stopIndex = 0
2021-01-18 04:01:27,513 [Thread-333] INFO  impl.FollowerState (FollowerState.java:run(142)) - df0f9015-da7a-4d9e-bc36-4c543188710b@group-C715DC14BD3A-FollowerState was interrupted: {}
java.lang.InterruptedException: sleep interrupted
	at java.lang.Thread.sleep(Native Method)
	at java.lang.Thread.sleep(Thread.java:340)
	at java.util.concurrent.TimeUnit.sleep(TimeUnit.java:386)
	at org.apache.ratis.util.TimeDuration.sleep(TimeDuration.java:324)
	at org.apache.ratis.util.TimeDuration.sleep(TimeDuration.java:309)
	at org.apache.ratis.server.impl.FollowerState.run(FollowerState.java:117)
2021-01-18 04:01:27,513 [df0f9015-da7a-4d9e-bc36-4c543188710b@group-C715DC14BD3A-StateMachineUpdater] INFO  ratis.ContainerStateMachine (ContainerStateMachine.java:takeSnapshot(291)) - group-C715DC14BD3A: Taking a snapshot at:(t:1, i:0) file /github/workspace/mnt/ozone/hadoop-ozone/integration-test/target/test-dir/MiniOzoneClusterImpl-5bc51996-b728-448b-b7ee-2f27b8cece2b/datanode-0/data/ratis/27ad5cbd-550a-4350-97ab-c715dc14bd3a/sm/snapshot.1_0
2021-01-18 04:01:27,513 [Listener at 127.0.0.1/13724] INFO  metrics.RatisMetrics (RatisMetrics.java:unregister(43)) - Unregistering Metrics Registry : ratis.log_worker.418e6855-184b-4135-9b3f-1bec60925ac4@group-632E4C200255
2021-01-18 04:01:27,514 [Listener at 127.0.0.1/13724] INFO  metrics.RatisMetrics (RatisMetrics.java:unregister(43)) - Unregistering Metrics Registry : ratis.leader_election.418e6855-184b-4135-9b3f-1bec60925ac4@group-632E4C200255
2021-01-18 04:01:27,514 [Listener at 127.0.0.1/13724] INFO  metrics.RatisMetrics (RatisMetrics.java:unregister(43)) - Unregistering Metrics Registry : ratis.server.418e6855-184b-4135-9b3f-1bec60925ac4@group-632E4C200255
2021-01-18 04:01:27,514 [Listener at 127.0.0.1/13724] INFO  server.RaftServer$Division (RaftServerImpl.java:lambda$close$4(405)) - 418e6855-184b-4135-9b3f-1bec60925ac4@group-C715DC14BD3A: shutdown
2021-01-18 04:01:27,514 [Listener at 127.0.0.1/13724] INFO  util.JmxRegister (JmxRegister.java:unregister(73)) - Successfully un-registered JMX Bean with object name Ratis:service=RaftServer,group=group-C715DC14BD3A,id=418e6855-184b-4135-9b3f-1bec60925ac4
2021-01-18 04:01:27,515 [Listener at 127.0.0.1/13724] INFO  impl.RoleInfo (RoleInfo.java:shutdownFollowerState(108)) - 418e6855-184b-4135-9b3f-1bec60925ac4: shutdown 418e6855-184b-4135-9b3f-1bec60925ac4@group-C715DC14BD3A-FollowerState
2021-01-18 04:01:27,515 [Listener at 127.0.0.1/13724] INFO  impl.StateMachineUpdater (StateMachineUpdater.java:stopAndJoin(148)) - 418e6855-184b-4135-9b3f-1bec60925ac4@group-C715DC14BD3A-StateMachineUpdater: set stopIndex = 0
2021-01-18 04:01:27,515 [Thread-334] INFO  impl.FollowerState (FollowerState.java:run(142)) - 418e6855-184b-4135-9b3f-1bec60925ac4@group-C715DC14BD3A-FollowerState was interrupted: {}
java.lang.InterruptedException: sleep interrupted
	at java.lang.Thread.sleep(Native Method)
	at java.lang.Thread.sleep(Thread.java:340)
	at java.util.concurrent.TimeUnit.sleep(TimeUnit.java:386)
	at org.apache.ratis.util.TimeDuration.sleep(TimeDuration.java:324)
	at org.apache.ratis.util.TimeDuration.sleep(TimeDuration.java:309)
	at org.apache.ratis.server.impl.FollowerState.run(FollowerState.java:117)
2021-01-18 04:01:27,514 [df0f9015-da7a-4d9e-bc36-4c543188710b@group-C715DC14BD3A-StateMachineUpdater] INFO  ratis.ContainerStateMachine (ContainerStateMachine.java:takeSnapshot(302)) - group-C715DC14BD3A: Finished taking a snapshot at:(t:1, i:0) file:/github/workspace/mnt/ozone/hadoop-ozone/integration-test/target/test-dir/MiniOzoneClusterImpl-5bc51996-b728-448b-b7ee-2f27b8cece2b/datanode-0/data/ratis/27ad5cbd-550a-4350-97ab-c715dc14bd3a/sm/snapshot.1_0 took: 1 ms
2021-01-18 04:01:27,515 [418e6855-184b-4135-9b3f-1bec60925ac4@group-C715DC14BD3A-StateMachineUpdater] INFO  ratis.ContainerStateMachine (ContainerStateMachine.java:takeSnapshot(291)) - group-C715DC14BD3A: Taking a snapshot at:(t:1, i:0) file /github/workspace/mnt/ozone/hadoop-ozone/integration-test/target/test-dir/MiniOzoneClusterImpl-5bc51996-b728-448b-b7ee-2f27b8cece2b/datanode-1/data/ratis/27ad5cbd-550a-4350-97ab-c715dc14bd3a/sm/snapshot.1_0
2021-01-18 04:01:27,515 [df0f9015-da7a-4d9e-bc36-4c543188710b@group-C715DC14BD3A-StateMachineUpdater] INFO  impl.StateMachineUpdater (StateMachineUpdater.java:takeSnapshot(279)) - df0f9015-da7a-4d9e-bc36-4c543188710b@group-C715DC14BD3A-StateMachineUpdater: Took a snapshot at index 0
2021-01-18 04:01:27,515 [df0f9015-da7a-4d9e-bc36-4c543188710b@group-C715DC14BD3A-StateMachineUpdater] INFO  impl.StateMachineUpdater (StateMachineUpdater.java:lambda$new$0(88)) - df0f9015-da7a-4d9e-bc36-4c543188710b@group-C715DC14BD3A-StateMachineUpdater: snapshotIndex: updateIncreasingly -1 -> 0
2021-01-18 04:01:27,515 [df0f9015-da7a-4d9e-bc36-4c543188710b@group-C715DC14BD3A-StateMachineUpdater] INFO  metrics.RatisMetrics (RatisMetrics.java:unregister(43)) - Unregistering Metrics Registry : ratis.state_machine.df0f9015-da7a-4d9e-bc36-4c543188710b@group-C715DC14BD3A
2021-01-18 04:01:27,516 [418e6855-184b-4135-9b3f-1bec60925ac4@group-C715DC14BD3A-StateMachineUpdater] INFO  ratis.ContainerStateMachine (ContainerStateMachine.java:takeSnapshot(302)) - group-C715DC14BD3A: Finished taking a snapshot at:(t:1, i:0) file:/github/workspace/mnt/ozone/hadoop-ozone/integration-test/target/test-dir/MiniOzoneClusterImpl-5bc51996-b728-448b-b7ee-2f27b8cece2b/datanode-1/data/ratis/27ad5cbd-550a-4350-97ab-c715dc14bd3a/sm/snapshot.1_0 took: 1 ms
2021-01-18 04:01:27,516 [ForkJoinPool.commonPool-worker-0] INFO  server.RaftServer$Division (ServerState.java:close(400)) - df0f9015-da7a-4d9e-bc36-4c543188710b@group-C715DC14BD3A: closes. applyIndex: 0
2021-01-18 04:01:27,516 [418e6855-184b-4135-9b3f-1bec60925ac4@group-C715DC14BD3A-StateMachineUpdater] INFO  impl.StateMachineUpdater (StateMachineUpdater.java:takeSnapshot(279)) - 418e6855-184b-4135-9b3f-1bec60925ac4@group-C715DC14BD3A-StateMachineUpdater: Took a snapshot at index 0
2021-01-18 04:01:27,516 [418e6855-184b-4135-9b3f-1bec60925ac4@group-C715DC14BD3A-StateMachineUpdater] INFO  impl.StateMachineUpdater (StateMachineUpdater.java:lambda$new$0(88)) - 418e6855-184b-4135-9b3f-1bec60925ac4@group-C715DC14BD3A-StateMachineUpdater: snapshotIndex: updateIncreasingly -1 -> 0
2021-01-18 04:01:27,516 [df0f9015-da7a-4d9e-bc36-4c543188710b@group-C715DC14BD3A-SegmentedRaftLogWorker] INFO  segmented.SegmentedRaftLogWorker (SegmentedRaftLogWorker.java:run(326)) - df0f9015-da7a-4d9e-bc36-4c543188710b@group-C715DC14BD3A-SegmentedRaftLogWorker was interrupted, exiting. There are 0 tasks remaining in the queue.
2021-01-18 04:01:27,516 [418e6855-184b-4135-9b3f-1bec60925ac4@group-C715DC14BD3A-StateMachineUpdater] INFO  metrics.RatisMetrics (RatisMetrics.java:unregister(43)) - Unregistering Metrics Registry : ratis.state_machine.418e6855-184b-4135-9b3f-1bec60925ac4@group-C715DC14BD3A
2021-01-18 04:01:27,516 [ForkJoinPool.commonPool-worker-0] INFO  segmented.SegmentedRaftLogWorker (SegmentedRaftLogWorker.java:close(236)) - df0f9015-da7a-4d9e-bc36-4c543188710b@group-C715DC14BD3A-SegmentedRaftLogWorker close()
2021-01-18 04:01:27,516 [Listener at 127.0.0.1/13724] INFO  server.RaftServer$Division (ServerState.java:close(400)) - 418e6855-184b-4135-9b3f-1bec60925ac4@group-C715DC14BD3A: closes. applyIndex: 0
2021-01-18 04:01:27,516 [418e6855-184b-4135-9b3f-1bec60925ac4@group-C715DC14BD3A-SegmentedRaftLogWorker] INFO  segmented.SegmentedRaftLogWorker (SegmentedRaftLogWorker.java:run(326)) - 418e6855-184b-4135-9b3f-1bec60925ac4@group-C715DC14BD3A-SegmentedRaftLogWorker was interrupted, exiting. There are 0 tasks remaining in the queue.
2021-01-18 04:01:27,517 [Listener at 127.0.0.1/13724] INFO  segmented.SegmentedRaftLogWorker (SegmentedRaftLogWorker.java:close(236)) - 418e6855-184b-4135-9b3f-1bec60925ac4@group-C715DC14BD3A-SegmentedRaftLogWorker close()
2021-01-18 04:01:27,518 [ForkJoinPool.commonPool-worker-0] INFO  metrics.RatisMetrics (RatisMetrics.java:unregister(43)) - Unregistering Metrics Registry : ratis.log_worker.df0f9015-da7a-4d9e-bc36-4c543188710b@group-C715DC14BD3A
2021-01-18 04:01:27,518 [ForkJoinPool.commonPool-worker-0] INFO  metrics.RatisMetrics (RatisMetrics.java:unregister(43)) - Unregistering Metrics Registry : ratis.leader_election.df0f9015-da7a-4d9e-bc36-4c543188710b@group-C715DC14BD3A
2021-01-18 04:01:27,518 [ForkJoinPool.commonPool-worker-0] INFO  metrics.RatisMetrics (RatisMetrics.java:unregister(43)) - Unregistering Metrics Registry : ratis.server.df0f9015-da7a-4d9e-bc36-4c543188710b@group-C715DC14BD3A
2021-01-18 04:01:27,518 [ForkJoinPool.commonPool-worker-0] INFO  server.RaftServer$Division (RaftServerImpl.java:lambda$close$4(405)) - df0f9015-da7a-4d9e-bc36-4c543188710b@group-441A50764A11: shutdown
2021-01-18 04:01:27,518 [ForkJoinPool.commonPool-worker-0] INFO  util.JmxRegister (JmxRegister.java:unregister(73)) - Successfully un-registered JMX Bean with object name Ratis:service=RaftServer,group=group-441A50764A11,id=df0f9015-da7a-4d9e-bc36-4c543188710b
2021-01-18 04:01:27,518 [ForkJoinPool.commonPool-worker-0] INFO  impl.RoleInfo (RoleInfo.java:shutdownFollowerState(108)) - df0f9015-da7a-4d9e-bc36-4c543188710b: shutdown df0f9015-da7a-4d9e-bc36-4c543188710b@group-441A50764A11-FollowerState
2021-01-18 04:01:27,519 [Listener at 127.0.0.1/13724] INFO  metrics.RatisMetrics (RatisMetrics.java:unregister(43)) - Unregistering Metrics Registry : ratis.log_worker.418e6855-184b-4135-9b3f-1bec60925ac4@group-C715DC14BD3A
2021-01-18 04:01:27,519 [Listener at 127.0.0.1/13724] INFO  metrics.RatisMetrics (RatisMetrics.java:unregister(43)) - Unregistering Metrics Registry : ratis.leader_election.418e6855-184b-4135-9b3f-1bec60925ac4@group-C715DC14BD3A
2021-01-18 04:01:27,519 [Listener at 127.0.0.1/13724] INFO  metrics.RatisMetrics (RatisMetrics.java:unregister(43)) - Unregistering Metrics Registry : ratis.server.418e6855-184b-4135-9b3f-1bec60925ac4@group-C715DC14BD3A
2021-01-18 04:01:27,519 [Listener at 127.0.0.1/13724] INFO  server.RaftServer$Division (RaftServerImpl.java:lambda$close$4(405)) - 418e6855-184b-4135-9b3f-1bec60925ac4@group-441A50764A11: shutdown
2021-01-18 04:01:27,519 [Listener at 127.0.0.1/13724] INFO  util.JmxRegister (JmxRegister.java:unregister(73)) - Successfully un-registered JMX Bean with object name Ratis:service=RaftServer,group=group-441A50764A11,id=418e6855-184b-4135-9b3f-1bec60925ac4
2021-01-18 04:01:27,519 [Listener at 127.0.0.1/13724] INFO  impl.RoleInfo (RoleInfo.java:shutdownLeaderState(91)) - 418e6855-184b-4135-9b3f-1bec60925ac4: shutdown 418e6855-184b-4135-9b3f-1bec60925ac4@group-441A50764A11-LeaderStateImpl
2021-01-18 04:01:27,519 [Listener at 127.0.0.1/13724] INFO  metrics.RatisMetrics (RatisMetrics.java:unregister(43)) - Unregistering Metrics Registry : ratis_grpc.log_appender.418e6855-184b-4135-9b3f-1bec60925ac4@group-441A50764A11
2021-01-18 04:01:27,520 [ForkJoinPool.commonPool-worker-0] INFO  impl.StateMachineUpdater (StateMachineUpdater.java:stopAndJoin(148)) - df0f9015-da7a-4d9e-bc36-4c543188710b@group-441A50764A11-StateMachineUpdater: set stopIndex = 0
2021-01-18 04:01:27,520 [df0f9015-da7a-4d9e-bc36-4c543188710b@group-441A50764A11-StateMachineUpdater] INFO  ratis.ContainerStateMachine (ContainerStateMachine.java:takeSnapshot(291)) - group-441A50764A11: Taking a snapshot at:(t:1, i:0) file /github/workspace/mnt/ozone/hadoop-ozone/integration-test/target/test-dir/MiniOzoneClusterImpl-5bc51996-b728-448b-b7ee-2f27b8cece2b/datanode-0/data/ratis/4570ca6b-7f19-4027-8dc5-441a50764a11/sm/snapshot.1_0
2021-01-18 04:01:27,519 [Thread-308] INFO  impl.FollowerState (FollowerState.java:run(142)) - df0f9015-da7a-4d9e-bc36-4c543188710b@group-441A50764A11-FollowerState was interrupted: {}
java.lang.InterruptedException: sleep interrupted
	at java.lang.Thread.sleep(Native Method)
	at java.lang.Thread.sleep(Thread.java:340)
	at java.util.concurrent.TimeUnit.sleep(TimeUnit.java:386)
	at org.apache.ratis.util.TimeDuration.sleep(TimeDuration.java:324)
	at org.apache.ratis.util.TimeDuration.sleep(TimeDuration.java:309)
	at org.apache.ratis.server.impl.FollowerState.run(FollowerState.java:117)
2021-01-18 04:01:27,521 [df0f9015-da7a-4d9e-bc36-4c543188710b@group-441A50764A11-StateMachineUpdater] INFO  ratis.ContainerStateMachine (ContainerStateMachine.java:takeSnapshot(302)) - group-441A50764A11: Finished taking a snapshot at:(t:1, i:0) file:/github/workspace/mnt/ozone/hadoop-ozone/integration-test/target/test-dir/MiniOzoneClusterImpl-5bc51996-b728-448b-b7ee-2f27b8cece2b/datanode-0/data/ratis/4570ca6b-7f19-4027-8dc5-441a50764a11/sm/snapshot.1_0 took: 1 ms
2021-01-18 04:01:27,528 [df0f9015-da7a-4d9e-bc36-4c543188710b@group-441A50764A11-StateMachineUpdater] INFO  impl.StateMachineUpdater (StateMachineUpdater.java:takeSnapshot(279)) - df0f9015-da7a-4d9e-bc36-4c543188710b@group-441A50764A11-StateMachineUpdater: Took a snapshot at index 0
2021-01-18 04:01:27,528 [df0f9015-da7a-4d9e-bc36-4c543188710b@group-441A50764A11-StateMachineUpdater] INFO  impl.StateMachineUpdater (StateMachineUpdater.java:lambda$new$0(88)) - df0f9015-da7a-4d9e-bc36-4c543188710b@group-441A50764A11-StateMachineUpdater: snapshotIndex: updateIncreasingly -1 -> 0
2021-01-18 04:01:27,528 [df0f9015-da7a-4d9e-bc36-4c543188710b@group-441A50764A11-StateMachineUpdater] INFO  metrics.RatisMetrics (RatisMetrics.java:unregister(43)) - Unregistering Metrics Registry : ratis.state_machine.df0f9015-da7a-4d9e-bc36-4c543188710b@group-441A50764A11
2021-01-18 04:01:27,528 [ForkJoinPool.commonPool-worker-0] INFO  server.RaftServer$Division (ServerState.java:close(400)) - df0f9015-da7a-4d9e-bc36-4c543188710b@group-441A50764A11: closes. applyIndex: 0
2021-01-18 04:01:27,528 [df0f9015-da7a-4d9e-bc36-4c543188710b@group-441A50764A11-SegmentedRaftLogWorker] INFO  segmented.SegmentedRaftLogWorker (SegmentedRaftLogWorker.java:run(326)) - df0f9015-da7a-4d9e-bc36-4c543188710b@group-441A50764A11-SegmentedRaftLogWorker was interrupted, exiting. There are 0 tasks remaining in the queue.
2021-01-18 04:01:27,528 [ForkJoinPool.commonPool-worker-0] INFO  segmented.SegmentedRaftLogWorker (SegmentedRaftLogWorker.java:close(236)) - df0f9015-da7a-4d9e-bc36-4c543188710b@group-441A50764A11-SegmentedRaftLogWorker close()
2021-01-18 04:01:27,529 [Listener at 127.0.0.1/13724] INFO  metrics.RatisMetrics (RatisMetrics.java:unregister(43)) - Unregistering Metrics Registry : ratis_grpc.log_appender.418e6855-184b-4135-9b3f-1bec60925ac4@group-441A50764A11
2021-01-18 04:01:27,529 [418e6855-184b-4135-9b3f-1bec60925ac4@group-441A50764A11->df0f9015-da7a-4d9e-bc36-4c543188710b-GrpcLogAppender-LogAppenderDaemon] WARN  server.GrpcLogAppender (GrpcLogAppender.java:mayWait(175)) - 418e6855-184b-4135-9b3f-1bec60925ac4@group-441A50764A11->df0f9015-da7a-4d9e-bc36-4c543188710b-GrpcLogAppender: Wait interrupted by java.lang.InterruptedException
2021-01-18 04:01:27,529 [Listener at 127.0.0.1/13724] INFO  impl.PendingRequests (PendingRequests.java:sendNotLeaderResponses(249)) - 418e6855-184b-4135-9b3f-1bec60925ac4@group-441A50764A11-PendingRequests: sendNotLeaderResponses
2021-01-18 04:01:27,529 [Listener at 127.0.0.1/13724] INFO  metrics.RatisMetrics (RatisMetrics.java:unregister(43)) - Unregistering Metrics Registry : ratis.log_appender.418e6855-184b-4135-9b3f-1bec60925ac4@group-441A50764A11
2021-01-18 04:01:27,529 [Listener at 127.0.0.1/13724] INFO  metrics.RatisMetrics (RatisMetrics.java:unregister(43)) - Unregistering Metrics Registry : ratis.server.418e6855-184b-4135-9b3f-1bec60925ac4@group-441A50764A11
2021-01-18 04:01:27,530 [418e6855-184b-4135-9b3f-1bec60925ac4@group-441A50764A11-StateMachineUpdater] INFO  ratis.ContainerStateMachine (ContainerStateMachine.java:takeSnapshot(291)) - group-441A50764A11: Taking a snapshot at:(t:1, i:0) file /github/workspace/mnt/ozone/hadoop-ozone/integration-test/target/test-dir/MiniOzoneClusterImpl-5bc51996-b728-448b-b7ee-2f27b8cece2b/datanode-1/data/ratis/4570ca6b-7f19-4027-8dc5-441a50764a11/sm/snapshot.1_0
2021-01-18 04:01:27,530 [Listener at 127.0.0.1/13724] INFO  impl.StateMachineUpdater (StateMachineUpdater.java:stopAndJoin(148)) - 418e6855-184b-4135-9b3f-1bec60925ac4@group-441A50764A11-StateMachineUpdater: set stopIndex = 0
2021-01-18 04:01:27,531 [418e6855-184b-4135-9b3f-1bec60925ac4@group-441A50764A11-StateMachineUpdater] INFO  ratis.ContainerStateMachine (ContainerStateMachine.java:takeSnapshot(302)) - group-441A50764A11: Finished taking a snapshot at:(t:1, i:0) file:/github/workspace/mnt/ozone/hadoop-ozone/integration-test/target/test-dir/MiniOzoneClusterImpl-5bc51996-b728-448b-b7ee-2f27b8cece2b/datanode-1/data/ratis/4570ca6b-7f19-4027-8dc5-441a50764a11/sm/snapshot.1_0 took: 1 ms
2021-01-18 04:01:27,533 [418e6855-184b-4135-9b3f-1bec60925ac4@group-441A50764A11-StateMachineUpdater] INFO  impl.StateMachineUpdater (StateMachineUpdater.java:takeSnapshot(279)) - 418e6855-184b-4135-9b3f-1bec60925ac4@group-441A50764A11-StateMachineUpdater: Took a snapshot at index 0
2021-01-18 04:01:27,533 [418e6855-184b-4135-9b3f-1bec60925ac4@group-441A50764A11-StateMachineUpdater] INFO  impl.StateMachineUpdater (StateMachineUpdater.java:lambda$new$0(88)) - 418e6855-184b-4135-9b3f-1bec60925ac4@group-441A50764A11-StateMachineUpdater: snapshotIndex: updateIncreasingly -1 -> 0
2021-01-18 04:01:27,533 [418e6855-184b-4135-9b3f-1bec60925ac4@group-441A50764A11-StateMachineUpdater] INFO  metrics.RatisMetrics (RatisMetrics.java:unregister(43)) - Unregistering Metrics Registry : ratis.state_machine.418e6855-184b-4135-9b3f-1bec60925ac4@group-441A50764A11
2021-01-18 04:01:27,531 [grpc-default-executor-1] INFO  server.GrpcServerProtocolService (GrpcServerProtocolService.java:onCompleted(138)) - df0f9015-da7a-4d9e-bc36-4c543188710b: Completed APPEND_ENTRIES, lastRequest: 418e6855-184b-4135-9b3f-1bec60925ac4->df0f9015-da7a-4d9e-bc36-4c543188710b#1-t1,previous=(t:0, i:0),leaderCommit=0,initializing? true,entries: size=1, first=(t:1, i:0), CONFIGURATIONENTRY
2021-01-18 04:01:27,531 [418e6855-184b-4135-9b3f-1bec60925ac4@group-441A50764A11->f5800447-0e6f-4f9e-a68b-d392c1661b2f-GrpcLogAppender-LogAppenderDaemon] WARN  server.GrpcLogAppender (GrpcLogAppender.java:mayWait(175)) - 418e6855-184b-4135-9b3f-1bec60925ac4@group-441A50764A11->f5800447-0e6f-4f9e-a68b-d392c1661b2f-GrpcLogAppender: Wait interrupted by java.lang.InterruptedException
2021-01-18 04:01:27,534 [grpc-default-executor-2] INFO  server.GrpcServerProtocolService (GrpcServerProtocolService.java:onCompleted(138)) - f5800447-0e6f-4f9e-a68b-d392c1661b2f: Completed APPEND_ENTRIES, lastRequest: 418e6855-184b-4135-9b3f-1bec60925ac4->f5800447-0e6f-4f9e-a68b-d392c1661b2f#1-t1,previous=(t:0, i:0),leaderCommit=-1,initializing? true,entries: size=1, first=(t:1, i:0), CONFIGURATIONENTRY
2021-01-18 04:01:27,535 [grpc-default-executor-3] INFO  server.GrpcLogAppender (GrpcLogAppender.java:onCompleted(344)) - 418e6855-184b-4135-9b3f-1bec60925ac4@group-441A50764A11->df0f9015-da7a-4d9e-bc36-4c543188710b-AppendLogResponseHandler: follower responses appendEntries COMPLETED
2021-01-18 04:01:27,535 [grpc-default-executor-0] INFO  server.GrpcLogAppender (GrpcLogAppender.java:onCompleted(344)) - 418e6855-184b-4135-9b3f-1bec60925ac4@group-441A50764A11->f5800447-0e6f-4f9e-a68b-d392c1661b2f-AppendLogResponseHandler: follower responses appendEntries COMPLETED
2021-01-18 04:01:27,535 [grpc-default-executor-3] INFO  leader.FollowerInfo (FollowerInfoImpl.java:lambda$new$0(46)) - 418e6855-184b-4135-9b3f-1bec60925ac4@group-441A50764A11->df0f9015-da7a-4d9e-bc36-4c543188710b: nextIndex: updateUnconditionally 1 -> 0
2021-01-18 04:01:27,535 [grpc-default-executor-0] INFO  leader.FollowerInfo (FollowerInfoImpl.java:lambda$new$0(46)) - 418e6855-184b-4135-9b3f-1bec60925ac4@group-441A50764A11->f5800447-0e6f-4f9e-a68b-d392c1661b2f: nextIndex: updateUnconditionally 1 -> 0
2021-01-18 04:01:27,535 [Listener at 127.0.0.1/13724] INFO  server.RaftServer$Division (ServerState.java:close(400)) - 418e6855-184b-4135-9b3f-1bec60925ac4@group-441A50764A11: closes. applyIndex: 0
2021-01-18 04:01:27,535 [418e6855-184b-4135-9b3f-1bec60925ac4@group-441A50764A11-SegmentedRaftLogWorker] INFO  segmented.SegmentedRaftLogWorker (SegmentedRaftLogWorker.java:run(326)) - 418e6855-184b-4135-9b3f-1bec60925ac4@group-441A50764A11-SegmentedRaftLogWorker was interrupted, exiting. There are 0 tasks remaining in the queue.
2021-01-18 04:01:27,537 [Listener at 127.0.0.1/13724] INFO  segmented.SegmentedRaftLogWorker (SegmentedRaftLogWorker.java:close(236)) - 418e6855-184b-4135-9b3f-1bec60925ac4@group-441A50764A11-SegmentedRaftLogWorker close()
2021-01-18 04:01:27,538 [ForkJoinPool.commonPool-worker-0] INFO  metrics.RatisMetrics (RatisMetrics.java:unregister(43)) - Unregistering Metrics Registry : ratis.log_worker.df0f9015-da7a-4d9e-bc36-4c543188710b@group-441A50764A11
2021-01-18 04:01:27,538 [ForkJoinPool.commonPool-worker-0] INFO  metrics.RatisMetrics (RatisMetrics.java:unregister(43)) - Unregistering Metrics Registry : ratis.leader_election.df0f9015-da7a-4d9e-bc36-4c543188710b@group-441A50764A11
2021-01-18 04:01:27,538 [ForkJoinPool.commonPool-worker-0] INFO  metrics.RatisMetrics (RatisMetrics.java:unregister(43)) - Unregistering Metrics Registry : ratis.server.df0f9015-da7a-4d9e-bc36-4c543188710b@group-441A50764A11
2021-01-18 04:01:27,538 [ForkJoinPool.commonPool-worker-0] INFO  server.GrpcService (GrpcService.java:closeImpl(183)) - df0f9015-da7a-4d9e-bc36-4c543188710b: shutdown server with port 40651 now
2021-01-18 04:01:27,538 [Listener at 127.0.0.1/13724] INFO  metrics.RatisMetrics (RatisMetrics.java:unregister(43)) - Unregistering Metrics Registry : ratis.log_worker.418e6855-184b-4135-9b3f-1bec60925ac4@group-441A50764A11
2021-01-18 04:01:27,538 [Listener at 127.0.0.1/13724] INFO  metrics.RatisMetrics (RatisMetrics.java:unregister(43)) - Unregistering Metrics Registry : ratis.leader_election.418e6855-184b-4135-9b3f-1bec60925ac4@group-441A50764A11
2021-01-18 04:01:27,538 [Listener at 127.0.0.1/13724] INFO  metrics.RatisMetrics (RatisMetrics.java:unregister(43)) - Unregistering Metrics Registry : ratis.server.418e6855-184b-4135-9b3f-1bec60925ac4@group-441A50764A11
2021-01-18 04:01:27,539 [Listener at 127.0.0.1/13724] INFO  server.GrpcService (GrpcService.java:closeImpl(183)) - 418e6855-184b-4135-9b3f-1bec60925ac4: shutdown server with port 35341 now
2021-01-18 04:01:27,544 [grpc-default-executor-3] WARN  server.GrpcServerProtocolService (LogUtils.java:warn(122)) - df0f9015-da7a-4d9e-bc36-4c543188710b: installSnapshot onError, lastRequest: f5800447-0e6f-4f9e-a68b-d392c1661b2f->df0f9015-da7a-4d9e-bc36-4c543188710b#1-t1,previous=(t:0, i:0),leaderCommit=0,initializing? true,entries: size=1, first=(t:1, i:0), CONFIGURATIONENTRY: org.apache.ratis.thirdparty.io.grpc.StatusRuntimeException: CANCELLED: cancelled before receiving half close
2021-01-18 04:01:27,545 [grpc-default-executor-0] WARN  server.GrpcServerProtocolService (LogUtils.java:warn(122)) - 418e6855-184b-4135-9b3f-1bec60925ac4: installSnapshot onError, lastRequest: f5800447-0e6f-4f9e-a68b-d392c1661b2f->418e6855-184b-4135-9b3f-1bec60925ac4#1-t1,previous=(t:0, i:0),leaderCommit=-1,initializing? true,entries: size=1, first=(t:1, i:0), CONFIGURATIONENTRY: org.apache.ratis.thirdparty.io.grpc.StatusRuntimeException: CANCELLED: cancelled before receiving half close
2021-01-18 04:01:27,545 [grpc-default-executor-1] WARN  server.GrpcLogAppender (LogUtils.java:warn(122)) - f5800447-0e6f-4f9e-a68b-d392c1661b2f@group-C715DC14BD3A->df0f9015-da7a-4d9e-bc36-4c543188710b-AppendLogResponseHandler: Failed appendEntries: org.apache.ratis.thirdparty.io.grpc.StatusRuntimeException: CANCELLED: HTTP/2 error code: CANCEL
Received Rst Stream
2021-01-18 04:01:27,546 [grpc-default-executor-1] WARN  server.GrpcLogAppender (GrpcLogAppender.java:resetClient(111)) - f5800447-0e6f-4f9e-a68b-d392c1661b2f@group-C715DC14BD3A->df0f9015-da7a-4d9e-bc36-4c543188710b-GrpcLogAppender: Leader has not got in touch with Follower f5800447-0e6f-4f9e-a68b-d392c1661b2f@group-C715DC14BD3A->df0f9015-da7a-4d9e-bc36-4c543188710b(c0,m0,n1, attendVote=true, lastRpcSendTime=1187, lastRpcResponseTime=1186) yet, just keep nextIndex unchanged and retry.
2021-01-18 04:01:27,546 [grpc-default-executor-3] WARN  server.GrpcLogAppender (LogUtils.java:warn(122)) - f5800447-0e6f-4f9e-a68b-d392c1661b2f@group-C715DC14BD3A->418e6855-184b-4135-9b3f-1bec60925ac4-AppendLogResponseHandler: Failed appendEntries: org.apache.ratis.thirdparty.io.grpc.StatusRuntimeException: CANCELLED: HTTP/2 error code: CANCEL
Received Rst Stream
2021-01-18 04:01:27,546 [grpc-default-executor-3] WARN  server.GrpcLogAppender (GrpcLogAppender.java:resetClient(111)) - f5800447-0e6f-4f9e-a68b-d392c1661b2f@group-C715DC14BD3A->418e6855-184b-4135-9b3f-1bec60925ac4-GrpcLogAppender: Leader has not got in touch with Follower f5800447-0e6f-4f9e-a68b-d392c1661b2f@group-C715DC14BD3A->418e6855-184b-4135-9b3f-1bec60925ac4(c0,m0,n1, attendVote=true, lastRpcSendTime=1218, lastRpcResponseTime=1217) yet, just keep nextIndex unchanged and retry.
2021-01-18 04:01:27,555 [Listener at 127.0.0.1/13724] INFO  server.GrpcService (GrpcService.java:closeImpl(192)) - 418e6855-184b-4135-9b3f-1bec60925ac4: shutdown server with port 35341 successfully
2021-01-18 04:01:27,556 [ForkJoinPool.commonPool-worker-0] INFO  server.GrpcService (GrpcService.java:closeImpl(192)) - df0f9015-da7a-4d9e-bc36-4c543188710b: shutdown server with port 40651 successfully
2021-01-18 04:01:27,556 [org.apache.ratis.util.JvmPauseMonitor$$Lambda$305/835819020@3ef08e5d] INFO  util.JvmPauseMonitor (JvmPauseMonitor.java:run(109)) - JvmPauseMonitor-df0f9015-da7a-4d9e-bc36-4c543188710b: Stopped
2021-01-18 04:01:27,558 [org.apache.ratis.util.JvmPauseMonitor$$Lambda$305/835819020@33b6d4fb] INFO  util.JvmPauseMonitor (JvmPauseMonitor.java:run(109)) - JvmPauseMonitor-418e6855-184b-4135-9b3f-1bec60925ac4: Stopped
2021-01-18 04:01:27,588 [Listener at 127.0.0.1/13724] INFO  utils.BackgroundService (BackgroundService.java:shutdown(132)) - Shutting down service BlockDeletingService
2021-01-18 04:01:27,590 [ForkJoinPool.commonPool-worker-0] INFO  utils.BackgroundService (BackgroundService.java:shutdown(132)) - Shutting down service BlockDeletingService
2021-01-18 04:01:27,595 [Listener at 127.0.0.1/13724] INFO  statemachine.DatanodeStateMachine (DatanodeStateMachine.java:stopDaemon(461)) - Ozone container server stopped.
2021-01-18 04:01:27,611 [ForkJoinPool.commonPool-worker-0] INFO  statemachine.DatanodeStateMachine (DatanodeStateMachine.java:stopDaemon(461)) - Ozone container server stopped.
2021-01-18 04:01:27,625 [Listener at 127.0.0.1/13724] INFO  handler.ContextHandler (ContextHandler.java:doStop(1154)) - Stopped o.e.j.w.WebAppContext@736379dd{hddsDatanode,/,null,STOPPED}{jar:file:/home/user/.m2/repository/org/apache/hadoop/hadoop-hdds-container-service/1.1.0-SNAPSHOT/hadoop-hdds-container-service-1.1.0-SNAPSHOT.jar!/webapps/hddsDatanode}
2021-01-18 04:01:27,636 [ForkJoinPool.commonPool-worker-0] INFO  handler.ContextHandler (ContextHandler.java:doStop(1154)) - Stopped o.e.j.w.WebAppContext@15c71f5a{hddsDatanode,/,null,STOPPED}{jar:file:/home/user/.m2/repository/org/apache/hadoop/hadoop-hdds-container-service/1.1.0-SNAPSHOT/hadoop-hdds-container-service-1.1.0-SNAPSHOT.jar!/webapps/hddsDatanode}
2021-01-18 04:01:27,636 [Listener at 127.0.0.1/13724] INFO  server.AbstractConnector (AbstractConnector.java:doStop(381)) - Stopped ServerConnector@1695a5a8{HTTP/1.1, (http/1.1)}{0.0.0.0:0}
2021-01-18 04:01:27,637 [Listener at 127.0.0.1/13724] INFO  server.session (HouseKeeper.java:stopScavenging(149)) - node0 Stopped scavenging
2021-01-18 04:01:27,637 [Listener at 127.0.0.1/13724] INFO  handler.ContextHandler (ContextHandler.java:doStop(1154)) - Stopped o.e.j.s.ServletContextHandler@19722aef{static,/static,jar:file:/home/user/.m2/repository/org/apache/hadoop/hadoop-hdds-container-service/1.1.0-SNAPSHOT/hadoop-hdds-container-service-1.1.0-SNAPSHOT.jar!/webapps/static,STOPPED}
2021-01-18 04:01:27,637 [Listener at 127.0.0.1/13724] INFO  handler.ContextHandler (ContextHandler.java:doStop(1154)) - Stopped o.e.j.s.ServletContextHandler@5d0b58a9{logs,/logs,file:///github/workspace/mnt/ozone/hadoop-ozone/integration-test/target/log,STOPPED}
2021-01-18 04:01:27,638 [ForkJoinPool.commonPool-worker-0] INFO  server.AbstractConnector (AbstractConnector.java:doStop(381)) - Stopped ServerConnector@6ba2ea98{HTTP/1.1, (http/1.1)}{0.0.0.0:0}
2021-01-18 04:01:27,644 [ForkJoinPool.commonPool-worker-0] INFO  server.session (HouseKeeper.java:stopScavenging(149)) - node0 Stopped scavenging
2021-01-18 04:01:27,657 [ForkJoinPool.commonPool-worker-0] INFO  handler.ContextHandler (ContextHandler.java:doStop(1154)) - Stopped o.e.j.s.ServletContextHandler@2890aaba{static,/static,jar:file:/home/user/.m2/repository/org/apache/hadoop/hadoop-hdds-container-service/1.1.0-SNAPSHOT/hadoop-hdds-container-service-1.1.0-SNAPSHOT.jar!/webapps/static,STOPPED}
2021-01-18 04:01:27,663 [ForkJoinPool.commonPool-worker-0] INFO  handler.ContextHandler (ContextHandler.java:doStop(1154)) - Stopped o.e.j.s.ServletContextHandler@6382f3e{logs,/logs,file:///github/workspace/mnt/ozone/hadoop-ozone/integration-test/target/log,STOPPED}
2021-01-18 04:01:27,864 [Datanode State Machine Thread - 0] INFO  statemachine.DatanodeStateMachine (DatanodeStateMachine.java:lambda$startDaemon$0(408)) - Ozone container server started.
2021-01-18 04:01:28,830 [grpc-default-executor-1] WARN  server.GrpcLogAppender (LogUtils.java:warn(122)) - f5800447-0e6f-4f9e-a68b-d392c1661b2f@group-C715DC14BD3A->418e6855-184b-4135-9b3f-1bec60925ac4-AppendLogResponseHandler: Failed appendEntries: org.apache.ratis.thirdparty.io.grpc.StatusRuntimeException: UNAVAILABLE: io exception
2021-01-18 04:01:28,831 [grpc-default-executor-1] WARN  server.GrpcLogAppender (GrpcLogAppender.java:resetClient(111)) - f5800447-0e6f-4f9e-a68b-d392c1661b2f@group-C715DC14BD3A->418e6855-184b-4135-9b3f-1bec60925ac4-GrpcLogAppender: Leader has not got in touch with Follower f5800447-0e6f-4f9e-a68b-d392c1661b2f@group-C715DC14BD3A->418e6855-184b-4135-9b3f-1bec60925ac4(c0,m0,n1, attendVote=true, lastRpcSendTime=1, lastRpcResponseTime=2502) yet, just keep nextIndex unchanged and retry.
2021-01-18 04:01:28,860 [grpc-default-executor-1] WARN  server.GrpcLogAppender (LogUtils.java:warn(122)) - f5800447-0e6f-4f9e-a68b-d392c1661b2f@group-C715DC14BD3A->df0f9015-da7a-4d9e-bc36-4c543188710b-AppendLogResponseHandler: Failed appendEntries: org.apache.ratis.thirdparty.io.grpc.StatusRuntimeException: UNAVAILABLE: io exception
2021-01-18 04:01:28,861 [grpc-default-executor-1] WARN  server.GrpcLogAppender (GrpcLogAppender.java:resetClient(111)) - f5800447-0e6f-4f9e-a68b-d392c1661b2f@group-C715DC14BD3A->df0f9015-da7a-4d9e-bc36-4c543188710b-GrpcLogAppender: Leader has not got in touch with Follower f5800447-0e6f-4f9e-a68b-d392c1661b2f@group-C715DC14BD3A->df0f9015-da7a-4d9e-bc36-4c543188710b(c0,m0,n1, attendVote=true, lastRpcSendTime=2503, lastRpcResponseTime=2501) yet, just keep nextIndex unchanged and retry.
2021-01-18 04:01:31,331 [grpc-default-executor-1] WARN  server.GrpcLogAppender (LogUtils.java:warn(122)) - f5800447-0e6f-4f9e-a68b-d392c1661b2f@group-C715DC14BD3A->418e6855-184b-4135-9b3f-1bec60925ac4-AppendLogResponseHandler: Failed appendEntries: org.apache.ratis.thirdparty.io.grpc.StatusRuntimeException: UNAVAILABLE: io exception
2021-01-18 04:01:31,332 [grpc-default-executor-1] WARN  server.GrpcLogAppender (GrpcLogAppender.java:resetClient(111)) - f5800447-0e6f-4f9e-a68b-d392c1661b2f@group-C715DC14BD3A->418e6855-184b-4135-9b3f-1bec60925ac4-GrpcLogAppender: Leader has not got in touch with Follower f5800447-0e6f-4f9e-a68b-d392c1661b2f@group-C715DC14BD3A->418e6855-184b-4135-9b3f-1bec60925ac4(c0,m0,n1, attendVote=true, lastRpcSendTime=0, lastRpcResponseTime=5003) yet, just keep nextIndex unchanged and retry.
2021-01-18 04:01:31,362 [grpc-default-executor-1] WARN  server.GrpcLogAppender (LogUtils.java:warn(122)) - f5800447-0e6f-4f9e-a68b-d392c1661b2f@group-C715DC14BD3A->df0f9015-da7a-4d9e-bc36-4c543188710b-AppendLogResponseHandler: Failed appendEntries: org.apache.ratis.thirdparty.io.grpc.StatusRuntimeException: UNAVAILABLE: io exception
2021-01-18 04:01:31,362 [grpc-default-executor-1] WARN  server.GrpcLogAppender (GrpcLogAppender.java:resetClient(111)) - f5800447-0e6f-4f9e-a68b-d392c1661b2f@group-C715DC14BD3A->df0f9015-da7a-4d9e-bc36-4c543188710b-GrpcLogAppender: Leader has not got in touch with Follower f5800447-0e6f-4f9e-a68b-d392c1661b2f@group-C715DC14BD3A->df0f9015-da7a-4d9e-bc36-4c543188710b(c0,m0,n1, attendVote=true, lastRpcSendTime=0, lastRpcResponseTime=5003) yet, just keep nextIndex unchanged and retry.
2021-01-18 04:01:32,639 [Listener at 127.0.0.1/13724] INFO  ozoneimpl.OzoneContainer (OzoneContainer.java:stop(273)) - Attempting to stop container services.
2021-01-18 04:01:32,639 [Listener at 127.0.0.1/13724] INFO  server.RaftServer (RaftServerProxy.java:lambda$close$6(389)) - f5800447-0e6f-4f9e-a68b-d392c1661b2f: close
2021-01-18 04:01:32,643 [Listener at 127.0.0.1/13724] INFO  server.RaftServer$Division (RaftServerImpl.java:lambda$close$4(405)) - f5800447-0e6f-4f9e-a68b-d392c1661b2f@group-A88C0566F37D: shutdown
2021-01-18 04:01:32,644 [Listener at 127.0.0.1/13724] INFO  util.JmxRegister (JmxRegister.java:unregister(73)) - Successfully un-registered JMX Bean with object name Ratis:service=RaftServer,group=group-A88C0566F37D,id=f5800447-0e6f-4f9e-a68b-d392c1661b2f
2021-01-18 04:01:32,644 [Listener at 127.0.0.1/13724] INFO  impl.RoleInfo (RoleInfo.java:shutdownLeaderState(91)) - f5800447-0e6f-4f9e-a68b-d392c1661b2f: shutdown f5800447-0e6f-4f9e-a68b-d392c1661b2f@group-A88C0566F37D-LeaderStateImpl
2021-01-18 04:01:32,644 [Listener at 127.0.0.1/13724] INFO  impl.PendingRequests (PendingRequests.java:sendNotLeaderResponses(249)) - f5800447-0e6f-4f9e-a68b-d392c1661b2f@group-A88C0566F37D-PendingRequests: sendNotLeaderResponses
2021-01-18 04:01:32,644 [Listener at 127.0.0.1/13724] INFO  metrics.RatisMetrics (RatisMetrics.java:unregister(43)) - Unregistering Metrics Registry : ratis.log_appender.f5800447-0e6f-4f9e-a68b-d392c1661b2f@group-A88C0566F37D
2021-01-18 04:01:32,644 [Listener at 127.0.0.1/13724] INFO  metrics.RatisMetrics (RatisMetrics.java:unregister(43)) - Unregistering Metrics Registry : ratis.server.f5800447-0e6f-4f9e-a68b-d392c1661b2f@group-A88C0566F37D
2021-01-18 04:01:32,644 [ForkJoinPool.commonPool-worker-1] INFO  server.RaftServer$Division (RaftServerImpl.java:lambda$close$4(405)) - f5800447-0e6f-4f9e-a68b-d392c1661b2f@group-C715DC14BD3A: shutdown
2021-01-18 04:01:32,645 [ForkJoinPool.commonPool-worker-1] INFO  util.JmxRegister (JmxRegister.java:unregister(73)) - Successfully un-registered JMX Bean with object name Ratis:service=RaftServer,group=group-C715DC14BD3A,id=f5800447-0e6f-4f9e-a68b-d392c1661b2f
2021-01-18 04:01:32,645 [ForkJoinPool.commonPool-worker-1] INFO  impl.RoleInfo (RoleInfo.java:shutdownLeaderState(91)) - f5800447-0e6f-4f9e-a68b-d392c1661b2f: shutdown f5800447-0e6f-4f9e-a68b-d392c1661b2f@group-C715DC14BD3A-LeaderStateImpl
2021-01-18 04:01:32,645 [ForkJoinPool.commonPool-worker-1] INFO  metrics.RatisMetrics (RatisMetrics.java:unregister(43)) - Unregistering Metrics Registry : ratis_grpc.log_appender.f5800447-0e6f-4f9e-a68b-d392c1661b2f@group-C715DC14BD3A
2021-01-18 04:01:32,645 [Listener at 127.0.0.1/13724] INFO  impl.StateMachineUpdater (StateMachineUpdater.java:stopAndJoin(148)) - f5800447-0e6f-4f9e-a68b-d392c1661b2f@group-A88C0566F37D-StateMachineUpdater: set stopIndex = 0
2021-01-18 04:01:32,645 [ForkJoinPool.commonPool-worker-1] INFO  metrics.RatisMetrics (RatisMetrics.java:unregister(43)) - Unregistering Metrics Registry : ratis_grpc.log_appender.f5800447-0e6f-4f9e-a68b-d392c1661b2f@group-C715DC14BD3A
2021-01-18 04:01:32,645 [ForkJoinPool.commonPool-worker-1] INFO  impl.PendingRequests (PendingRequests.java:sendNotLeaderResponses(249)) - f5800447-0e6f-4f9e-a68b-d392c1661b2f@group-C715DC14BD3A-PendingRequests: sendNotLeaderResponses
2021-01-18 04:01:32,645 [ForkJoinPool.commonPool-worker-1] INFO  metrics.RatisMetrics (RatisMetrics.java:unregister(43)) - Unregistering Metrics Registry : ratis.log_appender.f5800447-0e6f-4f9e-a68b-d392c1661b2f@group-C715DC14BD3A
2021-01-18 04:01:32,645 [ForkJoinPool.commonPool-worker-1] INFO  metrics.RatisMetrics (RatisMetrics.java:unregister(43)) - Unregistering Metrics Registry : ratis.server.f5800447-0e6f-4f9e-a68b-d392c1661b2f@group-C715DC14BD3A
2021-01-18 04:01:32,646 [f5800447-0e6f-4f9e-a68b-d392c1661b2f@group-C715DC14BD3A-StateMachineUpdater] INFO  ratis.ContainerStateMachine (ContainerStateMachine.java:takeSnapshot(291)) - group-C715DC14BD3A: Taking a snapshot at:(t:1, i:0) file /github/workspace/mnt/ozone/hadoop-ozone/integration-test/target/test-dir/MiniOzoneClusterImpl-5bc51996-b728-448b-b7ee-2f27b8cece2b/datanode-2/data/ratis/27ad5cbd-550a-4350-97ab-c715dc14bd3a/sm/snapshot.1_0
2021-01-18 04:01:32,646 [ForkJoinPool.commonPool-worker-1] INFO  impl.StateMachineUpdater (StateMachineUpdater.java:stopAndJoin(148)) - f5800447-0e6f-4f9e-a68b-d392c1661b2f@group-C715DC14BD3A-StateMachineUpdater: set stopIndex = 0
2021-01-18 04:01:32,646 [f5800447-0e6f-4f9e-a68b-d392c1661b2f@group-A88C0566F37D-StateMachineUpdater] INFO  ratis.ContainerStateMachine (ContainerStateMachine.java:takeSnapshot(291)) - group-A88C0566F37D: Taking a snapshot at:(t:1, i:0) file /github/workspace/mnt/ozone/hadoop-ozone/integration-test/target/test-dir/MiniOzoneClusterImpl-5bc51996-b728-448b-b7ee-2f27b8cece2b/datanode-2/data/ratis/89d525d5-f209-4ca4-a619-a88c0566f37d/sm/snapshot.1_0
2021-01-18 04:01:32,647 [f5800447-0e6f-4f9e-a68b-d392c1661b2f@group-C715DC14BD3A-StateMachineUpdater] INFO  ratis.ContainerStateMachine (ContainerStateMachine.java:takeSnapshot(302)) - group-C715DC14BD3A: Finished taking a snapshot at:(t:1, i:0) file:/github/workspace/mnt/ozone/hadoop-ozone/integration-test/target/test-dir/MiniOzoneClusterImpl-5bc51996-b728-448b-b7ee-2f27b8cece2b/datanode-2/data/ratis/27ad5cbd-550a-4350-97ab-c715dc14bd3a/sm/snapshot.1_0 took: 1 ms
2021-01-18 04:01:32,647 [f5800447-0e6f-4f9e-a68b-d392c1661b2f@group-C715DC14BD3A-StateMachineUpdater] INFO  impl.StateMachineUpdater (StateMachineUpdater.java:takeSnapshot(279)) - f5800447-0e6f-4f9e-a68b-d392c1661b2f@group-C715DC14BD3A-StateMachineUpdater: Took a snapshot at index 0
2021-01-18 04:01:32,647 [f5800447-0e6f-4f9e-a68b-d392c1661b2f@group-C715DC14BD3A-StateMachineUpdater] INFO  impl.StateMachineUpdater (StateMachineUpdater.java:lambda$new$0(88)) - f5800447-0e6f-4f9e-a68b-d392c1661b2f@group-C715DC14BD3A-StateMachineUpdater: snapshotIndex: updateIncreasingly -1 -> 0
2021-01-18 04:01:32,647 [f5800447-0e6f-4f9e-a68b-d392c1661b2f@group-C715DC14BD3A-StateMachineUpdater] INFO  metrics.RatisMetrics (RatisMetrics.java:unregister(43)) - Unregistering Metrics Registry : ratis.state_machine.f5800447-0e6f-4f9e-a68b-d392c1661b2f@group-C715DC14BD3A
2021-01-18 04:01:32,647 [f5800447-0e6f-4f9e-a68b-d392c1661b2f@group-A88C0566F37D-StateMachineUpdater] INFO  ratis.ContainerStateMachine (ContainerStateMachine.java:takeSnapshot(302)) - group-A88C0566F37D: Finished taking a snapshot at:(t:1, i:0) file:/github/workspace/mnt/ozone/hadoop-ozone/integration-test/target/test-dir/MiniOzoneClusterImpl-5bc51996-b728-448b-b7ee-2f27b8cece2b/datanode-2/data/ratis/89d525d5-f209-4ca4-a619-a88c0566f37d/sm/snapshot.1_0 took: 2 ms
2021-01-18 04:01:32,648 [ForkJoinPool.commonPool-worker-1] INFO  server.RaftServer$Division (ServerState.java:close(400)) - f5800447-0e6f-4f9e-a68b-d392c1661b2f@group-C715DC14BD3A: closes. applyIndex: 0
2021-01-18 04:01:32,648 [f5800447-0e6f-4f9e-a68b-d392c1661b2f@group-A88C0566F37D-StateMachineUpdater] INFO  impl.StateMachineUpdater (StateMachineUpdater.java:takeSnapshot(279)) - f5800447-0e6f-4f9e-a68b-d392c1661b2f@group-A88C0566F37D-StateMachineUpdater: Took a snapshot at index 0
2021-01-18 04:01:32,648 [f5800447-0e6f-4f9e-a68b-d392c1661b2f@group-A88C0566F37D-StateMachineUpdater] INFO  impl.StateMachineUpdater (StateMachineUpdater.java:lambda$new$0(88)) - f5800447-0e6f-4f9e-a68b-d392c1661b2f@group-A88C0566F37D-StateMachineUpdater: snapshotIndex: updateIncreasingly -1 -> 0
2021-01-18 04:01:32,648 [f5800447-0e6f-4f9e-a68b-d392c1661b2f@group-A88C0566F37D-StateMachineUpdater] INFO  metrics.RatisMetrics (RatisMetrics.java:unregister(43)) - Unregistering Metrics Registry : ratis.state_machine.f5800447-0e6f-4f9e-a68b-d392c1661b2f@group-A88C0566F37D
2021-01-18 04:01:32,648 [Listener at 127.0.0.1/13724] INFO  server.RaftServer$Division (ServerState.java:close(400)) - f5800447-0e6f-4f9e-a68b-d392c1661b2f@group-A88C0566F37D: closes. applyIndex: 0
2021-01-18 04:01:32,648 [f5800447-0e6f-4f9e-a68b-d392c1661b2f@group-C715DC14BD3A-SegmentedRaftLogWorker] INFO  segmented.SegmentedRaftLogWorker (SegmentedRaftLogWorker.java:run(326)) - f5800447-0e6f-4f9e-a68b-d392c1661b2f@group-C715DC14BD3A-SegmentedRaftLogWorker was interrupted, exiting. There are 0 tasks remaining in the queue.
2021-01-18 04:01:32,648 [f5800447-0e6f-4f9e-a68b-d392c1661b2f@group-A88C0566F37D-SegmentedRaftLogWorker] INFO  segmented.SegmentedRaftLogWorker (SegmentedRaftLogWorker.java:run(326)) - f5800447-0e6f-4f9e-a68b-d392c1661b2f@group-A88C0566F37D-SegmentedRaftLogWorker was interrupted, exiting. There are 0 tasks remaining in the queue.
2021-01-18 04:01:32,648 [Listener at 127.0.0.1/13724] INFO  segmented.SegmentedRaftLogWorker (SegmentedRaftLogWorker.java:close(236)) - f5800447-0e6f-4f9e-a68b-d392c1661b2f@group-A88C0566F37D-SegmentedRaftLogWorker close()
2021-01-18 04:01:32,649 [Listener at 127.0.0.1/13724] INFO  metrics.RatisMetrics (RatisMetrics.java:unregister(43)) - Unregistering Metrics Registry : ratis.log_worker.f5800447-0e6f-4f9e-a68b-d392c1661b2f@group-A88C0566F37D
2021-01-18 04:01:32,649 [ForkJoinPool.commonPool-worker-1] INFO  segmented.SegmentedRaftLogWorker (SegmentedRaftLogWorker.java:close(236)) - f5800447-0e6f-4f9e-a68b-d392c1661b2f@group-C715DC14BD3A-SegmentedRaftLogWorker close()
2021-01-18 04:01:32,649 [Listener at 127.0.0.1/13724] INFO  metrics.RatisMetrics (RatisMetrics.java:unregister(43)) - Unregistering Metrics Registry : ratis.leader_election.f5800447-0e6f-4f9e-a68b-d392c1661b2f@group-A88C0566F37D
2021-01-18 04:01:32,649 [Listener at 127.0.0.1/13724] INFO  metrics.RatisMetrics (RatisMetrics.java:unregister(43)) - Unregistering Metrics Registry : ratis.server.f5800447-0e6f-4f9e-a68b-d392c1661b2f@group-A88C0566F37D
2021-01-18 04:01:32,650 [ForkJoinPool.commonPool-worker-1] INFO  metrics.RatisMetrics (RatisMetrics.java:unregister(43)) - Unregistering Metrics Registry : ratis.log_worker.f5800447-0e6f-4f9e-a68b-d392c1661b2f@group-C715DC14BD3A
2021-01-18 04:01:32,650 [ForkJoinPool.commonPool-worker-1] INFO  metrics.RatisMetrics (RatisMetrics.java:unregister(43)) - Unregistering Metrics Registry : ratis.leader_election.f5800447-0e6f-4f9e-a68b-d392c1661b2f@group-C715DC14BD3A
2021-01-18 04:01:32,650 [ForkJoinPool.commonPool-worker-1] INFO  metrics.RatisMetrics (RatisMetrics.java:unregister(43)) - Unregistering Metrics Registry : ratis.server.f5800447-0e6f-4f9e-a68b-d392c1661b2f@group-C715DC14BD3A
2021-01-18 04:01:32,650 [ForkJoinPool.commonPool-worker-1] INFO  server.RaftServer$Division (RaftServerImpl.java:lambda$close$4(405)) - f5800447-0e6f-4f9e-a68b-d392c1661b2f@group-441A50764A11: shutdown
2021-01-18 04:01:32,650 [ForkJoinPool.commonPool-worker-1] INFO  util.JmxRegister (JmxRegister.java:unregister(73)) - Successfully un-registered JMX Bean with object name Ratis:service=RaftServer,group=group-441A50764A11,id=f5800447-0e6f-4f9e-a68b-d392c1661b2f
2021-01-18 04:01:32,651 [ForkJoinPool.commonPool-worker-1] INFO  impl.RoleInfo (RoleInfo.java:shutdownFollowerState(108)) - f5800447-0e6f-4f9e-a68b-d392c1661b2f: shutdown f5800447-0e6f-4f9e-a68b-d392c1661b2f@group-441A50764A11-FollowerState
2021-01-18 04:01:32,651 [ForkJoinPool.commonPool-worker-1] INFO  impl.StateMachineUpdater (StateMachineUpdater.java:stopAndJoin(148)) - f5800447-0e6f-4f9e-a68b-d392c1661b2f@group-441A50764A11-StateMachineUpdater: set stopIndex = 0
2021-01-18 04:01:32,651 [Thread-307] INFO  impl.FollowerState (FollowerState.java:run(142)) - f5800447-0e6f-4f9e-a68b-d392c1661b2f@group-441A50764A11-FollowerState was interrupted: {}
java.lang.InterruptedException: sleep interrupted
	at java.lang.Thread.sleep(Native Method)
	at java.lang.Thread.sleep(Thread.java:340)
	at java.util.concurrent.TimeUnit.sleep(TimeUnit.java:386)
	at org.apache.ratis.util.TimeDuration.sleep(TimeDuration.java:324)
	at org.apache.ratis.util.TimeDuration.sleep(TimeDuration.java:309)
	at org.apache.ratis.server.impl.FollowerState.run(FollowerState.java:117)
2021-01-18 04:01:32,651 [f5800447-0e6f-4f9e-a68b-d392c1661b2f@group-441A50764A11-StateMachineUpdater] INFO  ratis.ContainerStateMachine (ContainerStateMachine.java:takeSnapshot(291)) - group-441A50764A11: Taking a snapshot at:(t:1, i:0) file /github/workspace/mnt/ozone/hadoop-ozone/integration-test/target/test-dir/MiniOzoneClusterImpl-5bc51996-b728-448b-b7ee-2f27b8cece2b/datanode-2/data/ratis/4570ca6b-7f19-4027-8dc5-441a50764a11/sm/snapshot.1_0
2021-01-18 04:01:32,651 [f5800447-0e6f-4f9e-a68b-d392c1661b2f@group-441A50764A11-StateMachineUpdater] INFO  ratis.ContainerStateMachine (ContainerStateMachine.java:takeSnapshot(302)) - group-441A50764A11: Finished taking a snapshot at:(t:1, i:0) file:/github/workspace/mnt/ozone/hadoop-ozone/integration-test/target/test-dir/MiniOzoneClusterImpl-5bc51996-b728-448b-b7ee-2f27b8cece2b/datanode-2/data/ratis/4570ca6b-7f19-4027-8dc5-441a50764a11/sm/snapshot.1_0 took: 1 ms
2021-01-18 04:01:32,652 [f5800447-0e6f-4f9e-a68b-d392c1661b2f@group-441A50764A11-StateMachineUpdater] INFO  impl.StateMachineUpdater (StateMachineUpdater.java:takeSnapshot(279)) - f5800447-0e6f-4f9e-a68b-d392c1661b2f@group-441A50764A11-StateMachineUpdater: Took a snapshot at index 0
2021-01-18 04:01:32,652 [f5800447-0e6f-4f9e-a68b-d392c1661b2f@group-441A50764A11-StateMachineUpdater] INFO  impl.StateMachineUpdater (StateMachineUpdater.java:lambda$new$0(88)) - f5800447-0e6f-4f9e-a68b-d392c1661b2f@group-441A50764A11-StateMachineUpdater: snapshotIndex: updateIncreasingly -1 -> 0
2021-01-18 04:01:32,652 [f5800447-0e6f-4f9e-a68b-d392c1661b2f@group-441A50764A11-StateMachineUpdater] INFO  metrics.RatisMetrics (RatisMetrics.java:unregister(43)) - Unregistering Metrics Registry : ratis.state_machine.f5800447-0e6f-4f9e-a68b-d392c1661b2f@group-441A50764A11
2021-01-18 04:01:32,652 [ForkJoinPool.commonPool-worker-1] INFO  server.RaftServer$Division (ServerState.java:close(400)) - f5800447-0e6f-4f9e-a68b-d392c1661b2f@group-441A50764A11: closes. applyIndex: 0
2021-01-18 04:01:32,652 [f5800447-0e6f-4f9e-a68b-d392c1661b2f@group-441A50764A11-SegmentedRaftLogWorker] INFO  segmented.SegmentedRaftLogWorker (SegmentedRaftLogWorker.java:run(326)) - f5800447-0e6f-4f9e-a68b-d392c1661b2f@group-441A50764A11-SegmentedRaftLogWorker was interrupted, exiting. There are 0 tasks remaining in the queue.
2021-01-18 04:01:32,652 [ForkJoinPool.commonPool-worker-1] INFO  segmented.SegmentedRaftLogWorker (SegmentedRaftLogWorker.java:close(236)) - f5800447-0e6f-4f9e-a68b-d392c1661b2f@group-441A50764A11-SegmentedRaftLogWorker close()
2021-01-18 04:01:32,652 [ForkJoinPool.commonPool-worker-1] INFO  metrics.RatisMetrics (RatisMetrics.java:unregister(43)) - Unregistering Metrics Registry : ratis.log_worker.f5800447-0e6f-4f9e-a68b-d392c1661b2f@group-441A50764A11
2021-01-18 04:01:32,653 [ForkJoinPool.commonPool-worker-1] INFO  metrics.RatisMetrics (RatisMetrics.java:unregister(43)) - Unregistering Metrics Registry : ratis.leader_election.f5800447-0e6f-4f9e-a68b-d392c1661b2f@group-441A50764A11
2021-01-18 04:01:32,653 [ForkJoinPool.commonPool-worker-1] INFO  metrics.RatisMetrics (RatisMetrics.java:unregister(43)) - Unregistering Metrics Registry : ratis.server.f5800447-0e6f-4f9e-a68b-d392c1661b2f@group-441A50764A11
2021-01-18 04:01:32,653 [Listener at 127.0.0.1/13724] INFO  server.GrpcService (GrpcService.java:closeImpl(183)) - f5800447-0e6f-4f9e-a68b-d392c1661b2f: shutdown server with port 42137 now
2021-01-18 04:01:32,654 [Listener at 127.0.0.1/13724] INFO  server.GrpcService (GrpcService.java:closeImpl(192)) - f5800447-0e6f-4f9e-a68b-d392c1661b2f: shutdown server with port 42137 successfully
2021-01-18 04:01:32,654 [org.apache.ratis.util.JvmPauseMonitor$$Lambda$305/835819020@28913fe3] INFO  util.JvmPauseMonitor (JvmPauseMonitor.java:run(109)) - JvmPauseMonitor-f5800447-0e6f-4f9e-a68b-d392c1661b2f: Stopped
2021-01-18 04:01:32,655 [Listener at 127.0.0.1/13724] INFO  utils.BackgroundService (BackgroundService.java:shutdown(132)) - Shutting down service BlockDeletingService
2021-01-18 04:01:32,659 [Listener at 127.0.0.1/13724] INFO  statemachine.DatanodeStateMachine (DatanodeStateMachine.java:stopDaemon(461)) - Ozone container server stopped.
2021-01-18 04:01:32,667 [Listener at 127.0.0.1/13724] INFO  handler.ContextHandler (ContextHandler.java:doStop(1154)) - Stopped o.e.j.w.WebAppContext@56d0161{hddsDatanode,/,null,STOPPED}{jar:file:/home/user/.m2/repository/org/apache/hadoop/hadoop-hdds-container-service/1.1.0-SNAPSHOT/hadoop-hdds-container-service-1.1.0-SNAPSHOT.jar!/webapps/hddsDatanode}
2021-01-18 04:01:32,668 [Listener at 127.0.0.1/13724] INFO  server.AbstractConnector (AbstractConnector.java:doStop(381)) - Stopped ServerConnector@6ebc6c11{HTTP/1.1, (http/1.1)}{0.0.0.0:0}
2021-01-18 04:01:32,668 [Listener at 127.0.0.1/13724] INFO  server.session (HouseKeeper.java:stopScavenging(149)) - node0 Stopped scavenging
2021-01-18 04:01:32,668 [Listener at 127.0.0.1/13724] INFO  handler.ContextHandler (ContextHandler.java:doStop(1154)) - Stopped o.e.j.s.ServletContextHandler@4f3fdeba{static,/static,jar:file:/home/user/.m2/repository/org/apache/hadoop/hadoop-hdds-container-service/1.1.0-SNAPSHOT/hadoop-hdds-container-service-1.1.0-SNAPSHOT.jar!/webapps/static,STOPPED}
2021-01-18 04:01:32,668 [Listener at 127.0.0.1/13724] INFO  handler.ContextHandler (ContextHandler.java:doStop(1154)) - Stopped o.e.j.s.ServletContextHandler@5cdbc417{logs,/logs,file:///github/workspace/mnt/ozone/hadoop-ozone/integration-test/target/log,STOPPED}
2021-01-18 04:01:32,672 [Listener at 127.0.0.1/13724] INFO  ozone.MiniOzoneClusterImpl (MiniOzoneClusterImpl.java:stopSCM(478)) - Stopping the StorageContainerManager
2021-01-18 04:01:32,672 [Listener at 127.0.0.1/13724] INFO  server.StorageContainerManager (StorageContainerManager.java:stop(832)) - Stopping Replication Manager Service.
2021-01-18 04:01:32,672 [Listener at 127.0.0.1/13724] INFO  container.ReplicationManager (ReplicationManager.java:stop(227)) - Stopping Replication Monitor Thread.
2021-01-18 04:01:32,673 [Listener at 127.0.0.1/13724] INFO  server.StorageContainerManager (StorageContainerManager.java:stop(839)) - Stopping the Datanode Admin Monitor.
2021-01-18 04:01:32,673 [Listener at 127.0.0.1/13724] INFO  server.StorageContainerManager (StorageContainerManager.java:stop(846)) - Stopping Lease Manager of the command watchers
2021-01-18 04:01:32,673 [Listener at 127.0.0.1/13724] INFO  server.StorageContainerManager (StorageContainerManager.java:stop(853)) - Stopping datanode service RPC server
2021-01-18 04:01:32,673 [Listener at 127.0.0.1/13724] INFO  server.SCMDatanodeProtocolServer (SCMDatanodeProtocolServer.java:stop(369)) - Stopping the RPC server for DataNodes
2021-01-18 04:01:32,673 [Listener at 127.0.0.1/13724] INFO  ipc.Server (Server.java:stop(3359)) - Stopping server on 44515
2021-01-18 04:01:32,674 [IPC Server listener on 0] INFO  ipc.Server (Server.java:run(1330)) - Stopping IPC Server listener on 0
2021-01-18 04:01:32,675 [IPC Server Responder] INFO  ipc.Server (Server.java:run(1465)) - Stopping IPC Server Responder
2021-01-18 04:01:32,764 [SCM Heartbeat Processing Thread - 0] WARN  node.NodeStateManager (NodeStateManager.java:scheduleNextHealthCheck(688)) - Current Thread is interrupted, shutting down HB processing thread for Node Manager.
2021-01-18 04:01:32,764 [Listener at 127.0.0.1/13724] INFO  server.StorageContainerManager (StorageContainerManager.java:stop(861)) - Stopping block service RPC server
2021-01-18 04:01:32,764 [Listener at 127.0.0.1/13724] INFO  server.SCMBlockProtocolServer (SCMBlockProtocolServer.java:stop(159)) - Stopping the RPC server for Block Protocol
2021-01-18 04:01:32,764 [Listener at 127.0.0.1/13724] INFO  ipc.Server (Server.java:stop(3359)) - Stopping server on 46521
2021-01-18 04:01:32,766 [IPC Server Responder] INFO  ipc.Server (Server.java:run(1465)) - Stopping IPC Server Responder
2021-01-18 04:01:32,766 [Listener at 127.0.0.1/13724] INFO  server.StorageContainerManager (StorageContainerManager.java:stop(868)) - Stopping the StorageContainerLocationProtocol RPC server
2021-01-18 04:01:32,766 [Listener at 127.0.0.1/13724] INFO  server.SCMClientProtocolServer (SCMClientProtocolServer.java:stop(168)) - Stopping the RPC server for Client Protocol
2021-01-18 04:01:32,766 [Listener at 127.0.0.1/13724] INFO  ipc.Server (Server.java:stop(3359)) - Stopping server on 39579
2021-01-18 04:01:32,766 [IPC Server listener on 0] INFO  ipc.Server (Server.java:run(1330)) - Stopping IPC Server listener on 0
2021-01-18 04:01:32,767 [IPC Server Responder] INFO  ipc.Server (Server.java:run(1465)) - Stopping IPC Server Responder
2021-01-18 04:01:32,767 [Listener at 127.0.0.1/13724] INFO  server.StorageContainerManager (StorageContainerManager.java:stop(875)) - Stopping Storage Container Manager HTTP server.
2021-01-18 04:01:32,768 [IPC Server listener on 0] INFO  ipc.Server (Server.java:run(1330)) - Stopping IPC Server listener on 0
2021-01-18 04:01:32,768 [Listener at 127.0.0.1/13724] INFO  handler.ContextHandler (ContextHandler.java:doStop(1154)) - Stopped o.e.j.w.WebAppContext@7ecd3933{scm,/,null,STOPPED}{file:/github/workspace/mnt/ozone/hadoop-ozone/integration-test/target/test-classes/webapps/scm}
2021-01-18 04:01:32,771 [Listener at 127.0.0.1/13724] INFO  server.AbstractConnector (AbstractConnector.java:doStop(381)) - Stopped ServerConnector@317ce278{HTTP/1.1, (http/1.1)}{0.0.0.0:0}
2021-01-18 04:01:32,771 [Listener at 127.0.0.1/13724] INFO  server.session (HouseKeeper.java:stopScavenging(149)) - node0 Stopped scavenging
2021-01-18 04:01:32,771 [Listener at 127.0.0.1/13724] INFO  handler.ContextHandler (ContextHandler.java:doStop(1154)) - Stopped o.e.j.s.ServletContextHandler@3c9904c8{static,/static,file:///github/workspace/mnt/ozone/hadoop-ozone/integration-test/target/test-classes/webapps/static,STOPPED}
2021-01-18 04:01:32,771 [Listener at 127.0.0.1/13724] INFO  handler.ContextHandler (ContextHandler.java:doStop(1154)) - Stopped o.e.j.s.ServletContextHandler@20e3daf4{logs,/logs,file:///github/workspace/mnt/ozone/hadoop-ozone/integration-test/target/log,STOPPED}
2021-01-18 04:01:32,772 [Listener at 127.0.0.1/13724] INFO  server.StorageContainerManager (StorageContainerManager.java:stop(886)) - Stopping Block Manager Service.
2021-01-18 04:01:32,772 [Listener at 127.0.0.1/13724] INFO  utils.BackgroundService (BackgroundService.java:shutdown(132)) - Shutting down service SCMBlockDeletingService
2021-01-18 04:01:32,772 [Listener at 127.0.0.1/13724] INFO  utils.BackgroundService (BackgroundService.java:shutdown(132)) - Shutting down service SCMBlockDeletingService
2021-01-18 04:01:32,773 [Listener at 127.0.0.1/13724] INFO  server.StorageContainerManager (StorageContainerManager.java:stop(911)) - Stopping SCM Event Queue.
2021-01-18 04:01:32,777 [Listener at 127.0.0.1/13724] INFO  impl.MetricsSystemImpl (MetricsSystemImpl.java:stop(210)) - Stopping OzoneManager metrics system...
2021-01-18 04:01:32,780 [prometheus] INFO  impl.MetricsSinkAdapter (MetricsSinkAdapter.java:publishMetricsFromQueue(141)) - prometheus thread interrupted.
2021-01-18 04:01:32,780 [Listener at 127.0.0.1/13724] INFO  impl.MetricsSystemImpl (MetricsSystemImpl.java:stop(216)) - OzoneManager metrics system stopped.
]]></system-out>
  </testcase>
  <testcase name="testInstallOldCheckpointFailure" classname="org.apache.hadoop.ozone.om.TestOMRatisSnapshots" time="34.139"/>
  <testcase name="testInstallCorruptedCheckpointFailure" classname="org.apache.hadoop.ozone.om.TestOMRatisSnapshots" time="31.915"/>
</testsuite>