<?xml version="1.0" encoding="UTF-8"?>
<testsuite xmlns:xsi="http://www.w3.org/2001/XMLSchema-instance" xsi:noNamespaceSchemaLocation="https://maven.apache.org/surefire/maven-surefire-plugin/xsd/surefire-test-report.xsd" name="org.apache.hadoop.ozone.client.rpc.TestBlockOutputStreamWithFailures" time="615.979" tests="8" errors="1" skipped="0" failures="0">
  <properties>
    <property name="awt.toolkit" value="sun.awt.X11.XToolkit"/>
    <property name="file.encoding.pkg" value="sun.io"/>
    <property name="java.specification.version" value="1.8"/>
    <property name="sun.cpu.isalist" value=""/>
    <property name="sun.jnu.encoding" value="UTF-8"/>
    <property name="java.class.path" value="/home/runner/work/ozone/ozone/hadoop-ozone/integration-test/target/test-classes:/home/runner/work/ozone/ozone/hadoop-ozone/integration-test/target/classes:/home/runner/.m2/repository/org/apache/ozone/ozone-common/1.2.0-SNAPSHOT/ozone-common-1.2.0-SNAPSHOT.jar:/home/runner/.m2/repository/org/apache/commons/commons-compress/1.20/commons-compress-1.20.jar:/home/runner/.m2/repository/org/apache/ozone/hdds-common/1.2.0-SNAPSHOT/hdds-common-1.2.0-SNAPSHOT.jar:/home/runner/.m2/repository/org/apache/ozone/hdds-client/1.2.0-SNAPSHOT/hdds-client-1.2.0-SNAPSHOT.jar:/home/runner/.m2/repository/org/apache/ozone/ozone-interface-client/1.2.0-SNAPSHOT/ozone-interface-client-1.2.0-SNAPSHOT.jar:/home/runner/.m2/repository/org/apache/ozone/hdds-server-framework/1.2.0-SNAPSHOT/hdds-server-framework-1.2.0-SNAPSHOT.jar:/home/runner/.m2/repository/org/apache/ozone/hdds-interface-server/1.2.0-SNAPSHOT/hdds-interface-server-1.2.0-SNAPSHOT.jar:/home/runner/.m2/repository/org/eclipse/jetty/jetty-servlet/9.4.43.v20210629/jetty-servlet-9.4.43.v20210629.jar:/home/runner/.m2/repository/org/eclipse/jetty/jetty-security/9.4.43.v20210629/jetty-security-9.4.43.v20210629.jar:/home/runner/.m2/repository/org/rocksdb/rocksdbjni/6.20.3/rocksdbjni-6.20.3.jar:/home/runner/.m2/repository/io/prometheus/simpleclient_dropwizard/0.7.0/simpleclient_dropwizard-0.7.0.jar:/home/runner/.m2/repository/io/prometheus/simpleclient/0.7.0/simpleclient-0.7.0.jar:/home/runner/.m2/repository/io/prometheus/simpleclient_common/0.7.0/simpleclient_common-0.7.0.jar:/home/runner/.m2/repository/com/fasterxml/jackson/datatype/jackson-datatype-jsr310/2.12.1/jackson-datatype-jsr310-2.12.1.jar:/home/runner/.m2/repository/org/apache/ozone/hdds-test-utils/1.2.0-SNAPSHOT/hdds-test-utils-1.2.0-SNAPSHOT.jar:/home/runner/.m2/repository/com/google/guava/guava/30.1.1-jre/guava-30.1.1-jre.jar:/home/runner/.m2/repository/com/google/guava/failureaccess/1.0.1/failureaccess-1.0.1.jar:/home/runner/.m2/repository/com/google/guava/listenablefuture/9999.0-empty-to-avoid-conflict-with-guava/listenablefuture-9999.0-empty-to-avoid-conflict-with-guava.jar:/home/runner/.m2/repository/com/google/code/findbugs/jsr305/3.0.0/jsr305-3.0.0.jar:/home/runner/.m2/repository/org/checkerframework/checker-qual/3.8.0/checker-qual-3.8.0.jar:/home/runner/.m2/repository/com/google/errorprone/error_prone_annotations/2.2.0/error_prone_annotations-2.2.0.jar:/home/runner/.m2/repository/com/google/j2objc/j2objc-annotations/1.3/j2objc-annotations-1.3.jar:/home/runner/.m2/repository/commons-io/commons-io/2.8.0/commons-io-2.8.0.jar:/home/runner/.m2/repository/commons-logging/commons-logging/1.2/commons-logging-1.2.jar:/home/runner/.m2/repository/log4j/log4j/1.2.17/log4j-1.2.17.jar:/home/runner/.m2/repository/org/slf4j/slf4j-api/1.7.30/slf4j-api-1.7.30.jar:/home/runner/.m2/repository/org/apache/ozone/hdds-server-scm/1.2.0-SNAPSHOT/hdds-server-scm-1.2.0-SNAPSHOT.jar:/home/runner/.m2/repository/org/apache/ozone/hdds-container-service/1.2.0-SNAPSHOT/hdds-container-service-1.2.0-SNAPSHOT.jar:/home/runner/.m2/repository/org/apache/ozone/hdds-hadoop-dependency-server/1.2.0-SNAPSHOT/hdds-hadoop-dependency-server-1.2.0-SNAPSHOT.jar:/home/runner/.m2/repository/org/apache/hadoop/hadoop-hdfs/3.3.1/hadoop-hdfs-3.3.1.jar:/home/runner/.m2/repository/io/dropwizard/metrics/metrics-core/3.2.4/metrics-core-3.2.4.jar:/home/runner/.m2/repository/org/apache/hadoop/hadoop-hdfs-client/3.3.1/hadoop-hdfs-client-3.3.1.jar:/home/runner/.m2/repository/org/bouncycastle/bcprov-jdk15on/1.67/bcprov-jdk15on-1.67.jar:/home/runner/.m2/repository/com/google/protobuf/protobuf-java/2.5.0/protobuf-java-2.5.0.jar:/home/runner/.m2/repository/org/apache/ozone/ozone-manager/1.2.0-SNAPSHOT/ozone-manager-1.2.0-SNAPSHOT.jar:/home/runner/.m2/repository/org/aspectj/aspectjrt/1.9.7/aspectjrt-1.9.7.jar:/home/runner/.m2/repository/org/aspectj/aspectjweaver/1.9.7/aspectjweaver-1.9.7.jar:/home/runner/.m2/repository/org/apache/ozone/hdds-interface-client/1.2.0-SNAPSHOT/hdds-interface-client-1.2.0-SNAPSHOT.jar:/home/runner/.m2/repository/org/apache/hadoop/thirdparty/hadoop-shaded-protobuf_3_7/1.1.1/hadoop-shaded-protobuf_3_7-1.1.1.jar:/home/runner/.m2/repository/org/apache/ozone/ozone-interface-storage/1.2.0-SNAPSHOT/ozone-interface-storage-1.2.0-SNAPSHOT.jar:/home/runner/.m2/repository/org/reflections/reflections/0.9.11/reflections-0.9.11.jar:/home/runner/.m2/repository/org/apache/hadoop/hadoop-minikdc/3.3.1/hadoop-minikdc-3.3.1.jar:/home/runner/.m2/repository/org/apache/kerby/kerb-simplekdc/1.0.1/kerb-simplekdc-1.0.1.jar:/home/runner/.m2/repository/org/apache/kerby/kerb-client/1.0.1/kerb-client-1.0.1.jar:/home/runner/.m2/repository/org/apache/kerby/kerby-config/1.0.1/kerby-config-1.0.1.jar:/home/runner/.m2/repository/org/apache/kerby/kerb-common/1.0.1/kerb-common-1.0.1.jar:/home/runner/.m2/repository/org/apache/kerby/kerb-crypto/1.0.1/kerb-crypto-1.0.1.jar:/home/runner/.m2/repository/org/apache/kerby/kerb-util/1.0.1/kerb-util-1.0.1.jar:/home/runner/.m2/repository/org/apache/kerby/token-provider/1.0.1/token-provider-1.0.1.jar:/home/runner/.m2/repository/org/apache/kerby/kerb-admin/1.0.1/kerb-admin-1.0.1.jar:/home/runner/.m2/repository/org/apache/kerby/kerb-server/1.0.1/kerb-server-1.0.1.jar:/home/runner/.m2/repository/org/apache/kerby/kerb-identity/1.0.1/kerb-identity-1.0.1.jar:/home/runner/.m2/repository/org/apache/kerby/kerby-xdr/1.0.1/kerby-xdr-1.0.1.jar:/home/runner/.m2/repository/org/slf4j/slf4j-log4j12/1.7.30/slf4j-log4j12-1.7.30.jar:/home/runner/.m2/repository/org/apache/ozone/ozone-s3gateway/1.2.0-SNAPSHOT/ozone-s3gateway-1.2.0-SNAPSHOT.jar:/home/runner/.m2/repository/org/javassist/javassist/3.21.0-GA/javassist-3.21.0-GA.jar:/home/runner/.m2/repository/org/jboss/weld/servlet/weld-servlet/2.4.7.Final/weld-servlet-2.4.7.Final.jar:/home/runner/.m2/repository/org/glassfish/jersey/containers/jersey-container-servlet-core/2.33/jersey-container-servlet-core-2.33.jar:/home/runner/.m2/repository/org/glassfish/hk2/external/jakarta.inject/2.6.1/jakarta.inject-2.6.1.jar:/home/runner/.m2/repository/org/glassfish/jersey/core/jersey-common/2.33/jersey-common-2.33.jar:/home/runner/.m2/repository/jakarta/ws/rs/jakarta.ws.rs-api/2.1.6/jakarta.ws.rs-api-2.1.6.jar:/home/runner/.m2/repository/org/glassfish/jersey/ext/cdi/jersey-cdi1x/2.33/jersey-cdi1x-2.33.jar:/home/runner/.m2/repository/org/glassfish/jersey/inject/jersey-hk2/2.33/jersey-hk2-2.33.jar:/home/runner/.m2/repository/org/glassfish/hk2/hk2-locator/2.6.1/hk2-locator-2.6.1.jar:/home/runner/.m2/repository/org/glassfish/jersey/media/jersey-media-jaxb/2.33/jersey-media-jaxb-2.33.jar:/home/runner/.m2/repository/org/glassfish/hk2/osgi-resource-locator/1.0.3/osgi-resource-locator-1.0.3.jar:/home/runner/.m2/repository/org/glassfish/hk2/hk2-api/2.5.0/hk2-api-2.5.0.jar:/home/runner/.m2/repository/org/glassfish/hk2/hk2-utils/2.5.0/hk2-utils-2.5.0.jar:/home/runner/.m2/repository/org/glassfish/hk2/external/aopalliance-repackaged/2.5.0/aopalliance-repackaged-2.5.0.jar:/home/runner/.m2/repository/com/fasterxml/jackson/dataformat/jackson-dataformat-xml/2.12.1/jackson-dataformat-xml-2.12.1.jar:/home/runner/.m2/repository/com/fasterxml/jackson/core/jackson-core/2.12.1/jackson-core-2.12.1.jar:/home/runner/.m2/repository/com/fasterxml/jackson/module/jackson-module-jaxb-annotations/2.12.1/jackson-module-jaxb-annotations-2.12.1.jar:/home/runner/.m2/repository/jakarta/xml/bind/jakarta.xml.bind-api/2.3.2/jakarta.xml.bind-api-2.3.2.jar:/home/runner/.m2/repository/org/codehaus/woodstox/stax2-api/3.1.4/stax2-api-3.1.4.jar:/home/runner/.m2/repository/com/fasterxml/woodstox/woodstox-core/5.0.3/woodstox-core-5.0.3.jar:/home/runner/.m2/repository/javax/enterprise/cdi-api/1.2/cdi-api-1.2.jar:/home/runner/.m2/repository/javax/el/javax.el-api/3.0.0/javax.el-api-3.0.0.jar:/home/runner/.m2/repository/javax/interceptor/javax.interceptor-api/1.2/javax.interceptor-api-1.2.jar:/home/runner/.m2/repository/javax/inject/javax.inject/1/javax.inject-1.jar:/home/runner/.m2/repository/javax/xml/bind/jaxb-api/2.3.0/jaxb-api-2.3.0.jar:/home/runner/.m2/repository/org/glassfish/jaxb/jaxb-runtime/2.3.0.1/jaxb-runtime-2.3.0.1.jar:/home/runner/.m2/repository/org/glassfish/jaxb/jaxb-core/2.3.0.1/jaxb-core-2.3.0.1.jar:/home/runner/.m2/repository/org/glassfish/jaxb/txw2/2.3.0.1/txw2-2.3.0.1.jar:/home/runner/.m2/repository/com/sun/istack/istack-commons-runtime/3.0.5/istack-commons-runtime-3.0.5.jar:/home/runner/.m2/repository/org/jvnet/staxex/stax-ex/1.7.8/stax-ex-1.7.8.jar:/home/runner/.m2/repository/com/sun/xml/fastinfoset/FastInfoset/1.2.13/FastInfoset-1.2.13.jar:/home/runner/.m2/repository/javax/activation/activation/1.1.1/activation-1.1.1.jar:/home/runner/.m2/repository/org/apache/ozone/ozone-csi/1.2.0-SNAPSHOT/ozone-csi-1.2.0-SNAPSHOT.jar:/home/runner/.m2/repository/com/google/protobuf/protobuf-java-util/3.12.0/protobuf-java-util-3.12.0.jar:/home/runner/.m2/repository/com/google/code/gson/gson/2.2.4/gson-2.2.4.jar:/home/runner/.m2/repository/org/apache/ozone/hdds-config/1.2.0-SNAPSHOT/hdds-config-1.2.0-SNAPSHOT.jar:/home/runner/.m2/repository/io/grpc/grpc-netty/1.33.0/grpc-netty-1.33.0.jar:/home/runner/.m2/repository/io/grpc/grpc-core/1.33.0/grpc-core-1.33.0.jar:/home/runner/.m2/repository/com/google/android/annotations/4.1.1.4/annotations-4.1.1.4.jar:/home/runner/.m2/repository/io/netty/netty-codec-http2/4.1.63.Final/netty-codec-http2-4.1.63.Final.jar:/home/runner/.m2/repository/io/netty/netty-codec-http/4.1.63.Final/netty-codec-http-4.1.63.Final.jar:/home/runner/.m2/repository/io/netty/netty-handler-proxy/4.1.63.Final/netty-handler-proxy-4.1.63.Final.jar:/home/runner/.m2/repository/io/netty/netty-codec-socks/4.1.63.Final/netty-codec-socks-4.1.63.Final.jar:/home/runner/.m2/repository/io/perfmark/perfmark-api/0.19.0/perfmark-api-0.19.0.jar:/home/runner/.m2/repository/org/codehaus/mojo/animal-sniffer-annotations/1.18/animal-sniffer-annotations-1.18.jar:/home/runner/.m2/repository/io/netty/netty-transport-native-epoll/4.1.63.Final/netty-transport-native-epoll-4.1.63.Final.jar:/home/runner/.m2/repository/io/netty/netty-common/4.1.63.Final/netty-common-4.1.63.Final.jar:/home/runner/.m2/repository/io/netty/netty-buffer/4.1.63.Final/netty-buffer-4.1.63.Final.jar:/home/runner/.m2/repository/io/netty/netty-transport-native-unix-common/4.1.63.Final/netty-transport-native-unix-common-4.1.63.Final.jar:/home/runner/.m2/repository/io/grpc/grpc-protobuf/1.33.0/grpc-protobuf-1.33.0.jar:/home/runner/.m2/repository/io/grpc/grpc-api/1.33.0/grpc-api-1.33.0.jar:/home/runner/.m2/repository/io/grpc/grpc-context/1.33.0/grpc-context-1.33.0.jar:/home/runner/.m2/repository/com/google/api/grpc/proto-google-common-protos/1.17.0/proto-google-common-protos-1.17.0.jar:/home/runner/.m2/repository/io/grpc/grpc-protobuf-lite/1.33.0/grpc-protobuf-lite-1.33.0.jar:/home/runner/.m2/repository/io/grpc/grpc-stub/1.33.0/grpc-stub-1.33.0.jar:/home/runner/.m2/repository/org/apache/ozone/ozone-recon/1.2.0-SNAPSHOT/ozone-recon-1.2.0-SNAPSHOT.jar:/home/runner/.m2/repository/org/apache/ozone/ozone-reconcodegen/1.2.0-SNAPSHOT/ozone-reconcodegen-1.2.0-SNAPSHOT.jar:/home/runner/.m2/repository/com/google/inject/extensions/guice-multibindings/4.0/guice-multibindings-4.0.jar:/home/runner/.m2/repository/com/google/inject/guice/4.0/guice-4.0.jar:/home/runner/.m2/repository/aopalliance/aopalliance/1.0/aopalliance-1.0.jar:/home/runner/.m2/repository/com/google/inject/extensions/guice-assistedinject/4.0/guice-assistedinject-4.0.jar:/home/runner/.m2/repository/com/google/inject/extensions/guice-servlet/4.0/guice-servlet-4.0.jar:/home/runner/.m2/repository/org/glassfish/jersey/containers/jersey-container-servlet/2.33/jersey-container-servlet-2.33.jar:/home/runner/.m2/repository/org/glassfish/hk2/guice-bridge/2.5.0/guice-bridge-2.5.0.jar:/home/runner/.m2/repository/org/glassfish/jersey/core/jersey-server/2.33/jersey-server-2.33.jar:/home/runner/.m2/repository/org/glassfish/jersey/core/jersey-client/2.33/jersey-client-2.33.jar:/home/runner/.m2/repository/jakarta/annotation/jakarta.annotation-api/1.3.5/jakarta.annotation-api-1.3.5.jar:/home/runner/.m2/repository/jakarta/validation/jakarta.validation-api/2.0.2/jakarta.validation-api-2.0.2.jar:/home/runner/.m2/repository/org/glassfish/jersey/media/jersey-media-json-jackson/2.33/jersey-media-json-jackson-2.33.jar:/home/runner/.m2/repository/org/glassfish/jersey/ext/jersey-entity-filtering/2.33/jersey-entity-filtering-2.33.jar:/home/runner/.m2/repository/org/jooq/jooq/3.11.10/jooq-3.11.10.jar:/home/runner/.m2/repository/org/jooq/jooq-meta/3.11.10/jooq-meta-3.11.10.jar:/home/runner/.m2/repository/org/jooq/jooq-codegen/3.11.10/jooq-codegen-3.11.10.jar:/home/runner/.m2/repository/com/jolbox/bonecp/0.8.0.RELEASE/bonecp-0.8.0.RELEASE.jar:/home/runner/.m2/repository/org/apache/derby/derby/10.14.2.0/derby-10.14.2.0.jar:/home/runner/.m2/repository/org/xerial/sqlite-jdbc/3.25.2/sqlite-jdbc-3.25.2.jar:/home/runner/.m2/repository/org/springframework/spring-jdbc/5.2.11.RELEASE/spring-jdbc-5.2.11.RELEASE.jar:/home/runner/.m2/repository/org/springframework/spring-beans/5.2.11.RELEASE/spring-beans-5.2.11.RELEASE.jar:/home/runner/.m2/repository/org/springframework/spring-core/5.2.11.RELEASE/spring-core-5.2.11.RELEASE.jar:/home/runner/.m2/repository/org/springframework/spring-jcl/5.2.11.RELEASE/spring-jcl-5.2.11.RELEASE.jar:/home/runner/.m2/repository/org/springframework/spring-tx/5.2.11.RELEASE/spring-tx-5.2.11.RELEASE.jar:/home/runner/.m2/repository/org/apache/ozone/ozone-client/1.2.0-SNAPSHOT/ozone-client-1.2.0-SNAPSHOT.jar:/home/runner/.m2/repository/org/apache/ozone/ozone-filesystem/1.2.0-SNAPSHOT/ozone-filesystem-1.2.0-SNAPSHOT.jar:/home/runner/.m2/repository/org/apache/ozone/ozone-filesystem-common/1.2.0-SNAPSHOT/ozone-filesystem-common-1.2.0-SNAPSHOT.jar:/home/runner/.m2/repository/org/apache/ozone/ozone-tools/1.2.0-SNAPSHOT/ozone-tools-1.2.0-SNAPSHOT.jar:/home/runner/.m2/repository/org/apache/ratis/ratis-tools/2.1.0-03f3b68-SNAPSHOT/ratis-tools-2.1.0-03f3b68-SNAPSHOT.jar:/home/runner/.m2/repository/com/amazonaws/aws-java-sdk-core/1.11.901/aws-java-sdk-core-1.11.901.jar:/home/runner/.m2/repository/org/apache/httpcomponents/httpclient/4.5.13/httpclient-4.5.13.jar:/home/runner/.m2/repository/org/apache/httpcomponents/httpcore/4.4.13/httpcore-4.4.13.jar:/home/runner/.m2/repository/software/amazon/ion/ion-java/1.0.2/ion-java-1.0.2.jar:/home/runner/.m2/repository/com/fasterxml/jackson/dataformat/jackson-dataformat-cbor/2.12.1/jackson-dataformat-cbor-2.12.1.jar:/home/runner/.m2/repository/joda-time/joda-time/2.8.1/joda-time-2.8.1.jar:/home/runner/.m2/repository/com/amazonaws/aws-java-sdk-s3/1.11.901/aws-java-sdk-s3-1.11.901.jar:/home/runner/.m2/repository/com/amazonaws/aws-java-sdk-kms/1.11.901/aws-java-sdk-kms-1.11.901.jar:/home/runner/.m2/repository/com/amazonaws/jmespath-java/1.11.901/jmespath-java-1.11.901.jar:/home/runner/.m2/repository/org/kohsuke/metainf-services/metainf-services/1.8/metainf-services-1.8.jar:/home/runner/.m2/repository/org/apache/ozone/hdds-tools/1.2.0-SNAPSHOT/hdds-tools-1.2.0-SNAPSHOT.jar:/home/runner/.m2/repository/commons-cli/commons-cli/1.2/commons-cli-1.2.jar:/home/runner/.m2/repository/org/apache/commons/commons-lang3/3.7/commons-lang3-3.7.jar:/home/runner/.m2/repository/org/apache/ozone/ozone-manager/1.2.0-SNAPSHOT/ozone-manager-1.2.0-SNAPSHOT-tests.jar:/home/runner/.m2/repository/org/apache/ozone/hdds-common/1.2.0-SNAPSHOT/hdds-common-1.2.0-SNAPSHOT-tests.jar:/home/runner/.m2/repository/org/apache/ozone/hdds-hadoop-dependency-client/1.2.0-SNAPSHOT/hdds-hadoop-dependency-client-1.2.0-SNAPSHOT.jar:/home/runner/.m2/repository/info/picocli/picocli/4.6.1/picocli-4.6.1.jar:/home/runner/.m2/repository/com/fasterxml/jackson/core/jackson-annotations/2.12.1/jackson-annotations-2.12.1.jar:/home/runner/.m2/repository/javax/annotation/javax.annotation-api/1.2/javax.annotation-api-1.2.jar:/home/runner/.m2/repository/org/apache/ratis/ratis-server/2.1.0-03f3b68-SNAPSHOT/ratis-server-2.1.0-03f3b68-SNAPSHOT.jar:/home/runner/.m2/repository/org/apache/ratis/ratis-client/2.1.0-03f3b68-SNAPSHOT/ratis-client-2.1.0-03f3b68-SNAPSHOT.jar:/home/runner/.m2/repository/org/apache/ratis/ratis-server-api/2.1.0-03f3b68-SNAPSHOT/ratis-server-api-2.1.0-03f3b68-SNAPSHOT.jar:/home/runner/.m2/repository/org/apache/ratis/ratis-metrics/2.1.0-03f3b68-SNAPSHOT/ratis-metrics-2.1.0-03f3b68-SNAPSHOT.jar:/home/runner/.m2/repository/org/apache/ratis/ratis-netty/2.1.0-03f3b68-SNAPSHOT/ratis-netty-2.1.0-03f3b68-SNAPSHOT.jar:/home/runner/.m2/repository/org/apache/ratis/ratis-grpc/2.1.0-03f3b68-SNAPSHOT/ratis-grpc-2.1.0-03f3b68-SNAPSHOT.jar:/home/runner/.m2/repository/org/apache/logging/log4j/log4j-api/2.13.3/log4j-api-2.13.3.jar:/home/runner/.m2/repository/org/apache/logging/log4j/log4j-core/2.13.3/log4j-core-2.13.3.jar:/home/runner/.m2/repository/com/lmax/disruptor/3.4.2/disruptor-3.4.2.jar:/home/runner/.m2/repository/org/apache/commons/commons-pool2/2.6.0/commons-pool2-2.6.0.jar:/home/runner/.m2/repository/org/bouncycastle/bcpkix-jdk15on/1.67/bcpkix-jdk15on-1.67.jar:/home/runner/.m2/repository/commons-validator/commons-validator/1.6/commons-validator-1.6.jar:/home/runner/.m2/repository/commons-beanutils/commons-beanutils/1.9.4/commons-beanutils-1.9.4.jar:/home/runner/.m2/repository/commons-digester/commons-digester/1.8.1/commons-digester-1.8.1.jar:/home/runner/.m2/repository/commons-collections/commons-collections/3.2.2/commons-collections-3.2.2.jar:/home/runner/.m2/repository/io/jaegertracing/jaeger-client/1.6.0/jaeger-client-1.6.0.jar:/home/runner/.m2/repository/io/jaegertracing/jaeger-thrift/1.6.0/jaeger-thrift-1.6.0.jar:/home/runner/.m2/repository/org/apache/thrift/libthrift/0.14.1/libthrift-0.14.1.jar:/home/runner/.m2/repository/com/squareup/okhttp3/okhttp/4.9.0/okhttp-4.9.0.jar:/home/runner/.m2/repository/com/squareup/okio/okio/2.8.0/okio-2.8.0.jar:/home/runner/.m2/repository/io/jaegertracing/jaeger-core/1.6.0/jaeger-core-1.6.0.jar:/home/runner/.m2/repository/io/jaegertracing/jaeger-tracerresolver/1.6.0/jaeger-tracerresolver-1.6.0.jar:/home/runner/.m2/repository/io/opentracing/contrib/opentracing-tracerresolver/0.1.8/opentracing-tracerresolver-0.1.8.jar:/home/runner/.m2/repository/org/jetbrains/kotlin/kotlin-stdlib/1.4.31/kotlin-stdlib-1.4.31.jar:/home/runner/.m2/repository/org/jetbrains/kotlin/kotlin-stdlib-common/1.4.31/kotlin-stdlib-common-1.4.31.jar:/home/runner/.m2/repository/org/jetbrains/annotations/13.0/annotations-13.0.jar:/home/runner/.m2/repository/io/opentracing/opentracing-util/0.33.0/opentracing-util-0.33.0.jar:/home/runner/.m2/repository/io/opentracing/opentracing-api/0.33.0/opentracing-api-0.33.0.jar:/home/runner/.m2/repository/io/opentracing/opentracing-noop/0.33.0/opentracing-noop-0.33.0.jar:/home/runner/.m2/repository/org/yaml/snakeyaml/1.26/snakeyaml-1.26.jar:/home/runner/.m2/repository/org/apache/ozone/hdds-interface-admin/1.2.0-SNAPSHOT/hdds-interface-admin-1.2.0-SNAPSHOT.jar:/home/runner/.m2/repository/junit/junit/4.13.1/junit-4.13.1.jar:/home/runner/.m2/repository/org/hamcrest/hamcrest-core/1.3/hamcrest-core-1.3.jar:/home/runner/.m2/repository/org/junit/jupiter/junit-jupiter-api/5.7.0/junit-jupiter-api-5.7.0.jar:/home/runner/.m2/repository/org/apiguardian/apiguardian-api/1.1.0/apiguardian-api-1.1.0.jar:/home/runner/.m2/repository/org/opentest4j/opentest4j/1.2.0/opentest4j-1.2.0.jar:/home/runner/.m2/repository/org/junit/platform/junit-platform-commons/1.7.0/junit-platform-commons-1.7.0.jar:/home/runner/.m2/repository/org/junit/jupiter/junit-jupiter-engine/5.7.0/junit-jupiter-engine-5.7.0.jar:/home/runner/.m2/repository/org/junit/platform/junit-platform-engine/1.7.0/junit-platform-engine-1.7.0.jar:/home/runner/.m2/repository/org/junit/vintage/junit-vintage-engine/5.7.0/junit-vintage-engine-5.7.0.jar:/home/runner/.m2/repository/org/junit/platform/junit-platform-launcher/1.7.0/junit-platform-launcher-1.7.0.jar:/home/runner/.m2/repository/org/openjdk/jmh/jmh-core/1.19/jmh-core-1.19.jar:/home/runner/.m2/repository/net/sf/jopt-simple/jopt-simple/4.6/jopt-simple-4.6.jar:/home/runner/.m2/repository/org/apache/commons/commons-math3/3.1.1/commons-math3-3.1.1.jar:/home/runner/.m2/repository/org/openjdk/jmh/jmh-generator-annprocess/1.19/jmh-generator-annprocess-1.19.jar:/home/runner/.m2/repository/org/mockito/mockito-core/2.28.2/mockito-core-2.28.2.jar:/home/runner/.m2/repository/net/bytebuddy/byte-buddy/1.9.10/byte-buddy-1.9.10.jar:/home/runner/.m2/repository/net/bytebuddy/byte-buddy-agent/1.9.10/byte-buddy-agent-1.9.10.jar:/home/runner/.m2/repository/org/objenesis/objenesis/1.0/objenesis-1.0.jar:/home/runner/.m2/repository/org/apache/hadoop/hadoop-kms/3.3.1/hadoop-kms-3.3.1.jar:/home/runner/.m2/repository/org/apache/hadoop/hadoop-auth/3.3.1/hadoop-auth-3.3.1.jar:/home/runner/.m2/repository/com/nimbusds/nimbus-jose-jwt/7.9/nimbus-jose-jwt-7.9.jar:/home/runner/.m2/repository/com/github/stephenc/jcip/jcip-annotations/1.0-1/jcip-annotations-1.0-1.jar:/home/runner/.m2/repository/net/minidev/json-smart/2.3/json-smart-2.3.jar:/home/runner/.m2/repository/net/minidev/accessors-smart/1.2/accessors-smart-1.2.jar:/home/runner/.m2/repository/org/ow2/asm/asm/5.0.4/asm-5.0.4.jar:/home/runner/.m2/repository/org/apache/zookeeper/zookeeper/3.5.6/zookeeper-3.5.6.jar:/home/runner/.m2/repository/org/apache/zookeeper/zookeeper-jute/3.5.6/zookeeper-jute-3.5.6.jar:/home/runner/.m2/repository/org/apache/yetus/audience-annotations/0.5.0/audience-annotations-0.5.0.jar:/home/runner/.m2/repository/org/apache/curator/curator-framework/4.2.0/curator-framework-4.2.0.jar:/home/runner/.m2/repository/org/apache/hadoop/thirdparty/hadoop-shaded-guava/1.1.1/hadoop-shaded-guava-1.1.1.jar:/home/runner/.m2/repository/com/sun/jersey/jersey-core/1.19/jersey-core-1.19.jar:/home/runner/.m2/repository/javax/ws/rs/jsr311-api/1.1.1/jsr311-api-1.1.1.jar:/home/runner/.m2/repository/com/sun/jersey/jersey-server/1.19/jersey-server-1.19.jar:/home/runner/.m2/repository/javax/servlet/javax.servlet-api/3.1.0/javax.servlet-api-3.1.0.jar:/home/runner/.m2/repository/org/eclipse/jetty/jetty-server/9.4.43.v20210629/jetty-server-9.4.43.v20210629.jar:/home/runner/.m2/repository/org/eclipse/jetty/jetty-http/9.4.43.v20210629/jetty-http-9.4.43.v20210629.jar:/home/runner/.m2/repository/org/eclipse/jetty/jetty-io/9.4.43.v20210629/jetty-io-9.4.43.v20210629.jar:/home/runner/.m2/repository/org/eclipse/jetty/jetty-webapp/9.4.43.v20210629/jetty-webapp-9.4.43.v20210629.jar:/home/runner/.m2/repository/org/eclipse/jetty/jetty-xml/9.4.43.v20210629/jetty-xml-9.4.43.v20210629.jar:/home/runner/.m2/repository/org/apache/hadoop/hadoop-common/3.3.1/hadoop-common-3.3.1.jar:/home/runner/.m2/repository/commons-net/commons-net/3.6/commons-net-3.6.jar:/home/runner/.m2/repository/jakarta/activation/jakarta.activation-api/1.2.1/jakarta.activation-api-1.2.1.jar:/home/runner/.m2/repository/com/sun/jersey/jersey-servlet/1.19/jersey-servlet-1.19.jar:/home/runner/.m2/repository/com/sun/jersey/jersey-json/1.19/jersey-json-1.19.jar:/home/runner/.m2/repository/org/codehaus/jettison/jettison/1.1/jettison-1.1.jar:/home/runner/.m2/repository/com/sun/xml/bind/jaxb-impl/2.2.3-1/jaxb-impl-2.2.3-1.jar:/home/runner/.m2/repository/org/codehaus/jackson/jackson-jaxrs/1.9.2/jackson-jaxrs-1.9.2.jar:/home/runner/.m2/repository/org/codehaus/jackson/jackson-xc/1.9.2/jackson-xc-1.9.2.jar:/home/runner/.m2/repository/org/apache/commons/commons-configuration2/2.1.1/commons-configuration2-2.1.1.jar:/home/runner/.m2/repository/org/apache/commons/commons-text/1.4/commons-text-1.4.jar:/home/runner/.m2/repository/com/google/re2j/re2j/1.1/re2j-1.1.jar:/home/runner/.m2/repository/com/jcraft/jsch/0.1.54/jsch-0.1.54.jar:/home/runner/.m2/repository/org/apache/curator/curator-client/4.2.0/curator-client-4.2.0.jar:/home/runner/.m2/repository/org/apache/curator/curator-recipes/4.2.0/curator-recipes-4.2.0.jar:/home/runner/.m2/repository/org/apache/kerby/kerb-core/1.0.1/kerb-core-1.0.1.jar:/home/runner/.m2/repository/org/apache/kerby/kerby-pkix/1.0.1/kerby-pkix-1.0.1.jar:/home/runner/.m2/repository/org/apache/kerby/kerby-asn1/1.0.1/kerby-asn1-1.0.1.jar:/home/runner/.m2/repository/org/apache/kerby/kerby-util/1.0.1/kerby-util-1.0.1.jar:/home/runner/.m2/repository/dnsjava/dnsjava/2.1.7/dnsjava-2.1.7.jar:/home/runner/.m2/repository/org/xerial/snappy/snappy-java/1.1.8.2/snappy-java-1.1.8.2.jar:/home/runner/.m2/repository/org/slf4j/jul-to-slf4j/1.7.30/jul-to-slf4j-1.7.30.jar:/home/runner/.m2/repository/org/eclipse/jetty/jetty-util/9.4.43.v20210629/jetty-util-9.4.43.v20210629.jar:/home/runner/.m2/repository/com/fasterxml/jackson/core/jackson-databind/2.12.1/jackson-databind-2.12.1.jar:/home/runner/.m2/repository/org/apache/hadoop/hadoop-kms/3.3.1/hadoop-kms-3.3.1-tests.jar:/home/runner/.m2/repository/org/apache/ozone/hdds-server-scm/1.2.0-SNAPSHOT/hdds-server-scm-1.2.0-SNAPSHOT-tests.jar:/home/runner/.m2/repository/org/apache/ozone/hdds-container-service/1.2.0-SNAPSHOT/hdds-container-service-1.2.0-SNAPSHOT-tests.jar:/home/runner/.m2/repository/commons-codec/commons-codec/1.11/commons-codec-1.11.jar:/home/runner/.m2/repository/io/netty/netty-transport/4.1.63.Final/netty-transport-4.1.63.Final.jar:/home/runner/.m2/repository/io/netty/netty-resolver/4.1.63.Final/netty-resolver-4.1.63.Final.jar:/home/runner/.m2/repository/io/netty/netty-codec/4.1.63.Final/netty-codec-4.1.63.Final.jar:/home/runner/.m2/repository/io/netty/netty-handler/4.1.63.Final/netty-handler-4.1.63.Final.jar:/home/runner/.m2/repository/org/apache/ozone/hdds-hadoop-dependency-test/1.2.0-SNAPSHOT/hdds-hadoop-dependency-test-1.2.0-SNAPSHOT.jar:/home/runner/.m2/repository/org/apache/hadoop/hadoop-common/3.3.1/hadoop-common-3.3.1-tests.jar:/home/runner/.m2/repository/org/assertj/assertj-core/3.12.2/assertj-core-3.12.2.jar:/home/runner/.m2/repository/org/apache/hadoop/hadoop-hdfs/3.3.1/hadoop-hdfs-3.3.1-tests.jar:/home/runner/.m2/repository/org/eclipse/jetty/jetty-util-ajax/9.4.43.v20210629/jetty-util-ajax-9.4.43.v20210629.jar:/home/runner/.m2/repository/commons-daemon/commons-daemon/1.0.13/commons-daemon-1.0.13.jar:/home/runner/.m2/repository/io/netty/netty/3.10.6.Final/netty-3.10.6.Final.jar:/home/runner/.m2/repository/io/netty/netty-all/4.1.63.Final/netty-all-4.1.63.Final.jar:/home/runner/.m2/repository/org/apache/htrace/htrace-core4/4.1.0-incubating/htrace-core4-4.1.0-incubating.jar:/home/runner/.m2/repository/org/fusesource/leveldbjni/leveldbjni-all/1.8/leveldbjni-all-1.8.jar:/home/runner/.m2/repository/org/apache/hadoop/hadoop-distcp/3.3.1/hadoop-distcp-3.3.1.jar:/home/runner/.m2/repository/org/apache/hadoop/hadoop-mapreduce-client-jobclient/3.3.1/hadoop-mapreduce-client-jobclient-3.3.1.jar:/home/runner/.m2/repository/org/apache/hadoop/hadoop-mapreduce-client-common/3.3.1/hadoop-mapreduce-client-common-3.3.1.jar:/home/runner/.m2/repository/org/apache/hadoop/hadoop-yarn-common/3.3.1/hadoop-yarn-common-3.3.1.jar:/home/runner/.m2/repository/org/apache/hadoop/hadoop-yarn-api/3.3.1/hadoop-yarn-api-3.3.1.jar:/home/runner/.m2/repository/com/sun/jersey/jersey-client/1.19/jersey-client-1.19.jar:/home/runner/.m2/repository/com/sun/jersey/contribs/jersey-guice/1.19/jersey-guice-1.19.jar:/home/runner/.m2/repository/com/fasterxml/jackson/jaxrs/jackson-jaxrs-json-provider/2.12.1/jackson-jaxrs-json-provider-2.12.1.jar:/home/runner/.m2/repository/com/fasterxml/jackson/jaxrs/jackson-jaxrs-base/2.12.1/jackson-jaxrs-base-2.12.1.jar:/home/runner/.m2/repository/org/apache/hadoop/hadoop-yarn-client/3.3.1/hadoop-yarn-client-3.3.1.jar:/home/runner/.m2/repository/org/eclipse/jetty/websocket/websocket-client/9.4.40.v20210413/websocket-client-9.4.40.v20210413.jar:/home/runner/.m2/repository/org/eclipse/jetty/jetty-client/9.4.40.v20210413/jetty-client-9.4.40.v20210413.jar:/home/runner/.m2/repository/org/eclipse/jetty/websocket/websocket-common/9.4.40.v20210413/websocket-common-9.4.40.v20210413.jar:/home/runner/.m2/repository/org/eclipse/jetty/websocket/websocket-api/9.4.40.v20210413/websocket-api-9.4.40.v20210413.jar:/home/runner/.m2/repository/org/jline/jline/3.9.0/jline-3.9.0.jar:/home/runner/.m2/repository/org/apache/hadoop/hadoop-mapreduce-client-core/3.3.1/hadoop-mapreduce-client-core-3.3.1.jar:/home/runner/.m2/repository/org/apache/avro/avro/1.7.7/avro-1.7.7.jar:/home/runner/.m2/repository/org/codehaus/jackson/jackson-core-asl/1.9.13/jackson-core-asl-1.9.13.jar:/home/runner/.m2/repository/org/codehaus/jackson/jackson-mapper-asl/1.9.13/jackson-mapper-asl-1.9.13.jar:/home/runner/.m2/repository/com/thoughtworks/paranamer/paranamer/2.3/paranamer-2.3.jar:/home/runner/.m2/repository/org/apache/hadoop/hadoop-annotations/3.3.1/hadoop-annotations-3.3.1.jar:/usr/lib/jvm/adoptopenjdk-8-hotspot-amd64/jre/../lib/tools.jar:/home/runner/.m2/repository/org/apache/hadoop/hadoop-distcp/3.3.1/hadoop-distcp-3.3.1-tests.jar:/home/runner/.m2/repository/org/apache/ratis/ratis-common/2.1.0-03f3b68-SNAPSHOT/ratis-common-2.1.0-03f3b68-SNAPSHOT.jar:/home/runner/.m2/repository/org/apache/ratis/ratis-thirdparty-misc/0.7.0/ratis-thirdparty-misc-0.7.0.jar:/home/runner/.m2/repository/org/apache/ratis/ratis-proto/2.1.0-03f3b68-SNAPSHOT/ratis-proto-2.1.0-03f3b68-SNAPSHOT.jar:"/>
    <property name="java.vm.vendor" value="AdoptOpenJDK"/>
    <property name="sun.arch.data.model" value="64"/>
    <property name="test.build.dir" value="/home/runner/work/ozone/ozone/hadoop-ozone/integration-test/target/test-dir"/>
    <property name="test.cache.data" value=""/>
    <property name="java.vendor.url" value="https://adoptopenjdk.net/"/>
    <property name="user.timezone" value=""/>
    <property name="java.vm.specification.version" value="1.8"/>
    <property name="os.name" value="Linux"/>
    <property name="test.build.data" value="/home/runner/work/ozone/ozone/hadoop-ozone/integration-test/target/test-dir"/>
    <property name="sun.java.launcher" value="SUN_STANDARD"/>
    <property name="sun.boot.library.path" value="/usr/lib/jvm/adoptopenjdk-8-hotspot-amd64/jre/lib/amd64"/>
    <property name="sun.java.command" value="/home/runner/work/ozone/ozone/hadoop-ozone/integration-test/target/surefire/surefirebooter2257630156024851422.jar /home/runner/work/ozone/ozone/hadoop-ozone/integration-test/target/surefire 2021-09-22T00-55-44_388-jvmRun1 surefire1124075948917560663tmp surefire_5347225737893819187tmp"/>
    <property name="surefire.test.class.path" value="/home/runner/work/ozone/ozone/hadoop-ozone/integration-test/target/test-classes:/home/runner/work/ozone/ozone/hadoop-ozone/integration-test/target/classes:/home/runner/.m2/repository/org/apache/ozone/ozone-common/1.2.0-SNAPSHOT/ozone-common-1.2.0-SNAPSHOT.jar:/home/runner/.m2/repository/org/apache/commons/commons-compress/1.20/commons-compress-1.20.jar:/home/runner/.m2/repository/org/apache/ozone/hdds-common/1.2.0-SNAPSHOT/hdds-common-1.2.0-SNAPSHOT.jar:/home/runner/.m2/repository/org/apache/ozone/hdds-client/1.2.0-SNAPSHOT/hdds-client-1.2.0-SNAPSHOT.jar:/home/runner/.m2/repository/org/apache/ozone/ozone-interface-client/1.2.0-SNAPSHOT/ozone-interface-client-1.2.0-SNAPSHOT.jar:/home/runner/.m2/repository/org/apache/ozone/hdds-server-framework/1.2.0-SNAPSHOT/hdds-server-framework-1.2.0-SNAPSHOT.jar:/home/runner/.m2/repository/org/apache/ozone/hdds-interface-server/1.2.0-SNAPSHOT/hdds-interface-server-1.2.0-SNAPSHOT.jar:/home/runner/.m2/repository/org/eclipse/jetty/jetty-servlet/9.4.43.v20210629/jetty-servlet-9.4.43.v20210629.jar:/home/runner/.m2/repository/org/eclipse/jetty/jetty-security/9.4.43.v20210629/jetty-security-9.4.43.v20210629.jar:/home/runner/.m2/repository/org/rocksdb/rocksdbjni/6.20.3/rocksdbjni-6.20.3.jar:/home/runner/.m2/repository/io/prometheus/simpleclient_dropwizard/0.7.0/simpleclient_dropwizard-0.7.0.jar:/home/runner/.m2/repository/io/prometheus/simpleclient/0.7.0/simpleclient-0.7.0.jar:/home/runner/.m2/repository/io/prometheus/simpleclient_common/0.7.0/simpleclient_common-0.7.0.jar:/home/runner/.m2/repository/com/fasterxml/jackson/datatype/jackson-datatype-jsr310/2.12.1/jackson-datatype-jsr310-2.12.1.jar:/home/runner/.m2/repository/org/apache/ozone/hdds-test-utils/1.2.0-SNAPSHOT/hdds-test-utils-1.2.0-SNAPSHOT.jar:/home/runner/.m2/repository/com/google/guava/guava/30.1.1-jre/guava-30.1.1-jre.jar:/home/runner/.m2/repository/com/google/guava/failureaccess/1.0.1/failureaccess-1.0.1.jar:/home/runner/.m2/repository/com/google/guava/listenablefuture/9999.0-empty-to-avoid-conflict-with-guava/listenablefuture-9999.0-empty-to-avoid-conflict-with-guava.jar:/home/runner/.m2/repository/com/google/code/findbugs/jsr305/3.0.0/jsr305-3.0.0.jar:/home/runner/.m2/repository/org/checkerframework/checker-qual/3.8.0/checker-qual-3.8.0.jar:/home/runner/.m2/repository/com/google/errorprone/error_prone_annotations/2.2.0/error_prone_annotations-2.2.0.jar:/home/runner/.m2/repository/com/google/j2objc/j2objc-annotations/1.3/j2objc-annotations-1.3.jar:/home/runner/.m2/repository/commons-io/commons-io/2.8.0/commons-io-2.8.0.jar:/home/runner/.m2/repository/commons-logging/commons-logging/1.2/commons-logging-1.2.jar:/home/runner/.m2/repository/log4j/log4j/1.2.17/log4j-1.2.17.jar:/home/runner/.m2/repository/org/slf4j/slf4j-api/1.7.30/slf4j-api-1.7.30.jar:/home/runner/.m2/repository/org/apache/ozone/hdds-server-scm/1.2.0-SNAPSHOT/hdds-server-scm-1.2.0-SNAPSHOT.jar:/home/runner/.m2/repository/org/apache/ozone/hdds-container-service/1.2.0-SNAPSHOT/hdds-container-service-1.2.0-SNAPSHOT.jar:/home/runner/.m2/repository/org/apache/ozone/hdds-hadoop-dependency-server/1.2.0-SNAPSHOT/hdds-hadoop-dependency-server-1.2.0-SNAPSHOT.jar:/home/runner/.m2/repository/org/apache/hadoop/hadoop-hdfs/3.3.1/hadoop-hdfs-3.3.1.jar:/home/runner/.m2/repository/io/dropwizard/metrics/metrics-core/3.2.4/metrics-core-3.2.4.jar:/home/runner/.m2/repository/org/apache/hadoop/hadoop-hdfs-client/3.3.1/hadoop-hdfs-client-3.3.1.jar:/home/runner/.m2/repository/org/bouncycastle/bcprov-jdk15on/1.67/bcprov-jdk15on-1.67.jar:/home/runner/.m2/repository/com/google/protobuf/protobuf-java/2.5.0/protobuf-java-2.5.0.jar:/home/runner/.m2/repository/org/apache/ozone/ozone-manager/1.2.0-SNAPSHOT/ozone-manager-1.2.0-SNAPSHOT.jar:/home/runner/.m2/repository/org/aspectj/aspectjrt/1.9.7/aspectjrt-1.9.7.jar:/home/runner/.m2/repository/org/aspectj/aspectjweaver/1.9.7/aspectjweaver-1.9.7.jar:/home/runner/.m2/repository/org/apache/ozone/hdds-interface-client/1.2.0-SNAPSHOT/hdds-interface-client-1.2.0-SNAPSHOT.jar:/home/runner/.m2/repository/org/apache/hadoop/thirdparty/hadoop-shaded-protobuf_3_7/1.1.1/hadoop-shaded-protobuf_3_7-1.1.1.jar:/home/runner/.m2/repository/org/apache/ozone/ozone-interface-storage/1.2.0-SNAPSHOT/ozone-interface-storage-1.2.0-SNAPSHOT.jar:/home/runner/.m2/repository/org/reflections/reflections/0.9.11/reflections-0.9.11.jar:/home/runner/.m2/repository/org/apache/hadoop/hadoop-minikdc/3.3.1/hadoop-minikdc-3.3.1.jar:/home/runner/.m2/repository/org/apache/kerby/kerb-simplekdc/1.0.1/kerb-simplekdc-1.0.1.jar:/home/runner/.m2/repository/org/apache/kerby/kerb-client/1.0.1/kerb-client-1.0.1.jar:/home/runner/.m2/repository/org/apache/kerby/kerby-config/1.0.1/kerby-config-1.0.1.jar:/home/runner/.m2/repository/org/apache/kerby/kerb-common/1.0.1/kerb-common-1.0.1.jar:/home/runner/.m2/repository/org/apache/kerby/kerb-crypto/1.0.1/kerb-crypto-1.0.1.jar:/home/runner/.m2/repository/org/apache/kerby/kerb-util/1.0.1/kerb-util-1.0.1.jar:/home/runner/.m2/repository/org/apache/kerby/token-provider/1.0.1/token-provider-1.0.1.jar:/home/runner/.m2/repository/org/apache/kerby/kerb-admin/1.0.1/kerb-admin-1.0.1.jar:/home/runner/.m2/repository/org/apache/kerby/kerb-server/1.0.1/kerb-server-1.0.1.jar:/home/runner/.m2/repository/org/apache/kerby/kerb-identity/1.0.1/kerb-identity-1.0.1.jar:/home/runner/.m2/repository/org/apache/kerby/kerby-xdr/1.0.1/kerby-xdr-1.0.1.jar:/home/runner/.m2/repository/org/slf4j/slf4j-log4j12/1.7.30/slf4j-log4j12-1.7.30.jar:/home/runner/.m2/repository/org/apache/ozone/ozone-s3gateway/1.2.0-SNAPSHOT/ozone-s3gateway-1.2.0-SNAPSHOT.jar:/home/runner/.m2/repository/org/javassist/javassist/3.21.0-GA/javassist-3.21.0-GA.jar:/home/runner/.m2/repository/org/jboss/weld/servlet/weld-servlet/2.4.7.Final/weld-servlet-2.4.7.Final.jar:/home/runner/.m2/repository/org/glassfish/jersey/containers/jersey-container-servlet-core/2.33/jersey-container-servlet-core-2.33.jar:/home/runner/.m2/repository/org/glassfish/hk2/external/jakarta.inject/2.6.1/jakarta.inject-2.6.1.jar:/home/runner/.m2/repository/org/glassfish/jersey/core/jersey-common/2.33/jersey-common-2.33.jar:/home/runner/.m2/repository/jakarta/ws/rs/jakarta.ws.rs-api/2.1.6/jakarta.ws.rs-api-2.1.6.jar:/home/runner/.m2/repository/org/glassfish/jersey/ext/cdi/jersey-cdi1x/2.33/jersey-cdi1x-2.33.jar:/home/runner/.m2/repository/org/glassfish/jersey/inject/jersey-hk2/2.33/jersey-hk2-2.33.jar:/home/runner/.m2/repository/org/glassfish/hk2/hk2-locator/2.6.1/hk2-locator-2.6.1.jar:/home/runner/.m2/repository/org/glassfish/jersey/media/jersey-media-jaxb/2.33/jersey-media-jaxb-2.33.jar:/home/runner/.m2/repository/org/glassfish/hk2/osgi-resource-locator/1.0.3/osgi-resource-locator-1.0.3.jar:/home/runner/.m2/repository/org/glassfish/hk2/hk2-api/2.5.0/hk2-api-2.5.0.jar:/home/runner/.m2/repository/org/glassfish/hk2/hk2-utils/2.5.0/hk2-utils-2.5.0.jar:/home/runner/.m2/repository/org/glassfish/hk2/external/aopalliance-repackaged/2.5.0/aopalliance-repackaged-2.5.0.jar:/home/runner/.m2/repository/com/fasterxml/jackson/dataformat/jackson-dataformat-xml/2.12.1/jackson-dataformat-xml-2.12.1.jar:/home/runner/.m2/repository/com/fasterxml/jackson/core/jackson-core/2.12.1/jackson-core-2.12.1.jar:/home/runner/.m2/repository/com/fasterxml/jackson/module/jackson-module-jaxb-annotations/2.12.1/jackson-module-jaxb-annotations-2.12.1.jar:/home/runner/.m2/repository/jakarta/xml/bind/jakarta.xml.bind-api/2.3.2/jakarta.xml.bind-api-2.3.2.jar:/home/runner/.m2/repository/org/codehaus/woodstox/stax2-api/3.1.4/stax2-api-3.1.4.jar:/home/runner/.m2/repository/com/fasterxml/woodstox/woodstox-core/5.0.3/woodstox-core-5.0.3.jar:/home/runner/.m2/repository/javax/enterprise/cdi-api/1.2/cdi-api-1.2.jar:/home/runner/.m2/repository/javax/el/javax.el-api/3.0.0/javax.el-api-3.0.0.jar:/home/runner/.m2/repository/javax/interceptor/javax.interceptor-api/1.2/javax.interceptor-api-1.2.jar:/home/runner/.m2/repository/javax/inject/javax.inject/1/javax.inject-1.jar:/home/runner/.m2/repository/javax/xml/bind/jaxb-api/2.3.0/jaxb-api-2.3.0.jar:/home/runner/.m2/repository/org/glassfish/jaxb/jaxb-runtime/2.3.0.1/jaxb-runtime-2.3.0.1.jar:/home/runner/.m2/repository/org/glassfish/jaxb/jaxb-core/2.3.0.1/jaxb-core-2.3.0.1.jar:/home/runner/.m2/repository/org/glassfish/jaxb/txw2/2.3.0.1/txw2-2.3.0.1.jar:/home/runner/.m2/repository/com/sun/istack/istack-commons-runtime/3.0.5/istack-commons-runtime-3.0.5.jar:/home/runner/.m2/repository/org/jvnet/staxex/stax-ex/1.7.8/stax-ex-1.7.8.jar:/home/runner/.m2/repository/com/sun/xml/fastinfoset/FastInfoset/1.2.13/FastInfoset-1.2.13.jar:/home/runner/.m2/repository/javax/activation/activation/1.1.1/activation-1.1.1.jar:/home/runner/.m2/repository/org/apache/ozone/ozone-csi/1.2.0-SNAPSHOT/ozone-csi-1.2.0-SNAPSHOT.jar:/home/runner/.m2/repository/com/google/protobuf/protobuf-java-util/3.12.0/protobuf-java-util-3.12.0.jar:/home/runner/.m2/repository/com/google/code/gson/gson/2.2.4/gson-2.2.4.jar:/home/runner/.m2/repository/org/apache/ozone/hdds-config/1.2.0-SNAPSHOT/hdds-config-1.2.0-SNAPSHOT.jar:/home/runner/.m2/repository/io/grpc/grpc-netty/1.33.0/grpc-netty-1.33.0.jar:/home/runner/.m2/repository/io/grpc/grpc-core/1.33.0/grpc-core-1.33.0.jar:/home/runner/.m2/repository/com/google/android/annotations/4.1.1.4/annotations-4.1.1.4.jar:/home/runner/.m2/repository/io/netty/netty-codec-http2/4.1.63.Final/netty-codec-http2-4.1.63.Final.jar:/home/runner/.m2/repository/io/netty/netty-codec-http/4.1.63.Final/netty-codec-http-4.1.63.Final.jar:/home/runner/.m2/repository/io/netty/netty-handler-proxy/4.1.63.Final/netty-handler-proxy-4.1.63.Final.jar:/home/runner/.m2/repository/io/netty/netty-codec-socks/4.1.63.Final/netty-codec-socks-4.1.63.Final.jar:/home/runner/.m2/repository/io/perfmark/perfmark-api/0.19.0/perfmark-api-0.19.0.jar:/home/runner/.m2/repository/org/codehaus/mojo/animal-sniffer-annotations/1.18/animal-sniffer-annotations-1.18.jar:/home/runner/.m2/repository/io/netty/netty-transport-native-epoll/4.1.63.Final/netty-transport-native-epoll-4.1.63.Final.jar:/home/runner/.m2/repository/io/netty/netty-common/4.1.63.Final/netty-common-4.1.63.Final.jar:/home/runner/.m2/repository/io/netty/netty-buffer/4.1.63.Final/netty-buffer-4.1.63.Final.jar:/home/runner/.m2/repository/io/netty/netty-transport-native-unix-common/4.1.63.Final/netty-transport-native-unix-common-4.1.63.Final.jar:/home/runner/.m2/repository/io/grpc/grpc-protobuf/1.33.0/grpc-protobuf-1.33.0.jar:/home/runner/.m2/repository/io/grpc/grpc-api/1.33.0/grpc-api-1.33.0.jar:/home/runner/.m2/repository/io/grpc/grpc-context/1.33.0/grpc-context-1.33.0.jar:/home/runner/.m2/repository/com/google/api/grpc/proto-google-common-protos/1.17.0/proto-google-common-protos-1.17.0.jar:/home/runner/.m2/repository/io/grpc/grpc-protobuf-lite/1.33.0/grpc-protobuf-lite-1.33.0.jar:/home/runner/.m2/repository/io/grpc/grpc-stub/1.33.0/grpc-stub-1.33.0.jar:/home/runner/.m2/repository/org/apache/ozone/ozone-recon/1.2.0-SNAPSHOT/ozone-recon-1.2.0-SNAPSHOT.jar:/home/runner/.m2/repository/org/apache/ozone/ozone-reconcodegen/1.2.0-SNAPSHOT/ozone-reconcodegen-1.2.0-SNAPSHOT.jar:/home/runner/.m2/repository/com/google/inject/extensions/guice-multibindings/4.0/guice-multibindings-4.0.jar:/home/runner/.m2/repository/com/google/inject/guice/4.0/guice-4.0.jar:/home/runner/.m2/repository/aopalliance/aopalliance/1.0/aopalliance-1.0.jar:/home/runner/.m2/repository/com/google/inject/extensions/guice-assistedinject/4.0/guice-assistedinject-4.0.jar:/home/runner/.m2/repository/com/google/inject/extensions/guice-servlet/4.0/guice-servlet-4.0.jar:/home/runner/.m2/repository/org/glassfish/jersey/containers/jersey-container-servlet/2.33/jersey-container-servlet-2.33.jar:/home/runner/.m2/repository/org/glassfish/hk2/guice-bridge/2.5.0/guice-bridge-2.5.0.jar:/home/runner/.m2/repository/org/glassfish/jersey/core/jersey-server/2.33/jersey-server-2.33.jar:/home/runner/.m2/repository/org/glassfish/jersey/core/jersey-client/2.33/jersey-client-2.33.jar:/home/runner/.m2/repository/jakarta/annotation/jakarta.annotation-api/1.3.5/jakarta.annotation-api-1.3.5.jar:/home/runner/.m2/repository/jakarta/validation/jakarta.validation-api/2.0.2/jakarta.validation-api-2.0.2.jar:/home/runner/.m2/repository/org/glassfish/jersey/media/jersey-media-json-jackson/2.33/jersey-media-json-jackson-2.33.jar:/home/runner/.m2/repository/org/glassfish/jersey/ext/jersey-entity-filtering/2.33/jersey-entity-filtering-2.33.jar:/home/runner/.m2/repository/org/jooq/jooq/3.11.10/jooq-3.11.10.jar:/home/runner/.m2/repository/org/jooq/jooq-meta/3.11.10/jooq-meta-3.11.10.jar:/home/runner/.m2/repository/org/jooq/jooq-codegen/3.11.10/jooq-codegen-3.11.10.jar:/home/runner/.m2/repository/com/jolbox/bonecp/0.8.0.RELEASE/bonecp-0.8.0.RELEASE.jar:/home/runner/.m2/repository/org/apache/derby/derby/10.14.2.0/derby-10.14.2.0.jar:/home/runner/.m2/repository/org/xerial/sqlite-jdbc/3.25.2/sqlite-jdbc-3.25.2.jar:/home/runner/.m2/repository/org/springframework/spring-jdbc/5.2.11.RELEASE/spring-jdbc-5.2.11.RELEASE.jar:/home/runner/.m2/repository/org/springframework/spring-beans/5.2.11.RELEASE/spring-beans-5.2.11.RELEASE.jar:/home/runner/.m2/repository/org/springframework/spring-core/5.2.11.RELEASE/spring-core-5.2.11.RELEASE.jar:/home/runner/.m2/repository/org/springframework/spring-jcl/5.2.11.RELEASE/spring-jcl-5.2.11.RELEASE.jar:/home/runner/.m2/repository/org/springframework/spring-tx/5.2.11.RELEASE/spring-tx-5.2.11.RELEASE.jar:/home/runner/.m2/repository/org/apache/ozone/ozone-client/1.2.0-SNAPSHOT/ozone-client-1.2.0-SNAPSHOT.jar:/home/runner/.m2/repository/org/apache/ozone/ozone-filesystem/1.2.0-SNAPSHOT/ozone-filesystem-1.2.0-SNAPSHOT.jar:/home/runner/.m2/repository/org/apache/ozone/ozone-filesystem-common/1.2.0-SNAPSHOT/ozone-filesystem-common-1.2.0-SNAPSHOT.jar:/home/runner/.m2/repository/org/apache/ozone/ozone-tools/1.2.0-SNAPSHOT/ozone-tools-1.2.0-SNAPSHOT.jar:/home/runner/.m2/repository/org/apache/ratis/ratis-tools/2.1.0-03f3b68-SNAPSHOT/ratis-tools-2.1.0-03f3b68-SNAPSHOT.jar:/home/runner/.m2/repository/com/amazonaws/aws-java-sdk-core/1.11.901/aws-java-sdk-core-1.11.901.jar:/home/runner/.m2/repository/org/apache/httpcomponents/httpclient/4.5.13/httpclient-4.5.13.jar:/home/runner/.m2/repository/org/apache/httpcomponents/httpcore/4.4.13/httpcore-4.4.13.jar:/home/runner/.m2/repository/software/amazon/ion/ion-java/1.0.2/ion-java-1.0.2.jar:/home/runner/.m2/repository/com/fasterxml/jackson/dataformat/jackson-dataformat-cbor/2.12.1/jackson-dataformat-cbor-2.12.1.jar:/home/runner/.m2/repository/joda-time/joda-time/2.8.1/joda-time-2.8.1.jar:/home/runner/.m2/repository/com/amazonaws/aws-java-sdk-s3/1.11.901/aws-java-sdk-s3-1.11.901.jar:/home/runner/.m2/repository/com/amazonaws/aws-java-sdk-kms/1.11.901/aws-java-sdk-kms-1.11.901.jar:/home/runner/.m2/repository/com/amazonaws/jmespath-java/1.11.901/jmespath-java-1.11.901.jar:/home/runner/.m2/repository/org/kohsuke/metainf-services/metainf-services/1.8/metainf-services-1.8.jar:/home/runner/.m2/repository/org/apache/ozone/hdds-tools/1.2.0-SNAPSHOT/hdds-tools-1.2.0-SNAPSHOT.jar:/home/runner/.m2/repository/commons-cli/commons-cli/1.2/commons-cli-1.2.jar:/home/runner/.m2/repository/org/apache/commons/commons-lang3/3.7/commons-lang3-3.7.jar:/home/runner/.m2/repository/org/apache/ozone/ozone-manager/1.2.0-SNAPSHOT/ozone-manager-1.2.0-SNAPSHOT-tests.jar:/home/runner/.m2/repository/org/apache/ozone/hdds-common/1.2.0-SNAPSHOT/hdds-common-1.2.0-SNAPSHOT-tests.jar:/home/runner/.m2/repository/org/apache/ozone/hdds-hadoop-dependency-client/1.2.0-SNAPSHOT/hdds-hadoop-dependency-client-1.2.0-SNAPSHOT.jar:/home/runner/.m2/repository/info/picocli/picocli/4.6.1/picocli-4.6.1.jar:/home/runner/.m2/repository/com/fasterxml/jackson/core/jackson-annotations/2.12.1/jackson-annotations-2.12.1.jar:/home/runner/.m2/repository/javax/annotation/javax.annotation-api/1.2/javax.annotation-api-1.2.jar:/home/runner/.m2/repository/org/apache/ratis/ratis-server/2.1.0-03f3b68-SNAPSHOT/ratis-server-2.1.0-03f3b68-SNAPSHOT.jar:/home/runner/.m2/repository/org/apache/ratis/ratis-client/2.1.0-03f3b68-SNAPSHOT/ratis-client-2.1.0-03f3b68-SNAPSHOT.jar:/home/runner/.m2/repository/org/apache/ratis/ratis-server-api/2.1.0-03f3b68-SNAPSHOT/ratis-server-api-2.1.0-03f3b68-SNAPSHOT.jar:/home/runner/.m2/repository/org/apache/ratis/ratis-metrics/2.1.0-03f3b68-SNAPSHOT/ratis-metrics-2.1.0-03f3b68-SNAPSHOT.jar:/home/runner/.m2/repository/org/apache/ratis/ratis-netty/2.1.0-03f3b68-SNAPSHOT/ratis-netty-2.1.0-03f3b68-SNAPSHOT.jar:/home/runner/.m2/repository/org/apache/ratis/ratis-grpc/2.1.0-03f3b68-SNAPSHOT/ratis-grpc-2.1.0-03f3b68-SNAPSHOT.jar:/home/runner/.m2/repository/org/apache/logging/log4j/log4j-api/2.13.3/log4j-api-2.13.3.jar:/home/runner/.m2/repository/org/apache/logging/log4j/log4j-core/2.13.3/log4j-core-2.13.3.jar:/home/runner/.m2/repository/com/lmax/disruptor/3.4.2/disruptor-3.4.2.jar:/home/runner/.m2/repository/org/apache/commons/commons-pool2/2.6.0/commons-pool2-2.6.0.jar:/home/runner/.m2/repository/org/bouncycastle/bcpkix-jdk15on/1.67/bcpkix-jdk15on-1.67.jar:/home/runner/.m2/repository/commons-validator/commons-validator/1.6/commons-validator-1.6.jar:/home/runner/.m2/repository/commons-beanutils/commons-beanutils/1.9.4/commons-beanutils-1.9.4.jar:/home/runner/.m2/repository/commons-digester/commons-digester/1.8.1/commons-digester-1.8.1.jar:/home/runner/.m2/repository/commons-collections/commons-collections/3.2.2/commons-collections-3.2.2.jar:/home/runner/.m2/repository/io/jaegertracing/jaeger-client/1.6.0/jaeger-client-1.6.0.jar:/home/runner/.m2/repository/io/jaegertracing/jaeger-thrift/1.6.0/jaeger-thrift-1.6.0.jar:/home/runner/.m2/repository/org/apache/thrift/libthrift/0.14.1/libthrift-0.14.1.jar:/home/runner/.m2/repository/com/squareup/okhttp3/okhttp/4.9.0/okhttp-4.9.0.jar:/home/runner/.m2/repository/com/squareup/okio/okio/2.8.0/okio-2.8.0.jar:/home/runner/.m2/repository/io/jaegertracing/jaeger-core/1.6.0/jaeger-core-1.6.0.jar:/home/runner/.m2/repository/io/jaegertracing/jaeger-tracerresolver/1.6.0/jaeger-tracerresolver-1.6.0.jar:/home/runner/.m2/repository/io/opentracing/contrib/opentracing-tracerresolver/0.1.8/opentracing-tracerresolver-0.1.8.jar:/home/runner/.m2/repository/org/jetbrains/kotlin/kotlin-stdlib/1.4.31/kotlin-stdlib-1.4.31.jar:/home/runner/.m2/repository/org/jetbrains/kotlin/kotlin-stdlib-common/1.4.31/kotlin-stdlib-common-1.4.31.jar:/home/runner/.m2/repository/org/jetbrains/annotations/13.0/annotations-13.0.jar:/home/runner/.m2/repository/io/opentracing/opentracing-util/0.33.0/opentracing-util-0.33.0.jar:/home/runner/.m2/repository/io/opentracing/opentracing-api/0.33.0/opentracing-api-0.33.0.jar:/home/runner/.m2/repository/io/opentracing/opentracing-noop/0.33.0/opentracing-noop-0.33.0.jar:/home/runner/.m2/repository/org/yaml/snakeyaml/1.26/snakeyaml-1.26.jar:/home/runner/.m2/repository/org/apache/ozone/hdds-interface-admin/1.2.0-SNAPSHOT/hdds-interface-admin-1.2.0-SNAPSHOT.jar:/home/runner/.m2/repository/junit/junit/4.13.1/junit-4.13.1.jar:/home/runner/.m2/repository/org/hamcrest/hamcrest-core/1.3/hamcrest-core-1.3.jar:/home/runner/.m2/repository/org/junit/jupiter/junit-jupiter-api/5.7.0/junit-jupiter-api-5.7.0.jar:/home/runner/.m2/repository/org/apiguardian/apiguardian-api/1.1.0/apiguardian-api-1.1.0.jar:/home/runner/.m2/repository/org/opentest4j/opentest4j/1.2.0/opentest4j-1.2.0.jar:/home/runner/.m2/repository/org/junit/platform/junit-platform-commons/1.7.0/junit-platform-commons-1.7.0.jar:/home/runner/.m2/repository/org/junit/jupiter/junit-jupiter-engine/5.7.0/junit-jupiter-engine-5.7.0.jar:/home/runner/.m2/repository/org/junit/platform/junit-platform-engine/1.7.0/junit-platform-engine-1.7.0.jar:/home/runner/.m2/repository/org/junit/vintage/junit-vintage-engine/5.7.0/junit-vintage-engine-5.7.0.jar:/home/runner/.m2/repository/org/junit/platform/junit-platform-launcher/1.7.0/junit-platform-launcher-1.7.0.jar:/home/runner/.m2/repository/org/openjdk/jmh/jmh-core/1.19/jmh-core-1.19.jar:/home/runner/.m2/repository/net/sf/jopt-simple/jopt-simple/4.6/jopt-simple-4.6.jar:/home/runner/.m2/repository/org/apache/commons/commons-math3/3.1.1/commons-math3-3.1.1.jar:/home/runner/.m2/repository/org/openjdk/jmh/jmh-generator-annprocess/1.19/jmh-generator-annprocess-1.19.jar:/home/runner/.m2/repository/org/mockito/mockito-core/2.28.2/mockito-core-2.28.2.jar:/home/runner/.m2/repository/net/bytebuddy/byte-buddy/1.9.10/byte-buddy-1.9.10.jar:/home/runner/.m2/repository/net/bytebuddy/byte-buddy-agent/1.9.10/byte-buddy-agent-1.9.10.jar:/home/runner/.m2/repository/org/objenesis/objenesis/1.0/objenesis-1.0.jar:/home/runner/.m2/repository/org/apache/hadoop/hadoop-kms/3.3.1/hadoop-kms-3.3.1.jar:/home/runner/.m2/repository/org/apache/hadoop/hadoop-auth/3.3.1/hadoop-auth-3.3.1.jar:/home/runner/.m2/repository/com/nimbusds/nimbus-jose-jwt/7.9/nimbus-jose-jwt-7.9.jar:/home/runner/.m2/repository/com/github/stephenc/jcip/jcip-annotations/1.0-1/jcip-annotations-1.0-1.jar:/home/runner/.m2/repository/net/minidev/json-smart/2.3/json-smart-2.3.jar:/home/runner/.m2/repository/net/minidev/accessors-smart/1.2/accessors-smart-1.2.jar:/home/runner/.m2/repository/org/ow2/asm/asm/5.0.4/asm-5.0.4.jar:/home/runner/.m2/repository/org/apache/zookeeper/zookeeper/3.5.6/zookeeper-3.5.6.jar:/home/runner/.m2/repository/org/apache/zookeeper/zookeeper-jute/3.5.6/zookeeper-jute-3.5.6.jar:/home/runner/.m2/repository/org/apache/yetus/audience-annotations/0.5.0/audience-annotations-0.5.0.jar:/home/runner/.m2/repository/org/apache/curator/curator-framework/4.2.0/curator-framework-4.2.0.jar:/home/runner/.m2/repository/org/apache/hadoop/thirdparty/hadoop-shaded-guava/1.1.1/hadoop-shaded-guava-1.1.1.jar:/home/runner/.m2/repository/com/sun/jersey/jersey-core/1.19/jersey-core-1.19.jar:/home/runner/.m2/repository/javax/ws/rs/jsr311-api/1.1.1/jsr311-api-1.1.1.jar:/home/runner/.m2/repository/com/sun/jersey/jersey-server/1.19/jersey-server-1.19.jar:/home/runner/.m2/repository/javax/servlet/javax.servlet-api/3.1.0/javax.servlet-api-3.1.0.jar:/home/runner/.m2/repository/org/eclipse/jetty/jetty-server/9.4.43.v20210629/jetty-server-9.4.43.v20210629.jar:/home/runner/.m2/repository/org/eclipse/jetty/jetty-http/9.4.43.v20210629/jetty-http-9.4.43.v20210629.jar:/home/runner/.m2/repository/org/eclipse/jetty/jetty-io/9.4.43.v20210629/jetty-io-9.4.43.v20210629.jar:/home/runner/.m2/repository/org/eclipse/jetty/jetty-webapp/9.4.43.v20210629/jetty-webapp-9.4.43.v20210629.jar:/home/runner/.m2/repository/org/eclipse/jetty/jetty-xml/9.4.43.v20210629/jetty-xml-9.4.43.v20210629.jar:/home/runner/.m2/repository/org/apache/hadoop/hadoop-common/3.3.1/hadoop-common-3.3.1.jar:/home/runner/.m2/repository/commons-net/commons-net/3.6/commons-net-3.6.jar:/home/runner/.m2/repository/jakarta/activation/jakarta.activation-api/1.2.1/jakarta.activation-api-1.2.1.jar:/home/runner/.m2/repository/com/sun/jersey/jersey-servlet/1.19/jersey-servlet-1.19.jar:/home/runner/.m2/repository/com/sun/jersey/jersey-json/1.19/jersey-json-1.19.jar:/home/runner/.m2/repository/org/codehaus/jettison/jettison/1.1/jettison-1.1.jar:/home/runner/.m2/repository/com/sun/xml/bind/jaxb-impl/2.2.3-1/jaxb-impl-2.2.3-1.jar:/home/runner/.m2/repository/org/codehaus/jackson/jackson-jaxrs/1.9.2/jackson-jaxrs-1.9.2.jar:/home/runner/.m2/repository/org/codehaus/jackson/jackson-xc/1.9.2/jackson-xc-1.9.2.jar:/home/runner/.m2/repository/org/apache/commons/commons-configuration2/2.1.1/commons-configuration2-2.1.1.jar:/home/runner/.m2/repository/org/apache/commons/commons-text/1.4/commons-text-1.4.jar:/home/runner/.m2/repository/com/google/re2j/re2j/1.1/re2j-1.1.jar:/home/runner/.m2/repository/com/jcraft/jsch/0.1.54/jsch-0.1.54.jar:/home/runner/.m2/repository/org/apache/curator/curator-client/4.2.0/curator-client-4.2.0.jar:/home/runner/.m2/repository/org/apache/curator/curator-recipes/4.2.0/curator-recipes-4.2.0.jar:/home/runner/.m2/repository/org/apache/kerby/kerb-core/1.0.1/kerb-core-1.0.1.jar:/home/runner/.m2/repository/org/apache/kerby/kerby-pkix/1.0.1/kerby-pkix-1.0.1.jar:/home/runner/.m2/repository/org/apache/kerby/kerby-asn1/1.0.1/kerby-asn1-1.0.1.jar:/home/runner/.m2/repository/org/apache/kerby/kerby-util/1.0.1/kerby-util-1.0.1.jar:/home/runner/.m2/repository/dnsjava/dnsjava/2.1.7/dnsjava-2.1.7.jar:/home/runner/.m2/repository/org/xerial/snappy/snappy-java/1.1.8.2/snappy-java-1.1.8.2.jar:/home/runner/.m2/repository/org/slf4j/jul-to-slf4j/1.7.30/jul-to-slf4j-1.7.30.jar:/home/runner/.m2/repository/org/eclipse/jetty/jetty-util/9.4.43.v20210629/jetty-util-9.4.43.v20210629.jar:/home/runner/.m2/repository/com/fasterxml/jackson/core/jackson-databind/2.12.1/jackson-databind-2.12.1.jar:/home/runner/.m2/repository/org/apache/hadoop/hadoop-kms/3.3.1/hadoop-kms-3.3.1-tests.jar:/home/runner/.m2/repository/org/apache/ozone/hdds-server-scm/1.2.0-SNAPSHOT/hdds-server-scm-1.2.0-SNAPSHOT-tests.jar:/home/runner/.m2/repository/org/apache/ozone/hdds-container-service/1.2.0-SNAPSHOT/hdds-container-service-1.2.0-SNAPSHOT-tests.jar:/home/runner/.m2/repository/commons-codec/commons-codec/1.11/commons-codec-1.11.jar:/home/runner/.m2/repository/io/netty/netty-transport/4.1.63.Final/netty-transport-4.1.63.Final.jar:/home/runner/.m2/repository/io/netty/netty-resolver/4.1.63.Final/netty-resolver-4.1.63.Final.jar:/home/runner/.m2/repository/io/netty/netty-codec/4.1.63.Final/netty-codec-4.1.63.Final.jar:/home/runner/.m2/repository/io/netty/netty-handler/4.1.63.Final/netty-handler-4.1.63.Final.jar:/home/runner/.m2/repository/org/apache/ozone/hdds-hadoop-dependency-test/1.2.0-SNAPSHOT/hdds-hadoop-dependency-test-1.2.0-SNAPSHOT.jar:/home/runner/.m2/repository/org/apache/hadoop/hadoop-common/3.3.1/hadoop-common-3.3.1-tests.jar:/home/runner/.m2/repository/org/assertj/assertj-core/3.12.2/assertj-core-3.12.2.jar:/home/runner/.m2/repository/org/apache/hadoop/hadoop-hdfs/3.3.1/hadoop-hdfs-3.3.1-tests.jar:/home/runner/.m2/repository/org/eclipse/jetty/jetty-util-ajax/9.4.43.v20210629/jetty-util-ajax-9.4.43.v20210629.jar:/home/runner/.m2/repository/commons-daemon/commons-daemon/1.0.13/commons-daemon-1.0.13.jar:/home/runner/.m2/repository/io/netty/netty/3.10.6.Final/netty-3.10.6.Final.jar:/home/runner/.m2/repository/io/netty/netty-all/4.1.63.Final/netty-all-4.1.63.Final.jar:/home/runner/.m2/repository/org/apache/htrace/htrace-core4/4.1.0-incubating/htrace-core4-4.1.0-incubating.jar:/home/runner/.m2/repository/org/fusesource/leveldbjni/leveldbjni-all/1.8/leveldbjni-all-1.8.jar:/home/runner/.m2/repository/org/apache/hadoop/hadoop-distcp/3.3.1/hadoop-distcp-3.3.1.jar:/home/runner/.m2/repository/org/apache/hadoop/hadoop-mapreduce-client-jobclient/3.3.1/hadoop-mapreduce-client-jobclient-3.3.1.jar:/home/runner/.m2/repository/org/apache/hadoop/hadoop-mapreduce-client-common/3.3.1/hadoop-mapreduce-client-common-3.3.1.jar:/home/runner/.m2/repository/org/apache/hadoop/hadoop-yarn-common/3.3.1/hadoop-yarn-common-3.3.1.jar:/home/runner/.m2/repository/org/apache/hadoop/hadoop-yarn-api/3.3.1/hadoop-yarn-api-3.3.1.jar:/home/runner/.m2/repository/com/sun/jersey/jersey-client/1.19/jersey-client-1.19.jar:/home/runner/.m2/repository/com/sun/jersey/contribs/jersey-guice/1.19/jersey-guice-1.19.jar:/home/runner/.m2/repository/com/fasterxml/jackson/jaxrs/jackson-jaxrs-json-provider/2.12.1/jackson-jaxrs-json-provider-2.12.1.jar:/home/runner/.m2/repository/com/fasterxml/jackson/jaxrs/jackson-jaxrs-base/2.12.1/jackson-jaxrs-base-2.12.1.jar:/home/runner/.m2/repository/org/apache/hadoop/hadoop-yarn-client/3.3.1/hadoop-yarn-client-3.3.1.jar:/home/runner/.m2/repository/org/eclipse/jetty/websocket/websocket-client/9.4.40.v20210413/websocket-client-9.4.40.v20210413.jar:/home/runner/.m2/repository/org/eclipse/jetty/jetty-client/9.4.40.v20210413/jetty-client-9.4.40.v20210413.jar:/home/runner/.m2/repository/org/eclipse/jetty/websocket/websocket-common/9.4.40.v20210413/websocket-common-9.4.40.v20210413.jar:/home/runner/.m2/repository/org/eclipse/jetty/websocket/websocket-api/9.4.40.v20210413/websocket-api-9.4.40.v20210413.jar:/home/runner/.m2/repository/org/jline/jline/3.9.0/jline-3.9.0.jar:/home/runner/.m2/repository/org/apache/hadoop/hadoop-mapreduce-client-core/3.3.1/hadoop-mapreduce-client-core-3.3.1.jar:/home/runner/.m2/repository/org/apache/avro/avro/1.7.7/avro-1.7.7.jar:/home/runner/.m2/repository/org/codehaus/jackson/jackson-core-asl/1.9.13/jackson-core-asl-1.9.13.jar:/home/runner/.m2/repository/org/codehaus/jackson/jackson-mapper-asl/1.9.13/jackson-mapper-asl-1.9.13.jar:/home/runner/.m2/repository/com/thoughtworks/paranamer/paranamer/2.3/paranamer-2.3.jar:/home/runner/.m2/repository/org/apache/hadoop/hadoop-annotations/3.3.1/hadoop-annotations-3.3.1.jar:/usr/lib/jvm/adoptopenjdk-8-hotspot-amd64/jre/../lib/tools.jar:/home/runner/.m2/repository/org/apache/hadoop/hadoop-distcp/3.3.1/hadoop-distcp-3.3.1-tests.jar:/home/runner/.m2/repository/org/apache/ratis/ratis-common/2.1.0-03f3b68-SNAPSHOT/ratis-common-2.1.0-03f3b68-SNAPSHOT.jar:/home/runner/.m2/repository/org/apache/ratis/ratis-thirdparty-misc/0.7.0/ratis-thirdparty-misc-0.7.0.jar:/home/runner/.m2/repository/org/apache/ratis/ratis-proto/2.1.0-03f3b68-SNAPSHOT/ratis-proto-2.1.0-03f3b68-SNAPSHOT.jar:"/>
    <property name="sun.cpu.endian" value="little"/>
    <property name="user.home" value="/home/runner"/>
    <property name="user.language" value="en"/>
    <property name="java.specification.vendor" value="Oracle Corporation"/>
    <property name="java.home" value="/usr/lib/jvm/adoptopenjdk-8-hotspot-amd64/jre"/>
    <property name="java.security.krb5.conf" value="/home/runner/work/ozone/ozone/hadoop-ozone/integration-test/target/test-classes/krb5.conf"/>
    <property name="basedir" value="/home/runner/work/ozone/ozone/hadoop-ozone/integration-test"/>
    <property name="file.separator" value="/"/>
    <property name="line.separator" value="&#10;"/>
    <property name="java.vm.specification.vendor" value="Oracle Corporation"/>
    <property name="java.specification.name" value="Java Platform API Specification"/>
    <property name="java.awt.graphicsenv" value="sun.awt.X11GraphicsEnvironment"/>
    <property name="skip.installnpx" value="true"/>
    <property name="surefire.real.class.path" value="/home/runner/work/ozone/ozone/hadoop-ozone/integration-test/target/surefire/surefirebooter2257630156024851422.jar:/home/runner/.m2/repository/org/jacoco/org.jacoco.agent/0.8.5/org.jacoco.agent-0.8.5-runtime.jar"/>
    <property name="hadoop.log.dir" value="/home/runner/work/ozone/ozone/hadoop-ozone/integration-test/target/log"/>
    <property name="sun.boot.class.path" value="/usr/lib/jvm/adoptopenjdk-8-hotspot-amd64/jre/lib/resources.jar:/usr/lib/jvm/adoptopenjdk-8-hotspot-amd64/jre/lib/rt.jar:/usr/lib/jvm/adoptopenjdk-8-hotspot-amd64/jre/lib/sunrsasign.jar:/usr/lib/jvm/adoptopenjdk-8-hotspot-amd64/jre/lib/jsse.jar:/usr/lib/jvm/adoptopenjdk-8-hotspot-amd64/jre/lib/jce.jar:/usr/lib/jvm/adoptopenjdk-8-hotspot-amd64/jre/lib/charsets.jar:/usr/lib/jvm/adoptopenjdk-8-hotspot-amd64/jre/lib/jfr.jar:/usr/lib/jvm/adoptopenjdk-8-hotspot-amd64/jre/classes"/>
    <property name="sun.management.compiler" value="HotSpot 64-Bit Tiered Compilers"/>
    <property name="skip.npx" value="true"/>
    <property name="java.runtime.version" value="1.8.0_292-b10"/>
    <property name="java.net.preferIPv4Stack" value="true"/>
    <property name="user.name" value="runner"/>
    <property name="path.separator" value=":"/>
    <property name="java.security.egd" value="file:///dev/urandom"/>
    <property name="os.version" value="5.4.0-1058-azure"/>
    <property name="java.endorsed.dirs" value="/usr/lib/jvm/adoptopenjdk-8-hotspot-amd64/jre/lib/endorsed"/>
    <property name="java.runtime.name" value="OpenJDK Runtime Environment"/>
    <property name="file.encoding" value="UTF-8"/>
    <property name="java.vm.name" value="OpenJDK 64-Bit Server VM"/>
    <property name="test.build.webapps" value=""/>
    <property name="localRepository" value="/home/runner/.m2/repository"/>
    <property name="java.vendor.url.bug" value="https://github.com/AdoptOpenJDK/openjdk-support/issues"/>
    <property name="java.io.tmpdir" value="/tmp"/>
    <property name="require.test.libhadoop" value=""/>
    <property name="java.version" value="1.8.0_292"/>
    <property name="user.dir" value="/home/runner/work/ozone/ozone/hadoop-ozone/integration-test"/>
    <property name="os.arch" value="amd64"/>
    <property name="java.vm.specification.name" value="Java Virtual Machine Specification"/>
    <property name="test.build.classes" value="/home/runner/work/ozone/ozone/hadoop-ozone/integration-test/target/test-classes"/>
    <property name="java.awt.printerjob" value="sun.print.PSPrinterJob"/>
    <property name="sun.os.patch.level" value="unknown"/>
    <property name="hadoop.tmp.dir" value="/home/runner/work/ozone/ozone/hadoop-ozone/integration-test/target/tmp"/>
    <property name="java.library.path" value="/usr/java/packages/lib/amd64:/usr/lib64:/lib64:/lib:/usr/lib"/>
    <property name="java.vm.info" value="mixed mode"/>
    <property name="java.vendor" value="AdoptOpenJDK"/>
    <property name="java.vm.version" value="25.292-b10"/>
    <property name="java.ext.dirs" value="/usr/lib/jvm/adoptopenjdk-8-hotspot-amd64/jre/lib/ext:/usr/java/packages/lib/ext"/>
    <property name="sun.io.unicode.encoding" value="UnicodeLittle"/>
    <property name="java.class.version" value="52.0"/>
  </properties>
  <testcase name="test2DatanodesFailure" classname="org.apache.hadoop.ozone.client.rpc.TestBlockOutputStreamWithFailures" time="76.879">
    <error message="java.io.IOException: INTERNAL_ERROR org.apache.hadoop.ozone.om.exceptions.OMException: Allocated 0 blocks. Requested 1 blocks" type="java.io.IOException">java.io.IOException: java.io.IOException: INTERNAL_ERROR org.apache.hadoop.ozone.om.exceptions.OMException: Allocated 0 blocks. Requested 1 blocks
	at org.apache.hadoop.ozone.client.io.KeyOutputStream.handleWrite(KeyOutputStream.java:250)
	at org.apache.hadoop.ozone.client.io.KeyOutputStream.write(KeyOutputStream.java:220)
	at org.apache.hadoop.ozone.client.io.OzoneOutputStream.write(OzoneOutputStream.java:50)
	at java.io.OutputStream.write(OutputStream.java:75)
	at org.apache.hadoop.ozone.client.rpc.TestBlockOutputStreamWithFailures.test2DatanodesFailure(TestBlockOutputStreamWithFailures.java:407)
	at sun.reflect.NativeMethodAccessorImpl.invoke0(Native Method)
	at sun.reflect.NativeMethodAccessorImpl.invoke(NativeMethodAccessorImpl.java:62)
	at sun.reflect.DelegatingMethodAccessorImpl.invoke(DelegatingMethodAccessorImpl.java:43)
	at java.lang.reflect.Method.invoke(Method.java:498)
	at org.junit.runners.model.FrameworkMethod$1.runReflectiveCall(FrameworkMethod.java:59)
	at org.junit.internal.runners.model.ReflectiveCallable.run(ReflectiveCallable.java:12)
	at org.junit.runners.model.FrameworkMethod.invokeExplosively(FrameworkMethod.java:56)
	at org.junit.internal.runners.statements.InvokeMethod.evaluate(InvokeMethod.java:17)
	at org.junit.internal.runners.statements.RunBefores.evaluate(RunBefores.java:26)
	at org.junit.internal.runners.statements.RunAfters.evaluate(RunAfters.java:27)
	at org.junit.internal.runners.statements.FailOnTimeout$CallableStatement.call(FailOnTimeout.java:288)
	at org.junit.internal.runners.statements.FailOnTimeout$CallableStatement.call(FailOnTimeout.java:282)
	at java.util.concurrent.FutureTask.run(FutureTask.java:266)
	at java.lang.Thread.run(Thread.java:748)
Caused by: java.io.IOException: INTERNAL_ERROR org.apache.hadoop.ozone.om.exceptions.OMException: Allocated 0 blocks. Requested 1 blocks
	at org.apache.hadoop.ozone.client.io.KeyOutputStream.handleWrite(KeyOutputStream.java:250)
	at org.apache.hadoop.ozone.client.io.KeyOutputStream.handleRetry(KeyOutputStream.java:423)
	at org.apache.hadoop.ozone.client.io.KeyOutputStream.handleException(KeyOutputStream.java:368)
	at org.apache.hadoop.ozone.client.io.KeyOutputStream.handleFlushOrClose(KeyOutputStream.java:479)
	at org.apache.hadoop.ozone.client.io.KeyOutputStream.handleWrite(KeyOutputStream.java:244)
	... 18 more
Caused by: INTERNAL_ERROR org.apache.hadoop.ozone.om.exceptions.OMException: Allocated 0 blocks. Requested 1 blocks
	at org.apache.hadoop.ozone.om.protocolPB.OzoneManagerProtocolClientSideTranslatorPB.handleError(OzoneManagerProtocolClientSideTranslatorPB.java:613)
	at org.apache.hadoop.ozone.om.protocolPB.OzoneManagerProtocolClientSideTranslatorPB.allocateBlock(OzoneManagerProtocolClientSideTranslatorPB.java:643)
	at org.apache.hadoop.ozone.client.io.BlockOutputStreamEntryPool.allocateNewBlock(BlockOutputStreamEntryPool.java:243)
	at org.apache.hadoop.ozone.client.io.BlockOutputStreamEntryPool.allocateBlockIfNeeded(BlockOutputStreamEntryPool.java:289)
	at org.apache.hadoop.ozone.client.io.KeyOutputStream.handleWrite(KeyOutputStream.java:229)
	... 22 more
</error>
    <system-out><![CDATA[2021-09-22 01:09:13,747 [Time-limited test] WARN  server.ServerUtils (ServerUtils.java:getScmDbDir(148)) - ozone.scm.db.dirs is not configured. We recommend adding this setting. Falling back to ozone.metadata.dirs instead.
2021-09-22 01:09:13,852 [Time-limited test] INFO  ha.SCMHANodeDetails (SCMHANodeDetails.java:loadSCMHAConfig(157)) - ServiceID for StorageContainerManager is null
2021-09-22 01:09:13,852 [Time-limited test] INFO  ha.SCMHANodeDetails (SCMHANodeDetails.java:loadSCMHAConfig(162)) - ozone.scm.default.service.id is not defined, falling back to ozone.scm.service.ids to find serviceID for StorageContainerManager if it is HA enabled cluster
2021-09-22 01:09:13,965 [Time-limited test] WARN  server.ServerUtils (ServerUtils.java:getScmDbDir(148)) - ozone.scm.db.dirs is not configured. We recommend adding this setting. Falling back to ozone.metadata.dirs instead.
2021-09-22 01:09:13,968 [Time-limited test] INFO  upgrade.AbstractLayoutVersionManager (AbstractLayoutVersionManager.java:init(79)) - Initializing Layout version manager with metadata layout = SCM_HA (version = 2), software layout = SCM_HA (version = 2)
2021-09-22 01:09:14,221 [Time-limited test] INFO  reflections.Reflections (Reflections.java:scan(232)) - Reflections took 154 ms to scan 7 urls, producing 119 keys and 275 values 
2021-09-22 01:09:14,769 [Time-limited test] WARN  utils.HAUtils (HAUtils.java:getMetaDir(342)) - ozone.scm.db.dirs is not configured. We recommend adding this setting. Falling back to ozone.metadata.dirs instead.
2021-09-22 01:09:14,896 [Time-limited test] WARN  db.DBStoreBuilder (DBStoreBuilder.java:applyDBDefinition(145)) - ozone.scm.db.dirs is not configured. We recommend adding this setting. Falling back to ozone.metadata.dirs instead.
2021-09-22 01:09:15,046 [Time-limited test] INFO  net.NodeSchemaLoader (NodeSchemaLoader.java:loadSchemaFromFile(129)) - Loading schema from [jar:file:/home/runner/.m2/repository/org/apache/ozone/hdds-common/1.2.0-SNAPSHOT/hdds-common-1.2.0-SNAPSHOT.jar!/network-topology-default.xml]
2021-09-22 01:09:15,047 [Time-limited test] INFO  net.NodeSchemaLoader (NodeSchemaLoader.java:loadSchema(176)) - Loading network topology layer schema file
2021-09-22 01:09:15,092 [Time-limited test] INFO  metrics.MetricRegistries (MetricRegistriesLoader.java:load(64)) - Loaded MetricRegistries class org.apache.ratis.metrics.impl.MetricRegistriesImpl
2021-09-22 01:09:15,109 [Time-limited test] INFO  ha.SequenceIdGenerator (SequenceIdGenerator.java:upgradeToSequenceId(327)) - upgrade localId to 107544261427200000
2021-09-22 01:09:15,109 [Time-limited test] INFO  ha.SequenceIdGenerator (SequenceIdGenerator.java:upgradeToSequenceId(337)) - upgrade delTxnId to 0
2021-09-22 01:09:15,112 [Time-limited test] INFO  ha.SequenceIdGenerator (SequenceIdGenerator.java:upgradeToSequenceId(351)) - upgrade containerId to 0
2021-09-22 01:09:15,114 [Time-limited test] INFO  ha.SequenceIdGenerator (SequenceIdGenerator.java:<init>(217)) - Init the HA SequenceIdGenerator.
2021-09-22 01:09:15,149 [Time-limited test] WARN  server.ServerUtils (ServerUtils.java:sanitizeUserArgs(67)) - ozone.scm.dead.node.interval value = 10000 is smaller than min = 20000 based on the key value of ozone.scm.stale.node.interval, reset to the min value 20000.
2021-09-22 01:09:15,154 [Time-limited test] INFO  node.SCMNodeManager (SCMNodeManager.java:<init>(144)) - Entering startup safe mode.
2021-09-22 01:09:15,203 [Time-limited test] INFO  algorithms.ContainerPlacementPolicyFactory (ContainerPlacementPolicyFactory.java:getPolicy(60)) - Create container placement policy of type org.apache.hadoop.hdds.scm.container.placement.algorithms.SCMContainerPlacementRandom
2021-09-22 01:09:15,212 [Time-limited test] INFO  pipeline.PipelineStateManager (PipelineStateManagerV2Impl.java:initialize(78)) - No pipeline exists in current db
2021-09-22 01:09:15,242 [Time-limited test] INFO  algorithms.LeaderChoosePolicyFactory (LeaderChoosePolicyFactory.java:getPolicy(57)) - Create leader choose policy of type org.apache.hadoop.hdds.scm.pipeline.leader.choose.algorithms.MinLeaderCountChoosePolicy
2021-09-22 01:09:15,249 [Time-limited test] INFO  ha.SCMServiceManager (SCMServiceManager.java:register(43)) - Registering service BackgroundPipelineCreator.
2021-09-22 01:09:15,249 [Time-limited test] INFO  pipeline.BackgroundPipelineCreator (BackgroundPipelineCreatorV2.java:start(130)) - Starting RatisPipelineUtilsThread.
2021-09-22 01:09:15,278 [Time-limited test] INFO  algorithms.PipelineChoosePolicyFactory (PipelineChoosePolicyFactory.java:createPipelineChoosePolicyFromClass(73)) - Create pipeline choose policy of type org.apache.hadoop.hdds.scm.pipeline.choose.algorithms.RandomPipelineChoosePolicy
2021-09-22 01:09:15,295 [Time-limited test] INFO  ha.SCMServiceManager (SCMServiceManager.java:register(43)) - Registering service SCMBlockDeletingService.
2021-09-22 01:09:15,319 [Time-limited test] INFO  ha.SCMServiceManager (SCMServiceManager.java:register(43)) - Registering service ReplicationManager.
2021-09-22 01:09:15,320 [Time-limited test] INFO  container.ReplicationManager (ReplicationManager.java:start(319)) - Starting Replication Monitor Thread.
2021-09-22 01:09:15,329 [Time-limited test] INFO  safemode.ContainerSafeModeRule (ContainerSafeModeRule.java:<init>(89)) - containers with one replica threshold count 0
2021-09-22 01:09:15,330 [ReplicationMonitor] INFO  container.ReplicationManager (ReplicationManager.java:processAll(371)) - Replication Monitor Thread took 1 milliseconds for processing 0 containers.
2021-09-22 01:09:15,333 [Time-limited test] INFO  safemode.HealthyPipelineSafeModeRule (HealthyPipelineSafeModeRule.java:initializeRule(156)) - Total pipeline count is 0, healthy pipeline threshold count is 1
2021-09-22 01:09:15,335 [Time-limited test] INFO  safemode.OneReplicaPipelineSafeModeRule (OneReplicaPipelineSafeModeRule.java:initializeRule(180)) - Total pipeline count is 0, pipeline's with at least one datanode reported threshold count is 0
2021-09-22 01:09:15,677 [Time-limited test] INFO  ipc.CallQueueManager (CallQueueManager.java:<init>(90)) - Using callQueue: class java.util.concurrent.LinkedBlockingQueue, queueCapacity: 2000, scheduler: class org.apache.hadoop.ipc.DefaultRpcScheduler, ipcBackoff: false.
2021-09-22 01:09:15,712 [Socket Reader #1 for port 0] INFO  ipc.Server (Server.java:run(1265)) - Starting Socket Reader #1 for port 0
2021-09-22 01:09:15,748 [Listener at 0.0.0.0/41109] INFO  ipc.CallQueueManager (CallQueueManager.java:<init>(90)) - Using callQueue: class java.util.concurrent.LinkedBlockingQueue, queueCapacity: 2000, scheduler: class org.apache.hadoop.ipc.DefaultRpcScheduler, ipcBackoff: false.
2021-09-22 01:09:15,750 [Socket Reader #1 for port 0] INFO  ipc.Server (Server.java:run(1265)) - Starting Socket Reader #1 for port 0
2021-09-22 01:09:15,770 [Listener at 0.0.0.0/35859] INFO  ipc.CallQueueManager (CallQueueManager.java:<init>(90)) - Using callQueue: class java.util.concurrent.LinkedBlockingQueue, queueCapacity: 2000, scheduler: class org.apache.hadoop.ipc.DefaultRpcScheduler, ipcBackoff: false.
2021-09-22 01:09:15,772 [Socket Reader #1 for port 0] INFO  ipc.Server (Server.java:run(1265)) - Starting Socket Reader #1 for port 0
2021-09-22 01:09:15,830 [Listener at 0.0.0.0/45559] INFO  algorithms.ContainerPlacementPolicyFactory (ContainerPlacementPolicyFactory.java:getPolicy(60)) - Create container placement policy of type org.apache.hadoop.hdds.scm.container.placement.algorithms.SCMContainerPlacementRandom
2021-09-22 01:09:15,836 [Listener at 0.0.0.0/45559] INFO  server.StorageContainerManager (StorageContainerManager.java:<init>(387)) - 
Container Balancer status:
Key                            Value
Running                        false
Container Balancer Configuration values:
Key                                                Value
Threshold                                          0.1
Max Datanodes to Involve per Iteration(ratio)      0.5
Max Size to Move per Iteration                     10737418240B

2021-09-22 01:09:15,836 [Listener at 0.0.0.0/45559] WARN  events.EventQueue (EventQueue.java:fireEvent(194)) - No event handler registered for event TypedEvent{payloadType=SafeModeStatus, name='Safe mode status'}
2021-09-22 01:09:15,837 [Listener at 0.0.0.0/45559] INFO  ha.SCMContext (SCMContext.java:updateSafeModeStatus(205)) - Update SafeModeStatus from SafeModeStatus{safeModeStatus=true, preCheckPassed=false} to SafeModeStatus{safeModeStatus=true, preCheckPassed=false}.
2021-09-22 01:09:15,839 [Listener at 0.0.0.0/45559] INFO  server.StorageContainerManager (StorageContainerManager.java:start(1279)) - StorageContainerLocationProtocol RPC server is listening at /0.0.0.0:45559
2021-09-22 01:09:15,901 [Listener at 0.0.0.0/45559] WARN  impl.MetricsConfig (MetricsConfig.java:loadFirst(136)) - Cannot locate configuration: tried hadoop-metrics2-storagecontainermanager.properties,hadoop-metrics2.properties
2021-09-22 01:09:15,918 [Listener at 0.0.0.0/45559] INFO  impl.MetricsSystemImpl (MetricsSystemImpl.java:startTimer(378)) - Scheduled Metric snapshot period at 10 second(s).
2021-09-22 01:09:15,918 [Listener at 0.0.0.0/45559] INFO  impl.MetricsSystemImpl (MetricsSystemImpl.java:start(191)) - StorageContainerManager metrics system started
2021-09-22 01:09:16,274 [Listener at 0.0.0.0/45559] INFO  server.SCMClientProtocolServer (SCMClientProtocolServer.java:start(164)) - RPC server for Client  is listening at /0.0.0.0:45559
2021-09-22 01:09:16,275 [IPC Server Responder] INFO  ipc.Server (Server.java:run(1507)) - IPC Server Responder: starting
2021-09-22 01:09:16,276 [IPC Server listener on 0] INFO  ipc.Server (Server.java:run(1344)) - IPC Server listener on 0: starting
2021-09-22 01:09:16,283 [Listener at 0.0.0.0/45559] INFO  server.StorageContainerManager (StorageContainerManager.java:start(1294)) - ScmBlockLocationProtocol RPC server is listening at /0.0.0.0:35859
2021-09-22 01:09:16,283 [Listener at 0.0.0.0/45559] INFO  server.SCMBlockProtocolServer (SCMBlockProtocolServer.java:start(151)) - RPC server for Block Protocol is listening at /0.0.0.0:35859
2021-09-22 01:09:16,285 [IPC Server Responder] INFO  ipc.Server (Server.java:run(1507)) - IPC Server Responder: starting
2021-09-22 01:09:16,285 [IPC Server listener on 0] INFO  ipc.Server (Server.java:run(1344)) - IPC Server listener on 0: starting
2021-09-22 01:09:16,289 [Listener at 0.0.0.0/45559] INFO  server.StorageContainerManager (StorageContainerManager.java:start(1300)) - ScmDatanodeProtocl RPC server is listening at /0.0.0.0:41109
2021-09-22 01:09:16,289 [Listener at 0.0.0.0/45559] INFO  server.SCMDatanodeProtocolServer (SCMDatanodeProtocolServer.java:start(181)) - RPC server for DataNodes is listening at /0.0.0.0:41109
2021-09-22 01:09:16,290 [IPC Server Responder] INFO  ipc.Server (Server.java:run(1507)) - IPC Server Responder: starting
2021-09-22 01:09:16,290 [IPC Server listener on 0] INFO  ipc.Server (Server.java:run(1344)) - IPC Server listener on 0: starting
2021-09-22 01:09:16,304 [org.apache.hadoop.util.JvmPauseMonitor$Monitor@4a7864f] INFO  util.JvmPauseMonitor (JvmPauseMonitor.java:run(188)) - Starting JVM pause monitor
2021-09-22 01:09:16,321 [Listener at 0.0.0.0/45559] INFO  http.BaseHttpServer (BaseHttpServer.java:newHttpServer2BuilderForOzone(209)) - Starting Web-server for scm at: http://0.0.0.0:0
2021-09-22 01:09:16,321 [Listener at 0.0.0.0/45559] INFO  http.BaseHttpServer (BaseHttpServer.java:<init>(107)) - Hadoop Security Enabled: false Ozone Security Enabled: false Ozone HTTP Security Enabled: false 
2021-09-22 01:09:16,349 [Listener at 0.0.0.0/45559] INFO  util.log (Log.java:initialized(170)) - Logging initialized @3974ms to org.eclipse.jetty.util.log.Slf4jLog
2021-09-22 01:09:16,449 [Listener at 0.0.0.0/45559] INFO  server.AuthenticationFilter (AuthenticationFilter.java:constructSecretProvider(240)) - Unable to initialize FileSignerSecretProvider, falling back to use random secrets.
2021-09-22 01:09:16,458 [Listener at 0.0.0.0/45559] WARN  http.HttpRequestLog (HttpRequestLog.java:getRequestLog(103)) - Jetty request log can only be enabled using Log4j
2021-09-22 01:09:16,466 [Listener at 0.0.0.0/45559] INFO  http.HttpServer2 (HttpServer2.java:addGlobalFilter(1030)) - Added global filter 'safety' (class=org.apache.hadoop.hdds.server.http.HttpServer2$QuotingInputFilter)
2021-09-22 01:09:16,468 [Listener at 0.0.0.0/45559] INFO  http.HttpServer2 (HttpServer2.java:addFilter(1006)) - Added filter static_user_filter (class=org.apache.hadoop.http.lib.StaticUserWebFilter$StaticUserFilter) to context scm
2021-09-22 01:09:16,468 [Listener at 0.0.0.0/45559] INFO  http.HttpServer2 (HttpServer2.java:addFilter(1014)) - Added filter static_user_filter (class=org.apache.hadoop.http.lib.StaticUserWebFilter$StaticUserFilter) to context logs
2021-09-22 01:09:16,468 [Listener at 0.0.0.0/45559] INFO  http.HttpServer2 (HttpServer2.java:addFilter(1014)) - Added filter static_user_filter (class=org.apache.hadoop.http.lib.StaticUserWebFilter$StaticUserFilter) to context static
2021-09-22 01:09:16,508 [Listener at 0.0.0.0/45559] INFO  http.HttpServer2 (HttpServer2.java:bindListener(1249)) - Jetty bound to port 46791
2021-09-22 01:09:16,510 [Listener at 0.0.0.0/45559] INFO  server.Server (Server.java:doStart(375)) - jetty-9.4.43.v20210629; built: 2021-06-30T11:07:22.254Z; git: 526006ecfa3af7f1a27ef3a288e2bef7ea9dd7e8; jvm 1.8.0_292-b10
2021-09-22 01:09:16,545 [Listener at 0.0.0.0/45559] INFO  server.session (DefaultSessionIdManager.java:doStart(334)) - DefaultSessionIdManager workerName=node0
2021-09-22 01:09:16,545 [Listener at 0.0.0.0/45559] INFO  server.session (DefaultSessionIdManager.java:doStart(339)) - No SessionScavenger set, using defaults
2021-09-22 01:09:16,547 [Listener at 0.0.0.0/45559] INFO  server.session (HouseKeeper.java:startScavenging(132)) - node0 Scavenging every 660000ms
2021-09-22 01:09:16,558 [Listener at 0.0.0.0/45559] INFO  handler.ContextHandler (ContextHandler.java:doStart(915)) - Started o.e.j.s.ServletContextHandler@5d7cb9dc{logs,/logs,file:///home/runner/work/ozone/ozone/hadoop-ozone/integration-test/target/log,AVAILABLE}
2021-09-22 01:09:16,559 [Listener at 0.0.0.0/45559] INFO  handler.ContextHandler (ContextHandler.java:doStart(915)) - Started o.e.j.s.ServletContextHandler@5e40fd48{static,/static,file:///home/runner/work/ozone/ozone/hadoop-ozone/integration-test/target/test-classes/webapps/static,AVAILABLE}
2021-09-22 01:09:16,602 [Listener at 0.0.0.0/45559] INFO  handler.ContextHandler (ContextHandler.java:doStart(915)) - Started o.e.j.w.WebAppContext@31c47af9{scm,/,file:///home/runner/work/ozone/ozone/hadoop-ozone/integration-test/target/test-classes/webapps/scm/,AVAILABLE}{file:/home/runner/work/ozone/ozone/hadoop-ozone/integration-test/target/test-classes/webapps/scm}
2021-09-22 01:09:16,611 [Listener at 0.0.0.0/45559] INFO  server.AbstractConnector (AbstractConnector.java:doStart(331)) - Started ServerConnector@7f8b0993{HTTP/1.1, (http/1.1)}{0.0.0.0:46791}
2021-09-22 01:09:16,611 [Listener at 0.0.0.0/45559] INFO  server.Server (Server.java:doStart(415)) - Started @4236ms
2021-09-22 01:09:16,613 [Listener at 0.0.0.0/45559] INFO  impl.MetricsSinkAdapter (MetricsSinkAdapter.java:start(204)) - Sink prometheus started
2021-09-22 01:09:16,613 [Listener at 0.0.0.0/45559] INFO  impl.MetricsSystemImpl (MetricsSystemImpl.java:registerSink(305)) - Registered sink prometheus
2021-09-22 01:09:16,614 [Listener at 0.0.0.0/45559] INFO  http.BaseHttpServer (BaseHttpServer.java:updateConnectorAddress(329)) - HTTP server of scm listening at http://0.0.0.0:46791
2021-09-22 01:09:16,616 [Listener at 0.0.0.0/45559] WARN  server.ServerUtils (ServerUtils.java:getDBPath(225)) - ozone.om.db.dirs is not configured. We recommend adding this setting. Falling back to ozone.metadata.dirs instead.
2021-09-22 01:09:16,726 [Listener at 0.0.0.0/45559] INFO  ha.OMHANodeDetails (OMHANodeDetails.java:loadOMHAConfig(112)) - ozone.om.internal.service.id is not defined, falling back to ozone.om.service.ids to find serviceID for OzoneManager if it is HA enabled cluster
2021-09-22 01:09:16,728 [Listener at 0.0.0.0/45559] INFO  ha.OMHANodeDetails (OMHANodeDetails.java:loadOMHAConfig(219)) - Configuration does not have ozone.om.address set. Falling back to the default OM address /127.0.0.1:0
2021-09-22 01:09:16,729 [Listener at 0.0.0.0/45559] INFO  ha.OMHANodeDetails (OMHANodeDetails.java:getOMNodeDetails(247)) - OM Service ID is not set. Setting it to the default ID: omServiceIdDefault
2021-09-22 01:09:16,729 [Listener at 0.0.0.0/45559] INFO  ha.OMHANodeDetails (OMHANodeDetails.java:getOMNodeDetails(254)) - OM Node ID is not set. Setting it to the default ID: om1
2021-09-22 01:09:16,733 [Listener at 0.0.0.0/45559] WARN  server.ServerUtils (ServerUtils.java:getDBPath(225)) - ozone.om.db.dirs is not configured. We recommend adding this setting. Falling back to ozone.metadata.dirs instead.
2021-09-22 01:09:16,734 [Listener at 0.0.0.0/45559] INFO  upgrade.AbstractLayoutVersionManager (AbstractLayoutVersionManager.java:init(79)) - Initializing Layout version manager with metadata layout = INITIAL_VERSION (version = 0), software layout = INITIAL_VERSION (version = 0)
2021-09-22 01:09:16,803 [Listener at 0.0.0.0/45559] INFO  reflections.Reflections (Reflections.java:scan(232)) - Reflections took 65 ms to scan 2 urls, producing 131 keys and 342 values [using 2 cores]
2021-09-22 01:09:16,808 [Listener at 0.0.0.0/45559] INFO  upgrade.OMLayoutVersionManager (OMLayoutVersionManager.java:lambda$0(115)) - Skipping Upgrade Action MockOmUpgradeAction since it has been finalized.
2021-09-22 01:09:16,809 [Listener at 0.0.0.0/45559] WARN  server.ServerUtils (ServerUtils.java:getDBPath(225)) - ozone.om.db.dirs is not configured. We recommend adding this setting. Falling back to ozone.metadata.dirs instead.
2021-09-22 01:09:17,194 [Listener at 0.0.0.0/45559] WARN  server.ServerUtils (ServerUtils.java:getDBPath(225)) - ozone.om.db.dirs is not configured. We recommend adding this setting. Falling back to ozone.metadata.dirs instead.
2021-09-22 01:09:17,200 [Listener at 0.0.0.0/45559] INFO  codec.OmKeyInfoCodec (OmKeyInfoCodec.java:<init>(51)) - OmKeyInfoCodec ignorePipeline = true
2021-09-22 01:09:17,201 [Listener at 0.0.0.0/45559] INFO  codec.RepeatedOmKeyInfoCodec (RepeatedOmKeyInfoCodec.java:<init>(42)) - RepeatedOmKeyInfoCodec ignorePipeline = true
2021-09-22 01:09:17,454 [Listener at 0.0.0.0/45559] INFO  om.OzoneManager (OzoneManager.java:addS3GVolumeToDB(4127)) - Created Volume s3v With Owner runner required for S3Gateway operations.
2021-09-22 01:09:17,521 [Listener at 0.0.0.0/45559] WARN  server.ServerUtils (ServerUtils.java:getDefaultRatisDirectory(237)) - Storage directory for Ratis is not configured. It is a good idea to map this to an SSD disk. Falling back to ozone.metadata.dirs
2021-09-22 01:09:17,522 [Listener at 0.0.0.0/45559] WARN  utils.OzoneManagerRatisUtils (OzoneManagerRatisUtils.java:getOMRatisSnapshotDirectory(391)) - ozone.om.ratis.snapshot.dir is not configured. Falling back to ozone.metadata.dirs config
2021-09-22 01:09:17,552 [Listener at 0.0.0.0/45559] WARN  server.ServerUtils (ServerUtils.java:getDefaultRatisDirectory(237)) - Storage directory for Ratis is not configured. It is a good idea to map this to an SSD disk. Falling back to ozone.metadata.dirs
2021-09-22 01:09:17,579 [Listener at 0.0.0.0/45559] INFO  ratis.OzoneManagerRatisServer (OzoneManagerRatisServer.java:<init>(158)) - Instantiating OM Ratis server with groupID: omServiceIdDefault and peers: localhost:9872
2021-09-22 01:09:17,587 [Listener at 0.0.0.0/45559] INFO  ratis.OzoneManagerStateMachine (OzoneManagerStateMachine.java:loadSnapshotInfoFromDB(605)) - LastAppliedIndex is set from TransactionInfo from OM DB as (t:0, i:~)
2021-09-22 01:09:17,623 [Listener at 0.0.0.0/45559] INFO  server.RaftServer (ConfUtils.java:logGet(44)) - raft.rpc.type = GRPC (default)
2021-09-22 01:09:17,704 [Listener at 0.0.0.0/45559] INFO  grpc.GrpcFactory (GrpcFactory.java:checkPooledByteBufAllocatorUseCacheForAllThreads(48)) - PERFORMANCE WARNING: useCacheForAllThreads is true that may cause Netty to create a lot garbage objects and, as a result, trigger GC.
	It is recommended to disable useCacheForAllThreads by setting -Dorg.apache.ratis.thirdparty.io.netty.allocator.useCacheForAllThreads=false in command line.
2021-09-22 01:09:17,711 [Listener at 0.0.0.0/45559] INFO  grpc.GrpcConfigKeys (ConfUtils.java:logGet(44)) - raft.grpc.admin.port = -1 (default)
2021-09-22 01:09:17,711 [Listener at 0.0.0.0/45559] INFO  grpc.GrpcConfigKeys (ConfUtils.java:logGet(44)) - raft.grpc.server.port = 9872 (custom)
2021-09-22 01:09:17,713 [Listener at 0.0.0.0/45559] INFO  grpc.GrpcConfigKeys (ConfUtils.java:logGet(44)) - raft.grpc.client.port = -1 (default)
2021-09-22 01:09:17,713 [Listener at 0.0.0.0/45559] INFO  grpc.GrpcConfigKeys (ConfUtils.java:logGet(44)) - raft.grpc.server.port = 9872 (custom)
2021-09-22 01:09:17,713 [Listener at 0.0.0.0/45559] INFO  grpc.GrpcConfigKeys (ConfUtils.java:logGet(44)) - raft.grpc.server.port = 9872 (custom)
2021-09-22 01:09:17,718 [Listener at 0.0.0.0/45559] INFO  server.GrpcService (ConfUtils.java:logGet(44)) - raft.grpc.message.size.max = 33554432 (custom)
2021-09-22 01:09:17,723 [Listener at 0.0.0.0/45559] INFO  server.RaftServerConfigKeys (ConfUtils.java:logGet(44)) - raft.server.log.appender.buffer.byte-limit = 33554432 (custom)
2021-09-22 01:09:17,726 [Listener at 0.0.0.0/45559] INFO  server.GrpcService (ConfUtils.java:logGet(44)) - raft.grpc.flow.control.window = 1MB (=1048576) (default)
2021-09-22 01:09:17,731 [Listener at 0.0.0.0/45559] INFO  server.RaftServerConfigKeys (ConfUtils.java:logGet(44)) - raft.server.rpc.request.timeout = 3000ms (default)
2021-09-22 01:09:18,030 [Listener at 0.0.0.0/45559] INFO  impl.DataStreamServerImpl (ConfUtils.java:logGet(44)) - raft.datastream.type = DISABLED (default)
2021-09-22 01:09:18,032 [Listener at 0.0.0.0/45559] INFO  server.RaftServerConfigKeys (ConfUtils.java:logGet(44)) - raft.server.rpc.slowness.timeout = 120s (custom)
2021-09-22 01:09:18,032 [Listener at 0.0.0.0/45559] INFO  server.RaftServerConfigKeys (ConfUtils.java:logGet(44)) - raft.server.leaderelection.leader.step-down.wait-time = 10s (default)
2021-09-22 01:09:18,049 [Listener at 0.0.0.0/45559] INFO  server.RaftServerConfigKeys (ConfUtils.java:logGet(44)) - raft.server.storage.dir = [/home/runner/work/ozone/ozone/hadoop-ozone/integration-test/target/test-dir/MiniOzoneClusterImpl-25acc1c1-a8f2-4117-88d4-9d8f1e28eca9/ozone-meta/ratis] (custom)
2021-09-22 01:09:18,056 [Listener at 0.0.0.0/45559] INFO  server.RaftServer (RaftServerProxy.java:addNew(95)) - om1: addNew group-C5BA1605619E:[om1|rpc:localhost:9872|priority:0] returns group-C5BA1605619E:java.util.concurrent.CompletableFuture@53e49e65[Not completed]
2021-09-22 01:09:18,056 [Listener at 0.0.0.0/45559] INFO  om.OzoneManager (OzoneManager.java:initializeRatisServer(1585)) - OzoneManager Ratis server initialized at port 9872
2021-09-22 01:09:18,070 [Listener at 0.0.0.0/45559] INFO  ipc.CallQueueManager (CallQueueManager.java:<init>(90)) - Using callQueue: class java.util.concurrent.LinkedBlockingQueue, queueCapacity: 2000, scheduler: class org.apache.hadoop.ipc.DefaultRpcScheduler, ipcBackoff: false.
2021-09-22 01:09:18,071 [Socket Reader #1 for port 0] INFO  ipc.Server (Server.java:run(1265)) - Starting Socket Reader #1 for port 0
2021-09-22 01:09:18,092 [pool-39-thread-1] INFO  server.RaftServer$Division (RaftServerImpl.java:<init>(181)) - om1: new RaftServerImpl for group-C5BA1605619E:[om1|rpc:localhost:9872|priority:0] with OzoneManagerStateMachine:uninitialized
2021-09-22 01:09:18,094 [pool-39-thread-1] INFO  server.RaftServerConfigKeys (ConfUtils.java:logGet(44)) - raft.server.rpc.timeout.min = 1s (custom)
2021-09-22 01:09:18,095 [pool-39-thread-1] INFO  server.RaftServerConfigKeys (ConfUtils.java:logGet(44)) - raft.server.rpc.timeout.max = 1200ms (custom)
2021-09-22 01:09:18,095 [pool-39-thread-1] INFO  server.RaftServerConfigKeys (ConfUtils.java:logGet(44)) - raft.server.rpc.sleep.time = 25ms (default)
2021-09-22 01:09:18,095 [pool-39-thread-1] INFO  server.RaftServerConfigKeys (ConfUtils.java:logGet(44)) - raft.server.rpc.slowness.timeout = 120s (custom)
2021-09-22 01:09:18,095 [pool-39-thread-1] INFO  server.RaftServerConfigKeys (ConfUtils.java:logGet(44)) - raft.server.leaderelection.leader.step-down.wait-time = 10s (default)
2021-09-22 01:09:18,095 [pool-39-thread-1] INFO  server.RaftServerConfigKeys (ConfUtils.java:logGet(44)) - raft.server.sleep.deviation.threshold = 300ms (default)
2021-09-22 01:09:18,104 [pool-39-thread-1] INFO  server.RaftServerConfigKeys (ConfUtils.java:logGet(44)) - raft.server.log.appender.install.snapshot.enabled = false (custom)
2021-09-22 01:09:18,111 [pool-39-thread-1] INFO  server.RaftServer$Division (ServerState.java:<init>(105)) - om1@group-C5BA1605619E: ConfigurationManager, init=-1: [om1|rpc:localhost:9872|priority:0], old=null, confs=<EMPTY_MAP>
2021-09-22 01:09:18,111 [pool-39-thread-1] INFO  server.RaftServerConfigKeys (ConfUtils.java:logGet(44)) - raft.server.storage.dir = [/home/runner/work/ozone/ozone/hadoop-ozone/integration-test/target/test-dir/MiniOzoneClusterImpl-25acc1c1-a8f2-4117-88d4-9d8f1e28eca9/ozone-meta/ratis] (custom)
2021-09-22 01:09:18,124 [Listener at 127.0.0.1/44817] INFO  om.OzoneManager (OzoneManager.java:initFSOLayout(4333)) - Configured ozone.om.metadata.layout=SIMPLE and disabled optimized OM FS operations
2021-09-22 01:09:18,125 [pool-39-thread-1] INFO  server.RaftServerConfigKeys (ConfUtils.java:logGet(44)) - raft.server.log.corruption.policy = EXCEPTION (default)
2021-09-22 01:09:18,126 [pool-39-thread-1] INFO  server.RaftServerConfigKeys (ConfUtils.java:logGet(44)) - raft.server.storage.free-space.min = 0MB (=0) (default)
2021-09-22 01:09:18,128 [pool-39-thread-1] INFO  storage.RaftStorageDirectory (RaftStorageDirectoryImpl.java:analyzeStorage(135)) - The storage directory /home/runner/work/ozone/ozone/hadoop-ozone/integration-test/target/test-dir/MiniOzoneClusterImpl-25acc1c1-a8f2-4117-88d4-9d8f1e28eca9/ozone-meta/ratis/bf265839-605b-3f16-9796-c5ba1605619e does not exist. Creating ...
2021-09-22 01:09:18,139 [Listener at 127.0.0.1/44817] INFO  impl.MetricsSystemImpl (MetricsSystemImpl.java:init(158)) - OzoneManager metrics system started (again)
2021-09-22 01:09:18,140 [pool-39-thread-1] INFO  storage.RaftStorageDirectory (RaftStorageDirectoryImpl.java:tryLock(230)) - Lock on /home/runner/work/ozone/ozone/hadoop-ozone/integration-test/target/test-dir/MiniOzoneClusterImpl-25acc1c1-a8f2-4117-88d4-9d8f1e28eca9/ozone-meta/ratis/bf265839-605b-3f16-9796-c5ba1605619e/in_use.lock acquired by nodename 21910@fv-az294-326
2021-09-22 01:09:18,157 [Listener at 127.0.0.1/44817] INFO  om.OzoneManager (OzoneManager.java:start(1281)) - OzoneManager RPC server is listening at localhost/127.0.0.1:44817
2021-09-22 01:09:18,158 [Listener at 127.0.0.1/44817] INFO  ratis.OzoneManagerRatisServer (OzoneManagerRatisServer.java:start(516)) - Starting OzoneManagerRatisServer om1 at port 9872
2021-09-22 01:09:18,158 [pool-39-thread-1] INFO  storage.RaftStorage (RaftStorageImpl.java:format(89)) - Storage directory /home/runner/work/ozone/ozone/hadoop-ozone/integration-test/target/test-dir/MiniOzoneClusterImpl-25acc1c1-a8f2-4117-88d4-9d8f1e28eca9/ozone-meta/ratis/bf265839-605b-3f16-9796-c5ba1605619e has been successfully formatted.
2021-09-22 01:09:18,160 [pool-39-thread-1] INFO  server.RaftServerConfigKeys (ConfUtils.java:logGet(44)) - raft.server.notification.no-leader.timeout = 120s (custom)
2021-09-22 01:09:18,164 [pool-39-thread-1] INFO  server.RaftServerConfigKeys (ConfUtils.java:logGet(44)) - raft.server.log.use.memory = false (default)
2021-09-22 01:09:18,171 [pool-39-thread-1] INFO  server.RaftServerConfigKeys (ConfUtils.java:logGet(44)) - raft.server.log.purge.gap = 1000000 (custom)
2021-09-22 01:09:18,171 [pool-39-thread-1] INFO  server.RaftServerConfigKeys (ConfUtils.java:logGet(44)) - raft.server.log.appender.buffer.byte-limit = 33554432 (custom)
2021-09-22 01:09:18,182 [pool-39-thread-1] INFO  server.RaftServerConfigKeys (ConfUtils.java:logGet(44)) - raft.server.log.segment.size.max = 4194304 (custom)
2021-09-22 01:09:18,189 [pool-39-thread-1] INFO  server.RaftServerConfigKeys (ConfUtils.java:logGet(44)) - raft.server.log.segment.cache.num.max = 2 (custom)
2021-09-22 01:09:18,189 [pool-39-thread-1] INFO  server.RaftServerConfigKeys (ConfUtils.java:logGet(44)) - raft.server.log.segment.cache.size.max = 200MB (=209715200) (default)
2021-09-22 01:09:18,195 [pool-39-thread-1] INFO  segmented.SegmentedRaftLogWorker (SegmentedRaftLogWorker.java:<init>(182)) - new om1@group-C5BA1605619E-SegmentedRaftLogWorker for RaftStorageImpl:Storage Directory /home/runner/work/ozone/ozone/hadoop-ozone/integration-test/target/test-dir/MiniOzoneClusterImpl-25acc1c1-a8f2-4117-88d4-9d8f1e28eca9/ozone-meta/ratis/bf265839-605b-3f16-9796-c5ba1605619e
2021-09-22 01:09:18,196 [pool-39-thread-1] INFO  server.RaftServerConfigKeys (ConfUtils.java:logGet(44)) - raft.server.log.queue.byte-limit = 64MB (=67108864) (default)
2021-09-22 01:09:18,196 [pool-39-thread-1] INFO  server.RaftServerConfigKeys (ConfUtils.java:logGet(44)) - raft.server.log.queue.element-limit = 4096 (default)
2021-09-22 01:09:18,198 [pool-39-thread-1] INFO  server.RaftServerConfigKeys (ConfUtils.java:logGet(44)) - raft.server.log.segment.size.max = 4194304 (custom)
2021-09-22 01:09:18,198 [pool-39-thread-1] INFO  server.RaftServerConfigKeys (ConfUtils.java:logGet(44)) - raft.server.log.preallocated.size = 4194304 (custom)
2021-09-22 01:09:18,199 [pool-39-thread-1] INFO  server.RaftServerConfigKeys (ConfUtils.java:logGet(44)) - raft.server.log.force.sync.num = 128 (default)
2021-09-22 01:09:18,201 [pool-39-thread-1] INFO  server.RaftServerConfigKeys (ConfUtils.java:logGet(44)) - raft.server.log.statemachine.data.sync = true (default)
2021-09-22 01:09:18,201 [pool-39-thread-1] INFO  server.RaftServerConfigKeys (ConfUtils.java:logGet(44)) - raft.server.log.statemachine.data.sync.timeout = 10s (default)
2021-09-22 01:09:18,201 [pool-39-thread-1] INFO  server.RaftServerConfigKeys (ConfUtils.java:logGet(44)) - raft.server.log.statemachine.data.sync.timeout.retry = -1 (default)
2021-09-22 01:09:18,210 [pool-39-thread-1] INFO  server.RaftServerConfigKeys (ConfUtils.java:logGet(44)) - raft.server.log.write.buffer.size = 64KB (=65536) (default)
2021-09-22 01:09:18,211 [pool-39-thread-1] INFO  server.RaftServerConfigKeys (ConfUtils.java:logGet(44)) - raft.server.log.statemachine.data.caching.enabled = false (default)
2021-09-22 01:09:18,225 [pool-39-thread-1] INFO  segmented.SegmentedRaftLogWorker (SegmentedRaftLogWorker.java:lambda$new$0(133)) - om1@group-C5BA1605619E-SegmentedRaftLogWorker: flushIndex: setUnconditionally 0 -> -1
2021-09-22 01:09:18,225 [pool-39-thread-1] INFO  segmented.SegmentedRaftLogWorker (SegmentedRaftLogWorker.java:lambda$new$0(133)) - om1@group-C5BA1605619E-SegmentedRaftLogWorker: safeCacheEvictIndex: setUnconditionally 0 -> -1
2021-09-22 01:09:18,233 [pool-39-thread-1] INFO  server.RaftServerConfigKeys (ConfUtils.java:logGet(44)) - raft.server.snapshot.auto.trigger.enabled = true (custom)
2021-09-22 01:09:18,234 [pool-39-thread-1] INFO  server.RaftServerConfigKeys (ConfUtils.java:logGet(44)) - raft.server.snapshot.auto.trigger.threshold = 400000 (default)
2021-09-22 01:09:18,235 [pool-39-thread-1] INFO  server.RaftServerConfigKeys (ConfUtils.java:logGet(44)) - raft.server.snapshot.retention.file.num = -1 (default)
2021-09-22 01:09:18,236 [pool-39-thread-1] INFO  server.RaftServerConfigKeys (ConfUtils.java:logGet(44)) - raft.server.log.purge.upto.snapshot.index = true (custom)
2021-09-22 01:09:18,237 [pool-39-thread-1] INFO  server.RaftServerConfigKeys (ConfUtils.java:logGet(44)) - raft.server.retrycache.expirytime = 300s (custom)
2021-09-22 01:09:18,238 [pool-39-thread-1] INFO  server.RaftServerConfigKeys (ConfUtils.java:logGet(44)) - raft.server.retrycache.statistics.expirytime = 100μs (default)
2021-09-22 01:09:18,277 [Listener at 127.0.0.1/44817] INFO  server.RaftServer$Division (RaftServerImpl.java:start(296)) - om1@group-C5BA1605619E: start as a follower, conf=-1: [om1|rpc:localhost:9872|priority:0], old=null
2021-09-22 01:09:18,278 [Listener at 127.0.0.1/44817] INFO  server.RaftServer$Division (RaftServerImpl.java:setRole(285)) - om1@group-C5BA1605619E: changes role from      null to FOLLOWER at term 0 for startAsFollower
2021-09-22 01:09:18,279 [Listener at 127.0.0.1/44817] INFO  impl.RoleInfo (RoleInfo.java:updateAndGet(130)) - om1: start om1@group-C5BA1605619E-FollowerState
2021-09-22 01:09:18,280 [Listener at 127.0.0.1/44817] INFO  util.JmxRegister (JmxRegister.java:tryRegister(44)) - Successfully registered JMX Bean with object name Ratis:service=RaftServer,group=group-C5BA1605619E,id=om1
2021-09-22 01:09:18,285 [Listener at 127.0.0.1/44817] INFO  server.RaftServer (RaftServerProxy.java:lambda$start$5(374)) - om1: start RPC server
2021-09-22 01:09:18,355 [Listener at 127.0.0.1/44817] INFO  server.GrpcService (GrpcService.java:startImpl(253)) - om1: GrpcService started, listening on 9872
2021-09-22 01:09:18,357 [Listener at 127.0.0.1/44817] INFO  om.OzoneManager (OzoneManager.java:start(1299)) - Version File has different layout version (0) than OM DB (null). That is expected if this OM has never been finalized to a newer layout version.
2021-09-22 01:09:18,359 [org.apache.ratis.util.JvmPauseMonitor$$Lambda$531/1517202074@2c035ed2] INFO  util.JvmPauseMonitor (JvmPauseMonitor.java:run(103)) - JvmPauseMonitor-om1: Started
2021-09-22 01:09:18,362 [Listener at 127.0.0.1/44817] INFO  http.BaseHttpServer (BaseHttpServer.java:newHttpServer2BuilderForOzone(209)) - Starting Web-server for ozoneManager at: http://0.0.0.0:0
2021-09-22 01:09:18,362 [Listener at 127.0.0.1/44817] INFO  http.BaseHttpServer (BaseHttpServer.java:<init>(107)) - Hadoop Security Enabled: false Ozone Security Enabled: false Ozone HTTP Security Enabled: false 
2021-09-22 01:09:18,364 [Listener at 127.0.0.1/44817] INFO  server.AuthenticationFilter (AuthenticationFilter.java:constructSecretProvider(240)) - Unable to initialize FileSignerSecretProvider, falling back to use random secrets.
2021-09-22 01:09:18,372 [Listener at 127.0.0.1/44817] WARN  http.HttpRequestLog (HttpRequestLog.java:getRequestLog(103)) - Jetty request log can only be enabled using Log4j
2021-09-22 01:09:18,373 [Listener at 127.0.0.1/44817] INFO  http.HttpServer2 (HttpServer2.java:addGlobalFilter(1030)) - Added global filter 'safety' (class=org.apache.hadoop.hdds.server.http.HttpServer2$QuotingInputFilter)
2021-09-22 01:09:18,374 [Listener at 127.0.0.1/44817] INFO  http.HttpServer2 (HttpServer2.java:addFilter(1006)) - Added filter static_user_filter (class=org.apache.hadoop.http.lib.StaticUserWebFilter$StaticUserFilter) to context ozoneManager
2021-09-22 01:09:18,374 [Listener at 127.0.0.1/44817] INFO  http.HttpServer2 (HttpServer2.java:addFilter(1014)) - Added filter static_user_filter (class=org.apache.hadoop.http.lib.StaticUserWebFilter$StaticUserFilter) to context logs
2021-09-22 01:09:18,374 [Listener at 127.0.0.1/44817] INFO  http.HttpServer2 (HttpServer2.java:addFilter(1014)) - Added filter static_user_filter (class=org.apache.hadoop.http.lib.StaticUserWebFilter$StaticUserFilter) to context static
2021-09-22 01:09:18,376 [Listener at 127.0.0.1/44817] INFO  http.HttpServer2 (HttpServer2.java:bindListener(1249)) - Jetty bound to port 43901
2021-09-22 01:09:18,379 [Listener at 127.0.0.1/44817] INFO  server.Server (Server.java:doStart(375)) - jetty-9.4.43.v20210629; built: 2021-06-30T11:07:22.254Z; git: 526006ecfa3af7f1a27ef3a288e2bef7ea9dd7e8; jvm 1.8.0_292-b10
2021-09-22 01:09:18,382 [Listener at 127.0.0.1/44817] INFO  server.session (DefaultSessionIdManager.java:doStart(334)) - DefaultSessionIdManager workerName=node0
2021-09-22 01:09:18,383 [Listener at 127.0.0.1/44817] INFO  server.session (DefaultSessionIdManager.java:doStart(339)) - No SessionScavenger set, using defaults
2021-09-22 01:09:18,383 [Listener at 127.0.0.1/44817] INFO  server.session (HouseKeeper.java:startScavenging(132)) - node0 Scavenging every 600000ms
2021-09-22 01:09:18,383 [Listener at 127.0.0.1/44817] INFO  handler.ContextHandler (ContextHandler.java:doStart(915)) - Started o.e.j.s.ServletContextHandler@4e7cb35d{logs,/logs,file:///home/runner/work/ozone/ozone/hadoop-ozone/integration-test/target/log,AVAILABLE}
2021-09-22 01:09:18,384 [Listener at 127.0.0.1/44817] INFO  handler.ContextHandler (ContextHandler.java:doStart(915)) - Started o.e.j.s.ServletContextHandler@1c84acc8{static,/static,file:///home/runner/work/ozone/ozone/hadoop-ozone/integration-test/target/test-classes/webapps/static,AVAILABLE}
2021-09-22 01:09:18,387 [Listener at 127.0.0.1/44817] INFO  handler.ContextHandler (ContextHandler.java:doStart(915)) - Started o.e.j.w.WebAppContext@6daa9b5d{ozoneManager,/,file:///home/runner/work/ozone/ozone/hadoop-ozone/integration-test/target/test-classes/webapps/ozoneManager/,AVAILABLE}{file:/home/runner/work/ozone/ozone/hadoop-ozone/integration-test/target/test-classes/webapps/ozoneManager}
2021-09-22 01:09:18,389 [Listener at 127.0.0.1/44817] INFO  server.AbstractConnector (AbstractConnector.java:doStart(331)) - Started ServerConnector@358e61b3{HTTP/1.1, (http/1.1)}{0.0.0.0:43901}
2021-09-22 01:09:18,389 [Listener at 127.0.0.1/44817] INFO  server.Server (Server.java:doStart(415)) - Started @6014ms
2021-09-22 01:09:18,389 [Listener at 127.0.0.1/44817] WARN  impl.MetricsSystemImpl (MetricsSystemImpl.java:register(279)) - Sink prometheus already exists!
2021-09-22 01:09:18,390 [Listener at 127.0.0.1/44817] INFO  http.BaseHttpServer (BaseHttpServer.java:updateConnectorAddress(329)) - HTTP server of ozoneManager listening at http://0.0.0.0:43901
2021-09-22 01:09:18,394 [IPC Server Responder] INFO  ipc.Server (Server.java:run(1507)) - IPC Server Responder: starting
2021-09-22 01:09:18,394 [IPC Server listener on 0] INFO  ipc.Server (Server.java:run(1344)) - IPC Server listener on 0: starting
2021-09-22 01:09:18,403 [Listener at 127.0.0.1/44817] INFO  om.OzoneManager (OzoneManager.java:startTrashEmptier(1543)) - Trash Interval set to 0. Files deleted will not move to trash
2021-09-22 01:09:18,403 [org.apache.hadoop.util.JvmPauseMonitor$Monitor@1e35c23a] INFO  util.JvmPauseMonitor (JvmPauseMonitor.java:run(188)) - Starting JVM pause monitor
2021-09-22 01:09:18,588 [Listener at 127.0.0.1/44817] WARN  impl.MetricRegistriesImpl (MetricRegistriesImpl.java:addReporterRegistration(111)) - New reporters are added after registries were created. Some metrics will be missing from the reporter. Please add reporter before adding any new registry.
2021-09-22 01:09:18,588 [Listener at 127.0.0.1/44817] WARN  impl.MetricRegistriesImpl (MetricRegistriesImpl.java:addReporterRegistration(111)) - New reporters are added after registries were created. Some metrics will be missing from the reporter. Please add reporter before adding any new registry.
2021-09-22 01:09:18,589 [Listener at 127.0.0.1/44817] INFO  impl.MetricsSystemImpl (MetricsSystemImpl.java:init(158)) - HddsDatanode metrics system started (again)
2021-09-22 01:09:18,608 [Listener at 127.0.0.1/44817] INFO  ozone.HddsDatanodeService (HddsDatanodeService.java:start(234)) - HddsDatanodeService host:fv-az294-326.eaanfquahm5ulb5tj050gcxych.jx.internal.cloudapp.net ip:10.1.0.5
2021-09-22 01:09:18,638 [Listener at 127.0.0.1/44817] INFO  upgrade.AbstractLayoutVersionManager (AbstractLayoutVersionManager.java:init(79)) - Initializing Layout version manager with metadata layout = SCM_HA (version = 2), software layout = SCM_HA (version = 2)
2021-09-22 01:09:18,680 [Listener at 127.0.0.1/44817] INFO  reflections.Reflections (Reflections.java:scan(232)) - Reflections took 41 ms to scan 7 urls, producing 119 keys and 275 values 
2021-09-22 01:09:18,736 [Listener at 127.0.0.1/44817] INFO  volume.HddsVolume (HddsVolume.java:<init>(120)) - Creating HddsVolume: /home/runner/work/ozone/ozone/hadoop-ozone/integration-test/target/test-dir/MiniOzoneClusterImpl-25acc1c1-a8f2-4117-88d4-9d8f1e28eca9/datanode-0/data-0/containers/hdds of storage type : DISK capacity : 9223372036854775807
2021-09-22 01:09:18,738 [Listener at 127.0.0.1/44817] INFO  volume.MutableVolumeSet (MutableVolumeSet.java:initializeVolumeSet(168)) - Added Volume : /home/runner/work/ozone/ozone/hadoop-ozone/integration-test/target/test-dir/MiniOzoneClusterImpl-25acc1c1-a8f2-4117-88d4-9d8f1e28eca9/datanode-0/data-0/containers/hdds to VolumeSet
2021-09-22 01:09:18,739 [Listener at 127.0.0.1/44817] INFO  volume.ThrottledAsyncChecker (ThrottledAsyncChecker.java:schedule(141)) - Scheduling a check for /home/runner/work/ozone/ozone/hadoop-ozone/integration-test/target/test-dir/MiniOzoneClusterImpl-25acc1c1-a8f2-4117-88d4-9d8f1e28eca9/datanode-0/data-0/containers/hdds
2021-09-22 01:09:18,755 [Listener at 127.0.0.1/44817] INFO  volume.StorageVolumeChecker (StorageVolumeChecker.java:checkAllVolumes(202)) - Scheduled health check for volume /home/runner/work/ozone/ozone/hadoop-ozone/integration-test/target/test-dir/MiniOzoneClusterImpl-25acc1c1-a8f2-4117-88d4-9d8f1e28eca9/datanode-0/data-0/containers/hdds
2021-09-22 01:09:18,776 [Listener at 127.0.0.1/44817] INFO  volume.MutableVolumeSet (MutableVolumeSet.java:initializeVolumeSet(168)) - Added Volume : /home/runner/work/ozone/ozone/hadoop-ozone/integration-test/target/test-dir/MiniOzoneClusterImpl-25acc1c1-a8f2-4117-88d4-9d8f1e28eca9/datanode-0/data/ratis to VolumeSet
2021-09-22 01:09:18,776 [Listener at 127.0.0.1/44817] INFO  volume.ThrottledAsyncChecker (ThrottledAsyncChecker.java:schedule(141)) - Scheduling a check for /home/runner/work/ozone/ozone/hadoop-ozone/integration-test/target/test-dir/MiniOzoneClusterImpl-25acc1c1-a8f2-4117-88d4-9d8f1e28eca9/datanode-0/data/ratis
2021-09-22 01:09:18,777 [Listener at 127.0.0.1/44817] INFO  volume.StorageVolumeChecker (StorageVolumeChecker.java:checkAllVolumes(202)) - Scheduled health check for volume /home/runner/work/ozone/ozone/hadoop-ozone/integration-test/target/test-dir/MiniOzoneClusterImpl-25acc1c1-a8f2-4117-88d4-9d8f1e28eca9/datanode-0/data/ratis
2021-09-22 01:09:18,795 [Thread-128] INFO  ozoneimpl.ContainerReader (ContainerReader.java:readVolume(172)) - Finish verifying containers on volume /home/runner/work/ozone/ozone/hadoop-ozone/integration-test/target/test-dir/MiniOzoneClusterImpl-25acc1c1-a8f2-4117-88d4-9d8f1e28eca9/datanode-0/data-0/containers/hdds
2021-09-22 01:09:18,796 [Listener at 127.0.0.1/44817] INFO  ozoneimpl.OzoneContainer (OzoneContainer.java:buildContainerSet(236)) - Build ContainerSet costs 0s
2021-09-22 01:09:18,873 [Listener at 127.0.0.1/44817] INFO  server.RaftServer (ConfUtils.java:logGet(44)) - raft.rpc.type = GRPC (default)
2021-09-22 01:09:18,874 [Listener at 127.0.0.1/44817] INFO  grpc.GrpcFactory (GrpcFactory.java:checkPooledByteBufAllocatorUseCacheForAllThreads(48)) - PERFORMANCE WARNING: useCacheForAllThreads is true that may cause Netty to create a lot garbage objects and, as a result, trigger GC.
	It is recommended to disable useCacheForAllThreads by setting -Dorg.apache.ratis.thirdparty.io.netty.allocator.useCacheForAllThreads=false in command line.
2021-09-22 01:09:18,874 [Listener at 127.0.0.1/44817] INFO  grpc.GrpcConfigKeys (ConfUtils.java:logGet(44)) - raft.grpc.admin.port = 0 (custom)
2021-09-22 01:09:18,874 [Listener at 127.0.0.1/44817] INFO  grpc.GrpcConfigKeys (ConfUtils.java:logGet(44)) - raft.grpc.client.port = 0 (custom)
2021-09-22 01:09:18,874 [Listener at 127.0.0.1/44817] INFO  grpc.GrpcConfigKeys (ConfUtils.java:logGet(44)) - raft.grpc.server.port = 0 (default)
2021-09-22 01:09:18,875 [Listener at 127.0.0.1/44817] INFO  server.GrpcService (ConfUtils.java:logGet(44)) - raft.grpc.message.size.max = 32MB (=33554432) (custom)
2021-09-22 01:09:18,877 [Listener at 127.0.0.1/44817] INFO  server.RaftServerConfigKeys (ConfUtils.java:logGet(44)) - raft.server.log.appender.buffer.byte-limit = 33554432 (custom)
2021-09-22 01:09:18,877 [Listener at 127.0.0.1/44817] INFO  server.GrpcService (ConfUtils.java:logGet(44)) - raft.grpc.flow.control.window = 5MB (=5242880) (custom)
2021-09-22 01:09:18,878 [Listener at 127.0.0.1/44817] INFO  server.RaftServerConfigKeys (ConfUtils.java:logGet(44)) - raft.server.rpc.request.timeout = 3000ms (default)
2021-09-22 01:09:18,879 [Listener at 127.0.0.1/44817] INFO  impl.DataStreamServerImpl (ConfUtils.java:logGet(44)) - raft.datastream.type = DISABLED (default)
2021-09-22 01:09:18,879 [Listener at 127.0.0.1/44817] INFO  server.RaftServerConfigKeys (ConfUtils.java:logGet(44)) - raft.server.rpc.slowness.timeout = 300000ms (custom)
2021-09-22 01:09:18,879 [Listener at 127.0.0.1/44817] INFO  server.RaftServerConfigKeys (ConfUtils.java:logGet(44)) - raft.server.leaderelection.leader.step-down.wait-time = 10s (default)
2021-09-22 01:09:18,880 [Listener at 127.0.0.1/44817] INFO  server.RaftServerConfigKeys (ConfUtils.java:logGet(44)) - raft.server.storage.dir = [/home/runner/work/ozone/ozone/hadoop-ozone/integration-test/target/test-dir/MiniOzoneClusterImpl-25acc1c1-a8f2-4117-88d4-9d8f1e28eca9/datanode-0/data/ratis] (custom)
2021-09-22 01:09:18,973 [Listener at 127.0.0.1/44817] INFO  http.BaseHttpServer (BaseHttpServer.java:newHttpServer2BuilderForOzone(209)) - Starting Web-server for hddsDatanode at: http://0.0.0.0:0
2021-09-22 01:09:18,973 [Listener at 127.0.0.1/44817] INFO  http.BaseHttpServer (BaseHttpServer.java:<init>(107)) - Hadoop Security Enabled: false Ozone Security Enabled: false Ozone HTTP Security Enabled: false 
2021-09-22 01:09:18,976 [Listener at 127.0.0.1/44817] INFO  server.AuthenticationFilter (AuthenticationFilter.java:constructSecretProvider(240)) - Unable to initialize FileSignerSecretProvider, falling back to use random secrets.
2021-09-22 01:09:18,978 [Listener at 127.0.0.1/44817] WARN  http.HttpRequestLog (HttpRequestLog.java:getRequestLog(103)) - Jetty request log can only be enabled using Log4j
2021-09-22 01:09:18,979 [Listener at 127.0.0.1/44817] INFO  http.HttpServer2 (HttpServer2.java:addGlobalFilter(1030)) - Added global filter 'safety' (class=org.apache.hadoop.hdds.server.http.HttpServer2$QuotingInputFilter)
2021-09-22 01:09:18,979 [Listener at 127.0.0.1/44817] INFO  http.HttpServer2 (HttpServer2.java:addFilter(1006)) - Added filter static_user_filter (class=org.apache.hadoop.http.lib.StaticUserWebFilter$StaticUserFilter) to context hddsDatanode
2021-09-22 01:09:18,980 [Listener at 127.0.0.1/44817] INFO  http.HttpServer2 (HttpServer2.java:addFilter(1014)) - Added filter static_user_filter (class=org.apache.hadoop.http.lib.StaticUserWebFilter$StaticUserFilter) to context static
2021-09-22 01:09:18,980 [Listener at 127.0.0.1/44817] INFO  http.HttpServer2 (HttpServer2.java:addFilter(1014)) - Added filter static_user_filter (class=org.apache.hadoop.http.lib.StaticUserWebFilter$StaticUserFilter) to context logs
2021-09-22 01:09:18,980 [Listener at 127.0.0.1/44817] INFO  http.HttpServer2 (HttpServer2.java:bindListener(1249)) - Jetty bound to port 39621
2021-09-22 01:09:18,980 [Listener at 127.0.0.1/44817] INFO  server.Server (Server.java:doStart(375)) - jetty-9.4.43.v20210629; built: 2021-06-30T11:07:22.254Z; git: 526006ecfa3af7f1a27ef3a288e2bef7ea9dd7e8; jvm 1.8.0_292-b10
2021-09-22 01:09:18,985 [Listener at 127.0.0.1/44817] INFO  server.session (DefaultSessionIdManager.java:doStart(334)) - DefaultSessionIdManager workerName=node0
2021-09-22 01:09:18,985 [Listener at 127.0.0.1/44817] INFO  server.session (DefaultSessionIdManager.java:doStart(339)) - No SessionScavenger set, using defaults
2021-09-22 01:09:18,985 [Listener at 127.0.0.1/44817] INFO  server.session (HouseKeeper.java:startScavenging(132)) - node0 Scavenging every 600000ms
2021-09-22 01:09:18,986 [Listener at 127.0.0.1/44817] INFO  handler.ContextHandler (ContextHandler.java:doStart(915)) - Started o.e.j.s.ServletContextHandler@38e1753a{logs,/logs,file:///home/runner/work/ozone/ozone/hadoop-ozone/integration-test/target/log,AVAILABLE}
2021-09-22 01:09:18,986 [Listener at 127.0.0.1/44817] INFO  handler.ContextHandler (ContextHandler.java:doStart(915)) - Started o.e.j.s.ServletContextHandler@20fccfe4{static,/static,jar:file:/home/runner/.m2/repository/org/apache/ozone/hdds-container-service/1.2.0-SNAPSHOT/hdds-container-service-1.2.0-SNAPSHOT.jar!/webapps/static,AVAILABLE}
2021-09-22 01:09:19,039 [Listener at 127.0.0.1/44817] INFO  handler.ContextHandler (ContextHandler.java:doStart(915)) - Started o.e.j.w.WebAppContext@656369dd{hddsDatanode,/,file:///tmp/jetty-0_0_0_0-39621-hdds-container-service-1_2_0-SNAPSHOT_jar-_-any-893793520891169539/webapp/,AVAILABLE}{jar:file:/home/runner/.m2/repository/org/apache/ozone/hdds-container-service/1.2.0-SNAPSHOT/hdds-container-service-1.2.0-SNAPSHOT.jar!/webapps/hddsDatanode}
2021-09-22 01:09:19,040 [Listener at 127.0.0.1/44817] INFO  server.AbstractConnector (AbstractConnector.java:doStart(331)) - Started ServerConnector@514846b6{HTTP/1.1, (http/1.1)}{0.0.0.0:39621}
2021-09-22 01:09:19,040 [Listener at 127.0.0.1/44817] INFO  server.Server (Server.java:doStart(415)) - Started @6665ms
2021-09-22 01:09:19,040 [Listener at 127.0.0.1/44817] WARN  impl.MetricsSystemImpl (MetricsSystemImpl.java:register(279)) - Sink prometheus already exists!
2021-09-22 01:09:19,041 [Listener at 127.0.0.1/44817] INFO  http.BaseHttpServer (BaseHttpServer.java:updateConnectorAddress(329)) - HTTP server of hddsDatanode listening at http://0.0.0.0:39621
2021-09-22 01:09:19,043 [Listener at 127.0.0.1/44817] WARN  impl.MetricRegistriesImpl (MetricRegistriesImpl.java:addReporterRegistration(111)) - New reporters are added after registries were created. Some metrics will be missing from the reporter. Please add reporter before adding any new registry.
2021-09-22 01:09:19,043 [Listener at 127.0.0.1/44817] WARN  impl.MetricRegistriesImpl (MetricRegistriesImpl.java:addReporterRegistration(111)) - New reporters are added after registries were created. Some metrics will be missing from the reporter. Please add reporter before adding any new registry.
2021-09-22 01:09:19,043 [Listener at 127.0.0.1/44817] INFO  impl.MetricsSystemImpl (MetricsSystemImpl.java:init(158)) - HddsDatanode metrics system started (again)
2021-09-22 01:09:19,053 [Datanode State Machine Thread - 0] INFO  statemachine.DatanodeStateMachine (DatanodeStateMachine.java:lambda$startDaemon$0(456)) - Ozone container server started.
2021-09-22 01:09:19,070 [Listener at 127.0.0.1/44817] INFO  ozone.HddsDatanodeService (HddsDatanodeService.java:start(234)) - HddsDatanodeService host:fv-az294-326.eaanfquahm5ulb5tj050gcxych.jx.internal.cloudapp.net ip:10.1.0.5
2021-09-22 01:09:19,088 [org.apache.hadoop.util.JvmPauseMonitor$Monitor@7625a8f3] INFO  util.JvmPauseMonitor (JvmPauseMonitor.java:run(188)) - Starting JVM pause monitor
2021-09-22 01:09:19,104 [Listener at 127.0.0.1/44817] INFO  upgrade.AbstractLayoutVersionManager (AbstractLayoutVersionManager.java:init(79)) - Initializing Layout version manager with metadata layout = SCM_HA (version = 2), software layout = SCM_HA (version = 2)
2021-09-22 01:09:19,199 [Datanode State Machine Task Thread - 0] INFO  datanode.InitDatanodeState (InitDatanodeState.java:persistContainerDatanodeDetails(145)) - DatanodeDetails is persisted to /home/runner/work/ozone/ozone/hadoop-ozone/integration-test/target/test-dir/MiniOzoneClusterImpl-25acc1c1-a8f2-4117-88d4-9d8f1e28eca9/datanode-0/meta/datanode.id
2021-09-22 01:09:19,210 [Listener at 127.0.0.1/44817] INFO  reflections.Reflections (Reflections.java:scan(232)) - Reflections took 105 ms to scan 7 urls, producing 119 keys and 275 values 
2021-09-22 01:09:19,213 [Listener at 127.0.0.1/44817] INFO  volume.HddsVolume (HddsVolume.java:<init>(120)) - Creating HddsVolume: /home/runner/work/ozone/ozone/hadoop-ozone/integration-test/target/test-dir/MiniOzoneClusterImpl-25acc1c1-a8f2-4117-88d4-9d8f1e28eca9/datanode-1/data-0/containers/hdds of storage type : DISK capacity : 9223372036854775807
2021-09-22 01:09:19,213 [Listener at 127.0.0.1/44817] INFO  volume.MutableVolumeSet (MutableVolumeSet.java:initializeVolumeSet(168)) - Added Volume : /home/runner/work/ozone/ozone/hadoop-ozone/integration-test/target/test-dir/MiniOzoneClusterImpl-25acc1c1-a8f2-4117-88d4-9d8f1e28eca9/datanode-1/data-0/containers/hdds to VolumeSet
2021-09-22 01:09:19,214 [Listener at 127.0.0.1/44817] INFO  volume.ThrottledAsyncChecker (ThrottledAsyncChecker.java:schedule(141)) - Scheduling a check for /home/runner/work/ozone/ozone/hadoop-ozone/integration-test/target/test-dir/MiniOzoneClusterImpl-25acc1c1-a8f2-4117-88d4-9d8f1e28eca9/datanode-1/data-0/containers/hdds
2021-09-22 01:09:19,214 [Listener at 127.0.0.1/44817] INFO  volume.StorageVolumeChecker (StorageVolumeChecker.java:checkAllVolumes(202)) - Scheduled health check for volume /home/runner/work/ozone/ozone/hadoop-ozone/integration-test/target/test-dir/MiniOzoneClusterImpl-25acc1c1-a8f2-4117-88d4-9d8f1e28eca9/datanode-1/data-0/containers/hdds
2021-09-22 01:09:19,228 [Listener at 127.0.0.1/44817] INFO  volume.MutableVolumeSet (MutableVolumeSet.java:initializeVolumeSet(168)) - Added Volume : /home/runner/work/ozone/ozone/hadoop-ozone/integration-test/target/test-dir/MiniOzoneClusterImpl-25acc1c1-a8f2-4117-88d4-9d8f1e28eca9/datanode-1/data/ratis to VolumeSet
2021-09-22 01:09:19,228 [Listener at 127.0.0.1/44817] INFO  volume.ThrottledAsyncChecker (ThrottledAsyncChecker.java:schedule(141)) - Scheduling a check for /home/runner/work/ozone/ozone/hadoop-ozone/integration-test/target/test-dir/MiniOzoneClusterImpl-25acc1c1-a8f2-4117-88d4-9d8f1e28eca9/datanode-1/data/ratis
2021-09-22 01:09:19,229 [Listener at 127.0.0.1/44817] INFO  volume.StorageVolumeChecker (StorageVolumeChecker.java:checkAllVolumes(202)) - Scheduled health check for volume /home/runner/work/ozone/ozone/hadoop-ozone/integration-test/target/test-dir/MiniOzoneClusterImpl-25acc1c1-a8f2-4117-88d4-9d8f1e28eca9/datanode-1/data/ratis
2021-09-22 01:09:19,246 [Thread-140] INFO  ozoneimpl.ContainerReader (ContainerReader.java:readVolume(172)) - Finish verifying containers on volume /home/runner/work/ozone/ozone/hadoop-ozone/integration-test/target/test-dir/MiniOzoneClusterImpl-25acc1c1-a8f2-4117-88d4-9d8f1e28eca9/datanode-1/data-0/containers/hdds
2021-09-22 01:09:19,247 [Listener at 127.0.0.1/44817] INFO  ozoneimpl.OzoneContainer (OzoneContainer.java:buildContainerSet(236)) - Build ContainerSet costs 0s
2021-09-22 01:09:19,250 [Listener at 127.0.0.1/44817] INFO  server.RaftServer (ConfUtils.java:logGet(44)) - raft.rpc.type = GRPC (default)
2021-09-22 01:09:19,250 [Listener at 127.0.0.1/44817] INFO  grpc.GrpcFactory (GrpcFactory.java:checkPooledByteBufAllocatorUseCacheForAllThreads(48)) - PERFORMANCE WARNING: useCacheForAllThreads is true that may cause Netty to create a lot garbage objects and, as a result, trigger GC.
	It is recommended to disable useCacheForAllThreads by setting -Dorg.apache.ratis.thirdparty.io.netty.allocator.useCacheForAllThreads=false in command line.
2021-09-22 01:09:19,250 [Listener at 127.0.0.1/44817] INFO  grpc.GrpcConfigKeys (ConfUtils.java:logGet(44)) - raft.grpc.admin.port = 0 (custom)
2021-09-22 01:09:19,250 [Listener at 127.0.0.1/44817] INFO  grpc.GrpcConfigKeys (ConfUtils.java:logGet(44)) - raft.grpc.client.port = 0 (custom)
2021-09-22 01:09:19,250 [Listener at 127.0.0.1/44817] INFO  grpc.GrpcConfigKeys (ConfUtils.java:logGet(44)) - raft.grpc.server.port = 0 (default)
2021-09-22 01:09:19,250 [Listener at 127.0.0.1/44817] INFO  server.GrpcService (ConfUtils.java:logGet(44)) - raft.grpc.message.size.max = 32MB (=33554432) (custom)
2021-09-22 01:09:19,250 [Listener at 127.0.0.1/44817] INFO  server.RaftServerConfigKeys (ConfUtils.java:logGet(44)) - raft.server.log.appender.buffer.byte-limit = 33554432 (custom)
2021-09-22 01:09:19,250 [Listener at 127.0.0.1/44817] INFO  server.GrpcService (ConfUtils.java:logGet(44)) - raft.grpc.flow.control.window = 5MB (=5242880) (custom)
2021-09-22 01:09:19,251 [Listener at 127.0.0.1/44817] INFO  server.RaftServerConfigKeys (ConfUtils.java:logGet(44)) - raft.server.rpc.request.timeout = 3000ms (default)
2021-09-22 01:09:19,252 [Listener at 127.0.0.1/44817] INFO  impl.DataStreamServerImpl (ConfUtils.java:logGet(44)) - raft.datastream.type = DISABLED (default)
2021-09-22 01:09:19,252 [Listener at 127.0.0.1/44817] INFO  server.RaftServerConfigKeys (ConfUtils.java:logGet(44)) - raft.server.rpc.slowness.timeout = 300000ms (custom)
2021-09-22 01:09:19,252 [Listener at 127.0.0.1/44817] INFO  server.RaftServerConfigKeys (ConfUtils.java:logGet(44)) - raft.server.leaderelection.leader.step-down.wait-time = 10s (default)
2021-09-22 01:09:19,252 [Listener at 127.0.0.1/44817] INFO  server.RaftServerConfigKeys (ConfUtils.java:logGet(44)) - raft.server.storage.dir = [/home/runner/work/ozone/ozone/hadoop-ozone/integration-test/target/test-dir/MiniOzoneClusterImpl-25acc1c1-a8f2-4117-88d4-9d8f1e28eca9/datanode-1/data/ratis] (custom)
2021-09-22 01:09:19,261 [Listener at 127.0.0.1/44817] INFO  http.BaseHttpServer (BaseHttpServer.java:newHttpServer2BuilderForOzone(209)) - Starting Web-server for hddsDatanode at: http://0.0.0.0:0
2021-09-22 01:09:19,262 [Listener at 127.0.0.1/44817] INFO  http.BaseHttpServer (BaseHttpServer.java:<init>(107)) - Hadoop Security Enabled: false Ozone Security Enabled: false Ozone HTTP Security Enabled: false 
2021-09-22 01:09:19,263 [Listener at 127.0.0.1/44817] INFO  server.AuthenticationFilter (AuthenticationFilter.java:constructSecretProvider(240)) - Unable to initialize FileSignerSecretProvider, falling back to use random secrets.
2021-09-22 01:09:19,264 [Listener at 127.0.0.1/44817] WARN  http.HttpRequestLog (HttpRequestLog.java:getRequestLog(103)) - Jetty request log can only be enabled using Log4j
2021-09-22 01:09:19,264 [Listener at 127.0.0.1/44817] INFO  http.HttpServer2 (HttpServer2.java:addGlobalFilter(1030)) - Added global filter 'safety' (class=org.apache.hadoop.hdds.server.http.HttpServer2$QuotingInputFilter)
2021-09-22 01:09:19,265 [Listener at 127.0.0.1/44817] INFO  http.HttpServer2 (HttpServer2.java:addFilter(1006)) - Added filter static_user_filter (class=org.apache.hadoop.http.lib.StaticUserWebFilter$StaticUserFilter) to context hddsDatanode
2021-09-22 01:09:19,265 [Listener at 127.0.0.1/44817] INFO  http.HttpServer2 (HttpServer2.java:addFilter(1014)) - Added filter static_user_filter (class=org.apache.hadoop.http.lib.StaticUserWebFilter$StaticUserFilter) to context static
2021-09-22 01:09:19,265 [Listener at 127.0.0.1/44817] INFO  http.HttpServer2 (HttpServer2.java:addFilter(1014)) - Added filter static_user_filter (class=org.apache.hadoop.http.lib.StaticUserWebFilter$StaticUserFilter) to context logs
2021-09-22 01:09:19,266 [Listener at 127.0.0.1/44817] INFO  http.HttpServer2 (HttpServer2.java:bindListener(1249)) - Jetty bound to port 37231
2021-09-22 01:09:19,266 [Listener at 127.0.0.1/44817] INFO  server.Server (Server.java:doStart(375)) - jetty-9.4.43.v20210629; built: 2021-06-30T11:07:22.254Z; git: 526006ecfa3af7f1a27ef3a288e2bef7ea9dd7e8; jvm 1.8.0_292-b10
2021-09-22 01:09:19,268 [Listener at 127.0.0.1/44817] INFO  server.session (DefaultSessionIdManager.java:doStart(334)) - DefaultSessionIdManager workerName=node0
2021-09-22 01:09:19,268 [Listener at 127.0.0.1/44817] INFO  server.session (DefaultSessionIdManager.java:doStart(339)) - No SessionScavenger set, using defaults
2021-09-22 01:09:19,268 [Listener at 127.0.0.1/44817] INFO  server.session (HouseKeeper.java:startScavenging(132)) - node0 Scavenging every 660000ms
2021-09-22 01:09:19,269 [Listener at 127.0.0.1/44817] INFO  handler.ContextHandler (ContextHandler.java:doStart(915)) - Started o.e.j.s.ServletContextHandler@169a4e17{logs,/logs,file:///home/runner/work/ozone/ozone/hadoop-ozone/integration-test/target/log,AVAILABLE}
2021-09-22 01:09:19,269 [Listener at 127.0.0.1/44817] INFO  handler.ContextHandler (ContextHandler.java:doStart(915)) - Started o.e.j.s.ServletContextHandler@40e1dfd8{static,/static,jar:file:/home/runner/.m2/repository/org/apache/ozone/hdds-container-service/1.2.0-SNAPSHOT/hdds-container-service-1.2.0-SNAPSHOT.jar!/webapps/static,AVAILABLE}
2021-09-22 01:09:19,322 [Listener at 127.0.0.1/44817] INFO  handler.ContextHandler (ContextHandler.java:doStart(915)) - Started o.e.j.w.WebAppContext@1e26937f{hddsDatanode,/,file:///tmp/jetty-0_0_0_0-37231-hdds-container-service-1_2_0-SNAPSHOT_jar-_-any-8348468527564050656/webapp/,AVAILABLE}{jar:file:/home/runner/.m2/repository/org/apache/ozone/hdds-container-service/1.2.0-SNAPSHOT/hdds-container-service-1.2.0-SNAPSHOT.jar!/webapps/hddsDatanode}
2021-09-22 01:09:19,323 [Listener at 127.0.0.1/44817] INFO  server.AbstractConnector (AbstractConnector.java:doStart(331)) - Started ServerConnector@4f99956e{HTTP/1.1, (http/1.1)}{0.0.0.0:37231}
2021-09-22 01:09:19,323 [Listener at 127.0.0.1/44817] INFO  server.Server (Server.java:doStart(415)) - Started @6949ms
2021-09-22 01:09:19,324 [Listener at 127.0.0.1/44817] WARN  impl.MetricsSystemImpl (MetricsSystemImpl.java:register(279)) - Sink prometheus already exists!
2021-09-22 01:09:19,324 [Listener at 127.0.0.1/44817] INFO  http.BaseHttpServer (BaseHttpServer.java:updateConnectorAddress(329)) - HTTP server of hddsDatanode listening at http://0.0.0.0:37231
2021-09-22 01:09:19,326 [Listener at 127.0.0.1/44817] WARN  impl.MetricRegistriesImpl (MetricRegistriesImpl.java:addReporterRegistration(111)) - New reporters are added after registries were created. Some metrics will be missing from the reporter. Please add reporter before adding any new registry.
2021-09-22 01:09:19,326 [Listener at 127.0.0.1/44817] WARN  impl.MetricRegistriesImpl (MetricRegistriesImpl.java:addReporterRegistration(111)) - New reporters are added after registries were created. Some metrics will be missing from the reporter. Please add reporter before adding any new registry.
2021-09-22 01:09:19,326 [Listener at 127.0.0.1/44817] INFO  impl.MetricsSystemImpl (MetricsSystemImpl.java:init(158)) - HddsDatanode metrics system started (again)
2021-09-22 01:09:19,331 [Datanode State Machine Thread - 0] INFO  statemachine.DatanodeStateMachine (DatanodeStateMachine.java:lambda$startDaemon$0(456)) - Ozone container server started.
2021-09-22 01:09:19,355 [org.apache.hadoop.util.JvmPauseMonitor$Monitor@4d4e2e2c] INFO  util.JvmPauseMonitor (JvmPauseMonitor.java:run(188)) - Starting JVM pause monitor
2021-09-22 01:09:19,359 [om1@group-C5BA1605619E-FollowerState] INFO  impl.FollowerState (FollowerState.java:run(134)) - om1@group-C5BA1605619E-FollowerState: change to CANDIDATE, lastRpcElapsedTime:1080080686ns, electionTimeout:1057ms
2021-09-22 01:09:19,360 [om1@group-C5BA1605619E-FollowerState] INFO  impl.RoleInfo (RoleInfo.java:shutdownFollowerState(108)) - om1: shutdown om1@group-C5BA1605619E-FollowerState
2021-09-22 01:09:19,362 [om1@group-C5BA1605619E-FollowerState] INFO  server.RaftServer$Division (RaftServerImpl.java:setRole(285)) - om1@group-C5BA1605619E: changes role from  FOLLOWER to CANDIDATE at term 0 for changeToCandidate
2021-09-22 01:09:19,365 [Listener at 127.0.0.1/44817] INFO  ozone.HddsDatanodeService (HddsDatanodeService.java:start(234)) - HddsDatanodeService host:fv-az294-326.eaanfquahm5ulb5tj050gcxych.jx.internal.cloudapp.net ip:10.1.0.5
2021-09-22 01:09:19,370 [om1@group-C5BA1605619E-FollowerState] INFO  server.RaftServerConfigKeys (ConfUtils.java:logGet(44)) - raft.server.leaderelection.pre-vote = false (custom)
2021-09-22 01:09:19,371 [om1@group-C5BA1605619E-FollowerState] INFO  impl.RoleInfo (RoleInfo.java:updateAndGet(130)) - om1: start om1@group-C5BA1605619E-LeaderElection1
2021-09-22 01:09:19,380 [Datanode State Machine Task Thread - 0] INFO  datanode.InitDatanodeState (InitDatanodeState.java:persistContainerDatanodeDetails(145)) - DatanodeDetails is persisted to /home/runner/work/ozone/ozone/hadoop-ozone/integration-test/target/test-dir/MiniOzoneClusterImpl-25acc1c1-a8f2-4117-88d4-9d8f1e28eca9/datanode-1/meta/datanode.id
2021-09-22 01:09:19,386 [om1@group-C5BA1605619E-LeaderElection1] INFO  impl.LeaderElection (LeaderElection.java:askForVotes(306)) - om1@group-C5BA1605619E-LeaderElection1 ELECTION round 0: submit vote requests at term 1 for -1: [om1|rpc:localhost:9872|priority:0], old=null
2021-09-22 01:09:19,387 [om1@group-C5BA1605619E-LeaderElection1] INFO  impl.LeaderElection (LeaderElection.java:askForVotes(308)) - om1@group-C5BA1605619E-LeaderElection1 ELECTION round 0: result PASSED (term=1)
2021-09-22 01:09:19,387 [om1@group-C5BA1605619E-LeaderElection1] INFO  impl.RoleInfo (RoleInfo.java:shutdownLeaderElection(121)) - om1: shutdown om1@group-C5BA1605619E-LeaderElection1
2021-09-22 01:09:19,389 [om1@group-C5BA1605619E-LeaderElection1] INFO  server.RaftServer$Division (RaftServerImpl.java:setRole(285)) - om1@group-C5BA1605619E: changes role from CANDIDATE to LEADER at term 1 for changeToLeader
2021-09-22 01:09:19,389 [om1@group-C5BA1605619E-LeaderElection1] INFO  server.RaftServer$Division (ServerState.java:setLeader(285)) - om1@group-C5BA1605619E: change Leader from null to om1 at term 1 for becomeLeader, leader elected after 1228ms
2021-09-22 01:09:19,394 [om1@group-C5BA1605619E-LeaderElection1] INFO  server.RaftServerConfigKeys (ConfUtils.java:logGet(44)) - raft.server.staging.catchup.gap = 1000 (default)
2021-09-22 01:09:19,398 [Listener at 127.0.0.1/44817] INFO  upgrade.AbstractLayoutVersionManager (AbstractLayoutVersionManager.java:init(79)) - Initializing Layout version manager with metadata layout = SCM_HA (version = 2), software layout = SCM_HA (version = 2)
2021-09-22 01:09:19,545 [om1@group-C5BA1605619E-LeaderElection1] INFO  server.RaftServerConfigKeys (ConfUtils.java:logGet(44)) - raft.server.write.element-limit = 4096 (default)
2021-09-22 01:09:19,550 [om1@group-C5BA1605619E-LeaderElection1] INFO  server.RaftServerConfigKeys (ConfUtils.java:logGet(44)) - raft.server.write.byte-limit = 64MB (=67108864) (default)
2021-09-22 01:09:19,557 [om1@group-C5BA1605619E-LeaderElection1] INFO  server.RaftServerConfigKeys (ConfUtils.java:logGet(44)) - raft.server.watch.timeout = 10s (default)
2021-09-22 01:09:19,557 [om1@group-C5BA1605619E-LeaderElection1] INFO  server.RaftServerConfigKeys (ConfUtils.java:logGet(44)) - raft.server.watch.timeout.denomination = 1s (default)
2021-09-22 01:09:19,559 [om1@group-C5BA1605619E-LeaderElection1] INFO  server.RaftServerConfigKeys (ConfUtils.java:logGet(44)) - raft.server.watch.element-limit = 65536 (default)
2021-09-22 01:09:19,591 [om1@group-C5BA1605619E-LeaderElection1] INFO  impl.RoleInfo (RoleInfo.java:updateAndGet(130)) - om1: start om1@group-C5BA1605619E-LeaderStateImpl
2021-09-22 01:09:19,628 [om1@group-C5BA1605619E-LeaderElection1] INFO  segmented.SegmentedRaftLogWorker (SegmentedRaftLogWorker.java:startLogSegment(394)) - om1@group-C5BA1605619E-SegmentedRaftLogWorker: Starting segment from index:0
2021-09-22 01:09:19,653 [Listener at 127.0.0.1/44817] INFO  reflections.Reflections (Reflections.java:scan(232)) - Reflections took 254 ms to scan 7 urls, producing 119 keys and 275 values 
2021-09-22 01:09:19,667 [Listener at 127.0.0.1/44817] INFO  volume.HddsVolume (HddsVolume.java:<init>(120)) - Creating HddsVolume: /home/runner/work/ozone/ozone/hadoop-ozone/integration-test/target/test-dir/MiniOzoneClusterImpl-25acc1c1-a8f2-4117-88d4-9d8f1e28eca9/datanode-2/data-0/containers/hdds of storage type : DISK capacity : 9223372036854775807
2021-09-22 01:09:19,667 [Listener at 127.0.0.1/44817] INFO  volume.MutableVolumeSet (MutableVolumeSet.java:initializeVolumeSet(168)) - Added Volume : /home/runner/work/ozone/ozone/hadoop-ozone/integration-test/target/test-dir/MiniOzoneClusterImpl-25acc1c1-a8f2-4117-88d4-9d8f1e28eca9/datanode-2/data-0/containers/hdds to VolumeSet
2021-09-22 01:09:19,667 [Listener at 127.0.0.1/44817] INFO  volume.ThrottledAsyncChecker (ThrottledAsyncChecker.java:schedule(141)) - Scheduling a check for /home/runner/work/ozone/ozone/hadoop-ozone/integration-test/target/test-dir/MiniOzoneClusterImpl-25acc1c1-a8f2-4117-88d4-9d8f1e28eca9/datanode-2/data-0/containers/hdds
2021-09-22 01:09:19,689 [Listener at 127.0.0.1/44817] INFO  volume.StorageVolumeChecker (StorageVolumeChecker.java:checkAllVolumes(202)) - Scheduled health check for volume /home/runner/work/ozone/ozone/hadoop-ozone/integration-test/target/test-dir/MiniOzoneClusterImpl-25acc1c1-a8f2-4117-88d4-9d8f1e28eca9/datanode-2/data-0/containers/hdds
2021-09-22 01:09:19,708 [Listener at 127.0.0.1/44817] INFO  volume.MutableVolumeSet (MutableVolumeSet.java:initializeVolumeSet(168)) - Added Volume : /home/runner/work/ozone/ozone/hadoop-ozone/integration-test/target/test-dir/MiniOzoneClusterImpl-25acc1c1-a8f2-4117-88d4-9d8f1e28eca9/datanode-2/data/ratis to VolumeSet
2021-09-22 01:09:19,708 [Listener at 127.0.0.1/44817] INFO  volume.ThrottledAsyncChecker (ThrottledAsyncChecker.java:schedule(141)) - Scheduling a check for /home/runner/work/ozone/ozone/hadoop-ozone/integration-test/target/test-dir/MiniOzoneClusterImpl-25acc1c1-a8f2-4117-88d4-9d8f1e28eca9/datanode-2/data/ratis
2021-09-22 01:09:19,713 [om1@group-C5BA1605619E-LeaderElection1] INFO  server.RaftServer$Division (ServerState.java:setRaftConf(387)) - om1@group-C5BA1605619E: set configuration 0: [om1|rpc:localhost:9872|admin:|client:|dataStream:|priority:0], old=null
2021-09-22 01:09:19,714 [Listener at 127.0.0.1/44817] INFO  volume.StorageVolumeChecker (StorageVolumeChecker.java:checkAllVolumes(202)) - Scheduled health check for volume /home/runner/work/ozone/ozone/hadoop-ozone/integration-test/target/test-dir/MiniOzoneClusterImpl-25acc1c1-a8f2-4117-88d4-9d8f1e28eca9/datanode-2/data/ratis
2021-09-22 01:09:19,739 [Thread-154] INFO  ozoneimpl.ContainerReader (ContainerReader.java:readVolume(172)) - Finish verifying containers on volume /home/runner/work/ozone/ozone/hadoop-ozone/integration-test/target/test-dir/MiniOzoneClusterImpl-25acc1c1-a8f2-4117-88d4-9d8f1e28eca9/datanode-2/data-0/containers/hdds
2021-09-22 01:09:19,739 [Listener at 127.0.0.1/44817] INFO  ozoneimpl.OzoneContainer (OzoneContainer.java:buildContainerSet(236)) - Build ContainerSet costs 0s
2021-09-22 01:09:19,742 [Listener at 127.0.0.1/44817] INFO  server.RaftServer (ConfUtils.java:logGet(44)) - raft.rpc.type = GRPC (default)
2021-09-22 01:09:19,742 [Listener at 127.0.0.1/44817] INFO  grpc.GrpcFactory (GrpcFactory.java:checkPooledByteBufAllocatorUseCacheForAllThreads(48)) - PERFORMANCE WARNING: useCacheForAllThreads is true that may cause Netty to create a lot garbage objects and, as a result, trigger GC.
	It is recommended to disable useCacheForAllThreads by setting -Dorg.apache.ratis.thirdparty.io.netty.allocator.useCacheForAllThreads=false in command line.
2021-09-22 01:09:19,743 [Listener at 127.0.0.1/44817] INFO  grpc.GrpcConfigKeys (ConfUtils.java:logGet(44)) - raft.grpc.admin.port = 0 (custom)
2021-09-22 01:09:19,743 [Listener at 127.0.0.1/44817] INFO  grpc.GrpcConfigKeys (ConfUtils.java:logGet(44)) - raft.grpc.client.port = 0 (custom)
2021-09-22 01:09:19,743 [Listener at 127.0.0.1/44817] INFO  grpc.GrpcConfigKeys (ConfUtils.java:logGet(44)) - raft.grpc.server.port = 0 (default)
2021-09-22 01:09:19,743 [Listener at 127.0.0.1/44817] INFO  server.GrpcService (ConfUtils.java:logGet(44)) - raft.grpc.message.size.max = 32MB (=33554432) (custom)
2021-09-22 01:09:19,743 [Listener at 127.0.0.1/44817] INFO  server.RaftServerConfigKeys (ConfUtils.java:logGet(44)) - raft.server.log.appender.buffer.byte-limit = 33554432 (custom)
2021-09-22 01:09:19,743 [Listener at 127.0.0.1/44817] INFO  server.GrpcService (ConfUtils.java:logGet(44)) - raft.grpc.flow.control.window = 5MB (=5242880) (custom)
2021-09-22 01:09:19,743 [Listener at 127.0.0.1/44817] INFO  server.RaftServerConfigKeys (ConfUtils.java:logGet(44)) - raft.server.rpc.request.timeout = 3000ms (default)
2021-09-22 01:09:19,746 [Listener at 127.0.0.1/44817] INFO  impl.DataStreamServerImpl (ConfUtils.java:logGet(44)) - raft.datastream.type = DISABLED (default)
2021-09-22 01:09:19,746 [Listener at 127.0.0.1/44817] INFO  server.RaftServerConfigKeys (ConfUtils.java:logGet(44)) - raft.server.rpc.slowness.timeout = 300000ms (custom)
2021-09-22 01:09:19,747 [Listener at 127.0.0.1/44817] INFO  server.RaftServerConfigKeys (ConfUtils.java:logGet(44)) - raft.server.leaderelection.leader.step-down.wait-time = 10s (default)
2021-09-22 01:09:19,747 [Listener at 127.0.0.1/44817] INFO  server.RaftServerConfigKeys (ConfUtils.java:logGet(44)) - raft.server.storage.dir = [/home/runner/work/ozone/ozone/hadoop-ozone/integration-test/target/test-dir/MiniOzoneClusterImpl-25acc1c1-a8f2-4117-88d4-9d8f1e28eca9/datanode-2/data/ratis] (custom)
2021-09-22 01:09:19,759 [Listener at 127.0.0.1/44817] INFO  http.BaseHttpServer (BaseHttpServer.java:newHttpServer2BuilderForOzone(209)) - Starting Web-server for hddsDatanode at: http://0.0.0.0:0
2021-09-22 01:09:19,759 [Listener at 127.0.0.1/44817] INFO  http.BaseHttpServer (BaseHttpServer.java:<init>(107)) - Hadoop Security Enabled: false Ozone Security Enabled: false Ozone HTTP Security Enabled: false 
2021-09-22 01:09:19,761 [Listener at 127.0.0.1/44817] INFO  server.AuthenticationFilter (AuthenticationFilter.java:constructSecretProvider(240)) - Unable to initialize FileSignerSecretProvider, falling back to use random secrets.
2021-09-22 01:09:19,762 [Listener at 127.0.0.1/44817] WARN  http.HttpRequestLog (HttpRequestLog.java:getRequestLog(103)) - Jetty request log can only be enabled using Log4j
2021-09-22 01:09:19,763 [Listener at 127.0.0.1/44817] INFO  http.HttpServer2 (HttpServer2.java:addGlobalFilter(1030)) - Added global filter 'safety' (class=org.apache.hadoop.hdds.server.http.HttpServer2$QuotingInputFilter)
2021-09-22 01:09:19,764 [Listener at 127.0.0.1/44817] INFO  http.HttpServer2 (HttpServer2.java:addFilter(1006)) - Added filter static_user_filter (class=org.apache.hadoop.http.lib.StaticUserWebFilter$StaticUserFilter) to context hddsDatanode
2021-09-22 01:09:19,764 [Listener at 127.0.0.1/44817] INFO  http.HttpServer2 (HttpServer2.java:addFilter(1014)) - Added filter static_user_filter (class=org.apache.hadoop.http.lib.StaticUserWebFilter$StaticUserFilter) to context logs
2021-09-22 01:09:19,764 [Listener at 127.0.0.1/44817] INFO  http.HttpServer2 (HttpServer2.java:addFilter(1014)) - Added filter static_user_filter (class=org.apache.hadoop.http.lib.StaticUserWebFilter$StaticUserFilter) to context static
2021-09-22 01:09:19,764 [Listener at 127.0.0.1/44817] INFO  http.HttpServer2 (HttpServer2.java:bindListener(1249)) - Jetty bound to port 34661
2021-09-22 01:09:19,764 [Listener at 127.0.0.1/44817] INFO  server.Server (Server.java:doStart(375)) - jetty-9.4.43.v20210629; built: 2021-06-30T11:07:22.254Z; git: 526006ecfa3af7f1a27ef3a288e2bef7ea9dd7e8; jvm 1.8.0_292-b10
2021-09-22 01:09:19,765 [om1@group-C5BA1605619E-SegmentedRaftLogWorker] INFO  segmented.SegmentedRaftLogWorker (SegmentedRaftLogWorker.java:execute(601)) - om1@group-C5BA1605619E-SegmentedRaftLogWorker: created new log segment /home/runner/work/ozone/ozone/hadoop-ozone/integration-test/target/test-dir/MiniOzoneClusterImpl-25acc1c1-a8f2-4117-88d4-9d8f1e28eca9/ozone-meta/ratis/bf265839-605b-3f16-9796-c5ba1605619e/current/log_inprogress_0
2021-09-22 01:09:19,774 [Listener at 127.0.0.1/44817] INFO  server.session (DefaultSessionIdManager.java:doStart(334)) - DefaultSessionIdManager workerName=node0
2021-09-22 01:09:19,774 [Listener at 127.0.0.1/44817] INFO  server.session (DefaultSessionIdManager.java:doStart(339)) - No SessionScavenger set, using defaults
2021-09-22 01:09:19,775 [Listener at 127.0.0.1/44817] INFO  server.session (HouseKeeper.java:startScavenging(132)) - node0 Scavenging every 600000ms
2021-09-22 01:09:19,776 [Listener at 127.0.0.1/44817] INFO  handler.ContextHandler (ContextHandler.java:doStart(915)) - Started o.e.j.s.ServletContextHandler@6fc37f8d{logs,/logs,file:///home/runner/work/ozone/ozone/hadoop-ozone/integration-test/target/log,AVAILABLE}
2021-09-22 01:09:19,776 [Listener at 127.0.0.1/44817] INFO  handler.ContextHandler (ContextHandler.java:doStart(915)) - Started o.e.j.s.ServletContextHandler@1895cdfa{static,/static,jar:file:/home/runner/.m2/repository/org/apache/ozone/hdds-container-service/1.2.0-SNAPSHOT/hdds-container-service-1.2.0-SNAPSHOT.jar!/webapps/static,AVAILABLE}
2021-09-22 01:09:19,831 [Listener at 127.0.0.1/44817] INFO  handler.ContextHandler (ContextHandler.java:doStart(915)) - Started o.e.j.w.WebAppContext@5c04979e{hddsDatanode,/,file:///tmp/jetty-0_0_0_0-34661-hdds-container-service-1_2_0-SNAPSHOT_jar-_-any-3546585600216226651/webapp/,AVAILABLE}{jar:file:/home/runner/.m2/repository/org/apache/ozone/hdds-container-service/1.2.0-SNAPSHOT/hdds-container-service-1.2.0-SNAPSHOT.jar!/webapps/hddsDatanode}
2021-09-22 01:09:19,834 [Listener at 127.0.0.1/44817] INFO  server.AbstractConnector (AbstractConnector.java:doStart(331)) - Started ServerConnector@3b968666{HTTP/1.1, (http/1.1)}{0.0.0.0:34661}
2021-09-22 01:09:19,834 [Listener at 127.0.0.1/44817] INFO  server.Server (Server.java:doStart(415)) - Started @7460ms
2021-09-22 01:09:19,835 [Listener at 127.0.0.1/44817] WARN  impl.MetricsSystemImpl (MetricsSystemImpl.java:register(279)) - Sink prometheus already exists!
2021-09-22 01:09:19,838 [Listener at 127.0.0.1/44817] INFO  http.BaseHttpServer (BaseHttpServer.java:updateConnectorAddress(329)) - HTTP server of hddsDatanode listening at http://0.0.0.0:34661
2021-09-22 01:09:19,844 [Listener at 127.0.0.1/44817] WARN  impl.MetricRegistriesImpl (MetricRegistriesImpl.java:addReporterRegistration(111)) - New reporters are added after registries were created. Some metrics will be missing from the reporter. Please add reporter before adding any new registry.
2021-09-22 01:09:19,845 [Listener at 127.0.0.1/44817] WARN  impl.MetricRegistriesImpl (MetricRegistriesImpl.java:addReporterRegistration(111)) - New reporters are added after registries were created. Some metrics will be missing from the reporter. Please add reporter before adding any new registry.
2021-09-22 01:09:19,845 [Listener at 127.0.0.1/44817] INFO  impl.MetricsSystemImpl (MetricsSystemImpl.java:init(158)) - HddsDatanode metrics system started (again)
2021-09-22 01:09:19,854 [Datanode State Machine Thread - 0] INFO  statemachine.DatanodeStateMachine (DatanodeStateMachine.java:lambda$startDaemon$0(456)) - Ozone container server started.
2021-09-22 01:09:19,872 [Listener at 127.0.0.1/44817] INFO  ozone.HddsDatanodeService (HddsDatanodeService.java:start(234)) - HddsDatanodeService host:fv-az294-326.eaanfquahm5ulb5tj050gcxych.jx.internal.cloudapp.net ip:10.1.0.5
2021-09-22 01:09:19,881 [org.apache.hadoop.util.JvmPauseMonitor$Monitor@56310134] INFO  util.JvmPauseMonitor (JvmPauseMonitor.java:run(188)) - Starting JVM pause monitor
2021-09-22 01:09:19,890 [Datanode State Machine Task Thread - 0] INFO  datanode.InitDatanodeState (InitDatanodeState.java:persistContainerDatanodeDetails(145)) - DatanodeDetails is persisted to /home/runner/work/ozone/ozone/hadoop-ozone/integration-test/target/test-dir/MiniOzoneClusterImpl-25acc1c1-a8f2-4117-88d4-9d8f1e28eca9/datanode-2/meta/datanode.id
2021-09-22 01:09:19,903 [Listener at 127.0.0.1/44817] INFO  upgrade.AbstractLayoutVersionManager (AbstractLayoutVersionManager.java:init(79)) - Initializing Layout version manager with metadata layout = SCM_HA (version = 2), software layout = SCM_HA (version = 2)
2021-09-22 01:09:19,910 [om1@group-C5BA1605619E-StateMachineUpdater] INFO  ratis.OzoneManagerStateMachine (OzoneManagerStateMachine.java:notifyConfigurationChanged(188)) - Received Configuration change notification from Ratis. New Peer list:
[id: "om1"
address: "localhost:9872"
]
2021-09-22 01:09:19,950 [Listener at 127.0.0.1/44817] INFO  reflections.Reflections (Reflections.java:scan(232)) - Reflections took 46 ms to scan 7 urls, producing 119 keys and 275 values 
2021-09-22 01:09:19,961 [Listener at 127.0.0.1/44817] INFO  volume.HddsVolume (HddsVolume.java:<init>(120)) - Creating HddsVolume: /home/runner/work/ozone/ozone/hadoop-ozone/integration-test/target/test-dir/MiniOzoneClusterImpl-25acc1c1-a8f2-4117-88d4-9d8f1e28eca9/datanode-3/data-0/containers/hdds of storage type : DISK capacity : 9223372036854775807
2021-09-22 01:09:19,961 [Listener at 127.0.0.1/44817] INFO  volume.MutableVolumeSet (MutableVolumeSet.java:initializeVolumeSet(168)) - Added Volume : /home/runner/work/ozone/ozone/hadoop-ozone/integration-test/target/test-dir/MiniOzoneClusterImpl-25acc1c1-a8f2-4117-88d4-9d8f1e28eca9/datanode-3/data-0/containers/hdds to VolumeSet
2021-09-22 01:09:19,961 [Listener at 127.0.0.1/44817] INFO  volume.ThrottledAsyncChecker (ThrottledAsyncChecker.java:schedule(141)) - Scheduling a check for /home/runner/work/ozone/ozone/hadoop-ozone/integration-test/target/test-dir/MiniOzoneClusterImpl-25acc1c1-a8f2-4117-88d4-9d8f1e28eca9/datanode-3/data-0/containers/hdds
2021-09-22 01:09:19,963 [Listener at 127.0.0.1/44817] INFO  volume.StorageVolumeChecker (StorageVolumeChecker.java:checkAllVolumes(202)) - Scheduled health check for volume /home/runner/work/ozone/ozone/hadoop-ozone/integration-test/target/test-dir/MiniOzoneClusterImpl-25acc1c1-a8f2-4117-88d4-9d8f1e28eca9/datanode-3/data-0/containers/hdds
2021-09-22 01:09:19,981 [Listener at 127.0.0.1/44817] INFO  volume.MutableVolumeSet (MutableVolumeSet.java:initializeVolumeSet(168)) - Added Volume : /home/runner/work/ozone/ozone/hadoop-ozone/integration-test/target/test-dir/MiniOzoneClusterImpl-25acc1c1-a8f2-4117-88d4-9d8f1e28eca9/datanode-3/data/ratis to VolumeSet
2021-09-22 01:09:19,981 [Listener at 127.0.0.1/44817] INFO  volume.ThrottledAsyncChecker (ThrottledAsyncChecker.java:schedule(141)) - Scheduling a check for /home/runner/work/ozone/ozone/hadoop-ozone/integration-test/target/test-dir/MiniOzoneClusterImpl-25acc1c1-a8f2-4117-88d4-9d8f1e28eca9/datanode-3/data/ratis
2021-09-22 01:09:19,981 [Listener at 127.0.0.1/44817] INFO  volume.StorageVolumeChecker (StorageVolumeChecker.java:checkAllVolumes(202)) - Scheduled health check for volume /home/runner/work/ozone/ozone/hadoop-ozone/integration-test/target/test-dir/MiniOzoneClusterImpl-25acc1c1-a8f2-4117-88d4-9d8f1e28eca9/datanode-3/data/ratis
2021-09-22 01:09:19,998 [Thread-166] INFO  ozoneimpl.ContainerReader (ContainerReader.java:readVolume(172)) - Finish verifying containers on volume /home/runner/work/ozone/ozone/hadoop-ozone/integration-test/target/test-dir/MiniOzoneClusterImpl-25acc1c1-a8f2-4117-88d4-9d8f1e28eca9/datanode-3/data-0/containers/hdds
2021-09-22 01:09:19,998 [Listener at 127.0.0.1/44817] INFO  ozoneimpl.OzoneContainer (OzoneContainer.java:buildContainerSet(236)) - Build ContainerSet costs 0s
2021-09-22 01:09:20,001 [Listener at 127.0.0.1/44817] INFO  server.RaftServer (ConfUtils.java:logGet(44)) - raft.rpc.type = GRPC (default)
2021-09-22 01:09:20,001 [Listener at 127.0.0.1/44817] INFO  grpc.GrpcFactory (GrpcFactory.java:checkPooledByteBufAllocatorUseCacheForAllThreads(48)) - PERFORMANCE WARNING: useCacheForAllThreads is true that may cause Netty to create a lot garbage objects and, as a result, trigger GC.
	It is recommended to disable useCacheForAllThreads by setting -Dorg.apache.ratis.thirdparty.io.netty.allocator.useCacheForAllThreads=false in command line.
2021-09-22 01:09:20,002 [Listener at 127.0.0.1/44817] INFO  grpc.GrpcConfigKeys (ConfUtils.java:logGet(44)) - raft.grpc.admin.port = 0 (custom)
2021-09-22 01:09:20,002 [Listener at 127.0.0.1/44817] INFO  grpc.GrpcConfigKeys (ConfUtils.java:logGet(44)) - raft.grpc.client.port = 0 (custom)
2021-09-22 01:09:20,002 [Listener at 127.0.0.1/44817] INFO  grpc.GrpcConfigKeys (ConfUtils.java:logGet(44)) - raft.grpc.server.port = 0 (default)
2021-09-22 01:09:20,002 [Listener at 127.0.0.1/44817] INFO  server.GrpcService (ConfUtils.java:logGet(44)) - raft.grpc.message.size.max = 32MB (=33554432) (custom)
2021-09-22 01:09:20,002 [Listener at 127.0.0.1/44817] INFO  server.RaftServerConfigKeys (ConfUtils.java:logGet(44)) - raft.server.log.appender.buffer.byte-limit = 33554432 (custom)
2021-09-22 01:09:20,002 [Listener at 127.0.0.1/44817] INFO  server.GrpcService (ConfUtils.java:logGet(44)) - raft.grpc.flow.control.window = 5MB (=5242880) (custom)
2021-09-22 01:09:20,003 [Listener at 127.0.0.1/44817] INFO  server.RaftServerConfigKeys (ConfUtils.java:logGet(44)) - raft.server.rpc.request.timeout = 3000ms (default)
2021-09-22 01:09:20,004 [Listener at 127.0.0.1/44817] INFO  impl.DataStreamServerImpl (ConfUtils.java:logGet(44)) - raft.datastream.type = DISABLED (default)
2021-09-22 01:09:20,004 [Listener at 127.0.0.1/44817] INFO  server.RaftServerConfigKeys (ConfUtils.java:logGet(44)) - raft.server.rpc.slowness.timeout = 300000ms (custom)
2021-09-22 01:09:20,004 [Listener at 127.0.0.1/44817] INFO  server.RaftServerConfigKeys (ConfUtils.java:logGet(44)) - raft.server.leaderelection.leader.step-down.wait-time = 10s (default)
2021-09-22 01:09:20,004 [Listener at 127.0.0.1/44817] INFO  server.RaftServerConfigKeys (ConfUtils.java:logGet(44)) - raft.server.storage.dir = [/home/runner/work/ozone/ozone/hadoop-ozone/integration-test/target/test-dir/MiniOzoneClusterImpl-25acc1c1-a8f2-4117-88d4-9d8f1e28eca9/datanode-3/data/ratis] (custom)
2021-09-22 01:09:20,008 [Listener at 127.0.0.1/44817] INFO  http.BaseHttpServer (BaseHttpServer.java:newHttpServer2BuilderForOzone(209)) - Starting Web-server for hddsDatanode at: http://0.0.0.0:0
2021-09-22 01:09:20,008 [Listener at 127.0.0.1/44817] INFO  http.BaseHttpServer (BaseHttpServer.java:<init>(107)) - Hadoop Security Enabled: false Ozone Security Enabled: false Ozone HTTP Security Enabled: false 
2021-09-22 01:09:20,009 [Listener at 127.0.0.1/44817] INFO  server.AuthenticationFilter (AuthenticationFilter.java:constructSecretProvider(240)) - Unable to initialize FileSignerSecretProvider, falling back to use random secrets.
2021-09-22 01:09:20,009 [Listener at 127.0.0.1/44817] WARN  http.HttpRequestLog (HttpRequestLog.java:getRequestLog(103)) - Jetty request log can only be enabled using Log4j
2021-09-22 01:09:20,010 [Listener at 127.0.0.1/44817] INFO  http.HttpServer2 (HttpServer2.java:addGlobalFilter(1030)) - Added global filter 'safety' (class=org.apache.hadoop.hdds.server.http.HttpServer2$QuotingInputFilter)
2021-09-22 01:09:20,011 [Listener at 127.0.0.1/44817] INFO  http.HttpServer2 (HttpServer2.java:addFilter(1006)) - Added filter static_user_filter (class=org.apache.hadoop.http.lib.StaticUserWebFilter$StaticUserFilter) to context hddsDatanode
2021-09-22 01:09:20,011 [Listener at 127.0.0.1/44817] INFO  http.HttpServer2 (HttpServer2.java:addFilter(1014)) - Added filter static_user_filter (class=org.apache.hadoop.http.lib.StaticUserWebFilter$StaticUserFilter) to context static
2021-09-22 01:09:20,011 [Listener at 127.0.0.1/44817] INFO  http.HttpServer2 (HttpServer2.java:addFilter(1014)) - Added filter static_user_filter (class=org.apache.hadoop.http.lib.StaticUserWebFilter$StaticUserFilter) to context logs
2021-09-22 01:09:20,011 [Listener at 127.0.0.1/44817] INFO  http.HttpServer2 (HttpServer2.java:bindListener(1249)) - Jetty bound to port 38543
2021-09-22 01:09:20,011 [Listener at 127.0.0.1/44817] INFO  server.Server (Server.java:doStart(375)) - jetty-9.4.43.v20210629; built: 2021-06-30T11:07:22.254Z; git: 526006ecfa3af7f1a27ef3a288e2bef7ea9dd7e8; jvm 1.8.0_292-b10
2021-09-22 01:09:20,013 [Listener at 127.0.0.1/44817] INFO  server.session (DefaultSessionIdManager.java:doStart(334)) - DefaultSessionIdManager workerName=node0
2021-09-22 01:09:20,013 [Listener at 127.0.0.1/44817] INFO  server.session (DefaultSessionIdManager.java:doStart(339)) - No SessionScavenger set, using defaults
2021-09-22 01:09:20,013 [Listener at 127.0.0.1/44817] INFO  server.session (HouseKeeper.java:startScavenging(132)) - node0 Scavenging every 600000ms
2021-09-22 01:09:20,014 [Listener at 127.0.0.1/44817] INFO  handler.ContextHandler (ContextHandler.java:doStart(915)) - Started o.e.j.s.ServletContextHandler@2ca07029{logs,/logs,file:///home/runner/work/ozone/ozone/hadoop-ozone/integration-test/target/log,AVAILABLE}
2021-09-22 01:09:20,015 [Listener at 127.0.0.1/44817] INFO  handler.ContextHandler (ContextHandler.java:doStart(915)) - Started o.e.j.s.ServletContextHandler@3fec2ba8{static,/static,jar:file:/home/runner/.m2/repository/org/apache/ozone/hdds-container-service/1.2.0-SNAPSHOT/hdds-container-service-1.2.0-SNAPSHOT.jar!/webapps/static,AVAILABLE}
2021-09-22 01:09:20,060 [Listener at 127.0.0.1/44817] INFO  handler.ContextHandler (ContextHandler.java:doStart(915)) - Started o.e.j.w.WebAppContext@3f5b2d50{hddsDatanode,/,file:///tmp/jetty-0_0_0_0-38543-hdds-container-service-1_2_0-SNAPSHOT_jar-_-any-9050493061821398905/webapp/,AVAILABLE}{jar:file:/home/runner/.m2/repository/org/apache/ozone/hdds-container-service/1.2.0-SNAPSHOT/hdds-container-service-1.2.0-SNAPSHOT.jar!/webapps/hddsDatanode}
2021-09-22 01:09:20,062 [Listener at 127.0.0.1/44817] INFO  server.AbstractConnector (AbstractConnector.java:doStart(331)) - Started ServerConnector@43c4fa48{HTTP/1.1, (http/1.1)}{0.0.0.0:38543}
2021-09-22 01:09:20,062 [Listener at 127.0.0.1/44817] INFO  server.Server (Server.java:doStart(415)) - Started @7687ms
2021-09-22 01:09:20,062 [Listener at 127.0.0.1/44817] WARN  impl.MetricsSystemImpl (MetricsSystemImpl.java:register(279)) - Sink prometheus already exists!
2021-09-22 01:09:20,062 [Listener at 127.0.0.1/44817] INFO  http.BaseHttpServer (BaseHttpServer.java:updateConnectorAddress(329)) - HTTP server of hddsDatanode listening at http://0.0.0.0:38543
2021-09-22 01:09:20,063 [Listener at 127.0.0.1/44817] WARN  impl.MetricRegistriesImpl (MetricRegistriesImpl.java:addReporterRegistration(111)) - New reporters are added after registries were created. Some metrics will be missing from the reporter. Please add reporter before adding any new registry.
2021-09-22 01:09:20,063 [Listener at 127.0.0.1/44817] WARN  impl.MetricRegistriesImpl (MetricRegistriesImpl.java:addReporterRegistration(111)) - New reporters are added after registries were created. Some metrics will be missing from the reporter. Please add reporter before adding any new registry.
2021-09-22 01:09:20,063 [Listener at 127.0.0.1/44817] INFO  impl.MetricsSystemImpl (MetricsSystemImpl.java:init(158)) - HddsDatanode metrics system started (again)
2021-09-22 01:09:20,070 [Datanode State Machine Thread - 0] INFO  statemachine.DatanodeStateMachine (DatanodeStateMachine.java:lambda$startDaemon$0(456)) - Ozone container server started.
2021-09-22 01:09:20,078 [Listener at 127.0.0.1/44817] INFO  ozone.HddsDatanodeService (HddsDatanodeService.java:start(234)) - HddsDatanodeService host:fv-az294-326.eaanfquahm5ulb5tj050gcxych.jx.internal.cloudapp.net ip:10.1.0.5
2021-09-22 01:09:20,086 [org.apache.hadoop.util.JvmPauseMonitor$Monitor@64c4a742] INFO  util.JvmPauseMonitor (JvmPauseMonitor.java:run(188)) - Starting JVM pause monitor
2021-09-22 01:09:20,088 [Datanode State Machine Task Thread - 0] INFO  datanode.InitDatanodeState (InitDatanodeState.java:persistContainerDatanodeDetails(145)) - DatanodeDetails is persisted to /home/runner/work/ozone/ozone/hadoop-ozone/integration-test/target/test-dir/MiniOzoneClusterImpl-25acc1c1-a8f2-4117-88d4-9d8f1e28eca9/datanode-3/meta/datanode.id
2021-09-22 01:09:20,100 [Listener at 127.0.0.1/44817] INFO  upgrade.AbstractLayoutVersionManager (AbstractLayoutVersionManager.java:init(79)) - Initializing Layout version manager with metadata layout = SCM_HA (version = 2), software layout = SCM_HA (version = 2)
2021-09-22 01:09:20,140 [Listener at 127.0.0.1/44817] INFO  reflections.Reflections (Reflections.java:scan(232)) - Reflections took 39 ms to scan 7 urls, producing 119 keys and 275 values 
2021-09-22 01:09:20,146 [Listener at 127.0.0.1/44817] INFO  volume.HddsVolume (HddsVolume.java:<init>(120)) - Creating HddsVolume: /home/runner/work/ozone/ozone/hadoop-ozone/integration-test/target/test-dir/MiniOzoneClusterImpl-25acc1c1-a8f2-4117-88d4-9d8f1e28eca9/datanode-4/data-0/containers/hdds of storage type : DISK capacity : 9223372036854775807
2021-09-22 01:09:20,147 [Listener at 127.0.0.1/44817] INFO  volume.MutableVolumeSet (MutableVolumeSet.java:initializeVolumeSet(168)) - Added Volume : /home/runner/work/ozone/ozone/hadoop-ozone/integration-test/target/test-dir/MiniOzoneClusterImpl-25acc1c1-a8f2-4117-88d4-9d8f1e28eca9/datanode-4/data-0/containers/hdds to VolumeSet
2021-09-22 01:09:20,147 [Listener at 127.0.0.1/44817] INFO  volume.ThrottledAsyncChecker (ThrottledAsyncChecker.java:schedule(141)) - Scheduling a check for /home/runner/work/ozone/ozone/hadoop-ozone/integration-test/target/test-dir/MiniOzoneClusterImpl-25acc1c1-a8f2-4117-88d4-9d8f1e28eca9/datanode-4/data-0/containers/hdds
2021-09-22 01:09:20,150 [Listener at 127.0.0.1/44817] INFO  volume.StorageVolumeChecker (StorageVolumeChecker.java:checkAllVolumes(202)) - Scheduled health check for volume /home/runner/work/ozone/ozone/hadoop-ozone/integration-test/target/test-dir/MiniOzoneClusterImpl-25acc1c1-a8f2-4117-88d4-9d8f1e28eca9/datanode-4/data-0/containers/hdds
2021-09-22 01:09:20,164 [Listener at 127.0.0.1/44817] INFO  volume.MutableVolumeSet (MutableVolumeSet.java:initializeVolumeSet(168)) - Added Volume : /home/runner/work/ozone/ozone/hadoop-ozone/integration-test/target/test-dir/MiniOzoneClusterImpl-25acc1c1-a8f2-4117-88d4-9d8f1e28eca9/datanode-4/data/ratis to VolumeSet
2021-09-22 01:09:20,164 [Listener at 127.0.0.1/44817] INFO  volume.ThrottledAsyncChecker (ThrottledAsyncChecker.java:schedule(141)) - Scheduling a check for /home/runner/work/ozone/ozone/hadoop-ozone/integration-test/target/test-dir/MiniOzoneClusterImpl-25acc1c1-a8f2-4117-88d4-9d8f1e28eca9/datanode-4/data/ratis
2021-09-22 01:09:20,164 [Listener at 127.0.0.1/44817] INFO  volume.StorageVolumeChecker (StorageVolumeChecker.java:checkAllVolumes(202)) - Scheduled health check for volume /home/runner/work/ozone/ozone/hadoop-ozone/integration-test/target/test-dir/MiniOzoneClusterImpl-25acc1c1-a8f2-4117-88d4-9d8f1e28eca9/datanode-4/data/ratis
2021-09-22 01:09:20,178 [Thread-178] INFO  ozoneimpl.ContainerReader (ContainerReader.java:readVolume(172)) - Finish verifying containers on volume /home/runner/work/ozone/ozone/hadoop-ozone/integration-test/target/test-dir/MiniOzoneClusterImpl-25acc1c1-a8f2-4117-88d4-9d8f1e28eca9/datanode-4/data-0/containers/hdds
2021-09-22 01:09:20,179 [Listener at 127.0.0.1/44817] INFO  ozoneimpl.OzoneContainer (OzoneContainer.java:buildContainerSet(236)) - Build ContainerSet costs 0s
2021-09-22 01:09:20,181 [Listener at 127.0.0.1/44817] INFO  server.RaftServer (ConfUtils.java:logGet(44)) - raft.rpc.type = GRPC (default)
2021-09-22 01:09:20,181 [Listener at 127.0.0.1/44817] INFO  grpc.GrpcFactory (GrpcFactory.java:checkPooledByteBufAllocatorUseCacheForAllThreads(48)) - PERFORMANCE WARNING: useCacheForAllThreads is true that may cause Netty to create a lot garbage objects and, as a result, trigger GC.
	It is recommended to disable useCacheForAllThreads by setting -Dorg.apache.ratis.thirdparty.io.netty.allocator.useCacheForAllThreads=false in command line.
2021-09-22 01:09:20,181 [Listener at 127.0.0.1/44817] INFO  grpc.GrpcConfigKeys (ConfUtils.java:logGet(44)) - raft.grpc.admin.port = 0 (custom)
2021-09-22 01:09:20,182 [Listener at 127.0.0.1/44817] INFO  grpc.GrpcConfigKeys (ConfUtils.java:logGet(44)) - raft.grpc.client.port = 0 (custom)
2021-09-22 01:09:20,182 [Listener at 127.0.0.1/44817] INFO  grpc.GrpcConfigKeys (ConfUtils.java:logGet(44)) - raft.grpc.server.port = 0 (default)
2021-09-22 01:09:20,182 [Listener at 127.0.0.1/44817] INFO  server.GrpcService (ConfUtils.java:logGet(44)) - raft.grpc.message.size.max = 32MB (=33554432) (custom)
2021-09-22 01:09:20,182 [Listener at 127.0.0.1/44817] INFO  server.RaftServerConfigKeys (ConfUtils.java:logGet(44)) - raft.server.log.appender.buffer.byte-limit = 33554432 (custom)
2021-09-22 01:09:20,182 [Listener at 127.0.0.1/44817] INFO  server.GrpcService (ConfUtils.java:logGet(44)) - raft.grpc.flow.control.window = 5MB (=5242880) (custom)
2021-09-22 01:09:20,182 [Listener at 127.0.0.1/44817] INFO  server.RaftServerConfigKeys (ConfUtils.java:logGet(44)) - raft.server.rpc.request.timeout = 3000ms (default)
2021-09-22 01:09:20,183 [Listener at 127.0.0.1/44817] INFO  impl.DataStreamServerImpl (ConfUtils.java:logGet(44)) - raft.datastream.type = DISABLED (default)
2021-09-22 01:09:20,183 [Listener at 127.0.0.1/44817] INFO  server.RaftServerConfigKeys (ConfUtils.java:logGet(44)) - raft.server.rpc.slowness.timeout = 300000ms (custom)
2021-09-22 01:09:20,184 [Listener at 127.0.0.1/44817] INFO  server.RaftServerConfigKeys (ConfUtils.java:logGet(44)) - raft.server.leaderelection.leader.step-down.wait-time = 10s (default)
2021-09-22 01:09:20,184 [Listener at 127.0.0.1/44817] INFO  server.RaftServerConfigKeys (ConfUtils.java:logGet(44)) - raft.server.storage.dir = [/home/runner/work/ozone/ozone/hadoop-ozone/integration-test/target/test-dir/MiniOzoneClusterImpl-25acc1c1-a8f2-4117-88d4-9d8f1e28eca9/datanode-4/data/ratis] (custom)
2021-09-22 01:09:20,198 [Listener at 127.0.0.1/44817] INFO  http.BaseHttpServer (BaseHttpServer.java:newHttpServer2BuilderForOzone(209)) - Starting Web-server for hddsDatanode at: http://0.0.0.0:0
2021-09-22 01:09:20,198 [Listener at 127.0.0.1/44817] INFO  http.BaseHttpServer (BaseHttpServer.java:<init>(107)) - Hadoop Security Enabled: false Ozone Security Enabled: false Ozone HTTP Security Enabled: false 
2021-09-22 01:09:20,199 [Listener at 127.0.0.1/44817] INFO  server.AuthenticationFilter (AuthenticationFilter.java:constructSecretProvider(240)) - Unable to initialize FileSignerSecretProvider, falling back to use random secrets.
2021-09-22 01:09:20,200 [Listener at 127.0.0.1/44817] WARN  http.HttpRequestLog (HttpRequestLog.java:getRequestLog(103)) - Jetty request log can only be enabled using Log4j
2021-09-22 01:09:20,201 [Listener at 127.0.0.1/44817] INFO  http.HttpServer2 (HttpServer2.java:addGlobalFilter(1030)) - Added global filter 'safety' (class=org.apache.hadoop.hdds.server.http.HttpServer2$QuotingInputFilter)
2021-09-22 01:09:20,201 [Listener at 127.0.0.1/44817] INFO  http.HttpServer2 (HttpServer2.java:addFilter(1006)) - Added filter static_user_filter (class=org.apache.hadoop.http.lib.StaticUserWebFilter$StaticUserFilter) to context hddsDatanode
2021-09-22 01:09:20,201 [Listener at 127.0.0.1/44817] INFO  http.HttpServer2 (HttpServer2.java:addFilter(1014)) - Added filter static_user_filter (class=org.apache.hadoop.http.lib.StaticUserWebFilter$StaticUserFilter) to context logs
2021-09-22 01:09:20,202 [Listener at 127.0.0.1/44817] INFO  http.HttpServer2 (HttpServer2.java:addFilter(1014)) - Added filter static_user_filter (class=org.apache.hadoop.http.lib.StaticUserWebFilter$StaticUserFilter) to context static
2021-09-22 01:09:20,202 [Listener at 127.0.0.1/44817] INFO  http.HttpServer2 (HttpServer2.java:bindListener(1249)) - Jetty bound to port 40429
2021-09-22 01:09:20,202 [Listener at 127.0.0.1/44817] INFO  server.Server (Server.java:doStart(375)) - jetty-9.4.43.v20210629; built: 2021-06-30T11:07:22.254Z; git: 526006ecfa3af7f1a27ef3a288e2bef7ea9dd7e8; jvm 1.8.0_292-b10
2021-09-22 01:09:20,205 [Listener at 127.0.0.1/44817] INFO  server.session (DefaultSessionIdManager.java:doStart(334)) - DefaultSessionIdManager workerName=node0
2021-09-22 01:09:20,205 [Listener at 127.0.0.1/44817] INFO  server.session (DefaultSessionIdManager.java:doStart(339)) - No SessionScavenger set, using defaults
2021-09-22 01:09:20,205 [Listener at 127.0.0.1/44817] INFO  server.session (HouseKeeper.java:startScavenging(132)) - node0 Scavenging every 600000ms
2021-09-22 01:09:20,205 [Listener at 127.0.0.1/44817] INFO  handler.ContextHandler (ContextHandler.java:doStart(915)) - Started o.e.j.s.ServletContextHandler@ab86d7a{logs,/logs,file:///home/runner/work/ozone/ozone/hadoop-ozone/integration-test/target/log,AVAILABLE}
2021-09-22 01:09:20,207 [Listener at 127.0.0.1/44817] INFO  handler.ContextHandler (ContextHandler.java:doStart(915)) - Started o.e.j.s.ServletContextHandler@3de86c8a{static,/static,jar:file:/home/runner/.m2/repository/org/apache/ozone/hdds-container-service/1.2.0-SNAPSHOT/hdds-container-service-1.2.0-SNAPSHOT.jar!/webapps/static,AVAILABLE}
2021-09-22 01:09:20,253 [Listener at 127.0.0.1/44817] INFO  handler.ContextHandler (ContextHandler.java:doStart(915)) - Started o.e.j.w.WebAppContext@32879ea8{hddsDatanode,/,file:///tmp/jetty-0_0_0_0-40429-hdds-container-service-1_2_0-SNAPSHOT_jar-_-any-2526986834250491834/webapp/,AVAILABLE}{jar:file:/home/runner/.m2/repository/org/apache/ozone/hdds-container-service/1.2.0-SNAPSHOT/hdds-container-service-1.2.0-SNAPSHOT.jar!/webapps/hddsDatanode}
2021-09-22 01:09:20,255 [Listener at 127.0.0.1/44817] INFO  server.AbstractConnector (AbstractConnector.java:doStart(331)) - Started ServerConnector@3565b00f{HTTP/1.1, (http/1.1)}{0.0.0.0:40429}
2021-09-22 01:09:20,255 [Listener at 127.0.0.1/44817] INFO  server.Server (Server.java:doStart(415)) - Started @7880ms
2021-09-22 01:09:20,255 [Listener at 127.0.0.1/44817] WARN  impl.MetricsSystemImpl (MetricsSystemImpl.java:register(279)) - Sink prometheus already exists!
2021-09-22 01:09:20,255 [Listener at 127.0.0.1/44817] INFO  http.BaseHttpServer (BaseHttpServer.java:updateConnectorAddress(329)) - HTTP server of hddsDatanode listening at http://0.0.0.0:40429
2021-09-22 01:09:20,256 [Listener at 127.0.0.1/44817] WARN  impl.MetricRegistriesImpl (MetricRegistriesImpl.java:addReporterRegistration(111)) - New reporters are added after registries were created. Some metrics will be missing from the reporter. Please add reporter before adding any new registry.
2021-09-22 01:09:20,256 [Listener at 127.0.0.1/44817] WARN  impl.MetricRegistriesImpl (MetricRegistriesImpl.java:addReporterRegistration(111)) - New reporters are added after registries were created. Some metrics will be missing from the reporter. Please add reporter before adding any new registry.
2021-09-22 01:09:20,256 [Listener at 127.0.0.1/44817] INFO  impl.MetricsSystemImpl (MetricsSystemImpl.java:init(158)) - HddsDatanode metrics system started (again)
2021-09-22 01:09:20,263 [Datanode State Machine Thread - 0] INFO  statemachine.DatanodeStateMachine (DatanodeStateMachine.java:lambda$startDaemon$0(456)) - Ozone container server started.
2021-09-22 01:09:20,270 [org.apache.hadoop.util.JvmPauseMonitor$Monitor@2d0598ce] INFO  util.JvmPauseMonitor (JvmPauseMonitor.java:run(188)) - Starting JVM pause monitor
2021-09-22 01:09:20,279 [Datanode State Machine Task Thread - 0] INFO  datanode.InitDatanodeState (InitDatanodeState.java:persistContainerDatanodeDetails(145)) - DatanodeDetails is persisted to /home/runner/work/ozone/ozone/hadoop-ozone/integration-test/target/test-dir/MiniOzoneClusterImpl-25acc1c1-a8f2-4117-88d4-9d8f1e28eca9/datanode-4/meta/datanode.id
2021-09-22 01:09:20,283 [Listener at 127.0.0.1/44817] INFO  ozone.HddsDatanodeService (HddsDatanodeService.java:start(234)) - HddsDatanodeService host:fv-az294-326.eaanfquahm5ulb5tj050gcxych.jx.internal.cloudapp.net ip:10.1.0.5
2021-09-22 01:09:20,306 [Listener at 127.0.0.1/44817] INFO  upgrade.AbstractLayoutVersionManager (AbstractLayoutVersionManager.java:init(79)) - Initializing Layout version manager with metadata layout = SCM_HA (version = 2), software layout = SCM_HA (version = 2)
2021-09-22 01:09:20,352 [Listener at 127.0.0.1/44817] INFO  reflections.Reflections (Reflections.java:scan(232)) - Reflections took 45 ms to scan 7 urls, producing 119 keys and 275 values 
2021-09-22 01:09:20,358 [Listener at 127.0.0.1/44817] INFO  volume.HddsVolume (HddsVolume.java:<init>(120)) - Creating HddsVolume: /home/runner/work/ozone/ozone/hadoop-ozone/integration-test/target/test-dir/MiniOzoneClusterImpl-25acc1c1-a8f2-4117-88d4-9d8f1e28eca9/datanode-5/data-0/containers/hdds of storage type : DISK capacity : 9223372036854775807
2021-09-22 01:09:20,359 [Listener at 127.0.0.1/44817] INFO  volume.MutableVolumeSet (MutableVolumeSet.java:initializeVolumeSet(168)) - Added Volume : /home/runner/work/ozone/ozone/hadoop-ozone/integration-test/target/test-dir/MiniOzoneClusterImpl-25acc1c1-a8f2-4117-88d4-9d8f1e28eca9/datanode-5/data-0/containers/hdds to VolumeSet
2021-09-22 01:09:20,359 [Listener at 127.0.0.1/44817] INFO  volume.ThrottledAsyncChecker (ThrottledAsyncChecker.java:schedule(141)) - Scheduling a check for /home/runner/work/ozone/ozone/hadoop-ozone/integration-test/target/test-dir/MiniOzoneClusterImpl-25acc1c1-a8f2-4117-88d4-9d8f1e28eca9/datanode-5/data-0/containers/hdds
2021-09-22 01:09:20,360 [Listener at 127.0.0.1/44817] INFO  volume.StorageVolumeChecker (StorageVolumeChecker.java:checkAllVolumes(202)) - Scheduled health check for volume /home/runner/work/ozone/ozone/hadoop-ozone/integration-test/target/test-dir/MiniOzoneClusterImpl-25acc1c1-a8f2-4117-88d4-9d8f1e28eca9/datanode-5/data-0/containers/hdds
2021-09-22 01:09:20,374 [Listener at 127.0.0.1/44817] INFO  volume.MutableVolumeSet (MutableVolumeSet.java:initializeVolumeSet(168)) - Added Volume : /home/runner/work/ozone/ozone/hadoop-ozone/integration-test/target/test-dir/MiniOzoneClusterImpl-25acc1c1-a8f2-4117-88d4-9d8f1e28eca9/datanode-5/data/ratis to VolumeSet
2021-09-22 01:09:20,374 [Listener at 127.0.0.1/44817] INFO  volume.ThrottledAsyncChecker (ThrottledAsyncChecker.java:schedule(141)) - Scheduling a check for /home/runner/work/ozone/ozone/hadoop-ozone/integration-test/target/test-dir/MiniOzoneClusterImpl-25acc1c1-a8f2-4117-88d4-9d8f1e28eca9/datanode-5/data/ratis
2021-09-22 01:09:20,374 [Listener at 127.0.0.1/44817] INFO  volume.StorageVolumeChecker (StorageVolumeChecker.java:checkAllVolumes(202)) - Scheduled health check for volume /home/runner/work/ozone/ozone/hadoop-ozone/integration-test/target/test-dir/MiniOzoneClusterImpl-25acc1c1-a8f2-4117-88d4-9d8f1e28eca9/datanode-5/data/ratis
2021-09-22 01:09:20,389 [Thread-190] INFO  ozoneimpl.ContainerReader (ContainerReader.java:readVolume(172)) - Finish verifying containers on volume /home/runner/work/ozone/ozone/hadoop-ozone/integration-test/target/test-dir/MiniOzoneClusterImpl-25acc1c1-a8f2-4117-88d4-9d8f1e28eca9/datanode-5/data-0/containers/hdds
2021-09-22 01:09:20,389 [Listener at 127.0.0.1/44817] INFO  ozoneimpl.OzoneContainer (OzoneContainer.java:buildContainerSet(236)) - Build ContainerSet costs 0s
2021-09-22 01:09:20,392 [Listener at 127.0.0.1/44817] INFO  server.RaftServer (ConfUtils.java:logGet(44)) - raft.rpc.type = GRPC (default)
2021-09-22 01:09:20,392 [Listener at 127.0.0.1/44817] INFO  grpc.GrpcFactory (GrpcFactory.java:checkPooledByteBufAllocatorUseCacheForAllThreads(48)) - PERFORMANCE WARNING: useCacheForAllThreads is true that may cause Netty to create a lot garbage objects and, as a result, trigger GC.
	It is recommended to disable useCacheForAllThreads by setting -Dorg.apache.ratis.thirdparty.io.netty.allocator.useCacheForAllThreads=false in command line.
2021-09-22 01:09:20,393 [Listener at 127.0.0.1/44817] INFO  grpc.GrpcConfigKeys (ConfUtils.java:logGet(44)) - raft.grpc.admin.port = 0 (custom)
2021-09-22 01:09:20,393 [Listener at 127.0.0.1/44817] INFO  grpc.GrpcConfigKeys (ConfUtils.java:logGet(44)) - raft.grpc.client.port = 0 (custom)
2021-09-22 01:09:20,393 [Listener at 127.0.0.1/44817] INFO  grpc.GrpcConfigKeys (ConfUtils.java:logGet(44)) - raft.grpc.server.port = 0 (default)
2021-09-22 01:09:20,393 [Listener at 127.0.0.1/44817] INFO  server.GrpcService (ConfUtils.java:logGet(44)) - raft.grpc.message.size.max = 32MB (=33554432) (custom)
2021-09-22 01:09:20,393 [Listener at 127.0.0.1/44817] INFO  server.RaftServerConfigKeys (ConfUtils.java:logGet(44)) - raft.server.log.appender.buffer.byte-limit = 33554432 (custom)
2021-09-22 01:09:20,393 [Listener at 127.0.0.1/44817] INFO  server.GrpcService (ConfUtils.java:logGet(44)) - raft.grpc.flow.control.window = 5MB (=5242880) (custom)
2021-09-22 01:09:20,393 [Listener at 127.0.0.1/44817] INFO  server.RaftServerConfigKeys (ConfUtils.java:logGet(44)) - raft.server.rpc.request.timeout = 3000ms (default)
2021-09-22 01:09:20,395 [Listener at 127.0.0.1/44817] INFO  impl.DataStreamServerImpl (ConfUtils.java:logGet(44)) - raft.datastream.type = DISABLED (default)
2021-09-22 01:09:20,395 [Listener at 127.0.0.1/44817] INFO  server.RaftServerConfigKeys (ConfUtils.java:logGet(44)) - raft.server.rpc.slowness.timeout = 300000ms (custom)
2021-09-22 01:09:20,395 [Listener at 127.0.0.1/44817] INFO  server.RaftServerConfigKeys (ConfUtils.java:logGet(44)) - raft.server.leaderelection.leader.step-down.wait-time = 10s (default)
2021-09-22 01:09:20,395 [Listener at 127.0.0.1/44817] INFO  server.RaftServerConfigKeys (ConfUtils.java:logGet(44)) - raft.server.storage.dir = [/home/runner/work/ozone/ozone/hadoop-ozone/integration-test/target/test-dir/MiniOzoneClusterImpl-25acc1c1-a8f2-4117-88d4-9d8f1e28eca9/datanode-5/data/ratis] (custom)
2021-09-22 01:09:20,399 [Listener at 127.0.0.1/44817] INFO  http.BaseHttpServer (BaseHttpServer.java:newHttpServer2BuilderForOzone(209)) - Starting Web-server for hddsDatanode at: http://0.0.0.0:0
2021-09-22 01:09:20,399 [Listener at 127.0.0.1/44817] INFO  http.BaseHttpServer (BaseHttpServer.java:<init>(107)) - Hadoop Security Enabled: false Ozone Security Enabled: false Ozone HTTP Security Enabled: false 
2021-09-22 01:09:20,400 [Listener at 127.0.0.1/44817] INFO  server.AuthenticationFilter (AuthenticationFilter.java:constructSecretProvider(240)) - Unable to initialize FileSignerSecretProvider, falling back to use random secrets.
2021-09-22 01:09:20,400 [Listener at 127.0.0.1/44817] WARN  http.HttpRequestLog (HttpRequestLog.java:getRequestLog(103)) - Jetty request log can only be enabled using Log4j
2021-09-22 01:09:20,401 [Listener at 127.0.0.1/44817] INFO  http.HttpServer2 (HttpServer2.java:addGlobalFilter(1030)) - Added global filter 'safety' (class=org.apache.hadoop.hdds.server.http.HttpServer2$QuotingInputFilter)
2021-09-22 01:09:20,402 [Listener at 127.0.0.1/44817] INFO  http.HttpServer2 (HttpServer2.java:addFilter(1006)) - Added filter static_user_filter (class=org.apache.hadoop.http.lib.StaticUserWebFilter$StaticUserFilter) to context hddsDatanode
2021-09-22 01:09:20,402 [Listener at 127.0.0.1/44817] INFO  http.HttpServer2 (HttpServer2.java:addFilter(1014)) - Added filter static_user_filter (class=org.apache.hadoop.http.lib.StaticUserWebFilter$StaticUserFilter) to context logs
2021-09-22 01:09:20,402 [Listener at 127.0.0.1/44817] INFO  http.HttpServer2 (HttpServer2.java:addFilter(1014)) - Added filter static_user_filter (class=org.apache.hadoop.http.lib.StaticUserWebFilter$StaticUserFilter) to context static
2021-09-22 01:09:20,403 [Listener at 127.0.0.1/44817] INFO  http.HttpServer2 (HttpServer2.java:bindListener(1249)) - Jetty bound to port 41701
2021-09-22 01:09:20,403 [Listener at 127.0.0.1/44817] INFO  server.Server (Server.java:doStart(375)) - jetty-9.4.43.v20210629; built: 2021-06-30T11:07:22.254Z; git: 526006ecfa3af7f1a27ef3a288e2bef7ea9dd7e8; jvm 1.8.0_292-b10
2021-09-22 01:09:20,406 [Listener at 127.0.0.1/44817] INFO  server.session (DefaultSessionIdManager.java:doStart(334)) - DefaultSessionIdManager workerName=node0
2021-09-22 01:09:20,406 [Listener at 127.0.0.1/44817] INFO  server.session (DefaultSessionIdManager.java:doStart(339)) - No SessionScavenger set, using defaults
2021-09-22 01:09:20,406 [Listener at 127.0.0.1/44817] INFO  server.session (HouseKeeper.java:startScavenging(132)) - node0 Scavenging every 660000ms
2021-09-22 01:09:20,408 [Listener at 127.0.0.1/44817] INFO  handler.ContextHandler (ContextHandler.java:doStart(915)) - Started o.e.j.s.ServletContextHandler@1a9ae0fe{logs,/logs,file:///home/runner/work/ozone/ozone/hadoop-ozone/integration-test/target/log,AVAILABLE}
2021-09-22 01:09:20,408 [Listener at 127.0.0.1/44817] INFO  handler.ContextHandler (ContextHandler.java:doStart(915)) - Started o.e.j.s.ServletContextHandler@42ed740b{static,/static,jar:file:/home/runner/.m2/repository/org/apache/ozone/hdds-container-service/1.2.0-SNAPSHOT/hdds-container-service-1.2.0-SNAPSHOT.jar!/webapps/static,AVAILABLE}
2021-09-22 01:09:20,453 [Listener at 127.0.0.1/44817] INFO  handler.ContextHandler (ContextHandler.java:doStart(915)) - Started o.e.j.w.WebAppContext@57955339{hddsDatanode,/,file:///tmp/jetty-0_0_0_0-41701-hdds-container-service-1_2_0-SNAPSHOT_jar-_-any-1572813294110908877/webapp/,AVAILABLE}{jar:file:/home/runner/.m2/repository/org/apache/ozone/hdds-container-service/1.2.0-SNAPSHOT/hdds-container-service-1.2.0-SNAPSHOT.jar!/webapps/hddsDatanode}
2021-09-22 01:09:20,454 [Listener at 127.0.0.1/44817] INFO  server.AbstractConnector (AbstractConnector.java:doStart(331)) - Started ServerConnector@645bba67{HTTP/1.1, (http/1.1)}{0.0.0.0:41701}
2021-09-22 01:09:20,455 [Listener at 127.0.0.1/44817] INFO  server.Server (Server.java:doStart(415)) - Started @8080ms
2021-09-22 01:09:20,455 [Listener at 127.0.0.1/44817] WARN  impl.MetricsSystemImpl (MetricsSystemImpl.java:register(279)) - Sink prometheus already exists!
2021-09-22 01:09:20,455 [Listener at 127.0.0.1/44817] INFO  http.BaseHttpServer (BaseHttpServer.java:updateConnectorAddress(329)) - HTTP server of hddsDatanode listening at http://0.0.0.0:41701
2021-09-22 01:09:20,456 [Listener at 127.0.0.1/44817] WARN  impl.MetricRegistriesImpl (MetricRegistriesImpl.java:addReporterRegistration(111)) - New reporters are added after registries were created. Some metrics will be missing from the reporter. Please add reporter before adding any new registry.
2021-09-22 01:09:20,456 [Listener at 127.0.0.1/44817] WARN  impl.MetricRegistriesImpl (MetricRegistriesImpl.java:addReporterRegistration(111)) - New reporters are added after registries were created. Some metrics will be missing from the reporter. Please add reporter before adding any new registry.
2021-09-22 01:09:20,456 [Listener at 127.0.0.1/44817] INFO  impl.MetricsSystemImpl (MetricsSystemImpl.java:init(158)) - HddsDatanode metrics system started (again)
2021-09-22 01:09:20,462 [Datanode State Machine Thread - 0] INFO  statemachine.DatanodeStateMachine (DatanodeStateMachine.java:lambda$startDaemon$0(456)) - Ozone container server started.
2021-09-22 01:09:20,478 [org.apache.hadoop.util.JvmPauseMonitor$Monitor@2cb16fd9] INFO  util.JvmPauseMonitor (JvmPauseMonitor.java:run(188)) - Starting JVM pause monitor
2021-09-22 01:09:20,481 [Datanode State Machine Task Thread - 0] INFO  datanode.InitDatanodeState (InitDatanodeState.java:persistContainerDatanodeDetails(145)) - DatanodeDetails is persisted to /home/runner/work/ozone/ozone/hadoop-ozone/integration-test/target/test-dir/MiniOzoneClusterImpl-25acc1c1-a8f2-4117-88d4-9d8f1e28eca9/datanode-5/meta/datanode.id
2021-09-22 01:09:20,483 [Listener at 127.0.0.1/44817] INFO  ozone.HddsDatanodeService (HddsDatanodeService.java:start(234)) - HddsDatanodeService host:fv-az294-326.eaanfquahm5ulb5tj050gcxych.jx.internal.cloudapp.net ip:10.1.0.5
2021-09-22 01:09:20,519 [Listener at 127.0.0.1/44817] INFO  upgrade.AbstractLayoutVersionManager (AbstractLayoutVersionManager.java:init(79)) - Initializing Layout version manager with metadata layout = SCM_HA (version = 2), software layout = SCM_HA (version = 2)
2021-09-22 01:09:20,559 [Listener at 127.0.0.1/44817] INFO  reflections.Reflections (Reflections.java:scan(232)) - Reflections took 38 ms to scan 7 urls, producing 119 keys and 275 values 
2021-09-22 01:09:20,562 [Listener at 127.0.0.1/44817] INFO  volume.HddsVolume (HddsVolume.java:<init>(120)) - Creating HddsVolume: /home/runner/work/ozone/ozone/hadoop-ozone/integration-test/target/test-dir/MiniOzoneClusterImpl-25acc1c1-a8f2-4117-88d4-9d8f1e28eca9/datanode-6/data-0/containers/hdds of storage type : DISK capacity : 9223372036854775807
2021-09-22 01:09:20,562 [Listener at 127.0.0.1/44817] INFO  volume.MutableVolumeSet (MutableVolumeSet.java:initializeVolumeSet(168)) - Added Volume : /home/runner/work/ozone/ozone/hadoop-ozone/integration-test/target/test-dir/MiniOzoneClusterImpl-25acc1c1-a8f2-4117-88d4-9d8f1e28eca9/datanode-6/data-0/containers/hdds to VolumeSet
2021-09-22 01:09:20,562 [Listener at 127.0.0.1/44817] INFO  volume.ThrottledAsyncChecker (ThrottledAsyncChecker.java:schedule(141)) - Scheduling a check for /home/runner/work/ozone/ozone/hadoop-ozone/integration-test/target/test-dir/MiniOzoneClusterImpl-25acc1c1-a8f2-4117-88d4-9d8f1e28eca9/datanode-6/data-0/containers/hdds
2021-09-22 01:09:20,566 [Listener at 127.0.0.1/44817] INFO  volume.StorageVolumeChecker (StorageVolumeChecker.java:checkAllVolumes(202)) - Scheduled health check for volume /home/runner/work/ozone/ozone/hadoop-ozone/integration-test/target/test-dir/MiniOzoneClusterImpl-25acc1c1-a8f2-4117-88d4-9d8f1e28eca9/datanode-6/data-0/containers/hdds
2021-09-22 01:09:20,579 [Listener at 127.0.0.1/44817] INFO  volume.MutableVolumeSet (MutableVolumeSet.java:initializeVolumeSet(168)) - Added Volume : /home/runner/work/ozone/ozone/hadoop-ozone/integration-test/target/test-dir/MiniOzoneClusterImpl-25acc1c1-a8f2-4117-88d4-9d8f1e28eca9/datanode-6/data/ratis to VolumeSet
2021-09-22 01:09:20,580 [Listener at 127.0.0.1/44817] INFO  volume.ThrottledAsyncChecker (ThrottledAsyncChecker.java:schedule(141)) - Scheduling a check for /home/runner/work/ozone/ozone/hadoop-ozone/integration-test/target/test-dir/MiniOzoneClusterImpl-25acc1c1-a8f2-4117-88d4-9d8f1e28eca9/datanode-6/data/ratis
2021-09-22 01:09:20,580 [Listener at 127.0.0.1/44817] INFO  volume.StorageVolumeChecker (StorageVolumeChecker.java:checkAllVolumes(202)) - Scheduled health check for volume /home/runner/work/ozone/ozone/hadoop-ozone/integration-test/target/test-dir/MiniOzoneClusterImpl-25acc1c1-a8f2-4117-88d4-9d8f1e28eca9/datanode-6/data/ratis
2021-09-22 01:09:20,593 [Thread-202] INFO  ozoneimpl.ContainerReader (ContainerReader.java:readVolume(172)) - Finish verifying containers on volume /home/runner/work/ozone/ozone/hadoop-ozone/integration-test/target/test-dir/MiniOzoneClusterImpl-25acc1c1-a8f2-4117-88d4-9d8f1e28eca9/datanode-6/data-0/containers/hdds
2021-09-22 01:09:20,593 [Listener at 127.0.0.1/44817] INFO  ozoneimpl.OzoneContainer (OzoneContainer.java:buildContainerSet(236)) - Build ContainerSet costs 0s
2021-09-22 01:09:20,596 [Listener at 127.0.0.1/44817] INFO  server.RaftServer (ConfUtils.java:logGet(44)) - raft.rpc.type = GRPC (default)
2021-09-22 01:09:20,596 [Listener at 127.0.0.1/44817] INFO  grpc.GrpcFactory (GrpcFactory.java:checkPooledByteBufAllocatorUseCacheForAllThreads(48)) - PERFORMANCE WARNING: useCacheForAllThreads is true that may cause Netty to create a lot garbage objects and, as a result, trigger GC.
	It is recommended to disable useCacheForAllThreads by setting -Dorg.apache.ratis.thirdparty.io.netty.allocator.useCacheForAllThreads=false in command line.
2021-09-22 01:09:20,596 [Listener at 127.0.0.1/44817] INFO  grpc.GrpcConfigKeys (ConfUtils.java:logGet(44)) - raft.grpc.admin.port = 0 (custom)
2021-09-22 01:09:20,596 [Listener at 127.0.0.1/44817] INFO  grpc.GrpcConfigKeys (ConfUtils.java:logGet(44)) - raft.grpc.client.port = 0 (custom)
2021-09-22 01:09:20,596 [Listener at 127.0.0.1/44817] INFO  grpc.GrpcConfigKeys (ConfUtils.java:logGet(44)) - raft.grpc.server.port = 0 (default)
2021-09-22 01:09:20,596 [Listener at 127.0.0.1/44817] INFO  server.GrpcService (ConfUtils.java:logGet(44)) - raft.grpc.message.size.max = 32MB (=33554432) (custom)
2021-09-22 01:09:20,596 [Listener at 127.0.0.1/44817] INFO  server.RaftServerConfigKeys (ConfUtils.java:logGet(44)) - raft.server.log.appender.buffer.byte-limit = 33554432 (custom)
2021-09-22 01:09:20,597 [Listener at 127.0.0.1/44817] INFO  server.GrpcService (ConfUtils.java:logGet(44)) - raft.grpc.flow.control.window = 5MB (=5242880) (custom)
2021-09-22 01:09:20,597 [Listener at 127.0.0.1/44817] INFO  server.RaftServerConfigKeys (ConfUtils.java:logGet(44)) - raft.server.rpc.request.timeout = 3000ms (default)
2021-09-22 01:09:20,598 [Listener at 127.0.0.1/44817] INFO  impl.DataStreamServerImpl (ConfUtils.java:logGet(44)) - raft.datastream.type = DISABLED (default)
2021-09-22 01:09:20,598 [Listener at 127.0.0.1/44817] INFO  server.RaftServerConfigKeys (ConfUtils.java:logGet(44)) - raft.server.rpc.slowness.timeout = 300000ms (custom)
2021-09-22 01:09:20,598 [Listener at 127.0.0.1/44817] INFO  server.RaftServerConfigKeys (ConfUtils.java:logGet(44)) - raft.server.leaderelection.leader.step-down.wait-time = 10s (default)
2021-09-22 01:09:20,598 [Listener at 127.0.0.1/44817] INFO  server.RaftServerConfigKeys (ConfUtils.java:logGet(44)) - raft.server.storage.dir = [/home/runner/work/ozone/ozone/hadoop-ozone/integration-test/target/test-dir/MiniOzoneClusterImpl-25acc1c1-a8f2-4117-88d4-9d8f1e28eca9/datanode-6/data/ratis] (custom)
2021-09-22 01:09:20,601 [Listener at 127.0.0.1/44817] INFO  http.BaseHttpServer (BaseHttpServer.java:newHttpServer2BuilderForOzone(209)) - Starting Web-server for hddsDatanode at: http://0.0.0.0:0
2021-09-22 01:09:20,601 [Listener at 127.0.0.1/44817] INFO  http.BaseHttpServer (BaseHttpServer.java:<init>(107)) - Hadoop Security Enabled: false Ozone Security Enabled: false Ozone HTTP Security Enabled: false 
2021-09-22 01:09:20,602 [Listener at 127.0.0.1/44817] INFO  server.AuthenticationFilter (AuthenticationFilter.java:constructSecretProvider(240)) - Unable to initialize FileSignerSecretProvider, falling back to use random secrets.
2021-09-22 01:09:20,605 [Listener at 127.0.0.1/44817] WARN  http.HttpRequestLog (HttpRequestLog.java:getRequestLog(103)) - Jetty request log can only be enabled using Log4j
2021-09-22 01:09:20,605 [Listener at 127.0.0.1/44817] INFO  http.HttpServer2 (HttpServer2.java:addGlobalFilter(1030)) - Added global filter 'safety' (class=org.apache.hadoop.hdds.server.http.HttpServer2$QuotingInputFilter)
2021-09-22 01:09:20,606 [Listener at 127.0.0.1/44817] INFO  http.HttpServer2 (HttpServer2.java:addFilter(1006)) - Added filter static_user_filter (class=org.apache.hadoop.http.lib.StaticUserWebFilter$StaticUserFilter) to context hddsDatanode
2021-09-22 01:09:20,606 [Listener at 127.0.0.1/44817] INFO  http.HttpServer2 (HttpServer2.java:addFilter(1014)) - Added filter static_user_filter (class=org.apache.hadoop.http.lib.StaticUserWebFilter$StaticUserFilter) to context static
2021-09-22 01:09:20,606 [Listener at 127.0.0.1/44817] INFO  http.HttpServer2 (HttpServer2.java:addFilter(1014)) - Added filter static_user_filter (class=org.apache.hadoop.http.lib.StaticUserWebFilter$StaticUserFilter) to context logs
2021-09-22 01:09:20,607 [Listener at 127.0.0.1/44817] INFO  http.HttpServer2 (HttpServer2.java:bindListener(1249)) - Jetty bound to port 40301
2021-09-22 01:09:20,607 [Listener at 127.0.0.1/44817] INFO  server.Server (Server.java:doStart(375)) - jetty-9.4.43.v20210629; built: 2021-06-30T11:07:22.254Z; git: 526006ecfa3af7f1a27ef3a288e2bef7ea9dd7e8; jvm 1.8.0_292-b10
2021-09-22 01:09:20,608 [Listener at 127.0.0.1/44817] INFO  server.session (DefaultSessionIdManager.java:doStart(334)) - DefaultSessionIdManager workerName=node0
2021-09-22 01:09:20,608 [Listener at 127.0.0.1/44817] INFO  server.session (DefaultSessionIdManager.java:doStart(339)) - No SessionScavenger set, using defaults
2021-09-22 01:09:20,609 [Listener at 127.0.0.1/44817] INFO  server.session (HouseKeeper.java:startScavenging(132)) - node0 Scavenging every 660000ms
2021-09-22 01:09:20,609 [Listener at 127.0.0.1/44817] INFO  handler.ContextHandler (ContextHandler.java:doStart(915)) - Started o.e.j.s.ServletContextHandler@62be9446{logs,/logs,file:///home/runner/work/ozone/ozone/hadoop-ozone/integration-test/target/log,AVAILABLE}
2021-09-22 01:09:20,609 [Listener at 127.0.0.1/44817] INFO  handler.ContextHandler (ContextHandler.java:doStart(915)) - Started o.e.j.s.ServletContextHandler@425f7c2{static,/static,jar:file:/home/runner/.m2/repository/org/apache/ozone/hdds-container-service/1.2.0-SNAPSHOT/hdds-container-service-1.2.0-SNAPSHOT.jar!/webapps/static,AVAILABLE}
2021-09-22 01:09:20,653 [Listener at 127.0.0.1/44817] INFO  handler.ContextHandler (ContextHandler.java:doStart(915)) - Started o.e.j.w.WebAppContext@e44c801{hddsDatanode,/,file:///tmp/jetty-0_0_0_0-40301-hdds-container-service-1_2_0-SNAPSHOT_jar-_-any-1255405638483627261/webapp/,AVAILABLE}{jar:file:/home/runner/.m2/repository/org/apache/ozone/hdds-container-service/1.2.0-SNAPSHOT/hdds-container-service-1.2.0-SNAPSHOT.jar!/webapps/hddsDatanode}
2021-09-22 01:09:20,654 [Listener at 127.0.0.1/44817] INFO  server.AbstractConnector (AbstractConnector.java:doStart(331)) - Started ServerConnector@157e7c42{HTTP/1.1, (http/1.1)}{0.0.0.0:40301}
2021-09-22 01:09:20,654 [Listener at 127.0.0.1/44817] INFO  server.Server (Server.java:doStart(415)) - Started @8280ms
2021-09-22 01:09:20,654 [Listener at 127.0.0.1/44817] WARN  impl.MetricsSystemImpl (MetricsSystemImpl.java:register(279)) - Sink prometheus already exists!
2021-09-22 01:09:20,655 [Listener at 127.0.0.1/44817] INFO  http.BaseHttpServer (BaseHttpServer.java:updateConnectorAddress(329)) - HTTP server of hddsDatanode listening at http://0.0.0.0:40301
2021-09-22 01:09:20,655 [Datanode State Machine Thread - 0] INFO  statemachine.DatanodeStateMachine (DatanodeStateMachine.java:lambda$startDaemon$0(456)) - Ozone container server started.
2021-09-22 01:09:20,656 [Listener at 127.0.0.1/44817] INFO  ozone.MiniOzoneClusterImpl (MiniOzoneClusterImpl.java:lambda$waitForClusterToBeReady$0(235)) - Waiting for nodes to be ready. Got 0 of 7 DN Heartbeats.
2021-09-22 01:09:20,658 [Listener at 127.0.0.1/44817] INFO  ozone.MiniOzoneClusterImpl (MiniOzoneClusterImpl.java:lambda$waitForClusterToBeReady$0(238)) - Waiting for cluster to exit safe mode
2021-09-22 01:09:20,658 [Listener at 127.0.0.1/44817] INFO  ozone.MiniOzoneClusterImpl (MiniOzoneClusterImpl.java:lambda$waitForClusterToBeReady$0(240)) - SCM became leader
2021-09-22 01:09:20,670 [org.apache.hadoop.util.JvmPauseMonitor$Monitor@17835767] INFO  util.JvmPauseMonitor (JvmPauseMonitor.java:run(188)) - Starting JVM pause monitor
2021-09-22 01:09:20,671 [Datanode State Machine Task Thread - 0] INFO  datanode.InitDatanodeState (InitDatanodeState.java:persistContainerDatanodeDetails(145)) - DatanodeDetails is persisted to /home/runner/work/ozone/ozone/hadoop-ozone/integration-test/target/test-dir/MiniOzoneClusterImpl-25acc1c1-a8f2-4117-88d4-9d8f1e28eca9/datanode-6/meta/datanode.id
2021-09-22 01:09:21,133 [EndpointStateMachine task thread for /0.0.0.0:41109 - 0 ] INFO  ozoneimpl.OzoneContainer (OzoneContainer.java:start(304)) - Attempting to start container services.
2021-09-22 01:09:21,135 [EndpointStateMachine task thread for /0.0.0.0:41109 - 0 ] INFO  ozoneimpl.OzoneContainer (OzoneContainer.java:startContainerScrub(249)) - Background container scanner has been disabled.
2021-09-22 01:09:21,137 [EndpointStateMachine task thread for /0.0.0.0:41109 - 0 ] INFO  replication.ReplicationServer (ReplicationServer.java:start(107)) - ReplicationServer is started using port 41851
2021-09-22 01:09:21,140 [EndpointStateMachine task thread for /0.0.0.0:41109 - 0 ] INFO  ratis.XceiverServerRatis (XceiverServerRatis.java:start(481)) - Starting XceiverServerRatis 5dfa4197-3b4e-4728-abf2-2d416eda6cfb
2021-09-22 01:09:21,141 [EndpointStateMachine task thread for /0.0.0.0:41109 - 0 ] INFO  server.RaftServer (RaftServerProxy.java:lambda$start$5(374)) - 5dfa4197-3b4e-4728-abf2-2d416eda6cfb: start RPC server
2021-09-22 01:09:21,143 [EndpointStateMachine task thread for /0.0.0.0:41109 - 0 ] INFO  server.GrpcService (GrpcService.java:startImpl(253)) - 5dfa4197-3b4e-4728-abf2-2d416eda6cfb: GrpcService started, listening on 45155
2021-09-22 01:09:21,144 [EndpointStateMachine task thread for /0.0.0.0:41109 - 0 ] INFO  ratis.XceiverServerRatis (XceiverServerRatis.java:getRealPort(502)) - XceiverServerRatis 5dfa4197-3b4e-4728-abf2-2d416eda6cfb is started using port 45155 for RATIS
2021-09-22 01:09:21,144 [EndpointStateMachine task thread for /0.0.0.0:41109 - 0 ] INFO  ratis.XceiverServerRatis (XceiverServerRatis.java:getRealPort(502)) - XceiverServerRatis 5dfa4197-3b4e-4728-abf2-2d416eda6cfb is started using port 45155 for RATIS_ADMIN
2021-09-22 01:09:21,144 [EndpointStateMachine task thread for /0.0.0.0:41109 - 0 ] INFO  ratis.XceiverServerRatis (XceiverServerRatis.java:getRealPort(502)) - XceiverServerRatis 5dfa4197-3b4e-4728-abf2-2d416eda6cfb is started using port 45155 for RATIS_SERVER
2021-09-22 01:09:21,144 [org.apache.ratis.util.JvmPauseMonitor$$Lambda$531/1517202074@3ca26714] INFO  util.JvmPauseMonitor (JvmPauseMonitor.java:run(103)) - JvmPauseMonitor-5dfa4197-3b4e-4728-abf2-2d416eda6cfb: Started
2021-09-22 01:09:21,145 [EndpointStateMachine task thread for /0.0.0.0:41109 - 0 ] INFO  server.XceiverServerGrpc (XceiverServerGrpc.java:start(135)) - XceiverServerGrpc 5dfa4197-3b4e-4728-abf2-2d416eda6cfb is started using port 33797
2021-09-22 01:09:21,362 [EndpointStateMachine task thread for /0.0.0.0:41109 - 0 ] INFO  ozoneimpl.OzoneContainer (OzoneContainer.java:start(304)) - Attempting to start container services.
2021-09-22 01:09:21,363 [EndpointStateMachine task thread for /0.0.0.0:41109 - 0 ] INFO  ozoneimpl.OzoneContainer (OzoneContainer.java:startContainerScrub(249)) - Background container scanner has been disabled.
2021-09-22 01:09:21,364 [EndpointStateMachine task thread for /0.0.0.0:41109 - 0 ] INFO  replication.ReplicationServer (ReplicationServer.java:start(107)) - ReplicationServer is started using port 44987
2021-09-22 01:09:21,365 [EndpointStateMachine task thread for /0.0.0.0:41109 - 0 ] INFO  ratis.XceiverServerRatis (XceiverServerRatis.java:start(481)) - Starting XceiverServerRatis e58ea0e2-171c-4fa7-a930-6c25c8dc249c
2021-09-22 01:09:21,366 [EndpointStateMachine task thread for /0.0.0.0:41109 - 0 ] INFO  server.RaftServer (RaftServerProxy.java:lambda$start$5(374)) - e58ea0e2-171c-4fa7-a930-6c25c8dc249c: start RPC server
2021-09-22 01:09:21,367 [EndpointStateMachine task thread for /0.0.0.0:41109 - 0 ] INFO  server.GrpcService (GrpcService.java:startImpl(253)) - e58ea0e2-171c-4fa7-a930-6c25c8dc249c: GrpcService started, listening on 36231
2021-09-22 01:09:21,367 [EndpointStateMachine task thread for /0.0.0.0:41109 - 0 ] INFO  ratis.XceiverServerRatis (XceiverServerRatis.java:getRealPort(502)) - XceiverServerRatis e58ea0e2-171c-4fa7-a930-6c25c8dc249c is started using port 36231 for RATIS
2021-09-22 01:09:21,367 [EndpointStateMachine task thread for /0.0.0.0:41109 - 0 ] INFO  ratis.XceiverServerRatis (XceiverServerRatis.java:getRealPort(502)) - XceiverServerRatis e58ea0e2-171c-4fa7-a930-6c25c8dc249c is started using port 36231 for RATIS_ADMIN
2021-09-22 01:09:21,367 [org.apache.ratis.util.JvmPauseMonitor$$Lambda$531/1517202074@3017426] INFO  util.JvmPauseMonitor (JvmPauseMonitor.java:run(103)) - JvmPauseMonitor-e58ea0e2-171c-4fa7-a930-6c25c8dc249c: Started
2021-09-22 01:09:21,368 [EndpointStateMachine task thread for /0.0.0.0:41109 - 0 ] INFO  ratis.XceiverServerRatis (XceiverServerRatis.java:getRealPort(502)) - XceiverServerRatis e58ea0e2-171c-4fa7-a930-6c25c8dc249c is started using port 36231 for RATIS_SERVER
2021-09-22 01:09:21,369 [EndpointStateMachine task thread for /0.0.0.0:41109 - 0 ] INFO  server.XceiverServerGrpc (XceiverServerGrpc.java:start(135)) - XceiverServerGrpc e58ea0e2-171c-4fa7-a930-6c25c8dc249c is started using port 33533
2021-09-22 01:09:21,658 [Listener at 127.0.0.1/44817] INFO  ozone.MiniOzoneClusterImpl (MiniOzoneClusterImpl.java:lambda$waitForClusterToBeReady$0(235)) - Waiting for nodes to be ready. Got 0 of 7 DN Heartbeats.
2021-09-22 01:09:21,658 [Listener at 127.0.0.1/44817] INFO  ozone.MiniOzoneClusterImpl (MiniOzoneClusterImpl.java:lambda$waitForClusterToBeReady$0(238)) - Waiting for cluster to exit safe mode
2021-09-22 01:09:21,658 [Listener at 127.0.0.1/44817] INFO  ozone.MiniOzoneClusterImpl (MiniOzoneClusterImpl.java:lambda$waitForClusterToBeReady$0(240)) - SCM became leader
2021-09-22 01:09:21,887 [EndpointStateMachine task thread for /0.0.0.0:41109 - 0 ] INFO  ozoneimpl.OzoneContainer (OzoneContainer.java:start(304)) - Attempting to start container services.
2021-09-22 01:09:21,887 [EndpointStateMachine task thread for /0.0.0.0:41109 - 0 ] INFO  ozoneimpl.OzoneContainer (OzoneContainer.java:startContainerScrub(249)) - Background container scanner has been disabled.
2021-09-22 01:09:21,889 [EndpointStateMachine task thread for /0.0.0.0:41109 - 0 ] INFO  replication.ReplicationServer (ReplicationServer.java:start(107)) - ReplicationServer is started using port 43617
2021-09-22 01:09:21,889 [EndpointStateMachine task thread for /0.0.0.0:41109 - 0 ] INFO  ratis.XceiverServerRatis (XceiverServerRatis.java:start(481)) - Starting XceiverServerRatis 9a2eaa79-e95b-45cd-b00f-a46126e2769a
2021-09-22 01:09:21,891 [EndpointStateMachine task thread for /0.0.0.0:41109 - 0 ] INFO  server.RaftServer (RaftServerProxy.java:lambda$start$5(374)) - 9a2eaa79-e95b-45cd-b00f-a46126e2769a: start RPC server
2021-09-22 01:09:21,892 [EndpointStateMachine task thread for /0.0.0.0:41109 - 0 ] INFO  server.GrpcService (GrpcService.java:startImpl(253)) - 9a2eaa79-e95b-45cd-b00f-a46126e2769a: GrpcService started, listening on 42817
2021-09-22 01:09:21,892 [EndpointStateMachine task thread for /0.0.0.0:41109 - 0 ] INFO  ratis.XceiverServerRatis (XceiverServerRatis.java:getRealPort(502)) - XceiverServerRatis 9a2eaa79-e95b-45cd-b00f-a46126e2769a is started using port 42817 for RATIS
2021-09-22 01:09:21,892 [org.apache.ratis.util.JvmPauseMonitor$$Lambda$531/1517202074@277442f4] INFO  util.JvmPauseMonitor (JvmPauseMonitor.java:run(103)) - JvmPauseMonitor-9a2eaa79-e95b-45cd-b00f-a46126e2769a: Started
2021-09-22 01:09:21,892 [EndpointStateMachine task thread for /0.0.0.0:41109 - 0 ] INFO  ratis.XceiverServerRatis (XceiverServerRatis.java:getRealPort(502)) - XceiverServerRatis 9a2eaa79-e95b-45cd-b00f-a46126e2769a is started using port 42817 for RATIS_ADMIN
2021-09-22 01:09:21,893 [EndpointStateMachine task thread for /0.0.0.0:41109 - 0 ] INFO  ratis.XceiverServerRatis (XceiverServerRatis.java:getRealPort(502)) - XceiverServerRatis 9a2eaa79-e95b-45cd-b00f-a46126e2769a is started using port 42817 for RATIS_SERVER
2021-09-22 01:09:21,894 [EndpointStateMachine task thread for /0.0.0.0:41109 - 0 ] INFO  server.XceiverServerGrpc (XceiverServerGrpc.java:start(135)) - XceiverServerGrpc 9a2eaa79-e95b-45cd-b00f-a46126e2769a is started using port 35193
2021-09-22 01:09:22,091 [EndpointStateMachine task thread for /0.0.0.0:41109 - 0 ] INFO  ozoneimpl.OzoneContainer (OzoneContainer.java:start(304)) - Attempting to start container services.
2021-09-22 01:09:22,092 [EndpointStateMachine task thread for /0.0.0.0:41109 - 0 ] INFO  ozoneimpl.OzoneContainer (OzoneContainer.java:startContainerScrub(249)) - Background container scanner has been disabled.
2021-09-22 01:09:22,093 [EndpointStateMachine task thread for /0.0.0.0:41109 - 0 ] INFO  replication.ReplicationServer (ReplicationServer.java:start(107)) - ReplicationServer is started using port 42601
2021-09-22 01:09:22,093 [EndpointStateMachine task thread for /0.0.0.0:41109 - 0 ] INFO  ratis.XceiverServerRatis (XceiverServerRatis.java:start(481)) - Starting XceiverServerRatis fff18091-4bc4-4dc4-9e0e-c7b7b9f7a092
2021-09-22 01:09:22,095 [EndpointStateMachine task thread for /0.0.0.0:41109 - 0 ] INFO  server.RaftServer (RaftServerProxy.java:lambda$start$5(374)) - fff18091-4bc4-4dc4-9e0e-c7b7b9f7a092: start RPC server
2021-09-22 01:09:22,096 [EndpointStateMachine task thread for /0.0.0.0:41109 - 0 ] INFO  server.GrpcService (GrpcService.java:startImpl(253)) - fff18091-4bc4-4dc4-9e0e-c7b7b9f7a092: GrpcService started, listening on 43419
2021-09-22 01:09:22,096 [EndpointStateMachine task thread for /0.0.0.0:41109 - 0 ] INFO  ratis.XceiverServerRatis (XceiverServerRatis.java:getRealPort(502)) - XceiverServerRatis fff18091-4bc4-4dc4-9e0e-c7b7b9f7a092 is started using port 43419 for RATIS
2021-09-22 01:09:22,096 [org.apache.ratis.util.JvmPauseMonitor$$Lambda$531/1517202074@6f24deae] INFO  util.JvmPauseMonitor (JvmPauseMonitor.java:run(103)) - JvmPauseMonitor-fff18091-4bc4-4dc4-9e0e-c7b7b9f7a092: Started
2021-09-22 01:09:22,096 [EndpointStateMachine task thread for /0.0.0.0:41109 - 0 ] INFO  ratis.XceiverServerRatis (XceiverServerRatis.java:getRealPort(502)) - XceiverServerRatis fff18091-4bc4-4dc4-9e0e-c7b7b9f7a092 is started using port 43419 for RATIS_ADMIN
2021-09-22 01:09:22,097 [EndpointStateMachine task thread for /0.0.0.0:41109 - 0 ] INFO  ratis.XceiverServerRatis (XceiverServerRatis.java:getRealPort(502)) - XceiverServerRatis fff18091-4bc4-4dc4-9e0e-c7b7b9f7a092 is started using port 43419 for RATIS_SERVER
2021-09-22 01:09:22,098 [EndpointStateMachine task thread for /0.0.0.0:41109 - 0 ] INFO  server.XceiverServerGrpc (XceiverServerGrpc.java:start(135)) - XceiverServerGrpc fff18091-4bc4-4dc4-9e0e-c7b7b9f7a092 is started using port 44117
2021-09-22 01:09:22,274 [EndpointStateMachine task thread for /0.0.0.0:41109 - 0 ] INFO  ozoneimpl.OzoneContainer (OzoneContainer.java:start(304)) - Attempting to start container services.
2021-09-22 01:09:22,275 [EndpointStateMachine task thread for /0.0.0.0:41109 - 0 ] INFO  ozoneimpl.OzoneContainer (OzoneContainer.java:startContainerScrub(249)) - Background container scanner has been disabled.
2021-09-22 01:09:22,280 [EndpointStateMachine task thread for /0.0.0.0:41109 - 0 ] INFO  replication.ReplicationServer (ReplicationServer.java:start(107)) - ReplicationServer is started using port 45851
2021-09-22 01:09:22,281 [EndpointStateMachine task thread for /0.0.0.0:41109 - 0 ] INFO  ratis.XceiverServerRatis (XceiverServerRatis.java:start(481)) - Starting XceiverServerRatis 46189feb-569c-4e6f-be55-dc7298009a0b
2021-09-22 01:09:22,281 [EndpointStateMachine task thread for /0.0.0.0:41109 - 0 ] INFO  server.RaftServer (RaftServerProxy.java:lambda$start$5(374)) - 46189feb-569c-4e6f-be55-dc7298009a0b: start RPC server
2021-09-22 01:09:22,283 [EndpointStateMachine task thread for /0.0.0.0:41109 - 0 ] INFO  server.GrpcService (GrpcService.java:startImpl(253)) - 46189feb-569c-4e6f-be55-dc7298009a0b: GrpcService started, listening on 40371
2021-09-22 01:09:22,283 [EndpointStateMachine task thread for /0.0.0.0:41109 - 0 ] INFO  ratis.XceiverServerRatis (XceiverServerRatis.java:getRealPort(502)) - XceiverServerRatis 46189feb-569c-4e6f-be55-dc7298009a0b is started using port 40371 for RATIS
2021-09-22 01:09:22,283 [EndpointStateMachine task thread for /0.0.0.0:41109 - 0 ] INFO  ratis.XceiverServerRatis (XceiverServerRatis.java:getRealPort(502)) - XceiverServerRatis 46189feb-569c-4e6f-be55-dc7298009a0b is started using port 40371 for RATIS_ADMIN
2021-09-22 01:09:22,283 [org.apache.ratis.util.JvmPauseMonitor$$Lambda$531/1517202074@3acb4cb3] INFO  util.JvmPauseMonitor (JvmPauseMonitor.java:run(103)) - JvmPauseMonitor-46189feb-569c-4e6f-be55-dc7298009a0b: Started
2021-09-22 01:09:22,283 [EndpointStateMachine task thread for /0.0.0.0:41109 - 0 ] INFO  ratis.XceiverServerRatis (XceiverServerRatis.java:getRealPort(502)) - XceiverServerRatis 46189feb-569c-4e6f-be55-dc7298009a0b is started using port 40371 for RATIS_SERVER
2021-09-22 01:09:22,284 [EndpointStateMachine task thread for /0.0.0.0:41109 - 0 ] INFO  server.XceiverServerGrpc (XceiverServerGrpc.java:start(135)) - XceiverServerGrpc 46189feb-569c-4e6f-be55-dc7298009a0b is started using port 40153
2021-09-22 01:09:22,481 [EndpointStateMachine task thread for /0.0.0.0:41109 - 0 ] INFO  ozoneimpl.OzoneContainer (OzoneContainer.java:start(304)) - Attempting to start container services.
2021-09-22 01:09:22,482 [EndpointStateMachine task thread for /0.0.0.0:41109 - 0 ] INFO  ozoneimpl.OzoneContainer (OzoneContainer.java:startContainerScrub(249)) - Background container scanner has been disabled.
2021-09-22 01:09:22,483 [EndpointStateMachine task thread for /0.0.0.0:41109 - 0 ] INFO  replication.ReplicationServer (ReplicationServer.java:start(107)) - ReplicationServer is started using port 43925
2021-09-22 01:09:22,484 [EndpointStateMachine task thread for /0.0.0.0:41109 - 0 ] INFO  ratis.XceiverServerRatis (XceiverServerRatis.java:start(481)) - Starting XceiverServerRatis 0d23f380-5b64-4336-bea7-d12bd7eaa710
2021-09-22 01:09:22,487 [EndpointStateMachine task thread for /0.0.0.0:41109 - 0 ] INFO  server.RaftServer (RaftServerProxy.java:lambda$start$5(374)) - 0d23f380-5b64-4336-bea7-d12bd7eaa710: start RPC server
2021-09-22 01:09:22,488 [EndpointStateMachine task thread for /0.0.0.0:41109 - 0 ] INFO  server.GrpcService (GrpcService.java:startImpl(253)) - 0d23f380-5b64-4336-bea7-d12bd7eaa710: GrpcService started, listening on 40155
2021-09-22 01:09:22,488 [EndpointStateMachine task thread for /0.0.0.0:41109 - 0 ] INFO  ratis.XceiverServerRatis (XceiverServerRatis.java:getRealPort(502)) - XceiverServerRatis 0d23f380-5b64-4336-bea7-d12bd7eaa710 is started using port 40155 for RATIS
2021-09-22 01:09:22,488 [org.apache.ratis.util.JvmPauseMonitor$$Lambda$531/1517202074@7f5bfd12] INFO  util.JvmPauseMonitor (JvmPauseMonitor.java:run(103)) - JvmPauseMonitor-0d23f380-5b64-4336-bea7-d12bd7eaa710: Started
2021-09-22 01:09:22,489 [EndpointStateMachine task thread for /0.0.0.0:41109 - 0 ] INFO  ratis.XceiverServerRatis (XceiverServerRatis.java:getRealPort(502)) - XceiverServerRatis 0d23f380-5b64-4336-bea7-d12bd7eaa710 is started using port 40155 for RATIS_ADMIN
2021-09-22 01:09:22,495 [EndpointStateMachine task thread for /0.0.0.0:41109 - 0 ] INFO  ratis.XceiverServerRatis (XceiverServerRatis.java:getRealPort(502)) - XceiverServerRatis 0d23f380-5b64-4336-bea7-d12bd7eaa710 is started using port 40155 for RATIS_SERVER
2021-09-22 01:09:22,496 [EndpointStateMachine task thread for /0.0.0.0:41109 - 0 ] INFO  server.XceiverServerGrpc (XceiverServerGrpc.java:start(135)) - XceiverServerGrpc 0d23f380-5b64-4336-bea7-d12bd7eaa710 is started using port 43011
2021-09-22 01:09:22,659 [Listener at 127.0.0.1/44817] INFO  ozone.MiniOzoneClusterImpl (MiniOzoneClusterImpl.java:lambda$waitForClusterToBeReady$0(235)) - Waiting for nodes to be ready. Got 0 of 7 DN Heartbeats.
2021-09-22 01:09:22,659 [Listener at 127.0.0.1/44817] INFO  ozone.MiniOzoneClusterImpl (MiniOzoneClusterImpl.java:lambda$waitForClusterToBeReady$0(238)) - Waiting for cluster to exit safe mode
2021-09-22 01:09:22,659 [Listener at 127.0.0.1/44817] INFO  ozone.MiniOzoneClusterImpl (MiniOzoneClusterImpl.java:lambda$waitForClusterToBeReady$0(240)) - SCM became leader
2021-09-22 01:09:22,673 [EndpointStateMachine task thread for /0.0.0.0:41109 - 0 ] INFO  ozoneimpl.OzoneContainer (OzoneContainer.java:start(304)) - Attempting to start container services.
2021-09-22 01:09:22,674 [EndpointStateMachine task thread for /0.0.0.0:41109 - 0 ] INFO  ozoneimpl.OzoneContainer (OzoneContainer.java:startContainerScrub(249)) - Background container scanner has been disabled.
2021-09-22 01:09:22,678 [EndpointStateMachine task thread for /0.0.0.0:41109 - 0 ] INFO  replication.ReplicationServer (ReplicationServer.java:start(107)) - ReplicationServer is started using port 35635
2021-09-22 01:09:22,679 [EndpointStateMachine task thread for /0.0.0.0:41109 - 0 ] INFO  ratis.XceiverServerRatis (XceiverServerRatis.java:start(481)) - Starting XceiverServerRatis 1846ff5f-c0f8-47b1-8bb5-c6f8d49a7778
2021-09-22 01:09:22,680 [EndpointStateMachine task thread for /0.0.0.0:41109 - 0 ] INFO  server.RaftServer (RaftServerProxy.java:lambda$start$5(374)) - 1846ff5f-c0f8-47b1-8bb5-c6f8d49a7778: start RPC server
2021-09-22 01:09:22,683 [EndpointStateMachine task thread for /0.0.0.0:41109 - 0 ] INFO  server.GrpcService (GrpcService.java:startImpl(253)) - 1846ff5f-c0f8-47b1-8bb5-c6f8d49a7778: GrpcService started, listening on 36461
2021-09-22 01:09:22,683 [EndpointStateMachine task thread for /0.0.0.0:41109 - 0 ] INFO  ratis.XceiverServerRatis (XceiverServerRatis.java:getRealPort(502)) - XceiverServerRatis 1846ff5f-c0f8-47b1-8bb5-c6f8d49a7778 is started using port 36461 for RATIS
2021-09-22 01:09:22,683 [EndpointStateMachine task thread for /0.0.0.0:41109 - 0 ] INFO  ratis.XceiverServerRatis (XceiverServerRatis.java:getRealPort(502)) - XceiverServerRatis 1846ff5f-c0f8-47b1-8bb5-c6f8d49a7778 is started using port 36461 for RATIS_ADMIN
2021-09-22 01:09:22,684 [org.apache.ratis.util.JvmPauseMonitor$$Lambda$531/1517202074@5bf5a896] INFO  util.JvmPauseMonitor (JvmPauseMonitor.java:run(103)) - JvmPauseMonitor-1846ff5f-c0f8-47b1-8bb5-c6f8d49a7778: Started
2021-09-22 01:09:22,684 [EndpointStateMachine task thread for /0.0.0.0:41109 - 0 ] INFO  ratis.XceiverServerRatis (XceiverServerRatis.java:getRealPort(502)) - XceiverServerRatis 1846ff5f-c0f8-47b1-8bb5-c6f8d49a7778 is started using port 36461 for RATIS_SERVER
2021-09-22 01:09:22,685 [EndpointStateMachine task thread for /0.0.0.0:41109 - 0 ] INFO  server.XceiverServerGrpc (XceiverServerGrpc.java:start(135)) - XceiverServerGrpc 1846ff5f-c0f8-47b1-8bb5-c6f8d49a7778 is started using port 45231
2021-09-22 01:09:23,117 [IPC Server handler 2 on default port 41109] INFO  net.NetworkTopologyImpl (NetworkTopologyImpl.java:add(112)) - Added a new node: /default-rack/5dfa4197-3b4e-4728-abf2-2d416eda6cfb
2021-09-22 01:09:23,119 [IPC Server handler 2 on default port 41109] INFO  node.SCMNodeManager (SCMNodeManager.java:register(389)) - Registered Data node : 5dfa4197-3b4e-4728-abf2-2d416eda6cfb{ip: 10.1.0.5, host: fv-az294-326.eaanfquahm5ulb5tj050gcxych.jx.internal.cloudapp.net, ports: [REPLICATION=41851, RATIS=45155, RATIS_ADMIN=45155, RATIS_SERVER=45155, STANDALONE=33797], networkLocation: /default-rack, certSerialId: null, persistedOpState: null, persistedOpStateExpiryEpochSec: 0}
2021-09-22 01:09:23,122 [EventQueue-NewNodeForNewNodeHandler] INFO  pipeline.BackgroundPipelineCreator (BackgroundPipelineCreatorV2.java:notifyEventTriggered(285)) - trigger a one-shot run on RatisPipelineUtilsThread.
2021-09-22 01:09:23,129 [EventQueue-NodeRegistrationContainerReportForDataNodeSafeModeRule] INFO  safemode.SCMSafeModeManager (DataNodeSafeModeRule.java:process(71)) - SCM in safe mode. 1 DataNodes registered, 3 required.
2021-09-22 01:09:23,129 [EventQueue-NodeRegistrationContainerReportForContainerSafeModeRule] INFO  safemode.SCMSafeModeManager (SCMSafeModeManager.java:validateSafeModeExitRules(204)) - ContainerSafeModeRule rule is successfully validated
2021-09-22 01:09:23,134 [EventQueue-PipelineReportForOneReplicaPipelineSafeModeRule] INFO  safemode.SCMSafeModeManager (SCMSafeModeManager.java:validateSafeModeExitRules(204)) - AtleastOneDatanodeReportedRule rule is successfully validated
2021-09-22 01:09:23,138 [RatisPipelineUtilsThread - 0] INFO  pipeline.RatisPipelineProvider (RatisPipelineProvider.java:lambda$create$0(183)) - Sending CreatePipelineCommand for pipeline:PipelineID=8abcbfeb-c1f0-424b-80d7-546008e63882 to datanode:5dfa4197-3b4e-4728-abf2-2d416eda6cfb
2021-09-22 01:09:23,147 [RatisPipelineUtilsThread - 0] INFO  pipeline.PipelineStateManager (PipelineStateManagerV2Impl.java:addPipeline(101)) - Created pipeline Pipeline[ Id: 8abcbfeb-c1f0-424b-80d7-546008e63882, Nodes: 5dfa4197-3b4e-4728-abf2-2d416eda6cfb{ip: 10.1.0.5, host: fv-az294-326.eaanfquahm5ulb5tj050gcxych.jx.internal.cloudapp.net, ports: [REPLICATION=41851, RATIS=45155, RATIS_ADMIN=45155, RATIS_SERVER=45155, STANDALONE=33797], networkLocation: /default-rack, certSerialId: null, persistedOpState: IN_SERVICE, persistedOpStateExpiryEpochSec: 0}, ReplicationConfig: RATIS/ONE, State:ALLOCATED, leaderId:, CreationTimestamp2021-09-22T01:09:23.135Z[Etc/UTC]].
2021-09-22 01:09:23,356 [IPC Server handler 0 on default port 41109] INFO  net.NetworkTopologyImpl (NetworkTopologyImpl.java:add(112)) - Added a new node: /default-rack/e58ea0e2-171c-4fa7-a930-6c25c8dc249c
2021-09-22 01:09:23,357 [IPC Server handler 0 on default port 41109] INFO  node.SCMNodeManager (SCMNodeManager.java:register(389)) - Registered Data node : e58ea0e2-171c-4fa7-a930-6c25c8dc249c{ip: 10.1.0.5, host: fv-az294-326.eaanfquahm5ulb5tj050gcxych.jx.internal.cloudapp.net, ports: [REPLICATION=44987, RATIS=36231, RATIS_ADMIN=36231, RATIS_SERVER=36231, STANDALONE=33533], networkLocation: /default-rack, certSerialId: null, persistedOpState: null, persistedOpStateExpiryEpochSec: 0}
2021-09-22 01:09:23,357 [EventQueue-NewNodeForNewNodeHandler] INFO  pipeline.BackgroundPipelineCreator (BackgroundPipelineCreatorV2.java:notifyEventTriggered(285)) - trigger a one-shot run on RatisPipelineUtilsThread.
2021-09-22 01:09:23,358 [EventQueue-NodeRegistrationContainerReportForDataNodeSafeModeRule] INFO  safemode.SCMSafeModeManager (DataNodeSafeModeRule.java:process(71)) - SCM in safe mode. 2 DataNodes registered, 3 required.
2021-09-22 01:09:23,360 [RatisPipelineUtilsThread - 0] INFO  pipeline.RatisPipelineProvider (RatisPipelineProvider.java:lambda$create$0(183)) - Sending CreatePipelineCommand for pipeline:PipelineID=61082ebc-df4a-49b7-95bf-12a76c11ae81 to datanode:e58ea0e2-171c-4fa7-a930-6c25c8dc249c
2021-09-22 01:09:23,360 [RatisPipelineUtilsThread - 0] INFO  pipeline.PipelineStateManager (PipelineStateManagerV2Impl.java:addPipeline(101)) - Created pipeline Pipeline[ Id: 61082ebc-df4a-49b7-95bf-12a76c11ae81, Nodes: e58ea0e2-171c-4fa7-a930-6c25c8dc249c{ip: 10.1.0.5, host: fv-az294-326.eaanfquahm5ulb5tj050gcxych.jx.internal.cloudapp.net, ports: [REPLICATION=44987, RATIS=36231, RATIS_ADMIN=36231, RATIS_SERVER=36231, STANDALONE=33533], networkLocation: /default-rack, certSerialId: null, persistedOpState: IN_SERVICE, persistedOpStateExpiryEpochSec: 0}, ReplicationConfig: RATIS/ONE, State:ALLOCATED, leaderId:, CreationTimestamp2021-09-22T01:09:23.360Z[Etc/UTC]].
2021-09-22 01:09:23,659 [Listener at 127.0.0.1/44817] INFO  ozone.MiniOzoneClusterImpl (MiniOzoneClusterImpl.java:lambda$waitForClusterToBeReady$0(235)) - Waiting for nodes to be ready. Got 2 of 7 DN Heartbeats.
2021-09-22 01:09:23,659 [Listener at 127.0.0.1/44817] INFO  ozone.MiniOzoneClusterImpl (MiniOzoneClusterImpl.java:lambda$waitForClusterToBeReady$0(238)) - Waiting for cluster to exit safe mode
2021-09-22 01:09:23,659 [Listener at 127.0.0.1/44817] INFO  ozone.MiniOzoneClusterImpl (MiniOzoneClusterImpl.java:lambda$waitForClusterToBeReady$0(240)) - SCM became leader
2021-09-22 01:09:23,883 [IPC Server handler 2 on default port 41109] INFO  net.NetworkTopologyImpl (NetworkTopologyImpl.java:add(112)) - Added a new node: /default-rack/9a2eaa79-e95b-45cd-b00f-a46126e2769a
2021-09-22 01:09:23,884 [IPC Server handler 2 on default port 41109] INFO  node.SCMNodeManager (SCMNodeManager.java:register(389)) - Registered Data node : 9a2eaa79-e95b-45cd-b00f-a46126e2769a{ip: 10.1.0.5, host: fv-az294-326.eaanfquahm5ulb5tj050gcxych.jx.internal.cloudapp.net, ports: [REPLICATION=43617, RATIS=42817, RATIS_ADMIN=42817, RATIS_SERVER=42817, STANDALONE=35193], networkLocation: /default-rack, certSerialId: null, persistedOpState: null, persistedOpStateExpiryEpochSec: 0}
2021-09-22 01:09:23,884 [EventQueue-NewNodeForNewNodeHandler] INFO  pipeline.BackgroundPipelineCreator (BackgroundPipelineCreatorV2.java:notifyEventTriggered(285)) - trigger a one-shot run on RatisPipelineUtilsThread.
2021-09-22 01:09:23,885 [EventQueue-NodeRegistrationContainerReportForDataNodeSafeModeRule] INFO  safemode.SCMSafeModeManager (DataNodeSafeModeRule.java:process(71)) - SCM in safe mode. 3 DataNodes registered, 3 required.
2021-09-22 01:09:23,885 [EventQueue-NodeRegistrationContainerReportForDataNodeSafeModeRule] INFO  safemode.SCMSafeModeManager (SCMSafeModeManager.java:validateSafeModeExitRules(204)) - DataNodeSafeModeRule rule is successfully validated
2021-09-22 01:09:23,885 [EventQueue-NodeRegistrationContainerReportForDataNodeSafeModeRule] INFO  safemode.SCMSafeModeManager (SCMSafeModeManager.java:completePreCheck(233)) - All SCM safe mode pre check rules have passed
2021-09-22 01:09:23,885 [EventQueue-NodeRegistrationContainerReportForDataNodeSafeModeRule] WARN  events.EventQueue (EventQueue.java:fireEvent(194)) - No event handler registered for event TypedEvent{payloadType=SafeModeStatus, name='Safe mode status'}
2021-09-22 01:09:23,885 [RatisPipelineUtilsThread - 0] INFO  pipeline.RatisPipelineProvider (RatisPipelineProvider.java:lambda$create$0(183)) - Sending CreatePipelineCommand for pipeline:PipelineID=5c5e0d86-4a81-4250-84df-c2dc2de858e1 to datanode:9a2eaa79-e95b-45cd-b00f-a46126e2769a
2021-09-22 01:09:23,885 [EventQueue-NodeRegistrationContainerReportForDataNodeSafeModeRule] INFO  ha.SCMContext (SCMContext.java:updateSafeModeStatus(205)) - Update SafeModeStatus from SafeModeStatus{safeModeStatus=true, preCheckPassed=false} to SafeModeStatus{safeModeStatus=true, preCheckPassed=true}.
2021-09-22 01:09:23,885 [EventQueue-NodeRegistrationContainerReportForDataNodeSafeModeRule] INFO  pipeline.BackgroundPipelineCreator (BackgroundPipelineCreatorV2.java:notifyEventTriggered(285)) - trigger a one-shot run on RatisPipelineUtilsThread.
2021-09-22 01:09:23,886 [RatisPipelineUtilsThread - 0] INFO  pipeline.PipelineStateManager (PipelineStateManagerV2Impl.java:addPipeline(101)) - Created pipeline Pipeline[ Id: 5c5e0d86-4a81-4250-84df-c2dc2de858e1, Nodes: 9a2eaa79-e95b-45cd-b00f-a46126e2769a{ip: 10.1.0.5, host: fv-az294-326.eaanfquahm5ulb5tj050gcxych.jx.internal.cloudapp.net, ports: [REPLICATION=43617, RATIS=42817, RATIS_ADMIN=42817, RATIS_SERVER=42817, STANDALONE=35193], networkLocation: /default-rack, certSerialId: null, persistedOpState: IN_SERVICE, persistedOpStateExpiryEpochSec: 0}, ReplicationConfig: RATIS/ONE, State:ALLOCATED, leaderId:, CreationTimestamp2021-09-22T01:09:23.885Z[Etc/UTC]].
2021-09-22 01:09:23,889 [RatisPipelineUtilsThread - 0] INFO  pipeline.RatisPipelineProvider (RatisPipelineProvider.java:lambda$create$0(183)) - Sending CreatePipelineCommand for pipeline:PipelineID=4f78cfb6-f575-4110-97bf-c62b115eb3bf to datanode:5dfa4197-3b4e-4728-abf2-2d416eda6cfb
2021-09-22 01:09:23,889 [RatisPipelineUtilsThread - 0] INFO  pipeline.RatisPipelineProvider (RatisPipelineProvider.java:lambda$create$0(183)) - Sending CreatePipelineCommand for pipeline:PipelineID=4f78cfb6-f575-4110-97bf-c62b115eb3bf to datanode:9a2eaa79-e95b-45cd-b00f-a46126e2769a
2021-09-22 01:09:23,889 [RatisPipelineUtilsThread - 0] INFO  pipeline.RatisPipelineProvider (RatisPipelineProvider.java:lambda$create$0(183)) - Sending CreatePipelineCommand for pipeline:PipelineID=4f78cfb6-f575-4110-97bf-c62b115eb3bf to datanode:e58ea0e2-171c-4fa7-a930-6c25c8dc249c
2021-09-22 01:09:23,890 [RatisPipelineUtilsThread - 0] INFO  pipeline.PipelineStateManager (PipelineStateManagerV2Impl.java:addPipeline(101)) - Created pipeline Pipeline[ Id: 4f78cfb6-f575-4110-97bf-c62b115eb3bf, Nodes: 5dfa4197-3b4e-4728-abf2-2d416eda6cfb{ip: 10.1.0.5, host: fv-az294-326.eaanfquahm5ulb5tj050gcxych.jx.internal.cloudapp.net, ports: [REPLICATION=41851, RATIS=45155, RATIS_ADMIN=45155, RATIS_SERVER=45155, STANDALONE=33797], networkLocation: /default-rack, certSerialId: null, persistedOpState: IN_SERVICE, persistedOpStateExpiryEpochSec: 0}9a2eaa79-e95b-45cd-b00f-a46126e2769a{ip: 10.1.0.5, host: fv-az294-326.eaanfquahm5ulb5tj050gcxych.jx.internal.cloudapp.net, ports: [REPLICATION=43617, RATIS=42817, RATIS_ADMIN=42817, RATIS_SERVER=42817, STANDALONE=35193], networkLocation: /default-rack, certSerialId: null, persistedOpState: IN_SERVICE, persistedOpStateExpiryEpochSec: 0}e58ea0e2-171c-4fa7-a930-6c25c8dc249c{ip: 10.1.0.5, host: fv-az294-326.eaanfquahm5ulb5tj050gcxych.jx.internal.cloudapp.net, ports: [REPLICATION=44987, RATIS=36231, RATIS_ADMIN=36231, RATIS_SERVER=36231, STANDALONE=33533], networkLocation: /default-rack, certSerialId: null, persistedOpState: IN_SERVICE, persistedOpStateExpiryEpochSec: 0}, ReplicationConfig: RATIS/THREE, State:ALLOCATED, leaderId:, CreationTimestamp2021-09-22T01:09:23.889Z[Etc/UTC]].
2021-09-22 01:09:23,891 [RatisPipelineUtilsThread - 0] INFO  pipeline.RatisPipelineProvider (RatisPipelineProvider.java:lambda$create$0(183)) - Sending CreatePipelineCommand for pipeline:PipelineID=bf874198-aeb4-4bc3-a6e8-2c2f94d327a1 to datanode:e58ea0e2-171c-4fa7-a930-6c25c8dc249c
2021-09-22 01:09:23,891 [RatisPipelineUtilsThread - 0] INFO  pipeline.RatisPipelineProvider (RatisPipelineProvider.java:lambda$create$0(183)) - Sending CreatePipelineCommand for pipeline:PipelineID=bf874198-aeb4-4bc3-a6e8-2c2f94d327a1 to datanode:9a2eaa79-e95b-45cd-b00f-a46126e2769a
2021-09-22 01:09:23,891 [RatisPipelineUtilsThread - 0] INFO  pipeline.RatisPipelineProvider (RatisPipelineProvider.java:lambda$create$0(183)) - Sending CreatePipelineCommand for pipeline:PipelineID=bf874198-aeb4-4bc3-a6e8-2c2f94d327a1 to datanode:5dfa4197-3b4e-4728-abf2-2d416eda6cfb
2021-09-22 01:09:23,892 [RatisPipelineUtilsThread - 0] INFO  pipeline.PipelineStateManager (PipelineStateManagerV2Impl.java:addPipeline(101)) - Created pipeline Pipeline[ Id: bf874198-aeb4-4bc3-a6e8-2c2f94d327a1, Nodes: e58ea0e2-171c-4fa7-a930-6c25c8dc249c{ip: 10.1.0.5, host: fv-az294-326.eaanfquahm5ulb5tj050gcxych.jx.internal.cloudapp.net, ports: [REPLICATION=44987, RATIS=36231, RATIS_ADMIN=36231, RATIS_SERVER=36231, STANDALONE=33533], networkLocation: /default-rack, certSerialId: null, persistedOpState: IN_SERVICE, persistedOpStateExpiryEpochSec: 0}9a2eaa79-e95b-45cd-b00f-a46126e2769a{ip: 10.1.0.5, host: fv-az294-326.eaanfquahm5ulb5tj050gcxych.jx.internal.cloudapp.net, ports: [REPLICATION=43617, RATIS=42817, RATIS_ADMIN=42817, RATIS_SERVER=42817, STANDALONE=35193], networkLocation: /default-rack, certSerialId: null, persistedOpState: IN_SERVICE, persistedOpStateExpiryEpochSec: 0}5dfa4197-3b4e-4728-abf2-2d416eda6cfb{ip: 10.1.0.5, host: fv-az294-326.eaanfquahm5ulb5tj050gcxych.jx.internal.cloudapp.net, ports: [REPLICATION=41851, RATIS=45155, RATIS_ADMIN=45155, RATIS_SERVER=45155, STANDALONE=33797], networkLocation: /default-rack, certSerialId: null, persistedOpState: IN_SERVICE, persistedOpStateExpiryEpochSec: 0}, ReplicationConfig: RATIS/THREE, State:ALLOCATED, leaderId:, CreationTimestamp2021-09-22T01:09:23.891Z[Etc/UTC]].
2021-09-22 01:09:23,892 [RatisPipelineUtilsThread - 0] INFO  pipeline.PipelineManagerImpl (PipelineManagerImpl.java:recordMetricsForPipeline(613)) - Pipeline: PipelineID=bf874198-aeb4-4bc3-a6e8-2c2f94d327a1 contains same datanodes as previous pipelines: PipelineID=4f78cfb6-f575-4110-97bf-c62b115eb3bf nodeIds: e58ea0e2-171c-4fa7-a930-6c25c8dc249c, 9a2eaa79-e95b-45cd-b00f-a46126e2769a, 5dfa4197-3b4e-4728-abf2-2d416eda6cfb
2021-09-22 01:09:24,088 [IPC Server handler 6 on default port 41109] INFO  net.NetworkTopologyImpl (NetworkTopologyImpl.java:add(112)) - Added a new node: /default-rack/fff18091-4bc4-4dc4-9e0e-c7b7b9f7a092
2021-09-22 01:09:24,089 [IPC Server handler 6 on default port 41109] INFO  node.SCMNodeManager (SCMNodeManager.java:register(389)) - Registered Data node : fff18091-4bc4-4dc4-9e0e-c7b7b9f7a092{ip: 10.1.0.5, host: fv-az294-326.eaanfquahm5ulb5tj050gcxych.jx.internal.cloudapp.net, ports: [REPLICATION=42601, RATIS=43419, RATIS_ADMIN=43419, RATIS_SERVER=43419, STANDALONE=44117], networkLocation: /default-rack, certSerialId: null, persistedOpState: null, persistedOpStateExpiryEpochSec: 0}
2021-09-22 01:09:24,089 [EventQueue-NewNodeForNewNodeHandler] INFO  pipeline.BackgroundPipelineCreator (BackgroundPipelineCreatorV2.java:notifyEventTriggered(285)) - trigger a one-shot run on RatisPipelineUtilsThread.
2021-09-22 01:09:24,090 [RatisPipelineUtilsThread - 0] INFO  pipeline.RatisPipelineProvider (RatisPipelineProvider.java:lambda$create$0(183)) - Sending CreatePipelineCommand for pipeline:PipelineID=ba993a31-53ec-4478-b060-fc12d3ea79d0 to datanode:fff18091-4bc4-4dc4-9e0e-c7b7b9f7a092
2021-09-22 01:09:24,091 [RatisPipelineUtilsThread - 0] INFO  pipeline.PipelineStateManager (PipelineStateManagerV2Impl.java:addPipeline(101)) - Created pipeline Pipeline[ Id: ba993a31-53ec-4478-b060-fc12d3ea79d0, Nodes: fff18091-4bc4-4dc4-9e0e-c7b7b9f7a092{ip: 10.1.0.5, host: fv-az294-326.eaanfquahm5ulb5tj050gcxych.jx.internal.cloudapp.net, ports: [REPLICATION=42601, RATIS=43419, RATIS_ADMIN=43419, RATIS_SERVER=43419, STANDALONE=44117], networkLocation: /default-rack, certSerialId: null, persistedOpState: IN_SERVICE, persistedOpStateExpiryEpochSec: 0}, ReplicationConfig: RATIS/ONE, State:ALLOCATED, leaderId:, CreationTimestamp2021-09-22T01:09:24.090Z[Etc/UTC]].
2021-09-22 01:09:24,272 [IPC Server handler 9 on default port 41109] INFO  net.NetworkTopologyImpl (NetworkTopologyImpl.java:add(112)) - Added a new node: /default-rack/46189feb-569c-4e6f-be55-dc7298009a0b
2021-09-22 01:09:24,273 [IPC Server handler 9 on default port 41109] INFO  node.SCMNodeManager (SCMNodeManager.java:register(389)) - Registered Data node : 46189feb-569c-4e6f-be55-dc7298009a0b{ip: 10.1.0.5, host: fv-az294-326.eaanfquahm5ulb5tj050gcxych.jx.internal.cloudapp.net, ports: [REPLICATION=45851, RATIS=40371, RATIS_ADMIN=40371, RATIS_SERVER=40371, STANDALONE=40153], networkLocation: /default-rack, certSerialId: null, persistedOpState: null, persistedOpStateExpiryEpochSec: 0}
2021-09-22 01:09:24,273 [EventQueue-NewNodeForNewNodeHandler] INFO  pipeline.BackgroundPipelineCreator (BackgroundPipelineCreatorV2.java:notifyEventTriggered(285)) - trigger a one-shot run on RatisPipelineUtilsThread.
2021-09-22 01:09:24,275 [RatisPipelineUtilsThread - 0] INFO  pipeline.RatisPipelineProvider (RatisPipelineProvider.java:lambda$create$0(183)) - Sending CreatePipelineCommand for pipeline:PipelineID=dc41ab09-3424-4cc2-bf62-ea7482a42541 to datanode:46189feb-569c-4e6f-be55-dc7298009a0b
2021-09-22 01:09:24,276 [RatisPipelineUtilsThread - 0] INFO  pipeline.PipelineStateManager (PipelineStateManagerV2Impl.java:addPipeline(101)) - Created pipeline Pipeline[ Id: dc41ab09-3424-4cc2-bf62-ea7482a42541, Nodes: 46189feb-569c-4e6f-be55-dc7298009a0b{ip: 10.1.0.5, host: fv-az294-326.eaanfquahm5ulb5tj050gcxych.jx.internal.cloudapp.net, ports: [REPLICATION=45851, RATIS=40371, RATIS_ADMIN=40371, RATIS_SERVER=40371, STANDALONE=40153], networkLocation: /default-rack, certSerialId: null, persistedOpState: IN_SERVICE, persistedOpStateExpiryEpochSec: 0}, ReplicationConfig: RATIS/ONE, State:ALLOCATED, leaderId:, CreationTimestamp2021-09-22T01:09:24.275Z[Etc/UTC]].
2021-09-22 01:09:24,482 [IPC Server handler 3 on default port 41109] INFO  net.NetworkTopologyImpl (NetworkTopologyImpl.java:add(112)) - Added a new node: /default-rack/0d23f380-5b64-4336-bea7-d12bd7eaa710
2021-09-22 01:09:24,482 [IPC Server handler 3 on default port 41109] INFO  node.SCMNodeManager (SCMNodeManager.java:register(389)) - Registered Data node : 0d23f380-5b64-4336-bea7-d12bd7eaa710{ip: 10.1.0.5, host: fv-az294-326.eaanfquahm5ulb5tj050gcxych.jx.internal.cloudapp.net, ports: [REPLICATION=43925, RATIS=40155, RATIS_ADMIN=40155, RATIS_SERVER=40155, STANDALONE=43011], networkLocation: /default-rack, certSerialId: null, persistedOpState: null, persistedOpStateExpiryEpochSec: 0}
2021-09-22 01:09:24,482 [EventQueue-NewNodeForNewNodeHandler] INFO  pipeline.BackgroundPipelineCreator (BackgroundPipelineCreatorV2.java:notifyEventTriggered(285)) - trigger a one-shot run on RatisPipelineUtilsThread.
2021-09-22 01:09:24,486 [RatisPipelineUtilsThread - 0] INFO  pipeline.RatisPipelineProvider (RatisPipelineProvider.java:lambda$create$0(183)) - Sending CreatePipelineCommand for pipeline:PipelineID=51be4208-7298-4bb9-9b48-c1c80cf96f0e to datanode:0d23f380-5b64-4336-bea7-d12bd7eaa710
2021-09-22 01:09:24,487 [RatisPipelineUtilsThread - 0] INFO  pipeline.PipelineStateManager (PipelineStateManagerV2Impl.java:addPipeline(101)) - Created pipeline Pipeline[ Id: 51be4208-7298-4bb9-9b48-c1c80cf96f0e, Nodes: 0d23f380-5b64-4336-bea7-d12bd7eaa710{ip: 10.1.0.5, host: fv-az294-326.eaanfquahm5ulb5tj050gcxych.jx.internal.cloudapp.net, ports: [REPLICATION=43925, RATIS=40155, RATIS_ADMIN=40155, RATIS_SERVER=40155, STANDALONE=43011], networkLocation: /default-rack, certSerialId: null, persistedOpState: IN_SERVICE, persistedOpStateExpiryEpochSec: 0}, ReplicationConfig: RATIS/ONE, State:ALLOCATED, leaderId:, CreationTimestamp2021-09-22T01:09:24.486Z[Etc/UTC]].
2021-09-22 01:09:24,487 [RatisPipelineUtilsThread - 0] INFO  pipeline.RatisPipelineProvider (RatisPipelineProvider.java:lambda$create$0(183)) - Sending CreatePipelineCommand for pipeline:PipelineID=8dc922f3-9a9c-404c-8e65-364f2152d5ce to datanode:fff18091-4bc4-4dc4-9e0e-c7b7b9f7a092
2021-09-22 01:09:24,487 [RatisPipelineUtilsThread - 0] INFO  pipeline.RatisPipelineProvider (RatisPipelineProvider.java:lambda$create$0(183)) - Sending CreatePipelineCommand for pipeline:PipelineID=8dc922f3-9a9c-404c-8e65-364f2152d5ce to datanode:46189feb-569c-4e6f-be55-dc7298009a0b
2021-09-22 01:09:24,487 [RatisPipelineUtilsThread - 0] INFO  pipeline.RatisPipelineProvider (RatisPipelineProvider.java:lambda$create$0(183)) - Sending CreatePipelineCommand for pipeline:PipelineID=8dc922f3-9a9c-404c-8e65-364f2152d5ce to datanode:0d23f380-5b64-4336-bea7-d12bd7eaa710
2021-09-22 01:09:24,488 [RatisPipelineUtilsThread - 0] INFO  pipeline.PipelineStateManager (PipelineStateManagerV2Impl.java:addPipeline(101)) - Created pipeline Pipeline[ Id: 8dc922f3-9a9c-404c-8e65-364f2152d5ce, Nodes: fff18091-4bc4-4dc4-9e0e-c7b7b9f7a092{ip: 10.1.0.5, host: fv-az294-326.eaanfquahm5ulb5tj050gcxych.jx.internal.cloudapp.net, ports: [REPLICATION=42601, RATIS=43419, RATIS_ADMIN=43419, RATIS_SERVER=43419, STANDALONE=44117], networkLocation: /default-rack, certSerialId: null, persistedOpState: IN_SERVICE, persistedOpStateExpiryEpochSec: 0}46189feb-569c-4e6f-be55-dc7298009a0b{ip: 10.1.0.5, host: fv-az294-326.eaanfquahm5ulb5tj050gcxych.jx.internal.cloudapp.net, ports: [REPLICATION=45851, RATIS=40371, RATIS_ADMIN=40371, RATIS_SERVER=40371, STANDALONE=40153], networkLocation: /default-rack, certSerialId: null, persistedOpState: IN_SERVICE, persistedOpStateExpiryEpochSec: 0}0d23f380-5b64-4336-bea7-d12bd7eaa710{ip: 10.1.0.5, host: fv-az294-326.eaanfquahm5ulb5tj050gcxych.jx.internal.cloudapp.net, ports: [REPLICATION=43925, RATIS=40155, RATIS_ADMIN=40155, RATIS_SERVER=40155, STANDALONE=43011], networkLocation: /default-rack, certSerialId: null, persistedOpState: IN_SERVICE, persistedOpStateExpiryEpochSec: 0}, ReplicationConfig: RATIS/THREE, State:ALLOCATED, leaderId:, CreationTimestamp2021-09-22T01:09:24.487Z[Etc/UTC]].
2021-09-22 01:09:24,489 [RatisPipelineUtilsThread - 0] INFO  pipeline.RatisPipelineProvider (RatisPipelineProvider.java:lambda$create$0(183)) - Sending CreatePipelineCommand for pipeline:PipelineID=4de357ff-d8b8-41d9-a7ee-7d8c5c10c900 to datanode:46189feb-569c-4e6f-be55-dc7298009a0b
2021-09-22 01:09:24,489 [RatisPipelineUtilsThread - 0] INFO  pipeline.RatisPipelineProvider (RatisPipelineProvider.java:lambda$create$0(183)) - Sending CreatePipelineCommand for pipeline:PipelineID=4de357ff-d8b8-41d9-a7ee-7d8c5c10c900 to datanode:fff18091-4bc4-4dc4-9e0e-c7b7b9f7a092
2021-09-22 01:09:24,489 [RatisPipelineUtilsThread - 0] INFO  pipeline.RatisPipelineProvider (RatisPipelineProvider.java:lambda$create$0(183)) - Sending CreatePipelineCommand for pipeline:PipelineID=4de357ff-d8b8-41d9-a7ee-7d8c5c10c900 to datanode:0d23f380-5b64-4336-bea7-d12bd7eaa710
2021-09-22 01:09:24,490 [RatisPipelineUtilsThread - 0] INFO  pipeline.PipelineStateManager (PipelineStateManagerV2Impl.java:addPipeline(101)) - Created pipeline Pipeline[ Id: 4de357ff-d8b8-41d9-a7ee-7d8c5c10c900, Nodes: 46189feb-569c-4e6f-be55-dc7298009a0b{ip: 10.1.0.5, host: fv-az294-326.eaanfquahm5ulb5tj050gcxych.jx.internal.cloudapp.net, ports: [REPLICATION=45851, RATIS=40371, RATIS_ADMIN=40371, RATIS_SERVER=40371, STANDALONE=40153], networkLocation: /default-rack, certSerialId: null, persistedOpState: IN_SERVICE, persistedOpStateExpiryEpochSec: 0}fff18091-4bc4-4dc4-9e0e-c7b7b9f7a092{ip: 10.1.0.5, host: fv-az294-326.eaanfquahm5ulb5tj050gcxych.jx.internal.cloudapp.net, ports: [REPLICATION=42601, RATIS=43419, RATIS_ADMIN=43419, RATIS_SERVER=43419, STANDALONE=44117], networkLocation: /default-rack, certSerialId: null, persistedOpState: IN_SERVICE, persistedOpStateExpiryEpochSec: 0}0d23f380-5b64-4336-bea7-d12bd7eaa710{ip: 10.1.0.5, host: fv-az294-326.eaanfquahm5ulb5tj050gcxych.jx.internal.cloudapp.net, ports: [REPLICATION=43925, RATIS=40155, RATIS_ADMIN=40155, RATIS_SERVER=40155, STANDALONE=43011], networkLocation: /default-rack, certSerialId: null, persistedOpState: IN_SERVICE, persistedOpStateExpiryEpochSec: 0}, ReplicationConfig: RATIS/THREE, State:ALLOCATED, leaderId:, CreationTimestamp2021-09-22T01:09:24.489Z[Etc/UTC]].
2021-09-22 01:09:24,490 [RatisPipelineUtilsThread - 0] INFO  pipeline.PipelineManagerImpl (PipelineManagerImpl.java:recordMetricsForPipeline(613)) - Pipeline: PipelineID=4de357ff-d8b8-41d9-a7ee-7d8c5c10c900 contains same datanodes as previous pipelines: PipelineID=8dc922f3-9a9c-404c-8e65-364f2152d5ce nodeIds: 46189feb-569c-4e6f-be55-dc7298009a0b, fff18091-4bc4-4dc4-9e0e-c7b7b9f7a092, 0d23f380-5b64-4336-bea7-d12bd7eaa710
2021-09-22 01:09:24,660 [Listener at 127.0.0.1/44817] INFO  ozone.MiniOzoneClusterImpl (MiniOzoneClusterImpl.java:lambda$waitForClusterToBeReady$0(235)) - Waiting for nodes to be ready. Got 6 of 7 DN Heartbeats.
2021-09-22 01:09:24,661 [Listener at 127.0.0.1/44817] INFO  ozone.MiniOzoneClusterImpl (MiniOzoneClusterImpl.java:lambda$waitForClusterToBeReady$0(238)) - Waiting for cluster to exit safe mode
2021-09-22 01:09:24,661 [Listener at 127.0.0.1/44817] INFO  ozone.MiniOzoneClusterImpl (MiniOzoneClusterImpl.java:lambda$waitForClusterToBeReady$0(240)) - SCM became leader
2021-09-22 01:09:24,673 [IPC Server handler 2 on default port 41109] INFO  net.NetworkTopologyImpl (NetworkTopologyImpl.java:add(112)) - Added a new node: /default-rack/1846ff5f-c0f8-47b1-8bb5-c6f8d49a7778
2021-09-22 01:09:24,673 [IPC Server handler 2 on default port 41109] INFO  node.SCMNodeManager (SCMNodeManager.java:register(389)) - Registered Data node : 1846ff5f-c0f8-47b1-8bb5-c6f8d49a7778{ip: 10.1.0.5, host: fv-az294-326.eaanfquahm5ulb5tj050gcxych.jx.internal.cloudapp.net, ports: [REPLICATION=35635, RATIS=36461, RATIS_ADMIN=36461, RATIS_SERVER=36461, STANDALONE=45231], networkLocation: /default-rack, certSerialId: null, persistedOpState: null, persistedOpStateExpiryEpochSec: 0}
2021-09-22 01:09:24,673 [EventQueue-NewNodeForNewNodeHandler] INFO  pipeline.BackgroundPipelineCreator (BackgroundPipelineCreatorV2.java:notifyEventTriggered(285)) - trigger a one-shot run on RatisPipelineUtilsThread.
2021-09-22 01:09:24,674 [RatisPipelineUtilsThread - 0] INFO  pipeline.RatisPipelineProvider (RatisPipelineProvider.java:lambda$create$0(183)) - Sending CreatePipelineCommand for pipeline:PipelineID=941beb5a-db47-4f53-9f69-c4fc351edef1 to datanode:1846ff5f-c0f8-47b1-8bb5-c6f8d49a7778
2021-09-22 01:09:24,675 [RatisPipelineUtilsThread - 0] INFO  pipeline.PipelineStateManager (PipelineStateManagerV2Impl.java:addPipeline(101)) - Created pipeline Pipeline[ Id: 941beb5a-db47-4f53-9f69-c4fc351edef1, Nodes: 1846ff5f-c0f8-47b1-8bb5-c6f8d49a7778{ip: 10.1.0.5, host: fv-az294-326.eaanfquahm5ulb5tj050gcxych.jx.internal.cloudapp.net, ports: [REPLICATION=35635, RATIS=36461, RATIS_ADMIN=36461, RATIS_SERVER=36461, STANDALONE=45231], networkLocation: /default-rack, certSerialId: null, persistedOpState: IN_SERVICE, persistedOpStateExpiryEpochSec: 0}, ReplicationConfig: RATIS/ONE, State:ALLOCATED, leaderId:, CreationTimestamp2021-09-22T01:09:24.674Z[Etc/UTC]].
2021-09-22 01:09:25,661 [Listener at 127.0.0.1/44817] INFO  ozone.MiniOzoneClusterImpl (MiniOzoneClusterImpl.java:lambda$waitForClusterToBeReady$0(235)) - Nodes are ready. Got 7 of 7 DN Heartbeats.
2021-09-22 01:09:25,662 [Listener at 127.0.0.1/44817] INFO  ozone.MiniOzoneClusterImpl (MiniOzoneClusterImpl.java:lambda$waitForClusterToBeReady$0(238)) - Waiting for cluster to exit safe mode
2021-09-22 01:09:25,662 [Listener at 127.0.0.1/44817] INFO  ozone.MiniOzoneClusterImpl (MiniOzoneClusterImpl.java:lambda$waitForClusterToBeReady$0(240)) - SCM became leader
2021-09-22 01:09:26,107 [Command processor thread] INFO  server.RaftServer (RaftServerProxy.java:addNew(95)) - 5dfa4197-3b4e-4728-abf2-2d416eda6cfb: addNew group-546008E63882:[5dfa4197-3b4e-4728-abf2-2d416eda6cfb|rpc:10.1.0.5:45155|priority:1] returns group-546008E63882:java.util.concurrent.CompletableFuture@28ffbb4[Not completed]
2021-09-22 01:09:26,125 [pool-55-thread-1] INFO  server.RaftServer$Division (RaftServerImpl.java:<init>(181)) - 5dfa4197-3b4e-4728-abf2-2d416eda6cfb: new RaftServerImpl for group-546008E63882:[5dfa4197-3b4e-4728-abf2-2d416eda6cfb|rpc:10.1.0.5:45155|priority:1] with ContainerStateMachine:uninitialized
2021-09-22 01:09:26,126 [pool-55-thread-1] INFO  server.RaftServerConfigKeys (ConfUtils.java:logGet(44)) - raft.server.rpc.timeout.min = 5s (custom)
2021-09-22 01:09:26,126 [pool-55-thread-1] INFO  server.RaftServerConfigKeys (ConfUtils.java:logGet(44)) - raft.server.rpc.timeout.max = 5200ms (custom)
2021-09-22 01:09:26,126 [pool-55-thread-1] INFO  server.RaftServerConfigKeys (ConfUtils.java:logGet(44)) - raft.server.rpc.sleep.time = 25ms (default)
2021-09-22 01:09:26,126 [pool-55-thread-1] INFO  server.RaftServerConfigKeys (ConfUtils.java:logGet(44)) - raft.server.rpc.slowness.timeout = 300000ms (custom)
2021-09-22 01:09:26,126 [pool-55-thread-1] INFO  server.RaftServerConfigKeys (ConfUtils.java:logGet(44)) - raft.server.leaderelection.leader.step-down.wait-time = 10s (default)
2021-09-22 01:09:26,126 [pool-55-thread-1] INFO  server.RaftServerConfigKeys (ConfUtils.java:logGet(44)) - raft.server.sleep.deviation.threshold = 300ms (default)
2021-09-22 01:09:26,126 [pool-55-thread-1] INFO  server.RaftServerConfigKeys (ConfUtils.java:logGet(44)) - raft.server.log.appender.install.snapshot.enabled = false (custom)
2021-09-22 01:09:26,126 [pool-55-thread-1] INFO  server.RaftServer$Division (ServerState.java:<init>(105)) - 5dfa4197-3b4e-4728-abf2-2d416eda6cfb@group-546008E63882: ConfigurationManager, init=-1: [5dfa4197-3b4e-4728-abf2-2d416eda6cfb|rpc:10.1.0.5:45155|priority:1], old=null, confs=<EMPTY_MAP>
2021-09-22 01:09:26,127 [pool-55-thread-1] INFO  server.RaftServerConfigKeys (ConfUtils.java:logGet(44)) - raft.server.storage.dir = [/home/runner/work/ozone/ozone/hadoop-ozone/integration-test/target/test-dir/MiniOzoneClusterImpl-25acc1c1-a8f2-4117-88d4-9d8f1e28eca9/datanode-0/data/ratis] (custom)
2021-09-22 01:09:26,127 [pool-55-thread-1] INFO  server.RaftServerConfigKeys (ConfUtils.java:logGet(44)) - raft.server.log.corruption.policy = EXCEPTION (default)
2021-09-22 01:09:26,127 [pool-55-thread-1] INFO  server.RaftServerConfigKeys (ConfUtils.java:logGet(44)) - raft.server.storage.free-space.min = 0MB (=0) (default)
2021-09-22 01:09:26,127 [pool-55-thread-1] INFO  storage.RaftStorageDirectory (RaftStorageDirectoryImpl.java:analyzeStorage(135)) - The storage directory /home/runner/work/ozone/ozone/hadoop-ozone/integration-test/target/test-dir/MiniOzoneClusterImpl-25acc1c1-a8f2-4117-88d4-9d8f1e28eca9/datanode-0/data/ratis/8abcbfeb-c1f0-424b-80d7-546008e63882 does not exist. Creating ...
2021-09-22 01:09:26,129 [pool-55-thread-1] INFO  storage.RaftStorageDirectory (RaftStorageDirectoryImpl.java:tryLock(230)) - Lock on /home/runner/work/ozone/ozone/hadoop-ozone/integration-test/target/test-dir/MiniOzoneClusterImpl-25acc1c1-a8f2-4117-88d4-9d8f1e28eca9/datanode-0/data/ratis/8abcbfeb-c1f0-424b-80d7-546008e63882/in_use.lock acquired by nodename 21910@fv-az294-326
2021-09-22 01:09:26,130 [pool-55-thread-1] INFO  storage.RaftStorage (RaftStorageImpl.java:format(89)) - Storage directory /home/runner/work/ozone/ozone/hadoop-ozone/integration-test/target/test-dir/MiniOzoneClusterImpl-25acc1c1-a8f2-4117-88d4-9d8f1e28eca9/datanode-0/data/ratis/8abcbfeb-c1f0-424b-80d7-546008e63882 has been successfully formatted.
2021-09-22 01:09:26,134 [pool-55-thread-1] INFO  ratis.ContainerStateMachine (ContainerStateMachine.java:loadSnapshot(224)) - group-546008E63882: The snapshot info is null. Setting the last applied indexto:(t:0, i:~)
2021-09-22 01:09:26,137 [pool-55-thread-1] INFO  server.RaftServerConfigKeys (ConfUtils.java:logGet(44)) - raft.server.notification.no-leader.timeout = 300000ms (custom)
2021-09-22 01:09:26,137 [pool-55-thread-1] INFO  server.RaftServerConfigKeys (ConfUtils.java:logGet(44)) - raft.server.log.use.memory = false (default)
2021-09-22 01:09:26,137 [pool-55-thread-1] INFO  server.RaftServerConfigKeys (ConfUtils.java:logGet(44)) - raft.server.log.purge.gap = 1000000 (custom)
2021-09-22 01:09:26,137 [pool-55-thread-1] INFO  server.RaftServerConfigKeys (ConfUtils.java:logGet(44)) - raft.server.log.appender.buffer.byte-limit = 33554432 (custom)
2021-09-22 01:09:26,137 [pool-55-thread-1] INFO  server.RaftServerConfigKeys (ConfUtils.java:logGet(44)) - raft.server.log.segment.size.max = 1048576 (custom)
2021-09-22 01:09:26,138 [pool-55-thread-1] INFO  server.RaftServerConfigKeys (ConfUtils.java:logGet(44)) - raft.server.log.segment.cache.num.max = 2 (custom)
2021-09-22 01:09:26,138 [pool-55-thread-1] INFO  server.RaftServerConfigKeys (ConfUtils.java:logGet(44)) - raft.server.log.segment.cache.size.max = 200MB (=209715200) (default)
2021-09-22 01:09:26,138 [pool-55-thread-1] INFO  segmented.SegmentedRaftLogWorker (SegmentedRaftLogWorker.java:<init>(182)) - new 5dfa4197-3b4e-4728-abf2-2d416eda6cfb@group-546008E63882-SegmentedRaftLogWorker for RaftStorageImpl:Storage Directory /home/runner/work/ozone/ozone/hadoop-ozone/integration-test/target/test-dir/MiniOzoneClusterImpl-25acc1c1-a8f2-4117-88d4-9d8f1e28eca9/datanode-0/data/ratis/8abcbfeb-c1f0-424b-80d7-546008e63882
2021-09-22 01:09:26,138 [pool-55-thread-1] INFO  server.RaftServerConfigKeys (ConfUtils.java:logGet(44)) - raft.server.log.queue.byte-limit = 2147483647 (custom)
2021-09-22 01:09:26,138 [pool-55-thread-1] INFO  server.RaftServerConfigKeys (ConfUtils.java:logGet(44)) - raft.server.log.queue.element-limit = 1024 (custom)
2021-09-22 01:09:26,138 [pool-55-thread-1] INFO  server.RaftServerConfigKeys (ConfUtils.java:logGet(44)) - raft.server.log.segment.size.max = 1048576 (custom)
2021-09-22 01:09:26,139 [pool-55-thread-1] INFO  server.RaftServerConfigKeys (ConfUtils.java:logGet(44)) - raft.server.log.preallocated.size = 16384 (custom)
2021-09-22 01:09:26,139 [pool-55-thread-1] INFO  server.RaftServerConfigKeys (ConfUtils.java:logGet(44)) - raft.server.log.force.sync.num = 128 (default)
2021-09-22 01:09:26,139 [pool-55-thread-1] INFO  server.RaftServerConfigKeys (ConfUtils.java:logGet(44)) - raft.server.log.statemachine.data.sync = true (default)
2021-09-22 01:09:26,139 [pool-55-thread-1] INFO  server.RaftServerConfigKeys (ConfUtils.java:logGet(44)) - raft.server.log.statemachine.data.sync.timeout = 10s (default)
2021-09-22 01:09:26,139 [pool-55-thread-1] INFO  server.RaftServerConfigKeys (ConfUtils.java:logGet(44)) - raft.server.log.statemachine.data.sync.timeout.retry = -1 (default)
2021-09-22 01:09:26,141 [pool-55-thread-1] INFO  server.RaftServerConfigKeys (ConfUtils.java:logGet(44)) - raft.server.log.write.buffer.size = 1048576 (custom)
2021-09-22 01:09:26,141 [pool-55-thread-1] INFO  server.RaftServerConfigKeys (ConfUtils.java:logGet(44)) - raft.server.log.statemachine.data.caching.enabled = true (custom)
2021-09-22 01:09:26,141 [pool-55-thread-1] INFO  segmented.SegmentedRaftLogWorker (SegmentedRaftLogWorker.java:lambda$new$0(133)) - 5dfa4197-3b4e-4728-abf2-2d416eda6cfb@group-546008E63882-SegmentedRaftLogWorker: flushIndex: setUnconditionally 0 -> -1
2021-09-22 01:09:26,141 [pool-55-thread-1] INFO  segmented.SegmentedRaftLogWorker (SegmentedRaftLogWorker.java:lambda$new$0(133)) - 5dfa4197-3b4e-4728-abf2-2d416eda6cfb@group-546008E63882-SegmentedRaftLogWorker: safeCacheEvictIndex: setUnconditionally 0 -> -1
2021-09-22 01:09:26,150 [pool-55-thread-1] INFO  server.RaftServerConfigKeys (ConfUtils.java:logGet(44)) - raft.server.snapshot.auto.trigger.enabled = true (custom)
2021-09-22 01:09:26,151 [EventQueue-PipelineReportForPipelineReportHandler] INFO  pipeline.PipelineManagerImpl (PipelineManagerImpl.java:openPipeline(282)) - Pipeline Pipeline[ Id: 8abcbfeb-c1f0-424b-80d7-546008e63882, Nodes: 5dfa4197-3b4e-4728-abf2-2d416eda6cfb{ip: 10.1.0.5, host: fv-az294-326.eaanfquahm5ulb5tj050gcxych.jx.internal.cloudapp.net, ports: [REPLICATION=41851, RATIS=45155, RATIS_ADMIN=45155, RATIS_SERVER=45155, STANDALONE=33797], networkLocation: /default-rack, certSerialId: null, persistedOpState: IN_SERVICE, persistedOpStateExpiryEpochSec: 0}, ReplicationConfig: RATIS/ONE, State:ALLOCATED, leaderId:5dfa4197-3b4e-4728-abf2-2d416eda6cfb, CreationTimestamp2021-09-22T01:09:23.135Z[Etc/UTC]] moved to OPEN state
2021-09-22 01:09:26,153 [pool-55-thread-1] INFO  server.RaftServerConfigKeys (ConfUtils.java:logGet(44)) - raft.server.snapshot.auto.trigger.threshold = 10000 (custom)
2021-09-22 01:09:26,153 [pool-55-thread-1] INFO  server.RaftServerConfigKeys (ConfUtils.java:logGet(44)) - raft.server.snapshot.retention.file.num = 5 (custom)
2021-09-22 01:09:26,160 [pool-55-thread-1] INFO  server.RaftServerConfigKeys (ConfUtils.java:logGet(44)) - raft.server.log.purge.upto.snapshot.index = false (default)
2021-09-22 01:09:26,160 [pool-55-thread-1] INFO  server.RaftServerConfigKeys (ConfUtils.java:logGet(44)) - raft.server.retrycache.expirytime = 600000ms (custom)
2021-09-22 01:09:26,160 [pool-55-thread-1] INFO  server.RaftServerConfigKeys (ConfUtils.java:logGet(44)) - raft.server.retrycache.statistics.expirytime = 100μs (default)
2021-09-22 01:09:26,163 [pool-55-thread-1] INFO  server.RaftServer$Division (RaftServerImpl.java:start(296)) - 5dfa4197-3b4e-4728-abf2-2d416eda6cfb@group-546008E63882: start as a follower, conf=-1: [5dfa4197-3b4e-4728-abf2-2d416eda6cfb|rpc:10.1.0.5:45155|priority:1], old=null
2021-09-22 01:09:26,166 [EventQueue-OpenPipelineForHealthyPipelineSafeModeRule] INFO  safemode.SCMSafeModeManager (HealthyPipelineSafeModeRule.java:process(124)) - SCM in safe mode. Healthy pipelines reported count is 0, required healthy pipeline reported count is 1
2021-09-22 01:09:26,170 [pool-55-thread-1] INFO  server.RaftServer$Division (RaftServerImpl.java:setRole(285)) - 5dfa4197-3b4e-4728-abf2-2d416eda6cfb@group-546008E63882: changes role from      null to FOLLOWER at term 0 for startAsFollower
2021-09-22 01:09:26,170 [pool-55-thread-1] INFO  impl.RoleInfo (RoleInfo.java:updateAndGet(130)) - 5dfa4197-3b4e-4728-abf2-2d416eda6cfb: start 5dfa4197-3b4e-4728-abf2-2d416eda6cfb@group-546008E63882-FollowerState
2021-09-22 01:09:26,170 [pool-55-thread-1] INFO  util.JmxRegister (JmxRegister.java:tryRegister(44)) - Successfully registered JMX Bean with object name Ratis:service=RaftServer,group=group-546008E63882,id=5dfa4197-3b4e-4728-abf2-2d416eda6cfb
2021-09-22 01:09:26,179 [Command processor thread] INFO  ratis.XceiverServerRatis (XceiverServerRatis.java:addGroup(762)) - Created group PipelineID=8abcbfeb-c1f0-424b-80d7-546008e63882
2021-09-22 01:09:26,180 [Command processor thread] INFO  commandhandler.CreatePipelineCommandHandler (CreatePipelineCommandHandler.java:handle(106)) - Created Pipeline RATIS ONE PipelineID=8abcbfeb-c1f0-424b-80d7-546008e63882.
2021-09-22 01:09:26,180 [Command processor thread] INFO  server.RaftServer (RaftServerProxy.java:addNew(95)) - 5dfa4197-3b4e-4728-abf2-2d416eda6cfb: addNew group-C62B115EB3BF:[e58ea0e2-171c-4fa7-a930-6c25c8dc249c|rpc:10.1.0.5:36231|priority:1, 9a2eaa79-e95b-45cd-b00f-a46126e2769a|rpc:10.1.0.5:42817|priority:0, 5dfa4197-3b4e-4728-abf2-2d416eda6cfb|rpc:10.1.0.5:45155|priority:0] returns group-C62B115EB3BF:java.util.concurrent.CompletableFuture@1a40578e[Not completed]
2021-09-22 01:09:26,181 [pool-55-thread-1] INFO  server.RaftServer$Division (RaftServerImpl.java:<init>(181)) - 5dfa4197-3b4e-4728-abf2-2d416eda6cfb: new RaftServerImpl for group-C62B115EB3BF:[e58ea0e2-171c-4fa7-a930-6c25c8dc249c|rpc:10.1.0.5:36231|priority:1, 9a2eaa79-e95b-45cd-b00f-a46126e2769a|rpc:10.1.0.5:42817|priority:0, 5dfa4197-3b4e-4728-abf2-2d416eda6cfb|rpc:10.1.0.5:45155|priority:0] with ContainerStateMachine:uninitialized
2021-09-22 01:09:26,181 [pool-55-thread-1] INFO  server.RaftServerConfigKeys (ConfUtils.java:logGet(44)) - raft.server.rpc.timeout.min = 5s (custom)
2021-09-22 01:09:26,181 [pool-55-thread-1] INFO  server.RaftServerConfigKeys (ConfUtils.java:logGet(44)) - raft.server.rpc.timeout.max = 5200ms (custom)
2021-09-22 01:09:26,182 [pool-55-thread-1] INFO  server.RaftServerConfigKeys (ConfUtils.java:logGet(44)) - raft.server.rpc.sleep.time = 25ms (default)
2021-09-22 01:09:26,182 [pool-55-thread-1] INFO  server.RaftServerConfigKeys (ConfUtils.java:logGet(44)) - raft.server.rpc.slowness.timeout = 300000ms (custom)
2021-09-22 01:09:26,182 [pool-55-thread-1] INFO  server.RaftServerConfigKeys (ConfUtils.java:logGet(44)) - raft.server.leaderelection.leader.step-down.wait-time = 10s (default)
2021-09-22 01:09:26,182 [pool-55-thread-1] INFO  server.RaftServerConfigKeys (ConfUtils.java:logGet(44)) - raft.server.sleep.deviation.threshold = 300ms (default)
2021-09-22 01:09:26,182 [pool-55-thread-1] INFO  server.RaftServerConfigKeys (ConfUtils.java:logGet(44)) - raft.server.log.appender.install.snapshot.enabled = false (custom)
2021-09-22 01:09:26,182 [pool-55-thread-1] INFO  server.RaftServer$Division (ServerState.java:<init>(105)) - 5dfa4197-3b4e-4728-abf2-2d416eda6cfb@group-C62B115EB3BF: ConfigurationManager, init=-1: [e58ea0e2-171c-4fa7-a930-6c25c8dc249c|rpc:10.1.0.5:36231|priority:1, 9a2eaa79-e95b-45cd-b00f-a46126e2769a|rpc:10.1.0.5:42817|priority:0, 5dfa4197-3b4e-4728-abf2-2d416eda6cfb|rpc:10.1.0.5:45155|priority:0], old=null, confs=<EMPTY_MAP>
2021-09-22 01:09:26,182 [pool-55-thread-1] INFO  server.RaftServerConfigKeys (ConfUtils.java:logGet(44)) - raft.server.storage.dir = [/home/runner/work/ozone/ozone/hadoop-ozone/integration-test/target/test-dir/MiniOzoneClusterImpl-25acc1c1-a8f2-4117-88d4-9d8f1e28eca9/datanode-0/data/ratis] (custom)
2021-09-22 01:09:26,182 [pool-55-thread-1] INFO  server.RaftServerConfigKeys (ConfUtils.java:logGet(44)) - raft.server.log.corruption.policy = EXCEPTION (default)
2021-09-22 01:09:26,182 [pool-55-thread-1] INFO  server.RaftServerConfigKeys (ConfUtils.java:logGet(44)) - raft.server.storage.free-space.min = 0MB (=0) (default)
2021-09-22 01:09:26,182 [pool-55-thread-1] INFO  storage.RaftStorageDirectory (RaftStorageDirectoryImpl.java:analyzeStorage(135)) - The storage directory /home/runner/work/ozone/ozone/hadoop-ozone/integration-test/target/test-dir/MiniOzoneClusterImpl-25acc1c1-a8f2-4117-88d4-9d8f1e28eca9/datanode-0/data/ratis/4f78cfb6-f575-4110-97bf-c62b115eb3bf does not exist. Creating ...
2021-09-22 01:09:26,184 [pool-55-thread-1] INFO  storage.RaftStorageDirectory (RaftStorageDirectoryImpl.java:tryLock(230)) - Lock on /home/runner/work/ozone/ozone/hadoop-ozone/integration-test/target/test-dir/MiniOzoneClusterImpl-25acc1c1-a8f2-4117-88d4-9d8f1e28eca9/datanode-0/data/ratis/4f78cfb6-f575-4110-97bf-c62b115eb3bf/in_use.lock acquired by nodename 21910@fv-az294-326
2021-09-22 01:09:26,185 [pool-55-thread-1] INFO  storage.RaftStorage (RaftStorageImpl.java:format(89)) - Storage directory /home/runner/work/ozone/ozone/hadoop-ozone/integration-test/target/test-dir/MiniOzoneClusterImpl-25acc1c1-a8f2-4117-88d4-9d8f1e28eca9/datanode-0/data/ratis/4f78cfb6-f575-4110-97bf-c62b115eb3bf has been successfully formatted.
2021-09-22 01:09:26,185 [pool-55-thread-1] INFO  ratis.ContainerStateMachine (ContainerStateMachine.java:loadSnapshot(224)) - group-C62B115EB3BF: The snapshot info is null. Setting the last applied indexto:(t:0, i:~)
2021-09-22 01:09:26,186 [pool-55-thread-1] INFO  server.RaftServerConfigKeys (ConfUtils.java:logGet(44)) - raft.server.notification.no-leader.timeout = 300000ms (custom)
2021-09-22 01:09:26,187 [EventQueue-OpenPipelineForHealthyPipelineSafeModeRule] INFO  safemode.SCMSafeModeManager (HealthyPipelineSafeModeRule.java:process(124)) - SCM in safe mode. Healthy pipelines reported count is 0, required healthy pipeline reported count is 1
2021-09-22 01:09:26,188 [pool-55-thread-1] INFO  server.RaftServerConfigKeys (ConfUtils.java:logGet(44)) - raft.server.log.use.memory = false (default)
2021-09-22 01:09:26,188 [pool-55-thread-1] INFO  server.RaftServerConfigKeys (ConfUtils.java:logGet(44)) - raft.server.log.purge.gap = 1000000 (custom)
2021-09-22 01:09:26,188 [pool-55-thread-1] INFO  server.RaftServerConfigKeys (ConfUtils.java:logGet(44)) - raft.server.log.appender.buffer.byte-limit = 33554432 (custom)
2021-09-22 01:09:26,189 [pool-55-thread-1] INFO  server.RaftServerConfigKeys (ConfUtils.java:logGet(44)) - raft.server.log.segment.size.max = 1048576 (custom)
2021-09-22 01:09:26,190 [pool-55-thread-1] INFO  server.RaftServerConfigKeys (ConfUtils.java:logGet(44)) - raft.server.log.segment.cache.num.max = 2 (custom)
2021-09-22 01:09:26,191 [pool-55-thread-1] INFO  server.RaftServerConfigKeys (ConfUtils.java:logGet(44)) - raft.server.log.segment.cache.size.max = 200MB (=209715200) (default)
2021-09-22 01:09:26,191 [pool-55-thread-1] INFO  segmented.SegmentedRaftLogWorker (SegmentedRaftLogWorker.java:<init>(182)) - new 5dfa4197-3b4e-4728-abf2-2d416eda6cfb@group-C62B115EB3BF-SegmentedRaftLogWorker for RaftStorageImpl:Storage Directory /home/runner/work/ozone/ozone/hadoop-ozone/integration-test/target/test-dir/MiniOzoneClusterImpl-25acc1c1-a8f2-4117-88d4-9d8f1e28eca9/datanode-0/data/ratis/4f78cfb6-f575-4110-97bf-c62b115eb3bf
2021-09-22 01:09:26,192 [pool-55-thread-1] INFO  server.RaftServerConfigKeys (ConfUtils.java:logGet(44)) - raft.server.log.queue.byte-limit = 2147483647 (custom)
2021-09-22 01:09:26,192 [pool-55-thread-1] INFO  server.RaftServerConfigKeys (ConfUtils.java:logGet(44)) - raft.server.log.queue.element-limit = 1024 (custom)
2021-09-22 01:09:26,192 [pool-55-thread-1] INFO  server.RaftServerConfigKeys (ConfUtils.java:logGet(44)) - raft.server.log.segment.size.max = 1048576 (custom)
2021-09-22 01:09:26,192 [pool-55-thread-1] INFO  server.RaftServerConfigKeys (ConfUtils.java:logGet(44)) - raft.server.log.preallocated.size = 16384 (custom)
2021-09-22 01:09:26,192 [pool-55-thread-1] INFO  server.RaftServerConfigKeys (ConfUtils.java:logGet(44)) - raft.server.log.force.sync.num = 128 (default)
2021-09-22 01:09:26,192 [pool-55-thread-1] INFO  server.RaftServerConfigKeys (ConfUtils.java:logGet(44)) - raft.server.log.statemachine.data.sync = true (default)
2021-09-22 01:09:26,192 [pool-55-thread-1] INFO  server.RaftServerConfigKeys (ConfUtils.java:logGet(44)) - raft.server.log.statemachine.data.sync.timeout = 10s (default)
2021-09-22 01:09:26,192 [pool-55-thread-1] INFO  server.RaftServerConfigKeys (ConfUtils.java:logGet(44)) - raft.server.log.statemachine.data.sync.timeout.retry = -1 (default)
2021-09-22 01:09:26,195 [pool-55-thread-1] INFO  server.RaftServerConfigKeys (ConfUtils.java:logGet(44)) - raft.server.log.write.buffer.size = 1048576 (custom)
2021-09-22 01:09:26,199 [pool-55-thread-1] INFO  server.RaftServerConfigKeys (ConfUtils.java:logGet(44)) - raft.server.log.statemachine.data.caching.enabled = true (custom)
2021-09-22 01:09:26,199 [pool-55-thread-1] INFO  segmented.SegmentedRaftLogWorker (SegmentedRaftLogWorker.java:lambda$new$0(133)) - 5dfa4197-3b4e-4728-abf2-2d416eda6cfb@group-C62B115EB3BF-SegmentedRaftLogWorker: flushIndex: setUnconditionally 0 -> -1
2021-09-22 01:09:26,199 [pool-55-thread-1] INFO  segmented.SegmentedRaftLogWorker (SegmentedRaftLogWorker.java:lambda$new$0(133)) - 5dfa4197-3b4e-4728-abf2-2d416eda6cfb@group-C62B115EB3BF-SegmentedRaftLogWorker: safeCacheEvictIndex: setUnconditionally 0 -> -1
2021-09-22 01:09:26,199 [pool-55-thread-1] INFO  server.RaftServerConfigKeys (ConfUtils.java:logGet(44)) - raft.server.snapshot.auto.trigger.enabled = true (custom)
2021-09-22 01:09:26,200 [pool-55-thread-1] INFO  server.RaftServerConfigKeys (ConfUtils.java:logGet(44)) - raft.server.snapshot.auto.trigger.threshold = 10000 (custom)
2021-09-22 01:09:26,200 [pool-55-thread-1] INFO  server.RaftServerConfigKeys (ConfUtils.java:logGet(44)) - raft.server.snapshot.retention.file.num = 5 (custom)
2021-09-22 01:09:26,200 [pool-55-thread-1] INFO  server.RaftServerConfigKeys (ConfUtils.java:logGet(44)) - raft.server.log.purge.upto.snapshot.index = false (default)
2021-09-22 01:09:26,200 [pool-55-thread-1] INFO  server.RaftServerConfigKeys (ConfUtils.java:logGet(44)) - raft.server.retrycache.expirytime = 600000ms (custom)
2021-09-22 01:09:26,200 [pool-55-thread-1] INFO  server.RaftServerConfigKeys (ConfUtils.java:logGet(44)) - raft.server.retrycache.statistics.expirytime = 100μs (default)
2021-09-22 01:09:26,202 [pool-55-thread-1] INFO  server.RaftServer$Division (RaftServerImpl.java:start(296)) - 5dfa4197-3b4e-4728-abf2-2d416eda6cfb@group-C62B115EB3BF: start as a follower, conf=-1: [e58ea0e2-171c-4fa7-a930-6c25c8dc249c|rpc:10.1.0.5:36231|priority:1, 9a2eaa79-e95b-45cd-b00f-a46126e2769a|rpc:10.1.0.5:42817|priority:0, 5dfa4197-3b4e-4728-abf2-2d416eda6cfb|rpc:10.1.0.5:45155|priority:0], old=null
2021-09-22 01:09:26,205 [pool-55-thread-1] INFO  server.RaftServer$Division (RaftServerImpl.java:setRole(285)) - 5dfa4197-3b4e-4728-abf2-2d416eda6cfb@group-C62B115EB3BF: changes role from      null to FOLLOWER at term 0 for startAsFollower
2021-09-22 01:09:26,205 [pool-55-thread-1] INFO  impl.RoleInfo (RoleInfo.java:updateAndGet(130)) - 5dfa4197-3b4e-4728-abf2-2d416eda6cfb: start 5dfa4197-3b4e-4728-abf2-2d416eda6cfb@group-C62B115EB3BF-FollowerState
2021-09-22 01:09:26,206 [pool-55-thread-1] INFO  util.JmxRegister (JmxRegister.java:tryRegister(44)) - Successfully registered JMX Bean with object name Ratis:service=RaftServer,group=group-C62B115EB3BF,id=5dfa4197-3b4e-4728-abf2-2d416eda6cfb
2021-09-22 01:09:26,209 [Command processor thread] INFO  ratis.XceiverServerRatis (XceiverServerRatis.java:addGroup(762)) - Created group PipelineID=4f78cfb6-f575-4110-97bf-c62b115eb3bf
2021-09-22 01:09:26,354 [Command processor thread] INFO  server.RaftServer (RaftServerProxy.java:addNew(95)) - e58ea0e2-171c-4fa7-a930-6c25c8dc249c: addNew group-12A76C11AE81:[e58ea0e2-171c-4fa7-a930-6c25c8dc249c|rpc:10.1.0.5:36231|priority:1] returns group-12A76C11AE81:java.util.concurrent.CompletableFuture@7efa7c7b[Not completed]
2021-09-22 01:09:26,361 [pool-74-thread-1] INFO  server.RaftServer$Division (RaftServerImpl.java:<init>(181)) - e58ea0e2-171c-4fa7-a930-6c25c8dc249c: new RaftServerImpl for group-12A76C11AE81:[e58ea0e2-171c-4fa7-a930-6c25c8dc249c|rpc:10.1.0.5:36231|priority:1] with ContainerStateMachine:uninitialized
2021-09-22 01:09:26,362 [pool-74-thread-1] INFO  server.RaftServerConfigKeys (ConfUtils.java:logGet(44)) - raft.server.rpc.timeout.min = 5s (custom)
2021-09-22 01:09:26,363 [pool-74-thread-1] INFO  server.RaftServerConfigKeys (ConfUtils.java:logGet(44)) - raft.server.rpc.timeout.max = 5200ms (custom)
2021-09-22 01:09:26,363 [pool-74-thread-1] INFO  server.RaftServerConfigKeys (ConfUtils.java:logGet(44)) - raft.server.rpc.sleep.time = 25ms (default)
2021-09-22 01:09:26,363 [pool-74-thread-1] INFO  server.RaftServerConfigKeys (ConfUtils.java:logGet(44)) - raft.server.rpc.slowness.timeout = 300000ms (custom)
2021-09-22 01:09:26,363 [pool-74-thread-1] INFO  server.RaftServerConfigKeys (ConfUtils.java:logGet(44)) - raft.server.leaderelection.leader.step-down.wait-time = 10s (default)
2021-09-22 01:09:26,363 [pool-74-thread-1] INFO  server.RaftServerConfigKeys (ConfUtils.java:logGet(44)) - raft.server.sleep.deviation.threshold = 300ms (default)
2021-09-22 01:09:26,363 [pool-74-thread-1] INFO  server.RaftServerConfigKeys (ConfUtils.java:logGet(44)) - raft.server.log.appender.install.snapshot.enabled = false (custom)
2021-09-22 01:09:26,363 [pool-74-thread-1] INFO  server.RaftServer$Division (ServerState.java:<init>(105)) - e58ea0e2-171c-4fa7-a930-6c25c8dc249c@group-12A76C11AE81: ConfigurationManager, init=-1: [e58ea0e2-171c-4fa7-a930-6c25c8dc249c|rpc:10.1.0.5:36231|priority:1], old=null, confs=<EMPTY_MAP>
2021-09-22 01:09:26,363 [pool-74-thread-1] INFO  server.RaftServerConfigKeys (ConfUtils.java:logGet(44)) - raft.server.storage.dir = [/home/runner/work/ozone/ozone/hadoop-ozone/integration-test/target/test-dir/MiniOzoneClusterImpl-25acc1c1-a8f2-4117-88d4-9d8f1e28eca9/datanode-1/data/ratis] (custom)
2021-09-22 01:09:26,363 [pool-74-thread-1] INFO  server.RaftServerConfigKeys (ConfUtils.java:logGet(44)) - raft.server.log.corruption.policy = EXCEPTION (default)
2021-09-22 01:09:26,363 [pool-74-thread-1] INFO  server.RaftServerConfigKeys (ConfUtils.java:logGet(44)) - raft.server.storage.free-space.min = 0MB (=0) (default)
2021-09-22 01:09:26,363 [pool-74-thread-1] INFO  storage.RaftStorageDirectory (RaftStorageDirectoryImpl.java:analyzeStorage(135)) - The storage directory /home/runner/work/ozone/ozone/hadoop-ozone/integration-test/target/test-dir/MiniOzoneClusterImpl-25acc1c1-a8f2-4117-88d4-9d8f1e28eca9/datanode-1/data/ratis/61082ebc-df4a-49b7-95bf-12a76c11ae81 does not exist. Creating ...
2021-09-22 01:09:26,365 [pool-74-thread-1] INFO  storage.RaftStorageDirectory (RaftStorageDirectoryImpl.java:tryLock(230)) - Lock on /home/runner/work/ozone/ozone/hadoop-ozone/integration-test/target/test-dir/MiniOzoneClusterImpl-25acc1c1-a8f2-4117-88d4-9d8f1e28eca9/datanode-1/data/ratis/61082ebc-df4a-49b7-95bf-12a76c11ae81/in_use.lock acquired by nodename 21910@fv-az294-326
2021-09-22 01:09:26,366 [pool-74-thread-1] INFO  storage.RaftStorage (RaftStorageImpl.java:format(89)) - Storage directory /home/runner/work/ozone/ozone/hadoop-ozone/integration-test/target/test-dir/MiniOzoneClusterImpl-25acc1c1-a8f2-4117-88d4-9d8f1e28eca9/datanode-1/data/ratis/61082ebc-df4a-49b7-95bf-12a76c11ae81 has been successfully formatted.
2021-09-22 01:09:26,366 [pool-74-thread-1] INFO  ratis.ContainerStateMachine (ContainerStateMachine.java:loadSnapshot(224)) - group-12A76C11AE81: The snapshot info is null. Setting the last applied indexto:(t:0, i:~)
2021-09-22 01:09:26,370 [pool-74-thread-1] INFO  server.RaftServerConfigKeys (ConfUtils.java:logGet(44)) - raft.server.notification.no-leader.timeout = 300000ms (custom)
2021-09-22 01:09:26,370 [pool-74-thread-1] INFO  server.RaftServerConfigKeys (ConfUtils.java:logGet(44)) - raft.server.log.use.memory = false (default)
2021-09-22 01:09:26,370 [pool-74-thread-1] INFO  server.RaftServerConfigKeys (ConfUtils.java:logGet(44)) - raft.server.log.purge.gap = 1000000 (custom)
2021-09-22 01:09:26,370 [pool-74-thread-1] INFO  server.RaftServerConfigKeys (ConfUtils.java:logGet(44)) - raft.server.log.appender.buffer.byte-limit = 33554432 (custom)
2021-09-22 01:09:26,370 [pool-74-thread-1] INFO  server.RaftServerConfigKeys (ConfUtils.java:logGet(44)) - raft.server.log.segment.size.max = 1048576 (custom)
2021-09-22 01:09:26,371 [pool-74-thread-1] INFO  server.RaftServerConfigKeys (ConfUtils.java:logGet(44)) - raft.server.log.segment.cache.num.max = 2 (custom)
2021-09-22 01:09:26,371 [pool-74-thread-1] INFO  server.RaftServerConfigKeys (ConfUtils.java:logGet(44)) - raft.server.log.segment.cache.size.max = 200MB (=209715200) (default)
2021-09-22 01:09:26,371 [pool-74-thread-1] INFO  segmented.SegmentedRaftLogWorker (SegmentedRaftLogWorker.java:<init>(182)) - new e58ea0e2-171c-4fa7-a930-6c25c8dc249c@group-12A76C11AE81-SegmentedRaftLogWorker for RaftStorageImpl:Storage Directory /home/runner/work/ozone/ozone/hadoop-ozone/integration-test/target/test-dir/MiniOzoneClusterImpl-25acc1c1-a8f2-4117-88d4-9d8f1e28eca9/datanode-1/data/ratis/61082ebc-df4a-49b7-95bf-12a76c11ae81
2021-09-22 01:09:26,371 [pool-74-thread-1] INFO  server.RaftServerConfigKeys (ConfUtils.java:logGet(44)) - raft.server.log.queue.byte-limit = 2147483647 (custom)
2021-09-22 01:09:26,371 [pool-74-thread-1] INFO  server.RaftServerConfigKeys (ConfUtils.java:logGet(44)) - raft.server.log.queue.element-limit = 1024 (custom)
2021-09-22 01:09:26,371 [pool-74-thread-1] INFO  server.RaftServerConfigKeys (ConfUtils.java:logGet(44)) - raft.server.log.segment.size.max = 1048576 (custom)
2021-09-22 01:09:26,371 [pool-74-thread-1] INFO  server.RaftServerConfigKeys (ConfUtils.java:logGet(44)) - raft.server.log.preallocated.size = 16384 (custom)
2021-09-22 01:09:26,371 [pool-74-thread-1] INFO  server.RaftServerConfigKeys (ConfUtils.java:logGet(44)) - raft.server.log.force.sync.num = 128 (default)
2021-09-22 01:09:26,371 [pool-74-thread-1] INFO  server.RaftServerConfigKeys (ConfUtils.java:logGet(44)) - raft.server.log.statemachine.data.sync = true (default)
2021-09-22 01:09:26,371 [pool-74-thread-1] INFO  server.RaftServerConfigKeys (ConfUtils.java:logGet(44)) - raft.server.log.statemachine.data.sync.timeout = 10s (default)
2021-09-22 01:09:26,371 [pool-74-thread-1] INFO  server.RaftServerConfigKeys (ConfUtils.java:logGet(44)) - raft.server.log.statemachine.data.sync.timeout.retry = -1 (default)
2021-09-22 01:09:26,373 [pool-74-thread-1] INFO  server.RaftServerConfigKeys (ConfUtils.java:logGet(44)) - raft.server.log.write.buffer.size = 1048576 (custom)
2021-09-22 01:09:26,373 [pool-74-thread-1] INFO  server.RaftServerConfigKeys (ConfUtils.java:logGet(44)) - raft.server.log.statemachine.data.caching.enabled = true (custom)
2021-09-22 01:09:26,373 [pool-74-thread-1] INFO  segmented.SegmentedRaftLogWorker (SegmentedRaftLogWorker.java:lambda$new$0(133)) - e58ea0e2-171c-4fa7-a930-6c25c8dc249c@group-12A76C11AE81-SegmentedRaftLogWorker: flushIndex: setUnconditionally 0 -> -1
2021-09-22 01:09:26,373 [pool-74-thread-1] INFO  segmented.SegmentedRaftLogWorker (SegmentedRaftLogWorker.java:lambda$new$0(133)) - e58ea0e2-171c-4fa7-a930-6c25c8dc249c@group-12A76C11AE81-SegmentedRaftLogWorker: safeCacheEvictIndex: setUnconditionally 0 -> -1
2021-09-22 01:09:26,377 [pool-74-thread-1] INFO  server.RaftServerConfigKeys (ConfUtils.java:logGet(44)) - raft.server.snapshot.auto.trigger.enabled = true (custom)
2021-09-22 01:09:26,377 [pool-74-thread-1] INFO  server.RaftServerConfigKeys (ConfUtils.java:logGet(44)) - raft.server.snapshot.auto.trigger.threshold = 10000 (custom)
2021-09-22 01:09:26,377 [pool-74-thread-1] INFO  server.RaftServerConfigKeys (ConfUtils.java:logGet(44)) - raft.server.snapshot.retention.file.num = 5 (custom)
2021-09-22 01:09:26,377 [pool-74-thread-1] INFO  server.RaftServerConfigKeys (ConfUtils.java:logGet(44)) - raft.server.log.purge.upto.snapshot.index = false (default)
2021-09-22 01:09:26,377 [pool-74-thread-1] INFO  server.RaftServerConfigKeys (ConfUtils.java:logGet(44)) - raft.server.retrycache.expirytime = 600000ms (custom)
2021-09-22 01:09:26,377 [pool-74-thread-1] INFO  server.RaftServerConfigKeys (ConfUtils.java:logGet(44)) - raft.server.retrycache.statistics.expirytime = 100μs (default)
2021-09-22 01:09:26,378 [EventQueue-PipelineReportForPipelineReportHandler] INFO  pipeline.PipelineManagerImpl (PipelineManagerImpl.java:openPipeline(282)) - Pipeline Pipeline[ Id: 61082ebc-df4a-49b7-95bf-12a76c11ae81, Nodes: e58ea0e2-171c-4fa7-a930-6c25c8dc249c{ip: 10.1.0.5, host: fv-az294-326.eaanfquahm5ulb5tj050gcxych.jx.internal.cloudapp.net, ports: [REPLICATION=44987, RATIS=36231, RATIS_ADMIN=36231, RATIS_SERVER=36231, STANDALONE=33533], networkLocation: /default-rack, certSerialId: null, persistedOpState: IN_SERVICE, persistedOpStateExpiryEpochSec: 0}, ReplicationConfig: RATIS/ONE, State:ALLOCATED, leaderId:e58ea0e2-171c-4fa7-a930-6c25c8dc249c, CreationTimestamp2021-09-22T01:09:23.360Z[Etc/UTC]] moved to OPEN state
2021-09-22 01:09:26,379 [pool-74-thread-1] INFO  server.RaftServer$Division (RaftServerImpl.java:start(296)) - e58ea0e2-171c-4fa7-a930-6c25c8dc249c@group-12A76C11AE81: start as a follower, conf=-1: [e58ea0e2-171c-4fa7-a930-6c25c8dc249c|rpc:10.1.0.5:36231|priority:1], old=null
2021-09-22 01:09:26,379 [pool-74-thread-1] INFO  server.RaftServer$Division (RaftServerImpl.java:setRole(285)) - e58ea0e2-171c-4fa7-a930-6c25c8dc249c@group-12A76C11AE81: changes role from      null to FOLLOWER at term 0 for startAsFollower
2021-09-22 01:09:26,380 [EventQueue-OpenPipelineForHealthyPipelineSafeModeRule] INFO  safemode.SCMSafeModeManager (HealthyPipelineSafeModeRule.java:process(124)) - SCM in safe mode. Healthy pipelines reported count is 0, required healthy pipeline reported count is 1
2021-09-22 01:09:26,390 [pool-74-thread-1] INFO  impl.RoleInfo (RoleInfo.java:updateAndGet(130)) - e58ea0e2-171c-4fa7-a930-6c25c8dc249c: start e58ea0e2-171c-4fa7-a930-6c25c8dc249c@group-12A76C11AE81-FollowerState
2021-09-22 01:09:26,391 [pool-74-thread-1] INFO  util.JmxRegister (JmxRegister.java:tryRegister(44)) - Successfully registered JMX Bean with object name Ratis:service=RaftServer,group=group-12A76C11AE81,id=e58ea0e2-171c-4fa7-a930-6c25c8dc249c
2021-09-22 01:09:26,394 [Command processor thread] INFO  ratis.XceiverServerRatis (XceiverServerRatis.java:addGroup(762)) - Created group PipelineID=61082ebc-df4a-49b7-95bf-12a76c11ae81
2021-09-22 01:09:26,394 [Command processor thread] INFO  commandhandler.CreatePipelineCommandHandler (CreatePipelineCommandHandler.java:handle(106)) - Created Pipeline RATIS ONE PipelineID=61082ebc-df4a-49b7-95bf-12a76c11ae81.
2021-09-22 01:09:26,396 [Command processor thread] INFO  server.RaftServer (RaftServerProxy.java:addNew(95)) - e58ea0e2-171c-4fa7-a930-6c25c8dc249c: addNew group-C62B115EB3BF:[e58ea0e2-171c-4fa7-a930-6c25c8dc249c|rpc:10.1.0.5:36231|priority:1, 9a2eaa79-e95b-45cd-b00f-a46126e2769a|rpc:10.1.0.5:42817|priority:0, 5dfa4197-3b4e-4728-abf2-2d416eda6cfb|rpc:10.1.0.5:45155|priority:0] returns group-C62B115EB3BF:java.util.concurrent.CompletableFuture@7ac5f77c[Not completed]
2021-09-22 01:09:26,397 [pool-74-thread-1] INFO  server.RaftServer$Division (RaftServerImpl.java:<init>(181)) - e58ea0e2-171c-4fa7-a930-6c25c8dc249c: new RaftServerImpl for group-C62B115EB3BF:[e58ea0e2-171c-4fa7-a930-6c25c8dc249c|rpc:10.1.0.5:36231|priority:1, 9a2eaa79-e95b-45cd-b00f-a46126e2769a|rpc:10.1.0.5:42817|priority:0, 5dfa4197-3b4e-4728-abf2-2d416eda6cfb|rpc:10.1.0.5:45155|priority:0] with ContainerStateMachine:uninitialized
2021-09-22 01:09:26,397 [pool-74-thread-1] INFO  server.RaftServerConfigKeys (ConfUtils.java:logGet(44)) - raft.server.rpc.timeout.min = 5s (custom)
2021-09-22 01:09:26,397 [pool-74-thread-1] INFO  server.RaftServerConfigKeys (ConfUtils.java:logGet(44)) - raft.server.rpc.timeout.max = 5200ms (custom)
2021-09-22 01:09:26,397 [pool-74-thread-1] INFO  server.RaftServerConfigKeys (ConfUtils.java:logGet(44)) - raft.server.rpc.sleep.time = 25ms (default)
2021-09-22 01:09:26,397 [pool-74-thread-1] INFO  server.RaftServerConfigKeys (ConfUtils.java:logGet(44)) - raft.server.rpc.slowness.timeout = 300000ms (custom)
2021-09-22 01:09:26,397 [pool-74-thread-1] INFO  server.RaftServerConfigKeys (ConfUtils.java:logGet(44)) - raft.server.leaderelection.leader.step-down.wait-time = 10s (default)
2021-09-22 01:09:26,398 [pool-74-thread-1] INFO  server.RaftServerConfigKeys (ConfUtils.java:logGet(44)) - raft.server.sleep.deviation.threshold = 300ms (default)
2021-09-22 01:09:26,398 [pool-74-thread-1] INFO  server.RaftServerConfigKeys (ConfUtils.java:logGet(44)) - raft.server.log.appender.install.snapshot.enabled = false (custom)
2021-09-22 01:09:26,398 [pool-74-thread-1] INFO  server.RaftServer$Division (ServerState.java:<init>(105)) - e58ea0e2-171c-4fa7-a930-6c25c8dc249c@group-C62B115EB3BF: ConfigurationManager, init=-1: [e58ea0e2-171c-4fa7-a930-6c25c8dc249c|rpc:10.1.0.5:36231|priority:1, 9a2eaa79-e95b-45cd-b00f-a46126e2769a|rpc:10.1.0.5:42817|priority:0, 5dfa4197-3b4e-4728-abf2-2d416eda6cfb|rpc:10.1.0.5:45155|priority:0], old=null, confs=<EMPTY_MAP>
2021-09-22 01:09:26,398 [pool-74-thread-1] INFO  server.RaftServerConfigKeys (ConfUtils.java:logGet(44)) - raft.server.storage.dir = [/home/runner/work/ozone/ozone/hadoop-ozone/integration-test/target/test-dir/MiniOzoneClusterImpl-25acc1c1-a8f2-4117-88d4-9d8f1e28eca9/datanode-1/data/ratis] (custom)
2021-09-22 01:09:26,398 [pool-74-thread-1] INFO  server.RaftServerConfigKeys (ConfUtils.java:logGet(44)) - raft.server.log.corruption.policy = EXCEPTION (default)
2021-09-22 01:09:26,398 [pool-74-thread-1] INFO  server.RaftServerConfigKeys (ConfUtils.java:logGet(44)) - raft.server.storage.free-space.min = 0MB (=0) (default)
2021-09-22 01:09:26,398 [pool-74-thread-1] INFO  storage.RaftStorageDirectory (RaftStorageDirectoryImpl.java:analyzeStorage(135)) - The storage directory /home/runner/work/ozone/ozone/hadoop-ozone/integration-test/target/test-dir/MiniOzoneClusterImpl-25acc1c1-a8f2-4117-88d4-9d8f1e28eca9/datanode-1/data/ratis/4f78cfb6-f575-4110-97bf-c62b115eb3bf does not exist. Creating ...
2021-09-22 01:09:26,401 [pool-74-thread-1] INFO  storage.RaftStorageDirectory (RaftStorageDirectoryImpl.java:tryLock(230)) - Lock on /home/runner/work/ozone/ozone/hadoop-ozone/integration-test/target/test-dir/MiniOzoneClusterImpl-25acc1c1-a8f2-4117-88d4-9d8f1e28eca9/datanode-1/data/ratis/4f78cfb6-f575-4110-97bf-c62b115eb3bf/in_use.lock acquired by nodename 21910@fv-az294-326
2021-09-22 01:09:26,402 [pool-74-thread-1] INFO  storage.RaftStorage (RaftStorageImpl.java:format(89)) - Storage directory /home/runner/work/ozone/ozone/hadoop-ozone/integration-test/target/test-dir/MiniOzoneClusterImpl-25acc1c1-a8f2-4117-88d4-9d8f1e28eca9/datanode-1/data/ratis/4f78cfb6-f575-4110-97bf-c62b115eb3bf has been successfully formatted.
2021-09-22 01:09:26,403 [pool-74-thread-1] INFO  ratis.ContainerStateMachine (ContainerStateMachine.java:loadSnapshot(224)) - group-C62B115EB3BF: The snapshot info is null. Setting the last applied indexto:(t:0, i:~)
2021-09-22 01:09:26,403 [pool-74-thread-1] INFO  server.RaftServerConfigKeys (ConfUtils.java:logGet(44)) - raft.server.notification.no-leader.timeout = 300000ms (custom)
2021-09-22 01:09:26,403 [pool-74-thread-1] INFO  server.RaftServerConfigKeys (ConfUtils.java:logGet(44)) - raft.server.log.use.memory = false (default)
2021-09-22 01:09:26,403 [pool-74-thread-1] INFO  server.RaftServerConfigKeys (ConfUtils.java:logGet(44)) - raft.server.log.purge.gap = 1000000 (custom)
2021-09-22 01:09:26,403 [pool-74-thread-1] INFO  server.RaftServerConfigKeys (ConfUtils.java:logGet(44)) - raft.server.log.appender.buffer.byte-limit = 33554432 (custom)
2021-09-22 01:09:26,404 [pool-74-thread-1] INFO  server.RaftServerConfigKeys (ConfUtils.java:logGet(44)) - raft.server.log.segment.size.max = 1048576 (custom)
2021-09-22 01:09:26,404 [pool-74-thread-1] INFO  server.RaftServerConfigKeys (ConfUtils.java:logGet(44)) - raft.server.log.segment.cache.num.max = 2 (custom)
2021-09-22 01:09:26,411 [pool-74-thread-1] INFO  server.RaftServerConfigKeys (ConfUtils.java:logGet(44)) - raft.server.log.segment.cache.size.max = 200MB (=209715200) (default)
2021-09-22 01:09:26,411 [pool-74-thread-1] INFO  segmented.SegmentedRaftLogWorker (SegmentedRaftLogWorker.java:<init>(182)) - new e58ea0e2-171c-4fa7-a930-6c25c8dc249c@group-C62B115EB3BF-SegmentedRaftLogWorker for RaftStorageImpl:Storage Directory /home/runner/work/ozone/ozone/hadoop-ozone/integration-test/target/test-dir/MiniOzoneClusterImpl-25acc1c1-a8f2-4117-88d4-9d8f1e28eca9/datanode-1/data/ratis/4f78cfb6-f575-4110-97bf-c62b115eb3bf
2021-09-22 01:09:26,411 [pool-74-thread-1] INFO  server.RaftServerConfigKeys (ConfUtils.java:logGet(44)) - raft.server.log.queue.byte-limit = 2147483647 (custom)
2021-09-22 01:09:26,411 [pool-74-thread-1] INFO  server.RaftServerConfigKeys (ConfUtils.java:logGet(44)) - raft.server.log.queue.element-limit = 1024 (custom)
2021-09-22 01:09:26,411 [pool-74-thread-1] INFO  server.RaftServerConfigKeys (ConfUtils.java:logGet(44)) - raft.server.log.segment.size.max = 1048576 (custom)
2021-09-22 01:09:26,411 [pool-74-thread-1] INFO  server.RaftServerConfigKeys (ConfUtils.java:logGet(44)) - raft.server.log.preallocated.size = 16384 (custom)
2021-09-22 01:09:26,411 [pool-74-thread-1] INFO  server.RaftServerConfigKeys (ConfUtils.java:logGet(44)) - raft.server.log.force.sync.num = 128 (default)
2021-09-22 01:09:26,413 [pool-74-thread-1] INFO  server.RaftServerConfigKeys (ConfUtils.java:logGet(44)) - raft.server.log.statemachine.data.sync = true (default)
2021-09-22 01:09:26,413 [pool-74-thread-1] INFO  server.RaftServerConfigKeys (ConfUtils.java:logGet(44)) - raft.server.log.statemachine.data.sync.timeout = 10s (default)
2021-09-22 01:09:26,414 [pool-74-thread-1] INFO  server.RaftServerConfigKeys (ConfUtils.java:logGet(44)) - raft.server.log.statemachine.data.sync.timeout.retry = -1 (default)
2021-09-22 01:09:26,415 [pool-74-thread-1] INFO  server.RaftServerConfigKeys (ConfUtils.java:logGet(44)) - raft.server.log.write.buffer.size = 1048576 (custom)
2021-09-22 01:09:26,415 [pool-74-thread-1] INFO  server.RaftServerConfigKeys (ConfUtils.java:logGet(44)) - raft.server.log.statemachine.data.caching.enabled = true (custom)
2021-09-22 01:09:26,416 [pool-74-thread-1] INFO  segmented.SegmentedRaftLogWorker (SegmentedRaftLogWorker.java:lambda$new$0(133)) - e58ea0e2-171c-4fa7-a930-6c25c8dc249c@group-C62B115EB3BF-SegmentedRaftLogWorker: flushIndex: setUnconditionally 0 -> -1
2021-09-22 01:09:26,416 [pool-74-thread-1] INFO  segmented.SegmentedRaftLogWorker (SegmentedRaftLogWorker.java:lambda$new$0(133)) - e58ea0e2-171c-4fa7-a930-6c25c8dc249c@group-C62B115EB3BF-SegmentedRaftLogWorker: safeCacheEvictIndex: setUnconditionally 0 -> -1
2021-09-22 01:09:26,426 [pool-74-thread-1] INFO  server.RaftServerConfigKeys (ConfUtils.java:logGet(44)) - raft.server.snapshot.auto.trigger.enabled = true (custom)
2021-09-22 01:09:26,426 [pool-74-thread-1] INFO  server.RaftServerConfigKeys (ConfUtils.java:logGet(44)) - raft.server.snapshot.auto.trigger.threshold = 10000 (custom)
2021-09-22 01:09:26,426 [pool-74-thread-1] INFO  server.RaftServerConfigKeys (ConfUtils.java:logGet(44)) - raft.server.snapshot.retention.file.num = 5 (custom)
2021-09-22 01:09:26,427 [pool-74-thread-1] INFO  server.RaftServerConfigKeys (ConfUtils.java:logGet(44)) - raft.server.log.purge.upto.snapshot.index = false (default)
2021-09-22 01:09:26,427 [pool-74-thread-1] INFO  server.RaftServerConfigKeys (ConfUtils.java:logGet(44)) - raft.server.retrycache.expirytime = 600000ms (custom)
2021-09-22 01:09:26,427 [pool-74-thread-1] INFO  server.RaftServerConfigKeys (ConfUtils.java:logGet(44)) - raft.server.retrycache.statistics.expirytime = 100μs (default)
2021-09-22 01:09:26,428 [pool-74-thread-1] INFO  server.RaftServer$Division (RaftServerImpl.java:start(296)) - e58ea0e2-171c-4fa7-a930-6c25c8dc249c@group-C62B115EB3BF: start as a follower, conf=-1: [e58ea0e2-171c-4fa7-a930-6c25c8dc249c|rpc:10.1.0.5:36231|priority:1, 9a2eaa79-e95b-45cd-b00f-a46126e2769a|rpc:10.1.0.5:42817|priority:0, 5dfa4197-3b4e-4728-abf2-2d416eda6cfb|rpc:10.1.0.5:45155|priority:0], old=null
2021-09-22 01:09:26,431 [EventQueue-OpenPipelineForHealthyPipelineSafeModeRule] INFO  safemode.SCMSafeModeManager (HealthyPipelineSafeModeRule.java:process(124)) - SCM in safe mode. Healthy pipelines reported count is 0, required healthy pipeline reported count is 1
2021-09-22 01:09:26,446 [pool-74-thread-1] INFO  server.RaftServer$Division (RaftServerImpl.java:setRole(285)) - e58ea0e2-171c-4fa7-a930-6c25c8dc249c@group-C62B115EB3BF: changes role from      null to FOLLOWER at term 0 for startAsFollower
2021-09-22 01:09:26,446 [pool-74-thread-1] INFO  impl.RoleInfo (RoleInfo.java:updateAndGet(130)) - e58ea0e2-171c-4fa7-a930-6c25c8dc249c: start e58ea0e2-171c-4fa7-a930-6c25c8dc249c@group-C62B115EB3BF-FollowerState
2021-09-22 01:09:26,454 [pool-74-thread-1] INFO  util.JmxRegister (JmxRegister.java:tryRegister(44)) - Successfully registered JMX Bean with object name Ratis:service=RaftServer,group=group-C62B115EB3BF,id=e58ea0e2-171c-4fa7-a930-6c25c8dc249c
2021-09-22 01:09:26,454 [Command processor thread] INFO  ratis.XceiverServerRatis (XceiverServerRatis.java:addGroup(762)) - Created group PipelineID=4f78cfb6-f575-4110-97bf-c62b115eb3bf
2021-09-22 01:09:26,662 [Listener at 127.0.0.1/44817] INFO  ozone.MiniOzoneClusterImpl (MiniOzoneClusterImpl.java:lambda$waitForClusterToBeReady$0(235)) - Nodes are ready. Got 7 of 7 DN Heartbeats.
2021-09-22 01:09:26,662 [Listener at 127.0.0.1/44817] INFO  ozone.MiniOzoneClusterImpl (MiniOzoneClusterImpl.java:lambda$waitForClusterToBeReady$0(238)) - Waiting for cluster to exit safe mode
2021-09-22 01:09:26,662 [Listener at 127.0.0.1/44817] INFO  ozone.MiniOzoneClusterImpl (MiniOzoneClusterImpl.java:lambda$waitForClusterToBeReady$0(240)) - SCM became leader
2021-09-22 01:09:26,734 [grpc-default-executor-1] INFO  server.RaftServer (RaftServerProxy.java:addNew(95)) - 9a2eaa79-e95b-45cd-b00f-a46126e2769a: addNew group-C62B115EB3BF:[e58ea0e2-171c-4fa7-a930-6c25c8dc249c|rpc:10.1.0.5:36231|dataStream:|priority:1, 9a2eaa79-e95b-45cd-b00f-a46126e2769a|rpc:10.1.0.5:42817|dataStream:|priority:0, 5dfa4197-3b4e-4728-abf2-2d416eda6cfb|rpc:10.1.0.5:45155|dataStream:|priority:0] returns group-C62B115EB3BF:java.util.concurrent.CompletableFuture@3527c163[Not completed]
2021-09-22 01:09:26,735 [pool-93-thread-1] INFO  server.RaftServer$Division (RaftServerImpl.java:<init>(181)) - 9a2eaa79-e95b-45cd-b00f-a46126e2769a: new RaftServerImpl for group-C62B115EB3BF:[e58ea0e2-171c-4fa7-a930-6c25c8dc249c|rpc:10.1.0.5:36231|dataStream:|priority:1, 9a2eaa79-e95b-45cd-b00f-a46126e2769a|rpc:10.1.0.5:42817|dataStream:|priority:0, 5dfa4197-3b4e-4728-abf2-2d416eda6cfb|rpc:10.1.0.5:45155|dataStream:|priority:0] with ContainerStateMachine:uninitialized
2021-09-22 01:09:26,742 [pool-93-thread-1] INFO  server.RaftServerConfigKeys (ConfUtils.java:logGet(44)) - raft.server.rpc.timeout.min = 5s (custom)
2021-09-22 01:09:26,743 [pool-93-thread-1] INFO  server.RaftServerConfigKeys (ConfUtils.java:logGet(44)) - raft.server.rpc.timeout.max = 5200ms (custom)
2021-09-22 01:09:26,743 [pool-93-thread-1] INFO  server.RaftServerConfigKeys (ConfUtils.java:logGet(44)) - raft.server.rpc.sleep.time = 25ms (default)
2021-09-22 01:09:26,743 [pool-93-thread-1] INFO  server.RaftServerConfigKeys (ConfUtils.java:logGet(44)) - raft.server.rpc.slowness.timeout = 300000ms (custom)
2021-09-22 01:09:26,743 [pool-93-thread-1] INFO  server.RaftServerConfigKeys (ConfUtils.java:logGet(44)) - raft.server.leaderelection.leader.step-down.wait-time = 10s (default)
2021-09-22 01:09:26,744 [pool-93-thread-1] INFO  server.RaftServerConfigKeys (ConfUtils.java:logGet(44)) - raft.server.sleep.deviation.threshold = 300ms (default)
2021-09-22 01:09:26,744 [pool-93-thread-1] INFO  server.RaftServerConfigKeys (ConfUtils.java:logGet(44)) - raft.server.log.appender.install.snapshot.enabled = false (custom)
2021-09-22 01:09:26,744 [pool-93-thread-1] INFO  server.RaftServer$Division (ServerState.java:<init>(105)) - 9a2eaa79-e95b-45cd-b00f-a46126e2769a@group-C62B115EB3BF: ConfigurationManager, init=-1: [e58ea0e2-171c-4fa7-a930-6c25c8dc249c|rpc:10.1.0.5:36231|dataStream:|priority:1, 9a2eaa79-e95b-45cd-b00f-a46126e2769a|rpc:10.1.0.5:42817|dataStream:|priority:0, 5dfa4197-3b4e-4728-abf2-2d416eda6cfb|rpc:10.1.0.5:45155|dataStream:|priority:0], old=null, confs=<EMPTY_MAP>
2021-09-22 01:09:26,744 [pool-93-thread-1] INFO  server.RaftServerConfigKeys (ConfUtils.java:logGet(44)) - raft.server.storage.dir = [/home/runner/work/ozone/ozone/hadoop-ozone/integration-test/target/test-dir/MiniOzoneClusterImpl-25acc1c1-a8f2-4117-88d4-9d8f1e28eca9/datanode-2/data/ratis] (custom)
2021-09-22 01:09:26,744 [pool-93-thread-1] INFO  server.RaftServerConfigKeys (ConfUtils.java:logGet(44)) - raft.server.log.corruption.policy = EXCEPTION (default)
2021-09-22 01:09:26,746 [pool-93-thread-1] INFO  server.RaftServerConfigKeys (ConfUtils.java:logGet(44)) - raft.server.storage.free-space.min = 0MB (=0) (default)
2021-09-22 01:09:26,746 [pool-93-thread-1] INFO  storage.RaftStorageDirectory (RaftStorageDirectoryImpl.java:analyzeStorage(135)) - The storage directory /home/runner/work/ozone/ozone/hadoop-ozone/integration-test/target/test-dir/MiniOzoneClusterImpl-25acc1c1-a8f2-4117-88d4-9d8f1e28eca9/datanode-2/data/ratis/4f78cfb6-f575-4110-97bf-c62b115eb3bf does not exist. Creating ...
2021-09-22 01:09:26,747 [pool-93-thread-1] INFO  storage.RaftStorageDirectory (RaftStorageDirectoryImpl.java:tryLock(230)) - Lock on /home/runner/work/ozone/ozone/hadoop-ozone/integration-test/target/test-dir/MiniOzoneClusterImpl-25acc1c1-a8f2-4117-88d4-9d8f1e28eca9/datanode-2/data/ratis/4f78cfb6-f575-4110-97bf-c62b115eb3bf/in_use.lock acquired by nodename 21910@fv-az294-326
2021-09-22 01:09:26,749 [pool-93-thread-1] INFO  storage.RaftStorage (RaftStorageImpl.java:format(89)) - Storage directory /home/runner/work/ozone/ozone/hadoop-ozone/integration-test/target/test-dir/MiniOzoneClusterImpl-25acc1c1-a8f2-4117-88d4-9d8f1e28eca9/datanode-2/data/ratis/4f78cfb6-f575-4110-97bf-c62b115eb3bf has been successfully formatted.
2021-09-22 01:09:26,754 [pool-93-thread-1] INFO  ratis.ContainerStateMachine (ContainerStateMachine.java:loadSnapshot(224)) - group-C62B115EB3BF: The snapshot info is null. Setting the last applied indexto:(t:0, i:~)
2021-09-22 01:09:26,754 [pool-93-thread-1] INFO  server.RaftServerConfigKeys (ConfUtils.java:logGet(44)) - raft.server.notification.no-leader.timeout = 300000ms (custom)
2021-09-22 01:09:26,754 [pool-93-thread-1] INFO  server.RaftServerConfigKeys (ConfUtils.java:logGet(44)) - raft.server.log.use.memory = false (default)
2021-09-22 01:09:26,755 [pool-93-thread-1] INFO  server.RaftServerConfigKeys (ConfUtils.java:logGet(44)) - raft.server.log.purge.gap = 1000000 (custom)
2021-09-22 01:09:26,757 [pool-93-thread-1] INFO  server.RaftServerConfigKeys (ConfUtils.java:logGet(44)) - raft.server.log.appender.buffer.byte-limit = 33554432 (custom)
2021-09-22 01:09:26,757 [pool-93-thread-1] INFO  server.RaftServerConfigKeys (ConfUtils.java:logGet(44)) - raft.server.log.segment.size.max = 1048576 (custom)
2021-09-22 01:09:26,757 [pool-93-thread-1] INFO  server.RaftServerConfigKeys (ConfUtils.java:logGet(44)) - raft.server.log.segment.cache.num.max = 2 (custom)
2021-09-22 01:09:26,761 [pool-93-thread-1] INFO  server.RaftServerConfigKeys (ConfUtils.java:logGet(44)) - raft.server.log.segment.cache.size.max = 200MB (=209715200) (default)
2021-09-22 01:09:26,761 [pool-93-thread-1] INFO  segmented.SegmentedRaftLogWorker (SegmentedRaftLogWorker.java:<init>(182)) - new 9a2eaa79-e95b-45cd-b00f-a46126e2769a@group-C62B115EB3BF-SegmentedRaftLogWorker for RaftStorageImpl:Storage Directory /home/runner/work/ozone/ozone/hadoop-ozone/integration-test/target/test-dir/MiniOzoneClusterImpl-25acc1c1-a8f2-4117-88d4-9d8f1e28eca9/datanode-2/data/ratis/4f78cfb6-f575-4110-97bf-c62b115eb3bf
2021-09-22 01:09:26,765 [pool-93-thread-1] INFO  server.RaftServerConfigKeys (ConfUtils.java:logGet(44)) - raft.server.log.queue.byte-limit = 2147483647 (custom)
2021-09-22 01:09:26,765 [pool-93-thread-1] INFO  server.RaftServerConfigKeys (ConfUtils.java:logGet(44)) - raft.server.log.queue.element-limit = 1024 (custom)
2021-09-22 01:09:26,765 [pool-93-thread-1] INFO  server.RaftServerConfigKeys (ConfUtils.java:logGet(44)) - raft.server.log.segment.size.max = 1048576 (custom)
2021-09-22 01:09:26,765 [pool-93-thread-1] INFO  server.RaftServerConfigKeys (ConfUtils.java:logGet(44)) - raft.server.log.preallocated.size = 16384 (custom)
2021-09-22 01:09:26,770 [pool-93-thread-1] INFO  server.RaftServerConfigKeys (ConfUtils.java:logGet(44)) - raft.server.log.force.sync.num = 128 (default)
2021-09-22 01:09:26,770 [pool-93-thread-1] INFO  server.RaftServerConfigKeys (ConfUtils.java:logGet(44)) - raft.server.log.statemachine.data.sync = true (default)
2021-09-22 01:09:26,771 [pool-93-thread-1] INFO  server.RaftServerConfigKeys (ConfUtils.java:logGet(44)) - raft.server.log.statemachine.data.sync.timeout = 10s (default)
2021-09-22 01:09:26,771 [pool-93-thread-1] INFO  server.RaftServerConfigKeys (ConfUtils.java:logGet(44)) - raft.server.log.statemachine.data.sync.timeout.retry = -1 (default)
2021-09-22 01:09:26,772 [pool-93-thread-1] INFO  server.RaftServerConfigKeys (ConfUtils.java:logGet(44)) - raft.server.log.write.buffer.size = 1048576 (custom)
2021-09-22 01:09:26,772 [pool-93-thread-1] INFO  server.RaftServerConfigKeys (ConfUtils.java:logGet(44)) - raft.server.log.statemachine.data.caching.enabled = true (custom)
2021-09-22 01:09:26,772 [pool-93-thread-1] INFO  segmented.SegmentedRaftLogWorker (SegmentedRaftLogWorker.java:lambda$new$0(133)) - 9a2eaa79-e95b-45cd-b00f-a46126e2769a@group-C62B115EB3BF-SegmentedRaftLogWorker: flushIndex: setUnconditionally 0 -> -1
2021-09-22 01:09:26,772 [pool-93-thread-1] INFO  segmented.SegmentedRaftLogWorker (SegmentedRaftLogWorker.java:lambda$new$0(133)) - 9a2eaa79-e95b-45cd-b00f-a46126e2769a@group-C62B115EB3BF-SegmentedRaftLogWorker: safeCacheEvictIndex: setUnconditionally 0 -> -1
2021-09-22 01:09:26,776 [pool-93-thread-1] INFO  server.RaftServerConfigKeys (ConfUtils.java:logGet(44)) - raft.server.snapshot.auto.trigger.enabled = true (custom)
2021-09-22 01:09:26,776 [pool-93-thread-1] INFO  server.RaftServerConfigKeys (ConfUtils.java:logGet(44)) - raft.server.snapshot.auto.trigger.threshold = 10000 (custom)
2021-09-22 01:09:26,776 [pool-93-thread-1] INFO  server.RaftServerConfigKeys (ConfUtils.java:logGet(44)) - raft.server.snapshot.retention.file.num = 5 (custom)
2021-09-22 01:09:26,776 [pool-93-thread-1] INFO  server.RaftServerConfigKeys (ConfUtils.java:logGet(44)) - raft.server.log.purge.upto.snapshot.index = false (default)
2021-09-22 01:09:26,776 [pool-93-thread-1] INFO  server.RaftServerConfigKeys (ConfUtils.java:logGet(44)) - raft.server.retrycache.expirytime = 600000ms (custom)
2021-09-22 01:09:26,776 [pool-93-thread-1] INFO  server.RaftServerConfigKeys (ConfUtils.java:logGet(44)) - raft.server.retrycache.statistics.expirytime = 100μs (default)
2021-09-22 01:09:26,778 [pool-93-thread-1] INFO  server.RaftServer$Division (RaftServerImpl.java:start(296)) - 9a2eaa79-e95b-45cd-b00f-a46126e2769a@group-C62B115EB3BF: start as a follower, conf=-1: [e58ea0e2-171c-4fa7-a930-6c25c8dc249c|rpc:10.1.0.5:36231|dataStream:|priority:1, 9a2eaa79-e95b-45cd-b00f-a46126e2769a|rpc:10.1.0.5:42817|dataStream:|priority:0, 5dfa4197-3b4e-4728-abf2-2d416eda6cfb|rpc:10.1.0.5:45155|dataStream:|priority:0], old=null
2021-09-22 01:09:26,778 [pool-93-thread-1] INFO  server.RaftServer$Division (RaftServerImpl.java:setRole(285)) - 9a2eaa79-e95b-45cd-b00f-a46126e2769a@group-C62B115EB3BF: changes role from      null to FOLLOWER at term 0 for startAsFollower
2021-09-22 01:09:26,778 [pool-93-thread-1] INFO  impl.RoleInfo (RoleInfo.java:updateAndGet(130)) - 9a2eaa79-e95b-45cd-b00f-a46126e2769a: start 9a2eaa79-e95b-45cd-b00f-a46126e2769a@group-C62B115EB3BF-FollowerState
2021-09-22 01:09:26,784 [pool-93-thread-1] INFO  util.JmxRegister (JmxRegister.java:tryRegister(44)) - Successfully registered JMX Bean with object name Ratis:service=RaftServer,group=group-C62B115EB3BF,id=9a2eaa79-e95b-45cd-b00f-a46126e2769a
2021-09-22 01:09:26,871 [Command processor thread] INFO  commandhandler.CreatePipelineCommandHandler (CreatePipelineCommandHandler.java:handle(106)) - Created Pipeline RATIS THREE PipelineID=4f78cfb6-f575-4110-97bf-c62b115eb3bf.
2021-09-22 01:09:26,871 [Command processor thread] INFO  server.RaftServer (RaftServerProxy.java:addNew(95)) - e58ea0e2-171c-4fa7-a930-6c25c8dc249c: addNew group-2C2F94D327A1:[e58ea0e2-171c-4fa7-a930-6c25c8dc249c|rpc:10.1.0.5:36231|priority:0, 9a2eaa79-e95b-45cd-b00f-a46126e2769a|rpc:10.1.0.5:42817|priority:1, 5dfa4197-3b4e-4728-abf2-2d416eda6cfb|rpc:10.1.0.5:45155|priority:0] returns group-2C2F94D327A1:java.util.concurrent.CompletableFuture@3e527ced[Not completed]
2021-09-22 01:09:26,872 [pool-74-thread-1] INFO  server.RaftServer$Division (RaftServerImpl.java:<init>(181)) - e58ea0e2-171c-4fa7-a930-6c25c8dc249c: new RaftServerImpl for group-2C2F94D327A1:[e58ea0e2-171c-4fa7-a930-6c25c8dc249c|rpc:10.1.0.5:36231|priority:0, 9a2eaa79-e95b-45cd-b00f-a46126e2769a|rpc:10.1.0.5:42817|priority:1, 5dfa4197-3b4e-4728-abf2-2d416eda6cfb|rpc:10.1.0.5:45155|priority:0] with ContainerStateMachine:uninitialized
2021-09-22 01:09:26,873 [pool-74-thread-1] INFO  server.RaftServerConfigKeys (ConfUtils.java:logGet(44)) - raft.server.rpc.timeout.min = 5s (custom)
2021-09-22 01:09:26,873 [pool-74-thread-1] INFO  server.RaftServerConfigKeys (ConfUtils.java:logGet(44)) - raft.server.rpc.timeout.max = 5200ms (custom)
2021-09-22 01:09:26,873 [pool-74-thread-1] INFO  server.RaftServerConfigKeys (ConfUtils.java:logGet(44)) - raft.server.rpc.sleep.time = 25ms (default)
2021-09-22 01:09:26,873 [pool-74-thread-1] INFO  server.RaftServerConfigKeys (ConfUtils.java:logGet(44)) - raft.server.rpc.slowness.timeout = 300000ms (custom)
2021-09-22 01:09:26,873 [pool-74-thread-1] INFO  server.RaftServerConfigKeys (ConfUtils.java:logGet(44)) - raft.server.leaderelection.leader.step-down.wait-time = 10s (default)
2021-09-22 01:09:26,873 [pool-74-thread-1] INFO  server.RaftServerConfigKeys (ConfUtils.java:logGet(44)) - raft.server.sleep.deviation.threshold = 300ms (default)
2021-09-22 01:09:26,873 [pool-74-thread-1] INFO  server.RaftServerConfigKeys (ConfUtils.java:logGet(44)) - raft.server.log.appender.install.snapshot.enabled = false (custom)
2021-09-22 01:09:26,873 [pool-74-thread-1] INFO  server.RaftServer$Division (ServerState.java:<init>(105)) - e58ea0e2-171c-4fa7-a930-6c25c8dc249c@group-2C2F94D327A1: ConfigurationManager, init=-1: [e58ea0e2-171c-4fa7-a930-6c25c8dc249c|rpc:10.1.0.5:36231|priority:0, 9a2eaa79-e95b-45cd-b00f-a46126e2769a|rpc:10.1.0.5:42817|priority:1, 5dfa4197-3b4e-4728-abf2-2d416eda6cfb|rpc:10.1.0.5:45155|priority:0], old=null, confs=<EMPTY_MAP>
2021-09-22 01:09:26,873 [pool-74-thread-1] INFO  server.RaftServerConfigKeys (ConfUtils.java:logGet(44)) - raft.server.storage.dir = [/home/runner/work/ozone/ozone/hadoop-ozone/integration-test/target/test-dir/MiniOzoneClusterImpl-25acc1c1-a8f2-4117-88d4-9d8f1e28eca9/datanode-1/data/ratis] (custom)
2021-09-22 01:09:26,873 [pool-74-thread-1] INFO  server.RaftServerConfigKeys (ConfUtils.java:logGet(44)) - raft.server.log.corruption.policy = EXCEPTION (default)
2021-09-22 01:09:26,873 [pool-74-thread-1] INFO  server.RaftServerConfigKeys (ConfUtils.java:logGet(44)) - raft.server.storage.free-space.min = 0MB (=0) (default)
2021-09-22 01:09:26,873 [pool-74-thread-1] INFO  storage.RaftStorageDirectory (RaftStorageDirectoryImpl.java:analyzeStorage(135)) - The storage directory /home/runner/work/ozone/ozone/hadoop-ozone/integration-test/target/test-dir/MiniOzoneClusterImpl-25acc1c1-a8f2-4117-88d4-9d8f1e28eca9/datanode-1/data/ratis/bf874198-aeb4-4bc3-a6e8-2c2f94d327a1 does not exist. Creating ...
2021-09-22 01:09:26,875 [pool-74-thread-1] INFO  storage.RaftStorageDirectory (RaftStorageDirectoryImpl.java:tryLock(230)) - Lock on /home/runner/work/ozone/ozone/hadoop-ozone/integration-test/target/test-dir/MiniOzoneClusterImpl-25acc1c1-a8f2-4117-88d4-9d8f1e28eca9/datanode-1/data/ratis/bf874198-aeb4-4bc3-a6e8-2c2f94d327a1/in_use.lock acquired by nodename 21910@fv-az294-326
2021-09-22 01:09:26,877 [pool-74-thread-1] INFO  storage.RaftStorage (RaftStorageImpl.java:format(89)) - Storage directory /home/runner/work/ozone/ozone/hadoop-ozone/integration-test/target/test-dir/MiniOzoneClusterImpl-25acc1c1-a8f2-4117-88d4-9d8f1e28eca9/datanode-1/data/ratis/bf874198-aeb4-4bc3-a6e8-2c2f94d327a1 has been successfully formatted.
2021-09-22 01:09:26,877 [pool-74-thread-1] INFO  ratis.ContainerStateMachine (ContainerStateMachine.java:loadSnapshot(224)) - group-2C2F94D327A1: The snapshot info is null. Setting the last applied indexto:(t:0, i:~)
2021-09-22 01:09:26,878 [pool-74-thread-1] INFO  server.RaftServerConfigKeys (ConfUtils.java:logGet(44)) - raft.server.notification.no-leader.timeout = 300000ms (custom)
2021-09-22 01:09:26,879 [EventQueue-OpenPipelineForHealthyPipelineSafeModeRule] INFO  safemode.SCMSafeModeManager (HealthyPipelineSafeModeRule.java:process(124)) - SCM in safe mode. Healthy pipelines reported count is 0, required healthy pipeline reported count is 1
2021-09-22 01:09:26,880 [pool-74-thread-1] INFO  server.RaftServerConfigKeys (ConfUtils.java:logGet(44)) - raft.server.log.use.memory = false (default)
2021-09-22 01:09:26,881 [pool-74-thread-1] INFO  server.RaftServerConfigKeys (ConfUtils.java:logGet(44)) - raft.server.log.purge.gap = 1000000 (custom)
2021-09-22 01:09:26,881 [pool-74-thread-1] INFO  server.RaftServerConfigKeys (ConfUtils.java:logGet(44)) - raft.server.log.appender.buffer.byte-limit = 33554432 (custom)
2021-09-22 01:09:26,881 [Command processor thread] INFO  server.RaftServer (RaftServerProxy.java:addNew(95)) - 9a2eaa79-e95b-45cd-b00f-a46126e2769a: addNew group-C2DC2DE858E1:[9a2eaa79-e95b-45cd-b00f-a46126e2769a|rpc:10.1.0.5:42817|priority:1] returns group-C2DC2DE858E1:java.util.concurrent.CompletableFuture@6b8adba2[Not completed]
2021-09-22 01:09:26,881 [pool-74-thread-1] INFO  server.RaftServerConfigKeys (ConfUtils.java:logGet(44)) - raft.server.log.segment.size.max = 1048576 (custom)
2021-09-22 01:09:26,882 [pool-74-thread-1] INFO  server.RaftServerConfigKeys (ConfUtils.java:logGet(44)) - raft.server.log.segment.cache.num.max = 2 (custom)
2021-09-22 01:09:26,882 [pool-93-thread-1] INFO  server.RaftServer$Division (RaftServerImpl.java:<init>(181)) - 9a2eaa79-e95b-45cd-b00f-a46126e2769a: new RaftServerImpl for group-C2DC2DE858E1:[9a2eaa79-e95b-45cd-b00f-a46126e2769a|rpc:10.1.0.5:42817|priority:1] with ContainerStateMachine:uninitialized
2021-09-22 01:09:26,882 [pool-93-thread-1] INFO  server.RaftServerConfigKeys (ConfUtils.java:logGet(44)) - raft.server.rpc.timeout.min = 5s (custom)
2021-09-22 01:09:26,882 [pool-93-thread-1] INFO  server.RaftServerConfigKeys (ConfUtils.java:logGet(44)) - raft.server.rpc.timeout.max = 5200ms (custom)
2021-09-22 01:09:26,882 [pool-93-thread-1] INFO  server.RaftServerConfigKeys (ConfUtils.java:logGet(44)) - raft.server.rpc.sleep.time = 25ms (default)
2021-09-22 01:09:26,882 [pool-93-thread-1] INFO  server.RaftServerConfigKeys (ConfUtils.java:logGet(44)) - raft.server.rpc.slowness.timeout = 300000ms (custom)
2021-09-22 01:09:26,882 [pool-93-thread-1] INFO  server.RaftServerConfigKeys (ConfUtils.java:logGet(44)) - raft.server.leaderelection.leader.step-down.wait-time = 10s (default)
2021-09-22 01:09:26,882 [pool-93-thread-1] INFO  server.RaftServerConfigKeys (ConfUtils.java:logGet(44)) - raft.server.sleep.deviation.threshold = 300ms (default)
2021-09-22 01:09:26,882 [pool-93-thread-1] INFO  server.RaftServerConfigKeys (ConfUtils.java:logGet(44)) - raft.server.log.appender.install.snapshot.enabled = false (custom)
2021-09-22 01:09:26,882 [pool-93-thread-1] INFO  server.RaftServer$Division (ServerState.java:<init>(105)) - 9a2eaa79-e95b-45cd-b00f-a46126e2769a@group-C2DC2DE858E1: ConfigurationManager, init=-1: [9a2eaa79-e95b-45cd-b00f-a46126e2769a|rpc:10.1.0.5:42817|priority:1], old=null, confs=<EMPTY_MAP>
2021-09-22 01:09:26,882 [pool-93-thread-1] INFO  server.RaftServerConfigKeys (ConfUtils.java:logGet(44)) - raft.server.storage.dir = [/home/runner/work/ozone/ozone/hadoop-ozone/integration-test/target/test-dir/MiniOzoneClusterImpl-25acc1c1-a8f2-4117-88d4-9d8f1e28eca9/datanode-2/data/ratis] (custom)
2021-09-22 01:09:26,882 [pool-74-thread-1] INFO  server.RaftServerConfigKeys (ConfUtils.java:logGet(44)) - raft.server.log.segment.cache.size.max = 200MB (=209715200) (default)
2021-09-22 01:09:26,882 [pool-93-thread-1] INFO  server.RaftServerConfigKeys (ConfUtils.java:logGet(44)) - raft.server.log.corruption.policy = EXCEPTION (default)
2021-09-22 01:09:26,882 [pool-74-thread-1] INFO  segmented.SegmentedRaftLogWorker (SegmentedRaftLogWorker.java:<init>(182)) - new e58ea0e2-171c-4fa7-a930-6c25c8dc249c@group-2C2F94D327A1-SegmentedRaftLogWorker for RaftStorageImpl:Storage Directory /home/runner/work/ozone/ozone/hadoop-ozone/integration-test/target/test-dir/MiniOzoneClusterImpl-25acc1c1-a8f2-4117-88d4-9d8f1e28eca9/datanode-1/data/ratis/bf874198-aeb4-4bc3-a6e8-2c2f94d327a1
2021-09-22 01:09:26,882 [pool-93-thread-1] INFO  server.RaftServerConfigKeys (ConfUtils.java:logGet(44)) - raft.server.storage.free-space.min = 0MB (=0) (default)
2021-09-22 01:09:26,883 [pool-93-thread-1] INFO  storage.RaftStorageDirectory (RaftStorageDirectoryImpl.java:analyzeStorage(135)) - The storage directory /home/runner/work/ozone/ozone/hadoop-ozone/integration-test/target/test-dir/MiniOzoneClusterImpl-25acc1c1-a8f2-4117-88d4-9d8f1e28eca9/datanode-2/data/ratis/5c5e0d86-4a81-4250-84df-c2dc2de858e1 does not exist. Creating ...
2021-09-22 01:09:26,882 [pool-74-thread-1] INFO  server.RaftServerConfigKeys (ConfUtils.java:logGet(44)) - raft.server.log.queue.byte-limit = 2147483647 (custom)
2021-09-22 01:09:26,883 [pool-74-thread-1] INFO  server.RaftServerConfigKeys (ConfUtils.java:logGet(44)) - raft.server.log.queue.element-limit = 1024 (custom)
2021-09-22 01:09:26,883 [pool-74-thread-1] INFO  server.RaftServerConfigKeys (ConfUtils.java:logGet(44)) - raft.server.log.segment.size.max = 1048576 (custom)
2021-09-22 01:09:26,883 [pool-74-thread-1] INFO  server.RaftServerConfigKeys (ConfUtils.java:logGet(44)) - raft.server.log.preallocated.size = 16384 (custom)
2021-09-22 01:09:26,883 [pool-74-thread-1] INFO  server.RaftServerConfigKeys (ConfUtils.java:logGet(44)) - raft.server.log.force.sync.num = 128 (default)
2021-09-22 01:09:26,883 [pool-74-thread-1] INFO  server.RaftServerConfigKeys (ConfUtils.java:logGet(44)) - raft.server.log.statemachine.data.sync = true (default)
2021-09-22 01:09:26,883 [pool-74-thread-1] INFO  server.RaftServerConfigKeys (ConfUtils.java:logGet(44)) - raft.server.log.statemachine.data.sync.timeout = 10s (default)
2021-09-22 01:09:26,883 [pool-93-thread-1] INFO  storage.RaftStorageDirectory (RaftStorageDirectoryImpl.java:tryLock(230)) - Lock on /home/runner/work/ozone/ozone/hadoop-ozone/integration-test/target/test-dir/MiniOzoneClusterImpl-25acc1c1-a8f2-4117-88d4-9d8f1e28eca9/datanode-2/data/ratis/5c5e0d86-4a81-4250-84df-c2dc2de858e1/in_use.lock acquired by nodename 21910@fv-az294-326
2021-09-22 01:09:26,884 [pool-93-thread-1] INFO  storage.RaftStorage (RaftStorageImpl.java:format(89)) - Storage directory /home/runner/work/ozone/ozone/hadoop-ozone/integration-test/target/test-dir/MiniOzoneClusterImpl-25acc1c1-a8f2-4117-88d4-9d8f1e28eca9/datanode-2/data/ratis/5c5e0d86-4a81-4250-84df-c2dc2de858e1 has been successfully formatted.
2021-09-22 01:09:26,885 [pool-93-thread-1] INFO  ratis.ContainerStateMachine (ContainerStateMachine.java:loadSnapshot(224)) - group-C2DC2DE858E1: The snapshot info is null. Setting the last applied indexto:(t:0, i:~)
2021-09-22 01:09:26,885 [pool-93-thread-1] INFO  server.RaftServerConfigKeys (ConfUtils.java:logGet(44)) - raft.server.notification.no-leader.timeout = 300000ms (custom)
2021-09-22 01:09:26,885 [pool-93-thread-1] INFO  server.RaftServerConfigKeys (ConfUtils.java:logGet(44)) - raft.server.log.use.memory = false (default)
2021-09-22 01:09:26,885 [pool-93-thread-1] INFO  server.RaftServerConfigKeys (ConfUtils.java:logGet(44)) - raft.server.log.purge.gap = 1000000 (custom)
2021-09-22 01:09:26,885 [pool-93-thread-1] INFO  server.RaftServerConfigKeys (ConfUtils.java:logGet(44)) - raft.server.log.appender.buffer.byte-limit = 33554432 (custom)
2021-09-22 01:09:26,885 [pool-93-thread-1] INFO  server.RaftServerConfigKeys (ConfUtils.java:logGet(44)) - raft.server.log.segment.size.max = 1048576 (custom)
2021-09-22 01:09:26,886 [pool-93-thread-1] INFO  server.RaftServerConfigKeys (ConfUtils.java:logGet(44)) - raft.server.log.segment.cache.num.max = 2 (custom)
2021-09-22 01:09:26,886 [pool-93-thread-1] INFO  server.RaftServerConfigKeys (ConfUtils.java:logGet(44)) - raft.server.log.segment.cache.size.max = 200MB (=209715200) (default)
2021-09-22 01:09:26,886 [pool-93-thread-1] INFO  segmented.SegmentedRaftLogWorker (SegmentedRaftLogWorker.java:<init>(182)) - new 9a2eaa79-e95b-45cd-b00f-a46126e2769a@group-C2DC2DE858E1-SegmentedRaftLogWorker for RaftStorageImpl:Storage Directory /home/runner/work/ozone/ozone/hadoop-ozone/integration-test/target/test-dir/MiniOzoneClusterImpl-25acc1c1-a8f2-4117-88d4-9d8f1e28eca9/datanode-2/data/ratis/5c5e0d86-4a81-4250-84df-c2dc2de858e1
2021-09-22 01:09:26,886 [pool-93-thread-1] INFO  server.RaftServerConfigKeys (ConfUtils.java:logGet(44)) - raft.server.log.queue.byte-limit = 2147483647 (custom)
2021-09-22 01:09:26,886 [pool-93-thread-1] INFO  server.RaftServerConfigKeys (ConfUtils.java:logGet(44)) - raft.server.log.queue.element-limit = 1024 (custom)
2021-09-22 01:09:26,886 [pool-93-thread-1] INFO  server.RaftServerConfigKeys (ConfUtils.java:logGet(44)) - raft.server.log.segment.size.max = 1048576 (custom)
2021-09-22 01:09:26,886 [pool-93-thread-1] INFO  server.RaftServerConfigKeys (ConfUtils.java:logGet(44)) - raft.server.log.preallocated.size = 16384 (custom)
2021-09-22 01:09:26,886 [pool-93-thread-1] INFO  server.RaftServerConfigKeys (ConfUtils.java:logGet(44)) - raft.server.log.force.sync.num = 128 (default)
2021-09-22 01:09:26,886 [pool-93-thread-1] INFO  server.RaftServerConfigKeys (ConfUtils.java:logGet(44)) - raft.server.log.statemachine.data.sync = true (default)
2021-09-22 01:09:26,889 [pool-93-thread-1] INFO  server.RaftServerConfigKeys (ConfUtils.java:logGet(44)) - raft.server.log.statemachine.data.sync.timeout = 10s (default)
2021-09-22 01:09:26,889 [pool-93-thread-1] INFO  server.RaftServerConfigKeys (ConfUtils.java:logGet(44)) - raft.server.log.statemachine.data.sync.timeout.retry = -1 (default)
2021-09-22 01:09:26,883 [pool-74-thread-1] INFO  server.RaftServerConfigKeys (ConfUtils.java:logGet(44)) - raft.server.log.statemachine.data.sync.timeout.retry = -1 (default)
2021-09-22 01:09:26,890 [EventQueue-PipelineReportForPipelineReportHandler] INFO  pipeline.PipelineManagerImpl (PipelineManagerImpl.java:openPipeline(282)) - Pipeline Pipeline[ Id: 5c5e0d86-4a81-4250-84df-c2dc2de858e1, Nodes: 9a2eaa79-e95b-45cd-b00f-a46126e2769a{ip: 10.1.0.5, host: fv-az294-326.eaanfquahm5ulb5tj050gcxych.jx.internal.cloudapp.net, ports: [REPLICATION=43617, RATIS=42817, RATIS_ADMIN=42817, RATIS_SERVER=42817, STANDALONE=35193], networkLocation: /default-rack, certSerialId: null, persistedOpState: IN_SERVICE, persistedOpStateExpiryEpochSec: 0}, ReplicationConfig: RATIS/ONE, State:ALLOCATED, leaderId:9a2eaa79-e95b-45cd-b00f-a46126e2769a, CreationTimestamp2021-09-22T01:09:23.885Z[Etc/UTC]] moved to OPEN state
2021-09-22 01:09:26,889 [Command processor thread] INFO  commandhandler.CreatePipelineCommandHandler (CreatePipelineCommandHandler.java:handle(106)) - Created Pipeline RATIS THREE PipelineID=4f78cfb6-f575-4110-97bf-c62b115eb3bf.
2021-09-22 01:09:26,890 [Command processor thread] INFO  server.RaftServer (RaftServerProxy.java:addNew(95)) - 5dfa4197-3b4e-4728-abf2-2d416eda6cfb: addNew group-2C2F94D327A1:[e58ea0e2-171c-4fa7-a930-6c25c8dc249c|rpc:10.1.0.5:36231|priority:0, 9a2eaa79-e95b-45cd-b00f-a46126e2769a|rpc:10.1.0.5:42817|priority:1, 5dfa4197-3b4e-4728-abf2-2d416eda6cfb|rpc:10.1.0.5:45155|priority:0] returns group-2C2F94D327A1:java.util.concurrent.CompletableFuture@a837510[Not completed]
2021-09-22 01:09:26,887 [Datanode State Machine Thread - 0] WARN  statemachine.StateContext (StateContext.java:execute(621)) - No available thread in pool for past 1 seconds.
2021-09-22 01:09:26,891 [EventQueue-OpenPipelineForHealthyPipelineSafeModeRule] INFO  safemode.SCMSafeModeManager (HealthyPipelineSafeModeRule.java:process(124)) - SCM in safe mode. Healthy pipelines reported count is 0, required healthy pipeline reported count is 1
2021-09-22 01:09:26,891 [pool-55-thread-1] INFO  server.RaftServer$Division (RaftServerImpl.java:<init>(181)) - 5dfa4197-3b4e-4728-abf2-2d416eda6cfb: new RaftServerImpl for group-2C2F94D327A1:[e58ea0e2-171c-4fa7-a930-6c25c8dc249c|rpc:10.1.0.5:36231|priority:0, 9a2eaa79-e95b-45cd-b00f-a46126e2769a|rpc:10.1.0.5:42817|priority:1, 5dfa4197-3b4e-4728-abf2-2d416eda6cfb|rpc:10.1.0.5:45155|priority:0] with ContainerStateMachine:uninitialized
2021-09-22 01:09:26,894 [pool-55-thread-1] INFO  server.RaftServerConfigKeys (ConfUtils.java:logGet(44)) - raft.server.rpc.timeout.min = 5s (custom)
2021-09-22 01:09:26,894 [pool-55-thread-1] INFO  server.RaftServerConfigKeys (ConfUtils.java:logGet(44)) - raft.server.rpc.timeout.max = 5200ms (custom)
2021-09-22 01:09:26,894 [pool-55-thread-1] INFO  server.RaftServerConfigKeys (ConfUtils.java:logGet(44)) - raft.server.rpc.sleep.time = 25ms (default)
2021-09-22 01:09:26,894 [pool-55-thread-1] INFO  server.RaftServerConfigKeys (ConfUtils.java:logGet(44)) - raft.server.rpc.slowness.timeout = 300000ms (custom)
2021-09-22 01:09:26,894 [pool-55-thread-1] INFO  server.RaftServerConfigKeys (ConfUtils.java:logGet(44)) - raft.server.leaderelection.leader.step-down.wait-time = 10s (default)
2021-09-22 01:09:26,894 [pool-55-thread-1] INFO  server.RaftServerConfigKeys (ConfUtils.java:logGet(44)) - raft.server.sleep.deviation.threshold = 300ms (default)
2021-09-22 01:09:26,894 [pool-55-thread-1] INFO  server.RaftServerConfigKeys (ConfUtils.java:logGet(44)) - raft.server.log.appender.install.snapshot.enabled = false (custom)
2021-09-22 01:09:26,895 [pool-55-thread-1] INFO  server.RaftServer$Division (ServerState.java:<init>(105)) - 5dfa4197-3b4e-4728-abf2-2d416eda6cfb@group-2C2F94D327A1: ConfigurationManager, init=-1: [e58ea0e2-171c-4fa7-a930-6c25c8dc249c|rpc:10.1.0.5:36231|priority:0, 9a2eaa79-e95b-45cd-b00f-a46126e2769a|rpc:10.1.0.5:42817|priority:1, 5dfa4197-3b4e-4728-abf2-2d416eda6cfb|rpc:10.1.0.5:45155|priority:0], old=null, confs=<EMPTY_MAP>
2021-09-22 01:09:26,895 [pool-55-thread-1] INFO  server.RaftServerConfigKeys (ConfUtils.java:logGet(44)) - raft.server.storage.dir = [/home/runner/work/ozone/ozone/hadoop-ozone/integration-test/target/test-dir/MiniOzoneClusterImpl-25acc1c1-a8f2-4117-88d4-9d8f1e28eca9/datanode-0/data/ratis] (custom)
2021-09-22 01:09:26,895 [pool-55-thread-1] INFO  server.RaftServerConfigKeys (ConfUtils.java:logGet(44)) - raft.server.log.corruption.policy = EXCEPTION (default)
2021-09-22 01:09:26,895 [pool-55-thread-1] INFO  server.RaftServerConfigKeys (ConfUtils.java:logGet(44)) - raft.server.storage.free-space.min = 0MB (=0) (default)
2021-09-22 01:09:26,895 [pool-74-thread-1] INFO  server.RaftServerConfigKeys (ConfUtils.java:logGet(44)) - raft.server.log.write.buffer.size = 1048576 (custom)
2021-09-22 01:09:26,891 [pool-93-thread-1] INFO  server.RaftServerConfigKeys (ConfUtils.java:logGet(44)) - raft.server.log.write.buffer.size = 1048576 (custom)
2021-09-22 01:09:26,895 [pool-74-thread-1] INFO  server.RaftServerConfigKeys (ConfUtils.java:logGet(44)) - raft.server.log.statemachine.data.caching.enabled = true (custom)
2021-09-22 01:09:26,895 [pool-55-thread-1] INFO  storage.RaftStorageDirectory (RaftStorageDirectoryImpl.java:analyzeStorage(135)) - The storage directory /home/runner/work/ozone/ozone/hadoop-ozone/integration-test/target/test-dir/MiniOzoneClusterImpl-25acc1c1-a8f2-4117-88d4-9d8f1e28eca9/datanode-0/data/ratis/bf874198-aeb4-4bc3-a6e8-2c2f94d327a1 does not exist. Creating ...
2021-09-22 01:09:26,895 [pool-74-thread-1] INFO  segmented.SegmentedRaftLogWorker (SegmentedRaftLogWorker.java:lambda$new$0(133)) - e58ea0e2-171c-4fa7-a930-6c25c8dc249c@group-2C2F94D327A1-SegmentedRaftLogWorker: flushIndex: setUnconditionally 0 -> -1
2021-09-22 01:09:26,895 [pool-74-thread-1] INFO  segmented.SegmentedRaftLogWorker (SegmentedRaftLogWorker.java:lambda$new$0(133)) - e58ea0e2-171c-4fa7-a930-6c25c8dc249c@group-2C2F94D327A1-SegmentedRaftLogWorker: safeCacheEvictIndex: setUnconditionally 0 -> -1
2021-09-22 01:09:26,896 [pool-55-thread-1] INFO  storage.RaftStorageDirectory (RaftStorageDirectoryImpl.java:tryLock(230)) - Lock on /home/runner/work/ozone/ozone/hadoop-ozone/integration-test/target/test-dir/MiniOzoneClusterImpl-25acc1c1-a8f2-4117-88d4-9d8f1e28eca9/datanode-0/data/ratis/bf874198-aeb4-4bc3-a6e8-2c2f94d327a1/in_use.lock acquired by nodename 21910@fv-az294-326
2021-09-22 01:09:26,896 [pool-93-thread-1] INFO  server.RaftServerConfigKeys (ConfUtils.java:logGet(44)) - raft.server.log.statemachine.data.caching.enabled = true (custom)
2021-09-22 01:09:26,897 [pool-93-thread-1] INFO  segmented.SegmentedRaftLogWorker (SegmentedRaftLogWorker.java:lambda$new$0(133)) - 9a2eaa79-e95b-45cd-b00f-a46126e2769a@group-C2DC2DE858E1-SegmentedRaftLogWorker: flushIndex: setUnconditionally 0 -> -1
2021-09-22 01:09:26,897 [pool-93-thread-1] INFO  segmented.SegmentedRaftLogWorker (SegmentedRaftLogWorker.java:lambda$new$0(133)) - 9a2eaa79-e95b-45cd-b00f-a46126e2769a@group-C2DC2DE858E1-SegmentedRaftLogWorker: safeCacheEvictIndex: setUnconditionally 0 -> -1
2021-09-22 01:09:26,897 [pool-74-thread-1] INFO  server.RaftServerConfigKeys (ConfUtils.java:logGet(44)) - raft.server.snapshot.auto.trigger.enabled = true (custom)
2021-09-22 01:09:26,897 [pool-74-thread-1] INFO  server.RaftServerConfigKeys (ConfUtils.java:logGet(44)) - raft.server.snapshot.auto.trigger.threshold = 10000 (custom)
2021-09-22 01:09:26,897 [pool-74-thread-1] INFO  server.RaftServerConfigKeys (ConfUtils.java:logGet(44)) - raft.server.snapshot.retention.file.num = 5 (custom)
2021-09-22 01:09:26,897 [pool-74-thread-1] INFO  server.RaftServerConfigKeys (ConfUtils.java:logGet(44)) - raft.server.log.purge.upto.snapshot.index = false (default)
2021-09-22 01:09:26,897 [pool-74-thread-1] INFO  server.RaftServerConfigKeys (ConfUtils.java:logGet(44)) - raft.server.retrycache.expirytime = 600000ms (custom)
2021-09-22 01:09:26,897 [pool-74-thread-1] INFO  server.RaftServerConfigKeys (ConfUtils.java:logGet(44)) - raft.server.retrycache.statistics.expirytime = 100μs (default)
2021-09-22 01:09:26,898 [pool-55-thread-1] INFO  storage.RaftStorage (RaftStorageImpl.java:format(89)) - Storage directory /home/runner/work/ozone/ozone/hadoop-ozone/integration-test/target/test-dir/MiniOzoneClusterImpl-25acc1c1-a8f2-4117-88d4-9d8f1e28eca9/datanode-0/data/ratis/bf874198-aeb4-4bc3-a6e8-2c2f94d327a1 has been successfully formatted.
2021-09-22 01:09:26,899 [pool-74-thread-1] INFO  server.RaftServer$Division (RaftServerImpl.java:start(296)) - e58ea0e2-171c-4fa7-a930-6c25c8dc249c@group-2C2F94D327A1: start as a follower, conf=-1: [e58ea0e2-171c-4fa7-a930-6c25c8dc249c|rpc:10.1.0.5:36231|priority:0, 9a2eaa79-e95b-45cd-b00f-a46126e2769a|rpc:10.1.0.5:42817|priority:1, 5dfa4197-3b4e-4728-abf2-2d416eda6cfb|rpc:10.1.0.5:45155|priority:0], old=null
2021-09-22 01:09:26,899 [pool-74-thread-1] INFO  server.RaftServer$Division (RaftServerImpl.java:setRole(285)) - e58ea0e2-171c-4fa7-a930-6c25c8dc249c@group-2C2F94D327A1: changes role from      null to FOLLOWER at term 0 for startAsFollower
2021-09-22 01:09:26,899 [pool-93-thread-1] INFO  server.RaftServerConfigKeys (ConfUtils.java:logGet(44)) - raft.server.snapshot.auto.trigger.enabled = true (custom)
2021-09-22 01:09:26,899 [pool-93-thread-1] INFO  server.RaftServerConfigKeys (ConfUtils.java:logGet(44)) - raft.server.snapshot.auto.trigger.threshold = 10000 (custom)
2021-09-22 01:09:26,899 [pool-93-thread-1] INFO  server.RaftServerConfigKeys (ConfUtils.java:logGet(44)) - raft.server.snapshot.retention.file.num = 5 (custom)
2021-09-22 01:09:26,899 [pool-93-thread-1] INFO  server.RaftServerConfigKeys (ConfUtils.java:logGet(44)) - raft.server.log.purge.upto.snapshot.index = false (default)
2021-09-22 01:09:26,899 [pool-93-thread-1] INFO  server.RaftServerConfigKeys (ConfUtils.java:logGet(44)) - raft.server.retrycache.expirytime = 600000ms (custom)
2021-09-22 01:09:26,899 [pool-93-thread-1] INFO  server.RaftServerConfigKeys (ConfUtils.java:logGet(44)) - raft.server.retrycache.statistics.expirytime = 100μs (default)
2021-09-22 01:09:26,900 [pool-93-thread-1] INFO  server.RaftServer$Division (RaftServerImpl.java:start(296)) - 9a2eaa79-e95b-45cd-b00f-a46126e2769a@group-C2DC2DE858E1: start as a follower, conf=-1: [9a2eaa79-e95b-45cd-b00f-a46126e2769a|rpc:10.1.0.5:42817|priority:1], old=null
2021-09-22 01:09:26,900 [pool-93-thread-1] INFO  server.RaftServer$Division (RaftServerImpl.java:setRole(285)) - 9a2eaa79-e95b-45cd-b00f-a46126e2769a@group-C2DC2DE858E1: changes role from      null to FOLLOWER at term 0 for startAsFollower
2021-09-22 01:09:26,900 [pool-93-thread-1] INFO  impl.RoleInfo (RoleInfo.java:updateAndGet(130)) - 9a2eaa79-e95b-45cd-b00f-a46126e2769a: start 9a2eaa79-e95b-45cd-b00f-a46126e2769a@group-C2DC2DE858E1-FollowerState
2021-09-22 01:09:26,900 [pool-93-thread-1] INFO  util.JmxRegister (JmxRegister.java:tryRegister(44)) - Successfully registered JMX Bean with object name Ratis:service=RaftServer,group=group-C2DC2DE858E1,id=9a2eaa79-e95b-45cd-b00f-a46126e2769a
2021-09-22 01:09:26,901 [pool-74-thread-1] INFO  impl.RoleInfo (RoleInfo.java:updateAndGet(130)) - e58ea0e2-171c-4fa7-a930-6c25c8dc249c: start e58ea0e2-171c-4fa7-a930-6c25c8dc249c@group-2C2F94D327A1-FollowerState
2021-09-22 01:09:26,901 [Command processor thread] INFO  ratis.XceiverServerRatis (XceiverServerRatis.java:addGroup(762)) - Created group PipelineID=5c5e0d86-4a81-4250-84df-c2dc2de858e1
2021-09-22 01:09:26,901 [Command processor thread] INFO  commandhandler.CreatePipelineCommandHandler (CreatePipelineCommandHandler.java:handle(106)) - Created Pipeline RATIS ONE PipelineID=5c5e0d86-4a81-4250-84df-c2dc2de858e1.
2021-09-22 01:09:26,901 [Command processor thread] INFO  server.RaftServer (RaftServerProxy.java:addNew(95)) - 9a2eaa79-e95b-45cd-b00f-a46126e2769a: addNew group-2C2F94D327A1:[e58ea0e2-171c-4fa7-a930-6c25c8dc249c|rpc:10.1.0.5:36231|priority:0, 9a2eaa79-e95b-45cd-b00f-a46126e2769a|rpc:10.1.0.5:42817|priority:1, 5dfa4197-3b4e-4728-abf2-2d416eda6cfb|rpc:10.1.0.5:45155|priority:0] returns group-2C2F94D327A1:java.util.concurrent.CompletableFuture@654d28a3[Not completed]
2021-09-22 01:09:26,902 [pool-93-thread-1] INFO  server.RaftServer$Division (RaftServerImpl.java:<init>(181)) - 9a2eaa79-e95b-45cd-b00f-a46126e2769a: new RaftServerImpl for group-2C2F94D327A1:[e58ea0e2-171c-4fa7-a930-6c25c8dc249c|rpc:10.1.0.5:36231|priority:0, 9a2eaa79-e95b-45cd-b00f-a46126e2769a|rpc:10.1.0.5:42817|priority:1, 5dfa4197-3b4e-4728-abf2-2d416eda6cfb|rpc:10.1.0.5:45155|priority:0] with ContainerStateMachine:uninitialized
2021-09-22 01:09:26,902 [pool-93-thread-1] INFO  server.RaftServerConfigKeys (ConfUtils.java:logGet(44)) - raft.server.rpc.timeout.min = 5s (custom)
2021-09-22 01:09:26,902 [pool-93-thread-1] INFO  server.RaftServerConfigKeys (ConfUtils.java:logGet(44)) - raft.server.rpc.timeout.max = 5200ms (custom)
2021-09-22 01:09:26,902 [pool-93-thread-1] INFO  server.RaftServerConfigKeys (ConfUtils.java:logGet(44)) - raft.server.rpc.sleep.time = 25ms (default)
2021-09-22 01:09:26,902 [pool-93-thread-1] INFO  server.RaftServerConfigKeys (ConfUtils.java:logGet(44)) - raft.server.rpc.slowness.timeout = 300000ms (custom)
2021-09-22 01:09:26,902 [pool-93-thread-1] INFO  server.RaftServerConfigKeys (ConfUtils.java:logGet(44)) - raft.server.leaderelection.leader.step-down.wait-time = 10s (default)
2021-09-22 01:09:26,903 [pool-93-thread-1] INFO  server.RaftServerConfigKeys (ConfUtils.java:logGet(44)) - raft.server.sleep.deviation.threshold = 300ms (default)
2021-09-22 01:09:26,903 [pool-93-thread-1] INFO  server.RaftServerConfigKeys (ConfUtils.java:logGet(44)) - raft.server.log.appender.install.snapshot.enabled = false (custom)
2021-09-22 01:09:26,903 [pool-93-thread-1] INFO  server.RaftServer$Division (ServerState.java:<init>(105)) - 9a2eaa79-e95b-45cd-b00f-a46126e2769a@group-2C2F94D327A1: ConfigurationManager, init=-1: [e58ea0e2-171c-4fa7-a930-6c25c8dc249c|rpc:10.1.0.5:36231|priority:0, 9a2eaa79-e95b-45cd-b00f-a46126e2769a|rpc:10.1.0.5:42817|priority:1, 5dfa4197-3b4e-4728-abf2-2d416eda6cfb|rpc:10.1.0.5:45155|priority:0], old=null, confs=<EMPTY_MAP>
2021-09-22 01:09:26,903 [pool-93-thread-1] INFO  server.RaftServerConfigKeys (ConfUtils.java:logGet(44)) - raft.server.storage.dir = [/home/runner/work/ozone/ozone/hadoop-ozone/integration-test/target/test-dir/MiniOzoneClusterImpl-25acc1c1-a8f2-4117-88d4-9d8f1e28eca9/datanode-2/data/ratis] (custom)
2021-09-22 01:09:26,903 [pool-93-thread-1] INFO  server.RaftServerConfigKeys (ConfUtils.java:logGet(44)) - raft.server.log.corruption.policy = EXCEPTION (default)
2021-09-22 01:09:26,903 [pool-93-thread-1] INFO  server.RaftServerConfigKeys (ConfUtils.java:logGet(44)) - raft.server.storage.free-space.min = 0MB (=0) (default)
2021-09-22 01:09:26,903 [pool-93-thread-1] INFO  storage.RaftStorageDirectory (RaftStorageDirectoryImpl.java:analyzeStorage(135)) - The storage directory /home/runner/work/ozone/ozone/hadoop-ozone/integration-test/target/test-dir/MiniOzoneClusterImpl-25acc1c1-a8f2-4117-88d4-9d8f1e28eca9/datanode-2/data/ratis/bf874198-aeb4-4bc3-a6e8-2c2f94d327a1 does not exist. Creating ...
2021-09-22 01:09:26,903 [pool-74-thread-1] INFO  util.JmxRegister (JmxRegister.java:tryRegister(44)) - Successfully registered JMX Bean with object name Ratis:service=RaftServer,group=group-2C2F94D327A1,id=e58ea0e2-171c-4fa7-a930-6c25c8dc249c
2021-09-22 01:09:26,904 [pool-55-thread-1] INFO  ratis.ContainerStateMachine (ContainerStateMachine.java:loadSnapshot(224)) - group-2C2F94D327A1: The snapshot info is null. Setting the last applied indexto:(t:0, i:~)
2021-09-22 01:09:26,904 [pool-55-thread-1] INFO  server.RaftServerConfigKeys (ConfUtils.java:logGet(44)) - raft.server.notification.no-leader.timeout = 300000ms (custom)
2021-09-22 01:09:26,904 [pool-55-thread-1] INFO  server.RaftServerConfigKeys (ConfUtils.java:logGet(44)) - raft.server.log.use.memory = false (default)
2021-09-22 01:09:26,904 [pool-55-thread-1] INFO  server.RaftServerConfigKeys (ConfUtils.java:logGet(44)) - raft.server.log.purge.gap = 1000000 (custom)
2021-09-22 01:09:26,904 [pool-55-thread-1] INFO  server.RaftServerConfigKeys (ConfUtils.java:logGet(44)) - raft.server.log.appender.buffer.byte-limit = 33554432 (custom)
2021-09-22 01:09:26,911 [EventQueue-OpenPipelineForHealthyPipelineSafeModeRule] INFO  safemode.SCMSafeModeManager (HealthyPipelineSafeModeRule.java:process(124)) - SCM in safe mode. Healthy pipelines reported count is 0, required healthy pipeline reported count is 1
2021-09-22 01:09:26,912 [pool-93-thread-1] INFO  storage.RaftStorageDirectory (RaftStorageDirectoryImpl.java:tryLock(230)) - Lock on /home/runner/work/ozone/ozone/hadoop-ozone/integration-test/target/test-dir/MiniOzoneClusterImpl-25acc1c1-a8f2-4117-88d4-9d8f1e28eca9/datanode-2/data/ratis/bf874198-aeb4-4bc3-a6e8-2c2f94d327a1/in_use.lock acquired by nodename 21910@fv-az294-326
2021-09-22 01:09:26,912 [Command processor thread] INFO  ratis.XceiverServerRatis (XceiverServerRatis.java:addGroup(762)) - Created group PipelineID=bf874198-aeb4-4bc3-a6e8-2c2f94d327a1
2021-09-22 01:09:26,913 [pool-55-thread-1] INFO  server.RaftServerConfigKeys (ConfUtils.java:logGet(44)) - raft.server.log.segment.size.max = 1048576 (custom)
2021-09-22 01:09:26,914 [pool-55-thread-1] INFO  server.RaftServerConfigKeys (ConfUtils.java:logGet(44)) - raft.server.log.segment.cache.num.max = 2 (custom)
2021-09-22 01:09:26,914 [pool-55-thread-1] INFO  server.RaftServerConfigKeys (ConfUtils.java:logGet(44)) - raft.server.log.segment.cache.size.max = 200MB (=209715200) (default)
2021-09-22 01:09:26,914 [pool-55-thread-1] INFO  segmented.SegmentedRaftLogWorker (SegmentedRaftLogWorker.java:<init>(182)) - new 5dfa4197-3b4e-4728-abf2-2d416eda6cfb@group-2C2F94D327A1-SegmentedRaftLogWorker for RaftStorageImpl:Storage Directory /home/runner/work/ozone/ozone/hadoop-ozone/integration-test/target/test-dir/MiniOzoneClusterImpl-25acc1c1-a8f2-4117-88d4-9d8f1e28eca9/datanode-0/data/ratis/bf874198-aeb4-4bc3-a6e8-2c2f94d327a1
2021-09-22 01:09:26,914 [pool-55-thread-1] INFO  server.RaftServerConfigKeys (ConfUtils.java:logGet(44)) - raft.server.log.queue.byte-limit = 2147483647 (custom)
2021-09-22 01:09:26,914 [pool-55-thread-1] INFO  server.RaftServerConfigKeys (ConfUtils.java:logGet(44)) - raft.server.log.queue.element-limit = 1024 (custom)
2021-09-22 01:09:26,914 [pool-55-thread-1] INFO  server.RaftServerConfigKeys (ConfUtils.java:logGet(44)) - raft.server.log.segment.size.max = 1048576 (custom)
2021-09-22 01:09:26,914 [pool-55-thread-1] INFO  server.RaftServerConfigKeys (ConfUtils.java:logGet(44)) - raft.server.log.preallocated.size = 16384 (custom)
2021-09-22 01:09:26,914 [pool-55-thread-1] INFO  server.RaftServerConfigKeys (ConfUtils.java:logGet(44)) - raft.server.log.force.sync.num = 128 (default)
2021-09-22 01:09:26,914 [pool-55-thread-1] INFO  server.RaftServerConfigKeys (ConfUtils.java:logGet(44)) - raft.server.log.statemachine.data.sync = true (default)
2021-09-22 01:09:26,914 [pool-55-thread-1] INFO  server.RaftServerConfigKeys (ConfUtils.java:logGet(44)) - raft.server.log.statemachine.data.sync.timeout = 10s (default)
2021-09-22 01:09:26,914 [pool-55-thread-1] INFO  server.RaftServerConfigKeys (ConfUtils.java:logGet(44)) - raft.server.log.statemachine.data.sync.timeout.retry = -1 (default)
2021-09-22 01:09:26,915 [pool-55-thread-1] INFO  server.RaftServerConfigKeys (ConfUtils.java:logGet(44)) - raft.server.log.write.buffer.size = 1048576 (custom)
2021-09-22 01:09:26,916 [pool-55-thread-1] INFO  server.RaftServerConfigKeys (ConfUtils.java:logGet(44)) - raft.server.log.statemachine.data.caching.enabled = true (custom)
2021-09-22 01:09:26,916 [pool-55-thread-1] INFO  segmented.SegmentedRaftLogWorker (SegmentedRaftLogWorker.java:lambda$new$0(133)) - 5dfa4197-3b4e-4728-abf2-2d416eda6cfb@group-2C2F94D327A1-SegmentedRaftLogWorker: flushIndex: setUnconditionally 0 -> -1
2021-09-22 01:09:26,916 [pool-55-thread-1] INFO  segmented.SegmentedRaftLogWorker (SegmentedRaftLogWorker.java:lambda$new$0(133)) - 5dfa4197-3b4e-4728-abf2-2d416eda6cfb@group-2C2F94D327A1-SegmentedRaftLogWorker: safeCacheEvictIndex: setUnconditionally 0 -> -1
2021-09-22 01:09:26,916 [pool-55-thread-1] INFO  server.RaftServerConfigKeys (ConfUtils.java:logGet(44)) - raft.server.snapshot.auto.trigger.enabled = true (custom)
2021-09-22 01:09:26,916 [pool-55-thread-1] INFO  server.RaftServerConfigKeys (ConfUtils.java:logGet(44)) - raft.server.snapshot.auto.trigger.threshold = 10000 (custom)
2021-09-22 01:09:26,916 [pool-55-thread-1] INFO  server.RaftServerConfigKeys (ConfUtils.java:logGet(44)) - raft.server.snapshot.retention.file.num = 5 (custom)
2021-09-22 01:09:26,916 [pool-55-thread-1] INFO  server.RaftServerConfigKeys (ConfUtils.java:logGet(44)) - raft.server.log.purge.upto.snapshot.index = false (default)
2021-09-22 01:09:26,916 [pool-55-thread-1] INFO  server.RaftServerConfigKeys (ConfUtils.java:logGet(44)) - raft.server.retrycache.expirytime = 600000ms (custom)
2021-09-22 01:09:26,916 [pool-55-thread-1] INFO  server.RaftServerConfigKeys (ConfUtils.java:logGet(44)) - raft.server.retrycache.statistics.expirytime = 100μs (default)
2021-09-22 01:09:26,922 [pool-55-thread-1] INFO  server.RaftServer$Division (RaftServerImpl.java:start(296)) - 5dfa4197-3b4e-4728-abf2-2d416eda6cfb@group-2C2F94D327A1: start as a follower, conf=-1: [e58ea0e2-171c-4fa7-a930-6c25c8dc249c|rpc:10.1.0.5:36231|priority:0, 9a2eaa79-e95b-45cd-b00f-a46126e2769a|rpc:10.1.0.5:42817|priority:1, 5dfa4197-3b4e-4728-abf2-2d416eda6cfb|rpc:10.1.0.5:45155|priority:0], old=null
2021-09-22 01:09:26,924 [pool-93-thread-1] INFO  storage.RaftStorage (RaftStorageImpl.java:format(89)) - Storage directory /home/runner/work/ozone/ozone/hadoop-ozone/integration-test/target/test-dir/MiniOzoneClusterImpl-25acc1c1-a8f2-4117-88d4-9d8f1e28eca9/datanode-2/data/ratis/bf874198-aeb4-4bc3-a6e8-2c2f94d327a1 has been successfully formatted.
2021-09-22 01:09:26,926 [pool-93-thread-1] INFO  ratis.ContainerStateMachine (ContainerStateMachine.java:loadSnapshot(224)) - group-2C2F94D327A1: The snapshot info is null. Setting the last applied indexto:(t:0, i:~)
2021-09-22 01:09:26,926 [pool-93-thread-1] INFO  server.RaftServerConfigKeys (ConfUtils.java:logGet(44)) - raft.server.notification.no-leader.timeout = 300000ms (custom)
2021-09-22 01:09:26,927 [pool-93-thread-1] INFO  server.RaftServerConfigKeys (ConfUtils.java:logGet(44)) - raft.server.log.use.memory = false (default)
2021-09-22 01:09:26,927 [pool-93-thread-1] INFO  server.RaftServerConfigKeys (ConfUtils.java:logGet(44)) - raft.server.log.purge.gap = 1000000 (custom)
2021-09-22 01:09:26,927 [pool-93-thread-1] INFO  server.RaftServerConfigKeys (ConfUtils.java:logGet(44)) - raft.server.log.appender.buffer.byte-limit = 33554432 (custom)
2021-09-22 01:09:26,927 [pool-93-thread-1] INFO  server.RaftServerConfigKeys (ConfUtils.java:logGet(44)) - raft.server.log.segment.size.max = 1048576 (custom)
2021-09-22 01:09:26,927 [Datanode State Machine Thread - 0] WARN  statemachine.StateContext (StateContext.java:execute(621)) - No available thread in pool for past 1 seconds.
2021-09-22 01:09:26,927 [pool-93-thread-1] INFO  server.RaftServerConfigKeys (ConfUtils.java:logGet(44)) - raft.server.log.segment.cache.num.max = 2 (custom)
2021-09-22 01:09:26,927 [pool-93-thread-1] INFO  server.RaftServerConfigKeys (ConfUtils.java:logGet(44)) - raft.server.log.segment.cache.size.max = 200MB (=209715200) (default)
2021-09-22 01:09:26,927 [pool-93-thread-1] INFO  segmented.SegmentedRaftLogWorker (SegmentedRaftLogWorker.java:<init>(182)) - new 9a2eaa79-e95b-45cd-b00f-a46126e2769a@group-2C2F94D327A1-SegmentedRaftLogWorker for RaftStorageImpl:Storage Directory /home/runner/work/ozone/ozone/hadoop-ozone/integration-test/target/test-dir/MiniOzoneClusterImpl-25acc1c1-a8f2-4117-88d4-9d8f1e28eca9/datanode-2/data/ratis/bf874198-aeb4-4bc3-a6e8-2c2f94d327a1
2021-09-22 01:09:26,927 [pool-93-thread-1] INFO  server.RaftServerConfigKeys (ConfUtils.java:logGet(44)) - raft.server.log.queue.byte-limit = 2147483647 (custom)
2021-09-22 01:09:26,927 [pool-93-thread-1] INFO  server.RaftServerConfigKeys (ConfUtils.java:logGet(44)) - raft.server.log.queue.element-limit = 1024 (custom)
2021-09-22 01:09:26,928 [pool-93-thread-1] INFO  server.RaftServerConfigKeys (ConfUtils.java:logGet(44)) - raft.server.log.segment.size.max = 1048576 (custom)
2021-09-22 01:09:26,928 [pool-93-thread-1] INFO  server.RaftServerConfigKeys (ConfUtils.java:logGet(44)) - raft.server.log.preallocated.size = 16384 (custom)
2021-09-22 01:09:26,928 [pool-93-thread-1] INFO  server.RaftServerConfigKeys (ConfUtils.java:logGet(44)) - raft.server.log.force.sync.num = 128 (default)
2021-09-22 01:09:26,928 [pool-93-thread-1] INFO  server.RaftServerConfigKeys (ConfUtils.java:logGet(44)) - raft.server.log.statemachine.data.sync = true (default)
2021-09-22 01:09:26,928 [pool-93-thread-1] INFO  server.RaftServerConfigKeys (ConfUtils.java:logGet(44)) - raft.server.log.statemachine.data.sync.timeout = 10s (default)
2021-09-22 01:09:26,928 [pool-93-thread-1] INFO  server.RaftServerConfigKeys (ConfUtils.java:logGet(44)) - raft.server.log.statemachine.data.sync.timeout.retry = -1 (default)
2021-09-22 01:09:26,929 [pool-93-thread-1] INFO  server.RaftServerConfigKeys (ConfUtils.java:logGet(44)) - raft.server.log.write.buffer.size = 1048576 (custom)
2021-09-22 01:09:26,929 [pool-93-thread-1] INFO  server.RaftServerConfigKeys (ConfUtils.java:logGet(44)) - raft.server.log.statemachine.data.caching.enabled = true (custom)
2021-09-22 01:09:26,931 [pool-55-thread-1] INFO  server.RaftServer$Division (RaftServerImpl.java:setRole(285)) - 5dfa4197-3b4e-4728-abf2-2d416eda6cfb@group-2C2F94D327A1: changes role from      null to FOLLOWER at term 0 for startAsFollower
2021-09-22 01:09:26,932 [pool-55-thread-1] INFO  impl.RoleInfo (RoleInfo.java:updateAndGet(130)) - 5dfa4197-3b4e-4728-abf2-2d416eda6cfb: start 5dfa4197-3b4e-4728-abf2-2d416eda6cfb@group-2C2F94D327A1-FollowerState
2021-09-22 01:09:26,932 [EventQueue-OpenPipelineForHealthyPipelineSafeModeRule] INFO  safemode.SCMSafeModeManager (HealthyPipelineSafeModeRule.java:process(124)) - SCM in safe mode. Healthy pipelines reported count is 0, required healthy pipeline reported count is 1
2021-09-22 01:09:26,932 [pool-93-thread-1] INFO  segmented.SegmentedRaftLogWorker (SegmentedRaftLogWorker.java:lambda$new$0(133)) - 9a2eaa79-e95b-45cd-b00f-a46126e2769a@group-2C2F94D327A1-SegmentedRaftLogWorker: flushIndex: setUnconditionally 0 -> -1
2021-09-22 01:09:26,932 [pool-93-thread-1] INFO  segmented.SegmentedRaftLogWorker (SegmentedRaftLogWorker.java:lambda$new$0(133)) - 9a2eaa79-e95b-45cd-b00f-a46126e2769a@group-2C2F94D327A1-SegmentedRaftLogWorker: safeCacheEvictIndex: setUnconditionally 0 -> -1
2021-09-22 01:09:26,936 [pool-55-thread-1] INFO  util.JmxRegister (JmxRegister.java:tryRegister(44)) - Successfully registered JMX Bean with object name Ratis:service=RaftServer,group=group-2C2F94D327A1,id=5dfa4197-3b4e-4728-abf2-2d416eda6cfb
2021-09-22 01:09:26,942 [Command processor thread] INFO  ratis.XceiverServerRatis (XceiverServerRatis.java:addGroup(762)) - Created group PipelineID=bf874198-aeb4-4bc3-a6e8-2c2f94d327a1
2021-09-22 01:09:26,947 [pool-93-thread-1] INFO  server.RaftServerConfigKeys (ConfUtils.java:logGet(44)) - raft.server.snapshot.auto.trigger.enabled = true (custom)
2021-09-22 01:09:26,947 [pool-93-thread-1] INFO  server.RaftServerConfigKeys (ConfUtils.java:logGet(44)) - raft.server.snapshot.auto.trigger.threshold = 10000 (custom)
2021-09-22 01:09:26,947 [pool-93-thread-1] INFO  server.RaftServerConfigKeys (ConfUtils.java:logGet(44)) - raft.server.snapshot.retention.file.num = 5 (custom)
2021-09-22 01:09:26,948 [pool-93-thread-1] INFO  server.RaftServerConfigKeys (ConfUtils.java:logGet(44)) - raft.server.log.purge.upto.snapshot.index = false (default)
2021-09-22 01:09:26,948 [pool-93-thread-1] INFO  server.RaftServerConfigKeys (ConfUtils.java:logGet(44)) - raft.server.retrycache.expirytime = 600000ms (custom)
2021-09-22 01:09:26,948 [pool-93-thread-1] INFO  server.RaftServerConfigKeys (ConfUtils.java:logGet(44)) - raft.server.retrycache.statistics.expirytime = 100μs (default)
2021-09-22 01:09:26,949 [pool-93-thread-1] INFO  server.RaftServer$Division (RaftServerImpl.java:start(296)) - 9a2eaa79-e95b-45cd-b00f-a46126e2769a@group-2C2F94D327A1: start as a follower, conf=-1: [e58ea0e2-171c-4fa7-a930-6c25c8dc249c|rpc:10.1.0.5:36231|priority:0, 9a2eaa79-e95b-45cd-b00f-a46126e2769a|rpc:10.1.0.5:42817|priority:1, 5dfa4197-3b4e-4728-abf2-2d416eda6cfb|rpc:10.1.0.5:45155|priority:0], old=null
2021-09-22 01:09:26,949 [pool-93-thread-1] INFO  server.RaftServer$Division (RaftServerImpl.java:setRole(285)) - 9a2eaa79-e95b-45cd-b00f-a46126e2769a@group-2C2F94D327A1: changes role from      null to FOLLOWER at term 0 for startAsFollower
2021-09-22 01:09:26,949 [pool-93-thread-1] INFO  impl.RoleInfo (RoleInfo.java:updateAndGet(130)) - 9a2eaa79-e95b-45cd-b00f-a46126e2769a: start 9a2eaa79-e95b-45cd-b00f-a46126e2769a@group-2C2F94D327A1-FollowerState
2021-09-22 01:09:26,953 [pool-93-thread-1] INFO  util.JmxRegister (JmxRegister.java:tryRegister(44)) - Successfully registered JMX Bean with object name Ratis:service=RaftServer,group=group-2C2F94D327A1,id=9a2eaa79-e95b-45cd-b00f-a46126e2769a
2021-09-22 01:09:26,955 [Command processor thread] INFO  ratis.XceiverServerRatis (XceiverServerRatis.java:addGroup(762)) - Created group PipelineID=bf874198-aeb4-4bc3-a6e8-2c2f94d327a1
2021-09-22 01:09:27,015 [Command processor thread] INFO  commandhandler.CreatePipelineCommandHandler (CreatePipelineCommandHandler.java:handle(106)) - Created Pipeline RATIS THREE PipelineID=bf874198-aeb4-4bc3-a6e8-2c2f94d327a1.
2021-09-22 01:09:27,032 [Command processor thread] INFO  commandhandler.CreatePipelineCommandHandler (CreatePipelineCommandHandler.java:handle(106)) - Created Pipeline RATIS THREE PipelineID=bf874198-aeb4-4bc3-a6e8-2c2f94d327a1.
2021-09-22 01:09:27,037 [Command processor thread] INFO  commandhandler.CreatePipelineCommandHandler (CreatePipelineCommandHandler.java:handle(106)) - Created Pipeline RATIS THREE PipelineID=bf874198-aeb4-4bc3-a6e8-2c2f94d327a1.
2021-09-22 01:09:27,086 [Command processor thread] INFO  server.RaftServer (RaftServerProxy.java:addNew(95)) - fff18091-4bc4-4dc4-9e0e-c7b7b9f7a092: addNew group-FC12D3EA79D0:[fff18091-4bc4-4dc4-9e0e-c7b7b9f7a092|rpc:10.1.0.5:43419|priority:1] returns group-FC12D3EA79D0:java.util.concurrent.CompletableFuture@7212a5d3[Not completed]
2021-09-22 01:09:27,089 [pool-112-thread-1] INFO  server.RaftServer$Division (RaftServerImpl.java:<init>(181)) - fff18091-4bc4-4dc4-9e0e-c7b7b9f7a092: new RaftServerImpl for group-FC12D3EA79D0:[fff18091-4bc4-4dc4-9e0e-c7b7b9f7a092|rpc:10.1.0.5:43419|priority:1] with ContainerStateMachine:uninitialized
2021-09-22 01:09:27,091 [pool-112-thread-1] INFO  server.RaftServerConfigKeys (ConfUtils.java:logGet(44)) - raft.server.rpc.timeout.min = 5s (custom)
2021-09-22 01:09:27,092 [pool-112-thread-1] INFO  server.RaftServerConfigKeys (ConfUtils.java:logGet(44)) - raft.server.rpc.timeout.max = 5200ms (custom)
2021-09-22 01:09:27,092 [pool-112-thread-1] INFO  server.RaftServerConfigKeys (ConfUtils.java:logGet(44)) - raft.server.rpc.sleep.time = 25ms (default)
2021-09-22 01:09:27,092 [pool-112-thread-1] INFO  server.RaftServerConfigKeys (ConfUtils.java:logGet(44)) - raft.server.rpc.slowness.timeout = 300000ms (custom)
2021-09-22 01:09:27,092 [pool-112-thread-1] INFO  server.RaftServerConfigKeys (ConfUtils.java:logGet(44)) - raft.server.leaderelection.leader.step-down.wait-time = 10s (default)
2021-09-22 01:09:27,092 [pool-112-thread-1] INFO  server.RaftServerConfigKeys (ConfUtils.java:logGet(44)) - raft.server.sleep.deviation.threshold = 300ms (default)
2021-09-22 01:09:27,092 [pool-112-thread-1] INFO  server.RaftServerConfigKeys (ConfUtils.java:logGet(44)) - raft.server.log.appender.install.snapshot.enabled = false (custom)
2021-09-22 01:09:27,092 [pool-112-thread-1] INFO  server.RaftServer$Division (ServerState.java:<init>(105)) - fff18091-4bc4-4dc4-9e0e-c7b7b9f7a092@group-FC12D3EA79D0: ConfigurationManager, init=-1: [fff18091-4bc4-4dc4-9e0e-c7b7b9f7a092|rpc:10.1.0.5:43419|priority:1], old=null, confs=<EMPTY_MAP>
2021-09-22 01:09:27,092 [pool-112-thread-1] INFO  server.RaftServerConfigKeys (ConfUtils.java:logGet(44)) - raft.server.storage.dir = [/home/runner/work/ozone/ozone/hadoop-ozone/integration-test/target/test-dir/MiniOzoneClusterImpl-25acc1c1-a8f2-4117-88d4-9d8f1e28eca9/datanode-3/data/ratis] (custom)
2021-09-22 01:09:27,092 [pool-112-thread-1] INFO  server.RaftServerConfigKeys (ConfUtils.java:logGet(44)) - raft.server.log.corruption.policy = EXCEPTION (default)
2021-09-22 01:09:27,092 [pool-112-thread-1] INFO  server.RaftServerConfigKeys (ConfUtils.java:logGet(44)) - raft.server.storage.free-space.min = 0MB (=0) (default)
2021-09-22 01:09:27,092 [pool-112-thread-1] INFO  storage.RaftStorageDirectory (RaftStorageDirectoryImpl.java:analyzeStorage(135)) - The storage directory /home/runner/work/ozone/ozone/hadoop-ozone/integration-test/target/test-dir/MiniOzoneClusterImpl-25acc1c1-a8f2-4117-88d4-9d8f1e28eca9/datanode-3/data/ratis/ba993a31-53ec-4478-b060-fc12d3ea79d0 does not exist. Creating ...
2021-09-22 01:09:27,095 [pool-112-thread-1] INFO  storage.RaftStorageDirectory (RaftStorageDirectoryImpl.java:tryLock(230)) - Lock on /home/runner/work/ozone/ozone/hadoop-ozone/integration-test/target/test-dir/MiniOzoneClusterImpl-25acc1c1-a8f2-4117-88d4-9d8f1e28eca9/datanode-3/data/ratis/ba993a31-53ec-4478-b060-fc12d3ea79d0/in_use.lock acquired by nodename 21910@fv-az294-326
2021-09-22 01:09:27,096 [pool-112-thread-1] INFO  storage.RaftStorage (RaftStorageImpl.java:format(89)) - Storage directory /home/runner/work/ozone/ozone/hadoop-ozone/integration-test/target/test-dir/MiniOzoneClusterImpl-25acc1c1-a8f2-4117-88d4-9d8f1e28eca9/datanode-3/data/ratis/ba993a31-53ec-4478-b060-fc12d3ea79d0 has been successfully formatted.
2021-09-22 01:09:27,097 [pool-112-thread-1] INFO  ratis.ContainerStateMachine (ContainerStateMachine.java:loadSnapshot(224)) - group-FC12D3EA79D0: The snapshot info is null. Setting the last applied indexto:(t:0, i:~)
2021-09-22 01:09:27,098 [pool-112-thread-1] INFO  server.RaftServerConfigKeys (ConfUtils.java:logGet(44)) - raft.server.notification.no-leader.timeout = 300000ms (custom)
2021-09-22 01:09:27,097 [Datanode State Machine Thread - 0] WARN  statemachine.StateContext (StateContext.java:execute(621)) - No available thread in pool for past 1 seconds.
2021-09-22 01:09:27,099 [EventQueue-PipelineReportForPipelineReportHandler] INFO  pipeline.PipelineManagerImpl (PipelineManagerImpl.java:openPipeline(282)) - Pipeline Pipeline[ Id: ba993a31-53ec-4478-b060-fc12d3ea79d0, Nodes: fff18091-4bc4-4dc4-9e0e-c7b7b9f7a092{ip: 10.1.0.5, host: fv-az294-326.eaanfquahm5ulb5tj050gcxych.jx.internal.cloudapp.net, ports: [REPLICATION=42601, RATIS=43419, RATIS_ADMIN=43419, RATIS_SERVER=43419, STANDALONE=44117], networkLocation: /default-rack, certSerialId: null, persistedOpState: IN_SERVICE, persistedOpStateExpiryEpochSec: 0}, ReplicationConfig: RATIS/ONE, State:ALLOCATED, leaderId:fff18091-4bc4-4dc4-9e0e-c7b7b9f7a092, CreationTimestamp2021-09-22T01:09:24.090Z[Etc/UTC]] moved to OPEN state
2021-09-22 01:09:27,100 [EventQueue-OpenPipelineForHealthyPipelineSafeModeRule] INFO  safemode.SCMSafeModeManager (HealthyPipelineSafeModeRule.java:process(124)) - SCM in safe mode. Healthy pipelines reported count is 0, required healthy pipeline reported count is 1
2021-09-22 01:09:27,101 [pool-112-thread-1] INFO  server.RaftServerConfigKeys (ConfUtils.java:logGet(44)) - raft.server.log.use.memory = false (default)
2021-09-22 01:09:27,102 [pool-112-thread-1] INFO  server.RaftServerConfigKeys (ConfUtils.java:logGet(44)) - raft.server.log.purge.gap = 1000000 (custom)
2021-09-22 01:09:27,102 [pool-112-thread-1] INFO  server.RaftServerConfigKeys (ConfUtils.java:logGet(44)) - raft.server.log.appender.buffer.byte-limit = 33554432 (custom)
2021-09-22 01:09:27,102 [pool-112-thread-1] INFO  server.RaftServerConfigKeys (ConfUtils.java:logGet(44)) - raft.server.log.segment.size.max = 1048576 (custom)
2021-09-22 01:09:27,102 [pool-112-thread-1] INFO  server.RaftServerConfigKeys (ConfUtils.java:logGet(44)) - raft.server.log.segment.cache.num.max = 2 (custom)
2021-09-22 01:09:27,102 [pool-112-thread-1] INFO  server.RaftServerConfigKeys (ConfUtils.java:logGet(44)) - raft.server.log.segment.cache.size.max = 200MB (=209715200) (default)
2021-09-22 01:09:27,102 [pool-112-thread-1] INFO  segmented.SegmentedRaftLogWorker (SegmentedRaftLogWorker.java:<init>(182)) - new fff18091-4bc4-4dc4-9e0e-c7b7b9f7a092@group-FC12D3EA79D0-SegmentedRaftLogWorker for RaftStorageImpl:Storage Directory /home/runner/work/ozone/ozone/hadoop-ozone/integration-test/target/test-dir/MiniOzoneClusterImpl-25acc1c1-a8f2-4117-88d4-9d8f1e28eca9/datanode-3/data/ratis/ba993a31-53ec-4478-b060-fc12d3ea79d0
2021-09-22 01:09:27,102 [pool-112-thread-1] INFO  server.RaftServerConfigKeys (ConfUtils.java:logGet(44)) - raft.server.log.queue.byte-limit = 2147483647 (custom)
2021-09-22 01:09:27,102 [pool-112-thread-1] INFO  server.RaftServerConfigKeys (ConfUtils.java:logGet(44)) - raft.server.log.queue.element-limit = 1024 (custom)
2021-09-22 01:09:27,103 [pool-112-thread-1] INFO  server.RaftServerConfigKeys (ConfUtils.java:logGet(44)) - raft.server.log.segment.size.max = 1048576 (custom)
2021-09-22 01:09:27,103 [pool-112-thread-1] INFO  server.RaftServerConfigKeys (ConfUtils.java:logGet(44)) - raft.server.log.preallocated.size = 16384 (custom)
2021-09-22 01:09:27,103 [pool-112-thread-1] INFO  server.RaftServerConfigKeys (ConfUtils.java:logGet(44)) - raft.server.log.force.sync.num = 128 (default)
2021-09-22 01:09:27,103 [pool-112-thread-1] INFO  server.RaftServerConfigKeys (ConfUtils.java:logGet(44)) - raft.server.log.statemachine.data.sync = true (default)
2021-09-22 01:09:27,103 [pool-112-thread-1] INFO  server.RaftServerConfigKeys (ConfUtils.java:logGet(44)) - raft.server.log.statemachine.data.sync.timeout = 10s (default)
2021-09-22 01:09:27,103 [pool-112-thread-1] INFO  server.RaftServerConfigKeys (ConfUtils.java:logGet(44)) - raft.server.log.statemachine.data.sync.timeout.retry = -1 (default)
2021-09-22 01:09:27,104 [pool-112-thread-1] INFO  server.RaftServerConfigKeys (ConfUtils.java:logGet(44)) - raft.server.log.write.buffer.size = 1048576 (custom)
2021-09-22 01:09:27,104 [pool-112-thread-1] INFO  server.RaftServerConfigKeys (ConfUtils.java:logGet(44)) - raft.server.log.statemachine.data.caching.enabled = true (custom)
2021-09-22 01:09:27,104 [pool-112-thread-1] INFO  segmented.SegmentedRaftLogWorker (SegmentedRaftLogWorker.java:lambda$new$0(133)) - fff18091-4bc4-4dc4-9e0e-c7b7b9f7a092@group-FC12D3EA79D0-SegmentedRaftLogWorker: flushIndex: setUnconditionally 0 -> -1
2021-09-22 01:09:27,105 [pool-112-thread-1] INFO  segmented.SegmentedRaftLogWorker (SegmentedRaftLogWorker.java:lambda$new$0(133)) - fff18091-4bc4-4dc4-9e0e-c7b7b9f7a092@group-FC12D3EA79D0-SegmentedRaftLogWorker: safeCacheEvictIndex: setUnconditionally 0 -> -1
2021-09-22 01:09:27,108 [pool-112-thread-1] INFO  server.RaftServerConfigKeys (ConfUtils.java:logGet(44)) - raft.server.snapshot.auto.trigger.enabled = true (custom)
2021-09-22 01:09:27,108 [pool-112-thread-1] INFO  server.RaftServerConfigKeys (ConfUtils.java:logGet(44)) - raft.server.snapshot.auto.trigger.threshold = 10000 (custom)
2021-09-22 01:09:27,108 [pool-112-thread-1] INFO  server.RaftServerConfigKeys (ConfUtils.java:logGet(44)) - raft.server.snapshot.retention.file.num = 5 (custom)
2021-09-22 01:09:27,108 [pool-112-thread-1] INFO  server.RaftServerConfigKeys (ConfUtils.java:logGet(44)) - raft.server.log.purge.upto.snapshot.index = false (default)
2021-09-22 01:09:27,108 [pool-112-thread-1] INFO  server.RaftServerConfigKeys (ConfUtils.java:logGet(44)) - raft.server.retrycache.expirytime = 600000ms (custom)
2021-09-22 01:09:27,108 [pool-112-thread-1] INFO  server.RaftServerConfigKeys (ConfUtils.java:logGet(44)) - raft.server.retrycache.statistics.expirytime = 100μs (default)
2021-09-22 01:09:27,109 [pool-112-thread-1] INFO  server.RaftServer$Division (RaftServerImpl.java:start(296)) - fff18091-4bc4-4dc4-9e0e-c7b7b9f7a092@group-FC12D3EA79D0: start as a follower, conf=-1: [fff18091-4bc4-4dc4-9e0e-c7b7b9f7a092|rpc:10.1.0.5:43419|priority:1], old=null
2021-09-22 01:09:27,109 [pool-112-thread-1] INFO  server.RaftServer$Division (RaftServerImpl.java:setRole(285)) - fff18091-4bc4-4dc4-9e0e-c7b7b9f7a092@group-FC12D3EA79D0: changes role from      null to FOLLOWER at term 0 for startAsFollower
2021-09-22 01:09:27,109 [pool-112-thread-1] INFO  impl.RoleInfo (RoleInfo.java:updateAndGet(130)) - fff18091-4bc4-4dc4-9e0e-c7b7b9f7a092: start fff18091-4bc4-4dc4-9e0e-c7b7b9f7a092@group-FC12D3EA79D0-FollowerState
2021-09-22 01:09:27,111 [pool-112-thread-1] INFO  util.JmxRegister (JmxRegister.java:tryRegister(44)) - Successfully registered JMX Bean with object name Ratis:service=RaftServer,group=group-FC12D3EA79D0,id=fff18091-4bc4-4dc4-9e0e-c7b7b9f7a092
2021-09-22 01:09:27,115 [Command processor thread] INFO  ratis.XceiverServerRatis (XceiverServerRatis.java:addGroup(762)) - Created group PipelineID=ba993a31-53ec-4478-b060-fc12d3ea79d0
2021-09-22 01:09:27,115 [Command processor thread] INFO  commandhandler.CreatePipelineCommandHandler (CreatePipelineCommandHandler.java:handle(106)) - Created Pipeline RATIS ONE PipelineID=ba993a31-53ec-4478-b060-fc12d3ea79d0.
2021-09-22 01:09:27,115 [Command processor thread] INFO  server.RaftServer (RaftServerProxy.java:addNew(95)) - fff18091-4bc4-4dc4-9e0e-c7b7b9f7a092: addNew group-364F2152D5CE:[0d23f380-5b64-4336-bea7-d12bd7eaa710|rpc:10.1.0.5:40155|priority:1, 46189feb-569c-4e6f-be55-dc7298009a0b|rpc:10.1.0.5:40371|priority:0, fff18091-4bc4-4dc4-9e0e-c7b7b9f7a092|rpc:10.1.0.5:43419|priority:0] returns group-364F2152D5CE:java.util.concurrent.CompletableFuture@762d2f49[Not completed]
2021-09-22 01:09:27,117 [pool-112-thread-1] INFO  server.RaftServer$Division (RaftServerImpl.java:<init>(181)) - fff18091-4bc4-4dc4-9e0e-c7b7b9f7a092: new RaftServerImpl for group-364F2152D5CE:[0d23f380-5b64-4336-bea7-d12bd7eaa710|rpc:10.1.0.5:40155|priority:1, 46189feb-569c-4e6f-be55-dc7298009a0b|rpc:10.1.0.5:40371|priority:0, fff18091-4bc4-4dc4-9e0e-c7b7b9f7a092|rpc:10.1.0.5:43419|priority:0] with ContainerStateMachine:uninitialized
2021-09-22 01:09:27,118 [pool-112-thread-1] INFO  server.RaftServerConfigKeys (ConfUtils.java:logGet(44)) - raft.server.rpc.timeout.min = 5s (custom)
2021-09-22 01:09:27,118 [pool-112-thread-1] INFO  server.RaftServerConfigKeys (ConfUtils.java:logGet(44)) - raft.server.rpc.timeout.max = 5200ms (custom)
2021-09-22 01:09:27,118 [pool-112-thread-1] INFO  server.RaftServerConfigKeys (ConfUtils.java:logGet(44)) - raft.server.rpc.sleep.time = 25ms (default)
2021-09-22 01:09:27,118 [pool-112-thread-1] INFO  server.RaftServerConfigKeys (ConfUtils.java:logGet(44)) - raft.server.rpc.slowness.timeout = 300000ms (custom)
2021-09-22 01:09:27,118 [pool-112-thread-1] INFO  server.RaftServerConfigKeys (ConfUtils.java:logGet(44)) - raft.server.leaderelection.leader.step-down.wait-time = 10s (default)
2021-09-22 01:09:27,118 [pool-112-thread-1] INFO  server.RaftServerConfigKeys (ConfUtils.java:logGet(44)) - raft.server.sleep.deviation.threshold = 300ms (default)
2021-09-22 01:09:27,118 [pool-112-thread-1] INFO  server.RaftServerConfigKeys (ConfUtils.java:logGet(44)) - raft.server.log.appender.install.snapshot.enabled = false (custom)
2021-09-22 01:09:27,118 [pool-112-thread-1] INFO  server.RaftServer$Division (ServerState.java:<init>(105)) - fff18091-4bc4-4dc4-9e0e-c7b7b9f7a092@group-364F2152D5CE: ConfigurationManager, init=-1: [0d23f380-5b64-4336-bea7-d12bd7eaa710|rpc:10.1.0.5:40155|priority:1, 46189feb-569c-4e6f-be55-dc7298009a0b|rpc:10.1.0.5:40371|priority:0, fff18091-4bc4-4dc4-9e0e-c7b7b9f7a092|rpc:10.1.0.5:43419|priority:0], old=null, confs=<EMPTY_MAP>
2021-09-22 01:09:27,118 [pool-112-thread-1] INFO  server.RaftServerConfigKeys (ConfUtils.java:logGet(44)) - raft.server.storage.dir = [/home/runner/work/ozone/ozone/hadoop-ozone/integration-test/target/test-dir/MiniOzoneClusterImpl-25acc1c1-a8f2-4117-88d4-9d8f1e28eca9/datanode-3/data/ratis] (custom)
2021-09-22 01:09:27,118 [pool-112-thread-1] INFO  server.RaftServerConfigKeys (ConfUtils.java:logGet(44)) - raft.server.log.corruption.policy = EXCEPTION (default)
2021-09-22 01:09:27,118 [pool-112-thread-1] INFO  server.RaftServerConfigKeys (ConfUtils.java:logGet(44)) - raft.server.storage.free-space.min = 0MB (=0) (default)
2021-09-22 01:09:27,118 [pool-112-thread-1] INFO  storage.RaftStorageDirectory (RaftStorageDirectoryImpl.java:analyzeStorage(135)) - The storage directory /home/runner/work/ozone/ozone/hadoop-ozone/integration-test/target/test-dir/MiniOzoneClusterImpl-25acc1c1-a8f2-4117-88d4-9d8f1e28eca9/datanode-3/data/ratis/8dc922f3-9a9c-404c-8e65-364f2152d5ce does not exist. Creating ...
2021-09-22 01:09:27,119 [pool-112-thread-1] INFO  storage.RaftStorageDirectory (RaftStorageDirectoryImpl.java:tryLock(230)) - Lock on /home/runner/work/ozone/ozone/hadoop-ozone/integration-test/target/test-dir/MiniOzoneClusterImpl-25acc1c1-a8f2-4117-88d4-9d8f1e28eca9/datanode-3/data/ratis/8dc922f3-9a9c-404c-8e65-364f2152d5ce/in_use.lock acquired by nodename 21910@fv-az294-326
2021-09-22 01:09:27,121 [pool-112-thread-1] INFO  storage.RaftStorage (RaftStorageImpl.java:format(89)) - Storage directory /home/runner/work/ozone/ozone/hadoop-ozone/integration-test/target/test-dir/MiniOzoneClusterImpl-25acc1c1-a8f2-4117-88d4-9d8f1e28eca9/datanode-3/data/ratis/8dc922f3-9a9c-404c-8e65-364f2152d5ce has been successfully formatted.
2021-09-22 01:09:27,121 [pool-112-thread-1] INFO  ratis.ContainerStateMachine (ContainerStateMachine.java:loadSnapshot(224)) - group-364F2152D5CE: The snapshot info is null. Setting the last applied indexto:(t:0, i:~)
2021-09-22 01:09:27,121 [pool-112-thread-1] INFO  server.RaftServerConfigKeys (ConfUtils.java:logGet(44)) - raft.server.notification.no-leader.timeout = 300000ms (custom)
2021-09-22 01:09:27,121 [pool-112-thread-1] INFO  server.RaftServerConfigKeys (ConfUtils.java:logGet(44)) - raft.server.log.use.memory = false (default)
2021-09-22 01:09:27,121 [pool-112-thread-1] INFO  server.RaftServerConfigKeys (ConfUtils.java:logGet(44)) - raft.server.log.purge.gap = 1000000 (custom)
2021-09-22 01:09:27,121 [pool-112-thread-1] INFO  server.RaftServerConfigKeys (ConfUtils.java:logGet(44)) - raft.server.log.appender.buffer.byte-limit = 33554432 (custom)
2021-09-22 01:09:27,122 [pool-112-thread-1] INFO  server.RaftServerConfigKeys (ConfUtils.java:logGet(44)) - raft.server.log.segment.size.max = 1048576 (custom)
2021-09-22 01:09:27,121 [Datanode State Machine Thread - 0] WARN  statemachine.StateContext (StateContext.java:execute(621)) - No available thread in pool for past 1 seconds.
2021-09-22 01:09:27,123 [EventQueue-OpenPipelineForHealthyPipelineSafeModeRule] INFO  safemode.SCMSafeModeManager (HealthyPipelineSafeModeRule.java:process(124)) - SCM in safe mode. Healthy pipelines reported count is 0, required healthy pipeline reported count is 1
2021-09-22 01:09:27,123 [pool-112-thread-1] INFO  server.RaftServerConfigKeys (ConfUtils.java:logGet(44)) - raft.server.log.segment.cache.num.max = 2 (custom)
2021-09-22 01:09:27,123 [pool-112-thread-1] INFO  server.RaftServerConfigKeys (ConfUtils.java:logGet(44)) - raft.server.log.segment.cache.size.max = 200MB (=209715200) (default)
2021-09-22 01:09:27,123 [pool-112-thread-1] INFO  segmented.SegmentedRaftLogWorker (SegmentedRaftLogWorker.java:<init>(182)) - new fff18091-4bc4-4dc4-9e0e-c7b7b9f7a092@group-364F2152D5CE-SegmentedRaftLogWorker for RaftStorageImpl:Storage Directory /home/runner/work/ozone/ozone/hadoop-ozone/integration-test/target/test-dir/MiniOzoneClusterImpl-25acc1c1-a8f2-4117-88d4-9d8f1e28eca9/datanode-3/data/ratis/8dc922f3-9a9c-404c-8e65-364f2152d5ce
2021-09-22 01:09:27,123 [pool-112-thread-1] INFO  server.RaftServerConfigKeys (ConfUtils.java:logGet(44)) - raft.server.log.queue.byte-limit = 2147483647 (custom)
2021-09-22 01:09:27,123 [pool-112-thread-1] INFO  server.RaftServerConfigKeys (ConfUtils.java:logGet(44)) - raft.server.log.queue.element-limit = 1024 (custom)
2021-09-22 01:09:27,124 [pool-112-thread-1] INFO  server.RaftServerConfigKeys (ConfUtils.java:logGet(44)) - raft.server.log.segment.size.max = 1048576 (custom)
2021-09-22 01:09:27,124 [pool-112-thread-1] INFO  server.RaftServerConfigKeys (ConfUtils.java:logGet(44)) - raft.server.log.preallocated.size = 16384 (custom)
2021-09-22 01:09:27,124 [pool-112-thread-1] INFO  server.RaftServerConfigKeys (ConfUtils.java:logGet(44)) - raft.server.log.force.sync.num = 128 (default)
2021-09-22 01:09:27,124 [pool-112-thread-1] INFO  server.RaftServerConfigKeys (ConfUtils.java:logGet(44)) - raft.server.log.statemachine.data.sync = true (default)
2021-09-22 01:09:27,124 [pool-112-thread-1] INFO  server.RaftServerConfigKeys (ConfUtils.java:logGet(44)) - raft.server.log.statemachine.data.sync.timeout = 10s (default)
2021-09-22 01:09:27,124 [pool-112-thread-1] INFO  server.RaftServerConfigKeys (ConfUtils.java:logGet(44)) - raft.server.log.statemachine.data.sync.timeout.retry = -1 (default)
2021-09-22 01:09:27,125 [pool-112-thread-1] INFO  server.RaftServerConfigKeys (ConfUtils.java:logGet(44)) - raft.server.log.write.buffer.size = 1048576 (custom)
2021-09-22 01:09:27,126 [pool-112-thread-1] INFO  server.RaftServerConfigKeys (ConfUtils.java:logGet(44)) - raft.server.log.statemachine.data.caching.enabled = true (custom)
2021-09-22 01:09:27,126 [pool-112-thread-1] INFO  segmented.SegmentedRaftLogWorker (SegmentedRaftLogWorker.java:lambda$new$0(133)) - fff18091-4bc4-4dc4-9e0e-c7b7b9f7a092@group-364F2152D5CE-SegmentedRaftLogWorker: flushIndex: setUnconditionally 0 -> -1
2021-09-22 01:09:27,126 [pool-112-thread-1] INFO  segmented.SegmentedRaftLogWorker (SegmentedRaftLogWorker.java:lambda$new$0(133)) - fff18091-4bc4-4dc4-9e0e-c7b7b9f7a092@group-364F2152D5CE-SegmentedRaftLogWorker: safeCacheEvictIndex: setUnconditionally 0 -> -1
2021-09-22 01:09:27,130 [pool-112-thread-1] INFO  server.RaftServerConfigKeys (ConfUtils.java:logGet(44)) - raft.server.snapshot.auto.trigger.enabled = true (custom)
2021-09-22 01:09:27,130 [pool-112-thread-1] INFO  server.RaftServerConfigKeys (ConfUtils.java:logGet(44)) - raft.server.snapshot.auto.trigger.threshold = 10000 (custom)
2021-09-22 01:09:27,130 [pool-112-thread-1] INFO  server.RaftServerConfigKeys (ConfUtils.java:logGet(44)) - raft.server.snapshot.retention.file.num = 5 (custom)
2021-09-22 01:09:27,130 [pool-112-thread-1] INFO  server.RaftServerConfigKeys (ConfUtils.java:logGet(44)) - raft.server.log.purge.upto.snapshot.index = false (default)
2021-09-22 01:09:27,130 [pool-112-thread-1] INFO  server.RaftServerConfigKeys (ConfUtils.java:logGet(44)) - raft.server.retrycache.expirytime = 600000ms (custom)
2021-09-22 01:09:27,130 [pool-112-thread-1] INFO  server.RaftServerConfigKeys (ConfUtils.java:logGet(44)) - raft.server.retrycache.statistics.expirytime = 100μs (default)
2021-09-22 01:09:27,133 [pool-112-thread-1] INFO  server.RaftServer$Division (RaftServerImpl.java:start(296)) - fff18091-4bc4-4dc4-9e0e-c7b7b9f7a092@group-364F2152D5CE: start as a follower, conf=-1: [0d23f380-5b64-4336-bea7-d12bd7eaa710|rpc:10.1.0.5:40155|priority:1, 46189feb-569c-4e6f-be55-dc7298009a0b|rpc:10.1.0.5:40371|priority:0, fff18091-4bc4-4dc4-9e0e-c7b7b9f7a092|rpc:10.1.0.5:43419|priority:0], old=null
2021-09-22 01:09:27,133 [pool-112-thread-1] INFO  server.RaftServer$Division (RaftServerImpl.java:setRole(285)) - fff18091-4bc4-4dc4-9e0e-c7b7b9f7a092@group-364F2152D5CE: changes role from      null to FOLLOWER at term 0 for startAsFollower
2021-09-22 01:09:27,134 [pool-112-thread-1] INFO  impl.RoleInfo (RoleInfo.java:updateAndGet(130)) - fff18091-4bc4-4dc4-9e0e-c7b7b9f7a092: start fff18091-4bc4-4dc4-9e0e-c7b7b9f7a092@group-364F2152D5CE-FollowerState
2021-09-22 01:09:27,134 [pool-112-thread-1] INFO  util.JmxRegister (JmxRegister.java:tryRegister(44)) - Successfully registered JMX Bean with object name Ratis:service=RaftServer,group=group-364F2152D5CE,id=fff18091-4bc4-4dc4-9e0e-c7b7b9f7a092
2021-09-22 01:09:27,135 [Command processor thread] INFO  ratis.XceiverServerRatis (XceiverServerRatis.java:addGroup(762)) - Created group PipelineID=8dc922f3-9a9c-404c-8e65-364f2152d5ce
2021-09-22 01:09:27,150 [grpc-default-executor-0] INFO  server.RaftServer (RaftServerProxy.java:addNew(95)) - 46189feb-569c-4e6f-be55-dc7298009a0b: addNew group-364F2152D5CE:[0d23f380-5b64-4336-bea7-d12bd7eaa710|rpc:10.1.0.5:40155|dataStream:|priority:1, 46189feb-569c-4e6f-be55-dc7298009a0b|rpc:10.1.0.5:40371|dataStream:|priority:0, fff18091-4bc4-4dc4-9e0e-c7b7b9f7a092|rpc:10.1.0.5:43419|dataStream:|priority:0] returns group-364F2152D5CE:java.util.concurrent.CompletableFuture@14c2ccb4[Not completed]
2021-09-22 01:09:27,153 [pool-131-thread-1] INFO  server.RaftServer$Division (RaftServerImpl.java:<init>(181)) - 46189feb-569c-4e6f-be55-dc7298009a0b: new RaftServerImpl for group-364F2152D5CE:[0d23f380-5b64-4336-bea7-d12bd7eaa710|rpc:10.1.0.5:40155|dataStream:|priority:1, 46189feb-569c-4e6f-be55-dc7298009a0b|rpc:10.1.0.5:40371|dataStream:|priority:0, fff18091-4bc4-4dc4-9e0e-c7b7b9f7a092|rpc:10.1.0.5:43419|dataStream:|priority:0] with ContainerStateMachine:uninitialized
2021-09-22 01:09:27,153 [pool-131-thread-1] INFO  server.RaftServerConfigKeys (ConfUtils.java:logGet(44)) - raft.server.rpc.timeout.min = 5s (custom)
2021-09-22 01:09:27,153 [pool-131-thread-1] INFO  server.RaftServerConfigKeys (ConfUtils.java:logGet(44)) - raft.server.rpc.timeout.max = 5200ms (custom)
2021-09-22 01:09:27,154 [pool-131-thread-1] INFO  server.RaftServerConfigKeys (ConfUtils.java:logGet(44)) - raft.server.rpc.sleep.time = 25ms (default)
2021-09-22 01:09:27,154 [pool-131-thread-1] INFO  server.RaftServerConfigKeys (ConfUtils.java:logGet(44)) - raft.server.rpc.slowness.timeout = 300000ms (custom)
2021-09-22 01:09:27,154 [pool-131-thread-1] INFO  server.RaftServerConfigKeys (ConfUtils.java:logGet(44)) - raft.server.leaderelection.leader.step-down.wait-time = 10s (default)
2021-09-22 01:09:27,154 [pool-131-thread-1] INFO  server.RaftServerConfigKeys (ConfUtils.java:logGet(44)) - raft.server.sleep.deviation.threshold = 300ms (default)
2021-09-22 01:09:27,154 [pool-131-thread-1] INFO  server.RaftServerConfigKeys (ConfUtils.java:logGet(44)) - raft.server.log.appender.install.snapshot.enabled = false (custom)
2021-09-22 01:09:27,154 [pool-131-thread-1] INFO  server.RaftServer$Division (ServerState.java:<init>(105)) - 46189feb-569c-4e6f-be55-dc7298009a0b@group-364F2152D5CE: ConfigurationManager, init=-1: [0d23f380-5b64-4336-bea7-d12bd7eaa710|rpc:10.1.0.5:40155|dataStream:|priority:1, 46189feb-569c-4e6f-be55-dc7298009a0b|rpc:10.1.0.5:40371|dataStream:|priority:0, fff18091-4bc4-4dc4-9e0e-c7b7b9f7a092|rpc:10.1.0.5:43419|dataStream:|priority:0], old=null, confs=<EMPTY_MAP>
2021-09-22 01:09:27,154 [pool-131-thread-1] INFO  server.RaftServerConfigKeys (ConfUtils.java:logGet(44)) - raft.server.storage.dir = [/home/runner/work/ozone/ozone/hadoop-ozone/integration-test/target/test-dir/MiniOzoneClusterImpl-25acc1c1-a8f2-4117-88d4-9d8f1e28eca9/datanode-4/data/ratis] (custom)
2021-09-22 01:09:27,154 [pool-131-thread-1] INFO  server.RaftServerConfigKeys (ConfUtils.java:logGet(44)) - raft.server.log.corruption.policy = EXCEPTION (default)
2021-09-22 01:09:27,154 [pool-131-thread-1] INFO  server.RaftServerConfigKeys (ConfUtils.java:logGet(44)) - raft.server.storage.free-space.min = 0MB (=0) (default)
2021-09-22 01:09:27,154 [pool-131-thread-1] INFO  storage.RaftStorageDirectory (RaftStorageDirectoryImpl.java:analyzeStorage(135)) - The storage directory /home/runner/work/ozone/ozone/hadoop-ozone/integration-test/target/test-dir/MiniOzoneClusterImpl-25acc1c1-a8f2-4117-88d4-9d8f1e28eca9/datanode-4/data/ratis/8dc922f3-9a9c-404c-8e65-364f2152d5ce does not exist. Creating ...
2021-09-22 01:09:27,158 [pool-131-thread-1] INFO  storage.RaftStorageDirectory (RaftStorageDirectoryImpl.java:tryLock(230)) - Lock on /home/runner/work/ozone/ozone/hadoop-ozone/integration-test/target/test-dir/MiniOzoneClusterImpl-25acc1c1-a8f2-4117-88d4-9d8f1e28eca9/datanode-4/data/ratis/8dc922f3-9a9c-404c-8e65-364f2152d5ce/in_use.lock acquired by nodename 21910@fv-az294-326
2021-09-22 01:09:27,159 [pool-131-thread-1] INFO  storage.RaftStorage (RaftStorageImpl.java:format(89)) - Storage directory /home/runner/work/ozone/ozone/hadoop-ozone/integration-test/target/test-dir/MiniOzoneClusterImpl-25acc1c1-a8f2-4117-88d4-9d8f1e28eca9/datanode-4/data/ratis/8dc922f3-9a9c-404c-8e65-364f2152d5ce has been successfully formatted.
2021-09-22 01:09:27,161 [pool-131-thread-1] INFO  ratis.ContainerStateMachine (ContainerStateMachine.java:loadSnapshot(224)) - group-364F2152D5CE: The snapshot info is null. Setting the last applied indexto:(t:0, i:~)
2021-09-22 01:09:27,163 [pool-131-thread-1] INFO  server.RaftServerConfigKeys (ConfUtils.java:logGet(44)) - raft.server.notification.no-leader.timeout = 300000ms (custom)
2021-09-22 01:09:27,163 [pool-131-thread-1] INFO  server.RaftServerConfigKeys (ConfUtils.java:logGet(44)) - raft.server.log.use.memory = false (default)
2021-09-22 01:09:27,163 [pool-131-thread-1] INFO  server.RaftServerConfigKeys (ConfUtils.java:logGet(44)) - raft.server.log.purge.gap = 1000000 (custom)
2021-09-22 01:09:27,163 [pool-131-thread-1] INFO  server.RaftServerConfigKeys (ConfUtils.java:logGet(44)) - raft.server.log.appender.buffer.byte-limit = 33554432 (custom)
2021-09-22 01:09:27,163 [pool-131-thread-1] INFO  server.RaftServerConfigKeys (ConfUtils.java:logGet(44)) - raft.server.log.segment.size.max = 1048576 (custom)
2021-09-22 01:09:27,164 [pool-131-thread-1] INFO  server.RaftServerConfigKeys (ConfUtils.java:logGet(44)) - raft.server.log.segment.cache.num.max = 2 (custom)
2021-09-22 01:09:27,164 [pool-131-thread-1] INFO  server.RaftServerConfigKeys (ConfUtils.java:logGet(44)) - raft.server.log.segment.cache.size.max = 200MB (=209715200) (default)
2021-09-22 01:09:27,164 [pool-131-thread-1] INFO  segmented.SegmentedRaftLogWorker (SegmentedRaftLogWorker.java:<init>(182)) - new 46189feb-569c-4e6f-be55-dc7298009a0b@group-364F2152D5CE-SegmentedRaftLogWorker for RaftStorageImpl:Storage Directory /home/runner/work/ozone/ozone/hadoop-ozone/integration-test/target/test-dir/MiniOzoneClusterImpl-25acc1c1-a8f2-4117-88d4-9d8f1e28eca9/datanode-4/data/ratis/8dc922f3-9a9c-404c-8e65-364f2152d5ce
2021-09-22 01:09:27,164 [pool-131-thread-1] INFO  server.RaftServerConfigKeys (ConfUtils.java:logGet(44)) - raft.server.log.queue.byte-limit = 2147483647 (custom)
2021-09-22 01:09:27,164 [pool-131-thread-1] INFO  server.RaftServerConfigKeys (ConfUtils.java:logGet(44)) - raft.server.log.queue.element-limit = 1024 (custom)
2021-09-22 01:09:27,164 [pool-131-thread-1] INFO  server.RaftServerConfigKeys (ConfUtils.java:logGet(44)) - raft.server.log.segment.size.max = 1048576 (custom)
2021-09-22 01:09:27,164 [pool-131-thread-1] INFO  server.RaftServerConfigKeys (ConfUtils.java:logGet(44)) - raft.server.log.preallocated.size = 16384 (custom)
2021-09-22 01:09:27,164 [pool-131-thread-1] INFO  server.RaftServerConfigKeys (ConfUtils.java:logGet(44)) - raft.server.log.force.sync.num = 128 (default)
2021-09-22 01:09:27,164 [pool-131-thread-1] INFO  server.RaftServerConfigKeys (ConfUtils.java:logGet(44)) - raft.server.log.statemachine.data.sync = true (default)
2021-09-22 01:09:27,164 [pool-131-thread-1] INFO  server.RaftServerConfigKeys (ConfUtils.java:logGet(44)) - raft.server.log.statemachine.data.sync.timeout = 10s (default)
2021-09-22 01:09:27,164 [pool-131-thread-1] INFO  server.RaftServerConfigKeys (ConfUtils.java:logGet(44)) - raft.server.log.statemachine.data.sync.timeout.retry = -1 (default)
2021-09-22 01:09:27,165 [pool-131-thread-1] INFO  server.RaftServerConfigKeys (ConfUtils.java:logGet(44)) - raft.server.log.write.buffer.size = 1048576 (custom)
2021-09-22 01:09:27,166 [pool-131-thread-1] INFO  server.RaftServerConfigKeys (ConfUtils.java:logGet(44)) - raft.server.log.statemachine.data.caching.enabled = true (custom)
2021-09-22 01:09:27,166 [pool-131-thread-1] INFO  segmented.SegmentedRaftLogWorker (SegmentedRaftLogWorker.java:lambda$new$0(133)) - 46189feb-569c-4e6f-be55-dc7298009a0b@group-364F2152D5CE-SegmentedRaftLogWorker: flushIndex: setUnconditionally 0 -> -1
2021-09-22 01:09:27,166 [pool-131-thread-1] INFO  segmented.SegmentedRaftLogWorker (SegmentedRaftLogWorker.java:lambda$new$0(133)) - 46189feb-569c-4e6f-be55-dc7298009a0b@group-364F2152D5CE-SegmentedRaftLogWorker: safeCacheEvictIndex: setUnconditionally 0 -> -1
2021-09-22 01:09:27,166 [pool-131-thread-1] INFO  server.RaftServerConfigKeys (ConfUtils.java:logGet(44)) - raft.server.snapshot.auto.trigger.enabled = true (custom)
2021-09-22 01:09:27,166 [pool-131-thread-1] INFO  server.RaftServerConfigKeys (ConfUtils.java:logGet(44)) - raft.server.snapshot.auto.trigger.threshold = 10000 (custom)
2021-09-22 01:09:27,166 [pool-131-thread-1] INFO  server.RaftServerConfigKeys (ConfUtils.java:logGet(44)) - raft.server.snapshot.retention.file.num = 5 (custom)
2021-09-22 01:09:27,166 [pool-131-thread-1] INFO  server.RaftServerConfigKeys (ConfUtils.java:logGet(44)) - raft.server.log.purge.upto.snapshot.index = false (default)
2021-09-22 01:09:27,166 [pool-131-thread-1] INFO  server.RaftServerConfigKeys (ConfUtils.java:logGet(44)) - raft.server.retrycache.expirytime = 600000ms (custom)
2021-09-22 01:09:27,166 [pool-131-thread-1] INFO  server.RaftServerConfigKeys (ConfUtils.java:logGet(44)) - raft.server.retrycache.statistics.expirytime = 100μs (default)
2021-09-22 01:09:27,167 [pool-131-thread-1] INFO  server.RaftServer$Division (RaftServerImpl.java:start(296)) - 46189feb-569c-4e6f-be55-dc7298009a0b@group-364F2152D5CE: start as a follower, conf=-1: [0d23f380-5b64-4336-bea7-d12bd7eaa710|rpc:10.1.0.5:40155|dataStream:|priority:1, 46189feb-569c-4e6f-be55-dc7298009a0b|rpc:10.1.0.5:40371|dataStream:|priority:0, fff18091-4bc4-4dc4-9e0e-c7b7b9f7a092|rpc:10.1.0.5:43419|dataStream:|priority:0], old=null
2021-09-22 01:09:27,167 [pool-131-thread-1] INFO  server.RaftServer$Division (RaftServerImpl.java:setRole(285)) - 46189feb-569c-4e6f-be55-dc7298009a0b@group-364F2152D5CE: changes role from      null to FOLLOWER at term 0 for startAsFollower
2021-09-22 01:09:27,167 [pool-131-thread-1] INFO  impl.RoleInfo (RoleInfo.java:updateAndGet(130)) - 46189feb-569c-4e6f-be55-dc7298009a0b: start 46189feb-569c-4e6f-be55-dc7298009a0b@group-364F2152D5CE-FollowerState
2021-09-22 01:09:27,168 [pool-131-thread-1] INFO  util.JmxRegister (JmxRegister.java:tryRegister(44)) - Successfully registered JMX Bean with object name Ratis:service=RaftServer,group=group-364F2152D5CE,id=46189feb-569c-4e6f-be55-dc7298009a0b
2021-09-22 01:09:27,183 [grpc-default-executor-0] INFO  server.RaftServer (RaftServerProxy.java:addNew(95)) - 0d23f380-5b64-4336-bea7-d12bd7eaa710: addNew group-364F2152D5CE:[0d23f380-5b64-4336-bea7-d12bd7eaa710|rpc:10.1.0.5:40155|dataStream:|priority:1, 46189feb-569c-4e6f-be55-dc7298009a0b|rpc:10.1.0.5:40371|dataStream:|priority:0, fff18091-4bc4-4dc4-9e0e-c7b7b9f7a092|rpc:10.1.0.5:43419|dataStream:|priority:0] returns group-364F2152D5CE:java.util.concurrent.CompletableFuture@e5be397[Not completed]
2021-09-22 01:09:27,185 [pool-150-thread-1] INFO  server.RaftServer$Division (RaftServerImpl.java:<init>(181)) - 0d23f380-5b64-4336-bea7-d12bd7eaa710: new RaftServerImpl for group-364F2152D5CE:[0d23f380-5b64-4336-bea7-d12bd7eaa710|rpc:10.1.0.5:40155|dataStream:|priority:1, 46189feb-569c-4e6f-be55-dc7298009a0b|rpc:10.1.0.5:40371|dataStream:|priority:0, fff18091-4bc4-4dc4-9e0e-c7b7b9f7a092|rpc:10.1.0.5:43419|dataStream:|priority:0] with ContainerStateMachine:uninitialized
2021-09-22 01:09:27,185 [pool-150-thread-1] INFO  server.RaftServerConfigKeys (ConfUtils.java:logGet(44)) - raft.server.rpc.timeout.min = 5s (custom)
2021-09-22 01:09:27,185 [pool-150-thread-1] INFO  server.RaftServerConfigKeys (ConfUtils.java:logGet(44)) - raft.server.rpc.timeout.max = 5200ms (custom)
2021-09-22 01:09:27,185 [pool-150-thread-1] INFO  server.RaftServerConfigKeys (ConfUtils.java:logGet(44)) - raft.server.rpc.sleep.time = 25ms (default)
2021-09-22 01:09:27,185 [pool-150-thread-1] INFO  server.RaftServerConfigKeys (ConfUtils.java:logGet(44)) - raft.server.rpc.slowness.timeout = 300000ms (custom)
2021-09-22 01:09:27,185 [pool-150-thread-1] INFO  server.RaftServerConfigKeys (ConfUtils.java:logGet(44)) - raft.server.leaderelection.leader.step-down.wait-time = 10s (default)
2021-09-22 01:09:27,185 [pool-150-thread-1] INFO  server.RaftServerConfigKeys (ConfUtils.java:logGet(44)) - raft.server.sleep.deviation.threshold = 300ms (default)
2021-09-22 01:09:27,185 [pool-150-thread-1] INFO  server.RaftServerConfigKeys (ConfUtils.java:logGet(44)) - raft.server.log.appender.install.snapshot.enabled = false (custom)
2021-09-22 01:09:27,185 [pool-150-thread-1] INFO  server.RaftServer$Division (ServerState.java:<init>(105)) - 0d23f380-5b64-4336-bea7-d12bd7eaa710@group-364F2152D5CE: ConfigurationManager, init=-1: [0d23f380-5b64-4336-bea7-d12bd7eaa710|rpc:10.1.0.5:40155|dataStream:|priority:1, 46189feb-569c-4e6f-be55-dc7298009a0b|rpc:10.1.0.5:40371|dataStream:|priority:0, fff18091-4bc4-4dc4-9e0e-c7b7b9f7a092|rpc:10.1.0.5:43419|dataStream:|priority:0], old=null, confs=<EMPTY_MAP>
2021-09-22 01:09:27,186 [pool-150-thread-1] INFO  server.RaftServerConfigKeys (ConfUtils.java:logGet(44)) - raft.server.storage.dir = [/home/runner/work/ozone/ozone/hadoop-ozone/integration-test/target/test-dir/MiniOzoneClusterImpl-25acc1c1-a8f2-4117-88d4-9d8f1e28eca9/datanode-5/data/ratis] (custom)
2021-09-22 01:09:27,186 [pool-150-thread-1] INFO  server.RaftServerConfigKeys (ConfUtils.java:logGet(44)) - raft.server.log.corruption.policy = EXCEPTION (default)
2021-09-22 01:09:27,186 [pool-150-thread-1] INFO  server.RaftServerConfigKeys (ConfUtils.java:logGet(44)) - raft.server.storage.free-space.min = 0MB (=0) (default)
2021-09-22 01:09:27,186 [pool-150-thread-1] INFO  storage.RaftStorageDirectory (RaftStorageDirectoryImpl.java:analyzeStorage(135)) - The storage directory /home/runner/work/ozone/ozone/hadoop-ozone/integration-test/target/test-dir/MiniOzoneClusterImpl-25acc1c1-a8f2-4117-88d4-9d8f1e28eca9/datanode-5/data/ratis/8dc922f3-9a9c-404c-8e65-364f2152d5ce does not exist. Creating ...
2021-09-22 01:09:27,187 [pool-150-thread-1] INFO  storage.RaftStorageDirectory (RaftStorageDirectoryImpl.java:tryLock(230)) - Lock on /home/runner/work/ozone/ozone/hadoop-ozone/integration-test/target/test-dir/MiniOzoneClusterImpl-25acc1c1-a8f2-4117-88d4-9d8f1e28eca9/datanode-5/data/ratis/8dc922f3-9a9c-404c-8e65-364f2152d5ce/in_use.lock acquired by nodename 21910@fv-az294-326
2021-09-22 01:09:27,189 [pool-150-thread-1] INFO  storage.RaftStorage (RaftStorageImpl.java:format(89)) - Storage directory /home/runner/work/ozone/ozone/hadoop-ozone/integration-test/target/test-dir/MiniOzoneClusterImpl-25acc1c1-a8f2-4117-88d4-9d8f1e28eca9/datanode-5/data/ratis/8dc922f3-9a9c-404c-8e65-364f2152d5ce has been successfully formatted.
2021-09-22 01:09:27,190 [pool-150-thread-1] INFO  ratis.ContainerStateMachine (ContainerStateMachine.java:loadSnapshot(224)) - group-364F2152D5CE: The snapshot info is null. Setting the last applied indexto:(t:0, i:~)
2021-09-22 01:09:27,190 [pool-150-thread-1] INFO  server.RaftServerConfigKeys (ConfUtils.java:logGet(44)) - raft.server.notification.no-leader.timeout = 300000ms (custom)
2021-09-22 01:09:27,190 [Datanode State Machine Thread - 0] WARN  statemachine.StateContext (StateContext.java:execute(621)) - No available thread in pool for past 1 seconds.
2021-09-22 01:09:27,190 [pool-150-thread-1] INFO  server.RaftServerConfigKeys (ConfUtils.java:logGet(44)) - raft.server.log.use.memory = false (default)
2021-09-22 01:09:27,190 [pool-150-thread-1] INFO  server.RaftServerConfigKeys (ConfUtils.java:logGet(44)) - raft.server.log.purge.gap = 1000000 (custom)
2021-09-22 01:09:27,191 [pool-150-thread-1] INFO  server.RaftServerConfigKeys (ConfUtils.java:logGet(44)) - raft.server.log.appender.buffer.byte-limit = 33554432 (custom)
2021-09-22 01:09:27,191 [pool-150-thread-1] INFO  server.RaftServerConfigKeys (ConfUtils.java:logGet(44)) - raft.server.log.segment.size.max = 1048576 (custom)
2021-09-22 01:09:27,191 [pool-150-thread-1] INFO  server.RaftServerConfigKeys (ConfUtils.java:logGet(44)) - raft.server.log.segment.cache.num.max = 2 (custom)
2021-09-22 01:09:27,191 [pool-150-thread-1] INFO  server.RaftServerConfigKeys (ConfUtils.java:logGet(44)) - raft.server.log.segment.cache.size.max = 200MB (=209715200) (default)
2021-09-22 01:09:27,191 [pool-150-thread-1] INFO  segmented.SegmentedRaftLogWorker (SegmentedRaftLogWorker.java:<init>(182)) - new 0d23f380-5b64-4336-bea7-d12bd7eaa710@group-364F2152D5CE-SegmentedRaftLogWorker for RaftStorageImpl:Storage Directory /home/runner/work/ozone/ozone/hadoop-ozone/integration-test/target/test-dir/MiniOzoneClusterImpl-25acc1c1-a8f2-4117-88d4-9d8f1e28eca9/datanode-5/data/ratis/8dc922f3-9a9c-404c-8e65-364f2152d5ce
2021-09-22 01:09:27,191 [pool-150-thread-1] INFO  server.RaftServerConfigKeys (ConfUtils.java:logGet(44)) - raft.server.log.queue.byte-limit = 2147483647 (custom)
2021-09-22 01:09:27,191 [pool-150-thread-1] INFO  server.RaftServerConfigKeys (ConfUtils.java:logGet(44)) - raft.server.log.queue.element-limit = 1024 (custom)
2021-09-22 01:09:27,191 [pool-150-thread-1] INFO  server.RaftServerConfigKeys (ConfUtils.java:logGet(44)) - raft.server.log.segment.size.max = 1048576 (custom)
2021-09-22 01:09:27,191 [pool-150-thread-1] INFO  server.RaftServerConfigKeys (ConfUtils.java:logGet(44)) - raft.server.log.preallocated.size = 16384 (custom)
2021-09-22 01:09:27,191 [pool-150-thread-1] INFO  server.RaftServerConfigKeys (ConfUtils.java:logGet(44)) - raft.server.log.force.sync.num = 128 (default)
2021-09-22 01:09:27,192 [pool-150-thread-1] INFO  server.RaftServerConfigKeys (ConfUtils.java:logGet(44)) - raft.server.log.statemachine.data.sync = true (default)
2021-09-22 01:09:27,192 [pool-150-thread-1] INFO  server.RaftServerConfigKeys (ConfUtils.java:logGet(44)) - raft.server.log.statemachine.data.sync.timeout = 10s (default)
2021-09-22 01:09:27,192 [pool-150-thread-1] INFO  server.RaftServerConfigKeys (ConfUtils.java:logGet(44)) - raft.server.log.statemachine.data.sync.timeout.retry = -1 (default)
2021-09-22 01:09:27,195 [pool-150-thread-1] INFO  server.RaftServerConfigKeys (ConfUtils.java:logGet(44)) - raft.server.log.write.buffer.size = 1048576 (custom)
2021-09-22 01:09:27,195 [pool-150-thread-1] INFO  server.RaftServerConfigKeys (ConfUtils.java:logGet(44)) - raft.server.log.statemachine.data.caching.enabled = true (custom)
2021-09-22 01:09:27,196 [pool-150-thread-1] INFO  segmented.SegmentedRaftLogWorker (SegmentedRaftLogWorker.java:lambda$new$0(133)) - 0d23f380-5b64-4336-bea7-d12bd7eaa710@group-364F2152D5CE-SegmentedRaftLogWorker: flushIndex: setUnconditionally 0 -> -1
2021-09-22 01:09:27,196 [pool-150-thread-1] INFO  segmented.SegmentedRaftLogWorker (SegmentedRaftLogWorker.java:lambda$new$0(133)) - 0d23f380-5b64-4336-bea7-d12bd7eaa710@group-364F2152D5CE-SegmentedRaftLogWorker: safeCacheEvictIndex: setUnconditionally 0 -> -1
2021-09-22 01:09:27,198 [pool-150-thread-1] INFO  server.RaftServerConfigKeys (ConfUtils.java:logGet(44)) - raft.server.snapshot.auto.trigger.enabled = true (custom)
2021-09-22 01:09:27,198 [pool-150-thread-1] INFO  server.RaftServerConfigKeys (ConfUtils.java:logGet(44)) - raft.server.snapshot.auto.trigger.threshold = 10000 (custom)
2021-09-22 01:09:27,198 [pool-150-thread-1] INFO  server.RaftServerConfigKeys (ConfUtils.java:logGet(44)) - raft.server.snapshot.retention.file.num = 5 (custom)
2021-09-22 01:09:27,198 [pool-150-thread-1] INFO  server.RaftServerConfigKeys (ConfUtils.java:logGet(44)) - raft.server.log.purge.upto.snapshot.index = false (default)
2021-09-22 01:09:27,198 [pool-150-thread-1] INFO  server.RaftServerConfigKeys (ConfUtils.java:logGet(44)) - raft.server.retrycache.expirytime = 600000ms (custom)
2021-09-22 01:09:27,198 [pool-150-thread-1] INFO  server.RaftServerConfigKeys (ConfUtils.java:logGet(44)) - raft.server.retrycache.statistics.expirytime = 100μs (default)
2021-09-22 01:09:27,199 [pool-150-thread-1] INFO  server.RaftServer$Division (RaftServerImpl.java:start(296)) - 0d23f380-5b64-4336-bea7-d12bd7eaa710@group-364F2152D5CE: start as a follower, conf=-1: [0d23f380-5b64-4336-bea7-d12bd7eaa710|rpc:10.1.0.5:40155|dataStream:|priority:1, 46189feb-569c-4e6f-be55-dc7298009a0b|rpc:10.1.0.5:40371|dataStream:|priority:0, fff18091-4bc4-4dc4-9e0e-c7b7b9f7a092|rpc:10.1.0.5:43419|dataStream:|priority:0], old=null
2021-09-22 01:09:27,199 [pool-150-thread-1] INFO  server.RaftServer$Division (RaftServerImpl.java:setRole(285)) - 0d23f380-5b64-4336-bea7-d12bd7eaa710@group-364F2152D5CE: changes role from      null to FOLLOWER at term 0 for startAsFollower
2021-09-22 01:09:27,199 [pool-150-thread-1] INFO  impl.RoleInfo (RoleInfo.java:updateAndGet(130)) - 0d23f380-5b64-4336-bea7-d12bd7eaa710: start 0d23f380-5b64-4336-bea7-d12bd7eaa710@group-364F2152D5CE-FollowerState
2021-09-22 01:09:27,202 [pool-150-thread-1] INFO  util.JmxRegister (JmxRegister.java:tryRegister(44)) - Successfully registered JMX Bean with object name Ratis:service=RaftServer,group=group-364F2152D5CE,id=0d23f380-5b64-4336-bea7-d12bd7eaa710
2021-09-22 01:09:27,210 [Command processor thread] INFO  commandhandler.CreatePipelineCommandHandler (CreatePipelineCommandHandler.java:handle(106)) - Created Pipeline RATIS THREE PipelineID=8dc922f3-9a9c-404c-8e65-364f2152d5ce.
2021-09-22 01:09:27,210 [Command processor thread] INFO  server.RaftServer (RaftServerProxy.java:addNew(95)) - fff18091-4bc4-4dc4-9e0e-c7b7b9f7a092: addNew group-7D8C5C10C900:[0d23f380-5b64-4336-bea7-d12bd7eaa710|rpc:10.1.0.5:40155|priority:0, 46189feb-569c-4e6f-be55-dc7298009a0b|rpc:10.1.0.5:40371|priority:1, fff18091-4bc4-4dc4-9e0e-c7b7b9f7a092|rpc:10.1.0.5:43419|priority:0] returns group-7D8C5C10C900:java.util.concurrent.CompletableFuture@1656012[Not completed]
2021-09-22 01:09:27,211 [pool-112-thread-1] INFO  server.RaftServer$Division (RaftServerImpl.java:<init>(181)) - fff18091-4bc4-4dc4-9e0e-c7b7b9f7a092: new RaftServerImpl for group-7D8C5C10C900:[0d23f380-5b64-4336-bea7-d12bd7eaa710|rpc:10.1.0.5:40155|priority:0, 46189feb-569c-4e6f-be55-dc7298009a0b|rpc:10.1.0.5:40371|priority:1, fff18091-4bc4-4dc4-9e0e-c7b7b9f7a092|rpc:10.1.0.5:43419|priority:0] with ContainerStateMachine:uninitialized
2021-09-22 01:09:27,211 [pool-112-thread-1] INFO  server.RaftServerConfigKeys (ConfUtils.java:logGet(44)) - raft.server.rpc.timeout.min = 5s (custom)
2021-09-22 01:09:27,211 [pool-112-thread-1] INFO  server.RaftServerConfigKeys (ConfUtils.java:logGet(44)) - raft.server.rpc.timeout.max = 5200ms (custom)
2021-09-22 01:09:27,211 [pool-112-thread-1] INFO  server.RaftServerConfigKeys (ConfUtils.java:logGet(44)) - raft.server.rpc.sleep.time = 25ms (default)
2021-09-22 01:09:27,211 [pool-112-thread-1] INFO  server.RaftServerConfigKeys (ConfUtils.java:logGet(44)) - raft.server.rpc.slowness.timeout = 300000ms (custom)
2021-09-22 01:09:27,211 [pool-112-thread-1] INFO  server.RaftServerConfigKeys (ConfUtils.java:logGet(44)) - raft.server.leaderelection.leader.step-down.wait-time = 10s (default)
2021-09-22 01:09:27,211 [pool-112-thread-1] INFO  server.RaftServerConfigKeys (ConfUtils.java:logGet(44)) - raft.server.sleep.deviation.threshold = 300ms (default)
2021-09-22 01:09:27,211 [pool-112-thread-1] INFO  server.RaftServerConfigKeys (ConfUtils.java:logGet(44)) - raft.server.log.appender.install.snapshot.enabled = false (custom)
2021-09-22 01:09:27,211 [pool-112-thread-1] INFO  server.RaftServer$Division (ServerState.java:<init>(105)) - fff18091-4bc4-4dc4-9e0e-c7b7b9f7a092@group-7D8C5C10C900: ConfigurationManager, init=-1: [0d23f380-5b64-4336-bea7-d12bd7eaa710|rpc:10.1.0.5:40155|priority:0, 46189feb-569c-4e6f-be55-dc7298009a0b|rpc:10.1.0.5:40371|priority:1, fff18091-4bc4-4dc4-9e0e-c7b7b9f7a092|rpc:10.1.0.5:43419|priority:0], old=null, confs=<EMPTY_MAP>
2021-09-22 01:09:27,211 [pool-112-thread-1] INFO  server.RaftServerConfigKeys (ConfUtils.java:logGet(44)) - raft.server.storage.dir = [/home/runner/work/ozone/ozone/hadoop-ozone/integration-test/target/test-dir/MiniOzoneClusterImpl-25acc1c1-a8f2-4117-88d4-9d8f1e28eca9/datanode-3/data/ratis] (custom)
2021-09-22 01:09:27,211 [pool-112-thread-1] INFO  server.RaftServerConfigKeys (ConfUtils.java:logGet(44)) - raft.server.log.corruption.policy = EXCEPTION (default)
2021-09-22 01:09:27,211 [pool-112-thread-1] INFO  server.RaftServerConfigKeys (ConfUtils.java:logGet(44)) - raft.server.storage.free-space.min = 0MB (=0) (default)
2021-09-22 01:09:27,212 [pool-112-thread-1] INFO  storage.RaftStorageDirectory (RaftStorageDirectoryImpl.java:analyzeStorage(135)) - The storage directory /home/runner/work/ozone/ozone/hadoop-ozone/integration-test/target/test-dir/MiniOzoneClusterImpl-25acc1c1-a8f2-4117-88d4-9d8f1e28eca9/datanode-3/data/ratis/4de357ff-d8b8-41d9-a7ee-7d8c5c10c900 does not exist. Creating ...
2021-09-22 01:09:27,213 [pool-112-thread-1] INFO  storage.RaftStorageDirectory (RaftStorageDirectoryImpl.java:tryLock(230)) - Lock on /home/runner/work/ozone/ozone/hadoop-ozone/integration-test/target/test-dir/MiniOzoneClusterImpl-25acc1c1-a8f2-4117-88d4-9d8f1e28eca9/datanode-3/data/ratis/4de357ff-d8b8-41d9-a7ee-7d8c5c10c900/in_use.lock acquired by nodename 21910@fv-az294-326
2021-09-22 01:09:27,214 [pool-112-thread-1] INFO  storage.RaftStorage (RaftStorageImpl.java:format(89)) - Storage directory /home/runner/work/ozone/ozone/hadoop-ozone/integration-test/target/test-dir/MiniOzoneClusterImpl-25acc1c1-a8f2-4117-88d4-9d8f1e28eca9/datanode-3/data/ratis/4de357ff-d8b8-41d9-a7ee-7d8c5c10c900 has been successfully formatted.
2021-09-22 01:09:27,214 [pool-112-thread-1] INFO  ratis.ContainerStateMachine (ContainerStateMachine.java:loadSnapshot(224)) - group-7D8C5C10C900: The snapshot info is null. Setting the last applied indexto:(t:0, i:~)
2021-09-22 01:09:27,214 [pool-112-thread-1] INFO  server.RaftServerConfigKeys (ConfUtils.java:logGet(44)) - raft.server.notification.no-leader.timeout = 300000ms (custom)
2021-09-22 01:09:27,214 [Datanode State Machine Thread - 0] WARN  statemachine.StateContext (StateContext.java:execute(621)) - No available thread in pool for past 1 seconds.
2021-09-22 01:09:27,214 [pool-112-thread-1] INFO  server.RaftServerConfigKeys (ConfUtils.java:logGet(44)) - raft.server.log.use.memory = false (default)
2021-09-22 01:09:27,214 [pool-112-thread-1] INFO  server.RaftServerConfigKeys (ConfUtils.java:logGet(44)) - raft.server.log.purge.gap = 1000000 (custom)
2021-09-22 01:09:27,214 [pool-112-thread-1] INFO  server.RaftServerConfigKeys (ConfUtils.java:logGet(44)) - raft.server.log.appender.buffer.byte-limit = 33554432 (custom)
2021-09-22 01:09:27,214 [pool-112-thread-1] INFO  server.RaftServerConfigKeys (ConfUtils.java:logGet(44)) - raft.server.log.segment.size.max = 1048576 (custom)
2021-09-22 01:09:27,215 [pool-112-thread-1] INFO  server.RaftServerConfigKeys (ConfUtils.java:logGet(44)) - raft.server.log.segment.cache.num.max = 2 (custom)
2021-09-22 01:09:27,215 [pool-112-thread-1] INFO  server.RaftServerConfigKeys (ConfUtils.java:logGet(44)) - raft.server.log.segment.cache.size.max = 200MB (=209715200) (default)
2021-09-22 01:09:27,215 [pool-112-thread-1] INFO  segmented.SegmentedRaftLogWorker (SegmentedRaftLogWorker.java:<init>(182)) - new fff18091-4bc4-4dc4-9e0e-c7b7b9f7a092@group-7D8C5C10C900-SegmentedRaftLogWorker for RaftStorageImpl:Storage Directory /home/runner/work/ozone/ozone/hadoop-ozone/integration-test/target/test-dir/MiniOzoneClusterImpl-25acc1c1-a8f2-4117-88d4-9d8f1e28eca9/datanode-3/data/ratis/4de357ff-d8b8-41d9-a7ee-7d8c5c10c900
2021-09-22 01:09:27,215 [EventQueue-OpenPipelineForHealthyPipelineSafeModeRule] INFO  safemode.SCMSafeModeManager (HealthyPipelineSafeModeRule.java:process(124)) - SCM in safe mode. Healthy pipelines reported count is 0, required healthy pipeline reported count is 1
2021-09-22 01:09:27,218 [pool-112-thread-1] INFO  server.RaftServerConfigKeys (ConfUtils.java:logGet(44)) - raft.server.log.queue.byte-limit = 2147483647 (custom)
2021-09-22 01:09:27,218 [pool-112-thread-1] INFO  server.RaftServerConfigKeys (ConfUtils.java:logGet(44)) - raft.server.log.queue.element-limit = 1024 (custom)
2021-09-22 01:09:27,218 [pool-112-thread-1] INFO  server.RaftServerConfigKeys (ConfUtils.java:logGet(44)) - raft.server.log.segment.size.max = 1048576 (custom)
2021-09-22 01:09:27,218 [pool-112-thread-1] INFO  server.RaftServerConfigKeys (ConfUtils.java:logGet(44)) - raft.server.log.preallocated.size = 16384 (custom)
2021-09-22 01:09:27,218 [pool-112-thread-1] INFO  server.RaftServerConfigKeys (ConfUtils.java:logGet(44)) - raft.server.log.force.sync.num = 128 (default)
2021-09-22 01:09:27,218 [pool-112-thread-1] INFO  server.RaftServerConfigKeys (ConfUtils.java:logGet(44)) - raft.server.log.statemachine.data.sync = true (default)
2021-09-22 01:09:27,218 [pool-112-thread-1] INFO  server.RaftServerConfigKeys (ConfUtils.java:logGet(44)) - raft.server.log.statemachine.data.sync.timeout = 10s (default)
2021-09-22 01:09:27,218 [pool-112-thread-1] INFO  server.RaftServerConfigKeys (ConfUtils.java:logGet(44)) - raft.server.log.statemachine.data.sync.timeout.retry = -1 (default)
2021-09-22 01:09:27,219 [pool-112-thread-1] INFO  server.RaftServerConfigKeys (ConfUtils.java:logGet(44)) - raft.server.log.write.buffer.size = 1048576 (custom)
2021-09-22 01:09:27,220 [pool-112-thread-1] INFO  server.RaftServerConfigKeys (ConfUtils.java:logGet(44)) - raft.server.log.statemachine.data.caching.enabled = true (custom)
2021-09-22 01:09:27,220 [pool-112-thread-1] INFO  segmented.SegmentedRaftLogWorker (SegmentedRaftLogWorker.java:lambda$new$0(133)) - fff18091-4bc4-4dc4-9e0e-c7b7b9f7a092@group-7D8C5C10C900-SegmentedRaftLogWorker: flushIndex: setUnconditionally 0 -> -1
2021-09-22 01:09:27,220 [pool-112-thread-1] INFO  segmented.SegmentedRaftLogWorker (SegmentedRaftLogWorker.java:lambda$new$0(133)) - fff18091-4bc4-4dc4-9e0e-c7b7b9f7a092@group-7D8C5C10C900-SegmentedRaftLogWorker: safeCacheEvictIndex: setUnconditionally 0 -> -1
2021-09-22 01:09:27,220 [pool-112-thread-1] INFO  server.RaftServerConfigKeys (ConfUtils.java:logGet(44)) - raft.server.snapshot.auto.trigger.enabled = true (custom)
2021-09-22 01:09:27,220 [pool-112-thread-1] INFO  server.RaftServerConfigKeys (ConfUtils.java:logGet(44)) - raft.server.snapshot.auto.trigger.threshold = 10000 (custom)
2021-09-22 01:09:27,221 [pool-112-thread-1] INFO  server.RaftServerConfigKeys (ConfUtils.java:logGet(44)) - raft.server.snapshot.retention.file.num = 5 (custom)
2021-09-22 01:09:27,221 [pool-112-thread-1] INFO  server.RaftServerConfigKeys (ConfUtils.java:logGet(44)) - raft.server.log.purge.upto.snapshot.index = false (default)
2021-09-22 01:09:27,221 [pool-112-thread-1] INFO  server.RaftServerConfigKeys (ConfUtils.java:logGet(44)) - raft.server.retrycache.expirytime = 600000ms (custom)
2021-09-22 01:09:27,221 [pool-112-thread-1] INFO  server.RaftServerConfigKeys (ConfUtils.java:logGet(44)) - raft.server.retrycache.statistics.expirytime = 100μs (default)
2021-09-22 01:09:27,223 [pool-112-thread-1] INFO  server.RaftServer$Division (RaftServerImpl.java:start(296)) - fff18091-4bc4-4dc4-9e0e-c7b7b9f7a092@group-7D8C5C10C900: start as a follower, conf=-1: [0d23f380-5b64-4336-bea7-d12bd7eaa710|rpc:10.1.0.5:40155|priority:0, 46189feb-569c-4e6f-be55-dc7298009a0b|rpc:10.1.0.5:40371|priority:1, fff18091-4bc4-4dc4-9e0e-c7b7b9f7a092|rpc:10.1.0.5:43419|priority:0], old=null
2021-09-22 01:09:27,223 [pool-112-thread-1] INFO  server.RaftServer$Division (RaftServerImpl.java:setRole(285)) - fff18091-4bc4-4dc4-9e0e-c7b7b9f7a092@group-7D8C5C10C900: changes role from      null to FOLLOWER at term 0 for startAsFollower
2021-09-22 01:09:27,223 [pool-112-thread-1] INFO  impl.RoleInfo (RoleInfo.java:updateAndGet(130)) - fff18091-4bc4-4dc4-9e0e-c7b7b9f7a092: start fff18091-4bc4-4dc4-9e0e-c7b7b9f7a092@group-7D8C5C10C900-FollowerState
2021-09-22 01:09:27,223 [pool-112-thread-1] INFO  util.JmxRegister (JmxRegister.java:tryRegister(44)) - Successfully registered JMX Bean with object name Ratis:service=RaftServer,group=group-7D8C5C10C900,id=fff18091-4bc4-4dc4-9e0e-c7b7b9f7a092
2021-09-22 01:09:27,226 [Command processor thread] INFO  ratis.XceiverServerRatis (XceiverServerRatis.java:addGroup(762)) - Created group PipelineID=4de357ff-d8b8-41d9-a7ee-7d8c5c10c900
2021-09-22 01:09:27,236 [grpc-default-executor-0] INFO  server.RaftServer (RaftServerProxy.java:addNew(95)) - 46189feb-569c-4e6f-be55-dc7298009a0b: addNew group-7D8C5C10C900:[0d23f380-5b64-4336-bea7-d12bd7eaa710|rpc:10.1.0.5:40155|dataStream:|priority:0, 46189feb-569c-4e6f-be55-dc7298009a0b|rpc:10.1.0.5:40371|dataStream:|priority:1, fff18091-4bc4-4dc4-9e0e-c7b7b9f7a092|rpc:10.1.0.5:43419|dataStream:|priority:0] returns group-7D8C5C10C900:java.util.concurrent.CompletableFuture@266d1204[Not completed]
2021-09-22 01:09:27,236 [pool-131-thread-1] INFO  server.RaftServer$Division (RaftServerImpl.java:<init>(181)) - 46189feb-569c-4e6f-be55-dc7298009a0b: new RaftServerImpl for group-7D8C5C10C900:[0d23f380-5b64-4336-bea7-d12bd7eaa710|rpc:10.1.0.5:40155|dataStream:|priority:0, 46189feb-569c-4e6f-be55-dc7298009a0b|rpc:10.1.0.5:40371|dataStream:|priority:1, fff18091-4bc4-4dc4-9e0e-c7b7b9f7a092|rpc:10.1.0.5:43419|dataStream:|priority:0] with ContainerStateMachine:uninitialized
2021-09-22 01:09:27,237 [pool-131-thread-1] INFO  server.RaftServerConfigKeys (ConfUtils.java:logGet(44)) - raft.server.rpc.timeout.min = 5s (custom)
2021-09-22 01:09:27,237 [pool-131-thread-1] INFO  server.RaftServerConfigKeys (ConfUtils.java:logGet(44)) - raft.server.rpc.timeout.max = 5200ms (custom)
2021-09-22 01:09:27,237 [pool-131-thread-1] INFO  server.RaftServerConfigKeys (ConfUtils.java:logGet(44)) - raft.server.rpc.sleep.time = 25ms (default)
2021-09-22 01:09:27,237 [pool-131-thread-1] INFO  server.RaftServerConfigKeys (ConfUtils.java:logGet(44)) - raft.server.rpc.slowness.timeout = 300000ms (custom)
2021-09-22 01:09:27,237 [pool-131-thread-1] INFO  server.RaftServerConfigKeys (ConfUtils.java:logGet(44)) - raft.server.leaderelection.leader.step-down.wait-time = 10s (default)
2021-09-22 01:09:27,237 [pool-131-thread-1] INFO  server.RaftServerConfigKeys (ConfUtils.java:logGet(44)) - raft.server.sleep.deviation.threshold = 300ms (default)
2021-09-22 01:09:27,237 [pool-131-thread-1] INFO  server.RaftServerConfigKeys (ConfUtils.java:logGet(44)) - raft.server.log.appender.install.snapshot.enabled = false (custom)
2021-09-22 01:09:27,237 [pool-131-thread-1] INFO  server.RaftServer$Division (ServerState.java:<init>(105)) - 46189feb-569c-4e6f-be55-dc7298009a0b@group-7D8C5C10C900: ConfigurationManager, init=-1: [0d23f380-5b64-4336-bea7-d12bd7eaa710|rpc:10.1.0.5:40155|dataStream:|priority:0, 46189feb-569c-4e6f-be55-dc7298009a0b|rpc:10.1.0.5:40371|dataStream:|priority:1, fff18091-4bc4-4dc4-9e0e-c7b7b9f7a092|rpc:10.1.0.5:43419|dataStream:|priority:0], old=null, confs=<EMPTY_MAP>
2021-09-22 01:09:27,237 [pool-131-thread-1] INFO  server.RaftServerConfigKeys (ConfUtils.java:logGet(44)) - raft.server.storage.dir = [/home/runner/work/ozone/ozone/hadoop-ozone/integration-test/target/test-dir/MiniOzoneClusterImpl-25acc1c1-a8f2-4117-88d4-9d8f1e28eca9/datanode-4/data/ratis] (custom)
2021-09-22 01:09:27,237 [pool-131-thread-1] INFO  server.RaftServerConfigKeys (ConfUtils.java:logGet(44)) - raft.server.log.corruption.policy = EXCEPTION (default)
2021-09-22 01:09:27,237 [pool-131-thread-1] INFO  server.RaftServerConfigKeys (ConfUtils.java:logGet(44)) - raft.server.storage.free-space.min = 0MB (=0) (default)
2021-09-22 01:09:27,237 [pool-131-thread-1] INFO  storage.RaftStorageDirectory (RaftStorageDirectoryImpl.java:analyzeStorage(135)) - The storage directory /home/runner/work/ozone/ozone/hadoop-ozone/integration-test/target/test-dir/MiniOzoneClusterImpl-25acc1c1-a8f2-4117-88d4-9d8f1e28eca9/datanode-4/data/ratis/4de357ff-d8b8-41d9-a7ee-7d8c5c10c900 does not exist. Creating ...
2021-09-22 01:09:27,238 [pool-131-thread-1] INFO  storage.RaftStorageDirectory (RaftStorageDirectoryImpl.java:tryLock(230)) - Lock on /home/runner/work/ozone/ozone/hadoop-ozone/integration-test/target/test-dir/MiniOzoneClusterImpl-25acc1c1-a8f2-4117-88d4-9d8f1e28eca9/datanode-4/data/ratis/4de357ff-d8b8-41d9-a7ee-7d8c5c10c900/in_use.lock acquired by nodename 21910@fv-az294-326
2021-09-22 01:09:27,239 [pool-131-thread-1] INFO  storage.RaftStorage (RaftStorageImpl.java:format(89)) - Storage directory /home/runner/work/ozone/ozone/hadoop-ozone/integration-test/target/test-dir/MiniOzoneClusterImpl-25acc1c1-a8f2-4117-88d4-9d8f1e28eca9/datanode-4/data/ratis/4de357ff-d8b8-41d9-a7ee-7d8c5c10c900 has been successfully formatted.
2021-09-22 01:09:27,240 [Datanode State Machine Thread - 0] WARN  statemachine.StateContext (StateContext.java:execute(621)) - No available thread in pool for past 1 seconds.
2021-09-22 01:09:27,240 [pool-131-thread-1] INFO  ratis.ContainerStateMachine (ContainerStateMachine.java:loadSnapshot(224)) - group-7D8C5C10C900: The snapshot info is null. Setting the last applied indexto:(t:0, i:~)
2021-09-22 01:09:27,240 [pool-131-thread-1] INFO  server.RaftServerConfigKeys (ConfUtils.java:logGet(44)) - raft.server.notification.no-leader.timeout = 300000ms (custom)
2021-09-22 01:09:27,241 [pool-131-thread-1] INFO  server.RaftServerConfigKeys (ConfUtils.java:logGet(44)) - raft.server.log.use.memory = false (default)
2021-09-22 01:09:27,241 [pool-131-thread-1] INFO  server.RaftServerConfigKeys (ConfUtils.java:logGet(44)) - raft.server.log.purge.gap = 1000000 (custom)
2021-09-22 01:09:27,241 [pool-131-thread-1] INFO  server.RaftServerConfigKeys (ConfUtils.java:logGet(44)) - raft.server.log.appender.buffer.byte-limit = 33554432 (custom)
2021-09-22 01:09:27,241 [pool-131-thread-1] INFO  server.RaftServerConfigKeys (ConfUtils.java:logGet(44)) - raft.server.log.segment.size.max = 1048576 (custom)
2021-09-22 01:09:27,242 [pool-131-thread-1] INFO  server.RaftServerConfigKeys (ConfUtils.java:logGet(44)) - raft.server.log.segment.cache.num.max = 2 (custom)
2021-09-22 01:09:27,242 [pool-131-thread-1] INFO  server.RaftServerConfigKeys (ConfUtils.java:logGet(44)) - raft.server.log.segment.cache.size.max = 200MB (=209715200) (default)
2021-09-22 01:09:27,242 [pool-131-thread-1] INFO  segmented.SegmentedRaftLogWorker (SegmentedRaftLogWorker.java:<init>(182)) - new 46189feb-569c-4e6f-be55-dc7298009a0b@group-7D8C5C10C900-SegmentedRaftLogWorker for RaftStorageImpl:Storage Directory /home/runner/work/ozone/ozone/hadoop-ozone/integration-test/target/test-dir/MiniOzoneClusterImpl-25acc1c1-a8f2-4117-88d4-9d8f1e28eca9/datanode-4/data/ratis/4de357ff-d8b8-41d9-a7ee-7d8c5c10c900
2021-09-22 01:09:27,242 [pool-131-thread-1] INFO  server.RaftServerConfigKeys (ConfUtils.java:logGet(44)) - raft.server.log.queue.byte-limit = 2147483647 (custom)
2021-09-22 01:09:27,242 [pool-131-thread-1] INFO  server.RaftServerConfigKeys (ConfUtils.java:logGet(44)) - raft.server.log.queue.element-limit = 1024 (custom)
2021-09-22 01:09:27,242 [pool-131-thread-1] INFO  server.RaftServerConfigKeys (ConfUtils.java:logGet(44)) - raft.server.log.segment.size.max = 1048576 (custom)
2021-09-22 01:09:27,242 [pool-131-thread-1] INFO  server.RaftServerConfigKeys (ConfUtils.java:logGet(44)) - raft.server.log.preallocated.size = 16384 (custom)
2021-09-22 01:09:27,242 [pool-131-thread-1] INFO  server.RaftServerConfigKeys (ConfUtils.java:logGet(44)) - raft.server.log.force.sync.num = 128 (default)
2021-09-22 01:09:27,242 [pool-131-thread-1] INFO  server.RaftServerConfigKeys (ConfUtils.java:logGet(44)) - raft.server.log.statemachine.data.sync = true (default)
2021-09-22 01:09:27,243 [pool-131-thread-1] INFO  server.RaftServerConfigKeys (ConfUtils.java:logGet(44)) - raft.server.log.statemachine.data.sync.timeout = 10s (default)
2021-09-22 01:09:27,243 [pool-131-thread-1] INFO  server.RaftServerConfigKeys (ConfUtils.java:logGet(44)) - raft.server.log.statemachine.data.sync.timeout.retry = -1 (default)
2021-09-22 01:09:27,243 [pool-131-thread-1] INFO  server.RaftServerConfigKeys (ConfUtils.java:logGet(44)) - raft.server.log.write.buffer.size = 1048576 (custom)
2021-09-22 01:09:27,244 [pool-131-thread-1] INFO  server.RaftServerConfigKeys (ConfUtils.java:logGet(44)) - raft.server.log.statemachine.data.caching.enabled = true (custom)
2021-09-22 01:09:27,244 [pool-131-thread-1] INFO  segmented.SegmentedRaftLogWorker (SegmentedRaftLogWorker.java:lambda$new$0(133)) - 46189feb-569c-4e6f-be55-dc7298009a0b@group-7D8C5C10C900-SegmentedRaftLogWorker: flushIndex: setUnconditionally 0 -> -1
2021-09-22 01:09:27,244 [pool-131-thread-1] INFO  segmented.SegmentedRaftLogWorker (SegmentedRaftLogWorker.java:lambda$new$0(133)) - 46189feb-569c-4e6f-be55-dc7298009a0b@group-7D8C5C10C900-SegmentedRaftLogWorker: safeCacheEvictIndex: setUnconditionally 0 -> -1
2021-09-22 01:09:27,246 [pool-131-thread-1] INFO  server.RaftServerConfigKeys (ConfUtils.java:logGet(44)) - raft.server.snapshot.auto.trigger.enabled = true (custom)
2021-09-22 01:09:27,246 [pool-131-thread-1] INFO  server.RaftServerConfigKeys (ConfUtils.java:logGet(44)) - raft.server.snapshot.auto.trigger.threshold = 10000 (custom)
2021-09-22 01:09:27,246 [pool-131-thread-1] INFO  server.RaftServerConfigKeys (ConfUtils.java:logGet(44)) - raft.server.snapshot.retention.file.num = 5 (custom)
2021-09-22 01:09:27,246 [pool-131-thread-1] INFO  server.RaftServerConfigKeys (ConfUtils.java:logGet(44)) - raft.server.log.purge.upto.snapshot.index = false (default)
2021-09-22 01:09:27,246 [pool-131-thread-1] INFO  server.RaftServerConfigKeys (ConfUtils.java:logGet(44)) - raft.server.retrycache.expirytime = 600000ms (custom)
2021-09-22 01:09:27,246 [pool-131-thread-1] INFO  server.RaftServerConfigKeys (ConfUtils.java:logGet(44)) - raft.server.retrycache.statistics.expirytime = 100μs (default)
2021-09-22 01:09:27,247 [pool-131-thread-1] INFO  server.RaftServer$Division (RaftServerImpl.java:start(296)) - 46189feb-569c-4e6f-be55-dc7298009a0b@group-7D8C5C10C900: start as a follower, conf=-1: [0d23f380-5b64-4336-bea7-d12bd7eaa710|rpc:10.1.0.5:40155|dataStream:|priority:0, 46189feb-569c-4e6f-be55-dc7298009a0b|rpc:10.1.0.5:40371|dataStream:|priority:1, fff18091-4bc4-4dc4-9e0e-c7b7b9f7a092|rpc:10.1.0.5:43419|dataStream:|priority:0], old=null
2021-09-22 01:09:27,247 [pool-131-thread-1] INFO  server.RaftServer$Division (RaftServerImpl.java:setRole(285)) - 46189feb-569c-4e6f-be55-dc7298009a0b@group-7D8C5C10C900: changes role from      null to FOLLOWER at term 0 for startAsFollower
2021-09-22 01:09:27,247 [pool-131-thread-1] INFO  impl.RoleInfo (RoleInfo.java:updateAndGet(130)) - 46189feb-569c-4e6f-be55-dc7298009a0b: start 46189feb-569c-4e6f-be55-dc7298009a0b@group-7D8C5C10C900-FollowerState
2021-09-22 01:09:27,250 [pool-131-thread-1] INFO  util.JmxRegister (JmxRegister.java:tryRegister(44)) - Successfully registered JMX Bean with object name Ratis:service=RaftServer,group=group-7D8C5C10C900,id=46189feb-569c-4e6f-be55-dc7298009a0b
2021-09-22 01:09:27,267 [grpc-default-executor-0] INFO  server.RaftServer (RaftServerProxy.java:addNew(95)) - 0d23f380-5b64-4336-bea7-d12bd7eaa710: addNew group-7D8C5C10C900:[0d23f380-5b64-4336-bea7-d12bd7eaa710|rpc:10.1.0.5:40155|dataStream:|priority:0, 46189feb-569c-4e6f-be55-dc7298009a0b|rpc:10.1.0.5:40371|dataStream:|priority:1, fff18091-4bc4-4dc4-9e0e-c7b7b9f7a092|rpc:10.1.0.5:43419|dataStream:|priority:0] returns group-7D8C5C10C900:java.util.concurrent.CompletableFuture@64e7c0dc[Not completed]
2021-09-22 01:09:27,268 [pool-150-thread-1] INFO  server.RaftServer$Division (RaftServerImpl.java:<init>(181)) - 0d23f380-5b64-4336-bea7-d12bd7eaa710: new RaftServerImpl for group-7D8C5C10C900:[0d23f380-5b64-4336-bea7-d12bd7eaa710|rpc:10.1.0.5:40155|dataStream:|priority:0, 46189feb-569c-4e6f-be55-dc7298009a0b|rpc:10.1.0.5:40371|dataStream:|priority:1, fff18091-4bc4-4dc4-9e0e-c7b7b9f7a092|rpc:10.1.0.5:43419|dataStream:|priority:0] with ContainerStateMachine:uninitialized
2021-09-22 01:09:27,268 [pool-150-thread-1] INFO  server.RaftServerConfigKeys (ConfUtils.java:logGet(44)) - raft.server.rpc.timeout.min = 5s (custom)
2021-09-22 01:09:27,268 [pool-150-thread-1] INFO  server.RaftServerConfigKeys (ConfUtils.java:logGet(44)) - raft.server.rpc.timeout.max = 5200ms (custom)
2021-09-22 01:09:27,268 [pool-150-thread-1] INFO  server.RaftServerConfigKeys (ConfUtils.java:logGet(44)) - raft.server.rpc.sleep.time = 25ms (default)
2021-09-22 01:09:27,268 [pool-150-thread-1] INFO  server.RaftServerConfigKeys (ConfUtils.java:logGet(44)) - raft.server.rpc.slowness.timeout = 300000ms (custom)
2021-09-22 01:09:27,268 [pool-150-thread-1] INFO  server.RaftServerConfigKeys (ConfUtils.java:logGet(44)) - raft.server.leaderelection.leader.step-down.wait-time = 10s (default)
2021-09-22 01:09:27,268 [pool-150-thread-1] INFO  server.RaftServerConfigKeys (ConfUtils.java:logGet(44)) - raft.server.sleep.deviation.threshold = 300ms (default)
2021-09-22 01:09:27,268 [pool-150-thread-1] INFO  server.RaftServerConfigKeys (ConfUtils.java:logGet(44)) - raft.server.log.appender.install.snapshot.enabled = false (custom)
2021-09-22 01:09:27,268 [pool-150-thread-1] INFO  server.RaftServer$Division (ServerState.java:<init>(105)) - 0d23f380-5b64-4336-bea7-d12bd7eaa710@group-7D8C5C10C900: ConfigurationManager, init=-1: [0d23f380-5b64-4336-bea7-d12bd7eaa710|rpc:10.1.0.5:40155|dataStream:|priority:0, 46189feb-569c-4e6f-be55-dc7298009a0b|rpc:10.1.0.5:40371|dataStream:|priority:1, fff18091-4bc4-4dc4-9e0e-c7b7b9f7a092|rpc:10.1.0.5:43419|dataStream:|priority:0], old=null, confs=<EMPTY_MAP>
2021-09-22 01:09:27,268 [pool-150-thread-1] INFO  server.RaftServerConfigKeys (ConfUtils.java:logGet(44)) - raft.server.storage.dir = [/home/runner/work/ozone/ozone/hadoop-ozone/integration-test/target/test-dir/MiniOzoneClusterImpl-25acc1c1-a8f2-4117-88d4-9d8f1e28eca9/datanode-5/data/ratis] (custom)
2021-09-22 01:09:27,268 [pool-150-thread-1] INFO  server.RaftServerConfigKeys (ConfUtils.java:logGet(44)) - raft.server.log.corruption.policy = EXCEPTION (default)
2021-09-22 01:09:27,268 [pool-150-thread-1] INFO  server.RaftServerConfigKeys (ConfUtils.java:logGet(44)) - raft.server.storage.free-space.min = 0MB (=0) (default)
2021-09-22 01:09:27,269 [pool-150-thread-1] INFO  storage.RaftStorageDirectory (RaftStorageDirectoryImpl.java:analyzeStorage(135)) - The storage directory /home/runner/work/ozone/ozone/hadoop-ozone/integration-test/target/test-dir/MiniOzoneClusterImpl-25acc1c1-a8f2-4117-88d4-9d8f1e28eca9/datanode-5/data/ratis/4de357ff-d8b8-41d9-a7ee-7d8c5c10c900 does not exist. Creating ...
2021-09-22 01:09:27,269 [pool-150-thread-1] INFO  storage.RaftStorageDirectory (RaftStorageDirectoryImpl.java:tryLock(230)) - Lock on /home/runner/work/ozone/ozone/hadoop-ozone/integration-test/target/test-dir/MiniOzoneClusterImpl-25acc1c1-a8f2-4117-88d4-9d8f1e28eca9/datanode-5/data/ratis/4de357ff-d8b8-41d9-a7ee-7d8c5c10c900/in_use.lock acquired by nodename 21910@fv-az294-326
2021-09-22 01:09:27,270 [Command processor thread] INFO  server.RaftServer (RaftServerProxy.java:addNew(95)) - 46189feb-569c-4e6f-be55-dc7298009a0b: addNew group-EA7482A42541:[46189feb-569c-4e6f-be55-dc7298009a0b|rpc:10.1.0.5:40371|priority:1] returns group-EA7482A42541:java.util.concurrent.CompletableFuture@7ae8e6ac[Not completed]
2021-09-22 01:09:27,271 [pool-150-thread-1] INFO  storage.RaftStorage (RaftStorageImpl.java:format(89)) - Storage directory /home/runner/work/ozone/ozone/hadoop-ozone/integration-test/target/test-dir/MiniOzoneClusterImpl-25acc1c1-a8f2-4117-88d4-9d8f1e28eca9/datanode-5/data/ratis/4de357ff-d8b8-41d9-a7ee-7d8c5c10c900 has been successfully formatted.
2021-09-22 01:09:27,271 [pool-131-thread-1] INFO  server.RaftServer$Division (RaftServerImpl.java:<init>(181)) - 46189feb-569c-4e6f-be55-dc7298009a0b: new RaftServerImpl for group-EA7482A42541:[46189feb-569c-4e6f-be55-dc7298009a0b|rpc:10.1.0.5:40371|priority:1] with ContainerStateMachine:uninitialized
2021-09-22 01:09:27,271 [pool-131-thread-1] INFO  server.RaftServerConfigKeys (ConfUtils.java:logGet(44)) - raft.server.rpc.timeout.min = 5s (custom)
2021-09-22 01:09:27,271 [pool-131-thread-1] INFO  server.RaftServerConfigKeys (ConfUtils.java:logGet(44)) - raft.server.rpc.timeout.max = 5200ms (custom)
2021-09-22 01:09:27,271 [pool-131-thread-1] INFO  server.RaftServerConfigKeys (ConfUtils.java:logGet(44)) - raft.server.rpc.sleep.time = 25ms (default)
2021-09-22 01:09:27,271 [pool-131-thread-1] INFO  server.RaftServerConfigKeys (ConfUtils.java:logGet(44)) - raft.server.rpc.slowness.timeout = 300000ms (custom)
2021-09-22 01:09:27,271 [pool-131-thread-1] INFO  server.RaftServerConfigKeys (ConfUtils.java:logGet(44)) - raft.server.leaderelection.leader.step-down.wait-time = 10s (default)
2021-09-22 01:09:27,271 [pool-131-thread-1] INFO  server.RaftServerConfigKeys (ConfUtils.java:logGet(44)) - raft.server.sleep.deviation.threshold = 300ms (default)
2021-09-22 01:09:27,271 [pool-131-thread-1] INFO  server.RaftServerConfigKeys (ConfUtils.java:logGet(44)) - raft.server.log.appender.install.snapshot.enabled = false (custom)
2021-09-22 01:09:27,271 [pool-131-thread-1] INFO  server.RaftServer$Division (ServerState.java:<init>(105)) - 46189feb-569c-4e6f-be55-dc7298009a0b@group-EA7482A42541: ConfigurationManager, init=-1: [46189feb-569c-4e6f-be55-dc7298009a0b|rpc:10.1.0.5:40371|priority:1], old=null, confs=<EMPTY_MAP>
2021-09-22 01:09:27,271 [pool-131-thread-1] INFO  server.RaftServerConfigKeys (ConfUtils.java:logGet(44)) - raft.server.storage.dir = [/home/runner/work/ozone/ozone/hadoop-ozone/integration-test/target/test-dir/MiniOzoneClusterImpl-25acc1c1-a8f2-4117-88d4-9d8f1e28eca9/datanode-4/data/ratis] (custom)
2021-09-22 01:09:27,271 [pool-131-thread-1] INFO  server.RaftServerConfigKeys (ConfUtils.java:logGet(44)) - raft.server.log.corruption.policy = EXCEPTION (default)
2021-09-22 01:09:27,271 [pool-131-thread-1] INFO  server.RaftServerConfigKeys (ConfUtils.java:logGet(44)) - raft.server.storage.free-space.min = 0MB (=0) (default)
2021-09-22 01:09:27,272 [pool-131-thread-1] INFO  storage.RaftStorageDirectory (RaftStorageDirectoryImpl.java:analyzeStorage(135)) - The storage directory /home/runner/work/ozone/ozone/hadoop-ozone/integration-test/target/test-dir/MiniOzoneClusterImpl-25acc1c1-a8f2-4117-88d4-9d8f1e28eca9/datanode-4/data/ratis/dc41ab09-3424-4cc2-bf62-ea7482a42541 does not exist. Creating ...
2021-09-22 01:09:27,272 [pool-131-thread-1] INFO  storage.RaftStorageDirectory (RaftStorageDirectoryImpl.java:tryLock(230)) - Lock on /home/runner/work/ozone/ozone/hadoop-ozone/integration-test/target/test-dir/MiniOzoneClusterImpl-25acc1c1-a8f2-4117-88d4-9d8f1e28eca9/datanode-4/data/ratis/dc41ab09-3424-4cc2-bf62-ea7482a42541/in_use.lock acquired by nodename 21910@fv-az294-326
2021-09-22 01:09:27,271 [Datanode State Machine Thread - 0] WARN  statemachine.StateContext (StateContext.java:execute(621)) - No available thread in pool for past 1 seconds.
2021-09-22 01:09:27,273 [pool-150-thread-1] INFO  ratis.ContainerStateMachine (ContainerStateMachine.java:loadSnapshot(224)) - group-7D8C5C10C900: The snapshot info is null. Setting the last applied indexto:(t:0, i:~)
2021-09-22 01:09:27,273 [pool-150-thread-1] INFO  server.RaftServerConfigKeys (ConfUtils.java:logGet(44)) - raft.server.notification.no-leader.timeout = 300000ms (custom)
2021-09-22 01:09:27,273 [pool-150-thread-1] INFO  server.RaftServerConfigKeys (ConfUtils.java:logGet(44)) - raft.server.log.use.memory = false (default)
2021-09-22 01:09:27,273 [pool-150-thread-1] INFO  server.RaftServerConfigKeys (ConfUtils.java:logGet(44)) - raft.server.log.purge.gap = 1000000 (custom)
2021-09-22 01:09:27,273 [pool-150-thread-1] INFO  server.RaftServerConfigKeys (ConfUtils.java:logGet(44)) - raft.server.log.appender.buffer.byte-limit = 33554432 (custom)
2021-09-22 01:09:27,273 [pool-150-thread-1] INFO  server.RaftServerConfigKeys (ConfUtils.java:logGet(44)) - raft.server.log.segment.size.max = 1048576 (custom)
2021-09-22 01:09:27,274 [pool-131-thread-1] INFO  storage.RaftStorage (RaftStorageImpl.java:format(89)) - Storage directory /home/runner/work/ozone/ozone/hadoop-ozone/integration-test/target/test-dir/MiniOzoneClusterImpl-25acc1c1-a8f2-4117-88d4-9d8f1e28eca9/datanode-4/data/ratis/dc41ab09-3424-4cc2-bf62-ea7482a42541 has been successfully formatted.
2021-09-22 01:09:27,274 [pool-150-thread-1] INFO  server.RaftServerConfigKeys (ConfUtils.java:logGet(44)) - raft.server.log.segment.cache.num.max = 2 (custom)
2021-09-22 01:09:27,274 [pool-150-thread-1] INFO  server.RaftServerConfigKeys (ConfUtils.java:logGet(44)) - raft.server.log.segment.cache.size.max = 200MB (=209715200) (default)
2021-09-22 01:09:27,274 [pool-150-thread-1] INFO  segmented.SegmentedRaftLogWorker (SegmentedRaftLogWorker.java:<init>(182)) - new 0d23f380-5b64-4336-bea7-d12bd7eaa710@group-7D8C5C10C900-SegmentedRaftLogWorker for RaftStorageImpl:Storage Directory /home/runner/work/ozone/ozone/hadoop-ozone/integration-test/target/test-dir/MiniOzoneClusterImpl-25acc1c1-a8f2-4117-88d4-9d8f1e28eca9/datanode-5/data/ratis/4de357ff-d8b8-41d9-a7ee-7d8c5c10c900
2021-09-22 01:09:27,274 [pool-150-thread-1] INFO  server.RaftServerConfigKeys (ConfUtils.java:logGet(44)) - raft.server.log.queue.byte-limit = 2147483647 (custom)
2021-09-22 01:09:27,274 [pool-150-thread-1] INFO  server.RaftServerConfigKeys (ConfUtils.java:logGet(44)) - raft.server.log.queue.element-limit = 1024 (custom)
2021-09-22 01:09:27,274 [pool-150-thread-1] INFO  server.RaftServerConfigKeys (ConfUtils.java:logGet(44)) - raft.server.log.segment.size.max = 1048576 (custom)
2021-09-22 01:09:27,274 [pool-150-thread-1] INFO  server.RaftServerConfigKeys (ConfUtils.java:logGet(44)) - raft.server.log.preallocated.size = 16384 (custom)
2021-09-22 01:09:27,274 [pool-150-thread-1] INFO  server.RaftServerConfigKeys (ConfUtils.java:logGet(44)) - raft.server.log.force.sync.num = 128 (default)
2021-09-22 01:09:27,274 [pool-150-thread-1] INFO  server.RaftServerConfigKeys (ConfUtils.java:logGet(44)) - raft.server.log.statemachine.data.sync = true (default)
2021-09-22 01:09:27,275 [pool-150-thread-1] INFO  server.RaftServerConfigKeys (ConfUtils.java:logGet(44)) - raft.server.log.statemachine.data.sync.timeout = 10s (default)
2021-09-22 01:09:27,275 [pool-150-thread-1] INFO  server.RaftServerConfigKeys (ConfUtils.java:logGet(44)) - raft.server.log.statemachine.data.sync.timeout.retry = -1 (default)
2021-09-22 01:09:27,274 [Datanode State Machine Thread - 0] WARN  statemachine.StateContext (StateContext.java:execute(621)) - No available thread in pool for past 1 seconds.
2021-09-22 01:09:27,275 [EventQueue-PipelineReportForPipelineReportHandler] INFO  pipeline.PipelineManagerImpl (PipelineManagerImpl.java:openPipeline(282)) - Pipeline Pipeline[ Id: dc41ab09-3424-4cc2-bf62-ea7482a42541, Nodes: 46189feb-569c-4e6f-be55-dc7298009a0b{ip: 10.1.0.5, host: fv-az294-326.eaanfquahm5ulb5tj050gcxych.jx.internal.cloudapp.net, ports: [REPLICATION=45851, RATIS=40371, RATIS_ADMIN=40371, RATIS_SERVER=40371, STANDALONE=40153], networkLocation: /default-rack, certSerialId: null, persistedOpState: IN_SERVICE, persistedOpStateExpiryEpochSec: 0}, ReplicationConfig: RATIS/ONE, State:ALLOCATED, leaderId:46189feb-569c-4e6f-be55-dc7298009a0b, CreationTimestamp2021-09-22T01:09:24.275Z[Etc/UTC]] moved to OPEN state
2021-09-22 01:09:27,274 [pool-131-thread-1] INFO  ratis.ContainerStateMachine (ContainerStateMachine.java:loadSnapshot(224)) - group-EA7482A42541: The snapshot info is null. Setting the last applied indexto:(t:0, i:~)
2021-09-22 01:09:27,276 [pool-131-thread-1] INFO  server.RaftServerConfigKeys (ConfUtils.java:logGet(44)) - raft.server.notification.no-leader.timeout = 300000ms (custom)
2021-09-22 01:09:27,276 [pool-131-thread-1] INFO  server.RaftServerConfigKeys (ConfUtils.java:logGet(44)) - raft.server.log.use.memory = false (default)
2021-09-22 01:09:27,276 [pool-131-thread-1] INFO  server.RaftServerConfigKeys (ConfUtils.java:logGet(44)) - raft.server.log.purge.gap = 1000000 (custom)
2021-09-22 01:09:27,276 [EventQueue-OpenPipelineForHealthyPipelineSafeModeRule] INFO  safemode.SCMSafeModeManager (HealthyPipelineSafeModeRule.java:process(124)) - SCM in safe mode. Healthy pipelines reported count is 0, required healthy pipeline reported count is 1
2021-09-22 01:09:27,276 [pool-131-thread-1] INFO  server.RaftServerConfigKeys (ConfUtils.java:logGet(44)) - raft.server.log.appender.buffer.byte-limit = 33554432 (custom)
2021-09-22 01:09:27,280 [pool-131-thread-1] INFO  server.RaftServerConfigKeys (ConfUtils.java:logGet(44)) - raft.server.log.segment.size.max = 1048576 (custom)
2021-09-22 01:09:27,280 [pool-131-thread-1] INFO  server.RaftServerConfigKeys (ConfUtils.java:logGet(44)) - raft.server.log.segment.cache.num.max = 2 (custom)
2021-09-22 01:09:27,280 [pool-131-thread-1] INFO  server.RaftServerConfigKeys (ConfUtils.java:logGet(44)) - raft.server.log.segment.cache.size.max = 200MB (=209715200) (default)
2021-09-22 01:09:27,280 [pool-131-thread-1] INFO  segmented.SegmentedRaftLogWorker (SegmentedRaftLogWorker.java:<init>(182)) - new 46189feb-569c-4e6f-be55-dc7298009a0b@group-EA7482A42541-SegmentedRaftLogWorker for RaftStorageImpl:Storage Directory /home/runner/work/ozone/ozone/hadoop-ozone/integration-test/target/test-dir/MiniOzoneClusterImpl-25acc1c1-a8f2-4117-88d4-9d8f1e28eca9/datanode-4/data/ratis/dc41ab09-3424-4cc2-bf62-ea7482a42541
2021-09-22 01:09:27,280 [pool-131-thread-1] INFO  server.RaftServerConfigKeys (ConfUtils.java:logGet(44)) - raft.server.log.queue.byte-limit = 2147483647 (custom)
2021-09-22 01:09:27,280 [pool-131-thread-1] INFO  server.RaftServerConfigKeys (ConfUtils.java:logGet(44)) - raft.server.log.queue.element-limit = 1024 (custom)
2021-09-22 01:09:27,280 [pool-131-thread-1] INFO  server.RaftServerConfigKeys (ConfUtils.java:logGet(44)) - raft.server.log.segment.size.max = 1048576 (custom)
2021-09-22 01:09:27,280 [pool-131-thread-1] INFO  server.RaftServerConfigKeys (ConfUtils.java:logGet(44)) - raft.server.log.preallocated.size = 16384 (custom)
2021-09-22 01:09:27,280 [pool-131-thread-1] INFO  server.RaftServerConfigKeys (ConfUtils.java:logGet(44)) - raft.server.log.force.sync.num = 128 (default)
2021-09-22 01:09:27,280 [pool-131-thread-1] INFO  server.RaftServerConfigKeys (ConfUtils.java:logGet(44)) - raft.server.log.statemachine.data.sync = true (default)
2021-09-22 01:09:27,280 [pool-131-thread-1] INFO  server.RaftServerConfigKeys (ConfUtils.java:logGet(44)) - raft.server.log.statemachine.data.sync.timeout = 10s (default)
2021-09-22 01:09:27,280 [pool-131-thread-1] INFO  server.RaftServerConfigKeys (ConfUtils.java:logGet(44)) - raft.server.log.statemachine.data.sync.timeout.retry = -1 (default)
2021-09-22 01:09:27,281 [pool-131-thread-1] INFO  server.RaftServerConfigKeys (ConfUtils.java:logGet(44)) - raft.server.log.write.buffer.size = 1048576 (custom)
2021-09-22 01:09:27,282 [pool-131-thread-1] INFO  server.RaftServerConfigKeys (ConfUtils.java:logGet(44)) - raft.server.log.statemachine.data.caching.enabled = true (custom)
2021-09-22 01:09:27,282 [pool-131-thread-1] INFO  segmented.SegmentedRaftLogWorker (SegmentedRaftLogWorker.java:lambda$new$0(133)) - 46189feb-569c-4e6f-be55-dc7298009a0b@group-EA7482A42541-SegmentedRaftLogWorker: flushIndex: setUnconditionally 0 -> -1
2021-09-22 01:09:27,282 [pool-131-thread-1] INFO  segmented.SegmentedRaftLogWorker (SegmentedRaftLogWorker.java:lambda$new$0(133)) - 46189feb-569c-4e6f-be55-dc7298009a0b@group-EA7482A42541-SegmentedRaftLogWorker: safeCacheEvictIndex: setUnconditionally 0 -> -1
2021-09-22 01:09:27,282 [pool-150-thread-1] INFO  server.RaftServerConfigKeys (ConfUtils.java:logGet(44)) - raft.server.log.write.buffer.size = 1048576 (custom)
2021-09-22 01:09:27,283 [pool-131-thread-1] INFO  server.RaftServerConfigKeys (ConfUtils.java:logGet(44)) - raft.server.snapshot.auto.trigger.enabled = true (custom)
2021-09-22 01:09:27,283 [pool-131-thread-1] INFO  server.RaftServerConfigKeys (ConfUtils.java:logGet(44)) - raft.server.snapshot.auto.trigger.threshold = 10000 (custom)
2021-09-22 01:09:27,283 [pool-131-thread-1] INFO  server.RaftServerConfigKeys (ConfUtils.java:logGet(44)) - raft.server.snapshot.retention.file.num = 5 (custom)
2021-09-22 01:09:27,283 [pool-131-thread-1] INFO  server.RaftServerConfigKeys (ConfUtils.java:logGet(44)) - raft.server.log.purge.upto.snapshot.index = false (default)
2021-09-22 01:09:27,283 [pool-150-thread-1] INFO  server.RaftServerConfigKeys (ConfUtils.java:logGet(44)) - raft.server.log.statemachine.data.caching.enabled = true (custom)
2021-09-22 01:09:27,283 [pool-131-thread-1] INFO  server.RaftServerConfigKeys (ConfUtils.java:logGet(44)) - raft.server.retrycache.expirytime = 600000ms (custom)
2021-09-22 01:09:27,283 [pool-131-thread-1] INFO  server.RaftServerConfigKeys (ConfUtils.java:logGet(44)) - raft.server.retrycache.statistics.expirytime = 100μs (default)
2021-09-22 01:09:27,284 [pool-131-thread-1] INFO  server.RaftServer$Division (RaftServerImpl.java:start(296)) - 46189feb-569c-4e6f-be55-dc7298009a0b@group-EA7482A42541: start as a follower, conf=-1: [46189feb-569c-4e6f-be55-dc7298009a0b|rpc:10.1.0.5:40371|priority:1], old=null
2021-09-22 01:09:27,284 [pool-131-thread-1] INFO  server.RaftServer$Division (RaftServerImpl.java:setRole(285)) - 46189feb-569c-4e6f-be55-dc7298009a0b@group-EA7482A42541: changes role from      null to FOLLOWER at term 0 for startAsFollower
2021-09-22 01:09:27,284 [pool-131-thread-1] INFO  impl.RoleInfo (RoleInfo.java:updateAndGet(130)) - 46189feb-569c-4e6f-be55-dc7298009a0b: start 46189feb-569c-4e6f-be55-dc7298009a0b@group-EA7482A42541-FollowerState
2021-09-22 01:09:27,284 [pool-150-thread-1] INFO  segmented.SegmentedRaftLogWorker (SegmentedRaftLogWorker.java:lambda$new$0(133)) - 0d23f380-5b64-4336-bea7-d12bd7eaa710@group-7D8C5C10C900-SegmentedRaftLogWorker: flushIndex: setUnconditionally 0 -> -1
2021-09-22 01:09:27,284 [pool-150-thread-1] INFO  segmented.SegmentedRaftLogWorker (SegmentedRaftLogWorker.java:lambda$new$0(133)) - 0d23f380-5b64-4336-bea7-d12bd7eaa710@group-7D8C5C10C900-SegmentedRaftLogWorker: safeCacheEvictIndex: setUnconditionally 0 -> -1
2021-09-22 01:09:27,285 [pool-131-thread-1] INFO  util.JmxRegister (JmxRegister.java:tryRegister(44)) - Successfully registered JMX Bean with object name Ratis:service=RaftServer,group=group-EA7482A42541,id=46189feb-569c-4e6f-be55-dc7298009a0b
2021-09-22 01:09:27,287 [Command processor thread] INFO  ratis.XceiverServerRatis (XceiverServerRatis.java:addGroup(762)) - Created group PipelineID=dc41ab09-3424-4cc2-bf62-ea7482a42541
2021-09-22 01:09:27,287 [Command processor thread] INFO  commandhandler.CreatePipelineCommandHandler (CreatePipelineCommandHandler.java:handle(106)) - Created Pipeline RATIS ONE PipelineID=dc41ab09-3424-4cc2-bf62-ea7482a42541.
2021-09-22 01:09:27,292 [pool-150-thread-1] INFO  server.RaftServerConfigKeys (ConfUtils.java:logGet(44)) - raft.server.snapshot.auto.trigger.enabled = true (custom)
2021-09-22 01:09:27,292 [pool-150-thread-1] INFO  server.RaftServerConfigKeys (ConfUtils.java:logGet(44)) - raft.server.snapshot.auto.trigger.threshold = 10000 (custom)
2021-09-22 01:09:27,292 [pool-150-thread-1] INFO  server.RaftServerConfigKeys (ConfUtils.java:logGet(44)) - raft.server.snapshot.retention.file.num = 5 (custom)
2021-09-22 01:09:27,292 [pool-150-thread-1] INFO  server.RaftServerConfigKeys (ConfUtils.java:logGet(44)) - raft.server.log.purge.upto.snapshot.index = false (default)
2021-09-22 01:09:27,292 [pool-150-thread-1] INFO  server.RaftServerConfigKeys (ConfUtils.java:logGet(44)) - raft.server.retrycache.expirytime = 600000ms (custom)
2021-09-22 01:09:27,292 [pool-150-thread-1] INFO  server.RaftServerConfigKeys (ConfUtils.java:logGet(44)) - raft.server.retrycache.statistics.expirytime = 100μs (default)
2021-09-22 01:09:27,293 [pool-150-thread-1] INFO  server.RaftServer$Division (RaftServerImpl.java:start(296)) - 0d23f380-5b64-4336-bea7-d12bd7eaa710@group-7D8C5C10C900: start as a follower, conf=-1: [0d23f380-5b64-4336-bea7-d12bd7eaa710|rpc:10.1.0.5:40155|dataStream:|priority:0, 46189feb-569c-4e6f-be55-dc7298009a0b|rpc:10.1.0.5:40371|dataStream:|priority:1, fff18091-4bc4-4dc4-9e0e-c7b7b9f7a092|rpc:10.1.0.5:43419|dataStream:|priority:0], old=null
2021-09-22 01:09:27,293 [pool-150-thread-1] INFO  server.RaftServer$Division (RaftServerImpl.java:setRole(285)) - 0d23f380-5b64-4336-bea7-d12bd7eaa710@group-7D8C5C10C900: changes role from      null to FOLLOWER at term 0 for startAsFollower
2021-09-22 01:09:27,294 [pool-150-thread-1] INFO  impl.RoleInfo (RoleInfo.java:updateAndGet(130)) - 0d23f380-5b64-4336-bea7-d12bd7eaa710: start 0d23f380-5b64-4336-bea7-d12bd7eaa710@group-7D8C5C10C900-FollowerState
2021-09-22 01:09:27,299 [pool-150-thread-1] INFO  util.JmxRegister (JmxRegister.java:tryRegister(44)) - Successfully registered JMX Bean with object name Ratis:service=RaftServer,group=group-7D8C5C10C900,id=0d23f380-5b64-4336-bea7-d12bd7eaa710
2021-09-22 01:09:27,309 [Command processor thread] INFO  commandhandler.CreatePipelineCommandHandler (CreatePipelineCommandHandler.java:handle(106)) - Created Pipeline RATIS THREE PipelineID=4de357ff-d8b8-41d9-a7ee-7d8c5c10c900.
2021-09-22 01:09:27,479 [Command processor thread] INFO  server.RaftServer (RaftServerProxy.java:addNew(95)) - 0d23f380-5b64-4336-bea7-d12bd7eaa710: addNew group-C1C80CF96F0E:[0d23f380-5b64-4336-bea7-d12bd7eaa710|rpc:10.1.0.5:40155|priority:1] returns group-C1C80CF96F0E:java.util.concurrent.CompletableFuture@53dc95f2[Not completed]
2021-09-22 01:09:27,480 [pool-150-thread-1] INFO  server.RaftServer$Division (RaftServerImpl.java:<init>(181)) - 0d23f380-5b64-4336-bea7-d12bd7eaa710: new RaftServerImpl for group-C1C80CF96F0E:[0d23f380-5b64-4336-bea7-d12bd7eaa710|rpc:10.1.0.5:40155|priority:1] with ContainerStateMachine:uninitialized
2021-09-22 01:09:27,480 [pool-150-thread-1] INFO  server.RaftServerConfigKeys (ConfUtils.java:logGet(44)) - raft.server.rpc.timeout.min = 5s (custom)
2021-09-22 01:09:27,480 [pool-150-thread-1] INFO  server.RaftServerConfigKeys (ConfUtils.java:logGet(44)) - raft.server.rpc.timeout.max = 5200ms (custom)
2021-09-22 01:09:27,481 [pool-150-thread-1] INFO  server.RaftServerConfigKeys (ConfUtils.java:logGet(44)) - raft.server.rpc.sleep.time = 25ms (default)
2021-09-22 01:09:27,481 [pool-150-thread-1] INFO  server.RaftServerConfigKeys (ConfUtils.java:logGet(44)) - raft.server.rpc.slowness.timeout = 300000ms (custom)
2021-09-22 01:09:27,481 [pool-150-thread-1] INFO  server.RaftServerConfigKeys (ConfUtils.java:logGet(44)) - raft.server.leaderelection.leader.step-down.wait-time = 10s (default)
2021-09-22 01:09:27,481 [pool-150-thread-1] INFO  server.RaftServerConfigKeys (ConfUtils.java:logGet(44)) - raft.server.sleep.deviation.threshold = 300ms (default)
2021-09-22 01:09:27,481 [pool-150-thread-1] INFO  server.RaftServerConfigKeys (ConfUtils.java:logGet(44)) - raft.server.log.appender.install.snapshot.enabled = false (custom)
2021-09-22 01:09:27,481 [pool-150-thread-1] INFO  server.RaftServer$Division (ServerState.java:<init>(105)) - 0d23f380-5b64-4336-bea7-d12bd7eaa710@group-C1C80CF96F0E: ConfigurationManager, init=-1: [0d23f380-5b64-4336-bea7-d12bd7eaa710|rpc:10.1.0.5:40155|priority:1], old=null, confs=<EMPTY_MAP>
2021-09-22 01:09:27,481 [pool-150-thread-1] INFO  server.RaftServerConfigKeys (ConfUtils.java:logGet(44)) - raft.server.storage.dir = [/home/runner/work/ozone/ozone/hadoop-ozone/integration-test/target/test-dir/MiniOzoneClusterImpl-25acc1c1-a8f2-4117-88d4-9d8f1e28eca9/datanode-5/data/ratis] (custom)
2021-09-22 01:09:27,481 [pool-150-thread-1] INFO  server.RaftServerConfigKeys (ConfUtils.java:logGet(44)) - raft.server.log.corruption.policy = EXCEPTION (default)
2021-09-22 01:09:27,481 [pool-150-thread-1] INFO  server.RaftServerConfigKeys (ConfUtils.java:logGet(44)) - raft.server.storage.free-space.min = 0MB (=0) (default)
2021-09-22 01:09:27,482 [pool-150-thread-1] INFO  storage.RaftStorageDirectory (RaftStorageDirectoryImpl.java:analyzeStorage(135)) - The storage directory /home/runner/work/ozone/ozone/hadoop-ozone/integration-test/target/test-dir/MiniOzoneClusterImpl-25acc1c1-a8f2-4117-88d4-9d8f1e28eca9/datanode-5/data/ratis/51be4208-7298-4bb9-9b48-c1c80cf96f0e does not exist. Creating ...
2021-09-22 01:09:27,483 [pool-150-thread-1] INFO  storage.RaftStorageDirectory (RaftStorageDirectoryImpl.java:tryLock(230)) - Lock on /home/runner/work/ozone/ozone/hadoop-ozone/integration-test/target/test-dir/MiniOzoneClusterImpl-25acc1c1-a8f2-4117-88d4-9d8f1e28eca9/datanode-5/data/ratis/51be4208-7298-4bb9-9b48-c1c80cf96f0e/in_use.lock acquired by nodename 21910@fv-az294-326
2021-09-22 01:09:27,484 [pool-150-thread-1] INFO  storage.RaftStorage (RaftStorageImpl.java:format(89)) - Storage directory /home/runner/work/ozone/ozone/hadoop-ozone/integration-test/target/test-dir/MiniOzoneClusterImpl-25acc1c1-a8f2-4117-88d4-9d8f1e28eca9/datanode-5/data/ratis/51be4208-7298-4bb9-9b48-c1c80cf96f0e has been successfully formatted.
2021-09-22 01:09:27,485 [pool-150-thread-1] INFO  ratis.ContainerStateMachine (ContainerStateMachine.java:loadSnapshot(224)) - group-C1C80CF96F0E: The snapshot info is null. Setting the last applied indexto:(t:0, i:~)
2021-09-22 01:09:27,485 [pool-150-thread-1] INFO  server.RaftServerConfigKeys (ConfUtils.java:logGet(44)) - raft.server.notification.no-leader.timeout = 300000ms (custom)
2021-09-22 01:09:27,485 [Datanode State Machine Thread - 0] WARN  statemachine.StateContext (StateContext.java:execute(621)) - No available thread in pool for past 1 seconds.
2021-09-22 01:09:27,485 [pool-150-thread-1] INFO  server.RaftServerConfigKeys (ConfUtils.java:logGet(44)) - raft.server.log.use.memory = false (default)
2021-09-22 01:09:27,486 [pool-150-thread-1] INFO  server.RaftServerConfigKeys (ConfUtils.java:logGet(44)) - raft.server.log.purge.gap = 1000000 (custom)
2021-09-22 01:09:27,486 [pool-150-thread-1] INFO  server.RaftServerConfigKeys (ConfUtils.java:logGet(44)) - raft.server.log.appender.buffer.byte-limit = 33554432 (custom)
2021-09-22 01:09:27,486 [pool-150-thread-1] INFO  server.RaftServerConfigKeys (ConfUtils.java:logGet(44)) - raft.server.log.segment.size.max = 1048576 (custom)
2021-09-22 01:09:27,486 [pool-150-thread-1] INFO  server.RaftServerConfigKeys (ConfUtils.java:logGet(44)) - raft.server.log.segment.cache.num.max = 2 (custom)
2021-09-22 01:09:27,487 [EventQueue-PipelineReportForPipelineReportHandler] INFO  pipeline.PipelineManagerImpl (PipelineManagerImpl.java:openPipeline(282)) - Pipeline Pipeline[ Id: 51be4208-7298-4bb9-9b48-c1c80cf96f0e, Nodes: 0d23f380-5b64-4336-bea7-d12bd7eaa710{ip: 10.1.0.5, host: fv-az294-326.eaanfquahm5ulb5tj050gcxych.jx.internal.cloudapp.net, ports: [REPLICATION=43925, RATIS=40155, RATIS_ADMIN=40155, RATIS_SERVER=40155, STANDALONE=43011], networkLocation: /default-rack, certSerialId: null, persistedOpState: IN_SERVICE, persistedOpStateExpiryEpochSec: 0}, ReplicationConfig: RATIS/ONE, State:ALLOCATED, leaderId:0d23f380-5b64-4336-bea7-d12bd7eaa710, CreationTimestamp2021-09-22T01:09:24.486Z[Etc/UTC]] moved to OPEN state
2021-09-22 01:09:27,487 [pool-150-thread-1] INFO  server.RaftServerConfigKeys (ConfUtils.java:logGet(44)) - raft.server.log.segment.cache.size.max = 200MB (=209715200) (default)
2021-09-22 01:09:27,487 [pool-150-thread-1] INFO  segmented.SegmentedRaftLogWorker (SegmentedRaftLogWorker.java:<init>(182)) - new 0d23f380-5b64-4336-bea7-d12bd7eaa710@group-C1C80CF96F0E-SegmentedRaftLogWorker for RaftStorageImpl:Storage Directory /home/runner/work/ozone/ozone/hadoop-ozone/integration-test/target/test-dir/MiniOzoneClusterImpl-25acc1c1-a8f2-4117-88d4-9d8f1e28eca9/datanode-5/data/ratis/51be4208-7298-4bb9-9b48-c1c80cf96f0e
2021-09-22 01:09:27,487 [pool-150-thread-1] INFO  server.RaftServerConfigKeys (ConfUtils.java:logGet(44)) - raft.server.log.queue.byte-limit = 2147483647 (custom)
2021-09-22 01:09:27,487 [pool-150-thread-1] INFO  server.RaftServerConfigKeys (ConfUtils.java:logGet(44)) - raft.server.log.queue.element-limit = 1024 (custom)
2021-09-22 01:09:27,488 [pool-150-thread-1] INFO  server.RaftServerConfigKeys (ConfUtils.java:logGet(44)) - raft.server.log.segment.size.max = 1048576 (custom)
2021-09-22 01:09:27,488 [pool-150-thread-1] INFO  server.RaftServerConfigKeys (ConfUtils.java:logGet(44)) - raft.server.log.preallocated.size = 16384 (custom)
2021-09-22 01:09:27,488 [pool-150-thread-1] INFO  server.RaftServerConfigKeys (ConfUtils.java:logGet(44)) - raft.server.log.force.sync.num = 128 (default)
2021-09-22 01:09:27,488 [EventQueue-OpenPipelineForHealthyPipelineSafeModeRule] INFO  safemode.SCMSafeModeManager (HealthyPipelineSafeModeRule.java:process(124)) - SCM in safe mode. Healthy pipelines reported count is 0, required healthy pipeline reported count is 1
2021-09-22 01:09:27,497 [pool-150-thread-1] INFO  server.RaftServerConfigKeys (ConfUtils.java:logGet(44)) - raft.server.log.statemachine.data.sync = true (default)
2021-09-22 01:09:27,497 [pool-150-thread-1] INFO  server.RaftServerConfigKeys (ConfUtils.java:logGet(44)) - raft.server.log.statemachine.data.sync.timeout = 10s (default)
2021-09-22 01:09:27,497 [pool-150-thread-1] INFO  server.RaftServerConfigKeys (ConfUtils.java:logGet(44)) - raft.server.log.statemachine.data.sync.timeout.retry = -1 (default)
2021-09-22 01:09:27,498 [pool-150-thread-1] INFO  server.RaftServerConfigKeys (ConfUtils.java:logGet(44)) - raft.server.log.write.buffer.size = 1048576 (custom)
2021-09-22 01:09:27,499 [pool-150-thread-1] INFO  server.RaftServerConfigKeys (ConfUtils.java:logGet(44)) - raft.server.log.statemachine.data.caching.enabled = true (custom)
2021-09-22 01:09:27,499 [pool-150-thread-1] INFO  segmented.SegmentedRaftLogWorker (SegmentedRaftLogWorker.java:lambda$new$0(133)) - 0d23f380-5b64-4336-bea7-d12bd7eaa710@group-C1C80CF96F0E-SegmentedRaftLogWorker: flushIndex: setUnconditionally 0 -> -1
2021-09-22 01:09:27,499 [pool-150-thread-1] INFO  segmented.SegmentedRaftLogWorker (SegmentedRaftLogWorker.java:lambda$new$0(133)) - 0d23f380-5b64-4336-bea7-d12bd7eaa710@group-C1C80CF96F0E-SegmentedRaftLogWorker: safeCacheEvictIndex: setUnconditionally 0 -> -1
2021-09-22 01:09:27,499 [pool-150-thread-1] INFO  server.RaftServerConfigKeys (ConfUtils.java:logGet(44)) - raft.server.snapshot.auto.trigger.enabled = true (custom)
2021-09-22 01:09:27,499 [pool-150-thread-1] INFO  server.RaftServerConfigKeys (ConfUtils.java:logGet(44)) - raft.server.snapshot.auto.trigger.threshold = 10000 (custom)
2021-09-22 01:09:27,499 [pool-150-thread-1] INFO  server.RaftServerConfigKeys (ConfUtils.java:logGet(44)) - raft.server.snapshot.retention.file.num = 5 (custom)
2021-09-22 01:09:27,500 [pool-150-thread-1] INFO  server.RaftServerConfigKeys (ConfUtils.java:logGet(44)) - raft.server.log.purge.upto.snapshot.index = false (default)
2021-09-22 01:09:27,500 [pool-150-thread-1] INFO  server.RaftServerConfigKeys (ConfUtils.java:logGet(44)) - raft.server.retrycache.expirytime = 600000ms (custom)
2021-09-22 01:09:27,500 [pool-150-thread-1] INFO  server.RaftServerConfigKeys (ConfUtils.java:logGet(44)) - raft.server.retrycache.statistics.expirytime = 100μs (default)
2021-09-22 01:09:27,501 [pool-150-thread-1] INFO  server.RaftServer$Division (RaftServerImpl.java:start(296)) - 0d23f380-5b64-4336-bea7-d12bd7eaa710@group-C1C80CF96F0E: start as a follower, conf=-1: [0d23f380-5b64-4336-bea7-d12bd7eaa710|rpc:10.1.0.5:40155|priority:1], old=null
2021-09-22 01:09:27,501 [pool-150-thread-1] INFO  server.RaftServer$Division (RaftServerImpl.java:setRole(285)) - 0d23f380-5b64-4336-bea7-d12bd7eaa710@group-C1C80CF96F0E: changes role from      null to FOLLOWER at term 0 for startAsFollower
2021-09-22 01:09:27,501 [pool-150-thread-1] INFO  impl.RoleInfo (RoleInfo.java:updateAndGet(130)) - 0d23f380-5b64-4336-bea7-d12bd7eaa710: start 0d23f380-5b64-4336-bea7-d12bd7eaa710@group-C1C80CF96F0E-FollowerState
2021-09-22 01:09:27,501 [pool-150-thread-1] INFO  util.JmxRegister (JmxRegister.java:tryRegister(44)) - Successfully registered JMX Bean with object name Ratis:service=RaftServer,group=group-C1C80CF96F0E,id=0d23f380-5b64-4336-bea7-d12bd7eaa710
2021-09-22 01:09:27,501 [Command processor thread] INFO  ratis.XceiverServerRatis (XceiverServerRatis.java:addGroup(762)) - Created group PipelineID=51be4208-7298-4bb9-9b48-c1c80cf96f0e
2021-09-22 01:09:27,501 [Command processor thread] INFO  commandhandler.CreatePipelineCommandHandler (CreatePipelineCommandHandler.java:handle(106)) - Created Pipeline RATIS ONE PipelineID=51be4208-7298-4bb9-9b48-c1c80cf96f0e.
2021-09-22 01:09:27,663 [Listener at 127.0.0.1/44817] INFO  ozone.MiniOzoneClusterImpl (MiniOzoneClusterImpl.java:lambda$waitForClusterToBeReady$0(235)) - Nodes are ready. Got 7 of 7 DN Heartbeats.
2021-09-22 01:09:27,663 [Listener at 127.0.0.1/44817] INFO  ozone.MiniOzoneClusterImpl (MiniOzoneClusterImpl.java:lambda$waitForClusterToBeReady$0(238)) - Waiting for cluster to exit safe mode
2021-09-22 01:09:27,663 [Listener at 127.0.0.1/44817] INFO  ozone.MiniOzoneClusterImpl (MiniOzoneClusterImpl.java:lambda$waitForClusterToBeReady$0(240)) - SCM became leader
2021-09-22 01:09:27,672 [Command processor thread] INFO  server.RaftServer (RaftServerProxy.java:addNew(95)) - 1846ff5f-c0f8-47b1-8bb5-c6f8d49a7778: addNew group-C4FC351EDEF1:[1846ff5f-c0f8-47b1-8bb5-c6f8d49a7778|rpc:10.1.0.5:36461|priority:1] returns group-C4FC351EDEF1:java.util.concurrent.CompletableFuture@68dfae5b[Not completed]
2021-09-22 01:09:27,672 [pool-169-thread-1] INFO  server.RaftServer$Division (RaftServerImpl.java:<init>(181)) - 1846ff5f-c0f8-47b1-8bb5-c6f8d49a7778: new RaftServerImpl for group-C4FC351EDEF1:[1846ff5f-c0f8-47b1-8bb5-c6f8d49a7778|rpc:10.1.0.5:36461|priority:1] with ContainerStateMachine:uninitialized
2021-09-22 01:09:27,673 [pool-169-thread-1] INFO  server.RaftServerConfigKeys (ConfUtils.java:logGet(44)) - raft.server.rpc.timeout.min = 5s (custom)
2021-09-22 01:09:27,673 [pool-169-thread-1] INFO  server.RaftServerConfigKeys (ConfUtils.java:logGet(44)) - raft.server.rpc.timeout.max = 5200ms (custom)
2021-09-22 01:09:27,673 [pool-169-thread-1] INFO  server.RaftServerConfigKeys (ConfUtils.java:logGet(44)) - raft.server.rpc.sleep.time = 25ms (default)
2021-09-22 01:09:27,673 [pool-169-thread-1] INFO  server.RaftServerConfigKeys (ConfUtils.java:logGet(44)) - raft.server.rpc.slowness.timeout = 300000ms (custom)
2021-09-22 01:09:27,673 [pool-169-thread-1] INFO  server.RaftServerConfigKeys (ConfUtils.java:logGet(44)) - raft.server.leaderelection.leader.step-down.wait-time = 10s (default)
2021-09-22 01:09:27,673 [pool-169-thread-1] INFO  server.RaftServerConfigKeys (ConfUtils.java:logGet(44)) - raft.server.sleep.deviation.threshold = 300ms (default)
2021-09-22 01:09:27,673 [pool-169-thread-1] INFO  server.RaftServerConfigKeys (ConfUtils.java:logGet(44)) - raft.server.log.appender.install.snapshot.enabled = false (custom)
2021-09-22 01:09:27,673 [pool-169-thread-1] INFO  server.RaftServer$Division (ServerState.java:<init>(105)) - 1846ff5f-c0f8-47b1-8bb5-c6f8d49a7778@group-C4FC351EDEF1: ConfigurationManager, init=-1: [1846ff5f-c0f8-47b1-8bb5-c6f8d49a7778|rpc:10.1.0.5:36461|priority:1], old=null, confs=<EMPTY_MAP>
2021-09-22 01:09:27,673 [pool-169-thread-1] INFO  server.RaftServerConfigKeys (ConfUtils.java:logGet(44)) - raft.server.storage.dir = [/home/runner/work/ozone/ozone/hadoop-ozone/integration-test/target/test-dir/MiniOzoneClusterImpl-25acc1c1-a8f2-4117-88d4-9d8f1e28eca9/datanode-6/data/ratis] (custom)
2021-09-22 01:09:27,673 [pool-169-thread-1] INFO  server.RaftServerConfigKeys (ConfUtils.java:logGet(44)) - raft.server.log.corruption.policy = EXCEPTION (default)
2021-09-22 01:09:27,673 [pool-169-thread-1] INFO  server.RaftServerConfigKeys (ConfUtils.java:logGet(44)) - raft.server.storage.free-space.min = 0MB (=0) (default)
2021-09-22 01:09:27,673 [pool-169-thread-1] INFO  storage.RaftStorageDirectory (RaftStorageDirectoryImpl.java:analyzeStorage(135)) - The storage directory /home/runner/work/ozone/ozone/hadoop-ozone/integration-test/target/test-dir/MiniOzoneClusterImpl-25acc1c1-a8f2-4117-88d4-9d8f1e28eca9/datanode-6/data/ratis/941beb5a-db47-4f53-9f69-c4fc351edef1 does not exist. Creating ...
2021-09-22 01:09:27,675 [pool-169-thread-1] INFO  storage.RaftStorageDirectory (RaftStorageDirectoryImpl.java:tryLock(230)) - Lock on /home/runner/work/ozone/ozone/hadoop-ozone/integration-test/target/test-dir/MiniOzoneClusterImpl-25acc1c1-a8f2-4117-88d4-9d8f1e28eca9/datanode-6/data/ratis/941beb5a-db47-4f53-9f69-c4fc351edef1/in_use.lock acquired by nodename 21910@fv-az294-326
2021-09-22 01:09:27,676 [pool-169-thread-1] INFO  storage.RaftStorage (RaftStorageImpl.java:format(89)) - Storage directory /home/runner/work/ozone/ozone/hadoop-ozone/integration-test/target/test-dir/MiniOzoneClusterImpl-25acc1c1-a8f2-4117-88d4-9d8f1e28eca9/datanode-6/data/ratis/941beb5a-db47-4f53-9f69-c4fc351edef1 has been successfully formatted.
2021-09-22 01:09:27,676 [pool-169-thread-1] INFO  ratis.ContainerStateMachine (ContainerStateMachine.java:loadSnapshot(224)) - group-C4FC351EDEF1: The snapshot info is null. Setting the last applied indexto:(t:0, i:~)
2021-09-22 01:09:27,677 [pool-169-thread-1] INFO  server.RaftServerConfigKeys (ConfUtils.java:logGet(44)) - raft.server.notification.no-leader.timeout = 300000ms (custom)
2021-09-22 01:09:27,677 [Datanode State Machine Thread - 0] WARN  statemachine.StateContext (StateContext.java:execute(621)) - No available thread in pool for past 1 seconds.
2021-09-22 01:09:27,677 [pool-169-thread-1] INFO  server.RaftServerConfigKeys (ConfUtils.java:logGet(44)) - raft.server.log.use.memory = false (default)
2021-09-22 01:09:27,677 [pool-169-thread-1] INFO  server.RaftServerConfigKeys (ConfUtils.java:logGet(44)) - raft.server.log.purge.gap = 1000000 (custom)
2021-09-22 01:09:27,677 [pool-169-thread-1] INFO  server.RaftServerConfigKeys (ConfUtils.java:logGet(44)) - raft.server.log.appender.buffer.byte-limit = 33554432 (custom)
2021-09-22 01:09:27,677 [pool-169-thread-1] INFO  server.RaftServerConfigKeys (ConfUtils.java:logGet(44)) - raft.server.log.segment.size.max = 1048576 (custom)
2021-09-22 01:09:27,678 [pool-169-thread-1] INFO  server.RaftServerConfigKeys (ConfUtils.java:logGet(44)) - raft.server.log.segment.cache.num.max = 2 (custom)
2021-09-22 01:09:27,678 [pool-169-thread-1] INFO  server.RaftServerConfigKeys (ConfUtils.java:logGet(44)) - raft.server.log.segment.cache.size.max = 200MB (=209715200) (default)
2021-09-22 01:09:27,678 [pool-169-thread-1] INFO  segmented.SegmentedRaftLogWorker (SegmentedRaftLogWorker.java:<init>(182)) - new 1846ff5f-c0f8-47b1-8bb5-c6f8d49a7778@group-C4FC351EDEF1-SegmentedRaftLogWorker for RaftStorageImpl:Storage Directory /home/runner/work/ozone/ozone/hadoop-ozone/integration-test/target/test-dir/MiniOzoneClusterImpl-25acc1c1-a8f2-4117-88d4-9d8f1e28eca9/datanode-6/data/ratis/941beb5a-db47-4f53-9f69-c4fc351edef1
2021-09-22 01:09:27,678 [pool-169-thread-1] INFO  server.RaftServerConfigKeys (ConfUtils.java:logGet(44)) - raft.server.log.queue.byte-limit = 2147483647 (custom)
2021-09-22 01:09:27,678 [pool-169-thread-1] INFO  server.RaftServerConfigKeys (ConfUtils.java:logGet(44)) - raft.server.log.queue.element-limit = 1024 (custom)
2021-09-22 01:09:27,678 [pool-169-thread-1] INFO  server.RaftServerConfigKeys (ConfUtils.java:logGet(44)) - raft.server.log.segment.size.max = 1048576 (custom)
2021-09-22 01:09:27,678 [pool-169-thread-1] INFO  server.RaftServerConfigKeys (ConfUtils.java:logGet(44)) - raft.server.log.preallocated.size = 16384 (custom)
2021-09-22 01:09:27,678 [pool-169-thread-1] INFO  server.RaftServerConfigKeys (ConfUtils.java:logGet(44)) - raft.server.log.force.sync.num = 128 (default)
2021-09-22 01:09:27,678 [pool-169-thread-1] INFO  server.RaftServerConfigKeys (ConfUtils.java:logGet(44)) - raft.server.log.statemachine.data.sync = true (default)
2021-09-22 01:09:27,678 [pool-169-thread-1] INFO  server.RaftServerConfigKeys (ConfUtils.java:logGet(44)) - raft.server.log.statemachine.data.sync.timeout = 10s (default)
2021-09-22 01:09:27,678 [pool-169-thread-1] INFO  server.RaftServerConfigKeys (ConfUtils.java:logGet(44)) - raft.server.log.statemachine.data.sync.timeout.retry = -1 (default)
2021-09-22 01:09:27,679 [pool-169-thread-1] INFO  server.RaftServerConfigKeys (ConfUtils.java:logGet(44)) - raft.server.log.write.buffer.size = 1048576 (custom)
2021-09-22 01:09:27,680 [pool-169-thread-1] INFO  server.RaftServerConfigKeys (ConfUtils.java:logGet(44)) - raft.server.log.statemachine.data.caching.enabled = true (custom)
2021-09-22 01:09:27,680 [pool-169-thread-1] INFO  segmented.SegmentedRaftLogWorker (SegmentedRaftLogWorker.java:lambda$new$0(133)) - 1846ff5f-c0f8-47b1-8bb5-c6f8d49a7778@group-C4FC351EDEF1-SegmentedRaftLogWorker: flushIndex: setUnconditionally 0 -> -1
2021-09-22 01:09:27,680 [pool-169-thread-1] INFO  segmented.SegmentedRaftLogWorker (SegmentedRaftLogWorker.java:lambda$new$0(133)) - 1846ff5f-c0f8-47b1-8bb5-c6f8d49a7778@group-C4FC351EDEF1-SegmentedRaftLogWorker: safeCacheEvictIndex: setUnconditionally 0 -> -1
2021-09-22 01:09:27,680 [EventQueue-PipelineReportForPipelineReportHandler] INFO  pipeline.PipelineManagerImpl (PipelineManagerImpl.java:openPipeline(282)) - Pipeline Pipeline[ Id: 941beb5a-db47-4f53-9f69-c4fc351edef1, Nodes: 1846ff5f-c0f8-47b1-8bb5-c6f8d49a7778{ip: 10.1.0.5, host: fv-az294-326.eaanfquahm5ulb5tj050gcxych.jx.internal.cloudapp.net, ports: [REPLICATION=35635, RATIS=36461, RATIS_ADMIN=36461, RATIS_SERVER=36461, STANDALONE=45231], networkLocation: /default-rack, certSerialId: null, persistedOpState: IN_SERVICE, persistedOpStateExpiryEpochSec: 0}, ReplicationConfig: RATIS/ONE, State:ALLOCATED, leaderId:1846ff5f-c0f8-47b1-8bb5-c6f8d49a7778, CreationTimestamp2021-09-22T01:09:24.674Z[Etc/UTC]] moved to OPEN state
2021-09-22 01:09:27,681 [EventQueue-OpenPipelineForHealthyPipelineSafeModeRule] INFO  safemode.SCMSafeModeManager (HealthyPipelineSafeModeRule.java:process(124)) - SCM in safe mode. Healthy pipelines reported count is 0, required healthy pipeline reported count is 1
2021-09-22 01:09:27,681 [pool-169-thread-1] INFO  server.RaftServerConfigKeys (ConfUtils.java:logGet(44)) - raft.server.snapshot.auto.trigger.enabled = true (custom)
2021-09-22 01:09:27,682 [pool-169-thread-1] INFO  server.RaftServerConfigKeys (ConfUtils.java:logGet(44)) - raft.server.snapshot.auto.trigger.threshold = 10000 (custom)
2021-09-22 01:09:27,682 [pool-169-thread-1] INFO  server.RaftServerConfigKeys (ConfUtils.java:logGet(44)) - raft.server.snapshot.retention.file.num = 5 (custom)
2021-09-22 01:09:27,682 [pool-169-thread-1] INFO  server.RaftServerConfigKeys (ConfUtils.java:logGet(44)) - raft.server.log.purge.upto.snapshot.index = false (default)
2021-09-22 01:09:27,682 [pool-169-thread-1] INFO  server.RaftServerConfigKeys (ConfUtils.java:logGet(44)) - raft.server.retrycache.expirytime = 600000ms (custom)
2021-09-22 01:09:27,682 [pool-169-thread-1] INFO  server.RaftServerConfigKeys (ConfUtils.java:logGet(44)) - raft.server.retrycache.statistics.expirytime = 100μs (default)
2021-09-22 01:09:27,690 [pool-169-thread-1] INFO  server.RaftServer$Division (RaftServerImpl.java:start(296)) - 1846ff5f-c0f8-47b1-8bb5-c6f8d49a7778@group-C4FC351EDEF1: start as a follower, conf=-1: [1846ff5f-c0f8-47b1-8bb5-c6f8d49a7778|rpc:10.1.0.5:36461|priority:1], old=null
2021-09-22 01:09:27,690 [pool-169-thread-1] INFO  server.RaftServer$Division (RaftServerImpl.java:setRole(285)) - 1846ff5f-c0f8-47b1-8bb5-c6f8d49a7778@group-C4FC351EDEF1: changes role from      null to FOLLOWER at term 0 for startAsFollower
2021-09-22 01:09:27,690 [pool-169-thread-1] INFO  impl.RoleInfo (RoleInfo.java:updateAndGet(130)) - 1846ff5f-c0f8-47b1-8bb5-c6f8d49a7778: start 1846ff5f-c0f8-47b1-8bb5-c6f8d49a7778@group-C4FC351EDEF1-FollowerState
2021-09-22 01:09:27,692 [pool-169-thread-1] INFO  util.JmxRegister (JmxRegister.java:tryRegister(44)) - Successfully registered JMX Bean with object name Ratis:service=RaftServer,group=group-C4FC351EDEF1,id=1846ff5f-c0f8-47b1-8bb5-c6f8d49a7778
2021-09-22 01:09:27,693 [Command processor thread] INFO  ratis.XceiverServerRatis (XceiverServerRatis.java:addGroup(762)) - Created group PipelineID=941beb5a-db47-4f53-9f69-c4fc351edef1
2021-09-22 01:09:27,693 [Command processor thread] INFO  commandhandler.CreatePipelineCommandHandler (CreatePipelineCommandHandler.java:handle(106)) - Created Pipeline RATIS ONE PipelineID=941beb5a-db47-4f53-9f69-c4fc351edef1.
2021-09-22 01:09:28,663 [Listener at 127.0.0.1/44817] INFO  ozone.MiniOzoneClusterImpl (MiniOzoneClusterImpl.java:lambda$waitForClusterToBeReady$0(235)) - Nodes are ready. Got 7 of 7 DN Heartbeats.
2021-09-22 01:09:28,664 [Listener at 127.0.0.1/44817] INFO  ozone.MiniOzoneClusterImpl (MiniOzoneClusterImpl.java:lambda$waitForClusterToBeReady$0(238)) - Waiting for cluster to exit safe mode
2021-09-22 01:09:28,664 [Listener at 127.0.0.1/44817] INFO  ozone.MiniOzoneClusterImpl (MiniOzoneClusterImpl.java:lambda$waitForClusterToBeReady$0(240)) - SCM became leader
2021-09-22 01:09:29,664 [Listener at 127.0.0.1/44817] INFO  ozone.MiniOzoneClusterImpl (MiniOzoneClusterImpl.java:lambda$waitForClusterToBeReady$0(235)) - Nodes are ready. Got 7 of 7 DN Heartbeats.
2021-09-22 01:09:29,664 [Listener at 127.0.0.1/44817] INFO  ozone.MiniOzoneClusterImpl (MiniOzoneClusterImpl.java:lambda$waitForClusterToBeReady$0(238)) - Waiting for cluster to exit safe mode
2021-09-22 01:09:29,664 [Listener at 127.0.0.1/44817] INFO  ozone.MiniOzoneClusterImpl (MiniOzoneClusterImpl.java:lambda$waitForClusterToBeReady$0(240)) - SCM became leader
2021-09-22 01:09:30,664 [Listener at 127.0.0.1/44817] INFO  ozone.MiniOzoneClusterImpl (MiniOzoneClusterImpl.java:lambda$waitForClusterToBeReady$0(235)) - Nodes are ready. Got 7 of 7 DN Heartbeats.
2021-09-22 01:09:30,665 [Listener at 127.0.0.1/44817] INFO  ozone.MiniOzoneClusterImpl (MiniOzoneClusterImpl.java:lambda$waitForClusterToBeReady$0(238)) - Waiting for cluster to exit safe mode
2021-09-22 01:09:30,665 [Listener at 127.0.0.1/44817] INFO  ozone.MiniOzoneClusterImpl (MiniOzoneClusterImpl.java:lambda$waitForClusterToBeReady$0(240)) - SCM became leader
2021-09-22 01:09:31,247 [5dfa4197-3b4e-4728-abf2-2d416eda6cfb@group-C62B115EB3BF-FollowerState] INFO  impl.FollowerState (FollowerState.java:run(134)) - 5dfa4197-3b4e-4728-abf2-2d416eda6cfb@group-C62B115EB3BF-FollowerState: change to CANDIDATE, lastRpcElapsedTime:5041121929ns, electionTimeout:5039ms
2021-09-22 01:09:31,247 [5dfa4197-3b4e-4728-abf2-2d416eda6cfb@group-C62B115EB3BF-FollowerState] INFO  impl.RoleInfo (RoleInfo.java:shutdownFollowerState(108)) - 5dfa4197-3b4e-4728-abf2-2d416eda6cfb: shutdown 5dfa4197-3b4e-4728-abf2-2d416eda6cfb@group-C62B115EB3BF-FollowerState
2021-09-22 01:09:31,247 [5dfa4197-3b4e-4728-abf2-2d416eda6cfb@group-C62B115EB3BF-FollowerState] INFO  server.RaftServer$Division (RaftServerImpl.java:setRole(285)) - 5dfa4197-3b4e-4728-abf2-2d416eda6cfb@group-C62B115EB3BF: changes role from  FOLLOWER to CANDIDATE at term 0 for changeToCandidate
2021-09-22 01:09:31,247 [5dfa4197-3b4e-4728-abf2-2d416eda6cfb@group-C62B115EB3BF-FollowerState] INFO  server.RaftServerConfigKeys (ConfUtils.java:logGet(44)) - raft.server.leaderelection.pre-vote = false (custom)
2021-09-22 01:09:31,247 [5dfa4197-3b4e-4728-abf2-2d416eda6cfb@group-C62B115EB3BF-FollowerState] INFO  impl.RoleInfo (RoleInfo.java:updateAndGet(130)) - 5dfa4197-3b4e-4728-abf2-2d416eda6cfb: start 5dfa4197-3b4e-4728-abf2-2d416eda6cfb@group-C62B115EB3BF-LeaderElection2
2021-09-22 01:09:31,252 [5dfa4197-3b4e-4728-abf2-2d416eda6cfb@group-C62B115EB3BF-LeaderElection2] INFO  impl.LeaderElection (LeaderElection.java:askForVotes(306)) - 5dfa4197-3b4e-4728-abf2-2d416eda6cfb@group-C62B115EB3BF-LeaderElection2 ELECTION round 0: submit vote requests at term 1 for -1: [e58ea0e2-171c-4fa7-a930-6c25c8dc249c|rpc:10.1.0.5:36231|priority:1, 9a2eaa79-e95b-45cd-b00f-a46126e2769a|rpc:10.1.0.5:42817|priority:0, 5dfa4197-3b4e-4728-abf2-2d416eda6cfb|rpc:10.1.0.5:45155|priority:0], old=null
2021-09-22 01:09:31,290 [5dfa4197-3b4e-4728-abf2-2d416eda6cfb@group-546008E63882-FollowerState] INFO  impl.FollowerState (FollowerState.java:run(134)) - 5dfa4197-3b4e-4728-abf2-2d416eda6cfb@group-546008E63882-FollowerState: change to CANDIDATE, lastRpcElapsedTime:5119508456ns, electionTimeout:5116ms
2021-09-22 01:09:31,295 [5dfa4197-3b4e-4728-abf2-2d416eda6cfb@group-546008E63882-FollowerState] INFO  impl.RoleInfo (RoleInfo.java:shutdownFollowerState(108)) - 5dfa4197-3b4e-4728-abf2-2d416eda6cfb: shutdown 5dfa4197-3b4e-4728-abf2-2d416eda6cfb@group-546008E63882-FollowerState
2021-09-22 01:09:31,295 [5dfa4197-3b4e-4728-abf2-2d416eda6cfb@group-546008E63882-FollowerState] INFO  server.RaftServer$Division (RaftServerImpl.java:setRole(285)) - 5dfa4197-3b4e-4728-abf2-2d416eda6cfb@group-546008E63882: changes role from  FOLLOWER to CANDIDATE at term 0 for changeToCandidate
2021-09-22 01:09:31,295 [5dfa4197-3b4e-4728-abf2-2d416eda6cfb@group-546008E63882-FollowerState] INFO  server.RaftServerConfigKeys (ConfUtils.java:logGet(44)) - raft.server.leaderelection.pre-vote = false (custom)
2021-09-22 01:09:31,296 [5dfa4197-3b4e-4728-abf2-2d416eda6cfb@group-546008E63882-FollowerState] INFO  impl.RoleInfo (RoleInfo.java:updateAndGet(130)) - 5dfa4197-3b4e-4728-abf2-2d416eda6cfb: start 5dfa4197-3b4e-4728-abf2-2d416eda6cfb@group-546008E63882-LeaderElection3
2021-09-22 01:09:31,303 [grpc-default-executor-1] INFO  server.RaftServer$Division (RaftServerImpl.java:requestVote(1043)) - e58ea0e2-171c-4fa7-a930-6c25c8dc249c@group-C62B115EB3BF: receive requestVote(ELECTION, 5dfa4197-3b4e-4728-abf2-2d416eda6cfb, group-C62B115EB3BF, 1, (t:0, i:0))
2021-09-22 01:09:31,303 [grpc-default-executor-0] INFO  server.RaftServer$Division (RaftServerImpl.java:requestVote(1043)) - 9a2eaa79-e95b-45cd-b00f-a46126e2769a@group-C62B115EB3BF: receive requestVote(ELECTION, 5dfa4197-3b4e-4728-abf2-2d416eda6cfb, group-C62B115EB3BF, 1, (t:0, i:0))
2021-09-22 01:09:31,305 [grpc-default-executor-1] INFO  impl.VoteContext (VoteContext.java:log(48)) - e58ea0e2-171c-4fa7-a930-6c25c8dc249c@group-C62B115EB3BF-FOLLOWER: reject ELECTION from 5dfa4197-3b4e-4728-abf2-2d416eda6cfb: our priority 1 > candidate's priority 0
2021-09-22 01:09:31,305 [grpc-default-executor-1] INFO  server.RaftServer$Division (RaftServerImpl.java:setRole(285)) - e58ea0e2-171c-4fa7-a930-6c25c8dc249c@group-C62B115EB3BF: changes role from  FOLLOWER to FOLLOWER at term 1 for candidate:5dfa4197-3b4e-4728-abf2-2d416eda6cfb
2021-09-22 01:09:31,305 [grpc-default-executor-1] INFO  impl.RoleInfo (RoleInfo.java:shutdownFollowerState(108)) - e58ea0e2-171c-4fa7-a930-6c25c8dc249c: shutdown e58ea0e2-171c-4fa7-a930-6c25c8dc249c@group-C62B115EB3BF-FollowerState
2021-09-22 01:09:31,306 [e58ea0e2-171c-4fa7-a930-6c25c8dc249c@group-C62B115EB3BF-FollowerState] INFO  impl.FollowerState (FollowerState.java:run(143)) - e58ea0e2-171c-4fa7-a930-6c25c8dc249c@group-C62B115EB3BF-FollowerState was interrupted: {}
java.lang.InterruptedException: sleep interrupted
	at java.lang.Thread.sleep(Native Method)
	at java.lang.Thread.sleep(Thread.java:340)
	at java.util.concurrent.TimeUnit.sleep(TimeUnit.java:386)
	at org.apache.ratis.util.TimeDuration.sleep(TimeDuration.java:324)
	at org.apache.ratis.util.TimeDuration.sleep(TimeDuration.java:309)
	at org.apache.ratis.server.impl.FollowerState.run(FollowerState.java:118)
2021-09-22 01:09:31,307 [grpc-default-executor-1] INFO  impl.RoleInfo (RoleInfo.java:updateAndGet(130)) - e58ea0e2-171c-4fa7-a930-6c25c8dc249c: start e58ea0e2-171c-4fa7-a930-6c25c8dc249c@group-C62B115EB3BF-FollowerState
2021-09-22 01:09:31,305 [grpc-default-executor-0] INFO  impl.VoteContext (VoteContext.java:log(48)) - 9a2eaa79-e95b-45cd-b00f-a46126e2769a@group-C62B115EB3BF-FOLLOWER: accept ELECTION from 5dfa4197-3b4e-4728-abf2-2d416eda6cfb: our priority 0 <= candidate's priority 0
2021-09-22 01:09:31,308 [grpc-default-executor-0] INFO  server.RaftServer$Division (RaftServerImpl.java:setRole(285)) - 9a2eaa79-e95b-45cd-b00f-a46126e2769a@group-C62B115EB3BF: changes role from  FOLLOWER to FOLLOWER at term 1 for candidate:5dfa4197-3b4e-4728-abf2-2d416eda6cfb
2021-09-22 01:09:31,308 [grpc-default-executor-0] INFO  impl.RoleInfo (RoleInfo.java:shutdownFollowerState(108)) - 9a2eaa79-e95b-45cd-b00f-a46126e2769a: shutdown 9a2eaa79-e95b-45cd-b00f-a46126e2769a@group-C62B115EB3BF-FollowerState
2021-09-22 01:09:31,309 [grpc-default-executor-0] INFO  impl.RoleInfo (RoleInfo.java:updateAndGet(130)) - 9a2eaa79-e95b-45cd-b00f-a46126e2769a: start 9a2eaa79-e95b-45cd-b00f-a46126e2769a@group-C62B115EB3BF-FollowerState
2021-09-22 01:09:31,311 [grpc-default-executor-1] INFO  server.RaftServer$Division (RaftServerImpl.java:requestVote(1075)) - e58ea0e2-171c-4fa7-a930-6c25c8dc249c@group-C62B115EB3BF replies to ELECTION vote request: 5dfa4197-3b4e-4728-abf2-2d416eda6cfb<-e58ea0e2-171c-4fa7-a930-6c25c8dc249c#0:FAIL-t1. Peer's state: e58ea0e2-171c-4fa7-a930-6c25c8dc249c@group-C62B115EB3BF:t1, leader=null, voted=null, raftlog=e58ea0e2-171c-4fa7-a930-6c25c8dc249c@group-C62B115EB3BF-SegmentedRaftLog:OPENED:c-1,f-1,i0, conf=-1: [e58ea0e2-171c-4fa7-a930-6c25c8dc249c|rpc:10.1.0.5:36231|priority:1, 9a2eaa79-e95b-45cd-b00f-a46126e2769a|rpc:10.1.0.5:42817|priority:0, 5dfa4197-3b4e-4728-abf2-2d416eda6cfb|rpc:10.1.0.5:45155|priority:0], old=null
2021-09-22 01:09:31,312 [9a2eaa79-e95b-45cd-b00f-a46126e2769a@group-C62B115EB3BF-FollowerState] INFO  impl.FollowerState (FollowerState.java:run(143)) - 9a2eaa79-e95b-45cd-b00f-a46126e2769a@group-C62B115EB3BF-FollowerState was interrupted: {}
java.lang.InterruptedException: sleep interrupted
	at java.lang.Thread.sleep(Native Method)
	at java.lang.Thread.sleep(Thread.java:340)
	at java.util.concurrent.TimeUnit.sleep(TimeUnit.java:386)
	at org.apache.ratis.util.TimeDuration.sleep(TimeDuration.java:324)
	at org.apache.ratis.util.TimeDuration.sleep(TimeDuration.java:309)
	at org.apache.ratis.server.impl.FollowerState.run(FollowerState.java:118)
2021-09-22 01:09:31,312 [grpc-default-executor-0] INFO  server.RaftServer$Division (RaftServerImpl.java:requestVote(1075)) - 9a2eaa79-e95b-45cd-b00f-a46126e2769a@group-C62B115EB3BF replies to ELECTION vote request: 5dfa4197-3b4e-4728-abf2-2d416eda6cfb<-9a2eaa79-e95b-45cd-b00f-a46126e2769a#0:OK-t1. Peer's state: 9a2eaa79-e95b-45cd-b00f-a46126e2769a@group-C62B115EB3BF:t1, leader=null, voted=5dfa4197-3b4e-4728-abf2-2d416eda6cfb, raftlog=9a2eaa79-e95b-45cd-b00f-a46126e2769a@group-C62B115EB3BF-SegmentedRaftLog:OPENED:c-1,f-1,i0, conf=-1: [e58ea0e2-171c-4fa7-a930-6c25c8dc249c|rpc:10.1.0.5:36231|dataStream:|priority:1, 9a2eaa79-e95b-45cd-b00f-a46126e2769a|rpc:10.1.0.5:42817|dataStream:|priority:0, 5dfa4197-3b4e-4728-abf2-2d416eda6cfb|rpc:10.1.0.5:45155|dataStream:|priority:0], old=null
2021-09-22 01:09:31,313 [5dfa4197-3b4e-4728-abf2-2d416eda6cfb@group-546008E63882-LeaderElection3] INFO  impl.LeaderElection (LeaderElection.java:askForVotes(306)) - 5dfa4197-3b4e-4728-abf2-2d416eda6cfb@group-546008E63882-LeaderElection3 ELECTION round 0: submit vote requests at term 1 for -1: [5dfa4197-3b4e-4728-abf2-2d416eda6cfb|rpc:10.1.0.5:45155|priority:1], old=null
2021-09-22 01:09:31,314 [5dfa4197-3b4e-4728-abf2-2d416eda6cfb@group-546008E63882-LeaderElection3] INFO  impl.LeaderElection (LeaderElection.java:askForVotes(308)) - 5dfa4197-3b4e-4728-abf2-2d416eda6cfb@group-546008E63882-LeaderElection3 ELECTION round 0: result PASSED (term=1)
2021-09-22 01:09:31,314 [5dfa4197-3b4e-4728-abf2-2d416eda6cfb@group-546008E63882-LeaderElection3] INFO  impl.RoleInfo (RoleInfo.java:shutdownLeaderElection(121)) - 5dfa4197-3b4e-4728-abf2-2d416eda6cfb: shutdown 5dfa4197-3b4e-4728-abf2-2d416eda6cfb@group-546008E63882-LeaderElection3
2021-09-22 01:09:31,314 [5dfa4197-3b4e-4728-abf2-2d416eda6cfb@group-546008E63882-LeaderElection3] INFO  server.RaftServer$Division (RaftServerImpl.java:setRole(285)) - 5dfa4197-3b4e-4728-abf2-2d416eda6cfb@group-546008E63882: changes role from CANDIDATE to LEADER at term 1 for changeToLeader
2021-09-22 01:09:31,314 [5dfa4197-3b4e-4728-abf2-2d416eda6cfb@group-546008E63882-LeaderElection3] INFO  ratis.XceiverServerRatis (XceiverServerRatis.java:handleLeaderChangedNotification(860)) - Leader change notification received for group: group-546008E63882 with new leaderId: 5dfa4197-3b4e-4728-abf2-2d416eda6cfb
2021-09-22 01:09:31,314 [5dfa4197-3b4e-4728-abf2-2d416eda6cfb@group-546008E63882-LeaderElection3] INFO  server.RaftServer$Division (ServerState.java:setLeader(285)) - 5dfa4197-3b4e-4728-abf2-2d416eda6cfb@group-546008E63882: change Leader from null to 5dfa4197-3b4e-4728-abf2-2d416eda6cfb at term 1 for becomeLeader, leader elected after 5179ms
2021-09-22 01:09:31,314 [5dfa4197-3b4e-4728-abf2-2d416eda6cfb@group-546008E63882-LeaderElection3] INFO  server.RaftServerConfigKeys (ConfUtils.java:logGet(44)) - raft.server.staging.catchup.gap = 1000 (default)
2021-09-22 01:09:31,314 [5dfa4197-3b4e-4728-abf2-2d416eda6cfb@group-546008E63882-LeaderElection3] INFO  server.RaftServerConfigKeys (ConfUtils.java:logGet(44)) - raft.server.write.element-limit = 1024 (custom)
2021-09-22 01:09:31,315 [5dfa4197-3b4e-4728-abf2-2d416eda6cfb@group-546008E63882-LeaderElection3] INFO  server.RaftServerConfigKeys (ConfUtils.java:logGet(44)) - raft.server.write.byte-limit = 1024 M (=1073741824) (custom)
2021-09-22 01:09:31,315 [5dfa4197-3b4e-4728-abf2-2d416eda6cfb@group-546008E63882-LeaderElection3] INFO  server.RaftServerConfigKeys (ConfUtils.java:logGet(44)) - raft.server.watch.timeout = 3000ms (custom)
2021-09-22 01:09:31,315 [5dfa4197-3b4e-4728-abf2-2d416eda6cfb@group-546008E63882-LeaderElection3] INFO  server.RaftServerConfigKeys (ConfUtils.java:logGet(44)) - raft.server.watch.timeout.denomination = 1s (default)
2021-09-22 01:09:31,315 [5dfa4197-3b4e-4728-abf2-2d416eda6cfb@group-546008E63882-LeaderElection3] INFO  server.RaftServerConfigKeys (ConfUtils.java:logGet(44)) - raft.server.watch.element-limit = 65536 (default)
2021-09-22 01:09:31,315 [5dfa4197-3b4e-4728-abf2-2d416eda6cfb@group-546008E63882-LeaderElection3] INFO  impl.RoleInfo (RoleInfo.java:updateAndGet(130)) - 5dfa4197-3b4e-4728-abf2-2d416eda6cfb: start 5dfa4197-3b4e-4728-abf2-2d416eda6cfb@group-546008E63882-LeaderStateImpl
2021-09-22 01:09:31,315 [5dfa4197-3b4e-4728-abf2-2d416eda6cfb@group-546008E63882-LeaderElection3] INFO  segmented.SegmentedRaftLogWorker (SegmentedRaftLogWorker.java:startLogSegment(394)) - 5dfa4197-3b4e-4728-abf2-2d416eda6cfb@group-546008E63882-SegmentedRaftLogWorker: Starting segment from index:0
2021-09-22 01:09:31,316 [Datanode State Machine Thread - 0] WARN  statemachine.StateContext (StateContext.java:execute(621)) - No available thread in pool for past 1 seconds.
2021-09-22 01:09:31,318 [EventQueue-OpenPipelineForHealthyPipelineSafeModeRule] INFO  safemode.SCMSafeModeManager (HealthyPipelineSafeModeRule.java:process(124)) - SCM in safe mode. Healthy pipelines reported count is 0, required healthy pipeline reported count is 1
2021-09-22 01:09:31,319 [5dfa4197-3b4e-4728-abf2-2d416eda6cfb@group-C62B115EB3BF-LeaderElection2] INFO  impl.LeaderElection (LeaderElection.java:logAndReturn(89)) - 5dfa4197-3b4e-4728-abf2-2d416eda6cfb@group-C62B115EB3BF-LeaderElection2: ELECTION REJECTED received 1 response(s) and 0 exception(s):
2021-09-22 01:09:31,319 [5dfa4197-3b4e-4728-abf2-2d416eda6cfb@group-C62B115EB3BF-LeaderElection2] INFO  impl.LeaderElection (LeaderElection.java:logAndReturn(93)) -   Response 0: 5dfa4197-3b4e-4728-abf2-2d416eda6cfb<-e58ea0e2-171c-4fa7-a930-6c25c8dc249c#0:FAIL-t1
2021-09-22 01:09:31,319 [5dfa4197-3b4e-4728-abf2-2d416eda6cfb@group-C62B115EB3BF-LeaderElection2] INFO  impl.LeaderElection (LeaderElection.java:askForVotes(308)) - 5dfa4197-3b4e-4728-abf2-2d416eda6cfb@group-C62B115EB3BF-LeaderElection2 ELECTION round 0: result REJECTED
2021-09-22 01:09:31,319 [5dfa4197-3b4e-4728-abf2-2d416eda6cfb@group-C62B115EB3BF-LeaderElection2] INFO  server.RaftServer$Division (RaftServerImpl.java:setRole(285)) - 5dfa4197-3b4e-4728-abf2-2d416eda6cfb@group-C62B115EB3BF: changes role from CANDIDATE to FOLLOWER at term 1 for REJECTED
2021-09-22 01:09:31,319 [5dfa4197-3b4e-4728-abf2-2d416eda6cfb@group-C62B115EB3BF-LeaderElection2] INFO  impl.RoleInfo (RoleInfo.java:shutdownLeaderElection(121)) - 5dfa4197-3b4e-4728-abf2-2d416eda6cfb: shutdown 5dfa4197-3b4e-4728-abf2-2d416eda6cfb@group-C62B115EB3BF-LeaderElection2
2021-09-22 01:09:31,320 [5dfa4197-3b4e-4728-abf2-2d416eda6cfb@group-C62B115EB3BF-LeaderElection2] INFO  impl.RoleInfo (RoleInfo.java:updateAndGet(130)) - 5dfa4197-3b4e-4728-abf2-2d416eda6cfb: start 5dfa4197-3b4e-4728-abf2-2d416eda6cfb@group-C62B115EB3BF-FollowerState
2021-09-22 01:09:31,320 [5dfa4197-3b4e-4728-abf2-2d416eda6cfb@group-546008E63882-SegmentedRaftLogWorker] INFO  segmented.SegmentedRaftLogWorker (SegmentedRaftLogWorker.java:execute(601)) - 5dfa4197-3b4e-4728-abf2-2d416eda6cfb@group-546008E63882-SegmentedRaftLogWorker: created new log segment /home/runner/work/ozone/ozone/hadoop-ozone/integration-test/target/test-dir/MiniOzoneClusterImpl-25acc1c1-a8f2-4117-88d4-9d8f1e28eca9/datanode-0/data/ratis/8abcbfeb-c1f0-424b-80d7-546008e63882/current/log_inprogress_0
2021-09-22 01:09:31,327 [5dfa4197-3b4e-4728-abf2-2d416eda6cfb@group-546008E63882-LeaderElection3] INFO  server.RaftServer$Division (ServerState.java:setRaftConf(387)) - 5dfa4197-3b4e-4728-abf2-2d416eda6cfb@group-546008E63882: set configuration 0: [5dfa4197-3b4e-4728-abf2-2d416eda6cfb|rpc:10.1.0.5:45155|dataStream:|priority:1], old=null
2021-09-22 01:09:31,409 [e58ea0e2-171c-4fa7-a930-6c25c8dc249c@group-12A76C11AE81-FollowerState] INFO  impl.FollowerState (FollowerState.java:run(134)) - e58ea0e2-171c-4fa7-a930-6c25c8dc249c@group-12A76C11AE81-FollowerState: change to CANDIDATE, lastRpcElapsedTime:5018495168ns, electionTimeout:5015ms
2021-09-22 01:09:31,409 [e58ea0e2-171c-4fa7-a930-6c25c8dc249c@group-12A76C11AE81-FollowerState] INFO  impl.RoleInfo (RoleInfo.java:shutdownFollowerState(108)) - e58ea0e2-171c-4fa7-a930-6c25c8dc249c: shutdown e58ea0e2-171c-4fa7-a930-6c25c8dc249c@group-12A76C11AE81-FollowerState
2021-09-22 01:09:31,409 [e58ea0e2-171c-4fa7-a930-6c25c8dc249c@group-12A76C11AE81-FollowerState] INFO  server.RaftServer$Division (RaftServerImpl.java:setRole(285)) - e58ea0e2-171c-4fa7-a930-6c25c8dc249c@group-12A76C11AE81: changes role from  FOLLOWER to CANDIDATE at term 0 for changeToCandidate
2021-09-22 01:09:31,409 [e58ea0e2-171c-4fa7-a930-6c25c8dc249c@group-12A76C11AE81-FollowerState] INFO  server.RaftServerConfigKeys (ConfUtils.java:logGet(44)) - raft.server.leaderelection.pre-vote = false (custom)
2021-09-22 01:09:31,409 [e58ea0e2-171c-4fa7-a930-6c25c8dc249c@group-12A76C11AE81-FollowerState] INFO  impl.RoleInfo (RoleInfo.java:updateAndGet(130)) - e58ea0e2-171c-4fa7-a930-6c25c8dc249c: start e58ea0e2-171c-4fa7-a930-6c25c8dc249c@group-12A76C11AE81-LeaderElection4
2021-09-22 01:09:31,412 [e58ea0e2-171c-4fa7-a930-6c25c8dc249c@group-12A76C11AE81-LeaderElection4] INFO  impl.LeaderElection (LeaderElection.java:askForVotes(306)) - e58ea0e2-171c-4fa7-a930-6c25c8dc249c@group-12A76C11AE81-LeaderElection4 ELECTION round 0: submit vote requests at term 1 for -1: [e58ea0e2-171c-4fa7-a930-6c25c8dc249c|rpc:10.1.0.5:36231|priority:1], old=null
2021-09-22 01:09:31,412 [e58ea0e2-171c-4fa7-a930-6c25c8dc249c@group-12A76C11AE81-LeaderElection4] INFO  impl.LeaderElection (LeaderElection.java:askForVotes(308)) - e58ea0e2-171c-4fa7-a930-6c25c8dc249c@group-12A76C11AE81-LeaderElection4 ELECTION round 0: result PASSED (term=1)
2021-09-22 01:09:31,412 [e58ea0e2-171c-4fa7-a930-6c25c8dc249c@group-12A76C11AE81-LeaderElection4] INFO  impl.RoleInfo (RoleInfo.java:shutdownLeaderElection(121)) - e58ea0e2-171c-4fa7-a930-6c25c8dc249c: shutdown e58ea0e2-171c-4fa7-a930-6c25c8dc249c@group-12A76C11AE81-LeaderElection4
2021-09-22 01:09:31,412 [e58ea0e2-171c-4fa7-a930-6c25c8dc249c@group-12A76C11AE81-LeaderElection4] INFO  server.RaftServer$Division (RaftServerImpl.java:setRole(285)) - e58ea0e2-171c-4fa7-a930-6c25c8dc249c@group-12A76C11AE81: changes role from CANDIDATE to LEADER at term 1 for changeToLeader
2021-09-22 01:09:31,412 [e58ea0e2-171c-4fa7-a930-6c25c8dc249c@group-12A76C11AE81-LeaderElection4] INFO  ratis.XceiverServerRatis (XceiverServerRatis.java:handleLeaderChangedNotification(860)) - Leader change notification received for group: group-12A76C11AE81 with new leaderId: e58ea0e2-171c-4fa7-a930-6c25c8dc249c
2021-09-22 01:09:31,413 [e58ea0e2-171c-4fa7-a930-6c25c8dc249c@group-12A76C11AE81-LeaderElection4] INFO  server.RaftServer$Division (ServerState.java:setLeader(285)) - e58ea0e2-171c-4fa7-a930-6c25c8dc249c@group-12A76C11AE81: change Leader from null to e58ea0e2-171c-4fa7-a930-6c25c8dc249c at term 1 for becomeLeader, leader elected after 5042ms
2021-09-22 01:09:31,413 [e58ea0e2-171c-4fa7-a930-6c25c8dc249c@group-12A76C11AE81-LeaderElection4] INFO  server.RaftServerConfigKeys (ConfUtils.java:logGet(44)) - raft.server.staging.catchup.gap = 1000 (default)
2021-09-22 01:09:31,413 [e58ea0e2-171c-4fa7-a930-6c25c8dc249c@group-12A76C11AE81-LeaderElection4] INFO  server.RaftServerConfigKeys (ConfUtils.java:logGet(44)) - raft.server.write.element-limit = 1024 (custom)
2021-09-22 01:09:31,413 [e58ea0e2-171c-4fa7-a930-6c25c8dc249c@group-12A76C11AE81-LeaderElection4] INFO  server.RaftServerConfigKeys (ConfUtils.java:logGet(44)) - raft.server.write.byte-limit = 1024 M (=1073741824) (custom)
2021-09-22 01:09:31,413 [e58ea0e2-171c-4fa7-a930-6c25c8dc249c@group-12A76C11AE81-LeaderElection4] INFO  server.RaftServerConfigKeys (ConfUtils.java:logGet(44)) - raft.server.watch.timeout = 3000ms (custom)
2021-09-22 01:09:31,413 [e58ea0e2-171c-4fa7-a930-6c25c8dc249c@group-12A76C11AE81-LeaderElection4] INFO  server.RaftServerConfigKeys (ConfUtils.java:logGet(44)) - raft.server.watch.timeout.denomination = 1s (default)
2021-09-22 01:09:31,413 [e58ea0e2-171c-4fa7-a930-6c25c8dc249c@group-12A76C11AE81-LeaderElection4] INFO  server.RaftServerConfigKeys (ConfUtils.java:logGet(44)) - raft.server.watch.element-limit = 65536 (default)
2021-09-22 01:09:31,414 [e58ea0e2-171c-4fa7-a930-6c25c8dc249c@group-12A76C11AE81-LeaderElection4] INFO  impl.RoleInfo (RoleInfo.java:updateAndGet(130)) - e58ea0e2-171c-4fa7-a930-6c25c8dc249c: start e58ea0e2-171c-4fa7-a930-6c25c8dc249c@group-12A76C11AE81-LeaderStateImpl
2021-09-22 01:09:31,414 [Datanode State Machine Thread - 0] WARN  statemachine.StateContext (StateContext.java:execute(621)) - No available thread in pool for past 1 seconds.
2021-09-22 01:09:31,414 [e58ea0e2-171c-4fa7-a930-6c25c8dc249c@group-12A76C11AE81-LeaderElection4] INFO  segmented.SegmentedRaftLogWorker (SegmentedRaftLogWorker.java:startLogSegment(394)) - e58ea0e2-171c-4fa7-a930-6c25c8dc249c@group-12A76C11AE81-SegmentedRaftLogWorker: Starting segment from index:0
2021-09-22 01:09:31,415 [EventQueue-OpenPipelineForHealthyPipelineSafeModeRule] INFO  safemode.SCMSafeModeManager (HealthyPipelineSafeModeRule.java:process(124)) - SCM in safe mode. Healthy pipelines reported count is 0, required healthy pipeline reported count is 1
2021-09-22 01:09:31,416 [e58ea0e2-171c-4fa7-a930-6c25c8dc249c@group-12A76C11AE81-SegmentedRaftLogWorker] INFO  segmented.SegmentedRaftLogWorker (SegmentedRaftLogWorker.java:execute(601)) - e58ea0e2-171c-4fa7-a930-6c25c8dc249c@group-12A76C11AE81-SegmentedRaftLogWorker: created new log segment /home/runner/work/ozone/ozone/hadoop-ozone/integration-test/target/test-dir/MiniOzoneClusterImpl-25acc1c1-a8f2-4117-88d4-9d8f1e28eca9/datanode-1/data/ratis/61082ebc-df4a-49b7-95bf-12a76c11ae81/current/log_inprogress_0
2021-09-22 01:09:31,417 [e58ea0e2-171c-4fa7-a930-6c25c8dc249c@group-12A76C11AE81-LeaderElection4] INFO  server.RaftServer$Division (ServerState.java:setRaftConf(387)) - e58ea0e2-171c-4fa7-a930-6c25c8dc249c@group-12A76C11AE81: set configuration 0: [e58ea0e2-171c-4fa7-a930-6c25c8dc249c|rpc:10.1.0.5:36231|dataStream:|priority:1], old=null
2021-09-22 01:09:31,665 [Listener at 127.0.0.1/44817] INFO  ozone.MiniOzoneClusterImpl (MiniOzoneClusterImpl.java:lambda$waitForClusterToBeReady$0(235)) - Nodes are ready. Got 7 of 7 DN Heartbeats.
2021-09-22 01:09:31,665 [Listener at 127.0.0.1/44817] INFO  ozone.MiniOzoneClusterImpl (MiniOzoneClusterImpl.java:lambda$waitForClusterToBeReady$0(238)) - Waiting for cluster to exit safe mode
2021-09-22 01:09:31,665 [Listener at 127.0.0.1/44817] INFO  ozone.MiniOzoneClusterImpl (MiniOzoneClusterImpl.java:lambda$waitForClusterToBeReady$0(240)) - SCM became leader
2021-09-22 01:09:32,020 [e58ea0e2-171c-4fa7-a930-6c25c8dc249c@group-2C2F94D327A1-FollowerState] INFO  impl.FollowerState (FollowerState.java:run(134)) - e58ea0e2-171c-4fa7-a930-6c25c8dc249c@group-2C2F94D327A1-FollowerState: change to CANDIDATE, lastRpcElapsedTime:5119104743ns, electionTimeout:5116ms
2021-09-22 01:09:32,021 [e58ea0e2-171c-4fa7-a930-6c25c8dc249c@group-2C2F94D327A1-FollowerState] INFO  impl.RoleInfo (RoleInfo.java:shutdownFollowerState(108)) - e58ea0e2-171c-4fa7-a930-6c25c8dc249c: shutdown e58ea0e2-171c-4fa7-a930-6c25c8dc249c@group-2C2F94D327A1-FollowerState
2021-09-22 01:09:32,021 [e58ea0e2-171c-4fa7-a930-6c25c8dc249c@group-2C2F94D327A1-FollowerState] INFO  server.RaftServer$Division (RaftServerImpl.java:setRole(285)) - e58ea0e2-171c-4fa7-a930-6c25c8dc249c@group-2C2F94D327A1: changes role from  FOLLOWER to CANDIDATE at term 0 for changeToCandidate
2021-09-22 01:09:32,021 [e58ea0e2-171c-4fa7-a930-6c25c8dc249c@group-2C2F94D327A1-FollowerState] INFO  server.RaftServerConfigKeys (ConfUtils.java:logGet(44)) - raft.server.leaderelection.pre-vote = false (custom)
2021-09-22 01:09:32,021 [e58ea0e2-171c-4fa7-a930-6c25c8dc249c@group-2C2F94D327A1-FollowerState] INFO  impl.RoleInfo (RoleInfo.java:updateAndGet(130)) - e58ea0e2-171c-4fa7-a930-6c25c8dc249c: start e58ea0e2-171c-4fa7-a930-6c25c8dc249c@group-2C2F94D327A1-LeaderElection5
2021-09-22 01:09:32,025 [e58ea0e2-171c-4fa7-a930-6c25c8dc249c@group-2C2F94D327A1-LeaderElection5] INFO  impl.LeaderElection (LeaderElection.java:askForVotes(306)) - e58ea0e2-171c-4fa7-a930-6c25c8dc249c@group-2C2F94D327A1-LeaderElection5 ELECTION round 0: submit vote requests at term 1 for -1: [e58ea0e2-171c-4fa7-a930-6c25c8dc249c|rpc:10.1.0.5:36231|priority:0, 9a2eaa79-e95b-45cd-b00f-a46126e2769a|rpc:10.1.0.5:42817|priority:1, 5dfa4197-3b4e-4728-abf2-2d416eda6cfb|rpc:10.1.0.5:45155|priority:0], old=null
2021-09-22 01:09:32,034 [9a2eaa79-e95b-45cd-b00f-a46126e2769a@group-C2DC2DE858E1-FollowerState] INFO  impl.FollowerState (FollowerState.java:run(134)) - 9a2eaa79-e95b-45cd-b00f-a46126e2769a@group-C2DC2DE858E1-FollowerState: change to CANDIDATE, lastRpcElapsedTime:5133866948ns, electionTimeout:5133ms
2021-09-22 01:09:32,034 [9a2eaa79-e95b-45cd-b00f-a46126e2769a@group-C2DC2DE858E1-FollowerState] INFO  impl.RoleInfo (RoleInfo.java:shutdownFollowerState(108)) - 9a2eaa79-e95b-45cd-b00f-a46126e2769a: shutdown 9a2eaa79-e95b-45cd-b00f-a46126e2769a@group-C2DC2DE858E1-FollowerState
2021-09-22 01:09:32,034 [9a2eaa79-e95b-45cd-b00f-a46126e2769a@group-C2DC2DE858E1-FollowerState] INFO  server.RaftServer$Division (RaftServerImpl.java:setRole(285)) - 9a2eaa79-e95b-45cd-b00f-a46126e2769a@group-C2DC2DE858E1: changes role from  FOLLOWER to CANDIDATE at term 0 for changeToCandidate
2021-09-22 01:09:32,034 [9a2eaa79-e95b-45cd-b00f-a46126e2769a@group-C2DC2DE858E1-FollowerState] INFO  server.RaftServerConfigKeys (ConfUtils.java:logGet(44)) - raft.server.leaderelection.pre-vote = false (custom)
2021-09-22 01:09:32,034 [9a2eaa79-e95b-45cd-b00f-a46126e2769a@group-C2DC2DE858E1-FollowerState] INFO  impl.RoleInfo (RoleInfo.java:updateAndGet(130)) - 9a2eaa79-e95b-45cd-b00f-a46126e2769a: start 9a2eaa79-e95b-45cd-b00f-a46126e2769a@group-C2DC2DE858E1-LeaderElection6
2021-09-22 01:09:32,038 [grpc-default-executor-0] INFO  server.RaftServer$Division (RaftServerImpl.java:requestVote(1043)) - 5dfa4197-3b4e-4728-abf2-2d416eda6cfb@group-2C2F94D327A1: receive requestVote(ELECTION, e58ea0e2-171c-4fa7-a930-6c25c8dc249c, group-2C2F94D327A1, 1, (t:0, i:0))
2021-09-22 01:09:32,038 [grpc-default-executor-1] INFO  server.RaftServer$Division (RaftServerImpl.java:requestVote(1043)) - 9a2eaa79-e95b-45cd-b00f-a46126e2769a@group-2C2F94D327A1: receive requestVote(ELECTION, e58ea0e2-171c-4fa7-a930-6c25c8dc249c, group-2C2F94D327A1, 1, (t:0, i:0))
2021-09-22 01:09:32,038 [grpc-default-executor-0] INFO  impl.VoteContext (VoteContext.java:log(48)) - 5dfa4197-3b4e-4728-abf2-2d416eda6cfb@group-2C2F94D327A1-FOLLOWER: accept ELECTION from e58ea0e2-171c-4fa7-a930-6c25c8dc249c: our priority 0 <= candidate's priority 0
2021-09-22 01:09:32,038 [grpc-default-executor-0] INFO  server.RaftServer$Division (RaftServerImpl.java:setRole(285)) - 5dfa4197-3b4e-4728-abf2-2d416eda6cfb@group-2C2F94D327A1: changes role from  FOLLOWER to FOLLOWER at term 1 for candidate:e58ea0e2-171c-4fa7-a930-6c25c8dc249c
2021-09-22 01:09:32,038 [grpc-default-executor-0] INFO  impl.RoleInfo (RoleInfo.java:shutdownFollowerState(108)) - 5dfa4197-3b4e-4728-abf2-2d416eda6cfb: shutdown 5dfa4197-3b4e-4728-abf2-2d416eda6cfb@group-2C2F94D327A1-FollowerState
2021-09-22 01:09:32,038 [grpc-default-executor-0] INFO  impl.RoleInfo (RoleInfo.java:updateAndGet(130)) - 5dfa4197-3b4e-4728-abf2-2d416eda6cfb: start 5dfa4197-3b4e-4728-abf2-2d416eda6cfb@group-2C2F94D327A1-FollowerState
2021-09-22 01:09:32,038 [grpc-default-executor-1] INFO  impl.VoteContext (VoteContext.java:log(48)) - 9a2eaa79-e95b-45cd-b00f-a46126e2769a@group-2C2F94D327A1-FOLLOWER: reject ELECTION from e58ea0e2-171c-4fa7-a930-6c25c8dc249c: our priority 1 > candidate's priority 0
2021-09-22 01:09:32,038 [grpc-default-executor-1] INFO  server.RaftServer$Division (RaftServerImpl.java:setRole(285)) - 9a2eaa79-e95b-45cd-b00f-a46126e2769a@group-2C2F94D327A1: changes role from  FOLLOWER to FOLLOWER at term 1 for candidate:e58ea0e2-171c-4fa7-a930-6c25c8dc249c
2021-09-22 01:09:32,038 [grpc-default-executor-1] INFO  impl.RoleInfo (RoleInfo.java:shutdownFollowerState(108)) - 9a2eaa79-e95b-45cd-b00f-a46126e2769a: shutdown 9a2eaa79-e95b-45cd-b00f-a46126e2769a@group-2C2F94D327A1-FollowerState
2021-09-22 01:09:32,038 [grpc-default-executor-1] INFO  impl.RoleInfo (RoleInfo.java:updateAndGet(130)) - 9a2eaa79-e95b-45cd-b00f-a46126e2769a: start 9a2eaa79-e95b-45cd-b00f-a46126e2769a@group-2C2F94D327A1-FollowerState
2021-09-22 01:09:32,038 [5dfa4197-3b4e-4728-abf2-2d416eda6cfb@group-2C2F94D327A1-FollowerState] INFO  impl.FollowerState (FollowerState.java:run(143)) - 5dfa4197-3b4e-4728-abf2-2d416eda6cfb@group-2C2F94D327A1-FollowerState was interrupted: {}
java.lang.InterruptedException: sleep interrupted
	at java.lang.Thread.sleep(Native Method)
	at java.lang.Thread.sleep(Thread.java:340)
	at java.util.concurrent.TimeUnit.sleep(TimeUnit.java:386)
	at org.apache.ratis.util.TimeDuration.sleep(TimeDuration.java:324)
	at org.apache.ratis.util.TimeDuration.sleep(TimeDuration.java:309)
	at org.apache.ratis.server.impl.FollowerState.run(FollowerState.java:118)
2021-09-22 01:09:32,039 [9a2eaa79-e95b-45cd-b00f-a46126e2769a@group-2C2F94D327A1-FollowerState] INFO  impl.FollowerState (FollowerState.java:run(143)) - 9a2eaa79-e95b-45cd-b00f-a46126e2769a@group-2C2F94D327A1-FollowerState was interrupted: {}
java.lang.InterruptedException: sleep interrupted
	at java.lang.Thread.sleep(Native Method)
	at java.lang.Thread.sleep(Thread.java:340)
	at java.util.concurrent.TimeUnit.sleep(TimeUnit.java:386)
	at org.apache.ratis.util.TimeDuration.sleep(TimeDuration.java:324)
	at org.apache.ratis.util.TimeDuration.sleep(TimeDuration.java:309)
	at org.apache.ratis.server.impl.FollowerState.run(FollowerState.java:118)
2021-09-22 01:09:32,047 [grpc-default-executor-0] INFO  server.RaftServer$Division (RaftServerImpl.java:requestVote(1075)) - 5dfa4197-3b4e-4728-abf2-2d416eda6cfb@group-2C2F94D327A1 replies to ELECTION vote request: e58ea0e2-171c-4fa7-a930-6c25c8dc249c<-5dfa4197-3b4e-4728-abf2-2d416eda6cfb#0:OK-t1. Peer's state: 5dfa4197-3b4e-4728-abf2-2d416eda6cfb@group-2C2F94D327A1:t1, leader=null, voted=e58ea0e2-171c-4fa7-a930-6c25c8dc249c, raftlog=5dfa4197-3b4e-4728-abf2-2d416eda6cfb@group-2C2F94D327A1-SegmentedRaftLog:OPENED:c-1,f-1,i0, conf=-1: [e58ea0e2-171c-4fa7-a930-6c25c8dc249c|rpc:10.1.0.5:36231|priority:0, 9a2eaa79-e95b-45cd-b00f-a46126e2769a|rpc:10.1.0.5:42817|priority:1, 5dfa4197-3b4e-4728-abf2-2d416eda6cfb|rpc:10.1.0.5:45155|priority:0], old=null
2021-09-22 01:09:32,048 [grpc-default-executor-1] INFO  server.RaftServer$Division (RaftServerImpl.java:requestVote(1075)) - 9a2eaa79-e95b-45cd-b00f-a46126e2769a@group-2C2F94D327A1 replies to ELECTION vote request: e58ea0e2-171c-4fa7-a930-6c25c8dc249c<-9a2eaa79-e95b-45cd-b00f-a46126e2769a#0:FAIL-t1. Peer's state: 9a2eaa79-e95b-45cd-b00f-a46126e2769a@group-2C2F94D327A1:t1, leader=null, voted=null, raftlog=9a2eaa79-e95b-45cd-b00f-a46126e2769a@group-2C2F94D327A1-SegmentedRaftLog:OPENED:c-1,f-1,i0, conf=-1: [e58ea0e2-171c-4fa7-a930-6c25c8dc249c|rpc:10.1.0.5:36231|priority:0, 9a2eaa79-e95b-45cd-b00f-a46126e2769a|rpc:10.1.0.5:42817|priority:1, 5dfa4197-3b4e-4728-abf2-2d416eda6cfb|rpc:10.1.0.5:45155|priority:0], old=null
2021-09-22 01:09:32,052 [9a2eaa79-e95b-45cd-b00f-a46126e2769a@group-C2DC2DE858E1-LeaderElection6] INFO  impl.LeaderElection (LeaderElection.java:askForVotes(306)) - 9a2eaa79-e95b-45cd-b00f-a46126e2769a@group-C2DC2DE858E1-LeaderElection6 ELECTION round 0: submit vote requests at term 1 for -1: [9a2eaa79-e95b-45cd-b00f-a46126e2769a|rpc:10.1.0.5:42817|priority:1], old=null
2021-09-22 01:09:32,053 [9a2eaa79-e95b-45cd-b00f-a46126e2769a@group-C2DC2DE858E1-LeaderElection6] INFO  impl.LeaderElection (LeaderElection.java:askForVotes(308)) - 9a2eaa79-e95b-45cd-b00f-a46126e2769a@group-C2DC2DE858E1-LeaderElection6 ELECTION round 0: result PASSED (term=1)
2021-09-22 01:09:32,053 [9a2eaa79-e95b-45cd-b00f-a46126e2769a@group-C2DC2DE858E1-LeaderElection6] INFO  impl.RoleInfo (RoleInfo.java:shutdownLeaderElection(121)) - 9a2eaa79-e95b-45cd-b00f-a46126e2769a: shutdown 9a2eaa79-e95b-45cd-b00f-a46126e2769a@group-C2DC2DE858E1-LeaderElection6
2021-09-22 01:09:32,053 [9a2eaa79-e95b-45cd-b00f-a46126e2769a@group-C2DC2DE858E1-LeaderElection6] INFO  server.RaftServer$Division (RaftServerImpl.java:setRole(285)) - 9a2eaa79-e95b-45cd-b00f-a46126e2769a@group-C2DC2DE858E1: changes role from CANDIDATE to LEADER at term 1 for changeToLeader
2021-09-22 01:09:32,053 [9a2eaa79-e95b-45cd-b00f-a46126e2769a@group-C2DC2DE858E1-LeaderElection6] INFO  ratis.XceiverServerRatis (XceiverServerRatis.java:handleLeaderChangedNotification(860)) - Leader change notification received for group: group-C2DC2DE858E1 with new leaderId: 9a2eaa79-e95b-45cd-b00f-a46126e2769a
2021-09-22 01:09:32,053 [9a2eaa79-e95b-45cd-b00f-a46126e2769a@group-C2DC2DE858E1-LeaderElection6] INFO  server.RaftServer$Division (ServerState.java:setLeader(285)) - 9a2eaa79-e95b-45cd-b00f-a46126e2769a@group-C2DC2DE858E1: change Leader from null to 9a2eaa79-e95b-45cd-b00f-a46126e2769a at term 1 for becomeLeader, leader elected after 5167ms
2021-09-22 01:09:32,053 [9a2eaa79-e95b-45cd-b00f-a46126e2769a@group-C2DC2DE858E1-LeaderElection6] INFO  server.RaftServerConfigKeys (ConfUtils.java:logGet(44)) - raft.server.staging.catchup.gap = 1000 (default)
2021-09-22 01:09:32,053 [9a2eaa79-e95b-45cd-b00f-a46126e2769a@group-C2DC2DE858E1-LeaderElection6] INFO  server.RaftServerConfigKeys (ConfUtils.java:logGet(44)) - raft.server.write.element-limit = 1024 (custom)
2021-09-22 01:09:32,053 [9a2eaa79-e95b-45cd-b00f-a46126e2769a@group-C2DC2DE858E1-LeaderElection6] INFO  server.RaftServerConfigKeys (ConfUtils.java:logGet(44)) - raft.server.write.byte-limit = 1024 M (=1073741824) (custom)
2021-09-22 01:09:32,054 [9a2eaa79-e95b-45cd-b00f-a46126e2769a@group-C2DC2DE858E1-LeaderElection6] INFO  server.RaftServerConfigKeys (ConfUtils.java:logGet(44)) - raft.server.watch.timeout = 3000ms (custom)
2021-09-22 01:09:32,054 [9a2eaa79-e95b-45cd-b00f-a46126e2769a@group-C2DC2DE858E1-LeaderElection6] INFO  server.RaftServerConfigKeys (ConfUtils.java:logGet(44)) - raft.server.watch.timeout.denomination = 1s (default)
2021-09-22 01:09:32,054 [9a2eaa79-e95b-45cd-b00f-a46126e2769a@group-C2DC2DE858E1-LeaderElection6] INFO  server.RaftServerConfigKeys (ConfUtils.java:logGet(44)) - raft.server.watch.element-limit = 65536 (default)
2021-09-22 01:09:32,054 [9a2eaa79-e95b-45cd-b00f-a46126e2769a@group-C2DC2DE858E1-LeaderElection6] INFO  impl.RoleInfo (RoleInfo.java:updateAndGet(130)) - 9a2eaa79-e95b-45cd-b00f-a46126e2769a: start 9a2eaa79-e95b-45cd-b00f-a46126e2769a@group-C2DC2DE858E1-LeaderStateImpl
2021-09-22 01:09:32,054 [9a2eaa79-e95b-45cd-b00f-a46126e2769a@group-C2DC2DE858E1-LeaderElection6] INFO  segmented.SegmentedRaftLogWorker (SegmentedRaftLogWorker.java:startLogSegment(394)) - 9a2eaa79-e95b-45cd-b00f-a46126e2769a@group-C2DC2DE858E1-SegmentedRaftLogWorker: Starting segment from index:0
2021-09-22 01:09:32,058 [e58ea0e2-171c-4fa7-a930-6c25c8dc249c@group-2C2F94D327A1-LeaderElection5] INFO  impl.LeaderElection (LeaderElection.java:logAndReturn(89)) - e58ea0e2-171c-4fa7-a930-6c25c8dc249c@group-2C2F94D327A1-LeaderElection5: ELECTION REJECTED received 2 response(s) and 0 exception(s):
2021-09-22 01:09:32,059 [e58ea0e2-171c-4fa7-a930-6c25c8dc249c@group-2C2F94D327A1-LeaderElection5] INFO  impl.LeaderElection (LeaderElection.java:logAndReturn(93)) -   Response 0: e58ea0e2-171c-4fa7-a930-6c25c8dc249c<-9a2eaa79-e95b-45cd-b00f-a46126e2769a#0:FAIL-t1
2021-09-22 01:09:32,059 [e58ea0e2-171c-4fa7-a930-6c25c8dc249c@group-2C2F94D327A1-LeaderElection5] INFO  impl.LeaderElection (LeaderElection.java:logAndReturn(93)) -   Response 1: e58ea0e2-171c-4fa7-a930-6c25c8dc249c<-5dfa4197-3b4e-4728-abf2-2d416eda6cfb#0:OK-t1
2021-09-22 01:09:32,059 [e58ea0e2-171c-4fa7-a930-6c25c8dc249c@group-2C2F94D327A1-LeaderElection5] INFO  impl.LeaderElection (LeaderElection.java:askForVotes(308)) - e58ea0e2-171c-4fa7-a930-6c25c8dc249c@group-2C2F94D327A1-LeaderElection5 ELECTION round 0: result REJECTED
2021-09-22 01:09:32,059 [e58ea0e2-171c-4fa7-a930-6c25c8dc249c@group-2C2F94D327A1-LeaderElection5] INFO  server.RaftServer$Division (RaftServerImpl.java:setRole(285)) - e58ea0e2-171c-4fa7-a930-6c25c8dc249c@group-2C2F94D327A1: changes role from CANDIDATE to FOLLOWER at term 1 for REJECTED
2021-09-22 01:09:32,059 [e58ea0e2-171c-4fa7-a930-6c25c8dc249c@group-2C2F94D327A1-LeaderElection5] INFO  impl.RoleInfo (RoleInfo.java:shutdownLeaderElection(121)) - e58ea0e2-171c-4fa7-a930-6c25c8dc249c: shutdown e58ea0e2-171c-4fa7-a930-6c25c8dc249c@group-2C2F94D327A1-LeaderElection5
2021-09-22 01:09:32,059 [e58ea0e2-171c-4fa7-a930-6c25c8dc249c@group-2C2F94D327A1-LeaderElection5] INFO  impl.RoleInfo (RoleInfo.java:updateAndGet(130)) - e58ea0e2-171c-4fa7-a930-6c25c8dc249c: start e58ea0e2-171c-4fa7-a930-6c25c8dc249c@group-2C2F94D327A1-FollowerState
2021-09-22 01:09:32,060 [Datanode State Machine Thread - 0] WARN  statemachine.StateContext (StateContext.java:execute(621)) - No available thread in pool for past 1 seconds.
2021-09-22 01:09:32,060 [9a2eaa79-e95b-45cd-b00f-a46126e2769a@group-C2DC2DE858E1-SegmentedRaftLogWorker] INFO  segmented.SegmentedRaftLogWorker (SegmentedRaftLogWorker.java:execute(601)) - 9a2eaa79-e95b-45cd-b00f-a46126e2769a@group-C2DC2DE858E1-SegmentedRaftLogWorker: created new log segment /home/runner/work/ozone/ozone/hadoop-ozone/integration-test/target/test-dir/MiniOzoneClusterImpl-25acc1c1-a8f2-4117-88d4-9d8f1e28eca9/datanode-2/data/ratis/5c5e0d86-4a81-4250-84df-c2dc2de858e1/current/log_inprogress_0
2021-09-22 01:09:32,072 [EventQueue-OpenPipelineForHealthyPipelineSafeModeRule] INFO  safemode.SCMSafeModeManager (HealthyPipelineSafeModeRule.java:process(124)) - SCM in safe mode. Healthy pipelines reported count is 0, required healthy pipeline reported count is 1
2021-09-22 01:09:32,075 [9a2eaa79-e95b-45cd-b00f-a46126e2769a@group-C2DC2DE858E1-LeaderElection6] INFO  server.RaftServer$Division (ServerState.java:setRaftConf(387)) - 9a2eaa79-e95b-45cd-b00f-a46126e2769a@group-C2DC2DE858E1: set configuration 0: [9a2eaa79-e95b-45cd-b00f-a46126e2769a|rpc:10.1.0.5:42817|dataStream:|priority:1], old=null
2021-09-22 01:09:32,200 [fff18091-4bc4-4dc4-9e0e-c7b7b9f7a092@group-364F2152D5CE-FollowerState] INFO  impl.FollowerState (FollowerState.java:run(134)) - fff18091-4bc4-4dc4-9e0e-c7b7b9f7a092@group-364F2152D5CE-FollowerState: change to CANDIDATE, lastRpcElapsedTime:5066803938ns, electionTimeout:5065ms
2021-09-22 01:09:32,201 [fff18091-4bc4-4dc4-9e0e-c7b7b9f7a092@group-364F2152D5CE-FollowerState] INFO  impl.RoleInfo (RoleInfo.java:shutdownFollowerState(108)) - fff18091-4bc4-4dc4-9e0e-c7b7b9f7a092: shutdown fff18091-4bc4-4dc4-9e0e-c7b7b9f7a092@group-364F2152D5CE-FollowerState
2021-09-22 01:09:32,201 [fff18091-4bc4-4dc4-9e0e-c7b7b9f7a092@group-364F2152D5CE-FollowerState] INFO  server.RaftServer$Division (RaftServerImpl.java:setRole(285)) - fff18091-4bc4-4dc4-9e0e-c7b7b9f7a092@group-364F2152D5CE: changes role from  FOLLOWER to CANDIDATE at term 0 for changeToCandidate
2021-09-22 01:09:32,202 [fff18091-4bc4-4dc4-9e0e-c7b7b9f7a092@group-364F2152D5CE-FollowerState] INFO  server.RaftServerConfigKeys (ConfUtils.java:logGet(44)) - raft.server.leaderelection.pre-vote = false (custom)
2021-09-22 01:09:32,204 [fff18091-4bc4-4dc4-9e0e-c7b7b9f7a092@group-364F2152D5CE-FollowerState] INFO  impl.RoleInfo (RoleInfo.java:updateAndGet(130)) - fff18091-4bc4-4dc4-9e0e-c7b7b9f7a092: start fff18091-4bc4-4dc4-9e0e-c7b7b9f7a092@group-364F2152D5CE-LeaderElection7
2021-09-22 01:09:32,209 [fff18091-4bc4-4dc4-9e0e-c7b7b9f7a092@group-364F2152D5CE-LeaderElection7] INFO  impl.LeaderElection (LeaderElection.java:askForVotes(306)) - fff18091-4bc4-4dc4-9e0e-c7b7b9f7a092@group-364F2152D5CE-LeaderElection7 ELECTION round 0: submit vote requests at term 1 for -1: [0d23f380-5b64-4336-bea7-d12bd7eaa710|rpc:10.1.0.5:40155|priority:1, 46189feb-569c-4e6f-be55-dc7298009a0b|rpc:10.1.0.5:40371|priority:0, fff18091-4bc4-4dc4-9e0e-c7b7b9f7a092|rpc:10.1.0.5:43419|priority:0], old=null
2021-09-22 01:09:32,219 [0d23f380-5b64-4336-bea7-d12bd7eaa710@group-364F2152D5CE-FollowerState] INFO  impl.FollowerState (FollowerState.java:run(134)) - 0d23f380-5b64-4336-bea7-d12bd7eaa710@group-364F2152D5CE-FollowerState: change to CANDIDATE, lastRpcElapsedTime:5020641083ns, electionTimeout:5016ms
2021-09-22 01:09:32,220 [0d23f380-5b64-4336-bea7-d12bd7eaa710@group-364F2152D5CE-FollowerState] INFO  impl.RoleInfo (RoleInfo.java:shutdownFollowerState(108)) - 0d23f380-5b64-4336-bea7-d12bd7eaa710: shutdown 0d23f380-5b64-4336-bea7-d12bd7eaa710@group-364F2152D5CE-FollowerState
2021-09-22 01:09:32,220 [0d23f380-5b64-4336-bea7-d12bd7eaa710@group-364F2152D5CE-FollowerState] INFO  server.RaftServer$Division (RaftServerImpl.java:setRole(285)) - 0d23f380-5b64-4336-bea7-d12bd7eaa710@group-364F2152D5CE: changes role from  FOLLOWER to CANDIDATE at term 0 for changeToCandidate
2021-09-22 01:09:32,220 [0d23f380-5b64-4336-bea7-d12bd7eaa710@group-364F2152D5CE-FollowerState] INFO  server.RaftServerConfigKeys (ConfUtils.java:logGet(44)) - raft.server.leaderelection.pre-vote = false (custom)
2021-09-22 01:09:32,220 [0d23f380-5b64-4336-bea7-d12bd7eaa710@group-364F2152D5CE-FollowerState] INFO  impl.RoleInfo (RoleInfo.java:updateAndGet(130)) - 0d23f380-5b64-4336-bea7-d12bd7eaa710: start 0d23f380-5b64-4336-bea7-d12bd7eaa710@group-364F2152D5CE-LeaderElection8
2021-09-22 01:09:32,222 [grpc-default-executor-0] INFO  server.RaftServer$Division (RaftServerImpl.java:requestVote(1043)) - 46189feb-569c-4e6f-be55-dc7298009a0b@group-364F2152D5CE: receive requestVote(ELECTION, fff18091-4bc4-4dc4-9e0e-c7b7b9f7a092, group-364F2152D5CE, 1, (t:0, i:0))
2021-09-22 01:09:32,222 [grpc-default-executor-0] INFO  impl.VoteContext (VoteContext.java:log(48)) - 46189feb-569c-4e6f-be55-dc7298009a0b@group-364F2152D5CE-FOLLOWER: accept ELECTION from fff18091-4bc4-4dc4-9e0e-c7b7b9f7a092: our priority 0 <= candidate's priority 0
2021-09-22 01:09:32,222 [grpc-default-executor-0] INFO  server.RaftServer$Division (RaftServerImpl.java:setRole(285)) - 46189feb-569c-4e6f-be55-dc7298009a0b@group-364F2152D5CE: changes role from  FOLLOWER to FOLLOWER at term 1 for candidate:fff18091-4bc4-4dc4-9e0e-c7b7b9f7a092
2021-09-22 01:09:32,222 [grpc-default-executor-0] INFO  impl.RoleInfo (RoleInfo.java:shutdownFollowerState(108)) - 46189feb-569c-4e6f-be55-dc7298009a0b: shutdown 46189feb-569c-4e6f-be55-dc7298009a0b@group-364F2152D5CE-FollowerState
2021-09-22 01:09:32,222 [grpc-default-executor-0] INFO  impl.RoleInfo (RoleInfo.java:updateAndGet(130)) - 46189feb-569c-4e6f-be55-dc7298009a0b: start 46189feb-569c-4e6f-be55-dc7298009a0b@group-364F2152D5CE-FollowerState
2021-09-22 01:09:32,222 [46189feb-569c-4e6f-be55-dc7298009a0b@group-364F2152D5CE-FollowerState] INFO  impl.FollowerState (FollowerState.java:run(143)) - 46189feb-569c-4e6f-be55-dc7298009a0b@group-364F2152D5CE-FollowerState was interrupted: {}
java.lang.InterruptedException: sleep interrupted
	at java.lang.Thread.sleep(Native Method)
	at java.lang.Thread.sleep(Thread.java:340)
	at java.util.concurrent.TimeUnit.sleep(TimeUnit.java:386)
	at org.apache.ratis.util.TimeDuration.sleep(TimeDuration.java:324)
	at org.apache.ratis.util.TimeDuration.sleep(TimeDuration.java:309)
	at org.apache.ratis.server.impl.FollowerState.run(FollowerState.java:118)
2021-09-22 01:09:32,223 [fff18091-4bc4-4dc4-9e0e-c7b7b9f7a092@group-FC12D3EA79D0-FollowerState] INFO  impl.FollowerState (FollowerState.java:run(134)) - fff18091-4bc4-4dc4-9e0e-c7b7b9f7a092@group-FC12D3EA79D0-FollowerState: change to CANDIDATE, lastRpcElapsedTime:5113786127ns, electionTimeout:5112ms
2021-09-22 01:09:32,223 [fff18091-4bc4-4dc4-9e0e-c7b7b9f7a092@group-FC12D3EA79D0-FollowerState] INFO  impl.RoleInfo (RoleInfo.java:shutdownFollowerState(108)) - fff18091-4bc4-4dc4-9e0e-c7b7b9f7a092: shutdown fff18091-4bc4-4dc4-9e0e-c7b7b9f7a092@group-FC12D3EA79D0-FollowerState
2021-09-22 01:09:32,223 [fff18091-4bc4-4dc4-9e0e-c7b7b9f7a092@group-FC12D3EA79D0-FollowerState] INFO  server.RaftServer$Division (RaftServerImpl.java:setRole(285)) - fff18091-4bc4-4dc4-9e0e-c7b7b9f7a092@group-FC12D3EA79D0: changes role from  FOLLOWER to CANDIDATE at term 0 for changeToCandidate
2021-09-22 01:09:32,224 [fff18091-4bc4-4dc4-9e0e-c7b7b9f7a092@group-FC12D3EA79D0-FollowerState] INFO  server.RaftServerConfigKeys (ConfUtils.java:logGet(44)) - raft.server.leaderelection.pre-vote = false (custom)
2021-09-22 01:09:32,224 [fff18091-4bc4-4dc4-9e0e-c7b7b9f7a092@group-FC12D3EA79D0-FollowerState] INFO  impl.RoleInfo (RoleInfo.java:updateAndGet(130)) - fff18091-4bc4-4dc4-9e0e-c7b7b9f7a092: start fff18091-4bc4-4dc4-9e0e-c7b7b9f7a092@group-FC12D3EA79D0-LeaderElection9
2021-09-22 01:09:32,228 [grpc-default-executor-0] INFO  server.RaftServer$Division (RaftServerImpl.java:requestVote(1075)) - 46189feb-569c-4e6f-be55-dc7298009a0b@group-364F2152D5CE replies to ELECTION vote request: fff18091-4bc4-4dc4-9e0e-c7b7b9f7a092<-46189feb-569c-4e6f-be55-dc7298009a0b#0:OK-t1. Peer's state: 46189feb-569c-4e6f-be55-dc7298009a0b@group-364F2152D5CE:t1, leader=null, voted=fff18091-4bc4-4dc4-9e0e-c7b7b9f7a092, raftlog=46189feb-569c-4e6f-be55-dc7298009a0b@group-364F2152D5CE-SegmentedRaftLog:OPENED:c-1,f-1,i0, conf=-1: [0d23f380-5b64-4336-bea7-d12bd7eaa710|rpc:10.1.0.5:40155|dataStream:|priority:1, 46189feb-569c-4e6f-be55-dc7298009a0b|rpc:10.1.0.5:40371|dataStream:|priority:0, fff18091-4bc4-4dc4-9e0e-c7b7b9f7a092|rpc:10.1.0.5:43419|dataStream:|priority:0], old=null
2021-09-22 01:09:32,232 [grpc-default-executor-1] INFO  server.RaftServer$Division (RaftServerImpl.java:requestVote(1043)) - 0d23f380-5b64-4336-bea7-d12bd7eaa710@group-364F2152D5CE: receive requestVote(ELECTION, fff18091-4bc4-4dc4-9e0e-c7b7b9f7a092, group-364F2152D5CE, 1, (t:0, i:0))
2021-09-22 01:09:32,232 [grpc-default-executor-1] INFO  impl.VoteContext (VoteContext.java:log(48)) - 0d23f380-5b64-4336-bea7-d12bd7eaa710@group-364F2152D5CE-CANDIDATE: reject ELECTION from fff18091-4bc4-4dc4-9e0e-c7b7b9f7a092: our priority 1 > candidate's priority 0
2021-09-22 01:09:32,232 [grpc-default-executor-1] INFO  server.RaftServer$Division (RaftServerImpl.java:setRole(285)) - 0d23f380-5b64-4336-bea7-d12bd7eaa710@group-364F2152D5CE: changes role from CANDIDATE to FOLLOWER at term 1 for candidate:fff18091-4bc4-4dc4-9e0e-c7b7b9f7a092
2021-09-22 01:09:32,232 [grpc-default-executor-1] INFO  impl.RoleInfo (RoleInfo.java:shutdownLeaderElection(121)) - 0d23f380-5b64-4336-bea7-d12bd7eaa710: shutdown 0d23f380-5b64-4336-bea7-d12bd7eaa710@group-364F2152D5CE-LeaderElection8
2021-09-22 01:09:32,233 [grpc-default-executor-1] INFO  impl.RoleInfo (RoleInfo.java:updateAndGet(130)) - 0d23f380-5b64-4336-bea7-d12bd7eaa710: start 0d23f380-5b64-4336-bea7-d12bd7eaa710@group-364F2152D5CE-FollowerState
2021-09-22 01:09:32,234 [grpc-default-executor-1] INFO  server.RaftServer$Division (RaftServerImpl.java:requestVote(1075)) - 0d23f380-5b64-4336-bea7-d12bd7eaa710@group-364F2152D5CE replies to ELECTION vote request: fff18091-4bc4-4dc4-9e0e-c7b7b9f7a092<-0d23f380-5b64-4336-bea7-d12bd7eaa710#0:FAIL-t1. Peer's state: 0d23f380-5b64-4336-bea7-d12bd7eaa710@group-364F2152D5CE:t1, leader=null, voted=null, raftlog=0d23f380-5b64-4336-bea7-d12bd7eaa710@group-364F2152D5CE-SegmentedRaftLog:OPENED:c-1,f-1,i0, conf=-1: [0d23f380-5b64-4336-bea7-d12bd7eaa710|rpc:10.1.0.5:40155|dataStream:|priority:1, 46189feb-569c-4e6f-be55-dc7298009a0b|rpc:10.1.0.5:40371|dataStream:|priority:0, fff18091-4bc4-4dc4-9e0e-c7b7b9f7a092|rpc:10.1.0.5:43419|dataStream:|priority:0], old=null
2021-09-22 01:09:32,234 [fff18091-4bc4-4dc4-9e0e-c7b7b9f7a092@group-FC12D3EA79D0-LeaderElection9] INFO  impl.LeaderElection (LeaderElection.java:askForVotes(306)) - fff18091-4bc4-4dc4-9e0e-c7b7b9f7a092@group-FC12D3EA79D0-LeaderElection9 ELECTION round 0: submit vote requests at term 1 for -1: [fff18091-4bc4-4dc4-9e0e-c7b7b9f7a092|rpc:10.1.0.5:43419|priority:1], old=null
2021-09-22 01:09:32,235 [fff18091-4bc4-4dc4-9e0e-c7b7b9f7a092@group-FC12D3EA79D0-LeaderElection9] INFO  impl.LeaderElection (LeaderElection.java:askForVotes(308)) - fff18091-4bc4-4dc4-9e0e-c7b7b9f7a092@group-FC12D3EA79D0-LeaderElection9 ELECTION round 0: result PASSED (term=1)
2021-09-22 01:09:32,235 [fff18091-4bc4-4dc4-9e0e-c7b7b9f7a092@group-FC12D3EA79D0-LeaderElection9] INFO  impl.RoleInfo (RoleInfo.java:shutdownLeaderElection(121)) - fff18091-4bc4-4dc4-9e0e-c7b7b9f7a092: shutdown fff18091-4bc4-4dc4-9e0e-c7b7b9f7a092@group-FC12D3EA79D0-LeaderElection9
2021-09-22 01:09:32,235 [fff18091-4bc4-4dc4-9e0e-c7b7b9f7a092@group-FC12D3EA79D0-LeaderElection9] INFO  server.RaftServer$Division (RaftServerImpl.java:setRole(285)) - fff18091-4bc4-4dc4-9e0e-c7b7b9f7a092@group-FC12D3EA79D0: changes role from CANDIDATE to LEADER at term 1 for changeToLeader
2021-09-22 01:09:32,238 [fff18091-4bc4-4dc4-9e0e-c7b7b9f7a092@group-FC12D3EA79D0-LeaderElection9] INFO  ratis.XceiverServerRatis (XceiverServerRatis.java:handleLeaderChangedNotification(860)) - Leader change notification received for group: group-FC12D3EA79D0 with new leaderId: fff18091-4bc4-4dc4-9e0e-c7b7b9f7a092
2021-09-22 01:09:32,239 [fff18091-4bc4-4dc4-9e0e-c7b7b9f7a092@group-FC12D3EA79D0-LeaderElection9] INFO  server.RaftServer$Division (ServerState.java:setLeader(285)) - fff18091-4bc4-4dc4-9e0e-c7b7b9f7a092@group-FC12D3EA79D0: change Leader from null to fff18091-4bc4-4dc4-9e0e-c7b7b9f7a092 at term 1 for becomeLeader, leader elected after 5140ms
2021-09-22 01:09:32,239 [fff18091-4bc4-4dc4-9e0e-c7b7b9f7a092@group-FC12D3EA79D0-LeaderElection9] INFO  server.RaftServerConfigKeys (ConfUtils.java:logGet(44)) - raft.server.staging.catchup.gap = 1000 (default)
2021-09-22 01:09:32,240 [fff18091-4bc4-4dc4-9e0e-c7b7b9f7a092@group-364F2152D5CE-LeaderElection7] INFO  impl.LeaderElection (LeaderElection.java:logAndReturn(89)) - fff18091-4bc4-4dc4-9e0e-c7b7b9f7a092@group-364F2152D5CE-LeaderElection7: ELECTION REJECTED received 2 response(s) and 0 exception(s):
2021-09-22 01:09:32,243 [fff18091-4bc4-4dc4-9e0e-c7b7b9f7a092@group-364F2152D5CE-LeaderElection7] INFO  impl.LeaderElection (LeaderElection.java:logAndReturn(93)) -   Response 0: fff18091-4bc4-4dc4-9e0e-c7b7b9f7a092<-0d23f380-5b64-4336-bea7-d12bd7eaa710#0:FAIL-t1
2021-09-22 01:09:32,243 [fff18091-4bc4-4dc4-9e0e-c7b7b9f7a092@group-364F2152D5CE-LeaderElection7] INFO  impl.LeaderElection (LeaderElection.java:logAndReturn(93)) -   Response 1: fff18091-4bc4-4dc4-9e0e-c7b7b9f7a092<-46189feb-569c-4e6f-be55-dc7298009a0b#0:OK-t1
2021-09-22 01:09:32,243 [fff18091-4bc4-4dc4-9e0e-c7b7b9f7a092@group-364F2152D5CE-LeaderElection7] INFO  impl.LeaderElection (LeaderElection.java:askForVotes(308)) - fff18091-4bc4-4dc4-9e0e-c7b7b9f7a092@group-364F2152D5CE-LeaderElection7 ELECTION round 0: result REJECTED
2021-09-22 01:09:32,243 [fff18091-4bc4-4dc4-9e0e-c7b7b9f7a092@group-364F2152D5CE-LeaderElection7] INFO  server.RaftServer$Division (RaftServerImpl.java:setRole(285)) - fff18091-4bc4-4dc4-9e0e-c7b7b9f7a092@group-364F2152D5CE: changes role from CANDIDATE to FOLLOWER at term 1 for REJECTED
2021-09-22 01:09:32,244 [fff18091-4bc4-4dc4-9e0e-c7b7b9f7a092@group-364F2152D5CE-LeaderElection7] INFO  impl.RoleInfo (RoleInfo.java:shutdownLeaderElection(121)) - fff18091-4bc4-4dc4-9e0e-c7b7b9f7a092: shutdown fff18091-4bc4-4dc4-9e0e-c7b7b9f7a092@group-364F2152D5CE-LeaderElection7
2021-09-22 01:09:32,244 [fff18091-4bc4-4dc4-9e0e-c7b7b9f7a092@group-364F2152D5CE-LeaderElection7] INFO  impl.RoleInfo (RoleInfo.java:updateAndGet(130)) - fff18091-4bc4-4dc4-9e0e-c7b7b9f7a092: start fff18091-4bc4-4dc4-9e0e-c7b7b9f7a092@group-364F2152D5CE-FollowerState
2021-09-22 01:09:32,244 [EventQueue-OpenPipelineForHealthyPipelineSafeModeRule] INFO  safemode.SCMSafeModeManager (HealthyPipelineSafeModeRule.java:process(124)) - SCM in safe mode. Healthy pipelines reported count is 0, required healthy pipeline reported count is 1
2021-09-22 01:09:32,245 [fff18091-4bc4-4dc4-9e0e-c7b7b9f7a092@group-FC12D3EA79D0-LeaderElection9] INFO  server.RaftServerConfigKeys (ConfUtils.java:logGet(44)) - raft.server.write.element-limit = 1024 (custom)
2021-09-22 01:09:32,246 [fff18091-4bc4-4dc4-9e0e-c7b7b9f7a092@group-FC12D3EA79D0-LeaderElection9] INFO  server.RaftServerConfigKeys (ConfUtils.java:logGet(44)) - raft.server.write.byte-limit = 1024 M (=1073741824) (custom)
2021-09-22 01:09:32,246 [fff18091-4bc4-4dc4-9e0e-c7b7b9f7a092@group-FC12D3EA79D0-LeaderElection9] INFO  server.RaftServerConfigKeys (ConfUtils.java:logGet(44)) - raft.server.watch.timeout = 3000ms (custom)
2021-09-22 01:09:32,246 [fff18091-4bc4-4dc4-9e0e-c7b7b9f7a092@group-FC12D3EA79D0-LeaderElection9] INFO  server.RaftServerConfigKeys (ConfUtils.java:logGet(44)) - raft.server.watch.timeout.denomination = 1s (default)
2021-09-22 01:09:32,246 [fff18091-4bc4-4dc4-9e0e-c7b7b9f7a092@group-FC12D3EA79D0-LeaderElection9] INFO  server.RaftServerConfigKeys (ConfUtils.java:logGet(44)) - raft.server.watch.element-limit = 65536 (default)
2021-09-22 01:09:32,246 [fff18091-4bc4-4dc4-9e0e-c7b7b9f7a092@group-FC12D3EA79D0-LeaderElection9] INFO  impl.RoleInfo (RoleInfo.java:updateAndGet(130)) - fff18091-4bc4-4dc4-9e0e-c7b7b9f7a092: start fff18091-4bc4-4dc4-9e0e-c7b7b9f7a092@group-FC12D3EA79D0-LeaderStateImpl
2021-09-22 01:09:32,246 [fff18091-4bc4-4dc4-9e0e-c7b7b9f7a092@group-FC12D3EA79D0-LeaderElection9] INFO  segmented.SegmentedRaftLogWorker (SegmentedRaftLogWorker.java:startLogSegment(394)) - fff18091-4bc4-4dc4-9e0e-c7b7b9f7a092@group-FC12D3EA79D0-SegmentedRaftLogWorker: Starting segment from index:0
2021-09-22 01:09:32,254 [fff18091-4bc4-4dc4-9e0e-c7b7b9f7a092@group-FC12D3EA79D0-SegmentedRaftLogWorker] INFO  segmented.SegmentedRaftLogWorker (SegmentedRaftLogWorker.java:execute(601)) - fff18091-4bc4-4dc4-9e0e-c7b7b9f7a092@group-FC12D3EA79D0-SegmentedRaftLogWorker: created new log segment /home/runner/work/ozone/ozone/hadoop-ozone/integration-test/target/test-dir/MiniOzoneClusterImpl-25acc1c1-a8f2-4117-88d4-9d8f1e28eca9/datanode-3/data/ratis/ba993a31-53ec-4478-b060-fc12d3ea79d0/current/log_inprogress_0
2021-09-22 01:09:32,255 [fff18091-4bc4-4dc4-9e0e-c7b7b9f7a092@group-7D8C5C10C900-FollowerState] INFO  impl.FollowerState (FollowerState.java:run(134)) - fff18091-4bc4-4dc4-9e0e-c7b7b9f7a092@group-7D8C5C10C900-FollowerState: change to CANDIDATE, lastRpcElapsedTime:5031415433ns, electionTimeout:5024ms
2021-09-22 01:09:32,255 [fff18091-4bc4-4dc4-9e0e-c7b7b9f7a092@group-FC12D3EA79D0-LeaderElection9] INFO  server.RaftServer$Division (ServerState.java:setRaftConf(387)) - fff18091-4bc4-4dc4-9e0e-c7b7b9f7a092@group-FC12D3EA79D0: set configuration 0: [fff18091-4bc4-4dc4-9e0e-c7b7b9f7a092|rpc:10.1.0.5:43419|dataStream:|priority:1], old=null
2021-09-22 01:09:32,256 [fff18091-4bc4-4dc4-9e0e-c7b7b9f7a092@group-7D8C5C10C900-FollowerState] INFO  impl.RoleInfo (RoleInfo.java:shutdownFollowerState(108)) - fff18091-4bc4-4dc4-9e0e-c7b7b9f7a092: shutdown fff18091-4bc4-4dc4-9e0e-c7b7b9f7a092@group-7D8C5C10C900-FollowerState
2021-09-22 01:09:32,256 [fff18091-4bc4-4dc4-9e0e-c7b7b9f7a092@group-7D8C5C10C900-FollowerState] INFO  server.RaftServer$Division (RaftServerImpl.java:setRole(285)) - fff18091-4bc4-4dc4-9e0e-c7b7b9f7a092@group-7D8C5C10C900: changes role from  FOLLOWER to CANDIDATE at term 0 for changeToCandidate
2021-09-22 01:09:32,256 [fff18091-4bc4-4dc4-9e0e-c7b7b9f7a092@group-7D8C5C10C900-FollowerState] INFO  server.RaftServerConfigKeys (ConfUtils.java:logGet(44)) - raft.server.leaderelection.pre-vote = false (custom)
2021-09-22 01:09:32,256 [fff18091-4bc4-4dc4-9e0e-c7b7b9f7a092@group-7D8C5C10C900-FollowerState] INFO  impl.RoleInfo (RoleInfo.java:updateAndGet(130)) - fff18091-4bc4-4dc4-9e0e-c7b7b9f7a092: start fff18091-4bc4-4dc4-9e0e-c7b7b9f7a092@group-7D8C5C10C900-LeaderElection10
2021-09-22 01:09:32,264 [fff18091-4bc4-4dc4-9e0e-c7b7b9f7a092@group-7D8C5C10C900-LeaderElection10] INFO  impl.LeaderElection (LeaderElection.java:askForVotes(306)) - fff18091-4bc4-4dc4-9e0e-c7b7b9f7a092@group-7D8C5C10C900-LeaderElection10 ELECTION round 0: submit vote requests at term 1 for -1: [0d23f380-5b64-4336-bea7-d12bd7eaa710|rpc:10.1.0.5:40155|priority:0, 46189feb-569c-4e6f-be55-dc7298009a0b|rpc:10.1.0.5:40371|priority:1, fff18091-4bc4-4dc4-9e0e-c7b7b9f7a092|rpc:10.1.0.5:43419|priority:0], old=null
2021-09-22 01:09:32,270 [grpc-default-executor-1] INFO  server.RaftServer$Division (RaftServerImpl.java:requestVote(1043)) - 0d23f380-5b64-4336-bea7-d12bd7eaa710@group-7D8C5C10C900: receive requestVote(ELECTION, fff18091-4bc4-4dc4-9e0e-c7b7b9f7a092, group-7D8C5C10C900, 1, (t:0, i:0))
2021-09-22 01:09:32,270 [grpc-default-executor-1] INFO  impl.VoteContext (VoteContext.java:log(48)) - 0d23f380-5b64-4336-bea7-d12bd7eaa710@group-7D8C5C10C900-FOLLOWER: accept ELECTION from fff18091-4bc4-4dc4-9e0e-c7b7b9f7a092: our priority 0 <= candidate's priority 0
2021-09-22 01:09:32,270 [grpc-default-executor-1] INFO  server.RaftServer$Division (RaftServerImpl.java:setRole(285)) - 0d23f380-5b64-4336-bea7-d12bd7eaa710@group-7D8C5C10C900: changes role from  FOLLOWER to FOLLOWER at term 1 for candidate:fff18091-4bc4-4dc4-9e0e-c7b7b9f7a092
2021-09-22 01:09:32,270 [grpc-default-executor-1] INFO  impl.RoleInfo (RoleInfo.java:shutdownFollowerState(108)) - 0d23f380-5b64-4336-bea7-d12bd7eaa710: shutdown 0d23f380-5b64-4336-bea7-d12bd7eaa710@group-7D8C5C10C900-FollowerState
2021-09-22 01:09:32,270 [grpc-default-executor-1] INFO  impl.RoleInfo (RoleInfo.java:updateAndGet(130)) - 0d23f380-5b64-4336-bea7-d12bd7eaa710: start 0d23f380-5b64-4336-bea7-d12bd7eaa710@group-7D8C5C10C900-FollowerState
2021-09-22 01:09:32,270 [0d23f380-5b64-4336-bea7-d12bd7eaa710@group-7D8C5C10C900-FollowerState] INFO  impl.FollowerState (FollowerState.java:run(143)) - 0d23f380-5b64-4336-bea7-d12bd7eaa710@group-7D8C5C10C900-FollowerState was interrupted: {}
java.lang.InterruptedException: sleep interrupted
	at java.lang.Thread.sleep(Native Method)
	at java.lang.Thread.sleep(Thread.java:340)
	at java.util.concurrent.TimeUnit.sleep(TimeUnit.java:386)
	at org.apache.ratis.util.TimeDuration.sleep(TimeDuration.java:324)
	at org.apache.ratis.util.TimeDuration.sleep(TimeDuration.java:309)
	at org.apache.ratis.server.impl.FollowerState.run(FollowerState.java:118)
2021-09-22 01:09:32,274 [grpc-default-executor-1] INFO  server.RaftServer$Division (RaftServerImpl.java:requestVote(1075)) - 0d23f380-5b64-4336-bea7-d12bd7eaa710@group-7D8C5C10C900 replies to ELECTION vote request: fff18091-4bc4-4dc4-9e0e-c7b7b9f7a092<-0d23f380-5b64-4336-bea7-d12bd7eaa710#0:OK-t1. Peer's state: 0d23f380-5b64-4336-bea7-d12bd7eaa710@group-7D8C5C10C900:t1, leader=null, voted=fff18091-4bc4-4dc4-9e0e-c7b7b9f7a092, raftlog=0d23f380-5b64-4336-bea7-d12bd7eaa710@group-7D8C5C10C900-SegmentedRaftLog:OPENED:c-1,f-1,i0, conf=-1: [0d23f380-5b64-4336-bea7-d12bd7eaa710|rpc:10.1.0.5:40155|dataStream:|priority:0, 46189feb-569c-4e6f-be55-dc7298009a0b|rpc:10.1.0.5:40371|dataStream:|priority:1, fff18091-4bc4-4dc4-9e0e-c7b7b9f7a092|rpc:10.1.0.5:43419|dataStream:|priority:0], old=null
2021-09-22 01:09:32,278 [grpc-default-executor-0] INFO  server.RaftServer$Division (RaftServerImpl.java:requestVote(1043)) - 46189feb-569c-4e6f-be55-dc7298009a0b@group-7D8C5C10C900: receive requestVote(ELECTION, fff18091-4bc4-4dc4-9e0e-c7b7b9f7a092, group-7D8C5C10C900, 1, (t:0, i:0))
2021-09-22 01:09:32,278 [grpc-default-executor-0] INFO  impl.VoteContext (VoteContext.java:log(48)) - 46189feb-569c-4e6f-be55-dc7298009a0b@group-7D8C5C10C900-FOLLOWER: reject ELECTION from fff18091-4bc4-4dc4-9e0e-c7b7b9f7a092: our priority 1 > candidate's priority 0
2021-09-22 01:09:32,278 [grpc-default-executor-0] INFO  server.RaftServer$Division (RaftServerImpl.java:setRole(285)) - 46189feb-569c-4e6f-be55-dc7298009a0b@group-7D8C5C10C900: changes role from  FOLLOWER to FOLLOWER at term 1 for candidate:fff18091-4bc4-4dc4-9e0e-c7b7b9f7a092
2021-09-22 01:09:32,278 [grpc-default-executor-0] INFO  impl.RoleInfo (RoleInfo.java:shutdownFollowerState(108)) - 46189feb-569c-4e6f-be55-dc7298009a0b: shutdown 46189feb-569c-4e6f-be55-dc7298009a0b@group-7D8C5C10C900-FollowerState
2021-09-22 01:09:32,278 [grpc-default-executor-0] INFO  impl.RoleInfo (RoleInfo.java:updateAndGet(130)) - 46189feb-569c-4e6f-be55-dc7298009a0b: start 46189feb-569c-4e6f-be55-dc7298009a0b@group-7D8C5C10C900-FollowerState
2021-09-22 01:09:32,278 [46189feb-569c-4e6f-be55-dc7298009a0b@group-7D8C5C10C900-FollowerState] INFO  impl.FollowerState (FollowerState.java:run(143)) - 46189feb-569c-4e6f-be55-dc7298009a0b@group-7D8C5C10C900-FollowerState was interrupted: {}
java.lang.InterruptedException: sleep interrupted
	at java.lang.Thread.sleep(Native Method)
	at java.lang.Thread.sleep(Thread.java:340)
	at java.util.concurrent.TimeUnit.sleep(TimeUnit.java:386)
	at org.apache.ratis.util.TimeDuration.sleep(TimeDuration.java:324)
	at org.apache.ratis.util.TimeDuration.sleep(TimeDuration.java:309)
	at org.apache.ratis.server.impl.FollowerState.run(FollowerState.java:118)
2021-09-22 01:09:32,280 [grpc-default-executor-0] INFO  server.RaftServer$Division (RaftServerImpl.java:requestVote(1075)) - 46189feb-569c-4e6f-be55-dc7298009a0b@group-7D8C5C10C900 replies to ELECTION vote request: fff18091-4bc4-4dc4-9e0e-c7b7b9f7a092<-46189feb-569c-4e6f-be55-dc7298009a0b#0:FAIL-t1. Peer's state: 46189feb-569c-4e6f-be55-dc7298009a0b@group-7D8C5C10C900:t1, leader=null, voted=null, raftlog=46189feb-569c-4e6f-be55-dc7298009a0b@group-7D8C5C10C900-SegmentedRaftLog:OPENED:c-1,f-1,i0, conf=-1: [0d23f380-5b64-4336-bea7-d12bd7eaa710|rpc:10.1.0.5:40155|dataStream:|priority:0, 46189feb-569c-4e6f-be55-dc7298009a0b|rpc:10.1.0.5:40371|dataStream:|priority:1, fff18091-4bc4-4dc4-9e0e-c7b7b9f7a092|rpc:10.1.0.5:43419|dataStream:|priority:0], old=null
2021-09-22 01:09:32,282 [fff18091-4bc4-4dc4-9e0e-c7b7b9f7a092@group-7D8C5C10C900-LeaderElection10] INFO  impl.LeaderElection (LeaderElection.java:logAndReturn(89)) - fff18091-4bc4-4dc4-9e0e-c7b7b9f7a092@group-7D8C5C10C900-LeaderElection10: ELECTION REJECTED received 2 response(s) and 0 exception(s):
2021-09-22 01:09:32,283 [fff18091-4bc4-4dc4-9e0e-c7b7b9f7a092@group-7D8C5C10C900-LeaderElection10] INFO  impl.LeaderElection (LeaderElection.java:logAndReturn(93)) -   Response 0: fff18091-4bc4-4dc4-9e0e-c7b7b9f7a092<-0d23f380-5b64-4336-bea7-d12bd7eaa710#0:OK-t1
2021-09-22 01:09:32,283 [fff18091-4bc4-4dc4-9e0e-c7b7b9f7a092@group-7D8C5C10C900-LeaderElection10] INFO  impl.LeaderElection (LeaderElection.java:logAndReturn(93)) -   Response 1: fff18091-4bc4-4dc4-9e0e-c7b7b9f7a092<-46189feb-569c-4e6f-be55-dc7298009a0b#0:FAIL-t1
2021-09-22 01:09:32,283 [fff18091-4bc4-4dc4-9e0e-c7b7b9f7a092@group-7D8C5C10C900-LeaderElection10] INFO  impl.LeaderElection (LeaderElection.java:askForVotes(308)) - fff18091-4bc4-4dc4-9e0e-c7b7b9f7a092@group-7D8C5C10C900-LeaderElection10 ELECTION round 0: result REJECTED
2021-09-22 01:09:32,283 [fff18091-4bc4-4dc4-9e0e-c7b7b9f7a092@group-7D8C5C10C900-LeaderElection10] INFO  server.RaftServer$Division (RaftServerImpl.java:setRole(285)) - fff18091-4bc4-4dc4-9e0e-c7b7b9f7a092@group-7D8C5C10C900: changes role from CANDIDATE to FOLLOWER at term 1 for REJECTED
2021-09-22 01:09:32,283 [fff18091-4bc4-4dc4-9e0e-c7b7b9f7a092@group-7D8C5C10C900-LeaderElection10] INFO  impl.RoleInfo (RoleInfo.java:shutdownLeaderElection(121)) - fff18091-4bc4-4dc4-9e0e-c7b7b9f7a092: shutdown fff18091-4bc4-4dc4-9e0e-c7b7b9f7a092@group-7D8C5C10C900-LeaderElection10
2021-09-22 01:09:32,283 [fff18091-4bc4-4dc4-9e0e-c7b7b9f7a092@group-7D8C5C10C900-LeaderElection10] INFO  impl.RoleInfo (RoleInfo.java:updateAndGet(130)) - fff18091-4bc4-4dc4-9e0e-c7b7b9f7a092: start fff18091-4bc4-4dc4-9e0e-c7b7b9f7a092@group-7D8C5C10C900-FollowerState
2021-09-22 01:09:32,330 [46189feb-569c-4e6f-be55-dc7298009a0b@group-EA7482A42541-FollowerState] INFO  impl.FollowerState (FollowerState.java:run(134)) - 46189feb-569c-4e6f-be55-dc7298009a0b@group-EA7482A42541-FollowerState: change to CANDIDATE, lastRpcElapsedTime:5045885697ns, electionTimeout:5044ms
2021-09-22 01:09:32,331 [46189feb-569c-4e6f-be55-dc7298009a0b@group-EA7482A42541-FollowerState] INFO  impl.RoleInfo (RoleInfo.java:shutdownFollowerState(108)) - 46189feb-569c-4e6f-be55-dc7298009a0b: shutdown 46189feb-569c-4e6f-be55-dc7298009a0b@group-EA7482A42541-FollowerState
2021-09-22 01:09:32,331 [46189feb-569c-4e6f-be55-dc7298009a0b@group-EA7482A42541-FollowerState] INFO  server.RaftServer$Division (RaftServerImpl.java:setRole(285)) - 46189feb-569c-4e6f-be55-dc7298009a0b@group-EA7482A42541: changes role from  FOLLOWER to CANDIDATE at term 0 for changeToCandidate
2021-09-22 01:09:32,332 [46189feb-569c-4e6f-be55-dc7298009a0b@group-EA7482A42541-FollowerState] INFO  server.RaftServerConfigKeys (ConfUtils.java:logGet(44)) - raft.server.leaderelection.pre-vote = false (custom)
2021-09-22 01:09:32,332 [46189feb-569c-4e6f-be55-dc7298009a0b@group-EA7482A42541-FollowerState] INFO  impl.RoleInfo (RoleInfo.java:updateAndGet(130)) - 46189feb-569c-4e6f-be55-dc7298009a0b: start 46189feb-569c-4e6f-be55-dc7298009a0b@group-EA7482A42541-LeaderElection11
2021-09-22 01:09:32,335 [46189feb-569c-4e6f-be55-dc7298009a0b@group-EA7482A42541-LeaderElection11] INFO  impl.LeaderElection (LeaderElection.java:askForVotes(306)) - 46189feb-569c-4e6f-be55-dc7298009a0b@group-EA7482A42541-LeaderElection11 ELECTION round 0: submit vote requests at term 1 for -1: [46189feb-569c-4e6f-be55-dc7298009a0b|rpc:10.1.0.5:40371|priority:1], old=null
2021-09-22 01:09:32,335 [46189feb-569c-4e6f-be55-dc7298009a0b@group-EA7482A42541-LeaderElection11] INFO  impl.LeaderElection (LeaderElection.java:askForVotes(308)) - 46189feb-569c-4e6f-be55-dc7298009a0b@group-EA7482A42541-LeaderElection11 ELECTION round 0: result PASSED (term=1)
2021-09-22 01:09:32,335 [46189feb-569c-4e6f-be55-dc7298009a0b@group-EA7482A42541-LeaderElection11] INFO  impl.RoleInfo (RoleInfo.java:shutdownLeaderElection(121)) - 46189feb-569c-4e6f-be55-dc7298009a0b: shutdown 46189feb-569c-4e6f-be55-dc7298009a0b@group-EA7482A42541-LeaderElection11
2021-09-22 01:09:32,335 [46189feb-569c-4e6f-be55-dc7298009a0b@group-EA7482A42541-LeaderElection11] INFO  server.RaftServer$Division (RaftServerImpl.java:setRole(285)) - 46189feb-569c-4e6f-be55-dc7298009a0b@group-EA7482A42541: changes role from CANDIDATE to LEADER at term 1 for changeToLeader
2021-09-22 01:09:32,335 [46189feb-569c-4e6f-be55-dc7298009a0b@group-EA7482A42541-LeaderElection11] INFO  ratis.XceiverServerRatis (XceiverServerRatis.java:handleLeaderChangedNotification(860)) - Leader change notification received for group: group-EA7482A42541 with new leaderId: 46189feb-569c-4e6f-be55-dc7298009a0b
2021-09-22 01:09:32,335 [46189feb-569c-4e6f-be55-dc7298009a0b@group-EA7482A42541-LeaderElection11] INFO  server.RaftServer$Division (ServerState.java:setLeader(285)) - 46189feb-569c-4e6f-be55-dc7298009a0b@group-EA7482A42541: change Leader from null to 46189feb-569c-4e6f-be55-dc7298009a0b at term 1 for becomeLeader, leader elected after 5059ms
2021-09-22 01:09:32,335 [46189feb-569c-4e6f-be55-dc7298009a0b@group-EA7482A42541-LeaderElection11] INFO  server.RaftServerConfigKeys (ConfUtils.java:logGet(44)) - raft.server.staging.catchup.gap = 1000 (default)
2021-09-22 01:09:32,336 [Datanode State Machine Thread - 0] WARN  statemachine.StateContext (StateContext.java:execute(621)) - No available thread in pool for past 1 seconds.
2021-09-22 01:09:32,336 [46189feb-569c-4e6f-be55-dc7298009a0b@group-EA7482A42541-LeaderElection11] INFO  server.RaftServerConfigKeys (ConfUtils.java:logGet(44)) - raft.server.write.element-limit = 1024 (custom)
2021-09-22 01:09:32,336 [46189feb-569c-4e6f-be55-dc7298009a0b@group-EA7482A42541-LeaderElection11] INFO  server.RaftServerConfigKeys (ConfUtils.java:logGet(44)) - raft.server.write.byte-limit = 1024 M (=1073741824) (custom)
2021-09-22 01:09:32,336 [46189feb-569c-4e6f-be55-dc7298009a0b@group-EA7482A42541-LeaderElection11] INFO  server.RaftServerConfigKeys (ConfUtils.java:logGet(44)) - raft.server.watch.timeout = 3000ms (custom)
2021-09-22 01:09:32,336 [46189feb-569c-4e6f-be55-dc7298009a0b@group-EA7482A42541-LeaderElection11] INFO  server.RaftServerConfigKeys (ConfUtils.java:logGet(44)) - raft.server.watch.timeout.denomination = 1s (default)
2021-09-22 01:09:32,336 [46189feb-569c-4e6f-be55-dc7298009a0b@group-EA7482A42541-LeaderElection11] INFO  server.RaftServerConfigKeys (ConfUtils.java:logGet(44)) - raft.server.watch.element-limit = 65536 (default)
2021-09-22 01:09:32,336 [46189feb-569c-4e6f-be55-dc7298009a0b@group-EA7482A42541-LeaderElection11] INFO  impl.RoleInfo (RoleInfo.java:updateAndGet(130)) - 46189feb-569c-4e6f-be55-dc7298009a0b: start 46189feb-569c-4e6f-be55-dc7298009a0b@group-EA7482A42541-LeaderStateImpl
2021-09-22 01:09:32,337 [EventQueue-OpenPipelineForHealthyPipelineSafeModeRule] INFO  safemode.SCMSafeModeManager (HealthyPipelineSafeModeRule.java:process(124)) - SCM in safe mode. Healthy pipelines reported count is 0, required healthy pipeline reported count is 1
2021-09-22 01:09:32,342 [46189feb-569c-4e6f-be55-dc7298009a0b@group-EA7482A42541-LeaderElection11] INFO  segmented.SegmentedRaftLogWorker (SegmentedRaftLogWorker.java:startLogSegment(394)) - 46189feb-569c-4e6f-be55-dc7298009a0b@group-EA7482A42541-SegmentedRaftLogWorker: Starting segment from index:0
2021-09-22 01:09:32,343 [46189feb-569c-4e6f-be55-dc7298009a0b@group-EA7482A42541-SegmentedRaftLogWorker] INFO  segmented.SegmentedRaftLogWorker (SegmentedRaftLogWorker.java:execute(601)) - 46189feb-569c-4e6f-be55-dc7298009a0b@group-EA7482A42541-SegmentedRaftLogWorker: created new log segment /home/runner/work/ozone/ozone/hadoop-ozone/integration-test/target/test-dir/MiniOzoneClusterImpl-25acc1c1-a8f2-4117-88d4-9d8f1e28eca9/datanode-4/data/ratis/dc41ab09-3424-4cc2-bf62-ea7482a42541/current/log_inprogress_0
2021-09-22 01:09:32,350 [46189feb-569c-4e6f-be55-dc7298009a0b@group-EA7482A42541-LeaderElection11] INFO  server.RaftServer$Division (ServerState.java:setRaftConf(387)) - 46189feb-569c-4e6f-be55-dc7298009a0b@group-EA7482A42541: set configuration 0: [46189feb-569c-4e6f-be55-dc7298009a0b|rpc:10.1.0.5:40371|dataStream:|priority:1], old=null
2021-09-22 01:09:32,666 [Listener at 127.0.0.1/44817] INFO  ozone.MiniOzoneClusterImpl (MiniOzoneClusterImpl.java:lambda$waitForClusterToBeReady$0(235)) - Nodes are ready. Got 7 of 7 DN Heartbeats.
2021-09-22 01:09:32,666 [Listener at 127.0.0.1/44817] INFO  ozone.MiniOzoneClusterImpl (MiniOzoneClusterImpl.java:lambda$waitForClusterToBeReady$0(238)) - Waiting for cluster to exit safe mode
2021-09-22 01:09:32,666 [Listener at 127.0.0.1/44817] INFO  ozone.MiniOzoneClusterImpl (MiniOzoneClusterImpl.java:lambda$waitForClusterToBeReady$0(240)) - SCM became leader
2021-09-22 01:09:32,691 [0d23f380-5b64-4336-bea7-d12bd7eaa710@group-C1C80CF96F0E-FollowerState] INFO  impl.FollowerState (FollowerState.java:run(134)) - 0d23f380-5b64-4336-bea7-d12bd7eaa710@group-C1C80CF96F0E-FollowerState: change to CANDIDATE, lastRpcElapsedTime:5190745593ns, electionTimeout:5190ms
2021-09-22 01:09:32,692 [0d23f380-5b64-4336-bea7-d12bd7eaa710@group-C1C80CF96F0E-FollowerState] INFO  impl.RoleInfo (RoleInfo.java:shutdownFollowerState(108)) - 0d23f380-5b64-4336-bea7-d12bd7eaa710: shutdown 0d23f380-5b64-4336-bea7-d12bd7eaa710@group-C1C80CF96F0E-FollowerState
2021-09-22 01:09:32,692 [0d23f380-5b64-4336-bea7-d12bd7eaa710@group-C1C80CF96F0E-FollowerState] INFO  server.RaftServer$Division (RaftServerImpl.java:setRole(285)) - 0d23f380-5b64-4336-bea7-d12bd7eaa710@group-C1C80CF96F0E: changes role from  FOLLOWER to CANDIDATE at term 0 for changeToCandidate
2021-09-22 01:09:32,692 [0d23f380-5b64-4336-bea7-d12bd7eaa710@group-C1C80CF96F0E-FollowerState] INFO  server.RaftServerConfigKeys (ConfUtils.java:logGet(44)) - raft.server.leaderelection.pre-vote = false (custom)
2021-09-22 01:09:32,692 [0d23f380-5b64-4336-bea7-d12bd7eaa710@group-C1C80CF96F0E-FollowerState] INFO  impl.RoleInfo (RoleInfo.java:updateAndGet(130)) - 0d23f380-5b64-4336-bea7-d12bd7eaa710: start 0d23f380-5b64-4336-bea7-d12bd7eaa710@group-C1C80CF96F0E-LeaderElection12
2021-09-22 01:09:32,696 [0d23f380-5b64-4336-bea7-d12bd7eaa710@group-C1C80CF96F0E-LeaderElection12] INFO  impl.LeaderElection (LeaderElection.java:askForVotes(306)) - 0d23f380-5b64-4336-bea7-d12bd7eaa710@group-C1C80CF96F0E-LeaderElection12 ELECTION round 0: submit vote requests at term 1 for -1: [0d23f380-5b64-4336-bea7-d12bd7eaa710|rpc:10.1.0.5:40155|priority:1], old=null
2021-09-22 01:09:32,696 [0d23f380-5b64-4336-bea7-d12bd7eaa710@group-C1C80CF96F0E-LeaderElection12] INFO  impl.LeaderElection (LeaderElection.java:askForVotes(308)) - 0d23f380-5b64-4336-bea7-d12bd7eaa710@group-C1C80CF96F0E-LeaderElection12 ELECTION round 0: result PASSED (term=1)
2021-09-22 01:09:32,696 [0d23f380-5b64-4336-bea7-d12bd7eaa710@group-C1C80CF96F0E-LeaderElection12] INFO  impl.RoleInfo (RoleInfo.java:shutdownLeaderElection(121)) - 0d23f380-5b64-4336-bea7-d12bd7eaa710: shutdown 0d23f380-5b64-4336-bea7-d12bd7eaa710@group-C1C80CF96F0E-LeaderElection12
2021-09-22 01:09:32,697 [0d23f380-5b64-4336-bea7-d12bd7eaa710@group-C1C80CF96F0E-LeaderElection12] INFO  server.RaftServer$Division (RaftServerImpl.java:setRole(285)) - 0d23f380-5b64-4336-bea7-d12bd7eaa710@group-C1C80CF96F0E: changes role from CANDIDATE to LEADER at term 1 for changeToLeader
2021-09-22 01:09:32,697 [0d23f380-5b64-4336-bea7-d12bd7eaa710@group-C1C80CF96F0E-LeaderElection12] INFO  ratis.XceiverServerRatis (XceiverServerRatis.java:handleLeaderChangedNotification(860)) - Leader change notification received for group: group-C1C80CF96F0E with new leaderId: 0d23f380-5b64-4336-bea7-d12bd7eaa710
2021-09-22 01:09:32,697 [Datanode State Machine Thread - 0] WARN  statemachine.StateContext (StateContext.java:execute(621)) - No available thread in pool for past 1 seconds.
2021-09-22 01:09:32,697 [0d23f380-5b64-4336-bea7-d12bd7eaa710@group-C1C80CF96F0E-LeaderElection12] INFO  server.RaftServer$Division (ServerState.java:setLeader(285)) - 0d23f380-5b64-4336-bea7-d12bd7eaa710@group-C1C80CF96F0E: change Leader from null to 0d23f380-5b64-4336-bea7-d12bd7eaa710 at term 1 for becomeLeader, leader elected after 5211ms
2021-09-22 01:09:32,697 [0d23f380-5b64-4336-bea7-d12bd7eaa710@group-C1C80CF96F0E-LeaderElection12] INFO  server.RaftServerConfigKeys (ConfUtils.java:logGet(44)) - raft.server.staging.catchup.gap = 1000 (default)
2021-09-22 01:09:32,697 [0d23f380-5b64-4336-bea7-d12bd7eaa710@group-C1C80CF96F0E-LeaderElection12] INFO  server.RaftServerConfigKeys (ConfUtils.java:logGet(44)) - raft.server.write.element-limit = 1024 (custom)
2021-09-22 01:09:32,697 [0d23f380-5b64-4336-bea7-d12bd7eaa710@group-C1C80CF96F0E-LeaderElection12] INFO  server.RaftServerConfigKeys (ConfUtils.java:logGet(44)) - raft.server.write.byte-limit = 1024 M (=1073741824) (custom)
2021-09-22 01:09:32,698 [0d23f380-5b64-4336-bea7-d12bd7eaa710@group-C1C80CF96F0E-LeaderElection12] INFO  server.RaftServerConfigKeys (ConfUtils.java:logGet(44)) - raft.server.watch.timeout = 3000ms (custom)
2021-09-22 01:09:32,698 [0d23f380-5b64-4336-bea7-d12bd7eaa710@group-C1C80CF96F0E-LeaderElection12] INFO  server.RaftServerConfigKeys (ConfUtils.java:logGet(44)) - raft.server.watch.timeout.denomination = 1s (default)
2021-09-22 01:09:32,698 [0d23f380-5b64-4336-bea7-d12bd7eaa710@group-C1C80CF96F0E-LeaderElection12] INFO  server.RaftServerConfigKeys (ConfUtils.java:logGet(44)) - raft.server.watch.element-limit = 65536 (default)
2021-09-22 01:09:32,698 [0d23f380-5b64-4336-bea7-d12bd7eaa710@group-C1C80CF96F0E-LeaderElection12] INFO  impl.RoleInfo (RoleInfo.java:updateAndGet(130)) - 0d23f380-5b64-4336-bea7-d12bd7eaa710: start 0d23f380-5b64-4336-bea7-d12bd7eaa710@group-C1C80CF96F0E-LeaderStateImpl
2021-09-22 01:09:32,698 [0d23f380-5b64-4336-bea7-d12bd7eaa710@group-C1C80CF96F0E-LeaderElection12] INFO  segmented.SegmentedRaftLogWorker (SegmentedRaftLogWorker.java:startLogSegment(394)) - 0d23f380-5b64-4336-bea7-d12bd7eaa710@group-C1C80CF96F0E-SegmentedRaftLogWorker: Starting segment from index:0
2021-09-22 01:09:32,699 [EventQueue-OpenPipelineForHealthyPipelineSafeModeRule] INFO  safemode.SCMSafeModeManager (HealthyPipelineSafeModeRule.java:process(124)) - SCM in safe mode. Healthy pipelines reported count is 0, required healthy pipeline reported count is 1
2021-09-22 01:09:32,702 [0d23f380-5b64-4336-bea7-d12bd7eaa710@group-C1C80CF96F0E-LeaderElection12] INFO  server.RaftServer$Division (ServerState.java:setRaftConf(387)) - 0d23f380-5b64-4336-bea7-d12bd7eaa710@group-C1C80CF96F0E: set configuration 0: [0d23f380-5b64-4336-bea7-d12bd7eaa710|rpc:10.1.0.5:40155|dataStream:|priority:1], old=null
2021-09-22 01:09:32,703 [0d23f380-5b64-4336-bea7-d12bd7eaa710@group-C1C80CF96F0E-SegmentedRaftLogWorker] INFO  segmented.SegmentedRaftLogWorker (SegmentedRaftLogWorker.java:execute(601)) - 0d23f380-5b64-4336-bea7-d12bd7eaa710@group-C1C80CF96F0E-SegmentedRaftLogWorker: created new log segment /home/runner/work/ozone/ozone/hadoop-ozone/integration-test/target/test-dir/MiniOzoneClusterImpl-25acc1c1-a8f2-4117-88d4-9d8f1e28eca9/datanode-5/data/ratis/51be4208-7298-4bb9-9b48-c1c80cf96f0e/current/log_inprogress_0
2021-09-22 01:09:32,753 [1846ff5f-c0f8-47b1-8bb5-c6f8d49a7778@group-C4FC351EDEF1-FollowerState] INFO  impl.FollowerState (FollowerState.java:run(134)) - 1846ff5f-c0f8-47b1-8bb5-c6f8d49a7778@group-C4FC351EDEF1-FollowerState: change to CANDIDATE, lastRpcElapsedTime:5062746972ns, electionTimeout:5060ms
2021-09-22 01:09:32,753 [1846ff5f-c0f8-47b1-8bb5-c6f8d49a7778@group-C4FC351EDEF1-FollowerState] INFO  impl.RoleInfo (RoleInfo.java:shutdownFollowerState(108)) - 1846ff5f-c0f8-47b1-8bb5-c6f8d49a7778: shutdown 1846ff5f-c0f8-47b1-8bb5-c6f8d49a7778@group-C4FC351EDEF1-FollowerState
2021-09-22 01:09:32,753 [1846ff5f-c0f8-47b1-8bb5-c6f8d49a7778@group-C4FC351EDEF1-FollowerState] INFO  server.RaftServer$Division (RaftServerImpl.java:setRole(285)) - 1846ff5f-c0f8-47b1-8bb5-c6f8d49a7778@group-C4FC351EDEF1: changes role from  FOLLOWER to CANDIDATE at term 0 for changeToCandidate
2021-09-22 01:09:32,754 [1846ff5f-c0f8-47b1-8bb5-c6f8d49a7778@group-C4FC351EDEF1-FollowerState] INFO  server.RaftServerConfigKeys (ConfUtils.java:logGet(44)) - raft.server.leaderelection.pre-vote = false (custom)
2021-09-22 01:09:32,755 [1846ff5f-c0f8-47b1-8bb5-c6f8d49a7778@group-C4FC351EDEF1-FollowerState] INFO  impl.RoleInfo (RoleInfo.java:updateAndGet(130)) - 1846ff5f-c0f8-47b1-8bb5-c6f8d49a7778: start 1846ff5f-c0f8-47b1-8bb5-c6f8d49a7778@group-C4FC351EDEF1-LeaderElection13
2021-09-22 01:09:32,759 [1846ff5f-c0f8-47b1-8bb5-c6f8d49a7778@group-C4FC351EDEF1-LeaderElection13] INFO  impl.LeaderElection (LeaderElection.java:askForVotes(306)) - 1846ff5f-c0f8-47b1-8bb5-c6f8d49a7778@group-C4FC351EDEF1-LeaderElection13 ELECTION round 0: submit vote requests at term 1 for -1: [1846ff5f-c0f8-47b1-8bb5-c6f8d49a7778|rpc:10.1.0.5:36461|priority:1], old=null
2021-09-22 01:09:32,759 [1846ff5f-c0f8-47b1-8bb5-c6f8d49a7778@group-C4FC351EDEF1-LeaderElection13] INFO  impl.LeaderElection (LeaderElection.java:askForVotes(308)) - 1846ff5f-c0f8-47b1-8bb5-c6f8d49a7778@group-C4FC351EDEF1-LeaderElection13 ELECTION round 0: result PASSED (term=1)
2021-09-22 01:09:32,759 [1846ff5f-c0f8-47b1-8bb5-c6f8d49a7778@group-C4FC351EDEF1-LeaderElection13] INFO  impl.RoleInfo (RoleInfo.java:shutdownLeaderElection(121)) - 1846ff5f-c0f8-47b1-8bb5-c6f8d49a7778: shutdown 1846ff5f-c0f8-47b1-8bb5-c6f8d49a7778@group-C4FC351EDEF1-LeaderElection13
2021-09-22 01:09:32,759 [1846ff5f-c0f8-47b1-8bb5-c6f8d49a7778@group-C4FC351EDEF1-LeaderElection13] INFO  server.RaftServer$Division (RaftServerImpl.java:setRole(285)) - 1846ff5f-c0f8-47b1-8bb5-c6f8d49a7778@group-C4FC351EDEF1: changes role from CANDIDATE to LEADER at term 1 for changeToLeader
2021-09-22 01:09:32,759 [1846ff5f-c0f8-47b1-8bb5-c6f8d49a7778@group-C4FC351EDEF1-LeaderElection13] INFO  ratis.XceiverServerRatis (XceiverServerRatis.java:handleLeaderChangedNotification(860)) - Leader change notification received for group: group-C4FC351EDEF1 with new leaderId: 1846ff5f-c0f8-47b1-8bb5-c6f8d49a7778
2021-09-22 01:09:32,759 [1846ff5f-c0f8-47b1-8bb5-c6f8d49a7778@group-C4FC351EDEF1-LeaderElection13] INFO  server.RaftServer$Division (ServerState.java:setLeader(285)) - 1846ff5f-c0f8-47b1-8bb5-c6f8d49a7778@group-C4FC351EDEF1: change Leader from null to 1846ff5f-c0f8-47b1-8bb5-c6f8d49a7778 at term 1 for becomeLeader, leader elected after 5082ms
2021-09-22 01:09:32,759 [1846ff5f-c0f8-47b1-8bb5-c6f8d49a7778@group-C4FC351EDEF1-LeaderElection13] INFO  server.RaftServerConfigKeys (ConfUtils.java:logGet(44)) - raft.server.staging.catchup.gap = 1000 (default)
2021-09-22 01:09:32,759 [Datanode State Machine Thread - 0] WARN  statemachine.StateContext (StateContext.java:execute(621)) - No available thread in pool for past 1 seconds.
2021-09-22 01:09:32,760 [1846ff5f-c0f8-47b1-8bb5-c6f8d49a7778@group-C4FC351EDEF1-LeaderElection13] INFO  server.RaftServerConfigKeys (ConfUtils.java:logGet(44)) - raft.server.write.element-limit = 1024 (custom)
2021-09-22 01:09:32,760 [1846ff5f-c0f8-47b1-8bb5-c6f8d49a7778@group-C4FC351EDEF1-LeaderElection13] INFO  server.RaftServerConfigKeys (ConfUtils.java:logGet(44)) - raft.server.write.byte-limit = 1024 M (=1073741824) (custom)
2021-09-22 01:09:32,760 [1846ff5f-c0f8-47b1-8bb5-c6f8d49a7778@group-C4FC351EDEF1-LeaderElection13] INFO  server.RaftServerConfigKeys (ConfUtils.java:logGet(44)) - raft.server.watch.timeout = 3000ms (custom)
2021-09-22 01:09:32,760 [1846ff5f-c0f8-47b1-8bb5-c6f8d49a7778@group-C4FC351EDEF1-LeaderElection13] INFO  server.RaftServerConfigKeys (ConfUtils.java:logGet(44)) - raft.server.watch.timeout.denomination = 1s (default)
2021-09-22 01:09:32,760 [1846ff5f-c0f8-47b1-8bb5-c6f8d49a7778@group-C4FC351EDEF1-LeaderElection13] INFO  server.RaftServerConfigKeys (ConfUtils.java:logGet(44)) - raft.server.watch.element-limit = 65536 (default)
2021-09-22 01:09:32,760 [1846ff5f-c0f8-47b1-8bb5-c6f8d49a7778@group-C4FC351EDEF1-LeaderElection13] INFO  impl.RoleInfo (RoleInfo.java:updateAndGet(130)) - 1846ff5f-c0f8-47b1-8bb5-c6f8d49a7778: start 1846ff5f-c0f8-47b1-8bb5-c6f8d49a7778@group-C4FC351EDEF1-LeaderStateImpl
2021-09-22 01:09:32,760 [1846ff5f-c0f8-47b1-8bb5-c6f8d49a7778@group-C4FC351EDEF1-LeaderElection13] INFO  segmented.SegmentedRaftLogWorker (SegmentedRaftLogWorker.java:startLogSegment(394)) - 1846ff5f-c0f8-47b1-8bb5-c6f8d49a7778@group-C4FC351EDEF1-SegmentedRaftLogWorker: Starting segment from index:0
2021-09-22 01:09:32,761 [EventQueue-OpenPipelineForHealthyPipelineSafeModeRule] INFO  safemode.SCMSafeModeManager (HealthyPipelineSafeModeRule.java:process(124)) - SCM in safe mode. Healthy pipelines reported count is 0, required healthy pipeline reported count is 1
2021-09-22 01:09:32,763 [1846ff5f-c0f8-47b1-8bb5-c6f8d49a7778@group-C4FC351EDEF1-SegmentedRaftLogWorker] INFO  segmented.SegmentedRaftLogWorker (SegmentedRaftLogWorker.java:execute(601)) - 1846ff5f-c0f8-47b1-8bb5-c6f8d49a7778@group-C4FC351EDEF1-SegmentedRaftLogWorker: created new log segment /home/runner/work/ozone/ozone/hadoop-ozone/integration-test/target/test-dir/MiniOzoneClusterImpl-25acc1c1-a8f2-4117-88d4-9d8f1e28eca9/datanode-6/data/ratis/941beb5a-db47-4f53-9f69-c4fc351edef1/current/log_inprogress_0
2021-09-22 01:09:32,770 [1846ff5f-c0f8-47b1-8bb5-c6f8d49a7778@group-C4FC351EDEF1-LeaderElection13] INFO  server.RaftServer$Division (ServerState.java:setRaftConf(387)) - 1846ff5f-c0f8-47b1-8bb5-c6f8d49a7778@group-C4FC351EDEF1: set configuration 0: [1846ff5f-c0f8-47b1-8bb5-c6f8d49a7778|rpc:10.1.0.5:36461|dataStream:|priority:1], old=null
2021-09-22 01:09:33,666 [Listener at 127.0.0.1/44817] INFO  ozone.MiniOzoneClusterImpl (MiniOzoneClusterImpl.java:lambda$waitForClusterToBeReady$0(235)) - Nodes are ready. Got 7 of 7 DN Heartbeats.
2021-09-22 01:09:33,667 [Listener at 127.0.0.1/44817] INFO  ozone.MiniOzoneClusterImpl (MiniOzoneClusterImpl.java:lambda$waitForClusterToBeReady$0(238)) - Waiting for cluster to exit safe mode
2021-09-22 01:09:33,667 [Listener at 127.0.0.1/44817] INFO  ozone.MiniOzoneClusterImpl (MiniOzoneClusterImpl.java:lambda$waitForClusterToBeReady$0(240)) - SCM became leader
2021-09-22 01:09:34,667 [Listener at 127.0.0.1/44817] INFO  ozone.MiniOzoneClusterImpl (MiniOzoneClusterImpl.java:lambda$waitForClusterToBeReady$0(235)) - Nodes are ready. Got 7 of 7 DN Heartbeats.
2021-09-22 01:09:34,667 [Listener at 127.0.0.1/44817] INFO  ozone.MiniOzoneClusterImpl (MiniOzoneClusterImpl.java:lambda$waitForClusterToBeReady$0(238)) - Waiting for cluster to exit safe mode
2021-09-22 01:09:34,667 [Listener at 127.0.0.1/44817] INFO  ozone.MiniOzoneClusterImpl (MiniOzoneClusterImpl.java:lambda$waitForClusterToBeReady$0(240)) - SCM became leader
2021-09-22 01:09:35,668 [Listener at 127.0.0.1/44817] INFO  ozone.MiniOzoneClusterImpl (MiniOzoneClusterImpl.java:lambda$waitForClusterToBeReady$0(235)) - Nodes are ready. Got 7 of 7 DN Heartbeats.
2021-09-22 01:09:35,668 [Listener at 127.0.0.1/44817] INFO  ozone.MiniOzoneClusterImpl (MiniOzoneClusterImpl.java:lambda$waitForClusterToBeReady$0(238)) - Waiting for cluster to exit safe mode
2021-09-22 01:09:35,668 [Listener at 127.0.0.1/44817] INFO  ozone.MiniOzoneClusterImpl (MiniOzoneClusterImpl.java:lambda$waitForClusterToBeReady$0(240)) - SCM became leader
2021-09-22 01:09:36,337 [e58ea0e2-171c-4fa7-a930-6c25c8dc249c@group-C62B115EB3BF-FollowerState] INFO  impl.FollowerState (FollowerState.java:run(134)) - e58ea0e2-171c-4fa7-a930-6c25c8dc249c@group-C62B115EB3BF-FollowerState: change to CANDIDATE, lastRpcElapsedTime:5030190366ns, electionTimeout:5028ms
2021-09-22 01:09:36,337 [e58ea0e2-171c-4fa7-a930-6c25c8dc249c@group-C62B115EB3BF-FollowerState] INFO  impl.RoleInfo (RoleInfo.java:shutdownFollowerState(108)) - e58ea0e2-171c-4fa7-a930-6c25c8dc249c: shutdown e58ea0e2-171c-4fa7-a930-6c25c8dc249c@group-C62B115EB3BF-FollowerState
2021-09-22 01:09:36,337 [e58ea0e2-171c-4fa7-a930-6c25c8dc249c@group-C62B115EB3BF-FollowerState] INFO  server.RaftServer$Division (RaftServerImpl.java:setRole(285)) - e58ea0e2-171c-4fa7-a930-6c25c8dc249c@group-C62B115EB3BF: changes role from  FOLLOWER to CANDIDATE at term 1 for changeToCandidate
2021-09-22 01:09:36,338 [e58ea0e2-171c-4fa7-a930-6c25c8dc249c@group-C62B115EB3BF-FollowerState] INFO  server.RaftServerConfigKeys (ConfUtils.java:logGet(44)) - raft.server.leaderelection.pre-vote = false (custom)
2021-09-22 01:09:36,338 [e58ea0e2-171c-4fa7-a930-6c25c8dc249c@group-C62B115EB3BF-FollowerState] INFO  impl.RoleInfo (RoleInfo.java:updateAndGet(130)) - e58ea0e2-171c-4fa7-a930-6c25c8dc249c: start e58ea0e2-171c-4fa7-a930-6c25c8dc249c@group-C62B115EB3BF-LeaderElection14
2021-09-22 01:09:36,341 [e58ea0e2-171c-4fa7-a930-6c25c8dc249c@group-C62B115EB3BF-LeaderElection14] INFO  impl.LeaderElection (LeaderElection.java:askForVotes(306)) - e58ea0e2-171c-4fa7-a930-6c25c8dc249c@group-C62B115EB3BF-LeaderElection14 ELECTION round 0: submit vote requests at term 2 for -1: [e58ea0e2-171c-4fa7-a930-6c25c8dc249c|rpc:10.1.0.5:36231|priority:1, 9a2eaa79-e95b-45cd-b00f-a46126e2769a|rpc:10.1.0.5:42817|priority:0, 5dfa4197-3b4e-4728-abf2-2d416eda6cfb|rpc:10.1.0.5:45155|priority:0], old=null
2021-09-22 01:09:36,345 [grpc-default-executor-0] INFO  server.RaftServer$Division (RaftServerImpl.java:requestVote(1043)) - 9a2eaa79-e95b-45cd-b00f-a46126e2769a@group-C62B115EB3BF: receive requestVote(ELECTION, e58ea0e2-171c-4fa7-a930-6c25c8dc249c, group-C62B115EB3BF, 2, (t:0, i:0))
2021-09-22 01:09:36,345 [grpc-default-executor-0] INFO  impl.VoteContext (VoteContext.java:log(48)) - 9a2eaa79-e95b-45cd-b00f-a46126e2769a@group-C62B115EB3BF-FOLLOWER: accept ELECTION from e58ea0e2-171c-4fa7-a930-6c25c8dc249c: our priority 0 <= candidate's priority 1
2021-09-22 01:09:36,346 [grpc-default-executor-0] INFO  server.RaftServer$Division (RaftServerImpl.java:setRole(285)) - 9a2eaa79-e95b-45cd-b00f-a46126e2769a@group-C62B115EB3BF: changes role from  FOLLOWER to FOLLOWER at term 2 for candidate:e58ea0e2-171c-4fa7-a930-6c25c8dc249c
2021-09-22 01:09:36,346 [grpc-default-executor-0] INFO  impl.RoleInfo (RoleInfo.java:shutdownFollowerState(108)) - 9a2eaa79-e95b-45cd-b00f-a46126e2769a: shutdown 9a2eaa79-e95b-45cd-b00f-a46126e2769a@group-C62B115EB3BF-FollowerState
2021-09-22 01:09:36,346 [grpc-default-executor-0] INFO  impl.RoleInfo (RoleInfo.java:updateAndGet(130)) - 9a2eaa79-e95b-45cd-b00f-a46126e2769a: start 9a2eaa79-e95b-45cd-b00f-a46126e2769a@group-C62B115EB3BF-FollowerState
2021-09-22 01:09:36,346 [9a2eaa79-e95b-45cd-b00f-a46126e2769a@group-C62B115EB3BF-FollowerState] INFO  impl.FollowerState (FollowerState.java:run(143)) - 9a2eaa79-e95b-45cd-b00f-a46126e2769a@group-C62B115EB3BF-FollowerState was interrupted: {}
java.lang.InterruptedException: sleep interrupted
	at java.lang.Thread.sleep(Native Method)
	at java.lang.Thread.sleep(Thread.java:340)
	at java.util.concurrent.TimeUnit.sleep(TimeUnit.java:386)
	at org.apache.ratis.util.TimeDuration.sleep(TimeDuration.java:324)
	at org.apache.ratis.util.TimeDuration.sleep(TimeDuration.java:309)
	at org.apache.ratis.server.impl.FollowerState.run(FollowerState.java:118)
2021-09-22 01:09:36,348 [grpc-default-executor-1] INFO  server.RaftServer$Division (RaftServerImpl.java:requestVote(1043)) - 5dfa4197-3b4e-4728-abf2-2d416eda6cfb@group-C62B115EB3BF: receive requestVote(ELECTION, e58ea0e2-171c-4fa7-a930-6c25c8dc249c, group-C62B115EB3BF, 2, (t:0, i:0))
2021-09-22 01:09:36,348 [grpc-default-executor-1] INFO  impl.VoteContext (VoteContext.java:log(48)) - 5dfa4197-3b4e-4728-abf2-2d416eda6cfb@group-C62B115EB3BF-FOLLOWER: accept ELECTION from e58ea0e2-171c-4fa7-a930-6c25c8dc249c: our priority 0 <= candidate's priority 1
2021-09-22 01:09:36,348 [grpc-default-executor-1] INFO  server.RaftServer$Division (RaftServerImpl.java:setRole(285)) - 5dfa4197-3b4e-4728-abf2-2d416eda6cfb@group-C62B115EB3BF: changes role from  FOLLOWER to FOLLOWER at term 2 for candidate:e58ea0e2-171c-4fa7-a930-6c25c8dc249c
2021-09-22 01:09:36,348 [grpc-default-executor-1] INFO  impl.RoleInfo (RoleInfo.java:shutdownFollowerState(108)) - 5dfa4197-3b4e-4728-abf2-2d416eda6cfb: shutdown 5dfa4197-3b4e-4728-abf2-2d416eda6cfb@group-C62B115EB3BF-FollowerState
2021-09-22 01:09:36,348 [grpc-default-executor-1] INFO  impl.RoleInfo (RoleInfo.java:updateAndGet(130)) - 5dfa4197-3b4e-4728-abf2-2d416eda6cfb: start 5dfa4197-3b4e-4728-abf2-2d416eda6cfb@group-C62B115EB3BF-FollowerState
2021-09-22 01:09:36,348 [5dfa4197-3b4e-4728-abf2-2d416eda6cfb@group-C62B115EB3BF-FollowerState] INFO  impl.FollowerState (FollowerState.java:run(143)) - 5dfa4197-3b4e-4728-abf2-2d416eda6cfb@group-C62B115EB3BF-FollowerState was interrupted: {}
java.lang.InterruptedException: sleep interrupted
	at java.lang.Thread.sleep(Native Method)
	at java.lang.Thread.sleep(Thread.java:340)
	at java.util.concurrent.TimeUnit.sleep(TimeUnit.java:386)
	at org.apache.ratis.util.TimeDuration.sleep(TimeDuration.java:324)
	at org.apache.ratis.util.TimeDuration.sleep(TimeDuration.java:309)
	at org.apache.ratis.server.impl.FollowerState.run(FollowerState.java:118)
2021-09-22 01:09:36,348 [grpc-default-executor-0] INFO  server.RaftServer$Division (RaftServerImpl.java:requestVote(1075)) - 9a2eaa79-e95b-45cd-b00f-a46126e2769a@group-C62B115EB3BF replies to ELECTION vote request: e58ea0e2-171c-4fa7-a930-6c25c8dc249c<-9a2eaa79-e95b-45cd-b00f-a46126e2769a#0:OK-t2. Peer's state: 9a2eaa79-e95b-45cd-b00f-a46126e2769a@group-C62B115EB3BF:t2, leader=null, voted=e58ea0e2-171c-4fa7-a930-6c25c8dc249c, raftlog=9a2eaa79-e95b-45cd-b00f-a46126e2769a@group-C62B115EB3BF-SegmentedRaftLog:OPENED:c-1,f-1,i0, conf=-1: [e58ea0e2-171c-4fa7-a930-6c25c8dc249c|rpc:10.1.0.5:36231|dataStream:|priority:1, 9a2eaa79-e95b-45cd-b00f-a46126e2769a|rpc:10.1.0.5:42817|dataStream:|priority:0, 5dfa4197-3b4e-4728-abf2-2d416eda6cfb|rpc:10.1.0.5:45155|dataStream:|priority:0], old=null
2021-09-22 01:09:36,352 [grpc-default-executor-1] INFO  server.RaftServer$Division (RaftServerImpl.java:requestVote(1075)) - 5dfa4197-3b4e-4728-abf2-2d416eda6cfb@group-C62B115EB3BF replies to ELECTION vote request: e58ea0e2-171c-4fa7-a930-6c25c8dc249c<-5dfa4197-3b4e-4728-abf2-2d416eda6cfb#0:OK-t2. Peer's state: 5dfa4197-3b4e-4728-abf2-2d416eda6cfb@group-C62B115EB3BF:t2, leader=null, voted=e58ea0e2-171c-4fa7-a930-6c25c8dc249c, raftlog=5dfa4197-3b4e-4728-abf2-2d416eda6cfb@group-C62B115EB3BF-SegmentedRaftLog:OPENED:c-1,f-1,i0, conf=-1: [e58ea0e2-171c-4fa7-a930-6c25c8dc249c|rpc:10.1.0.5:36231|priority:1, 9a2eaa79-e95b-45cd-b00f-a46126e2769a|rpc:10.1.0.5:42817|priority:0, 5dfa4197-3b4e-4728-abf2-2d416eda6cfb|rpc:10.1.0.5:45155|priority:0], old=null
2021-09-22 01:09:36,355 [e58ea0e2-171c-4fa7-a930-6c25c8dc249c@group-C62B115EB3BF-LeaderElection14] INFO  impl.LeaderElection (LeaderElection.java:logAndReturn(89)) - e58ea0e2-171c-4fa7-a930-6c25c8dc249c@group-C62B115EB3BF-LeaderElection14: ELECTION PASSED received 1 response(s) and 0 exception(s):
2021-09-22 01:09:36,356 [e58ea0e2-171c-4fa7-a930-6c25c8dc249c@group-C62B115EB3BF-LeaderElection14] INFO  impl.LeaderElection (LeaderElection.java:logAndReturn(93)) -   Response 0: e58ea0e2-171c-4fa7-a930-6c25c8dc249c<-9a2eaa79-e95b-45cd-b00f-a46126e2769a#0:OK-t2
2021-09-22 01:09:36,356 [e58ea0e2-171c-4fa7-a930-6c25c8dc249c@group-C62B115EB3BF-LeaderElection14] INFO  impl.LeaderElection (LeaderElection.java:askForVotes(308)) - e58ea0e2-171c-4fa7-a930-6c25c8dc249c@group-C62B115EB3BF-LeaderElection14 ELECTION round 0: result PASSED
2021-09-22 01:09:36,356 [e58ea0e2-171c-4fa7-a930-6c25c8dc249c@group-C62B115EB3BF-LeaderElection14] INFO  impl.RoleInfo (RoleInfo.java:shutdownLeaderElection(121)) - e58ea0e2-171c-4fa7-a930-6c25c8dc249c: shutdown e58ea0e2-171c-4fa7-a930-6c25c8dc249c@group-C62B115EB3BF-LeaderElection14
2021-09-22 01:09:36,356 [e58ea0e2-171c-4fa7-a930-6c25c8dc249c@group-C62B115EB3BF-LeaderElection14] INFO  server.RaftServer$Division (RaftServerImpl.java:setRole(285)) - e58ea0e2-171c-4fa7-a930-6c25c8dc249c@group-C62B115EB3BF: changes role from CANDIDATE to LEADER at term 2 for changeToLeader
2021-09-22 01:09:36,356 [e58ea0e2-171c-4fa7-a930-6c25c8dc249c@group-C62B115EB3BF-LeaderElection14] INFO  ratis.XceiverServerRatis (XceiverServerRatis.java:handleLeaderChangedNotification(860)) - Leader change notification received for group: group-C62B115EB3BF with new leaderId: e58ea0e2-171c-4fa7-a930-6c25c8dc249c
2021-09-22 01:09:36,356 [e58ea0e2-171c-4fa7-a930-6c25c8dc249c@group-C62B115EB3BF-LeaderElection14] INFO  server.RaftServer$Division (ServerState.java:setLeader(285)) - e58ea0e2-171c-4fa7-a930-6c25c8dc249c@group-C62B115EB3BF: change Leader from null to e58ea0e2-171c-4fa7-a930-6c25c8dc249c at term 2 for becomeLeader, leader elected after 9952ms
2021-09-22 01:09:36,356 [e58ea0e2-171c-4fa7-a930-6c25c8dc249c@group-C62B115EB3BF-LeaderElection14] INFO  server.RaftServerConfigKeys (ConfUtils.java:logGet(44)) - raft.server.staging.catchup.gap = 1000 (default)
2021-09-22 01:09:36,356 [e58ea0e2-171c-4fa7-a930-6c25c8dc249c@group-C62B115EB3BF-LeaderElection14] INFO  server.RaftServerConfigKeys (ConfUtils.java:logGet(44)) - raft.server.write.element-limit = 1024 (custom)
2021-09-22 01:09:36,356 [e58ea0e2-171c-4fa7-a930-6c25c8dc249c@group-C62B115EB3BF-LeaderElection14] INFO  server.RaftServerConfigKeys (ConfUtils.java:logGet(44)) - raft.server.write.byte-limit = 1024 M (=1073741824) (custom)
2021-09-22 01:09:36,358 [e58ea0e2-171c-4fa7-a930-6c25c8dc249c@group-C62B115EB3BF-LeaderElection14] INFO  server.RaftServerConfigKeys (ConfUtils.java:logGet(44)) - raft.server.watch.timeout = 3000ms (custom)
2021-09-22 01:09:36,358 [e58ea0e2-171c-4fa7-a930-6c25c8dc249c@group-C62B115EB3BF-LeaderElection14] INFO  server.RaftServerConfigKeys (ConfUtils.java:logGet(44)) - raft.server.watch.timeout.denomination = 1s (default)
2021-09-22 01:09:36,358 [e58ea0e2-171c-4fa7-a930-6c25c8dc249c@group-C62B115EB3BF-LeaderElection14] INFO  server.RaftServerConfigKeys (ConfUtils.java:logGet(44)) - raft.server.watch.element-limit = 65536 (default)
2021-09-22 01:09:36,358 [EventQueue-PipelineReportForPipelineReportHandler] INFO  pipeline.PipelineManagerImpl (PipelineManagerImpl.java:openPipeline(282)) - Pipeline Pipeline[ Id: 4f78cfb6-f575-4110-97bf-c62b115eb3bf, Nodes: 5dfa4197-3b4e-4728-abf2-2d416eda6cfb{ip: 10.1.0.5, host: fv-az294-326.eaanfquahm5ulb5tj050gcxych.jx.internal.cloudapp.net, ports: [REPLICATION=41851, RATIS=45155, RATIS_ADMIN=45155, RATIS_SERVER=45155, STANDALONE=33797], networkLocation: /default-rack, certSerialId: null, persistedOpState: IN_SERVICE, persistedOpStateExpiryEpochSec: 0}9a2eaa79-e95b-45cd-b00f-a46126e2769a{ip: 10.1.0.5, host: fv-az294-326.eaanfquahm5ulb5tj050gcxych.jx.internal.cloudapp.net, ports: [REPLICATION=43617, RATIS=42817, RATIS_ADMIN=42817, RATIS_SERVER=42817, STANDALONE=35193], networkLocation: /default-rack, certSerialId: null, persistedOpState: IN_SERVICE, persistedOpStateExpiryEpochSec: 0}e58ea0e2-171c-4fa7-a930-6c25c8dc249c{ip: 10.1.0.5, host: fv-az294-326.eaanfquahm5ulb5tj050gcxych.jx.internal.cloudapp.net, ports: [REPLICATION=44987, RATIS=36231, RATIS_ADMIN=36231, RATIS_SERVER=36231, STANDALONE=33533], networkLocation: /default-rack, certSerialId: null, persistedOpState: IN_SERVICE, persistedOpStateExpiryEpochSec: 0}, ReplicationConfig: RATIS/THREE, State:ALLOCATED, leaderId:e58ea0e2-171c-4fa7-a930-6c25c8dc249c, CreationTimestamp2021-09-22T01:09:23.889Z[Etc/UTC]] moved to OPEN state
2021-09-22 01:09:36,357 [Datanode State Machine Thread - 0] WARN  statemachine.StateContext (StateContext.java:execute(621)) - No available thread in pool for past 1 seconds.
2021-09-22 01:09:36,358 [EventQueue-OpenPipelineForHealthyPipelineSafeModeRule] INFO  safemode.SCMSafeModeManager (HealthyPipelineSafeModeRule.java:process(124)) - SCM in safe mode. Healthy pipelines reported count is 0, required healthy pipeline reported count is 1
2021-09-22 01:09:36,362 [EventQueue-OpenPipelineForHealthyPipelineSafeModeRule] INFO  safemode.SCMSafeModeManager (HealthyPipelineSafeModeRule.java:process(124)) - SCM in safe mode. Healthy pipelines reported count is 1, required healthy pipeline reported count is 1
2021-09-22 01:09:36,362 [EventQueue-OpenPipelineForHealthyPipelineSafeModeRule] INFO  safemode.SCMSafeModeManager (SCMSafeModeManager.java:validateSafeModeExitRules(204)) - HealthyPipelineSafeModeRule rule is successfully validated
2021-09-22 01:09:36,362 [EventQueue-OpenPipelineForHealthyPipelineSafeModeRule] INFO  safemode.SCMSafeModeManager (SCMSafeModeManager.java:validateSafeModeExitRules(219)) - ScmSafeModeManager, all rules are successfully validated
2021-09-22 01:09:36,362 [EventQueue-OpenPipelineForHealthyPipelineSafeModeRule] INFO  safemode.SCMSafeModeManager (SCMSafeModeManager.java:exitSafeMode(248)) - SCM exiting safe mode.
2021-09-22 01:09:36,362 [EventQueue-OpenPipelineForHealthyPipelineSafeModeRule] WARN  events.EventQueue (EventQueue.java:fireEvent(194)) - No event handler registered for event TypedEvent{payloadType=SafeModeStatus, name='Safe mode status'}
2021-09-22 01:09:36,362 [EventQueue-OpenPipelineForHealthyPipelineSafeModeRule] INFO  ha.SCMContext (SCMContext.java:updateSafeModeStatus(205)) - Update SafeModeStatus from SafeModeStatus{safeModeStatus=true, preCheckPassed=true} to SafeModeStatus{safeModeStatus=false, preCheckPassed=true}.
2021-09-22 01:09:36,362 [EventQueue-OpenPipelineForHealthyPipelineSafeModeRule] INFO  pipeline.BackgroundPipelineCreator (BackgroundPipelineCreatorV2.java:notifyStatusChanged(264)) - Service BackgroundPipelineCreator transitions to RUNNING.
2021-09-22 01:09:36,362 [EventQueue-OpenPipelineForHealthyPipelineSafeModeRule] INFO  container.ReplicationManager (ReplicationManager.java:notifyStatusChanged(1743)) - Service ReplicationManager transitions to RUNNING.
2021-09-22 01:09:36,390 [e58ea0e2-171c-4fa7-a930-6c25c8dc249c@group-C62B115EB3BF-LeaderElection14] INFO  server.RaftServerConfigKeys (ConfUtils.java:logGet(44)) - raft.server.log.appender.snapshot.chunk.size.max = 16MB (=16777216) (default)
2021-09-22 01:09:36,390 [e58ea0e2-171c-4fa7-a930-6c25c8dc249c@group-C62B115EB3BF-LeaderElection14] INFO  server.RaftServerConfigKeys (ConfUtils.java:logGet(44)) - raft.server.log.appender.buffer.byte-limit = 33554432 (custom)
2021-09-22 01:09:36,391 [e58ea0e2-171c-4fa7-a930-6c25c8dc249c@group-C62B115EB3BF-LeaderElection14] INFO  server.RaftServerConfigKeys (ConfUtils.java:logGet(44)) - raft.server.log.appender.buffer.element-limit = 1 (custom)
2021-09-22 01:09:36,393 [e58ea0e2-171c-4fa7-a930-6c25c8dc249c@group-C62B115EB3BF-LeaderElection14] INFO  grpc.GrpcConfigKeys (ConfUtils.java:logGet(44)) - raft.grpc.server.leader.outstanding.appends.max = 128 (default)
2021-09-22 01:09:36,393 [e58ea0e2-171c-4fa7-a930-6c25c8dc249c@group-C62B115EB3BF-LeaderElection14] INFO  server.RaftServerConfigKeys (ConfUtils.java:logGet(44)) - raft.server.rpc.request.timeout = 3000ms (default)
2021-09-22 01:09:36,393 [e58ea0e2-171c-4fa7-a930-6c25c8dc249c@group-C62B115EB3BF-LeaderElection14] INFO  server.RaftServerConfigKeys (ConfUtils.java:logGet(44)) - raft.server.log.appender.install.snapshot.enabled = false (custom)
2021-09-22 01:09:36,397 [e58ea0e2-171c-4fa7-a930-6c25c8dc249c@group-C62B115EB3BF-LeaderElection14] INFO  server.RaftServerConfigKeys (ConfUtils.java:logGet(44)) - raft.server.log.appender.snapshot.chunk.size.max = 16MB (=16777216) (default)
2021-09-22 01:09:36,397 [e58ea0e2-171c-4fa7-a930-6c25c8dc249c@group-C62B115EB3BF-LeaderElection14] INFO  server.RaftServerConfigKeys (ConfUtils.java:logGet(44)) - raft.server.log.appender.buffer.byte-limit = 33554432 (custom)
2021-09-22 01:09:36,398 [e58ea0e2-171c-4fa7-a930-6c25c8dc249c@group-C62B115EB3BF-LeaderElection14] INFO  server.RaftServerConfigKeys (ConfUtils.java:logGet(44)) - raft.server.log.appender.buffer.element-limit = 1 (custom)
2021-09-22 01:09:36,398 [e58ea0e2-171c-4fa7-a930-6c25c8dc249c@group-C62B115EB3BF-LeaderElection14] INFO  grpc.GrpcConfigKeys (ConfUtils.java:logGet(44)) - raft.grpc.server.leader.outstanding.appends.max = 128 (default)
2021-09-22 01:09:36,398 [e58ea0e2-171c-4fa7-a930-6c25c8dc249c@group-C62B115EB3BF-LeaderElection14] INFO  server.RaftServerConfigKeys (ConfUtils.java:logGet(44)) - raft.server.rpc.request.timeout = 3000ms (default)
2021-09-22 01:09:36,398 [e58ea0e2-171c-4fa7-a930-6c25c8dc249c@group-C62B115EB3BF-LeaderElection14] INFO  server.RaftServerConfigKeys (ConfUtils.java:logGet(44)) - raft.server.log.appender.install.snapshot.enabled = false (custom)
2021-09-22 01:09:36,399 [e58ea0e2-171c-4fa7-a930-6c25c8dc249c@group-C62B115EB3BF-LeaderElection14] INFO  impl.RoleInfo (RoleInfo.java:updateAndGet(130)) - e58ea0e2-171c-4fa7-a930-6c25c8dc249c: start e58ea0e2-171c-4fa7-a930-6c25c8dc249c@group-C62B115EB3BF-LeaderStateImpl
2021-09-22 01:09:36,400 [e58ea0e2-171c-4fa7-a930-6c25c8dc249c@group-C62B115EB3BF-LeaderElection14] INFO  segmented.SegmentedRaftLogWorker (SegmentedRaftLogWorker.java:startLogSegment(394)) - e58ea0e2-171c-4fa7-a930-6c25c8dc249c@group-C62B115EB3BF-SegmentedRaftLogWorker: Starting segment from index:0
2021-09-22 01:09:36,401 [e58ea0e2-171c-4fa7-a930-6c25c8dc249c@group-C62B115EB3BF-SegmentedRaftLogWorker] INFO  segmented.SegmentedRaftLogWorker (SegmentedRaftLogWorker.java:execute(601)) - e58ea0e2-171c-4fa7-a930-6c25c8dc249c@group-C62B115EB3BF-SegmentedRaftLogWorker: created new log segment /home/runner/work/ozone/ozone/hadoop-ozone/integration-test/target/test-dir/MiniOzoneClusterImpl-25acc1c1-a8f2-4117-88d4-9d8f1e28eca9/datanode-1/data/ratis/4f78cfb6-f575-4110-97bf-c62b115eb3bf/current/log_inprogress_0
2021-09-22 01:09:36,411 [e58ea0e2-171c-4fa7-a930-6c25c8dc249c@group-C62B115EB3BF-LeaderElection14] INFO  server.RaftServer$Division (ServerState.java:setRaftConf(387)) - e58ea0e2-171c-4fa7-a930-6c25c8dc249c@group-C62B115EB3BF: set configuration 0: [e58ea0e2-171c-4fa7-a930-6c25c8dc249c|rpc:10.1.0.5:36231|dataStream:|priority:1, 9a2eaa79-e95b-45cd-b00f-a46126e2769a|rpc:10.1.0.5:42817|dataStream:|priority:0, 5dfa4197-3b4e-4728-abf2-2d416eda6cfb|rpc:10.1.0.5:45155|dataStream:|priority:0], old=null
2021-09-22 01:09:36,419 [grpc-default-executor-0] INFO  ratis.XceiverServerRatis (XceiverServerRatis.java:handleLeaderChangedNotification(860)) - Leader change notification received for group: group-C62B115EB3BF with new leaderId: e58ea0e2-171c-4fa7-a930-6c25c8dc249c
2021-09-22 01:09:36,419 [grpc-default-executor-0] INFO  server.RaftServer$Division (ServerState.java:setLeader(285)) - 9a2eaa79-e95b-45cd-b00f-a46126e2769a@group-C62B115EB3BF: change Leader from null to e58ea0e2-171c-4fa7-a930-6c25c8dc249c at term 2 for appendEntries, leader elected after 9664ms
2021-09-22 01:09:36,424 [grpc-default-executor-2] INFO  ratis.XceiverServerRatis (XceiverServerRatis.java:handleLeaderChangedNotification(860)) - Leader change notification received for group: group-C62B115EB3BF with new leaderId: e58ea0e2-171c-4fa7-a930-6c25c8dc249c
2021-09-22 01:09:36,424 [grpc-default-executor-2] INFO  server.RaftServer$Division (ServerState.java:setLeader(285)) - 5dfa4197-3b4e-4728-abf2-2d416eda6cfb@group-C62B115EB3BF: change Leader from null to e58ea0e2-171c-4fa7-a930-6c25c8dc249c at term 2 for appendEntries, leader elected after 10238ms
2021-09-22 01:09:36,446 [grpc-default-executor-0] INFO  server.RaftServer$Division (ServerState.java:setRaftConf(387)) - 9a2eaa79-e95b-45cd-b00f-a46126e2769a@group-C62B115EB3BF: set configuration 0: [e58ea0e2-171c-4fa7-a930-6c25c8dc249c|rpc:10.1.0.5:36231|dataStream:|priority:1, 9a2eaa79-e95b-45cd-b00f-a46126e2769a|rpc:10.1.0.5:42817|dataStream:|priority:0, 5dfa4197-3b4e-4728-abf2-2d416eda6cfb|rpc:10.1.0.5:45155|dataStream:|priority:0], old=null
2021-09-22 01:09:36,447 [grpc-default-executor-0] INFO  segmented.SegmentedRaftLogWorker (SegmentedRaftLogWorker.java:startLogSegment(394)) - 9a2eaa79-e95b-45cd-b00f-a46126e2769a@group-C62B115EB3BF-SegmentedRaftLogWorker: Starting segment from index:0
2021-09-22 01:09:36,447 [grpc-default-executor-1] INFO  server.RaftServer$Division (ServerState.java:setRaftConf(387)) - 5dfa4197-3b4e-4728-abf2-2d416eda6cfb@group-C62B115EB3BF: set configuration 0: [e58ea0e2-171c-4fa7-a930-6c25c8dc249c|rpc:10.1.0.5:36231|dataStream:|priority:1, 9a2eaa79-e95b-45cd-b00f-a46126e2769a|rpc:10.1.0.5:42817|dataStream:|priority:0, 5dfa4197-3b4e-4728-abf2-2d416eda6cfb|rpc:10.1.0.5:45155|dataStream:|priority:0], old=null
2021-09-22 01:09:36,448 [grpc-default-executor-1] INFO  segmented.SegmentedRaftLogWorker (SegmentedRaftLogWorker.java:startLogSegment(394)) - 5dfa4197-3b4e-4728-abf2-2d416eda6cfb@group-C62B115EB3BF-SegmentedRaftLogWorker: Starting segment from index:0
2021-09-22 01:09:36,449 [5dfa4197-3b4e-4728-abf2-2d416eda6cfb@group-C62B115EB3BF-SegmentedRaftLogWorker] INFO  segmented.SegmentedRaftLogWorker (SegmentedRaftLogWorker.java:execute(601)) - 5dfa4197-3b4e-4728-abf2-2d416eda6cfb@group-C62B115EB3BF-SegmentedRaftLogWorker: created new log segment /home/runner/work/ozone/ozone/hadoop-ozone/integration-test/target/test-dir/MiniOzoneClusterImpl-25acc1c1-a8f2-4117-88d4-9d8f1e28eca9/datanode-0/data/ratis/4f78cfb6-f575-4110-97bf-c62b115eb3bf/current/log_inprogress_0
2021-09-22 01:09:36,450 [9a2eaa79-e95b-45cd-b00f-a46126e2769a@group-C62B115EB3BF-SegmentedRaftLogWorker] INFO  segmented.SegmentedRaftLogWorker (SegmentedRaftLogWorker.java:execute(601)) - 9a2eaa79-e95b-45cd-b00f-a46126e2769a@group-C62B115EB3BF-SegmentedRaftLogWorker: created new log segment /home/runner/work/ozone/ozone/hadoop-ozone/integration-test/target/test-dir/MiniOzoneClusterImpl-25acc1c1-a8f2-4117-88d4-9d8f1e28eca9/datanode-2/data/ratis/4f78cfb6-f575-4110-97bf-c62b115eb3bf/current/log_inprogress_0
2021-09-22 01:09:36,669 [Listener at 127.0.0.1/44817] INFO  ozone.MiniOzoneClusterImpl (MiniOzoneClusterImpl.java:lambda$waitForClusterToBeReady$0(235)) - Nodes are ready. Got 7 of 7 DN Heartbeats.
2021-09-22 01:09:36,669 [Listener at 127.0.0.1/44817] INFO  ozone.MiniOzoneClusterImpl (MiniOzoneClusterImpl.java:lambda$waitForClusterToBeReady$0(238)) - Cluster exits safe mode
2021-09-22 01:09:36,669 [Listener at 127.0.0.1/44817] INFO  ozone.MiniOzoneClusterImpl (MiniOzoneClusterImpl.java:lambda$waitForClusterToBeReady$0(240)) - SCM became leader
2021-09-22 01:09:37,056 [Listener at 127.0.0.1/44817] INFO  rpc.RpcClient (RpcClient.java:createVolume(342)) - Creating Volume: testblockoutputstream, with runner as owner and space quota set to -1 bytes, counts quota set to -1
2021-09-22 01:09:37,100 [OM StateMachine ApplyTransaction Thread - 0] INFO  volume.OMVolumeCreateRequest (OMVolumeCreateRequest.java:validateAndUpdateCache(195)) - created volume:testblockoutputstream for user:runner
2021-09-22 01:09:37,129 [9a2eaa79-e95b-45cd-b00f-a46126e2769a@group-2C2F94D327A1-FollowerState] INFO  impl.FollowerState (FollowerState.java:run(134)) - 9a2eaa79-e95b-45cd-b00f-a46126e2769a@group-2C2F94D327A1-FollowerState: change to CANDIDATE, lastRpcElapsedTime:5090639065ns, electionTimeout:5082ms
2021-09-22 01:09:37,129 [9a2eaa79-e95b-45cd-b00f-a46126e2769a@group-2C2F94D327A1-FollowerState] INFO  impl.RoleInfo (RoleInfo.java:shutdownFollowerState(108)) - 9a2eaa79-e95b-45cd-b00f-a46126e2769a: shutdown 9a2eaa79-e95b-45cd-b00f-a46126e2769a@group-2C2F94D327A1-FollowerState
2021-09-22 01:09:37,129 [9a2eaa79-e95b-45cd-b00f-a46126e2769a@group-2C2F94D327A1-FollowerState] INFO  server.RaftServer$Division (RaftServerImpl.java:setRole(285)) - 9a2eaa79-e95b-45cd-b00f-a46126e2769a@group-2C2F94D327A1: changes role from  FOLLOWER to CANDIDATE at term 1 for changeToCandidate
2021-09-22 01:09:37,129 [9a2eaa79-e95b-45cd-b00f-a46126e2769a@group-2C2F94D327A1-FollowerState] INFO  server.RaftServerConfigKeys (ConfUtils.java:logGet(44)) - raft.server.leaderelection.pre-vote = false (custom)
2021-09-22 01:09:37,129 [9a2eaa79-e95b-45cd-b00f-a46126e2769a@group-2C2F94D327A1-FollowerState] INFO  impl.RoleInfo (RoleInfo.java:updateAndGet(130)) - 9a2eaa79-e95b-45cd-b00f-a46126e2769a: start 9a2eaa79-e95b-45cd-b00f-a46126e2769a@group-2C2F94D327A1-LeaderElection15
2021-09-22 01:09:37,131 [Listener at 127.0.0.1/44817] INFO  rpc.RpcClient (RpcClient.java:createBucket(502)) - Creating Bucket: testblockoutputstream/testblockoutputstream, with Versioning false and Storage Type set to DISK and Encryption set to false 
2021-09-22 01:09:37,143 [9a2eaa79-e95b-45cd-b00f-a46126e2769a@group-2C2F94D327A1-LeaderElection15] INFO  impl.LeaderElection (LeaderElection.java:askForVotes(306)) - 9a2eaa79-e95b-45cd-b00f-a46126e2769a@group-2C2F94D327A1-LeaderElection15 ELECTION round 0: submit vote requests at term 2 for -1: [e58ea0e2-171c-4fa7-a930-6c25c8dc249c|rpc:10.1.0.5:36231|priority:0, 9a2eaa79-e95b-45cd-b00f-a46126e2769a|rpc:10.1.0.5:42817|priority:1, 5dfa4197-3b4e-4728-abf2-2d416eda6cfb|rpc:10.1.0.5:45155|priority:0], old=null
2021-09-22 01:09:37,189 [grpc-default-executor-1] INFO  server.RaftServer$Division (RaftServerImpl.java:requestVote(1043)) - e58ea0e2-171c-4fa7-a930-6c25c8dc249c@group-2C2F94D327A1: receive requestVote(ELECTION, 9a2eaa79-e95b-45cd-b00f-a46126e2769a, group-2C2F94D327A1, 2, (t:0, i:0))
2021-09-22 01:09:37,189 [grpc-default-executor-1] INFO  impl.VoteContext (VoteContext.java:log(48)) - e58ea0e2-171c-4fa7-a930-6c25c8dc249c@group-2C2F94D327A1-FOLLOWER: accept ELECTION from 9a2eaa79-e95b-45cd-b00f-a46126e2769a: our priority 0 <= candidate's priority 1
2021-09-22 01:09:37,189 [grpc-default-executor-1] INFO  server.RaftServer$Division (RaftServerImpl.java:setRole(285)) - e58ea0e2-171c-4fa7-a930-6c25c8dc249c@group-2C2F94D327A1: changes role from  FOLLOWER to FOLLOWER at term 2 for candidate:9a2eaa79-e95b-45cd-b00f-a46126e2769a
2021-09-22 01:09:37,189 [grpc-default-executor-1] INFO  impl.RoleInfo (RoleInfo.java:shutdownFollowerState(108)) - e58ea0e2-171c-4fa7-a930-6c25c8dc249c: shutdown e58ea0e2-171c-4fa7-a930-6c25c8dc249c@group-2C2F94D327A1-FollowerState
2021-09-22 01:09:37,189 [grpc-default-executor-1] INFO  impl.RoleInfo (RoleInfo.java:updateAndGet(130)) - e58ea0e2-171c-4fa7-a930-6c25c8dc249c: start e58ea0e2-171c-4fa7-a930-6c25c8dc249c@group-2C2F94D327A1-FollowerState
2021-09-22 01:09:37,189 [e58ea0e2-171c-4fa7-a930-6c25c8dc249c@group-2C2F94D327A1-FollowerState] INFO  impl.FollowerState (FollowerState.java:run(143)) - e58ea0e2-171c-4fa7-a930-6c25c8dc249c@group-2C2F94D327A1-FollowerState was interrupted: {}
java.lang.InterruptedException: sleep interrupted
	at java.lang.Thread.sleep(Native Method)
	at java.lang.Thread.sleep(Thread.java:340)
	at java.util.concurrent.TimeUnit.sleep(TimeUnit.java:386)
	at org.apache.ratis.util.TimeDuration.sleep(TimeDuration.java:324)
	at org.apache.ratis.util.TimeDuration.sleep(TimeDuration.java:309)
	at org.apache.ratis.server.impl.FollowerState.run(FollowerState.java:118)
2021-09-22 01:09:37,201 [grpc-default-executor-0] INFO  server.RaftServer$Division (RaftServerImpl.java:requestVote(1043)) - 5dfa4197-3b4e-4728-abf2-2d416eda6cfb@group-2C2F94D327A1: receive requestVote(ELECTION, 9a2eaa79-e95b-45cd-b00f-a46126e2769a, group-2C2F94D327A1, 2, (t:0, i:0))
2021-09-22 01:09:37,202 [grpc-default-executor-0] INFO  impl.VoteContext (VoteContext.java:log(48)) - 5dfa4197-3b4e-4728-abf2-2d416eda6cfb@group-2C2F94D327A1-FOLLOWER: accept ELECTION from 9a2eaa79-e95b-45cd-b00f-a46126e2769a: our priority 0 <= candidate's priority 1
2021-09-22 01:09:37,202 [grpc-default-executor-0] INFO  server.RaftServer$Division (RaftServerImpl.java:setRole(285)) - 5dfa4197-3b4e-4728-abf2-2d416eda6cfb@group-2C2F94D327A1: changes role from  FOLLOWER to FOLLOWER at term 2 for candidate:9a2eaa79-e95b-45cd-b00f-a46126e2769a
2021-09-22 01:09:37,202 [grpc-default-executor-0] INFO  impl.RoleInfo (RoleInfo.java:shutdownFollowerState(108)) - 5dfa4197-3b4e-4728-abf2-2d416eda6cfb: shutdown 5dfa4197-3b4e-4728-abf2-2d416eda6cfb@group-2C2F94D327A1-FollowerState
2021-09-22 01:09:37,202 [grpc-default-executor-0] INFO  impl.RoleInfo (RoleInfo.java:updateAndGet(130)) - 5dfa4197-3b4e-4728-abf2-2d416eda6cfb: start 5dfa4197-3b4e-4728-abf2-2d416eda6cfb@group-2C2F94D327A1-FollowerState
2021-09-22 01:09:37,202 [5dfa4197-3b4e-4728-abf2-2d416eda6cfb@group-2C2F94D327A1-FollowerState] INFO  impl.FollowerState (FollowerState.java:run(143)) - 5dfa4197-3b4e-4728-abf2-2d416eda6cfb@group-2C2F94D327A1-FollowerState was interrupted: {}
java.lang.InterruptedException: sleep interrupted
	at java.lang.Thread.sleep(Native Method)
	at java.lang.Thread.sleep(Thread.java:340)
	at java.util.concurrent.TimeUnit.sleep(TimeUnit.java:386)
	at org.apache.ratis.util.TimeDuration.sleep(TimeDuration.java:324)
	at org.apache.ratis.util.TimeDuration.sleep(TimeDuration.java:309)
	at org.apache.ratis.server.impl.FollowerState.run(FollowerState.java:118)
2021-09-22 01:09:37,208 [grpc-default-executor-0] INFO  server.RaftServer$Division (RaftServerImpl.java:requestVote(1075)) - 5dfa4197-3b4e-4728-abf2-2d416eda6cfb@group-2C2F94D327A1 replies to ELECTION vote request: 9a2eaa79-e95b-45cd-b00f-a46126e2769a<-5dfa4197-3b4e-4728-abf2-2d416eda6cfb#0:OK-t2. Peer's state: 5dfa4197-3b4e-4728-abf2-2d416eda6cfb@group-2C2F94D327A1:t2, leader=null, voted=9a2eaa79-e95b-45cd-b00f-a46126e2769a, raftlog=5dfa4197-3b4e-4728-abf2-2d416eda6cfb@group-2C2F94D327A1-SegmentedRaftLog:OPENED:c-1,f-1,i0, conf=-1: [e58ea0e2-171c-4fa7-a930-6c25c8dc249c|rpc:10.1.0.5:36231|priority:0, 9a2eaa79-e95b-45cd-b00f-a46126e2769a|rpc:10.1.0.5:42817|priority:1, 5dfa4197-3b4e-4728-abf2-2d416eda6cfb|rpc:10.1.0.5:45155|priority:0], old=null
2021-09-22 01:09:37,209 [grpc-default-executor-1] INFO  server.RaftServer$Division (RaftServerImpl.java:requestVote(1075)) - e58ea0e2-171c-4fa7-a930-6c25c8dc249c@group-2C2F94D327A1 replies to ELECTION vote request: 9a2eaa79-e95b-45cd-b00f-a46126e2769a<-e58ea0e2-171c-4fa7-a930-6c25c8dc249c#0:OK-t2. Peer's state: e58ea0e2-171c-4fa7-a930-6c25c8dc249c@group-2C2F94D327A1:t2, leader=null, voted=9a2eaa79-e95b-45cd-b00f-a46126e2769a, raftlog=e58ea0e2-171c-4fa7-a930-6c25c8dc249c@group-2C2F94D327A1-SegmentedRaftLog:OPENED:c-1,f-1,i0, conf=-1: [e58ea0e2-171c-4fa7-a930-6c25c8dc249c|rpc:10.1.0.5:36231|priority:0, 9a2eaa79-e95b-45cd-b00f-a46126e2769a|rpc:10.1.0.5:42817|priority:1, 5dfa4197-3b4e-4728-abf2-2d416eda6cfb|rpc:10.1.0.5:45155|priority:0], old=null
2021-09-22 01:09:37,210 [9a2eaa79-e95b-45cd-b00f-a46126e2769a@group-2C2F94D327A1-LeaderElection15] INFO  impl.LeaderElection (LeaderElection.java:logAndReturn(89)) - 9a2eaa79-e95b-45cd-b00f-a46126e2769a@group-2C2F94D327A1-LeaderElection15: ELECTION PASSED received 1 response(s) and 0 exception(s):
2021-09-22 01:09:37,211 [9a2eaa79-e95b-45cd-b00f-a46126e2769a@group-2C2F94D327A1-LeaderElection15] INFO  impl.LeaderElection (LeaderElection.java:logAndReturn(93)) -   Response 0: 9a2eaa79-e95b-45cd-b00f-a46126e2769a<-5dfa4197-3b4e-4728-abf2-2d416eda6cfb#0:OK-t2
2021-09-22 01:09:37,211 [9a2eaa79-e95b-45cd-b00f-a46126e2769a@group-2C2F94D327A1-LeaderElection15] INFO  impl.LeaderElection (LeaderElection.java:askForVotes(308)) - 9a2eaa79-e95b-45cd-b00f-a46126e2769a@group-2C2F94D327A1-LeaderElection15 ELECTION round 0: result PASSED
2021-09-22 01:09:37,211 [9a2eaa79-e95b-45cd-b00f-a46126e2769a@group-2C2F94D327A1-LeaderElection15] INFO  impl.RoleInfo (RoleInfo.java:shutdownLeaderElection(121)) - 9a2eaa79-e95b-45cd-b00f-a46126e2769a: shutdown 9a2eaa79-e95b-45cd-b00f-a46126e2769a@group-2C2F94D327A1-LeaderElection15
2021-09-22 01:09:37,211 [9a2eaa79-e95b-45cd-b00f-a46126e2769a@group-2C2F94D327A1-LeaderElection15] INFO  server.RaftServer$Division (RaftServerImpl.java:setRole(285)) - 9a2eaa79-e95b-45cd-b00f-a46126e2769a@group-2C2F94D327A1: changes role from CANDIDATE to LEADER at term 2 for changeToLeader
2021-09-22 01:09:37,211 [9a2eaa79-e95b-45cd-b00f-a46126e2769a@group-2C2F94D327A1-LeaderElection15] INFO  ratis.XceiverServerRatis (XceiverServerRatis.java:handleLeaderChangedNotification(860)) - Leader change notification received for group: group-2C2F94D327A1 with new leaderId: 9a2eaa79-e95b-45cd-b00f-a46126e2769a
2021-09-22 01:09:37,211 [9a2eaa79-e95b-45cd-b00f-a46126e2769a@group-2C2F94D327A1-LeaderElection15] INFO  server.RaftServer$Division (ServerState.java:setLeader(285)) - 9a2eaa79-e95b-45cd-b00f-a46126e2769a@group-2C2F94D327A1: change Leader from null to 9a2eaa79-e95b-45cd-b00f-a46126e2769a at term 2 for becomeLeader, leader elected after 10284ms
2021-09-22 01:09:37,211 [9a2eaa79-e95b-45cd-b00f-a46126e2769a@group-2C2F94D327A1-LeaderElection15] INFO  server.RaftServerConfigKeys (ConfUtils.java:logGet(44)) - raft.server.staging.catchup.gap = 1000 (default)
2021-09-22 01:09:37,212 [Datanode State Machine Thread - 0] WARN  statemachine.StateContext (StateContext.java:execute(621)) - No available thread in pool for past 1 seconds.
2021-09-22 01:09:37,213 [EventQueue-PipelineReportForPipelineReportHandler] INFO  pipeline.PipelineManagerImpl (PipelineManagerImpl.java:openPipeline(282)) - Pipeline Pipeline[ Id: bf874198-aeb4-4bc3-a6e8-2c2f94d327a1, Nodes: e58ea0e2-171c-4fa7-a930-6c25c8dc249c{ip: 10.1.0.5, host: fv-az294-326.eaanfquahm5ulb5tj050gcxych.jx.internal.cloudapp.net, ports: [REPLICATION=44987, RATIS=36231, RATIS_ADMIN=36231, RATIS_SERVER=36231, STANDALONE=33533], networkLocation: /default-rack, certSerialId: null, persistedOpState: IN_SERVICE, persistedOpStateExpiryEpochSec: 0}9a2eaa79-e95b-45cd-b00f-a46126e2769a{ip: 10.1.0.5, host: fv-az294-326.eaanfquahm5ulb5tj050gcxych.jx.internal.cloudapp.net, ports: [REPLICATION=43617, RATIS=42817, RATIS_ADMIN=42817, RATIS_SERVER=42817, STANDALONE=35193], networkLocation: /default-rack, certSerialId: null, persistedOpState: IN_SERVICE, persistedOpStateExpiryEpochSec: 0}5dfa4197-3b4e-4728-abf2-2d416eda6cfb{ip: 10.1.0.5, host: fv-az294-326.eaanfquahm5ulb5tj050gcxych.jx.internal.cloudapp.net, ports: [REPLICATION=41851, RATIS=45155, RATIS_ADMIN=45155, RATIS_SERVER=45155, STANDALONE=33797], networkLocation: /default-rack, certSerialId: null, persistedOpState: IN_SERVICE, persistedOpStateExpiryEpochSec: 0}, ReplicationConfig: RATIS/THREE, State:ALLOCATED, leaderId:9a2eaa79-e95b-45cd-b00f-a46126e2769a, CreationTimestamp2021-09-22T01:09:23.891Z[Etc/UTC]] moved to OPEN state
2021-09-22 01:09:37,212 [9a2eaa79-e95b-45cd-b00f-a46126e2769a@group-2C2F94D327A1-LeaderElection15] INFO  server.RaftServerConfigKeys (ConfUtils.java:logGet(44)) - raft.server.write.element-limit = 1024 (custom)
2021-09-22 01:09:37,214 [9a2eaa79-e95b-45cd-b00f-a46126e2769a@group-2C2F94D327A1-LeaderElection15] INFO  server.RaftServerConfigKeys (ConfUtils.java:logGet(44)) - raft.server.write.byte-limit = 1024 M (=1073741824) (custom)
2021-09-22 01:09:37,214 [9a2eaa79-e95b-45cd-b00f-a46126e2769a@group-2C2F94D327A1-LeaderElection15] INFO  server.RaftServerConfigKeys (ConfUtils.java:logGet(44)) - raft.server.watch.timeout = 3000ms (custom)
2021-09-22 01:09:37,214 [9a2eaa79-e95b-45cd-b00f-a46126e2769a@group-2C2F94D327A1-LeaderElection15] INFO  server.RaftServerConfigKeys (ConfUtils.java:logGet(44)) - raft.server.watch.timeout.denomination = 1s (default)
2021-09-22 01:09:37,214 [9a2eaa79-e95b-45cd-b00f-a46126e2769a@group-2C2F94D327A1-LeaderElection15] INFO  server.RaftServerConfigKeys (ConfUtils.java:logGet(44)) - raft.server.watch.element-limit = 65536 (default)
2021-09-22 01:09:37,214 [9a2eaa79-e95b-45cd-b00f-a46126e2769a@group-2C2F94D327A1-LeaderElection15] INFO  server.RaftServerConfigKeys (ConfUtils.java:logGet(44)) - raft.server.log.appender.snapshot.chunk.size.max = 16MB (=16777216) (default)
2021-09-22 01:09:37,214 [9a2eaa79-e95b-45cd-b00f-a46126e2769a@group-2C2F94D327A1-LeaderElection15] INFO  server.RaftServerConfigKeys (ConfUtils.java:logGet(44)) - raft.server.log.appender.buffer.byte-limit = 33554432 (custom)
2021-09-22 01:09:37,215 [9a2eaa79-e95b-45cd-b00f-a46126e2769a@group-2C2F94D327A1-LeaderElection15] INFO  server.RaftServerConfigKeys (ConfUtils.java:logGet(44)) - raft.server.log.appender.buffer.element-limit = 1 (custom)
2021-09-22 01:09:37,215 [9a2eaa79-e95b-45cd-b00f-a46126e2769a@group-2C2F94D327A1-LeaderElection15] INFO  grpc.GrpcConfigKeys (ConfUtils.java:logGet(44)) - raft.grpc.server.leader.outstanding.appends.max = 128 (default)
2021-09-22 01:09:37,215 [9a2eaa79-e95b-45cd-b00f-a46126e2769a@group-2C2F94D327A1-LeaderElection15] INFO  server.RaftServerConfigKeys (ConfUtils.java:logGet(44)) - raft.server.rpc.request.timeout = 3000ms (default)
2021-09-22 01:09:37,215 [9a2eaa79-e95b-45cd-b00f-a46126e2769a@group-2C2F94D327A1-LeaderElection15] INFO  server.RaftServerConfigKeys (ConfUtils.java:logGet(44)) - raft.server.log.appender.install.snapshot.enabled = false (custom)
2021-09-22 01:09:37,216 [9a2eaa79-e95b-45cd-b00f-a46126e2769a@group-2C2F94D327A1-LeaderElection15] INFO  server.RaftServerConfigKeys (ConfUtils.java:logGet(44)) - raft.server.log.appender.snapshot.chunk.size.max = 16MB (=16777216) (default)
2021-09-22 01:09:37,216 [9a2eaa79-e95b-45cd-b00f-a46126e2769a@group-2C2F94D327A1-LeaderElection15] INFO  server.RaftServerConfigKeys (ConfUtils.java:logGet(44)) - raft.server.log.appender.buffer.byte-limit = 33554432 (custom)
2021-09-22 01:09:37,216 [9a2eaa79-e95b-45cd-b00f-a46126e2769a@group-2C2F94D327A1-LeaderElection15] INFO  server.RaftServerConfigKeys (ConfUtils.java:logGet(44)) - raft.server.log.appender.buffer.element-limit = 1 (custom)
2021-09-22 01:09:37,216 [9a2eaa79-e95b-45cd-b00f-a46126e2769a@group-2C2F94D327A1-LeaderElection15] INFO  grpc.GrpcConfigKeys (ConfUtils.java:logGet(44)) - raft.grpc.server.leader.outstanding.appends.max = 128 (default)
2021-09-22 01:09:37,216 [9a2eaa79-e95b-45cd-b00f-a46126e2769a@group-2C2F94D327A1-LeaderElection15] INFO  server.RaftServerConfigKeys (ConfUtils.java:logGet(44)) - raft.server.rpc.request.timeout = 3000ms (default)
2021-09-22 01:09:37,216 [9a2eaa79-e95b-45cd-b00f-a46126e2769a@group-2C2F94D327A1-LeaderElection15] INFO  server.RaftServerConfigKeys (ConfUtils.java:logGet(44)) - raft.server.log.appender.install.snapshot.enabled = false (custom)
2021-09-22 01:09:37,217 [9a2eaa79-e95b-45cd-b00f-a46126e2769a@group-2C2F94D327A1-LeaderElection15] INFO  impl.RoleInfo (RoleInfo.java:updateAndGet(130)) - 9a2eaa79-e95b-45cd-b00f-a46126e2769a: start 9a2eaa79-e95b-45cd-b00f-a46126e2769a@group-2C2F94D327A1-LeaderStateImpl
2021-09-22 01:09:37,217 [9a2eaa79-e95b-45cd-b00f-a46126e2769a@group-2C2F94D327A1-LeaderElection15] INFO  segmented.SegmentedRaftLogWorker (SegmentedRaftLogWorker.java:startLogSegment(394)) - 9a2eaa79-e95b-45cd-b00f-a46126e2769a@group-2C2F94D327A1-SegmentedRaftLogWorker: Starting segment from index:0
2021-09-22 01:09:37,218 [9a2eaa79-e95b-45cd-b00f-a46126e2769a@group-2C2F94D327A1-SegmentedRaftLogWorker] INFO  segmented.SegmentedRaftLogWorker (SegmentedRaftLogWorker.java:execute(601)) - 9a2eaa79-e95b-45cd-b00f-a46126e2769a@group-2C2F94D327A1-SegmentedRaftLogWorker: created new log segment /home/runner/work/ozone/ozone/hadoop-ozone/integration-test/target/test-dir/MiniOzoneClusterImpl-25acc1c1-a8f2-4117-88d4-9d8f1e28eca9/datanode-2/data/ratis/bf874198-aeb4-4bc3-a6e8-2c2f94d327a1/current/log_inprogress_0
2021-09-22 01:09:37,230 [9a2eaa79-e95b-45cd-b00f-a46126e2769a@group-2C2F94D327A1-LeaderElection15] INFO  server.RaftServer$Division (ServerState.java:setRaftConf(387)) - 9a2eaa79-e95b-45cd-b00f-a46126e2769a@group-2C2F94D327A1: set configuration 0: [e58ea0e2-171c-4fa7-a930-6c25c8dc249c|rpc:10.1.0.5:36231|dataStream:|priority:0, 9a2eaa79-e95b-45cd-b00f-a46126e2769a|rpc:10.1.0.5:42817|dataStream:|priority:1, 5dfa4197-3b4e-4728-abf2-2d416eda6cfb|rpc:10.1.0.5:45155|dataStream:|priority:0], old=null
2021-09-22 01:09:37,222 [grpc-default-executor-1] INFO  ratis.XceiverServerRatis (XceiverServerRatis.java:handleLeaderChangedNotification(860)) - Leader change notification received for group: group-2C2F94D327A1 with new leaderId: 9a2eaa79-e95b-45cd-b00f-a46126e2769a
2021-09-22 01:09:37,231 [grpc-default-executor-1] INFO  server.RaftServer$Division (ServerState.java:setLeader(285)) - e58ea0e2-171c-4fa7-a930-6c25c8dc249c@group-2C2F94D327A1: change Leader from null to 9a2eaa79-e95b-45cd-b00f-a46126e2769a at term 2 for appendEntries, leader elected after 10344ms
2021-09-22 01:09:37,231 [grpc-default-executor-2] INFO  ratis.XceiverServerRatis (XceiverServerRatis.java:handleLeaderChangedNotification(860)) - Leader change notification received for group: group-2C2F94D327A1 with new leaderId: 9a2eaa79-e95b-45cd-b00f-a46126e2769a
2021-09-22 01:09:37,231 [grpc-default-executor-2] INFO  server.RaftServer$Division (ServerState.java:setLeader(285)) - 5dfa4197-3b4e-4728-abf2-2d416eda6cfb@group-2C2F94D327A1: change Leader from null to 9a2eaa79-e95b-45cd-b00f-a46126e2769a at term 2 for appendEntries, leader elected after 10326ms
2021-09-22 01:09:37,235 [grpc-default-executor-1] INFO  server.RaftServer$Division (ServerState.java:setRaftConf(387)) - e58ea0e2-171c-4fa7-a930-6c25c8dc249c@group-2C2F94D327A1: set configuration 0: [e58ea0e2-171c-4fa7-a930-6c25c8dc249c|rpc:10.1.0.5:36231|dataStream:|priority:0, 9a2eaa79-e95b-45cd-b00f-a46126e2769a|rpc:10.1.0.5:42817|dataStream:|priority:1, 5dfa4197-3b4e-4728-abf2-2d416eda6cfb|rpc:10.1.0.5:45155|dataStream:|priority:0], old=null
2021-09-22 01:09:37,236 [grpc-default-executor-1] INFO  segmented.SegmentedRaftLogWorker (SegmentedRaftLogWorker.java:startLogSegment(394)) - e58ea0e2-171c-4fa7-a930-6c25c8dc249c@group-2C2F94D327A1-SegmentedRaftLogWorker: Starting segment from index:0
2021-09-22 01:09:37,237 [e58ea0e2-171c-4fa7-a930-6c25c8dc249c@group-2C2F94D327A1-SegmentedRaftLogWorker] INFO  segmented.SegmentedRaftLogWorker (SegmentedRaftLogWorker.java:execute(601)) - e58ea0e2-171c-4fa7-a930-6c25c8dc249c@group-2C2F94D327A1-SegmentedRaftLogWorker: created new log segment /home/runner/work/ozone/ozone/hadoop-ozone/integration-test/target/test-dir/MiniOzoneClusterImpl-25acc1c1-a8f2-4117-88d4-9d8f1e28eca9/datanode-1/data/ratis/bf874198-aeb4-4bc3-a6e8-2c2f94d327a1/current/log_inprogress_0
2021-09-22 01:09:37,241 [grpc-default-executor-2] INFO  server.RaftServer$Division (ServerState.java:setRaftConf(387)) - 5dfa4197-3b4e-4728-abf2-2d416eda6cfb@group-2C2F94D327A1: set configuration 0: [e58ea0e2-171c-4fa7-a930-6c25c8dc249c|rpc:10.1.0.5:36231|dataStream:|priority:0, 9a2eaa79-e95b-45cd-b00f-a46126e2769a|rpc:10.1.0.5:42817|dataStream:|priority:1, 5dfa4197-3b4e-4728-abf2-2d416eda6cfb|rpc:10.1.0.5:45155|dataStream:|priority:0], old=null
2021-09-22 01:09:37,241 [grpc-default-executor-2] INFO  segmented.SegmentedRaftLogWorker (SegmentedRaftLogWorker.java:startLogSegment(394)) - 5dfa4197-3b4e-4728-abf2-2d416eda6cfb@group-2C2F94D327A1-SegmentedRaftLogWorker: Starting segment from index:0
2021-09-22 01:09:37,243 [5dfa4197-3b4e-4728-abf2-2d416eda6cfb@group-2C2F94D327A1-SegmentedRaftLogWorker] INFO  segmented.SegmentedRaftLogWorker (SegmentedRaftLogWorker.java:execute(601)) - 5dfa4197-3b4e-4728-abf2-2d416eda6cfb@group-2C2F94D327A1-SegmentedRaftLogWorker: created new log segment /home/runner/work/ozone/ozone/hadoop-ozone/integration-test/target/test-dir/MiniOzoneClusterImpl-25acc1c1-a8f2-4117-88d4-9d8f1e28eca9/datanode-0/data/ratis/bf874198-aeb4-4bc3-a6e8-2c2f94d327a1/current/log_inprogress_0
2021-09-22 01:09:37,247 [IPC Server handler 10 on default port 35859] INFO  ha.SequenceIdGenerator (SequenceIdGenerator.java:getNextId(127)) - Allocate a batch for containerId, change lastId from 0 to 1000.
2021-09-22 01:09:37,258 [IPC Server handler 10 on default port 35859] WARN  ha.SequenceIdGenerator (SequenceIdGenerator.java:allocateBatch(234)) - Failed to allocate a batch for localId, expected lastId is 0, actual lastId is 107544261427200000.
2021-09-22 01:09:37,258 [IPC Server handler 10 on default port 35859] INFO  ha.SequenceIdGenerator (SequenceIdGenerator.java:getNextId(127)) - Allocate a batch for localId, change lastId from 107544261427200000 to 107544261427201000.
2021-09-22 01:09:37,270 [fff18091-4bc4-4dc4-9e0e-c7b7b9f7a092@group-364F2152D5CE-FollowerState] INFO  impl.FollowerState (FollowerState.java:run(134)) - fff18091-4bc4-4dc4-9e0e-c7b7b9f7a092@group-364F2152D5CE-FollowerState: change to CANDIDATE, lastRpcElapsedTime:5026668890ns, electionTimeout:5016ms
2021-09-22 01:09:37,270 [fff18091-4bc4-4dc4-9e0e-c7b7b9f7a092@group-364F2152D5CE-FollowerState] INFO  impl.RoleInfo (RoleInfo.java:shutdownFollowerState(108)) - fff18091-4bc4-4dc4-9e0e-c7b7b9f7a092: shutdown fff18091-4bc4-4dc4-9e0e-c7b7b9f7a092@group-364F2152D5CE-FollowerState
2021-09-22 01:09:37,270 [fff18091-4bc4-4dc4-9e0e-c7b7b9f7a092@group-364F2152D5CE-FollowerState] INFO  server.RaftServer$Division (RaftServerImpl.java:setRole(285)) - fff18091-4bc4-4dc4-9e0e-c7b7b9f7a092@group-364F2152D5CE: changes role from  FOLLOWER to CANDIDATE at term 1 for changeToCandidate
2021-09-22 01:09:37,270 [fff18091-4bc4-4dc4-9e0e-c7b7b9f7a092@group-364F2152D5CE-FollowerState] INFO  server.RaftServerConfigKeys (ConfUtils.java:logGet(44)) - raft.server.leaderelection.pre-vote = false (custom)
2021-09-22 01:09:37,270 [fff18091-4bc4-4dc4-9e0e-c7b7b9f7a092@group-364F2152D5CE-FollowerState] INFO  impl.RoleInfo (RoleInfo.java:updateAndGet(130)) - fff18091-4bc4-4dc4-9e0e-c7b7b9f7a092: start fff18091-4bc4-4dc4-9e0e-c7b7b9f7a092@group-364F2152D5CE-LeaderElection16
2021-09-22 01:09:37,276 [fff18091-4bc4-4dc4-9e0e-c7b7b9f7a092@group-364F2152D5CE-LeaderElection16] INFO  impl.LeaderElection (LeaderElection.java:askForVotes(306)) - fff18091-4bc4-4dc4-9e0e-c7b7b9f7a092@group-364F2152D5CE-LeaderElection16 ELECTION round 0: submit vote requests at term 2 for -1: [0d23f380-5b64-4336-bea7-d12bd7eaa710|rpc:10.1.0.5:40155|priority:1, 46189feb-569c-4e6f-be55-dc7298009a0b|rpc:10.1.0.5:40371|priority:0, fff18091-4bc4-4dc4-9e0e-c7b7b9f7a092|rpc:10.1.0.5:43419|priority:0], old=null
2021-09-22 01:09:37,279 [0d23f380-5b64-4336-bea7-d12bd7eaa710@group-364F2152D5CE-FollowerState] INFO  impl.FollowerState (FollowerState.java:run(134)) - 0d23f380-5b64-4336-bea7-d12bd7eaa710@group-364F2152D5CE-FollowerState: change to CANDIDATE, lastRpcElapsedTime:5046115978ns, electionTimeout:5045ms
2021-09-22 01:09:37,279 [0d23f380-5b64-4336-bea7-d12bd7eaa710@group-364F2152D5CE-FollowerState] INFO  impl.RoleInfo (RoleInfo.java:shutdownFollowerState(108)) - 0d23f380-5b64-4336-bea7-d12bd7eaa710: shutdown 0d23f380-5b64-4336-bea7-d12bd7eaa710@group-364F2152D5CE-FollowerState
2021-09-22 01:09:37,279 [0d23f380-5b64-4336-bea7-d12bd7eaa710@group-364F2152D5CE-FollowerState] INFO  server.RaftServer$Division (RaftServerImpl.java:setRole(285)) - 0d23f380-5b64-4336-bea7-d12bd7eaa710@group-364F2152D5CE: changes role from  FOLLOWER to CANDIDATE at term 1 for changeToCandidate
2021-09-22 01:09:37,283 [0d23f380-5b64-4336-bea7-d12bd7eaa710@group-364F2152D5CE-FollowerState] INFO  server.RaftServerConfigKeys (ConfUtils.java:logGet(44)) - raft.server.leaderelection.pre-vote = false (custom)
2021-09-22 01:09:37,283 [0d23f380-5b64-4336-bea7-d12bd7eaa710@group-364F2152D5CE-FollowerState] INFO  impl.RoleInfo (RoleInfo.java:updateAndGet(130)) - 0d23f380-5b64-4336-bea7-d12bd7eaa710: start 0d23f380-5b64-4336-bea7-d12bd7eaa710@group-364F2152D5CE-LeaderElection17
2021-09-22 01:09:37,290 [grpc-default-executor-1] INFO  server.RaftServer$Division (RaftServerImpl.java:requestVote(1043)) - 0d23f380-5b64-4336-bea7-d12bd7eaa710@group-364F2152D5CE: receive requestVote(ELECTION, fff18091-4bc4-4dc4-9e0e-c7b7b9f7a092, group-364F2152D5CE, 2, (t:0, i:0))
2021-09-22 01:09:37,290 [grpc-default-executor-1] INFO  impl.VoteContext (VoteContext.java:log(48)) - 0d23f380-5b64-4336-bea7-d12bd7eaa710@group-364F2152D5CE-CANDIDATE: reject ELECTION from fff18091-4bc4-4dc4-9e0e-c7b7b9f7a092: our priority 1 > candidate's priority 0
2021-09-22 01:09:37,290 [grpc-default-executor-1] INFO  server.RaftServer$Division (RaftServerImpl.java:setRole(285)) - 0d23f380-5b64-4336-bea7-d12bd7eaa710@group-364F2152D5CE: changes role from CANDIDATE to FOLLOWER at term 2 for candidate:fff18091-4bc4-4dc4-9e0e-c7b7b9f7a092
2021-09-22 01:09:37,290 [grpc-default-executor-1] INFO  impl.RoleInfo (RoleInfo.java:shutdownLeaderElection(121)) - 0d23f380-5b64-4336-bea7-d12bd7eaa710: shutdown 0d23f380-5b64-4336-bea7-d12bd7eaa710@group-364F2152D5CE-LeaderElection17
2021-09-22 01:09:37,290 [grpc-default-executor-1] INFO  impl.RoleInfo (RoleInfo.java:updateAndGet(130)) - 0d23f380-5b64-4336-bea7-d12bd7eaa710: start 0d23f380-5b64-4336-bea7-d12bd7eaa710@group-364F2152D5CE-FollowerState
2021-09-22 01:09:37,292 [0d23f380-5b64-4336-bea7-d12bd7eaa710@group-364F2152D5CE-LeaderElection17] INFO  impl.LeaderElection (LeaderElection.java:run(230)) - 0d23f380-5b64-4336-bea7-d12bd7eaa710@group-364F2152D5CE-LeaderElection17: skip running since this is already CLOSING
2021-09-22 01:09:37,292 [0d23f380-5b64-4336-bea7-d12bd7eaa710@group-7D8C5C10C900-FollowerState] INFO  impl.FollowerState (FollowerState.java:run(134)) - 0d23f380-5b64-4336-bea7-d12bd7eaa710@group-7D8C5C10C900-FollowerState: change to CANDIDATE, lastRpcElapsedTime:5018929107ns, electionTimeout:5016ms
2021-09-22 01:09:37,293 [grpc-default-executor-1] INFO  server.RaftServer$Division (RaftServerImpl.java:requestVote(1075)) - 0d23f380-5b64-4336-bea7-d12bd7eaa710@group-364F2152D5CE replies to ELECTION vote request: fff18091-4bc4-4dc4-9e0e-c7b7b9f7a092<-0d23f380-5b64-4336-bea7-d12bd7eaa710#0:FAIL-t2. Peer's state: 0d23f380-5b64-4336-bea7-d12bd7eaa710@group-364F2152D5CE:t2, leader=null, voted=null, raftlog=0d23f380-5b64-4336-bea7-d12bd7eaa710@group-364F2152D5CE-SegmentedRaftLog:OPENED:c-1,f-1,i0, conf=-1: [0d23f380-5b64-4336-bea7-d12bd7eaa710|rpc:10.1.0.5:40155|dataStream:|priority:1, 46189feb-569c-4e6f-be55-dc7298009a0b|rpc:10.1.0.5:40371|dataStream:|priority:0, fff18091-4bc4-4dc4-9e0e-c7b7b9f7a092|rpc:10.1.0.5:43419|dataStream:|priority:0], old=null
2021-09-22 01:09:37,293 [0d23f380-5b64-4336-bea7-d12bd7eaa710@group-7D8C5C10C900-FollowerState] INFO  impl.RoleInfo (RoleInfo.java:shutdownFollowerState(108)) - 0d23f380-5b64-4336-bea7-d12bd7eaa710: shutdown 0d23f380-5b64-4336-bea7-d12bd7eaa710@group-7D8C5C10C900-FollowerState
2021-09-22 01:09:37,293 [0d23f380-5b64-4336-bea7-d12bd7eaa710@group-7D8C5C10C900-FollowerState] INFO  server.RaftServer$Division (RaftServerImpl.java:setRole(285)) - 0d23f380-5b64-4336-bea7-d12bd7eaa710@group-7D8C5C10C900: changes role from  FOLLOWER to CANDIDATE at term 1 for changeToCandidate
2021-09-22 01:09:37,293 [0d23f380-5b64-4336-bea7-d12bd7eaa710@group-7D8C5C10C900-FollowerState] INFO  server.RaftServerConfigKeys (ConfUtils.java:logGet(44)) - raft.server.leaderelection.pre-vote = false (custom)
2021-09-22 01:09:37,293 [0d23f380-5b64-4336-bea7-d12bd7eaa710@group-7D8C5C10C900-FollowerState] INFO  impl.RoleInfo (RoleInfo.java:updateAndGet(130)) - 0d23f380-5b64-4336-bea7-d12bd7eaa710: start 0d23f380-5b64-4336-bea7-d12bd7eaa710@group-7D8C5C10C900-LeaderElection18
2021-09-22 01:09:37,293 [grpc-default-executor-2] INFO  server.RaftServer$Division (RaftServerImpl.java:requestVote(1043)) - 46189feb-569c-4e6f-be55-dc7298009a0b@group-364F2152D5CE: receive requestVote(ELECTION, fff18091-4bc4-4dc4-9e0e-c7b7b9f7a092, group-364F2152D5CE, 2, (t:0, i:0))
2021-09-22 01:09:37,298 [grpc-default-executor-2] INFO  impl.VoteContext (VoteContext.java:log(48)) - 46189feb-569c-4e6f-be55-dc7298009a0b@group-364F2152D5CE-FOLLOWER: accept ELECTION from fff18091-4bc4-4dc4-9e0e-c7b7b9f7a092: our priority 0 <= candidate's priority 0
2021-09-22 01:09:37,298 [grpc-default-executor-2] INFO  server.RaftServer$Division (RaftServerImpl.java:setRole(285)) - 46189feb-569c-4e6f-be55-dc7298009a0b@group-364F2152D5CE: changes role from  FOLLOWER to FOLLOWER at term 2 for candidate:fff18091-4bc4-4dc4-9e0e-c7b7b9f7a092
2021-09-22 01:09:37,299 [grpc-default-executor-2] INFO  impl.RoleInfo (RoleInfo.java:shutdownFollowerState(108)) - 46189feb-569c-4e6f-be55-dc7298009a0b: shutdown 46189feb-569c-4e6f-be55-dc7298009a0b@group-364F2152D5CE-FollowerState
2021-09-22 01:09:37,299 [grpc-default-executor-2] INFO  impl.RoleInfo (RoleInfo.java:updateAndGet(130)) - 46189feb-569c-4e6f-be55-dc7298009a0b: start 46189feb-569c-4e6f-be55-dc7298009a0b@group-364F2152D5CE-FollowerState
2021-09-22 01:09:37,299 [46189feb-569c-4e6f-be55-dc7298009a0b@group-364F2152D5CE-FollowerState] INFO  impl.FollowerState (FollowerState.java:run(143)) - 46189feb-569c-4e6f-be55-dc7298009a0b@group-364F2152D5CE-FollowerState was interrupted: {}
java.lang.InterruptedException: sleep interrupted
	at java.lang.Thread.sleep(Native Method)
	at java.lang.Thread.sleep(Thread.java:340)
	at java.util.concurrent.TimeUnit.sleep(TimeUnit.java:386)
	at org.apache.ratis.util.TimeDuration.sleep(TimeDuration.java:324)
	at org.apache.ratis.util.TimeDuration.sleep(TimeDuration.java:309)
	at org.apache.ratis.server.impl.FollowerState.run(FollowerState.java:118)
2021-09-22 01:09:37,294 [fff18091-4bc4-4dc4-9e0e-c7b7b9f7a092@group-364F2152D5CE-LeaderElection16] INFO  impl.LeaderElection (LeaderElection.java:logAndReturn(89)) - fff18091-4bc4-4dc4-9e0e-c7b7b9f7a092@group-364F2152D5CE-LeaderElection16: ELECTION REJECTED received 1 response(s) and 0 exception(s):
2021-09-22 01:09:37,299 [fff18091-4bc4-4dc4-9e0e-c7b7b9f7a092@group-364F2152D5CE-LeaderElection16] INFO  impl.LeaderElection (LeaderElection.java:logAndReturn(93)) -   Response 0: fff18091-4bc4-4dc4-9e0e-c7b7b9f7a092<-0d23f380-5b64-4336-bea7-d12bd7eaa710#0:FAIL-t2
2021-09-22 01:09:37,299 [fff18091-4bc4-4dc4-9e0e-c7b7b9f7a092@group-364F2152D5CE-LeaderElection16] INFO  impl.LeaderElection (LeaderElection.java:askForVotes(308)) - fff18091-4bc4-4dc4-9e0e-c7b7b9f7a092@group-364F2152D5CE-LeaderElection16 ELECTION round 0: result REJECTED
2021-09-22 01:09:37,299 [fff18091-4bc4-4dc4-9e0e-c7b7b9f7a092@group-364F2152D5CE-LeaderElection16] INFO  server.RaftServer$Division (RaftServerImpl.java:setRole(285)) - fff18091-4bc4-4dc4-9e0e-c7b7b9f7a092@group-364F2152D5CE: changes role from CANDIDATE to FOLLOWER at term 2 for REJECTED
2021-09-22 01:09:37,299 [fff18091-4bc4-4dc4-9e0e-c7b7b9f7a092@group-364F2152D5CE-LeaderElection16] INFO  impl.RoleInfo (RoleInfo.java:shutdownLeaderElection(121)) - fff18091-4bc4-4dc4-9e0e-c7b7b9f7a092: shutdown fff18091-4bc4-4dc4-9e0e-c7b7b9f7a092@group-364F2152D5CE-LeaderElection16
2021-09-22 01:09:37,299 [fff18091-4bc4-4dc4-9e0e-c7b7b9f7a092@group-364F2152D5CE-LeaderElection16] INFO  impl.RoleInfo (RoleInfo.java:updateAndGet(130)) - fff18091-4bc4-4dc4-9e0e-c7b7b9f7a092: start fff18091-4bc4-4dc4-9e0e-c7b7b9f7a092@group-364F2152D5CE-FollowerState
2021-09-22 01:09:37,300 [grpc-default-executor-2] INFO  server.RaftServer$Division (RaftServerImpl.java:requestVote(1075)) - 46189feb-569c-4e6f-be55-dc7298009a0b@group-364F2152D5CE replies to ELECTION vote request: fff18091-4bc4-4dc4-9e0e-c7b7b9f7a092<-46189feb-569c-4e6f-be55-dc7298009a0b#0:OK-t2. Peer's state: 46189feb-569c-4e6f-be55-dc7298009a0b@group-364F2152D5CE:t2, leader=null, voted=fff18091-4bc4-4dc4-9e0e-c7b7b9f7a092, raftlog=46189feb-569c-4e6f-be55-dc7298009a0b@group-364F2152D5CE-SegmentedRaftLog:OPENED:c-1,f-1,i0, conf=-1: [0d23f380-5b64-4336-bea7-d12bd7eaa710|rpc:10.1.0.5:40155|dataStream:|priority:1, 46189feb-569c-4e6f-be55-dc7298009a0b|rpc:10.1.0.5:40371|dataStream:|priority:0, fff18091-4bc4-4dc4-9e0e-c7b7b9f7a092|rpc:10.1.0.5:43419|dataStream:|priority:0], old=null
2021-09-22 01:09:37,298 [0d23f380-5b64-4336-bea7-d12bd7eaa710@group-7D8C5C10C900-LeaderElection18] INFO  impl.LeaderElection (LeaderElection.java:askForVotes(306)) - 0d23f380-5b64-4336-bea7-d12bd7eaa710@group-7D8C5C10C900-LeaderElection18 ELECTION round 0: submit vote requests at term 2 for -1: [0d23f380-5b64-4336-bea7-d12bd7eaa710|rpc:10.1.0.5:40155|dataStream:|priority:0, 46189feb-569c-4e6f-be55-dc7298009a0b|rpc:10.1.0.5:40371|dataStream:|priority:1, fff18091-4bc4-4dc4-9e0e-c7b7b9f7a092|rpc:10.1.0.5:43419|dataStream:|priority:0], old=null
2021-09-22 01:09:37,323 [46189feb-569c-4e6f-be55-dc7298009a0b@group-7D8C5C10C900-FollowerState] INFO  impl.FollowerState (FollowerState.java:run(134)) - 46189feb-569c-4e6f-be55-dc7298009a0b@group-7D8C5C10C900-FollowerState: change to CANDIDATE, lastRpcElapsedTime:5044990192ns, electionTimeout:5035ms
2021-09-22 01:09:37,324 [46189feb-569c-4e6f-be55-dc7298009a0b@group-7D8C5C10C900-FollowerState] INFO  impl.RoleInfo (RoleInfo.java:shutdownFollowerState(108)) - 46189feb-569c-4e6f-be55-dc7298009a0b: shutdown 46189feb-569c-4e6f-be55-dc7298009a0b@group-7D8C5C10C900-FollowerState
2021-09-22 01:09:37,324 [46189feb-569c-4e6f-be55-dc7298009a0b@group-7D8C5C10C900-FollowerState] INFO  server.RaftServer$Division (RaftServerImpl.java:setRole(285)) - 46189feb-569c-4e6f-be55-dc7298009a0b@group-7D8C5C10C900: changes role from  FOLLOWER to CANDIDATE at term 1 for changeToCandidate
2021-09-22 01:09:37,324 [46189feb-569c-4e6f-be55-dc7298009a0b@group-7D8C5C10C900-FollowerState] INFO  server.RaftServerConfigKeys (ConfUtils.java:logGet(44)) - raft.server.leaderelection.pre-vote = false (custom)
2021-09-22 01:09:37,324 [46189feb-569c-4e6f-be55-dc7298009a0b@group-7D8C5C10C900-FollowerState] INFO  impl.RoleInfo (RoleInfo.java:updateAndGet(130)) - 46189feb-569c-4e6f-be55-dc7298009a0b: start 46189feb-569c-4e6f-be55-dc7298009a0b@group-7D8C5C10C900-LeaderElection19
2021-09-22 01:09:37,332 [grpc-default-executor-1] INFO  server.RaftServer$Division (RaftServerImpl.java:requestVote(1043)) - 46189feb-569c-4e6f-be55-dc7298009a0b@group-7D8C5C10C900: receive requestVote(ELECTION, 0d23f380-5b64-4336-bea7-d12bd7eaa710, group-7D8C5C10C900, 2, (t:0, i:0))
2021-09-22 01:09:37,333 [grpc-default-executor-1] INFO  impl.VoteContext (VoteContext.java:log(48)) - 46189feb-569c-4e6f-be55-dc7298009a0b@group-7D8C5C10C900-CANDIDATE: reject ELECTION from 0d23f380-5b64-4336-bea7-d12bd7eaa710: our priority 1 > candidate's priority 0
2021-09-22 01:09:37,333 [grpc-default-executor-1] INFO  server.RaftServer$Division (RaftServerImpl.java:setRole(285)) - 46189feb-569c-4e6f-be55-dc7298009a0b@group-7D8C5C10C900: changes role from CANDIDATE to FOLLOWER at term 2 for candidate:0d23f380-5b64-4336-bea7-d12bd7eaa710
2021-09-22 01:09:37,333 [grpc-default-executor-1] INFO  impl.RoleInfo (RoleInfo.java:shutdownLeaderElection(121)) - 46189feb-569c-4e6f-be55-dc7298009a0b: shutdown 46189feb-569c-4e6f-be55-dc7298009a0b@group-7D8C5C10C900-LeaderElection19
2021-09-22 01:09:37,334 [grpc-default-executor-1] INFO  impl.RoleInfo (RoleInfo.java:updateAndGet(130)) - 46189feb-569c-4e6f-be55-dc7298009a0b: start 46189feb-569c-4e6f-be55-dc7298009a0b@group-7D8C5C10C900-FollowerState
2021-09-22 01:09:37,340 [grpc-default-executor-1] INFO  server.RaftServer$Division (RaftServerImpl.java:requestVote(1075)) - 46189feb-569c-4e6f-be55-dc7298009a0b@group-7D8C5C10C900 replies to ELECTION vote request: 0d23f380-5b64-4336-bea7-d12bd7eaa710<-46189feb-569c-4e6f-be55-dc7298009a0b#0:FAIL-t2. Peer's state: 46189feb-569c-4e6f-be55-dc7298009a0b@group-7D8C5C10C900:t2, leader=null, voted=null, raftlog=46189feb-569c-4e6f-be55-dc7298009a0b@group-7D8C5C10C900-SegmentedRaftLog:OPENED:c-1,f-1,i0, conf=-1: [0d23f380-5b64-4336-bea7-d12bd7eaa710|rpc:10.1.0.5:40155|dataStream:|priority:0, 46189feb-569c-4e6f-be55-dc7298009a0b|rpc:10.1.0.5:40371|dataStream:|priority:1, fff18091-4bc4-4dc4-9e0e-c7b7b9f7a092|rpc:10.1.0.5:43419|dataStream:|priority:0], old=null
2021-09-22 01:09:37,342 [0d23f380-5b64-4336-bea7-d12bd7eaa710@group-7D8C5C10C900-LeaderElection18] INFO  impl.LeaderElection (LeaderElection.java:logAndReturn(89)) - 0d23f380-5b64-4336-bea7-d12bd7eaa710@group-7D8C5C10C900-LeaderElection18: ELECTION REJECTED received 1 response(s) and 0 exception(s):
2021-09-22 01:09:37,342 [0d23f380-5b64-4336-bea7-d12bd7eaa710@group-7D8C5C10C900-LeaderElection18] INFO  impl.LeaderElection (LeaderElection.java:logAndReturn(93)) -   Response 0: 0d23f380-5b64-4336-bea7-d12bd7eaa710<-46189feb-569c-4e6f-be55-dc7298009a0b#0:FAIL-t2
2021-09-22 01:09:37,342 [0d23f380-5b64-4336-bea7-d12bd7eaa710@group-7D8C5C10C900-LeaderElection18] INFO  impl.LeaderElection (LeaderElection.java:askForVotes(308)) - 0d23f380-5b64-4336-bea7-d12bd7eaa710@group-7D8C5C10C900-LeaderElection18 ELECTION round 0: result REJECTED
2021-09-22 01:09:37,342 [0d23f380-5b64-4336-bea7-d12bd7eaa710@group-7D8C5C10C900-LeaderElection18] INFO  server.RaftServer$Division (RaftServerImpl.java:setRole(285)) - 0d23f380-5b64-4336-bea7-d12bd7eaa710@group-7D8C5C10C900: changes role from CANDIDATE to FOLLOWER at term 2 for REJECTED
2021-09-22 01:09:37,342 [0d23f380-5b64-4336-bea7-d12bd7eaa710@group-7D8C5C10C900-LeaderElection18] INFO  impl.RoleInfo (RoleInfo.java:shutdownLeaderElection(121)) - 0d23f380-5b64-4336-bea7-d12bd7eaa710: shutdown 0d23f380-5b64-4336-bea7-d12bd7eaa710@group-7D8C5C10C900-LeaderElection18
2021-09-22 01:09:37,342 [0d23f380-5b64-4336-bea7-d12bd7eaa710@group-7D8C5C10C900-LeaderElection18] INFO  impl.RoleInfo (RoleInfo.java:updateAndGet(130)) - 0d23f380-5b64-4336-bea7-d12bd7eaa710: start 0d23f380-5b64-4336-bea7-d12bd7eaa710@group-7D8C5C10C900-FollowerState
2021-09-22 01:09:37,346 [grpc-default-executor-2] INFO  server.RaftServer$Division (RaftServerImpl.java:requestVote(1043)) - fff18091-4bc4-4dc4-9e0e-c7b7b9f7a092@group-7D8C5C10C900: receive requestVote(ELECTION, 0d23f380-5b64-4336-bea7-d12bd7eaa710, group-7D8C5C10C900, 2, (t:0, i:0))
2021-09-22 01:09:37,347 [grpc-default-executor-2] INFO  impl.VoteContext (VoteContext.java:log(48)) - fff18091-4bc4-4dc4-9e0e-c7b7b9f7a092@group-7D8C5C10C900-FOLLOWER: accept ELECTION from 0d23f380-5b64-4336-bea7-d12bd7eaa710: our priority 0 <= candidate's priority 0
2021-09-22 01:09:37,347 [grpc-default-executor-2] INFO  server.RaftServer$Division (RaftServerImpl.java:setRole(285)) - fff18091-4bc4-4dc4-9e0e-c7b7b9f7a092@group-7D8C5C10C900: changes role from  FOLLOWER to FOLLOWER at term 2 for candidate:0d23f380-5b64-4336-bea7-d12bd7eaa710
2021-09-22 01:09:37,347 [grpc-default-executor-2] INFO  impl.RoleInfo (RoleInfo.java:shutdownFollowerState(108)) - fff18091-4bc4-4dc4-9e0e-c7b7b9f7a092: shutdown fff18091-4bc4-4dc4-9e0e-c7b7b9f7a092@group-7D8C5C10C900-FollowerState
2021-09-22 01:09:37,347 [grpc-default-executor-2] INFO  impl.RoleInfo (RoleInfo.java:updateAndGet(130)) - fff18091-4bc4-4dc4-9e0e-c7b7b9f7a092: start fff18091-4bc4-4dc4-9e0e-c7b7b9f7a092@group-7D8C5C10C900-FollowerState
2021-09-22 01:09:37,347 [fff18091-4bc4-4dc4-9e0e-c7b7b9f7a092@group-7D8C5C10C900-FollowerState] INFO  impl.FollowerState (FollowerState.java:run(143)) - fff18091-4bc4-4dc4-9e0e-c7b7b9f7a092@group-7D8C5C10C900-FollowerState was interrupted: {}
java.lang.InterruptedException: sleep interrupted
	at java.lang.Thread.sleep(Native Method)
	at java.lang.Thread.sleep(Thread.java:340)
	at java.util.concurrent.TimeUnit.sleep(TimeUnit.java:386)
	at org.apache.ratis.util.TimeDuration.sleep(TimeDuration.java:324)
	at org.apache.ratis.util.TimeDuration.sleep(TimeDuration.java:309)
	at org.apache.ratis.server.impl.FollowerState.run(FollowerState.java:118)
2021-09-22 01:09:37,348 [grpc-default-executor-2] INFO  server.RaftServer$Division (RaftServerImpl.java:requestVote(1075)) - fff18091-4bc4-4dc4-9e0e-c7b7b9f7a092@group-7D8C5C10C900 replies to ELECTION vote request: 0d23f380-5b64-4336-bea7-d12bd7eaa710<-fff18091-4bc4-4dc4-9e0e-c7b7b9f7a092#0:OK-t2. Peer's state: fff18091-4bc4-4dc4-9e0e-c7b7b9f7a092@group-7D8C5C10C900:t2, leader=null, voted=0d23f380-5b64-4336-bea7-d12bd7eaa710, raftlog=fff18091-4bc4-4dc4-9e0e-c7b7b9f7a092@group-7D8C5C10C900-SegmentedRaftLog:OPENED:c-1,f-1,i0, conf=-1: [0d23f380-5b64-4336-bea7-d12bd7eaa710|rpc:10.1.0.5:40155|priority:0, 46189feb-569c-4e6f-be55-dc7298009a0b|rpc:10.1.0.5:40371|priority:1, fff18091-4bc4-4dc4-9e0e-c7b7b9f7a092|rpc:10.1.0.5:43419|priority:0], old=null
2021-09-22 01:09:37,388 [Listener at 127.0.0.1/44817] INFO  impl.MetricsSystemImpl (MetricsSystemImpl.java:init(158)) - XceiverClientMetrics metrics system started (again)
2021-09-22 01:09:37,614 [Datanode State Machine Thread - 0] WARN  statemachine.StateContext (StateContext.java:execute(621)) - No available thread in pool for past 1 seconds.
2021-09-22 01:09:37,622 [Datanode State Machine Thread - 0] WARN  statemachine.StateContext (StateContext.java:execute(621)) - No available thread in pool for past 1 seconds.
2021-09-22 01:09:42,445 [fff18091-4bc4-4dc4-9e0e-c7b7b9f7a092@group-364F2152D5CE-FollowerState] INFO  impl.FollowerState (FollowerState.java:run(134)) - fff18091-4bc4-4dc4-9e0e-c7b7b9f7a092@group-364F2152D5CE-FollowerState: change to CANDIDATE, lastRpcElapsedTime:5145402949ns, electionTimeout:5120ms
2021-09-22 01:09:42,445 [fff18091-4bc4-4dc4-9e0e-c7b7b9f7a092@group-364F2152D5CE-FollowerState] INFO  impl.RoleInfo (RoleInfo.java:shutdownFollowerState(108)) - fff18091-4bc4-4dc4-9e0e-c7b7b9f7a092: shutdown fff18091-4bc4-4dc4-9e0e-c7b7b9f7a092@group-364F2152D5CE-FollowerState
2021-09-22 01:09:42,445 [fff18091-4bc4-4dc4-9e0e-c7b7b9f7a092@group-364F2152D5CE-FollowerState] INFO  server.RaftServer$Division (RaftServerImpl.java:setRole(285)) - fff18091-4bc4-4dc4-9e0e-c7b7b9f7a092@group-364F2152D5CE: changes role from  FOLLOWER to CANDIDATE at term 2 for changeToCandidate
2021-09-22 01:09:42,445 [fff18091-4bc4-4dc4-9e0e-c7b7b9f7a092@group-364F2152D5CE-FollowerState] INFO  server.RaftServerConfigKeys (ConfUtils.java:logGet(44)) - raft.server.leaderelection.pre-vote = false (custom)
2021-09-22 01:09:42,445 [fff18091-4bc4-4dc4-9e0e-c7b7b9f7a092@group-364F2152D5CE-FollowerState] INFO  impl.RoleInfo (RoleInfo.java:updateAndGet(130)) - fff18091-4bc4-4dc4-9e0e-c7b7b9f7a092: start fff18091-4bc4-4dc4-9e0e-c7b7b9f7a092@group-364F2152D5CE-LeaderElection20
2021-09-22 01:09:42,449 [fff18091-4bc4-4dc4-9e0e-c7b7b9f7a092@group-364F2152D5CE-LeaderElection20] INFO  impl.LeaderElection (LeaderElection.java:askForVotes(306)) - fff18091-4bc4-4dc4-9e0e-c7b7b9f7a092@group-364F2152D5CE-LeaderElection20 ELECTION round 0: submit vote requests at term 3 for -1: [0d23f380-5b64-4336-bea7-d12bd7eaa710|rpc:10.1.0.5:40155|priority:1, 46189feb-569c-4e6f-be55-dc7298009a0b|rpc:10.1.0.5:40371|priority:0, fff18091-4bc4-4dc4-9e0e-c7b7b9f7a092|rpc:10.1.0.5:43419|priority:0], old=null
2021-09-22 01:09:42,454 [grpc-default-executor-1] INFO  server.RaftServer$Division (RaftServerImpl.java:requestVote(1043)) - 0d23f380-5b64-4336-bea7-d12bd7eaa710@group-364F2152D5CE: receive requestVote(ELECTION, fff18091-4bc4-4dc4-9e0e-c7b7b9f7a092, group-364F2152D5CE, 3, (t:0, i:0))
2021-09-22 01:09:42,454 [grpc-default-executor-1] INFO  impl.VoteContext (VoteContext.java:log(48)) - 0d23f380-5b64-4336-bea7-d12bd7eaa710@group-364F2152D5CE-FOLLOWER: reject ELECTION from fff18091-4bc4-4dc4-9e0e-c7b7b9f7a092: our priority 1 > candidate's priority 0
2021-09-22 01:09:42,454 [grpc-default-executor-1] INFO  server.RaftServer$Division (RaftServerImpl.java:setRole(285)) - 0d23f380-5b64-4336-bea7-d12bd7eaa710@group-364F2152D5CE: changes role from  FOLLOWER to FOLLOWER at term 3 for candidate:fff18091-4bc4-4dc4-9e0e-c7b7b9f7a092
2021-09-22 01:09:42,454 [grpc-default-executor-1] INFO  impl.RoleInfo (RoleInfo.java:shutdownFollowerState(108)) - 0d23f380-5b64-4336-bea7-d12bd7eaa710: shutdown 0d23f380-5b64-4336-bea7-d12bd7eaa710@group-364F2152D5CE-FollowerState
2021-09-22 01:09:42,454 [grpc-default-executor-1] INFO  impl.RoleInfo (RoleInfo.java:updateAndGet(130)) - 0d23f380-5b64-4336-bea7-d12bd7eaa710: start 0d23f380-5b64-4336-bea7-d12bd7eaa710@group-364F2152D5CE-FollowerState
2021-09-22 01:09:42,454 [0d23f380-5b64-4336-bea7-d12bd7eaa710@group-7D8C5C10C900-FollowerState] INFO  impl.FollowerState (FollowerState.java:run(134)) - 0d23f380-5b64-4336-bea7-d12bd7eaa710@group-7D8C5C10C900-FollowerState: change to CANDIDATE, lastRpcElapsedTime:5112002411ns, electionTimeout:5108ms
2021-09-22 01:09:42,454 [0d23f380-5b64-4336-bea7-d12bd7eaa710@group-364F2152D5CE-FollowerState] INFO  impl.FollowerState (FollowerState.java:run(143)) - 0d23f380-5b64-4336-bea7-d12bd7eaa710@group-364F2152D5CE-FollowerState was interrupted: {}
java.lang.InterruptedException: sleep interrupted
	at java.lang.Thread.sleep(Native Method)
	at java.lang.Thread.sleep(Thread.java:340)
	at java.util.concurrent.TimeUnit.sleep(TimeUnit.java:386)
	at org.apache.ratis.util.TimeDuration.sleep(TimeDuration.java:324)
	at org.apache.ratis.util.TimeDuration.sleep(TimeDuration.java:309)
	at org.apache.ratis.server.impl.FollowerState.run(FollowerState.java:118)
2021-09-22 01:09:42,454 [0d23f380-5b64-4336-bea7-d12bd7eaa710@group-7D8C5C10C900-FollowerState] INFO  impl.RoleInfo (RoleInfo.java:shutdownFollowerState(108)) - 0d23f380-5b64-4336-bea7-d12bd7eaa710: shutdown 0d23f380-5b64-4336-bea7-d12bd7eaa710@group-7D8C5C10C900-FollowerState
2021-09-22 01:09:42,455 [0d23f380-5b64-4336-bea7-d12bd7eaa710@group-7D8C5C10C900-FollowerState] INFO  server.RaftServer$Division (RaftServerImpl.java:setRole(285)) - 0d23f380-5b64-4336-bea7-d12bd7eaa710@group-7D8C5C10C900: changes role from  FOLLOWER to CANDIDATE at term 2 for changeToCandidate
2021-09-22 01:09:42,455 [0d23f380-5b64-4336-bea7-d12bd7eaa710@group-7D8C5C10C900-FollowerState] INFO  server.RaftServerConfigKeys (ConfUtils.java:logGet(44)) - raft.server.leaderelection.pre-vote = false (custom)
2021-09-22 01:09:42,455 [0d23f380-5b64-4336-bea7-d12bd7eaa710@group-7D8C5C10C900-FollowerState] INFO  impl.RoleInfo (RoleInfo.java:updateAndGet(130)) - 0d23f380-5b64-4336-bea7-d12bd7eaa710: start 0d23f380-5b64-4336-bea7-d12bd7eaa710@group-7D8C5C10C900-LeaderElection21
2021-09-22 01:09:42,466 [grpc-default-executor-1] INFO  server.RaftServer$Division (RaftServerImpl.java:requestVote(1075)) - 0d23f380-5b64-4336-bea7-d12bd7eaa710@group-364F2152D5CE replies to ELECTION vote request: fff18091-4bc4-4dc4-9e0e-c7b7b9f7a092<-0d23f380-5b64-4336-bea7-d12bd7eaa710#0:FAIL-t3. Peer's state: 0d23f380-5b64-4336-bea7-d12bd7eaa710@group-364F2152D5CE:t3, leader=null, voted=null, raftlog=0d23f380-5b64-4336-bea7-d12bd7eaa710@group-364F2152D5CE-SegmentedRaftLog:OPENED:c-1,f-1,i0, conf=-1: [0d23f380-5b64-4336-bea7-d12bd7eaa710|rpc:10.1.0.5:40155|dataStream:|priority:1, 46189feb-569c-4e6f-be55-dc7298009a0b|rpc:10.1.0.5:40371|dataStream:|priority:0, fff18091-4bc4-4dc4-9e0e-c7b7b9f7a092|rpc:10.1.0.5:43419|dataStream:|priority:0], old=null
2021-09-22 01:09:42,466 [grpc-default-executor-3] INFO  server.RaftServer$Division (RaftServerImpl.java:requestVote(1043)) - 46189feb-569c-4e6f-be55-dc7298009a0b@group-364F2152D5CE: receive requestVote(ELECTION, fff18091-4bc4-4dc4-9e0e-c7b7b9f7a092, group-364F2152D5CE, 3, (t:0, i:0))
2021-09-22 01:09:42,466 [grpc-default-executor-3] INFO  impl.VoteContext (VoteContext.java:log(48)) - 46189feb-569c-4e6f-be55-dc7298009a0b@group-364F2152D5CE-FOLLOWER: accept ELECTION from fff18091-4bc4-4dc4-9e0e-c7b7b9f7a092: our priority 0 <= candidate's priority 0
2021-09-22 01:09:42,466 [grpc-default-executor-3] INFO  server.RaftServer$Division (RaftServerImpl.java:setRole(285)) - 46189feb-569c-4e6f-be55-dc7298009a0b@group-364F2152D5CE: changes role from  FOLLOWER to FOLLOWER at term 3 for candidate:fff18091-4bc4-4dc4-9e0e-c7b7b9f7a092
2021-09-22 01:09:42,466 [grpc-default-executor-3] INFO  impl.RoleInfo (RoleInfo.java:shutdownFollowerState(108)) - 46189feb-569c-4e6f-be55-dc7298009a0b: shutdown 46189feb-569c-4e6f-be55-dc7298009a0b@group-364F2152D5CE-FollowerState
2021-09-22 01:09:42,466 [grpc-default-executor-3] INFO  impl.RoleInfo (RoleInfo.java:updateAndGet(130)) - 46189feb-569c-4e6f-be55-dc7298009a0b: start 46189feb-569c-4e6f-be55-dc7298009a0b@group-364F2152D5CE-FollowerState
2021-09-22 01:09:42,466 [46189feb-569c-4e6f-be55-dc7298009a0b@group-364F2152D5CE-FollowerState] INFO  impl.FollowerState (FollowerState.java:run(143)) - 46189feb-569c-4e6f-be55-dc7298009a0b@group-364F2152D5CE-FollowerState was interrupted: {}
java.lang.InterruptedException: sleep interrupted
	at java.lang.Thread.sleep(Native Method)
	at java.lang.Thread.sleep(Thread.java:340)
	at java.util.concurrent.TimeUnit.sleep(TimeUnit.java:386)
	at org.apache.ratis.util.TimeDuration.sleep(TimeDuration.java:324)
	at org.apache.ratis.util.TimeDuration.sleep(TimeDuration.java:309)
	at org.apache.ratis.server.impl.FollowerState.run(FollowerState.java:118)
2021-09-22 01:09:42,468 [grpc-default-executor-3] INFO  server.RaftServer$Division (RaftServerImpl.java:requestVote(1075)) - 46189feb-569c-4e6f-be55-dc7298009a0b@group-364F2152D5CE replies to ELECTION vote request: fff18091-4bc4-4dc4-9e0e-c7b7b9f7a092<-46189feb-569c-4e6f-be55-dc7298009a0b#0:OK-t3. Peer's state: 46189feb-569c-4e6f-be55-dc7298009a0b@group-364F2152D5CE:t3, leader=null, voted=fff18091-4bc4-4dc4-9e0e-c7b7b9f7a092, raftlog=46189feb-569c-4e6f-be55-dc7298009a0b@group-364F2152D5CE-SegmentedRaftLog:OPENED:c-1,f-1,i0, conf=-1: [0d23f380-5b64-4336-bea7-d12bd7eaa710|rpc:10.1.0.5:40155|dataStream:|priority:1, 46189feb-569c-4e6f-be55-dc7298009a0b|rpc:10.1.0.5:40371|dataStream:|priority:0, fff18091-4bc4-4dc4-9e0e-c7b7b9f7a092|rpc:10.1.0.5:43419|dataStream:|priority:0], old=null
2021-09-22 01:09:42,467 [fff18091-4bc4-4dc4-9e0e-c7b7b9f7a092@group-364F2152D5CE-LeaderElection20] INFO  impl.LeaderElection (LeaderElection.java:logAndReturn(89)) - fff18091-4bc4-4dc4-9e0e-c7b7b9f7a092@group-364F2152D5CE-LeaderElection20: ELECTION REJECTED received 1 response(s) and 0 exception(s):
2021-09-22 01:09:42,468 [fff18091-4bc4-4dc4-9e0e-c7b7b9f7a092@group-364F2152D5CE-LeaderElection20] INFO  impl.LeaderElection (LeaderElection.java:logAndReturn(93)) -   Response 0: fff18091-4bc4-4dc4-9e0e-c7b7b9f7a092<-0d23f380-5b64-4336-bea7-d12bd7eaa710#0:FAIL-t3
2021-09-22 01:09:42,468 [fff18091-4bc4-4dc4-9e0e-c7b7b9f7a092@group-364F2152D5CE-LeaderElection20] INFO  impl.LeaderElection (LeaderElection.java:askForVotes(308)) - fff18091-4bc4-4dc4-9e0e-c7b7b9f7a092@group-364F2152D5CE-LeaderElection20 ELECTION round 0: result REJECTED
2021-09-22 01:09:42,468 [fff18091-4bc4-4dc4-9e0e-c7b7b9f7a092@group-364F2152D5CE-LeaderElection20] INFO  server.RaftServer$Division (RaftServerImpl.java:setRole(285)) - fff18091-4bc4-4dc4-9e0e-c7b7b9f7a092@group-364F2152D5CE: changes role from CANDIDATE to FOLLOWER at term 3 for REJECTED
2021-09-22 01:09:42,468 [fff18091-4bc4-4dc4-9e0e-c7b7b9f7a092@group-364F2152D5CE-LeaderElection20] INFO  impl.RoleInfo (RoleInfo.java:shutdownLeaderElection(121)) - fff18091-4bc4-4dc4-9e0e-c7b7b9f7a092: shutdown fff18091-4bc4-4dc4-9e0e-c7b7b9f7a092@group-364F2152D5CE-LeaderElection20
2021-09-22 01:09:42,468 [fff18091-4bc4-4dc4-9e0e-c7b7b9f7a092@group-364F2152D5CE-LeaderElection20] INFO  impl.RoleInfo (RoleInfo.java:updateAndGet(130)) - fff18091-4bc4-4dc4-9e0e-c7b7b9f7a092: start fff18091-4bc4-4dc4-9e0e-c7b7b9f7a092@group-364F2152D5CE-FollowerState
2021-09-22 01:09:42,469 [0d23f380-5b64-4336-bea7-d12bd7eaa710@group-7D8C5C10C900-LeaderElection21] INFO  impl.LeaderElection (LeaderElection.java:askForVotes(306)) - 0d23f380-5b64-4336-bea7-d12bd7eaa710@group-7D8C5C10C900-LeaderElection21 ELECTION round 0: submit vote requests at term 3 for -1: [0d23f380-5b64-4336-bea7-d12bd7eaa710|rpc:10.1.0.5:40155|dataStream:|priority:0, 46189feb-569c-4e6f-be55-dc7298009a0b|rpc:10.1.0.5:40371|dataStream:|priority:1, fff18091-4bc4-4dc4-9e0e-c7b7b9f7a092|rpc:10.1.0.5:43419|dataStream:|priority:0], old=null
2021-09-22 01:09:42,475 [46189feb-569c-4e6f-be55-dc7298009a0b@group-7D8C5C10C900-FollowerState] INFO  impl.FollowerState (FollowerState.java:run(134)) - 46189feb-569c-4e6f-be55-dc7298009a0b@group-7D8C5C10C900-FollowerState: change to CANDIDATE, lastRpcElapsedTime:5141774417ns, electionTimeout:5135ms
2021-09-22 01:09:42,475 [46189feb-569c-4e6f-be55-dc7298009a0b@group-7D8C5C10C900-FollowerState] INFO  impl.RoleInfo (RoleInfo.java:shutdownFollowerState(108)) - 46189feb-569c-4e6f-be55-dc7298009a0b: shutdown 46189feb-569c-4e6f-be55-dc7298009a0b@group-7D8C5C10C900-FollowerState
2021-09-22 01:09:42,475 [46189feb-569c-4e6f-be55-dc7298009a0b@group-7D8C5C10C900-FollowerState] INFO  server.RaftServer$Division (RaftServerImpl.java:setRole(285)) - 46189feb-569c-4e6f-be55-dc7298009a0b@group-7D8C5C10C900: changes role from  FOLLOWER to CANDIDATE at term 2 for changeToCandidate
2021-09-22 01:09:42,475 [46189feb-569c-4e6f-be55-dc7298009a0b@group-7D8C5C10C900-FollowerState] INFO  server.RaftServerConfigKeys (ConfUtils.java:logGet(44)) - raft.server.leaderelection.pre-vote = false (custom)
2021-09-22 01:09:42,476 [46189feb-569c-4e6f-be55-dc7298009a0b@group-7D8C5C10C900-FollowerState] INFO  impl.RoleInfo (RoleInfo.java:updateAndGet(130)) - 46189feb-569c-4e6f-be55-dc7298009a0b: start 46189feb-569c-4e6f-be55-dc7298009a0b@group-7D8C5C10C900-LeaderElection22
2021-09-22 01:09:42,482 [grpc-default-executor-3] INFO  server.RaftServer$Division (RaftServerImpl.java:requestVote(1043)) - 46189feb-569c-4e6f-be55-dc7298009a0b@group-7D8C5C10C900: receive requestVote(ELECTION, 0d23f380-5b64-4336-bea7-d12bd7eaa710, group-7D8C5C10C900, 3, (t:0, i:0))
2021-09-22 01:09:42,483 [grpc-default-executor-3] INFO  impl.VoteContext (VoteContext.java:log(48)) - 46189feb-569c-4e6f-be55-dc7298009a0b@group-7D8C5C10C900-CANDIDATE: reject ELECTION from 0d23f380-5b64-4336-bea7-d12bd7eaa710: our priority 1 > candidate's priority 0
2021-09-22 01:09:42,483 [grpc-default-executor-3] INFO  server.RaftServer$Division (RaftServerImpl.java:setRole(285)) - 46189feb-569c-4e6f-be55-dc7298009a0b@group-7D8C5C10C900: changes role from CANDIDATE to FOLLOWER at term 3 for candidate:0d23f380-5b64-4336-bea7-d12bd7eaa710
2021-09-22 01:09:42,483 [grpc-default-executor-3] INFO  impl.RoleInfo (RoleInfo.java:shutdownLeaderElection(121)) - 46189feb-569c-4e6f-be55-dc7298009a0b: shutdown 46189feb-569c-4e6f-be55-dc7298009a0b@group-7D8C5C10C900-LeaderElection22
2021-09-22 01:09:42,483 [grpc-default-executor-3] INFO  impl.RoleInfo (RoleInfo.java:updateAndGet(130)) - 46189feb-569c-4e6f-be55-dc7298009a0b: start 46189feb-569c-4e6f-be55-dc7298009a0b@group-7D8C5C10C900-FollowerState
2021-09-22 01:09:42,482 [grpc-default-executor-1] INFO  server.RaftServer$Division (RaftServerImpl.java:requestVote(1043)) - fff18091-4bc4-4dc4-9e0e-c7b7b9f7a092@group-7D8C5C10C900: receive requestVote(ELECTION, 0d23f380-5b64-4336-bea7-d12bd7eaa710, group-7D8C5C10C900, 3, (t:0, i:0))
2021-09-22 01:09:42,483 [grpc-default-executor-1] INFO  impl.VoteContext (VoteContext.java:log(48)) - fff18091-4bc4-4dc4-9e0e-c7b7b9f7a092@group-7D8C5C10C900-FOLLOWER: accept ELECTION from 0d23f380-5b64-4336-bea7-d12bd7eaa710: our priority 0 <= candidate's priority 0
2021-09-22 01:09:42,483 [grpc-default-executor-1] INFO  server.RaftServer$Division (RaftServerImpl.java:setRole(285)) - fff18091-4bc4-4dc4-9e0e-c7b7b9f7a092@group-7D8C5C10C900: changes role from  FOLLOWER to FOLLOWER at term 3 for candidate:0d23f380-5b64-4336-bea7-d12bd7eaa710
2021-09-22 01:09:42,483 [grpc-default-executor-1] INFO  impl.RoleInfo (RoleInfo.java:shutdownFollowerState(108)) - fff18091-4bc4-4dc4-9e0e-c7b7b9f7a092: shutdown fff18091-4bc4-4dc4-9e0e-c7b7b9f7a092@group-7D8C5C10C900-FollowerState
2021-09-22 01:09:42,484 [46189feb-569c-4e6f-be55-dc7298009a0b@group-7D8C5C10C900-LeaderElection22] INFO  impl.LeaderElection (LeaderElection.java:run(230)) - 46189feb-569c-4e6f-be55-dc7298009a0b@group-7D8C5C10C900-LeaderElection22: skip running since this is already CLOSING
2021-09-22 01:09:42,486 [grpc-default-executor-1] INFO  impl.RoleInfo (RoleInfo.java:updateAndGet(130)) - fff18091-4bc4-4dc4-9e0e-c7b7b9f7a092: start fff18091-4bc4-4dc4-9e0e-c7b7b9f7a092@group-7D8C5C10C900-FollowerState
2021-09-22 01:09:42,486 [fff18091-4bc4-4dc4-9e0e-c7b7b9f7a092@group-7D8C5C10C900-FollowerState] INFO  impl.FollowerState (FollowerState.java:run(143)) - fff18091-4bc4-4dc4-9e0e-c7b7b9f7a092@group-7D8C5C10C900-FollowerState was interrupted: {}
java.lang.InterruptedException: sleep interrupted
	at java.lang.Thread.sleep(Native Method)
	at java.lang.Thread.sleep(Thread.java:340)
	at java.util.concurrent.TimeUnit.sleep(TimeUnit.java:386)
	at org.apache.ratis.util.TimeDuration.sleep(TimeDuration.java:324)
	at org.apache.ratis.util.TimeDuration.sleep(TimeDuration.java:309)
	at org.apache.ratis.server.impl.FollowerState.run(FollowerState.java:118)
2021-09-22 01:09:42,488 [grpc-default-executor-3] INFO  server.RaftServer$Division (RaftServerImpl.java:requestVote(1075)) - 46189feb-569c-4e6f-be55-dc7298009a0b@group-7D8C5C10C900 replies to ELECTION vote request: 0d23f380-5b64-4336-bea7-d12bd7eaa710<-46189feb-569c-4e6f-be55-dc7298009a0b#0:FAIL-t3. Peer's state: 46189feb-569c-4e6f-be55-dc7298009a0b@group-7D8C5C10C900:t3, leader=null, voted=null, raftlog=46189feb-569c-4e6f-be55-dc7298009a0b@group-7D8C5C10C900-SegmentedRaftLog:OPENED:c-1,f-1,i0, conf=-1: [0d23f380-5b64-4336-bea7-d12bd7eaa710|rpc:10.1.0.5:40155|dataStream:|priority:0, 46189feb-569c-4e6f-be55-dc7298009a0b|rpc:10.1.0.5:40371|dataStream:|priority:1, fff18091-4bc4-4dc4-9e0e-c7b7b9f7a092|rpc:10.1.0.5:43419|dataStream:|priority:0], old=null
2021-09-22 01:09:42,488 [grpc-default-executor-1] INFO  server.RaftServer$Division (RaftServerImpl.java:requestVote(1075)) - fff18091-4bc4-4dc4-9e0e-c7b7b9f7a092@group-7D8C5C10C900 replies to ELECTION vote request: 0d23f380-5b64-4336-bea7-d12bd7eaa710<-fff18091-4bc4-4dc4-9e0e-c7b7b9f7a092#0:OK-t3. Peer's state: fff18091-4bc4-4dc4-9e0e-c7b7b9f7a092@group-7D8C5C10C900:t3, leader=null, voted=0d23f380-5b64-4336-bea7-d12bd7eaa710, raftlog=fff18091-4bc4-4dc4-9e0e-c7b7b9f7a092@group-7D8C5C10C900-SegmentedRaftLog:OPENED:c-1,f-1,i0, conf=-1: [0d23f380-5b64-4336-bea7-d12bd7eaa710|rpc:10.1.0.5:40155|priority:0, 46189feb-569c-4e6f-be55-dc7298009a0b|rpc:10.1.0.5:40371|priority:1, fff18091-4bc4-4dc4-9e0e-c7b7b9f7a092|rpc:10.1.0.5:43419|priority:0], old=null
2021-09-22 01:09:42,493 [0d23f380-5b64-4336-bea7-d12bd7eaa710@group-7D8C5C10C900-LeaderElection21] INFO  impl.LeaderElection (LeaderElection.java:logAndReturn(89)) - 0d23f380-5b64-4336-bea7-d12bd7eaa710@group-7D8C5C10C900-LeaderElection21: ELECTION REJECTED received 2 response(s) and 0 exception(s):
2021-09-22 01:09:42,493 [0d23f380-5b64-4336-bea7-d12bd7eaa710@group-7D8C5C10C900-LeaderElection21] INFO  impl.LeaderElection (LeaderElection.java:logAndReturn(93)) -   Response 0: 0d23f380-5b64-4336-bea7-d12bd7eaa710<-46189feb-569c-4e6f-be55-dc7298009a0b#0:FAIL-t3
2021-09-22 01:09:42,493 [0d23f380-5b64-4336-bea7-d12bd7eaa710@group-7D8C5C10C900-LeaderElection21] INFO  impl.LeaderElection (LeaderElection.java:logAndReturn(93)) -   Response 1: 0d23f380-5b64-4336-bea7-d12bd7eaa710<-fff18091-4bc4-4dc4-9e0e-c7b7b9f7a092#0:OK-t3
2021-09-22 01:09:42,493 [0d23f380-5b64-4336-bea7-d12bd7eaa710@group-7D8C5C10C900-LeaderElection21] INFO  impl.LeaderElection (LeaderElection.java:askForVotes(308)) - 0d23f380-5b64-4336-bea7-d12bd7eaa710@group-7D8C5C10C900-LeaderElection21 ELECTION round 0: result REJECTED
2021-09-22 01:09:42,493 [0d23f380-5b64-4336-bea7-d12bd7eaa710@group-7D8C5C10C900-LeaderElection21] INFO  server.RaftServer$Division (RaftServerImpl.java:setRole(285)) - 0d23f380-5b64-4336-bea7-d12bd7eaa710@group-7D8C5C10C900: changes role from CANDIDATE to FOLLOWER at term 3 for REJECTED
2021-09-22 01:09:42,493 [0d23f380-5b64-4336-bea7-d12bd7eaa710@group-7D8C5C10C900-LeaderElection21] INFO  impl.RoleInfo (RoleInfo.java:shutdownLeaderElection(121)) - 0d23f380-5b64-4336-bea7-d12bd7eaa710: shutdown 0d23f380-5b64-4336-bea7-d12bd7eaa710@group-7D8C5C10C900-LeaderElection21
2021-09-22 01:09:42,493 [0d23f380-5b64-4336-bea7-d12bd7eaa710@group-7D8C5C10C900-LeaderElection21] INFO  impl.RoleInfo (RoleInfo.java:updateAndGet(130)) - 0d23f380-5b64-4336-bea7-d12bd7eaa710: start 0d23f380-5b64-4336-bea7-d12bd7eaa710@group-7D8C5C10C900-FollowerState
2021-09-22 01:09:42,836 [Listener at 127.0.0.1/44817] INFO  ozoneimpl.OzoneContainer (OzoneContainer.java:stop(325)) - Attempting to stop container services.
2021-09-22 01:09:42,839 [Listener at 127.0.0.1/44817] INFO  server.RaftServer (RaftServerProxy.java:lambda$close$6(391)) - 5dfa4197-3b4e-4728-abf2-2d416eda6cfb: close
2021-09-22 01:09:42,839 [Listener at 127.0.0.1/44817] INFO  server.RaftServer$Division (RaftServerImpl.java:lambda$close$4(407)) - 5dfa4197-3b4e-4728-abf2-2d416eda6cfb@group-2C2F94D327A1: shutdown
2021-09-22 01:09:42,840 [Listener at 127.0.0.1/44817] INFO  util.JmxRegister (JmxRegister.java:unregister(73)) - Successfully un-registered JMX Bean with object name Ratis:service=RaftServer,group=group-2C2F94D327A1,id=5dfa4197-3b4e-4728-abf2-2d416eda6cfb
2021-09-22 01:09:42,840 [Listener at 127.0.0.1/44817] INFO  impl.RoleInfo (RoleInfo.java:shutdownFollowerState(108)) - 5dfa4197-3b4e-4728-abf2-2d416eda6cfb: shutdown 5dfa4197-3b4e-4728-abf2-2d416eda6cfb@group-2C2F94D327A1-FollowerState
2021-09-22 01:09:42,840 [5dfa4197-3b4e-4728-abf2-2d416eda6cfb@group-2C2F94D327A1-FollowerState] INFO  impl.FollowerState (FollowerState.java:run(143)) - 5dfa4197-3b4e-4728-abf2-2d416eda6cfb@group-2C2F94D327A1-FollowerState was interrupted: {}
java.lang.InterruptedException: sleep interrupted
	at java.lang.Thread.sleep(Native Method)
	at java.lang.Thread.sleep(Thread.java:340)
	at java.util.concurrent.TimeUnit.sleep(TimeUnit.java:386)
	at org.apache.ratis.util.TimeDuration.sleep(TimeDuration.java:324)
	at org.apache.ratis.util.TimeDuration.sleep(TimeDuration.java:309)
	at org.apache.ratis.server.impl.FollowerState.run(FollowerState.java:118)
2021-09-22 01:09:42,841 [Listener at 127.0.0.1/44817] INFO  impl.StateMachineUpdater (StateMachineUpdater.java:stopAndJoin(149)) - 5dfa4197-3b4e-4728-abf2-2d416eda6cfb@group-2C2F94D327A1-StateMachineUpdater: set stopIndex = 0
2021-09-22 01:09:42,841 [5dfa4197-3b4e-4728-abf2-2d416eda6cfb@group-2C2F94D327A1-StateMachineUpdater] INFO  ratis.ContainerStateMachine (ContainerStateMachine.java:takeSnapshot(292)) - group-2C2F94D327A1: Taking a snapshot at:(t:2, i:0) file /home/runner/work/ozone/ozone/hadoop-ozone/integration-test/target/test-dir/MiniOzoneClusterImpl-25acc1c1-a8f2-4117-88d4-9d8f1e28eca9/datanode-0/data/ratis/bf874198-aeb4-4bc3-a6e8-2c2f94d327a1/sm/snapshot.2_0
2021-09-22 01:09:42,867 [5dfa4197-3b4e-4728-abf2-2d416eda6cfb@group-2C2F94D327A1-StateMachineUpdater] INFO  ratis.ContainerStateMachine (ContainerStateMachine.java:takeSnapshot(303)) - group-2C2F94D327A1: Finished taking a snapshot at:(t:2, i:0) file:/home/runner/work/ozone/ozone/hadoop-ozone/integration-test/target/test-dir/MiniOzoneClusterImpl-25acc1c1-a8f2-4117-88d4-9d8f1e28eca9/datanode-0/data/ratis/bf874198-aeb4-4bc3-a6e8-2c2f94d327a1/sm/snapshot.2_0 took: 26 ms
2021-09-22 01:09:42,868 [5dfa4197-3b4e-4728-abf2-2d416eda6cfb@group-2C2F94D327A1-StateMachineUpdater] INFO  impl.StateMachineUpdater (StateMachineUpdater.java:takeSnapshot(281)) - 5dfa4197-3b4e-4728-abf2-2d416eda6cfb@group-2C2F94D327A1-StateMachineUpdater: Took a snapshot at index 0
2021-09-22 01:09:42,869 [5dfa4197-3b4e-4728-abf2-2d416eda6cfb@group-2C2F94D327A1-StateMachineUpdater] INFO  impl.StateMachineUpdater (StateMachineUpdater.java:lambda$new$0(89)) - 5dfa4197-3b4e-4728-abf2-2d416eda6cfb@group-2C2F94D327A1-StateMachineUpdater: snapshotIndex: updateIncreasingly -1 -> 0
2021-09-22 01:09:42,873 [Listener at 127.0.0.1/44817] INFO  server.RaftServer$Division (ServerState.java:close(419)) - 5dfa4197-3b4e-4728-abf2-2d416eda6cfb@group-2C2F94D327A1: closes. applyIndex: 0
2021-09-22 01:09:42,874 [5dfa4197-3b4e-4728-abf2-2d416eda6cfb@group-2C2F94D327A1-SegmentedRaftLogWorker] INFO  segmented.SegmentedRaftLogWorker (SegmentedRaftLogWorker.java:run(327)) - 5dfa4197-3b4e-4728-abf2-2d416eda6cfb@group-2C2F94D327A1-SegmentedRaftLogWorker was interrupted, exiting. There are 0 tasks remaining in the queue.
2021-09-22 01:09:42,875 [Listener at 127.0.0.1/44817] INFO  segmented.SegmentedRaftLogWorker (SegmentedRaftLogWorker.java:close(237)) - 5dfa4197-3b4e-4728-abf2-2d416eda6cfb@group-2C2F94D327A1-SegmentedRaftLogWorker close()
2021-09-22 01:09:42,876 [Listener at 127.0.0.1/44817] INFO  server.RaftServer$Division (RaftServerImpl.java:lambda$close$4(407)) - 5dfa4197-3b4e-4728-abf2-2d416eda6cfb@group-C62B115EB3BF: shutdown
2021-09-22 01:09:42,876 [Listener at 127.0.0.1/44817] INFO  util.JmxRegister (JmxRegister.java:unregister(73)) - Successfully un-registered JMX Bean with object name Ratis:service=RaftServer,group=group-C62B115EB3BF,id=5dfa4197-3b4e-4728-abf2-2d416eda6cfb
2021-09-22 01:09:42,876 [Listener at 127.0.0.1/44817] INFO  impl.RoleInfo (RoleInfo.java:shutdownFollowerState(108)) - 5dfa4197-3b4e-4728-abf2-2d416eda6cfb: shutdown 5dfa4197-3b4e-4728-abf2-2d416eda6cfb@group-C62B115EB3BF-FollowerState
2021-09-22 01:09:42,876 [Listener at 127.0.0.1/44817] INFO  impl.StateMachineUpdater (StateMachineUpdater.java:stopAndJoin(149)) - 5dfa4197-3b4e-4728-abf2-2d416eda6cfb@group-C62B115EB3BF-StateMachineUpdater: set stopIndex = 16
2021-09-22 01:09:42,877 [5dfa4197-3b4e-4728-abf2-2d416eda6cfb@group-C62B115EB3BF-FollowerState] INFO  impl.FollowerState (FollowerState.java:run(143)) - 5dfa4197-3b4e-4728-abf2-2d416eda6cfb@group-C62B115EB3BF-FollowerState was interrupted: {}
java.lang.InterruptedException: sleep interrupted
	at java.lang.Thread.sleep(Native Method)
	at java.lang.Thread.sleep(Thread.java:340)
	at java.util.concurrent.TimeUnit.sleep(TimeUnit.java:386)
	at org.apache.ratis.util.TimeDuration.sleep(TimeDuration.java:324)
	at org.apache.ratis.util.TimeDuration.sleep(TimeDuration.java:309)
	at org.apache.ratis.server.impl.FollowerState.run(FollowerState.java:118)
2021-09-22 01:09:42,877 [5dfa4197-3b4e-4728-abf2-2d416eda6cfb@group-C62B115EB3BF-StateMachineUpdater] INFO  ratis.ContainerStateMachine (ContainerStateMachine.java:takeSnapshot(292)) - group-C62B115EB3BF: Taking a snapshot at:(t:2, i:16) file /home/runner/work/ozone/ozone/hadoop-ozone/integration-test/target/test-dir/MiniOzoneClusterImpl-25acc1c1-a8f2-4117-88d4-9d8f1e28eca9/datanode-0/data/ratis/4f78cfb6-f575-4110-97bf-c62b115eb3bf/sm/snapshot.2_16
2021-09-22 01:09:42,880 [5dfa4197-3b4e-4728-abf2-2d416eda6cfb@group-C62B115EB3BF-StateMachineUpdater] INFO  ratis.ContainerStateMachine (ContainerStateMachine.java:takeSnapshot(303)) - group-C62B115EB3BF: Finished taking a snapshot at:(t:2, i:16) file:/home/runner/work/ozone/ozone/hadoop-ozone/integration-test/target/test-dir/MiniOzoneClusterImpl-25acc1c1-a8f2-4117-88d4-9d8f1e28eca9/datanode-0/data/ratis/4f78cfb6-f575-4110-97bf-c62b115eb3bf/sm/snapshot.2_16 took: 4 ms
2021-09-22 01:09:42,880 [5dfa4197-3b4e-4728-abf2-2d416eda6cfb@group-C62B115EB3BF-StateMachineUpdater] INFO  impl.StateMachineUpdater (StateMachineUpdater.java:takeSnapshot(281)) - 5dfa4197-3b4e-4728-abf2-2d416eda6cfb@group-C62B115EB3BF-StateMachineUpdater: Took a snapshot at index 16
2021-09-22 01:09:42,880 [5dfa4197-3b4e-4728-abf2-2d416eda6cfb@group-C62B115EB3BF-StateMachineUpdater] INFO  impl.StateMachineUpdater (StateMachineUpdater.java:lambda$new$0(89)) - 5dfa4197-3b4e-4728-abf2-2d416eda6cfb@group-C62B115EB3BF-StateMachineUpdater: snapshotIndex: updateIncreasingly -1 -> 16
2021-09-22 01:09:42,881 [Listener at 127.0.0.1/44817] INFO  server.RaftServer$Division (ServerState.java:close(419)) - 5dfa4197-3b4e-4728-abf2-2d416eda6cfb@group-C62B115EB3BF: closes. applyIndex: 16
2021-09-22 01:09:42,881 [5dfa4197-3b4e-4728-abf2-2d416eda6cfb@group-C62B115EB3BF-SegmentedRaftLogWorker] INFO  segmented.SegmentedRaftLogWorker (SegmentedRaftLogWorker.java:run(327)) - 5dfa4197-3b4e-4728-abf2-2d416eda6cfb@group-C62B115EB3BF-SegmentedRaftLogWorker was interrupted, exiting. There are 0 tasks remaining in the queue.
2021-09-22 01:09:42,882 [Listener at 127.0.0.1/44817] INFO  segmented.SegmentedRaftLogWorker (SegmentedRaftLogWorker.java:close(237)) - 5dfa4197-3b4e-4728-abf2-2d416eda6cfb@group-C62B115EB3BF-SegmentedRaftLogWorker close()
2021-09-22 01:09:42,883 [Listener at 127.0.0.1/44817] INFO  server.RaftServer$Division (RaftServerImpl.java:lambda$close$4(407)) - 5dfa4197-3b4e-4728-abf2-2d416eda6cfb@group-546008E63882: shutdown
2021-09-22 01:09:42,884 [Listener at 127.0.0.1/44817] INFO  util.JmxRegister (JmxRegister.java:unregister(73)) - Successfully un-registered JMX Bean with object name Ratis:service=RaftServer,group=group-546008E63882,id=5dfa4197-3b4e-4728-abf2-2d416eda6cfb
2021-09-22 01:09:42,884 [Listener at 127.0.0.1/44817] INFO  impl.RoleInfo (RoleInfo.java:shutdownLeaderState(91)) - 5dfa4197-3b4e-4728-abf2-2d416eda6cfb: shutdown 5dfa4197-3b4e-4728-abf2-2d416eda6cfb@group-546008E63882-LeaderStateImpl
2021-09-22 01:09:42,884 [Listener at 127.0.0.1/44817] INFO  impl.PendingRequests (PendingRequests.java:sendNotLeaderResponses(282)) - 5dfa4197-3b4e-4728-abf2-2d416eda6cfb@group-546008E63882-PendingRequests: sendNotLeaderResponses
2021-09-22 01:09:42,885 [5dfa4197-3b4e-4728-abf2-2d416eda6cfb@group-546008E63882-StateMachineUpdater] INFO  ratis.ContainerStateMachine (ContainerStateMachine.java:takeSnapshot(292)) - group-546008E63882: Taking a snapshot at:(t:1, i:0) file /home/runner/work/ozone/ozone/hadoop-ozone/integration-test/target/test-dir/MiniOzoneClusterImpl-25acc1c1-a8f2-4117-88d4-9d8f1e28eca9/datanode-0/data/ratis/8abcbfeb-c1f0-424b-80d7-546008e63882/sm/snapshot.1_0
2021-09-22 01:09:42,886 [Listener at 127.0.0.1/44817] INFO  impl.StateMachineUpdater (StateMachineUpdater.java:stopAndJoin(149)) - 5dfa4197-3b4e-4728-abf2-2d416eda6cfb@group-546008E63882-StateMachineUpdater: set stopIndex = 0
2021-09-22 01:09:42,886 [5dfa4197-3b4e-4728-abf2-2d416eda6cfb@group-546008E63882-StateMachineUpdater] INFO  ratis.ContainerStateMachine (ContainerStateMachine.java:takeSnapshot(303)) - group-546008E63882: Finished taking a snapshot at:(t:1, i:0) file:/home/runner/work/ozone/ozone/hadoop-ozone/integration-test/target/test-dir/MiniOzoneClusterImpl-25acc1c1-a8f2-4117-88d4-9d8f1e28eca9/datanode-0/data/ratis/8abcbfeb-c1f0-424b-80d7-546008e63882/sm/snapshot.1_0 took: 1 ms
2021-09-22 01:09:42,886 [5dfa4197-3b4e-4728-abf2-2d416eda6cfb@group-546008E63882-StateMachineUpdater] INFO  impl.StateMachineUpdater (StateMachineUpdater.java:takeSnapshot(281)) - 5dfa4197-3b4e-4728-abf2-2d416eda6cfb@group-546008E63882-StateMachineUpdater: Took a snapshot at index 0
2021-09-22 01:09:42,886 [5dfa4197-3b4e-4728-abf2-2d416eda6cfb@group-546008E63882-StateMachineUpdater] INFO  impl.StateMachineUpdater (StateMachineUpdater.java:lambda$new$0(89)) - 5dfa4197-3b4e-4728-abf2-2d416eda6cfb@group-546008E63882-StateMachineUpdater: snapshotIndex: updateIncreasingly -1 -> 0
2021-09-22 01:09:42,887 [Listener at 127.0.0.1/44817] INFO  server.RaftServer$Division (ServerState.java:close(419)) - 5dfa4197-3b4e-4728-abf2-2d416eda6cfb@group-546008E63882: closes. applyIndex: 0
2021-09-22 01:09:42,887 [5dfa4197-3b4e-4728-abf2-2d416eda6cfb@group-546008E63882-SegmentedRaftLogWorker] INFO  segmented.SegmentedRaftLogWorker (SegmentedRaftLogWorker.java:run(327)) - 5dfa4197-3b4e-4728-abf2-2d416eda6cfb@group-546008E63882-SegmentedRaftLogWorker was interrupted, exiting. There are 0 tasks remaining in the queue.
2021-09-22 01:09:42,888 [Listener at 127.0.0.1/44817] INFO  segmented.SegmentedRaftLogWorker (SegmentedRaftLogWorker.java:close(237)) - 5dfa4197-3b4e-4728-abf2-2d416eda6cfb@group-546008E63882-SegmentedRaftLogWorker close()
2021-09-22 01:09:42,891 [Listener at 127.0.0.1/44817] INFO  server.GrpcService (GrpcService.java:closeImpl(262)) - 5dfa4197-3b4e-4728-abf2-2d416eda6cfb: shutdown server with port 45155 now
2021-09-22 01:09:42,895 [grpc-default-executor-2] WARN  server.GrpcServerProtocolService (LogUtils.java:warn(122)) - 5dfa4197-3b4e-4728-abf2-2d416eda6cfb: installSnapshot onError, lastRequest: 9a2eaa79-e95b-45cd-b00f-a46126e2769a->5dfa4197-3b4e-4728-abf2-2d416eda6cfb#1-t2,previous=(t:0, i:0),leaderCommit=-1,initializing? true,entries: size=1, first=(t:2, i:0), CONFIGURATIONENTRY: org.apache.ratis.thirdparty.io.grpc.StatusRuntimeException: CANCELLED: client cancelled
2021-09-22 01:09:42,895 [grpc-default-executor-1] WARN  server.GrpcServerProtocolService (LogUtils.java:warn(122)) - 5dfa4197-3b4e-4728-abf2-2d416eda6cfb: installSnapshot onError, lastRequest: e58ea0e2-171c-4fa7-a930-6c25c8dc249c->5dfa4197-3b4e-4728-abf2-2d416eda6cfb#48-t2,previous=(t:2, i:15),leaderCommit=14,initializing? true,entries: size=1, first=(t:2, i:16), METADATAENTRY(c:14): org.apache.ratis.thirdparty.io.grpc.StatusRuntimeException: CANCELLED: client cancelled
2021-09-22 01:09:42,901 [grpc-default-executor-3] WARN  server.GrpcLogAppender (LogUtils.java:warn(122)) - e58ea0e2-171c-4fa7-a930-6c25c8dc249c@group-C62B115EB3BF->5dfa4197-3b4e-4728-abf2-2d416eda6cfb-AppendLogResponseHandler: Failed appendEntries: org.apache.ratis.thirdparty.io.grpc.StatusRuntimeException: CANCELLED: HTTP/2 error code: CANCEL
Received Rst Stream
2021-09-22 01:09:42,904 [grpc-default-executor-3] INFO  leader.FollowerInfo (FollowerInfoImpl.java:lambda$new$0(46)) - e58ea0e2-171c-4fa7-a930-6c25c8dc249c@group-C62B115EB3BF->5dfa4197-3b4e-4728-abf2-2d416eda6cfb: nextIndex: updateUnconditionally 17 -> 16
2021-09-22 01:09:42,904 [grpc-default-executor-1] WARN  server.GrpcLogAppender (LogUtils.java:warn(122)) - 9a2eaa79-e95b-45cd-b00f-a46126e2769a@group-2C2F94D327A1->5dfa4197-3b4e-4728-abf2-2d416eda6cfb-AppendLogResponseHandler: Failed appendEntries: org.apache.ratis.thirdparty.io.grpc.StatusRuntimeException: CANCELLED: HTTP/2 error code: CANCEL
Received Rst Stream
2021-09-22 01:09:42,905 [grpc-default-executor-1] WARN  server.GrpcLogAppender (GrpcLogAppender.java:resetClient(111)) - 9a2eaa79-e95b-45cd-b00f-a46126e2769a@group-2C2F94D327A1->5dfa4197-3b4e-4728-abf2-2d416eda6cfb-GrpcLogAppender: Leader has not got in touch with Follower 9a2eaa79-e95b-45cd-b00f-a46126e2769a@group-2C2F94D327A1->5dfa4197-3b4e-4728-abf2-2d416eda6cfb(c0,m0,n1, attendVote=true, lastRpcSendTime=630, lastRpcResponseTime=629) yet, just keep nextIndex unchanged and retry.
2021-09-22 01:09:42,906 [Listener at 127.0.0.1/44817] INFO  server.GrpcService (GrpcService.java:closeImpl(271)) - 5dfa4197-3b4e-4728-abf2-2d416eda6cfb: shutdown server with port 45155 successfully
2021-09-22 01:09:42,906 [org.apache.ratis.util.JvmPauseMonitor$$Lambda$531/1517202074@3ca26714] INFO  util.JvmPauseMonitor (JvmPauseMonitor.java:run(109)) - JvmPauseMonitor-5dfa4197-3b4e-4728-abf2-2d416eda6cfb: Stopped
2021-09-22 01:09:42,907 [Listener at 127.0.0.1/44817] INFO  utils.BackgroundService (BackgroundService.java:shutdown(132)) - Shutting down service BlockDeletingService
2021-09-22 01:09:42,931 [grpc-default-executor-3] WARN  server.GrpcLogAppender (LogUtils.java:warn(122)) - e58ea0e2-171c-4fa7-a930-6c25c8dc249c@group-C62B115EB3BF->5dfa4197-3b4e-4728-abf2-2d416eda6cfb-AppendLogResponseHandler: Failed appendEntries: org.apache.ratis.thirdparty.io.grpc.StatusRuntimeException: UNAVAILABLE: io exception
2021-09-22 01:09:42,932 [grpc-default-executor-3] INFO  leader.FollowerInfo (FollowerInfoImpl.java:lambda$new$0(46)) - e58ea0e2-171c-4fa7-a930-6c25c8dc249c@group-C62B115EB3BF->5dfa4197-3b4e-4728-abf2-2d416eda6cfb: nextIndex: updateUnconditionally 17 -> 16
2021-09-22 01:09:44,781 [grpc-default-executor-3] WARN  server.GrpcLogAppender (LogUtils.java:warn(122)) - 9a2eaa79-e95b-45cd-b00f-a46126e2769a@group-2C2F94D327A1->5dfa4197-3b4e-4728-abf2-2d416eda6cfb-AppendLogResponseHandler: Failed appendEntries: org.apache.ratis.thirdparty.io.grpc.StatusRuntimeException: UNAVAILABLE: io exception
2021-09-22 01:09:44,782 [grpc-default-executor-3] WARN  server.GrpcLogAppender (GrpcLogAppender.java:resetClient(111)) - 9a2eaa79-e95b-45cd-b00f-a46126e2769a@group-2C2F94D327A1->5dfa4197-3b4e-4728-abf2-2d416eda6cfb-GrpcLogAppender: Leader has not got in touch with Follower 9a2eaa79-e95b-45cd-b00f-a46126e2769a@group-2C2F94D327A1->5dfa4197-3b4e-4728-abf2-2d416eda6cfb(c0,m0,n1, attendVote=true, lastRpcSendTime=0, lastRpcResponseTime=2506) yet, just keep nextIndex unchanged and retry.
2021-09-22 01:09:45,417 [grpc-default-executor-3] WARN  server.GrpcLogAppender (LogUtils.java:warn(122)) - e58ea0e2-171c-4fa7-a930-6c25c8dc249c@group-C62B115EB3BF->5dfa4197-3b4e-4728-abf2-2d416eda6cfb-AppendLogResponseHandler: Failed appendEntries: org.apache.ratis.thirdparty.io.grpc.StatusRuntimeException: UNAVAILABLE: io exception
2021-09-22 01:09:45,417 [grpc-default-executor-3] INFO  leader.FollowerInfo (FollowerInfoImpl.java:lambda$new$0(46)) - e58ea0e2-171c-4fa7-a930-6c25c8dc249c@group-C62B115EB3BF->5dfa4197-3b4e-4728-abf2-2d416eda6cfb: nextIndex: updateUnconditionally 17 -> 16
2021-09-22 01:09:45,909 [Listener at 127.0.0.1/44817] INFO  statemachine.DatanodeStateMachine (DatanodeStateMachine.java:stopDaemon(515)) - Ozone container server stopped.
2021-09-22 01:09:45,911 [Listener at 127.0.0.1/44817] INFO  handler.ContextHandler (ContextHandler.java:doStop(1153)) - Stopped o.e.j.w.WebAppContext@656369dd{hddsDatanode,/,null,STOPPED}{jar:file:/home/runner/.m2/repository/org/apache/ozone/hdds-container-service/1.2.0-SNAPSHOT/hdds-container-service-1.2.0-SNAPSHOT.jar!/webapps/hddsDatanode}
2021-09-22 01:09:45,915 [Listener at 127.0.0.1/44817] INFO  server.AbstractConnector (AbstractConnector.java:doStop(381)) - Stopped ServerConnector@514846b6{HTTP/1.1, (http/1.1)}{0.0.0.0:0}
2021-09-22 01:09:45,916 [Listener at 127.0.0.1/44817] INFO  server.session (HouseKeeper.java:stopScavenging(149)) - node0 Stopped scavenging
2021-09-22 01:09:45,916 [Listener at 127.0.0.1/44817] INFO  handler.ContextHandler (ContextHandler.java:doStop(1153)) - Stopped o.e.j.s.ServletContextHandler@20fccfe4{static,/static,jar:file:/home/runner/.m2/repository/org/apache/ozone/hdds-container-service/1.2.0-SNAPSHOT/hdds-container-service-1.2.0-SNAPSHOT.jar!/webapps/static,STOPPED}
2021-09-22 01:09:45,916 [Listener at 127.0.0.1/44817] INFO  handler.ContextHandler (ContextHandler.java:doStop(1153)) - Stopped o.e.j.s.ServletContextHandler@38e1753a{logs,/logs,file:///home/runner/work/ozone/ozone/hadoop-ozone/integration-test/target/log,STOPPED}
2021-09-22 01:09:47,281 [grpc-default-executor-3] WARN  server.GrpcLogAppender (LogUtils.java:warn(122)) - 9a2eaa79-e95b-45cd-b00f-a46126e2769a@group-2C2F94D327A1->5dfa4197-3b4e-4728-abf2-2d416eda6cfb-AppendLogResponseHandler: Failed appendEntries: org.apache.ratis.thirdparty.io.grpc.StatusRuntimeException: UNAVAILABLE: io exception
2021-09-22 01:09:47,282 [grpc-default-executor-3] WARN  server.GrpcLogAppender (GrpcLogAppender.java:resetClient(111)) - 9a2eaa79-e95b-45cd-b00f-a46126e2769a@group-2C2F94D327A1->5dfa4197-3b4e-4728-abf2-2d416eda6cfb-GrpcLogAppender: Leader has not got in touch with Follower 9a2eaa79-e95b-45cd-b00f-a46126e2769a@group-2C2F94D327A1->5dfa4197-3b4e-4728-abf2-2d416eda6cfb(c0,m0,n1, attendVote=true, lastRpcSendTime=2501, lastRpcResponseTime=5006) yet, just keep nextIndex unchanged and retry.
2021-09-22 01:09:47,565 [fff18091-4bc4-4dc4-9e0e-c7b7b9f7a092@group-364F2152D5CE-FollowerState] INFO  impl.FollowerState (FollowerState.java:run(134)) - fff18091-4bc4-4dc4-9e0e-c7b7b9f7a092@group-364F2152D5CE-FollowerState: change to CANDIDATE, lastRpcElapsedTime:5096766747ns, electionTimeout:5093ms
2021-09-22 01:09:47,565 [fff18091-4bc4-4dc4-9e0e-c7b7b9f7a092@group-364F2152D5CE-FollowerState] INFO  impl.RoleInfo (RoleInfo.java:shutdownFollowerState(108)) - fff18091-4bc4-4dc4-9e0e-c7b7b9f7a092: shutdown fff18091-4bc4-4dc4-9e0e-c7b7b9f7a092@group-364F2152D5CE-FollowerState
2021-09-22 01:09:47,565 [fff18091-4bc4-4dc4-9e0e-c7b7b9f7a092@group-364F2152D5CE-FollowerState] INFO  server.RaftServer$Division (RaftServerImpl.java:setRole(285)) - fff18091-4bc4-4dc4-9e0e-c7b7b9f7a092@group-364F2152D5CE: changes role from  FOLLOWER to CANDIDATE at term 3 for changeToCandidate
2021-09-22 01:09:47,565 [fff18091-4bc4-4dc4-9e0e-c7b7b9f7a092@group-364F2152D5CE-FollowerState] INFO  server.RaftServerConfigKeys (ConfUtils.java:logGet(44)) - raft.server.leaderelection.pre-vote = false (custom)
2021-09-22 01:09:47,566 [fff18091-4bc4-4dc4-9e0e-c7b7b9f7a092@group-364F2152D5CE-FollowerState] INFO  impl.RoleInfo (RoleInfo.java:updateAndGet(130)) - fff18091-4bc4-4dc4-9e0e-c7b7b9f7a092: start fff18091-4bc4-4dc4-9e0e-c7b7b9f7a092@group-364F2152D5CE-LeaderElection23
2021-09-22 01:09:47,567 [0d23f380-5b64-4336-bea7-d12bd7eaa710@group-7D8C5C10C900-FollowerState] INFO  impl.FollowerState (FollowerState.java:run(134)) - 0d23f380-5b64-4336-bea7-d12bd7eaa710@group-7D8C5C10C900-FollowerState: change to CANDIDATE, lastRpcElapsedTime:5073660948ns, electionTimeout:5073ms
2021-09-22 01:09:47,567 [0d23f380-5b64-4336-bea7-d12bd7eaa710@group-7D8C5C10C900-FollowerState] INFO  impl.RoleInfo (RoleInfo.java:shutdownFollowerState(108)) - 0d23f380-5b64-4336-bea7-d12bd7eaa710: shutdown 0d23f380-5b64-4336-bea7-d12bd7eaa710@group-7D8C5C10C900-FollowerState
2021-09-22 01:09:47,567 [0d23f380-5b64-4336-bea7-d12bd7eaa710@group-7D8C5C10C900-FollowerState] INFO  server.RaftServer$Division (RaftServerImpl.java:setRole(285)) - 0d23f380-5b64-4336-bea7-d12bd7eaa710@group-7D8C5C10C900: changes role from  FOLLOWER to CANDIDATE at term 3 for changeToCandidate
2021-09-22 01:09:47,571 [0d23f380-5b64-4336-bea7-d12bd7eaa710@group-7D8C5C10C900-FollowerState] INFO  server.RaftServerConfigKeys (ConfUtils.java:logGet(44)) - raft.server.leaderelection.pre-vote = false (custom)
2021-09-22 01:09:47,571 [0d23f380-5b64-4336-bea7-d12bd7eaa710@group-7D8C5C10C900-FollowerState] INFO  impl.RoleInfo (RoleInfo.java:updateAndGet(130)) - 0d23f380-5b64-4336-bea7-d12bd7eaa710: start 0d23f380-5b64-4336-bea7-d12bd7eaa710@group-7D8C5C10C900-LeaderElection24
2021-09-22 01:09:47,590 [0d23f380-5b64-4336-bea7-d12bd7eaa710@group-7D8C5C10C900-LeaderElection24] INFO  impl.LeaderElection (LeaderElection.java:askForVotes(306)) - 0d23f380-5b64-4336-bea7-d12bd7eaa710@group-7D8C5C10C900-LeaderElection24 ELECTION round 0: submit vote requests at term 4 for -1: [0d23f380-5b64-4336-bea7-d12bd7eaa710|rpc:10.1.0.5:40155|dataStream:|priority:0, 46189feb-569c-4e6f-be55-dc7298009a0b|rpc:10.1.0.5:40371|dataStream:|priority:1, fff18091-4bc4-4dc4-9e0e-c7b7b9f7a092|rpc:10.1.0.5:43419|dataStream:|priority:0], old=null
2021-09-22 01:09:47,590 [fff18091-4bc4-4dc4-9e0e-c7b7b9f7a092@group-364F2152D5CE-LeaderElection23] INFO  impl.LeaderElection (LeaderElection.java:askForVotes(306)) - fff18091-4bc4-4dc4-9e0e-c7b7b9f7a092@group-364F2152D5CE-LeaderElection23 ELECTION round 0: submit vote requests at term 4 for -1: [0d23f380-5b64-4336-bea7-d12bd7eaa710|rpc:10.1.0.5:40155|priority:1, 46189feb-569c-4e6f-be55-dc7298009a0b|rpc:10.1.0.5:40371|priority:0, fff18091-4bc4-4dc4-9e0e-c7b7b9f7a092|rpc:10.1.0.5:43419|priority:0], old=null
2021-09-22 01:09:47,616 [grpc-default-executor-3] INFO  server.RaftServer$Division (RaftServerImpl.java:requestVote(1043)) - 46189feb-569c-4e6f-be55-dc7298009a0b@group-7D8C5C10C900: receive requestVote(ELECTION, 0d23f380-5b64-4336-bea7-d12bd7eaa710, group-7D8C5C10C900, 4, (t:0, i:0))
2021-09-22 01:09:47,623 [46189feb-569c-4e6f-be55-dc7298009a0b@group-7D8C5C10C900-FollowerState] INFO  impl.FollowerState (FollowerState.java:run(134)) - 46189feb-569c-4e6f-be55-dc7298009a0b@group-7D8C5C10C900-FollowerState: change to CANDIDATE, lastRpcElapsedTime:5139774830ns, electionTimeout:5124ms
2021-09-22 01:09:47,628 [46189feb-569c-4e6f-be55-dc7298009a0b@group-7D8C5C10C900-FollowerState] INFO  impl.RoleInfo (RoleInfo.java:shutdownFollowerState(108)) - 46189feb-569c-4e6f-be55-dc7298009a0b: shutdown 46189feb-569c-4e6f-be55-dc7298009a0b@group-7D8C5C10C900-FollowerState
2021-09-22 01:09:47,628 [46189feb-569c-4e6f-be55-dc7298009a0b@group-7D8C5C10C900-FollowerState] INFO  server.RaftServer$Division (RaftServerImpl.java:setRole(285)) - 46189feb-569c-4e6f-be55-dc7298009a0b@group-7D8C5C10C900: changes role from  FOLLOWER to CANDIDATE at term 3 for changeToCandidate
2021-09-22 01:09:47,628 [46189feb-569c-4e6f-be55-dc7298009a0b@group-7D8C5C10C900-FollowerState] INFO  server.RaftServerConfigKeys (ConfUtils.java:logGet(44)) - raft.server.leaderelection.pre-vote = false (custom)
2021-09-22 01:09:47,628 [46189feb-569c-4e6f-be55-dc7298009a0b@group-7D8C5C10C900-FollowerState] INFO  impl.RoleInfo (RoleInfo.java:updateAndGet(130)) - 46189feb-569c-4e6f-be55-dc7298009a0b: start 46189feb-569c-4e6f-be55-dc7298009a0b@group-7D8C5C10C900-LeaderElection25
2021-09-22 01:09:47,616 [grpc-default-executor-1] INFO  server.RaftServer$Division (RaftServerImpl.java:requestVote(1043)) - 0d23f380-5b64-4336-bea7-d12bd7eaa710@group-364F2152D5CE: receive requestVote(ELECTION, fff18091-4bc4-4dc4-9e0e-c7b7b9f7a092, group-364F2152D5CE, 4, (t:0, i:0))
2021-09-22 01:09:47,628 [grpc-default-executor-1] INFO  impl.VoteContext (VoteContext.java:log(48)) - 0d23f380-5b64-4336-bea7-d12bd7eaa710@group-364F2152D5CE-FOLLOWER: reject ELECTION from fff18091-4bc4-4dc4-9e0e-c7b7b9f7a092: our priority 1 > candidate's priority 0
2021-09-22 01:09:47,628 [grpc-default-executor-1] INFO  server.RaftServer$Division (RaftServerImpl.java:setRole(285)) - 0d23f380-5b64-4336-bea7-d12bd7eaa710@group-364F2152D5CE: changes role from  FOLLOWER to FOLLOWER at term 4 for candidate:fff18091-4bc4-4dc4-9e0e-c7b7b9f7a092
2021-09-22 01:09:47,628 [grpc-default-executor-1] INFO  impl.RoleInfo (RoleInfo.java:shutdownFollowerState(108)) - 0d23f380-5b64-4336-bea7-d12bd7eaa710: shutdown 0d23f380-5b64-4336-bea7-d12bd7eaa710@group-364F2152D5CE-FollowerState
2021-09-22 01:09:47,631 [grpc-default-executor-3] INFO  impl.VoteContext (VoteContext.java:log(48)) - 46189feb-569c-4e6f-be55-dc7298009a0b@group-7D8C5C10C900-CANDIDATE: reject ELECTION from 0d23f380-5b64-4336-bea7-d12bd7eaa710: our priority 1 > candidate's priority 0
2021-09-22 01:09:47,631 [grpc-default-executor-3] INFO  server.RaftServer$Division (RaftServerImpl.java:setRole(285)) - 46189feb-569c-4e6f-be55-dc7298009a0b@group-7D8C5C10C900: changes role from CANDIDATE to FOLLOWER at term 4 for candidate:0d23f380-5b64-4336-bea7-d12bd7eaa710
2021-09-22 01:09:47,631 [grpc-default-executor-3] INFO  impl.RoleInfo (RoleInfo.java:shutdownLeaderElection(121)) - 46189feb-569c-4e6f-be55-dc7298009a0b: shutdown 46189feb-569c-4e6f-be55-dc7298009a0b@group-7D8C5C10C900-LeaderElection25
2021-09-22 01:09:47,631 [grpc-default-executor-3] INFO  impl.RoleInfo (RoleInfo.java:updateAndGet(130)) - 46189feb-569c-4e6f-be55-dc7298009a0b: start 46189feb-569c-4e6f-be55-dc7298009a0b@group-7D8C5C10C900-FollowerState
2021-09-22 01:09:47,631 [46189feb-569c-4e6f-be55-dc7298009a0b@group-7D8C5C10C900-LeaderElection25] INFO  impl.LeaderElection (LeaderElection.java:run(230)) - 46189feb-569c-4e6f-be55-dc7298009a0b@group-7D8C5C10C900-LeaderElection25: skip running since this is already CLOSING
2021-09-22 01:09:47,635 [grpc-default-executor-1] INFO  impl.RoleInfo (RoleInfo.java:updateAndGet(130)) - 0d23f380-5b64-4336-bea7-d12bd7eaa710: start 0d23f380-5b64-4336-bea7-d12bd7eaa710@group-364F2152D5CE-FollowerState
2021-09-22 01:09:47,635 [0d23f380-5b64-4336-bea7-d12bd7eaa710@group-364F2152D5CE-FollowerState] INFO  impl.FollowerState (FollowerState.java:run(143)) - 0d23f380-5b64-4336-bea7-d12bd7eaa710@group-364F2152D5CE-FollowerState was interrupted: {}
java.lang.InterruptedException: sleep interrupted
	at java.lang.Thread.sleep(Native Method)
	at java.lang.Thread.sleep(Thread.java:340)
	at java.util.concurrent.TimeUnit.sleep(TimeUnit.java:386)
	at org.apache.ratis.util.TimeDuration.sleep(TimeDuration.java:324)
	at org.apache.ratis.util.TimeDuration.sleep(TimeDuration.java:309)
	at org.apache.ratis.server.impl.FollowerState.run(FollowerState.java:118)
2021-09-22 01:09:47,636 [grpc-default-executor-0] INFO  server.RaftServer$Division (RaftServerImpl.java:requestVote(1043)) - fff18091-4bc4-4dc4-9e0e-c7b7b9f7a092@group-7D8C5C10C900: receive requestVote(ELECTION, 0d23f380-5b64-4336-bea7-d12bd7eaa710, group-7D8C5C10C900, 4, (t:0, i:0))
2021-09-22 01:09:47,636 [grpc-default-executor-0] INFO  impl.VoteContext (VoteContext.java:log(48)) - fff18091-4bc4-4dc4-9e0e-c7b7b9f7a092@group-7D8C5C10C900-FOLLOWER: accept ELECTION from 0d23f380-5b64-4336-bea7-d12bd7eaa710: our priority 0 <= candidate's priority 0
2021-09-22 01:09:47,636 [grpc-default-executor-0] INFO  server.RaftServer$Division (RaftServerImpl.java:setRole(285)) - fff18091-4bc4-4dc4-9e0e-c7b7b9f7a092@group-7D8C5C10C900: changes role from  FOLLOWER to FOLLOWER at term 4 for candidate:0d23f380-5b64-4336-bea7-d12bd7eaa710
2021-09-22 01:09:47,636 [grpc-default-executor-0] INFO  impl.RoleInfo (RoleInfo.java:shutdownFollowerState(108)) - fff18091-4bc4-4dc4-9e0e-c7b7b9f7a092: shutdown fff18091-4bc4-4dc4-9e0e-c7b7b9f7a092@group-7D8C5C10C900-FollowerState
2021-09-22 01:09:47,635 [grpc-default-executor-2] INFO  server.RaftServer$Division (RaftServerImpl.java:requestVote(1043)) - 46189feb-569c-4e6f-be55-dc7298009a0b@group-364F2152D5CE: receive requestVote(ELECTION, fff18091-4bc4-4dc4-9e0e-c7b7b9f7a092, group-364F2152D5CE, 4, (t:0, i:0))
2021-09-22 01:09:47,636 [grpc-default-executor-2] INFO  impl.VoteContext (VoteContext.java:log(48)) - 46189feb-569c-4e6f-be55-dc7298009a0b@group-364F2152D5CE-FOLLOWER: accept ELECTION from fff18091-4bc4-4dc4-9e0e-c7b7b9f7a092: our priority 0 <= candidate's priority 0
2021-09-22 01:09:47,636 [grpc-default-executor-2] INFO  server.RaftServer$Division (RaftServerImpl.java:setRole(285)) - 46189feb-569c-4e6f-be55-dc7298009a0b@group-364F2152D5CE: changes role from  FOLLOWER to FOLLOWER at term 4 for candidate:fff18091-4bc4-4dc4-9e0e-c7b7b9f7a092
2021-09-22 01:09:47,636 [grpc-default-executor-2] INFO  impl.RoleInfo (RoleInfo.java:shutdownFollowerState(108)) - 46189feb-569c-4e6f-be55-dc7298009a0b: shutdown 46189feb-569c-4e6f-be55-dc7298009a0b@group-364F2152D5CE-FollowerState
2021-09-22 01:09:47,638 [grpc-default-executor-2] INFO  impl.RoleInfo (RoleInfo.java:updateAndGet(130)) - 46189feb-569c-4e6f-be55-dc7298009a0b: start 46189feb-569c-4e6f-be55-dc7298009a0b@group-364F2152D5CE-FollowerState
2021-09-22 01:09:47,638 [46189feb-569c-4e6f-be55-dc7298009a0b@group-364F2152D5CE-FollowerState] INFO  impl.FollowerState (FollowerState.java:run(143)) - 46189feb-569c-4e6f-be55-dc7298009a0b@group-364F2152D5CE-FollowerState was interrupted: {}
java.lang.InterruptedException: sleep interrupted
	at java.lang.Thread.sleep(Native Method)
	at java.lang.Thread.sleep(Thread.java:340)
	at java.util.concurrent.TimeUnit.sleep(TimeUnit.java:386)
	at org.apache.ratis.util.TimeDuration.sleep(TimeDuration.java:324)
	at org.apache.ratis.util.TimeDuration.sleep(TimeDuration.java:309)
	at org.apache.ratis.server.impl.FollowerState.run(FollowerState.java:118)
2021-09-22 01:09:47,640 [grpc-default-executor-2] INFO  server.RaftServer$Division (RaftServerImpl.java:requestVote(1075)) - 46189feb-569c-4e6f-be55-dc7298009a0b@group-364F2152D5CE replies to ELECTION vote request: fff18091-4bc4-4dc4-9e0e-c7b7b9f7a092<-46189feb-569c-4e6f-be55-dc7298009a0b#0:OK-t4. Peer's state: 46189feb-569c-4e6f-be55-dc7298009a0b@group-364F2152D5CE:t4, leader=null, voted=fff18091-4bc4-4dc4-9e0e-c7b7b9f7a092, raftlog=46189feb-569c-4e6f-be55-dc7298009a0b@group-364F2152D5CE-SegmentedRaftLog:OPENED:c-1,f-1,i0, conf=-1: [0d23f380-5b64-4336-bea7-d12bd7eaa710|rpc:10.1.0.5:40155|dataStream:|priority:1, 46189feb-569c-4e6f-be55-dc7298009a0b|rpc:10.1.0.5:40371|dataStream:|priority:0, fff18091-4bc4-4dc4-9e0e-c7b7b9f7a092|rpc:10.1.0.5:43419|dataStream:|priority:0], old=null
2021-09-22 01:09:47,639 [grpc-default-executor-3] INFO  server.RaftServer$Division (RaftServerImpl.java:requestVote(1075)) - 46189feb-569c-4e6f-be55-dc7298009a0b@group-7D8C5C10C900 replies to ELECTION vote request: 0d23f380-5b64-4336-bea7-d12bd7eaa710<-46189feb-569c-4e6f-be55-dc7298009a0b#0:FAIL-t4. Peer's state: 46189feb-569c-4e6f-be55-dc7298009a0b@group-7D8C5C10C900:t4, leader=null, voted=null, raftlog=46189feb-569c-4e6f-be55-dc7298009a0b@group-7D8C5C10C900-SegmentedRaftLog:OPENED:c-1,f-1,i0, conf=-1: [0d23f380-5b64-4336-bea7-d12bd7eaa710|rpc:10.1.0.5:40155|dataStream:|priority:0, 46189feb-569c-4e6f-be55-dc7298009a0b|rpc:10.1.0.5:40371|dataStream:|priority:1, fff18091-4bc4-4dc4-9e0e-c7b7b9f7a092|rpc:10.1.0.5:43419|dataStream:|priority:0], old=null
2021-09-22 01:09:47,639 [grpc-default-executor-1] INFO  server.RaftServer$Division (RaftServerImpl.java:requestVote(1075)) - 0d23f380-5b64-4336-bea7-d12bd7eaa710@group-364F2152D5CE replies to ELECTION vote request: fff18091-4bc4-4dc4-9e0e-c7b7b9f7a092<-0d23f380-5b64-4336-bea7-d12bd7eaa710#0:FAIL-t4. Peer's state: 0d23f380-5b64-4336-bea7-d12bd7eaa710@group-364F2152D5CE:t4, leader=null, voted=null, raftlog=0d23f380-5b64-4336-bea7-d12bd7eaa710@group-364F2152D5CE-SegmentedRaftLog:OPENED:c-1,f-1,i0, conf=-1: [0d23f380-5b64-4336-bea7-d12bd7eaa710|rpc:10.1.0.5:40155|dataStream:|priority:1, 46189feb-569c-4e6f-be55-dc7298009a0b|rpc:10.1.0.5:40371|dataStream:|priority:0, fff18091-4bc4-4dc4-9e0e-c7b7b9f7a092|rpc:10.1.0.5:43419|dataStream:|priority:0], old=null
2021-09-22 01:09:47,638 [fff18091-4bc4-4dc4-9e0e-c7b7b9f7a092@group-7D8C5C10C900-FollowerState] INFO  impl.FollowerState (FollowerState.java:run(143)) - fff18091-4bc4-4dc4-9e0e-c7b7b9f7a092@group-7D8C5C10C900-FollowerState was interrupted: {}
java.lang.InterruptedException: sleep interrupted
	at java.lang.Thread.sleep(Native Method)
	at java.lang.Thread.sleep(Thread.java:340)
	at java.util.concurrent.TimeUnit.sleep(TimeUnit.java:386)
	at org.apache.ratis.util.TimeDuration.sleep(TimeDuration.java:324)
	at org.apache.ratis.util.TimeDuration.sleep(TimeDuration.java:309)
	at org.apache.ratis.server.impl.FollowerState.run(FollowerState.java:118)
2021-09-22 01:09:47,638 [grpc-default-executor-0] INFO  impl.RoleInfo (RoleInfo.java:updateAndGet(130)) - fff18091-4bc4-4dc4-9e0e-c7b7b9f7a092: start fff18091-4bc4-4dc4-9e0e-c7b7b9f7a092@group-7D8C5C10C900-FollowerState
2021-09-22 01:09:47,655 [0d23f380-5b64-4336-bea7-d12bd7eaa710@group-7D8C5C10C900-LeaderElection24] INFO  impl.LeaderElection (LeaderElection.java:logAndReturn(89)) - 0d23f380-5b64-4336-bea7-d12bd7eaa710@group-7D8C5C10C900-LeaderElection24: ELECTION REJECTED received 1 response(s) and 0 exception(s):
2021-09-22 01:09:47,655 [0d23f380-5b64-4336-bea7-d12bd7eaa710@group-7D8C5C10C900-LeaderElection24] INFO  impl.LeaderElection (LeaderElection.java:logAndReturn(93)) -   Response 0: 0d23f380-5b64-4336-bea7-d12bd7eaa710<-46189feb-569c-4e6f-be55-dc7298009a0b#0:FAIL-t4
2021-09-22 01:09:47,655 [0d23f380-5b64-4336-bea7-d12bd7eaa710@group-7D8C5C10C900-LeaderElection24] INFO  impl.LeaderElection (LeaderElection.java:askForVotes(308)) - 0d23f380-5b64-4336-bea7-d12bd7eaa710@group-7D8C5C10C900-LeaderElection24 ELECTION round 0: result REJECTED
2021-09-22 01:09:47,655 [0d23f380-5b64-4336-bea7-d12bd7eaa710@group-7D8C5C10C900-LeaderElection24] INFO  server.RaftServer$Division (RaftServerImpl.java:setRole(285)) - 0d23f380-5b64-4336-bea7-d12bd7eaa710@group-7D8C5C10C900: changes role from CANDIDATE to FOLLOWER at term 4 for REJECTED
2021-09-22 01:09:47,655 [0d23f380-5b64-4336-bea7-d12bd7eaa710@group-7D8C5C10C900-LeaderElection24] INFO  impl.RoleInfo (RoleInfo.java:shutdownLeaderElection(121)) - 0d23f380-5b64-4336-bea7-d12bd7eaa710: shutdown 0d23f380-5b64-4336-bea7-d12bd7eaa710@group-7D8C5C10C900-LeaderElection24
2021-09-22 01:09:47,655 [0d23f380-5b64-4336-bea7-d12bd7eaa710@group-7D8C5C10C900-LeaderElection24] INFO  impl.RoleInfo (RoleInfo.java:updateAndGet(130)) - 0d23f380-5b64-4336-bea7-d12bd7eaa710: start 0d23f380-5b64-4336-bea7-d12bd7eaa710@group-7D8C5C10C900-FollowerState
2021-09-22 01:09:47,660 [grpc-default-executor-0] INFO  server.RaftServer$Division (RaftServerImpl.java:requestVote(1075)) - fff18091-4bc4-4dc4-9e0e-c7b7b9f7a092@group-7D8C5C10C900 replies to ELECTION vote request: 0d23f380-5b64-4336-bea7-d12bd7eaa710<-fff18091-4bc4-4dc4-9e0e-c7b7b9f7a092#0:OK-t4. Peer's state: fff18091-4bc4-4dc4-9e0e-c7b7b9f7a092@group-7D8C5C10C900:t4, leader=null, voted=0d23f380-5b64-4336-bea7-d12bd7eaa710, raftlog=fff18091-4bc4-4dc4-9e0e-c7b7b9f7a092@group-7D8C5C10C900-SegmentedRaftLog:OPENED:c-1,f-1,i0, conf=-1: [0d23f380-5b64-4336-bea7-d12bd7eaa710|rpc:10.1.0.5:40155|priority:0, 46189feb-569c-4e6f-be55-dc7298009a0b|rpc:10.1.0.5:40371|priority:1, fff18091-4bc4-4dc4-9e0e-c7b7b9f7a092|rpc:10.1.0.5:43419|priority:0], old=null
2021-09-22 01:09:47,661 [fff18091-4bc4-4dc4-9e0e-c7b7b9f7a092@group-364F2152D5CE-LeaderElection23] INFO  impl.LeaderElection (LeaderElection.java:logAndReturn(89)) - fff18091-4bc4-4dc4-9e0e-c7b7b9f7a092@group-364F2152D5CE-LeaderElection23: ELECTION REJECTED received 1 response(s) and 0 exception(s):
2021-09-22 01:09:47,661 [fff18091-4bc4-4dc4-9e0e-c7b7b9f7a092@group-364F2152D5CE-LeaderElection23] INFO  impl.LeaderElection (LeaderElection.java:logAndReturn(93)) -   Response 0: fff18091-4bc4-4dc4-9e0e-c7b7b9f7a092<-0d23f380-5b64-4336-bea7-d12bd7eaa710#0:FAIL-t4
2021-09-22 01:09:47,661 [fff18091-4bc4-4dc4-9e0e-c7b7b9f7a092@group-364F2152D5CE-LeaderElection23] INFO  impl.LeaderElection (LeaderElection.java:askForVotes(308)) - fff18091-4bc4-4dc4-9e0e-c7b7b9f7a092@group-364F2152D5CE-LeaderElection23 ELECTION round 0: result REJECTED
2021-09-22 01:09:47,661 [fff18091-4bc4-4dc4-9e0e-c7b7b9f7a092@group-364F2152D5CE-LeaderElection23] INFO  server.RaftServer$Division (RaftServerImpl.java:setRole(285)) - fff18091-4bc4-4dc4-9e0e-c7b7b9f7a092@group-364F2152D5CE: changes role from CANDIDATE to FOLLOWER at term 4 for REJECTED
2021-09-22 01:09:47,661 [fff18091-4bc4-4dc4-9e0e-c7b7b9f7a092@group-364F2152D5CE-LeaderElection23] INFO  impl.RoleInfo (RoleInfo.java:shutdownLeaderElection(121)) - fff18091-4bc4-4dc4-9e0e-c7b7b9f7a092: shutdown fff18091-4bc4-4dc4-9e0e-c7b7b9f7a092@group-364F2152D5CE-LeaderElection23
2021-09-22 01:09:47,661 [fff18091-4bc4-4dc4-9e0e-c7b7b9f7a092@group-364F2152D5CE-LeaderElection23] INFO  impl.RoleInfo (RoleInfo.java:updateAndGet(130)) - fff18091-4bc4-4dc4-9e0e-c7b7b9f7a092: start fff18091-4bc4-4dc4-9e0e-c7b7b9f7a092@group-364F2152D5CE-FollowerState
2021-09-22 01:09:47,717 [EventQueue-StaleNodeForStaleNodeHandler] INFO  node.StaleNodeHandler (StaleNodeHandler.java:onMessage(58)) - Datanode 5dfa4197-3b4e-4728-abf2-2d416eda6cfb{ip: 10.1.0.5, host: fv-az294-326.eaanfquahm5ulb5tj050gcxych.jx.internal.cloudapp.net, ports: [REPLICATION=41851, RATIS=45155, RATIS_ADMIN=45155, RATIS_SERVER=45155, STANDALONE=33797], networkLocation: /default-rack, certSerialId: null, persistedOpState: IN_SERVICE, persistedOpStateExpiryEpochSec: 0} moved to stale state. Finalizing its pipelines [PipelineID=bf874198-aeb4-4bc3-a6e8-2c2f94d327a1, PipelineID=4f78cfb6-f575-4110-97bf-c62b115eb3bf, PipelineID=8abcbfeb-c1f0-424b-80d7-546008e63882]
2021-09-22 01:09:47,718 [EventQueue-StaleNodeForStaleNodeHandler] INFO  pipeline.PipelineManagerImpl (PipelineManagerImpl.java:closePipeline(342)) - Pipeline Pipeline[ Id: bf874198-aeb4-4bc3-a6e8-2c2f94d327a1, Nodes: e58ea0e2-171c-4fa7-a930-6c25c8dc249c{ip: 10.1.0.5, host: fv-az294-326.eaanfquahm5ulb5tj050gcxych.jx.internal.cloudapp.net, ports: [REPLICATION=44987, RATIS=36231, RATIS_ADMIN=36231, RATIS_SERVER=36231, STANDALONE=33533], networkLocation: /default-rack, certSerialId: null, persistedOpState: IN_SERVICE, persistedOpStateExpiryEpochSec: 0}9a2eaa79-e95b-45cd-b00f-a46126e2769a{ip: 10.1.0.5, host: fv-az294-326.eaanfquahm5ulb5tj050gcxych.jx.internal.cloudapp.net, ports: [REPLICATION=43617, RATIS=42817, RATIS_ADMIN=42817, RATIS_SERVER=42817, STANDALONE=35193], networkLocation: /default-rack, certSerialId: null, persistedOpState: IN_SERVICE, persistedOpStateExpiryEpochSec: 0}5dfa4197-3b4e-4728-abf2-2d416eda6cfb{ip: 10.1.0.5, host: fv-az294-326.eaanfquahm5ulb5tj050gcxych.jx.internal.cloudapp.net, ports: [REPLICATION=41851, RATIS=45155, RATIS_ADMIN=45155, RATIS_SERVER=45155, STANDALONE=33797], networkLocation: /default-rack, certSerialId: null, persistedOpState: IN_SERVICE, persistedOpStateExpiryEpochSec: 0}, ReplicationConfig: RATIS/THREE, State:OPEN, leaderId:9a2eaa79-e95b-45cd-b00f-a46126e2769a, CreationTimestamp2021-09-22T01:09:23.891Z[Etc/UTC]] moved to CLOSED state
2021-09-22 01:09:47,718 [EventQueue-StaleNodeForStaleNodeHandler] INFO  pipeline.PipelineManagerImpl (PipelineManagerImpl.java:closePipeline(342)) - Pipeline Pipeline[ Id: 4f78cfb6-f575-4110-97bf-c62b115eb3bf, Nodes: 5dfa4197-3b4e-4728-abf2-2d416eda6cfb{ip: 10.1.0.5, host: fv-az294-326.eaanfquahm5ulb5tj050gcxych.jx.internal.cloudapp.net, ports: [REPLICATION=41851, RATIS=45155, RATIS_ADMIN=45155, RATIS_SERVER=45155, STANDALONE=33797], networkLocation: /default-rack, certSerialId: null, persistedOpState: IN_SERVICE, persistedOpStateExpiryEpochSec: 0}9a2eaa79-e95b-45cd-b00f-a46126e2769a{ip: 10.1.0.5, host: fv-az294-326.eaanfquahm5ulb5tj050gcxych.jx.internal.cloudapp.net, ports: [REPLICATION=43617, RATIS=42817, RATIS_ADMIN=42817, RATIS_SERVER=42817, STANDALONE=35193], networkLocation: /default-rack, certSerialId: null, persistedOpState: IN_SERVICE, persistedOpStateExpiryEpochSec: 0}e58ea0e2-171c-4fa7-a930-6c25c8dc249c{ip: 10.1.0.5, host: fv-az294-326.eaanfquahm5ulb5tj050gcxych.jx.internal.cloudapp.net, ports: [REPLICATION=44987, RATIS=36231, RATIS_ADMIN=36231, RATIS_SERVER=36231, STANDALONE=33533], networkLocation: /default-rack, certSerialId: null, persistedOpState: IN_SERVICE, persistedOpStateExpiryEpochSec: 0}, ReplicationConfig: RATIS/THREE, State:OPEN, leaderId:e58ea0e2-171c-4fa7-a930-6c25c8dc249c, CreationTimestamp2021-09-22T01:09:23.889Z[Etc/UTC]] moved to CLOSED state
2021-09-22 01:09:47,720 [EventQueue-StaleNodeForStaleNodeHandler] INFO  pipeline.PipelineManagerImpl (PipelineManagerImpl.java:closePipeline(342)) - Pipeline Pipeline[ Id: 8abcbfeb-c1f0-424b-80d7-546008e63882, Nodes: 5dfa4197-3b4e-4728-abf2-2d416eda6cfb{ip: 10.1.0.5, host: fv-az294-326.eaanfquahm5ulb5tj050gcxych.jx.internal.cloudapp.net, ports: [REPLICATION=41851, RATIS=45155, RATIS_ADMIN=45155, RATIS_SERVER=45155, STANDALONE=33797], networkLocation: /default-rack, certSerialId: null, persistedOpState: IN_SERVICE, persistedOpStateExpiryEpochSec: 0}, ReplicationConfig: RATIS/ONE, State:OPEN, leaderId:5dfa4197-3b4e-4728-abf2-2d416eda6cfb, CreationTimestamp2021-09-22T01:09:23.135Z[Etc/UTC]] moved to CLOSED state
2021-09-22 01:09:47,720 [EventQueue-CloseContainerForCloseContainerEventHandler] INFO  container.CloseContainerEventHandler (CloseContainerEventHandler.java:onMessage(69)) - Close container Event triggered for container : #1
2021-09-22 01:09:47,919 [grpc-default-executor-0] WARN  server.GrpcLogAppender (LogUtils.java:warn(122)) - e58ea0e2-171c-4fa7-a930-6c25c8dc249c@group-C62B115EB3BF->5dfa4197-3b4e-4728-abf2-2d416eda6cfb-AppendLogResponseHandler: Failed appendEntries: org.apache.ratis.thirdparty.io.grpc.StatusRuntimeException: UNAVAILABLE: io exception
2021-09-22 01:09:47,919 [grpc-default-executor-0] INFO  leader.FollowerInfo (FollowerInfoImpl.java:lambda$new$0(46)) - e58ea0e2-171c-4fa7-a930-6c25c8dc249c@group-C62B115EB3BF->5dfa4197-3b4e-4728-abf2-2d416eda6cfb: nextIndex: updateUnconditionally 17 -> 16
2021-09-22 01:09:49,631 [Datanode State Machine Thread - 0] WARN  statemachine.StateContext (StateContext.java:execute(621)) - No available thread in pool for past 1 seconds.
2021-09-22 01:09:49,643 [grpc-default-executor-0] WARN  server.GrpcLogAppender (LogUtils.java:warn(122)) - e58ea0e2-171c-4fa7-a930-6c25c8dc249c@group-C62B115EB3BF->5dfa4197-3b4e-4728-abf2-2d416eda6cfb-AppendLogResponseHandler: Failed appendEntries: org.apache.ratis.thirdparty.io.grpc.StatusRuntimeException: UNAVAILABLE: io exception
2021-09-22 01:09:49,644 [grpc-default-executor-0] INFO  leader.FollowerInfo (FollowerInfoImpl.java:lambda$new$0(46)) - e58ea0e2-171c-4fa7-a930-6c25c8dc249c@group-C62B115EB3BF->5dfa4197-3b4e-4728-abf2-2d416eda6cfb: nextIndex: updateUnconditionally 17 -> 16
2021-09-22 01:09:49,652 [grpc-default-executor-0] WARN  server.GrpcLogAppender (LogUtils.java:warn(122)) - e58ea0e2-171c-4fa7-a930-6c25c8dc249c@group-C62B115EB3BF->5dfa4197-3b4e-4728-abf2-2d416eda6cfb-AppendLogResponseHandler: Failed appendEntries: org.apache.ratis.thirdparty.io.grpc.StatusRuntimeException: UNAVAILABLE: io exception
2021-09-22 01:09:49,652 [grpc-default-executor-0] INFO  leader.FollowerInfo (FollowerInfoImpl.java:lambda$new$0(46)) - e58ea0e2-171c-4fa7-a930-6c25c8dc249c@group-C62B115EB3BF->5dfa4197-3b4e-4728-abf2-2d416eda6cfb: nextIndex: updateUnconditionally 17 -> 16
2021-09-22 01:09:49,659 [pool-180-thread-9] INFO  keyvalue.KeyValueContainer (KeyValueContainer.java:flushAndSyncDB(397)) - Container 1 is synced with bcsId 14.
2021-09-22 01:09:49,659 [pool-180-thread-9] INFO  keyvalue.KeyValueContainer (KeyValueContainer.java:flushAndSyncDB(397)) - Container 1 is synced with bcsId 14.
2021-09-22 01:09:49,665 [grpc-default-executor-3] WARN  server.GrpcLogAppender (LogUtils.java:warn(122)) - e58ea0e2-171c-4fa7-a930-6c25c8dc249c@group-C62B115EB3BF->5dfa4197-3b4e-4728-abf2-2d416eda6cfb-AppendLogResponseHandler: Failed appendEntries: org.apache.ratis.thirdparty.io.grpc.StatusRuntimeException: UNAVAILABLE: io exception
2021-09-22 01:09:49,665 [grpc-default-executor-3] INFO  leader.FollowerInfo (FollowerInfoImpl.java:lambda$new$0(46)) - e58ea0e2-171c-4fa7-a930-6c25c8dc249c@group-C62B115EB3BF->5dfa4197-3b4e-4728-abf2-2d416eda6cfb: nextIndex: updateUnconditionally 17 -> 16
2021-09-22 01:09:49,666 [grpc-default-executor-3] WARN  server.GrpcLogAppender (LogUtils.java:warn(122)) - e58ea0e2-171c-4fa7-a930-6c25c8dc249c@group-C62B115EB3BF->5dfa4197-3b4e-4728-abf2-2d416eda6cfb-AppendLogResponseHandler: Failed appendEntries: org.apache.ratis.thirdparty.io.grpc.StatusRuntimeException: UNAVAILABLE: io exception
2021-09-22 01:09:49,666 [grpc-default-executor-3] INFO  leader.FollowerInfo (FollowerInfoImpl.java:lambda$new$0(46)) - e58ea0e2-171c-4fa7-a930-6c25c8dc249c@group-C62B115EB3BF->5dfa4197-3b4e-4728-abf2-2d416eda6cfb: nextIndex: updateUnconditionally 17 -> 16
2021-09-22 01:09:49,669 [pool-180-thread-9] INFO  keyvalue.KeyValueContainer (KeyValueContainer.java:close(334)) - Container 1 is closed with bcsId 14.
2021-09-22 01:09:49,670 [Datanode State Machine Thread - 0] WARN  statemachine.StateContext (StateContext.java:execute(621)) - No available thread in pool for past 1 seconds.
2021-09-22 01:09:49,671 [EventQueue-IncrementalContainerReportForIncrementalContainerReportHandler] INFO  container.IncrementalContainerReportHandler (AbstractContainerReportHandler.java:updateContainerState(223)) - Moving container #1 to CLOSED state, datanode e58ea0e2-171c-4fa7-a930-6c25c8dc249c{ip: 10.1.0.5, host: fv-az294-326.eaanfquahm5ulb5tj050gcxych.jx.internal.cloudapp.net, ports: [REPLICATION=44987, RATIS=36231, RATIS_ADMIN=36231, RATIS_SERVER=36231, STANDALONE=33533], networkLocation: /default-rack, certSerialId: null, persistedOpState: IN_SERVICE, persistedOpStateExpiryEpochSec: 0} reported CLOSED replica.
2021-09-22 01:09:49,683 [pool-181-thread-9] INFO  keyvalue.KeyValueContainer (KeyValueContainer.java:flushAndSyncDB(397)) - Container 1 is synced with bcsId 14.
2021-09-22 01:09:49,685 [pool-181-thread-9] INFO  keyvalue.KeyValueContainer (KeyValueContainer.java:flushAndSyncDB(397)) - Container 1 is synced with bcsId 14.
2021-09-22 01:09:49,688 [pool-181-thread-9] INFO  keyvalue.KeyValueContainer (KeyValueContainer.java:close(334)) - Container 1 is closed with bcsId 14.
2021-09-22 01:09:49,790 [grpc-default-executor-3] WARN  server.GrpcLogAppender (LogUtils.java:warn(122)) - 9a2eaa79-e95b-45cd-b00f-a46126e2769a@group-2C2F94D327A1->5dfa4197-3b4e-4728-abf2-2d416eda6cfb-AppendLogResponseHandler: Failed appendEntries: org.apache.ratis.thirdparty.io.grpc.StatusRuntimeException: UNAVAILABLE: io exception
2021-09-22 01:09:49,791 [grpc-default-executor-3] WARN  server.GrpcLogAppender (GrpcLogAppender.java:resetClient(111)) - 9a2eaa79-e95b-45cd-b00f-a46126e2769a@group-2C2F94D327A1->5dfa4197-3b4e-4728-abf2-2d416eda6cfb-GrpcLogAppender: Leader has not got in touch with Follower 9a2eaa79-e95b-45cd-b00f-a46126e2769a@group-2C2F94D327A1->5dfa4197-3b4e-4728-abf2-2d416eda6cfb(c0,m0,n1, attendVote=true, lastRpcSendTime=2500, lastRpcResponseTime=7515) yet, just keep nextIndex unchanged and retry.
2021-09-22 01:09:50,943 [Listener at 127.0.0.1/44817] INFO  ozoneimpl.OzoneContainer (OzoneContainer.java:stop(325)) - Attempting to stop container services.
2021-09-22 01:09:50,944 [Listener at 127.0.0.1/44817] INFO  server.RaftServer (RaftServerProxy.java:lambda$close$6(391)) - 9a2eaa79-e95b-45cd-b00f-a46126e2769a: close
2021-09-22 01:09:50,950 [Listener at 127.0.0.1/44817] INFO  server.RaftServer$Division (RaftServerImpl.java:lambda$close$4(407)) - 9a2eaa79-e95b-45cd-b00f-a46126e2769a@group-C2DC2DE858E1: shutdown
2021-09-22 01:09:50,950 [Listener at 127.0.0.1/44817] INFO  util.JmxRegister (JmxRegister.java:unregister(73)) - Successfully un-registered JMX Bean with object name Ratis:service=RaftServer,group=group-C2DC2DE858E1,id=9a2eaa79-e95b-45cd-b00f-a46126e2769a
2021-09-22 01:09:50,950 [Listener at 127.0.0.1/44817] INFO  impl.RoleInfo (RoleInfo.java:shutdownLeaderState(91)) - 9a2eaa79-e95b-45cd-b00f-a46126e2769a: shutdown 9a2eaa79-e95b-45cd-b00f-a46126e2769a@group-C2DC2DE858E1-LeaderStateImpl
2021-09-22 01:09:50,950 [Listener at 127.0.0.1/44817] INFO  impl.PendingRequests (PendingRequests.java:sendNotLeaderResponses(282)) - 9a2eaa79-e95b-45cd-b00f-a46126e2769a@group-C2DC2DE858E1-PendingRequests: sendNotLeaderResponses
2021-09-22 01:09:50,951 [Listener at 127.0.0.1/44817] INFO  impl.StateMachineUpdater (StateMachineUpdater.java:stopAndJoin(149)) - 9a2eaa79-e95b-45cd-b00f-a46126e2769a@group-C2DC2DE858E1-StateMachineUpdater: set stopIndex = 0
2021-09-22 01:09:50,951 [ForkJoinPool.commonPool-worker-1] INFO  server.RaftServer$Division (RaftServerImpl.java:lambda$close$4(407)) - 9a2eaa79-e95b-45cd-b00f-a46126e2769a@group-2C2F94D327A1: shutdown
2021-09-22 01:09:50,951 [ForkJoinPool.commonPool-worker-1] INFO  util.JmxRegister (JmxRegister.java:unregister(73)) - Successfully un-registered JMX Bean with object name Ratis:service=RaftServer,group=group-2C2F94D327A1,id=9a2eaa79-e95b-45cd-b00f-a46126e2769a
2021-09-22 01:09:50,951 [ForkJoinPool.commonPool-worker-1] INFO  impl.RoleInfo (RoleInfo.java:shutdownLeaderState(91)) - 9a2eaa79-e95b-45cd-b00f-a46126e2769a: shutdown 9a2eaa79-e95b-45cd-b00f-a46126e2769a@group-2C2F94D327A1-LeaderStateImpl
2021-09-22 01:09:50,951 [ForkJoinPool.commonPool-worker-1] INFO  impl.PendingRequests (PendingRequests.java:sendNotLeaderResponses(282)) - 9a2eaa79-e95b-45cd-b00f-a46126e2769a@group-2C2F94D327A1-PendingRequests: sendNotLeaderResponses
2021-09-22 01:09:50,953 [9a2eaa79-e95b-45cd-b00f-a46126e2769a@group-2C2F94D327A1-StateMachineUpdater] INFO  ratis.ContainerStateMachine (ContainerStateMachine.java:takeSnapshot(292)) - group-2C2F94D327A1: Taking a snapshot at:(t:2, i:0) file /home/runner/work/ozone/ozone/hadoop-ozone/integration-test/target/test-dir/MiniOzoneClusterImpl-25acc1c1-a8f2-4117-88d4-9d8f1e28eca9/datanode-2/data/ratis/bf874198-aeb4-4bc3-a6e8-2c2f94d327a1/sm/snapshot.2_0
2021-09-22 01:09:50,953 [9a2eaa79-e95b-45cd-b00f-a46126e2769a@group-2C2F94D327A1->e58ea0e2-171c-4fa7-a930-6c25c8dc249c-GrpcLogAppender-LogAppenderDaemon] WARN  server.GrpcLogAppender (GrpcLogAppender.java:mayWait(175)) - 9a2eaa79-e95b-45cd-b00f-a46126e2769a@group-2C2F94D327A1->e58ea0e2-171c-4fa7-a930-6c25c8dc249c-GrpcLogAppender: Wait interrupted by java.lang.InterruptedException
2021-09-22 01:09:50,953 [ForkJoinPool.commonPool-worker-1] INFO  impl.StateMachineUpdater (StateMachineUpdater.java:stopAndJoin(149)) - 9a2eaa79-e95b-45cd-b00f-a46126e2769a@group-2C2F94D327A1-StateMachineUpdater: set stopIndex = 0
2021-09-22 01:09:50,953 [9a2eaa79-e95b-45cd-b00f-a46126e2769a@group-C2DC2DE858E1-StateMachineUpdater] INFO  ratis.ContainerStateMachine (ContainerStateMachine.java:takeSnapshot(292)) - group-C2DC2DE858E1: Taking a snapshot at:(t:1, i:0) file /home/runner/work/ozone/ozone/hadoop-ozone/integration-test/target/test-dir/MiniOzoneClusterImpl-25acc1c1-a8f2-4117-88d4-9d8f1e28eca9/datanode-2/data/ratis/5c5e0d86-4a81-4250-84df-c2dc2de858e1/sm/snapshot.1_0
2021-09-22 01:09:50,954 [grpc-default-executor-3] INFO  server.GrpcServerProtocolService (GrpcServerProtocolService.java:onCompleted(140)) - e58ea0e2-171c-4fa7-a930-6c25c8dc249c: Completed APPEND_ENTRIES, lastRequest: 9a2eaa79-e95b-45cd-b00f-a46126e2769a->e58ea0e2-171c-4fa7-a930-6c25c8dc249c#1-t2,previous=(t:0, i:0),leaderCommit=-1,initializing? true,entries: size=1, first=(t:2, i:0), CONFIGURATIONENTRY
2021-09-22 01:09:50,955 [9a2eaa79-e95b-45cd-b00f-a46126e2769a@group-2C2F94D327A1-StateMachineUpdater] INFO  ratis.ContainerStateMachine (ContainerStateMachine.java:takeSnapshot(303)) - group-2C2F94D327A1: Finished taking a snapshot at:(t:2, i:0) file:/home/runner/work/ozone/ozone/hadoop-ozone/integration-test/target/test-dir/MiniOzoneClusterImpl-25acc1c1-a8f2-4117-88d4-9d8f1e28eca9/datanode-2/data/ratis/bf874198-aeb4-4bc3-a6e8-2c2f94d327a1/sm/snapshot.2_0 took: 2 ms
2021-09-22 01:09:50,955 [9a2eaa79-e95b-45cd-b00f-a46126e2769a@group-2C2F94D327A1-StateMachineUpdater] INFO  impl.StateMachineUpdater (StateMachineUpdater.java:takeSnapshot(281)) - 9a2eaa79-e95b-45cd-b00f-a46126e2769a@group-2C2F94D327A1-StateMachineUpdater: Took a snapshot at index 0
2021-09-22 01:09:50,955 [9a2eaa79-e95b-45cd-b00f-a46126e2769a@group-2C2F94D327A1-StateMachineUpdater] INFO  impl.StateMachineUpdater (StateMachineUpdater.java:lambda$new$0(89)) - 9a2eaa79-e95b-45cd-b00f-a46126e2769a@group-2C2F94D327A1-StateMachineUpdater: snapshotIndex: updateIncreasingly -1 -> 0
2021-09-22 01:09:50,955 [9a2eaa79-e95b-45cd-b00f-a46126e2769a@group-C2DC2DE858E1-StateMachineUpdater] INFO  ratis.ContainerStateMachine (ContainerStateMachine.java:takeSnapshot(303)) - group-C2DC2DE858E1: Finished taking a snapshot at:(t:1, i:0) file:/home/runner/work/ozone/ozone/hadoop-ozone/integration-test/target/test-dir/MiniOzoneClusterImpl-25acc1c1-a8f2-4117-88d4-9d8f1e28eca9/datanode-2/data/ratis/5c5e0d86-4a81-4250-84df-c2dc2de858e1/sm/snapshot.1_0 took: 2 ms
2021-09-22 01:09:50,955 [9a2eaa79-e95b-45cd-b00f-a46126e2769a@group-C2DC2DE858E1-StateMachineUpdater] INFO  impl.StateMachineUpdater (StateMachineUpdater.java:takeSnapshot(281)) - 9a2eaa79-e95b-45cd-b00f-a46126e2769a@group-C2DC2DE858E1-StateMachineUpdater: Took a snapshot at index 0
2021-09-22 01:09:50,955 [9a2eaa79-e95b-45cd-b00f-a46126e2769a@group-C2DC2DE858E1-StateMachineUpdater] INFO  impl.StateMachineUpdater (StateMachineUpdater.java:lambda$new$0(89)) - 9a2eaa79-e95b-45cd-b00f-a46126e2769a@group-C2DC2DE858E1-StateMachineUpdater: snapshotIndex: updateIncreasingly -1 -> 0
2021-09-22 01:09:50,956 [ForkJoinPool.commonPool-worker-1] INFO  server.RaftServer$Division (ServerState.java:close(419)) - 9a2eaa79-e95b-45cd-b00f-a46126e2769a@group-2C2F94D327A1: closes. applyIndex: 0
2021-09-22 01:09:50,956 [9a2eaa79-e95b-45cd-b00f-a46126e2769a@group-2C2F94D327A1-SegmentedRaftLogWorker] INFO  segmented.SegmentedRaftLogWorker (SegmentedRaftLogWorker.java:run(327)) - 9a2eaa79-e95b-45cd-b00f-a46126e2769a@group-2C2F94D327A1-SegmentedRaftLogWorker was interrupted, exiting. There are 0 tasks remaining in the queue.
2021-09-22 01:09:50,957 [Listener at 127.0.0.1/44817] INFO  server.RaftServer$Division (ServerState.java:close(419)) - 9a2eaa79-e95b-45cd-b00f-a46126e2769a@group-C2DC2DE858E1: closes. applyIndex: 0
2021-09-22 01:09:50,957 [ForkJoinPool.commonPool-worker-1] INFO  segmented.SegmentedRaftLogWorker (SegmentedRaftLogWorker.java:close(237)) - 9a2eaa79-e95b-45cd-b00f-a46126e2769a@group-2C2F94D327A1-SegmentedRaftLogWorker close()
2021-09-22 01:09:50,957 [grpc-default-executor-0] INFO  server.GrpcLogAppender (GrpcLogAppender.java:onCompleted(344)) - 9a2eaa79-e95b-45cd-b00f-a46126e2769a@group-2C2F94D327A1->e58ea0e2-171c-4fa7-a930-6c25c8dc249c-AppendLogResponseHandler: follower responses appendEntries COMPLETED
2021-09-22 01:09:50,958 [grpc-default-executor-0] INFO  leader.FollowerInfo (FollowerInfoImpl.java:lambda$new$0(46)) - 9a2eaa79-e95b-45cd-b00f-a46126e2769a@group-2C2F94D327A1->e58ea0e2-171c-4fa7-a930-6c25c8dc249c: nextIndex: updateUnconditionally 1 -> 0
2021-09-22 01:09:50,957 [9a2eaa79-e95b-45cd-b00f-a46126e2769a@group-C2DC2DE858E1-SegmentedRaftLogWorker] INFO  segmented.SegmentedRaftLogWorker (SegmentedRaftLogWorker.java:run(327)) - 9a2eaa79-e95b-45cd-b00f-a46126e2769a@group-C2DC2DE858E1-SegmentedRaftLogWorker was interrupted, exiting. There are 0 tasks remaining in the queue.
2021-09-22 01:09:50,959 [Listener at 127.0.0.1/44817] INFO  segmented.SegmentedRaftLogWorker (SegmentedRaftLogWorker.java:close(237)) - 9a2eaa79-e95b-45cd-b00f-a46126e2769a@group-C2DC2DE858E1-SegmentedRaftLogWorker close()
2021-09-22 01:09:50,966 [ForkJoinPool.commonPool-worker-1] INFO  server.RaftServer$Division (RaftServerImpl.java:lambda$close$4(407)) - 9a2eaa79-e95b-45cd-b00f-a46126e2769a@group-C62B115EB3BF: shutdown
2021-09-22 01:09:50,966 [ForkJoinPool.commonPool-worker-1] INFO  util.JmxRegister (JmxRegister.java:unregister(73)) - Successfully un-registered JMX Bean with object name Ratis:service=RaftServer,group=group-C62B115EB3BF,id=9a2eaa79-e95b-45cd-b00f-a46126e2769a
2021-09-22 01:09:50,966 [ForkJoinPool.commonPool-worker-1] INFO  impl.RoleInfo (RoleInfo.java:shutdownFollowerState(108)) - 9a2eaa79-e95b-45cd-b00f-a46126e2769a: shutdown 9a2eaa79-e95b-45cd-b00f-a46126e2769a@group-C62B115EB3BF-FollowerState
2021-09-22 01:09:50,966 [9a2eaa79-e95b-45cd-b00f-a46126e2769a@group-C62B115EB3BF-FollowerState] INFO  impl.FollowerState (FollowerState.java:run(143)) - 9a2eaa79-e95b-45cd-b00f-a46126e2769a@group-C62B115EB3BF-FollowerState was interrupted: {}
java.lang.InterruptedException: sleep interrupted
	at java.lang.Thread.sleep(Native Method)
	at java.lang.Thread.sleep(Thread.java:340)
	at java.util.concurrent.TimeUnit.sleep(TimeUnit.java:386)
	at org.apache.ratis.util.TimeDuration.sleep(TimeDuration.java:324)
	at org.apache.ratis.util.TimeDuration.sleep(TimeDuration.java:309)
	at org.apache.ratis.server.impl.FollowerState.run(FollowerState.java:118)
2021-09-22 01:09:50,967 [9a2eaa79-e95b-45cd-b00f-a46126e2769a@group-C62B115EB3BF-StateMachineUpdater] INFO  ratis.ContainerStateMachine (ContainerStateMachine.java:takeSnapshot(292)) - group-C62B115EB3BF: Taking a snapshot at:(t:2, i:17) file /home/runner/work/ozone/ozone/hadoop-ozone/integration-test/target/test-dir/MiniOzoneClusterImpl-25acc1c1-a8f2-4117-88d4-9d8f1e28eca9/datanode-2/data/ratis/4f78cfb6-f575-4110-97bf-c62b115eb3bf/sm/snapshot.2_17
2021-09-22 01:09:50,967 [ForkJoinPool.commonPool-worker-1] INFO  impl.StateMachineUpdater (StateMachineUpdater.java:stopAndJoin(149)) - 9a2eaa79-e95b-45cd-b00f-a46126e2769a@group-C62B115EB3BF-StateMachineUpdater: set stopIndex = 17
2021-09-22 01:09:50,974 [9a2eaa79-e95b-45cd-b00f-a46126e2769a@group-C62B115EB3BF-StateMachineUpdater] INFO  ratis.ContainerStateMachine (ContainerStateMachine.java:takeSnapshot(303)) - group-C62B115EB3BF: Finished taking a snapshot at:(t:2, i:17) file:/home/runner/work/ozone/ozone/hadoop-ozone/integration-test/target/test-dir/MiniOzoneClusterImpl-25acc1c1-a8f2-4117-88d4-9d8f1e28eca9/datanode-2/data/ratis/4f78cfb6-f575-4110-97bf-c62b115eb3bf/sm/snapshot.2_17 took: 7 ms
2021-09-22 01:09:50,974 [9a2eaa79-e95b-45cd-b00f-a46126e2769a@group-C62B115EB3BF-StateMachineUpdater] INFO  impl.StateMachineUpdater (StateMachineUpdater.java:takeSnapshot(281)) - 9a2eaa79-e95b-45cd-b00f-a46126e2769a@group-C62B115EB3BF-StateMachineUpdater: Took a snapshot at index 17
2021-09-22 01:09:50,974 [9a2eaa79-e95b-45cd-b00f-a46126e2769a@group-C62B115EB3BF-StateMachineUpdater] INFO  impl.StateMachineUpdater (StateMachineUpdater.java:lambda$new$0(89)) - 9a2eaa79-e95b-45cd-b00f-a46126e2769a@group-C62B115EB3BF-StateMachineUpdater: snapshotIndex: updateIncreasingly -1 -> 17
2021-09-22 01:09:50,974 [ForkJoinPool.commonPool-worker-1] INFO  server.RaftServer$Division (ServerState.java:close(419)) - 9a2eaa79-e95b-45cd-b00f-a46126e2769a@group-C62B115EB3BF: closes. applyIndex: 17
2021-09-22 01:09:50,976 [9a2eaa79-e95b-45cd-b00f-a46126e2769a@group-C62B115EB3BF-SegmentedRaftLogWorker] INFO  segmented.SegmentedRaftLogWorker (SegmentedRaftLogWorker.java:run(327)) - 9a2eaa79-e95b-45cd-b00f-a46126e2769a@group-C62B115EB3BF-SegmentedRaftLogWorker was interrupted, exiting. There are 0 tasks remaining in the queue.
2021-09-22 01:09:50,976 [ForkJoinPool.commonPool-worker-1] INFO  segmented.SegmentedRaftLogWorker (SegmentedRaftLogWorker.java:close(237)) - 9a2eaa79-e95b-45cd-b00f-a46126e2769a@group-C62B115EB3BF-SegmentedRaftLogWorker close()
2021-09-22 01:09:50,977 [Listener at 127.0.0.1/44817] INFO  server.GrpcService (GrpcService.java:closeImpl(262)) - 9a2eaa79-e95b-45cd-b00f-a46126e2769a: shutdown server with port 42817 now
2021-09-22 01:09:50,981 [grpc-default-executor-3] WARN  server.GrpcServerProtocolService (LogUtils.java:warn(122)) - 9a2eaa79-e95b-45cd-b00f-a46126e2769a: installSnapshot onError, lastRequest: e58ea0e2-171c-4fa7-a930-6c25c8dc249c->9a2eaa79-e95b-45cd-b00f-a46126e2769a#301-t2,previous=(t:2, i:17),leaderCommit=17,initializing? true,entries: size=1, first=(t:2, i:18), METADATAENTRY(c:17): org.apache.ratis.thirdparty.io.grpc.StatusRuntimeException: CANCELLED: client cancelled
2021-09-22 01:09:50,983 [Listener at 127.0.0.1/44817] INFO  server.GrpcService (GrpcService.java:closeImpl(271)) - 9a2eaa79-e95b-45cd-b00f-a46126e2769a: shutdown server with port 42817 successfully
2021-09-22 01:09:50,983 [org.apache.ratis.util.JvmPauseMonitor$$Lambda$531/1517202074@277442f4] INFO  util.JvmPauseMonitor (JvmPauseMonitor.java:run(109)) - JvmPauseMonitor-9a2eaa79-e95b-45cd-b00f-a46126e2769a: Stopped
2021-09-22 01:09:50,984 [Listener at 127.0.0.1/44817] INFO  utils.BackgroundService (BackgroundService.java:shutdown(132)) - Shutting down service BlockDeletingService
2021-09-22 01:09:50,983 [grpc-default-executor-1] WARN  server.GrpcLogAppender (LogUtils.java:warn(122)) - e58ea0e2-171c-4fa7-a930-6c25c8dc249c@group-C62B115EB3BF->9a2eaa79-e95b-45cd-b00f-a46126e2769a-AppendLogResponseHandler: Failed appendEntries: org.apache.ratis.thirdparty.io.grpc.StatusRuntimeException: CANCELLED: HTTP/2 error code: CANCEL
Received Rst Stream
2021-09-22 01:09:50,985 [grpc-default-executor-1] INFO  leader.FollowerInfo (FollowerInfoImpl.java:lambda$new$0(46)) - e58ea0e2-171c-4fa7-a930-6c25c8dc249c@group-C62B115EB3BF->9a2eaa79-e95b-45cd-b00f-a46126e2769a: nextIndex: updateUnconditionally 19 -> 18
2021-09-22 01:09:50,990 [grpc-default-executor-3] WARN  server.GrpcLogAppender (LogUtils.java:warn(122)) - e58ea0e2-171c-4fa7-a930-6c25c8dc249c@group-C62B115EB3BF->9a2eaa79-e95b-45cd-b00f-a46126e2769a-AppendLogResponseHandler: Failed appendEntries: org.apache.ratis.thirdparty.io.grpc.StatusRuntimeException: UNAVAILABLE: io exception
2021-09-22 01:09:50,990 [grpc-default-executor-3] INFO  leader.FollowerInfo (FollowerInfoImpl.java:lambda$new$0(46)) - e58ea0e2-171c-4fa7-a930-6c25c8dc249c@group-C62B115EB3BF->9a2eaa79-e95b-45cd-b00f-a46126e2769a: nextIndex: updateUnconditionally 19 -> 18
2021-09-22 01:09:52,166 [grpc-default-executor-3] WARN  server.GrpcLogAppender (LogUtils.java:warn(122)) - e58ea0e2-171c-4fa7-a930-6c25c8dc249c@group-C62B115EB3BF->5dfa4197-3b4e-4728-abf2-2d416eda6cfb-AppendLogResponseHandler: Failed appendEntries: org.apache.ratis.thirdparty.io.grpc.StatusRuntimeException: UNAVAILABLE: io exception
2021-09-22 01:09:52,167 [grpc-default-executor-3] INFO  leader.FollowerInfo (FollowerInfoImpl.java:lambda$new$0(46)) - e58ea0e2-171c-4fa7-a930-6c25c8dc249c@group-C62B115EB3BF->5dfa4197-3b4e-4728-abf2-2d416eda6cfb: nextIndex: updateUnconditionally 17 -> 16
2021-09-22 01:09:52,691 [fff18091-4bc4-4dc4-9e0e-c7b7b9f7a092@group-7D8C5C10C900-FollowerState] INFO  impl.FollowerState (FollowerState.java:run(134)) - fff18091-4bc4-4dc4-9e0e-c7b7b9f7a092@group-7D8C5C10C900-FollowerState: change to CANDIDATE, lastRpcElapsedTime:5030375749ns, electionTimeout:5030ms
2021-09-22 01:09:52,691 [fff18091-4bc4-4dc4-9e0e-c7b7b9f7a092@group-7D8C5C10C900-FollowerState] INFO  impl.RoleInfo (RoleInfo.java:shutdownFollowerState(108)) - fff18091-4bc4-4dc4-9e0e-c7b7b9f7a092: shutdown fff18091-4bc4-4dc4-9e0e-c7b7b9f7a092@group-7D8C5C10C900-FollowerState
2021-09-22 01:09:52,691 [fff18091-4bc4-4dc4-9e0e-c7b7b9f7a092@group-7D8C5C10C900-FollowerState] INFO  server.RaftServer$Division (RaftServerImpl.java:setRole(285)) - fff18091-4bc4-4dc4-9e0e-c7b7b9f7a092@group-7D8C5C10C900: changes role from  FOLLOWER to CANDIDATE at term 4 for changeToCandidate
2021-09-22 01:09:52,691 [fff18091-4bc4-4dc4-9e0e-c7b7b9f7a092@group-7D8C5C10C900-FollowerState] INFO  server.RaftServerConfigKeys (ConfUtils.java:logGet(44)) - raft.server.leaderelection.pre-vote = false (custom)
2021-09-22 01:09:52,691 [fff18091-4bc4-4dc4-9e0e-c7b7b9f7a092@group-7D8C5C10C900-FollowerState] INFO  impl.RoleInfo (RoleInfo.java:updateAndGet(130)) - fff18091-4bc4-4dc4-9e0e-c7b7b9f7a092: start fff18091-4bc4-4dc4-9e0e-c7b7b9f7a092@group-7D8C5C10C900-LeaderElection26
2021-09-22 01:09:52,709 [fff18091-4bc4-4dc4-9e0e-c7b7b9f7a092@group-364F2152D5CE-FollowerState] INFO  impl.FollowerState (FollowerState.java:run(134)) - fff18091-4bc4-4dc4-9e0e-c7b7b9f7a092@group-364F2152D5CE-FollowerState: change to CANDIDATE, lastRpcElapsedTime:5047648582ns, electionTimeout:5039ms
2021-09-22 01:09:52,709 [fff18091-4bc4-4dc4-9e0e-c7b7b9f7a092@group-364F2152D5CE-FollowerState] INFO  impl.RoleInfo (RoleInfo.java:shutdownFollowerState(108)) - fff18091-4bc4-4dc4-9e0e-c7b7b9f7a092: shutdown fff18091-4bc4-4dc4-9e0e-c7b7b9f7a092@group-364F2152D5CE-FollowerState
2021-09-22 01:09:52,709 [fff18091-4bc4-4dc4-9e0e-c7b7b9f7a092@group-364F2152D5CE-FollowerState] INFO  server.RaftServer$Division (RaftServerImpl.java:setRole(285)) - fff18091-4bc4-4dc4-9e0e-c7b7b9f7a092@group-364F2152D5CE: changes role from  FOLLOWER to CANDIDATE at term 4 for changeToCandidate
2021-09-22 01:09:52,709 [fff18091-4bc4-4dc4-9e0e-c7b7b9f7a092@group-364F2152D5CE-FollowerState] INFO  server.RaftServerConfigKeys (ConfUtils.java:logGet(44)) - raft.server.leaderelection.pre-vote = false (custom)
2021-09-22 01:09:52,709 [fff18091-4bc4-4dc4-9e0e-c7b7b9f7a092@group-364F2152D5CE-FollowerState] INFO  impl.RoleInfo (RoleInfo.java:updateAndGet(130)) - fff18091-4bc4-4dc4-9e0e-c7b7b9f7a092: start fff18091-4bc4-4dc4-9e0e-c7b7b9f7a092@group-364F2152D5CE-LeaderElection27
2021-09-22 01:09:52,727 [fff18091-4bc4-4dc4-9e0e-c7b7b9f7a092@group-7D8C5C10C900-LeaderElection26] INFO  impl.LeaderElection (LeaderElection.java:askForVotes(306)) - fff18091-4bc4-4dc4-9e0e-c7b7b9f7a092@group-7D8C5C10C900-LeaderElection26 ELECTION round 0: submit vote requests at term 5 for -1: [0d23f380-5b64-4336-bea7-d12bd7eaa710|rpc:10.1.0.5:40155|priority:0, 46189feb-569c-4e6f-be55-dc7298009a0b|rpc:10.1.0.5:40371|priority:1, fff18091-4bc4-4dc4-9e0e-c7b7b9f7a092|rpc:10.1.0.5:43419|priority:0], old=null
2021-09-22 01:09:52,733 [fff18091-4bc4-4dc4-9e0e-c7b7b9f7a092@group-364F2152D5CE-LeaderElection27] INFO  impl.LeaderElection (LeaderElection.java:askForVotes(306)) - fff18091-4bc4-4dc4-9e0e-c7b7b9f7a092@group-364F2152D5CE-LeaderElection27 ELECTION round 0: submit vote requests at term 5 for -1: [0d23f380-5b64-4336-bea7-d12bd7eaa710|rpc:10.1.0.5:40155|priority:1, 46189feb-569c-4e6f-be55-dc7298009a0b|rpc:10.1.0.5:40371|priority:0, fff18091-4bc4-4dc4-9e0e-c7b7b9f7a092|rpc:10.1.0.5:43419|priority:0], old=null
2021-09-22 01:09:52,733 [grpc-default-executor-3] INFO  server.RaftServer$Division (RaftServerImpl.java:requestVote(1043)) - 0d23f380-5b64-4336-bea7-d12bd7eaa710@group-7D8C5C10C900: receive requestVote(ELECTION, fff18091-4bc4-4dc4-9e0e-c7b7b9f7a092, group-7D8C5C10C900, 5, (t:0, i:0))
2021-09-22 01:09:52,733 [grpc-default-executor-3] INFO  impl.VoteContext (VoteContext.java:log(48)) - 0d23f380-5b64-4336-bea7-d12bd7eaa710@group-7D8C5C10C900-FOLLOWER: accept ELECTION from fff18091-4bc4-4dc4-9e0e-c7b7b9f7a092: our priority 0 <= candidate's priority 0
2021-09-22 01:09:52,733 [grpc-default-executor-3] INFO  server.RaftServer$Division (RaftServerImpl.java:setRole(285)) - 0d23f380-5b64-4336-bea7-d12bd7eaa710@group-7D8C5C10C900: changes role from  FOLLOWER to FOLLOWER at term 5 for candidate:fff18091-4bc4-4dc4-9e0e-c7b7b9f7a092
2021-09-22 01:09:52,733 [grpc-default-executor-3] INFO  impl.RoleInfo (RoleInfo.java:shutdownFollowerState(108)) - 0d23f380-5b64-4336-bea7-d12bd7eaa710: shutdown 0d23f380-5b64-4336-bea7-d12bd7eaa710@group-7D8C5C10C900-FollowerState
2021-09-22 01:09:52,737 [0d23f380-5b64-4336-bea7-d12bd7eaa710@group-7D8C5C10C900-FollowerState] INFO  impl.FollowerState (FollowerState.java:run(143)) - 0d23f380-5b64-4336-bea7-d12bd7eaa710@group-7D8C5C10C900-FollowerState was interrupted: {}
java.lang.InterruptedException: sleep interrupted
	at java.lang.Thread.sleep(Native Method)
	at java.lang.Thread.sleep(Thread.java:340)
	at java.util.concurrent.TimeUnit.sleep(TimeUnit.java:386)
	at org.apache.ratis.util.TimeDuration.sleep(TimeDuration.java:324)
	at org.apache.ratis.util.TimeDuration.sleep(TimeDuration.java:309)
	at org.apache.ratis.server.impl.FollowerState.run(FollowerState.java:118)
2021-09-22 01:09:52,738 [grpc-default-executor-1] INFO  server.RaftServer$Division (RaftServerImpl.java:requestVote(1043)) - 46189feb-569c-4e6f-be55-dc7298009a0b@group-7D8C5C10C900: receive requestVote(ELECTION, fff18091-4bc4-4dc4-9e0e-c7b7b9f7a092, group-7D8C5C10C900, 5, (t:0, i:0))
2021-09-22 01:09:52,738 [grpc-default-executor-1] INFO  impl.VoteContext (VoteContext.java:log(48)) - 46189feb-569c-4e6f-be55-dc7298009a0b@group-7D8C5C10C900-FOLLOWER: reject ELECTION from fff18091-4bc4-4dc4-9e0e-c7b7b9f7a092: our priority 1 > candidate's priority 0
2021-09-22 01:09:52,738 [grpc-default-executor-1] INFO  server.RaftServer$Division (RaftServerImpl.java:setRole(285)) - 46189feb-569c-4e6f-be55-dc7298009a0b@group-7D8C5C10C900: changes role from  FOLLOWER to FOLLOWER at term 5 for candidate:fff18091-4bc4-4dc4-9e0e-c7b7b9f7a092
2021-09-22 01:09:52,738 [grpc-default-executor-1] INFO  impl.RoleInfo (RoleInfo.java:shutdownFollowerState(108)) - 46189feb-569c-4e6f-be55-dc7298009a0b: shutdown 46189feb-569c-4e6f-be55-dc7298009a0b@group-7D8C5C10C900-FollowerState
2021-09-22 01:09:52,747 [grpc-default-executor-0] INFO  server.RaftServer$Division (RaftServerImpl.java:requestVote(1043)) - 0d23f380-5b64-4336-bea7-d12bd7eaa710@group-364F2152D5CE: receive requestVote(ELECTION, fff18091-4bc4-4dc4-9e0e-c7b7b9f7a092, group-364F2152D5CE, 5, (t:0, i:0))
2021-09-22 01:09:52,747 [grpc-default-executor-0] INFO  impl.VoteContext (VoteContext.java:log(48)) - 0d23f380-5b64-4336-bea7-d12bd7eaa710@group-364F2152D5CE-FOLLOWER: reject ELECTION from fff18091-4bc4-4dc4-9e0e-c7b7b9f7a092: our priority 1 > candidate's priority 0
2021-09-22 01:09:52,747 [grpc-default-executor-0] INFO  server.RaftServer$Division (RaftServerImpl.java:setRole(285)) - 0d23f380-5b64-4336-bea7-d12bd7eaa710@group-364F2152D5CE: changes role from  FOLLOWER to FOLLOWER at term 5 for candidate:fff18091-4bc4-4dc4-9e0e-c7b7b9f7a092
2021-09-22 01:09:52,747 [grpc-default-executor-0] INFO  impl.RoleInfo (RoleInfo.java:shutdownFollowerState(108)) - 0d23f380-5b64-4336-bea7-d12bd7eaa710: shutdown 0d23f380-5b64-4336-bea7-d12bd7eaa710@group-364F2152D5CE-FollowerState
2021-09-22 01:09:52,750 [grpc-default-executor-0] INFO  impl.RoleInfo (RoleInfo.java:updateAndGet(130)) - 0d23f380-5b64-4336-bea7-d12bd7eaa710: start 0d23f380-5b64-4336-bea7-d12bd7eaa710@group-364F2152D5CE-FollowerState
2021-09-22 01:09:52,750 [0d23f380-5b64-4336-bea7-d12bd7eaa710@group-364F2152D5CE-FollowerState] INFO  impl.FollowerState (FollowerState.java:run(143)) - 0d23f380-5b64-4336-bea7-d12bd7eaa710@group-364F2152D5CE-FollowerState was interrupted: {}
java.lang.InterruptedException: sleep interrupted
	at java.lang.Thread.sleep(Native Method)
	at java.lang.Thread.sleep(Thread.java:340)
	at java.util.concurrent.TimeUnit.sleep(TimeUnit.java:386)
	at org.apache.ratis.util.TimeDuration.sleep(TimeDuration.java:324)
	at org.apache.ratis.util.TimeDuration.sleep(TimeDuration.java:309)
	at org.apache.ratis.server.impl.FollowerState.run(FollowerState.java:118)
2021-09-22 01:09:52,751 [grpc-default-executor-2] INFO  server.RaftServer$Division (RaftServerImpl.java:requestVote(1043)) - 46189feb-569c-4e6f-be55-dc7298009a0b@group-364F2152D5CE: receive requestVote(ELECTION, fff18091-4bc4-4dc4-9e0e-c7b7b9f7a092, group-364F2152D5CE, 5, (t:0, i:0))
2021-09-22 01:09:52,751 [grpc-default-executor-2] INFO  impl.VoteContext (VoteContext.java:log(48)) - 46189feb-569c-4e6f-be55-dc7298009a0b@group-364F2152D5CE-FOLLOWER: accept ELECTION from fff18091-4bc4-4dc4-9e0e-c7b7b9f7a092: our priority 0 <= candidate's priority 0
2021-09-22 01:09:52,751 [grpc-default-executor-2] INFO  server.RaftServer$Division (RaftServerImpl.java:setRole(285)) - 46189feb-569c-4e6f-be55-dc7298009a0b@group-364F2152D5CE: changes role from  FOLLOWER to FOLLOWER at term 5 for candidate:fff18091-4bc4-4dc4-9e0e-c7b7b9f7a092
2021-09-22 01:09:52,751 [grpc-default-executor-2] INFO  impl.RoleInfo (RoleInfo.java:shutdownFollowerState(108)) - 46189feb-569c-4e6f-be55-dc7298009a0b: shutdown 46189feb-569c-4e6f-be55-dc7298009a0b@group-364F2152D5CE-FollowerState
2021-09-22 01:09:52,754 [grpc-default-executor-3] INFO  impl.RoleInfo (RoleInfo.java:updateAndGet(130)) - 0d23f380-5b64-4336-bea7-d12bd7eaa710: start 0d23f380-5b64-4336-bea7-d12bd7eaa710@group-7D8C5C10C900-FollowerState
2021-09-22 01:09:52,755 [46189feb-569c-4e6f-be55-dc7298009a0b@group-7D8C5C10C900-FollowerState] INFO  impl.FollowerState (FollowerState.java:run(143)) - 46189feb-569c-4e6f-be55-dc7298009a0b@group-7D8C5C10C900-FollowerState was interrupted: {}
java.lang.InterruptedException: sleep interrupted
	at java.lang.Thread.sleep(Native Method)
	at java.lang.Thread.sleep(Thread.java:340)
	at java.util.concurrent.TimeUnit.sleep(TimeUnit.java:386)
	at org.apache.ratis.util.TimeDuration.sleep(TimeDuration.java:324)
	at org.apache.ratis.util.TimeDuration.sleep(TimeDuration.java:309)
	at org.apache.ratis.server.impl.FollowerState.run(FollowerState.java:118)
2021-09-22 01:09:52,755 [grpc-default-executor-2] INFO  impl.RoleInfo (RoleInfo.java:updateAndGet(130)) - 46189feb-569c-4e6f-be55-dc7298009a0b: start 46189feb-569c-4e6f-be55-dc7298009a0b@group-364F2152D5CE-FollowerState
2021-09-22 01:09:52,755 [grpc-default-executor-1] INFO  impl.RoleInfo (RoleInfo.java:updateAndGet(130)) - 46189feb-569c-4e6f-be55-dc7298009a0b: start 46189feb-569c-4e6f-be55-dc7298009a0b@group-7D8C5C10C900-FollowerState
2021-09-22 01:09:52,761 [grpc-default-executor-2] INFO  server.RaftServer$Division (RaftServerImpl.java:requestVote(1075)) - 46189feb-569c-4e6f-be55-dc7298009a0b@group-364F2152D5CE replies to ELECTION vote request: fff18091-4bc4-4dc4-9e0e-c7b7b9f7a092<-46189feb-569c-4e6f-be55-dc7298009a0b#0:OK-t5. Peer's state: 46189feb-569c-4e6f-be55-dc7298009a0b@group-364F2152D5CE:t5, leader=null, voted=fff18091-4bc4-4dc4-9e0e-c7b7b9f7a092, raftlog=46189feb-569c-4e6f-be55-dc7298009a0b@group-364F2152D5CE-SegmentedRaftLog:OPENED:c-1,f-1,i0, conf=-1: [0d23f380-5b64-4336-bea7-d12bd7eaa710|rpc:10.1.0.5:40155|dataStream:|priority:1, 46189feb-569c-4e6f-be55-dc7298009a0b|rpc:10.1.0.5:40371|dataStream:|priority:0, fff18091-4bc4-4dc4-9e0e-c7b7b9f7a092|rpc:10.1.0.5:43419|dataStream:|priority:0], old=null
2021-09-22 01:09:52,770 [grpc-default-executor-3] INFO  server.RaftServer$Division (RaftServerImpl.java:requestVote(1075)) - 0d23f380-5b64-4336-bea7-d12bd7eaa710@group-7D8C5C10C900 replies to ELECTION vote request: fff18091-4bc4-4dc4-9e0e-c7b7b9f7a092<-0d23f380-5b64-4336-bea7-d12bd7eaa710#0:OK-t5. Peer's state: 0d23f380-5b64-4336-bea7-d12bd7eaa710@group-7D8C5C10C900:t5, leader=null, voted=fff18091-4bc4-4dc4-9e0e-c7b7b9f7a092, raftlog=0d23f380-5b64-4336-bea7-d12bd7eaa710@group-7D8C5C10C900-SegmentedRaftLog:OPENED:c-1,f-1,i0, conf=-1: [0d23f380-5b64-4336-bea7-d12bd7eaa710|rpc:10.1.0.5:40155|dataStream:|priority:0, 46189feb-569c-4e6f-be55-dc7298009a0b|rpc:10.1.0.5:40371|dataStream:|priority:1, fff18091-4bc4-4dc4-9e0e-c7b7b9f7a092|rpc:10.1.0.5:43419|dataStream:|priority:0], old=null
2021-09-22 01:09:52,770 [grpc-default-executor-0] INFO  server.RaftServer$Division (RaftServerImpl.java:requestVote(1075)) - 0d23f380-5b64-4336-bea7-d12bd7eaa710@group-364F2152D5CE replies to ELECTION vote request: fff18091-4bc4-4dc4-9e0e-c7b7b9f7a092<-0d23f380-5b64-4336-bea7-d12bd7eaa710#0:FAIL-t5. Peer's state: 0d23f380-5b64-4336-bea7-d12bd7eaa710@group-364F2152D5CE:t5, leader=null, voted=null, raftlog=0d23f380-5b64-4336-bea7-d12bd7eaa710@group-364F2152D5CE-SegmentedRaftLog:OPENED:c-1,f-1,i0, conf=-1: [0d23f380-5b64-4336-bea7-d12bd7eaa710|rpc:10.1.0.5:40155|dataStream:|priority:1, 46189feb-569c-4e6f-be55-dc7298009a0b|rpc:10.1.0.5:40371|dataStream:|priority:0, fff18091-4bc4-4dc4-9e0e-c7b7b9f7a092|rpc:10.1.0.5:43419|dataStream:|priority:0], old=null
2021-09-22 01:09:52,770 [46189feb-569c-4e6f-be55-dc7298009a0b@group-364F2152D5CE-FollowerState] INFO  impl.FollowerState (FollowerState.java:run(143)) - 46189feb-569c-4e6f-be55-dc7298009a0b@group-364F2152D5CE-FollowerState was interrupted: {}
java.lang.InterruptedException: sleep interrupted
	at java.lang.Thread.sleep(Native Method)
	at java.lang.Thread.sleep(Thread.java:340)
	at java.util.concurrent.TimeUnit.sleep(TimeUnit.java:386)
	at org.apache.ratis.util.TimeDuration.sleep(TimeDuration.java:324)
	at org.apache.ratis.util.TimeDuration.sleep(TimeDuration.java:309)
	at org.apache.ratis.server.impl.FollowerState.run(FollowerState.java:118)
2021-09-22 01:09:52,772 [fff18091-4bc4-4dc4-9e0e-c7b7b9f7a092@group-364F2152D5CE-LeaderElection27] INFO  impl.LeaderElection (LeaderElection.java:logAndReturn(89)) - fff18091-4bc4-4dc4-9e0e-c7b7b9f7a092@group-364F2152D5CE-LeaderElection27: ELECTION REJECTED received 2 response(s) and 0 exception(s):
2021-09-22 01:09:52,772 [fff18091-4bc4-4dc4-9e0e-c7b7b9f7a092@group-364F2152D5CE-LeaderElection27] INFO  impl.LeaderElection (LeaderElection.java:logAndReturn(93)) -   Response 0: fff18091-4bc4-4dc4-9e0e-c7b7b9f7a092<-0d23f380-5b64-4336-bea7-d12bd7eaa710#0:FAIL-t5
2021-09-22 01:09:52,772 [fff18091-4bc4-4dc4-9e0e-c7b7b9f7a092@group-364F2152D5CE-LeaderElection27] INFO  impl.LeaderElection (LeaderElection.java:logAndReturn(93)) -   Response 1: fff18091-4bc4-4dc4-9e0e-c7b7b9f7a092<-46189feb-569c-4e6f-be55-dc7298009a0b#0:OK-t5
2021-09-22 01:09:52,778 [fff18091-4bc4-4dc4-9e0e-c7b7b9f7a092@group-364F2152D5CE-LeaderElection27] INFO  impl.LeaderElection (LeaderElection.java:askForVotes(308)) - fff18091-4bc4-4dc4-9e0e-c7b7b9f7a092@group-364F2152D5CE-LeaderElection27 ELECTION round 0: result REJECTED
2021-09-22 01:09:52,778 [fff18091-4bc4-4dc4-9e0e-c7b7b9f7a092@group-364F2152D5CE-LeaderElection27] INFO  server.RaftServer$Division (RaftServerImpl.java:setRole(285)) - fff18091-4bc4-4dc4-9e0e-c7b7b9f7a092@group-364F2152D5CE: changes role from CANDIDATE to FOLLOWER at term 5 for REJECTED
2021-09-22 01:09:52,778 [fff18091-4bc4-4dc4-9e0e-c7b7b9f7a092@group-364F2152D5CE-LeaderElection27] INFO  impl.RoleInfo (RoleInfo.java:shutdownLeaderElection(121)) - fff18091-4bc4-4dc4-9e0e-c7b7b9f7a092: shutdown fff18091-4bc4-4dc4-9e0e-c7b7b9f7a092@group-364F2152D5CE-LeaderElection27
2021-09-22 01:09:52,778 [fff18091-4bc4-4dc4-9e0e-c7b7b9f7a092@group-364F2152D5CE-LeaderElection27] INFO  impl.RoleInfo (RoleInfo.java:updateAndGet(130)) - fff18091-4bc4-4dc4-9e0e-c7b7b9f7a092: start fff18091-4bc4-4dc4-9e0e-c7b7b9f7a092@group-364F2152D5CE-FollowerState
2021-09-22 01:09:52,780 [grpc-default-executor-1] INFO  server.RaftServer$Division (RaftServerImpl.java:requestVote(1075)) - 46189feb-569c-4e6f-be55-dc7298009a0b@group-7D8C5C10C900 replies to ELECTION vote request: fff18091-4bc4-4dc4-9e0e-c7b7b9f7a092<-46189feb-569c-4e6f-be55-dc7298009a0b#0:FAIL-t5. Peer's state: 46189feb-569c-4e6f-be55-dc7298009a0b@group-7D8C5C10C900:t5, leader=null, voted=null, raftlog=46189feb-569c-4e6f-be55-dc7298009a0b@group-7D8C5C10C900-SegmentedRaftLog:OPENED:c-1,f-1,i0, conf=-1: [0d23f380-5b64-4336-bea7-d12bd7eaa710|rpc:10.1.0.5:40155|dataStream:|priority:0, 46189feb-569c-4e6f-be55-dc7298009a0b|rpc:10.1.0.5:40371|dataStream:|priority:1, fff18091-4bc4-4dc4-9e0e-c7b7b9f7a092|rpc:10.1.0.5:43419|dataStream:|priority:0], old=null
2021-09-22 01:09:52,786 [fff18091-4bc4-4dc4-9e0e-c7b7b9f7a092@group-7D8C5C10C900-LeaderElection26] INFO  impl.LeaderElection (LeaderElection.java:logAndReturn(89)) - fff18091-4bc4-4dc4-9e0e-c7b7b9f7a092@group-7D8C5C10C900-LeaderElection26: ELECTION REJECTED received 2 response(s) and 0 exception(s):
2021-09-22 01:09:52,786 [fff18091-4bc4-4dc4-9e0e-c7b7b9f7a092@group-7D8C5C10C900-LeaderElection26] INFO  impl.LeaderElection (LeaderElection.java:logAndReturn(93)) -   Response 0: fff18091-4bc4-4dc4-9e0e-c7b7b9f7a092<-0d23f380-5b64-4336-bea7-d12bd7eaa710#0:OK-t5
2021-09-22 01:09:52,786 [fff18091-4bc4-4dc4-9e0e-c7b7b9f7a092@group-7D8C5C10C900-LeaderElection26] INFO  impl.LeaderElection (LeaderElection.java:logAndReturn(93)) -   Response 1: fff18091-4bc4-4dc4-9e0e-c7b7b9f7a092<-46189feb-569c-4e6f-be55-dc7298009a0b#0:FAIL-t5
2021-09-22 01:09:52,786 [fff18091-4bc4-4dc4-9e0e-c7b7b9f7a092@group-7D8C5C10C900-LeaderElection26] INFO  impl.LeaderElection (LeaderElection.java:askForVotes(308)) - fff18091-4bc4-4dc4-9e0e-c7b7b9f7a092@group-7D8C5C10C900-LeaderElection26 ELECTION round 0: result REJECTED
2021-09-22 01:09:52,786 [fff18091-4bc4-4dc4-9e0e-c7b7b9f7a092@group-7D8C5C10C900-LeaderElection26] INFO  server.RaftServer$Division (RaftServerImpl.java:setRole(285)) - fff18091-4bc4-4dc4-9e0e-c7b7b9f7a092@group-7D8C5C10C900: changes role from CANDIDATE to FOLLOWER at term 5 for REJECTED
2021-09-22 01:09:52,786 [fff18091-4bc4-4dc4-9e0e-c7b7b9f7a092@group-7D8C5C10C900-LeaderElection26] INFO  impl.RoleInfo (RoleInfo.java:shutdownLeaderElection(121)) - fff18091-4bc4-4dc4-9e0e-c7b7b9f7a092: shutdown fff18091-4bc4-4dc4-9e0e-c7b7b9f7a092@group-7D8C5C10C900-LeaderElection26
2021-09-22 01:09:52,786 [fff18091-4bc4-4dc4-9e0e-c7b7b9f7a092@group-7D8C5C10C900-LeaderElection26] INFO  impl.RoleInfo (RoleInfo.java:updateAndGet(130)) - fff18091-4bc4-4dc4-9e0e-c7b7b9f7a092: start fff18091-4bc4-4dc4-9e0e-c7b7b9f7a092@group-7D8C5C10C900-FollowerState
2021-09-22 01:09:53,489 [grpc-default-executor-1] WARN  server.GrpcLogAppender (LogUtils.java:warn(122)) - e58ea0e2-171c-4fa7-a930-6c25c8dc249c@group-C62B115EB3BF->9a2eaa79-e95b-45cd-b00f-a46126e2769a-AppendLogResponseHandler: Failed appendEntries: org.apache.ratis.thirdparty.io.grpc.StatusRuntimeException: UNAVAILABLE: io exception
2021-09-22 01:09:53,490 [grpc-default-executor-1] INFO  leader.FollowerInfo (FollowerInfoImpl.java:lambda$new$0(46)) - e58ea0e2-171c-4fa7-a930-6c25c8dc249c@group-C62B115EB3BF->9a2eaa79-e95b-45cd-b00f-a46126e2769a: nextIndex: updateUnconditionally 19 -> 18
2021-09-22 01:09:53,986 [Listener at 127.0.0.1/44817] INFO  statemachine.DatanodeStateMachine (DatanodeStateMachine.java:stopDaemon(515)) - Ozone container server stopped.
2021-09-22 01:09:53,987 [Listener at 127.0.0.1/44817] INFO  handler.ContextHandler (ContextHandler.java:doStop(1153)) - Stopped o.e.j.w.WebAppContext@5c04979e{hddsDatanode,/,null,STOPPED}{jar:file:/home/runner/.m2/repository/org/apache/ozone/hdds-container-service/1.2.0-SNAPSHOT/hdds-container-service-1.2.0-SNAPSHOT.jar!/webapps/hddsDatanode}
2021-09-22 01:09:53,988 [Listener at 127.0.0.1/44817] INFO  server.AbstractConnector (AbstractConnector.java:doStop(381)) - Stopped ServerConnector@3b968666{HTTP/1.1, (http/1.1)}{0.0.0.0:0}
2021-09-22 01:09:53,988 [Listener at 127.0.0.1/44817] INFO  server.session (HouseKeeper.java:stopScavenging(149)) - node0 Stopped scavenging
2021-09-22 01:09:53,988 [Listener at 127.0.0.1/44817] INFO  handler.ContextHandler (ContextHandler.java:doStop(1153)) - Stopped o.e.j.s.ServletContextHandler@1895cdfa{static,/static,jar:file:/home/runner/.m2/repository/org/apache/ozone/hdds-container-service/1.2.0-SNAPSHOT/hdds-container-service-1.2.0-SNAPSHOT.jar!/webapps/static,STOPPED}
2021-09-22 01:09:53,988 [Listener at 127.0.0.1/44817] INFO  handler.ContextHandler (ContextHandler.java:doStop(1153)) - Stopped o.e.j.s.ServletContextHandler@6fc37f8d{logs,/logs,file:///home/runner/work/ozone/ozone/hadoop-ozone/integration-test/target/log,STOPPED}
01:09:53.992 [grpc-default-executor-1] ERROR DNAudit - user=null | ip=null | op=WRITE_CHUNK {blockData=conID: 1 locID: 107544261427200001 bcsId: 14} | ret=FAILURE
org.apache.hadoop.hdds.scm.container.common.helpers.ContainerNotOpenException: Container 1 in CLOSED state
	at org.apache.hadoop.ozone.container.common.impl.HddsDispatcher.validateContainerCommand(HddsDispatcher.java:481) ~[hdds-container-service-1.2.0-SNAPSHOT.jar:?]
	at org.apache.hadoop.ozone.container.common.transport.server.ratis.ContainerStateMachine.startTransaction(ContainerStateMachine.java:318) ~[hdds-container-service-1.2.0-SNAPSHOT.jar:?]
	at org.apache.ratis.server.impl.RaftServerImpl.submitClientRequestAsync(RaftServerImpl.java:794) ~[ratis-server-2.1.0-03f3b68-SNAPSHOT.jar:2.1.0-03f3b68-SNAPSHOT]
	at org.apache.ratis.server.impl.RaftServerProxy.lambda$submitClientRequestAsync$9(RaftServerProxy.java:417) ~[ratis-server-2.1.0-03f3b68-SNAPSHOT.jar:2.1.0-03f3b68-SNAPSHOT]
	at org.apache.ratis.server.impl.RaftServerProxy.lambda$null$7(RaftServerProxy.java:412) ~[ratis-server-2.1.0-03f3b68-SNAPSHOT.jar:2.1.0-03f3b68-SNAPSHOT]
	at org.apache.ratis.util.JavaUtils.callAsUnchecked(JavaUtils.java:115) ~[ratis-common-2.1.0-03f3b68-SNAPSHOT.jar:2.1.0-03f3b68-SNAPSHOT]
	at org.apache.ratis.server.impl.RaftServerProxy.lambda$submitRequest$8(RaftServerProxy.java:412) ~[ratis-server-2.1.0-03f3b68-SNAPSHOT.jar:2.1.0-03f3b68-SNAPSHOT]
	at java.util.concurrent.CompletableFuture.uniComposeStage(CompletableFuture.java:995) ~[?:1.8.0_292]
	at java.util.concurrent.CompletableFuture.thenCompose(CompletableFuture.java:2137) ~[?:1.8.0_292]
	at org.apache.ratis.server.impl.RaftServerProxy.submitRequest(RaftServerProxy.java:411) ~[ratis-server-2.1.0-03f3b68-SNAPSHOT.jar:2.1.0-03f3b68-SNAPSHOT]
	at org.apache.ratis.server.impl.RaftServerProxy.submitClientRequestAsync(RaftServerProxy.java:417) ~[ratis-server-2.1.0-03f3b68-SNAPSHOT.jar:2.1.0-03f3b68-SNAPSHOT]
	at org.apache.ratis.grpc.client.GrpcClientProtocolService$RequestStreamObserver.processClientRequest(GrpcClientProtocolService.java:222) ~[ratis-grpc-2.1.0-03f3b68-SNAPSHOT.jar:2.1.0-03f3b68-SNAPSHOT]
	at org.apache.ratis.grpc.client.GrpcClientProtocolService$OrderedRequestStreamObserver.processClientRequest(GrpcClientProtocolService.java:328) ~[ratis-grpc-2.1.0-03f3b68-SNAPSHOT.jar:2.1.0-03f3b68-SNAPSHOT]
	at org.apache.ratis.util.SlidingWindow$Server.processRequestsFromHead(SlidingWindow.java:431) [ratis-common-2.1.0-03f3b68-SNAPSHOT.jar:2.1.0-03f3b68-SNAPSHOT]
	at org.apache.ratis.util.SlidingWindow$Server.receivedRequest(SlidingWindow.java:423) [ratis-common-2.1.0-03f3b68-SNAPSHOT.jar:2.1.0-03f3b68-SNAPSHOT]
	at org.apache.ratis.grpc.client.GrpcClientProtocolService$OrderedRequestStreamObserver.processClientRequest(GrpcClientProtocolService.java:352) [ratis-grpc-2.1.0-03f3b68-SNAPSHOT.jar:2.1.0-03f3b68-SNAPSHOT]
	at org.apache.ratis.grpc.client.GrpcClientProtocolService$RequestStreamObserver.onNext(GrpcClientProtocolService.java:242) [ratis-grpc-2.1.0-03f3b68-SNAPSHOT.jar:2.1.0-03f3b68-SNAPSHOT]
	at org.apache.ratis.grpc.client.GrpcClientProtocolService$RequestStreamObserver.onNext(GrpcClientProtocolService.java:165) [ratis-grpc-2.1.0-03f3b68-SNAPSHOT.jar:2.1.0-03f3b68-SNAPSHOT]
	at org.apache.ratis.thirdparty.io.grpc.stub.ServerCalls$StreamingServerCallHandler$StreamingServerCallListener.onMessage(ServerCalls.java:255) [ratis-thirdparty-misc-0.7.0.jar:0.7.0]
	at org.apache.ratis.thirdparty.io.grpc.ForwardingServerCallListener.onMessage(ForwardingServerCallListener.java:33) [ratis-thirdparty-misc-0.7.0.jar:0.7.0]
	at org.apache.ratis.thirdparty.io.grpc.internal.ServerCallImpl$ServerStreamListenerImpl.messagesAvailableInternal(ServerCallImpl.java:309) [ratis-thirdparty-misc-0.7.0.jar:0.7.0]
	at org.apache.ratis.thirdparty.io.grpc.internal.ServerCallImpl$ServerStreamListenerImpl.messagesAvailable(ServerCallImpl.java:292) [ratis-thirdparty-misc-0.7.0.jar:0.7.0]
	at org.apache.ratis.thirdparty.io.grpc.internal.ServerImpl$JumpToApplicationThreadServerStreamListener$1MessagesAvailable.runInContext(ServerImpl.java:782) [ratis-thirdparty-misc-0.7.0.jar:0.7.0]
	at org.apache.ratis.thirdparty.io.grpc.internal.ContextRunnable.run(ContextRunnable.java:37) [ratis-thirdparty-misc-0.7.0.jar:0.7.0]
	at org.apache.ratis.thirdparty.io.grpc.internal.SerializingExecutor.run(SerializingExecutor.java:123) [ratis-thirdparty-misc-0.7.0.jar:0.7.0]
	at java.util.concurrent.ThreadPoolExecutor.runWorker(ThreadPoolExecutor.java:1149) [?:1.8.0_292]
	at java.util.concurrent.ThreadPoolExecutor$Worker.run(ThreadPoolExecutor.java:624) [?:1.8.0_292]
	at java.lang.Thread.run(Thread.java:748) [?:1.8.0_292]
01:09:54.017 [grpc-default-executor-1] ERROR DNAudit - user=null | ip=null | op=WRITE_CHUNK {blockData=conID: 1 locID: 107544261427200001 bcsId: 14} | ret=FAILURE
org.apache.hadoop.hdds.scm.container.common.helpers.ContainerNotOpenException: Container 1 in CLOSED state
	at org.apache.hadoop.ozone.container.common.impl.HddsDispatcher.validateContainerCommand(HddsDispatcher.java:481) ~[hdds-container-service-1.2.0-SNAPSHOT.jar:?]
	at org.apache.hadoop.ozone.container.common.transport.server.ratis.ContainerStateMachine.startTransaction(ContainerStateMachine.java:318) ~[hdds-container-service-1.2.0-SNAPSHOT.jar:?]
	at org.apache.ratis.server.impl.RaftServerImpl.submitClientRequestAsync(RaftServerImpl.java:794) ~[ratis-server-2.1.0-03f3b68-SNAPSHOT.jar:2.1.0-03f3b68-SNAPSHOT]
	at org.apache.ratis.server.impl.RaftServerProxy.lambda$submitClientRequestAsync$9(RaftServerProxy.java:417) ~[ratis-server-2.1.0-03f3b68-SNAPSHOT.jar:2.1.0-03f3b68-SNAPSHOT]
	at org.apache.ratis.server.impl.RaftServerProxy.lambda$null$7(RaftServerProxy.java:412) ~[ratis-server-2.1.0-03f3b68-SNAPSHOT.jar:2.1.0-03f3b68-SNAPSHOT]
	at org.apache.ratis.util.JavaUtils.callAsUnchecked(JavaUtils.java:115) ~[ratis-common-2.1.0-03f3b68-SNAPSHOT.jar:2.1.0-03f3b68-SNAPSHOT]
	at org.apache.ratis.server.impl.RaftServerProxy.lambda$submitRequest$8(RaftServerProxy.java:412) ~[ratis-server-2.1.0-03f3b68-SNAPSHOT.jar:2.1.0-03f3b68-SNAPSHOT]
	at java.util.concurrent.CompletableFuture.uniComposeStage(CompletableFuture.java:995) ~[?:1.8.0_292]
	at java.util.concurrent.CompletableFuture.thenCompose(CompletableFuture.java:2137) ~[?:1.8.0_292]
	at org.apache.ratis.server.impl.RaftServerProxy.submitRequest(RaftServerProxy.java:411) ~[ratis-server-2.1.0-03f3b68-SNAPSHOT.jar:2.1.0-03f3b68-SNAPSHOT]
	at org.apache.ratis.server.impl.RaftServerProxy.submitClientRequestAsync(RaftServerProxy.java:417) ~[ratis-server-2.1.0-03f3b68-SNAPSHOT.jar:2.1.0-03f3b68-SNAPSHOT]
	at org.apache.ratis.grpc.client.GrpcClientProtocolService$RequestStreamObserver.processClientRequest(GrpcClientProtocolService.java:222) ~[ratis-grpc-2.1.0-03f3b68-SNAPSHOT.jar:2.1.0-03f3b68-SNAPSHOT]
	at org.apache.ratis.grpc.client.GrpcClientProtocolService$OrderedRequestStreamObserver.processClientRequest(GrpcClientProtocolService.java:328) ~[ratis-grpc-2.1.0-03f3b68-SNAPSHOT.jar:2.1.0-03f3b68-SNAPSHOT]
	at org.apache.ratis.util.SlidingWindow$Server.processRequestsFromHead(SlidingWindow.java:431) [ratis-common-2.1.0-03f3b68-SNAPSHOT.jar:2.1.0-03f3b68-SNAPSHOT]
	at org.apache.ratis.util.SlidingWindow$Server.receivedRequest(SlidingWindow.java:423) [ratis-common-2.1.0-03f3b68-SNAPSHOT.jar:2.1.0-03f3b68-SNAPSHOT]
	at org.apache.ratis.grpc.client.GrpcClientProtocolService$OrderedRequestStreamObserver.processClientRequest(GrpcClientProtocolService.java:352) [ratis-grpc-2.1.0-03f3b68-SNAPSHOT.jar:2.1.0-03f3b68-SNAPSHOT]
	at org.apache.ratis.grpc.client.GrpcClientProtocolService$RequestStreamObserver.onNext(GrpcClientProtocolService.java:242) [ratis-grpc-2.1.0-03f3b68-SNAPSHOT.jar:2.1.0-03f3b68-SNAPSHOT]
	at org.apache.ratis.grpc.client.GrpcClientProtocolService$RequestStreamObserver.onNext(GrpcClientProtocolService.java:165) [ratis-grpc-2.1.0-03f3b68-SNAPSHOT.jar:2.1.0-03f3b68-SNAPSHOT]
	at org.apache.ratis.thirdparty.io.grpc.stub.ServerCalls$StreamingServerCallHandler$StreamingServerCallListener.onMessage(ServerCalls.java:255) [ratis-thirdparty-misc-0.7.0.jar:0.7.0]
	at org.apache.ratis.thirdparty.io.grpc.ForwardingServerCallListener.onMessage(ForwardingServerCallListener.java:33) [ratis-thirdparty-misc-0.7.0.jar:0.7.0]
	at org.apache.ratis.thirdparty.io.grpc.internal.ServerCallImpl$ServerStreamListenerImpl.messagesAvailableInternal(ServerCallImpl.java:309) [ratis-thirdparty-misc-0.7.0.jar:0.7.0]
	at org.apache.ratis.thirdparty.io.grpc.internal.ServerCallImpl$ServerStreamListenerImpl.messagesAvailable(ServerCallImpl.java:292) [ratis-thirdparty-misc-0.7.0.jar:0.7.0]
	at org.apache.ratis.thirdparty.io.grpc.internal.ServerImpl$JumpToApplicationThreadServerStreamListener$1MessagesAvailable.runInContext(ServerImpl.java:782) [ratis-thirdparty-misc-0.7.0.jar:0.7.0]
	at org.apache.ratis.thirdparty.io.grpc.internal.ContextRunnable.run(ContextRunnable.java:37) [ratis-thirdparty-misc-0.7.0.jar:0.7.0]
	at org.apache.ratis.thirdparty.io.grpc.internal.SerializingExecutor.run(SerializingExecutor.java:123) [ratis-thirdparty-misc-0.7.0.jar:0.7.0]
	at java.util.concurrent.ThreadPoolExecutor.runWorker(ThreadPoolExecutor.java:1149) [?:1.8.0_292]
	at java.util.concurrent.ThreadPoolExecutor$Worker.run(ThreadPoolExecutor.java:624) [?:1.8.0_292]
	at java.lang.Thread.run(Thread.java:748) [?:1.8.0_292]
01:09:54.019 [grpc-default-executor-1] ERROR DNAudit - user=null | ip=null | op=PUT_BLOCK {blockData=[blockId=conID: 1 locID: 107544261427200001 bcsId: 0, size=650]} | ret=FAILURE
org.apache.hadoop.hdds.scm.container.common.helpers.ContainerNotOpenException: Container 1 in CLOSED state
	at org.apache.hadoop.ozone.container.common.impl.HddsDispatcher.validateContainerCommand(HddsDispatcher.java:481) ~[hdds-container-service-1.2.0-SNAPSHOT.jar:?]
	at org.apache.hadoop.ozone.container.common.transport.server.ratis.ContainerStateMachine.startTransaction(ContainerStateMachine.java:318) ~[hdds-container-service-1.2.0-SNAPSHOT.jar:?]
	at org.apache.ratis.server.impl.RaftServerImpl.submitClientRequestAsync(RaftServerImpl.java:794) ~[ratis-server-2.1.0-03f3b68-SNAPSHOT.jar:2.1.0-03f3b68-SNAPSHOT]
	at org.apache.ratis.server.impl.RaftServerProxy.lambda$submitClientRequestAsync$9(RaftServerProxy.java:417) ~[ratis-server-2.1.0-03f3b68-SNAPSHOT.jar:2.1.0-03f3b68-SNAPSHOT]
	at org.apache.ratis.server.impl.RaftServerProxy.lambda$null$7(RaftServerProxy.java:412) ~[ratis-server-2.1.0-03f3b68-SNAPSHOT.jar:2.1.0-03f3b68-SNAPSHOT]
	at org.apache.ratis.util.JavaUtils.callAsUnchecked(JavaUtils.java:115) ~[ratis-common-2.1.0-03f3b68-SNAPSHOT.jar:2.1.0-03f3b68-SNAPSHOT]
	at org.apache.ratis.server.impl.RaftServerProxy.lambda$submitRequest$8(RaftServerProxy.java:412) ~[ratis-server-2.1.0-03f3b68-SNAPSHOT.jar:2.1.0-03f3b68-SNAPSHOT]
	at java.util.concurrent.CompletableFuture.uniComposeStage(CompletableFuture.java:995) ~[?:1.8.0_292]
	at java.util.concurrent.CompletableFuture.thenCompose(CompletableFuture.java:2137) ~[?:1.8.0_292]
	at org.apache.ratis.server.impl.RaftServerProxy.submitRequest(RaftServerProxy.java:411) ~[ratis-server-2.1.0-03f3b68-SNAPSHOT.jar:2.1.0-03f3b68-SNAPSHOT]
	at org.apache.ratis.server.impl.RaftServerProxy.submitClientRequestAsync(RaftServerProxy.java:417) ~[ratis-server-2.1.0-03f3b68-SNAPSHOT.jar:2.1.0-03f3b68-SNAPSHOT]
	at org.apache.ratis.grpc.client.GrpcClientProtocolService$RequestStreamObserver.processClientRequest(GrpcClientProtocolService.java:222) ~[ratis-grpc-2.1.0-03f3b68-SNAPSHOT.jar:2.1.0-03f3b68-SNAPSHOT]
	at org.apache.ratis.grpc.client.GrpcClientProtocolService$OrderedRequestStreamObserver.processClientRequest(GrpcClientProtocolService.java:328) ~[ratis-grpc-2.1.0-03f3b68-SNAPSHOT.jar:2.1.0-03f3b68-SNAPSHOT]
	at org.apache.ratis.util.SlidingWindow$Server.processRequestsFromHead(SlidingWindow.java:431) [ratis-common-2.1.0-03f3b68-SNAPSHOT.jar:2.1.0-03f3b68-SNAPSHOT]
	at org.apache.ratis.util.SlidingWindow$Server.receivedRequest(SlidingWindow.java:423) [ratis-common-2.1.0-03f3b68-SNAPSHOT.jar:2.1.0-03f3b68-SNAPSHOT]
	at org.apache.ratis.grpc.client.GrpcClientProtocolService$OrderedRequestStreamObserver.processClientRequest(GrpcClientProtocolService.java:352) [ratis-grpc-2.1.0-03f3b68-SNAPSHOT.jar:2.1.0-03f3b68-SNAPSHOT]
	at org.apache.ratis.grpc.client.GrpcClientProtocolService$RequestStreamObserver.onNext(GrpcClientProtocolService.java:242) [ratis-grpc-2.1.0-03f3b68-SNAPSHOT.jar:2.1.0-03f3b68-SNAPSHOT]
	at org.apache.ratis.grpc.client.GrpcClientProtocolService$RequestStreamObserver.onNext(GrpcClientProtocolService.java:165) [ratis-grpc-2.1.0-03f3b68-SNAPSHOT.jar:2.1.0-03f3b68-SNAPSHOT]
	at org.apache.ratis.thirdparty.io.grpc.stub.ServerCalls$StreamingServerCallHandler$StreamingServerCallListener.onMessage(ServerCalls.java:255) [ratis-thirdparty-misc-0.7.0.jar:0.7.0]
	at org.apache.ratis.thirdparty.io.grpc.ForwardingServerCallListener.onMessage(ForwardingServerCallListener.java:33) [ratis-thirdparty-misc-0.7.0.jar:0.7.0]
	at org.apache.ratis.thirdparty.io.grpc.internal.ServerCallImpl$ServerStreamListenerImpl.messagesAvailableInternal(ServerCallImpl.java:309) [ratis-thirdparty-misc-0.7.0.jar:0.7.0]
	at org.apache.ratis.thirdparty.io.grpc.internal.ServerCallImpl$ServerStreamListenerImpl.messagesAvailable(ServerCallImpl.java:292) [ratis-thirdparty-misc-0.7.0.jar:0.7.0]
	at org.apache.ratis.thirdparty.io.grpc.internal.ServerImpl$JumpToApplicationThreadServerStreamListener$1MessagesAvailable.runInContext(ServerImpl.java:782) [ratis-thirdparty-misc-0.7.0.jar:0.7.0]
	at org.apache.ratis.thirdparty.io.grpc.internal.ContextRunnable.run(ContextRunnable.java:37) [ratis-thirdparty-misc-0.7.0.jar:0.7.0]
	at org.apache.ratis.thirdparty.io.grpc.internal.SerializingExecutor.run(SerializingExecutor.java:123) [ratis-thirdparty-misc-0.7.0.jar:0.7.0]
	at java.util.concurrent.ThreadPoolExecutor.runWorker(ThreadPoolExecutor.java:1149) [?:1.8.0_292]
	at java.util.concurrent.ThreadPoolExecutor$Worker.run(ThreadPoolExecutor.java:624) [?:1.8.0_292]
	at java.lang.Thread.run(Thread.java:748) [?:1.8.0_292]
01:09:54.030 [grpc-default-executor-1] ERROR DNAudit - user=null | ip=null | op=WRITE_CHUNK {blockData=conID: 1 locID: 107544261427200001 bcsId: 14} | ret=FAILURE
org.apache.hadoop.hdds.scm.container.common.helpers.ContainerNotOpenException: Container 1 in CLOSED state
	at org.apache.hadoop.ozone.container.common.impl.HddsDispatcher.validateContainerCommand(HddsDispatcher.java:481) ~[hdds-container-service-1.2.0-SNAPSHOT.jar:?]
	at org.apache.hadoop.ozone.container.common.transport.server.ratis.ContainerStateMachine.startTransaction(ContainerStateMachine.java:318) ~[hdds-container-service-1.2.0-SNAPSHOT.jar:?]
	at org.apache.ratis.server.impl.RaftServerImpl.submitClientRequestAsync(RaftServerImpl.java:794) ~[ratis-server-2.1.0-03f3b68-SNAPSHOT.jar:2.1.0-03f3b68-SNAPSHOT]
	at org.apache.ratis.server.impl.RaftServerProxy.lambda$submitClientRequestAsync$9(RaftServerProxy.java:417) ~[ratis-server-2.1.0-03f3b68-SNAPSHOT.jar:2.1.0-03f3b68-SNAPSHOT]
	at org.apache.ratis.server.impl.RaftServerProxy.lambda$null$7(RaftServerProxy.java:412) ~[ratis-server-2.1.0-03f3b68-SNAPSHOT.jar:2.1.0-03f3b68-SNAPSHOT]
	at org.apache.ratis.util.JavaUtils.callAsUnchecked(JavaUtils.java:115) ~[ratis-common-2.1.0-03f3b68-SNAPSHOT.jar:2.1.0-03f3b68-SNAPSHOT]
	at org.apache.ratis.server.impl.RaftServerProxy.lambda$submitRequest$8(RaftServerProxy.java:412) ~[ratis-server-2.1.0-03f3b68-SNAPSHOT.jar:2.1.0-03f3b68-SNAPSHOT]
	at java.util.concurrent.CompletableFuture.uniComposeStage(CompletableFuture.java:995) ~[?:1.8.0_292]
	at java.util.concurrent.CompletableFuture.thenCompose(CompletableFuture.java:2137) ~[?:1.8.0_292]
	at org.apache.ratis.server.impl.RaftServerProxy.submitRequest(RaftServerProxy.java:411) ~[ratis-server-2.1.0-03f3b68-SNAPSHOT.jar:2.1.0-03f3b68-SNAPSHOT]
	at org.apache.ratis.server.impl.RaftServerProxy.submitClientRequestAsync(RaftServerProxy.java:417) ~[ratis-server-2.1.0-03f3b68-SNAPSHOT.jar:2.1.0-03f3b68-SNAPSHOT]
	at org.apache.ratis.grpc.client.GrpcClientProtocolService$RequestStreamObserver.processClientRequest(GrpcClientProtocolService.java:222) ~[ratis-grpc-2.1.0-03f3b68-SNAPSHOT.jar:2.1.0-03f3b68-SNAPSHOT]
	at org.apache.ratis.grpc.client.GrpcClientProtocolService$OrderedRequestStreamObserver.processClientRequest(GrpcClientProtocolService.java:328) ~[ratis-grpc-2.1.0-03f3b68-SNAPSHOT.jar:2.1.0-03f3b68-SNAPSHOT]
	at org.apache.ratis.util.SlidingWindow$Server.processRequestsFromHead(SlidingWindow.java:431) [ratis-common-2.1.0-03f3b68-SNAPSHOT.jar:2.1.0-03f3b68-SNAPSHOT]
	at org.apache.ratis.util.SlidingWindow$Server.receivedRequest(SlidingWindow.java:423) [ratis-common-2.1.0-03f3b68-SNAPSHOT.jar:2.1.0-03f3b68-SNAPSHOT]
	at org.apache.ratis.grpc.client.GrpcClientProtocolService$OrderedRequestStreamObserver.processClientRequest(GrpcClientProtocolService.java:352) [ratis-grpc-2.1.0-03f3b68-SNAPSHOT.jar:2.1.0-03f3b68-SNAPSHOT]
	at org.apache.ratis.grpc.client.GrpcClientProtocolService$RequestStreamObserver.onNext(GrpcClientProtocolService.java:242) [ratis-grpc-2.1.0-03f3b68-SNAPSHOT.jar:2.1.0-03f3b68-SNAPSHOT]
	at org.apache.ratis.grpc.client.GrpcClientProtocolService$RequestStreamObserver.onNext(GrpcClientProtocolService.java:165) [ratis-grpc-2.1.0-03f3b68-SNAPSHOT.jar:2.1.0-03f3b68-SNAPSHOT]
	at org.apache.ratis.thirdparty.io.grpc.stub.ServerCalls$StreamingServerCallHandler$StreamingServerCallListener.onMessage(ServerCalls.java:255) [ratis-thirdparty-misc-0.7.0.jar:0.7.0]
	at org.apache.ratis.thirdparty.io.grpc.ForwardingServerCallListener.onMessage(ForwardingServerCallListener.java:33) [ratis-thirdparty-misc-0.7.0.jar:0.7.0]
	at org.apache.ratis.thirdparty.io.grpc.internal.ServerCallImpl$ServerStreamListenerImpl.messagesAvailableInternal(ServerCallImpl.java:309) [ratis-thirdparty-misc-0.7.0.jar:0.7.0]
	at org.apache.ratis.thirdparty.io.grpc.internal.ServerCallImpl$ServerStreamListenerImpl.messagesAvailable(ServerCallImpl.java:292) [ratis-thirdparty-misc-0.7.0.jar:0.7.0]
	at org.apache.ratis.thirdparty.io.grpc.internal.ServerImpl$JumpToApplicationThreadServerStreamListener$1MessagesAvailable.runInContext(ServerImpl.java:782) [ratis-thirdparty-misc-0.7.0.jar:0.7.0]
	at org.apache.ratis.thirdparty.io.grpc.internal.ContextRunnable.run(ContextRunnable.java:37) [ratis-thirdparty-misc-0.7.0.jar:0.7.0]
	at org.apache.ratis.thirdparty.io.grpc.internal.SerializingExecutor.run(SerializingExecutor.java:123) [ratis-thirdparty-misc-0.7.0.jar:0.7.0]
	at java.util.concurrent.ThreadPoolExecutor.runWorker(ThreadPoolExecutor.java:1149) [?:1.8.0_292]
	at java.util.concurrent.ThreadPoolExecutor$Worker.run(ThreadPoolExecutor.java:624) [?:1.8.0_292]
	at java.lang.Thread.run(Thread.java:748) [?:1.8.0_292]
01:09:54.032 [grpc-default-executor-1] ERROR DNAudit - user=null | ip=null | op=WRITE_CHUNK {blockData=conID: 1 locID: 107544261427200001 bcsId: 14} | ret=FAILURE
org.apache.hadoop.hdds.scm.container.common.helpers.ContainerNotOpenException: Container 1 in CLOSED state
	at org.apache.hadoop.ozone.container.common.impl.HddsDispatcher.validateContainerCommand(HddsDispatcher.java:481) ~[hdds-container-service-1.2.0-SNAPSHOT.jar:?]
	at org.apache.hadoop.ozone.container.common.transport.server.ratis.ContainerStateMachine.startTransaction(ContainerStateMachine.java:318) ~[hdds-container-service-1.2.0-SNAPSHOT.jar:?]
	at org.apache.ratis.server.impl.RaftServerImpl.submitClientRequestAsync(RaftServerImpl.java:794) ~[ratis-server-2.1.0-03f3b68-SNAPSHOT.jar:2.1.0-03f3b68-SNAPSHOT]
	at org.apache.ratis.server.impl.RaftServerProxy.lambda$submitClientRequestAsync$9(RaftServerProxy.java:417) ~[ratis-server-2.1.0-03f3b68-SNAPSHOT.jar:2.1.0-03f3b68-SNAPSHOT]
	at org.apache.ratis.server.impl.RaftServerProxy.lambda$null$7(RaftServerProxy.java:412) ~[ratis-server-2.1.0-03f3b68-SNAPSHOT.jar:2.1.0-03f3b68-SNAPSHOT]
	at org.apache.ratis.util.JavaUtils.callAsUnchecked(JavaUtils.java:115) ~[ratis-common-2.1.0-03f3b68-SNAPSHOT.jar:2.1.0-03f3b68-SNAPSHOT]
	at org.apache.ratis.server.impl.RaftServerProxy.lambda$submitRequest$8(RaftServerProxy.java:412) ~[ratis-server-2.1.0-03f3b68-SNAPSHOT.jar:2.1.0-03f3b68-SNAPSHOT]
	at java.util.concurrent.CompletableFuture.uniComposeStage(CompletableFuture.java:995) ~[?:1.8.0_292]
	at java.util.concurrent.CompletableFuture.thenCompose(CompletableFuture.java:2137) ~[?:1.8.0_292]
	at org.apache.ratis.server.impl.RaftServerProxy.submitRequest(RaftServerProxy.java:411) ~[ratis-server-2.1.0-03f3b68-SNAPSHOT.jar:2.1.0-03f3b68-SNAPSHOT]
	at org.apache.ratis.server.impl.RaftServerProxy.submitClientRequestAsync(RaftServerProxy.java:417) ~[ratis-server-2.1.0-03f3b68-SNAPSHOT.jar:2.1.0-03f3b68-SNAPSHOT]
	at org.apache.ratis.grpc.client.GrpcClientProtocolService$RequestStreamObserver.processClientRequest(GrpcClientProtocolService.java:222) ~[ratis-grpc-2.1.0-03f3b68-SNAPSHOT.jar:2.1.0-03f3b68-SNAPSHOT]
	at org.apache.ratis.grpc.client.GrpcClientProtocolService$OrderedRequestStreamObserver.processClientRequest(GrpcClientProtocolService.java:328) ~[ratis-grpc-2.1.0-03f3b68-SNAPSHOT.jar:2.1.0-03f3b68-SNAPSHOT]
	at org.apache.ratis.util.SlidingWindow$Server.processRequestsFromHead(SlidingWindow.java:431) [ratis-common-2.1.0-03f3b68-SNAPSHOT.jar:2.1.0-03f3b68-SNAPSHOT]
	at org.apache.ratis.util.SlidingWindow$Server.receivedRequest(SlidingWindow.java:423) [ratis-common-2.1.0-03f3b68-SNAPSHOT.jar:2.1.0-03f3b68-SNAPSHOT]
	at org.apache.ratis.grpc.client.GrpcClientProtocolService$OrderedRequestStreamObserver.processClientRequest(GrpcClientProtocolService.java:352) [ratis-grpc-2.1.0-03f3b68-SNAPSHOT.jar:2.1.0-03f3b68-SNAPSHOT]
	at org.apache.ratis.grpc.client.GrpcClientProtocolService$RequestStreamObserver.onNext(GrpcClientProtocolService.java:242) [ratis-grpc-2.1.0-03f3b68-SNAPSHOT.jar:2.1.0-03f3b68-SNAPSHOT]
	at org.apache.ratis.grpc.client.GrpcClientProtocolService$RequestStreamObserver.onNext(GrpcClientProtocolService.java:165) [ratis-grpc-2.1.0-03f3b68-SNAPSHOT.jar:2.1.0-03f3b68-SNAPSHOT]
	at org.apache.ratis.thirdparty.io.grpc.stub.ServerCalls$StreamingServerCallHandler$StreamingServerCallListener.onMessage(ServerCalls.java:255) [ratis-thirdparty-misc-0.7.0.jar:0.7.0]
	at org.apache.ratis.thirdparty.io.grpc.ForwardingServerCallListener.onMessage(ForwardingServerCallListener.java:33) [ratis-thirdparty-misc-0.7.0.jar:0.7.0]
	at org.apache.ratis.thirdparty.io.grpc.internal.ServerCallImpl$ServerStreamListenerImpl.messagesAvailableInternal(ServerCallImpl.java:309) [ratis-thirdparty-misc-0.7.0.jar:0.7.0]
	at org.apache.ratis.thirdparty.io.grpc.internal.ServerCallImpl$ServerStreamListenerImpl.messagesAvailable(ServerCallImpl.java:292) [ratis-thirdparty-misc-0.7.0.jar:0.7.0]
	at org.apache.ratis.thirdparty.io.grpc.internal.ServerImpl$JumpToApplicationThreadServerStreamListener$1MessagesAvailable.runInContext(ServerImpl.java:782) [ratis-thirdparty-misc-0.7.0.jar:0.7.0]
	at org.apache.ratis.thirdparty.io.grpc.internal.ContextRunnable.run(ContextRunnable.java:37) [ratis-thirdparty-misc-0.7.0.jar:0.7.0]
	at org.apache.ratis.thirdparty.io.grpc.internal.SerializingExecutor.run(SerializingExecutor.java:123) [ratis-thirdparty-misc-0.7.0.jar:0.7.0]
	at java.util.concurrent.ThreadPoolExecutor.runWorker(ThreadPoolExecutor.java:1149) [?:1.8.0_292]
	at java.util.concurrent.ThreadPoolExecutor$Worker.run(ThreadPoolExecutor.java:624) [?:1.8.0_292]
	at java.lang.Thread.run(Thread.java:748) [?:1.8.0_292]
01:09:54.033 [grpc-default-executor-1] ERROR DNAudit - user=null | ip=null | op=PUT_BLOCK {blockData=[blockId=conID: 1 locID: 107544261427200001 bcsId: 0, size=800]} | ret=FAILURE
org.apache.hadoop.hdds.scm.container.common.helpers.ContainerNotOpenException: Container 1 in CLOSED state
	at org.apache.hadoop.ozone.container.common.impl.HddsDispatcher.validateContainerCommand(HddsDispatcher.java:481) ~[hdds-container-service-1.2.0-SNAPSHOT.jar:?]
	at org.apache.hadoop.ozone.container.common.transport.server.ratis.ContainerStateMachine.startTransaction(ContainerStateMachine.java:318) ~[hdds-container-service-1.2.0-SNAPSHOT.jar:?]
	at org.apache.ratis.server.impl.RaftServerImpl.submitClientRequestAsync(RaftServerImpl.java:794) ~[ratis-server-2.1.0-03f3b68-SNAPSHOT.jar:2.1.0-03f3b68-SNAPSHOT]
	at org.apache.ratis.server.impl.RaftServerProxy.lambda$submitClientRequestAsync$9(RaftServerProxy.java:417) ~[ratis-server-2.1.0-03f3b68-SNAPSHOT.jar:2.1.0-03f3b68-SNAPSHOT]
	at org.apache.ratis.server.impl.RaftServerProxy.lambda$null$7(RaftServerProxy.java:412) ~[ratis-server-2.1.0-03f3b68-SNAPSHOT.jar:2.1.0-03f3b68-SNAPSHOT]
	at org.apache.ratis.util.JavaUtils.callAsUnchecked(JavaUtils.java:115) ~[ratis-common-2.1.0-03f3b68-SNAPSHOT.jar:2.1.0-03f3b68-SNAPSHOT]
	at org.apache.ratis.server.impl.RaftServerProxy.lambda$submitRequest$8(RaftServerProxy.java:412) ~[ratis-server-2.1.0-03f3b68-SNAPSHOT.jar:2.1.0-03f3b68-SNAPSHOT]
	at java.util.concurrent.CompletableFuture.uniComposeStage(CompletableFuture.java:995) ~[?:1.8.0_292]
	at java.util.concurrent.CompletableFuture.thenCompose(CompletableFuture.java:2137) ~[?:1.8.0_292]
	at org.apache.ratis.server.impl.RaftServerProxy.submitRequest(RaftServerProxy.java:411) ~[ratis-server-2.1.0-03f3b68-SNAPSHOT.jar:2.1.0-03f3b68-SNAPSHOT]
	at org.apache.ratis.server.impl.RaftServerProxy.submitClientRequestAsync(RaftServerProxy.java:417) ~[ratis-server-2.1.0-03f3b68-SNAPSHOT.jar:2.1.0-03f3b68-SNAPSHOT]
	at org.apache.ratis.grpc.client.GrpcClientProtocolService$RequestStreamObserver.processClientRequest(GrpcClientProtocolService.java:222) ~[ratis-grpc-2.1.0-03f3b68-SNAPSHOT.jar:2.1.0-03f3b68-SNAPSHOT]
	at org.apache.ratis.grpc.client.GrpcClientProtocolService$OrderedRequestStreamObserver.processClientRequest(GrpcClientProtocolService.java:328) ~[ratis-grpc-2.1.0-03f3b68-SNAPSHOT.jar:2.1.0-03f3b68-SNAPSHOT]
	at org.apache.ratis.util.SlidingWindow$Server.processRequestsFromHead(SlidingWindow.java:431) [ratis-common-2.1.0-03f3b68-SNAPSHOT.jar:2.1.0-03f3b68-SNAPSHOT]
	at org.apache.ratis.util.SlidingWindow$Server.receivedRequest(SlidingWindow.java:423) [ratis-common-2.1.0-03f3b68-SNAPSHOT.jar:2.1.0-03f3b68-SNAPSHOT]
	at org.apache.ratis.grpc.client.GrpcClientProtocolService$OrderedRequestStreamObserver.processClientRequest(GrpcClientProtocolService.java:352) [ratis-grpc-2.1.0-03f3b68-SNAPSHOT.jar:2.1.0-03f3b68-SNAPSHOT]
	at org.apache.ratis.grpc.client.GrpcClientProtocolService$RequestStreamObserver.onNext(GrpcClientProtocolService.java:242) [ratis-grpc-2.1.0-03f3b68-SNAPSHOT.jar:2.1.0-03f3b68-SNAPSHOT]
	at org.apache.ratis.grpc.client.GrpcClientProtocolService$RequestStreamObserver.onNext(GrpcClientProtocolService.java:165) [ratis-grpc-2.1.0-03f3b68-SNAPSHOT.jar:2.1.0-03f3b68-SNAPSHOT]
	at org.apache.ratis.thirdparty.io.grpc.stub.ServerCalls$StreamingServerCallHandler$StreamingServerCallListener.onMessage(ServerCalls.java:255) [ratis-thirdparty-misc-0.7.0.jar:0.7.0]
	at org.apache.ratis.thirdparty.io.grpc.ForwardingServerCallListener.onMessage(ForwardingServerCallListener.java:33) [ratis-thirdparty-misc-0.7.0.jar:0.7.0]
	at org.apache.ratis.thirdparty.io.grpc.internal.ServerCallImpl$ServerStreamListenerImpl.messagesAvailableInternal(ServerCallImpl.java:309) [ratis-thirdparty-misc-0.7.0.jar:0.7.0]
	at org.apache.ratis.thirdparty.io.grpc.internal.ServerCallImpl$ServerStreamListenerImpl.messagesAvailable(ServerCallImpl.java:292) [ratis-thirdparty-misc-0.7.0.jar:0.7.0]
	at org.apache.ratis.thirdparty.io.grpc.internal.ServerImpl$JumpToApplicationThreadServerStreamListener$1MessagesAvailable.runInContext(ServerImpl.java:782) [ratis-thirdparty-misc-0.7.0.jar:0.7.0]
	at org.apache.ratis.thirdparty.io.grpc.internal.ContextRunnable.run(ContextRunnable.java:37) [ratis-thirdparty-misc-0.7.0.jar:0.7.0]
	at org.apache.ratis.thirdparty.io.grpc.internal.SerializingExecutor.run(SerializingExecutor.java:123) [ratis-thirdparty-misc-0.7.0.jar:0.7.0]
	at java.util.concurrent.ThreadPoolExecutor.runWorker(ThreadPoolExecutor.java:1149) [?:1.8.0_292]
	at java.util.concurrent.ThreadPoolExecutor$Worker.run(ThreadPoolExecutor.java:624) [?:1.8.0_292]
	at java.lang.Thread.run(Thread.java:748) [?:1.8.0_292]
2021-09-22 01:09:54,102 [IPC Server handler 0 on default port 35859] INFO  pipeline.RatisPipelineProvider (RatisPipelineProvider.java:lambda$create$0(183)) - Sending CreatePipelineCommand for pipeline:PipelineID=1d294895-3a97-4125-9ae0-35c0dbf8b3d5 to datanode:e58ea0e2-171c-4fa7-a930-6c25c8dc249c
2021-09-22 01:09:54,102 [IPC Server handler 0 on default port 35859] INFO  pipeline.RatisPipelineProvider (RatisPipelineProvider.java:lambda$create$0(183)) - Sending CreatePipelineCommand for pipeline:PipelineID=1d294895-3a97-4125-9ae0-35c0dbf8b3d5 to datanode:9a2eaa79-e95b-45cd-b00f-a46126e2769a
2021-09-22 01:09:54,102 [IPC Server handler 0 on default port 35859] INFO  pipeline.RatisPipelineProvider (RatisPipelineProvider.java:lambda$create$0(183)) - Sending CreatePipelineCommand for pipeline:PipelineID=1d294895-3a97-4125-9ae0-35c0dbf8b3d5 to datanode:1846ff5f-c0f8-47b1-8bb5-c6f8d49a7778
2021-09-22 01:09:54,103 [IPC Server handler 0 on default port 35859] INFO  pipeline.PipelineStateManager (PipelineStateManagerV2Impl.java:addPipeline(101)) - Created pipeline Pipeline[ Id: 1d294895-3a97-4125-9ae0-35c0dbf8b3d5, Nodes: e58ea0e2-171c-4fa7-a930-6c25c8dc249c{ip: 10.1.0.5, host: fv-az294-326.eaanfquahm5ulb5tj050gcxych.jx.internal.cloudapp.net, ports: [REPLICATION=44987, RATIS=36231, RATIS_ADMIN=36231, RATIS_SERVER=36231, STANDALONE=33533], networkLocation: /default-rack, certSerialId: null, persistedOpState: IN_SERVICE, persistedOpStateExpiryEpochSec: 0}9a2eaa79-e95b-45cd-b00f-a46126e2769a{ip: 10.1.0.5, host: fv-az294-326.eaanfquahm5ulb5tj050gcxych.jx.internal.cloudapp.net, ports: [REPLICATION=43617, RATIS=42817, RATIS_ADMIN=42817, RATIS_SERVER=42817, STANDALONE=35193], networkLocation: /default-rack, certSerialId: null, persistedOpState: IN_SERVICE, persistedOpStateExpiryEpochSec: 0}1846ff5f-c0f8-47b1-8bb5-c6f8d49a7778{ip: 10.1.0.5, host: fv-az294-326.eaanfquahm5ulb5tj050gcxych.jx.internal.cloudapp.net, ports: [REPLICATION=35635, RATIS=36461, RATIS_ADMIN=36461, RATIS_SERVER=36461, STANDALONE=45231], networkLocation: /default-rack, certSerialId: null, persistedOpState: IN_SERVICE, persistedOpStateExpiryEpochSec: 0}, ReplicationConfig: RATIS/THREE, State:ALLOCATED, leaderId:, CreationTimestamp2021-09-22T01:09:54.102Z[Etc/UTC]].
2021-09-22 01:09:54,667 [grpc-default-executor-1] WARN  server.GrpcLogAppender (LogUtils.java:warn(122)) - e58ea0e2-171c-4fa7-a930-6c25c8dc249c@group-C62B115EB3BF->5dfa4197-3b4e-4728-abf2-2d416eda6cfb-AppendLogResponseHandler: Failed appendEntries: org.apache.ratis.thirdparty.io.grpc.StatusRuntimeException: UNAVAILABLE: io exception
2021-09-22 01:09:54,667 [grpc-default-executor-1] INFO  leader.FollowerInfo (FollowerInfoImpl.java:lambda$new$0(46)) - e58ea0e2-171c-4fa7-a930-6c25c8dc249c@group-C62B115EB3BF->5dfa4197-3b4e-4728-abf2-2d416eda6cfb: nextIndex: updateUnconditionally 17 -> 16
2021-09-22 01:09:55,640 [EventQueue-StaleNodeForStaleNodeHandler] INFO  node.StaleNodeHandler (StaleNodeHandler.java:onMessage(58)) - Datanode 9a2eaa79-e95b-45cd-b00f-a46126e2769a{ip: 10.1.0.5, host: fv-az294-326.eaanfquahm5ulb5tj050gcxych.jx.internal.cloudapp.net, ports: [REPLICATION=43617, RATIS=42817, RATIS_ADMIN=42817, RATIS_SERVER=42817, STANDALONE=35193], networkLocation: /default-rack, certSerialId: null, persistedOpState: IN_SERVICE, persistedOpStateExpiryEpochSec: 0} moved to stale state. Finalizing its pipelines [PipelineID=5c5e0d86-4a81-4250-84df-c2dc2de858e1, PipelineID=1d294895-3a97-4125-9ae0-35c0dbf8b3d5, PipelineID=bf874198-aeb4-4bc3-a6e8-2c2f94d327a1, PipelineID=4f78cfb6-f575-4110-97bf-c62b115eb3bf]
2021-09-22 01:09:55,640 [EventQueue-StaleNodeForStaleNodeHandler] INFO  pipeline.PipelineManagerImpl (PipelineManagerImpl.java:closePipeline(342)) - Pipeline Pipeline[ Id: 5c5e0d86-4a81-4250-84df-c2dc2de858e1, Nodes: 9a2eaa79-e95b-45cd-b00f-a46126e2769a{ip: 10.1.0.5, host: fv-az294-326.eaanfquahm5ulb5tj050gcxych.jx.internal.cloudapp.net, ports: [REPLICATION=43617, RATIS=42817, RATIS_ADMIN=42817, RATIS_SERVER=42817, STANDALONE=35193], networkLocation: /default-rack, certSerialId: null, persistedOpState: IN_SERVICE, persistedOpStateExpiryEpochSec: 0}, ReplicationConfig: RATIS/ONE, State:OPEN, leaderId:9a2eaa79-e95b-45cd-b00f-a46126e2769a, CreationTimestamp2021-09-22T01:09:23.885Z[Etc/UTC]] moved to CLOSED state
2021-09-22 01:09:55,641 [EventQueue-StaleNodeForStaleNodeHandler] INFO  pipeline.PipelineManagerImpl (PipelineManagerImpl.java:closePipeline(342)) - Pipeline Pipeline[ Id: 1d294895-3a97-4125-9ae0-35c0dbf8b3d5, Nodes: e58ea0e2-171c-4fa7-a930-6c25c8dc249c{ip: 10.1.0.5, host: fv-az294-326.eaanfquahm5ulb5tj050gcxych.jx.internal.cloudapp.net, ports: [REPLICATION=44987, RATIS=36231, RATIS_ADMIN=36231, RATIS_SERVER=36231, STANDALONE=33533], networkLocation: /default-rack, certSerialId: null, persistedOpState: IN_SERVICE, persistedOpStateExpiryEpochSec: 0}9a2eaa79-e95b-45cd-b00f-a46126e2769a{ip: 10.1.0.5, host: fv-az294-326.eaanfquahm5ulb5tj050gcxych.jx.internal.cloudapp.net, ports: [REPLICATION=43617, RATIS=42817, RATIS_ADMIN=42817, RATIS_SERVER=42817, STANDALONE=35193], networkLocation: /default-rack, certSerialId: null, persistedOpState: IN_SERVICE, persistedOpStateExpiryEpochSec: 0}1846ff5f-c0f8-47b1-8bb5-c6f8d49a7778{ip: 10.1.0.5, host: fv-az294-326.eaanfquahm5ulb5tj050gcxych.jx.internal.cloudapp.net, ports: [REPLICATION=35635, RATIS=36461, RATIS_ADMIN=36461, RATIS_SERVER=36461, STANDALONE=45231], networkLocation: /default-rack, certSerialId: null, persistedOpState: IN_SERVICE, persistedOpStateExpiryEpochSec: 0}, ReplicationConfig: RATIS/THREE, State:ALLOCATED, leaderId:, CreationTimestamp2021-09-22T01:09:54.102Z[Etc/UTC]] moved to CLOSED state
2021-09-22 01:09:55,689 [Command processor thread] INFO  server.RaftServer (RaftServerProxy.java:addNew(95)) - e58ea0e2-171c-4fa7-a930-6c25c8dc249c: addNew group-35C0DBF8B3D5:[e58ea0e2-171c-4fa7-a930-6c25c8dc249c|rpc:10.1.0.5:36231|priority:1, 9a2eaa79-e95b-45cd-b00f-a46126e2769a|rpc:10.1.0.5:42817|priority:0, 1846ff5f-c0f8-47b1-8bb5-c6f8d49a7778|rpc:10.1.0.5:36461|priority:0] returns group-35C0DBF8B3D5:java.util.concurrent.CompletableFuture@7d9bb68e[Not completed]
2021-09-22 01:09:55,690 [pool-74-thread-1] INFO  server.RaftServer$Division (RaftServerImpl.java:<init>(181)) - e58ea0e2-171c-4fa7-a930-6c25c8dc249c: new RaftServerImpl for group-35C0DBF8B3D5:[e58ea0e2-171c-4fa7-a930-6c25c8dc249c|rpc:10.1.0.5:36231|priority:1, 9a2eaa79-e95b-45cd-b00f-a46126e2769a|rpc:10.1.0.5:42817|priority:0, 1846ff5f-c0f8-47b1-8bb5-c6f8d49a7778|rpc:10.1.0.5:36461|priority:0] with ContainerStateMachine:uninitialized
2021-09-22 01:09:55,690 [pool-74-thread-1] INFO  server.RaftServerConfigKeys (ConfUtils.java:logGet(44)) - raft.server.rpc.timeout.min = 5s (custom)
2021-09-22 01:09:55,690 [pool-74-thread-1] INFO  server.RaftServerConfigKeys (ConfUtils.java:logGet(44)) - raft.server.rpc.timeout.max = 5200ms (custom)
2021-09-22 01:09:55,690 [pool-74-thread-1] INFO  server.RaftServerConfigKeys (ConfUtils.java:logGet(44)) - raft.server.rpc.sleep.time = 25ms (default)
2021-09-22 01:09:55,690 [pool-74-thread-1] INFO  server.RaftServerConfigKeys (ConfUtils.java:logGet(44)) - raft.server.rpc.slowness.timeout = 300000ms (custom)
2021-09-22 01:09:55,690 [pool-74-thread-1] INFO  server.RaftServerConfigKeys (ConfUtils.java:logGet(44)) - raft.server.leaderelection.leader.step-down.wait-time = 10s (default)
2021-09-22 01:09:55,690 [pool-74-thread-1] INFO  server.RaftServerConfigKeys (ConfUtils.java:logGet(44)) - raft.server.sleep.deviation.threshold = 300ms (default)
2021-09-22 01:09:55,690 [pool-74-thread-1] INFO  server.RaftServerConfigKeys (ConfUtils.java:logGet(44)) - raft.server.log.appender.install.snapshot.enabled = false (custom)
2021-09-22 01:09:55,690 [pool-74-thread-1] INFO  server.RaftServer$Division (ServerState.java:<init>(105)) - e58ea0e2-171c-4fa7-a930-6c25c8dc249c@group-35C0DBF8B3D5: ConfigurationManager, init=-1: [e58ea0e2-171c-4fa7-a930-6c25c8dc249c|rpc:10.1.0.5:36231|priority:1, 9a2eaa79-e95b-45cd-b00f-a46126e2769a|rpc:10.1.0.5:42817|priority:0, 1846ff5f-c0f8-47b1-8bb5-c6f8d49a7778|rpc:10.1.0.5:36461|priority:0], old=null, confs=<EMPTY_MAP>
2021-09-22 01:09:55,691 [pool-74-thread-1] INFO  server.RaftServerConfigKeys (ConfUtils.java:logGet(44)) - raft.server.storage.dir = [/home/runner/work/ozone/ozone/hadoop-ozone/integration-test/target/test-dir/MiniOzoneClusterImpl-25acc1c1-a8f2-4117-88d4-9d8f1e28eca9/datanode-1/data/ratis] (custom)
2021-09-22 01:09:55,691 [pool-74-thread-1] INFO  server.RaftServerConfigKeys (ConfUtils.java:logGet(44)) - raft.server.log.corruption.policy = EXCEPTION (default)
2021-09-22 01:09:55,691 [pool-74-thread-1] INFO  server.RaftServerConfigKeys (ConfUtils.java:logGet(44)) - raft.server.storage.free-space.min = 0MB (=0) (default)
2021-09-22 01:09:55,691 [pool-74-thread-1] INFO  storage.RaftStorageDirectory (RaftStorageDirectoryImpl.java:analyzeStorage(135)) - The storage directory /home/runner/work/ozone/ozone/hadoop-ozone/integration-test/target/test-dir/MiniOzoneClusterImpl-25acc1c1-a8f2-4117-88d4-9d8f1e28eca9/datanode-1/data/ratis/1d294895-3a97-4125-9ae0-35c0dbf8b3d5 does not exist. Creating ...
2021-09-22 01:09:55,692 [pool-74-thread-1] INFO  storage.RaftStorageDirectory (RaftStorageDirectoryImpl.java:tryLock(230)) - Lock on /home/runner/work/ozone/ozone/hadoop-ozone/integration-test/target/test-dir/MiniOzoneClusterImpl-25acc1c1-a8f2-4117-88d4-9d8f1e28eca9/datanode-1/data/ratis/1d294895-3a97-4125-9ae0-35c0dbf8b3d5/in_use.lock acquired by nodename 21910@fv-az294-326
2021-09-22 01:09:55,693 [pool-74-thread-1] INFO  storage.RaftStorage (RaftStorageImpl.java:format(89)) - Storage directory /home/runner/work/ozone/ozone/hadoop-ozone/integration-test/target/test-dir/MiniOzoneClusterImpl-25acc1c1-a8f2-4117-88d4-9d8f1e28eca9/datanode-1/data/ratis/1d294895-3a97-4125-9ae0-35c0dbf8b3d5 has been successfully formatted.
2021-09-22 01:09:55,694 [pool-74-thread-1] INFO  ratis.ContainerStateMachine (ContainerStateMachine.java:loadSnapshot(224)) - group-35C0DBF8B3D5: The snapshot info is null. Setting the last applied indexto:(t:0, i:~)
2021-09-22 01:09:55,694 [pool-74-thread-1] INFO  server.RaftServerConfigKeys (ConfUtils.java:logGet(44)) - raft.server.notification.no-leader.timeout = 300000ms (custom)
2021-09-22 01:09:55,694 [pool-74-thread-1] INFO  server.RaftServerConfigKeys (ConfUtils.java:logGet(44)) - raft.server.log.use.memory = false (default)
2021-09-22 01:09:55,694 [pool-74-thread-1] INFO  server.RaftServerConfigKeys (ConfUtils.java:logGet(44)) - raft.server.log.purge.gap = 1000000 (custom)
2021-09-22 01:09:55,694 [pool-74-thread-1] INFO  server.RaftServerConfigKeys (ConfUtils.java:logGet(44)) - raft.server.log.appender.buffer.byte-limit = 33554432 (custom)
2021-09-22 01:09:55,698 [pool-74-thread-1] INFO  server.RaftServerConfigKeys (ConfUtils.java:logGet(44)) - raft.server.log.segment.size.max = 1048576 (custom)
2021-09-22 01:09:55,698 [pool-74-thread-1] INFO  server.RaftServerConfigKeys (ConfUtils.java:logGet(44)) - raft.server.log.segment.cache.num.max = 2 (custom)
2021-09-22 01:09:55,698 [pool-74-thread-1] INFO  server.RaftServerConfigKeys (ConfUtils.java:logGet(44)) - raft.server.log.segment.cache.size.max = 200MB (=209715200) (default)
2021-09-22 01:09:55,698 [pool-74-thread-1] INFO  segmented.SegmentedRaftLogWorker (SegmentedRaftLogWorker.java:<init>(182)) - new e58ea0e2-171c-4fa7-a930-6c25c8dc249c@group-35C0DBF8B3D5-SegmentedRaftLogWorker for RaftStorageImpl:Storage Directory /home/runner/work/ozone/ozone/hadoop-ozone/integration-test/target/test-dir/MiniOzoneClusterImpl-25acc1c1-a8f2-4117-88d4-9d8f1e28eca9/datanode-1/data/ratis/1d294895-3a97-4125-9ae0-35c0dbf8b3d5
2021-09-22 01:09:55,698 [pool-74-thread-1] INFO  server.RaftServerConfigKeys (ConfUtils.java:logGet(44)) - raft.server.log.queue.byte-limit = 2147483647 (custom)
2021-09-22 01:09:55,698 [pool-74-thread-1] INFO  server.RaftServerConfigKeys (ConfUtils.java:logGet(44)) - raft.server.log.queue.element-limit = 1024 (custom)
2021-09-22 01:09:55,698 [pool-74-thread-1] INFO  server.RaftServerConfigKeys (ConfUtils.java:logGet(44)) - raft.server.log.segment.size.max = 1048576 (custom)
2021-09-22 01:09:55,699 [pool-74-thread-1] INFO  server.RaftServerConfigKeys (ConfUtils.java:logGet(44)) - raft.server.log.preallocated.size = 16384 (custom)
2021-09-22 01:09:55,699 [pool-74-thread-1] INFO  server.RaftServerConfigKeys (ConfUtils.java:logGet(44)) - raft.server.log.force.sync.num = 128 (default)
2021-09-22 01:09:55,701 [pool-74-thread-1] INFO  server.RaftServerConfigKeys (ConfUtils.java:logGet(44)) - raft.server.log.statemachine.data.sync = true (default)
2021-09-22 01:09:55,701 [pool-74-thread-1] INFO  server.RaftServerConfigKeys (ConfUtils.java:logGet(44)) - raft.server.log.statemachine.data.sync.timeout = 10s (default)
2021-09-22 01:09:55,701 [pool-74-thread-1] INFO  server.RaftServerConfigKeys (ConfUtils.java:logGet(44)) - raft.server.log.statemachine.data.sync.timeout.retry = -1 (default)
2021-09-22 01:09:55,702 [pool-74-thread-1] INFO  server.RaftServerConfigKeys (ConfUtils.java:logGet(44)) - raft.server.log.write.buffer.size = 1048576 (custom)
2021-09-22 01:09:55,702 [pool-74-thread-1] INFO  server.RaftServerConfigKeys (ConfUtils.java:logGet(44)) - raft.server.log.statemachine.data.caching.enabled = true (custom)
2021-09-22 01:09:55,702 [pool-74-thread-1] INFO  segmented.SegmentedRaftLogWorker (SegmentedRaftLogWorker.java:lambda$new$0(133)) - e58ea0e2-171c-4fa7-a930-6c25c8dc249c@group-35C0DBF8B3D5-SegmentedRaftLogWorker: flushIndex: setUnconditionally 0 -> -1
2021-09-22 01:09:55,702 [pool-74-thread-1] INFO  segmented.SegmentedRaftLogWorker (SegmentedRaftLogWorker.java:lambda$new$0(133)) - e58ea0e2-171c-4fa7-a930-6c25c8dc249c@group-35C0DBF8B3D5-SegmentedRaftLogWorker: safeCacheEvictIndex: setUnconditionally 0 -> -1
2021-09-22 01:09:55,706 [pool-74-thread-1] INFO  server.RaftServerConfigKeys (ConfUtils.java:logGet(44)) - raft.server.snapshot.auto.trigger.enabled = true (custom)
2021-09-22 01:09:55,706 [pool-74-thread-1] INFO  server.RaftServerConfigKeys (ConfUtils.java:logGet(44)) - raft.server.snapshot.auto.trigger.threshold = 10000 (custom)
2021-09-22 01:09:55,706 [pool-74-thread-1] INFO  server.RaftServerConfigKeys (ConfUtils.java:logGet(44)) - raft.server.snapshot.retention.file.num = 5 (custom)
2021-09-22 01:09:55,706 [pool-74-thread-1] INFO  server.RaftServerConfigKeys (ConfUtils.java:logGet(44)) - raft.server.log.purge.upto.snapshot.index = false (default)
2021-09-22 01:09:55,706 [pool-74-thread-1] INFO  server.RaftServerConfigKeys (ConfUtils.java:logGet(44)) - raft.server.retrycache.expirytime = 600000ms (custom)
2021-09-22 01:09:55,706 [pool-74-thread-1] INFO  server.RaftServerConfigKeys (ConfUtils.java:logGet(44)) - raft.server.retrycache.statistics.expirytime = 100μs (default)
2021-09-22 01:09:55,707 [pool-74-thread-1] INFO  server.RaftServer$Division (RaftServerImpl.java:start(296)) - e58ea0e2-171c-4fa7-a930-6c25c8dc249c@group-35C0DBF8B3D5: start as a follower, conf=-1: [e58ea0e2-171c-4fa7-a930-6c25c8dc249c|rpc:10.1.0.5:36231|priority:1, 9a2eaa79-e95b-45cd-b00f-a46126e2769a|rpc:10.1.0.5:42817|priority:0, 1846ff5f-c0f8-47b1-8bb5-c6f8d49a7778|rpc:10.1.0.5:36461|priority:0], old=null
2021-09-22 01:09:55,707 [pool-74-thread-1] INFO  server.RaftServer$Division (RaftServerImpl.java:setRole(285)) - e58ea0e2-171c-4fa7-a930-6c25c8dc249c@group-35C0DBF8B3D5: changes role from      null to FOLLOWER at term 0 for startAsFollower
2021-09-22 01:09:55,707 [pool-74-thread-1] INFO  impl.RoleInfo (RoleInfo.java:updateAndGet(130)) - e58ea0e2-171c-4fa7-a930-6c25c8dc249c: start e58ea0e2-171c-4fa7-a930-6c25c8dc249c@group-35C0DBF8B3D5-FollowerState
2021-09-22 01:09:55,711 [pool-74-thread-1] INFO  util.JmxRegister (JmxRegister.java:tryRegister(44)) - Successfully registered JMX Bean with object name Ratis:service=RaftServer,group=group-35C0DBF8B3D5,id=e58ea0e2-171c-4fa7-a930-6c25c8dc249c
2021-09-22 01:09:55,713 [Command processor thread] INFO  ratis.XceiverServerRatis (XceiverServerRatis.java:addGroup(762)) - Created group PipelineID=1d294895-3a97-4125-9ae0-35c0dbf8b3d5
2021-09-22 01:09:55,731 [Command processor thread] WARN  commandhandler.CreatePipelineCommandHandler (CreatePipelineCommandHandler.java:lambda$handle$1(103)) - Add group failed for 9a2eaa79-e95b-45cd-b00f-a46126e2769a{ip: 10.1.0.5, host: fv-az294-326.eaanfquahm5ulb5tj050gcxych.jx.internal.cloudapp.net, ports: [REPLICATION=43617, RATIS=42817, RATIS_ADMIN=42817, RATIS_SERVER=42817, STANDALONE=35193], networkLocation: /default-rack, certSerialId: null, persistedOpState: IN_SERVICE, persistedOpStateExpiryEpochSec: 0}
java.io.IOException: org.apache.ratis.thirdparty.io.grpc.StatusRuntimeException: UNAVAILABLE: io exception
	at org.apache.ratis.grpc.GrpcUtil.unwrapException(GrpcUtil.java:92)
	at org.apache.ratis.grpc.client.GrpcClientProtocolClient.blockingCall(GrpcClientProtocolClient.java:218)
	at org.apache.ratis.grpc.client.GrpcClientProtocolClient.groupAdd(GrpcClientProtocolClient.java:179)
	at org.apache.ratis.grpc.client.GrpcClientRpc.sendRequest(GrpcClientRpc.java:96)
	at org.apache.ratis.client.impl.BlockingImpl.sendRequest(BlockingImpl.java:130)
	at org.apache.ratis.client.impl.GroupManagementImpl.add(GroupManagementImpl.java:51)
	at org.apache.hadoop.ozone.container.common.statemachine.commandhandler.CreatePipelineCommandHandler.lambda$handle$1(CreatePipelineCommandHandler.java:99)
	at java.util.stream.ForEachOps$ForEachOp$OfRef.accept(ForEachOps.java:183)
	at java.util.stream.ReferencePipeline$2$1.accept(ReferencePipeline.java:175)
	at java.util.ArrayList$ArrayListSpliterator.forEachRemaining(ArrayList.java:1384)
	at java.util.stream.AbstractPipeline.copyInto(AbstractPipeline.java:482)
	at java.util.stream.AbstractPipeline.wrapAndCopyInto(AbstractPipeline.java:472)
	at java.util.stream.ForEachOps$ForEachOp.evaluateSequential(ForEachOps.java:150)
	at java.util.stream.ForEachOps$ForEachOp$OfRef.evaluateSequential(ForEachOps.java:173)
	at java.util.stream.AbstractPipeline.evaluate(AbstractPipeline.java:234)
	at java.util.stream.ReferencePipeline.forEach(ReferencePipeline.java:485)
	at org.apache.hadoop.ozone.container.common.statemachine.commandhandler.CreatePipelineCommandHandler.handle(CreatePipelineCommandHandler.java:95)
	at org.apache.hadoop.ozone.container.common.statemachine.commandhandler.CommandDispatcher.handle(CommandDispatcher.java:99)
	at org.apache.hadoop.ozone.container.common.statemachine.DatanodeStateMachine.lambda$initCommandHandlerThread$2(DatanodeStateMachine.java:556)
	at java.lang.Thread.run(Thread.java:748)
Caused by: org.apache.ratis.thirdparty.io.grpc.StatusRuntimeException: UNAVAILABLE: io exception
	at org.apache.ratis.thirdparty.io.grpc.stub.ClientCalls.toStatusRuntimeException(ClientCalls.java:262)
	at org.apache.ratis.thirdparty.io.grpc.stub.ClientCalls.getUnchecked(ClientCalls.java:243)
	at org.apache.ratis.thirdparty.io.grpc.stub.ClientCalls.blockingUnaryCall(ClientCalls.java:156)
	at org.apache.ratis.proto.grpc.AdminProtocolServiceGrpc$AdminProtocolServiceBlockingStub.groupManagement(AdminProtocolServiceGrpc.java:413)
	at org.apache.ratis.grpc.client.GrpcClientProtocolClient.lambda$groupAdd$5(GrpcClientProtocolClient.java:181)
	at org.apache.ratis.grpc.client.GrpcClientProtocolClient.blockingCall(GrpcClientProtocolClient.java:216)
	... 18 more
Caused by: org.apache.ratis.thirdparty.io.netty.channel.AbstractChannel$AnnotatedConnectException: finishConnect(..) failed: Connection refused: /10.1.0.5:42817
Caused by: java.net.ConnectException: finishConnect(..) failed: Connection refused
	at org.apache.ratis.thirdparty.io.netty.channel.unix.Errors.newConnectException0(Errors.java:155)
	at org.apache.ratis.thirdparty.io.netty.channel.unix.Errors.handleConnectErrno(Errors.java:128)
	at org.apache.ratis.thirdparty.io.netty.channel.unix.Socket.finishConnect(Socket.java:278)
	at org.apache.ratis.thirdparty.io.netty.channel.epoll.AbstractEpollChannel$AbstractEpollUnsafe.doFinishConnect(AbstractEpollChannel.java:710)
	at org.apache.ratis.thirdparty.io.netty.channel.epoll.AbstractEpollChannel$AbstractEpollUnsafe.finishConnect(AbstractEpollChannel.java:687)
	at org.apache.ratis.thirdparty.io.netty.channel.epoll.AbstractEpollChannel$AbstractEpollUnsafe.epollOutReady(AbstractEpollChannel.java:567)
	at org.apache.ratis.thirdparty.io.netty.channel.epoll.EpollEventLoop.processReady(EpollEventLoop.java:470)
	at org.apache.ratis.thirdparty.io.netty.channel.epoll.EpollEventLoop.run(EpollEventLoop.java:378)
	at org.apache.ratis.thirdparty.io.netty.util.concurrent.SingleThreadEventExecutor$4.run(SingleThreadEventExecutor.java:989)
	at org.apache.ratis.thirdparty.io.netty.util.internal.ThreadExecutorMap$2.run(ThreadExecutorMap.java:74)
	at org.apache.ratis.thirdparty.io.netty.util.concurrent.FastThreadLocalRunnable.run(FastThreadLocalRunnable.java:30)
	at java.lang.Thread.run(Thread.java:748)
2021-09-22 01:09:55,737 [grpc-default-executor-1] INFO  server.RaftServer (RaftServerProxy.java:addNew(95)) - 1846ff5f-c0f8-47b1-8bb5-c6f8d49a7778: addNew group-35C0DBF8B3D5:[e58ea0e2-171c-4fa7-a930-6c25c8dc249c|rpc:10.1.0.5:36231|dataStream:|priority:1, 9a2eaa79-e95b-45cd-b00f-a46126e2769a|rpc:10.1.0.5:42817|dataStream:|priority:0, 1846ff5f-c0f8-47b1-8bb5-c6f8d49a7778|rpc:10.1.0.5:36461|dataStream:|priority:0] returns group-35C0DBF8B3D5:java.util.concurrent.CompletableFuture@54b7ddb2[Not completed]
2021-09-22 01:09:55,738 [pool-169-thread-1] INFO  server.RaftServer$Division (RaftServerImpl.java:<init>(181)) - 1846ff5f-c0f8-47b1-8bb5-c6f8d49a7778: new RaftServerImpl for group-35C0DBF8B3D5:[e58ea0e2-171c-4fa7-a930-6c25c8dc249c|rpc:10.1.0.5:36231|dataStream:|priority:1, 9a2eaa79-e95b-45cd-b00f-a46126e2769a|rpc:10.1.0.5:42817|dataStream:|priority:0, 1846ff5f-c0f8-47b1-8bb5-c6f8d49a7778|rpc:10.1.0.5:36461|dataStream:|priority:0] with ContainerStateMachine:uninitialized
2021-09-22 01:09:55,738 [pool-169-thread-1] INFO  server.RaftServerConfigKeys (ConfUtils.java:logGet(44)) - raft.server.rpc.timeout.min = 5s (custom)
2021-09-22 01:09:55,738 [pool-169-thread-1] INFO  server.RaftServerConfigKeys (ConfUtils.java:logGet(44)) - raft.server.rpc.timeout.max = 5200ms (custom)
2021-09-22 01:09:55,738 [pool-169-thread-1] INFO  server.RaftServerConfigKeys (ConfUtils.java:logGet(44)) - raft.server.rpc.sleep.time = 25ms (default)
2021-09-22 01:09:55,738 [pool-169-thread-1] INFO  server.RaftServerConfigKeys (ConfUtils.java:logGet(44)) - raft.server.rpc.slowness.timeout = 300000ms (custom)
2021-09-22 01:09:55,738 [pool-169-thread-1] INFO  server.RaftServerConfigKeys (ConfUtils.java:logGet(44)) - raft.server.leaderelection.leader.step-down.wait-time = 10s (default)
2021-09-22 01:09:55,738 [pool-169-thread-1] INFO  server.RaftServerConfigKeys (ConfUtils.java:logGet(44)) - raft.server.sleep.deviation.threshold = 300ms (default)
2021-09-22 01:09:55,738 [pool-169-thread-1] INFO  server.RaftServerConfigKeys (ConfUtils.java:logGet(44)) - raft.server.log.appender.install.snapshot.enabled = false (custom)
2021-09-22 01:09:55,738 [pool-169-thread-1] INFO  server.RaftServer$Division (ServerState.java:<init>(105)) - 1846ff5f-c0f8-47b1-8bb5-c6f8d49a7778@group-35C0DBF8B3D5: ConfigurationManager, init=-1: [e58ea0e2-171c-4fa7-a930-6c25c8dc249c|rpc:10.1.0.5:36231|dataStream:|priority:1, 9a2eaa79-e95b-45cd-b00f-a46126e2769a|rpc:10.1.0.5:42817|dataStream:|priority:0, 1846ff5f-c0f8-47b1-8bb5-c6f8d49a7778|rpc:10.1.0.5:36461|dataStream:|priority:0], old=null, confs=<EMPTY_MAP>
2021-09-22 01:09:55,739 [pool-169-thread-1] INFO  server.RaftServerConfigKeys (ConfUtils.java:logGet(44)) - raft.server.storage.dir = [/home/runner/work/ozone/ozone/hadoop-ozone/integration-test/target/test-dir/MiniOzoneClusterImpl-25acc1c1-a8f2-4117-88d4-9d8f1e28eca9/datanode-6/data/ratis] (custom)
2021-09-22 01:09:55,739 [pool-169-thread-1] INFO  server.RaftServerConfigKeys (ConfUtils.java:logGet(44)) - raft.server.log.corruption.policy = EXCEPTION (default)
2021-09-22 01:09:55,739 [pool-169-thread-1] INFO  server.RaftServerConfigKeys (ConfUtils.java:logGet(44)) - raft.server.storage.free-space.min = 0MB (=0) (default)
2021-09-22 01:09:55,739 [pool-169-thread-1] INFO  storage.RaftStorageDirectory (RaftStorageDirectoryImpl.java:analyzeStorage(135)) - The storage directory /home/runner/work/ozone/ozone/hadoop-ozone/integration-test/target/test-dir/MiniOzoneClusterImpl-25acc1c1-a8f2-4117-88d4-9d8f1e28eca9/datanode-6/data/ratis/1d294895-3a97-4125-9ae0-35c0dbf8b3d5 does not exist. Creating ...
2021-09-22 01:09:55,740 [pool-169-thread-1] INFO  storage.RaftStorageDirectory (RaftStorageDirectoryImpl.java:tryLock(230)) - Lock on /home/runner/work/ozone/ozone/hadoop-ozone/integration-test/target/test-dir/MiniOzoneClusterImpl-25acc1c1-a8f2-4117-88d4-9d8f1e28eca9/datanode-6/data/ratis/1d294895-3a97-4125-9ae0-35c0dbf8b3d5/in_use.lock acquired by nodename 21910@fv-az294-326
2021-09-22 01:09:55,741 [pool-169-thread-1] INFO  storage.RaftStorage (RaftStorageImpl.java:format(89)) - Storage directory /home/runner/work/ozone/ozone/hadoop-ozone/integration-test/target/test-dir/MiniOzoneClusterImpl-25acc1c1-a8f2-4117-88d4-9d8f1e28eca9/datanode-6/data/ratis/1d294895-3a97-4125-9ae0-35c0dbf8b3d5 has been successfully formatted.
2021-09-22 01:09:55,741 [pool-169-thread-1] INFO  ratis.ContainerStateMachine (ContainerStateMachine.java:loadSnapshot(224)) - group-35C0DBF8B3D5: The snapshot info is null. Setting the last applied indexto:(t:0, i:~)
2021-09-22 01:09:55,741 [pool-169-thread-1] INFO  server.RaftServerConfigKeys (ConfUtils.java:logGet(44)) - raft.server.notification.no-leader.timeout = 300000ms (custom)
2021-09-22 01:09:55,741 [pool-169-thread-1] INFO  server.RaftServerConfigKeys (ConfUtils.java:logGet(44)) - raft.server.log.use.memory = false (default)
2021-09-22 01:09:55,741 [Datanode State Machine Thread - 0] WARN  statemachine.StateContext (StateContext.java:execute(621)) - No available thread in pool for past 1 seconds.
2021-09-22 01:09:55,741 [pool-169-thread-1] INFO  server.RaftServerConfigKeys (ConfUtils.java:logGet(44)) - raft.server.log.purge.gap = 1000000 (custom)
2021-09-22 01:09:55,741 [pool-169-thread-1] INFO  server.RaftServerConfigKeys (ConfUtils.java:logGet(44)) - raft.server.log.appender.buffer.byte-limit = 33554432 (custom)
2021-09-22 01:09:55,742 [pool-169-thread-1] INFO  server.RaftServerConfigKeys (ConfUtils.java:logGet(44)) - raft.server.log.segment.size.max = 1048576 (custom)
2021-09-22 01:09:55,742 [pool-169-thread-1] INFO  server.RaftServerConfigKeys (ConfUtils.java:logGet(44)) - raft.server.log.segment.cache.num.max = 2 (custom)
2021-09-22 01:09:55,742 [pool-169-thread-1] INFO  server.RaftServerConfigKeys (ConfUtils.java:logGet(44)) - raft.server.log.segment.cache.size.max = 200MB (=209715200) (default)
2021-09-22 01:09:55,742 [pool-169-thread-1] INFO  segmented.SegmentedRaftLogWorker (SegmentedRaftLogWorker.java:<init>(182)) - new 1846ff5f-c0f8-47b1-8bb5-c6f8d49a7778@group-35C0DBF8B3D5-SegmentedRaftLogWorker for RaftStorageImpl:Storage Directory /home/runner/work/ozone/ozone/hadoop-ozone/integration-test/target/test-dir/MiniOzoneClusterImpl-25acc1c1-a8f2-4117-88d4-9d8f1e28eca9/datanode-6/data/ratis/1d294895-3a97-4125-9ae0-35c0dbf8b3d5
2021-09-22 01:09:55,742 [pool-169-thread-1] INFO  server.RaftServerConfigKeys (ConfUtils.java:logGet(44)) - raft.server.log.queue.byte-limit = 2147483647 (custom)
2021-09-22 01:09:55,742 [pool-169-thread-1] INFO  server.RaftServerConfigKeys (ConfUtils.java:logGet(44)) - raft.server.log.queue.element-limit = 1024 (custom)
2021-09-22 01:09:55,742 [pool-169-thread-1] INFO  server.RaftServerConfigKeys (ConfUtils.java:logGet(44)) - raft.server.log.segment.size.max = 1048576 (custom)
2021-09-22 01:09:55,742 [pool-169-thread-1] INFO  server.RaftServerConfigKeys (ConfUtils.java:logGet(44)) - raft.server.log.preallocated.size = 16384 (custom)
2021-09-22 01:09:55,743 [pool-169-thread-1] INFO  server.RaftServerConfigKeys (ConfUtils.java:logGet(44)) - raft.server.log.force.sync.num = 128 (default)
2021-09-22 01:09:55,743 [pool-169-thread-1] INFO  server.RaftServerConfigKeys (ConfUtils.java:logGet(44)) - raft.server.log.statemachine.data.sync = true (default)
2021-09-22 01:09:55,743 [pool-169-thread-1] INFO  server.RaftServerConfigKeys (ConfUtils.java:logGet(44)) - raft.server.log.statemachine.data.sync.timeout = 10s (default)
2021-09-22 01:09:55,743 [pool-169-thread-1] INFO  server.RaftServerConfigKeys (ConfUtils.java:logGet(44)) - raft.server.log.statemachine.data.sync.timeout.retry = -1 (default)
2021-09-22 01:09:55,743 [pool-169-thread-1] INFO  server.RaftServerConfigKeys (ConfUtils.java:logGet(44)) - raft.server.log.write.buffer.size = 1048576 (custom)
2021-09-22 01:09:55,744 [pool-169-thread-1] INFO  server.RaftServerConfigKeys (ConfUtils.java:logGet(44)) - raft.server.log.statemachine.data.caching.enabled = true (custom)
2021-09-22 01:09:55,744 [pool-169-thread-1] INFO  segmented.SegmentedRaftLogWorker (SegmentedRaftLogWorker.java:lambda$new$0(133)) - 1846ff5f-c0f8-47b1-8bb5-c6f8d49a7778@group-35C0DBF8B3D5-SegmentedRaftLogWorker: flushIndex: setUnconditionally 0 -> -1
2021-09-22 01:09:55,744 [pool-169-thread-1] INFO  segmented.SegmentedRaftLogWorker (SegmentedRaftLogWorker.java:lambda$new$0(133)) - 1846ff5f-c0f8-47b1-8bb5-c6f8d49a7778@group-35C0DBF8B3D5-SegmentedRaftLogWorker: safeCacheEvictIndex: setUnconditionally 0 -> -1
2021-09-22 01:09:55,750 [pool-169-thread-1] INFO  server.RaftServerConfigKeys (ConfUtils.java:logGet(44)) - raft.server.snapshot.auto.trigger.enabled = true (custom)
2021-09-22 01:09:55,750 [pool-169-thread-1] INFO  server.RaftServerConfigKeys (ConfUtils.java:logGet(44)) - raft.server.snapshot.auto.trigger.threshold = 10000 (custom)
2021-09-22 01:09:55,750 [pool-169-thread-1] INFO  server.RaftServerConfigKeys (ConfUtils.java:logGet(44)) - raft.server.snapshot.retention.file.num = 5 (custom)
2021-09-22 01:09:55,750 [pool-169-thread-1] INFO  server.RaftServerConfigKeys (ConfUtils.java:logGet(44)) - raft.server.log.purge.upto.snapshot.index = false (default)
2021-09-22 01:09:55,750 [pool-169-thread-1] INFO  server.RaftServerConfigKeys (ConfUtils.java:logGet(44)) - raft.server.retrycache.expirytime = 600000ms (custom)
2021-09-22 01:09:55,750 [pool-169-thread-1] INFO  server.RaftServerConfigKeys (ConfUtils.java:logGet(44)) - raft.server.retrycache.statistics.expirytime = 100μs (default)
2021-09-22 01:09:55,751 [pool-169-thread-1] INFO  server.RaftServer$Division (RaftServerImpl.java:start(296)) - 1846ff5f-c0f8-47b1-8bb5-c6f8d49a7778@group-35C0DBF8B3D5: start as a follower, conf=-1: [e58ea0e2-171c-4fa7-a930-6c25c8dc249c|rpc:10.1.0.5:36231|dataStream:|priority:1, 9a2eaa79-e95b-45cd-b00f-a46126e2769a|rpc:10.1.0.5:42817|dataStream:|priority:0, 1846ff5f-c0f8-47b1-8bb5-c6f8d49a7778|rpc:10.1.0.5:36461|dataStream:|priority:0], old=null
2021-09-22 01:09:55,751 [pool-169-thread-1] INFO  server.RaftServer$Division (RaftServerImpl.java:setRole(285)) - 1846ff5f-c0f8-47b1-8bb5-c6f8d49a7778@group-35C0DBF8B3D5: changes role from      null to FOLLOWER at term 0 for startAsFollower
2021-09-22 01:09:55,751 [pool-169-thread-1] INFO  impl.RoleInfo (RoleInfo.java:updateAndGet(130)) - 1846ff5f-c0f8-47b1-8bb5-c6f8d49a7778: start 1846ff5f-c0f8-47b1-8bb5-c6f8d49a7778@group-35C0DBF8B3D5-FollowerState
2021-09-22 01:09:55,766 [pool-169-thread-1] INFO  util.JmxRegister (JmxRegister.java:tryRegister(44)) - Successfully registered JMX Bean with object name Ratis:service=RaftServer,group=group-35C0DBF8B3D5,id=1846ff5f-c0f8-47b1-8bb5-c6f8d49a7778
2021-09-22 01:09:55,796 [Command processor thread] INFO  commandhandler.CreatePipelineCommandHandler (CreatePipelineCommandHandler.java:handle(106)) - Created Pipeline RATIS THREE PipelineID=1d294895-3a97-4125-9ae0-35c0dbf8b3d5.
2021-09-22 01:09:55,991 [grpc-default-executor-1] WARN  server.GrpcLogAppender (LogUtils.java:warn(122)) - e58ea0e2-171c-4fa7-a930-6c25c8dc249c@group-C62B115EB3BF->9a2eaa79-e95b-45cd-b00f-a46126e2769a-AppendLogResponseHandler: Failed appendEntries: org.apache.ratis.thirdparty.io.grpc.StatusRuntimeException: UNAVAILABLE: io exception
2021-09-22 01:09:55,991 [grpc-default-executor-1] INFO  leader.FollowerInfo (FollowerInfoImpl.java:lambda$new$0(46)) - e58ea0e2-171c-4fa7-a930-6c25c8dc249c@group-C62B115EB3BF->9a2eaa79-e95b-45cd-b00f-a46126e2769a: nextIndex: updateUnconditionally 18 -> 17
2021-09-22 01:09:56,002 [grpc-default-executor-1] WARN  server.GrpcLogAppender (LogUtils.java:warn(122)) - e58ea0e2-171c-4fa7-a930-6c25c8dc249c@group-C62B115EB3BF->9a2eaa79-e95b-45cd-b00f-a46126e2769a-AppendLogResponseHandler: Failed appendEntries: org.apache.ratis.thirdparty.io.grpc.StatusRuntimeException: UNAVAILABLE: io exception
2021-09-22 01:09:56,002 [grpc-default-executor-1] INFO  leader.FollowerInfo (FollowerInfoImpl.java:lambda$new$0(46)) - e58ea0e2-171c-4fa7-a930-6c25c8dc249c@group-C62B115EB3BF->9a2eaa79-e95b-45cd-b00f-a46126e2769a: nextIndex: updateUnconditionally 18 -> 17
2021-09-22 01:09:57,167 [grpc-default-executor-1] WARN  server.GrpcLogAppender (LogUtils.java:warn(122)) - e58ea0e2-171c-4fa7-a930-6c25c8dc249c@group-C62B115EB3BF->5dfa4197-3b4e-4728-abf2-2d416eda6cfb-AppendLogResponseHandler: Failed appendEntries: org.apache.ratis.thirdparty.io.grpc.StatusRuntimeException: UNAVAILABLE: io exception
2021-09-22 01:09:57,168 [grpc-default-executor-1] INFO  leader.FollowerInfo (FollowerInfoImpl.java:lambda$new$0(46)) - e58ea0e2-171c-4fa7-a930-6c25c8dc249c@group-C62B115EB3BF->5dfa4197-3b4e-4728-abf2-2d416eda6cfb: nextIndex: updateUnconditionally 17 -> 16
2021-09-22 01:09:57,573 [e58ea0e2-171c-4fa7-a930-6c25c8dc249c@group-2C2F94D327A1-FollowerState] INFO  impl.FollowerState (FollowerState.java:run(134)) - e58ea0e2-171c-4fa7-a930-6c25c8dc249c@group-2C2F94D327A1-FollowerState: change to CANDIDATE, lastRpcElapsedTime:7775413756ns, electionTimeout:5082ms
2021-09-22 01:09:57,573 [e58ea0e2-171c-4fa7-a930-6c25c8dc249c@group-2C2F94D327A1-FollowerState] INFO  impl.RoleInfo (RoleInfo.java:shutdownFollowerState(108)) - e58ea0e2-171c-4fa7-a930-6c25c8dc249c: shutdown e58ea0e2-171c-4fa7-a930-6c25c8dc249c@group-2C2F94D327A1-FollowerState
2021-09-22 01:09:57,573 [e58ea0e2-171c-4fa7-a930-6c25c8dc249c@group-2C2F94D327A1-FollowerState] INFO  server.RaftServer$Division (RaftServerImpl.java:setRole(285)) - e58ea0e2-171c-4fa7-a930-6c25c8dc249c@group-2C2F94D327A1: changes role from  FOLLOWER to CANDIDATE at term 2 for changeToCandidate
2021-09-22 01:09:57,573 [e58ea0e2-171c-4fa7-a930-6c25c8dc249c@group-2C2F94D327A1-FollowerState] INFO  server.RaftServerConfigKeys (ConfUtils.java:logGet(44)) - raft.server.leaderelection.pre-vote = false (custom)
2021-09-22 01:09:57,574 [e58ea0e2-171c-4fa7-a930-6c25c8dc249c@group-2C2F94D327A1-FollowerState] INFO  impl.RoleInfo (RoleInfo.java:updateAndGet(130)) - e58ea0e2-171c-4fa7-a930-6c25c8dc249c: start e58ea0e2-171c-4fa7-a930-6c25c8dc249c@group-2C2F94D327A1-LeaderElection28
2021-09-22 01:09:57,586 [e58ea0e2-171c-4fa7-a930-6c25c8dc249c@group-2C2F94D327A1-LeaderElection28] INFO  server.RaftServer$Division (ServerState.java:setLeader(285)) - e58ea0e2-171c-4fa7-a930-6c25c8dc249c@group-2C2F94D327A1: change Leader from 9a2eaa79-e95b-45cd-b00f-a46126e2769a to null at term 2 for ELECTION
2021-09-22 01:09:57,587 [e58ea0e2-171c-4fa7-a930-6c25c8dc249c@group-2C2F94D327A1-LeaderElection28] INFO  impl.LeaderElection (LeaderElection.java:askForVotes(306)) - e58ea0e2-171c-4fa7-a930-6c25c8dc249c@group-2C2F94D327A1-LeaderElection28 ELECTION round 0: submit vote requests at term 3 for 0: [e58ea0e2-171c-4fa7-a930-6c25c8dc249c|rpc:10.1.0.5:36231|dataStream:|priority:0, 9a2eaa79-e95b-45cd-b00f-a46126e2769a|rpc:10.1.0.5:42817|dataStream:|priority:1, 5dfa4197-3b4e-4728-abf2-2d416eda6cfb|rpc:10.1.0.5:45155|dataStream:|priority:0], old=null
2021-09-22 01:09:57,598 [e58ea0e2-171c-4fa7-a930-6c25c8dc249c@group-2C2F94D327A1-LeaderElection28] INFO  impl.LeaderElection (LogUtils.java:infoOrTrace(137)) - e58ea0e2-171c-4fa7-a930-6c25c8dc249c@group-2C2F94D327A1-LeaderElection28 got exception when requesting votes: java.util.concurrent.ExecutionException: org.apache.ratis.thirdparty.io.grpc.StatusRuntimeException: UNAVAILABLE: io exception
2021-09-22 01:09:57,598 [e58ea0e2-171c-4fa7-a930-6c25c8dc249c@group-2C2F94D327A1-LeaderElection28] INFO  impl.LeaderElection (LogUtils.java:infoOrTrace(137)) - e58ea0e2-171c-4fa7-a930-6c25c8dc249c@group-2C2F94D327A1-LeaderElection28 got exception when requesting votes: java.util.concurrent.ExecutionException: org.apache.ratis.thirdparty.io.grpc.StatusRuntimeException: UNAVAILABLE: io exception
2021-09-22 01:09:57,598 [e58ea0e2-171c-4fa7-a930-6c25c8dc249c@group-2C2F94D327A1-LeaderElection28] INFO  impl.LeaderElection (LeaderElection.java:logAndReturn(89)) - e58ea0e2-171c-4fa7-a930-6c25c8dc249c@group-2C2F94D327A1-LeaderElection28: ELECTION REJECTED received 0 response(s) and 2 exception(s):
2021-09-22 01:09:57,599 [e58ea0e2-171c-4fa7-a930-6c25c8dc249c@group-2C2F94D327A1-LeaderElection28] INFO  impl.LeaderElection (LogUtils.java:infoOrTrace(137)) -   Exception 0: java.util.concurrent.ExecutionException: org.apache.ratis.thirdparty.io.grpc.StatusRuntimeException: UNAVAILABLE: io exception
2021-09-22 01:09:57,599 [e58ea0e2-171c-4fa7-a930-6c25c8dc249c@group-2C2F94D327A1-LeaderElection28] INFO  impl.LeaderElection (LogUtils.java:infoOrTrace(137)) -   Exception 1: java.util.concurrent.ExecutionException: org.apache.ratis.thirdparty.io.grpc.StatusRuntimeException: UNAVAILABLE: io exception
2021-09-22 01:09:57,599 [e58ea0e2-171c-4fa7-a930-6c25c8dc249c@group-2C2F94D327A1-LeaderElection28] INFO  impl.LeaderElection (LeaderElection.java:askForVotes(308)) - e58ea0e2-171c-4fa7-a930-6c25c8dc249c@group-2C2F94D327A1-LeaderElection28 ELECTION round 0: result REJECTED
2021-09-22 01:09:57,599 [e58ea0e2-171c-4fa7-a930-6c25c8dc249c@group-2C2F94D327A1-LeaderElection28] INFO  server.RaftServer$Division (RaftServerImpl.java:setRole(285)) - e58ea0e2-171c-4fa7-a930-6c25c8dc249c@group-2C2F94D327A1: changes role from CANDIDATE to FOLLOWER at term 3 for REJECTED
2021-09-22 01:09:57,599 [e58ea0e2-171c-4fa7-a930-6c25c8dc249c@group-2C2F94D327A1-LeaderElection28] INFO  impl.RoleInfo (RoleInfo.java:shutdownLeaderElection(121)) - e58ea0e2-171c-4fa7-a930-6c25c8dc249c: shutdown e58ea0e2-171c-4fa7-a930-6c25c8dc249c@group-2C2F94D327A1-LeaderElection28
2021-09-22 01:09:57,599 [e58ea0e2-171c-4fa7-a930-6c25c8dc249c@group-2C2F94D327A1-LeaderElection28] INFO  impl.RoleInfo (RoleInfo.java:updateAndGet(130)) - e58ea0e2-171c-4fa7-a930-6c25c8dc249c: start e58ea0e2-171c-4fa7-a930-6c25c8dc249c@group-2C2F94D327A1-FollowerState
2021-09-22 01:09:57,650 [EventQueue-DeadNodeForDeadNodeHandler] INFO  node.DeadNodeHandler (DeadNodeHandler.java:onMessage(80)) - A dead datanode is detected. 5dfa4197-3b4e-4728-abf2-2d416eda6cfb{ip: 10.1.0.5, host: fv-az294-326.eaanfquahm5ulb5tj050gcxych.jx.internal.cloudapp.net, ports: [REPLICATION=41851, RATIS=45155, RATIS_ADMIN=45155, RATIS_SERVER=45155, STANDALONE=33797], networkLocation: /default-rack, certSerialId: null, persistedOpState: IN_SERVICE, persistedOpStateExpiryEpochSec: 0}
2021-09-22 01:09:57,651 [EventQueue-DeadNodeForDeadNodeHandler] INFO  pipeline.RatisPipelineProvider (RatisPipelineProvider.java:lambda$close$1(222)) - Send pipeline:PipelineID=bf874198-aeb4-4bc3-a6e8-2c2f94d327a1 close command to datanode e58ea0e2-171c-4fa7-a930-6c25c8dc249c
2021-09-22 01:09:57,651 [EventQueue-DeadNodeForDeadNodeHandler] INFO  pipeline.RatisPipelineProvider (RatisPipelineProvider.java:lambda$close$1(222)) - Send pipeline:PipelineID=bf874198-aeb4-4bc3-a6e8-2c2f94d327a1 close command to datanode 9a2eaa79-e95b-45cd-b00f-a46126e2769a
2021-09-22 01:09:57,651 [EventQueue-DeadNodeForDeadNodeHandler] INFO  pipeline.RatisPipelineProvider (RatisPipelineProvider.java:lambda$close$1(222)) - Send pipeline:PipelineID=bf874198-aeb4-4bc3-a6e8-2c2f94d327a1 close command to datanode 5dfa4197-3b4e-4728-abf2-2d416eda6cfb
2021-09-22 01:09:57,652 [EventQueue-DeadNodeForDeadNodeHandler] INFO  pipeline.PipelineStateManager (PipelineStateManagerV2Impl.java:removePipeline(211)) - Pipeline Pipeline[ Id: bf874198-aeb4-4bc3-a6e8-2c2f94d327a1, Nodes: e58ea0e2-171c-4fa7-a930-6c25c8dc249c{ip: 10.1.0.5, host: fv-az294-326.eaanfquahm5ulb5tj050gcxych.jx.internal.cloudapp.net, ports: [REPLICATION=44987, RATIS=36231, RATIS_ADMIN=36231, RATIS_SERVER=36231, STANDALONE=33533], networkLocation: /default-rack, certSerialId: null, persistedOpState: IN_SERVICE, persistedOpStateExpiryEpochSec: 0}9a2eaa79-e95b-45cd-b00f-a46126e2769a{ip: 10.1.0.5, host: fv-az294-326.eaanfquahm5ulb5tj050gcxych.jx.internal.cloudapp.net, ports: [REPLICATION=43617, RATIS=42817, RATIS_ADMIN=42817, RATIS_SERVER=42817, STANDALONE=35193], networkLocation: /default-rack, certSerialId: null, persistedOpState: IN_SERVICE, persistedOpStateExpiryEpochSec: 0}5dfa4197-3b4e-4728-abf2-2d416eda6cfb{ip: 10.1.0.5, host: fv-az294-326.eaanfquahm5ulb5tj050gcxych.jx.internal.cloudapp.net, ports: [REPLICATION=41851, RATIS=45155, RATIS_ADMIN=45155, RATIS_SERVER=45155, STANDALONE=33797], networkLocation: /default-rack, certSerialId: null, persistedOpState: IN_SERVICE, persistedOpStateExpiryEpochSec: 0}, ReplicationConfig: RATIS/THREE, State:CLOSED, leaderId:9a2eaa79-e95b-45cd-b00f-a46126e2769a, CreationTimestamp2021-09-22T01:09:23.891Z[Etc/UTC]] removed.
2021-09-22 01:09:57,652 [EventQueue-DeadNodeForDeadNodeHandler] INFO  pipeline.RatisPipelineProvider (RatisPipelineProvider.java:lambda$close$1(222)) - Send pipeline:PipelineID=4f78cfb6-f575-4110-97bf-c62b115eb3bf close command to datanode 5dfa4197-3b4e-4728-abf2-2d416eda6cfb
2021-09-22 01:09:57,652 [EventQueue-DeadNodeForDeadNodeHandler] INFO  pipeline.RatisPipelineProvider (RatisPipelineProvider.java:lambda$close$1(222)) - Send pipeline:PipelineID=4f78cfb6-f575-4110-97bf-c62b115eb3bf close command to datanode 9a2eaa79-e95b-45cd-b00f-a46126e2769a
2021-09-22 01:09:57,652 [EventQueue-DeadNodeForDeadNodeHandler] INFO  pipeline.RatisPipelineProvider (RatisPipelineProvider.java:lambda$close$1(222)) - Send pipeline:PipelineID=4f78cfb6-f575-4110-97bf-c62b115eb3bf close command to datanode e58ea0e2-171c-4fa7-a930-6c25c8dc249c
2021-09-22 01:09:57,653 [EventQueue-DeadNodeForDeadNodeHandler] INFO  pipeline.PipelineStateManager (PipelineStateManagerV2Impl.java:removePipeline(211)) - Pipeline Pipeline[ Id: 4f78cfb6-f575-4110-97bf-c62b115eb3bf, Nodes: 5dfa4197-3b4e-4728-abf2-2d416eda6cfb{ip: 10.1.0.5, host: fv-az294-326.eaanfquahm5ulb5tj050gcxych.jx.internal.cloudapp.net, ports: [REPLICATION=41851, RATIS=45155, RATIS_ADMIN=45155, RATIS_SERVER=45155, STANDALONE=33797], networkLocation: /default-rack, certSerialId: null, persistedOpState: IN_SERVICE, persistedOpStateExpiryEpochSec: 0}9a2eaa79-e95b-45cd-b00f-a46126e2769a{ip: 10.1.0.5, host: fv-az294-326.eaanfquahm5ulb5tj050gcxych.jx.internal.cloudapp.net, ports: [REPLICATION=43617, RATIS=42817, RATIS_ADMIN=42817, RATIS_SERVER=42817, STANDALONE=35193], networkLocation: /default-rack, certSerialId: null, persistedOpState: IN_SERVICE, persistedOpStateExpiryEpochSec: 0}e58ea0e2-171c-4fa7-a930-6c25c8dc249c{ip: 10.1.0.5, host: fv-az294-326.eaanfquahm5ulb5tj050gcxych.jx.internal.cloudapp.net, ports: [REPLICATION=44987, RATIS=36231, RATIS_ADMIN=36231, RATIS_SERVER=36231, STANDALONE=33533], networkLocation: /default-rack, certSerialId: null, persistedOpState: IN_SERVICE, persistedOpStateExpiryEpochSec: 0}, ReplicationConfig: RATIS/THREE, State:CLOSED, leaderId:e58ea0e2-171c-4fa7-a930-6c25c8dc249c, CreationTimestamp2021-09-22T01:09:23.889Z[Etc/UTC]] removed.
2021-09-22 01:09:57,653 [EventQueue-DeadNodeForDeadNodeHandler] INFO  pipeline.RatisPipelineProvider (RatisPipelineProvider.java:lambda$close$1(222)) - Send pipeline:PipelineID=8abcbfeb-c1f0-424b-80d7-546008e63882 close command to datanode 5dfa4197-3b4e-4728-abf2-2d416eda6cfb
2021-09-22 01:09:57,653 [EventQueue-DeadNodeForDeadNodeHandler] INFO  pipeline.PipelineStateManager (PipelineStateManagerV2Impl.java:removePipeline(211)) - Pipeline Pipeline[ Id: 8abcbfeb-c1f0-424b-80d7-546008e63882, Nodes: 5dfa4197-3b4e-4728-abf2-2d416eda6cfb{ip: 10.1.0.5, host: fv-az294-326.eaanfquahm5ulb5tj050gcxych.jx.internal.cloudapp.net, ports: [REPLICATION=41851, RATIS=45155, RATIS_ADMIN=45155, RATIS_SERVER=45155, STANDALONE=33797], networkLocation: /default-rack, certSerialId: null, persistedOpState: IN_SERVICE, persistedOpStateExpiryEpochSec: 0}, ReplicationConfig: RATIS/ONE, State:CLOSED, leaderId:5dfa4197-3b4e-4728-abf2-2d416eda6cfb, CreationTimestamp2021-09-22T01:09:23.135Z[Etc/UTC]] removed.
2021-09-22 01:09:57,662 [EventQueue-DeadNodeForDeadNodeHandler] INFO  net.NetworkTopologyImpl (NetworkTopologyImpl.java:remove(137)) - Removed a node: /default-rack/5dfa4197-3b4e-4728-abf2-2d416eda6cfb
2021-09-22 01:09:57,790 [fff18091-4bc4-4dc4-9e0e-c7b7b9f7a092@group-7D8C5C10C900-FollowerState] INFO  impl.FollowerState (FollowerState.java:run(134)) - fff18091-4bc4-4dc4-9e0e-c7b7b9f7a092@group-7D8C5C10C900-FollowerState: change to CANDIDATE, lastRpcElapsedTime:5004098745ns, electionTimeout:5003ms
2021-09-22 01:09:57,790 [fff18091-4bc4-4dc4-9e0e-c7b7b9f7a092@group-7D8C5C10C900-FollowerState] INFO  impl.RoleInfo (RoleInfo.java:shutdownFollowerState(108)) - fff18091-4bc4-4dc4-9e0e-c7b7b9f7a092: shutdown fff18091-4bc4-4dc4-9e0e-c7b7b9f7a092@group-7D8C5C10C900-FollowerState
2021-09-22 01:09:57,790 [fff18091-4bc4-4dc4-9e0e-c7b7b9f7a092@group-7D8C5C10C900-FollowerState] INFO  server.RaftServer$Division (RaftServerImpl.java:setRole(285)) - fff18091-4bc4-4dc4-9e0e-c7b7b9f7a092@group-7D8C5C10C900: changes role from  FOLLOWER to CANDIDATE at term 5 for changeToCandidate
2021-09-22 01:09:57,790 [fff18091-4bc4-4dc4-9e0e-c7b7b9f7a092@group-7D8C5C10C900-FollowerState] INFO  server.RaftServerConfigKeys (ConfUtils.java:logGet(44)) - raft.server.leaderelection.pre-vote = false (custom)
2021-09-22 01:09:57,790 [fff18091-4bc4-4dc4-9e0e-c7b7b9f7a092@group-7D8C5C10C900-FollowerState] INFO  impl.RoleInfo (RoleInfo.java:updateAndGet(130)) - fff18091-4bc4-4dc4-9e0e-c7b7b9f7a092: start fff18091-4bc4-4dc4-9e0e-c7b7b9f7a092@group-7D8C5C10C900-LeaderElection29
2021-09-22 01:09:57,797 [fff18091-4bc4-4dc4-9e0e-c7b7b9f7a092@group-7D8C5C10C900-LeaderElection29] INFO  impl.LeaderElection (LeaderElection.java:askForVotes(306)) - fff18091-4bc4-4dc4-9e0e-c7b7b9f7a092@group-7D8C5C10C900-LeaderElection29 ELECTION round 0: submit vote requests at term 6 for -1: [0d23f380-5b64-4336-bea7-d12bd7eaa710|rpc:10.1.0.5:40155|priority:0, 46189feb-569c-4e6f-be55-dc7298009a0b|rpc:10.1.0.5:40371|priority:1, fff18091-4bc4-4dc4-9e0e-c7b7b9f7a092|rpc:10.1.0.5:43419|priority:0], old=null
2021-09-22 01:09:57,799 [grpc-default-executor-1] INFO  server.RaftServer$Division (RaftServerImpl.java:requestVote(1043)) - 0d23f380-5b64-4336-bea7-d12bd7eaa710@group-7D8C5C10C900: receive requestVote(ELECTION, fff18091-4bc4-4dc4-9e0e-c7b7b9f7a092, group-7D8C5C10C900, 6, (t:0, i:0))
2021-09-22 01:09:57,799 [grpc-default-executor-1] INFO  impl.VoteContext (VoteContext.java:log(48)) - 0d23f380-5b64-4336-bea7-d12bd7eaa710@group-7D8C5C10C900-FOLLOWER: accept ELECTION from fff18091-4bc4-4dc4-9e0e-c7b7b9f7a092: our priority 0 <= candidate's priority 0
2021-09-22 01:09:57,799 [grpc-default-executor-1] INFO  server.RaftServer$Division (RaftServerImpl.java:setRole(285)) - 0d23f380-5b64-4336-bea7-d12bd7eaa710@group-7D8C5C10C900: changes role from  FOLLOWER to FOLLOWER at term 6 for candidate:fff18091-4bc4-4dc4-9e0e-c7b7b9f7a092
2021-09-22 01:09:57,800 [grpc-default-executor-1] INFO  impl.RoleInfo (RoleInfo.java:shutdownFollowerState(108)) - 0d23f380-5b64-4336-bea7-d12bd7eaa710: shutdown 0d23f380-5b64-4336-bea7-d12bd7eaa710@group-7D8C5C10C900-FollowerState
2021-09-22 01:09:57,806 [grpc-default-executor-1] INFO  impl.RoleInfo (RoleInfo.java:updateAndGet(130)) - 0d23f380-5b64-4336-bea7-d12bd7eaa710: start 0d23f380-5b64-4336-bea7-d12bd7eaa710@group-7D8C5C10C900-FollowerState
2021-09-22 01:09:57,806 [0d23f380-5b64-4336-bea7-d12bd7eaa710@group-7D8C5C10C900-FollowerState] INFO  impl.FollowerState (FollowerState.java:run(143)) - 0d23f380-5b64-4336-bea7-d12bd7eaa710@group-7D8C5C10C900-FollowerState was interrupted: {}
java.lang.InterruptedException: sleep interrupted
	at java.lang.Thread.sleep(Native Method)
	at java.lang.Thread.sleep(Thread.java:340)
	at java.util.concurrent.TimeUnit.sleep(TimeUnit.java:386)
	at org.apache.ratis.util.TimeDuration.sleep(TimeDuration.java:324)
	at org.apache.ratis.util.TimeDuration.sleep(TimeDuration.java:309)
	at org.apache.ratis.server.impl.FollowerState.run(FollowerState.java:118)
2021-09-22 01:09:57,808 [grpc-default-executor-1] INFO  server.RaftServer$Division (RaftServerImpl.java:requestVote(1075)) - 0d23f380-5b64-4336-bea7-d12bd7eaa710@group-7D8C5C10C900 replies to ELECTION vote request: fff18091-4bc4-4dc4-9e0e-c7b7b9f7a092<-0d23f380-5b64-4336-bea7-d12bd7eaa710#0:OK-t6. Peer's state: 0d23f380-5b64-4336-bea7-d12bd7eaa710@group-7D8C5C10C900:t6, leader=null, voted=fff18091-4bc4-4dc4-9e0e-c7b7b9f7a092, raftlog=0d23f380-5b64-4336-bea7-d12bd7eaa710@group-7D8C5C10C900-SegmentedRaftLog:OPENED:c-1,f-1,i0, conf=-1: [0d23f380-5b64-4336-bea7-d12bd7eaa710|rpc:10.1.0.5:40155|dataStream:|priority:0, 46189feb-569c-4e6f-be55-dc7298009a0b|rpc:10.1.0.5:40371|dataStream:|priority:1, fff18091-4bc4-4dc4-9e0e-c7b7b9f7a092|rpc:10.1.0.5:43419|dataStream:|priority:0], old=null
2021-09-22 01:09:57,815 [grpc-default-executor-1] INFO  server.RaftServer$Division (RaftServerImpl.java:requestVote(1043)) - 46189feb-569c-4e6f-be55-dc7298009a0b@group-7D8C5C10C900: receive requestVote(ELECTION, fff18091-4bc4-4dc4-9e0e-c7b7b9f7a092, group-7D8C5C10C900, 6, (t:0, i:0))
2021-09-22 01:09:57,815 [grpc-default-executor-1] INFO  impl.VoteContext (VoteContext.java:log(48)) - 46189feb-569c-4e6f-be55-dc7298009a0b@group-7D8C5C10C900-FOLLOWER: reject ELECTION from fff18091-4bc4-4dc4-9e0e-c7b7b9f7a092: our priority 1 > candidate's priority 0
2021-09-22 01:09:57,815 [grpc-default-executor-1] INFO  server.RaftServer$Division (RaftServerImpl.java:setRole(285)) - 46189feb-569c-4e6f-be55-dc7298009a0b@group-7D8C5C10C900: changes role from  FOLLOWER to FOLLOWER at term 6 for candidate:fff18091-4bc4-4dc4-9e0e-c7b7b9f7a092
2021-09-22 01:09:57,815 [grpc-default-executor-1] INFO  impl.RoleInfo (RoleInfo.java:shutdownFollowerState(108)) - 46189feb-569c-4e6f-be55-dc7298009a0b: shutdown 46189feb-569c-4e6f-be55-dc7298009a0b@group-7D8C5C10C900-FollowerState
2021-09-22 01:09:57,815 [grpc-default-executor-1] INFO  impl.RoleInfo (RoleInfo.java:updateAndGet(130)) - 46189feb-569c-4e6f-be55-dc7298009a0b: start 46189feb-569c-4e6f-be55-dc7298009a0b@group-7D8C5C10C900-FollowerState
2021-09-22 01:09:57,816 [46189feb-569c-4e6f-be55-dc7298009a0b@group-7D8C5C10C900-FollowerState] INFO  impl.FollowerState (FollowerState.java:run(143)) - 46189feb-569c-4e6f-be55-dc7298009a0b@group-7D8C5C10C900-FollowerState was interrupted: {}
java.lang.InterruptedException: sleep interrupted
	at java.lang.Thread.sleep(Native Method)
	at java.lang.Thread.sleep(Thread.java:340)
	at java.util.concurrent.TimeUnit.sleep(TimeUnit.java:386)
	at org.apache.ratis.util.TimeDuration.sleep(TimeDuration.java:324)
	at org.apache.ratis.util.TimeDuration.sleep(TimeDuration.java:309)
	at org.apache.ratis.server.impl.FollowerState.run(FollowerState.java:118)
2021-09-22 01:09:57,827 [grpc-default-executor-1] INFO  server.RaftServer$Division (RaftServerImpl.java:requestVote(1075)) - 46189feb-569c-4e6f-be55-dc7298009a0b@group-7D8C5C10C900 replies to ELECTION vote request: fff18091-4bc4-4dc4-9e0e-c7b7b9f7a092<-46189feb-569c-4e6f-be55-dc7298009a0b#0:FAIL-t6. Peer's state: 46189feb-569c-4e6f-be55-dc7298009a0b@group-7D8C5C10C900:t6, leader=null, voted=null, raftlog=46189feb-569c-4e6f-be55-dc7298009a0b@group-7D8C5C10C900-SegmentedRaftLog:OPENED:c-1,f-1,i0, conf=-1: [0d23f380-5b64-4336-bea7-d12bd7eaa710|rpc:10.1.0.5:40155|dataStream:|priority:0, 46189feb-569c-4e6f-be55-dc7298009a0b|rpc:10.1.0.5:40371|dataStream:|priority:1, fff18091-4bc4-4dc4-9e0e-c7b7b9f7a092|rpc:10.1.0.5:43419|dataStream:|priority:0], old=null
2021-09-22 01:09:57,828 [fff18091-4bc4-4dc4-9e0e-c7b7b9f7a092@group-7D8C5C10C900-LeaderElection29] INFO  impl.LeaderElection (LeaderElection.java:logAndReturn(89)) - fff18091-4bc4-4dc4-9e0e-c7b7b9f7a092@group-7D8C5C10C900-LeaderElection29: ELECTION REJECTED received 2 response(s) and 0 exception(s):
2021-09-22 01:09:57,828 [fff18091-4bc4-4dc4-9e0e-c7b7b9f7a092@group-7D8C5C10C900-LeaderElection29] INFO  impl.LeaderElection (LeaderElection.java:logAndReturn(93)) -   Response 0: fff18091-4bc4-4dc4-9e0e-c7b7b9f7a092<-0d23f380-5b64-4336-bea7-d12bd7eaa710#0:OK-t6
2021-09-22 01:09:57,828 [fff18091-4bc4-4dc4-9e0e-c7b7b9f7a092@group-7D8C5C10C900-LeaderElection29] INFO  impl.LeaderElection (LeaderElection.java:logAndReturn(93)) -   Response 1: fff18091-4bc4-4dc4-9e0e-c7b7b9f7a092<-46189feb-569c-4e6f-be55-dc7298009a0b#0:FAIL-t6
2021-09-22 01:09:57,828 [fff18091-4bc4-4dc4-9e0e-c7b7b9f7a092@group-7D8C5C10C900-LeaderElection29] INFO  impl.LeaderElection (LeaderElection.java:askForVotes(308)) - fff18091-4bc4-4dc4-9e0e-c7b7b9f7a092@group-7D8C5C10C900-LeaderElection29 ELECTION round 0: result REJECTED
2021-09-22 01:09:57,828 [fff18091-4bc4-4dc4-9e0e-c7b7b9f7a092@group-7D8C5C10C900-LeaderElection29] INFO  server.RaftServer$Division (RaftServerImpl.java:setRole(285)) - fff18091-4bc4-4dc4-9e0e-c7b7b9f7a092@group-7D8C5C10C900: changes role from CANDIDATE to FOLLOWER at term 6 for REJECTED
2021-09-22 01:09:57,828 [fff18091-4bc4-4dc4-9e0e-c7b7b9f7a092@group-7D8C5C10C900-LeaderElection29] INFO  impl.RoleInfo (RoleInfo.java:shutdownLeaderElection(121)) - fff18091-4bc4-4dc4-9e0e-c7b7b9f7a092: shutdown fff18091-4bc4-4dc4-9e0e-c7b7b9f7a092@group-7D8C5C10C900-LeaderElection29
2021-09-22 01:09:57,828 [fff18091-4bc4-4dc4-9e0e-c7b7b9f7a092@group-7D8C5C10C900-LeaderElection29] INFO  impl.RoleInfo (RoleInfo.java:updateAndGet(130)) - fff18091-4bc4-4dc4-9e0e-c7b7b9f7a092: start fff18091-4bc4-4dc4-9e0e-c7b7b9f7a092@group-7D8C5C10C900-FollowerState
2021-09-22 01:09:57,846 [fff18091-4bc4-4dc4-9e0e-c7b7b9f7a092@group-364F2152D5CE-FollowerState] INFO  impl.FollowerState (FollowerState.java:run(134)) - fff18091-4bc4-4dc4-9e0e-c7b7b9f7a092@group-364F2152D5CE-FollowerState: change to CANDIDATE, lastRpcElapsedTime:5067984948ns, electionTimeout:5064ms
2021-09-22 01:09:57,846 [fff18091-4bc4-4dc4-9e0e-c7b7b9f7a092@group-364F2152D5CE-FollowerState] INFO  impl.RoleInfo (RoleInfo.java:shutdownFollowerState(108)) - fff18091-4bc4-4dc4-9e0e-c7b7b9f7a092: shutdown fff18091-4bc4-4dc4-9e0e-c7b7b9f7a092@group-364F2152D5CE-FollowerState
2021-09-22 01:09:57,846 [fff18091-4bc4-4dc4-9e0e-c7b7b9f7a092@group-364F2152D5CE-FollowerState] INFO  server.RaftServer$Division (RaftServerImpl.java:setRole(285)) - fff18091-4bc4-4dc4-9e0e-c7b7b9f7a092@group-364F2152D5CE: changes role from  FOLLOWER to CANDIDATE at term 5 for changeToCandidate
2021-09-22 01:09:57,846 [fff18091-4bc4-4dc4-9e0e-c7b7b9f7a092@group-364F2152D5CE-FollowerState] INFO  server.RaftServerConfigKeys (ConfUtils.java:logGet(44)) - raft.server.leaderelection.pre-vote = false (custom)
2021-09-22 01:09:57,846 [fff18091-4bc4-4dc4-9e0e-c7b7b9f7a092@group-364F2152D5CE-FollowerState] INFO  impl.RoleInfo (RoleInfo.java:updateAndGet(130)) - fff18091-4bc4-4dc4-9e0e-c7b7b9f7a092: start fff18091-4bc4-4dc4-9e0e-c7b7b9f7a092@group-364F2152D5CE-LeaderElection30
2021-09-22 01:09:57,859 [fff18091-4bc4-4dc4-9e0e-c7b7b9f7a092@group-364F2152D5CE-LeaderElection30] INFO  impl.LeaderElection (LeaderElection.java:askForVotes(306)) - fff18091-4bc4-4dc4-9e0e-c7b7b9f7a092@group-364F2152D5CE-LeaderElection30 ELECTION round 0: submit vote requests at term 6 for -1: [0d23f380-5b64-4336-bea7-d12bd7eaa710|rpc:10.1.0.5:40155|priority:1, 46189feb-569c-4e6f-be55-dc7298009a0b|rpc:10.1.0.5:40371|priority:0, fff18091-4bc4-4dc4-9e0e-c7b7b9f7a092|rpc:10.1.0.5:43419|priority:0], old=null
2021-09-22 01:09:57,867 [grpc-default-executor-1] INFO  server.RaftServer$Division (RaftServerImpl.java:requestVote(1043)) - 0d23f380-5b64-4336-bea7-d12bd7eaa710@group-364F2152D5CE: receive requestVote(ELECTION, fff18091-4bc4-4dc4-9e0e-c7b7b9f7a092, group-364F2152D5CE, 6, (t:0, i:0))
2021-09-22 01:09:57,867 [grpc-default-executor-1] INFO  impl.VoteContext (VoteContext.java:log(48)) - 0d23f380-5b64-4336-bea7-d12bd7eaa710@group-364F2152D5CE-FOLLOWER: reject ELECTION from fff18091-4bc4-4dc4-9e0e-c7b7b9f7a092: our priority 1 > candidate's priority 0
2021-09-22 01:09:57,867 [grpc-default-executor-1] INFO  server.RaftServer$Division (RaftServerImpl.java:setRole(285)) - 0d23f380-5b64-4336-bea7-d12bd7eaa710@group-364F2152D5CE: changes role from  FOLLOWER to FOLLOWER at term 6 for candidate:fff18091-4bc4-4dc4-9e0e-c7b7b9f7a092
2021-09-22 01:09:57,867 [grpc-default-executor-1] INFO  impl.RoleInfo (RoleInfo.java:shutdownFollowerState(108)) - 0d23f380-5b64-4336-bea7-d12bd7eaa710: shutdown 0d23f380-5b64-4336-bea7-d12bd7eaa710@group-364F2152D5CE-FollowerState
2021-09-22 01:09:57,878 [grpc-default-executor-1] INFO  impl.RoleInfo (RoleInfo.java:updateAndGet(130)) - 0d23f380-5b64-4336-bea7-d12bd7eaa710: start 0d23f380-5b64-4336-bea7-d12bd7eaa710@group-364F2152D5CE-FollowerState
2021-09-22 01:09:57,878 [0d23f380-5b64-4336-bea7-d12bd7eaa710@group-364F2152D5CE-FollowerState] INFO  impl.FollowerState (FollowerState.java:run(143)) - 0d23f380-5b64-4336-bea7-d12bd7eaa710@group-364F2152D5CE-FollowerState was interrupted: {}
java.lang.InterruptedException: sleep interrupted
	at java.lang.Thread.sleep(Native Method)
	at java.lang.Thread.sleep(Thread.java:340)
	at java.util.concurrent.TimeUnit.sleep(TimeUnit.java:386)
	at org.apache.ratis.util.TimeDuration.sleep(TimeDuration.java:324)
	at org.apache.ratis.util.TimeDuration.sleep(TimeDuration.java:309)
	at org.apache.ratis.server.impl.FollowerState.run(FollowerState.java:118)
2021-09-22 01:09:57,879 [grpc-default-executor-3] INFO  server.RaftServer$Division (RaftServerImpl.java:requestVote(1043)) - 46189feb-569c-4e6f-be55-dc7298009a0b@group-364F2152D5CE: receive requestVote(ELECTION, fff18091-4bc4-4dc4-9e0e-c7b7b9f7a092, group-364F2152D5CE, 6, (t:0, i:0))
2021-09-22 01:09:57,880 [grpc-default-executor-3] INFO  impl.VoteContext (VoteContext.java:log(48)) - 46189feb-569c-4e6f-be55-dc7298009a0b@group-364F2152D5CE-FOLLOWER: accept ELECTION from fff18091-4bc4-4dc4-9e0e-c7b7b9f7a092: our priority 0 <= candidate's priority 0
2021-09-22 01:09:57,880 [grpc-default-executor-3] INFO  server.RaftServer$Division (RaftServerImpl.java:setRole(285)) - 46189feb-569c-4e6f-be55-dc7298009a0b@group-364F2152D5CE: changes role from  FOLLOWER to FOLLOWER at term 6 for candidate:fff18091-4bc4-4dc4-9e0e-c7b7b9f7a092
2021-09-22 01:09:57,880 [grpc-default-executor-3] INFO  impl.RoleInfo (RoleInfo.java:shutdownFollowerState(108)) - 46189feb-569c-4e6f-be55-dc7298009a0b: shutdown 46189feb-569c-4e6f-be55-dc7298009a0b@group-364F2152D5CE-FollowerState
2021-09-22 01:09:57,880 [grpc-default-executor-3] INFO  impl.RoleInfo (RoleInfo.java:updateAndGet(130)) - 46189feb-569c-4e6f-be55-dc7298009a0b: start 46189feb-569c-4e6f-be55-dc7298009a0b@group-364F2152D5CE-FollowerState
2021-09-22 01:09:57,880 [46189feb-569c-4e6f-be55-dc7298009a0b@group-364F2152D5CE-FollowerState] INFO  impl.FollowerState (FollowerState.java:run(143)) - 46189feb-569c-4e6f-be55-dc7298009a0b@group-364F2152D5CE-FollowerState was interrupted: {}
java.lang.InterruptedException: sleep interrupted
	at java.lang.Thread.sleep(Native Method)
	at java.lang.Thread.sleep(Thread.java:340)
	at java.util.concurrent.TimeUnit.sleep(TimeUnit.java:386)
	at org.apache.ratis.util.TimeDuration.sleep(TimeDuration.java:324)
	at org.apache.ratis.util.TimeDuration.sleep(TimeDuration.java:309)
	at org.apache.ratis.server.impl.FollowerState.run(FollowerState.java:118)
2021-09-22 01:09:57,880 [grpc-default-executor-1] INFO  server.RaftServer$Division (RaftServerImpl.java:requestVote(1075)) - 0d23f380-5b64-4336-bea7-d12bd7eaa710@group-364F2152D5CE replies to ELECTION vote request: fff18091-4bc4-4dc4-9e0e-c7b7b9f7a092<-0d23f380-5b64-4336-bea7-d12bd7eaa710#0:FAIL-t6. Peer's state: 0d23f380-5b64-4336-bea7-d12bd7eaa710@group-364F2152D5CE:t6, leader=null, voted=null, raftlog=0d23f380-5b64-4336-bea7-d12bd7eaa710@group-364F2152D5CE-SegmentedRaftLog:OPENED:c-1,f-1,i0, conf=-1: [0d23f380-5b64-4336-bea7-d12bd7eaa710|rpc:10.1.0.5:40155|dataStream:|priority:1, 46189feb-569c-4e6f-be55-dc7298009a0b|rpc:10.1.0.5:40371|dataStream:|priority:0, fff18091-4bc4-4dc4-9e0e-c7b7b9f7a092|rpc:10.1.0.5:43419|dataStream:|priority:0], old=null
2021-09-22 01:09:57,882 [fff18091-4bc4-4dc4-9e0e-c7b7b9f7a092@group-364F2152D5CE-LeaderElection30] INFO  impl.LeaderElection (LeaderElection.java:logAndReturn(89)) - fff18091-4bc4-4dc4-9e0e-c7b7b9f7a092@group-364F2152D5CE-LeaderElection30: ELECTION REJECTED received 1 response(s) and 0 exception(s):
2021-09-22 01:09:57,882 [fff18091-4bc4-4dc4-9e0e-c7b7b9f7a092@group-364F2152D5CE-LeaderElection30] INFO  impl.LeaderElection (LeaderElection.java:logAndReturn(93)) -   Response 0: fff18091-4bc4-4dc4-9e0e-c7b7b9f7a092<-0d23f380-5b64-4336-bea7-d12bd7eaa710#0:FAIL-t6
2021-09-22 01:09:57,882 [fff18091-4bc4-4dc4-9e0e-c7b7b9f7a092@group-364F2152D5CE-LeaderElection30] INFO  impl.LeaderElection (LeaderElection.java:askForVotes(308)) - fff18091-4bc4-4dc4-9e0e-c7b7b9f7a092@group-364F2152D5CE-LeaderElection30 ELECTION round 0: result REJECTED
2021-09-22 01:09:57,882 [fff18091-4bc4-4dc4-9e0e-c7b7b9f7a092@group-364F2152D5CE-LeaderElection30] INFO  server.RaftServer$Division (RaftServerImpl.java:setRole(285)) - fff18091-4bc4-4dc4-9e0e-c7b7b9f7a092@group-364F2152D5CE: changes role from CANDIDATE to FOLLOWER at term 6 for REJECTED
2021-09-22 01:09:57,882 [fff18091-4bc4-4dc4-9e0e-c7b7b9f7a092@group-364F2152D5CE-LeaderElection30] INFO  impl.RoleInfo (RoleInfo.java:shutdownLeaderElection(121)) - fff18091-4bc4-4dc4-9e0e-c7b7b9f7a092: shutdown fff18091-4bc4-4dc4-9e0e-c7b7b9f7a092@group-364F2152D5CE-LeaderElection30
2021-09-22 01:09:57,882 [fff18091-4bc4-4dc4-9e0e-c7b7b9f7a092@group-364F2152D5CE-LeaderElection30] INFO  impl.RoleInfo (RoleInfo.java:updateAndGet(130)) - fff18091-4bc4-4dc4-9e0e-c7b7b9f7a092: start fff18091-4bc4-4dc4-9e0e-c7b7b9f7a092@group-364F2152D5CE-FollowerState
2021-09-22 01:09:57,883 [grpc-default-executor-3] INFO  server.RaftServer$Division (RaftServerImpl.java:requestVote(1075)) - 46189feb-569c-4e6f-be55-dc7298009a0b@group-364F2152D5CE replies to ELECTION vote request: fff18091-4bc4-4dc4-9e0e-c7b7b9f7a092<-46189feb-569c-4e6f-be55-dc7298009a0b#0:OK-t6. Peer's state: 46189feb-569c-4e6f-be55-dc7298009a0b@group-364F2152D5CE:t6, leader=null, voted=fff18091-4bc4-4dc4-9e0e-c7b7b9f7a092, raftlog=46189feb-569c-4e6f-be55-dc7298009a0b@group-364F2152D5CE-SegmentedRaftLog:OPENED:c-1,f-1,i0, conf=-1: [0d23f380-5b64-4336-bea7-d12bd7eaa710|rpc:10.1.0.5:40155|dataStream:|priority:1, 46189feb-569c-4e6f-be55-dc7298009a0b|rpc:10.1.0.5:40371|dataStream:|priority:0, fff18091-4bc4-4dc4-9e0e-c7b7b9f7a092|rpc:10.1.0.5:43419|dataStream:|priority:0], old=null
2021-09-22 01:09:58,503 [grpc-default-executor-3] WARN  server.GrpcLogAppender (LogUtils.java:warn(122)) - e58ea0e2-171c-4fa7-a930-6c25c8dc249c@group-C62B115EB3BF->9a2eaa79-e95b-45cd-b00f-a46126e2769a-AppendLogResponseHandler: Failed appendEntries: org.apache.ratis.thirdparty.io.grpc.StatusRuntimeException: UNAVAILABLE: io exception
2021-09-22 01:09:58,503 [grpc-default-executor-3] INFO  leader.FollowerInfo (FollowerInfoImpl.java:lambda$new$0(46)) - e58ea0e2-171c-4fa7-a930-6c25c8dc249c@group-C62B115EB3BF->9a2eaa79-e95b-45cd-b00f-a46126e2769a: nextIndex: updateUnconditionally 18 -> 17
2021-09-22 01:09:58,696 [Command processor thread] INFO  server.RaftServer (RaftServerProxy.java:remove(106)) - e58ea0e2-171c-4fa7-a930-6c25c8dc249c: remove  FOLLOWER e58ea0e2-171c-4fa7-a930-6c25c8dc249c@group-2C2F94D327A1:t3, leader=null, voted=e58ea0e2-171c-4fa7-a930-6c25c8dc249c, raftlog=e58ea0e2-171c-4fa7-a930-6c25c8dc249c@group-2C2F94D327A1-SegmentedRaftLog:OPENED:c0,f0,i0, conf=0: [e58ea0e2-171c-4fa7-a930-6c25c8dc249c|rpc:10.1.0.5:36231|dataStream:|priority:0, 9a2eaa79-e95b-45cd-b00f-a46126e2769a|rpc:10.1.0.5:42817|dataStream:|priority:1, 5dfa4197-3b4e-4728-abf2-2d416eda6cfb|rpc:10.1.0.5:45155|dataStream:|priority:0], old=null RUNNING
2021-09-22 01:09:58,697 [Command processor thread] INFO  server.RaftServer$Division (RaftServerImpl.java:lambda$close$4(407)) - e58ea0e2-171c-4fa7-a930-6c25c8dc249c@group-2C2F94D327A1: shutdown
2021-09-22 01:09:58,697 [Command processor thread] INFO  util.JmxRegister (JmxRegister.java:unregister(73)) - Successfully un-registered JMX Bean with object name Ratis:service=RaftServer,group=group-2C2F94D327A1,id=e58ea0e2-171c-4fa7-a930-6c25c8dc249c
2021-09-22 01:09:58,697 [Command processor thread] INFO  impl.RoleInfo (RoleInfo.java:shutdownFollowerState(108)) - e58ea0e2-171c-4fa7-a930-6c25c8dc249c: shutdown e58ea0e2-171c-4fa7-a930-6c25c8dc249c@group-2C2F94D327A1-FollowerState
2021-09-22 01:09:58,697 [Command processor thread] INFO  impl.StateMachineUpdater (StateMachineUpdater.java:stopAndJoin(149)) - e58ea0e2-171c-4fa7-a930-6c25c8dc249c@group-2C2F94D327A1-StateMachineUpdater: set stopIndex = 0
2021-09-22 01:09:58,697 [e58ea0e2-171c-4fa7-a930-6c25c8dc249c@group-2C2F94D327A1-FollowerState] INFO  impl.FollowerState (FollowerState.java:run(143)) - e58ea0e2-171c-4fa7-a930-6c25c8dc249c@group-2C2F94D327A1-FollowerState was interrupted: {}
java.lang.InterruptedException: sleep interrupted
	at java.lang.Thread.sleep(Native Method)
	at java.lang.Thread.sleep(Thread.java:340)
	at java.util.concurrent.TimeUnit.sleep(TimeUnit.java:386)
	at org.apache.ratis.util.TimeDuration.sleep(TimeDuration.java:324)
	at org.apache.ratis.util.TimeDuration.sleep(TimeDuration.java:309)
	at org.apache.ratis.server.impl.FollowerState.run(FollowerState.java:118)
2021-09-22 01:09:58,698 [e58ea0e2-171c-4fa7-a930-6c25c8dc249c@group-2C2F94D327A1-StateMachineUpdater] INFO  ratis.ContainerStateMachine (ContainerStateMachine.java:takeSnapshot(292)) - group-2C2F94D327A1: Taking a snapshot at:(t:2, i:0) file /home/runner/work/ozone/ozone/hadoop-ozone/integration-test/target/test-dir/MiniOzoneClusterImpl-25acc1c1-a8f2-4117-88d4-9d8f1e28eca9/datanode-1/data/ratis/bf874198-aeb4-4bc3-a6e8-2c2f94d327a1/sm/snapshot.2_0
2021-09-22 01:09:58,699 [e58ea0e2-171c-4fa7-a930-6c25c8dc249c@group-2C2F94D327A1-StateMachineUpdater] INFO  ratis.ContainerStateMachine (ContainerStateMachine.java:takeSnapshot(303)) - group-2C2F94D327A1: Finished taking a snapshot at:(t:2, i:0) file:/home/runner/work/ozone/ozone/hadoop-ozone/integration-test/target/test-dir/MiniOzoneClusterImpl-25acc1c1-a8f2-4117-88d4-9d8f1e28eca9/datanode-1/data/ratis/bf874198-aeb4-4bc3-a6e8-2c2f94d327a1/sm/snapshot.2_0 took: 2 ms
2021-09-22 01:09:58,699 [e58ea0e2-171c-4fa7-a930-6c25c8dc249c@group-2C2F94D327A1-StateMachineUpdater] INFO  impl.StateMachineUpdater (StateMachineUpdater.java:takeSnapshot(281)) - e58ea0e2-171c-4fa7-a930-6c25c8dc249c@group-2C2F94D327A1-StateMachineUpdater: Took a snapshot at index 0
2021-09-22 01:09:58,699 [e58ea0e2-171c-4fa7-a930-6c25c8dc249c@group-2C2F94D327A1-StateMachineUpdater] INFO  impl.StateMachineUpdater (StateMachineUpdater.java:lambda$new$0(89)) - e58ea0e2-171c-4fa7-a930-6c25c8dc249c@group-2C2F94D327A1-StateMachineUpdater: snapshotIndex: updateIncreasingly -1 -> 0
2021-09-22 01:09:58,700 [Command processor thread] INFO  server.RaftServer$Division (ServerState.java:close(419)) - e58ea0e2-171c-4fa7-a930-6c25c8dc249c@group-2C2F94D327A1: closes. applyIndex: 0
2021-09-22 01:09:58,700 [e58ea0e2-171c-4fa7-a930-6c25c8dc249c@group-2C2F94D327A1-SegmentedRaftLogWorker] INFO  segmented.SegmentedRaftLogWorker (SegmentedRaftLogWorker.java:run(327)) - e58ea0e2-171c-4fa7-a930-6c25c8dc249c@group-2C2F94D327A1-SegmentedRaftLogWorker was interrupted, exiting. There are 0 tasks remaining in the queue.
2021-09-22 01:09:58,701 [Command processor thread] INFO  segmented.SegmentedRaftLogWorker (SegmentedRaftLogWorker.java:close(237)) - e58ea0e2-171c-4fa7-a930-6c25c8dc249c@group-2C2F94D327A1-SegmentedRaftLogWorker close()
2021-09-22 01:09:58,711 [Command processor thread] INFO  server.RaftServer$Division (RaftServerImpl.java:groupRemove(377)) - e58ea0e2-171c-4fa7-a930-6c25c8dc249c@group-2C2F94D327A1: Succeed to remove RaftStorageDirectory Storage Directory /home/runner/work/ozone/ozone/hadoop-ozone/integration-test/target/test-dir/MiniOzoneClusterImpl-25acc1c1-a8f2-4117-88d4-9d8f1e28eca9/datanode-1/data/ratis/bf874198-aeb4-4bc3-a6e8-2c2f94d327a1
2021-09-22 01:09:58,711 [Command processor thread] INFO  commandhandler.ClosePipelineCommandHandler (ClosePipelineCommandHandler.java:handle(78)) - Close Pipeline PipelineID=bf874198-aeb4-4bc3-a6e8-2c2f94d327a1 command on datanode e58ea0e2-171c-4fa7-a930-6c25c8dc249c.
2021-09-22 01:09:58,711 [Command processor thread] INFO  server.RaftServer (RaftServerProxy.java:remove(106)) - e58ea0e2-171c-4fa7-a930-6c25c8dc249c: remove    LEADER e58ea0e2-171c-4fa7-a930-6c25c8dc249c@group-C62B115EB3BF:t2, leader=e58ea0e2-171c-4fa7-a930-6c25c8dc249c, voted=e58ea0e2-171c-4fa7-a930-6c25c8dc249c, raftlog=e58ea0e2-171c-4fa7-a930-6c25c8dc249c@group-C62B115EB3BF-SegmentedRaftLog:OPENED:c18,f18,i18, conf=0: [e58ea0e2-171c-4fa7-a930-6c25c8dc249c|rpc:10.1.0.5:36231|dataStream:|priority:1, 9a2eaa79-e95b-45cd-b00f-a46126e2769a|rpc:10.1.0.5:42817|dataStream:|priority:0, 5dfa4197-3b4e-4728-abf2-2d416eda6cfb|rpc:10.1.0.5:45155|dataStream:|priority:0], old=null RUNNING
2021-09-22 01:09:58,712 [Command processor thread] INFO  server.RaftServer$Division (RaftServerImpl.java:lambda$close$4(407)) - e58ea0e2-171c-4fa7-a930-6c25c8dc249c@group-C62B115EB3BF: shutdown
2021-09-22 01:09:58,712 [Command processor thread] INFO  util.JmxRegister (JmxRegister.java:unregister(73)) - Successfully un-registered JMX Bean with object name Ratis:service=RaftServer,group=group-C62B115EB3BF,id=e58ea0e2-171c-4fa7-a930-6c25c8dc249c
2021-09-22 01:09:58,712 [Command processor thread] INFO  impl.RoleInfo (RoleInfo.java:shutdownLeaderState(91)) - e58ea0e2-171c-4fa7-a930-6c25c8dc249c: shutdown e58ea0e2-171c-4fa7-a930-6c25c8dc249c@group-C62B115EB3BF-LeaderStateImpl
2021-09-22 01:09:58,712 [e58ea0e2-171c-4fa7-a930-6c25c8dc249c@group-C62B115EB3BF->5dfa4197-3b4e-4728-abf2-2d416eda6cfb-GrpcLogAppender-LogAppenderDaemon] WARN  server.GrpcLogAppender (GrpcLogAppender.java:mayWait(175)) - e58ea0e2-171c-4fa7-a930-6c25c8dc249c@group-C62B115EB3BF->5dfa4197-3b4e-4728-abf2-2d416eda6cfb-GrpcLogAppender: Wait interrupted by java.lang.InterruptedException
2021-09-22 01:09:58,712 [Command processor thread] INFO  impl.PendingRequests (PendingRequests.java:sendNotLeaderResponses(282)) - e58ea0e2-171c-4fa7-a930-6c25c8dc249c@group-C62B115EB3BF-PendingRequests: sendNotLeaderResponses
2021-09-22 01:09:58,726 [e58ea0e2-171c-4fa7-a930-6c25c8dc249c@group-C62B115EB3BF->9a2eaa79-e95b-45cd-b00f-a46126e2769a-GrpcLogAppender-LogAppenderDaemon] WARN  server.GrpcLogAppender (GrpcLogAppender.java:mayWait(175)) - e58ea0e2-171c-4fa7-a930-6c25c8dc249c@group-C62B115EB3BF->9a2eaa79-e95b-45cd-b00f-a46126e2769a-GrpcLogAppender: Wait interrupted by java.lang.InterruptedException
2021-09-22 01:09:58,727 [e58ea0e2-171c-4fa7-a930-6c25c8dc249c@group-C62B115EB3BF-StateMachineUpdater] INFO  ratis.ContainerStateMachine (ContainerStateMachine.java:takeSnapshot(292)) - group-C62B115EB3BF: Taking a snapshot at:(t:2, i:18) file /home/runner/work/ozone/ozone/hadoop-ozone/integration-test/target/test-dir/MiniOzoneClusterImpl-25acc1c1-a8f2-4117-88d4-9d8f1e28eca9/datanode-1/data/ratis/4f78cfb6-f575-4110-97bf-c62b115eb3bf/sm/snapshot.2_18
2021-09-22 01:09:58,727 [Command processor thread] INFO  impl.StateMachineUpdater (StateMachineUpdater.java:stopAndJoin(149)) - e58ea0e2-171c-4fa7-a930-6c25c8dc249c@group-C62B115EB3BF-StateMachineUpdater: set stopIndex = 18
2021-09-22 01:09:58,729 [e58ea0e2-171c-4fa7-a930-6c25c8dc249c@group-C62B115EB3BF-StateMachineUpdater] INFO  ratis.ContainerStateMachine (ContainerStateMachine.java:takeSnapshot(303)) - group-C62B115EB3BF: Finished taking a snapshot at:(t:2, i:18) file:/home/runner/work/ozone/ozone/hadoop-ozone/integration-test/target/test-dir/MiniOzoneClusterImpl-25acc1c1-a8f2-4117-88d4-9d8f1e28eca9/datanode-1/data/ratis/4f78cfb6-f575-4110-97bf-c62b115eb3bf/sm/snapshot.2_18 took: 1 ms
2021-09-22 01:09:58,729 [e58ea0e2-171c-4fa7-a930-6c25c8dc249c@group-C62B115EB3BF-StateMachineUpdater] INFO  impl.StateMachineUpdater (StateMachineUpdater.java:takeSnapshot(281)) - e58ea0e2-171c-4fa7-a930-6c25c8dc249c@group-C62B115EB3BF-StateMachineUpdater: Took a snapshot at index 18
2021-09-22 01:09:58,729 [e58ea0e2-171c-4fa7-a930-6c25c8dc249c@group-C62B115EB3BF-StateMachineUpdater] INFO  impl.StateMachineUpdater (StateMachineUpdater.java:lambda$new$0(89)) - e58ea0e2-171c-4fa7-a930-6c25c8dc249c@group-C62B115EB3BF-StateMachineUpdater: snapshotIndex: updateIncreasingly -1 -> 18
2021-09-22 01:09:58,731 [Command processor thread] INFO  server.RaftServer$Division (ServerState.java:close(419)) - e58ea0e2-171c-4fa7-a930-6c25c8dc249c@group-C62B115EB3BF: closes. applyIndex: 18
2021-09-22 01:09:58,731 [e58ea0e2-171c-4fa7-a930-6c25c8dc249c@group-C62B115EB3BF-SegmentedRaftLogWorker] INFO  segmented.SegmentedRaftLogWorker (SegmentedRaftLogWorker.java:run(327)) - e58ea0e2-171c-4fa7-a930-6c25c8dc249c@group-C62B115EB3BF-SegmentedRaftLogWorker was interrupted, exiting. There are 0 tasks remaining in the queue.
2021-09-22 01:09:58,736 [Command processor thread] INFO  segmented.SegmentedRaftLogWorker (SegmentedRaftLogWorker.java:close(237)) - e58ea0e2-171c-4fa7-a930-6c25c8dc249c@group-C62B115EB3BF-SegmentedRaftLogWorker close()
2021-09-22 01:09:58,737 [Command processor thread] INFO  server.RaftServer$Division (RaftServerImpl.java:groupRemove(377)) - e58ea0e2-171c-4fa7-a930-6c25c8dc249c@group-C62B115EB3BF: Succeed to remove RaftStorageDirectory Storage Directory /home/runner/work/ozone/ozone/hadoop-ozone/integration-test/target/test-dir/MiniOzoneClusterImpl-25acc1c1-a8f2-4117-88d4-9d8f1e28eca9/datanode-1/data/ratis/4f78cfb6-f575-4110-97bf-c62b115eb3bf
2021-09-22 01:09:58,737 [Command processor thread] INFO  commandhandler.ClosePipelineCommandHandler (ClosePipelineCommandHandler.java:handle(78)) - Close Pipeline PipelineID=4f78cfb6-f575-4110-97bf-c62b115eb3bf command on datanode e58ea0e2-171c-4fa7-a930-6c25c8dc249c.
2021-09-22 01:10:00,880 [e58ea0e2-171c-4fa7-a930-6c25c8dc249c@group-35C0DBF8B3D5-FollowerState] INFO  impl.FollowerState (FollowerState.java:run(134)) - e58ea0e2-171c-4fa7-a930-6c25c8dc249c@group-35C0DBF8B3D5-FollowerState: change to CANDIDATE, lastRpcElapsedTime:5173480455ns, electionTimeout:5169ms
2021-09-22 01:10:00,881 [e58ea0e2-171c-4fa7-a930-6c25c8dc249c@group-35C0DBF8B3D5-FollowerState] INFO  impl.RoleInfo (RoleInfo.java:shutdownFollowerState(108)) - e58ea0e2-171c-4fa7-a930-6c25c8dc249c: shutdown e58ea0e2-171c-4fa7-a930-6c25c8dc249c@group-35C0DBF8B3D5-FollowerState
2021-09-22 01:10:00,881 [e58ea0e2-171c-4fa7-a930-6c25c8dc249c@group-35C0DBF8B3D5-FollowerState] INFO  server.RaftServer$Division (RaftServerImpl.java:setRole(285)) - e58ea0e2-171c-4fa7-a930-6c25c8dc249c@group-35C0DBF8B3D5: changes role from  FOLLOWER to CANDIDATE at term 0 for changeToCandidate
2021-09-22 01:10:00,881 [e58ea0e2-171c-4fa7-a930-6c25c8dc249c@group-35C0DBF8B3D5-FollowerState] INFO  server.RaftServerConfigKeys (ConfUtils.java:logGet(44)) - raft.server.leaderelection.pre-vote = false (custom)
2021-09-22 01:10:00,881 [e58ea0e2-171c-4fa7-a930-6c25c8dc249c@group-35C0DBF8B3D5-FollowerState] INFO  impl.RoleInfo (RoleInfo.java:updateAndGet(130)) - e58ea0e2-171c-4fa7-a930-6c25c8dc249c: start e58ea0e2-171c-4fa7-a930-6c25c8dc249c@group-35C0DBF8B3D5-LeaderElection31
2021-09-22 01:10:00,892 [e58ea0e2-171c-4fa7-a930-6c25c8dc249c@group-35C0DBF8B3D5-LeaderElection31] INFO  impl.LeaderElection (LeaderElection.java:askForVotes(306)) - e58ea0e2-171c-4fa7-a930-6c25c8dc249c@group-35C0DBF8B3D5-LeaderElection31 ELECTION round 0: submit vote requests at term 1 for -1: [e58ea0e2-171c-4fa7-a930-6c25c8dc249c|rpc:10.1.0.5:36231|priority:1, 9a2eaa79-e95b-45cd-b00f-a46126e2769a|rpc:10.1.0.5:42817|priority:0, 1846ff5f-c0f8-47b1-8bb5-c6f8d49a7778|rpc:10.1.0.5:36461|priority:0], old=null
2021-09-22 01:10:00,902 [e58ea0e2-171c-4fa7-a930-6c25c8dc249c@group-35C0DBF8B3D5-LeaderElection31] INFO  impl.LeaderElection (LogUtils.java:infoOrTrace(137)) - e58ea0e2-171c-4fa7-a930-6c25c8dc249c@group-35C0DBF8B3D5-LeaderElection31 got exception when requesting votes: java.util.concurrent.ExecutionException: org.apache.ratis.thirdparty.io.grpc.StatusRuntimeException: UNAVAILABLE: io exception
2021-09-22 01:10:00,910 [grpc-default-executor-3] INFO  server.RaftServer$Division (RaftServerImpl.java:requestVote(1043)) - 1846ff5f-c0f8-47b1-8bb5-c6f8d49a7778@group-35C0DBF8B3D5: receive requestVote(ELECTION, e58ea0e2-171c-4fa7-a930-6c25c8dc249c, group-35C0DBF8B3D5, 1, (t:0, i:0))
2021-09-22 01:10:00,910 [grpc-default-executor-3] INFO  impl.VoteContext (VoteContext.java:log(48)) - 1846ff5f-c0f8-47b1-8bb5-c6f8d49a7778@group-35C0DBF8B3D5-FOLLOWER: accept ELECTION from e58ea0e2-171c-4fa7-a930-6c25c8dc249c: our priority 0 <= candidate's priority 1
2021-09-22 01:10:00,910 [grpc-default-executor-3] INFO  server.RaftServer$Division (RaftServerImpl.java:setRole(285)) - 1846ff5f-c0f8-47b1-8bb5-c6f8d49a7778@group-35C0DBF8B3D5: changes role from  FOLLOWER to FOLLOWER at term 1 for candidate:e58ea0e2-171c-4fa7-a930-6c25c8dc249c
2021-09-22 01:10:00,910 [grpc-default-executor-3] INFO  impl.RoleInfo (RoleInfo.java:shutdownFollowerState(108)) - 1846ff5f-c0f8-47b1-8bb5-c6f8d49a7778: shutdown 1846ff5f-c0f8-47b1-8bb5-c6f8d49a7778@group-35C0DBF8B3D5-FollowerState
2021-09-22 01:10:00,910 [grpc-default-executor-3] INFO  impl.RoleInfo (RoleInfo.java:updateAndGet(130)) - 1846ff5f-c0f8-47b1-8bb5-c6f8d49a7778: start 1846ff5f-c0f8-47b1-8bb5-c6f8d49a7778@group-35C0DBF8B3D5-FollowerState
2021-09-22 01:10:00,910 [1846ff5f-c0f8-47b1-8bb5-c6f8d49a7778@group-35C0DBF8B3D5-FollowerState] INFO  impl.FollowerState (FollowerState.java:run(143)) - 1846ff5f-c0f8-47b1-8bb5-c6f8d49a7778@group-35C0DBF8B3D5-FollowerState was interrupted: {}
java.lang.InterruptedException: sleep interrupted
	at java.lang.Thread.sleep(Native Method)
	at java.lang.Thread.sleep(Thread.java:340)
	at java.util.concurrent.TimeUnit.sleep(TimeUnit.java:386)
	at org.apache.ratis.util.TimeDuration.sleep(TimeDuration.java:324)
	at org.apache.ratis.util.TimeDuration.sleep(TimeDuration.java:309)
	at org.apache.ratis.server.impl.FollowerState.run(FollowerState.java:118)
2021-09-22 01:10:00,919 [grpc-default-executor-3] INFO  server.RaftServer$Division (RaftServerImpl.java:requestVote(1075)) - 1846ff5f-c0f8-47b1-8bb5-c6f8d49a7778@group-35C0DBF8B3D5 replies to ELECTION vote request: e58ea0e2-171c-4fa7-a930-6c25c8dc249c<-1846ff5f-c0f8-47b1-8bb5-c6f8d49a7778#0:OK-t1. Peer's state: 1846ff5f-c0f8-47b1-8bb5-c6f8d49a7778@group-35C0DBF8B3D5:t1, leader=null, voted=e58ea0e2-171c-4fa7-a930-6c25c8dc249c, raftlog=1846ff5f-c0f8-47b1-8bb5-c6f8d49a7778@group-35C0DBF8B3D5-SegmentedRaftLog:OPENED:c-1,f-1,i0, conf=-1: [e58ea0e2-171c-4fa7-a930-6c25c8dc249c|rpc:10.1.0.5:36231|dataStream:|priority:1, 9a2eaa79-e95b-45cd-b00f-a46126e2769a|rpc:10.1.0.5:42817|dataStream:|priority:0, 1846ff5f-c0f8-47b1-8bb5-c6f8d49a7778|rpc:10.1.0.5:36461|dataStream:|priority:0], old=null
2021-09-22 01:10:00,920 [e58ea0e2-171c-4fa7-a930-6c25c8dc249c@group-35C0DBF8B3D5-LeaderElection31] INFO  impl.LeaderElection (LeaderElection.java:logAndReturn(89)) - e58ea0e2-171c-4fa7-a930-6c25c8dc249c@group-35C0DBF8B3D5-LeaderElection31: ELECTION PASSED received 1 response(s) and 1 exception(s):
2021-09-22 01:10:00,920 [e58ea0e2-171c-4fa7-a930-6c25c8dc249c@group-35C0DBF8B3D5-LeaderElection31] INFO  impl.LeaderElection (LeaderElection.java:logAndReturn(93)) -   Response 0: e58ea0e2-171c-4fa7-a930-6c25c8dc249c<-1846ff5f-c0f8-47b1-8bb5-c6f8d49a7778#0:OK-t1
2021-09-22 01:10:00,920 [e58ea0e2-171c-4fa7-a930-6c25c8dc249c@group-35C0DBF8B3D5-LeaderElection31] INFO  impl.LeaderElection (LogUtils.java:infoOrTrace(137)) -   Exception 1: java.util.concurrent.ExecutionException: org.apache.ratis.thirdparty.io.grpc.StatusRuntimeException: UNAVAILABLE: io exception
2021-09-22 01:10:00,920 [e58ea0e2-171c-4fa7-a930-6c25c8dc249c@group-35C0DBF8B3D5-LeaderElection31] INFO  impl.LeaderElection (LeaderElection.java:askForVotes(308)) - e58ea0e2-171c-4fa7-a930-6c25c8dc249c@group-35C0DBF8B3D5-LeaderElection31 ELECTION round 0: result PASSED
2021-09-22 01:10:00,920 [e58ea0e2-171c-4fa7-a930-6c25c8dc249c@group-35C0DBF8B3D5-LeaderElection31] INFO  impl.RoleInfo (RoleInfo.java:shutdownLeaderElection(121)) - e58ea0e2-171c-4fa7-a930-6c25c8dc249c: shutdown e58ea0e2-171c-4fa7-a930-6c25c8dc249c@group-35C0DBF8B3D5-LeaderElection31
2021-09-22 01:10:00,920 [e58ea0e2-171c-4fa7-a930-6c25c8dc249c@group-35C0DBF8B3D5-LeaderElection31] INFO  server.RaftServer$Division (RaftServerImpl.java:setRole(285)) - e58ea0e2-171c-4fa7-a930-6c25c8dc249c@group-35C0DBF8B3D5: changes role from CANDIDATE to LEADER at term 1 for changeToLeader
2021-09-22 01:10:00,920 [e58ea0e2-171c-4fa7-a930-6c25c8dc249c@group-35C0DBF8B3D5-LeaderElection31] INFO  ratis.XceiverServerRatis (XceiverServerRatis.java:handleLeaderChangedNotification(860)) - Leader change notification received for group: group-35C0DBF8B3D5 with new leaderId: e58ea0e2-171c-4fa7-a930-6c25c8dc249c
2021-09-22 01:10:00,921 [e58ea0e2-171c-4fa7-a930-6c25c8dc249c@group-35C0DBF8B3D5-LeaderElection31] INFO  server.RaftServer$Division (ServerState.java:setLeader(285)) - e58ea0e2-171c-4fa7-a930-6c25c8dc249c@group-35C0DBF8B3D5: change Leader from null to e58ea0e2-171c-4fa7-a930-6c25c8dc249c at term 1 for becomeLeader, leader elected after 5226ms
2021-09-22 01:10:00,921 [e58ea0e2-171c-4fa7-a930-6c25c8dc249c@group-35C0DBF8B3D5-LeaderElection31] INFO  server.RaftServerConfigKeys (ConfUtils.java:logGet(44)) - raft.server.staging.catchup.gap = 1000 (default)
2021-09-22 01:10:00,921 [e58ea0e2-171c-4fa7-a930-6c25c8dc249c@group-35C0DBF8B3D5-LeaderElection31] INFO  server.RaftServerConfigKeys (ConfUtils.java:logGet(44)) - raft.server.write.element-limit = 1024 (custom)
2021-09-22 01:10:00,921 [e58ea0e2-171c-4fa7-a930-6c25c8dc249c@group-35C0DBF8B3D5-LeaderElection31] INFO  server.RaftServerConfigKeys (ConfUtils.java:logGet(44)) - raft.server.write.byte-limit = 1024 M (=1073741824) (custom)
2021-09-22 01:10:00,921 [e58ea0e2-171c-4fa7-a930-6c25c8dc249c@group-35C0DBF8B3D5-LeaderElection31] INFO  server.RaftServerConfigKeys (ConfUtils.java:logGet(44)) - raft.server.watch.timeout = 3000ms (custom)
2021-09-22 01:10:00,921 [e58ea0e2-171c-4fa7-a930-6c25c8dc249c@group-35C0DBF8B3D5-LeaderElection31] INFO  server.RaftServerConfigKeys (ConfUtils.java:logGet(44)) - raft.server.watch.timeout.denomination = 1s (default)
2021-09-22 01:10:00,921 [e58ea0e2-171c-4fa7-a930-6c25c8dc249c@group-35C0DBF8B3D5-LeaderElection31] INFO  server.RaftServerConfigKeys (ConfUtils.java:logGet(44)) - raft.server.watch.element-limit = 65536 (default)
2021-09-22 01:10:00,921 [e58ea0e2-171c-4fa7-a930-6c25c8dc249c@group-35C0DBF8B3D5-LeaderElection31] INFO  server.RaftServerConfigKeys (ConfUtils.java:logGet(44)) - raft.server.log.appender.snapshot.chunk.size.max = 16MB (=16777216) (default)
2021-09-22 01:10:00,921 [e58ea0e2-171c-4fa7-a930-6c25c8dc249c@group-35C0DBF8B3D5-LeaderElection31] INFO  server.RaftServerConfigKeys (ConfUtils.java:logGet(44)) - raft.server.log.appender.buffer.byte-limit = 33554432 (custom)
2021-09-22 01:10:00,922 [e58ea0e2-171c-4fa7-a930-6c25c8dc249c@group-35C0DBF8B3D5-LeaderElection31] INFO  server.RaftServerConfigKeys (ConfUtils.java:logGet(44)) - raft.server.log.appender.buffer.element-limit = 1 (custom)
2021-09-22 01:10:00,922 [e58ea0e2-171c-4fa7-a930-6c25c8dc249c@group-35C0DBF8B3D5-LeaderElection31] INFO  grpc.GrpcConfigKeys (ConfUtils.java:logGet(44)) - raft.grpc.server.leader.outstanding.appends.max = 128 (default)
2021-09-22 01:10:00,922 [e58ea0e2-171c-4fa7-a930-6c25c8dc249c@group-35C0DBF8B3D5-LeaderElection31] INFO  server.RaftServerConfigKeys (ConfUtils.java:logGet(44)) - raft.server.rpc.request.timeout = 3000ms (default)
2021-09-22 01:10:00,922 [e58ea0e2-171c-4fa7-a930-6c25c8dc249c@group-35C0DBF8B3D5-LeaderElection31] INFO  server.RaftServerConfigKeys (ConfUtils.java:logGet(44)) - raft.server.log.appender.install.snapshot.enabled = false (custom)
2021-09-22 01:10:00,922 [e58ea0e2-171c-4fa7-a930-6c25c8dc249c@group-35C0DBF8B3D5-LeaderElection31] INFO  server.RaftServerConfigKeys (ConfUtils.java:logGet(44)) - raft.server.log.appender.snapshot.chunk.size.max = 16MB (=16777216) (default)
2021-09-22 01:10:00,922 [e58ea0e2-171c-4fa7-a930-6c25c8dc249c@group-35C0DBF8B3D5-LeaderElection31] INFO  server.RaftServerConfigKeys (ConfUtils.java:logGet(44)) - raft.server.log.appender.buffer.byte-limit = 33554432 (custom)
2021-09-22 01:10:00,922 [e58ea0e2-171c-4fa7-a930-6c25c8dc249c@group-35C0DBF8B3D5-LeaderElection31] INFO  server.RaftServerConfigKeys (ConfUtils.java:logGet(44)) - raft.server.log.appender.buffer.element-limit = 1 (custom)
2021-09-22 01:10:00,923 [e58ea0e2-171c-4fa7-a930-6c25c8dc249c@group-35C0DBF8B3D5-LeaderElection31] INFO  grpc.GrpcConfigKeys (ConfUtils.java:logGet(44)) - raft.grpc.server.leader.outstanding.appends.max = 128 (default)
2021-09-22 01:10:00,923 [e58ea0e2-171c-4fa7-a930-6c25c8dc249c@group-35C0DBF8B3D5-LeaderElection31] INFO  server.RaftServerConfigKeys (ConfUtils.java:logGet(44)) - raft.server.rpc.request.timeout = 3000ms (default)
2021-09-22 01:10:00,923 [e58ea0e2-171c-4fa7-a930-6c25c8dc249c@group-35C0DBF8B3D5-LeaderElection31] INFO  server.RaftServerConfigKeys (ConfUtils.java:logGet(44)) - raft.server.log.appender.install.snapshot.enabled = false (custom)
2021-09-22 01:10:00,923 [e58ea0e2-171c-4fa7-a930-6c25c8dc249c@group-35C0DBF8B3D5-LeaderElection31] INFO  impl.RoleInfo (RoleInfo.java:updateAndGet(130)) - e58ea0e2-171c-4fa7-a930-6c25c8dc249c: start e58ea0e2-171c-4fa7-a930-6c25c8dc249c@group-35C0DBF8B3D5-LeaderStateImpl
2021-09-22 01:10:00,924 [e58ea0e2-171c-4fa7-a930-6c25c8dc249c@group-35C0DBF8B3D5-LeaderElection31] INFO  segmented.SegmentedRaftLogWorker (SegmentedRaftLogWorker.java:startLogSegment(394)) - e58ea0e2-171c-4fa7-a930-6c25c8dc249c@group-35C0DBF8B3D5-SegmentedRaftLogWorker: Starting segment from index:0
2021-09-22 01:10:00,924 [Datanode State Machine Thread - 0] WARN  statemachine.StateContext (StateContext.java:execute(621)) - No available thread in pool for past 1 seconds.
2021-09-22 01:10:00,925 [e58ea0e2-171c-4fa7-a930-6c25c8dc249c@group-35C0DBF8B3D5-SegmentedRaftLogWorker] INFO  segmented.SegmentedRaftLogWorker (SegmentedRaftLogWorker.java:execute(601)) - e58ea0e2-171c-4fa7-a930-6c25c8dc249c@group-35C0DBF8B3D5-SegmentedRaftLogWorker: created new log segment /home/runner/work/ozone/ozone/hadoop-ozone/integration-test/target/test-dir/MiniOzoneClusterImpl-25acc1c1-a8f2-4117-88d4-9d8f1e28eca9/datanode-1/data/ratis/1d294895-3a97-4125-9ae0-35c0dbf8b3d5/current/log_inprogress_0
2021-09-22 01:10:00,941 [grpc-default-executor-3] WARN  server.GrpcLogAppender (LogUtils.java:warn(122)) - e58ea0e2-171c-4fa7-a930-6c25c8dc249c@group-35C0DBF8B3D5->9a2eaa79-e95b-45cd-b00f-a46126e2769a-AppendLogResponseHandler: Failed appendEntries: org.apache.ratis.thirdparty.io.grpc.StatusRuntimeException: UNAVAILABLE: io exception
2021-09-22 01:10:00,948 [grpc-default-executor-3] WARN  server.GrpcLogAppender (GrpcLogAppender.java:resetClient(111)) - e58ea0e2-171c-4fa7-a930-6c25c8dc249c@group-35C0DBF8B3D5->9a2eaa79-e95b-45cd-b00f-a46126e2769a-GrpcLogAppender: Leader has not got in touch with Follower e58ea0e2-171c-4fa7-a930-6c25c8dc249c@group-35C0DBF8B3D5->9a2eaa79-e95b-45cd-b00f-a46126e2769a(c-1,m0,n1, attendVote=true, lastRpcSendTime=6, lastRpcResponseTime=5227) yet, just keep nextIndex unchanged and retry.
2021-09-22 01:10:00,949 [e58ea0e2-171c-4fa7-a930-6c25c8dc249c@group-35C0DBF8B3D5-LeaderElection31] INFO  server.RaftServer$Division (ServerState.java:setRaftConf(387)) - e58ea0e2-171c-4fa7-a930-6c25c8dc249c@group-35C0DBF8B3D5: set configuration 0: [e58ea0e2-171c-4fa7-a930-6c25c8dc249c|rpc:10.1.0.5:36231|dataStream:|priority:1, 9a2eaa79-e95b-45cd-b00f-a46126e2769a|rpc:10.1.0.5:42817|dataStream:|priority:0, 1846ff5f-c0f8-47b1-8bb5-c6f8d49a7778|rpc:10.1.0.5:36461|dataStream:|priority:0], old=null
2021-09-22 01:10:00,963 [grpc-default-executor-1] INFO  ratis.XceiverServerRatis (XceiverServerRatis.java:handleLeaderChangedNotification(860)) - Leader change notification received for group: group-35C0DBF8B3D5 with new leaderId: e58ea0e2-171c-4fa7-a930-6c25c8dc249c
2021-09-22 01:10:00,963 [grpc-default-executor-1] INFO  server.RaftServer$Division (ServerState.java:setLeader(285)) - 1846ff5f-c0f8-47b1-8bb5-c6f8d49a7778@group-35C0DBF8B3D5: change Leader from null to e58ea0e2-171c-4fa7-a930-6c25c8dc249c at term 1 for appendEntries, leader elected after 5221ms
2021-09-22 01:10:00,970 [grpc-default-executor-1] INFO  server.RaftServer$Division (ServerState.java:setRaftConf(387)) - 1846ff5f-c0f8-47b1-8bb5-c6f8d49a7778@group-35C0DBF8B3D5: set configuration 0: [e58ea0e2-171c-4fa7-a930-6c25c8dc249c|rpc:10.1.0.5:36231|dataStream:|priority:1, 9a2eaa79-e95b-45cd-b00f-a46126e2769a|rpc:10.1.0.5:42817|dataStream:|priority:0, 1846ff5f-c0f8-47b1-8bb5-c6f8d49a7778|rpc:10.1.0.5:36461|dataStream:|priority:0], old=null
2021-09-22 01:10:00,970 [grpc-default-executor-1] INFO  segmented.SegmentedRaftLogWorker (SegmentedRaftLogWorker.java:startLogSegment(394)) - 1846ff5f-c0f8-47b1-8bb5-c6f8d49a7778@group-35C0DBF8B3D5-SegmentedRaftLogWorker: Starting segment from index:0
2021-09-22 01:10:00,971 [1846ff5f-c0f8-47b1-8bb5-c6f8d49a7778@group-35C0DBF8B3D5-SegmentedRaftLogWorker] INFO  segmented.SegmentedRaftLogWorker (SegmentedRaftLogWorker.java:execute(601)) - 1846ff5f-c0f8-47b1-8bb5-c6f8d49a7778@group-35C0DBF8B3D5-SegmentedRaftLogWorker: created new log segment /home/runner/work/ozone/ozone/hadoop-ozone/integration-test/target/test-dir/MiniOzoneClusterImpl-25acc1c1-a8f2-4117-88d4-9d8f1e28eca9/datanode-6/data/ratis/1d294895-3a97-4125-9ae0-35c0dbf8b3d5/current/log_inprogress_0
2021-09-22 01:10:02,837 [46189feb-569c-4e6f-be55-dc7298009a0b@group-7D8C5C10C900-FollowerState] INFO  impl.FollowerState (FollowerState.java:run(134)) - 46189feb-569c-4e6f-be55-dc7298009a0b@group-7D8C5C10C900-FollowerState: change to CANDIDATE, lastRpcElapsedTime:5021848233ns, electionTimeout:5011ms
2021-09-22 01:10:02,837 [46189feb-569c-4e6f-be55-dc7298009a0b@group-7D8C5C10C900-FollowerState] INFO  impl.RoleInfo (RoleInfo.java:shutdownFollowerState(108)) - 46189feb-569c-4e6f-be55-dc7298009a0b: shutdown 46189feb-569c-4e6f-be55-dc7298009a0b@group-7D8C5C10C900-FollowerState
2021-09-22 01:10:02,837 [46189feb-569c-4e6f-be55-dc7298009a0b@group-7D8C5C10C900-FollowerState] INFO  server.RaftServer$Division (RaftServerImpl.java:setRole(285)) - 46189feb-569c-4e6f-be55-dc7298009a0b@group-7D8C5C10C900: changes role from  FOLLOWER to CANDIDATE at term 6 for changeToCandidate
2021-09-22 01:10:02,837 [46189feb-569c-4e6f-be55-dc7298009a0b@group-7D8C5C10C900-FollowerState] INFO  server.RaftServerConfigKeys (ConfUtils.java:logGet(44)) - raft.server.leaderelection.pre-vote = false (custom)
2021-09-22 01:10:02,837 [46189feb-569c-4e6f-be55-dc7298009a0b@group-7D8C5C10C900-FollowerState] INFO  impl.RoleInfo (RoleInfo.java:updateAndGet(130)) - 46189feb-569c-4e6f-be55-dc7298009a0b: start 46189feb-569c-4e6f-be55-dc7298009a0b@group-7D8C5C10C900-LeaderElection32
2021-09-22 01:10:02,838 [0d23f380-5b64-4336-bea7-d12bd7eaa710@group-7D8C5C10C900-FollowerState] INFO  impl.FollowerState (FollowerState.java:run(134)) - 0d23f380-5b64-4336-bea7-d12bd7eaa710@group-7D8C5C10C900-FollowerState: change to CANDIDATE, lastRpcElapsedTime:5030226532ns, electionTimeout:5024ms
2021-09-22 01:10:02,838 [0d23f380-5b64-4336-bea7-d12bd7eaa710@group-7D8C5C10C900-FollowerState] INFO  impl.RoleInfo (RoleInfo.java:shutdownFollowerState(108)) - 0d23f380-5b64-4336-bea7-d12bd7eaa710: shutdown 0d23f380-5b64-4336-bea7-d12bd7eaa710@group-7D8C5C10C900-FollowerState
2021-09-22 01:10:02,838 [0d23f380-5b64-4336-bea7-d12bd7eaa710@group-7D8C5C10C900-FollowerState] INFO  server.RaftServer$Division (RaftServerImpl.java:setRole(285)) - 0d23f380-5b64-4336-bea7-d12bd7eaa710@group-7D8C5C10C900: changes role from  FOLLOWER to CANDIDATE at term 6 for changeToCandidate
2021-09-22 01:10:02,838 [0d23f380-5b64-4336-bea7-d12bd7eaa710@group-7D8C5C10C900-FollowerState] INFO  server.RaftServerConfigKeys (ConfUtils.java:logGet(44)) - raft.server.leaderelection.pre-vote = false (custom)
2021-09-22 01:10:02,838 [0d23f380-5b64-4336-bea7-d12bd7eaa710@group-7D8C5C10C900-FollowerState] INFO  impl.RoleInfo (RoleInfo.java:updateAndGet(130)) - 0d23f380-5b64-4336-bea7-d12bd7eaa710: start 0d23f380-5b64-4336-bea7-d12bd7eaa710@group-7D8C5C10C900-LeaderElection33
2021-09-22 01:10:02,850 [46189feb-569c-4e6f-be55-dc7298009a0b@group-7D8C5C10C900-LeaderElection32] INFO  impl.LeaderElection (LeaderElection.java:askForVotes(306)) - 46189feb-569c-4e6f-be55-dc7298009a0b@group-7D8C5C10C900-LeaderElection32 ELECTION round 0: submit vote requests at term 7 for -1: [0d23f380-5b64-4336-bea7-d12bd7eaa710|rpc:10.1.0.5:40155|dataStream:|priority:0, 46189feb-569c-4e6f-be55-dc7298009a0b|rpc:10.1.0.5:40371|dataStream:|priority:1, fff18091-4bc4-4dc4-9e0e-c7b7b9f7a092|rpc:10.1.0.5:43419|dataStream:|priority:0], old=null
2021-09-22 01:10:02,851 [0d23f380-5b64-4336-bea7-d12bd7eaa710@group-7D8C5C10C900-LeaderElection33] INFO  impl.LeaderElection (LeaderElection.java:askForVotes(306)) - 0d23f380-5b64-4336-bea7-d12bd7eaa710@group-7D8C5C10C900-LeaderElection33 ELECTION round 0: submit vote requests at term 7 for -1: [0d23f380-5b64-4336-bea7-d12bd7eaa710|rpc:10.1.0.5:40155|dataStream:|priority:0, 46189feb-569c-4e6f-be55-dc7298009a0b|rpc:10.1.0.5:40371|dataStream:|priority:1, fff18091-4bc4-4dc4-9e0e-c7b7b9f7a092|rpc:10.1.0.5:43419|dataStream:|priority:0], old=null
2021-09-22 01:10:02,880 [grpc-default-executor-1] INFO  server.RaftServer$Division (RaftServerImpl.java:requestVote(1043)) - 0d23f380-5b64-4336-bea7-d12bd7eaa710@group-7D8C5C10C900: receive requestVote(ELECTION, 46189feb-569c-4e6f-be55-dc7298009a0b, group-7D8C5C10C900, 7, (t:0, i:0))
2021-09-22 01:10:02,880 [grpc-default-executor-1] INFO  impl.VoteContext (VoteContext.java:log(48)) - 0d23f380-5b64-4336-bea7-d12bd7eaa710@group-7D8C5C10C900-CANDIDATE: reject ELECTION from 46189feb-569c-4e6f-be55-dc7298009a0b: already has voted for 0d23f380-5b64-4336-bea7-d12bd7eaa710 at current term 7
2021-09-22 01:10:02,880 [grpc-default-executor-1] INFO  server.RaftServer$Division (RaftServerImpl.java:requestVote(1075)) - 0d23f380-5b64-4336-bea7-d12bd7eaa710@group-7D8C5C10C900 replies to ELECTION vote request: 46189feb-569c-4e6f-be55-dc7298009a0b<-0d23f380-5b64-4336-bea7-d12bd7eaa710#0:FAIL-t7. Peer's state: 0d23f380-5b64-4336-bea7-d12bd7eaa710@group-7D8C5C10C900:t7, leader=null, voted=0d23f380-5b64-4336-bea7-d12bd7eaa710, raftlog=0d23f380-5b64-4336-bea7-d12bd7eaa710@group-7D8C5C10C900-SegmentedRaftLog:OPENED:c-1,f-1,i0, conf=-1: [0d23f380-5b64-4336-bea7-d12bd7eaa710|rpc:10.1.0.5:40155|dataStream:|priority:0, 46189feb-569c-4e6f-be55-dc7298009a0b|rpc:10.1.0.5:40371|dataStream:|priority:1, fff18091-4bc4-4dc4-9e0e-c7b7b9f7a092|rpc:10.1.0.5:43419|dataStream:|priority:0], old=null
2021-09-22 01:10:02,880 [grpc-default-executor-3] INFO  server.RaftServer$Division (RaftServerImpl.java:requestVote(1043)) - 46189feb-569c-4e6f-be55-dc7298009a0b@group-7D8C5C10C900: receive requestVote(ELECTION, 0d23f380-5b64-4336-bea7-d12bd7eaa710, group-7D8C5C10C900, 7, (t:0, i:0))
2021-09-22 01:10:02,880 [grpc-default-executor-3] INFO  impl.VoteContext (VoteContext.java:log(48)) - 46189feb-569c-4e6f-be55-dc7298009a0b@group-7D8C5C10C900-CANDIDATE: reject ELECTION from 0d23f380-5b64-4336-bea7-d12bd7eaa710: already has voted for 46189feb-569c-4e6f-be55-dc7298009a0b at current term 7
2021-09-22 01:10:02,880 [grpc-default-executor-3] INFO  server.RaftServer$Division (RaftServerImpl.java:requestVote(1075)) - 46189feb-569c-4e6f-be55-dc7298009a0b@group-7D8C5C10C900 replies to ELECTION vote request: 0d23f380-5b64-4336-bea7-d12bd7eaa710<-46189feb-569c-4e6f-be55-dc7298009a0b#0:FAIL-t7. Peer's state: 46189feb-569c-4e6f-be55-dc7298009a0b@group-7D8C5C10C900:t7, leader=null, voted=46189feb-569c-4e6f-be55-dc7298009a0b, raftlog=46189feb-569c-4e6f-be55-dc7298009a0b@group-7D8C5C10C900-SegmentedRaftLog:OPENED:c-1,f-1,i0, conf=-1: [0d23f380-5b64-4336-bea7-d12bd7eaa710|rpc:10.1.0.5:40155|dataStream:|priority:0, 46189feb-569c-4e6f-be55-dc7298009a0b|rpc:10.1.0.5:40371|dataStream:|priority:1, fff18091-4bc4-4dc4-9e0e-c7b7b9f7a092|rpc:10.1.0.5:43419|dataStream:|priority:0], old=null
2021-09-22 01:10:02,882 [0d23f380-5b64-4336-bea7-d12bd7eaa710@group-7D8C5C10C900-LeaderElection33] INFO  impl.LeaderElection (LeaderElection.java:logAndReturn(89)) - 0d23f380-5b64-4336-bea7-d12bd7eaa710@group-7D8C5C10C900-LeaderElection33: ELECTION REJECTED received 1 response(s) and 0 exception(s):
2021-09-22 01:10:02,882 [0d23f380-5b64-4336-bea7-d12bd7eaa710@group-7D8C5C10C900-LeaderElection33] INFO  impl.LeaderElection (LeaderElection.java:logAndReturn(93)) -   Response 0: 0d23f380-5b64-4336-bea7-d12bd7eaa710<-46189feb-569c-4e6f-be55-dc7298009a0b#0:FAIL-t7
2021-09-22 01:10:02,882 [0d23f380-5b64-4336-bea7-d12bd7eaa710@group-7D8C5C10C900-LeaderElection33] INFO  impl.LeaderElection (LeaderElection.java:askForVotes(308)) - 0d23f380-5b64-4336-bea7-d12bd7eaa710@group-7D8C5C10C900-LeaderElection33 ELECTION round 0: result REJECTED
2021-09-22 01:10:02,882 [0d23f380-5b64-4336-bea7-d12bd7eaa710@group-7D8C5C10C900-LeaderElection33] INFO  server.RaftServer$Division (RaftServerImpl.java:setRole(285)) - 0d23f380-5b64-4336-bea7-d12bd7eaa710@group-7D8C5C10C900: changes role from CANDIDATE to FOLLOWER at term 7 for REJECTED
2021-09-22 01:10:02,882 [0d23f380-5b64-4336-bea7-d12bd7eaa710@group-7D8C5C10C900-LeaderElection33] INFO  impl.RoleInfo (RoleInfo.java:shutdownLeaderElection(121)) - 0d23f380-5b64-4336-bea7-d12bd7eaa710: shutdown 0d23f380-5b64-4336-bea7-d12bd7eaa710@group-7D8C5C10C900-LeaderElection33
2021-09-22 01:10:02,882 [0d23f380-5b64-4336-bea7-d12bd7eaa710@group-7D8C5C10C900-LeaderElection33] INFO  impl.RoleInfo (RoleInfo.java:updateAndGet(130)) - 0d23f380-5b64-4336-bea7-d12bd7eaa710: start 0d23f380-5b64-4336-bea7-d12bd7eaa710@group-7D8C5C10C900-FollowerState
2021-09-22 01:10:02,883 [grpc-default-executor-3] INFO  server.RaftServer$Division (RaftServerImpl.java:requestVote(1043)) - fff18091-4bc4-4dc4-9e0e-c7b7b9f7a092@group-7D8C5C10C900: receive requestVote(ELECTION, 46189feb-569c-4e6f-be55-dc7298009a0b, group-7D8C5C10C900, 7, (t:0, i:0))
2021-09-22 01:10:02,883 [grpc-default-executor-3] INFO  impl.VoteContext (VoteContext.java:log(48)) - fff18091-4bc4-4dc4-9e0e-c7b7b9f7a092@group-7D8C5C10C900-FOLLOWER: accept ELECTION from 46189feb-569c-4e6f-be55-dc7298009a0b: our priority 0 <= candidate's priority 1
2021-09-22 01:10:02,883 [grpc-default-executor-3] INFO  server.RaftServer$Division (RaftServerImpl.java:setRole(285)) - fff18091-4bc4-4dc4-9e0e-c7b7b9f7a092@group-7D8C5C10C900: changes role from  FOLLOWER to FOLLOWER at term 7 for candidate:46189feb-569c-4e6f-be55-dc7298009a0b
2021-09-22 01:10:02,883 [grpc-default-executor-3] INFO  impl.RoleInfo (RoleInfo.java:shutdownFollowerState(108)) - fff18091-4bc4-4dc4-9e0e-c7b7b9f7a092: shutdown fff18091-4bc4-4dc4-9e0e-c7b7b9f7a092@group-7D8C5C10C900-FollowerState
2021-09-22 01:10:02,889 [grpc-default-executor-1] INFO  server.RaftServer$Division (RaftServerImpl.java:requestVote(1043)) - fff18091-4bc4-4dc4-9e0e-c7b7b9f7a092@group-7D8C5C10C900: receive requestVote(ELECTION, 0d23f380-5b64-4336-bea7-d12bd7eaa710, group-7D8C5C10C900, 7, (t:0, i:0))
2021-09-22 01:10:02,897 [grpc-default-executor-3] INFO  impl.RoleInfo (RoleInfo.java:updateAndGet(130)) - fff18091-4bc4-4dc4-9e0e-c7b7b9f7a092: start fff18091-4bc4-4dc4-9e0e-c7b7b9f7a092@group-7D8C5C10C900-FollowerState
2021-09-22 01:10:02,897 [fff18091-4bc4-4dc4-9e0e-c7b7b9f7a092@group-7D8C5C10C900-FollowerState] INFO  impl.FollowerState (FollowerState.java:run(143)) - fff18091-4bc4-4dc4-9e0e-c7b7b9f7a092@group-7D8C5C10C900-FollowerState was interrupted: {}
java.lang.InterruptedException: sleep interrupted
	at java.lang.Thread.sleep(Native Method)
	at java.lang.Thread.sleep(Thread.java:340)
	at java.util.concurrent.TimeUnit.sleep(TimeUnit.java:386)
	at org.apache.ratis.util.TimeDuration.sleep(TimeDuration.java:324)
	at org.apache.ratis.util.TimeDuration.sleep(TimeDuration.java:309)
	at org.apache.ratis.server.impl.FollowerState.run(FollowerState.java:118)
2021-09-22 01:10:02,899 [grpc-default-executor-3] INFO  server.RaftServer$Division (RaftServerImpl.java:requestVote(1075)) - fff18091-4bc4-4dc4-9e0e-c7b7b9f7a092@group-7D8C5C10C900 replies to ELECTION vote request: 46189feb-569c-4e6f-be55-dc7298009a0b<-fff18091-4bc4-4dc4-9e0e-c7b7b9f7a092#0:OK-t7. Peer's state: fff18091-4bc4-4dc4-9e0e-c7b7b9f7a092@group-7D8C5C10C900:t7, leader=null, voted=46189feb-569c-4e6f-be55-dc7298009a0b, raftlog=fff18091-4bc4-4dc4-9e0e-c7b7b9f7a092@group-7D8C5C10C900-SegmentedRaftLog:OPENED:c-1,f-1,i0, conf=-1: [0d23f380-5b64-4336-bea7-d12bd7eaa710|rpc:10.1.0.5:40155|priority:0, 46189feb-569c-4e6f-be55-dc7298009a0b|rpc:10.1.0.5:40371|priority:1, fff18091-4bc4-4dc4-9e0e-c7b7b9f7a092|rpc:10.1.0.5:43419|priority:0], old=null
2021-09-22 01:10:02,899 [grpc-default-executor-1] INFO  impl.VoteContext (VoteContext.java:log(48)) - fff18091-4bc4-4dc4-9e0e-c7b7b9f7a092@group-7D8C5C10C900-FOLLOWER: reject ELECTION from 0d23f380-5b64-4336-bea7-d12bd7eaa710: already has voted for 46189feb-569c-4e6f-be55-dc7298009a0b at current term 7
2021-09-22 01:10:02,899 [grpc-default-executor-1] INFO  server.RaftServer$Division (RaftServerImpl.java:requestVote(1075)) - fff18091-4bc4-4dc4-9e0e-c7b7b9f7a092@group-7D8C5C10C900 replies to ELECTION vote request: 0d23f380-5b64-4336-bea7-d12bd7eaa710<-fff18091-4bc4-4dc4-9e0e-c7b7b9f7a092#0:FAIL-t7. Peer's state: fff18091-4bc4-4dc4-9e0e-c7b7b9f7a092@group-7D8C5C10C900:t7, leader=null, voted=46189feb-569c-4e6f-be55-dc7298009a0b, raftlog=fff18091-4bc4-4dc4-9e0e-c7b7b9f7a092@group-7D8C5C10C900-SegmentedRaftLog:OPENED:c-1,f-1,i0, conf=-1: [0d23f380-5b64-4336-bea7-d12bd7eaa710|rpc:10.1.0.5:40155|priority:0, 46189feb-569c-4e6f-be55-dc7298009a0b|rpc:10.1.0.5:40371|priority:1, fff18091-4bc4-4dc4-9e0e-c7b7b9f7a092|rpc:10.1.0.5:43419|priority:0], old=null
2021-09-22 01:10:02,914 [46189feb-569c-4e6f-be55-dc7298009a0b@group-7D8C5C10C900-LeaderElection32] INFO  impl.LeaderElection (LeaderElection.java:logAndReturn(89)) - 46189feb-569c-4e6f-be55-dc7298009a0b@group-7D8C5C10C900-LeaderElection32: ELECTION PASSED received 2 response(s) and 0 exception(s):
2021-09-22 01:10:02,914 [46189feb-569c-4e6f-be55-dc7298009a0b@group-7D8C5C10C900-LeaderElection32] INFO  impl.LeaderElection (LeaderElection.java:logAndReturn(93)) -   Response 0: 46189feb-569c-4e6f-be55-dc7298009a0b<-0d23f380-5b64-4336-bea7-d12bd7eaa710#0:FAIL-t7
2021-09-22 01:10:02,914 [46189feb-569c-4e6f-be55-dc7298009a0b@group-7D8C5C10C900-LeaderElection32] INFO  impl.LeaderElection (LeaderElection.java:logAndReturn(93)) -   Response 1: 46189feb-569c-4e6f-be55-dc7298009a0b<-fff18091-4bc4-4dc4-9e0e-c7b7b9f7a092#0:OK-t7
2021-09-22 01:10:02,914 [46189feb-569c-4e6f-be55-dc7298009a0b@group-7D8C5C10C900-LeaderElection32] INFO  impl.LeaderElection (LeaderElection.java:askForVotes(308)) - 46189feb-569c-4e6f-be55-dc7298009a0b@group-7D8C5C10C900-LeaderElection32 ELECTION round 0: result PASSED
2021-09-22 01:10:02,914 [46189feb-569c-4e6f-be55-dc7298009a0b@group-7D8C5C10C900-LeaderElection32] INFO  impl.RoleInfo (RoleInfo.java:shutdownLeaderElection(121)) - 46189feb-569c-4e6f-be55-dc7298009a0b: shutdown 46189feb-569c-4e6f-be55-dc7298009a0b@group-7D8C5C10C900-LeaderElection32
2021-09-22 01:10:02,914 [46189feb-569c-4e6f-be55-dc7298009a0b@group-7D8C5C10C900-LeaderElection32] INFO  server.RaftServer$Division (RaftServerImpl.java:setRole(285)) - 46189feb-569c-4e6f-be55-dc7298009a0b@group-7D8C5C10C900: changes role from CANDIDATE to LEADER at term 7 for changeToLeader
2021-09-22 01:10:02,914 [46189feb-569c-4e6f-be55-dc7298009a0b@group-7D8C5C10C900-LeaderElection32] INFO  ratis.XceiverServerRatis (XceiverServerRatis.java:handleLeaderChangedNotification(860)) - Leader change notification received for group: group-7D8C5C10C900 with new leaderId: 46189feb-569c-4e6f-be55-dc7298009a0b
2021-09-22 01:10:02,914 [46189feb-569c-4e6f-be55-dc7298009a0b@group-7D8C5C10C900-LeaderElection32] INFO  server.RaftServer$Division (ServerState.java:setLeader(285)) - 46189feb-569c-4e6f-be55-dc7298009a0b@group-7D8C5C10C900: change Leader from null to 46189feb-569c-4e6f-be55-dc7298009a0b at term 7 for becomeLeader, leader elected after 35673ms
2021-09-22 01:10:02,914 [46189feb-569c-4e6f-be55-dc7298009a0b@group-7D8C5C10C900-LeaderElection32] INFO  server.RaftServerConfigKeys (ConfUtils.java:logGet(44)) - raft.server.staging.catchup.gap = 1000 (default)
2021-09-22 01:10:02,915 [46189feb-569c-4e6f-be55-dc7298009a0b@group-7D8C5C10C900-LeaderElection32] INFO  server.RaftServerConfigKeys (ConfUtils.java:logGet(44)) - raft.server.write.element-limit = 1024 (custom)
2021-09-22 01:10:02,915 [46189feb-569c-4e6f-be55-dc7298009a0b@group-7D8C5C10C900-LeaderElection32] INFO  server.RaftServerConfigKeys (ConfUtils.java:logGet(44)) - raft.server.write.byte-limit = 1024 M (=1073741824) (custom)
2021-09-22 01:10:02,915 [Datanode State Machine Thread - 0] WARN  statemachine.StateContext (StateContext.java:execute(621)) - No available thread in pool for past 1 seconds.
2021-09-22 01:10:02,915 [46189feb-569c-4e6f-be55-dc7298009a0b@group-7D8C5C10C900-LeaderElection32] INFO  server.RaftServerConfigKeys (ConfUtils.java:logGet(44)) - raft.server.watch.timeout = 3000ms (custom)
2021-09-22 01:10:02,915 [46189feb-569c-4e6f-be55-dc7298009a0b@group-7D8C5C10C900-LeaderElection32] INFO  server.RaftServerConfigKeys (ConfUtils.java:logGet(44)) - raft.server.watch.timeout.denomination = 1s (default)
2021-09-22 01:10:02,916 [46189feb-569c-4e6f-be55-dc7298009a0b@group-7D8C5C10C900-LeaderElection32] INFO  server.RaftServerConfigKeys (ConfUtils.java:logGet(44)) - raft.server.watch.element-limit = 65536 (default)
2021-09-22 01:10:02,916 [46189feb-569c-4e6f-be55-dc7298009a0b@group-7D8C5C10C900-LeaderElection32] INFO  server.RaftServerConfigKeys (ConfUtils.java:logGet(44)) - raft.server.log.appender.snapshot.chunk.size.max = 16MB (=16777216) (default)
2021-09-22 01:10:02,916 [46189feb-569c-4e6f-be55-dc7298009a0b@group-7D8C5C10C900-LeaderElection32] INFO  server.RaftServerConfigKeys (ConfUtils.java:logGet(44)) - raft.server.log.appender.buffer.byte-limit = 33554432 (custom)
2021-09-22 01:10:02,916 [46189feb-569c-4e6f-be55-dc7298009a0b@group-7D8C5C10C900-LeaderElection32] INFO  server.RaftServerConfigKeys (ConfUtils.java:logGet(44)) - raft.server.log.appender.buffer.element-limit = 1 (custom)
2021-09-22 01:10:02,916 [46189feb-569c-4e6f-be55-dc7298009a0b@group-7D8C5C10C900-LeaderElection32] INFO  grpc.GrpcConfigKeys (ConfUtils.java:logGet(44)) - raft.grpc.server.leader.outstanding.appends.max = 128 (default)
2021-09-22 01:10:02,916 [46189feb-569c-4e6f-be55-dc7298009a0b@group-7D8C5C10C900-LeaderElection32] INFO  server.RaftServerConfigKeys (ConfUtils.java:logGet(44)) - raft.server.rpc.request.timeout = 3000ms (default)
2021-09-22 01:10:02,916 [46189feb-569c-4e6f-be55-dc7298009a0b@group-7D8C5C10C900-LeaderElection32] INFO  server.RaftServerConfigKeys (ConfUtils.java:logGet(44)) - raft.server.log.appender.install.snapshot.enabled = false (custom)
2021-09-22 01:10:02,917 [EventQueue-PipelineReportForPipelineReportHandler] INFO  pipeline.PipelineManagerImpl (PipelineManagerImpl.java:openPipeline(282)) - Pipeline Pipeline[ Id: 4de357ff-d8b8-41d9-a7ee-7d8c5c10c900, Nodes: 46189feb-569c-4e6f-be55-dc7298009a0b{ip: 10.1.0.5, host: fv-az294-326.eaanfquahm5ulb5tj050gcxych.jx.internal.cloudapp.net, ports: [REPLICATION=45851, RATIS=40371, RATIS_ADMIN=40371, RATIS_SERVER=40371, STANDALONE=40153], networkLocation: /default-rack, certSerialId: null, persistedOpState: IN_SERVICE, persistedOpStateExpiryEpochSec: 0}fff18091-4bc4-4dc4-9e0e-c7b7b9f7a092{ip: 10.1.0.5, host: fv-az294-326.eaanfquahm5ulb5tj050gcxych.jx.internal.cloudapp.net, ports: [REPLICATION=42601, RATIS=43419, RATIS_ADMIN=43419, RATIS_SERVER=43419, STANDALONE=44117], networkLocation: /default-rack, certSerialId: null, persistedOpState: IN_SERVICE, persistedOpStateExpiryEpochSec: 0}0d23f380-5b64-4336-bea7-d12bd7eaa710{ip: 10.1.0.5, host: fv-az294-326.eaanfquahm5ulb5tj050gcxych.jx.internal.cloudapp.net, ports: [REPLICATION=43925, RATIS=40155, RATIS_ADMIN=40155, RATIS_SERVER=40155, STANDALONE=43011], networkLocation: /default-rack, certSerialId: null, persistedOpState: IN_SERVICE, persistedOpStateExpiryEpochSec: 0}, ReplicationConfig: RATIS/THREE, State:ALLOCATED, leaderId:46189feb-569c-4e6f-be55-dc7298009a0b, CreationTimestamp2021-09-22T01:09:24.489Z[Etc/UTC]] moved to OPEN state
2021-09-22 01:10:02,918 [46189feb-569c-4e6f-be55-dc7298009a0b@group-7D8C5C10C900-LeaderElection32] INFO  server.RaftServerConfigKeys (ConfUtils.java:logGet(44)) - raft.server.log.appender.snapshot.chunk.size.max = 16MB (=16777216) (default)
2021-09-22 01:10:02,918 [46189feb-569c-4e6f-be55-dc7298009a0b@group-7D8C5C10C900-LeaderElection32] INFO  server.RaftServerConfigKeys (ConfUtils.java:logGet(44)) - raft.server.log.appender.buffer.byte-limit = 33554432 (custom)
2021-09-22 01:10:02,918 [46189feb-569c-4e6f-be55-dc7298009a0b@group-7D8C5C10C900-LeaderElection32] INFO  server.RaftServerConfigKeys (ConfUtils.java:logGet(44)) - raft.server.log.appender.buffer.element-limit = 1 (custom)
2021-09-22 01:10:02,918 [46189feb-569c-4e6f-be55-dc7298009a0b@group-7D8C5C10C900-LeaderElection32] INFO  grpc.GrpcConfigKeys (ConfUtils.java:logGet(44)) - raft.grpc.server.leader.outstanding.appends.max = 128 (default)
2021-09-22 01:10:02,918 [46189feb-569c-4e6f-be55-dc7298009a0b@group-7D8C5C10C900-LeaderElection32] INFO  server.RaftServerConfigKeys (ConfUtils.java:logGet(44)) - raft.server.rpc.request.timeout = 3000ms (default)
2021-09-22 01:10:02,918 [46189feb-569c-4e6f-be55-dc7298009a0b@group-7D8C5C10C900-LeaderElection32] INFO  server.RaftServerConfigKeys (ConfUtils.java:logGet(44)) - raft.server.log.appender.install.snapshot.enabled = false (custom)
2021-09-22 01:10:02,919 [46189feb-569c-4e6f-be55-dc7298009a0b@group-7D8C5C10C900-LeaderElection32] INFO  impl.RoleInfo (RoleInfo.java:updateAndGet(130)) - 46189feb-569c-4e6f-be55-dc7298009a0b: start 46189feb-569c-4e6f-be55-dc7298009a0b@group-7D8C5C10C900-LeaderStateImpl
2021-09-22 01:10:02,919 [46189feb-569c-4e6f-be55-dc7298009a0b@group-7D8C5C10C900-LeaderElection32] INFO  segmented.SegmentedRaftLogWorker (SegmentedRaftLogWorker.java:startLogSegment(394)) - 46189feb-569c-4e6f-be55-dc7298009a0b@group-7D8C5C10C900-SegmentedRaftLogWorker: Starting segment from index:0
2021-09-22 01:10:02,920 [46189feb-569c-4e6f-be55-dc7298009a0b@group-7D8C5C10C900-SegmentedRaftLogWorker] INFO  segmented.SegmentedRaftLogWorker (SegmentedRaftLogWorker.java:execute(601)) - 46189feb-569c-4e6f-be55-dc7298009a0b@group-7D8C5C10C900-SegmentedRaftLogWorker: created new log segment /home/runner/work/ozone/ozone/hadoop-ozone/integration-test/target/test-dir/MiniOzoneClusterImpl-25acc1c1-a8f2-4117-88d4-9d8f1e28eca9/datanode-4/data/ratis/4de357ff-d8b8-41d9-a7ee-7d8c5c10c900/current/log_inprogress_0
2021-09-22 01:10:02,924 [fff18091-4bc4-4dc4-9e0e-c7b7b9f7a092@group-364F2152D5CE-FollowerState] INFO  impl.FollowerState (FollowerState.java:run(134)) - fff18091-4bc4-4dc4-9e0e-c7b7b9f7a092@group-364F2152D5CE-FollowerState: change to CANDIDATE, lastRpcElapsedTime:5042166711ns, electionTimeout:5037ms
2021-09-22 01:10:02,924 [fff18091-4bc4-4dc4-9e0e-c7b7b9f7a092@group-364F2152D5CE-FollowerState] INFO  impl.RoleInfo (RoleInfo.java:shutdownFollowerState(108)) - fff18091-4bc4-4dc4-9e0e-c7b7b9f7a092: shutdown fff18091-4bc4-4dc4-9e0e-c7b7b9f7a092@group-364F2152D5CE-FollowerState
2021-09-22 01:10:02,924 [fff18091-4bc4-4dc4-9e0e-c7b7b9f7a092@group-364F2152D5CE-FollowerState] INFO  server.RaftServer$Division (RaftServerImpl.java:setRole(285)) - fff18091-4bc4-4dc4-9e0e-c7b7b9f7a092@group-364F2152D5CE: changes role from  FOLLOWER to CANDIDATE at term 6 for changeToCandidate
2021-09-22 01:10:02,945 [fff18091-4bc4-4dc4-9e0e-c7b7b9f7a092@group-364F2152D5CE-FollowerState] INFO  server.RaftServerConfigKeys (ConfUtils.java:logGet(44)) - raft.server.leaderelection.pre-vote = false (custom)
2021-09-22 01:10:02,946 [fff18091-4bc4-4dc4-9e0e-c7b7b9f7a092@group-364F2152D5CE-FollowerState] INFO  impl.RoleInfo (RoleInfo.java:updateAndGet(130)) - fff18091-4bc4-4dc4-9e0e-c7b7b9f7a092: start fff18091-4bc4-4dc4-9e0e-c7b7b9f7a092@group-364F2152D5CE-LeaderElection34
2021-09-22 01:10:02,958 [46189feb-569c-4e6f-be55-dc7298009a0b@group-7D8C5C10C900-LeaderElection32] INFO  server.RaftServer$Division (ServerState.java:setRaftConf(387)) - 46189feb-569c-4e6f-be55-dc7298009a0b@group-7D8C5C10C900: set configuration 0: [0d23f380-5b64-4336-bea7-d12bd7eaa710|rpc:10.1.0.5:40155|dataStream:|priority:0, 46189feb-569c-4e6f-be55-dc7298009a0b|rpc:10.1.0.5:40371|dataStream:|priority:1, fff18091-4bc4-4dc4-9e0e-c7b7b9f7a092|rpc:10.1.0.5:43419|dataStream:|priority:0], old=null
2021-09-22 01:10:02,973 [grpc-default-executor-1] INFO  ratis.XceiverServerRatis (XceiverServerRatis.java:handleLeaderChangedNotification(860)) - Leader change notification received for group: group-7D8C5C10C900 with new leaderId: 46189feb-569c-4e6f-be55-dc7298009a0b
2021-09-22 01:10:02,974 [grpc-default-executor-1] INFO  server.RaftServer$Division (ServerState.java:setLeader(285)) - 0d23f380-5b64-4336-bea7-d12bd7eaa710@group-7D8C5C10C900: change Leader from null to 46189feb-569c-4e6f-be55-dc7298009a0b at term 7 for appendEntries, leader elected after 35700ms
2021-09-22 01:10:02,975 [fff18091-4bc4-4dc4-9e0e-c7b7b9f7a092@group-364F2152D5CE-LeaderElection34] INFO  impl.LeaderElection (LeaderElection.java:askForVotes(306)) - fff18091-4bc4-4dc4-9e0e-c7b7b9f7a092@group-364F2152D5CE-LeaderElection34 ELECTION round 0: submit vote requests at term 7 for -1: [0d23f380-5b64-4336-bea7-d12bd7eaa710|rpc:10.1.0.5:40155|priority:1, 46189feb-569c-4e6f-be55-dc7298009a0b|rpc:10.1.0.5:40371|priority:0, fff18091-4bc4-4dc4-9e0e-c7b7b9f7a092|rpc:10.1.0.5:43419|priority:0], old=null
2021-09-22 01:10:02,975 [grpc-default-executor-0] INFO  ratis.XceiverServerRatis (XceiverServerRatis.java:handleLeaderChangedNotification(860)) - Leader change notification received for group: group-7D8C5C10C900 with new leaderId: 46189feb-569c-4e6f-be55-dc7298009a0b
2021-09-22 01:10:02,975 [grpc-default-executor-0] INFO  server.RaftServer$Division (ServerState.java:setLeader(285)) - fff18091-4bc4-4dc4-9e0e-c7b7b9f7a092@group-7D8C5C10C900: change Leader from null to 46189feb-569c-4e6f-be55-dc7298009a0b at term 7 for appendEntries, leader elected after 35760ms
2021-09-22 01:10:02,985 [grpc-default-executor-1] INFO  server.RaftServer$Division (ServerState.java:setRaftConf(387)) - 0d23f380-5b64-4336-bea7-d12bd7eaa710@group-7D8C5C10C900: set configuration 0: [0d23f380-5b64-4336-bea7-d12bd7eaa710|rpc:10.1.0.5:40155|dataStream:|priority:0, 46189feb-569c-4e6f-be55-dc7298009a0b|rpc:10.1.0.5:40371|dataStream:|priority:1, fff18091-4bc4-4dc4-9e0e-c7b7b9f7a092|rpc:10.1.0.5:43419|dataStream:|priority:0], old=null
2021-09-22 01:10:02,985 [grpc-default-executor-1] INFO  segmented.SegmentedRaftLogWorker (SegmentedRaftLogWorker.java:startLogSegment(394)) - 0d23f380-5b64-4336-bea7-d12bd7eaa710@group-7D8C5C10C900-SegmentedRaftLogWorker: Starting segment from index:0
2021-09-22 01:10:02,985 [grpc-default-executor-0] INFO  server.RaftServer$Division (ServerState.java:setRaftConf(387)) - fff18091-4bc4-4dc4-9e0e-c7b7b9f7a092@group-7D8C5C10C900: set configuration 0: [0d23f380-5b64-4336-bea7-d12bd7eaa710|rpc:10.1.0.5:40155|dataStream:|priority:0, 46189feb-569c-4e6f-be55-dc7298009a0b|rpc:10.1.0.5:40371|dataStream:|priority:1, fff18091-4bc4-4dc4-9e0e-c7b7b9f7a092|rpc:10.1.0.5:43419|dataStream:|priority:0], old=null
2021-09-22 01:10:02,986 [grpc-default-executor-0] INFO  segmented.SegmentedRaftLogWorker (SegmentedRaftLogWorker.java:startLogSegment(394)) - fff18091-4bc4-4dc4-9e0e-c7b7b9f7a092@group-7D8C5C10C900-SegmentedRaftLogWorker: Starting segment from index:0
2021-09-22 01:10:02,986 [0d23f380-5b64-4336-bea7-d12bd7eaa710@group-7D8C5C10C900-SegmentedRaftLogWorker] INFO  segmented.SegmentedRaftLogWorker (SegmentedRaftLogWorker.java:execute(601)) - 0d23f380-5b64-4336-bea7-d12bd7eaa710@group-7D8C5C10C900-SegmentedRaftLogWorker: created new log segment /home/runner/work/ozone/ozone/hadoop-ozone/integration-test/target/test-dir/MiniOzoneClusterImpl-25acc1c1-a8f2-4117-88d4-9d8f1e28eca9/datanode-5/data/ratis/4de357ff-d8b8-41d9-a7ee-7d8c5c10c900/current/log_inprogress_0
2021-09-22 01:10:02,989 [fff18091-4bc4-4dc4-9e0e-c7b7b9f7a092@group-7D8C5C10C900-SegmentedRaftLogWorker] INFO  segmented.SegmentedRaftLogWorker (SegmentedRaftLogWorker.java:execute(601)) - fff18091-4bc4-4dc4-9e0e-c7b7b9f7a092@group-7D8C5C10C900-SegmentedRaftLogWorker: created new log segment /home/runner/work/ozone/ozone/hadoop-ozone/integration-test/target/test-dir/MiniOzoneClusterImpl-25acc1c1-a8f2-4117-88d4-9d8f1e28eca9/datanode-3/data/ratis/4de357ff-d8b8-41d9-a7ee-7d8c5c10c900/current/log_inprogress_0
2021-09-22 01:10:02,996 [grpc-default-executor-1] INFO  server.RaftServer$Division (RaftServerImpl.java:requestVote(1043)) - 0d23f380-5b64-4336-bea7-d12bd7eaa710@group-364F2152D5CE: receive requestVote(ELECTION, fff18091-4bc4-4dc4-9e0e-c7b7b9f7a092, group-364F2152D5CE, 7, (t:0, i:0))
2021-09-22 01:10:02,996 [grpc-default-executor-1] INFO  impl.VoteContext (VoteContext.java:log(48)) - 0d23f380-5b64-4336-bea7-d12bd7eaa710@group-364F2152D5CE-FOLLOWER: reject ELECTION from fff18091-4bc4-4dc4-9e0e-c7b7b9f7a092: our priority 1 > candidate's priority 0
2021-09-22 01:10:02,996 [grpc-default-executor-1] INFO  server.RaftServer$Division (RaftServerImpl.java:setRole(285)) - 0d23f380-5b64-4336-bea7-d12bd7eaa710@group-364F2152D5CE: changes role from  FOLLOWER to FOLLOWER at term 7 for candidate:fff18091-4bc4-4dc4-9e0e-c7b7b9f7a092
2021-09-22 01:10:02,996 [grpc-default-executor-1] INFO  impl.RoleInfo (RoleInfo.java:shutdownFollowerState(108)) - 0d23f380-5b64-4336-bea7-d12bd7eaa710: shutdown 0d23f380-5b64-4336-bea7-d12bd7eaa710@group-364F2152D5CE-FollowerState
2021-09-22 01:10:03,013 [grpc-default-executor-1] INFO  impl.RoleInfo (RoleInfo.java:updateAndGet(130)) - 0d23f380-5b64-4336-bea7-d12bd7eaa710: start 0d23f380-5b64-4336-bea7-d12bd7eaa710@group-364F2152D5CE-FollowerState
2021-09-22 01:10:03,013 [0d23f380-5b64-4336-bea7-d12bd7eaa710@group-364F2152D5CE-FollowerState] INFO  impl.FollowerState (FollowerState.java:run(143)) - 0d23f380-5b64-4336-bea7-d12bd7eaa710@group-364F2152D5CE-FollowerState was interrupted: {}
java.lang.InterruptedException: sleep interrupted
	at java.lang.Thread.sleep(Native Method)
	at java.lang.Thread.sleep(Thread.java:340)
	at java.util.concurrent.TimeUnit.sleep(TimeUnit.java:386)
	at org.apache.ratis.util.TimeDuration.sleep(TimeDuration.java:324)
	at org.apache.ratis.util.TimeDuration.sleep(TimeDuration.java:309)
	at org.apache.ratis.server.impl.FollowerState.run(FollowerState.java:118)
2021-09-22 01:10:03,015 [grpc-default-executor-0] INFO  server.RaftServer$Division (RaftServerImpl.java:requestVote(1043)) - 46189feb-569c-4e6f-be55-dc7298009a0b@group-364F2152D5CE: receive requestVote(ELECTION, fff18091-4bc4-4dc4-9e0e-c7b7b9f7a092, group-364F2152D5CE, 7, (t:0, i:0))
2021-09-22 01:10:03,015 [grpc-default-executor-0] INFO  impl.VoteContext (VoteContext.java:log(48)) - 46189feb-569c-4e6f-be55-dc7298009a0b@group-364F2152D5CE-FOLLOWER: accept ELECTION from fff18091-4bc4-4dc4-9e0e-c7b7b9f7a092: our priority 0 <= candidate's priority 0
2021-09-22 01:10:03,015 [grpc-default-executor-0] INFO  server.RaftServer$Division (RaftServerImpl.java:setRole(285)) - 46189feb-569c-4e6f-be55-dc7298009a0b@group-364F2152D5CE: changes role from  FOLLOWER to FOLLOWER at term 7 for candidate:fff18091-4bc4-4dc4-9e0e-c7b7b9f7a092
2021-09-22 01:10:03,015 [grpc-default-executor-0] INFO  impl.RoleInfo (RoleInfo.java:shutdownFollowerState(108)) - 46189feb-569c-4e6f-be55-dc7298009a0b: shutdown 46189feb-569c-4e6f-be55-dc7298009a0b@group-364F2152D5CE-FollowerState
2021-09-22 01:10:03,018 [46189feb-569c-4e6f-be55-dc7298009a0b@group-364F2152D5CE-FollowerState] INFO  impl.FollowerState (FollowerState.java:run(143)) - 46189feb-569c-4e6f-be55-dc7298009a0b@group-364F2152D5CE-FollowerState was interrupted: {}
java.lang.InterruptedException: sleep interrupted
	at java.lang.Thread.sleep(Native Method)
	at java.lang.Thread.sleep(Thread.java:340)
	at java.util.concurrent.TimeUnit.sleep(TimeUnit.java:386)
	at org.apache.ratis.util.TimeDuration.sleep(TimeDuration.java:324)
	at org.apache.ratis.util.TimeDuration.sleep(TimeDuration.java:309)
	at org.apache.ratis.server.impl.FollowerState.run(FollowerState.java:118)
2021-09-22 01:10:03,018 [grpc-default-executor-0] INFO  impl.RoleInfo (RoleInfo.java:updateAndGet(130)) - 46189feb-569c-4e6f-be55-dc7298009a0b: start 46189feb-569c-4e6f-be55-dc7298009a0b@group-364F2152D5CE-FollowerState
2021-09-22 01:10:03,019 [grpc-default-executor-1] INFO  server.RaftServer$Division (RaftServerImpl.java:requestVote(1075)) - 0d23f380-5b64-4336-bea7-d12bd7eaa710@group-364F2152D5CE replies to ELECTION vote request: fff18091-4bc4-4dc4-9e0e-c7b7b9f7a092<-0d23f380-5b64-4336-bea7-d12bd7eaa710#0:FAIL-t7. Peer's state: 0d23f380-5b64-4336-bea7-d12bd7eaa710@group-364F2152D5CE:t7, leader=null, voted=null, raftlog=0d23f380-5b64-4336-bea7-d12bd7eaa710@group-364F2152D5CE-SegmentedRaftLog:OPENED:c-1,f-1,i0, conf=-1: [0d23f380-5b64-4336-bea7-d12bd7eaa710|rpc:10.1.0.5:40155|dataStream:|priority:1, 46189feb-569c-4e6f-be55-dc7298009a0b|rpc:10.1.0.5:40371|dataStream:|priority:0, fff18091-4bc4-4dc4-9e0e-c7b7b9f7a092|rpc:10.1.0.5:43419|dataStream:|priority:0], old=null
2021-09-22 01:10:03,026 [fff18091-4bc4-4dc4-9e0e-c7b7b9f7a092@group-364F2152D5CE-LeaderElection34] INFO  impl.LeaderElection (LeaderElection.java:logAndReturn(89)) - fff18091-4bc4-4dc4-9e0e-c7b7b9f7a092@group-364F2152D5CE-LeaderElection34: ELECTION REJECTED received 1 response(s) and 0 exception(s):
2021-09-22 01:10:03,026 [fff18091-4bc4-4dc4-9e0e-c7b7b9f7a092@group-364F2152D5CE-LeaderElection34] INFO  impl.LeaderElection (LeaderElection.java:logAndReturn(93)) -   Response 0: fff18091-4bc4-4dc4-9e0e-c7b7b9f7a092<-0d23f380-5b64-4336-bea7-d12bd7eaa710#0:FAIL-t7
2021-09-22 01:10:03,026 [fff18091-4bc4-4dc4-9e0e-c7b7b9f7a092@group-364F2152D5CE-LeaderElection34] INFO  impl.LeaderElection (LeaderElection.java:askForVotes(308)) - fff18091-4bc4-4dc4-9e0e-c7b7b9f7a092@group-364F2152D5CE-LeaderElection34 ELECTION round 0: result REJECTED
2021-09-22 01:10:03,026 [fff18091-4bc4-4dc4-9e0e-c7b7b9f7a092@group-364F2152D5CE-LeaderElection34] INFO  server.RaftServer$Division (RaftServerImpl.java:setRole(285)) - fff18091-4bc4-4dc4-9e0e-c7b7b9f7a092@group-364F2152D5CE: changes role from CANDIDATE to FOLLOWER at term 7 for REJECTED
2021-09-22 01:10:03,026 [fff18091-4bc4-4dc4-9e0e-c7b7b9f7a092@group-364F2152D5CE-LeaderElection34] INFO  impl.RoleInfo (RoleInfo.java:shutdownLeaderElection(121)) - fff18091-4bc4-4dc4-9e0e-c7b7b9f7a092: shutdown fff18091-4bc4-4dc4-9e0e-c7b7b9f7a092@group-364F2152D5CE-LeaderElection34
2021-09-22 01:10:03,026 [fff18091-4bc4-4dc4-9e0e-c7b7b9f7a092@group-364F2152D5CE-LeaderElection34] INFO  impl.RoleInfo (RoleInfo.java:updateAndGet(130)) - fff18091-4bc4-4dc4-9e0e-c7b7b9f7a092: start fff18091-4bc4-4dc4-9e0e-c7b7b9f7a092@group-364F2152D5CE-FollowerState
2021-09-22 01:10:03,026 [grpc-default-executor-0] INFO  server.RaftServer$Division (RaftServerImpl.java:requestVote(1075)) - 46189feb-569c-4e6f-be55-dc7298009a0b@group-364F2152D5CE replies to ELECTION vote request: fff18091-4bc4-4dc4-9e0e-c7b7b9f7a092<-46189feb-569c-4e6f-be55-dc7298009a0b#0:OK-t7. Peer's state: 46189feb-569c-4e6f-be55-dc7298009a0b@group-364F2152D5CE:t7, leader=null, voted=fff18091-4bc4-4dc4-9e0e-c7b7b9f7a092, raftlog=46189feb-569c-4e6f-be55-dc7298009a0b@group-364F2152D5CE-SegmentedRaftLog:OPENED:c-1,f-1,i0, conf=-1: [0d23f380-5b64-4336-bea7-d12bd7eaa710|rpc:10.1.0.5:40155|dataStream:|priority:1, 46189feb-569c-4e6f-be55-dc7298009a0b|rpc:10.1.0.5:40371|dataStream:|priority:0, fff18091-4bc4-4dc4-9e0e-c7b7b9f7a092|rpc:10.1.0.5:43419|dataStream:|priority:0], old=null
2021-09-22 01:10:03,446 [grpc-default-executor-0] WARN  server.GrpcLogAppender (LogUtils.java:warn(122)) - e58ea0e2-171c-4fa7-a930-6c25c8dc249c@group-35C0DBF8B3D5->9a2eaa79-e95b-45cd-b00f-a46126e2769a-AppendLogResponseHandler: Failed appendEntries: org.apache.ratis.thirdparty.io.grpc.StatusRuntimeException: UNAVAILABLE: io exception
2021-09-22 01:10:03,447 [grpc-default-executor-0] WARN  server.GrpcLogAppender (GrpcLogAppender.java:resetClient(111)) - e58ea0e2-171c-4fa7-a930-6c25c8dc249c@group-35C0DBF8B3D5->9a2eaa79-e95b-45cd-b00f-a46126e2769a-GrpcLogAppender: Leader has not got in touch with Follower e58ea0e2-171c-4fa7-a930-6c25c8dc249c@group-35C0DBF8B3D5->9a2eaa79-e95b-45cd-b00f-a46126e2769a(c-1,m0,n1, attendVote=true, lastRpcSendTime=0, lastRpcResponseTime=7725) yet, just keep nextIndex unchanged and retry.
2021-09-22 01:10:05,661 [EventQueue-DeadNodeForDeadNodeHandler] INFO  node.DeadNodeHandler (DeadNodeHandler.java:onMessage(80)) - A dead datanode is detected. 9a2eaa79-e95b-45cd-b00f-a46126e2769a{ip: 10.1.0.5, host: fv-az294-326.eaanfquahm5ulb5tj050gcxych.jx.internal.cloudapp.net, ports: [REPLICATION=43617, RATIS=42817, RATIS_ADMIN=42817, RATIS_SERVER=42817, STANDALONE=35193], networkLocation: /default-rack, certSerialId: null, persistedOpState: IN_SERVICE, persistedOpStateExpiryEpochSec: 0}
2021-09-22 01:10:05,662 [EventQueue-DeadNodeForDeadNodeHandler] INFO  pipeline.RatisPipelineProvider (RatisPipelineProvider.java:lambda$close$1(222)) - Send pipeline:PipelineID=5c5e0d86-4a81-4250-84df-c2dc2de858e1 close command to datanode 9a2eaa79-e95b-45cd-b00f-a46126e2769a
2021-09-22 01:10:05,662 [EventQueue-DeadNodeForDeadNodeHandler] INFO  pipeline.PipelineStateManager (PipelineStateManagerV2Impl.java:removePipeline(211)) - Pipeline Pipeline[ Id: 5c5e0d86-4a81-4250-84df-c2dc2de858e1, Nodes: 9a2eaa79-e95b-45cd-b00f-a46126e2769a{ip: 10.1.0.5, host: fv-az294-326.eaanfquahm5ulb5tj050gcxych.jx.internal.cloudapp.net, ports: [REPLICATION=43617, RATIS=42817, RATIS_ADMIN=42817, RATIS_SERVER=42817, STANDALONE=35193], networkLocation: /default-rack, certSerialId: null, persistedOpState: IN_SERVICE, persistedOpStateExpiryEpochSec: 0}, ReplicationConfig: RATIS/ONE, State:CLOSED, leaderId:9a2eaa79-e95b-45cd-b00f-a46126e2769a, CreationTimestamp2021-09-22T01:09:23.885Z[Etc/UTC]] removed.
2021-09-22 01:10:05,662 [EventQueue-DeadNodeForDeadNodeHandler] INFO  pipeline.RatisPipelineProvider (RatisPipelineProvider.java:lambda$close$1(222)) - Send pipeline:PipelineID=1d294895-3a97-4125-9ae0-35c0dbf8b3d5 close command to datanode e58ea0e2-171c-4fa7-a930-6c25c8dc249c
2021-09-22 01:10:05,662 [EventQueue-DeadNodeForDeadNodeHandler] INFO  pipeline.RatisPipelineProvider (RatisPipelineProvider.java:lambda$close$1(222)) - Send pipeline:PipelineID=1d294895-3a97-4125-9ae0-35c0dbf8b3d5 close command to datanode 9a2eaa79-e95b-45cd-b00f-a46126e2769a
2021-09-22 01:10:05,662 [EventQueue-DeadNodeForDeadNodeHandler] INFO  pipeline.RatisPipelineProvider (RatisPipelineProvider.java:lambda$close$1(222)) - Send pipeline:PipelineID=1d294895-3a97-4125-9ae0-35c0dbf8b3d5 close command to datanode 1846ff5f-c0f8-47b1-8bb5-c6f8d49a7778
2021-09-22 01:10:05,662 [EventQueue-DeadNodeForDeadNodeHandler] INFO  pipeline.PipelineStateManager (PipelineStateManagerV2Impl.java:removePipeline(211)) - Pipeline Pipeline[ Id: 1d294895-3a97-4125-9ae0-35c0dbf8b3d5, Nodes: e58ea0e2-171c-4fa7-a930-6c25c8dc249c{ip: 10.1.0.5, host: fv-az294-326.eaanfquahm5ulb5tj050gcxych.jx.internal.cloudapp.net, ports: [REPLICATION=44987, RATIS=36231, RATIS_ADMIN=36231, RATIS_SERVER=36231, STANDALONE=33533], networkLocation: /default-rack, certSerialId: null, persistedOpState: IN_SERVICE, persistedOpStateExpiryEpochSec: 0}9a2eaa79-e95b-45cd-b00f-a46126e2769a{ip: 10.1.0.5, host: fv-az294-326.eaanfquahm5ulb5tj050gcxych.jx.internal.cloudapp.net, ports: [REPLICATION=43617, RATIS=42817, RATIS_ADMIN=42817, RATIS_SERVER=42817, STANDALONE=35193], networkLocation: /default-rack, certSerialId: null, persistedOpState: IN_SERVICE, persistedOpStateExpiryEpochSec: 0}1846ff5f-c0f8-47b1-8bb5-c6f8d49a7778{ip: 10.1.0.5, host: fv-az294-326.eaanfquahm5ulb5tj050gcxych.jx.internal.cloudapp.net, ports: [REPLICATION=35635, RATIS=36461, RATIS_ADMIN=36461, RATIS_SERVER=36461, STANDALONE=45231], networkLocation: /default-rack, certSerialId: null, persistedOpState: IN_SERVICE, persistedOpStateExpiryEpochSec: 0}, ReplicationConfig: RATIS/THREE, State:CLOSED, leaderId:e58ea0e2-171c-4fa7-a930-6c25c8dc249c, CreationTimestamp2021-09-22T01:09:54.102Z[Etc/UTC]] removed.
2021-09-22 01:10:05,662 [EventQueue-DeadNodeForDeadNodeHandler] INFO  net.NetworkTopologyImpl (NetworkTopologyImpl.java:remove(137)) - Removed a node: /default-rack/9a2eaa79-e95b-45cd-b00f-a46126e2769a
2021-09-22 01:10:05,723 [IPC Server handler 0 on default port 35859] WARN  pipeline.WritableRatisContainerProvider (WritableRatisContainerProvider.java:getContainer(125)) - Pipeline creation failed for repConfig RATIS/THREE Datanodes may be used up.
org.apache.hadoop.hdds.scm.pipeline.PipelineNotFoundException: Pipeline PipelineID=1d294895-3a97-4125-9ae0-35c0dbf8b3d5 cannot be found
	at org.apache.hadoop.hdds.scm.pipeline.PipelineManagerImpl.waitPipelineReady(PipelineManagerImpl.java:480)
	at org.apache.hadoop.hdds.scm.pipeline.WritableRatisContainerProvider.getContainer(WritableRatisContainerProvider.java:122)
	at org.apache.hadoop.hdds.scm.pipeline.WritableContainerFactory.getContainer(WritableContainerFactory.java:52)
	at org.apache.hadoop.hdds.scm.block.BlockManagerImpl.allocateBlock(BlockManagerImpl.java:176)
	at org.apache.hadoop.hdds.scm.server.SCMBlockProtocolServer.allocateBlock(SCMBlockProtocolServer.java:194)
	at org.apache.hadoop.hdds.scm.protocol.ScmBlockLocationProtocolServerSideTranslatorPB.allocateScmBlock(ScmBlockLocationProtocolServerSideTranslatorPB.java:180)
	at org.apache.hadoop.hdds.scm.protocol.ScmBlockLocationProtocolServerSideTranslatorPB.processMessage(ScmBlockLocationProtocolServerSideTranslatorPB.java:130)
	at org.apache.hadoop.hdds.server.OzoneProtocolMessageDispatcher.processRequest(OzoneProtocolMessageDispatcher.java:87)
	at org.apache.hadoop.hdds.scm.protocol.ScmBlockLocationProtocolServerSideTranslatorPB.send(ScmBlockLocationProtocolServerSideTranslatorPB.java:112)
	at org.apache.hadoop.hdds.protocol.proto.ScmBlockLocationProtocolProtos$ScmBlockLocationProtocolService$2.callBlockingMethod(ScmBlockLocationProtocolProtos.java:13937)
	at org.apache.hadoop.ipc.ProtobufRpcEngine$Server.processCall(ProtobufRpcEngine.java:466)
	at org.apache.hadoop.ipc.ProtobufRpcEngine2$Server$ProtoBufRpcInvoker.call(ProtobufRpcEngine2.java:574)
	at org.apache.hadoop.ipc.ProtobufRpcEngine2$Server$ProtoBufRpcInvoker.call(ProtobufRpcEngine2.java:552)
	at org.apache.hadoop.ipc.RPC$Server.call(RPC.java:1093)
	at org.apache.hadoop.ipc.Server$RpcCall.run(Server.java:1035)
	at org.apache.hadoop.ipc.Server$RpcCall.run(Server.java:963)
	at java.security.AccessController.doPrivileged(Native Method)
	at javax.security.auth.Subject.doAs(Subject.java:422)
	at org.apache.hadoop.security.UserGroupInformation.doAs(UserGroupInformation.java:1878)
	at org.apache.hadoop.ipc.Server$Handler.run(Server.java:2966)
2021-09-22 01:10:05,723 [IPC Server handler 0 on default port 35859] ERROR pipeline.WritableRatisContainerProvider (WritableRatisContainerProvider.java:getContainer(164)) - Unable to allocate a block for the size: 800, repConfig: RATIS/THREE
2021-09-22 01:10:05,723 [IPC Server handler 0 on default port 35859] ERROR block.BlockManagerImpl (BlockManagerImpl.java:allocateBlock(184)) - Unable to allocate a block for the size: 800, replicationConfig: RATIS/THREE
2021-09-22 01:10:05,728 [Listener at 127.0.0.1/44817] INFO  ozone.MiniOzoneClusterImpl (MiniOzoneClusterImpl.java:shutdown(453)) - Shutting down the Mini Ozone Cluster
2021-09-22 01:10:05,729 [Listener at 127.0.0.1/44817] INFO  ozone.MiniOzoneClusterImpl (MiniOzoneClusterImpl.java:stop(468)) - Stopping the Mini Ozone Cluster
2021-09-22 01:10:05,729 [Listener at 127.0.0.1/44817] INFO  ozone.MiniOzoneClusterImpl (MiniOzoneClusterImpl.java:stopOM(550)) - Stopping the OzoneManager
2021-09-22 01:10:05,729 [Listener at 127.0.0.1/44817] INFO  om.OzoneManager (OzoneManager.java:stop(1644)) - Stopping Ozone Manager
2021-09-22 01:10:05,730 [Listener at 127.0.0.1/44817] INFO  ipc.Server (Server.java:stop(3414)) - Stopping server on 44817
2021-09-22 01:10:05,735 [IPC Server Responder] INFO  ipc.Server (Server.java:run(1512)) - Stopping IPC Server Responder
2021-09-22 01:10:05,735 [IPC Server listener on 0] INFO  ipc.Server (Server.java:run(1376)) - Stopping IPC Server listener on 0
2021-09-22 01:10:05,735 [Listener at 127.0.0.1/44817] INFO  server.RaftServer (RaftServerProxy.java:lambda$close$6(391)) - om1: close
2021-09-22 01:10:05,735 [Listener at 127.0.0.1/44817] INFO  server.RaftServer$Division (RaftServerImpl.java:lambda$close$4(407)) - om1@group-C5BA1605619E: shutdown
2021-09-22 01:10:05,736 [Listener at 127.0.0.1/44817] INFO  util.JmxRegister (JmxRegister.java:unregister(73)) - Successfully un-registered JMX Bean with object name Ratis:service=RaftServer,group=group-C5BA1605619E,id=om1
2021-09-22 01:10:05,736 [Listener at 127.0.0.1/44817] INFO  impl.RoleInfo (RoleInfo.java:shutdownLeaderState(91)) - om1: shutdown om1@group-C5BA1605619E-LeaderStateImpl
2021-09-22 01:10:05,736 [Listener at 127.0.0.1/44817] INFO  impl.PendingRequests (PendingRequests.java:sendNotLeaderResponses(282)) - om1@group-C5BA1605619E-PendingRequests: sendNotLeaderResponses
2021-09-22 01:10:05,738 [Listener at 127.0.0.1/44817] INFO  impl.StateMachineUpdater (StateMachineUpdater.java:stopAndJoin(149)) - om1@group-C5BA1605619E-StateMachineUpdater: set stopIndex = 6
2021-09-22 01:10:05,738 [om1@group-C5BA1605619E-StateMachineUpdater] INFO  ratis.OzoneManagerStateMachine (OzoneManagerStateMachine.java:takeSnapshot(417)) - Current Snapshot Index (t:1, i:6)
2021-09-22 01:10:05,739 [om1@group-C5BA1605619E-StateMachineUpdater] INFO  impl.StateMachineUpdater (StateMachineUpdater.java:takeSnapshot(281)) - om1@group-C5BA1605619E-StateMachineUpdater: Took a snapshot at index 6
2021-09-22 01:10:05,739 [om1@group-C5BA1605619E-StateMachineUpdater] INFO  impl.StateMachineUpdater (StateMachineUpdater.java:lambda$new$0(89)) - om1@group-C5BA1605619E-StateMachineUpdater: snapshotIndex: updateIncreasingly -1 -> 6
2021-09-22 01:10:05,739 [om1@group-C5BA1605619E-StateMachineUpdater] INFO  ratis.OzoneManagerStateMachine (OzoneManagerStateMachine.java:close(471)) - StateMachine has shutdown. Shutdown OzoneManager if not already shutdown.
2021-09-22 01:10:05,739 [Listener at 127.0.0.1/44817] INFO  server.RaftServer$Division (ServerState.java:close(419)) - om1@group-C5BA1605619E: closes. applyIndex: 6
2021-09-22 01:10:05,739 [om1@group-C5BA1605619E-SegmentedRaftLogWorker] INFO  segmented.SegmentedRaftLogWorker (SegmentedRaftLogWorker.java:run(327)) - om1@group-C5BA1605619E-SegmentedRaftLogWorker was interrupted, exiting. There are 0 tasks remaining in the queue.
2021-09-22 01:10:05,741 [Listener at 127.0.0.1/44817] INFO  segmented.SegmentedRaftLogWorker (SegmentedRaftLogWorker.java:close(237)) - om1@group-C5BA1605619E-SegmentedRaftLogWorker close()
2021-09-22 01:10:05,744 [Listener at 127.0.0.1/44817] INFO  server.GrpcService (GrpcService.java:closeImpl(262)) - om1: shutdown server with port 9872 now
2021-09-22 01:10:05,744 [Listener at 127.0.0.1/44817] INFO  server.GrpcService (GrpcService.java:closeImpl(271)) - om1: shutdown server with port 9872 successfully
2021-09-22 01:10:05,744 [org.apache.ratis.util.JvmPauseMonitor$$Lambda$531/1517202074@2c035ed2] INFO  util.JvmPauseMonitor (JvmPauseMonitor.java:run(109)) - JvmPauseMonitor-om1: Stopped
2021-09-22 01:10:05,744 [Listener at 127.0.0.1/44817] INFO  ratis.OzoneManagerDoubleBuffer (OzoneManagerDoubleBuffer.java:stop(437)) - Stopping OMDoubleBuffer flush thread
2021-09-22 01:10:05,744 [OMDoubleBufferFlushThread] INFO  ratis.OzoneManagerDoubleBuffer (OzoneManagerDoubleBuffer.java:flushTransactions(356)) - OMDoubleBuffer flush thread OMDoubleBufferFlushThread is interrupted and will exit. OMDoubleBufferFlushThread
2021-09-22 01:10:05,745 [Listener at 127.0.0.1/44817] INFO  utils.BackgroundService (BackgroundService.java:shutdown(132)) - Shutting down service KeyDeletingService
2021-09-22 01:10:05,746 [Listener at 127.0.0.1/44817] INFO  handler.ContextHandler (ContextHandler.java:doStop(1153)) - Stopped o.e.j.w.WebAppContext@6daa9b5d{ozoneManager,/,null,STOPPED}{file:/home/runner/work/ozone/ozone/hadoop-ozone/integration-test/target/test-classes/webapps/ozoneManager}
2021-09-22 01:10:05,746 [Listener at 127.0.0.1/44817] INFO  server.AbstractConnector (AbstractConnector.java:doStop(381)) - Stopped ServerConnector@358e61b3{HTTP/1.1, (http/1.1)}{0.0.0.0:0}
2021-09-22 01:10:05,746 [Listener at 127.0.0.1/44817] INFO  server.session (HouseKeeper.java:stopScavenging(149)) - node0 Stopped scavenging
2021-09-22 01:10:05,746 [Listener at 127.0.0.1/44817] INFO  handler.ContextHandler (ContextHandler.java:doStop(1153)) - Stopped o.e.j.s.ServletContextHandler@1c84acc8{static,/static,file:///home/runner/work/ozone/ozone/hadoop-ozone/integration-test/target/test-classes/webapps/static,STOPPED}
2021-09-22 01:10:05,747 [Listener at 127.0.0.1/44817] INFO  handler.ContextHandler (ContextHandler.java:doStop(1153)) - Stopped o.e.j.s.ServletContextHandler@4e7cb35d{logs,/logs,file:///home/runner/work/ozone/ozone/hadoop-ozone/integration-test/target/log,STOPPED}
2021-09-22 01:10:05,749 [Listener at 127.0.0.1/44817] INFO  ozone.MiniOzoneClusterImpl (MiniOzoneClusterImpl.java:stopDatanodes(527)) - Stopping the HddsDatanodes
2021-09-22 01:10:05,949 [grpc-default-executor-0] WARN  server.GrpcLogAppender (LogUtils.java:warn(122)) - e58ea0e2-171c-4fa7-a930-6c25c8dc249c@group-35C0DBF8B3D5->9a2eaa79-e95b-45cd-b00f-a46126e2769a-AppendLogResponseHandler: Failed appendEntries: org.apache.ratis.thirdparty.io.grpc.StatusRuntimeException: UNAVAILABLE: io exception
2021-09-22 01:10:05,950 [grpc-default-executor-0] WARN  server.GrpcLogAppender (GrpcLogAppender.java:resetClient(111)) - e58ea0e2-171c-4fa7-a930-6c25c8dc249c@group-35C0DBF8B3D5->9a2eaa79-e95b-45cd-b00f-a46126e2769a-GrpcLogAppender: Leader has not got in touch with Follower e58ea0e2-171c-4fa7-a930-6c25c8dc249c@group-35C0DBF8B3D5->9a2eaa79-e95b-45cd-b00f-a46126e2769a(c-1,m0,n1, attendVote=true, lastRpcSendTime=2503, lastRpcResponseTime=10228) yet, just keep nextIndex unchanged and retry.
2021-09-22 01:10:07,753 [Command processor thread] INFO  server.RaftServer (RaftServerProxy.java:remove(106)) - 1846ff5f-c0f8-47b1-8bb5-c6f8d49a7778: remove  FOLLOWER 1846ff5f-c0f8-47b1-8bb5-c6f8d49a7778@group-35C0DBF8B3D5:t1, leader=e58ea0e2-171c-4fa7-a930-6c25c8dc249c, voted=e58ea0e2-171c-4fa7-a930-6c25c8dc249c, raftlog=1846ff5f-c0f8-47b1-8bb5-c6f8d49a7778@group-35C0DBF8B3D5-SegmentedRaftLog:OPENED:c0,f0,i0, conf=0: [e58ea0e2-171c-4fa7-a930-6c25c8dc249c|rpc:10.1.0.5:36231|dataStream:|priority:1, 9a2eaa79-e95b-45cd-b00f-a46126e2769a|rpc:10.1.0.5:42817|dataStream:|priority:0, 1846ff5f-c0f8-47b1-8bb5-c6f8d49a7778|rpc:10.1.0.5:36461|dataStream:|priority:0], old=null RUNNING
2021-09-22 01:10:07,753 [Command processor thread] INFO  server.RaftServer$Division (RaftServerImpl.java:lambda$close$4(407)) - 1846ff5f-c0f8-47b1-8bb5-c6f8d49a7778@group-35C0DBF8B3D5: shutdown
2021-09-22 01:10:07,753 [Command processor thread] INFO  util.JmxRegister (JmxRegister.java:unregister(73)) - Successfully un-registered JMX Bean with object name Ratis:service=RaftServer,group=group-35C0DBF8B3D5,id=1846ff5f-c0f8-47b1-8bb5-c6f8d49a7778
2021-09-22 01:10:07,753 [Command processor thread] INFO  impl.RoleInfo (RoleInfo.java:shutdownFollowerState(108)) - 1846ff5f-c0f8-47b1-8bb5-c6f8d49a7778: shutdown 1846ff5f-c0f8-47b1-8bb5-c6f8d49a7778@group-35C0DBF8B3D5-FollowerState
2021-09-22 01:10:07,753 [Command processor thread] INFO  impl.StateMachineUpdater (StateMachineUpdater.java:stopAndJoin(149)) - 1846ff5f-c0f8-47b1-8bb5-c6f8d49a7778@group-35C0DBF8B3D5-StateMachineUpdater: set stopIndex = 0
2021-09-22 01:10:07,753 [1846ff5f-c0f8-47b1-8bb5-c6f8d49a7778@group-35C0DBF8B3D5-StateMachineUpdater] INFO  ratis.ContainerStateMachine (ContainerStateMachine.java:takeSnapshot(292)) - group-35C0DBF8B3D5: Taking a snapshot at:(t:1, i:0) file /home/runner/work/ozone/ozone/hadoop-ozone/integration-test/target/test-dir/MiniOzoneClusterImpl-25acc1c1-a8f2-4117-88d4-9d8f1e28eca9/datanode-6/data/ratis/1d294895-3a97-4125-9ae0-35c0dbf8b3d5/sm/snapshot.1_0
2021-09-22 01:10:07,755 [1846ff5f-c0f8-47b1-8bb5-c6f8d49a7778@group-35C0DBF8B3D5-StateMachineUpdater] INFO  ratis.ContainerStateMachine (ContainerStateMachine.java:takeSnapshot(303)) - group-35C0DBF8B3D5: Finished taking a snapshot at:(t:1, i:0) file:/home/runner/work/ozone/ozone/hadoop-ozone/integration-test/target/test-dir/MiniOzoneClusterImpl-25acc1c1-a8f2-4117-88d4-9d8f1e28eca9/datanode-6/data/ratis/1d294895-3a97-4125-9ae0-35c0dbf8b3d5/sm/snapshot.1_0 took: 1 ms
2021-09-22 01:10:07,755 [1846ff5f-c0f8-47b1-8bb5-c6f8d49a7778@group-35C0DBF8B3D5-StateMachineUpdater] INFO  impl.StateMachineUpdater (StateMachineUpdater.java:takeSnapshot(281)) - 1846ff5f-c0f8-47b1-8bb5-c6f8d49a7778@group-35C0DBF8B3D5-StateMachineUpdater: Took a snapshot at index 0
2021-09-22 01:10:07,755 [1846ff5f-c0f8-47b1-8bb5-c6f8d49a7778@group-35C0DBF8B3D5-StateMachineUpdater] INFO  impl.StateMachineUpdater (StateMachineUpdater.java:lambda$new$0(89)) - 1846ff5f-c0f8-47b1-8bb5-c6f8d49a7778@group-35C0DBF8B3D5-StateMachineUpdater: snapshotIndex: updateIncreasingly -1 -> 0
2021-09-22 01:10:07,758 [Command processor thread] INFO  server.RaftServer$Division (ServerState.java:close(419)) - 1846ff5f-c0f8-47b1-8bb5-c6f8d49a7778@group-35C0DBF8B3D5: closes. applyIndex: 0
2021-09-22 01:10:07,758 [1846ff5f-c0f8-47b1-8bb5-c6f8d49a7778@group-35C0DBF8B3D5-SegmentedRaftLogWorker] INFO  segmented.SegmentedRaftLogWorker (SegmentedRaftLogWorker.java:run(327)) - 1846ff5f-c0f8-47b1-8bb5-c6f8d49a7778@group-35C0DBF8B3D5-SegmentedRaftLogWorker was interrupted, exiting. There are 0 tasks remaining in the queue.
2021-09-22 01:10:07,758 [1846ff5f-c0f8-47b1-8bb5-c6f8d49a7778@group-35C0DBF8B3D5-FollowerState] INFO  impl.FollowerState (FollowerState.java:run(143)) - 1846ff5f-c0f8-47b1-8bb5-c6f8d49a7778@group-35C0DBF8B3D5-FollowerState was interrupted: {}
java.lang.InterruptedException: sleep interrupted
	at java.lang.Thread.sleep(Native Method)
	at java.lang.Thread.sleep(Thread.java:340)
	at java.util.concurrent.TimeUnit.sleep(TimeUnit.java:386)
	at org.apache.ratis.util.TimeDuration.sleep(TimeDuration.java:324)
	at org.apache.ratis.util.TimeDuration.sleep(TimeDuration.java:309)
	at org.apache.ratis.server.impl.FollowerState.run(FollowerState.java:118)
2021-09-22 01:10:07,762 [Command processor thread] INFO  segmented.SegmentedRaftLogWorker (SegmentedRaftLogWorker.java:close(237)) - 1846ff5f-c0f8-47b1-8bb5-c6f8d49a7778@group-35C0DBF8B3D5-SegmentedRaftLogWorker close()
2021-09-22 01:10:07,765 [Command processor thread] INFO  server.RaftServer$Division (RaftServerImpl.java:groupRemove(377)) - 1846ff5f-c0f8-47b1-8bb5-c6f8d49a7778@group-35C0DBF8B3D5: Succeed to remove RaftStorageDirectory Storage Directory /home/runner/work/ozone/ozone/hadoop-ozone/integration-test/target/test-dir/MiniOzoneClusterImpl-25acc1c1-a8f2-4117-88d4-9d8f1e28eca9/datanode-6/data/ratis/1d294895-3a97-4125-9ae0-35c0dbf8b3d5
2021-09-22 01:10:07,765 [Command processor thread] INFO  commandhandler.ClosePipelineCommandHandler (ClosePipelineCommandHandler.java:handle(78)) - Close Pipeline PipelineID=1d294895-3a97-4125-9ae0-35c0dbf8b3d5 command on datanode 1846ff5f-c0f8-47b1-8bb5-c6f8d49a7778.
2021-09-22 01:10:08,105 [0d23f380-5b64-4336-bea7-d12bd7eaa710@group-364F2152D5CE-FollowerState] INFO  impl.FollowerState (FollowerState.java:run(134)) - 0d23f380-5b64-4336-bea7-d12bd7eaa710@group-364F2152D5CE-FollowerState: change to CANDIDATE, lastRpcElapsedTime:5091803749ns, electionTimeout:5085ms
2021-09-22 01:10:08,105 [0d23f380-5b64-4336-bea7-d12bd7eaa710@group-364F2152D5CE-FollowerState] INFO  impl.RoleInfo (RoleInfo.java:shutdownFollowerState(108)) - 0d23f380-5b64-4336-bea7-d12bd7eaa710: shutdown 0d23f380-5b64-4336-bea7-d12bd7eaa710@group-364F2152D5CE-FollowerState
2021-09-22 01:10:08,105 [0d23f380-5b64-4336-bea7-d12bd7eaa710@group-364F2152D5CE-FollowerState] INFO  server.RaftServer$Division (RaftServerImpl.java:setRole(285)) - 0d23f380-5b64-4336-bea7-d12bd7eaa710@group-364F2152D5CE: changes role from  FOLLOWER to CANDIDATE at term 7 for changeToCandidate
2021-09-22 01:10:08,105 [0d23f380-5b64-4336-bea7-d12bd7eaa710@group-364F2152D5CE-FollowerState] INFO  server.RaftServerConfigKeys (ConfUtils.java:logGet(44)) - raft.server.leaderelection.pre-vote = false (custom)
2021-09-22 01:10:08,105 [0d23f380-5b64-4336-bea7-d12bd7eaa710@group-364F2152D5CE-FollowerState] INFO  impl.RoleInfo (RoleInfo.java:updateAndGet(130)) - 0d23f380-5b64-4336-bea7-d12bd7eaa710: start 0d23f380-5b64-4336-bea7-d12bd7eaa710@group-364F2152D5CE-LeaderElection35
2021-09-22 01:10:08,115 [0d23f380-5b64-4336-bea7-d12bd7eaa710@group-364F2152D5CE-LeaderElection35] INFO  impl.LeaderElection (LeaderElection.java:askForVotes(306)) - 0d23f380-5b64-4336-bea7-d12bd7eaa710@group-364F2152D5CE-LeaderElection35 ELECTION round 0: submit vote requests at term 8 for -1: [0d23f380-5b64-4336-bea7-d12bd7eaa710|rpc:10.1.0.5:40155|dataStream:|priority:1, 46189feb-569c-4e6f-be55-dc7298009a0b|rpc:10.1.0.5:40371|dataStream:|priority:0, fff18091-4bc4-4dc4-9e0e-c7b7b9f7a092|rpc:10.1.0.5:43419|dataStream:|priority:0], old=null
2021-09-22 01:10:08,127 [grpc-default-executor-0] INFO  server.RaftServer$Division (RaftServerImpl.java:requestVote(1043)) - 46189feb-569c-4e6f-be55-dc7298009a0b@group-364F2152D5CE: receive requestVote(ELECTION, 0d23f380-5b64-4336-bea7-d12bd7eaa710, group-364F2152D5CE, 8, (t:0, i:0))
2021-09-22 01:10:08,128 [grpc-default-executor-0] INFO  impl.VoteContext (VoteContext.java:log(48)) - 46189feb-569c-4e6f-be55-dc7298009a0b@group-364F2152D5CE-FOLLOWER: accept ELECTION from 0d23f380-5b64-4336-bea7-d12bd7eaa710: our priority 0 <= candidate's priority 1
2021-09-22 01:10:08,128 [grpc-default-executor-0] INFO  server.RaftServer$Division (RaftServerImpl.java:setRole(285)) - 46189feb-569c-4e6f-be55-dc7298009a0b@group-364F2152D5CE: changes role from  FOLLOWER to FOLLOWER at term 8 for candidate:0d23f380-5b64-4336-bea7-d12bd7eaa710
2021-09-22 01:10:08,128 [grpc-default-executor-0] INFO  impl.RoleInfo (RoleInfo.java:shutdownFollowerState(108)) - 46189feb-569c-4e6f-be55-dc7298009a0b: shutdown 46189feb-569c-4e6f-be55-dc7298009a0b@group-364F2152D5CE-FollowerState
2021-09-22 01:10:08,135 [46189feb-569c-4e6f-be55-dc7298009a0b@group-364F2152D5CE-FollowerState] INFO  impl.FollowerState (FollowerState.java:run(143)) - 46189feb-569c-4e6f-be55-dc7298009a0b@group-364F2152D5CE-FollowerState was interrupted: {}
java.lang.InterruptedException: sleep interrupted
	at java.lang.Thread.sleep(Native Method)
	at java.lang.Thread.sleep(Thread.java:340)
	at java.util.concurrent.TimeUnit.sleep(TimeUnit.java:386)
	at org.apache.ratis.util.TimeDuration.sleep(TimeDuration.java:324)
	at org.apache.ratis.util.TimeDuration.sleep(TimeDuration.java:309)
	at org.apache.ratis.server.impl.FollowerState.run(FollowerState.java:118)
2021-09-22 01:10:08,135 [grpc-default-executor-0] INFO  impl.RoleInfo (RoleInfo.java:updateAndGet(130)) - 46189feb-569c-4e6f-be55-dc7298009a0b: start 46189feb-569c-4e6f-be55-dc7298009a0b@group-364F2152D5CE-FollowerState
2021-09-22 01:10:08,137 [grpc-default-executor-1] INFO  server.RaftServer$Division (RaftServerImpl.java:requestVote(1043)) - fff18091-4bc4-4dc4-9e0e-c7b7b9f7a092@group-364F2152D5CE: receive requestVote(ELECTION, 0d23f380-5b64-4336-bea7-d12bd7eaa710, group-364F2152D5CE, 8, (t:0, i:0))
2021-09-22 01:10:08,137 [grpc-default-executor-1] INFO  impl.VoteContext (VoteContext.java:log(48)) - fff18091-4bc4-4dc4-9e0e-c7b7b9f7a092@group-364F2152D5CE-FOLLOWER: accept ELECTION from 0d23f380-5b64-4336-bea7-d12bd7eaa710: our priority 0 <= candidate's priority 1
2021-09-22 01:10:08,137 [grpc-default-executor-1] INFO  server.RaftServer$Division (RaftServerImpl.java:setRole(285)) - fff18091-4bc4-4dc4-9e0e-c7b7b9f7a092@group-364F2152D5CE: changes role from  FOLLOWER to FOLLOWER at term 8 for candidate:0d23f380-5b64-4336-bea7-d12bd7eaa710
2021-09-22 01:10:08,137 [grpc-default-executor-1] INFO  impl.RoleInfo (RoleInfo.java:shutdownFollowerState(108)) - fff18091-4bc4-4dc4-9e0e-c7b7b9f7a092: shutdown fff18091-4bc4-4dc4-9e0e-c7b7b9f7a092@group-364F2152D5CE-FollowerState
2021-09-22 01:10:08,146 [grpc-default-executor-1] INFO  impl.RoleInfo (RoleInfo.java:updateAndGet(130)) - fff18091-4bc4-4dc4-9e0e-c7b7b9f7a092: start fff18091-4bc4-4dc4-9e0e-c7b7b9f7a092@group-364F2152D5CE-FollowerState
2021-09-22 01:10:08,146 [fff18091-4bc4-4dc4-9e0e-c7b7b9f7a092@group-364F2152D5CE-FollowerState] INFO  impl.FollowerState (FollowerState.java:run(143)) - fff18091-4bc4-4dc4-9e0e-c7b7b9f7a092@group-364F2152D5CE-FollowerState was interrupted: {}
java.lang.InterruptedException: sleep interrupted
	at java.lang.Thread.sleep(Native Method)
	at java.lang.Thread.sleep(Thread.java:340)
	at java.util.concurrent.TimeUnit.sleep(TimeUnit.java:386)
	at org.apache.ratis.util.TimeDuration.sleep(TimeDuration.java:324)
	at org.apache.ratis.util.TimeDuration.sleep(TimeDuration.java:309)
	at org.apache.ratis.server.impl.FollowerState.run(FollowerState.java:118)
2021-09-22 01:10:08,147 [grpc-default-executor-0] INFO  server.RaftServer$Division (RaftServerImpl.java:requestVote(1075)) - 46189feb-569c-4e6f-be55-dc7298009a0b@group-364F2152D5CE replies to ELECTION vote request: 0d23f380-5b64-4336-bea7-d12bd7eaa710<-46189feb-569c-4e6f-be55-dc7298009a0b#0:OK-t8. Peer's state: 46189feb-569c-4e6f-be55-dc7298009a0b@group-364F2152D5CE:t8, leader=null, voted=0d23f380-5b64-4336-bea7-d12bd7eaa710, raftlog=46189feb-569c-4e6f-be55-dc7298009a0b@group-364F2152D5CE-SegmentedRaftLog:OPENED:c-1,f-1,i0, conf=-1: [0d23f380-5b64-4336-bea7-d12bd7eaa710|rpc:10.1.0.5:40155|dataStream:|priority:1, 46189feb-569c-4e6f-be55-dc7298009a0b|rpc:10.1.0.5:40371|dataStream:|priority:0, fff18091-4bc4-4dc4-9e0e-c7b7b9f7a092|rpc:10.1.0.5:43419|dataStream:|priority:0], old=null
2021-09-22 01:10:08,150 [grpc-default-executor-1] INFO  server.RaftServer$Division (RaftServerImpl.java:requestVote(1075)) - fff18091-4bc4-4dc4-9e0e-c7b7b9f7a092@group-364F2152D5CE replies to ELECTION vote request: 0d23f380-5b64-4336-bea7-d12bd7eaa710<-fff18091-4bc4-4dc4-9e0e-c7b7b9f7a092#0:OK-t8. Peer's state: fff18091-4bc4-4dc4-9e0e-c7b7b9f7a092@group-364F2152D5CE:t8, leader=null, voted=0d23f380-5b64-4336-bea7-d12bd7eaa710, raftlog=fff18091-4bc4-4dc4-9e0e-c7b7b9f7a092@group-364F2152D5CE-SegmentedRaftLog:OPENED:c-1,f-1,i0, conf=-1: [0d23f380-5b64-4336-bea7-d12bd7eaa710|rpc:10.1.0.5:40155|priority:1, 46189feb-569c-4e6f-be55-dc7298009a0b|rpc:10.1.0.5:40371|priority:0, fff18091-4bc4-4dc4-9e0e-c7b7b9f7a092|rpc:10.1.0.5:43419|priority:0], old=null
2021-09-22 01:10:08,150 [0d23f380-5b64-4336-bea7-d12bd7eaa710@group-364F2152D5CE-LeaderElection35] INFO  impl.LeaderElection (LeaderElection.java:logAndReturn(89)) - 0d23f380-5b64-4336-bea7-d12bd7eaa710@group-364F2152D5CE-LeaderElection35: ELECTION PASSED received 1 response(s) and 0 exception(s):
2021-09-22 01:10:08,150 [0d23f380-5b64-4336-bea7-d12bd7eaa710@group-364F2152D5CE-LeaderElection35] INFO  impl.LeaderElection (LeaderElection.java:logAndReturn(93)) -   Response 0: 0d23f380-5b64-4336-bea7-d12bd7eaa710<-46189feb-569c-4e6f-be55-dc7298009a0b#0:OK-t8
2021-09-22 01:10:08,150 [0d23f380-5b64-4336-bea7-d12bd7eaa710@group-364F2152D5CE-LeaderElection35] INFO  impl.LeaderElection (LeaderElection.java:askForVotes(308)) - 0d23f380-5b64-4336-bea7-d12bd7eaa710@group-364F2152D5CE-LeaderElection35 ELECTION round 0: result PASSED
2021-09-22 01:10:08,150 [0d23f380-5b64-4336-bea7-d12bd7eaa710@group-364F2152D5CE-LeaderElection35] INFO  impl.RoleInfo (RoleInfo.java:shutdownLeaderElection(121)) - 0d23f380-5b64-4336-bea7-d12bd7eaa710: shutdown 0d23f380-5b64-4336-bea7-d12bd7eaa710@group-364F2152D5CE-LeaderElection35
2021-09-22 01:10:08,150 [0d23f380-5b64-4336-bea7-d12bd7eaa710@group-364F2152D5CE-LeaderElection35] INFO  server.RaftServer$Division (RaftServerImpl.java:setRole(285)) - 0d23f380-5b64-4336-bea7-d12bd7eaa710@group-364F2152D5CE: changes role from CANDIDATE to LEADER at term 8 for changeToLeader
2021-09-22 01:10:08,150 [0d23f380-5b64-4336-bea7-d12bd7eaa710@group-364F2152D5CE-LeaderElection35] INFO  ratis.XceiverServerRatis (XceiverServerRatis.java:handleLeaderChangedNotification(860)) - Leader change notification received for group: group-364F2152D5CE with new leaderId: 0d23f380-5b64-4336-bea7-d12bd7eaa710
2021-09-22 01:10:08,150 [0d23f380-5b64-4336-bea7-d12bd7eaa710@group-364F2152D5CE-LeaderElection35] INFO  server.RaftServer$Division (ServerState.java:setLeader(285)) - 0d23f380-5b64-4336-bea7-d12bd7eaa710@group-364F2152D5CE: change Leader from null to 0d23f380-5b64-4336-bea7-d12bd7eaa710 at term 8 for becomeLeader, leader elected after 40960ms
2021-09-22 01:10:08,151 [0d23f380-5b64-4336-bea7-d12bd7eaa710@group-364F2152D5CE-LeaderElection35] INFO  server.RaftServerConfigKeys (ConfUtils.java:logGet(44)) - raft.server.staging.catchup.gap = 1000 (default)
2021-09-22 01:10:08,151 [0d23f380-5b64-4336-bea7-d12bd7eaa710@group-364F2152D5CE-LeaderElection35] INFO  server.RaftServerConfigKeys (ConfUtils.java:logGet(44)) - raft.server.write.element-limit = 1024 (custom)
2021-09-22 01:10:08,151 [0d23f380-5b64-4336-bea7-d12bd7eaa710@group-364F2152D5CE-LeaderElection35] INFO  server.RaftServerConfigKeys (ConfUtils.java:logGet(44)) - raft.server.write.byte-limit = 1024 M (=1073741824) (custom)
2021-09-22 01:10:08,151 [0d23f380-5b64-4336-bea7-d12bd7eaa710@group-364F2152D5CE-LeaderElection35] INFO  server.RaftServerConfigKeys (ConfUtils.java:logGet(44)) - raft.server.watch.timeout = 3000ms (custom)
2021-09-22 01:10:08,151 [0d23f380-5b64-4336-bea7-d12bd7eaa710@group-364F2152D5CE-LeaderElection35] INFO  server.RaftServerConfigKeys (ConfUtils.java:logGet(44)) - raft.server.watch.timeout.denomination = 1s (default)
2021-09-22 01:10:08,151 [0d23f380-5b64-4336-bea7-d12bd7eaa710@group-364F2152D5CE-LeaderElection35] INFO  server.RaftServerConfigKeys (ConfUtils.java:logGet(44)) - raft.server.watch.element-limit = 65536 (default)
2021-09-22 01:10:08,151 [0d23f380-5b64-4336-bea7-d12bd7eaa710@group-364F2152D5CE-LeaderElection35] INFO  server.RaftServerConfigKeys (ConfUtils.java:logGet(44)) - raft.server.log.appender.snapshot.chunk.size.max = 16MB (=16777216) (default)
2021-09-22 01:10:08,151 [0d23f380-5b64-4336-bea7-d12bd7eaa710@group-364F2152D5CE-LeaderElection35] INFO  server.RaftServerConfigKeys (ConfUtils.java:logGet(44)) - raft.server.log.appender.buffer.byte-limit = 33554432 (custom)
2021-09-22 01:10:08,151 [0d23f380-5b64-4336-bea7-d12bd7eaa710@group-364F2152D5CE-LeaderElection35] INFO  server.RaftServerConfigKeys (ConfUtils.java:logGet(44)) - raft.server.log.appender.buffer.element-limit = 1 (custom)
2021-09-22 01:10:08,151 [0d23f380-5b64-4336-bea7-d12bd7eaa710@group-364F2152D5CE-LeaderElection35] INFO  grpc.GrpcConfigKeys (ConfUtils.java:logGet(44)) - raft.grpc.server.leader.outstanding.appends.max = 128 (default)
2021-09-22 01:10:08,151 [0d23f380-5b64-4336-bea7-d12bd7eaa710@group-364F2152D5CE-LeaderElection35] INFO  server.RaftServerConfigKeys (ConfUtils.java:logGet(44)) - raft.server.rpc.request.timeout = 3000ms (default)
2021-09-22 01:10:08,151 [0d23f380-5b64-4336-bea7-d12bd7eaa710@group-364F2152D5CE-LeaderElection35] INFO  server.RaftServerConfigKeys (ConfUtils.java:logGet(44)) - raft.server.log.appender.install.snapshot.enabled = false (custom)
2021-09-22 01:10:08,152 [0d23f380-5b64-4336-bea7-d12bd7eaa710@group-364F2152D5CE-LeaderElection35] INFO  server.RaftServerConfigKeys (ConfUtils.java:logGet(44)) - raft.server.log.appender.snapshot.chunk.size.max = 16MB (=16777216) (default)
2021-09-22 01:10:08,152 [0d23f380-5b64-4336-bea7-d12bd7eaa710@group-364F2152D5CE-LeaderElection35] INFO  server.RaftServerConfigKeys (ConfUtils.java:logGet(44)) - raft.server.log.appender.buffer.byte-limit = 33554432 (custom)
2021-09-22 01:10:08,152 [0d23f380-5b64-4336-bea7-d12bd7eaa710@group-364F2152D5CE-LeaderElection35] INFO  server.RaftServerConfigKeys (ConfUtils.java:logGet(44)) - raft.server.log.appender.buffer.element-limit = 1 (custom)
2021-09-22 01:10:08,152 [0d23f380-5b64-4336-bea7-d12bd7eaa710@group-364F2152D5CE-LeaderElection35] INFO  grpc.GrpcConfigKeys (ConfUtils.java:logGet(44)) - raft.grpc.server.leader.outstanding.appends.max = 128 (default)
2021-09-22 01:10:08,153 [0d23f380-5b64-4336-bea7-d12bd7eaa710@group-364F2152D5CE-LeaderElection35] INFO  server.RaftServerConfigKeys (ConfUtils.java:logGet(44)) - raft.server.rpc.request.timeout = 3000ms (default)
2021-09-22 01:10:08,153 [EventQueue-PipelineReportForPipelineReportHandler] INFO  pipeline.PipelineManagerImpl (PipelineManagerImpl.java:openPipeline(282)) - Pipeline Pipeline[ Id: 8dc922f3-9a9c-404c-8e65-364f2152d5ce, Nodes: fff18091-4bc4-4dc4-9e0e-c7b7b9f7a092{ip: 10.1.0.5, host: fv-az294-326.eaanfquahm5ulb5tj050gcxych.jx.internal.cloudapp.net, ports: [REPLICATION=42601, RATIS=43419, RATIS_ADMIN=43419, RATIS_SERVER=43419, STANDALONE=44117], networkLocation: /default-rack, certSerialId: null, persistedOpState: IN_SERVICE, persistedOpStateExpiryEpochSec: 0}46189feb-569c-4e6f-be55-dc7298009a0b{ip: 10.1.0.5, host: fv-az294-326.eaanfquahm5ulb5tj050gcxych.jx.internal.cloudapp.net, ports: [REPLICATION=45851, RATIS=40371, RATIS_ADMIN=40371, RATIS_SERVER=40371, STANDALONE=40153], networkLocation: /default-rack, certSerialId: null, persistedOpState: IN_SERVICE, persistedOpStateExpiryEpochSec: 0}0d23f380-5b64-4336-bea7-d12bd7eaa710{ip: 10.1.0.5, host: fv-az294-326.eaanfquahm5ulb5tj050gcxych.jx.internal.cloudapp.net, ports: [REPLICATION=43925, RATIS=40155, RATIS_ADMIN=40155, RATIS_SERVER=40155, STANDALONE=43011], networkLocation: /default-rack, certSerialId: null, persistedOpState: IN_SERVICE, persistedOpStateExpiryEpochSec: 0}, ReplicationConfig: RATIS/THREE, State:ALLOCATED, leaderId:0d23f380-5b64-4336-bea7-d12bd7eaa710, CreationTimestamp2021-09-22T01:09:24.487Z[Etc/UTC]] moved to OPEN state
2021-09-22 01:10:08,152 [Datanode State Machine Thread - 0] WARN  statemachine.StateContext (StateContext.java:execute(621)) - No available thread in pool for past 1 seconds.
2021-09-22 01:10:08,155 [0d23f380-5b64-4336-bea7-d12bd7eaa710@group-364F2152D5CE-LeaderElection35] INFO  server.RaftServerConfigKeys (ConfUtils.java:logGet(44)) - raft.server.log.appender.install.snapshot.enabled = false (custom)
2021-09-22 01:10:08,156 [0d23f380-5b64-4336-bea7-d12bd7eaa710@group-364F2152D5CE-LeaderElection35] INFO  impl.RoleInfo (RoleInfo.java:updateAndGet(130)) - 0d23f380-5b64-4336-bea7-d12bd7eaa710: start 0d23f380-5b64-4336-bea7-d12bd7eaa710@group-364F2152D5CE-LeaderStateImpl
2021-09-22 01:10:08,156 [0d23f380-5b64-4336-bea7-d12bd7eaa710@group-364F2152D5CE-LeaderElection35] INFO  segmented.SegmentedRaftLogWorker (SegmentedRaftLogWorker.java:startLogSegment(394)) - 0d23f380-5b64-4336-bea7-d12bd7eaa710@group-364F2152D5CE-SegmentedRaftLogWorker: Starting segment from index:0
2021-09-22 01:10:08,157 [0d23f380-5b64-4336-bea7-d12bd7eaa710@group-364F2152D5CE-SegmentedRaftLogWorker] INFO  segmented.SegmentedRaftLogWorker (SegmentedRaftLogWorker.java:execute(601)) - 0d23f380-5b64-4336-bea7-d12bd7eaa710@group-364F2152D5CE-SegmentedRaftLogWorker: created new log segment /home/runner/work/ozone/ozone/hadoop-ozone/integration-test/target/test-dir/MiniOzoneClusterImpl-25acc1c1-a8f2-4117-88d4-9d8f1e28eca9/datanode-5/data/ratis/8dc922f3-9a9c-404c-8e65-364f2152d5ce/current/log_inprogress_0
2021-09-22 01:10:08,175 [grpc-default-executor-1] INFO  ratis.XceiverServerRatis (XceiverServerRatis.java:handleLeaderChangedNotification(860)) - Leader change notification received for group: group-364F2152D5CE with new leaderId: 0d23f380-5b64-4336-bea7-d12bd7eaa710
2021-09-22 01:10:08,175 [grpc-default-executor-1] INFO  server.RaftServer$Division (ServerState.java:setLeader(285)) - 46189feb-569c-4e6f-be55-dc7298009a0b@group-364F2152D5CE: change Leader from null to 0d23f380-5b64-4336-bea7-d12bd7eaa710 at term 8 for appendEntries, leader elected after 41012ms
2021-09-22 01:10:08,199 [grpc-default-executor-3] INFO  ratis.XceiverServerRatis (XceiverServerRatis.java:handleLeaderChangedNotification(860)) - Leader change notification received for group: group-364F2152D5CE with new leaderId: 0d23f380-5b64-4336-bea7-d12bd7eaa710
2021-09-22 01:10:08,199 [grpc-default-executor-3] INFO  server.RaftServer$Division (ServerState.java:setLeader(285)) - fff18091-4bc4-4dc4-9e0e-c7b7b9f7a092@group-364F2152D5CE: change Leader from null to 0d23f380-5b64-4336-bea7-d12bd7eaa710 at term 8 for appendEntries, leader elected after 41078ms
2021-09-22 01:10:08,223 [0d23f380-5b64-4336-bea7-d12bd7eaa710@group-364F2152D5CE-LeaderElection35] INFO  server.RaftServer$Division (ServerState.java:setRaftConf(387)) - 0d23f380-5b64-4336-bea7-d12bd7eaa710@group-364F2152D5CE: set configuration 0: [0d23f380-5b64-4336-bea7-d12bd7eaa710|rpc:10.1.0.5:40155|dataStream:|priority:1, 46189feb-569c-4e6f-be55-dc7298009a0b|rpc:10.1.0.5:40371|dataStream:|priority:0, fff18091-4bc4-4dc4-9e0e-c7b7b9f7a092|rpc:10.1.0.5:43419|dataStream:|priority:0], old=null
2021-09-22 01:10:08,223 [grpc-default-executor-1] INFO  server.RaftServer$Division (ServerState.java:setRaftConf(387)) - 46189feb-569c-4e6f-be55-dc7298009a0b@group-364F2152D5CE: set configuration 0: [0d23f380-5b64-4336-bea7-d12bd7eaa710|rpc:10.1.0.5:40155|dataStream:|priority:1, 46189feb-569c-4e6f-be55-dc7298009a0b|rpc:10.1.0.5:40371|dataStream:|priority:0, fff18091-4bc4-4dc4-9e0e-c7b7b9f7a092|rpc:10.1.0.5:43419|dataStream:|priority:0], old=null
2021-09-22 01:10:08,224 [grpc-default-executor-1] INFO  segmented.SegmentedRaftLogWorker (SegmentedRaftLogWorker.java:startLogSegment(394)) - 46189feb-569c-4e6f-be55-dc7298009a0b@group-364F2152D5CE-SegmentedRaftLogWorker: Starting segment from index:0
2021-09-22 01:10:08,231 [46189feb-569c-4e6f-be55-dc7298009a0b@group-364F2152D5CE-SegmentedRaftLogWorker] INFO  segmented.SegmentedRaftLogWorker (SegmentedRaftLogWorker.java:execute(601)) - 46189feb-569c-4e6f-be55-dc7298009a0b@group-364F2152D5CE-SegmentedRaftLogWorker: created new log segment /home/runner/work/ozone/ozone/hadoop-ozone/integration-test/target/test-dir/MiniOzoneClusterImpl-25acc1c1-a8f2-4117-88d4-9d8f1e28eca9/datanode-4/data/ratis/8dc922f3-9a9c-404c-8e65-364f2152d5ce/current/log_inprogress_0
2021-09-22 01:10:08,231 [grpc-default-executor-1] INFO  server.RaftServer$Division (ServerState.java:setRaftConf(387)) - fff18091-4bc4-4dc4-9e0e-c7b7b9f7a092@group-364F2152D5CE: set configuration 0: [0d23f380-5b64-4336-bea7-d12bd7eaa710|rpc:10.1.0.5:40155|dataStream:|priority:1, 46189feb-569c-4e6f-be55-dc7298009a0b|rpc:10.1.0.5:40371|dataStream:|priority:0, fff18091-4bc4-4dc4-9e0e-c7b7b9f7a092|rpc:10.1.0.5:43419|dataStream:|priority:0], old=null
2021-09-22 01:10:08,232 [grpc-default-executor-1] INFO  segmented.SegmentedRaftLogWorker (SegmentedRaftLogWorker.java:startLogSegment(394)) - fff18091-4bc4-4dc4-9e0e-c7b7b9f7a092@group-364F2152D5CE-SegmentedRaftLogWorker: Starting segment from index:0
2021-09-22 01:10:08,233 [fff18091-4bc4-4dc4-9e0e-c7b7b9f7a092@group-364F2152D5CE-SegmentedRaftLogWorker] INFO  segmented.SegmentedRaftLogWorker (SegmentedRaftLogWorker.java:execute(601)) - fff18091-4bc4-4dc4-9e0e-c7b7b9f7a092@group-364F2152D5CE-SegmentedRaftLogWorker: created new log segment /home/runner/work/ozone/ozone/hadoop-ozone/integration-test/target/test-dir/MiniOzoneClusterImpl-25acc1c1-a8f2-4117-88d4-9d8f1e28eca9/datanode-3/data/ratis/8dc922f3-9a9c-404c-8e65-364f2152d5ce/current/log_inprogress_0
2021-09-22 01:10:08,456 [grpc-default-executor-1] WARN  server.GrpcLogAppender (LogUtils.java:warn(122)) - e58ea0e2-171c-4fa7-a930-6c25c8dc249c@group-35C0DBF8B3D5->9a2eaa79-e95b-45cd-b00f-a46126e2769a-AppendLogResponseHandler: Failed appendEntries: org.apache.ratis.thirdparty.io.grpc.StatusRuntimeException: UNAVAILABLE: io exception
2021-09-22 01:10:08,457 [grpc-default-executor-1] WARN  server.GrpcLogAppender (GrpcLogAppender.java:resetClient(111)) - e58ea0e2-171c-4fa7-a930-6c25c8dc249c@group-35C0DBF8B3D5->9a2eaa79-e95b-45cd-b00f-a46126e2769a-GrpcLogAppender: Leader has not got in touch with Follower e58ea0e2-171c-4fa7-a930-6c25c8dc249c@group-35C0DBF8B3D5->9a2eaa79-e95b-45cd-b00f-a46126e2769a(c-1,m0,n1, attendVote=true, lastRpcSendTime=0, lastRpcResponseTime=12735) yet, just keep nextIndex unchanged and retry.
2021-09-22 01:10:10,755 [Listener at 127.0.0.1/44817] INFO  ozoneimpl.OzoneContainer (OzoneContainer.java:stop(325)) - Attempting to stop container services.
2021-09-22 01:10:10,755 [ForkJoinPool.commonPool-worker-1] INFO  ozoneimpl.OzoneContainer (OzoneContainer.java:stop(325)) - Attempting to stop container services.
2021-09-22 01:10:10,756 [ForkJoinPool.commonPool-worker-1] INFO  server.RaftServer (RaftServerProxy.java:lambda$close$6(391)) - e58ea0e2-171c-4fa7-a930-6c25c8dc249c: close
2021-09-22 01:10:10,756 [ForkJoinPool.commonPool-worker-1] INFO  server.RaftServer$Division (RaftServerImpl.java:lambda$close$4(407)) - e58ea0e2-171c-4fa7-a930-6c25c8dc249c@group-12A76C11AE81: shutdown
2021-09-22 01:10:10,756 [ForkJoinPool.commonPool-worker-1] INFO  util.JmxRegister (JmxRegister.java:unregister(73)) - Successfully un-registered JMX Bean with object name Ratis:service=RaftServer,group=group-12A76C11AE81,id=e58ea0e2-171c-4fa7-a930-6c25c8dc249c
2021-09-22 01:10:10,756 [ForkJoinPool.commonPool-worker-1] INFO  impl.RoleInfo (RoleInfo.java:shutdownLeaderState(91)) - e58ea0e2-171c-4fa7-a930-6c25c8dc249c: shutdown e58ea0e2-171c-4fa7-a930-6c25c8dc249c@group-12A76C11AE81-LeaderStateImpl
2021-09-22 01:10:10,756 [ForkJoinPool.commonPool-worker-1] INFO  impl.PendingRequests (PendingRequests.java:sendNotLeaderResponses(282)) - e58ea0e2-171c-4fa7-a930-6c25c8dc249c@group-12A76C11AE81-PendingRequests: sendNotLeaderResponses
2021-09-22 01:10:10,757 [ForkJoinPool.commonPool-worker-1] INFO  impl.StateMachineUpdater (StateMachineUpdater.java:stopAndJoin(149)) - e58ea0e2-171c-4fa7-a930-6c25c8dc249c@group-12A76C11AE81-StateMachineUpdater: set stopIndex = 0
2021-09-22 01:10:10,757 [e58ea0e2-171c-4fa7-a930-6c25c8dc249c@group-12A76C11AE81-StateMachineUpdater] INFO  ratis.ContainerStateMachine (ContainerStateMachine.java:takeSnapshot(292)) - group-12A76C11AE81: Taking a snapshot at:(t:1, i:0) file /home/runner/work/ozone/ozone/hadoop-ozone/integration-test/target/test-dir/MiniOzoneClusterImpl-25acc1c1-a8f2-4117-88d4-9d8f1e28eca9/datanode-1/data/ratis/61082ebc-df4a-49b7-95bf-12a76c11ae81/sm/snapshot.1_0
2021-09-22 01:10:10,756 [Listener at 127.0.0.1/44817] INFO  server.RaftServer (RaftServerProxy.java:lambda$close$6(391)) - 46189feb-569c-4e6f-be55-dc7298009a0b: close
2021-09-22 01:10:10,757 [Listener at 127.0.0.1/44817] INFO  server.RaftServer$Division (RaftServerImpl.java:lambda$close$4(407)) - 46189feb-569c-4e6f-be55-dc7298009a0b@group-364F2152D5CE: shutdown
2021-09-22 01:10:10,758 [Listener at 127.0.0.1/44817] INFO  util.JmxRegister (JmxRegister.java:unregister(73)) - Successfully un-registered JMX Bean with object name Ratis:service=RaftServer,group=group-364F2152D5CE,id=46189feb-569c-4e6f-be55-dc7298009a0b
2021-09-22 01:10:10,758 [Listener at 127.0.0.1/44817] INFO  impl.RoleInfo (RoleInfo.java:shutdownFollowerState(108)) - 46189feb-569c-4e6f-be55-dc7298009a0b: shutdown 46189feb-569c-4e6f-be55-dc7298009a0b@group-364F2152D5CE-FollowerState
2021-09-22 01:10:10,758 [Listener at 127.0.0.1/44817] INFO  impl.StateMachineUpdater (StateMachineUpdater.java:stopAndJoin(149)) - 46189feb-569c-4e6f-be55-dc7298009a0b@group-364F2152D5CE-StateMachineUpdater: set stopIndex = -1
2021-09-22 01:10:10,758 [Listener at 127.0.0.1/44817] INFO  server.RaftServer$Division (ServerState.java:close(419)) - 46189feb-569c-4e6f-be55-dc7298009a0b@group-364F2152D5CE: closes. applyIndex: -1
2021-09-22 01:10:10,758 [46189feb-569c-4e6f-be55-dc7298009a0b@group-364F2152D5CE-SegmentedRaftLogWorker] INFO  segmented.SegmentedRaftLogWorker (SegmentedRaftLogWorker.java:run(327)) - 46189feb-569c-4e6f-be55-dc7298009a0b@group-364F2152D5CE-SegmentedRaftLogWorker was interrupted, exiting. There are 0 tasks remaining in the queue.
2021-09-22 01:10:10,758 [e58ea0e2-171c-4fa7-a930-6c25c8dc249c@group-12A76C11AE81-StateMachineUpdater] INFO  ratis.ContainerStateMachine (ContainerStateMachine.java:takeSnapshot(303)) - group-12A76C11AE81: Finished taking a snapshot at:(t:1, i:0) file:/home/runner/work/ozone/ozone/hadoop-ozone/integration-test/target/test-dir/MiniOzoneClusterImpl-25acc1c1-a8f2-4117-88d4-9d8f1e28eca9/datanode-1/data/ratis/61082ebc-df4a-49b7-95bf-12a76c11ae81/sm/snapshot.1_0 took: 1 ms
2021-09-22 01:10:10,758 [e58ea0e2-171c-4fa7-a930-6c25c8dc249c@group-12A76C11AE81-StateMachineUpdater] INFO  impl.StateMachineUpdater (StateMachineUpdater.java:takeSnapshot(281)) - e58ea0e2-171c-4fa7-a930-6c25c8dc249c@group-12A76C11AE81-StateMachineUpdater: Took a snapshot at index 0
2021-09-22 01:10:10,759 [e58ea0e2-171c-4fa7-a930-6c25c8dc249c@group-12A76C11AE81-StateMachineUpdater] INFO  impl.StateMachineUpdater (StateMachineUpdater.java:lambda$new$0(89)) - e58ea0e2-171c-4fa7-a930-6c25c8dc249c@group-12A76C11AE81-StateMachineUpdater: snapshotIndex: updateIncreasingly -1 -> 0
2021-09-22 01:10:10,759 [ForkJoinPool.commonPool-worker-1] INFO  server.RaftServer$Division (ServerState.java:close(419)) - e58ea0e2-171c-4fa7-a930-6c25c8dc249c@group-12A76C11AE81: closes. applyIndex: 0
2021-09-22 01:10:10,759 [e58ea0e2-171c-4fa7-a930-6c25c8dc249c@group-12A76C11AE81-SegmentedRaftLogWorker] INFO  segmented.SegmentedRaftLogWorker (SegmentedRaftLogWorker.java:run(327)) - e58ea0e2-171c-4fa7-a930-6c25c8dc249c@group-12A76C11AE81-SegmentedRaftLogWorker was interrupted, exiting. There are 0 tasks remaining in the queue.
2021-09-22 01:10:10,759 [ForkJoinPool.commonPool-worker-1] INFO  segmented.SegmentedRaftLogWorker (SegmentedRaftLogWorker.java:close(237)) - e58ea0e2-171c-4fa7-a930-6c25c8dc249c@group-12A76C11AE81-SegmentedRaftLogWorker close()
2021-09-22 01:10:10,760 [ForkJoinPool.commonPool-worker-1] INFO  server.RaftServer$Division (RaftServerImpl.java:lambda$close$4(407)) - e58ea0e2-171c-4fa7-a930-6c25c8dc249c@group-35C0DBF8B3D5: shutdown
2021-09-22 01:10:10,760 [ForkJoinPool.commonPool-worker-1] INFO  util.JmxRegister (JmxRegister.java:unregister(73)) - Successfully un-registered JMX Bean with object name Ratis:service=RaftServer,group=group-35C0DBF8B3D5,id=e58ea0e2-171c-4fa7-a930-6c25c8dc249c
2021-09-22 01:10:10,760 [ForkJoinPool.commonPool-worker-1] INFO  impl.RoleInfo (RoleInfo.java:shutdownLeaderState(91)) - e58ea0e2-171c-4fa7-a930-6c25c8dc249c: shutdown e58ea0e2-171c-4fa7-a930-6c25c8dc249c@group-35C0DBF8B3D5-LeaderStateImpl
2021-09-22 01:10:10,760 [ForkJoinPool.commonPool-worker-1] INFO  impl.PendingRequests (PendingRequests.java:sendNotLeaderResponses(282)) - e58ea0e2-171c-4fa7-a930-6c25c8dc249c@group-35C0DBF8B3D5-PendingRequests: sendNotLeaderResponses
2021-09-22 01:10:10,760 [e58ea0e2-171c-4fa7-a930-6c25c8dc249c@group-35C0DBF8B3D5->1846ff5f-c0f8-47b1-8bb5-c6f8d49a7778-GrpcLogAppender-LogAppenderDaemon] WARN  server.GrpcLogAppender (GrpcLogAppender.java:mayWait(175)) - e58ea0e2-171c-4fa7-a930-6c25c8dc249c@group-35C0DBF8B3D5->1846ff5f-c0f8-47b1-8bb5-c6f8d49a7778-GrpcLogAppender: Wait interrupted by java.lang.InterruptedException
2021-09-22 01:10:10,761 [ForkJoinPool.commonPool-worker-1] INFO  impl.StateMachineUpdater (StateMachineUpdater.java:stopAndJoin(149)) - e58ea0e2-171c-4fa7-a930-6c25c8dc249c@group-35C0DBF8B3D5-StateMachineUpdater: set stopIndex = 0
2021-09-22 01:10:10,761 [e58ea0e2-171c-4fa7-a930-6c25c8dc249c@group-35C0DBF8B3D5-StateMachineUpdater] INFO  ratis.ContainerStateMachine (ContainerStateMachine.java:takeSnapshot(292)) - group-35C0DBF8B3D5: Taking a snapshot at:(t:1, i:0) file /home/runner/work/ozone/ozone/hadoop-ozone/integration-test/target/test-dir/MiniOzoneClusterImpl-25acc1c1-a8f2-4117-88d4-9d8f1e28eca9/datanode-1/data/ratis/1d294895-3a97-4125-9ae0-35c0dbf8b3d5/sm/snapshot.1_0
2021-09-22 01:10:10,761 [46189feb-569c-4e6f-be55-dc7298009a0b@group-364F2152D5CE-FollowerState] INFO  impl.FollowerState (FollowerState.java:run(143)) - 46189feb-569c-4e6f-be55-dc7298009a0b@group-364F2152D5CE-FollowerState was interrupted: {}
java.lang.InterruptedException: sleep interrupted
	at java.lang.Thread.sleep(Native Method)
	at java.lang.Thread.sleep(Thread.java:340)
	at java.util.concurrent.TimeUnit.sleep(TimeUnit.java:386)
	at org.apache.ratis.util.TimeDuration.sleep(TimeDuration.java:324)
	at org.apache.ratis.util.TimeDuration.sleep(TimeDuration.java:309)
	at org.apache.ratis.server.impl.FollowerState.run(FollowerState.java:118)
2021-09-22 01:10:10,761 [grpc-default-executor-1] INFO  server.GrpcServerProtocolService (GrpcServerProtocolService.java:onCompleted(140)) - 1846ff5f-c0f8-47b1-8bb5-c6f8d49a7778: Completed APPEND_ENTRIES, lastRequest: e58ea0e2-171c-4fa7-a930-6c25c8dc249c->1846ff5f-c0f8-47b1-8bb5-c6f8d49a7778#1-t1,previous=(t:0, i:0),leaderCommit=0,initializing? true,entries: size=1, first=(t:1, i:0), CONFIGURATIONENTRY
2021-09-22 01:10:10,762 [e58ea0e2-171c-4fa7-a930-6c25c8dc249c@group-35C0DBF8B3D5-StateMachineUpdater] INFO  ratis.ContainerStateMachine (ContainerStateMachine.java:takeSnapshot(303)) - group-35C0DBF8B3D5: Finished taking a snapshot at:(t:1, i:0) file:/home/runner/work/ozone/ozone/hadoop-ozone/integration-test/target/test-dir/MiniOzoneClusterImpl-25acc1c1-a8f2-4117-88d4-9d8f1e28eca9/datanode-1/data/ratis/1d294895-3a97-4125-9ae0-35c0dbf8b3d5/sm/snapshot.1_0 took: 1 ms
2021-09-22 01:10:10,762 [e58ea0e2-171c-4fa7-a930-6c25c8dc249c@group-35C0DBF8B3D5-StateMachineUpdater] INFO  impl.StateMachineUpdater (StateMachineUpdater.java:takeSnapshot(281)) - e58ea0e2-171c-4fa7-a930-6c25c8dc249c@group-35C0DBF8B3D5-StateMachineUpdater: Took a snapshot at index 0
2021-09-22 01:10:10,762 [e58ea0e2-171c-4fa7-a930-6c25c8dc249c@group-35C0DBF8B3D5-StateMachineUpdater] INFO  impl.StateMachineUpdater (StateMachineUpdater.java:lambda$new$0(89)) - e58ea0e2-171c-4fa7-a930-6c25c8dc249c@group-35C0DBF8B3D5-StateMachineUpdater: snapshotIndex: updateIncreasingly -1 -> 0
2021-09-22 01:10:10,762 [grpc-default-executor-3] INFO  server.GrpcLogAppender (GrpcLogAppender.java:onCompleted(344)) - e58ea0e2-171c-4fa7-a930-6c25c8dc249c@group-35C0DBF8B3D5->1846ff5f-c0f8-47b1-8bb5-c6f8d49a7778-AppendLogResponseHandler: follower responses appendEntries COMPLETED
2021-09-22 01:10:10,762 [grpc-default-executor-3] INFO  leader.FollowerInfo (FollowerInfoImpl.java:lambda$new$0(46)) - e58ea0e2-171c-4fa7-a930-6c25c8dc249c@group-35C0DBF8B3D5->1846ff5f-c0f8-47b1-8bb5-c6f8d49a7778: nextIndex: updateUnconditionally 1 -> 0
2021-09-22 01:10:10,763 [ForkJoinPool.commonPool-worker-1] INFO  server.RaftServer$Division (ServerState.java:close(419)) - e58ea0e2-171c-4fa7-a930-6c25c8dc249c@group-35C0DBF8B3D5: closes. applyIndex: 0
2021-09-22 01:10:10,763 [e58ea0e2-171c-4fa7-a930-6c25c8dc249c@group-35C0DBF8B3D5-SegmentedRaftLogWorker] INFO  segmented.SegmentedRaftLogWorker (SegmentedRaftLogWorker.java:run(327)) - e58ea0e2-171c-4fa7-a930-6c25c8dc249c@group-35C0DBF8B3D5-SegmentedRaftLogWorker was interrupted, exiting. There are 0 tasks remaining in the queue.
2021-09-22 01:10:10,763 [ForkJoinPool.commonPool-worker-1] INFO  segmented.SegmentedRaftLogWorker (SegmentedRaftLogWorker.java:close(237)) - e58ea0e2-171c-4fa7-a930-6c25c8dc249c@group-35C0DBF8B3D5-SegmentedRaftLogWorker close()
2021-09-22 01:10:10,764 [ForkJoinPool.commonPool-worker-1] INFO  server.GrpcService (GrpcService.java:closeImpl(262)) - e58ea0e2-171c-4fa7-a930-6c25c8dc249c: shutdown server with port 36231 now
2021-09-22 01:10:10,765 [Listener at 127.0.0.1/44817] INFO  segmented.SegmentedRaftLogWorker (SegmentedRaftLogWorker.java:close(237)) - 46189feb-569c-4e6f-be55-dc7298009a0b@group-364F2152D5CE-SegmentedRaftLogWorker close()
2021-09-22 01:10:10,766 [Listener at 127.0.0.1/44817] INFO  server.RaftServer$Division (RaftServerImpl.java:lambda$close$4(407)) - 46189feb-569c-4e6f-be55-dc7298009a0b@group-EA7482A42541: shutdown
2021-09-22 01:10:10,766 [Listener at 127.0.0.1/44817] INFO  util.JmxRegister (JmxRegister.java:unregister(73)) - Successfully un-registered JMX Bean with object name Ratis:service=RaftServer,group=group-EA7482A42541,id=46189feb-569c-4e6f-be55-dc7298009a0b
2021-09-22 01:10:10,766 [Listener at 127.0.0.1/44817] INFO  impl.RoleInfo (RoleInfo.java:shutdownLeaderState(91)) - 46189feb-569c-4e6f-be55-dc7298009a0b: shutdown 46189feb-569c-4e6f-be55-dc7298009a0b@group-EA7482A42541-LeaderStateImpl
2021-09-22 01:10:10,766 [Listener at 127.0.0.1/44817] INFO  impl.PendingRequests (PendingRequests.java:sendNotLeaderResponses(282)) - 46189feb-569c-4e6f-be55-dc7298009a0b@group-EA7482A42541-PendingRequests: sendNotLeaderResponses
2021-09-22 01:10:10,767 [Listener at 127.0.0.1/44817] INFO  impl.StateMachineUpdater (StateMachineUpdater.java:stopAndJoin(149)) - 46189feb-569c-4e6f-be55-dc7298009a0b@group-EA7482A42541-StateMachineUpdater: set stopIndex = 0
2021-09-22 01:10:10,767 [46189feb-569c-4e6f-be55-dc7298009a0b@group-EA7482A42541-StateMachineUpdater] INFO  ratis.ContainerStateMachine (ContainerStateMachine.java:takeSnapshot(292)) - group-EA7482A42541: Taking a snapshot at:(t:1, i:0) file /home/runner/work/ozone/ozone/hadoop-ozone/integration-test/target/test-dir/MiniOzoneClusterImpl-25acc1c1-a8f2-4117-88d4-9d8f1e28eca9/datanode-4/data/ratis/dc41ab09-3424-4cc2-bf62-ea7482a42541/sm/snapshot.1_0
2021-09-22 01:10:10,768 [46189feb-569c-4e6f-be55-dc7298009a0b@group-EA7482A42541-StateMachineUpdater] INFO  ratis.ContainerStateMachine (ContainerStateMachine.java:takeSnapshot(303)) - group-EA7482A42541: Finished taking a snapshot at:(t:1, i:0) file:/home/runner/work/ozone/ozone/hadoop-ozone/integration-test/target/test-dir/MiniOzoneClusterImpl-25acc1c1-a8f2-4117-88d4-9d8f1e28eca9/datanode-4/data/ratis/dc41ab09-3424-4cc2-bf62-ea7482a42541/sm/snapshot.1_0 took: 1 ms
2021-09-22 01:10:10,768 [46189feb-569c-4e6f-be55-dc7298009a0b@group-EA7482A42541-StateMachineUpdater] INFO  impl.StateMachineUpdater (StateMachineUpdater.java:takeSnapshot(281)) - 46189feb-569c-4e6f-be55-dc7298009a0b@group-EA7482A42541-StateMachineUpdater: Took a snapshot at index 0
2021-09-22 01:10:10,768 [46189feb-569c-4e6f-be55-dc7298009a0b@group-EA7482A42541-StateMachineUpdater] INFO  impl.StateMachineUpdater (StateMachineUpdater.java:lambda$new$0(89)) - 46189feb-569c-4e6f-be55-dc7298009a0b@group-EA7482A42541-StateMachineUpdater: snapshotIndex: updateIncreasingly -1 -> 0
2021-09-22 01:10:10,768 [e58ea0e2-171c-4fa7-a930-6c25c8dc249c@group-35C0DBF8B3D5->9a2eaa79-e95b-45cd-b00f-a46126e2769a-GrpcLogAppender-LogAppenderDaemon] ERROR leader.LogAppenderDaemon (LogAppenderDaemon.java:run(86)) - e58ea0e2-171c-4fa7-a930-6c25c8dc249c@group-35C0DBF8B3D5->9a2eaa79-e95b-45cd-b00f-a46126e2769a-GrpcLogAppender-LogAppenderDaemon failed
java.lang.IllegalArgumentException: e58ea0e2-171c-4fa7-a930-6c25c8dc249c@group-35C0DBF8B3D5-SegmentedRaftLog is expected to be opened but it is CLOSED
	at org.apache.ratis.util.OpenCloseState.assertOpen(OpenCloseState.java:63)
	at org.apache.ratis.server.raftlog.RaftLogBase.checkLogState(RaftLogBase.java:107)
	at org.apache.ratis.server.raftlog.segmented.SegmentedRaftLog.getTermIndex(SegmentedRaftLog.java:322)
	at org.apache.ratis.server.leader.LogAppenderBase.getPrevious(LogAppenderBase.java:110)
	at org.apache.ratis.server.leader.LogAppenderBase.newAppendEntriesRequest(LogAppenderBase.java:128)
	at org.apache.ratis.grpc.server.GrpcLogAppender.appendLog(GrpcLogAppender.java:211)
	at org.apache.ratis.grpc.server.GrpcLogAppender.run(GrpcLogAppender.java:145)
	at org.apache.ratis.server.leader.LogAppenderDaemon.run(LogAppenderDaemon.java:77)
	at java.lang.Thread.run(Thread.java:748)
Caused by: org.apache.ratis.util.OpenCloseState$CloseTrace: Close e58ea0e2-171c-4fa7-a930-6c25c8dc249c@group-35C0DBF8B3D5-SegmentedRaftLog
	at org.apache.ratis.util.OpenCloseState.lambda$close$1(OpenCloseState.java:109)
	at java.util.concurrent.atomic.AtomicReference.getAndUpdate(AtomicReference.java:160)
	at org.apache.ratis.util.OpenCloseState.close(OpenCloseState.java:109)
	at org.apache.ratis.server.raftlog.RaftLogBase.close(RaftLogBase.java:356)
	at org.apache.ratis.server.raftlog.segmented.SegmentedRaftLog.close(SegmentedRaftLog.java:505)
	at org.apache.ratis.server.impl.ServerState.close(ServerState.java:421)
	at org.apache.ratis.server.impl.RaftServerImpl.lambda$close$4(RaftServerImpl.java:429)
	at org.apache.ratis.util.LifeCycle.lambda$checkStateAndClose$4(LifeCycle.java:299)
	at org.apache.ratis.util.LifeCycle.checkStateAndClose(LifeCycle.java:319)
	at org.apache.ratis.util.LifeCycle.checkStateAndClose(LifeCycle.java:297)
	at org.apache.ratis.server.impl.RaftServerImpl.close(RaftServerImpl.java:406)
	at org.apache.ratis.server.impl.RaftServerProxy$ImplMap.close(RaftServerProxy.java:129)
	at org.apache.ratis.server.impl.RaftServerProxy$ImplMap.lambda$close$0(RaftServerProxy.java:117)
	at java.util.stream.ForEachOps$ForEachOp$OfRef.accept(ForEachOps.java:183)
	at java.util.concurrent.ConcurrentHashMap$EntrySpliterator.forEachRemaining(ConcurrentHashMap.java:3606)
	at java.util.stream.AbstractPipeline.copyInto(AbstractPipeline.java:482)
	at java.util.stream.ForEachOps$ForEachTask.compute(ForEachOps.java:290)
	at java.util.concurrent.CountedCompleter.exec(CountedCompleter.java:731)
	at java.util.concurrent.ForkJoinTask.doExec(ForkJoinTask.java:289)
	at java.util.concurrent.ForkJoinTask.doInvoke(ForkJoinTask.java:401)
	at java.util.concurrent.ForkJoinTask.invoke(ForkJoinTask.java:734)
	at java.util.stream.ForEachOps$ForEachOp.evaluateParallel(ForEachOps.java:159)
	at java.util.stream.ForEachOps$ForEachOp$OfRef.evaluateParallel(ForEachOps.java:173)
	at java.util.stream.AbstractPipeline.evaluate(AbstractPipeline.java:233)
	at java.util.stream.ReferencePipeline.forEach(ReferencePipeline.java:485)
	at java.util.stream.ReferencePipeline$Head.forEach(ReferencePipeline.java:650)
	at org.apache.ratis.server.impl.RaftServerProxy$ImplMap.close(RaftServerProxy.java:117)
	at org.apache.ratis.server.impl.RaftServerProxy.lambda$close$6(RaftServerProxy.java:392)
	at org.apache.ratis.util.LifeCycle.lambda$checkStateAndClose$4(LifeCycle.java:299)
	at org.apache.ratis.util.LifeCycle.checkStateAndClose(LifeCycle.java:319)
	at org.apache.ratis.util.LifeCycle.checkStateAndClose(LifeCycle.java:297)
	at org.apache.ratis.server.impl.RaftServerProxy.close(RaftServerProxy.java:390)
	at org.apache.hadoop.ozone.container.common.transport.server.ratis.XceiverServerRatis.stop(XceiverServerRatis.java:513)
	at org.apache.hadoop.ozone.container.ozoneimpl.OzoneContainer.stop(OzoneContainer.java:328)
	at org.apache.hadoop.ozone.container.common.statemachine.DatanodeStateMachine.close(DatanodeStateMachine.java:369)
	at org.apache.hadoop.ozone.container.common.statemachine.DatanodeStateMachine.stopDaemon(DatanodeStateMachine.java:514)
	at org.apache.hadoop.ozone.HddsDatanodeService.stop(HddsDatanodeService.java:587)
	at org.apache.hadoop.ozone.MiniOzoneClusterImpl.stopDatanode(MiniOzoneClusterImpl.java:535)
	at java.util.stream.ForEachOps$ForEachOp$OfRef.accept(ForEachOps.java:183)
	at java.util.ArrayList$ArrayListSpliterator.forEachRemaining(ArrayList.java:1384)
	at java.util.stream.AbstractPipeline.copyInto(AbstractPipeline.java:482)
	at java.util.stream.ForEachOps$ForEachTask.compute(ForEachOps.java:290)
	at java.util.concurrent.CountedCompleter.exec(CountedCompleter.java:731)
	at java.util.concurrent.ForkJoinTask.doExec(ForkJoinTask.java:289)
	at java.util.concurrent.ForkJoinPool$WorkQueue.runTask(ForkJoinPool.java:1056)
	at java.util.concurrent.ForkJoinPool.runWorker(ForkJoinPool.java:1692)
	at java.util.concurrent.ForkJoinWorkerThread.run(ForkJoinWorkerThread.java:175)
2021-09-22 01:10:10,769 [grpc-default-executor-3] WARN  client.GrpcClientProtocolService (LogUtils.java:warn(122)) - 1-UnorderedRequestStreamObserver1: onError: org.apache.ratis.thirdparty.io.grpc.StatusRuntimeException: CANCELLED: client cancelled
2021-09-22 01:10:10,768 [Listener at 127.0.0.1/44817] INFO  server.RaftServer$Division (ServerState.java:close(419)) - 46189feb-569c-4e6f-be55-dc7298009a0b@group-EA7482A42541: closes. applyIndex: 0
2021-09-22 01:10:10,782 [46189feb-569c-4e6f-be55-dc7298009a0b@group-EA7482A42541-SegmentedRaftLogWorker] INFO  segmented.SegmentedRaftLogWorker (SegmentedRaftLogWorker.java:run(327)) - 46189feb-569c-4e6f-be55-dc7298009a0b@group-EA7482A42541-SegmentedRaftLogWorker was interrupted, exiting. There are 0 tasks remaining in the queue.
2021-09-22 01:10:10,783 [ForkJoinPool.commonPool-worker-1] INFO  server.GrpcService (GrpcService.java:closeImpl(271)) - e58ea0e2-171c-4fa7-a930-6c25c8dc249c: shutdown server with port 36231 successfully
2021-09-22 01:10:10,783 [org.apache.ratis.util.JvmPauseMonitor$$Lambda$531/1517202074@3017426] INFO  util.JvmPauseMonitor (JvmPauseMonitor.java:run(109)) - JvmPauseMonitor-e58ea0e2-171c-4fa7-a930-6c25c8dc249c: Stopped
2021-09-22 01:10:10,785 [Listener at 127.0.0.1/44817] INFO  segmented.SegmentedRaftLogWorker (SegmentedRaftLogWorker.java:close(237)) - 46189feb-569c-4e6f-be55-dc7298009a0b@group-EA7482A42541-SegmentedRaftLogWorker close()
2021-09-22 01:10:10,785 [ForkJoinPool.commonPool-worker-1] INFO  utils.BackgroundService (BackgroundService.java:shutdown(132)) - Shutting down service BlockDeletingService
2021-09-22 01:10:10,788 [Listener at 127.0.0.1/44817] INFO  server.RaftServer$Division (RaftServerImpl.java:lambda$close$4(407)) - 46189feb-569c-4e6f-be55-dc7298009a0b@group-7D8C5C10C900: shutdown
2021-09-22 01:10:10,788 [Listener at 127.0.0.1/44817] INFO  util.JmxRegister (JmxRegister.java:unregister(73)) - Successfully un-registered JMX Bean with object name Ratis:service=RaftServer,group=group-7D8C5C10C900,id=46189feb-569c-4e6f-be55-dc7298009a0b
2021-09-22 01:10:10,788 [Listener at 127.0.0.1/44817] INFO  impl.RoleInfo (RoleInfo.java:shutdownLeaderState(91)) - 46189feb-569c-4e6f-be55-dc7298009a0b: shutdown 46189feb-569c-4e6f-be55-dc7298009a0b@group-7D8C5C10C900-LeaderStateImpl
2021-09-22 01:10:10,788 [Listener at 127.0.0.1/44817] INFO  impl.PendingRequests (PendingRequests.java:sendNotLeaderResponses(282)) - 46189feb-569c-4e6f-be55-dc7298009a0b@group-7D8C5C10C900-PendingRequests: sendNotLeaderResponses
2021-09-22 01:10:10,788 [Listener at 127.0.0.1/44817] INFO  impl.StateMachineUpdater (StateMachineUpdater.java:stopAndJoin(149)) - 46189feb-569c-4e6f-be55-dc7298009a0b@group-7D8C5C10C900-StateMachineUpdater: set stopIndex = 0
2021-09-22 01:10:10,789 [46189feb-569c-4e6f-be55-dc7298009a0b@group-7D8C5C10C900-StateMachineUpdater] INFO  ratis.ContainerStateMachine (ContainerStateMachine.java:takeSnapshot(292)) - group-7D8C5C10C900: Taking a snapshot at:(t:7, i:0) file /home/runner/work/ozone/ozone/hadoop-ozone/integration-test/target/test-dir/MiniOzoneClusterImpl-25acc1c1-a8f2-4117-88d4-9d8f1e28eca9/datanode-4/data/ratis/4de357ff-d8b8-41d9-a7ee-7d8c5c10c900/sm/snapshot.7_0
2021-09-22 01:10:10,789 [46189feb-569c-4e6f-be55-dc7298009a0b@group-7D8C5C10C900-StateMachineUpdater] INFO  ratis.ContainerStateMachine (ContainerStateMachine.java:takeSnapshot(303)) - group-7D8C5C10C900: Finished taking a snapshot at:(t:7, i:0) file:/home/runner/work/ozone/ozone/hadoop-ozone/integration-test/target/test-dir/MiniOzoneClusterImpl-25acc1c1-a8f2-4117-88d4-9d8f1e28eca9/datanode-4/data/ratis/4de357ff-d8b8-41d9-a7ee-7d8c5c10c900/sm/snapshot.7_0 took: 1 ms
2021-09-22 01:10:10,790 [46189feb-569c-4e6f-be55-dc7298009a0b@group-7D8C5C10C900-StateMachineUpdater] INFO  impl.StateMachineUpdater (StateMachineUpdater.java:takeSnapshot(281)) - 46189feb-569c-4e6f-be55-dc7298009a0b@group-7D8C5C10C900-StateMachineUpdater: Took a snapshot at index 0
2021-09-22 01:10:10,790 [46189feb-569c-4e6f-be55-dc7298009a0b@group-7D8C5C10C900-StateMachineUpdater] INFO  impl.StateMachineUpdater (StateMachineUpdater.java:lambda$new$0(89)) - 46189feb-569c-4e6f-be55-dc7298009a0b@group-7D8C5C10C900-StateMachineUpdater: snapshotIndex: updateIncreasingly -1 -> 0
2021-09-22 01:10:10,794 [46189feb-569c-4e6f-be55-dc7298009a0b@group-7D8C5C10C900->fff18091-4bc4-4dc4-9e0e-c7b7b9f7a092-GrpcLogAppender-LogAppenderDaemon] WARN  server.GrpcLogAppender (GrpcLogAppender.java:mayWait(175)) - 46189feb-569c-4e6f-be55-dc7298009a0b@group-7D8C5C10C900->fff18091-4bc4-4dc4-9e0e-c7b7b9f7a092-GrpcLogAppender: Wait interrupted by java.lang.InterruptedException
2021-09-22 01:10:10,794 [46189feb-569c-4e6f-be55-dc7298009a0b@group-7D8C5C10C900->0d23f380-5b64-4336-bea7-d12bd7eaa710-GrpcLogAppender-LogAppenderDaemon] WARN  server.GrpcLogAppender (GrpcLogAppender.java:mayWait(175)) - 46189feb-569c-4e6f-be55-dc7298009a0b@group-7D8C5C10C900->0d23f380-5b64-4336-bea7-d12bd7eaa710-GrpcLogAppender: Wait interrupted by java.lang.InterruptedException
2021-09-22 01:10:10,795 [grpc-default-executor-3] INFO  server.GrpcServerProtocolService (GrpcServerProtocolService.java:onCompleted(140)) - 0d23f380-5b64-4336-bea7-d12bd7eaa710: Completed APPEND_ENTRIES, lastRequest: 46189feb-569c-4e6f-be55-dc7298009a0b->0d23f380-5b64-4336-bea7-d12bd7eaa710#1-t7,previous=(t:0, i:0),leaderCommit=-1,initializing? true,entries: size=1, first=(t:7, i:0), CONFIGURATIONENTRY
2021-09-22 01:10:10,795 [grpc-default-executor-3] INFO  server.GrpcLogAppender (GrpcLogAppender.java:onCompleted(344)) - 46189feb-569c-4e6f-be55-dc7298009a0b@group-7D8C5C10C900->0d23f380-5b64-4336-bea7-d12bd7eaa710-AppendLogResponseHandler: follower responses appendEntries COMPLETED
2021-09-22 01:10:10,795 [grpc-default-executor-3] INFO  leader.FollowerInfo (FollowerInfoImpl.java:lambda$new$0(46)) - 46189feb-569c-4e6f-be55-dc7298009a0b@group-7D8C5C10C900->0d23f380-5b64-4336-bea7-d12bd7eaa710: nextIndex: updateUnconditionally 1 -> 0
2021-09-22 01:10:10,796 [grpc-default-executor-3] INFO  server.GrpcServerProtocolService (GrpcServerProtocolService.java:onCompleted(140)) - fff18091-4bc4-4dc4-9e0e-c7b7b9f7a092: Completed APPEND_ENTRIES, lastRequest: 46189feb-569c-4e6f-be55-dc7298009a0b->fff18091-4bc4-4dc4-9e0e-c7b7b9f7a092#1-t7,previous=(t:0, i:0),leaderCommit=0,initializing? true,entries: size=1, first=(t:7, i:0), CONFIGURATIONENTRY
2021-09-22 01:10:10,796 [grpc-default-executor-1] INFO  server.GrpcLogAppender (GrpcLogAppender.java:onCompleted(344)) - 46189feb-569c-4e6f-be55-dc7298009a0b@group-7D8C5C10C900->fff18091-4bc4-4dc4-9e0e-c7b7b9f7a092-AppendLogResponseHandler: follower responses appendEntries COMPLETED
2021-09-22 01:10:10,796 [grpc-default-executor-1] INFO  leader.FollowerInfo (FollowerInfoImpl.java:lambda$new$0(46)) - 46189feb-569c-4e6f-be55-dc7298009a0b@group-7D8C5C10C900->fff18091-4bc4-4dc4-9e0e-c7b7b9f7a092: nextIndex: updateUnconditionally 1 -> 0
2021-09-22 01:10:10,796 [Listener at 127.0.0.1/44817] INFO  server.RaftServer$Division (ServerState.java:close(419)) - 46189feb-569c-4e6f-be55-dc7298009a0b@group-7D8C5C10C900: closes. applyIndex: 0
2021-09-22 01:10:10,797 [46189feb-569c-4e6f-be55-dc7298009a0b@group-7D8C5C10C900-SegmentedRaftLogWorker] INFO  segmented.SegmentedRaftLogWorker (SegmentedRaftLogWorker.java:run(327)) - 46189feb-569c-4e6f-be55-dc7298009a0b@group-7D8C5C10C900-SegmentedRaftLogWorker was interrupted, exiting. There are 0 tasks remaining in the queue.
2021-09-22 01:10:10,797 [Listener at 127.0.0.1/44817] INFO  segmented.SegmentedRaftLogWorker (SegmentedRaftLogWorker.java:close(237)) - 46189feb-569c-4e6f-be55-dc7298009a0b@group-7D8C5C10C900-SegmentedRaftLogWorker close()
2021-09-22 01:10:10,797 [Listener at 127.0.0.1/44817] INFO  server.GrpcService (GrpcService.java:closeImpl(262)) - 46189feb-569c-4e6f-be55-dc7298009a0b: shutdown server with port 40371 now
2021-09-22 01:10:10,803 [grpc-default-executor-1] WARN  server.GrpcServerProtocolService (LogUtils.java:warn(122)) - 46189feb-569c-4e6f-be55-dc7298009a0b: installSnapshot onError, lastRequest: 0d23f380-5b64-4336-bea7-d12bd7eaa710->46189feb-569c-4e6f-be55-dc7298009a0b#1-t8,previous=(t:0, i:0),leaderCommit=-1,initializing? true,entries: size=1, first=(t:8, i:0), CONFIGURATIONENTRY: org.apache.ratis.thirdparty.io.grpc.StatusRuntimeException: CANCELLED: client cancelled
2021-09-22 01:10:10,803 [grpc-default-executor-3] WARN  server.GrpcLogAppender (LogUtils.java:warn(122)) - 0d23f380-5b64-4336-bea7-d12bd7eaa710@group-364F2152D5CE->46189feb-569c-4e6f-be55-dc7298009a0b-AppendLogResponseHandler: Failed appendEntries: org.apache.ratis.thirdparty.io.grpc.StatusRuntimeException: CANCELLED: HTTP/2 error code: CANCEL
Received Rst Stream
2021-09-22 01:10:10,803 [grpc-default-executor-3] WARN  server.GrpcLogAppender (GrpcLogAppender.java:resetClient(111)) - 0d23f380-5b64-4336-bea7-d12bd7eaa710@group-364F2152D5CE->46189feb-569c-4e6f-be55-dc7298009a0b-GrpcLogAppender: Leader has not got in touch with Follower 0d23f380-5b64-4336-bea7-d12bd7eaa710@group-364F2152D5CE->46189feb-569c-4e6f-be55-dc7298009a0b(c-1,m0,n1, attendVote=true, lastRpcSendTime=4, lastRpcResponseTime=2505) yet, just keep nextIndex unchanged and retry.
2021-09-22 01:10:10,824 [Listener at 127.0.0.1/44817] INFO  server.GrpcService (GrpcService.java:closeImpl(271)) - 46189feb-569c-4e6f-be55-dc7298009a0b: shutdown server with port 40371 successfully
2021-09-22 01:10:10,826 [org.apache.ratis.util.JvmPauseMonitor$$Lambda$531/1517202074@3acb4cb3] INFO  util.JvmPauseMonitor (JvmPauseMonitor.java:run(109)) - JvmPauseMonitor-46189feb-569c-4e6f-be55-dc7298009a0b: Stopped
2021-09-22 01:10:10,829 [Listener at 127.0.0.1/44817] INFO  utils.BackgroundService (BackgroundService.java:shutdown(132)) - Shutting down service BlockDeletingService
2021-09-22 01:10:13,311 [grpc-default-executor-1] WARN  server.GrpcLogAppender (LogUtils.java:warn(122)) - 0d23f380-5b64-4336-bea7-d12bd7eaa710@group-364F2152D5CE->46189feb-569c-4e6f-be55-dc7298009a0b-AppendLogResponseHandler: Failed appendEntries: org.apache.ratis.thirdparty.io.grpc.StatusRuntimeException: UNAVAILABLE: io exception
2021-09-22 01:10:13,312 [grpc-default-executor-1] WARN  server.GrpcLogAppender (GrpcLogAppender.java:resetClient(111)) - 0d23f380-5b64-4336-bea7-d12bd7eaa710@group-364F2152D5CE->46189feb-569c-4e6f-be55-dc7298009a0b-GrpcLogAppender: Leader has not got in touch with Follower 0d23f380-5b64-4336-bea7-d12bd7eaa710@group-364F2152D5CE->46189feb-569c-4e6f-be55-dc7298009a0b(c-1,m0,n1, attendVote=true, lastRpcSendTime=1, lastRpcResponseTime=5013) yet, just keep nextIndex unchanged and retry.
2021-09-22 01:10:13,804 [ForkJoinPool.commonPool-worker-1] INFO  statemachine.DatanodeStateMachine (DatanodeStateMachine.java:stopDaemon(515)) - Ozone container server stopped.
2021-09-22 01:10:13,806 [ForkJoinPool.commonPool-worker-1] INFO  handler.ContextHandler (ContextHandler.java:doStop(1153)) - Stopped o.e.j.w.WebAppContext@1e26937f{hddsDatanode,/,null,STOPPED}{jar:file:/home/runner/.m2/repository/org/apache/ozone/hdds-container-service/1.2.0-SNAPSHOT/hdds-container-service-1.2.0-SNAPSHOT.jar!/webapps/hddsDatanode}
2021-09-22 01:10:13,807 [ForkJoinPool.commonPool-worker-1] INFO  server.AbstractConnector (AbstractConnector.java:doStop(381)) - Stopped ServerConnector@4f99956e{HTTP/1.1, (http/1.1)}{0.0.0.0:0}
2021-09-22 01:10:13,807 [ForkJoinPool.commonPool-worker-1] INFO  server.session (HouseKeeper.java:stopScavenging(149)) - node0 Stopped scavenging
2021-09-22 01:10:13,809 [ForkJoinPool.commonPool-worker-1] INFO  handler.ContextHandler (ContextHandler.java:doStop(1153)) - Stopped o.e.j.s.ServletContextHandler@40e1dfd8{static,/static,jar:file:/home/runner/.m2/repository/org/apache/ozone/hdds-container-service/1.2.0-SNAPSHOT/hdds-container-service-1.2.0-SNAPSHOT.jar!/webapps/static,STOPPED}
2021-09-22 01:10:13,809 [ForkJoinPool.commonPool-worker-1] INFO  handler.ContextHandler (ContextHandler.java:doStop(1153)) - Stopped o.e.j.s.ServletContextHandler@169a4e17{logs,/logs,file:///home/runner/work/ozone/ozone/hadoop-ozone/integration-test/target/log,STOPPED}
2021-09-22 01:10:13,858 [Listener at 127.0.0.1/44817] INFO  statemachine.DatanodeStateMachine (DatanodeStateMachine.java:stopDaemon(515)) - Ozone container server stopped.
2021-09-22 01:10:13,859 [Listener at 127.0.0.1/44817] INFO  handler.ContextHandler (ContextHandler.java:doStop(1153)) - Stopped o.e.j.w.WebAppContext@32879ea8{hddsDatanode,/,null,STOPPED}{jar:file:/home/runner/.m2/repository/org/apache/ozone/hdds-container-service/1.2.0-SNAPSHOT/hdds-container-service-1.2.0-SNAPSHOT.jar!/webapps/hddsDatanode}
2021-09-22 01:10:13,859 [Listener at 127.0.0.1/44817] INFO  server.AbstractConnector (AbstractConnector.java:doStop(381)) - Stopped ServerConnector@3565b00f{HTTP/1.1, (http/1.1)}{0.0.0.0:0}
2021-09-22 01:10:13,859 [Listener at 127.0.0.1/44817] INFO  server.session (HouseKeeper.java:stopScavenging(149)) - node0 Stopped scavenging
2021-09-22 01:10:13,859 [Listener at 127.0.0.1/44817] INFO  handler.ContextHandler (ContextHandler.java:doStop(1153)) - Stopped o.e.j.s.ServletContextHandler@3de86c8a{static,/static,jar:file:/home/runner/.m2/repository/org/apache/ozone/hdds-container-service/1.2.0-SNAPSHOT/hdds-container-service-1.2.0-SNAPSHOT.jar!/webapps/static,STOPPED}
2021-09-22 01:10:13,860 [Listener at 127.0.0.1/44817] INFO  handler.ContextHandler (ContextHandler.java:doStop(1153)) - Stopped o.e.j.s.ServletContextHandler@ab86d7a{logs,/logs,file:///home/runner/work/ozone/ozone/hadoop-ozone/integration-test/target/log,STOPPED}
2021-09-22 01:10:14,998 [EventQueue-StaleNodeForStaleNodeHandler] INFO  node.StaleNodeHandler (StaleNodeHandler.java:onMessage(58)) - Datanode e58ea0e2-171c-4fa7-a930-6c25c8dc249c{ip: 10.1.0.5, host: fv-az294-326.eaanfquahm5ulb5tj050gcxych.jx.internal.cloudapp.net, ports: [REPLICATION=44987, RATIS=36231, RATIS_ADMIN=36231, RATIS_SERVER=36231, STANDALONE=33533], networkLocation: /default-rack, certSerialId: null, persistedOpState: IN_SERVICE, persistedOpStateExpiryEpochSec: 0} moved to stale state. Finalizing its pipelines [PipelineID=61082ebc-df4a-49b7-95bf-12a76c11ae81]
2021-09-22 01:10:14,999 [EventQueue-StaleNodeForStaleNodeHandler] INFO  pipeline.PipelineManagerImpl (PipelineManagerImpl.java:closePipeline(342)) - Pipeline Pipeline[ Id: 61082ebc-df4a-49b7-95bf-12a76c11ae81, Nodes: e58ea0e2-171c-4fa7-a930-6c25c8dc249c{ip: 10.1.0.5, host: fv-az294-326.eaanfquahm5ulb5tj050gcxych.jx.internal.cloudapp.net, ports: [REPLICATION=44987, RATIS=36231, RATIS_ADMIN=36231, RATIS_SERVER=36231, STANDALONE=33533], networkLocation: /default-rack, certSerialId: null, persistedOpState: IN_SERVICE, persistedOpStateExpiryEpochSec: 0}, ReplicationConfig: RATIS/ONE, State:OPEN, leaderId:e58ea0e2-171c-4fa7-a930-6c25c8dc249c, CreationTimestamp2021-09-22T01:09:23.360Z[Etc/UTC]] moved to CLOSED state
2021-09-22 01:10:14,999 [EventQueue-StaleNodeForStaleNodeHandler] INFO  node.StaleNodeHandler (StaleNodeHandler.java:onMessage(58)) - Datanode 46189feb-569c-4e6f-be55-dc7298009a0b{ip: 10.1.0.5, host: fv-az294-326.eaanfquahm5ulb5tj050gcxych.jx.internal.cloudapp.net, ports: [REPLICATION=45851, RATIS=40371, RATIS_ADMIN=40371, RATIS_SERVER=40371, STANDALONE=40153], networkLocation: /default-rack, certSerialId: null, persistedOpState: IN_SERVICE, persistedOpStateExpiryEpochSec: 0} moved to stale state. Finalizing its pipelines [PipelineID=8dc922f3-9a9c-404c-8e65-364f2152d5ce, PipelineID=dc41ab09-3424-4cc2-bf62-ea7482a42541, PipelineID=4de357ff-d8b8-41d9-a7ee-7d8c5c10c900]
2021-09-22 01:10:14,999 [EventQueue-StaleNodeForStaleNodeHandler] INFO  pipeline.PipelineManagerImpl (PipelineManagerImpl.java:closePipeline(342)) - Pipeline Pipeline[ Id: 8dc922f3-9a9c-404c-8e65-364f2152d5ce, Nodes: fff18091-4bc4-4dc4-9e0e-c7b7b9f7a092{ip: 10.1.0.5, host: fv-az294-326.eaanfquahm5ulb5tj050gcxych.jx.internal.cloudapp.net, ports: [REPLICATION=42601, RATIS=43419, RATIS_ADMIN=43419, RATIS_SERVER=43419, STANDALONE=44117], networkLocation: /default-rack, certSerialId: null, persistedOpState: IN_SERVICE, persistedOpStateExpiryEpochSec: 0}46189feb-569c-4e6f-be55-dc7298009a0b{ip: 10.1.0.5, host: fv-az294-326.eaanfquahm5ulb5tj050gcxych.jx.internal.cloudapp.net, ports: [REPLICATION=45851, RATIS=40371, RATIS_ADMIN=40371, RATIS_SERVER=40371, STANDALONE=40153], networkLocation: /default-rack, certSerialId: null, persistedOpState: IN_SERVICE, persistedOpStateExpiryEpochSec: 0}0d23f380-5b64-4336-bea7-d12bd7eaa710{ip: 10.1.0.5, host: fv-az294-326.eaanfquahm5ulb5tj050gcxych.jx.internal.cloudapp.net, ports: [REPLICATION=43925, RATIS=40155, RATIS_ADMIN=40155, RATIS_SERVER=40155, STANDALONE=43011], networkLocation: /default-rack, certSerialId: null, persistedOpState: IN_SERVICE, persistedOpStateExpiryEpochSec: 0}, ReplicationConfig: RATIS/THREE, State:OPEN, leaderId:0d23f380-5b64-4336-bea7-d12bd7eaa710, CreationTimestamp2021-09-22T01:09:24.487Z[Etc/UTC]] moved to CLOSED state
2021-09-22 01:10:15,000 [EventQueue-StaleNodeForStaleNodeHandler] INFO  pipeline.PipelineManagerImpl (PipelineManagerImpl.java:closePipeline(342)) - Pipeline Pipeline[ Id: dc41ab09-3424-4cc2-bf62-ea7482a42541, Nodes: 46189feb-569c-4e6f-be55-dc7298009a0b{ip: 10.1.0.5, host: fv-az294-326.eaanfquahm5ulb5tj050gcxych.jx.internal.cloudapp.net, ports: [REPLICATION=45851, RATIS=40371, RATIS_ADMIN=40371, RATIS_SERVER=40371, STANDALONE=40153], networkLocation: /default-rack, certSerialId: null, persistedOpState: IN_SERVICE, persistedOpStateExpiryEpochSec: 0}, ReplicationConfig: RATIS/ONE, State:OPEN, leaderId:46189feb-569c-4e6f-be55-dc7298009a0b, CreationTimestamp2021-09-22T01:09:24.275Z[Etc/UTC]] moved to CLOSED state
2021-09-22 01:10:15,000 [EventQueue-StaleNodeForStaleNodeHandler] INFO  pipeline.PipelineManagerImpl (PipelineManagerImpl.java:closePipeline(342)) - Pipeline Pipeline[ Id: 4de357ff-d8b8-41d9-a7ee-7d8c5c10c900, Nodes: 46189feb-569c-4e6f-be55-dc7298009a0b{ip: 10.1.0.5, host: fv-az294-326.eaanfquahm5ulb5tj050gcxych.jx.internal.cloudapp.net, ports: [REPLICATION=45851, RATIS=40371, RATIS_ADMIN=40371, RATIS_SERVER=40371, STANDALONE=40153], networkLocation: /default-rack, certSerialId: null, persistedOpState: IN_SERVICE, persistedOpStateExpiryEpochSec: 0}fff18091-4bc4-4dc4-9e0e-c7b7b9f7a092{ip: 10.1.0.5, host: fv-az294-326.eaanfquahm5ulb5tj050gcxych.jx.internal.cloudapp.net, ports: [REPLICATION=42601, RATIS=43419, RATIS_ADMIN=43419, RATIS_SERVER=43419, STANDALONE=44117], networkLocation: /default-rack, certSerialId: null, persistedOpState: IN_SERVICE, persistedOpStateExpiryEpochSec: 0}0d23f380-5b64-4336-bea7-d12bd7eaa710{ip: 10.1.0.5, host: fv-az294-326.eaanfquahm5ulb5tj050gcxych.jx.internal.cloudapp.net, ports: [REPLICATION=43925, RATIS=40155, RATIS_ADMIN=40155, RATIS_SERVER=40155, STANDALONE=43011], networkLocation: /default-rack, certSerialId: null, persistedOpState: IN_SERVICE, persistedOpStateExpiryEpochSec: 0}, ReplicationConfig: RATIS/THREE, State:OPEN, leaderId:46189feb-569c-4e6f-be55-dc7298009a0b, CreationTimestamp2021-09-22T01:09:24.489Z[Etc/UTC]] moved to CLOSED state
2021-09-22 01:10:15,826 [grpc-default-executor-1] WARN  server.GrpcLogAppender (LogUtils.java:warn(122)) - 0d23f380-5b64-4336-bea7-d12bd7eaa710@group-364F2152D5CE->46189feb-569c-4e6f-be55-dc7298009a0b-AppendLogResponseHandler: Failed appendEntries: org.apache.ratis.thirdparty.io.grpc.StatusRuntimeException: UNAVAILABLE: io exception
2021-09-22 01:10:15,826 [grpc-default-executor-1] WARN  server.GrpcLogAppender (GrpcLogAppender.java:resetClient(111)) - 0d23f380-5b64-4336-bea7-d12bd7eaa710@group-364F2152D5CE->46189feb-569c-4e6f-be55-dc7298009a0b-GrpcLogAppender: Leader has not got in touch with Follower 0d23f380-5b64-4336-bea7-d12bd7eaa710@group-364F2152D5CE->46189feb-569c-4e6f-be55-dc7298009a0b(c-1,m0,n1, attendVote=true, lastRpcSendTime=0, lastRpcResponseTime=7528) yet, just keep nextIndex unchanged and retry.
2021-09-22 01:10:18,163 [0d23f380-5b64-4336-bea7-d12bd7eaa710@group-7D8C5C10C900-FollowerState] INFO  impl.FollowerState (FollowerState.java:run(134)) - 0d23f380-5b64-4336-bea7-d12bd7eaa710@group-7D8C5C10C900-FollowerState: change to CANDIDATE, lastRpcElapsedTime:7618400025ns, electionTimeout:5173ms
2021-09-22 01:10:18,163 [0d23f380-5b64-4336-bea7-d12bd7eaa710@group-7D8C5C10C900-FollowerState] INFO  impl.RoleInfo (RoleInfo.java:shutdownFollowerState(108)) - 0d23f380-5b64-4336-bea7-d12bd7eaa710: shutdown 0d23f380-5b64-4336-bea7-d12bd7eaa710@group-7D8C5C10C900-FollowerState
2021-09-22 01:10:18,163 [0d23f380-5b64-4336-bea7-d12bd7eaa710@group-7D8C5C10C900-FollowerState] INFO  server.RaftServer$Division (RaftServerImpl.java:setRole(285)) - 0d23f380-5b64-4336-bea7-d12bd7eaa710@group-7D8C5C10C900: changes role from  FOLLOWER to CANDIDATE at term 7 for changeToCandidate
2021-09-22 01:10:18,163 [0d23f380-5b64-4336-bea7-d12bd7eaa710@group-7D8C5C10C900-FollowerState] INFO  server.RaftServerConfigKeys (ConfUtils.java:logGet(44)) - raft.server.leaderelection.pre-vote = false (custom)
2021-09-22 01:10:18,163 [0d23f380-5b64-4336-bea7-d12bd7eaa710@group-7D8C5C10C900-FollowerState] INFO  impl.RoleInfo (RoleInfo.java:updateAndGet(130)) - 0d23f380-5b64-4336-bea7-d12bd7eaa710: start 0d23f380-5b64-4336-bea7-d12bd7eaa710@group-7D8C5C10C900-LeaderElection36
2021-09-22 01:10:18,170 [0d23f380-5b64-4336-bea7-d12bd7eaa710@group-7D8C5C10C900-LeaderElection36] INFO  server.RaftServer$Division (ServerState.java:setLeader(285)) - 0d23f380-5b64-4336-bea7-d12bd7eaa710@group-7D8C5C10C900: change Leader from 46189feb-569c-4e6f-be55-dc7298009a0b to null at term 7 for ELECTION
2021-09-22 01:10:18,191 [0d23f380-5b64-4336-bea7-d12bd7eaa710@group-7D8C5C10C900-LeaderElection36] INFO  impl.LeaderElection (LeaderElection.java:askForVotes(306)) - 0d23f380-5b64-4336-bea7-d12bd7eaa710@group-7D8C5C10C900-LeaderElection36 ELECTION round 0: submit vote requests at term 8 for 0: [0d23f380-5b64-4336-bea7-d12bd7eaa710|rpc:10.1.0.5:40155|dataStream:|priority:0, 46189feb-569c-4e6f-be55-dc7298009a0b|rpc:10.1.0.5:40371|dataStream:|priority:1, fff18091-4bc4-4dc4-9e0e-c7b7b9f7a092|rpc:10.1.0.5:43419|dataStream:|priority:0], old=null
2021-09-22 01:10:18,212 [0d23f380-5b64-4336-bea7-d12bd7eaa710@group-7D8C5C10C900-LeaderElection36] INFO  impl.LeaderElection (LogUtils.java:infoOrTrace(137)) - 0d23f380-5b64-4336-bea7-d12bd7eaa710@group-7D8C5C10C900-LeaderElection36 got exception when requesting votes: java.util.concurrent.ExecutionException: org.apache.ratis.thirdparty.io.grpc.StatusRuntimeException: UNAVAILABLE: io exception
2021-09-22 01:10:18,217 [grpc-default-executor-1] INFO  server.RaftServer$Division (RaftServerImpl.java:requestVote(1043)) - fff18091-4bc4-4dc4-9e0e-c7b7b9f7a092@group-7D8C5C10C900: receive requestVote(ELECTION, 0d23f380-5b64-4336-bea7-d12bd7eaa710, group-7D8C5C10C900, 8, (t:7, i:0))
2021-09-22 01:10:18,217 [grpc-default-executor-1] INFO  impl.VoteContext (VoteContext.java:log(48)) - fff18091-4bc4-4dc4-9e0e-c7b7b9f7a092@group-7D8C5C10C900-FOLLOWER: accept ELECTION from 0d23f380-5b64-4336-bea7-d12bd7eaa710: our priority 0 <= candidate's priority 0
2021-09-22 01:10:18,217 [grpc-default-executor-1] INFO  server.RaftServer$Division (ServerState.java:setLeader(285)) - fff18091-4bc4-4dc4-9e0e-c7b7b9f7a092@group-7D8C5C10C900: change Leader from 46189feb-569c-4e6f-be55-dc7298009a0b to null at term 8 for updateCurrentTerm
2021-09-22 01:10:18,217 [grpc-default-executor-1] INFO  server.RaftServer$Division (RaftServerImpl.java:setRole(285)) - fff18091-4bc4-4dc4-9e0e-c7b7b9f7a092@group-7D8C5C10C900: changes role from  FOLLOWER to FOLLOWER at term 8 for candidate:0d23f380-5b64-4336-bea7-d12bd7eaa710
2021-09-22 01:10:18,217 [grpc-default-executor-1] INFO  impl.RoleInfo (RoleInfo.java:shutdownFollowerState(108)) - fff18091-4bc4-4dc4-9e0e-c7b7b9f7a092: shutdown fff18091-4bc4-4dc4-9e0e-c7b7b9f7a092@group-7D8C5C10C900-FollowerState
2021-09-22 01:10:18,218 [grpc-default-executor-1] INFO  impl.RoleInfo (RoleInfo.java:updateAndGet(130)) - fff18091-4bc4-4dc4-9e0e-c7b7b9f7a092: start fff18091-4bc4-4dc4-9e0e-c7b7b9f7a092@group-7D8C5C10C900-FollowerState
2021-09-22 01:10:18,218 [fff18091-4bc4-4dc4-9e0e-c7b7b9f7a092@group-7D8C5C10C900-FollowerState] INFO  impl.FollowerState (FollowerState.java:run(143)) - fff18091-4bc4-4dc4-9e0e-c7b7b9f7a092@group-7D8C5C10C900-FollowerState was interrupted: {}
java.lang.InterruptedException: sleep interrupted
	at java.lang.Thread.sleep(Native Method)
	at java.lang.Thread.sleep(Thread.java:340)
	at java.util.concurrent.TimeUnit.sleep(TimeUnit.java:386)
	at org.apache.ratis.util.TimeDuration.sleep(TimeDuration.java:324)
	at org.apache.ratis.util.TimeDuration.sleep(TimeDuration.java:309)
	at org.apache.ratis.server.impl.FollowerState.run(FollowerState.java:118)
2021-09-22 01:10:18,229 [grpc-default-executor-1] INFO  server.RaftServer$Division (RaftServerImpl.java:requestVote(1075)) - fff18091-4bc4-4dc4-9e0e-c7b7b9f7a092@group-7D8C5C10C900 replies to ELECTION vote request: 0d23f380-5b64-4336-bea7-d12bd7eaa710<-fff18091-4bc4-4dc4-9e0e-c7b7b9f7a092#0:OK-t8. Peer's state: fff18091-4bc4-4dc4-9e0e-c7b7b9f7a092@group-7D8C5C10C900:t8, leader=null, voted=0d23f380-5b64-4336-bea7-d12bd7eaa710, raftlog=fff18091-4bc4-4dc4-9e0e-c7b7b9f7a092@group-7D8C5C10C900-SegmentedRaftLog:OPENED:c0,f0,i0, conf=0: [0d23f380-5b64-4336-bea7-d12bd7eaa710|rpc:10.1.0.5:40155|dataStream:|priority:0, 46189feb-569c-4e6f-be55-dc7298009a0b|rpc:10.1.0.5:40371|dataStream:|priority:1, fff18091-4bc4-4dc4-9e0e-c7b7b9f7a092|rpc:10.1.0.5:43419|dataStream:|priority:0], old=null
2021-09-22 01:10:18,230 [0d23f380-5b64-4336-bea7-d12bd7eaa710@group-7D8C5C10C900-LeaderElection36] INFO  impl.LeaderElection (LeaderElection.java:logAndReturn(89)) - 0d23f380-5b64-4336-bea7-d12bd7eaa710@group-7D8C5C10C900-LeaderElection36: ELECTION PASSED received 1 response(s) and 1 exception(s):
2021-09-22 01:10:18,230 [0d23f380-5b64-4336-bea7-d12bd7eaa710@group-7D8C5C10C900-LeaderElection36] INFO  impl.LeaderElection (LeaderElection.java:logAndReturn(93)) -   Response 0: 0d23f380-5b64-4336-bea7-d12bd7eaa710<-fff18091-4bc4-4dc4-9e0e-c7b7b9f7a092#0:OK-t8
2021-09-22 01:10:18,230 [0d23f380-5b64-4336-bea7-d12bd7eaa710@group-7D8C5C10C900-LeaderElection36] INFO  impl.LeaderElection (LogUtils.java:infoOrTrace(137)) -   Exception 1: java.util.concurrent.ExecutionException: org.apache.ratis.thirdparty.io.grpc.StatusRuntimeException: UNAVAILABLE: io exception
2021-09-22 01:10:18,230 [0d23f380-5b64-4336-bea7-d12bd7eaa710@group-7D8C5C10C900-LeaderElection36] INFO  impl.LeaderElection (LeaderElection.java:askForVotes(308)) - 0d23f380-5b64-4336-bea7-d12bd7eaa710@group-7D8C5C10C900-LeaderElection36 ELECTION round 0: result PASSED
2021-09-22 01:10:18,230 [0d23f380-5b64-4336-bea7-d12bd7eaa710@group-7D8C5C10C900-LeaderElection36] INFO  impl.RoleInfo (RoleInfo.java:shutdownLeaderElection(121)) - 0d23f380-5b64-4336-bea7-d12bd7eaa710: shutdown 0d23f380-5b64-4336-bea7-d12bd7eaa710@group-7D8C5C10C900-LeaderElection36
2021-09-22 01:10:18,230 [0d23f380-5b64-4336-bea7-d12bd7eaa710@group-7D8C5C10C900-LeaderElection36] INFO  server.RaftServer$Division (RaftServerImpl.java:setRole(285)) - 0d23f380-5b64-4336-bea7-d12bd7eaa710@group-7D8C5C10C900: changes role from CANDIDATE to LEADER at term 8 for changeToLeader
2021-09-22 01:10:18,230 [0d23f380-5b64-4336-bea7-d12bd7eaa710@group-7D8C5C10C900-LeaderElection36] INFO  ratis.XceiverServerRatis (XceiverServerRatis.java:handleLeaderChangedNotification(860)) - Leader change notification received for group: group-7D8C5C10C900 with new leaderId: 0d23f380-5b64-4336-bea7-d12bd7eaa710
2021-09-22 01:10:18,230 [0d23f380-5b64-4336-bea7-d12bd7eaa710@group-7D8C5C10C900-LeaderElection36] INFO  server.RaftServer$Division (ServerState.java:setLeader(285)) - 0d23f380-5b64-4336-bea7-d12bd7eaa710@group-7D8C5C10C900: change Leader from null to 0d23f380-5b64-4336-bea7-d12bd7eaa710 at term 8 for becomeLeader, leader elected after 59ms
2021-09-22 01:10:18,230 [0d23f380-5b64-4336-bea7-d12bd7eaa710@group-7D8C5C10C900-LeaderElection36] INFO  server.RaftServerConfigKeys (ConfUtils.java:logGet(44)) - raft.server.staging.catchup.gap = 1000 (default)
2021-09-22 01:10:18,230 [Datanode State Machine Thread - 0] WARN  statemachine.StateContext (StateContext.java:execute(621)) - No available thread in pool for past 1 seconds.
2021-09-22 01:10:18,232 [0d23f380-5b64-4336-bea7-d12bd7eaa710@group-7D8C5C10C900-LeaderElection36] INFO  server.RaftServerConfigKeys (ConfUtils.java:logGet(44)) - raft.server.write.element-limit = 1024 (custom)
2021-09-22 01:10:18,232 [0d23f380-5b64-4336-bea7-d12bd7eaa710@group-7D8C5C10C900-LeaderElection36] INFO  server.RaftServerConfigKeys (ConfUtils.java:logGet(44)) - raft.server.write.byte-limit = 1024 M (=1073741824) (custom)
2021-09-22 01:10:18,232 [0d23f380-5b64-4336-bea7-d12bd7eaa710@group-7D8C5C10C900-LeaderElection36] INFO  server.RaftServerConfigKeys (ConfUtils.java:logGet(44)) - raft.server.watch.timeout = 3000ms (custom)
2021-09-22 01:10:18,232 [0d23f380-5b64-4336-bea7-d12bd7eaa710@group-7D8C5C10C900-LeaderElection36] INFO  server.RaftServerConfigKeys (ConfUtils.java:logGet(44)) - raft.server.watch.timeout.denomination = 1s (default)
2021-09-22 01:10:18,232 [0d23f380-5b64-4336-bea7-d12bd7eaa710@group-7D8C5C10C900-LeaderElection36] INFO  server.RaftServerConfigKeys (ConfUtils.java:logGet(44)) - raft.server.watch.element-limit = 65536 (default)
2021-09-22 01:10:18,232 [0d23f380-5b64-4336-bea7-d12bd7eaa710@group-7D8C5C10C900-LeaderElection36] INFO  server.RaftServerConfigKeys (ConfUtils.java:logGet(44)) - raft.server.log.appender.snapshot.chunk.size.max = 16MB (=16777216) (default)
2021-09-22 01:10:18,233 [0d23f380-5b64-4336-bea7-d12bd7eaa710@group-7D8C5C10C900-LeaderElection36] INFO  server.RaftServerConfigKeys (ConfUtils.java:logGet(44)) - raft.server.log.appender.buffer.byte-limit = 33554432 (custom)
2021-09-22 01:10:18,233 [0d23f380-5b64-4336-bea7-d12bd7eaa710@group-7D8C5C10C900-LeaderElection36] INFO  server.RaftServerConfigKeys (ConfUtils.java:logGet(44)) - raft.server.log.appender.buffer.element-limit = 1 (custom)
2021-09-22 01:10:18,233 [0d23f380-5b64-4336-bea7-d12bd7eaa710@group-7D8C5C10C900-LeaderElection36] INFO  grpc.GrpcConfigKeys (ConfUtils.java:logGet(44)) - raft.grpc.server.leader.outstanding.appends.max = 128 (default)
2021-09-22 01:10:18,233 [0d23f380-5b64-4336-bea7-d12bd7eaa710@group-7D8C5C10C900-LeaderElection36] INFO  server.RaftServerConfigKeys (ConfUtils.java:logGet(44)) - raft.server.rpc.request.timeout = 3000ms (default)
2021-09-22 01:10:18,233 [0d23f380-5b64-4336-bea7-d12bd7eaa710@group-7D8C5C10C900-LeaderElection36] INFO  server.RaftServerConfigKeys (ConfUtils.java:logGet(44)) - raft.server.log.appender.install.snapshot.enabled = false (custom)
2021-09-22 01:10:18,233 [0d23f380-5b64-4336-bea7-d12bd7eaa710@group-7D8C5C10C900-LeaderElection36] INFO  server.RaftServerConfigKeys (ConfUtils.java:logGet(44)) - raft.server.log.appender.snapshot.chunk.size.max = 16MB (=16777216) (default)
2021-09-22 01:10:18,233 [0d23f380-5b64-4336-bea7-d12bd7eaa710@group-7D8C5C10C900-LeaderElection36] INFO  server.RaftServerConfigKeys (ConfUtils.java:logGet(44)) - raft.server.log.appender.buffer.byte-limit = 33554432 (custom)
2021-09-22 01:10:18,233 [0d23f380-5b64-4336-bea7-d12bd7eaa710@group-7D8C5C10C900-LeaderElection36] INFO  server.RaftServerConfigKeys (ConfUtils.java:logGet(44)) - raft.server.log.appender.buffer.element-limit = 1 (custom)
2021-09-22 01:10:18,233 [0d23f380-5b64-4336-bea7-d12bd7eaa710@group-7D8C5C10C900-LeaderElection36] INFO  grpc.GrpcConfigKeys (ConfUtils.java:logGet(44)) - raft.grpc.server.leader.outstanding.appends.max = 128 (default)
2021-09-22 01:10:18,233 [0d23f380-5b64-4336-bea7-d12bd7eaa710@group-7D8C5C10C900-LeaderElection36] INFO  server.RaftServerConfigKeys (ConfUtils.java:logGet(44)) - raft.server.rpc.request.timeout = 3000ms (default)
2021-09-22 01:10:18,233 [0d23f380-5b64-4336-bea7-d12bd7eaa710@group-7D8C5C10C900-LeaderElection36] INFO  server.RaftServerConfigKeys (ConfUtils.java:logGet(44)) - raft.server.log.appender.install.snapshot.enabled = false (custom)
2021-09-22 01:10:18,234 [0d23f380-5b64-4336-bea7-d12bd7eaa710@group-7D8C5C10C900-LeaderElection36] INFO  impl.RoleInfo (RoleInfo.java:updateAndGet(130)) - 0d23f380-5b64-4336-bea7-d12bd7eaa710: start 0d23f380-5b64-4336-bea7-d12bd7eaa710@group-7D8C5C10C900-LeaderStateImpl
2021-09-22 01:10:18,234 [0d23f380-5b64-4336-bea7-d12bd7eaa710@group-7D8C5C10C900-LeaderElection36] INFO  segmented.SegmentedRaftLogWorker (SegmentedRaftLogWorker.java:rollLogSegment(399)) - 0d23f380-5b64-4336-bea7-d12bd7eaa710@group-7D8C5C10C900-SegmentedRaftLogWorker: Rolling segment log-0_0 to index:0
2021-09-22 01:10:18,236 [0d23f380-5b64-4336-bea7-d12bd7eaa710@group-7D8C5C10C900-SegmentedRaftLogWorker] INFO  segmented.SegmentedRaftLogWorker (SegmentedRaftLogWorker.java:execute(558)) - 0d23f380-5b64-4336-bea7-d12bd7eaa710@group-7D8C5C10C900-SegmentedRaftLogWorker: Rolled log segment from /home/runner/work/ozone/ozone/hadoop-ozone/integration-test/target/test-dir/MiniOzoneClusterImpl-25acc1c1-a8f2-4117-88d4-9d8f1e28eca9/datanode-5/data/ratis/4de357ff-d8b8-41d9-a7ee-7d8c5c10c900/current/log_inprogress_0 to /home/runner/work/ozone/ozone/hadoop-ozone/integration-test/target/test-dir/MiniOzoneClusterImpl-25acc1c1-a8f2-4117-88d4-9d8f1e28eca9/datanode-5/data/ratis/4de357ff-d8b8-41d9-a7ee-7d8c5c10c900/current/log_0-0
2021-09-22 01:10:18,237 [0d23f380-5b64-4336-bea7-d12bd7eaa710@group-7D8C5C10C900-SegmentedRaftLogWorker] INFO  segmented.SegmentedRaftLogWorker (SegmentedRaftLogWorker.java:execute(601)) - 0d23f380-5b64-4336-bea7-d12bd7eaa710@group-7D8C5C10C900-SegmentedRaftLogWorker: created new log segment /home/runner/work/ozone/ozone/hadoop-ozone/integration-test/target/test-dir/MiniOzoneClusterImpl-25acc1c1-a8f2-4117-88d4-9d8f1e28eca9/datanode-5/data/ratis/4de357ff-d8b8-41d9-a7ee-7d8c5c10c900/current/log_inprogress_1
2021-09-22 01:10:18,246 [grpc-default-executor-1] WARN  server.GrpcLogAppender (LogUtils.java:warn(122)) - 0d23f380-5b64-4336-bea7-d12bd7eaa710@group-7D8C5C10C900->46189feb-569c-4e6f-be55-dc7298009a0b-AppendLogResponseHandler: Failed appendEntries: org.apache.ratis.thirdparty.io.grpc.StatusRuntimeException: UNAVAILABLE: io exception
2021-09-22 01:10:18,251 [0d23f380-5b64-4336-bea7-d12bd7eaa710@group-7D8C5C10C900-LeaderElection36] INFO  server.RaftServer$Division (ServerState.java:setRaftConf(387)) - 0d23f380-5b64-4336-bea7-d12bd7eaa710@group-7D8C5C10C900: set configuration 1: [0d23f380-5b64-4336-bea7-d12bd7eaa710|rpc:10.1.0.5:40155|dataStream:|priority:0, 46189feb-569c-4e6f-be55-dc7298009a0b|rpc:10.1.0.5:40371|dataStream:|priority:1, fff18091-4bc4-4dc4-9e0e-c7b7b9f7a092|rpc:10.1.0.5:43419|dataStream:|priority:0], old=null
2021-09-22 01:10:18,266 [grpc-default-executor-1] WARN  server.GrpcLogAppender (GrpcLogAppender.java:resetClient(111)) - 0d23f380-5b64-4336-bea7-d12bd7eaa710@group-7D8C5C10C900->46189feb-569c-4e6f-be55-dc7298009a0b-GrpcLogAppender: Leader has not got in touch with Follower 0d23f380-5b64-4336-bea7-d12bd7eaa710@group-7D8C5C10C900->46189feb-569c-4e6f-be55-dc7298009a0b(c-1,m0,n2, attendVote=true, lastRpcSendTime=17, lastRpcResponseTime=5233) yet, just keep nextIndex unchanged and retry.
2021-09-22 01:10:18,272 [grpc-default-executor-1] INFO  ratis.XceiverServerRatis (XceiverServerRatis.java:handleLeaderChangedNotification(860)) - Leader change notification received for group: group-7D8C5C10C900 with new leaderId: 0d23f380-5b64-4336-bea7-d12bd7eaa710
2021-09-22 01:10:18,272 [grpc-default-executor-1] INFO  server.RaftServer$Division (ServerState.java:setLeader(285)) - fff18091-4bc4-4dc4-9e0e-c7b7b9f7a092@group-7D8C5C10C900: change Leader from null to 0d23f380-5b64-4336-bea7-d12bd7eaa710 at term 8 for appendEntries, leader elected after 54ms
2021-09-22 01:10:18,280 [grpc-default-executor-1] INFO  server.RaftServer$Division (ServerState.java:setRaftConf(387)) - fff18091-4bc4-4dc4-9e0e-c7b7b9f7a092@group-7D8C5C10C900: set configuration 1: [0d23f380-5b64-4336-bea7-d12bd7eaa710|rpc:10.1.0.5:40155|dataStream:|priority:0, 46189feb-569c-4e6f-be55-dc7298009a0b|rpc:10.1.0.5:40371|dataStream:|priority:1, fff18091-4bc4-4dc4-9e0e-c7b7b9f7a092|rpc:10.1.0.5:43419|dataStream:|priority:0], old=null
2021-09-22 01:10:18,280 [grpc-default-executor-1] INFO  segmented.SegmentedRaftLogWorker (SegmentedRaftLogWorker.java:rollLogSegment(399)) - fff18091-4bc4-4dc4-9e0e-c7b7b9f7a092@group-7D8C5C10C900-SegmentedRaftLogWorker: Rolling segment log-0_0 to index:0
2021-09-22 01:10:18,280 [fff18091-4bc4-4dc4-9e0e-c7b7b9f7a092@group-7D8C5C10C900-SegmentedRaftLogWorker] INFO  segmented.SegmentedRaftLogWorker (SegmentedRaftLogWorker.java:execute(558)) - fff18091-4bc4-4dc4-9e0e-c7b7b9f7a092@group-7D8C5C10C900-SegmentedRaftLogWorker: Rolled log segment from /home/runner/work/ozone/ozone/hadoop-ozone/integration-test/target/test-dir/MiniOzoneClusterImpl-25acc1c1-a8f2-4117-88d4-9d8f1e28eca9/datanode-3/data/ratis/4de357ff-d8b8-41d9-a7ee-7d8c5c10c900/current/log_inprogress_0 to /home/runner/work/ozone/ozone/hadoop-ozone/integration-test/target/test-dir/MiniOzoneClusterImpl-25acc1c1-a8f2-4117-88d4-9d8f1e28eca9/datanode-3/data/ratis/4de357ff-d8b8-41d9-a7ee-7d8c5c10c900/current/log_0-0
2021-09-22 01:10:18,282 [fff18091-4bc4-4dc4-9e0e-c7b7b9f7a092@group-7D8C5C10C900-SegmentedRaftLogWorker] INFO  segmented.SegmentedRaftLogWorker (SegmentedRaftLogWorker.java:execute(601)) - fff18091-4bc4-4dc4-9e0e-c7b7b9f7a092@group-7D8C5C10C900-SegmentedRaftLogWorker: created new log segment /home/runner/work/ozone/ozone/hadoop-ozone/integration-test/target/test-dir/MiniOzoneClusterImpl-25acc1c1-a8f2-4117-88d4-9d8f1e28eca9/datanode-3/data/ratis/4de357ff-d8b8-41d9-a7ee-7d8c5c10c900/current/log_inprogress_1
2021-09-22 01:10:18,315 [grpc-default-executor-1] WARN  server.GrpcLogAppender (LogUtils.java:warn(122)) - 0d23f380-5b64-4336-bea7-d12bd7eaa710@group-7D8C5C10C900->46189feb-569c-4e6f-be55-dc7298009a0b-AppendLogResponseHandler: Failed appendEntries: org.apache.ratis.thirdparty.io.grpc.StatusRuntimeException: UNAVAILABLE: io exception
2021-09-22 01:10:18,316 [grpc-default-executor-1] WARN  server.GrpcLogAppender (GrpcLogAppender.java:resetClient(111)) - 0d23f380-5b64-4336-bea7-d12bd7eaa710@group-7D8C5C10C900->46189feb-569c-4e6f-be55-dc7298009a0b-GrpcLogAppender: Leader has not got in touch with Follower 0d23f380-5b64-4336-bea7-d12bd7eaa710@group-7D8C5C10C900->46189feb-569c-4e6f-be55-dc7298009a0b(c-1,m0,n3, attendVote=true, lastRpcSendTime=0, lastRpcResponseTime=5283) yet, just keep nextIndex unchanged and retry.
2021-09-22 01:10:18,330 [grpc-default-executor-1] WARN  server.GrpcLogAppender (LogUtils.java:warn(122)) - 0d23f380-5b64-4336-bea7-d12bd7eaa710@group-364F2152D5CE->46189feb-569c-4e6f-be55-dc7298009a0b-AppendLogResponseHandler: Failed appendEntries: org.apache.ratis.thirdparty.io.grpc.StatusRuntimeException: UNAVAILABLE: io exception
2021-09-22 01:10:18,331 [grpc-default-executor-1] WARN  server.GrpcLogAppender (GrpcLogAppender.java:resetClient(111)) - 0d23f380-5b64-4336-bea7-d12bd7eaa710@group-364F2152D5CE->46189feb-569c-4e6f-be55-dc7298009a0b-GrpcLogAppender: Leader has not got in touch with Follower 0d23f380-5b64-4336-bea7-d12bd7eaa710@group-364F2152D5CE->46189feb-569c-4e6f-be55-dc7298009a0b(c-1,m0,n1, attendVote=true, lastRpcSendTime=0, lastRpcResponseTime=10032) yet, just keep nextIndex unchanged and retry.
2021-09-22 01:10:18,812 [ForkJoinPool.commonPool-worker-1] INFO  ozoneimpl.OzoneContainer (OzoneContainer.java:stop(325)) - Attempting to stop container services.
2021-09-22 01:10:18,813 [ForkJoinPool.commonPool-worker-1] INFO  server.RaftServer (RaftServerProxy.java:lambda$close$6(391)) - 1846ff5f-c0f8-47b1-8bb5-c6f8d49a7778: close
2021-09-22 01:10:18,813 [ForkJoinPool.commonPool-worker-1] INFO  server.RaftServer$Division (RaftServerImpl.java:lambda$close$4(407)) - 1846ff5f-c0f8-47b1-8bb5-c6f8d49a7778@group-C4FC351EDEF1: shutdown
2021-09-22 01:10:18,813 [ForkJoinPool.commonPool-worker-1] INFO  util.JmxRegister (JmxRegister.java:unregister(73)) - Successfully un-registered JMX Bean with object name Ratis:service=RaftServer,group=group-C4FC351EDEF1,id=1846ff5f-c0f8-47b1-8bb5-c6f8d49a7778
2021-09-22 01:10:18,813 [ForkJoinPool.commonPool-worker-1] INFO  impl.RoleInfo (RoleInfo.java:shutdownLeaderState(91)) - 1846ff5f-c0f8-47b1-8bb5-c6f8d49a7778: shutdown 1846ff5f-c0f8-47b1-8bb5-c6f8d49a7778@group-C4FC351EDEF1-LeaderStateImpl
2021-09-22 01:10:18,813 [ForkJoinPool.commonPool-worker-1] INFO  impl.PendingRequests (PendingRequests.java:sendNotLeaderResponses(282)) - 1846ff5f-c0f8-47b1-8bb5-c6f8d49a7778@group-C4FC351EDEF1-PendingRequests: sendNotLeaderResponses
2021-09-22 01:10:18,813 [ForkJoinPool.commonPool-worker-1] INFO  impl.StateMachineUpdater (StateMachineUpdater.java:stopAndJoin(149)) - 1846ff5f-c0f8-47b1-8bb5-c6f8d49a7778@group-C4FC351EDEF1-StateMachineUpdater: set stopIndex = 0
2021-09-22 01:10:18,814 [1846ff5f-c0f8-47b1-8bb5-c6f8d49a7778@group-C4FC351EDEF1-StateMachineUpdater] INFO  ratis.ContainerStateMachine (ContainerStateMachine.java:takeSnapshot(292)) - group-C4FC351EDEF1: Taking a snapshot at:(t:1, i:0) file /home/runner/work/ozone/ozone/hadoop-ozone/integration-test/target/test-dir/MiniOzoneClusterImpl-25acc1c1-a8f2-4117-88d4-9d8f1e28eca9/datanode-6/data/ratis/941beb5a-db47-4f53-9f69-c4fc351edef1/sm/snapshot.1_0
2021-09-22 01:10:18,814 [1846ff5f-c0f8-47b1-8bb5-c6f8d49a7778@group-C4FC351EDEF1-StateMachineUpdater] INFO  ratis.ContainerStateMachine (ContainerStateMachine.java:takeSnapshot(303)) - group-C4FC351EDEF1: Finished taking a snapshot at:(t:1, i:0) file:/home/runner/work/ozone/ozone/hadoop-ozone/integration-test/target/test-dir/MiniOzoneClusterImpl-25acc1c1-a8f2-4117-88d4-9d8f1e28eca9/datanode-6/data/ratis/941beb5a-db47-4f53-9f69-c4fc351edef1/sm/snapshot.1_0 took: 1 ms
2021-09-22 01:10:18,815 [1846ff5f-c0f8-47b1-8bb5-c6f8d49a7778@group-C4FC351EDEF1-StateMachineUpdater] INFO  impl.StateMachineUpdater (StateMachineUpdater.java:takeSnapshot(281)) - 1846ff5f-c0f8-47b1-8bb5-c6f8d49a7778@group-C4FC351EDEF1-StateMachineUpdater: Took a snapshot at index 0
2021-09-22 01:10:18,815 [1846ff5f-c0f8-47b1-8bb5-c6f8d49a7778@group-C4FC351EDEF1-StateMachineUpdater] INFO  impl.StateMachineUpdater (StateMachineUpdater.java:lambda$new$0(89)) - 1846ff5f-c0f8-47b1-8bb5-c6f8d49a7778@group-C4FC351EDEF1-StateMachineUpdater: snapshotIndex: updateIncreasingly -1 -> 0
2021-09-22 01:10:18,815 [ForkJoinPool.commonPool-worker-1] INFO  server.RaftServer$Division (ServerState.java:close(419)) - 1846ff5f-c0f8-47b1-8bb5-c6f8d49a7778@group-C4FC351EDEF1: closes. applyIndex: 0
2021-09-22 01:10:18,815 [1846ff5f-c0f8-47b1-8bb5-c6f8d49a7778@group-C4FC351EDEF1-SegmentedRaftLogWorker] INFO  segmented.SegmentedRaftLogWorker (SegmentedRaftLogWorker.java:run(327)) - 1846ff5f-c0f8-47b1-8bb5-c6f8d49a7778@group-C4FC351EDEF1-SegmentedRaftLogWorker was interrupted, exiting. There are 0 tasks remaining in the queue.
2021-09-22 01:10:18,815 [ForkJoinPool.commonPool-worker-1] INFO  segmented.SegmentedRaftLogWorker (SegmentedRaftLogWorker.java:close(237)) - 1846ff5f-c0f8-47b1-8bb5-c6f8d49a7778@group-C4FC351EDEF1-SegmentedRaftLogWorker close()
2021-09-22 01:10:18,816 [ForkJoinPool.commonPool-worker-1] INFO  server.GrpcService (GrpcService.java:closeImpl(262)) - 1846ff5f-c0f8-47b1-8bb5-c6f8d49a7778: shutdown server with port 36461 now
2021-09-22 01:10:18,817 [ForkJoinPool.commonPool-worker-1] INFO  server.GrpcService (GrpcService.java:closeImpl(271)) - 1846ff5f-c0f8-47b1-8bb5-c6f8d49a7778: shutdown server with port 36461 successfully
2021-09-22 01:10:18,817 [org.apache.ratis.util.JvmPauseMonitor$$Lambda$531/1517202074@5bf5a896] INFO  util.JvmPauseMonitor (JvmPauseMonitor.java:run(109)) - JvmPauseMonitor-1846ff5f-c0f8-47b1-8bb5-c6f8d49a7778: Stopped
2021-09-22 01:10:18,826 [ForkJoinPool.commonPool-worker-1] INFO  utils.BackgroundService (BackgroundService.java:shutdown(132)) - Shutting down service BlockDeletingService
2021-09-22 01:10:18,862 [Listener at 127.0.0.1/44817] INFO  ozoneimpl.OzoneContainer (OzoneContainer.java:stop(325)) - Attempting to stop container services.
2021-09-22 01:10:18,862 [Listener at 127.0.0.1/44817] INFO  server.RaftServer (RaftServerProxy.java:lambda$close$6(391)) - fff18091-4bc4-4dc4-9e0e-c7b7b9f7a092: close
2021-09-22 01:10:18,862 [Listener at 127.0.0.1/44817] INFO  server.RaftServer$Division (RaftServerImpl.java:lambda$close$4(407)) - fff18091-4bc4-4dc4-9e0e-c7b7b9f7a092@group-FC12D3EA79D0: shutdown
2021-09-22 01:10:18,862 [Listener at 127.0.0.1/44817] INFO  util.JmxRegister (JmxRegister.java:unregister(73)) - Successfully un-registered JMX Bean with object name Ratis:service=RaftServer,group=group-FC12D3EA79D0,id=fff18091-4bc4-4dc4-9e0e-c7b7b9f7a092
2021-09-22 01:10:18,863 [Listener at 127.0.0.1/44817] INFO  impl.RoleInfo (RoleInfo.java:shutdownLeaderState(91)) - fff18091-4bc4-4dc4-9e0e-c7b7b9f7a092: shutdown fff18091-4bc4-4dc4-9e0e-c7b7b9f7a092@group-FC12D3EA79D0-LeaderStateImpl
2021-09-22 01:10:18,863 [Listener at 127.0.0.1/44817] INFO  impl.PendingRequests (PendingRequests.java:sendNotLeaderResponses(282)) - fff18091-4bc4-4dc4-9e0e-c7b7b9f7a092@group-FC12D3EA79D0-PendingRequests: sendNotLeaderResponses
2021-09-22 01:10:18,863 [Listener at 127.0.0.1/44817] INFO  impl.StateMachineUpdater (StateMachineUpdater.java:stopAndJoin(149)) - fff18091-4bc4-4dc4-9e0e-c7b7b9f7a092@group-FC12D3EA79D0-StateMachineUpdater: set stopIndex = 0
2021-09-22 01:10:18,863 [fff18091-4bc4-4dc4-9e0e-c7b7b9f7a092@group-FC12D3EA79D0-StateMachineUpdater] INFO  ratis.ContainerStateMachine (ContainerStateMachine.java:takeSnapshot(292)) - group-FC12D3EA79D0: Taking a snapshot at:(t:1, i:0) file /home/runner/work/ozone/ozone/hadoop-ozone/integration-test/target/test-dir/MiniOzoneClusterImpl-25acc1c1-a8f2-4117-88d4-9d8f1e28eca9/datanode-3/data/ratis/ba993a31-53ec-4478-b060-fc12d3ea79d0/sm/snapshot.1_0
2021-09-22 01:10:18,864 [fff18091-4bc4-4dc4-9e0e-c7b7b9f7a092@group-FC12D3EA79D0-StateMachineUpdater] INFO  ratis.ContainerStateMachine (ContainerStateMachine.java:takeSnapshot(303)) - group-FC12D3EA79D0: Finished taking a snapshot at:(t:1, i:0) file:/home/runner/work/ozone/ozone/hadoop-ozone/integration-test/target/test-dir/MiniOzoneClusterImpl-25acc1c1-a8f2-4117-88d4-9d8f1e28eca9/datanode-3/data/ratis/ba993a31-53ec-4478-b060-fc12d3ea79d0/sm/snapshot.1_0 took: 1 ms
2021-09-22 01:10:18,864 [fff18091-4bc4-4dc4-9e0e-c7b7b9f7a092@group-FC12D3EA79D0-StateMachineUpdater] INFO  impl.StateMachineUpdater (StateMachineUpdater.java:takeSnapshot(281)) - fff18091-4bc4-4dc4-9e0e-c7b7b9f7a092@group-FC12D3EA79D0-StateMachineUpdater: Took a snapshot at index 0
2021-09-22 01:10:18,864 [fff18091-4bc4-4dc4-9e0e-c7b7b9f7a092@group-FC12D3EA79D0-StateMachineUpdater] INFO  impl.StateMachineUpdater (StateMachineUpdater.java:lambda$new$0(89)) - fff18091-4bc4-4dc4-9e0e-c7b7b9f7a092@group-FC12D3EA79D0-StateMachineUpdater: snapshotIndex: updateIncreasingly -1 -> 0
2021-09-22 01:10:18,870 [Listener at 127.0.0.1/44817] INFO  server.RaftServer$Division (ServerState.java:close(419)) - fff18091-4bc4-4dc4-9e0e-c7b7b9f7a092@group-FC12D3EA79D0: closes. applyIndex: 0
2021-09-22 01:10:18,870 [fff18091-4bc4-4dc4-9e0e-c7b7b9f7a092@group-FC12D3EA79D0-SegmentedRaftLogWorker] INFO  segmented.SegmentedRaftLogWorker (SegmentedRaftLogWorker.java:run(327)) - fff18091-4bc4-4dc4-9e0e-c7b7b9f7a092@group-FC12D3EA79D0-SegmentedRaftLogWorker was interrupted, exiting. There are 0 tasks remaining in the queue.
2021-09-22 01:10:18,870 [Listener at 127.0.0.1/44817] INFO  segmented.SegmentedRaftLogWorker (SegmentedRaftLogWorker.java:close(237)) - fff18091-4bc4-4dc4-9e0e-c7b7b9f7a092@group-FC12D3EA79D0-SegmentedRaftLogWorker close()
2021-09-22 01:10:18,874 [Listener at 127.0.0.1/44817] INFO  server.RaftServer$Division (RaftServerImpl.java:lambda$close$4(407)) - fff18091-4bc4-4dc4-9e0e-c7b7b9f7a092@group-364F2152D5CE: shutdown
2021-09-22 01:10:18,874 [Listener at 127.0.0.1/44817] INFO  util.JmxRegister (JmxRegister.java:unregister(73)) - Successfully un-registered JMX Bean with object name Ratis:service=RaftServer,group=group-364F2152D5CE,id=fff18091-4bc4-4dc4-9e0e-c7b7b9f7a092
2021-09-22 01:10:18,874 [Listener at 127.0.0.1/44817] INFO  impl.RoleInfo (RoleInfo.java:shutdownFollowerState(108)) - fff18091-4bc4-4dc4-9e0e-c7b7b9f7a092: shutdown fff18091-4bc4-4dc4-9e0e-c7b7b9f7a092@group-364F2152D5CE-FollowerState
2021-09-22 01:10:18,874 [Listener at 127.0.0.1/44817] INFO  impl.StateMachineUpdater (StateMachineUpdater.java:stopAndJoin(149)) - fff18091-4bc4-4dc4-9e0e-c7b7b9f7a092@group-364F2152D5CE-StateMachineUpdater: set stopIndex = 0
2021-09-22 01:10:18,874 [fff18091-4bc4-4dc4-9e0e-c7b7b9f7a092@group-364F2152D5CE-FollowerState] INFO  impl.FollowerState (FollowerState.java:run(143)) - fff18091-4bc4-4dc4-9e0e-c7b7b9f7a092@group-364F2152D5CE-FollowerState was interrupted: {}
java.lang.InterruptedException: sleep interrupted
	at java.lang.Thread.sleep(Native Method)
	at java.lang.Thread.sleep(Thread.java:340)
	at java.util.concurrent.TimeUnit.sleep(TimeUnit.java:386)
	at org.apache.ratis.util.TimeDuration.sleep(TimeDuration.java:324)
	at org.apache.ratis.util.TimeDuration.sleep(TimeDuration.java:309)
	at org.apache.ratis.server.impl.FollowerState.run(FollowerState.java:118)
2021-09-22 01:10:18,875 [fff18091-4bc4-4dc4-9e0e-c7b7b9f7a092@group-364F2152D5CE-StateMachineUpdater] INFO  ratis.ContainerStateMachine (ContainerStateMachine.java:takeSnapshot(292)) - group-364F2152D5CE: Taking a snapshot at:(t:8, i:0) file /home/runner/work/ozone/ozone/hadoop-ozone/integration-test/target/test-dir/MiniOzoneClusterImpl-25acc1c1-a8f2-4117-88d4-9d8f1e28eca9/datanode-3/data/ratis/8dc922f3-9a9c-404c-8e65-364f2152d5ce/sm/snapshot.8_0
2021-09-22 01:10:18,876 [fff18091-4bc4-4dc4-9e0e-c7b7b9f7a092@group-364F2152D5CE-StateMachineUpdater] INFO  ratis.ContainerStateMachine (ContainerStateMachine.java:takeSnapshot(303)) - group-364F2152D5CE: Finished taking a snapshot at:(t:8, i:0) file:/home/runner/work/ozone/ozone/hadoop-ozone/integration-test/target/test-dir/MiniOzoneClusterImpl-25acc1c1-a8f2-4117-88d4-9d8f1e28eca9/datanode-3/data/ratis/8dc922f3-9a9c-404c-8e65-364f2152d5ce/sm/snapshot.8_0 took: 1 ms
2021-09-22 01:10:18,876 [fff18091-4bc4-4dc4-9e0e-c7b7b9f7a092@group-364F2152D5CE-StateMachineUpdater] INFO  impl.StateMachineUpdater (StateMachineUpdater.java:takeSnapshot(281)) - fff18091-4bc4-4dc4-9e0e-c7b7b9f7a092@group-364F2152D5CE-StateMachineUpdater: Took a snapshot at index 0
2021-09-22 01:10:18,876 [fff18091-4bc4-4dc4-9e0e-c7b7b9f7a092@group-364F2152D5CE-StateMachineUpdater] INFO  impl.StateMachineUpdater (StateMachineUpdater.java:lambda$new$0(89)) - fff18091-4bc4-4dc4-9e0e-c7b7b9f7a092@group-364F2152D5CE-StateMachineUpdater: snapshotIndex: updateIncreasingly -1 -> 0
2021-09-22 01:10:18,876 [Listener at 127.0.0.1/44817] INFO  server.RaftServer$Division (ServerState.java:close(419)) - fff18091-4bc4-4dc4-9e0e-c7b7b9f7a092@group-364F2152D5CE: closes. applyIndex: 0
2021-09-22 01:10:18,877 [fff18091-4bc4-4dc4-9e0e-c7b7b9f7a092@group-364F2152D5CE-SegmentedRaftLogWorker] INFO  segmented.SegmentedRaftLogWorker (SegmentedRaftLogWorker.java:run(327)) - fff18091-4bc4-4dc4-9e0e-c7b7b9f7a092@group-364F2152D5CE-SegmentedRaftLogWorker was interrupted, exiting. There are 0 tasks remaining in the queue.
2021-09-22 01:10:18,877 [Listener at 127.0.0.1/44817] INFO  segmented.SegmentedRaftLogWorker (SegmentedRaftLogWorker.java:close(237)) - fff18091-4bc4-4dc4-9e0e-c7b7b9f7a092@group-364F2152D5CE-SegmentedRaftLogWorker close()
2021-09-22 01:10:18,878 [Listener at 127.0.0.1/44817] INFO  server.RaftServer$Division (RaftServerImpl.java:lambda$close$4(407)) - fff18091-4bc4-4dc4-9e0e-c7b7b9f7a092@group-7D8C5C10C900: shutdown
2021-09-22 01:10:18,878 [Listener at 127.0.0.1/44817] INFO  util.JmxRegister (JmxRegister.java:unregister(73)) - Successfully un-registered JMX Bean with object name Ratis:service=RaftServer,group=group-7D8C5C10C900,id=fff18091-4bc4-4dc4-9e0e-c7b7b9f7a092
2021-09-22 01:10:18,878 [Listener at 127.0.0.1/44817] INFO  impl.RoleInfo (RoleInfo.java:shutdownFollowerState(108)) - fff18091-4bc4-4dc4-9e0e-c7b7b9f7a092: shutdown fff18091-4bc4-4dc4-9e0e-c7b7b9f7a092@group-7D8C5C10C900-FollowerState
2021-09-22 01:10:18,878 [Listener at 127.0.0.1/44817] INFO  impl.StateMachineUpdater (StateMachineUpdater.java:stopAndJoin(149)) - fff18091-4bc4-4dc4-9e0e-c7b7b9f7a092@group-7D8C5C10C900-StateMachineUpdater: set stopIndex = 1
2021-09-22 01:10:18,878 [fff18091-4bc4-4dc4-9e0e-c7b7b9f7a092@group-7D8C5C10C900-FollowerState] INFO  impl.FollowerState (FollowerState.java:run(143)) - fff18091-4bc4-4dc4-9e0e-c7b7b9f7a092@group-7D8C5C10C900-FollowerState was interrupted: {}
java.lang.InterruptedException: sleep interrupted
	at java.lang.Thread.sleep(Native Method)
	at java.lang.Thread.sleep(Thread.java:340)
	at java.util.concurrent.TimeUnit.sleep(TimeUnit.java:386)
	at org.apache.ratis.util.TimeDuration.sleep(TimeDuration.java:324)
	at org.apache.ratis.util.TimeDuration.sleep(TimeDuration.java:309)
	at org.apache.ratis.server.impl.FollowerState.run(FollowerState.java:118)
2021-09-22 01:10:18,878 [fff18091-4bc4-4dc4-9e0e-c7b7b9f7a092@group-7D8C5C10C900-StateMachineUpdater] INFO  ratis.ContainerStateMachine (ContainerStateMachine.java:takeSnapshot(292)) - group-7D8C5C10C900: Taking a snapshot at:(t:8, i:1) file /home/runner/work/ozone/ozone/hadoop-ozone/integration-test/target/test-dir/MiniOzoneClusterImpl-25acc1c1-a8f2-4117-88d4-9d8f1e28eca9/datanode-3/data/ratis/4de357ff-d8b8-41d9-a7ee-7d8c5c10c900/sm/snapshot.8_1
2021-09-22 01:10:18,879 [fff18091-4bc4-4dc4-9e0e-c7b7b9f7a092@group-7D8C5C10C900-StateMachineUpdater] INFO  ratis.ContainerStateMachine (ContainerStateMachine.java:takeSnapshot(303)) - group-7D8C5C10C900: Finished taking a snapshot at:(t:8, i:1) file:/home/runner/work/ozone/ozone/hadoop-ozone/integration-test/target/test-dir/MiniOzoneClusterImpl-25acc1c1-a8f2-4117-88d4-9d8f1e28eca9/datanode-3/data/ratis/4de357ff-d8b8-41d9-a7ee-7d8c5c10c900/sm/snapshot.8_1 took: 0 ms
2021-09-22 01:10:18,879 [fff18091-4bc4-4dc4-9e0e-c7b7b9f7a092@group-7D8C5C10C900-StateMachineUpdater] INFO  impl.StateMachineUpdater (StateMachineUpdater.java:takeSnapshot(281)) - fff18091-4bc4-4dc4-9e0e-c7b7b9f7a092@group-7D8C5C10C900-StateMachineUpdater: Took a snapshot at index 1
2021-09-22 01:10:18,879 [fff18091-4bc4-4dc4-9e0e-c7b7b9f7a092@group-7D8C5C10C900-StateMachineUpdater] INFO  impl.StateMachineUpdater (StateMachineUpdater.java:lambda$new$0(89)) - fff18091-4bc4-4dc4-9e0e-c7b7b9f7a092@group-7D8C5C10C900-StateMachineUpdater: snapshotIndex: updateIncreasingly -1 -> 1
2021-09-22 01:10:18,879 [Listener at 127.0.0.1/44817] INFO  server.RaftServer$Division (ServerState.java:close(419)) - fff18091-4bc4-4dc4-9e0e-c7b7b9f7a092@group-7D8C5C10C900: closes. applyIndex: 1
2021-09-22 01:10:18,879 [fff18091-4bc4-4dc4-9e0e-c7b7b9f7a092@group-7D8C5C10C900-SegmentedRaftLogWorker] INFO  segmented.SegmentedRaftLogWorker (SegmentedRaftLogWorker.java:run(327)) - fff18091-4bc4-4dc4-9e0e-c7b7b9f7a092@group-7D8C5C10C900-SegmentedRaftLogWorker was interrupted, exiting. There are 0 tasks remaining in the queue.
2021-09-22 01:10:18,880 [Listener at 127.0.0.1/44817] INFO  segmented.SegmentedRaftLogWorker (SegmentedRaftLogWorker.java:close(237)) - fff18091-4bc4-4dc4-9e0e-c7b7b9f7a092@group-7D8C5C10C900-SegmentedRaftLogWorker close()
2021-09-22 01:10:18,880 [Listener at 127.0.0.1/44817] INFO  server.GrpcService (GrpcService.java:closeImpl(262)) - fff18091-4bc4-4dc4-9e0e-c7b7b9f7a092: shutdown server with port 43419 now
2021-09-22 01:10:18,894 [grpc-default-executor-3] WARN  server.GrpcServerProtocolService (LogUtils.java:warn(122)) - fff18091-4bc4-4dc4-9e0e-c7b7b9f7a092: installSnapshot onError, lastRequest: 0d23f380-5b64-4336-bea7-d12bd7eaa710->fff18091-4bc4-4dc4-9e0e-c7b7b9f7a092#1-t8,previous=(t:0, i:0),leaderCommit=-1,initializing? true,entries: size=1, first=(t:8, i:0), CONFIGURATIONENTRY: org.apache.ratis.thirdparty.io.grpc.StatusRuntimeException: CANCELLED: client cancelled
2021-09-22 01:10:18,894 [grpc-default-executor-1] WARN  server.GrpcServerProtocolService (LogUtils.java:warn(122)) - fff18091-4bc4-4dc4-9e0e-c7b7b9f7a092: installSnapshot onError, lastRequest: 0d23f380-5b64-4336-bea7-d12bd7eaa710->fff18091-4bc4-4dc4-9e0e-c7b7b9f7a092#2-t8,previous=(t:8, i:1),leaderCommit=1,initializing? true,entries: size=1, first=(t:8, i:2), METADATAENTRY(c:1): org.apache.ratis.thirdparty.io.grpc.StatusRuntimeException: CANCELLED: client cancelled
2021-09-22 01:10:18,894 [grpc-default-executor-0] WARN  server.GrpcLogAppender (LogUtils.java:warn(122)) - 0d23f380-5b64-4336-bea7-d12bd7eaa710@group-364F2152D5CE->fff18091-4bc4-4dc4-9e0e-c7b7b9f7a092-AppendLogResponseHandler: Failed appendEntries: org.apache.ratis.thirdparty.io.grpc.StatusRuntimeException: CANCELLED: HTTP/2 error code: CANCEL
Received Rst Stream
2021-09-22 01:10:18,894 [grpc-default-executor-0] WARN  server.GrpcLogAppender (GrpcLogAppender.java:resetClient(111)) - 0d23f380-5b64-4336-bea7-d12bd7eaa710@group-364F2152D5CE->fff18091-4bc4-4dc4-9e0e-c7b7b9f7a092-GrpcLogAppender: Leader has not got in touch with Follower 0d23f380-5b64-4336-bea7-d12bd7eaa710@group-364F2152D5CE->fff18091-4bc4-4dc4-9e0e-c7b7b9f7a092(c0,m0,n1, attendVote=true, lastRpcSendTime=578, lastRpcResponseTime=562) yet, just keep nextIndex unchanged and retry.
2021-09-22 01:10:18,894 [grpc-default-executor-1] WARN  server.GrpcLogAppender (LogUtils.java:warn(122)) - 0d23f380-5b64-4336-bea7-d12bd7eaa710@group-7D8C5C10C900->fff18091-4bc4-4dc4-9e0e-c7b7b9f7a092-AppendLogResponseHandler: Failed appendEntries: org.apache.ratis.thirdparty.io.grpc.StatusRuntimeException: CANCELLED: HTTP/2 error code: CANCEL
Received Rst Stream
2021-09-22 01:10:18,895 [grpc-default-executor-1] INFO  leader.FollowerInfo (FollowerInfoImpl.java:lambda$new$0(46)) - 0d23f380-5b64-4336-bea7-d12bd7eaa710@group-7D8C5C10C900->fff18091-4bc4-4dc4-9e0e-c7b7b9f7a092: nextIndex: updateUnconditionally 3 -> 2
2021-09-22 01:10:18,902 [Listener at 127.0.0.1/44817] INFO  server.GrpcService (GrpcService.java:closeImpl(271)) - fff18091-4bc4-4dc4-9e0e-c7b7b9f7a092: shutdown server with port 43419 successfully
2021-09-22 01:10:18,902 [org.apache.ratis.util.JvmPauseMonitor$$Lambda$531/1517202074@6f24deae] INFO  util.JvmPauseMonitor (JvmPauseMonitor.java:run(109)) - JvmPauseMonitor-fff18091-4bc4-4dc4-9e0e-c7b7b9f7a092: Stopped
2021-09-22 01:10:18,904 [Listener at 127.0.0.1/44817] INFO  utils.BackgroundService (BackgroundService.java:shutdown(132)) - Shutting down service BlockDeletingService
2021-09-22 01:10:18,906 [grpc-default-executor-0] WARN  server.GrpcLogAppender (LogUtils.java:warn(122)) - 0d23f380-5b64-4336-bea7-d12bd7eaa710@group-7D8C5C10C900->fff18091-4bc4-4dc4-9e0e-c7b7b9f7a092-AppendLogResponseHandler: Failed appendEntries: org.apache.ratis.thirdparty.io.grpc.StatusRuntimeException: UNAVAILABLE: io exception
2021-09-22 01:10:18,907 [grpc-default-executor-0] INFO  leader.FollowerInfo (FollowerInfoImpl.java:lambda$new$0(46)) - 0d23f380-5b64-4336-bea7-d12bd7eaa710@group-7D8C5C10C900->fff18091-4bc4-4dc4-9e0e-c7b7b9f7a092: nextIndex: updateUnconditionally 3 -> 2
2021-09-22 01:10:20,818 [grpc-default-executor-0] WARN  server.GrpcLogAppender (LogUtils.java:warn(122)) - 0d23f380-5b64-4336-bea7-d12bd7eaa710@group-7D8C5C10C900->46189feb-569c-4e6f-be55-dc7298009a0b-AppendLogResponseHandler: Failed appendEntries: org.apache.ratis.thirdparty.io.grpc.StatusRuntimeException: UNAVAILABLE: io exception
2021-09-22 01:10:20,819 [grpc-default-executor-0] WARN  server.GrpcLogAppender (GrpcLogAppender.java:resetClient(111)) - 0d23f380-5b64-4336-bea7-d12bd7eaa710@group-7D8C5C10C900->46189feb-569c-4e6f-be55-dc7298009a0b-GrpcLogAppender: Leader has not got in touch with Follower 0d23f380-5b64-4336-bea7-d12bd7eaa710@group-7D8C5C10C900->46189feb-569c-4e6f-be55-dc7298009a0b(c-1,m0,n3, attendVote=true, lastRpcSendTime=0, lastRpcResponseTime=7786) yet, just keep nextIndex unchanged and retry.
2021-09-22 01:10:20,848 [grpc-default-executor-0] WARN  server.GrpcLogAppender (LogUtils.java:warn(122)) - 0d23f380-5b64-4336-bea7-d12bd7eaa710@group-364F2152D5CE->fff18091-4bc4-4dc4-9e0e-c7b7b9f7a092-AppendLogResponseHandler: Failed appendEntries: org.apache.ratis.thirdparty.io.grpc.StatusRuntimeException: UNAVAILABLE: io exception
2021-09-22 01:10:20,849 [grpc-default-executor-0] WARN  server.GrpcLogAppender (GrpcLogAppender.java:resetClient(111)) - 0d23f380-5b64-4336-bea7-d12bd7eaa710@group-364F2152D5CE->fff18091-4bc4-4dc4-9e0e-c7b7b9f7a092-GrpcLogAppender: Leader has not got in touch with Follower 0d23f380-5b64-4336-bea7-d12bd7eaa710@group-364F2152D5CE->fff18091-4bc4-4dc4-9e0e-c7b7b9f7a092(c0,m0,n1, attendVote=true, lastRpcSendTime=0, lastRpcResponseTime=2516) yet, just keep nextIndex unchanged and retry.
2021-09-22 01:10:20,858 [grpc-default-executor-0] WARN  server.GrpcLogAppender (LogUtils.java:warn(122)) - 0d23f380-5b64-4336-bea7-d12bd7eaa710@group-364F2152D5CE->46189feb-569c-4e6f-be55-dc7298009a0b-AppendLogResponseHandler: Failed appendEntries: org.apache.ratis.thirdparty.io.grpc.StatusRuntimeException: UNAVAILABLE: io exception
2021-09-22 01:10:20,858 [grpc-default-executor-0] WARN  server.GrpcLogAppender (GrpcLogAppender.java:resetClient(111)) - 0d23f380-5b64-4336-bea7-d12bd7eaa710@group-364F2152D5CE->46189feb-569c-4e6f-be55-dc7298009a0b-GrpcLogAppender: Leader has not got in touch with Follower 0d23f380-5b64-4336-bea7-d12bd7eaa710@group-364F2152D5CE->46189feb-569c-4e6f-be55-dc7298009a0b(c-1,m0,n1, attendVote=true, lastRpcSendTime=2528, lastRpcResponseTime=12559) yet, just keep nextIndex unchanged and retry.
2021-09-22 01:10:21,405 [grpc-default-executor-0] WARN  server.GrpcLogAppender (LogUtils.java:warn(122)) - 0d23f380-5b64-4336-bea7-d12bd7eaa710@group-7D8C5C10C900->fff18091-4bc4-4dc4-9e0e-c7b7b9f7a092-AppendLogResponseHandler: Failed appendEntries: org.apache.ratis.thirdparty.io.grpc.StatusRuntimeException: UNAVAILABLE: io exception
2021-09-22 01:10:21,406 [grpc-default-executor-0] INFO  leader.FollowerInfo (FollowerInfoImpl.java:lambda$new$0(46)) - 0d23f380-5b64-4336-bea7-d12bd7eaa710@group-7D8C5C10C900->fff18091-4bc4-4dc4-9e0e-c7b7b9f7a092: nextIndex: updateUnconditionally 3 -> 2
2021-09-22 01:10:21,834 [ForkJoinPool.commonPool-worker-1] INFO  statemachine.DatanodeStateMachine (DatanodeStateMachine.java:stopDaemon(515)) - Ozone container server stopped.
2021-09-22 01:10:21,845 [ForkJoinPool.commonPool-worker-1] INFO  handler.ContextHandler (ContextHandler.java:doStop(1153)) - Stopped o.e.j.w.WebAppContext@e44c801{hddsDatanode,/,null,STOPPED}{jar:file:/home/runner/.m2/repository/org/apache/ozone/hdds-container-service/1.2.0-SNAPSHOT/hdds-container-service-1.2.0-SNAPSHOT.jar!/webapps/hddsDatanode}
2021-09-22 01:10:21,866 [ForkJoinPool.commonPool-worker-1] INFO  server.AbstractConnector (AbstractConnector.java:doStop(381)) - Stopped ServerConnector@157e7c42{HTTP/1.1, (http/1.1)}{0.0.0.0:0}
2021-09-22 01:10:21,866 [ForkJoinPool.commonPool-worker-1] INFO  server.session (HouseKeeper.java:stopScavenging(149)) - node0 Stopped scavenging
2021-09-22 01:10:21,867 [ForkJoinPool.commonPool-worker-1] INFO  handler.ContextHandler (ContextHandler.java:doStop(1153)) - Stopped o.e.j.s.ServletContextHandler@425f7c2{static,/static,jar:file:/home/runner/.m2/repository/org/apache/ozone/hdds-container-service/1.2.0-SNAPSHOT/hdds-container-service-1.2.0-SNAPSHOT.jar!/webapps/static,STOPPED}
2021-09-22 01:10:21,867 [ForkJoinPool.commonPool-worker-1] INFO  handler.ContextHandler (ContextHandler.java:doStop(1153)) - Stopped o.e.j.s.ServletContextHandler@62be9446{logs,/logs,file:///home/runner/work/ozone/ozone/hadoop-ozone/integration-test/target/log,STOPPED}
2021-09-22 01:10:21,931 [Listener at 127.0.0.1/44817] INFO  statemachine.DatanodeStateMachine (DatanodeStateMachine.java:stopDaemon(515)) - Ozone container server stopped.
2021-09-22 01:10:21,931 [Listener at 127.0.0.1/44817] INFO  handler.ContextHandler (ContextHandler.java:doStop(1153)) - Stopped o.e.j.w.WebAppContext@3f5b2d50{hddsDatanode,/,null,STOPPED}{jar:file:/home/runner/.m2/repository/org/apache/ozone/hdds-container-service/1.2.0-SNAPSHOT/hdds-container-service-1.2.0-SNAPSHOT.jar!/webapps/hddsDatanode}
2021-09-22 01:10:21,932 [Listener at 127.0.0.1/44817] INFO  server.AbstractConnector (AbstractConnector.java:doStop(381)) - Stopped ServerConnector@43c4fa48{HTTP/1.1, (http/1.1)}{0.0.0.0:0}
2021-09-22 01:10:21,932 [Listener at 127.0.0.1/44817] INFO  server.session (HouseKeeper.java:stopScavenging(149)) - node0 Stopped scavenging
2021-09-22 01:10:21,932 [Listener at 127.0.0.1/44817] INFO  handler.ContextHandler (ContextHandler.java:doStop(1153)) - Stopped o.e.j.s.ServletContextHandler@3fec2ba8{static,/static,jar:file:/home/runner/.m2/repository/org/apache/ozone/hdds-container-service/1.2.0-SNAPSHOT/hdds-container-service-1.2.0-SNAPSHOT.jar!/webapps/static,STOPPED}
2021-09-22 01:10:21,933 [Listener at 127.0.0.1/44817] INFO  handler.ContextHandler (ContextHandler.java:doStop(1153)) - Stopped o.e.j.s.ServletContextHandler@2ca07029{logs,/logs,file:///home/runner/work/ozone/ozone/hadoop-ozone/integration-test/target/log,STOPPED}
2021-09-22 01:10:23,334 [EventQueue-StaleNodeForStaleNodeHandler] INFO  node.StaleNodeHandler (StaleNodeHandler.java:onMessage(58)) - Datanode fff18091-4bc4-4dc4-9e0e-c7b7b9f7a092{ip: 10.1.0.5, host: fv-az294-326.eaanfquahm5ulb5tj050gcxych.jx.internal.cloudapp.net, ports: [REPLICATION=42601, RATIS=43419, RATIS_ADMIN=43419, RATIS_SERVER=43419, STANDALONE=44117], networkLocation: /default-rack, certSerialId: null, persistedOpState: IN_SERVICE, persistedOpStateExpiryEpochSec: 0} moved to stale state. Finalizing its pipelines [PipelineID=ba993a31-53ec-4478-b060-fc12d3ea79d0, PipelineID=8dc922f3-9a9c-404c-8e65-364f2152d5ce, PipelineID=4de357ff-d8b8-41d9-a7ee-7d8c5c10c900]
2021-09-22 01:10:23,335 [EventQueue-StaleNodeForStaleNodeHandler] INFO  pipeline.PipelineManagerImpl (PipelineManagerImpl.java:closePipeline(342)) - Pipeline Pipeline[ Id: ba993a31-53ec-4478-b060-fc12d3ea79d0, Nodes: fff18091-4bc4-4dc4-9e0e-c7b7b9f7a092{ip: 10.1.0.5, host: fv-az294-326.eaanfquahm5ulb5tj050gcxych.jx.internal.cloudapp.net, ports: [REPLICATION=42601, RATIS=43419, RATIS_ADMIN=43419, RATIS_SERVER=43419, STANDALONE=44117], networkLocation: /default-rack, certSerialId: null, persistedOpState: IN_SERVICE, persistedOpStateExpiryEpochSec: 0}, ReplicationConfig: RATIS/ONE, State:OPEN, leaderId:fff18091-4bc4-4dc4-9e0e-c7b7b9f7a092, CreationTimestamp2021-09-22T01:09:24.090Z[Etc/UTC]] moved to CLOSED state
2021-09-22 01:10:23,347 [grpc-default-executor-0] WARN  server.GrpcLogAppender (LogUtils.java:warn(122)) - 0d23f380-5b64-4336-bea7-d12bd7eaa710@group-7D8C5C10C900->46189feb-569c-4e6f-be55-dc7298009a0b-AppendLogResponseHandler: Failed appendEntries: org.apache.ratis.thirdparty.io.grpc.StatusRuntimeException: UNAVAILABLE: io exception
2021-09-22 01:10:23,348 [grpc-default-executor-0] WARN  server.GrpcLogAppender (GrpcLogAppender.java:resetClient(111)) - 0d23f380-5b64-4336-bea7-d12bd7eaa710@group-7D8C5C10C900->46189feb-569c-4e6f-be55-dc7298009a0b-GrpcLogAppender: Leader has not got in touch with Follower 0d23f380-5b64-4336-bea7-d12bd7eaa710@group-7D8C5C10C900->46189feb-569c-4e6f-be55-dc7298009a0b(c-1,m0,n3, attendVote=true, lastRpcSendTime=0, lastRpcResponseTime=10315) yet, just keep nextIndex unchanged and retry.
2021-09-22 01:10:23,354 [grpc-default-executor-0] WARN  server.GrpcLogAppender (LogUtils.java:warn(122)) - 0d23f380-5b64-4336-bea7-d12bd7eaa710@group-364F2152D5CE->fff18091-4bc4-4dc4-9e0e-c7b7b9f7a092-AppendLogResponseHandler: Failed appendEntries: org.apache.ratis.thirdparty.io.grpc.StatusRuntimeException: UNAVAILABLE: io exception
2021-09-22 01:10:23,354 [grpc-default-executor-0] WARN  server.GrpcLogAppender (GrpcLogAppender.java:resetClient(111)) - 0d23f380-5b64-4336-bea7-d12bd7eaa710@group-364F2152D5CE->fff18091-4bc4-4dc4-9e0e-c7b7b9f7a092-GrpcLogAppender: Leader has not got in touch with Follower 0d23f380-5b64-4336-bea7-d12bd7eaa710@group-364F2152D5CE->fff18091-4bc4-4dc4-9e0e-c7b7b9f7a092(c0,m0,n1, attendVote=true, lastRpcSendTime=0, lastRpcResponseTime=5022) yet, just keep nextIndex unchanged and retry.
2021-09-22 01:10:23,360 [grpc-default-executor-0] WARN  server.GrpcLogAppender (LogUtils.java:warn(122)) - 0d23f380-5b64-4336-bea7-d12bd7eaa710@group-364F2152D5CE->46189feb-569c-4e6f-be55-dc7298009a0b-AppendLogResponseHandler: Failed appendEntries: org.apache.ratis.thirdparty.io.grpc.StatusRuntimeException: UNAVAILABLE: io exception
2021-09-22 01:10:23,360 [grpc-default-executor-0] WARN  server.GrpcLogAppender (GrpcLogAppender.java:resetClient(111)) - 0d23f380-5b64-4336-bea7-d12bd7eaa710@group-364F2152D5CE->46189feb-569c-4e6f-be55-dc7298009a0b-GrpcLogAppender: Leader has not got in touch with Follower 0d23f380-5b64-4336-bea7-d12bd7eaa710@group-364F2152D5CE->46189feb-569c-4e6f-be55-dc7298009a0b(c-1,m0,n1, attendVote=true, lastRpcSendTime=2501, lastRpcResponseTime=15061) yet, just keep nextIndex unchanged and retry.
2021-09-22 01:10:23,546 [0d23f380-5b64-4336-bea7-d12bd7eaa710@group-7D8C5C10C900-LeaderStateImpl] WARN  server.RaftServer$Division (LeaderStateImpl.java:checkLeadership(944)) - 0d23f380-5b64-4336-bea7-d12bd7eaa710@group-7D8C5C10C900-LeaderStateImpl: Lost leadership on term: 8. Election timeout: 5200ms. In charge for: 5316ms. Conf: 1: [0d23f380-5b64-4336-bea7-d12bd7eaa710|rpc:10.1.0.5:40155|dataStream:|priority:0, 46189feb-569c-4e6f-be55-dc7298009a0b|rpc:10.1.0.5:40371|dataStream:|priority:1, fff18091-4bc4-4dc4-9e0e-c7b7b9f7a092|rpc:10.1.0.5:43419|dataStream:|priority:0], old=null
2021-09-22 01:10:23,554 [0d23f380-5b64-4336-bea7-d12bd7eaa710@group-7D8C5C10C900-LeaderStateImpl] WARN  server.RaftServer$Division (LeaderStateImpl.java:lambda$checkLeadership$15(948)) - Follower 0d23f380-5b64-4336-bea7-d12bd7eaa710@group-7D8C5C10C900->46189feb-569c-4e6f-be55-dc7298009a0b(c-1,m0,n3, attendVote=true, lastRpcSendTime=206, lastRpcResponseTime=10521)
2021-09-22 01:10:23,554 [0d23f380-5b64-4336-bea7-d12bd7eaa710@group-7D8C5C10C900-LeaderStateImpl] WARN  server.RaftServer$Division (LeaderStateImpl.java:lambda$checkLeadership$15(948)) - Follower 0d23f380-5b64-4336-bea7-d12bd7eaa710@group-7D8C5C10C900->fff18091-4bc4-4dc4-9e0e-c7b7b9f7a092(c1,m2,n2, attendVote=true, lastRpcSendTime=2149, lastRpcResponseTime=5216)
2021-09-22 01:10:23,554 [0d23f380-5b64-4336-bea7-d12bd7eaa710@group-7D8C5C10C900-LeaderStateImpl] INFO  server.RaftServer$Division (RaftServerImpl.java:setRole(285)) - 0d23f380-5b64-4336-bea7-d12bd7eaa710@group-7D8C5C10C900: changes role from    LEADER to FOLLOWER at term 8 for StepDownReason:LOST_MAJORITY_HEARTBEATS
2021-09-22 01:10:23,554 [0d23f380-5b64-4336-bea7-d12bd7eaa710@group-7D8C5C10C900-LeaderStateImpl] INFO  impl.RoleInfo (RoleInfo.java:shutdownLeaderState(91)) - 0d23f380-5b64-4336-bea7-d12bd7eaa710: shutdown 0d23f380-5b64-4336-bea7-d12bd7eaa710@group-7D8C5C10C900-LeaderStateImpl
2021-09-22 01:10:23,554 [0d23f380-5b64-4336-bea7-d12bd7eaa710@group-7D8C5C10C900->fff18091-4bc4-4dc4-9e0e-c7b7b9f7a092-GrpcLogAppender-LogAppenderDaemon] WARN  server.GrpcLogAppender (GrpcLogAppender.java:mayWait(175)) - 0d23f380-5b64-4336-bea7-d12bd7eaa710@group-7D8C5C10C900->fff18091-4bc4-4dc4-9e0e-c7b7b9f7a092-GrpcLogAppender: Wait interrupted by java.lang.InterruptedException
2021-09-22 01:10:23,555 [0d23f380-5b64-4336-bea7-d12bd7eaa710@group-7D8C5C10C900-LeaderStateImpl] INFO  impl.PendingRequests (PendingRequests.java:sendNotLeaderResponses(282)) - 0d23f380-5b64-4336-bea7-d12bd7eaa710@group-7D8C5C10C900-PendingRequests: sendNotLeaderResponses
2021-09-22 01:10:23,556 [0d23f380-5b64-4336-bea7-d12bd7eaa710@group-7D8C5C10C900-LeaderStateImpl] INFO  impl.RoleInfo (RoleInfo.java:updateAndGet(130)) - 0d23f380-5b64-4336-bea7-d12bd7eaa710: start 0d23f380-5b64-4336-bea7-d12bd7eaa710@group-7D8C5C10C900-FollowerState
2021-09-22 01:10:23,830 [0d23f380-5b64-4336-bea7-d12bd7eaa710@group-364F2152D5CE-LeaderStateImpl] WARN  server.RaftServer$Division (LeaderStateImpl.java:checkLeadership(944)) - 0d23f380-5b64-4336-bea7-d12bd7eaa710@group-364F2152D5CE-LeaderStateImpl: Lost leadership on term: 8. Election timeout: 5200ms. In charge for: 15680ms. Conf: 0: [0d23f380-5b64-4336-bea7-d12bd7eaa710|rpc:10.1.0.5:40155|dataStream:|priority:1, 46189feb-569c-4e6f-be55-dc7298009a0b|rpc:10.1.0.5:40371|dataStream:|priority:0, fff18091-4bc4-4dc4-9e0e-c7b7b9f7a092|rpc:10.1.0.5:43419|dataStream:|priority:0], old=null
2021-09-22 01:10:23,830 [0d23f380-5b64-4336-bea7-d12bd7eaa710@group-364F2152D5CE-LeaderStateImpl] WARN  server.RaftServer$Division (LeaderStateImpl.java:lambda$checkLeadership$15(948)) - Follower 0d23f380-5b64-4336-bea7-d12bd7eaa710@group-364F2152D5CE->46189feb-569c-4e6f-be55-dc7298009a0b(c-1,m0,n1, attendVote=true, lastRpcSendTime=469, lastRpcResponseTime=15532)
2021-09-22 01:10:23,831 [0d23f380-5b64-4336-bea7-d12bd7eaa710@group-364F2152D5CE-LeaderStateImpl] WARN  server.RaftServer$Division (LeaderStateImpl.java:lambda$checkLeadership$15(948)) - Follower 0d23f380-5b64-4336-bea7-d12bd7eaa710@group-364F2152D5CE->fff18091-4bc4-4dc4-9e0e-c7b7b9f7a092(c0,m0,n1, attendVote=true, lastRpcSendTime=476, lastRpcResponseTime=5498)
2021-09-22 01:10:23,831 [0d23f380-5b64-4336-bea7-d12bd7eaa710@group-364F2152D5CE-LeaderStateImpl] INFO  server.RaftServer$Division (RaftServerImpl.java:setRole(285)) - 0d23f380-5b64-4336-bea7-d12bd7eaa710@group-364F2152D5CE: changes role from    LEADER to FOLLOWER at term 8 for StepDownReason:LOST_MAJORITY_HEARTBEATS
2021-09-22 01:10:23,831 [0d23f380-5b64-4336-bea7-d12bd7eaa710@group-364F2152D5CE-LeaderStateImpl] INFO  impl.RoleInfo (RoleInfo.java:shutdownLeaderState(91)) - 0d23f380-5b64-4336-bea7-d12bd7eaa710: shutdown 0d23f380-5b64-4336-bea7-d12bd7eaa710@group-364F2152D5CE-LeaderStateImpl
2021-09-22 01:10:23,831 [0d23f380-5b64-4336-bea7-d12bd7eaa710@group-364F2152D5CE-LeaderStateImpl] INFO  impl.PendingRequests (PendingRequests.java:sendNotLeaderResponses(282)) - 0d23f380-5b64-4336-bea7-d12bd7eaa710@group-364F2152D5CE-PendingRequests: sendNotLeaderResponses
2021-09-22 01:10:23,831 [0d23f380-5b64-4336-bea7-d12bd7eaa710@group-364F2152D5CE-LeaderStateImpl] INFO  impl.RoleInfo (RoleInfo.java:updateAndGet(130)) - 0d23f380-5b64-4336-bea7-d12bd7eaa710: start 0d23f380-5b64-4336-bea7-d12bd7eaa710@group-364F2152D5CE-FollowerState
2021-09-22 01:10:23,835 [EventQueue-StaleNodeForStaleNodeHandler] INFO  node.StaleNodeHandler (StaleNodeHandler.java:onMessage(58)) - Datanode 1846ff5f-c0f8-47b1-8bb5-c6f8d49a7778{ip: 10.1.0.5, host: fv-az294-326.eaanfquahm5ulb5tj050gcxych.jx.internal.cloudapp.net, ports: [REPLICATION=35635, RATIS=36461, RATIS_ADMIN=36461, RATIS_SERVER=36461, STANDALONE=45231], networkLocation: /default-rack, certSerialId: null, persistedOpState: IN_SERVICE, persistedOpStateExpiryEpochSec: 0} moved to stale state. Finalizing its pipelines [PipelineID=941beb5a-db47-4f53-9f69-c4fc351edef1]
2021-09-22 01:10:23,835 [EventQueue-StaleNodeForStaleNodeHandler] INFO  pipeline.PipelineManagerImpl (PipelineManagerImpl.java:closePipeline(342)) - Pipeline Pipeline[ Id: 941beb5a-db47-4f53-9f69-c4fc351edef1, Nodes: 1846ff5f-c0f8-47b1-8bb5-c6f8d49a7778{ip: 10.1.0.5, host: fv-az294-326.eaanfquahm5ulb5tj050gcxych.jx.internal.cloudapp.net, ports: [REPLICATION=35635, RATIS=36461, RATIS_ADMIN=36461, RATIS_SERVER=36461, STANDALONE=45231], networkLocation: /default-rack, certSerialId: null, persistedOpState: IN_SERVICE, persistedOpStateExpiryEpochSec: 0}, ReplicationConfig: RATIS/ONE, State:OPEN, leaderId:1846ff5f-c0f8-47b1-8bb5-c6f8d49a7778, CreationTimestamp2021-09-22T01:09:24.674Z[Etc/UTC]] moved to CLOSED state
2021-09-22 01:10:24,936 [EventQueue-DeadNodeForDeadNodeHandler] INFO  node.DeadNodeHandler (DeadNodeHandler.java:onMessage(80)) - A dead datanode is detected. e58ea0e2-171c-4fa7-a930-6c25c8dc249c{ip: 10.1.0.5, host: fv-az294-326.eaanfquahm5ulb5tj050gcxych.jx.internal.cloudapp.net, ports: [REPLICATION=44987, RATIS=36231, RATIS_ADMIN=36231, RATIS_SERVER=36231, STANDALONE=33533], networkLocation: /default-rack, certSerialId: null, persistedOpState: IN_SERVICE, persistedOpStateExpiryEpochSec: 0}
2021-09-22 01:10:24,937 [EventQueue-DeadNodeForDeadNodeHandler] INFO  pipeline.RatisPipelineProvider (RatisPipelineProvider.java:lambda$close$1(222)) - Send pipeline:PipelineID=61082ebc-df4a-49b7-95bf-12a76c11ae81 close command to datanode e58ea0e2-171c-4fa7-a930-6c25c8dc249c
2021-09-22 01:10:24,937 [EventQueue-DeadNodeForDeadNodeHandler] INFO  pipeline.PipelineStateManager (PipelineStateManagerV2Impl.java:removePipeline(211)) - Pipeline Pipeline[ Id: 61082ebc-df4a-49b7-95bf-12a76c11ae81, Nodes: e58ea0e2-171c-4fa7-a930-6c25c8dc249c{ip: 10.1.0.5, host: fv-az294-326.eaanfquahm5ulb5tj050gcxych.jx.internal.cloudapp.net, ports: [REPLICATION=44987, RATIS=36231, RATIS_ADMIN=36231, RATIS_SERVER=36231, STANDALONE=33533], networkLocation: /default-rack, certSerialId: null, persistedOpState: IN_SERVICE, persistedOpStateExpiryEpochSec: 0}, ReplicationConfig: RATIS/ONE, State:CLOSED, leaderId:e58ea0e2-171c-4fa7-a930-6c25c8dc249c, CreationTimestamp2021-09-22T01:09:23.360Z[Etc/UTC]] removed.
2021-09-22 01:10:24,937 [EventQueue-DeadNodeForDeadNodeHandler] INFO  net.NetworkTopologyImpl (NetworkTopologyImpl.java:remove(137)) - Removed a node: /default-rack/e58ea0e2-171c-4fa7-a930-6c25c8dc249c
2021-09-22 01:10:24,939 [EventQueue-DeadNodeForDeadNodeHandler] INFO  node.DeadNodeHandler (DeadNodeHandler.java:onMessage(80)) - A dead datanode is detected. 46189feb-569c-4e6f-be55-dc7298009a0b{ip: 10.1.0.5, host: fv-az294-326.eaanfquahm5ulb5tj050gcxych.jx.internal.cloudapp.net, ports: [REPLICATION=45851, RATIS=40371, RATIS_ADMIN=40371, RATIS_SERVER=40371, STANDALONE=40153], networkLocation: /default-rack, certSerialId: null, persistedOpState: IN_SERVICE, persistedOpStateExpiryEpochSec: 0}
2021-09-22 01:10:24,939 [EventQueue-DeadNodeForDeadNodeHandler] INFO  pipeline.RatisPipelineProvider (RatisPipelineProvider.java:lambda$close$1(222)) - Send pipeline:PipelineID=8dc922f3-9a9c-404c-8e65-364f2152d5ce close command to datanode fff18091-4bc4-4dc4-9e0e-c7b7b9f7a092
2021-09-22 01:10:24,939 [EventQueue-DeadNodeForDeadNodeHandler] INFO  pipeline.RatisPipelineProvider (RatisPipelineProvider.java:lambda$close$1(222)) - Send pipeline:PipelineID=8dc922f3-9a9c-404c-8e65-364f2152d5ce close command to datanode 46189feb-569c-4e6f-be55-dc7298009a0b
2021-09-22 01:10:24,939 [EventQueue-DeadNodeForDeadNodeHandler] INFO  pipeline.RatisPipelineProvider (RatisPipelineProvider.java:lambda$close$1(222)) - Send pipeline:PipelineID=8dc922f3-9a9c-404c-8e65-364f2152d5ce close command to datanode 0d23f380-5b64-4336-bea7-d12bd7eaa710
2021-09-22 01:10:24,939 [EventQueue-DeadNodeForDeadNodeHandler] INFO  pipeline.PipelineStateManager (PipelineStateManagerV2Impl.java:removePipeline(211)) - Pipeline Pipeline[ Id: 8dc922f3-9a9c-404c-8e65-364f2152d5ce, Nodes: fff18091-4bc4-4dc4-9e0e-c7b7b9f7a092{ip: 10.1.0.5, host: fv-az294-326.eaanfquahm5ulb5tj050gcxych.jx.internal.cloudapp.net, ports: [REPLICATION=42601, RATIS=43419, RATIS_ADMIN=43419, RATIS_SERVER=43419, STANDALONE=44117], networkLocation: /default-rack, certSerialId: null, persistedOpState: IN_SERVICE, persistedOpStateExpiryEpochSec: 0}46189feb-569c-4e6f-be55-dc7298009a0b{ip: 10.1.0.5, host: fv-az294-326.eaanfquahm5ulb5tj050gcxych.jx.internal.cloudapp.net, ports: [REPLICATION=45851, RATIS=40371, RATIS_ADMIN=40371, RATIS_SERVER=40371, STANDALONE=40153], networkLocation: /default-rack, certSerialId: null, persistedOpState: IN_SERVICE, persistedOpStateExpiryEpochSec: 0}0d23f380-5b64-4336-bea7-d12bd7eaa710{ip: 10.1.0.5, host: fv-az294-326.eaanfquahm5ulb5tj050gcxych.jx.internal.cloudapp.net, ports: [REPLICATION=43925, RATIS=40155, RATIS_ADMIN=40155, RATIS_SERVER=40155, STANDALONE=43011], networkLocation: /default-rack, certSerialId: null, persistedOpState: IN_SERVICE, persistedOpStateExpiryEpochSec: 0}, ReplicationConfig: RATIS/THREE, State:CLOSED, leaderId:0d23f380-5b64-4336-bea7-d12bd7eaa710, CreationTimestamp2021-09-22T01:09:24.487Z[Etc/UTC]] removed.
2021-09-22 01:10:24,939 [EventQueue-DeadNodeForDeadNodeHandler] INFO  pipeline.RatisPipelineProvider (RatisPipelineProvider.java:lambda$close$1(222)) - Send pipeline:PipelineID=dc41ab09-3424-4cc2-bf62-ea7482a42541 close command to datanode 46189feb-569c-4e6f-be55-dc7298009a0b
2021-09-22 01:10:24,939 [EventQueue-DeadNodeForDeadNodeHandler] INFO  pipeline.PipelineStateManager (PipelineStateManagerV2Impl.java:removePipeline(211)) - Pipeline Pipeline[ Id: dc41ab09-3424-4cc2-bf62-ea7482a42541, Nodes: 46189feb-569c-4e6f-be55-dc7298009a0b{ip: 10.1.0.5, host: fv-az294-326.eaanfquahm5ulb5tj050gcxych.jx.internal.cloudapp.net, ports: [REPLICATION=45851, RATIS=40371, RATIS_ADMIN=40371, RATIS_SERVER=40371, STANDALONE=40153], networkLocation: /default-rack, certSerialId: null, persistedOpState: IN_SERVICE, persistedOpStateExpiryEpochSec: 0}, ReplicationConfig: RATIS/ONE, State:CLOSED, leaderId:46189feb-569c-4e6f-be55-dc7298009a0b, CreationTimestamp2021-09-22T01:09:24.275Z[Etc/UTC]] removed.
2021-09-22 01:10:24,940 [EventQueue-DeadNodeForDeadNodeHandler] INFO  pipeline.RatisPipelineProvider (RatisPipelineProvider.java:lambda$close$1(222)) - Send pipeline:PipelineID=4de357ff-d8b8-41d9-a7ee-7d8c5c10c900 close command to datanode 46189feb-569c-4e6f-be55-dc7298009a0b
2021-09-22 01:10:24,940 [EventQueue-DeadNodeForDeadNodeHandler] INFO  pipeline.RatisPipelineProvider (RatisPipelineProvider.java:lambda$close$1(222)) - Send pipeline:PipelineID=4de357ff-d8b8-41d9-a7ee-7d8c5c10c900 close command to datanode fff18091-4bc4-4dc4-9e0e-c7b7b9f7a092
2021-09-22 01:10:24,940 [EventQueue-DeadNodeForDeadNodeHandler] INFO  pipeline.RatisPipelineProvider (RatisPipelineProvider.java:lambda$close$1(222)) - Send pipeline:PipelineID=4de357ff-d8b8-41d9-a7ee-7d8c5c10c900 close command to datanode 0d23f380-5b64-4336-bea7-d12bd7eaa710
2021-09-22 01:10:24,940 [EventQueue-DeadNodeForDeadNodeHandler] INFO  pipeline.PipelineStateManager (PipelineStateManagerV2Impl.java:removePipeline(211)) - Pipeline Pipeline[ Id: 4de357ff-d8b8-41d9-a7ee-7d8c5c10c900, Nodes: 46189feb-569c-4e6f-be55-dc7298009a0b{ip: 10.1.0.5, host: fv-az294-326.eaanfquahm5ulb5tj050gcxych.jx.internal.cloudapp.net, ports: [REPLICATION=45851, RATIS=40371, RATIS_ADMIN=40371, RATIS_SERVER=40371, STANDALONE=40153], networkLocation: /default-rack, certSerialId: null, persistedOpState: IN_SERVICE, persistedOpStateExpiryEpochSec: 0}fff18091-4bc4-4dc4-9e0e-c7b7b9f7a092{ip: 10.1.0.5, host: fv-az294-326.eaanfquahm5ulb5tj050gcxych.jx.internal.cloudapp.net, ports: [REPLICATION=42601, RATIS=43419, RATIS_ADMIN=43419, RATIS_SERVER=43419, STANDALONE=44117], networkLocation: /default-rack, certSerialId: null, persistedOpState: IN_SERVICE, persistedOpStateExpiryEpochSec: 0}0d23f380-5b64-4336-bea7-d12bd7eaa710{ip: 10.1.0.5, host: fv-az294-326.eaanfquahm5ulb5tj050gcxych.jx.internal.cloudapp.net, ports: [REPLICATION=43925, RATIS=40155, RATIS_ADMIN=40155, RATIS_SERVER=40155, STANDALONE=43011], networkLocation: /default-rack, certSerialId: null, persistedOpState: IN_SERVICE, persistedOpStateExpiryEpochSec: 0}, ReplicationConfig: RATIS/THREE, State:CLOSED, leaderId:0d23f380-5b64-4336-bea7-d12bd7eaa710, CreationTimestamp2021-09-22T01:09:24.489Z[Etc/UTC]] removed.
2021-09-22 01:10:24,940 [EventQueue-DeadNodeForDeadNodeHandler] INFO  net.NetworkTopologyImpl (NetworkTopologyImpl.java:remove(137)) - Removed a node: /default-rack/46189feb-569c-4e6f-be55-dc7298009a0b
2021-09-22 01:10:26,869 [ForkJoinPool.commonPool-worker-1] INFO  ozoneimpl.OzoneContainer (OzoneContainer.java:stop(325)) - Attempting to stop container services.
2021-09-22 01:10:26,869 [ForkJoinPool.commonPool-worker-1] INFO  server.RaftServer (RaftServerProxy.java:lambda$close$6(391)) - 0d23f380-5b64-4336-bea7-d12bd7eaa710: close
2021-09-22 01:10:26,869 [ForkJoinPool.commonPool-worker-1] INFO  server.RaftServer$Division (RaftServerImpl.java:lambda$close$4(407)) - 0d23f380-5b64-4336-bea7-d12bd7eaa710@group-C1C80CF96F0E: shutdown
2021-09-22 01:10:26,869 [ForkJoinPool.commonPool-worker-1] INFO  util.JmxRegister (JmxRegister.java:unregister(73)) - Successfully un-registered JMX Bean with object name Ratis:service=RaftServer,group=group-C1C80CF96F0E,id=0d23f380-5b64-4336-bea7-d12bd7eaa710
2021-09-22 01:10:26,869 [ForkJoinPool.commonPool-worker-1] INFO  impl.RoleInfo (RoleInfo.java:shutdownLeaderState(91)) - 0d23f380-5b64-4336-bea7-d12bd7eaa710: shutdown 0d23f380-5b64-4336-bea7-d12bd7eaa710@group-C1C80CF96F0E-LeaderStateImpl
2021-09-22 01:10:26,870 [ForkJoinPool.commonPool-worker-1] INFO  impl.PendingRequests (PendingRequests.java:sendNotLeaderResponses(282)) - 0d23f380-5b64-4336-bea7-d12bd7eaa710@group-C1C80CF96F0E-PendingRequests: sendNotLeaderResponses
2021-09-22 01:10:26,870 [ForkJoinPool.commonPool-worker-1] INFO  impl.StateMachineUpdater (StateMachineUpdater.java:stopAndJoin(149)) - 0d23f380-5b64-4336-bea7-d12bd7eaa710@group-C1C80CF96F0E-StateMachineUpdater: set stopIndex = 0
2021-09-22 01:10:26,870 [0d23f380-5b64-4336-bea7-d12bd7eaa710@group-C1C80CF96F0E-StateMachineUpdater] INFO  ratis.ContainerStateMachine (ContainerStateMachine.java:takeSnapshot(292)) - group-C1C80CF96F0E: Taking a snapshot at:(t:1, i:0) file /home/runner/work/ozone/ozone/hadoop-ozone/integration-test/target/test-dir/MiniOzoneClusterImpl-25acc1c1-a8f2-4117-88d4-9d8f1e28eca9/datanode-5/data/ratis/51be4208-7298-4bb9-9b48-c1c80cf96f0e/sm/snapshot.1_0
2021-09-22 01:10:26,871 [0d23f380-5b64-4336-bea7-d12bd7eaa710@group-C1C80CF96F0E-StateMachineUpdater] INFO  ratis.ContainerStateMachine (ContainerStateMachine.java:takeSnapshot(303)) - group-C1C80CF96F0E: Finished taking a snapshot at:(t:1, i:0) file:/home/runner/work/ozone/ozone/hadoop-ozone/integration-test/target/test-dir/MiniOzoneClusterImpl-25acc1c1-a8f2-4117-88d4-9d8f1e28eca9/datanode-5/data/ratis/51be4208-7298-4bb9-9b48-c1c80cf96f0e/sm/snapshot.1_0 took: 1 ms
2021-09-22 01:10:26,872 [0d23f380-5b64-4336-bea7-d12bd7eaa710@group-C1C80CF96F0E-StateMachineUpdater] INFO  impl.StateMachineUpdater (StateMachineUpdater.java:takeSnapshot(281)) - 0d23f380-5b64-4336-bea7-d12bd7eaa710@group-C1C80CF96F0E-StateMachineUpdater: Took a snapshot at index 0
2021-09-22 01:10:26,872 [0d23f380-5b64-4336-bea7-d12bd7eaa710@group-C1C80CF96F0E-StateMachineUpdater] INFO  impl.StateMachineUpdater (StateMachineUpdater.java:lambda$new$0(89)) - 0d23f380-5b64-4336-bea7-d12bd7eaa710@group-C1C80CF96F0E-StateMachineUpdater: snapshotIndex: updateIncreasingly -1 -> 0
2021-09-22 01:10:26,877 [ForkJoinPool.commonPool-worker-1] INFO  server.RaftServer$Division (ServerState.java:close(419)) - 0d23f380-5b64-4336-bea7-d12bd7eaa710@group-C1C80CF96F0E: closes. applyIndex: 0
2021-09-22 01:10:26,877 [0d23f380-5b64-4336-bea7-d12bd7eaa710@group-C1C80CF96F0E-SegmentedRaftLogWorker] INFO  segmented.SegmentedRaftLogWorker (SegmentedRaftLogWorker.java:run(327)) - 0d23f380-5b64-4336-bea7-d12bd7eaa710@group-C1C80CF96F0E-SegmentedRaftLogWorker was interrupted, exiting. There are 0 tasks remaining in the queue.
2021-09-22 01:10:26,877 [ForkJoinPool.commonPool-worker-1] INFO  segmented.SegmentedRaftLogWorker (SegmentedRaftLogWorker.java:close(237)) - 0d23f380-5b64-4336-bea7-d12bd7eaa710@group-C1C80CF96F0E-SegmentedRaftLogWorker close()
2021-09-22 01:10:26,886 [ForkJoinPool.commonPool-worker-1] INFO  server.RaftServer$Division (RaftServerImpl.java:lambda$close$4(407)) - 0d23f380-5b64-4336-bea7-d12bd7eaa710@group-364F2152D5CE: shutdown
2021-09-22 01:10:26,886 [ForkJoinPool.commonPool-worker-1] INFO  util.JmxRegister (JmxRegister.java:unregister(73)) - Successfully un-registered JMX Bean with object name Ratis:service=RaftServer,group=group-364F2152D5CE,id=0d23f380-5b64-4336-bea7-d12bd7eaa710
2021-09-22 01:10:26,886 [ForkJoinPool.commonPool-worker-1] INFO  impl.RoleInfo (RoleInfo.java:shutdownFollowerState(108)) - 0d23f380-5b64-4336-bea7-d12bd7eaa710: shutdown 0d23f380-5b64-4336-bea7-d12bd7eaa710@group-364F2152D5CE-FollowerState
2021-09-22 01:10:26,886 [ForkJoinPool.commonPool-worker-1] INFO  impl.StateMachineUpdater (StateMachineUpdater.java:stopAndJoin(149)) - 0d23f380-5b64-4336-bea7-d12bd7eaa710@group-364F2152D5CE-StateMachineUpdater: set stopIndex = 0
2021-09-22 01:10:26,886 [0d23f380-5b64-4336-bea7-d12bd7eaa710@group-364F2152D5CE-FollowerState] INFO  impl.FollowerState (FollowerState.java:run(143)) - 0d23f380-5b64-4336-bea7-d12bd7eaa710@group-364F2152D5CE-FollowerState was interrupted: {}
java.lang.InterruptedException: sleep interrupted
	at java.lang.Thread.sleep(Native Method)
	at java.lang.Thread.sleep(Thread.java:340)
	at java.util.concurrent.TimeUnit.sleep(TimeUnit.java:386)
	at org.apache.ratis.util.TimeDuration.sleep(TimeDuration.java:324)
	at org.apache.ratis.util.TimeDuration.sleep(TimeDuration.java:309)
	at org.apache.ratis.server.impl.FollowerState.run(FollowerState.java:118)
2021-09-22 01:10:26,886 [0d23f380-5b64-4336-bea7-d12bd7eaa710@group-364F2152D5CE-StateMachineUpdater] INFO  ratis.ContainerStateMachine (ContainerStateMachine.java:takeSnapshot(292)) - group-364F2152D5CE: Taking a snapshot at:(t:8, i:0) file /home/runner/work/ozone/ozone/hadoop-ozone/integration-test/target/test-dir/MiniOzoneClusterImpl-25acc1c1-a8f2-4117-88d4-9d8f1e28eca9/datanode-5/data/ratis/8dc922f3-9a9c-404c-8e65-364f2152d5ce/sm/snapshot.8_0
2021-09-22 01:10:26,887 [0d23f380-5b64-4336-bea7-d12bd7eaa710@group-364F2152D5CE-StateMachineUpdater] INFO  ratis.ContainerStateMachine (ContainerStateMachine.java:takeSnapshot(303)) - group-364F2152D5CE: Finished taking a snapshot at:(t:8, i:0) file:/home/runner/work/ozone/ozone/hadoop-ozone/integration-test/target/test-dir/MiniOzoneClusterImpl-25acc1c1-a8f2-4117-88d4-9d8f1e28eca9/datanode-5/data/ratis/8dc922f3-9a9c-404c-8e65-364f2152d5ce/sm/snapshot.8_0 took: 1 ms
2021-09-22 01:10:26,887 [0d23f380-5b64-4336-bea7-d12bd7eaa710@group-364F2152D5CE-StateMachineUpdater] INFO  impl.StateMachineUpdater (StateMachineUpdater.java:takeSnapshot(281)) - 0d23f380-5b64-4336-bea7-d12bd7eaa710@group-364F2152D5CE-StateMachineUpdater: Took a snapshot at index 0
2021-09-22 01:10:26,887 [0d23f380-5b64-4336-bea7-d12bd7eaa710@group-364F2152D5CE-StateMachineUpdater] INFO  impl.StateMachineUpdater (StateMachineUpdater.java:lambda$new$0(89)) - 0d23f380-5b64-4336-bea7-d12bd7eaa710@group-364F2152D5CE-StateMachineUpdater: snapshotIndex: updateIncreasingly -1 -> 0
2021-09-22 01:10:26,888 [ForkJoinPool.commonPool-worker-1] INFO  server.RaftServer$Division (ServerState.java:close(419)) - 0d23f380-5b64-4336-bea7-d12bd7eaa710@group-364F2152D5CE: closes. applyIndex: 0
2021-09-22 01:10:26,888 [0d23f380-5b64-4336-bea7-d12bd7eaa710@group-364F2152D5CE-SegmentedRaftLogWorker] INFO  segmented.SegmentedRaftLogWorker (SegmentedRaftLogWorker.java:run(327)) - 0d23f380-5b64-4336-bea7-d12bd7eaa710@group-364F2152D5CE-SegmentedRaftLogWorker was interrupted, exiting. There are 0 tasks remaining in the queue.
2021-09-22 01:10:26,888 [ForkJoinPool.commonPool-worker-1] INFO  segmented.SegmentedRaftLogWorker (SegmentedRaftLogWorker.java:close(237)) - 0d23f380-5b64-4336-bea7-d12bd7eaa710@group-364F2152D5CE-SegmentedRaftLogWorker close()
2021-09-22 01:10:26,888 [ForkJoinPool.commonPool-worker-1] INFO  server.RaftServer$Division (RaftServerImpl.java:lambda$close$4(407)) - 0d23f380-5b64-4336-bea7-d12bd7eaa710@group-7D8C5C10C900: shutdown
2021-09-22 01:10:26,889 [ForkJoinPool.commonPool-worker-1] INFO  util.JmxRegister (JmxRegister.java:unregister(73)) - Successfully un-registered JMX Bean with object name Ratis:service=RaftServer,group=group-7D8C5C10C900,id=0d23f380-5b64-4336-bea7-d12bd7eaa710
2021-09-22 01:10:26,889 [ForkJoinPool.commonPool-worker-1] INFO  impl.RoleInfo (RoleInfo.java:shutdownFollowerState(108)) - 0d23f380-5b64-4336-bea7-d12bd7eaa710: shutdown 0d23f380-5b64-4336-bea7-d12bd7eaa710@group-7D8C5C10C900-FollowerState
2021-09-22 01:10:26,889 [0d23f380-5b64-4336-bea7-d12bd7eaa710@group-7D8C5C10C900-FollowerState] INFO  impl.FollowerState (FollowerState.java:run(143)) - 0d23f380-5b64-4336-bea7-d12bd7eaa710@group-7D8C5C10C900-FollowerState was interrupted: {}
java.lang.InterruptedException: sleep interrupted
	at java.lang.Thread.sleep(Native Method)
	at java.lang.Thread.sleep(Thread.java:340)
	at java.util.concurrent.TimeUnit.sleep(TimeUnit.java:386)
	at org.apache.ratis.util.TimeDuration.sleep(TimeDuration.java:324)
	at org.apache.ratis.util.TimeDuration.sleep(TimeDuration.java:309)
	at org.apache.ratis.server.impl.FollowerState.run(FollowerState.java:118)
2021-09-22 01:10:26,889 [0d23f380-5b64-4336-bea7-d12bd7eaa710@group-7D8C5C10C900-StateMachineUpdater] INFO  ratis.ContainerStateMachine (ContainerStateMachine.java:takeSnapshot(292)) - group-7D8C5C10C900: Taking a snapshot at:(t:8, i:2) file /home/runner/work/ozone/ozone/hadoop-ozone/integration-test/target/test-dir/MiniOzoneClusterImpl-25acc1c1-a8f2-4117-88d4-9d8f1e28eca9/datanode-5/data/ratis/4de357ff-d8b8-41d9-a7ee-7d8c5c10c900/sm/snapshot.8_2
2021-09-22 01:10:26,889 [ForkJoinPool.commonPool-worker-1] INFO  impl.StateMachineUpdater (StateMachineUpdater.java:stopAndJoin(149)) - 0d23f380-5b64-4336-bea7-d12bd7eaa710@group-7D8C5C10C900-StateMachineUpdater: set stopIndex = 2
2021-09-22 01:10:26,890 [0d23f380-5b64-4336-bea7-d12bd7eaa710@group-7D8C5C10C900-StateMachineUpdater] INFO  ratis.ContainerStateMachine (ContainerStateMachine.java:takeSnapshot(303)) - group-7D8C5C10C900: Finished taking a snapshot at:(t:8, i:2) file:/home/runner/work/ozone/ozone/hadoop-ozone/integration-test/target/test-dir/MiniOzoneClusterImpl-25acc1c1-a8f2-4117-88d4-9d8f1e28eca9/datanode-5/data/ratis/4de357ff-d8b8-41d9-a7ee-7d8c5c10c900/sm/snapshot.8_2 took: 1 ms
2021-09-22 01:10:26,890 [0d23f380-5b64-4336-bea7-d12bd7eaa710@group-7D8C5C10C900-StateMachineUpdater] INFO  impl.StateMachineUpdater (StateMachineUpdater.java:takeSnapshot(281)) - 0d23f380-5b64-4336-bea7-d12bd7eaa710@group-7D8C5C10C900-StateMachineUpdater: Took a snapshot at index 2
2021-09-22 01:10:26,890 [0d23f380-5b64-4336-bea7-d12bd7eaa710@group-7D8C5C10C900-StateMachineUpdater] INFO  impl.StateMachineUpdater (StateMachineUpdater.java:lambda$new$0(89)) - 0d23f380-5b64-4336-bea7-d12bd7eaa710@group-7D8C5C10C900-StateMachineUpdater: snapshotIndex: updateIncreasingly -1 -> 2
2021-09-22 01:10:26,890 [ForkJoinPool.commonPool-worker-1] INFO  server.RaftServer$Division (ServerState.java:close(419)) - 0d23f380-5b64-4336-bea7-d12bd7eaa710@group-7D8C5C10C900: closes. applyIndex: 2
2021-09-22 01:10:26,891 [0d23f380-5b64-4336-bea7-d12bd7eaa710@group-7D8C5C10C900-SegmentedRaftLogWorker] INFO  segmented.SegmentedRaftLogWorker (SegmentedRaftLogWorker.java:run(327)) - 0d23f380-5b64-4336-bea7-d12bd7eaa710@group-7D8C5C10C900-SegmentedRaftLogWorker was interrupted, exiting. There are 0 tasks remaining in the queue.
2021-09-22 01:10:26,902 [ForkJoinPool.commonPool-worker-1] INFO  segmented.SegmentedRaftLogWorker (SegmentedRaftLogWorker.java:close(237)) - 0d23f380-5b64-4336-bea7-d12bd7eaa710@group-7D8C5C10C900-SegmentedRaftLogWorker close()
2021-09-22 01:10:26,902 [ForkJoinPool.commonPool-worker-1] INFO  server.GrpcService (GrpcService.java:closeImpl(262)) - 0d23f380-5b64-4336-bea7-d12bd7eaa710: shutdown server with port 40155 now
2021-09-22 01:10:26,936 [ForkJoinPool.commonPool-worker-1] INFO  server.GrpcService (GrpcService.java:closeImpl(271)) - 0d23f380-5b64-4336-bea7-d12bd7eaa710: shutdown server with port 40155 successfully
2021-09-22 01:10:26,937 [org.apache.ratis.util.JvmPauseMonitor$$Lambda$531/1517202074@7f5bfd12] INFO  util.JvmPauseMonitor (JvmPauseMonitor.java:run(109)) - JvmPauseMonitor-0d23f380-5b64-4336-bea7-d12bd7eaa710: Stopped
2021-09-22 01:10:26,966 [ForkJoinPool.commonPool-worker-1] INFO  utils.BackgroundService (BackgroundService.java:shutdown(132)) - Shutting down service BlockDeletingService
2021-09-22 01:10:29,987 [ForkJoinPool.commonPool-worker-1] INFO  statemachine.DatanodeStateMachine (DatanodeStateMachine.java:stopDaemon(515)) - Ozone container server stopped.
2021-09-22 01:10:29,992 [ForkJoinPool.commonPool-worker-1] INFO  handler.ContextHandler (ContextHandler.java:doStop(1153)) - Stopped o.e.j.w.WebAppContext@57955339{hddsDatanode,/,null,STOPPED}{jar:file:/home/runner/.m2/repository/org/apache/ozone/hdds-container-service/1.2.0-SNAPSHOT/hdds-container-service-1.2.0-SNAPSHOT.jar!/webapps/hddsDatanode}
2021-09-22 01:10:30,002 [ForkJoinPool.commonPool-worker-1] INFO  server.AbstractConnector (AbstractConnector.java:doStop(381)) - Stopped ServerConnector@645bba67{HTTP/1.1, (http/1.1)}{0.0.0.0:0}
2021-09-22 01:10:30,002 [ForkJoinPool.commonPool-worker-1] INFO  server.session (HouseKeeper.java:stopScavenging(149)) - node0 Stopped scavenging
2021-09-22 01:10:30,004 [ForkJoinPool.commonPool-worker-1] INFO  handler.ContextHandler (ContextHandler.java:doStop(1153)) - Stopped o.e.j.s.ServletContextHandler@42ed740b{static,/static,jar:file:/home/runner/.m2/repository/org/apache/ozone/hdds-container-service/1.2.0-SNAPSHOT/hdds-container-service-1.2.0-SNAPSHOT.jar!/webapps/static,STOPPED}
2021-09-22 01:10:30,004 [ForkJoinPool.commonPool-worker-1] INFO  handler.ContextHandler (ContextHandler.java:doStop(1153)) - Stopped o.e.j.s.ServletContextHandler@1a9ae0fe{logs,/logs,file:///home/runner/work/ozone/ozone/hadoop-ozone/integration-test/target/log,STOPPED}
2021-09-22 01:10:30,005 [Listener at 127.0.0.1/44817] INFO  ozone.MiniOzoneClusterImpl (MiniOzoneClusterImpl.java:stopSCM(542)) - Stopping the StorageContainerManager
2021-09-22 01:10:30,005 [Listener at 127.0.0.1/44817] INFO  server.StorageContainerManager (StorageContainerManager.java:stop(1371)) - Stopping Container Balancer service.
2021-09-22 01:10:30,005 [Listener at 127.0.0.1/44817] INFO  balancer.ContainerBalancer (ContainerBalancer.java:stop(717)) - Container Balancer is not running.
2021-09-22 01:10:30,005 [Listener at 127.0.0.1/44817] INFO  server.StorageContainerManager (StorageContainerManager.java:stop(1378)) - Stopping Replication Manager Service.
2021-09-22 01:10:30,005 [Listener at 127.0.0.1/44817] INFO  container.ReplicationManager (ReplicationManager.java:stop(350)) - Stopping Replication Monitor Thread.
2021-09-22 01:10:30,006 [Listener at 127.0.0.1/44817] INFO  server.StorageContainerManager (StorageContainerManager.java:stop(1385)) - Stopping the Datanode Admin Monitor.
2021-09-22 01:10:30,006 [Listener at 127.0.0.1/44817] INFO  server.StorageContainerManager (StorageContainerManager.java:stop(1392)) - Stopping Lease Manager of the command watchers
2021-09-22 01:10:30,006 [Listener at 127.0.0.1/44817] INFO  server.StorageContainerManager (StorageContainerManager.java:stop(1399)) - Stopping datanode service RPC server
2021-09-22 01:10:30,006 [Listener at 127.0.0.1/44817] INFO  server.SCMDatanodeProtocolServer (SCMDatanodeProtocolServer.java:stop(389)) - Stopping the RPC server for DataNodes
2021-09-22 01:10:30,006 [Listener at 127.0.0.1/44817] INFO  ipc.Server (Server.java:stop(3414)) - Stopping server on 41109
2021-09-22 01:10:30,008 [IPC Server listener on 0] INFO  ipc.Server (Server.java:run(1376)) - Stopping IPC Server listener on 0
2021-09-22 01:10:30,008 [IPC Server Responder] INFO  ipc.Server (Server.java:run(1512)) - Stopping IPC Server Responder
2021-09-22 01:10:30,058 [SCM Heartbeat Processing Thread - 0] WARN  node.NodeStateManager (NodeStateManager.java:scheduleNextHealthCheck(799)) - Current Thread is interrupted, shutting down HB processing thread for Node Manager.
2021-09-22 01:10:30,059 [Listener at 127.0.0.1/44817] INFO  server.StorageContainerManager (StorageContainerManager.java:stop(1407)) - Stopping block service RPC server
2021-09-22 01:10:30,059 [Listener at 127.0.0.1/44817] INFO  server.SCMBlockProtocolServer (SCMBlockProtocolServer.java:stop(160)) - Stopping the RPC server for Block Protocol
2021-09-22 01:10:30,059 [Listener at 127.0.0.1/44817] INFO  ipc.Server (Server.java:stop(3414)) - Stopping server on 35859
2021-09-22 01:10:30,060 [Listener at 127.0.0.1/44817] INFO  server.StorageContainerManager (StorageContainerManager.java:stop(1414)) - Stopping the StorageContainerLocationProtocol RPC server
2021-09-22 01:10:30,060 [Listener at 127.0.0.1/44817] INFO  server.SCMClientProtocolServer (SCMClientProtocolServer.java:stop(173)) - Stopping the RPC server for Client Protocol
2021-09-22 01:10:30,060 [Listener at 127.0.0.1/44817] INFO  ipc.Server (Server.java:stop(3414)) - Stopping server on 45559
2021-09-22 01:10:30,061 [IPC Server listener on 0] INFO  ipc.Server (Server.java:run(1376)) - Stopping IPC Server listener on 0
2021-09-22 01:10:30,066 [IPC Server Responder] INFO  ipc.Server (Server.java:run(1512)) - Stopping IPC Server Responder
2021-09-22 01:10:30,067 [Listener at 127.0.0.1/44817] INFO  server.StorageContainerManager (StorageContainerManager.java:stop(1421)) - Stopping Storage Container Manager HTTP server.
2021-09-22 01:10:30,067 [Listener at 127.0.0.1/44817] INFO  handler.ContextHandler (ContextHandler.java:doStop(1153)) - Stopped o.e.j.w.WebAppContext@31c47af9{scm,/,null,STOPPED}{file:/home/runner/work/ozone/ozone/hadoop-ozone/integration-test/target/test-classes/webapps/scm}
2021-09-22 01:10:30,070 [Listener at 127.0.0.1/44817] INFO  server.AbstractConnector (AbstractConnector.java:doStop(381)) - Stopped ServerConnector@7f8b0993{HTTP/1.1, (http/1.1)}{0.0.0.0:0}
2021-09-22 01:10:30,070 [Listener at 127.0.0.1/44817] INFO  server.session (HouseKeeper.java:stopScavenging(149)) - node0 Stopped scavenging
2021-09-22 01:10:30,070 [Listener at 127.0.0.1/44817] INFO  handler.ContextHandler (ContextHandler.java:doStop(1153)) - Stopped o.e.j.s.ServletContextHandler@5e40fd48{static,/static,file:///home/runner/work/ozone/ozone/hadoop-ozone/integration-test/target/test-classes/webapps/static,STOPPED}
2021-09-22 01:10:30,070 [Listener at 127.0.0.1/44817] INFO  handler.ContextHandler (ContextHandler.java:doStop(1153)) - Stopped o.e.j.s.ServletContextHandler@5d7cb9dc{logs,/logs,file:///home/runner/work/ozone/ozone/hadoop-ozone/integration-test/target/log,STOPPED}
2021-09-22 01:10:30,070 [IPC Server Responder] INFO  ipc.Server (Server.java:run(1512)) - Stopping IPC Server Responder
2021-09-22 01:10:30,070 [IPC Server listener on 0] INFO  ipc.Server (Server.java:run(1376)) - Stopping IPC Server listener on 0
2021-09-22 01:10:30,082 [Listener at 127.0.0.1/44817] INFO  server.StorageContainerManager (StorageContainerManager.java:stop(1432)) - Stopping Block Manager Service.
2021-09-22 01:10:30,082 [Listener at 127.0.0.1/44817] INFO  utils.BackgroundService (BackgroundService.java:shutdown(132)) - Shutting down service SCMBlockDeletingService
2021-09-22 01:10:30,082 [Listener at 127.0.0.1/44817] INFO  utils.BackgroundService (BackgroundService.java:shutdown(132)) - Shutting down service SCMBlockDeletingService
2021-09-22 01:10:30,082 [Listener at 127.0.0.1/44817] INFO  server.StorageContainerManager (StorageContainerManager.java:stop(1459)) - Stopping SCM Event Queue.
2021-09-22 01:10:30,086 [Listener at 127.0.0.1/44817] INFO  server.StorageContainerManager (StorageContainerManager.java:stop(1470)) - Stopping SCM HA services.
2021-09-22 01:10:30,087 [Listener at 127.0.0.1/44817] INFO  pipeline.BackgroundPipelineCreator (BackgroundPipelineCreatorV2.java:stop(158)) - Stopping RatisPipelineUtilsThread.
2021-09-22 01:10:30,088 [Listener at 127.0.0.1/44817] INFO  server.StorageContainerManager (StorageContainerManager.java:stop(1480)) - Stopping SCM MetadataStore.
2021-09-22 01:10:30,089 [Listener at 127.0.0.1/44817] INFO  impl.MetricsSystemImpl (MetricsSystemImpl.java:stop(210)) - Stopping XceiverClientMetrics metrics system...
2021-09-22 01:10:30,122 [prometheus] INFO  impl.MetricsSinkAdapter (MetricsSinkAdapter.java:publishMetricsFromQueue(141)) - prometheus thread interrupted.
2021-09-22 01:10:30,122 [Listener at 127.0.0.1/44817] INFO  impl.MetricsSystemImpl (MetricsSystemImpl.java:stop(216)) - XceiverClientMetrics metrics system stopped.
]]></system-out>
  </testcase>
  <testcase name="testDatanodeFailureWithPreAllocation" classname="org.apache.hadoop.ozone.client.rpc.TestBlockOutputStreamWithFailures" time="102.302"/>
  <testcase name="testDatanodeFailureWithSingleNodeRatis" classname="org.apache.hadoop.ozone.client.rpc.TestBlockOutputStreamWithFailures" time="111.365"/>
  <testcase name="testWatchForCommitWithSingleNodeRatis" classname="org.apache.hadoop.ozone.client.rpc.TestBlockOutputStreamWithFailures" time="64.186"/>
  <testcase name="testWatchForCommitDatanodeFailure" classname="org.apache.hadoop.ozone.client.rpc.TestBlockOutputStreamWithFailures" time="73.52"/>
  <testcase name="testFailureWithPrimeSizedData" classname="org.apache.hadoop.ozone.client.rpc.TestBlockOutputStreamWithFailures" time="59.161"/>
  <testcase name="testWatchForCommitWithCloseContainerException" classname="org.apache.hadoop.ozone.client.rpc.TestBlockOutputStreamWithFailures" time="61.707"/>
  <testcase name="testExceptionDuringClose" classname="org.apache.hadoop.ozone.client.rpc.TestBlockOutputStreamWithFailures" time="66.839"/>
</testsuite>