<?xml version="1.0" encoding="UTF-8"?>
<testsuite xmlns:xsi="http://www.w3.org/2001/XMLSchema-instance" xsi:noNamespaceSchemaLocation="https://maven.apache.org/surefire/maven-surefire-plugin/xsd/surefire-test-report.xsd" name="org.apache.hadoop.ozone.client.rpc.TestReadRetries" time="56.35" tests="1" errors="0" skipped="0" failures="1">
  <properties>
    <property name="awt.toolkit" value="sun.awt.X11.XToolkit"/>
    <property name="file.encoding.pkg" value="sun.io"/>
    <property name="java.specification.version" value="1.8"/>
    <property name="sun.cpu.isalist" value=""/>
    <property name="sun.jnu.encoding" value="ANSI_X3.4-1968"/>
    <property name="java.class.path" value="/github/workspace/mnt/ozone/hadoop-ozone/integration-test/target/test-classes:/github/workspace/mnt/ozone/hadoop-ozone/integration-test/target/classes:/home/user/.m2/repository/org/apache/hadoop/hadoop-ozone-common/0.6.0-SNAPSHOT/hadoop-ozone-common-0.6.0-SNAPSHOT.jar:/home/user/.m2/repository/org/apache/commons/commons-compress/1.4.1/commons-compress-1.4.1.jar:/home/user/.m2/repository/org/tukaani/xz/1.0/xz-1.0.jar:/home/user/.m2/repository/org/apache/hadoop/hadoop-hdds-common/0.6.0-SNAPSHOT/hadoop-hdds-common-0.6.0-SNAPSHOT.jar:/home/user/.m2/repository/info/picocli/picocli/3.9.6/picocli-3.9.6.jar:/home/user/.m2/repository/com/fasterxml/jackson/core/jackson-annotations/2.10.3/jackson-annotations-2.10.3.jar:/home/user/.m2/repository/javax/annotation/javax.annotation-api/1.2/javax.annotation-api-1.2.jar:/home/user/.m2/repository/org/apache/ratis/ratis-server/0.6.0-490b689-SNAPSHOT/ratis-server-0.6.0-490b689-SNAPSHOT.jar:/home/user/.m2/repository/org/apache/ratis/ratis-thirdparty-misc/0.3.0/ratis-thirdparty-misc-0.3.0.jar:/home/user/.m2/repository/org/apache/ratis/ratis-client/0.6.0-490b689-SNAPSHOT/ratis-client-0.6.0-490b689-SNAPSHOT.jar:/home/user/.m2/repository/org/apache/ratis/ratis-metrics/0.6.0-490b689-SNAPSHOT/ratis-metrics-0.6.0-490b689-SNAPSHOT.jar:/home/user/.m2/repository/org/apache/ratis/ratis-netty/0.6.0-490b689-SNAPSHOT/ratis-netty-0.6.0-490b689-SNAPSHOT.jar:/home/user/.m2/repository/org/apache/ratis/ratis-grpc/0.6.0-490b689-SNAPSHOT/ratis-grpc-0.6.0-490b689-SNAPSHOT.jar:/home/user/.m2/repository/org/apache/logging/log4j/log4j-api/2.11.0/log4j-api-2.11.0.jar:/home/user/.m2/repository/org/apache/logging/log4j/log4j-core/2.11.0/log4j-core-2.11.0.jar:/home/user/.m2/repository/com/lmax/disruptor/3.4.2/disruptor-3.4.2.jar:/home/user/.m2/repository/org/apache/commons/commons-pool2/2.6.0/commons-pool2-2.6.0.jar:/home/user/.m2/repository/org/bouncycastle/bcpkix-jdk15on/1.60/bcpkix-jdk15on-1.60.jar:/home/user/.m2/repository/commons-validator/commons-validator/1.6/commons-validator-1.6.jar:/home/user/.m2/repository/commons-digester/commons-digester/1.8.1/commons-digester-1.8.1.jar:/home/user/.m2/repository/io/jaegertracing/jaeger-client/1.2.0/jaeger-client-1.2.0.jar:/home/user/.m2/repository/io/jaegertracing/jaeger-thrift/1.2.0/jaeger-thrift-1.2.0.jar:/home/user/.m2/repository/org/apache/thrift/libthrift/0.13.0/libthrift-0.13.0.jar:/home/user/.m2/repository/com/squareup/okhttp3/okhttp/4.2.2/okhttp-4.2.2.jar:/home/user/.m2/repository/com/squareup/okio/okio/2.2.2/okio-2.2.2.jar:/home/user/.m2/repository/org/jetbrains/kotlin/kotlin-stdlib/1.3.50/kotlin-stdlib-1.3.50.jar:/home/user/.m2/repository/org/jetbrains/kotlin/kotlin-stdlib-common/1.3.50/kotlin-stdlib-common-1.3.50.jar:/home/user/.m2/repository/org/jetbrains/annotations/13.0/annotations-13.0.jar:/home/user/.m2/repository/io/jaegertracing/jaeger-core/1.2.0/jaeger-core-1.2.0.jar:/home/user/.m2/repository/io/jaegertracing/jaeger-tracerresolver/1.2.0/jaeger-tracerresolver-1.2.0.jar:/home/user/.m2/repository/io/opentracing/contrib/opentracing-tracerresolver/0.1.8/opentracing-tracerresolver-0.1.8.jar:/home/user/.m2/repository/io/opentracing/opentracing-util/0.33.0/opentracing-util-0.33.0.jar:/home/user/.m2/repository/io/opentracing/opentracing-api/0.33.0/opentracing-api-0.33.0.jar:/home/user/.m2/repository/io/opentracing/opentracing-noop/0.33.0/opentracing-noop-0.33.0.jar:/home/user/.m2/repository/org/apache/hadoop/hadoop-hdds-client/0.6.0-SNAPSHOT/hadoop-hdds-client-0.6.0-SNAPSHOT.jar:/home/user/.m2/repository/org/apache/hadoop/hadoop-hdds-test-utils/0.6.0-SNAPSHOT/hadoop-hdds-test-utils-0.6.0-SNAPSHOT.jar:/home/user/.m2/repository/com/google/guava/guava/28.2-jre/guava-28.2-jre.jar:/home/user/.m2/repository/com/google/guava/failureaccess/1.0.1/failureaccess-1.0.1.jar:/home/user/.m2/repository/com/google/guava/listenablefuture/9999.0-empty-to-avoid-conflict-with-guava/listenablefuture-9999.0-empty-to-avoid-conflict-with-guava.jar:/home/user/.m2/repository/com/google/code/findbugs/jsr305/3.0.0/jsr305-3.0.0.jar:/home/user/.m2/repository/org/checkerframework/checker-qual/2.10.0/checker-qual-2.10.0.jar:/home/user/.m2/repository/com/google/errorprone/error_prone_annotations/2.3.4/error_prone_annotations-2.3.4.jar:/home/user/.m2/repository/com/google/j2objc/j2objc-annotations/1.3/j2objc-annotations-1.3.jar:/home/user/.m2/repository/commons-io/commons-io/2.5/commons-io-2.5.jar:/home/user/.m2/repository/commons-logging/commons-logging/1.1.3/commons-logging-1.1.3.jar:/home/user/.m2/repository/log4j/log4j/1.2.17/log4j-1.2.17.jar:/home/user/.m2/repository/org/apache/commons/commons-lang3/3.7/commons-lang3-3.7.jar:/home/user/.m2/repository/org/slf4j/slf4j-api/1.7.25/slf4j-api-1.7.25.jar:/home/user/.m2/repository/org/apache/hadoop/hadoop-hdds-server-scm/0.6.0-SNAPSHOT/hadoop-hdds-server-scm-0.6.0-SNAPSHOT.jar:/home/user/.m2/repository/org/apache/hadoop/hadoop-hdds-container-service/0.6.0-SNAPSHOT/hadoop-hdds-container-service-0.6.0-SNAPSHOT.jar:/home/user/.m2/repository/org/apache/hadoop/hadoop-hdds-hadoop-dependency-server/0.6.0-SNAPSHOT/hadoop-hdds-hadoop-dependency-server-0.6.0-SNAPSHOT.jar:/home/user/.m2/repository/org/apache/hadoop/hadoop-hdds-server-framework/0.6.0-SNAPSHOT/hadoop-hdds-server-framework-0.6.0-SNAPSHOT.jar:/home/user/.m2/repository/org/rocksdb/rocksdbjni/6.6.4/rocksdbjni-6.6.4.jar:/home/user/.m2/repository/io/prometheus/simpleclient_dropwizard/0.7.0/simpleclient_dropwizard-0.7.0.jar:/home/user/.m2/repository/io/prometheus/simpleclient/0.7.0/simpleclient-0.7.0.jar:/home/user/.m2/repository/io/prometheus/simpleclient_common/0.7.0/simpleclient_common-0.7.0.jar:/home/user/.m2/repository/com/fasterxml/jackson/datatype/jackson-datatype-jsr310/2.10.3/jackson-datatype-jsr310-2.10.3.jar:/home/user/.m2/repository/org/apache/hadoop/hadoop-hdds-docs/0.6.0-SNAPSHOT/hadoop-hdds-docs-0.6.0-SNAPSHOT.jar:/home/user/.m2/repository/io/dropwizard/metrics/metrics-core/3.2.4/metrics-core-3.2.4.jar:/home/user/.m2/repository/org/apache/hadoop/hadoop-hdfs-client/3.2.0/hadoop-hdfs-client-3.2.0.jar:/home/user/.m2/repository/org/bouncycastle/bcprov-jdk15on/1.60/bcprov-jdk15on-1.60.jar:/home/user/.m2/repository/org/apache/hadoop/hadoop-ozone-ozone-manager/0.6.0-SNAPSHOT/hadoop-ozone-ozone-manager-0.6.0-SNAPSHOT.jar:/home/user/.m2/repository/org/apache/hadoop/hadoop-minikdc/3.2.0/hadoop-minikdc-3.2.0.jar:/home/user/.m2/repository/org/apache/kerby/kerb-simplekdc/1.0.1/kerb-simplekdc-1.0.1.jar:/home/user/.m2/repository/org/apache/kerby/kerb-client/1.0.1/kerb-client-1.0.1.jar:/home/user/.m2/repository/org/apache/kerby/kerby-config/1.0.1/kerby-config-1.0.1.jar:/home/user/.m2/repository/org/apache/kerby/kerb-core/1.0.1/kerb-core-1.0.1.jar:/home/user/.m2/repository/org/apache/kerby/kerby-pkix/1.0.1/kerby-pkix-1.0.1.jar:/home/user/.m2/repository/org/apache/kerby/kerby-asn1/1.0.1/kerby-asn1-1.0.1.jar:/home/user/.m2/repository/org/apache/kerby/kerby-util/1.0.1/kerby-util-1.0.1.jar:/home/user/.m2/repository/org/apache/kerby/kerb-common/1.0.1/kerb-common-1.0.1.jar:/home/user/.m2/repository/org/apache/kerby/kerb-crypto/1.0.1/kerb-crypto-1.0.1.jar:/home/user/.m2/repository/org/apache/kerby/kerb-util/1.0.1/kerb-util-1.0.1.jar:/home/user/.m2/repository/org/apache/kerby/token-provider/1.0.1/token-provider-1.0.1.jar:/home/user/.m2/repository/org/apache/kerby/kerb-admin/1.0.1/kerb-admin-1.0.1.jar:/home/user/.m2/repository/org/apache/kerby/kerb-server/1.0.1/kerb-server-1.0.1.jar:/home/user/.m2/repository/org/apache/kerby/kerb-identity/1.0.1/kerb-identity-1.0.1.jar:/home/user/.m2/repository/org/apache/kerby/kerby-xdr/1.0.1/kerby-xdr-1.0.1.jar:/home/user/.m2/repository/org/slf4j/slf4j-log4j12/1.7.25/slf4j-log4j12-1.7.25.jar:/home/user/.m2/repository/org/apache/hadoop/hadoop-ozone-s3gateway/0.6.0-SNAPSHOT/hadoop-ozone-s3gateway-0.6.0-SNAPSHOT.jar:/home/user/.m2/repository/org/jboss/weld/servlet/weld-servlet/2.4.7.Final/weld-servlet-2.4.7.Final.jar:/home/user/.m2/repository/org/glassfish/jersey/containers/jersey-container-servlet-core/2.27/jersey-container-servlet-core-2.27.jar:/home/user/.m2/repository/org/glassfish/hk2/external/javax.inject/2.5.0-b42/javax.inject-2.5.0-b42.jar:/home/user/.m2/repository/org/glassfish/jersey/core/jersey-common/2.27/jersey-common-2.27.jar:/home/user/.m2/repository/org/glassfish/hk2/osgi-resource-locator/1.0.1/osgi-resource-locator-1.0.1.jar:/home/user/.m2/repository/javax/ws/rs/javax.ws.rs-api/2.1/javax.ws.rs-api-2.1.jar:/home/user/.m2/repository/org/glassfish/jersey/ext/cdi/jersey-cdi1x/2.27/jersey-cdi1x-2.27.jar:/home/user/.m2/repository/org/glassfish/jersey/inject/jersey-hk2/2.27/jersey-hk2-2.27.jar:/home/user/.m2/repository/org/glassfish/hk2/hk2-locator/2.5.0-b42/hk2-locator-2.5.0-b42.jar:/home/user/.m2/repository/org/javassist/javassist/3.22.0-CR2/javassist-3.22.0-CR2.jar:/home/user/.m2/repository/org/glassfish/hk2/hk2-api/2.5.0/hk2-api-2.5.0.jar:/home/user/.m2/repository/org/glassfish/hk2/external/jakarta.inject/2.5.0/jakarta.inject-2.5.0.jar:/home/user/.m2/repository/org/glassfish/hk2/hk2-utils/2.5.0/hk2-utils-2.5.0.jar:/home/user/.m2/repository/jakarta/annotation/jakarta.annotation-api/1.3.4/jakarta.annotation-api-1.3.4.jar:/home/user/.m2/repository/org/glassfish/hk2/external/aopalliance-repackaged/2.5.0/aopalliance-repackaged-2.5.0.jar:/home/user/.m2/repository/com/fasterxml/jackson/dataformat/jackson-dataformat-xml/2.9.0/jackson-dataformat-xml-2.9.0.jar:/home/user/.m2/repository/com/fasterxml/jackson/core/jackson-core/2.10.3/jackson-core-2.10.3.jar:/home/user/.m2/repository/com/fasterxml/jackson/module/jackson-module-jaxb-annotations/2.10.3/jackson-module-jaxb-annotations-2.10.3.jar:/home/user/.m2/repository/jakarta/xml/bind/jakarta.xml.bind-api/2.3.2/jakarta.xml.bind-api-2.3.2.jar:/home/user/.m2/repository/jakarta/activation/jakarta.activation-api/1.2.1/jakarta.activation-api-1.2.1.jar:/home/user/.m2/repository/org/codehaus/woodstox/stax2-api/3.1.4/stax2-api-3.1.4.jar:/home/user/.m2/repository/com/fasterxml/woodstox/woodstox-core/5.0.3/woodstox-core-5.0.3.jar:/home/user/.m2/repository/javax/enterprise/cdi-api/1.2/cdi-api-1.2.jar:/home/user/.m2/repository/javax/el/javax.el-api/3.0.0/javax.el-api-3.0.0.jar:/home/user/.m2/repository/javax/interceptor/javax.interceptor-api/1.2/javax.interceptor-api-1.2.jar:/home/user/.m2/repository/javax/inject/javax.inject/1/javax.inject-1.jar:/home/user/.m2/repository/com/sun/xml/bind/jaxb-impl/2.3.0.1/jaxb-impl-2.3.0.1.jar:/home/user/.m2/repository/com/sun/xml/bind/jaxb-core/2.3.0.1/jaxb-core-2.3.0.1.jar:/home/user/.m2/repository/javax/xml/bind/jaxb-api/2.3.0/jaxb-api-2.3.0.jar:/home/user/.m2/repository/javax/activation/activation/1.1.1/activation-1.1.1.jar:/home/user/.m2/repository/org/apache/hadoop/hadoop-ozone-csi/0.6.0-SNAPSHOT/hadoop-ozone-csi-0.6.0-SNAPSHOT.jar:/home/user/.m2/repository/com/google/protobuf/protobuf-java-util/3.5.1/protobuf-java-util-3.5.1.jar:/home/user/.m2/repository/com/google/code/gson/gson/2.2.4/gson-2.2.4.jar:/home/user/.m2/repository/org/apache/hadoop/hadoop-hdds-config/0.6.0-SNAPSHOT/hadoop-hdds-config-0.6.0-SNAPSHOT.jar:/home/user/.m2/repository/com/google/protobuf/protobuf-java/2.5.0/protobuf-java-2.5.0.jar:/home/user/.m2/repository/io/grpc/grpc-netty/1.17.1/grpc-netty-1.17.1.jar:/home/user/.m2/repository/io/grpc/grpc-core/1.17.1/grpc-core-1.17.1.jar:/home/user/.m2/repository/io/grpc/grpc-context/1.17.1/grpc-context-1.17.1.jar:/home/user/.m2/repository/org/codehaus/mojo/animal-sniffer-annotations/1.17/animal-sniffer-annotations-1.17.jar:/home/user/.m2/repository/io/opencensus/opencensus-api/0.17.0/opencensus-api-0.17.0.jar:/home/user/.m2/repository/io/opencensus/opencensus-contrib-grpc-metrics/0.17.0/opencensus-contrib-grpc-metrics-0.17.0.jar:/home/user/.m2/repository/io/netty/netty-codec-http2/4.1.30.Final/netty-codec-http2-4.1.30.Final.jar:/home/user/.m2/repository/io/netty/netty-codec-http/4.1.30.Final/netty-codec-http-4.1.30.Final.jar:/home/user/.m2/repository/io/netty/netty-codec/4.1.30.Final/netty-codec-4.1.30.Final.jar:/home/user/.m2/repository/io/netty/netty-handler/4.1.30.Final/netty-handler-4.1.30.Final.jar:/home/user/.m2/repository/io/netty/netty-handler-proxy/4.1.30.Final/netty-handler-proxy-4.1.30.Final.jar:/home/user/.m2/repository/io/netty/netty-codec-socks/4.1.30.Final/netty-codec-socks-4.1.30.Final.jar:/home/user/.m2/repository/io/netty/netty-transport-native-epoll/4.1.30.Final/netty-transport-native-epoll-4.1.30.Final.jar:/home/user/.m2/repository/io/netty/netty-common/4.1.30.Final/netty-common-4.1.30.Final.jar:/home/user/.m2/repository/io/netty/netty-buffer/4.1.30.Final/netty-buffer-4.1.30.Final.jar:/home/user/.m2/repository/io/netty/netty-transport/4.1.30.Final/netty-transport-4.1.30.Final.jar:/home/user/.m2/repository/io/netty/netty-resolver/4.1.30.Final/netty-resolver-4.1.30.Final.jar:/home/user/.m2/repository/io/netty/netty-transport-native-unix-common/4.1.30.Final/netty-transport-native-unix-common-4.1.30.Final.jar:/home/user/.m2/repository/io/grpc/grpc-protobuf/1.17.1/grpc-protobuf-1.17.1.jar:/home/user/.m2/repository/com/google/api/grpc/proto-google-common-protos/1.0.0/proto-google-common-protos-1.0.0.jar:/home/user/.m2/repository/io/grpc/grpc-protobuf-lite/1.17.1/grpc-protobuf-lite-1.17.1.jar:/home/user/.m2/repository/io/grpc/grpc-stub/1.17.1/grpc-stub-1.17.1.jar:/home/user/.m2/repository/org/apache/hadoop/hadoop-ozone-recon/0.6.0-SNAPSHOT/hadoop-ozone-recon-0.6.0-SNAPSHOT.jar:/home/user/.m2/repository/org/apache/hadoop/hadoop-ozone-reconcodegen/0.6.0-SNAPSHOT/hadoop-ozone-reconcodegen-0.6.0-SNAPSHOT.jar:/home/user/.m2/repository/com/google/inject/extensions/guice-multibindings/4.0/guice-multibindings-4.0.jar:/home/user/.m2/repository/com/google/inject/guice/4.0/guice-4.0.jar:/home/user/.m2/repository/aopalliance/aopalliance/1.0/aopalliance-1.0.jar:/home/user/.m2/repository/com/google/inject/extensions/guice-servlet/4.0/guice-servlet-4.0.jar:/home/user/.m2/repository/org/glassfish/jersey/containers/jersey-container-servlet/2.27/jersey-container-servlet-2.27.jar:/home/user/.m2/repository/org/glassfish/hk2/guice-bridge/2.5.0/guice-bridge-2.5.0.jar:/home/user/.m2/repository/org/glassfish/jersey/core/jersey-server/2.27/jersey-server-2.27.jar:/home/user/.m2/repository/org/glassfish/jersey/core/jersey-client/2.27/jersey-client-2.27.jar:/home/user/.m2/repository/org/glassfish/jersey/media/jersey-media-jaxb/2.27/jersey-media-jaxb-2.27.jar:/home/user/.m2/repository/javax/validation/validation-api/1.1.0.Final/validation-api-1.1.0.Final.jar:/home/user/.m2/repository/org/glassfish/jersey/media/jersey-media-json-jackson/2.27/jersey-media-json-jackson-2.27.jar:/home/user/.m2/repository/org/glassfish/jersey/ext/jersey-entity-filtering/2.27/jersey-entity-filtering-2.27.jar:/home/user/.m2/repository/com/google/inject/extensions/guice-assistedinject/4.0/guice-assistedinject-4.0.jar:/home/user/.m2/repository/org/jooq/jooq/3.11.10/jooq-3.11.10.jar:/home/user/.m2/repository/org/jooq/jooq-meta/3.11.10/jooq-meta-3.11.10.jar:/home/user/.m2/repository/org/jooq/jooq-codegen/3.11.10/jooq-codegen-3.11.10.jar:/home/user/.m2/repository/com/jolbox/bonecp/0.8.0.RELEASE/bonecp-0.8.0.RELEASE.jar:/home/user/.m2/repository/org/xerial/sqlite-jdbc/3.25.2/sqlite-jdbc-3.25.2.jar:/home/user/.m2/repository/org/springframework/spring-jdbc/5.2.5.RELEASE/spring-jdbc-5.2.5.RELEASE.jar:/home/user/.m2/repository/org/springframework/spring-beans/5.2.5.RELEASE/spring-beans-5.2.5.RELEASE.jar:/home/user/.m2/repository/org/springframework/spring-core/5.2.5.RELEASE/spring-core-5.2.5.RELEASE.jar:/home/user/.m2/repository/org/springframework/spring-jcl/5.2.5.RELEASE/spring-jcl-5.2.5.RELEASE.jar:/home/user/.m2/repository/org/springframework/spring-tx/5.2.5.RELEASE/spring-tx-5.2.5.RELEASE.jar:/home/user/.m2/repository/org/apache/hadoop/hadoop-ozone-client/0.6.0-SNAPSHOT/hadoop-ozone-client-0.6.0-SNAPSHOT.jar:/home/user/.m2/repository/org/apache/hadoop/hadoop-ozone-filesystem/0.6.0-SNAPSHOT/hadoop-ozone-filesystem-0.6.0-SNAPSHOT.jar:/home/user/.m2/repository/org/apache/hadoop/hadoop-hdds-hadoop-dependency-client/0.6.0-SNAPSHOT/hadoop-hdds-hadoop-dependency-client-0.6.0-SNAPSHOT.jar:/home/user/.m2/repository/org/apache/hadoop/hadoop-ozone-tools/0.6.0-SNAPSHOT/hadoop-ozone-tools-0.6.0-SNAPSHOT.jar:/home/user/.m2/repository/org/apache/hadoop/hadoop-hdfs/3.2.0/hadoop-hdfs-3.2.0.jar:/home/user/.m2/repository/org/apache/ratis/ratis-tools/0.6.0-490b689-SNAPSHOT/ratis-tools-0.6.0-490b689-SNAPSHOT.jar:/home/user/.m2/repository/org/apache/ratis/ratis-proto/0.6.0-490b689-SNAPSHOT/ratis-proto-0.6.0-490b689-SNAPSHOT.jar:/home/user/.m2/repository/org/apache/ratis/ratis-common/0.6.0-490b689-SNAPSHOT/ratis-common-0.6.0-490b689-SNAPSHOT.jar:/home/user/.m2/repository/com/amazonaws/aws-java-sdk-core/1.11.615/aws-java-sdk-core-1.11.615.jar:/home/user/.m2/repository/org/apache/httpcomponents/httpclient/4.5.2/httpclient-4.5.2.jar:/home/user/.m2/repository/org/apache/httpcomponents/httpcore/4.4.4/httpcore-4.4.4.jar:/home/user/.m2/repository/software/amazon/ion/ion-java/1.0.2/ion-java-1.0.2.jar:/home/user/.m2/repository/com/fasterxml/jackson/dataformat/jackson-dataformat-cbor/2.10.3/jackson-dataformat-cbor-2.10.3.jar:/home/user/.m2/repository/joda-time/joda-time/2.9.9/joda-time-2.9.9.jar:/home/user/.m2/repository/com/amazonaws/aws-java-sdk-s3/1.11.615/aws-java-sdk-s3-1.11.615.jar:/home/user/.m2/repository/com/amazonaws/aws-java-sdk-kms/1.11.615/aws-java-sdk-kms-1.11.615.jar:/home/user/.m2/repository/com/amazonaws/jmespath-java/1.11.615/jmespath-java-1.11.615.jar:/home/user/.m2/repository/org/apache/hadoop/hadoop-hdds-tools/0.6.0-SNAPSHOT/hadoop-hdds-tools-0.6.0-SNAPSHOT.jar:/home/user/.m2/repository/commons-cli/commons-cli/1.2/commons-cli-1.2.jar:/home/user/.m2/repository/commons-lang/commons-lang/2.6/commons-lang-2.6.jar:/home/user/.m2/repository/org/apache/hadoop/hadoop-ozone-ozone-manager/0.6.0-SNAPSHOT/hadoop-ozone-ozone-manager-0.6.0-SNAPSHOT-tests.jar:/home/user/.m2/repository/junit/junit/4.11/junit-4.11.jar:/home/user/.m2/repository/org/hamcrest/hamcrest-core/1.3/hamcrest-core-1.3.jar:/home/user/.m2/repository/org/openjdk/jmh/jmh-core/1.19/jmh-core-1.19.jar:/home/user/.m2/repository/net/sf/jopt-simple/jopt-simple/4.6/jopt-simple-4.6.jar:/home/user/.m2/repository/org/apache/commons/commons-math3/3.1.1/commons-math3-3.1.1.jar:/home/user/.m2/repository/org/openjdk/jmh/jmh-generator-annprocess/1.19/jmh-generator-annprocess-1.19.jar:/home/user/.m2/repository/org/mockito/mockito-all/1.8.5/mockito-all-1.8.5.jar:/home/user/.m2/repository/org/apache/hadoop/hadoop-kms/3.2.0/hadoop-kms-3.2.0.jar:/home/user/.m2/repository/org/apache/hadoop/hadoop-auth/3.2.0/hadoop-auth-3.2.0.jar:/home/user/.m2/repository/com/nimbusds/nimbus-jose-jwt/7.9/nimbus-jose-jwt-7.9.jar:/home/user/.m2/repository/com/github/stephenc/jcip/jcip-annotations/1.0-1/jcip-annotations-1.0-1.jar:/home/user/.m2/repository/net/minidev/json-smart/2.3/json-smart-2.3.jar:/home/user/.m2/repository/net/minidev/accessors-smart/1.2/accessors-smart-1.2.jar:/home/user/.m2/repository/org/ow2/asm/asm/5.0.4/asm-5.0.4.jar:/home/user/.m2/repository/org/apache/zookeeper/zookeeper/3.4.13/zookeeper-3.4.13.jar:/home/user/.m2/repository/org/apache/yetus/audience-annotations/0.5.0/audience-annotations-0.5.0.jar:/home/user/.m2/repository/org/apache/curator/curator-framework/2.12.0/curator-framework-2.12.0.jar:/home/user/.m2/repository/com/sun/jersey/jersey-core/1.19/jersey-core-1.19.jar:/home/user/.m2/repository/javax/ws/rs/jsr311-api/1.1.1/jsr311-api-1.1.1.jar:/home/user/.m2/repository/com/sun/jersey/jersey-server/1.19/jersey-server-1.19.jar:/home/user/.m2/repository/javax/servlet/javax.servlet-api/3.1.0/javax.servlet-api-3.1.0.jar:/home/user/.m2/repository/org/eclipse/jetty/jetty-server/9.4.26.v20200117/jetty-server-9.4.26.v20200117.jar:/home/user/.m2/repository/org/eclipse/jetty/jetty-http/9.4.26.v20200117/jetty-http-9.4.26.v20200117.jar:/home/user/.m2/repository/org/eclipse/jetty/jetty-io/9.4.26.v20200117/jetty-io-9.4.26.v20200117.jar:/home/user/.m2/repository/org/eclipse/jetty/jetty-webapp/9.4.26.v20200117/jetty-webapp-9.4.26.v20200117.jar:/home/user/.m2/repository/org/eclipse/jetty/jetty-xml/9.4.26.v20200117/jetty-xml-9.4.26.v20200117.jar:/home/user/.m2/repository/org/eclipse/jetty/jetty-servlet/9.4.26.v20200117/jetty-servlet-9.4.26.v20200117.jar:/home/user/.m2/repository/org/eclipse/jetty/jetty-security/9.4.26.v20200117/jetty-security-9.4.26.v20200117.jar:/home/user/.m2/repository/org/apache/hadoop/hadoop-common/3.2.0/hadoop-common-3.2.0.jar:/home/user/.m2/repository/commons-net/commons-net/3.6/commons-net-3.6.jar:/home/user/.m2/repository/commons-collections/commons-collections/3.2.2/commons-collections-3.2.2.jar:/home/user/.m2/repository/com/sun/jersey/jersey-servlet/1.19/jersey-servlet-1.19.jar:/home/user/.m2/repository/com/sun/jersey/jersey-json/1.19/jersey-json-1.19.jar:/home/user/.m2/repository/org/codehaus/jettison/jettison/1.1/jettison-1.1.jar:/home/user/.m2/repository/org/codehaus/jackson/jackson-jaxrs/1.9.2/jackson-jaxrs-1.9.2.jar:/home/user/.m2/repository/org/codehaus/jackson/jackson-xc/1.9.2/jackson-xc-1.9.2.jar:/home/user/.m2/repository/commons-beanutils/commons-beanutils/1.9.4/commons-beanutils-1.9.4.jar:/home/user/.m2/repository/org/apache/commons/commons-configuration2/2.1.1/commons-configuration2-2.1.1.jar:/home/user/.m2/repository/org/apache/commons/commons-text/1.4/commons-text-1.4.jar:/home/user/.m2/repository/com/google/re2j/re2j/1.1/re2j-1.1.jar:/home/user/.m2/repository/com/jcraft/jsch/0.1.54/jsch-0.1.54.jar:/home/user/.m2/repository/org/apache/curator/curator-client/2.12.0/curator-client-2.12.0.jar:/home/user/.m2/repository/org/apache/curator/curator-recipes/2.12.0/curator-recipes-2.12.0.jar:/home/user/.m2/repository/dnsjava/dnsjava/2.1.7/dnsjava-2.1.7.jar:/home/user/.m2/repository/org/slf4j/jul-to-slf4j/1.7.25/jul-to-slf4j-1.7.25.jar:/home/user/.m2/repository/org/eclipse/jetty/jetty-util/9.4.26.v20200117/jetty-util-9.4.26.v20200117.jar:/home/user/.m2/repository/com/fasterxml/jackson/core/jackson-databind/2.10.3/jackson-databind-2.10.3.jar:/home/user/.m2/repository/org/apache/hadoop/hadoop-kms/3.2.0/hadoop-kms-3.2.0-tests.jar:/home/user/.m2/repository/org/apache/hadoop/hadoop-hdds-server-scm/0.6.0-SNAPSHOT/hadoop-hdds-server-scm-0.6.0-SNAPSHOT-tests.jar:/home/user/.m2/repository/org/apache/hadoop/hadoop-hdds-container-service/0.6.0-SNAPSHOT/hadoop-hdds-container-service-0.6.0-SNAPSHOT-tests.jar:/home/user/.m2/repository/org/apache/hadoop/hadoop-hdds-common/0.6.0-SNAPSHOT/hadoop-hdds-common-0.6.0-SNAPSHOT-tests.jar:/home/user/.m2/repository/org/yaml/snakeyaml/1.16/snakeyaml-1.16.jar:/home/user/.m2/repository/org/apache/hadoop/hadoop-hdds-hadoop-dependency-test/0.6.0-SNAPSHOT/hadoop-hdds-hadoop-dependency-test-0.6.0-SNAPSHOT.jar:/home/user/.m2/repository/org/apache/hadoop/hadoop-common/3.2.0/hadoop-common-3.2.0-tests.jar:/home/user/.m2/repository/javax/servlet/jsp/jsp-api/2.1/jsp-api-2.1.jar:/home/user/.m2/repository/org/apache/hadoop/hadoop-hdfs/3.2.0/hadoop-hdfs-3.2.0-tests.jar:/home/user/.m2/repository/org/eclipse/jetty/jetty-util-ajax/9.4.26.v20200117/jetty-util-ajax-9.4.26.v20200117.jar:/home/user/.m2/repository/commons-codec/commons-codec/1.11/commons-codec-1.11.jar:/home/user/.m2/repository/commons-daemon/commons-daemon/1.0.13/commons-daemon-1.0.13.jar:/home/user/.m2/repository/io/netty/netty/3.10.5.Final/netty-3.10.5.Final.jar:/home/user/.m2/repository/io/netty/netty-all/4.1.47.Final/netty-all-4.1.47.Final.jar:/home/user/.m2/repository/org/apache/htrace/htrace-core4/4.1.0-incubating/htrace-core4-4.1.0-incubating.jar:/home/user/.m2/repository/org/fusesource/leveldbjni/leveldbjni-all/1.8/leveldbjni-all-1.8.jar:/home/user/.m2/repository/org/apache/hadoop/hadoop-distcp/3.2.0/hadoop-distcp-3.2.0.jar:/home/user/.m2/repository/org/apache/hadoop/hadoop-mapreduce-client-jobclient/3.2.0/hadoop-mapreduce-client-jobclient-3.2.0.jar:/home/user/.m2/repository/org/apache/hadoop/hadoop-mapreduce-client-common/3.2.0/hadoop-mapreduce-client-common-3.2.0.jar:/home/user/.m2/repository/org/apache/hadoop/hadoop-yarn-common/3.2.0/hadoop-yarn-common-3.2.0.jar:/home/user/.m2/repository/org/apache/hadoop/hadoop-yarn-api/3.2.0/hadoop-yarn-api-3.2.0.jar:/home/user/.m2/repository/com/sun/jersey/jersey-client/1.19/jersey-client-1.19.jar:/home/user/.m2/repository/com/sun/jersey/contribs/jersey-guice/1.19/jersey-guice-1.19.jar:/home/user/.m2/repository/com/fasterxml/jackson/jaxrs/jackson-jaxrs-json-provider/2.10.3/jackson-jaxrs-json-provider-2.10.3.jar:/home/user/.m2/repository/com/fasterxml/jackson/jaxrs/jackson-jaxrs-base/2.10.3/jackson-jaxrs-base-2.10.3.jar:/home/user/.m2/repository/org/apache/hadoop/hadoop-yarn-client/3.2.0/hadoop-yarn-client-3.2.0.jar:/home/user/.m2/repository/org/apache/hadoop/hadoop-mapreduce-client-core/3.2.0/hadoop-mapreduce-client-core-3.2.0.jar:/home/user/.m2/repository/org/apache/avro/avro/1.7.7/avro-1.7.7.jar:/home/user/.m2/repository/org/codehaus/jackson/jackson-core-asl/1.9.13/jackson-core-asl-1.9.13.jar:/home/user/.m2/repository/org/codehaus/jackson/jackson-mapper-asl/1.9.13/jackson-mapper-asl-1.9.13.jar:/home/user/.m2/repository/com/thoughtworks/paranamer/paranamer/2.3/paranamer-2.3.jar:/home/user/.m2/repository/org/xerial/snappy/snappy-java/1.0.5/snappy-java-1.0.5.jar:/home/user/.m2/repository/org/apache/hadoop/hadoop-annotations/3.2.0/hadoop-annotations-3.2.0.jar:/usr/lib/jvm/java-1.8.0-openjdk-1.8.0.232.b09-0.el7_7.x86_64/jre/../lib/tools.jar:/home/user/.m2/repository/org/apache/hadoop/hadoop-distcp/3.2.0/hadoop-distcp-3.2.0-tests.jar:"/>
    <property name="java.vm.vendor" value="Oracle Corporation"/>
    <property name="sun.arch.data.model" value="64"/>
    <property name="test.build.dir" value="/github/workspace/mnt/ozone/hadoop-ozone/integration-test/target/test-dir"/>
    <property name="test.cache.data" value=""/>
    <property name="java.vendor.url" value="http://java.oracle.com/"/>
    <property name="user.timezone" value=""/>
    <property name="java.vm.specification.version" value="1.8"/>
    <property name="os.name" value="Linux"/>
    <property name="test.build.data" value="/github/workspace/mnt/ozone/hadoop-ozone/integration-test/target/test-dir"/>
    <property name="user.country" value="US"/>
    <property name="sun.java.launcher" value="SUN_STANDARD"/>
    <property name="sun.boot.library.path" value="/usr/lib/jvm/java-1.8.0-openjdk-1.8.0.232.b09-0.el7_7.x86_64/jre/lib/amd64"/>
    <property name="sun.java.command" value="/github/workspace/mnt/ozone/hadoop-ozone/integration-test/target/surefire/surefirebooter6595718213384963356.jar /github/workspace/mnt/ozone/hadoop-ozone/integration-test/target/surefire 2020-04-28T14-56-15_338-jvmRun1 surefire1587478169615569613tmp surefire_27550988346942161943tmp"/>
    <property name="surefire.test.class.path" value="/github/workspace/mnt/ozone/hadoop-ozone/integration-test/target/test-classes:/github/workspace/mnt/ozone/hadoop-ozone/integration-test/target/classes:/home/user/.m2/repository/org/apache/hadoop/hadoop-ozone-common/0.6.0-SNAPSHOT/hadoop-ozone-common-0.6.0-SNAPSHOT.jar:/home/user/.m2/repository/org/apache/commons/commons-compress/1.4.1/commons-compress-1.4.1.jar:/home/user/.m2/repository/org/tukaani/xz/1.0/xz-1.0.jar:/home/user/.m2/repository/org/apache/hadoop/hadoop-hdds-common/0.6.0-SNAPSHOT/hadoop-hdds-common-0.6.0-SNAPSHOT.jar:/home/user/.m2/repository/info/picocli/picocli/3.9.6/picocli-3.9.6.jar:/home/user/.m2/repository/com/fasterxml/jackson/core/jackson-annotations/2.10.3/jackson-annotations-2.10.3.jar:/home/user/.m2/repository/javax/annotation/javax.annotation-api/1.2/javax.annotation-api-1.2.jar:/home/user/.m2/repository/org/apache/ratis/ratis-server/0.6.0-490b689-SNAPSHOT/ratis-server-0.6.0-490b689-SNAPSHOT.jar:/home/user/.m2/repository/org/apache/ratis/ratis-thirdparty-misc/0.3.0/ratis-thirdparty-misc-0.3.0.jar:/home/user/.m2/repository/org/apache/ratis/ratis-client/0.6.0-490b689-SNAPSHOT/ratis-client-0.6.0-490b689-SNAPSHOT.jar:/home/user/.m2/repository/org/apache/ratis/ratis-metrics/0.6.0-490b689-SNAPSHOT/ratis-metrics-0.6.0-490b689-SNAPSHOT.jar:/home/user/.m2/repository/org/apache/ratis/ratis-netty/0.6.0-490b689-SNAPSHOT/ratis-netty-0.6.0-490b689-SNAPSHOT.jar:/home/user/.m2/repository/org/apache/ratis/ratis-grpc/0.6.0-490b689-SNAPSHOT/ratis-grpc-0.6.0-490b689-SNAPSHOT.jar:/home/user/.m2/repository/org/apache/logging/log4j/log4j-api/2.11.0/log4j-api-2.11.0.jar:/home/user/.m2/repository/org/apache/logging/log4j/log4j-core/2.11.0/log4j-core-2.11.0.jar:/home/user/.m2/repository/com/lmax/disruptor/3.4.2/disruptor-3.4.2.jar:/home/user/.m2/repository/org/apache/commons/commons-pool2/2.6.0/commons-pool2-2.6.0.jar:/home/user/.m2/repository/org/bouncycastle/bcpkix-jdk15on/1.60/bcpkix-jdk15on-1.60.jar:/home/user/.m2/repository/commons-validator/commons-validator/1.6/commons-validator-1.6.jar:/home/user/.m2/repository/commons-digester/commons-digester/1.8.1/commons-digester-1.8.1.jar:/home/user/.m2/repository/io/jaegertracing/jaeger-client/1.2.0/jaeger-client-1.2.0.jar:/home/user/.m2/repository/io/jaegertracing/jaeger-thrift/1.2.0/jaeger-thrift-1.2.0.jar:/home/user/.m2/repository/org/apache/thrift/libthrift/0.13.0/libthrift-0.13.0.jar:/home/user/.m2/repository/com/squareup/okhttp3/okhttp/4.2.2/okhttp-4.2.2.jar:/home/user/.m2/repository/com/squareup/okio/okio/2.2.2/okio-2.2.2.jar:/home/user/.m2/repository/org/jetbrains/kotlin/kotlin-stdlib/1.3.50/kotlin-stdlib-1.3.50.jar:/home/user/.m2/repository/org/jetbrains/kotlin/kotlin-stdlib-common/1.3.50/kotlin-stdlib-common-1.3.50.jar:/home/user/.m2/repository/org/jetbrains/annotations/13.0/annotations-13.0.jar:/home/user/.m2/repository/io/jaegertracing/jaeger-core/1.2.0/jaeger-core-1.2.0.jar:/home/user/.m2/repository/io/jaegertracing/jaeger-tracerresolver/1.2.0/jaeger-tracerresolver-1.2.0.jar:/home/user/.m2/repository/io/opentracing/contrib/opentracing-tracerresolver/0.1.8/opentracing-tracerresolver-0.1.8.jar:/home/user/.m2/repository/io/opentracing/opentracing-util/0.33.0/opentracing-util-0.33.0.jar:/home/user/.m2/repository/io/opentracing/opentracing-api/0.33.0/opentracing-api-0.33.0.jar:/home/user/.m2/repository/io/opentracing/opentracing-noop/0.33.0/opentracing-noop-0.33.0.jar:/home/user/.m2/repository/org/apache/hadoop/hadoop-hdds-client/0.6.0-SNAPSHOT/hadoop-hdds-client-0.6.0-SNAPSHOT.jar:/home/user/.m2/repository/org/apache/hadoop/hadoop-hdds-test-utils/0.6.0-SNAPSHOT/hadoop-hdds-test-utils-0.6.0-SNAPSHOT.jar:/home/user/.m2/repository/com/google/guava/guava/28.2-jre/guava-28.2-jre.jar:/home/user/.m2/repository/com/google/guava/failureaccess/1.0.1/failureaccess-1.0.1.jar:/home/user/.m2/repository/com/google/guava/listenablefuture/9999.0-empty-to-avoid-conflict-with-guava/listenablefuture-9999.0-empty-to-avoid-conflict-with-guava.jar:/home/user/.m2/repository/com/google/code/findbugs/jsr305/3.0.0/jsr305-3.0.0.jar:/home/user/.m2/repository/org/checkerframework/checker-qual/2.10.0/checker-qual-2.10.0.jar:/home/user/.m2/repository/com/google/errorprone/error_prone_annotations/2.3.4/error_prone_annotations-2.3.4.jar:/home/user/.m2/repository/com/google/j2objc/j2objc-annotations/1.3/j2objc-annotations-1.3.jar:/home/user/.m2/repository/commons-io/commons-io/2.5/commons-io-2.5.jar:/home/user/.m2/repository/commons-logging/commons-logging/1.1.3/commons-logging-1.1.3.jar:/home/user/.m2/repository/log4j/log4j/1.2.17/log4j-1.2.17.jar:/home/user/.m2/repository/org/apache/commons/commons-lang3/3.7/commons-lang3-3.7.jar:/home/user/.m2/repository/org/slf4j/slf4j-api/1.7.25/slf4j-api-1.7.25.jar:/home/user/.m2/repository/org/apache/hadoop/hadoop-hdds-server-scm/0.6.0-SNAPSHOT/hadoop-hdds-server-scm-0.6.0-SNAPSHOT.jar:/home/user/.m2/repository/org/apache/hadoop/hadoop-hdds-container-service/0.6.0-SNAPSHOT/hadoop-hdds-container-service-0.6.0-SNAPSHOT.jar:/home/user/.m2/repository/org/apache/hadoop/hadoop-hdds-hadoop-dependency-server/0.6.0-SNAPSHOT/hadoop-hdds-hadoop-dependency-server-0.6.0-SNAPSHOT.jar:/home/user/.m2/repository/org/apache/hadoop/hadoop-hdds-server-framework/0.6.0-SNAPSHOT/hadoop-hdds-server-framework-0.6.0-SNAPSHOT.jar:/home/user/.m2/repository/org/rocksdb/rocksdbjni/6.6.4/rocksdbjni-6.6.4.jar:/home/user/.m2/repository/io/prometheus/simpleclient_dropwizard/0.7.0/simpleclient_dropwizard-0.7.0.jar:/home/user/.m2/repository/io/prometheus/simpleclient/0.7.0/simpleclient-0.7.0.jar:/home/user/.m2/repository/io/prometheus/simpleclient_common/0.7.0/simpleclient_common-0.7.0.jar:/home/user/.m2/repository/com/fasterxml/jackson/datatype/jackson-datatype-jsr310/2.10.3/jackson-datatype-jsr310-2.10.3.jar:/home/user/.m2/repository/org/apache/hadoop/hadoop-hdds-docs/0.6.0-SNAPSHOT/hadoop-hdds-docs-0.6.0-SNAPSHOT.jar:/home/user/.m2/repository/io/dropwizard/metrics/metrics-core/3.2.4/metrics-core-3.2.4.jar:/home/user/.m2/repository/org/apache/hadoop/hadoop-hdfs-client/3.2.0/hadoop-hdfs-client-3.2.0.jar:/home/user/.m2/repository/org/bouncycastle/bcprov-jdk15on/1.60/bcprov-jdk15on-1.60.jar:/home/user/.m2/repository/org/apache/hadoop/hadoop-ozone-ozone-manager/0.6.0-SNAPSHOT/hadoop-ozone-ozone-manager-0.6.0-SNAPSHOT.jar:/home/user/.m2/repository/org/apache/hadoop/hadoop-minikdc/3.2.0/hadoop-minikdc-3.2.0.jar:/home/user/.m2/repository/org/apache/kerby/kerb-simplekdc/1.0.1/kerb-simplekdc-1.0.1.jar:/home/user/.m2/repository/org/apache/kerby/kerb-client/1.0.1/kerb-client-1.0.1.jar:/home/user/.m2/repository/org/apache/kerby/kerby-config/1.0.1/kerby-config-1.0.1.jar:/home/user/.m2/repository/org/apache/kerby/kerb-core/1.0.1/kerb-core-1.0.1.jar:/home/user/.m2/repository/org/apache/kerby/kerby-pkix/1.0.1/kerby-pkix-1.0.1.jar:/home/user/.m2/repository/org/apache/kerby/kerby-asn1/1.0.1/kerby-asn1-1.0.1.jar:/home/user/.m2/repository/org/apache/kerby/kerby-util/1.0.1/kerby-util-1.0.1.jar:/home/user/.m2/repository/org/apache/kerby/kerb-common/1.0.1/kerb-common-1.0.1.jar:/home/user/.m2/repository/org/apache/kerby/kerb-crypto/1.0.1/kerb-crypto-1.0.1.jar:/home/user/.m2/repository/org/apache/kerby/kerb-util/1.0.1/kerb-util-1.0.1.jar:/home/user/.m2/repository/org/apache/kerby/token-provider/1.0.1/token-provider-1.0.1.jar:/home/user/.m2/repository/org/apache/kerby/kerb-admin/1.0.1/kerb-admin-1.0.1.jar:/home/user/.m2/repository/org/apache/kerby/kerb-server/1.0.1/kerb-server-1.0.1.jar:/home/user/.m2/repository/org/apache/kerby/kerb-identity/1.0.1/kerb-identity-1.0.1.jar:/home/user/.m2/repository/org/apache/kerby/kerby-xdr/1.0.1/kerby-xdr-1.0.1.jar:/home/user/.m2/repository/org/slf4j/slf4j-log4j12/1.7.25/slf4j-log4j12-1.7.25.jar:/home/user/.m2/repository/org/apache/hadoop/hadoop-ozone-s3gateway/0.6.0-SNAPSHOT/hadoop-ozone-s3gateway-0.6.0-SNAPSHOT.jar:/home/user/.m2/repository/org/jboss/weld/servlet/weld-servlet/2.4.7.Final/weld-servlet-2.4.7.Final.jar:/home/user/.m2/repository/org/glassfish/jersey/containers/jersey-container-servlet-core/2.27/jersey-container-servlet-core-2.27.jar:/home/user/.m2/repository/org/glassfish/hk2/external/javax.inject/2.5.0-b42/javax.inject-2.5.0-b42.jar:/home/user/.m2/repository/org/glassfish/jersey/core/jersey-common/2.27/jersey-common-2.27.jar:/home/user/.m2/repository/org/glassfish/hk2/osgi-resource-locator/1.0.1/osgi-resource-locator-1.0.1.jar:/home/user/.m2/repository/javax/ws/rs/javax.ws.rs-api/2.1/javax.ws.rs-api-2.1.jar:/home/user/.m2/repository/org/glassfish/jersey/ext/cdi/jersey-cdi1x/2.27/jersey-cdi1x-2.27.jar:/home/user/.m2/repository/org/glassfish/jersey/inject/jersey-hk2/2.27/jersey-hk2-2.27.jar:/home/user/.m2/repository/org/glassfish/hk2/hk2-locator/2.5.0-b42/hk2-locator-2.5.0-b42.jar:/home/user/.m2/repository/org/javassist/javassist/3.22.0-CR2/javassist-3.22.0-CR2.jar:/home/user/.m2/repository/org/glassfish/hk2/hk2-api/2.5.0/hk2-api-2.5.0.jar:/home/user/.m2/repository/org/glassfish/hk2/external/jakarta.inject/2.5.0/jakarta.inject-2.5.0.jar:/home/user/.m2/repository/org/glassfish/hk2/hk2-utils/2.5.0/hk2-utils-2.5.0.jar:/home/user/.m2/repository/jakarta/annotation/jakarta.annotation-api/1.3.4/jakarta.annotation-api-1.3.4.jar:/home/user/.m2/repository/org/glassfish/hk2/external/aopalliance-repackaged/2.5.0/aopalliance-repackaged-2.5.0.jar:/home/user/.m2/repository/com/fasterxml/jackson/dataformat/jackson-dataformat-xml/2.9.0/jackson-dataformat-xml-2.9.0.jar:/home/user/.m2/repository/com/fasterxml/jackson/core/jackson-core/2.10.3/jackson-core-2.10.3.jar:/home/user/.m2/repository/com/fasterxml/jackson/module/jackson-module-jaxb-annotations/2.10.3/jackson-module-jaxb-annotations-2.10.3.jar:/home/user/.m2/repository/jakarta/xml/bind/jakarta.xml.bind-api/2.3.2/jakarta.xml.bind-api-2.3.2.jar:/home/user/.m2/repository/jakarta/activation/jakarta.activation-api/1.2.1/jakarta.activation-api-1.2.1.jar:/home/user/.m2/repository/org/codehaus/woodstox/stax2-api/3.1.4/stax2-api-3.1.4.jar:/home/user/.m2/repository/com/fasterxml/woodstox/woodstox-core/5.0.3/woodstox-core-5.0.3.jar:/home/user/.m2/repository/javax/enterprise/cdi-api/1.2/cdi-api-1.2.jar:/home/user/.m2/repository/javax/el/javax.el-api/3.0.0/javax.el-api-3.0.0.jar:/home/user/.m2/repository/javax/interceptor/javax.interceptor-api/1.2/javax.interceptor-api-1.2.jar:/home/user/.m2/repository/javax/inject/javax.inject/1/javax.inject-1.jar:/home/user/.m2/repository/com/sun/xml/bind/jaxb-impl/2.3.0.1/jaxb-impl-2.3.0.1.jar:/home/user/.m2/repository/com/sun/xml/bind/jaxb-core/2.3.0.1/jaxb-core-2.3.0.1.jar:/home/user/.m2/repository/javax/xml/bind/jaxb-api/2.3.0/jaxb-api-2.3.0.jar:/home/user/.m2/repository/javax/activation/activation/1.1.1/activation-1.1.1.jar:/home/user/.m2/repository/org/apache/hadoop/hadoop-ozone-csi/0.6.0-SNAPSHOT/hadoop-ozone-csi-0.6.0-SNAPSHOT.jar:/home/user/.m2/repository/com/google/protobuf/protobuf-java-util/3.5.1/protobuf-java-util-3.5.1.jar:/home/user/.m2/repository/com/google/code/gson/gson/2.2.4/gson-2.2.4.jar:/home/user/.m2/repository/org/apache/hadoop/hadoop-hdds-config/0.6.0-SNAPSHOT/hadoop-hdds-config-0.6.0-SNAPSHOT.jar:/home/user/.m2/repository/com/google/protobuf/protobuf-java/2.5.0/protobuf-java-2.5.0.jar:/home/user/.m2/repository/io/grpc/grpc-netty/1.17.1/grpc-netty-1.17.1.jar:/home/user/.m2/repository/io/grpc/grpc-core/1.17.1/grpc-core-1.17.1.jar:/home/user/.m2/repository/io/grpc/grpc-context/1.17.1/grpc-context-1.17.1.jar:/home/user/.m2/repository/org/codehaus/mojo/animal-sniffer-annotations/1.17/animal-sniffer-annotations-1.17.jar:/home/user/.m2/repository/io/opencensus/opencensus-api/0.17.0/opencensus-api-0.17.0.jar:/home/user/.m2/repository/io/opencensus/opencensus-contrib-grpc-metrics/0.17.0/opencensus-contrib-grpc-metrics-0.17.0.jar:/home/user/.m2/repository/io/netty/netty-codec-http2/4.1.30.Final/netty-codec-http2-4.1.30.Final.jar:/home/user/.m2/repository/io/netty/netty-codec-http/4.1.30.Final/netty-codec-http-4.1.30.Final.jar:/home/user/.m2/repository/io/netty/netty-codec/4.1.30.Final/netty-codec-4.1.30.Final.jar:/home/user/.m2/repository/io/netty/netty-handler/4.1.30.Final/netty-handler-4.1.30.Final.jar:/home/user/.m2/repository/io/netty/netty-handler-proxy/4.1.30.Final/netty-handler-proxy-4.1.30.Final.jar:/home/user/.m2/repository/io/netty/netty-codec-socks/4.1.30.Final/netty-codec-socks-4.1.30.Final.jar:/home/user/.m2/repository/io/netty/netty-transport-native-epoll/4.1.30.Final/netty-transport-native-epoll-4.1.30.Final.jar:/home/user/.m2/repository/io/netty/netty-common/4.1.30.Final/netty-common-4.1.30.Final.jar:/home/user/.m2/repository/io/netty/netty-buffer/4.1.30.Final/netty-buffer-4.1.30.Final.jar:/home/user/.m2/repository/io/netty/netty-transport/4.1.30.Final/netty-transport-4.1.30.Final.jar:/home/user/.m2/repository/io/netty/netty-resolver/4.1.30.Final/netty-resolver-4.1.30.Final.jar:/home/user/.m2/repository/io/netty/netty-transport-native-unix-common/4.1.30.Final/netty-transport-native-unix-common-4.1.30.Final.jar:/home/user/.m2/repository/io/grpc/grpc-protobuf/1.17.1/grpc-protobuf-1.17.1.jar:/home/user/.m2/repository/com/google/api/grpc/proto-google-common-protos/1.0.0/proto-google-common-protos-1.0.0.jar:/home/user/.m2/repository/io/grpc/grpc-protobuf-lite/1.17.1/grpc-protobuf-lite-1.17.1.jar:/home/user/.m2/repository/io/grpc/grpc-stub/1.17.1/grpc-stub-1.17.1.jar:/home/user/.m2/repository/org/apache/hadoop/hadoop-ozone-recon/0.6.0-SNAPSHOT/hadoop-ozone-recon-0.6.0-SNAPSHOT.jar:/home/user/.m2/repository/org/apache/hadoop/hadoop-ozone-reconcodegen/0.6.0-SNAPSHOT/hadoop-ozone-reconcodegen-0.6.0-SNAPSHOT.jar:/home/user/.m2/repository/com/google/inject/extensions/guice-multibindings/4.0/guice-multibindings-4.0.jar:/home/user/.m2/repository/com/google/inject/guice/4.0/guice-4.0.jar:/home/user/.m2/repository/aopalliance/aopalliance/1.0/aopalliance-1.0.jar:/home/user/.m2/repository/com/google/inject/extensions/guice-servlet/4.0/guice-servlet-4.0.jar:/home/user/.m2/repository/org/glassfish/jersey/containers/jersey-container-servlet/2.27/jersey-container-servlet-2.27.jar:/home/user/.m2/repository/org/glassfish/hk2/guice-bridge/2.5.0/guice-bridge-2.5.0.jar:/home/user/.m2/repository/org/glassfish/jersey/core/jersey-server/2.27/jersey-server-2.27.jar:/home/user/.m2/repository/org/glassfish/jersey/core/jersey-client/2.27/jersey-client-2.27.jar:/home/user/.m2/repository/org/glassfish/jersey/media/jersey-media-jaxb/2.27/jersey-media-jaxb-2.27.jar:/home/user/.m2/repository/javax/validation/validation-api/1.1.0.Final/validation-api-1.1.0.Final.jar:/home/user/.m2/repository/org/glassfish/jersey/media/jersey-media-json-jackson/2.27/jersey-media-json-jackson-2.27.jar:/home/user/.m2/repository/org/glassfish/jersey/ext/jersey-entity-filtering/2.27/jersey-entity-filtering-2.27.jar:/home/user/.m2/repository/com/google/inject/extensions/guice-assistedinject/4.0/guice-assistedinject-4.0.jar:/home/user/.m2/repository/org/jooq/jooq/3.11.10/jooq-3.11.10.jar:/home/user/.m2/repository/org/jooq/jooq-meta/3.11.10/jooq-meta-3.11.10.jar:/home/user/.m2/repository/org/jooq/jooq-codegen/3.11.10/jooq-codegen-3.11.10.jar:/home/user/.m2/repository/com/jolbox/bonecp/0.8.0.RELEASE/bonecp-0.8.0.RELEASE.jar:/home/user/.m2/repository/org/xerial/sqlite-jdbc/3.25.2/sqlite-jdbc-3.25.2.jar:/home/user/.m2/repository/org/springframework/spring-jdbc/5.2.5.RELEASE/spring-jdbc-5.2.5.RELEASE.jar:/home/user/.m2/repository/org/springframework/spring-beans/5.2.5.RELEASE/spring-beans-5.2.5.RELEASE.jar:/home/user/.m2/repository/org/springframework/spring-core/5.2.5.RELEASE/spring-core-5.2.5.RELEASE.jar:/home/user/.m2/repository/org/springframework/spring-jcl/5.2.5.RELEASE/spring-jcl-5.2.5.RELEASE.jar:/home/user/.m2/repository/org/springframework/spring-tx/5.2.5.RELEASE/spring-tx-5.2.5.RELEASE.jar:/home/user/.m2/repository/org/apache/hadoop/hadoop-ozone-client/0.6.0-SNAPSHOT/hadoop-ozone-client-0.6.0-SNAPSHOT.jar:/home/user/.m2/repository/org/apache/hadoop/hadoop-ozone-filesystem/0.6.0-SNAPSHOT/hadoop-ozone-filesystem-0.6.0-SNAPSHOT.jar:/home/user/.m2/repository/org/apache/hadoop/hadoop-hdds-hadoop-dependency-client/0.6.0-SNAPSHOT/hadoop-hdds-hadoop-dependency-client-0.6.0-SNAPSHOT.jar:/home/user/.m2/repository/org/apache/hadoop/hadoop-ozone-tools/0.6.0-SNAPSHOT/hadoop-ozone-tools-0.6.0-SNAPSHOT.jar:/home/user/.m2/repository/org/apache/hadoop/hadoop-hdfs/3.2.0/hadoop-hdfs-3.2.0.jar:/home/user/.m2/repository/org/apache/ratis/ratis-tools/0.6.0-490b689-SNAPSHOT/ratis-tools-0.6.0-490b689-SNAPSHOT.jar:/home/user/.m2/repository/org/apache/ratis/ratis-proto/0.6.0-490b689-SNAPSHOT/ratis-proto-0.6.0-490b689-SNAPSHOT.jar:/home/user/.m2/repository/org/apache/ratis/ratis-common/0.6.0-490b689-SNAPSHOT/ratis-common-0.6.0-490b689-SNAPSHOT.jar:/home/user/.m2/repository/com/amazonaws/aws-java-sdk-core/1.11.615/aws-java-sdk-core-1.11.615.jar:/home/user/.m2/repository/org/apache/httpcomponents/httpclient/4.5.2/httpclient-4.5.2.jar:/home/user/.m2/repository/org/apache/httpcomponents/httpcore/4.4.4/httpcore-4.4.4.jar:/home/user/.m2/repository/software/amazon/ion/ion-java/1.0.2/ion-java-1.0.2.jar:/home/user/.m2/repository/com/fasterxml/jackson/dataformat/jackson-dataformat-cbor/2.10.3/jackson-dataformat-cbor-2.10.3.jar:/home/user/.m2/repository/joda-time/joda-time/2.9.9/joda-time-2.9.9.jar:/home/user/.m2/repository/com/amazonaws/aws-java-sdk-s3/1.11.615/aws-java-sdk-s3-1.11.615.jar:/home/user/.m2/repository/com/amazonaws/aws-java-sdk-kms/1.11.615/aws-java-sdk-kms-1.11.615.jar:/home/user/.m2/repository/com/amazonaws/jmespath-java/1.11.615/jmespath-java-1.11.615.jar:/home/user/.m2/repository/org/apache/hadoop/hadoop-hdds-tools/0.6.0-SNAPSHOT/hadoop-hdds-tools-0.6.0-SNAPSHOT.jar:/home/user/.m2/repository/commons-cli/commons-cli/1.2/commons-cli-1.2.jar:/home/user/.m2/repository/commons-lang/commons-lang/2.6/commons-lang-2.6.jar:/home/user/.m2/repository/org/apache/hadoop/hadoop-ozone-ozone-manager/0.6.0-SNAPSHOT/hadoop-ozone-ozone-manager-0.6.0-SNAPSHOT-tests.jar:/home/user/.m2/repository/junit/junit/4.11/junit-4.11.jar:/home/user/.m2/repository/org/hamcrest/hamcrest-core/1.3/hamcrest-core-1.3.jar:/home/user/.m2/repository/org/openjdk/jmh/jmh-core/1.19/jmh-core-1.19.jar:/home/user/.m2/repository/net/sf/jopt-simple/jopt-simple/4.6/jopt-simple-4.6.jar:/home/user/.m2/repository/org/apache/commons/commons-math3/3.1.1/commons-math3-3.1.1.jar:/home/user/.m2/repository/org/openjdk/jmh/jmh-generator-annprocess/1.19/jmh-generator-annprocess-1.19.jar:/home/user/.m2/repository/org/mockito/mockito-all/1.8.5/mockito-all-1.8.5.jar:/home/user/.m2/repository/org/apache/hadoop/hadoop-kms/3.2.0/hadoop-kms-3.2.0.jar:/home/user/.m2/repository/org/apache/hadoop/hadoop-auth/3.2.0/hadoop-auth-3.2.0.jar:/home/user/.m2/repository/com/nimbusds/nimbus-jose-jwt/7.9/nimbus-jose-jwt-7.9.jar:/home/user/.m2/repository/com/github/stephenc/jcip/jcip-annotations/1.0-1/jcip-annotations-1.0-1.jar:/home/user/.m2/repository/net/minidev/json-smart/2.3/json-smart-2.3.jar:/home/user/.m2/repository/net/minidev/accessors-smart/1.2/accessors-smart-1.2.jar:/home/user/.m2/repository/org/ow2/asm/asm/5.0.4/asm-5.0.4.jar:/home/user/.m2/repository/org/apache/zookeeper/zookeeper/3.4.13/zookeeper-3.4.13.jar:/home/user/.m2/repository/org/apache/yetus/audience-annotations/0.5.0/audience-annotations-0.5.0.jar:/home/user/.m2/repository/org/apache/curator/curator-framework/2.12.0/curator-framework-2.12.0.jar:/home/user/.m2/repository/com/sun/jersey/jersey-core/1.19/jersey-core-1.19.jar:/home/user/.m2/repository/javax/ws/rs/jsr311-api/1.1.1/jsr311-api-1.1.1.jar:/home/user/.m2/repository/com/sun/jersey/jersey-server/1.19/jersey-server-1.19.jar:/home/user/.m2/repository/javax/servlet/javax.servlet-api/3.1.0/javax.servlet-api-3.1.0.jar:/home/user/.m2/repository/org/eclipse/jetty/jetty-server/9.4.26.v20200117/jetty-server-9.4.26.v20200117.jar:/home/user/.m2/repository/org/eclipse/jetty/jetty-http/9.4.26.v20200117/jetty-http-9.4.26.v20200117.jar:/home/user/.m2/repository/org/eclipse/jetty/jetty-io/9.4.26.v20200117/jetty-io-9.4.26.v20200117.jar:/home/user/.m2/repository/org/eclipse/jetty/jetty-webapp/9.4.26.v20200117/jetty-webapp-9.4.26.v20200117.jar:/home/user/.m2/repository/org/eclipse/jetty/jetty-xml/9.4.26.v20200117/jetty-xml-9.4.26.v20200117.jar:/home/user/.m2/repository/org/eclipse/jetty/jetty-servlet/9.4.26.v20200117/jetty-servlet-9.4.26.v20200117.jar:/home/user/.m2/repository/org/eclipse/jetty/jetty-security/9.4.26.v20200117/jetty-security-9.4.26.v20200117.jar:/home/user/.m2/repository/org/apache/hadoop/hadoop-common/3.2.0/hadoop-common-3.2.0.jar:/home/user/.m2/repository/commons-net/commons-net/3.6/commons-net-3.6.jar:/home/user/.m2/repository/commons-collections/commons-collections/3.2.2/commons-collections-3.2.2.jar:/home/user/.m2/repository/com/sun/jersey/jersey-servlet/1.19/jersey-servlet-1.19.jar:/home/user/.m2/repository/com/sun/jersey/jersey-json/1.19/jersey-json-1.19.jar:/home/user/.m2/repository/org/codehaus/jettison/jettison/1.1/jettison-1.1.jar:/home/user/.m2/repository/org/codehaus/jackson/jackson-jaxrs/1.9.2/jackson-jaxrs-1.9.2.jar:/home/user/.m2/repository/org/codehaus/jackson/jackson-xc/1.9.2/jackson-xc-1.9.2.jar:/home/user/.m2/repository/commons-beanutils/commons-beanutils/1.9.4/commons-beanutils-1.9.4.jar:/home/user/.m2/repository/org/apache/commons/commons-configuration2/2.1.1/commons-configuration2-2.1.1.jar:/home/user/.m2/repository/org/apache/commons/commons-text/1.4/commons-text-1.4.jar:/home/user/.m2/repository/com/google/re2j/re2j/1.1/re2j-1.1.jar:/home/user/.m2/repository/com/jcraft/jsch/0.1.54/jsch-0.1.54.jar:/home/user/.m2/repository/org/apache/curator/curator-client/2.12.0/curator-client-2.12.0.jar:/home/user/.m2/repository/org/apache/curator/curator-recipes/2.12.0/curator-recipes-2.12.0.jar:/home/user/.m2/repository/dnsjava/dnsjava/2.1.7/dnsjava-2.1.7.jar:/home/user/.m2/repository/org/slf4j/jul-to-slf4j/1.7.25/jul-to-slf4j-1.7.25.jar:/home/user/.m2/repository/org/eclipse/jetty/jetty-util/9.4.26.v20200117/jetty-util-9.4.26.v20200117.jar:/home/user/.m2/repository/com/fasterxml/jackson/core/jackson-databind/2.10.3/jackson-databind-2.10.3.jar:/home/user/.m2/repository/org/apache/hadoop/hadoop-kms/3.2.0/hadoop-kms-3.2.0-tests.jar:/home/user/.m2/repository/org/apache/hadoop/hadoop-hdds-server-scm/0.6.0-SNAPSHOT/hadoop-hdds-server-scm-0.6.0-SNAPSHOT-tests.jar:/home/user/.m2/repository/org/apache/hadoop/hadoop-hdds-container-service/0.6.0-SNAPSHOT/hadoop-hdds-container-service-0.6.0-SNAPSHOT-tests.jar:/home/user/.m2/repository/org/apache/hadoop/hadoop-hdds-common/0.6.0-SNAPSHOT/hadoop-hdds-common-0.6.0-SNAPSHOT-tests.jar:/home/user/.m2/repository/org/yaml/snakeyaml/1.16/snakeyaml-1.16.jar:/home/user/.m2/repository/org/apache/hadoop/hadoop-hdds-hadoop-dependency-test/0.6.0-SNAPSHOT/hadoop-hdds-hadoop-dependency-test-0.6.0-SNAPSHOT.jar:/home/user/.m2/repository/org/apache/hadoop/hadoop-common/3.2.0/hadoop-common-3.2.0-tests.jar:/home/user/.m2/repository/javax/servlet/jsp/jsp-api/2.1/jsp-api-2.1.jar:/home/user/.m2/repository/org/apache/hadoop/hadoop-hdfs/3.2.0/hadoop-hdfs-3.2.0-tests.jar:/home/user/.m2/repository/org/eclipse/jetty/jetty-util-ajax/9.4.26.v20200117/jetty-util-ajax-9.4.26.v20200117.jar:/home/user/.m2/repository/commons-codec/commons-codec/1.11/commons-codec-1.11.jar:/home/user/.m2/repository/commons-daemon/commons-daemon/1.0.13/commons-daemon-1.0.13.jar:/home/user/.m2/repository/io/netty/netty/3.10.5.Final/netty-3.10.5.Final.jar:/home/user/.m2/repository/io/netty/netty-all/4.1.47.Final/netty-all-4.1.47.Final.jar:/home/user/.m2/repository/org/apache/htrace/htrace-core4/4.1.0-incubating/htrace-core4-4.1.0-incubating.jar:/home/user/.m2/repository/org/fusesource/leveldbjni/leveldbjni-all/1.8/leveldbjni-all-1.8.jar:/home/user/.m2/repository/org/apache/hadoop/hadoop-distcp/3.2.0/hadoop-distcp-3.2.0.jar:/home/user/.m2/repository/org/apache/hadoop/hadoop-mapreduce-client-jobclient/3.2.0/hadoop-mapreduce-client-jobclient-3.2.0.jar:/home/user/.m2/repository/org/apache/hadoop/hadoop-mapreduce-client-common/3.2.0/hadoop-mapreduce-client-common-3.2.0.jar:/home/user/.m2/repository/org/apache/hadoop/hadoop-yarn-common/3.2.0/hadoop-yarn-common-3.2.0.jar:/home/user/.m2/repository/org/apache/hadoop/hadoop-yarn-api/3.2.0/hadoop-yarn-api-3.2.0.jar:/home/user/.m2/repository/com/sun/jersey/jersey-client/1.19/jersey-client-1.19.jar:/home/user/.m2/repository/com/sun/jersey/contribs/jersey-guice/1.19/jersey-guice-1.19.jar:/home/user/.m2/repository/com/fasterxml/jackson/jaxrs/jackson-jaxrs-json-provider/2.10.3/jackson-jaxrs-json-provider-2.10.3.jar:/home/user/.m2/repository/com/fasterxml/jackson/jaxrs/jackson-jaxrs-base/2.10.3/jackson-jaxrs-base-2.10.3.jar:/home/user/.m2/repository/org/apache/hadoop/hadoop-yarn-client/3.2.0/hadoop-yarn-client-3.2.0.jar:/home/user/.m2/repository/org/apache/hadoop/hadoop-mapreduce-client-core/3.2.0/hadoop-mapreduce-client-core-3.2.0.jar:/home/user/.m2/repository/org/apache/avro/avro/1.7.7/avro-1.7.7.jar:/home/user/.m2/repository/org/codehaus/jackson/jackson-core-asl/1.9.13/jackson-core-asl-1.9.13.jar:/home/user/.m2/repository/org/codehaus/jackson/jackson-mapper-asl/1.9.13/jackson-mapper-asl-1.9.13.jar:/home/user/.m2/repository/com/thoughtworks/paranamer/paranamer/2.3/paranamer-2.3.jar:/home/user/.m2/repository/org/xerial/snappy/snappy-java/1.0.5/snappy-java-1.0.5.jar:/home/user/.m2/repository/org/apache/hadoop/hadoop-annotations/3.2.0/hadoop-annotations-3.2.0.jar:/usr/lib/jvm/java-1.8.0-openjdk-1.8.0.232.b09-0.el7_7.x86_64/jre/../lib/tools.jar:/home/user/.m2/repository/org/apache/hadoop/hadoop-distcp/3.2.0/hadoop-distcp-3.2.0-tests.jar:"/>
    <property name="sun.cpu.endian" value="little"/>
    <property name="user.home" value="/home/user"/>
    <property name="user.language" value="en"/>
    <property name="java.specification.vendor" value="Oracle Corporation"/>
    <property name="java.home" value="/usr/lib/jvm/java-1.8.0-openjdk-1.8.0.232.b09-0.el7_7.x86_64/jre"/>
    <property name="java.security.krb5.conf" value="/github/workspace/mnt/ozone/hadoop-ozone/integration-test/target/test-classes/krb5.conf"/>
    <property name="basedir" value="/github/workspace/mnt/ozone/hadoop-ozone/integration-test"/>
    <property name="file.separator" value="/"/>
    <property name="line.separator" value="&#10;"/>
    <property name="java.vm.specification.vendor" value="Oracle Corporation"/>
    <property name="java.specification.name" value="Java Platform API Specification"/>
    <property name="java.awt.graphicsenv" value="sun.awt.X11GraphicsEnvironment"/>
    <property name="surefire.real.class.path" value="/github/workspace/mnt/ozone/hadoop-ozone/integration-test/target/surefire/surefirebooter6595718213384963356.jar:/home/user/.m2/repository/org/jacoco/org.jacoco.agent/0.8.3/org.jacoco.agent-0.8.3-runtime.jar"/>
    <property name="hadoop.log.dir" value="/github/workspace/mnt/ozone/hadoop-ozone/integration-test/target/log"/>
    <property name="sun.boot.class.path" value="/usr/lib/jvm/java-1.8.0-openjdk-1.8.0.232.b09-0.el7_7.x86_64/jre/lib/resources.jar:/usr/lib/jvm/java-1.8.0-openjdk-1.8.0.232.b09-0.el7_7.x86_64/jre/lib/rt.jar:/usr/lib/jvm/java-1.8.0-openjdk-1.8.0.232.b09-0.el7_7.x86_64/jre/lib/sunrsasign.jar:/usr/lib/jvm/java-1.8.0-openjdk-1.8.0.232.b09-0.el7_7.x86_64/jre/lib/jsse.jar:/usr/lib/jvm/java-1.8.0-openjdk-1.8.0.232.b09-0.el7_7.x86_64/jre/lib/jce.jar:/usr/lib/jvm/java-1.8.0-openjdk-1.8.0.232.b09-0.el7_7.x86_64/jre/lib/charsets.jar:/usr/lib/jvm/java-1.8.0-openjdk-1.8.0.232.b09-0.el7_7.x86_64/jre/lib/jfr.jar:/usr/lib/jvm/java-1.8.0-openjdk-1.8.0.232.b09-0.el7_7.x86_64/jre/classes"/>
    <property name="sun.management.compiler" value="HotSpot 64-Bit Tiered Compilers"/>
    <property name="java.runtime.version" value="1.8.0_232-b09"/>
    <property name="java.net.preferIPv4Stack" value="true"/>
    <property name="user.name" value="jenkins1001"/>
    <property name="path.separator" value=":"/>
    <property name="java.security.egd" value="file:///dev/urandom"/>
    <property name="os.version" value="5.0.0-1035-azure"/>
    <property name="java.endorsed.dirs" value="/usr/lib/jvm/java-1.8.0-openjdk-1.8.0.232.b09-0.el7_7.x86_64/jre/lib/endorsed"/>
    <property name="java.runtime.name" value="OpenJDK Runtime Environment"/>
    <property name="file.encoding" value="ANSI_X3.4-1968"/>
    <property name="java.vm.name" value="OpenJDK 64-Bit Server VM"/>
    <property name="test.build.webapps" value=""/>
    <property name="localRepository" value="/home/user/.m2/repository"/>
    <property name="java.vendor.url.bug" value="http://bugreport.sun.com/bugreport/"/>
    <property name="java.io.tmpdir" value="/tmp"/>
    <property name="require.test.libhadoop" value=""/>
    <property name="java.version" value="1.8.0_232"/>
    <property name="user.dir" value="/github/workspace/mnt/ozone/hadoop-ozone/integration-test"/>
    <property name="os.arch" value="amd64"/>
    <property name="java.vm.specification.name" value="Java Virtual Machine Specification"/>
    <property name="test.build.classes" value="/github/workspace/mnt/ozone/hadoop-ozone/integration-test/target/test-classes"/>
    <property name="java.awt.printerjob" value="sun.print.PSPrinterJob"/>
    <property name="sun.os.patch.level" value="unknown"/>
    <property name="hadoop.tmp.dir" value="/github/workspace/mnt/ozone/hadoop-ozone/integration-test/target/tmp"/>
    <property name="java.library.path" value="/usr/lib:/usr/java/packages/lib/amd64:/usr/lib64:/lib64:/lib:/usr/lib"/>
    <property name="java.vm.info" value="mixed mode"/>
    <property name="java.vendor" value="Oracle Corporation"/>
    <property name="java.vm.version" value="25.232-b09"/>
    <property name="java.ext.dirs" value="/usr/lib/jvm/java-1.8.0-openjdk-1.8.0.232.b09-0.el7_7.x86_64/jre/lib/ext:/usr/java/packages/lib/ext"/>
    <property name="sun.io.unicode.encoding" value="UnicodeLittle"/>
    <property name="java.class.version" value="52.0"/>
  </properties>
  <testcase name="testPutKeyAndGetKeyThreeNodes" classname="org.apache.hadoop.ozone.client.rpc.TestReadRetries" time="10.265">
    <failure type="java.lang.AssertionError">java.lang.AssertionError
	at org.junit.Assert.fail(Assert.java:86)
	at org.junit.Assert.assertTrue(Assert.java:41)
	at org.junit.Assert.assertTrue(Assert.java:52)
	at org.apache.hadoop.ozone.client.rpc.TestReadRetries.testPutKeyAndGetKeyThreeNodes(TestReadRetries.java:181)
	at sun.reflect.NativeMethodAccessorImpl.invoke0(Native Method)
	at sun.reflect.NativeMethodAccessorImpl.invoke(NativeMethodAccessorImpl.java:62)
	at sun.reflect.DelegatingMethodAccessorImpl.invoke(DelegatingMethodAccessorImpl.java:43)
	at java.lang.reflect.Method.invoke(Method.java:498)
	at org.junit.runners.model.FrameworkMethod$1.runReflectiveCall(FrameworkMethod.java:47)
	at org.junit.internal.runners.model.ReflectiveCallable.run(ReflectiveCallable.java:12)
	at org.junit.runners.model.FrameworkMethod.invokeExplosively(FrameworkMethod.java:44)
	at org.junit.internal.runners.statements.InvokeMethod.evaluate(InvokeMethod.java:17)
	at org.junit.rules.ExpectedException$ExpectedExceptionStatement.evaluate(ExpectedException.java:168)
	at org.junit.rules.RunRules.evaluate(RunRules.java:20)
	at org.junit.runners.ParentRunner.runLeaf(ParentRunner.java:271)
	at org.junit.runners.BlockJUnit4ClassRunner.runChild(BlockJUnit4ClassRunner.java:70)
	at org.junit.runners.BlockJUnit4ClassRunner.runChild(BlockJUnit4ClassRunner.java:50)
	at org.junit.runners.ParentRunner$3.run(ParentRunner.java:238)
	at org.junit.runners.ParentRunner$1.schedule(ParentRunner.java:63)
	at org.junit.runners.ParentRunner.runChildren(ParentRunner.java:236)
	at org.junit.runners.ParentRunner.access$000(ParentRunner.java:53)
	at org.junit.runners.ParentRunner$2.evaluate(ParentRunner.java:229)
	at org.junit.internal.runners.statements.RunBefores.evaluate(RunBefores.java:26)
	at org.junit.internal.runners.statements.RunAfters.evaluate(RunAfters.java:27)
	at org.junit.runners.ParentRunner.run(ParentRunner.java:309)
	at org.apache.maven.surefire.junit4.JUnit4Provider.execute(JUnit4Provider.java:365)
	at org.apache.maven.surefire.junit4.JUnit4Provider.executeWithRerun(JUnit4Provider.java:273)
	at org.apache.maven.surefire.junit4.JUnit4Provider.executeTestSet(JUnit4Provider.java:238)
	at org.apache.maven.surefire.junit4.JUnit4Provider.invoke(JUnit4Provider.java:159)
	at org.apache.maven.surefire.booter.ForkedBooter.invokeProviderInSameClassLoader(ForkedBooter.java:384)
	at org.apache.maven.surefire.booter.ForkedBooter.runSuitesInProcess(ForkedBooter.java:345)
	at org.apache.maven.surefire.booter.ForkedBooter.execute(ForkedBooter.java:126)
	at org.apache.maven.surefire.booter.ForkedBooter.main(ForkedBooter.java:418)
</failure>
    <system-out><![CDATA[2020-04-28 15:02:33,685 [main] WARN  server.ServerUtils (ServerUtils.java:getScmDbDir(148)) - ozone.scm.db.dirs is not configured. We recommend adding this setting. Falling back to ozone.metadata.dirs instead.
2020-04-28 15:02:33,830 [main] WARN  server.ServerUtils (ServerUtils.java:getScmDbDir(148)) - ozone.scm.db.dirs is not configured. We recommend adding this setting. Falling back to ozone.metadata.dirs instead.
2020-04-28 15:02:33,994 [main] WARN  db.DBStoreBuilder (DBStoreBuilder.java:createDBStoreBuilder(277)) - ozone.scm.db.dirs is not configured. We recommend adding this setting. Falling back to ozone.metadata.dirs instead.
2020-04-28 15:02:34,200 [main] INFO  net.NodeSchemaLoader (NodeSchemaLoader.java:loadSchemaFromFile(126)) - Loading file from sun.misc.CompoundEnumeration@2d88c1bf
2020-04-28 15:02:34,203 [main] INFO  net.NodeSchemaLoader (NodeSchemaLoader.java:loadSchema(172)) - Loading network topology layer schema file
2020-04-28 15:02:34,309 [main] WARN  server.ServerUtils (ServerUtils.java:sanitizeUserArgs(73)) - ozone.scm.stale.node.interval value = 300000 is larger than max = 100000 based on the key value of ozone.scm.heartbeat.thread.interval, reset to the max value 100000.
2020-04-28 15:02:34,310 [main] WARN  server.ServerUtils (ServerUtils.java:sanitizeUserArgs(73)) - ozone.scm.stale.node.interval value = 300000 is larger than max = 100000 based on the key value of ozone.scm.heartbeat.thread.interval, reset to the max value 100000.
2020-04-28 15:02:34,314 [main] INFO  node.SCMNodeManager (SCMNodeManager.java:<init>(116)) - Entering startup safe mode.
2020-04-28 15:02:34,463 [main] INFO  algorithms.ContainerPlacementPolicyFactory (ContainerPlacementPolicyFactory.java:getPolicy(60)) - Create container placement policy of type org.apache.hadoop.hdds.scm.container.placement.algorithms.SCMContainerPlacementRandom
2020-04-28 15:02:34,487 [main] INFO  pipeline.SCMPipelineManager (SCMPipelineManager.java:initializePipelineState(158)) - No pipeline exists in current db
2020-04-28 15:02:34,562 [main] INFO  safemode.HealthyPipelineSafeModeRule (HealthyPipelineSafeModeRule.java:<init>(89)) - Total pipeline count is 0, healthy pipeline threshold count is 0
2020-04-28 15:02:34,567 [main] INFO  safemode.OneReplicaPipelineSafeModeRule (OneReplicaPipelineSafeModeRule.java:<init>(79)) - Total pipeline count is 0, pipeline's with at least one datanode reported threshold count is 0
2020-04-28 15:02:34,620 [RatisPipelineUtilsThread] ERROR pipeline.SCMPipelineManager (SCMPipelineManager.java:createPipeline(222)) - Failed to create pipeline of type RATIS and factor ONE. Exception: Cannot create pipeline of factor 1 using 0 nodes. Used 0 nodes. Healthy nodes 0
2020-04-28 15:02:35,232 [main] INFO  ipc.CallQueueManager (CallQueueManager.java:<init>(84)) - Using callQueue: class java.util.concurrent.LinkedBlockingQueue, queueCapacity: 2000, scheduler: class org.apache.hadoop.ipc.DefaultRpcScheduler, ipcBackoff: false.
2020-04-28 15:02:35,271 [Socket Reader #1 for port 35921] INFO  ipc.Server (Server.java:run(1074)) - Starting Socket Reader #1 for port 35921
2020-04-28 15:02:35,332 [main] INFO  ipc.CallQueueManager (CallQueueManager.java:<init>(84)) - Using callQueue: class java.util.concurrent.LinkedBlockingQueue, queueCapacity: 2000, scheduler: class org.apache.hadoop.ipc.DefaultRpcScheduler, ipcBackoff: false.
2020-04-28 15:02:35,335 [Socket Reader #1 for port 44555] INFO  ipc.Server (Server.java:run(1074)) - Starting Socket Reader #1 for port 44555
2020-04-28 15:02:35,349 [main] INFO  ipc.CallQueueManager (CallQueueManager.java:<init>(84)) - Using callQueue: class java.util.concurrent.LinkedBlockingQueue, queueCapacity: 2000, scheduler: class org.apache.hadoop.ipc.DefaultRpcScheduler, ipcBackoff: false.
2020-04-28 15:02:35,351 [Socket Reader #1 for port 40521] INFO  ipc.Server (Server.java:run(1074)) - Starting Socket Reader #1 for port 40521
2020-04-28 15:02:35,384 [main] INFO  http.BaseHttpServer (BaseHttpServer.java:newHttpServer2BuilderForOzone(192)) - Starting Web-server for scm at: http://0.0.0.0:0
2020-04-28 15:02:35,436 [main] INFO  util.log (Log.java:initialized(169)) - Logging initialized @3585ms to org.eclipse.jetty.util.log.Slf4jLog
2020-04-28 15:02:35,664 [main] INFO  server.AuthenticationFilter (AuthenticationFilter.java:constructSecretProvider(240)) - Unable to initialize FileSignerSecretProvider, falling back to use random secrets.
2020-04-28 15:02:35,696 [main] WARN  http.HttpRequestLog (HttpRequestLog.java:getRequestLog(103)) - Jetty request log can only be enabled using Log4j
2020-04-28 15:02:35,703 [main] INFO  http.HttpServer2 (HttpServer2.java:addGlobalFilter(979)) - Added global filter 'safety' (class=org.apache.hadoop.hdds.server.http.HttpServer2$QuotingInputFilter)
2020-04-28 15:02:35,705 [main] INFO  http.HttpServer2 (HttpServer2.java:addFilter(955)) - Added filter static_user_filter (class=org.apache.hadoop.hdds.server.http.StaticUserWebFilter$StaticUserFilter) to context scm
2020-04-28 15:02:35,705 [main] INFO  http.HttpServer2 (HttpServer2.java:addFilter(963)) - Added filter static_user_filter (class=org.apache.hadoop.hdds.server.http.StaticUserWebFilter$StaticUserFilter) to context static
2020-04-28 15:02:35,706 [main] INFO  http.HttpServer2 (HttpServer2.java:addFilter(963)) - Added filter static_user_filter (class=org.apache.hadoop.hdds.server.http.StaticUserWebFilter$StaticUserFilter) to context logs
2020-04-28 15:02:35,801 [main] INFO  server.StorageContainerManager (StorageContainerManager.java:start(781)) - StorageContainerLocationProtocol RPC server is listening at /0.0.0.0:40521
2020-04-28 15:02:35,893 [main] WARN  impl.MetricsConfig (MetricsConfig.java:loadFirst(134)) - Cannot locate configuration: tried hadoop-metrics2-storagecontainermanager.properties,hadoop-metrics2.properties
2020-04-28 15:02:35,917 [main] INFO  impl.MetricsSystemImpl (MetricsSystemImpl.java:startTimer(374)) - Scheduled Metric snapshot period at 10 second(s).
2020-04-28 15:02:35,917 [main] INFO  impl.MetricsSystemImpl (MetricsSystemImpl.java:start(191)) - StorageContainerManager metrics system started
2020-04-28 15:02:36,345 [main] INFO  server.SCMClientProtocolServer (SCMClientProtocolServer.java:start(157)) - RPC server for Client  is listening at /0.0.0.0:40521
2020-04-28 15:02:36,347 [IPC Server Responder] INFO  ipc.Server (Server.java:run(1314)) - IPC Server Responder: starting
2020-04-28 15:02:36,349 [IPC Server listener on 40521] INFO  ipc.Server (Server.java:run(1153)) - IPC Server listener on 40521: starting
2020-04-28 15:02:36,354 [main] INFO  server.StorageContainerManager (StorageContainerManager.java:start(793)) - ScmBlockLocationProtocol RPC server is listening at /0.0.0.0:44555
2020-04-28 15:02:36,355 [main] INFO  server.SCMBlockProtocolServer (SCMBlockProtocolServer.java:start(149)) - RPC server for Block Protocol is listening at /0.0.0.0:44555
2020-04-28 15:02:36,356 [IPC Server Responder] INFO  ipc.Server (Server.java:run(1314)) - IPC Server Responder: starting
2020-04-28 15:02:36,356 [IPC Server listener on 44555] INFO  ipc.Server (Server.java:run(1153)) - IPC Server listener on 44555: starting
2020-04-28 15:02:36,360 [main] INFO  server.StorageContainerManager (StorageContainerManager.java:start(799)) - ScmDatanodeProtocl RPC server is listening at /0.0.0.0:35921
2020-04-28 15:02:36,361 [main] INFO  server.SCMDatanodeProtocolServer (SCMDatanodeProtocolServer.java:start(172)) - RPC server for DataNodes is listening at /0.0.0.0:35921
2020-04-28 15:02:36,362 [IPC Server Responder] INFO  ipc.Server (Server.java:run(1314)) - IPC Server Responder: starting
2020-04-28 15:02:36,362 [IPC Server listener on 35921] INFO  ipc.Server (Server.java:run(1153)) - IPC Server listener on 35921: starting
2020-04-28 15:02:36,368 [main] INFO  http.HttpServer2 (HttpServer2.java:bindListener(1197)) - Jetty bound to port 46385
2020-04-28 15:02:36,371 [main] INFO  server.Server (Server.java:doStart(359)) - jetty-9.4.26.v20200117; built: 2020-01-17T12:35:33.676Z; git: 7b38981d25d14afb4a12ff1f2596756144edf695; jvm 1.8.0_232-b09
2020-04-28 15:02:36,434 [main] INFO  server.session (DefaultSessionIdManager.java:doStart(333)) - DefaultSessionIdManager workerName=node0
2020-04-28 15:02:36,439 [main] INFO  server.session (DefaultSessionIdManager.java:doStart(338)) - No SessionScavenger set, using defaults
2020-04-28 15:02:36,443 [main] INFO  server.session (HouseKeeper.java:startScavenging(140)) - node0 Scavenging every 600000ms
2020-04-28 15:02:36,462 [main] INFO  handler.ContextHandler (ContextHandler.java:doStart(825)) - Started o.e.j.s.ServletContextHandler@6e74628f{logs,/logs,file:///github/workspace/mnt/ozone/hadoop-ozone/integration-test/target/log,AVAILABLE}
2020-04-28 15:02:36,463 [main] INFO  handler.ContextHandler (ContextHandler.java:doStart(825)) - Started o.e.j.s.ServletContextHandler@67e9d8cb{static,/static,file:///github/workspace/mnt/ozone/hadoop-ozone/integration-test/target/test-classes/webapps/static,AVAILABLE}
2020-04-28 15:02:36,536 [main] INFO  handler.ContextHandler (ContextHandler.java:doStart(825)) - Started o.e.j.w.WebAppContext@eb069cb{scm,/,file:///github/workspace/mnt/ozone/hadoop-ozone/integration-test/target/test-classes/webapps/scm/,AVAILABLE}{file:/github/workspace/mnt/ozone/hadoop-ozone/integration-test/target/test-classes/webapps/scm}
2020-04-28 15:02:36,551 [main] INFO  server.AbstractConnector (AbstractConnector.java:doStart(330)) - Started ServerConnector@315f4718{HTTP/1.1,[http/1.1]}{0.0.0.0:46385}
2020-04-28 15:02:36,552 [main] INFO  server.Server (Server.java:doStart(399)) - Started @4701ms
2020-04-28 15:02:36,561 [main] INFO  impl.MetricsSinkAdapter (MetricsSinkAdapter.java:start(204)) - Sink prometheus started
2020-04-28 15:02:36,561 [main] INFO  impl.MetricsSystemImpl (MetricsSystemImpl.java:registerSink(301)) - Registered sink prometheus
2020-04-28 15:02:36,566 [main] INFO  http.BaseHttpServer (BaseHttpServer.java:updateConnectorAddress(306)) - HTTP server of scm listening at http://0.0.0.0:46385
2020-04-28 15:02:36,577 [main] WARN  server.ServerUtils (ServerUtils.java:getDBPath(225)) - ozone.om.db.dirs is not configured. We recommend adding this setting. Falling back to ozone.metadata.dirs instead.
2020-04-28 15:02:36,587 [org.apache.hadoop.util.JvmPauseMonitor$Monitor@54904fe2] INFO  util.JvmPauseMonitor (JvmPauseMonitor.java:run(188)) - Starting JVM pause monitor
2020-04-28 15:02:36,760 [main] INFO  ha.OMHANodeDetails (OMHANodeDetails.java:loadOMHAConfig(104)) - ozone.om.internal.service.id is not defined, falling back to ozone.om.service.ids to find serviceID for OzoneManager if it is HA enabled cluster
2020-04-28 15:02:36,766 [main] INFO  ha.OMHANodeDetails (OMHANodeDetails.java:loadOMHAConfig(207)) - Configuration either no ozone.om.address set. Falling back to the default OM address /127.0.0.1:0
2020-04-28 15:02:36,766 [main] INFO  ha.OMHANodeDetails (OMHANodeDetails.java:getOMNodeDetails(237)) - OM Service ID is not set. Setting it to the default ID: omServiceIdDefault
2020-04-28 15:02:36,771 [main] WARN  server.ServerUtils (ServerUtils.java:getDBPath(225)) - ozone.om.db.dirs is not configured. We recommend adding this setting. Falling back to ozone.metadata.dirs instead.
2020-04-28 15:02:36,773 [main] WARN  server.ServerUtils (ServerUtils.java:getDBPath(225)) - ozone.om.db.dirs is not configured. We recommend adding this setting. Falling back to ozone.metadata.dirs instead.
2020-04-28 15:02:37,692 [main] WARN  server.ServerUtils (ServerUtils.java:getDBPath(225)) - ozone.om.db.dirs is not configured. We recommend adding this setting. Falling back to ozone.metadata.dirs instead.
2020-04-28 15:02:37,839 [main] INFO  ipc.CallQueueManager (CallQueueManager.java:<init>(84)) - Using callQueue: class java.util.concurrent.LinkedBlockingQueue, queueCapacity: 2000, scheduler: class org.apache.hadoop.ipc.DefaultRpcScheduler, ipcBackoff: false.
2020-04-28 15:02:37,843 [Socket Reader #1 for port 35073] INFO  ipc.Server (Server.java:run(1074)) - Starting Socket Reader #1 for port 35073
2020-04-28 15:02:37,887 [main] INFO  impl.MetricsSystemImpl (MetricsSystemImpl.java:init(158)) - OzoneManager metrics system started (again)
2020-04-28 15:02:37,889 [main] INFO  om.OzoneManager (OzoneManager.java:start(1113)) - OzoneManager RPC server is listening at localhost/127.0.0.1:35073
2020-04-28 15:02:37,911 [IPC Server Responder] INFO  ipc.Server (Server.java:run(1314)) - IPC Server Responder: starting
2020-04-28 15:02:37,911 [IPC Server listener on 35073] INFO  ipc.Server (Server.java:run(1153)) - IPC Server listener on 35073: starting
2020-04-28 15:02:37,947 [main] INFO  http.BaseHttpServer (BaseHttpServer.java:newHttpServer2BuilderForOzone(192)) - Starting Web-server for ozoneManager at: http://0.0.0.0:0
2020-04-28 15:02:37,949 [main] INFO  server.AuthenticationFilter (AuthenticationFilter.java:constructSecretProvider(240)) - Unable to initialize FileSignerSecretProvider, falling back to use random secrets.
2020-04-28 15:02:37,954 [main] WARN  http.HttpRequestLog (HttpRequestLog.java:getRequestLog(103)) - Jetty request log can only be enabled using Log4j
2020-04-28 15:02:37,956 [main] INFO  http.HttpServer2 (HttpServer2.java:addGlobalFilter(979)) - Added global filter 'safety' (class=org.apache.hadoop.hdds.server.http.HttpServer2$QuotingInputFilter)
2020-04-28 15:02:37,956 [main] INFO  http.HttpServer2 (HttpServer2.java:addFilter(955)) - Added filter static_user_filter (class=org.apache.hadoop.hdds.server.http.StaticUserWebFilter$StaticUserFilter) to context ozoneManager
2020-04-28 15:02:37,957 [main] INFO  http.HttpServer2 (HttpServer2.java:addFilter(963)) - Added filter static_user_filter (class=org.apache.hadoop.hdds.server.http.StaticUserWebFilter$StaticUserFilter) to context logs
2020-04-28 15:02:37,957 [main] INFO  http.HttpServer2 (HttpServer2.java:addFilter(963)) - Added filter static_user_filter (class=org.apache.hadoop.hdds.server.http.StaticUserWebFilter$StaticUserFilter) to context static
2020-04-28 15:02:37,960 [main] INFO  http.HttpServer2 (HttpServer2.java:bindListener(1197)) - Jetty bound to port 35731
2020-04-28 15:02:37,962 [main] INFO  server.Server (Server.java:doStart(359)) - jetty-9.4.26.v20200117; built: 2020-01-17T12:35:33.676Z; git: 7b38981d25d14afb4a12ff1f2596756144edf695; jvm 1.8.0_232-b09
2020-04-28 15:02:37,973 [main] INFO  server.session (DefaultSessionIdManager.java:doStart(333)) - DefaultSessionIdManager workerName=node0
2020-04-28 15:02:37,973 [main] INFO  server.session (DefaultSessionIdManager.java:doStart(338)) - No SessionScavenger set, using defaults
2020-04-28 15:02:37,974 [main] INFO  server.session (HouseKeeper.java:startScavenging(140)) - node0 Scavenging every 660000ms
2020-04-28 15:02:37,975 [main] INFO  handler.ContextHandler (ContextHandler.java:doStart(825)) - Started o.e.j.s.ServletContextHandler@2c05dff3{logs,/logs,file:///github/workspace/mnt/ozone/hadoop-ozone/integration-test/target/log,AVAILABLE}
2020-04-28 15:02:37,976 [main] INFO  handler.ContextHandler (ContextHandler.java:doStart(825)) - Started o.e.j.s.ServletContextHandler@720090ad{static,/static,file:///github/workspace/mnt/ozone/hadoop-ozone/integration-test/target/test-classes/webapps/static,AVAILABLE}
2020-04-28 15:02:37,983 [main] INFO  handler.ContextHandler (ContextHandler.java:doStart(825)) - Started o.e.j.w.WebAppContext@4d51f6f3{ozoneManager,/,file:///github/workspace/mnt/ozone/hadoop-ozone/integration-test/target/test-classes/webapps/ozoneManager/,AVAILABLE}{file:/github/workspace/mnt/ozone/hadoop-ozone/integration-test/target/test-classes/webapps/ozoneManager}
2020-04-28 15:02:37,984 [main] INFO  server.AbstractConnector (AbstractConnector.java:doStart(330)) - Started ServerConnector@45ad3138{HTTP/1.1,[http/1.1]}{0.0.0.0:35731}
2020-04-28 15:02:37,985 [main] INFO  server.Server (Server.java:doStart(399)) - Started @6134ms
2020-04-28 15:02:37,985 [main] WARN  impl.MetricsSystemImpl (MetricsSystemImpl.java:register(276)) - Sink prometheus already exists!
2020-04-28 15:02:37,988 [main] INFO  http.BaseHttpServer (BaseHttpServer.java:updateConnectorAddress(306)) - HTTP server of ozoneManager listening at http://0.0.0.0:35731
2020-04-28 15:02:38,166 [main] INFO  metrics.MetricRegistries (MetricRegistriesLoader.java:load(64)) - Loaded MetricRegistries class org.apache.ratis.metrics.impl.MetricRegistriesImpl
2020-04-28 15:02:38,169 [main] INFO  impl.MetricsSystemImpl (MetricsSystemImpl.java:init(158)) - HddsDatanode metrics system started (again)
2020-04-28 15:02:38,244 [main] INFO  ozone.HddsDatanodeService (HddsDatanodeService.java:start(204)) - HddsDatanodeService host:f2af4a476004 ip:172.17.0.2
2020-04-28 15:02:38,310 [main] INFO  volume.HddsVolume (HddsVolume.java:<init>(176)) - Creating Volume: /github/workspace/mnt/ozone/hadoop-ozone/integration-test/target/test-dir/MiniOzoneClusterImpl-86f4eb11-29f8-44af-977b-0135f9896c6d/datanode-0/data-0/containers/hdds of storage type : DISK and capacity : 9223372036854775807
2020-04-28 15:02:38,312 [main] INFO  volume.MutableVolumeSet (MutableVolumeSet.java:initializeVolumeSet(189)) - Added Volume : /github/workspace/mnt/ozone/hadoop-ozone/integration-test/target/test-dir/MiniOzoneClusterImpl-86f4eb11-29f8-44af-977b-0135f9896c6d/datanode-0/data-0/containers/hdds to VolumeSet
2020-04-28 15:02:38,314 [main] INFO  volume.ThrottledAsyncChecker (ThrottledAsyncChecker.java:schedule(141)) - Scheduling a check for /github/workspace/mnt/ozone/hadoop-ozone/integration-test/target/test-dir/MiniOzoneClusterImpl-86f4eb11-29f8-44af-977b-0135f9896c6d/datanode-0/data-0/containers/hdds
2020-04-28 15:02:38,342 [main] INFO  volume.HddsVolumeChecker (HddsVolumeChecker.java:checkAllVolumes(200)) - Scheduled health check for volume /github/workspace/mnt/ozone/hadoop-ozone/integration-test/target/test-dir/MiniOzoneClusterImpl-86f4eb11-29f8-44af-977b-0135f9896c6d/datanode-0/data-0/containers/hdds
2020-04-28 15:02:38,634 [main] INFO  impl.RaftServerProxy (ConfUtils.java:logGet(44)) - raft.rpc.type = GRPC (default)
2020-04-28 15:02:38,745 [main] INFO  grpc.GrpcFactory (GrpcFactory.java:checkPooledByteBufAllocatorUseCacheForAllThreads(45)) - PERFORMANCE WARNING: useCacheForAllThreads is true that may cause Netty to create a lot garbage objects and, as a result, trigger GC.
	It is recommended to disable useCacheForAllThreads by setting -Dorg.apache.ratis.thirdparty.io.netty.allocator.useCacheForAllThreads=false in command line.
2020-04-28 15:02:38,751 [main] INFO  grpc.GrpcConfigKeys (ConfUtils.java:logGet(44)) - raft.grpc.server.port = 0 (default)
2020-04-28 15:02:38,752 [main] INFO  server.GrpcService (ConfUtils.java:logGet(44)) - raft.grpc.message.size.max = 32MB (=33554432) (custom)
2020-04-28 15:02:38,753 [main] INFO  server.RaftServerConfigKeys (ConfUtils.java:logGet(44)) - raft.server.log.appender.buffer.byte-limit = 33554432 (custom)
2020-04-28 15:02:38,754 [main] INFO  server.GrpcService (ConfUtils.java:logGet(44)) - raft.grpc.flow.control.window = 5MB (=5242880) (custom)
2020-04-28 15:02:38,755 [main] INFO  server.RaftServerConfigKeys (ConfUtils.java:logGet(44)) - raft.server.rpc.request.timeout = 60s (custom)
2020-04-28 15:02:39,117 [main] INFO  server.RaftServerConfigKeys (ConfUtils.java:logGet(44)) - raft.server.storage.dir = [/github/workspace/mnt/ozone/hadoop-ozone/integration-test/target/test-dir/MiniOzoneClusterImpl-86f4eb11-29f8-44af-977b-0135f9896c6d/datanode-0/data/ratis] (custom)
2020-04-28 15:02:39,200 [main] INFO  http.BaseHttpServer (BaseHttpServer.java:newHttpServer2BuilderForOzone(192)) - Starting Web-server for hddsDatanode at: http://0.0.0.0:0
2020-04-28 15:02:39,202 [main] INFO  server.AuthenticationFilter (AuthenticationFilter.java:constructSecretProvider(240)) - Unable to initialize FileSignerSecretProvider, falling back to use random secrets.
2020-04-28 15:02:39,202 [main] WARN  http.HttpRequestLog (HttpRequestLog.java:getRequestLog(103)) - Jetty request log can only be enabled using Log4j
2020-04-28 15:02:39,203 [main] INFO  http.HttpServer2 (HttpServer2.java:addGlobalFilter(979)) - Added global filter 'safety' (class=org.apache.hadoop.hdds.server.http.HttpServer2$QuotingInputFilter)
2020-04-28 15:02:39,204 [main] INFO  http.HttpServer2 (HttpServer2.java:addFilter(955)) - Added filter static_user_filter (class=org.apache.hadoop.hdds.server.http.StaticUserWebFilter$StaticUserFilter) to context hddsDatanode
2020-04-28 15:02:39,204 [main] INFO  http.HttpServer2 (HttpServer2.java:addFilter(963)) - Added filter static_user_filter (class=org.apache.hadoop.hdds.server.http.StaticUserWebFilter$StaticUserFilter) to context static
2020-04-28 15:02:39,204 [main] INFO  http.HttpServer2 (HttpServer2.java:addFilter(963)) - Added filter static_user_filter (class=org.apache.hadoop.hdds.server.http.StaticUserWebFilter$StaticUserFilter) to context logs
2020-04-28 15:02:39,205 [main] INFO  http.HttpServer2 (HttpServer2.java:bindListener(1197)) - Jetty bound to port 45429
2020-04-28 15:02:39,205 [main] INFO  server.Server (Server.java:doStart(359)) - jetty-9.4.26.v20200117; built: 2020-01-17T12:35:33.676Z; git: 7b38981d25d14afb4a12ff1f2596756144edf695; jvm 1.8.0_232-b09
2020-04-28 15:02:39,212 [main] INFO  server.session (DefaultSessionIdManager.java:doStart(333)) - DefaultSessionIdManager workerName=node0
2020-04-28 15:02:39,212 [main] INFO  server.session (DefaultSessionIdManager.java:doStart(338)) - No SessionScavenger set, using defaults
2020-04-28 15:02:39,213 [main] INFO  server.session (HouseKeeper.java:startScavenging(140)) - node0 Scavenging every 600000ms
2020-04-28 15:02:39,217 [main] INFO  handler.ContextHandler (ContextHandler.java:doStart(825)) - Started o.e.j.s.ServletContextHandler@3b11b93c{logs,/logs,file:///github/workspace/mnt/ozone/hadoop-ozone/integration-test/target/log,AVAILABLE}
2020-04-28 15:02:39,218 [main] INFO  handler.ContextHandler (ContextHandler.java:doStart(825)) - Started o.e.j.s.ServletContextHandler@47a27d61{static,/static,jar:file:/home/user/.m2/repository/org/apache/hadoop/hadoop-hdds-container-service/0.6.0-SNAPSHOT/hadoop-hdds-container-service-0.6.0-SNAPSHOT.jar!/webapps/static,AVAILABLE}
2020-04-28 15:02:39,258 [main] INFO  handler.ContextHandler (ContextHandler.java:doStart(825)) - Started o.e.j.w.WebAppContext@7d1533ab{hddsDatanode,/,file:///tmp/jetty-0_0_0_0-45429-hadoop-hdds-container-service-0_6_0-SNAPSHOT_jar-_-any-7324981145556516427.dir/webapp/,AVAILABLE}{jar:file:/home/user/.m2/repository/org/apache/hadoop/hadoop-hdds-container-service/0.6.0-SNAPSHOT/hadoop-hdds-container-service-0.6.0-SNAPSHOT.jar!/webapps/hddsDatanode}
2020-04-28 15:02:39,261 [main] INFO  server.AbstractConnector (AbstractConnector.java:doStart(330)) - Started ServerConnector@3e56343{HTTP/1.1,[http/1.1]}{0.0.0.0:45429}
2020-04-28 15:02:39,262 [main] INFO  server.Server (Server.java:doStart(399)) - Started @7412ms
2020-04-28 15:02:39,262 [main] WARN  impl.MetricsSystemImpl (MetricsSystemImpl.java:register(276)) - Sink prometheus already exists!
2020-04-28 15:02:39,266 [main] INFO  http.BaseHttpServer (BaseHttpServer.java:updateConnectorAddress(306)) - HTTP server of hddsDatanode listening at http://0.0.0.0:45429
2020-04-28 15:02:39,267 [main] INFO  impl.MetricsSystemImpl (MetricsSystemImpl.java:init(158)) - HddsDatanode metrics system started (again)
2020-04-28 15:02:39,269 [main] INFO  ozone.HddsDatanodeService (HddsDatanodeService.java:start(204)) - HddsDatanodeService host:f2af4a476004 ip:172.17.0.2
2020-04-28 15:02:39,271 [main] INFO  volume.HddsVolume (HddsVolume.java:<init>(176)) - Creating Volume: /github/workspace/mnt/ozone/hadoop-ozone/integration-test/target/test-dir/MiniOzoneClusterImpl-86f4eb11-29f8-44af-977b-0135f9896c6d/datanode-1/data-0/containers/hdds of storage type : DISK and capacity : 9223372036854775807
2020-04-28 15:02:39,271 [main] INFO  volume.MutableVolumeSet (MutableVolumeSet.java:initializeVolumeSet(189)) - Added Volume : /github/workspace/mnt/ozone/hadoop-ozone/integration-test/target/test-dir/MiniOzoneClusterImpl-86f4eb11-29f8-44af-977b-0135f9896c6d/datanode-1/data-0/containers/hdds to VolumeSet
2020-04-28 15:02:39,271 [main] INFO  volume.ThrottledAsyncChecker (ThrottledAsyncChecker.java:schedule(141)) - Scheduling a check for /github/workspace/mnt/ozone/hadoop-ozone/integration-test/target/test-dir/MiniOzoneClusterImpl-86f4eb11-29f8-44af-977b-0135f9896c6d/datanode-1/data-0/containers/hdds
2020-04-28 15:02:39,272 [main] INFO  volume.HddsVolumeChecker (HddsVolumeChecker.java:checkAllVolumes(200)) - Scheduled health check for volume /github/workspace/mnt/ozone/hadoop-ozone/integration-test/target/test-dir/MiniOzoneClusterImpl-86f4eb11-29f8-44af-977b-0135f9896c6d/datanode-1/data-0/containers/hdds
2020-04-28 15:02:39,305 [org.apache.hadoop.util.JvmPauseMonitor$Monitor@3dee71cd] INFO  util.JvmPauseMonitor (JvmPauseMonitor.java:run(188)) - Starting JVM pause monitor
2020-04-28 15:02:39,372 [main] INFO  impl.RaftServerProxy (ConfUtils.java:logGet(44)) - raft.rpc.type = GRPC (default)
2020-04-28 15:02:39,372 [main] INFO  grpc.GrpcFactory (GrpcFactory.java:checkPooledByteBufAllocatorUseCacheForAllThreads(45)) - PERFORMANCE WARNING: useCacheForAllThreads is true that may cause Netty to create a lot garbage objects and, as a result, trigger GC.
	It is recommended to disable useCacheForAllThreads by setting -Dorg.apache.ratis.thirdparty.io.netty.allocator.useCacheForAllThreads=false in command line.
2020-04-28 15:02:39,374 [main] INFO  grpc.GrpcConfigKeys (ConfUtils.java:logGet(44)) - raft.grpc.server.port = 0 (default)
2020-04-28 15:02:39,375 [main] INFO  server.GrpcService (ConfUtils.java:logGet(44)) - raft.grpc.message.size.max = 32MB (=33554432) (custom)
2020-04-28 15:02:39,375 [main] INFO  server.RaftServerConfigKeys (ConfUtils.java:logGet(44)) - raft.server.log.appender.buffer.byte-limit = 33554432 (custom)
2020-04-28 15:02:39,375 [main] INFO  server.GrpcService (ConfUtils.java:logGet(44)) - raft.grpc.flow.control.window = 5MB (=5242880) (custom)
2020-04-28 15:02:39,376 [main] INFO  server.RaftServerConfigKeys (ConfUtils.java:logGet(44)) - raft.server.rpc.request.timeout = 60s (custom)
2020-04-28 15:02:39,376 [main] INFO  server.RaftServerConfigKeys (ConfUtils.java:logGet(44)) - raft.server.storage.dir = [/github/workspace/mnt/ozone/hadoop-ozone/integration-test/target/test-dir/MiniOzoneClusterImpl-86f4eb11-29f8-44af-977b-0135f9896c6d/datanode-1/data/ratis] (custom)
2020-04-28 15:02:39,386 [main] INFO  http.BaseHttpServer (BaseHttpServer.java:newHttpServer2BuilderForOzone(192)) - Starting Web-server for hddsDatanode at: http://0.0.0.0:0
2020-04-28 15:02:39,388 [main] INFO  server.AuthenticationFilter (AuthenticationFilter.java:constructSecretProvider(240)) - Unable to initialize FileSignerSecretProvider, falling back to use random secrets.
2020-04-28 15:02:39,389 [main] WARN  http.HttpRequestLog (HttpRequestLog.java:getRequestLog(103)) - Jetty request log can only be enabled using Log4j
2020-04-28 15:02:39,390 [main] INFO  http.HttpServer2 (HttpServer2.java:addGlobalFilter(979)) - Added global filter 'safety' (class=org.apache.hadoop.hdds.server.http.HttpServer2$QuotingInputFilter)
2020-04-28 15:02:39,391 [main] INFO  http.HttpServer2 (HttpServer2.java:addFilter(955)) - Added filter static_user_filter (class=org.apache.hadoop.hdds.server.http.StaticUserWebFilter$StaticUserFilter) to context hddsDatanode
2020-04-28 15:02:39,391 [main] INFO  http.HttpServer2 (HttpServer2.java:addFilter(963)) - Added filter static_user_filter (class=org.apache.hadoop.hdds.server.http.StaticUserWebFilter$StaticUserFilter) to context logs
2020-04-28 15:02:39,391 [main] INFO  http.HttpServer2 (HttpServer2.java:addFilter(963)) - Added filter static_user_filter (class=org.apache.hadoop.hdds.server.http.StaticUserWebFilter$StaticUserFilter) to context static
2020-04-28 15:02:39,392 [main] INFO  http.HttpServer2 (HttpServer2.java:bindListener(1197)) - Jetty bound to port 39455
2020-04-28 15:02:39,392 [main] INFO  server.Server (Server.java:doStart(359)) - jetty-9.4.26.v20200117; built: 2020-01-17T12:35:33.676Z; git: 7b38981d25d14afb4a12ff1f2596756144edf695; jvm 1.8.0_232-b09
2020-04-28 15:02:39,396 [main] INFO  server.session (DefaultSessionIdManager.java:doStart(333)) - DefaultSessionIdManager workerName=node0
2020-04-28 15:02:39,396 [main] INFO  server.session (DefaultSessionIdManager.java:doStart(338)) - No SessionScavenger set, using defaults
2020-04-28 15:02:39,396 [main] INFO  server.session (HouseKeeper.java:startScavenging(140)) - node0 Scavenging every 660000ms
2020-04-28 15:02:39,398 [main] INFO  handler.ContextHandler (ContextHandler.java:doStart(825)) - Started o.e.j.s.ServletContextHandler@f3d822{logs,/logs,file:///github/workspace/mnt/ozone/hadoop-ozone/integration-test/target/log,AVAILABLE}
2020-04-28 15:02:39,398 [main] INFO  handler.ContextHandler (ContextHandler.java:doStart(825)) - Started o.e.j.s.ServletContextHandler@27f2633f{static,/static,jar:file:/home/user/.m2/repository/org/apache/hadoop/hadoop-hdds-container-service/0.6.0-SNAPSHOT/hadoop-hdds-container-service-0.6.0-SNAPSHOT.jar!/webapps/static,AVAILABLE}
2020-04-28 15:02:39,443 [main] INFO  handler.ContextHandler (ContextHandler.java:doStart(825)) - Started o.e.j.w.WebAppContext@3d794813{hddsDatanode,/,file:///tmp/jetty-0_0_0_0-39455-hadoop-hdds-container-service-0_6_0-SNAPSHOT_jar-_-any-1009366012452673783.dir/webapp/,AVAILABLE}{jar:file:/home/user/.m2/repository/org/apache/hadoop/hadoop-hdds-container-service/0.6.0-SNAPSHOT/hadoop-hdds-container-service-0.6.0-SNAPSHOT.jar!/webapps/hddsDatanode}
2020-04-28 15:02:39,445 [main] INFO  server.AbstractConnector (AbstractConnector.java:doStart(330)) - Started ServerConnector@2daf2914{HTTP/1.1,[http/1.1]}{0.0.0.0:39455}
2020-04-28 15:02:39,446 [main] INFO  server.Server (Server.java:doStart(399)) - Started @7595ms
2020-04-28 15:02:39,446 [main] WARN  impl.MetricsSystemImpl (MetricsSystemImpl.java:register(276)) - Sink prometheus already exists!
2020-04-28 15:02:39,454 [main] INFO  http.BaseHttpServer (BaseHttpServer.java:updateConnectorAddress(306)) - HTTP server of hddsDatanode listening at http://0.0.0.0:39455
2020-04-28 15:02:39,462 [main] INFO  impl.MetricsSystemImpl (MetricsSystemImpl.java:init(158)) - HddsDatanode metrics system started (again)
2020-04-28 15:02:39,464 [main] INFO  ozone.HddsDatanodeService (HddsDatanodeService.java:start(204)) - HddsDatanodeService host:f2af4a476004 ip:172.17.0.2
2020-04-28 15:02:39,489 [main] INFO  volume.HddsVolume (HddsVolume.java:<init>(176)) - Creating Volume: /github/workspace/mnt/ozone/hadoop-ozone/integration-test/target/test-dir/MiniOzoneClusterImpl-86f4eb11-29f8-44af-977b-0135f9896c6d/datanode-2/data-0/containers/hdds of storage type : DISK and capacity : 9223372036854775807
2020-04-28 15:02:39,490 [main] INFO  volume.MutableVolumeSet (MutableVolumeSet.java:initializeVolumeSet(189)) - Added Volume : /github/workspace/mnt/ozone/hadoop-ozone/integration-test/target/test-dir/MiniOzoneClusterImpl-86f4eb11-29f8-44af-977b-0135f9896c6d/datanode-2/data-0/containers/hdds to VolumeSet
2020-04-28 15:02:39,490 [main] INFO  volume.ThrottledAsyncChecker (ThrottledAsyncChecker.java:schedule(141)) - Scheduling a check for /github/workspace/mnt/ozone/hadoop-ozone/integration-test/target/test-dir/MiniOzoneClusterImpl-86f4eb11-29f8-44af-977b-0135f9896c6d/datanode-2/data-0/containers/hdds
2020-04-28 15:02:39,491 [main] INFO  volume.HddsVolumeChecker (HddsVolumeChecker.java:checkAllVolumes(200)) - Scheduled health check for volume /github/workspace/mnt/ozone/hadoop-ozone/integration-test/target/test-dir/MiniOzoneClusterImpl-86f4eb11-29f8-44af-977b-0135f9896c6d/datanode-2/data-0/containers/hdds
2020-04-28 15:02:39,542 [org.apache.hadoop.util.JvmPauseMonitor$Monitor@7875e782] INFO  util.JvmPauseMonitor (JvmPauseMonitor.java:run(188)) - Starting JVM pause monitor
2020-04-28 15:02:39,567 [main] INFO  impl.RaftServerProxy (ConfUtils.java:logGet(44)) - raft.rpc.type = GRPC (default)
2020-04-28 15:02:39,567 [main] INFO  grpc.GrpcFactory (GrpcFactory.java:checkPooledByteBufAllocatorUseCacheForAllThreads(45)) - PERFORMANCE WARNING: useCacheForAllThreads is true that may cause Netty to create a lot garbage objects and, as a result, trigger GC.
	It is recommended to disable useCacheForAllThreads by setting -Dorg.apache.ratis.thirdparty.io.netty.allocator.useCacheForAllThreads=false in command line.
2020-04-28 15:02:39,567 [main] INFO  grpc.GrpcConfigKeys (ConfUtils.java:logGet(44)) - raft.grpc.server.port = 0 (default)
2020-04-28 15:02:39,567 [main] INFO  server.GrpcService (ConfUtils.java:logGet(44)) - raft.grpc.message.size.max = 32MB (=33554432) (custom)
2020-04-28 15:02:39,567 [main] INFO  server.RaftServerConfigKeys (ConfUtils.java:logGet(44)) - raft.server.log.appender.buffer.byte-limit = 33554432 (custom)
2020-04-28 15:02:39,568 [main] INFO  server.GrpcService (ConfUtils.java:logGet(44)) - raft.grpc.flow.control.window = 5MB (=5242880) (custom)
2020-04-28 15:02:39,568 [main] INFO  server.RaftServerConfigKeys (ConfUtils.java:logGet(44)) - raft.server.rpc.request.timeout = 60s (custom)
2020-04-28 15:02:39,569 [main] INFO  server.RaftServerConfigKeys (ConfUtils.java:logGet(44)) - raft.server.storage.dir = [/github/workspace/mnt/ozone/hadoop-ozone/integration-test/target/test-dir/MiniOzoneClusterImpl-86f4eb11-29f8-44af-977b-0135f9896c6d/datanode-2/data/ratis] (custom)
2020-04-28 15:02:39,585 [main] INFO  http.BaseHttpServer (BaseHttpServer.java:newHttpServer2BuilderForOzone(192)) - Starting Web-server for hddsDatanode at: http://0.0.0.0:0
2020-04-28 15:02:39,587 [main] INFO  server.AuthenticationFilter (AuthenticationFilter.java:constructSecretProvider(240)) - Unable to initialize FileSignerSecretProvider, falling back to use random secrets.
2020-04-28 15:02:39,589 [main] WARN  http.HttpRequestLog (HttpRequestLog.java:getRequestLog(103)) - Jetty request log can only be enabled using Log4j
2020-04-28 15:02:39,590 [main] INFO  http.HttpServer2 (HttpServer2.java:addGlobalFilter(979)) - Added global filter 'safety' (class=org.apache.hadoop.hdds.server.http.HttpServer2$QuotingInputFilter)
2020-04-28 15:02:39,591 [main] INFO  http.HttpServer2 (HttpServer2.java:addFilter(955)) - Added filter static_user_filter (class=org.apache.hadoop.hdds.server.http.StaticUserWebFilter$StaticUserFilter) to context hddsDatanode
2020-04-28 15:02:39,591 [main] INFO  http.HttpServer2 (HttpServer2.java:addFilter(963)) - Added filter static_user_filter (class=org.apache.hadoop.hdds.server.http.StaticUserWebFilter$StaticUserFilter) to context logs
2020-04-28 15:02:39,591 [main] INFO  http.HttpServer2 (HttpServer2.java:addFilter(963)) - Added filter static_user_filter (class=org.apache.hadoop.hdds.server.http.StaticUserWebFilter$StaticUserFilter) to context static
2020-04-28 15:02:39,592 [main] INFO  http.HttpServer2 (HttpServer2.java:bindListener(1197)) - Jetty bound to port 36377
2020-04-28 15:02:39,598 [main] INFO  server.Server (Server.java:doStart(359)) - jetty-9.4.26.v20200117; built: 2020-01-17T12:35:33.676Z; git: 7b38981d25d14afb4a12ff1f2596756144edf695; jvm 1.8.0_232-b09
2020-04-28 15:02:39,612 [Datanode State Machine Thread - 0] INFO  datanode.InitDatanodeState (InitDatanodeState.java:persistContainerDatanodeDetails(145)) - DatanodeDetails is persisted to /github/workspace/mnt/ozone/hadoop-ozone/integration-test/target/test-dir/MiniOzoneClusterImpl-86f4eb11-29f8-44af-977b-0135f9896c6d/datanode-0/meta/datanode.id
2020-04-28 15:02:39,615 [main] INFO  server.session (DefaultSessionIdManager.java:doStart(333)) - DefaultSessionIdManager workerName=node0
2020-04-28 15:02:39,615 [main] INFO  server.session (DefaultSessionIdManager.java:doStart(338)) - No SessionScavenger set, using defaults
2020-04-28 15:02:39,615 [main] INFO  server.session (HouseKeeper.java:startScavenging(140)) - node0 Scavenging every 600000ms
2020-04-28 15:02:39,618 [main] INFO  handler.ContextHandler (ContextHandler.java:doStart(825)) - Started o.e.j.s.ServletContextHandler@44fce248{logs,/logs,file:///github/workspace/mnt/ozone/hadoop-ozone/integration-test/target/log,AVAILABLE}
2020-04-28 15:02:39,618 [main] INFO  handler.ContextHandler (ContextHandler.java:doStart(825)) - Started o.e.j.s.ServletContextHandler@46e75df2{static,/static,jar:file:/home/user/.m2/repository/org/apache/hadoop/hadoop-hdds-container-service/0.6.0-SNAPSHOT/hadoop-hdds-container-service-0.6.0-SNAPSHOT.jar!/webapps/static,AVAILABLE}
2020-04-28 15:02:39,626 [Datanode State Machine Thread - 0] INFO  datanode.InitDatanodeState (InitDatanodeState.java:persistContainerDatanodeDetails(145)) - DatanodeDetails is persisted to /github/workspace/mnt/ozone/hadoop-ozone/integration-test/target/test-dir/MiniOzoneClusterImpl-86f4eb11-29f8-44af-977b-0135f9896c6d/datanode-1/meta/datanode.id
2020-04-28 15:02:39,668 [main] INFO  handler.ContextHandler (ContextHandler.java:doStart(825)) - Started o.e.j.w.WebAppContext@6931a68c{hddsDatanode,/,file:///tmp/jetty-0_0_0_0-36377-hadoop-hdds-container-service-0_6_0-SNAPSHOT_jar-_-any-3691749577091636483.dir/webapp/,AVAILABLE}{jar:file:/home/user/.m2/repository/org/apache/hadoop/hadoop-hdds-container-service/0.6.0-SNAPSHOT/hadoop-hdds-container-service-0.6.0-SNAPSHOT.jar!/webapps/hddsDatanode}
2020-04-28 15:02:39,671 [main] INFO  server.AbstractConnector (AbstractConnector.java:doStart(330)) - Started ServerConnector@5e28e0be{HTTP/1.1,[http/1.1]}{0.0.0.0:36377}
2020-04-28 15:02:39,671 [main] INFO  server.Server (Server.java:doStart(399)) - Started @7821ms
2020-04-28 15:02:39,672 [main] WARN  impl.MetricsSystemImpl (MetricsSystemImpl.java:register(276)) - Sink prometheus already exists!
2020-04-28 15:02:39,680 [main] INFO  http.BaseHttpServer (BaseHttpServer.java:updateConnectorAddress(306)) - HTTP server of hddsDatanode listening at http://0.0.0.0:36377
2020-04-28 15:02:39,681 [main] INFO  impl.MetricsSystemImpl (MetricsSystemImpl.java:init(158)) - HddsDatanode metrics system started (again)
2020-04-28 15:02:39,693 [main] INFO  ozone.HddsDatanodeService (HddsDatanodeService.java:start(204)) - HddsDatanodeService host:f2af4a476004 ip:172.17.0.2
2020-04-28 15:02:39,696 [main] INFO  volume.HddsVolume (HddsVolume.java:<init>(176)) - Creating Volume: /github/workspace/mnt/ozone/hadoop-ozone/integration-test/target/test-dir/MiniOzoneClusterImpl-86f4eb11-29f8-44af-977b-0135f9896c6d/datanode-3/data-0/containers/hdds of storage type : DISK and capacity : 9223372036854775807
2020-04-28 15:02:39,696 [main] INFO  volume.MutableVolumeSet (MutableVolumeSet.java:initializeVolumeSet(189)) - Added Volume : /github/workspace/mnt/ozone/hadoop-ozone/integration-test/target/test-dir/MiniOzoneClusterImpl-86f4eb11-29f8-44af-977b-0135f9896c6d/datanode-3/data-0/containers/hdds to VolumeSet
2020-04-28 15:02:39,696 [main] INFO  volume.ThrottledAsyncChecker (ThrottledAsyncChecker.java:schedule(141)) - Scheduling a check for /github/workspace/mnt/ozone/hadoop-ozone/integration-test/target/test-dir/MiniOzoneClusterImpl-86f4eb11-29f8-44af-977b-0135f9896c6d/datanode-3/data-0/containers/hdds
2020-04-28 15:02:39,697 [main] INFO  volume.HddsVolumeChecker (HddsVolumeChecker.java:checkAllVolumes(200)) - Scheduled health check for volume /github/workspace/mnt/ozone/hadoop-ozone/integration-test/target/test-dir/MiniOzoneClusterImpl-86f4eb11-29f8-44af-977b-0135f9896c6d/datanode-3/data-0/containers/hdds
2020-04-28 15:02:39,704 [Datanode State Machine Thread - 0] INFO  datanode.InitDatanodeState (InitDatanodeState.java:persistContainerDatanodeDetails(145)) - DatanodeDetails is persisted to /github/workspace/mnt/ozone/hadoop-ozone/integration-test/target/test-dir/MiniOzoneClusterImpl-86f4eb11-29f8-44af-977b-0135f9896c6d/datanode-2/meta/datanode.id
2020-04-28 15:02:39,704 [org.apache.hadoop.util.JvmPauseMonitor$Monitor@3c65dee7] INFO  util.JvmPauseMonitor (JvmPauseMonitor.java:run(188)) - Starting JVM pause monitor
2020-04-28 15:02:39,724 [main] INFO  impl.RaftServerProxy (ConfUtils.java:logGet(44)) - raft.rpc.type = GRPC (default)
2020-04-28 15:02:39,724 [main] INFO  grpc.GrpcFactory (GrpcFactory.java:checkPooledByteBufAllocatorUseCacheForAllThreads(45)) - PERFORMANCE WARNING: useCacheForAllThreads is true that may cause Netty to create a lot garbage objects and, as a result, trigger GC.
	It is recommended to disable useCacheForAllThreads by setting -Dorg.apache.ratis.thirdparty.io.netty.allocator.useCacheForAllThreads=false in command line.
2020-04-28 15:02:39,725 [main] INFO  grpc.GrpcConfigKeys (ConfUtils.java:logGet(44)) - raft.grpc.server.port = 0 (default)
2020-04-28 15:02:39,725 [main] INFO  server.GrpcService (ConfUtils.java:logGet(44)) - raft.grpc.message.size.max = 32MB (=33554432) (custom)
2020-04-28 15:02:39,726 [main] INFO  server.RaftServerConfigKeys (ConfUtils.java:logGet(44)) - raft.server.log.appender.buffer.byte-limit = 33554432 (custom)
2020-04-28 15:02:39,726 [main] INFO  server.GrpcService (ConfUtils.java:logGet(44)) - raft.grpc.flow.control.window = 5MB (=5242880) (custom)
2020-04-28 15:02:39,727 [main] INFO  server.RaftServerConfigKeys (ConfUtils.java:logGet(44)) - raft.server.rpc.request.timeout = 60s (custom)
2020-04-28 15:02:39,728 [main] INFO  server.RaftServerConfigKeys (ConfUtils.java:logGet(44)) - raft.server.storage.dir = [/github/workspace/mnt/ozone/hadoop-ozone/integration-test/target/test-dir/MiniOzoneClusterImpl-86f4eb11-29f8-44af-977b-0135f9896c6d/datanode-3/data/ratis] (custom)
2020-04-28 15:02:39,732 [main] INFO  http.BaseHttpServer (BaseHttpServer.java:newHttpServer2BuilderForOzone(192)) - Starting Web-server for hddsDatanode at: http://0.0.0.0:0
2020-04-28 15:02:39,735 [main] INFO  server.AuthenticationFilter (AuthenticationFilter.java:constructSecretProvider(240)) - Unable to initialize FileSignerSecretProvider, falling back to use random secrets.
2020-04-28 15:02:39,736 [main] WARN  http.HttpRequestLog (HttpRequestLog.java:getRequestLog(103)) - Jetty request log can only be enabled using Log4j
2020-04-28 15:02:39,737 [main] INFO  http.HttpServer2 (HttpServer2.java:addGlobalFilter(979)) - Added global filter 'safety' (class=org.apache.hadoop.hdds.server.http.HttpServer2$QuotingInputFilter)
2020-04-28 15:02:39,737 [main] INFO  http.HttpServer2 (HttpServer2.java:addFilter(955)) - Added filter static_user_filter (class=org.apache.hadoop.hdds.server.http.StaticUserWebFilter$StaticUserFilter) to context hddsDatanode
2020-04-28 15:02:39,737 [main] INFO  http.HttpServer2 (HttpServer2.java:addFilter(963)) - Added filter static_user_filter (class=org.apache.hadoop.hdds.server.http.StaticUserWebFilter$StaticUserFilter) to context logs
2020-04-28 15:02:39,737 [main] INFO  http.HttpServer2 (HttpServer2.java:addFilter(963)) - Added filter static_user_filter (class=org.apache.hadoop.hdds.server.http.StaticUserWebFilter$StaticUserFilter) to context static
2020-04-28 15:02:39,738 [main] INFO  http.HttpServer2 (HttpServer2.java:bindListener(1197)) - Jetty bound to port 43751
2020-04-28 15:02:39,739 [main] INFO  server.Server (Server.java:doStart(359)) - jetty-9.4.26.v20200117; built: 2020-01-17T12:35:33.676Z; git: 7b38981d25d14afb4a12ff1f2596756144edf695; jvm 1.8.0_232-b09
2020-04-28 15:02:39,744 [main] INFO  server.session (DefaultSessionIdManager.java:doStart(333)) - DefaultSessionIdManager workerName=node0
2020-04-28 15:02:39,744 [main] INFO  server.session (DefaultSessionIdManager.java:doStart(338)) - No SessionScavenger set, using defaults
2020-04-28 15:02:39,745 [main] INFO  server.session (HouseKeeper.java:startScavenging(140)) - node0 Scavenging every 660000ms
2020-04-28 15:02:39,745 [main] INFO  handler.ContextHandler (ContextHandler.java:doStart(825)) - Started o.e.j.s.ServletContextHandler@7c5dfc66{logs,/logs,file:///github/workspace/mnt/ozone/hadoop-ozone/integration-test/target/log,AVAILABLE}
2020-04-28 15:02:39,746 [main] INFO  handler.ContextHandler (ContextHandler.java:doStart(825)) - Started o.e.j.s.ServletContextHandler@17c565a9{static,/static,jar:file:/home/user/.m2/repository/org/apache/hadoop/hadoop-hdds-container-service/0.6.0-SNAPSHOT/hadoop-hdds-container-service-0.6.0-SNAPSHOT.jar!/webapps/static,AVAILABLE}
2020-04-28 15:02:39,778 [main] INFO  handler.ContextHandler (ContextHandler.java:doStart(825)) - Started o.e.j.w.WebAppContext@357a07e5{hddsDatanode,/,file:///tmp/jetty-0_0_0_0-43751-hadoop-hdds-container-service-0_6_0-SNAPSHOT_jar-_-any-1865369685187007243.dir/webapp/,AVAILABLE}{jar:file:/home/user/.m2/repository/org/apache/hadoop/hadoop-hdds-container-service/0.6.0-SNAPSHOT/hadoop-hdds-container-service-0.6.0-SNAPSHOT.jar!/webapps/hddsDatanode}
2020-04-28 15:02:39,780 [main] INFO  server.AbstractConnector (AbstractConnector.java:doStart(330)) - Started ServerConnector@5b1c30b2{HTTP/1.1,[http/1.1]}{0.0.0.0:43751}
2020-04-28 15:02:39,780 [main] INFO  server.Server (Server.java:doStart(399)) - Started @7929ms
2020-04-28 15:02:39,781 [main] WARN  impl.MetricsSystemImpl (MetricsSystemImpl.java:register(276)) - Sink prometheus already exists!
2020-04-28 15:02:39,784 [main] INFO  http.BaseHttpServer (BaseHttpServer.java:updateConnectorAddress(306)) - HTTP server of hddsDatanode listening at http://0.0.0.0:43751
2020-04-28 15:02:39,784 [main] INFO  impl.MetricsSystemImpl (MetricsSystemImpl.java:init(158)) - HddsDatanode metrics system started (again)
2020-04-28 15:02:39,786 [main] INFO  ozone.HddsDatanodeService (HddsDatanodeService.java:start(204)) - HddsDatanodeService host:f2af4a476004 ip:172.17.0.2
2020-04-28 15:02:39,795 [main] INFO  volume.HddsVolume (HddsVolume.java:<init>(176)) - Creating Volume: /github/workspace/mnt/ozone/hadoop-ozone/integration-test/target/test-dir/MiniOzoneClusterImpl-86f4eb11-29f8-44af-977b-0135f9896c6d/datanode-4/data-0/containers/hdds of storage type : DISK and capacity : 9223372036854775807
2020-04-28 15:02:39,795 [main] INFO  volume.MutableVolumeSet (MutableVolumeSet.java:initializeVolumeSet(189)) - Added Volume : /github/workspace/mnt/ozone/hadoop-ozone/integration-test/target/test-dir/MiniOzoneClusterImpl-86f4eb11-29f8-44af-977b-0135f9896c6d/datanode-4/data-0/containers/hdds to VolumeSet
2020-04-28 15:02:39,795 [main] INFO  volume.ThrottledAsyncChecker (ThrottledAsyncChecker.java:schedule(141)) - Scheduling a check for /github/workspace/mnt/ozone/hadoop-ozone/integration-test/target/test-dir/MiniOzoneClusterImpl-86f4eb11-29f8-44af-977b-0135f9896c6d/datanode-4/data-0/containers/hdds
2020-04-28 15:02:39,798 [main] INFO  volume.HddsVolumeChecker (HddsVolumeChecker.java:checkAllVolumes(200)) - Scheduled health check for volume /github/workspace/mnt/ozone/hadoop-ozone/integration-test/target/test-dir/MiniOzoneClusterImpl-86f4eb11-29f8-44af-977b-0135f9896c6d/datanode-4/data-0/containers/hdds
2020-04-28 15:02:39,823 [org.apache.hadoop.util.JvmPauseMonitor$Monitor@12a67170] INFO  util.JvmPauseMonitor (JvmPauseMonitor.java:run(188)) - Starting JVM pause monitor
2020-04-28 15:02:39,828 [Datanode State Machine Thread - 0] INFO  datanode.InitDatanodeState (InitDatanodeState.java:persistContainerDatanodeDetails(145)) - DatanodeDetails is persisted to /github/workspace/mnt/ozone/hadoop-ozone/integration-test/target/test-dir/MiniOzoneClusterImpl-86f4eb11-29f8-44af-977b-0135f9896c6d/datanode-3/meta/datanode.id
2020-04-28 15:02:39,839 [main] INFO  impl.RaftServerProxy (ConfUtils.java:logGet(44)) - raft.rpc.type = GRPC (default)
2020-04-28 15:02:39,839 [main] INFO  grpc.GrpcFactory (GrpcFactory.java:checkPooledByteBufAllocatorUseCacheForAllThreads(45)) - PERFORMANCE WARNING: useCacheForAllThreads is true that may cause Netty to create a lot garbage objects and, as a result, trigger GC.
	It is recommended to disable useCacheForAllThreads by setting -Dorg.apache.ratis.thirdparty.io.netty.allocator.useCacheForAllThreads=false in command line.
2020-04-28 15:02:39,840 [main] INFO  grpc.GrpcConfigKeys (ConfUtils.java:logGet(44)) - raft.grpc.server.port = 0 (default)
2020-04-28 15:02:39,840 [main] INFO  server.GrpcService (ConfUtils.java:logGet(44)) - raft.grpc.message.size.max = 32MB (=33554432) (custom)
2020-04-28 15:02:39,840 [main] INFO  server.RaftServerConfigKeys (ConfUtils.java:logGet(44)) - raft.server.log.appender.buffer.byte-limit = 33554432 (custom)
2020-04-28 15:02:39,840 [main] INFO  server.GrpcService (ConfUtils.java:logGet(44)) - raft.grpc.flow.control.window = 5MB (=5242880) (custom)
2020-04-28 15:02:39,841 [main] INFO  server.RaftServerConfigKeys (ConfUtils.java:logGet(44)) - raft.server.rpc.request.timeout = 60s (custom)
2020-04-28 15:02:39,841 [main] INFO  server.RaftServerConfigKeys (ConfUtils.java:logGet(44)) - raft.server.storage.dir = [/github/workspace/mnt/ozone/hadoop-ozone/integration-test/target/test-dir/MiniOzoneClusterImpl-86f4eb11-29f8-44af-977b-0135f9896c6d/datanode-4/data/ratis] (custom)
2020-04-28 15:02:39,847 [main] INFO  http.BaseHttpServer (BaseHttpServer.java:newHttpServer2BuilderForOzone(192)) - Starting Web-server for hddsDatanode at: http://0.0.0.0:0
2020-04-28 15:02:39,850 [main] INFO  server.AuthenticationFilter (AuthenticationFilter.java:constructSecretProvider(240)) - Unable to initialize FileSignerSecretProvider, falling back to use random secrets.
2020-04-28 15:02:39,851 [main] WARN  http.HttpRequestLog (HttpRequestLog.java:getRequestLog(103)) - Jetty request log can only be enabled using Log4j
2020-04-28 15:02:39,852 [main] INFO  http.HttpServer2 (HttpServer2.java:addGlobalFilter(979)) - Added global filter 'safety' (class=org.apache.hadoop.hdds.server.http.HttpServer2$QuotingInputFilter)
2020-04-28 15:02:39,852 [main] INFO  http.HttpServer2 (HttpServer2.java:addFilter(955)) - Added filter static_user_filter (class=org.apache.hadoop.hdds.server.http.StaticUserWebFilter$StaticUserFilter) to context hddsDatanode
2020-04-28 15:02:39,852 [main] INFO  http.HttpServer2 (HttpServer2.java:addFilter(963)) - Added filter static_user_filter (class=org.apache.hadoop.hdds.server.http.StaticUserWebFilter$StaticUserFilter) to context logs
2020-04-28 15:02:39,853 [main] INFO  http.HttpServer2 (HttpServer2.java:addFilter(963)) - Added filter static_user_filter (class=org.apache.hadoop.hdds.server.http.StaticUserWebFilter$StaticUserFilter) to context static
2020-04-28 15:02:39,853 [main] INFO  http.HttpServer2 (HttpServer2.java:bindListener(1197)) - Jetty bound to port 44815
2020-04-28 15:02:39,853 [main] INFO  server.Server (Server.java:doStart(359)) - jetty-9.4.26.v20200117; built: 2020-01-17T12:35:33.676Z; git: 7b38981d25d14afb4a12ff1f2596756144edf695; jvm 1.8.0_232-b09
2020-04-28 15:02:39,859 [main] INFO  server.session (DefaultSessionIdManager.java:doStart(333)) - DefaultSessionIdManager workerName=node0
2020-04-28 15:02:39,859 [main] INFO  server.session (DefaultSessionIdManager.java:doStart(338)) - No SessionScavenger set, using defaults
2020-04-28 15:02:39,860 [main] INFO  server.session (HouseKeeper.java:startScavenging(140)) - node0 Scavenging every 660000ms
2020-04-28 15:02:39,861 [main] INFO  handler.ContextHandler (ContextHandler.java:doStart(825)) - Started o.e.j.s.ServletContextHandler@39f14ae8{logs,/logs,file:///github/workspace/mnt/ozone/hadoop-ozone/integration-test/target/log,AVAILABLE}
2020-04-28 15:02:39,862 [main] INFO  handler.ContextHandler (ContextHandler.java:doStart(825)) - Started o.e.j.s.ServletContextHandler@17ec63b3{static,/static,jar:file:/home/user/.m2/repository/org/apache/hadoop/hadoop-hdds-container-service/0.6.0-SNAPSHOT/hadoop-hdds-container-service-0.6.0-SNAPSHOT.jar!/webapps/static,AVAILABLE}
2020-04-28 15:02:39,895 [main] INFO  handler.ContextHandler (ContextHandler.java:doStart(825)) - Started o.e.j.w.WebAppContext@b6f424a{hddsDatanode,/,file:///tmp/jetty-0_0_0_0-44815-hadoop-hdds-container-service-0_6_0-SNAPSHOT_jar-_-any-3892192532799087726.dir/webapp/,AVAILABLE}{jar:file:/home/user/.m2/repository/org/apache/hadoop/hadoop-hdds-container-service/0.6.0-SNAPSHOT/hadoop-hdds-container-service-0.6.0-SNAPSHOT.jar!/webapps/hddsDatanode}
2020-04-28 15:02:39,897 [main] INFO  server.AbstractConnector (AbstractConnector.java:doStart(330)) - Started ServerConnector@7ad4c59a{HTTP/1.1,[http/1.1]}{0.0.0.0:44815}
2020-04-28 15:02:39,897 [main] INFO  server.Server (Server.java:doStart(399)) - Started @8047ms
2020-04-28 15:02:39,898 [main] WARN  impl.MetricsSystemImpl (MetricsSystemImpl.java:register(276)) - Sink prometheus already exists!
2020-04-28 15:02:39,901 [main] INFO  http.BaseHttpServer (BaseHttpServer.java:updateConnectorAddress(306)) - HTTP server of hddsDatanode listening at http://0.0.0.0:44815
2020-04-28 15:02:39,901 [main] INFO  impl.MetricsSystemImpl (MetricsSystemImpl.java:init(158)) - HddsDatanode metrics system started (again)
2020-04-28 15:02:39,903 [main] INFO  ozone.HddsDatanodeService (HddsDatanodeService.java:start(204)) - HddsDatanodeService host:f2af4a476004 ip:172.17.0.2
2020-04-28 15:02:39,912 [main] INFO  volume.HddsVolume (HddsVolume.java:<init>(176)) - Creating Volume: /github/workspace/mnt/ozone/hadoop-ozone/integration-test/target/test-dir/MiniOzoneClusterImpl-86f4eb11-29f8-44af-977b-0135f9896c6d/datanode-5/data-0/containers/hdds of storage type : DISK and capacity : 9223372036854775807
2020-04-28 15:02:39,912 [main] INFO  volume.MutableVolumeSet (MutableVolumeSet.java:initializeVolumeSet(189)) - Added Volume : /github/workspace/mnt/ozone/hadoop-ozone/integration-test/target/test-dir/MiniOzoneClusterImpl-86f4eb11-29f8-44af-977b-0135f9896c6d/datanode-5/data-0/containers/hdds to VolumeSet
2020-04-28 15:02:39,912 [main] INFO  volume.ThrottledAsyncChecker (ThrottledAsyncChecker.java:schedule(141)) - Scheduling a check for /github/workspace/mnt/ozone/hadoop-ozone/integration-test/target/test-dir/MiniOzoneClusterImpl-86f4eb11-29f8-44af-977b-0135f9896c6d/datanode-5/data-0/containers/hdds
2020-04-28 15:02:39,913 [main] INFO  volume.HddsVolumeChecker (HddsVolumeChecker.java:checkAllVolumes(200)) - Scheduled health check for volume /github/workspace/mnt/ozone/hadoop-ozone/integration-test/target/test-dir/MiniOzoneClusterImpl-86f4eb11-29f8-44af-977b-0135f9896c6d/datanode-5/data-0/containers/hdds
2020-04-28 15:02:39,940 [org.apache.hadoop.util.JvmPauseMonitor$Monitor@1e81cc94] INFO  util.JvmPauseMonitor (JvmPauseMonitor.java:run(188)) - Starting JVM pause monitor
2020-04-28 15:02:39,945 [Datanode State Machine Thread - 0] INFO  datanode.InitDatanodeState (InitDatanodeState.java:persistContainerDatanodeDetails(145)) - DatanodeDetails is persisted to /github/workspace/mnt/ozone/hadoop-ozone/integration-test/target/test-dir/MiniOzoneClusterImpl-86f4eb11-29f8-44af-977b-0135f9896c6d/datanode-4/meta/datanode.id
2020-04-28 15:02:39,949 [main] INFO  impl.RaftServerProxy (ConfUtils.java:logGet(44)) - raft.rpc.type = GRPC (default)
2020-04-28 15:02:39,949 [main] INFO  grpc.GrpcFactory (GrpcFactory.java:checkPooledByteBufAllocatorUseCacheForAllThreads(45)) - PERFORMANCE WARNING: useCacheForAllThreads is true that may cause Netty to create a lot garbage objects and, as a result, trigger GC.
	It is recommended to disable useCacheForAllThreads by setting -Dorg.apache.ratis.thirdparty.io.netty.allocator.useCacheForAllThreads=false in command line.
2020-04-28 15:02:39,950 [main] INFO  grpc.GrpcConfigKeys (ConfUtils.java:logGet(44)) - raft.grpc.server.port = 0 (default)
2020-04-28 15:02:39,950 [main] INFO  server.GrpcService (ConfUtils.java:logGet(44)) - raft.grpc.message.size.max = 32MB (=33554432) (custom)
2020-04-28 15:02:39,950 [main] INFO  server.RaftServerConfigKeys (ConfUtils.java:logGet(44)) - raft.server.log.appender.buffer.byte-limit = 33554432 (custom)
2020-04-28 15:02:39,950 [main] INFO  server.GrpcService (ConfUtils.java:logGet(44)) - raft.grpc.flow.control.window = 5MB (=5242880) (custom)
2020-04-28 15:02:39,951 [main] INFO  server.RaftServerConfigKeys (ConfUtils.java:logGet(44)) - raft.server.rpc.request.timeout = 60s (custom)
2020-04-28 15:02:39,951 [main] INFO  server.RaftServerConfigKeys (ConfUtils.java:logGet(44)) - raft.server.storage.dir = [/github/workspace/mnt/ozone/hadoop-ozone/integration-test/target/test-dir/MiniOzoneClusterImpl-86f4eb11-29f8-44af-977b-0135f9896c6d/datanode-5/data/ratis] (custom)
2020-04-28 15:02:39,955 [main] INFO  http.BaseHttpServer (BaseHttpServer.java:newHttpServer2BuilderForOzone(192)) - Starting Web-server for hddsDatanode at: http://0.0.0.0:0
2020-04-28 15:02:39,957 [main] INFO  server.AuthenticationFilter (AuthenticationFilter.java:constructSecretProvider(240)) - Unable to initialize FileSignerSecretProvider, falling back to use random secrets.
2020-04-28 15:02:39,958 [main] WARN  http.HttpRequestLog (HttpRequestLog.java:getRequestLog(103)) - Jetty request log can only be enabled using Log4j
2020-04-28 15:02:39,959 [main] INFO  http.HttpServer2 (HttpServer2.java:addGlobalFilter(979)) - Added global filter 'safety' (class=org.apache.hadoop.hdds.server.http.HttpServer2$QuotingInputFilter)
2020-04-28 15:02:39,959 [main] INFO  http.HttpServer2 (HttpServer2.java:addFilter(955)) - Added filter static_user_filter (class=org.apache.hadoop.hdds.server.http.StaticUserWebFilter$StaticUserFilter) to context hddsDatanode
2020-04-28 15:02:39,959 [main] INFO  http.HttpServer2 (HttpServer2.java:addFilter(963)) - Added filter static_user_filter (class=org.apache.hadoop.hdds.server.http.StaticUserWebFilter$StaticUserFilter) to context static
2020-04-28 15:02:39,959 [main] INFO  http.HttpServer2 (HttpServer2.java:addFilter(963)) - Added filter static_user_filter (class=org.apache.hadoop.hdds.server.http.StaticUserWebFilter$StaticUserFilter) to context logs
2020-04-28 15:02:39,960 [main] INFO  http.HttpServer2 (HttpServer2.java:bindListener(1197)) - Jetty bound to port 38843
2020-04-28 15:02:39,960 [main] INFO  server.Server (Server.java:doStart(359)) - jetty-9.4.26.v20200117; built: 2020-01-17T12:35:33.676Z; git: 7b38981d25d14afb4a12ff1f2596756144edf695; jvm 1.8.0_232-b09
2020-04-28 15:02:39,962 [main] INFO  server.session (DefaultSessionIdManager.java:doStart(333)) - DefaultSessionIdManager workerName=node0
2020-04-28 15:02:39,962 [main] INFO  server.session (DefaultSessionIdManager.java:doStart(338)) - No SessionScavenger set, using defaults
2020-04-28 15:02:39,962 [main] INFO  server.session (HouseKeeper.java:startScavenging(140)) - node0 Scavenging every 660000ms
2020-04-28 15:02:39,967 [main] INFO  handler.ContextHandler (ContextHandler.java:doStart(825)) - Started o.e.j.s.ServletContextHandler@166a4348{logs,/logs,file:///github/workspace/mnt/ozone/hadoop-ozone/integration-test/target/log,AVAILABLE}
2020-04-28 15:02:39,967 [main] INFO  handler.ContextHandler (ContextHandler.java:doStart(825)) - Started o.e.j.s.ServletContextHandler@6ea406e4{static,/static,jar:file:/home/user/.m2/repository/org/apache/hadoop/hadoop-hdds-container-service/0.6.0-SNAPSHOT/hadoop-hdds-container-service-0.6.0-SNAPSHOT.jar!/webapps/static,AVAILABLE}
2020-04-28 15:02:40,008 [main] INFO  handler.ContextHandler (ContextHandler.java:doStart(825)) - Started o.e.j.w.WebAppContext@71f75979{hddsDatanode,/,file:///tmp/jetty-0_0_0_0-38843-hadoop-hdds-container-service-0_6_0-SNAPSHOT_jar-_-any-4228050124135373629.dir/webapp/,AVAILABLE}{jar:file:/home/user/.m2/repository/org/apache/hadoop/hadoop-hdds-container-service/0.6.0-SNAPSHOT/hadoop-hdds-container-service-0.6.0-SNAPSHOT.jar!/webapps/hddsDatanode}
2020-04-28 15:02:40,014 [main] INFO  server.AbstractConnector (AbstractConnector.java:doStart(330)) - Started ServerConnector@1e6bc3d2{HTTP/1.1,[http/1.1]}{0.0.0.0:38843}
2020-04-28 15:02:40,014 [main] INFO  server.Server (Server.java:doStart(399)) - Started @8164ms
2020-04-28 15:02:40,015 [main] WARN  impl.MetricsSystemImpl (MetricsSystemImpl.java:register(276)) - Sink prometheus already exists!
2020-04-28 15:02:40,017 [main] INFO  http.BaseHttpServer (BaseHttpServer.java:updateConnectorAddress(306)) - HTTP server of hddsDatanode listening at http://0.0.0.0:38843
2020-04-28 15:02:40,018 [main] INFO  impl.MetricsSystemImpl (MetricsSystemImpl.java:init(158)) - HddsDatanode metrics system started (again)
2020-04-28 15:02:40,023 [main] INFO  ozone.HddsDatanodeService (HddsDatanodeService.java:start(204)) - HddsDatanodeService host:f2af4a476004 ip:172.17.0.2
2020-04-28 15:02:40,027 [main] INFO  volume.HddsVolume (HddsVolume.java:<init>(176)) - Creating Volume: /github/workspace/mnt/ozone/hadoop-ozone/integration-test/target/test-dir/MiniOzoneClusterImpl-86f4eb11-29f8-44af-977b-0135f9896c6d/datanode-6/data-0/containers/hdds of storage type : DISK and capacity : 9223372036854775807
2020-04-28 15:02:40,027 [main] INFO  volume.MutableVolumeSet (MutableVolumeSet.java:initializeVolumeSet(189)) - Added Volume : /github/workspace/mnt/ozone/hadoop-ozone/integration-test/target/test-dir/MiniOzoneClusterImpl-86f4eb11-29f8-44af-977b-0135f9896c6d/datanode-6/data-0/containers/hdds to VolumeSet
2020-04-28 15:02:40,028 [main] INFO  volume.ThrottledAsyncChecker (ThrottledAsyncChecker.java:schedule(141)) - Scheduling a check for /github/workspace/mnt/ozone/hadoop-ozone/integration-test/target/test-dir/MiniOzoneClusterImpl-86f4eb11-29f8-44af-977b-0135f9896c6d/datanode-6/data-0/containers/hdds
2020-04-28 15:02:40,033 [main] INFO  volume.HddsVolumeChecker (HddsVolumeChecker.java:checkAllVolumes(200)) - Scheduled health check for volume /github/workspace/mnt/ozone/hadoop-ozone/integration-test/target/test-dir/MiniOzoneClusterImpl-86f4eb11-29f8-44af-977b-0135f9896c6d/datanode-6/data-0/containers/hdds
2020-04-28 15:02:40,034 [org.apache.hadoop.util.JvmPauseMonitor$Monitor@125ac2da] INFO  util.JvmPauseMonitor (JvmPauseMonitor.java:run(188)) - Starting JVM pause monitor
2020-04-28 15:02:40,042 [Datanode State Machine Thread - 0] INFO  datanode.InitDatanodeState (InitDatanodeState.java:persistContainerDatanodeDetails(145)) - DatanodeDetails is persisted to /github/workspace/mnt/ozone/hadoop-ozone/integration-test/target/test-dir/MiniOzoneClusterImpl-86f4eb11-29f8-44af-977b-0135f9896c6d/datanode-5/meta/datanode.id
2020-04-28 15:02:40,059 [main] INFO  impl.RaftServerProxy (ConfUtils.java:logGet(44)) - raft.rpc.type = GRPC (default)
2020-04-28 15:02:40,059 [main] INFO  grpc.GrpcFactory (GrpcFactory.java:checkPooledByteBufAllocatorUseCacheForAllThreads(45)) - PERFORMANCE WARNING: useCacheForAllThreads is true that may cause Netty to create a lot garbage objects and, as a result, trigger GC.
	It is recommended to disable useCacheForAllThreads by setting -Dorg.apache.ratis.thirdparty.io.netty.allocator.useCacheForAllThreads=false in command line.
2020-04-28 15:02:40,059 [main] INFO  grpc.GrpcConfigKeys (ConfUtils.java:logGet(44)) - raft.grpc.server.port = 0 (default)
2020-04-28 15:02:40,060 [main] INFO  server.GrpcService (ConfUtils.java:logGet(44)) - raft.grpc.message.size.max = 32MB (=33554432) (custom)
2020-04-28 15:02:40,060 [main] INFO  server.RaftServerConfigKeys (ConfUtils.java:logGet(44)) - raft.server.log.appender.buffer.byte-limit = 33554432 (custom)
2020-04-28 15:02:40,060 [main] INFO  server.GrpcService (ConfUtils.java:logGet(44)) - raft.grpc.flow.control.window = 5MB (=5242880) (custom)
2020-04-28 15:02:40,060 [main] INFO  server.RaftServerConfigKeys (ConfUtils.java:logGet(44)) - raft.server.rpc.request.timeout = 60s (custom)
2020-04-28 15:02:40,061 [main] INFO  server.RaftServerConfigKeys (ConfUtils.java:logGet(44)) - raft.server.storage.dir = [/github/workspace/mnt/ozone/hadoop-ozone/integration-test/target/test-dir/MiniOzoneClusterImpl-86f4eb11-29f8-44af-977b-0135f9896c6d/datanode-6/data/ratis] (custom)
2020-04-28 15:02:40,067 [main] INFO  http.BaseHttpServer (BaseHttpServer.java:newHttpServer2BuilderForOzone(192)) - Starting Web-server for hddsDatanode at: http://0.0.0.0:0
2020-04-28 15:02:40,069 [main] INFO  server.AuthenticationFilter (AuthenticationFilter.java:constructSecretProvider(240)) - Unable to initialize FileSignerSecretProvider, falling back to use random secrets.
2020-04-28 15:02:40,070 [main] WARN  http.HttpRequestLog (HttpRequestLog.java:getRequestLog(103)) - Jetty request log can only be enabled using Log4j
2020-04-28 15:02:40,071 [main] INFO  http.HttpServer2 (HttpServer2.java:addGlobalFilter(979)) - Added global filter 'safety' (class=org.apache.hadoop.hdds.server.http.HttpServer2$QuotingInputFilter)
2020-04-28 15:02:40,072 [main] INFO  http.HttpServer2 (HttpServer2.java:addFilter(955)) - Added filter static_user_filter (class=org.apache.hadoop.hdds.server.http.StaticUserWebFilter$StaticUserFilter) to context hddsDatanode
2020-04-28 15:02:40,072 [main] INFO  http.HttpServer2 (HttpServer2.java:addFilter(963)) - Added filter static_user_filter (class=org.apache.hadoop.hdds.server.http.StaticUserWebFilter$StaticUserFilter) to context logs
2020-04-28 15:02:40,072 [main] INFO  http.HttpServer2 (HttpServer2.java:addFilter(963)) - Added filter static_user_filter (class=org.apache.hadoop.hdds.server.http.StaticUserWebFilter$StaticUserFilter) to context static
2020-04-28 15:02:40,073 [main] INFO  http.HttpServer2 (HttpServer2.java:bindListener(1197)) - Jetty bound to port 35719
2020-04-28 15:02:40,073 [main] INFO  server.Server (Server.java:doStart(359)) - jetty-9.4.26.v20200117; built: 2020-01-17T12:35:33.676Z; git: 7b38981d25d14afb4a12ff1f2596756144edf695; jvm 1.8.0_232-b09
2020-04-28 15:02:40,075 [main] INFO  server.session (DefaultSessionIdManager.java:doStart(333)) - DefaultSessionIdManager workerName=node0
2020-04-28 15:02:40,075 [main] INFO  server.session (DefaultSessionIdManager.java:doStart(338)) - No SessionScavenger set, using defaults
2020-04-28 15:02:40,076 [main] INFO  server.session (HouseKeeper.java:startScavenging(140)) - node0 Scavenging every 660000ms
2020-04-28 15:02:40,077 [main] INFO  handler.ContextHandler (ContextHandler.java:doStart(825)) - Started o.e.j.s.ServletContextHandler@39109103{logs,/logs,file:///github/workspace/mnt/ozone/hadoop-ozone/integration-test/target/log,AVAILABLE}
2020-04-28 15:02:40,077 [main] INFO  handler.ContextHandler (ContextHandler.java:doStart(825)) - Started o.e.j.s.ServletContextHandler@1cf027ae{static,/static,jar:file:/home/user/.m2/repository/org/apache/hadoop/hadoop-hdds-container-service/0.6.0-SNAPSHOT/hadoop-hdds-container-service-0.6.0-SNAPSHOT.jar!/webapps/static,AVAILABLE}
2020-04-28 15:02:40,109 [main] INFO  handler.ContextHandler (ContextHandler.java:doStart(825)) - Started o.e.j.w.WebAppContext@603ac7f8{hddsDatanode,/,file:///tmp/jetty-0_0_0_0-35719-hadoop-hdds-container-service-0_6_0-SNAPSHOT_jar-_-any-5242066505562676693.dir/webapp/,AVAILABLE}{jar:file:/home/user/.m2/repository/org/apache/hadoop/hadoop-hdds-container-service/0.6.0-SNAPSHOT/hadoop-hdds-container-service-0.6.0-SNAPSHOT.jar!/webapps/hddsDatanode}
2020-04-28 15:02:40,111 [main] INFO  server.AbstractConnector (AbstractConnector.java:doStart(330)) - Started ServerConnector@1e9e194a{HTTP/1.1,[http/1.1]}{0.0.0.0:35719}
2020-04-28 15:02:40,111 [main] INFO  server.Server (Server.java:doStart(399)) - Started @8261ms
2020-04-28 15:02:40,111 [main] WARN  impl.MetricsSystemImpl (MetricsSystemImpl.java:register(276)) - Sink prometheus already exists!
2020-04-28 15:02:40,114 [main] INFO  http.BaseHttpServer (BaseHttpServer.java:updateConnectorAddress(306)) - HTTP server of hddsDatanode listening at http://0.0.0.0:35719
2020-04-28 15:02:40,115 [main] INFO  impl.MetricsSystemImpl (MetricsSystemImpl.java:init(158)) - HddsDatanode metrics system started (again)
2020-04-28 15:02:40,119 [main] INFO  ozone.HddsDatanodeService (HddsDatanodeService.java:start(204)) - HddsDatanodeService host:f2af4a476004 ip:172.17.0.2
2020-04-28 15:02:40,122 [main] INFO  volume.HddsVolume (HddsVolume.java:<init>(176)) - Creating Volume: /github/workspace/mnt/ozone/hadoop-ozone/integration-test/target/test-dir/MiniOzoneClusterImpl-86f4eb11-29f8-44af-977b-0135f9896c6d/datanode-7/data-0/containers/hdds of storage type : DISK and capacity : 9223372036854775807
2020-04-28 15:02:40,123 [main] INFO  volume.MutableVolumeSet (MutableVolumeSet.java:initializeVolumeSet(189)) - Added Volume : /github/workspace/mnt/ozone/hadoop-ozone/integration-test/target/test-dir/MiniOzoneClusterImpl-86f4eb11-29f8-44af-977b-0135f9896c6d/datanode-7/data-0/containers/hdds to VolumeSet
2020-04-28 15:02:40,123 [main] INFO  volume.ThrottledAsyncChecker (ThrottledAsyncChecker.java:schedule(141)) - Scheduling a check for /github/workspace/mnt/ozone/hadoop-ozone/integration-test/target/test-dir/MiniOzoneClusterImpl-86f4eb11-29f8-44af-977b-0135f9896c6d/datanode-7/data-0/containers/hdds
2020-04-28 15:02:40,130 [org.apache.hadoop.util.JvmPauseMonitor$Monitor@704dde09] INFO  util.JvmPauseMonitor (JvmPauseMonitor.java:run(188)) - Starting JVM pause monitor
2020-04-28 15:02:40,142 [Datanode State Machine Thread - 0] INFO  datanode.InitDatanodeState (InitDatanodeState.java:persistContainerDatanodeDetails(145)) - DatanodeDetails is persisted to /github/workspace/mnt/ozone/hadoop-ozone/integration-test/target/test-dir/MiniOzoneClusterImpl-86f4eb11-29f8-44af-977b-0135f9896c6d/datanode-6/meta/datanode.id
2020-04-28 15:02:40,143 [main] INFO  volume.HddsVolumeChecker (HddsVolumeChecker.java:checkAllVolumes(200)) - Scheduled health check for volume /github/workspace/mnt/ozone/hadoop-ozone/integration-test/target/test-dir/MiniOzoneClusterImpl-86f4eb11-29f8-44af-977b-0135f9896c6d/datanode-7/data-0/containers/hdds
2020-04-28 15:02:40,165 [main] INFO  impl.RaftServerProxy (ConfUtils.java:logGet(44)) - raft.rpc.type = GRPC (default)
2020-04-28 15:02:40,166 [main] INFO  grpc.GrpcFactory (GrpcFactory.java:checkPooledByteBufAllocatorUseCacheForAllThreads(45)) - PERFORMANCE WARNING: useCacheForAllThreads is true that may cause Netty to create a lot garbage objects and, as a result, trigger GC.
	It is recommended to disable useCacheForAllThreads by setting -Dorg.apache.ratis.thirdparty.io.netty.allocator.useCacheForAllThreads=false in command line.
2020-04-28 15:02:40,166 [main] INFO  grpc.GrpcConfigKeys (ConfUtils.java:logGet(44)) - raft.grpc.server.port = 0 (default)
2020-04-28 15:02:40,166 [main] INFO  server.GrpcService (ConfUtils.java:logGet(44)) - raft.grpc.message.size.max = 32MB (=33554432) (custom)
2020-04-28 15:02:40,166 [main] INFO  server.RaftServerConfigKeys (ConfUtils.java:logGet(44)) - raft.server.log.appender.buffer.byte-limit = 33554432 (custom)
2020-04-28 15:02:40,166 [main] INFO  server.GrpcService (ConfUtils.java:logGet(44)) - raft.grpc.flow.control.window = 5MB (=5242880) (custom)
2020-04-28 15:02:40,167 [main] INFO  server.RaftServerConfigKeys (ConfUtils.java:logGet(44)) - raft.server.rpc.request.timeout = 60s (custom)
2020-04-28 15:02:40,167 [main] INFO  server.RaftServerConfigKeys (ConfUtils.java:logGet(44)) - raft.server.storage.dir = [/github/workspace/mnt/ozone/hadoop-ozone/integration-test/target/test-dir/MiniOzoneClusterImpl-86f4eb11-29f8-44af-977b-0135f9896c6d/datanode-7/data/ratis] (custom)
2020-04-28 15:02:40,172 [main] INFO  http.BaseHttpServer (BaseHttpServer.java:newHttpServer2BuilderForOzone(192)) - Starting Web-server for hddsDatanode at: http://0.0.0.0:0
2020-04-28 15:02:40,174 [main] INFO  server.AuthenticationFilter (AuthenticationFilter.java:constructSecretProvider(240)) - Unable to initialize FileSignerSecretProvider, falling back to use random secrets.
2020-04-28 15:02:40,175 [main] WARN  http.HttpRequestLog (HttpRequestLog.java:getRequestLog(103)) - Jetty request log can only be enabled using Log4j
2020-04-28 15:02:40,176 [main] INFO  http.HttpServer2 (HttpServer2.java:addGlobalFilter(979)) - Added global filter 'safety' (class=org.apache.hadoop.hdds.server.http.HttpServer2$QuotingInputFilter)
2020-04-28 15:02:40,177 [main] INFO  http.HttpServer2 (HttpServer2.java:addFilter(955)) - Added filter static_user_filter (class=org.apache.hadoop.hdds.server.http.StaticUserWebFilter$StaticUserFilter) to context hddsDatanode
2020-04-28 15:02:40,177 [main] INFO  http.HttpServer2 (HttpServer2.java:addFilter(963)) - Added filter static_user_filter (class=org.apache.hadoop.hdds.server.http.StaticUserWebFilter$StaticUserFilter) to context logs
2020-04-28 15:02:40,177 [main] INFO  http.HttpServer2 (HttpServer2.java:addFilter(963)) - Added filter static_user_filter (class=org.apache.hadoop.hdds.server.http.StaticUserWebFilter$StaticUserFilter) to context static
2020-04-28 15:02:40,178 [main] INFO  http.HttpServer2 (HttpServer2.java:bindListener(1197)) - Jetty bound to port 39845
2020-04-28 15:02:40,178 [main] INFO  server.Server (Server.java:doStart(359)) - jetty-9.4.26.v20200117; built: 2020-01-17T12:35:33.676Z; git: 7b38981d25d14afb4a12ff1f2596756144edf695; jvm 1.8.0_232-b09
2020-04-28 15:02:40,180 [main] INFO  server.session (DefaultSessionIdManager.java:doStart(333)) - DefaultSessionIdManager workerName=node0
2020-04-28 15:02:40,181 [main] INFO  server.session (DefaultSessionIdManager.java:doStart(338)) - No SessionScavenger set, using defaults
2020-04-28 15:02:40,181 [main] INFO  server.session (HouseKeeper.java:startScavenging(140)) - node0 Scavenging every 600000ms
2020-04-28 15:02:40,182 [main] INFO  handler.ContextHandler (ContextHandler.java:doStart(825)) - Started o.e.j.s.ServletContextHandler@255e3dcd{logs,/logs,file:///github/workspace/mnt/ozone/hadoop-ozone/integration-test/target/log,AVAILABLE}
2020-04-28 15:02:40,183 [main] INFO  handler.ContextHandler (ContextHandler.java:doStart(825)) - Started o.e.j.s.ServletContextHandler@7ff11039{static,/static,jar:file:/home/user/.m2/repository/org/apache/hadoop/hadoop-hdds-container-service/0.6.0-SNAPSHOT/hadoop-hdds-container-service-0.6.0-SNAPSHOT.jar!/webapps/static,AVAILABLE}
2020-04-28 15:02:40,215 [main] INFO  handler.ContextHandler (ContextHandler.java:doStart(825)) - Started o.e.j.w.WebAppContext@17e0fcca{hddsDatanode,/,file:///tmp/jetty-0_0_0_0-39845-hadoop-hdds-container-service-0_6_0-SNAPSHOT_jar-_-any-8656876708206433879.dir/webapp/,AVAILABLE}{jar:file:/home/user/.m2/repository/org/apache/hadoop/hadoop-hdds-container-service/0.6.0-SNAPSHOT/hadoop-hdds-container-service-0.6.0-SNAPSHOT.jar!/webapps/hddsDatanode}
2020-04-28 15:02:40,216 [main] INFO  server.AbstractConnector (AbstractConnector.java:doStart(330)) - Started ServerConnector@3ee91417{HTTP/1.1,[http/1.1]}{0.0.0.0:39845}
2020-04-28 15:02:40,216 [main] INFO  server.Server (Server.java:doStart(399)) - Started @8366ms
2020-04-28 15:02:40,217 [main] WARN  impl.MetricsSystemImpl (MetricsSystemImpl.java:register(276)) - Sink prometheus already exists!
2020-04-28 15:02:40,223 [main] INFO  http.BaseHttpServer (BaseHttpServer.java:updateConnectorAddress(306)) - HTTP server of hddsDatanode listening at http://0.0.0.0:39845
2020-04-28 15:02:40,223 [main] INFO  impl.MetricsSystemImpl (MetricsSystemImpl.java:init(158)) - HddsDatanode metrics system started (again)
2020-04-28 15:02:40,228 [main] INFO  ozone.HddsDatanodeService (HddsDatanodeService.java:start(204)) - HddsDatanodeService host:f2af4a476004 ip:172.17.0.2
2020-04-28 15:02:40,229 [org.apache.hadoop.util.JvmPauseMonitor$Monitor@1ce8407b] INFO  util.JvmPauseMonitor (JvmPauseMonitor.java:run(188)) - Starting JVM pause monitor
2020-04-28 15:02:40,230 [main] INFO  volume.HddsVolume (HddsVolume.java:<init>(176)) - Creating Volume: /github/workspace/mnt/ozone/hadoop-ozone/integration-test/target/test-dir/MiniOzoneClusterImpl-86f4eb11-29f8-44af-977b-0135f9896c6d/datanode-8/data-0/containers/hdds of storage type : DISK and capacity : 9223372036854775807
2020-04-28 15:02:40,230 [main] INFO  volume.MutableVolumeSet (MutableVolumeSet.java:initializeVolumeSet(189)) - Added Volume : /github/workspace/mnt/ozone/hadoop-ozone/integration-test/target/test-dir/MiniOzoneClusterImpl-86f4eb11-29f8-44af-977b-0135f9896c6d/datanode-8/data-0/containers/hdds to VolumeSet
2020-04-28 15:02:40,230 [main] INFO  volume.ThrottledAsyncChecker (ThrottledAsyncChecker.java:schedule(141)) - Scheduling a check for /github/workspace/mnt/ozone/hadoop-ozone/integration-test/target/test-dir/MiniOzoneClusterImpl-86f4eb11-29f8-44af-977b-0135f9896c6d/datanode-8/data-0/containers/hdds
2020-04-28 15:02:40,232 [main] INFO  volume.HddsVolumeChecker (HddsVolumeChecker.java:checkAllVolumes(200)) - Scheduled health check for volume /github/workspace/mnt/ozone/hadoop-ozone/integration-test/target/test-dir/MiniOzoneClusterImpl-86f4eb11-29f8-44af-977b-0135f9896c6d/datanode-8/data-0/containers/hdds
2020-04-28 15:02:40,245 [Datanode State Machine Thread - 0] INFO  datanode.InitDatanodeState (InitDatanodeState.java:persistContainerDatanodeDetails(145)) - DatanodeDetails is persisted to /github/workspace/mnt/ozone/hadoop-ozone/integration-test/target/test-dir/MiniOzoneClusterImpl-86f4eb11-29f8-44af-977b-0135f9896c6d/datanode-7/meta/datanode.id
2020-04-28 15:02:40,258 [main] INFO  impl.RaftServerProxy (ConfUtils.java:logGet(44)) - raft.rpc.type = GRPC (default)
2020-04-28 15:02:40,258 [main] INFO  grpc.GrpcFactory (GrpcFactory.java:checkPooledByteBufAllocatorUseCacheForAllThreads(45)) - PERFORMANCE WARNING: useCacheForAllThreads is true that may cause Netty to create a lot garbage objects and, as a result, trigger GC.
	It is recommended to disable useCacheForAllThreads by setting -Dorg.apache.ratis.thirdparty.io.netty.allocator.useCacheForAllThreads=false in command line.
2020-04-28 15:02:40,258 [main] INFO  grpc.GrpcConfigKeys (ConfUtils.java:logGet(44)) - raft.grpc.server.port = 0 (default)
2020-04-28 15:02:40,259 [main] INFO  server.GrpcService (ConfUtils.java:logGet(44)) - raft.grpc.message.size.max = 32MB (=33554432) (custom)
2020-04-28 15:02:40,259 [main] INFO  server.RaftServerConfigKeys (ConfUtils.java:logGet(44)) - raft.server.log.appender.buffer.byte-limit = 33554432 (custom)
2020-04-28 15:02:40,259 [main] INFO  server.GrpcService (ConfUtils.java:logGet(44)) - raft.grpc.flow.control.window = 5MB (=5242880) (custom)
2020-04-28 15:02:40,259 [main] INFO  server.RaftServerConfigKeys (ConfUtils.java:logGet(44)) - raft.server.rpc.request.timeout = 60s (custom)
2020-04-28 15:02:40,260 [main] INFO  server.RaftServerConfigKeys (ConfUtils.java:logGet(44)) - raft.server.storage.dir = [/github/workspace/mnt/ozone/hadoop-ozone/integration-test/target/test-dir/MiniOzoneClusterImpl-86f4eb11-29f8-44af-977b-0135f9896c6d/datanode-8/data/ratis] (custom)
2020-04-28 15:02:40,266 [main] INFO  http.BaseHttpServer (BaseHttpServer.java:newHttpServer2BuilderForOzone(192)) - Starting Web-server for hddsDatanode at: http://0.0.0.0:0
2020-04-28 15:02:40,268 [main] INFO  server.AuthenticationFilter (AuthenticationFilter.java:constructSecretProvider(240)) - Unable to initialize FileSignerSecretProvider, falling back to use random secrets.
2020-04-28 15:02:40,270 [main] WARN  http.HttpRequestLog (HttpRequestLog.java:getRequestLog(103)) - Jetty request log can only be enabled using Log4j
2020-04-28 15:02:40,271 [main] INFO  http.HttpServer2 (HttpServer2.java:addGlobalFilter(979)) - Added global filter 'safety' (class=org.apache.hadoop.hdds.server.http.HttpServer2$QuotingInputFilter)
2020-04-28 15:02:40,271 [main] INFO  http.HttpServer2 (HttpServer2.java:addFilter(955)) - Added filter static_user_filter (class=org.apache.hadoop.hdds.server.http.StaticUserWebFilter$StaticUserFilter) to context hddsDatanode
2020-04-28 15:02:40,271 [main] INFO  http.HttpServer2 (HttpServer2.java:addFilter(963)) - Added filter static_user_filter (class=org.apache.hadoop.hdds.server.http.StaticUserWebFilter$StaticUserFilter) to context logs
2020-04-28 15:02:40,271 [main] INFO  http.HttpServer2 (HttpServer2.java:addFilter(963)) - Added filter static_user_filter (class=org.apache.hadoop.hdds.server.http.StaticUserWebFilter$StaticUserFilter) to context static
2020-04-28 15:02:40,272 [main] INFO  http.HttpServer2 (HttpServer2.java:bindListener(1197)) - Jetty bound to port 42341
2020-04-28 15:02:40,272 [main] INFO  server.Server (Server.java:doStart(359)) - jetty-9.4.26.v20200117; built: 2020-01-17T12:35:33.676Z; git: 7b38981d25d14afb4a12ff1f2596756144edf695; jvm 1.8.0_232-b09
2020-04-28 15:02:40,275 [main] INFO  server.session (DefaultSessionIdManager.java:doStart(333)) - DefaultSessionIdManager workerName=node0
2020-04-28 15:02:40,275 [main] INFO  server.session (DefaultSessionIdManager.java:doStart(338)) - No SessionScavenger set, using defaults
2020-04-28 15:02:40,275 [main] INFO  server.session (HouseKeeper.java:startScavenging(140)) - node0 Scavenging every 600000ms
2020-04-28 15:02:40,277 [main] INFO  handler.ContextHandler (ContextHandler.java:doStart(825)) - Started o.e.j.s.ServletContextHandler@336a7182{logs,/logs,file:///github/workspace/mnt/ozone/hadoop-ozone/integration-test/target/log,AVAILABLE}
2020-04-28 15:02:40,277 [main] INFO  handler.ContextHandler (ContextHandler.java:doStart(825)) - Started o.e.j.s.ServletContextHandler@603d5d30{static,/static,jar:file:/home/user/.m2/repository/org/apache/hadoop/hadoop-hdds-container-service/0.6.0-SNAPSHOT/hadoop-hdds-container-service-0.6.0-SNAPSHOT.jar!/webapps/static,AVAILABLE}
2020-04-28 15:02:40,309 [main] INFO  handler.ContextHandler (ContextHandler.java:doStart(825)) - Started o.e.j.w.WebAppContext@5372ae40{hddsDatanode,/,file:///tmp/jetty-0_0_0_0-42341-hadoop-hdds-container-service-0_6_0-SNAPSHOT_jar-_-any-2911666082619476785.dir/webapp/,AVAILABLE}{jar:file:/home/user/.m2/repository/org/apache/hadoop/hadoop-hdds-container-service/0.6.0-SNAPSHOT/hadoop-hdds-container-service-0.6.0-SNAPSHOT.jar!/webapps/hddsDatanode}
2020-04-28 15:02:40,311 [main] INFO  server.AbstractConnector (AbstractConnector.java:doStart(330)) - Started ServerConnector@613c09e5{HTTP/1.1,[http/1.1]}{0.0.0.0:42341}
2020-04-28 15:02:40,311 [main] INFO  server.Server (Server.java:doStart(399)) - Started @8461ms
2020-04-28 15:02:40,311 [main] WARN  impl.MetricsSystemImpl (MetricsSystemImpl.java:register(276)) - Sink prometheus already exists!
2020-04-28 15:02:40,314 [main] INFO  http.BaseHttpServer (BaseHttpServer.java:updateConnectorAddress(306)) - HTTP server of hddsDatanode listening at http://0.0.0.0:42341
2020-04-28 15:02:40,315 [main] INFO  impl.MetricsSystemImpl (MetricsSystemImpl.java:init(158)) - HddsDatanode metrics system started (again)
2020-04-28 15:02:40,318 [main] INFO  ozone.HddsDatanodeService (HddsDatanodeService.java:start(204)) - HddsDatanodeService host:f2af4a476004 ip:172.17.0.2
2020-04-28 15:02:40,319 [main] INFO  volume.HddsVolume (HddsVolume.java:<init>(176)) - Creating Volume: /github/workspace/mnt/ozone/hadoop-ozone/integration-test/target/test-dir/MiniOzoneClusterImpl-86f4eb11-29f8-44af-977b-0135f9896c6d/datanode-9/data-0/containers/hdds of storage type : DISK and capacity : 9223372036854775807
2020-04-28 15:02:40,319 [main] INFO  volume.MutableVolumeSet (MutableVolumeSet.java:initializeVolumeSet(189)) - Added Volume : /github/workspace/mnt/ozone/hadoop-ozone/integration-test/target/test-dir/MiniOzoneClusterImpl-86f4eb11-29f8-44af-977b-0135f9896c6d/datanode-9/data-0/containers/hdds to VolumeSet
2020-04-28 15:02:40,320 [main] INFO  volume.ThrottledAsyncChecker (ThrottledAsyncChecker.java:schedule(141)) - Scheduling a check for /github/workspace/mnt/ozone/hadoop-ozone/integration-test/target/test-dir/MiniOzoneClusterImpl-86f4eb11-29f8-44af-977b-0135f9896c6d/datanode-9/data-0/containers/hdds
2020-04-28 15:02:40,320 [main] INFO  volume.HddsVolumeChecker (HddsVolumeChecker.java:checkAllVolumes(200)) - Scheduled health check for volume /github/workspace/mnt/ozone/hadoop-ozone/integration-test/target/test-dir/MiniOzoneClusterImpl-86f4eb11-29f8-44af-977b-0135f9896c6d/datanode-9/data-0/containers/hdds
2020-04-28 15:02:40,328 [org.apache.hadoop.util.JvmPauseMonitor$Monitor@57952e3b] INFO  util.JvmPauseMonitor (JvmPauseMonitor.java:run(188)) - Starting JVM pause monitor
2020-04-28 15:02:40,338 [Datanode State Machine Thread - 0] INFO  datanode.InitDatanodeState (InitDatanodeState.java:persistContainerDatanodeDetails(145)) - DatanodeDetails is persisted to /github/workspace/mnt/ozone/hadoop-ozone/integration-test/target/test-dir/MiniOzoneClusterImpl-86f4eb11-29f8-44af-977b-0135f9896c6d/datanode-8/meta/datanode.id
2020-04-28 15:02:40,356 [main] INFO  impl.RaftServerProxy (ConfUtils.java:logGet(44)) - raft.rpc.type = GRPC (default)
2020-04-28 15:02:40,357 [main] INFO  grpc.GrpcFactory (GrpcFactory.java:checkPooledByteBufAllocatorUseCacheForAllThreads(45)) - PERFORMANCE WARNING: useCacheForAllThreads is true that may cause Netty to create a lot garbage objects and, as a result, trigger GC.
	It is recommended to disable useCacheForAllThreads by setting -Dorg.apache.ratis.thirdparty.io.netty.allocator.useCacheForAllThreads=false in command line.
2020-04-28 15:02:40,357 [main] INFO  grpc.GrpcConfigKeys (ConfUtils.java:logGet(44)) - raft.grpc.server.port = 0 (default)
2020-04-28 15:02:40,357 [main] INFO  server.GrpcService (ConfUtils.java:logGet(44)) - raft.grpc.message.size.max = 32MB (=33554432) (custom)
2020-04-28 15:02:40,357 [main] INFO  server.RaftServerConfigKeys (ConfUtils.java:logGet(44)) - raft.server.log.appender.buffer.byte-limit = 33554432 (custom)
2020-04-28 15:02:40,358 [main] INFO  server.GrpcService (ConfUtils.java:logGet(44)) - raft.grpc.flow.control.window = 5MB (=5242880) (custom)
2020-04-28 15:02:40,358 [main] INFO  server.RaftServerConfigKeys (ConfUtils.java:logGet(44)) - raft.server.rpc.request.timeout = 60s (custom)
2020-04-28 15:02:40,359 [main] INFO  server.RaftServerConfigKeys (ConfUtils.java:logGet(44)) - raft.server.storage.dir = [/github/workspace/mnt/ozone/hadoop-ozone/integration-test/target/test-dir/MiniOzoneClusterImpl-86f4eb11-29f8-44af-977b-0135f9896c6d/datanode-9/data/ratis] (custom)
2020-04-28 15:02:40,364 [main] INFO  http.BaseHttpServer (BaseHttpServer.java:newHttpServer2BuilderForOzone(192)) - Starting Web-server for hddsDatanode at: http://0.0.0.0:0
2020-04-28 15:02:40,367 [main] INFO  server.AuthenticationFilter (AuthenticationFilter.java:constructSecretProvider(240)) - Unable to initialize FileSignerSecretProvider, falling back to use random secrets.
2020-04-28 15:02:40,368 [main] WARN  http.HttpRequestLog (HttpRequestLog.java:getRequestLog(103)) - Jetty request log can only be enabled using Log4j
2020-04-28 15:02:40,369 [main] INFO  http.HttpServer2 (HttpServer2.java:addGlobalFilter(979)) - Added global filter 'safety' (class=org.apache.hadoop.hdds.server.http.HttpServer2$QuotingInputFilter)
2020-04-28 15:02:40,369 [main] INFO  http.HttpServer2 (HttpServer2.java:addFilter(955)) - Added filter static_user_filter (class=org.apache.hadoop.hdds.server.http.StaticUserWebFilter$StaticUserFilter) to context hddsDatanode
2020-04-28 15:02:40,369 [main] INFO  http.HttpServer2 (HttpServer2.java:addFilter(963)) - Added filter static_user_filter (class=org.apache.hadoop.hdds.server.http.StaticUserWebFilter$StaticUserFilter) to context logs
2020-04-28 15:02:40,369 [main] INFO  http.HttpServer2 (HttpServer2.java:addFilter(963)) - Added filter static_user_filter (class=org.apache.hadoop.hdds.server.http.StaticUserWebFilter$StaticUserFilter) to context static
2020-04-28 15:02:40,370 [main] INFO  http.HttpServer2 (HttpServer2.java:bindListener(1197)) - Jetty bound to port 43093
2020-04-28 15:02:40,370 [main] INFO  server.Server (Server.java:doStart(359)) - jetty-9.4.26.v20200117; built: 2020-01-17T12:35:33.676Z; git: 7b38981d25d14afb4a12ff1f2596756144edf695; jvm 1.8.0_232-b09
2020-04-28 15:02:40,402 [main] INFO  server.session (DefaultSessionIdManager.java:doStart(333)) - DefaultSessionIdManager workerName=node0
2020-04-28 15:02:40,402 [main] INFO  server.session (DefaultSessionIdManager.java:doStart(338)) - No SessionScavenger set, using defaults
2020-04-28 15:02:40,403 [main] INFO  server.session (HouseKeeper.java:startScavenging(140)) - node0 Scavenging every 660000ms
2020-04-28 15:02:40,403 [main] INFO  handler.ContextHandler (ContextHandler.java:doStart(825)) - Started o.e.j.s.ServletContextHandler@17a7acb4{logs,/logs,file:///github/workspace/mnt/ozone/hadoop-ozone/integration-test/target/log,AVAILABLE}
2020-04-28 15:02:40,404 [main] INFO  handler.ContextHandler (ContextHandler.java:doStart(825)) - Started o.e.j.s.ServletContextHandler@5c4332f5{static,/static,jar:file:/home/user/.m2/repository/org/apache/hadoop/hadoop-hdds-container-service/0.6.0-SNAPSHOT/hadoop-hdds-container-service-0.6.0-SNAPSHOT.jar!/webapps/static,AVAILABLE}
2020-04-28 15:02:40,457 [main] INFO  handler.ContextHandler (ContextHandler.java:doStart(825)) - Started o.e.j.w.WebAppContext@107c27c4{hddsDatanode,/,file:///tmp/jetty-0_0_0_0-43093-hadoop-hdds-container-service-0_6_0-SNAPSHOT_jar-_-any-2855596421947181661.dir/webapp/,AVAILABLE}{jar:file:/home/user/.m2/repository/org/apache/hadoop/hadoop-hdds-container-service/0.6.0-SNAPSHOT/hadoop-hdds-container-service-0.6.0-SNAPSHOT.jar!/webapps/hddsDatanode}
2020-04-28 15:02:40,459 [main] INFO  server.AbstractConnector (AbstractConnector.java:doStart(330)) - Started ServerConnector@6a1e08f9{HTTP/1.1,[http/1.1]}{0.0.0.0:43093}
2020-04-28 15:02:40,459 [main] INFO  server.Server (Server.java:doStart(399)) - Started @8609ms
2020-04-28 15:02:40,460 [main] WARN  impl.MetricsSystemImpl (MetricsSystemImpl.java:register(276)) - Sink prometheus already exists!
2020-04-28 15:02:40,464 [main] INFO  http.BaseHttpServer (BaseHttpServer.java:updateConnectorAddress(306)) - HTTP server of hddsDatanode listening at http://0.0.0.0:43093
2020-04-28 15:02:40,469 [main] INFO  ozone.MiniOzoneClusterImpl (MiniOzoneClusterImpl.java:lambda$waitForClusterToBeReady$0(177)) - Waiting for nodes to be ready. Got 0 of 10 DN Heartbeats.
2020-04-28 15:02:40,469 [main] INFO  ozone.MiniOzoneClusterImpl (MiniOzoneClusterImpl.java:lambda$waitForClusterToBeReady$0(180)) - Waiting for cluster to exit safe mode
2020-04-28 15:02:40,475 [org.apache.hadoop.util.JvmPauseMonitor$Monitor@3a537f18] INFO  util.JvmPauseMonitor (JvmPauseMonitor.java:run(188)) - Starting JVM pause monitor
2020-04-28 15:02:40,478 [Datanode State Machine Thread - 0] INFO  datanode.InitDatanodeState (InitDatanodeState.java:persistContainerDatanodeDetails(145)) - DatanodeDetails is persisted to /github/workspace/mnt/ozone/hadoop-ozone/integration-test/target/test-dir/MiniOzoneClusterImpl-86f4eb11-29f8-44af-977b-0135f9896c6d/datanode-9/meta/datanode.id
2020-04-28 15:02:41,396 [Datanode State Machine Thread - 0] INFO  ozoneimpl.OzoneContainer (OzoneContainer.java:start(232)) - Attempting to start container services.
2020-04-28 15:02:41,399 [Datanode State Machine Thread - 0] INFO  ozoneimpl.OzoneContainer (OzoneContainer.java:startContainerScrub(196)) - Background container scanner has been disabled.
2020-04-28 15:02:41,399 [Datanode State Machine Thread - 0] INFO  ratis.XceiverServerRatis (XceiverServerRatis.java:start(424)) - Starting XceiverServerRatis 0c77baeb-5007-49df-a0df-353f88a59e2b at port 0
2020-04-28 15:02:41,420 [Datanode State Machine Thread - 0] INFO  impl.RaftServerProxy (RaftServerProxy.java:lambda$start$3(299)) - 0c77baeb-5007-49df-a0df-353f88a59e2b: start RPC server
2020-04-28 15:02:41,469 [main] INFO  ozone.MiniOzoneClusterImpl (MiniOzoneClusterImpl.java:lambda$waitForClusterToBeReady$0(177)) - Waiting for nodes to be ready. Got 0 of 10 DN Heartbeats.
2020-04-28 15:02:41,470 [main] INFO  ozone.MiniOzoneClusterImpl (MiniOzoneClusterImpl.java:lambda$waitForClusterToBeReady$0(180)) - Waiting for cluster to exit safe mode
2020-04-28 15:02:41,531 [Datanode State Machine Thread - 0] INFO  server.GrpcService (GrpcService.java:startImpl(159)) - 0c77baeb-5007-49df-a0df-353f88a59e2b: GrpcService started, listening on 0.0.0.0/0.0.0.0:40509
2020-04-28 15:02:41,531 [Datanode State Machine Thread - 0] INFO  ratis.XceiverServerRatis (XceiverServerRatis.java:start(436)) - XceiverServerRatis 0c77baeb-5007-49df-a0df-353f88a59e2b is started using port 40509
2020-04-28 15:02:41,536 [Datanode State Machine Thread - 0] INFO  server.XceiverServerGrpc (XceiverServerGrpc.java:start(145)) - XceiverServerGrpc 0c77baeb-5007-49df-a0df-353f88a59e2b is started using port 38611
2020-04-28 15:02:41,538 [Datanode State Machine Thread - 0] INFO  ozoneimpl.OzoneContainer (OzoneContainer.java:start(232)) - Attempting to start container services.
2020-04-28 15:02:41,545 [Datanode State Machine Thread - 0] INFO  ozoneimpl.OzoneContainer (OzoneContainer.java:startContainerScrub(196)) - Background container scanner has been disabled.
2020-04-28 15:02:41,546 [Datanode State Machine Thread - 0] INFO  ratis.XceiverServerRatis (XceiverServerRatis.java:start(424)) - Starting XceiverServerRatis 205d8ee6-3528-440b-987a-f4bb0a188214 at port 0
2020-04-28 15:02:41,555 [Datanode State Machine Thread - 0] INFO  impl.RaftServerProxy (RaftServerProxy.java:lambda$start$3(299)) - 205d8ee6-3528-440b-987a-f4bb0a188214: start RPC server
2020-04-28 15:02:41,559 [Datanode State Machine Thread - 0] INFO  server.GrpcService (GrpcService.java:startImpl(159)) - 205d8ee6-3528-440b-987a-f4bb0a188214: GrpcService started, listening on 0.0.0.0/0.0.0.0:45945
2020-04-28 15:02:41,559 [Datanode State Machine Thread - 0] INFO  ratis.XceiverServerRatis (XceiverServerRatis.java:start(436)) - XceiverServerRatis 205d8ee6-3528-440b-987a-f4bb0a188214 is started using port 45945
2020-04-28 15:02:41,577 [Datanode State Machine Thread - 0] INFO  server.XceiverServerGrpc (XceiverServerGrpc.java:start(145)) - XceiverServerGrpc 205d8ee6-3528-440b-987a-f4bb0a188214 is started using port 40939
2020-04-28 15:02:41,706 [Datanode State Machine Thread - 0] INFO  ozoneimpl.OzoneContainer (OzoneContainer.java:start(232)) - Attempting to start container services.
2020-04-28 15:02:41,708 [Datanode State Machine Thread - 0] INFO  ozoneimpl.OzoneContainer (OzoneContainer.java:startContainerScrub(196)) - Background container scanner has been disabled.
2020-04-28 15:02:41,708 [Datanode State Machine Thread - 0] INFO  ratis.XceiverServerRatis (XceiverServerRatis.java:start(424)) - Starting XceiverServerRatis cf9b015f-ec05-4d85-a0f4-292d32d317b2 at port 0
2020-04-28 15:02:41,712 [Datanode State Machine Thread - 0] INFO  impl.RaftServerProxy (RaftServerProxy.java:lambda$start$3(299)) - cf9b015f-ec05-4d85-a0f4-292d32d317b2: start RPC server
2020-04-28 15:02:41,721 [Datanode State Machine Thread - 0] INFO  server.GrpcService (GrpcService.java:startImpl(159)) - cf9b015f-ec05-4d85-a0f4-292d32d317b2: GrpcService started, listening on 0.0.0.0/0.0.0.0:40581
2020-04-28 15:02:41,721 [Datanode State Machine Thread - 0] INFO  ratis.XceiverServerRatis (XceiverServerRatis.java:start(436)) - XceiverServerRatis cf9b015f-ec05-4d85-a0f4-292d32d317b2 is started using port 40581
2020-04-28 15:02:41,723 [Datanode State Machine Thread - 0] INFO  server.XceiverServerGrpc (XceiverServerGrpc.java:start(145)) - XceiverServerGrpc cf9b015f-ec05-4d85-a0f4-292d32d317b2 is started using port 46655
2020-04-28 15:02:41,828 [Datanode State Machine Thread - 0] INFO  ozoneimpl.OzoneContainer (OzoneContainer.java:start(232)) - Attempting to start container services.
2020-04-28 15:02:41,828 [Datanode State Machine Thread - 0] INFO  ozoneimpl.OzoneContainer (OzoneContainer.java:startContainerScrub(196)) - Background container scanner has been disabled.
2020-04-28 15:02:41,828 [Datanode State Machine Thread - 0] INFO  ratis.XceiverServerRatis (XceiverServerRatis.java:start(424)) - Starting XceiverServerRatis 5b5a3a79-dd88-4ffc-b00f-5fb4dfac4a04 at port 0
2020-04-28 15:02:41,830 [Datanode State Machine Thread - 0] INFO  impl.RaftServerProxy (RaftServerProxy.java:lambda$start$3(299)) - 5b5a3a79-dd88-4ffc-b00f-5fb4dfac4a04: start RPC server
2020-04-28 15:02:41,832 [Datanode State Machine Thread - 0] INFO  server.GrpcService (GrpcService.java:startImpl(159)) - 5b5a3a79-dd88-4ffc-b00f-5fb4dfac4a04: GrpcService started, listening on 0.0.0.0/0.0.0.0:46387
2020-04-28 15:02:41,832 [Datanode State Machine Thread - 0] INFO  ratis.XceiverServerRatis (XceiverServerRatis.java:start(436)) - XceiverServerRatis 5b5a3a79-dd88-4ffc-b00f-5fb4dfac4a04 is started using port 46387
2020-04-28 15:02:41,834 [Datanode State Machine Thread - 0] INFO  server.XceiverServerGrpc (XceiverServerGrpc.java:start(145)) - XceiverServerGrpc 5b5a3a79-dd88-4ffc-b00f-5fb4dfac4a04 is started using port 36739
2020-04-28 15:02:41,945 [Datanode State Machine Thread - 0] INFO  ozoneimpl.OzoneContainer (OzoneContainer.java:start(232)) - Attempting to start container services.
2020-04-28 15:02:41,946 [Datanode State Machine Thread - 0] INFO  ozoneimpl.OzoneContainer (OzoneContainer.java:startContainerScrub(196)) - Background container scanner has been disabled.
2020-04-28 15:02:41,946 [Datanode State Machine Thread - 0] INFO  ratis.XceiverServerRatis (XceiverServerRatis.java:start(424)) - Starting XceiverServerRatis 5e3ccaa4-afb5-4d31-b7ad-1487e29be196 at port 0
2020-04-28 15:02:41,952 [Datanode State Machine Thread - 0] INFO  impl.RaftServerProxy (RaftServerProxy.java:lambda$start$3(299)) - 5e3ccaa4-afb5-4d31-b7ad-1487e29be196: start RPC server
2020-04-28 15:02:41,954 [Datanode State Machine Thread - 0] INFO  server.GrpcService (GrpcService.java:startImpl(159)) - 5e3ccaa4-afb5-4d31-b7ad-1487e29be196: GrpcService started, listening on 0.0.0.0/0.0.0.0:39853
2020-04-28 15:02:41,954 [Datanode State Machine Thread - 0] INFO  ratis.XceiverServerRatis (XceiverServerRatis.java:start(436)) - XceiverServerRatis 5e3ccaa4-afb5-4d31-b7ad-1487e29be196 is started using port 39853
2020-04-28 15:02:41,956 [Datanode State Machine Thread - 0] INFO  server.XceiverServerGrpc (XceiverServerGrpc.java:start(145)) - XceiverServerGrpc 5e3ccaa4-afb5-4d31-b7ad-1487e29be196 is started using port 44731
2020-04-28 15:02:42,038 [Datanode State Machine Thread - 0] INFO  ozoneimpl.OzoneContainer (OzoneContainer.java:start(232)) - Attempting to start container services.
2020-04-28 15:02:42,038 [Datanode State Machine Thread - 0] INFO  ozoneimpl.OzoneContainer (OzoneContainer.java:startContainerScrub(196)) - Background container scanner has been disabled.
2020-04-28 15:02:42,038 [Datanode State Machine Thread - 0] INFO  ratis.XceiverServerRatis (XceiverServerRatis.java:start(424)) - Starting XceiverServerRatis fe566f1b-c7f2-4e01-8c59-fb4573cfb5f5 at port 0
2020-04-28 15:02:42,039 [Datanode State Machine Thread - 0] INFO  impl.RaftServerProxy (RaftServerProxy.java:lambda$start$3(299)) - fe566f1b-c7f2-4e01-8c59-fb4573cfb5f5: start RPC server
2020-04-28 15:02:42,041 [Datanode State Machine Thread - 0] INFO  server.GrpcService (GrpcService.java:startImpl(159)) - fe566f1b-c7f2-4e01-8c59-fb4573cfb5f5: GrpcService started, listening on 0.0.0.0/0.0.0.0:34109
2020-04-28 15:02:42,041 [Datanode State Machine Thread - 0] INFO  ratis.XceiverServerRatis (XceiverServerRatis.java:start(436)) - XceiverServerRatis fe566f1b-c7f2-4e01-8c59-fb4573cfb5f5 is started using port 34109
2020-04-28 15:02:42,043 [Datanode State Machine Thread - 0] INFO  server.XceiverServerGrpc (XceiverServerGrpc.java:start(145)) - XceiverServerGrpc fe566f1b-c7f2-4e01-8c59-fb4573cfb5f5 is started using port 40441
2020-04-28 15:02:42,134 [Datanode State Machine Thread - 0] INFO  ozoneimpl.OzoneContainer (OzoneContainer.java:start(232)) - Attempting to start container services.
2020-04-28 15:02:42,134 [Datanode State Machine Thread - 0] INFO  ozoneimpl.OzoneContainer (OzoneContainer.java:startContainerScrub(196)) - Background container scanner has been disabled.
2020-04-28 15:02:42,134 [Datanode State Machine Thread - 0] INFO  ratis.XceiverServerRatis (XceiverServerRatis.java:start(424)) - Starting XceiverServerRatis 8fd30f8c-8db6-43a6-adbe-e53ad13705f6 at port 0
2020-04-28 15:02:42,137 [Datanode State Machine Thread - 0] INFO  impl.RaftServerProxy (RaftServerProxy.java:lambda$start$3(299)) - 8fd30f8c-8db6-43a6-adbe-e53ad13705f6: start RPC server
2020-04-28 15:02:42,139 [Datanode State Machine Thread - 0] INFO  server.GrpcService (GrpcService.java:startImpl(159)) - 8fd30f8c-8db6-43a6-adbe-e53ad13705f6: GrpcService started, listening on 0.0.0.0/0.0.0.0:41513
2020-04-28 15:02:42,140 [Datanode State Machine Thread - 0] INFO  ratis.XceiverServerRatis (XceiverServerRatis.java:start(436)) - XceiverServerRatis 8fd30f8c-8db6-43a6-adbe-e53ad13705f6 is started using port 41513
2020-04-28 15:02:42,141 [Datanode State Machine Thread - 0] INFO  server.XceiverServerGrpc (XceiverServerGrpc.java:start(145)) - XceiverServerGrpc 8fd30f8c-8db6-43a6-adbe-e53ad13705f6 is started using port 35043
2020-04-28 15:02:42,233 [Datanode State Machine Thread - 0] INFO  ozoneimpl.OzoneContainer (OzoneContainer.java:start(232)) - Attempting to start container services.
2020-04-28 15:02:42,233 [Datanode State Machine Thread - 0] INFO  ozoneimpl.OzoneContainer (OzoneContainer.java:startContainerScrub(196)) - Background container scanner has been disabled.
2020-04-28 15:02:42,233 [Datanode State Machine Thread - 0] INFO  ratis.XceiverServerRatis (XceiverServerRatis.java:start(424)) - Starting XceiverServerRatis 1e0ded64-a5e7-44ce-aceb-2ea5d9a1bcc3 at port 0
2020-04-28 15:02:42,234 [Datanode State Machine Thread - 0] INFO  impl.RaftServerProxy (RaftServerProxy.java:lambda$start$3(299)) - 1e0ded64-a5e7-44ce-aceb-2ea5d9a1bcc3: start RPC server
2020-04-28 15:02:42,237 [Datanode State Machine Thread - 0] INFO  server.GrpcService (GrpcService.java:startImpl(159)) - 1e0ded64-a5e7-44ce-aceb-2ea5d9a1bcc3: GrpcService started, listening on 0.0.0.0/0.0.0.0:34095
2020-04-28 15:02:42,237 [Datanode State Machine Thread - 0] INFO  ratis.XceiverServerRatis (XceiverServerRatis.java:start(436)) - XceiverServerRatis 1e0ded64-a5e7-44ce-aceb-2ea5d9a1bcc3 is started using port 34095
2020-04-28 15:02:42,239 [Datanode State Machine Thread - 0] INFO  server.XceiverServerGrpc (XceiverServerGrpc.java:start(145)) - XceiverServerGrpc 1e0ded64-a5e7-44ce-aceb-2ea5d9a1bcc3 is started using port 35687
2020-04-28 15:02:42,332 [Datanode State Machine Thread - 0] INFO  ozoneimpl.OzoneContainer (OzoneContainer.java:start(232)) - Attempting to start container services.
2020-04-28 15:02:42,332 [Datanode State Machine Thread - 0] INFO  ozoneimpl.OzoneContainer (OzoneContainer.java:startContainerScrub(196)) - Background container scanner has been disabled.
2020-04-28 15:02:42,332 [Datanode State Machine Thread - 0] INFO  ratis.XceiverServerRatis (XceiverServerRatis.java:start(424)) - Starting XceiverServerRatis d26a0638-14c0-4e4b-8ca0-97e128166950 at port 0
2020-04-28 15:02:42,333 [Datanode State Machine Thread - 0] INFO  impl.RaftServerProxy (RaftServerProxy.java:lambda$start$3(299)) - d26a0638-14c0-4e4b-8ca0-97e128166950: start RPC server
2020-04-28 15:02:42,335 [Datanode State Machine Thread - 0] INFO  server.GrpcService (GrpcService.java:startImpl(159)) - d26a0638-14c0-4e4b-8ca0-97e128166950: GrpcService started, listening on 0.0.0.0/0.0.0.0:33283
2020-04-28 15:02:42,335 [Datanode State Machine Thread - 0] INFO  ratis.XceiverServerRatis (XceiverServerRatis.java:start(436)) - XceiverServerRatis d26a0638-14c0-4e4b-8ca0-97e128166950 is started using port 33283
2020-04-28 15:02:42,337 [Datanode State Machine Thread - 0] INFO  server.XceiverServerGrpc (XceiverServerGrpc.java:start(145)) - XceiverServerGrpc d26a0638-14c0-4e4b-8ca0-97e128166950 is started using port 34641
2020-04-28 15:02:42,470 [main] INFO  ozone.MiniOzoneClusterImpl (MiniOzoneClusterImpl.java:lambda$waitForClusterToBeReady$0(177)) - Waiting for nodes to be ready. Got 0 of 10 DN Heartbeats.
2020-04-28 15:02:42,470 [main] INFO  ozone.MiniOzoneClusterImpl (MiniOzoneClusterImpl.java:lambda$waitForClusterToBeReady$0(180)) - Waiting for cluster to exit safe mode
2020-04-28 15:02:42,480 [Datanode State Machine Thread - 0] INFO  ozoneimpl.OzoneContainer (OzoneContainer.java:start(232)) - Attempting to start container services.
2020-04-28 15:02:42,481 [Datanode State Machine Thread - 0] INFO  ozoneimpl.OzoneContainer (OzoneContainer.java:startContainerScrub(196)) - Background container scanner has been disabled.
2020-04-28 15:02:42,481 [Datanode State Machine Thread - 0] INFO  ratis.XceiverServerRatis (XceiverServerRatis.java:start(424)) - Starting XceiverServerRatis a2593083-2fd9-45f6-bfba-df871aaf4e07 at port 0
2020-04-28 15:02:42,486 [Datanode State Machine Thread - 0] INFO  impl.RaftServerProxy (RaftServerProxy.java:lambda$start$3(299)) - a2593083-2fd9-45f6-bfba-df871aaf4e07: start RPC server
2020-04-28 15:02:42,493 [Datanode State Machine Thread - 0] INFO  server.GrpcService (GrpcService.java:startImpl(159)) - a2593083-2fd9-45f6-bfba-df871aaf4e07: GrpcService started, listening on 0.0.0.0/0.0.0.0:35455
2020-04-28 15:02:42,494 [Datanode State Machine Thread - 0] INFO  ratis.XceiverServerRatis (XceiverServerRatis.java:start(436)) - XceiverServerRatis a2593083-2fd9-45f6-bfba-df871aaf4e07 is started using port 35455
2020-04-28 15:02:42,501 [Datanode State Machine Thread - 0] INFO  server.XceiverServerGrpc (XceiverServerGrpc.java:start(145)) - XceiverServerGrpc a2593083-2fd9-45f6-bfba-df871aaf4e07 is started using port 43247
2020-04-28 15:02:43,322 [IPC Server handler 9 on 35921] INFO  net.NetworkTopology (NetworkTopologyImpl.java:add(111)) - Added a new node: /default-rack/0c77baeb-5007-49df-a0df-353f88a59e2b
2020-04-28 15:02:43,323 [IPC Server handler 9 on 35921] INFO  node.SCMNodeManager (SCMNodeManager.java:register(268)) - Registered Data node : 0c77baeb-5007-49df-a0df-353f88a59e2b{ip: 172.17.0.2, host: f2af4a476004, networkLocation: /default-rack, certSerialId: null}
2020-04-28 15:02:43,329 [EventQueue-NodeRegistrationContainerReportForDataNodeSafeModeRule] INFO  safemode.SCMSafeModeManager (DataNodeSafeModeRule.java:process(71)) - SCM in safe mode. 1 DataNodes registered, 1 required.
2020-04-28 15:02:43,329 [EventQueue-NodeRegistrationContainerReportForDataNodeSafeModeRule] INFO  safemode.SCMSafeModeManager (SCMSafeModeManager.java:validateSafeModeExitRules(213)) - DataNodeSafeModeRule rule is successfully validated
2020-04-28 15:02:43,329 [EventQueue-NodeRegistrationContainerReportForDataNodeSafeModeRule] INFO  safemode.SCMSafeModeManager (SCMSafeModeManager.java:completePreCheck(241)) - All SCM safe mode pre check rules have passed
2020-04-28 15:02:43,334 [EventQueue-NodeRegistrationContainerReportForContainerSafeModeRule] INFO  safemode.SCMSafeModeManager (SCMSafeModeManager.java:validateSafeModeExitRules(213)) - ContainerSafeModeRule rule is successfully validated
2020-04-28 15:02:43,338 [RatisPipelineUtilsThread] INFO  pipeline.RatisPipelineProvider (RatisPipelineProvider.java:lambda$create$0(138)) - Sending CreatePipelineCommand for pipeline:PipelineID=83cdbb6d-8a93-4fb9-9bc6-6949299dfb55 to datanode:0c77baeb-5007-49df-a0df-353f88a59e2b
2020-04-28 15:02:43,351 [RatisPipelineUtilsThread] INFO  pipeline.PipelineStateManager (PipelineStateManager.java:addPipeline(54)) - Created pipeline Pipeline[ Id: 83cdbb6d-8a93-4fb9-9bc6-6949299dfb55, Nodes: 0c77baeb-5007-49df-a0df-353f88a59e2b{ip: 172.17.0.2, host: f2af4a476004, networkLocation: /default-rack, certSerialId: null}, Type:RATIS, Factor:ONE, State:ALLOCATED, leaderId:null, CreationTimestamp2020-04-28T15:02:43.333Z]
2020-04-28 15:02:43,355 [RatisPipelineUtilsThread] ERROR pipeline.SCMPipelineManager (SCMPipelineManager.java:createPipeline(222)) - Failed to create pipeline of type RATIS and factor ONE. Exception: Cannot create pipeline of factor 1 using 0 nodes. Used 1 nodes. Healthy nodes 1
2020-04-28 15:02:43,357 [RatisPipelineUtilsThread] WARN  pipeline.PipelinePlacementPolicy (PipelinePlacementPolicy.java:filterViableNodes(132)) - Pipeline creation failed due to no sufficient healthy datanodes. Required 3. Found 1.
2020-04-28 15:02:43,357 [RatisPipelineUtilsThread] ERROR pipeline.SCMPipelineManager (SCMPipelineManager.java:createPipeline(222)) - Failed to create pipeline of type RATIS and factor THREE. Exception: Pipeline creation failed due to no sufficient healthy datanodes. Required 3. Found 1.
2020-04-28 15:02:43,470 [main] INFO  ozone.MiniOzoneClusterImpl (MiniOzoneClusterImpl.java:lambda$waitForClusterToBeReady$0(177)) - Waiting for nodes to be ready. Got 1 of 10 DN Heartbeats.
2020-04-28 15:02:43,471 [main] INFO  ozone.MiniOzoneClusterImpl (MiniOzoneClusterImpl.java:lambda$waitForClusterToBeReady$0(180)) - Waiting for cluster to exit safe mode
2020-04-28 15:02:43,535 [IPC Server handler 3 on 35921] INFO  net.NetworkTopology (NetworkTopologyImpl.java:add(111)) - Added a new node: /default-rack/205d8ee6-3528-440b-987a-f4bb0a188214
2020-04-28 15:02:43,536 [IPC Server handler 3 on 35921] INFO  node.SCMNodeManager (SCMNodeManager.java:register(268)) - Registered Data node : 205d8ee6-3528-440b-987a-f4bb0a188214{ip: 172.17.0.2, host: f2af4a476004, networkLocation: /default-rack, certSerialId: null}
2020-04-28 15:02:43,536 [EventQueue-NodeRegistrationContainerReportForDataNodeSafeModeRule] INFO  safemode.SCMSafeModeManager (SCMSafeModeManager.java:validateSafeModeExitRules(213)) - DataNodeSafeModeRule rule is successfully validated
2020-04-28 15:02:43,536 [EventQueue-NodeRegistrationContainerReportForContainerSafeModeRule] INFO  safemode.SCMSafeModeManager (SCMSafeModeManager.java:validateSafeModeExitRules(213)) - ContainerSafeModeRule rule is successfully validated
2020-04-28 15:02:43,539 [RatisPipelineUtilsThread] INFO  pipeline.RatisPipelineProvider (RatisPipelineProvider.java:lambda$create$0(138)) - Sending CreatePipelineCommand for pipeline:PipelineID=58bf1ec3-27f9-4e65-9c18-069bc186e831 to datanode:205d8ee6-3528-440b-987a-f4bb0a188214
2020-04-28 15:02:43,539 [RatisPipelineUtilsThread] INFO  pipeline.PipelineStateManager (PipelineStateManager.java:addPipeline(54)) - Created pipeline Pipeline[ Id: 58bf1ec3-27f9-4e65-9c18-069bc186e831, Nodes: 205d8ee6-3528-440b-987a-f4bb0a188214{ip: 172.17.0.2, host: f2af4a476004, networkLocation: /default-rack, certSerialId: null}, Type:RATIS, Factor:ONE, State:ALLOCATED, leaderId:null, CreationTimestamp2020-04-28T15:02:43.539Z]
2020-04-28 15:02:43,541 [RatisPipelineUtilsThread] ERROR pipeline.SCMPipelineManager (SCMPipelineManager.java:createPipeline(222)) - Failed to create pipeline of type RATIS and factor ONE. Exception: Cannot create pipeline of factor 1 using 0 nodes. Used 2 nodes. Healthy nodes 2
2020-04-28 15:02:43,541 [RatisPipelineUtilsThread] WARN  pipeline.PipelinePlacementPolicy (PipelinePlacementPolicy.java:filterViableNodes(132)) - Pipeline creation failed due to no sufficient healthy datanodes. Required 3. Found 2.
2020-04-28 15:02:43,541 [RatisPipelineUtilsThread] ERROR pipeline.SCMPipelineManager (SCMPipelineManager.java:createPipeline(222)) - Failed to create pipeline of type RATIS and factor THREE. Exception: Pipeline creation failed due to no sufficient healthy datanodes. Required 3. Found 2.
2020-04-28 15:02:43,704 [IPC Server handler 2 on 35921] INFO  net.NetworkTopology (NetworkTopologyImpl.java:add(111)) - Added a new node: /default-rack/cf9b015f-ec05-4d85-a0f4-292d32d317b2
2020-04-28 15:02:43,705 [IPC Server handler 2 on 35921] INFO  node.SCMNodeManager (SCMNodeManager.java:register(268)) - Registered Data node : cf9b015f-ec05-4d85-a0f4-292d32d317b2{ip: 172.17.0.2, host: f2af4a476004, networkLocation: /default-rack, certSerialId: null}
2020-04-28 15:02:43,705 [RatisPipelineUtilsThread] INFO  pipeline.RatisPipelineProvider (RatisPipelineProvider.java:lambda$create$0(138)) - Sending CreatePipelineCommand for pipeline:PipelineID=16d79ac3-8bb7-49d4-9322-25451118a216 to datanode:cf9b015f-ec05-4d85-a0f4-292d32d317b2
2020-04-28 15:02:43,705 [EventQueue-NodeRegistrationContainerReportForDataNodeSafeModeRule] INFO  safemode.SCMSafeModeManager (SCMSafeModeManager.java:validateSafeModeExitRules(213)) - DataNodeSafeModeRule rule is successfully validated
2020-04-28 15:02:43,705 [EventQueue-NodeRegistrationContainerReportForContainerSafeModeRule] INFO  safemode.SCMSafeModeManager (SCMSafeModeManager.java:validateSafeModeExitRules(213)) - ContainerSafeModeRule rule is successfully validated
2020-04-28 15:02:43,706 [RatisPipelineUtilsThread] INFO  pipeline.PipelineStateManager (PipelineStateManager.java:addPipeline(54)) - Created pipeline Pipeline[ Id: 16d79ac3-8bb7-49d4-9322-25451118a216, Nodes: cf9b015f-ec05-4d85-a0f4-292d32d317b2{ip: 172.17.0.2, host: f2af4a476004, networkLocation: /default-rack, certSerialId: null}, Type:RATIS, Factor:ONE, State:ALLOCATED, leaderId:null, CreationTimestamp2020-04-28T15:02:43.705Z]
2020-04-28 15:02:43,706 [RatisPipelineUtilsThread] ERROR pipeline.SCMPipelineManager (SCMPipelineManager.java:createPipeline(222)) - Failed to create pipeline of type RATIS and factor ONE. Exception: Cannot create pipeline of factor 1 using 0 nodes. Used 3 nodes. Healthy nodes 3
2020-04-28 15:02:43,713 [RatisPipelineUtilsThread] INFO  pipeline.RatisPipelineProvider (RatisPipelineProvider.java:lambda$create$0(138)) - Sending CreatePipelineCommand for pipeline:PipelineID=f03e2499-b46c-4520-994d-419133a17c64 to datanode:205d8ee6-3528-440b-987a-f4bb0a188214
2020-04-28 15:02:43,714 [RatisPipelineUtilsThread] INFO  pipeline.RatisPipelineProvider (RatisPipelineProvider.java:lambda$create$0(138)) - Sending CreatePipelineCommand for pipeline:PipelineID=f03e2499-b46c-4520-994d-419133a17c64 to datanode:0c77baeb-5007-49df-a0df-353f88a59e2b
2020-04-28 15:02:43,714 [RatisPipelineUtilsThread] INFO  pipeline.RatisPipelineProvider (RatisPipelineProvider.java:lambda$create$0(138)) - Sending CreatePipelineCommand for pipeline:PipelineID=f03e2499-b46c-4520-994d-419133a17c64 to datanode:cf9b015f-ec05-4d85-a0f4-292d32d317b2
2020-04-28 15:02:43,715 [RatisPipelineUtilsThread] INFO  pipeline.PipelineStateManager (PipelineStateManager.java:addPipeline(54)) - Created pipeline Pipeline[ Id: f03e2499-b46c-4520-994d-419133a17c64, Nodes: 205d8ee6-3528-440b-987a-f4bb0a188214{ip: 172.17.0.2, host: f2af4a476004, networkLocation: /default-rack, certSerialId: null}0c77baeb-5007-49df-a0df-353f88a59e2b{ip: 172.17.0.2, host: f2af4a476004, networkLocation: /default-rack, certSerialId: null}cf9b015f-ec05-4d85-a0f4-292d32d317b2{ip: 172.17.0.2, host: f2af4a476004, networkLocation: /default-rack, certSerialId: null}, Type:RATIS, Factor:THREE, State:ALLOCATED, leaderId:null, CreationTimestamp2020-04-28T15:02:43.713Z]
2020-04-28 15:02:43,716 [RatisPipelineUtilsThread] ERROR pipeline.SCMPipelineManager (SCMPipelineManager.java:createPipeline(222)) - Failed to create pipeline of type RATIS and factor THREE. Exception: Pipeline creation failed because nodes are engaged in other pipelines and every node can only be engaged in max 2 pipelines. Required 3. Found 0
2020-04-28 15:02:43,827 [IPC Server handler 1 on 35921] INFO  net.NetworkTopology (NetworkTopologyImpl.java:add(111)) - Added a new node: /default-rack/5b5a3a79-dd88-4ffc-b00f-5fb4dfac4a04
2020-04-28 15:02:43,827 [IPC Server handler 1 on 35921] INFO  node.SCMNodeManager (SCMNodeManager.java:register(268)) - Registered Data node : 5b5a3a79-dd88-4ffc-b00f-5fb4dfac4a04{ip: 172.17.0.2, host: f2af4a476004, networkLocation: /default-rack, certSerialId: null}
2020-04-28 15:02:43,828 [EventQueue-NodeRegistrationContainerReportForDataNodeSafeModeRule] INFO  safemode.SCMSafeModeManager (SCMSafeModeManager.java:validateSafeModeExitRules(213)) - DataNodeSafeModeRule rule is successfully validated
2020-04-28 15:02:43,828 [EventQueue-NodeRegistrationContainerReportForContainerSafeModeRule] INFO  safemode.SCMSafeModeManager (SCMSafeModeManager.java:validateSafeModeExitRules(213)) - ContainerSafeModeRule rule is successfully validated
2020-04-28 15:02:43,829 [RatisPipelineUtilsThread] INFO  pipeline.RatisPipelineProvider (RatisPipelineProvider.java:lambda$create$0(138)) - Sending CreatePipelineCommand for pipeline:PipelineID=8ec51516-e6a9-43cd-bb2b-6b0cc013e863 to datanode:5b5a3a79-dd88-4ffc-b00f-5fb4dfac4a04
2020-04-28 15:02:43,830 [RatisPipelineUtilsThread] INFO  pipeline.PipelineStateManager (PipelineStateManager.java:addPipeline(54)) - Created pipeline Pipeline[ Id: 8ec51516-e6a9-43cd-bb2b-6b0cc013e863, Nodes: 5b5a3a79-dd88-4ffc-b00f-5fb4dfac4a04{ip: 172.17.0.2, host: f2af4a476004, networkLocation: /default-rack, certSerialId: null}, Type:RATIS, Factor:ONE, State:ALLOCATED, leaderId:null, CreationTimestamp2020-04-28T15:02:43.829Z]
2020-04-28 15:02:43,830 [RatisPipelineUtilsThread] ERROR pipeline.SCMPipelineManager (SCMPipelineManager.java:createPipeline(222)) - Failed to create pipeline of type RATIS and factor ONE. Exception: Cannot create pipeline of factor 1 using 0 nodes. Used 4 nodes. Healthy nodes 4
2020-04-28 15:02:43,831 [RatisPipelineUtilsThread] ERROR pipeline.SCMPipelineManager (SCMPipelineManager.java:createPipeline(222)) - Failed to create pipeline of type RATIS and factor THREE. Exception: Pipeline creation failed because nodes are engaged in other pipelines and every node can only be engaged in max 2 pipelines. Required 3. Found 1
2020-04-28 15:02:43,950 [IPC Server handler 0 on 35921] INFO  net.NetworkTopology (NetworkTopologyImpl.java:add(111)) - Added a new node: /default-rack/5e3ccaa4-afb5-4d31-b7ad-1487e29be196
2020-04-28 15:02:43,950 [IPC Server handler 0 on 35921] INFO  node.SCMNodeManager (SCMNodeManager.java:register(268)) - Registered Data node : 5e3ccaa4-afb5-4d31-b7ad-1487e29be196{ip: 172.17.0.2, host: f2af4a476004, networkLocation: /default-rack, certSerialId: null}
2020-04-28 15:02:43,951 [EventQueue-NodeRegistrationContainerReportForDataNodeSafeModeRule] INFO  safemode.SCMSafeModeManager (SCMSafeModeManager.java:validateSafeModeExitRules(213)) - DataNodeSafeModeRule rule is successfully validated
2020-04-28 15:02:43,951 [EventQueue-NodeRegistrationContainerReportForContainerSafeModeRule] INFO  safemode.SCMSafeModeManager (SCMSafeModeManager.java:validateSafeModeExitRules(213)) - ContainerSafeModeRule rule is successfully validated
2020-04-28 15:02:43,952 [RatisPipelineUtilsThread] INFO  pipeline.RatisPipelineProvider (RatisPipelineProvider.java:lambda$create$0(138)) - Sending CreatePipelineCommand for pipeline:PipelineID=9a1edbb1-a8ac-48ba-85dd-0605cbf2cc84 to datanode:5e3ccaa4-afb5-4d31-b7ad-1487e29be196
2020-04-28 15:02:43,952 [RatisPipelineUtilsThread] INFO  pipeline.PipelineStateManager (PipelineStateManager.java:addPipeline(54)) - Created pipeline Pipeline[ Id: 9a1edbb1-a8ac-48ba-85dd-0605cbf2cc84, Nodes: 5e3ccaa4-afb5-4d31-b7ad-1487e29be196{ip: 172.17.0.2, host: f2af4a476004, networkLocation: /default-rack, certSerialId: null}, Type:RATIS, Factor:ONE, State:ALLOCATED, leaderId:null, CreationTimestamp2020-04-28T15:02:43.952Z]
2020-04-28 15:02:43,953 [RatisPipelineUtilsThread] ERROR pipeline.SCMPipelineManager (SCMPipelineManager.java:createPipeline(222)) - Failed to create pipeline of type RATIS and factor ONE. Exception: Cannot create pipeline of factor 1 using 0 nodes. Used 5 nodes. Healthy nodes 5
2020-04-28 15:02:43,953 [RatisPipelineUtilsThread] ERROR pipeline.SCMPipelineManager (SCMPipelineManager.java:createPipeline(222)) - Failed to create pipeline of type RATIS and factor THREE. Exception: Pipeline creation failed because nodes are engaged in other pipelines and every node can only be engaged in max 2 pipelines. Required 3. Found 2
2020-04-28 15:02:44,038 [IPC Server handler 8 on 35921] INFO  net.NetworkTopology (NetworkTopologyImpl.java:add(111)) - Added a new node: /default-rack/fe566f1b-c7f2-4e01-8c59-fb4573cfb5f5
2020-04-28 15:02:44,038 [IPC Server handler 8 on 35921] INFO  node.SCMNodeManager (SCMNodeManager.java:register(268)) - Registered Data node : fe566f1b-c7f2-4e01-8c59-fb4573cfb5f5{ip: 172.17.0.2, host: f2af4a476004, networkLocation: /default-rack, certSerialId: null}
2020-04-28 15:02:44,039 [EventQueue-NodeRegistrationContainerReportForDataNodeSafeModeRule] INFO  safemode.SCMSafeModeManager (SCMSafeModeManager.java:validateSafeModeExitRules(213)) - DataNodeSafeModeRule rule is successfully validated
2020-04-28 15:02:44,044 [EventQueue-NodeRegistrationContainerReportForContainerSafeModeRule] INFO  safemode.SCMSafeModeManager (SCMSafeModeManager.java:validateSafeModeExitRules(213)) - ContainerSafeModeRule rule is successfully validated
2020-04-28 15:02:44,046 [RatisPipelineUtilsThread] INFO  pipeline.RatisPipelineProvider (RatisPipelineProvider.java:lambda$create$0(138)) - Sending CreatePipelineCommand for pipeline:PipelineID=0b8d105f-3925-42b7-8c08-64a64f1cde29 to datanode:fe566f1b-c7f2-4e01-8c59-fb4573cfb5f5
2020-04-28 15:02:44,047 [RatisPipelineUtilsThread] INFO  pipeline.PipelineStateManager (PipelineStateManager.java:addPipeline(54)) - Created pipeline Pipeline[ Id: 0b8d105f-3925-42b7-8c08-64a64f1cde29, Nodes: fe566f1b-c7f2-4e01-8c59-fb4573cfb5f5{ip: 172.17.0.2, host: f2af4a476004, networkLocation: /default-rack, certSerialId: null}, Type:RATIS, Factor:ONE, State:ALLOCATED, leaderId:null, CreationTimestamp2020-04-28T15:02:44.046Z]
2020-04-28 15:02:44,047 [RatisPipelineUtilsThread] ERROR pipeline.SCMPipelineManager (SCMPipelineManager.java:createPipeline(222)) - Failed to create pipeline of type RATIS and factor ONE. Exception: Cannot create pipeline of factor 1 using 0 nodes. Used 6 nodes. Healthy nodes 6
2020-04-28 15:02:44,048 [RatisPipelineUtilsThread] INFO  pipeline.RatisPipelineProvider (RatisPipelineProvider.java:lambda$create$0(138)) - Sending CreatePipelineCommand for pipeline:PipelineID=7c79c05b-75ce-4765-ab03-6a808adaf50f to datanode:5b5a3a79-dd88-4ffc-b00f-5fb4dfac4a04
2020-04-28 15:02:44,048 [RatisPipelineUtilsThread] INFO  pipeline.RatisPipelineProvider (RatisPipelineProvider.java:lambda$create$0(138)) - Sending CreatePipelineCommand for pipeline:PipelineID=7c79c05b-75ce-4765-ab03-6a808adaf50f to datanode:fe566f1b-c7f2-4e01-8c59-fb4573cfb5f5
2020-04-28 15:02:44,048 [RatisPipelineUtilsThread] INFO  pipeline.RatisPipelineProvider (RatisPipelineProvider.java:lambda$create$0(138)) - Sending CreatePipelineCommand for pipeline:PipelineID=7c79c05b-75ce-4765-ab03-6a808adaf50f to datanode:5e3ccaa4-afb5-4d31-b7ad-1487e29be196
2020-04-28 15:02:44,048 [RatisPipelineUtilsThread] INFO  pipeline.PipelineStateManager (PipelineStateManager.java:addPipeline(54)) - Created pipeline Pipeline[ Id: 7c79c05b-75ce-4765-ab03-6a808adaf50f, Nodes: 5b5a3a79-dd88-4ffc-b00f-5fb4dfac4a04{ip: 172.17.0.2, host: f2af4a476004, networkLocation: /default-rack, certSerialId: null}fe566f1b-c7f2-4e01-8c59-fb4573cfb5f5{ip: 172.17.0.2, host: f2af4a476004, networkLocation: /default-rack, certSerialId: null}5e3ccaa4-afb5-4d31-b7ad-1487e29be196{ip: 172.17.0.2, host: f2af4a476004, networkLocation: /default-rack, certSerialId: null}, Type:RATIS, Factor:THREE, State:ALLOCATED, leaderId:null, CreationTimestamp2020-04-28T15:02:44.048Z]
2020-04-28 15:02:44,049 [RatisPipelineUtilsThread] ERROR pipeline.SCMPipelineManager (SCMPipelineManager.java:createPipeline(222)) - Failed to create pipeline of type RATIS and factor THREE. Exception: Pipeline creation failed because nodes are engaged in other pipelines and every node can only be engaged in max 2 pipelines. Required 3. Found 0
2020-04-28 15:02:44,133 [IPC Server handler 4 on 35921] INFO  net.NetworkTopology (NetworkTopologyImpl.java:add(111)) - Added a new node: /default-rack/8fd30f8c-8db6-43a6-adbe-e53ad13705f6
2020-04-28 15:02:44,134 [IPC Server handler 4 on 35921] INFO  node.SCMNodeManager (SCMNodeManager.java:register(268)) - Registered Data node : 8fd30f8c-8db6-43a6-adbe-e53ad13705f6{ip: 172.17.0.2, host: f2af4a476004, networkLocation: /default-rack, certSerialId: null}
2020-04-28 15:02:44,134 [EventQueue-NodeRegistrationContainerReportForDataNodeSafeModeRule] INFO  safemode.SCMSafeModeManager (SCMSafeModeManager.java:validateSafeModeExitRules(213)) - DataNodeSafeModeRule rule is successfully validated
2020-04-28 15:02:44,134 [EventQueue-NodeRegistrationContainerReportForContainerSafeModeRule] INFO  safemode.SCMSafeModeManager (SCMSafeModeManager.java:validateSafeModeExitRules(213)) - ContainerSafeModeRule rule is successfully validated
2020-04-28 15:02:44,135 [RatisPipelineUtilsThread] INFO  pipeline.RatisPipelineProvider (RatisPipelineProvider.java:lambda$create$0(138)) - Sending CreatePipelineCommand for pipeline:PipelineID=dde18981-6048-428c-9257-3383c24f2aeb to datanode:8fd30f8c-8db6-43a6-adbe-e53ad13705f6
2020-04-28 15:02:44,135 [RatisPipelineUtilsThread] INFO  pipeline.PipelineStateManager (PipelineStateManager.java:addPipeline(54)) - Created pipeline Pipeline[ Id: dde18981-6048-428c-9257-3383c24f2aeb, Nodes: 8fd30f8c-8db6-43a6-adbe-e53ad13705f6{ip: 172.17.0.2, host: f2af4a476004, networkLocation: /default-rack, certSerialId: null}, Type:RATIS, Factor:ONE, State:ALLOCATED, leaderId:null, CreationTimestamp2020-04-28T15:02:44.135Z]
2020-04-28 15:02:44,136 [RatisPipelineUtilsThread] ERROR pipeline.SCMPipelineManager (SCMPipelineManager.java:createPipeline(222)) - Failed to create pipeline of type RATIS and factor ONE. Exception: Cannot create pipeline of factor 1 using 0 nodes. Used 7 nodes. Healthy nodes 7
2020-04-28 15:02:44,136 [RatisPipelineUtilsThread] ERROR pipeline.SCMPipelineManager (SCMPipelineManager.java:createPipeline(222)) - Failed to create pipeline of type RATIS and factor THREE. Exception: Pipeline creation failed because nodes are engaged in other pipelines and every node can only be engaged in max 2 pipelines. Required 3. Found 1
2020-04-28 15:02:44,232 [IPC Server handler 9 on 35921] INFO  net.NetworkTopology (NetworkTopologyImpl.java:add(111)) - Added a new node: /default-rack/1e0ded64-a5e7-44ce-aceb-2ea5d9a1bcc3
2020-04-28 15:02:44,232 [IPC Server handler 9 on 35921] INFO  node.SCMNodeManager (SCMNodeManager.java:register(268)) - Registered Data node : 1e0ded64-a5e7-44ce-aceb-2ea5d9a1bcc3{ip: 172.17.0.2, host: f2af4a476004, networkLocation: /default-rack, certSerialId: null}
2020-04-28 15:02:44,232 [RatisPipelineUtilsThread] INFO  pipeline.RatisPipelineProvider (RatisPipelineProvider.java:lambda$create$0(138)) - Sending CreatePipelineCommand for pipeline:PipelineID=f69d44c7-39e5-4f3b-9ac5-5450c395af44 to datanode:1e0ded64-a5e7-44ce-aceb-2ea5d9a1bcc3
2020-04-28 15:02:44,233 [EventQueue-NodeRegistrationContainerReportForDataNodeSafeModeRule] INFO  safemode.SCMSafeModeManager (SCMSafeModeManager.java:validateSafeModeExitRules(213)) - DataNodeSafeModeRule rule is successfully validated
2020-04-28 15:02:44,233 [RatisPipelineUtilsThread] INFO  pipeline.PipelineStateManager (PipelineStateManager.java:addPipeline(54)) - Created pipeline Pipeline[ Id: f69d44c7-39e5-4f3b-9ac5-5450c395af44, Nodes: 1e0ded64-a5e7-44ce-aceb-2ea5d9a1bcc3{ip: 172.17.0.2, host: f2af4a476004, networkLocation: /default-rack, certSerialId: null}, Type:RATIS, Factor:ONE, State:ALLOCATED, leaderId:null, CreationTimestamp2020-04-28T15:02:44.232Z]
2020-04-28 15:02:44,234 [EventQueue-NodeRegistrationContainerReportForContainerSafeModeRule] INFO  safemode.SCMSafeModeManager (SCMSafeModeManager.java:validateSafeModeExitRules(213)) - ContainerSafeModeRule rule is successfully validated
2020-04-28 15:02:44,234 [RatisPipelineUtilsThread] ERROR pipeline.SCMPipelineManager (SCMPipelineManager.java:createPipeline(222)) - Failed to create pipeline of type RATIS and factor ONE. Exception: Cannot create pipeline of factor 1 using 0 nodes. Used 8 nodes. Healthy nodes 8
2020-04-28 15:02:44,234 [RatisPipelineUtilsThread] ERROR pipeline.SCMPipelineManager (SCMPipelineManager.java:createPipeline(222)) - Failed to create pipeline of type RATIS and factor THREE. Exception: Pipeline creation failed because nodes are engaged in other pipelines and every node can only be engaged in max 2 pipelines. Required 3. Found 2
2020-04-28 15:02:44,333 [IPC Server handler 10 on 35921] INFO  net.NetworkTopology (NetworkTopologyImpl.java:add(111)) - Added a new node: /default-rack/d26a0638-14c0-4e4b-8ca0-97e128166950
2020-04-28 15:02:44,335 [IPC Server handler 10 on 35921] INFO  node.SCMNodeManager (SCMNodeManager.java:register(268)) - Registered Data node : d26a0638-14c0-4e4b-8ca0-97e128166950{ip: 172.17.0.2, host: f2af4a476004, networkLocation: /default-rack, certSerialId: null}
2020-04-28 15:02:44,336 [EventQueue-NodeRegistrationContainerReportForDataNodeSafeModeRule] INFO  safemode.SCMSafeModeManager (SCMSafeModeManager.java:validateSafeModeExitRules(213)) - DataNodeSafeModeRule rule is successfully validated
2020-04-28 15:02:44,336 [EventQueue-NodeRegistrationContainerReportForContainerSafeModeRule] INFO  safemode.SCMSafeModeManager (SCMSafeModeManager.java:validateSafeModeExitRules(213)) - ContainerSafeModeRule rule is successfully validated
2020-04-28 15:02:44,337 [RatisPipelineUtilsThread] INFO  pipeline.RatisPipelineProvider (RatisPipelineProvider.java:lambda$create$0(138)) - Sending CreatePipelineCommand for pipeline:PipelineID=bdcfc262-63cf-462a-a589-b7de079d217a to datanode:d26a0638-14c0-4e4b-8ca0-97e128166950
2020-04-28 15:02:44,338 [RatisPipelineUtilsThread] INFO  pipeline.PipelineStateManager (PipelineStateManager.java:addPipeline(54)) - Created pipeline Pipeline[ Id: bdcfc262-63cf-462a-a589-b7de079d217a, Nodes: d26a0638-14c0-4e4b-8ca0-97e128166950{ip: 172.17.0.2, host: f2af4a476004, networkLocation: /default-rack, certSerialId: null}, Type:RATIS, Factor:ONE, State:ALLOCATED, leaderId:null, CreationTimestamp2020-04-28T15:02:44.337Z]
2020-04-28 15:02:44,339 [RatisPipelineUtilsThread] ERROR pipeline.SCMPipelineManager (SCMPipelineManager.java:createPipeline(222)) - Failed to create pipeline of type RATIS and factor ONE. Exception: Cannot create pipeline of factor 1 using 0 nodes. Used 9 nodes. Healthy nodes 9
2020-04-28 15:02:44,339 [RatisPipelineUtilsThread] INFO  pipeline.RatisPipelineProvider (RatisPipelineProvider.java:lambda$create$0(138)) - Sending CreatePipelineCommand for pipeline:PipelineID=c242f8af-fb8d-4893-b26b-59dc44b9702a to datanode:8fd30f8c-8db6-43a6-adbe-e53ad13705f6
2020-04-28 15:02:44,339 [RatisPipelineUtilsThread] INFO  pipeline.RatisPipelineProvider (RatisPipelineProvider.java:lambda$create$0(138)) - Sending CreatePipelineCommand for pipeline:PipelineID=c242f8af-fb8d-4893-b26b-59dc44b9702a to datanode:1e0ded64-a5e7-44ce-aceb-2ea5d9a1bcc3
2020-04-28 15:02:44,339 [RatisPipelineUtilsThread] INFO  pipeline.RatisPipelineProvider (RatisPipelineProvider.java:lambda$create$0(138)) - Sending CreatePipelineCommand for pipeline:PipelineID=c242f8af-fb8d-4893-b26b-59dc44b9702a to datanode:d26a0638-14c0-4e4b-8ca0-97e128166950
2020-04-28 15:02:44,340 [RatisPipelineUtilsThread] INFO  pipeline.PipelineStateManager (PipelineStateManager.java:addPipeline(54)) - Created pipeline Pipeline[ Id: c242f8af-fb8d-4893-b26b-59dc44b9702a, Nodes: 8fd30f8c-8db6-43a6-adbe-e53ad13705f6{ip: 172.17.0.2, host: f2af4a476004, networkLocation: /default-rack, certSerialId: null}1e0ded64-a5e7-44ce-aceb-2ea5d9a1bcc3{ip: 172.17.0.2, host: f2af4a476004, networkLocation: /default-rack, certSerialId: null}d26a0638-14c0-4e4b-8ca0-97e128166950{ip: 172.17.0.2, host: f2af4a476004, networkLocation: /default-rack, certSerialId: null}, Type:RATIS, Factor:THREE, State:ALLOCATED, leaderId:null, CreationTimestamp2020-04-28T15:02:44.339Z]
2020-04-28 15:02:44,340 [RatisPipelineUtilsThread] ERROR pipeline.SCMPipelineManager (SCMPipelineManager.java:createPipeline(222)) - Failed to create pipeline of type RATIS and factor THREE. Exception: Pipeline creation failed because nodes are engaged in other pipelines and every node can only be engaged in max 2 pipelines. Required 3. Found 0
2020-04-28 15:02:44,471 [main] INFO  ozone.MiniOzoneClusterImpl (MiniOzoneClusterImpl.java:lambda$waitForClusterToBeReady$0(177)) - Waiting for nodes to be ready. Got 9 of 10 DN Heartbeats.
2020-04-28 15:02:44,472 [main] INFO  ozone.MiniOzoneClusterImpl (MiniOzoneClusterImpl.java:lambda$waitForClusterToBeReady$0(180)) - Waiting for cluster to exit safe mode
2020-04-28 15:02:44,477 [IPC Server handler 5 on 35921] INFO  net.NetworkTopology (NetworkTopologyImpl.java:add(111)) - Added a new node: /default-rack/a2593083-2fd9-45f6-bfba-df871aaf4e07
2020-04-28 15:02:44,477 [IPC Server handler 5 on 35921] INFO  node.SCMNodeManager (SCMNodeManager.java:register(268)) - Registered Data node : a2593083-2fd9-45f6-bfba-df871aaf4e07{ip: 172.17.0.2, host: f2af4a476004, networkLocation: /default-rack, certSerialId: null}
2020-04-28 15:02:44,478 [EventQueue-NodeRegistrationContainerReportForDataNodeSafeModeRule] INFO  safemode.SCMSafeModeManager (SCMSafeModeManager.java:validateSafeModeExitRules(213)) - DataNodeSafeModeRule rule is successfully validated
2020-04-28 15:02:44,478 [EventQueue-NodeRegistrationContainerReportForContainerSafeModeRule] INFO  safemode.SCMSafeModeManager (SCMSafeModeManager.java:validateSafeModeExitRules(213)) - ContainerSafeModeRule rule is successfully validated
2020-04-28 15:02:44,479 [RatisPipelineUtilsThread] INFO  pipeline.RatisPipelineProvider (RatisPipelineProvider.java:lambda$create$0(138)) - Sending CreatePipelineCommand for pipeline:PipelineID=c2746698-2017-4774-9e29-19dcf45b0c69 to datanode:a2593083-2fd9-45f6-bfba-df871aaf4e07
2020-04-28 15:02:44,479 [RatisPipelineUtilsThread] INFO  pipeline.PipelineStateManager (PipelineStateManager.java:addPipeline(54)) - Created pipeline Pipeline[ Id: c2746698-2017-4774-9e29-19dcf45b0c69, Nodes: a2593083-2fd9-45f6-bfba-df871aaf4e07{ip: 172.17.0.2, host: f2af4a476004, networkLocation: /default-rack, certSerialId: null}, Type:RATIS, Factor:ONE, State:ALLOCATED, leaderId:null, CreationTimestamp2020-04-28T15:02:44.479Z]
2020-04-28 15:02:44,480 [RatisPipelineUtilsThread] ERROR pipeline.SCMPipelineManager (SCMPipelineManager.java:createPipeline(222)) - Failed to create pipeline of type RATIS and factor ONE. Exception: Cannot create pipeline of factor 1 using 0 nodes. Used 10 nodes. Healthy nodes 10
2020-04-28 15:02:44,480 [RatisPipelineUtilsThread] ERROR pipeline.SCMPipelineManager (SCMPipelineManager.java:createPipeline(222)) - Failed to create pipeline of type RATIS and factor THREE. Exception: Pipeline creation failed because nodes are engaged in other pipelines and every node can only be engaged in max 2 pipelines. Required 3. Found 1
2020-04-28 15:02:45,472 [main] INFO  ozone.MiniOzoneClusterImpl (MiniOzoneClusterImpl.java:lambda$waitForClusterToBeReady$0(177)) - Nodes are ready. Got 10 of 10 DN Heartbeats.
2020-04-28 15:02:45,473 [main] INFO  ozone.MiniOzoneClusterImpl (MiniOzoneClusterImpl.java:lambda$waitForClusterToBeReady$0(180)) - Waiting for cluster to exit safe mode
2020-04-28 15:02:46,335 [Command processor thread] INFO  impl.RaftServerProxy (RaftServerProxy.java:addNew(89)) - 0c77baeb-5007-49df-a0df-353f88a59e2b: addNew group-6949299DFB55:[0c77baeb-5007-49df-a0df-353f88a59e2b:172.17.0.2:40509] returns group-6949299DFB55:java.util.concurrent.CompletableFuture@af3ed41[Not completed]
2020-04-28 15:02:46,376 [pool-33-thread-1] INFO  impl.RaftServerImpl (RaftServerImpl.java:<init>(97)) - 0c77baeb-5007-49df-a0df-353f88a59e2b: new RaftServerImpl for group-6949299DFB55:[0c77baeb-5007-49df-a0df-353f88a59e2b:172.17.0.2:40509] with ContainerStateMachine:uninitialized
2020-04-28 15:02:46,379 [pool-33-thread-1] INFO  server.RaftServerConfigKeys (ConfUtils.java:logGet(44)) - raft.server.rpc.timeout.min = 5s (custom)
2020-04-28 15:02:46,381 [pool-33-thread-1] INFO  server.RaftServerConfigKeys (ConfUtils.java:logGet(44)) - raft.server.rpc.timeout.max = 5200ms (custom)
2020-04-28 15:02:46,381 [pool-33-thread-1] INFO  server.RaftServerConfigKeys (ConfUtils.java:logGet(44)) - raft.server.rpcslowness.timeout = 300s (custom)
2020-04-28 15:02:46,381 [pool-33-thread-1] INFO  server.RaftServerConfigKeys (ConfUtils.java:logGet(44)) - raft.server.sleep.deviation.threshold = 300 (default)
2020-04-28 15:02:46,382 [pool-33-thread-1] INFO  server.RaftServerConfigKeys (ConfUtils.java:logGet(44)) - raft.server.log.appender.install.snapshot.enabled = false (custom)
2020-04-28 15:02:46,394 [pool-33-thread-1] INFO  impl.RaftServerImpl (ServerState.java:<init>(103)) - 0c77baeb-5007-49df-a0df-353f88a59e2b@group-6949299DFB55: ConfigurationManager, init=-1: [0c77baeb-5007-49df-a0df-353f88a59e2b:172.17.0.2:40509], old=null, confs=<EMPTY_MAP>
2020-04-28 15:02:46,394 [pool-33-thread-1] INFO  server.RaftServerConfigKeys (ConfUtils.java:logGet(44)) - raft.server.storage.dir = [/github/workspace/mnt/ozone/hadoop-ozone/integration-test/target/test-dir/MiniOzoneClusterImpl-86f4eb11-29f8-44af-977b-0135f9896c6d/datanode-0/data/ratis] (custom)
2020-04-28 15:02:46,401 [pool-33-thread-1] INFO  server.RaftServerConfigKeys (ConfUtils.java:logGet(44)) - raft.server.log.corruption.policy = EXCEPTION (default)
2020-04-28 15:02:46,403 [pool-33-thread-1] INFO  storage.RaftStorageDirectory (RaftStorageDirectory.java:analyzeStorage(253)) - The storage directory /github/workspace/mnt/ozone/hadoop-ozone/integration-test/target/test-dir/MiniOzoneClusterImpl-86f4eb11-29f8-44af-977b-0135f9896c6d/datanode-0/data/ratis/83cdbb6d-8a93-4fb9-9bc6-6949299dfb55 does not exist. Creating ...
2020-04-28 15:02:46,409 [pool-33-thread-1] INFO  storage.RaftStorageDirectory (RaftStorageDirectory.java:tryLock(335)) - Lock on /github/workspace/mnt/ozone/hadoop-ozone/integration-test/target/test-dir/MiniOzoneClusterImpl-86f4eb11-29f8-44af-977b-0135f9896c6d/datanode-0/data/ratis/83cdbb6d-8a93-4fb9-9bc6-6949299dfb55/in_use.lock acquired by nodename 7259@f2af4a476004
2020-04-28 15:02:46,414 [pool-33-thread-1] INFO  storage.RaftStorage (RaftStorage.java:format(84)) - Storage directory /github/workspace/mnt/ozone/hadoop-ozone/integration-test/target/test-dir/MiniOzoneClusterImpl-86f4eb11-29f8-44af-977b-0135f9896c6d/datanode-0/data/ratis/83cdbb6d-8a93-4fb9-9bc6-6949299dfb55 has been successfully formatted.
2020-04-28 15:02:46,420 [pool-33-thread-1] INFO  ratis.ContainerStateMachine (ContainerStateMachine.java:loadSnapshot(226)) - group-6949299DFB55: The snapshot info is null. Setting the last applied indexto:(t:0, i:~)
2020-04-28 15:02:46,420 [pool-33-thread-1] INFO  server.RaftServerConfigKeys (ConfUtils.java:logGet(44)) - raft.server.notification.no-leader.timeout = 60s (default)
2020-04-28 15:02:46,424 [pool-33-thread-1] INFO  server.RaftServerConfigKeys (ConfUtils.java:logGet(44)) - raft.server.log.use.memory = false (default)
2020-04-28 15:02:46,430 [pool-33-thread-1] INFO  server.RaftServerConfigKeys (ConfUtils.java:logGet(44)) - raft.server.log.purge.gap = 1000000 (custom)
2020-04-28 15:02:46,431 [pool-33-thread-1] INFO  server.RaftServerConfigKeys (ConfUtils.java:logGet(44)) - raft.server.log.appender.buffer.byte-limit = 33554432 (custom)
2020-04-28 15:02:46,434 [pool-33-thread-1] INFO  server.RaftServerConfigKeys (ConfUtils.java:logGet(44)) - raft.server.log.segment.size.max = 1048576 (custom)
2020-04-28 15:02:46,439 [pool-33-thread-1] INFO  metrics.RatisMetrics (RatisMetrics.java:lambda$create$0(39)) - Creating Metrics Registry : ratis.log_worker.0c77baeb-5007-49df-a0df-353f88a59e2b
2020-04-28 15:02:46,451 [EventQueue-PipelineReportForPipelineReportHandler] INFO  pipeline.PipelineStateManager (PipelineStateManager.java:openPipeline(131)) - Pipeline Pipeline[ Id: 83cdbb6d-8a93-4fb9-9bc6-6949299dfb55, Nodes: 0c77baeb-5007-49df-a0df-353f88a59e2b{ip: 172.17.0.2, host: f2af4a476004, networkLocation: /default-rack, certSerialId: null}, Type:RATIS, Factor:ONE, State:ALLOCATED, leaderId:0c77baeb-5007-49df-a0df-353f88a59e2b, CreationTimestamp2020-04-28T15:02:43.333Z] moved to OPEN state
2020-04-28 15:02:46,460 [pool-33-thread-1] INFO  server.RaftServerConfigKeys (ConfUtils.java:logGet(44)) - raft.server.log.segment.cache.num.max = 2 (custom)
2020-04-28 15:02:46,463 [EventQueue-OpenPipelineForHealthyPipelineSafeModeRule] INFO  safemode.SCMSafeModeManager (HealthyPipelineSafeModeRule.java:process(132)) - SCM in safe mode. Healthy pipelines reported count is 0, required healthy pipeline reported count is 1
2020-04-28 15:02:46,470 [EventQueue-OpenPipelineForOneReplicaPipelineSafeModeRule] INFO  safemode.SCMSafeModeManager (SCMSafeModeManager.java:validateSafeModeExitRules(213)) - AtleastOneDatanodeReportedRule rule is successfully validated
2020-04-28 15:02:46,469 [pool-33-thread-1] INFO  segmented.SegmentedRaftLogWorker (SegmentedRaftLogWorker.java:<init>(176)) - new 0c77baeb-5007-49df-a0df-353f88a59e2b@group-6949299DFB55-SegmentedRaftLogWorker for RaftStorage:Storage Directory /github/workspace/mnt/ozone/hadoop-ozone/integration-test/target/test-dir/MiniOzoneClusterImpl-86f4eb11-29f8-44af-977b-0135f9896c6d/datanode-0/data/ratis/83cdbb6d-8a93-4fb9-9bc6-6949299dfb55
2020-04-28 15:02:46,473 [main] INFO  ozone.MiniOzoneClusterImpl (MiniOzoneClusterImpl.java:lambda$waitForClusterToBeReady$0(177)) - Nodes are ready. Got 10 of 10 DN Heartbeats.
2020-04-28 15:02:46,473 [main] INFO  ozone.MiniOzoneClusterImpl (MiniOzoneClusterImpl.java:lambda$waitForClusterToBeReady$0(180)) - Waiting for cluster to exit safe mode
2020-04-28 15:02:46,474 [pool-33-thread-1] INFO  server.RaftServerConfigKeys (ConfUtils.java:logGet(44)) - raft.server.log.queue.byte-limit = 2147483647 (custom)
2020-04-28 15:02:46,474 [pool-33-thread-1] INFO  server.RaftServerConfigKeys (ConfUtils.java:logGet(44)) - raft.server.log.queue.element-limit = 1024 (custom)
2020-04-28 15:02:46,479 [pool-33-thread-1] INFO  server.RaftServerConfigKeys (ConfUtils.java:logGet(44)) - raft.server.log.segment.size.max = 1048576 (custom)
2020-04-28 15:02:46,480 [pool-33-thread-1] INFO  server.RaftServerConfigKeys (ConfUtils.java:logGet(44)) - raft.server.log.preallocated.size = 16384 (custom)
2020-04-28 15:02:46,482 [pool-33-thread-1] INFO  server.RaftServerConfigKeys (ConfUtils.java:logGet(44)) - raft.server.log.write.buffer.size = 1048576 (custom)
2020-04-28 15:02:46,483 [pool-33-thread-1] INFO  server.RaftServerConfigKeys (ConfUtils.java:logGet(44)) - raft.server.log.force.sync.num = 128 (default)
2020-04-28 15:02:46,485 [pool-33-thread-1] INFO  server.RaftServerConfigKeys (ConfUtils.java:logGet(44)) - raft.server.log.statemachine.data.sync = true (default)
2020-04-28 15:02:46,485 [pool-33-thread-1] INFO  server.RaftServerConfigKeys (ConfUtils.java:logGet(44)) - raft.server.log.statemachine.data.sync.timeout = 10s (default)
2020-04-28 15:02:46,486 [pool-33-thread-1] INFO  server.RaftServerConfigKeys (ConfUtils.java:logGet(44)) - raft.server.log.statemachine.data.sync.timeout.retry = -1 (default)
2020-04-28 15:02:46,513 [pool-33-thread-1] INFO  server.RaftServerConfigKeys (ConfUtils.java:logGet(44)) - raft.server.log.statemachine.data.caching.enabled = true (custom)
2020-04-28 15:02:46,520 [pool-33-thread-1] INFO  segmented.SegmentedRaftLogWorker (SegmentedRaftLogWorker.java:lambda$new$0(129)) - 0c77baeb-5007-49df-a0df-353f88a59e2b@group-6949299DFB55-SegmentedRaftLogWorker: flushIndex: setUnconditionally 0 -> -1
2020-04-28 15:02:46,528 [pool-33-thread-1] INFO  server.RaftServerConfigKeys (ConfUtils.java:logGet(44)) - raft.server.snapshot.auto.trigger.enabled = true (custom)
2020-04-28 15:02:46,529 [pool-33-thread-1] INFO  server.RaftServerConfigKeys (ConfUtils.java:logGet(44)) - raft.server.snapshot.auto.trigger.threshold = 10000 (custom)
2020-04-28 15:02:46,530 [pool-33-thread-1] INFO  server.RaftServerConfigKeys (ConfUtils.java:logGet(44)) - raft.server.snapshot.retention.file.num = 5 (custom)
2020-04-28 15:02:46,530 [pool-33-thread-1] INFO  server.RaftServerConfigKeys (ConfUtils.java:logGet(44)) - raft.server.retrycache.expirytime = 600000ms (custom)
2020-04-28 15:02:46,534 [Command processor thread] INFO  impl.RaftServerProxy (RaftServerProxy.java:addNew(89)) - 205d8ee6-3528-440b-987a-f4bb0a188214: addNew group-069BC186E831:[205d8ee6-3528-440b-987a-f4bb0a188214:172.17.0.2:45945] returns group-069BC186E831:java.util.concurrent.CompletableFuture@28a5c806[Not completed]
2020-04-28 15:02:46,548 [pool-48-thread-1] INFO  impl.RaftServerImpl (RaftServerImpl.java:<init>(97)) - 205d8ee6-3528-440b-987a-f4bb0a188214: new RaftServerImpl for group-069BC186E831:[205d8ee6-3528-440b-987a-f4bb0a188214:172.17.0.2:45945] with ContainerStateMachine:uninitialized
2020-04-28 15:02:46,549 [pool-48-thread-1] INFO  server.RaftServerConfigKeys (ConfUtils.java:logGet(44)) - raft.server.rpc.timeout.min = 5s (custom)
2020-04-28 15:02:46,549 [pool-48-thread-1] INFO  server.RaftServerConfigKeys (ConfUtils.java:logGet(44)) - raft.server.rpc.timeout.max = 5200ms (custom)
2020-04-28 15:02:46,549 [pool-48-thread-1] INFO  server.RaftServerConfigKeys (ConfUtils.java:logGet(44)) - raft.server.rpcslowness.timeout = 300s (custom)
2020-04-28 15:02:46,549 [pool-48-thread-1] INFO  server.RaftServerConfigKeys (ConfUtils.java:logGet(44)) - raft.server.sleep.deviation.threshold = 300 (default)
2020-04-28 15:02:46,549 [pool-48-thread-1] INFO  server.RaftServerConfigKeys (ConfUtils.java:logGet(44)) - raft.server.log.appender.install.snapshot.enabled = false (custom)
2020-04-28 15:02:46,549 [pool-48-thread-1] INFO  impl.RaftServerImpl (ServerState.java:<init>(103)) - 205d8ee6-3528-440b-987a-f4bb0a188214@group-069BC186E831: ConfigurationManager, init=-1: [205d8ee6-3528-440b-987a-f4bb0a188214:172.17.0.2:45945], old=null, confs=<EMPTY_MAP>
2020-04-28 15:02:46,553 [pool-48-thread-1] INFO  server.RaftServerConfigKeys (ConfUtils.java:logGet(44)) - raft.server.storage.dir = [/github/workspace/mnt/ozone/hadoop-ozone/integration-test/target/test-dir/MiniOzoneClusterImpl-86f4eb11-29f8-44af-977b-0135f9896c6d/datanode-1/data/ratis] (custom)
2020-04-28 15:02:46,554 [pool-48-thread-1] INFO  server.RaftServerConfigKeys (ConfUtils.java:logGet(44)) - raft.server.log.corruption.policy = EXCEPTION (default)
2020-04-28 15:02:46,554 [pool-48-thread-1] INFO  storage.RaftStorageDirectory (RaftStorageDirectory.java:analyzeStorage(253)) - The storage directory /github/workspace/mnt/ozone/hadoop-ozone/integration-test/target/test-dir/MiniOzoneClusterImpl-86f4eb11-29f8-44af-977b-0135f9896c6d/datanode-1/data/ratis/58bf1ec3-27f9-4e65-9c18-069bc186e831 does not exist. Creating ...
2020-04-28 15:02:46,557 [pool-48-thread-1] INFO  storage.RaftStorageDirectory (RaftStorageDirectory.java:tryLock(335)) - Lock on /github/workspace/mnt/ozone/hadoop-ozone/integration-test/target/test-dir/MiniOzoneClusterImpl-86f4eb11-29f8-44af-977b-0135f9896c6d/datanode-1/data/ratis/58bf1ec3-27f9-4e65-9c18-069bc186e831/in_use.lock acquired by nodename 7259@f2af4a476004
2020-04-28 15:02:46,559 [pool-48-thread-1] INFO  storage.RaftStorage (RaftStorage.java:format(84)) - Storage directory /github/workspace/mnt/ozone/hadoop-ozone/integration-test/target/test-dir/MiniOzoneClusterImpl-86f4eb11-29f8-44af-977b-0135f9896c6d/datanode-1/data/ratis/58bf1ec3-27f9-4e65-9c18-069bc186e831 has been successfully formatted.
2020-04-28 15:02:46,560 [pool-48-thread-1] INFO  ratis.ContainerStateMachine (ContainerStateMachine.java:loadSnapshot(226)) - group-069BC186E831: The snapshot info is null. Setting the last applied indexto:(t:0, i:~)
2020-04-28 15:02:46,561 [pool-48-thread-1] INFO  server.RaftServerConfigKeys (ConfUtils.java:logGet(44)) - raft.server.notification.no-leader.timeout = 60s (default)
2020-04-28 15:02:46,561 [pool-48-thread-1] INFO  server.RaftServerConfigKeys (ConfUtils.java:logGet(44)) - raft.server.log.use.memory = false (default)
2020-04-28 15:02:46,562 [pool-48-thread-1] INFO  server.RaftServerConfigKeys (ConfUtils.java:logGet(44)) - raft.server.log.purge.gap = 1000000 (custom)
2020-04-28 15:02:46,562 [EventQueue-PipelineReportForPipelineReportHandler] INFO  pipeline.PipelineStateManager (PipelineStateManager.java:openPipeline(131)) - Pipeline Pipeline[ Id: 58bf1ec3-27f9-4e65-9c18-069bc186e831, Nodes: 205d8ee6-3528-440b-987a-f4bb0a188214{ip: 172.17.0.2, host: f2af4a476004, networkLocation: /default-rack, certSerialId: null}, Type:RATIS, Factor:ONE, State:ALLOCATED, leaderId:205d8ee6-3528-440b-987a-f4bb0a188214, CreationTimestamp2020-04-28T15:02:43.539Z] moved to OPEN state
2020-04-28 15:02:46,563 [EventQueue-OpenPipelineForHealthyPipelineSafeModeRule] INFO  safemode.SCMSafeModeManager (HealthyPipelineSafeModeRule.java:process(132)) - SCM in safe mode. Healthy pipelines reported count is 0, required healthy pipeline reported count is 1
2020-04-28 15:02:46,563 [EventQueue-OpenPipelineForOneReplicaPipelineSafeModeRule] INFO  safemode.SCMSafeModeManager (SCMSafeModeManager.java:validateSafeModeExitRules(213)) - AtleastOneDatanodeReportedRule rule is successfully validated
2020-04-28 15:02:46,564 [pool-48-thread-1] INFO  server.RaftServerConfigKeys (ConfUtils.java:logGet(44)) - raft.server.log.appender.buffer.byte-limit = 33554432 (custom)
2020-04-28 15:02:46,564 [pool-48-thread-1] INFO  server.RaftServerConfigKeys (ConfUtils.java:logGet(44)) - raft.server.log.segment.size.max = 1048576 (custom)
2020-04-28 15:02:46,564 [pool-48-thread-1] INFO  metrics.RatisMetrics (RatisMetrics.java:lambda$create$0(39)) - Creating Metrics Registry : ratis.log_worker.205d8ee6-3528-440b-987a-f4bb0a188214
2020-04-28 15:02:46,565 [pool-48-thread-1] INFO  server.RaftServerConfigKeys (ConfUtils.java:logGet(44)) - raft.server.log.segment.cache.num.max = 2 (custom)
2020-04-28 15:02:46,566 [pool-48-thread-1] INFO  segmented.SegmentedRaftLogWorker (SegmentedRaftLogWorker.java:<init>(176)) - new 205d8ee6-3528-440b-987a-f4bb0a188214@group-069BC186E831-SegmentedRaftLogWorker for RaftStorage:Storage Directory /github/workspace/mnt/ozone/hadoop-ozone/integration-test/target/test-dir/MiniOzoneClusterImpl-86f4eb11-29f8-44af-977b-0135f9896c6d/datanode-1/data/ratis/58bf1ec3-27f9-4e65-9c18-069bc186e831
2020-04-28 15:02:46,566 [pool-48-thread-1] INFO  server.RaftServerConfigKeys (ConfUtils.java:logGet(44)) - raft.server.log.queue.byte-limit = 2147483647 (custom)
2020-04-28 15:02:46,566 [pool-48-thread-1] INFO  server.RaftServerConfigKeys (ConfUtils.java:logGet(44)) - raft.server.log.queue.element-limit = 1024 (custom)
2020-04-28 15:02:46,566 [pool-48-thread-1] INFO  server.RaftServerConfigKeys (ConfUtils.java:logGet(44)) - raft.server.log.segment.size.max = 1048576 (custom)
2020-04-28 15:02:46,566 [pool-48-thread-1] INFO  server.RaftServerConfigKeys (ConfUtils.java:logGet(44)) - raft.server.log.preallocated.size = 16384 (custom)
2020-04-28 15:02:46,567 [pool-48-thread-1] INFO  server.RaftServerConfigKeys (ConfUtils.java:logGet(44)) - raft.server.log.write.buffer.size = 1048576 (custom)
2020-04-28 15:02:46,567 [pool-48-thread-1] INFO  server.RaftServerConfigKeys (ConfUtils.java:logGet(44)) - raft.server.log.force.sync.num = 128 (default)
2020-04-28 15:02:46,567 [pool-48-thread-1] INFO  server.RaftServerConfigKeys (ConfUtils.java:logGet(44)) - raft.server.log.statemachine.data.sync = true (default)
2020-04-28 15:02:46,567 [pool-48-thread-1] INFO  server.RaftServerConfigKeys (ConfUtils.java:logGet(44)) - raft.server.log.statemachine.data.sync.timeout = 10s (default)
2020-04-28 15:02:46,567 [pool-48-thread-1] INFO  server.RaftServerConfigKeys (ConfUtils.java:logGet(44)) - raft.server.log.statemachine.data.sync.timeout.retry = -1 (default)
2020-04-28 15:02:46,572 [pool-48-thread-1] INFO  server.RaftServerConfigKeys (ConfUtils.java:logGet(44)) - raft.server.log.statemachine.data.caching.enabled = true (custom)
2020-04-28 15:02:46,572 [pool-48-thread-1] INFO  segmented.SegmentedRaftLogWorker (SegmentedRaftLogWorker.java:lambda$new$0(129)) - 205d8ee6-3528-440b-987a-f4bb0a188214@group-069BC186E831-SegmentedRaftLogWorker: flushIndex: setUnconditionally 0 -> -1
2020-04-28 15:02:46,595 [pool-48-thread-1] INFO  server.RaftServerConfigKeys (ConfUtils.java:logGet(44)) - raft.server.snapshot.auto.trigger.enabled = true (custom)
2020-04-28 15:02:46,595 [pool-48-thread-1] INFO  server.RaftServerConfigKeys (ConfUtils.java:logGet(44)) - raft.server.snapshot.auto.trigger.threshold = 10000 (custom)
2020-04-28 15:02:46,595 [pool-48-thread-1] INFO  server.RaftServerConfigKeys (ConfUtils.java:logGet(44)) - raft.server.snapshot.retention.file.num = 5 (custom)
2020-04-28 15:02:46,595 [pool-48-thread-1] INFO  server.RaftServerConfigKeys (ConfUtils.java:logGet(44)) - raft.server.retrycache.expirytime = 600000ms (custom)
2020-04-28 15:02:46,599 [pool-48-thread-1] INFO  metrics.RatisMetrics (RatisMetrics.java:lambda$create$0(39)) - Creating Metrics Registry : ratis.leader_election.205d8ee6-3528-440b-987a-f4bb0a188214@group-069BC186E831
2020-04-28 15:02:46,612 [pool-48-thread-1] INFO  metrics.RatisMetrics (RatisMetrics.java:lambda$create$0(39)) - Creating Metrics Registry : ratis.server.205d8ee6-3528-440b-987a-f4bb0a188214@group-069BC186E831
2020-04-28 15:02:46,612 [pool-33-thread-1] INFO  metrics.RatisMetrics (RatisMetrics.java:lambda$create$0(39)) - Creating Metrics Registry : ratis.leader_election.0c77baeb-5007-49df-a0df-353f88a59e2b@group-6949299DFB55
2020-04-28 15:02:46,620 [pool-33-thread-1] INFO  metrics.RatisMetrics (RatisMetrics.java:lambda$create$0(39)) - Creating Metrics Registry : ratis.server.0c77baeb-5007-49df-a0df-353f88a59e2b@group-6949299DFB55
2020-04-28 15:02:46,623 [pool-33-thread-1] INFO  impl.RaftServerImpl (RaftServerImpl.java:start(183)) - 0c77baeb-5007-49df-a0df-353f88a59e2b@group-6949299DFB55: start as a follower, conf=-1: [0c77baeb-5007-49df-a0df-353f88a59e2b:172.17.0.2:40509], old=null
2020-04-28 15:02:46,628 [pool-33-thread-1] INFO  impl.RaftServerImpl (RaftServerImpl.java:setRole(172)) - 0c77baeb-5007-49df-a0df-353f88a59e2b@group-6949299DFB55: changes role from      null to FOLLOWER at term 0 for startAsFollower
2020-04-28 15:02:46,630 [pool-48-thread-1] INFO  impl.RaftServerImpl (RaftServerImpl.java:start(183)) - 205d8ee6-3528-440b-987a-f4bb0a188214@group-069BC186E831: start as a follower, conf=-1: [205d8ee6-3528-440b-987a-f4bb0a188214:172.17.0.2:45945], old=null
2020-04-28 15:02:46,631 [pool-33-thread-1] INFO  impl.RoleInfo (RoleInfo.java:updateAndGet(143)) - 0c77baeb-5007-49df-a0df-353f88a59e2b: start FollowerState
2020-04-28 15:02:46,632 [pool-48-thread-1] INFO  impl.RaftServerImpl (RaftServerImpl.java:setRole(172)) - 205d8ee6-3528-440b-987a-f4bb0a188214@group-069BC186E831: changes role from      null to FOLLOWER at term 0 for startAsFollower
2020-04-28 15:02:46,636 [pool-48-thread-1] INFO  impl.RoleInfo (RoleInfo.java:updateAndGet(143)) - 205d8ee6-3528-440b-987a-f4bb0a188214: start FollowerState
2020-04-28 15:02:46,640 [pool-48-thread-1] INFO  util.JmxRegister (JmxRegister.java:tryRegister(44)) - Successfully registered JMX Bean with object name Ratis:service=RaftServer,group=group-069BC186E831,id=205d8ee6-3528-440b-987a-f4bb0a188214
2020-04-28 15:02:46,642 [pool-48-thread-1] INFO  metrics.RatisMetrics (RatisMetrics.java:lambda$create$0(39)) - Creating Metrics Registry : ratis.state_machine.205d8ee6-3528-440b-987a-f4bb0a188214@group-069BC186E831
2020-04-28 15:02:46,645 [pool-33-thread-1] INFO  util.JmxRegister (JmxRegister.java:tryRegister(44)) - Successfully registered JMX Bean with object name Ratis:service=RaftServer,group=group-6949299DFB55,id=0c77baeb-5007-49df-a0df-353f88a59e2b
2020-04-28 15:02:46,651 [pool-33-thread-1] INFO  metrics.RatisMetrics (RatisMetrics.java:lambda$create$0(39)) - Creating Metrics Registry : ratis.state_machine.0c77baeb-5007-49df-a0df-353f88a59e2b@group-6949299DFB55
2020-04-28 15:02:46,668 [Command processor thread] INFO  commandhandler.CreatePipelineCommandHandler (CreatePipelineCommandHandler.java:handle(109)) - Created Pipeline RATIS ONE #id: "58bf1ec3-27f9-4e65-9c18-069bc186e831"
.
2020-04-28 15:02:46,668 [Command processor thread] INFO  impl.RaftServerProxy (RaftServerProxy.java:addNew(89)) - 205d8ee6-3528-440b-987a-f4bb0a188214: addNew group-419133A17C64:[cf9b015f-ec05-4d85-a0f4-292d32d317b2:172.17.0.2:40581, 205d8ee6-3528-440b-987a-f4bb0a188214:172.17.0.2:45945, 0c77baeb-5007-49df-a0df-353f88a59e2b:172.17.0.2:40509] returns group-419133A17C64:java.util.concurrent.CompletableFuture@583bcc63[Not completed]
2020-04-28 15:02:46,670 [pool-48-thread-1] INFO  impl.RaftServerImpl (RaftServerImpl.java:<init>(97)) - 205d8ee6-3528-440b-987a-f4bb0a188214: new RaftServerImpl for group-419133A17C64:[cf9b015f-ec05-4d85-a0f4-292d32d317b2:172.17.0.2:40581, 205d8ee6-3528-440b-987a-f4bb0a188214:172.17.0.2:45945, 0c77baeb-5007-49df-a0df-353f88a59e2b:172.17.0.2:40509] with ContainerStateMachine:uninitialized
2020-04-28 15:02:46,670 [pool-48-thread-1] INFO  server.RaftServerConfigKeys (ConfUtils.java:logGet(44)) - raft.server.rpc.timeout.min = 5s (custom)
2020-04-28 15:02:46,670 [pool-48-thread-1] INFO  server.RaftServerConfigKeys (ConfUtils.java:logGet(44)) - raft.server.rpc.timeout.max = 5200ms (custom)
2020-04-28 15:02:46,670 [pool-48-thread-1] INFO  server.RaftServerConfigKeys (ConfUtils.java:logGet(44)) - raft.server.rpcslowness.timeout = 300s (custom)
2020-04-28 15:02:46,670 [pool-48-thread-1] INFO  server.RaftServerConfigKeys (ConfUtils.java:logGet(44)) - raft.server.sleep.deviation.threshold = 300 (default)
2020-04-28 15:02:46,670 [pool-48-thread-1] INFO  server.RaftServerConfigKeys (ConfUtils.java:logGet(44)) - raft.server.log.appender.install.snapshot.enabled = false (custom)
2020-04-28 15:02:46,670 [pool-48-thread-1] INFO  impl.RaftServerImpl (ServerState.java:<init>(103)) - 205d8ee6-3528-440b-987a-f4bb0a188214@group-419133A17C64: ConfigurationManager, init=-1: [cf9b015f-ec05-4d85-a0f4-292d32d317b2:172.17.0.2:40581, 205d8ee6-3528-440b-987a-f4bb0a188214:172.17.0.2:45945, 0c77baeb-5007-49df-a0df-353f88a59e2b:172.17.0.2:40509], old=null, confs=<EMPTY_MAP>
2020-04-28 15:02:46,671 [pool-48-thread-1] INFO  server.RaftServerConfigKeys (ConfUtils.java:logGet(44)) - raft.server.storage.dir = [/github/workspace/mnt/ozone/hadoop-ozone/integration-test/target/test-dir/MiniOzoneClusterImpl-86f4eb11-29f8-44af-977b-0135f9896c6d/datanode-1/data/ratis] (custom)
2020-04-28 15:02:46,671 [pool-48-thread-1] INFO  server.RaftServerConfigKeys (ConfUtils.java:logGet(44)) - raft.server.log.corruption.policy = EXCEPTION (default)
2020-04-28 15:02:46,671 [pool-48-thread-1] INFO  storage.RaftStorageDirectory (RaftStorageDirectory.java:analyzeStorage(253)) - The storage directory /github/workspace/mnt/ozone/hadoop-ozone/integration-test/target/test-dir/MiniOzoneClusterImpl-86f4eb11-29f8-44af-977b-0135f9896c6d/datanode-1/data/ratis/f03e2499-b46c-4520-994d-419133a17c64 does not exist. Creating ...
2020-04-28 15:02:46,672 [Command processor thread] INFO  commandhandler.CreatePipelineCommandHandler (CreatePipelineCommandHandler.java:handle(109)) - Created Pipeline RATIS ONE #id: "83cdbb6d-8a93-4fb9-9bc6-6949299dfb55"
.
2020-04-28 15:02:46,673 [Command processor thread] INFO  impl.RaftServerProxy (RaftServerProxy.java:addNew(89)) - 0c77baeb-5007-49df-a0df-353f88a59e2b: addNew group-419133A17C64:[cf9b015f-ec05-4d85-a0f4-292d32d317b2:172.17.0.2:40581, 205d8ee6-3528-440b-987a-f4bb0a188214:172.17.0.2:45945, 0c77baeb-5007-49df-a0df-353f88a59e2b:172.17.0.2:40509] returns group-419133A17C64:java.util.concurrent.CompletableFuture@5013ea1f[Not completed]
2020-04-28 15:02:46,675 [pool-48-thread-1] INFO  storage.RaftStorageDirectory (RaftStorageDirectory.java:tryLock(335)) - Lock on /github/workspace/mnt/ozone/hadoop-ozone/integration-test/target/test-dir/MiniOzoneClusterImpl-86f4eb11-29f8-44af-977b-0135f9896c6d/datanode-1/data/ratis/f03e2499-b46c-4520-994d-419133a17c64/in_use.lock acquired by nodename 7259@f2af4a476004
2020-04-28 15:02:46,678 [pool-48-thread-1] INFO  storage.RaftStorage (RaftStorage.java:format(84)) - Storage directory /github/workspace/mnt/ozone/hadoop-ozone/integration-test/target/test-dir/MiniOzoneClusterImpl-86f4eb11-29f8-44af-977b-0135f9896c6d/datanode-1/data/ratis/f03e2499-b46c-4520-994d-419133a17c64 has been successfully formatted.
2020-04-28 15:02:46,680 [pool-48-thread-1] INFO  ratis.ContainerStateMachine (ContainerStateMachine.java:loadSnapshot(226)) - group-419133A17C64: The snapshot info is null. Setting the last applied indexto:(t:0, i:~)
2020-04-28 15:02:46,686 [pool-48-thread-1] INFO  server.RaftServerConfigKeys (ConfUtils.java:logGet(44)) - raft.server.notification.no-leader.timeout = 60s (default)
2020-04-28 15:02:46,686 [pool-48-thread-1] INFO  server.RaftServerConfigKeys (ConfUtils.java:logGet(44)) - raft.server.log.use.memory = false (default)
2020-04-28 15:02:46,686 [pool-48-thread-1] INFO  server.RaftServerConfigKeys (ConfUtils.java:logGet(44)) - raft.server.log.purge.gap = 1000000 (custom)
2020-04-28 15:02:46,688 [pool-48-thread-1] INFO  server.RaftServerConfigKeys (ConfUtils.java:logGet(44)) - raft.server.log.appender.buffer.byte-limit = 33554432 (custom)
2020-04-28 15:02:46,689 [pool-48-thread-1] INFO  server.RaftServerConfigKeys (ConfUtils.java:logGet(44)) - raft.server.log.segment.size.max = 1048576 (custom)
2020-04-28 15:02:46,689 [pool-48-thread-1] INFO  server.RaftServerConfigKeys (ConfUtils.java:logGet(44)) - raft.server.log.segment.cache.num.max = 2 (custom)
2020-04-28 15:02:46,689 [pool-48-thread-1] INFO  segmented.SegmentedRaftLogWorker (SegmentedRaftLogWorker.java:<init>(176)) - new 205d8ee6-3528-440b-987a-f4bb0a188214@group-419133A17C64-SegmentedRaftLogWorker for RaftStorage:Storage Directory /github/workspace/mnt/ozone/hadoop-ozone/integration-test/target/test-dir/MiniOzoneClusterImpl-86f4eb11-29f8-44af-977b-0135f9896c6d/datanode-1/data/ratis/f03e2499-b46c-4520-994d-419133a17c64
2020-04-28 15:02:46,689 [pool-48-thread-1] INFO  server.RaftServerConfigKeys (ConfUtils.java:logGet(44)) - raft.server.log.queue.byte-limit = 2147483647 (custom)
2020-04-28 15:02:46,689 [pool-48-thread-1] INFO  server.RaftServerConfigKeys (ConfUtils.java:logGet(44)) - raft.server.log.queue.element-limit = 1024 (custom)
2020-04-28 15:02:46,689 [pool-48-thread-1] INFO  server.RaftServerConfigKeys (ConfUtils.java:logGet(44)) - raft.server.log.segment.size.max = 1048576 (custom)
2020-04-28 15:02:46,689 [pool-48-thread-1] INFO  server.RaftServerConfigKeys (ConfUtils.java:logGet(44)) - raft.server.log.preallocated.size = 16384 (custom)
2020-04-28 15:02:46,690 [pool-48-thread-1] INFO  server.RaftServerConfigKeys (ConfUtils.java:logGet(44)) - raft.server.log.write.buffer.size = 1048576 (custom)
2020-04-28 15:02:46,690 [pool-48-thread-1] INFO  server.RaftServerConfigKeys (ConfUtils.java:logGet(44)) - raft.server.log.force.sync.num = 128 (default)
2020-04-28 15:02:46,690 [pool-48-thread-1] INFO  server.RaftServerConfigKeys (ConfUtils.java:logGet(44)) - raft.server.log.statemachine.data.sync = true (default)
2020-04-28 15:02:46,690 [pool-48-thread-1] INFO  server.RaftServerConfigKeys (ConfUtils.java:logGet(44)) - raft.server.log.statemachine.data.sync.timeout = 10s (default)
2020-04-28 15:02:46,690 [pool-48-thread-1] INFO  server.RaftServerConfigKeys (ConfUtils.java:logGet(44)) - raft.server.log.statemachine.data.sync.timeout.retry = -1 (default)
2020-04-28 15:02:46,691 [pool-48-thread-1] INFO  server.RaftServerConfigKeys (ConfUtils.java:logGet(44)) - raft.server.log.statemachine.data.caching.enabled = true (custom)
2020-04-28 15:02:46,692 [pool-33-thread-1] INFO  impl.RaftServerImpl (RaftServerImpl.java:<init>(97)) - 0c77baeb-5007-49df-a0df-353f88a59e2b: new RaftServerImpl for group-419133A17C64:[cf9b015f-ec05-4d85-a0f4-292d32d317b2:172.17.0.2:40581, 205d8ee6-3528-440b-987a-f4bb0a188214:172.17.0.2:45945, 0c77baeb-5007-49df-a0df-353f88a59e2b:172.17.0.2:40509] with ContainerStateMachine:uninitialized
2020-04-28 15:02:46,693 [pool-33-thread-1] INFO  server.RaftServerConfigKeys (ConfUtils.java:logGet(44)) - raft.server.rpc.timeout.min = 5s (custom)
2020-04-28 15:02:46,693 [pool-33-thread-1] INFO  server.RaftServerConfigKeys (ConfUtils.java:logGet(44)) - raft.server.rpc.timeout.max = 5200ms (custom)
2020-04-28 15:02:46,693 [pool-33-thread-1] INFO  server.RaftServerConfigKeys (ConfUtils.java:logGet(44)) - raft.server.rpcslowness.timeout = 300s (custom)
2020-04-28 15:02:46,693 [pool-33-thread-1] INFO  server.RaftServerConfigKeys (ConfUtils.java:logGet(44)) - raft.server.sleep.deviation.threshold = 300 (default)
2020-04-28 15:02:46,693 [pool-33-thread-1] INFO  server.RaftServerConfigKeys (ConfUtils.java:logGet(44)) - raft.server.log.appender.install.snapshot.enabled = false (custom)
2020-04-28 15:02:46,693 [pool-33-thread-1] INFO  impl.RaftServerImpl (ServerState.java:<init>(103)) - 0c77baeb-5007-49df-a0df-353f88a59e2b@group-419133A17C64: ConfigurationManager, init=-1: [cf9b015f-ec05-4d85-a0f4-292d32d317b2:172.17.0.2:40581, 205d8ee6-3528-440b-987a-f4bb0a188214:172.17.0.2:45945, 0c77baeb-5007-49df-a0df-353f88a59e2b:172.17.0.2:40509], old=null, confs=<EMPTY_MAP>
2020-04-28 15:02:46,693 [pool-33-thread-1] INFO  server.RaftServerConfigKeys (ConfUtils.java:logGet(44)) - raft.server.storage.dir = [/github/workspace/mnt/ozone/hadoop-ozone/integration-test/target/test-dir/MiniOzoneClusterImpl-86f4eb11-29f8-44af-977b-0135f9896c6d/datanode-0/data/ratis] (custom)
2020-04-28 15:02:46,694 [pool-33-thread-1] INFO  server.RaftServerConfigKeys (ConfUtils.java:logGet(44)) - raft.server.log.corruption.policy = EXCEPTION (default)
2020-04-28 15:02:46,694 [pool-33-thread-1] INFO  storage.RaftStorageDirectory (RaftStorageDirectory.java:analyzeStorage(253)) - The storage directory /github/workspace/mnt/ozone/hadoop-ozone/integration-test/target/test-dir/MiniOzoneClusterImpl-86f4eb11-29f8-44af-977b-0135f9896c6d/datanode-0/data/ratis/f03e2499-b46c-4520-994d-419133a17c64 does not exist. Creating ...
2020-04-28 15:02:46,695 [pool-48-thread-1] INFO  segmented.SegmentedRaftLogWorker (SegmentedRaftLogWorker.java:lambda$new$0(129)) - 205d8ee6-3528-440b-987a-f4bb0a188214@group-419133A17C64-SegmentedRaftLogWorker: flushIndex: setUnconditionally 0 -> -1
2020-04-28 15:02:46,695 [pool-48-thread-1] INFO  server.RaftServerConfigKeys (ConfUtils.java:logGet(44)) - raft.server.snapshot.auto.trigger.enabled = true (custom)
2020-04-28 15:02:46,695 [pool-48-thread-1] INFO  server.RaftServerConfigKeys (ConfUtils.java:logGet(44)) - raft.server.snapshot.auto.trigger.threshold = 10000 (custom)
2020-04-28 15:02:46,695 [pool-48-thread-1] INFO  server.RaftServerConfigKeys (ConfUtils.java:logGet(44)) - raft.server.snapshot.retention.file.num = 5 (custom)
2020-04-28 15:02:46,696 [pool-48-thread-1] INFO  server.RaftServerConfigKeys (ConfUtils.java:logGet(44)) - raft.server.retrycache.expirytime = 600000ms (custom)
2020-04-28 15:02:46,696 [pool-48-thread-1] INFO  metrics.RatisMetrics (RatisMetrics.java:lambda$create$0(39)) - Creating Metrics Registry : ratis.leader_election.205d8ee6-3528-440b-987a-f4bb0a188214@group-419133A17C64
2020-04-28 15:02:46,696 [pool-33-thread-1] INFO  storage.RaftStorageDirectory (RaftStorageDirectory.java:tryLock(335)) - Lock on /github/workspace/mnt/ozone/hadoop-ozone/integration-test/target/test-dir/MiniOzoneClusterImpl-86f4eb11-29f8-44af-977b-0135f9896c6d/datanode-0/data/ratis/f03e2499-b46c-4520-994d-419133a17c64/in_use.lock acquired by nodename 7259@f2af4a476004
2020-04-28 15:02:46,697 [pool-48-thread-1] INFO  metrics.RatisMetrics (RatisMetrics.java:lambda$create$0(39)) - Creating Metrics Registry : ratis.server.205d8ee6-3528-440b-987a-f4bb0a188214@group-419133A17C64
2020-04-28 15:02:46,698 [pool-33-thread-1] INFO  storage.RaftStorage (RaftStorage.java:format(84)) - Storage directory /github/workspace/mnt/ozone/hadoop-ozone/integration-test/target/test-dir/MiniOzoneClusterImpl-86f4eb11-29f8-44af-977b-0135f9896c6d/datanode-0/data/ratis/f03e2499-b46c-4520-994d-419133a17c64 has been successfully formatted.
2020-04-28 15:02:46,698 [pool-33-thread-1] INFO  ratis.ContainerStateMachine (ContainerStateMachine.java:loadSnapshot(226)) - group-419133A17C64: The snapshot info is null. Setting the last applied indexto:(t:0, i:~)
2020-04-28 15:02:46,698 [pool-33-thread-1] INFO  server.RaftServerConfigKeys (ConfUtils.java:logGet(44)) - raft.server.notification.no-leader.timeout = 60s (default)
2020-04-28 15:02:46,698 [pool-33-thread-1] INFO  server.RaftServerConfigKeys (ConfUtils.java:logGet(44)) - raft.server.log.use.memory = false (default)
2020-04-28 15:02:46,698 [pool-33-thread-1] INFO  server.RaftServerConfigKeys (ConfUtils.java:logGet(44)) - raft.server.log.purge.gap = 1000000 (custom)
2020-04-28 15:02:46,698 [pool-33-thread-1] INFO  server.RaftServerConfigKeys (ConfUtils.java:logGet(44)) - raft.server.log.appender.buffer.byte-limit = 33554432 (custom)
2020-04-28 15:02:46,699 [pool-33-thread-1] INFO  server.RaftServerConfigKeys (ConfUtils.java:logGet(44)) - raft.server.log.segment.size.max = 1048576 (custom)
2020-04-28 15:02:46,699 [pool-33-thread-1] INFO  server.RaftServerConfigKeys (ConfUtils.java:logGet(44)) - raft.server.log.segment.cache.num.max = 2 (custom)
2020-04-28 15:02:46,699 [pool-33-thread-1] INFO  segmented.SegmentedRaftLogWorker (SegmentedRaftLogWorker.java:<init>(176)) - new 0c77baeb-5007-49df-a0df-353f88a59e2b@group-419133A17C64-SegmentedRaftLogWorker for RaftStorage:Storage Directory /github/workspace/mnt/ozone/hadoop-ozone/integration-test/target/test-dir/MiniOzoneClusterImpl-86f4eb11-29f8-44af-977b-0135f9896c6d/datanode-0/data/ratis/f03e2499-b46c-4520-994d-419133a17c64
2020-04-28 15:02:46,700 [pool-33-thread-1] INFO  server.RaftServerConfigKeys (ConfUtils.java:logGet(44)) - raft.server.log.queue.byte-limit = 2147483647 (custom)
2020-04-28 15:02:46,700 [pool-33-thread-1] INFO  server.RaftServerConfigKeys (ConfUtils.java:logGet(44)) - raft.server.log.queue.element-limit = 1024 (custom)
2020-04-28 15:02:46,700 [pool-33-thread-1] INFO  server.RaftServerConfigKeys (ConfUtils.java:logGet(44)) - raft.server.log.segment.size.max = 1048576 (custom)
2020-04-28 15:02:46,700 [pool-33-thread-1] INFO  server.RaftServerConfigKeys (ConfUtils.java:logGet(44)) - raft.server.log.preallocated.size = 16384 (custom)
2020-04-28 15:02:46,700 [pool-33-thread-1] INFO  server.RaftServerConfigKeys (ConfUtils.java:logGet(44)) - raft.server.log.write.buffer.size = 1048576 (custom)
2020-04-28 15:02:46,700 [pool-33-thread-1] INFO  server.RaftServerConfigKeys (ConfUtils.java:logGet(44)) - raft.server.log.force.sync.num = 128 (default)
2020-04-28 15:02:46,700 [pool-33-thread-1] INFO  server.RaftServerConfigKeys (ConfUtils.java:logGet(44)) - raft.server.log.statemachine.data.sync = true (default)
2020-04-28 15:02:46,701 [pool-33-thread-1] INFO  server.RaftServerConfigKeys (ConfUtils.java:logGet(44)) - raft.server.log.statemachine.data.sync.timeout = 10s (default)
2020-04-28 15:02:46,701 [pool-33-thread-1] INFO  server.RaftServerConfigKeys (ConfUtils.java:logGet(44)) - raft.server.log.statemachine.data.sync.timeout.retry = -1 (default)
2020-04-28 15:02:46,702 [pool-33-thread-1] INFO  server.RaftServerConfigKeys (ConfUtils.java:logGet(44)) - raft.server.log.statemachine.data.caching.enabled = true (custom)
2020-04-28 15:02:46,702 [Command processor thread] INFO  impl.RaftServerProxy (RaftServerProxy.java:addNew(89)) - cf9b015f-ec05-4d85-a0f4-292d32d317b2: addNew group-25451118A216:[cf9b015f-ec05-4d85-a0f4-292d32d317b2:172.17.0.2:40581] returns group-25451118A216:java.util.concurrent.CompletableFuture@57d09dc1[Not completed]
2020-04-28 15:02:46,707 [pool-33-thread-1] INFO  segmented.SegmentedRaftLogWorker (SegmentedRaftLogWorker.java:lambda$new$0(129)) - 0c77baeb-5007-49df-a0df-353f88a59e2b@group-419133A17C64-SegmentedRaftLogWorker: flushIndex: setUnconditionally 0 -> -1
2020-04-28 15:02:46,708 [pool-33-thread-1] INFO  server.RaftServerConfigKeys (ConfUtils.java:logGet(44)) - raft.server.snapshot.auto.trigger.enabled = true (custom)
2020-04-28 15:02:46,708 [pool-33-thread-1] INFO  server.RaftServerConfigKeys (ConfUtils.java:logGet(44)) - raft.server.snapshot.auto.trigger.threshold = 10000 (custom)
2020-04-28 15:02:46,708 [pool-33-thread-1] INFO  server.RaftServerConfigKeys (ConfUtils.java:logGet(44)) - raft.server.snapshot.retention.file.num = 5 (custom)
2020-04-28 15:02:46,708 [pool-33-thread-1] INFO  server.RaftServerConfigKeys (ConfUtils.java:logGet(44)) - raft.server.retrycache.expirytime = 600000ms (custom)
2020-04-28 15:02:46,709 [pool-33-thread-1] INFO  metrics.RatisMetrics (RatisMetrics.java:lambda$create$0(39)) - Creating Metrics Registry : ratis.leader_election.0c77baeb-5007-49df-a0df-353f88a59e2b@group-419133A17C64
2020-04-28 15:02:46,710 [pool-33-thread-1] INFO  metrics.RatisMetrics (RatisMetrics.java:lambda$create$0(39)) - Creating Metrics Registry : ratis.server.0c77baeb-5007-49df-a0df-353f88a59e2b@group-419133A17C64
2020-04-28 15:02:46,715 [pool-63-thread-1] INFO  impl.RaftServerImpl (RaftServerImpl.java:<init>(97)) - cf9b015f-ec05-4d85-a0f4-292d32d317b2: new RaftServerImpl for group-25451118A216:[cf9b015f-ec05-4d85-a0f4-292d32d317b2:172.17.0.2:40581] with ContainerStateMachine:uninitialized
2020-04-28 15:02:46,715 [pool-63-thread-1] INFO  server.RaftServerConfigKeys (ConfUtils.java:logGet(44)) - raft.server.rpc.timeout.min = 5s (custom)
2020-04-28 15:02:46,715 [pool-63-thread-1] INFO  server.RaftServerConfigKeys (ConfUtils.java:logGet(44)) - raft.server.rpc.timeout.max = 5200ms (custom)
2020-04-28 15:02:46,715 [pool-63-thread-1] INFO  server.RaftServerConfigKeys (ConfUtils.java:logGet(44)) - raft.server.rpcslowness.timeout = 300s (custom)
2020-04-28 15:02:46,715 [pool-63-thread-1] INFO  server.RaftServerConfigKeys (ConfUtils.java:logGet(44)) - raft.server.sleep.deviation.threshold = 300 (default)
2020-04-28 15:02:46,715 [pool-63-thread-1] INFO  server.RaftServerConfigKeys (ConfUtils.java:logGet(44)) - raft.server.log.appender.install.snapshot.enabled = false (custom)
2020-04-28 15:02:46,715 [pool-63-thread-1] INFO  impl.RaftServerImpl (ServerState.java:<init>(103)) - cf9b015f-ec05-4d85-a0f4-292d32d317b2@group-25451118A216: ConfigurationManager, init=-1: [cf9b015f-ec05-4d85-a0f4-292d32d317b2:172.17.0.2:40581], old=null, confs=<EMPTY_MAP>
2020-04-28 15:02:46,715 [pool-63-thread-1] INFO  server.RaftServerConfigKeys (ConfUtils.java:logGet(44)) - raft.server.storage.dir = [/github/workspace/mnt/ozone/hadoop-ozone/integration-test/target/test-dir/MiniOzoneClusterImpl-86f4eb11-29f8-44af-977b-0135f9896c6d/datanode-2/data/ratis] (custom)
2020-04-28 15:02:46,716 [pool-63-thread-1] INFO  server.RaftServerConfigKeys (ConfUtils.java:logGet(44)) - raft.server.log.corruption.policy = EXCEPTION (default)
2020-04-28 15:02:46,716 [pool-63-thread-1] INFO  storage.RaftStorageDirectory (RaftStorageDirectory.java:analyzeStorage(253)) - The storage directory /github/workspace/mnt/ozone/hadoop-ozone/integration-test/target/test-dir/MiniOzoneClusterImpl-86f4eb11-29f8-44af-977b-0135f9896c6d/datanode-2/data/ratis/16d79ac3-8bb7-49d4-9322-25451118a216 does not exist. Creating ...
2020-04-28 15:02:46,722 [pool-48-thread-1] INFO  impl.RaftServerImpl (RaftServerImpl.java:start(183)) - 205d8ee6-3528-440b-987a-f4bb0a188214@group-419133A17C64: start as a follower, conf=-1: [cf9b015f-ec05-4d85-a0f4-292d32d317b2:172.17.0.2:40581, 205d8ee6-3528-440b-987a-f4bb0a188214:172.17.0.2:45945, 0c77baeb-5007-49df-a0df-353f88a59e2b:172.17.0.2:40509], old=null
2020-04-28 15:02:46,722 [pool-48-thread-1] INFO  impl.RaftServerImpl (RaftServerImpl.java:setRole(172)) - 205d8ee6-3528-440b-987a-f4bb0a188214@group-419133A17C64: changes role from      null to FOLLOWER at term 0 for startAsFollower
2020-04-28 15:02:46,722 [pool-48-thread-1] INFO  impl.RoleInfo (RoleInfo.java:updateAndGet(143)) - 205d8ee6-3528-440b-987a-f4bb0a188214: start FollowerState
2020-04-28 15:02:46,722 [pool-63-thread-1] INFO  storage.RaftStorageDirectory (RaftStorageDirectory.java:tryLock(335)) - Lock on /github/workspace/mnt/ozone/hadoop-ozone/integration-test/target/test-dir/MiniOzoneClusterImpl-86f4eb11-29f8-44af-977b-0135f9896c6d/datanode-2/data/ratis/16d79ac3-8bb7-49d4-9322-25451118a216/in_use.lock acquired by nodename 7259@f2af4a476004
2020-04-28 15:02:46,724 [pool-63-thread-1] INFO  storage.RaftStorage (RaftStorage.java:format(84)) - Storage directory /github/workspace/mnt/ozone/hadoop-ozone/integration-test/target/test-dir/MiniOzoneClusterImpl-86f4eb11-29f8-44af-977b-0135f9896c6d/datanode-2/data/ratis/16d79ac3-8bb7-49d4-9322-25451118a216 has been successfully formatted.
2020-04-28 15:02:46,726 [pool-48-thread-1] INFO  util.JmxRegister (JmxRegister.java:tryRegister(44)) - Successfully registered JMX Bean with object name Ratis:service=RaftServer,group=group-419133A17C64,id=205d8ee6-3528-440b-987a-f4bb0a188214
2020-04-28 15:02:46,726 [pool-48-thread-1] INFO  metrics.RatisMetrics (RatisMetrics.java:lambda$create$0(39)) - Creating Metrics Registry : ratis.state_machine.205d8ee6-3528-440b-987a-f4bb0a188214@group-419133A17C64
2020-04-28 15:02:46,729 [pool-63-thread-1] INFO  ratis.ContainerStateMachine (ContainerStateMachine.java:loadSnapshot(226)) - group-25451118A216: The snapshot info is null. Setting the last applied indexto:(t:0, i:~)
2020-04-28 15:02:46,729 [pool-63-thread-1] INFO  server.RaftServerConfigKeys (ConfUtils.java:logGet(44)) - raft.server.notification.no-leader.timeout = 60s (default)
2020-04-28 15:02:46,731 [pool-63-thread-1] INFO  server.RaftServerConfigKeys (ConfUtils.java:logGet(44)) - raft.server.log.use.memory = false (default)
2020-04-28 15:02:46,732 [pool-63-thread-1] INFO  server.RaftServerConfigKeys (ConfUtils.java:logGet(44)) - raft.server.log.purge.gap = 1000000 (custom)
2020-04-28 15:02:46,732 [pool-63-thread-1] INFO  server.RaftServerConfigKeys (ConfUtils.java:logGet(44)) - raft.server.log.appender.buffer.byte-limit = 33554432 (custom)
2020-04-28 15:02:46,732 [pool-63-thread-1] INFO  server.RaftServerConfigKeys (ConfUtils.java:logGet(44)) - raft.server.log.segment.size.max = 1048576 (custom)
2020-04-28 15:02:46,732 [pool-63-thread-1] INFO  metrics.RatisMetrics (RatisMetrics.java:lambda$create$0(39)) - Creating Metrics Registry : ratis.log_worker.cf9b015f-ec05-4d85-a0f4-292d32d317b2
2020-04-28 15:02:46,735 [EventQueue-PipelineReportForPipelineReportHandler] INFO  pipeline.PipelineStateManager (PipelineStateManager.java:openPipeline(131)) - Pipeline Pipeline[ Id: 16d79ac3-8bb7-49d4-9322-25451118a216, Nodes: cf9b015f-ec05-4d85-a0f4-292d32d317b2{ip: 172.17.0.2, host: f2af4a476004, networkLocation: /default-rack, certSerialId: null}, Type:RATIS, Factor:ONE, State:ALLOCATED, leaderId:cf9b015f-ec05-4d85-a0f4-292d32d317b2, CreationTimestamp2020-04-28T15:02:43.705Z] moved to OPEN state
2020-04-28 15:02:46,735 [EventQueue-OpenPipelineForHealthyPipelineSafeModeRule] INFO  safemode.SCMSafeModeManager (HealthyPipelineSafeModeRule.java:process(132)) - SCM in safe mode. Healthy pipelines reported count is 0, required healthy pipeline reported count is 1
2020-04-28 15:02:46,735 [EventQueue-OpenPipelineForOneReplicaPipelineSafeModeRule] INFO  safemode.SCMSafeModeManager (SCMSafeModeManager.java:validateSafeModeExitRules(213)) - AtleastOneDatanodeReportedRule rule is successfully validated
2020-04-28 15:02:46,736 [pool-63-thread-1] INFO  server.RaftServerConfigKeys (ConfUtils.java:logGet(44)) - raft.server.log.segment.cache.num.max = 2 (custom)
2020-04-28 15:02:46,737 [pool-63-thread-1] INFO  segmented.SegmentedRaftLogWorker (SegmentedRaftLogWorker.java:<init>(176)) - new cf9b015f-ec05-4d85-a0f4-292d32d317b2@group-25451118A216-SegmentedRaftLogWorker for RaftStorage:Storage Directory /github/workspace/mnt/ozone/hadoop-ozone/integration-test/target/test-dir/MiniOzoneClusterImpl-86f4eb11-29f8-44af-977b-0135f9896c6d/datanode-2/data/ratis/16d79ac3-8bb7-49d4-9322-25451118a216
2020-04-28 15:02:46,738 [pool-63-thread-1] INFO  server.RaftServerConfigKeys (ConfUtils.java:logGet(44)) - raft.server.log.queue.byte-limit = 2147483647 (custom)
2020-04-28 15:02:46,738 [pool-63-thread-1] INFO  server.RaftServerConfigKeys (ConfUtils.java:logGet(44)) - raft.server.log.queue.element-limit = 1024 (custom)
2020-04-28 15:02:46,738 [pool-63-thread-1] INFO  server.RaftServerConfigKeys (ConfUtils.java:logGet(44)) - raft.server.log.segment.size.max = 1048576 (custom)
2020-04-28 15:02:46,738 [pool-63-thread-1] INFO  server.RaftServerConfigKeys (ConfUtils.java:logGet(44)) - raft.server.log.preallocated.size = 16384 (custom)
2020-04-28 15:02:46,738 [pool-63-thread-1] INFO  server.RaftServerConfigKeys (ConfUtils.java:logGet(44)) - raft.server.log.write.buffer.size = 1048576 (custom)
2020-04-28 15:02:46,736 [pool-33-thread-1] INFO  impl.RaftServerImpl (RaftServerImpl.java:start(183)) - 0c77baeb-5007-49df-a0df-353f88a59e2b@group-419133A17C64: start as a follower, conf=-1: [cf9b015f-ec05-4d85-a0f4-292d32d317b2:172.17.0.2:40581, 205d8ee6-3528-440b-987a-f4bb0a188214:172.17.0.2:45945, 0c77baeb-5007-49df-a0df-353f88a59e2b:172.17.0.2:40509], old=null
2020-04-28 15:02:46,738 [pool-33-thread-1] INFO  impl.RaftServerImpl (RaftServerImpl.java:setRole(172)) - 0c77baeb-5007-49df-a0df-353f88a59e2b@group-419133A17C64: changes role from      null to FOLLOWER at term 0 for startAsFollower
2020-04-28 15:02:46,739 [pool-63-thread-1] INFO  server.RaftServerConfigKeys (ConfUtils.java:logGet(44)) - raft.server.log.force.sync.num = 128 (default)
2020-04-28 15:02:46,739 [pool-63-thread-1] INFO  server.RaftServerConfigKeys (ConfUtils.java:logGet(44)) - raft.server.log.statemachine.data.sync = true (default)
2020-04-28 15:02:46,739 [pool-63-thread-1] INFO  server.RaftServerConfigKeys (ConfUtils.java:logGet(44)) - raft.server.log.statemachine.data.sync.timeout = 10s (default)
2020-04-28 15:02:46,739 [pool-63-thread-1] INFO  server.RaftServerConfigKeys (ConfUtils.java:logGet(44)) - raft.server.log.statemachine.data.sync.timeout.retry = -1 (default)
2020-04-28 15:02:46,744 [pool-33-thread-1] INFO  impl.RoleInfo (RoleInfo.java:updateAndGet(143)) - 0c77baeb-5007-49df-a0df-353f88a59e2b: start FollowerState
2020-04-28 15:02:46,747 [pool-63-thread-1] INFO  server.RaftServerConfigKeys (ConfUtils.java:logGet(44)) - raft.server.log.statemachine.data.caching.enabled = true (custom)
2020-04-28 15:02:46,748 [pool-63-thread-1] INFO  segmented.SegmentedRaftLogWorker (SegmentedRaftLogWorker.java:lambda$new$0(129)) - cf9b015f-ec05-4d85-a0f4-292d32d317b2@group-25451118A216-SegmentedRaftLogWorker: flushIndex: setUnconditionally 0 -> -1
2020-04-28 15:02:46,748 [pool-33-thread-1] INFO  util.JmxRegister (JmxRegister.java:tryRegister(44)) - Successfully registered JMX Bean with object name Ratis:service=RaftServer,group=group-419133A17C64,id=0c77baeb-5007-49df-a0df-353f88a59e2b
2020-04-28 15:02:46,748 [pool-33-thread-1] INFO  metrics.RatisMetrics (RatisMetrics.java:lambda$create$0(39)) - Creating Metrics Registry : ratis.state_machine.0c77baeb-5007-49df-a0df-353f88a59e2b@group-419133A17C64
2020-04-28 15:02:46,755 [pool-63-thread-1] INFO  server.RaftServerConfigKeys (ConfUtils.java:logGet(44)) - raft.server.snapshot.auto.trigger.enabled = true (custom)
2020-04-28 15:02:46,755 [pool-63-thread-1] INFO  server.RaftServerConfigKeys (ConfUtils.java:logGet(44)) - raft.server.snapshot.auto.trigger.threshold = 10000 (custom)
2020-04-28 15:02:46,755 [pool-63-thread-1] INFO  server.RaftServerConfigKeys (ConfUtils.java:logGet(44)) - raft.server.snapshot.retention.file.num = 5 (custom)
2020-04-28 15:02:46,755 [pool-63-thread-1] INFO  server.RaftServerConfigKeys (ConfUtils.java:logGet(44)) - raft.server.retrycache.expirytime = 600000ms (custom)
2020-04-28 15:02:46,755 [pool-63-thread-1] INFO  metrics.RatisMetrics (RatisMetrics.java:lambda$create$0(39)) - Creating Metrics Registry : ratis.leader_election.cf9b015f-ec05-4d85-a0f4-292d32d317b2@group-25451118A216
2020-04-28 15:02:46,763 [pool-63-thread-1] INFO  metrics.RatisMetrics (RatisMetrics.java:lambda$create$0(39)) - Creating Metrics Registry : ratis.server.cf9b015f-ec05-4d85-a0f4-292d32d317b2@group-25451118A216
2020-04-28 15:02:46,787 [pool-63-thread-1] INFO  impl.RaftServerImpl (RaftServerImpl.java:start(183)) - cf9b015f-ec05-4d85-a0f4-292d32d317b2@group-25451118A216: start as a follower, conf=-1: [cf9b015f-ec05-4d85-a0f4-292d32d317b2:172.17.0.2:40581], old=null
2020-04-28 15:02:46,787 [pool-63-thread-1] INFO  impl.RaftServerImpl (RaftServerImpl.java:setRole(172)) - cf9b015f-ec05-4d85-a0f4-292d32d317b2@group-25451118A216: changes role from      null to FOLLOWER at term 0 for startAsFollower
2020-04-28 15:02:46,787 [pool-63-thread-1] INFO  impl.RoleInfo (RoleInfo.java:updateAndGet(143)) - cf9b015f-ec05-4d85-a0f4-292d32d317b2: start FollowerState
2020-04-28 15:02:46,788 [pool-63-thread-1] INFO  util.JmxRegister (JmxRegister.java:tryRegister(44)) - Successfully registered JMX Bean with object name Ratis:service=RaftServer,group=group-25451118A216,id=cf9b015f-ec05-4d85-a0f4-292d32d317b2
2020-04-28 15:02:46,788 [pool-63-thread-1] INFO  metrics.RatisMetrics (RatisMetrics.java:lambda$create$0(39)) - Creating Metrics Registry : ratis.state_machine.cf9b015f-ec05-4d85-a0f4-292d32d317b2@group-25451118A216
2020-04-28 15:02:46,795 [Command processor thread] INFO  commandhandler.CreatePipelineCommandHandler (CreatePipelineCommandHandler.java:handle(109)) - Created Pipeline RATIS ONE #id: "16d79ac3-8bb7-49d4-9322-25451118a216"
.
2020-04-28 15:02:46,796 [Command processor thread] INFO  impl.RaftServerProxy (RaftServerProxy.java:addNew(89)) - cf9b015f-ec05-4d85-a0f4-292d32d317b2: addNew group-419133A17C64:[cf9b015f-ec05-4d85-a0f4-292d32d317b2:172.17.0.2:40581, 205d8ee6-3528-440b-987a-f4bb0a188214:172.17.0.2:45945, 0c77baeb-5007-49df-a0df-353f88a59e2b:172.17.0.2:40509] returns group-419133A17C64:java.util.concurrent.CompletableFuture@53ef03e3[Not completed]
2020-04-28 15:02:46,798 [pool-63-thread-1] INFO  impl.RaftServerImpl (RaftServerImpl.java:<init>(97)) - cf9b015f-ec05-4d85-a0f4-292d32d317b2: new RaftServerImpl for group-419133A17C64:[cf9b015f-ec05-4d85-a0f4-292d32d317b2:172.17.0.2:40581, 205d8ee6-3528-440b-987a-f4bb0a188214:172.17.0.2:45945, 0c77baeb-5007-49df-a0df-353f88a59e2b:172.17.0.2:40509] with ContainerStateMachine:uninitialized
2020-04-28 15:02:46,798 [pool-63-thread-1] INFO  server.RaftServerConfigKeys (ConfUtils.java:logGet(44)) - raft.server.rpc.timeout.min = 5s (custom)
2020-04-28 15:02:46,798 [pool-63-thread-1] INFO  server.RaftServerConfigKeys (ConfUtils.java:logGet(44)) - raft.server.rpc.timeout.max = 5200ms (custom)
2020-04-28 15:02:46,798 [pool-63-thread-1] INFO  server.RaftServerConfigKeys (ConfUtils.java:logGet(44)) - raft.server.rpcslowness.timeout = 300s (custom)
2020-04-28 15:02:46,798 [pool-63-thread-1] INFO  server.RaftServerConfigKeys (ConfUtils.java:logGet(44)) - raft.server.sleep.deviation.threshold = 300 (default)
2020-04-28 15:02:46,798 [pool-63-thread-1] INFO  server.RaftServerConfigKeys (ConfUtils.java:logGet(44)) - raft.server.log.appender.install.snapshot.enabled = false (custom)
2020-04-28 15:02:46,799 [pool-63-thread-1] INFO  impl.RaftServerImpl (ServerState.java:<init>(103)) - cf9b015f-ec05-4d85-a0f4-292d32d317b2@group-419133A17C64: ConfigurationManager, init=-1: [cf9b015f-ec05-4d85-a0f4-292d32d317b2:172.17.0.2:40581, 205d8ee6-3528-440b-987a-f4bb0a188214:172.17.0.2:45945, 0c77baeb-5007-49df-a0df-353f88a59e2b:172.17.0.2:40509], old=null, confs=<EMPTY_MAP>
2020-04-28 15:02:46,799 [pool-63-thread-1] INFO  server.RaftServerConfigKeys (ConfUtils.java:logGet(44)) - raft.server.storage.dir = [/github/workspace/mnt/ozone/hadoop-ozone/integration-test/target/test-dir/MiniOzoneClusterImpl-86f4eb11-29f8-44af-977b-0135f9896c6d/datanode-2/data/ratis] (custom)
2020-04-28 15:02:46,799 [pool-63-thread-1] INFO  server.RaftServerConfigKeys (ConfUtils.java:logGet(44)) - raft.server.log.corruption.policy = EXCEPTION (default)
2020-04-28 15:02:46,799 [pool-63-thread-1] INFO  storage.RaftStorageDirectory (RaftStorageDirectory.java:analyzeStorage(253)) - The storage directory /github/workspace/mnt/ozone/hadoop-ozone/integration-test/target/test-dir/MiniOzoneClusterImpl-86f4eb11-29f8-44af-977b-0135f9896c6d/datanode-2/data/ratis/f03e2499-b46c-4520-994d-419133a17c64 does not exist. Creating ...
2020-04-28 15:02:46,806 [pool-63-thread-1] INFO  storage.RaftStorageDirectory (RaftStorageDirectory.java:tryLock(335)) - Lock on /github/workspace/mnt/ozone/hadoop-ozone/integration-test/target/test-dir/MiniOzoneClusterImpl-86f4eb11-29f8-44af-977b-0135f9896c6d/datanode-2/data/ratis/f03e2499-b46c-4520-994d-419133a17c64/in_use.lock acquired by nodename 7259@f2af4a476004
2020-04-28 15:02:46,807 [pool-63-thread-1] INFO  storage.RaftStorage (RaftStorage.java:format(84)) - Storage directory /github/workspace/mnt/ozone/hadoop-ozone/integration-test/target/test-dir/MiniOzoneClusterImpl-86f4eb11-29f8-44af-977b-0135f9896c6d/datanode-2/data/ratis/f03e2499-b46c-4520-994d-419133a17c64 has been successfully formatted.
2020-04-28 15:02:46,811 [pool-63-thread-1] INFO  ratis.ContainerStateMachine (ContainerStateMachine.java:loadSnapshot(226)) - group-419133A17C64: The snapshot info is null. Setting the last applied indexto:(t:0, i:~)
2020-04-28 15:02:46,814 [pool-63-thread-1] INFO  server.RaftServerConfigKeys (ConfUtils.java:logGet(44)) - raft.server.notification.no-leader.timeout = 60s (default)
2020-04-28 15:02:46,814 [pool-63-thread-1] INFO  server.RaftServerConfigKeys (ConfUtils.java:logGet(44)) - raft.server.log.use.memory = false (default)
2020-04-28 15:02:46,815 [pool-63-thread-1] INFO  server.RaftServerConfigKeys (ConfUtils.java:logGet(44)) - raft.server.log.purge.gap = 1000000 (custom)
2020-04-28 15:02:46,815 [pool-63-thread-1] INFO  server.RaftServerConfigKeys (ConfUtils.java:logGet(44)) - raft.server.log.appender.buffer.byte-limit = 33554432 (custom)
2020-04-28 15:02:46,815 [pool-63-thread-1] INFO  server.RaftServerConfigKeys (ConfUtils.java:logGet(44)) - raft.server.log.segment.size.max = 1048576 (custom)
2020-04-28 15:02:46,815 [pool-63-thread-1] INFO  server.RaftServerConfigKeys (ConfUtils.java:logGet(44)) - raft.server.log.segment.cache.num.max = 2 (custom)
2020-04-28 15:02:46,815 [pool-63-thread-1] INFO  segmented.SegmentedRaftLogWorker (SegmentedRaftLogWorker.java:<init>(176)) - new cf9b015f-ec05-4d85-a0f4-292d32d317b2@group-419133A17C64-SegmentedRaftLogWorker for RaftStorage:Storage Directory /github/workspace/mnt/ozone/hadoop-ozone/integration-test/target/test-dir/MiniOzoneClusterImpl-86f4eb11-29f8-44af-977b-0135f9896c6d/datanode-2/data/ratis/f03e2499-b46c-4520-994d-419133a17c64
2020-04-28 15:02:46,815 [pool-63-thread-1] INFO  server.RaftServerConfigKeys (ConfUtils.java:logGet(44)) - raft.server.log.queue.byte-limit = 2147483647 (custom)
2020-04-28 15:02:46,815 [pool-63-thread-1] INFO  server.RaftServerConfigKeys (ConfUtils.java:logGet(44)) - raft.server.log.queue.element-limit = 1024 (custom)
2020-04-28 15:02:46,816 [pool-63-thread-1] INFO  server.RaftServerConfigKeys (ConfUtils.java:logGet(44)) - raft.server.log.segment.size.max = 1048576 (custom)
2020-04-28 15:02:46,816 [pool-63-thread-1] INFO  server.RaftServerConfigKeys (ConfUtils.java:logGet(44)) - raft.server.log.preallocated.size = 16384 (custom)
2020-04-28 15:02:46,816 [pool-63-thread-1] INFO  server.RaftServerConfigKeys (ConfUtils.java:logGet(44)) - raft.server.log.write.buffer.size = 1048576 (custom)
2020-04-28 15:02:46,816 [pool-63-thread-1] INFO  server.RaftServerConfigKeys (ConfUtils.java:logGet(44)) - raft.server.log.force.sync.num = 128 (default)
2020-04-28 15:02:46,816 [pool-63-thread-1] INFO  server.RaftServerConfigKeys (ConfUtils.java:logGet(44)) - raft.server.log.statemachine.data.sync = true (default)
2020-04-28 15:02:46,816 [pool-63-thread-1] INFO  server.RaftServerConfigKeys (ConfUtils.java:logGet(44)) - raft.server.log.statemachine.data.sync.timeout = 10s (default)
2020-04-28 15:02:46,816 [pool-63-thread-1] INFO  server.RaftServerConfigKeys (ConfUtils.java:logGet(44)) - raft.server.log.statemachine.data.sync.timeout.retry = -1 (default)
2020-04-28 15:02:46,817 [pool-63-thread-1] INFO  server.RaftServerConfigKeys (ConfUtils.java:logGet(44)) - raft.server.log.statemachine.data.caching.enabled = true (custom)
2020-04-28 15:02:46,817 [pool-63-thread-1] INFO  segmented.SegmentedRaftLogWorker (SegmentedRaftLogWorker.java:lambda$new$0(129)) - cf9b015f-ec05-4d85-a0f4-292d32d317b2@group-419133A17C64-SegmentedRaftLogWorker: flushIndex: setUnconditionally 0 -> -1
2020-04-28 15:02:46,827 [Command processor thread] INFO  impl.RaftServerProxy (RaftServerProxy.java:addNew(89)) - 5b5a3a79-dd88-4ffc-b00f-5fb4dfac4a04: addNew group-6B0CC013E863:[5b5a3a79-dd88-4ffc-b00f-5fb4dfac4a04:172.17.0.2:46387] returns group-6B0CC013E863:java.util.concurrent.CompletableFuture@2c209ec3[Not completed]
2020-04-28 15:02:46,827 [pool-63-thread-1] INFO  server.RaftServerConfigKeys (ConfUtils.java:logGet(44)) - raft.server.snapshot.auto.trigger.enabled = true (custom)
2020-04-28 15:02:46,828 [pool-63-thread-1] INFO  server.RaftServerConfigKeys (ConfUtils.java:logGet(44)) - raft.server.snapshot.auto.trigger.threshold = 10000 (custom)
2020-04-28 15:02:46,828 [pool-63-thread-1] INFO  server.RaftServerConfigKeys (ConfUtils.java:logGet(44)) - raft.server.snapshot.retention.file.num = 5 (custom)
2020-04-28 15:02:46,828 [pool-63-thread-1] INFO  server.RaftServerConfigKeys (ConfUtils.java:logGet(44)) - raft.server.retrycache.expirytime = 600000ms (custom)
2020-04-28 15:02:46,829 [pool-78-thread-1] INFO  impl.RaftServerImpl (RaftServerImpl.java:<init>(97)) - 5b5a3a79-dd88-4ffc-b00f-5fb4dfac4a04: new RaftServerImpl for group-6B0CC013E863:[5b5a3a79-dd88-4ffc-b00f-5fb4dfac4a04:172.17.0.2:46387] with ContainerStateMachine:uninitialized
2020-04-28 15:02:46,829 [pool-78-thread-1] INFO  server.RaftServerConfigKeys (ConfUtils.java:logGet(44)) - raft.server.rpc.timeout.min = 5s (custom)
2020-04-28 15:02:46,830 [pool-78-thread-1] INFO  server.RaftServerConfigKeys (ConfUtils.java:logGet(44)) - raft.server.rpc.timeout.max = 5200ms (custom)
2020-04-28 15:02:46,830 [pool-78-thread-1] INFO  server.RaftServerConfigKeys (ConfUtils.java:logGet(44)) - raft.server.rpcslowness.timeout = 300s (custom)
2020-04-28 15:02:46,830 [pool-78-thread-1] INFO  server.RaftServerConfigKeys (ConfUtils.java:logGet(44)) - raft.server.sleep.deviation.threshold = 300 (default)
2020-04-28 15:02:46,830 [pool-78-thread-1] INFO  server.RaftServerConfigKeys (ConfUtils.java:logGet(44)) - raft.server.log.appender.install.snapshot.enabled = false (custom)
2020-04-28 15:02:46,830 [pool-78-thread-1] INFO  impl.RaftServerImpl (ServerState.java:<init>(103)) - 5b5a3a79-dd88-4ffc-b00f-5fb4dfac4a04@group-6B0CC013E863: ConfigurationManager, init=-1: [5b5a3a79-dd88-4ffc-b00f-5fb4dfac4a04:172.17.0.2:46387], old=null, confs=<EMPTY_MAP>
2020-04-28 15:02:46,830 [pool-78-thread-1] INFO  server.RaftServerConfigKeys (ConfUtils.java:logGet(44)) - raft.server.storage.dir = [/github/workspace/mnt/ozone/hadoop-ozone/integration-test/target/test-dir/MiniOzoneClusterImpl-86f4eb11-29f8-44af-977b-0135f9896c6d/datanode-3/data/ratis] (custom)
2020-04-28 15:02:46,830 [pool-78-thread-1] INFO  server.RaftServerConfigKeys (ConfUtils.java:logGet(44)) - raft.server.log.corruption.policy = EXCEPTION (default)
2020-04-28 15:02:46,831 [pool-78-thread-1] INFO  storage.RaftStorageDirectory (RaftStorageDirectory.java:analyzeStorage(253)) - The storage directory /github/workspace/mnt/ozone/hadoop-ozone/integration-test/target/test-dir/MiniOzoneClusterImpl-86f4eb11-29f8-44af-977b-0135f9896c6d/datanode-3/data/ratis/8ec51516-e6a9-43cd-bb2b-6b0cc013e863 does not exist. Creating ...
2020-04-28 15:02:46,836 [pool-63-thread-1] INFO  metrics.RatisMetrics (RatisMetrics.java:lambda$create$0(39)) - Creating Metrics Registry : ratis.leader_election.cf9b015f-ec05-4d85-a0f4-292d32d317b2@group-419133A17C64
2020-04-28 15:02:46,838 [pool-63-thread-1] INFO  metrics.RatisMetrics (RatisMetrics.java:lambda$create$0(39)) - Creating Metrics Registry : ratis.server.cf9b015f-ec05-4d85-a0f4-292d32d317b2@group-419133A17C64
2020-04-28 15:02:46,841 [pool-63-thread-1] INFO  impl.RaftServerImpl (RaftServerImpl.java:start(183)) - cf9b015f-ec05-4d85-a0f4-292d32d317b2@group-419133A17C64: start as a follower, conf=-1: [cf9b015f-ec05-4d85-a0f4-292d32d317b2:172.17.0.2:40581, 205d8ee6-3528-440b-987a-f4bb0a188214:172.17.0.2:45945, 0c77baeb-5007-49df-a0df-353f88a59e2b:172.17.0.2:40509], old=null
2020-04-28 15:02:46,841 [pool-63-thread-1] INFO  impl.RaftServerImpl (RaftServerImpl.java:setRole(172)) - cf9b015f-ec05-4d85-a0f4-292d32d317b2@group-419133A17C64: changes role from      null to FOLLOWER at term 0 for startAsFollower
2020-04-28 15:02:46,841 [pool-63-thread-1] INFO  impl.RoleInfo (RoleInfo.java:updateAndGet(143)) - cf9b015f-ec05-4d85-a0f4-292d32d317b2: start FollowerState
2020-04-28 15:02:46,841 [pool-78-thread-1] INFO  storage.RaftStorageDirectory (RaftStorageDirectory.java:tryLock(335)) - Lock on /github/workspace/mnt/ozone/hadoop-ozone/integration-test/target/test-dir/MiniOzoneClusterImpl-86f4eb11-29f8-44af-977b-0135f9896c6d/datanode-3/data/ratis/8ec51516-e6a9-43cd-bb2b-6b0cc013e863/in_use.lock acquired by nodename 7259@f2af4a476004
2020-04-28 15:02:46,848 [pool-63-thread-1] INFO  util.JmxRegister (JmxRegister.java:tryRegister(44)) - Successfully registered JMX Bean with object name Ratis:service=RaftServer,group=group-419133A17C64,id=cf9b015f-ec05-4d85-a0f4-292d32d317b2
2020-04-28 15:02:46,848 [pool-63-thread-1] INFO  metrics.RatisMetrics (RatisMetrics.java:lambda$create$0(39)) - Creating Metrics Registry : ratis.state_machine.cf9b015f-ec05-4d85-a0f4-292d32d317b2@group-419133A17C64
2020-04-28 15:02:46,854 [pool-78-thread-1] INFO  storage.RaftStorage (RaftStorage.java:format(84)) - Storage directory /github/workspace/mnt/ozone/hadoop-ozone/integration-test/target/test-dir/MiniOzoneClusterImpl-86f4eb11-29f8-44af-977b-0135f9896c6d/datanode-3/data/ratis/8ec51516-e6a9-43cd-bb2b-6b0cc013e863 has been successfully formatted.
2020-04-28 15:02:46,859 [pool-78-thread-1] INFO  ratis.ContainerStateMachine (ContainerStateMachine.java:loadSnapshot(226)) - group-6B0CC013E863: The snapshot info is null. Setting the last applied indexto:(t:0, i:~)
2020-04-28 15:02:46,859 [pool-78-thread-1] INFO  server.RaftServerConfigKeys (ConfUtils.java:logGet(44)) - raft.server.notification.no-leader.timeout = 60s (default)
2020-04-28 15:02:46,859 [pool-78-thread-1] INFO  server.RaftServerConfigKeys (ConfUtils.java:logGet(44)) - raft.server.log.use.memory = false (default)
2020-04-28 15:02:46,859 [pool-78-thread-1] INFO  server.RaftServerConfigKeys (ConfUtils.java:logGet(44)) - raft.server.log.purge.gap = 1000000 (custom)
2020-04-28 15:02:46,860 [pool-78-thread-1] INFO  server.RaftServerConfigKeys (ConfUtils.java:logGet(44)) - raft.server.log.appender.buffer.byte-limit = 33554432 (custom)
2020-04-28 15:02:46,860 [pool-78-thread-1] INFO  server.RaftServerConfigKeys (ConfUtils.java:logGet(44)) - raft.server.log.segment.size.max = 1048576 (custom)
2020-04-28 15:02:46,860 [pool-78-thread-1] INFO  metrics.RatisMetrics (RatisMetrics.java:lambda$create$0(39)) - Creating Metrics Registry : ratis.log_worker.5b5a3a79-dd88-4ffc-b00f-5fb4dfac4a04
2020-04-28 15:02:46,860 [pool-78-thread-1] INFO  server.RaftServerConfigKeys (ConfUtils.java:logGet(44)) - raft.server.log.segment.cache.num.max = 2 (custom)
2020-04-28 15:02:46,860 [pool-78-thread-1] INFO  segmented.SegmentedRaftLogWorker (SegmentedRaftLogWorker.java:<init>(176)) - new 5b5a3a79-dd88-4ffc-b00f-5fb4dfac4a04@group-6B0CC013E863-SegmentedRaftLogWorker for RaftStorage:Storage Directory /github/workspace/mnt/ozone/hadoop-ozone/integration-test/target/test-dir/MiniOzoneClusterImpl-86f4eb11-29f8-44af-977b-0135f9896c6d/datanode-3/data/ratis/8ec51516-e6a9-43cd-bb2b-6b0cc013e863
2020-04-28 15:02:46,860 [pool-78-thread-1] INFO  server.RaftServerConfigKeys (ConfUtils.java:logGet(44)) - raft.server.log.queue.byte-limit = 2147483647 (custom)
2020-04-28 15:02:46,860 [pool-78-thread-1] INFO  server.RaftServerConfigKeys (ConfUtils.java:logGet(44)) - raft.server.log.queue.element-limit = 1024 (custom)
2020-04-28 15:02:46,861 [pool-78-thread-1] INFO  server.RaftServerConfigKeys (ConfUtils.java:logGet(44)) - raft.server.log.segment.size.max = 1048576 (custom)
2020-04-28 15:02:46,861 [pool-78-thread-1] INFO  server.RaftServerConfigKeys (ConfUtils.java:logGet(44)) - raft.server.log.preallocated.size = 16384 (custom)
2020-04-28 15:02:46,861 [pool-78-thread-1] INFO  server.RaftServerConfigKeys (ConfUtils.java:logGet(44)) - raft.server.log.write.buffer.size = 1048576 (custom)
2020-04-28 15:02:46,861 [pool-78-thread-1] INFO  server.RaftServerConfigKeys (ConfUtils.java:logGet(44)) - raft.server.log.force.sync.num = 128 (default)
2020-04-28 15:02:46,861 [pool-78-thread-1] INFO  server.RaftServerConfigKeys (ConfUtils.java:logGet(44)) - raft.server.log.statemachine.data.sync = true (default)
2020-04-28 15:02:46,861 [pool-78-thread-1] INFO  server.RaftServerConfigKeys (ConfUtils.java:logGet(44)) - raft.server.log.statemachine.data.sync.timeout = 10s (default)
2020-04-28 15:02:46,861 [pool-78-thread-1] INFO  server.RaftServerConfigKeys (ConfUtils.java:logGet(44)) - raft.server.log.statemachine.data.sync.timeout.retry = -1 (default)
2020-04-28 15:02:46,865 [EventQueue-PipelineReportForPipelineReportHandler] INFO  pipeline.PipelineStateManager (PipelineStateManager.java:openPipeline(131)) - Pipeline Pipeline[ Id: 8ec51516-e6a9-43cd-bb2b-6b0cc013e863, Nodes: 5b5a3a79-dd88-4ffc-b00f-5fb4dfac4a04{ip: 172.17.0.2, host: f2af4a476004, networkLocation: /default-rack, certSerialId: null}, Type:RATIS, Factor:ONE, State:ALLOCATED, leaderId:5b5a3a79-dd88-4ffc-b00f-5fb4dfac4a04, CreationTimestamp2020-04-28T15:02:43.829Z] moved to OPEN state
2020-04-28 15:02:46,865 [EventQueue-OpenPipelineForHealthyPipelineSafeModeRule] INFO  safemode.SCMSafeModeManager (HealthyPipelineSafeModeRule.java:process(132)) - SCM in safe mode. Healthy pipelines reported count is 0, required healthy pipeline reported count is 1
2020-04-28 15:02:46,865 [EventQueue-OpenPipelineForOneReplicaPipelineSafeModeRule] INFO  safemode.SCMSafeModeManager (SCMSafeModeManager.java:validateSafeModeExitRules(213)) - AtleastOneDatanodeReportedRule rule is successfully validated
2020-04-28 15:02:46,868 [pool-78-thread-1] INFO  server.RaftServerConfigKeys (ConfUtils.java:logGet(44)) - raft.server.log.statemachine.data.caching.enabled = true (custom)
2020-04-28 15:02:46,868 [pool-78-thread-1] INFO  segmented.SegmentedRaftLogWorker (SegmentedRaftLogWorker.java:lambda$new$0(129)) - 5b5a3a79-dd88-4ffc-b00f-5fb4dfac4a04@group-6B0CC013E863-SegmentedRaftLogWorker: flushIndex: setUnconditionally 0 -> -1
2020-04-28 15:02:46,869 [pool-78-thread-1] INFO  server.RaftServerConfigKeys (ConfUtils.java:logGet(44)) - raft.server.snapshot.auto.trigger.enabled = true (custom)
2020-04-28 15:02:46,869 [pool-78-thread-1] INFO  server.RaftServerConfigKeys (ConfUtils.java:logGet(44)) - raft.server.snapshot.auto.trigger.threshold = 10000 (custom)
2020-04-28 15:02:46,869 [pool-78-thread-1] INFO  server.RaftServerConfigKeys (ConfUtils.java:logGet(44)) - raft.server.snapshot.retention.file.num = 5 (custom)
2020-04-28 15:02:46,869 [pool-78-thread-1] INFO  server.RaftServerConfigKeys (ConfUtils.java:logGet(44)) - raft.server.retrycache.expirytime = 600000ms (custom)
2020-04-28 15:02:46,869 [pool-78-thread-1] INFO  metrics.RatisMetrics (RatisMetrics.java:lambda$create$0(39)) - Creating Metrics Registry : ratis.leader_election.5b5a3a79-dd88-4ffc-b00f-5fb4dfac4a04@group-6B0CC013E863
2020-04-28 15:02:46,870 [pool-78-thread-1] INFO  metrics.RatisMetrics (RatisMetrics.java:lambda$create$0(39)) - Creating Metrics Registry : ratis.server.5b5a3a79-dd88-4ffc-b00f-5fb4dfac4a04@group-6B0CC013E863
2020-04-28 15:02:46,872 [pool-78-thread-1] INFO  impl.RaftServerImpl (RaftServerImpl.java:start(183)) - 5b5a3a79-dd88-4ffc-b00f-5fb4dfac4a04@group-6B0CC013E863: start as a follower, conf=-1: [5b5a3a79-dd88-4ffc-b00f-5fb4dfac4a04:172.17.0.2:46387], old=null
2020-04-28 15:02:46,872 [pool-78-thread-1] INFO  impl.RaftServerImpl (RaftServerImpl.java:setRole(172)) - 5b5a3a79-dd88-4ffc-b00f-5fb4dfac4a04@group-6B0CC013E863: changes role from      null to FOLLOWER at term 0 for startAsFollower
2020-04-28 15:02:46,872 [pool-78-thread-1] INFO  impl.RoleInfo (RoleInfo.java:updateAndGet(143)) - 5b5a3a79-dd88-4ffc-b00f-5fb4dfac4a04: start FollowerState
2020-04-28 15:02:46,891 [pool-78-thread-1] INFO  util.JmxRegister (JmxRegister.java:tryRegister(44)) - Successfully registered JMX Bean with object name Ratis:service=RaftServer,group=group-6B0CC013E863,id=5b5a3a79-dd88-4ffc-b00f-5fb4dfac4a04
2020-04-28 15:02:46,891 [pool-78-thread-1] INFO  metrics.RatisMetrics (RatisMetrics.java:lambda$create$0(39)) - Creating Metrics Registry : ratis.state_machine.5b5a3a79-dd88-4ffc-b00f-5fb4dfac4a04@group-6B0CC013E863
2020-04-28 15:02:46,892 [Command processor thread] INFO  commandhandler.CreatePipelineCommandHandler (CreatePipelineCommandHandler.java:handle(109)) - Created Pipeline RATIS ONE #id: "8ec51516-e6a9-43cd-bb2b-6b0cc013e863"
.
2020-04-28 15:02:46,893 [Command processor thread] INFO  impl.RaftServerProxy (RaftServerProxy.java:addNew(89)) - 5b5a3a79-dd88-4ffc-b00f-5fb4dfac4a04: addNew group-6A808ADAF50F:[5b5a3a79-dd88-4ffc-b00f-5fb4dfac4a04:172.17.0.2:46387, 5e3ccaa4-afb5-4d31-b7ad-1487e29be196:172.17.0.2:39853, fe566f1b-c7f2-4e01-8c59-fb4573cfb5f5:172.17.0.2:34109] returns group-6A808ADAF50F:java.util.concurrent.CompletableFuture@281f1f9f[Not completed]
2020-04-28 15:02:46,894 [pool-78-thread-1] INFO  impl.RaftServerImpl (RaftServerImpl.java:<init>(97)) - 5b5a3a79-dd88-4ffc-b00f-5fb4dfac4a04: new RaftServerImpl for group-6A808ADAF50F:[5b5a3a79-dd88-4ffc-b00f-5fb4dfac4a04:172.17.0.2:46387, 5e3ccaa4-afb5-4d31-b7ad-1487e29be196:172.17.0.2:39853, fe566f1b-c7f2-4e01-8c59-fb4573cfb5f5:172.17.0.2:34109] with ContainerStateMachine:uninitialized
2020-04-28 15:02:46,894 [pool-78-thread-1] INFO  server.RaftServerConfigKeys (ConfUtils.java:logGet(44)) - raft.server.rpc.timeout.min = 5s (custom)
2020-04-28 15:02:46,895 [pool-78-thread-1] INFO  server.RaftServerConfigKeys (ConfUtils.java:logGet(44)) - raft.server.rpc.timeout.max = 5200ms (custom)
2020-04-28 15:02:46,895 [pool-78-thread-1] INFO  server.RaftServerConfigKeys (ConfUtils.java:logGet(44)) - raft.server.rpcslowness.timeout = 300s (custom)
2020-04-28 15:02:46,895 [pool-78-thread-1] INFO  server.RaftServerConfigKeys (ConfUtils.java:logGet(44)) - raft.server.sleep.deviation.threshold = 300 (default)
2020-04-28 15:02:46,895 [pool-78-thread-1] INFO  server.RaftServerConfigKeys (ConfUtils.java:logGet(44)) - raft.server.log.appender.install.snapshot.enabled = false (custom)
2020-04-28 15:02:46,895 [pool-78-thread-1] INFO  impl.RaftServerImpl (ServerState.java:<init>(103)) - 5b5a3a79-dd88-4ffc-b00f-5fb4dfac4a04@group-6A808ADAF50F: ConfigurationManager, init=-1: [5b5a3a79-dd88-4ffc-b00f-5fb4dfac4a04:172.17.0.2:46387, 5e3ccaa4-afb5-4d31-b7ad-1487e29be196:172.17.0.2:39853, fe566f1b-c7f2-4e01-8c59-fb4573cfb5f5:172.17.0.2:34109], old=null, confs=<EMPTY_MAP>
2020-04-28 15:02:46,895 [pool-78-thread-1] INFO  server.RaftServerConfigKeys (ConfUtils.java:logGet(44)) - raft.server.storage.dir = [/github/workspace/mnt/ozone/hadoop-ozone/integration-test/target/test-dir/MiniOzoneClusterImpl-86f4eb11-29f8-44af-977b-0135f9896c6d/datanode-3/data/ratis] (custom)
2020-04-28 15:02:46,896 [pool-78-thread-1] INFO  server.RaftServerConfigKeys (ConfUtils.java:logGet(44)) - raft.server.log.corruption.policy = EXCEPTION (default)
2020-04-28 15:02:46,896 [pool-78-thread-1] INFO  storage.RaftStorageDirectory (RaftStorageDirectory.java:analyzeStorage(253)) - The storage directory /github/workspace/mnt/ozone/hadoop-ozone/integration-test/target/test-dir/MiniOzoneClusterImpl-86f4eb11-29f8-44af-977b-0135f9896c6d/datanode-3/data/ratis/7c79c05b-75ce-4765-ab03-6a808adaf50f does not exist. Creating ...
2020-04-28 15:02:46,904 [pool-78-thread-1] INFO  storage.RaftStorageDirectory (RaftStorageDirectory.java:tryLock(335)) - Lock on /github/workspace/mnt/ozone/hadoop-ozone/integration-test/target/test-dir/MiniOzoneClusterImpl-86f4eb11-29f8-44af-977b-0135f9896c6d/datanode-3/data/ratis/7c79c05b-75ce-4765-ab03-6a808adaf50f/in_use.lock acquired by nodename 7259@f2af4a476004
2020-04-28 15:02:46,906 [pool-78-thread-1] INFO  storage.RaftStorage (RaftStorage.java:format(84)) - Storage directory /github/workspace/mnt/ozone/hadoop-ozone/integration-test/target/test-dir/MiniOzoneClusterImpl-86f4eb11-29f8-44af-977b-0135f9896c6d/datanode-3/data/ratis/7c79c05b-75ce-4765-ab03-6a808adaf50f has been successfully formatted.
2020-04-28 15:02:46,906 [pool-78-thread-1] INFO  ratis.ContainerStateMachine (ContainerStateMachine.java:loadSnapshot(226)) - group-6A808ADAF50F: The snapshot info is null. Setting the last applied indexto:(t:0, i:~)
2020-04-28 15:02:46,906 [pool-78-thread-1] INFO  server.RaftServerConfigKeys (ConfUtils.java:logGet(44)) - raft.server.notification.no-leader.timeout = 60s (default)
2020-04-28 15:02:46,906 [pool-78-thread-1] INFO  server.RaftServerConfigKeys (ConfUtils.java:logGet(44)) - raft.server.log.use.memory = false (default)
2020-04-28 15:02:46,907 [pool-78-thread-1] INFO  server.RaftServerConfigKeys (ConfUtils.java:logGet(44)) - raft.server.log.purge.gap = 1000000 (custom)
2020-04-28 15:02:46,907 [pool-78-thread-1] INFO  server.RaftServerConfigKeys (ConfUtils.java:logGet(44)) - raft.server.log.appender.buffer.byte-limit = 33554432 (custom)
2020-04-28 15:02:46,907 [pool-78-thread-1] INFO  server.RaftServerConfigKeys (ConfUtils.java:logGet(44)) - raft.server.log.segment.size.max = 1048576 (custom)
2020-04-28 15:02:46,908 [pool-78-thread-1] INFO  server.RaftServerConfigKeys (ConfUtils.java:logGet(44)) - raft.server.log.segment.cache.num.max = 2 (custom)
2020-04-28 15:02:46,908 [pool-78-thread-1] INFO  segmented.SegmentedRaftLogWorker (SegmentedRaftLogWorker.java:<init>(176)) - new 5b5a3a79-dd88-4ffc-b00f-5fb4dfac4a04@group-6A808ADAF50F-SegmentedRaftLogWorker for RaftStorage:Storage Directory /github/workspace/mnt/ozone/hadoop-ozone/integration-test/target/test-dir/MiniOzoneClusterImpl-86f4eb11-29f8-44af-977b-0135f9896c6d/datanode-3/data/ratis/7c79c05b-75ce-4765-ab03-6a808adaf50f
2020-04-28 15:02:46,908 [pool-78-thread-1] INFO  server.RaftServerConfigKeys (ConfUtils.java:logGet(44)) - raft.server.log.queue.byte-limit = 2147483647 (custom)
2020-04-28 15:02:46,909 [pool-78-thread-1] INFO  server.RaftServerConfigKeys (ConfUtils.java:logGet(44)) - raft.server.log.queue.element-limit = 1024 (custom)
2020-04-28 15:02:46,909 [pool-78-thread-1] INFO  server.RaftServerConfigKeys (ConfUtils.java:logGet(44)) - raft.server.log.segment.size.max = 1048576 (custom)
2020-04-28 15:02:46,909 [pool-78-thread-1] INFO  server.RaftServerConfigKeys (ConfUtils.java:logGet(44)) - raft.server.log.preallocated.size = 16384 (custom)
2020-04-28 15:02:46,909 [pool-78-thread-1] INFO  server.RaftServerConfigKeys (ConfUtils.java:logGet(44)) - raft.server.log.write.buffer.size = 1048576 (custom)
2020-04-28 15:02:46,909 [pool-78-thread-1] INFO  server.RaftServerConfigKeys (ConfUtils.java:logGet(44)) - raft.server.log.force.sync.num = 128 (default)
2020-04-28 15:02:46,909 [pool-78-thread-1] INFO  server.RaftServerConfigKeys (ConfUtils.java:logGet(44)) - raft.server.log.statemachine.data.sync = true (default)
2020-04-28 15:02:46,910 [pool-78-thread-1] INFO  server.RaftServerConfigKeys (ConfUtils.java:logGet(44)) - raft.server.log.statemachine.data.sync.timeout = 10s (default)
2020-04-28 15:02:46,910 [pool-78-thread-1] INFO  server.RaftServerConfigKeys (ConfUtils.java:logGet(44)) - raft.server.log.statemachine.data.sync.timeout.retry = -1 (default)
2020-04-28 15:02:46,911 [pool-78-thread-1] INFO  server.RaftServerConfigKeys (ConfUtils.java:logGet(44)) - raft.server.log.statemachine.data.caching.enabled = true (custom)
2020-04-28 15:02:46,911 [pool-78-thread-1] INFO  segmented.SegmentedRaftLogWorker (SegmentedRaftLogWorker.java:lambda$new$0(129)) - 5b5a3a79-dd88-4ffc-b00f-5fb4dfac4a04@group-6A808ADAF50F-SegmentedRaftLogWorker: flushIndex: setUnconditionally 0 -> -1
2020-04-28 15:02:46,912 [pool-78-thread-1] INFO  server.RaftServerConfigKeys (ConfUtils.java:logGet(44)) - raft.server.snapshot.auto.trigger.enabled = true (custom)
2020-04-28 15:02:46,912 [pool-78-thread-1] INFO  server.RaftServerConfigKeys (ConfUtils.java:logGet(44)) - raft.server.snapshot.auto.trigger.threshold = 10000 (custom)
2020-04-28 15:02:46,912 [pool-78-thread-1] INFO  server.RaftServerConfigKeys (ConfUtils.java:logGet(44)) - raft.server.snapshot.retention.file.num = 5 (custom)
2020-04-28 15:02:46,912 [pool-78-thread-1] INFO  server.RaftServerConfigKeys (ConfUtils.java:logGet(44)) - raft.server.retrycache.expirytime = 600000ms (custom)
2020-04-28 15:02:46,912 [pool-78-thread-1] INFO  metrics.RatisMetrics (RatisMetrics.java:lambda$create$0(39)) - Creating Metrics Registry : ratis.leader_election.5b5a3a79-dd88-4ffc-b00f-5fb4dfac4a04@group-6A808ADAF50F
2020-04-28 15:02:46,913 [pool-78-thread-1] INFO  metrics.RatisMetrics (RatisMetrics.java:lambda$create$0(39)) - Creating Metrics Registry : ratis.server.5b5a3a79-dd88-4ffc-b00f-5fb4dfac4a04@group-6A808ADAF50F
2020-04-28 15:02:46,915 [pool-78-thread-1] INFO  impl.RaftServerImpl (RaftServerImpl.java:start(183)) - 5b5a3a79-dd88-4ffc-b00f-5fb4dfac4a04@group-6A808ADAF50F: start as a follower, conf=-1: [5b5a3a79-dd88-4ffc-b00f-5fb4dfac4a04:172.17.0.2:46387, 5e3ccaa4-afb5-4d31-b7ad-1487e29be196:172.17.0.2:39853, fe566f1b-c7f2-4e01-8c59-fb4573cfb5f5:172.17.0.2:34109], old=null
2020-04-28 15:02:46,915 [pool-78-thread-1] INFO  impl.RaftServerImpl (RaftServerImpl.java:setRole(172)) - 5b5a3a79-dd88-4ffc-b00f-5fb4dfac4a04@group-6A808ADAF50F: changes role from      null to FOLLOWER at term 0 for startAsFollower
2020-04-28 15:02:46,915 [pool-78-thread-1] INFO  impl.RoleInfo (RoleInfo.java:updateAndGet(143)) - 5b5a3a79-dd88-4ffc-b00f-5fb4dfac4a04: start FollowerState
2020-04-28 15:02:46,915 [pool-78-thread-1] INFO  util.JmxRegister (JmxRegister.java:tryRegister(44)) - Successfully registered JMX Bean with object name Ratis:service=RaftServer,group=group-6A808ADAF50F,id=5b5a3a79-dd88-4ffc-b00f-5fb4dfac4a04
2020-04-28 15:02:46,916 [pool-78-thread-1] INFO  metrics.RatisMetrics (RatisMetrics.java:lambda$create$0(39)) - Creating Metrics Registry : ratis.state_machine.5b5a3a79-dd88-4ffc-b00f-5fb4dfac4a04@group-6A808ADAF50F
2020-04-28 15:02:46,953 [Command processor thread] INFO  impl.RaftServerProxy (RaftServerProxy.java:addNew(89)) - 5e3ccaa4-afb5-4d31-b7ad-1487e29be196: addNew group-0605CBF2CC84:[5e3ccaa4-afb5-4d31-b7ad-1487e29be196:172.17.0.2:39853] returns group-0605CBF2CC84:java.util.concurrent.CompletableFuture@4621ae42[Not completed]
2020-04-28 15:02:46,958 [pool-93-thread-1] INFO  impl.RaftServerImpl (RaftServerImpl.java:<init>(97)) - 5e3ccaa4-afb5-4d31-b7ad-1487e29be196: new RaftServerImpl for group-0605CBF2CC84:[5e3ccaa4-afb5-4d31-b7ad-1487e29be196:172.17.0.2:39853] with ContainerStateMachine:uninitialized
2020-04-28 15:02:46,959 [pool-93-thread-1] INFO  server.RaftServerConfigKeys (ConfUtils.java:logGet(44)) - raft.server.rpc.timeout.min = 5s (custom)
2020-04-28 15:02:46,959 [pool-93-thread-1] INFO  server.RaftServerConfigKeys (ConfUtils.java:logGet(44)) - raft.server.rpc.timeout.max = 5200ms (custom)
2020-04-28 15:02:46,959 [pool-93-thread-1] INFO  server.RaftServerConfigKeys (ConfUtils.java:logGet(44)) - raft.server.rpcslowness.timeout = 300s (custom)
2020-04-28 15:02:46,959 [pool-93-thread-1] INFO  server.RaftServerConfigKeys (ConfUtils.java:logGet(44)) - raft.server.sleep.deviation.threshold = 300 (default)
2020-04-28 15:02:46,959 [pool-93-thread-1] INFO  server.RaftServerConfigKeys (ConfUtils.java:logGet(44)) - raft.server.log.appender.install.snapshot.enabled = false (custom)
2020-04-28 15:02:46,959 [pool-93-thread-1] INFO  impl.RaftServerImpl (ServerState.java:<init>(103)) - 5e3ccaa4-afb5-4d31-b7ad-1487e29be196@group-0605CBF2CC84: ConfigurationManager, init=-1: [5e3ccaa4-afb5-4d31-b7ad-1487e29be196:172.17.0.2:39853], old=null, confs=<EMPTY_MAP>
2020-04-28 15:02:46,959 [pool-93-thread-1] INFO  server.RaftServerConfigKeys (ConfUtils.java:logGet(44)) - raft.server.storage.dir = [/github/workspace/mnt/ozone/hadoop-ozone/integration-test/target/test-dir/MiniOzoneClusterImpl-86f4eb11-29f8-44af-977b-0135f9896c6d/datanode-4/data/ratis] (custom)
2020-04-28 15:02:46,959 [pool-93-thread-1] INFO  server.RaftServerConfigKeys (ConfUtils.java:logGet(44)) - raft.server.log.corruption.policy = EXCEPTION (default)
2020-04-28 15:02:46,960 [pool-93-thread-1] INFO  storage.RaftStorageDirectory (RaftStorageDirectory.java:analyzeStorage(253)) - The storage directory /github/workspace/mnt/ozone/hadoop-ozone/integration-test/target/test-dir/MiniOzoneClusterImpl-86f4eb11-29f8-44af-977b-0135f9896c6d/datanode-4/data/ratis/9a1edbb1-a8ac-48ba-85dd-0605cbf2cc84 does not exist. Creating ...
2020-04-28 15:02:46,972 [pool-93-thread-1] INFO  storage.RaftStorageDirectory (RaftStorageDirectory.java:tryLock(335)) - Lock on /github/workspace/mnt/ozone/hadoop-ozone/integration-test/target/test-dir/MiniOzoneClusterImpl-86f4eb11-29f8-44af-977b-0135f9896c6d/datanode-4/data/ratis/9a1edbb1-a8ac-48ba-85dd-0605cbf2cc84/in_use.lock acquired by nodename 7259@f2af4a476004
2020-04-28 15:02:46,974 [pool-93-thread-1] INFO  storage.RaftStorage (RaftStorage.java:format(84)) - Storage directory /github/workspace/mnt/ozone/hadoop-ozone/integration-test/target/test-dir/MiniOzoneClusterImpl-86f4eb11-29f8-44af-977b-0135f9896c6d/datanode-4/data/ratis/9a1edbb1-a8ac-48ba-85dd-0605cbf2cc84 has been successfully formatted.
2020-04-28 15:02:46,976 [pool-93-thread-1] INFO  ratis.ContainerStateMachine (ContainerStateMachine.java:loadSnapshot(226)) - group-0605CBF2CC84: The snapshot info is null. Setting the last applied indexto:(t:0, i:~)
2020-04-28 15:02:46,976 [pool-93-thread-1] INFO  server.RaftServerConfigKeys (ConfUtils.java:logGet(44)) - raft.server.notification.no-leader.timeout = 60s (default)
2020-04-28 15:02:46,977 [pool-93-thread-1] INFO  server.RaftServerConfigKeys (ConfUtils.java:logGet(44)) - raft.server.log.use.memory = false (default)
2020-04-28 15:02:46,978 [pool-93-thread-1] INFO  server.RaftServerConfigKeys (ConfUtils.java:logGet(44)) - raft.server.log.purge.gap = 1000000 (custom)
2020-04-28 15:02:46,978 [pool-93-thread-1] INFO  server.RaftServerConfigKeys (ConfUtils.java:logGet(44)) - raft.server.log.appender.buffer.byte-limit = 33554432 (custom)
2020-04-28 15:02:46,978 [pool-93-thread-1] INFO  server.RaftServerConfigKeys (ConfUtils.java:logGet(44)) - raft.server.log.segment.size.max = 1048576 (custom)
2020-04-28 15:02:46,978 [pool-93-thread-1] INFO  metrics.RatisMetrics (RatisMetrics.java:lambda$create$0(39)) - Creating Metrics Registry : ratis.log_worker.5e3ccaa4-afb5-4d31-b7ad-1487e29be196
2020-04-28 15:02:46,981 [pool-93-thread-1] INFO  server.RaftServerConfigKeys (ConfUtils.java:logGet(44)) - raft.server.log.segment.cache.num.max = 2 (custom)
2020-04-28 15:02:46,982 [pool-93-thread-1] INFO  segmented.SegmentedRaftLogWorker (SegmentedRaftLogWorker.java:<init>(176)) - new 5e3ccaa4-afb5-4d31-b7ad-1487e29be196@group-0605CBF2CC84-SegmentedRaftLogWorker for RaftStorage:Storage Directory /github/workspace/mnt/ozone/hadoop-ozone/integration-test/target/test-dir/MiniOzoneClusterImpl-86f4eb11-29f8-44af-977b-0135f9896c6d/datanode-4/data/ratis/9a1edbb1-a8ac-48ba-85dd-0605cbf2cc84
2020-04-28 15:02:46,982 [pool-93-thread-1] INFO  server.RaftServerConfigKeys (ConfUtils.java:logGet(44)) - raft.server.log.queue.byte-limit = 2147483647 (custom)
2020-04-28 15:02:46,982 [pool-93-thread-1] INFO  server.RaftServerConfigKeys (ConfUtils.java:logGet(44)) - raft.server.log.queue.element-limit = 1024 (custom)
2020-04-28 15:02:46,982 [pool-93-thread-1] INFO  server.RaftServerConfigKeys (ConfUtils.java:logGet(44)) - raft.server.log.segment.size.max = 1048576 (custom)
2020-04-28 15:02:46,982 [EventQueue-PipelineReportForPipelineReportHandler] INFO  pipeline.PipelineStateManager (PipelineStateManager.java:openPipeline(131)) - Pipeline Pipeline[ Id: 9a1edbb1-a8ac-48ba-85dd-0605cbf2cc84, Nodes: 5e3ccaa4-afb5-4d31-b7ad-1487e29be196{ip: 172.17.0.2, host: f2af4a476004, networkLocation: /default-rack, certSerialId: null}, Type:RATIS, Factor:ONE, State:ALLOCATED, leaderId:5e3ccaa4-afb5-4d31-b7ad-1487e29be196, CreationTimestamp2020-04-28T15:02:43.952Z] moved to OPEN state
2020-04-28 15:02:46,983 [EventQueue-OpenPipelineForHealthyPipelineSafeModeRule] INFO  safemode.SCMSafeModeManager (HealthyPipelineSafeModeRule.java:process(132)) - SCM in safe mode. Healthy pipelines reported count is 0, required healthy pipeline reported count is 1
2020-04-28 15:02:46,983 [EventQueue-OpenPipelineForOneReplicaPipelineSafeModeRule] INFO  safemode.SCMSafeModeManager (SCMSafeModeManager.java:validateSafeModeExitRules(213)) - AtleastOneDatanodeReportedRule rule is successfully validated
2020-04-28 15:02:46,983 [pool-93-thread-1] INFO  server.RaftServerConfigKeys (ConfUtils.java:logGet(44)) - raft.server.log.preallocated.size = 16384 (custom)
2020-04-28 15:02:46,983 [pool-93-thread-1] INFO  server.RaftServerConfigKeys (ConfUtils.java:logGet(44)) - raft.server.log.write.buffer.size = 1048576 (custom)
2020-04-28 15:02:46,983 [pool-93-thread-1] INFO  server.RaftServerConfigKeys (ConfUtils.java:logGet(44)) - raft.server.log.force.sync.num = 128 (default)
2020-04-28 15:02:46,989 [pool-93-thread-1] INFO  server.RaftServerConfigKeys (ConfUtils.java:logGet(44)) - raft.server.log.statemachine.data.sync = true (default)
2020-04-28 15:02:46,989 [pool-93-thread-1] INFO  server.RaftServerConfigKeys (ConfUtils.java:logGet(44)) - raft.server.log.statemachine.data.sync.timeout = 10s (default)
2020-04-28 15:02:46,989 [pool-93-thread-1] INFO  server.RaftServerConfigKeys (ConfUtils.java:logGet(44)) - raft.server.log.statemachine.data.sync.timeout.retry = -1 (default)
2020-04-28 15:02:46,998 [pool-93-thread-1] INFO  server.RaftServerConfigKeys (ConfUtils.java:logGet(44)) - raft.server.log.statemachine.data.caching.enabled = true (custom)
2020-04-28 15:02:46,999 [pool-93-thread-1] INFO  segmented.SegmentedRaftLogWorker (SegmentedRaftLogWorker.java:lambda$new$0(129)) - 5e3ccaa4-afb5-4d31-b7ad-1487e29be196@group-0605CBF2CC84-SegmentedRaftLogWorker: flushIndex: setUnconditionally 0 -> -1
2020-04-28 15:02:47,000 [pool-93-thread-1] INFO  server.RaftServerConfigKeys (ConfUtils.java:logGet(44)) - raft.server.snapshot.auto.trigger.enabled = true (custom)
2020-04-28 15:02:47,000 [pool-93-thread-1] INFO  server.RaftServerConfigKeys (ConfUtils.java:logGet(44)) - raft.server.snapshot.auto.trigger.threshold = 10000 (custom)
2020-04-28 15:02:47,000 [pool-93-thread-1] INFO  server.RaftServerConfigKeys (ConfUtils.java:logGet(44)) - raft.server.snapshot.retention.file.num = 5 (custom)
2020-04-28 15:02:47,000 [pool-93-thread-1] INFO  server.RaftServerConfigKeys (ConfUtils.java:logGet(44)) - raft.server.retrycache.expirytime = 600000ms (custom)
2020-04-28 15:02:47,000 [pool-93-thread-1] INFO  metrics.RatisMetrics (RatisMetrics.java:lambda$create$0(39)) - Creating Metrics Registry : ratis.leader_election.5e3ccaa4-afb5-4d31-b7ad-1487e29be196@group-0605CBF2CC84
2020-04-28 15:02:47,012 [pool-93-thread-1] INFO  metrics.RatisMetrics (RatisMetrics.java:lambda$create$0(39)) - Creating Metrics Registry : ratis.server.5e3ccaa4-afb5-4d31-b7ad-1487e29be196@group-0605CBF2CC84
2020-04-28 15:02:47,014 [pool-93-thread-1] INFO  impl.RaftServerImpl (RaftServerImpl.java:start(183)) - 5e3ccaa4-afb5-4d31-b7ad-1487e29be196@group-0605CBF2CC84: start as a follower, conf=-1: [5e3ccaa4-afb5-4d31-b7ad-1487e29be196:172.17.0.2:39853], old=null
2020-04-28 15:02:47,014 [pool-93-thread-1] INFO  impl.RaftServerImpl (RaftServerImpl.java:setRole(172)) - 5e3ccaa4-afb5-4d31-b7ad-1487e29be196@group-0605CBF2CC84: changes role from      null to FOLLOWER at term 0 for startAsFollower
2020-04-28 15:02:47,014 [pool-93-thread-1] INFO  impl.RoleInfo (RoleInfo.java:updateAndGet(143)) - 5e3ccaa4-afb5-4d31-b7ad-1487e29be196: start FollowerState
2020-04-28 15:02:47,021 [pool-93-thread-1] INFO  util.JmxRegister (JmxRegister.java:tryRegister(44)) - Successfully registered JMX Bean with object name Ratis:service=RaftServer,group=group-0605CBF2CC84,id=5e3ccaa4-afb5-4d31-b7ad-1487e29be196
2020-04-28 15:02:47,021 [pool-93-thread-1] INFO  metrics.RatisMetrics (RatisMetrics.java:lambda$create$0(39)) - Creating Metrics Registry : ratis.state_machine.5e3ccaa4-afb5-4d31-b7ad-1487e29be196@group-0605CBF2CC84
2020-04-28 15:02:47,025 [Command processor thread] INFO  commandhandler.CreatePipelineCommandHandler (CreatePipelineCommandHandler.java:handle(109)) - Created Pipeline RATIS ONE #id: "9a1edbb1-a8ac-48ba-85dd-0605cbf2cc84"
.
2020-04-28 15:02:47,026 [Command processor thread] INFO  impl.RaftServerProxy (RaftServerProxy.java:addNew(89)) - 5e3ccaa4-afb5-4d31-b7ad-1487e29be196: addNew group-6A808ADAF50F:[5b5a3a79-dd88-4ffc-b00f-5fb4dfac4a04:172.17.0.2:46387, 5e3ccaa4-afb5-4d31-b7ad-1487e29be196:172.17.0.2:39853, fe566f1b-c7f2-4e01-8c59-fb4573cfb5f5:172.17.0.2:34109] returns group-6A808ADAF50F:java.util.concurrent.CompletableFuture@421e325e[Not completed]
2020-04-28 15:02:47,031 [pool-93-thread-1] INFO  impl.RaftServerImpl (RaftServerImpl.java:<init>(97)) - 5e3ccaa4-afb5-4d31-b7ad-1487e29be196: new RaftServerImpl for group-6A808ADAF50F:[5b5a3a79-dd88-4ffc-b00f-5fb4dfac4a04:172.17.0.2:46387, 5e3ccaa4-afb5-4d31-b7ad-1487e29be196:172.17.0.2:39853, fe566f1b-c7f2-4e01-8c59-fb4573cfb5f5:172.17.0.2:34109] with ContainerStateMachine:uninitialized
2020-04-28 15:02:47,031 [pool-93-thread-1] INFO  server.RaftServerConfigKeys (ConfUtils.java:logGet(44)) - raft.server.rpc.timeout.min = 5s (custom)
2020-04-28 15:02:47,031 [pool-93-thread-1] INFO  server.RaftServerConfigKeys (ConfUtils.java:logGet(44)) - raft.server.rpc.timeout.max = 5200ms (custom)
2020-04-28 15:02:47,031 [pool-93-thread-1] INFO  server.RaftServerConfigKeys (ConfUtils.java:logGet(44)) - raft.server.rpcslowness.timeout = 300s (custom)
2020-04-28 15:02:47,031 [pool-93-thread-1] INFO  server.RaftServerConfigKeys (ConfUtils.java:logGet(44)) - raft.server.sleep.deviation.threshold = 300 (default)
2020-04-28 15:02:47,031 [pool-93-thread-1] INFO  server.RaftServerConfigKeys (ConfUtils.java:logGet(44)) - raft.server.log.appender.install.snapshot.enabled = false (custom)
2020-04-28 15:02:47,032 [pool-93-thread-1] INFO  impl.RaftServerImpl (ServerState.java:<init>(103)) - 5e3ccaa4-afb5-4d31-b7ad-1487e29be196@group-6A808ADAF50F: ConfigurationManager, init=-1: [5b5a3a79-dd88-4ffc-b00f-5fb4dfac4a04:172.17.0.2:46387, 5e3ccaa4-afb5-4d31-b7ad-1487e29be196:172.17.0.2:39853, fe566f1b-c7f2-4e01-8c59-fb4573cfb5f5:172.17.0.2:34109], old=null, confs=<EMPTY_MAP>
2020-04-28 15:02:47,032 [pool-93-thread-1] INFO  server.RaftServerConfigKeys (ConfUtils.java:logGet(44)) - raft.server.storage.dir = [/github/workspace/mnt/ozone/hadoop-ozone/integration-test/target/test-dir/MiniOzoneClusterImpl-86f4eb11-29f8-44af-977b-0135f9896c6d/datanode-4/data/ratis] (custom)
2020-04-28 15:02:47,032 [pool-93-thread-1] INFO  server.RaftServerConfigKeys (ConfUtils.java:logGet(44)) - raft.server.log.corruption.policy = EXCEPTION (default)
2020-04-28 15:02:47,032 [pool-93-thread-1] INFO  storage.RaftStorageDirectory (RaftStorageDirectory.java:analyzeStorage(253)) - The storage directory /github/workspace/mnt/ozone/hadoop-ozone/integration-test/target/test-dir/MiniOzoneClusterImpl-86f4eb11-29f8-44af-977b-0135f9896c6d/datanode-4/data/ratis/7c79c05b-75ce-4765-ab03-6a808adaf50f does not exist. Creating ...
2020-04-28 15:02:47,038 [pool-93-thread-1] INFO  storage.RaftStorageDirectory (RaftStorageDirectory.java:tryLock(335)) - Lock on /github/workspace/mnt/ozone/hadoop-ozone/integration-test/target/test-dir/MiniOzoneClusterImpl-86f4eb11-29f8-44af-977b-0135f9896c6d/datanode-4/data/ratis/7c79c05b-75ce-4765-ab03-6a808adaf50f/in_use.lock acquired by nodename 7259@f2af4a476004
2020-04-28 15:02:47,039 [Command processor thread] INFO  impl.RaftServerProxy (RaftServerProxy.java:addNew(89)) - fe566f1b-c7f2-4e01-8c59-fb4573cfb5f5: addNew group-64A64F1CDE29:[fe566f1b-c7f2-4e01-8c59-fb4573cfb5f5:172.17.0.2:34109] returns group-64A64F1CDE29:java.util.concurrent.CompletableFuture@5a43e57a[Not completed]
2020-04-28 15:02:47,040 [pool-93-thread-1] INFO  storage.RaftStorage (RaftStorage.java:format(84)) - Storage directory /github/workspace/mnt/ozone/hadoop-ozone/integration-test/target/test-dir/MiniOzoneClusterImpl-86f4eb11-29f8-44af-977b-0135f9896c6d/datanode-4/data/ratis/7c79c05b-75ce-4765-ab03-6a808adaf50f has been successfully formatted.
2020-04-28 15:02:47,041 [pool-93-thread-1] INFO  ratis.ContainerStateMachine (ContainerStateMachine.java:loadSnapshot(226)) - group-6A808ADAF50F: The snapshot info is null. Setting the last applied indexto:(t:0, i:~)
2020-04-28 15:02:47,041 [pool-93-thread-1] INFO  server.RaftServerConfigKeys (ConfUtils.java:logGet(44)) - raft.server.notification.no-leader.timeout = 60s (default)
2020-04-28 15:02:47,041 [pool-93-thread-1] INFO  server.RaftServerConfigKeys (ConfUtils.java:logGet(44)) - raft.server.log.use.memory = false (default)
2020-04-28 15:02:47,041 [pool-93-thread-1] INFO  server.RaftServerConfigKeys (ConfUtils.java:logGet(44)) - raft.server.log.purge.gap = 1000000 (custom)
2020-04-28 15:02:47,045 [pool-93-thread-1] INFO  server.RaftServerConfigKeys (ConfUtils.java:logGet(44)) - raft.server.log.appender.buffer.byte-limit = 33554432 (custom)
2020-04-28 15:02:47,045 [pool-93-thread-1] INFO  server.RaftServerConfigKeys (ConfUtils.java:logGet(44)) - raft.server.log.segment.size.max = 1048576 (custom)
2020-04-28 15:02:47,045 [pool-93-thread-1] INFO  server.RaftServerConfigKeys (ConfUtils.java:logGet(44)) - raft.server.log.segment.cache.num.max = 2 (custom)
2020-04-28 15:02:47,045 [pool-93-thread-1] INFO  segmented.SegmentedRaftLogWorker (SegmentedRaftLogWorker.java:<init>(176)) - new 5e3ccaa4-afb5-4d31-b7ad-1487e29be196@group-6A808ADAF50F-SegmentedRaftLogWorker for RaftStorage:Storage Directory /github/workspace/mnt/ozone/hadoop-ozone/integration-test/target/test-dir/MiniOzoneClusterImpl-86f4eb11-29f8-44af-977b-0135f9896c6d/datanode-4/data/ratis/7c79c05b-75ce-4765-ab03-6a808adaf50f
2020-04-28 15:02:47,045 [pool-93-thread-1] INFO  server.RaftServerConfigKeys (ConfUtils.java:logGet(44)) - raft.server.log.queue.byte-limit = 2147483647 (custom)
2020-04-28 15:02:47,045 [pool-93-thread-1] INFO  server.RaftServerConfigKeys (ConfUtils.java:logGet(44)) - raft.server.log.queue.element-limit = 1024 (custom)
2020-04-28 15:02:47,045 [pool-93-thread-1] INFO  server.RaftServerConfigKeys (ConfUtils.java:logGet(44)) - raft.server.log.segment.size.max = 1048576 (custom)
2020-04-28 15:02:47,046 [pool-93-thread-1] INFO  server.RaftServerConfigKeys (ConfUtils.java:logGet(44)) - raft.server.log.preallocated.size = 16384 (custom)
2020-04-28 15:02:47,046 [pool-93-thread-1] INFO  server.RaftServerConfigKeys (ConfUtils.java:logGet(44)) - raft.server.log.write.buffer.size = 1048576 (custom)
2020-04-28 15:02:47,046 [pool-93-thread-1] INFO  server.RaftServerConfigKeys (ConfUtils.java:logGet(44)) - raft.server.log.force.sync.num = 128 (default)
2020-04-28 15:02:47,046 [pool-93-thread-1] INFO  server.RaftServerConfigKeys (ConfUtils.java:logGet(44)) - raft.server.log.statemachine.data.sync = true (default)
2020-04-28 15:02:47,046 [pool-93-thread-1] INFO  server.RaftServerConfigKeys (ConfUtils.java:logGet(44)) - raft.server.log.statemachine.data.sync.timeout = 10s (default)
2020-04-28 15:02:47,046 [pool-93-thread-1] INFO  server.RaftServerConfigKeys (ConfUtils.java:logGet(44)) - raft.server.log.statemachine.data.sync.timeout.retry = -1 (default)
2020-04-28 15:02:47,046 [pool-93-thread-1] INFO  server.RaftServerConfigKeys (ConfUtils.java:logGet(44)) - raft.server.log.statemachine.data.caching.enabled = true (custom)
2020-04-28 15:02:47,047 [pool-93-thread-1] INFO  segmented.SegmentedRaftLogWorker (SegmentedRaftLogWorker.java:lambda$new$0(129)) - 5e3ccaa4-afb5-4d31-b7ad-1487e29be196@group-6A808ADAF50F-SegmentedRaftLogWorker: flushIndex: setUnconditionally 0 -> -1
2020-04-28 15:02:47,049 [pool-108-thread-1] INFO  impl.RaftServerImpl (RaftServerImpl.java:<init>(97)) - fe566f1b-c7f2-4e01-8c59-fb4573cfb5f5: new RaftServerImpl for group-64A64F1CDE29:[fe566f1b-c7f2-4e01-8c59-fb4573cfb5f5:172.17.0.2:34109] with ContainerStateMachine:uninitialized
2020-04-28 15:02:47,049 [pool-108-thread-1] INFO  server.RaftServerConfigKeys (ConfUtils.java:logGet(44)) - raft.server.rpc.timeout.min = 5s (custom)
2020-04-28 15:02:47,050 [pool-108-thread-1] INFO  server.RaftServerConfigKeys (ConfUtils.java:logGet(44)) - raft.server.rpc.timeout.max = 5200ms (custom)
2020-04-28 15:02:47,050 [pool-108-thread-1] INFO  server.RaftServerConfigKeys (ConfUtils.java:logGet(44)) - raft.server.rpcslowness.timeout = 300s (custom)
2020-04-28 15:02:47,050 [pool-108-thread-1] INFO  server.RaftServerConfigKeys (ConfUtils.java:logGet(44)) - raft.server.sleep.deviation.threshold = 300 (default)
2020-04-28 15:02:47,050 [pool-108-thread-1] INFO  server.RaftServerConfigKeys (ConfUtils.java:logGet(44)) - raft.server.log.appender.install.snapshot.enabled = false (custom)
2020-04-28 15:02:47,050 [pool-108-thread-1] INFO  impl.RaftServerImpl (ServerState.java:<init>(103)) - fe566f1b-c7f2-4e01-8c59-fb4573cfb5f5@group-64A64F1CDE29: ConfigurationManager, init=-1: [fe566f1b-c7f2-4e01-8c59-fb4573cfb5f5:172.17.0.2:34109], old=null, confs=<EMPTY_MAP>
2020-04-28 15:02:47,051 [pool-108-thread-1] INFO  server.RaftServerConfigKeys (ConfUtils.java:logGet(44)) - raft.server.storage.dir = [/github/workspace/mnt/ozone/hadoop-ozone/integration-test/target/test-dir/MiniOzoneClusterImpl-86f4eb11-29f8-44af-977b-0135f9896c6d/datanode-5/data/ratis] (custom)
2020-04-28 15:02:47,052 [pool-108-thread-1] INFO  server.RaftServerConfigKeys (ConfUtils.java:logGet(44)) - raft.server.log.corruption.policy = EXCEPTION (default)
2020-04-28 15:02:47,052 [pool-108-thread-1] INFO  storage.RaftStorageDirectory (RaftStorageDirectory.java:analyzeStorage(253)) - The storage directory /github/workspace/mnt/ozone/hadoop-ozone/integration-test/target/test-dir/MiniOzoneClusterImpl-86f4eb11-29f8-44af-977b-0135f9896c6d/datanode-5/data/ratis/0b8d105f-3925-42b7-8c08-64a64f1cde29 does not exist. Creating ...
2020-04-28 15:02:47,054 [pool-108-thread-1] INFO  storage.RaftStorageDirectory (RaftStorageDirectory.java:tryLock(335)) - Lock on /github/workspace/mnt/ozone/hadoop-ozone/integration-test/target/test-dir/MiniOzoneClusterImpl-86f4eb11-29f8-44af-977b-0135f9896c6d/datanode-5/data/ratis/0b8d105f-3925-42b7-8c08-64a64f1cde29/in_use.lock acquired by nodename 7259@f2af4a476004
2020-04-28 15:02:47,057 [pool-108-thread-1] INFO  storage.RaftStorage (RaftStorage.java:format(84)) - Storage directory /github/workspace/mnt/ozone/hadoop-ozone/integration-test/target/test-dir/MiniOzoneClusterImpl-86f4eb11-29f8-44af-977b-0135f9896c6d/datanode-5/data/ratis/0b8d105f-3925-42b7-8c08-64a64f1cde29 has been successfully formatted.
2020-04-28 15:02:47,062 [pool-93-thread-1] INFO  server.RaftServerConfigKeys (ConfUtils.java:logGet(44)) - raft.server.snapshot.auto.trigger.enabled = true (custom)
2020-04-28 15:02:47,062 [pool-93-thread-1] INFO  server.RaftServerConfigKeys (ConfUtils.java:logGet(44)) - raft.server.snapshot.auto.trigger.threshold = 10000 (custom)
2020-04-28 15:02:47,062 [pool-93-thread-1] INFO  server.RaftServerConfigKeys (ConfUtils.java:logGet(44)) - raft.server.snapshot.retention.file.num = 5 (custom)
2020-04-28 15:02:47,063 [pool-93-thread-1] INFO  server.RaftServerConfigKeys (ConfUtils.java:logGet(44)) - raft.server.retrycache.expirytime = 600000ms (custom)
2020-04-28 15:02:47,063 [pool-93-thread-1] INFO  metrics.RatisMetrics (RatisMetrics.java:lambda$create$0(39)) - Creating Metrics Registry : ratis.leader_election.5e3ccaa4-afb5-4d31-b7ad-1487e29be196@group-6A808ADAF50F
2020-04-28 15:02:47,064 [pool-93-thread-1] INFO  metrics.RatisMetrics (RatisMetrics.java:lambda$create$0(39)) - Creating Metrics Registry : ratis.server.5e3ccaa4-afb5-4d31-b7ad-1487e29be196@group-6A808ADAF50F
2020-04-28 15:02:47,065 [pool-93-thread-1] INFO  impl.RaftServerImpl (RaftServerImpl.java:start(183)) - 5e3ccaa4-afb5-4d31-b7ad-1487e29be196@group-6A808ADAF50F: start as a follower, conf=-1: [5b5a3a79-dd88-4ffc-b00f-5fb4dfac4a04:172.17.0.2:46387, 5e3ccaa4-afb5-4d31-b7ad-1487e29be196:172.17.0.2:39853, fe566f1b-c7f2-4e01-8c59-fb4573cfb5f5:172.17.0.2:34109], old=null
2020-04-28 15:02:47,065 [pool-93-thread-1] INFO  impl.RaftServerImpl (RaftServerImpl.java:setRole(172)) - 5e3ccaa4-afb5-4d31-b7ad-1487e29be196@group-6A808ADAF50F: changes role from      null to FOLLOWER at term 0 for startAsFollower
2020-04-28 15:02:47,065 [pool-93-thread-1] INFO  impl.RoleInfo (RoleInfo.java:updateAndGet(143)) - 5e3ccaa4-afb5-4d31-b7ad-1487e29be196: start FollowerState
2020-04-28 15:02:47,071 [pool-93-thread-1] INFO  util.JmxRegister (JmxRegister.java:tryRegister(44)) - Successfully registered JMX Bean with object name Ratis:service=RaftServer,group=group-6A808ADAF50F,id=5e3ccaa4-afb5-4d31-b7ad-1487e29be196
2020-04-28 15:02:47,071 [pool-93-thread-1] INFO  metrics.RatisMetrics (RatisMetrics.java:lambda$create$0(39)) - Creating Metrics Registry : ratis.state_machine.5e3ccaa4-afb5-4d31-b7ad-1487e29be196@group-6A808ADAF50F
2020-04-28 15:02:47,087 [pool-108-thread-1] INFO  ratis.ContainerStateMachine (ContainerStateMachine.java:loadSnapshot(226)) - group-64A64F1CDE29: The snapshot info is null. Setting the last applied indexto:(t:0, i:~)
2020-04-28 15:02:47,087 [pool-108-thread-1] INFO  server.RaftServerConfigKeys (ConfUtils.java:logGet(44)) - raft.server.notification.no-leader.timeout = 60s (default)
2020-04-28 15:02:47,087 [pool-108-thread-1] INFO  server.RaftServerConfigKeys (ConfUtils.java:logGet(44)) - raft.server.log.use.memory = false (default)
2020-04-28 15:02:47,088 [pool-108-thread-1] INFO  server.RaftServerConfigKeys (ConfUtils.java:logGet(44)) - raft.server.log.purge.gap = 1000000 (custom)
2020-04-28 15:02:47,088 [pool-108-thread-1] INFO  server.RaftServerConfigKeys (ConfUtils.java:logGet(44)) - raft.server.log.appender.buffer.byte-limit = 33554432 (custom)
2020-04-28 15:02:47,088 [pool-108-thread-1] INFO  server.RaftServerConfigKeys (ConfUtils.java:logGet(44)) - raft.server.log.segment.size.max = 1048576 (custom)
2020-04-28 15:02:47,088 [pool-108-thread-1] INFO  metrics.RatisMetrics (RatisMetrics.java:lambda$create$0(39)) - Creating Metrics Registry : ratis.log_worker.fe566f1b-c7f2-4e01-8c59-fb4573cfb5f5
2020-04-28 15:02:47,088 [pool-108-thread-1] INFO  server.RaftServerConfigKeys (ConfUtils.java:logGet(44)) - raft.server.log.segment.cache.num.max = 2 (custom)
2020-04-28 15:02:47,088 [pool-108-thread-1] INFO  segmented.SegmentedRaftLogWorker (SegmentedRaftLogWorker.java:<init>(176)) - new fe566f1b-c7f2-4e01-8c59-fb4573cfb5f5@group-64A64F1CDE29-SegmentedRaftLogWorker for RaftStorage:Storage Directory /github/workspace/mnt/ozone/hadoop-ozone/integration-test/target/test-dir/MiniOzoneClusterImpl-86f4eb11-29f8-44af-977b-0135f9896c6d/datanode-5/data/ratis/0b8d105f-3925-42b7-8c08-64a64f1cde29
2020-04-28 15:02:47,088 [pool-108-thread-1] INFO  server.RaftServerConfigKeys (ConfUtils.java:logGet(44)) - raft.server.log.queue.byte-limit = 2147483647 (custom)
2020-04-28 15:02:47,089 [pool-108-thread-1] INFO  server.RaftServerConfigKeys (ConfUtils.java:logGet(44)) - raft.server.log.queue.element-limit = 1024 (custom)
2020-04-28 15:02:47,089 [pool-108-thread-1] INFO  server.RaftServerConfigKeys (ConfUtils.java:logGet(44)) - raft.server.log.segment.size.max = 1048576 (custom)
2020-04-28 15:02:47,089 [pool-108-thread-1] INFO  server.RaftServerConfigKeys (ConfUtils.java:logGet(44)) - raft.server.log.preallocated.size = 16384 (custom)
2020-04-28 15:02:47,089 [pool-108-thread-1] INFO  server.RaftServerConfigKeys (ConfUtils.java:logGet(44)) - raft.server.log.write.buffer.size = 1048576 (custom)
2020-04-28 15:02:47,089 [pool-108-thread-1] INFO  server.RaftServerConfigKeys (ConfUtils.java:logGet(44)) - raft.server.log.force.sync.num = 128 (default)
2020-04-28 15:02:47,089 [pool-108-thread-1] INFO  server.RaftServerConfigKeys (ConfUtils.java:logGet(44)) - raft.server.log.statemachine.data.sync = true (default)
2020-04-28 15:02:47,089 [pool-108-thread-1] INFO  server.RaftServerConfigKeys (ConfUtils.java:logGet(44)) - raft.server.log.statemachine.data.sync.timeout = 10s (default)
2020-04-28 15:02:47,089 [pool-108-thread-1] INFO  server.RaftServerConfigKeys (ConfUtils.java:logGet(44)) - raft.server.log.statemachine.data.sync.timeout.retry = -1 (default)
2020-04-28 15:02:47,093 [EventQueue-PipelineReportForPipelineReportHandler] INFO  pipeline.PipelineStateManager (PipelineStateManager.java:openPipeline(131)) - Pipeline Pipeline[ Id: 0b8d105f-3925-42b7-8c08-64a64f1cde29, Nodes: fe566f1b-c7f2-4e01-8c59-fb4573cfb5f5{ip: 172.17.0.2, host: f2af4a476004, networkLocation: /default-rack, certSerialId: null}, Type:RATIS, Factor:ONE, State:ALLOCATED, leaderId:fe566f1b-c7f2-4e01-8c59-fb4573cfb5f5, CreationTimestamp2020-04-28T15:02:44.046Z] moved to OPEN state
2020-04-28 15:02:47,093 [EventQueue-OpenPipelineForHealthyPipelineSafeModeRule] INFO  safemode.SCMSafeModeManager (HealthyPipelineSafeModeRule.java:process(132)) - SCM in safe mode. Healthy pipelines reported count is 0, required healthy pipeline reported count is 1
2020-04-28 15:02:47,093 [EventQueue-OpenPipelineForOneReplicaPipelineSafeModeRule] INFO  safemode.SCMSafeModeManager (SCMSafeModeManager.java:validateSafeModeExitRules(213)) - AtleastOneDatanodeReportedRule rule is successfully validated
2020-04-28 15:02:47,095 [pool-108-thread-1] INFO  server.RaftServerConfigKeys (ConfUtils.java:logGet(44)) - raft.server.log.statemachine.data.caching.enabled = true (custom)
2020-04-28 15:02:47,095 [pool-108-thread-1] INFO  segmented.SegmentedRaftLogWorker (SegmentedRaftLogWorker.java:lambda$new$0(129)) - fe566f1b-c7f2-4e01-8c59-fb4573cfb5f5@group-64A64F1CDE29-SegmentedRaftLogWorker: flushIndex: setUnconditionally 0 -> -1
2020-04-28 15:02:47,100 [pool-108-thread-1] INFO  server.RaftServerConfigKeys (ConfUtils.java:logGet(44)) - raft.server.snapshot.auto.trigger.enabled = true (custom)
2020-04-28 15:02:47,100 [pool-108-thread-1] INFO  server.RaftServerConfigKeys (ConfUtils.java:logGet(44)) - raft.server.snapshot.auto.trigger.threshold = 10000 (custom)
2020-04-28 15:02:47,100 [pool-108-thread-1] INFO  server.RaftServerConfigKeys (ConfUtils.java:logGet(44)) - raft.server.snapshot.retention.file.num = 5 (custom)
2020-04-28 15:02:47,101 [pool-108-thread-1] INFO  server.RaftServerConfigKeys (ConfUtils.java:logGet(44)) - raft.server.retrycache.expirytime = 600000ms (custom)
2020-04-28 15:02:47,101 [pool-108-thread-1] INFO  metrics.RatisMetrics (RatisMetrics.java:lambda$create$0(39)) - Creating Metrics Registry : ratis.leader_election.fe566f1b-c7f2-4e01-8c59-fb4573cfb5f5@group-64A64F1CDE29
2020-04-28 15:02:47,101 [pool-108-thread-1] INFO  metrics.RatisMetrics (RatisMetrics.java:lambda$create$0(39)) - Creating Metrics Registry : ratis.server.fe566f1b-c7f2-4e01-8c59-fb4573cfb5f5@group-64A64F1CDE29
2020-04-28 15:02:47,109 [pool-108-thread-1] INFO  impl.RaftServerImpl (RaftServerImpl.java:start(183)) - fe566f1b-c7f2-4e01-8c59-fb4573cfb5f5@group-64A64F1CDE29: start as a follower, conf=-1: [fe566f1b-c7f2-4e01-8c59-fb4573cfb5f5:172.17.0.2:34109], old=null
2020-04-28 15:02:47,109 [pool-108-thread-1] INFO  impl.RaftServerImpl (RaftServerImpl.java:setRole(172)) - fe566f1b-c7f2-4e01-8c59-fb4573cfb5f5@group-64A64F1CDE29: changes role from      null to FOLLOWER at term 0 for startAsFollower
2020-04-28 15:02:47,109 [pool-108-thread-1] INFO  impl.RoleInfo (RoleInfo.java:updateAndGet(143)) - fe566f1b-c7f2-4e01-8c59-fb4573cfb5f5: start FollowerState
2020-04-28 15:02:47,111 [pool-108-thread-1] INFO  util.JmxRegister (JmxRegister.java:tryRegister(44)) - Successfully registered JMX Bean with object name Ratis:service=RaftServer,group=group-64A64F1CDE29,id=fe566f1b-c7f2-4e01-8c59-fb4573cfb5f5
2020-04-28 15:02:47,112 [pool-108-thread-1] INFO  metrics.RatisMetrics (RatisMetrics.java:lambda$create$0(39)) - Creating Metrics Registry : ratis.state_machine.fe566f1b-c7f2-4e01-8c59-fb4573cfb5f5@group-64A64F1CDE29
2020-04-28 15:02:47,120 [Command processor thread] INFO  commandhandler.CreatePipelineCommandHandler (CreatePipelineCommandHandler.java:handle(109)) - Created Pipeline RATIS ONE #id: "0b8d105f-3925-42b7-8c08-64a64f1cde29"
.
2020-04-28 15:02:47,121 [Command processor thread] INFO  impl.RaftServerProxy (RaftServerProxy.java:addNew(89)) - fe566f1b-c7f2-4e01-8c59-fb4573cfb5f5: addNew group-6A808ADAF50F:[5b5a3a79-dd88-4ffc-b00f-5fb4dfac4a04:172.17.0.2:46387, 5e3ccaa4-afb5-4d31-b7ad-1487e29be196:172.17.0.2:39853, fe566f1b-c7f2-4e01-8c59-fb4573cfb5f5:172.17.0.2:34109] returns group-6A808ADAF50F:java.util.concurrent.CompletableFuture@5e7c7aea[Not completed]
2020-04-28 15:02:47,122 [pool-108-thread-1] INFO  impl.RaftServerImpl (RaftServerImpl.java:<init>(97)) - fe566f1b-c7f2-4e01-8c59-fb4573cfb5f5: new RaftServerImpl for group-6A808ADAF50F:[5b5a3a79-dd88-4ffc-b00f-5fb4dfac4a04:172.17.0.2:46387, 5e3ccaa4-afb5-4d31-b7ad-1487e29be196:172.17.0.2:39853, fe566f1b-c7f2-4e01-8c59-fb4573cfb5f5:172.17.0.2:34109] with ContainerStateMachine:uninitialized
2020-04-28 15:02:47,122 [pool-108-thread-1] INFO  server.RaftServerConfigKeys (ConfUtils.java:logGet(44)) - raft.server.rpc.timeout.min = 5s (custom)
2020-04-28 15:02:47,124 [pool-108-thread-1] INFO  server.RaftServerConfigKeys (ConfUtils.java:logGet(44)) - raft.server.rpc.timeout.max = 5200ms (custom)
2020-04-28 15:02:47,124 [pool-108-thread-1] INFO  server.RaftServerConfigKeys (ConfUtils.java:logGet(44)) - raft.server.rpcslowness.timeout = 300s (custom)
2020-04-28 15:02:47,124 [pool-108-thread-1] INFO  server.RaftServerConfigKeys (ConfUtils.java:logGet(44)) - raft.server.sleep.deviation.threshold = 300 (default)
2020-04-28 15:02:47,124 [pool-108-thread-1] INFO  server.RaftServerConfigKeys (ConfUtils.java:logGet(44)) - raft.server.log.appender.install.snapshot.enabled = false (custom)
2020-04-28 15:02:47,124 [pool-108-thread-1] INFO  impl.RaftServerImpl (ServerState.java:<init>(103)) - fe566f1b-c7f2-4e01-8c59-fb4573cfb5f5@group-6A808ADAF50F: ConfigurationManager, init=-1: [5b5a3a79-dd88-4ffc-b00f-5fb4dfac4a04:172.17.0.2:46387, 5e3ccaa4-afb5-4d31-b7ad-1487e29be196:172.17.0.2:39853, fe566f1b-c7f2-4e01-8c59-fb4573cfb5f5:172.17.0.2:34109], old=null, confs=<EMPTY_MAP>
2020-04-28 15:02:47,124 [pool-108-thread-1] INFO  server.RaftServerConfigKeys (ConfUtils.java:logGet(44)) - raft.server.storage.dir = [/github/workspace/mnt/ozone/hadoop-ozone/integration-test/target/test-dir/MiniOzoneClusterImpl-86f4eb11-29f8-44af-977b-0135f9896c6d/datanode-5/data/ratis] (custom)
2020-04-28 15:02:47,124 [pool-108-thread-1] INFO  server.RaftServerConfigKeys (ConfUtils.java:logGet(44)) - raft.server.log.corruption.policy = EXCEPTION (default)
2020-04-28 15:02:47,125 [pool-108-thread-1] INFO  storage.RaftStorageDirectory (RaftStorageDirectory.java:analyzeStorage(253)) - The storage directory /github/workspace/mnt/ozone/hadoop-ozone/integration-test/target/test-dir/MiniOzoneClusterImpl-86f4eb11-29f8-44af-977b-0135f9896c6d/datanode-5/data/ratis/7c79c05b-75ce-4765-ab03-6a808adaf50f does not exist. Creating ...
2020-04-28 15:02:47,143 [pool-108-thread-1] INFO  storage.RaftStorageDirectory (RaftStorageDirectory.java:tryLock(335)) - Lock on /github/workspace/mnt/ozone/hadoop-ozone/integration-test/target/test-dir/MiniOzoneClusterImpl-86f4eb11-29f8-44af-977b-0135f9896c6d/datanode-5/data/ratis/7c79c05b-75ce-4765-ab03-6a808adaf50f/in_use.lock acquired by nodename 7259@f2af4a476004
2020-04-28 15:02:47,145 [pool-108-thread-1] INFO  storage.RaftStorage (RaftStorage.java:format(84)) - Storage directory /github/workspace/mnt/ozone/hadoop-ozone/integration-test/target/test-dir/MiniOzoneClusterImpl-86f4eb11-29f8-44af-977b-0135f9896c6d/datanode-5/data/ratis/7c79c05b-75ce-4765-ab03-6a808adaf50f has been successfully formatted.
2020-04-28 15:02:47,152 [Command processor thread] INFO  impl.RaftServerProxy (RaftServerProxy.java:addNew(89)) - 8fd30f8c-8db6-43a6-adbe-e53ad13705f6: addNew group-3383C24F2AEB:[8fd30f8c-8db6-43a6-adbe-e53ad13705f6:172.17.0.2:41513] returns group-3383C24F2AEB:java.util.concurrent.CompletableFuture@6f76322c[Not completed]
2020-04-28 15:02:47,154 [pool-108-thread-1] INFO  ratis.ContainerStateMachine (ContainerStateMachine.java:loadSnapshot(226)) - group-6A808ADAF50F: The snapshot info is null. Setting the last applied indexto:(t:0, i:~)
2020-04-28 15:02:47,154 [pool-108-thread-1] INFO  server.RaftServerConfigKeys (ConfUtils.java:logGet(44)) - raft.server.notification.no-leader.timeout = 60s (default)
2020-04-28 15:02:47,154 [pool-108-thread-1] INFO  server.RaftServerConfigKeys (ConfUtils.java:logGet(44)) - raft.server.log.use.memory = false (default)
2020-04-28 15:02:47,154 [pool-108-thread-1] INFO  server.RaftServerConfigKeys (ConfUtils.java:logGet(44)) - raft.server.log.purge.gap = 1000000 (custom)
2020-04-28 15:02:47,154 [pool-108-thread-1] INFO  server.RaftServerConfigKeys (ConfUtils.java:logGet(44)) - raft.server.log.appender.buffer.byte-limit = 33554432 (custom)
2020-04-28 15:02:47,155 [pool-108-thread-1] INFO  server.RaftServerConfigKeys (ConfUtils.java:logGet(44)) - raft.server.log.segment.size.max = 1048576 (custom)
2020-04-28 15:02:47,155 [pool-108-thread-1] INFO  server.RaftServerConfigKeys (ConfUtils.java:logGet(44)) - raft.server.log.segment.cache.num.max = 2 (custom)
2020-04-28 15:02:47,155 [pool-108-thread-1] INFO  segmented.SegmentedRaftLogWorker (SegmentedRaftLogWorker.java:<init>(176)) - new fe566f1b-c7f2-4e01-8c59-fb4573cfb5f5@group-6A808ADAF50F-SegmentedRaftLogWorker for RaftStorage:Storage Directory /github/workspace/mnt/ozone/hadoop-ozone/integration-test/target/test-dir/MiniOzoneClusterImpl-86f4eb11-29f8-44af-977b-0135f9896c6d/datanode-5/data/ratis/7c79c05b-75ce-4765-ab03-6a808adaf50f
2020-04-28 15:02:47,155 [pool-108-thread-1] INFO  server.RaftServerConfigKeys (ConfUtils.java:logGet(44)) - raft.server.log.queue.byte-limit = 2147483647 (custom)
2020-04-28 15:02:47,155 [pool-108-thread-1] INFO  server.RaftServerConfigKeys (ConfUtils.java:logGet(44)) - raft.server.log.queue.element-limit = 1024 (custom)
2020-04-28 15:02:47,155 [pool-108-thread-1] INFO  server.RaftServerConfigKeys (ConfUtils.java:logGet(44)) - raft.server.log.segment.size.max = 1048576 (custom)
2020-04-28 15:02:47,155 [pool-108-thread-1] INFO  server.RaftServerConfigKeys (ConfUtils.java:logGet(44)) - raft.server.log.preallocated.size = 16384 (custom)
2020-04-28 15:02:47,155 [pool-108-thread-1] INFO  server.RaftServerConfigKeys (ConfUtils.java:logGet(44)) - raft.server.log.write.buffer.size = 1048576 (custom)
2020-04-28 15:02:47,155 [pool-108-thread-1] INFO  server.RaftServerConfigKeys (ConfUtils.java:logGet(44)) - raft.server.log.force.sync.num = 128 (default)
2020-04-28 15:02:47,155 [pool-108-thread-1] INFO  server.RaftServerConfigKeys (ConfUtils.java:logGet(44)) - raft.server.log.statemachine.data.sync = true (default)
2020-04-28 15:02:47,155 [pool-108-thread-1] INFO  server.RaftServerConfigKeys (ConfUtils.java:logGet(44)) - raft.server.log.statemachine.data.sync.timeout = 10s (default)
2020-04-28 15:02:47,156 [pool-108-thread-1] INFO  server.RaftServerConfigKeys (ConfUtils.java:logGet(44)) - raft.server.log.statemachine.data.sync.timeout.retry = -1 (default)
2020-04-28 15:02:47,156 [pool-108-thread-1] INFO  server.RaftServerConfigKeys (ConfUtils.java:logGet(44)) - raft.server.log.statemachine.data.caching.enabled = true (custom)
2020-04-28 15:02:47,156 [pool-108-thread-1] INFO  segmented.SegmentedRaftLogWorker (SegmentedRaftLogWorker.java:lambda$new$0(129)) - fe566f1b-c7f2-4e01-8c59-fb4573cfb5f5@group-6A808ADAF50F-SegmentedRaftLogWorker: flushIndex: setUnconditionally 0 -> -1
2020-04-28 15:02:47,166 [pool-108-thread-1] INFO  server.RaftServerConfigKeys (ConfUtils.java:logGet(44)) - raft.server.snapshot.auto.trigger.enabled = true (custom)
2020-04-28 15:02:47,166 [pool-108-thread-1] INFO  server.RaftServerConfigKeys (ConfUtils.java:logGet(44)) - raft.server.snapshot.auto.trigger.threshold = 10000 (custom)
2020-04-28 15:02:47,167 [pool-108-thread-1] INFO  server.RaftServerConfigKeys (ConfUtils.java:logGet(44)) - raft.server.snapshot.retention.file.num = 5 (custom)
2020-04-28 15:02:47,167 [pool-108-thread-1] INFO  server.RaftServerConfigKeys (ConfUtils.java:logGet(44)) - raft.server.retrycache.expirytime = 600000ms (custom)
2020-04-28 15:02:47,167 [pool-108-thread-1] INFO  metrics.RatisMetrics (RatisMetrics.java:lambda$create$0(39)) - Creating Metrics Registry : ratis.leader_election.fe566f1b-c7f2-4e01-8c59-fb4573cfb5f5@group-6A808ADAF50F
2020-04-28 15:02:47,351 [pool-108-thread-1] INFO  metrics.RatisMetrics (RatisMetrics.java:lambda$create$0(39)) - Creating Metrics Registry : ratis.server.fe566f1b-c7f2-4e01-8c59-fb4573cfb5f5@group-6A808ADAF50F
2020-04-28 15:02:47,352 [pool-123-thread-1] INFO  impl.RaftServerImpl (RaftServerImpl.java:<init>(97)) - 8fd30f8c-8db6-43a6-adbe-e53ad13705f6: new RaftServerImpl for group-3383C24F2AEB:[8fd30f8c-8db6-43a6-adbe-e53ad13705f6:172.17.0.2:41513] with ContainerStateMachine:uninitialized
2020-04-28 15:02:47,352 [pool-123-thread-1] INFO  server.RaftServerConfigKeys (ConfUtils.java:logGet(44)) - raft.server.rpc.timeout.min = 5s (custom)
2020-04-28 15:02:47,352 [pool-123-thread-1] INFO  server.RaftServerConfigKeys (ConfUtils.java:logGet(44)) - raft.server.rpc.timeout.max = 5200ms (custom)
2020-04-28 15:02:47,352 [pool-123-thread-1] INFO  server.RaftServerConfigKeys (ConfUtils.java:logGet(44)) - raft.server.rpcslowness.timeout = 300s (custom)
2020-04-28 15:02:47,353 [pool-123-thread-1] INFO  server.RaftServerConfigKeys (ConfUtils.java:logGet(44)) - raft.server.sleep.deviation.threshold = 300 (default)
2020-04-28 15:02:47,353 [pool-123-thread-1] INFO  server.RaftServerConfigKeys (ConfUtils.java:logGet(44)) - raft.server.log.appender.install.snapshot.enabled = false (custom)
2020-04-28 15:02:47,353 [pool-123-thread-1] INFO  impl.RaftServerImpl (ServerState.java:<init>(103)) - 8fd30f8c-8db6-43a6-adbe-e53ad13705f6@group-3383C24F2AEB: ConfigurationManager, init=-1: [8fd30f8c-8db6-43a6-adbe-e53ad13705f6:172.17.0.2:41513], old=null, confs=<EMPTY_MAP>
2020-04-28 15:02:47,353 [pool-123-thread-1] INFO  server.RaftServerConfigKeys (ConfUtils.java:logGet(44)) - raft.server.storage.dir = [/github/workspace/mnt/ozone/hadoop-ozone/integration-test/target/test-dir/MiniOzoneClusterImpl-86f4eb11-29f8-44af-977b-0135f9896c6d/datanode-6/data/ratis] (custom)
2020-04-28 15:02:47,353 [pool-108-thread-1] INFO  impl.RaftServerImpl (RaftServerImpl.java:start(183)) - fe566f1b-c7f2-4e01-8c59-fb4573cfb5f5@group-6A808ADAF50F: start as a follower, conf=-1: [5b5a3a79-dd88-4ffc-b00f-5fb4dfac4a04:172.17.0.2:46387, 5e3ccaa4-afb5-4d31-b7ad-1487e29be196:172.17.0.2:39853, fe566f1b-c7f2-4e01-8c59-fb4573cfb5f5:172.17.0.2:34109], old=null
2020-04-28 15:02:47,353 [pool-123-thread-1] INFO  server.RaftServerConfigKeys (ConfUtils.java:logGet(44)) - raft.server.log.corruption.policy = EXCEPTION (default)
2020-04-28 15:02:47,353 [pool-123-thread-1] INFO  storage.RaftStorageDirectory (RaftStorageDirectory.java:analyzeStorage(253)) - The storage directory /github/workspace/mnt/ozone/hadoop-ozone/integration-test/target/test-dir/MiniOzoneClusterImpl-86f4eb11-29f8-44af-977b-0135f9896c6d/datanode-6/data/ratis/dde18981-6048-428c-9257-3383c24f2aeb does not exist. Creating ...
2020-04-28 15:02:47,353 [pool-108-thread-1] INFO  impl.RaftServerImpl (RaftServerImpl.java:setRole(172)) - fe566f1b-c7f2-4e01-8c59-fb4573cfb5f5@group-6A808ADAF50F: changes role from      null to FOLLOWER at term 0 for startAsFollower
2020-04-28 15:02:47,356 [pool-123-thread-1] INFO  storage.RaftStorageDirectory (RaftStorageDirectory.java:tryLock(335)) - Lock on /github/workspace/mnt/ozone/hadoop-ozone/integration-test/target/test-dir/MiniOzoneClusterImpl-86f4eb11-29f8-44af-977b-0135f9896c6d/datanode-6/data/ratis/dde18981-6048-428c-9257-3383c24f2aeb/in_use.lock acquired by nodename 7259@f2af4a476004
2020-04-28 15:02:47,358 [pool-108-thread-1] INFO  impl.RoleInfo (RoleInfo.java:updateAndGet(143)) - fe566f1b-c7f2-4e01-8c59-fb4573cfb5f5: start FollowerState
2020-04-28 15:02:47,361 [pool-123-thread-1] INFO  storage.RaftStorage (RaftStorage.java:format(84)) - Storage directory /github/workspace/mnt/ozone/hadoop-ozone/integration-test/target/test-dir/MiniOzoneClusterImpl-86f4eb11-29f8-44af-977b-0135f9896c6d/datanode-6/data/ratis/dde18981-6048-428c-9257-3383c24f2aeb has been successfully formatted.
2020-04-28 15:02:47,361 [Command processor thread] INFO  impl.RaftServerProxy (RaftServerProxy.java:addNew(89)) - 1e0ded64-a5e7-44ce-aceb-2ea5d9a1bcc3: addNew group-5450C395AF44:[1e0ded64-a5e7-44ce-aceb-2ea5d9a1bcc3:172.17.0.2:34095] returns group-5450C395AF44:java.util.concurrent.CompletableFuture@560dad1a[Not completed]
2020-04-28 15:02:47,358 [Command processor thread] INFO  impl.RaftServerProxy (RaftServerProxy.java:addNew(89)) - d26a0638-14c0-4e4b-8ca0-97e128166950: addNew group-B7DE079D217A:[d26a0638-14c0-4e4b-8ca0-97e128166950:172.17.0.2:33283] returns group-B7DE079D217A:java.util.concurrent.CompletableFuture@478b0bb5[Not completed]
2020-04-28 15:02:47,379 [pool-108-thread-1] INFO  util.JmxRegister (JmxRegister.java:tryRegister(44)) - Successfully registered JMX Bean with object name Ratis:service=RaftServer,group=group-6A808ADAF50F,id=fe566f1b-c7f2-4e01-8c59-fb4573cfb5f5
2020-04-28 15:02:47,380 [pool-108-thread-1] INFO  metrics.RatisMetrics (RatisMetrics.java:lambda$create$0(39)) - Creating Metrics Registry : ratis.state_machine.fe566f1b-c7f2-4e01-8c59-fb4573cfb5f5@group-6A808ADAF50F
2020-04-28 15:02:47,381 [pool-138-thread-1] INFO  impl.RaftServerImpl (RaftServerImpl.java:<init>(97)) - 1e0ded64-a5e7-44ce-aceb-2ea5d9a1bcc3: new RaftServerImpl for group-5450C395AF44:[1e0ded64-a5e7-44ce-aceb-2ea5d9a1bcc3:172.17.0.2:34095] with ContainerStateMachine:uninitialized
2020-04-28 15:02:47,382 [pool-138-thread-1] INFO  server.RaftServerConfigKeys (ConfUtils.java:logGet(44)) - raft.server.rpc.timeout.min = 5s (custom)
2020-04-28 15:02:47,382 [pool-138-thread-1] INFO  server.RaftServerConfigKeys (ConfUtils.java:logGet(44)) - raft.server.rpc.timeout.max = 5200ms (custom)
2020-04-28 15:02:47,382 [pool-138-thread-1] INFO  server.RaftServerConfigKeys (ConfUtils.java:logGet(44)) - raft.server.rpcslowness.timeout = 300s (custom)
2020-04-28 15:02:47,382 [pool-138-thread-1] INFO  server.RaftServerConfigKeys (ConfUtils.java:logGet(44)) - raft.server.sleep.deviation.threshold = 300 (default)
2020-04-28 15:02:47,382 [pool-138-thread-1] INFO  server.RaftServerConfigKeys (ConfUtils.java:logGet(44)) - raft.server.log.appender.install.snapshot.enabled = false (custom)
2020-04-28 15:02:47,382 [pool-138-thread-1] INFO  impl.RaftServerImpl (ServerState.java:<init>(103)) - 1e0ded64-a5e7-44ce-aceb-2ea5d9a1bcc3@group-5450C395AF44: ConfigurationManager, init=-1: [1e0ded64-a5e7-44ce-aceb-2ea5d9a1bcc3:172.17.0.2:34095], old=null, confs=<EMPTY_MAP>
2020-04-28 15:02:47,382 [pool-138-thread-1] INFO  server.RaftServerConfigKeys (ConfUtils.java:logGet(44)) - raft.server.storage.dir = [/github/workspace/mnt/ozone/hadoop-ozone/integration-test/target/test-dir/MiniOzoneClusterImpl-86f4eb11-29f8-44af-977b-0135f9896c6d/datanode-7/data/ratis] (custom)
2020-04-28 15:02:47,383 [pool-138-thread-1] INFO  server.RaftServerConfigKeys (ConfUtils.java:logGet(44)) - raft.server.log.corruption.policy = EXCEPTION (default)
2020-04-28 15:02:47,383 [pool-138-thread-1] INFO  storage.RaftStorageDirectory (RaftStorageDirectory.java:analyzeStorage(253)) - The storage directory /github/workspace/mnt/ozone/hadoop-ozone/integration-test/target/test-dir/MiniOzoneClusterImpl-86f4eb11-29f8-44af-977b-0135f9896c6d/datanode-7/data/ratis/f69d44c7-39e5-4f3b-9ac5-5450c395af44 does not exist. Creating ...
2020-04-28 15:02:47,384 [pool-138-thread-1] INFO  storage.RaftStorageDirectory (RaftStorageDirectory.java:tryLock(335)) - Lock on /github/workspace/mnt/ozone/hadoop-ozone/integration-test/target/test-dir/MiniOzoneClusterImpl-86f4eb11-29f8-44af-977b-0135f9896c6d/datanode-7/data/ratis/f69d44c7-39e5-4f3b-9ac5-5450c395af44/in_use.lock acquired by nodename 7259@f2af4a476004
2020-04-28 15:02:47,385 [pool-138-thread-1] INFO  storage.RaftStorage (RaftStorage.java:format(84)) - Storage directory /github/workspace/mnt/ozone/hadoop-ozone/integration-test/target/test-dir/MiniOzoneClusterImpl-86f4eb11-29f8-44af-977b-0135f9896c6d/datanode-7/data/ratis/f69d44c7-39e5-4f3b-9ac5-5450c395af44 has been successfully formatted.
2020-04-28 15:02:47,400 [pool-153-thread-1] INFO  impl.RaftServerImpl (RaftServerImpl.java:<init>(97)) - d26a0638-14c0-4e4b-8ca0-97e128166950: new RaftServerImpl for group-B7DE079D217A:[d26a0638-14c0-4e4b-8ca0-97e128166950:172.17.0.2:33283] with ContainerStateMachine:uninitialized
2020-04-28 15:02:47,400 [pool-153-thread-1] INFO  server.RaftServerConfigKeys (ConfUtils.java:logGet(44)) - raft.server.rpc.timeout.min = 5s (custom)
2020-04-28 15:02:47,400 [pool-153-thread-1] INFO  server.RaftServerConfigKeys (ConfUtils.java:logGet(44)) - raft.server.rpc.timeout.max = 5200ms (custom)
2020-04-28 15:02:47,400 [pool-153-thread-1] INFO  server.RaftServerConfigKeys (ConfUtils.java:logGet(44)) - raft.server.rpcslowness.timeout = 300s (custom)
2020-04-28 15:02:47,400 [pool-153-thread-1] INFO  server.RaftServerConfigKeys (ConfUtils.java:logGet(44)) - raft.server.sleep.deviation.threshold = 300 (default)
2020-04-28 15:02:47,400 [pool-153-thread-1] INFO  server.RaftServerConfigKeys (ConfUtils.java:logGet(44)) - raft.server.log.appender.install.snapshot.enabled = false (custom)
2020-04-28 15:02:47,400 [pool-153-thread-1] INFO  impl.RaftServerImpl (ServerState.java:<init>(103)) - d26a0638-14c0-4e4b-8ca0-97e128166950@group-B7DE079D217A: ConfigurationManager, init=-1: [d26a0638-14c0-4e4b-8ca0-97e128166950:172.17.0.2:33283], old=null, confs=<EMPTY_MAP>
2020-04-28 15:02:47,400 [pool-153-thread-1] INFO  server.RaftServerConfigKeys (ConfUtils.java:logGet(44)) - raft.server.storage.dir = [/github/workspace/mnt/ozone/hadoop-ozone/integration-test/target/test-dir/MiniOzoneClusterImpl-86f4eb11-29f8-44af-977b-0135f9896c6d/datanode-8/data/ratis] (custom)
2020-04-28 15:02:47,401 [pool-153-thread-1] INFO  server.RaftServerConfigKeys (ConfUtils.java:logGet(44)) - raft.server.log.corruption.policy = EXCEPTION (default)
2020-04-28 15:02:47,401 [pool-153-thread-1] INFO  storage.RaftStorageDirectory (RaftStorageDirectory.java:analyzeStorage(253)) - The storage directory /github/workspace/mnt/ozone/hadoop-ozone/integration-test/target/test-dir/MiniOzoneClusterImpl-86f4eb11-29f8-44af-977b-0135f9896c6d/datanode-8/data/ratis/bdcfc262-63cf-462a-a589-b7de079d217a does not exist. Creating ...
2020-04-28 15:02:47,411 [pool-123-thread-1] INFO  ratis.ContainerStateMachine (ContainerStateMachine.java:loadSnapshot(226)) - group-3383C24F2AEB: The snapshot info is null. Setting the last applied indexto:(t:0, i:~)
2020-04-28 15:02:47,411 [pool-123-thread-1] INFO  server.RaftServerConfigKeys (ConfUtils.java:logGet(44)) - raft.server.notification.no-leader.timeout = 60s (default)
2020-04-28 15:02:47,412 [pool-123-thread-1] INFO  server.RaftServerConfigKeys (ConfUtils.java:logGet(44)) - raft.server.log.use.memory = false (default)
2020-04-28 15:02:47,412 [pool-123-thread-1] INFO  server.RaftServerConfigKeys (ConfUtils.java:logGet(44)) - raft.server.log.purge.gap = 1000000 (custom)
2020-04-28 15:02:47,412 [pool-123-thread-1] INFO  server.RaftServerConfigKeys (ConfUtils.java:logGet(44)) - raft.server.log.appender.buffer.byte-limit = 33554432 (custom)
2020-04-28 15:02:47,412 [pool-123-thread-1] INFO  server.RaftServerConfigKeys (ConfUtils.java:logGet(44)) - raft.server.log.segment.size.max = 1048576 (custom)
2020-04-28 15:02:47,412 [pool-123-thread-1] INFO  metrics.RatisMetrics (RatisMetrics.java:lambda$create$0(39)) - Creating Metrics Registry : ratis.log_worker.8fd30f8c-8db6-43a6-adbe-e53ad13705f6
2020-04-28 15:02:47,412 [pool-123-thread-1] INFO  server.RaftServerConfigKeys (ConfUtils.java:logGet(44)) - raft.server.log.segment.cache.num.max = 2 (custom)
2020-04-28 15:02:47,413 [pool-123-thread-1] INFO  segmented.SegmentedRaftLogWorker (SegmentedRaftLogWorker.java:<init>(176)) - new 8fd30f8c-8db6-43a6-adbe-e53ad13705f6@group-3383C24F2AEB-SegmentedRaftLogWorker for RaftStorage:Storage Directory /github/workspace/mnt/ozone/hadoop-ozone/integration-test/target/test-dir/MiniOzoneClusterImpl-86f4eb11-29f8-44af-977b-0135f9896c6d/datanode-6/data/ratis/dde18981-6048-428c-9257-3383c24f2aeb
2020-04-28 15:02:47,413 [pool-123-thread-1] INFO  server.RaftServerConfigKeys (ConfUtils.java:logGet(44)) - raft.server.log.queue.byte-limit = 2147483647 (custom)
2020-04-28 15:02:47,413 [pool-123-thread-1] INFO  server.RaftServerConfigKeys (ConfUtils.java:logGet(44)) - raft.server.log.queue.element-limit = 1024 (custom)
2020-04-28 15:02:47,413 [pool-123-thread-1] INFO  server.RaftServerConfigKeys (ConfUtils.java:logGet(44)) - raft.server.log.segment.size.max = 1048576 (custom)
2020-04-28 15:02:47,413 [pool-123-thread-1] INFO  server.RaftServerConfigKeys (ConfUtils.java:logGet(44)) - raft.server.log.preallocated.size = 16384 (custom)
2020-04-28 15:02:47,413 [pool-123-thread-1] INFO  server.RaftServerConfigKeys (ConfUtils.java:logGet(44)) - raft.server.log.write.buffer.size = 1048576 (custom)
2020-04-28 15:02:47,413 [pool-123-thread-1] INFO  server.RaftServerConfigKeys (ConfUtils.java:logGet(44)) - raft.server.log.force.sync.num = 128 (default)
2020-04-28 15:02:47,413 [pool-123-thread-1] INFO  server.RaftServerConfigKeys (ConfUtils.java:logGet(44)) - raft.server.log.statemachine.data.sync = true (default)
2020-04-28 15:02:47,413 [pool-123-thread-1] INFO  server.RaftServerConfigKeys (ConfUtils.java:logGet(44)) - raft.server.log.statemachine.data.sync.timeout = 10s (default)
2020-04-28 15:02:47,413 [pool-123-thread-1] INFO  server.RaftServerConfigKeys (ConfUtils.java:logGet(44)) - raft.server.log.statemachine.data.sync.timeout.retry = -1 (default)
2020-04-28 15:02:47,414 [EventQueue-PipelineReportForPipelineReportHandler] INFO  pipeline.PipelineStateManager (PipelineStateManager.java:openPipeline(131)) - Pipeline Pipeline[ Id: dde18981-6048-428c-9257-3383c24f2aeb, Nodes: 8fd30f8c-8db6-43a6-adbe-e53ad13705f6{ip: 172.17.0.2, host: f2af4a476004, networkLocation: /default-rack, certSerialId: null}, Type:RATIS, Factor:ONE, State:ALLOCATED, leaderId:8fd30f8c-8db6-43a6-adbe-e53ad13705f6, CreationTimestamp2020-04-28T15:02:44.135Z] moved to OPEN state
2020-04-28 15:02:47,414 [EventQueue-OpenPipelineForHealthyPipelineSafeModeRule] INFO  safemode.SCMSafeModeManager (HealthyPipelineSafeModeRule.java:process(132)) - SCM in safe mode. Healthy pipelines reported count is 0, required healthy pipeline reported count is 1
2020-04-28 15:02:47,414 [EventQueue-OpenPipelineForOneReplicaPipelineSafeModeRule] INFO  safemode.SCMSafeModeManager (SCMSafeModeManager.java:validateSafeModeExitRules(213)) - AtleastOneDatanodeReportedRule rule is successfully validated
2020-04-28 15:02:47,414 [pool-138-thread-1] INFO  ratis.ContainerStateMachine (ContainerStateMachine.java:loadSnapshot(226)) - group-5450C395AF44: The snapshot info is null. Setting the last applied indexto:(t:0, i:~)
2020-04-28 15:02:47,414 [pool-138-thread-1] INFO  server.RaftServerConfigKeys (ConfUtils.java:logGet(44)) - raft.server.notification.no-leader.timeout = 60s (default)
2020-04-28 15:02:47,415 [pool-138-thread-1] INFO  server.RaftServerConfigKeys (ConfUtils.java:logGet(44)) - raft.server.log.use.memory = false (default)
2020-04-28 15:02:47,415 [pool-138-thread-1] INFO  server.RaftServerConfigKeys (ConfUtils.java:logGet(44)) - raft.server.log.purge.gap = 1000000 (custom)
2020-04-28 15:02:47,415 [pool-138-thread-1] INFO  server.RaftServerConfigKeys (ConfUtils.java:logGet(44)) - raft.server.log.appender.buffer.byte-limit = 33554432 (custom)
2020-04-28 15:02:47,415 [pool-138-thread-1] INFO  server.RaftServerConfigKeys (ConfUtils.java:logGet(44)) - raft.server.log.segment.size.max = 1048576 (custom)
2020-04-28 15:02:47,415 [pool-138-thread-1] INFO  metrics.RatisMetrics (RatisMetrics.java:lambda$create$0(39)) - Creating Metrics Registry : ratis.log_worker.1e0ded64-a5e7-44ce-aceb-2ea5d9a1bcc3
2020-04-28 15:02:47,415 [pool-138-thread-1] INFO  server.RaftServerConfigKeys (ConfUtils.java:logGet(44)) - raft.server.log.segment.cache.num.max = 2 (custom)
2020-04-28 15:02:47,415 [pool-138-thread-1] INFO  segmented.SegmentedRaftLogWorker (SegmentedRaftLogWorker.java:<init>(176)) - new 1e0ded64-a5e7-44ce-aceb-2ea5d9a1bcc3@group-5450C395AF44-SegmentedRaftLogWorker for RaftStorage:Storage Directory /github/workspace/mnt/ozone/hadoop-ozone/integration-test/target/test-dir/MiniOzoneClusterImpl-86f4eb11-29f8-44af-977b-0135f9896c6d/datanode-7/data/ratis/f69d44c7-39e5-4f3b-9ac5-5450c395af44
2020-04-28 15:02:47,415 [pool-138-thread-1] INFO  server.RaftServerConfigKeys (ConfUtils.java:logGet(44)) - raft.server.log.queue.byte-limit = 2147483647 (custom)
2020-04-28 15:02:47,416 [pool-138-thread-1] INFO  server.RaftServerConfigKeys (ConfUtils.java:logGet(44)) - raft.server.log.queue.element-limit = 1024 (custom)
2020-04-28 15:02:47,416 [pool-138-thread-1] INFO  server.RaftServerConfigKeys (ConfUtils.java:logGet(44)) - raft.server.log.segment.size.max = 1048576 (custom)
2020-04-28 15:02:47,416 [pool-138-thread-1] INFO  server.RaftServerConfigKeys (ConfUtils.java:logGet(44)) - raft.server.log.preallocated.size = 16384 (custom)
2020-04-28 15:02:47,416 [pool-138-thread-1] INFO  server.RaftServerConfigKeys (ConfUtils.java:logGet(44)) - raft.server.log.write.buffer.size = 1048576 (custom)
2020-04-28 15:02:47,416 [pool-138-thread-1] INFO  server.RaftServerConfigKeys (ConfUtils.java:logGet(44)) - raft.server.log.force.sync.num = 128 (default)
2020-04-28 15:02:47,416 [pool-138-thread-1] INFO  server.RaftServerConfigKeys (ConfUtils.java:logGet(44)) - raft.server.log.statemachine.data.sync = true (default)
2020-04-28 15:02:47,416 [pool-138-thread-1] INFO  server.RaftServerConfigKeys (ConfUtils.java:logGet(44)) - raft.server.log.statemachine.data.sync.timeout = 10s (default)
2020-04-28 15:02:47,416 [pool-138-thread-1] INFO  server.RaftServerConfigKeys (ConfUtils.java:logGet(44)) - raft.server.log.statemachine.data.sync.timeout.retry = -1 (default)
2020-04-28 15:02:47,419 [pool-123-thread-1] INFO  server.RaftServerConfigKeys (ConfUtils.java:logGet(44)) - raft.server.log.statemachine.data.caching.enabled = true (custom)
2020-04-28 15:02:47,420 [pool-123-thread-1] INFO  segmented.SegmentedRaftLogWorker (SegmentedRaftLogWorker.java:lambda$new$0(129)) - 8fd30f8c-8db6-43a6-adbe-e53ad13705f6@group-3383C24F2AEB-SegmentedRaftLogWorker: flushIndex: setUnconditionally 0 -> -1
2020-04-28 15:02:47,420 [pool-138-thread-1] INFO  server.RaftServerConfigKeys (ConfUtils.java:logGet(44)) - raft.server.log.statemachine.data.caching.enabled = true (custom)
2020-04-28 15:02:47,420 [EventQueue-PipelineReportForPipelineReportHandler] INFO  pipeline.PipelineStateManager (PipelineStateManager.java:openPipeline(131)) - Pipeline Pipeline[ Id: f69d44c7-39e5-4f3b-9ac5-5450c395af44, Nodes: 1e0ded64-a5e7-44ce-aceb-2ea5d9a1bcc3{ip: 172.17.0.2, host: f2af4a476004, networkLocation: /default-rack, certSerialId: null}, Type:RATIS, Factor:ONE, State:ALLOCATED, leaderId:1e0ded64-a5e7-44ce-aceb-2ea5d9a1bcc3, CreationTimestamp2020-04-28T15:02:44.232Z] moved to OPEN state
2020-04-28 15:02:47,420 [pool-138-thread-1] INFO  segmented.SegmentedRaftLogWorker (SegmentedRaftLogWorker.java:lambda$new$0(129)) - 1e0ded64-a5e7-44ce-aceb-2ea5d9a1bcc3@group-5450C395AF44-SegmentedRaftLogWorker: flushIndex: setUnconditionally 0 -> -1
2020-04-28 15:02:47,420 [EventQueue-OpenPipelineForOneReplicaPipelineSafeModeRule] INFO  safemode.SCMSafeModeManager (SCMSafeModeManager.java:validateSafeModeExitRules(213)) - AtleastOneDatanodeReportedRule rule is successfully validated
2020-04-28 15:02:47,420 [EventQueue-OpenPipelineForHealthyPipelineSafeModeRule] INFO  safemode.SCMSafeModeManager (HealthyPipelineSafeModeRule.java:process(132)) - SCM in safe mode. Healthy pipelines reported count is 0, required healthy pipeline reported count is 1
2020-04-28 15:02:47,424 [pool-153-thread-1] INFO  storage.RaftStorageDirectory (RaftStorageDirectory.java:tryLock(335)) - Lock on /github/workspace/mnt/ozone/hadoop-ozone/integration-test/target/test-dir/MiniOzoneClusterImpl-86f4eb11-29f8-44af-977b-0135f9896c6d/datanode-8/data/ratis/bdcfc262-63cf-462a-a589-b7de079d217a/in_use.lock acquired by nodename 7259@f2af4a476004
2020-04-28 15:02:47,428 [pool-138-thread-1] INFO  server.RaftServerConfigKeys (ConfUtils.java:logGet(44)) - raft.server.snapshot.auto.trigger.enabled = true (custom)
2020-04-28 15:02:47,428 [pool-138-thread-1] INFO  server.RaftServerConfigKeys (ConfUtils.java:logGet(44)) - raft.server.snapshot.auto.trigger.threshold = 10000 (custom)
2020-04-28 15:02:47,428 [pool-138-thread-1] INFO  server.RaftServerConfigKeys (ConfUtils.java:logGet(44)) - raft.server.snapshot.retention.file.num = 5 (custom)
2020-04-28 15:02:47,428 [pool-138-thread-1] INFO  server.RaftServerConfigKeys (ConfUtils.java:logGet(44)) - raft.server.retrycache.expirytime = 600000ms (custom)
2020-04-28 15:02:47,429 [pool-138-thread-1] INFO  metrics.RatisMetrics (RatisMetrics.java:lambda$create$0(39)) - Creating Metrics Registry : ratis.leader_election.1e0ded64-a5e7-44ce-aceb-2ea5d9a1bcc3@group-5450C395AF44
2020-04-28 15:02:47,429 [pool-138-thread-1] INFO  metrics.RatisMetrics (RatisMetrics.java:lambda$create$0(39)) - Creating Metrics Registry : ratis.server.1e0ded64-a5e7-44ce-aceb-2ea5d9a1bcc3@group-5450C395AF44
2020-04-28 15:02:47,431 [pool-138-thread-1] INFO  impl.RaftServerImpl (RaftServerImpl.java:start(183)) - 1e0ded64-a5e7-44ce-aceb-2ea5d9a1bcc3@group-5450C395AF44: start as a follower, conf=-1: [1e0ded64-a5e7-44ce-aceb-2ea5d9a1bcc3:172.17.0.2:34095], old=null
2020-04-28 15:02:47,437 [pool-138-thread-1] INFO  impl.RaftServerImpl (RaftServerImpl.java:setRole(172)) - 1e0ded64-a5e7-44ce-aceb-2ea5d9a1bcc3@group-5450C395AF44: changes role from      null to FOLLOWER at term 0 for startAsFollower
2020-04-28 15:02:47,437 [pool-138-thread-1] INFO  impl.RoleInfo (RoleInfo.java:updateAndGet(143)) - 1e0ded64-a5e7-44ce-aceb-2ea5d9a1bcc3: start FollowerState
2020-04-28 15:02:47,434 [pool-153-thread-1] INFO  storage.RaftStorage (RaftStorage.java:format(84)) - Storage directory /github/workspace/mnt/ozone/hadoop-ozone/integration-test/target/test-dir/MiniOzoneClusterImpl-86f4eb11-29f8-44af-977b-0135f9896c6d/datanode-8/data/ratis/bdcfc262-63cf-462a-a589-b7de079d217a has been successfully formatted.
2020-04-28 15:02:47,437 [pool-138-thread-1] INFO  util.JmxRegister (JmxRegister.java:tryRegister(44)) - Successfully registered JMX Bean with object name Ratis:service=RaftServer,group=group-5450C395AF44,id=1e0ded64-a5e7-44ce-aceb-2ea5d9a1bcc3
2020-04-28 15:02:47,437 [pool-138-thread-1] INFO  metrics.RatisMetrics (RatisMetrics.java:lambda$create$0(39)) - Creating Metrics Registry : ratis.state_machine.1e0ded64-a5e7-44ce-aceb-2ea5d9a1bcc3@group-5450C395AF44
2020-04-28 15:02:47,431 [pool-123-thread-1] INFO  server.RaftServerConfigKeys (ConfUtils.java:logGet(44)) - raft.server.snapshot.auto.trigger.enabled = true (custom)
2020-04-28 15:02:47,438 [pool-123-thread-1] INFO  server.RaftServerConfigKeys (ConfUtils.java:logGet(44)) - raft.server.snapshot.auto.trigger.threshold = 10000 (custom)
2020-04-28 15:02:47,438 [pool-123-thread-1] INFO  server.RaftServerConfigKeys (ConfUtils.java:logGet(44)) - raft.server.snapshot.retention.file.num = 5 (custom)
2020-04-28 15:02:47,444 [pool-123-thread-1] INFO  server.RaftServerConfigKeys (ConfUtils.java:logGet(44)) - raft.server.retrycache.expirytime = 600000ms (custom)
2020-04-28 15:02:47,444 [pool-153-thread-1] INFO  ratis.ContainerStateMachine (ContainerStateMachine.java:loadSnapshot(226)) - group-B7DE079D217A: The snapshot info is null. Setting the last applied indexto:(t:0, i:~)
2020-04-28 15:02:47,444 [pool-153-thread-1] INFO  server.RaftServerConfigKeys (ConfUtils.java:logGet(44)) - raft.server.notification.no-leader.timeout = 60s (default)
2020-04-28 15:02:47,444 [pool-153-thread-1] INFO  server.RaftServerConfigKeys (ConfUtils.java:logGet(44)) - raft.server.log.use.memory = false (default)
2020-04-28 15:02:47,444 [pool-153-thread-1] INFO  server.RaftServerConfigKeys (ConfUtils.java:logGet(44)) - raft.server.log.purge.gap = 1000000 (custom)
2020-04-28 15:02:47,444 [pool-153-thread-1] INFO  server.RaftServerConfigKeys (ConfUtils.java:logGet(44)) - raft.server.log.appender.buffer.byte-limit = 33554432 (custom)
2020-04-28 15:02:47,445 [pool-153-thread-1] INFO  server.RaftServerConfigKeys (ConfUtils.java:logGet(44)) - raft.server.log.segment.size.max = 1048576 (custom)
2020-04-28 15:02:47,445 [pool-153-thread-1] INFO  metrics.RatisMetrics (RatisMetrics.java:lambda$create$0(39)) - Creating Metrics Registry : ratis.log_worker.d26a0638-14c0-4e4b-8ca0-97e128166950
2020-04-28 15:02:47,445 [pool-153-thread-1] INFO  server.RaftServerConfigKeys (ConfUtils.java:logGet(44)) - raft.server.log.segment.cache.num.max = 2 (custom)
2020-04-28 15:02:47,445 [pool-153-thread-1] INFO  segmented.SegmentedRaftLogWorker (SegmentedRaftLogWorker.java:<init>(176)) - new d26a0638-14c0-4e4b-8ca0-97e128166950@group-B7DE079D217A-SegmentedRaftLogWorker for RaftStorage:Storage Directory /github/workspace/mnt/ozone/hadoop-ozone/integration-test/target/test-dir/MiniOzoneClusterImpl-86f4eb11-29f8-44af-977b-0135f9896c6d/datanode-8/data/ratis/bdcfc262-63cf-462a-a589-b7de079d217a
2020-04-28 15:02:47,445 [pool-153-thread-1] INFO  server.RaftServerConfigKeys (ConfUtils.java:logGet(44)) - raft.server.log.queue.byte-limit = 2147483647 (custom)
2020-04-28 15:02:47,445 [pool-153-thread-1] INFO  server.RaftServerConfigKeys (ConfUtils.java:logGet(44)) - raft.server.log.queue.element-limit = 1024 (custom)
2020-04-28 15:02:47,445 [pool-153-thread-1] INFO  server.RaftServerConfigKeys (ConfUtils.java:logGet(44)) - raft.server.log.segment.size.max = 1048576 (custom)
2020-04-28 15:02:47,445 [pool-153-thread-1] INFO  server.RaftServerConfigKeys (ConfUtils.java:logGet(44)) - raft.server.log.preallocated.size = 16384 (custom)
2020-04-28 15:02:47,445 [pool-153-thread-1] INFO  server.RaftServerConfigKeys (ConfUtils.java:logGet(44)) - raft.server.log.write.buffer.size = 1048576 (custom)
2020-04-28 15:02:47,446 [pool-153-thread-1] INFO  server.RaftServerConfigKeys (ConfUtils.java:logGet(44)) - raft.server.log.force.sync.num = 128 (default)
2020-04-28 15:02:47,446 [pool-153-thread-1] INFO  server.RaftServerConfigKeys (ConfUtils.java:logGet(44)) - raft.server.log.statemachine.data.sync = true (default)
2020-04-28 15:02:47,446 [pool-153-thread-1] INFO  server.RaftServerConfigKeys (ConfUtils.java:logGet(44)) - raft.server.log.statemachine.data.sync.timeout = 10s (default)
2020-04-28 15:02:47,446 [pool-153-thread-1] INFO  server.RaftServerConfigKeys (ConfUtils.java:logGet(44)) - raft.server.log.statemachine.data.sync.timeout.retry = -1 (default)
2020-04-28 15:02:47,447 [EventQueue-PipelineReportForPipelineReportHandler] INFO  pipeline.PipelineStateManager (PipelineStateManager.java:openPipeline(131)) - Pipeline Pipeline[ Id: bdcfc262-63cf-462a-a589-b7de079d217a, Nodes: d26a0638-14c0-4e4b-8ca0-97e128166950{ip: 172.17.0.2, host: f2af4a476004, networkLocation: /default-rack, certSerialId: null}, Type:RATIS, Factor:ONE, State:ALLOCATED, leaderId:d26a0638-14c0-4e4b-8ca0-97e128166950, CreationTimestamp2020-04-28T15:02:44.337Z] moved to OPEN state
2020-04-28 15:02:47,444 [Command processor thread] INFO  commandhandler.CreatePipelineCommandHandler (CreatePipelineCommandHandler.java:handle(109)) - Created Pipeline RATIS ONE #id: "f69d44c7-39e5-4f3b-9ac5-5450c395af44"
.
2020-04-28 15:02:47,448 [EventQueue-OpenPipelineForOneReplicaPipelineSafeModeRule] INFO  safemode.SCMSafeModeManager (SCMSafeModeManager.java:validateSafeModeExitRules(213)) - AtleastOneDatanodeReportedRule rule is successfully validated
2020-04-28 15:02:47,448 [EventQueue-OpenPipelineForHealthyPipelineSafeModeRule] INFO  safemode.SCMSafeModeManager (HealthyPipelineSafeModeRule.java:process(132)) - SCM in safe mode. Healthy pipelines reported count is 0, required healthy pipeline reported count is 1
2020-04-28 15:02:47,444 [pool-123-thread-1] INFO  metrics.RatisMetrics (RatisMetrics.java:lambda$create$0(39)) - Creating Metrics Registry : ratis.leader_election.8fd30f8c-8db6-43a6-adbe-e53ad13705f6@group-3383C24F2AEB
2020-04-28 15:02:47,448 [Command processor thread] INFO  impl.RaftServerProxy (RaftServerProxy.java:addNew(89)) - 1e0ded64-a5e7-44ce-aceb-2ea5d9a1bcc3: addNew group-59DC44B9702A:[8fd30f8c-8db6-43a6-adbe-e53ad13705f6:172.17.0.2:41513, d26a0638-14c0-4e4b-8ca0-97e128166950:172.17.0.2:33283, 1e0ded64-a5e7-44ce-aceb-2ea5d9a1bcc3:172.17.0.2:34095] returns group-59DC44B9702A:java.util.concurrent.CompletableFuture@52322303[Not completed]
2020-04-28 15:02:47,450 [pool-138-thread-1] INFO  impl.RaftServerImpl (RaftServerImpl.java:<init>(97)) - 1e0ded64-a5e7-44ce-aceb-2ea5d9a1bcc3: new RaftServerImpl for group-59DC44B9702A:[8fd30f8c-8db6-43a6-adbe-e53ad13705f6:172.17.0.2:41513, d26a0638-14c0-4e4b-8ca0-97e128166950:172.17.0.2:33283, 1e0ded64-a5e7-44ce-aceb-2ea5d9a1bcc3:172.17.0.2:34095] with ContainerStateMachine:uninitialized
2020-04-28 15:02:47,450 [pool-138-thread-1] INFO  server.RaftServerConfigKeys (ConfUtils.java:logGet(44)) - raft.server.rpc.timeout.min = 5s (custom)
2020-04-28 15:02:47,450 [pool-138-thread-1] INFO  server.RaftServerConfigKeys (ConfUtils.java:logGet(44)) - raft.server.rpc.timeout.max = 5200ms (custom)
2020-04-28 15:02:47,450 [pool-138-thread-1] INFO  server.RaftServerConfigKeys (ConfUtils.java:logGet(44)) - raft.server.rpcslowness.timeout = 300s (custom)
2020-04-28 15:02:47,450 [pool-138-thread-1] INFO  server.RaftServerConfigKeys (ConfUtils.java:logGet(44)) - raft.server.sleep.deviation.threshold = 300 (default)
2020-04-28 15:02:47,450 [pool-138-thread-1] INFO  server.RaftServerConfigKeys (ConfUtils.java:logGet(44)) - raft.server.log.appender.install.snapshot.enabled = false (custom)
2020-04-28 15:02:47,450 [pool-138-thread-1] INFO  impl.RaftServerImpl (ServerState.java:<init>(103)) - 1e0ded64-a5e7-44ce-aceb-2ea5d9a1bcc3@group-59DC44B9702A: ConfigurationManager, init=-1: [8fd30f8c-8db6-43a6-adbe-e53ad13705f6:172.17.0.2:41513, d26a0638-14c0-4e4b-8ca0-97e128166950:172.17.0.2:33283, 1e0ded64-a5e7-44ce-aceb-2ea5d9a1bcc3:172.17.0.2:34095], old=null, confs=<EMPTY_MAP>
2020-04-28 15:02:47,450 [pool-138-thread-1] INFO  server.RaftServerConfigKeys (ConfUtils.java:logGet(44)) - raft.server.storage.dir = [/github/workspace/mnt/ozone/hadoop-ozone/integration-test/target/test-dir/MiniOzoneClusterImpl-86f4eb11-29f8-44af-977b-0135f9896c6d/datanode-7/data/ratis] (custom)
2020-04-28 15:02:47,451 [pool-138-thread-1] INFO  server.RaftServerConfigKeys (ConfUtils.java:logGet(44)) - raft.server.log.corruption.policy = EXCEPTION (default)
2020-04-28 15:02:47,451 [pool-138-thread-1] INFO  storage.RaftStorageDirectory (RaftStorageDirectory.java:analyzeStorage(253)) - The storage directory /github/workspace/mnt/ozone/hadoop-ozone/integration-test/target/test-dir/MiniOzoneClusterImpl-86f4eb11-29f8-44af-977b-0135f9896c6d/datanode-7/data/ratis/c242f8af-fb8d-4893-b26b-59dc44b9702a does not exist. Creating ...
2020-04-28 15:02:47,453 [pool-123-thread-1] INFO  metrics.RatisMetrics (RatisMetrics.java:lambda$create$0(39)) - Creating Metrics Registry : ratis.server.8fd30f8c-8db6-43a6-adbe-e53ad13705f6@group-3383C24F2AEB
2020-04-28 15:02:47,458 [pool-138-thread-1] INFO  storage.RaftStorageDirectory (RaftStorageDirectory.java:tryLock(335)) - Lock on /github/workspace/mnt/ozone/hadoop-ozone/integration-test/target/test-dir/MiniOzoneClusterImpl-86f4eb11-29f8-44af-977b-0135f9896c6d/datanode-7/data/ratis/c242f8af-fb8d-4893-b26b-59dc44b9702a/in_use.lock acquired by nodename 7259@f2af4a476004
2020-04-28 15:02:47,458 [pool-153-thread-1] INFO  server.RaftServerConfigKeys (ConfUtils.java:logGet(44)) - raft.server.log.statemachine.data.caching.enabled = true (custom)
2020-04-28 15:02:47,459 [pool-153-thread-1] INFO  segmented.SegmentedRaftLogWorker (SegmentedRaftLogWorker.java:lambda$new$0(129)) - d26a0638-14c0-4e4b-8ca0-97e128166950@group-B7DE079D217A-SegmentedRaftLogWorker: flushIndex: setUnconditionally 0 -> -1
2020-04-28 15:02:47,460 [pool-123-thread-1] INFO  impl.RaftServerImpl (RaftServerImpl.java:start(183)) - 8fd30f8c-8db6-43a6-adbe-e53ad13705f6@group-3383C24F2AEB: start as a follower, conf=-1: [8fd30f8c-8db6-43a6-adbe-e53ad13705f6:172.17.0.2:41513], old=null
2020-04-28 15:02:47,461 [pool-123-thread-1] INFO  impl.RaftServerImpl (RaftServerImpl.java:setRole(172)) - 8fd30f8c-8db6-43a6-adbe-e53ad13705f6@group-3383C24F2AEB: changes role from      null to FOLLOWER at term 0 for startAsFollower
2020-04-28 15:02:47,461 [pool-138-thread-1] INFO  storage.RaftStorage (RaftStorage.java:format(84)) - Storage directory /github/workspace/mnt/ozone/hadoop-ozone/integration-test/target/test-dir/MiniOzoneClusterImpl-86f4eb11-29f8-44af-977b-0135f9896c6d/datanode-7/data/ratis/c242f8af-fb8d-4893-b26b-59dc44b9702a has been successfully formatted.
2020-04-28 15:02:47,470 [pool-153-thread-1] INFO  server.RaftServerConfigKeys (ConfUtils.java:logGet(44)) - raft.server.snapshot.auto.trigger.enabled = true (custom)
2020-04-28 15:02:47,471 [pool-153-thread-1] INFO  server.RaftServerConfigKeys (ConfUtils.java:logGet(44)) - raft.server.snapshot.auto.trigger.threshold = 10000 (custom)
2020-04-28 15:02:47,471 [pool-138-thread-1] INFO  ratis.ContainerStateMachine (ContainerStateMachine.java:loadSnapshot(226)) - group-59DC44B9702A: The snapshot info is null. Setting the last applied indexto:(t:0, i:~)
2020-04-28 15:02:47,471 [pool-138-thread-1] INFO  server.RaftServerConfigKeys (ConfUtils.java:logGet(44)) - raft.server.notification.no-leader.timeout = 60s (default)
2020-04-28 15:02:47,471 [pool-138-thread-1] INFO  server.RaftServerConfigKeys (ConfUtils.java:logGet(44)) - raft.server.log.use.memory = false (default)
2020-04-28 15:02:47,471 [pool-138-thread-1] INFO  server.RaftServerConfigKeys (ConfUtils.java:logGet(44)) - raft.server.log.purge.gap = 1000000 (custom)
2020-04-28 15:02:47,471 [pool-138-thread-1] INFO  server.RaftServerConfigKeys (ConfUtils.java:logGet(44)) - raft.server.log.appender.buffer.byte-limit = 33554432 (custom)
2020-04-28 15:02:47,471 [pool-138-thread-1] INFO  server.RaftServerConfigKeys (ConfUtils.java:logGet(44)) - raft.server.log.segment.size.max = 1048576 (custom)
2020-04-28 15:02:47,471 [pool-138-thread-1] INFO  server.RaftServerConfigKeys (ConfUtils.java:logGet(44)) - raft.server.log.segment.cache.num.max = 2 (custom)
2020-04-28 15:02:47,471 [pool-138-thread-1] INFO  segmented.SegmentedRaftLogWorker (SegmentedRaftLogWorker.java:<init>(176)) - new 1e0ded64-a5e7-44ce-aceb-2ea5d9a1bcc3@group-59DC44B9702A-SegmentedRaftLogWorker for RaftStorage:Storage Directory /github/workspace/mnt/ozone/hadoop-ozone/integration-test/target/test-dir/MiniOzoneClusterImpl-86f4eb11-29f8-44af-977b-0135f9896c6d/datanode-7/data/ratis/c242f8af-fb8d-4893-b26b-59dc44b9702a
2020-04-28 15:02:47,472 [pool-138-thread-1] INFO  server.RaftServerConfigKeys (ConfUtils.java:logGet(44)) - raft.server.log.queue.byte-limit = 2147483647 (custom)
2020-04-28 15:02:47,472 [pool-138-thread-1] INFO  server.RaftServerConfigKeys (ConfUtils.java:logGet(44)) - raft.server.log.queue.element-limit = 1024 (custom)
2020-04-28 15:02:47,473 [pool-138-thread-1] INFO  server.RaftServerConfigKeys (ConfUtils.java:logGet(44)) - raft.server.log.segment.size.max = 1048576 (custom)
2020-04-28 15:02:47,473 [pool-153-thread-1] INFO  server.RaftServerConfigKeys (ConfUtils.java:logGet(44)) - raft.server.snapshot.retention.file.num = 5 (custom)
2020-04-28 15:02:47,473 [pool-153-thread-1] INFO  server.RaftServerConfigKeys (ConfUtils.java:logGet(44)) - raft.server.retrycache.expirytime = 600000ms (custom)
2020-04-28 15:02:47,474 [pool-153-thread-1] INFO  metrics.RatisMetrics (RatisMetrics.java:lambda$create$0(39)) - Creating Metrics Registry : ratis.leader_election.d26a0638-14c0-4e4b-8ca0-97e128166950@group-B7DE079D217A
2020-04-28 15:02:47,473 [pool-138-thread-1] INFO  server.RaftServerConfigKeys (ConfUtils.java:logGet(44)) - raft.server.log.preallocated.size = 16384 (custom)
2020-04-28 15:02:47,479 [pool-138-thread-1] INFO  server.RaftServerConfigKeys (ConfUtils.java:logGet(44)) - raft.server.log.write.buffer.size = 1048576 (custom)
2020-04-28 15:02:47,479 [pool-138-thread-1] INFO  server.RaftServerConfigKeys (ConfUtils.java:logGet(44)) - raft.server.log.force.sync.num = 128 (default)
2020-04-28 15:02:47,479 [pool-138-thread-1] INFO  server.RaftServerConfigKeys (ConfUtils.java:logGet(44)) - raft.server.log.statemachine.data.sync = true (default)
2020-04-28 15:02:47,479 [pool-138-thread-1] INFO  server.RaftServerConfigKeys (ConfUtils.java:logGet(44)) - raft.server.log.statemachine.data.sync.timeout = 10s (default)
2020-04-28 15:02:47,479 [pool-138-thread-1] INFO  server.RaftServerConfigKeys (ConfUtils.java:logGet(44)) - raft.server.log.statemachine.data.sync.timeout.retry = -1 (default)
2020-04-28 15:02:47,480 [pool-138-thread-1] INFO  server.RaftServerConfigKeys (ConfUtils.java:logGet(44)) - raft.server.log.statemachine.data.caching.enabled = true (custom)
2020-04-28 15:02:47,480 [pool-138-thread-1] INFO  segmented.SegmentedRaftLogWorker (SegmentedRaftLogWorker.java:lambda$new$0(129)) - 1e0ded64-a5e7-44ce-aceb-2ea5d9a1bcc3@group-59DC44B9702A-SegmentedRaftLogWorker: flushIndex: setUnconditionally 0 -> -1
2020-04-28 15:02:47,480 [pool-168-thread-1] INFO  impl.RaftServerImpl (RaftServerImpl.java:<init>(97)) - a2593083-2fd9-45f6-bfba-df871aaf4e07: new RaftServerImpl for group-19DCF45B0C69:[a2593083-2fd9-45f6-bfba-df871aaf4e07:172.17.0.2:35455] with ContainerStateMachine:uninitialized
2020-04-28 15:02:47,478 [pool-153-thread-1] INFO  metrics.RatisMetrics (RatisMetrics.java:lambda$create$0(39)) - Creating Metrics Registry : ratis.server.d26a0638-14c0-4e4b-8ca0-97e128166950@group-B7DE079D217A
2020-04-28 15:02:47,481 [pool-138-thread-1] INFO  server.RaftServerConfigKeys (ConfUtils.java:logGet(44)) - raft.server.snapshot.auto.trigger.enabled = true (custom)
2020-04-28 15:02:47,481 [pool-138-thread-1] INFO  server.RaftServerConfigKeys (ConfUtils.java:logGet(44)) - raft.server.snapshot.auto.trigger.threshold = 10000 (custom)
2020-04-28 15:02:47,481 [pool-138-thread-1] INFO  server.RaftServerConfigKeys (ConfUtils.java:logGet(44)) - raft.server.snapshot.retention.file.num = 5 (custom)
2020-04-28 15:02:47,481 [pool-138-thread-1] INFO  server.RaftServerConfigKeys (ConfUtils.java:logGet(44)) - raft.server.retrycache.expirytime = 600000ms (custom)
2020-04-28 15:02:47,481 [pool-138-thread-1] INFO  metrics.RatisMetrics (RatisMetrics.java:lambda$create$0(39)) - Creating Metrics Registry : ratis.leader_election.1e0ded64-a5e7-44ce-aceb-2ea5d9a1bcc3@group-59DC44B9702A
2020-04-28 15:02:47,477 [Command processor thread] INFO  impl.RaftServerProxy (RaftServerProxy.java:addNew(89)) - a2593083-2fd9-45f6-bfba-df871aaf4e07: addNew group-19DCF45B0C69:[a2593083-2fd9-45f6-bfba-df871aaf4e07:172.17.0.2:35455] returns group-19DCF45B0C69:java.util.concurrent.CompletableFuture@412f0eab[Not completed]
2020-04-28 15:02:47,474 [pool-123-thread-1] INFO  impl.RoleInfo (RoleInfo.java:updateAndGet(143)) - 8fd30f8c-8db6-43a6-adbe-e53ad13705f6: start FollowerState
2020-04-28 15:02:47,473 [main] INFO  ozone.MiniOzoneClusterImpl (MiniOzoneClusterImpl.java:lambda$waitForClusterToBeReady$0(177)) - Nodes are ready. Got 10 of 10 DN Heartbeats.
2020-04-28 15:02:47,482 [main] INFO  ozone.MiniOzoneClusterImpl (MiniOzoneClusterImpl.java:lambda$waitForClusterToBeReady$0(180)) - Waiting for cluster to exit safe mode
2020-04-28 15:02:47,480 [pool-168-thread-1] INFO  server.RaftServerConfigKeys (ConfUtils.java:logGet(44)) - raft.server.rpc.timeout.min = 5s (custom)
2020-04-28 15:02:47,482 [pool-168-thread-1] INFO  server.RaftServerConfigKeys (ConfUtils.java:logGet(44)) - raft.server.rpc.timeout.max = 5200ms (custom)
2020-04-28 15:02:47,483 [pool-168-thread-1] INFO  server.RaftServerConfigKeys (ConfUtils.java:logGet(44)) - raft.server.rpcslowness.timeout = 300s (custom)
2020-04-28 15:02:47,483 [pool-153-thread-1] INFO  impl.RaftServerImpl (RaftServerImpl.java:start(183)) - d26a0638-14c0-4e4b-8ca0-97e128166950@group-B7DE079D217A: start as a follower, conf=-1: [d26a0638-14c0-4e4b-8ca0-97e128166950:172.17.0.2:33283], old=null
2020-04-28 15:02:47,483 [pool-153-thread-1] INFO  impl.RaftServerImpl (RaftServerImpl.java:setRole(172)) - d26a0638-14c0-4e4b-8ca0-97e128166950@group-B7DE079D217A: changes role from      null to FOLLOWER at term 0 for startAsFollower
2020-04-28 15:02:47,483 [pool-168-thread-1] INFO  server.RaftServerConfigKeys (ConfUtils.java:logGet(44)) - raft.server.sleep.deviation.threshold = 300 (default)
2020-04-28 15:02:47,483 [pool-168-thread-1] INFO  server.RaftServerConfigKeys (ConfUtils.java:logGet(44)) - raft.server.log.appender.install.snapshot.enabled = false (custom)
2020-04-28 15:02:47,484 [pool-168-thread-1] INFO  impl.RaftServerImpl (ServerState.java:<init>(103)) - a2593083-2fd9-45f6-bfba-df871aaf4e07@group-19DCF45B0C69: ConfigurationManager, init=-1: [a2593083-2fd9-45f6-bfba-df871aaf4e07:172.17.0.2:35455], old=null, confs=<EMPTY_MAP>
2020-04-28 15:02:47,484 [pool-168-thread-1] INFO  server.RaftServerConfigKeys (ConfUtils.java:logGet(44)) - raft.server.storage.dir = [/github/workspace/mnt/ozone/hadoop-ozone/integration-test/target/test-dir/MiniOzoneClusterImpl-86f4eb11-29f8-44af-977b-0135f9896c6d/datanode-9/data/ratis] (custom)
2020-04-28 15:02:47,484 [pool-168-thread-1] INFO  server.RaftServerConfigKeys (ConfUtils.java:logGet(44)) - raft.server.log.corruption.policy = EXCEPTION (default)
2020-04-28 15:02:47,484 [pool-168-thread-1] INFO  storage.RaftStorageDirectory (RaftStorageDirectory.java:analyzeStorage(253)) - The storage directory /github/workspace/mnt/ozone/hadoop-ozone/integration-test/target/test-dir/MiniOzoneClusterImpl-86f4eb11-29f8-44af-977b-0135f9896c6d/datanode-9/data/ratis/c2746698-2017-4774-9e29-19dcf45b0c69 does not exist. Creating ...
2020-04-28 15:02:47,483 [pool-138-thread-1] INFO  metrics.RatisMetrics (RatisMetrics.java:lambda$create$0(39)) - Creating Metrics Registry : ratis.server.1e0ded64-a5e7-44ce-aceb-2ea5d9a1bcc3@group-59DC44B9702A
2020-04-28 15:02:47,486 [pool-138-thread-1] INFO  impl.RaftServerImpl (RaftServerImpl.java:start(183)) - 1e0ded64-a5e7-44ce-aceb-2ea5d9a1bcc3@group-59DC44B9702A: start as a follower, conf=-1: [8fd30f8c-8db6-43a6-adbe-e53ad13705f6:172.17.0.2:41513, d26a0638-14c0-4e4b-8ca0-97e128166950:172.17.0.2:33283, 1e0ded64-a5e7-44ce-aceb-2ea5d9a1bcc3:172.17.0.2:34095], old=null
2020-04-28 15:02:47,486 [pool-138-thread-1] INFO  impl.RaftServerImpl (RaftServerImpl.java:setRole(172)) - 1e0ded64-a5e7-44ce-aceb-2ea5d9a1bcc3@group-59DC44B9702A: changes role from      null to FOLLOWER at term 0 for startAsFollower
2020-04-28 15:02:47,487 [pool-123-thread-1] INFO  util.JmxRegister (JmxRegister.java:tryRegister(44)) - Successfully registered JMX Bean with object name Ratis:service=RaftServer,group=group-3383C24F2AEB,id=8fd30f8c-8db6-43a6-adbe-e53ad13705f6
2020-04-28 15:02:47,487 [pool-123-thread-1] INFO  metrics.RatisMetrics (RatisMetrics.java:lambda$create$0(39)) - Creating Metrics Registry : ratis.state_machine.8fd30f8c-8db6-43a6-adbe-e53ad13705f6@group-3383C24F2AEB
2020-04-28 15:02:47,487 [pool-168-thread-1] INFO  storage.RaftStorageDirectory (RaftStorageDirectory.java:tryLock(335)) - Lock on /github/workspace/mnt/ozone/hadoop-ozone/integration-test/target/test-dir/MiniOzoneClusterImpl-86f4eb11-29f8-44af-977b-0135f9896c6d/datanode-9/data/ratis/c2746698-2017-4774-9e29-19dcf45b0c69/in_use.lock acquired by nodename 7259@f2af4a476004
2020-04-28 15:02:47,489 [pool-168-thread-1] INFO  storage.RaftStorage (RaftStorage.java:format(84)) - Storage directory /github/workspace/mnt/ozone/hadoop-ozone/integration-test/target/test-dir/MiniOzoneClusterImpl-86f4eb11-29f8-44af-977b-0135f9896c6d/datanode-9/data/ratis/c2746698-2017-4774-9e29-19dcf45b0c69 has been successfully formatted.
2020-04-28 15:02:47,499 [Command processor thread] INFO  commandhandler.CreatePipelineCommandHandler (CreatePipelineCommandHandler.java:handle(109)) - Created Pipeline RATIS ONE #id: "dde18981-6048-428c-9257-3383c24f2aeb"
.
2020-04-28 15:02:47,499 [Command processor thread] INFO  impl.RaftServerProxy (RaftServerProxy.java:addNew(89)) - 8fd30f8c-8db6-43a6-adbe-e53ad13705f6: addNew group-59DC44B9702A:[8fd30f8c-8db6-43a6-adbe-e53ad13705f6:172.17.0.2:41513, d26a0638-14c0-4e4b-8ca0-97e128166950:172.17.0.2:33283, 1e0ded64-a5e7-44ce-aceb-2ea5d9a1bcc3:172.17.0.2:34095] returns group-59DC44B9702A:java.util.concurrent.CompletableFuture@6b49ab1a[Not completed]
2020-04-28 15:02:47,501 [pool-123-thread-1] INFO  impl.RaftServerImpl (RaftServerImpl.java:<init>(97)) - 8fd30f8c-8db6-43a6-adbe-e53ad13705f6: new RaftServerImpl for group-59DC44B9702A:[8fd30f8c-8db6-43a6-adbe-e53ad13705f6:172.17.0.2:41513, d26a0638-14c0-4e4b-8ca0-97e128166950:172.17.0.2:33283, 1e0ded64-a5e7-44ce-aceb-2ea5d9a1bcc3:172.17.0.2:34095] with ContainerStateMachine:uninitialized
2020-04-28 15:02:47,501 [pool-123-thread-1] INFO  server.RaftServerConfigKeys (ConfUtils.java:logGet(44)) - raft.server.rpc.timeout.min = 5s (custom)
2020-04-28 15:02:47,501 [pool-123-thread-1] INFO  server.RaftServerConfigKeys (ConfUtils.java:logGet(44)) - raft.server.rpc.timeout.max = 5200ms (custom)
2020-04-28 15:02:47,501 [pool-123-thread-1] INFO  server.RaftServerConfigKeys (ConfUtils.java:logGet(44)) - raft.server.rpcslowness.timeout = 300s (custom)
2020-04-28 15:02:47,501 [pool-123-thread-1] INFO  server.RaftServerConfigKeys (ConfUtils.java:logGet(44)) - raft.server.sleep.deviation.threshold = 300 (default)
2020-04-28 15:02:47,501 [pool-123-thread-1] INFO  server.RaftServerConfigKeys (ConfUtils.java:logGet(44)) - raft.server.log.appender.install.snapshot.enabled = false (custom)
2020-04-28 15:02:47,501 [pool-123-thread-1] INFO  impl.RaftServerImpl (ServerState.java:<init>(103)) - 8fd30f8c-8db6-43a6-adbe-e53ad13705f6@group-59DC44B9702A: ConfigurationManager, init=-1: [8fd30f8c-8db6-43a6-adbe-e53ad13705f6:172.17.0.2:41513, d26a0638-14c0-4e4b-8ca0-97e128166950:172.17.0.2:33283, 1e0ded64-a5e7-44ce-aceb-2ea5d9a1bcc3:172.17.0.2:34095], old=null, confs=<EMPTY_MAP>
2020-04-28 15:02:47,502 [pool-123-thread-1] INFO  server.RaftServerConfigKeys (ConfUtils.java:logGet(44)) - raft.server.storage.dir = [/github/workspace/mnt/ozone/hadoop-ozone/integration-test/target/test-dir/MiniOzoneClusterImpl-86f4eb11-29f8-44af-977b-0135f9896c6d/datanode-6/data/ratis] (custom)
2020-04-28 15:02:47,502 [pool-123-thread-1] INFO  server.RaftServerConfigKeys (ConfUtils.java:logGet(44)) - raft.server.log.corruption.policy = EXCEPTION (default)
2020-04-28 15:02:47,502 [pool-123-thread-1] INFO  storage.RaftStorageDirectory (RaftStorageDirectory.java:analyzeStorage(253)) - The storage directory /github/workspace/mnt/ozone/hadoop-ozone/integration-test/target/test-dir/MiniOzoneClusterImpl-86f4eb11-29f8-44af-977b-0135f9896c6d/datanode-6/data/ratis/c242f8af-fb8d-4893-b26b-59dc44b9702a does not exist. Creating ...
2020-04-28 15:02:47,502 [pool-138-thread-1] INFO  impl.RoleInfo (RoleInfo.java:updateAndGet(143)) - 1e0ded64-a5e7-44ce-aceb-2ea5d9a1bcc3: start FollowerState
2020-04-28 15:02:47,504 [pool-153-thread-1] INFO  impl.RoleInfo (RoleInfo.java:updateAndGet(143)) - d26a0638-14c0-4e4b-8ca0-97e128166950: start FollowerState
2020-04-28 15:02:47,505 [pool-138-thread-1] INFO  util.JmxRegister (JmxRegister.java:tryRegister(44)) - Successfully registered JMX Bean with object name Ratis:service=RaftServer,group=group-59DC44B9702A,id=1e0ded64-a5e7-44ce-aceb-2ea5d9a1bcc3
2020-04-28 15:02:47,505 [pool-138-thread-1] INFO  metrics.RatisMetrics (RatisMetrics.java:lambda$create$0(39)) - Creating Metrics Registry : ratis.state_machine.1e0ded64-a5e7-44ce-aceb-2ea5d9a1bcc3@group-59DC44B9702A
2020-04-28 15:02:47,505 [pool-123-thread-1] INFO  storage.RaftStorageDirectory (RaftStorageDirectory.java:tryLock(335)) - Lock on /github/workspace/mnt/ozone/hadoop-ozone/integration-test/target/test-dir/MiniOzoneClusterImpl-86f4eb11-29f8-44af-977b-0135f9896c6d/datanode-6/data/ratis/c242f8af-fb8d-4893-b26b-59dc44b9702a/in_use.lock acquired by nodename 7259@f2af4a476004
2020-04-28 15:02:47,507 [pool-123-thread-1] INFO  storage.RaftStorage (RaftStorage.java:format(84)) - Storage directory /github/workspace/mnt/ozone/hadoop-ozone/integration-test/target/test-dir/MiniOzoneClusterImpl-86f4eb11-29f8-44af-977b-0135f9896c6d/datanode-6/data/ratis/c242f8af-fb8d-4893-b26b-59dc44b9702a has been successfully formatted.
2020-04-28 15:02:47,515 [pool-168-thread-1] INFO  ratis.ContainerStateMachine (ContainerStateMachine.java:loadSnapshot(226)) - group-19DCF45B0C69: The snapshot info is null. Setting the last applied indexto:(t:0, i:~)
2020-04-28 15:02:47,516 [pool-168-thread-1] INFO  server.RaftServerConfigKeys (ConfUtils.java:logGet(44)) - raft.server.notification.no-leader.timeout = 60s (default)
2020-04-28 15:02:47,515 [pool-153-thread-1] INFO  util.JmxRegister (JmxRegister.java:tryRegister(44)) - Successfully registered JMX Bean with object name Ratis:service=RaftServer,group=group-B7DE079D217A,id=d26a0638-14c0-4e4b-8ca0-97e128166950
2020-04-28 15:02:47,516 [pool-153-thread-1] INFO  metrics.RatisMetrics (RatisMetrics.java:lambda$create$0(39)) - Creating Metrics Registry : ratis.state_machine.d26a0638-14c0-4e4b-8ca0-97e128166950@group-B7DE079D217A
2020-04-28 15:02:47,516 [pool-168-thread-1] INFO  server.RaftServerConfigKeys (ConfUtils.java:logGet(44)) - raft.server.log.use.memory = false (default)
2020-04-28 15:02:47,517 [pool-168-thread-1] INFO  server.RaftServerConfigKeys (ConfUtils.java:logGet(44)) - raft.server.log.purge.gap = 1000000 (custom)
2020-04-28 15:02:47,517 [pool-168-thread-1] INFO  server.RaftServerConfigKeys (ConfUtils.java:logGet(44)) - raft.server.log.appender.buffer.byte-limit = 33554432 (custom)
2020-04-28 15:02:47,517 [pool-168-thread-1] INFO  server.RaftServerConfigKeys (ConfUtils.java:logGet(44)) - raft.server.log.segment.size.max = 1048576 (custom)
2020-04-28 15:02:47,517 [pool-168-thread-1] INFO  metrics.RatisMetrics (RatisMetrics.java:lambda$create$0(39)) - Creating Metrics Registry : ratis.log_worker.a2593083-2fd9-45f6-bfba-df871aaf4e07
2020-04-28 15:02:47,517 [pool-168-thread-1] INFO  server.RaftServerConfigKeys (ConfUtils.java:logGet(44)) - raft.server.log.segment.cache.num.max = 2 (custom)
2020-04-28 15:02:47,517 [pool-168-thread-1] INFO  segmented.SegmentedRaftLogWorker (SegmentedRaftLogWorker.java:<init>(176)) - new a2593083-2fd9-45f6-bfba-df871aaf4e07@group-19DCF45B0C69-SegmentedRaftLogWorker for RaftStorage:Storage Directory /github/workspace/mnt/ozone/hadoop-ozone/integration-test/target/test-dir/MiniOzoneClusterImpl-86f4eb11-29f8-44af-977b-0135f9896c6d/datanode-9/data/ratis/c2746698-2017-4774-9e29-19dcf45b0c69
2020-04-28 15:02:47,517 [pool-168-thread-1] INFO  server.RaftServerConfigKeys (ConfUtils.java:logGet(44)) - raft.server.log.queue.byte-limit = 2147483647 (custom)
2020-04-28 15:02:47,518 [pool-168-thread-1] INFO  server.RaftServerConfigKeys (ConfUtils.java:logGet(44)) - raft.server.log.queue.element-limit = 1024 (custom)
2020-04-28 15:02:47,518 [pool-168-thread-1] INFO  server.RaftServerConfigKeys (ConfUtils.java:logGet(44)) - raft.server.log.segment.size.max = 1048576 (custom)
2020-04-28 15:02:47,518 [pool-168-thread-1] INFO  server.RaftServerConfigKeys (ConfUtils.java:logGet(44)) - raft.server.log.preallocated.size = 16384 (custom)
2020-04-28 15:02:47,518 [pool-168-thread-1] INFO  server.RaftServerConfigKeys (ConfUtils.java:logGet(44)) - raft.server.log.write.buffer.size = 1048576 (custom)
2020-04-28 15:02:47,518 [pool-168-thread-1] INFO  server.RaftServerConfigKeys (ConfUtils.java:logGet(44)) - raft.server.log.force.sync.num = 128 (default)
2020-04-28 15:02:47,518 [pool-168-thread-1] INFO  server.RaftServerConfigKeys (ConfUtils.java:logGet(44)) - raft.server.log.statemachine.data.sync = true (default)
2020-04-28 15:02:47,518 [pool-168-thread-1] INFO  server.RaftServerConfigKeys (ConfUtils.java:logGet(44)) - raft.server.log.statemachine.data.sync.timeout = 10s (default)
2020-04-28 15:02:47,518 [pool-168-thread-1] INFO  server.RaftServerConfigKeys (ConfUtils.java:logGet(44)) - raft.server.log.statemachine.data.sync.timeout.retry = -1 (default)
2020-04-28 15:02:47,520 [EventQueue-PipelineReportForPipelineReportHandler] INFO  pipeline.PipelineStateManager (PipelineStateManager.java:openPipeline(131)) - Pipeline Pipeline[ Id: c2746698-2017-4774-9e29-19dcf45b0c69, Nodes: a2593083-2fd9-45f6-bfba-df871aaf4e07{ip: 172.17.0.2, host: f2af4a476004, networkLocation: /default-rack, certSerialId: null}, Type:RATIS, Factor:ONE, State:ALLOCATED, leaderId:a2593083-2fd9-45f6-bfba-df871aaf4e07, CreationTimestamp2020-04-28T15:02:44.479Z] moved to OPEN state
2020-04-28 15:02:47,520 [EventQueue-OpenPipelineForHealthyPipelineSafeModeRule] INFO  safemode.SCMSafeModeManager (HealthyPipelineSafeModeRule.java:process(132)) - SCM in safe mode. Healthy pipelines reported count is 0, required healthy pipeline reported count is 1
2020-04-28 15:02:47,520 [EventQueue-OpenPipelineForOneReplicaPipelineSafeModeRule] INFO  safemode.SCMSafeModeManager (SCMSafeModeManager.java:validateSafeModeExitRules(213)) - AtleastOneDatanodeReportedRule rule is successfully validated
2020-04-28 15:02:47,520 [Command processor thread] INFO  commandhandler.CreatePipelineCommandHandler (CreatePipelineCommandHandler.java:handle(109)) - Created Pipeline RATIS ONE #id: "bdcfc262-63cf-462a-a589-b7de079d217a"
.
2020-04-28 15:02:47,521 [Command processor thread] INFO  impl.RaftServerProxy (RaftServerProxy.java:addNew(89)) - d26a0638-14c0-4e4b-8ca0-97e128166950: addNew group-59DC44B9702A:[8fd30f8c-8db6-43a6-adbe-e53ad13705f6:172.17.0.2:41513, d26a0638-14c0-4e4b-8ca0-97e128166950:172.17.0.2:33283, 1e0ded64-a5e7-44ce-aceb-2ea5d9a1bcc3:172.17.0.2:34095] returns group-59DC44B9702A:java.util.concurrent.CompletableFuture@43b4879c[Not completed]
2020-04-28 15:02:47,523 [pool-153-thread-1] INFO  impl.RaftServerImpl (RaftServerImpl.java:<init>(97)) - d26a0638-14c0-4e4b-8ca0-97e128166950: new RaftServerImpl for group-59DC44B9702A:[8fd30f8c-8db6-43a6-adbe-e53ad13705f6:172.17.0.2:41513, d26a0638-14c0-4e4b-8ca0-97e128166950:172.17.0.2:33283, 1e0ded64-a5e7-44ce-aceb-2ea5d9a1bcc3:172.17.0.2:34095] with ContainerStateMachine:uninitialized
2020-04-28 15:02:47,523 [pool-153-thread-1] INFO  server.RaftServerConfigKeys (ConfUtils.java:logGet(44)) - raft.server.rpc.timeout.min = 5s (custom)
2020-04-28 15:02:47,523 [pool-153-thread-1] INFO  server.RaftServerConfigKeys (ConfUtils.java:logGet(44)) - raft.server.rpc.timeout.max = 5200ms (custom)
2020-04-28 15:02:47,523 [pool-153-thread-1] INFO  server.RaftServerConfigKeys (ConfUtils.java:logGet(44)) - raft.server.rpcslowness.timeout = 300s (custom)
2020-04-28 15:02:47,523 [pool-153-thread-1] INFO  server.RaftServerConfigKeys (ConfUtils.java:logGet(44)) - raft.server.sleep.deviation.threshold = 300 (default)
2020-04-28 15:02:47,523 [pool-153-thread-1] INFO  server.RaftServerConfigKeys (ConfUtils.java:logGet(44)) - raft.server.log.appender.install.snapshot.enabled = false (custom)
2020-04-28 15:02:47,523 [pool-153-thread-1] INFO  impl.RaftServerImpl (ServerState.java:<init>(103)) - d26a0638-14c0-4e4b-8ca0-97e128166950@group-59DC44B9702A: ConfigurationManager, init=-1: [8fd30f8c-8db6-43a6-adbe-e53ad13705f6:172.17.0.2:41513, d26a0638-14c0-4e4b-8ca0-97e128166950:172.17.0.2:33283, 1e0ded64-a5e7-44ce-aceb-2ea5d9a1bcc3:172.17.0.2:34095], old=null, confs=<EMPTY_MAP>
2020-04-28 15:02:47,524 [pool-123-thread-1] INFO  ratis.ContainerStateMachine (ContainerStateMachine.java:loadSnapshot(226)) - group-59DC44B9702A: The snapshot info is null. Setting the last applied indexto:(t:0, i:~)
2020-04-28 15:02:47,524 [pool-153-thread-1] INFO  server.RaftServerConfigKeys (ConfUtils.java:logGet(44)) - raft.server.storage.dir = [/github/workspace/mnt/ozone/hadoop-ozone/integration-test/target/test-dir/MiniOzoneClusterImpl-86f4eb11-29f8-44af-977b-0135f9896c6d/datanode-8/data/ratis] (custom)
2020-04-28 15:02:47,525 [pool-153-thread-1] INFO  server.RaftServerConfigKeys (ConfUtils.java:logGet(44)) - raft.server.log.corruption.policy = EXCEPTION (default)
2020-04-28 15:02:47,524 [pool-123-thread-1] INFO  server.RaftServerConfigKeys (ConfUtils.java:logGet(44)) - raft.server.notification.no-leader.timeout = 60s (default)
2020-04-28 15:02:47,525 [pool-123-thread-1] INFO  server.RaftServerConfigKeys (ConfUtils.java:logGet(44)) - raft.server.log.use.memory = false (default)
2020-04-28 15:02:47,525 [pool-123-thread-1] INFO  server.RaftServerConfigKeys (ConfUtils.java:logGet(44)) - raft.server.log.purge.gap = 1000000 (custom)
2020-04-28 15:02:47,525 [pool-123-thread-1] INFO  server.RaftServerConfigKeys (ConfUtils.java:logGet(44)) - raft.server.log.appender.buffer.byte-limit = 33554432 (custom)
2020-04-28 15:02:47,525 [pool-123-thread-1] INFO  server.RaftServerConfigKeys (ConfUtils.java:logGet(44)) - raft.server.log.segment.size.max = 1048576 (custom)
2020-04-28 15:02:47,525 [pool-123-thread-1] INFO  server.RaftServerConfigKeys (ConfUtils.java:logGet(44)) - raft.server.log.segment.cache.num.max = 2 (custom)
2020-04-28 15:02:47,525 [pool-123-thread-1] INFO  segmented.SegmentedRaftLogWorker (SegmentedRaftLogWorker.java:<init>(176)) - new 8fd30f8c-8db6-43a6-adbe-e53ad13705f6@group-59DC44B9702A-SegmentedRaftLogWorker for RaftStorage:Storage Directory /github/workspace/mnt/ozone/hadoop-ozone/integration-test/target/test-dir/MiniOzoneClusterImpl-86f4eb11-29f8-44af-977b-0135f9896c6d/datanode-6/data/ratis/c242f8af-fb8d-4893-b26b-59dc44b9702a
2020-04-28 15:02:47,525 [pool-123-thread-1] INFO  server.RaftServerConfigKeys (ConfUtils.java:logGet(44)) - raft.server.log.queue.byte-limit = 2147483647 (custom)
2020-04-28 15:02:47,525 [pool-123-thread-1] INFO  server.RaftServerConfigKeys (ConfUtils.java:logGet(44)) - raft.server.log.queue.element-limit = 1024 (custom)
2020-04-28 15:02:47,525 [pool-123-thread-1] INFO  server.RaftServerConfigKeys (ConfUtils.java:logGet(44)) - raft.server.log.segment.size.max = 1048576 (custom)
2020-04-28 15:02:47,525 [pool-123-thread-1] INFO  server.RaftServerConfigKeys (ConfUtils.java:logGet(44)) - raft.server.log.preallocated.size = 16384 (custom)
2020-04-28 15:02:47,526 [pool-123-thread-1] INFO  server.RaftServerConfigKeys (ConfUtils.java:logGet(44)) - raft.server.log.write.buffer.size = 1048576 (custom)
2020-04-28 15:02:47,526 [pool-123-thread-1] INFO  server.RaftServerConfigKeys (ConfUtils.java:logGet(44)) - raft.server.log.force.sync.num = 128 (default)
2020-04-28 15:02:47,526 [pool-123-thread-1] INFO  server.RaftServerConfigKeys (ConfUtils.java:logGet(44)) - raft.server.log.statemachine.data.sync = true (default)
2020-04-28 15:02:47,526 [pool-123-thread-1] INFO  server.RaftServerConfigKeys (ConfUtils.java:logGet(44)) - raft.server.log.statemachine.data.sync.timeout = 10s (default)
2020-04-28 15:02:47,526 [pool-123-thread-1] INFO  server.RaftServerConfigKeys (ConfUtils.java:logGet(44)) - raft.server.log.statemachine.data.sync.timeout.retry = -1 (default)
2020-04-28 15:02:47,526 [pool-153-thread-1] INFO  storage.RaftStorageDirectory (RaftStorageDirectory.java:analyzeStorage(253)) - The storage directory /github/workspace/mnt/ozone/hadoop-ozone/integration-test/target/test-dir/MiniOzoneClusterImpl-86f4eb11-29f8-44af-977b-0135f9896c6d/datanode-8/data/ratis/c242f8af-fb8d-4893-b26b-59dc44b9702a does not exist. Creating ...
2020-04-28 15:02:47,531 [pool-153-thread-1] INFO  storage.RaftStorageDirectory (RaftStorageDirectory.java:tryLock(335)) - Lock on /github/workspace/mnt/ozone/hadoop-ozone/integration-test/target/test-dir/MiniOzoneClusterImpl-86f4eb11-29f8-44af-977b-0135f9896c6d/datanode-8/data/ratis/c242f8af-fb8d-4893-b26b-59dc44b9702a/in_use.lock acquired by nodename 7259@f2af4a476004
2020-04-28 15:02:47,532 [pool-153-thread-1] INFO  storage.RaftStorage (RaftStorage.java:format(84)) - Storage directory /github/workspace/mnt/ozone/hadoop-ozone/integration-test/target/test-dir/MiniOzoneClusterImpl-86f4eb11-29f8-44af-977b-0135f9896c6d/datanode-8/data/ratis/c242f8af-fb8d-4893-b26b-59dc44b9702a has been successfully formatted.
2020-04-28 15:02:47,539 [pool-123-thread-1] INFO  server.RaftServerConfigKeys (ConfUtils.java:logGet(44)) - raft.server.log.statemachine.data.caching.enabled = true (custom)
2020-04-28 15:02:47,540 [pool-123-thread-1] INFO  segmented.SegmentedRaftLogWorker (SegmentedRaftLogWorker.java:lambda$new$0(129)) - 8fd30f8c-8db6-43a6-adbe-e53ad13705f6@group-59DC44B9702A-SegmentedRaftLogWorker: flushIndex: setUnconditionally 0 -> -1
2020-04-28 15:02:47,540 [pool-153-thread-1] INFO  ratis.ContainerStateMachine (ContainerStateMachine.java:loadSnapshot(226)) - group-59DC44B9702A: The snapshot info is null. Setting the last applied indexto:(t:0, i:~)
2020-04-28 15:02:47,540 [pool-153-thread-1] INFO  server.RaftServerConfigKeys (ConfUtils.java:logGet(44)) - raft.server.notification.no-leader.timeout = 60s (default)
2020-04-28 15:02:47,540 [pool-153-thread-1] INFO  server.RaftServerConfigKeys (ConfUtils.java:logGet(44)) - raft.server.log.use.memory = false (default)
2020-04-28 15:02:47,540 [pool-153-thread-1] INFO  server.RaftServerConfigKeys (ConfUtils.java:logGet(44)) - raft.server.log.purge.gap = 1000000 (custom)
2020-04-28 15:02:47,540 [pool-153-thread-1] INFO  server.RaftServerConfigKeys (ConfUtils.java:logGet(44)) - raft.server.log.appender.buffer.byte-limit = 33554432 (custom)
2020-04-28 15:02:47,541 [pool-153-thread-1] INFO  server.RaftServerConfigKeys (ConfUtils.java:logGet(44)) - raft.server.log.segment.size.max = 1048576 (custom)
2020-04-28 15:02:47,541 [pool-153-thread-1] INFO  server.RaftServerConfigKeys (ConfUtils.java:logGet(44)) - raft.server.log.segment.cache.num.max = 2 (custom)
2020-04-28 15:02:47,541 [pool-153-thread-1] INFO  segmented.SegmentedRaftLogWorker (SegmentedRaftLogWorker.java:<init>(176)) - new d26a0638-14c0-4e4b-8ca0-97e128166950@group-59DC44B9702A-SegmentedRaftLogWorker for RaftStorage:Storage Directory /github/workspace/mnt/ozone/hadoop-ozone/integration-test/target/test-dir/MiniOzoneClusterImpl-86f4eb11-29f8-44af-977b-0135f9896c6d/datanode-8/data/ratis/c242f8af-fb8d-4893-b26b-59dc44b9702a
2020-04-28 15:02:47,541 [pool-153-thread-1] INFO  server.RaftServerConfigKeys (ConfUtils.java:logGet(44)) - raft.server.log.queue.byte-limit = 2147483647 (custom)
2020-04-28 15:02:47,541 [pool-153-thread-1] INFO  server.RaftServerConfigKeys (ConfUtils.java:logGet(44)) - raft.server.log.queue.element-limit = 1024 (custom)
2020-04-28 15:02:47,541 [pool-153-thread-1] INFO  server.RaftServerConfigKeys (ConfUtils.java:logGet(44)) - raft.server.log.segment.size.max = 1048576 (custom)
2020-04-28 15:02:47,541 [pool-153-thread-1] INFO  server.RaftServerConfigKeys (ConfUtils.java:logGet(44)) - raft.server.log.preallocated.size = 16384 (custom)
2020-04-28 15:02:47,541 [pool-153-thread-1] INFO  server.RaftServerConfigKeys (ConfUtils.java:logGet(44)) - raft.server.log.write.buffer.size = 1048576 (custom)
2020-04-28 15:02:47,541 [pool-153-thread-1] INFO  server.RaftServerConfigKeys (ConfUtils.java:logGet(44)) - raft.server.log.force.sync.num = 128 (default)
2020-04-28 15:02:47,541 [pool-153-thread-1] INFO  server.RaftServerConfigKeys (ConfUtils.java:logGet(44)) - raft.server.log.statemachine.data.sync = true (default)
2020-04-28 15:02:47,541 [pool-153-thread-1] INFO  server.RaftServerConfigKeys (ConfUtils.java:logGet(44)) - raft.server.log.statemachine.data.sync.timeout = 10s (default)
2020-04-28 15:02:47,541 [pool-153-thread-1] INFO  server.RaftServerConfigKeys (ConfUtils.java:logGet(44)) - raft.server.log.statemachine.data.sync.timeout.retry = -1 (default)
2020-04-28 15:02:47,543 [pool-123-thread-1] INFO  server.RaftServerConfigKeys (ConfUtils.java:logGet(44)) - raft.server.snapshot.auto.trigger.enabled = true (custom)
2020-04-28 15:02:47,543 [pool-123-thread-1] INFO  server.RaftServerConfigKeys (ConfUtils.java:logGet(44)) - raft.server.snapshot.auto.trigger.threshold = 10000 (custom)
2020-04-28 15:02:47,543 [pool-123-thread-1] INFO  server.RaftServerConfigKeys (ConfUtils.java:logGet(44)) - raft.server.snapshot.retention.file.num = 5 (custom)
2020-04-28 15:02:47,543 [pool-123-thread-1] INFO  server.RaftServerConfigKeys (ConfUtils.java:logGet(44)) - raft.server.retrycache.expirytime = 600000ms (custom)
2020-04-28 15:02:47,543 [pool-123-thread-1] INFO  metrics.RatisMetrics (RatisMetrics.java:lambda$create$0(39)) - Creating Metrics Registry : ratis.leader_election.8fd30f8c-8db6-43a6-adbe-e53ad13705f6@group-59DC44B9702A
2020-04-28 15:02:47,544 [pool-123-thread-1] INFO  metrics.RatisMetrics (RatisMetrics.java:lambda$create$0(39)) - Creating Metrics Registry : ratis.server.8fd30f8c-8db6-43a6-adbe-e53ad13705f6@group-59DC44B9702A
2020-04-28 15:02:47,545 [pool-123-thread-1] INFO  impl.RaftServerImpl (RaftServerImpl.java:start(183)) - 8fd30f8c-8db6-43a6-adbe-e53ad13705f6@group-59DC44B9702A: start as a follower, conf=-1: [8fd30f8c-8db6-43a6-adbe-e53ad13705f6:172.17.0.2:41513, d26a0638-14c0-4e4b-8ca0-97e128166950:172.17.0.2:33283, 1e0ded64-a5e7-44ce-aceb-2ea5d9a1bcc3:172.17.0.2:34095], old=null
2020-04-28 15:02:47,545 [pool-123-thread-1] INFO  impl.RaftServerImpl (RaftServerImpl.java:setRole(172)) - 8fd30f8c-8db6-43a6-adbe-e53ad13705f6@group-59DC44B9702A: changes role from      null to FOLLOWER at term 0 for startAsFollower
2020-04-28 15:02:47,545 [pool-123-thread-1] INFO  impl.RoleInfo (RoleInfo.java:updateAndGet(143)) - 8fd30f8c-8db6-43a6-adbe-e53ad13705f6: start FollowerState
2020-04-28 15:02:47,545 [pool-123-thread-1] INFO  util.JmxRegister (JmxRegister.java:tryRegister(44)) - Successfully registered JMX Bean with object name Ratis:service=RaftServer,group=group-59DC44B9702A,id=8fd30f8c-8db6-43a6-adbe-e53ad13705f6
2020-04-28 15:02:47,546 [pool-123-thread-1] INFO  metrics.RatisMetrics (RatisMetrics.java:lambda$create$0(39)) - Creating Metrics Registry : ratis.state_machine.8fd30f8c-8db6-43a6-adbe-e53ad13705f6@group-59DC44B9702A
2020-04-28 15:02:47,558 [pool-168-thread-1] INFO  server.RaftServerConfigKeys (ConfUtils.java:logGet(44)) - raft.server.log.statemachine.data.caching.enabled = true (custom)
2020-04-28 15:02:47,558 [pool-168-thread-1] INFO  segmented.SegmentedRaftLogWorker (SegmentedRaftLogWorker.java:lambda$new$0(129)) - a2593083-2fd9-45f6-bfba-df871aaf4e07@group-19DCF45B0C69-SegmentedRaftLogWorker: flushIndex: setUnconditionally 0 -> -1
2020-04-28 15:02:47,575 [pool-153-thread-1] INFO  server.RaftServerConfigKeys (ConfUtils.java:logGet(44)) - raft.server.log.statemachine.data.caching.enabled = true (custom)
2020-04-28 15:02:47,576 [pool-153-thread-1] INFO  segmented.SegmentedRaftLogWorker (SegmentedRaftLogWorker.java:lambda$new$0(129)) - d26a0638-14c0-4e4b-8ca0-97e128166950@group-59DC44B9702A-SegmentedRaftLogWorker: flushIndex: setUnconditionally 0 -> -1
2020-04-28 15:02:47,577 [pool-153-thread-1] INFO  server.RaftServerConfigKeys (ConfUtils.java:logGet(44)) - raft.server.snapshot.auto.trigger.enabled = true (custom)
2020-04-28 15:02:47,578 [pool-153-thread-1] INFO  server.RaftServerConfigKeys (ConfUtils.java:logGet(44)) - raft.server.snapshot.auto.trigger.threshold = 10000 (custom)
2020-04-28 15:02:47,578 [pool-153-thread-1] INFO  server.RaftServerConfigKeys (ConfUtils.java:logGet(44)) - raft.server.snapshot.retention.file.num = 5 (custom)
2020-04-28 15:02:47,578 [pool-153-thread-1] INFO  server.RaftServerConfigKeys (ConfUtils.java:logGet(44)) - raft.server.retrycache.expirytime = 600000ms (custom)
2020-04-28 15:02:47,578 [pool-153-thread-1] INFO  metrics.RatisMetrics (RatisMetrics.java:lambda$create$0(39)) - Creating Metrics Registry : ratis.leader_election.d26a0638-14c0-4e4b-8ca0-97e128166950@group-59DC44B9702A
2020-04-28 15:02:47,579 [pool-153-thread-1] INFO  metrics.RatisMetrics (RatisMetrics.java:lambda$create$0(39)) - Creating Metrics Registry : ratis.server.d26a0638-14c0-4e4b-8ca0-97e128166950@group-59DC44B9702A
2020-04-28 15:02:47,580 [pool-153-thread-1] INFO  impl.RaftServerImpl (RaftServerImpl.java:start(183)) - d26a0638-14c0-4e4b-8ca0-97e128166950@group-59DC44B9702A: start as a follower, conf=-1: [8fd30f8c-8db6-43a6-adbe-e53ad13705f6:172.17.0.2:41513, d26a0638-14c0-4e4b-8ca0-97e128166950:172.17.0.2:33283, 1e0ded64-a5e7-44ce-aceb-2ea5d9a1bcc3:172.17.0.2:34095], old=null
2020-04-28 15:02:47,580 [pool-153-thread-1] INFO  impl.RaftServerImpl (RaftServerImpl.java:setRole(172)) - d26a0638-14c0-4e4b-8ca0-97e128166950@group-59DC44B9702A: changes role from      null to FOLLOWER at term 0 for startAsFollower
2020-04-28 15:02:47,580 [pool-153-thread-1] INFO  impl.RoleInfo (RoleInfo.java:updateAndGet(143)) - d26a0638-14c0-4e4b-8ca0-97e128166950: start FollowerState
2020-04-28 15:02:47,582 [pool-153-thread-1] INFO  util.JmxRegister (JmxRegister.java:tryRegister(44)) - Successfully registered JMX Bean with object name Ratis:service=RaftServer,group=group-59DC44B9702A,id=d26a0638-14c0-4e4b-8ca0-97e128166950
2020-04-28 15:02:47,582 [pool-153-thread-1] INFO  metrics.RatisMetrics (RatisMetrics.java:lambda$create$0(39)) - Creating Metrics Registry : ratis.state_machine.d26a0638-14c0-4e4b-8ca0-97e128166950@group-59DC44B9702A
2020-04-28 15:02:47,591 [pool-168-thread-1] INFO  server.RaftServerConfigKeys (ConfUtils.java:logGet(44)) - raft.server.snapshot.auto.trigger.enabled = true (custom)
2020-04-28 15:02:47,591 [pool-168-thread-1] INFO  server.RaftServerConfigKeys (ConfUtils.java:logGet(44)) - raft.server.snapshot.auto.trigger.threshold = 10000 (custom)
2020-04-28 15:02:47,591 [pool-168-thread-1] INFO  server.RaftServerConfigKeys (ConfUtils.java:logGet(44)) - raft.server.snapshot.retention.file.num = 5 (custom)
2020-04-28 15:02:47,592 [pool-168-thread-1] INFO  server.RaftServerConfigKeys (ConfUtils.java:logGet(44)) - raft.server.retrycache.expirytime = 600000ms (custom)
2020-04-28 15:02:47,592 [pool-168-thread-1] INFO  metrics.RatisMetrics (RatisMetrics.java:lambda$create$0(39)) - Creating Metrics Registry : ratis.leader_election.a2593083-2fd9-45f6-bfba-df871aaf4e07@group-19DCF45B0C69
2020-04-28 15:02:47,592 [pool-168-thread-1] INFO  metrics.RatisMetrics (RatisMetrics.java:lambda$create$0(39)) - Creating Metrics Registry : ratis.server.a2593083-2fd9-45f6-bfba-df871aaf4e07@group-19DCF45B0C69
2020-04-28 15:02:47,594 [pool-168-thread-1] INFO  impl.RaftServerImpl (RaftServerImpl.java:start(183)) - a2593083-2fd9-45f6-bfba-df871aaf4e07@group-19DCF45B0C69: start as a follower, conf=-1: [a2593083-2fd9-45f6-bfba-df871aaf4e07:172.17.0.2:35455], old=null
2020-04-28 15:02:47,594 [pool-168-thread-1] INFO  impl.RaftServerImpl (RaftServerImpl.java:setRole(172)) - a2593083-2fd9-45f6-bfba-df871aaf4e07@group-19DCF45B0C69: changes role from      null to FOLLOWER at term 0 for startAsFollower
2020-04-28 15:02:47,594 [pool-168-thread-1] INFO  impl.RoleInfo (RoleInfo.java:updateAndGet(143)) - a2593083-2fd9-45f6-bfba-df871aaf4e07: start FollowerState
2020-04-28 15:02:47,596 [pool-168-thread-1] INFO  util.JmxRegister (JmxRegister.java:tryRegister(44)) - Successfully registered JMX Bean with object name Ratis:service=RaftServer,group=group-19DCF45B0C69,id=a2593083-2fd9-45f6-bfba-df871aaf4e07
2020-04-28 15:02:47,596 [pool-168-thread-1] INFO  metrics.RatisMetrics (RatisMetrics.java:lambda$create$0(39)) - Creating Metrics Registry : ratis.state_machine.a2593083-2fd9-45f6-bfba-df871aaf4e07@group-19DCF45B0C69
2020-04-28 15:02:47,599 [Command processor thread] INFO  commandhandler.CreatePipelineCommandHandler (CreatePipelineCommandHandler.java:handle(109)) - Created Pipeline RATIS ONE #id: "c2746698-2017-4774-9e29-19dcf45b0c69"
.
2020-04-28 15:02:48,273 [Command processor thread] INFO  commandhandler.CreatePipelineCommandHandler (CreatePipelineCommandHandler.java:handle(109)) - Created Pipeline RATIS THREE #id: "7c79c05b-75ce-4765-ab03-6a808adaf50f"
.
2020-04-28 15:02:48,301 [Command processor thread] INFO  commandhandler.CreatePipelineCommandHandler (CreatePipelineCommandHandler.java:handle(109)) - Created Pipeline RATIS THREE #id: "c242f8af-fb8d-4893-b26b-59dc44b9702a"
.
2020-04-28 15:02:48,335 [Command processor thread] INFO  commandhandler.CreatePipelineCommandHandler (CreatePipelineCommandHandler.java:handle(109)) - Created Pipeline RATIS THREE #id: "f03e2499-b46c-4520-994d-419133a17c64"
.
2020-04-28 15:02:48,335 [Command processor thread] INFO  commandhandler.CreatePipelineCommandHandler (CreatePipelineCommandHandler.java:handle(109)) - Created Pipeline RATIS THREE #id: "c242f8af-fb8d-4893-b26b-59dc44b9702a"
.
2020-04-28 15:02:48,339 [Command processor thread] INFO  commandhandler.CreatePipelineCommandHandler (CreatePipelineCommandHandler.java:handle(109)) - Created Pipeline RATIS THREE #id: "7c79c05b-75ce-4765-ab03-6a808adaf50f"
.
2020-04-28 15:02:48,342 [Command processor thread] INFO  commandhandler.CreatePipelineCommandHandler (CreatePipelineCommandHandler.java:handle(109)) - Created Pipeline RATIS THREE #id: "c242f8af-fb8d-4893-b26b-59dc44b9702a"
.
2020-04-28 15:02:48,343 [Command processor thread] INFO  commandhandler.CreatePipelineCommandHandler (CreatePipelineCommandHandler.java:handle(109)) - Created Pipeline RATIS THREE #id: "f03e2499-b46c-4520-994d-419133a17c64"
.
2020-04-28 15:02:48,344 [Command processor thread] INFO  commandhandler.CreatePipelineCommandHandler (CreatePipelineCommandHandler.java:handle(109)) - Created Pipeline RATIS THREE #id: "f03e2499-b46c-4520-994d-419133a17c64"
.
2020-04-28 15:02:48,358 [Command processor thread] INFO  commandhandler.CreatePipelineCommandHandler (CreatePipelineCommandHandler.java:handle(109)) - Created Pipeline RATIS THREE #id: "7c79c05b-75ce-4765-ab03-6a808adaf50f"
.
2020-04-28 15:02:48,482 [main] INFO  ozone.MiniOzoneClusterImpl (MiniOzoneClusterImpl.java:lambda$waitForClusterToBeReady$0(177)) - Nodes are ready. Got 10 of 10 DN Heartbeats.
2020-04-28 15:02:48,482 [main] INFO  ozone.MiniOzoneClusterImpl (MiniOzoneClusterImpl.java:lambda$waitForClusterToBeReady$0(180)) - Waiting for cluster to exit safe mode
2020-04-28 15:02:49,483 [main] INFO  ozone.MiniOzoneClusterImpl (MiniOzoneClusterImpl.java:lambda$waitForClusterToBeReady$0(177)) - Nodes are ready. Got 10 of 10 DN Heartbeats.
2020-04-28 15:02:49,483 [main] INFO  ozone.MiniOzoneClusterImpl (MiniOzoneClusterImpl.java:lambda$waitForClusterToBeReady$0(180)) - Waiting for cluster to exit safe mode
2020-04-28 15:02:50,483 [main] INFO  ozone.MiniOzoneClusterImpl (MiniOzoneClusterImpl.java:lambda$waitForClusterToBeReady$0(177)) - Nodes are ready. Got 10 of 10 DN Heartbeats.
2020-04-28 15:02:50,484 [main] INFO  ozone.MiniOzoneClusterImpl (MiniOzoneClusterImpl.java:lambda$waitForClusterToBeReady$0(180)) - Waiting for cluster to exit safe mode
2020-04-28 15:02:51,484 [main] INFO  ozone.MiniOzoneClusterImpl (MiniOzoneClusterImpl.java:lambda$waitForClusterToBeReady$0(177)) - Nodes are ready. Got 10 of 10 DN Heartbeats.
2020-04-28 15:02:51,484 [main] INFO  ozone.MiniOzoneClusterImpl (MiniOzoneClusterImpl.java:lambda$waitForClusterToBeReady$0(180)) - Waiting for cluster to exit safe mode
2020-04-28 15:02:51,647 [Thread-273] INFO  impl.FollowerState (FollowerState.java:run(108)) - 205d8ee6-3528-440b-987a-f4bb0a188214@group-069BC186E831-FollowerState: change to CANDIDATE, lastRpcTime:5011ms, electionTimeout:5007ms
2020-04-28 15:02:51,650 [Thread-273] INFO  impl.RoleInfo (RoleInfo.java:shutdownFollowerState(121)) - 205d8ee6-3528-440b-987a-f4bb0a188214: shutdown FollowerState
2020-04-28 15:02:51,650 [Thread-273] INFO  impl.RaftServerImpl (RaftServerImpl.java:setRole(172)) - 205d8ee6-3528-440b-987a-f4bb0a188214@group-069BC186E831: changes role from  FOLLOWER to CANDIDATE at term 0 for changeToCandidate
2020-04-28 15:02:51,654 [Thread-273] INFO  impl.RoleInfo (RoleInfo.java:updateAndGet(143)) - 205d8ee6-3528-440b-987a-f4bb0a188214: start LeaderElection
2020-04-28 15:02:51,662 [205d8ee6-3528-440b-987a-f4bb0a188214@group-069BC186E831-LeaderElection1] INFO  impl.LeaderElection (LeaderElection.java:askForVotes(206)) - 205d8ee6-3528-440b-987a-f4bb0a188214@group-069BC186E831-LeaderElection1: begin an election at term 1 for -1: [205d8ee6-3528-440b-987a-f4bb0a188214:172.17.0.2:45945], old=null
2020-04-28 15:02:51,664 [205d8ee6-3528-440b-987a-f4bb0a188214@group-069BC186E831-LeaderElection1] INFO  impl.RoleInfo (RoleInfo.java:shutdownLeaderElection(134)) - 205d8ee6-3528-440b-987a-f4bb0a188214: shutdown LeaderElection
2020-04-28 15:02:51,664 [205d8ee6-3528-440b-987a-f4bb0a188214@group-069BC186E831-LeaderElection1] INFO  impl.RaftServerImpl (RaftServerImpl.java:setRole(172)) - 205d8ee6-3528-440b-987a-f4bb0a188214@group-069BC186E831: changes role from CANDIDATE to LEADER at term 1 for changeToLeader
2020-04-28 15:02:51,664 [205d8ee6-3528-440b-987a-f4bb0a188214@group-069BC186E831-LeaderElection1] INFO  ratis.XceiverServerRatis (XceiverServerRatis.java:handleLeaderChangedNotification(761)) - Leader change notification received for group: group-069BC186E831 with new leaderId: 205d8ee6-3528-440b-987a-f4bb0a188214
2020-04-28 15:02:51,664 [205d8ee6-3528-440b-987a-f4bb0a188214@group-069BC186E831-LeaderElection1] INFO  impl.RaftServerImpl (ServerState.java:setLeader(255)) - 205d8ee6-3528-440b-987a-f4bb0a188214@group-069BC186E831: change Leader from null to 205d8ee6-3528-440b-987a-f4bb0a188214 at term 1 for becomeLeader, leader elected after 5102ms
2020-04-28 15:02:51,673 [205d8ee6-3528-440b-987a-f4bb0a188214@group-069BC186E831-LeaderElection1] INFO  server.RaftServerConfigKeys (ConfUtils.java:logGet(44)) - raft.server.staging.catchup.gap = 1000 (default)
2020-04-28 15:02:51,673 [205d8ee6-3528-440b-987a-f4bb0a188214@group-069BC186E831-LeaderElection1] INFO  server.RaftServerConfigKeys (ConfUtils.java:logGet(44)) - raft.server.rpc.sleep.time = 25ms (default)
2020-04-28 15:02:51,676 [205d8ee6-3528-440b-987a-f4bb0a188214@group-069BC186E831-LeaderElection1] INFO  metrics.RatisMetrics (RatisMetrics.java:lambda$create$0(39)) - Creating Metrics Registry : ratis.log_appender.205d8ee6-3528-440b-987a-f4bb0a188214@group-069BC186E831
2020-04-28 15:02:51,679 [205d8ee6-3528-440b-987a-f4bb0a188214@group-069BC186E831-LeaderElection1] INFO  server.RaftServerConfigKeys (ConfUtils.java:logGet(44)) - raft.server.write.element-limit = 1024 (custom)
2020-04-28 15:02:51,679 [205d8ee6-3528-440b-987a-f4bb0a188214@group-069BC186E831-LeaderElection1] INFO  server.RaftServerConfigKeys (ConfUtils.java:logGet(44)) - raft.server.write.byte-limit = 1073741824 (custom)
2020-04-28 15:02:51,687 [205d8ee6-3528-440b-987a-f4bb0a188214@group-069BC186E831-LeaderElection1] INFO  server.RaftServerConfigKeys (ConfUtils.java:logGet(44)) - raft.server.watch.timeout = 180s (custom)
2020-04-28 15:02:51,688 [205d8ee6-3528-440b-987a-f4bb0a188214@group-069BC186E831-LeaderElection1] INFO  server.RaftServerConfigKeys (ConfUtils.java:logGet(44)) - raft.server.watch.timeout.denomination = 1s (default)
2020-04-28 15:02:51,688 [205d8ee6-3528-440b-987a-f4bb0a188214@group-069BC186E831-LeaderElection1] INFO  server.RaftServerConfigKeys (ConfUtils.java:logGet(44)) - raft.server.watch.element-limit = 65536 (default)
2020-04-28 15:02:51,698 [205d8ee6-3528-440b-987a-f4bb0a188214@group-069BC186E831-LeaderElection1] INFO  impl.RoleInfo (RoleInfo.java:updateAndGet(143)) - 205d8ee6-3528-440b-987a-f4bb0a188214: start LeaderState
2020-04-28 15:02:51,725 [Thread-272] INFO  impl.FollowerState (FollowerState.java:run(108)) - 0c77baeb-5007-49df-a0df-353f88a59e2b@group-6949299DFB55-FollowerState: change to CANDIDATE, lastRpcTime:5095ms, electionTimeout:5085ms
2020-04-28 15:02:51,727 [Thread-272] INFO  impl.RoleInfo (RoleInfo.java:shutdownFollowerState(121)) - 0c77baeb-5007-49df-a0df-353f88a59e2b: shutdown FollowerState
2020-04-28 15:02:51,727 [Thread-272] INFO  impl.RaftServerImpl (RaftServerImpl.java:setRole(172)) - 0c77baeb-5007-49df-a0df-353f88a59e2b@group-6949299DFB55: changes role from  FOLLOWER to CANDIDATE at term 0 for changeToCandidate
2020-04-28 15:02:51,727 [Thread-272] INFO  impl.RoleInfo (RoleInfo.java:updateAndGet(143)) - 0c77baeb-5007-49df-a0df-353f88a59e2b: start LeaderElection
2020-04-28 15:02:51,736 [205d8ee6-3528-440b-987a-f4bb0a188214@group-069BC186E831-LeaderElection1] INFO  segmented.SegmentedRaftLogWorker (SegmentedRaftLogWorker.java:startLogSegment(391)) - 205d8ee6-3528-440b-987a-f4bb0a188214@group-069BC186E831-SegmentedRaftLogWorker: Starting segment from index:0
2020-04-28 15:02:51,751 [0c77baeb-5007-49df-a0df-353f88a59e2b@group-6949299DFB55-LeaderElection2] INFO  impl.LeaderElection (LeaderElection.java:askForVotes(206)) - 0c77baeb-5007-49df-a0df-353f88a59e2b@group-6949299DFB55-LeaderElection2: begin an election at term 1 for -1: [0c77baeb-5007-49df-a0df-353f88a59e2b:172.17.0.2:40509], old=null
2020-04-28 15:02:51,759 [0c77baeb-5007-49df-a0df-353f88a59e2b@group-6949299DFB55-LeaderElection2] INFO  impl.RoleInfo (RoleInfo.java:shutdownLeaderElection(134)) - 0c77baeb-5007-49df-a0df-353f88a59e2b: shutdown LeaderElection
2020-04-28 15:02:51,759 [0c77baeb-5007-49df-a0df-353f88a59e2b@group-6949299DFB55-LeaderElection2] INFO  impl.RaftServerImpl (RaftServerImpl.java:setRole(172)) - 0c77baeb-5007-49df-a0df-353f88a59e2b@group-6949299DFB55: changes role from CANDIDATE to LEADER at term 1 for changeToLeader
2020-04-28 15:02:51,759 [0c77baeb-5007-49df-a0df-353f88a59e2b@group-6949299DFB55-LeaderElection2] INFO  ratis.XceiverServerRatis (XceiverServerRatis.java:handleLeaderChangedNotification(761)) - Leader change notification received for group: group-6949299DFB55 with new leaderId: 0c77baeb-5007-49df-a0df-353f88a59e2b
2020-04-28 15:02:51,759 [0c77baeb-5007-49df-a0df-353f88a59e2b@group-6949299DFB55-LeaderElection2] INFO  impl.RaftServerImpl (ServerState.java:setLeader(255)) - 0c77baeb-5007-49df-a0df-353f88a59e2b@group-6949299DFB55: change Leader from null to 0c77baeb-5007-49df-a0df-353f88a59e2b at term 1 for becomeLeader, leader elected after 5339ms
2020-04-28 15:02:51,761 [0c77baeb-5007-49df-a0df-353f88a59e2b@group-6949299DFB55-LeaderElection2] INFO  server.RaftServerConfigKeys (ConfUtils.java:logGet(44)) - raft.server.staging.catchup.gap = 1000 (default)
2020-04-28 15:02:51,761 [0c77baeb-5007-49df-a0df-353f88a59e2b@group-6949299DFB55-LeaderElection2] INFO  server.RaftServerConfigKeys (ConfUtils.java:logGet(44)) - raft.server.rpc.sleep.time = 25ms (default)
2020-04-28 15:02:51,761 [0c77baeb-5007-49df-a0df-353f88a59e2b@group-6949299DFB55-LeaderElection2] INFO  metrics.RatisMetrics (RatisMetrics.java:lambda$create$0(39)) - Creating Metrics Registry : ratis.log_appender.0c77baeb-5007-49df-a0df-353f88a59e2b@group-6949299DFB55
2020-04-28 15:02:51,761 [0c77baeb-5007-49df-a0df-353f88a59e2b@group-6949299DFB55-LeaderElection2] INFO  server.RaftServerConfigKeys (ConfUtils.java:logGet(44)) - raft.server.write.element-limit = 1024 (custom)
2020-04-28 15:02:51,761 [0c77baeb-5007-49df-a0df-353f88a59e2b@group-6949299DFB55-LeaderElection2] INFO  server.RaftServerConfigKeys (ConfUtils.java:logGet(44)) - raft.server.write.byte-limit = 1073741824 (custom)
2020-04-28 15:02:51,762 [0c77baeb-5007-49df-a0df-353f88a59e2b@group-6949299DFB55-LeaderElection2] INFO  server.RaftServerConfigKeys (ConfUtils.java:logGet(44)) - raft.server.watch.timeout = 180s (custom)
2020-04-28 15:02:51,762 [0c77baeb-5007-49df-a0df-353f88a59e2b@group-6949299DFB55-LeaderElection2] INFO  server.RaftServerConfigKeys (ConfUtils.java:logGet(44)) - raft.server.watch.timeout.denomination = 1s (default)
2020-04-28 15:02:51,762 [0c77baeb-5007-49df-a0df-353f88a59e2b@group-6949299DFB55-LeaderElection2] INFO  server.RaftServerConfigKeys (ConfUtils.java:logGet(44)) - raft.server.watch.element-limit = 65536 (default)
2020-04-28 15:02:51,763 [0c77baeb-5007-49df-a0df-353f88a59e2b@group-6949299DFB55-LeaderElection2] INFO  impl.RoleInfo (RoleInfo.java:updateAndGet(143)) - 0c77baeb-5007-49df-a0df-353f88a59e2b: start LeaderState
2020-04-28 15:02:51,763 [0c77baeb-5007-49df-a0df-353f88a59e2b@group-6949299DFB55-LeaderElection2] INFO  segmented.SegmentedRaftLogWorker (SegmentedRaftLogWorker.java:startLogSegment(391)) - 0c77baeb-5007-49df-a0df-353f88a59e2b@group-6949299DFB55-SegmentedRaftLogWorker: Starting segment from index:0
2020-04-28 15:02:51,767 [0c77baeb-5007-49df-a0df-353f88a59e2b@group-6949299DFB55-LeaderElection2] INFO  impl.RaftServerImpl (ServerState.java:setRaftConf(356)) - 0c77baeb-5007-49df-a0df-353f88a59e2b@group-6949299DFB55: set configuration 0: [0c77baeb-5007-49df-a0df-353f88a59e2b:172.17.0.2:40509], old=null at 0
2020-04-28 15:02:51,776 [Thread-277] INFO  impl.FollowerState (FollowerState.java:run(108)) - 0c77baeb-5007-49df-a0df-353f88a59e2b@group-419133A17C64-FollowerState: change to CANDIDATE, lastRpcTime:5031ms, electionTimeout:5025ms
2020-04-28 15:02:51,776 [Thread-277] INFO  impl.RoleInfo (RoleInfo.java:shutdownFollowerState(121)) - 0c77baeb-5007-49df-a0df-353f88a59e2b: shutdown FollowerState
2020-04-28 15:02:51,776 [Thread-277] INFO  impl.RaftServerImpl (RaftServerImpl.java:setRole(172)) - 0c77baeb-5007-49df-a0df-353f88a59e2b@group-419133A17C64: changes role from  FOLLOWER to CANDIDATE at term 0 for changeToCandidate
2020-04-28 15:02:51,780 [Thread-277] INFO  impl.RoleInfo (RoleInfo.java:updateAndGet(143)) - 0c77baeb-5007-49df-a0df-353f88a59e2b: start LeaderElection
2020-04-28 15:02:51,780 [205d8ee6-3528-440b-987a-f4bb0a188214@group-069BC186E831-LeaderElection1] INFO  impl.RaftServerImpl (ServerState.java:setRaftConf(356)) - 205d8ee6-3528-440b-987a-f4bb0a188214@group-069BC186E831: set configuration 0: [205d8ee6-3528-440b-987a-f4bb0a188214:172.17.0.2:45945], old=null at 0
2020-04-28 15:02:51,790 [0c77baeb-5007-49df-a0df-353f88a59e2b@group-419133A17C64-LeaderElection3] INFO  impl.LeaderElection (LeaderElection.java:askForVotes(206)) - 0c77baeb-5007-49df-a0df-353f88a59e2b@group-419133A17C64-LeaderElection3: begin an election at term 1 for -1: [cf9b015f-ec05-4d85-a0f4-292d32d317b2:172.17.0.2:40581, 205d8ee6-3528-440b-987a-f4bb0a188214:172.17.0.2:45945, 0c77baeb-5007-49df-a0df-353f88a59e2b:172.17.0.2:40509], old=null
2020-04-28 15:02:51,834 [grpc-default-executor-3] INFO  impl.RaftServerImpl (RaftServerImpl.java:setRole(172)) - 205d8ee6-3528-440b-987a-f4bb0a188214@group-419133A17C64: changes role from  FOLLOWER to FOLLOWER at term 1 for recognizeCandidate:0c77baeb-5007-49df-a0df-353f88a59e2b
2020-04-28 15:02:51,835 [grpc-default-executor-3] INFO  impl.RoleInfo (RoleInfo.java:shutdownFollowerState(121)) - 205d8ee6-3528-440b-987a-f4bb0a188214: shutdown FollowerState
2020-04-28 15:02:51,835 [Thread-276] INFO  impl.FollowerState (FollowerState.java:run(117)) - 205d8ee6-3528-440b-987a-f4bb0a188214@group-419133A17C64-FollowerState was interrupted: java.lang.InterruptedException: sleep interrupted
2020-04-28 15:02:51,835 [grpc-default-executor-3] INFO  impl.RoleInfo (RoleInfo.java:updateAndGet(143)) - 205d8ee6-3528-440b-987a-f4bb0a188214: start FollowerState
2020-04-28 15:02:51,849 [grpc-default-executor-0] INFO  impl.RaftServerImpl (RaftServerImpl.java:setRole(172)) - cf9b015f-ec05-4d85-a0f4-292d32d317b2@group-419133A17C64: changes role from  FOLLOWER to FOLLOWER at term 1 for recognizeCandidate:0c77baeb-5007-49df-a0df-353f88a59e2b
2020-04-28 15:02:51,849 [grpc-default-executor-0] INFO  impl.RoleInfo (RoleInfo.java:shutdownFollowerState(121)) - cf9b015f-ec05-4d85-a0f4-292d32d317b2: shutdown FollowerState
2020-04-28 15:02:51,849 [Thread-281] INFO  impl.FollowerState (FollowerState.java:run(117)) - cf9b015f-ec05-4d85-a0f4-292d32d317b2@group-419133A17C64-FollowerState was interrupted: java.lang.InterruptedException: sleep interrupted
2020-04-28 15:02:51,849 [grpc-default-executor-0] INFO  impl.RoleInfo (RoleInfo.java:updateAndGet(143)) - cf9b015f-ec05-4d85-a0f4-292d32d317b2: start FollowerState
2020-04-28 15:02:51,882 [0c77baeb-5007-49df-a0df-353f88a59e2b@group-419133A17C64-LeaderElection3] INFO  impl.LeaderElection (LeaderElection.java:logAndReturn(61)) - 0c77baeb-5007-49df-a0df-353f88a59e2b@group-419133A17C64-LeaderElection3: Election PASSED; received 1 response(s) [0c77baeb-5007-49df-a0df-353f88a59e2b<-205d8ee6-3528-440b-987a-f4bb0a188214#0:OK-t1] and 0 exception(s); 0c77baeb-5007-49df-a0df-353f88a59e2b@group-419133A17C64:t1, leader=null, voted=0c77baeb-5007-49df-a0df-353f88a59e2b, raftlog=0c77baeb-5007-49df-a0df-353f88a59e2b@group-419133A17C64-SegmentedRaftLog:OPENED:c-1,f-1,i0, conf=-1: [cf9b015f-ec05-4d85-a0f4-292d32d317b2:172.17.0.2:40581, 205d8ee6-3528-440b-987a-f4bb0a188214:172.17.0.2:45945, 0c77baeb-5007-49df-a0df-353f88a59e2b:172.17.0.2:40509], old=null
2020-04-28 15:02:51,882 [0c77baeb-5007-49df-a0df-353f88a59e2b@group-419133A17C64-LeaderElection3] INFO  impl.RoleInfo (RoleInfo.java:shutdownLeaderElection(134)) - 0c77baeb-5007-49df-a0df-353f88a59e2b: shutdown LeaderElection
2020-04-28 15:02:51,882 [0c77baeb-5007-49df-a0df-353f88a59e2b@group-419133A17C64-LeaderElection3] INFO  impl.RaftServerImpl (RaftServerImpl.java:setRole(172)) - 0c77baeb-5007-49df-a0df-353f88a59e2b@group-419133A17C64: changes role from CANDIDATE to LEADER at term 1 for changeToLeader
2020-04-28 15:02:51,882 [0c77baeb-5007-49df-a0df-353f88a59e2b@group-419133A17C64-LeaderElection3] INFO  ratis.XceiverServerRatis (XceiverServerRatis.java:handleLeaderChangedNotification(761)) - Leader change notification received for group: group-419133A17C64 with new leaderId: 0c77baeb-5007-49df-a0df-353f88a59e2b
2020-04-28 15:02:51,883 [0c77baeb-5007-49df-a0df-353f88a59e2b@group-419133A17C64-LeaderElection3] INFO  impl.RaftServerImpl (ServerState.java:setLeader(255)) - 0c77baeb-5007-49df-a0df-353f88a59e2b@group-419133A17C64: change Leader from null to 0c77baeb-5007-49df-a0df-353f88a59e2b at term 1 for becomeLeader, leader elected after 5183ms
2020-04-28 15:02:51,883 [0c77baeb-5007-49df-a0df-353f88a59e2b@group-419133A17C64-LeaderElection3] INFO  server.RaftServerConfigKeys (ConfUtils.java:logGet(44)) - raft.server.staging.catchup.gap = 1000 (default)
2020-04-28 15:02:51,883 [0c77baeb-5007-49df-a0df-353f88a59e2b@group-419133A17C64-LeaderElection3] INFO  server.RaftServerConfigKeys (ConfUtils.java:logGet(44)) - raft.server.rpc.sleep.time = 25ms (default)
2020-04-28 15:02:51,883 [0c77baeb-5007-49df-a0df-353f88a59e2b@group-419133A17C64-LeaderElection3] INFO  metrics.RatisMetrics (RatisMetrics.java:lambda$create$0(39)) - Creating Metrics Registry : ratis.log_appender.0c77baeb-5007-49df-a0df-353f88a59e2b@group-419133A17C64
2020-04-28 15:02:51,883 [0c77baeb-5007-49df-a0df-353f88a59e2b@group-419133A17C64-LeaderElection3] INFO  server.RaftServerConfigKeys (ConfUtils.java:logGet(44)) - raft.server.write.element-limit = 1024 (custom)
2020-04-28 15:02:51,884 [EventQueue-PipelineReportForPipelineReportHandler] INFO  pipeline.PipelineStateManager (PipelineStateManager.java:openPipeline(131)) - Pipeline Pipeline[ Id: f03e2499-b46c-4520-994d-419133a17c64, Nodes: 205d8ee6-3528-440b-987a-f4bb0a188214{ip: 172.17.0.2, host: f2af4a476004, networkLocation: /default-rack, certSerialId: null}0c77baeb-5007-49df-a0df-353f88a59e2b{ip: 172.17.0.2, host: f2af4a476004, networkLocation: /default-rack, certSerialId: null}cf9b015f-ec05-4d85-a0f4-292d32d317b2{ip: 172.17.0.2, host: f2af4a476004, networkLocation: /default-rack, certSerialId: null}, Type:RATIS, Factor:THREE, State:ALLOCATED, leaderId:0c77baeb-5007-49df-a0df-353f88a59e2b, CreationTimestamp2020-04-28T15:02:43.713Z] moved to OPEN state
2020-04-28 15:02:51,885 [0c77baeb-5007-49df-a0df-353f88a59e2b@group-419133A17C64-LeaderElection3] INFO  server.RaftServerConfigKeys (ConfUtils.java:logGet(44)) - raft.server.write.byte-limit = 1073741824 (custom)
2020-04-28 15:02:51,891 [EventQueue-OpenPipelineForHealthyPipelineSafeModeRule] INFO  safemode.SCMSafeModeManager (HealthyPipelineSafeModeRule.java:process(132)) - SCM in safe mode. Healthy pipelines reported count is 1, required healthy pipeline reported count is 1
2020-04-28 15:02:51,892 [0c77baeb-5007-49df-a0df-353f88a59e2b@group-419133A17C64-LeaderElection3] INFO  server.RaftServerConfigKeys (ConfUtils.java:logGet(44)) - raft.server.watch.timeout = 180s (custom)
2020-04-28 15:02:51,891 [EventQueue-OpenPipelineForOneReplicaPipelineSafeModeRule] INFO  safemode.SCMSafeModeManager (SCMSafeModeManager.java:validateSafeModeExitRules(213)) - AtleastOneDatanodeReportedRule rule is successfully validated
2020-04-28 15:02:51,892 [0c77baeb-5007-49df-a0df-353f88a59e2b@group-419133A17C64-LeaderElection3] INFO  server.RaftServerConfigKeys (ConfUtils.java:logGet(44)) - raft.server.watch.timeout.denomination = 1s (default)
2020-04-28 15:02:51,893 [EventQueue-OpenPipelineForHealthyPipelineSafeModeRule] INFO  safemode.SCMSafeModeManager (SCMSafeModeManager.java:validateSafeModeExitRules(213)) - HealthyPipelineSafeModeRule rule is successfully validated
2020-04-28 15:02:51,893 [0c77baeb-5007-49df-a0df-353f88a59e2b@group-419133A17C64-LeaderElection3] INFO  server.RaftServerConfigKeys (ConfUtils.java:logGet(44)) - raft.server.watch.element-limit = 65536 (default)
2020-04-28 15:02:51,893 [EventQueue-OpenPipelineForHealthyPipelineSafeModeRule] INFO  safemode.SCMSafeModeManager (SCMSafeModeManager.java:validateSafeModeExitRules(227)) - ScmSafeModeManager, all rules are successfully validated
2020-04-28 15:02:51,893 [EventQueue-OpenPipelineForHealthyPipelineSafeModeRule] INFO  safemode.SCMSafeModeManager (SCMSafeModeManager.java:exitSafeMode(256)) - SCM exiting safe mode.
2020-04-28 15:02:51,900 [0c77baeb-5007-49df-a0df-353f88a59e2b@group-419133A17C64-LeaderElection3] INFO  server.RaftServerConfigKeys (ConfUtils.java:logGet(44)) - raft.server.log.appender.snapshot.chunk.size.max = 16MB (=16777216) (default)
2020-04-28 15:02:51,901 [0c77baeb-5007-49df-a0df-353f88a59e2b@group-419133A17C64-LeaderElection3] INFO  server.RaftServerConfigKeys (ConfUtils.java:logGet(44)) - raft.server.log.appender.buffer.byte-limit = 33554432 (custom)
2020-04-28 15:02:51,901 [0c77baeb-5007-49df-a0df-353f88a59e2b@group-419133A17C64-LeaderElection3] INFO  server.RaftServerConfigKeys (ConfUtils.java:logGet(44)) - raft.server.log.appender.buffer.element-limit = 1 (custom)
2020-04-28 15:02:51,905 [0c77baeb-5007-49df-a0df-353f88a59e2b@group-419133A17C64-LeaderElection3] INFO  grpc.GrpcConfigKeys (ConfUtils.java:logGet(44)) - raft.grpc.server.leader.outstanding.appends.max = 128 (default)
2020-04-28 15:02:51,908 [0c77baeb-5007-49df-a0df-353f88a59e2b@group-419133A17C64-LeaderElection3] INFO  server.RaftServerConfigKeys (ConfUtils.java:logGet(44)) - raft.server.rpc.request.timeout = 60s (custom)
2020-04-28 15:02:51,908 [0c77baeb-5007-49df-a0df-353f88a59e2b@group-419133A17C64-LeaderElection3] INFO  server.RaftServerConfigKeys (ConfUtils.java:logGet(44)) - raft.server.log.appender.install.snapshot.enabled = false (custom)
2020-04-28 15:02:51,914 [0c77baeb-5007-49df-a0df-353f88a59e2b@group-419133A17C64-LeaderElection3] INFO  server.RaftServerConfigKeys (ConfUtils.java:logGet(44)) - raft.server.log.appender.snapshot.chunk.size.max = 16MB (=16777216) (default)
2020-04-28 15:02:51,914 [0c77baeb-5007-49df-a0df-353f88a59e2b@group-419133A17C64-LeaderElection3] INFO  server.RaftServerConfigKeys (ConfUtils.java:logGet(44)) - raft.server.log.appender.buffer.byte-limit = 33554432 (custom)
2020-04-28 15:02:51,915 [0c77baeb-5007-49df-a0df-353f88a59e2b@group-419133A17C64-LeaderElection3] INFO  server.RaftServerConfigKeys (ConfUtils.java:logGet(44)) - raft.server.log.appender.buffer.element-limit = 1 (custom)
2020-04-28 15:02:51,915 [0c77baeb-5007-49df-a0df-353f88a59e2b@group-419133A17C64-LeaderElection3] INFO  grpc.GrpcConfigKeys (ConfUtils.java:logGet(44)) - raft.grpc.server.leader.outstanding.appends.max = 128 (default)
2020-04-28 15:02:51,915 [0c77baeb-5007-49df-a0df-353f88a59e2b@group-419133A17C64-LeaderElection3] INFO  server.RaftServerConfigKeys (ConfUtils.java:logGet(44)) - raft.server.rpc.request.timeout = 60s (custom)
2020-04-28 15:02:51,915 [0c77baeb-5007-49df-a0df-353f88a59e2b@group-419133A17C64-LeaderElection3] INFO  server.RaftServerConfigKeys (ConfUtils.java:logGet(44)) - raft.server.log.appender.install.snapshot.enabled = false (custom)
2020-04-28 15:02:51,917 [0c77baeb-5007-49df-a0df-353f88a59e2b@group-419133A17C64-LeaderElection3] INFO  impl.RoleInfo (RoleInfo.java:updateAndGet(143)) - 0c77baeb-5007-49df-a0df-353f88a59e2b: start LeaderState
2020-04-28 15:02:51,918 [0c77baeb-5007-49df-a0df-353f88a59e2b@group-419133A17C64-LeaderElection3] INFO  segmented.SegmentedRaftLogWorker (SegmentedRaftLogWorker.java:startLogSegment(391)) - 0c77baeb-5007-49df-a0df-353f88a59e2b@group-419133A17C64-SegmentedRaftLogWorker: Starting segment from index:0
2020-04-28 15:02:51,926 [0c77baeb-5007-49df-a0df-353f88a59e2b@group-419133A17C64-LeaderElection3] INFO  impl.RaftServerImpl (ServerState.java:setRaftConf(356)) - 0c77baeb-5007-49df-a0df-353f88a59e2b@group-419133A17C64: set configuration 0: [cf9b015f-ec05-4d85-a0f4-292d32d317b2:172.17.0.2:40581, 205d8ee6-3528-440b-987a-f4bb0a188214:172.17.0.2:45945, 0c77baeb-5007-49df-a0df-353f88a59e2b:172.17.0.2:40509], old=null at 0
2020-04-28 15:02:51,944 [Thread-279] INFO  impl.FollowerState (FollowerState.java:run(108)) - cf9b015f-ec05-4d85-a0f4-292d32d317b2@group-25451118A216-FollowerState: change to CANDIDATE, lastRpcTime:5156ms, electionTimeout:5148ms
2020-04-28 15:02:51,944 [Thread-279] INFO  impl.RoleInfo (RoleInfo.java:shutdownFollowerState(121)) - cf9b015f-ec05-4d85-a0f4-292d32d317b2: shutdown FollowerState
2020-04-28 15:02:51,944 [Thread-279] INFO  impl.RaftServerImpl (RaftServerImpl.java:setRole(172)) - cf9b015f-ec05-4d85-a0f4-292d32d317b2@group-25451118A216: changes role from  FOLLOWER to CANDIDATE at term 0 for changeToCandidate
2020-04-28 15:02:51,944 [Thread-279] INFO  impl.RoleInfo (RoleInfo.java:updateAndGet(143)) - cf9b015f-ec05-4d85-a0f4-292d32d317b2: start LeaderElection
2020-04-28 15:02:51,971 [grpc-default-executor-4] INFO  ratis.XceiverServerRatis (XceiverServerRatis.java:handleLeaderChangedNotification(761)) - Leader change notification received for group: group-419133A17C64 with new leaderId: 0c77baeb-5007-49df-a0df-353f88a59e2b
2020-04-28 15:02:51,972 [grpc-default-executor-0] INFO  ratis.XceiverServerRatis (XceiverServerRatis.java:handleLeaderChangedNotification(761)) - Leader change notification received for group: group-419133A17C64 with new leaderId: 0c77baeb-5007-49df-a0df-353f88a59e2b
2020-04-28 15:02:51,972 [grpc-default-executor-0] INFO  impl.RaftServerImpl (ServerState.java:setLeader(255)) - 205d8ee6-3528-440b-987a-f4bb0a188214@group-419133A17C64: change Leader from null to 0c77baeb-5007-49df-a0df-353f88a59e2b at term 1 for appendEntries, leader elected after 5285ms
2020-04-28 15:02:51,972 [grpc-default-executor-4] INFO  impl.RaftServerImpl (ServerState.java:setLeader(255)) - cf9b015f-ec05-4d85-a0f4-292d32d317b2@group-419133A17C64: change Leader from null to 0c77baeb-5007-49df-a0df-353f88a59e2b at term 1 for appendEntries, leader elected after 5159ms
2020-04-28 15:02:51,984 [Thread-285] INFO  impl.FollowerState (FollowerState.java:run(108)) - 5b5a3a79-dd88-4ffc-b00f-5fb4dfac4a04@group-6A808ADAF50F-FollowerState: change to CANDIDATE, lastRpcTime:5068ms, electionTimeout:5049ms
2020-04-28 15:02:51,984 [Thread-285] INFO  impl.RoleInfo (RoleInfo.java:shutdownFollowerState(121)) - 5b5a3a79-dd88-4ffc-b00f-5fb4dfac4a04: shutdown FollowerState
2020-04-28 15:02:51,984 [Thread-285] INFO  impl.RaftServerImpl (RaftServerImpl.java:setRole(172)) - 5b5a3a79-dd88-4ffc-b00f-5fb4dfac4a04@group-6A808ADAF50F: changes role from  FOLLOWER to CANDIDATE at term 0 for changeToCandidate
2020-04-28 15:02:51,984 [Thread-285] INFO  impl.RoleInfo (RoleInfo.java:updateAndGet(143)) - 5b5a3a79-dd88-4ffc-b00f-5fb4dfac4a04: start LeaderElection
2020-04-28 15:02:51,987 [grpc-default-executor-4] INFO  impl.RaftServerImpl (ServerState.java:setRaftConf(356)) - cf9b015f-ec05-4d85-a0f4-292d32d317b2@group-419133A17C64: set configuration 0: [cf9b015f-ec05-4d85-a0f4-292d32d317b2:172.17.0.2:40581, 205d8ee6-3528-440b-987a-f4bb0a188214:172.17.0.2:45945, 0c77baeb-5007-49df-a0df-353f88a59e2b:172.17.0.2:40509], old=null at 0
2020-04-28 15:02:51,988 [grpc-default-executor-4] INFO  segmented.SegmentedRaftLogWorker (SegmentedRaftLogWorker.java:startLogSegment(391)) - cf9b015f-ec05-4d85-a0f4-292d32d317b2@group-419133A17C64-SegmentedRaftLogWorker: Starting segment from index:0
2020-04-28 15:02:51,990 [grpc-default-executor-0] INFO  impl.RaftServerImpl (ServerState.java:setRaftConf(356)) - 205d8ee6-3528-440b-987a-f4bb0a188214@group-419133A17C64: set configuration 0: [cf9b015f-ec05-4d85-a0f4-292d32d317b2:172.17.0.2:40581, 205d8ee6-3528-440b-987a-f4bb0a188214:172.17.0.2:45945, 0c77baeb-5007-49df-a0df-353f88a59e2b:172.17.0.2:40509], old=null at 0
2020-04-28 15:02:51,997 [grpc-default-executor-0] INFO  segmented.SegmentedRaftLogWorker (SegmentedRaftLogWorker.java:startLogSegment(391)) - 205d8ee6-3528-440b-987a-f4bb0a188214@group-419133A17C64-SegmentedRaftLogWorker: Starting segment from index:0
2020-04-28 15:02:51,998 [cf9b015f-ec05-4d85-a0f4-292d32d317b2@group-25451118A216-LeaderElection4] INFO  impl.LeaderElection (LeaderElection.java:askForVotes(206)) - cf9b015f-ec05-4d85-a0f4-292d32d317b2@group-25451118A216-LeaderElection4: begin an election at term 1 for -1: [cf9b015f-ec05-4d85-a0f4-292d32d317b2:172.17.0.2:40581], old=null
2020-04-28 15:02:51,998 [cf9b015f-ec05-4d85-a0f4-292d32d317b2@group-25451118A216-LeaderElection4] INFO  impl.RoleInfo (RoleInfo.java:shutdownLeaderElection(134)) - cf9b015f-ec05-4d85-a0f4-292d32d317b2: shutdown LeaderElection
2020-04-28 15:02:51,998 [cf9b015f-ec05-4d85-a0f4-292d32d317b2@group-25451118A216-LeaderElection4] INFO  impl.RaftServerImpl (RaftServerImpl.java:setRole(172)) - cf9b015f-ec05-4d85-a0f4-292d32d317b2@group-25451118A216: changes role from CANDIDATE to LEADER at term 1 for changeToLeader
2020-04-28 15:02:51,998 [cf9b015f-ec05-4d85-a0f4-292d32d317b2@group-25451118A216-LeaderElection4] INFO  ratis.XceiverServerRatis (XceiverServerRatis.java:handleLeaderChangedNotification(761)) - Leader change notification received for group: group-25451118A216 with new leaderId: cf9b015f-ec05-4d85-a0f4-292d32d317b2
2020-04-28 15:02:51,998 [cf9b015f-ec05-4d85-a0f4-292d32d317b2@group-25451118A216-LeaderElection4] INFO  impl.RaftServerImpl (ServerState.java:setLeader(255)) - cf9b015f-ec05-4d85-a0f4-292d32d317b2@group-25451118A216: change Leader from null to cf9b015f-ec05-4d85-a0f4-292d32d317b2 at term 1 for becomeLeader, leader elected after 5269ms
2020-04-28 15:02:51,999 [5b5a3a79-dd88-4ffc-b00f-5fb4dfac4a04@group-6A808ADAF50F-LeaderElection5] INFO  impl.LeaderElection (LeaderElection.java:askForVotes(206)) - 5b5a3a79-dd88-4ffc-b00f-5fb4dfac4a04@group-6A808ADAF50F-LeaderElection5: begin an election at term 1 for -1: [5b5a3a79-dd88-4ffc-b00f-5fb4dfac4a04:172.17.0.2:46387, 5e3ccaa4-afb5-4d31-b7ad-1487e29be196:172.17.0.2:39853, fe566f1b-c7f2-4e01-8c59-fb4573cfb5f5:172.17.0.2:34109], old=null
2020-04-28 15:02:52,010 [cf9b015f-ec05-4d85-a0f4-292d32d317b2@group-25451118A216-LeaderElection4] INFO  server.RaftServerConfigKeys (ConfUtils.java:logGet(44)) - raft.server.staging.catchup.gap = 1000 (default)
2020-04-28 15:02:52,011 [cf9b015f-ec05-4d85-a0f4-292d32d317b2@group-25451118A216-LeaderElection4] INFO  server.RaftServerConfigKeys (ConfUtils.java:logGet(44)) - raft.server.rpc.sleep.time = 25ms (default)
2020-04-28 15:02:52,011 [cf9b015f-ec05-4d85-a0f4-292d32d317b2@group-25451118A216-LeaderElection4] INFO  metrics.RatisMetrics (RatisMetrics.java:lambda$create$0(39)) - Creating Metrics Registry : ratis.log_appender.cf9b015f-ec05-4d85-a0f4-292d32d317b2@group-25451118A216
2020-04-28 15:02:52,011 [cf9b015f-ec05-4d85-a0f4-292d32d317b2@group-25451118A216-LeaderElection4] INFO  server.RaftServerConfigKeys (ConfUtils.java:logGet(44)) - raft.server.write.element-limit = 1024 (custom)
2020-04-28 15:02:52,011 [cf9b015f-ec05-4d85-a0f4-292d32d317b2@group-25451118A216-LeaderElection4] INFO  server.RaftServerConfigKeys (ConfUtils.java:logGet(44)) - raft.server.write.byte-limit = 1073741824 (custom)
2020-04-28 15:02:52,012 [cf9b015f-ec05-4d85-a0f4-292d32d317b2@group-25451118A216-LeaderElection4] INFO  server.RaftServerConfigKeys (ConfUtils.java:logGet(44)) - raft.server.watch.timeout = 180s (custom)
2020-04-28 15:02:52,012 [cf9b015f-ec05-4d85-a0f4-292d32d317b2@group-25451118A216-LeaderElection4] INFO  server.RaftServerConfigKeys (ConfUtils.java:logGet(44)) - raft.server.watch.timeout.denomination = 1s (default)
2020-04-28 15:02:52,012 [cf9b015f-ec05-4d85-a0f4-292d32d317b2@group-25451118A216-LeaderElection4] INFO  server.RaftServerConfigKeys (ConfUtils.java:logGet(44)) - raft.server.watch.element-limit = 65536 (default)
2020-04-28 15:02:52,012 [cf9b015f-ec05-4d85-a0f4-292d32d317b2@group-25451118A216-LeaderElection4] INFO  impl.RoleInfo (RoleInfo.java:updateAndGet(143)) - cf9b015f-ec05-4d85-a0f4-292d32d317b2: start LeaderState
2020-04-28 15:02:52,012 [cf9b015f-ec05-4d85-a0f4-292d32d317b2@group-25451118A216-LeaderElection4] INFO  segmented.SegmentedRaftLogWorker (SegmentedRaftLogWorker.java:startLogSegment(391)) - cf9b015f-ec05-4d85-a0f4-292d32d317b2@group-25451118A216-SegmentedRaftLogWorker: Starting segment from index:0
2020-04-28 15:02:52,013 [cf9b015f-ec05-4d85-a0f4-292d32d317b2@group-25451118A216-LeaderElection4] INFO  impl.RaftServerImpl (ServerState.java:setRaftConf(356)) - cf9b015f-ec05-4d85-a0f4-292d32d317b2@group-25451118A216: set configuration 0: [cf9b015f-ec05-4d85-a0f4-292d32d317b2:172.17.0.2:40581], old=null at 0
2020-04-28 15:02:52,035 [grpc-default-executor-4] INFO  impl.RaftServerImpl (RaftServerImpl.java:setRole(172)) - 5e3ccaa4-afb5-4d31-b7ad-1487e29be196@group-6A808ADAF50F: changes role from  FOLLOWER to FOLLOWER at term 1 for recognizeCandidate:5b5a3a79-dd88-4ffc-b00f-5fb4dfac4a04
2020-04-28 15:02:52,035 [grpc-default-executor-4] INFO  impl.RoleInfo (RoleInfo.java:shutdownFollowerState(121)) - 5e3ccaa4-afb5-4d31-b7ad-1487e29be196: shutdown FollowerState
2020-04-28 15:02:52,035 [grpc-default-executor-4] INFO  impl.RoleInfo (RoleInfo.java:updateAndGet(143)) - 5e3ccaa4-afb5-4d31-b7ad-1487e29be196: start FollowerState
2020-04-28 15:02:52,035 [Thread-289] INFO  impl.FollowerState (FollowerState.java:run(117)) - 5e3ccaa4-afb5-4d31-b7ad-1487e29be196@group-6A808ADAF50F-FollowerState was interrupted: java.lang.InterruptedException: sleep interrupted
2020-04-28 15:02:52,052 [5b5a3a79-dd88-4ffc-b00f-5fb4dfac4a04@group-6A808ADAF50F-LeaderElection5] INFO  impl.LeaderElection (LeaderElection.java:logAndReturn(61)) - 5b5a3a79-dd88-4ffc-b00f-5fb4dfac4a04@group-6A808ADAF50F-LeaderElection5: Election PASSED; received 1 response(s) [5b5a3a79-dd88-4ffc-b00f-5fb4dfac4a04<-5e3ccaa4-afb5-4d31-b7ad-1487e29be196#0:OK-t1] and 0 exception(s); 5b5a3a79-dd88-4ffc-b00f-5fb4dfac4a04@group-6A808ADAF50F:t1, leader=null, voted=5b5a3a79-dd88-4ffc-b00f-5fb4dfac4a04, raftlog=5b5a3a79-dd88-4ffc-b00f-5fb4dfac4a04@group-6A808ADAF50F-SegmentedRaftLog:OPENED:c-1,f-1,i0, conf=-1: [5b5a3a79-dd88-4ffc-b00f-5fb4dfac4a04:172.17.0.2:46387, 5e3ccaa4-afb5-4d31-b7ad-1487e29be196:172.17.0.2:39853, fe566f1b-c7f2-4e01-8c59-fb4573cfb5f5:172.17.0.2:34109], old=null
2020-04-28 15:02:52,053 [5b5a3a79-dd88-4ffc-b00f-5fb4dfac4a04@group-6A808ADAF50F-LeaderElection5] INFO  impl.RoleInfo (RoleInfo.java:shutdownLeaderElection(134)) - 5b5a3a79-dd88-4ffc-b00f-5fb4dfac4a04: shutdown LeaderElection
2020-04-28 15:02:52,053 [5b5a3a79-dd88-4ffc-b00f-5fb4dfac4a04@group-6A808ADAF50F-LeaderElection5] INFO  impl.RaftServerImpl (RaftServerImpl.java:setRole(172)) - 5b5a3a79-dd88-4ffc-b00f-5fb4dfac4a04@group-6A808ADAF50F: changes role from CANDIDATE to LEADER at term 1 for changeToLeader
2020-04-28 15:02:52,053 [5b5a3a79-dd88-4ffc-b00f-5fb4dfac4a04@group-6A808ADAF50F-LeaderElection5] INFO  ratis.XceiverServerRatis (XceiverServerRatis.java:handleLeaderChangedNotification(761)) - Leader change notification received for group: group-6A808ADAF50F with new leaderId: 5b5a3a79-dd88-4ffc-b00f-5fb4dfac4a04
2020-04-28 15:02:52,053 [5b5a3a79-dd88-4ffc-b00f-5fb4dfac4a04@group-6A808ADAF50F-LeaderElection5] INFO  impl.RaftServerImpl (ServerState.java:setLeader(255)) - 5b5a3a79-dd88-4ffc-b00f-5fb4dfac4a04@group-6A808ADAF50F: change Leader from null to 5b5a3a79-dd88-4ffc-b00f-5fb4dfac4a04 at term 1 for becomeLeader, leader elected after 5146ms
2020-04-28 15:02:52,055 [5b5a3a79-dd88-4ffc-b00f-5fb4dfac4a04@group-6A808ADAF50F-LeaderElection5] INFO  server.RaftServerConfigKeys (ConfUtils.java:logGet(44)) - raft.server.staging.catchup.gap = 1000 (default)
2020-04-28 15:02:52,055 [5b5a3a79-dd88-4ffc-b00f-5fb4dfac4a04@group-6A808ADAF50F-LeaderElection5] INFO  server.RaftServerConfigKeys (ConfUtils.java:logGet(44)) - raft.server.rpc.sleep.time = 25ms (default)
2020-04-28 15:02:52,055 [5b5a3a79-dd88-4ffc-b00f-5fb4dfac4a04@group-6A808ADAF50F-LeaderElection5] INFO  metrics.RatisMetrics (RatisMetrics.java:lambda$create$0(39)) - Creating Metrics Registry : ratis.log_appender.5b5a3a79-dd88-4ffc-b00f-5fb4dfac4a04@group-6A808ADAF50F
2020-04-28 15:02:52,055 [5b5a3a79-dd88-4ffc-b00f-5fb4dfac4a04@group-6A808ADAF50F-LeaderElection5] INFO  server.RaftServerConfigKeys (ConfUtils.java:logGet(44)) - raft.server.write.element-limit = 1024 (custom)
2020-04-28 15:02:52,055 [5b5a3a79-dd88-4ffc-b00f-5fb4dfac4a04@group-6A808ADAF50F-LeaderElection5] INFO  server.RaftServerConfigKeys (ConfUtils.java:logGet(44)) - raft.server.write.byte-limit = 1073741824 (custom)
2020-04-28 15:02:52,056 [5b5a3a79-dd88-4ffc-b00f-5fb4dfac4a04@group-6A808ADAF50F-LeaderElection5] INFO  server.RaftServerConfigKeys (ConfUtils.java:logGet(44)) - raft.server.watch.timeout = 180s (custom)
2020-04-28 15:02:52,056 [5b5a3a79-dd88-4ffc-b00f-5fb4dfac4a04@group-6A808ADAF50F-LeaderElection5] INFO  server.RaftServerConfigKeys (ConfUtils.java:logGet(44)) - raft.server.watch.timeout.denomination = 1s (default)
2020-04-28 15:02:52,056 [5b5a3a79-dd88-4ffc-b00f-5fb4dfac4a04@group-6A808ADAF50F-LeaderElection5] INFO  server.RaftServerConfigKeys (ConfUtils.java:logGet(44)) - raft.server.watch.element-limit = 65536 (default)
2020-04-28 15:02:52,056 [5b5a3a79-dd88-4ffc-b00f-5fb4dfac4a04@group-6A808ADAF50F-LeaderElection5] INFO  server.RaftServerConfigKeys (ConfUtils.java:logGet(44)) - raft.server.log.appender.snapshot.chunk.size.max = 16MB (=16777216) (default)
2020-04-28 15:02:52,056 [5b5a3a79-dd88-4ffc-b00f-5fb4dfac4a04@group-6A808ADAF50F-LeaderElection5] INFO  server.RaftServerConfigKeys (ConfUtils.java:logGet(44)) - raft.server.log.appender.buffer.byte-limit = 33554432 (custom)
2020-04-28 15:02:52,056 [5b5a3a79-dd88-4ffc-b00f-5fb4dfac4a04@group-6A808ADAF50F-LeaderElection5] INFO  server.RaftServerConfigKeys (ConfUtils.java:logGet(44)) - raft.server.log.appender.buffer.element-limit = 1 (custom)
2020-04-28 15:02:52,057 [5b5a3a79-dd88-4ffc-b00f-5fb4dfac4a04@group-6A808ADAF50F-LeaderElection5] INFO  grpc.GrpcConfigKeys (ConfUtils.java:logGet(44)) - raft.grpc.server.leader.outstanding.appends.max = 128 (default)
2020-04-28 15:02:52,057 [5b5a3a79-dd88-4ffc-b00f-5fb4dfac4a04@group-6A808ADAF50F-LeaderElection5] INFO  server.RaftServerConfigKeys (ConfUtils.java:logGet(44)) - raft.server.rpc.request.timeout = 60s (custom)
2020-04-28 15:02:52,058 [5b5a3a79-dd88-4ffc-b00f-5fb4dfac4a04@group-6A808ADAF50F-LeaderElection5] INFO  server.RaftServerConfigKeys (ConfUtils.java:logGet(44)) - raft.server.log.appender.install.snapshot.enabled = false (custom)
2020-04-28 15:02:52,059 [grpc-default-executor-4] INFO  impl.RaftServerImpl (RaftServerImpl.java:setRole(172)) - fe566f1b-c7f2-4e01-8c59-fb4573cfb5f5@group-6A808ADAF50F: changes role from  FOLLOWER to FOLLOWER at term 1 for recognizeCandidate:5b5a3a79-dd88-4ffc-b00f-5fb4dfac4a04
2020-04-28 15:02:52,060 [grpc-default-executor-4] INFO  impl.RoleInfo (RoleInfo.java:shutdownFollowerState(121)) - fe566f1b-c7f2-4e01-8c59-fb4573cfb5f5: shutdown FollowerState
2020-04-28 15:02:52,060 [grpc-default-executor-4] INFO  impl.RoleInfo (RoleInfo.java:updateAndGet(143)) - fe566f1b-c7f2-4e01-8c59-fb4573cfb5f5: start FollowerState
2020-04-28 15:02:52,060 [Thread-293] INFO  impl.FollowerState (FollowerState.java:run(117)) - fe566f1b-c7f2-4e01-8c59-fb4573cfb5f5@group-6A808ADAF50F-FollowerState was interrupted: java.lang.InterruptedException: sleep interrupted
2020-04-28 15:02:52,063 [EventQueue-PipelineReportForPipelineReportHandler] INFO  pipeline.PipelineStateManager (PipelineStateManager.java:openPipeline(131)) - Pipeline Pipeline[ Id: 7c79c05b-75ce-4765-ab03-6a808adaf50f, Nodes: 5b5a3a79-dd88-4ffc-b00f-5fb4dfac4a04{ip: 172.17.0.2, host: f2af4a476004, networkLocation: /default-rack, certSerialId: null}fe566f1b-c7f2-4e01-8c59-fb4573cfb5f5{ip: 172.17.0.2, host: f2af4a476004, networkLocation: /default-rack, certSerialId: null}5e3ccaa4-afb5-4d31-b7ad-1487e29be196{ip: 172.17.0.2, host: f2af4a476004, networkLocation: /default-rack, certSerialId: null}, Type:RATIS, Factor:THREE, State:ALLOCATED, leaderId:5b5a3a79-dd88-4ffc-b00f-5fb4dfac4a04, CreationTimestamp2020-04-28T15:02:44.048Z] moved to OPEN state
2020-04-28 15:02:52,070 [Thread-283] INFO  impl.FollowerState (FollowerState.java:run(108)) - 5b5a3a79-dd88-4ffc-b00f-5fb4dfac4a04@group-6B0CC013E863-FollowerState: change to CANDIDATE, lastRpcTime:5197ms, electionTimeout:5178ms
2020-04-28 15:02:52,076 [Thread-283] INFO  impl.RoleInfo (RoleInfo.java:shutdownFollowerState(121)) - 5b5a3a79-dd88-4ffc-b00f-5fb4dfac4a04: shutdown FollowerState
2020-04-28 15:02:52,077 [Thread-283] INFO  impl.RaftServerImpl (RaftServerImpl.java:setRole(172)) - 5b5a3a79-dd88-4ffc-b00f-5fb4dfac4a04@group-6B0CC013E863: changes role from  FOLLOWER to CANDIDATE at term 0 for changeToCandidate
2020-04-28 15:02:52,077 [Thread-283] INFO  impl.RoleInfo (RoleInfo.java:updateAndGet(143)) - 5b5a3a79-dd88-4ffc-b00f-5fb4dfac4a04: start LeaderElection
2020-04-28 15:02:52,076 [5b5a3a79-dd88-4ffc-b00f-5fb4dfac4a04@group-6A808ADAF50F-LeaderElection5] INFO  server.RaftServerConfigKeys (ConfUtils.java:logGet(44)) - raft.server.log.appender.snapshot.chunk.size.max = 16MB (=16777216) (default)
2020-04-28 15:02:52,087 [5b5a3a79-dd88-4ffc-b00f-5fb4dfac4a04@group-6A808ADAF50F-LeaderElection5] INFO  server.RaftServerConfigKeys (ConfUtils.java:logGet(44)) - raft.server.log.appender.buffer.byte-limit = 33554432 (custom)
2020-04-28 15:02:52,087 [5b5a3a79-dd88-4ffc-b00f-5fb4dfac4a04@group-6A808ADAF50F-LeaderElection5] INFO  server.RaftServerConfigKeys (ConfUtils.java:logGet(44)) - raft.server.log.appender.buffer.element-limit = 1 (custom)
2020-04-28 15:02:52,088 [5b5a3a79-dd88-4ffc-b00f-5fb4dfac4a04@group-6A808ADAF50F-LeaderElection5] INFO  grpc.GrpcConfigKeys (ConfUtils.java:logGet(44)) - raft.grpc.server.leader.outstanding.appends.max = 128 (default)
2020-04-28 15:02:52,088 [5b5a3a79-dd88-4ffc-b00f-5fb4dfac4a04@group-6A808ADAF50F-LeaderElection5] INFO  server.RaftServerConfigKeys (ConfUtils.java:logGet(44)) - raft.server.rpc.request.timeout = 60s (custom)
2020-04-28 15:02:52,088 [5b5a3a79-dd88-4ffc-b00f-5fb4dfac4a04@group-6A808ADAF50F-LeaderElection5] INFO  server.RaftServerConfigKeys (ConfUtils.java:logGet(44)) - raft.server.log.appender.install.snapshot.enabled = false (custom)
2020-04-28 15:02:52,081 [0c77baeb-5007-49df-a0df-353f88a59e2b@group-6949299DFB55-SegmentedRaftLogWorker] INFO  segmented.SegmentedRaftLogWorker (SegmentedRaftLogWorker.java:execute(583)) - 0c77baeb-5007-49df-a0df-353f88a59e2b@group-6949299DFB55-SegmentedRaftLogWorker: created new log segment /github/workspace/mnt/ozone/hadoop-ozone/integration-test/target/test-dir/MiniOzoneClusterImpl-86f4eb11-29f8-44af-977b-0135f9896c6d/datanode-0/data/ratis/83cdbb6d-8a93-4fb9-9bc6-6949299dfb55/current/log_inprogress_0
2020-04-28 15:02:52,089 [5b5a3a79-dd88-4ffc-b00f-5fb4dfac4a04@group-6B0CC013E863-LeaderElection6] INFO  impl.LeaderElection (LeaderElection.java:askForVotes(206)) - 5b5a3a79-dd88-4ffc-b00f-5fb4dfac4a04@group-6B0CC013E863-LeaderElection6: begin an election at term 1 for -1: [5b5a3a79-dd88-4ffc-b00f-5fb4dfac4a04:172.17.0.2:46387], old=null
2020-04-28 15:02:52,089 [5b5a3a79-dd88-4ffc-b00f-5fb4dfac4a04@group-6B0CC013E863-LeaderElection6] INFO  impl.RoleInfo (RoleInfo.java:shutdownLeaderElection(134)) - 5b5a3a79-dd88-4ffc-b00f-5fb4dfac4a04: shutdown LeaderElection
2020-04-28 15:02:52,089 [5b5a3a79-dd88-4ffc-b00f-5fb4dfac4a04@group-6B0CC013E863-LeaderElection6] INFO  impl.RaftServerImpl (RaftServerImpl.java:setRole(172)) - 5b5a3a79-dd88-4ffc-b00f-5fb4dfac4a04@group-6B0CC013E863: changes role from CANDIDATE to LEADER at term 1 for changeToLeader
2020-04-28 15:02:52,089 [5b5a3a79-dd88-4ffc-b00f-5fb4dfac4a04@group-6B0CC013E863-LeaderElection6] INFO  ratis.XceiverServerRatis (XceiverServerRatis.java:handleLeaderChangedNotification(761)) - Leader change notification received for group: group-6B0CC013E863 with new leaderId: 5b5a3a79-dd88-4ffc-b00f-5fb4dfac4a04
2020-04-28 15:02:52,090 [5b5a3a79-dd88-4ffc-b00f-5fb4dfac4a04@group-6B0CC013E863-LeaderElection6] INFO  impl.RaftServerImpl (ServerState.java:setLeader(255)) - 5b5a3a79-dd88-4ffc-b00f-5fb4dfac4a04@group-6B0CC013E863: change Leader from null to 5b5a3a79-dd88-4ffc-b00f-5fb4dfac4a04 at term 1 for becomeLeader, leader elected after 5230ms
2020-04-28 15:02:52,090 [5b5a3a79-dd88-4ffc-b00f-5fb4dfac4a04@group-6B0CC013E863-LeaderElection6] INFO  server.RaftServerConfigKeys (ConfUtils.java:logGet(44)) - raft.server.staging.catchup.gap = 1000 (default)
2020-04-28 15:02:52,090 [5b5a3a79-dd88-4ffc-b00f-5fb4dfac4a04@group-6B0CC013E863-LeaderElection6] INFO  server.RaftServerConfigKeys (ConfUtils.java:logGet(44)) - raft.server.rpc.sleep.time = 25ms (default)
2020-04-28 15:02:52,090 [5b5a3a79-dd88-4ffc-b00f-5fb4dfac4a04@group-6B0CC013E863-LeaderElection6] INFO  metrics.RatisMetrics (RatisMetrics.java:lambda$create$0(39)) - Creating Metrics Registry : ratis.log_appender.5b5a3a79-dd88-4ffc-b00f-5fb4dfac4a04@group-6B0CC013E863
2020-04-28 15:02:52,090 [5b5a3a79-dd88-4ffc-b00f-5fb4dfac4a04@group-6B0CC013E863-LeaderElection6] INFO  server.RaftServerConfigKeys (ConfUtils.java:logGet(44)) - raft.server.write.element-limit = 1024 (custom)
2020-04-28 15:02:52,081 [0c77baeb-5007-49df-a0df-353f88a59e2b@group-419133A17C64-SegmentedRaftLogWorker] INFO  segmented.SegmentedRaftLogWorker (SegmentedRaftLogWorker.java:execute(583)) - 0c77baeb-5007-49df-a0df-353f88a59e2b@group-419133A17C64-SegmentedRaftLogWorker: created new log segment /github/workspace/mnt/ozone/hadoop-ozone/integration-test/target/test-dir/MiniOzoneClusterImpl-86f4eb11-29f8-44af-977b-0135f9896c6d/datanode-0/data/ratis/f03e2499-b46c-4520-994d-419133a17c64/current/log_inprogress_0
2020-04-28 15:02:52,081 [205d8ee6-3528-440b-987a-f4bb0a188214@group-069BC186E831-SegmentedRaftLogWorker] INFO  segmented.SegmentedRaftLogWorker (SegmentedRaftLogWorker.java:execute(583)) - 205d8ee6-3528-440b-987a-f4bb0a188214@group-069BC186E831-SegmentedRaftLogWorker: created new log segment /github/workspace/mnt/ozone/hadoop-ozone/integration-test/target/test-dir/MiniOzoneClusterImpl-86f4eb11-29f8-44af-977b-0135f9896c6d/datanode-1/data/ratis/58bf1ec3-27f9-4e65-9c18-069bc186e831/current/log_inprogress_0
2020-04-28 15:02:52,081 [205d8ee6-3528-440b-987a-f4bb0a188214@group-419133A17C64-SegmentedRaftLogWorker] INFO  segmented.SegmentedRaftLogWorker (SegmentedRaftLogWorker.java:execute(583)) - 205d8ee6-3528-440b-987a-f4bb0a188214@group-419133A17C64-SegmentedRaftLogWorker: created new log segment /github/workspace/mnt/ozone/hadoop-ozone/integration-test/target/test-dir/MiniOzoneClusterImpl-86f4eb11-29f8-44af-977b-0135f9896c6d/datanode-1/data/ratis/f03e2499-b46c-4520-994d-419133a17c64/current/log_inprogress_0
2020-04-28 15:02:52,081 [cf9b015f-ec05-4d85-a0f4-292d32d317b2@group-419133A17C64-SegmentedRaftLogWorker] INFO  segmented.SegmentedRaftLogWorker (SegmentedRaftLogWorker.java:execute(583)) - cf9b015f-ec05-4d85-a0f4-292d32d317b2@group-419133A17C64-SegmentedRaftLogWorker: created new log segment /github/workspace/mnt/ozone/hadoop-ozone/integration-test/target/test-dir/MiniOzoneClusterImpl-86f4eb11-29f8-44af-977b-0135f9896c6d/datanode-2/data/ratis/f03e2499-b46c-4520-994d-419133a17c64/current/log_inprogress_0
2020-04-28 15:02:52,081 [cf9b015f-ec05-4d85-a0f4-292d32d317b2@group-25451118A216-SegmentedRaftLogWorker] INFO  segmented.SegmentedRaftLogWorker (SegmentedRaftLogWorker.java:execute(583)) - cf9b015f-ec05-4d85-a0f4-292d32d317b2@group-25451118A216-SegmentedRaftLogWorker: created new log segment /github/workspace/mnt/ozone/hadoop-ozone/integration-test/target/test-dir/MiniOzoneClusterImpl-86f4eb11-29f8-44af-977b-0135f9896c6d/datanode-2/data/ratis/16d79ac3-8bb7-49d4-9322-25451118a216/current/log_inprogress_0
2020-04-28 15:02:52,098 [5b5a3a79-dd88-4ffc-b00f-5fb4dfac4a04@group-6B0CC013E863-LeaderElection6] INFO  server.RaftServerConfigKeys (ConfUtils.java:logGet(44)) - raft.server.write.byte-limit = 1073741824 (custom)
2020-04-28 15:02:52,112 [5b5a3a79-dd88-4ffc-b00f-5fb4dfac4a04@group-6B0CC013E863-LeaderElection6] INFO  server.RaftServerConfigKeys (ConfUtils.java:logGet(44)) - raft.server.watch.timeout = 180s (custom)
2020-04-28 15:02:52,112 [5b5a3a79-dd88-4ffc-b00f-5fb4dfac4a04@group-6B0CC013E863-LeaderElection6] INFO  server.RaftServerConfigKeys (ConfUtils.java:logGet(44)) - raft.server.watch.timeout.denomination = 1s (default)
2020-04-28 15:02:52,112 [5b5a3a79-dd88-4ffc-b00f-5fb4dfac4a04@group-6A808ADAF50F-LeaderElection5] INFO  impl.RoleInfo (RoleInfo.java:updateAndGet(143)) - 5b5a3a79-dd88-4ffc-b00f-5fb4dfac4a04: start LeaderState
2020-04-28 15:02:52,112 [5b5a3a79-dd88-4ffc-b00f-5fb4dfac4a04@group-6B0CC013E863-LeaderElection6] INFO  server.RaftServerConfigKeys (ConfUtils.java:logGet(44)) - raft.server.watch.element-limit = 65536 (default)
2020-04-28 15:02:52,113 [5b5a3a79-dd88-4ffc-b00f-5fb4dfac4a04@group-6B0CC013E863-LeaderElection6] INFO  impl.RoleInfo (RoleInfo.java:updateAndGet(143)) - 5b5a3a79-dd88-4ffc-b00f-5fb4dfac4a04: start LeaderState
2020-04-28 15:02:52,113 [5b5a3a79-dd88-4ffc-b00f-5fb4dfac4a04@group-6A808ADAF50F-LeaderElection5] INFO  segmented.SegmentedRaftLogWorker (SegmentedRaftLogWorker.java:startLogSegment(391)) - 5b5a3a79-dd88-4ffc-b00f-5fb4dfac4a04@group-6A808ADAF50F-SegmentedRaftLogWorker: Starting segment from index:0
2020-04-28 15:02:52,114 [5b5a3a79-dd88-4ffc-b00f-5fb4dfac4a04@group-6B0CC013E863-LeaderElection6] INFO  segmented.SegmentedRaftLogWorker (SegmentedRaftLogWorker.java:startLogSegment(391)) - 5b5a3a79-dd88-4ffc-b00f-5fb4dfac4a04@group-6B0CC013E863-SegmentedRaftLogWorker: Starting segment from index:0
2020-04-28 15:02:52,117 [5b5a3a79-dd88-4ffc-b00f-5fb4dfac4a04@group-6A808ADAF50F-SegmentedRaftLogWorker] INFO  segmented.SegmentedRaftLogWorker (SegmentedRaftLogWorker.java:execute(583)) - 5b5a3a79-dd88-4ffc-b00f-5fb4dfac4a04@group-6A808ADAF50F-SegmentedRaftLogWorker: created new log segment /github/workspace/mnt/ozone/hadoop-ozone/integration-test/target/test-dir/MiniOzoneClusterImpl-86f4eb11-29f8-44af-977b-0135f9896c6d/datanode-3/data/ratis/7c79c05b-75ce-4765-ab03-6a808adaf50f/current/log_inprogress_0
2020-04-28 15:02:52,127 [5b5a3a79-dd88-4ffc-b00f-5fb4dfac4a04@group-6A808ADAF50F-LeaderElection5] INFO  impl.RaftServerImpl (ServerState.java:setRaftConf(356)) - 5b5a3a79-dd88-4ffc-b00f-5fb4dfac4a04@group-6A808ADAF50F: set configuration 0: [5b5a3a79-dd88-4ffc-b00f-5fb4dfac4a04:172.17.0.2:46387, 5e3ccaa4-afb5-4d31-b7ad-1487e29be196:172.17.0.2:39853, fe566f1b-c7f2-4e01-8c59-fb4573cfb5f5:172.17.0.2:34109], old=null at 0
2020-04-28 15:02:52,135 [5b5a3a79-dd88-4ffc-b00f-5fb4dfac4a04@group-6B0CC013E863-LeaderElection6] INFO  impl.RaftServerImpl (ServerState.java:setRaftConf(356)) - 5b5a3a79-dd88-4ffc-b00f-5fb4dfac4a04@group-6B0CC013E863: set configuration 0: [5b5a3a79-dd88-4ffc-b00f-5fb4dfac4a04:172.17.0.2:46387], old=null at 0
2020-04-28 15:02:52,146 [grpc-default-executor-4] INFO  ratis.XceiverServerRatis (XceiverServerRatis.java:handleLeaderChangedNotification(761)) - Leader change notification received for group: group-6A808ADAF50F with new leaderId: 5b5a3a79-dd88-4ffc-b00f-5fb4dfac4a04
2020-04-28 15:02:52,146 [grpc-default-executor-4] INFO  impl.RaftServerImpl (ServerState.java:setLeader(255)) - 5e3ccaa4-afb5-4d31-b7ad-1487e29be196@group-6A808ADAF50F: change Leader from null to 5b5a3a79-dd88-4ffc-b00f-5fb4dfac4a04 at term 1 for appendEntries, leader elected after 5105ms
2020-04-28 15:02:52,152 [5b5a3a79-dd88-4ffc-b00f-5fb4dfac4a04@group-6B0CC013E863-SegmentedRaftLogWorker] INFO  segmented.SegmentedRaftLogWorker (SegmentedRaftLogWorker.java:execute(583)) - 5b5a3a79-dd88-4ffc-b00f-5fb4dfac4a04@group-6B0CC013E863-SegmentedRaftLogWorker: created new log segment /github/workspace/mnt/ozone/hadoop-ozone/integration-test/target/test-dir/MiniOzoneClusterImpl-86f4eb11-29f8-44af-977b-0135f9896c6d/datanode-3/data/ratis/8ec51516-e6a9-43cd-bb2b-6b0cc013e863/current/log_inprogress_0
2020-04-28 15:02:52,154 [grpc-default-executor-4] INFO  impl.RaftServerImpl (ServerState.java:setRaftConf(356)) - 5e3ccaa4-afb5-4d31-b7ad-1487e29be196@group-6A808ADAF50F: set configuration 0: [5b5a3a79-dd88-4ffc-b00f-5fb4dfac4a04:172.17.0.2:46387, 5e3ccaa4-afb5-4d31-b7ad-1487e29be196:172.17.0.2:39853, fe566f1b-c7f2-4e01-8c59-fb4573cfb5f5:172.17.0.2:34109], old=null at 0
2020-04-28 15:02:52,158 [grpc-default-executor-4] INFO  segmented.SegmentedRaftLogWorker (SegmentedRaftLogWorker.java:startLogSegment(391)) - 5e3ccaa4-afb5-4d31-b7ad-1487e29be196@group-6A808ADAF50F-SegmentedRaftLogWorker: Starting segment from index:0
2020-04-28 15:02:52,160 [grpc-default-executor-4] INFO  ratis.XceiverServerRatis (XceiverServerRatis.java:handleLeaderChangedNotification(761)) - Leader change notification received for group: group-6A808ADAF50F with new leaderId: 5b5a3a79-dd88-4ffc-b00f-5fb4dfac4a04
2020-04-28 15:02:52,160 [grpc-default-executor-4] INFO  impl.RaftServerImpl (ServerState.java:setLeader(255)) - fe566f1b-c7f2-4e01-8c59-fb4573cfb5f5@group-6A808ADAF50F: change Leader from null to 5b5a3a79-dd88-4ffc-b00f-5fb4dfac4a04 at term 1 for appendEntries, leader elected after 5006ms
2020-04-28 15:02:52,161 [5e3ccaa4-afb5-4d31-b7ad-1487e29be196@group-6A808ADAF50F-SegmentedRaftLogWorker] INFO  segmented.SegmentedRaftLogWorker (SegmentedRaftLogWorker.java:execute(583)) - 5e3ccaa4-afb5-4d31-b7ad-1487e29be196@group-6A808ADAF50F-SegmentedRaftLogWorker: created new log segment /github/workspace/mnt/ozone/hadoop-ozone/integration-test/target/test-dir/MiniOzoneClusterImpl-86f4eb11-29f8-44af-977b-0135f9896c6d/datanode-4/data/ratis/7c79c05b-75ce-4765-ab03-6a808adaf50f/current/log_inprogress_0
2020-04-28 15:02:52,163 [grpc-default-executor-4] INFO  impl.RaftServerImpl (ServerState.java:setRaftConf(356)) - fe566f1b-c7f2-4e01-8c59-fb4573cfb5f5@group-6A808ADAF50F: set configuration 0: [5b5a3a79-dd88-4ffc-b00f-5fb4dfac4a04:172.17.0.2:46387, 5e3ccaa4-afb5-4d31-b7ad-1487e29be196:172.17.0.2:39853, fe566f1b-c7f2-4e01-8c59-fb4573cfb5f5:172.17.0.2:34109], old=null at 0
2020-04-28 15:02:52,164 [grpc-default-executor-4] INFO  segmented.SegmentedRaftLogWorker (SegmentedRaftLogWorker.java:startLogSegment(391)) - fe566f1b-c7f2-4e01-8c59-fb4573cfb5f5@group-6A808ADAF50F-SegmentedRaftLogWorker: Starting segment from index:0
2020-04-28 15:02:52,169 [fe566f1b-c7f2-4e01-8c59-fb4573cfb5f5@group-6A808ADAF50F-SegmentedRaftLogWorker] INFO  segmented.SegmentedRaftLogWorker (SegmentedRaftLogWorker.java:execute(583)) - fe566f1b-c7f2-4e01-8c59-fb4573cfb5f5@group-6A808ADAF50F-SegmentedRaftLogWorker: created new log segment /github/workspace/mnt/ozone/hadoop-ozone/integration-test/target/test-dir/MiniOzoneClusterImpl-86f4eb11-29f8-44af-977b-0135f9896c6d/datanode-5/data/ratis/7c79c05b-75ce-4765-ab03-6a808adaf50f/current/log_inprogress_0
2020-04-28 15:02:52,192 [grpc-default-executor-4] WARN  server.GrpcLogAppender (LogUtils.java:warn(122)) - 5b5a3a79-dd88-4ffc-b00f-5fb4dfac4a04@group-6A808ADAF50F->5e3ccaa4-afb5-4d31-b7ad-1487e29be196-AppendLogResponseHandler: Failed appendEntries: org.apache.ratis.thirdparty.io.grpc.StatusRuntimeException: CANCELLED: Failed to read message.
2020-04-28 15:02:52,199 [Thread-291] INFO  impl.FollowerState (FollowerState.java:run(108)) - fe566f1b-c7f2-4e01-8c59-fb4573cfb5f5@group-64A64F1CDE29-FollowerState: change to CANDIDATE, lastRpcTime:5089ms, electionTimeout:5087ms
2020-04-28 15:02:52,199 [Thread-291] INFO  impl.RoleInfo (RoleInfo.java:shutdownFollowerState(121)) - fe566f1b-c7f2-4e01-8c59-fb4573cfb5f5: shutdown FollowerState
2020-04-28 15:02:52,199 [Thread-291] INFO  impl.RaftServerImpl (RaftServerImpl.java:setRole(172)) - fe566f1b-c7f2-4e01-8c59-fb4573cfb5f5@group-64A64F1CDE29: changes role from  FOLLOWER to CANDIDATE at term 0 for changeToCandidate
2020-04-28 15:02:52,199 [Thread-291] INFO  impl.RoleInfo (RoleInfo.java:updateAndGet(143)) - fe566f1b-c7f2-4e01-8c59-fb4573cfb5f5: start LeaderElection
2020-04-28 15:02:52,201 [grpc-default-executor-4] INFO  impl.FollowerInfo (FollowerInfo.java:lambda$new$0(50)) - 5b5a3a79-dd88-4ffc-b00f-5fb4dfac4a04@group-6A808ADAF50F->5e3ccaa4-afb5-4d31-b7ad-1487e29be196: nextIndex: updateUnconditionally 1 -> 0
2020-04-28 15:02:52,205 [grpc-default-executor-0] WARN  server.GrpcServerProtocolService (LogUtils.java:warn(122)) - 5e3ccaa4-afb5-4d31-b7ad-1487e29be196: installSnapshot onError, lastRequest: 5b5a3a79-dd88-4ffc-b00f-5fb4dfac4a04->5e3ccaa4-afb5-4d31-b7ad-1487e29be196#1-t1, previous=(t:0, i:0), leaderCommit=0, initializing? false, entries: size=1, first=(t:1, i:0), CONFIGURATIONENTRY: org.apache.ratis.thirdparty.io.grpc.StatusRuntimeException: CANCELLED: cancelled before receiving half close
2020-04-28 15:02:52,217 [fe566f1b-c7f2-4e01-8c59-fb4573cfb5f5@group-64A64F1CDE29-LeaderElection7] INFO  impl.LeaderElection (LeaderElection.java:askForVotes(206)) - fe566f1b-c7f2-4e01-8c59-fb4573cfb5f5@group-64A64F1CDE29-LeaderElection7: begin an election at term 1 for -1: [fe566f1b-c7f2-4e01-8c59-fb4573cfb5f5:172.17.0.2:34109], old=null
2020-04-28 15:02:52,217 [fe566f1b-c7f2-4e01-8c59-fb4573cfb5f5@group-64A64F1CDE29-LeaderElection7] INFO  impl.RoleInfo (RoleInfo.java:shutdownLeaderElection(134)) - fe566f1b-c7f2-4e01-8c59-fb4573cfb5f5: shutdown LeaderElection
2020-04-28 15:02:52,217 [fe566f1b-c7f2-4e01-8c59-fb4573cfb5f5@group-64A64F1CDE29-LeaderElection7] INFO  impl.RaftServerImpl (RaftServerImpl.java:setRole(172)) - fe566f1b-c7f2-4e01-8c59-fb4573cfb5f5@group-64A64F1CDE29: changes role from CANDIDATE to LEADER at term 1 for changeToLeader
2020-04-28 15:02:52,217 [fe566f1b-c7f2-4e01-8c59-fb4573cfb5f5@group-64A64F1CDE29-LeaderElection7] INFO  ratis.XceiverServerRatis (XceiverServerRatis.java:handleLeaderChangedNotification(761)) - Leader change notification received for group: group-64A64F1CDE29 with new leaderId: fe566f1b-c7f2-4e01-8c59-fb4573cfb5f5
2020-04-28 15:02:52,217 [fe566f1b-c7f2-4e01-8c59-fb4573cfb5f5@group-64A64F1CDE29-LeaderElection7] INFO  impl.RaftServerImpl (ServerState.java:setLeader(255)) - fe566f1b-c7f2-4e01-8c59-fb4573cfb5f5@group-64A64F1CDE29: change Leader from null to fe566f1b-c7f2-4e01-8c59-fb4573cfb5f5 at term 1 for becomeLeader, leader elected after 5129ms
2020-04-28 15:02:52,218 [Thread-287] INFO  impl.FollowerState (FollowerState.java:run(108)) - 5e3ccaa4-afb5-4d31-b7ad-1487e29be196@group-0605CBF2CC84-FollowerState: change to CANDIDATE, lastRpcTime:5204ms, electionTimeout:5197ms
2020-04-28 15:02:52,219 [Thread-287] INFO  impl.RoleInfo (RoleInfo.java:shutdownFollowerState(121)) - 5e3ccaa4-afb5-4d31-b7ad-1487e29be196: shutdown FollowerState
2020-04-28 15:02:52,219 [Thread-287] INFO  impl.RaftServerImpl (RaftServerImpl.java:setRole(172)) - 5e3ccaa4-afb5-4d31-b7ad-1487e29be196@group-0605CBF2CC84: changes role from  FOLLOWER to CANDIDATE at term 0 for changeToCandidate
2020-04-28 15:02:52,219 [Thread-287] INFO  impl.RoleInfo (RoleInfo.java:updateAndGet(143)) - 5e3ccaa4-afb5-4d31-b7ad-1487e29be196: start LeaderElection
2020-04-28 15:02:52,219 [fe566f1b-c7f2-4e01-8c59-fb4573cfb5f5@group-64A64F1CDE29-LeaderElection7] INFO  server.RaftServerConfigKeys (ConfUtils.java:logGet(44)) - raft.server.staging.catchup.gap = 1000 (default)
2020-04-28 15:02:52,219 [fe566f1b-c7f2-4e01-8c59-fb4573cfb5f5@group-64A64F1CDE29-LeaderElection7] INFO  server.RaftServerConfigKeys (ConfUtils.java:logGet(44)) - raft.server.rpc.sleep.time = 25ms (default)
2020-04-28 15:02:52,221 [fe566f1b-c7f2-4e01-8c59-fb4573cfb5f5@group-64A64F1CDE29-LeaderElection7] INFO  metrics.RatisMetrics (RatisMetrics.java:lambda$create$0(39)) - Creating Metrics Registry : ratis.log_appender.fe566f1b-c7f2-4e01-8c59-fb4573cfb5f5@group-64A64F1CDE29
2020-04-28 15:02:52,228 [fe566f1b-c7f2-4e01-8c59-fb4573cfb5f5@group-64A64F1CDE29-LeaderElection7] INFO  server.RaftServerConfigKeys (ConfUtils.java:logGet(44)) - raft.server.write.element-limit = 1024 (custom)
2020-04-28 15:02:52,228 [fe566f1b-c7f2-4e01-8c59-fb4573cfb5f5@group-64A64F1CDE29-LeaderElection7] INFO  server.RaftServerConfigKeys (ConfUtils.java:logGet(44)) - raft.server.write.byte-limit = 1073741824 (custom)
2020-04-28 15:02:52,228 [fe566f1b-c7f2-4e01-8c59-fb4573cfb5f5@group-64A64F1CDE29-LeaderElection7] INFO  server.RaftServerConfigKeys (ConfUtils.java:logGet(44)) - raft.server.watch.timeout = 180s (custom)
2020-04-28 15:02:52,228 [fe566f1b-c7f2-4e01-8c59-fb4573cfb5f5@group-64A64F1CDE29-LeaderElection7] INFO  server.RaftServerConfigKeys (ConfUtils.java:logGet(44)) - raft.server.watch.timeout.denomination = 1s (default)
2020-04-28 15:02:52,229 [fe566f1b-c7f2-4e01-8c59-fb4573cfb5f5@group-64A64F1CDE29-LeaderElection7] INFO  server.RaftServerConfigKeys (ConfUtils.java:logGet(44)) - raft.server.watch.element-limit = 65536 (default)
2020-04-28 15:02:52,229 [fe566f1b-c7f2-4e01-8c59-fb4573cfb5f5@group-64A64F1CDE29-LeaderElection7] INFO  impl.RoleInfo (RoleInfo.java:updateAndGet(143)) - fe566f1b-c7f2-4e01-8c59-fb4573cfb5f5: start LeaderState
2020-04-28 15:02:52,229 [fe566f1b-c7f2-4e01-8c59-fb4573cfb5f5@group-64A64F1CDE29-LeaderElection7] INFO  segmented.SegmentedRaftLogWorker (SegmentedRaftLogWorker.java:startLogSegment(391)) - fe566f1b-c7f2-4e01-8c59-fb4573cfb5f5@group-64A64F1CDE29-SegmentedRaftLogWorker: Starting segment from index:0
2020-04-28 15:02:52,230 [fe566f1b-c7f2-4e01-8c59-fb4573cfb5f5@group-64A64F1CDE29-SegmentedRaftLogWorker] INFO  segmented.SegmentedRaftLogWorker (SegmentedRaftLogWorker.java:execute(583)) - fe566f1b-c7f2-4e01-8c59-fb4573cfb5f5@group-64A64F1CDE29-SegmentedRaftLogWorker: created new log segment /github/workspace/mnt/ozone/hadoop-ozone/integration-test/target/test-dir/MiniOzoneClusterImpl-86f4eb11-29f8-44af-977b-0135f9896c6d/datanode-5/data/ratis/0b8d105f-3925-42b7-8c08-64a64f1cde29/current/log_inprogress_0
2020-04-28 15:02:52,233 [fe566f1b-c7f2-4e01-8c59-fb4573cfb5f5@group-64A64F1CDE29-LeaderElection7] INFO  impl.RaftServerImpl (ServerState.java:setRaftConf(356)) - fe566f1b-c7f2-4e01-8c59-fb4573cfb5f5@group-64A64F1CDE29: set configuration 0: [fe566f1b-c7f2-4e01-8c59-fb4573cfb5f5:172.17.0.2:34109], old=null at 0
2020-04-28 15:02:52,239 [5e3ccaa4-afb5-4d31-b7ad-1487e29be196@group-0605CBF2CC84-LeaderElection8] INFO  impl.LeaderElection (LeaderElection.java:askForVotes(206)) - 5e3ccaa4-afb5-4d31-b7ad-1487e29be196@group-0605CBF2CC84-LeaderElection8: begin an election at term 1 for -1: [5e3ccaa4-afb5-4d31-b7ad-1487e29be196:172.17.0.2:39853], old=null
2020-04-28 15:02:52,239 [5e3ccaa4-afb5-4d31-b7ad-1487e29be196@group-0605CBF2CC84-LeaderElection8] INFO  impl.RoleInfo (RoleInfo.java:shutdownLeaderElection(134)) - 5e3ccaa4-afb5-4d31-b7ad-1487e29be196: shutdown LeaderElection
2020-04-28 15:02:52,239 [5e3ccaa4-afb5-4d31-b7ad-1487e29be196@group-0605CBF2CC84-LeaderElection8] INFO  impl.RaftServerImpl (RaftServerImpl.java:setRole(172)) - 5e3ccaa4-afb5-4d31-b7ad-1487e29be196@group-0605CBF2CC84: changes role from CANDIDATE to LEADER at term 1 for changeToLeader
2020-04-28 15:02:52,240 [5e3ccaa4-afb5-4d31-b7ad-1487e29be196@group-0605CBF2CC84-LeaderElection8] INFO  ratis.XceiverServerRatis (XceiverServerRatis.java:handleLeaderChangedNotification(761)) - Leader change notification received for group: group-0605CBF2CC84 with new leaderId: 5e3ccaa4-afb5-4d31-b7ad-1487e29be196
2020-04-28 15:02:52,240 [5e3ccaa4-afb5-4d31-b7ad-1487e29be196@group-0605CBF2CC84-LeaderElection8] INFO  impl.RaftServerImpl (ServerState.java:setLeader(255)) - 5e3ccaa4-afb5-4d31-b7ad-1487e29be196@group-0605CBF2CC84: change Leader from null to 5e3ccaa4-afb5-4d31-b7ad-1487e29be196 at term 1 for becomeLeader, leader elected after 5263ms
2020-04-28 15:02:52,241 [5e3ccaa4-afb5-4d31-b7ad-1487e29be196@group-0605CBF2CC84-LeaderElection8] INFO  server.RaftServerConfigKeys (ConfUtils.java:logGet(44)) - raft.server.staging.catchup.gap = 1000 (default)
2020-04-28 15:02:52,241 [5e3ccaa4-afb5-4d31-b7ad-1487e29be196@group-0605CBF2CC84-LeaderElection8] INFO  server.RaftServerConfigKeys (ConfUtils.java:logGet(44)) - raft.server.rpc.sleep.time = 25ms (default)
2020-04-28 15:02:52,241 [5e3ccaa4-afb5-4d31-b7ad-1487e29be196@group-0605CBF2CC84-LeaderElection8] INFO  metrics.RatisMetrics (RatisMetrics.java:lambda$create$0(39)) - Creating Metrics Registry : ratis.log_appender.5e3ccaa4-afb5-4d31-b7ad-1487e29be196@group-0605CBF2CC84
2020-04-28 15:02:52,242 [5e3ccaa4-afb5-4d31-b7ad-1487e29be196@group-0605CBF2CC84-LeaderElection8] INFO  server.RaftServerConfigKeys (ConfUtils.java:logGet(44)) - raft.server.write.element-limit = 1024 (custom)
2020-04-28 15:02:52,242 [5e3ccaa4-afb5-4d31-b7ad-1487e29be196@group-0605CBF2CC84-LeaderElection8] INFO  server.RaftServerConfigKeys (ConfUtils.java:logGet(44)) - raft.server.write.byte-limit = 1073741824 (custom)
2020-04-28 15:02:52,243 [5e3ccaa4-afb5-4d31-b7ad-1487e29be196@group-0605CBF2CC84-LeaderElection8] INFO  server.RaftServerConfigKeys (ConfUtils.java:logGet(44)) - raft.server.watch.timeout = 180s (custom)
2020-04-28 15:02:52,243 [5e3ccaa4-afb5-4d31-b7ad-1487e29be196@group-0605CBF2CC84-LeaderElection8] INFO  server.RaftServerConfigKeys (ConfUtils.java:logGet(44)) - raft.server.watch.timeout.denomination = 1s (default)
2020-04-28 15:02:52,244 [5e3ccaa4-afb5-4d31-b7ad-1487e29be196@group-0605CBF2CC84-LeaderElection8] INFO  server.RaftServerConfigKeys (ConfUtils.java:logGet(44)) - raft.server.watch.element-limit = 65536 (default)
2020-04-28 15:02:52,244 [5e3ccaa4-afb5-4d31-b7ad-1487e29be196@group-0605CBF2CC84-LeaderElection8] INFO  impl.RoleInfo (RoleInfo.java:updateAndGet(143)) - 5e3ccaa4-afb5-4d31-b7ad-1487e29be196: start LeaderState
2020-04-28 15:02:52,244 [5e3ccaa4-afb5-4d31-b7ad-1487e29be196@group-0605CBF2CC84-LeaderElection8] INFO  segmented.SegmentedRaftLogWorker (SegmentedRaftLogWorker.java:startLogSegment(391)) - 5e3ccaa4-afb5-4d31-b7ad-1487e29be196@group-0605CBF2CC84-SegmentedRaftLogWorker: Starting segment from index:0
2020-04-28 15:02:52,245 [5e3ccaa4-afb5-4d31-b7ad-1487e29be196@group-0605CBF2CC84-SegmentedRaftLogWorker] INFO  segmented.SegmentedRaftLogWorker (SegmentedRaftLogWorker.java:execute(583)) - 5e3ccaa4-afb5-4d31-b7ad-1487e29be196@group-0605CBF2CC84-SegmentedRaftLogWorker: created new log segment /github/workspace/mnt/ozone/hadoop-ozone/integration-test/target/test-dir/MiniOzoneClusterImpl-86f4eb11-29f8-44af-977b-0135f9896c6d/datanode-4/data/ratis/9a1edbb1-a8ac-48ba-85dd-0605cbf2cc84/current/log_inprogress_0
2020-04-28 15:02:52,248 [5e3ccaa4-afb5-4d31-b7ad-1487e29be196@group-0605CBF2CC84-LeaderElection8] INFO  impl.RaftServerImpl (ServerState.java:setRaftConf(356)) - 5e3ccaa4-afb5-4d31-b7ad-1487e29be196@group-0605CBF2CC84: set configuration 0: [5e3ccaa4-afb5-4d31-b7ad-1487e29be196:172.17.0.2:39853], old=null at 0
2020-04-28 15:02:52,484 [main] INFO  ozone.MiniOzoneClusterImpl (MiniOzoneClusterImpl.java:lambda$waitForClusterToBeReady$0(177)) - Nodes are ready. Got 10 of 10 DN Heartbeats.
2020-04-28 15:02:52,485 [main] INFO  ozone.MiniOzoneClusterImpl (MiniOzoneClusterImpl.java:lambda$waitForClusterToBeReady$0(180)) - Cluster exits safe mode
2020-04-28 15:02:52,497 [Thread-297] INFO  impl.FollowerState (FollowerState.java:run(108)) - 8fd30f8c-8db6-43a6-adbe-e53ad13705f6@group-3383C24F2AEB-FollowerState: change to CANDIDATE, lastRpcTime:5023ms, electionTimeout:5009ms
2020-04-28 15:02:52,498 [Thread-297] INFO  impl.RoleInfo (RoleInfo.java:shutdownFollowerState(121)) - 8fd30f8c-8db6-43a6-adbe-e53ad13705f6: shutdown FollowerState
2020-04-28 15:02:52,498 [Thread-297] INFO  impl.RaftServerImpl (RaftServerImpl.java:setRole(172)) - 8fd30f8c-8db6-43a6-adbe-e53ad13705f6@group-3383C24F2AEB: changes role from  FOLLOWER to CANDIDATE at term 0 for changeToCandidate
2020-04-28 15:02:52,498 [Thread-297] INFO  impl.RoleInfo (RoleInfo.java:updateAndGet(143)) - 8fd30f8c-8db6-43a6-adbe-e53ad13705f6: start LeaderElection
2020-04-28 15:02:52,508 [Thread-295] INFO  impl.FollowerState (FollowerState.java:run(108)) - 1e0ded64-a5e7-44ce-aceb-2ea5d9a1bcc3@group-5450C395AF44-FollowerState: change to CANDIDATE, lastRpcTime:5071ms, electionTimeout:5069ms
2020-04-28 15:02:52,509 [Thread-295] INFO  impl.RoleInfo (RoleInfo.java:shutdownFollowerState(121)) - 1e0ded64-a5e7-44ce-aceb-2ea5d9a1bcc3: shutdown FollowerState
2020-04-28 15:02:52,509 [Thread-295] INFO  impl.RaftServerImpl (RaftServerImpl.java:setRole(172)) - 1e0ded64-a5e7-44ce-aceb-2ea5d9a1bcc3@group-5450C395AF44: changes role from  FOLLOWER to CANDIDATE at term 0 for changeToCandidate
2020-04-28 15:02:52,509 [Thread-295] INFO  impl.RoleInfo (RoleInfo.java:updateAndGet(143)) - 1e0ded64-a5e7-44ce-aceb-2ea5d9a1bcc3: start LeaderElection
2020-04-28 15:02:52,511 [8fd30f8c-8db6-43a6-adbe-e53ad13705f6@group-3383C24F2AEB-LeaderElection9] INFO  impl.LeaderElection (LeaderElection.java:askForVotes(206)) - 8fd30f8c-8db6-43a6-adbe-e53ad13705f6@group-3383C24F2AEB-LeaderElection9: begin an election at term 1 for -1: [8fd30f8c-8db6-43a6-adbe-e53ad13705f6:172.17.0.2:41513], old=null
2020-04-28 15:02:52,511 [8fd30f8c-8db6-43a6-adbe-e53ad13705f6@group-3383C24F2AEB-LeaderElection9] INFO  impl.RoleInfo (RoleInfo.java:shutdownLeaderElection(134)) - 8fd30f8c-8db6-43a6-adbe-e53ad13705f6: shutdown LeaderElection
2020-04-28 15:02:52,512 [8fd30f8c-8db6-43a6-adbe-e53ad13705f6@group-3383C24F2AEB-LeaderElection9] INFO  impl.RaftServerImpl (RaftServerImpl.java:setRole(172)) - 8fd30f8c-8db6-43a6-adbe-e53ad13705f6@group-3383C24F2AEB: changes role from CANDIDATE to LEADER at term 1 for changeToLeader
2020-04-28 15:02:52,512 [8fd30f8c-8db6-43a6-adbe-e53ad13705f6@group-3383C24F2AEB-LeaderElection9] INFO  ratis.XceiverServerRatis (XceiverServerRatis.java:handleLeaderChangedNotification(761)) - Leader change notification received for group: group-3383C24F2AEB with new leaderId: 8fd30f8c-8db6-43a6-adbe-e53ad13705f6
2020-04-28 15:02:52,513 [8fd30f8c-8db6-43a6-adbe-e53ad13705f6@group-3383C24F2AEB-LeaderElection9] INFO  impl.RaftServerImpl (ServerState.java:setLeader(255)) - 8fd30f8c-8db6-43a6-adbe-e53ad13705f6@group-3383C24F2AEB: change Leader from null to 8fd30f8c-8db6-43a6-adbe-e53ad13705f6 at term 1 for becomeLeader, leader elected after 5100ms
2020-04-28 15:02:52,514 [1e0ded64-a5e7-44ce-aceb-2ea5d9a1bcc3@group-5450C395AF44-LeaderElection10] INFO  impl.LeaderElection (LeaderElection.java:askForVotes(206)) - 1e0ded64-a5e7-44ce-aceb-2ea5d9a1bcc3@group-5450C395AF44-LeaderElection10: begin an election at term 1 for -1: [1e0ded64-a5e7-44ce-aceb-2ea5d9a1bcc3:172.17.0.2:34095], old=null
2020-04-28 15:02:52,515 [1e0ded64-a5e7-44ce-aceb-2ea5d9a1bcc3@group-5450C395AF44-LeaderElection10] INFO  impl.RoleInfo (RoleInfo.java:shutdownLeaderElection(134)) - 1e0ded64-a5e7-44ce-aceb-2ea5d9a1bcc3: shutdown LeaderElection
2020-04-28 15:02:52,515 [1e0ded64-a5e7-44ce-aceb-2ea5d9a1bcc3@group-5450C395AF44-LeaderElection10] INFO  impl.RaftServerImpl (RaftServerImpl.java:setRole(172)) - 1e0ded64-a5e7-44ce-aceb-2ea5d9a1bcc3@group-5450C395AF44: changes role from CANDIDATE to LEADER at term 1 for changeToLeader
2020-04-28 15:02:52,515 [1e0ded64-a5e7-44ce-aceb-2ea5d9a1bcc3@group-5450C395AF44-LeaderElection10] INFO  ratis.XceiverServerRatis (XceiverServerRatis.java:handleLeaderChangedNotification(761)) - Leader change notification received for group: group-5450C395AF44 with new leaderId: 1e0ded64-a5e7-44ce-aceb-2ea5d9a1bcc3
2020-04-28 15:02:52,515 [1e0ded64-a5e7-44ce-aceb-2ea5d9a1bcc3@group-5450C395AF44-LeaderElection10] INFO  impl.RaftServerImpl (ServerState.java:setLeader(255)) - 1e0ded64-a5e7-44ce-aceb-2ea5d9a1bcc3@group-5450C395AF44: change Leader from null to 1e0ded64-a5e7-44ce-aceb-2ea5d9a1bcc3 at term 1 for becomeLeader, leader elected after 5100ms
2020-04-28 15:02:52,515 [8fd30f8c-8db6-43a6-adbe-e53ad13705f6@group-3383C24F2AEB-LeaderElection9] INFO  server.RaftServerConfigKeys (ConfUtils.java:logGet(44)) - raft.server.staging.catchup.gap = 1000 (default)
2020-04-28 15:02:52,515 [8fd30f8c-8db6-43a6-adbe-e53ad13705f6@group-3383C24F2AEB-LeaderElection9] INFO  server.RaftServerConfigKeys (ConfUtils.java:logGet(44)) - raft.server.rpc.sleep.time = 25ms (default)
2020-04-28 15:02:52,516 [8fd30f8c-8db6-43a6-adbe-e53ad13705f6@group-3383C24F2AEB-LeaderElection9] INFO  metrics.RatisMetrics (RatisMetrics.java:lambda$create$0(39)) - Creating Metrics Registry : ratis.log_appender.8fd30f8c-8db6-43a6-adbe-e53ad13705f6@group-3383C24F2AEB
2020-04-28 15:02:52,517 [8fd30f8c-8db6-43a6-adbe-e53ad13705f6@group-3383C24F2AEB-LeaderElection9] INFO  server.RaftServerConfigKeys (ConfUtils.java:logGet(44)) - raft.server.write.element-limit = 1024 (custom)
2020-04-28 15:02:52,518 [8fd30f8c-8db6-43a6-adbe-e53ad13705f6@group-3383C24F2AEB-LeaderElection9] INFO  server.RaftServerConfigKeys (ConfUtils.java:logGet(44)) - raft.server.write.byte-limit = 1073741824 (custom)
2020-04-28 15:02:52,519 [8fd30f8c-8db6-43a6-adbe-e53ad13705f6@group-3383C24F2AEB-LeaderElection9] INFO  server.RaftServerConfigKeys (ConfUtils.java:logGet(44)) - raft.server.watch.timeout = 180s (custom)
2020-04-28 15:02:52,519 [8fd30f8c-8db6-43a6-adbe-e53ad13705f6@group-3383C24F2AEB-LeaderElection9] INFO  server.RaftServerConfigKeys (ConfUtils.java:logGet(44)) - raft.server.watch.timeout.denomination = 1s (default)
2020-04-28 15:02:52,519 [8fd30f8c-8db6-43a6-adbe-e53ad13705f6@group-3383C24F2AEB-LeaderElection9] INFO  server.RaftServerConfigKeys (ConfUtils.java:logGet(44)) - raft.server.watch.element-limit = 65536 (default)
2020-04-28 15:02:52,520 [8fd30f8c-8db6-43a6-adbe-e53ad13705f6@group-3383C24F2AEB-LeaderElection9] INFO  impl.RoleInfo (RoleInfo.java:updateAndGet(143)) - 8fd30f8c-8db6-43a6-adbe-e53ad13705f6: start LeaderState
2020-04-28 15:02:52,520 [8fd30f8c-8db6-43a6-adbe-e53ad13705f6@group-3383C24F2AEB-LeaderElection9] INFO  segmented.SegmentedRaftLogWorker (SegmentedRaftLogWorker.java:startLogSegment(391)) - 8fd30f8c-8db6-43a6-adbe-e53ad13705f6@group-3383C24F2AEB-SegmentedRaftLogWorker: Starting segment from index:0
2020-04-28 15:02:52,520 [1e0ded64-a5e7-44ce-aceb-2ea5d9a1bcc3@group-5450C395AF44-LeaderElection10] INFO  server.RaftServerConfigKeys (ConfUtils.java:logGet(44)) - raft.server.staging.catchup.gap = 1000 (default)
2020-04-28 15:02:52,521 [1e0ded64-a5e7-44ce-aceb-2ea5d9a1bcc3@group-5450C395AF44-LeaderElection10] INFO  server.RaftServerConfigKeys (ConfUtils.java:logGet(44)) - raft.server.rpc.sleep.time = 25ms (default)
2020-04-28 15:02:52,521 [1e0ded64-a5e7-44ce-aceb-2ea5d9a1bcc3@group-5450C395AF44-LeaderElection10] INFO  metrics.RatisMetrics (RatisMetrics.java:lambda$create$0(39)) - Creating Metrics Registry : ratis.log_appender.1e0ded64-a5e7-44ce-aceb-2ea5d9a1bcc3@group-5450C395AF44
2020-04-28 15:02:52,527 [Thread-301] INFO  impl.FollowerState (FollowerState.java:run(108)) - 1e0ded64-a5e7-44ce-aceb-2ea5d9a1bcc3@group-59DC44B9702A-FollowerState: change to CANDIDATE, lastRpcTime:5024ms, electionTimeout:5021ms
2020-04-28 15:02:52,537 [1e0ded64-a5e7-44ce-aceb-2ea5d9a1bcc3@group-5450C395AF44-LeaderElection10] INFO  server.RaftServerConfigKeys (ConfUtils.java:logGet(44)) - raft.server.write.element-limit = 1024 (custom)
2020-04-28 15:02:52,537 [Thread-301] INFO  impl.RoleInfo (RoleInfo.java:shutdownFollowerState(121)) - 1e0ded64-a5e7-44ce-aceb-2ea5d9a1bcc3: shutdown FollowerState
2020-04-28 15:02:52,538 [Thread-301] INFO  impl.RaftServerImpl (RaftServerImpl.java:setRole(172)) - 1e0ded64-a5e7-44ce-aceb-2ea5d9a1bcc3@group-59DC44B9702A: changes role from  FOLLOWER to CANDIDATE at term 0 for changeToCandidate
2020-04-28 15:02:52,538 [1e0ded64-a5e7-44ce-aceb-2ea5d9a1bcc3@group-5450C395AF44-LeaderElection10] INFO  server.RaftServerConfigKeys (ConfUtils.java:logGet(44)) - raft.server.write.byte-limit = 1073741824 (custom)
2020-04-28 15:02:52,522 [8fd30f8c-8db6-43a6-adbe-e53ad13705f6@group-3383C24F2AEB-SegmentedRaftLogWorker] INFO  segmented.SegmentedRaftLogWorker (SegmentedRaftLogWorker.java:execute(583)) - 8fd30f8c-8db6-43a6-adbe-e53ad13705f6@group-3383C24F2AEB-SegmentedRaftLogWorker: created new log segment /github/workspace/mnt/ozone/hadoop-ozone/integration-test/target/test-dir/MiniOzoneClusterImpl-86f4eb11-29f8-44af-977b-0135f9896c6d/datanode-6/data/ratis/dde18981-6048-428c-9257-3383c24f2aeb/current/log_inprogress_0
2020-04-28 15:02:52,538 [1e0ded64-a5e7-44ce-aceb-2ea5d9a1bcc3@group-5450C395AF44-LeaderElection10] INFO  server.RaftServerConfigKeys (ConfUtils.java:logGet(44)) - raft.server.watch.timeout = 180s (custom)
2020-04-28 15:02:52,538 [1e0ded64-a5e7-44ce-aceb-2ea5d9a1bcc3@group-5450C395AF44-LeaderElection10] INFO  server.RaftServerConfigKeys (ConfUtils.java:logGet(44)) - raft.server.watch.timeout.denomination = 1s (default)
2020-04-28 15:02:52,538 [1e0ded64-a5e7-44ce-aceb-2ea5d9a1bcc3@group-5450C395AF44-LeaderElection10] INFO  server.RaftServerConfigKeys (ConfUtils.java:logGet(44)) - raft.server.watch.element-limit = 65536 (default)
2020-04-28 15:02:52,538 [1e0ded64-a5e7-44ce-aceb-2ea5d9a1bcc3@group-5450C395AF44-LeaderElection10] INFO  impl.RoleInfo (RoleInfo.java:updateAndGet(143)) - 1e0ded64-a5e7-44ce-aceb-2ea5d9a1bcc3: start LeaderState
2020-04-28 15:02:52,541 [1e0ded64-a5e7-44ce-aceb-2ea5d9a1bcc3@group-5450C395AF44-LeaderElection10] INFO  segmented.SegmentedRaftLogWorker (SegmentedRaftLogWorker.java:startLogSegment(391)) - 1e0ded64-a5e7-44ce-aceb-2ea5d9a1bcc3@group-5450C395AF44-SegmentedRaftLogWorker: Starting segment from index:0
2020-04-28 15:02:52,547 [8fd30f8c-8db6-43a6-adbe-e53ad13705f6@group-3383C24F2AEB-LeaderElection9] INFO  impl.RaftServerImpl (ServerState.java:setRaftConf(356)) - 8fd30f8c-8db6-43a6-adbe-e53ad13705f6@group-3383C24F2AEB: set configuration 0: [8fd30f8c-8db6-43a6-adbe-e53ad13705f6:172.17.0.2:41513], old=null at 0
2020-04-28 15:02:52,549 [1e0ded64-a5e7-44ce-aceb-2ea5d9a1bcc3@group-5450C395AF44-SegmentedRaftLogWorker] INFO  segmented.SegmentedRaftLogWorker (SegmentedRaftLogWorker.java:execute(583)) - 1e0ded64-a5e7-44ce-aceb-2ea5d9a1bcc3@group-5450C395AF44-SegmentedRaftLogWorker: created new log segment /github/workspace/mnt/ozone/hadoop-ozone/integration-test/target/test-dir/MiniOzoneClusterImpl-86f4eb11-29f8-44af-977b-0135f9896c6d/datanode-7/data/ratis/f69d44c7-39e5-4f3b-9ac5-5450c395af44/current/log_inprogress_0
2020-04-28 15:02:52,551 [Thread-301] INFO  impl.RoleInfo (RoleInfo.java:updateAndGet(143)) - 1e0ded64-a5e7-44ce-aceb-2ea5d9a1bcc3: start LeaderElection
2020-04-28 15:02:52,551 [1e0ded64-a5e7-44ce-aceb-2ea5d9a1bcc3@group-5450C395AF44-LeaderElection10] INFO  impl.RaftServerImpl (ServerState.java:setRaftConf(356)) - 1e0ded64-a5e7-44ce-aceb-2ea5d9a1bcc3@group-5450C395AF44: set configuration 0: [1e0ded64-a5e7-44ce-aceb-2ea5d9a1bcc3:172.17.0.2:34095], old=null at 0
2020-04-28 15:02:52,577 [1e0ded64-a5e7-44ce-aceb-2ea5d9a1bcc3@group-59DC44B9702A-LeaderElection11] INFO  impl.LeaderElection (LeaderElection.java:askForVotes(206)) - 1e0ded64-a5e7-44ce-aceb-2ea5d9a1bcc3@group-59DC44B9702A-LeaderElection11: begin an election at term 1 for -1: [8fd30f8c-8db6-43a6-adbe-e53ad13705f6:172.17.0.2:41513, d26a0638-14c0-4e4b-8ca0-97e128166950:172.17.0.2:33283, 1e0ded64-a5e7-44ce-aceb-2ea5d9a1bcc3:172.17.0.2:34095], old=null
2020-04-28 15:02:52,589 [Thread-303] INFO  impl.FollowerState (FollowerState.java:run(108)) - 8fd30f8c-8db6-43a6-adbe-e53ad13705f6@group-59DC44B9702A-FollowerState: change to CANDIDATE, lastRpcTime:5044ms, electionTimeout:5041ms
2020-04-28 15:02:52,590 [Thread-303] INFO  impl.RoleInfo (RoleInfo.java:shutdownFollowerState(121)) - 8fd30f8c-8db6-43a6-adbe-e53ad13705f6: shutdown FollowerState
2020-04-28 15:02:52,590 [Thread-303] INFO  impl.RaftServerImpl (RaftServerImpl.java:setRole(172)) - 8fd30f8c-8db6-43a6-adbe-e53ad13705f6@group-59DC44B9702A: changes role from  FOLLOWER to CANDIDATE at term 0 for changeToCandidate
2020-04-28 15:02:52,590 [Thread-303] INFO  impl.RoleInfo (RoleInfo.java:updateAndGet(143)) - 8fd30f8c-8db6-43a6-adbe-e53ad13705f6: start LeaderElection
2020-04-28 15:02:52,614 [grpc-default-executor-0] INFO  impl.RaftServerImpl (RaftServerImpl.java:setRole(172)) - 8fd30f8c-8db6-43a6-adbe-e53ad13705f6@group-59DC44B9702A: changes role from CANDIDATE to FOLLOWER at term 1 for recognizeCandidate:1e0ded64-a5e7-44ce-aceb-2ea5d9a1bcc3
2020-04-28 15:02:52,615 [grpc-default-executor-0] INFO  impl.RoleInfo (RoleInfo.java:shutdownLeaderElection(134)) - 8fd30f8c-8db6-43a6-adbe-e53ad13705f6: shutdown LeaderElection
2020-04-28 15:02:52,615 [grpc-default-executor-0] INFO  impl.RoleInfo (RoleInfo.java:updateAndGet(143)) - 8fd30f8c-8db6-43a6-adbe-e53ad13705f6: start FollowerState
2020-04-28 15:02:52,619 [grpc-default-executor-4] INFO  impl.RaftServerImpl (RaftServerImpl.java:setRole(172)) - d26a0638-14c0-4e4b-8ca0-97e128166950@group-59DC44B9702A: changes role from  FOLLOWER to FOLLOWER at term 1 for recognizeCandidate:1e0ded64-a5e7-44ce-aceb-2ea5d9a1bcc3
2020-04-28 15:02:52,620 [grpc-default-executor-4] INFO  impl.RoleInfo (RoleInfo.java:shutdownFollowerState(121)) - d26a0638-14c0-4e4b-8ca0-97e128166950: shutdown FollowerState
2020-04-28 15:02:52,620 [grpc-default-executor-4] INFO  impl.RoleInfo (RoleInfo.java:updateAndGet(143)) - d26a0638-14c0-4e4b-8ca0-97e128166950: start FollowerState
2020-04-28 15:02:52,620 [Thread-305] INFO  impl.FollowerState (FollowerState.java:run(117)) - d26a0638-14c0-4e4b-8ca0-97e128166950@group-59DC44B9702A-FollowerState was interrupted: java.lang.InterruptedException: sleep interrupted
2020-04-28 15:02:52,627 [8fd30f8c-8db6-43a6-adbe-e53ad13705f6@group-59DC44B9702A-LeaderElection12] INFO  impl.LeaderElection (LeaderElection.java:askForVotes(206)) - 8fd30f8c-8db6-43a6-adbe-e53ad13705f6@group-59DC44B9702A-LeaderElection12: begin an election at term 2 for -1: [8fd30f8c-8db6-43a6-adbe-e53ad13705f6:172.17.0.2:41513, d26a0638-14c0-4e4b-8ca0-97e128166950:172.17.0.2:33283, 1e0ded64-a5e7-44ce-aceb-2ea5d9a1bcc3:172.17.0.2:34095], old=null
2020-04-28 15:02:52,629 [Thread-307] INFO  impl.FollowerState (FollowerState.java:run(108)) - a2593083-2fd9-45f6-bfba-df871aaf4e07@group-19DCF45B0C69-FollowerState: change to CANDIDATE, lastRpcTime:5034ms, electionTimeout:5030ms
2020-04-28 15:02:52,629 [Thread-307] INFO  impl.RoleInfo (RoleInfo.java:shutdownFollowerState(121)) - a2593083-2fd9-45f6-bfba-df871aaf4e07: shutdown FollowerState
2020-04-28 15:02:52,629 [Thread-307] INFO  impl.RaftServerImpl (RaftServerImpl.java:setRole(172)) - a2593083-2fd9-45f6-bfba-df871aaf4e07@group-19DCF45B0C69: changes role from  FOLLOWER to CANDIDATE at term 0 for changeToCandidate
2020-04-28 15:02:52,647 [Thread-307] INFO  impl.RoleInfo (RoleInfo.java:updateAndGet(143)) - a2593083-2fd9-45f6-bfba-df871aaf4e07: start LeaderElection
2020-04-28 15:02:52,650 [1e0ded64-a5e7-44ce-aceb-2ea5d9a1bcc3@group-59DC44B9702A-LeaderElection11] INFO  impl.LeaderElection (LeaderElection.java:logAndReturn(61)) - 1e0ded64-a5e7-44ce-aceb-2ea5d9a1bcc3@group-59DC44B9702A-LeaderElection11: Election PASSED; received 1 response(s) [1e0ded64-a5e7-44ce-aceb-2ea5d9a1bcc3<-d26a0638-14c0-4e4b-8ca0-97e128166950#0:OK-t1] and 0 exception(s); 1e0ded64-a5e7-44ce-aceb-2ea5d9a1bcc3@group-59DC44B9702A:t1, leader=null, voted=1e0ded64-a5e7-44ce-aceb-2ea5d9a1bcc3, raftlog=1e0ded64-a5e7-44ce-aceb-2ea5d9a1bcc3@group-59DC44B9702A-SegmentedRaftLog:OPENED:c-1,f-1,i0, conf=-1: [8fd30f8c-8db6-43a6-adbe-e53ad13705f6:172.17.0.2:41513, d26a0638-14c0-4e4b-8ca0-97e128166950:172.17.0.2:33283, 1e0ded64-a5e7-44ce-aceb-2ea5d9a1bcc3:172.17.0.2:34095], old=null
2020-04-28 15:02:52,650 [8fd30f8c-8db6-43a6-adbe-e53ad13705f6@group-59DC44B9702A-LeaderElection12] INFO  impl.LeaderElection (LeaderElection.java:logAndReturn(61)) - 8fd30f8c-8db6-43a6-adbe-e53ad13705f6@group-59DC44B9702A-LeaderElection12: Election REJECTED; received 0 response(s) [] and 0 exception(s); 8fd30f8c-8db6-43a6-adbe-e53ad13705f6@group-59DC44B9702A:t2, leader=null, voted=8fd30f8c-8db6-43a6-adbe-e53ad13705f6, raftlog=8fd30f8c-8db6-43a6-adbe-e53ad13705f6@group-59DC44B9702A-SegmentedRaftLog:OPENED:c-1,f-1,i0, conf=-1: [8fd30f8c-8db6-43a6-adbe-e53ad13705f6:172.17.0.2:41513, d26a0638-14c0-4e4b-8ca0-97e128166950:172.17.0.2:33283, 1e0ded64-a5e7-44ce-aceb-2ea5d9a1bcc3:172.17.0.2:34095], old=null
2020-04-28 15:02:52,656 [1e0ded64-a5e7-44ce-aceb-2ea5d9a1bcc3@group-59DC44B9702A-LeaderElection11] INFO  impl.RoleInfo (RoleInfo.java:shutdownLeaderElection(134)) - 1e0ded64-a5e7-44ce-aceb-2ea5d9a1bcc3: shutdown LeaderElection
2020-04-28 15:02:52,662 [1e0ded64-a5e7-44ce-aceb-2ea5d9a1bcc3@group-59DC44B9702A-LeaderElection11] INFO  impl.RaftServerImpl (RaftServerImpl.java:setRole(172)) - 1e0ded64-a5e7-44ce-aceb-2ea5d9a1bcc3@group-59DC44B9702A: changes role from CANDIDATE to LEADER at term 1 for changeToLeader
2020-04-28 15:02:52,662 [1e0ded64-a5e7-44ce-aceb-2ea5d9a1bcc3@group-59DC44B9702A-LeaderElection11] INFO  ratis.XceiverServerRatis (XceiverServerRatis.java:handleLeaderChangedNotification(761)) - Leader change notification received for group: group-59DC44B9702A with new leaderId: 1e0ded64-a5e7-44ce-aceb-2ea5d9a1bcc3
2020-04-28 15:02:52,662 [1e0ded64-a5e7-44ce-aceb-2ea5d9a1bcc3@group-59DC44B9702A-LeaderElection11] INFO  impl.RaftServerImpl (ServerState.java:setLeader(255)) - 1e0ded64-a5e7-44ce-aceb-2ea5d9a1bcc3@group-59DC44B9702A: change Leader from null to 1e0ded64-a5e7-44ce-aceb-2ea5d9a1bcc3 at term 1 for becomeLeader, leader elected after 5191ms
2020-04-28 15:02:52,662 [1e0ded64-a5e7-44ce-aceb-2ea5d9a1bcc3@group-59DC44B9702A-LeaderElection11] INFO  server.RaftServerConfigKeys (ConfUtils.java:logGet(44)) - raft.server.staging.catchup.gap = 1000 (default)
2020-04-28 15:02:52,662 [1e0ded64-a5e7-44ce-aceb-2ea5d9a1bcc3@group-59DC44B9702A-LeaderElection11] INFO  server.RaftServerConfigKeys (ConfUtils.java:logGet(44)) - raft.server.rpc.sleep.time = 25ms (default)
2020-04-28 15:02:52,662 [1e0ded64-a5e7-44ce-aceb-2ea5d9a1bcc3@group-59DC44B9702A-LeaderElection11] INFO  metrics.RatisMetrics (RatisMetrics.java:lambda$create$0(39)) - Creating Metrics Registry : ratis.log_appender.1e0ded64-a5e7-44ce-aceb-2ea5d9a1bcc3@group-59DC44B9702A
2020-04-28 15:02:52,663 [1e0ded64-a5e7-44ce-aceb-2ea5d9a1bcc3@group-59DC44B9702A-LeaderElection11] INFO  server.RaftServerConfigKeys (ConfUtils.java:logGet(44)) - raft.server.write.element-limit = 1024 (custom)
2020-04-28 15:02:52,663 [1e0ded64-a5e7-44ce-aceb-2ea5d9a1bcc3@group-59DC44B9702A-LeaderElection11] INFO  server.RaftServerConfigKeys (ConfUtils.java:logGet(44)) - raft.server.write.byte-limit = 1073741824 (custom)
2020-04-28 15:02:52,663 [1e0ded64-a5e7-44ce-aceb-2ea5d9a1bcc3@group-59DC44B9702A-LeaderElection11] INFO  server.RaftServerConfigKeys (ConfUtils.java:logGet(44)) - raft.server.watch.timeout = 180s (custom)
2020-04-28 15:02:52,663 [1e0ded64-a5e7-44ce-aceb-2ea5d9a1bcc3@group-59DC44B9702A-LeaderElection11] INFO  server.RaftServerConfigKeys (ConfUtils.java:logGet(44)) - raft.server.watch.timeout.denomination = 1s (default)
2020-04-28 15:02:52,663 [1e0ded64-a5e7-44ce-aceb-2ea5d9a1bcc3@group-59DC44B9702A-LeaderElection11] INFO  server.RaftServerConfigKeys (ConfUtils.java:logGet(44)) - raft.server.watch.element-limit = 65536 (default)
2020-04-28 15:02:52,664 [1e0ded64-a5e7-44ce-aceb-2ea5d9a1bcc3@group-59DC44B9702A-LeaderElection11] INFO  server.RaftServerConfigKeys (ConfUtils.java:logGet(44)) - raft.server.log.appender.snapshot.chunk.size.max = 16MB (=16777216) (default)
2020-04-28 15:02:52,664 [1e0ded64-a5e7-44ce-aceb-2ea5d9a1bcc3@group-59DC44B9702A-LeaderElection11] INFO  server.RaftServerConfigKeys (ConfUtils.java:logGet(44)) - raft.server.log.appender.buffer.byte-limit = 33554432 (custom)
2020-04-28 15:02:52,664 [1e0ded64-a5e7-44ce-aceb-2ea5d9a1bcc3@group-59DC44B9702A-LeaderElection11] INFO  server.RaftServerConfigKeys (ConfUtils.java:logGet(44)) - raft.server.log.appender.buffer.element-limit = 1 (custom)
2020-04-28 15:02:52,664 [1e0ded64-a5e7-44ce-aceb-2ea5d9a1bcc3@group-59DC44B9702A-LeaderElection11] INFO  grpc.GrpcConfigKeys (ConfUtils.java:logGet(44)) - raft.grpc.server.leader.outstanding.appends.max = 128 (default)
2020-04-28 15:02:52,664 [1e0ded64-a5e7-44ce-aceb-2ea5d9a1bcc3@group-59DC44B9702A-LeaderElection11] INFO  server.RaftServerConfigKeys (ConfUtils.java:logGet(44)) - raft.server.rpc.request.timeout = 60s (custom)
2020-04-28 15:02:52,664 [1e0ded64-a5e7-44ce-aceb-2ea5d9a1bcc3@group-59DC44B9702A-LeaderElection11] INFO  server.RaftServerConfigKeys (ConfUtils.java:logGet(44)) - raft.server.log.appender.install.snapshot.enabled = false (custom)
2020-04-28 15:02:52,678 [1e0ded64-a5e7-44ce-aceb-2ea5d9a1bcc3@group-59DC44B9702A-LeaderElection11] INFO  server.RaftServerConfigKeys (ConfUtils.java:logGet(44)) - raft.server.log.appender.snapshot.chunk.size.max = 16MB (=16777216) (default)
2020-04-28 15:02:52,678 [1e0ded64-a5e7-44ce-aceb-2ea5d9a1bcc3@group-59DC44B9702A-LeaderElection11] INFO  server.RaftServerConfigKeys (ConfUtils.java:logGet(44)) - raft.server.log.appender.buffer.byte-limit = 33554432 (custom)
2020-04-28 15:02:52,678 [1e0ded64-a5e7-44ce-aceb-2ea5d9a1bcc3@group-59DC44B9702A-LeaderElection11] INFO  server.RaftServerConfigKeys (ConfUtils.java:logGet(44)) - raft.server.log.appender.buffer.element-limit = 1 (custom)
2020-04-28 15:02:52,666 [EventQueue-PipelineReportForPipelineReportHandler] INFO  pipeline.PipelineStateManager (PipelineStateManager.java:openPipeline(131)) - Pipeline Pipeline[ Id: c242f8af-fb8d-4893-b26b-59dc44b9702a, Nodes: 8fd30f8c-8db6-43a6-adbe-e53ad13705f6{ip: 172.17.0.2, host: f2af4a476004, networkLocation: /default-rack, certSerialId: null}1e0ded64-a5e7-44ce-aceb-2ea5d9a1bcc3{ip: 172.17.0.2, host: f2af4a476004, networkLocation: /default-rack, certSerialId: null}d26a0638-14c0-4e4b-8ca0-97e128166950{ip: 172.17.0.2, host: f2af4a476004, networkLocation: /default-rack, certSerialId: null}, Type:RATIS, Factor:THREE, State:ALLOCATED, leaderId:1e0ded64-a5e7-44ce-aceb-2ea5d9a1bcc3, CreationTimestamp2020-04-28T15:02:44.339Z] moved to OPEN state
2020-04-28 15:02:52,684 [grpc-default-executor-4] INFO  impl.RaftServerImpl (RaftServerImpl.java:setRole(172)) - d26a0638-14c0-4e4b-8ca0-97e128166950@group-59DC44B9702A: changes role from  FOLLOWER to FOLLOWER at term 2 for recognizeCandidate:8fd30f8c-8db6-43a6-adbe-e53ad13705f6
2020-04-28 15:02:52,684 [grpc-default-executor-4] INFO  impl.RoleInfo (RoleInfo.java:shutdownFollowerState(121)) - d26a0638-14c0-4e4b-8ca0-97e128166950: shutdown FollowerState
2020-04-28 15:02:52,684 [grpc-default-executor-4] INFO  impl.RoleInfo (RoleInfo.java:updateAndGet(143)) - d26a0638-14c0-4e4b-8ca0-97e128166950: start FollowerState
2020-04-28 15:02:52,684 [Thread-373] INFO  impl.FollowerState (FollowerState.java:run(117)) - d26a0638-14c0-4e4b-8ca0-97e128166950@group-59DC44B9702A-FollowerState was interrupted: java.lang.InterruptedException: sleep interrupted
2020-04-28 15:02:52,681 [a2593083-2fd9-45f6-bfba-df871aaf4e07@group-19DCF45B0C69-LeaderElection13] INFO  impl.LeaderElection (LeaderElection.java:askForVotes(206)) - a2593083-2fd9-45f6-bfba-df871aaf4e07@group-19DCF45B0C69-LeaderElection13: begin an election at term 1 for -1: [a2593083-2fd9-45f6-bfba-df871aaf4e07:172.17.0.2:35455], old=null
2020-04-28 15:02:52,687 [a2593083-2fd9-45f6-bfba-df871aaf4e07@group-19DCF45B0C69-LeaderElection13] INFO  impl.RoleInfo (RoleInfo.java:shutdownLeaderElection(134)) - a2593083-2fd9-45f6-bfba-df871aaf4e07: shutdown LeaderElection
2020-04-28 15:02:52,687 [a2593083-2fd9-45f6-bfba-df871aaf4e07@group-19DCF45B0C69-LeaderElection13] INFO  impl.RaftServerImpl (RaftServerImpl.java:setRole(172)) - a2593083-2fd9-45f6-bfba-df871aaf4e07@group-19DCF45B0C69: changes role from CANDIDATE to LEADER at term 1 for changeToLeader
2020-04-28 15:02:52,687 [a2593083-2fd9-45f6-bfba-df871aaf4e07@group-19DCF45B0C69-LeaderElection13] INFO  ratis.XceiverServerRatis (XceiverServerRatis.java:handleLeaderChangedNotification(761)) - Leader change notification received for group: group-19DCF45B0C69 with new leaderId: a2593083-2fd9-45f6-bfba-df871aaf4e07
2020-04-28 15:02:52,688 [a2593083-2fd9-45f6-bfba-df871aaf4e07@group-19DCF45B0C69-LeaderElection13] INFO  impl.RaftServerImpl (ServerState.java:setLeader(255)) - a2593083-2fd9-45f6-bfba-df871aaf4e07@group-19DCF45B0C69: change Leader from null to a2593083-2fd9-45f6-bfba-df871aaf4e07 at term 1 for becomeLeader, leader elected after 5171ms
2020-04-28 15:02:52,679 [1e0ded64-a5e7-44ce-aceb-2ea5d9a1bcc3@group-59DC44B9702A-LeaderElection11] INFO  grpc.GrpcConfigKeys (ConfUtils.java:logGet(44)) - raft.grpc.server.leader.outstanding.appends.max = 128 (default)
2020-04-28 15:02:52,692 [1e0ded64-a5e7-44ce-aceb-2ea5d9a1bcc3@group-59DC44B9702A-LeaderElection11] INFO  server.RaftServerConfigKeys (ConfUtils.java:logGet(44)) - raft.server.rpc.request.timeout = 60s (custom)
2020-04-28 15:02:52,692 [1e0ded64-a5e7-44ce-aceb-2ea5d9a1bcc3@group-59DC44B9702A-LeaderElection11] INFO  server.RaftServerConfigKeys (ConfUtils.java:logGet(44)) - raft.server.log.appender.install.snapshot.enabled = false (custom)
2020-04-28 15:02:52,693 [1e0ded64-a5e7-44ce-aceb-2ea5d9a1bcc3@group-59DC44B9702A-LeaderElection11] INFO  impl.RoleInfo (RoleInfo.java:updateAndGet(143)) - 1e0ded64-a5e7-44ce-aceb-2ea5d9a1bcc3: start LeaderState
2020-04-28 15:02:52,694 [1e0ded64-a5e7-44ce-aceb-2ea5d9a1bcc3@group-59DC44B9702A-LeaderElection11] INFO  segmented.SegmentedRaftLogWorker (SegmentedRaftLogWorker.java:startLogSegment(391)) - 1e0ded64-a5e7-44ce-aceb-2ea5d9a1bcc3@group-59DC44B9702A-SegmentedRaftLogWorker: Starting segment from index:0
2020-04-28 15:02:52,687 [Thread-300] INFO  impl.FollowerState (FollowerState.java:run(108)) - d26a0638-14c0-4e4b-8ca0-97e128166950@group-B7DE079D217A-FollowerState: change to CANDIDATE, lastRpcTime:5183ms, electionTimeout:5162ms
2020-04-28 15:02:52,694 [Thread-300] INFO  impl.RoleInfo (RoleInfo.java:shutdownFollowerState(121)) - d26a0638-14c0-4e4b-8ca0-97e128166950: shutdown FollowerState
2020-04-28 15:02:52,694 [Thread-300] INFO  impl.RaftServerImpl (RaftServerImpl.java:setRole(172)) - d26a0638-14c0-4e4b-8ca0-97e128166950@group-B7DE079D217A: changes role from  FOLLOWER to CANDIDATE at term 0 for changeToCandidate
2020-04-28 15:02:52,694 [Thread-300] INFO  impl.RoleInfo (RoleInfo.java:updateAndGet(143)) - d26a0638-14c0-4e4b-8ca0-97e128166950: start LeaderElection
2020-04-28 15:02:52,702 [a2593083-2fd9-45f6-bfba-df871aaf4e07@group-19DCF45B0C69-LeaderElection13] INFO  server.RaftServerConfigKeys (ConfUtils.java:logGet(44)) - raft.server.staging.catchup.gap = 1000 (default)
2020-04-28 15:02:52,702 [a2593083-2fd9-45f6-bfba-df871aaf4e07@group-19DCF45B0C69-LeaderElection13] INFO  server.RaftServerConfigKeys (ConfUtils.java:logGet(44)) - raft.server.rpc.sleep.time = 25ms (default)
2020-04-28 15:02:52,703 [1e0ded64-a5e7-44ce-aceb-2ea5d9a1bcc3@group-59DC44B9702A-LeaderElection11] INFO  impl.RaftServerImpl (ServerState.java:setRaftConf(356)) - 1e0ded64-a5e7-44ce-aceb-2ea5d9a1bcc3@group-59DC44B9702A: set configuration 0: [8fd30f8c-8db6-43a6-adbe-e53ad13705f6:172.17.0.2:41513, d26a0638-14c0-4e4b-8ca0-97e128166950:172.17.0.2:33283, 1e0ded64-a5e7-44ce-aceb-2ea5d9a1bcc3:172.17.0.2:34095], old=null at 0
2020-04-28 15:02:52,705 [a2593083-2fd9-45f6-bfba-df871aaf4e07@group-19DCF45B0C69-LeaderElection13] INFO  metrics.RatisMetrics (RatisMetrics.java:lambda$create$0(39)) - Creating Metrics Registry : ratis.log_appender.a2593083-2fd9-45f6-bfba-df871aaf4e07@group-19DCF45B0C69
2020-04-28 15:02:52,705 [a2593083-2fd9-45f6-bfba-df871aaf4e07@group-19DCF45B0C69-LeaderElection13] INFO  server.RaftServerConfigKeys (ConfUtils.java:logGet(44)) - raft.server.write.element-limit = 1024 (custom)
2020-04-28 15:02:52,705 [a2593083-2fd9-45f6-bfba-df871aaf4e07@group-19DCF45B0C69-LeaderElection13] INFO  server.RaftServerConfigKeys (ConfUtils.java:logGet(44)) - raft.server.write.byte-limit = 1073741824 (custom)
2020-04-28 15:02:52,708 [1e0ded64-a5e7-44ce-aceb-2ea5d9a1bcc3@group-59DC44B9702A-SegmentedRaftLogWorker] INFO  segmented.SegmentedRaftLogWorker (SegmentedRaftLogWorker.java:execute(583)) - 1e0ded64-a5e7-44ce-aceb-2ea5d9a1bcc3@group-59DC44B9702A-SegmentedRaftLogWorker: created new log segment /github/workspace/mnt/ozone/hadoop-ozone/integration-test/target/test-dir/MiniOzoneClusterImpl-86f4eb11-29f8-44af-977b-0135f9896c6d/datanode-7/data/ratis/c242f8af-fb8d-4893-b26b-59dc44b9702a/current/log_inprogress_0
2020-04-28 15:02:52,709 [a2593083-2fd9-45f6-bfba-df871aaf4e07@group-19DCF45B0C69-LeaderElection13] INFO  server.RaftServerConfigKeys (ConfUtils.java:logGet(44)) - raft.server.watch.timeout = 180s (custom)
2020-04-28 15:02:52,709 [a2593083-2fd9-45f6-bfba-df871aaf4e07@group-19DCF45B0C69-LeaderElection13] INFO  server.RaftServerConfigKeys (ConfUtils.java:logGet(44)) - raft.server.watch.timeout.denomination = 1s (default)
2020-04-28 15:02:52,709 [a2593083-2fd9-45f6-bfba-df871aaf4e07@group-19DCF45B0C69-LeaderElection13] INFO  server.RaftServerConfigKeys (ConfUtils.java:logGet(44)) - raft.server.watch.element-limit = 65536 (default)
2020-04-28 15:02:52,709 [a2593083-2fd9-45f6-bfba-df871aaf4e07@group-19DCF45B0C69-LeaderElection13] INFO  impl.RoleInfo (RoleInfo.java:updateAndGet(143)) - a2593083-2fd9-45f6-bfba-df871aaf4e07: start LeaderState
2020-04-28 15:02:52,710 [a2593083-2fd9-45f6-bfba-df871aaf4e07@group-19DCF45B0C69-LeaderElection13] INFO  segmented.SegmentedRaftLogWorker (SegmentedRaftLogWorker.java:startLogSegment(391)) - a2593083-2fd9-45f6-bfba-df871aaf4e07@group-19DCF45B0C69-SegmentedRaftLogWorker: Starting segment from index:0
2020-04-28 15:02:52,711 [a2593083-2fd9-45f6-bfba-df871aaf4e07@group-19DCF45B0C69-LeaderElection13] INFO  impl.RaftServerImpl (ServerState.java:setRaftConf(356)) - a2593083-2fd9-45f6-bfba-df871aaf4e07@group-19DCF45B0C69: set configuration 0: [a2593083-2fd9-45f6-bfba-df871aaf4e07:172.17.0.2:35455], old=null at 0
2020-04-28 15:02:52,711 [a2593083-2fd9-45f6-bfba-df871aaf4e07@group-19DCF45B0C69-SegmentedRaftLogWorker] INFO  segmented.SegmentedRaftLogWorker (SegmentedRaftLogWorker.java:execute(583)) - a2593083-2fd9-45f6-bfba-df871aaf4e07@group-19DCF45B0C69-SegmentedRaftLogWorker: created new log segment /github/workspace/mnt/ozone/hadoop-ozone/integration-test/target/test-dir/MiniOzoneClusterImpl-86f4eb11-29f8-44af-977b-0135f9896c6d/datanode-9/data/ratis/c2746698-2017-4774-9e29-19dcf45b0c69/current/log_inprogress_0
2020-04-28 15:02:52,722 [grpc-default-executor-0] INFO  impl.RaftServerImpl (ServerState.java:setLeader(255)) - 1e0ded64-a5e7-44ce-aceb-2ea5d9a1bcc3@group-59DC44B9702A: change Leader from 1e0ded64-a5e7-44ce-aceb-2ea5d9a1bcc3 to null at term 2 for updateCurrentTerm
2020-04-28 15:02:52,722 [grpc-default-executor-0] INFO  impl.RaftServerImpl (RaftServerImpl.java:setRole(172)) - 1e0ded64-a5e7-44ce-aceb-2ea5d9a1bcc3@group-59DC44B9702A: changes role from    LEADER to FOLLOWER at term 2 for recognizeCandidate:8fd30f8c-8db6-43a6-adbe-e53ad13705f6
2020-04-28 15:02:52,722 [grpc-default-executor-0] INFO  impl.RoleInfo (RoleInfo.java:shutdownLeaderState(104)) - 1e0ded64-a5e7-44ce-aceb-2ea5d9a1bcc3: shutdown LeaderState
2020-04-28 15:02:52,733 [d26a0638-14c0-4e4b-8ca0-97e128166950@group-B7DE079D217A-LeaderElection14] INFO  impl.LeaderElection (LeaderElection.java:askForVotes(206)) - d26a0638-14c0-4e4b-8ca0-97e128166950@group-B7DE079D217A-LeaderElection14: begin an election at term 1 for -1: [d26a0638-14c0-4e4b-8ca0-97e128166950:172.17.0.2:33283], old=null
2020-04-28 15:02:52,733 [d26a0638-14c0-4e4b-8ca0-97e128166950@group-B7DE079D217A-LeaderElection14] INFO  impl.RoleInfo (RoleInfo.java:shutdownLeaderElection(134)) - d26a0638-14c0-4e4b-8ca0-97e128166950: shutdown LeaderElection
2020-04-28 15:02:52,734 [d26a0638-14c0-4e4b-8ca0-97e128166950@group-B7DE079D217A-LeaderElection14] INFO  impl.RaftServerImpl (RaftServerImpl.java:setRole(172)) - d26a0638-14c0-4e4b-8ca0-97e128166950@group-B7DE079D217A: changes role from CANDIDATE to LEADER at term 1 for changeToLeader
2020-04-28 15:02:52,734 [d26a0638-14c0-4e4b-8ca0-97e128166950@group-B7DE079D217A-LeaderElection14] INFO  ratis.XceiverServerRatis (XceiverServerRatis.java:handleLeaderChangedNotification(761)) - Leader change notification received for group: group-B7DE079D217A with new leaderId: d26a0638-14c0-4e4b-8ca0-97e128166950
2020-04-28 15:02:52,734 [d26a0638-14c0-4e4b-8ca0-97e128166950@group-B7DE079D217A-LeaderElection14] INFO  impl.RaftServerImpl (ServerState.java:setLeader(255)) - d26a0638-14c0-4e4b-8ca0-97e128166950@group-B7DE079D217A: change Leader from null to d26a0638-14c0-4e4b-8ca0-97e128166950 at term 1 for becomeLeader, leader elected after 5289ms
2020-04-28 15:02:52,735 [d26a0638-14c0-4e4b-8ca0-97e128166950@group-B7DE079D217A-LeaderElection14] INFO  server.RaftServerConfigKeys (ConfUtils.java:logGet(44)) - raft.server.staging.catchup.gap = 1000 (default)
2020-04-28 15:02:52,735 [d26a0638-14c0-4e4b-8ca0-97e128166950@group-B7DE079D217A-LeaderElection14] INFO  server.RaftServerConfigKeys (ConfUtils.java:logGet(44)) - raft.server.rpc.sleep.time = 25ms (default)
2020-04-28 15:02:52,735 [d26a0638-14c0-4e4b-8ca0-97e128166950@group-B7DE079D217A-LeaderElection14] INFO  metrics.RatisMetrics (RatisMetrics.java:lambda$create$0(39)) - Creating Metrics Registry : ratis.log_appender.d26a0638-14c0-4e4b-8ca0-97e128166950@group-B7DE079D217A
2020-04-28 15:02:52,736 [d26a0638-14c0-4e4b-8ca0-97e128166950@group-B7DE079D217A-LeaderElection14] INFO  server.RaftServerConfigKeys (ConfUtils.java:logGet(44)) - raft.server.write.element-limit = 1024 (custom)
2020-04-28 15:02:52,736 [d26a0638-14c0-4e4b-8ca0-97e128166950@group-B7DE079D217A-LeaderElection14] INFO  server.RaftServerConfigKeys (ConfUtils.java:logGet(44)) - raft.server.write.byte-limit = 1073741824 (custom)
2020-04-28 15:02:52,736 [d26a0638-14c0-4e4b-8ca0-97e128166950@group-B7DE079D217A-LeaderElection14] INFO  server.RaftServerConfigKeys (ConfUtils.java:logGet(44)) - raft.server.watch.timeout = 180s (custom)
2020-04-28 15:02:52,736 [d26a0638-14c0-4e4b-8ca0-97e128166950@group-B7DE079D217A-LeaderElection14] INFO  server.RaftServerConfigKeys (ConfUtils.java:logGet(44)) - raft.server.watch.timeout.denomination = 1s (default)
2020-04-28 15:02:52,736 [d26a0638-14c0-4e4b-8ca0-97e128166950@group-B7DE079D217A-LeaderElection14] INFO  server.RaftServerConfigKeys (ConfUtils.java:logGet(44)) - raft.server.watch.element-limit = 65536 (default)
2020-04-28 15:02:52,737 [d26a0638-14c0-4e4b-8ca0-97e128166950@group-B7DE079D217A-LeaderElection14] INFO  impl.RoleInfo (RoleInfo.java:updateAndGet(143)) - d26a0638-14c0-4e4b-8ca0-97e128166950: start LeaderState
2020-04-28 15:02:52,737 [d26a0638-14c0-4e4b-8ca0-97e128166950@group-B7DE079D217A-LeaderElection14] INFO  segmented.SegmentedRaftLogWorker (SegmentedRaftLogWorker.java:startLogSegment(391)) - d26a0638-14c0-4e4b-8ca0-97e128166950@group-B7DE079D217A-SegmentedRaftLogWorker: Starting segment from index:0
2020-04-28 15:02:52,737 [d26a0638-14c0-4e4b-8ca0-97e128166950@group-B7DE079D217A-LeaderElection14] INFO  impl.RaftServerImpl (ServerState.java:setRaftConf(356)) - d26a0638-14c0-4e4b-8ca0-97e128166950@group-B7DE079D217A: set configuration 0: [d26a0638-14c0-4e4b-8ca0-97e128166950:172.17.0.2:33283], old=null at 0
2020-04-28 15:02:52,741 [grpc-default-executor-0] INFO  impl.PendingRequests (PendingRequests.java:sendNotLeaderResponses(240)) - 1e0ded64-a5e7-44ce-aceb-2ea5d9a1bcc3@group-59DC44B9702A-PendingRequests: sendNotLeaderResponses
2020-04-28 15:02:52,743 [grpc-default-executor-0] INFO  metrics.RatisMetrics (RatisMetrics.java:unregister(46)) - Unregistering Metrics Registry : ratis.log_appender.1e0ded64-a5e7-44ce-aceb-2ea5d9a1bcc3@group-59DC44B9702A
2020-04-28 15:02:52,743 [grpc-default-executor-0] INFO  impl.RoleInfo (RoleInfo.java:updateAndGet(143)) - 1e0ded64-a5e7-44ce-aceb-2ea5d9a1bcc3: start FollowerState
2020-04-28 15:02:52,745 [d26a0638-14c0-4e4b-8ca0-97e128166950@group-B7DE079D217A-SegmentedRaftLogWorker] INFO  segmented.SegmentedRaftLogWorker (SegmentedRaftLogWorker.java:execute(583)) - d26a0638-14c0-4e4b-8ca0-97e128166950@group-B7DE079D217A-SegmentedRaftLogWorker: created new log segment /github/workspace/mnt/ozone/hadoop-ozone/integration-test/target/test-dir/MiniOzoneClusterImpl-86f4eb11-29f8-44af-977b-0135f9896c6d/datanode-8/data/ratis/bdcfc262-63cf-462a-a589-b7de079d217a/current/log_inprogress_0
2020-04-28 15:02:52,739 [org.apache.ratis.server.impl.LogAppender$AppenderDaemon$$Lambda$445/1041990089@2313a52c] WARN  server.GrpcLogAppender (GrpcLogAppender.java:mayWait(153)) - 1e0ded64-a5e7-44ce-aceb-2ea5d9a1bcc3@group-59DC44B9702A->d26a0638-14c0-4e4b-8ca0-97e128166950-GrpcLogAppender: Wait interrupted by java.lang.InterruptedException
2020-04-28 15:02:52,755 [grpc-default-executor-2] INFO  server.GrpcServerProtocolService (GrpcServerProtocolService.java:onCompleted(137)) - d26a0638-14c0-4e4b-8ca0-97e128166950: Completed APPEND_ENTRIES, lastRequest: 1e0ded64-a5e7-44ce-aceb-2ea5d9a1bcc3->d26a0638-14c0-4e4b-8ca0-97e128166950#1-t1, previous=(t:0, i:0), leaderCommit=-1, initializing? false, entries: size=1, first=(t:1, i:0), CONFIGURATIONENTRY
2020-04-28 15:02:52,749 [grpc-default-executor-4] INFO  server.GrpcServerProtocolService (GrpcServerProtocolService.java:onCompleted(137)) - 8fd30f8c-8db6-43a6-adbe-e53ad13705f6: Completed APPEND_ENTRIES, lastRequest: null
2020-04-28 15:02:52,756 [grpc-default-executor-4] INFO  server.GrpcLogAppender (GrpcLogAppender.java:onCompleted(309)) - 1e0ded64-a5e7-44ce-aceb-2ea5d9a1bcc3@group-59DC44B9702A->8fd30f8c-8db6-43a6-adbe-e53ad13705f6-AppendLogResponseHandler: follower responses appendEntries COMPLETED
2020-04-28 15:02:52,761 [grpc-default-executor-4] INFO  impl.FollowerInfo (FollowerInfo.java:lambda$new$0(50)) - 1e0ded64-a5e7-44ce-aceb-2ea5d9a1bcc3@group-59DC44B9702A->8fd30f8c-8db6-43a6-adbe-e53ad13705f6: nextIndex: updateUnconditionally 0 -> 0
2020-04-28 15:02:52,761 [grpc-default-executor-2] INFO  server.GrpcLogAppender (GrpcLogAppender.java:onCompleted(309)) - 1e0ded64-a5e7-44ce-aceb-2ea5d9a1bcc3@group-59DC44B9702A->d26a0638-14c0-4e4b-8ca0-97e128166950-AppendLogResponseHandler: follower responses appendEntries COMPLETED
2020-04-28 15:02:52,762 [grpc-default-executor-2] INFO  impl.FollowerInfo (FollowerInfo.java:lambda$new$0(50)) - 1e0ded64-a5e7-44ce-aceb-2ea5d9a1bcc3@group-59DC44B9702A->d26a0638-14c0-4e4b-8ca0-97e128166950: nextIndex: updateUnconditionally 1 -> 0
2020-04-28 15:02:53,371 [main] INFO  ozone.MiniOzoneClusterImpl (MiniOzoneClusterImpl.java:getStorageContainerLocationClient(289)) - Creating StorageContainerLocationProtocol RPC client with address /0.0.0.0:40521
2020-04-28 15:02:53,401 [main] INFO  rpc.RpcClient (RpcClient.java:createVolume(308)) - Creating Volume: 2b819f33-07ac-4862-b88d-1849278ad6c6, with jenkins1001 as owner.
2020-04-28 15:02:53,492 [IPC Server handler 1 on 35073] INFO  volume.OMVolumeCreateRequest (OMVolumeCreateRequest.java:validateAndUpdateCache(209)) - created volume:2b819f33-07ac-4862-b88d-1849278ad6c6 for user:jenkins1001
2020-04-28 15:02:53,543 [main] INFO  rpc.RpcClient (RpcClient.java:createBucket(447)) - Creating Bucket: 2b819f33-07ac-4862-b88d-1849278ad6c6/70b5915e-c14f-4cb4-89c1-06609cb022cf, with Versioning false and Storage Type set to DISK and Encryption set to false 
2020-04-28 15:02:53,767 [main] INFO  impl.MetricsSystemImpl (MetricsSystemImpl.java:init(158)) - XceiverClientMetrics metrics system started (again)
2020-04-28 15:02:54,671 [grpc-default-executor-4] INFO  impl.RaftServerImpl (ServerState.java:setRaftConf(356)) - 5e3ccaa4-afb5-4d31-b7ad-1487e29be196@group-6A808ADAF50F: set configuration 0: [5b5a3a79-dd88-4ffc-b00f-5fb4dfac4a04:172.17.0.2:46387, 5e3ccaa4-afb5-4d31-b7ad-1487e29be196:172.17.0.2:39853, fe566f1b-c7f2-4e01-8c59-fb4573cfb5f5:172.17.0.2:34109], old=null at 0
2020-04-28 15:02:54,907 [EventQueue-Delayed safe mode statusForReplicationManager] INFO  container.ReplicationManager (ReplicationManager.java:start(165)) - Starting Replication Monitor Thread.
2020-04-28 15:02:54,911 [ReplicationMonitor] INFO  container.ReplicationManager (ReplicationManager.java:run(228)) - Replication Monitor Thread took 3 milliseconds for processing 1 containers.
2020-04-28 15:02:54,911 [EventQueue-CloseContainerForCloseContainerEventHandler] INFO  container.CloseContainerEventHandler (CloseContainerEventHandler.java:onMessage(61)) - Close container Event triggered for container : #1
2020-04-28 15:02:56,665 [Command processor thread] ERROR commandhandler.CloseContainerCommandHandler (CloseContainerCommandHandler.java:handle(85)) - Container #1 does not exist in datanode. Container close failed.
2020-04-28 15:02:56,740 [Command processor thread] ERROR commandhandler.CloseContainerCommandHandler (CloseContainerCommandHandler.java:handle(85)) - Container #1 does not exist in datanode. Container close failed.
2020-04-28 15:02:57,520 [Command processor thread] ERROR commandhandler.CloseContainerCommandHandler (CloseContainerCommandHandler.java:handle(85)) - Container #1 does not exist in datanode. Container close failed.
2020-04-28 15:02:57,700 [Thread-380] INFO  impl.FollowerState (FollowerState.java:run(108)) - d26a0638-14c0-4e4b-8ca0-97e128166950@group-59DC44B9702A-FollowerState: change to CANDIDATE, lastRpcTime:5015ms, electionTimeout:5012ms
2020-04-28 15:02:57,700 [Thread-380] INFO  impl.RoleInfo (RoleInfo.java:shutdownFollowerState(121)) - d26a0638-14c0-4e4b-8ca0-97e128166950: shutdown FollowerState
2020-04-28 15:02:57,700 [Thread-380] INFO  impl.RaftServerImpl (RaftServerImpl.java:setRole(172)) - d26a0638-14c0-4e4b-8ca0-97e128166950@group-59DC44B9702A: changes role from  FOLLOWER to CANDIDATE at term 2 for changeToCandidate
2020-04-28 15:02:57,700 [Thread-380] INFO  impl.RoleInfo (RoleInfo.java:updateAndGet(143)) - d26a0638-14c0-4e4b-8ca0-97e128166950: start LeaderElection
2020-04-28 15:02:57,703 [d26a0638-14c0-4e4b-8ca0-97e128166950@group-59DC44B9702A-LeaderElection15] INFO  impl.LeaderElection (LeaderElection.java:askForVotes(206)) - d26a0638-14c0-4e4b-8ca0-97e128166950@group-59DC44B9702A-LeaderElection15: begin an election at term 3 for -1: [8fd30f8c-8db6-43a6-adbe-e53ad13705f6:172.17.0.2:41513, d26a0638-14c0-4e4b-8ca0-97e128166950:172.17.0.2:33283, 1e0ded64-a5e7-44ce-aceb-2ea5d9a1bcc3:172.17.0.2:34095], old=null
2020-04-28 15:02:57,721 [grpc-default-executor-2] INFO  impl.RaftServerImpl (RaftServerImpl.java:setRole(172)) - 8fd30f8c-8db6-43a6-adbe-e53ad13705f6@group-59DC44B9702A: changes role from  FOLLOWER to FOLLOWER at term 3 for recognizeCandidate:d26a0638-14c0-4e4b-8ca0-97e128166950
2020-04-28 15:02:57,721 [grpc-default-executor-2] INFO  impl.RoleInfo (RoleInfo.java:shutdownFollowerState(121)) - 8fd30f8c-8db6-43a6-adbe-e53ad13705f6: shutdown FollowerState
2020-04-28 15:02:57,721 [grpc-default-executor-2] INFO  impl.RoleInfo (RoleInfo.java:updateAndGet(143)) - 8fd30f8c-8db6-43a6-adbe-e53ad13705f6: start FollowerState
2020-04-28 15:02:57,721 [Thread-372] INFO  impl.FollowerState (FollowerState.java:run(117)) - 8fd30f8c-8db6-43a6-adbe-e53ad13705f6@group-59DC44B9702A-FollowerState was interrupted: java.lang.InterruptedException: sleep interrupted
2020-04-28 15:02:57,723 [grpc-default-executor-4] INFO  impl.RaftServerImpl (RaftServerImpl.java:setRole(172)) - 1e0ded64-a5e7-44ce-aceb-2ea5d9a1bcc3@group-59DC44B9702A: changes role from  FOLLOWER to FOLLOWER at term 3 for recognizeCandidate:d26a0638-14c0-4e4b-8ca0-97e128166950
2020-04-28 15:02:57,723 [grpc-default-executor-4] INFO  impl.RoleInfo (RoleInfo.java:shutdownFollowerState(121)) - 1e0ded64-a5e7-44ce-aceb-2ea5d9a1bcc3: shutdown FollowerState
2020-04-28 15:02:57,723 [grpc-default-executor-4] INFO  impl.RoleInfo (RoleInfo.java:updateAndGet(143)) - 1e0ded64-a5e7-44ce-aceb-2ea5d9a1bcc3: start FollowerState
2020-04-28 15:02:57,723 [Thread-384] INFO  impl.FollowerState (FollowerState.java:run(117)) - 1e0ded64-a5e7-44ce-aceb-2ea5d9a1bcc3@group-59DC44B9702A-FollowerState was interrupted: java.lang.InterruptedException: sleep interrupted
2020-04-28 15:02:57,731 [d26a0638-14c0-4e4b-8ca0-97e128166950@group-59DC44B9702A-LeaderElection15] INFO  impl.LeaderElection (LeaderElection.java:logAndReturn(61)) - d26a0638-14c0-4e4b-8ca0-97e128166950@group-59DC44B9702A-LeaderElection15: Election PASSED; received 1 response(s) [d26a0638-14c0-4e4b-8ca0-97e128166950<-8fd30f8c-8db6-43a6-adbe-e53ad13705f6#0:OK-t3] and 0 exception(s); d26a0638-14c0-4e4b-8ca0-97e128166950@group-59DC44B9702A:t3, leader=null, voted=d26a0638-14c0-4e4b-8ca0-97e128166950, raftlog=d26a0638-14c0-4e4b-8ca0-97e128166950@group-59DC44B9702A-SegmentedRaftLog:OPENED:c-1,f-1,i0, conf=-1: [8fd30f8c-8db6-43a6-adbe-e53ad13705f6:172.17.0.2:41513, d26a0638-14c0-4e4b-8ca0-97e128166950:172.17.0.2:33283, 1e0ded64-a5e7-44ce-aceb-2ea5d9a1bcc3:172.17.0.2:34095], old=null
2020-04-28 15:02:57,731 [d26a0638-14c0-4e4b-8ca0-97e128166950@group-59DC44B9702A-LeaderElection15] INFO  impl.RoleInfo (RoleInfo.java:shutdownLeaderElection(134)) - d26a0638-14c0-4e4b-8ca0-97e128166950: shutdown LeaderElection
2020-04-28 15:02:57,731 [d26a0638-14c0-4e4b-8ca0-97e128166950@group-59DC44B9702A-LeaderElection15] INFO  impl.RaftServerImpl (RaftServerImpl.java:setRole(172)) - d26a0638-14c0-4e4b-8ca0-97e128166950@group-59DC44B9702A: changes role from CANDIDATE to LEADER at term 3 for changeToLeader
2020-04-28 15:02:57,731 [d26a0638-14c0-4e4b-8ca0-97e128166950@group-59DC44B9702A-LeaderElection15] INFO  ratis.XceiverServerRatis (XceiverServerRatis.java:handleLeaderChangedNotification(761)) - Leader change notification received for group: group-59DC44B9702A with new leaderId: d26a0638-14c0-4e4b-8ca0-97e128166950
2020-04-28 15:02:57,732 [d26a0638-14c0-4e4b-8ca0-97e128166950@group-59DC44B9702A-LeaderElection15] INFO  impl.RaftServerImpl (ServerState.java:setLeader(255)) - d26a0638-14c0-4e4b-8ca0-97e128166950@group-59DC44B9702A: change Leader from null to d26a0638-14c0-4e4b-8ca0-97e128166950 at term 3 for becomeLeader, leader elected after 10191ms
2020-04-28 15:02:57,732 [d26a0638-14c0-4e4b-8ca0-97e128166950@group-59DC44B9702A-LeaderElection15] INFO  server.RaftServerConfigKeys (ConfUtils.java:logGet(44)) - raft.server.staging.catchup.gap = 1000 (default)
2020-04-28 15:02:57,732 [d26a0638-14c0-4e4b-8ca0-97e128166950@group-59DC44B9702A-LeaderElection15] INFO  server.RaftServerConfigKeys (ConfUtils.java:logGet(44)) - raft.server.rpc.sleep.time = 25ms (default)
2020-04-28 15:02:57,732 [d26a0638-14c0-4e4b-8ca0-97e128166950@group-59DC44B9702A-LeaderElection15] INFO  metrics.RatisMetrics (RatisMetrics.java:lambda$create$0(39)) - Creating Metrics Registry : ratis.log_appender.d26a0638-14c0-4e4b-8ca0-97e128166950@group-59DC44B9702A
2020-04-28 15:02:57,732 [d26a0638-14c0-4e4b-8ca0-97e128166950@group-59DC44B9702A-LeaderElection15] INFO  server.RaftServerConfigKeys (ConfUtils.java:logGet(44)) - raft.server.write.element-limit = 1024 (custom)
2020-04-28 15:02:57,732 [d26a0638-14c0-4e4b-8ca0-97e128166950@group-59DC44B9702A-LeaderElection15] INFO  server.RaftServerConfigKeys (ConfUtils.java:logGet(44)) - raft.server.write.byte-limit = 1073741824 (custom)
2020-04-28 15:02:57,733 [d26a0638-14c0-4e4b-8ca0-97e128166950@group-59DC44B9702A-LeaderElection15] INFO  server.RaftServerConfigKeys (ConfUtils.java:logGet(44)) - raft.server.watch.timeout = 180s (custom)
2020-04-28 15:02:57,733 [d26a0638-14c0-4e4b-8ca0-97e128166950@group-59DC44B9702A-LeaderElection15] INFO  server.RaftServerConfigKeys (ConfUtils.java:logGet(44)) - raft.server.watch.timeout.denomination = 1s (default)
2020-04-28 15:02:57,733 [d26a0638-14c0-4e4b-8ca0-97e128166950@group-59DC44B9702A-LeaderElection15] INFO  server.RaftServerConfigKeys (ConfUtils.java:logGet(44)) - raft.server.watch.element-limit = 65536 (default)
2020-04-28 15:02:57,733 [d26a0638-14c0-4e4b-8ca0-97e128166950@group-59DC44B9702A-LeaderElection15] INFO  server.RaftServerConfigKeys (ConfUtils.java:logGet(44)) - raft.server.log.appender.snapshot.chunk.size.max = 16MB (=16777216) (default)
2020-04-28 15:02:57,733 [d26a0638-14c0-4e4b-8ca0-97e128166950@group-59DC44B9702A-LeaderElection15] INFO  server.RaftServerConfigKeys (ConfUtils.java:logGet(44)) - raft.server.log.appender.buffer.byte-limit = 33554432 (custom)
2020-04-28 15:02:57,733 [d26a0638-14c0-4e4b-8ca0-97e128166950@group-59DC44B9702A-LeaderElection15] INFO  server.RaftServerConfigKeys (ConfUtils.java:logGet(44)) - raft.server.log.appender.buffer.element-limit = 1 (custom)
2020-04-28 15:02:57,734 [d26a0638-14c0-4e4b-8ca0-97e128166950@group-59DC44B9702A-LeaderElection15] INFO  grpc.GrpcConfigKeys (ConfUtils.java:logGet(44)) - raft.grpc.server.leader.outstanding.appends.max = 128 (default)
2020-04-28 15:02:57,734 [d26a0638-14c0-4e4b-8ca0-97e128166950@group-59DC44B9702A-LeaderElection15] INFO  server.RaftServerConfigKeys (ConfUtils.java:logGet(44)) - raft.server.rpc.request.timeout = 60s (custom)
2020-04-28 15:02:57,734 [d26a0638-14c0-4e4b-8ca0-97e128166950@group-59DC44B9702A-LeaderElection15] INFO  server.RaftServerConfigKeys (ConfUtils.java:logGet(44)) - raft.server.log.appender.install.snapshot.enabled = false (custom)
2020-04-28 15:02:57,744 [d26a0638-14c0-4e4b-8ca0-97e128166950@group-59DC44B9702A-LeaderElection15] INFO  server.RaftServerConfigKeys (ConfUtils.java:logGet(44)) - raft.server.log.appender.snapshot.chunk.size.max = 16MB (=16777216) (default)
2020-04-28 15:02:57,744 [d26a0638-14c0-4e4b-8ca0-97e128166950@group-59DC44B9702A-LeaderElection15] INFO  server.RaftServerConfigKeys (ConfUtils.java:logGet(44)) - raft.server.log.appender.buffer.byte-limit = 33554432 (custom)
2020-04-28 15:02:57,744 [d26a0638-14c0-4e4b-8ca0-97e128166950@group-59DC44B9702A-LeaderElection15] INFO  server.RaftServerConfigKeys (ConfUtils.java:logGet(44)) - raft.server.log.appender.buffer.element-limit = 1 (custom)
2020-04-28 15:02:57,745 [d26a0638-14c0-4e4b-8ca0-97e128166950@group-59DC44B9702A-LeaderElection15] INFO  grpc.GrpcConfigKeys (ConfUtils.java:logGet(44)) - raft.grpc.server.leader.outstanding.appends.max = 128 (default)
2020-04-28 15:02:57,745 [d26a0638-14c0-4e4b-8ca0-97e128166950@group-59DC44B9702A-LeaderElection15] INFO  server.RaftServerConfigKeys (ConfUtils.java:logGet(44)) - raft.server.rpc.request.timeout = 60s (custom)
2020-04-28 15:02:57,745 [d26a0638-14c0-4e4b-8ca0-97e128166950@group-59DC44B9702A-LeaderElection15] INFO  server.RaftServerConfigKeys (ConfUtils.java:logGet(44)) - raft.server.log.appender.install.snapshot.enabled = false (custom)
2020-04-28 15:02:57,747 [d26a0638-14c0-4e4b-8ca0-97e128166950@group-59DC44B9702A-LeaderElection15] INFO  impl.RoleInfo (RoleInfo.java:updateAndGet(143)) - d26a0638-14c0-4e4b-8ca0-97e128166950: start LeaderState
2020-04-28 15:02:57,747 [d26a0638-14c0-4e4b-8ca0-97e128166950@group-59DC44B9702A-LeaderElection15] INFO  segmented.SegmentedRaftLogWorker (SegmentedRaftLogWorker.java:startLogSegment(391)) - d26a0638-14c0-4e4b-8ca0-97e128166950@group-59DC44B9702A-SegmentedRaftLogWorker: Starting segment from index:0
2020-04-28 15:02:57,749 [d26a0638-14c0-4e4b-8ca0-97e128166950@group-59DC44B9702A-SegmentedRaftLogWorker] INFO  segmented.SegmentedRaftLogWorker (SegmentedRaftLogWorker.java:execute(583)) - d26a0638-14c0-4e4b-8ca0-97e128166950@group-59DC44B9702A-SegmentedRaftLogWorker: created new log segment /github/workspace/mnt/ozone/hadoop-ozone/integration-test/target/test-dir/MiniOzoneClusterImpl-86f4eb11-29f8-44af-977b-0135f9896c6d/datanode-8/data/ratis/c242f8af-fb8d-4893-b26b-59dc44b9702a/current/log_inprogress_0
2020-04-28 15:02:57,756 [d26a0638-14c0-4e4b-8ca0-97e128166950@group-59DC44B9702A-LeaderElection15] INFO  impl.RaftServerImpl (ServerState.java:setRaftConf(356)) - d26a0638-14c0-4e4b-8ca0-97e128166950@group-59DC44B9702A: set configuration 0: [8fd30f8c-8db6-43a6-adbe-e53ad13705f6:172.17.0.2:41513, d26a0638-14c0-4e4b-8ca0-97e128166950:172.17.0.2:33283, 1e0ded64-a5e7-44ce-aceb-2ea5d9a1bcc3:172.17.0.2:34095], old=null at 0
2020-04-28 15:02:57,754 [grpc-default-executor-4] INFO  ratis.XceiverServerRatis (XceiverServerRatis.java:handleLeaderChangedNotification(761)) - Leader change notification received for group: group-59DC44B9702A with new leaderId: d26a0638-14c0-4e4b-8ca0-97e128166950
2020-04-28 15:02:57,763 [grpc-default-executor-4] INFO  impl.RaftServerImpl (ServerState.java:setLeader(255)) - 8fd30f8c-8db6-43a6-adbe-e53ad13705f6@group-59DC44B9702A: change Leader from null to d26a0638-14c0-4e4b-8ca0-97e128166950 at term 3 for appendEntries, leader elected after 10229ms
2020-04-28 15:02:57,767 [grpc-default-executor-0] INFO  ratis.XceiverServerRatis (XceiverServerRatis.java:handleLeaderChangedNotification(761)) - Leader change notification received for group: group-59DC44B9702A with new leaderId: d26a0638-14c0-4e4b-8ca0-97e128166950
2020-04-28 15:02:57,767 [grpc-default-executor-0] INFO  impl.RaftServerImpl (ServerState.java:setLeader(255)) - 1e0ded64-a5e7-44ce-aceb-2ea5d9a1bcc3@group-59DC44B9702A: change Leader from null to d26a0638-14c0-4e4b-8ca0-97e128166950 at term 3 for appendEntries, leader elected after 5063ms
2020-04-28 15:02:57,769 [grpc-default-executor-4] INFO  impl.RaftServerImpl (ServerState.java:setRaftConf(356)) - 8fd30f8c-8db6-43a6-adbe-e53ad13705f6@group-59DC44B9702A: set configuration 0: [8fd30f8c-8db6-43a6-adbe-e53ad13705f6:172.17.0.2:41513, d26a0638-14c0-4e4b-8ca0-97e128166950:172.17.0.2:33283, 1e0ded64-a5e7-44ce-aceb-2ea5d9a1bcc3:172.17.0.2:34095], old=null at 0
2020-04-28 15:02:57,769 [grpc-default-executor-4] INFO  segmented.SegmentedRaftLogWorker (SegmentedRaftLogWorker.java:startLogSegment(391)) - 8fd30f8c-8db6-43a6-adbe-e53ad13705f6@group-59DC44B9702A-SegmentedRaftLogWorker: Starting segment from index:0
2020-04-28 15:02:57,771 [grpc-default-executor-0] INFO  impl.RaftServerImpl (ServerState.java:setRaftConf(356)) - 1e0ded64-a5e7-44ce-aceb-2ea5d9a1bcc3@group-59DC44B9702A: set configuration 0: [8fd30f8c-8db6-43a6-adbe-e53ad13705f6:172.17.0.2:41513, d26a0638-14c0-4e4b-8ca0-97e128166950:172.17.0.2:33283, 1e0ded64-a5e7-44ce-aceb-2ea5d9a1bcc3:172.17.0.2:34095], old=null at 0
2020-04-28 15:02:57,772 [8fd30f8c-8db6-43a6-adbe-e53ad13705f6@group-59DC44B9702A-SegmentedRaftLogWorker] INFO  segmented.SegmentedRaftLogWorker (SegmentedRaftLogWorker.java:execute(583)) - 8fd30f8c-8db6-43a6-adbe-e53ad13705f6@group-59DC44B9702A-SegmentedRaftLogWorker: created new log segment /github/workspace/mnt/ozone/hadoop-ozone/integration-test/target/test-dir/MiniOzoneClusterImpl-86f4eb11-29f8-44af-977b-0135f9896c6d/datanode-6/data/ratis/c242f8af-fb8d-4893-b26b-59dc44b9702a/current/log_inprogress_0
2020-04-28 15:02:57,774 [grpc-default-executor-0] INFO  segmented.SegmentedRaftLogWorker (SegmentedRaftLogWorker.java:truncate(407)) - 1e0ded64-a5e7-44ce-aceb-2ea5d9a1bcc3@group-59DC44B9702A-SegmentedRaftLogWorker: Truncating segments toTruncate: null
  toDelete: [(0, 0) isOpen? true, length=0, newEndIndex=-1], start index 0
2020-04-28 15:02:57,775 [grpc-default-executor-0] INFO  segmented.SegmentedRaftLogWorker (SegmentedRaftLogWorker.java:startLogSegment(391)) - 1e0ded64-a5e7-44ce-aceb-2ea5d9a1bcc3@group-59DC44B9702A-SegmentedRaftLogWorker: Starting segment from index:0
2020-04-28 15:02:57,777 [1e0ded64-a5e7-44ce-aceb-2ea5d9a1bcc3@group-59DC44B9702A-SegmentedRaftLogWorker] INFO  segmented.SegmentedRaftLogWorker (SegmentedRaftLogWorker.java:execute(650)) - 1e0ded64-a5e7-44ce-aceb-2ea5d9a1bcc3@group-59DC44B9702A-SegmentedRaftLogWorker: Deleted log file /github/workspace/mnt/ozone/hadoop-ozone/integration-test/target/test-dir/MiniOzoneClusterImpl-86f4eb11-29f8-44af-977b-0135f9896c6d/datanode-7/data/ratis/c242f8af-fb8d-4893-b26b-59dc44b9702a/current/log_inprogress_0
2020-04-28 15:02:57,777 [1e0ded64-a5e7-44ce-aceb-2ea5d9a1bcc3@group-59DC44B9702A-SegmentedRaftLogWorker] INFO  segmented.SegmentedRaftLogWorker (SegmentedRaftLogWorker.java:lambda$new$0(129)) - 1e0ded64-a5e7-44ce-aceb-2ea5d9a1bcc3@group-59DC44B9702A-SegmentedRaftLogWorker: flushIndex: setUnconditionally 0 -> -1
2020-04-28 15:02:57,779 [1e0ded64-a5e7-44ce-aceb-2ea5d9a1bcc3@group-59DC44B9702A-SegmentedRaftLogWorker] INFO  segmented.SegmentedRaftLogWorker (SegmentedRaftLogWorker.java:execute(583)) - 1e0ded64-a5e7-44ce-aceb-2ea5d9a1bcc3@group-59DC44B9702A-SegmentedRaftLogWorker: created new log segment /github/workspace/mnt/ozone/hadoop-ozone/integration-test/target/test-dir/MiniOzoneClusterImpl-86f4eb11-29f8-44af-977b-0135f9896c6d/datanode-7/data/ratis/c242f8af-fb8d-4893-b26b-59dc44b9702a/current/log_inprogress_0
2020-04-28 15:02:59,370 [Datanode State Machine Thread - 0] INFO  statemachine.DatanodeStateMachine (DatanodeStateMachine.java:lambda$startDaemon$0(376)) - Ozone container server started.
2020-04-28 15:03:03,539 [main] INFO  ozoneimpl.OzoneContainer (OzoneContainer.java:stop(246)) - Attempting to stop container services.
2020-04-28 15:03:03,540 [main] INFO  impl.RaftServerProxy (RaftServerProxy.java:lambda$close$4(314)) - 8fd30f8c-8db6-43a6-adbe-e53ad13705f6: close
2020-04-28 15:03:03,542 [main] INFO  impl.RaftServerImpl (RaftServerImpl.java:lambda$shutdown$3(249)) - 8fd30f8c-8db6-43a6-adbe-e53ad13705f6@group-3383C24F2AEB: shutdown
2020-04-28 15:03:03,542 [main] INFO  util.JmxRegister (JmxRegister.java:unregister(73)) - Successfully un-registered JMX Bean with object name Ratis:service=RaftServer,group=group-3383C24F2AEB,id=8fd30f8c-8db6-43a6-adbe-e53ad13705f6
2020-04-28 15:03:03,543 [main] INFO  impl.RoleInfo (RoleInfo.java:shutdownLeaderState(104)) - 8fd30f8c-8db6-43a6-adbe-e53ad13705f6: shutdown LeaderState
2020-04-28 15:03:03,543 [main] INFO  impl.PendingRequests (PendingRequests.java:sendNotLeaderResponses(240)) - 8fd30f8c-8db6-43a6-adbe-e53ad13705f6@group-3383C24F2AEB-PendingRequests: sendNotLeaderResponses
2020-04-28 15:03:03,544 [main] INFO  metrics.RatisMetrics (RatisMetrics.java:unregister(46)) - Unregistering Metrics Registry : ratis.log_appender.8fd30f8c-8db6-43a6-adbe-e53ad13705f6@group-3383C24F2AEB
2020-04-28 15:03:03,544 [main] INFO  impl.StateMachineUpdater (StateMachineUpdater.java:stopAndJoin(139)) - 8fd30f8c-8db6-43a6-adbe-e53ad13705f6@group-3383C24F2AEB-StateMachineUpdater: set stopIndex = 0
2020-04-28 15:03:03,545 [8fd30f8c-8db6-43a6-adbe-e53ad13705f6@group-3383C24F2AEB-StateMachineUpdater] INFO  ratis.ContainerStateMachine (ContainerStateMachine.java:takeSnapshot(288)) - group-3383C24F2AEB: Taking a snapshot at:(t:1, i:0) file /github/workspace/mnt/ozone/hadoop-ozone/integration-test/target/test-dir/MiniOzoneClusterImpl-86f4eb11-29f8-44af-977b-0135f9896c6d/datanode-6/data/ratis/dde18981-6048-428c-9257-3383c24f2aeb/sm/snapshot.1_0
2020-04-28 15:03:03,558 [8fd30f8c-8db6-43a6-adbe-e53ad13705f6@group-3383C24F2AEB-StateMachineUpdater] INFO  ratis.ContainerStateMachine (ContainerStateMachine.java:takeSnapshot(299)) - group-3383C24F2AEB: Finished taking a snapshot at:(t:1, i:0) file:/github/workspace/mnt/ozone/hadoop-ozone/integration-test/target/test-dir/MiniOzoneClusterImpl-86f4eb11-29f8-44af-977b-0135f9896c6d/datanode-6/data/ratis/dde18981-6048-428c-9257-3383c24f2aeb/sm/snapshot.1_0 time:13
2020-04-28 15:03:03,559 [8fd30f8c-8db6-43a6-adbe-e53ad13705f6@group-3383C24F2AEB-StateMachineUpdater] INFO  impl.StateMachineUpdater (StateMachineUpdater.java:takeSnapshot(274)) - 8fd30f8c-8db6-43a6-adbe-e53ad13705f6@group-3383C24F2AEB-StateMachineUpdater: Took a snapshot at index 0
2020-04-28 15:03:03,561 [8fd30f8c-8db6-43a6-adbe-e53ad13705f6@group-3383C24F2AEB-StateMachineUpdater] INFO  impl.StateMachineUpdater (StateMachineUpdater.java:lambda$new$0(86)) - 8fd30f8c-8db6-43a6-adbe-e53ad13705f6@group-3383C24F2AEB-StateMachineUpdater: snapshotIndex: updateIncreasingly -1 -> 0
2020-04-28 15:03:03,564 [8fd30f8c-8db6-43a6-adbe-e53ad13705f6@group-3383C24F2AEB-StateMachineUpdater] INFO  metrics.RatisMetrics (RatisMetrics.java:unregister(46)) - Unregistering Metrics Registry : ratis.state_machine.8fd30f8c-8db6-43a6-adbe-e53ad13705f6@group-3383C24F2AEB
2020-04-28 15:03:03,565 [main] INFO  impl.RaftServerImpl (ServerState.java:close(387)) - 8fd30f8c-8db6-43a6-adbe-e53ad13705f6@group-3383C24F2AEB: closes. applyIndex: 0
2020-04-28 15:03:03,566 [8fd30f8c-8db6-43a6-adbe-e53ad13705f6@group-3383C24F2AEB-SegmentedRaftLogWorker] INFO  segmented.SegmentedRaftLogWorker (SegmentedRaftLogWorker.java:run(321)) - 8fd30f8c-8db6-43a6-adbe-e53ad13705f6@group-3383C24F2AEB-SegmentedRaftLogWorker was interrupted, exiting. There are 0 tasks remaining in the queue.
2020-04-28 15:03:03,567 [main] INFO  segmented.SegmentedRaftLogWorker (SegmentedRaftLogWorker.java:close(229)) - 8fd30f8c-8db6-43a6-adbe-e53ad13705f6@group-3383C24F2AEB-SegmentedRaftLogWorker close()
2020-04-28 15:03:03,568 [main] INFO  metrics.RatisMetrics (RatisMetrics.java:unregister(46)) - Unregistering Metrics Registry : ratis.log_worker.8fd30f8c-8db6-43a6-adbe-e53ad13705f6
2020-04-28 15:03:03,568 [main] INFO  metrics.RatisMetrics (RatisMetrics.java:unregister(46)) - Unregistering Metrics Registry : ratis.leader_election.8fd30f8c-8db6-43a6-adbe-e53ad13705f6@group-3383C24F2AEB
2020-04-28 15:03:03,568 [main] INFO  metrics.RatisMetrics (RatisMetrics.java:unregister(46)) - Unregistering Metrics Registry : ratis.server.8fd30f8c-8db6-43a6-adbe-e53ad13705f6@group-3383C24F2AEB
2020-04-28 15:03:03,569 [main] INFO  impl.RaftServerImpl (RaftServerImpl.java:lambda$shutdown$3(249)) - 8fd30f8c-8db6-43a6-adbe-e53ad13705f6@group-59DC44B9702A: shutdown
2020-04-28 15:03:03,569 [main] INFO  util.JmxRegister (JmxRegister.java:unregister(73)) - Successfully un-registered JMX Bean with object name Ratis:service=RaftServer,group=group-59DC44B9702A,id=8fd30f8c-8db6-43a6-adbe-e53ad13705f6
2020-04-28 15:03:03,569 [main] INFO  impl.RoleInfo (RoleInfo.java:shutdownFollowerState(121)) - 8fd30f8c-8db6-43a6-adbe-e53ad13705f6: shutdown FollowerState
2020-04-28 15:03:03,569 [Thread-411] INFO  impl.FollowerState (FollowerState.java:run(117)) - 8fd30f8c-8db6-43a6-adbe-e53ad13705f6@group-59DC44B9702A-FollowerState was interrupted: java.lang.InterruptedException: sleep interrupted
2020-04-28 15:03:03,570 [8fd30f8c-8db6-43a6-adbe-e53ad13705f6@group-59DC44B9702A-StateMachineUpdater] INFO  ratis.ContainerStateMachine (ContainerStateMachine.java:takeSnapshot(288)) - group-59DC44B9702A: Taking a snapshot at:(t:3, i:4) file /github/workspace/mnt/ozone/hadoop-ozone/integration-test/target/test-dir/MiniOzoneClusterImpl-86f4eb11-29f8-44af-977b-0135f9896c6d/datanode-6/data/ratis/c242f8af-fb8d-4893-b26b-59dc44b9702a/sm/snapshot.3_4
2020-04-28 15:03:03,571 [main] INFO  impl.StateMachineUpdater (StateMachineUpdater.java:stopAndJoin(139)) - 8fd30f8c-8db6-43a6-adbe-e53ad13705f6@group-59DC44B9702A-StateMachineUpdater: set stopIndex = 4
2020-04-28 15:03:03,575 [8fd30f8c-8db6-43a6-adbe-e53ad13705f6@group-59DC44B9702A-StateMachineUpdater] INFO  ratis.ContainerStateMachine (ContainerStateMachine.java:takeSnapshot(299)) - group-59DC44B9702A: Finished taking a snapshot at:(t:3, i:4) file:/github/workspace/mnt/ozone/hadoop-ozone/integration-test/target/test-dir/MiniOzoneClusterImpl-86f4eb11-29f8-44af-977b-0135f9896c6d/datanode-6/data/ratis/c242f8af-fb8d-4893-b26b-59dc44b9702a/sm/snapshot.3_4 time:5
2020-04-28 15:03:03,576 [8fd30f8c-8db6-43a6-adbe-e53ad13705f6@group-59DC44B9702A-StateMachineUpdater] INFO  impl.StateMachineUpdater (StateMachineUpdater.java:takeSnapshot(274)) - 8fd30f8c-8db6-43a6-adbe-e53ad13705f6@group-59DC44B9702A-StateMachineUpdater: Took a snapshot at index 4
2020-04-28 15:03:03,576 [8fd30f8c-8db6-43a6-adbe-e53ad13705f6@group-59DC44B9702A-StateMachineUpdater] INFO  impl.StateMachineUpdater (StateMachineUpdater.java:lambda$new$0(86)) - 8fd30f8c-8db6-43a6-adbe-e53ad13705f6@group-59DC44B9702A-StateMachineUpdater: snapshotIndex: updateIncreasingly -1 -> 4
2020-04-28 15:03:03,576 [8fd30f8c-8db6-43a6-adbe-e53ad13705f6@group-59DC44B9702A-StateMachineUpdater] INFO  metrics.RatisMetrics (RatisMetrics.java:unregister(46)) - Unregistering Metrics Registry : ratis.state_machine.8fd30f8c-8db6-43a6-adbe-e53ad13705f6@group-59DC44B9702A
2020-04-28 15:03:03,576 [main] INFO  impl.RaftServerImpl (ServerState.java:close(387)) - 8fd30f8c-8db6-43a6-adbe-e53ad13705f6@group-59DC44B9702A: closes. applyIndex: 4
2020-04-28 15:03:03,577 [8fd30f8c-8db6-43a6-adbe-e53ad13705f6@group-59DC44B9702A-SegmentedRaftLogWorker] INFO  segmented.SegmentedRaftLogWorker (SegmentedRaftLogWorker.java:run(321)) - 8fd30f8c-8db6-43a6-adbe-e53ad13705f6@group-59DC44B9702A-SegmentedRaftLogWorker was interrupted, exiting. There are 0 tasks remaining in the queue.
2020-04-28 15:03:03,577 [main] INFO  segmented.SegmentedRaftLogWorker (SegmentedRaftLogWorker.java:close(229)) - 8fd30f8c-8db6-43a6-adbe-e53ad13705f6@group-59DC44B9702A-SegmentedRaftLogWorker close()
2020-04-28 15:03:03,579 [main] INFO  metrics.RatisMetrics (RatisMetrics.java:unregister(46)) - Unregistering Metrics Registry : ratis.log_worker.8fd30f8c-8db6-43a6-adbe-e53ad13705f6
2020-04-28 15:03:03,579 [main] INFO  metrics.RatisMetrics (RatisMetrics.java:unregister(46)) - Unregistering Metrics Registry : ratis.leader_election.8fd30f8c-8db6-43a6-adbe-e53ad13705f6@group-59DC44B9702A
2020-04-28 15:03:03,579 [main] INFO  metrics.RatisMetrics (RatisMetrics.java:unregister(46)) - Unregistering Metrics Registry : ratis.server.8fd30f8c-8db6-43a6-adbe-e53ad13705f6@group-59DC44B9702A
2020-04-28 15:03:03,580 [main] INFO  server.GrpcService (GrpcService.java:closeImpl(165)) - 8fd30f8c-8db6-43a6-adbe-e53ad13705f6: shutdown server with port 41513 now
2020-04-28 15:03:03,588 [grpc-default-executor-2] WARN  server.GrpcLogAppender (LogUtils.java:warn(122)) - d26a0638-14c0-4e4b-8ca0-97e128166950@group-59DC44B9702A->8fd30f8c-8db6-43a6-adbe-e53ad13705f6-AppendLogResponseHandler: Failed appendEntries: org.apache.ratis.thirdparty.io.grpc.StatusRuntimeException: CANCELLED: HTTP/2 error code: CANCEL
Received Rst Stream
2020-04-28 15:03:03,589 [grpc-default-executor-4] WARN  server.GrpcServerProtocolService (LogUtils.java:warn(122)) - 8fd30f8c-8db6-43a6-adbe-e53ad13705f6: installSnapshot onError, lastRequest: d26a0638-14c0-4e4b-8ca0-97e128166950->8fd30f8c-8db6-43a6-adbe-e53ad13705f6#5-t3, previous=(t:3, i:3), leaderCommit=2, initializing? false, entries: size=1, first=(t:3, i:4), METADATAENTRY(c:2): org.apache.ratis.thirdparty.io.grpc.StatusRuntimeException: CANCELLED: cancelled before receiving half close
2020-04-28 15:03:03,590 [grpc-default-executor-2] INFO  impl.FollowerInfo (FollowerInfo.java:lambda$new$0(50)) - d26a0638-14c0-4e4b-8ca0-97e128166950@group-59DC44B9702A->8fd30f8c-8db6-43a6-adbe-e53ad13705f6: nextIndex: updateUnconditionally 5 -> 4
2020-04-28 15:03:03,596 [main] INFO  server.GrpcService (GrpcService.java:closeImpl(173)) - 8fd30f8c-8db6-43a6-adbe-e53ad13705f6: shutdown server with port 41513 successfully
2020-04-28 15:03:03,616 [main] INFO  utils.BackgroundService (BackgroundService.java:shutdown(157)) - Shutting down service BlockDeletingService
2020-04-28 15:03:03,620 [main] INFO  statemachine.DatanodeStateMachine (DatanodeStateMachine.java:stopDaemon(424)) - Ozone container server stopped.
2020-04-28 15:03:03,624 [main] INFO  handler.ContextHandler (ContextHandler.java:doStop(1016)) - Stopped o.e.j.w.WebAppContext@603ac7f8{hddsDatanode,/,null,UNAVAILABLE}{jar:file:/home/user/.m2/repository/org/apache/hadoop/hadoop-hdds-container-service/0.6.0-SNAPSHOT/hadoop-hdds-container-service-0.6.0-SNAPSHOT.jar!/webapps/hddsDatanode}
2020-04-28 15:03:03,629 [main] INFO  server.AbstractConnector (AbstractConnector.java:doStop(380)) - Stopped ServerConnector@1e9e194a{HTTP/1.1,[http/1.1]}{0.0.0.0:0}
2020-04-28 15:03:03,630 [main] INFO  server.session (HouseKeeper.java:stopScavenging(158)) - node0 Stopped scavenging
2020-04-28 15:03:03,630 [main] INFO  handler.ContextHandler (ContextHandler.java:doStop(1016)) - Stopped o.e.j.s.ServletContextHandler@1cf027ae{static,/static,jar:file:/home/user/.m2/repository/org/apache/hadoop/hadoop-hdds-container-service/0.6.0-SNAPSHOT/hadoop-hdds-container-service-0.6.0-SNAPSHOT.jar!/webapps/static,UNAVAILABLE}
2020-04-28 15:03:03,630 [main] INFO  handler.ContextHandler (ContextHandler.java:doStop(1016)) - Stopped o.e.j.s.ServletContextHandler@39109103{logs,/logs,file:///github/workspace/mnt/ozone/hadoop-ozone/integration-test/target/log,UNAVAILABLE}
]]></system-out>
    <system-err><![CDATA[ERROR StatusLogger No Log4j 2 configuration file found. Using default configuration (logging only errors to the console), or user programmatically provided configurations. Set system property 'log4j2.debug' to show Log4j 2 internal initialization logging. See https://logging.apache.org/log4j/2.x/manual/configuration.html for instructions on how to configure Log4j 2
Apr 28, 2020 3:02:52 PM org.apache.ratis.thirdparty.io.grpc.internal.SerializingExecutor run
SEVERE: Exception while executing runnable org.apache.ratis.thirdparty.io.grpc.internal.ServerImpl$JumpToApplicationThreadServerStreamListener$1Closed@3774f69b
org.apache.ratis.thirdparty.io.grpc.StatusRuntimeException: CANCELLED: call already cancelled
	at org.apache.ratis.thirdparty.io.grpc.Status.asRuntimeException(Status.java:524)
	at org.apache.ratis.thirdparty.io.grpc.stub.ServerCalls$ServerCallStreamObserverImpl.onCompleted(ServerCalls.java:368)
	at org.apache.ratis.grpc.server.GrpcServerProtocolService$ServerRequestStreamObserver.onError(GrpcServerProtocolService.java:145)
	at org.apache.ratis.thirdparty.io.grpc.stub.ServerCalls$StreamingServerCallHandler$StreamingServerCallListener.onCancel(ServerCalls.java:272)
	at org.apache.ratis.thirdparty.io.grpc.internal.ServerCallImpl$ServerStreamListenerImpl.closedInternal(ServerCallImpl.java:353)
	at org.apache.ratis.thirdparty.io.grpc.internal.ServerCallImpl$ServerStreamListenerImpl.closed(ServerCallImpl.java:341)
	at org.apache.ratis.thirdparty.io.grpc.internal.ServerImpl$JumpToApplicationThreadServerStreamListener$1Closed.runInContext(ServerImpl.java:864)
	at org.apache.ratis.thirdparty.io.grpc.internal.ContextRunnable.run(ContextRunnable.java:37)
	at org.apache.ratis.thirdparty.io.grpc.internal.SerializingExecutor.run(SerializingExecutor.java:123)
	at java.util.concurrent.ThreadPoolExecutor.runWorker(ThreadPoolExecutor.java:1149)
	at java.util.concurrent.ThreadPoolExecutor$Worker.run(ThreadPoolExecutor.java:624)
	at java.lang.Thread.run(Thread.java:748)

Apr 28, 2020 3:03:03 PM org.apache.ratis.thirdparty.io.grpc.internal.SerializingExecutor run
SEVERE: Exception while executing runnable org.apache.ratis.thirdparty.io.grpc.internal.ServerImpl$JumpToApplicationThreadServerStreamListener$1Closed@4db08b60
org.apache.ratis.thirdparty.io.grpc.StatusRuntimeException: CANCELLED: call already cancelled
	at org.apache.ratis.thirdparty.io.grpc.Status.asRuntimeException(Status.java:524)
	at org.apache.ratis.thirdparty.io.grpc.stub.ServerCalls$ServerCallStreamObserverImpl.onCompleted(ServerCalls.java:368)
	at org.apache.ratis.grpc.server.GrpcServerProtocolService$ServerRequestStreamObserver.onError(GrpcServerProtocolService.java:145)
	at org.apache.ratis.thirdparty.io.grpc.stub.ServerCalls$StreamingServerCallHandler$StreamingServerCallListener.onCancel(ServerCalls.java:272)
	at org.apache.ratis.thirdparty.io.grpc.internal.ServerCallImpl$ServerStreamListenerImpl.closedInternal(ServerCallImpl.java:353)
	at org.apache.ratis.thirdparty.io.grpc.internal.ServerCallImpl$ServerStreamListenerImpl.closed(ServerCallImpl.java:341)
	at org.apache.ratis.thirdparty.io.grpc.internal.ServerImpl$JumpToApplicationThreadServerStreamListener$1Closed.runInContext(ServerImpl.java:864)
	at org.apache.ratis.thirdparty.io.grpc.internal.ContextRunnable.run(ContextRunnable.java:37)
	at org.apache.ratis.thirdparty.io.grpc.internal.SerializingExecutor.run(SerializingExecutor.java:123)
	at java.util.concurrent.ThreadPoolExecutor.runWorker(ThreadPoolExecutor.java:1149)
	at java.util.concurrent.ThreadPoolExecutor$Worker.run(ThreadPoolExecutor.java:624)
	at java.lang.Thread.run(Thread.java:748)

]]></system-err>
  </testcase>
</testsuite>