<?xml version="1.0" encoding="UTF-8"?>
<testsuite xmlns:xsi="http://www.w3.org/2001/XMLSchema-instance" xsi:noNamespaceSchemaLocation="https://maven.apache.org/surefire/maven-surefire-plugin/xsd/surefire-test-report-3.0.xsd" version="3.0" name="org.apache.hadoop.ozone.container.replication.TestReplicationSupervisor" time="10.316" tests="22" errors="0" skipped="0" failures="1">
  <properties>
    <property name="awt.toolkit" value="sun.awt.X11.XToolkit"/>
    <property name="file.encoding.pkg" value="sun.io"/>
    <property name="java.specification.version" value="1.8"/>
    <property name="sun.cpu.isalist" value=""/>
    <property name="sun.jnu.encoding" value="UTF-8"/>
    <property name="java.class.path" value="/home/runner/work/ozone/ozone/hadoop-hdds/container-service/target/test-classes:/home/runner/work/ozone/ozone/hadoop-hdds/container-service/target/classes:/home/runner/work/ozone/ozone/hadoop-hdds/common/target/classes:/home/runner/work/ozone/ozone/hadoop-hdds/hadoop-dependency-client/target/classes:/home/runner/.m2/repository/org/apache/hadoop/hadoop-annotations/3.3.5/hadoop-annotations-3.3.5.jar:/usr/lib/jvm/temurin-8-jdk-amd64/jre/../lib/tools.jar:/home/runner/.m2/repository/org/apache/hadoop/hadoop-common/3.3.5/hadoop-common-3.3.5.jar:/home/runner/.m2/repository/org/apache/hadoop/thirdparty/hadoop-shaded-guava/1.1.1/hadoop-shaded-guava-1.1.1.jar:/home/runner/.m2/repository/org/apache/httpcomponents/httpclient/4.5.13/httpclient-4.5.13.jar:/home/runner/.m2/repository/org/apache/httpcomponents/httpcore/4.4.13/httpcore-4.4.13.jar:/home/runner/.m2/repository/jakarta/activation/jakarta.activation-api/1.2.2/jakarta.activation-api-1.2.2.jar:/home/runner/.m2/repository/com/google/re2j/re2j/1.1/re2j-1.1.jar:/home/runner/.m2/repository/org/apache/hadoop/hadoop-auth/3.3.5/hadoop-auth-3.3.5.jar:/home/runner/.m2/repository/org/apache/kerby/kerb-core/1.0.1/kerb-core-1.0.1.jar:/home/runner/.m2/repository/org/apache/kerby/kerby-pkix/1.0.1/kerby-pkix-1.0.1.jar:/home/runner/.m2/repository/org/apache/kerby/kerby-asn1/1.0.1/kerby-asn1-1.0.1.jar:/home/runner/.m2/repository/org/apache/kerby/kerby-util/1.0.1/kerby-util-1.0.1.jar:/home/runner/.m2/repository/org/codehaus/woodstox/stax2-api/4.2.1/stax2-api-4.2.1.jar:/home/runner/.m2/repository/com/fasterxml/woodstox/woodstox-core/5.4.0/woodstox-core-5.4.0.jar:/home/runner/.m2/repository/org/xerial/snappy/snappy-java/1.1.8.2/snappy-java-1.1.8.2.jar:/home/runner/.m2/repository/org/apache/hadoop/hadoop-hdfs/3.3.5/hadoop-hdfs-3.3.5.jar:/home/runner/.m2/repository/info/picocli/picocli/4.6.1/picocli-4.6.1.jar:/home/runner/.m2/repository/com/google/protobuf/protobuf-java/2.5.0/protobuf-java-2.5.0.jar:/home/runner/.m2/repository/com/google/guava/guava/31.1-jre/guava-31.1-jre.jar:/home/runner/.m2/repository/com/google/guava/failureaccess/1.0.1/failureaccess-1.0.1.jar:/home/runner/.m2/repository/com/google/guava/listenablefuture/9999.0-empty-to-avoid-conflict-with-guava/listenablefuture-9999.0-empty-to-avoid-conflict-with-guava.jar:/home/runner/.m2/repository/org/checkerframework/checker-qual/3.12.0/checker-qual-3.12.0.jar:/home/runner/.m2/repository/com/google/errorprone/error_prone_annotations/2.2.0/error_prone_annotations-2.2.0.jar:/home/runner/.m2/repository/com/google/j2objc/j2objc-annotations/1.3/j2objc-annotations-1.3.jar:/home/runner/.m2/repository/org/apache/commons/commons-lang3/3.7/commons-lang3-3.7.jar:/home/runner/.m2/repository/commons-io/commons-io/2.11.0/commons-io-2.11.0.jar:/home/runner/.m2/repository/com/fasterxml/jackson/core/jackson-annotations/2.13.4/jackson-annotations-2.13.4.jar:/home/runner/.m2/repository/com/fasterxml/jackson/datatype/jackson-datatype-jsr310/2.13.4/jackson-datatype-jsr310-2.13.4.jar:/home/runner/.m2/repository/com/fasterxml/jackson/core/jackson-core/2.13.4/jackson-core-2.13.4.jar:/home/runner/.m2/repository/com/fasterxml/jackson/core/jackson-databind/2.13.4.2/jackson-databind-2.13.4.2.jar:/home/runner/work/ozone/ozone/hadoop-hdds/annotations/target/classes:/home/runner/work/ozone/ozone/hadoop-hdds/config/target/classes:/home/runner/.m2/repository/javax/annotation/javax.annotation-api/1.2/javax.annotation-api-1.2.jar:/home/runner/.m2/repository/org/apache/ratis/ratis-server/2.4.2-8b8bdda-SNAPSHOT/ratis-server-2.4.2-8b8bdda-SNAPSHOT.jar:/home/runner/.m2/repository/org/apache/ratis/ratis-thirdparty-misc/1.0.3/ratis-thirdparty-misc-1.0.3.jar:/home/runner/.m2/repository/org/apache/ratis/ratis-proto/2.4.2-8b8bdda-SNAPSHOT/ratis-proto-2.4.2-8b8bdda-SNAPSHOT.jar:/home/runner/.m2/repository/org/apache/ratis/ratis-common/2.4.2-8b8bdda-SNAPSHOT/ratis-common-2.4.2-8b8bdda-SNAPSHOT.jar:/home/runner/.m2/repository/org/apache/ratis/ratis-client/2.4.2-8b8bdda-SNAPSHOT/ratis-client-2.4.2-8b8bdda-SNAPSHOT.jar:/home/runner/.m2/repository/org/apache/ratis/ratis-server-api/2.4.2-8b8bdda-SNAPSHOT/ratis-server-api-2.4.2-8b8bdda-SNAPSHOT.jar:/home/runner/.m2/repository/org/apache/ratis/ratis-metrics/2.4.2-8b8bdda-SNAPSHOT/ratis-metrics-2.4.2-8b8bdda-SNAPSHOT.jar:/home/runner/.m2/repository/org/apache/ratis/ratis-netty/2.4.2-8b8bdda-SNAPSHOT/ratis-netty-2.4.2-8b8bdda-SNAPSHOT.jar:/home/runner/.m2/repository/org/apache/ratis/ratis-grpc/2.4.2-8b8bdda-SNAPSHOT/ratis-grpc-2.4.2-8b8bdda-SNAPSHOT.jar:/home/runner/.m2/repository/org/apache/logging/log4j/log4j-api/2.17.1/log4j-api-2.17.1.jar:/home/runner/.m2/repository/org/apache/commons/commons-pool2/2.6.0/commons-pool2-2.6.0.jar:/home/runner/.m2/repository/org/bouncycastle/bcpkix-jdk15on/1.67/bcpkix-jdk15on-1.67.jar:/home/runner/.m2/repository/org/bouncycastle/bcprov-jdk15on/1.67/bcprov-jdk15on-1.67.jar:/home/runner/.m2/repository/commons-validator/commons-validator/1.6/commons-validator-1.6.jar:/home/runner/.m2/repository/commons-beanutils/commons-beanutils/1.9.4/commons-beanutils-1.9.4.jar:/home/runner/.m2/repository/commons-digester/commons-digester/1.8.1/commons-digester-1.8.1.jar:/home/runner/.m2/repository/commons-collections/commons-collections/3.2.2/commons-collections-3.2.2.jar:/home/runner/.m2/repository/io/jaegertracing/jaeger-client/1.6.0/jaeger-client-1.6.0.jar:/home/runner/.m2/repository/io/jaegertracing/jaeger-thrift/1.6.0/jaeger-thrift-1.6.0.jar:/home/runner/.m2/repository/org/apache/thrift/libthrift/0.14.1/libthrift-0.14.1.jar:/home/runner/.m2/repository/io/jaegertracing/jaeger-core/1.6.0/jaeger-core-1.6.0.jar:/home/runner/.m2/repository/com/google/code/gson/gson/2.9.0/gson-2.9.0.jar:/home/runner/.m2/repository/io/jaegertracing/jaeger-tracerresolver/1.6.0/jaeger-tracerresolver-1.6.0.jar:/home/runner/.m2/repository/io/opentracing/contrib/opentracing-tracerresolver/0.1.8/opentracing-tracerresolver-0.1.8.jar:/home/runner/.m2/repository/org/jetbrains/kotlin/kotlin-stdlib/1.6.21/kotlin-stdlib-1.6.21.jar:/home/runner/.m2/repository/org/jetbrains/kotlin/kotlin-stdlib-common/1.6.21/kotlin-stdlib-common-1.6.21.jar:/home/runner/.m2/repository/org/jetbrains/annotations/13.0/annotations-13.0.jar:/home/runner/.m2/repository/io/opentracing/opentracing-util/0.33.0/opentracing-util-0.33.0.jar:/home/runner/.m2/repository/io/opentracing/opentracing-api/0.33.0/opentracing-api-0.33.0.jar:/home/runner/.m2/repository/io/opentracing/opentracing-noop/0.33.0/opentracing-noop-0.33.0.jar:/home/runner/.m2/repository/org/reflections/reflections/0.9.11/reflections-0.9.11.jar:/home/runner/.m2/repository/org/javassist/javassist/3.21.0-GA/javassist-3.21.0-GA.jar:/home/runner/work/ozone/ozone/hadoop-hdds/interface-client/target/classes:/home/runner/.m2/repository/org/apache/hadoop/thirdparty/hadoop-shaded-protobuf_3_7/1.1.1/hadoop-shaded-protobuf_3_7-1.1.1.jar:/home/runner/work/ozone/ozone/hadoop-hdds/interface-admin/target/classes:/home/runner/work/ozone/ozone/hadoop-hdds/test-utils/target/classes:/home/runner/.m2/repository/commons-logging/commons-logging/1.2/commons-logging-1.2.jar:/home/runner/.m2/repository/org/junit/jupiter/junit-jupiter-api/5.8.2/junit-jupiter-api-5.8.2.jar:/home/runner/.m2/repository/org/opentest4j/opentest4j/1.2.0/opentest4j-1.2.0.jar:/home/runner/.m2/repository/org/junit/platform/junit-platform-commons/1.8.2/junit-platform-commons-1.8.2.jar:/home/runner/.m2/repository/ch/qos/reload4j/reload4j/1.2.22/reload4j-1.2.22.jar:/home/runner/.m2/repository/org/slf4j/slf4j-api/1.7.36/slf4j-api-1.7.36.jar:/home/runner/.m2/repository/org/apache/commons/commons-compress/1.21/commons-compress-1.21.jar:/home/runner/.m2/repository/com/github/luben/zstd-jni/1.5.2-5/zstd-jni-1.5.2-5.jar:/home/runner/work/ozone/ozone/hadoop-hdds/common/target/test-classes:/home/runner/work/ozone/ozone/hadoop-hdds/framework/target/classes:/home/runner/work/ozone/ozone/hadoop-hdds/interface-server/target/classes:/home/runner/work/ozone/ozone/hadoop-hdds/managed-rocksdb/target/classes:/home/runner/.m2/repository/org/rocksdb/rocksdbjni/7.7.3/rocksdbjni-7.7.3.jar:/home/runner/work/ozone/ozone/hadoop-hdds/hadoop-dependency-server/target/classes:/home/runner/.m2/repository/commons-cli/commons-cli/1.2/commons-cli-1.2.jar:/home/runner/.m2/repository/org/apache/commons/commons-configuration2/2.1.1/commons-configuration2-2.1.1.jar:/home/runner/.m2/repository/org/apache/logging/log4j/log4j-core/2.17.1/log4j-core-2.17.1.jar:/home/runner/.m2/repository/com/lmax/disruptor/3.4.2/disruptor-3.4.2.jar:/home/runner/.m2/repository/org/eclipse/jetty/jetty-util/9.4.51.v20230217/jetty-util-9.4.51.v20230217.jar:/home/runner/.m2/repository/org/eclipse/jetty/jetty-server/9.4.51.v20230217/jetty-server-9.4.51.v20230217.jar:/home/runner/.m2/repository/javax/servlet/javax.servlet-api/3.1.0/javax.servlet-api-3.1.0.jar:/home/runner/.m2/repository/org/eclipse/jetty/jetty-http/9.4.51.v20230217/jetty-http-9.4.51.v20230217.jar:/home/runner/.m2/repository/org/eclipse/jetty/jetty-io/9.4.51.v20230217/jetty-io-9.4.51.v20230217.jar:/home/runner/.m2/repository/org/eclipse/jetty/jetty-servlet/9.4.51.v20230217/jetty-servlet-9.4.51.v20230217.jar:/home/runner/.m2/repository/org/eclipse/jetty/jetty-security/9.4.51.v20230217/jetty-security-9.4.51.v20230217.jar:/home/runner/.m2/repository/org/eclipse/jetty/jetty-util-ajax/9.4.51.v20230217/jetty-util-ajax-9.4.51.v20230217.jar:/home/runner/.m2/repository/org/eclipse/jetty/jetty-webapp/9.4.51.v20230217/jetty-webapp-9.4.51.v20230217.jar:/home/runner/.m2/repository/org/eclipse/jetty/jetty-xml/9.4.51.v20230217/jetty-xml-9.4.51.v20230217.jar:/home/runner/.m2/repository/io/prometheus/simpleclient_dropwizard/0.7.0/simpleclient_dropwizard-0.7.0.jar:/home/runner/.m2/repository/io/prometheus/simpleclient/0.7.0/simpleclient-0.7.0.jar:/home/runner/.m2/repository/io/prometheus/simpleclient_common/0.7.0/simpleclient_common-0.7.0.jar:/home/runner/.m2/repository/org/apache/hadoop/hadoop-hdfs-client/3.3.5/hadoop-hdfs-client-3.3.5.jar:/home/runner/.m2/repository/com/squareup/okhttp3/okhttp/4.9.3/okhttp-4.9.3.jar:/home/runner/.m2/repository/com/squareup/okio/okio/2.8.0/okio-2.8.0.jar:/home/runner/work/ozone/ozone/hadoop-hdds/rocksdb-checkpoint-differ/target/classes:/home/runner/work/ozone/ozone/hadoop-hdds/rocks-native/target/classes:/home/runner/.m2/repository/org/awaitility/awaitility/4.2.0/awaitility-4.2.0.jar:/home/runner/.m2/repository/org/hamcrest/hamcrest/2.1/hamcrest-2.1.jar:/home/runner/work/ozone/ozone/hadoop-hdds/client/target/classes:/home/runner/work/ozone/ozone/hadoop-hdds/erasurecode/target/classes:/home/runner/.m2/repository/commons-codec/commons-codec/1.15/commons-codec-1.15.jar:/home/runner/.m2/repository/io/dropwizard/metrics/metrics-core/3.2.4/metrics-core-3.2.4.jar:/home/runner/.m2/repository/org/mockito/mockito-core/2.28.2/mockito-core-2.28.2.jar:/home/runner/.m2/repository/net/bytebuddy/byte-buddy/1.9.10/byte-buddy-1.9.10.jar:/home/runner/.m2/repository/net/bytebuddy/byte-buddy-agent/1.9.10/byte-buddy-agent-1.9.10.jar:/home/runner/.m2/repository/org/objenesis/objenesis/1.0/objenesis-1.0.jar:/home/runner/.m2/repository/org/yaml/snakeyaml/2.0/snakeyaml-2.0.jar:/home/runner/work/ozone/ozone/hadoop-hdds/docs/target/classes:/home/runner/.m2/repository/com/github/spotbugs/spotbugs-annotations/3.1.12/spotbugs-annotations-3.1.12.jar:/home/runner/.m2/repository/com/google/code/findbugs/jsr305/3.0.0/jsr305-3.0.0.jar:/home/runner/.m2/repository/org/powermock/powermock-module-junit4/2.0.4/powermock-module-junit4-2.0.4.jar:/home/runner/.m2/repository/org/powermock/powermock-module-junit4-common/2.0.4/powermock-module-junit4-common-2.0.4.jar:/home/runner/.m2/repository/org/powermock/powermock-reflect/2.0.4/powermock-reflect-2.0.4.jar:/home/runner/.m2/repository/org/powermock/powermock-core/2.0.4/powermock-core-2.0.4.jar:/home/runner/.m2/repository/org/hamcrest/hamcrest-core/1.3/hamcrest-core-1.3.jar:/home/runner/.m2/repository/org/powermock/powermock-api-mockito2/2.0.4/powermock-api-mockito2-2.0.4.jar:/home/runner/.m2/repository/org/powermock/powermock-api-support/2.0.4/powermock-api-support-2.0.4.jar:/home/runner/work/ozone/ozone/hadoop-hdds/hadoop-dependency-test/target/classes:/home/runner/.m2/repository/org/apache/hadoop/hadoop-common/3.3.5/hadoop-common-3.3.5-tests.jar:/home/runner/.m2/repository/org/apache/hadoop/hadoop-hdfs/3.3.5/hadoop-hdfs-3.3.5-tests.jar:/home/runner/.m2/repository/org/assertj/assertj-core/3.12.2/assertj-core-3.12.2.jar:/home/runner/.m2/repository/org/slf4j/slf4j-reload4j/1.7.36/slf4j-reload4j-1.7.36.jar:/home/runner/.m2/repository/javax/xml/bind/jaxb-api/2.3.0/jaxb-api-2.3.0.jar:/home/runner/.m2/repository/org/glassfish/jaxb/jaxb-runtime/2.3.0.1/jaxb-runtime-2.3.0.1.jar:/home/runner/.m2/repository/org/glassfish/jaxb/jaxb-core/2.3.0.1/jaxb-core-2.3.0.1.jar:/home/runner/.m2/repository/org/glassfish/jaxb/txw2/2.3.0.1/txw2-2.3.0.1.jar:/home/runner/.m2/repository/com/sun/istack/istack-commons-runtime/3.0.5/istack-commons-runtime-3.0.5.jar:/home/runner/.m2/repository/org/jvnet/staxex/stax-ex/1.7.8/stax-ex-1.7.8.jar:/home/runner/.m2/repository/com/sun/xml/fastinfoset/FastInfoset/1.2.13/FastInfoset-1.2.13.jar:/home/runner/.m2/repository/io/netty/netty-transport/4.1.86.Final/netty-transport-4.1.86.Final.jar:/home/runner/.m2/repository/io/netty/netty-common/4.1.86.Final/netty-common-4.1.86.Final.jar:/home/runner/.m2/repository/io/netty/netty-buffer/4.1.86.Final/netty-buffer-4.1.86.Final.jar:/home/runner/.m2/repository/io/netty/netty-resolver/4.1.86.Final/netty-resolver-4.1.86.Final.jar:/home/runner/.m2/repository/io/netty/netty-codec/4.1.86.Final/netty-codec-4.1.86.Final.jar:/home/runner/.m2/repository/io/netty/netty-handler/4.1.86.Final/netty-handler-4.1.86.Final.jar:/home/runner/.m2/repository/io/netty/netty-transport-native-unix-common/4.1.86.Final/netty-transport-native-unix-common-4.1.86.Final.jar:/home/runner/.m2/repository/org/apache/commons/commons-text/1.4/commons-text-1.4.jar:/home/runner/.m2/repository/org/mockito/mockito-junit-jupiter/2.28.2/mockito-junit-jupiter-2.28.2.jar:/home/runner/.m2/repository/org/junit/jupiter/junit-jupiter-params/5.8.2/junit-jupiter-params-5.8.2.jar:/home/runner/.m2/repository/org/apiguardian/apiguardian-api/1.1.2/apiguardian-api-1.1.2.jar:/home/runner/.m2/repository/junit/junit/4.13.1/junit-4.13.1.jar:"/>
    <property name="java.vm.vendor" value="Temurin"/>
    <property name="sun.arch.data.model" value="64"/>
    <property name="test.build.dir" value="/home/runner/work/ozone/ozone/hadoop-hdds/container-service/target/test-dir"/>
    <property name="test.cache.data" value=""/>
    <property name="java.vendor.url" value="https://adoptium.net/"/>
    <property name="user.timezone" value="Etc/UTC"/>
    <property name="java.vm.specification.version" value="1.8"/>
    <property name="os.name" value="Linux"/>
    <property name="test.build.data" value="/home/runner/work/ozone/ozone/hadoop-hdds/container-service/target/test-dir"/>
    <property name="sun.java.launcher" value="SUN_STANDARD"/>
    <property name="sun.boot.library.path" value="/usr/lib/jvm/temurin-8-jdk-amd64/jre/lib/amd64"/>
    <property name="sun.java.command" value="/home/runner/work/ozone/ozone/hadoop-hdds/container-service/target/surefire/surefirebooter220109208647553848.jar /home/runner/work/ozone/ozone/hadoop-hdds/container-service/target/surefire 2023-05-02T23-05-19_716-jvmRun1 surefire5458730838628154567tmp surefire_1297360796200991162188tmp"/>
    <property name="surefire.test.class.path" value="/home/runner/work/ozone/ozone/hadoop-hdds/container-service/target/test-classes:/home/runner/work/ozone/ozone/hadoop-hdds/container-service/target/classes:/home/runner/work/ozone/ozone/hadoop-hdds/common/target/classes:/home/runner/work/ozone/ozone/hadoop-hdds/hadoop-dependency-client/target/classes:/home/runner/.m2/repository/org/apache/hadoop/hadoop-annotations/3.3.5/hadoop-annotations-3.3.5.jar:/usr/lib/jvm/temurin-8-jdk-amd64/jre/../lib/tools.jar:/home/runner/.m2/repository/org/apache/hadoop/hadoop-common/3.3.5/hadoop-common-3.3.5.jar:/home/runner/.m2/repository/org/apache/hadoop/thirdparty/hadoop-shaded-guava/1.1.1/hadoop-shaded-guava-1.1.1.jar:/home/runner/.m2/repository/org/apache/httpcomponents/httpclient/4.5.13/httpclient-4.5.13.jar:/home/runner/.m2/repository/org/apache/httpcomponents/httpcore/4.4.13/httpcore-4.4.13.jar:/home/runner/.m2/repository/jakarta/activation/jakarta.activation-api/1.2.2/jakarta.activation-api-1.2.2.jar:/home/runner/.m2/repository/com/google/re2j/re2j/1.1/re2j-1.1.jar:/home/runner/.m2/repository/org/apache/hadoop/hadoop-auth/3.3.5/hadoop-auth-3.3.5.jar:/home/runner/.m2/repository/org/apache/kerby/kerb-core/1.0.1/kerb-core-1.0.1.jar:/home/runner/.m2/repository/org/apache/kerby/kerby-pkix/1.0.1/kerby-pkix-1.0.1.jar:/home/runner/.m2/repository/org/apache/kerby/kerby-asn1/1.0.1/kerby-asn1-1.0.1.jar:/home/runner/.m2/repository/org/apache/kerby/kerby-util/1.0.1/kerby-util-1.0.1.jar:/home/runner/.m2/repository/org/codehaus/woodstox/stax2-api/4.2.1/stax2-api-4.2.1.jar:/home/runner/.m2/repository/com/fasterxml/woodstox/woodstox-core/5.4.0/woodstox-core-5.4.0.jar:/home/runner/.m2/repository/org/xerial/snappy/snappy-java/1.1.8.2/snappy-java-1.1.8.2.jar:/home/runner/.m2/repository/org/apache/hadoop/hadoop-hdfs/3.3.5/hadoop-hdfs-3.3.5.jar:/home/runner/.m2/repository/info/picocli/picocli/4.6.1/picocli-4.6.1.jar:/home/runner/.m2/repository/com/google/protobuf/protobuf-java/2.5.0/protobuf-java-2.5.0.jar:/home/runner/.m2/repository/com/google/guava/guava/31.1-jre/guava-31.1-jre.jar:/home/runner/.m2/repository/com/google/guava/failureaccess/1.0.1/failureaccess-1.0.1.jar:/home/runner/.m2/repository/com/google/guava/listenablefuture/9999.0-empty-to-avoid-conflict-with-guava/listenablefuture-9999.0-empty-to-avoid-conflict-with-guava.jar:/home/runner/.m2/repository/org/checkerframework/checker-qual/3.12.0/checker-qual-3.12.0.jar:/home/runner/.m2/repository/com/google/errorprone/error_prone_annotations/2.2.0/error_prone_annotations-2.2.0.jar:/home/runner/.m2/repository/com/google/j2objc/j2objc-annotations/1.3/j2objc-annotations-1.3.jar:/home/runner/.m2/repository/org/apache/commons/commons-lang3/3.7/commons-lang3-3.7.jar:/home/runner/.m2/repository/commons-io/commons-io/2.11.0/commons-io-2.11.0.jar:/home/runner/.m2/repository/com/fasterxml/jackson/core/jackson-annotations/2.13.4/jackson-annotations-2.13.4.jar:/home/runner/.m2/repository/com/fasterxml/jackson/datatype/jackson-datatype-jsr310/2.13.4/jackson-datatype-jsr310-2.13.4.jar:/home/runner/.m2/repository/com/fasterxml/jackson/core/jackson-core/2.13.4/jackson-core-2.13.4.jar:/home/runner/.m2/repository/com/fasterxml/jackson/core/jackson-databind/2.13.4.2/jackson-databind-2.13.4.2.jar:/home/runner/work/ozone/ozone/hadoop-hdds/annotations/target/classes:/home/runner/work/ozone/ozone/hadoop-hdds/config/target/classes:/home/runner/.m2/repository/javax/annotation/javax.annotation-api/1.2/javax.annotation-api-1.2.jar:/home/runner/.m2/repository/org/apache/ratis/ratis-server/2.4.2-8b8bdda-SNAPSHOT/ratis-server-2.4.2-8b8bdda-SNAPSHOT.jar:/home/runner/.m2/repository/org/apache/ratis/ratis-thirdparty-misc/1.0.3/ratis-thirdparty-misc-1.0.3.jar:/home/runner/.m2/repository/org/apache/ratis/ratis-proto/2.4.2-8b8bdda-SNAPSHOT/ratis-proto-2.4.2-8b8bdda-SNAPSHOT.jar:/home/runner/.m2/repository/org/apache/ratis/ratis-common/2.4.2-8b8bdda-SNAPSHOT/ratis-common-2.4.2-8b8bdda-SNAPSHOT.jar:/home/runner/.m2/repository/org/apache/ratis/ratis-client/2.4.2-8b8bdda-SNAPSHOT/ratis-client-2.4.2-8b8bdda-SNAPSHOT.jar:/home/runner/.m2/repository/org/apache/ratis/ratis-server-api/2.4.2-8b8bdda-SNAPSHOT/ratis-server-api-2.4.2-8b8bdda-SNAPSHOT.jar:/home/runner/.m2/repository/org/apache/ratis/ratis-metrics/2.4.2-8b8bdda-SNAPSHOT/ratis-metrics-2.4.2-8b8bdda-SNAPSHOT.jar:/home/runner/.m2/repository/org/apache/ratis/ratis-netty/2.4.2-8b8bdda-SNAPSHOT/ratis-netty-2.4.2-8b8bdda-SNAPSHOT.jar:/home/runner/.m2/repository/org/apache/ratis/ratis-grpc/2.4.2-8b8bdda-SNAPSHOT/ratis-grpc-2.4.2-8b8bdda-SNAPSHOT.jar:/home/runner/.m2/repository/org/apache/logging/log4j/log4j-api/2.17.1/log4j-api-2.17.1.jar:/home/runner/.m2/repository/org/apache/commons/commons-pool2/2.6.0/commons-pool2-2.6.0.jar:/home/runner/.m2/repository/org/bouncycastle/bcpkix-jdk15on/1.67/bcpkix-jdk15on-1.67.jar:/home/runner/.m2/repository/org/bouncycastle/bcprov-jdk15on/1.67/bcprov-jdk15on-1.67.jar:/home/runner/.m2/repository/commons-validator/commons-validator/1.6/commons-validator-1.6.jar:/home/runner/.m2/repository/commons-beanutils/commons-beanutils/1.9.4/commons-beanutils-1.9.4.jar:/home/runner/.m2/repository/commons-digester/commons-digester/1.8.1/commons-digester-1.8.1.jar:/home/runner/.m2/repository/commons-collections/commons-collections/3.2.2/commons-collections-3.2.2.jar:/home/runner/.m2/repository/io/jaegertracing/jaeger-client/1.6.0/jaeger-client-1.6.0.jar:/home/runner/.m2/repository/io/jaegertracing/jaeger-thrift/1.6.0/jaeger-thrift-1.6.0.jar:/home/runner/.m2/repository/org/apache/thrift/libthrift/0.14.1/libthrift-0.14.1.jar:/home/runner/.m2/repository/io/jaegertracing/jaeger-core/1.6.0/jaeger-core-1.6.0.jar:/home/runner/.m2/repository/com/google/code/gson/gson/2.9.0/gson-2.9.0.jar:/home/runner/.m2/repository/io/jaegertracing/jaeger-tracerresolver/1.6.0/jaeger-tracerresolver-1.6.0.jar:/home/runner/.m2/repository/io/opentracing/contrib/opentracing-tracerresolver/0.1.8/opentracing-tracerresolver-0.1.8.jar:/home/runner/.m2/repository/org/jetbrains/kotlin/kotlin-stdlib/1.6.21/kotlin-stdlib-1.6.21.jar:/home/runner/.m2/repository/org/jetbrains/kotlin/kotlin-stdlib-common/1.6.21/kotlin-stdlib-common-1.6.21.jar:/home/runner/.m2/repository/org/jetbrains/annotations/13.0/annotations-13.0.jar:/home/runner/.m2/repository/io/opentracing/opentracing-util/0.33.0/opentracing-util-0.33.0.jar:/home/runner/.m2/repository/io/opentracing/opentracing-api/0.33.0/opentracing-api-0.33.0.jar:/home/runner/.m2/repository/io/opentracing/opentracing-noop/0.33.0/opentracing-noop-0.33.0.jar:/home/runner/.m2/repository/org/reflections/reflections/0.9.11/reflections-0.9.11.jar:/home/runner/.m2/repository/org/javassist/javassist/3.21.0-GA/javassist-3.21.0-GA.jar:/home/runner/work/ozone/ozone/hadoop-hdds/interface-client/target/classes:/home/runner/.m2/repository/org/apache/hadoop/thirdparty/hadoop-shaded-protobuf_3_7/1.1.1/hadoop-shaded-protobuf_3_7-1.1.1.jar:/home/runner/work/ozone/ozone/hadoop-hdds/interface-admin/target/classes:/home/runner/work/ozone/ozone/hadoop-hdds/test-utils/target/classes:/home/runner/.m2/repository/commons-logging/commons-logging/1.2/commons-logging-1.2.jar:/home/runner/.m2/repository/org/junit/jupiter/junit-jupiter-api/5.8.2/junit-jupiter-api-5.8.2.jar:/home/runner/.m2/repository/org/opentest4j/opentest4j/1.2.0/opentest4j-1.2.0.jar:/home/runner/.m2/repository/org/junit/platform/junit-platform-commons/1.8.2/junit-platform-commons-1.8.2.jar:/home/runner/.m2/repository/ch/qos/reload4j/reload4j/1.2.22/reload4j-1.2.22.jar:/home/runner/.m2/repository/org/slf4j/slf4j-api/1.7.36/slf4j-api-1.7.36.jar:/home/runner/.m2/repository/org/apache/commons/commons-compress/1.21/commons-compress-1.21.jar:/home/runner/.m2/repository/com/github/luben/zstd-jni/1.5.2-5/zstd-jni-1.5.2-5.jar:/home/runner/work/ozone/ozone/hadoop-hdds/common/target/test-classes:/home/runner/work/ozone/ozone/hadoop-hdds/framework/target/classes:/home/runner/work/ozone/ozone/hadoop-hdds/interface-server/target/classes:/home/runner/work/ozone/ozone/hadoop-hdds/managed-rocksdb/target/classes:/home/runner/.m2/repository/org/rocksdb/rocksdbjni/7.7.3/rocksdbjni-7.7.3.jar:/home/runner/work/ozone/ozone/hadoop-hdds/hadoop-dependency-server/target/classes:/home/runner/.m2/repository/commons-cli/commons-cli/1.2/commons-cli-1.2.jar:/home/runner/.m2/repository/org/apache/commons/commons-configuration2/2.1.1/commons-configuration2-2.1.1.jar:/home/runner/.m2/repository/org/apache/logging/log4j/log4j-core/2.17.1/log4j-core-2.17.1.jar:/home/runner/.m2/repository/com/lmax/disruptor/3.4.2/disruptor-3.4.2.jar:/home/runner/.m2/repository/org/eclipse/jetty/jetty-util/9.4.51.v20230217/jetty-util-9.4.51.v20230217.jar:/home/runner/.m2/repository/org/eclipse/jetty/jetty-server/9.4.51.v20230217/jetty-server-9.4.51.v20230217.jar:/home/runner/.m2/repository/javax/servlet/javax.servlet-api/3.1.0/javax.servlet-api-3.1.0.jar:/home/runner/.m2/repository/org/eclipse/jetty/jetty-http/9.4.51.v20230217/jetty-http-9.4.51.v20230217.jar:/home/runner/.m2/repository/org/eclipse/jetty/jetty-io/9.4.51.v20230217/jetty-io-9.4.51.v20230217.jar:/home/runner/.m2/repository/org/eclipse/jetty/jetty-servlet/9.4.51.v20230217/jetty-servlet-9.4.51.v20230217.jar:/home/runner/.m2/repository/org/eclipse/jetty/jetty-security/9.4.51.v20230217/jetty-security-9.4.51.v20230217.jar:/home/runner/.m2/repository/org/eclipse/jetty/jetty-util-ajax/9.4.51.v20230217/jetty-util-ajax-9.4.51.v20230217.jar:/home/runner/.m2/repository/org/eclipse/jetty/jetty-webapp/9.4.51.v20230217/jetty-webapp-9.4.51.v20230217.jar:/home/runner/.m2/repository/org/eclipse/jetty/jetty-xml/9.4.51.v20230217/jetty-xml-9.4.51.v20230217.jar:/home/runner/.m2/repository/io/prometheus/simpleclient_dropwizard/0.7.0/simpleclient_dropwizard-0.7.0.jar:/home/runner/.m2/repository/io/prometheus/simpleclient/0.7.0/simpleclient-0.7.0.jar:/home/runner/.m2/repository/io/prometheus/simpleclient_common/0.7.0/simpleclient_common-0.7.0.jar:/home/runner/.m2/repository/org/apache/hadoop/hadoop-hdfs-client/3.3.5/hadoop-hdfs-client-3.3.5.jar:/home/runner/.m2/repository/com/squareup/okhttp3/okhttp/4.9.3/okhttp-4.9.3.jar:/home/runner/.m2/repository/com/squareup/okio/okio/2.8.0/okio-2.8.0.jar:/home/runner/work/ozone/ozone/hadoop-hdds/rocksdb-checkpoint-differ/target/classes:/home/runner/work/ozone/ozone/hadoop-hdds/rocks-native/target/classes:/home/runner/.m2/repository/org/awaitility/awaitility/4.2.0/awaitility-4.2.0.jar:/home/runner/.m2/repository/org/hamcrest/hamcrest/2.1/hamcrest-2.1.jar:/home/runner/work/ozone/ozone/hadoop-hdds/client/target/classes:/home/runner/work/ozone/ozone/hadoop-hdds/erasurecode/target/classes:/home/runner/.m2/repository/commons-codec/commons-codec/1.15/commons-codec-1.15.jar:/home/runner/.m2/repository/io/dropwizard/metrics/metrics-core/3.2.4/metrics-core-3.2.4.jar:/home/runner/.m2/repository/org/mockito/mockito-core/2.28.2/mockito-core-2.28.2.jar:/home/runner/.m2/repository/net/bytebuddy/byte-buddy/1.9.10/byte-buddy-1.9.10.jar:/home/runner/.m2/repository/net/bytebuddy/byte-buddy-agent/1.9.10/byte-buddy-agent-1.9.10.jar:/home/runner/.m2/repository/org/objenesis/objenesis/1.0/objenesis-1.0.jar:/home/runner/.m2/repository/org/yaml/snakeyaml/2.0/snakeyaml-2.0.jar:/home/runner/work/ozone/ozone/hadoop-hdds/docs/target/classes:/home/runner/.m2/repository/com/github/spotbugs/spotbugs-annotations/3.1.12/spotbugs-annotations-3.1.12.jar:/home/runner/.m2/repository/com/google/code/findbugs/jsr305/3.0.0/jsr305-3.0.0.jar:/home/runner/.m2/repository/org/powermock/powermock-module-junit4/2.0.4/powermock-module-junit4-2.0.4.jar:/home/runner/.m2/repository/org/powermock/powermock-module-junit4-common/2.0.4/powermock-module-junit4-common-2.0.4.jar:/home/runner/.m2/repository/org/powermock/powermock-reflect/2.0.4/powermock-reflect-2.0.4.jar:/home/runner/.m2/repository/org/powermock/powermock-core/2.0.4/powermock-core-2.0.4.jar:/home/runner/.m2/repository/org/hamcrest/hamcrest-core/1.3/hamcrest-core-1.3.jar:/home/runner/.m2/repository/org/powermock/powermock-api-mockito2/2.0.4/powermock-api-mockito2-2.0.4.jar:/home/runner/.m2/repository/org/powermock/powermock-api-support/2.0.4/powermock-api-support-2.0.4.jar:/home/runner/work/ozone/ozone/hadoop-hdds/hadoop-dependency-test/target/classes:/home/runner/.m2/repository/org/apache/hadoop/hadoop-common/3.3.5/hadoop-common-3.3.5-tests.jar:/home/runner/.m2/repository/org/apache/hadoop/hadoop-hdfs/3.3.5/hadoop-hdfs-3.3.5-tests.jar:/home/runner/.m2/repository/org/assertj/assertj-core/3.12.2/assertj-core-3.12.2.jar:/home/runner/.m2/repository/org/slf4j/slf4j-reload4j/1.7.36/slf4j-reload4j-1.7.36.jar:/home/runner/.m2/repository/javax/xml/bind/jaxb-api/2.3.0/jaxb-api-2.3.0.jar:/home/runner/.m2/repository/org/glassfish/jaxb/jaxb-runtime/2.3.0.1/jaxb-runtime-2.3.0.1.jar:/home/runner/.m2/repository/org/glassfish/jaxb/jaxb-core/2.3.0.1/jaxb-core-2.3.0.1.jar:/home/runner/.m2/repository/org/glassfish/jaxb/txw2/2.3.0.1/txw2-2.3.0.1.jar:/home/runner/.m2/repository/com/sun/istack/istack-commons-runtime/3.0.5/istack-commons-runtime-3.0.5.jar:/home/runner/.m2/repository/org/jvnet/staxex/stax-ex/1.7.8/stax-ex-1.7.8.jar:/home/runner/.m2/repository/com/sun/xml/fastinfoset/FastInfoset/1.2.13/FastInfoset-1.2.13.jar:/home/runner/.m2/repository/io/netty/netty-transport/4.1.86.Final/netty-transport-4.1.86.Final.jar:/home/runner/.m2/repository/io/netty/netty-common/4.1.86.Final/netty-common-4.1.86.Final.jar:/home/runner/.m2/repository/io/netty/netty-buffer/4.1.86.Final/netty-buffer-4.1.86.Final.jar:/home/runner/.m2/repository/io/netty/netty-resolver/4.1.86.Final/netty-resolver-4.1.86.Final.jar:/home/runner/.m2/repository/io/netty/netty-codec/4.1.86.Final/netty-codec-4.1.86.Final.jar:/home/runner/.m2/repository/io/netty/netty-handler/4.1.86.Final/netty-handler-4.1.86.Final.jar:/home/runner/.m2/repository/io/netty/netty-transport-native-unix-common/4.1.86.Final/netty-transport-native-unix-common-4.1.86.Final.jar:/home/runner/.m2/repository/org/apache/commons/commons-text/1.4/commons-text-1.4.jar:/home/runner/.m2/repository/org/mockito/mockito-junit-jupiter/2.28.2/mockito-junit-jupiter-2.28.2.jar:/home/runner/.m2/repository/org/junit/jupiter/junit-jupiter-params/5.8.2/junit-jupiter-params-5.8.2.jar:/home/runner/.m2/repository/org/apiguardian/apiguardian-api/1.1.2/apiguardian-api-1.1.2.jar:/home/runner/.m2/repository/junit/junit/4.13.1/junit-4.13.1.jar:"/>
    <property name="sun.cpu.endian" value="little"/>
    <property name="user.home" value="/home/runner"/>
    <property name="user.language" value="en"/>
    <property name="java.specification.vendor" value="Oracle Corporation"/>
    <property name="java.home" value="/usr/lib/jvm/temurin-8-jdk-amd64/jre"/>
    <property name="java.security.krb5.conf" value="/home/runner/work/ozone/ozone/hadoop-hdds/container-service/target/test-classes/krb5.conf"/>
    <property name="basedir" value="/home/runner/work/ozone/ozone/hadoop-hdds/container-service"/>
    <property name="file.separator" value="/"/>
    <property name="line.separator" value="&#10;"/>
    <property name="java.vm.specification.vendor" value="Oracle Corporation"/>
    <property name="java.specification.name" value="Java Platform API Specification"/>
    <property name="java.awt.graphicsenv" value="sun.awt.X11GraphicsEnvironment"/>
    <property name="skip.installnpx" value="true"/>
    <property name="surefire.real.class.path" value="/home/runner/work/ozone/ozone/hadoop-hdds/container-service/target/surefire/surefirebooter220109208647553848.jar:/home/runner/.m2/repository/org/jacoco/org.jacoco.agent/0.8.5/org.jacoco.agent-0.8.5-runtime.jar"/>
    <property name="hadoop.log.dir" value="/home/runner/work/ozone/ozone/hadoop-hdds/container-service/target/log"/>
    <property name="sun.boot.class.path" value="/usr/lib/jvm/temurin-8-jdk-amd64/jre/lib/resources.jar:/usr/lib/jvm/temurin-8-jdk-amd64/jre/lib/rt.jar:/usr/lib/jvm/temurin-8-jdk-amd64/jre/lib/sunrsasign.jar:/usr/lib/jvm/temurin-8-jdk-amd64/jre/lib/jsse.jar:/usr/lib/jvm/temurin-8-jdk-amd64/jre/lib/jce.jar:/usr/lib/jvm/temurin-8-jdk-amd64/jre/lib/charsets.jar:/usr/lib/jvm/temurin-8-jdk-amd64/jre/lib/jfr.jar:/usr/lib/jvm/temurin-8-jdk-amd64/jre/classes"/>
    <property name="sun.management.compiler" value="HotSpot 64-Bit Tiered Compilers"/>
    <property name="skip.npx" value="true"/>
    <property name="java.runtime.version" value="1.8.0_362-b09"/>
    <property name="java.net.preferIPv4Stack" value="true"/>
    <property name="user.name" value="runner"/>
    <property name="path.separator" value=":"/>
    <property name="java.security.egd" value="file:///dev/urandom"/>
    <property name="os.version" value="5.15.0-1036-azure"/>
    <property name="java.endorsed.dirs" value="/usr/lib/jvm/temurin-8-jdk-amd64/jre/lib/endorsed"/>
    <property name="java.runtime.name" value="OpenJDK Runtime Environment"/>
    <property name="file.encoding" value="UTF-8"/>
    <property name="java.vm.name" value="OpenJDK 64-Bit Server VM"/>
    <property name="test.build.webapps" value=""/>
    <property name="localRepository" value="/home/runner/.m2/repository"/>
    <property name="java.vendor.url.bug" value="https://github.com/adoptium/adoptium-support/issues"/>
    <property name="java.io.tmpdir" value="/tmp"/>
    <property name="require.test.libhadoop" value=""/>
    <property name="java.version" value="1.8.0_362"/>
    <property name="user.dir" value="/home/runner/work/ozone/ozone/hadoop-hdds/container-service"/>
    <property name="os.arch" value="amd64"/>
    <property name="java.vm.specification.name" value="Java Virtual Machine Specification"/>
    <property name="test.build.classes" value="/home/runner/work/ozone/ozone/hadoop-hdds/container-service/target/test-classes"/>
    <property name="java.awt.printerjob" value="sun.print.PSPrinterJob"/>
    <property name="sun.os.patch.level" value="unknown"/>
    <property name="hadoop.tmp.dir" value="/home/runner/work/ozone/ozone/hadoop-hdds/container-service/target/tmp"/>
    <property name="java.library.path" value="/usr/java/packages/lib/amd64:/usr/lib64:/lib64:/lib:/usr/lib"/>
    <property name="java.vm.info" value="mixed mode"/>
    <property name="java.vendor" value="Temurin"/>
    <property name="java.vm.version" value="25.362-b09"/>
    <property name="java.specification.maintenance.version" value="4"/>
    <property name="java.ext.dirs" value="/usr/lib/jvm/temurin-8-jdk-amd64/jre/lib/ext:/usr/java/packages/lib/ext"/>
    <property name="sun.io.unicode.encoding" value="UnicodeLittle"/>
    <property name="java.class.version" value="52.0"/>
  </properties>
  <testcase name="testMaxQueueSize" classname="TestReplicationSupervisor" time="1.492">
    <system-out><![CDATA[2023-05-02 23:12:50,686 [main] WARN  replication.ReplicationSupervisor (ReplicationSupervisor.java:addTask(111)) - Ignored class org.apache.hadoop.ozone.container.replication.ReplicationTask command for container 2 in Replication Supervisoras queue reached max size of 2.
2023-05-02 23:12:50,687 [main] WARN  replication.ReplicationSupervisor (ReplicationSupervisor.java:addTask(111)) - Ignored class org.apache.hadoop.ozone.container.replication.ReplicationTask command for container 3 in Replication Supervisoras queue reached max size of 2.
2023-05-02 23:12:50,687 [main] WARN  replication.ReplicationSupervisor (ReplicationSupervisor.java:addTask(111)) - Ignored class org.apache.hadoop.ozone.container.replication.ReplicationTask command for container 4 in Replication Supervisoras queue reached max size of 2.
2023-05-02 23:12:50,688 [main] WARN  replication.ReplicationSupervisor (ReplicationSupervisor.java:addTask(111)) - Ignored class org.apache.hadoop.ozone.container.replication.ReplicationTask command for container 5 in Replication Supervisoras queue reached max size of 2.
2023-05-02 23:12:50,688 [main] WARN  replication.ReplicationSupervisor (ReplicationSupervisor.java:addTask(111)) - Ignored class org.apache.hadoop.ozone.container.replication.ReplicationTask command for container 6 in Replication Supervisoras queue reached max size of 2.
2023-05-02 23:12:50,688 [main] WARN  replication.ReplicationSupervisor (ReplicationSupervisor.java:addTask(111)) - Ignored class org.apache.hadoop.ozone.container.replication.ReplicationTask command for container 7 in Replication Supervisoras queue reached max size of 2.
2023-05-02 23:12:50,688 [main] WARN  replication.ReplicationSupervisor (ReplicationSupervisor.java:addTask(111)) - Ignored class org.apache.hadoop.ozone.container.replication.ReplicationTask command for container 8 in Replication Supervisoras queue reached max size of 2.
2023-05-02 23:12:50,688 [main] WARN  replication.ReplicationSupervisor (ReplicationSupervisor.java:addTask(111)) - Ignored class org.apache.hadoop.ozone.container.replication.ReplicationTask command for container 9 in Replication Supervisoras queue reached max size of 2.
2023-05-02 23:12:50,689 [main] WARN  replication.ReplicationSupervisor (ReplicationSupervisor.java:addTask(111)) - Ignored class org.apache.hadoop.ozone.container.replication.ReplicationTask command for container 10 in Replication Supervisoras queue reached max size of 2.
2023-05-02 23:12:50,689 [main] WARN  replication.ReplicationSupervisor (ReplicationSupervisor.java:addTask(111)) - Ignored class org.apache.hadoop.ozone.container.replication.ReplicationTask command for container 11 in Replication Supervisoras queue reached max size of 2.
2023-05-02 23:12:50,689 [main] WARN  replication.ReplicationSupervisor (ReplicationSupervisor.java:addTask(111)) - Ignored class org.apache.hadoop.ozone.container.replication.ReplicationTask command for container 12 in Replication Supervisoras queue reached max size of 2.
2023-05-02 23:12:50,689 [main] WARN  replication.ReplicationSupervisor (ReplicationSupervisor.java:addTask(111)) - Ignored class org.apache.hadoop.ozone.container.replication.ReplicationTask command for container 13 in Replication Supervisoras queue reached max size of 2.
2023-05-02 23:12:50,689 [main] WARN  replication.ReplicationSupervisor (ReplicationSupervisor.java:addTask(111)) - Ignored class org.apache.hadoop.ozone.container.replication.ReplicationTask command for container 14 in Replication Supervisoras queue reached max size of 2.
2023-05-02 23:12:50,690 [main] WARN  replication.ReplicationSupervisor (ReplicationSupervisor.java:addTask(111)) - Ignored class org.apache.hadoop.ozone.container.replication.ReplicationTask command for container 15 in Replication Supervisoras queue reached max size of 2.
2023-05-02 23:12:50,690 [main] WARN  replication.ReplicationSupervisor (ReplicationSupervisor.java:addTask(111)) - Ignored class org.apache.hadoop.ozone.container.replication.ReplicationTask command for container 16 in Replication Supervisoras queue reached max size of 2.
2023-05-02 23:12:50,690 [main] WARN  replication.ReplicationSupervisor (ReplicationSupervisor.java:addTask(111)) - Ignored class org.apache.hadoop.ozone.container.replication.ReplicationTask command for container 17 in Replication Supervisoras queue reached max size of 2.
2023-05-02 23:12:50,690 [main] WARN  replication.ReplicationSupervisor (ReplicationSupervisor.java:addTask(111)) - Ignored class org.apache.hadoop.ozone.container.replication.ReplicationTask command for container 18 in Replication Supervisoras queue reached max size of 2.
2023-05-02 23:12:50,690 [main] WARN  replication.ReplicationSupervisor (ReplicationSupervisor.java:addTask(111)) - Ignored class org.apache.hadoop.ozone.container.replication.ReplicationTask command for container 19 in Replication Supervisoras queue reached max size of 2.
2023-05-02 23:12:50,691 [main] WARN  replication.ReplicationSupervisor (ReplicationSupervisor.java:addTask(111)) - Ignored class org.apache.hadoop.ozone.container.replication.ReplicationTask command for container 20 in Replication Supervisoras queue reached max size of 2.
2023-05-02 23:12:50,691 [main] WARN  replication.ReplicationSupervisor (ReplicationSupervisor.java:addTask(111)) - Ignored class org.apache.hadoop.ozone.container.replication.ReplicationTask command for container 21 in Replication Supervisoras queue reached max size of 2.
2023-05-02 23:12:50,691 [main] WARN  replication.ReplicationSupervisor (ReplicationSupervisor.java:addTask(111)) - Ignored class org.apache.hadoop.ozone.container.replication.ReplicationTask command for container 22 in Replication Supervisoras queue reached max size of 2.
2023-05-02 23:12:50,691 [main] WARN  replication.ReplicationSupervisor (ReplicationSupervisor.java:addTask(111)) - Ignored class org.apache.hadoop.ozone.container.replication.ReplicationTask command for container 23 in Replication Supervisoras queue reached max size of 2.
2023-05-02 23:12:50,691 [main] WARN  replication.ReplicationSupervisor (ReplicationSupervisor.java:addTask(111)) - Ignored class org.apache.hadoop.ozone.container.replication.ReplicationTask command for container 24 in Replication Supervisoras queue reached max size of 2.
2023-05-02 23:12:50,692 [main] WARN  replication.ReplicationSupervisor (ReplicationSupervisor.java:addTask(111)) - Ignored class org.apache.hadoop.ozone.container.replication.ReplicationTask command for container 25 in Replication Supervisoras queue reached max size of 2.
2023-05-02 23:12:50,692 [main] WARN  replication.ReplicationSupervisor (ReplicationSupervisor.java:addTask(111)) - Ignored class org.apache.hadoop.ozone.container.replication.ReplicationTask command for container 26 in Replication Supervisoras queue reached max size of 2.
2023-05-02 23:12:50,692 [main] WARN  replication.ReplicationSupervisor (ReplicationSupervisor.java:addTask(111)) - Ignored class org.apache.hadoop.ozone.container.replication.ReplicationTask command for container 27 in Replication Supervisoras queue reached max size of 2.
2023-05-02 23:12:50,694 [main] WARN  replication.ReplicationSupervisor (ReplicationSupervisor.java:addTask(111)) - Ignored class org.apache.hadoop.ozone.container.replication.ReplicationTask command for container 28 in Replication Supervisoras queue reached max size of 2.
2023-05-02 23:12:50,694 [main] WARN  replication.ReplicationSupervisor (ReplicationSupervisor.java:addTask(111)) - Ignored class org.apache.hadoop.ozone.container.replication.ReplicationTask command for container 29 in Replication Supervisoras queue reached max size of 2.
2023-05-02 23:12:50,695 [main] WARN  replication.ReplicationSupervisor (ReplicationSupervisor.java:addTask(111)) - Ignored class org.apache.hadoop.ozone.container.replication.ReplicationTask command for container 30 in Replication Supervisoras queue reached max size of 2.
2023-05-02 23:12:50,695 [main] WARN  replication.ReplicationSupervisor (ReplicationSupervisor.java:addTask(111)) - Ignored class org.apache.hadoop.ozone.container.replication.ReplicationTask command for container 31 in Replication Supervisoras queue reached max size of 2.
2023-05-02 23:12:50,695 [main] WARN  replication.ReplicationSupervisor (ReplicationSupervisor.java:addTask(111)) - Ignored class org.apache.hadoop.ozone.container.replication.ReplicationTask command for container 32 in Replication Supervisoras queue reached max size of 2.
2023-05-02 23:12:50,696 [main] WARN  replication.ReplicationSupervisor (ReplicationSupervisor.java:addTask(111)) - Ignored class org.apache.hadoop.ozone.container.replication.ReplicationTask command for container 33 in Replication Supervisoras queue reached max size of 2.
2023-05-02 23:12:50,697 [main] WARN  replication.ReplicationSupervisor (ReplicationSupervisor.java:addTask(111)) - Ignored class org.apache.hadoop.ozone.container.replication.ReplicationTask command for container 34 in Replication Supervisoras queue reached max size of 2.
2023-05-02 23:12:50,697 [main] WARN  replication.ReplicationSupervisor (ReplicationSupervisor.java:addTask(111)) - Ignored class org.apache.hadoop.ozone.container.replication.ReplicationTask command for container 35 in Replication Supervisoras queue reached max size of 2.
2023-05-02 23:12:50,698 [main] WARN  replication.ReplicationSupervisor (ReplicationSupervisor.java:addTask(111)) - Ignored class org.apache.hadoop.ozone.container.replication.ReplicationTask command for container 36 in Replication Supervisoras queue reached max size of 2.
2023-05-02 23:12:50,699 [main] WARN  replication.ReplicationSupervisor (ReplicationSupervisor.java:addTask(111)) - Ignored class org.apache.hadoop.ozone.container.replication.ReplicationTask command for container 37 in Replication Supervisoras queue reached max size of 2.
2023-05-02 23:12:50,699 [main] WARN  replication.ReplicationSupervisor (ReplicationSupervisor.java:addTask(111)) - Ignored class org.apache.hadoop.ozone.container.replication.ReplicationTask command for container 38 in Replication Supervisoras queue reached max size of 2.
2023-05-02 23:12:50,699 [main] WARN  replication.ReplicationSupervisor (ReplicationSupervisor.java:addTask(111)) - Ignored class org.apache.hadoop.ozone.container.replication.ReplicationTask command for container 39 in Replication Supervisoras queue reached max size of 2.
2023-05-02 23:12:50,699 [main] WARN  replication.ReplicationSupervisor (ReplicationSupervisor.java:addTask(111)) - Ignored class org.apache.hadoop.ozone.container.replication.ReplicationTask command for container 40 in Replication Supervisoras queue reached max size of 2.
2023-05-02 23:12:50,700 [main] WARN  replication.ReplicationSupervisor (ReplicationSupervisor.java:addTask(111)) - Ignored class org.apache.hadoop.ozone.container.replication.ReplicationTask command for container 41 in Replication Supervisoras queue reached max size of 2.
2023-05-02 23:12:50,700 [main] WARN  replication.ReplicationSupervisor (ReplicationSupervisor.java:addTask(111)) - Ignored class org.apache.hadoop.ozone.container.replication.ReplicationTask command for container 42 in Replication Supervisoras queue reached max size of 2.
2023-05-02 23:12:50,700 [main] WARN  replication.ReplicationSupervisor (ReplicationSupervisor.java:addTask(111)) - Ignored class org.apache.hadoop.ozone.container.replication.ReplicationTask command for container 43 in Replication Supervisoras queue reached max size of 2.
2023-05-02 23:12:50,700 [main] WARN  replication.ReplicationSupervisor (ReplicationSupervisor.java:addTask(111)) - Ignored class org.apache.hadoop.ozone.container.replication.ReplicationTask command for container 44 in Replication Supervisoras queue reached max size of 2.
2023-05-02 23:12:50,700 [main] WARN  replication.ReplicationSupervisor (ReplicationSupervisor.java:addTask(111)) - Ignored class org.apache.hadoop.ozone.container.replication.ReplicationTask command for container 45 in Replication Supervisoras queue reached max size of 2.
2023-05-02 23:12:50,701 [main] WARN  replication.ReplicationSupervisor (ReplicationSupervisor.java:addTask(111)) - Ignored class org.apache.hadoop.ozone.container.replication.ReplicationTask command for container 46 in Replication Supervisoras queue reached max size of 2.
2023-05-02 23:12:50,701 [main] WARN  replication.ReplicationSupervisor (ReplicationSupervisor.java:addTask(111)) - Ignored class org.apache.hadoop.ozone.container.replication.ReplicationTask command for container 47 in Replication Supervisoras queue reached max size of 2.
2023-05-02 23:12:50,701 [main] WARN  replication.ReplicationSupervisor (ReplicationSupervisor.java:addTask(111)) - Ignored class org.apache.hadoop.ozone.container.replication.ReplicationTask command for container 48 in Replication Supervisoras queue reached max size of 2.
2023-05-02 23:12:50,701 [main] WARN  replication.ReplicationSupervisor (ReplicationSupervisor.java:addTask(111)) - Ignored class org.apache.hadoop.ozone.container.replication.ReplicationTask command for container 49 in Replication Supervisoras queue reached max size of 2.
2023-05-02 23:12:50,701 [main] WARN  replication.ReplicationSupervisor (ReplicationSupervisor.java:addTask(111)) - Ignored class org.apache.hadoop.ozone.container.replication.ReplicationTask command for container 50 in Replication Supervisoras queue reached max size of 2.
2023-05-02 23:12:50,708 [main] WARN  replication.ReplicationSupervisor (ReplicationSupervisor.java:addTask(111)) - Ignored class org.apache.hadoop.ozone.container.replication.ReplicationTask command for container 51 in Replication Supervisoras queue reached max size of 2.
2023-05-02 23:12:50,708 [main] WARN  replication.ReplicationSupervisor (ReplicationSupervisor.java:addTask(111)) - Ignored class org.apache.hadoop.ozone.container.replication.ReplicationTask command for container 52 in Replication Supervisoras queue reached max size of 2.
2023-05-02 23:12:50,709 [main] WARN  replication.ReplicationSupervisor (ReplicationSupervisor.java:addTask(111)) - Ignored class org.apache.hadoop.ozone.container.replication.ReplicationTask command for container 53 in Replication Supervisoras queue reached max size of 2.
2023-05-02 23:12:50,709 [main] WARN  replication.ReplicationSupervisor (ReplicationSupervisor.java:addTask(111)) - Ignored class org.apache.hadoop.ozone.container.replication.ReplicationTask command for container 54 in Replication Supervisoras queue reached max size of 2.
2023-05-02 23:12:50,709 [main] WARN  replication.ReplicationSupervisor (ReplicationSupervisor.java:addTask(111)) - Ignored class org.apache.hadoop.ozone.container.replication.ReplicationTask command for container 55 in Replication Supervisoras queue reached max size of 2.
2023-05-02 23:12:50,709 [main] WARN  replication.ReplicationSupervisor (ReplicationSupervisor.java:addTask(111)) - Ignored class org.apache.hadoop.ozone.container.replication.ReplicationTask command for container 56 in Replication Supervisoras queue reached max size of 2.
2023-05-02 23:12:50,709 [main] WARN  replication.ReplicationSupervisor (ReplicationSupervisor.java:addTask(111)) - Ignored class org.apache.hadoop.ozone.container.replication.ReplicationTask command for container 57 in Replication Supervisoras queue reached max size of 2.
2023-05-02 23:12:50,709 [main] WARN  replication.ReplicationSupervisor (ReplicationSupervisor.java:addTask(111)) - Ignored class org.apache.hadoop.ozone.container.replication.ReplicationTask command for container 58 in Replication Supervisoras queue reached max size of 2.
2023-05-02 23:12:50,710 [main] WARN  replication.ReplicationSupervisor (ReplicationSupervisor.java:addTask(111)) - Ignored class org.apache.hadoop.ozone.container.replication.ReplicationTask command for container 59 in Replication Supervisoras queue reached max size of 2.
2023-05-02 23:12:50,710 [main] WARN  replication.ReplicationSupervisor (ReplicationSupervisor.java:addTask(111)) - Ignored class org.apache.hadoop.ozone.container.replication.ReplicationTask command for container 60 in Replication Supervisoras queue reached max size of 2.
2023-05-02 23:12:50,710 [main] WARN  replication.ReplicationSupervisor (ReplicationSupervisor.java:addTask(111)) - Ignored class org.apache.hadoop.ozone.container.replication.ReplicationTask command for container 61 in Replication Supervisoras queue reached max size of 2.
2023-05-02 23:12:50,710 [main] WARN  replication.ReplicationSupervisor (ReplicationSupervisor.java:addTask(111)) - Ignored class org.apache.hadoop.ozone.container.replication.ReplicationTask command for container 62 in Replication Supervisoras queue reached max size of 2.
2023-05-02 23:12:50,710 [main] WARN  replication.ReplicationSupervisor (ReplicationSupervisor.java:addTask(111)) - Ignored class org.apache.hadoop.ozone.container.replication.ReplicationTask command for container 63 in Replication Supervisoras queue reached max size of 2.
2023-05-02 23:12:50,710 [main] WARN  replication.ReplicationSupervisor (ReplicationSupervisor.java:addTask(111)) - Ignored class org.apache.hadoop.ozone.container.replication.ReplicationTask command for container 64 in Replication Supervisoras queue reached max size of 2.
2023-05-02 23:12:50,711 [main] WARN  replication.ReplicationSupervisor (ReplicationSupervisor.java:addTask(111)) - Ignored class org.apache.hadoop.ozone.container.replication.ReplicationTask command for container 65 in Replication Supervisoras queue reached max size of 2.
2023-05-02 23:12:50,711 [main] WARN  replication.ReplicationSupervisor (ReplicationSupervisor.java:addTask(111)) - Ignored class org.apache.hadoop.ozone.container.replication.ReplicationTask command for container 66 in Replication Supervisoras queue reached max size of 2.
2023-05-02 23:12:50,711 [main] WARN  replication.ReplicationSupervisor (ReplicationSupervisor.java:addTask(111)) - Ignored class org.apache.hadoop.ozone.container.replication.ReplicationTask command for container 67 in Replication Supervisoras queue reached max size of 2.
2023-05-02 23:12:50,711 [main] WARN  replication.ReplicationSupervisor (ReplicationSupervisor.java:addTask(111)) - Ignored class org.apache.hadoop.ozone.container.replication.ReplicationTask command for container 68 in Replication Supervisoras queue reached max size of 2.
2023-05-02 23:12:50,711 [main] WARN  replication.ReplicationSupervisor (ReplicationSupervisor.java:addTask(111)) - Ignored class org.apache.hadoop.ozone.container.replication.ReplicationTask command for container 69 in Replication Supervisoras queue reached max size of 2.
2023-05-02 23:12:50,711 [main] WARN  replication.ReplicationSupervisor (ReplicationSupervisor.java:addTask(111)) - Ignored class org.apache.hadoop.ozone.container.replication.ReplicationTask command for container 70 in Replication Supervisoras queue reached max size of 2.
2023-05-02 23:12:50,711 [main] WARN  replication.ReplicationSupervisor (ReplicationSupervisor.java:addTask(111)) - Ignored class org.apache.hadoop.ozone.container.replication.ReplicationTask command for container 71 in Replication Supervisoras queue reached max size of 2.
2023-05-02 23:12:50,712 [main] WARN  replication.ReplicationSupervisor (ReplicationSupervisor.java:addTask(111)) - Ignored class org.apache.hadoop.ozone.container.replication.ReplicationTask command for container 72 in Replication Supervisoras queue reached max size of 2.
2023-05-02 23:12:50,712 [main] WARN  replication.ReplicationSupervisor (ReplicationSupervisor.java:addTask(111)) - Ignored class org.apache.hadoop.ozone.container.replication.ReplicationTask command for container 73 in Replication Supervisoras queue reached max size of 2.
2023-05-02 23:12:50,712 [main] WARN  replication.ReplicationSupervisor (ReplicationSupervisor.java:addTask(111)) - Ignored class org.apache.hadoop.ozone.container.replication.ReplicationTask command for container 74 in Replication Supervisoras queue reached max size of 2.
2023-05-02 23:12:50,712 [main] WARN  replication.ReplicationSupervisor (ReplicationSupervisor.java:addTask(111)) - Ignored class org.apache.hadoop.ozone.container.replication.ReplicationTask command for container 75 in Replication Supervisoras queue reached max size of 2.
2023-05-02 23:12:50,712 [main] WARN  replication.ReplicationSupervisor (ReplicationSupervisor.java:addTask(111)) - Ignored class org.apache.hadoop.ozone.container.replication.ReplicationTask command for container 76 in Replication Supervisoras queue reached max size of 2.
2023-05-02 23:12:50,712 [main] WARN  replication.ReplicationSupervisor (ReplicationSupervisor.java:addTask(111)) - Ignored class org.apache.hadoop.ozone.container.replication.ReplicationTask command for container 77 in Replication Supervisoras queue reached max size of 2.
2023-05-02 23:12:50,713 [main] WARN  replication.ReplicationSupervisor (ReplicationSupervisor.java:addTask(111)) - Ignored class org.apache.hadoop.ozone.container.replication.ReplicationTask command for container 78 in Replication Supervisoras queue reached max size of 2.
2023-05-02 23:12:50,713 [main] WARN  replication.ReplicationSupervisor (ReplicationSupervisor.java:addTask(111)) - Ignored class org.apache.hadoop.ozone.container.replication.ReplicationTask command for container 79 in Replication Supervisoras queue reached max size of 2.
2023-05-02 23:12:50,713 [main] WARN  replication.ReplicationSupervisor (ReplicationSupervisor.java:addTask(111)) - Ignored class org.apache.hadoop.ozone.container.replication.ReplicationTask command for container 80 in Replication Supervisoras queue reached max size of 2.
2023-05-02 23:12:50,713 [main] WARN  replication.ReplicationSupervisor (ReplicationSupervisor.java:addTask(111)) - Ignored class org.apache.hadoop.ozone.container.replication.ReplicationTask command for container 81 in Replication Supervisoras queue reached max size of 2.
2023-05-02 23:12:50,713 [main] WARN  replication.ReplicationSupervisor (ReplicationSupervisor.java:addTask(111)) - Ignored class org.apache.hadoop.ozone.container.replication.ReplicationTask command for container 82 in Replication Supervisoras queue reached max size of 2.
2023-05-02 23:12:50,713 [main] WARN  replication.ReplicationSupervisor (ReplicationSupervisor.java:addTask(111)) - Ignored class org.apache.hadoop.ozone.container.replication.ReplicationTask command for container 83 in Replication Supervisoras queue reached max size of 2.
2023-05-02 23:12:50,713 [main] WARN  replication.ReplicationSupervisor (ReplicationSupervisor.java:addTask(111)) - Ignored class org.apache.hadoop.ozone.container.replication.ReplicationTask command for container 84 in Replication Supervisoras queue reached max size of 2.
2023-05-02 23:12:50,714 [main] WARN  replication.ReplicationSupervisor (ReplicationSupervisor.java:addTask(111)) - Ignored class org.apache.hadoop.ozone.container.replication.ReplicationTask command for container 85 in Replication Supervisoras queue reached max size of 2.
2023-05-02 23:12:50,714 [main] WARN  replication.ReplicationSupervisor (ReplicationSupervisor.java:addTask(111)) - Ignored class org.apache.hadoop.ozone.container.replication.ReplicationTask command for container 86 in Replication Supervisoras queue reached max size of 2.
2023-05-02 23:12:50,714 [main] WARN  replication.ReplicationSupervisor (ReplicationSupervisor.java:addTask(111)) - Ignored class org.apache.hadoop.ozone.container.replication.ReplicationTask command for container 87 in Replication Supervisoras queue reached max size of 2.
2023-05-02 23:12:50,714 [main] WARN  replication.ReplicationSupervisor (ReplicationSupervisor.java:addTask(111)) - Ignored class org.apache.hadoop.ozone.container.replication.ReplicationTask command for container 88 in Replication Supervisoras queue reached max size of 2.
2023-05-02 23:12:50,714 [main] WARN  replication.ReplicationSupervisor (ReplicationSupervisor.java:addTask(111)) - Ignored class org.apache.hadoop.ozone.container.replication.ReplicationTask command for container 89 in Replication Supervisoras queue reached max size of 2.
2023-05-02 23:12:50,714 [main] WARN  replication.ReplicationSupervisor (ReplicationSupervisor.java:addTask(111)) - Ignored class org.apache.hadoop.ozone.container.replication.ReplicationTask command for container 90 in Replication Supervisoras queue reached max size of 2.
2023-05-02 23:12:50,714 [main] WARN  replication.ReplicationSupervisor (ReplicationSupervisor.java:addTask(111)) - Ignored class org.apache.hadoop.ozone.container.replication.ReplicationTask command for container 91 in Replication Supervisoras queue reached max size of 2.
2023-05-02 23:12:50,715 [main] WARN  replication.ReplicationSupervisor (ReplicationSupervisor.java:addTask(111)) - Ignored class org.apache.hadoop.ozone.container.replication.ReplicationTask command for container 92 in Replication Supervisoras queue reached max size of 2.
2023-05-02 23:12:50,715 [main] WARN  replication.ReplicationSupervisor (ReplicationSupervisor.java:addTask(111)) - Ignored class org.apache.hadoop.ozone.container.replication.ReplicationTask command for container 93 in Replication Supervisoras queue reached max size of 2.
2023-05-02 23:12:50,715 [main] WARN  replication.ReplicationSupervisor (ReplicationSupervisor.java:addTask(111)) - Ignored class org.apache.hadoop.ozone.container.replication.ReplicationTask command for container 94 in Replication Supervisoras queue reached max size of 2.
2023-05-02 23:12:50,715 [main] WARN  replication.ReplicationSupervisor (ReplicationSupervisor.java:addTask(111)) - Ignored class org.apache.hadoop.ozone.container.replication.ReplicationTask command for container 95 in Replication Supervisoras queue reached max size of 2.
2023-05-02 23:12:50,715 [main] WARN  replication.ReplicationSupervisor (ReplicationSupervisor.java:addTask(111)) - Ignored class org.apache.hadoop.ozone.container.replication.ReplicationTask command for container 96 in Replication Supervisoras queue reached max size of 2.
2023-05-02 23:12:50,715 [main] WARN  replication.ReplicationSupervisor (ReplicationSupervisor.java:addTask(111)) - Ignored class org.apache.hadoop.ozone.container.replication.ReplicationTask command for container 97 in Replication Supervisoras queue reached max size of 2.
2023-05-02 23:12:50,715 [main] WARN  replication.ReplicationSupervisor (ReplicationSupervisor.java:addTask(111)) - Ignored class org.apache.hadoop.ozone.container.replication.ReplicationTask command for container 98 in Replication Supervisoras queue reached max size of 2.
2023-05-02 23:12:50,716 [main] WARN  replication.ReplicationSupervisor (ReplicationSupervisor.java:addTask(111)) - Ignored class org.apache.hadoop.ozone.container.replication.ReplicationTask command for container 99 in Replication Supervisoras queue reached max size of 2.
]]></system-out>
  </testcase>
  <testcase name="testMaxQueueSize" classname="TestReplicationSupervisor" time="0.045">
    <failure type="org.opentest4j.AssertionFailedError"><![CDATA[org.opentest4j.AssertionFailedError: expected: <true> but was: <false>
	at org.junit.jupiter.api.AssertionUtils.fail(AssertionUtils.java:55)
	at org.junit.jupiter.api.AssertTrue.assertTrue(AssertTrue.java:40)
	at org.junit.jupiter.api.AssertTrue.assertTrue(AssertTrue.java:35)
	at org.junit.jupiter.api.Assertions.assertTrue(Assertions.java:179)
	at org.apache.hadoop.ozone.container.replication.TestReplicationSupervisor.testMaxQueueSize(TestReplicationSupervisor.java:681)
	at sun.reflect.NativeMethodAccessorImpl.invoke0(Native Method)
	at sun.reflect.NativeMethodAccessorImpl.invoke(NativeMethodAccessorImpl.java:62)
	at sun.reflect.DelegatingMethodAccessorImpl.invoke(DelegatingMethodAccessorImpl.java:43)
	at java.lang.reflect.Method.invoke(Method.java:498)
	at org.junit.runners.model.FrameworkMethod$1.runReflectiveCall(FrameworkMethod.java:59)
	at org.junit.internal.runners.model.ReflectiveCallable.run(ReflectiveCallable.java:12)
	at org.junit.runners.model.FrameworkMethod.invokeExplosively(FrameworkMethod.java:56)
	at org.junit.internal.runners.statements.InvokeMethod.evaluate(InvokeMethod.java:17)
	at org.junit.internal.runners.statements.RunBefores.evaluate(RunBefores.java:26)
	at org.junit.internal.runners.statements.RunAfters.evaluate(RunAfters.java:27)
	at org.junit.runners.ParentRunner$3.evaluate(ParentRunner.java:306)
	at org.junit.runners.BlockJUnit4ClassRunner$1.evaluate(BlockJUnit4ClassRunner.java:100)
	at org.junit.runners.ParentRunner.runLeaf(ParentRunner.java:366)
	at org.junit.runners.BlockJUnit4ClassRunner.runChild(BlockJUnit4ClassRunner.java:103)
	at org.junit.runners.BlockJUnit4ClassRunner.runChild(BlockJUnit4ClassRunner.java:63)
	at org.junit.runners.ParentRunner$4.run(ParentRunner.java:331)
	at org.junit.runners.ParentRunner$1.schedule(ParentRunner.java:79)
	at org.junit.runners.ParentRunner.runChildren(ParentRunner.java:329)
	at org.junit.runners.ParentRunner.access$100(ParentRunner.java:66)
	at org.junit.runners.ParentRunner$2.evaluate(ParentRunner.java:293)
	at org.junit.runners.ParentRunner.run(ParentRunner.java:413)
	at org.junit.runners.Suite.runChild(Suite.java:128)
	at org.junit.runners.Suite.runChild(Suite.java:27)
	at org.junit.runners.ParentRunner$4.run(ParentRunner.java:331)
	at org.junit.runners.ParentRunner$1.schedule(ParentRunner.java:79)
	at org.junit.runners.ParentRunner.runChildren(ParentRunner.java:329)
	at org.junit.runners.ParentRunner.access$100(ParentRunner.java:66)
	at org.junit.runners.ParentRunner$2.evaluate(ParentRunner.java:293)
	at org.junit.runners.ParentRunner$3.evaluate(ParentRunner.java:306)
	at org.junit.runners.ParentRunner.run(ParentRunner.java:413)
	at org.junit.runner.JUnitCore.run(JUnitCore.java:137)
	at org.junit.runner.JUnitCore.run(JUnitCore.java:115)
	at org.junit.vintage.engine.execution.RunnerExecutor.execute(RunnerExecutor.java:42)
	at org.junit.vintage.engine.VintageTestEngine.executeAllChildren(VintageTestEngine.java:80)
	at org.junit.vintage.engine.VintageTestEngine.execute(VintageTestEngine.java:72)
	at org.junit.platform.launcher.core.EngineExecutionOrchestrator.execute(EngineExecutionOrchestrator.java:107)
	at org.junit.platform.launcher.core.EngineExecutionOrchestrator.execute(EngineExecutionOrchestrator.java:88)
	at org.junit.platform.launcher.core.EngineExecutionOrchestrator.lambda$execute$0(EngineExecutionOrchestrator.java:54)
	at org.junit.platform.launcher.core.EngineExecutionOrchestrator.withInterceptedStreams(EngineExecutionOrchestrator.java:67)
	at org.junit.platform.launcher.core.EngineExecutionOrchestrator.execute(EngineExecutionOrchestrator.java:52)
	at org.junit.platform.launcher.core.DefaultLauncher.execute(DefaultLauncher.java:114)
	at org.junit.platform.launcher.core.DefaultLauncher.execute(DefaultLauncher.java:86)
	at org.junit.platform.launcher.core.DefaultLauncherSession$DelegatingLauncher.execute(DefaultLauncherSession.java:86)
	at org.junit.platform.launcher.core.SessionPerRequestLauncher.execute(SessionPerRequestLauncher.java:53)
	at org.apache.maven.surefire.junitplatform.JUnitPlatformProvider.execute(JUnitPlatformProvider.java:188)
	at org.apache.maven.surefire.junitplatform.JUnitPlatformProvider.invokeAllTests(JUnitPlatformProvider.java:154)
	at org.apache.maven.surefire.junitplatform.JUnitPlatformProvider.invoke(JUnitPlatformProvider.java:124)
	at org.apache.maven.surefire.booter.ForkedBooter.runSuitesInProcess(ForkedBooter.java:428)
	at org.apache.maven.surefire.booter.ForkedBooter.execute(ForkedBooter.java:162)
	at org.apache.maven.surefire.booter.ForkedBooter.run(ForkedBooter.java:562)
	at org.apache.maven.surefire.booter.ForkedBooter.main(ForkedBooter.java:548)
]]></failure>
    <system-out><![CDATA[2023-05-02 23:12:55,291 [main] WARN  replication.ReplicationSupervisor (ReplicationSupervisor.java:addTask(111)) - Ignored class org.apache.hadoop.ozone.container.replication.ReplicationTask command for container 2 in Replication Supervisoras queue reached max size of 2.
2023-05-02 23:12:55,291 [main] WARN  replication.ReplicationSupervisor (ReplicationSupervisor.java:addTask(111)) - Ignored class org.apache.hadoop.ozone.container.replication.ReplicationTask command for container 3 in Replication Supervisoras queue reached max size of 2.
2023-05-02 23:12:55,291 [main] WARN  replication.ReplicationSupervisor (ReplicationSupervisor.java:addTask(111)) - Ignored class org.apache.hadoop.ozone.container.replication.ReplicationTask command for container 4 in Replication Supervisoras queue reached max size of 2.
2023-05-02 23:12:55,291 [main] WARN  replication.ReplicationSupervisor (ReplicationSupervisor.java:addTask(111)) - Ignored class org.apache.hadoop.ozone.container.replication.ReplicationTask command for container 5 in Replication Supervisoras queue reached max size of 2.
2023-05-02 23:12:55,292 [main] WARN  replication.ReplicationSupervisor (ReplicationSupervisor.java:addTask(111)) - Ignored class org.apache.hadoop.ozone.container.replication.ReplicationTask command for container 6 in Replication Supervisoras queue reached max size of 2.
2023-05-02 23:12:55,292 [main] WARN  replication.ReplicationSupervisor (ReplicationSupervisor.java:addTask(111)) - Ignored class org.apache.hadoop.ozone.container.replication.ReplicationTask command for container 7 in Replication Supervisoras queue reached max size of 2.
2023-05-02 23:12:55,292 [main] WARN  replication.ReplicationSupervisor (ReplicationSupervisor.java:addTask(111)) - Ignored class org.apache.hadoop.ozone.container.replication.ReplicationTask command for container 8 in Replication Supervisoras queue reached max size of 2.
2023-05-02 23:12:55,292 [main] WARN  replication.ReplicationSupervisor (ReplicationSupervisor.java:addTask(111)) - Ignored class org.apache.hadoop.ozone.container.replication.ReplicationTask command for container 9 in Replication Supervisoras queue reached max size of 2.
2023-05-02 23:12:55,292 [main] WARN  replication.ReplicationSupervisor (ReplicationSupervisor.java:addTask(111)) - Ignored class org.apache.hadoop.ozone.container.replication.ReplicationTask command for container 10 in Replication Supervisoras queue reached max size of 2.
2023-05-02 23:12:55,292 [main] WARN  replication.ReplicationSupervisor (ReplicationSupervisor.java:addTask(111)) - Ignored class org.apache.hadoop.ozone.container.replication.ReplicationTask command for container 11 in Replication Supervisoras queue reached max size of 2.
2023-05-02 23:12:55,292 [main] WARN  replication.ReplicationSupervisor (ReplicationSupervisor.java:addTask(111)) - Ignored class org.apache.hadoop.ozone.container.replication.ReplicationTask command for container 12 in Replication Supervisoras queue reached max size of 2.
2023-05-02 23:12:55,292 [main] WARN  replication.ReplicationSupervisor (ReplicationSupervisor.java:addTask(111)) - Ignored class org.apache.hadoop.ozone.container.replication.ReplicationTask command for container 13 in Replication Supervisoras queue reached max size of 2.
2023-05-02 23:12:55,293 [main] WARN  replication.ReplicationSupervisor (ReplicationSupervisor.java:addTask(111)) - Ignored class org.apache.hadoop.ozone.container.replication.ReplicationTask command for container 14 in Replication Supervisoras queue reached max size of 2.
2023-05-02 23:12:55,293 [main] WARN  replication.ReplicationSupervisor (ReplicationSupervisor.java:addTask(111)) - Ignored class org.apache.hadoop.ozone.container.replication.ReplicationTask command for container 15 in Replication Supervisoras queue reached max size of 2.
2023-05-02 23:12:55,293 [main] WARN  replication.ReplicationSupervisor (ReplicationSupervisor.java:addTask(111)) - Ignored class org.apache.hadoop.ozone.container.replication.ReplicationTask command for container 16 in Replication Supervisoras queue reached max size of 2.
2023-05-02 23:12:55,293 [main] WARN  replication.ReplicationSupervisor (ReplicationSupervisor.java:addTask(111)) - Ignored class org.apache.hadoop.ozone.container.replication.ReplicationTask command for container 17 in Replication Supervisoras queue reached max size of 2.
2023-05-02 23:12:55,293 [main] WARN  replication.ReplicationSupervisor (ReplicationSupervisor.java:addTask(111)) - Ignored class org.apache.hadoop.ozone.container.replication.ReplicationTask command for container 18 in Replication Supervisoras queue reached max size of 2.
2023-05-02 23:12:55,293 [main] WARN  replication.ReplicationSupervisor (ReplicationSupervisor.java:addTask(111)) - Ignored class org.apache.hadoop.ozone.container.replication.ReplicationTask command for container 19 in Replication Supervisoras queue reached max size of 2.
2023-05-02 23:12:55,293 [main] WARN  replication.ReplicationSupervisor (ReplicationSupervisor.java:addTask(111)) - Ignored class org.apache.hadoop.ozone.container.replication.ReplicationTask command for container 20 in Replication Supervisoras queue reached max size of 2.
2023-05-02 23:12:55,294 [main] WARN  replication.ReplicationSupervisor (ReplicationSupervisor.java:addTask(111)) - Ignored class org.apache.hadoop.ozone.container.replication.ReplicationTask command for container 21 in Replication Supervisoras queue reached max size of 2.
2023-05-02 23:12:55,294 [main] WARN  replication.ReplicationSupervisor (ReplicationSupervisor.java:addTask(111)) - Ignored class org.apache.hadoop.ozone.container.replication.ReplicationTask command for container 22 in Replication Supervisoras queue reached max size of 2.
2023-05-02 23:12:55,294 [main] WARN  replication.ReplicationSupervisor (ReplicationSupervisor.java:addTask(111)) - Ignored class org.apache.hadoop.ozone.container.replication.ReplicationTask command for container 23 in Replication Supervisoras queue reached max size of 2.
2023-05-02 23:12:55,294 [main] WARN  replication.ReplicationSupervisor (ReplicationSupervisor.java:addTask(111)) - Ignored class org.apache.hadoop.ozone.container.replication.ReplicationTask command for container 24 in Replication Supervisoras queue reached max size of 2.
2023-05-02 23:12:55,294 [main] WARN  replication.ReplicationSupervisor (ReplicationSupervisor.java:addTask(111)) - Ignored class org.apache.hadoop.ozone.container.replication.ReplicationTask command for container 25 in Replication Supervisoras queue reached max size of 2.
2023-05-02 23:12:55,294 [main] WARN  replication.ReplicationSupervisor (ReplicationSupervisor.java:addTask(111)) - Ignored class org.apache.hadoop.ozone.container.replication.ReplicationTask command for container 26 in Replication Supervisoras queue reached max size of 2.
2023-05-02 23:12:55,295 [main] WARN  replication.ReplicationSupervisor (ReplicationSupervisor.java:addTask(111)) - Ignored class org.apache.hadoop.ozone.container.replication.ReplicationTask command for container 27 in Replication Supervisoras queue reached max size of 2.
2023-05-02 23:12:55,295 [main] WARN  replication.ReplicationSupervisor (ReplicationSupervisor.java:addTask(111)) - Ignored class org.apache.hadoop.ozone.container.replication.ReplicationTask command for container 28 in Replication Supervisoras queue reached max size of 2.
2023-05-02 23:12:55,295 [main] WARN  replication.ReplicationSupervisor (ReplicationSupervisor.java:addTask(111)) - Ignored class org.apache.hadoop.ozone.container.replication.ReplicationTask command for container 29 in Replication Supervisoras queue reached max size of 2.
2023-05-02 23:12:55,295 [main] WARN  replication.ReplicationSupervisor (ReplicationSupervisor.java:addTask(111)) - Ignored class org.apache.hadoop.ozone.container.replication.ReplicationTask command for container 30 in Replication Supervisoras queue reached max size of 2.
2023-05-02 23:12:55,295 [main] WARN  replication.ReplicationSupervisor (ReplicationSupervisor.java:addTask(111)) - Ignored class org.apache.hadoop.ozone.container.replication.ReplicationTask command for container 31 in Replication Supervisoras queue reached max size of 2.
2023-05-02 23:12:55,295 [main] WARN  replication.ReplicationSupervisor (ReplicationSupervisor.java:addTask(111)) - Ignored class org.apache.hadoop.ozone.container.replication.ReplicationTask command for container 32 in Replication Supervisoras queue reached max size of 2.
2023-05-02 23:12:55,295 [main] WARN  replication.ReplicationSupervisor (ReplicationSupervisor.java:addTask(111)) - Ignored class org.apache.hadoop.ozone.container.replication.ReplicationTask command for container 33 in Replication Supervisoras queue reached max size of 2.
2023-05-02 23:12:55,295 [main] WARN  replication.ReplicationSupervisor (ReplicationSupervisor.java:addTask(111)) - Ignored class org.apache.hadoop.ozone.container.replication.ReplicationTask command for container 34 in Replication Supervisoras queue reached max size of 2.
2023-05-02 23:12:55,295 [main] WARN  replication.ReplicationSupervisor (ReplicationSupervisor.java:addTask(111)) - Ignored class org.apache.hadoop.ozone.container.replication.ReplicationTask command for container 35 in Replication Supervisoras queue reached max size of 2.
2023-05-02 23:12:55,296 [main] WARN  replication.ReplicationSupervisor (ReplicationSupervisor.java:addTask(111)) - Ignored class org.apache.hadoop.ozone.container.replication.ReplicationTask command for container 36 in Replication Supervisoras queue reached max size of 2.
2023-05-02 23:12:55,296 [main] WARN  replication.ReplicationSupervisor (ReplicationSupervisor.java:addTask(111)) - Ignored class org.apache.hadoop.ozone.container.replication.ReplicationTask command for container 37 in Replication Supervisoras queue reached max size of 2.
2023-05-02 23:12:55,296 [main] WARN  replication.ReplicationSupervisor (ReplicationSupervisor.java:addTask(111)) - Ignored class org.apache.hadoop.ozone.container.replication.ReplicationTask command for container 38 in Replication Supervisoras queue reached max size of 2.
2023-05-02 23:12:55,296 [main] WARN  replication.ReplicationSupervisor (ReplicationSupervisor.java:addTask(111)) - Ignored class org.apache.hadoop.ozone.container.replication.ReplicationTask command for container 39 in Replication Supervisoras queue reached max size of 2.
2023-05-02 23:12:55,297 [main] WARN  replication.ReplicationSupervisor (ReplicationSupervisor.java:addTask(111)) - Ignored class org.apache.hadoop.ozone.container.replication.ReplicationTask command for container 40 in Replication Supervisoras queue reached max size of 2.
2023-05-02 23:12:55,297 [main] WARN  replication.ReplicationSupervisor (ReplicationSupervisor.java:addTask(111)) - Ignored class org.apache.hadoop.ozone.container.replication.ReplicationTask command for container 41 in Replication Supervisoras queue reached max size of 2.
2023-05-02 23:12:55,297 [main] WARN  replication.ReplicationSupervisor (ReplicationSupervisor.java:addTask(111)) - Ignored class org.apache.hadoop.ozone.container.replication.ReplicationTask command for container 42 in Replication Supervisoras queue reached max size of 2.
2023-05-02 23:12:55,297 [main] WARN  replication.ReplicationSupervisor (ReplicationSupervisor.java:addTask(111)) - Ignored class org.apache.hadoop.ozone.container.replication.ReplicationTask command for container 43 in Replication Supervisoras queue reached max size of 2.
2023-05-02 23:12:55,297 [main] WARN  replication.ReplicationSupervisor (ReplicationSupervisor.java:addTask(111)) - Ignored class org.apache.hadoop.ozone.container.replication.ReplicationTask command for container 44 in Replication Supervisoras queue reached max size of 2.
2023-05-02 23:12:55,297 [main] WARN  replication.ReplicationSupervisor (ReplicationSupervisor.java:addTask(111)) - Ignored class org.apache.hadoop.ozone.container.replication.ReplicationTask command for container 45 in Replication Supervisoras queue reached max size of 2.
2023-05-02 23:12:55,297 [main] WARN  replication.ReplicationSupervisor (ReplicationSupervisor.java:addTask(111)) - Ignored class org.apache.hadoop.ozone.container.replication.ReplicationTask command for container 46 in Replication Supervisoras queue reached max size of 2.
2023-05-02 23:12:55,297 [main] WARN  replication.ReplicationSupervisor (ReplicationSupervisor.java:addTask(111)) - Ignored class org.apache.hadoop.ozone.container.replication.ReplicationTask command for container 47 in Replication Supervisoras queue reached max size of 2.
2023-05-02 23:12:55,298 [main] WARN  replication.ReplicationSupervisor (ReplicationSupervisor.java:addTask(111)) - Ignored class org.apache.hadoop.ozone.container.replication.ReplicationTask command for container 48 in Replication Supervisoras queue reached max size of 2.
2023-05-02 23:12:55,298 [main] WARN  replication.ReplicationSupervisor (ReplicationSupervisor.java:addTask(111)) - Ignored class org.apache.hadoop.ozone.container.replication.ReplicationTask command for container 49 in Replication Supervisoras queue reached max size of 2.
2023-05-02 23:12:55,298 [main] WARN  replication.ReplicationSupervisor (ReplicationSupervisor.java:addTask(111)) - Ignored class org.apache.hadoop.ozone.container.replication.ReplicationTask command for container 50 in Replication Supervisoras queue reached max size of 2.
2023-05-02 23:12:55,298 [main] WARN  replication.ReplicationSupervisor (ReplicationSupervisor.java:addTask(111)) - Ignored class org.apache.hadoop.ozone.container.replication.ReplicationTask command for container 51 in Replication Supervisoras queue reached max size of 2.
2023-05-02 23:12:55,298 [main] WARN  replication.ReplicationSupervisor (ReplicationSupervisor.java:addTask(111)) - Ignored class org.apache.hadoop.ozone.container.replication.ReplicationTask command for container 52 in Replication Supervisoras queue reached max size of 2.
2023-05-02 23:12:55,298 [main] WARN  replication.ReplicationSupervisor (ReplicationSupervisor.java:addTask(111)) - Ignored class org.apache.hadoop.ozone.container.replication.ReplicationTask command for container 53 in Replication Supervisoras queue reached max size of 2.
2023-05-02 23:12:55,298 [main] WARN  replication.ReplicationSupervisor (ReplicationSupervisor.java:addTask(111)) - Ignored class org.apache.hadoop.ozone.container.replication.ReplicationTask command for container 54 in Replication Supervisoras queue reached max size of 2.
2023-05-02 23:12:55,298 [main] WARN  replication.ReplicationSupervisor (ReplicationSupervisor.java:addTask(111)) - Ignored class org.apache.hadoop.ozone.container.replication.ReplicationTask command for container 55 in Replication Supervisoras queue reached max size of 2.
2023-05-02 23:12:55,298 [main] WARN  replication.ReplicationSupervisor (ReplicationSupervisor.java:addTask(111)) - Ignored class org.apache.hadoop.ozone.container.replication.ReplicationTask command for container 56 in Replication Supervisoras queue reached max size of 2.
2023-05-02 23:12:55,299 [main] WARN  replication.ReplicationSupervisor (ReplicationSupervisor.java:addTask(111)) - Ignored class org.apache.hadoop.ozone.container.replication.ReplicationTask command for container 57 in Replication Supervisoras queue reached max size of 2.
2023-05-02 23:12:55,299 [main] WARN  replication.ReplicationSupervisor (ReplicationSupervisor.java:addTask(111)) - Ignored class org.apache.hadoop.ozone.container.replication.ReplicationTask command for container 58 in Replication Supervisoras queue reached max size of 2.
2023-05-02 23:12:55,299 [main] WARN  replication.ReplicationSupervisor (ReplicationSupervisor.java:addTask(111)) - Ignored class org.apache.hadoop.ozone.container.replication.ReplicationTask command for container 59 in Replication Supervisoras queue reached max size of 2.
2023-05-02 23:12:55,299 [main] WARN  replication.ReplicationSupervisor (ReplicationSupervisor.java:addTask(111)) - Ignored class org.apache.hadoop.ozone.container.replication.ReplicationTask command for container 60 in Replication Supervisoras queue reached max size of 2.
2023-05-02 23:12:55,299 [main] WARN  replication.ReplicationSupervisor (ReplicationSupervisor.java:addTask(111)) - Ignored class org.apache.hadoop.ozone.container.replication.ReplicationTask command for container 61 in Replication Supervisoras queue reached max size of 2.
2023-05-02 23:12:55,299 [main] WARN  replication.ReplicationSupervisor (ReplicationSupervisor.java:addTask(111)) - Ignored class org.apache.hadoop.ozone.container.replication.ReplicationTask command for container 62 in Replication Supervisoras queue reached max size of 2.
2023-05-02 23:12:55,299 [main] WARN  replication.ReplicationSupervisor (ReplicationSupervisor.java:addTask(111)) - Ignored class org.apache.hadoop.ozone.container.replication.ReplicationTask command for container 63 in Replication Supervisoras queue reached max size of 2.
2023-05-02 23:12:55,299 [main] WARN  replication.ReplicationSupervisor (ReplicationSupervisor.java:addTask(111)) - Ignored class org.apache.hadoop.ozone.container.replication.ReplicationTask command for container 64 in Replication Supervisoras queue reached max size of 2.
2023-05-02 23:12:55,299 [main] WARN  replication.ReplicationSupervisor (ReplicationSupervisor.java:addTask(111)) - Ignored class org.apache.hadoop.ozone.container.replication.ReplicationTask command for container 65 in Replication Supervisoras queue reached max size of 2.
2023-05-02 23:12:55,300 [main] WARN  replication.ReplicationSupervisor (ReplicationSupervisor.java:addTask(111)) - Ignored class org.apache.hadoop.ozone.container.replication.ReplicationTask command for container 66 in Replication Supervisoras queue reached max size of 2.
2023-05-02 23:12:55,300 [main] WARN  replication.ReplicationSupervisor (ReplicationSupervisor.java:addTask(111)) - Ignored class org.apache.hadoop.ozone.container.replication.ReplicationTask command for container 67 in Replication Supervisoras queue reached max size of 2.
2023-05-02 23:12:55,300 [main] WARN  replication.ReplicationSupervisor (ReplicationSupervisor.java:addTask(111)) - Ignored class org.apache.hadoop.ozone.container.replication.ReplicationTask command for container 68 in Replication Supervisoras queue reached max size of 2.
2023-05-02 23:12:55,300 [main] WARN  replication.ReplicationSupervisor (ReplicationSupervisor.java:addTask(111)) - Ignored class org.apache.hadoop.ozone.container.replication.ReplicationTask command for container 69 in Replication Supervisoras queue reached max size of 2.
2023-05-02 23:12:55,300 [main] WARN  replication.ReplicationSupervisor (ReplicationSupervisor.java:addTask(111)) - Ignored class org.apache.hadoop.ozone.container.replication.ReplicationTask command for container 70 in Replication Supervisoras queue reached max size of 2.
2023-05-02 23:12:55,300 [main] WARN  replication.ReplicationSupervisor (ReplicationSupervisor.java:addTask(111)) - Ignored class org.apache.hadoop.ozone.container.replication.ReplicationTask command for container 71 in Replication Supervisoras queue reached max size of 2.
2023-05-02 23:12:55,300 [main] WARN  replication.ReplicationSupervisor (ReplicationSupervisor.java:addTask(111)) - Ignored class org.apache.hadoop.ozone.container.replication.ReplicationTask command for container 72 in Replication Supervisoras queue reached max size of 2.
2023-05-02 23:12:55,300 [main] WARN  replication.ReplicationSupervisor (ReplicationSupervisor.java:addTask(111)) - Ignored class org.apache.hadoop.ozone.container.replication.ReplicationTask command for container 73 in Replication Supervisoras queue reached max size of 2.
2023-05-02 23:12:55,300 [main] WARN  replication.ReplicationSupervisor (ReplicationSupervisor.java:addTask(111)) - Ignored class org.apache.hadoop.ozone.container.replication.ReplicationTask command for container 74 in Replication Supervisoras queue reached max size of 2.
2023-05-02 23:12:55,301 [main] WARN  replication.ReplicationSupervisor (ReplicationSupervisor.java:addTask(111)) - Ignored class org.apache.hadoop.ozone.container.replication.ReplicationTask command for container 75 in Replication Supervisoras queue reached max size of 2.
2023-05-02 23:12:55,301 [main] WARN  replication.ReplicationSupervisor (ReplicationSupervisor.java:addTask(111)) - Ignored class org.apache.hadoop.ozone.container.replication.ReplicationTask command for container 76 in Replication Supervisoras queue reached max size of 2.
2023-05-02 23:12:55,301 [main] WARN  replication.ReplicationSupervisor (ReplicationSupervisor.java:addTask(111)) - Ignored class org.apache.hadoop.ozone.container.replication.ReplicationTask command for container 77 in Replication Supervisoras queue reached max size of 2.
2023-05-02 23:12:55,301 [main] WARN  replication.ReplicationSupervisor (ReplicationSupervisor.java:addTask(111)) - Ignored class org.apache.hadoop.ozone.container.replication.ReplicationTask command for container 78 in Replication Supervisoras queue reached max size of 2.
2023-05-02 23:12:55,301 [main] WARN  replication.ReplicationSupervisor (ReplicationSupervisor.java:addTask(111)) - Ignored class org.apache.hadoop.ozone.container.replication.ReplicationTask command for container 79 in Replication Supervisoras queue reached max size of 2.
2023-05-02 23:12:55,301 [main] WARN  replication.ReplicationSupervisor (ReplicationSupervisor.java:addTask(111)) - Ignored class org.apache.hadoop.ozone.container.replication.ReplicationTask command for container 80 in Replication Supervisoras queue reached max size of 2.
2023-05-02 23:12:55,301 [main] WARN  replication.ReplicationSupervisor (ReplicationSupervisor.java:addTask(111)) - Ignored class org.apache.hadoop.ozone.container.replication.ReplicationTask command for container 81 in Replication Supervisoras queue reached max size of 2.
2023-05-02 23:12:55,301 [main] WARN  replication.ReplicationSupervisor (ReplicationSupervisor.java:addTask(111)) - Ignored class org.apache.hadoop.ozone.container.replication.ReplicationTask command for container 82 in Replication Supervisoras queue reached max size of 2.
2023-05-02 23:12:55,301 [main] WARN  replication.ReplicationSupervisor (ReplicationSupervisor.java:addTask(111)) - Ignored class org.apache.hadoop.ozone.container.replication.ReplicationTask command for container 83 in Replication Supervisoras queue reached max size of 2.
2023-05-02 23:12:55,301 [main] WARN  replication.ReplicationSupervisor (ReplicationSupervisor.java:addTask(111)) - Ignored class org.apache.hadoop.ozone.container.replication.ReplicationTask command for container 84 in Replication Supervisoras queue reached max size of 2.
2023-05-02 23:12:55,302 [main] WARN  replication.ReplicationSupervisor (ReplicationSupervisor.java:addTask(111)) - Ignored class org.apache.hadoop.ozone.container.replication.ReplicationTask command for container 85 in Replication Supervisoras queue reached max size of 2.
2023-05-02 23:12:55,302 [main] WARN  replication.ReplicationSupervisor (ReplicationSupervisor.java:addTask(111)) - Ignored class org.apache.hadoop.ozone.container.replication.ReplicationTask command for container 86 in Replication Supervisoras queue reached max size of 2.
2023-05-02 23:12:55,302 [main] WARN  replication.ReplicationSupervisor (ReplicationSupervisor.java:addTask(111)) - Ignored class org.apache.hadoop.ozone.container.replication.ReplicationTask command for container 87 in Replication Supervisoras queue reached max size of 2.
2023-05-02 23:12:55,302 [main] WARN  replication.ReplicationSupervisor (ReplicationSupervisor.java:addTask(111)) - Ignored class org.apache.hadoop.ozone.container.replication.ReplicationTask command for container 88 in Replication Supervisoras queue reached max size of 2.
2023-05-02 23:12:55,302 [main] WARN  replication.ReplicationSupervisor (ReplicationSupervisor.java:addTask(111)) - Ignored class org.apache.hadoop.ozone.container.replication.ReplicationTask command for container 89 in Replication Supervisoras queue reached max size of 2.
2023-05-02 23:12:55,302 [main] WARN  replication.ReplicationSupervisor (ReplicationSupervisor.java:addTask(111)) - Ignored class org.apache.hadoop.ozone.container.replication.ReplicationTask command for container 90 in Replication Supervisoras queue reached max size of 2.
2023-05-02 23:12:55,302 [main] WARN  replication.ReplicationSupervisor (ReplicationSupervisor.java:addTask(111)) - Ignored class org.apache.hadoop.ozone.container.replication.ReplicationTask command for container 91 in Replication Supervisoras queue reached max size of 2.
2023-05-02 23:12:55,302 [main] WARN  replication.ReplicationSupervisor (ReplicationSupervisor.java:addTask(111)) - Ignored class org.apache.hadoop.ozone.container.replication.ReplicationTask command for container 92 in Replication Supervisoras queue reached max size of 2.
2023-05-02 23:12:55,302 [main] WARN  replication.ReplicationSupervisor (ReplicationSupervisor.java:addTask(111)) - Ignored class org.apache.hadoop.ozone.container.replication.ReplicationTask command for container 93 in Replication Supervisoras queue reached max size of 2.
2023-05-02 23:12:55,302 [main] WARN  replication.ReplicationSupervisor (ReplicationSupervisor.java:addTask(111)) - Ignored class org.apache.hadoop.ozone.container.replication.ReplicationTask command for container 94 in Replication Supervisoras queue reached max size of 2.
2023-05-02 23:12:55,303 [main] WARN  replication.ReplicationSupervisor (ReplicationSupervisor.java:addTask(111)) - Ignored class org.apache.hadoop.ozone.container.replication.ReplicationTask command for container 95 in Replication Supervisoras queue reached max size of 2.
2023-05-02 23:12:55,303 [main] WARN  replication.ReplicationSupervisor (ReplicationSupervisor.java:addTask(111)) - Ignored class org.apache.hadoop.ozone.container.replication.ReplicationTask command for container 96 in Replication Supervisoras queue reached max size of 2.
2023-05-02 23:12:55,303 [main] WARN  replication.ReplicationSupervisor (ReplicationSupervisor.java:addTask(111)) - Ignored class org.apache.hadoop.ozone.container.replication.ReplicationTask command for container 97 in Replication Supervisoras queue reached max size of 2.
2023-05-02 23:12:55,303 [main] WARN  replication.ReplicationSupervisor (ReplicationSupervisor.java:addTask(111)) - Ignored class org.apache.hadoop.ozone.container.replication.ReplicationTask command for container 98 in Replication Supervisoras queue reached max size of 2.
2023-05-02 23:12:55,304 [main] WARN  replication.ReplicationSupervisor (ReplicationSupervisor.java:addTask(111)) - Ignored class org.apache.hadoop.ozone.container.replication.ReplicationTask command for container 99 in Replication Supervisoras queue reached max size of 2.
]]></system-out>
  </testcase>
  <testcase name="testTaskBeyondDeadline" classname="TestReplicationSupervisor" time="0.076">
    <system-out><![CDATA[2023-05-02 23:12:50,771 [main] INFO  replication.ReplicationSupervisor (ReplicationSupervisor.java:run(199)) - Ignoring QUEUED replicateContainerCommand: containerId=1, replicaIndex=0, sourceNodes=[], priority=NORMAL, queued at 2023-05-02T23:12:50.759Z since the deadline has passed (2023-05-02T23:13:00.727Z < 2023-05-02T23:13:05.727Z)
2023-05-02 23:12:50,801 [main] INFO  replication.ReplicationSupervisor (ReplicationSupervisor.java:run(230)) - Successful DONE replicateContainerCommand: containerId=2, replicaIndex=0, sourceNodes=[], priority=NORMAL
2023-05-02 23:12:50,801 [main] INFO  replication.ReplicationSupervisor (ReplicationSupervisor.java:run(230)) - Successful DONE replicateContainerCommand: containerId=3, replicaIndex=0, sourceNodes=[], priority=NORMAL
]]></system-out>
  </testcase>
  <testcase name="testTaskBeyondDeadline" classname="TestReplicationSupervisor" time="0.014">
    <system-out><![CDATA[2023-05-02 23:12:55,327 [main] INFO  replication.ReplicationSupervisor (ReplicationSupervisor.java:run(199)) - Ignoring QUEUED replicateContainerCommand: containerId=1, replicaIndex=0, sourceNodes=[], priority=NORMAL, queued at 2023-05-02T23:12:55.326Z since the deadline has passed (2023-05-02T23:13:05.313Z < 2023-05-02T23:13:10.313Z)
2023-05-02 23:12:55,327 [main] INFO  replication.ReplicationSupervisor (ReplicationSupervisor.java:run(230)) - Successful DONE replicateContainerCommand: containerId=2, replicaIndex=0, sourceNodes=[], priority=NORMAL
2023-05-02 23:12:55,327 [main] INFO  replication.ReplicationSupervisor (ReplicationSupervisor.java:run(230)) - Successful DONE replicateContainerCommand: containerId=3, replicaIndex=0, sourceNodes=[], priority=NORMAL
]]></system-out>
  </testcase>
  <testcase name="duplicateMessage" classname="TestReplicationSupervisor" time="0.028">
    <system-out><![CDATA[2023-05-02 23:12:50,829 [main] INFO  replication.ReplicationSupervisor (ReplicationSupervisor.java:run(230)) - Successful DONE replicateContainerCommand: containerId=6, replicaIndex=0, sourceNodes=[], priority=NORMAL
2023-05-02 23:12:50,829 [main] INFO  replication.ReplicationSupervisor (ReplicationSupervisor.java:run(233)) - Skipped SKIPPED replicateContainerCommand: containerId=6, replicaIndex=0, sourceNodes=[], priority=NORMAL
2023-05-02 23:12:50,830 [main] INFO  replication.ReplicationSupervisor (ReplicationSupervisor.java:run(233)) - Skipped SKIPPED replicateContainerCommand: containerId=6, replicaIndex=0, sourceNodes=[], priority=NORMAL
2023-05-02 23:12:50,831 [main] INFO  replication.ReplicationSupervisor (ReplicationSupervisor.java:run(233)) - Skipped SKIPPED replicateContainerCommand: containerId=6, replicaIndex=0, sourceNodes=[], priority=NORMAL
]]></system-out>
  </testcase>
  <testcase name="duplicateMessage" classname="TestReplicationSupervisor" time="0.014">
    <system-out><![CDATA[2023-05-02 23:12:55,341 [main] INFO  replication.ReplicationSupervisor (ReplicationSupervisor.java:run(230)) - Successful DONE replicateContainerCommand: containerId=6, replicaIndex=0, sourceNodes=[], priority=NORMAL
2023-05-02 23:12:55,341 [main] INFO  replication.ReplicationSupervisor (ReplicationSupervisor.java:run(233)) - Skipped SKIPPED replicateContainerCommand: containerId=6, replicaIndex=0, sourceNodes=[], priority=NORMAL
2023-05-02 23:12:55,342 [main] INFO  replication.ReplicationSupervisor (ReplicationSupervisor.java:run(233)) - Skipped SKIPPED replicateContainerCommand: containerId=6, replicaIndex=0, sourceNodes=[], priority=NORMAL
2023-05-02 23:12:55,342 [main] INFO  replication.ReplicationSupervisor (ReplicationSupervisor.java:run(233)) - Skipped SKIPPED replicateContainerCommand: containerId=6, replicaIndex=0, sourceNodes=[], priority=NORMAL
]]></system-out>
  </testcase>
  <testcase name="normal" classname="TestReplicationSupervisor" time="0.029">
    <system-out><![CDATA[2023-05-02 23:12:50,855 [main] INFO  replication.ReplicationSupervisor (ReplicationSupervisor.java:run(230)) - Successful DONE replicateContainerCommand: containerId=1, replicaIndex=0, sourceNodes=[], priority=NORMAL
2023-05-02 23:12:50,856 [main] INFO  replication.ReplicationSupervisor (ReplicationSupervisor.java:run(230)) - Successful DONE replicateContainerCommand: containerId=2, replicaIndex=0, sourceNodes=[], priority=NORMAL
2023-05-02 23:12:50,859 [main] INFO  replication.ReplicationSupervisor (ReplicationSupervisor.java:run(230)) - Successful DONE replicateContainerCommand: containerId=5, replicaIndex=0, sourceNodes=[], priority=NORMAL
]]></system-out>
  </testcase>
  <testcase name="normal" classname="TestReplicationSupervisor" time="0.028">
    <system-out><![CDATA[2023-05-02 23:12:55,369 [main] INFO  replication.ReplicationSupervisor (ReplicationSupervisor.java:run(230)) - Successful DONE replicateContainerCommand: containerId=1, replicaIndex=0, sourceNodes=[], priority=NORMAL
2023-05-02 23:12:55,370 [main] INFO  replication.ReplicationSupervisor (ReplicationSupervisor.java:run(230)) - Successful DONE replicateContainerCommand: containerId=2, replicaIndex=0, sourceNodes=[], priority=NORMAL
2023-05-02 23:12:55,370 [main] INFO  replication.ReplicationSupervisor (ReplicationSupervisor.java:run(230)) - Successful DONE replicateContainerCommand: containerId=5, replicaIndex=0, sourceNodes=[], priority=NORMAL
]]></system-out>
  </testcase>
  <testcase name="stalledDownload" classname="TestReplicationSupervisor" time="0.034"/>
  <testcase name="stalledDownload" classname="TestReplicationSupervisor" time="0.025"/>
  <testcase name="failureHandling" classname="TestReplicationSupervisor" time="0.026">
    <system-out><![CDATA[2023-05-02 23:12:50,921 [main] WARN  replication.ReplicationSupervisor (ReplicationSupervisor.java:run(238)) - Failed FAILED replicateContainerCommand: containerId=1, replicaIndex=0, sourceNodes=[], priority=NORMAL
java.lang.RuntimeException: testing replication failure
	at org.apache.hadoop.ozone.container.replication.TestReplicationSupervisor.lambda$new$1(TestReplicationSupervisor.java:95)
	at org.apache.hadoop.ozone.container.replication.ReplicationTask.runTask(ReplicationTask.java:122)
	at org.apache.hadoop.ozone.container.replication.ReplicationSupervisor$TaskRunner.run(ReplicationSupervisor.java:225)
	at com.google.common.util.concurrent.MoreExecutors$DirectExecutorService.execute(MoreExecutors.java:323)
	at org.apache.hadoop.ozone.container.replication.ReplicationSupervisor.addTask(ReplicationSupervisor.java:124)
	at org.apache.hadoop.ozone.container.replication.TestReplicationSupervisor.failureHandling(TestReplicationSupervisor.java:214)
	at sun.reflect.NativeMethodAccessorImpl.invoke0(Native Method)
	at sun.reflect.NativeMethodAccessorImpl.invoke(NativeMethodAccessorImpl.java:62)
	at sun.reflect.DelegatingMethodAccessorImpl.invoke(DelegatingMethodAccessorImpl.java:43)
	at java.lang.reflect.Method.invoke(Method.java:498)
	at org.junit.runners.model.FrameworkMethod$1.runReflectiveCall(FrameworkMethod.java:59)
	at org.junit.internal.runners.model.ReflectiveCallable.run(ReflectiveCallable.java:12)
	at org.junit.runners.model.FrameworkMethod.invokeExplosively(FrameworkMethod.java:56)
	at org.junit.internal.runners.statements.InvokeMethod.evaluate(InvokeMethod.java:17)
	at org.junit.internal.runners.statements.RunBefores.evaluate(RunBefores.java:26)
	at org.junit.internal.runners.statements.RunAfters.evaluate(RunAfters.java:27)
	at org.junit.runners.ParentRunner$3.evaluate(ParentRunner.java:306)
	at org.junit.runners.BlockJUnit4ClassRunner$1.evaluate(BlockJUnit4ClassRunner.java:100)
	at org.junit.runners.ParentRunner.runLeaf(ParentRunner.java:366)
	at org.junit.runners.BlockJUnit4ClassRunner.runChild(BlockJUnit4ClassRunner.java:103)
	at org.junit.runners.BlockJUnit4ClassRunner.runChild(BlockJUnit4ClassRunner.java:63)
	at org.junit.runners.ParentRunner$4.run(ParentRunner.java:331)
	at org.junit.runners.ParentRunner$1.schedule(ParentRunner.java:79)
	at org.junit.runners.ParentRunner.runChildren(ParentRunner.java:329)
	at org.junit.runners.ParentRunner.access$100(ParentRunner.java:66)
	at org.junit.runners.ParentRunner$2.evaluate(ParentRunner.java:293)
	at org.junit.runners.ParentRunner.run(ParentRunner.java:413)
	at org.junit.runners.Suite.runChild(Suite.java:128)
	at org.junit.runners.Suite.runChild(Suite.java:27)
	at org.junit.runners.ParentRunner$4.run(ParentRunner.java:331)
	at org.junit.runners.ParentRunner$1.schedule(ParentRunner.java:79)
	at org.junit.runners.ParentRunner.runChildren(ParentRunner.java:329)
	at org.junit.runners.ParentRunner.access$100(ParentRunner.java:66)
	at org.junit.runners.ParentRunner$2.evaluate(ParentRunner.java:293)
	at org.junit.runners.ParentRunner$3.evaluate(ParentRunner.java:306)
	at org.junit.runners.ParentRunner.run(ParentRunner.java:413)
	at org.junit.runner.JUnitCore.run(JUnitCore.java:137)
	at org.junit.runner.JUnitCore.run(JUnitCore.java:115)
	at org.junit.vintage.engine.execution.RunnerExecutor.execute(RunnerExecutor.java:42)
	at org.junit.vintage.engine.VintageTestEngine.executeAllChildren(VintageTestEngine.java:80)
	at org.junit.vintage.engine.VintageTestEngine.execute(VintageTestEngine.java:72)
	at org.junit.platform.launcher.core.EngineExecutionOrchestrator.execute(EngineExecutionOrchestrator.java:107)
	at org.junit.platform.launcher.core.EngineExecutionOrchestrator.execute(EngineExecutionOrchestrator.java:88)
	at org.junit.platform.launcher.core.EngineExecutionOrchestrator.lambda$execute$0(EngineExecutionOrchestrator.java:54)
	at org.junit.platform.launcher.core.EngineExecutionOrchestrator.withInterceptedStreams(EngineExecutionOrchestrator.java:67)
	at org.junit.platform.launcher.core.EngineExecutionOrchestrator.execute(EngineExecutionOrchestrator.java:52)
	at org.junit.platform.launcher.core.DefaultLauncher.execute(DefaultLauncher.java:114)
	at org.junit.platform.launcher.core.DefaultLauncher.execute(DefaultLauncher.java:86)
	at org.junit.platform.launcher.core.DefaultLauncherSession$DelegatingLauncher.execute(DefaultLauncherSession.java:86)
	at org.junit.platform.launcher.core.SessionPerRequestLauncher.execute(SessionPerRequestLauncher.java:53)
	at org.apache.maven.surefire.junitplatform.JUnitPlatformProvider.execute(JUnitPlatformProvider.java:188)
	at org.apache.maven.surefire.junitplatform.JUnitPlatformProvider.invokeAllTests(JUnitPlatformProvider.java:154)
	at org.apache.maven.surefire.junitplatform.JUnitPlatformProvider.invoke(JUnitPlatformProvider.java:124)
	at org.apache.maven.surefire.booter.ForkedBooter.runSuitesInProcess(ForkedBooter.java:428)
	at org.apache.maven.surefire.booter.ForkedBooter.execute(ForkedBooter.java:162)
	at org.apache.maven.surefire.booter.ForkedBooter.run(ForkedBooter.java:562)
	at org.apache.maven.surefire.booter.ForkedBooter.main(ForkedBooter.java:548)
]]></system-out>
  </testcase>
  <testcase name="failureHandling" classname="TestReplicationSupervisor" time="0.017">
    <system-out><![CDATA[2023-05-02 23:12:55,408 [main] WARN  replication.ReplicationSupervisor (ReplicationSupervisor.java:run(238)) - Failed FAILED replicateContainerCommand: containerId=1, replicaIndex=0, sourceNodes=[], priority=NORMAL
java.lang.RuntimeException: testing replication failure
	at org.apache.hadoop.ozone.container.replication.TestReplicationSupervisor.lambda$new$1(TestReplicationSupervisor.java:95)
	at org.apache.hadoop.ozone.container.replication.ReplicationTask.runTask(ReplicationTask.java:122)
	at org.apache.hadoop.ozone.container.replication.ReplicationSupervisor$TaskRunner.run(ReplicationSupervisor.java:225)
	at com.google.common.util.concurrent.MoreExecutors$DirectExecutorService.execute(MoreExecutors.java:323)
	at org.apache.hadoop.ozone.container.replication.ReplicationSupervisor.addTask(ReplicationSupervisor.java:124)
	at org.apache.hadoop.ozone.container.replication.TestReplicationSupervisor.failureHandling(TestReplicationSupervisor.java:214)
	at sun.reflect.NativeMethodAccessorImpl.invoke0(Native Method)
	at sun.reflect.NativeMethodAccessorImpl.invoke(NativeMethodAccessorImpl.java:62)
	at sun.reflect.DelegatingMethodAccessorImpl.invoke(DelegatingMethodAccessorImpl.java:43)
	at java.lang.reflect.Method.invoke(Method.java:498)
	at org.junit.runners.model.FrameworkMethod$1.runReflectiveCall(FrameworkMethod.java:59)
	at org.junit.internal.runners.model.ReflectiveCallable.run(ReflectiveCallable.java:12)
	at org.junit.runners.model.FrameworkMethod.invokeExplosively(FrameworkMethod.java:56)
	at org.junit.internal.runners.statements.InvokeMethod.evaluate(InvokeMethod.java:17)
	at org.junit.internal.runners.statements.RunBefores.evaluate(RunBefores.java:26)
	at org.junit.internal.runners.statements.RunAfters.evaluate(RunAfters.java:27)
	at org.junit.runners.ParentRunner$3.evaluate(ParentRunner.java:306)
	at org.junit.runners.BlockJUnit4ClassRunner$1.evaluate(BlockJUnit4ClassRunner.java:100)
	at org.junit.runners.ParentRunner.runLeaf(ParentRunner.java:366)
	at org.junit.runners.BlockJUnit4ClassRunner.runChild(BlockJUnit4ClassRunner.java:103)
	at org.junit.runners.BlockJUnit4ClassRunner.runChild(BlockJUnit4ClassRunner.java:63)
	at org.junit.runners.ParentRunner$4.run(ParentRunner.java:331)
	at org.junit.runners.ParentRunner$1.schedule(ParentRunner.java:79)
	at org.junit.runners.ParentRunner.runChildren(ParentRunner.java:329)
	at org.junit.runners.ParentRunner.access$100(ParentRunner.java:66)
	at org.junit.runners.ParentRunner$2.evaluate(ParentRunner.java:293)
	at org.junit.runners.ParentRunner.run(ParentRunner.java:413)
	at org.junit.runners.Suite.runChild(Suite.java:128)
	at org.junit.runners.Suite.runChild(Suite.java:27)
	at org.junit.runners.ParentRunner$4.run(ParentRunner.java:331)
	at org.junit.runners.ParentRunner$1.schedule(ParentRunner.java:79)
	at org.junit.runners.ParentRunner.runChildren(ParentRunner.java:329)
	at org.junit.runners.ParentRunner.access$100(ParentRunner.java:66)
	at org.junit.runners.ParentRunner$2.evaluate(ParentRunner.java:293)
	at org.junit.runners.ParentRunner$3.evaluate(ParentRunner.java:306)
	at org.junit.runners.ParentRunner.run(ParentRunner.java:413)
	at org.junit.runner.JUnitCore.run(JUnitCore.java:137)
	at org.junit.runner.JUnitCore.run(JUnitCore.java:115)
	at org.junit.vintage.engine.execution.RunnerExecutor.execute(RunnerExecutor.java:42)
	at org.junit.vintage.engine.VintageTestEngine.executeAllChildren(VintageTestEngine.java:80)
	at org.junit.vintage.engine.VintageTestEngine.execute(VintageTestEngine.java:72)
	at org.junit.platform.launcher.core.EngineExecutionOrchestrator.execute(EngineExecutionOrchestrator.java:107)
	at org.junit.platform.launcher.core.EngineExecutionOrchestrator.execute(EngineExecutionOrchestrator.java:88)
	at org.junit.platform.launcher.core.EngineExecutionOrchestrator.lambda$execute$0(EngineExecutionOrchestrator.java:54)
	at org.junit.platform.launcher.core.EngineExecutionOrchestrator.withInterceptedStreams(EngineExecutionOrchestrator.java:67)
	at org.junit.platform.launcher.core.EngineExecutionOrchestrator.execute(EngineExecutionOrchestrator.java:52)
	at org.junit.platform.launcher.core.DefaultLauncher.execute(DefaultLauncher.java:114)
	at org.junit.platform.launcher.core.DefaultLauncher.execute(DefaultLauncher.java:86)
	at org.junit.platform.launcher.core.DefaultLauncherSession$DelegatingLauncher.execute(DefaultLauncherSession.java:86)
	at org.junit.platform.launcher.core.SessionPerRequestLauncher.execute(SessionPerRequestLauncher.java:53)
	at org.apache.maven.surefire.junitplatform.JUnitPlatformProvider.execute(JUnitPlatformProvider.java:188)
	at org.apache.maven.surefire.junitplatform.JUnitPlatformProvider.invokeAllTests(JUnitPlatformProvider.java:154)
	at org.apache.maven.surefire.junitplatform.JUnitPlatformProvider.invoke(JUnitPlatformProvider.java:124)
	at org.apache.maven.surefire.booter.ForkedBooter.runSuitesInProcess(ForkedBooter.java:428)
	at org.apache.maven.surefire.booter.ForkedBooter.execute(ForkedBooter.java:162)
	at org.apache.maven.surefire.booter.ForkedBooter.run(ForkedBooter.java:562)
	at org.apache.maven.surefire.booter.ForkedBooter.main(ForkedBooter.java:548)
]]></system-out>
  </testcase>
  <testcase name="testDatanodeOutOfService" classname="TestReplicationSupervisor" time="0.025">
    <system-out><![CDATA[2023-05-02 23:12:50,950 [main] INFO  replication.ReplicationSupervisor (ReplicationSupervisor.java:run(230)) - Successful DONE replicateContainerCommand: containerId=1, replicaIndex=0, targetNode=a00aa1de-c1c9-4cb1-b219-b90a14cc188c(localhost-90.142.166.208/90.142.166.208), priority=NORMAL
2023-05-02 23:12:50,950 [main] INFO  replication.ReplicationSupervisor (ReplicationSupervisor.java:run(210)) - Ignoring QUEUED replicateContainerCommand: containerId=2, replicaIndex=0, sourceNodes=[], priority=NORMAL, queued at 2023-05-02T23:12:50.950Z since datanode is not in service (DECOMMISSIONING)
]]></system-out>
  </testcase>
  <testcase name="testDatanodeOutOfService" classname="TestReplicationSupervisor" time="0.019">
    <system-out><![CDATA[2023-05-02 23:12:55,432 [main] INFO  replication.ReplicationSupervisor (ReplicationSupervisor.java:run(230)) - Successful DONE replicateContainerCommand: containerId=1, replicaIndex=0, targetNode=7d050202-9357-44d3-bb6b-abd1e85f2227(localhost-29.163.164.179/29.163.164.179), priority=NORMAL
2023-05-02 23:12:55,432 [main] INFO  replication.ReplicationSupervisor (ReplicationSupervisor.java:run(210)) - Ignoring QUEUED replicateContainerCommand: containerId=2, replicaIndex=0, sourceNodes=[], priority=NORMAL, queued at 2023-05-02T23:12:55.432Z since datanode is not in service (DECOMMISSIONING)
]]></system-out>
  </testcase>
  <testcase name="testPriorityOrdering" classname="TestReplicationSupervisor" time="0.026">
    <system-out><![CDATA[2023-05-02 23:12:50,976 [ContainerReplicationThread-0] INFO  replication.ReplicationSupervisor (ReplicationSupervisor.java:run(230)) - Successful DONE 
2023-05-02 23:12:50,977 [ContainerReplicationThread-0] INFO  replication.ReplicationSupervisor (ReplicationSupervisor.java:run(230)) - Successful DONE 
2023-05-02 23:12:50,977 [ContainerReplicationThread-0] INFO  replication.ReplicationSupervisor (ReplicationSupervisor.java:run(230)) - Successful DONE 
2023-05-02 23:12:50,977 [ContainerReplicationThread-0] INFO  replication.ReplicationSupervisor (ReplicationSupervisor.java:run(230)) - Successful DONE 
2023-05-02 23:12:50,977 [ContainerReplicationThread-0] INFO  replication.ReplicationSupervisor (ReplicationSupervisor.java:run(230)) - Successful DONE 
]]></system-out>
  </testcase>
  <testcase name="testPriorityOrdering" classname="TestReplicationSupervisor" time="0.038">
    <system-out><![CDATA[2023-05-02 23:12:55,472 [ContainerReplicationThread-0] INFO  replication.ReplicationSupervisor (ReplicationSupervisor.java:run(230)) - Successful DONE 
2023-05-02 23:12:55,473 [ContainerReplicationThread-0] INFO  replication.ReplicationSupervisor (ReplicationSupervisor.java:run(230)) - Successful DONE 
2023-05-02 23:12:55,473 [ContainerReplicationThread-0] INFO  replication.ReplicationSupervisor (ReplicationSupervisor.java:run(230)) - Successful DONE 
2023-05-02 23:12:55,473 [ContainerReplicationThread-0] INFO  replication.ReplicationSupervisor (ReplicationSupervisor.java:run(230)) - Successful DONE 
2023-05-02 23:12:55,473 [ContainerReplicationThread-0] INFO  replication.ReplicationSupervisor (ReplicationSupervisor.java:run(230)) - Successful DONE 
]]></system-out>
  </testcase>
  <testcase name="testDownloadAndImportReplicatorFailure" classname="TestReplicationSupervisor" time="0.233">
    <system-out><![CDATA[2023-05-02 23:12:50,984 [ContainerReplicationThread-0] INFO  replication.ReplicationSupervisor (ReplicationSupervisor.java:run(230)) - Successful DONE 
2023-05-02 23:12:51,191 [main] INFO  volume.HddsVolume (HddsVolume.java:<init>(130)) - Creating HddsVolume: /home/runner/work/ozone/ozone/hadoop-hdds/container-service/target/test-dir/TestReplicationSupervisor-bc2925c5-b38e-4ed8-ae34-4c996f095ecf/hdds of storage type : null capacity : 9223372036854775807
2023-05-02 23:12:51,201 [main] INFO  replication.DownloadAndImportReplicator (DownloadAndImportReplicator.java:replicate(73)) - Starting replication of container 1 from [] using NO_COMPRESSION
2023-05-02 23:12:51,207 [main] ERROR replication.DownloadAndImportReplicator (DownloadAndImportReplicator.java:replicate(98)) - Container 1 replication was unsuccessful.
java.nio.file.NoSuchFileException: file:/tmp/no-such-file
	at sun.nio.fs.UnixException.translateToIOException(UnixException.java:86)
	at sun.nio.fs.UnixException.rethrowAsIOException(UnixException.java:102)
	at sun.nio.fs.UnixException.rethrowAsIOException(UnixException.java:107)
	at sun.nio.fs.UnixFileAttributeViews$Basic.readAttributes(UnixFileAttributeViews.java:55)
	at sun.nio.fs.UnixFileSystemProvider.readAttributes(UnixFileSystemProvider.java:144)
	at sun.nio.fs.LinuxFileSystemProvider.readAttributes(LinuxFileSystemProvider.java:99)
	at java.nio.file.Files.readAttributes(Files.java:1737)
	at java.nio.file.Files.size(Files.java:2332)
	at org.apache.hadoop.ozone.container.replication.DownloadAndImportReplicator.replicate(DownloadAndImportReplicator.java:87)
	at org.apache.hadoop.ozone.container.replication.ReplicationTask.runTask(ReplicationTask.java:122)
	at org.apache.hadoop.ozone.container.replication.ReplicationSupervisor$TaskRunner.run(ReplicationSupervisor.java:225)
	at com.google.common.util.concurrent.MoreExecutors$DirectExecutorService.execute(MoreExecutors.java:323)
	at org.apache.hadoop.ozone.container.replication.ReplicationSupervisor.addTask(ReplicationSupervisor.java:124)
	at org.apache.hadoop.ozone.container.replication.TestReplicationSupervisor.testDownloadAndImportReplicatorFailure(TestReplicationSupervisor.java:320)
	at sun.reflect.NativeMethodAccessorImpl.invoke0(Native Method)
	at sun.reflect.NativeMethodAccessorImpl.invoke(NativeMethodAccessorImpl.java:62)
	at sun.reflect.DelegatingMethodAccessorImpl.invoke(DelegatingMethodAccessorImpl.java:43)
	at java.lang.reflect.Method.invoke(Method.java:498)
	at org.junit.runners.model.FrameworkMethod$1.runReflectiveCall(FrameworkMethod.java:59)
	at org.junit.internal.runners.model.ReflectiveCallable.run(ReflectiveCallable.java:12)
	at org.junit.runners.model.FrameworkMethod.invokeExplosively(FrameworkMethod.java:56)
	at org.junit.internal.runners.statements.InvokeMethod.evaluate(InvokeMethod.java:17)
	at org.junit.internal.runners.statements.RunBefores.evaluate(RunBefores.java:26)
	at org.junit.internal.runners.statements.RunAfters.evaluate(RunAfters.java:27)
	at org.junit.runners.ParentRunner$3.evaluate(ParentRunner.java:306)
	at org.junit.runners.BlockJUnit4ClassRunner$1.evaluate(BlockJUnit4ClassRunner.java:100)
	at org.junit.runners.ParentRunner.runLeaf(ParentRunner.java:366)
	at org.junit.runners.BlockJUnit4ClassRunner.runChild(BlockJUnit4ClassRunner.java:103)
	at org.junit.runners.BlockJUnit4ClassRunner.runChild(BlockJUnit4ClassRunner.java:63)
	at org.junit.runners.ParentRunner$4.run(ParentRunner.java:331)
	at org.junit.runners.ParentRunner$1.schedule(ParentRunner.java:79)
	at org.junit.runners.ParentRunner.runChildren(ParentRunner.java:329)
	at org.junit.runners.ParentRunner.access$100(ParentRunner.java:66)
	at org.junit.runners.ParentRunner$2.evaluate(ParentRunner.java:293)
	at org.junit.runners.ParentRunner.run(ParentRunner.java:413)
	at org.junit.runners.Suite.runChild(Suite.java:128)
	at org.junit.runners.Suite.runChild(Suite.java:27)
	at org.junit.runners.ParentRunner$4.run(ParentRunner.java:331)
	at org.junit.runners.ParentRunner$1.schedule(ParentRunner.java:79)
	at org.junit.runners.ParentRunner.runChildren(ParentRunner.java:329)
	at org.junit.runners.ParentRunner.access$100(ParentRunner.java:66)
	at org.junit.runners.ParentRunner$2.evaluate(ParentRunner.java:293)
	at org.junit.runners.ParentRunner$3.evaluate(ParentRunner.java:306)
	at org.junit.runners.ParentRunner.run(ParentRunner.java:413)
	at org.junit.runner.JUnitCore.run(JUnitCore.java:137)
	at org.junit.runner.JUnitCore.run(JUnitCore.java:115)
	at org.junit.vintage.engine.execution.RunnerExecutor.execute(RunnerExecutor.java:42)
	at org.junit.vintage.engine.VintageTestEngine.executeAllChildren(VintageTestEngine.java:80)
	at org.junit.vintage.engine.VintageTestEngine.execute(VintageTestEngine.java:72)
	at org.junit.platform.launcher.core.EngineExecutionOrchestrator.execute(EngineExecutionOrchestrator.java:107)
	at org.junit.platform.launcher.core.EngineExecutionOrchestrator.execute(EngineExecutionOrchestrator.java:88)
	at org.junit.platform.launcher.core.EngineExecutionOrchestrator.lambda$execute$0(EngineExecutionOrchestrator.java:54)
	at org.junit.platform.launcher.core.EngineExecutionOrchestrator.withInterceptedStreams(EngineExecutionOrchestrator.java:67)
	at org.junit.platform.launcher.core.EngineExecutionOrchestrator.execute(EngineExecutionOrchestrator.java:52)
	at org.junit.platform.launcher.core.DefaultLauncher.execute(DefaultLauncher.java:114)
	at org.junit.platform.launcher.core.DefaultLauncher.execute(DefaultLauncher.java:86)
	at org.junit.platform.launcher.core.DefaultLauncherSession$DelegatingLauncher.execute(DefaultLauncherSession.java:86)
	at org.junit.platform.launcher.core.SessionPerRequestLauncher.execute(SessionPerRequestLauncher.java:53)
	at org.apache.maven.surefire.junitplatform.JUnitPlatformProvider.execute(JUnitPlatformProvider.java:188)
	at org.apache.maven.surefire.junitplatform.JUnitPlatformProvider.invokeAllTests(JUnitPlatformProvider.java:154)
	at org.apache.maven.surefire.junitplatform.JUnitPlatformProvider.invoke(JUnitPlatformProvider.java:124)
	at org.apache.maven.surefire.booter.ForkedBooter.runSuitesInProcess(ForkedBooter.java:428)
	at org.apache.maven.surefire.booter.ForkedBooter.execute(ForkedBooter.java:162)
	at org.apache.maven.surefire.booter.ForkedBooter.run(ForkedBooter.java:562)
	at org.apache.maven.surefire.booter.ForkedBooter.main(ForkedBooter.java:548)
2023-05-02 23:12:51,211 [main] WARN  replication.ReplicationSupervisor (ReplicationSupervisor.java:run(227)) - Failed FAILED replicateContainerCommand: containerId=1, replicaIndex=0, sourceNodes=[], priority=NORMAL
]]></system-out>
  </testcase>
  <testcase name="testDownloadAndImportReplicatorFailure" classname="TestReplicationSupervisor" time="0.035">
    <system-out><![CDATA[2023-05-02 23:12:55,480 [ContainerReplicationThread-0] INFO  replication.ReplicationSupervisor (ReplicationSupervisor.java:run(230)) - Successful DONE 
2023-05-02 23:12:55,502 [main] INFO  volume.HddsVolume (HddsVolume.java:<init>(130)) - Creating HddsVolume: /home/runner/work/ozone/ozone/hadoop-hdds/container-service/target/test-dir/TestReplicationSupervisor-bd62b334-9de7-4bc3-8d78-1a95d5c77110/hdds of storage type : null capacity : 9223372036854775807
2023-05-02 23:12:55,503 [main] INFO  replication.DownloadAndImportReplicator (DownloadAndImportReplicator.java:replicate(73)) - Starting replication of container 1 from [] using NO_COMPRESSION
2023-05-02 23:12:55,504 [main] ERROR replication.DownloadAndImportReplicator (DownloadAndImportReplicator.java:replicate(98)) - Container 1 replication was unsuccessful.
java.nio.file.NoSuchFileException: file:/tmp/no-such-file
	at sun.nio.fs.UnixException.translateToIOException(UnixException.java:86)
	at sun.nio.fs.UnixException.rethrowAsIOException(UnixException.java:102)
	at sun.nio.fs.UnixException.rethrowAsIOException(UnixException.java:107)
	at sun.nio.fs.UnixFileAttributeViews$Basic.readAttributes(UnixFileAttributeViews.java:55)
	at sun.nio.fs.UnixFileSystemProvider.readAttributes(UnixFileSystemProvider.java:144)
	at sun.nio.fs.LinuxFileSystemProvider.readAttributes(LinuxFileSystemProvider.java:99)
	at java.nio.file.Files.readAttributes(Files.java:1737)
	at java.nio.file.Files.size(Files.java:2332)
	at org.apache.hadoop.ozone.container.replication.DownloadAndImportReplicator.replicate(DownloadAndImportReplicator.java:87)
	at org.apache.hadoop.ozone.container.replication.ReplicationTask.runTask(ReplicationTask.java:122)
	at org.apache.hadoop.ozone.container.replication.ReplicationSupervisor$TaskRunner.run(ReplicationSupervisor.java:225)
	at com.google.common.util.concurrent.MoreExecutors$DirectExecutorService.execute(MoreExecutors.java:323)
	at org.apache.hadoop.ozone.container.replication.ReplicationSupervisor.addTask(ReplicationSupervisor.java:124)
	at org.apache.hadoop.ozone.container.replication.TestReplicationSupervisor.testDownloadAndImportReplicatorFailure(TestReplicationSupervisor.java:320)
	at sun.reflect.NativeMethodAccessorImpl.invoke0(Native Method)
	at sun.reflect.NativeMethodAccessorImpl.invoke(NativeMethodAccessorImpl.java:62)
	at sun.reflect.DelegatingMethodAccessorImpl.invoke(DelegatingMethodAccessorImpl.java:43)
	at java.lang.reflect.Method.invoke(Method.java:498)
	at org.junit.runners.model.FrameworkMethod$1.runReflectiveCall(FrameworkMethod.java:59)
	at org.junit.internal.runners.model.ReflectiveCallable.run(ReflectiveCallable.java:12)
	at org.junit.runners.model.FrameworkMethod.invokeExplosively(FrameworkMethod.java:56)
	at org.junit.internal.runners.statements.InvokeMethod.evaluate(InvokeMethod.java:17)
	at org.junit.internal.runners.statements.RunBefores.evaluate(RunBefores.java:26)
	at org.junit.internal.runners.statements.RunAfters.evaluate(RunAfters.java:27)
	at org.junit.runners.ParentRunner$3.evaluate(ParentRunner.java:306)
	at org.junit.runners.BlockJUnit4ClassRunner$1.evaluate(BlockJUnit4ClassRunner.java:100)
	at org.junit.runners.ParentRunner.runLeaf(ParentRunner.java:366)
	at org.junit.runners.BlockJUnit4ClassRunner.runChild(BlockJUnit4ClassRunner.java:103)
	at org.junit.runners.BlockJUnit4ClassRunner.runChild(BlockJUnit4ClassRunner.java:63)
	at org.junit.runners.ParentRunner$4.run(ParentRunner.java:331)
	at org.junit.runners.ParentRunner$1.schedule(ParentRunner.java:79)
	at org.junit.runners.ParentRunner.runChildren(ParentRunner.java:329)
	at org.junit.runners.ParentRunner.access$100(ParentRunner.java:66)
	at org.junit.runners.ParentRunner$2.evaluate(ParentRunner.java:293)
	at org.junit.runners.ParentRunner.run(ParentRunner.java:413)
	at org.junit.runners.Suite.runChild(Suite.java:128)
	at org.junit.runners.Suite.runChild(Suite.java:27)
	at org.junit.runners.ParentRunner$4.run(ParentRunner.java:331)
	at org.junit.runners.ParentRunner$1.schedule(ParentRunner.java:79)
	at org.junit.runners.ParentRunner.runChildren(ParentRunner.java:329)
	at org.junit.runners.ParentRunner.access$100(ParentRunner.java:66)
	at org.junit.runners.ParentRunner$2.evaluate(ParentRunner.java:293)
	at org.junit.runners.ParentRunner$3.evaluate(ParentRunner.java:306)
	at org.junit.runners.ParentRunner.run(ParentRunner.java:413)
	at org.junit.runner.JUnitCore.run(JUnitCore.java:137)
	at org.junit.runner.JUnitCore.run(JUnitCore.java:115)
	at org.junit.vintage.engine.execution.RunnerExecutor.execute(RunnerExecutor.java:42)
	at org.junit.vintage.engine.VintageTestEngine.executeAllChildren(VintageTestEngine.java:80)
	at org.junit.vintage.engine.VintageTestEngine.execute(VintageTestEngine.java:72)
	at org.junit.platform.launcher.core.EngineExecutionOrchestrator.execute(EngineExecutionOrchestrator.java:107)
	at org.junit.platform.launcher.core.EngineExecutionOrchestrator.execute(EngineExecutionOrchestrator.java:88)
	at org.junit.platform.launcher.core.EngineExecutionOrchestrator.lambda$execute$0(EngineExecutionOrchestrator.java:54)
	at org.junit.platform.launcher.core.EngineExecutionOrchestrator.withInterceptedStreams(EngineExecutionOrchestrator.java:67)
	at org.junit.platform.launcher.core.EngineExecutionOrchestrator.execute(EngineExecutionOrchestrator.java:52)
	at org.junit.platform.launcher.core.DefaultLauncher.execute(DefaultLauncher.java:114)
	at org.junit.platform.launcher.core.DefaultLauncher.execute(DefaultLauncher.java:86)
	at org.junit.platform.launcher.core.DefaultLauncherSession$DelegatingLauncher.execute(DefaultLauncherSession.java:86)
	at org.junit.platform.launcher.core.SessionPerRequestLauncher.execute(SessionPerRequestLauncher.java:53)
	at org.apache.maven.surefire.junitplatform.JUnitPlatformProvider.execute(JUnitPlatformProvider.java:188)
	at org.apache.maven.surefire.junitplatform.JUnitPlatformProvider.invokeAllTests(JUnitPlatformProvider.java:154)
	at org.apache.maven.surefire.junitplatform.JUnitPlatformProvider.invoke(JUnitPlatformProvider.java:124)
	at org.apache.maven.surefire.booter.ForkedBooter.runSuitesInProcess(ForkedBooter.java:428)
	at org.apache.maven.surefire.booter.ForkedBooter.execute(ForkedBooter.java:162)
	at org.apache.maven.surefire.booter.ForkedBooter.run(ForkedBooter.java:562)
	at org.apache.maven.surefire.booter.ForkedBooter.main(ForkedBooter.java:548)
2023-05-02 23:12:55,505 [main] WARN  replication.ReplicationSupervisor (ReplicationSupervisor.java:run(227)) - Failed FAILED replicateContainerCommand: containerId=1, replicaIndex=0, sourceNodes=[], priority=NORMAL
]]></system-out>
  </testcase>
  <testcase name="slowDownload" classname="TestReplicationSupervisor" time="4.021"/>
  <testcase name="slowDownload" classname="TestReplicationSupervisor" time="4.013"/>
  <testcase name="taskWithObsoleteTermIsDropped" classname="TestReplicationSupervisor" time="0.027">
    <system-out><![CDATA[2023-05-02 23:12:55,260 [main] INFO  replication.ReplicationSupervisor (ReplicationSupervisor.java:run(218)) - Ignoring QUEUED replicateContainerCommand: containerId=1, replicaIndex=0, sourceNodes=[], priority=NORMAL, queued at 2023-05-02T23:12:55.260Z since SCM leader has new term (1 < 2)
]]></system-out>
  </testcase>
  <testcase name="taskWithObsoleteTermIsDropped" classname="TestReplicationSupervisor" time="0.012">
    <system-out><![CDATA[2023-05-02 23:12:59,536 [main] INFO  replication.ReplicationSupervisor (ReplicationSupervisor.java:run(218)) - Ignoring QUEUED replicateContainerCommand: containerId=1, replicaIndex=0, sourceNodes=[], priority=NORMAL, queued at 2023-05-02T23:12:59.535Z since SCM leader has new term (1 < 2)
]]></system-out>
  </testcase>
</testsuite>