<?xml version="1.0" encoding="UTF-8"?>
<testsuite xmlns:xsi="http://www.w3.org/2001/XMLSchema-instance" xsi:noNamespaceSchemaLocation="https://maven.apache.org/surefire/maven-surefire-plugin/xsd/surefire-test-report.xsd" name="org.apache.hadoop.ozone.scm.node.TestDecommissionAndMaintenance" time="377.789" tests="11" errors="1" skipped="0" failures="0">
  <properties>
    <property name="awt.toolkit" value="sun.awt.X11.XToolkit"/>
    <property name="file.encoding.pkg" value="sun.io"/>
    <property name="java.specification.version" value="1.8"/>
    <property name="sun.cpu.isalist" value=""/>
    <property name="sun.jnu.encoding" value="UTF-8"/>
    <property name="java.class.path" value="/home/runner/work/ozone/ozone/hadoop-ozone/integration-test/target/test-classes:/home/runner/work/ozone/ozone/hadoop-ozone/integration-test/target/classes:/home/runner/.m2/repository/org/apache/ozone/ozone-common/1.2.0-SNAPSHOT/ozone-common-1.2.0-SNAPSHOT.jar:/home/runner/.m2/repository/org/apache/commons/commons-compress/1.20/commons-compress-1.20.jar:/home/runner/.m2/repository/org/apache/ozone/hdds-common/1.2.0-SNAPSHOT/hdds-common-1.2.0-SNAPSHOT.jar:/home/runner/.m2/repository/org/apache/ozone/hdds-client/1.2.0-SNAPSHOT/hdds-client-1.2.0-SNAPSHOT.jar:/home/runner/.m2/repository/org/apache/ozone/ozone-interface-client/1.2.0-SNAPSHOT/ozone-interface-client-1.2.0-SNAPSHOT.jar:/home/runner/.m2/repository/org/apache/ozone/hdds-server-framework/1.2.0-SNAPSHOT/hdds-server-framework-1.2.0-SNAPSHOT.jar:/home/runner/.m2/repository/org/apache/ozone/hdds-interface-server/1.2.0-SNAPSHOT/hdds-interface-server-1.2.0-SNAPSHOT.jar:/home/runner/.m2/repository/org/eclipse/jetty/jetty-servlet/9.4.43.v20210629/jetty-servlet-9.4.43.v20210629.jar:/home/runner/.m2/repository/org/eclipse/jetty/jetty-security/9.4.43.v20210629/jetty-security-9.4.43.v20210629.jar:/home/runner/.m2/repository/org/rocksdb/rocksdbjni/6.20.3/rocksdbjni-6.20.3.jar:/home/runner/.m2/repository/io/prometheus/simpleclient_dropwizard/0.7.0/simpleclient_dropwizard-0.7.0.jar:/home/runner/.m2/repository/io/prometheus/simpleclient/0.7.0/simpleclient-0.7.0.jar:/home/runner/.m2/repository/io/prometheus/simpleclient_common/0.7.0/simpleclient_common-0.7.0.jar:/home/runner/.m2/repository/com/fasterxml/jackson/datatype/jackson-datatype-jsr310/2.12.1/jackson-datatype-jsr310-2.12.1.jar:/home/runner/.m2/repository/org/apache/ozone/hdds-test-utils/1.2.0-SNAPSHOT/hdds-test-utils-1.2.0-SNAPSHOT.jar:/home/runner/.m2/repository/com/google/guava/guava/30.1.1-jre/guava-30.1.1-jre.jar:/home/runner/.m2/repository/com/google/guava/failureaccess/1.0.1/failureaccess-1.0.1.jar:/home/runner/.m2/repository/com/google/guava/listenablefuture/9999.0-empty-to-avoid-conflict-with-guava/listenablefuture-9999.0-empty-to-avoid-conflict-with-guava.jar:/home/runner/.m2/repository/com/google/code/findbugs/jsr305/3.0.0/jsr305-3.0.0.jar:/home/runner/.m2/repository/org/checkerframework/checker-qual/3.8.0/checker-qual-3.8.0.jar:/home/runner/.m2/repository/com/google/errorprone/error_prone_annotations/2.2.0/error_prone_annotations-2.2.0.jar:/home/runner/.m2/repository/com/google/j2objc/j2objc-annotations/1.3/j2objc-annotations-1.3.jar:/home/runner/.m2/repository/commons-io/commons-io/2.8.0/commons-io-2.8.0.jar:/home/runner/.m2/repository/commons-logging/commons-logging/1.2/commons-logging-1.2.jar:/home/runner/.m2/repository/log4j/log4j/1.2.17/log4j-1.2.17.jar:/home/runner/.m2/repository/org/slf4j/slf4j-api/1.7.30/slf4j-api-1.7.30.jar:/home/runner/.m2/repository/org/apache/ozone/hdds-server-scm/1.2.0-SNAPSHOT/hdds-server-scm-1.2.0-SNAPSHOT.jar:/home/runner/.m2/repository/org/apache/ozone/hdds-container-service/1.2.0-SNAPSHOT/hdds-container-service-1.2.0-SNAPSHOT.jar:/home/runner/.m2/repository/org/apache/ozone/hdds-hadoop-dependency-server/1.2.0-SNAPSHOT/hdds-hadoop-dependency-server-1.2.0-SNAPSHOT.jar:/home/runner/.m2/repository/org/apache/hadoop/hadoop-hdfs/3.3.1/hadoop-hdfs-3.3.1.jar:/home/runner/.m2/repository/io/dropwizard/metrics/metrics-core/3.2.4/metrics-core-3.2.4.jar:/home/runner/.m2/repository/org/apache/hadoop/hadoop-hdfs-client/3.3.1/hadoop-hdfs-client-3.3.1.jar:/home/runner/.m2/repository/org/bouncycastle/bcprov-jdk15on/1.67/bcprov-jdk15on-1.67.jar:/home/runner/.m2/repository/com/google/protobuf/protobuf-java/2.5.0/protobuf-java-2.5.0.jar:/home/runner/.m2/repository/org/apache/ozone/ozone-manager/1.2.0-SNAPSHOT/ozone-manager-1.2.0-SNAPSHOT.jar:/home/runner/.m2/repository/org/aspectj/aspectjrt/1.8.9/aspectjrt-1.8.9.jar:/home/runner/.m2/repository/org/aspectj/aspectjweaver/1.8.9/aspectjweaver-1.8.9.jar:/home/runner/.m2/repository/org/apache/ozone/hdds-interface-client/1.2.0-SNAPSHOT/hdds-interface-client-1.2.0-SNAPSHOT.jar:/home/runner/.m2/repository/org/apache/hadoop/thirdparty/hadoop-shaded-protobuf_3_7/1.1.1/hadoop-shaded-protobuf_3_7-1.1.1.jar:/home/runner/.m2/repository/org/apache/ozone/ozone-interface-storage/1.2.0-SNAPSHOT/ozone-interface-storage-1.2.0-SNAPSHOT.jar:/home/runner/.m2/repository/org/reflections/reflections/0.9.11/reflections-0.9.11.jar:/home/runner/.m2/repository/org/apache/hadoop/hadoop-minikdc/3.3.1/hadoop-minikdc-3.3.1.jar:/home/runner/.m2/repository/org/apache/kerby/kerb-simplekdc/1.0.1/kerb-simplekdc-1.0.1.jar:/home/runner/.m2/repository/org/apache/kerby/kerb-client/1.0.1/kerb-client-1.0.1.jar:/home/runner/.m2/repository/org/apache/kerby/kerby-config/1.0.1/kerby-config-1.0.1.jar:/home/runner/.m2/repository/org/apache/kerby/kerb-common/1.0.1/kerb-common-1.0.1.jar:/home/runner/.m2/repository/org/apache/kerby/kerb-crypto/1.0.1/kerb-crypto-1.0.1.jar:/home/runner/.m2/repository/org/apache/kerby/kerb-util/1.0.1/kerb-util-1.0.1.jar:/home/runner/.m2/repository/org/apache/kerby/token-provider/1.0.1/token-provider-1.0.1.jar:/home/runner/.m2/repository/org/apache/kerby/kerb-admin/1.0.1/kerb-admin-1.0.1.jar:/home/runner/.m2/repository/org/apache/kerby/kerb-server/1.0.1/kerb-server-1.0.1.jar:/home/runner/.m2/repository/org/apache/kerby/kerb-identity/1.0.1/kerb-identity-1.0.1.jar:/home/runner/.m2/repository/org/apache/kerby/kerby-xdr/1.0.1/kerby-xdr-1.0.1.jar:/home/runner/.m2/repository/org/slf4j/slf4j-log4j12/1.7.30/slf4j-log4j12-1.7.30.jar:/home/runner/.m2/repository/org/apache/ozone/ozone-s3gateway/1.2.0-SNAPSHOT/ozone-s3gateway-1.2.0-SNAPSHOT.jar:/home/runner/.m2/repository/org/javassist/javassist/3.21.0-GA/javassist-3.21.0-GA.jar:/home/runner/.m2/repository/org/jboss/weld/servlet/weld-servlet/2.4.7.Final/weld-servlet-2.4.7.Final.jar:/home/runner/.m2/repository/org/glassfish/jersey/containers/jersey-container-servlet-core/2.33/jersey-container-servlet-core-2.33.jar:/home/runner/.m2/repository/org/glassfish/hk2/external/jakarta.inject/2.6.1/jakarta.inject-2.6.1.jar:/home/runner/.m2/repository/org/glassfish/jersey/core/jersey-common/2.33/jersey-common-2.33.jar:/home/runner/.m2/repository/jakarta/ws/rs/jakarta.ws.rs-api/2.1.6/jakarta.ws.rs-api-2.1.6.jar:/home/runner/.m2/repository/org/glassfish/jersey/ext/cdi/jersey-cdi1x/2.33/jersey-cdi1x-2.33.jar:/home/runner/.m2/repository/org/glassfish/jersey/inject/jersey-hk2/2.33/jersey-hk2-2.33.jar:/home/runner/.m2/repository/org/glassfish/hk2/hk2-locator/2.6.1/hk2-locator-2.6.1.jar:/home/runner/.m2/repository/org/glassfish/jersey/media/jersey-media-jaxb/2.33/jersey-media-jaxb-2.33.jar:/home/runner/.m2/repository/org/glassfish/hk2/osgi-resource-locator/1.0.3/osgi-resource-locator-1.0.3.jar:/home/runner/.m2/repository/org/glassfish/hk2/hk2-api/2.5.0/hk2-api-2.5.0.jar:/home/runner/.m2/repository/org/glassfish/hk2/hk2-utils/2.5.0/hk2-utils-2.5.0.jar:/home/runner/.m2/repository/org/glassfish/hk2/external/aopalliance-repackaged/2.5.0/aopalliance-repackaged-2.5.0.jar:/home/runner/.m2/repository/com/fasterxml/jackson/dataformat/jackson-dataformat-xml/2.12.1/jackson-dataformat-xml-2.12.1.jar:/home/runner/.m2/repository/com/fasterxml/jackson/core/jackson-core/2.12.1/jackson-core-2.12.1.jar:/home/runner/.m2/repository/com/fasterxml/jackson/module/jackson-module-jaxb-annotations/2.12.1/jackson-module-jaxb-annotations-2.12.1.jar:/home/runner/.m2/repository/jakarta/xml/bind/jakarta.xml.bind-api/2.3.2/jakarta.xml.bind-api-2.3.2.jar:/home/runner/.m2/repository/org/codehaus/woodstox/stax2-api/3.1.4/stax2-api-3.1.4.jar:/home/runner/.m2/repository/com/fasterxml/woodstox/woodstox-core/5.0.3/woodstox-core-5.0.3.jar:/home/runner/.m2/repository/javax/enterprise/cdi-api/1.2/cdi-api-1.2.jar:/home/runner/.m2/repository/javax/el/javax.el-api/3.0.0/javax.el-api-3.0.0.jar:/home/runner/.m2/repository/javax/interceptor/javax.interceptor-api/1.2/javax.interceptor-api-1.2.jar:/home/runner/.m2/repository/javax/inject/javax.inject/1/javax.inject-1.jar:/home/runner/.m2/repository/javax/xml/bind/jaxb-api/2.3.0/jaxb-api-2.3.0.jar:/home/runner/.m2/repository/org/glassfish/jaxb/jaxb-runtime/2.3.0.1/jaxb-runtime-2.3.0.1.jar:/home/runner/.m2/repository/org/glassfish/jaxb/jaxb-core/2.3.0.1/jaxb-core-2.3.0.1.jar:/home/runner/.m2/repository/org/glassfish/jaxb/txw2/2.3.0.1/txw2-2.3.0.1.jar:/home/runner/.m2/repository/com/sun/istack/istack-commons-runtime/3.0.5/istack-commons-runtime-3.0.5.jar:/home/runner/.m2/repository/org/jvnet/staxex/stax-ex/1.7.8/stax-ex-1.7.8.jar:/home/runner/.m2/repository/com/sun/xml/fastinfoset/FastInfoset/1.2.13/FastInfoset-1.2.13.jar:/home/runner/.m2/repository/javax/activation/activation/1.1.1/activation-1.1.1.jar:/home/runner/.m2/repository/org/apache/ozone/ozone-csi/1.2.0-SNAPSHOT/ozone-csi-1.2.0-SNAPSHOT.jar:/home/runner/.m2/repository/com/google/protobuf/protobuf-java-util/3.12.0/protobuf-java-util-3.12.0.jar:/home/runner/.m2/repository/com/google/code/gson/gson/2.2.4/gson-2.2.4.jar:/home/runner/.m2/repository/org/apache/ozone/hdds-config/1.2.0-SNAPSHOT/hdds-config-1.2.0-SNAPSHOT.jar:/home/runner/.m2/repository/io/grpc/grpc-netty/1.33.0/grpc-netty-1.33.0.jar:/home/runner/.m2/repository/io/grpc/grpc-core/1.33.0/grpc-core-1.33.0.jar:/home/runner/.m2/repository/com/google/android/annotations/4.1.1.4/annotations-4.1.1.4.jar:/home/runner/.m2/repository/io/netty/netty-codec-http2/4.1.63.Final/netty-codec-http2-4.1.63.Final.jar:/home/runner/.m2/repository/io/netty/netty-codec-http/4.1.63.Final/netty-codec-http-4.1.63.Final.jar:/home/runner/.m2/repository/io/netty/netty-handler-proxy/4.1.63.Final/netty-handler-proxy-4.1.63.Final.jar:/home/runner/.m2/repository/io/netty/netty-codec-socks/4.1.63.Final/netty-codec-socks-4.1.63.Final.jar:/home/runner/.m2/repository/io/perfmark/perfmark-api/0.19.0/perfmark-api-0.19.0.jar:/home/runner/.m2/repository/org/codehaus/mojo/animal-sniffer-annotations/1.18/animal-sniffer-annotations-1.18.jar:/home/runner/.m2/repository/io/netty/netty-transport-native-epoll/4.1.63.Final/netty-transport-native-epoll-4.1.63.Final.jar:/home/runner/.m2/repository/io/netty/netty-common/4.1.63.Final/netty-common-4.1.63.Final.jar:/home/runner/.m2/repository/io/netty/netty-buffer/4.1.63.Final/netty-buffer-4.1.63.Final.jar:/home/runner/.m2/repository/io/netty/netty-transport-native-unix-common/4.1.63.Final/netty-transport-native-unix-common-4.1.63.Final.jar:/home/runner/.m2/repository/io/grpc/grpc-protobuf/1.33.0/grpc-protobuf-1.33.0.jar:/home/runner/.m2/repository/io/grpc/grpc-api/1.33.0/grpc-api-1.33.0.jar:/home/runner/.m2/repository/io/grpc/grpc-context/1.33.0/grpc-context-1.33.0.jar:/home/runner/.m2/repository/com/google/api/grpc/proto-google-common-protos/1.17.0/proto-google-common-protos-1.17.0.jar:/home/runner/.m2/repository/io/grpc/grpc-protobuf-lite/1.33.0/grpc-protobuf-lite-1.33.0.jar:/home/runner/.m2/repository/io/grpc/grpc-stub/1.33.0/grpc-stub-1.33.0.jar:/home/runner/.m2/repository/org/apache/ozone/ozone-recon/1.2.0-SNAPSHOT/ozone-recon-1.2.0-SNAPSHOT.jar:/home/runner/.m2/repository/org/apache/ozone/ozone-reconcodegen/1.2.0-SNAPSHOT/ozone-reconcodegen-1.2.0-SNAPSHOT.jar:/home/runner/.m2/repository/com/google/inject/extensions/guice-multibindings/4.0/guice-multibindings-4.0.jar:/home/runner/.m2/repository/com/google/inject/guice/4.0/guice-4.0.jar:/home/runner/.m2/repository/aopalliance/aopalliance/1.0/aopalliance-1.0.jar:/home/runner/.m2/repository/com/google/inject/extensions/guice-assistedinject/4.0/guice-assistedinject-4.0.jar:/home/runner/.m2/repository/com/google/inject/extensions/guice-servlet/4.0/guice-servlet-4.0.jar:/home/runner/.m2/repository/org/glassfish/jersey/containers/jersey-container-servlet/2.33/jersey-container-servlet-2.33.jar:/home/runner/.m2/repository/org/glassfish/hk2/guice-bridge/2.5.0/guice-bridge-2.5.0.jar:/home/runner/.m2/repository/org/glassfish/jersey/core/jersey-server/2.33/jersey-server-2.33.jar:/home/runner/.m2/repository/org/glassfish/jersey/core/jersey-client/2.33/jersey-client-2.33.jar:/home/runner/.m2/repository/jakarta/annotation/jakarta.annotation-api/1.3.5/jakarta.annotation-api-1.3.5.jar:/home/runner/.m2/repository/jakarta/validation/jakarta.validation-api/2.0.2/jakarta.validation-api-2.0.2.jar:/home/runner/.m2/repository/org/glassfish/jersey/media/jersey-media-json-jackson/2.33/jersey-media-json-jackson-2.33.jar:/home/runner/.m2/repository/org/glassfish/jersey/ext/jersey-entity-filtering/2.33/jersey-entity-filtering-2.33.jar:/home/runner/.m2/repository/org/jooq/jooq/3.11.10/jooq-3.11.10.jar:/home/runner/.m2/repository/org/jooq/jooq-meta/3.11.10/jooq-meta-3.11.10.jar:/home/runner/.m2/repository/org/jooq/jooq-codegen/3.11.10/jooq-codegen-3.11.10.jar:/home/runner/.m2/repository/com/jolbox/bonecp/0.8.0.RELEASE/bonecp-0.8.0.RELEASE.jar:/home/runner/.m2/repository/org/apache/derby/derby/10.14.2.0/derby-10.14.2.0.jar:/home/runner/.m2/repository/org/xerial/sqlite-jdbc/3.25.2/sqlite-jdbc-3.25.2.jar:/home/runner/.m2/repository/org/springframework/spring-jdbc/5.2.11.RELEASE/spring-jdbc-5.2.11.RELEASE.jar:/home/runner/.m2/repository/org/springframework/spring-beans/5.2.11.RELEASE/spring-beans-5.2.11.RELEASE.jar:/home/runner/.m2/repository/org/springframework/spring-core/5.2.11.RELEASE/spring-core-5.2.11.RELEASE.jar:/home/runner/.m2/repository/org/springframework/spring-jcl/5.2.11.RELEASE/spring-jcl-5.2.11.RELEASE.jar:/home/runner/.m2/repository/org/springframework/spring-tx/5.2.11.RELEASE/spring-tx-5.2.11.RELEASE.jar:/home/runner/.m2/repository/org/apache/ozone/ozone-client/1.2.0-SNAPSHOT/ozone-client-1.2.0-SNAPSHOT.jar:/home/runner/.m2/repository/org/apache/ozone/ozone-filesystem/1.2.0-SNAPSHOT/ozone-filesystem-1.2.0-SNAPSHOT.jar:/home/runner/.m2/repository/org/apache/ozone/ozone-filesystem-common/1.2.0-SNAPSHOT/ozone-filesystem-common-1.2.0-SNAPSHOT.jar:/home/runner/.m2/repository/org/apache/ozone/ozone-tools/1.2.0-SNAPSHOT/ozone-tools-1.2.0-SNAPSHOT.jar:/home/runner/.m2/repository/org/apache/ratis/ratis-tools/2.1.0-03f3b68-SNAPSHOT/ratis-tools-2.1.0-03f3b68-SNAPSHOT.jar:/home/runner/.m2/repository/com/amazonaws/aws-java-sdk-core/1.11.901/aws-java-sdk-core-1.11.901.jar:/home/runner/.m2/repository/org/apache/httpcomponents/httpclient/4.5.13/httpclient-4.5.13.jar:/home/runner/.m2/repository/org/apache/httpcomponents/httpcore/4.4.13/httpcore-4.4.13.jar:/home/runner/.m2/repository/software/amazon/ion/ion-java/1.0.2/ion-java-1.0.2.jar:/home/runner/.m2/repository/com/fasterxml/jackson/dataformat/jackson-dataformat-cbor/2.12.1/jackson-dataformat-cbor-2.12.1.jar:/home/runner/.m2/repository/joda-time/joda-time/2.8.1/joda-time-2.8.1.jar:/home/runner/.m2/repository/com/amazonaws/aws-java-sdk-s3/1.11.901/aws-java-sdk-s3-1.11.901.jar:/home/runner/.m2/repository/com/amazonaws/aws-java-sdk-kms/1.11.901/aws-java-sdk-kms-1.11.901.jar:/home/runner/.m2/repository/com/amazonaws/jmespath-java/1.11.901/jmespath-java-1.11.901.jar:/home/runner/.m2/repository/org/kohsuke/metainf-services/metainf-services/1.8/metainf-services-1.8.jar:/home/runner/.m2/repository/org/apache/ozone/hdds-tools/1.2.0-SNAPSHOT/hdds-tools-1.2.0-SNAPSHOT.jar:/home/runner/.m2/repository/commons-cli/commons-cli/1.2/commons-cli-1.2.jar:/home/runner/.m2/repository/org/apache/commons/commons-lang3/3.7/commons-lang3-3.7.jar:/home/runner/.m2/repository/org/apache/ozone/ozone-manager/1.2.0-SNAPSHOT/ozone-manager-1.2.0-SNAPSHOT-tests.jar:/home/runner/.m2/repository/org/apache/ozone/hdds-common/1.2.0-SNAPSHOT/hdds-common-1.2.0-SNAPSHOT-tests.jar:/home/runner/.m2/repository/org/apache/ozone/hdds-hadoop-dependency-client/1.2.0-SNAPSHOT/hdds-hadoop-dependency-client-1.2.0-SNAPSHOT.jar:/home/runner/.m2/repository/info/picocli/picocli/4.6.1/picocli-4.6.1.jar:/home/runner/.m2/repository/com/fasterxml/jackson/core/jackson-annotations/2.12.1/jackson-annotations-2.12.1.jar:/home/runner/.m2/repository/javax/annotation/javax.annotation-api/1.2/javax.annotation-api-1.2.jar:/home/runner/.m2/repository/org/apache/ratis/ratis-server/2.1.0-03f3b68-SNAPSHOT/ratis-server-2.1.0-03f3b68-SNAPSHOT.jar:/home/runner/.m2/repository/org/apache/ratis/ratis-client/2.1.0-03f3b68-SNAPSHOT/ratis-client-2.1.0-03f3b68-SNAPSHOT.jar:/home/runner/.m2/repository/org/apache/ratis/ratis-server-api/2.1.0-03f3b68-SNAPSHOT/ratis-server-api-2.1.0-03f3b68-SNAPSHOT.jar:/home/runner/.m2/repository/org/apache/ratis/ratis-metrics/2.1.0-03f3b68-SNAPSHOT/ratis-metrics-2.1.0-03f3b68-SNAPSHOT.jar:/home/runner/.m2/repository/org/apache/ratis/ratis-netty/2.1.0-03f3b68-SNAPSHOT/ratis-netty-2.1.0-03f3b68-SNAPSHOT.jar:/home/runner/.m2/repository/org/apache/ratis/ratis-grpc/2.1.0-03f3b68-SNAPSHOT/ratis-grpc-2.1.0-03f3b68-SNAPSHOT.jar:/home/runner/.m2/repository/org/apache/logging/log4j/log4j-api/2.13.3/log4j-api-2.13.3.jar:/home/runner/.m2/repository/org/apache/logging/log4j/log4j-core/2.13.3/log4j-core-2.13.3.jar:/home/runner/.m2/repository/com/lmax/disruptor/3.4.2/disruptor-3.4.2.jar:/home/runner/.m2/repository/org/apache/commons/commons-pool2/2.6.0/commons-pool2-2.6.0.jar:/home/runner/.m2/repository/org/bouncycastle/bcpkix-jdk15on/1.67/bcpkix-jdk15on-1.67.jar:/home/runner/.m2/repository/commons-validator/commons-validator/1.6/commons-validator-1.6.jar:/home/runner/.m2/repository/commons-beanutils/commons-beanutils/1.9.4/commons-beanutils-1.9.4.jar:/home/runner/.m2/repository/commons-digester/commons-digester/1.8.1/commons-digester-1.8.1.jar:/home/runner/.m2/repository/commons-collections/commons-collections/3.2.2/commons-collections-3.2.2.jar:/home/runner/.m2/repository/io/jaegertracing/jaeger-client/1.6.0/jaeger-client-1.6.0.jar:/home/runner/.m2/repository/io/jaegertracing/jaeger-thrift/1.6.0/jaeger-thrift-1.6.0.jar:/home/runner/.m2/repository/org/apache/thrift/libthrift/0.14.1/libthrift-0.14.1.jar:/home/runner/.m2/repository/com/squareup/okhttp3/okhttp/4.9.0/okhttp-4.9.0.jar:/home/runner/.m2/repository/com/squareup/okio/okio/2.8.0/okio-2.8.0.jar:/home/runner/.m2/repository/io/jaegertracing/jaeger-core/1.6.0/jaeger-core-1.6.0.jar:/home/runner/.m2/repository/io/jaegertracing/jaeger-tracerresolver/1.6.0/jaeger-tracerresolver-1.6.0.jar:/home/runner/.m2/repository/io/opentracing/contrib/opentracing-tracerresolver/0.1.8/opentracing-tracerresolver-0.1.8.jar:/home/runner/.m2/repository/org/jetbrains/kotlin/kotlin-stdlib/1.4.31/kotlin-stdlib-1.4.31.jar:/home/runner/.m2/repository/org/jetbrains/kotlin/kotlin-stdlib-common/1.4.31/kotlin-stdlib-common-1.4.31.jar:/home/runner/.m2/repository/org/jetbrains/annotations/13.0/annotations-13.0.jar:/home/runner/.m2/repository/io/opentracing/opentracing-util/0.33.0/opentracing-util-0.33.0.jar:/home/runner/.m2/repository/io/opentracing/opentracing-api/0.33.0/opentracing-api-0.33.0.jar:/home/runner/.m2/repository/io/opentracing/opentracing-noop/0.33.0/opentracing-noop-0.33.0.jar:/home/runner/.m2/repository/org/yaml/snakeyaml/1.26/snakeyaml-1.26.jar:/home/runner/.m2/repository/org/apache/ozone/hdds-interface-admin/1.2.0-SNAPSHOT/hdds-interface-admin-1.2.0-SNAPSHOT.jar:/home/runner/.m2/repository/junit/junit/4.13.1/junit-4.13.1.jar:/home/runner/.m2/repository/org/hamcrest/hamcrest-core/1.3/hamcrest-core-1.3.jar:/home/runner/.m2/repository/org/junit/jupiter/junit-jupiter-api/5.7.0/junit-jupiter-api-5.7.0.jar:/home/runner/.m2/repository/org/apiguardian/apiguardian-api/1.1.0/apiguardian-api-1.1.0.jar:/home/runner/.m2/repository/org/opentest4j/opentest4j/1.2.0/opentest4j-1.2.0.jar:/home/runner/.m2/repository/org/junit/platform/junit-platform-commons/1.7.0/junit-platform-commons-1.7.0.jar:/home/runner/.m2/repository/org/junit/jupiter/junit-jupiter-engine/5.7.0/junit-jupiter-engine-5.7.0.jar:/home/runner/.m2/repository/org/junit/platform/junit-platform-engine/1.7.0/junit-platform-engine-1.7.0.jar:/home/runner/.m2/repository/org/junit/vintage/junit-vintage-engine/5.7.0/junit-vintage-engine-5.7.0.jar:/home/runner/.m2/repository/org/junit/platform/junit-platform-launcher/1.7.0/junit-platform-launcher-1.7.0.jar:/home/runner/.m2/repository/org/openjdk/jmh/jmh-core/1.19/jmh-core-1.19.jar:/home/runner/.m2/repository/net/sf/jopt-simple/jopt-simple/4.6/jopt-simple-4.6.jar:/home/runner/.m2/repository/org/apache/commons/commons-math3/3.1.1/commons-math3-3.1.1.jar:/home/runner/.m2/repository/org/openjdk/jmh/jmh-generator-annprocess/1.19/jmh-generator-annprocess-1.19.jar:/home/runner/.m2/repository/org/mockito/mockito-core/2.28.2/mockito-core-2.28.2.jar:/home/runner/.m2/repository/net/bytebuddy/byte-buddy/1.9.10/byte-buddy-1.9.10.jar:/home/runner/.m2/repository/net/bytebuddy/byte-buddy-agent/1.9.10/byte-buddy-agent-1.9.10.jar:/home/runner/.m2/repository/org/objenesis/objenesis/1.0/objenesis-1.0.jar:/home/runner/.m2/repository/org/apache/hadoop/hadoop-kms/3.3.1/hadoop-kms-3.3.1.jar:/home/runner/.m2/repository/org/apache/hadoop/hadoop-auth/3.3.1/hadoop-auth-3.3.1.jar:/home/runner/.m2/repository/com/nimbusds/nimbus-jose-jwt/7.9/nimbus-jose-jwt-7.9.jar:/home/runner/.m2/repository/com/github/stephenc/jcip/jcip-annotations/1.0-1/jcip-annotations-1.0-1.jar:/home/runner/.m2/repository/net/minidev/json-smart/2.3/json-smart-2.3.jar:/home/runner/.m2/repository/net/minidev/accessors-smart/1.2/accessors-smart-1.2.jar:/home/runner/.m2/repository/org/ow2/asm/asm/5.0.4/asm-5.0.4.jar:/home/runner/.m2/repository/org/apache/zookeeper/zookeeper/3.5.6/zookeeper-3.5.6.jar:/home/runner/.m2/repository/org/apache/zookeeper/zookeeper-jute/3.5.6/zookeeper-jute-3.5.6.jar:/home/runner/.m2/repository/org/apache/yetus/audience-annotations/0.5.0/audience-annotations-0.5.0.jar:/home/runner/.m2/repository/org/apache/curator/curator-framework/4.2.0/curator-framework-4.2.0.jar:/home/runner/.m2/repository/org/apache/hadoop/thirdparty/hadoop-shaded-guava/1.1.1/hadoop-shaded-guava-1.1.1.jar:/home/runner/.m2/repository/com/sun/jersey/jersey-core/1.19/jersey-core-1.19.jar:/home/runner/.m2/repository/javax/ws/rs/jsr311-api/1.1.1/jsr311-api-1.1.1.jar:/home/runner/.m2/repository/com/sun/jersey/jersey-server/1.19/jersey-server-1.19.jar:/home/runner/.m2/repository/javax/servlet/javax.servlet-api/3.1.0/javax.servlet-api-3.1.0.jar:/home/runner/.m2/repository/org/eclipse/jetty/jetty-server/9.4.43.v20210629/jetty-server-9.4.43.v20210629.jar:/home/runner/.m2/repository/org/eclipse/jetty/jetty-http/9.4.43.v20210629/jetty-http-9.4.43.v20210629.jar:/home/runner/.m2/repository/org/eclipse/jetty/jetty-io/9.4.43.v20210629/jetty-io-9.4.43.v20210629.jar:/home/runner/.m2/repository/org/eclipse/jetty/jetty-webapp/9.4.43.v20210629/jetty-webapp-9.4.43.v20210629.jar:/home/runner/.m2/repository/org/eclipse/jetty/jetty-xml/9.4.43.v20210629/jetty-xml-9.4.43.v20210629.jar:/home/runner/.m2/repository/org/apache/hadoop/hadoop-common/3.3.1/hadoop-common-3.3.1.jar:/home/runner/.m2/repository/commons-net/commons-net/3.6/commons-net-3.6.jar:/home/runner/.m2/repository/jakarta/activation/jakarta.activation-api/1.2.1/jakarta.activation-api-1.2.1.jar:/home/runner/.m2/repository/com/sun/jersey/jersey-servlet/1.19/jersey-servlet-1.19.jar:/home/runner/.m2/repository/com/sun/jersey/jersey-json/1.19/jersey-json-1.19.jar:/home/runner/.m2/repository/org/codehaus/jettison/jettison/1.1/jettison-1.1.jar:/home/runner/.m2/repository/com/sun/xml/bind/jaxb-impl/2.2.3-1/jaxb-impl-2.2.3-1.jar:/home/runner/.m2/repository/org/codehaus/jackson/jackson-jaxrs/1.9.2/jackson-jaxrs-1.9.2.jar:/home/runner/.m2/repository/org/codehaus/jackson/jackson-xc/1.9.2/jackson-xc-1.9.2.jar:/home/runner/.m2/repository/org/apache/commons/commons-configuration2/2.1.1/commons-configuration2-2.1.1.jar:/home/runner/.m2/repository/org/apache/commons/commons-text/1.4/commons-text-1.4.jar:/home/runner/.m2/repository/com/google/re2j/re2j/1.1/re2j-1.1.jar:/home/runner/.m2/repository/com/jcraft/jsch/0.1.54/jsch-0.1.54.jar:/home/runner/.m2/repository/org/apache/curator/curator-client/4.2.0/curator-client-4.2.0.jar:/home/runner/.m2/repository/org/apache/curator/curator-recipes/4.2.0/curator-recipes-4.2.0.jar:/home/runner/.m2/repository/org/apache/kerby/kerb-core/1.0.1/kerb-core-1.0.1.jar:/home/runner/.m2/repository/org/apache/kerby/kerby-pkix/1.0.1/kerby-pkix-1.0.1.jar:/home/runner/.m2/repository/org/apache/kerby/kerby-asn1/1.0.1/kerby-asn1-1.0.1.jar:/home/runner/.m2/repository/org/apache/kerby/kerby-util/1.0.1/kerby-util-1.0.1.jar:/home/runner/.m2/repository/dnsjava/dnsjava/2.1.7/dnsjava-2.1.7.jar:/home/runner/.m2/repository/org/xerial/snappy/snappy-java/1.1.8.2/snappy-java-1.1.8.2.jar:/home/runner/.m2/repository/org/slf4j/jul-to-slf4j/1.7.30/jul-to-slf4j-1.7.30.jar:/home/runner/.m2/repository/org/eclipse/jetty/jetty-util/9.4.43.v20210629/jetty-util-9.4.43.v20210629.jar:/home/runner/.m2/repository/com/fasterxml/jackson/core/jackson-databind/2.12.1/jackson-databind-2.12.1.jar:/home/runner/.m2/repository/org/apache/hadoop/hadoop-kms/3.3.1/hadoop-kms-3.3.1-tests.jar:/home/runner/.m2/repository/org/apache/ozone/hdds-server-scm/1.2.0-SNAPSHOT/hdds-server-scm-1.2.0-SNAPSHOT-tests.jar:/home/runner/.m2/repository/org/apache/ozone/hdds-container-service/1.2.0-SNAPSHOT/hdds-container-service-1.2.0-SNAPSHOT-tests.jar:/home/runner/.m2/repository/commons-codec/commons-codec/1.11/commons-codec-1.11.jar:/home/runner/.m2/repository/io/netty/netty-transport/4.1.63.Final/netty-transport-4.1.63.Final.jar:/home/runner/.m2/repository/io/netty/netty-resolver/4.1.63.Final/netty-resolver-4.1.63.Final.jar:/home/runner/.m2/repository/io/netty/netty-codec/4.1.63.Final/netty-codec-4.1.63.Final.jar:/home/runner/.m2/repository/io/netty/netty-handler/4.1.63.Final/netty-handler-4.1.63.Final.jar:/home/runner/.m2/repository/org/apache/ozone/hdds-hadoop-dependency-test/1.2.0-SNAPSHOT/hdds-hadoop-dependency-test-1.2.0-SNAPSHOT.jar:/home/runner/.m2/repository/org/apache/hadoop/hadoop-common/3.3.1/hadoop-common-3.3.1-tests.jar:/home/runner/.m2/repository/org/assertj/assertj-core/3.12.2/assertj-core-3.12.2.jar:/home/runner/.m2/repository/org/apache/hadoop/hadoop-hdfs/3.3.1/hadoop-hdfs-3.3.1-tests.jar:/home/runner/.m2/repository/org/eclipse/jetty/jetty-util-ajax/9.4.43.v20210629/jetty-util-ajax-9.4.43.v20210629.jar:/home/runner/.m2/repository/commons-daemon/commons-daemon/1.0.13/commons-daemon-1.0.13.jar:/home/runner/.m2/repository/io/netty/netty/3.10.6.Final/netty-3.10.6.Final.jar:/home/runner/.m2/repository/io/netty/netty-all/4.1.63.Final/netty-all-4.1.63.Final.jar:/home/runner/.m2/repository/org/apache/htrace/htrace-core4/4.1.0-incubating/htrace-core4-4.1.0-incubating.jar:/home/runner/.m2/repository/org/fusesource/leveldbjni/leveldbjni-all/1.8/leveldbjni-all-1.8.jar:/home/runner/.m2/repository/org/apache/hadoop/hadoop-distcp/3.3.1/hadoop-distcp-3.3.1.jar:/home/runner/.m2/repository/org/apache/hadoop/hadoop-mapreduce-client-jobclient/3.3.1/hadoop-mapreduce-client-jobclient-3.3.1.jar:/home/runner/.m2/repository/org/apache/hadoop/hadoop-mapreduce-client-common/3.3.1/hadoop-mapreduce-client-common-3.3.1.jar:/home/runner/.m2/repository/org/apache/hadoop/hadoop-yarn-common/3.3.1/hadoop-yarn-common-3.3.1.jar:/home/runner/.m2/repository/org/apache/hadoop/hadoop-yarn-api/3.3.1/hadoop-yarn-api-3.3.1.jar:/home/runner/.m2/repository/com/sun/jersey/jersey-client/1.19/jersey-client-1.19.jar:/home/runner/.m2/repository/com/sun/jersey/contribs/jersey-guice/1.19/jersey-guice-1.19.jar:/home/runner/.m2/repository/com/fasterxml/jackson/jaxrs/jackson-jaxrs-json-provider/2.12.1/jackson-jaxrs-json-provider-2.12.1.jar:/home/runner/.m2/repository/com/fasterxml/jackson/jaxrs/jackson-jaxrs-base/2.12.1/jackson-jaxrs-base-2.12.1.jar:/home/runner/.m2/repository/org/apache/hadoop/hadoop-yarn-client/3.3.1/hadoop-yarn-client-3.3.1.jar:/home/runner/.m2/repository/org/eclipse/jetty/websocket/websocket-client/9.4.40.v20210413/websocket-client-9.4.40.v20210413.jar:/home/runner/.m2/repository/org/eclipse/jetty/jetty-client/9.4.40.v20210413/jetty-client-9.4.40.v20210413.jar:/home/runner/.m2/repository/org/eclipse/jetty/websocket/websocket-common/9.4.40.v20210413/websocket-common-9.4.40.v20210413.jar:/home/runner/.m2/repository/org/eclipse/jetty/websocket/websocket-api/9.4.40.v20210413/websocket-api-9.4.40.v20210413.jar:/home/runner/.m2/repository/org/jline/jline/3.9.0/jline-3.9.0.jar:/home/runner/.m2/repository/org/apache/hadoop/hadoop-mapreduce-client-core/3.3.1/hadoop-mapreduce-client-core-3.3.1.jar:/home/runner/.m2/repository/org/apache/avro/avro/1.7.7/avro-1.7.7.jar:/home/runner/.m2/repository/org/codehaus/jackson/jackson-core-asl/1.9.13/jackson-core-asl-1.9.13.jar:/home/runner/.m2/repository/org/codehaus/jackson/jackson-mapper-asl/1.9.13/jackson-mapper-asl-1.9.13.jar:/home/runner/.m2/repository/com/thoughtworks/paranamer/paranamer/2.3/paranamer-2.3.jar:/home/runner/.m2/repository/org/apache/hadoop/hadoop-annotations/3.3.1/hadoop-annotations-3.3.1.jar:/usr/lib/jvm/adoptopenjdk-8-hotspot-amd64/jre/../lib/tools.jar:/home/runner/.m2/repository/org/apache/hadoop/hadoop-distcp/3.3.1/hadoop-distcp-3.3.1-tests.jar:/home/runner/.m2/repository/org/apache/ratis/ratis-common/2.1.0-03f3b68-SNAPSHOT/ratis-common-2.1.0-03f3b68-SNAPSHOT.jar:/home/runner/.m2/repository/org/apache/ratis/ratis-thirdparty-misc/0.7.0/ratis-thirdparty-misc-0.7.0.jar:/home/runner/.m2/repository/org/apache/ratis/ratis-proto/2.1.0-03f3b68-SNAPSHOT/ratis-proto-2.1.0-03f3b68-SNAPSHOT.jar:"/>
    <property name="java.vm.vendor" value="AdoptOpenJDK"/>
    <property name="sun.arch.data.model" value="64"/>
    <property name="test.build.dir" value="/home/runner/work/ozone/ozone/hadoop-ozone/integration-test/target/test-dir"/>
    <property name="test.cache.data" value=""/>
    <property name="java.vendor.url" value="https://adoptopenjdk.net/"/>
    <property name="user.timezone" value=""/>
    <property name="java.vm.specification.version" value="1.8"/>
    <property name="os.name" value="Linux"/>
    <property name="test.build.data" value="/home/runner/work/ozone/ozone/hadoop-ozone/integration-test/target/test-dir"/>
    <property name="sun.java.launcher" value="SUN_STANDARD"/>
    <property name="sun.boot.library.path" value="/usr/lib/jvm/adoptopenjdk-8-hotspot-amd64/jre/lib/amd64"/>
    <property name="sun.java.command" value="/home/runner/work/ozone/ozone/hadoop-ozone/integration-test/target/surefire/surefirebooter4926272778403032802.jar /home/runner/work/ozone/ozone/hadoop-ozone/integration-test/target/surefire 2021-09-05T00-56-29_162-jvmRun1 surefire3480297666666434306tmp surefire_702810496419194148468tmp"/>
    <property name="surefire.test.class.path" value="/home/runner/work/ozone/ozone/hadoop-ozone/integration-test/target/test-classes:/home/runner/work/ozone/ozone/hadoop-ozone/integration-test/target/classes:/home/runner/.m2/repository/org/apache/ozone/ozone-common/1.2.0-SNAPSHOT/ozone-common-1.2.0-SNAPSHOT.jar:/home/runner/.m2/repository/org/apache/commons/commons-compress/1.20/commons-compress-1.20.jar:/home/runner/.m2/repository/org/apache/ozone/hdds-common/1.2.0-SNAPSHOT/hdds-common-1.2.0-SNAPSHOT.jar:/home/runner/.m2/repository/org/apache/ozone/hdds-client/1.2.0-SNAPSHOT/hdds-client-1.2.0-SNAPSHOT.jar:/home/runner/.m2/repository/org/apache/ozone/ozone-interface-client/1.2.0-SNAPSHOT/ozone-interface-client-1.2.0-SNAPSHOT.jar:/home/runner/.m2/repository/org/apache/ozone/hdds-server-framework/1.2.0-SNAPSHOT/hdds-server-framework-1.2.0-SNAPSHOT.jar:/home/runner/.m2/repository/org/apache/ozone/hdds-interface-server/1.2.0-SNAPSHOT/hdds-interface-server-1.2.0-SNAPSHOT.jar:/home/runner/.m2/repository/org/eclipse/jetty/jetty-servlet/9.4.43.v20210629/jetty-servlet-9.4.43.v20210629.jar:/home/runner/.m2/repository/org/eclipse/jetty/jetty-security/9.4.43.v20210629/jetty-security-9.4.43.v20210629.jar:/home/runner/.m2/repository/org/rocksdb/rocksdbjni/6.20.3/rocksdbjni-6.20.3.jar:/home/runner/.m2/repository/io/prometheus/simpleclient_dropwizard/0.7.0/simpleclient_dropwizard-0.7.0.jar:/home/runner/.m2/repository/io/prometheus/simpleclient/0.7.0/simpleclient-0.7.0.jar:/home/runner/.m2/repository/io/prometheus/simpleclient_common/0.7.0/simpleclient_common-0.7.0.jar:/home/runner/.m2/repository/com/fasterxml/jackson/datatype/jackson-datatype-jsr310/2.12.1/jackson-datatype-jsr310-2.12.1.jar:/home/runner/.m2/repository/org/apache/ozone/hdds-test-utils/1.2.0-SNAPSHOT/hdds-test-utils-1.2.0-SNAPSHOT.jar:/home/runner/.m2/repository/com/google/guava/guava/30.1.1-jre/guava-30.1.1-jre.jar:/home/runner/.m2/repository/com/google/guava/failureaccess/1.0.1/failureaccess-1.0.1.jar:/home/runner/.m2/repository/com/google/guava/listenablefuture/9999.0-empty-to-avoid-conflict-with-guava/listenablefuture-9999.0-empty-to-avoid-conflict-with-guava.jar:/home/runner/.m2/repository/com/google/code/findbugs/jsr305/3.0.0/jsr305-3.0.0.jar:/home/runner/.m2/repository/org/checkerframework/checker-qual/3.8.0/checker-qual-3.8.0.jar:/home/runner/.m2/repository/com/google/errorprone/error_prone_annotations/2.2.0/error_prone_annotations-2.2.0.jar:/home/runner/.m2/repository/com/google/j2objc/j2objc-annotations/1.3/j2objc-annotations-1.3.jar:/home/runner/.m2/repository/commons-io/commons-io/2.8.0/commons-io-2.8.0.jar:/home/runner/.m2/repository/commons-logging/commons-logging/1.2/commons-logging-1.2.jar:/home/runner/.m2/repository/log4j/log4j/1.2.17/log4j-1.2.17.jar:/home/runner/.m2/repository/org/slf4j/slf4j-api/1.7.30/slf4j-api-1.7.30.jar:/home/runner/.m2/repository/org/apache/ozone/hdds-server-scm/1.2.0-SNAPSHOT/hdds-server-scm-1.2.0-SNAPSHOT.jar:/home/runner/.m2/repository/org/apache/ozone/hdds-container-service/1.2.0-SNAPSHOT/hdds-container-service-1.2.0-SNAPSHOT.jar:/home/runner/.m2/repository/org/apache/ozone/hdds-hadoop-dependency-server/1.2.0-SNAPSHOT/hdds-hadoop-dependency-server-1.2.0-SNAPSHOT.jar:/home/runner/.m2/repository/org/apache/hadoop/hadoop-hdfs/3.3.1/hadoop-hdfs-3.3.1.jar:/home/runner/.m2/repository/io/dropwizard/metrics/metrics-core/3.2.4/metrics-core-3.2.4.jar:/home/runner/.m2/repository/org/apache/hadoop/hadoop-hdfs-client/3.3.1/hadoop-hdfs-client-3.3.1.jar:/home/runner/.m2/repository/org/bouncycastle/bcprov-jdk15on/1.67/bcprov-jdk15on-1.67.jar:/home/runner/.m2/repository/com/google/protobuf/protobuf-java/2.5.0/protobuf-java-2.5.0.jar:/home/runner/.m2/repository/org/apache/ozone/ozone-manager/1.2.0-SNAPSHOT/ozone-manager-1.2.0-SNAPSHOT.jar:/home/runner/.m2/repository/org/aspectj/aspectjrt/1.8.9/aspectjrt-1.8.9.jar:/home/runner/.m2/repository/org/aspectj/aspectjweaver/1.8.9/aspectjweaver-1.8.9.jar:/home/runner/.m2/repository/org/apache/ozone/hdds-interface-client/1.2.0-SNAPSHOT/hdds-interface-client-1.2.0-SNAPSHOT.jar:/home/runner/.m2/repository/org/apache/hadoop/thirdparty/hadoop-shaded-protobuf_3_7/1.1.1/hadoop-shaded-protobuf_3_7-1.1.1.jar:/home/runner/.m2/repository/org/apache/ozone/ozone-interface-storage/1.2.0-SNAPSHOT/ozone-interface-storage-1.2.0-SNAPSHOT.jar:/home/runner/.m2/repository/org/reflections/reflections/0.9.11/reflections-0.9.11.jar:/home/runner/.m2/repository/org/apache/hadoop/hadoop-minikdc/3.3.1/hadoop-minikdc-3.3.1.jar:/home/runner/.m2/repository/org/apache/kerby/kerb-simplekdc/1.0.1/kerb-simplekdc-1.0.1.jar:/home/runner/.m2/repository/org/apache/kerby/kerb-client/1.0.1/kerb-client-1.0.1.jar:/home/runner/.m2/repository/org/apache/kerby/kerby-config/1.0.1/kerby-config-1.0.1.jar:/home/runner/.m2/repository/org/apache/kerby/kerb-common/1.0.1/kerb-common-1.0.1.jar:/home/runner/.m2/repository/org/apache/kerby/kerb-crypto/1.0.1/kerb-crypto-1.0.1.jar:/home/runner/.m2/repository/org/apache/kerby/kerb-util/1.0.1/kerb-util-1.0.1.jar:/home/runner/.m2/repository/org/apache/kerby/token-provider/1.0.1/token-provider-1.0.1.jar:/home/runner/.m2/repository/org/apache/kerby/kerb-admin/1.0.1/kerb-admin-1.0.1.jar:/home/runner/.m2/repository/org/apache/kerby/kerb-server/1.0.1/kerb-server-1.0.1.jar:/home/runner/.m2/repository/org/apache/kerby/kerb-identity/1.0.1/kerb-identity-1.0.1.jar:/home/runner/.m2/repository/org/apache/kerby/kerby-xdr/1.0.1/kerby-xdr-1.0.1.jar:/home/runner/.m2/repository/org/slf4j/slf4j-log4j12/1.7.30/slf4j-log4j12-1.7.30.jar:/home/runner/.m2/repository/org/apache/ozone/ozone-s3gateway/1.2.0-SNAPSHOT/ozone-s3gateway-1.2.0-SNAPSHOT.jar:/home/runner/.m2/repository/org/javassist/javassist/3.21.0-GA/javassist-3.21.0-GA.jar:/home/runner/.m2/repository/org/jboss/weld/servlet/weld-servlet/2.4.7.Final/weld-servlet-2.4.7.Final.jar:/home/runner/.m2/repository/org/glassfish/jersey/containers/jersey-container-servlet-core/2.33/jersey-container-servlet-core-2.33.jar:/home/runner/.m2/repository/org/glassfish/hk2/external/jakarta.inject/2.6.1/jakarta.inject-2.6.1.jar:/home/runner/.m2/repository/org/glassfish/jersey/core/jersey-common/2.33/jersey-common-2.33.jar:/home/runner/.m2/repository/jakarta/ws/rs/jakarta.ws.rs-api/2.1.6/jakarta.ws.rs-api-2.1.6.jar:/home/runner/.m2/repository/org/glassfish/jersey/ext/cdi/jersey-cdi1x/2.33/jersey-cdi1x-2.33.jar:/home/runner/.m2/repository/org/glassfish/jersey/inject/jersey-hk2/2.33/jersey-hk2-2.33.jar:/home/runner/.m2/repository/org/glassfish/hk2/hk2-locator/2.6.1/hk2-locator-2.6.1.jar:/home/runner/.m2/repository/org/glassfish/jersey/media/jersey-media-jaxb/2.33/jersey-media-jaxb-2.33.jar:/home/runner/.m2/repository/org/glassfish/hk2/osgi-resource-locator/1.0.3/osgi-resource-locator-1.0.3.jar:/home/runner/.m2/repository/org/glassfish/hk2/hk2-api/2.5.0/hk2-api-2.5.0.jar:/home/runner/.m2/repository/org/glassfish/hk2/hk2-utils/2.5.0/hk2-utils-2.5.0.jar:/home/runner/.m2/repository/org/glassfish/hk2/external/aopalliance-repackaged/2.5.0/aopalliance-repackaged-2.5.0.jar:/home/runner/.m2/repository/com/fasterxml/jackson/dataformat/jackson-dataformat-xml/2.12.1/jackson-dataformat-xml-2.12.1.jar:/home/runner/.m2/repository/com/fasterxml/jackson/core/jackson-core/2.12.1/jackson-core-2.12.1.jar:/home/runner/.m2/repository/com/fasterxml/jackson/module/jackson-module-jaxb-annotations/2.12.1/jackson-module-jaxb-annotations-2.12.1.jar:/home/runner/.m2/repository/jakarta/xml/bind/jakarta.xml.bind-api/2.3.2/jakarta.xml.bind-api-2.3.2.jar:/home/runner/.m2/repository/org/codehaus/woodstox/stax2-api/3.1.4/stax2-api-3.1.4.jar:/home/runner/.m2/repository/com/fasterxml/woodstox/woodstox-core/5.0.3/woodstox-core-5.0.3.jar:/home/runner/.m2/repository/javax/enterprise/cdi-api/1.2/cdi-api-1.2.jar:/home/runner/.m2/repository/javax/el/javax.el-api/3.0.0/javax.el-api-3.0.0.jar:/home/runner/.m2/repository/javax/interceptor/javax.interceptor-api/1.2/javax.interceptor-api-1.2.jar:/home/runner/.m2/repository/javax/inject/javax.inject/1/javax.inject-1.jar:/home/runner/.m2/repository/javax/xml/bind/jaxb-api/2.3.0/jaxb-api-2.3.0.jar:/home/runner/.m2/repository/org/glassfish/jaxb/jaxb-runtime/2.3.0.1/jaxb-runtime-2.3.0.1.jar:/home/runner/.m2/repository/org/glassfish/jaxb/jaxb-core/2.3.0.1/jaxb-core-2.3.0.1.jar:/home/runner/.m2/repository/org/glassfish/jaxb/txw2/2.3.0.1/txw2-2.3.0.1.jar:/home/runner/.m2/repository/com/sun/istack/istack-commons-runtime/3.0.5/istack-commons-runtime-3.0.5.jar:/home/runner/.m2/repository/org/jvnet/staxex/stax-ex/1.7.8/stax-ex-1.7.8.jar:/home/runner/.m2/repository/com/sun/xml/fastinfoset/FastInfoset/1.2.13/FastInfoset-1.2.13.jar:/home/runner/.m2/repository/javax/activation/activation/1.1.1/activation-1.1.1.jar:/home/runner/.m2/repository/org/apache/ozone/ozone-csi/1.2.0-SNAPSHOT/ozone-csi-1.2.0-SNAPSHOT.jar:/home/runner/.m2/repository/com/google/protobuf/protobuf-java-util/3.12.0/protobuf-java-util-3.12.0.jar:/home/runner/.m2/repository/com/google/code/gson/gson/2.2.4/gson-2.2.4.jar:/home/runner/.m2/repository/org/apache/ozone/hdds-config/1.2.0-SNAPSHOT/hdds-config-1.2.0-SNAPSHOT.jar:/home/runner/.m2/repository/io/grpc/grpc-netty/1.33.0/grpc-netty-1.33.0.jar:/home/runner/.m2/repository/io/grpc/grpc-core/1.33.0/grpc-core-1.33.0.jar:/home/runner/.m2/repository/com/google/android/annotations/4.1.1.4/annotations-4.1.1.4.jar:/home/runner/.m2/repository/io/netty/netty-codec-http2/4.1.63.Final/netty-codec-http2-4.1.63.Final.jar:/home/runner/.m2/repository/io/netty/netty-codec-http/4.1.63.Final/netty-codec-http-4.1.63.Final.jar:/home/runner/.m2/repository/io/netty/netty-handler-proxy/4.1.63.Final/netty-handler-proxy-4.1.63.Final.jar:/home/runner/.m2/repository/io/netty/netty-codec-socks/4.1.63.Final/netty-codec-socks-4.1.63.Final.jar:/home/runner/.m2/repository/io/perfmark/perfmark-api/0.19.0/perfmark-api-0.19.0.jar:/home/runner/.m2/repository/org/codehaus/mojo/animal-sniffer-annotations/1.18/animal-sniffer-annotations-1.18.jar:/home/runner/.m2/repository/io/netty/netty-transport-native-epoll/4.1.63.Final/netty-transport-native-epoll-4.1.63.Final.jar:/home/runner/.m2/repository/io/netty/netty-common/4.1.63.Final/netty-common-4.1.63.Final.jar:/home/runner/.m2/repository/io/netty/netty-buffer/4.1.63.Final/netty-buffer-4.1.63.Final.jar:/home/runner/.m2/repository/io/netty/netty-transport-native-unix-common/4.1.63.Final/netty-transport-native-unix-common-4.1.63.Final.jar:/home/runner/.m2/repository/io/grpc/grpc-protobuf/1.33.0/grpc-protobuf-1.33.0.jar:/home/runner/.m2/repository/io/grpc/grpc-api/1.33.0/grpc-api-1.33.0.jar:/home/runner/.m2/repository/io/grpc/grpc-context/1.33.0/grpc-context-1.33.0.jar:/home/runner/.m2/repository/com/google/api/grpc/proto-google-common-protos/1.17.0/proto-google-common-protos-1.17.0.jar:/home/runner/.m2/repository/io/grpc/grpc-protobuf-lite/1.33.0/grpc-protobuf-lite-1.33.0.jar:/home/runner/.m2/repository/io/grpc/grpc-stub/1.33.0/grpc-stub-1.33.0.jar:/home/runner/.m2/repository/org/apache/ozone/ozone-recon/1.2.0-SNAPSHOT/ozone-recon-1.2.0-SNAPSHOT.jar:/home/runner/.m2/repository/org/apache/ozone/ozone-reconcodegen/1.2.0-SNAPSHOT/ozone-reconcodegen-1.2.0-SNAPSHOT.jar:/home/runner/.m2/repository/com/google/inject/extensions/guice-multibindings/4.0/guice-multibindings-4.0.jar:/home/runner/.m2/repository/com/google/inject/guice/4.0/guice-4.0.jar:/home/runner/.m2/repository/aopalliance/aopalliance/1.0/aopalliance-1.0.jar:/home/runner/.m2/repository/com/google/inject/extensions/guice-assistedinject/4.0/guice-assistedinject-4.0.jar:/home/runner/.m2/repository/com/google/inject/extensions/guice-servlet/4.0/guice-servlet-4.0.jar:/home/runner/.m2/repository/org/glassfish/jersey/containers/jersey-container-servlet/2.33/jersey-container-servlet-2.33.jar:/home/runner/.m2/repository/org/glassfish/hk2/guice-bridge/2.5.0/guice-bridge-2.5.0.jar:/home/runner/.m2/repository/org/glassfish/jersey/core/jersey-server/2.33/jersey-server-2.33.jar:/home/runner/.m2/repository/org/glassfish/jersey/core/jersey-client/2.33/jersey-client-2.33.jar:/home/runner/.m2/repository/jakarta/annotation/jakarta.annotation-api/1.3.5/jakarta.annotation-api-1.3.5.jar:/home/runner/.m2/repository/jakarta/validation/jakarta.validation-api/2.0.2/jakarta.validation-api-2.0.2.jar:/home/runner/.m2/repository/org/glassfish/jersey/media/jersey-media-json-jackson/2.33/jersey-media-json-jackson-2.33.jar:/home/runner/.m2/repository/org/glassfish/jersey/ext/jersey-entity-filtering/2.33/jersey-entity-filtering-2.33.jar:/home/runner/.m2/repository/org/jooq/jooq/3.11.10/jooq-3.11.10.jar:/home/runner/.m2/repository/org/jooq/jooq-meta/3.11.10/jooq-meta-3.11.10.jar:/home/runner/.m2/repository/org/jooq/jooq-codegen/3.11.10/jooq-codegen-3.11.10.jar:/home/runner/.m2/repository/com/jolbox/bonecp/0.8.0.RELEASE/bonecp-0.8.0.RELEASE.jar:/home/runner/.m2/repository/org/apache/derby/derby/10.14.2.0/derby-10.14.2.0.jar:/home/runner/.m2/repository/org/xerial/sqlite-jdbc/3.25.2/sqlite-jdbc-3.25.2.jar:/home/runner/.m2/repository/org/springframework/spring-jdbc/5.2.11.RELEASE/spring-jdbc-5.2.11.RELEASE.jar:/home/runner/.m2/repository/org/springframework/spring-beans/5.2.11.RELEASE/spring-beans-5.2.11.RELEASE.jar:/home/runner/.m2/repository/org/springframework/spring-core/5.2.11.RELEASE/spring-core-5.2.11.RELEASE.jar:/home/runner/.m2/repository/org/springframework/spring-jcl/5.2.11.RELEASE/spring-jcl-5.2.11.RELEASE.jar:/home/runner/.m2/repository/org/springframework/spring-tx/5.2.11.RELEASE/spring-tx-5.2.11.RELEASE.jar:/home/runner/.m2/repository/org/apache/ozone/ozone-client/1.2.0-SNAPSHOT/ozone-client-1.2.0-SNAPSHOT.jar:/home/runner/.m2/repository/org/apache/ozone/ozone-filesystem/1.2.0-SNAPSHOT/ozone-filesystem-1.2.0-SNAPSHOT.jar:/home/runner/.m2/repository/org/apache/ozone/ozone-filesystem-common/1.2.0-SNAPSHOT/ozone-filesystem-common-1.2.0-SNAPSHOT.jar:/home/runner/.m2/repository/org/apache/ozone/ozone-tools/1.2.0-SNAPSHOT/ozone-tools-1.2.0-SNAPSHOT.jar:/home/runner/.m2/repository/org/apache/ratis/ratis-tools/2.1.0-03f3b68-SNAPSHOT/ratis-tools-2.1.0-03f3b68-SNAPSHOT.jar:/home/runner/.m2/repository/com/amazonaws/aws-java-sdk-core/1.11.901/aws-java-sdk-core-1.11.901.jar:/home/runner/.m2/repository/org/apache/httpcomponents/httpclient/4.5.13/httpclient-4.5.13.jar:/home/runner/.m2/repository/org/apache/httpcomponents/httpcore/4.4.13/httpcore-4.4.13.jar:/home/runner/.m2/repository/software/amazon/ion/ion-java/1.0.2/ion-java-1.0.2.jar:/home/runner/.m2/repository/com/fasterxml/jackson/dataformat/jackson-dataformat-cbor/2.12.1/jackson-dataformat-cbor-2.12.1.jar:/home/runner/.m2/repository/joda-time/joda-time/2.8.1/joda-time-2.8.1.jar:/home/runner/.m2/repository/com/amazonaws/aws-java-sdk-s3/1.11.901/aws-java-sdk-s3-1.11.901.jar:/home/runner/.m2/repository/com/amazonaws/aws-java-sdk-kms/1.11.901/aws-java-sdk-kms-1.11.901.jar:/home/runner/.m2/repository/com/amazonaws/jmespath-java/1.11.901/jmespath-java-1.11.901.jar:/home/runner/.m2/repository/org/kohsuke/metainf-services/metainf-services/1.8/metainf-services-1.8.jar:/home/runner/.m2/repository/org/apache/ozone/hdds-tools/1.2.0-SNAPSHOT/hdds-tools-1.2.0-SNAPSHOT.jar:/home/runner/.m2/repository/commons-cli/commons-cli/1.2/commons-cli-1.2.jar:/home/runner/.m2/repository/org/apache/commons/commons-lang3/3.7/commons-lang3-3.7.jar:/home/runner/.m2/repository/org/apache/ozone/ozone-manager/1.2.0-SNAPSHOT/ozone-manager-1.2.0-SNAPSHOT-tests.jar:/home/runner/.m2/repository/org/apache/ozone/hdds-common/1.2.0-SNAPSHOT/hdds-common-1.2.0-SNAPSHOT-tests.jar:/home/runner/.m2/repository/org/apache/ozone/hdds-hadoop-dependency-client/1.2.0-SNAPSHOT/hdds-hadoop-dependency-client-1.2.0-SNAPSHOT.jar:/home/runner/.m2/repository/info/picocli/picocli/4.6.1/picocli-4.6.1.jar:/home/runner/.m2/repository/com/fasterxml/jackson/core/jackson-annotations/2.12.1/jackson-annotations-2.12.1.jar:/home/runner/.m2/repository/javax/annotation/javax.annotation-api/1.2/javax.annotation-api-1.2.jar:/home/runner/.m2/repository/org/apache/ratis/ratis-server/2.1.0-03f3b68-SNAPSHOT/ratis-server-2.1.0-03f3b68-SNAPSHOT.jar:/home/runner/.m2/repository/org/apache/ratis/ratis-client/2.1.0-03f3b68-SNAPSHOT/ratis-client-2.1.0-03f3b68-SNAPSHOT.jar:/home/runner/.m2/repository/org/apache/ratis/ratis-server-api/2.1.0-03f3b68-SNAPSHOT/ratis-server-api-2.1.0-03f3b68-SNAPSHOT.jar:/home/runner/.m2/repository/org/apache/ratis/ratis-metrics/2.1.0-03f3b68-SNAPSHOT/ratis-metrics-2.1.0-03f3b68-SNAPSHOT.jar:/home/runner/.m2/repository/org/apache/ratis/ratis-netty/2.1.0-03f3b68-SNAPSHOT/ratis-netty-2.1.0-03f3b68-SNAPSHOT.jar:/home/runner/.m2/repository/org/apache/ratis/ratis-grpc/2.1.0-03f3b68-SNAPSHOT/ratis-grpc-2.1.0-03f3b68-SNAPSHOT.jar:/home/runner/.m2/repository/org/apache/logging/log4j/log4j-api/2.13.3/log4j-api-2.13.3.jar:/home/runner/.m2/repository/org/apache/logging/log4j/log4j-core/2.13.3/log4j-core-2.13.3.jar:/home/runner/.m2/repository/com/lmax/disruptor/3.4.2/disruptor-3.4.2.jar:/home/runner/.m2/repository/org/apache/commons/commons-pool2/2.6.0/commons-pool2-2.6.0.jar:/home/runner/.m2/repository/org/bouncycastle/bcpkix-jdk15on/1.67/bcpkix-jdk15on-1.67.jar:/home/runner/.m2/repository/commons-validator/commons-validator/1.6/commons-validator-1.6.jar:/home/runner/.m2/repository/commons-beanutils/commons-beanutils/1.9.4/commons-beanutils-1.9.4.jar:/home/runner/.m2/repository/commons-digester/commons-digester/1.8.1/commons-digester-1.8.1.jar:/home/runner/.m2/repository/commons-collections/commons-collections/3.2.2/commons-collections-3.2.2.jar:/home/runner/.m2/repository/io/jaegertracing/jaeger-client/1.6.0/jaeger-client-1.6.0.jar:/home/runner/.m2/repository/io/jaegertracing/jaeger-thrift/1.6.0/jaeger-thrift-1.6.0.jar:/home/runner/.m2/repository/org/apache/thrift/libthrift/0.14.1/libthrift-0.14.1.jar:/home/runner/.m2/repository/com/squareup/okhttp3/okhttp/4.9.0/okhttp-4.9.0.jar:/home/runner/.m2/repository/com/squareup/okio/okio/2.8.0/okio-2.8.0.jar:/home/runner/.m2/repository/io/jaegertracing/jaeger-core/1.6.0/jaeger-core-1.6.0.jar:/home/runner/.m2/repository/io/jaegertracing/jaeger-tracerresolver/1.6.0/jaeger-tracerresolver-1.6.0.jar:/home/runner/.m2/repository/io/opentracing/contrib/opentracing-tracerresolver/0.1.8/opentracing-tracerresolver-0.1.8.jar:/home/runner/.m2/repository/org/jetbrains/kotlin/kotlin-stdlib/1.4.31/kotlin-stdlib-1.4.31.jar:/home/runner/.m2/repository/org/jetbrains/kotlin/kotlin-stdlib-common/1.4.31/kotlin-stdlib-common-1.4.31.jar:/home/runner/.m2/repository/org/jetbrains/annotations/13.0/annotations-13.0.jar:/home/runner/.m2/repository/io/opentracing/opentracing-util/0.33.0/opentracing-util-0.33.0.jar:/home/runner/.m2/repository/io/opentracing/opentracing-api/0.33.0/opentracing-api-0.33.0.jar:/home/runner/.m2/repository/io/opentracing/opentracing-noop/0.33.0/opentracing-noop-0.33.0.jar:/home/runner/.m2/repository/org/yaml/snakeyaml/1.26/snakeyaml-1.26.jar:/home/runner/.m2/repository/org/apache/ozone/hdds-interface-admin/1.2.0-SNAPSHOT/hdds-interface-admin-1.2.0-SNAPSHOT.jar:/home/runner/.m2/repository/junit/junit/4.13.1/junit-4.13.1.jar:/home/runner/.m2/repository/org/hamcrest/hamcrest-core/1.3/hamcrest-core-1.3.jar:/home/runner/.m2/repository/org/junit/jupiter/junit-jupiter-api/5.7.0/junit-jupiter-api-5.7.0.jar:/home/runner/.m2/repository/org/apiguardian/apiguardian-api/1.1.0/apiguardian-api-1.1.0.jar:/home/runner/.m2/repository/org/opentest4j/opentest4j/1.2.0/opentest4j-1.2.0.jar:/home/runner/.m2/repository/org/junit/platform/junit-platform-commons/1.7.0/junit-platform-commons-1.7.0.jar:/home/runner/.m2/repository/org/junit/jupiter/junit-jupiter-engine/5.7.0/junit-jupiter-engine-5.7.0.jar:/home/runner/.m2/repository/org/junit/platform/junit-platform-engine/1.7.0/junit-platform-engine-1.7.0.jar:/home/runner/.m2/repository/org/junit/vintage/junit-vintage-engine/5.7.0/junit-vintage-engine-5.7.0.jar:/home/runner/.m2/repository/org/junit/platform/junit-platform-launcher/1.7.0/junit-platform-launcher-1.7.0.jar:/home/runner/.m2/repository/org/openjdk/jmh/jmh-core/1.19/jmh-core-1.19.jar:/home/runner/.m2/repository/net/sf/jopt-simple/jopt-simple/4.6/jopt-simple-4.6.jar:/home/runner/.m2/repository/org/apache/commons/commons-math3/3.1.1/commons-math3-3.1.1.jar:/home/runner/.m2/repository/org/openjdk/jmh/jmh-generator-annprocess/1.19/jmh-generator-annprocess-1.19.jar:/home/runner/.m2/repository/org/mockito/mockito-core/2.28.2/mockito-core-2.28.2.jar:/home/runner/.m2/repository/net/bytebuddy/byte-buddy/1.9.10/byte-buddy-1.9.10.jar:/home/runner/.m2/repository/net/bytebuddy/byte-buddy-agent/1.9.10/byte-buddy-agent-1.9.10.jar:/home/runner/.m2/repository/org/objenesis/objenesis/1.0/objenesis-1.0.jar:/home/runner/.m2/repository/org/apache/hadoop/hadoop-kms/3.3.1/hadoop-kms-3.3.1.jar:/home/runner/.m2/repository/org/apache/hadoop/hadoop-auth/3.3.1/hadoop-auth-3.3.1.jar:/home/runner/.m2/repository/com/nimbusds/nimbus-jose-jwt/7.9/nimbus-jose-jwt-7.9.jar:/home/runner/.m2/repository/com/github/stephenc/jcip/jcip-annotations/1.0-1/jcip-annotations-1.0-1.jar:/home/runner/.m2/repository/net/minidev/json-smart/2.3/json-smart-2.3.jar:/home/runner/.m2/repository/net/minidev/accessors-smart/1.2/accessors-smart-1.2.jar:/home/runner/.m2/repository/org/ow2/asm/asm/5.0.4/asm-5.0.4.jar:/home/runner/.m2/repository/org/apache/zookeeper/zookeeper/3.5.6/zookeeper-3.5.6.jar:/home/runner/.m2/repository/org/apache/zookeeper/zookeeper-jute/3.5.6/zookeeper-jute-3.5.6.jar:/home/runner/.m2/repository/org/apache/yetus/audience-annotations/0.5.0/audience-annotations-0.5.0.jar:/home/runner/.m2/repository/org/apache/curator/curator-framework/4.2.0/curator-framework-4.2.0.jar:/home/runner/.m2/repository/org/apache/hadoop/thirdparty/hadoop-shaded-guava/1.1.1/hadoop-shaded-guava-1.1.1.jar:/home/runner/.m2/repository/com/sun/jersey/jersey-core/1.19/jersey-core-1.19.jar:/home/runner/.m2/repository/javax/ws/rs/jsr311-api/1.1.1/jsr311-api-1.1.1.jar:/home/runner/.m2/repository/com/sun/jersey/jersey-server/1.19/jersey-server-1.19.jar:/home/runner/.m2/repository/javax/servlet/javax.servlet-api/3.1.0/javax.servlet-api-3.1.0.jar:/home/runner/.m2/repository/org/eclipse/jetty/jetty-server/9.4.43.v20210629/jetty-server-9.4.43.v20210629.jar:/home/runner/.m2/repository/org/eclipse/jetty/jetty-http/9.4.43.v20210629/jetty-http-9.4.43.v20210629.jar:/home/runner/.m2/repository/org/eclipse/jetty/jetty-io/9.4.43.v20210629/jetty-io-9.4.43.v20210629.jar:/home/runner/.m2/repository/org/eclipse/jetty/jetty-webapp/9.4.43.v20210629/jetty-webapp-9.4.43.v20210629.jar:/home/runner/.m2/repository/org/eclipse/jetty/jetty-xml/9.4.43.v20210629/jetty-xml-9.4.43.v20210629.jar:/home/runner/.m2/repository/org/apache/hadoop/hadoop-common/3.3.1/hadoop-common-3.3.1.jar:/home/runner/.m2/repository/commons-net/commons-net/3.6/commons-net-3.6.jar:/home/runner/.m2/repository/jakarta/activation/jakarta.activation-api/1.2.1/jakarta.activation-api-1.2.1.jar:/home/runner/.m2/repository/com/sun/jersey/jersey-servlet/1.19/jersey-servlet-1.19.jar:/home/runner/.m2/repository/com/sun/jersey/jersey-json/1.19/jersey-json-1.19.jar:/home/runner/.m2/repository/org/codehaus/jettison/jettison/1.1/jettison-1.1.jar:/home/runner/.m2/repository/com/sun/xml/bind/jaxb-impl/2.2.3-1/jaxb-impl-2.2.3-1.jar:/home/runner/.m2/repository/org/codehaus/jackson/jackson-jaxrs/1.9.2/jackson-jaxrs-1.9.2.jar:/home/runner/.m2/repository/org/codehaus/jackson/jackson-xc/1.9.2/jackson-xc-1.9.2.jar:/home/runner/.m2/repository/org/apache/commons/commons-configuration2/2.1.1/commons-configuration2-2.1.1.jar:/home/runner/.m2/repository/org/apache/commons/commons-text/1.4/commons-text-1.4.jar:/home/runner/.m2/repository/com/google/re2j/re2j/1.1/re2j-1.1.jar:/home/runner/.m2/repository/com/jcraft/jsch/0.1.54/jsch-0.1.54.jar:/home/runner/.m2/repository/org/apache/curator/curator-client/4.2.0/curator-client-4.2.0.jar:/home/runner/.m2/repository/org/apache/curator/curator-recipes/4.2.0/curator-recipes-4.2.0.jar:/home/runner/.m2/repository/org/apache/kerby/kerb-core/1.0.1/kerb-core-1.0.1.jar:/home/runner/.m2/repository/org/apache/kerby/kerby-pkix/1.0.1/kerby-pkix-1.0.1.jar:/home/runner/.m2/repository/org/apache/kerby/kerby-asn1/1.0.1/kerby-asn1-1.0.1.jar:/home/runner/.m2/repository/org/apache/kerby/kerby-util/1.0.1/kerby-util-1.0.1.jar:/home/runner/.m2/repository/dnsjava/dnsjava/2.1.7/dnsjava-2.1.7.jar:/home/runner/.m2/repository/org/xerial/snappy/snappy-java/1.1.8.2/snappy-java-1.1.8.2.jar:/home/runner/.m2/repository/org/slf4j/jul-to-slf4j/1.7.30/jul-to-slf4j-1.7.30.jar:/home/runner/.m2/repository/org/eclipse/jetty/jetty-util/9.4.43.v20210629/jetty-util-9.4.43.v20210629.jar:/home/runner/.m2/repository/com/fasterxml/jackson/core/jackson-databind/2.12.1/jackson-databind-2.12.1.jar:/home/runner/.m2/repository/org/apache/hadoop/hadoop-kms/3.3.1/hadoop-kms-3.3.1-tests.jar:/home/runner/.m2/repository/org/apache/ozone/hdds-server-scm/1.2.0-SNAPSHOT/hdds-server-scm-1.2.0-SNAPSHOT-tests.jar:/home/runner/.m2/repository/org/apache/ozone/hdds-container-service/1.2.0-SNAPSHOT/hdds-container-service-1.2.0-SNAPSHOT-tests.jar:/home/runner/.m2/repository/commons-codec/commons-codec/1.11/commons-codec-1.11.jar:/home/runner/.m2/repository/io/netty/netty-transport/4.1.63.Final/netty-transport-4.1.63.Final.jar:/home/runner/.m2/repository/io/netty/netty-resolver/4.1.63.Final/netty-resolver-4.1.63.Final.jar:/home/runner/.m2/repository/io/netty/netty-codec/4.1.63.Final/netty-codec-4.1.63.Final.jar:/home/runner/.m2/repository/io/netty/netty-handler/4.1.63.Final/netty-handler-4.1.63.Final.jar:/home/runner/.m2/repository/org/apache/ozone/hdds-hadoop-dependency-test/1.2.0-SNAPSHOT/hdds-hadoop-dependency-test-1.2.0-SNAPSHOT.jar:/home/runner/.m2/repository/org/apache/hadoop/hadoop-common/3.3.1/hadoop-common-3.3.1-tests.jar:/home/runner/.m2/repository/org/assertj/assertj-core/3.12.2/assertj-core-3.12.2.jar:/home/runner/.m2/repository/org/apache/hadoop/hadoop-hdfs/3.3.1/hadoop-hdfs-3.3.1-tests.jar:/home/runner/.m2/repository/org/eclipse/jetty/jetty-util-ajax/9.4.43.v20210629/jetty-util-ajax-9.4.43.v20210629.jar:/home/runner/.m2/repository/commons-daemon/commons-daemon/1.0.13/commons-daemon-1.0.13.jar:/home/runner/.m2/repository/io/netty/netty/3.10.6.Final/netty-3.10.6.Final.jar:/home/runner/.m2/repository/io/netty/netty-all/4.1.63.Final/netty-all-4.1.63.Final.jar:/home/runner/.m2/repository/org/apache/htrace/htrace-core4/4.1.0-incubating/htrace-core4-4.1.0-incubating.jar:/home/runner/.m2/repository/org/fusesource/leveldbjni/leveldbjni-all/1.8/leveldbjni-all-1.8.jar:/home/runner/.m2/repository/org/apache/hadoop/hadoop-distcp/3.3.1/hadoop-distcp-3.3.1.jar:/home/runner/.m2/repository/org/apache/hadoop/hadoop-mapreduce-client-jobclient/3.3.1/hadoop-mapreduce-client-jobclient-3.3.1.jar:/home/runner/.m2/repository/org/apache/hadoop/hadoop-mapreduce-client-common/3.3.1/hadoop-mapreduce-client-common-3.3.1.jar:/home/runner/.m2/repository/org/apache/hadoop/hadoop-yarn-common/3.3.1/hadoop-yarn-common-3.3.1.jar:/home/runner/.m2/repository/org/apache/hadoop/hadoop-yarn-api/3.3.1/hadoop-yarn-api-3.3.1.jar:/home/runner/.m2/repository/com/sun/jersey/jersey-client/1.19/jersey-client-1.19.jar:/home/runner/.m2/repository/com/sun/jersey/contribs/jersey-guice/1.19/jersey-guice-1.19.jar:/home/runner/.m2/repository/com/fasterxml/jackson/jaxrs/jackson-jaxrs-json-provider/2.12.1/jackson-jaxrs-json-provider-2.12.1.jar:/home/runner/.m2/repository/com/fasterxml/jackson/jaxrs/jackson-jaxrs-base/2.12.1/jackson-jaxrs-base-2.12.1.jar:/home/runner/.m2/repository/org/apache/hadoop/hadoop-yarn-client/3.3.1/hadoop-yarn-client-3.3.1.jar:/home/runner/.m2/repository/org/eclipse/jetty/websocket/websocket-client/9.4.40.v20210413/websocket-client-9.4.40.v20210413.jar:/home/runner/.m2/repository/org/eclipse/jetty/jetty-client/9.4.40.v20210413/jetty-client-9.4.40.v20210413.jar:/home/runner/.m2/repository/org/eclipse/jetty/websocket/websocket-common/9.4.40.v20210413/websocket-common-9.4.40.v20210413.jar:/home/runner/.m2/repository/org/eclipse/jetty/websocket/websocket-api/9.4.40.v20210413/websocket-api-9.4.40.v20210413.jar:/home/runner/.m2/repository/org/jline/jline/3.9.0/jline-3.9.0.jar:/home/runner/.m2/repository/org/apache/hadoop/hadoop-mapreduce-client-core/3.3.1/hadoop-mapreduce-client-core-3.3.1.jar:/home/runner/.m2/repository/org/apache/avro/avro/1.7.7/avro-1.7.7.jar:/home/runner/.m2/repository/org/codehaus/jackson/jackson-core-asl/1.9.13/jackson-core-asl-1.9.13.jar:/home/runner/.m2/repository/org/codehaus/jackson/jackson-mapper-asl/1.9.13/jackson-mapper-asl-1.9.13.jar:/home/runner/.m2/repository/com/thoughtworks/paranamer/paranamer/2.3/paranamer-2.3.jar:/home/runner/.m2/repository/org/apache/hadoop/hadoop-annotations/3.3.1/hadoop-annotations-3.3.1.jar:/usr/lib/jvm/adoptopenjdk-8-hotspot-amd64/jre/../lib/tools.jar:/home/runner/.m2/repository/org/apache/hadoop/hadoop-distcp/3.3.1/hadoop-distcp-3.3.1-tests.jar:/home/runner/.m2/repository/org/apache/ratis/ratis-common/2.1.0-03f3b68-SNAPSHOT/ratis-common-2.1.0-03f3b68-SNAPSHOT.jar:/home/runner/.m2/repository/org/apache/ratis/ratis-thirdparty-misc/0.7.0/ratis-thirdparty-misc-0.7.0.jar:/home/runner/.m2/repository/org/apache/ratis/ratis-proto/2.1.0-03f3b68-SNAPSHOT/ratis-proto-2.1.0-03f3b68-SNAPSHOT.jar:"/>
    <property name="sun.cpu.endian" value="little"/>
    <property name="user.home" value="/home/runner"/>
    <property name="user.language" value="en"/>
    <property name="java.specification.vendor" value="Oracle Corporation"/>
    <property name="java.home" value="/usr/lib/jvm/adoptopenjdk-8-hotspot-amd64/jre"/>
    <property name="java.security.krb5.conf" value="/home/runner/work/ozone/ozone/hadoop-ozone/integration-test/target/test-classes/krb5.conf"/>
    <property name="basedir" value="/home/runner/work/ozone/ozone/hadoop-ozone/integration-test"/>
    <property name="file.separator" value="/"/>
    <property name="line.separator" value="&#10;"/>
    <property name="java.vm.specification.vendor" value="Oracle Corporation"/>
    <property name="java.specification.name" value="Java Platform API Specification"/>
    <property name="java.awt.graphicsenv" value="sun.awt.X11GraphicsEnvironment"/>
    <property name="skip.installnpx" value="true"/>
    <property name="surefire.real.class.path" value="/home/runner/work/ozone/ozone/hadoop-ozone/integration-test/target/surefire/surefirebooter4926272778403032802.jar:/home/runner/.m2/repository/org/jacoco/org.jacoco.agent/0.8.5/org.jacoco.agent-0.8.5-runtime.jar"/>
    <property name="hadoop.log.dir" value="/home/runner/work/ozone/ozone/hadoop-ozone/integration-test/target/log"/>
    <property name="sun.boot.class.path" value="/usr/lib/jvm/adoptopenjdk-8-hotspot-amd64/jre/lib/resources.jar:/usr/lib/jvm/adoptopenjdk-8-hotspot-amd64/jre/lib/rt.jar:/usr/lib/jvm/adoptopenjdk-8-hotspot-amd64/jre/lib/sunrsasign.jar:/usr/lib/jvm/adoptopenjdk-8-hotspot-amd64/jre/lib/jsse.jar:/usr/lib/jvm/adoptopenjdk-8-hotspot-amd64/jre/lib/jce.jar:/usr/lib/jvm/adoptopenjdk-8-hotspot-amd64/jre/lib/charsets.jar:/usr/lib/jvm/adoptopenjdk-8-hotspot-amd64/jre/lib/jfr.jar:/usr/lib/jvm/adoptopenjdk-8-hotspot-amd64/jre/classes"/>
    <property name="sun.management.compiler" value="HotSpot 64-Bit Tiered Compilers"/>
    <property name="skip.npx" value="true"/>
    <property name="java.runtime.version" value="1.8.0_292-b10"/>
    <property name="java.net.preferIPv4Stack" value="true"/>
    <property name="user.name" value="runner"/>
    <property name="path.separator" value=":"/>
    <property name="java.security.egd" value="file:///dev/urandom"/>
    <property name="os.version" value="5.4.0-1056-azure"/>
    <property name="java.endorsed.dirs" value="/usr/lib/jvm/adoptopenjdk-8-hotspot-amd64/jre/lib/endorsed"/>
    <property name="java.runtime.name" value="OpenJDK Runtime Environment"/>
    <property name="file.encoding" value="UTF-8"/>
    <property name="java.vm.name" value="OpenJDK 64-Bit Server VM"/>
    <property name="test.build.webapps" value=""/>
    <property name="localRepository" value="/home/runner/.m2/repository"/>
    <property name="java.vendor.url.bug" value="https://github.com/AdoptOpenJDK/openjdk-support/issues"/>
    <property name="java.io.tmpdir" value="/tmp"/>
    <property name="require.test.libhadoop" value=""/>
    <property name="java.version" value="1.8.0_292"/>
    <property name="user.dir" value="/home/runner/work/ozone/ozone/hadoop-ozone/integration-test"/>
    <property name="os.arch" value="amd64"/>
    <property name="java.vm.specification.name" value="Java Virtual Machine Specification"/>
    <property name="test.build.classes" value="/home/runner/work/ozone/ozone/hadoop-ozone/integration-test/target/test-classes"/>
    <property name="java.awt.printerjob" value="sun.print.PSPrinterJob"/>
    <property name="sun.os.patch.level" value="unknown"/>
    <property name="hadoop.tmp.dir" value="/home/runner/work/ozone/ozone/hadoop-ozone/integration-test/target/tmp"/>
    <property name="java.library.path" value="/usr/java/packages/lib/amd64:/usr/lib64:/lib64:/lib:/usr/lib"/>
    <property name="java.vm.info" value="mixed mode"/>
    <property name="java.vendor" value="AdoptOpenJDK"/>
    <property name="java.vm.version" value="25.292-b10"/>
    <property name="java.ext.dirs" value="/usr/lib/jvm/adoptopenjdk-8-hotspot-amd64/jre/lib/ext:/usr/java/packages/lib/ext"/>
    <property name="sun.io.unicode.encoding" value="UnicodeLittle"/>
    <property name="java.class.version" value="52.0"/>
  </properties>
  <testcase name="testStoppedMaintenanceNodeTakesScmStateOnRestart" classname="org.apache.hadoop.ozone.scm.node.TestDecommissionAndMaintenance" time="50.154">
    <error message="zip file closed" type="java.lang.IllegalStateException"><![CDATA[java.lang.IllegalStateException: zip file closed
	at java.util.zip.ZipFile.ensureOpen(ZipFile.java:686)
	at java.util.zip.ZipFile.access$200(ZipFile.java:60)
	at java.util.zip.ZipFile$ZipEntryIterator.hasNext(ZipFile.java:508)
	at java.util.zip.ZipFile$ZipEntryIterator.hasMoreElements(ZipFile.java:503)
	at java.util.jar.JarFile$JarEntryIterator.hasNext(JarFile.java:253)
	at java.util.jar.JarFile$JarEntryIterator.hasMoreElements(JarFile.java:262)
	at org.reflections.vfs.ZipDir$1$1.computeNext(ZipDir.java:30)
	at org.reflections.vfs.ZipDir$1$1.computeNext(ZipDir.java:26)
	at com.google.common.collect.AbstractIterator.tryToComputeNext(AbstractIterator.java:141)
	at com.google.common.collect.AbstractIterator.hasNext(AbstractIterator.java:136)
	at org.reflections.Reflections.scan(Reflections.java:243)
	at org.reflections.Reflections.scan(Reflections.java:202)
	at org.reflections.Reflections.<init>(Reflections.java:123)
	at org.reflections.Reflections.<init>(Reflections.java:168)
	at org.apache.hadoop.hdds.upgrade.HDDSLayoutVersionManager.registerUpgradeActions(HDDSLayoutVersionManager.java:64)
	at org.apache.hadoop.hdds.upgrade.HDDSLayoutVersionManager.<init>(HDDSLayoutVersionManager.java:51)
	at org.apache.hadoop.ozone.container.common.statemachine.DatanodeStateMachine.<init>(DatanodeStateMachine.java:134)
	at org.apache.hadoop.ozone.HddsDatanodeService.start(HddsDatanodeService.java:275)
	at org.apache.hadoop.ozone.HddsDatanodeService.start(HddsDatanodeService.java:207)
	at org.apache.hadoop.ozone.MiniOzoneClusterImpl.restartHddsDatanode(MiniOzoneClusterImpl.java:423)
	at org.apache.hadoop.ozone.scm.node.TestDecommissionAndMaintenance.testStoppedMaintenanceNodeTakesScmStateOnRestart(TestDecommissionAndMaintenance.java:369)
	at sun.reflect.NativeMethodAccessorImpl.invoke0(Native Method)
	at sun.reflect.NativeMethodAccessorImpl.invoke(NativeMethodAccessorImpl.java:62)
	at sun.reflect.DelegatingMethodAccessorImpl.invoke(DelegatingMethodAccessorImpl.java:43)
	at java.lang.reflect.Method.invoke(Method.java:498)
	at org.junit.runners.model.FrameworkMethod$1.runReflectiveCall(FrameworkMethod.java:59)
	at org.junit.internal.runners.model.ReflectiveCallable.run(ReflectiveCallable.java:12)
	at org.junit.runners.model.FrameworkMethod.invokeExplosively(FrameworkMethod.java:56)
	at org.junit.internal.runners.statements.InvokeMethod.evaluate(InvokeMethod.java:17)
	at org.junit.internal.runners.statements.RunBefores.evaluate(RunBefores.java:26)
	at org.junit.internal.runners.statements.RunAfters.evaluate(RunAfters.java:27)
	at org.junit.runners.ParentRunner$3.evaluate(ParentRunner.java:306)
	at org.junit.runners.BlockJUnit4ClassRunner$1.evaluate(BlockJUnit4ClassRunner.java:100)
	at org.junit.runners.ParentRunner.runLeaf(ParentRunner.java:366)
	at org.junit.runners.BlockJUnit4ClassRunner.runChild(BlockJUnit4ClassRunner.java:103)
	at org.junit.runners.BlockJUnit4ClassRunner.runChild(BlockJUnit4ClassRunner.java:63)
	at org.junit.runners.ParentRunner$4.run(ParentRunner.java:331)
	at org.junit.runners.ParentRunner$1.schedule(ParentRunner.java:79)
	at org.junit.runners.ParentRunner.runChildren(ParentRunner.java:329)
	at org.junit.runners.ParentRunner.access$100(ParentRunner.java:66)
	at org.junit.runners.ParentRunner$2.evaluate(ParentRunner.java:293)
	at org.junit.internal.runners.statements.RunBefores.evaluate(RunBefores.java:26)
	at org.junit.internal.runners.statements.RunAfters.evaluate(RunAfters.java:27)
	at org.junit.runners.ParentRunner$3.evaluate(ParentRunner.java:306)
	at org.junit.runners.ParentRunner.run(ParentRunner.java:413)
	at org.junit.runner.JUnitCore.run(JUnitCore.java:137)
	at org.junit.runner.JUnitCore.run(JUnitCore.java:115)
	at org.junit.vintage.engine.execution.RunnerExecutor.execute(RunnerExecutor.java:43)
	at java.util.stream.ForEachOps$ForEachOp$OfRef.accept(ForEachOps.java:183)
	at java.util.stream.ReferencePipeline$3$1.accept(ReferencePipeline.java:193)
	at java.util.Iterator.forEachRemaining(Iterator.java:116)
	at java.util.Spliterators$IteratorSpliterator.forEachRemaining(Spliterators.java:1801)
	at java.util.stream.AbstractPipeline.copyInto(AbstractPipeline.java:482)
	at java.util.stream.AbstractPipeline.wrapAndCopyInto(AbstractPipeline.java:472)
	at java.util.stream.ForEachOps$ForEachOp.evaluateSequential(ForEachOps.java:150)
	at java.util.stream.ForEachOps$ForEachOp$OfRef.evaluateSequential(ForEachOps.java:173)
	at java.util.stream.AbstractPipeline.evaluate(AbstractPipeline.java:234)
	at java.util.stream.ReferencePipeline.forEach(ReferencePipeline.java:485)
	at org.junit.vintage.engine.VintageTestEngine.executeAllChildren(VintageTestEngine.java:82)
	at org.junit.vintage.engine.VintageTestEngine.execute(VintageTestEngine.java:73)
	at org.junit.platform.launcher.core.EngineExecutionOrchestrator.execute(EngineExecutionOrchestrator.java:108)
	at org.junit.platform.launcher.core.EngineExecutionOrchestrator.execute(EngineExecutionOrchestrator.java:88)
	at org.junit.platform.launcher.core.EngineExecutionOrchestrator.lambda$execute$0(EngineExecutionOrchestrator.java:54)
	at org.junit.platform.launcher.core.EngineExecutionOrchestrator.withInterceptedStreams(EngineExecutionOrchestrator.java:67)
	at org.junit.platform.launcher.core.EngineExecutionOrchestrator.execute(EngineExecutionOrchestrator.java:52)
	at org.junit.platform.launcher.core.DefaultLauncher.execute(DefaultLauncher.java:96)
	at org.junit.platform.launcher.core.DefaultLauncher.execute(DefaultLauncher.java:75)
	at org.apache.maven.surefire.junitplatform.JUnitPlatformProvider.invokeAllTests(JUnitPlatformProvider.java:142)
	at org.apache.maven.surefire.junitplatform.JUnitPlatformProvider.invoke(JUnitPlatformProvider.java:113)
	at org.apache.maven.surefire.booter.ForkedBooter.invokeProviderInSameClassLoader(ForkedBooter.java:384)
	at org.apache.maven.surefire.booter.ForkedBooter.runSuitesInProcess(ForkedBooter.java:345)
	at org.apache.maven.surefire.booter.ForkedBooter.execute(ForkedBooter.java:126)
	at org.apache.maven.surefire.booter.ForkedBooter.main(ForkedBooter.java:418)
]]></error>
    <system-out><![CDATA[2021-09-05 02:14:40,479 [Mini-Cluster-Provider-Create] WARN  server.ServerUtils (ServerUtils.java:getScmDbDir(148)) - ozone.scm.db.dirs is not configured. We recommend adding this setting. Falling back to ozone.metadata.dirs instead.
2021-09-05 02:14:40,570 [Mini-Cluster-Provider-Create] INFO  ha.SCMHANodeDetails (SCMHANodeDetails.java:loadSCMHAConfig(157)) - ServiceID for StorageContainerManager is null
2021-09-05 02:14:40,571 [Mini-Cluster-Provider-Create] INFO  ha.SCMHANodeDetails (SCMHANodeDetails.java:loadSCMHAConfig(162)) - ozone.scm.default.service.id is not defined, falling back to ozone.scm.service.ids to find serviceID for StorageContainerManager if it is HA enabled cluster
2021-09-05 02:14:40,663 [Mini-Cluster-Provider-Create] WARN  server.ServerUtils (ServerUtils.java:getScmDbDir(148)) - ozone.scm.db.dirs is not configured. We recommend adding this setting. Falling back to ozone.metadata.dirs instead.
2021-09-05 02:14:40,665 [Mini-Cluster-Provider-Create] INFO  upgrade.AbstractLayoutVersionManager (AbstractLayoutVersionManager.java:init(70)) - Initializing Layout version manager with metadata layout = SCM_HA (version = 2), software layout = SCM_HA (version = 2)
2021-09-05 02:14:40,909 [Mini-Cluster-Provider-Create] INFO  reflections.Reflections (Reflections.java:scan(232)) - Reflections took 152 ms to scan 7 urls, producing 120 keys and 275 values 
2021-09-05 02:14:41,468 [Mini-Cluster-Provider-Create] WARN  utils.HAUtils (HAUtils.java:getMetaDir(342)) - ozone.scm.db.dirs is not configured. We recommend adding this setting. Falling back to ozone.metadata.dirs instead.
2021-09-05 02:14:41,587 [Mini-Cluster-Provider-Create] WARN  db.DBStoreBuilder (DBStoreBuilder.java:applyDBDefinition(145)) - ozone.scm.db.dirs is not configured. We recommend adding this setting. Falling back to ozone.metadata.dirs instead.
2021-09-05 02:14:41,760 [Mini-Cluster-Provider-Create] INFO  net.NodeSchemaLoader (NodeSchemaLoader.java:loadSchemaFromFile(129)) - Loading schema from [jar:file:/home/runner/.m2/repository/org/apache/ozone/hdds-common/1.2.0-SNAPSHOT/hdds-common-1.2.0-SNAPSHOT.jar!/network-topology-default.xml]
2021-09-05 02:14:41,761 [Mini-Cluster-Provider-Create] INFO  net.NodeSchemaLoader (NodeSchemaLoader.java:loadSchema(176)) - Loading network topology layer schema file
2021-09-05 02:14:41,802 [Mini-Cluster-Provider-Create] INFO  metrics.MetricRegistries (MetricRegistriesLoader.java:load(64)) - Loaded MetricRegistries class org.apache.ratis.metrics.impl.MetricRegistriesImpl
2021-09-05 02:14:41,814 [Mini-Cluster-Provider-Create] INFO  ha.SequenceIdGenerator (SequenceIdGenerator.java:upgradeToSequenceId(327)) - upgrade localId to 107544261427200000
2021-09-05 02:14:41,814 [Mini-Cluster-Provider-Create] INFO  ha.SequenceIdGenerator (SequenceIdGenerator.java:upgradeToSequenceId(337)) - upgrade delTxnId to 0
2021-09-05 02:14:41,818 [Mini-Cluster-Provider-Create] INFO  ha.SequenceIdGenerator (SequenceIdGenerator.java:upgradeToSequenceId(351)) - upgrade containerId to 0
2021-09-05 02:14:41,820 [Mini-Cluster-Provider-Create] INFO  ha.SequenceIdGenerator (SequenceIdGenerator.java:<init>(217)) - Init the HA SequenceIdGenerator.
2021-09-05 02:14:41,860 [Mini-Cluster-Provider-Create] INFO  node.SCMNodeManager (SCMNodeManager.java:<init>(145)) - Entering startup safe mode.
2021-09-05 02:14:41,906 [Mini-Cluster-Provider-Create] INFO  algorithms.ContainerPlacementPolicyFactory (ContainerPlacementPolicyFactory.java:getPolicy(60)) - Create container placement policy of type org.apache.hadoop.hdds.scm.container.placement.algorithms.SCMContainerPlacementRandom
2021-09-05 02:14:41,915 [Mini-Cluster-Provider-Create] INFO  pipeline.PipelineStateManager (PipelineStateManagerV2Impl.java:initialize(78)) - No pipeline exists in current db
2021-09-05 02:14:41,944 [Mini-Cluster-Provider-Create] INFO  algorithms.LeaderChoosePolicyFactory (LeaderChoosePolicyFactory.java:getPolicy(57)) - Create leader choose policy of type org.apache.hadoop.hdds.scm.pipeline.leader.choose.algorithms.MinLeaderCountChoosePolicy
2021-09-05 02:14:41,950 [Mini-Cluster-Provider-Create] INFO  ha.SCMServiceManager (SCMServiceManager.java:register(43)) - Registering service BackgroundPipelineCreator.
2021-09-05 02:14:41,950 [Mini-Cluster-Provider-Create] INFO  pipeline.BackgroundPipelineCreator (BackgroundPipelineCreatorV2.java:start(130)) - Starting RatisPipelineUtilsThread.
2021-09-05 02:14:41,979 [Mini-Cluster-Provider-Create] INFO  algorithms.PipelineChoosePolicyFactory (PipelineChoosePolicyFactory.java:createPipelineChoosePolicyFromClass(73)) - Create pipeline choose policy of type org.apache.hadoop.hdds.scm.pipeline.choose.algorithms.RandomPipelineChoosePolicy
2021-09-05 02:14:42,001 [Mini-Cluster-Provider-Create] INFO  ha.SCMServiceManager (SCMServiceManager.java:register(43)) - Registering service SCMBlockDeletingService.
2021-09-05 02:14:42,024 [Mini-Cluster-Provider-Create] INFO  ha.SCMServiceManager (SCMServiceManager.java:register(43)) - Registering service ReplicationManager.
2021-09-05 02:14:42,027 [Mini-Cluster-Provider-Create] INFO  container.ReplicationManager (ReplicationManager.java:start(307)) - Starting Replication Monitor Thread.
2021-09-05 02:14:42,037 [ReplicationMonitor] INFO  container.ReplicationManager (ReplicationManager.java:processAll(359)) - Replication Monitor Thread took 0 milliseconds for processing 0 containers.
2021-09-05 02:14:42,046 [Mini-Cluster-Provider-Create] INFO  safemode.ContainerSafeModeRule (ContainerSafeModeRule.java:<init>(89)) - containers with one replica threshold count 0
2021-09-05 02:14:42,054 [Mini-Cluster-Provider-Create] INFO  safemode.HealthyPipelineSafeModeRule (HealthyPipelineSafeModeRule.java:initializeRule(156)) - Total pipeline count is 0, healthy pipeline threshold count is 1
2021-09-05 02:14:42,057 [Mini-Cluster-Provider-Create] INFO  safemode.OneReplicaPipelineSafeModeRule (OneReplicaPipelineSafeModeRule.java:initializeRule(180)) - Total pipeline count is 0, pipeline's with at least one datanode reported threshold count is 0
2021-09-05 02:14:42,454 [Mini-Cluster-Provider-Create] INFO  ipc.CallQueueManager (CallQueueManager.java:<init>(90)) - Using callQueue: class java.util.concurrent.LinkedBlockingQueue, queueCapacity: 2000, scheduler: class org.apache.hadoop.ipc.DefaultRpcScheduler, ipcBackoff: false.
2021-09-05 02:14:42,489 [Socket Reader #1 for port 0] INFO  ipc.Server (Server.java:run(1265)) - Starting Socket Reader #1 for port 0
2021-09-05 02:14:42,537 [Listener at 0.0.0.0/39337] INFO  ipc.CallQueueManager (CallQueueManager.java:<init>(90)) - Using callQueue: class java.util.concurrent.LinkedBlockingQueue, queueCapacity: 2000, scheduler: class org.apache.hadoop.ipc.DefaultRpcScheduler, ipcBackoff: false.
2021-09-05 02:14:42,540 [Socket Reader #1 for port 0] INFO  ipc.Server (Server.java:run(1265)) - Starting Socket Reader #1 for port 0
2021-09-05 02:14:42,555 [Listener at 0.0.0.0/36505] INFO  ipc.CallQueueManager (CallQueueManager.java:<init>(90)) - Using callQueue: class java.util.concurrent.LinkedBlockingQueue, queueCapacity: 2000, scheduler: class org.apache.hadoop.ipc.DefaultRpcScheduler, ipcBackoff: false.
2021-09-05 02:14:42,556 [Socket Reader #1 for port 0] INFO  ipc.Server (Server.java:run(1265)) - Starting Socket Reader #1 for port 0
2021-09-05 02:14:42,615 [Listener at 0.0.0.0/43631] INFO  algorithms.ContainerPlacementPolicyFactory (ContainerPlacementPolicyFactory.java:getPolicy(60)) - Create container placement policy of type org.apache.hadoop.hdds.scm.container.placement.algorithms.SCMContainerPlacementRandom
2021-09-05 02:14:42,619 [Listener at 0.0.0.0/43631] INFO  server.StorageContainerManager (StorageContainerManager.java:<init>(387)) - 
Container Balancer status:
Key                            Value
Running                        false
Container Balancer Configuration values:
Key                                                Value
Threshold                                          0.1
Max Datanodes to Involve per Iteration(ratio)      0.5
Max Size to Move per Iteration                     10737418240B

2021-09-05 02:14:42,619 [Listener at 0.0.0.0/43631] WARN  events.EventQueue (EventQueue.java:fireEvent(194)) - No event handler registered for event TypedEvent{payloadType=SafeModeStatus, name='Safe mode status'}
2021-09-05 02:14:42,620 [Listener at 0.0.0.0/43631] INFO  ha.SCMContext (SCMContext.java:updateSafeModeStatus(205)) - Update SafeModeStatus from SafeModeStatus{safeModeStatus=true, preCheckPassed=false} to SafeModeStatus{safeModeStatus=true, preCheckPassed=false}.
2021-09-05 02:14:42,624 [Listener at 0.0.0.0/43631] INFO  server.StorageContainerManager (StorageContainerManager.java:start(1256)) - StorageContainerLocationProtocol RPC server is listening at /0.0.0.0:43631
2021-09-05 02:14:42,686 [Listener at 0.0.0.0/43631] WARN  impl.MetricsConfig (MetricsConfig.java:loadFirst(136)) - Cannot locate configuration: tried hadoop-metrics2-storagecontainermanager.properties,hadoop-metrics2.properties
2021-09-05 02:14:42,703 [Listener at 0.0.0.0/43631] INFO  impl.MetricsSystemImpl (MetricsSystemImpl.java:startTimer(378)) - Scheduled Metric snapshot period at 10 second(s).
2021-09-05 02:14:42,703 [Listener at 0.0.0.0/43631] INFO  impl.MetricsSystemImpl (MetricsSystemImpl.java:start(191)) - StorageContainerManager metrics system started
2021-09-05 02:14:43,033 [Listener at 0.0.0.0/43631] INFO  server.SCMClientProtocolServer (SCMClientProtocolServer.java:start(164)) - RPC server for Client  is listening at /0.0.0.0:43631
2021-09-05 02:14:43,037 [IPC Server listener on 0] INFO  ipc.Server (Server.java:run(1344)) - IPC Server listener on 0: starting
2021-09-05 02:14:43,037 [IPC Server Responder] INFO  ipc.Server (Server.java:run(1507)) - IPC Server Responder: starting
2021-09-05 02:14:43,037 [ReplicationMonitor] INFO  container.ReplicationManager (ReplicationManager.java:processAll(359)) - Replication Monitor Thread took 0 milliseconds for processing 0 containers.
2021-09-05 02:14:43,066 [Listener at 0.0.0.0/43631] INFO  server.StorageContainerManager (StorageContainerManager.java:start(1271)) - ScmBlockLocationProtocol RPC server is listening at /0.0.0.0:36505
2021-09-05 02:14:43,067 [Listener at 0.0.0.0/43631] INFO  server.SCMBlockProtocolServer (SCMBlockProtocolServer.java:start(151)) - RPC server for Block Protocol is listening at /0.0.0.0:36505
2021-09-05 02:14:43,068 [IPC Server Responder] INFO  ipc.Server (Server.java:run(1507)) - IPC Server Responder: starting
2021-09-05 02:14:43,068 [IPC Server listener on 0] INFO  ipc.Server (Server.java:run(1344)) - IPC Server listener on 0: starting
2021-09-05 02:14:43,071 [Listener at 0.0.0.0/43631] INFO  server.StorageContainerManager (StorageContainerManager.java:start(1277)) - ScmDatanodeProtocl RPC server is listening at /0.0.0.0:39337
2021-09-05 02:14:43,071 [Listener at 0.0.0.0/43631] INFO  server.SCMDatanodeProtocolServer (SCMDatanodeProtocolServer.java:start(181)) - RPC server for DataNodes is listening at /0.0.0.0:39337
2021-09-05 02:14:43,072 [IPC Server Responder] INFO  ipc.Server (Server.java:run(1507)) - IPC Server Responder: starting
2021-09-05 02:14:43,072 [IPC Server listener on 0] INFO  ipc.Server (Server.java:run(1344)) - IPC Server listener on 0: starting
2021-09-05 02:14:43,091 [org.apache.hadoop.util.JvmPauseMonitor$Monitor@4c5f3fe0] INFO  util.JvmPauseMonitor (JvmPauseMonitor.java:run(188)) - Starting JVM pause monitor
2021-09-05 02:14:43,100 [Listener at 0.0.0.0/43631] INFO  http.BaseHttpServer (BaseHttpServer.java:newHttpServer2BuilderForOzone(209)) - Starting Web-server for scm at: http://0.0.0.0:0
2021-09-05 02:14:43,100 [Listener at 0.0.0.0/43631] INFO  http.BaseHttpServer (BaseHttpServer.java:<init>(107)) - Hadoop Security Enabled: false Ozone Security Enabled: false Ozone HTTP Security Enabled: false 
2021-09-05 02:14:43,125 [Listener at 0.0.0.0/43631] INFO  util.log (Log.java:initialized(170)) - Logging initialized @4103ms to org.eclipse.jetty.util.log.Slf4jLog
2021-09-05 02:14:43,223 [Listener at 0.0.0.0/43631] INFO  server.AuthenticationFilter (AuthenticationFilter.java:constructSecretProvider(240)) - Unable to initialize FileSignerSecretProvider, falling back to use random secrets.
2021-09-05 02:14:43,229 [Listener at 0.0.0.0/43631] WARN  http.HttpRequestLog (HttpRequestLog.java:getRequestLog(103)) - Jetty request log can only be enabled using Log4j
2021-09-05 02:14:43,234 [Listener at 0.0.0.0/43631] INFO  http.HttpServer2 (HttpServer2.java:addGlobalFilter(1030)) - Added global filter 'safety' (class=org.apache.hadoop.hdds.server.http.HttpServer2$QuotingInputFilter)
2021-09-05 02:14:43,236 [Listener at 0.0.0.0/43631] INFO  http.HttpServer2 (HttpServer2.java:addFilter(1006)) - Added filter static_user_filter (class=org.apache.hadoop.http.lib.StaticUserWebFilter$StaticUserFilter) to context scm
2021-09-05 02:14:43,237 [Listener at 0.0.0.0/43631] INFO  http.HttpServer2 (HttpServer2.java:addFilter(1014)) - Added filter static_user_filter (class=org.apache.hadoop.http.lib.StaticUserWebFilter$StaticUserFilter) to context logs
2021-09-05 02:14:43,237 [Listener at 0.0.0.0/43631] INFO  http.HttpServer2 (HttpServer2.java:addFilter(1014)) - Added filter static_user_filter (class=org.apache.hadoop.http.lib.StaticUserWebFilter$StaticUserFilter) to context static
2021-09-05 02:14:43,272 [Listener at 0.0.0.0/43631] INFO  http.HttpServer2 (HttpServer2.java:bindListener(1249)) - Jetty bound to port 44181
2021-09-05 02:14:43,273 [Listener at 0.0.0.0/43631] INFO  server.Server (Server.java:doStart(375)) - jetty-9.4.43.v20210629; built: 2021-06-30T11:07:22.254Z; git: 526006ecfa3af7f1a27ef3a288e2bef7ea9dd7e8; jvm 1.8.0_292-b10
2021-09-05 02:14:43,300 [Listener at 0.0.0.0/43631] INFO  server.session (DefaultSessionIdManager.java:doStart(334)) - DefaultSessionIdManager workerName=node0
2021-09-05 02:14:43,300 [Listener at 0.0.0.0/43631] INFO  server.session (DefaultSessionIdManager.java:doStart(339)) - No SessionScavenger set, using defaults
2021-09-05 02:14:43,302 [Listener at 0.0.0.0/43631] INFO  server.session (HouseKeeper.java:startScavenging(132)) - node0 Scavenging every 600000ms
2021-09-05 02:14:43,316 [Listener at 0.0.0.0/43631] INFO  handler.ContextHandler (ContextHandler.java:doStart(915)) - Started o.e.j.s.ServletContextHandler@56be616d{logs,/logs,file:///home/runner/work/ozone/ozone/hadoop-ozone/integration-test/target/log,AVAILABLE}
2021-09-05 02:14:43,317 [Listener at 0.0.0.0/43631] INFO  handler.ContextHandler (ContextHandler.java:doStart(915)) - Started o.e.j.s.ServletContextHandler@248a6be{static,/static,file:///home/runner/work/ozone/ozone/hadoop-ozone/integration-test/target/test-classes/webapps/static,AVAILABLE}
2021-09-05 02:14:43,357 [Listener at 0.0.0.0/43631] INFO  handler.ContextHandler (ContextHandler.java:doStart(915)) - Started o.e.j.w.WebAppContext@7295efe9{scm,/,file:///home/runner/work/ozone/ozone/hadoop-ozone/integration-test/target/test-classes/webapps/scm/,AVAILABLE}{file:/home/runner/work/ozone/ozone/hadoop-ozone/integration-test/target/test-classes/webapps/scm}
2021-09-05 02:14:43,365 [Listener at 0.0.0.0/43631] INFO  server.AbstractConnector (AbstractConnector.java:doStart(331)) - Started ServerConnector@313453ca{HTTP/1.1, (http/1.1)}{0.0.0.0:44181}
2021-09-05 02:14:43,365 [Listener at 0.0.0.0/43631] INFO  server.Server (Server.java:doStart(415)) - Started @4343ms
2021-09-05 02:14:43,370 [Listener at 0.0.0.0/43631] INFO  impl.MetricsSinkAdapter (MetricsSinkAdapter.java:start(204)) - Sink prometheus started
2021-09-05 02:14:43,370 [Listener at 0.0.0.0/43631] INFO  impl.MetricsSystemImpl (MetricsSystemImpl.java:registerSink(305)) - Registered sink prometheus
2021-09-05 02:14:43,371 [Listener at 0.0.0.0/43631] INFO  http.BaseHttpServer (BaseHttpServer.java:updateConnectorAddress(329)) - HTTP server of scm listening at http://0.0.0.0:44181
2021-09-05 02:14:43,373 [Listener at 0.0.0.0/43631] WARN  server.ServerUtils (ServerUtils.java:getDBPath(225)) - ozone.om.db.dirs is not configured. We recommend adding this setting. Falling back to ozone.metadata.dirs instead.
2021-09-05 02:14:43,479 [Listener at 0.0.0.0/43631] INFO  ha.OMHANodeDetails (OMHANodeDetails.java:loadOMHAConfig(112)) - ozone.om.internal.service.id is not defined, falling back to ozone.om.service.ids to find serviceID for OzoneManager if it is HA enabled cluster
2021-09-05 02:14:43,481 [Listener at 0.0.0.0/43631] INFO  ha.OMHANodeDetails (OMHANodeDetails.java:loadOMHAConfig(219)) - Configuration does not have ozone.om.address set. Falling back to the default OM address /127.0.0.1:0
2021-09-05 02:14:43,481 [Listener at 0.0.0.0/43631] INFO  ha.OMHANodeDetails (OMHANodeDetails.java:getOMNodeDetails(247)) - OM Service ID is not set. Setting it to the default ID: omServiceIdDefault
2021-09-05 02:14:43,481 [Listener at 0.0.0.0/43631] INFO  ha.OMHANodeDetails (OMHANodeDetails.java:getOMNodeDetails(254)) - OM Node ID is not set. Setting it to the default ID: om1
2021-09-05 02:14:43,485 [Listener at 0.0.0.0/43631] WARN  server.ServerUtils (ServerUtils.java:getDBPath(225)) - ozone.om.db.dirs is not configured. We recommend adding this setting. Falling back to ozone.metadata.dirs instead.
2021-09-05 02:14:43,487 [Listener at 0.0.0.0/43631] INFO  upgrade.AbstractLayoutVersionManager (AbstractLayoutVersionManager.java:init(70)) - Initializing Layout version manager with metadata layout = INITIAL_VERSION (version = 0), software layout = INITIAL_VERSION (version = 0)
2021-09-05 02:14:43,545 [Listener at 0.0.0.0/43631] INFO  reflections.Reflections (Reflections.java:scan(232)) - Reflections took 55 ms to scan 2 urls, producing 131 keys and 342 values [using 2 cores]
2021-09-05 02:14:43,549 [Listener at 0.0.0.0/43631] INFO  upgrade.OMLayoutVersionManager (OMLayoutVersionManager.java:lambda$0(116)) - Skipping Upgrade Action MockOmUpgradeAction since it has been finalized.
2021-09-05 02:14:43,550 [Listener at 0.0.0.0/43631] WARN  server.ServerUtils (ServerUtils.java:getDBPath(225)) - ozone.om.db.dirs is not configured. We recommend adding this setting. Falling back to ozone.metadata.dirs instead.
2021-09-05 02:14:43,954 [Listener at 0.0.0.0/43631] WARN  server.ServerUtils (ServerUtils.java:getDBPath(225)) - ozone.om.db.dirs is not configured. We recommend adding this setting. Falling back to ozone.metadata.dirs instead.
2021-09-05 02:14:43,960 [Listener at 0.0.0.0/43631] INFO  codec.OmKeyInfoCodec (OmKeyInfoCodec.java:<init>(51)) - OmKeyInfoCodec ignorePipeline = true
2021-09-05 02:14:43,961 [Listener at 0.0.0.0/43631] INFO  codec.RepeatedOmKeyInfoCodec (RepeatedOmKeyInfoCodec.java:<init>(42)) - RepeatedOmKeyInfoCodec ignorePipeline = true
2021-09-05 02:14:44,038 [ReplicationMonitor] INFO  container.ReplicationManager (ReplicationManager.java:processAll(359)) - Replication Monitor Thread took 0 milliseconds for processing 0 containers.
2021-09-05 02:14:44,194 [Listener at 0.0.0.0/43631] INFO  om.OzoneManager (OzoneManager.java:addS3GVolumeToDB(4115)) - Created Volume s3v With Owner runner required for S3Gateway operations.
2021-09-05 02:14:44,269 [Listener at 0.0.0.0/43631] WARN  server.ServerUtils (ServerUtils.java:getDefaultRatisDirectory(237)) - Storage directory for Ratis is not configured. It is a good idea to map this to an SSD disk. Falling back to ozone.metadata.dirs
2021-09-05 02:14:44,271 [Listener at 0.0.0.0/43631] WARN  utils.OzoneManagerRatisUtils (OzoneManagerRatisUtils.java:getOMRatisSnapshotDirectory(391)) - ozone.om.ratis.snapshot.dir is not configured. Falling back to ozone.metadata.dirs config
2021-09-05 02:14:44,306 [Listener at 0.0.0.0/43631] WARN  server.ServerUtils (ServerUtils.java:getDefaultRatisDirectory(237)) - Storage directory for Ratis is not configured. It is a good idea to map this to an SSD disk. Falling back to ozone.metadata.dirs
2021-09-05 02:14:44,345 [Listener at 0.0.0.0/43631] INFO  ratis.OzoneManagerRatisServer (OzoneManagerRatisServer.java:<init>(158)) - Instantiating OM Ratis server with groupID: omServiceIdDefault and peers: localhost:39789
2021-09-05 02:14:44,354 [Listener at 0.0.0.0/43631] INFO  ratis.OzoneManagerStateMachine (OzoneManagerStateMachine.java:loadSnapshotInfoFromDB(605)) - LastAppliedIndex is set from TransactionInfo from OM DB as (t:0, i:~)
2021-09-05 02:14:44,387 [Listener at 0.0.0.0/43631] INFO  server.RaftServer (ConfUtils.java:logGet(44)) - raft.rpc.type = GRPC (default)
2021-09-05 02:14:44,470 [Listener at 0.0.0.0/43631] INFO  grpc.GrpcFactory (GrpcFactory.java:checkPooledByteBufAllocatorUseCacheForAllThreads(48)) - PERFORMANCE WARNING: useCacheForAllThreads is true that may cause Netty to create a lot garbage objects and, as a result, trigger GC.
	It is recommended to disable useCacheForAllThreads by setting -Dorg.apache.ratis.thirdparty.io.netty.allocator.useCacheForAllThreads=false in command line.
2021-09-05 02:14:44,474 [Listener at 0.0.0.0/43631] INFO  grpc.GrpcConfigKeys (ConfUtils.java:logGet(44)) - raft.grpc.admin.port = -1 (default)
2021-09-05 02:14:44,474 [Listener at 0.0.0.0/43631] INFO  grpc.GrpcConfigKeys (ConfUtils.java:logGet(44)) - raft.grpc.server.port = 39789 (custom)
2021-09-05 02:14:44,475 [Listener at 0.0.0.0/43631] INFO  grpc.GrpcConfigKeys (ConfUtils.java:logGet(44)) - raft.grpc.client.port = -1 (default)
2021-09-05 02:14:44,475 [Listener at 0.0.0.0/43631] INFO  grpc.GrpcConfigKeys (ConfUtils.java:logGet(44)) - raft.grpc.server.port = 39789 (custom)
2021-09-05 02:14:44,475 [Listener at 0.0.0.0/43631] INFO  grpc.GrpcConfigKeys (ConfUtils.java:logGet(44)) - raft.grpc.server.port = 39789 (custom)
2021-09-05 02:14:44,476 [Listener at 0.0.0.0/43631] INFO  server.GrpcService (ConfUtils.java:logGet(44)) - raft.grpc.message.size.max = 33554432 (custom)
2021-09-05 02:14:44,477 [Listener at 0.0.0.0/43631] INFO  server.RaftServerConfigKeys (ConfUtils.java:logGet(44)) - raft.server.log.appender.buffer.byte-limit = 33554432 (custom)
2021-09-05 02:14:44,477 [Listener at 0.0.0.0/43631] INFO  server.GrpcService (ConfUtils.java:logGet(44)) - raft.grpc.flow.control.window = 1MB (=1048576) (default)
2021-09-05 02:14:44,478 [Listener at 0.0.0.0/43631] INFO  server.RaftServerConfigKeys (ConfUtils.java:logGet(44)) - raft.server.rpc.request.timeout = 3000ms (default)
2021-09-05 02:14:44,772 [Listener at 0.0.0.0/43631] INFO  impl.DataStreamServerImpl (ConfUtils.java:logGet(44)) - raft.datastream.type = DISABLED (default)
2021-09-05 02:14:44,775 [Listener at 0.0.0.0/43631] INFO  server.RaftServerConfigKeys (ConfUtils.java:logGet(44)) - raft.server.rpc.slowness.timeout = 120s (custom)
2021-09-05 02:14:44,775 [Listener at 0.0.0.0/43631] INFO  server.RaftServerConfigKeys (ConfUtils.java:logGet(44)) - raft.server.leaderelection.leader.step-down.wait-time = 10s (default)
2021-09-05 02:14:44,798 [Listener at 0.0.0.0/43631] INFO  server.RaftServerConfigKeys (ConfUtils.java:logGet(44)) - raft.server.storage.dir = [/home/runner/work/ozone/ozone/hadoop-ozone/integration-test/target/test-dir/MiniOzoneClusterImpl-b9dfe4fd-d142-4c87-b19c-e6304396dee2/ozone-meta/ratis] (custom)
2021-09-05 02:14:44,803 [Listener at 0.0.0.0/43631] INFO  server.RaftServer (RaftServerProxy.java:addNew(95)) - om1: addNew group-C5BA1605619E:[om1|rpc:localhost:39789|priority:0] returns group-C5BA1605619E:java.util.concurrent.CompletableFuture@6e6f67e5[Not completed]
2021-09-05 02:14:44,803 [Listener at 0.0.0.0/43631] INFO  om.OzoneManager (OzoneManager.java:initializeRatisServer(1573)) - OzoneManager Ratis server initialized at port 39789
2021-09-05 02:14:44,827 [Listener at 0.0.0.0/43631] INFO  ipc.CallQueueManager (CallQueueManager.java:<init>(90)) - Using callQueue: class java.util.concurrent.LinkedBlockingQueue, queueCapacity: 2000, scheduler: class org.apache.hadoop.ipc.DefaultRpcScheduler, ipcBackoff: false.
2021-09-05 02:14:44,846 [Socket Reader #1 for port 0] INFO  ipc.Server (Server.java:run(1265)) - Starting Socket Reader #1 for port 0
2021-09-05 02:14:44,847 [pool-39-thread-1] INFO  server.RaftServer$Division (RaftServerImpl.java:<init>(181)) - om1: new RaftServerImpl for group-C5BA1605619E:[om1|rpc:localhost:39789|priority:0] with OzoneManagerStateMachine:uninitialized
2021-09-05 02:14:44,862 [pool-39-thread-1] INFO  server.RaftServerConfigKeys (ConfUtils.java:logGet(44)) - raft.server.rpc.timeout.min = 1s (custom)
2021-09-05 02:14:44,862 [pool-39-thread-1] INFO  server.RaftServerConfigKeys (ConfUtils.java:logGet(44)) - raft.server.rpc.timeout.max = 1200ms (custom)
2021-09-05 02:14:44,863 [pool-39-thread-1] INFO  server.RaftServerConfigKeys (ConfUtils.java:logGet(44)) - raft.server.rpc.sleep.time = 25ms (default)
2021-09-05 02:14:44,863 [pool-39-thread-1] INFO  server.RaftServerConfigKeys (ConfUtils.java:logGet(44)) - raft.server.rpc.slowness.timeout = 120s (custom)
2021-09-05 02:14:44,863 [pool-39-thread-1] INFO  server.RaftServerConfigKeys (ConfUtils.java:logGet(44)) - raft.server.leaderelection.leader.step-down.wait-time = 10s (default)
2021-09-05 02:14:44,863 [pool-39-thread-1] INFO  server.RaftServerConfigKeys (ConfUtils.java:logGet(44)) - raft.server.sleep.deviation.threshold = 300ms (default)
2021-09-05 02:14:44,865 [pool-39-thread-1] INFO  server.RaftServerConfigKeys (ConfUtils.java:logGet(44)) - raft.server.log.appender.install.snapshot.enabled = false (custom)
2021-09-05 02:14:44,872 [pool-39-thread-1] INFO  server.RaftServer$Division (ServerState.java:<init>(105)) - om1@group-C5BA1605619E: ConfigurationManager, init=-1: [om1|rpc:localhost:39789|priority:0], old=null, confs=<EMPTY_MAP>
2021-09-05 02:14:44,872 [pool-39-thread-1] INFO  server.RaftServerConfigKeys (ConfUtils.java:logGet(44)) - raft.server.storage.dir = [/home/runner/work/ozone/ozone/hadoop-ozone/integration-test/target/test-dir/MiniOzoneClusterImpl-b9dfe4fd-d142-4c87-b19c-e6304396dee2/ozone-meta/ratis] (custom)
2021-09-05 02:14:44,896 [pool-39-thread-1] INFO  server.RaftServerConfigKeys (ConfUtils.java:logGet(44)) - raft.server.log.corruption.policy = EXCEPTION (default)
2021-09-05 02:14:44,897 [pool-39-thread-1] INFO  server.RaftServerConfigKeys (ConfUtils.java:logGet(44)) - raft.server.storage.free-space.min = 0MB (=0) (default)
2021-09-05 02:14:44,907 [pool-39-thread-1] INFO  storage.RaftStorageDirectory (RaftStorageDirectoryImpl.java:analyzeStorage(135)) - The storage directory /home/runner/work/ozone/ozone/hadoop-ozone/integration-test/target/test-dir/MiniOzoneClusterImpl-b9dfe4fd-d142-4c87-b19c-e6304396dee2/ozone-meta/ratis/bf265839-605b-3f16-9796-c5ba1605619e does not exist. Creating ...
2021-09-05 02:14:44,902 [Listener at 127.0.0.1/38203] INFO  om.OzoneManager (OzoneManager.java:initFSOLayout(4321)) - Configured ozone.om.metadata.layout=SIMPLE and disabled optimized OM FS operations
2021-09-05 02:14:44,909 [Listener at 127.0.0.1/38203] INFO  impl.MetricsSystemImpl (MetricsSystemImpl.java:init(158)) - OzoneManager metrics system started (again)
2021-09-05 02:14:44,926 [Listener at 127.0.0.1/38203] INFO  om.OzoneManager (OzoneManager.java:start(1270)) - OzoneManager RPC server is listening at localhost/127.0.0.1:38203
2021-09-05 02:14:44,926 [pool-39-thread-1] INFO  storage.RaftStorageDirectory (RaftStorageDirectoryImpl.java:tryLock(230)) - Lock on /home/runner/work/ozone/ozone/hadoop-ozone/integration-test/target/test-dir/MiniOzoneClusterImpl-b9dfe4fd-d142-4c87-b19c-e6304396dee2/ozone-meta/ratis/bf265839-605b-3f16-9796-c5ba1605619e/in_use.lock acquired by nodename 7276@fv-az151-757
2021-09-05 02:14:44,932 [Listener at 127.0.0.1/38203] INFO  ratis.OzoneManagerRatisServer (OzoneManagerRatisServer.java:start(516)) - Starting OzoneManagerRatisServer om1 at port 39789
2021-09-05 02:14:44,936 [pool-39-thread-1] INFO  storage.RaftStorage (RaftStorageImpl.java:format(89)) - Storage directory /home/runner/work/ozone/ozone/hadoop-ozone/integration-test/target/test-dir/MiniOzoneClusterImpl-b9dfe4fd-d142-4c87-b19c-e6304396dee2/ozone-meta/ratis/bf265839-605b-3f16-9796-c5ba1605619e has been successfully formatted.
2021-09-05 02:14:44,938 [pool-39-thread-1] INFO  server.RaftServerConfigKeys (ConfUtils.java:logGet(44)) - raft.server.notification.no-leader.timeout = 120s (custom)
2021-09-05 02:14:44,940 [pool-39-thread-1] INFO  server.RaftServerConfigKeys (ConfUtils.java:logGet(44)) - raft.server.log.use.memory = false (default)
2021-09-05 02:14:44,947 [pool-39-thread-1] INFO  server.RaftServerConfigKeys (ConfUtils.java:logGet(44)) - raft.server.log.purge.gap = 1000000 (custom)
2021-09-05 02:14:44,947 [pool-39-thread-1] INFO  server.RaftServerConfigKeys (ConfUtils.java:logGet(44)) - raft.server.log.appender.buffer.byte-limit = 33554432 (custom)
2021-09-05 02:14:44,959 [pool-39-thread-1] INFO  server.RaftServerConfigKeys (ConfUtils.java:logGet(44)) - raft.server.log.segment.size.max = 4194304 (custom)
2021-09-05 02:14:44,966 [pool-39-thread-1] INFO  server.RaftServerConfigKeys (ConfUtils.java:logGet(44)) - raft.server.log.segment.cache.num.max = 2 (custom)
2021-09-05 02:14:44,966 [pool-39-thread-1] INFO  server.RaftServerConfigKeys (ConfUtils.java:logGet(44)) - raft.server.log.segment.cache.size.max = 200MB (=209715200) (default)
2021-09-05 02:14:44,971 [pool-39-thread-1] INFO  segmented.SegmentedRaftLogWorker (SegmentedRaftLogWorker.java:<init>(182)) - new om1@group-C5BA1605619E-SegmentedRaftLogWorker for RaftStorageImpl:Storage Directory /home/runner/work/ozone/ozone/hadoop-ozone/integration-test/target/test-dir/MiniOzoneClusterImpl-b9dfe4fd-d142-4c87-b19c-e6304396dee2/ozone-meta/ratis/bf265839-605b-3f16-9796-c5ba1605619e
2021-09-05 02:14:44,972 [pool-39-thread-1] INFO  server.RaftServerConfigKeys (ConfUtils.java:logGet(44)) - raft.server.log.queue.byte-limit = 64MB (=67108864) (default)
2021-09-05 02:14:44,972 [pool-39-thread-1] INFO  server.RaftServerConfigKeys (ConfUtils.java:logGet(44)) - raft.server.log.queue.element-limit = 4096 (default)
2021-09-05 02:14:44,973 [pool-39-thread-1] INFO  server.RaftServerConfigKeys (ConfUtils.java:logGet(44)) - raft.server.log.segment.size.max = 4194304 (custom)
2021-09-05 02:14:44,973 [pool-39-thread-1] INFO  server.RaftServerConfigKeys (ConfUtils.java:logGet(44)) - raft.server.log.preallocated.size = 4194304 (custom)
2021-09-05 02:14:44,973 [pool-39-thread-1] INFO  server.RaftServerConfigKeys (ConfUtils.java:logGet(44)) - raft.server.log.force.sync.num = 128 (default)
2021-09-05 02:14:44,975 [pool-39-thread-1] INFO  server.RaftServerConfigKeys (ConfUtils.java:logGet(44)) - raft.server.log.statemachine.data.sync = true (default)
2021-09-05 02:14:44,975 [pool-39-thread-1] INFO  server.RaftServerConfigKeys (ConfUtils.java:logGet(44)) - raft.server.log.statemachine.data.sync.timeout = 10s (default)
2021-09-05 02:14:44,975 [pool-39-thread-1] INFO  server.RaftServerConfigKeys (ConfUtils.java:logGet(44)) - raft.server.log.statemachine.data.sync.timeout.retry = -1 (default)
2021-09-05 02:14:44,984 [pool-39-thread-1] INFO  server.RaftServerConfigKeys (ConfUtils.java:logGet(44)) - raft.server.log.write.buffer.size = 64KB (=65536) (default)
2021-09-05 02:14:44,984 [pool-39-thread-1] INFO  server.RaftServerConfigKeys (ConfUtils.java:logGet(44)) - raft.server.log.statemachine.data.caching.enabled = false (default)
2021-09-05 02:14:44,990 [pool-39-thread-1] INFO  segmented.SegmentedRaftLogWorker (SegmentedRaftLogWorker.java:lambda$new$0(133)) - om1@group-C5BA1605619E-SegmentedRaftLogWorker: flushIndex: setUnconditionally 0 -> -1
2021-09-05 02:14:44,990 [pool-39-thread-1] INFO  segmented.SegmentedRaftLogWorker (SegmentedRaftLogWorker.java:lambda$new$0(133)) - om1@group-C5BA1605619E-SegmentedRaftLogWorker: safeCacheEvictIndex: setUnconditionally 0 -> -1
2021-09-05 02:14:44,997 [pool-39-thread-1] INFO  server.RaftServerConfigKeys (ConfUtils.java:logGet(44)) - raft.server.snapshot.auto.trigger.enabled = true (custom)
2021-09-05 02:14:44,998 [pool-39-thread-1] INFO  server.RaftServerConfigKeys (ConfUtils.java:logGet(44)) - raft.server.snapshot.auto.trigger.threshold = 400000 (default)
2021-09-05 02:14:44,998 [pool-39-thread-1] INFO  server.RaftServerConfigKeys (ConfUtils.java:logGet(44)) - raft.server.snapshot.retention.file.num = -1 (default)
2021-09-05 02:14:44,999 [pool-39-thread-1] INFO  server.RaftServerConfigKeys (ConfUtils.java:logGet(44)) - raft.server.log.purge.upto.snapshot.index = true (custom)
2021-09-05 02:14:45,000 [pool-39-thread-1] INFO  server.RaftServerConfigKeys (ConfUtils.java:logGet(44)) - raft.server.retrycache.expirytime = 300s (custom)
2021-09-05 02:14:45,000 [pool-39-thread-1] INFO  server.RaftServerConfigKeys (ConfUtils.java:logGet(44)) - raft.server.retrycache.statistics.expirytime = 100μs (default)
2021-09-05 02:14:45,037 [Listener at 127.0.0.1/38203] INFO  server.RaftServer$Division (RaftServerImpl.java:start(296)) - om1@group-C5BA1605619E: start as a follower, conf=-1: [om1|rpc:localhost:39789|priority:0], old=null
2021-09-05 02:14:45,039 [Listener at 127.0.0.1/38203] INFO  server.RaftServer$Division (RaftServerImpl.java:setRole(285)) - om1@group-C5BA1605619E: changes role from      null to FOLLOWER at term 0 for startAsFollower
2021-09-05 02:14:45,040 [ReplicationMonitor] INFO  container.ReplicationManager (ReplicationManager.java:processAll(359)) - Replication Monitor Thread took 0 milliseconds for processing 0 containers.
2021-09-05 02:14:45,041 [Listener at 127.0.0.1/38203] INFO  impl.RoleInfo (RoleInfo.java:updateAndGet(130)) - om1: start om1@group-C5BA1605619E-FollowerState
2021-09-05 02:14:45,043 [Listener at 127.0.0.1/38203] INFO  util.JmxRegister (JmxRegister.java:tryRegister(44)) - Successfully registered JMX Bean with object name Ratis:service=RaftServer,group=group-C5BA1605619E,id=om1
2021-09-05 02:14:45,058 [Listener at 127.0.0.1/38203] INFO  server.RaftServer (RaftServerProxy.java:lambda$start$5(374)) - om1: start RPC server
2021-09-05 02:14:45,121 [Listener at 127.0.0.1/38203] INFO  server.GrpcService (GrpcService.java:startImpl(253)) - om1: GrpcService started, listening on 39789
2021-09-05 02:14:45,126 [Listener at 127.0.0.1/38203] INFO  om.OzoneManager (OzoneManager.java:start(1288)) - Version File has different layout version (0) than OM DB (null). That is expected if this OM has never been finalized to a newer layout version.
2021-09-05 02:14:45,127 [org.apache.ratis.util.JvmPauseMonitor$$Lambda$534/1412209494@739e88c9] INFO  util.JvmPauseMonitor (JvmPauseMonitor.java:run(103)) - JvmPauseMonitor-om1: Started
2021-09-05 02:14:45,139 [Listener at 127.0.0.1/38203] INFO  http.BaseHttpServer (BaseHttpServer.java:newHttpServer2BuilderForOzone(209)) - Starting Web-server for ozoneManager at: http://0.0.0.0:0
2021-09-05 02:14:45,139 [Listener at 127.0.0.1/38203] INFO  http.BaseHttpServer (BaseHttpServer.java:<init>(107)) - Hadoop Security Enabled: false Ozone Security Enabled: false Ozone HTTP Security Enabled: false 
2021-09-05 02:14:45,141 [Listener at 127.0.0.1/38203] INFO  server.AuthenticationFilter (AuthenticationFilter.java:constructSecretProvider(240)) - Unable to initialize FileSignerSecretProvider, falling back to use random secrets.
2021-09-05 02:14:45,155 [Listener at 127.0.0.1/38203] WARN  http.HttpRequestLog (HttpRequestLog.java:getRequestLog(103)) - Jetty request log can only be enabled using Log4j
2021-09-05 02:14:45,156 [Listener at 127.0.0.1/38203] INFO  http.HttpServer2 (HttpServer2.java:addGlobalFilter(1030)) - Added global filter 'safety' (class=org.apache.hadoop.hdds.server.http.HttpServer2$QuotingInputFilter)
2021-09-05 02:14:45,157 [Listener at 127.0.0.1/38203] INFO  http.HttpServer2 (HttpServer2.java:addFilter(1006)) - Added filter static_user_filter (class=org.apache.hadoop.http.lib.StaticUserWebFilter$StaticUserFilter) to context ozoneManager
2021-09-05 02:14:45,157 [Listener at 127.0.0.1/38203] INFO  http.HttpServer2 (HttpServer2.java:addFilter(1014)) - Added filter static_user_filter (class=org.apache.hadoop.http.lib.StaticUserWebFilter$StaticUserFilter) to context static
2021-09-05 02:14:45,157 [Listener at 127.0.0.1/38203] INFO  http.HttpServer2 (HttpServer2.java:addFilter(1014)) - Added filter static_user_filter (class=org.apache.hadoop.http.lib.StaticUserWebFilter$StaticUserFilter) to context logs
2021-09-05 02:14:45,159 [Listener at 127.0.0.1/38203] INFO  http.HttpServer2 (HttpServer2.java:bindListener(1249)) - Jetty bound to port 46051
2021-09-05 02:14:45,159 [Listener at 127.0.0.1/38203] INFO  server.Server (Server.java:doStart(375)) - jetty-9.4.43.v20210629; built: 2021-06-30T11:07:22.254Z; git: 526006ecfa3af7f1a27ef3a288e2bef7ea9dd7e8; jvm 1.8.0_292-b10
2021-09-05 02:14:45,170 [Listener at 127.0.0.1/38203] INFO  server.session (DefaultSessionIdManager.java:doStart(334)) - DefaultSessionIdManager workerName=node0
2021-09-05 02:14:45,170 [Listener at 127.0.0.1/38203] INFO  server.session (DefaultSessionIdManager.java:doStart(339)) - No SessionScavenger set, using defaults
2021-09-05 02:14:45,170 [Listener at 127.0.0.1/38203] INFO  server.session (HouseKeeper.java:startScavenging(132)) - node0 Scavenging every 660000ms
2021-09-05 02:14:45,174 [Listener at 127.0.0.1/38203] INFO  handler.ContextHandler (ContextHandler.java:doStart(915)) - Started o.e.j.s.ServletContextHandler@6092afee{logs,/logs,file:///home/runner/work/ozone/ozone/hadoop-ozone/integration-test/target/log,AVAILABLE}
2021-09-05 02:14:45,174 [Listener at 127.0.0.1/38203] INFO  handler.ContextHandler (ContextHandler.java:doStart(915)) - Started o.e.j.s.ServletContextHandler@35f2a328{static,/static,file:///home/runner/work/ozone/ozone/hadoop-ozone/integration-test/target/test-classes/webapps/static,AVAILABLE}
2021-09-05 02:14:45,177 [Listener at 127.0.0.1/38203] INFO  handler.ContextHandler (ContextHandler.java:doStart(915)) - Started o.e.j.w.WebAppContext@5e817ba3{ozoneManager,/,file:///home/runner/work/ozone/ozone/hadoop-ozone/integration-test/target/test-classes/webapps/ozoneManager/,AVAILABLE}{file:/home/runner/work/ozone/ozone/hadoop-ozone/integration-test/target/test-classes/webapps/ozoneManager}
2021-09-05 02:14:45,178 [Listener at 127.0.0.1/38203] INFO  server.AbstractConnector (AbstractConnector.java:doStart(331)) - Started ServerConnector@5d762581{HTTP/1.1, (http/1.1)}{0.0.0.0:46051}
2021-09-05 02:14:45,178 [Listener at 127.0.0.1/38203] INFO  server.Server (Server.java:doStart(415)) - Started @6156ms
2021-09-05 02:14:45,178 [Listener at 127.0.0.1/38203] WARN  impl.MetricsSystemImpl (MetricsSystemImpl.java:register(279)) - Sink prometheus already exists!
2021-09-05 02:14:45,182 [Listener at 127.0.0.1/38203] INFO  http.BaseHttpServer (BaseHttpServer.java:updateConnectorAddress(329)) - HTTP server of ozoneManager listening at http://0.0.0.0:46051
2021-09-05 02:14:45,192 [IPC Server Responder] INFO  ipc.Server (Server.java:run(1507)) - IPC Server Responder: starting
2021-09-05 02:14:45,192 [IPC Server listener on 0] INFO  ipc.Server (Server.java:run(1344)) - IPC Server listener on 0: starting
2021-09-05 02:14:45,200 [Listener at 127.0.0.1/38203] INFO  om.OzoneManager (OzoneManager.java:startTrashEmptier(1531)) - Trash Interval set to 0. Files deleted will not move to trash
2021-09-05 02:14:45,205 [org.apache.hadoop.util.JvmPauseMonitor$Monitor@1a70ae9a] INFO  util.JvmPauseMonitor (JvmPauseMonitor.java:run(188)) - Starting JVM pause monitor
2021-09-05 02:14:45,350 [Listener at 127.0.0.1/38203] WARN  impl.MetricRegistriesImpl (MetricRegistriesImpl.java:addReporterRegistration(111)) - New reporters are added after registries were created. Some metrics will be missing from the reporter. Please add reporter before adding any new registry.
2021-09-05 02:14:45,351 [Listener at 127.0.0.1/38203] WARN  impl.MetricRegistriesImpl (MetricRegistriesImpl.java:addReporterRegistration(111)) - New reporters are added after registries were created. Some metrics will be missing from the reporter. Please add reporter before adding any new registry.
2021-09-05 02:14:45,351 [Listener at 127.0.0.1/38203] INFO  impl.MetricsSystemImpl (MetricsSystemImpl.java:init(158)) - HddsDatanode metrics system started (again)
2021-09-05 02:14:45,370 [Listener at 127.0.0.1/38203] INFO  ozone.HddsDatanodeService (HddsDatanodeService.java:start(234)) - HddsDatanodeService host:fv-az151-757.yf2hydr00wburbhx3j5hxtcipe.bx.internal.cloudapp.net ip:10.1.0.22
2021-09-05 02:14:45,407 [Listener at 127.0.0.1/38203] INFO  upgrade.AbstractLayoutVersionManager (AbstractLayoutVersionManager.java:init(70)) - Initializing Layout version manager with metadata layout = SCM_HA (version = 2), software layout = SCM_HA (version = 2)
2021-09-05 02:14:45,448 [Listener at 127.0.0.1/38203] INFO  reflections.Reflections (Reflections.java:scan(232)) - Reflections took 40 ms to scan 7 urls, producing 120 keys and 275 values 
2021-09-05 02:14:45,500 [Listener at 127.0.0.1/38203] INFO  volume.HddsVolume (HddsVolume.java:<init>(120)) - Creating HddsVolume: /home/runner/work/ozone/ozone/hadoop-ozone/integration-test/target/test-dir/MiniOzoneClusterImpl-b9dfe4fd-d142-4c87-b19c-e6304396dee2/datanode-0/data-0/containers/hdds of storage type : DISK capacity : 9223372036854775807
2021-09-05 02:14:45,501 [Listener at 127.0.0.1/38203] INFO  volume.MutableVolumeSet (MutableVolumeSet.java:initializeVolumeSet(181)) - Added Volume : /home/runner/work/ozone/ozone/hadoop-ozone/integration-test/target/test-dir/MiniOzoneClusterImpl-b9dfe4fd-d142-4c87-b19c-e6304396dee2/datanode-0/data-0/containers/hdds to VolumeSet
2021-09-05 02:14:45,502 [Listener at 127.0.0.1/38203] INFO  volume.ThrottledAsyncChecker (ThrottledAsyncChecker.java:schedule(141)) - Scheduling a check for /home/runner/work/ozone/ozone/hadoop-ozone/integration-test/target/test-dir/MiniOzoneClusterImpl-b9dfe4fd-d142-4c87-b19c-e6304396dee2/datanode-0/data-0/containers/hdds
2021-09-05 02:14:45,522 [Listener at 127.0.0.1/38203] INFO  volume.StorageVolumeChecker (StorageVolumeChecker.java:checkAllVolumes(202)) - Scheduled health check for volume /home/runner/work/ozone/ozone/hadoop-ozone/integration-test/target/test-dir/MiniOzoneClusterImpl-b9dfe4fd-d142-4c87-b19c-e6304396dee2/datanode-0/data-0/containers/hdds
2021-09-05 02:14:45,544 [Listener at 127.0.0.1/38203] INFO  volume.MutableVolumeSet (MutableVolumeSet.java:initializeVolumeSet(181)) - Added Volume : /home/runner/work/ozone/ozone/hadoop-ozone/integration-test/target/test-dir/MiniOzoneClusterImpl-b9dfe4fd-d142-4c87-b19c-e6304396dee2/datanode-0/data/ratis to VolumeSet
2021-09-05 02:14:45,544 [Listener at 127.0.0.1/38203] INFO  volume.ThrottledAsyncChecker (ThrottledAsyncChecker.java:schedule(141)) - Scheduling a check for /home/runner/work/ozone/ozone/hadoop-ozone/integration-test/target/test-dir/MiniOzoneClusterImpl-b9dfe4fd-d142-4c87-b19c-e6304396dee2/datanode-0/data/ratis
2021-09-05 02:14:45,545 [Listener at 127.0.0.1/38203] INFO  volume.StorageVolumeChecker (StorageVolumeChecker.java:checkAllVolumes(202)) - Scheduled health check for volume /home/runner/work/ozone/ozone/hadoop-ozone/integration-test/target/test-dir/MiniOzoneClusterImpl-b9dfe4fd-d142-4c87-b19c-e6304396dee2/datanode-0/data/ratis
2021-09-05 02:14:45,564 [Listener at 127.0.0.1/38203] INFO  ozoneimpl.ContainerReader (ContainerReader.java:<init>(98)) - Running in upgrade mode:true
2021-09-05 02:14:45,571 [Thread-130] INFO  ozoneimpl.ContainerReader (ContainerReader.java:readVolume(142)) - Start to verify containers on volume /home/runner/work/ozone/ozone/hadoop-ozone/integration-test/target/test-dir/MiniOzoneClusterImpl-b9dfe4fd-d142-4c87-b19c-e6304396dee2/datanode-0/data-0/containers/hdds
2021-09-05 02:14:45,571 [Thread-130] INFO  ozoneimpl.ContainerReader (ContainerReader.java:readVolume(174)) - Finish verifying containers on volume /home/runner/work/ozone/ozone/hadoop-ozone/integration-test/target/test-dir/MiniOzoneClusterImpl-b9dfe4fd-d142-4c87-b19c-e6304396dee2/datanode-0/data-0/containers/hdds
2021-09-05 02:14:45,571 [Listener at 127.0.0.1/38203] INFO  ozoneimpl.OzoneContainer (OzoneContainer.java:buildContainerSet(237)) - Build ContainerSet costs 0s
2021-09-05 02:14:45,635 [Listener at 127.0.0.1/38203] INFO  server.RaftServer (ConfUtils.java:logGet(44)) - raft.rpc.type = GRPC (default)
2021-09-05 02:14:45,635 [Listener at 127.0.0.1/38203] INFO  grpc.GrpcFactory (GrpcFactory.java:checkPooledByteBufAllocatorUseCacheForAllThreads(48)) - PERFORMANCE WARNING: useCacheForAllThreads is true that may cause Netty to create a lot garbage objects and, as a result, trigger GC.
	It is recommended to disable useCacheForAllThreads by setting -Dorg.apache.ratis.thirdparty.io.netty.allocator.useCacheForAllThreads=false in command line.
2021-09-05 02:14:45,635 [Listener at 127.0.0.1/38203] INFO  grpc.GrpcConfigKeys (ConfUtils.java:logGet(44)) - raft.grpc.admin.port = 0 (custom)
2021-09-05 02:14:45,636 [Listener at 127.0.0.1/38203] INFO  grpc.GrpcConfigKeys (ConfUtils.java:logGet(44)) - raft.grpc.client.port = 0 (custom)
2021-09-05 02:14:45,636 [Listener at 127.0.0.1/38203] INFO  grpc.GrpcConfigKeys (ConfUtils.java:logGet(44)) - raft.grpc.server.port = 0 (default)
2021-09-05 02:14:45,636 [Listener at 127.0.0.1/38203] INFO  server.GrpcService (ConfUtils.java:logGet(44)) - raft.grpc.message.size.max = 32MB (=33554432) (custom)
2021-09-05 02:14:45,636 [Listener at 127.0.0.1/38203] INFO  server.RaftServerConfigKeys (ConfUtils.java:logGet(44)) - raft.server.log.appender.buffer.byte-limit = 33554432 (custom)
2021-09-05 02:14:45,636 [Listener at 127.0.0.1/38203] INFO  server.GrpcService (ConfUtils.java:logGet(44)) - raft.grpc.flow.control.window = 5MB (=5242880) (custom)
2021-09-05 02:14:45,636 [Listener at 127.0.0.1/38203] INFO  server.RaftServerConfigKeys (ConfUtils.java:logGet(44)) - raft.server.rpc.request.timeout = 60s (custom)
2021-09-05 02:14:45,638 [Listener at 127.0.0.1/38203] INFO  impl.DataStreamServerImpl (ConfUtils.java:logGet(44)) - raft.datastream.type = DISABLED (default)
2021-09-05 02:14:45,638 [Listener at 127.0.0.1/38203] INFO  server.RaftServerConfigKeys (ConfUtils.java:logGet(44)) - raft.server.rpc.slowness.timeout = 300s (custom)
2021-09-05 02:14:45,638 [Listener at 127.0.0.1/38203] INFO  server.RaftServerConfigKeys (ConfUtils.java:logGet(44)) - raft.server.leaderelection.leader.step-down.wait-time = 10s (default)
2021-09-05 02:14:45,639 [Listener at 127.0.0.1/38203] INFO  server.RaftServerConfigKeys (ConfUtils.java:logGet(44)) - raft.server.storage.dir = [/home/runner/work/ozone/ozone/hadoop-ozone/integration-test/target/test-dir/MiniOzoneClusterImpl-b9dfe4fd-d142-4c87-b19c-e6304396dee2/datanode-0/data/ratis] (custom)
2021-09-05 02:14:45,695 [Listener at 127.0.0.1/38203] INFO  http.BaseHttpServer (BaseHttpServer.java:newHttpServer2BuilderForOzone(209)) - Starting Web-server for hddsDatanode at: http://0.0.0.0:0
2021-09-05 02:14:45,695 [Listener at 127.0.0.1/38203] INFO  http.BaseHttpServer (BaseHttpServer.java:<init>(107)) - Hadoop Security Enabled: false Ozone Security Enabled: false Ozone HTTP Security Enabled: false 
2021-09-05 02:14:45,697 [Listener at 127.0.0.1/38203] INFO  server.AuthenticationFilter (AuthenticationFilter.java:constructSecretProvider(240)) - Unable to initialize FileSignerSecretProvider, falling back to use random secrets.
2021-09-05 02:14:45,698 [Listener at 127.0.0.1/38203] WARN  http.HttpRequestLog (HttpRequestLog.java:getRequestLog(103)) - Jetty request log can only be enabled using Log4j
2021-09-05 02:14:45,698 [Listener at 127.0.0.1/38203] INFO  http.HttpServer2 (HttpServer2.java:addGlobalFilter(1030)) - Added global filter 'safety' (class=org.apache.hadoop.hdds.server.http.HttpServer2$QuotingInputFilter)
2021-09-05 02:14:45,699 [Listener at 127.0.0.1/38203] INFO  http.HttpServer2 (HttpServer2.java:addFilter(1006)) - Added filter static_user_filter (class=org.apache.hadoop.http.lib.StaticUserWebFilter$StaticUserFilter) to context hddsDatanode
2021-09-05 02:14:45,699 [Listener at 127.0.0.1/38203] INFO  http.HttpServer2 (HttpServer2.java:addFilter(1014)) - Added filter static_user_filter (class=org.apache.hadoop.http.lib.StaticUserWebFilter$StaticUserFilter) to context static
2021-09-05 02:14:45,699 [Listener at 127.0.0.1/38203] INFO  http.HttpServer2 (HttpServer2.java:addFilter(1014)) - Added filter static_user_filter (class=org.apache.hadoop.http.lib.StaticUserWebFilter$StaticUserFilter) to context logs
2021-09-05 02:14:45,700 [Listener at 127.0.0.1/38203] INFO  http.HttpServer2 (HttpServer2.java:bindListener(1249)) - Jetty bound to port 33381
2021-09-05 02:14:45,700 [Listener at 127.0.0.1/38203] INFO  server.Server (Server.java:doStart(375)) - jetty-9.4.43.v20210629; built: 2021-06-30T11:07:22.254Z; git: 526006ecfa3af7f1a27ef3a288e2bef7ea9dd7e8; jvm 1.8.0_292-b10
2021-09-05 02:14:45,730 [Listener at 127.0.0.1/38203] INFO  server.session (DefaultSessionIdManager.java:doStart(334)) - DefaultSessionIdManager workerName=node0
2021-09-05 02:14:45,730 [Listener at 127.0.0.1/38203] INFO  server.session (DefaultSessionIdManager.java:doStart(339)) - No SessionScavenger set, using defaults
2021-09-05 02:14:45,730 [Listener at 127.0.0.1/38203] INFO  server.session (HouseKeeper.java:startScavenging(132)) - node0 Scavenging every 660000ms
2021-09-05 02:14:45,734 [Listener at 127.0.0.1/38203] INFO  handler.ContextHandler (ContextHandler.java:doStart(915)) - Started o.e.j.s.ServletContextHandler@5cd3de47{logs,/logs,file:///home/runner/work/ozone/ozone/hadoop-ozone/integration-test/target/log,AVAILABLE}
2021-09-05 02:14:45,734 [Listener at 127.0.0.1/38203] INFO  handler.ContextHandler (ContextHandler.java:doStart(915)) - Started o.e.j.s.ServletContextHandler@17c4c964{static,/static,jar:file:/home/runner/.m2/repository/org/apache/ozone/hdds-container-service/1.2.0-SNAPSHOT/hdds-container-service-1.2.0-SNAPSHOT.jar!/webapps/static,AVAILABLE}
2021-09-05 02:14:45,782 [Listener at 127.0.0.1/38203] INFO  handler.ContextHandler (ContextHandler.java:doStart(915)) - Started o.e.j.w.WebAppContext@1c693fcf{hddsDatanode,/,file:///tmp/jetty-0_0_0_0-33381-hdds-container-service-1_2_0-SNAPSHOT_jar-_-any-3160485919933094697/webapp/,AVAILABLE}{jar:file:/home/runner/.m2/repository/org/apache/ozone/hdds-container-service/1.2.0-SNAPSHOT/hdds-container-service-1.2.0-SNAPSHOT.jar!/webapps/hddsDatanode}
2021-09-05 02:14:45,783 [Listener at 127.0.0.1/38203] INFO  server.AbstractConnector (AbstractConnector.java:doStart(331)) - Started ServerConnector@3f48a7d6{HTTP/1.1, (http/1.1)}{0.0.0.0:33381}
2021-09-05 02:14:45,783 [Listener at 127.0.0.1/38203] INFO  server.Server (Server.java:doStart(415)) - Started @6761ms
2021-09-05 02:14:45,783 [Listener at 127.0.0.1/38203] WARN  impl.MetricsSystemImpl (MetricsSystemImpl.java:register(279)) - Sink prometheus already exists!
2021-09-05 02:14:45,784 [Listener at 127.0.0.1/38203] INFO  http.BaseHttpServer (BaseHttpServer.java:updateConnectorAddress(329)) - HTTP server of hddsDatanode listening at http://0.0.0.0:33381
2021-09-05 02:14:45,794 [Listener at 127.0.0.1/38203] WARN  impl.MetricRegistriesImpl (MetricRegistriesImpl.java:addReporterRegistration(111)) - New reporters are added after registries were created. Some metrics will be missing from the reporter. Please add reporter before adding any new registry.
2021-09-05 02:14:45,794 [Listener at 127.0.0.1/38203] WARN  impl.MetricRegistriesImpl (MetricRegistriesImpl.java:addReporterRegistration(111)) - New reporters are added after registries were created. Some metrics will be missing from the reporter. Please add reporter before adding any new registry.
2021-09-05 02:14:45,794 [Listener at 127.0.0.1/38203] INFO  impl.MetricsSystemImpl (MetricsSystemImpl.java:init(158)) - HddsDatanode metrics system started (again)
2021-09-05 02:14:45,826 [Listener at 127.0.0.1/38203] INFO  ozone.HddsDatanodeService (HddsDatanodeService.java:start(234)) - HddsDatanodeService host:fv-az151-757.yf2hydr00wburbhx3j5hxtcipe.bx.internal.cloudapp.net ip:10.1.0.22
2021-09-05 02:14:45,838 [org.apache.hadoop.util.JvmPauseMonitor$Monitor@457dcb9c] INFO  util.JvmPauseMonitor (JvmPauseMonitor.java:run(188)) - Starting JVM pause monitor
2021-09-05 02:14:45,875 [Listener at 127.0.0.1/38203] INFO  upgrade.AbstractLayoutVersionManager (AbstractLayoutVersionManager.java:init(70)) - Initializing Layout version manager with metadata layout = SCM_HA (version = 2), software layout = SCM_HA (version = 2)
2021-09-05 02:14:45,974 [Listener at 127.0.0.1/38203] INFO  reflections.Reflections (Reflections.java:scan(232)) - Reflections took 98 ms to scan 7 urls, producing 120 keys and 275 values 
2021-09-05 02:14:45,988 [Listener at 127.0.0.1/38203] INFO  volume.HddsVolume (HddsVolume.java:<init>(120)) - Creating HddsVolume: /home/runner/work/ozone/ozone/hadoop-ozone/integration-test/target/test-dir/MiniOzoneClusterImpl-b9dfe4fd-d142-4c87-b19c-e6304396dee2/datanode-1/data-0/containers/hdds of storage type : DISK capacity : 9223372036854775807
2021-09-05 02:14:45,989 [Listener at 127.0.0.1/38203] INFO  volume.MutableVolumeSet (MutableVolumeSet.java:initializeVolumeSet(181)) - Added Volume : /home/runner/work/ozone/ozone/hadoop-ozone/integration-test/target/test-dir/MiniOzoneClusterImpl-b9dfe4fd-d142-4c87-b19c-e6304396dee2/datanode-1/data-0/containers/hdds to VolumeSet
2021-09-05 02:14:45,989 [Listener at 127.0.0.1/38203] INFO  volume.ThrottledAsyncChecker (ThrottledAsyncChecker.java:schedule(141)) - Scheduling a check for /home/runner/work/ozone/ozone/hadoop-ozone/integration-test/target/test-dir/MiniOzoneClusterImpl-b9dfe4fd-d142-4c87-b19c-e6304396dee2/datanode-1/data-0/containers/hdds
2021-09-05 02:14:45,991 [Datanode State Machine Task Thread - 0] INFO  datanode.InitDatanodeState (InitDatanodeState.java:persistContainerDatanodeDetails(145)) - DatanodeDetails is persisted to /home/runner/work/ozone/ozone/hadoop-ozone/integration-test/target/test-dir/MiniOzoneClusterImpl-b9dfe4fd-d142-4c87-b19c-e6304396dee2/datanode-0/meta/datanode.id
2021-09-05 02:14:45,992 [Listener at 127.0.0.1/38203] INFO  volume.StorageVolumeChecker (StorageVolumeChecker.java:checkAllVolumes(202)) - Scheduled health check for volume /home/runner/work/ozone/ozone/hadoop-ozone/integration-test/target/test-dir/MiniOzoneClusterImpl-b9dfe4fd-d142-4c87-b19c-e6304396dee2/datanode-1/data-0/containers/hdds
2021-09-05 02:14:46,004 [Listener at 127.0.0.1/38203] INFO  volume.MutableVolumeSet (MutableVolumeSet.java:initializeVolumeSet(181)) - Added Volume : /home/runner/work/ozone/ozone/hadoop-ozone/integration-test/target/test-dir/MiniOzoneClusterImpl-b9dfe4fd-d142-4c87-b19c-e6304396dee2/datanode-1/data/ratis to VolumeSet
2021-09-05 02:14:46,004 [Listener at 127.0.0.1/38203] INFO  volume.ThrottledAsyncChecker (ThrottledAsyncChecker.java:schedule(141)) - Scheduling a check for /home/runner/work/ozone/ozone/hadoop-ozone/integration-test/target/test-dir/MiniOzoneClusterImpl-b9dfe4fd-d142-4c87-b19c-e6304396dee2/datanode-1/data/ratis
2021-09-05 02:14:46,005 [Listener at 127.0.0.1/38203] INFO  volume.StorageVolumeChecker (StorageVolumeChecker.java:checkAllVolumes(202)) - Scheduled health check for volume /home/runner/work/ozone/ozone/hadoop-ozone/integration-test/target/test-dir/MiniOzoneClusterImpl-b9dfe4fd-d142-4c87-b19c-e6304396dee2/datanode-1/data/ratis
2021-09-05 02:14:46,016 [Listener at 127.0.0.1/38203] INFO  ozoneimpl.ContainerReader (ContainerReader.java:<init>(98)) - Running in upgrade mode:true
2021-09-05 02:14:46,018 [Thread-142] INFO  ozoneimpl.ContainerReader (ContainerReader.java:readVolume(142)) - Start to verify containers on volume /home/runner/work/ozone/ozone/hadoop-ozone/integration-test/target/test-dir/MiniOzoneClusterImpl-b9dfe4fd-d142-4c87-b19c-e6304396dee2/datanode-1/data-0/containers/hdds
2021-09-05 02:14:46,018 [Thread-142] INFO  ozoneimpl.ContainerReader (ContainerReader.java:readVolume(174)) - Finish verifying containers on volume /home/runner/work/ozone/ozone/hadoop-ozone/integration-test/target/test-dir/MiniOzoneClusterImpl-b9dfe4fd-d142-4c87-b19c-e6304396dee2/datanode-1/data-0/containers/hdds
2021-09-05 02:14:46,018 [Listener at 127.0.0.1/38203] INFO  ozoneimpl.OzoneContainer (OzoneContainer.java:buildContainerSet(237)) - Build ContainerSet costs 0s
2021-09-05 02:14:46,021 [Listener at 127.0.0.1/38203] INFO  server.RaftServer (ConfUtils.java:logGet(44)) - raft.rpc.type = GRPC (default)
2021-09-05 02:14:46,021 [Listener at 127.0.0.1/38203] INFO  grpc.GrpcFactory (GrpcFactory.java:checkPooledByteBufAllocatorUseCacheForAllThreads(48)) - PERFORMANCE WARNING: useCacheForAllThreads is true that may cause Netty to create a lot garbage objects and, as a result, trigger GC.
	It is recommended to disable useCacheForAllThreads by setting -Dorg.apache.ratis.thirdparty.io.netty.allocator.useCacheForAllThreads=false in command line.
2021-09-05 02:14:46,021 [Listener at 127.0.0.1/38203] INFO  grpc.GrpcConfigKeys (ConfUtils.java:logGet(44)) - raft.grpc.admin.port = 0 (custom)
2021-09-05 02:14:46,022 [Listener at 127.0.0.1/38203] INFO  grpc.GrpcConfigKeys (ConfUtils.java:logGet(44)) - raft.grpc.client.port = 0 (custom)
2021-09-05 02:14:46,022 [Listener at 127.0.0.1/38203] INFO  grpc.GrpcConfigKeys (ConfUtils.java:logGet(44)) - raft.grpc.server.port = 0 (default)
2021-09-05 02:14:46,022 [Listener at 127.0.0.1/38203] INFO  server.GrpcService (ConfUtils.java:logGet(44)) - raft.grpc.message.size.max = 32MB (=33554432) (custom)
2021-09-05 02:14:46,022 [Listener at 127.0.0.1/38203] INFO  server.RaftServerConfigKeys (ConfUtils.java:logGet(44)) - raft.server.log.appender.buffer.byte-limit = 33554432 (custom)
2021-09-05 02:14:46,022 [Listener at 127.0.0.1/38203] INFO  server.GrpcService (ConfUtils.java:logGet(44)) - raft.grpc.flow.control.window = 5MB (=5242880) (custom)
2021-09-05 02:14:46,022 [Listener at 127.0.0.1/38203] INFO  server.RaftServerConfigKeys (ConfUtils.java:logGet(44)) - raft.server.rpc.request.timeout = 60s (custom)
2021-09-05 02:14:46,023 [Listener at 127.0.0.1/38203] INFO  impl.DataStreamServerImpl (ConfUtils.java:logGet(44)) - raft.datastream.type = DISABLED (default)
2021-09-05 02:14:46,024 [Listener at 127.0.0.1/38203] INFO  server.RaftServerConfigKeys (ConfUtils.java:logGet(44)) - raft.server.rpc.slowness.timeout = 300s (custom)
2021-09-05 02:14:46,024 [Listener at 127.0.0.1/38203] INFO  server.RaftServerConfigKeys (ConfUtils.java:logGet(44)) - raft.server.leaderelection.leader.step-down.wait-time = 10s (default)
2021-09-05 02:14:46,024 [Listener at 127.0.0.1/38203] INFO  server.RaftServerConfigKeys (ConfUtils.java:logGet(44)) - raft.server.storage.dir = [/home/runner/work/ozone/ozone/hadoop-ozone/integration-test/target/test-dir/MiniOzoneClusterImpl-b9dfe4fd-d142-4c87-b19c-e6304396dee2/datanode-1/data/ratis] (custom)
2021-09-05 02:14:46,028 [Listener at 127.0.0.1/38203] INFO  http.BaseHttpServer (BaseHttpServer.java:newHttpServer2BuilderForOzone(209)) - Starting Web-server for hddsDatanode at: http://0.0.0.0:0
2021-09-05 02:14:46,028 [Listener at 127.0.0.1/38203] INFO  http.BaseHttpServer (BaseHttpServer.java:<init>(107)) - Hadoop Security Enabled: false Ozone Security Enabled: false Ozone HTTP Security Enabled: false 
2021-09-05 02:14:46,029 [Listener at 127.0.0.1/38203] INFO  server.AuthenticationFilter (AuthenticationFilter.java:constructSecretProvider(240)) - Unable to initialize FileSignerSecretProvider, falling back to use random secrets.
2021-09-05 02:14:46,029 [Listener at 127.0.0.1/38203] WARN  http.HttpRequestLog (HttpRequestLog.java:getRequestLog(103)) - Jetty request log can only be enabled using Log4j
2021-09-05 02:14:46,030 [Listener at 127.0.0.1/38203] INFO  http.HttpServer2 (HttpServer2.java:addGlobalFilter(1030)) - Added global filter 'safety' (class=org.apache.hadoop.hdds.server.http.HttpServer2$QuotingInputFilter)
2021-09-05 02:14:46,031 [Listener at 127.0.0.1/38203] INFO  http.HttpServer2 (HttpServer2.java:addFilter(1006)) - Added filter static_user_filter (class=org.apache.hadoop.http.lib.StaticUserWebFilter$StaticUserFilter) to context hddsDatanode
2021-09-05 02:14:46,031 [Listener at 127.0.0.1/38203] INFO  http.HttpServer2 (HttpServer2.java:addFilter(1014)) - Added filter static_user_filter (class=org.apache.hadoop.http.lib.StaticUserWebFilter$StaticUserFilter) to context logs
2021-09-05 02:14:46,031 [Listener at 127.0.0.1/38203] INFO  http.HttpServer2 (HttpServer2.java:addFilter(1014)) - Added filter static_user_filter (class=org.apache.hadoop.http.lib.StaticUserWebFilter$StaticUserFilter) to context static
2021-09-05 02:14:46,031 [Listener at 127.0.0.1/38203] INFO  http.HttpServer2 (HttpServer2.java:bindListener(1249)) - Jetty bound to port 40157
2021-09-05 02:14:46,032 [Listener at 127.0.0.1/38203] INFO  server.Server (Server.java:doStart(375)) - jetty-9.4.43.v20210629; built: 2021-06-30T11:07:22.254Z; git: 526006ecfa3af7f1a27ef3a288e2bef7ea9dd7e8; jvm 1.8.0_292-b10
2021-09-05 02:14:46,034 [Listener at 127.0.0.1/38203] INFO  server.session (DefaultSessionIdManager.java:doStart(334)) - DefaultSessionIdManager workerName=node0
2021-09-05 02:14:46,034 [Listener at 127.0.0.1/38203] INFO  server.session (DefaultSessionIdManager.java:doStart(339)) - No SessionScavenger set, using defaults
2021-09-05 02:14:46,034 [Listener at 127.0.0.1/38203] INFO  server.session (HouseKeeper.java:startScavenging(132)) - node0 Scavenging every 660000ms
2021-09-05 02:14:46,035 [Listener at 127.0.0.1/38203] INFO  handler.ContextHandler (ContextHandler.java:doStart(915)) - Started o.e.j.s.ServletContextHandler@c0aa0e9{logs,/logs,file:///home/runner/work/ozone/ozone/hadoop-ozone/integration-test/target/log,AVAILABLE}
2021-09-05 02:14:46,036 [Listener at 127.0.0.1/38203] INFO  handler.ContextHandler (ContextHandler.java:doStart(915)) - Started o.e.j.s.ServletContextHandler@62dde5a4{static,/static,jar:file:/home/runner/.m2/repository/org/apache/ozone/hdds-container-service/1.2.0-SNAPSHOT/hdds-container-service-1.2.0-SNAPSHOT.jar!/webapps/static,AVAILABLE}
2021-09-05 02:14:46,040 [ReplicationMonitor] INFO  container.ReplicationManager (ReplicationManager.java:processAll(359)) - Replication Monitor Thread took 0 milliseconds for processing 0 containers.
2021-09-05 02:14:46,075 [Listener at 127.0.0.1/38203] INFO  handler.ContextHandler (ContextHandler.java:doStart(915)) - Started o.e.j.w.WebAppContext@6fcce3f1{hddsDatanode,/,file:///tmp/jetty-0_0_0_0-40157-hdds-container-service-1_2_0-SNAPSHOT_jar-_-any-6502333491130727168/webapp/,AVAILABLE}{jar:file:/home/runner/.m2/repository/org/apache/ozone/hdds-container-service/1.2.0-SNAPSHOT/hdds-container-service-1.2.0-SNAPSHOT.jar!/webapps/hddsDatanode}
2021-09-05 02:14:46,077 [Listener at 127.0.0.1/38203] INFO  server.AbstractConnector (AbstractConnector.java:doStart(331)) - Started ServerConnector@77e6b89a{HTTP/1.1, (http/1.1)}{0.0.0.0:40157}
2021-09-05 02:14:46,077 [Listener at 127.0.0.1/38203] INFO  server.Server (Server.java:doStart(415)) - Started @7055ms
2021-09-05 02:14:46,077 [Listener at 127.0.0.1/38203] WARN  impl.MetricsSystemImpl (MetricsSystemImpl.java:register(279)) - Sink prometheus already exists!
2021-09-05 02:14:46,077 [Listener at 127.0.0.1/38203] INFO  http.BaseHttpServer (BaseHttpServer.java:updateConnectorAddress(329)) - HTTP server of hddsDatanode listening at http://0.0.0.0:40157
2021-09-05 02:14:46,079 [Listener at 127.0.0.1/38203] WARN  impl.MetricRegistriesImpl (MetricRegistriesImpl.java:addReporterRegistration(111)) - New reporters are added after registries were created. Some metrics will be missing from the reporter. Please add reporter before adding any new registry.
2021-09-05 02:14:46,079 [Listener at 127.0.0.1/38203] WARN  impl.MetricRegistriesImpl (MetricRegistriesImpl.java:addReporterRegistration(111)) - New reporters are added after registries were created. Some metrics will be missing from the reporter. Please add reporter before adding any new registry.
2021-09-05 02:14:46,079 [Listener at 127.0.0.1/38203] INFO  impl.MetricsSystemImpl (MetricsSystemImpl.java:init(158)) - HddsDatanode metrics system started (again)
2021-09-05 02:14:46,091 [Listener at 127.0.0.1/38203] INFO  ozone.HddsDatanodeService (HddsDatanodeService.java:start(234)) - HddsDatanodeService host:fv-az151-757.yf2hydr00wburbhx3j5hxtcipe.bx.internal.cloudapp.net ip:10.1.0.22
2021-09-05 02:14:46,114 [org.apache.hadoop.util.JvmPauseMonitor$Monitor@494bf1c3] INFO  util.JvmPauseMonitor (JvmPauseMonitor.java:run(188)) - Starting JVM pause monitor
2021-09-05 02:14:46,121 [Datanode State Machine Task Thread - 0] INFO  datanode.InitDatanodeState (InitDatanodeState.java:persistContainerDatanodeDetails(145)) - DatanodeDetails is persisted to /home/runner/work/ozone/ozone/hadoop-ozone/integration-test/target/test-dir/MiniOzoneClusterImpl-b9dfe4fd-d142-4c87-b19c-e6304396dee2/datanode-1/meta/datanode.id
2021-09-05 02:14:46,130 [Listener at 127.0.0.1/38203] INFO  upgrade.AbstractLayoutVersionManager (AbstractLayoutVersionManager.java:init(70)) - Initializing Layout version manager with metadata layout = SCM_HA (version = 2), software layout = SCM_HA (version = 2)
2021-09-05 02:14:46,150 [om1@group-C5BA1605619E-FollowerState] INFO  impl.FollowerState (FollowerState.java:run(134)) - om1@group-C5BA1605619E-FollowerState: change to CANDIDATE, lastRpcElapsedTime:1109703251ns, electionTimeout:1086ms
2021-09-05 02:14:46,150 [om1@group-C5BA1605619E-FollowerState] INFO  impl.RoleInfo (RoleInfo.java:shutdownFollowerState(108)) - om1: shutdown om1@group-C5BA1605619E-FollowerState
2021-09-05 02:14:46,151 [om1@group-C5BA1605619E-FollowerState] INFO  server.RaftServer$Division (RaftServerImpl.java:setRole(285)) - om1@group-C5BA1605619E: changes role from  FOLLOWER to CANDIDATE at term 0 for changeToCandidate
2021-09-05 02:14:46,296 [om1@group-C5BA1605619E-FollowerState] INFO  server.RaftServerConfigKeys (ConfUtils.java:logGet(44)) - raft.server.leaderelection.pre-vote = false (custom)
2021-09-05 02:14:46,296 [om1@group-C5BA1605619E-FollowerState] INFO  impl.RoleInfo (RoleInfo.java:updateAndGet(130)) - om1: start om1@group-C5BA1605619E-LeaderElection1
2021-09-05 02:14:46,303 [Listener at 127.0.0.1/38203] INFO  reflections.Reflections (Reflections.java:scan(232)) - Reflections took 172 ms to scan 7 urls, producing 120 keys and 275 values 
2021-09-05 02:14:46,323 [Listener at 127.0.0.1/38203] INFO  volume.HddsVolume (HddsVolume.java:<init>(120)) - Creating HddsVolume: /home/runner/work/ozone/ozone/hadoop-ozone/integration-test/target/test-dir/MiniOzoneClusterImpl-b9dfe4fd-d142-4c87-b19c-e6304396dee2/datanode-2/data-0/containers/hdds of storage type : DISK capacity : 9223372036854775807
2021-09-05 02:14:46,323 [Listener at 127.0.0.1/38203] INFO  volume.MutableVolumeSet (MutableVolumeSet.java:initializeVolumeSet(181)) - Added Volume : /home/runner/work/ozone/ozone/hadoop-ozone/integration-test/target/test-dir/MiniOzoneClusterImpl-b9dfe4fd-d142-4c87-b19c-e6304396dee2/datanode-2/data-0/containers/hdds to VolumeSet
2021-09-05 02:14:46,323 [Listener at 127.0.0.1/38203] INFO  volume.ThrottledAsyncChecker (ThrottledAsyncChecker.java:schedule(141)) - Scheduling a check for /home/runner/work/ozone/ozone/hadoop-ozone/integration-test/target/test-dir/MiniOzoneClusterImpl-b9dfe4fd-d142-4c87-b19c-e6304396dee2/datanode-2/data-0/containers/hdds
2021-09-05 02:14:46,327 [Listener at 127.0.0.1/38203] INFO  volume.StorageVolumeChecker (StorageVolumeChecker.java:checkAllVolumes(202)) - Scheduled health check for volume /home/runner/work/ozone/ozone/hadoop-ozone/integration-test/target/test-dir/MiniOzoneClusterImpl-b9dfe4fd-d142-4c87-b19c-e6304396dee2/datanode-2/data-0/containers/hdds
2021-09-05 02:14:46,340 [om1@group-C5BA1605619E-LeaderElection1] INFO  impl.LeaderElection (LeaderElection.java:askForVotes(306)) - om1@group-C5BA1605619E-LeaderElection1 ELECTION round 0: submit vote requests at term 1 for -1: [om1|rpc:localhost:39789|priority:0], old=null
2021-09-05 02:14:46,340 [om1@group-C5BA1605619E-LeaderElection1] INFO  impl.LeaderElection (LeaderElection.java:askForVotes(308)) - om1@group-C5BA1605619E-LeaderElection1 ELECTION round 0: result PASSED (term=1)
2021-09-05 02:14:46,341 [om1@group-C5BA1605619E-LeaderElection1] INFO  impl.RoleInfo (RoleInfo.java:shutdownLeaderElection(121)) - om1: shutdown om1@group-C5BA1605619E-LeaderElection1
2021-09-05 02:14:46,341 [om1@group-C5BA1605619E-LeaderElection1] INFO  server.RaftServer$Division (RaftServerImpl.java:setRole(285)) - om1@group-C5BA1605619E: changes role from CANDIDATE to LEADER at term 1 for changeToLeader
2021-09-05 02:14:46,341 [om1@group-C5BA1605619E-LeaderElection1] INFO  server.RaftServer$Division (ServerState.java:setLeader(285)) - om1@group-C5BA1605619E: change Leader from null to om1 at term 1 for becomeLeader, leader elected after 1403ms
2021-09-05 02:14:46,347 [om1@group-C5BA1605619E-LeaderElection1] INFO  server.RaftServerConfigKeys (ConfUtils.java:logGet(44)) - raft.server.staging.catchup.gap = 1000 (default)
2021-09-05 02:14:46,356 [Listener at 127.0.0.1/38203] INFO  volume.MutableVolumeSet (MutableVolumeSet.java:initializeVolumeSet(181)) - Added Volume : /home/runner/work/ozone/ozone/hadoop-ozone/integration-test/target/test-dir/MiniOzoneClusterImpl-b9dfe4fd-d142-4c87-b19c-e6304396dee2/datanode-2/data/ratis to VolumeSet
2021-09-05 02:14:46,356 [Listener at 127.0.0.1/38203] INFO  volume.ThrottledAsyncChecker (ThrottledAsyncChecker.java:schedule(141)) - Scheduling a check for /home/runner/work/ozone/ozone/hadoop-ozone/integration-test/target/test-dir/MiniOzoneClusterImpl-b9dfe4fd-d142-4c87-b19c-e6304396dee2/datanode-2/data/ratis
2021-09-05 02:14:46,356 [Listener at 127.0.0.1/38203] INFO  volume.StorageVolumeChecker (StorageVolumeChecker.java:checkAllVolumes(202)) - Scheduled health check for volume /home/runner/work/ozone/ozone/hadoop-ozone/integration-test/target/test-dir/MiniOzoneClusterImpl-b9dfe4fd-d142-4c87-b19c-e6304396dee2/datanode-2/data/ratis
2021-09-05 02:14:46,358 [om1@group-C5BA1605619E-LeaderElection1] INFO  server.RaftServerConfigKeys (ConfUtils.java:logGet(44)) - raft.server.write.element-limit = 4096 (default)
2021-09-05 02:14:46,359 [om1@group-C5BA1605619E-LeaderElection1] INFO  server.RaftServerConfigKeys (ConfUtils.java:logGet(44)) - raft.server.write.byte-limit = 64MB (=67108864) (default)
2021-09-05 02:14:46,370 [Listener at 127.0.0.1/38203] INFO  ozoneimpl.ContainerReader (ContainerReader.java:<init>(98)) - Running in upgrade mode:true
2021-09-05 02:14:46,370 [Thread-156] INFO  ozoneimpl.ContainerReader (ContainerReader.java:readVolume(142)) - Start to verify containers on volume /home/runner/work/ozone/ozone/hadoop-ozone/integration-test/target/test-dir/MiniOzoneClusterImpl-b9dfe4fd-d142-4c87-b19c-e6304396dee2/datanode-2/data-0/containers/hdds
2021-09-05 02:14:46,371 [Thread-156] INFO  ozoneimpl.ContainerReader (ContainerReader.java:readVolume(174)) - Finish verifying containers on volume /home/runner/work/ozone/ozone/hadoop-ozone/integration-test/target/test-dir/MiniOzoneClusterImpl-b9dfe4fd-d142-4c87-b19c-e6304396dee2/datanode-2/data-0/containers/hdds
2021-09-05 02:14:46,371 [Listener at 127.0.0.1/38203] INFO  ozoneimpl.OzoneContainer (OzoneContainer.java:buildContainerSet(237)) - Build ContainerSet costs 0s
2021-09-05 02:14:46,373 [Listener at 127.0.0.1/38203] INFO  server.RaftServer (ConfUtils.java:logGet(44)) - raft.rpc.type = GRPC (default)
2021-09-05 02:14:46,374 [Listener at 127.0.0.1/38203] INFO  grpc.GrpcFactory (GrpcFactory.java:checkPooledByteBufAllocatorUseCacheForAllThreads(48)) - PERFORMANCE WARNING: useCacheForAllThreads is true that may cause Netty to create a lot garbage objects and, as a result, trigger GC.
	It is recommended to disable useCacheForAllThreads by setting -Dorg.apache.ratis.thirdparty.io.netty.allocator.useCacheForAllThreads=false in command line.
2021-09-05 02:14:46,374 [Listener at 127.0.0.1/38203] INFO  grpc.GrpcConfigKeys (ConfUtils.java:logGet(44)) - raft.grpc.admin.port = 0 (custom)
2021-09-05 02:14:46,374 [Listener at 127.0.0.1/38203] INFO  grpc.GrpcConfigKeys (ConfUtils.java:logGet(44)) - raft.grpc.client.port = 0 (custom)
2021-09-05 02:14:46,374 [Listener at 127.0.0.1/38203] INFO  grpc.GrpcConfigKeys (ConfUtils.java:logGet(44)) - raft.grpc.server.port = 0 (default)
2021-09-05 02:14:46,374 [Listener at 127.0.0.1/38203] INFO  server.GrpcService (ConfUtils.java:logGet(44)) - raft.grpc.message.size.max = 32MB (=33554432) (custom)
2021-09-05 02:14:46,374 [Listener at 127.0.0.1/38203] INFO  server.RaftServerConfigKeys (ConfUtils.java:logGet(44)) - raft.server.log.appender.buffer.byte-limit = 33554432 (custom)
2021-09-05 02:14:46,374 [Listener at 127.0.0.1/38203] INFO  server.GrpcService (ConfUtils.java:logGet(44)) - raft.grpc.flow.control.window = 5MB (=5242880) (custom)
2021-09-05 02:14:46,374 [Listener at 127.0.0.1/38203] INFO  server.RaftServerConfigKeys (ConfUtils.java:logGet(44)) - raft.server.rpc.request.timeout = 60s (custom)
2021-09-05 02:14:46,375 [Listener at 127.0.0.1/38203] INFO  impl.DataStreamServerImpl (ConfUtils.java:logGet(44)) - raft.datastream.type = DISABLED (default)
2021-09-05 02:14:46,375 [Listener at 127.0.0.1/38203] INFO  server.RaftServerConfigKeys (ConfUtils.java:logGet(44)) - raft.server.rpc.slowness.timeout = 300s (custom)
2021-09-05 02:14:46,375 [Listener at 127.0.0.1/38203] INFO  server.RaftServerConfigKeys (ConfUtils.java:logGet(44)) - raft.server.leaderelection.leader.step-down.wait-time = 10s (default)
2021-09-05 02:14:46,376 [Listener at 127.0.0.1/38203] INFO  server.RaftServerConfigKeys (ConfUtils.java:logGet(44)) - raft.server.storage.dir = [/home/runner/work/ozone/ozone/hadoop-ozone/integration-test/target/test-dir/MiniOzoneClusterImpl-b9dfe4fd-d142-4c87-b19c-e6304396dee2/datanode-2/data/ratis] (custom)
2021-09-05 02:14:46,378 [om1@group-C5BA1605619E-LeaderElection1] INFO  server.RaftServerConfigKeys (ConfUtils.java:logGet(44)) - raft.server.watch.timeout = 10s (default)
2021-09-05 02:14:46,379 [om1@group-C5BA1605619E-LeaderElection1] INFO  server.RaftServerConfigKeys (ConfUtils.java:logGet(44)) - raft.server.watch.timeout.denomination = 1s (default)
2021-09-05 02:14:46,380 [Listener at 127.0.0.1/38203] INFO  http.BaseHttpServer (BaseHttpServer.java:newHttpServer2BuilderForOzone(209)) - Starting Web-server for hddsDatanode at: http://0.0.0.0:0
2021-09-05 02:14:46,380 [Listener at 127.0.0.1/38203] INFO  http.BaseHttpServer (BaseHttpServer.java:<init>(107)) - Hadoop Security Enabled: false Ozone Security Enabled: false Ozone HTTP Security Enabled: false 
2021-09-05 02:14:46,380 [om1@group-C5BA1605619E-LeaderElection1] INFO  server.RaftServerConfigKeys (ConfUtils.java:logGet(44)) - raft.server.watch.element-limit = 65536 (default)
2021-09-05 02:14:46,381 [Listener at 127.0.0.1/38203] INFO  server.AuthenticationFilter (AuthenticationFilter.java:constructSecretProvider(240)) - Unable to initialize FileSignerSecretProvider, falling back to use random secrets.
2021-09-05 02:14:46,388 [om1@group-C5BA1605619E-LeaderElection1] INFO  impl.RoleInfo (RoleInfo.java:updateAndGet(130)) - om1: start om1@group-C5BA1605619E-LeaderStateImpl
2021-09-05 02:14:46,390 [Listener at 127.0.0.1/38203] WARN  http.HttpRequestLog (HttpRequestLog.java:getRequestLog(103)) - Jetty request log can only be enabled using Log4j
2021-09-05 02:14:46,391 [Listener at 127.0.0.1/38203] INFO  http.HttpServer2 (HttpServer2.java:addGlobalFilter(1030)) - Added global filter 'safety' (class=org.apache.hadoop.hdds.server.http.HttpServer2$QuotingInputFilter)
2021-09-05 02:14:46,391 [Listener at 127.0.0.1/38203] INFO  http.HttpServer2 (HttpServer2.java:addFilter(1006)) - Added filter static_user_filter (class=org.apache.hadoop.http.lib.StaticUserWebFilter$StaticUserFilter) to context hddsDatanode
2021-09-05 02:14:46,392 [Listener at 127.0.0.1/38203] INFO  http.HttpServer2 (HttpServer2.java:addFilter(1014)) - Added filter static_user_filter (class=org.apache.hadoop.http.lib.StaticUserWebFilter$StaticUserFilter) to context static
2021-09-05 02:14:46,392 [Listener at 127.0.0.1/38203] INFO  http.HttpServer2 (HttpServer2.java:addFilter(1014)) - Added filter static_user_filter (class=org.apache.hadoop.http.lib.StaticUserWebFilter$StaticUserFilter) to context logs
2021-09-05 02:14:46,392 [Listener at 127.0.0.1/38203] INFO  http.HttpServer2 (HttpServer2.java:bindListener(1249)) - Jetty bound to port 43827
2021-09-05 02:14:46,392 [Listener at 127.0.0.1/38203] INFO  server.Server (Server.java:doStart(375)) - jetty-9.4.43.v20210629; built: 2021-06-30T11:07:22.254Z; git: 526006ecfa3af7f1a27ef3a288e2bef7ea9dd7e8; jvm 1.8.0_292-b10
2021-09-05 02:14:46,418 [om1@group-C5BA1605619E-LeaderElection1] INFO  segmented.SegmentedRaftLogWorker (SegmentedRaftLogWorker.java:startLogSegment(394)) - om1@group-C5BA1605619E-SegmentedRaftLogWorker: Starting segment from index:0
2021-09-05 02:14:46,420 [Listener at 127.0.0.1/38203] INFO  server.session (DefaultSessionIdManager.java:doStart(334)) - DefaultSessionIdManager workerName=node0
2021-09-05 02:14:46,420 [Listener at 127.0.0.1/38203] INFO  server.session (DefaultSessionIdManager.java:doStart(339)) - No SessionScavenger set, using defaults
2021-09-05 02:14:46,420 [Listener at 127.0.0.1/38203] INFO  server.session (HouseKeeper.java:startScavenging(132)) - node0 Scavenging every 660000ms
2021-09-05 02:14:46,430 [Listener at 127.0.0.1/38203] INFO  handler.ContextHandler (ContextHandler.java:doStart(915)) - Started o.e.j.s.ServletContextHandler@212142da{logs,/logs,file:///home/runner/work/ozone/ozone/hadoop-ozone/integration-test/target/log,AVAILABLE}
2021-09-05 02:14:46,430 [Listener at 127.0.0.1/38203] INFO  handler.ContextHandler (ContextHandler.java:doStart(915)) - Started o.e.j.s.ServletContextHandler@2b54136e{static,/static,jar:file:/home/runner/.m2/repository/org/apache/ozone/hdds-container-service/1.2.0-SNAPSHOT/hdds-container-service-1.2.0-SNAPSHOT.jar!/webapps/static,AVAILABLE}
2021-09-05 02:14:46,468 [om1@group-C5BA1605619E-LeaderElection1] INFO  server.RaftServer$Division (ServerState.java:setRaftConf(387)) - om1@group-C5BA1605619E: set configuration 0: [om1|rpc:localhost:39789|admin:|client:|dataStream:|priority:0], old=null
2021-09-05 02:14:46,512 [Listener at 127.0.0.1/38203] INFO  handler.ContextHandler (ContextHandler.java:doStart(915)) - Started o.e.j.w.WebAppContext@17b7a5f7{hddsDatanode,/,file:///tmp/jetty-0_0_0_0-43827-hdds-container-service-1_2_0-SNAPSHOT_jar-_-any-9136282526680227850/webapp/,AVAILABLE}{jar:file:/home/runner/.m2/repository/org/apache/ozone/hdds-container-service/1.2.0-SNAPSHOT/hdds-container-service-1.2.0-SNAPSHOT.jar!/webapps/hddsDatanode}
2021-09-05 02:14:46,513 [Listener at 127.0.0.1/38203] INFO  server.AbstractConnector (AbstractConnector.java:doStart(331)) - Started ServerConnector@2e4a5025{HTTP/1.1, (http/1.1)}{0.0.0.0:43827}
2021-09-05 02:14:46,514 [Listener at 127.0.0.1/38203] INFO  server.Server (Server.java:doStart(415)) - Started @7492ms
2021-09-05 02:14:46,514 [Listener at 127.0.0.1/38203] WARN  impl.MetricsSystemImpl (MetricsSystemImpl.java:register(279)) - Sink prometheus already exists!
2021-09-05 02:14:46,515 [Listener at 127.0.0.1/38203] INFO  http.BaseHttpServer (BaseHttpServer.java:updateConnectorAddress(329)) - HTTP server of hddsDatanode listening at http://0.0.0.0:43827
2021-09-05 02:14:46,515 [Listener at 127.0.0.1/38203] WARN  impl.MetricRegistriesImpl (MetricRegistriesImpl.java:addReporterRegistration(111)) - New reporters are added after registries were created. Some metrics will be missing from the reporter. Please add reporter before adding any new registry.
2021-09-05 02:14:46,515 [Listener at 127.0.0.1/38203] WARN  impl.MetricRegistriesImpl (MetricRegistriesImpl.java:addReporterRegistration(111)) - New reporters are added after registries were created. Some metrics will be missing from the reporter. Please add reporter before adding any new registry.
2021-09-05 02:14:46,515 [Listener at 127.0.0.1/38203] INFO  impl.MetricsSystemImpl (MetricsSystemImpl.java:init(158)) - HddsDatanode metrics system started (again)
2021-09-05 02:14:46,525 [om1@group-C5BA1605619E-SegmentedRaftLogWorker] INFO  segmented.SegmentedRaftLogWorker (SegmentedRaftLogWorker.java:execute(601)) - om1@group-C5BA1605619E-SegmentedRaftLogWorker: created new log segment /home/runner/work/ozone/ozone/hadoop-ozone/integration-test/target/test-dir/MiniOzoneClusterImpl-b9dfe4fd-d142-4c87-b19c-e6304396dee2/ozone-meta/ratis/bf265839-605b-3f16-9796-c5ba1605619e/current/log_inprogress_0
2021-09-05 02:14:46,538 [org.apache.hadoop.util.JvmPauseMonitor$Monitor@310df038] INFO  util.JvmPauseMonitor (JvmPauseMonitor.java:run(188)) - Starting JVM pause monitor
2021-09-05 02:14:46,551 [Listener at 127.0.0.1/38203] INFO  ozone.HddsDatanodeService (HddsDatanodeService.java:start(234)) - HddsDatanodeService host:fv-az151-757.yf2hydr00wburbhx3j5hxtcipe.bx.internal.cloudapp.net ip:10.1.0.22
2021-09-05 02:14:46,554 [Datanode State Machine Task Thread - 0] INFO  datanode.InitDatanodeState (InitDatanodeState.java:persistContainerDatanodeDetails(145)) - DatanodeDetails is persisted to /home/runner/work/ozone/ozone/hadoop-ozone/integration-test/target/test-dir/MiniOzoneClusterImpl-b9dfe4fd-d142-4c87-b19c-e6304396dee2/datanode-2/meta/datanode.id
2021-09-05 02:14:46,581 [Listener at 127.0.0.1/38203] INFO  upgrade.AbstractLayoutVersionManager (AbstractLayoutVersionManager.java:init(70)) - Initializing Layout version manager with metadata layout = SCM_HA (version = 2), software layout = SCM_HA (version = 2)
2021-09-05 02:14:46,616 [Listener at 127.0.0.1/38203] INFO  reflections.Reflections (Reflections.java:scan(232)) - Reflections took 34 ms to scan 7 urls, producing 120 keys and 275 values 
2021-09-05 02:14:46,619 [Listener at 127.0.0.1/38203] INFO  volume.HddsVolume (HddsVolume.java:<init>(120)) - Creating HddsVolume: /home/runner/work/ozone/ozone/hadoop-ozone/integration-test/target/test-dir/MiniOzoneClusterImpl-b9dfe4fd-d142-4c87-b19c-e6304396dee2/datanode-3/data-0/containers/hdds of storage type : DISK capacity : 9223372036854775807
2021-09-05 02:14:46,619 [Listener at 127.0.0.1/38203] INFO  volume.MutableVolumeSet (MutableVolumeSet.java:initializeVolumeSet(181)) - Added Volume : /home/runner/work/ozone/ozone/hadoop-ozone/integration-test/target/test-dir/MiniOzoneClusterImpl-b9dfe4fd-d142-4c87-b19c-e6304396dee2/datanode-3/data-0/containers/hdds to VolumeSet
2021-09-05 02:14:46,619 [Listener at 127.0.0.1/38203] INFO  volume.ThrottledAsyncChecker (ThrottledAsyncChecker.java:schedule(141)) - Scheduling a check for /home/runner/work/ozone/ozone/hadoop-ozone/integration-test/target/test-dir/MiniOzoneClusterImpl-b9dfe4fd-d142-4c87-b19c-e6304396dee2/datanode-3/data-0/containers/hdds
2021-09-05 02:14:46,620 [Listener at 127.0.0.1/38203] INFO  volume.StorageVolumeChecker (StorageVolumeChecker.java:checkAllVolumes(202)) - Scheduled health check for volume /home/runner/work/ozone/ozone/hadoop-ozone/integration-test/target/test-dir/MiniOzoneClusterImpl-b9dfe4fd-d142-4c87-b19c-e6304396dee2/datanode-3/data-0/containers/hdds
2021-09-05 02:14:46,631 [Listener at 127.0.0.1/38203] INFO  volume.MutableVolumeSet (MutableVolumeSet.java:initializeVolumeSet(181)) - Added Volume : /home/runner/work/ozone/ozone/hadoop-ozone/integration-test/target/test-dir/MiniOzoneClusterImpl-b9dfe4fd-d142-4c87-b19c-e6304396dee2/datanode-3/data/ratis to VolumeSet
2021-09-05 02:14:46,631 [Listener at 127.0.0.1/38203] INFO  volume.ThrottledAsyncChecker (ThrottledAsyncChecker.java:schedule(141)) - Scheduling a check for /home/runner/work/ozone/ozone/hadoop-ozone/integration-test/target/test-dir/MiniOzoneClusterImpl-b9dfe4fd-d142-4c87-b19c-e6304396dee2/datanode-3/data/ratis
2021-09-05 02:14:46,631 [Listener at 127.0.0.1/38203] INFO  volume.StorageVolumeChecker (StorageVolumeChecker.java:checkAllVolumes(202)) - Scheduled health check for volume /home/runner/work/ozone/ozone/hadoop-ozone/integration-test/target/test-dir/MiniOzoneClusterImpl-b9dfe4fd-d142-4c87-b19c-e6304396dee2/datanode-3/data/ratis
2021-09-05 02:14:46,642 [Listener at 127.0.0.1/38203] INFO  ozoneimpl.ContainerReader (ContainerReader.java:<init>(98)) - Running in upgrade mode:true
2021-09-05 02:14:46,642 [Thread-168] INFO  ozoneimpl.ContainerReader (ContainerReader.java:readVolume(142)) - Start to verify containers on volume /home/runner/work/ozone/ozone/hadoop-ozone/integration-test/target/test-dir/MiniOzoneClusterImpl-b9dfe4fd-d142-4c87-b19c-e6304396dee2/datanode-3/data-0/containers/hdds
2021-09-05 02:14:46,642 [Thread-168] INFO  ozoneimpl.ContainerReader (ContainerReader.java:readVolume(174)) - Finish verifying containers on volume /home/runner/work/ozone/ozone/hadoop-ozone/integration-test/target/test-dir/MiniOzoneClusterImpl-b9dfe4fd-d142-4c87-b19c-e6304396dee2/datanode-3/data-0/containers/hdds
2021-09-05 02:14:46,642 [Listener at 127.0.0.1/38203] INFO  ozoneimpl.OzoneContainer (OzoneContainer.java:buildContainerSet(237)) - Build ContainerSet costs 0s
2021-09-05 02:14:46,644 [Listener at 127.0.0.1/38203] INFO  server.RaftServer (ConfUtils.java:logGet(44)) - raft.rpc.type = GRPC (default)
2021-09-05 02:14:46,645 [Listener at 127.0.0.1/38203] INFO  grpc.GrpcFactory (GrpcFactory.java:checkPooledByteBufAllocatorUseCacheForAllThreads(48)) - PERFORMANCE WARNING: useCacheForAllThreads is true that may cause Netty to create a lot garbage objects and, as a result, trigger GC.
	It is recommended to disable useCacheForAllThreads by setting -Dorg.apache.ratis.thirdparty.io.netty.allocator.useCacheForAllThreads=false in command line.
2021-09-05 02:14:46,645 [Listener at 127.0.0.1/38203] INFO  grpc.GrpcConfigKeys (ConfUtils.java:logGet(44)) - raft.grpc.admin.port = 0 (custom)
2021-09-05 02:14:46,645 [Listener at 127.0.0.1/38203] INFO  grpc.GrpcConfigKeys (ConfUtils.java:logGet(44)) - raft.grpc.client.port = 0 (custom)
2021-09-05 02:14:46,645 [Listener at 127.0.0.1/38203] INFO  grpc.GrpcConfigKeys (ConfUtils.java:logGet(44)) - raft.grpc.server.port = 0 (default)
2021-09-05 02:14:46,645 [Listener at 127.0.0.1/38203] INFO  server.GrpcService (ConfUtils.java:logGet(44)) - raft.grpc.message.size.max = 32MB (=33554432) (custom)
2021-09-05 02:14:46,645 [Listener at 127.0.0.1/38203] INFO  server.RaftServerConfigKeys (ConfUtils.java:logGet(44)) - raft.server.log.appender.buffer.byte-limit = 33554432 (custom)
2021-09-05 02:14:46,645 [Listener at 127.0.0.1/38203] INFO  server.GrpcService (ConfUtils.java:logGet(44)) - raft.grpc.flow.control.window = 5MB (=5242880) (custom)
2021-09-05 02:14:46,645 [Listener at 127.0.0.1/38203] INFO  server.RaftServerConfigKeys (ConfUtils.java:logGet(44)) - raft.server.rpc.request.timeout = 60s (custom)
2021-09-05 02:14:46,646 [Listener at 127.0.0.1/38203] INFO  impl.DataStreamServerImpl (ConfUtils.java:logGet(44)) - raft.datastream.type = DISABLED (default)
2021-09-05 02:14:46,647 [Listener at 127.0.0.1/38203] INFO  server.RaftServerConfigKeys (ConfUtils.java:logGet(44)) - raft.server.rpc.slowness.timeout = 300s (custom)
2021-09-05 02:14:46,647 [Listener at 127.0.0.1/38203] INFO  server.RaftServerConfigKeys (ConfUtils.java:logGet(44)) - raft.server.leaderelection.leader.step-down.wait-time = 10s (default)
2021-09-05 02:14:46,647 [Listener at 127.0.0.1/38203] INFO  server.RaftServerConfigKeys (ConfUtils.java:logGet(44)) - raft.server.storage.dir = [/home/runner/work/ozone/ozone/hadoop-ozone/integration-test/target/test-dir/MiniOzoneClusterImpl-b9dfe4fd-d142-4c87-b19c-e6304396dee2/datanode-3/data/ratis] (custom)
2021-09-05 02:14:46,658 [Listener at 127.0.0.1/38203] INFO  http.BaseHttpServer (BaseHttpServer.java:newHttpServer2BuilderForOzone(209)) - Starting Web-server for hddsDatanode at: http://0.0.0.0:0
2021-09-05 02:14:46,658 [Listener at 127.0.0.1/38203] INFO  http.BaseHttpServer (BaseHttpServer.java:<init>(107)) - Hadoop Security Enabled: false Ozone Security Enabled: false Ozone HTTP Security Enabled: false 
2021-09-05 02:14:46,659 [Listener at 127.0.0.1/38203] INFO  server.AuthenticationFilter (AuthenticationFilter.java:constructSecretProvider(240)) - Unable to initialize FileSignerSecretProvider, falling back to use random secrets.
2021-09-05 02:14:46,662 [Listener at 127.0.0.1/38203] WARN  http.HttpRequestLog (HttpRequestLog.java:getRequestLog(103)) - Jetty request log can only be enabled using Log4j
2021-09-05 02:14:46,662 [Listener at 127.0.0.1/38203] INFO  http.HttpServer2 (HttpServer2.java:addGlobalFilter(1030)) - Added global filter 'safety' (class=org.apache.hadoop.hdds.server.http.HttpServer2$QuotingInputFilter)
2021-09-05 02:14:46,663 [Listener at 127.0.0.1/38203] INFO  http.HttpServer2 (HttpServer2.java:addFilter(1006)) - Added filter static_user_filter (class=org.apache.hadoop.http.lib.StaticUserWebFilter$StaticUserFilter) to context hddsDatanode
2021-09-05 02:14:46,663 [Listener at 127.0.0.1/38203] INFO  http.HttpServer2 (HttpServer2.java:addFilter(1014)) - Added filter static_user_filter (class=org.apache.hadoop.http.lib.StaticUserWebFilter$StaticUserFilter) to context logs
2021-09-05 02:14:46,663 [Listener at 127.0.0.1/38203] INFO  http.HttpServer2 (HttpServer2.java:addFilter(1014)) - Added filter static_user_filter (class=org.apache.hadoop.http.lib.StaticUserWebFilter$StaticUserFilter) to context static
2021-09-05 02:14:46,664 [Listener at 127.0.0.1/38203] INFO  http.HttpServer2 (HttpServer2.java:bindListener(1249)) - Jetty bound to port 41129
2021-09-05 02:14:46,664 [Listener at 127.0.0.1/38203] INFO  server.Server (Server.java:doStart(375)) - jetty-9.4.43.v20210629; built: 2021-06-30T11:07:22.254Z; git: 526006ecfa3af7f1a27ef3a288e2bef7ea9dd7e8; jvm 1.8.0_292-b10
2021-09-05 02:14:46,660 [om1@group-C5BA1605619E-StateMachineUpdater] INFO  ratis.OzoneManagerStateMachine (OzoneManagerStateMachine.java:notifyConfigurationChanged(188)) - Received Configuration change notification from Ratis. New Peer list:
[id: "om1"
address: "localhost:39789"
]
2021-09-05 02:14:46,679 [Listener at 127.0.0.1/38203] INFO  server.session (DefaultSessionIdManager.java:doStart(334)) - DefaultSessionIdManager workerName=node0
2021-09-05 02:14:46,680 [Listener at 127.0.0.1/38203] INFO  server.session (DefaultSessionIdManager.java:doStart(339)) - No SessionScavenger set, using defaults
2021-09-05 02:14:46,680 [Listener at 127.0.0.1/38203] INFO  server.session (HouseKeeper.java:startScavenging(132)) - node0 Scavenging every 660000ms
2021-09-05 02:14:46,680 [Listener at 127.0.0.1/38203] INFO  handler.ContextHandler (ContextHandler.java:doStart(915)) - Started o.e.j.s.ServletContextHandler@138373d7{logs,/logs,file:///home/runner/work/ozone/ozone/hadoop-ozone/integration-test/target/log,AVAILABLE}
2021-09-05 02:14:46,681 [Listener at 127.0.0.1/38203] INFO  handler.ContextHandler (ContextHandler.java:doStart(915)) - Started o.e.j.s.ServletContextHandler@79bb6800{static,/static,jar:file:/home/runner/.m2/repository/org/apache/ozone/hdds-container-service/1.2.0-SNAPSHOT/hdds-container-service-1.2.0-SNAPSHOT.jar!/webapps/static,AVAILABLE}
2021-09-05 02:14:46,718 [Listener at 127.0.0.1/38203] INFO  handler.ContextHandler (ContextHandler.java:doStart(915)) - Started o.e.j.w.WebAppContext@35bc1cb4{hddsDatanode,/,file:///tmp/jetty-0_0_0_0-41129-hdds-container-service-1_2_0-SNAPSHOT_jar-_-any-8357517993681187556/webapp/,AVAILABLE}{jar:file:/home/runner/.m2/repository/org/apache/ozone/hdds-container-service/1.2.0-SNAPSHOT/hdds-container-service-1.2.0-SNAPSHOT.jar!/webapps/hddsDatanode}
2021-09-05 02:14:46,719 [Listener at 127.0.0.1/38203] INFO  server.AbstractConnector (AbstractConnector.java:doStart(331)) - Started ServerConnector@77e6d608{HTTP/1.1, (http/1.1)}{0.0.0.0:41129}
2021-09-05 02:14:46,719 [Listener at 127.0.0.1/38203] INFO  server.Server (Server.java:doStart(415)) - Started @7697ms
2021-09-05 02:14:46,719 [Listener at 127.0.0.1/38203] WARN  impl.MetricsSystemImpl (MetricsSystemImpl.java:register(279)) - Sink prometheus already exists!
2021-09-05 02:14:46,720 [Listener at 127.0.0.1/38203] INFO  http.BaseHttpServer (BaseHttpServer.java:updateConnectorAddress(329)) - HTTP server of hddsDatanode listening at http://0.0.0.0:41129
2021-09-05 02:14:46,720 [Listener at 127.0.0.1/38203] WARN  impl.MetricRegistriesImpl (MetricRegistriesImpl.java:addReporterRegistration(111)) - New reporters are added after registries were created. Some metrics will be missing from the reporter. Please add reporter before adding any new registry.
2021-09-05 02:14:46,720 [Listener at 127.0.0.1/38203] WARN  impl.MetricRegistriesImpl (MetricRegistriesImpl.java:addReporterRegistration(111)) - New reporters are added after registries were created. Some metrics will be missing from the reporter. Please add reporter before adding any new registry.
2021-09-05 02:14:46,720 [Listener at 127.0.0.1/38203] INFO  impl.MetricsSystemImpl (MetricsSystemImpl.java:init(158)) - HddsDatanode metrics system started (again)
2021-09-05 02:14:46,732 [Listener at 127.0.0.1/38203] INFO  ozone.HddsDatanodeService (HddsDatanodeService.java:start(234)) - HddsDatanodeService host:fv-az151-757.yf2hydr00wburbhx3j5hxtcipe.bx.internal.cloudapp.net ip:10.1.0.22
2021-09-05 02:14:46,754 [org.apache.hadoop.util.JvmPauseMonitor$Monitor@6fcbd468] INFO  util.JvmPauseMonitor (JvmPauseMonitor.java:run(188)) - Starting JVM pause monitor
2021-09-05 02:14:46,759 [Datanode State Machine Task Thread - 0] INFO  datanode.InitDatanodeState (InitDatanodeState.java:persistContainerDatanodeDetails(145)) - DatanodeDetails is persisted to /home/runner/work/ozone/ozone/hadoop-ozone/integration-test/target/test-dir/MiniOzoneClusterImpl-b9dfe4fd-d142-4c87-b19c-e6304396dee2/datanode-3/meta/datanode.id
2021-09-05 02:14:46,763 [Listener at 127.0.0.1/38203] INFO  upgrade.AbstractLayoutVersionManager (AbstractLayoutVersionManager.java:init(70)) - Initializing Layout version manager with metadata layout = SCM_HA (version = 2), software layout = SCM_HA (version = 2)
2021-09-05 02:14:46,801 [Listener at 127.0.0.1/38203] INFO  reflections.Reflections (Reflections.java:scan(232)) - Reflections took 37 ms to scan 7 urls, producing 120 keys and 275 values 
2021-09-05 02:14:46,819 [Listener at 127.0.0.1/38203] INFO  volume.HddsVolume (HddsVolume.java:<init>(120)) - Creating HddsVolume: /home/runner/work/ozone/ozone/hadoop-ozone/integration-test/target/test-dir/MiniOzoneClusterImpl-b9dfe4fd-d142-4c87-b19c-e6304396dee2/datanode-4/data-0/containers/hdds of storage type : DISK capacity : 9223372036854775807
2021-09-05 02:14:46,820 [Listener at 127.0.0.1/38203] INFO  volume.MutableVolumeSet (MutableVolumeSet.java:initializeVolumeSet(181)) - Added Volume : /home/runner/work/ozone/ozone/hadoop-ozone/integration-test/target/test-dir/MiniOzoneClusterImpl-b9dfe4fd-d142-4c87-b19c-e6304396dee2/datanode-4/data-0/containers/hdds to VolumeSet
2021-09-05 02:14:46,820 [Listener at 127.0.0.1/38203] INFO  volume.ThrottledAsyncChecker (ThrottledAsyncChecker.java:schedule(141)) - Scheduling a check for /home/runner/work/ozone/ozone/hadoop-ozone/integration-test/target/test-dir/MiniOzoneClusterImpl-b9dfe4fd-d142-4c87-b19c-e6304396dee2/datanode-4/data-0/containers/hdds
2021-09-05 02:14:46,820 [Listener at 127.0.0.1/38203] INFO  volume.StorageVolumeChecker (StorageVolumeChecker.java:checkAllVolumes(202)) - Scheduled health check for volume /home/runner/work/ozone/ozone/hadoop-ozone/integration-test/target/test-dir/MiniOzoneClusterImpl-b9dfe4fd-d142-4c87-b19c-e6304396dee2/datanode-4/data-0/containers/hdds
2021-09-05 02:14:46,838 [Listener at 127.0.0.1/38203] INFO  volume.MutableVolumeSet (MutableVolumeSet.java:initializeVolumeSet(181)) - Added Volume : /home/runner/work/ozone/ozone/hadoop-ozone/integration-test/target/test-dir/MiniOzoneClusterImpl-b9dfe4fd-d142-4c87-b19c-e6304396dee2/datanode-4/data/ratis to VolumeSet
2021-09-05 02:14:46,838 [Listener at 127.0.0.1/38203] INFO  volume.ThrottledAsyncChecker (ThrottledAsyncChecker.java:schedule(141)) - Scheduling a check for /home/runner/work/ozone/ozone/hadoop-ozone/integration-test/target/test-dir/MiniOzoneClusterImpl-b9dfe4fd-d142-4c87-b19c-e6304396dee2/datanode-4/data/ratis
2021-09-05 02:14:46,838 [Listener at 127.0.0.1/38203] INFO  volume.StorageVolumeChecker (StorageVolumeChecker.java:checkAllVolumes(202)) - Scheduled health check for volume /home/runner/work/ozone/ozone/hadoop-ozone/integration-test/target/test-dir/MiniOzoneClusterImpl-b9dfe4fd-d142-4c87-b19c-e6304396dee2/datanode-4/data/ratis
2021-09-05 02:14:46,851 [Listener at 127.0.0.1/38203] INFO  ozoneimpl.ContainerReader (ContainerReader.java:<init>(98)) - Running in upgrade mode:true
2021-09-05 02:14:46,851 [Thread-180] INFO  ozoneimpl.ContainerReader (ContainerReader.java:readVolume(142)) - Start to verify containers on volume /home/runner/work/ozone/ozone/hadoop-ozone/integration-test/target/test-dir/MiniOzoneClusterImpl-b9dfe4fd-d142-4c87-b19c-e6304396dee2/datanode-4/data-0/containers/hdds
2021-09-05 02:14:46,851 [Thread-180] INFO  ozoneimpl.ContainerReader (ContainerReader.java:readVolume(174)) - Finish verifying containers on volume /home/runner/work/ozone/ozone/hadoop-ozone/integration-test/target/test-dir/MiniOzoneClusterImpl-b9dfe4fd-d142-4c87-b19c-e6304396dee2/datanode-4/data-0/containers/hdds
2021-09-05 02:14:46,851 [Listener at 127.0.0.1/38203] INFO  ozoneimpl.OzoneContainer (OzoneContainer.java:buildContainerSet(237)) - Build ContainerSet costs 0s
2021-09-05 02:14:46,861 [Listener at 127.0.0.1/38203] INFO  server.RaftServer (ConfUtils.java:logGet(44)) - raft.rpc.type = GRPC (default)
2021-09-05 02:14:46,861 [Listener at 127.0.0.1/38203] INFO  grpc.GrpcFactory (GrpcFactory.java:checkPooledByteBufAllocatorUseCacheForAllThreads(48)) - PERFORMANCE WARNING: useCacheForAllThreads is true that may cause Netty to create a lot garbage objects and, as a result, trigger GC.
	It is recommended to disable useCacheForAllThreads by setting -Dorg.apache.ratis.thirdparty.io.netty.allocator.useCacheForAllThreads=false in command line.
2021-09-05 02:14:46,861 [Listener at 127.0.0.1/38203] INFO  grpc.GrpcConfigKeys (ConfUtils.java:logGet(44)) - raft.grpc.admin.port = 0 (custom)
2021-09-05 02:14:46,861 [Listener at 127.0.0.1/38203] INFO  grpc.GrpcConfigKeys (ConfUtils.java:logGet(44)) - raft.grpc.client.port = 0 (custom)
2021-09-05 02:14:46,861 [Listener at 127.0.0.1/38203] INFO  grpc.GrpcConfigKeys (ConfUtils.java:logGet(44)) - raft.grpc.server.port = 0 (default)
2021-09-05 02:14:46,861 [Listener at 127.0.0.1/38203] INFO  server.GrpcService (ConfUtils.java:logGet(44)) - raft.grpc.message.size.max = 32MB (=33554432) (custom)
2021-09-05 02:14:46,861 [Listener at 127.0.0.1/38203] INFO  server.RaftServerConfigKeys (ConfUtils.java:logGet(44)) - raft.server.log.appender.buffer.byte-limit = 33554432 (custom)
2021-09-05 02:14:46,862 [Listener at 127.0.0.1/38203] INFO  server.GrpcService (ConfUtils.java:logGet(44)) - raft.grpc.flow.control.window = 5MB (=5242880) (custom)
2021-09-05 02:14:46,862 [Listener at 127.0.0.1/38203] INFO  server.RaftServerConfigKeys (ConfUtils.java:logGet(44)) - raft.server.rpc.request.timeout = 60s (custom)
2021-09-05 02:14:46,863 [Listener at 127.0.0.1/38203] INFO  impl.DataStreamServerImpl (ConfUtils.java:logGet(44)) - raft.datastream.type = DISABLED (default)
2021-09-05 02:14:46,863 [Listener at 127.0.0.1/38203] INFO  server.RaftServerConfigKeys (ConfUtils.java:logGet(44)) - raft.server.rpc.slowness.timeout = 300s (custom)
2021-09-05 02:14:46,863 [Listener at 127.0.0.1/38203] INFO  server.RaftServerConfigKeys (ConfUtils.java:logGet(44)) - raft.server.leaderelection.leader.step-down.wait-time = 10s (default)
2021-09-05 02:14:46,863 [Listener at 127.0.0.1/38203] INFO  server.RaftServerConfigKeys (ConfUtils.java:logGet(44)) - raft.server.storage.dir = [/home/runner/work/ozone/ozone/hadoop-ozone/integration-test/target/test-dir/MiniOzoneClusterImpl-b9dfe4fd-d142-4c87-b19c-e6304396dee2/datanode-4/data/ratis] (custom)
2021-09-05 02:14:46,871 [Listener at 127.0.0.1/38203] INFO  http.BaseHttpServer (BaseHttpServer.java:newHttpServer2BuilderForOzone(209)) - Starting Web-server for hddsDatanode at: http://0.0.0.0:0
2021-09-05 02:14:46,871 [Listener at 127.0.0.1/38203] INFO  http.BaseHttpServer (BaseHttpServer.java:<init>(107)) - Hadoop Security Enabled: false Ozone Security Enabled: false Ozone HTTP Security Enabled: false 
2021-09-05 02:14:46,874 [Listener at 127.0.0.1/38203] INFO  server.AuthenticationFilter (AuthenticationFilter.java:constructSecretProvider(240)) - Unable to initialize FileSignerSecretProvider, falling back to use random secrets.
2021-09-05 02:14:46,878 [Listener at 127.0.0.1/38203] WARN  http.HttpRequestLog (HttpRequestLog.java:getRequestLog(103)) - Jetty request log can only be enabled using Log4j
2021-09-05 02:14:46,879 [Listener at 127.0.0.1/38203] INFO  http.HttpServer2 (HttpServer2.java:addGlobalFilter(1030)) - Added global filter 'safety' (class=org.apache.hadoop.hdds.server.http.HttpServer2$QuotingInputFilter)
2021-09-05 02:14:46,880 [Listener at 127.0.0.1/38203] INFO  http.HttpServer2 (HttpServer2.java:addFilter(1006)) - Added filter static_user_filter (class=org.apache.hadoop.http.lib.StaticUserWebFilter$StaticUserFilter) to context hddsDatanode
2021-09-05 02:14:46,880 [Listener at 127.0.0.1/38203] INFO  http.HttpServer2 (HttpServer2.java:addFilter(1014)) - Added filter static_user_filter (class=org.apache.hadoop.http.lib.StaticUserWebFilter$StaticUserFilter) to context static
2021-09-05 02:14:46,880 [Listener at 127.0.0.1/38203] INFO  http.HttpServer2 (HttpServer2.java:addFilter(1014)) - Added filter static_user_filter (class=org.apache.hadoop.http.lib.StaticUserWebFilter$StaticUserFilter) to context logs
2021-09-05 02:14:46,881 [Listener at 127.0.0.1/38203] INFO  http.HttpServer2 (HttpServer2.java:bindListener(1249)) - Jetty bound to port 43971
2021-09-05 02:14:46,881 [Listener at 127.0.0.1/38203] INFO  server.Server (Server.java:doStart(375)) - jetty-9.4.43.v20210629; built: 2021-06-30T11:07:22.254Z; git: 526006ecfa3af7f1a27ef3a288e2bef7ea9dd7e8; jvm 1.8.0_292-b10
2021-09-05 02:14:46,914 [Listener at 127.0.0.1/38203] INFO  server.session (DefaultSessionIdManager.java:doStart(334)) - DefaultSessionIdManager workerName=node0
2021-09-05 02:14:46,914 [Listener at 127.0.0.1/38203] INFO  server.session (DefaultSessionIdManager.java:doStart(339)) - No SessionScavenger set, using defaults
2021-09-05 02:14:46,914 [Listener at 127.0.0.1/38203] INFO  server.session (HouseKeeper.java:startScavenging(132)) - node0 Scavenging every 660000ms
2021-09-05 02:14:46,918 [Listener at 127.0.0.1/38203] INFO  handler.ContextHandler (ContextHandler.java:doStart(915)) - Started o.e.j.s.ServletContextHandler@149c7b93{logs,/logs,file:///home/runner/work/ozone/ozone/hadoop-ozone/integration-test/target/log,AVAILABLE}
2021-09-05 02:14:46,918 [Listener at 127.0.0.1/38203] INFO  handler.ContextHandler (ContextHandler.java:doStart(915)) - Started o.e.j.s.ServletContextHandler@76fe365a{static,/static,jar:file:/home/runner/.m2/repository/org/apache/ozone/hdds-container-service/1.2.0-SNAPSHOT/hdds-container-service-1.2.0-SNAPSHOT.jar!/webapps/static,AVAILABLE}
2021-09-05 02:14:46,956 [Listener at 127.0.0.1/38203] INFO  handler.ContextHandler (ContextHandler.java:doStart(915)) - Started o.e.j.w.WebAppContext@2e523429{hddsDatanode,/,file:///tmp/jetty-0_0_0_0-43971-hdds-container-service-1_2_0-SNAPSHOT_jar-_-any-4217067081612176414/webapp/,AVAILABLE}{jar:file:/home/runner/.m2/repository/org/apache/ozone/hdds-container-service/1.2.0-SNAPSHOT/hdds-container-service-1.2.0-SNAPSHOT.jar!/webapps/hddsDatanode}
2021-09-05 02:14:46,957 [Listener at 127.0.0.1/38203] INFO  server.AbstractConnector (AbstractConnector.java:doStart(331)) - Started ServerConnector@63148e09{HTTP/1.1, (http/1.1)}{0.0.0.0:43971}
2021-09-05 02:14:46,958 [Listener at 127.0.0.1/38203] INFO  server.Server (Server.java:doStart(415)) - Started @7936ms
2021-09-05 02:14:46,958 [Listener at 127.0.0.1/38203] WARN  impl.MetricsSystemImpl (MetricsSystemImpl.java:register(279)) - Sink prometheus already exists!
2021-09-05 02:14:46,958 [Listener at 127.0.0.1/38203] INFO  http.BaseHttpServer (BaseHttpServer.java:updateConnectorAddress(329)) - HTTP server of hddsDatanode listening at http://0.0.0.0:43971
2021-09-05 02:14:46,962 [Listener at 127.0.0.1/38203] WARN  impl.MetricRegistriesImpl (MetricRegistriesImpl.java:addReporterRegistration(111)) - New reporters are added after registries were created. Some metrics will be missing from the reporter. Please add reporter before adding any new registry.
2021-09-05 02:14:46,962 [Listener at 127.0.0.1/38203] WARN  impl.MetricRegistriesImpl (MetricRegistriesImpl.java:addReporterRegistration(111)) - New reporters are added after registries were created. Some metrics will be missing from the reporter. Please add reporter before adding any new registry.
2021-09-05 02:14:46,962 [Listener at 127.0.0.1/38203] INFO  impl.MetricsSystemImpl (MetricsSystemImpl.java:init(158)) - HddsDatanode metrics system started (again)
2021-09-05 02:14:46,989 [Listener at 127.0.0.1/38203] INFO  ozone.HddsDatanodeService (HddsDatanodeService.java:start(234)) - HddsDatanodeService host:fv-az151-757.yf2hydr00wburbhx3j5hxtcipe.bx.internal.cloudapp.net ip:10.1.0.22
2021-09-05 02:14:46,995 [org.apache.hadoop.util.JvmPauseMonitor$Monitor@627df4eb] INFO  util.JvmPauseMonitor (JvmPauseMonitor.java:run(188)) - Starting JVM pause monitor
2021-09-05 02:14:46,999 [Datanode State Machine Task Thread - 0] INFO  datanode.InitDatanodeState (InitDatanodeState.java:persistContainerDatanodeDetails(145)) - DatanodeDetails is persisted to /home/runner/work/ozone/ozone/hadoop-ozone/integration-test/target/test-dir/MiniOzoneClusterImpl-b9dfe4fd-d142-4c87-b19c-e6304396dee2/datanode-4/meta/datanode.id
2021-09-05 02:14:47,022 [Listener at 127.0.0.1/38203] INFO  upgrade.AbstractLayoutVersionManager (AbstractLayoutVersionManager.java:init(70)) - Initializing Layout version manager with metadata layout = SCM_HA (version = 2), software layout = SCM_HA (version = 2)
2021-09-05 02:14:47,041 [ReplicationMonitor] INFO  container.ReplicationManager (ReplicationManager.java:processAll(359)) - Replication Monitor Thread took 0 milliseconds for processing 0 containers.
2021-09-05 02:14:47,062 [Listener at 127.0.0.1/38203] INFO  reflections.Reflections (Reflections.java:scan(232)) - Reflections took 39 ms to scan 7 urls, producing 120 keys and 275 values 
2021-09-05 02:14:47,066 [Listener at 127.0.0.1/38203] INFO  volume.HddsVolume (HddsVolume.java:<init>(120)) - Creating HddsVolume: /home/runner/work/ozone/ozone/hadoop-ozone/integration-test/target/test-dir/MiniOzoneClusterImpl-b9dfe4fd-d142-4c87-b19c-e6304396dee2/datanode-5/data-0/containers/hdds of storage type : DISK capacity : 9223372036854775807
2021-09-05 02:14:47,066 [Listener at 127.0.0.1/38203] INFO  volume.MutableVolumeSet (MutableVolumeSet.java:initializeVolumeSet(181)) - Added Volume : /home/runner/work/ozone/ozone/hadoop-ozone/integration-test/target/test-dir/MiniOzoneClusterImpl-b9dfe4fd-d142-4c87-b19c-e6304396dee2/datanode-5/data-0/containers/hdds to VolumeSet
2021-09-05 02:14:47,066 [Listener at 127.0.0.1/38203] INFO  volume.ThrottledAsyncChecker (ThrottledAsyncChecker.java:schedule(141)) - Scheduling a check for /home/runner/work/ozone/ozone/hadoop-ozone/integration-test/target/test-dir/MiniOzoneClusterImpl-b9dfe4fd-d142-4c87-b19c-e6304396dee2/datanode-5/data-0/containers/hdds
2021-09-05 02:14:47,074 [Listener at 127.0.0.1/38203] INFO  volume.StorageVolumeChecker (StorageVolumeChecker.java:checkAllVolumes(202)) - Scheduled health check for volume /home/runner/work/ozone/ozone/hadoop-ozone/integration-test/target/test-dir/MiniOzoneClusterImpl-b9dfe4fd-d142-4c87-b19c-e6304396dee2/datanode-5/data-0/containers/hdds
2021-09-05 02:14:47,087 [Listener at 127.0.0.1/38203] INFO  volume.MutableVolumeSet (MutableVolumeSet.java:initializeVolumeSet(181)) - Added Volume : /home/runner/work/ozone/ozone/hadoop-ozone/integration-test/target/test-dir/MiniOzoneClusterImpl-b9dfe4fd-d142-4c87-b19c-e6304396dee2/datanode-5/data/ratis to VolumeSet
2021-09-05 02:14:47,087 [Listener at 127.0.0.1/38203] INFO  volume.ThrottledAsyncChecker (ThrottledAsyncChecker.java:schedule(141)) - Scheduling a check for /home/runner/work/ozone/ozone/hadoop-ozone/integration-test/target/test-dir/MiniOzoneClusterImpl-b9dfe4fd-d142-4c87-b19c-e6304396dee2/datanode-5/data/ratis
2021-09-05 02:14:47,087 [Listener at 127.0.0.1/38203] INFO  volume.StorageVolumeChecker (StorageVolumeChecker.java:checkAllVolumes(202)) - Scheduled health check for volume /home/runner/work/ozone/ozone/hadoop-ozone/integration-test/target/test-dir/MiniOzoneClusterImpl-b9dfe4fd-d142-4c87-b19c-e6304396dee2/datanode-5/data/ratis
2021-09-05 02:14:47,103 [Listener at 127.0.0.1/38203] INFO  ozoneimpl.ContainerReader (ContainerReader.java:<init>(98)) - Running in upgrade mode:true
2021-09-05 02:14:47,118 [Thread-192] INFO  ozoneimpl.ContainerReader (ContainerReader.java:readVolume(142)) - Start to verify containers on volume /home/runner/work/ozone/ozone/hadoop-ozone/integration-test/target/test-dir/MiniOzoneClusterImpl-b9dfe4fd-d142-4c87-b19c-e6304396dee2/datanode-5/data-0/containers/hdds
2021-09-05 02:14:47,118 [Thread-192] INFO  ozoneimpl.ContainerReader (ContainerReader.java:readVolume(174)) - Finish verifying containers on volume /home/runner/work/ozone/ozone/hadoop-ozone/integration-test/target/test-dir/MiniOzoneClusterImpl-b9dfe4fd-d142-4c87-b19c-e6304396dee2/datanode-5/data-0/containers/hdds
2021-09-05 02:14:47,122 [Listener at 127.0.0.1/38203] INFO  ozoneimpl.OzoneContainer (OzoneContainer.java:buildContainerSet(237)) - Build ContainerSet costs 0s
2021-09-05 02:14:47,124 [Listener at 127.0.0.1/38203] INFO  server.RaftServer (ConfUtils.java:logGet(44)) - raft.rpc.type = GRPC (default)
2021-09-05 02:14:47,124 [Listener at 127.0.0.1/38203] INFO  grpc.GrpcFactory (GrpcFactory.java:checkPooledByteBufAllocatorUseCacheForAllThreads(48)) - PERFORMANCE WARNING: useCacheForAllThreads is true that may cause Netty to create a lot garbage objects and, as a result, trigger GC.
	It is recommended to disable useCacheForAllThreads by setting -Dorg.apache.ratis.thirdparty.io.netty.allocator.useCacheForAllThreads=false in command line.
2021-09-05 02:14:47,125 [Listener at 127.0.0.1/38203] INFO  grpc.GrpcConfigKeys (ConfUtils.java:logGet(44)) - raft.grpc.admin.port = 0 (custom)
2021-09-05 02:14:47,125 [Listener at 127.0.0.1/38203] INFO  grpc.GrpcConfigKeys (ConfUtils.java:logGet(44)) - raft.grpc.client.port = 0 (custom)
2021-09-05 02:14:47,125 [Listener at 127.0.0.1/38203] INFO  grpc.GrpcConfigKeys (ConfUtils.java:logGet(44)) - raft.grpc.server.port = 0 (default)
2021-09-05 02:14:47,125 [Listener at 127.0.0.1/38203] INFO  server.GrpcService (ConfUtils.java:logGet(44)) - raft.grpc.message.size.max = 32MB (=33554432) (custom)
2021-09-05 02:14:47,125 [Listener at 127.0.0.1/38203] INFO  server.RaftServerConfigKeys (ConfUtils.java:logGet(44)) - raft.server.log.appender.buffer.byte-limit = 33554432 (custom)
2021-09-05 02:14:47,125 [Listener at 127.0.0.1/38203] INFO  server.GrpcService (ConfUtils.java:logGet(44)) - raft.grpc.flow.control.window = 5MB (=5242880) (custom)
2021-09-05 02:14:47,125 [Listener at 127.0.0.1/38203] INFO  server.RaftServerConfigKeys (ConfUtils.java:logGet(44)) - raft.server.rpc.request.timeout = 60s (custom)
2021-09-05 02:14:47,126 [Listener at 127.0.0.1/38203] INFO  impl.DataStreamServerImpl (ConfUtils.java:logGet(44)) - raft.datastream.type = DISABLED (default)
2021-09-05 02:14:47,126 [Listener at 127.0.0.1/38203] INFO  server.RaftServerConfigKeys (ConfUtils.java:logGet(44)) - raft.server.rpc.slowness.timeout = 300s (custom)
2021-09-05 02:14:47,126 [Listener at 127.0.0.1/38203] INFO  server.RaftServerConfigKeys (ConfUtils.java:logGet(44)) - raft.server.leaderelection.leader.step-down.wait-time = 10s (default)
2021-09-05 02:14:47,127 [Listener at 127.0.0.1/38203] INFO  server.RaftServerConfigKeys (ConfUtils.java:logGet(44)) - raft.server.storage.dir = [/home/runner/work/ozone/ozone/hadoop-ozone/integration-test/target/test-dir/MiniOzoneClusterImpl-b9dfe4fd-d142-4c87-b19c-e6304396dee2/datanode-5/data/ratis] (custom)
2021-09-05 02:14:47,129 [Listener at 127.0.0.1/38203] INFO  http.BaseHttpServer (BaseHttpServer.java:newHttpServer2BuilderForOzone(209)) - Starting Web-server for hddsDatanode at: http://0.0.0.0:0
2021-09-05 02:14:47,129 [Listener at 127.0.0.1/38203] INFO  http.BaseHttpServer (BaseHttpServer.java:<init>(107)) - Hadoop Security Enabled: false Ozone Security Enabled: false Ozone HTTP Security Enabled: false 
2021-09-05 02:14:47,130 [Listener at 127.0.0.1/38203] INFO  server.AuthenticationFilter (AuthenticationFilter.java:constructSecretProvider(240)) - Unable to initialize FileSignerSecretProvider, falling back to use random secrets.
2021-09-05 02:14:47,133 [Listener at 127.0.0.1/38203] WARN  http.HttpRequestLog (HttpRequestLog.java:getRequestLog(103)) - Jetty request log can only be enabled using Log4j
2021-09-05 02:14:47,134 [Listener at 127.0.0.1/38203] INFO  http.HttpServer2 (HttpServer2.java:addGlobalFilter(1030)) - Added global filter 'safety' (class=org.apache.hadoop.hdds.server.http.HttpServer2$QuotingInputFilter)
2021-09-05 02:14:47,134 [Listener at 127.0.0.1/38203] INFO  http.HttpServer2 (HttpServer2.java:addFilter(1006)) - Added filter static_user_filter (class=org.apache.hadoop.http.lib.StaticUserWebFilter$StaticUserFilter) to context hddsDatanode
2021-09-05 02:14:47,135 [Listener at 127.0.0.1/38203] INFO  http.HttpServer2 (HttpServer2.java:addFilter(1014)) - Added filter static_user_filter (class=org.apache.hadoop.http.lib.StaticUserWebFilter$StaticUserFilter) to context static
2021-09-05 02:14:47,135 [Listener at 127.0.0.1/38203] INFO  http.HttpServer2 (HttpServer2.java:addFilter(1014)) - Added filter static_user_filter (class=org.apache.hadoop.http.lib.StaticUserWebFilter$StaticUserFilter) to context logs
2021-09-05 02:14:47,135 [Listener at 127.0.0.1/38203] INFO  http.HttpServer2 (HttpServer2.java:bindListener(1249)) - Jetty bound to port 38449
2021-09-05 02:14:47,135 [Listener at 127.0.0.1/38203] INFO  server.Server (Server.java:doStart(375)) - jetty-9.4.43.v20210629; built: 2021-06-30T11:07:22.254Z; git: 526006ecfa3af7f1a27ef3a288e2bef7ea9dd7e8; jvm 1.8.0_292-b10
2021-09-05 02:14:47,137 [Listener at 127.0.0.1/38203] INFO  server.session (DefaultSessionIdManager.java:doStart(334)) - DefaultSessionIdManager workerName=node0
2021-09-05 02:14:47,137 [Listener at 127.0.0.1/38203] INFO  server.session (DefaultSessionIdManager.java:doStart(339)) - No SessionScavenger set, using defaults
2021-09-05 02:14:47,138 [Listener at 127.0.0.1/38203] INFO  server.session (HouseKeeper.java:startScavenging(132)) - node0 Scavenging every 600000ms
2021-09-05 02:14:47,138 [Listener at 127.0.0.1/38203] INFO  handler.ContextHandler (ContextHandler.java:doStart(915)) - Started o.e.j.s.ServletContextHandler@2373964a{logs,/logs,file:///home/runner/work/ozone/ozone/hadoop-ozone/integration-test/target/log,AVAILABLE}
2021-09-05 02:14:47,138 [Listener at 127.0.0.1/38203] INFO  handler.ContextHandler (ContextHandler.java:doStart(915)) - Started o.e.j.s.ServletContextHandler@3d068df1{static,/static,jar:file:/home/runner/.m2/repository/org/apache/ozone/hdds-container-service/1.2.0-SNAPSHOT/hdds-container-service-1.2.0-SNAPSHOT.jar!/webapps/static,AVAILABLE}
2021-09-05 02:14:47,175 [Listener at 127.0.0.1/38203] INFO  handler.ContextHandler (ContextHandler.java:doStart(915)) - Started o.e.j.w.WebAppContext@5295480f{hddsDatanode,/,file:///tmp/jetty-0_0_0_0-38449-hdds-container-service-1_2_0-SNAPSHOT_jar-_-any-1976459431211154874/webapp/,AVAILABLE}{jar:file:/home/runner/.m2/repository/org/apache/ozone/hdds-container-service/1.2.0-SNAPSHOT/hdds-container-service-1.2.0-SNAPSHOT.jar!/webapps/hddsDatanode}
2021-09-05 02:14:47,176 [Listener at 127.0.0.1/38203] INFO  server.AbstractConnector (AbstractConnector.java:doStart(331)) - Started ServerConnector@3cac92ed{HTTP/1.1, (http/1.1)}{0.0.0.0:38449}
2021-09-05 02:14:47,177 [Listener at 127.0.0.1/38203] INFO  server.Server (Server.java:doStart(415)) - Started @8155ms
2021-09-05 02:14:47,177 [Listener at 127.0.0.1/38203] WARN  impl.MetricsSystemImpl (MetricsSystemImpl.java:register(279)) - Sink prometheus already exists!
2021-09-05 02:14:47,177 [Listener at 127.0.0.1/38203] INFO  http.BaseHttpServer (BaseHttpServer.java:updateConnectorAddress(329)) - HTTP server of hddsDatanode listening at http://0.0.0.0:38449
2021-09-05 02:14:47,179 [Listener at 127.0.0.1/38203] INFO  ozone.MiniOzoneClusterImpl (MiniOzoneClusterImpl.java:lambda$waitForClusterToBeReady$0(235)) - Waiting for nodes to be ready. Got 0 of 6 DN Heartbeats.
2021-09-05 02:14:47,179 [Listener at 127.0.0.1/38203] INFO  ozone.MiniOzoneClusterImpl (MiniOzoneClusterImpl.java:lambda$waitForClusterToBeReady$0(238)) - Waiting for cluster to exit safe mode
2021-09-05 02:14:47,179 [Listener at 127.0.0.1/38203] INFO  ozone.MiniOzoneClusterImpl (MiniOzoneClusterImpl.java:lambda$waitForClusterToBeReady$0(240)) - SCM became leader
2021-09-05 02:14:47,182 [org.apache.hadoop.util.JvmPauseMonitor$Monitor@200f548f] INFO  util.JvmPauseMonitor (JvmPauseMonitor.java:run(188)) - Starting JVM pause monitor
2021-09-05 02:14:47,184 [Datanode State Machine Task Thread - 0] INFO  datanode.InitDatanodeState (InitDatanodeState.java:persistContainerDatanodeDetails(145)) - DatanodeDetails is persisted to /home/runner/work/ozone/ozone/hadoop-ozone/integration-test/target/test-dir/MiniOzoneClusterImpl-b9dfe4fd-d142-4c87-b19c-e6304396dee2/datanode-5/meta/datanode.id
2021-09-05 02:14:47,875 [EndpointStateMachine task thread for /0.0.0.0:39337 - 0 ] INFO  ozoneimpl.OzoneContainer (OzoneContainer.java:start(305)) - Attempting to start container services.
2021-09-05 02:14:47,876 [EndpointStateMachine task thread for /0.0.0.0:39337 - 0 ] INFO  ozoneimpl.OzoneContainer (OzoneContainer.java:startContainerScrub(250)) - Background container scanner has been disabled.
2021-09-05 02:14:47,877 [EndpointStateMachine task thread for /0.0.0.0:39337 - 0 ] INFO  replication.ReplicationServer (ReplicationServer.java:start(107)) - ReplicationServer is started using port 43743
2021-09-05 02:14:47,885 [EndpointStateMachine task thread for /0.0.0.0:39337 - 0 ] INFO  ratis.XceiverServerRatis (XceiverServerRatis.java:start(482)) - Starting XceiverServerRatis 051433ed-f0f3-4e10-b303-9534300925a9
2021-09-05 02:14:47,918 [EndpointStateMachine task thread for /0.0.0.0:39337 - 0 ] INFO  server.RaftServer (RaftServerProxy.java:lambda$start$5(374)) - 051433ed-f0f3-4e10-b303-9534300925a9: start RPC server
2021-09-05 02:14:47,919 [EndpointStateMachine task thread for /0.0.0.0:39337 - 0 ] INFO  server.GrpcService (GrpcService.java:startImpl(253)) - 051433ed-f0f3-4e10-b303-9534300925a9: GrpcService started, listening on 36003
2021-09-05 02:14:47,920 [EndpointStateMachine task thread for /0.0.0.0:39337 - 0 ] INFO  ratis.XceiverServerRatis (XceiverServerRatis.java:getRealPort(503)) - XceiverServerRatis 051433ed-f0f3-4e10-b303-9534300925a9 is started using port 36003 for RATIS
2021-09-05 02:14:47,920 [EndpointStateMachine task thread for /0.0.0.0:39337 - 0 ] INFO  ratis.XceiverServerRatis (XceiverServerRatis.java:getRealPort(503)) - XceiverServerRatis 051433ed-f0f3-4e10-b303-9534300925a9 is started using port 36003 for RATIS_ADMIN
2021-09-05 02:14:47,920 [EndpointStateMachine task thread for /0.0.0.0:39337 - 0 ] INFO  ratis.XceiverServerRatis (XceiverServerRatis.java:getRealPort(503)) - XceiverServerRatis 051433ed-f0f3-4e10-b303-9534300925a9 is started using port 36003 for RATIS_SERVER
2021-09-05 02:14:47,921 [org.apache.ratis.util.JvmPauseMonitor$$Lambda$534/1412209494@265c2f87] INFO  util.JvmPauseMonitor (JvmPauseMonitor.java:run(103)) - JvmPauseMonitor-051433ed-f0f3-4e10-b303-9534300925a9: Started
2021-09-05 02:14:47,922 [EndpointStateMachine task thread for /0.0.0.0:39337 - 0 ] INFO  server.XceiverServerGrpc (XceiverServerGrpc.java:start(135)) - XceiverServerGrpc 051433ed-f0f3-4e10-b303-9534300925a9 is started using port 46667
2021-09-05 02:14:48,041 [ReplicationMonitor] INFO  container.ReplicationManager (ReplicationManager.java:processAll(359)) - Replication Monitor Thread took 0 milliseconds for processing 0 containers.
2021-09-05 02:14:48,118 [EndpointStateMachine task thread for /0.0.0.0:39337 - 0 ] INFO  ozoneimpl.OzoneContainer (OzoneContainer.java:start(305)) - Attempting to start container services.
2021-09-05 02:14:48,118 [EndpointStateMachine task thread for /0.0.0.0:39337 - 0 ] INFO  ozoneimpl.OzoneContainer (OzoneContainer.java:startContainerScrub(250)) - Background container scanner has been disabled.
2021-09-05 02:14:48,120 [EndpointStateMachine task thread for /0.0.0.0:39337 - 0 ] INFO  replication.ReplicationServer (ReplicationServer.java:start(107)) - ReplicationServer is started using port 38597
2021-09-05 02:14:48,121 [EndpointStateMachine task thread for /0.0.0.0:39337 - 0 ] INFO  ratis.XceiverServerRatis (XceiverServerRatis.java:start(482)) - Starting XceiverServerRatis 1374024b-188e-4a27-8b68-8945fec70172
2021-09-05 02:14:48,122 [EndpointStateMachine task thread for /0.0.0.0:39337 - 0 ] INFO  server.RaftServer (RaftServerProxy.java:lambda$start$5(374)) - 1374024b-188e-4a27-8b68-8945fec70172: start RPC server
2021-09-05 02:14:48,123 [EndpointStateMachine task thread for /0.0.0.0:39337 - 0 ] INFO  server.GrpcService (GrpcService.java:startImpl(253)) - 1374024b-188e-4a27-8b68-8945fec70172: GrpcService started, listening on 45107
2021-09-05 02:14:48,124 [EndpointStateMachine task thread for /0.0.0.0:39337 - 0 ] INFO  ratis.XceiverServerRatis (XceiverServerRatis.java:getRealPort(503)) - XceiverServerRatis 1374024b-188e-4a27-8b68-8945fec70172 is started using port 45107 for RATIS
2021-09-05 02:14:48,124 [org.apache.ratis.util.JvmPauseMonitor$$Lambda$534/1412209494@160a9d2d] INFO  util.JvmPauseMonitor (JvmPauseMonitor.java:run(103)) - JvmPauseMonitor-1374024b-188e-4a27-8b68-8945fec70172: Started
2021-09-05 02:14:48,124 [EndpointStateMachine task thread for /0.0.0.0:39337 - 0 ] INFO  ratis.XceiverServerRatis (XceiverServerRatis.java:getRealPort(503)) - XceiverServerRatis 1374024b-188e-4a27-8b68-8945fec70172 is started using port 45107 for RATIS_ADMIN
2021-09-05 02:14:48,124 [EndpointStateMachine task thread for /0.0.0.0:39337 - 0 ] INFO  ratis.XceiverServerRatis (XceiverServerRatis.java:getRealPort(503)) - XceiverServerRatis 1374024b-188e-4a27-8b68-8945fec70172 is started using port 45107 for RATIS_SERVER
2021-09-05 02:14:48,125 [EndpointStateMachine task thread for /0.0.0.0:39337 - 0 ] INFO  server.XceiverServerGrpc (XceiverServerGrpc.java:start(135)) - XceiverServerGrpc 1374024b-188e-4a27-8b68-8945fec70172 is started using port 45451
2021-09-05 02:14:48,179 [Listener at 127.0.0.1/38203] INFO  ozone.MiniOzoneClusterImpl (MiniOzoneClusterImpl.java:lambda$waitForClusterToBeReady$0(235)) - Waiting for nodes to be ready. Got 0 of 6 DN Heartbeats.
2021-09-05 02:14:48,179 [Listener at 127.0.0.1/38203] INFO  ozone.MiniOzoneClusterImpl (MiniOzoneClusterImpl.java:lambda$waitForClusterToBeReady$0(238)) - Waiting for cluster to exit safe mode
2021-09-05 02:14:48,179 [Listener at 127.0.0.1/38203] INFO  ozone.MiniOzoneClusterImpl (MiniOzoneClusterImpl.java:lambda$waitForClusterToBeReady$0(240)) - SCM became leader
2021-09-05 02:14:48,544 [EndpointStateMachine task thread for /0.0.0.0:39337 - 0 ] INFO  ozoneimpl.OzoneContainer (OzoneContainer.java:start(305)) - Attempting to start container services.
2021-09-05 02:14:48,545 [EndpointStateMachine task thread for /0.0.0.0:39337 - 0 ] INFO  ozoneimpl.OzoneContainer (OzoneContainer.java:startContainerScrub(250)) - Background container scanner has been disabled.
2021-09-05 02:14:48,546 [EndpointStateMachine task thread for /0.0.0.0:39337 - 0 ] INFO  replication.ReplicationServer (ReplicationServer.java:start(107)) - ReplicationServer is started using port 41425
2021-09-05 02:14:48,547 [EndpointStateMachine task thread for /0.0.0.0:39337 - 0 ] INFO  ratis.XceiverServerRatis (XceiverServerRatis.java:start(482)) - Starting XceiverServerRatis 164a5057-06fc-470a-866e-2459acc1ca75
2021-09-05 02:14:48,550 [EndpointStateMachine task thread for /0.0.0.0:39337 - 0 ] INFO  server.RaftServer (RaftServerProxy.java:lambda$start$5(374)) - 164a5057-06fc-470a-866e-2459acc1ca75: start RPC server
2021-09-05 02:14:48,553 [EndpointStateMachine task thread for /0.0.0.0:39337 - 0 ] INFO  server.GrpcService (GrpcService.java:startImpl(253)) - 164a5057-06fc-470a-866e-2459acc1ca75: GrpcService started, listening on 42029
2021-09-05 02:14:48,553 [EndpointStateMachine task thread for /0.0.0.0:39337 - 0 ] INFO  ratis.XceiverServerRatis (XceiverServerRatis.java:getRealPort(503)) - XceiverServerRatis 164a5057-06fc-470a-866e-2459acc1ca75 is started using port 42029 for RATIS
2021-09-05 02:14:48,553 [org.apache.ratis.util.JvmPauseMonitor$$Lambda$534/1412209494@720c0334] INFO  util.JvmPauseMonitor (JvmPauseMonitor.java:run(103)) - JvmPauseMonitor-164a5057-06fc-470a-866e-2459acc1ca75: Started
2021-09-05 02:14:48,553 [EndpointStateMachine task thread for /0.0.0.0:39337 - 0 ] INFO  ratis.XceiverServerRatis (XceiverServerRatis.java:getRealPort(503)) - XceiverServerRatis 164a5057-06fc-470a-866e-2459acc1ca75 is started using port 42029 for RATIS_ADMIN
2021-09-05 02:14:48,554 [EndpointStateMachine task thread for /0.0.0.0:39337 - 0 ] INFO  ratis.XceiverServerRatis (XceiverServerRatis.java:getRealPort(503)) - XceiverServerRatis 164a5057-06fc-470a-866e-2459acc1ca75 is started using port 42029 for RATIS_SERVER
2021-09-05 02:14:48,554 [EndpointStateMachine task thread for /0.0.0.0:39337 - 0 ] INFO  server.XceiverServerGrpc (XceiverServerGrpc.java:start(135)) - XceiverServerGrpc 164a5057-06fc-470a-866e-2459acc1ca75 is started using port 36885
2021-09-05 02:14:48,759 [EndpointStateMachine task thread for /0.0.0.0:39337 - 0 ] INFO  ozoneimpl.OzoneContainer (OzoneContainer.java:start(305)) - Attempting to start container services.
2021-09-05 02:14:48,759 [EndpointStateMachine task thread for /0.0.0.0:39337 - 0 ] INFO  ozoneimpl.OzoneContainer (OzoneContainer.java:startContainerScrub(250)) - Background container scanner has been disabled.
2021-09-05 02:14:48,760 [EndpointStateMachine task thread for /0.0.0.0:39337 - 0 ] INFO  replication.ReplicationServer (ReplicationServer.java:start(107)) - ReplicationServer is started using port 37671
2021-09-05 02:14:48,761 [EndpointStateMachine task thread for /0.0.0.0:39337 - 0 ] INFO  ratis.XceiverServerRatis (XceiverServerRatis.java:start(482)) - Starting XceiverServerRatis 107e36cc-fe8a-481c-a932-f36b6ede4996
2021-09-05 02:14:48,766 [EndpointStateMachine task thread for /0.0.0.0:39337 - 0 ] INFO  server.RaftServer (RaftServerProxy.java:lambda$start$5(374)) - 107e36cc-fe8a-481c-a932-f36b6ede4996: start RPC server
2021-09-05 02:14:48,767 [EndpointStateMachine task thread for /0.0.0.0:39337 - 0 ] INFO  server.GrpcService (GrpcService.java:startImpl(253)) - 107e36cc-fe8a-481c-a932-f36b6ede4996: GrpcService started, listening on 41403
2021-09-05 02:14:48,767 [EndpointStateMachine task thread for /0.0.0.0:39337 - 0 ] INFO  ratis.XceiverServerRatis (XceiverServerRatis.java:getRealPort(503)) - XceiverServerRatis 107e36cc-fe8a-481c-a932-f36b6ede4996 is started using port 41403 for RATIS
2021-09-05 02:14:48,767 [org.apache.ratis.util.JvmPauseMonitor$$Lambda$534/1412209494@4974d546] INFO  util.JvmPauseMonitor (JvmPauseMonitor.java:run(103)) - JvmPauseMonitor-107e36cc-fe8a-481c-a932-f36b6ede4996: Started
2021-09-05 02:14:48,767 [EndpointStateMachine task thread for /0.0.0.0:39337 - 0 ] INFO  ratis.XceiverServerRatis (XceiverServerRatis.java:getRealPort(503)) - XceiverServerRatis 107e36cc-fe8a-481c-a932-f36b6ede4996 is started using port 41403 for RATIS_ADMIN
2021-09-05 02:14:48,767 [EndpointStateMachine task thread for /0.0.0.0:39337 - 0 ] INFO  ratis.XceiverServerRatis (XceiverServerRatis.java:getRealPort(503)) - XceiverServerRatis 107e36cc-fe8a-481c-a932-f36b6ede4996 is started using port 41403 for RATIS_SERVER
2021-09-05 02:14:48,769 [EndpointStateMachine task thread for /0.0.0.0:39337 - 0 ] INFO  server.XceiverServerGrpc (XceiverServerGrpc.java:start(135)) - XceiverServerGrpc 107e36cc-fe8a-481c-a932-f36b6ede4996 is started using port 42501
2021-09-05 02:14:48,997 [EndpointStateMachine task thread for /0.0.0.0:39337 - 0 ] INFO  ozoneimpl.OzoneContainer (OzoneContainer.java:start(305)) - Attempting to start container services.
2021-09-05 02:14:48,998 [EndpointStateMachine task thread for /0.0.0.0:39337 - 0 ] INFO  ozoneimpl.OzoneContainer (OzoneContainer.java:startContainerScrub(250)) - Background container scanner has been disabled.
2021-09-05 02:14:48,999 [EndpointStateMachine task thread for /0.0.0.0:39337 - 0 ] INFO  replication.ReplicationServer (ReplicationServer.java:start(107)) - ReplicationServer is started using port 36345
2021-09-05 02:14:48,999 [EndpointStateMachine task thread for /0.0.0.0:39337 - 0 ] INFO  ratis.XceiverServerRatis (XceiverServerRatis.java:start(482)) - Starting XceiverServerRatis c9529fe3-953b-4ef8-a4b7-44d7a8ee90ff
2021-09-05 02:14:49,001 [EndpointStateMachine task thread for /0.0.0.0:39337 - 0 ] INFO  server.RaftServer (RaftServerProxy.java:lambda$start$5(374)) - c9529fe3-953b-4ef8-a4b7-44d7a8ee90ff: start RPC server
2021-09-05 02:14:49,002 [EndpointStateMachine task thread for /0.0.0.0:39337 - 0 ] INFO  server.GrpcService (GrpcService.java:startImpl(253)) - c9529fe3-953b-4ef8-a4b7-44d7a8ee90ff: GrpcService started, listening on 36459
2021-09-05 02:14:49,003 [EndpointStateMachine task thread for /0.0.0.0:39337 - 0 ] INFO  ratis.XceiverServerRatis (XceiverServerRatis.java:getRealPort(503)) - XceiverServerRatis c9529fe3-953b-4ef8-a4b7-44d7a8ee90ff is started using port 36459 for RATIS
2021-09-05 02:14:49,003 [org.apache.ratis.util.JvmPauseMonitor$$Lambda$534/1412209494@6b4f58b5] INFO  util.JvmPauseMonitor (JvmPauseMonitor.java:run(103)) - JvmPauseMonitor-c9529fe3-953b-4ef8-a4b7-44d7a8ee90ff: Started
2021-09-05 02:14:49,003 [EndpointStateMachine task thread for /0.0.0.0:39337 - 0 ] INFO  ratis.XceiverServerRatis (XceiverServerRatis.java:getRealPort(503)) - XceiverServerRatis c9529fe3-953b-4ef8-a4b7-44d7a8ee90ff is started using port 36459 for RATIS_ADMIN
2021-09-05 02:14:49,007 [EndpointStateMachine task thread for /0.0.0.0:39337 - 0 ] INFO  ratis.XceiverServerRatis (XceiverServerRatis.java:getRealPort(503)) - XceiverServerRatis c9529fe3-953b-4ef8-a4b7-44d7a8ee90ff is started using port 36459 for RATIS_SERVER
2021-09-05 02:14:49,009 [EndpointStateMachine task thread for /0.0.0.0:39337 - 0 ] INFO  server.XceiverServerGrpc (XceiverServerGrpc.java:start(135)) - XceiverServerGrpc c9529fe3-953b-4ef8-a4b7-44d7a8ee90ff is started using port 42439
2021-09-05 02:14:49,041 [ReplicationMonitor] INFO  container.ReplicationManager (ReplicationManager.java:processAll(359)) - Replication Monitor Thread took 0 milliseconds for processing 0 containers.
2021-09-05 02:14:49,179 [Listener at 127.0.0.1/38203] INFO  ozone.MiniOzoneClusterImpl (MiniOzoneClusterImpl.java:lambda$waitForClusterToBeReady$0(235)) - Waiting for nodes to be ready. Got 0 of 6 DN Heartbeats.
2021-09-05 02:14:49,180 [Listener at 127.0.0.1/38203] INFO  ozone.MiniOzoneClusterImpl (MiniOzoneClusterImpl.java:lambda$waitForClusterToBeReady$0(238)) - Waiting for cluster to exit safe mode
2021-09-05 02:14:49,180 [Listener at 127.0.0.1/38203] INFO  ozone.MiniOzoneClusterImpl (MiniOzoneClusterImpl.java:lambda$waitForClusterToBeReady$0(240)) - SCM became leader
2021-09-05 02:14:49,186 [EndpointStateMachine task thread for /0.0.0.0:39337 - 0 ] INFO  ozoneimpl.OzoneContainer (OzoneContainer.java:start(305)) - Attempting to start container services.
2021-09-05 02:14:49,186 [EndpointStateMachine task thread for /0.0.0.0:39337 - 0 ] INFO  ozoneimpl.OzoneContainer (OzoneContainer.java:startContainerScrub(250)) - Background container scanner has been disabled.
2021-09-05 02:14:49,188 [EndpointStateMachine task thread for /0.0.0.0:39337 - 0 ] INFO  replication.ReplicationServer (ReplicationServer.java:start(107)) - ReplicationServer is started using port 46563
2021-09-05 02:14:49,188 [EndpointStateMachine task thread for /0.0.0.0:39337 - 0 ] INFO  ratis.XceiverServerRatis (XceiverServerRatis.java:start(482)) - Starting XceiverServerRatis 3bd9e3a9-14dd-46c0-953f-63403e4f7020
2021-09-05 02:14:49,190 [EndpointStateMachine task thread for /0.0.0.0:39337 - 0 ] INFO  server.RaftServer (RaftServerProxy.java:lambda$start$5(374)) - 3bd9e3a9-14dd-46c0-953f-63403e4f7020: start RPC server
2021-09-05 02:14:49,191 [EndpointStateMachine task thread for /0.0.0.0:39337 - 0 ] INFO  server.GrpcService (GrpcService.java:startImpl(253)) - 3bd9e3a9-14dd-46c0-953f-63403e4f7020: GrpcService started, listening on 45657
2021-09-05 02:14:49,191 [EndpointStateMachine task thread for /0.0.0.0:39337 - 0 ] INFO  ratis.XceiverServerRatis (XceiverServerRatis.java:getRealPort(503)) - XceiverServerRatis 3bd9e3a9-14dd-46c0-953f-63403e4f7020 is started using port 45657 for RATIS
2021-09-05 02:14:49,191 [org.apache.ratis.util.JvmPauseMonitor$$Lambda$534/1412209494@679b83ce] INFO  util.JvmPauseMonitor (JvmPauseMonitor.java:run(103)) - JvmPauseMonitor-3bd9e3a9-14dd-46c0-953f-63403e4f7020: Started
2021-09-05 02:14:49,191 [EndpointStateMachine task thread for /0.0.0.0:39337 - 0 ] INFO  ratis.XceiverServerRatis (XceiverServerRatis.java:getRealPort(503)) - XceiverServerRatis 3bd9e3a9-14dd-46c0-953f-63403e4f7020 is started using port 45657 for RATIS_ADMIN
2021-09-05 02:14:49,192 [EndpointStateMachine task thread for /0.0.0.0:39337 - 0 ] INFO  ratis.XceiverServerRatis (XceiverServerRatis.java:getRealPort(503)) - XceiverServerRatis 3bd9e3a9-14dd-46c0-953f-63403e4f7020 is started using port 45657 for RATIS_SERVER
2021-09-05 02:14:49,194 [EndpointStateMachine task thread for /0.0.0.0:39337 - 0 ] INFO  server.XceiverServerGrpc (XceiverServerGrpc.java:start(135)) - XceiverServerGrpc 3bd9e3a9-14dd-46c0-953f-63403e4f7020 is started using port 37931
2021-09-05 02:14:49,841 [IPC Server handler 15 on default port 39337] INFO  net.NetworkTopologyImpl (NetworkTopologyImpl.java:add(112)) - Added a new node: /default-rack/051433ed-f0f3-4e10-b303-9534300925a9
2021-09-05 02:14:49,842 [IPC Server handler 15 on default port 39337] INFO  node.SCMNodeManager (SCMNodeManager.java:register(390)) - Registered Data node : 051433ed-f0f3-4e10-b303-9534300925a9{ip: 10.1.0.22, host: fv-az151-757.yf2hydr00wburbhx3j5hxtcipe.bx.internal.cloudapp.net, ports: [REPLICATION=43743, RATIS=36003, RATIS_ADMIN=36003, RATIS_SERVER=36003, STANDALONE=46667], networkLocation: /default-rack, certSerialId: null, persistedOpState: null, persistedOpStateExpiryEpochSec: 0}
2021-09-05 02:14:49,845 [EventQueue-NewNodeForNewNodeHandler] INFO  pipeline.BackgroundPipelineCreator (BackgroundPipelineCreatorV2.java:notifyEventTriggered(285)) - trigger a one-shot run on RatisPipelineUtilsThread.
2021-09-05 02:14:49,855 [RatisPipelineUtilsThread - 0] INFO  pipeline.RatisPipelineProvider (RatisPipelineProvider.java:lambda$create$0(183)) - Sending CreatePipelineCommand for pipeline:PipelineID=42e7a35c-34f4-4c38-b929-9d65260d38ad to datanode:051433ed-f0f3-4e10-b303-9534300925a9
2021-09-05 02:14:49,856 [EventQueue-NodeRegistrationContainerReportForContainerSafeModeRule] INFO  safemode.SCMSafeModeManager (SCMSafeModeManager.java:validateSafeModeExitRules(204)) - ContainerSafeModeRule rule is successfully validated
2021-09-05 02:14:49,857 [EventQueue-NodeRegistrationContainerReportForDataNodeSafeModeRule] INFO  safemode.SCMSafeModeManager (DataNodeSafeModeRule.java:process(71)) - SCM in safe mode. 1 DataNodes registered, 3 required.
2021-09-05 02:14:49,867 [EventQueue-PipelineReportForOneReplicaPipelineSafeModeRule] INFO  safemode.SCMSafeModeManager (SCMSafeModeManager.java:validateSafeModeExitRules(204)) - AtleastOneDatanodeReportedRule rule is successfully validated
2021-09-05 02:14:49,877 [RatisPipelineUtilsThread - 0] INFO  pipeline.PipelineStateManager (PipelineStateManagerV2Impl.java:addPipeline(101)) - Created pipeline Pipeline[ Id: 42e7a35c-34f4-4c38-b929-9d65260d38ad, Nodes: 051433ed-f0f3-4e10-b303-9534300925a9{ip: 10.1.0.22, host: fv-az151-757.yf2hydr00wburbhx3j5hxtcipe.bx.internal.cloudapp.net, ports: [REPLICATION=43743, RATIS=36003, RATIS_ADMIN=36003, RATIS_SERVER=36003, STANDALONE=46667], networkLocation: /default-rack, certSerialId: null, persistedOpState: IN_SERVICE, persistedOpStateExpiryEpochSec: 0}, ReplicationConfig: RATIS/ONE, State:ALLOCATED, leaderId:, CreationTimestamp2021-09-05T02:14:49.852Z[Etc/UTC]].
2021-09-05 02:14:50,042 [ReplicationMonitor] INFO  container.ReplicationManager (ReplicationManager.java:processAll(359)) - Replication Monitor Thread took 0 milliseconds for processing 0 containers.
2021-09-05 02:14:50,116 [IPC Server handler 0 on default port 39337] INFO  net.NetworkTopologyImpl (NetworkTopologyImpl.java:add(112)) - Added a new node: /default-rack/1374024b-188e-4a27-8b68-8945fec70172
2021-09-05 02:14:50,116 [IPC Server handler 0 on default port 39337] INFO  node.SCMNodeManager (SCMNodeManager.java:register(390)) - Registered Data node : 1374024b-188e-4a27-8b68-8945fec70172{ip: 10.1.0.22, host: fv-az151-757.yf2hydr00wburbhx3j5hxtcipe.bx.internal.cloudapp.net, ports: [REPLICATION=38597, RATIS=45107, RATIS_ADMIN=45107, RATIS_SERVER=45107, STANDALONE=45451], networkLocation: /default-rack, certSerialId: null, persistedOpState: null, persistedOpStateExpiryEpochSec: 0}
2021-09-05 02:14:50,117 [EventQueue-NewNodeForNewNodeHandler] INFO  pipeline.BackgroundPipelineCreator (BackgroundPipelineCreatorV2.java:notifyEventTriggered(285)) - trigger a one-shot run on RatisPipelineUtilsThread.
2021-09-05 02:14:50,117 [EventQueue-NodeRegistrationContainerReportForDataNodeSafeModeRule] INFO  safemode.SCMSafeModeManager (DataNodeSafeModeRule.java:process(71)) - SCM in safe mode. 2 DataNodes registered, 3 required.
2021-09-05 02:14:50,118 [RatisPipelineUtilsThread - 0] INFO  pipeline.RatisPipelineProvider (RatisPipelineProvider.java:lambda$create$0(183)) - Sending CreatePipelineCommand for pipeline:PipelineID=4cf9f247-b0ad-4a62-a72f-a9d44b2a46ea to datanode:1374024b-188e-4a27-8b68-8945fec70172
2021-09-05 02:14:50,118 [RatisPipelineUtilsThread - 0] INFO  pipeline.PipelineStateManager (PipelineStateManagerV2Impl.java:addPipeline(101)) - Created pipeline Pipeline[ Id: 4cf9f247-b0ad-4a62-a72f-a9d44b2a46ea, Nodes: 1374024b-188e-4a27-8b68-8945fec70172{ip: 10.1.0.22, host: fv-az151-757.yf2hydr00wburbhx3j5hxtcipe.bx.internal.cloudapp.net, ports: [REPLICATION=38597, RATIS=45107, RATIS_ADMIN=45107, RATIS_SERVER=45107, STANDALONE=45451], networkLocation: /default-rack, certSerialId: null, persistedOpState: IN_SERVICE, persistedOpStateExpiryEpochSec: 0}, ReplicationConfig: RATIS/ONE, State:ALLOCATED, leaderId:, CreationTimestamp2021-09-05T02:14:50.118Z[Etc/UTC]].
2021-09-05 02:14:50,180 [Listener at 127.0.0.1/38203] INFO  ozone.MiniOzoneClusterImpl (MiniOzoneClusterImpl.java:lambda$waitForClusterToBeReady$0(235)) - Waiting for nodes to be ready. Got 2 of 6 DN Heartbeats.
2021-09-05 02:14:50,180 [Listener at 127.0.0.1/38203] INFO  ozone.MiniOzoneClusterImpl (MiniOzoneClusterImpl.java:lambda$waitForClusterToBeReady$0(238)) - Waiting for cluster to exit safe mode
2021-09-05 02:14:50,180 [Listener at 127.0.0.1/38203] INFO  ozone.MiniOzoneClusterImpl (MiniOzoneClusterImpl.java:lambda$waitForClusterToBeReady$0(240)) - SCM became leader
2021-09-05 02:14:50,541 [IPC Server handler 2 on default port 39337] INFO  net.NetworkTopologyImpl (NetworkTopologyImpl.java:add(112)) - Added a new node: /default-rack/164a5057-06fc-470a-866e-2459acc1ca75
2021-09-05 02:14:50,541 [IPC Server handler 2 on default port 39337] INFO  node.SCMNodeManager (SCMNodeManager.java:register(390)) - Registered Data node : 164a5057-06fc-470a-866e-2459acc1ca75{ip: 10.1.0.22, host: fv-az151-757.yf2hydr00wburbhx3j5hxtcipe.bx.internal.cloudapp.net, ports: [REPLICATION=41425, RATIS=42029, RATIS_ADMIN=42029, RATIS_SERVER=42029, STANDALONE=36885], networkLocation: /default-rack, certSerialId: null, persistedOpState: null, persistedOpStateExpiryEpochSec: 0}
2021-09-05 02:14:50,541 [EventQueue-NewNodeForNewNodeHandler] INFO  pipeline.BackgroundPipelineCreator (BackgroundPipelineCreatorV2.java:notifyEventTriggered(285)) - trigger a one-shot run on RatisPipelineUtilsThread.
2021-09-05 02:14:50,542 [EventQueue-NodeRegistrationContainerReportForDataNodeSafeModeRule] INFO  safemode.SCMSafeModeManager (DataNodeSafeModeRule.java:process(71)) - SCM in safe mode. 3 DataNodes registered, 3 required.
2021-09-05 02:14:50,542 [EventQueue-NodeRegistrationContainerReportForDataNodeSafeModeRule] INFO  safemode.SCMSafeModeManager (SCMSafeModeManager.java:validateSafeModeExitRules(204)) - DataNodeSafeModeRule rule is successfully validated
2021-09-05 02:14:50,542 [EventQueue-NodeRegistrationContainerReportForDataNodeSafeModeRule] INFO  safemode.SCMSafeModeManager (SCMSafeModeManager.java:completePreCheck(233)) - All SCM safe mode pre check rules have passed
2021-09-05 02:14:50,542 [EventQueue-NodeRegistrationContainerReportForDataNodeSafeModeRule] WARN  events.EventQueue (EventQueue.java:fireEvent(194)) - No event handler registered for event TypedEvent{payloadType=SafeModeStatus, name='Safe mode status'}
2021-09-05 02:14:50,542 [EventQueue-NodeRegistrationContainerReportForDataNodeSafeModeRule] INFO  ha.SCMContext (SCMContext.java:updateSafeModeStatus(205)) - Update SafeModeStatus from SafeModeStatus{safeModeStatus=true, preCheckPassed=false} to SafeModeStatus{safeModeStatus=true, preCheckPassed=true}.
2021-09-05 02:14:50,542 [EventQueue-NodeRegistrationContainerReportForDataNodeSafeModeRule] INFO  pipeline.BackgroundPipelineCreator (BackgroundPipelineCreatorV2.java:notifyEventTriggered(285)) - trigger a one-shot run on RatisPipelineUtilsThread.
2021-09-05 02:14:50,543 [RatisPipelineUtilsThread - 0] INFO  pipeline.RatisPipelineProvider (RatisPipelineProvider.java:lambda$create$0(183)) - Sending CreatePipelineCommand for pipeline:PipelineID=bd7486a3-d2ae-4ec9-a81c-da07979b28d5 to datanode:164a5057-06fc-470a-866e-2459acc1ca75
2021-09-05 02:14:50,544 [RatisPipelineUtilsThread - 0] INFO  pipeline.PipelineStateManager (PipelineStateManagerV2Impl.java:addPipeline(101)) - Created pipeline Pipeline[ Id: bd7486a3-d2ae-4ec9-a81c-da07979b28d5, Nodes: 164a5057-06fc-470a-866e-2459acc1ca75{ip: 10.1.0.22, host: fv-az151-757.yf2hydr00wburbhx3j5hxtcipe.bx.internal.cloudapp.net, ports: [REPLICATION=41425, RATIS=42029, RATIS_ADMIN=42029, RATIS_SERVER=42029, STANDALONE=36885], networkLocation: /default-rack, certSerialId: null, persistedOpState: IN_SERVICE, persistedOpStateExpiryEpochSec: 0}, ReplicationConfig: RATIS/ONE, State:ALLOCATED, leaderId:, CreationTimestamp2021-09-05T02:14:50.543Z[Etc/UTC]].
2021-09-05 02:14:50,547 [RatisPipelineUtilsThread - 0] INFO  pipeline.RatisPipelineProvider (RatisPipelineProvider.java:lambda$create$0(183)) - Sending CreatePipelineCommand for pipeline:PipelineID=1329cd8a-6765-40e5-9e23-d658d3a0f6d4 to datanode:164a5057-06fc-470a-866e-2459acc1ca75
2021-09-05 02:14:50,547 [RatisPipelineUtilsThread - 0] INFO  pipeline.RatisPipelineProvider (RatisPipelineProvider.java:lambda$create$0(183)) - Sending CreatePipelineCommand for pipeline:PipelineID=1329cd8a-6765-40e5-9e23-d658d3a0f6d4 to datanode:1374024b-188e-4a27-8b68-8945fec70172
2021-09-05 02:14:50,547 [RatisPipelineUtilsThread - 0] INFO  pipeline.RatisPipelineProvider (RatisPipelineProvider.java:lambda$create$0(183)) - Sending CreatePipelineCommand for pipeline:PipelineID=1329cd8a-6765-40e5-9e23-d658d3a0f6d4 to datanode:051433ed-f0f3-4e10-b303-9534300925a9
2021-09-05 02:14:50,548 [RatisPipelineUtilsThread - 0] INFO  pipeline.PipelineStateManager (PipelineStateManagerV2Impl.java:addPipeline(101)) - Created pipeline Pipeline[ Id: 1329cd8a-6765-40e5-9e23-d658d3a0f6d4, Nodes: 164a5057-06fc-470a-866e-2459acc1ca75{ip: 10.1.0.22, host: fv-az151-757.yf2hydr00wburbhx3j5hxtcipe.bx.internal.cloudapp.net, ports: [REPLICATION=41425, RATIS=42029, RATIS_ADMIN=42029, RATIS_SERVER=42029, STANDALONE=36885], networkLocation: /default-rack, certSerialId: null, persistedOpState: IN_SERVICE, persistedOpStateExpiryEpochSec: 0}1374024b-188e-4a27-8b68-8945fec70172{ip: 10.1.0.22, host: fv-az151-757.yf2hydr00wburbhx3j5hxtcipe.bx.internal.cloudapp.net, ports: [REPLICATION=38597, RATIS=45107, RATIS_ADMIN=45107, RATIS_SERVER=45107, STANDALONE=45451], networkLocation: /default-rack, certSerialId: null, persistedOpState: IN_SERVICE, persistedOpStateExpiryEpochSec: 0}051433ed-f0f3-4e10-b303-9534300925a9{ip: 10.1.0.22, host: fv-az151-757.yf2hydr00wburbhx3j5hxtcipe.bx.internal.cloudapp.net, ports: [REPLICATION=43743, RATIS=36003, RATIS_ADMIN=36003, RATIS_SERVER=36003, STANDALONE=46667], networkLocation: /default-rack, certSerialId: null, persistedOpState: IN_SERVICE, persistedOpStateExpiryEpochSec: 0}, ReplicationConfig: RATIS/THREE, State:ALLOCATED, leaderId:, CreationTimestamp2021-09-05T02:14:50.547Z[Etc/UTC]].
2021-09-05 02:14:50,757 [IPC Server handler 15 on default port 39337] INFO  net.NetworkTopologyImpl (NetworkTopologyImpl.java:add(112)) - Added a new node: /default-rack/107e36cc-fe8a-481c-a932-f36b6ede4996
2021-09-05 02:14:50,757 [IPC Server handler 15 on default port 39337] INFO  node.SCMNodeManager (SCMNodeManager.java:register(390)) - Registered Data node : 107e36cc-fe8a-481c-a932-f36b6ede4996{ip: 10.1.0.22, host: fv-az151-757.yf2hydr00wburbhx3j5hxtcipe.bx.internal.cloudapp.net, ports: [REPLICATION=37671, RATIS=41403, RATIS_ADMIN=41403, RATIS_SERVER=41403, STANDALONE=42501], networkLocation: /default-rack, certSerialId: null, persistedOpState: null, persistedOpStateExpiryEpochSec: 0}
2021-09-05 02:14:50,758 [EventQueue-NewNodeForNewNodeHandler] INFO  pipeline.BackgroundPipelineCreator (BackgroundPipelineCreatorV2.java:notifyEventTriggered(285)) - trigger a one-shot run on RatisPipelineUtilsThread.
2021-09-05 02:14:50,767 [RatisPipelineUtilsThread - 0] INFO  pipeline.RatisPipelineProvider (RatisPipelineProvider.java:lambda$create$0(183)) - Sending CreatePipelineCommand for pipeline:PipelineID=5fa46518-9716-499a-b9fc-0c53ccf1827d to datanode:107e36cc-fe8a-481c-a932-f36b6ede4996
2021-09-05 02:14:50,767 [RatisPipelineUtilsThread - 0] INFO  pipeline.PipelineStateManager (PipelineStateManagerV2Impl.java:addPipeline(101)) - Created pipeline Pipeline[ Id: 5fa46518-9716-499a-b9fc-0c53ccf1827d, Nodes: 107e36cc-fe8a-481c-a932-f36b6ede4996{ip: 10.1.0.22, host: fv-az151-757.yf2hydr00wburbhx3j5hxtcipe.bx.internal.cloudapp.net, ports: [REPLICATION=37671, RATIS=41403, RATIS_ADMIN=41403, RATIS_SERVER=41403, STANDALONE=42501], networkLocation: /default-rack, certSerialId: null, persistedOpState: IN_SERVICE, persistedOpStateExpiryEpochSec: 0}, ReplicationConfig: RATIS/ONE, State:ALLOCATED, leaderId:, CreationTimestamp2021-09-05T02:14:50.767Z[Etc/UTC]].
2021-09-05 02:14:50,995 [IPC Server handler 3 on default port 39337] INFO  net.NetworkTopologyImpl (NetworkTopologyImpl.java:add(112)) - Added a new node: /default-rack/c9529fe3-953b-4ef8-a4b7-44d7a8ee90ff
2021-09-05 02:14:50,996 [IPC Server handler 3 on default port 39337] INFO  node.SCMNodeManager (SCMNodeManager.java:register(390)) - Registered Data node : c9529fe3-953b-4ef8-a4b7-44d7a8ee90ff{ip: 10.1.0.22, host: fv-az151-757.yf2hydr00wburbhx3j5hxtcipe.bx.internal.cloudapp.net, ports: [REPLICATION=36345, RATIS=36459, RATIS_ADMIN=36459, RATIS_SERVER=36459, STANDALONE=42439], networkLocation: /default-rack, certSerialId: null, persistedOpState: null, persistedOpStateExpiryEpochSec: 0}
2021-09-05 02:14:50,996 [EventQueue-NewNodeForNewNodeHandler] INFO  pipeline.BackgroundPipelineCreator (BackgroundPipelineCreatorV2.java:notifyEventTriggered(285)) - trigger a one-shot run on RatisPipelineUtilsThread.
2021-09-05 02:14:50,999 [RatisPipelineUtilsThread - 0] INFO  pipeline.RatisPipelineProvider (RatisPipelineProvider.java:lambda$create$0(183)) - Sending CreatePipelineCommand for pipeline:PipelineID=c21f3f7a-10c0-4934-8ac6-476f2da03959 to datanode:c9529fe3-953b-4ef8-a4b7-44d7a8ee90ff
2021-09-05 02:14:51,000 [RatisPipelineUtilsThread - 0] INFO  pipeline.PipelineStateManager (PipelineStateManagerV2Impl.java:addPipeline(101)) - Created pipeline Pipeline[ Id: c21f3f7a-10c0-4934-8ac6-476f2da03959, Nodes: c9529fe3-953b-4ef8-a4b7-44d7a8ee90ff{ip: 10.1.0.22, host: fv-az151-757.yf2hydr00wburbhx3j5hxtcipe.bx.internal.cloudapp.net, ports: [REPLICATION=36345, RATIS=36459, RATIS_ADMIN=36459, RATIS_SERVER=36459, STANDALONE=42439], networkLocation: /default-rack, certSerialId: null, persistedOpState: IN_SERVICE, persistedOpStateExpiryEpochSec: 0}, ReplicationConfig: RATIS/ONE, State:ALLOCATED, leaderId:, CreationTimestamp2021-09-05T02:14:50.999Z[Etc/UTC]].
2021-09-05 02:14:51,042 [ReplicationMonitor] INFO  container.ReplicationManager (ReplicationManager.java:processAll(359)) - Replication Monitor Thread took 0 milliseconds for processing 0 containers.
2021-09-05 02:14:51,180 [Listener at 127.0.0.1/38203] INFO  ozone.MiniOzoneClusterImpl (MiniOzoneClusterImpl.java:lambda$waitForClusterToBeReady$0(235)) - Waiting for nodes to be ready. Got 5 of 6 DN Heartbeats.
2021-09-05 02:14:51,181 [Listener at 127.0.0.1/38203] INFO  ozone.MiniOzoneClusterImpl (MiniOzoneClusterImpl.java:lambda$waitForClusterToBeReady$0(238)) - Waiting for cluster to exit safe mode
2021-09-05 02:14:51,181 [Listener at 127.0.0.1/38203] INFO  ozone.MiniOzoneClusterImpl (MiniOzoneClusterImpl.java:lambda$waitForClusterToBeReady$0(240)) - SCM became leader
2021-09-05 02:14:51,184 [IPC Server handler 1 on default port 39337] INFO  net.NetworkTopologyImpl (NetworkTopologyImpl.java:add(112)) - Added a new node: /default-rack/3bd9e3a9-14dd-46c0-953f-63403e4f7020
2021-09-05 02:14:51,184 [IPC Server handler 1 on default port 39337] INFO  node.SCMNodeManager (SCMNodeManager.java:register(390)) - Registered Data node : 3bd9e3a9-14dd-46c0-953f-63403e4f7020{ip: 10.1.0.22, host: fv-az151-757.yf2hydr00wburbhx3j5hxtcipe.bx.internal.cloudapp.net, ports: [REPLICATION=46563, RATIS=45657, RATIS_ADMIN=45657, RATIS_SERVER=45657, STANDALONE=37931], networkLocation: /default-rack, certSerialId: null, persistedOpState: null, persistedOpStateExpiryEpochSec: 0}
2021-09-05 02:14:51,185 [EventQueue-NewNodeForNewNodeHandler] INFO  pipeline.BackgroundPipelineCreator (BackgroundPipelineCreatorV2.java:notifyEventTriggered(285)) - trigger a one-shot run on RatisPipelineUtilsThread.
2021-09-05 02:14:51,185 [RatisPipelineUtilsThread - 0] INFO  pipeline.RatisPipelineProvider (RatisPipelineProvider.java:lambda$create$0(183)) - Sending CreatePipelineCommand for pipeline:PipelineID=e8dbf395-5e90-4952-8956-8af7e92261a1 to datanode:3bd9e3a9-14dd-46c0-953f-63403e4f7020
2021-09-05 02:14:51,186 [RatisPipelineUtilsThread - 0] INFO  pipeline.PipelineStateManager (PipelineStateManagerV2Impl.java:addPipeline(101)) - Created pipeline Pipeline[ Id: e8dbf395-5e90-4952-8956-8af7e92261a1, Nodes: 3bd9e3a9-14dd-46c0-953f-63403e4f7020{ip: 10.1.0.22, host: fv-az151-757.yf2hydr00wburbhx3j5hxtcipe.bx.internal.cloudapp.net, ports: [REPLICATION=46563, RATIS=45657, RATIS_ADMIN=45657, RATIS_SERVER=45657, STANDALONE=37931], networkLocation: /default-rack, certSerialId: null, persistedOpState: IN_SERVICE, persistedOpStateExpiryEpochSec: 0}, ReplicationConfig: RATIS/ONE, State:ALLOCATED, leaderId:, CreationTimestamp2021-09-05T02:14:51.185Z[Etc/UTC]].
2021-09-05 02:14:51,186 [RatisPipelineUtilsThread - 0] INFO  pipeline.RatisPipelineProvider (RatisPipelineProvider.java:lambda$create$0(183)) - Sending CreatePipelineCommand for pipeline:PipelineID=ea622501-719d-487d-8d87-6a133f983057 to datanode:c9529fe3-953b-4ef8-a4b7-44d7a8ee90ff
2021-09-05 02:14:51,186 [RatisPipelineUtilsThread - 0] INFO  pipeline.RatisPipelineProvider (RatisPipelineProvider.java:lambda$create$0(183)) - Sending CreatePipelineCommand for pipeline:PipelineID=ea622501-719d-487d-8d87-6a133f983057 to datanode:3bd9e3a9-14dd-46c0-953f-63403e4f7020
2021-09-05 02:14:51,186 [RatisPipelineUtilsThread - 0] INFO  pipeline.RatisPipelineProvider (RatisPipelineProvider.java:lambda$create$0(183)) - Sending CreatePipelineCommand for pipeline:PipelineID=ea622501-719d-487d-8d87-6a133f983057 to datanode:107e36cc-fe8a-481c-a932-f36b6ede4996
2021-09-05 02:14:51,187 [RatisPipelineUtilsThread - 0] INFO  pipeline.PipelineStateManager (PipelineStateManagerV2Impl.java:addPipeline(101)) - Created pipeline Pipeline[ Id: ea622501-719d-487d-8d87-6a133f983057, Nodes: c9529fe3-953b-4ef8-a4b7-44d7a8ee90ff{ip: 10.1.0.22, host: fv-az151-757.yf2hydr00wburbhx3j5hxtcipe.bx.internal.cloudapp.net, ports: [REPLICATION=36345, RATIS=36459, RATIS_ADMIN=36459, RATIS_SERVER=36459, STANDALONE=42439], networkLocation: /default-rack, certSerialId: null, persistedOpState: IN_SERVICE, persistedOpStateExpiryEpochSec: 0}3bd9e3a9-14dd-46c0-953f-63403e4f7020{ip: 10.1.0.22, host: fv-az151-757.yf2hydr00wburbhx3j5hxtcipe.bx.internal.cloudapp.net, ports: [REPLICATION=46563, RATIS=45657, RATIS_ADMIN=45657, RATIS_SERVER=45657, STANDALONE=37931], networkLocation: /default-rack, certSerialId: null, persistedOpState: IN_SERVICE, persistedOpStateExpiryEpochSec: 0}107e36cc-fe8a-481c-a932-f36b6ede4996{ip: 10.1.0.22, host: fv-az151-757.yf2hydr00wburbhx3j5hxtcipe.bx.internal.cloudapp.net, ports: [REPLICATION=37671, RATIS=41403, RATIS_ADMIN=41403, RATIS_SERVER=41403, STANDALONE=42501], networkLocation: /default-rack, certSerialId: null, persistedOpState: IN_SERVICE, persistedOpStateExpiryEpochSec: 0}, ReplicationConfig: RATIS/THREE, State:ALLOCATED, leaderId:, CreationTimestamp2021-09-05T02:14:51.186Z[Etc/UTC]].
2021-09-05 02:14:52,043 [ReplicationMonitor] INFO  container.ReplicationManager (ReplicationManager.java:processAll(359)) - Replication Monitor Thread took 0 milliseconds for processing 0 containers.
2021-09-05 02:14:52,181 [Listener at 127.0.0.1/38203] INFO  ozone.MiniOzoneClusterImpl (MiniOzoneClusterImpl.java:lambda$waitForClusterToBeReady$0(235)) - Nodes are ready. Got 6 of 6 DN Heartbeats.
2021-09-05 02:14:52,182 [Listener at 127.0.0.1/38203] INFO  ozone.MiniOzoneClusterImpl (MiniOzoneClusterImpl.java:lambda$waitForClusterToBeReady$0(238)) - Waiting for cluster to exit safe mode
2021-09-05 02:14:52,182 [Listener at 127.0.0.1/38203] INFO  ozone.MiniOzoneClusterImpl (MiniOzoneClusterImpl.java:lambda$waitForClusterToBeReady$0(240)) - SCM became leader
2021-09-05 02:14:52,841 [Command processor thread] INFO  server.RaftServer (RaftServerProxy.java:addNew(95)) - 051433ed-f0f3-4e10-b303-9534300925a9: addNew group-9D65260D38AD:[051433ed-f0f3-4e10-b303-9534300925a9|rpc:10.1.0.22:36003|priority:1] returns group-9D65260D38AD:java.util.concurrent.CompletableFuture@3ce86575[Not completed]
2021-09-05 02:14:52,850 [pool-55-thread-1] INFO  server.RaftServer$Division (RaftServerImpl.java:<init>(181)) - 051433ed-f0f3-4e10-b303-9534300925a9: new RaftServerImpl for group-9D65260D38AD:[051433ed-f0f3-4e10-b303-9534300925a9|rpc:10.1.0.22:36003|priority:1] with ContainerStateMachine:uninitialized
2021-09-05 02:14:52,850 [pool-55-thread-1] INFO  server.RaftServerConfigKeys (ConfUtils.java:logGet(44)) - raft.server.rpc.timeout.min = 5s (custom)
2021-09-05 02:14:52,850 [pool-55-thread-1] INFO  server.RaftServerConfigKeys (ConfUtils.java:logGet(44)) - raft.server.rpc.timeout.max = 5200ms (custom)
2021-09-05 02:14:52,850 [pool-55-thread-1] INFO  server.RaftServerConfigKeys (ConfUtils.java:logGet(44)) - raft.server.rpc.sleep.time = 25ms (default)
2021-09-05 02:14:52,850 [pool-55-thread-1] INFO  server.RaftServerConfigKeys (ConfUtils.java:logGet(44)) - raft.server.rpc.slowness.timeout = 300s (custom)
2021-09-05 02:14:52,850 [pool-55-thread-1] INFO  server.RaftServerConfigKeys (ConfUtils.java:logGet(44)) - raft.server.leaderelection.leader.step-down.wait-time = 10s (default)
2021-09-05 02:14:52,851 [pool-55-thread-1] INFO  server.RaftServerConfigKeys (ConfUtils.java:logGet(44)) - raft.server.sleep.deviation.threshold = 300ms (default)
2021-09-05 02:14:52,851 [pool-55-thread-1] INFO  server.RaftServerConfigKeys (ConfUtils.java:logGet(44)) - raft.server.log.appender.install.snapshot.enabled = false (custom)
2021-09-05 02:14:52,851 [pool-55-thread-1] INFO  server.RaftServer$Division (ServerState.java:<init>(105)) - 051433ed-f0f3-4e10-b303-9534300925a9@group-9D65260D38AD: ConfigurationManager, init=-1: [051433ed-f0f3-4e10-b303-9534300925a9|rpc:10.1.0.22:36003|priority:1], old=null, confs=<EMPTY_MAP>
2021-09-05 02:14:52,851 [pool-55-thread-1] INFO  server.RaftServerConfigKeys (ConfUtils.java:logGet(44)) - raft.server.storage.dir = [/home/runner/work/ozone/ozone/hadoop-ozone/integration-test/target/test-dir/MiniOzoneClusterImpl-b9dfe4fd-d142-4c87-b19c-e6304396dee2/datanode-0/data/ratis] (custom)
2021-09-05 02:14:52,851 [pool-55-thread-1] INFO  server.RaftServerConfigKeys (ConfUtils.java:logGet(44)) - raft.server.log.corruption.policy = EXCEPTION (default)
2021-09-05 02:14:52,851 [pool-55-thread-1] INFO  server.RaftServerConfigKeys (ConfUtils.java:logGet(44)) - raft.server.storage.free-space.min = 0MB (=0) (default)
2021-09-05 02:14:52,852 [pool-55-thread-1] INFO  storage.RaftStorageDirectory (RaftStorageDirectoryImpl.java:analyzeStorage(135)) - The storage directory /home/runner/work/ozone/ozone/hadoop-ozone/integration-test/target/test-dir/MiniOzoneClusterImpl-b9dfe4fd-d142-4c87-b19c-e6304396dee2/datanode-0/data/ratis/42e7a35c-34f4-4c38-b929-9d65260d38ad does not exist. Creating ...
2021-09-05 02:14:52,855 [pool-55-thread-1] INFO  storage.RaftStorageDirectory (RaftStorageDirectoryImpl.java:tryLock(230)) - Lock on /home/runner/work/ozone/ozone/hadoop-ozone/integration-test/target/test-dir/MiniOzoneClusterImpl-b9dfe4fd-d142-4c87-b19c-e6304396dee2/datanode-0/data/ratis/42e7a35c-34f4-4c38-b929-9d65260d38ad/in_use.lock acquired by nodename 7276@fv-az151-757
2021-09-05 02:14:52,856 [pool-55-thread-1] INFO  storage.RaftStorage (RaftStorageImpl.java:format(89)) - Storage directory /home/runner/work/ozone/ozone/hadoop-ozone/integration-test/target/test-dir/MiniOzoneClusterImpl-b9dfe4fd-d142-4c87-b19c-e6304396dee2/datanode-0/data/ratis/42e7a35c-34f4-4c38-b929-9d65260d38ad has been successfully formatted.
2021-09-05 02:14:52,858 [pool-55-thread-1] INFO  ratis.ContainerStateMachine (ContainerStateMachine.java:loadSnapshot(224)) - group-9D65260D38AD: The snapshot info is null. Setting the last applied indexto:(t:0, i:~)
2021-09-05 02:14:52,858 [pool-55-thread-1] INFO  server.RaftServerConfigKeys (ConfUtils.java:logGet(44)) - raft.server.notification.no-leader.timeout = 300s (custom)
2021-09-05 02:14:52,859 [pool-55-thread-1] INFO  server.RaftServerConfigKeys (ConfUtils.java:logGet(44)) - raft.server.log.use.memory = false (default)
2021-09-05 02:14:52,859 [pool-55-thread-1] INFO  server.RaftServerConfigKeys (ConfUtils.java:logGet(44)) - raft.server.log.purge.gap = 1000000 (custom)
2021-09-05 02:14:52,859 [pool-55-thread-1] INFO  server.RaftServerConfigKeys (ConfUtils.java:logGet(44)) - raft.server.log.appender.buffer.byte-limit = 33554432 (custom)
2021-09-05 02:14:52,859 [Datanode State Machine Thread - 0] WARN  statemachine.StateContext (StateContext.java:execute(621)) - No available thread in pool for past 1 seconds.
2021-09-05 02:14:52,860 [pool-55-thread-1] INFO  server.RaftServerConfigKeys (ConfUtils.java:logGet(44)) - raft.server.log.segment.size.max = 1048576 (custom)
2021-09-05 02:14:52,865 [EventQueue-PipelineReportForPipelineReportHandler] INFO  pipeline.PipelineManagerImpl (PipelineManagerImpl.java:openPipeline(282)) - Pipeline Pipeline[ Id: 42e7a35c-34f4-4c38-b929-9d65260d38ad, Nodes: 051433ed-f0f3-4e10-b303-9534300925a9{ip: 10.1.0.22, host: fv-az151-757.yf2hydr00wburbhx3j5hxtcipe.bx.internal.cloudapp.net, ports: [REPLICATION=43743, RATIS=36003, RATIS_ADMIN=36003, RATIS_SERVER=36003, STANDALONE=46667], networkLocation: /default-rack, certSerialId: null, persistedOpState: IN_SERVICE, persistedOpStateExpiryEpochSec: 0}, ReplicationConfig: RATIS/ONE, State:ALLOCATED, leaderId:051433ed-f0f3-4e10-b303-9534300925a9, CreationTimestamp2021-09-05T02:14:49.852Z[Etc/UTC]] moved to OPEN state
2021-09-05 02:14:52,867 [pool-55-thread-1] INFO  server.RaftServerConfigKeys (ConfUtils.java:logGet(44)) - raft.server.log.segment.cache.num.max = 2 (custom)
2021-09-05 02:14:52,867 [pool-55-thread-1] INFO  server.RaftServerConfigKeys (ConfUtils.java:logGet(44)) - raft.server.log.segment.cache.size.max = 200MB (=209715200) (default)
2021-09-05 02:14:52,867 [pool-55-thread-1] INFO  segmented.SegmentedRaftLogWorker (SegmentedRaftLogWorker.java:<init>(182)) - new 051433ed-f0f3-4e10-b303-9534300925a9@group-9D65260D38AD-SegmentedRaftLogWorker for RaftStorageImpl:Storage Directory /home/runner/work/ozone/ozone/hadoop-ozone/integration-test/target/test-dir/MiniOzoneClusterImpl-b9dfe4fd-d142-4c87-b19c-e6304396dee2/datanode-0/data/ratis/42e7a35c-34f4-4c38-b929-9d65260d38ad
2021-09-05 02:14:52,867 [pool-55-thread-1] INFO  server.RaftServerConfigKeys (ConfUtils.java:logGet(44)) - raft.server.log.queue.byte-limit = 2147483647 (custom)
2021-09-05 02:14:52,867 [pool-55-thread-1] INFO  server.RaftServerConfigKeys (ConfUtils.java:logGet(44)) - raft.server.log.queue.element-limit = 1024 (custom)
2021-09-05 02:14:52,867 [pool-55-thread-1] INFO  server.RaftServerConfigKeys (ConfUtils.java:logGet(44)) - raft.server.log.segment.size.max = 1048576 (custom)
2021-09-05 02:14:52,868 [pool-55-thread-1] INFO  server.RaftServerConfigKeys (ConfUtils.java:logGet(44)) - raft.server.log.preallocated.size = 16384 (custom)
2021-09-05 02:14:52,868 [pool-55-thread-1] INFO  server.RaftServerConfigKeys (ConfUtils.java:logGet(44)) - raft.server.log.force.sync.num = 128 (default)
2021-09-05 02:14:52,868 [pool-55-thread-1] INFO  server.RaftServerConfigKeys (ConfUtils.java:logGet(44)) - raft.server.log.statemachine.data.sync = true (default)
2021-09-05 02:14:52,868 [pool-55-thread-1] INFO  server.RaftServerConfigKeys (ConfUtils.java:logGet(44)) - raft.server.log.statemachine.data.sync.timeout = 10s (default)
2021-09-05 02:14:52,868 [pool-55-thread-1] INFO  server.RaftServerConfigKeys (ConfUtils.java:logGet(44)) - raft.server.log.statemachine.data.sync.timeout.retry = -1 (default)
2021-09-05 02:14:52,870 [pool-55-thread-1] INFO  server.RaftServerConfigKeys (ConfUtils.java:logGet(44)) - raft.server.log.write.buffer.size = 1048576 (custom)
2021-09-05 02:14:52,871 [pool-55-thread-1] INFO  server.RaftServerConfigKeys (ConfUtils.java:logGet(44)) - raft.server.log.statemachine.data.caching.enabled = true (custom)
2021-09-05 02:14:52,872 [pool-55-thread-1] INFO  segmented.SegmentedRaftLogWorker (SegmentedRaftLogWorker.java:lambda$new$0(133)) - 051433ed-f0f3-4e10-b303-9534300925a9@group-9D65260D38AD-SegmentedRaftLogWorker: flushIndex: setUnconditionally 0 -> -1
2021-09-05 02:14:52,872 [pool-55-thread-1] INFO  segmented.SegmentedRaftLogWorker (SegmentedRaftLogWorker.java:lambda$new$0(133)) - 051433ed-f0f3-4e10-b303-9534300925a9@group-9D65260D38AD-SegmentedRaftLogWorker: safeCacheEvictIndex: setUnconditionally 0 -> -1
2021-09-05 02:14:52,872 [EventQueue-OpenPipelineForHealthyPipelineSafeModeRule] INFO  safemode.SCMSafeModeManager (HealthyPipelineSafeModeRule.java:process(124)) - SCM in safe mode. Healthy pipelines reported count is 0, required healthy pipeline reported count is 1
2021-09-05 02:14:52,874 [pool-55-thread-1] INFO  server.RaftServerConfigKeys (ConfUtils.java:logGet(44)) - raft.server.snapshot.auto.trigger.enabled = true (custom)
2021-09-05 02:14:52,874 [pool-55-thread-1] INFO  server.RaftServerConfigKeys (ConfUtils.java:logGet(44)) - raft.server.snapshot.auto.trigger.threshold = 10000 (custom)
2021-09-05 02:14:52,874 [pool-55-thread-1] INFO  server.RaftServerConfigKeys (ConfUtils.java:logGet(44)) - raft.server.snapshot.retention.file.num = 5 (custom)
2021-09-05 02:14:52,874 [pool-55-thread-1] INFO  server.RaftServerConfigKeys (ConfUtils.java:logGet(44)) - raft.server.log.purge.upto.snapshot.index = false (default)
2021-09-05 02:14:52,874 [pool-55-thread-1] INFO  server.RaftServerConfigKeys (ConfUtils.java:logGet(44)) - raft.server.retrycache.expirytime = 600000ms (custom)
2021-09-05 02:14:52,874 [pool-55-thread-1] INFO  server.RaftServerConfigKeys (ConfUtils.java:logGet(44)) - raft.server.retrycache.statistics.expirytime = 100μs (default)
2021-09-05 02:14:52,877 [pool-55-thread-1] INFO  server.RaftServer$Division (RaftServerImpl.java:start(296)) - 051433ed-f0f3-4e10-b303-9534300925a9@group-9D65260D38AD: start as a follower, conf=-1: [051433ed-f0f3-4e10-b303-9534300925a9|rpc:10.1.0.22:36003|priority:1], old=null
2021-09-05 02:14:52,877 [pool-55-thread-1] INFO  server.RaftServer$Division (RaftServerImpl.java:setRole(285)) - 051433ed-f0f3-4e10-b303-9534300925a9@group-9D65260D38AD: changes role from      null to FOLLOWER at term 0 for startAsFollower
2021-09-05 02:14:52,877 [pool-55-thread-1] INFO  impl.RoleInfo (RoleInfo.java:updateAndGet(130)) - 051433ed-f0f3-4e10-b303-9534300925a9: start 051433ed-f0f3-4e10-b303-9534300925a9@group-9D65260D38AD-FollowerState
2021-09-05 02:14:52,884 [pool-55-thread-1] INFO  util.JmxRegister (JmxRegister.java:tryRegister(44)) - Successfully registered JMX Bean with object name Ratis:service=RaftServer,group=group-9D65260D38AD,id=051433ed-f0f3-4e10-b303-9534300925a9
2021-09-05 02:14:52,892 [Command processor thread] INFO  ratis.XceiverServerRatis (XceiverServerRatis.java:addGroup(763)) - Created group PipelineID=42e7a35c-34f4-4c38-b929-9d65260d38ad
2021-09-05 02:14:52,892 [Command processor thread] INFO  commandhandler.CreatePipelineCommandHandler (CreatePipelineCommandHandler.java:handle(106)) - Created Pipeline RATIS ONE PipelineID=42e7a35c-34f4-4c38-b929-9d65260d38ad.
2021-09-05 02:14:52,893 [Command processor thread] INFO  server.RaftServer (RaftServerProxy.java:addNew(95)) - 051433ed-f0f3-4e10-b303-9534300925a9: addNew group-D658D3A0F6D4:[1374024b-188e-4a27-8b68-8945fec70172|rpc:10.1.0.22:45107|priority:0, 164a5057-06fc-470a-866e-2459acc1ca75|rpc:10.1.0.22:42029|priority:1, 051433ed-f0f3-4e10-b303-9534300925a9|rpc:10.1.0.22:36003|priority:0] returns group-D658D3A0F6D4:java.util.concurrent.CompletableFuture@22625560[Not completed]
2021-09-05 02:14:52,894 [pool-55-thread-1] INFO  server.RaftServer$Division (RaftServerImpl.java:<init>(181)) - 051433ed-f0f3-4e10-b303-9534300925a9: new RaftServerImpl for group-D658D3A0F6D4:[1374024b-188e-4a27-8b68-8945fec70172|rpc:10.1.0.22:45107|priority:0, 164a5057-06fc-470a-866e-2459acc1ca75|rpc:10.1.0.22:42029|priority:1, 051433ed-f0f3-4e10-b303-9534300925a9|rpc:10.1.0.22:36003|priority:0] with ContainerStateMachine:uninitialized
2021-09-05 02:14:52,894 [pool-55-thread-1] INFO  server.RaftServerConfigKeys (ConfUtils.java:logGet(44)) - raft.server.rpc.timeout.min = 5s (custom)
2021-09-05 02:14:52,894 [pool-55-thread-1] INFO  server.RaftServerConfigKeys (ConfUtils.java:logGet(44)) - raft.server.rpc.timeout.max = 5200ms (custom)
2021-09-05 02:14:52,894 [pool-55-thread-1] INFO  server.RaftServerConfigKeys (ConfUtils.java:logGet(44)) - raft.server.rpc.sleep.time = 25ms (default)
2021-09-05 02:14:52,894 [pool-55-thread-1] INFO  server.RaftServerConfigKeys (ConfUtils.java:logGet(44)) - raft.server.rpc.slowness.timeout = 300s (custom)
2021-09-05 02:14:52,894 [pool-55-thread-1] INFO  server.RaftServerConfigKeys (ConfUtils.java:logGet(44)) - raft.server.leaderelection.leader.step-down.wait-time = 10s (default)
2021-09-05 02:14:52,894 [pool-55-thread-1] INFO  server.RaftServerConfigKeys (ConfUtils.java:logGet(44)) - raft.server.sleep.deviation.threshold = 300ms (default)
2021-09-05 02:14:52,894 [pool-55-thread-1] INFO  server.RaftServerConfigKeys (ConfUtils.java:logGet(44)) - raft.server.log.appender.install.snapshot.enabled = false (custom)
2021-09-05 02:14:52,894 [pool-55-thread-1] INFO  server.RaftServer$Division (ServerState.java:<init>(105)) - 051433ed-f0f3-4e10-b303-9534300925a9@group-D658D3A0F6D4: ConfigurationManager, init=-1: [1374024b-188e-4a27-8b68-8945fec70172|rpc:10.1.0.22:45107|priority:0, 164a5057-06fc-470a-866e-2459acc1ca75|rpc:10.1.0.22:42029|priority:1, 051433ed-f0f3-4e10-b303-9534300925a9|rpc:10.1.0.22:36003|priority:0], old=null, confs=<EMPTY_MAP>
2021-09-05 02:14:52,894 [pool-55-thread-1] INFO  server.RaftServerConfigKeys (ConfUtils.java:logGet(44)) - raft.server.storage.dir = [/home/runner/work/ozone/ozone/hadoop-ozone/integration-test/target/test-dir/MiniOzoneClusterImpl-b9dfe4fd-d142-4c87-b19c-e6304396dee2/datanode-0/data/ratis] (custom)
2021-09-05 02:14:52,895 [pool-55-thread-1] INFO  server.RaftServerConfigKeys (ConfUtils.java:logGet(44)) - raft.server.log.corruption.policy = EXCEPTION (default)
2021-09-05 02:14:52,895 [pool-55-thread-1] INFO  server.RaftServerConfigKeys (ConfUtils.java:logGet(44)) - raft.server.storage.free-space.min = 0MB (=0) (default)
2021-09-05 02:14:52,895 [pool-55-thread-1] INFO  storage.RaftStorageDirectory (RaftStorageDirectoryImpl.java:analyzeStorage(135)) - The storage directory /home/runner/work/ozone/ozone/hadoop-ozone/integration-test/target/test-dir/MiniOzoneClusterImpl-b9dfe4fd-d142-4c87-b19c-e6304396dee2/datanode-0/data/ratis/1329cd8a-6765-40e5-9e23-d658d3a0f6d4 does not exist. Creating ...
2021-09-05 02:14:52,896 [pool-55-thread-1] INFO  storage.RaftStorageDirectory (RaftStorageDirectoryImpl.java:tryLock(230)) - Lock on /home/runner/work/ozone/ozone/hadoop-ozone/integration-test/target/test-dir/MiniOzoneClusterImpl-b9dfe4fd-d142-4c87-b19c-e6304396dee2/datanode-0/data/ratis/1329cd8a-6765-40e5-9e23-d658d3a0f6d4/in_use.lock acquired by nodename 7276@fv-az151-757
2021-09-05 02:14:52,898 [pool-55-thread-1] INFO  storage.RaftStorage (RaftStorageImpl.java:format(89)) - Storage directory /home/runner/work/ozone/ozone/hadoop-ozone/integration-test/target/test-dir/MiniOzoneClusterImpl-b9dfe4fd-d142-4c87-b19c-e6304396dee2/datanode-0/data/ratis/1329cd8a-6765-40e5-9e23-d658d3a0f6d4 has been successfully formatted.
2021-09-05 02:14:52,898 [pool-55-thread-1] INFO  ratis.ContainerStateMachine (ContainerStateMachine.java:loadSnapshot(224)) - group-D658D3A0F6D4: The snapshot info is null. Setting the last applied indexto:(t:0, i:~)
2021-09-05 02:14:52,898 [pool-55-thread-1] INFO  server.RaftServerConfigKeys (ConfUtils.java:logGet(44)) - raft.server.notification.no-leader.timeout = 300s (custom)
2021-09-05 02:14:52,898 [Datanode State Machine Thread - 0] WARN  statemachine.StateContext (StateContext.java:execute(621)) - No available thread in pool for past 1 seconds.
2021-09-05 02:14:52,898 [pool-55-thread-1] INFO  server.RaftServerConfigKeys (ConfUtils.java:logGet(44)) - raft.server.log.use.memory = false (default)
2021-09-05 02:14:52,898 [pool-55-thread-1] INFO  server.RaftServerConfigKeys (ConfUtils.java:logGet(44)) - raft.server.log.purge.gap = 1000000 (custom)
2021-09-05 02:14:52,899 [pool-55-thread-1] INFO  server.RaftServerConfigKeys (ConfUtils.java:logGet(44)) - raft.server.log.appender.buffer.byte-limit = 33554432 (custom)
2021-09-05 02:14:52,904 [pool-55-thread-1] INFO  server.RaftServerConfigKeys (ConfUtils.java:logGet(44)) - raft.server.log.segment.size.max = 1048576 (custom)
2021-09-05 02:14:52,904 [EventQueue-OpenPipelineForHealthyPipelineSafeModeRule] INFO  safemode.SCMSafeModeManager (HealthyPipelineSafeModeRule.java:process(124)) - SCM in safe mode. Healthy pipelines reported count is 0, required healthy pipeline reported count is 1
2021-09-05 02:14:52,905 [pool-55-thread-1] INFO  server.RaftServerConfigKeys (ConfUtils.java:logGet(44)) - raft.server.log.segment.cache.num.max = 2 (custom)
2021-09-05 02:14:52,905 [pool-55-thread-1] INFO  server.RaftServerConfigKeys (ConfUtils.java:logGet(44)) - raft.server.log.segment.cache.size.max = 200MB (=209715200) (default)
2021-09-05 02:14:52,905 [pool-55-thread-1] INFO  segmented.SegmentedRaftLogWorker (SegmentedRaftLogWorker.java:<init>(182)) - new 051433ed-f0f3-4e10-b303-9534300925a9@group-D658D3A0F6D4-SegmentedRaftLogWorker for RaftStorageImpl:Storage Directory /home/runner/work/ozone/ozone/hadoop-ozone/integration-test/target/test-dir/MiniOzoneClusterImpl-b9dfe4fd-d142-4c87-b19c-e6304396dee2/datanode-0/data/ratis/1329cd8a-6765-40e5-9e23-d658d3a0f6d4
2021-09-05 02:14:52,905 [pool-55-thread-1] INFO  server.RaftServerConfigKeys (ConfUtils.java:logGet(44)) - raft.server.log.queue.byte-limit = 2147483647 (custom)
2021-09-05 02:14:52,905 [pool-55-thread-1] INFO  server.RaftServerConfigKeys (ConfUtils.java:logGet(44)) - raft.server.log.queue.element-limit = 1024 (custom)
2021-09-05 02:14:52,905 [pool-55-thread-1] INFO  server.RaftServerConfigKeys (ConfUtils.java:logGet(44)) - raft.server.log.segment.size.max = 1048576 (custom)
2021-09-05 02:14:52,905 [pool-55-thread-1] INFO  server.RaftServerConfigKeys (ConfUtils.java:logGet(44)) - raft.server.log.preallocated.size = 16384 (custom)
2021-09-05 02:14:52,905 [pool-55-thread-1] INFO  server.RaftServerConfigKeys (ConfUtils.java:logGet(44)) - raft.server.log.force.sync.num = 128 (default)
2021-09-05 02:14:52,905 [pool-55-thread-1] INFO  server.RaftServerConfigKeys (ConfUtils.java:logGet(44)) - raft.server.log.statemachine.data.sync = true (default)
2021-09-05 02:14:52,906 [pool-55-thread-1] INFO  server.RaftServerConfigKeys (ConfUtils.java:logGet(44)) - raft.server.log.statemachine.data.sync.timeout = 10s (default)
2021-09-05 02:14:52,906 [pool-55-thread-1] INFO  server.RaftServerConfigKeys (ConfUtils.java:logGet(44)) - raft.server.log.statemachine.data.sync.timeout.retry = -1 (default)
2021-09-05 02:14:52,907 [pool-55-thread-1] INFO  server.RaftServerConfigKeys (ConfUtils.java:logGet(44)) - raft.server.log.write.buffer.size = 1048576 (custom)
2021-09-05 02:14:52,908 [pool-55-thread-1] INFO  server.RaftServerConfigKeys (ConfUtils.java:logGet(44)) - raft.server.log.statemachine.data.caching.enabled = true (custom)
2021-09-05 02:14:52,908 [pool-55-thread-1] INFO  segmented.SegmentedRaftLogWorker (SegmentedRaftLogWorker.java:lambda$new$0(133)) - 051433ed-f0f3-4e10-b303-9534300925a9@group-D658D3A0F6D4-SegmentedRaftLogWorker: flushIndex: setUnconditionally 0 -> -1
2021-09-05 02:14:52,908 [pool-55-thread-1] INFO  segmented.SegmentedRaftLogWorker (SegmentedRaftLogWorker.java:lambda$new$0(133)) - 051433ed-f0f3-4e10-b303-9534300925a9@group-D658D3A0F6D4-SegmentedRaftLogWorker: safeCacheEvictIndex: setUnconditionally 0 -> -1
2021-09-05 02:14:52,908 [pool-55-thread-1] INFO  server.RaftServerConfigKeys (ConfUtils.java:logGet(44)) - raft.server.snapshot.auto.trigger.enabled = true (custom)
2021-09-05 02:14:52,909 [pool-55-thread-1] INFO  server.RaftServerConfigKeys (ConfUtils.java:logGet(44)) - raft.server.snapshot.auto.trigger.threshold = 10000 (custom)
2021-09-05 02:14:52,909 [pool-55-thread-1] INFO  server.RaftServerConfigKeys (ConfUtils.java:logGet(44)) - raft.server.snapshot.retention.file.num = 5 (custom)
2021-09-05 02:14:52,909 [pool-55-thread-1] INFO  server.RaftServerConfigKeys (ConfUtils.java:logGet(44)) - raft.server.log.purge.upto.snapshot.index = false (default)
2021-09-05 02:14:52,909 [pool-55-thread-1] INFO  server.RaftServerConfigKeys (ConfUtils.java:logGet(44)) - raft.server.retrycache.expirytime = 600000ms (custom)
2021-09-05 02:14:52,909 [pool-55-thread-1] INFO  server.RaftServerConfigKeys (ConfUtils.java:logGet(44)) - raft.server.retrycache.statistics.expirytime = 100μs (default)
2021-09-05 02:14:52,911 [pool-55-thread-1] INFO  server.RaftServer$Division (RaftServerImpl.java:start(296)) - 051433ed-f0f3-4e10-b303-9534300925a9@group-D658D3A0F6D4: start as a follower, conf=-1: [1374024b-188e-4a27-8b68-8945fec70172|rpc:10.1.0.22:45107|priority:0, 164a5057-06fc-470a-866e-2459acc1ca75|rpc:10.1.0.22:42029|priority:1, 051433ed-f0f3-4e10-b303-9534300925a9|rpc:10.1.0.22:36003|priority:0], old=null
2021-09-05 02:14:52,911 [pool-55-thread-1] INFO  server.RaftServer$Division (RaftServerImpl.java:setRole(285)) - 051433ed-f0f3-4e10-b303-9534300925a9@group-D658D3A0F6D4: changes role from      null to FOLLOWER at term 0 for startAsFollower
2021-09-05 02:14:52,911 [pool-55-thread-1] INFO  impl.RoleInfo (RoleInfo.java:updateAndGet(130)) - 051433ed-f0f3-4e10-b303-9534300925a9: start 051433ed-f0f3-4e10-b303-9534300925a9@group-D658D3A0F6D4-FollowerState
2021-09-05 02:14:52,914 [pool-55-thread-1] INFO  util.JmxRegister (JmxRegister.java:tryRegister(44)) - Successfully registered JMX Bean with object name Ratis:service=RaftServer,group=group-D658D3A0F6D4,id=051433ed-f0f3-4e10-b303-9534300925a9
2021-09-05 02:14:52,916 [Command processor thread] INFO  ratis.XceiverServerRatis (XceiverServerRatis.java:addGroup(763)) - Created group PipelineID=1329cd8a-6765-40e5-9e23-d658d3a0f6d4
2021-09-05 02:14:53,044 [ReplicationMonitor] INFO  container.ReplicationManager (ReplicationManager.java:processAll(359)) - Replication Monitor Thread took 0 milliseconds for processing 0 containers.
2021-09-05 02:14:53,120 [Command processor thread] INFO  server.RaftServer (RaftServerProxy.java:addNew(95)) - 1374024b-188e-4a27-8b68-8945fec70172: addNew group-A9D44B2A46EA:[1374024b-188e-4a27-8b68-8945fec70172|rpc:10.1.0.22:45107|priority:1] returns group-A9D44B2A46EA:java.util.concurrent.CompletableFuture@7bcfb374[Not completed]
2021-09-05 02:14:53,126 [pool-74-thread-1] INFO  server.RaftServer$Division (RaftServerImpl.java:<init>(181)) - 1374024b-188e-4a27-8b68-8945fec70172: new RaftServerImpl for group-A9D44B2A46EA:[1374024b-188e-4a27-8b68-8945fec70172|rpc:10.1.0.22:45107|priority:1] with ContainerStateMachine:uninitialized
2021-09-05 02:14:53,126 [pool-74-thread-1] INFO  server.RaftServerConfigKeys (ConfUtils.java:logGet(44)) - raft.server.rpc.timeout.min = 5s (custom)
2021-09-05 02:14:53,127 [pool-74-thread-1] INFO  server.RaftServerConfigKeys (ConfUtils.java:logGet(44)) - raft.server.rpc.timeout.max = 5200ms (custom)
2021-09-05 02:14:53,127 [pool-74-thread-1] INFO  server.RaftServerConfigKeys (ConfUtils.java:logGet(44)) - raft.server.rpc.sleep.time = 25ms (default)
2021-09-05 02:14:53,127 [pool-74-thread-1] INFO  server.RaftServerConfigKeys (ConfUtils.java:logGet(44)) - raft.server.rpc.slowness.timeout = 300s (custom)
2021-09-05 02:14:53,127 [pool-74-thread-1] INFO  server.RaftServerConfigKeys (ConfUtils.java:logGet(44)) - raft.server.leaderelection.leader.step-down.wait-time = 10s (default)
2021-09-05 02:14:53,127 [pool-74-thread-1] INFO  server.RaftServerConfigKeys (ConfUtils.java:logGet(44)) - raft.server.sleep.deviation.threshold = 300ms (default)
2021-09-05 02:14:53,127 [pool-74-thread-1] INFO  server.RaftServerConfigKeys (ConfUtils.java:logGet(44)) - raft.server.log.appender.install.snapshot.enabled = false (custom)
2021-09-05 02:14:53,128 [pool-74-thread-1] INFO  server.RaftServer$Division (ServerState.java:<init>(105)) - 1374024b-188e-4a27-8b68-8945fec70172@group-A9D44B2A46EA: ConfigurationManager, init=-1: [1374024b-188e-4a27-8b68-8945fec70172|rpc:10.1.0.22:45107|priority:1], old=null, confs=<EMPTY_MAP>
2021-09-05 02:14:53,128 [pool-74-thread-1] INFO  server.RaftServerConfigKeys (ConfUtils.java:logGet(44)) - raft.server.storage.dir = [/home/runner/work/ozone/ozone/hadoop-ozone/integration-test/target/test-dir/MiniOzoneClusterImpl-b9dfe4fd-d142-4c87-b19c-e6304396dee2/datanode-1/data/ratis] (custom)
2021-09-05 02:14:53,128 [pool-74-thread-1] INFO  server.RaftServerConfigKeys (ConfUtils.java:logGet(44)) - raft.server.log.corruption.policy = EXCEPTION (default)
2021-09-05 02:14:53,128 [pool-74-thread-1] INFO  server.RaftServerConfigKeys (ConfUtils.java:logGet(44)) - raft.server.storage.free-space.min = 0MB (=0) (default)
2021-09-05 02:14:53,128 [pool-74-thread-1] INFO  storage.RaftStorageDirectory (RaftStorageDirectoryImpl.java:analyzeStorage(135)) - The storage directory /home/runner/work/ozone/ozone/hadoop-ozone/integration-test/target/test-dir/MiniOzoneClusterImpl-b9dfe4fd-d142-4c87-b19c-e6304396dee2/datanode-1/data/ratis/4cf9f247-b0ad-4a62-a72f-a9d44b2a46ea does not exist. Creating ...
2021-09-05 02:14:53,130 [pool-74-thread-1] INFO  storage.RaftStorageDirectory (RaftStorageDirectoryImpl.java:tryLock(230)) - Lock on /home/runner/work/ozone/ozone/hadoop-ozone/integration-test/target/test-dir/MiniOzoneClusterImpl-b9dfe4fd-d142-4c87-b19c-e6304396dee2/datanode-1/data/ratis/4cf9f247-b0ad-4a62-a72f-a9d44b2a46ea/in_use.lock acquired by nodename 7276@fv-az151-757
2021-09-05 02:14:53,132 [pool-74-thread-1] INFO  storage.RaftStorage (RaftStorageImpl.java:format(89)) - Storage directory /home/runner/work/ozone/ozone/hadoop-ozone/integration-test/target/test-dir/MiniOzoneClusterImpl-b9dfe4fd-d142-4c87-b19c-e6304396dee2/datanode-1/data/ratis/4cf9f247-b0ad-4a62-a72f-a9d44b2a46ea has been successfully formatted.
2021-09-05 02:14:53,132 [pool-74-thread-1] INFO  ratis.ContainerStateMachine (ContainerStateMachine.java:loadSnapshot(224)) - group-A9D44B2A46EA: The snapshot info is null. Setting the last applied indexto:(t:0, i:~)
2021-09-05 02:14:53,133 [pool-74-thread-1] INFO  server.RaftServerConfigKeys (ConfUtils.java:logGet(44)) - raft.server.notification.no-leader.timeout = 300s (custom)
2021-09-05 02:14:53,137 [EventQueue-PipelineReportForPipelineReportHandler] INFO  pipeline.PipelineManagerImpl (PipelineManagerImpl.java:openPipeline(282)) - Pipeline Pipeline[ Id: 4cf9f247-b0ad-4a62-a72f-a9d44b2a46ea, Nodes: 1374024b-188e-4a27-8b68-8945fec70172{ip: 10.1.0.22, host: fv-az151-757.yf2hydr00wburbhx3j5hxtcipe.bx.internal.cloudapp.net, ports: [REPLICATION=38597, RATIS=45107, RATIS_ADMIN=45107, RATIS_SERVER=45107, STANDALONE=45451], networkLocation: /default-rack, certSerialId: null, persistedOpState: IN_SERVICE, persistedOpStateExpiryEpochSec: 0}, ReplicationConfig: RATIS/ONE, State:ALLOCATED, leaderId:1374024b-188e-4a27-8b68-8945fec70172, CreationTimestamp2021-09-05T02:14:50.118Z[Etc/UTC]] moved to OPEN state
2021-09-05 02:14:53,139 [EventQueue-OpenPipelineForHealthyPipelineSafeModeRule] INFO  safemode.SCMSafeModeManager (HealthyPipelineSafeModeRule.java:process(124)) - SCM in safe mode. Healthy pipelines reported count is 0, required healthy pipeline reported count is 1
2021-09-05 02:14:53,138 [pool-74-thread-1] INFO  server.RaftServerConfigKeys (ConfUtils.java:logGet(44)) - raft.server.log.use.memory = false (default)
2021-09-05 02:14:53,145 [pool-74-thread-1] INFO  server.RaftServerConfigKeys (ConfUtils.java:logGet(44)) - raft.server.log.purge.gap = 1000000 (custom)
2021-09-05 02:14:53,145 [pool-74-thread-1] INFO  server.RaftServerConfigKeys (ConfUtils.java:logGet(44)) - raft.server.log.appender.buffer.byte-limit = 33554432 (custom)
2021-09-05 02:14:53,145 [pool-74-thread-1] INFO  server.RaftServerConfigKeys (ConfUtils.java:logGet(44)) - raft.server.log.segment.size.max = 1048576 (custom)
2021-09-05 02:14:53,146 [pool-74-thread-1] INFO  server.RaftServerConfigKeys (ConfUtils.java:logGet(44)) - raft.server.log.segment.cache.num.max = 2 (custom)
2021-09-05 02:14:53,146 [pool-74-thread-1] INFO  server.RaftServerConfigKeys (ConfUtils.java:logGet(44)) - raft.server.log.segment.cache.size.max = 200MB (=209715200) (default)
2021-09-05 02:14:53,146 [pool-74-thread-1] INFO  segmented.SegmentedRaftLogWorker (SegmentedRaftLogWorker.java:<init>(182)) - new 1374024b-188e-4a27-8b68-8945fec70172@group-A9D44B2A46EA-SegmentedRaftLogWorker for RaftStorageImpl:Storage Directory /home/runner/work/ozone/ozone/hadoop-ozone/integration-test/target/test-dir/MiniOzoneClusterImpl-b9dfe4fd-d142-4c87-b19c-e6304396dee2/datanode-1/data/ratis/4cf9f247-b0ad-4a62-a72f-a9d44b2a46ea
2021-09-05 02:14:53,146 [pool-74-thread-1] INFO  server.RaftServerConfigKeys (ConfUtils.java:logGet(44)) - raft.server.log.queue.byte-limit = 2147483647 (custom)
2021-09-05 02:14:53,146 [pool-74-thread-1] INFO  server.RaftServerConfigKeys (ConfUtils.java:logGet(44)) - raft.server.log.queue.element-limit = 1024 (custom)
2021-09-05 02:14:53,147 [pool-74-thread-1] INFO  server.RaftServerConfigKeys (ConfUtils.java:logGet(44)) - raft.server.log.segment.size.max = 1048576 (custom)
2021-09-05 02:14:53,147 [pool-74-thread-1] INFO  server.RaftServerConfigKeys (ConfUtils.java:logGet(44)) - raft.server.log.preallocated.size = 16384 (custom)
2021-09-05 02:14:53,147 [pool-74-thread-1] INFO  server.RaftServerConfigKeys (ConfUtils.java:logGet(44)) - raft.server.log.force.sync.num = 128 (default)
2021-09-05 02:14:53,147 [pool-74-thread-1] INFO  server.RaftServerConfigKeys (ConfUtils.java:logGet(44)) - raft.server.log.statemachine.data.sync = true (default)
2021-09-05 02:14:53,147 [pool-74-thread-1] INFO  server.RaftServerConfigKeys (ConfUtils.java:logGet(44)) - raft.server.log.statemachine.data.sync.timeout = 10s (default)
2021-09-05 02:14:53,147 [pool-74-thread-1] INFO  server.RaftServerConfigKeys (ConfUtils.java:logGet(44)) - raft.server.log.statemachine.data.sync.timeout.retry = -1 (default)
2021-09-05 02:14:53,148 [pool-74-thread-1] INFO  server.RaftServerConfigKeys (ConfUtils.java:logGet(44)) - raft.server.log.write.buffer.size = 1048576 (custom)
2021-09-05 02:14:53,149 [pool-74-thread-1] INFO  server.RaftServerConfigKeys (ConfUtils.java:logGet(44)) - raft.server.log.statemachine.data.caching.enabled = true (custom)
2021-09-05 02:14:53,149 [pool-74-thread-1] INFO  segmented.SegmentedRaftLogWorker (SegmentedRaftLogWorker.java:lambda$new$0(133)) - 1374024b-188e-4a27-8b68-8945fec70172@group-A9D44B2A46EA-SegmentedRaftLogWorker: flushIndex: setUnconditionally 0 -> -1
2021-09-05 02:14:53,149 [pool-74-thread-1] INFO  segmented.SegmentedRaftLogWorker (SegmentedRaftLogWorker.java:lambda$new$0(133)) - 1374024b-188e-4a27-8b68-8945fec70172@group-A9D44B2A46EA-SegmentedRaftLogWorker: safeCacheEvictIndex: setUnconditionally 0 -> -1
2021-09-05 02:14:53,149 [pool-74-thread-1] INFO  server.RaftServerConfigKeys (ConfUtils.java:logGet(44)) - raft.server.snapshot.auto.trigger.enabled = true (custom)
2021-09-05 02:14:53,149 [pool-74-thread-1] INFO  server.RaftServerConfigKeys (ConfUtils.java:logGet(44)) - raft.server.snapshot.auto.trigger.threshold = 10000 (custom)
2021-09-05 02:14:53,149 [pool-74-thread-1] INFO  server.RaftServerConfigKeys (ConfUtils.java:logGet(44)) - raft.server.snapshot.retention.file.num = 5 (custom)
2021-09-05 02:14:53,149 [pool-74-thread-1] INFO  server.RaftServerConfigKeys (ConfUtils.java:logGet(44)) - raft.server.log.purge.upto.snapshot.index = false (default)
2021-09-05 02:14:53,150 [pool-74-thread-1] INFO  server.RaftServerConfigKeys (ConfUtils.java:logGet(44)) - raft.server.retrycache.expirytime = 600000ms (custom)
2021-09-05 02:14:53,150 [pool-74-thread-1] INFO  server.RaftServerConfigKeys (ConfUtils.java:logGet(44)) - raft.server.retrycache.statistics.expirytime = 100μs (default)
2021-09-05 02:14:53,159 [pool-74-thread-1] INFO  server.RaftServer$Division (RaftServerImpl.java:start(296)) - 1374024b-188e-4a27-8b68-8945fec70172@group-A9D44B2A46EA: start as a follower, conf=-1: [1374024b-188e-4a27-8b68-8945fec70172|rpc:10.1.0.22:45107|priority:1], old=null
2021-09-05 02:14:53,159 [pool-74-thread-1] INFO  server.RaftServer$Division (RaftServerImpl.java:setRole(285)) - 1374024b-188e-4a27-8b68-8945fec70172@group-A9D44B2A46EA: changes role from      null to FOLLOWER at term 0 for startAsFollower
2021-09-05 02:14:53,159 [pool-74-thread-1] INFO  impl.RoleInfo (RoleInfo.java:updateAndGet(130)) - 1374024b-188e-4a27-8b68-8945fec70172: start 1374024b-188e-4a27-8b68-8945fec70172@group-A9D44B2A46EA-FollowerState
2021-09-05 02:14:53,170 [pool-74-thread-1] INFO  util.JmxRegister (JmxRegister.java:tryRegister(44)) - Successfully registered JMX Bean with object name Ratis:service=RaftServer,group=group-A9D44B2A46EA,id=1374024b-188e-4a27-8b68-8945fec70172
2021-09-05 02:14:53,179 [Command processor thread] INFO  ratis.XceiverServerRatis (XceiverServerRatis.java:addGroup(763)) - Created group PipelineID=4cf9f247-b0ad-4a62-a72f-a9d44b2a46ea
2021-09-05 02:14:53,180 [Command processor thread] INFO  commandhandler.CreatePipelineCommandHandler (CreatePipelineCommandHandler.java:handle(106)) - Created Pipeline RATIS ONE PipelineID=4cf9f247-b0ad-4a62-a72f-a9d44b2a46ea.
2021-09-05 02:14:53,186 [Command processor thread] INFO  server.RaftServer (RaftServerProxy.java:addNew(95)) - 1374024b-188e-4a27-8b68-8945fec70172: addNew group-D658D3A0F6D4:[1374024b-188e-4a27-8b68-8945fec70172|rpc:10.1.0.22:45107|priority:0, 164a5057-06fc-470a-866e-2459acc1ca75|rpc:10.1.0.22:42029|priority:1, 051433ed-f0f3-4e10-b303-9534300925a9|rpc:10.1.0.22:36003|priority:0] returns group-D658D3A0F6D4:java.util.concurrent.CompletableFuture@7ff038d5[Not completed]
2021-09-05 02:14:53,186 [Listener at 127.0.0.1/38203] INFO  ozone.MiniOzoneClusterImpl (MiniOzoneClusterImpl.java:lambda$waitForClusterToBeReady$0(235)) - Nodes are ready. Got 6 of 6 DN Heartbeats.
2021-09-05 02:14:53,186 [Listener at 127.0.0.1/38203] INFO  ozone.MiniOzoneClusterImpl (MiniOzoneClusterImpl.java:lambda$waitForClusterToBeReady$0(238)) - Waiting for cluster to exit safe mode
2021-09-05 02:14:53,186 [Listener at 127.0.0.1/38203] INFO  ozone.MiniOzoneClusterImpl (MiniOzoneClusterImpl.java:lambda$waitForClusterToBeReady$0(240)) - SCM became leader
2021-09-05 02:14:53,188 [pool-74-thread-1] INFO  server.RaftServer$Division (RaftServerImpl.java:<init>(181)) - 1374024b-188e-4a27-8b68-8945fec70172: new RaftServerImpl for group-D658D3A0F6D4:[1374024b-188e-4a27-8b68-8945fec70172|rpc:10.1.0.22:45107|priority:0, 164a5057-06fc-470a-866e-2459acc1ca75|rpc:10.1.0.22:42029|priority:1, 051433ed-f0f3-4e10-b303-9534300925a9|rpc:10.1.0.22:36003|priority:0] with ContainerStateMachine:uninitialized
2021-09-05 02:14:53,188 [pool-74-thread-1] INFO  server.RaftServerConfigKeys (ConfUtils.java:logGet(44)) - raft.server.rpc.timeout.min = 5s (custom)
2021-09-05 02:14:53,188 [pool-74-thread-1] INFO  server.RaftServerConfigKeys (ConfUtils.java:logGet(44)) - raft.server.rpc.timeout.max = 5200ms (custom)
2021-09-05 02:14:53,188 [pool-74-thread-1] INFO  server.RaftServerConfigKeys (ConfUtils.java:logGet(44)) - raft.server.rpc.sleep.time = 25ms (default)
2021-09-05 02:14:53,188 [pool-74-thread-1] INFO  server.RaftServerConfigKeys (ConfUtils.java:logGet(44)) - raft.server.rpc.slowness.timeout = 300s (custom)
2021-09-05 02:14:53,188 [pool-74-thread-1] INFO  server.RaftServerConfigKeys (ConfUtils.java:logGet(44)) - raft.server.leaderelection.leader.step-down.wait-time = 10s (default)
2021-09-05 02:14:53,188 [pool-74-thread-1] INFO  server.RaftServerConfigKeys (ConfUtils.java:logGet(44)) - raft.server.sleep.deviation.threshold = 300ms (default)
2021-09-05 02:14:53,188 [pool-74-thread-1] INFO  server.RaftServerConfigKeys (ConfUtils.java:logGet(44)) - raft.server.log.appender.install.snapshot.enabled = false (custom)
2021-09-05 02:14:53,188 [pool-74-thread-1] INFO  server.RaftServer$Division (ServerState.java:<init>(105)) - 1374024b-188e-4a27-8b68-8945fec70172@group-D658D3A0F6D4: ConfigurationManager, init=-1: [1374024b-188e-4a27-8b68-8945fec70172|rpc:10.1.0.22:45107|priority:0, 164a5057-06fc-470a-866e-2459acc1ca75|rpc:10.1.0.22:42029|priority:1, 051433ed-f0f3-4e10-b303-9534300925a9|rpc:10.1.0.22:36003|priority:0], old=null, confs=<EMPTY_MAP>
2021-09-05 02:14:53,188 [pool-74-thread-1] INFO  server.RaftServerConfigKeys (ConfUtils.java:logGet(44)) - raft.server.storage.dir = [/home/runner/work/ozone/ozone/hadoop-ozone/integration-test/target/test-dir/MiniOzoneClusterImpl-b9dfe4fd-d142-4c87-b19c-e6304396dee2/datanode-1/data/ratis] (custom)
2021-09-05 02:14:53,188 [pool-74-thread-1] INFO  server.RaftServerConfigKeys (ConfUtils.java:logGet(44)) - raft.server.log.corruption.policy = EXCEPTION (default)
2021-09-05 02:14:53,188 [pool-74-thread-1] INFO  server.RaftServerConfigKeys (ConfUtils.java:logGet(44)) - raft.server.storage.free-space.min = 0MB (=0) (default)
2021-09-05 02:14:53,188 [pool-74-thread-1] INFO  storage.RaftStorageDirectory (RaftStorageDirectoryImpl.java:analyzeStorage(135)) - The storage directory /home/runner/work/ozone/ozone/hadoop-ozone/integration-test/target/test-dir/MiniOzoneClusterImpl-b9dfe4fd-d142-4c87-b19c-e6304396dee2/datanode-1/data/ratis/1329cd8a-6765-40e5-9e23-d658d3a0f6d4 does not exist. Creating ...
2021-09-05 02:14:53,190 [pool-74-thread-1] INFO  storage.RaftStorageDirectory (RaftStorageDirectoryImpl.java:tryLock(230)) - Lock on /home/runner/work/ozone/ozone/hadoop-ozone/integration-test/target/test-dir/MiniOzoneClusterImpl-b9dfe4fd-d142-4c87-b19c-e6304396dee2/datanode-1/data/ratis/1329cd8a-6765-40e5-9e23-d658d3a0f6d4/in_use.lock acquired by nodename 7276@fv-az151-757
2021-09-05 02:14:53,193 [pool-74-thread-1] INFO  storage.RaftStorage (RaftStorageImpl.java:format(89)) - Storage directory /home/runner/work/ozone/ozone/hadoop-ozone/integration-test/target/test-dir/MiniOzoneClusterImpl-b9dfe4fd-d142-4c87-b19c-e6304396dee2/datanode-1/data/ratis/1329cd8a-6765-40e5-9e23-d658d3a0f6d4 has been successfully formatted.
2021-09-05 02:14:53,193 [pool-74-thread-1] INFO  ratis.ContainerStateMachine (ContainerStateMachine.java:loadSnapshot(224)) - group-D658D3A0F6D4: The snapshot info is null. Setting the last applied indexto:(t:0, i:~)
2021-09-05 02:14:53,194 [pool-74-thread-1] INFO  server.RaftServerConfigKeys (ConfUtils.java:logGet(44)) - raft.server.notification.no-leader.timeout = 300s (custom)
2021-09-05 02:14:53,194 [pool-74-thread-1] INFO  server.RaftServerConfigKeys (ConfUtils.java:logGet(44)) - raft.server.log.use.memory = false (default)
2021-09-05 02:14:53,194 [pool-74-thread-1] INFO  server.RaftServerConfigKeys (ConfUtils.java:logGet(44)) - raft.server.log.purge.gap = 1000000 (custom)
2021-09-05 02:14:53,194 [pool-74-thread-1] INFO  server.RaftServerConfigKeys (ConfUtils.java:logGet(44)) - raft.server.log.appender.buffer.byte-limit = 33554432 (custom)
2021-09-05 02:14:53,194 [pool-74-thread-1] INFO  server.RaftServerConfigKeys (ConfUtils.java:logGet(44)) - raft.server.log.segment.size.max = 1048576 (custom)
2021-09-05 02:14:53,195 [pool-74-thread-1] INFO  server.RaftServerConfigKeys (ConfUtils.java:logGet(44)) - raft.server.log.segment.cache.num.max = 2 (custom)
2021-09-05 02:14:53,195 [pool-74-thread-1] INFO  server.RaftServerConfigKeys (ConfUtils.java:logGet(44)) - raft.server.log.segment.cache.size.max = 200MB (=209715200) (default)
2021-09-05 02:14:53,195 [pool-74-thread-1] INFO  segmented.SegmentedRaftLogWorker (SegmentedRaftLogWorker.java:<init>(182)) - new 1374024b-188e-4a27-8b68-8945fec70172@group-D658D3A0F6D4-SegmentedRaftLogWorker for RaftStorageImpl:Storage Directory /home/runner/work/ozone/ozone/hadoop-ozone/integration-test/target/test-dir/MiniOzoneClusterImpl-b9dfe4fd-d142-4c87-b19c-e6304396dee2/datanode-1/data/ratis/1329cd8a-6765-40e5-9e23-d658d3a0f6d4
2021-09-05 02:14:53,195 [pool-74-thread-1] INFO  server.RaftServerConfigKeys (ConfUtils.java:logGet(44)) - raft.server.log.queue.byte-limit = 2147483647 (custom)
2021-09-05 02:14:53,195 [pool-74-thread-1] INFO  server.RaftServerConfigKeys (ConfUtils.java:logGet(44)) - raft.server.log.queue.element-limit = 1024 (custom)
2021-09-05 02:14:53,196 [pool-74-thread-1] INFO  server.RaftServerConfigKeys (ConfUtils.java:logGet(44)) - raft.server.log.segment.size.max = 1048576 (custom)
2021-09-05 02:14:53,196 [pool-74-thread-1] INFO  server.RaftServerConfigKeys (ConfUtils.java:logGet(44)) - raft.server.log.preallocated.size = 16384 (custom)
2021-09-05 02:14:53,196 [pool-74-thread-1] INFO  server.RaftServerConfigKeys (ConfUtils.java:logGet(44)) - raft.server.log.force.sync.num = 128 (default)
2021-09-05 02:14:53,196 [pool-74-thread-1] INFO  server.RaftServerConfigKeys (ConfUtils.java:logGet(44)) - raft.server.log.statemachine.data.sync = true (default)
2021-09-05 02:14:53,196 [pool-74-thread-1] INFO  server.RaftServerConfigKeys (ConfUtils.java:logGet(44)) - raft.server.log.statemachine.data.sync.timeout = 10s (default)
2021-09-05 02:14:53,196 [pool-74-thread-1] INFO  server.RaftServerConfigKeys (ConfUtils.java:logGet(44)) - raft.server.log.statemachine.data.sync.timeout.retry = -1 (default)
2021-09-05 02:14:53,193 [Datanode State Machine Thread - 0] WARN  statemachine.StateContext (StateContext.java:execute(621)) - No available thread in pool for past 1 seconds.
2021-09-05 02:14:53,207 [pool-74-thread-1] INFO  server.RaftServerConfigKeys (ConfUtils.java:logGet(44)) - raft.server.log.write.buffer.size = 1048576 (custom)
2021-09-05 02:14:53,208 [pool-74-thread-1] INFO  server.RaftServerConfigKeys (ConfUtils.java:logGet(44)) - raft.server.log.statemachine.data.caching.enabled = true (custom)
2021-09-05 02:14:53,208 [pool-74-thread-1] INFO  segmented.SegmentedRaftLogWorker (SegmentedRaftLogWorker.java:lambda$new$0(133)) - 1374024b-188e-4a27-8b68-8945fec70172@group-D658D3A0F6D4-SegmentedRaftLogWorker: flushIndex: setUnconditionally 0 -> -1
2021-09-05 02:14:53,208 [pool-74-thread-1] INFO  segmented.SegmentedRaftLogWorker (SegmentedRaftLogWorker.java:lambda$new$0(133)) - 1374024b-188e-4a27-8b68-8945fec70172@group-D658D3A0F6D4-SegmentedRaftLogWorker: safeCacheEvictIndex: setUnconditionally 0 -> -1
2021-09-05 02:14:53,214 [EventQueue-OpenPipelineForHealthyPipelineSafeModeRule] INFO  safemode.SCMSafeModeManager (HealthyPipelineSafeModeRule.java:process(124)) - SCM in safe mode. Healthy pipelines reported count is 0, required healthy pipeline reported count is 1
2021-09-05 02:14:53,214 [pool-74-thread-1] INFO  server.RaftServerConfigKeys (ConfUtils.java:logGet(44)) - raft.server.snapshot.auto.trigger.enabled = true (custom)
2021-09-05 02:14:53,214 [pool-74-thread-1] INFO  server.RaftServerConfigKeys (ConfUtils.java:logGet(44)) - raft.server.snapshot.auto.trigger.threshold = 10000 (custom)
2021-09-05 02:14:53,215 [pool-74-thread-1] INFO  server.RaftServerConfigKeys (ConfUtils.java:logGet(44)) - raft.server.snapshot.retention.file.num = 5 (custom)
2021-09-05 02:14:53,215 [pool-74-thread-1] INFO  server.RaftServerConfigKeys (ConfUtils.java:logGet(44)) - raft.server.log.purge.upto.snapshot.index = false (default)
2021-09-05 02:14:53,215 [pool-74-thread-1] INFO  server.RaftServerConfigKeys (ConfUtils.java:logGet(44)) - raft.server.retrycache.expirytime = 600000ms (custom)
2021-09-05 02:14:53,215 [pool-74-thread-1] INFO  server.RaftServerConfigKeys (ConfUtils.java:logGet(44)) - raft.server.retrycache.statistics.expirytime = 100μs (default)
2021-09-05 02:14:53,217 [pool-74-thread-1] INFO  server.RaftServer$Division (RaftServerImpl.java:start(296)) - 1374024b-188e-4a27-8b68-8945fec70172@group-D658D3A0F6D4: start as a follower, conf=-1: [1374024b-188e-4a27-8b68-8945fec70172|rpc:10.1.0.22:45107|priority:0, 164a5057-06fc-470a-866e-2459acc1ca75|rpc:10.1.0.22:42029|priority:1, 051433ed-f0f3-4e10-b303-9534300925a9|rpc:10.1.0.22:36003|priority:0], old=null
2021-09-05 02:14:53,217 [pool-74-thread-1] INFO  server.RaftServer$Division (RaftServerImpl.java:setRole(285)) - 1374024b-188e-4a27-8b68-8945fec70172@group-D658D3A0F6D4: changes role from      null to FOLLOWER at term 0 for startAsFollower
2021-09-05 02:14:53,217 [pool-74-thread-1] INFO  impl.RoleInfo (RoleInfo.java:updateAndGet(130)) - 1374024b-188e-4a27-8b68-8945fec70172: start 1374024b-188e-4a27-8b68-8945fec70172@group-D658D3A0F6D4-FollowerState
2021-09-05 02:14:53,222 [pool-74-thread-1] INFO  util.JmxRegister (JmxRegister.java:tryRegister(44)) - Successfully registered JMX Bean with object name Ratis:service=RaftServer,group=group-D658D3A0F6D4,id=1374024b-188e-4a27-8b68-8945fec70172
2021-09-05 02:14:53,249 [Command processor thread] INFO  ratis.XceiverServerRatis (XceiverServerRatis.java:addGroup(763)) - Created group PipelineID=1329cd8a-6765-40e5-9e23-d658d3a0f6d4
2021-09-05 02:14:53,507 [grpc-default-executor-0] INFO  server.RaftServer (RaftServerProxy.java:addNew(95)) - 164a5057-06fc-470a-866e-2459acc1ca75: addNew group-D658D3A0F6D4:[1374024b-188e-4a27-8b68-8945fec70172|rpc:10.1.0.22:45107|dataStream:|priority:0, 164a5057-06fc-470a-866e-2459acc1ca75|rpc:10.1.0.22:42029|dataStream:|priority:1, 051433ed-f0f3-4e10-b303-9534300925a9|rpc:10.1.0.22:36003|dataStream:|priority:0] returns group-D658D3A0F6D4:java.util.concurrent.CompletableFuture@40238783[Not completed]
2021-09-05 02:14:53,509 [pool-93-thread-1] INFO  server.RaftServer$Division (RaftServerImpl.java:<init>(181)) - 164a5057-06fc-470a-866e-2459acc1ca75: new RaftServerImpl for group-D658D3A0F6D4:[1374024b-188e-4a27-8b68-8945fec70172|rpc:10.1.0.22:45107|dataStream:|priority:0, 164a5057-06fc-470a-866e-2459acc1ca75|rpc:10.1.0.22:42029|dataStream:|priority:1, 051433ed-f0f3-4e10-b303-9534300925a9|rpc:10.1.0.22:36003|dataStream:|priority:0] with ContainerStateMachine:uninitialized
2021-09-05 02:14:53,522 [pool-93-thread-1] INFO  server.RaftServerConfigKeys (ConfUtils.java:logGet(44)) - raft.server.rpc.timeout.min = 5s (custom)
2021-09-05 02:14:53,522 [pool-93-thread-1] INFO  server.RaftServerConfigKeys (ConfUtils.java:logGet(44)) - raft.server.rpc.timeout.max = 5200ms (custom)
2021-09-05 02:14:53,522 [pool-93-thread-1] INFO  server.RaftServerConfigKeys (ConfUtils.java:logGet(44)) - raft.server.rpc.sleep.time = 25ms (default)
2021-09-05 02:14:53,522 [pool-93-thread-1] INFO  server.RaftServerConfigKeys (ConfUtils.java:logGet(44)) - raft.server.rpc.slowness.timeout = 300s (custom)
2021-09-05 02:14:53,522 [pool-93-thread-1] INFO  server.RaftServerConfigKeys (ConfUtils.java:logGet(44)) - raft.server.leaderelection.leader.step-down.wait-time = 10s (default)
2021-09-05 02:14:53,522 [pool-93-thread-1] INFO  server.RaftServerConfigKeys (ConfUtils.java:logGet(44)) - raft.server.sleep.deviation.threshold = 300ms (default)
2021-09-05 02:14:53,523 [pool-93-thread-1] INFO  server.RaftServerConfigKeys (ConfUtils.java:logGet(44)) - raft.server.log.appender.install.snapshot.enabled = false (custom)
2021-09-05 02:14:53,523 [pool-93-thread-1] INFO  server.RaftServer$Division (ServerState.java:<init>(105)) - 164a5057-06fc-470a-866e-2459acc1ca75@group-D658D3A0F6D4: ConfigurationManager, init=-1: [1374024b-188e-4a27-8b68-8945fec70172|rpc:10.1.0.22:45107|dataStream:|priority:0, 164a5057-06fc-470a-866e-2459acc1ca75|rpc:10.1.0.22:42029|dataStream:|priority:1, 051433ed-f0f3-4e10-b303-9534300925a9|rpc:10.1.0.22:36003|dataStream:|priority:0], old=null, confs=<EMPTY_MAP>
2021-09-05 02:14:53,524 [pool-93-thread-1] INFO  server.RaftServerConfigKeys (ConfUtils.java:logGet(44)) - raft.server.storage.dir = [/home/runner/work/ozone/ozone/hadoop-ozone/integration-test/target/test-dir/MiniOzoneClusterImpl-b9dfe4fd-d142-4c87-b19c-e6304396dee2/datanode-2/data/ratis] (custom)
2021-09-05 02:14:53,524 [pool-93-thread-1] INFO  server.RaftServerConfigKeys (ConfUtils.java:logGet(44)) - raft.server.log.corruption.policy = EXCEPTION (default)
2021-09-05 02:14:53,524 [pool-93-thread-1] INFO  server.RaftServerConfigKeys (ConfUtils.java:logGet(44)) - raft.server.storage.free-space.min = 0MB (=0) (default)
2021-09-05 02:14:53,524 [pool-93-thread-1] INFO  storage.RaftStorageDirectory (RaftStorageDirectoryImpl.java:analyzeStorage(135)) - The storage directory /home/runner/work/ozone/ozone/hadoop-ozone/integration-test/target/test-dir/MiniOzoneClusterImpl-b9dfe4fd-d142-4c87-b19c-e6304396dee2/datanode-2/data/ratis/1329cd8a-6765-40e5-9e23-d658d3a0f6d4 does not exist. Creating ...
2021-09-05 02:14:53,528 [pool-93-thread-1] INFO  storage.RaftStorageDirectory (RaftStorageDirectoryImpl.java:tryLock(230)) - Lock on /home/runner/work/ozone/ozone/hadoop-ozone/integration-test/target/test-dir/MiniOzoneClusterImpl-b9dfe4fd-d142-4c87-b19c-e6304396dee2/datanode-2/data/ratis/1329cd8a-6765-40e5-9e23-d658d3a0f6d4/in_use.lock acquired by nodename 7276@fv-az151-757
2021-09-05 02:14:53,529 [pool-93-thread-1] INFO  storage.RaftStorage (RaftStorageImpl.java:format(89)) - Storage directory /home/runner/work/ozone/ozone/hadoop-ozone/integration-test/target/test-dir/MiniOzoneClusterImpl-b9dfe4fd-d142-4c87-b19c-e6304396dee2/datanode-2/data/ratis/1329cd8a-6765-40e5-9e23-d658d3a0f6d4 has been successfully formatted.
2021-09-05 02:14:53,533 [pool-93-thread-1] INFO  ratis.ContainerStateMachine (ContainerStateMachine.java:loadSnapshot(224)) - group-D658D3A0F6D4: The snapshot info is null. Setting the last applied indexto:(t:0, i:~)
2021-09-05 02:14:53,533 [pool-93-thread-1] INFO  server.RaftServerConfigKeys (ConfUtils.java:logGet(44)) - raft.server.notification.no-leader.timeout = 300s (custom)
2021-09-05 02:14:53,533 [pool-93-thread-1] INFO  server.RaftServerConfigKeys (ConfUtils.java:logGet(44)) - raft.server.log.use.memory = false (default)
2021-09-05 02:14:53,534 [pool-93-thread-1] INFO  server.RaftServerConfigKeys (ConfUtils.java:logGet(44)) - raft.server.log.purge.gap = 1000000 (custom)
2021-09-05 02:14:53,534 [pool-93-thread-1] INFO  server.RaftServerConfigKeys (ConfUtils.java:logGet(44)) - raft.server.log.appender.buffer.byte-limit = 33554432 (custom)
2021-09-05 02:14:53,534 [pool-93-thread-1] INFO  server.RaftServerConfigKeys (ConfUtils.java:logGet(44)) - raft.server.log.segment.size.max = 1048576 (custom)
2021-09-05 02:14:53,534 [pool-93-thread-1] INFO  server.RaftServerConfigKeys (ConfUtils.java:logGet(44)) - raft.server.log.segment.cache.num.max = 2 (custom)
2021-09-05 02:14:53,534 [pool-93-thread-1] INFO  server.RaftServerConfigKeys (ConfUtils.java:logGet(44)) - raft.server.log.segment.cache.size.max = 200MB (=209715200) (default)
2021-09-05 02:14:53,534 [pool-93-thread-1] INFO  segmented.SegmentedRaftLogWorker (SegmentedRaftLogWorker.java:<init>(182)) - new 164a5057-06fc-470a-866e-2459acc1ca75@group-D658D3A0F6D4-SegmentedRaftLogWorker for RaftStorageImpl:Storage Directory /home/runner/work/ozone/ozone/hadoop-ozone/integration-test/target/test-dir/MiniOzoneClusterImpl-b9dfe4fd-d142-4c87-b19c-e6304396dee2/datanode-2/data/ratis/1329cd8a-6765-40e5-9e23-d658d3a0f6d4
2021-09-05 02:14:53,535 [pool-93-thread-1] INFO  server.RaftServerConfigKeys (ConfUtils.java:logGet(44)) - raft.server.log.queue.byte-limit = 2147483647 (custom)
2021-09-05 02:14:53,535 [pool-93-thread-1] INFO  server.RaftServerConfigKeys (ConfUtils.java:logGet(44)) - raft.server.log.queue.element-limit = 1024 (custom)
2021-09-05 02:14:53,535 [pool-93-thread-1] INFO  server.RaftServerConfigKeys (ConfUtils.java:logGet(44)) - raft.server.log.segment.size.max = 1048576 (custom)
2021-09-05 02:14:53,535 [pool-93-thread-1] INFO  server.RaftServerConfigKeys (ConfUtils.java:logGet(44)) - raft.server.log.preallocated.size = 16384 (custom)
2021-09-05 02:14:53,535 [pool-93-thread-1] INFO  server.RaftServerConfigKeys (ConfUtils.java:logGet(44)) - raft.server.log.force.sync.num = 128 (default)
2021-09-05 02:14:53,535 [pool-93-thread-1] INFO  server.RaftServerConfigKeys (ConfUtils.java:logGet(44)) - raft.server.log.statemachine.data.sync = true (default)
2021-09-05 02:14:53,535 [pool-93-thread-1] INFO  server.RaftServerConfigKeys (ConfUtils.java:logGet(44)) - raft.server.log.statemachine.data.sync.timeout = 10s (default)
2021-09-05 02:14:53,535 [pool-93-thread-1] INFO  server.RaftServerConfigKeys (ConfUtils.java:logGet(44)) - raft.server.log.statemachine.data.sync.timeout.retry = -1 (default)
2021-09-05 02:14:53,536 [pool-93-thread-1] INFO  server.RaftServerConfigKeys (ConfUtils.java:logGet(44)) - raft.server.log.write.buffer.size = 1048576 (custom)
2021-09-05 02:14:53,537 [pool-93-thread-1] INFO  server.RaftServerConfigKeys (ConfUtils.java:logGet(44)) - raft.server.log.statemachine.data.caching.enabled = true (custom)
2021-09-05 02:14:53,538 [pool-93-thread-1] INFO  segmented.SegmentedRaftLogWorker (SegmentedRaftLogWorker.java:lambda$new$0(133)) - 164a5057-06fc-470a-866e-2459acc1ca75@group-D658D3A0F6D4-SegmentedRaftLogWorker: flushIndex: setUnconditionally 0 -> -1
2021-09-05 02:14:53,539 [Command processor thread] INFO  server.RaftServer (RaftServerProxy.java:addNew(95)) - 164a5057-06fc-470a-866e-2459acc1ca75: addNew group-DA07979B28D5:[164a5057-06fc-470a-866e-2459acc1ca75|rpc:10.1.0.22:42029|priority:1] returns group-DA07979B28D5:java.util.concurrent.CompletableFuture@3ce15c27[Not completed]
2021-09-05 02:14:53,537 [Datanode State Machine Thread - 0] WARN  statemachine.StateContext (StateContext.java:execute(621)) - No available thread in pool for past 1 seconds.
2021-09-05 02:14:53,540 [pool-93-thread-1] INFO  segmented.SegmentedRaftLogWorker (SegmentedRaftLogWorker.java:lambda$new$0(133)) - 164a5057-06fc-470a-866e-2459acc1ca75@group-D658D3A0F6D4-SegmentedRaftLogWorker: safeCacheEvictIndex: setUnconditionally 0 -> -1
2021-09-05 02:14:53,562 [pool-93-thread-1] INFO  server.RaftServerConfigKeys (ConfUtils.java:logGet(44)) - raft.server.snapshot.auto.trigger.enabled = true (custom)
2021-09-05 02:14:53,562 [pool-93-thread-1] INFO  server.RaftServerConfigKeys (ConfUtils.java:logGet(44)) - raft.server.snapshot.auto.trigger.threshold = 10000 (custom)
2021-09-05 02:14:53,562 [pool-93-thread-1] INFO  server.RaftServerConfigKeys (ConfUtils.java:logGet(44)) - raft.server.snapshot.retention.file.num = 5 (custom)
2021-09-05 02:14:53,562 [pool-93-thread-1] INFO  server.RaftServerConfigKeys (ConfUtils.java:logGet(44)) - raft.server.log.purge.upto.snapshot.index = false (default)
2021-09-05 02:14:53,562 [pool-93-thread-1] INFO  server.RaftServerConfigKeys (ConfUtils.java:logGet(44)) - raft.server.retrycache.expirytime = 600000ms (custom)
2021-09-05 02:14:53,562 [pool-93-thread-1] INFO  server.RaftServerConfigKeys (ConfUtils.java:logGet(44)) - raft.server.retrycache.statistics.expirytime = 100μs (default)
2021-09-05 02:14:53,565 [pool-93-thread-1] INFO  server.RaftServer$Division (RaftServerImpl.java:<init>(181)) - 164a5057-06fc-470a-866e-2459acc1ca75: new RaftServerImpl for group-DA07979B28D5:[164a5057-06fc-470a-866e-2459acc1ca75|rpc:10.1.0.22:42029|priority:1] with ContainerStateMachine:uninitialized
2021-09-05 02:14:53,565 [pool-93-thread-1] INFO  server.RaftServerConfigKeys (ConfUtils.java:logGet(44)) - raft.server.rpc.timeout.min = 5s (custom)
2021-09-05 02:14:53,565 [pool-93-thread-1] INFO  server.RaftServerConfigKeys (ConfUtils.java:logGet(44)) - raft.server.rpc.timeout.max = 5200ms (custom)
2021-09-05 02:14:53,565 [pool-93-thread-1] INFO  server.RaftServerConfigKeys (ConfUtils.java:logGet(44)) - raft.server.rpc.sleep.time = 25ms (default)
2021-09-05 02:14:53,565 [pool-93-thread-1] INFO  server.RaftServerConfigKeys (ConfUtils.java:logGet(44)) - raft.server.rpc.slowness.timeout = 300s (custom)
2021-09-05 02:14:53,565 [pool-93-thread-1] INFO  server.RaftServerConfigKeys (ConfUtils.java:logGet(44)) - raft.server.leaderelection.leader.step-down.wait-time = 10s (default)
2021-09-05 02:14:53,565 [pool-93-thread-1] INFO  server.RaftServerConfigKeys (ConfUtils.java:logGet(44)) - raft.server.sleep.deviation.threshold = 300ms (default)
2021-09-05 02:14:53,568 [pool-93-thread-1] INFO  server.RaftServerConfigKeys (ConfUtils.java:logGet(44)) - raft.server.log.appender.install.snapshot.enabled = false (custom)
2021-09-05 02:14:53,572 [pool-93-thread-1] INFO  server.RaftServer$Division (ServerState.java:<init>(105)) - 164a5057-06fc-470a-866e-2459acc1ca75@group-DA07979B28D5: ConfigurationManager, init=-1: [164a5057-06fc-470a-866e-2459acc1ca75|rpc:10.1.0.22:42029|priority:1], old=null, confs=<EMPTY_MAP>
2021-09-05 02:14:53,572 [pool-93-thread-1] INFO  server.RaftServerConfigKeys (ConfUtils.java:logGet(44)) - raft.server.storage.dir = [/home/runner/work/ozone/ozone/hadoop-ozone/integration-test/target/test-dir/MiniOzoneClusterImpl-b9dfe4fd-d142-4c87-b19c-e6304396dee2/datanode-2/data/ratis] (custom)
2021-09-05 02:14:53,572 [pool-93-thread-1] INFO  server.RaftServerConfigKeys (ConfUtils.java:logGet(44)) - raft.server.log.corruption.policy = EXCEPTION (default)
2021-09-05 02:14:53,572 [pool-93-thread-1] INFO  server.RaftServerConfigKeys (ConfUtils.java:logGet(44)) - raft.server.storage.free-space.min = 0MB (=0) (default)
2021-09-05 02:14:53,573 [pool-93-thread-1] INFO  storage.RaftStorageDirectory (RaftStorageDirectoryImpl.java:analyzeStorage(135)) - The storage directory /home/runner/work/ozone/ozone/hadoop-ozone/integration-test/target/test-dir/MiniOzoneClusterImpl-b9dfe4fd-d142-4c87-b19c-e6304396dee2/datanode-2/data/ratis/bd7486a3-d2ae-4ec9-a81c-da07979b28d5 does not exist. Creating ...
2021-09-05 02:14:53,575 [pool-93-thread-1] INFO  storage.RaftStorageDirectory (RaftStorageDirectoryImpl.java:tryLock(230)) - Lock on /home/runner/work/ozone/ozone/hadoop-ozone/integration-test/target/test-dir/MiniOzoneClusterImpl-b9dfe4fd-d142-4c87-b19c-e6304396dee2/datanode-2/data/ratis/bd7486a3-d2ae-4ec9-a81c-da07979b28d5/in_use.lock acquired by nodename 7276@fv-az151-757
2021-09-05 02:14:53,577 [pool-93-thread-1] INFO  storage.RaftStorage (RaftStorageImpl.java:format(89)) - Storage directory /home/runner/work/ozone/ozone/hadoop-ozone/integration-test/target/test-dir/MiniOzoneClusterImpl-b9dfe4fd-d142-4c87-b19c-e6304396dee2/datanode-2/data/ratis/bd7486a3-d2ae-4ec9-a81c-da07979b28d5 has been successfully formatted.
2021-09-05 02:14:53,578 [Datanode State Machine Thread - 0] WARN  statemachine.StateContext (StateContext.java:execute(621)) - No available thread in pool for past 1 seconds.
2021-09-05 02:14:53,578 [pool-93-thread-1] INFO  ratis.ContainerStateMachine (ContainerStateMachine.java:loadSnapshot(224)) - group-DA07979B28D5: The snapshot info is null. Setting the last applied indexto:(t:0, i:~)
2021-09-05 02:14:53,579 [pool-93-thread-1] INFO  server.RaftServerConfigKeys (ConfUtils.java:logGet(44)) - raft.server.notification.no-leader.timeout = 300s (custom)
2021-09-05 02:14:53,579 [pool-93-thread-1] INFO  server.RaftServerConfigKeys (ConfUtils.java:logGet(44)) - raft.server.log.use.memory = false (default)
2021-09-05 02:14:53,579 [pool-93-thread-1] INFO  server.RaftServerConfigKeys (ConfUtils.java:logGet(44)) - raft.server.log.purge.gap = 1000000 (custom)
2021-09-05 02:14:53,579 [pool-93-thread-1] INFO  server.RaftServerConfigKeys (ConfUtils.java:logGet(44)) - raft.server.log.appender.buffer.byte-limit = 33554432 (custom)
2021-09-05 02:14:53,579 [pool-93-thread-1] INFO  server.RaftServerConfigKeys (ConfUtils.java:logGet(44)) - raft.server.log.segment.size.max = 1048576 (custom)
2021-09-05 02:14:53,579 [pool-93-thread-1] INFO  server.RaftServerConfigKeys (ConfUtils.java:logGet(44)) - raft.server.log.segment.cache.num.max = 2 (custom)
2021-09-05 02:14:53,582 [pool-93-thread-1] INFO  server.RaftServerConfigKeys (ConfUtils.java:logGet(44)) - raft.server.log.segment.cache.size.max = 200MB (=209715200) (default)
2021-09-05 02:14:53,582 [pool-93-thread-1] INFO  segmented.SegmentedRaftLogWorker (SegmentedRaftLogWorker.java:<init>(182)) - new 164a5057-06fc-470a-866e-2459acc1ca75@group-DA07979B28D5-SegmentedRaftLogWorker for RaftStorageImpl:Storage Directory /home/runner/work/ozone/ozone/hadoop-ozone/integration-test/target/test-dir/MiniOzoneClusterImpl-b9dfe4fd-d142-4c87-b19c-e6304396dee2/datanode-2/data/ratis/bd7486a3-d2ae-4ec9-a81c-da07979b28d5
2021-09-05 02:14:53,582 [pool-93-thread-1] INFO  server.RaftServerConfigKeys (ConfUtils.java:logGet(44)) - raft.server.log.queue.byte-limit = 2147483647 (custom)
2021-09-05 02:14:53,582 [pool-93-thread-1] INFO  server.RaftServerConfigKeys (ConfUtils.java:logGet(44)) - raft.server.log.queue.element-limit = 1024 (custom)
2021-09-05 02:14:53,582 [pool-93-thread-1] INFO  server.RaftServerConfigKeys (ConfUtils.java:logGet(44)) - raft.server.log.segment.size.max = 1048576 (custom)
2021-09-05 02:14:53,583 [pool-93-thread-1] INFO  server.RaftServerConfigKeys (ConfUtils.java:logGet(44)) - raft.server.log.preallocated.size = 16384 (custom)
2021-09-05 02:14:53,583 [pool-93-thread-1] INFO  server.RaftServerConfigKeys (ConfUtils.java:logGet(44)) - raft.server.log.force.sync.num = 128 (default)
2021-09-05 02:14:53,583 [pool-93-thread-1] INFO  server.RaftServerConfigKeys (ConfUtils.java:logGet(44)) - raft.server.log.statemachine.data.sync = true (default)
2021-09-05 02:14:53,583 [pool-93-thread-1] INFO  server.RaftServerConfigKeys (ConfUtils.java:logGet(44)) - raft.server.log.statemachine.data.sync.timeout = 10s (default)
2021-09-05 02:14:53,583 [pool-93-thread-1] INFO  server.RaftServerConfigKeys (ConfUtils.java:logGet(44)) - raft.server.log.statemachine.data.sync.timeout.retry = -1 (default)
2021-09-05 02:14:53,584 [pool-93-thread-1] INFO  server.RaftServerConfigKeys (ConfUtils.java:logGet(44)) - raft.server.log.write.buffer.size = 1048576 (custom)
2021-09-05 02:14:53,585 [pool-93-thread-1] INFO  server.RaftServerConfigKeys (ConfUtils.java:logGet(44)) - raft.server.log.statemachine.data.caching.enabled = true (custom)
2021-09-05 02:14:53,585 [pool-93-thread-1] INFO  segmented.SegmentedRaftLogWorker (SegmentedRaftLogWorker.java:lambda$new$0(133)) - 164a5057-06fc-470a-866e-2459acc1ca75@group-DA07979B28D5-SegmentedRaftLogWorker: flushIndex: setUnconditionally 0 -> -1
2021-09-05 02:14:53,585 [pool-93-thread-1] INFO  segmented.SegmentedRaftLogWorker (SegmentedRaftLogWorker.java:lambda$new$0(133)) - 164a5057-06fc-470a-866e-2459acc1ca75@group-DA07979B28D5-SegmentedRaftLogWorker: safeCacheEvictIndex: setUnconditionally 0 -> -1
2021-09-05 02:14:53,585 [pool-93-thread-1] INFO  server.RaftServerConfigKeys (ConfUtils.java:logGet(44)) - raft.server.snapshot.auto.trigger.enabled = true (custom)
2021-09-05 02:14:53,585 [pool-93-thread-1] INFO  server.RaftServerConfigKeys (ConfUtils.java:logGet(44)) - raft.server.snapshot.auto.trigger.threshold = 10000 (custom)
2021-09-05 02:14:53,585 [pool-93-thread-1] INFO  server.RaftServerConfigKeys (ConfUtils.java:logGet(44)) - raft.server.snapshot.retention.file.num = 5 (custom)
2021-09-05 02:14:53,585 [pool-93-thread-1] INFO  server.RaftServerConfigKeys (ConfUtils.java:logGet(44)) - raft.server.log.purge.upto.snapshot.index = false (default)
2021-09-05 02:14:53,585 [pool-93-thread-1] INFO  server.RaftServerConfigKeys (ConfUtils.java:logGet(44)) - raft.server.retrycache.expirytime = 600000ms (custom)
2021-09-05 02:14:53,585 [pool-93-thread-1] INFO  server.RaftServerConfigKeys (ConfUtils.java:logGet(44)) - raft.server.retrycache.statistics.expirytime = 100μs (default)
2021-09-05 02:14:53,585 [EventQueue-PipelineReportForPipelineReportHandler] INFO  pipeline.PipelineManagerImpl (PipelineManagerImpl.java:openPipeline(282)) - Pipeline Pipeline[ Id: bd7486a3-d2ae-4ec9-a81c-da07979b28d5, Nodes: 164a5057-06fc-470a-866e-2459acc1ca75{ip: 10.1.0.22, host: fv-az151-757.yf2hydr00wburbhx3j5hxtcipe.bx.internal.cloudapp.net, ports: [REPLICATION=41425, RATIS=42029, RATIS_ADMIN=42029, RATIS_SERVER=42029, STANDALONE=36885], networkLocation: /default-rack, certSerialId: null, persistedOpState: IN_SERVICE, persistedOpStateExpiryEpochSec: 0}, ReplicationConfig: RATIS/ONE, State:ALLOCATED, leaderId:164a5057-06fc-470a-866e-2459acc1ca75, CreationTimestamp2021-09-05T02:14:50.543Z[Etc/UTC]] moved to OPEN state
2021-09-05 02:14:53,586 [EventQueue-OpenPipelineForHealthyPipelineSafeModeRule] INFO  safemode.SCMSafeModeManager (HealthyPipelineSafeModeRule.java:process(124)) - SCM in safe mode. Healthy pipelines reported count is 0, required healthy pipeline reported count is 1
2021-09-05 02:14:53,590 [pool-93-thread-1] INFO  server.RaftServer$Division (RaftServerImpl.java:start(296)) - 164a5057-06fc-470a-866e-2459acc1ca75@group-D658D3A0F6D4: start as a follower, conf=-1: [1374024b-188e-4a27-8b68-8945fec70172|rpc:10.1.0.22:45107|dataStream:|priority:0, 164a5057-06fc-470a-866e-2459acc1ca75|rpc:10.1.0.22:42029|dataStream:|priority:1, 051433ed-f0f3-4e10-b303-9534300925a9|rpc:10.1.0.22:36003|dataStream:|priority:0], old=null
2021-09-05 02:14:53,606 [pool-93-thread-1] INFO  server.RaftServer$Division (RaftServerImpl.java:setRole(285)) - 164a5057-06fc-470a-866e-2459acc1ca75@group-D658D3A0F6D4: changes role from      null to FOLLOWER at term 0 for startAsFollower
2021-09-05 02:14:53,606 [pool-93-thread-1] INFO  impl.RoleInfo (RoleInfo.java:updateAndGet(130)) - 164a5057-06fc-470a-866e-2459acc1ca75: start 164a5057-06fc-470a-866e-2459acc1ca75@group-D658D3A0F6D4-FollowerState
2021-09-05 02:14:53,606 [pool-93-thread-1] INFO  util.JmxRegister (JmxRegister.java:tryRegister(44)) - Successfully registered JMX Bean with object name Ratis:service=RaftServer,group=group-D658D3A0F6D4,id=164a5057-06fc-470a-866e-2459acc1ca75
2021-09-05 02:14:53,608 [pool-93-thread-1] INFO  server.RaftServer$Division (RaftServerImpl.java:start(296)) - 164a5057-06fc-470a-866e-2459acc1ca75@group-DA07979B28D5: start as a follower, conf=-1: [164a5057-06fc-470a-866e-2459acc1ca75|rpc:10.1.0.22:42029|priority:1], old=null
2021-09-05 02:14:53,608 [pool-93-thread-1] INFO  server.RaftServer$Division (RaftServerImpl.java:setRole(285)) - 164a5057-06fc-470a-866e-2459acc1ca75@group-DA07979B28D5: changes role from      null to FOLLOWER at term 0 for startAsFollower
2021-09-05 02:14:53,608 [pool-93-thread-1] INFO  impl.RoleInfo (RoleInfo.java:updateAndGet(130)) - 164a5057-06fc-470a-866e-2459acc1ca75: start 164a5057-06fc-470a-866e-2459acc1ca75@group-DA07979B28D5-FollowerState
2021-09-05 02:14:53,618 [pool-93-thread-1] INFO  util.JmxRegister (JmxRegister.java:tryRegister(44)) - Successfully registered JMX Bean with object name Ratis:service=RaftServer,group=group-DA07979B28D5,id=164a5057-06fc-470a-866e-2459acc1ca75
2021-09-05 02:14:53,626 [Command processor thread] INFO  ratis.XceiverServerRatis (XceiverServerRatis.java:addGroup(763)) - Created group PipelineID=bd7486a3-d2ae-4ec9-a81c-da07979b28d5
2021-09-05 02:14:53,626 [Command processor thread] INFO  commandhandler.CreatePipelineCommandHandler (CreatePipelineCommandHandler.java:handle(106)) - Created Pipeline RATIS ONE PipelineID=bd7486a3-d2ae-4ec9-a81c-da07979b28d5.
2021-09-05 02:14:53,678 [Command processor thread] INFO  commandhandler.CreatePipelineCommandHandler (CreatePipelineCommandHandler.java:handle(106)) - Created Pipeline RATIS THREE PipelineID=1329cd8a-6765-40e5-9e23-d658d3a0f6d4.
2021-09-05 02:14:53,696 [Command processor thread] INFO  commandhandler.CreatePipelineCommandHandler (CreatePipelineCommandHandler.java:handle(106)) - Created Pipeline RATIS THREE PipelineID=1329cd8a-6765-40e5-9e23-d658d3a0f6d4.
2021-09-05 02:14:53,755 [Command processor thread] INFO  server.RaftServer (RaftServerProxy.java:addNew(95)) - 107e36cc-fe8a-481c-a932-f36b6ede4996: addNew group-0C53CCF1827D:[107e36cc-fe8a-481c-a932-f36b6ede4996|rpc:10.1.0.22:41403|priority:1] returns group-0C53CCF1827D:java.util.concurrent.CompletableFuture@75e08d45[Not completed]
2021-09-05 02:14:53,757 [pool-112-thread-1] INFO  server.RaftServer$Division (RaftServerImpl.java:<init>(181)) - 107e36cc-fe8a-481c-a932-f36b6ede4996: new RaftServerImpl for group-0C53CCF1827D:[107e36cc-fe8a-481c-a932-f36b6ede4996|rpc:10.1.0.22:41403|priority:1] with ContainerStateMachine:uninitialized
2021-09-05 02:14:53,758 [pool-112-thread-1] INFO  server.RaftServerConfigKeys (ConfUtils.java:logGet(44)) - raft.server.rpc.timeout.min = 5s (custom)
2021-09-05 02:14:53,758 [pool-112-thread-1] INFO  server.RaftServerConfigKeys (ConfUtils.java:logGet(44)) - raft.server.rpc.timeout.max = 5200ms (custom)
2021-09-05 02:14:53,758 [pool-112-thread-1] INFO  server.RaftServerConfigKeys (ConfUtils.java:logGet(44)) - raft.server.rpc.sleep.time = 25ms (default)
2021-09-05 02:14:53,758 [pool-112-thread-1] INFO  server.RaftServerConfigKeys (ConfUtils.java:logGet(44)) - raft.server.rpc.slowness.timeout = 300s (custom)
2021-09-05 02:14:53,758 [pool-112-thread-1] INFO  server.RaftServerConfigKeys (ConfUtils.java:logGet(44)) - raft.server.leaderelection.leader.step-down.wait-time = 10s (default)
2021-09-05 02:14:53,758 [pool-112-thread-1] INFO  server.RaftServerConfigKeys (ConfUtils.java:logGet(44)) - raft.server.sleep.deviation.threshold = 300ms (default)
2021-09-05 02:14:53,758 [pool-112-thread-1] INFO  server.RaftServerConfigKeys (ConfUtils.java:logGet(44)) - raft.server.log.appender.install.snapshot.enabled = false (custom)
2021-09-05 02:14:53,759 [pool-112-thread-1] INFO  server.RaftServer$Division (ServerState.java:<init>(105)) - 107e36cc-fe8a-481c-a932-f36b6ede4996@group-0C53CCF1827D: ConfigurationManager, init=-1: [107e36cc-fe8a-481c-a932-f36b6ede4996|rpc:10.1.0.22:41403|priority:1], old=null, confs=<EMPTY_MAP>
2021-09-05 02:14:53,759 [pool-112-thread-1] INFO  server.RaftServerConfigKeys (ConfUtils.java:logGet(44)) - raft.server.storage.dir = [/home/runner/work/ozone/ozone/hadoop-ozone/integration-test/target/test-dir/MiniOzoneClusterImpl-b9dfe4fd-d142-4c87-b19c-e6304396dee2/datanode-3/data/ratis] (custom)
2021-09-05 02:14:53,759 [pool-112-thread-1] INFO  server.RaftServerConfigKeys (ConfUtils.java:logGet(44)) - raft.server.log.corruption.policy = EXCEPTION (default)
2021-09-05 02:14:53,759 [pool-112-thread-1] INFO  server.RaftServerConfigKeys (ConfUtils.java:logGet(44)) - raft.server.storage.free-space.min = 0MB (=0) (default)
2021-09-05 02:14:53,759 [pool-112-thread-1] INFO  storage.RaftStorageDirectory (RaftStorageDirectoryImpl.java:analyzeStorage(135)) - The storage directory /home/runner/work/ozone/ozone/hadoop-ozone/integration-test/target/test-dir/MiniOzoneClusterImpl-b9dfe4fd-d142-4c87-b19c-e6304396dee2/datanode-3/data/ratis/5fa46518-9716-499a-b9fc-0c53ccf1827d does not exist. Creating ...
2021-09-05 02:14:53,768 [pool-112-thread-1] INFO  storage.RaftStorageDirectory (RaftStorageDirectoryImpl.java:tryLock(230)) - Lock on /home/runner/work/ozone/ozone/hadoop-ozone/integration-test/target/test-dir/MiniOzoneClusterImpl-b9dfe4fd-d142-4c87-b19c-e6304396dee2/datanode-3/data/ratis/5fa46518-9716-499a-b9fc-0c53ccf1827d/in_use.lock acquired by nodename 7276@fv-az151-757
2021-09-05 02:14:53,770 [pool-112-thread-1] INFO  storage.RaftStorage (RaftStorageImpl.java:format(89)) - Storage directory /home/runner/work/ozone/ozone/hadoop-ozone/integration-test/target/test-dir/MiniOzoneClusterImpl-b9dfe4fd-d142-4c87-b19c-e6304396dee2/datanode-3/data/ratis/5fa46518-9716-499a-b9fc-0c53ccf1827d has been successfully formatted.
2021-09-05 02:14:53,770 [pool-112-thread-1] INFO  ratis.ContainerStateMachine (ContainerStateMachine.java:loadSnapshot(224)) - group-0C53CCF1827D: The snapshot info is null. Setting the last applied indexto:(t:0, i:~)
2021-09-05 02:14:53,771 [pool-112-thread-1] INFO  server.RaftServerConfigKeys (ConfUtils.java:logGet(44)) - raft.server.notification.no-leader.timeout = 300s (custom)
2021-09-05 02:14:53,771 [pool-112-thread-1] INFO  server.RaftServerConfigKeys (ConfUtils.java:logGet(44)) - raft.server.log.use.memory = false (default)
2021-09-05 02:14:53,771 [pool-112-thread-1] INFO  server.RaftServerConfigKeys (ConfUtils.java:logGet(44)) - raft.server.log.purge.gap = 1000000 (custom)
2021-09-05 02:14:53,771 [pool-112-thread-1] INFO  server.RaftServerConfigKeys (ConfUtils.java:logGet(44)) - raft.server.log.appender.buffer.byte-limit = 33554432 (custom)
2021-09-05 02:14:53,772 [pool-112-thread-1] INFO  server.RaftServerConfigKeys (ConfUtils.java:logGet(44)) - raft.server.log.segment.size.max = 1048576 (custom)
2021-09-05 02:14:53,773 [EventQueue-PipelineReportForPipelineReportHandler] INFO  pipeline.PipelineManagerImpl (PipelineManagerImpl.java:openPipeline(282)) - Pipeline Pipeline[ Id: 5fa46518-9716-499a-b9fc-0c53ccf1827d, Nodes: 107e36cc-fe8a-481c-a932-f36b6ede4996{ip: 10.1.0.22, host: fv-az151-757.yf2hydr00wburbhx3j5hxtcipe.bx.internal.cloudapp.net, ports: [REPLICATION=37671, RATIS=41403, RATIS_ADMIN=41403, RATIS_SERVER=41403, STANDALONE=42501], networkLocation: /default-rack, certSerialId: null, persistedOpState: IN_SERVICE, persistedOpStateExpiryEpochSec: 0}, ReplicationConfig: RATIS/ONE, State:ALLOCATED, leaderId:107e36cc-fe8a-481c-a932-f36b6ede4996, CreationTimestamp2021-09-05T02:14:50.767Z[Etc/UTC]] moved to OPEN state
2021-09-05 02:14:53,773 [EventQueue-OpenPipelineForHealthyPipelineSafeModeRule] INFO  safemode.SCMSafeModeManager (HealthyPipelineSafeModeRule.java:process(124)) - SCM in safe mode. Healthy pipelines reported count is 0, required healthy pipeline reported count is 1
2021-09-05 02:14:53,781 [pool-112-thread-1] INFO  server.RaftServerConfigKeys (ConfUtils.java:logGet(44)) - raft.server.log.segment.cache.num.max = 2 (custom)
2021-09-05 02:14:53,782 [pool-112-thread-1] INFO  server.RaftServerConfigKeys (ConfUtils.java:logGet(44)) - raft.server.log.segment.cache.size.max = 200MB (=209715200) (default)
2021-09-05 02:14:53,782 [pool-112-thread-1] INFO  segmented.SegmentedRaftLogWorker (SegmentedRaftLogWorker.java:<init>(182)) - new 107e36cc-fe8a-481c-a932-f36b6ede4996@group-0C53CCF1827D-SegmentedRaftLogWorker for RaftStorageImpl:Storage Directory /home/runner/work/ozone/ozone/hadoop-ozone/integration-test/target/test-dir/MiniOzoneClusterImpl-b9dfe4fd-d142-4c87-b19c-e6304396dee2/datanode-3/data/ratis/5fa46518-9716-499a-b9fc-0c53ccf1827d
2021-09-05 02:14:53,782 [pool-112-thread-1] INFO  server.RaftServerConfigKeys (ConfUtils.java:logGet(44)) - raft.server.log.queue.byte-limit = 2147483647 (custom)
2021-09-05 02:14:53,782 [pool-112-thread-1] INFO  server.RaftServerConfigKeys (ConfUtils.java:logGet(44)) - raft.server.log.queue.element-limit = 1024 (custom)
2021-09-05 02:14:53,782 [pool-112-thread-1] INFO  server.RaftServerConfigKeys (ConfUtils.java:logGet(44)) - raft.server.log.segment.size.max = 1048576 (custom)
2021-09-05 02:14:53,782 [pool-112-thread-1] INFO  server.RaftServerConfigKeys (ConfUtils.java:logGet(44)) - raft.server.log.preallocated.size = 16384 (custom)
2021-09-05 02:14:53,782 [pool-112-thread-1] INFO  server.RaftServerConfigKeys (ConfUtils.java:logGet(44)) - raft.server.log.force.sync.num = 128 (default)
2021-09-05 02:14:53,783 [pool-112-thread-1] INFO  server.RaftServerConfigKeys (ConfUtils.java:logGet(44)) - raft.server.log.statemachine.data.sync = true (default)
2021-09-05 02:14:53,783 [pool-112-thread-1] INFO  server.RaftServerConfigKeys (ConfUtils.java:logGet(44)) - raft.server.log.statemachine.data.sync.timeout = 10s (default)
2021-09-05 02:14:53,783 [pool-112-thread-1] INFO  server.RaftServerConfigKeys (ConfUtils.java:logGet(44)) - raft.server.log.statemachine.data.sync.timeout.retry = -1 (default)
2021-09-05 02:14:53,784 [pool-112-thread-1] INFO  server.RaftServerConfigKeys (ConfUtils.java:logGet(44)) - raft.server.log.write.buffer.size = 1048576 (custom)
2021-09-05 02:14:53,785 [pool-112-thread-1] INFO  server.RaftServerConfigKeys (ConfUtils.java:logGet(44)) - raft.server.log.statemachine.data.caching.enabled = true (custom)
2021-09-05 02:14:53,785 [pool-112-thread-1] INFO  segmented.SegmentedRaftLogWorker (SegmentedRaftLogWorker.java:lambda$new$0(133)) - 107e36cc-fe8a-481c-a932-f36b6ede4996@group-0C53CCF1827D-SegmentedRaftLogWorker: flushIndex: setUnconditionally 0 -> -1
2021-09-05 02:14:53,785 [pool-112-thread-1] INFO  segmented.SegmentedRaftLogWorker (SegmentedRaftLogWorker.java:lambda$new$0(133)) - 107e36cc-fe8a-481c-a932-f36b6ede4996@group-0C53CCF1827D-SegmentedRaftLogWorker: safeCacheEvictIndex: setUnconditionally 0 -> -1
2021-09-05 02:14:53,785 [pool-112-thread-1] INFO  server.RaftServerConfigKeys (ConfUtils.java:logGet(44)) - raft.server.snapshot.auto.trigger.enabled = true (custom)
2021-09-05 02:14:53,785 [pool-112-thread-1] INFO  server.RaftServerConfigKeys (ConfUtils.java:logGet(44)) - raft.server.snapshot.auto.trigger.threshold = 10000 (custom)
2021-09-05 02:14:53,785 [pool-112-thread-1] INFO  server.RaftServerConfigKeys (ConfUtils.java:logGet(44)) - raft.server.snapshot.retention.file.num = 5 (custom)
2021-09-05 02:14:53,785 [pool-112-thread-1] INFO  server.RaftServerConfigKeys (ConfUtils.java:logGet(44)) - raft.server.log.purge.upto.snapshot.index = false (default)
2021-09-05 02:14:53,785 [pool-112-thread-1] INFO  server.RaftServerConfigKeys (ConfUtils.java:logGet(44)) - raft.server.retrycache.expirytime = 600000ms (custom)
2021-09-05 02:14:53,785 [pool-112-thread-1] INFO  server.RaftServerConfigKeys (ConfUtils.java:logGet(44)) - raft.server.retrycache.statistics.expirytime = 100μs (default)
2021-09-05 02:14:53,787 [pool-112-thread-1] INFO  server.RaftServer$Division (RaftServerImpl.java:start(296)) - 107e36cc-fe8a-481c-a932-f36b6ede4996@group-0C53CCF1827D: start as a follower, conf=-1: [107e36cc-fe8a-481c-a932-f36b6ede4996|rpc:10.1.0.22:41403|priority:1], old=null
2021-09-05 02:14:53,787 [pool-112-thread-1] INFO  server.RaftServer$Division (RaftServerImpl.java:setRole(285)) - 107e36cc-fe8a-481c-a932-f36b6ede4996@group-0C53CCF1827D: changes role from      null to FOLLOWER at term 0 for startAsFollower
2021-09-05 02:14:53,794 [pool-112-thread-1] INFO  impl.RoleInfo (RoleInfo.java:updateAndGet(130)) - 107e36cc-fe8a-481c-a932-f36b6ede4996: start 107e36cc-fe8a-481c-a932-f36b6ede4996@group-0C53CCF1827D-FollowerState
2021-09-05 02:14:53,794 [pool-112-thread-1] INFO  util.JmxRegister (JmxRegister.java:tryRegister(44)) - Successfully registered JMX Bean with object name Ratis:service=RaftServer,group=group-0C53CCF1827D,id=107e36cc-fe8a-481c-a932-f36b6ede4996
2021-09-05 02:14:53,798 [Command processor thread] INFO  ratis.XceiverServerRatis (XceiverServerRatis.java:addGroup(763)) - Created group PipelineID=5fa46518-9716-499a-b9fc-0c53ccf1827d
2021-09-05 02:14:53,798 [Command processor thread] INFO  commandhandler.CreatePipelineCommandHandler (CreatePipelineCommandHandler.java:handle(106)) - Created Pipeline RATIS ONE PipelineID=5fa46518-9716-499a-b9fc-0c53ccf1827d.
2021-09-05 02:14:53,798 [Command processor thread] INFO  server.RaftServer (RaftServerProxy.java:addNew(95)) - 107e36cc-fe8a-481c-a932-f36b6ede4996: addNew group-6A133F983057:[107e36cc-fe8a-481c-a932-f36b6ede4996|rpc:10.1.0.22:41403|priority:0, c9529fe3-953b-4ef8-a4b7-44d7a8ee90ff|rpc:10.1.0.22:36459|priority:1, 3bd9e3a9-14dd-46c0-953f-63403e4f7020|rpc:10.1.0.22:45657|priority:0] returns group-6A133F983057:java.util.concurrent.CompletableFuture@71df1721[Not completed]
2021-09-05 02:14:53,799 [pool-112-thread-1] INFO  server.RaftServer$Division (RaftServerImpl.java:<init>(181)) - 107e36cc-fe8a-481c-a932-f36b6ede4996: new RaftServerImpl for group-6A133F983057:[107e36cc-fe8a-481c-a932-f36b6ede4996|rpc:10.1.0.22:41403|priority:0, c9529fe3-953b-4ef8-a4b7-44d7a8ee90ff|rpc:10.1.0.22:36459|priority:1, 3bd9e3a9-14dd-46c0-953f-63403e4f7020|rpc:10.1.0.22:45657|priority:0] with ContainerStateMachine:uninitialized
2021-09-05 02:14:53,799 [pool-112-thread-1] INFO  server.RaftServerConfigKeys (ConfUtils.java:logGet(44)) - raft.server.rpc.timeout.min = 5s (custom)
2021-09-05 02:14:53,799 [pool-112-thread-1] INFO  server.RaftServerConfigKeys (ConfUtils.java:logGet(44)) - raft.server.rpc.timeout.max = 5200ms (custom)
2021-09-05 02:14:53,799 [pool-112-thread-1] INFO  server.RaftServerConfigKeys (ConfUtils.java:logGet(44)) - raft.server.rpc.sleep.time = 25ms (default)
2021-09-05 02:14:53,799 [pool-112-thread-1] INFO  server.RaftServerConfigKeys (ConfUtils.java:logGet(44)) - raft.server.rpc.slowness.timeout = 300s (custom)
2021-09-05 02:14:53,799 [pool-112-thread-1] INFO  server.RaftServerConfigKeys (ConfUtils.java:logGet(44)) - raft.server.leaderelection.leader.step-down.wait-time = 10s (default)
2021-09-05 02:14:53,799 [pool-112-thread-1] INFO  server.RaftServerConfigKeys (ConfUtils.java:logGet(44)) - raft.server.sleep.deviation.threshold = 300ms (default)
2021-09-05 02:14:53,799 [pool-112-thread-1] INFO  server.RaftServerConfigKeys (ConfUtils.java:logGet(44)) - raft.server.log.appender.install.snapshot.enabled = false (custom)
2021-09-05 02:14:53,799 [pool-112-thread-1] INFO  server.RaftServer$Division (ServerState.java:<init>(105)) - 107e36cc-fe8a-481c-a932-f36b6ede4996@group-6A133F983057: ConfigurationManager, init=-1: [107e36cc-fe8a-481c-a932-f36b6ede4996|rpc:10.1.0.22:41403|priority:0, c9529fe3-953b-4ef8-a4b7-44d7a8ee90ff|rpc:10.1.0.22:36459|priority:1, 3bd9e3a9-14dd-46c0-953f-63403e4f7020|rpc:10.1.0.22:45657|priority:0], old=null, confs=<EMPTY_MAP>
2021-09-05 02:14:53,800 [pool-112-thread-1] INFO  server.RaftServerConfigKeys (ConfUtils.java:logGet(44)) - raft.server.storage.dir = [/home/runner/work/ozone/ozone/hadoop-ozone/integration-test/target/test-dir/MiniOzoneClusterImpl-b9dfe4fd-d142-4c87-b19c-e6304396dee2/datanode-3/data/ratis] (custom)
2021-09-05 02:14:53,800 [pool-112-thread-1] INFO  server.RaftServerConfigKeys (ConfUtils.java:logGet(44)) - raft.server.log.corruption.policy = EXCEPTION (default)
2021-09-05 02:14:53,800 [pool-112-thread-1] INFO  server.RaftServerConfigKeys (ConfUtils.java:logGet(44)) - raft.server.storage.free-space.min = 0MB (=0) (default)
2021-09-05 02:14:53,800 [pool-112-thread-1] INFO  storage.RaftStorageDirectory (RaftStorageDirectoryImpl.java:analyzeStorage(135)) - The storage directory /home/runner/work/ozone/ozone/hadoop-ozone/integration-test/target/test-dir/MiniOzoneClusterImpl-b9dfe4fd-d142-4c87-b19c-e6304396dee2/datanode-3/data/ratis/ea622501-719d-487d-8d87-6a133f983057 does not exist. Creating ...
2021-09-05 02:14:53,804 [pool-112-thread-1] INFO  storage.RaftStorageDirectory (RaftStorageDirectoryImpl.java:tryLock(230)) - Lock on /home/runner/work/ozone/ozone/hadoop-ozone/integration-test/target/test-dir/MiniOzoneClusterImpl-b9dfe4fd-d142-4c87-b19c-e6304396dee2/datanode-3/data/ratis/ea622501-719d-487d-8d87-6a133f983057/in_use.lock acquired by nodename 7276@fv-az151-757
2021-09-05 02:14:53,805 [pool-112-thread-1] INFO  storage.RaftStorage (RaftStorageImpl.java:format(89)) - Storage directory /home/runner/work/ozone/ozone/hadoop-ozone/integration-test/target/test-dir/MiniOzoneClusterImpl-b9dfe4fd-d142-4c87-b19c-e6304396dee2/datanode-3/data/ratis/ea622501-719d-487d-8d87-6a133f983057 has been successfully formatted.
2021-09-05 02:14:53,805 [pool-112-thread-1] INFO  ratis.ContainerStateMachine (ContainerStateMachine.java:loadSnapshot(224)) - group-6A133F983057: The snapshot info is null. Setting the last applied indexto:(t:0, i:~)
2021-09-05 02:14:53,807 [EventQueue-OpenPipelineForHealthyPipelineSafeModeRule] INFO  safemode.SCMSafeModeManager (HealthyPipelineSafeModeRule.java:process(124)) - SCM in safe mode. Healthy pipelines reported count is 0, required healthy pipeline reported count is 1
2021-09-05 02:14:53,807 [pool-112-thread-1] INFO  server.RaftServerConfigKeys (ConfUtils.java:logGet(44)) - raft.server.notification.no-leader.timeout = 300s (custom)
2021-09-05 02:14:53,807 [pool-112-thread-1] INFO  server.RaftServerConfigKeys (ConfUtils.java:logGet(44)) - raft.server.log.use.memory = false (default)
2021-09-05 02:14:53,808 [pool-112-thread-1] INFO  server.RaftServerConfigKeys (ConfUtils.java:logGet(44)) - raft.server.log.purge.gap = 1000000 (custom)
2021-09-05 02:14:53,808 [pool-112-thread-1] INFO  server.RaftServerConfigKeys (ConfUtils.java:logGet(44)) - raft.server.log.appender.buffer.byte-limit = 33554432 (custom)
2021-09-05 02:14:53,808 [pool-112-thread-1] INFO  server.RaftServerConfigKeys (ConfUtils.java:logGet(44)) - raft.server.log.segment.size.max = 1048576 (custom)
2021-09-05 02:14:53,809 [pool-112-thread-1] INFO  server.RaftServerConfigKeys (ConfUtils.java:logGet(44)) - raft.server.log.segment.cache.num.max = 2 (custom)
2021-09-05 02:14:53,809 [pool-112-thread-1] INFO  server.RaftServerConfigKeys (ConfUtils.java:logGet(44)) - raft.server.log.segment.cache.size.max = 200MB (=209715200) (default)
2021-09-05 02:14:53,809 [pool-112-thread-1] INFO  segmented.SegmentedRaftLogWorker (SegmentedRaftLogWorker.java:<init>(182)) - new 107e36cc-fe8a-481c-a932-f36b6ede4996@group-6A133F983057-SegmentedRaftLogWorker for RaftStorageImpl:Storage Directory /home/runner/work/ozone/ozone/hadoop-ozone/integration-test/target/test-dir/MiniOzoneClusterImpl-b9dfe4fd-d142-4c87-b19c-e6304396dee2/datanode-3/data/ratis/ea622501-719d-487d-8d87-6a133f983057
2021-09-05 02:14:53,809 [pool-112-thread-1] INFO  server.RaftServerConfigKeys (ConfUtils.java:logGet(44)) - raft.server.log.queue.byte-limit = 2147483647 (custom)
2021-09-05 02:14:53,809 [pool-112-thread-1] INFO  server.RaftServerConfigKeys (ConfUtils.java:logGet(44)) - raft.server.log.queue.element-limit = 1024 (custom)
2021-09-05 02:14:53,809 [pool-112-thread-1] INFO  server.RaftServerConfigKeys (ConfUtils.java:logGet(44)) - raft.server.log.segment.size.max = 1048576 (custom)
2021-09-05 02:14:53,810 [pool-112-thread-1] INFO  server.RaftServerConfigKeys (ConfUtils.java:logGet(44)) - raft.server.log.preallocated.size = 16384 (custom)
2021-09-05 02:14:53,810 [pool-112-thread-1] INFO  server.RaftServerConfigKeys (ConfUtils.java:logGet(44)) - raft.server.log.force.sync.num = 128 (default)
2021-09-05 02:14:53,810 [pool-112-thread-1] INFO  server.RaftServerConfigKeys (ConfUtils.java:logGet(44)) - raft.server.log.statemachine.data.sync = true (default)
2021-09-05 02:14:53,810 [pool-112-thread-1] INFO  server.RaftServerConfigKeys (ConfUtils.java:logGet(44)) - raft.server.log.statemachine.data.sync.timeout = 10s (default)
2021-09-05 02:14:53,813 [pool-112-thread-1] INFO  server.RaftServerConfigKeys (ConfUtils.java:logGet(44)) - raft.server.log.statemachine.data.sync.timeout.retry = -1 (default)
2021-09-05 02:14:53,814 [pool-112-thread-1] INFO  server.RaftServerConfigKeys (ConfUtils.java:logGet(44)) - raft.server.log.write.buffer.size = 1048576 (custom)
2021-09-05 02:14:53,815 [pool-112-thread-1] INFO  server.RaftServerConfigKeys (ConfUtils.java:logGet(44)) - raft.server.log.statemachine.data.caching.enabled = true (custom)
2021-09-05 02:14:53,815 [pool-112-thread-1] INFO  segmented.SegmentedRaftLogWorker (SegmentedRaftLogWorker.java:lambda$new$0(133)) - 107e36cc-fe8a-481c-a932-f36b6ede4996@group-6A133F983057-SegmentedRaftLogWorker: flushIndex: setUnconditionally 0 -> -1
2021-09-05 02:14:53,815 [pool-112-thread-1] INFO  segmented.SegmentedRaftLogWorker (SegmentedRaftLogWorker.java:lambda$new$0(133)) - 107e36cc-fe8a-481c-a932-f36b6ede4996@group-6A133F983057-SegmentedRaftLogWorker: safeCacheEvictIndex: setUnconditionally 0 -> -1
2021-09-05 02:14:53,816 [pool-112-thread-1] INFO  server.RaftServerConfigKeys (ConfUtils.java:logGet(44)) - raft.server.snapshot.auto.trigger.enabled = true (custom)
2021-09-05 02:14:53,816 [pool-112-thread-1] INFO  server.RaftServerConfigKeys (ConfUtils.java:logGet(44)) - raft.server.snapshot.auto.trigger.threshold = 10000 (custom)
2021-09-05 02:14:53,816 [pool-112-thread-1] INFO  server.RaftServerConfigKeys (ConfUtils.java:logGet(44)) - raft.server.snapshot.retention.file.num = 5 (custom)
2021-09-05 02:14:53,816 [pool-112-thread-1] INFO  server.RaftServerConfigKeys (ConfUtils.java:logGet(44)) - raft.server.log.purge.upto.snapshot.index = false (default)
2021-09-05 02:14:53,816 [pool-112-thread-1] INFO  server.RaftServerConfigKeys (ConfUtils.java:logGet(44)) - raft.server.retrycache.expirytime = 600000ms (custom)
2021-09-05 02:14:53,816 [pool-112-thread-1] INFO  server.RaftServerConfigKeys (ConfUtils.java:logGet(44)) - raft.server.retrycache.statistics.expirytime = 100μs (default)
2021-09-05 02:14:53,817 [pool-112-thread-1] INFO  server.RaftServer$Division (RaftServerImpl.java:start(296)) - 107e36cc-fe8a-481c-a932-f36b6ede4996@group-6A133F983057: start as a follower, conf=-1: [107e36cc-fe8a-481c-a932-f36b6ede4996|rpc:10.1.0.22:41403|priority:0, c9529fe3-953b-4ef8-a4b7-44d7a8ee90ff|rpc:10.1.0.22:36459|priority:1, 3bd9e3a9-14dd-46c0-953f-63403e4f7020|rpc:10.1.0.22:45657|priority:0], old=null
2021-09-05 02:14:53,819 [pool-112-thread-1] INFO  server.RaftServer$Division (RaftServerImpl.java:setRole(285)) - 107e36cc-fe8a-481c-a932-f36b6ede4996@group-6A133F983057: changes role from      null to FOLLOWER at term 0 for startAsFollower
2021-09-05 02:14:53,819 [pool-112-thread-1] INFO  impl.RoleInfo (RoleInfo.java:updateAndGet(130)) - 107e36cc-fe8a-481c-a932-f36b6ede4996: start 107e36cc-fe8a-481c-a932-f36b6ede4996@group-6A133F983057-FollowerState
2021-09-05 02:14:53,822 [pool-112-thread-1] INFO  util.JmxRegister (JmxRegister.java:tryRegister(44)) - Successfully registered JMX Bean with object name Ratis:service=RaftServer,group=group-6A133F983057,id=107e36cc-fe8a-481c-a932-f36b6ede4996
2021-09-05 02:14:53,823 [Command processor thread] INFO  ratis.XceiverServerRatis (XceiverServerRatis.java:addGroup(763)) - Created group PipelineID=ea622501-719d-487d-8d87-6a133f983057
2021-09-05 02:14:53,834 [grpc-default-executor-1] INFO  server.RaftServer (RaftServerProxy.java:addNew(95)) - c9529fe3-953b-4ef8-a4b7-44d7a8ee90ff: addNew group-6A133F983057:[107e36cc-fe8a-481c-a932-f36b6ede4996|rpc:10.1.0.22:41403|dataStream:|priority:0, c9529fe3-953b-4ef8-a4b7-44d7a8ee90ff|rpc:10.1.0.22:36459|dataStream:|priority:1, 3bd9e3a9-14dd-46c0-953f-63403e4f7020|rpc:10.1.0.22:45657|dataStream:|priority:0] returns group-6A133F983057:java.util.concurrent.CompletableFuture@71edfa6b[Not completed]
2021-09-05 02:14:53,835 [pool-131-thread-1] INFO  server.RaftServer$Division (RaftServerImpl.java:<init>(181)) - c9529fe3-953b-4ef8-a4b7-44d7a8ee90ff: new RaftServerImpl for group-6A133F983057:[107e36cc-fe8a-481c-a932-f36b6ede4996|rpc:10.1.0.22:41403|dataStream:|priority:0, c9529fe3-953b-4ef8-a4b7-44d7a8ee90ff|rpc:10.1.0.22:36459|dataStream:|priority:1, 3bd9e3a9-14dd-46c0-953f-63403e4f7020|rpc:10.1.0.22:45657|dataStream:|priority:0] with ContainerStateMachine:uninitialized
2021-09-05 02:14:53,836 [pool-131-thread-1] INFO  server.RaftServerConfigKeys (ConfUtils.java:logGet(44)) - raft.server.rpc.timeout.min = 5s (custom)
2021-09-05 02:14:53,836 [pool-131-thread-1] INFO  server.RaftServerConfigKeys (ConfUtils.java:logGet(44)) - raft.server.rpc.timeout.max = 5200ms (custom)
2021-09-05 02:14:53,836 [pool-131-thread-1] INFO  server.RaftServerConfigKeys (ConfUtils.java:logGet(44)) - raft.server.rpc.sleep.time = 25ms (default)
2021-09-05 02:14:53,836 [pool-131-thread-1] INFO  server.RaftServerConfigKeys (ConfUtils.java:logGet(44)) - raft.server.rpc.slowness.timeout = 300s (custom)
2021-09-05 02:14:53,836 [pool-131-thread-1] INFO  server.RaftServerConfigKeys (ConfUtils.java:logGet(44)) - raft.server.leaderelection.leader.step-down.wait-time = 10s (default)
2021-09-05 02:14:53,836 [pool-131-thread-1] INFO  server.RaftServerConfigKeys (ConfUtils.java:logGet(44)) - raft.server.sleep.deviation.threshold = 300ms (default)
2021-09-05 02:14:53,836 [pool-131-thread-1] INFO  server.RaftServerConfigKeys (ConfUtils.java:logGet(44)) - raft.server.log.appender.install.snapshot.enabled = false (custom)
2021-09-05 02:14:53,836 [pool-131-thread-1] INFO  server.RaftServer$Division (ServerState.java:<init>(105)) - c9529fe3-953b-4ef8-a4b7-44d7a8ee90ff@group-6A133F983057: ConfigurationManager, init=-1: [107e36cc-fe8a-481c-a932-f36b6ede4996|rpc:10.1.0.22:41403|dataStream:|priority:0, c9529fe3-953b-4ef8-a4b7-44d7a8ee90ff|rpc:10.1.0.22:36459|dataStream:|priority:1, 3bd9e3a9-14dd-46c0-953f-63403e4f7020|rpc:10.1.0.22:45657|dataStream:|priority:0], old=null, confs=<EMPTY_MAP>
2021-09-05 02:14:53,836 [pool-131-thread-1] INFO  server.RaftServerConfigKeys (ConfUtils.java:logGet(44)) - raft.server.storage.dir = [/home/runner/work/ozone/ozone/hadoop-ozone/integration-test/target/test-dir/MiniOzoneClusterImpl-b9dfe4fd-d142-4c87-b19c-e6304396dee2/datanode-4/data/ratis] (custom)
2021-09-05 02:14:53,836 [pool-131-thread-1] INFO  server.RaftServerConfigKeys (ConfUtils.java:logGet(44)) - raft.server.log.corruption.policy = EXCEPTION (default)
2021-09-05 02:14:53,836 [pool-131-thread-1] INFO  server.RaftServerConfigKeys (ConfUtils.java:logGet(44)) - raft.server.storage.free-space.min = 0MB (=0) (default)
2021-09-05 02:14:53,836 [pool-131-thread-1] INFO  storage.RaftStorageDirectory (RaftStorageDirectoryImpl.java:analyzeStorage(135)) - The storage directory /home/runner/work/ozone/ozone/hadoop-ozone/integration-test/target/test-dir/MiniOzoneClusterImpl-b9dfe4fd-d142-4c87-b19c-e6304396dee2/datanode-4/data/ratis/ea622501-719d-487d-8d87-6a133f983057 does not exist. Creating ...
2021-09-05 02:14:53,838 [pool-131-thread-1] INFO  storage.RaftStorageDirectory (RaftStorageDirectoryImpl.java:tryLock(230)) - Lock on /home/runner/work/ozone/ozone/hadoop-ozone/integration-test/target/test-dir/MiniOzoneClusterImpl-b9dfe4fd-d142-4c87-b19c-e6304396dee2/datanode-4/data/ratis/ea622501-719d-487d-8d87-6a133f983057/in_use.lock acquired by nodename 7276@fv-az151-757
2021-09-05 02:14:53,842 [pool-131-thread-1] INFO  storage.RaftStorage (RaftStorageImpl.java:format(89)) - Storage directory /home/runner/work/ozone/ozone/hadoop-ozone/integration-test/target/test-dir/MiniOzoneClusterImpl-b9dfe4fd-d142-4c87-b19c-e6304396dee2/datanode-4/data/ratis/ea622501-719d-487d-8d87-6a133f983057 has been successfully formatted.
2021-09-05 02:14:53,843 [pool-131-thread-1] INFO  ratis.ContainerStateMachine (ContainerStateMachine.java:loadSnapshot(224)) - group-6A133F983057: The snapshot info is null. Setting the last applied indexto:(t:0, i:~)
2021-09-05 02:14:53,844 [pool-131-thread-1] INFO  server.RaftServerConfigKeys (ConfUtils.java:logGet(44)) - raft.server.notification.no-leader.timeout = 300s (custom)
2021-09-05 02:14:53,844 [pool-131-thread-1] INFO  server.RaftServerConfigKeys (ConfUtils.java:logGet(44)) - raft.server.log.use.memory = false (default)
2021-09-05 02:14:53,845 [pool-131-thread-1] INFO  server.RaftServerConfigKeys (ConfUtils.java:logGet(44)) - raft.server.log.purge.gap = 1000000 (custom)
2021-09-05 02:14:53,845 [pool-131-thread-1] INFO  server.RaftServerConfigKeys (ConfUtils.java:logGet(44)) - raft.server.log.appender.buffer.byte-limit = 33554432 (custom)
2021-09-05 02:14:53,854 [pool-131-thread-1] INFO  server.RaftServerConfigKeys (ConfUtils.java:logGet(44)) - raft.server.log.segment.size.max = 1048576 (custom)
2021-09-05 02:14:53,854 [pool-131-thread-1] INFO  server.RaftServerConfigKeys (ConfUtils.java:logGet(44)) - raft.server.log.segment.cache.num.max = 2 (custom)
2021-09-05 02:14:53,854 [pool-131-thread-1] INFO  server.RaftServerConfigKeys (ConfUtils.java:logGet(44)) - raft.server.log.segment.cache.size.max = 200MB (=209715200) (default)
2021-09-05 02:14:53,854 [pool-131-thread-1] INFO  segmented.SegmentedRaftLogWorker (SegmentedRaftLogWorker.java:<init>(182)) - new c9529fe3-953b-4ef8-a4b7-44d7a8ee90ff@group-6A133F983057-SegmentedRaftLogWorker for RaftStorageImpl:Storage Directory /home/runner/work/ozone/ozone/hadoop-ozone/integration-test/target/test-dir/MiniOzoneClusterImpl-b9dfe4fd-d142-4c87-b19c-e6304396dee2/datanode-4/data/ratis/ea622501-719d-487d-8d87-6a133f983057
2021-09-05 02:14:53,855 [pool-131-thread-1] INFO  server.RaftServerConfigKeys (ConfUtils.java:logGet(44)) - raft.server.log.queue.byte-limit = 2147483647 (custom)
2021-09-05 02:14:53,855 [pool-131-thread-1] INFO  server.RaftServerConfigKeys (ConfUtils.java:logGet(44)) - raft.server.log.queue.element-limit = 1024 (custom)
2021-09-05 02:14:53,855 [pool-131-thread-1] INFO  server.RaftServerConfigKeys (ConfUtils.java:logGet(44)) - raft.server.log.segment.size.max = 1048576 (custom)
2021-09-05 02:14:53,855 [pool-131-thread-1] INFO  server.RaftServerConfigKeys (ConfUtils.java:logGet(44)) - raft.server.log.preallocated.size = 16384 (custom)
2021-09-05 02:14:53,855 [pool-131-thread-1] INFO  server.RaftServerConfigKeys (ConfUtils.java:logGet(44)) - raft.server.log.force.sync.num = 128 (default)
2021-09-05 02:14:53,855 [pool-131-thread-1] INFO  server.RaftServerConfigKeys (ConfUtils.java:logGet(44)) - raft.server.log.statemachine.data.sync = true (default)
2021-09-05 02:14:53,855 [pool-131-thread-1] INFO  server.RaftServerConfigKeys (ConfUtils.java:logGet(44)) - raft.server.log.statemachine.data.sync.timeout = 10s (default)
2021-09-05 02:14:53,855 [pool-131-thread-1] INFO  server.RaftServerConfigKeys (ConfUtils.java:logGet(44)) - raft.server.log.statemachine.data.sync.timeout.retry = -1 (default)
2021-09-05 02:14:53,856 [pool-131-thread-1] INFO  server.RaftServerConfigKeys (ConfUtils.java:logGet(44)) - raft.server.log.write.buffer.size = 1048576 (custom)
2021-09-05 02:14:53,856 [pool-131-thread-1] INFO  server.RaftServerConfigKeys (ConfUtils.java:logGet(44)) - raft.server.log.statemachine.data.caching.enabled = true (custom)
2021-09-05 02:14:53,856 [pool-131-thread-1] INFO  segmented.SegmentedRaftLogWorker (SegmentedRaftLogWorker.java:lambda$new$0(133)) - c9529fe3-953b-4ef8-a4b7-44d7a8ee90ff@group-6A133F983057-SegmentedRaftLogWorker: flushIndex: setUnconditionally 0 -> -1
2021-09-05 02:14:53,856 [pool-131-thread-1] INFO  segmented.SegmentedRaftLogWorker (SegmentedRaftLogWorker.java:lambda$new$0(133)) - c9529fe3-953b-4ef8-a4b7-44d7a8ee90ff@group-6A133F983057-SegmentedRaftLogWorker: safeCacheEvictIndex: setUnconditionally 0 -> -1
2021-09-05 02:14:53,858 [pool-131-thread-1] INFO  server.RaftServerConfigKeys (ConfUtils.java:logGet(44)) - raft.server.snapshot.auto.trigger.enabled = true (custom)
2021-09-05 02:14:53,858 [pool-131-thread-1] INFO  server.RaftServerConfigKeys (ConfUtils.java:logGet(44)) - raft.server.snapshot.auto.trigger.threshold = 10000 (custom)
2021-09-05 02:14:53,858 [pool-131-thread-1] INFO  server.RaftServerConfigKeys (ConfUtils.java:logGet(44)) - raft.server.snapshot.retention.file.num = 5 (custom)
2021-09-05 02:14:53,858 [pool-131-thread-1] INFO  server.RaftServerConfigKeys (ConfUtils.java:logGet(44)) - raft.server.log.purge.upto.snapshot.index = false (default)
2021-09-05 02:14:53,858 [pool-131-thread-1] INFO  server.RaftServerConfigKeys (ConfUtils.java:logGet(44)) - raft.server.retrycache.expirytime = 600000ms (custom)
2021-09-05 02:14:53,858 [pool-131-thread-1] INFO  server.RaftServerConfigKeys (ConfUtils.java:logGet(44)) - raft.server.retrycache.statistics.expirytime = 100μs (default)
2021-09-05 02:14:53,859 [pool-131-thread-1] INFO  server.RaftServer$Division (RaftServerImpl.java:start(296)) - c9529fe3-953b-4ef8-a4b7-44d7a8ee90ff@group-6A133F983057: start as a follower, conf=-1: [107e36cc-fe8a-481c-a932-f36b6ede4996|rpc:10.1.0.22:41403|dataStream:|priority:0, c9529fe3-953b-4ef8-a4b7-44d7a8ee90ff|rpc:10.1.0.22:36459|dataStream:|priority:1, 3bd9e3a9-14dd-46c0-953f-63403e4f7020|rpc:10.1.0.22:45657|dataStream:|priority:0], old=null
2021-09-05 02:14:53,859 [pool-131-thread-1] INFO  server.RaftServer$Division (RaftServerImpl.java:setRole(285)) - c9529fe3-953b-4ef8-a4b7-44d7a8ee90ff@group-6A133F983057: changes role from      null to FOLLOWER at term 0 for startAsFollower
2021-09-05 02:14:53,859 [pool-131-thread-1] INFO  impl.RoleInfo (RoleInfo.java:updateAndGet(130)) - c9529fe3-953b-4ef8-a4b7-44d7a8ee90ff: start c9529fe3-953b-4ef8-a4b7-44d7a8ee90ff@group-6A133F983057-FollowerState
2021-09-05 02:14:53,862 [pool-131-thread-1] INFO  util.JmxRegister (JmxRegister.java:tryRegister(44)) - Successfully registered JMX Bean with object name Ratis:service=RaftServer,group=group-6A133F983057,id=c9529fe3-953b-4ef8-a4b7-44d7a8ee90ff
2021-09-05 02:14:53,880 [grpc-default-executor-1] INFO  server.RaftServer (RaftServerProxy.java:addNew(95)) - 3bd9e3a9-14dd-46c0-953f-63403e4f7020: addNew group-6A133F983057:[107e36cc-fe8a-481c-a932-f36b6ede4996|rpc:10.1.0.22:41403|dataStream:|priority:0, c9529fe3-953b-4ef8-a4b7-44d7a8ee90ff|rpc:10.1.0.22:36459|dataStream:|priority:1, 3bd9e3a9-14dd-46c0-953f-63403e4f7020|rpc:10.1.0.22:45657|dataStream:|priority:0] returns group-6A133F983057:java.util.concurrent.CompletableFuture@44380521[Not completed]
2021-09-05 02:14:53,882 [pool-150-thread-1] INFO  server.RaftServer$Division (RaftServerImpl.java:<init>(181)) - 3bd9e3a9-14dd-46c0-953f-63403e4f7020: new RaftServerImpl for group-6A133F983057:[107e36cc-fe8a-481c-a932-f36b6ede4996|rpc:10.1.0.22:41403|dataStream:|priority:0, c9529fe3-953b-4ef8-a4b7-44d7a8ee90ff|rpc:10.1.0.22:36459|dataStream:|priority:1, 3bd9e3a9-14dd-46c0-953f-63403e4f7020|rpc:10.1.0.22:45657|dataStream:|priority:0] with ContainerStateMachine:uninitialized
2021-09-05 02:14:53,887 [pool-150-thread-1] INFO  server.RaftServerConfigKeys (ConfUtils.java:logGet(44)) - raft.server.rpc.timeout.min = 5s (custom)
2021-09-05 02:14:53,887 [pool-150-thread-1] INFO  server.RaftServerConfigKeys (ConfUtils.java:logGet(44)) - raft.server.rpc.timeout.max = 5200ms (custom)
2021-09-05 02:14:53,887 [pool-150-thread-1] INFO  server.RaftServerConfigKeys (ConfUtils.java:logGet(44)) - raft.server.rpc.sleep.time = 25ms (default)
2021-09-05 02:14:53,887 [pool-150-thread-1] INFO  server.RaftServerConfigKeys (ConfUtils.java:logGet(44)) - raft.server.rpc.slowness.timeout = 300s (custom)
2021-09-05 02:14:53,887 [pool-150-thread-1] INFO  server.RaftServerConfigKeys (ConfUtils.java:logGet(44)) - raft.server.leaderelection.leader.step-down.wait-time = 10s (default)
2021-09-05 02:14:53,887 [pool-150-thread-1] INFO  server.RaftServerConfigKeys (ConfUtils.java:logGet(44)) - raft.server.sleep.deviation.threshold = 300ms (default)
2021-09-05 02:14:53,887 [pool-150-thread-1] INFO  server.RaftServerConfigKeys (ConfUtils.java:logGet(44)) - raft.server.log.appender.install.snapshot.enabled = false (custom)
2021-09-05 02:14:53,887 [pool-150-thread-1] INFO  server.RaftServer$Division (ServerState.java:<init>(105)) - 3bd9e3a9-14dd-46c0-953f-63403e4f7020@group-6A133F983057: ConfigurationManager, init=-1: [107e36cc-fe8a-481c-a932-f36b6ede4996|rpc:10.1.0.22:41403|dataStream:|priority:0, c9529fe3-953b-4ef8-a4b7-44d7a8ee90ff|rpc:10.1.0.22:36459|dataStream:|priority:1, 3bd9e3a9-14dd-46c0-953f-63403e4f7020|rpc:10.1.0.22:45657|dataStream:|priority:0], old=null, confs=<EMPTY_MAP>
2021-09-05 02:14:53,887 [pool-150-thread-1] INFO  server.RaftServerConfigKeys (ConfUtils.java:logGet(44)) - raft.server.storage.dir = [/home/runner/work/ozone/ozone/hadoop-ozone/integration-test/target/test-dir/MiniOzoneClusterImpl-b9dfe4fd-d142-4c87-b19c-e6304396dee2/datanode-5/data/ratis] (custom)
2021-09-05 02:14:53,888 [pool-150-thread-1] INFO  server.RaftServerConfigKeys (ConfUtils.java:logGet(44)) - raft.server.log.corruption.policy = EXCEPTION (default)
2021-09-05 02:14:53,888 [pool-150-thread-1] INFO  server.RaftServerConfigKeys (ConfUtils.java:logGet(44)) - raft.server.storage.free-space.min = 0MB (=0) (default)
2021-09-05 02:14:53,888 [pool-150-thread-1] INFO  storage.RaftStorageDirectory (RaftStorageDirectoryImpl.java:analyzeStorage(135)) - The storage directory /home/runner/work/ozone/ozone/hadoop-ozone/integration-test/target/test-dir/MiniOzoneClusterImpl-b9dfe4fd-d142-4c87-b19c-e6304396dee2/datanode-5/data/ratis/ea622501-719d-487d-8d87-6a133f983057 does not exist. Creating ...
2021-09-05 02:14:53,890 [pool-150-thread-1] INFO  storage.RaftStorageDirectory (RaftStorageDirectoryImpl.java:tryLock(230)) - Lock on /home/runner/work/ozone/ozone/hadoop-ozone/integration-test/target/test-dir/MiniOzoneClusterImpl-b9dfe4fd-d142-4c87-b19c-e6304396dee2/datanode-5/data/ratis/ea622501-719d-487d-8d87-6a133f983057/in_use.lock acquired by nodename 7276@fv-az151-757
2021-09-05 02:14:53,892 [pool-150-thread-1] INFO  storage.RaftStorage (RaftStorageImpl.java:format(89)) - Storage directory /home/runner/work/ozone/ozone/hadoop-ozone/integration-test/target/test-dir/MiniOzoneClusterImpl-b9dfe4fd-d142-4c87-b19c-e6304396dee2/datanode-5/data/ratis/ea622501-719d-487d-8d87-6a133f983057 has been successfully formatted.
2021-09-05 02:14:53,892 [pool-150-thread-1] INFO  ratis.ContainerStateMachine (ContainerStateMachine.java:loadSnapshot(224)) - group-6A133F983057: The snapshot info is null. Setting the last applied indexto:(t:0, i:~)
2021-09-05 02:14:53,892 [pool-150-thread-1] INFO  server.RaftServerConfigKeys (ConfUtils.java:logGet(44)) - raft.server.notification.no-leader.timeout = 300s (custom)
2021-09-05 02:14:53,896 [pool-150-thread-1] INFO  server.RaftServerConfigKeys (ConfUtils.java:logGet(44)) - raft.server.log.use.memory = false (default)
2021-09-05 02:14:53,896 [pool-150-thread-1] INFO  server.RaftServerConfigKeys (ConfUtils.java:logGet(44)) - raft.server.log.purge.gap = 1000000 (custom)
2021-09-05 02:14:53,896 [pool-150-thread-1] INFO  server.RaftServerConfigKeys (ConfUtils.java:logGet(44)) - raft.server.log.appender.buffer.byte-limit = 33554432 (custom)
2021-09-05 02:14:53,896 [pool-150-thread-1] INFO  server.RaftServerConfigKeys (ConfUtils.java:logGet(44)) - raft.server.log.segment.size.max = 1048576 (custom)
2021-09-05 02:14:53,897 [pool-150-thread-1] INFO  server.RaftServerConfigKeys (ConfUtils.java:logGet(44)) - raft.server.log.segment.cache.num.max = 2 (custom)
2021-09-05 02:14:53,897 [pool-150-thread-1] INFO  server.RaftServerConfigKeys (ConfUtils.java:logGet(44)) - raft.server.log.segment.cache.size.max = 200MB (=209715200) (default)
2021-09-05 02:14:53,897 [pool-150-thread-1] INFO  segmented.SegmentedRaftLogWorker (SegmentedRaftLogWorker.java:<init>(182)) - new 3bd9e3a9-14dd-46c0-953f-63403e4f7020@group-6A133F983057-SegmentedRaftLogWorker for RaftStorageImpl:Storage Directory /home/runner/work/ozone/ozone/hadoop-ozone/integration-test/target/test-dir/MiniOzoneClusterImpl-b9dfe4fd-d142-4c87-b19c-e6304396dee2/datanode-5/data/ratis/ea622501-719d-487d-8d87-6a133f983057
2021-09-05 02:14:53,897 [pool-150-thread-1] INFO  server.RaftServerConfigKeys (ConfUtils.java:logGet(44)) - raft.server.log.queue.byte-limit = 2147483647 (custom)
2021-09-05 02:14:53,897 [pool-150-thread-1] INFO  server.RaftServerConfigKeys (ConfUtils.java:logGet(44)) - raft.server.log.queue.element-limit = 1024 (custom)
2021-09-05 02:14:53,893 [Datanode State Machine Thread - 0] WARN  statemachine.StateContext (StateContext.java:execute(621)) - No available thread in pool for past 1 seconds.
2021-09-05 02:14:53,897 [pool-150-thread-1] INFO  server.RaftServerConfigKeys (ConfUtils.java:logGet(44)) - raft.server.log.segment.size.max = 1048576 (custom)
2021-09-05 02:14:53,897 [pool-150-thread-1] INFO  server.RaftServerConfigKeys (ConfUtils.java:logGet(44)) - raft.server.log.preallocated.size = 16384 (custom)
2021-09-05 02:14:53,897 [pool-150-thread-1] INFO  server.RaftServerConfigKeys (ConfUtils.java:logGet(44)) - raft.server.log.force.sync.num = 128 (default)
2021-09-05 02:14:53,897 [pool-150-thread-1] INFO  server.RaftServerConfigKeys (ConfUtils.java:logGet(44)) - raft.server.log.statemachine.data.sync = true (default)
2021-09-05 02:14:53,899 [EventQueue-OpenPipelineForHealthyPipelineSafeModeRule] INFO  safemode.SCMSafeModeManager (HealthyPipelineSafeModeRule.java:process(124)) - SCM in safe mode. Healthy pipelines reported count is 0, required healthy pipeline reported count is 1
2021-09-05 02:14:53,900 [pool-150-thread-1] INFO  server.RaftServerConfigKeys (ConfUtils.java:logGet(44)) - raft.server.log.statemachine.data.sync.timeout = 10s (default)
2021-09-05 02:14:53,900 [pool-150-thread-1] INFO  server.RaftServerConfigKeys (ConfUtils.java:logGet(44)) - raft.server.log.statemachine.data.sync.timeout.retry = -1 (default)
2021-09-05 02:14:53,901 [pool-150-thread-1] INFO  server.RaftServerConfigKeys (ConfUtils.java:logGet(44)) - raft.server.log.write.buffer.size = 1048576 (custom)
2021-09-05 02:14:53,902 [pool-150-thread-1] INFO  server.RaftServerConfigKeys (ConfUtils.java:logGet(44)) - raft.server.log.statemachine.data.caching.enabled = true (custom)
2021-09-05 02:14:53,902 [pool-150-thread-1] INFO  segmented.SegmentedRaftLogWorker (SegmentedRaftLogWorker.java:lambda$new$0(133)) - 3bd9e3a9-14dd-46c0-953f-63403e4f7020@group-6A133F983057-SegmentedRaftLogWorker: flushIndex: setUnconditionally 0 -> -1
2021-09-05 02:14:53,902 [pool-150-thread-1] INFO  segmented.SegmentedRaftLogWorker (SegmentedRaftLogWorker.java:lambda$new$0(133)) - 3bd9e3a9-14dd-46c0-953f-63403e4f7020@group-6A133F983057-SegmentedRaftLogWorker: safeCacheEvictIndex: setUnconditionally 0 -> -1
2021-09-05 02:14:53,902 [pool-150-thread-1] INFO  server.RaftServerConfigKeys (ConfUtils.java:logGet(44)) - raft.server.snapshot.auto.trigger.enabled = true (custom)
2021-09-05 02:14:53,902 [pool-150-thread-1] INFO  server.RaftServerConfigKeys (ConfUtils.java:logGet(44)) - raft.server.snapshot.auto.trigger.threshold = 10000 (custom)
2021-09-05 02:14:53,902 [pool-150-thread-1] INFO  server.RaftServerConfigKeys (ConfUtils.java:logGet(44)) - raft.server.snapshot.retention.file.num = 5 (custom)
2021-09-05 02:14:53,903 [pool-150-thread-1] INFO  server.RaftServerConfigKeys (ConfUtils.java:logGet(44)) - raft.server.log.purge.upto.snapshot.index = false (default)
2021-09-05 02:14:53,903 [pool-150-thread-1] INFO  server.RaftServerConfigKeys (ConfUtils.java:logGet(44)) - raft.server.retrycache.expirytime = 600000ms (custom)
2021-09-05 02:14:53,903 [pool-150-thread-1] INFO  server.RaftServerConfigKeys (ConfUtils.java:logGet(44)) - raft.server.retrycache.statistics.expirytime = 100μs (default)
2021-09-05 02:14:53,904 [pool-150-thread-1] INFO  server.RaftServer$Division (RaftServerImpl.java:start(296)) - 3bd9e3a9-14dd-46c0-953f-63403e4f7020@group-6A133F983057: start as a follower, conf=-1: [107e36cc-fe8a-481c-a932-f36b6ede4996|rpc:10.1.0.22:41403|dataStream:|priority:0, c9529fe3-953b-4ef8-a4b7-44d7a8ee90ff|rpc:10.1.0.22:36459|dataStream:|priority:1, 3bd9e3a9-14dd-46c0-953f-63403e4f7020|rpc:10.1.0.22:45657|dataStream:|priority:0], old=null
2021-09-05 02:14:53,904 [pool-150-thread-1] INFO  server.RaftServer$Division (RaftServerImpl.java:setRole(285)) - 3bd9e3a9-14dd-46c0-953f-63403e4f7020@group-6A133F983057: changes role from      null to FOLLOWER at term 0 for startAsFollower
2021-09-05 02:14:53,904 [pool-150-thread-1] INFO  impl.RoleInfo (RoleInfo.java:updateAndGet(130)) - 3bd9e3a9-14dd-46c0-953f-63403e4f7020: start 3bd9e3a9-14dd-46c0-953f-63403e4f7020@group-6A133F983057-FollowerState
2021-09-05 02:14:53,904 [pool-150-thread-1] INFO  util.JmxRegister (JmxRegister.java:tryRegister(44)) - Successfully registered JMX Bean with object name Ratis:service=RaftServer,group=group-6A133F983057,id=3bd9e3a9-14dd-46c0-953f-63403e4f7020
2021-09-05 02:14:53,909 [Command processor thread] INFO  commandhandler.CreatePipelineCommandHandler (CreatePipelineCommandHandler.java:handle(106)) - Created Pipeline RATIS THREE PipelineID=ea622501-719d-487d-8d87-6a133f983057.
2021-09-05 02:14:53,995 [Command processor thread] INFO  server.RaftServer (RaftServerProxy.java:addNew(95)) - c9529fe3-953b-4ef8-a4b7-44d7a8ee90ff: addNew group-476F2DA03959:[c9529fe3-953b-4ef8-a4b7-44d7a8ee90ff|rpc:10.1.0.22:36459|priority:1] returns group-476F2DA03959:java.util.concurrent.CompletableFuture@1d9815d4[Not completed]
2021-09-05 02:14:53,996 [pool-131-thread-1] INFO  server.RaftServer$Division (RaftServerImpl.java:<init>(181)) - c9529fe3-953b-4ef8-a4b7-44d7a8ee90ff: new RaftServerImpl for group-476F2DA03959:[c9529fe3-953b-4ef8-a4b7-44d7a8ee90ff|rpc:10.1.0.22:36459|priority:1] with ContainerStateMachine:uninitialized
2021-09-05 02:14:53,996 [pool-131-thread-1] INFO  server.RaftServerConfigKeys (ConfUtils.java:logGet(44)) - raft.server.rpc.timeout.min = 5s (custom)
2021-09-05 02:14:53,996 [pool-131-thread-1] INFO  server.RaftServerConfigKeys (ConfUtils.java:logGet(44)) - raft.server.rpc.timeout.max = 5200ms (custom)
2021-09-05 02:14:53,996 [pool-131-thread-1] INFO  server.RaftServerConfigKeys (ConfUtils.java:logGet(44)) - raft.server.rpc.sleep.time = 25ms (default)
2021-09-05 02:14:53,996 [pool-131-thread-1] INFO  server.RaftServerConfigKeys (ConfUtils.java:logGet(44)) - raft.server.rpc.slowness.timeout = 300s (custom)
2021-09-05 02:14:53,996 [pool-131-thread-1] INFO  server.RaftServerConfigKeys (ConfUtils.java:logGet(44)) - raft.server.leaderelection.leader.step-down.wait-time = 10s (default)
2021-09-05 02:14:53,996 [pool-131-thread-1] INFO  server.RaftServerConfigKeys (ConfUtils.java:logGet(44)) - raft.server.sleep.deviation.threshold = 300ms (default)
2021-09-05 02:14:53,996 [pool-131-thread-1] INFO  server.RaftServerConfigKeys (ConfUtils.java:logGet(44)) - raft.server.log.appender.install.snapshot.enabled = false (custom)
2021-09-05 02:14:53,996 [pool-131-thread-1] INFO  server.RaftServer$Division (ServerState.java:<init>(105)) - c9529fe3-953b-4ef8-a4b7-44d7a8ee90ff@group-476F2DA03959: ConfigurationManager, init=-1: [c9529fe3-953b-4ef8-a4b7-44d7a8ee90ff|rpc:10.1.0.22:36459|priority:1], old=null, confs=<EMPTY_MAP>
2021-09-05 02:14:53,996 [pool-131-thread-1] INFO  server.RaftServerConfigKeys (ConfUtils.java:logGet(44)) - raft.server.storage.dir = [/home/runner/work/ozone/ozone/hadoop-ozone/integration-test/target/test-dir/MiniOzoneClusterImpl-b9dfe4fd-d142-4c87-b19c-e6304396dee2/datanode-4/data/ratis] (custom)
2021-09-05 02:14:53,996 [pool-131-thread-1] INFO  server.RaftServerConfigKeys (ConfUtils.java:logGet(44)) - raft.server.log.corruption.policy = EXCEPTION (default)
2021-09-05 02:14:53,996 [pool-131-thread-1] INFO  server.RaftServerConfigKeys (ConfUtils.java:logGet(44)) - raft.server.storage.free-space.min = 0MB (=0) (default)
2021-09-05 02:14:53,997 [pool-131-thread-1] INFO  storage.RaftStorageDirectory (RaftStorageDirectoryImpl.java:analyzeStorage(135)) - The storage directory /home/runner/work/ozone/ozone/hadoop-ozone/integration-test/target/test-dir/MiniOzoneClusterImpl-b9dfe4fd-d142-4c87-b19c-e6304396dee2/datanode-4/data/ratis/c21f3f7a-10c0-4934-8ac6-476f2da03959 does not exist. Creating ...
2021-09-05 02:14:53,998 [pool-131-thread-1] INFO  storage.RaftStorageDirectory (RaftStorageDirectoryImpl.java:tryLock(230)) - Lock on /home/runner/work/ozone/ozone/hadoop-ozone/integration-test/target/test-dir/MiniOzoneClusterImpl-b9dfe4fd-d142-4c87-b19c-e6304396dee2/datanode-4/data/ratis/c21f3f7a-10c0-4934-8ac6-476f2da03959/in_use.lock acquired by nodename 7276@fv-az151-757
2021-09-05 02:14:53,999 [pool-131-thread-1] INFO  storage.RaftStorage (RaftStorageImpl.java:format(89)) - Storage directory /home/runner/work/ozone/ozone/hadoop-ozone/integration-test/target/test-dir/MiniOzoneClusterImpl-b9dfe4fd-d142-4c87-b19c-e6304396dee2/datanode-4/data/ratis/c21f3f7a-10c0-4934-8ac6-476f2da03959 has been successfully formatted.
2021-09-05 02:14:54,000 [pool-131-thread-1] INFO  ratis.ContainerStateMachine (ContainerStateMachine.java:loadSnapshot(224)) - group-476F2DA03959: The snapshot info is null. Setting the last applied indexto:(t:0, i:~)
2021-09-05 02:14:54,000 [pool-131-thread-1] INFO  server.RaftServerConfigKeys (ConfUtils.java:logGet(44)) - raft.server.notification.no-leader.timeout = 300s (custom)
2021-09-05 02:14:54,000 [pool-131-thread-1] INFO  server.RaftServerConfigKeys (ConfUtils.java:logGet(44)) - raft.server.log.use.memory = false (default)
2021-09-05 02:14:54,000 [pool-131-thread-1] INFO  server.RaftServerConfigKeys (ConfUtils.java:logGet(44)) - raft.server.log.purge.gap = 1000000 (custom)
2021-09-05 02:14:54,000 [pool-131-thread-1] INFO  server.RaftServerConfigKeys (ConfUtils.java:logGet(44)) - raft.server.log.appender.buffer.byte-limit = 33554432 (custom)
2021-09-05 02:14:54,000 [pool-131-thread-1] INFO  server.RaftServerConfigKeys (ConfUtils.java:logGet(44)) - raft.server.log.segment.size.max = 1048576 (custom)
2021-09-05 02:14:54,001 [pool-131-thread-1] INFO  server.RaftServerConfigKeys (ConfUtils.java:logGet(44)) - raft.server.log.segment.cache.num.max = 2 (custom)
2021-09-05 02:14:54,001 [pool-131-thread-1] INFO  server.RaftServerConfigKeys (ConfUtils.java:logGet(44)) - raft.server.log.segment.cache.size.max = 200MB (=209715200) (default)
2021-09-05 02:14:54,001 [pool-131-thread-1] INFO  segmented.SegmentedRaftLogWorker (SegmentedRaftLogWorker.java:<init>(182)) - new c9529fe3-953b-4ef8-a4b7-44d7a8ee90ff@group-476F2DA03959-SegmentedRaftLogWorker for RaftStorageImpl:Storage Directory /home/runner/work/ozone/ozone/hadoop-ozone/integration-test/target/test-dir/MiniOzoneClusterImpl-b9dfe4fd-d142-4c87-b19c-e6304396dee2/datanode-4/data/ratis/c21f3f7a-10c0-4934-8ac6-476f2da03959
2021-09-05 02:14:54,001 [pool-131-thread-1] INFO  server.RaftServerConfigKeys (ConfUtils.java:logGet(44)) - raft.server.log.queue.byte-limit = 2147483647 (custom)
2021-09-05 02:14:54,001 [pool-131-thread-1] INFO  server.RaftServerConfigKeys (ConfUtils.java:logGet(44)) - raft.server.log.queue.element-limit = 1024 (custom)
2021-09-05 02:14:54,001 [pool-131-thread-1] INFO  server.RaftServerConfigKeys (ConfUtils.java:logGet(44)) - raft.server.log.segment.size.max = 1048576 (custom)
2021-09-05 02:14:54,001 [pool-131-thread-1] INFO  server.RaftServerConfigKeys (ConfUtils.java:logGet(44)) - raft.server.log.preallocated.size = 16384 (custom)
2021-09-05 02:14:54,001 [pool-131-thread-1] INFO  server.RaftServerConfigKeys (ConfUtils.java:logGet(44)) - raft.server.log.force.sync.num = 128 (default)
2021-09-05 02:14:54,001 [pool-131-thread-1] INFO  server.RaftServerConfigKeys (ConfUtils.java:logGet(44)) - raft.server.log.statemachine.data.sync = true (default)
2021-09-05 02:14:54,001 [pool-131-thread-1] INFO  server.RaftServerConfigKeys (ConfUtils.java:logGet(44)) - raft.server.log.statemachine.data.sync.timeout = 10s (default)
2021-09-05 02:14:54,001 [pool-131-thread-1] INFO  server.RaftServerConfigKeys (ConfUtils.java:logGet(44)) - raft.server.log.statemachine.data.sync.timeout.retry = -1 (default)
2021-09-05 02:14:54,002 [pool-131-thread-1] INFO  server.RaftServerConfigKeys (ConfUtils.java:logGet(44)) - raft.server.log.write.buffer.size = 1048576 (custom)
2021-09-05 02:14:54,003 [pool-131-thread-1] INFO  server.RaftServerConfigKeys (ConfUtils.java:logGet(44)) - raft.server.log.statemachine.data.caching.enabled = true (custom)
2021-09-05 02:14:54,003 [pool-131-thread-1] INFO  segmented.SegmentedRaftLogWorker (SegmentedRaftLogWorker.java:lambda$new$0(133)) - c9529fe3-953b-4ef8-a4b7-44d7a8ee90ff@group-476F2DA03959-SegmentedRaftLogWorker: flushIndex: setUnconditionally 0 -> -1
2021-09-05 02:14:54,003 [pool-131-thread-1] INFO  segmented.SegmentedRaftLogWorker (SegmentedRaftLogWorker.java:lambda$new$0(133)) - c9529fe3-953b-4ef8-a4b7-44d7a8ee90ff@group-476F2DA03959-SegmentedRaftLogWorker: safeCacheEvictIndex: setUnconditionally 0 -> -1
2021-09-05 02:14:54,004 [pool-131-thread-1] INFO  server.RaftServerConfigKeys (ConfUtils.java:logGet(44)) - raft.server.snapshot.auto.trigger.enabled = true (custom)
2021-09-05 02:14:54,005 [pool-131-thread-1] INFO  server.RaftServerConfigKeys (ConfUtils.java:logGet(44)) - raft.server.snapshot.auto.trigger.threshold = 10000 (custom)
2021-09-05 02:14:54,005 [pool-131-thread-1] INFO  server.RaftServerConfigKeys (ConfUtils.java:logGet(44)) - raft.server.snapshot.retention.file.num = 5 (custom)
2021-09-05 02:14:54,005 [pool-131-thread-1] INFO  server.RaftServerConfigKeys (ConfUtils.java:logGet(44)) - raft.server.log.purge.upto.snapshot.index = false (default)
2021-09-05 02:14:54,005 [pool-131-thread-1] INFO  server.RaftServerConfigKeys (ConfUtils.java:logGet(44)) - raft.server.retrycache.expirytime = 600000ms (custom)
2021-09-05 02:14:54,005 [pool-131-thread-1] INFO  server.RaftServerConfigKeys (ConfUtils.java:logGet(44)) - raft.server.retrycache.statistics.expirytime = 100μs (default)
2021-09-05 02:14:54,004 [Datanode State Machine Thread - 0] WARN  statemachine.StateContext (StateContext.java:execute(621)) - No available thread in pool for past 1 seconds.
2021-09-05 02:14:54,007 [EventQueue-PipelineReportForPipelineReportHandler] INFO  pipeline.PipelineManagerImpl (PipelineManagerImpl.java:openPipeline(282)) - Pipeline Pipeline[ Id: c21f3f7a-10c0-4934-8ac6-476f2da03959, Nodes: c9529fe3-953b-4ef8-a4b7-44d7a8ee90ff{ip: 10.1.0.22, host: fv-az151-757.yf2hydr00wburbhx3j5hxtcipe.bx.internal.cloudapp.net, ports: [REPLICATION=36345, RATIS=36459, RATIS_ADMIN=36459, RATIS_SERVER=36459, STANDALONE=42439], networkLocation: /default-rack, certSerialId: null, persistedOpState: IN_SERVICE, persistedOpStateExpiryEpochSec: 0}, ReplicationConfig: RATIS/ONE, State:ALLOCATED, leaderId:c9529fe3-953b-4ef8-a4b7-44d7a8ee90ff, CreationTimestamp2021-09-05T02:14:50.999Z[Etc/UTC]] moved to OPEN state
2021-09-05 02:14:54,007 [pool-131-thread-1] INFO  server.RaftServer$Division (RaftServerImpl.java:start(296)) - c9529fe3-953b-4ef8-a4b7-44d7a8ee90ff@group-476F2DA03959: start as a follower, conf=-1: [c9529fe3-953b-4ef8-a4b7-44d7a8ee90ff|rpc:10.1.0.22:36459|priority:1], old=null
2021-09-05 02:14:54,008 [pool-131-thread-1] INFO  server.RaftServer$Division (RaftServerImpl.java:setRole(285)) - c9529fe3-953b-4ef8-a4b7-44d7a8ee90ff@group-476F2DA03959: changes role from      null to FOLLOWER at term 0 for startAsFollower
2021-09-05 02:14:54,008 [pool-131-thread-1] INFO  impl.RoleInfo (RoleInfo.java:updateAndGet(130)) - c9529fe3-953b-4ef8-a4b7-44d7a8ee90ff: start c9529fe3-953b-4ef8-a4b7-44d7a8ee90ff@group-476F2DA03959-FollowerState
2021-09-05 02:14:54,008 [EventQueue-OpenPipelineForHealthyPipelineSafeModeRule] INFO  safemode.SCMSafeModeManager (HealthyPipelineSafeModeRule.java:process(124)) - SCM in safe mode. Healthy pipelines reported count is 0, required healthy pipeline reported count is 1
2021-09-05 02:14:54,018 [pool-131-thread-1] INFO  util.JmxRegister (JmxRegister.java:tryRegister(44)) - Successfully registered JMX Bean with object name Ratis:service=RaftServer,group=group-476F2DA03959,id=c9529fe3-953b-4ef8-a4b7-44d7a8ee90ff
2021-09-05 02:14:54,019 [Command processor thread] INFO  ratis.XceiverServerRatis (XceiverServerRatis.java:addGroup(763)) - Created group PipelineID=c21f3f7a-10c0-4934-8ac6-476f2da03959
2021-09-05 02:14:54,019 [Command processor thread] INFO  commandhandler.CreatePipelineCommandHandler (CreatePipelineCommandHandler.java:handle(106)) - Created Pipeline RATIS ONE PipelineID=c21f3f7a-10c0-4934-8ac6-476f2da03959.
2021-09-05 02:14:54,044 [ReplicationMonitor] INFO  container.ReplicationManager (ReplicationManager.java:processAll(359)) - Replication Monitor Thread took 0 milliseconds for processing 0 containers.
2021-09-05 02:14:54,183 [Command processor thread] INFO  server.RaftServer (RaftServerProxy.java:addNew(95)) - 3bd9e3a9-14dd-46c0-953f-63403e4f7020: addNew group-8AF7E92261A1:[3bd9e3a9-14dd-46c0-953f-63403e4f7020|rpc:10.1.0.22:45657|priority:1] returns group-8AF7E92261A1:java.util.concurrent.CompletableFuture@7beb3c10[Not completed]
2021-09-05 02:14:54,185 [pool-150-thread-1] INFO  server.RaftServer$Division (RaftServerImpl.java:<init>(181)) - 3bd9e3a9-14dd-46c0-953f-63403e4f7020: new RaftServerImpl for group-8AF7E92261A1:[3bd9e3a9-14dd-46c0-953f-63403e4f7020|rpc:10.1.0.22:45657|priority:1] with ContainerStateMachine:uninitialized
2021-09-05 02:14:54,185 [pool-150-thread-1] INFO  server.RaftServerConfigKeys (ConfUtils.java:logGet(44)) - raft.server.rpc.timeout.min = 5s (custom)
2021-09-05 02:14:54,185 [pool-150-thread-1] INFO  server.RaftServerConfigKeys (ConfUtils.java:logGet(44)) - raft.server.rpc.timeout.max = 5200ms (custom)
2021-09-05 02:14:54,185 [pool-150-thread-1] INFO  server.RaftServerConfigKeys (ConfUtils.java:logGet(44)) - raft.server.rpc.sleep.time = 25ms (default)
2021-09-05 02:14:54,185 [pool-150-thread-1] INFO  server.RaftServerConfigKeys (ConfUtils.java:logGet(44)) - raft.server.rpc.slowness.timeout = 300s (custom)
2021-09-05 02:14:54,185 [pool-150-thread-1] INFO  server.RaftServerConfigKeys (ConfUtils.java:logGet(44)) - raft.server.leaderelection.leader.step-down.wait-time = 10s (default)
2021-09-05 02:14:54,185 [pool-150-thread-1] INFO  server.RaftServerConfigKeys (ConfUtils.java:logGet(44)) - raft.server.sleep.deviation.threshold = 300ms (default)
2021-09-05 02:14:54,185 [pool-150-thread-1] INFO  server.RaftServerConfigKeys (ConfUtils.java:logGet(44)) - raft.server.log.appender.install.snapshot.enabled = false (custom)
2021-09-05 02:14:54,185 [pool-150-thread-1] INFO  server.RaftServer$Division (ServerState.java:<init>(105)) - 3bd9e3a9-14dd-46c0-953f-63403e4f7020@group-8AF7E92261A1: ConfigurationManager, init=-1: [3bd9e3a9-14dd-46c0-953f-63403e4f7020|rpc:10.1.0.22:45657|priority:1], old=null, confs=<EMPTY_MAP>
2021-09-05 02:14:54,186 [pool-150-thread-1] INFO  server.RaftServerConfigKeys (ConfUtils.java:logGet(44)) - raft.server.storage.dir = [/home/runner/work/ozone/ozone/hadoop-ozone/integration-test/target/test-dir/MiniOzoneClusterImpl-b9dfe4fd-d142-4c87-b19c-e6304396dee2/datanode-5/data/ratis] (custom)
2021-09-05 02:14:54,186 [pool-150-thread-1] INFO  server.RaftServerConfigKeys (ConfUtils.java:logGet(44)) - raft.server.log.corruption.policy = EXCEPTION (default)
2021-09-05 02:14:54,186 [pool-150-thread-1] INFO  server.RaftServerConfigKeys (ConfUtils.java:logGet(44)) - raft.server.storage.free-space.min = 0MB (=0) (default)
2021-09-05 02:14:54,186 [pool-150-thread-1] INFO  storage.RaftStorageDirectory (RaftStorageDirectoryImpl.java:analyzeStorage(135)) - The storage directory /home/runner/work/ozone/ozone/hadoop-ozone/integration-test/target/test-dir/MiniOzoneClusterImpl-b9dfe4fd-d142-4c87-b19c-e6304396dee2/datanode-5/data/ratis/e8dbf395-5e90-4952-8956-8af7e92261a1 does not exist. Creating ...
2021-09-05 02:14:54,186 [Listener at 127.0.0.1/38203] INFO  ozone.MiniOzoneClusterImpl (MiniOzoneClusterImpl.java:lambda$waitForClusterToBeReady$0(235)) - Nodes are ready. Got 6 of 6 DN Heartbeats.
2021-09-05 02:14:54,186 [Listener at 127.0.0.1/38203] INFO  ozone.MiniOzoneClusterImpl (MiniOzoneClusterImpl.java:lambda$waitForClusterToBeReady$0(238)) - Waiting for cluster to exit safe mode
2021-09-05 02:14:54,187 [Listener at 127.0.0.1/38203] INFO  ozone.MiniOzoneClusterImpl (MiniOzoneClusterImpl.java:lambda$waitForClusterToBeReady$0(240)) - SCM became leader
2021-09-05 02:14:54,188 [pool-150-thread-1] INFO  storage.RaftStorageDirectory (RaftStorageDirectoryImpl.java:tryLock(230)) - Lock on /home/runner/work/ozone/ozone/hadoop-ozone/integration-test/target/test-dir/MiniOzoneClusterImpl-b9dfe4fd-d142-4c87-b19c-e6304396dee2/datanode-5/data/ratis/e8dbf395-5e90-4952-8956-8af7e92261a1/in_use.lock acquired by nodename 7276@fv-az151-757
2021-09-05 02:14:54,190 [pool-150-thread-1] INFO  storage.RaftStorage (RaftStorageImpl.java:format(89)) - Storage directory /home/runner/work/ozone/ozone/hadoop-ozone/integration-test/target/test-dir/MiniOzoneClusterImpl-b9dfe4fd-d142-4c87-b19c-e6304396dee2/datanode-5/data/ratis/e8dbf395-5e90-4952-8956-8af7e92261a1 has been successfully formatted.
2021-09-05 02:14:54,190 [pool-150-thread-1] INFO  ratis.ContainerStateMachine (ContainerStateMachine.java:loadSnapshot(224)) - group-8AF7E92261A1: The snapshot info is null. Setting the last applied indexto:(t:0, i:~)
2021-09-05 02:14:54,191 [pool-150-thread-1] INFO  server.RaftServerConfigKeys (ConfUtils.java:logGet(44)) - raft.server.notification.no-leader.timeout = 300s (custom)
2021-09-05 02:14:54,192 [pool-150-thread-1] INFO  server.RaftServerConfigKeys (ConfUtils.java:logGet(44)) - raft.server.log.use.memory = false (default)
2021-09-05 02:14:54,192 [pool-150-thread-1] INFO  server.RaftServerConfigKeys (ConfUtils.java:logGet(44)) - raft.server.log.purge.gap = 1000000 (custom)
2021-09-05 02:14:54,192 [pool-150-thread-1] INFO  server.RaftServerConfigKeys (ConfUtils.java:logGet(44)) - raft.server.log.appender.buffer.byte-limit = 33554432 (custom)
2021-09-05 02:14:54,192 [pool-150-thread-1] INFO  server.RaftServerConfigKeys (ConfUtils.java:logGet(44)) - raft.server.log.segment.size.max = 1048576 (custom)
2021-09-05 02:14:54,193 [pool-150-thread-1] INFO  server.RaftServerConfigKeys (ConfUtils.java:logGet(44)) - raft.server.log.segment.cache.num.max = 2 (custom)
2021-09-05 02:14:54,193 [EventQueue-PipelineReportForPipelineReportHandler] INFO  pipeline.PipelineManagerImpl (PipelineManagerImpl.java:openPipeline(282)) - Pipeline Pipeline[ Id: e8dbf395-5e90-4952-8956-8af7e92261a1, Nodes: 3bd9e3a9-14dd-46c0-953f-63403e4f7020{ip: 10.1.0.22, host: fv-az151-757.yf2hydr00wburbhx3j5hxtcipe.bx.internal.cloudapp.net, ports: [REPLICATION=46563, RATIS=45657, RATIS_ADMIN=45657, RATIS_SERVER=45657, STANDALONE=37931], networkLocation: /default-rack, certSerialId: null, persistedOpState: IN_SERVICE, persistedOpStateExpiryEpochSec: 0}, ReplicationConfig: RATIS/ONE, State:ALLOCATED, leaderId:3bd9e3a9-14dd-46c0-953f-63403e4f7020, CreationTimestamp2021-09-05T02:14:51.185Z[Etc/UTC]] moved to OPEN state
2021-09-05 02:14:54,198 [EventQueue-OpenPipelineForHealthyPipelineSafeModeRule] INFO  safemode.SCMSafeModeManager (HealthyPipelineSafeModeRule.java:process(124)) - SCM in safe mode. Healthy pipelines reported count is 0, required healthy pipeline reported count is 1
2021-09-05 02:14:54,198 [EventQueue-OpenPipelineForHealthyPipelineSafeModeRule] INFO  safemode.SCMSafeModeManager (HealthyPipelineSafeModeRule.java:process(124)) - SCM in safe mode. Healthy pipelines reported count is 0, required healthy pipeline reported count is 1
2021-09-05 02:14:54,199 [pool-150-thread-1] INFO  server.RaftServerConfigKeys (ConfUtils.java:logGet(44)) - raft.server.log.segment.cache.size.max = 200MB (=209715200) (default)
2021-09-05 02:14:54,199 [pool-150-thread-1] INFO  segmented.SegmentedRaftLogWorker (SegmentedRaftLogWorker.java:<init>(182)) - new 3bd9e3a9-14dd-46c0-953f-63403e4f7020@group-8AF7E92261A1-SegmentedRaftLogWorker for RaftStorageImpl:Storage Directory /home/runner/work/ozone/ozone/hadoop-ozone/integration-test/target/test-dir/MiniOzoneClusterImpl-b9dfe4fd-d142-4c87-b19c-e6304396dee2/datanode-5/data/ratis/e8dbf395-5e90-4952-8956-8af7e92261a1
2021-09-05 02:14:54,200 [pool-150-thread-1] INFO  server.RaftServerConfigKeys (ConfUtils.java:logGet(44)) - raft.server.log.queue.byte-limit = 2147483647 (custom)
2021-09-05 02:14:54,200 [pool-150-thread-1] INFO  server.RaftServerConfigKeys (ConfUtils.java:logGet(44)) - raft.server.log.queue.element-limit = 1024 (custom)
2021-09-05 02:14:54,200 [pool-150-thread-1] INFO  server.RaftServerConfigKeys (ConfUtils.java:logGet(44)) - raft.server.log.segment.size.max = 1048576 (custom)
2021-09-05 02:14:54,200 [pool-150-thread-1] INFO  server.RaftServerConfigKeys (ConfUtils.java:logGet(44)) - raft.server.log.preallocated.size = 16384 (custom)
2021-09-05 02:14:54,200 [pool-150-thread-1] INFO  server.RaftServerConfigKeys (ConfUtils.java:logGet(44)) - raft.server.log.force.sync.num = 128 (default)
2021-09-05 02:14:54,200 [pool-150-thread-1] INFO  server.RaftServerConfigKeys (ConfUtils.java:logGet(44)) - raft.server.log.statemachine.data.sync = true (default)
2021-09-05 02:14:54,200 [pool-150-thread-1] INFO  server.RaftServerConfigKeys (ConfUtils.java:logGet(44)) - raft.server.log.statemachine.data.sync.timeout = 10s (default)
2021-09-05 02:14:54,200 [pool-150-thread-1] INFO  server.RaftServerConfigKeys (ConfUtils.java:logGet(44)) - raft.server.log.statemachine.data.sync.timeout.retry = -1 (default)
2021-09-05 02:14:54,201 [pool-150-thread-1] INFO  server.RaftServerConfigKeys (ConfUtils.java:logGet(44)) - raft.server.log.write.buffer.size = 1048576 (custom)
2021-09-05 02:14:54,202 [pool-150-thread-1] INFO  server.RaftServerConfigKeys (ConfUtils.java:logGet(44)) - raft.server.log.statemachine.data.caching.enabled = true (custom)
2021-09-05 02:14:54,202 [pool-150-thread-1] INFO  segmented.SegmentedRaftLogWorker (SegmentedRaftLogWorker.java:lambda$new$0(133)) - 3bd9e3a9-14dd-46c0-953f-63403e4f7020@group-8AF7E92261A1-SegmentedRaftLogWorker: flushIndex: setUnconditionally 0 -> -1
2021-09-05 02:14:54,202 [pool-150-thread-1] INFO  segmented.SegmentedRaftLogWorker (SegmentedRaftLogWorker.java:lambda$new$0(133)) - 3bd9e3a9-14dd-46c0-953f-63403e4f7020@group-8AF7E92261A1-SegmentedRaftLogWorker: safeCacheEvictIndex: setUnconditionally 0 -> -1
2021-09-05 02:14:54,202 [pool-150-thread-1] INFO  server.RaftServerConfigKeys (ConfUtils.java:logGet(44)) - raft.server.snapshot.auto.trigger.enabled = true (custom)
2021-09-05 02:14:54,202 [pool-150-thread-1] INFO  server.RaftServerConfigKeys (ConfUtils.java:logGet(44)) - raft.server.snapshot.auto.trigger.threshold = 10000 (custom)
2021-09-05 02:14:54,202 [pool-150-thread-1] INFO  server.RaftServerConfigKeys (ConfUtils.java:logGet(44)) - raft.server.snapshot.retention.file.num = 5 (custom)
2021-09-05 02:14:54,202 [pool-150-thread-1] INFO  server.RaftServerConfigKeys (ConfUtils.java:logGet(44)) - raft.server.log.purge.upto.snapshot.index = false (default)
2021-09-05 02:14:54,203 [pool-150-thread-1] INFO  server.RaftServerConfigKeys (ConfUtils.java:logGet(44)) - raft.server.retrycache.expirytime = 600000ms (custom)
2021-09-05 02:14:54,203 [pool-150-thread-1] INFO  server.RaftServerConfigKeys (ConfUtils.java:logGet(44)) - raft.server.retrycache.statistics.expirytime = 100μs (default)
2021-09-05 02:14:54,204 [pool-150-thread-1] INFO  server.RaftServer$Division (RaftServerImpl.java:start(296)) - 3bd9e3a9-14dd-46c0-953f-63403e4f7020@group-8AF7E92261A1: start as a follower, conf=-1: [3bd9e3a9-14dd-46c0-953f-63403e4f7020|rpc:10.1.0.22:45657|priority:1], old=null
2021-09-05 02:14:54,204 [pool-150-thread-1] INFO  server.RaftServer$Division (RaftServerImpl.java:setRole(285)) - 3bd9e3a9-14dd-46c0-953f-63403e4f7020@group-8AF7E92261A1: changes role from      null to FOLLOWER at term 0 for startAsFollower
2021-09-05 02:14:54,204 [pool-150-thread-1] INFO  impl.RoleInfo (RoleInfo.java:updateAndGet(130)) - 3bd9e3a9-14dd-46c0-953f-63403e4f7020: start 3bd9e3a9-14dd-46c0-953f-63403e4f7020@group-8AF7E92261A1-FollowerState
2021-09-05 02:14:54,204 [pool-150-thread-1] INFO  util.JmxRegister (JmxRegister.java:tryRegister(44)) - Successfully registered JMX Bean with object name Ratis:service=RaftServer,group=group-8AF7E92261A1,id=3bd9e3a9-14dd-46c0-953f-63403e4f7020
2021-09-05 02:14:54,205 [Command processor thread] INFO  ratis.XceiverServerRatis (XceiverServerRatis.java:addGroup(763)) - Created group PipelineID=e8dbf395-5e90-4952-8956-8af7e92261a1
2021-09-05 02:14:54,205 [Command processor thread] INFO  commandhandler.CreatePipelineCommandHandler (CreatePipelineCommandHandler.java:handle(106)) - Created Pipeline RATIS ONE PipelineID=e8dbf395-5e90-4952-8956-8af7e92261a1.
2021-09-05 02:14:54,581 [EventQueue-OpenPipelineForHealthyPipelineSafeModeRule] INFO  safemode.SCMSafeModeManager (HealthyPipelineSafeModeRule.java:process(124)) - SCM in safe mode. Healthy pipelines reported count is 0, required healthy pipeline reported count is 1
2021-09-05 02:14:54,807 [EventQueue-OpenPipelineForHealthyPipelineSafeModeRule] INFO  safemode.SCMSafeModeManager (HealthyPipelineSafeModeRule.java:process(124)) - SCM in safe mode. Healthy pipelines reported count is 0, required healthy pipeline reported count is 1
2021-09-05 02:14:54,899 [EventQueue-OpenPipelineForHealthyPipelineSafeModeRule] INFO  safemode.SCMSafeModeManager (HealthyPipelineSafeModeRule.java:process(124)) - SCM in safe mode. Healthy pipelines reported count is 0, required healthy pipeline reported count is 1
2021-09-05 02:14:55,044 [ReplicationMonitor] INFO  container.ReplicationManager (ReplicationManager.java:processAll(359)) - Replication Monitor Thread took 0 milliseconds for processing 0 containers.
2021-09-05 02:14:55,187 [Listener at 127.0.0.1/38203] INFO  ozone.MiniOzoneClusterImpl (MiniOzoneClusterImpl.java:lambda$waitForClusterToBeReady$0(235)) - Nodes are ready. Got 6 of 6 DN Heartbeats.
2021-09-05 02:14:55,187 [Listener at 127.0.0.1/38203] INFO  ozone.MiniOzoneClusterImpl (MiniOzoneClusterImpl.java:lambda$waitForClusterToBeReady$0(238)) - Waiting for cluster to exit safe mode
2021-09-05 02:14:55,187 [Listener at 127.0.0.1/38203] INFO  ozone.MiniOzoneClusterImpl (MiniOzoneClusterImpl.java:lambda$waitForClusterToBeReady$0(240)) - SCM became leader
2021-09-05 02:14:55,192 [EventQueue-OpenPipelineForHealthyPipelineSafeModeRule] INFO  safemode.SCMSafeModeManager (HealthyPipelineSafeModeRule.java:process(124)) - SCM in safe mode. Healthy pipelines reported count is 0, required healthy pipeline reported count is 1
2021-09-05 02:14:55,581 [EventQueue-OpenPipelineForHealthyPipelineSafeModeRule] INFO  safemode.SCMSafeModeManager (HealthyPipelineSafeModeRule.java:process(124)) - SCM in safe mode. Healthy pipelines reported count is 0, required healthy pipeline reported count is 1
2021-09-05 02:14:55,807 [EventQueue-OpenPipelineForHealthyPipelineSafeModeRule] INFO  safemode.SCMSafeModeManager (HealthyPipelineSafeModeRule.java:process(124)) - SCM in safe mode. Healthy pipelines reported count is 0, required healthy pipeline reported count is 1
2021-09-05 02:14:55,900 [EventQueue-OpenPipelineForHealthyPipelineSafeModeRule] INFO  safemode.SCMSafeModeManager (HealthyPipelineSafeModeRule.java:process(124)) - SCM in safe mode. Healthy pipelines reported count is 0, required healthy pipeline reported count is 1
2021-09-05 02:14:56,008 [EventQueue-OpenPipelineForHealthyPipelineSafeModeRule] INFO  safemode.SCMSafeModeManager (HealthyPipelineSafeModeRule.java:process(124)) - SCM in safe mode. Healthy pipelines reported count is 0, required healthy pipeline reported count is 1
2021-09-05 02:14:56,045 [ReplicationMonitor] INFO  container.ReplicationManager (ReplicationManager.java:processAll(359)) - Replication Monitor Thread took 0 milliseconds for processing 0 containers.
2021-09-05 02:14:56,187 [Listener at 127.0.0.1/38203] INFO  ozone.MiniOzoneClusterImpl (MiniOzoneClusterImpl.java:lambda$waitForClusterToBeReady$0(235)) - Nodes are ready. Got 6 of 6 DN Heartbeats.
2021-09-05 02:14:56,187 [Listener at 127.0.0.1/38203] INFO  ozone.MiniOzoneClusterImpl (MiniOzoneClusterImpl.java:lambda$waitForClusterToBeReady$0(238)) - Waiting for cluster to exit safe mode
2021-09-05 02:14:56,187 [Listener at 127.0.0.1/38203] INFO  ozone.MiniOzoneClusterImpl (MiniOzoneClusterImpl.java:lambda$waitForClusterToBeReady$0(240)) - SCM became leader
2021-09-05 02:14:56,192 [EventQueue-OpenPipelineForHealthyPipelineSafeModeRule] INFO  safemode.SCMSafeModeManager (HealthyPipelineSafeModeRule.java:process(124)) - SCM in safe mode. Healthy pipelines reported count is 0, required healthy pipeline reported count is 1
2021-09-05 02:14:56,196 [EventQueue-OpenPipelineForHealthyPipelineSafeModeRule] INFO  safemode.SCMSafeModeManager (HealthyPipelineSafeModeRule.java:process(124)) - SCM in safe mode. Healthy pipelines reported count is 0, required healthy pipeline reported count is 1
2021-09-05 02:14:56,580 [EventQueue-OpenPipelineForHealthyPipelineSafeModeRule] INFO  safemode.SCMSafeModeManager (HealthyPipelineSafeModeRule.java:process(124)) - SCM in safe mode. Healthy pipelines reported count is 0, required healthy pipeline reported count is 1
2021-09-05 02:14:57,009 [EventQueue-OpenPipelineForHealthyPipelineSafeModeRule] INFO  safemode.SCMSafeModeManager (HealthyPipelineSafeModeRule.java:process(124)) - SCM in safe mode. Healthy pipelines reported count is 0, required healthy pipeline reported count is 1
2021-09-05 02:14:57,046 [ReplicationMonitor] INFO  container.ReplicationManager (ReplicationManager.java:processAll(359)) - Replication Monitor Thread took 0 milliseconds for processing 0 containers.
2021-09-05 02:14:57,187 [Listener at 127.0.0.1/38203] INFO  ozone.MiniOzoneClusterImpl (MiniOzoneClusterImpl.java:lambda$waitForClusterToBeReady$0(235)) - Nodes are ready. Got 6 of 6 DN Heartbeats.
2021-09-05 02:14:57,187 [Listener at 127.0.0.1/38203] INFO  ozone.MiniOzoneClusterImpl (MiniOzoneClusterImpl.java:lambda$waitForClusterToBeReady$0(238)) - Waiting for cluster to exit safe mode
2021-09-05 02:14:57,187 [Listener at 127.0.0.1/38203] INFO  ozone.MiniOzoneClusterImpl (MiniOzoneClusterImpl.java:lambda$waitForClusterToBeReady$0(240)) - SCM became leader
2021-09-05 02:14:57,193 [EventQueue-OpenPipelineForHealthyPipelineSafeModeRule] INFO  safemode.SCMSafeModeManager (HealthyPipelineSafeModeRule.java:process(124)) - SCM in safe mode. Healthy pipelines reported count is 0, required healthy pipeline reported count is 1
2021-09-05 02:14:57,196 [EventQueue-OpenPipelineForHealthyPipelineSafeModeRule] INFO  safemode.SCMSafeModeManager (HealthyPipelineSafeModeRule.java:process(124)) - SCM in safe mode. Healthy pipelines reported count is 0, required healthy pipeline reported count is 1
2021-09-05 02:14:57,807 [EventQueue-OpenPipelineForHealthyPipelineSafeModeRule] INFO  safemode.SCMSafeModeManager (HealthyPipelineSafeModeRule.java:process(124)) - SCM in safe mode. Healthy pipelines reported count is 0, required healthy pipeline reported count is 1
2021-09-05 02:14:57,899 [EventQueue-OpenPipelineForHealthyPipelineSafeModeRule] INFO  safemode.SCMSafeModeManager (HealthyPipelineSafeModeRule.java:process(124)) - SCM in safe mode. Healthy pipelines reported count is 0, required healthy pipeline reported count is 1
2021-09-05 02:14:58,042 [051433ed-f0f3-4e10-b303-9534300925a9@group-D658D3A0F6D4-FollowerState] INFO  impl.FollowerState (FollowerState.java:run(134)) - 051433ed-f0f3-4e10-b303-9534300925a9@group-D658D3A0F6D4-FollowerState: change to CANDIDATE, lastRpcElapsedTime:5131426476ns, electionTimeout:5127ms
2021-09-05 02:14:58,043 [051433ed-f0f3-4e10-b303-9534300925a9@group-D658D3A0F6D4-FollowerState] INFO  impl.RoleInfo (RoleInfo.java:shutdownFollowerState(108)) - 051433ed-f0f3-4e10-b303-9534300925a9: shutdown 051433ed-f0f3-4e10-b303-9534300925a9@group-D658D3A0F6D4-FollowerState
2021-09-05 02:14:58,043 [051433ed-f0f3-4e10-b303-9534300925a9@group-D658D3A0F6D4-FollowerState] INFO  server.RaftServer$Division (RaftServerImpl.java:setRole(285)) - 051433ed-f0f3-4e10-b303-9534300925a9@group-D658D3A0F6D4: changes role from  FOLLOWER to CANDIDATE at term 0 for changeToCandidate
2021-09-05 02:14:58,043 [051433ed-f0f3-4e10-b303-9534300925a9@group-D658D3A0F6D4-FollowerState] INFO  server.RaftServerConfigKeys (ConfUtils.java:logGet(44)) - raft.server.leaderelection.pre-vote = false (custom)
2021-09-05 02:14:58,043 [051433ed-f0f3-4e10-b303-9534300925a9@group-D658D3A0F6D4-FollowerState] INFO  impl.RoleInfo (RoleInfo.java:updateAndGet(130)) - 051433ed-f0f3-4e10-b303-9534300925a9: start 051433ed-f0f3-4e10-b303-9534300925a9@group-D658D3A0F6D4-LeaderElection2
2021-09-05 02:14:58,046 [ReplicationMonitor] INFO  container.ReplicationManager (ReplicationManager.java:processAll(359)) - Replication Monitor Thread took 0 milliseconds for processing 0 containers.
2021-09-05 02:14:58,046 [051433ed-f0f3-4e10-b303-9534300925a9@group-9D65260D38AD-FollowerState] INFO  impl.FollowerState (FollowerState.java:run(134)) - 051433ed-f0f3-4e10-b303-9534300925a9@group-9D65260D38AD-FollowerState: change to CANDIDATE, lastRpcElapsedTime:5169295279ns, electionTimeout:5162ms
2021-09-05 02:14:58,047 [051433ed-f0f3-4e10-b303-9534300925a9@group-9D65260D38AD-FollowerState] INFO  impl.RoleInfo (RoleInfo.java:shutdownFollowerState(108)) - 051433ed-f0f3-4e10-b303-9534300925a9: shutdown 051433ed-f0f3-4e10-b303-9534300925a9@group-9D65260D38AD-FollowerState
2021-09-05 02:14:58,047 [051433ed-f0f3-4e10-b303-9534300925a9@group-9D65260D38AD-FollowerState] INFO  server.RaftServer$Division (RaftServerImpl.java:setRole(285)) - 051433ed-f0f3-4e10-b303-9534300925a9@group-9D65260D38AD: changes role from  FOLLOWER to CANDIDATE at term 0 for changeToCandidate
2021-09-05 02:14:58,047 [051433ed-f0f3-4e10-b303-9534300925a9@group-9D65260D38AD-FollowerState] INFO  server.RaftServerConfigKeys (ConfUtils.java:logGet(44)) - raft.server.leaderelection.pre-vote = false (custom)
2021-09-05 02:14:58,047 [051433ed-f0f3-4e10-b303-9534300925a9@group-9D65260D38AD-FollowerState] INFO  impl.RoleInfo (RoleInfo.java:updateAndGet(130)) - 051433ed-f0f3-4e10-b303-9534300925a9: start 051433ed-f0f3-4e10-b303-9534300925a9@group-9D65260D38AD-LeaderElection3
2021-09-05 02:14:58,052 [051433ed-f0f3-4e10-b303-9534300925a9@group-D658D3A0F6D4-LeaderElection2] INFO  impl.LeaderElection (LeaderElection.java:askForVotes(306)) - 051433ed-f0f3-4e10-b303-9534300925a9@group-D658D3A0F6D4-LeaderElection2 ELECTION round 0: submit vote requests at term 1 for -1: [1374024b-188e-4a27-8b68-8945fec70172|rpc:10.1.0.22:45107|priority:0, 164a5057-06fc-470a-866e-2459acc1ca75|rpc:10.1.0.22:42029|priority:1, 051433ed-f0f3-4e10-b303-9534300925a9|rpc:10.1.0.22:36003|priority:0], old=null
2021-09-05 02:14:58,055 [051433ed-f0f3-4e10-b303-9534300925a9@group-9D65260D38AD-LeaderElection3] INFO  impl.LeaderElection (LeaderElection.java:askForVotes(306)) - 051433ed-f0f3-4e10-b303-9534300925a9@group-9D65260D38AD-LeaderElection3 ELECTION round 0: submit vote requests at term 1 for -1: [051433ed-f0f3-4e10-b303-9534300925a9|rpc:10.1.0.22:36003|priority:1], old=null
2021-09-05 02:14:58,056 [051433ed-f0f3-4e10-b303-9534300925a9@group-9D65260D38AD-LeaderElection3] INFO  impl.LeaderElection (LeaderElection.java:askForVotes(308)) - 051433ed-f0f3-4e10-b303-9534300925a9@group-9D65260D38AD-LeaderElection3 ELECTION round 0: result PASSED (term=1)
2021-09-05 02:14:58,058 [051433ed-f0f3-4e10-b303-9534300925a9@group-9D65260D38AD-LeaderElection3] INFO  impl.RoleInfo (RoleInfo.java:shutdownLeaderElection(121)) - 051433ed-f0f3-4e10-b303-9534300925a9: shutdown 051433ed-f0f3-4e10-b303-9534300925a9@group-9D65260D38AD-LeaderElection3
2021-09-05 02:14:58,058 [051433ed-f0f3-4e10-b303-9534300925a9@group-9D65260D38AD-LeaderElection3] INFO  server.RaftServer$Division (RaftServerImpl.java:setRole(285)) - 051433ed-f0f3-4e10-b303-9534300925a9@group-9D65260D38AD: changes role from CANDIDATE to LEADER at term 1 for changeToLeader
2021-09-05 02:14:58,058 [051433ed-f0f3-4e10-b303-9534300925a9@group-9D65260D38AD-LeaderElection3] INFO  ratis.XceiverServerRatis (XceiverServerRatis.java:handleLeaderChangedNotification(861)) - Leader change notification received for group: group-9D65260D38AD with new leaderId: 051433ed-f0f3-4e10-b303-9534300925a9
2021-09-05 02:14:58,059 [051433ed-f0f3-4e10-b303-9534300925a9@group-9D65260D38AD-LeaderElection3] INFO  server.RaftServer$Division (ServerState.java:setLeader(285)) - 051433ed-f0f3-4e10-b303-9534300925a9@group-9D65260D38AD: change Leader from null to 051433ed-f0f3-4e10-b303-9534300925a9 at term 1 for becomeLeader, leader elected after 5200ms
2021-09-05 02:14:58,059 [051433ed-f0f3-4e10-b303-9534300925a9@group-9D65260D38AD-LeaderElection3] INFO  server.RaftServerConfigKeys (ConfUtils.java:logGet(44)) - raft.server.staging.catchup.gap = 1000 (default)
2021-09-05 02:14:58,059 [051433ed-f0f3-4e10-b303-9534300925a9@group-9D65260D38AD-LeaderElection3] INFO  server.RaftServerConfigKeys (ConfUtils.java:logGet(44)) - raft.server.write.element-limit = 1024 (custom)
2021-09-05 02:14:58,059 [051433ed-f0f3-4e10-b303-9534300925a9@group-9D65260D38AD-LeaderElection3] INFO  server.RaftServerConfigKeys (ConfUtils.java:logGet(44)) - raft.server.write.byte-limit = 1024 M (=1073741824) (custom)
2021-09-05 02:14:58,060 [EventQueue-OpenPipelineForHealthyPipelineSafeModeRule] INFO  safemode.SCMSafeModeManager (HealthyPipelineSafeModeRule.java:process(124)) - SCM in safe mode. Healthy pipelines reported count is 0, required healthy pipeline reported count is 1
2021-09-05 02:14:58,062 [051433ed-f0f3-4e10-b303-9534300925a9@group-9D65260D38AD-LeaderElection3] INFO  server.RaftServerConfigKeys (ConfUtils.java:logGet(44)) - raft.server.watch.timeout = 180s (custom)
2021-09-05 02:14:58,062 [051433ed-f0f3-4e10-b303-9534300925a9@group-9D65260D38AD-LeaderElection3] INFO  server.RaftServerConfigKeys (ConfUtils.java:logGet(44)) - raft.server.watch.timeout.denomination = 1s (default)
2021-09-05 02:14:58,062 [051433ed-f0f3-4e10-b303-9534300925a9@group-9D65260D38AD-LeaderElection3] INFO  server.RaftServerConfigKeys (ConfUtils.java:logGet(44)) - raft.server.watch.element-limit = 65536 (default)
2021-09-05 02:14:58,062 [051433ed-f0f3-4e10-b303-9534300925a9@group-9D65260D38AD-LeaderElection3] INFO  impl.RoleInfo (RoleInfo.java:updateAndGet(130)) - 051433ed-f0f3-4e10-b303-9534300925a9: start 051433ed-f0f3-4e10-b303-9534300925a9@group-9D65260D38AD-LeaderStateImpl
2021-09-05 02:14:58,062 [051433ed-f0f3-4e10-b303-9534300925a9@group-9D65260D38AD-LeaderElection3] INFO  segmented.SegmentedRaftLogWorker (SegmentedRaftLogWorker.java:startLogSegment(394)) - 051433ed-f0f3-4e10-b303-9534300925a9@group-9D65260D38AD-SegmentedRaftLogWorker: Starting segment from index:0
2021-09-05 02:14:58,084 [051433ed-f0f3-4e10-b303-9534300925a9@group-9D65260D38AD-LeaderElection3] INFO  server.RaftServer$Division (ServerState.java:setRaftConf(387)) - 051433ed-f0f3-4e10-b303-9534300925a9@group-9D65260D38AD: set configuration 0: [051433ed-f0f3-4e10-b303-9534300925a9|rpc:10.1.0.22:36003|dataStream:|priority:1], old=null
2021-09-05 02:14:58,084 [051433ed-f0f3-4e10-b303-9534300925a9@group-9D65260D38AD-SegmentedRaftLogWorker] INFO  segmented.SegmentedRaftLogWorker (SegmentedRaftLogWorker.java:execute(601)) - 051433ed-f0f3-4e10-b303-9534300925a9@group-9D65260D38AD-SegmentedRaftLogWorker: created new log segment /home/runner/work/ozone/ozone/hadoop-ozone/integration-test/target/test-dir/MiniOzoneClusterImpl-b9dfe4fd-d142-4c87-b19c-e6304396dee2/datanode-0/data/ratis/42e7a35c-34f4-4c38-b929-9d65260d38ad/current/log_inprogress_0
2021-09-05 02:14:58,091 [grpc-default-executor-1] INFO  server.RaftServer$Division (RaftServerImpl.java:requestVote(1043)) - 1374024b-188e-4a27-8b68-8945fec70172@group-D658D3A0F6D4: receive requestVote(ELECTION, 051433ed-f0f3-4e10-b303-9534300925a9, group-D658D3A0F6D4, 1, (t:0, i:0))
2021-09-05 02:14:58,092 [grpc-default-executor-1] INFO  impl.VoteContext (VoteContext.java:log(48)) - 1374024b-188e-4a27-8b68-8945fec70172@group-D658D3A0F6D4-FOLLOWER: accept ELECTION from 051433ed-f0f3-4e10-b303-9534300925a9: our priority 0 <= candidate's priority 0
2021-09-05 02:14:58,093 [grpc-default-executor-1] INFO  server.RaftServer$Division (RaftServerImpl.java:setRole(285)) - 1374024b-188e-4a27-8b68-8945fec70172@group-D658D3A0F6D4: changes role from  FOLLOWER to FOLLOWER at term 1 for candidate:051433ed-f0f3-4e10-b303-9534300925a9
2021-09-05 02:14:58,093 [grpc-default-executor-1] INFO  impl.RoleInfo (RoleInfo.java:shutdownFollowerState(108)) - 1374024b-188e-4a27-8b68-8945fec70172: shutdown 1374024b-188e-4a27-8b68-8945fec70172@group-D658D3A0F6D4-FollowerState
2021-09-05 02:14:58,093 [grpc-default-executor-1] INFO  impl.RoleInfo (RoleInfo.java:updateAndGet(130)) - 1374024b-188e-4a27-8b68-8945fec70172: start 1374024b-188e-4a27-8b68-8945fec70172@group-D658D3A0F6D4-FollowerState
2021-09-05 02:14:58,093 [1374024b-188e-4a27-8b68-8945fec70172@group-D658D3A0F6D4-FollowerState] INFO  impl.FollowerState (FollowerState.java:run(143)) - 1374024b-188e-4a27-8b68-8945fec70172@group-D658D3A0F6D4-FollowerState was interrupted: {}
java.lang.InterruptedException: sleep interrupted
	at java.lang.Thread.sleep(Native Method)
	at java.lang.Thread.sleep(Thread.java:340)
	at java.util.concurrent.TimeUnit.sleep(TimeUnit.java:386)
	at org.apache.ratis.util.TimeDuration.sleep(TimeDuration.java:324)
	at org.apache.ratis.util.TimeDuration.sleep(TimeDuration.java:309)
	at org.apache.ratis.server.impl.FollowerState.run(FollowerState.java:118)
2021-09-05 02:14:58,102 [grpc-default-executor-1] INFO  server.RaftServer$Division (RaftServerImpl.java:requestVote(1075)) - 1374024b-188e-4a27-8b68-8945fec70172@group-D658D3A0F6D4 replies to ELECTION vote request: 051433ed-f0f3-4e10-b303-9534300925a9<-1374024b-188e-4a27-8b68-8945fec70172#0:OK-t1. Peer's state: 1374024b-188e-4a27-8b68-8945fec70172@group-D658D3A0F6D4:t1, leader=null, voted=051433ed-f0f3-4e10-b303-9534300925a9, raftlog=1374024b-188e-4a27-8b68-8945fec70172@group-D658D3A0F6D4-SegmentedRaftLog:OPENED:c-1,f-1,i0, conf=-1: [1374024b-188e-4a27-8b68-8945fec70172|rpc:10.1.0.22:45107|priority:0, 164a5057-06fc-470a-866e-2459acc1ca75|rpc:10.1.0.22:42029|priority:1, 051433ed-f0f3-4e10-b303-9534300925a9|rpc:10.1.0.22:36003|priority:0], old=null
2021-09-05 02:14:58,103 [grpc-default-executor-0] INFO  server.RaftServer$Division (RaftServerImpl.java:requestVote(1043)) - 164a5057-06fc-470a-866e-2459acc1ca75@group-D658D3A0F6D4: receive requestVote(ELECTION, 051433ed-f0f3-4e10-b303-9534300925a9, group-D658D3A0F6D4, 1, (t:0, i:0))
2021-09-05 02:14:58,103 [grpc-default-executor-0] INFO  impl.VoteContext (VoteContext.java:log(48)) - 164a5057-06fc-470a-866e-2459acc1ca75@group-D658D3A0F6D4-FOLLOWER: reject ELECTION from 051433ed-f0f3-4e10-b303-9534300925a9: our priority 1 > candidate's priority 0
2021-09-05 02:14:58,105 [grpc-default-executor-0] INFO  server.RaftServer$Division (RaftServerImpl.java:setRole(285)) - 164a5057-06fc-470a-866e-2459acc1ca75@group-D658D3A0F6D4: changes role from  FOLLOWER to FOLLOWER at term 1 for candidate:051433ed-f0f3-4e10-b303-9534300925a9
2021-09-05 02:14:58,105 [grpc-default-executor-0] INFO  impl.RoleInfo (RoleInfo.java:shutdownFollowerState(108)) - 164a5057-06fc-470a-866e-2459acc1ca75: shutdown 164a5057-06fc-470a-866e-2459acc1ca75@group-D658D3A0F6D4-FollowerState
2021-09-05 02:14:58,105 [grpc-default-executor-0] INFO  impl.RoleInfo (RoleInfo.java:updateAndGet(130)) - 164a5057-06fc-470a-866e-2459acc1ca75: start 164a5057-06fc-470a-866e-2459acc1ca75@group-D658D3A0F6D4-FollowerState
2021-09-05 02:14:58,105 [164a5057-06fc-470a-866e-2459acc1ca75@group-D658D3A0F6D4-FollowerState] INFO  impl.FollowerState (FollowerState.java:run(143)) - 164a5057-06fc-470a-866e-2459acc1ca75@group-D658D3A0F6D4-FollowerState was interrupted: {}
java.lang.InterruptedException: sleep interrupted
	at java.lang.Thread.sleep(Native Method)
	at java.lang.Thread.sleep(Thread.java:340)
	at java.util.concurrent.TimeUnit.sleep(TimeUnit.java:386)
	at org.apache.ratis.util.TimeDuration.sleep(TimeDuration.java:324)
	at org.apache.ratis.util.TimeDuration.sleep(TimeDuration.java:309)
	at org.apache.ratis.server.impl.FollowerState.run(FollowerState.java:118)
2021-09-05 02:14:58,114 [grpc-default-executor-0] INFO  server.RaftServer$Division (RaftServerImpl.java:requestVote(1075)) - 164a5057-06fc-470a-866e-2459acc1ca75@group-D658D3A0F6D4 replies to ELECTION vote request: 051433ed-f0f3-4e10-b303-9534300925a9<-164a5057-06fc-470a-866e-2459acc1ca75#0:FAIL-t1. Peer's state: 164a5057-06fc-470a-866e-2459acc1ca75@group-D658D3A0F6D4:t1, leader=null, voted=null, raftlog=164a5057-06fc-470a-866e-2459acc1ca75@group-D658D3A0F6D4-SegmentedRaftLog:OPENED:c-1,f-1,i0, conf=-1: [1374024b-188e-4a27-8b68-8945fec70172|rpc:10.1.0.22:45107|dataStream:|priority:0, 164a5057-06fc-470a-866e-2459acc1ca75|rpc:10.1.0.22:42029|dataStream:|priority:1, 051433ed-f0f3-4e10-b303-9534300925a9|rpc:10.1.0.22:36003|dataStream:|priority:0], old=null
2021-09-05 02:14:58,118 [051433ed-f0f3-4e10-b303-9534300925a9@group-D658D3A0F6D4-LeaderElection2] INFO  impl.LeaderElection (LeaderElection.java:logAndReturn(89)) - 051433ed-f0f3-4e10-b303-9534300925a9@group-D658D3A0F6D4-LeaderElection2: ELECTION REJECTED received 2 response(s) and 0 exception(s):
2021-09-05 02:14:58,118 [051433ed-f0f3-4e10-b303-9534300925a9@group-D658D3A0F6D4-LeaderElection2] INFO  impl.LeaderElection (LeaderElection.java:logAndReturn(93)) -   Response 0: 051433ed-f0f3-4e10-b303-9534300925a9<-1374024b-188e-4a27-8b68-8945fec70172#0:OK-t1
2021-09-05 02:14:58,118 [051433ed-f0f3-4e10-b303-9534300925a9@group-D658D3A0F6D4-LeaderElection2] INFO  impl.LeaderElection (LeaderElection.java:logAndReturn(93)) -   Response 1: 051433ed-f0f3-4e10-b303-9534300925a9<-164a5057-06fc-470a-866e-2459acc1ca75#0:FAIL-t1
2021-09-05 02:14:58,118 [051433ed-f0f3-4e10-b303-9534300925a9@group-D658D3A0F6D4-LeaderElection2] INFO  impl.LeaderElection (LeaderElection.java:askForVotes(308)) - 051433ed-f0f3-4e10-b303-9534300925a9@group-D658D3A0F6D4-LeaderElection2 ELECTION round 0: result REJECTED
2021-09-05 02:14:58,118 [051433ed-f0f3-4e10-b303-9534300925a9@group-D658D3A0F6D4-LeaderElection2] INFO  server.RaftServer$Division (RaftServerImpl.java:setRole(285)) - 051433ed-f0f3-4e10-b303-9534300925a9@group-D658D3A0F6D4: changes role from CANDIDATE to FOLLOWER at term 1 for REJECTED
2021-09-05 02:14:58,118 [051433ed-f0f3-4e10-b303-9534300925a9@group-D658D3A0F6D4-LeaderElection2] INFO  impl.RoleInfo (RoleInfo.java:shutdownLeaderElection(121)) - 051433ed-f0f3-4e10-b303-9534300925a9: shutdown 051433ed-f0f3-4e10-b303-9534300925a9@group-D658D3A0F6D4-LeaderElection2
2021-09-05 02:14:58,118 [051433ed-f0f3-4e10-b303-9534300925a9@group-D658D3A0F6D4-LeaderElection2] INFO  impl.RoleInfo (RoleInfo.java:updateAndGet(130)) - 051433ed-f0f3-4e10-b303-9534300925a9: start 051433ed-f0f3-4e10-b303-9534300925a9@group-D658D3A0F6D4-FollowerState
2021-09-05 02:14:58,188 [Listener at 127.0.0.1/38203] INFO  ozone.MiniOzoneClusterImpl (MiniOzoneClusterImpl.java:lambda$waitForClusterToBeReady$0(235)) - Nodes are ready. Got 6 of 6 DN Heartbeats.
2021-09-05 02:14:58,189 [Listener at 127.0.0.1/38203] INFO  ozone.MiniOzoneClusterImpl (MiniOzoneClusterImpl.java:lambda$waitForClusterToBeReady$0(238)) - Waiting for cluster to exit safe mode
2021-09-05 02:14:58,189 [Listener at 127.0.0.1/38203] INFO  ozone.MiniOzoneClusterImpl (MiniOzoneClusterImpl.java:lambda$waitForClusterToBeReady$0(240)) - SCM became leader
2021-09-05 02:14:58,196 [EventQueue-OpenPipelineForHealthyPipelineSafeModeRule] INFO  safemode.SCMSafeModeManager (HealthyPipelineSafeModeRule.java:process(124)) - SCM in safe mode. Healthy pipelines reported count is 0, required healthy pipeline reported count is 1
2021-09-05 02:14:58,328 [1374024b-188e-4a27-8b68-8945fec70172@group-A9D44B2A46EA-FollowerState] INFO  impl.FollowerState (FollowerState.java:run(134)) - 1374024b-188e-4a27-8b68-8945fec70172@group-A9D44B2A46EA-FollowerState: change to CANDIDATE, lastRpcElapsedTime:5168505564ns, electionTimeout:5158ms
2021-09-05 02:14:58,328 [1374024b-188e-4a27-8b68-8945fec70172@group-A9D44B2A46EA-FollowerState] INFO  impl.RoleInfo (RoleInfo.java:shutdownFollowerState(108)) - 1374024b-188e-4a27-8b68-8945fec70172: shutdown 1374024b-188e-4a27-8b68-8945fec70172@group-A9D44B2A46EA-FollowerState
2021-09-05 02:14:58,328 [1374024b-188e-4a27-8b68-8945fec70172@group-A9D44B2A46EA-FollowerState] INFO  server.RaftServer$Division (RaftServerImpl.java:setRole(285)) - 1374024b-188e-4a27-8b68-8945fec70172@group-A9D44B2A46EA: changes role from  FOLLOWER to CANDIDATE at term 0 for changeToCandidate
2021-09-05 02:14:58,328 [1374024b-188e-4a27-8b68-8945fec70172@group-A9D44B2A46EA-FollowerState] INFO  server.RaftServerConfigKeys (ConfUtils.java:logGet(44)) - raft.server.leaderelection.pre-vote = false (custom)
2021-09-05 02:14:58,328 [1374024b-188e-4a27-8b68-8945fec70172@group-A9D44B2A46EA-FollowerState] INFO  impl.RoleInfo (RoleInfo.java:updateAndGet(130)) - 1374024b-188e-4a27-8b68-8945fec70172: start 1374024b-188e-4a27-8b68-8945fec70172@group-A9D44B2A46EA-LeaderElection4
2021-09-05 02:14:58,339 [1374024b-188e-4a27-8b68-8945fec70172@group-A9D44B2A46EA-LeaderElection4] INFO  impl.LeaderElection (LeaderElection.java:askForVotes(306)) - 1374024b-188e-4a27-8b68-8945fec70172@group-A9D44B2A46EA-LeaderElection4 ELECTION round 0: submit vote requests at term 1 for -1: [1374024b-188e-4a27-8b68-8945fec70172|rpc:10.1.0.22:45107|priority:1], old=null
2021-09-05 02:14:58,339 [1374024b-188e-4a27-8b68-8945fec70172@group-A9D44B2A46EA-LeaderElection4] INFO  impl.LeaderElection (LeaderElection.java:askForVotes(308)) - 1374024b-188e-4a27-8b68-8945fec70172@group-A9D44B2A46EA-LeaderElection4 ELECTION round 0: result PASSED (term=1)
2021-09-05 02:14:58,339 [1374024b-188e-4a27-8b68-8945fec70172@group-A9D44B2A46EA-LeaderElection4] INFO  impl.RoleInfo (RoleInfo.java:shutdownLeaderElection(121)) - 1374024b-188e-4a27-8b68-8945fec70172: shutdown 1374024b-188e-4a27-8b68-8945fec70172@group-A9D44B2A46EA-LeaderElection4
2021-09-05 02:14:58,339 [1374024b-188e-4a27-8b68-8945fec70172@group-A9D44B2A46EA-LeaderElection4] INFO  server.RaftServer$Division (RaftServerImpl.java:setRole(285)) - 1374024b-188e-4a27-8b68-8945fec70172@group-A9D44B2A46EA: changes role from CANDIDATE to LEADER at term 1 for changeToLeader
2021-09-05 02:14:58,339 [1374024b-188e-4a27-8b68-8945fec70172@group-A9D44B2A46EA-LeaderElection4] INFO  ratis.XceiverServerRatis (XceiverServerRatis.java:handleLeaderChangedNotification(861)) - Leader change notification received for group: group-A9D44B2A46EA with new leaderId: 1374024b-188e-4a27-8b68-8945fec70172
2021-09-05 02:14:58,339 [1374024b-188e-4a27-8b68-8945fec70172@group-A9D44B2A46EA-LeaderElection4] INFO  server.RaftServer$Division (ServerState.java:setLeader(285)) - 1374024b-188e-4a27-8b68-8945fec70172@group-A9D44B2A46EA: change Leader from null to 1374024b-188e-4a27-8b68-8945fec70172 at term 1 for becomeLeader, leader elected after 5205ms
2021-09-05 02:14:58,339 [1374024b-188e-4a27-8b68-8945fec70172@group-A9D44B2A46EA-LeaderElection4] INFO  server.RaftServerConfigKeys (ConfUtils.java:logGet(44)) - raft.server.staging.catchup.gap = 1000 (default)
2021-09-05 02:14:58,339 [Datanode State Machine Thread - 0] WARN  statemachine.StateContext (StateContext.java:execute(621)) - No available thread in pool for past 1 seconds.
2021-09-05 02:14:58,339 [1374024b-188e-4a27-8b68-8945fec70172@group-A9D44B2A46EA-LeaderElection4] INFO  server.RaftServerConfigKeys (ConfUtils.java:logGet(44)) - raft.server.write.element-limit = 1024 (custom)
2021-09-05 02:14:58,340 [1374024b-188e-4a27-8b68-8945fec70172@group-A9D44B2A46EA-LeaderElection4] INFO  server.RaftServerConfigKeys (ConfUtils.java:logGet(44)) - raft.server.write.byte-limit = 1024 M (=1073741824) (custom)
2021-09-05 02:14:58,340 [1374024b-188e-4a27-8b68-8945fec70172@group-A9D44B2A46EA-LeaderElection4] INFO  server.RaftServerConfigKeys (ConfUtils.java:logGet(44)) - raft.server.watch.timeout = 180s (custom)
2021-09-05 02:14:58,340 [1374024b-188e-4a27-8b68-8945fec70172@group-A9D44B2A46EA-LeaderElection4] INFO  server.RaftServerConfigKeys (ConfUtils.java:logGet(44)) - raft.server.watch.timeout.denomination = 1s (default)
2021-09-05 02:14:58,340 [1374024b-188e-4a27-8b68-8945fec70172@group-A9D44B2A46EA-LeaderElection4] INFO  server.RaftServerConfigKeys (ConfUtils.java:logGet(44)) - raft.server.watch.element-limit = 65536 (default)
2021-09-05 02:14:58,340 [1374024b-188e-4a27-8b68-8945fec70172@group-A9D44B2A46EA-LeaderElection4] INFO  impl.RoleInfo (RoleInfo.java:updateAndGet(130)) - 1374024b-188e-4a27-8b68-8945fec70172: start 1374024b-188e-4a27-8b68-8945fec70172@group-A9D44B2A46EA-LeaderStateImpl
2021-09-05 02:14:58,340 [1374024b-188e-4a27-8b68-8945fec70172@group-A9D44B2A46EA-LeaderElection4] INFO  segmented.SegmentedRaftLogWorker (SegmentedRaftLogWorker.java:startLogSegment(394)) - 1374024b-188e-4a27-8b68-8945fec70172@group-A9D44B2A46EA-SegmentedRaftLogWorker: Starting segment from index:0
2021-09-05 02:14:58,343 [EventQueue-OpenPipelineForHealthyPipelineSafeModeRule] INFO  safemode.SCMSafeModeManager (HealthyPipelineSafeModeRule.java:process(124)) - SCM in safe mode. Healthy pipelines reported count is 0, required healthy pipeline reported count is 1
2021-09-05 02:14:58,344 [1374024b-188e-4a27-8b68-8945fec70172@group-A9D44B2A46EA-SegmentedRaftLogWorker] INFO  segmented.SegmentedRaftLogWorker (SegmentedRaftLogWorker.java:execute(601)) - 1374024b-188e-4a27-8b68-8945fec70172@group-A9D44B2A46EA-SegmentedRaftLogWorker: created new log segment /home/runner/work/ozone/ozone/hadoop-ozone/integration-test/target/test-dir/MiniOzoneClusterImpl-b9dfe4fd-d142-4c87-b19c-e6304396dee2/datanode-1/data/ratis/4cf9f247-b0ad-4a62-a72f-a9d44b2a46ea/current/log_inprogress_0
2021-09-05 02:14:58,350 [1374024b-188e-4a27-8b68-8945fec70172@group-A9D44B2A46EA-LeaderElection4] INFO  server.RaftServer$Division (ServerState.java:setRaftConf(387)) - 1374024b-188e-4a27-8b68-8945fec70172@group-A9D44B2A46EA: set configuration 0: [1374024b-188e-4a27-8b68-8945fec70172|rpc:10.1.0.22:45107|dataStream:|priority:1], old=null
2021-09-05 02:14:58,581 [EventQueue-OpenPipelineForHealthyPipelineSafeModeRule] INFO  safemode.SCMSafeModeManager (HealthyPipelineSafeModeRule.java:process(124)) - SCM in safe mode. Healthy pipelines reported count is 0, required healthy pipeline reported count is 1
2021-09-05 02:14:58,650 [164a5057-06fc-470a-866e-2459acc1ca75@group-DA07979B28D5-FollowerState] INFO  impl.FollowerState (FollowerState.java:run(134)) - 164a5057-06fc-470a-866e-2459acc1ca75@group-DA07979B28D5-FollowerState: change to CANDIDATE, lastRpcElapsedTime:5041771878ns, electionTimeout:5031ms
2021-09-05 02:14:58,650 [164a5057-06fc-470a-866e-2459acc1ca75@group-DA07979B28D5-FollowerState] INFO  impl.RoleInfo (RoleInfo.java:shutdownFollowerState(108)) - 164a5057-06fc-470a-866e-2459acc1ca75: shutdown 164a5057-06fc-470a-866e-2459acc1ca75@group-DA07979B28D5-FollowerState
2021-09-05 02:14:58,650 [164a5057-06fc-470a-866e-2459acc1ca75@group-DA07979B28D5-FollowerState] INFO  server.RaftServer$Division (RaftServerImpl.java:setRole(285)) - 164a5057-06fc-470a-866e-2459acc1ca75@group-DA07979B28D5: changes role from  FOLLOWER to CANDIDATE at term 0 for changeToCandidate
2021-09-05 02:14:58,650 [164a5057-06fc-470a-866e-2459acc1ca75@group-DA07979B28D5-FollowerState] INFO  server.RaftServerConfigKeys (ConfUtils.java:logGet(44)) - raft.server.leaderelection.pre-vote = false (custom)
2021-09-05 02:14:58,650 [164a5057-06fc-470a-866e-2459acc1ca75@group-DA07979B28D5-FollowerState] INFO  impl.RoleInfo (RoleInfo.java:updateAndGet(130)) - 164a5057-06fc-470a-866e-2459acc1ca75: start 164a5057-06fc-470a-866e-2459acc1ca75@group-DA07979B28D5-LeaderElection5
2021-09-05 02:14:58,654 [164a5057-06fc-470a-866e-2459acc1ca75@group-DA07979B28D5-LeaderElection5] INFO  impl.LeaderElection (LeaderElection.java:askForVotes(306)) - 164a5057-06fc-470a-866e-2459acc1ca75@group-DA07979B28D5-LeaderElection5 ELECTION round 0: submit vote requests at term 1 for -1: [164a5057-06fc-470a-866e-2459acc1ca75|rpc:10.1.0.22:42029|priority:1], old=null
2021-09-05 02:14:58,654 [164a5057-06fc-470a-866e-2459acc1ca75@group-DA07979B28D5-LeaderElection5] INFO  impl.LeaderElection (LeaderElection.java:askForVotes(308)) - 164a5057-06fc-470a-866e-2459acc1ca75@group-DA07979B28D5-LeaderElection5 ELECTION round 0: result PASSED (term=1)
2021-09-05 02:14:58,654 [164a5057-06fc-470a-866e-2459acc1ca75@group-DA07979B28D5-LeaderElection5] INFO  impl.RoleInfo (RoleInfo.java:shutdownLeaderElection(121)) - 164a5057-06fc-470a-866e-2459acc1ca75: shutdown 164a5057-06fc-470a-866e-2459acc1ca75@group-DA07979B28D5-LeaderElection5
2021-09-05 02:14:58,655 [164a5057-06fc-470a-866e-2459acc1ca75@group-DA07979B28D5-LeaderElection5] INFO  server.RaftServer$Division (RaftServerImpl.java:setRole(285)) - 164a5057-06fc-470a-866e-2459acc1ca75@group-DA07979B28D5: changes role from CANDIDATE to LEADER at term 1 for changeToLeader
2021-09-05 02:14:58,655 [164a5057-06fc-470a-866e-2459acc1ca75@group-DA07979B28D5-LeaderElection5] INFO  ratis.XceiverServerRatis (XceiverServerRatis.java:handleLeaderChangedNotification(861)) - Leader change notification received for group: group-DA07979B28D5 with new leaderId: 164a5057-06fc-470a-866e-2459acc1ca75
2021-09-05 02:14:58,655 [Datanode State Machine Thread - 0] WARN  statemachine.StateContext (StateContext.java:execute(621)) - No available thread in pool for past 1 seconds.
2021-09-05 02:14:58,656 [164a5057-06fc-470a-866e-2459acc1ca75@group-DA07979B28D5-LeaderElection5] INFO  server.RaftServer$Division (ServerState.java:setLeader(285)) - 164a5057-06fc-470a-866e-2459acc1ca75@group-DA07979B28D5: change Leader from null to 164a5057-06fc-470a-866e-2459acc1ca75 at term 1 for becomeLeader, leader elected after 5076ms
2021-09-05 02:14:58,656 [164a5057-06fc-470a-866e-2459acc1ca75@group-DA07979B28D5-LeaderElection5] INFO  server.RaftServerConfigKeys (ConfUtils.java:logGet(44)) - raft.server.staging.catchup.gap = 1000 (default)
2021-09-05 02:14:58,656 [164a5057-06fc-470a-866e-2459acc1ca75@group-DA07979B28D5-LeaderElection5] INFO  server.RaftServerConfigKeys (ConfUtils.java:logGet(44)) - raft.server.write.element-limit = 1024 (custom)
2021-09-05 02:14:58,656 [164a5057-06fc-470a-866e-2459acc1ca75@group-DA07979B28D5-LeaderElection5] INFO  server.RaftServerConfigKeys (ConfUtils.java:logGet(44)) - raft.server.write.byte-limit = 1024 M (=1073741824) (custom)
2021-09-05 02:14:58,657 [164a5057-06fc-470a-866e-2459acc1ca75@group-DA07979B28D5-LeaderElection5] INFO  server.RaftServerConfigKeys (ConfUtils.java:logGet(44)) - raft.server.watch.timeout = 180s (custom)
2021-09-05 02:14:58,657 [164a5057-06fc-470a-866e-2459acc1ca75@group-DA07979B28D5-LeaderElection5] INFO  server.RaftServerConfigKeys (ConfUtils.java:logGet(44)) - raft.server.watch.timeout.denomination = 1s (default)
2021-09-05 02:14:58,657 [EventQueue-OpenPipelineForHealthyPipelineSafeModeRule] INFO  safemode.SCMSafeModeManager (HealthyPipelineSafeModeRule.java:process(124)) - SCM in safe mode. Healthy pipelines reported count is 0, required healthy pipeline reported count is 1
2021-09-05 02:14:58,657 [164a5057-06fc-470a-866e-2459acc1ca75@group-DA07979B28D5-LeaderElection5] INFO  server.RaftServerConfigKeys (ConfUtils.java:logGet(44)) - raft.server.watch.element-limit = 65536 (default)
2021-09-05 02:14:58,658 [164a5057-06fc-470a-866e-2459acc1ca75@group-DA07979B28D5-LeaderElection5] INFO  impl.RoleInfo (RoleInfo.java:updateAndGet(130)) - 164a5057-06fc-470a-866e-2459acc1ca75: start 164a5057-06fc-470a-866e-2459acc1ca75@group-DA07979B28D5-LeaderStateImpl
2021-09-05 02:14:58,659 [164a5057-06fc-470a-866e-2459acc1ca75@group-DA07979B28D5-LeaderElection5] INFO  segmented.SegmentedRaftLogWorker (SegmentedRaftLogWorker.java:startLogSegment(394)) - 164a5057-06fc-470a-866e-2459acc1ca75@group-DA07979B28D5-SegmentedRaftLogWorker: Starting segment from index:0
2021-09-05 02:14:58,661 [164a5057-06fc-470a-866e-2459acc1ca75@group-DA07979B28D5-LeaderElection5] INFO  server.RaftServer$Division (ServerState.java:setRaftConf(387)) - 164a5057-06fc-470a-866e-2459acc1ca75@group-DA07979B28D5: set configuration 0: [164a5057-06fc-470a-866e-2459acc1ca75|rpc:10.1.0.22:42029|dataStream:|priority:1], old=null
2021-09-05 02:14:58,665 [164a5057-06fc-470a-866e-2459acc1ca75@group-DA07979B28D5-SegmentedRaftLogWorker] INFO  segmented.SegmentedRaftLogWorker (SegmentedRaftLogWorker.java:execute(601)) - 164a5057-06fc-470a-866e-2459acc1ca75@group-DA07979B28D5-SegmentedRaftLogWorker: created new log segment /home/runner/work/ozone/ozone/hadoop-ozone/integration-test/target/test-dir/MiniOzoneClusterImpl-b9dfe4fd-d142-4c87-b19c-e6304396dee2/datanode-2/data/ratis/bd7486a3-d2ae-4ec9-a81c-da07979b28d5/current/log_inprogress_0
2021-09-05 02:14:58,807 [EventQueue-OpenPipelineForHealthyPipelineSafeModeRule] INFO  safemode.SCMSafeModeManager (HealthyPipelineSafeModeRule.java:process(124)) - SCM in safe mode. Healthy pipelines reported count is 0, required healthy pipeline reported count is 1
2021-09-05 02:14:58,830 [107e36cc-fe8a-481c-a932-f36b6ede4996@group-6A133F983057-FollowerState] INFO  impl.FollowerState (FollowerState.java:run(134)) - 107e36cc-fe8a-481c-a932-f36b6ede4996@group-6A133F983057-FollowerState: change to CANDIDATE, lastRpcElapsedTime:5011004868ns, electionTimeout:5007ms
2021-09-05 02:14:58,830 [107e36cc-fe8a-481c-a932-f36b6ede4996@group-6A133F983057-FollowerState] INFO  impl.RoleInfo (RoleInfo.java:shutdownFollowerState(108)) - 107e36cc-fe8a-481c-a932-f36b6ede4996: shutdown 107e36cc-fe8a-481c-a932-f36b6ede4996@group-6A133F983057-FollowerState
2021-09-05 02:14:58,830 [107e36cc-fe8a-481c-a932-f36b6ede4996@group-6A133F983057-FollowerState] INFO  server.RaftServer$Division (RaftServerImpl.java:setRole(285)) - 107e36cc-fe8a-481c-a932-f36b6ede4996@group-6A133F983057: changes role from  FOLLOWER to CANDIDATE at term 0 for changeToCandidate
2021-09-05 02:14:58,830 [107e36cc-fe8a-481c-a932-f36b6ede4996@group-6A133F983057-FollowerState] INFO  server.RaftServerConfigKeys (ConfUtils.java:logGet(44)) - raft.server.leaderelection.pre-vote = false (custom)
2021-09-05 02:14:58,830 [107e36cc-fe8a-481c-a932-f36b6ede4996@group-6A133F983057-FollowerState] INFO  impl.RoleInfo (RoleInfo.java:updateAndGet(130)) - 107e36cc-fe8a-481c-a932-f36b6ede4996: start 107e36cc-fe8a-481c-a932-f36b6ede4996@group-6A133F983057-LeaderElection6
2021-09-05 02:14:58,836 [107e36cc-fe8a-481c-a932-f36b6ede4996@group-6A133F983057-LeaderElection6] INFO  impl.LeaderElection (LeaderElection.java:askForVotes(306)) - 107e36cc-fe8a-481c-a932-f36b6ede4996@group-6A133F983057-LeaderElection6 ELECTION round 0: submit vote requests at term 1 for -1: [107e36cc-fe8a-481c-a932-f36b6ede4996|rpc:10.1.0.22:41403|priority:0, c9529fe3-953b-4ef8-a4b7-44d7a8ee90ff|rpc:10.1.0.22:36459|priority:1, 3bd9e3a9-14dd-46c0-953f-63403e4f7020|rpc:10.1.0.22:45657|priority:0], old=null
2021-09-05 02:14:58,856 [grpc-default-executor-0] INFO  server.RaftServer$Division (RaftServerImpl.java:requestVote(1043)) - c9529fe3-953b-4ef8-a4b7-44d7a8ee90ff@group-6A133F983057: receive requestVote(ELECTION, 107e36cc-fe8a-481c-a932-f36b6ede4996, group-6A133F983057, 1, (t:0, i:0))
2021-09-05 02:14:58,856 [grpc-default-executor-1] INFO  server.RaftServer$Division (RaftServerImpl.java:requestVote(1043)) - 3bd9e3a9-14dd-46c0-953f-63403e4f7020@group-6A133F983057: receive requestVote(ELECTION, 107e36cc-fe8a-481c-a932-f36b6ede4996, group-6A133F983057, 1, (t:0, i:0))
2021-09-05 02:14:58,856 [grpc-default-executor-0] INFO  impl.VoteContext (VoteContext.java:log(48)) - c9529fe3-953b-4ef8-a4b7-44d7a8ee90ff@group-6A133F983057-FOLLOWER: reject ELECTION from 107e36cc-fe8a-481c-a932-f36b6ede4996: our priority 1 > candidate's priority 0
2021-09-05 02:14:58,856 [grpc-default-executor-0] INFO  server.RaftServer$Division (RaftServerImpl.java:setRole(285)) - c9529fe3-953b-4ef8-a4b7-44d7a8ee90ff@group-6A133F983057: changes role from  FOLLOWER to FOLLOWER at term 1 for candidate:107e36cc-fe8a-481c-a932-f36b6ede4996
2021-09-05 02:14:58,856 [grpc-default-executor-0] INFO  impl.RoleInfo (RoleInfo.java:shutdownFollowerState(108)) - c9529fe3-953b-4ef8-a4b7-44d7a8ee90ff: shutdown c9529fe3-953b-4ef8-a4b7-44d7a8ee90ff@group-6A133F983057-FollowerState
2021-09-05 02:14:58,856 [grpc-default-executor-0] INFO  impl.RoleInfo (RoleInfo.java:updateAndGet(130)) - c9529fe3-953b-4ef8-a4b7-44d7a8ee90ff: start c9529fe3-953b-4ef8-a4b7-44d7a8ee90ff@group-6A133F983057-FollowerState
2021-09-05 02:14:58,856 [c9529fe3-953b-4ef8-a4b7-44d7a8ee90ff@group-6A133F983057-FollowerState] INFO  impl.FollowerState (FollowerState.java:run(143)) - c9529fe3-953b-4ef8-a4b7-44d7a8ee90ff@group-6A133F983057-FollowerState was interrupted: {}
java.lang.InterruptedException: sleep interrupted
	at java.lang.Thread.sleep(Native Method)
	at java.lang.Thread.sleep(Thread.java:340)
	at java.util.concurrent.TimeUnit.sleep(TimeUnit.java:386)
	at org.apache.ratis.util.TimeDuration.sleep(TimeDuration.java:324)
	at org.apache.ratis.util.TimeDuration.sleep(TimeDuration.java:309)
	at org.apache.ratis.server.impl.FollowerState.run(FollowerState.java:118)
2021-09-05 02:14:58,856 [grpc-default-executor-1] INFO  impl.VoteContext (VoteContext.java:log(48)) - 3bd9e3a9-14dd-46c0-953f-63403e4f7020@group-6A133F983057-FOLLOWER: accept ELECTION from 107e36cc-fe8a-481c-a932-f36b6ede4996: our priority 0 <= candidate's priority 0
2021-09-05 02:14:58,857 [grpc-default-executor-1] INFO  server.RaftServer$Division (RaftServerImpl.java:setRole(285)) - 3bd9e3a9-14dd-46c0-953f-63403e4f7020@group-6A133F983057: changes role from  FOLLOWER to FOLLOWER at term 1 for candidate:107e36cc-fe8a-481c-a932-f36b6ede4996
2021-09-05 02:14:58,857 [grpc-default-executor-1] INFO  impl.RoleInfo (RoleInfo.java:shutdownFollowerState(108)) - 3bd9e3a9-14dd-46c0-953f-63403e4f7020: shutdown 3bd9e3a9-14dd-46c0-953f-63403e4f7020@group-6A133F983057-FollowerState
2021-09-05 02:14:58,866 [grpc-default-executor-1] INFO  impl.RoleInfo (RoleInfo.java:updateAndGet(130)) - 3bd9e3a9-14dd-46c0-953f-63403e4f7020: start 3bd9e3a9-14dd-46c0-953f-63403e4f7020@group-6A133F983057-FollowerState
2021-09-05 02:14:58,866 [3bd9e3a9-14dd-46c0-953f-63403e4f7020@group-6A133F983057-FollowerState] INFO  impl.FollowerState (FollowerState.java:run(143)) - 3bd9e3a9-14dd-46c0-953f-63403e4f7020@group-6A133F983057-FollowerState was interrupted: {}
java.lang.InterruptedException: sleep interrupted
	at java.lang.Thread.sleep(Native Method)
	at java.lang.Thread.sleep(Thread.java:340)
	at java.util.concurrent.TimeUnit.sleep(TimeUnit.java:386)
	at org.apache.ratis.util.TimeDuration.sleep(TimeDuration.java:324)
	at org.apache.ratis.util.TimeDuration.sleep(TimeDuration.java:309)
	at org.apache.ratis.server.impl.FollowerState.run(FollowerState.java:118)
2021-09-05 02:14:58,866 [grpc-default-executor-0] INFO  server.RaftServer$Division (RaftServerImpl.java:requestVote(1075)) - c9529fe3-953b-4ef8-a4b7-44d7a8ee90ff@group-6A133F983057 replies to ELECTION vote request: 107e36cc-fe8a-481c-a932-f36b6ede4996<-c9529fe3-953b-4ef8-a4b7-44d7a8ee90ff#0:FAIL-t1. Peer's state: c9529fe3-953b-4ef8-a4b7-44d7a8ee90ff@group-6A133F983057:t1, leader=null, voted=null, raftlog=c9529fe3-953b-4ef8-a4b7-44d7a8ee90ff@group-6A133F983057-SegmentedRaftLog:OPENED:c-1,f-1,i0, conf=-1: [107e36cc-fe8a-481c-a932-f36b6ede4996|rpc:10.1.0.22:41403|dataStream:|priority:0, c9529fe3-953b-4ef8-a4b7-44d7a8ee90ff|rpc:10.1.0.22:36459|dataStream:|priority:1, 3bd9e3a9-14dd-46c0-953f-63403e4f7020|rpc:10.1.0.22:45657|dataStream:|priority:0], old=null
2021-09-05 02:14:58,868 [107e36cc-fe8a-481c-a932-f36b6ede4996@group-6A133F983057-LeaderElection6] INFO  impl.LeaderElection (LeaderElection.java:logAndReturn(89)) - 107e36cc-fe8a-481c-a932-f36b6ede4996@group-6A133F983057-LeaderElection6: ELECTION REJECTED received 1 response(s) and 0 exception(s):
2021-09-05 02:14:58,868 [107e36cc-fe8a-481c-a932-f36b6ede4996@group-6A133F983057-LeaderElection6] INFO  impl.LeaderElection (LeaderElection.java:logAndReturn(93)) -   Response 0: 107e36cc-fe8a-481c-a932-f36b6ede4996<-c9529fe3-953b-4ef8-a4b7-44d7a8ee90ff#0:FAIL-t1
2021-09-05 02:14:58,868 [107e36cc-fe8a-481c-a932-f36b6ede4996@group-6A133F983057-LeaderElection6] INFO  impl.LeaderElection (LeaderElection.java:askForVotes(308)) - 107e36cc-fe8a-481c-a932-f36b6ede4996@group-6A133F983057-LeaderElection6 ELECTION round 0: result REJECTED
2021-09-05 02:14:58,868 [107e36cc-fe8a-481c-a932-f36b6ede4996@group-6A133F983057-LeaderElection6] INFO  server.RaftServer$Division (RaftServerImpl.java:setRole(285)) - 107e36cc-fe8a-481c-a932-f36b6ede4996@group-6A133F983057: changes role from CANDIDATE to FOLLOWER at term 1 for REJECTED
2021-09-05 02:14:58,868 [107e36cc-fe8a-481c-a932-f36b6ede4996@group-6A133F983057-LeaderElection6] INFO  impl.RoleInfo (RoleInfo.java:shutdownLeaderElection(121)) - 107e36cc-fe8a-481c-a932-f36b6ede4996: shutdown 107e36cc-fe8a-481c-a932-f36b6ede4996@group-6A133F983057-LeaderElection6
2021-09-05 02:14:58,868 [107e36cc-fe8a-481c-a932-f36b6ede4996@group-6A133F983057-LeaderElection6] INFO  impl.RoleInfo (RoleInfo.java:updateAndGet(130)) - 107e36cc-fe8a-481c-a932-f36b6ede4996: start 107e36cc-fe8a-481c-a932-f36b6ede4996@group-6A133F983057-FollowerState
2021-09-05 02:14:58,868 [grpc-default-executor-1] INFO  server.RaftServer$Division (RaftServerImpl.java:requestVote(1075)) - 3bd9e3a9-14dd-46c0-953f-63403e4f7020@group-6A133F983057 replies to ELECTION vote request: 107e36cc-fe8a-481c-a932-f36b6ede4996<-3bd9e3a9-14dd-46c0-953f-63403e4f7020#0:OK-t1. Peer's state: 3bd9e3a9-14dd-46c0-953f-63403e4f7020@group-6A133F983057:t1, leader=null, voted=107e36cc-fe8a-481c-a932-f36b6ede4996, raftlog=3bd9e3a9-14dd-46c0-953f-63403e4f7020@group-6A133F983057-SegmentedRaftLog:OPENED:c-1,f-1,i0, conf=-1: [107e36cc-fe8a-481c-a932-f36b6ede4996|rpc:10.1.0.22:41403|dataStream:|priority:0, c9529fe3-953b-4ef8-a4b7-44d7a8ee90ff|rpc:10.1.0.22:36459|dataStream:|priority:1, 3bd9e3a9-14dd-46c0-953f-63403e4f7020|rpc:10.1.0.22:45657|dataStream:|priority:0], old=null
2021-09-05 02:14:58,944 [107e36cc-fe8a-481c-a932-f36b6ede4996@group-0C53CCF1827D-FollowerState] INFO  impl.FollowerState (FollowerState.java:run(134)) - 107e36cc-fe8a-481c-a932-f36b6ede4996@group-0C53CCF1827D-FollowerState: change to CANDIDATE, lastRpcElapsedTime:5150459717ns, electionTimeout:5150ms
2021-09-05 02:14:58,944 [107e36cc-fe8a-481c-a932-f36b6ede4996@group-0C53CCF1827D-FollowerState] INFO  impl.RoleInfo (RoleInfo.java:shutdownFollowerState(108)) - 107e36cc-fe8a-481c-a932-f36b6ede4996: shutdown 107e36cc-fe8a-481c-a932-f36b6ede4996@group-0C53CCF1827D-FollowerState
2021-09-05 02:14:58,945 [107e36cc-fe8a-481c-a932-f36b6ede4996@group-0C53CCF1827D-FollowerState] INFO  server.RaftServer$Division (RaftServerImpl.java:setRole(285)) - 107e36cc-fe8a-481c-a932-f36b6ede4996@group-0C53CCF1827D: changes role from  FOLLOWER to CANDIDATE at term 0 for changeToCandidate
2021-09-05 02:14:58,945 [107e36cc-fe8a-481c-a932-f36b6ede4996@group-0C53CCF1827D-FollowerState] INFO  server.RaftServerConfigKeys (ConfUtils.java:logGet(44)) - raft.server.leaderelection.pre-vote = false (custom)
2021-09-05 02:14:58,945 [107e36cc-fe8a-481c-a932-f36b6ede4996@group-0C53CCF1827D-FollowerState] INFO  impl.RoleInfo (RoleInfo.java:updateAndGet(130)) - 107e36cc-fe8a-481c-a932-f36b6ede4996: start 107e36cc-fe8a-481c-a932-f36b6ede4996@group-0C53CCF1827D-LeaderElection7
2021-09-05 02:14:58,948 [107e36cc-fe8a-481c-a932-f36b6ede4996@group-0C53CCF1827D-LeaderElection7] INFO  impl.LeaderElection (LeaderElection.java:askForVotes(306)) - 107e36cc-fe8a-481c-a932-f36b6ede4996@group-0C53CCF1827D-LeaderElection7 ELECTION round 0: submit vote requests at term 1 for -1: [107e36cc-fe8a-481c-a932-f36b6ede4996|rpc:10.1.0.22:41403|priority:1], old=null
2021-09-05 02:14:58,949 [107e36cc-fe8a-481c-a932-f36b6ede4996@group-0C53CCF1827D-LeaderElection7] INFO  impl.LeaderElection (LeaderElection.java:askForVotes(308)) - 107e36cc-fe8a-481c-a932-f36b6ede4996@group-0C53CCF1827D-LeaderElection7 ELECTION round 0: result PASSED (term=1)
2021-09-05 02:14:58,949 [107e36cc-fe8a-481c-a932-f36b6ede4996@group-0C53CCF1827D-LeaderElection7] INFO  impl.RoleInfo (RoleInfo.java:shutdownLeaderElection(121)) - 107e36cc-fe8a-481c-a932-f36b6ede4996: shutdown 107e36cc-fe8a-481c-a932-f36b6ede4996@group-0C53CCF1827D-LeaderElection7
2021-09-05 02:14:58,949 [107e36cc-fe8a-481c-a932-f36b6ede4996@group-0C53CCF1827D-LeaderElection7] INFO  server.RaftServer$Division (RaftServerImpl.java:setRole(285)) - 107e36cc-fe8a-481c-a932-f36b6ede4996@group-0C53CCF1827D: changes role from CANDIDATE to LEADER at term 1 for changeToLeader
2021-09-05 02:14:58,949 [107e36cc-fe8a-481c-a932-f36b6ede4996@group-0C53CCF1827D-LeaderElection7] INFO  ratis.XceiverServerRatis (XceiverServerRatis.java:handleLeaderChangedNotification(861)) - Leader change notification received for group: group-0C53CCF1827D with new leaderId: 107e36cc-fe8a-481c-a932-f36b6ede4996
2021-09-05 02:14:58,949 [107e36cc-fe8a-481c-a932-f36b6ede4996@group-0C53CCF1827D-LeaderElection7] INFO  server.RaftServer$Division (ServerState.java:setLeader(285)) - 107e36cc-fe8a-481c-a932-f36b6ede4996@group-0C53CCF1827D: change Leader from null to 107e36cc-fe8a-481c-a932-f36b6ede4996 at term 1 for becomeLeader, leader elected after 5177ms
2021-09-05 02:14:58,950 [107e36cc-fe8a-481c-a932-f36b6ede4996@group-0C53CCF1827D-LeaderElection7] INFO  server.RaftServerConfigKeys (ConfUtils.java:logGet(44)) - raft.server.staging.catchup.gap = 1000 (default)
2021-09-05 02:14:58,950 [107e36cc-fe8a-481c-a932-f36b6ede4996@group-0C53CCF1827D-LeaderElection7] INFO  server.RaftServerConfigKeys (ConfUtils.java:logGet(44)) - raft.server.write.element-limit = 1024 (custom)
2021-09-05 02:14:58,950 [107e36cc-fe8a-481c-a932-f36b6ede4996@group-0C53CCF1827D-LeaderElection7] INFO  server.RaftServerConfigKeys (ConfUtils.java:logGet(44)) - raft.server.write.byte-limit = 1024 M (=1073741824) (custom)
2021-09-05 02:14:58,950 [EventQueue-OpenPipelineForHealthyPipelineSafeModeRule] INFO  safemode.SCMSafeModeManager (HealthyPipelineSafeModeRule.java:process(124)) - SCM in safe mode. Healthy pipelines reported count is 0, required healthy pipeline reported count is 1
2021-09-05 02:14:58,952 [107e36cc-fe8a-481c-a932-f36b6ede4996@group-0C53CCF1827D-LeaderElection7] INFO  server.RaftServerConfigKeys (ConfUtils.java:logGet(44)) - raft.server.watch.timeout = 180s (custom)
2021-09-05 02:14:58,953 [107e36cc-fe8a-481c-a932-f36b6ede4996@group-0C53CCF1827D-LeaderElection7] INFO  server.RaftServerConfigKeys (ConfUtils.java:logGet(44)) - raft.server.watch.timeout.denomination = 1s (default)
2021-09-05 02:14:58,953 [107e36cc-fe8a-481c-a932-f36b6ede4996@group-0C53CCF1827D-LeaderElection7] INFO  server.RaftServerConfigKeys (ConfUtils.java:logGet(44)) - raft.server.watch.element-limit = 65536 (default)
2021-09-05 02:14:58,953 [107e36cc-fe8a-481c-a932-f36b6ede4996@group-0C53CCF1827D-LeaderElection7] INFO  impl.RoleInfo (RoleInfo.java:updateAndGet(130)) - 107e36cc-fe8a-481c-a932-f36b6ede4996: start 107e36cc-fe8a-481c-a932-f36b6ede4996@group-0C53CCF1827D-LeaderStateImpl
2021-09-05 02:14:58,953 [107e36cc-fe8a-481c-a932-f36b6ede4996@group-0C53CCF1827D-LeaderElection7] INFO  segmented.SegmentedRaftLogWorker (SegmentedRaftLogWorker.java:startLogSegment(394)) - 107e36cc-fe8a-481c-a932-f36b6ede4996@group-0C53CCF1827D-SegmentedRaftLogWorker: Starting segment from index:0
2021-09-05 02:14:58,954 [107e36cc-fe8a-481c-a932-f36b6ede4996@group-0C53CCF1827D-LeaderElection7] INFO  server.RaftServer$Division (ServerState.java:setRaftConf(387)) - 107e36cc-fe8a-481c-a932-f36b6ede4996@group-0C53CCF1827D: set configuration 0: [107e36cc-fe8a-481c-a932-f36b6ede4996|rpc:10.1.0.22:41403|dataStream:|priority:1], old=null
2021-09-05 02:14:58,956 [107e36cc-fe8a-481c-a932-f36b6ede4996@group-0C53CCF1827D-SegmentedRaftLogWorker] INFO  segmented.SegmentedRaftLogWorker (SegmentedRaftLogWorker.java:execute(601)) - 107e36cc-fe8a-481c-a932-f36b6ede4996@group-0C53CCF1827D-SegmentedRaftLogWorker: created new log segment /home/runner/work/ozone/ozone/hadoop-ozone/integration-test/target/test-dir/MiniOzoneClusterImpl-b9dfe4fd-d142-4c87-b19c-e6304396dee2/datanode-3/data/ratis/5fa46518-9716-499a-b9fc-0c53ccf1827d/current/log_inprogress_0
2021-09-05 02:14:59,009 [EventQueue-OpenPipelineForHealthyPipelineSafeModeRule] INFO  safemode.SCMSafeModeManager (HealthyPipelineSafeModeRule.java:process(124)) - SCM in safe mode. Healthy pipelines reported count is 0, required healthy pipeline reported count is 1
2021-09-05 02:14:59,046 [ReplicationMonitor] INFO  container.ReplicationManager (ReplicationManager.java:processAll(359)) - Replication Monitor Thread took 0 milliseconds for processing 0 containers.
2021-09-05 02:14:59,061 [EventQueue-OpenPipelineForHealthyPipelineSafeModeRule] INFO  safemode.SCMSafeModeManager (HealthyPipelineSafeModeRule.java:process(124)) - SCM in safe mode. Healthy pipelines reported count is 0, required healthy pipeline reported count is 1
2021-09-05 02:14:59,159 [c9529fe3-953b-4ef8-a4b7-44d7a8ee90ff@group-476F2DA03959-FollowerState] INFO  impl.FollowerState (FollowerState.java:run(134)) - c9529fe3-953b-4ef8-a4b7-44d7a8ee90ff@group-476F2DA03959-FollowerState: change to CANDIDATE, lastRpcElapsedTime:5151203523ns, electionTimeout:5141ms
2021-09-05 02:14:59,159 [c9529fe3-953b-4ef8-a4b7-44d7a8ee90ff@group-476F2DA03959-FollowerState] INFO  impl.RoleInfo (RoleInfo.java:shutdownFollowerState(108)) - c9529fe3-953b-4ef8-a4b7-44d7a8ee90ff: shutdown c9529fe3-953b-4ef8-a4b7-44d7a8ee90ff@group-476F2DA03959-FollowerState
2021-09-05 02:14:59,159 [c9529fe3-953b-4ef8-a4b7-44d7a8ee90ff@group-476F2DA03959-FollowerState] INFO  server.RaftServer$Division (RaftServerImpl.java:setRole(285)) - c9529fe3-953b-4ef8-a4b7-44d7a8ee90ff@group-476F2DA03959: changes role from  FOLLOWER to CANDIDATE at term 0 for changeToCandidate
2021-09-05 02:14:59,160 [c9529fe3-953b-4ef8-a4b7-44d7a8ee90ff@group-476F2DA03959-FollowerState] INFO  server.RaftServerConfigKeys (ConfUtils.java:logGet(44)) - raft.server.leaderelection.pre-vote = false (custom)
2021-09-05 02:14:59,160 [c9529fe3-953b-4ef8-a4b7-44d7a8ee90ff@group-476F2DA03959-FollowerState] INFO  impl.RoleInfo (RoleInfo.java:updateAndGet(130)) - c9529fe3-953b-4ef8-a4b7-44d7a8ee90ff: start c9529fe3-953b-4ef8-a4b7-44d7a8ee90ff@group-476F2DA03959-LeaderElection8
2021-09-05 02:14:59,163 [c9529fe3-953b-4ef8-a4b7-44d7a8ee90ff@group-476F2DA03959-LeaderElection8] INFO  impl.LeaderElection (LeaderElection.java:askForVotes(306)) - c9529fe3-953b-4ef8-a4b7-44d7a8ee90ff@group-476F2DA03959-LeaderElection8 ELECTION round 0: submit vote requests at term 1 for -1: [c9529fe3-953b-4ef8-a4b7-44d7a8ee90ff|rpc:10.1.0.22:36459|priority:1], old=null
2021-09-05 02:14:59,163 [c9529fe3-953b-4ef8-a4b7-44d7a8ee90ff@group-476F2DA03959-LeaderElection8] INFO  impl.LeaderElection (LeaderElection.java:askForVotes(308)) - c9529fe3-953b-4ef8-a4b7-44d7a8ee90ff@group-476F2DA03959-LeaderElection8 ELECTION round 0: result PASSED (term=1)
2021-09-05 02:14:59,164 [c9529fe3-953b-4ef8-a4b7-44d7a8ee90ff@group-476F2DA03959-LeaderElection8] INFO  impl.RoleInfo (RoleInfo.java:shutdownLeaderElection(121)) - c9529fe3-953b-4ef8-a4b7-44d7a8ee90ff: shutdown c9529fe3-953b-4ef8-a4b7-44d7a8ee90ff@group-476F2DA03959-LeaderElection8
2021-09-05 02:14:59,164 [c9529fe3-953b-4ef8-a4b7-44d7a8ee90ff@group-476F2DA03959-LeaderElection8] INFO  server.RaftServer$Division (RaftServerImpl.java:setRole(285)) - c9529fe3-953b-4ef8-a4b7-44d7a8ee90ff@group-476F2DA03959: changes role from CANDIDATE to LEADER at term 1 for changeToLeader
2021-09-05 02:14:59,164 [c9529fe3-953b-4ef8-a4b7-44d7a8ee90ff@group-476F2DA03959-LeaderElection8] INFO  ratis.XceiverServerRatis (XceiverServerRatis.java:handleLeaderChangedNotification(861)) - Leader change notification received for group: group-476F2DA03959 with new leaderId: c9529fe3-953b-4ef8-a4b7-44d7a8ee90ff
2021-09-05 02:14:59,164 [c9529fe3-953b-4ef8-a4b7-44d7a8ee90ff@group-476F2DA03959-LeaderElection8] INFO  server.RaftServer$Division (ServerState.java:setLeader(285)) - c9529fe3-953b-4ef8-a4b7-44d7a8ee90ff@group-476F2DA03959: change Leader from null to c9529fe3-953b-4ef8-a4b7-44d7a8ee90ff at term 1 for becomeLeader, leader elected after 5164ms
2021-09-05 02:14:59,164 [c9529fe3-953b-4ef8-a4b7-44d7a8ee90ff@group-476F2DA03959-LeaderElection8] INFO  server.RaftServerConfigKeys (ConfUtils.java:logGet(44)) - raft.server.staging.catchup.gap = 1000 (default)
2021-09-05 02:14:59,164 [c9529fe3-953b-4ef8-a4b7-44d7a8ee90ff@group-476F2DA03959-LeaderElection8] INFO  server.RaftServerConfigKeys (ConfUtils.java:logGet(44)) - raft.server.write.element-limit = 1024 (custom)
2021-09-05 02:14:59,164 [c9529fe3-953b-4ef8-a4b7-44d7a8ee90ff@group-476F2DA03959-LeaderElection8] INFO  server.RaftServerConfigKeys (ConfUtils.java:logGet(44)) - raft.server.write.byte-limit = 1024 M (=1073741824) (custom)
2021-09-05 02:14:59,165 [c9529fe3-953b-4ef8-a4b7-44d7a8ee90ff@group-476F2DA03959-LeaderElection8] INFO  server.RaftServerConfigKeys (ConfUtils.java:logGet(44)) - raft.server.watch.timeout = 180s (custom)
2021-09-05 02:14:59,165 [c9529fe3-953b-4ef8-a4b7-44d7a8ee90ff@group-476F2DA03959-LeaderElection8] INFO  server.RaftServerConfigKeys (ConfUtils.java:logGet(44)) - raft.server.watch.timeout.denomination = 1s (default)
2021-09-05 02:14:59,165 [c9529fe3-953b-4ef8-a4b7-44d7a8ee90ff@group-476F2DA03959-LeaderElection8] INFO  server.RaftServerConfigKeys (ConfUtils.java:logGet(44)) - raft.server.watch.element-limit = 65536 (default)
2021-09-05 02:14:59,165 [c9529fe3-953b-4ef8-a4b7-44d7a8ee90ff@group-476F2DA03959-LeaderElection8] INFO  impl.RoleInfo (RoleInfo.java:updateAndGet(130)) - c9529fe3-953b-4ef8-a4b7-44d7a8ee90ff: start c9529fe3-953b-4ef8-a4b7-44d7a8ee90ff@group-476F2DA03959-LeaderStateImpl
2021-09-05 02:14:59,165 [c9529fe3-953b-4ef8-a4b7-44d7a8ee90ff@group-476F2DA03959-LeaderElection8] INFO  segmented.SegmentedRaftLogWorker (SegmentedRaftLogWorker.java:startLogSegment(394)) - c9529fe3-953b-4ef8-a4b7-44d7a8ee90ff@group-476F2DA03959-SegmentedRaftLogWorker: Starting segment from index:0
2021-09-05 02:14:59,166 [EventQueue-OpenPipelineForHealthyPipelineSafeModeRule] INFO  safemode.SCMSafeModeManager (HealthyPipelineSafeModeRule.java:process(124)) - SCM in safe mode. Healthy pipelines reported count is 0, required healthy pipeline reported count is 1
2021-09-05 02:14:59,170 [c9529fe3-953b-4ef8-a4b7-44d7a8ee90ff@group-476F2DA03959-SegmentedRaftLogWorker] INFO  segmented.SegmentedRaftLogWorker (SegmentedRaftLogWorker.java:execute(601)) - c9529fe3-953b-4ef8-a4b7-44d7a8ee90ff@group-476F2DA03959-SegmentedRaftLogWorker: created new log segment /home/runner/work/ozone/ozone/hadoop-ozone/integration-test/target/test-dir/MiniOzoneClusterImpl-b9dfe4fd-d142-4c87-b19c-e6304396dee2/datanode-4/data/ratis/c21f3f7a-10c0-4934-8ac6-476f2da03959/current/log_inprogress_0
2021-09-05 02:14:59,172 [c9529fe3-953b-4ef8-a4b7-44d7a8ee90ff@group-476F2DA03959-LeaderElection8] INFO  server.RaftServer$Division (ServerState.java:setRaftConf(387)) - c9529fe3-953b-4ef8-a4b7-44d7a8ee90ff@group-476F2DA03959: set configuration 0: [c9529fe3-953b-4ef8-a4b7-44d7a8ee90ff|rpc:10.1.0.22:36459|dataStream:|priority:1], old=null
2021-09-05 02:14:59,190 [Listener at 127.0.0.1/38203] INFO  ozone.MiniOzoneClusterImpl (MiniOzoneClusterImpl.java:lambda$waitForClusterToBeReady$0(235)) - Nodes are ready. Got 6 of 6 DN Heartbeats.
2021-09-05 02:14:59,190 [Listener at 127.0.0.1/38203] INFO  ozone.MiniOzoneClusterImpl (MiniOzoneClusterImpl.java:lambda$waitForClusterToBeReady$0(238)) - Waiting for cluster to exit safe mode
2021-09-05 02:14:59,190 [Listener at 127.0.0.1/38203] INFO  ozone.MiniOzoneClusterImpl (MiniOzoneClusterImpl.java:lambda$waitForClusterToBeReady$0(240)) - SCM became leader
2021-09-05 02:14:59,192 [EventQueue-OpenPipelineForHealthyPipelineSafeModeRule] INFO  safemode.SCMSafeModeManager (HealthyPipelineSafeModeRule.java:process(124)) - SCM in safe mode. Healthy pipelines reported count is 0, required healthy pipeline reported count is 1
2021-09-05 02:14:59,381 [3bd9e3a9-14dd-46c0-953f-63403e4f7020@group-8AF7E92261A1-FollowerState] INFO  impl.FollowerState (FollowerState.java:run(134)) - 3bd9e3a9-14dd-46c0-953f-63403e4f7020@group-8AF7E92261A1-FollowerState: change to CANDIDATE, lastRpcElapsedTime:5177420568ns, electionTimeout:5177ms
2021-09-05 02:14:59,382 [3bd9e3a9-14dd-46c0-953f-63403e4f7020@group-8AF7E92261A1-FollowerState] INFO  impl.RoleInfo (RoleInfo.java:shutdownFollowerState(108)) - 3bd9e3a9-14dd-46c0-953f-63403e4f7020: shutdown 3bd9e3a9-14dd-46c0-953f-63403e4f7020@group-8AF7E92261A1-FollowerState
2021-09-05 02:14:59,382 [3bd9e3a9-14dd-46c0-953f-63403e4f7020@group-8AF7E92261A1-FollowerState] INFO  server.RaftServer$Division (RaftServerImpl.java:setRole(285)) - 3bd9e3a9-14dd-46c0-953f-63403e4f7020@group-8AF7E92261A1: changes role from  FOLLOWER to CANDIDATE at term 0 for changeToCandidate
2021-09-05 02:14:59,383 [3bd9e3a9-14dd-46c0-953f-63403e4f7020@group-8AF7E92261A1-FollowerState] INFO  server.RaftServerConfigKeys (ConfUtils.java:logGet(44)) - raft.server.leaderelection.pre-vote = false (custom)
2021-09-05 02:14:59,383 [3bd9e3a9-14dd-46c0-953f-63403e4f7020@group-8AF7E92261A1-FollowerState] INFO  impl.RoleInfo (RoleInfo.java:updateAndGet(130)) - 3bd9e3a9-14dd-46c0-953f-63403e4f7020: start 3bd9e3a9-14dd-46c0-953f-63403e4f7020@group-8AF7E92261A1-LeaderElection9
2021-09-05 02:14:59,388 [3bd9e3a9-14dd-46c0-953f-63403e4f7020@group-8AF7E92261A1-LeaderElection9] INFO  impl.LeaderElection (LeaderElection.java:askForVotes(306)) - 3bd9e3a9-14dd-46c0-953f-63403e4f7020@group-8AF7E92261A1-LeaderElection9 ELECTION round 0: submit vote requests at term 1 for -1: [3bd9e3a9-14dd-46c0-953f-63403e4f7020|rpc:10.1.0.22:45657|priority:1], old=null
2021-09-05 02:14:59,388 [3bd9e3a9-14dd-46c0-953f-63403e4f7020@group-8AF7E92261A1-LeaderElection9] INFO  impl.LeaderElection (LeaderElection.java:askForVotes(308)) - 3bd9e3a9-14dd-46c0-953f-63403e4f7020@group-8AF7E92261A1-LeaderElection9 ELECTION round 0: result PASSED (term=1)
2021-09-05 02:14:59,388 [3bd9e3a9-14dd-46c0-953f-63403e4f7020@group-8AF7E92261A1-LeaderElection9] INFO  impl.RoleInfo (RoleInfo.java:shutdownLeaderElection(121)) - 3bd9e3a9-14dd-46c0-953f-63403e4f7020: shutdown 3bd9e3a9-14dd-46c0-953f-63403e4f7020@group-8AF7E92261A1-LeaderElection9
2021-09-05 02:14:59,388 [3bd9e3a9-14dd-46c0-953f-63403e4f7020@group-8AF7E92261A1-LeaderElection9] INFO  server.RaftServer$Division (RaftServerImpl.java:setRole(285)) - 3bd9e3a9-14dd-46c0-953f-63403e4f7020@group-8AF7E92261A1: changes role from CANDIDATE to LEADER at term 1 for changeToLeader
2021-09-05 02:14:59,389 [3bd9e3a9-14dd-46c0-953f-63403e4f7020@group-8AF7E92261A1-LeaderElection9] INFO  ratis.XceiverServerRatis (XceiverServerRatis.java:handleLeaderChangedNotification(861)) - Leader change notification received for group: group-8AF7E92261A1 with new leaderId: 3bd9e3a9-14dd-46c0-953f-63403e4f7020
2021-09-05 02:14:59,389 [3bd9e3a9-14dd-46c0-953f-63403e4f7020@group-8AF7E92261A1-LeaderElection9] INFO  server.RaftServer$Division (ServerState.java:setLeader(285)) - 3bd9e3a9-14dd-46c0-953f-63403e4f7020@group-8AF7E92261A1: change Leader from null to 3bd9e3a9-14dd-46c0-953f-63403e4f7020 at term 1 for becomeLeader, leader elected after 5197ms
2021-09-05 02:14:59,389 [3bd9e3a9-14dd-46c0-953f-63403e4f7020@group-8AF7E92261A1-LeaderElection9] INFO  server.RaftServerConfigKeys (ConfUtils.java:logGet(44)) - raft.server.staging.catchup.gap = 1000 (default)
2021-09-05 02:14:59,390 [EventQueue-OpenPipelineForHealthyPipelineSafeModeRule] INFO  safemode.SCMSafeModeManager (HealthyPipelineSafeModeRule.java:process(124)) - SCM in safe mode. Healthy pipelines reported count is 0, required healthy pipeline reported count is 1
2021-09-05 02:14:59,390 [3bd9e3a9-14dd-46c0-953f-63403e4f7020@group-8AF7E92261A1-LeaderElection9] INFO  server.RaftServerConfigKeys (ConfUtils.java:logGet(44)) - raft.server.write.element-limit = 1024 (custom)
2021-09-05 02:14:59,390 [3bd9e3a9-14dd-46c0-953f-63403e4f7020@group-8AF7E92261A1-LeaderElection9] INFO  server.RaftServerConfigKeys (ConfUtils.java:logGet(44)) - raft.server.write.byte-limit = 1024 M (=1073741824) (custom)
2021-09-05 02:14:59,391 [3bd9e3a9-14dd-46c0-953f-63403e4f7020@group-8AF7E92261A1-LeaderElection9] INFO  server.RaftServerConfigKeys (ConfUtils.java:logGet(44)) - raft.server.watch.timeout = 180s (custom)
2021-09-05 02:14:59,391 [3bd9e3a9-14dd-46c0-953f-63403e4f7020@group-8AF7E92261A1-LeaderElection9] INFO  server.RaftServerConfigKeys (ConfUtils.java:logGet(44)) - raft.server.watch.timeout.denomination = 1s (default)
2021-09-05 02:14:59,391 [3bd9e3a9-14dd-46c0-953f-63403e4f7020@group-8AF7E92261A1-LeaderElection9] INFO  server.RaftServerConfigKeys (ConfUtils.java:logGet(44)) - raft.server.watch.element-limit = 65536 (default)
2021-09-05 02:14:59,391 [3bd9e3a9-14dd-46c0-953f-63403e4f7020@group-8AF7E92261A1-LeaderElection9] INFO  impl.RoleInfo (RoleInfo.java:updateAndGet(130)) - 3bd9e3a9-14dd-46c0-953f-63403e4f7020: start 3bd9e3a9-14dd-46c0-953f-63403e4f7020@group-8AF7E92261A1-LeaderStateImpl
2021-09-05 02:14:59,391 [3bd9e3a9-14dd-46c0-953f-63403e4f7020@group-8AF7E92261A1-LeaderElection9] INFO  segmented.SegmentedRaftLogWorker (SegmentedRaftLogWorker.java:startLogSegment(394)) - 3bd9e3a9-14dd-46c0-953f-63403e4f7020@group-8AF7E92261A1-SegmentedRaftLogWorker: Starting segment from index:0
2021-09-05 02:14:59,393 [3bd9e3a9-14dd-46c0-953f-63403e4f7020@group-8AF7E92261A1-SegmentedRaftLogWorker] INFO  segmented.SegmentedRaftLogWorker (SegmentedRaftLogWorker.java:execute(601)) - 3bd9e3a9-14dd-46c0-953f-63403e4f7020@group-8AF7E92261A1-SegmentedRaftLogWorker: created new log segment /home/runner/work/ozone/ozone/hadoop-ozone/integration-test/target/test-dir/MiniOzoneClusterImpl-b9dfe4fd-d142-4c87-b19c-e6304396dee2/datanode-5/data/ratis/e8dbf395-5e90-4952-8956-8af7e92261a1/current/log_inprogress_0
2021-09-05 02:14:59,396 [3bd9e3a9-14dd-46c0-953f-63403e4f7020@group-8AF7E92261A1-LeaderElection9] INFO  server.RaftServer$Division (ServerState.java:setRaftConf(387)) - 3bd9e3a9-14dd-46c0-953f-63403e4f7020@group-8AF7E92261A1: set configuration 0: [3bd9e3a9-14dd-46c0-953f-63403e4f7020|rpc:10.1.0.22:45657|dataStream:|priority:1], old=null
2021-09-05 02:14:59,657 [EventQueue-OpenPipelineForHealthyPipelineSafeModeRule] INFO  safemode.SCMSafeModeManager (HealthyPipelineSafeModeRule.java:process(124)) - SCM in safe mode. Healthy pipelines reported count is 0, required healthy pipeline reported count is 1
2021-09-05 02:15:00,047 [ReplicationMonitor] INFO  container.ReplicationManager (ReplicationManager.java:processAll(359)) - Replication Monitor Thread took 0 milliseconds for processing 0 containers.
2021-09-05 02:15:00,190 [Listener at 127.0.0.1/38203] INFO  ozone.MiniOzoneClusterImpl (MiniOzoneClusterImpl.java:lambda$waitForClusterToBeReady$0(235)) - Nodes are ready. Got 6 of 6 DN Heartbeats.
2021-09-05 02:15:00,190 [Listener at 127.0.0.1/38203] INFO  ozone.MiniOzoneClusterImpl (MiniOzoneClusterImpl.java:lambda$waitForClusterToBeReady$0(238)) - Waiting for cluster to exit safe mode
2021-09-05 02:15:00,190 [Listener at 127.0.0.1/38203] INFO  ozone.MiniOzoneClusterImpl (MiniOzoneClusterImpl.java:lambda$waitForClusterToBeReady$0(240)) - SCM became leader
2021-09-05 02:15:00,342 [EventQueue-OpenPipelineForHealthyPipelineSafeModeRule] INFO  safemode.SCMSafeModeManager (HealthyPipelineSafeModeRule.java:process(124)) - SCM in safe mode. Healthy pipelines reported count is 0, required healthy pipeline reported count is 1
2021-09-05 02:15:00,656 [EventQueue-OpenPipelineForHealthyPipelineSafeModeRule] INFO  safemode.SCMSafeModeManager (HealthyPipelineSafeModeRule.java:process(124)) - SCM in safe mode. Healthy pipelines reported count is 0, required healthy pipeline reported count is 1
2021-09-05 02:15:00,952 [EventQueue-OpenPipelineForHealthyPipelineSafeModeRule] INFO  safemode.SCMSafeModeManager (HealthyPipelineSafeModeRule.java:process(124)) - SCM in safe mode. Healthy pipelines reported count is 0, required healthy pipeline reported count is 1
2021-09-05 02:15:01,047 [ReplicationMonitor] INFO  container.ReplicationManager (ReplicationManager.java:processAll(359)) - Replication Monitor Thread took 0 milliseconds for processing 0 containers.
2021-09-05 02:15:01,060 [EventQueue-OpenPipelineForHealthyPipelineSafeModeRule] INFO  safemode.SCMSafeModeManager (HealthyPipelineSafeModeRule.java:process(124)) - SCM in safe mode. Healthy pipelines reported count is 0, required healthy pipeline reported count is 1
2021-09-05 02:15:01,166 [EventQueue-OpenPipelineForHealthyPipelineSafeModeRule] INFO  safemode.SCMSafeModeManager (HealthyPipelineSafeModeRule.java:process(124)) - SCM in safe mode. Healthy pipelines reported count is 0, required healthy pipeline reported count is 1
2021-09-05 02:15:01,190 [Listener at 127.0.0.1/38203] INFO  ozone.MiniOzoneClusterImpl (MiniOzoneClusterImpl.java:lambda$waitForClusterToBeReady$0(235)) - Nodes are ready. Got 6 of 6 DN Heartbeats.
2021-09-05 02:15:01,190 [Listener at 127.0.0.1/38203] INFO  ozone.MiniOzoneClusterImpl (MiniOzoneClusterImpl.java:lambda$waitForClusterToBeReady$0(238)) - Waiting for cluster to exit safe mode
2021-09-05 02:15:01,190 [Listener at 127.0.0.1/38203] INFO  ozone.MiniOzoneClusterImpl (MiniOzoneClusterImpl.java:lambda$waitForClusterToBeReady$0(240)) - SCM became leader
2021-09-05 02:15:01,342 [EventQueue-OpenPipelineForHealthyPipelineSafeModeRule] INFO  safemode.SCMSafeModeManager (HealthyPipelineSafeModeRule.java:process(124)) - SCM in safe mode. Healthy pipelines reported count is 0, required healthy pipeline reported count is 1
2021-09-05 02:15:01,390 [EventQueue-OpenPipelineForHealthyPipelineSafeModeRule] INFO  safemode.SCMSafeModeManager (HealthyPipelineSafeModeRule.java:process(124)) - SCM in safe mode. Healthy pipelines reported count is 0, required healthy pipeline reported count is 1
2021-09-05 02:15:01,952 [EventQueue-OpenPipelineForHealthyPipelineSafeModeRule] INFO  safemode.SCMSafeModeManager (HealthyPipelineSafeModeRule.java:process(124)) - SCM in safe mode. Healthy pipelines reported count is 0, required healthy pipeline reported count is 1
2021-09-05 02:15:02,047 [ReplicationMonitor] INFO  container.ReplicationManager (ReplicationManager.java:processAll(359)) - Replication Monitor Thread took 1 milliseconds for processing 0 containers.
2021-09-05 02:15:02,061 [EventQueue-OpenPipelineForHealthyPipelineSafeModeRule] INFO  safemode.SCMSafeModeManager (HealthyPipelineSafeModeRule.java:process(124)) - SCM in safe mode. Healthy pipelines reported count is 0, required healthy pipeline reported count is 1
2021-09-05 02:15:02,190 [Listener at 127.0.0.1/38203] INFO  ozone.MiniOzoneClusterImpl (MiniOzoneClusterImpl.java:lambda$waitForClusterToBeReady$0(235)) - Nodes are ready. Got 6 of 6 DN Heartbeats.
2021-09-05 02:15:02,191 [Listener at 127.0.0.1/38203] INFO  ozone.MiniOzoneClusterImpl (MiniOzoneClusterImpl.java:lambda$waitForClusterToBeReady$0(238)) - Waiting for cluster to exit safe mode
2021-09-05 02:15:02,191 [Listener at 127.0.0.1/38203] INFO  ozone.MiniOzoneClusterImpl (MiniOzoneClusterImpl.java:lambda$waitForClusterToBeReady$0(240)) - SCM became leader
2021-09-05 02:15:02,390 [EventQueue-OpenPipelineForHealthyPipelineSafeModeRule] INFO  safemode.SCMSafeModeManager (HealthyPipelineSafeModeRule.java:process(124)) - SCM in safe mode. Healthy pipelines reported count is 0, required healthy pipeline reported count is 1
2021-09-05 02:15:02,656 [EventQueue-OpenPipelineForHealthyPipelineSafeModeRule] INFO  safemode.SCMSafeModeManager (HealthyPipelineSafeModeRule.java:process(124)) - SCM in safe mode. Healthy pipelines reported count is 0, required healthy pipeline reported count is 1
2021-09-05 02:15:03,048 [ReplicationMonitor] INFO  container.ReplicationManager (ReplicationManager.java:processAll(359)) - Replication Monitor Thread took 0 milliseconds for processing 0 containers.
2021-09-05 02:15:03,165 [EventQueue-OpenPipelineForHealthyPipelineSafeModeRule] INFO  safemode.SCMSafeModeManager (HealthyPipelineSafeModeRule.java:process(124)) - SCM in safe mode. Healthy pipelines reported count is 0, required healthy pipeline reported count is 1
2021-09-05 02:15:03,182 [051433ed-f0f3-4e10-b303-9534300925a9@group-D658D3A0F6D4-FollowerState] INFO  impl.FollowerState (FollowerState.java:run(134)) - 051433ed-f0f3-4e10-b303-9534300925a9@group-D658D3A0F6D4-FollowerState: change to CANDIDATE, lastRpcElapsedTime:5064462319ns, electionTimeout:5063ms
2021-09-05 02:15:03,183 [051433ed-f0f3-4e10-b303-9534300925a9@group-D658D3A0F6D4-FollowerState] INFO  impl.RoleInfo (RoleInfo.java:shutdownFollowerState(108)) - 051433ed-f0f3-4e10-b303-9534300925a9: shutdown 051433ed-f0f3-4e10-b303-9534300925a9@group-D658D3A0F6D4-FollowerState
2021-09-05 02:15:03,183 [051433ed-f0f3-4e10-b303-9534300925a9@group-D658D3A0F6D4-FollowerState] INFO  server.RaftServer$Division (RaftServerImpl.java:setRole(285)) - 051433ed-f0f3-4e10-b303-9534300925a9@group-D658D3A0F6D4: changes role from  FOLLOWER to CANDIDATE at term 1 for changeToCandidate
2021-09-05 02:15:03,183 [051433ed-f0f3-4e10-b303-9534300925a9@group-D658D3A0F6D4-FollowerState] INFO  server.RaftServerConfigKeys (ConfUtils.java:logGet(44)) - raft.server.leaderelection.pre-vote = false (custom)
2021-09-05 02:15:03,183 [051433ed-f0f3-4e10-b303-9534300925a9@group-D658D3A0F6D4-FollowerState] INFO  impl.RoleInfo (RoleInfo.java:updateAndGet(130)) - 051433ed-f0f3-4e10-b303-9534300925a9: start 051433ed-f0f3-4e10-b303-9534300925a9@group-D658D3A0F6D4-LeaderElection10
2021-09-05 02:15:03,188 [051433ed-f0f3-4e10-b303-9534300925a9@group-D658D3A0F6D4-LeaderElection10] INFO  impl.LeaderElection (LeaderElection.java:askForVotes(306)) - 051433ed-f0f3-4e10-b303-9534300925a9@group-D658D3A0F6D4-LeaderElection10 ELECTION round 0: submit vote requests at term 2 for -1: [1374024b-188e-4a27-8b68-8945fec70172|rpc:10.1.0.22:45107|priority:0, 164a5057-06fc-470a-866e-2459acc1ca75|rpc:10.1.0.22:42029|priority:1, 051433ed-f0f3-4e10-b303-9534300925a9|rpc:10.1.0.22:36003|priority:0], old=null
2021-09-05 02:15:03,191 [Listener at 127.0.0.1/38203] INFO  ozone.MiniOzoneClusterImpl (MiniOzoneClusterImpl.java:lambda$waitForClusterToBeReady$0(235)) - Nodes are ready. Got 6 of 6 DN Heartbeats.
2021-09-05 02:15:03,191 [Listener at 127.0.0.1/38203] INFO  ozone.MiniOzoneClusterImpl (MiniOzoneClusterImpl.java:lambda$waitForClusterToBeReady$0(238)) - Waiting for cluster to exit safe mode
2021-09-05 02:15:03,191 [Listener at 127.0.0.1/38203] INFO  ozone.MiniOzoneClusterImpl (MiniOzoneClusterImpl.java:lambda$waitForClusterToBeReady$0(240)) - SCM became leader
2021-09-05 02:15:03,192 [grpc-default-executor-1] INFO  server.RaftServer$Division (RaftServerImpl.java:requestVote(1043)) - 1374024b-188e-4a27-8b68-8945fec70172@group-D658D3A0F6D4: receive requestVote(ELECTION, 051433ed-f0f3-4e10-b303-9534300925a9, group-D658D3A0F6D4, 2, (t:0, i:0))
2021-09-05 02:15:03,192 [grpc-default-executor-1] INFO  impl.VoteContext (VoteContext.java:log(48)) - 1374024b-188e-4a27-8b68-8945fec70172@group-D658D3A0F6D4-FOLLOWER: accept ELECTION from 051433ed-f0f3-4e10-b303-9534300925a9: our priority 0 <= candidate's priority 0
2021-09-05 02:15:03,193 [grpc-default-executor-1] INFO  server.RaftServer$Division (RaftServerImpl.java:setRole(285)) - 1374024b-188e-4a27-8b68-8945fec70172@group-D658D3A0F6D4: changes role from  FOLLOWER to FOLLOWER at term 2 for candidate:051433ed-f0f3-4e10-b303-9534300925a9
2021-09-05 02:15:03,193 [grpc-default-executor-1] INFO  impl.RoleInfo (RoleInfo.java:shutdownFollowerState(108)) - 1374024b-188e-4a27-8b68-8945fec70172: shutdown 1374024b-188e-4a27-8b68-8945fec70172@group-D658D3A0F6D4-FollowerState
2021-09-05 02:15:03,193 [grpc-default-executor-1] INFO  impl.RoleInfo (RoleInfo.java:updateAndGet(130)) - 1374024b-188e-4a27-8b68-8945fec70172: start 1374024b-188e-4a27-8b68-8945fec70172@group-D658D3A0F6D4-FollowerState
2021-09-05 02:15:03,193 [1374024b-188e-4a27-8b68-8945fec70172@group-D658D3A0F6D4-FollowerState] INFO  impl.FollowerState (FollowerState.java:run(143)) - 1374024b-188e-4a27-8b68-8945fec70172@group-D658D3A0F6D4-FollowerState was interrupted: {}
java.lang.InterruptedException: sleep interrupted
	at java.lang.Thread.sleep(Native Method)
	at java.lang.Thread.sleep(Thread.java:340)
	at java.util.concurrent.TimeUnit.sleep(TimeUnit.java:386)
	at org.apache.ratis.util.TimeDuration.sleep(TimeDuration.java:324)
	at org.apache.ratis.util.TimeDuration.sleep(TimeDuration.java:309)
	at org.apache.ratis.server.impl.FollowerState.run(FollowerState.java:118)
2021-09-05 02:15:03,199 [grpc-default-executor-1] INFO  server.RaftServer$Division (RaftServerImpl.java:requestVote(1075)) - 1374024b-188e-4a27-8b68-8945fec70172@group-D658D3A0F6D4 replies to ELECTION vote request: 051433ed-f0f3-4e10-b303-9534300925a9<-1374024b-188e-4a27-8b68-8945fec70172#0:OK-t2. Peer's state: 1374024b-188e-4a27-8b68-8945fec70172@group-D658D3A0F6D4:t2, leader=null, voted=051433ed-f0f3-4e10-b303-9534300925a9, raftlog=1374024b-188e-4a27-8b68-8945fec70172@group-D658D3A0F6D4-SegmentedRaftLog:OPENED:c-1,f-1,i0, conf=-1: [1374024b-188e-4a27-8b68-8945fec70172|rpc:10.1.0.22:45107|priority:0, 164a5057-06fc-470a-866e-2459acc1ca75|rpc:10.1.0.22:42029|priority:1, 051433ed-f0f3-4e10-b303-9534300925a9|rpc:10.1.0.22:36003|priority:0], old=null
2021-09-05 02:15:03,201 [grpc-default-executor-0] INFO  server.RaftServer$Division (RaftServerImpl.java:requestVote(1043)) - 164a5057-06fc-470a-866e-2459acc1ca75@group-D658D3A0F6D4: receive requestVote(ELECTION, 051433ed-f0f3-4e10-b303-9534300925a9, group-D658D3A0F6D4, 2, (t:0, i:0))
2021-09-05 02:15:03,201 [grpc-default-executor-0] INFO  impl.VoteContext (VoteContext.java:log(48)) - 164a5057-06fc-470a-866e-2459acc1ca75@group-D658D3A0F6D4-FOLLOWER: reject ELECTION from 051433ed-f0f3-4e10-b303-9534300925a9: our priority 1 > candidate's priority 0
2021-09-05 02:15:03,201 [grpc-default-executor-0] INFO  server.RaftServer$Division (RaftServerImpl.java:setRole(285)) - 164a5057-06fc-470a-866e-2459acc1ca75@group-D658D3A0F6D4: changes role from  FOLLOWER to FOLLOWER at term 2 for candidate:051433ed-f0f3-4e10-b303-9534300925a9
2021-09-05 02:15:03,201 [grpc-default-executor-0] INFO  impl.RoleInfo (RoleInfo.java:shutdownFollowerState(108)) - 164a5057-06fc-470a-866e-2459acc1ca75: shutdown 164a5057-06fc-470a-866e-2459acc1ca75@group-D658D3A0F6D4-FollowerState
2021-09-05 02:15:03,201 [grpc-default-executor-0] INFO  impl.RoleInfo (RoleInfo.java:updateAndGet(130)) - 164a5057-06fc-470a-866e-2459acc1ca75: start 164a5057-06fc-470a-866e-2459acc1ca75@group-D658D3A0F6D4-FollowerState
2021-09-05 02:15:03,201 [164a5057-06fc-470a-866e-2459acc1ca75@group-D658D3A0F6D4-FollowerState] INFO  impl.FollowerState (FollowerState.java:run(143)) - 164a5057-06fc-470a-866e-2459acc1ca75@group-D658D3A0F6D4-FollowerState was interrupted: {}
java.lang.InterruptedException: sleep interrupted
	at java.lang.Thread.sleep(Native Method)
	at java.lang.Thread.sleep(Thread.java:340)
	at java.util.concurrent.TimeUnit.sleep(TimeUnit.java:386)
	at org.apache.ratis.util.TimeDuration.sleep(TimeDuration.java:324)
	at org.apache.ratis.util.TimeDuration.sleep(TimeDuration.java:309)
	at org.apache.ratis.server.impl.FollowerState.run(FollowerState.java:118)
2021-09-05 02:15:03,203 [grpc-default-executor-0] INFO  server.RaftServer$Division (RaftServerImpl.java:requestVote(1075)) - 164a5057-06fc-470a-866e-2459acc1ca75@group-D658D3A0F6D4 replies to ELECTION vote request: 051433ed-f0f3-4e10-b303-9534300925a9<-164a5057-06fc-470a-866e-2459acc1ca75#0:FAIL-t2. Peer's state: 164a5057-06fc-470a-866e-2459acc1ca75@group-D658D3A0F6D4:t2, leader=null, voted=null, raftlog=164a5057-06fc-470a-866e-2459acc1ca75@group-D658D3A0F6D4-SegmentedRaftLog:OPENED:c-1,f-1,i0, conf=-1: [1374024b-188e-4a27-8b68-8945fec70172|rpc:10.1.0.22:45107|dataStream:|priority:0, 164a5057-06fc-470a-866e-2459acc1ca75|rpc:10.1.0.22:42029|dataStream:|priority:1, 051433ed-f0f3-4e10-b303-9534300925a9|rpc:10.1.0.22:36003|dataStream:|priority:0], old=null
2021-09-05 02:15:03,204 [051433ed-f0f3-4e10-b303-9534300925a9@group-D658D3A0F6D4-LeaderElection10] INFO  impl.LeaderElection (LeaderElection.java:logAndReturn(89)) - 051433ed-f0f3-4e10-b303-9534300925a9@group-D658D3A0F6D4-LeaderElection10: ELECTION REJECTED received 2 response(s) and 0 exception(s):
2021-09-05 02:15:03,204 [051433ed-f0f3-4e10-b303-9534300925a9@group-D658D3A0F6D4-LeaderElection10] INFO  impl.LeaderElection (LeaderElection.java:logAndReturn(93)) -   Response 0: 051433ed-f0f3-4e10-b303-9534300925a9<-1374024b-188e-4a27-8b68-8945fec70172#0:OK-t2
2021-09-05 02:15:03,205 [051433ed-f0f3-4e10-b303-9534300925a9@group-D658D3A0F6D4-LeaderElection10] INFO  impl.LeaderElection (LeaderElection.java:logAndReturn(93)) -   Response 1: 051433ed-f0f3-4e10-b303-9534300925a9<-164a5057-06fc-470a-866e-2459acc1ca75#0:FAIL-t2
2021-09-05 02:15:03,205 [051433ed-f0f3-4e10-b303-9534300925a9@group-D658D3A0F6D4-LeaderElection10] INFO  impl.LeaderElection (LeaderElection.java:askForVotes(308)) - 051433ed-f0f3-4e10-b303-9534300925a9@group-D658D3A0F6D4-LeaderElection10 ELECTION round 0: result REJECTED
2021-09-05 02:15:03,205 [051433ed-f0f3-4e10-b303-9534300925a9@group-D658D3A0F6D4-LeaderElection10] INFO  server.RaftServer$Division (RaftServerImpl.java:setRole(285)) - 051433ed-f0f3-4e10-b303-9534300925a9@group-D658D3A0F6D4: changes role from CANDIDATE to FOLLOWER at term 2 for REJECTED
2021-09-05 02:15:03,205 [051433ed-f0f3-4e10-b303-9534300925a9@group-D658D3A0F6D4-LeaderElection10] INFO  impl.RoleInfo (RoleInfo.java:shutdownLeaderElection(121)) - 051433ed-f0f3-4e10-b303-9534300925a9: shutdown 051433ed-f0f3-4e10-b303-9534300925a9@group-D658D3A0F6D4-LeaderElection10
2021-09-05 02:15:03,205 [051433ed-f0f3-4e10-b303-9534300925a9@group-D658D3A0F6D4-LeaderElection10] INFO  impl.RoleInfo (RoleInfo.java:updateAndGet(130)) - 051433ed-f0f3-4e10-b303-9534300925a9: start 051433ed-f0f3-4e10-b303-9534300925a9@group-D658D3A0F6D4-FollowerState
2021-09-05 02:15:03,342 [EventQueue-OpenPipelineForHealthyPipelineSafeModeRule] INFO  safemode.SCMSafeModeManager (HealthyPipelineSafeModeRule.java:process(124)) - SCM in safe mode. Healthy pipelines reported count is 0, required healthy pipeline reported count is 1
2021-09-05 02:15:03,890 [3bd9e3a9-14dd-46c0-953f-63403e4f7020@group-6A133F983057-FollowerState] INFO  impl.FollowerState (FollowerState.java:run(134)) - 3bd9e3a9-14dd-46c0-953f-63403e4f7020@group-6A133F983057-FollowerState: change to CANDIDATE, lastRpcElapsedTime:5021602942ns, electionTimeout:5015ms
2021-09-05 02:15:03,891 [3bd9e3a9-14dd-46c0-953f-63403e4f7020@group-6A133F983057-FollowerState] INFO  impl.RoleInfo (RoleInfo.java:shutdownFollowerState(108)) - 3bd9e3a9-14dd-46c0-953f-63403e4f7020: shutdown 3bd9e3a9-14dd-46c0-953f-63403e4f7020@group-6A133F983057-FollowerState
2021-09-05 02:15:03,891 [3bd9e3a9-14dd-46c0-953f-63403e4f7020@group-6A133F983057-FollowerState] INFO  server.RaftServer$Division (RaftServerImpl.java:setRole(285)) - 3bd9e3a9-14dd-46c0-953f-63403e4f7020@group-6A133F983057: changes role from  FOLLOWER to CANDIDATE at term 1 for changeToCandidate
2021-09-05 02:15:03,891 [3bd9e3a9-14dd-46c0-953f-63403e4f7020@group-6A133F983057-FollowerState] INFO  server.RaftServerConfigKeys (ConfUtils.java:logGet(44)) - raft.server.leaderelection.pre-vote = false (custom)
2021-09-05 02:15:03,891 [3bd9e3a9-14dd-46c0-953f-63403e4f7020@group-6A133F983057-FollowerState] INFO  impl.RoleInfo (RoleInfo.java:updateAndGet(130)) - 3bd9e3a9-14dd-46c0-953f-63403e4f7020: start 3bd9e3a9-14dd-46c0-953f-63403e4f7020@group-6A133F983057-LeaderElection11
2021-09-05 02:15:03,890 [107e36cc-fe8a-481c-a932-f36b6ede4996@group-6A133F983057-FollowerState] INFO  impl.FollowerState (FollowerState.java:run(134)) - 107e36cc-fe8a-481c-a932-f36b6ede4996@group-6A133F983057-FollowerState: change to CANDIDATE, lastRpcElapsedTime:5021969647ns, electionTimeout:5012ms
2021-09-05 02:15:03,891 [107e36cc-fe8a-481c-a932-f36b6ede4996@group-6A133F983057-FollowerState] INFO  impl.RoleInfo (RoleInfo.java:shutdownFollowerState(108)) - 107e36cc-fe8a-481c-a932-f36b6ede4996: shutdown 107e36cc-fe8a-481c-a932-f36b6ede4996@group-6A133F983057-FollowerState
2021-09-05 02:15:03,891 [107e36cc-fe8a-481c-a932-f36b6ede4996@group-6A133F983057-FollowerState] INFO  server.RaftServer$Division (RaftServerImpl.java:setRole(285)) - 107e36cc-fe8a-481c-a932-f36b6ede4996@group-6A133F983057: changes role from  FOLLOWER to CANDIDATE at term 1 for changeToCandidate
2021-09-05 02:15:03,891 [107e36cc-fe8a-481c-a932-f36b6ede4996@group-6A133F983057-FollowerState] INFO  server.RaftServerConfigKeys (ConfUtils.java:logGet(44)) - raft.server.leaderelection.pre-vote = false (custom)
2021-09-05 02:15:03,896 [107e36cc-fe8a-481c-a932-f36b6ede4996@group-6A133F983057-FollowerState] INFO  impl.RoleInfo (RoleInfo.java:updateAndGet(130)) - 107e36cc-fe8a-481c-a932-f36b6ede4996: start 107e36cc-fe8a-481c-a932-f36b6ede4996@group-6A133F983057-LeaderElection12
2021-09-05 02:15:03,902 [3bd9e3a9-14dd-46c0-953f-63403e4f7020@group-6A133F983057-LeaderElection11] INFO  impl.LeaderElection (LeaderElection.java:askForVotes(306)) - 3bd9e3a9-14dd-46c0-953f-63403e4f7020@group-6A133F983057-LeaderElection11 ELECTION round 0: submit vote requests at term 2 for -1: [107e36cc-fe8a-481c-a932-f36b6ede4996|rpc:10.1.0.22:41403|dataStream:|priority:0, c9529fe3-953b-4ef8-a4b7-44d7a8ee90ff|rpc:10.1.0.22:36459|dataStream:|priority:1, 3bd9e3a9-14dd-46c0-953f-63403e4f7020|rpc:10.1.0.22:45657|dataStream:|priority:0], old=null
2021-09-05 02:15:03,902 [107e36cc-fe8a-481c-a932-f36b6ede4996@group-6A133F983057-LeaderElection12] INFO  impl.LeaderElection (LeaderElection.java:askForVotes(306)) - 107e36cc-fe8a-481c-a932-f36b6ede4996@group-6A133F983057-LeaderElection12 ELECTION round 0: submit vote requests at term 2 for -1: [107e36cc-fe8a-481c-a932-f36b6ede4996|rpc:10.1.0.22:41403|priority:0, c9529fe3-953b-4ef8-a4b7-44d7a8ee90ff|rpc:10.1.0.22:36459|priority:1, 3bd9e3a9-14dd-46c0-953f-63403e4f7020|rpc:10.1.0.22:45657|priority:0], old=null
2021-09-05 02:15:03,914 [grpc-default-executor-0] INFO  server.RaftServer$Division (RaftServerImpl.java:requestVote(1043)) - c9529fe3-953b-4ef8-a4b7-44d7a8ee90ff@group-6A133F983057: receive requestVote(ELECTION, 107e36cc-fe8a-481c-a932-f36b6ede4996, group-6A133F983057, 2, (t:0, i:0))
2021-09-05 02:15:03,915 [grpc-default-executor-0] INFO  impl.VoteContext (VoteContext.java:log(48)) - c9529fe3-953b-4ef8-a4b7-44d7a8ee90ff@group-6A133F983057-FOLLOWER: reject ELECTION from 107e36cc-fe8a-481c-a932-f36b6ede4996: our priority 1 > candidate's priority 0
2021-09-05 02:15:03,915 [grpc-default-executor-0] INFO  server.RaftServer$Division (RaftServerImpl.java:setRole(285)) - c9529fe3-953b-4ef8-a4b7-44d7a8ee90ff@group-6A133F983057: changes role from  FOLLOWER to FOLLOWER at term 2 for candidate:107e36cc-fe8a-481c-a932-f36b6ede4996
2021-09-05 02:15:03,915 [grpc-default-executor-0] INFO  impl.RoleInfo (RoleInfo.java:shutdownFollowerState(108)) - c9529fe3-953b-4ef8-a4b7-44d7a8ee90ff: shutdown c9529fe3-953b-4ef8-a4b7-44d7a8ee90ff@group-6A133F983057-FollowerState
2021-09-05 02:15:03,915 [grpc-default-executor-0] INFO  impl.RoleInfo (RoleInfo.java:updateAndGet(130)) - c9529fe3-953b-4ef8-a4b7-44d7a8ee90ff: start c9529fe3-953b-4ef8-a4b7-44d7a8ee90ff@group-6A133F983057-FollowerState
2021-09-05 02:15:03,915 [c9529fe3-953b-4ef8-a4b7-44d7a8ee90ff@group-6A133F983057-FollowerState] INFO  impl.FollowerState (FollowerState.java:run(143)) - c9529fe3-953b-4ef8-a4b7-44d7a8ee90ff@group-6A133F983057-FollowerState was interrupted: {}
java.lang.InterruptedException: sleep interrupted
	at java.lang.Thread.sleep(Native Method)
	at java.lang.Thread.sleep(Thread.java:340)
	at java.util.concurrent.TimeUnit.sleep(TimeUnit.java:386)
	at org.apache.ratis.util.TimeDuration.sleep(TimeDuration.java:324)
	at org.apache.ratis.util.TimeDuration.sleep(TimeDuration.java:309)
	at org.apache.ratis.server.impl.FollowerState.run(FollowerState.java:118)
2021-09-05 02:15:03,920 [grpc-default-executor-0] INFO  server.RaftServer$Division (RaftServerImpl.java:requestVote(1075)) - c9529fe3-953b-4ef8-a4b7-44d7a8ee90ff@group-6A133F983057 replies to ELECTION vote request: 107e36cc-fe8a-481c-a932-f36b6ede4996<-c9529fe3-953b-4ef8-a4b7-44d7a8ee90ff#0:FAIL-t2. Peer's state: c9529fe3-953b-4ef8-a4b7-44d7a8ee90ff@group-6A133F983057:t2, leader=null, voted=null, raftlog=c9529fe3-953b-4ef8-a4b7-44d7a8ee90ff@group-6A133F983057-SegmentedRaftLog:OPENED:c-1,f-1,i0, conf=-1: [107e36cc-fe8a-481c-a932-f36b6ede4996|rpc:10.1.0.22:41403|dataStream:|priority:0, c9529fe3-953b-4ef8-a4b7-44d7a8ee90ff|rpc:10.1.0.22:36459|dataStream:|priority:1, 3bd9e3a9-14dd-46c0-953f-63403e4f7020|rpc:10.1.0.22:45657|dataStream:|priority:0], old=null
2021-09-05 02:15:03,926 [grpc-default-executor-1] INFO  server.RaftServer$Division (RaftServerImpl.java:requestVote(1043)) - 107e36cc-fe8a-481c-a932-f36b6ede4996@group-6A133F983057: receive requestVote(ELECTION, 3bd9e3a9-14dd-46c0-953f-63403e4f7020, group-6A133F983057, 2, (t:0, i:0))
2021-09-05 02:15:03,926 [grpc-default-executor-1] INFO  impl.VoteContext (VoteContext.java:log(48)) - 107e36cc-fe8a-481c-a932-f36b6ede4996@group-6A133F983057-CANDIDATE: reject ELECTION from 3bd9e3a9-14dd-46c0-953f-63403e4f7020: already has voted for 107e36cc-fe8a-481c-a932-f36b6ede4996 at current term 2
2021-09-05 02:15:03,926 [grpc-default-executor-1] INFO  server.RaftServer$Division (RaftServerImpl.java:requestVote(1075)) - 107e36cc-fe8a-481c-a932-f36b6ede4996@group-6A133F983057 replies to ELECTION vote request: 3bd9e3a9-14dd-46c0-953f-63403e4f7020<-107e36cc-fe8a-481c-a932-f36b6ede4996#0:FAIL-t2. Peer's state: 107e36cc-fe8a-481c-a932-f36b6ede4996@group-6A133F983057:t2, leader=null, voted=107e36cc-fe8a-481c-a932-f36b6ede4996, raftlog=107e36cc-fe8a-481c-a932-f36b6ede4996@group-6A133F983057-SegmentedRaftLog:OPENED:c-1,f-1,i0, conf=-1: [107e36cc-fe8a-481c-a932-f36b6ede4996|rpc:10.1.0.22:41403|priority:0, c9529fe3-953b-4ef8-a4b7-44d7a8ee90ff|rpc:10.1.0.22:36459|priority:1, 3bd9e3a9-14dd-46c0-953f-63403e4f7020|rpc:10.1.0.22:45657|priority:0], old=null
2021-09-05 02:15:03,929 [107e36cc-fe8a-481c-a932-f36b6ede4996@group-6A133F983057-LeaderElection12] INFO  impl.LeaderElection (LeaderElection.java:logAndReturn(89)) - 107e36cc-fe8a-481c-a932-f36b6ede4996@group-6A133F983057-LeaderElection12: ELECTION REJECTED received 1 response(s) and 0 exception(s):
2021-09-05 02:15:03,929 [107e36cc-fe8a-481c-a932-f36b6ede4996@group-6A133F983057-LeaderElection12] INFO  impl.LeaderElection (LeaderElection.java:logAndReturn(93)) -   Response 0: 107e36cc-fe8a-481c-a932-f36b6ede4996<-c9529fe3-953b-4ef8-a4b7-44d7a8ee90ff#0:FAIL-t2
2021-09-05 02:15:03,929 [107e36cc-fe8a-481c-a932-f36b6ede4996@group-6A133F983057-LeaderElection12] INFO  impl.LeaderElection (LeaderElection.java:askForVotes(308)) - 107e36cc-fe8a-481c-a932-f36b6ede4996@group-6A133F983057-LeaderElection12 ELECTION round 0: result REJECTED
2021-09-05 02:15:03,929 [107e36cc-fe8a-481c-a932-f36b6ede4996@group-6A133F983057-LeaderElection12] INFO  server.RaftServer$Division (RaftServerImpl.java:setRole(285)) - 107e36cc-fe8a-481c-a932-f36b6ede4996@group-6A133F983057: changes role from CANDIDATE to FOLLOWER at term 2 for REJECTED
2021-09-05 02:15:03,929 [107e36cc-fe8a-481c-a932-f36b6ede4996@group-6A133F983057-LeaderElection12] INFO  impl.RoleInfo (RoleInfo.java:shutdownLeaderElection(121)) - 107e36cc-fe8a-481c-a932-f36b6ede4996: shutdown 107e36cc-fe8a-481c-a932-f36b6ede4996@group-6A133F983057-LeaderElection12
2021-09-05 02:15:03,929 [107e36cc-fe8a-481c-a932-f36b6ede4996@group-6A133F983057-LeaderElection12] INFO  impl.RoleInfo (RoleInfo.java:updateAndGet(130)) - 107e36cc-fe8a-481c-a932-f36b6ede4996: start 107e36cc-fe8a-481c-a932-f36b6ede4996@group-6A133F983057-FollowerState
2021-09-05 02:15:03,929 [grpc-default-executor-0] INFO  server.RaftServer$Division (RaftServerImpl.java:requestVote(1043)) - 3bd9e3a9-14dd-46c0-953f-63403e4f7020@group-6A133F983057: receive requestVote(ELECTION, 107e36cc-fe8a-481c-a932-f36b6ede4996, group-6A133F983057, 2, (t:0, i:0))
2021-09-05 02:15:03,938 [grpc-default-executor-0] INFO  impl.VoteContext (VoteContext.java:log(48)) - 3bd9e3a9-14dd-46c0-953f-63403e4f7020@group-6A133F983057-CANDIDATE: reject ELECTION from 107e36cc-fe8a-481c-a932-f36b6ede4996: already has voted for 3bd9e3a9-14dd-46c0-953f-63403e4f7020 at current term 2
2021-09-05 02:15:03,938 [grpc-default-executor-0] INFO  server.RaftServer$Division (RaftServerImpl.java:requestVote(1075)) - 3bd9e3a9-14dd-46c0-953f-63403e4f7020@group-6A133F983057 replies to ELECTION vote request: 107e36cc-fe8a-481c-a932-f36b6ede4996<-3bd9e3a9-14dd-46c0-953f-63403e4f7020#0:FAIL-t2. Peer's state: 3bd9e3a9-14dd-46c0-953f-63403e4f7020@group-6A133F983057:t2, leader=null, voted=3bd9e3a9-14dd-46c0-953f-63403e4f7020, raftlog=3bd9e3a9-14dd-46c0-953f-63403e4f7020@group-6A133F983057-SegmentedRaftLog:OPENED:c-1,f-1,i0, conf=-1: [107e36cc-fe8a-481c-a932-f36b6ede4996|rpc:10.1.0.22:41403|dataStream:|priority:0, c9529fe3-953b-4ef8-a4b7-44d7a8ee90ff|rpc:10.1.0.22:36459|dataStream:|priority:1, 3bd9e3a9-14dd-46c0-953f-63403e4f7020|rpc:10.1.0.22:45657|dataStream:|priority:0], old=null
2021-09-05 02:15:03,930 [grpc-default-executor-2] INFO  server.RaftServer$Division (RaftServerImpl.java:requestVote(1043)) - c9529fe3-953b-4ef8-a4b7-44d7a8ee90ff@group-6A133F983057: receive requestVote(ELECTION, 3bd9e3a9-14dd-46c0-953f-63403e4f7020, group-6A133F983057, 2, (t:0, i:0))
2021-09-05 02:15:03,941 [grpc-default-executor-2] INFO  impl.VoteContext (VoteContext.java:log(48)) - c9529fe3-953b-4ef8-a4b7-44d7a8ee90ff@group-6A133F983057-FOLLOWER: reject ELECTION from 3bd9e3a9-14dd-46c0-953f-63403e4f7020: our priority 1 > candidate's priority 0
2021-09-05 02:15:03,941 [grpc-default-executor-2] INFO  server.RaftServer$Division (RaftServerImpl.java:setRole(285)) - c9529fe3-953b-4ef8-a4b7-44d7a8ee90ff@group-6A133F983057: changes role from  FOLLOWER to FOLLOWER at term 2 for candidate:3bd9e3a9-14dd-46c0-953f-63403e4f7020
2021-09-05 02:15:03,942 [grpc-default-executor-2] INFO  impl.RoleInfo (RoleInfo.java:shutdownFollowerState(108)) - c9529fe3-953b-4ef8-a4b7-44d7a8ee90ff: shutdown c9529fe3-953b-4ef8-a4b7-44d7a8ee90ff@group-6A133F983057-FollowerState
2021-09-05 02:15:03,942 [c9529fe3-953b-4ef8-a4b7-44d7a8ee90ff@group-6A133F983057-FollowerState] INFO  impl.FollowerState (FollowerState.java:run(143)) - c9529fe3-953b-4ef8-a4b7-44d7a8ee90ff@group-6A133F983057-FollowerState was interrupted: {}
java.lang.InterruptedException: sleep interrupted
	at java.lang.Thread.sleep(Native Method)
	at java.lang.Thread.sleep(Thread.java:340)
	at java.util.concurrent.TimeUnit.sleep(TimeUnit.java:386)
	at org.apache.ratis.util.TimeDuration.sleep(TimeDuration.java:324)
	at org.apache.ratis.util.TimeDuration.sleep(TimeDuration.java:309)
	at org.apache.ratis.server.impl.FollowerState.run(FollowerState.java:118)
2021-09-05 02:15:03,943 [grpc-default-executor-2] INFO  impl.RoleInfo (RoleInfo.java:updateAndGet(130)) - c9529fe3-953b-4ef8-a4b7-44d7a8ee90ff: start c9529fe3-953b-4ef8-a4b7-44d7a8ee90ff@group-6A133F983057-FollowerState
2021-09-05 02:15:03,944 [grpc-default-executor-2] INFO  server.RaftServer$Division (RaftServerImpl.java:requestVote(1075)) - c9529fe3-953b-4ef8-a4b7-44d7a8ee90ff@group-6A133F983057 replies to ELECTION vote request: 3bd9e3a9-14dd-46c0-953f-63403e4f7020<-c9529fe3-953b-4ef8-a4b7-44d7a8ee90ff#0:FAIL-t2. Peer's state: c9529fe3-953b-4ef8-a4b7-44d7a8ee90ff@group-6A133F983057:t2, leader=null, voted=null, raftlog=c9529fe3-953b-4ef8-a4b7-44d7a8ee90ff@group-6A133F983057-SegmentedRaftLog:OPENED:c-1,f-1,i0, conf=-1: [107e36cc-fe8a-481c-a932-f36b6ede4996|rpc:10.1.0.22:41403|dataStream:|priority:0, c9529fe3-953b-4ef8-a4b7-44d7a8ee90ff|rpc:10.1.0.22:36459|dataStream:|priority:1, 3bd9e3a9-14dd-46c0-953f-63403e4f7020|rpc:10.1.0.22:45657|dataStream:|priority:0], old=null
2021-09-05 02:15:03,947 [3bd9e3a9-14dd-46c0-953f-63403e4f7020@group-6A133F983057-LeaderElection11] INFO  impl.LeaderElection (LeaderElection.java:logAndReturn(89)) - 3bd9e3a9-14dd-46c0-953f-63403e4f7020@group-6A133F983057-LeaderElection11: ELECTION REJECTED received 2 response(s) and 0 exception(s):
2021-09-05 02:15:03,947 [3bd9e3a9-14dd-46c0-953f-63403e4f7020@group-6A133F983057-LeaderElection11] INFO  impl.LeaderElection (LeaderElection.java:logAndReturn(93)) -   Response 0: 3bd9e3a9-14dd-46c0-953f-63403e4f7020<-107e36cc-fe8a-481c-a932-f36b6ede4996#0:FAIL-t2
2021-09-05 02:15:03,947 [3bd9e3a9-14dd-46c0-953f-63403e4f7020@group-6A133F983057-LeaderElection11] INFO  impl.LeaderElection (LeaderElection.java:logAndReturn(93)) -   Response 1: 3bd9e3a9-14dd-46c0-953f-63403e4f7020<-c9529fe3-953b-4ef8-a4b7-44d7a8ee90ff#0:FAIL-t2
2021-09-05 02:15:03,947 [3bd9e3a9-14dd-46c0-953f-63403e4f7020@group-6A133F983057-LeaderElection11] INFO  impl.LeaderElection (LeaderElection.java:askForVotes(308)) - 3bd9e3a9-14dd-46c0-953f-63403e4f7020@group-6A133F983057-LeaderElection11 ELECTION round 0: result REJECTED
2021-09-05 02:15:03,947 [3bd9e3a9-14dd-46c0-953f-63403e4f7020@group-6A133F983057-LeaderElection11] INFO  server.RaftServer$Division (RaftServerImpl.java:setRole(285)) - 3bd9e3a9-14dd-46c0-953f-63403e4f7020@group-6A133F983057: changes role from CANDIDATE to FOLLOWER at term 2 for REJECTED
2021-09-05 02:15:03,947 [3bd9e3a9-14dd-46c0-953f-63403e4f7020@group-6A133F983057-LeaderElection11] INFO  impl.RoleInfo (RoleInfo.java:shutdownLeaderElection(121)) - 3bd9e3a9-14dd-46c0-953f-63403e4f7020: shutdown 3bd9e3a9-14dd-46c0-953f-63403e4f7020@group-6A133F983057-LeaderElection11
2021-09-05 02:15:03,947 [3bd9e3a9-14dd-46c0-953f-63403e4f7020@group-6A133F983057-LeaderElection11] INFO  impl.RoleInfo (RoleInfo.java:updateAndGet(130)) - 3bd9e3a9-14dd-46c0-953f-63403e4f7020: start 3bd9e3a9-14dd-46c0-953f-63403e4f7020@group-6A133F983057-FollowerState
2021-09-05 02:15:03,951 [EventQueue-OpenPipelineForHealthyPipelineSafeModeRule] INFO  safemode.SCMSafeModeManager (HealthyPipelineSafeModeRule.java:process(124)) - SCM in safe mode. Healthy pipelines reported count is 0, required healthy pipeline reported count is 1
2021-09-05 02:15:04,048 [ReplicationMonitor] INFO  container.ReplicationManager (ReplicationManager.java:processAll(359)) - Replication Monitor Thread took 0 milliseconds for processing 0 containers.
2021-09-05 02:15:04,060 [EventQueue-OpenPipelineForHealthyPipelineSafeModeRule] INFO  safemode.SCMSafeModeManager (HealthyPipelineSafeModeRule.java:process(124)) - SCM in safe mode. Healthy pipelines reported count is 0, required healthy pipeline reported count is 1
2021-09-05 02:15:04,165 [EventQueue-OpenPipelineForHealthyPipelineSafeModeRule] INFO  safemode.SCMSafeModeManager (HealthyPipelineSafeModeRule.java:process(124)) - SCM in safe mode. Healthy pipelines reported count is 0, required healthy pipeline reported count is 1
2021-09-05 02:15:04,191 [Listener at 127.0.0.1/38203] INFO  ozone.MiniOzoneClusterImpl (MiniOzoneClusterImpl.java:lambda$waitForClusterToBeReady$0(235)) - Nodes are ready. Got 6 of 6 DN Heartbeats.
2021-09-05 02:15:04,191 [Listener at 127.0.0.1/38203] INFO  ozone.MiniOzoneClusterImpl (MiniOzoneClusterImpl.java:lambda$waitForClusterToBeReady$0(238)) - Waiting for cluster to exit safe mode
2021-09-05 02:15:04,191 [Listener at 127.0.0.1/38203] INFO  ozone.MiniOzoneClusterImpl (MiniOzoneClusterImpl.java:lambda$waitForClusterToBeReady$0(240)) - SCM became leader
2021-09-05 02:15:04,391 [EventQueue-OpenPipelineForHealthyPipelineSafeModeRule] INFO  safemode.SCMSafeModeManager (HealthyPipelineSafeModeRule.java:process(124)) - SCM in safe mode. Healthy pipelines reported count is 0, required healthy pipeline reported count is 1
2021-09-05 02:15:04,656 [EventQueue-OpenPipelineForHealthyPipelineSafeModeRule] INFO  safemode.SCMSafeModeManager (HealthyPipelineSafeModeRule.java:process(124)) - SCM in safe mode. Healthy pipelines reported count is 0, required healthy pipeline reported count is 1
2021-09-05 02:15:05,048 [ReplicationMonitor] INFO  container.ReplicationManager (ReplicationManager.java:processAll(359)) - Replication Monitor Thread took 0 milliseconds for processing 0 containers.
2021-09-05 02:15:05,191 [Listener at 127.0.0.1/38203] INFO  ozone.MiniOzoneClusterImpl (MiniOzoneClusterImpl.java:lambda$waitForClusterToBeReady$0(235)) - Nodes are ready. Got 6 of 6 DN Heartbeats.
2021-09-05 02:15:05,192 [Listener at 127.0.0.1/38203] INFO  ozone.MiniOzoneClusterImpl (MiniOzoneClusterImpl.java:lambda$waitForClusterToBeReady$0(238)) - Waiting for cluster to exit safe mode
2021-09-05 02:15:05,192 [Listener at 127.0.0.1/38203] INFO  ozone.MiniOzoneClusterImpl (MiniOzoneClusterImpl.java:lambda$waitForClusterToBeReady$0(240)) - SCM became leader
2021-09-05 02:15:05,342 [EventQueue-OpenPipelineForHealthyPipelineSafeModeRule] INFO  safemode.SCMSafeModeManager (HealthyPipelineSafeModeRule.java:process(124)) - SCM in safe mode. Healthy pipelines reported count is 0, required healthy pipeline reported count is 1
2021-09-05 02:15:05,657 [EventQueue-OpenPipelineForHealthyPipelineSafeModeRule] INFO  safemode.SCMSafeModeManager (HealthyPipelineSafeModeRule.java:process(124)) - SCM in safe mode. Healthy pipelines reported count is 0, required healthy pipeline reported count is 1
2021-09-05 02:15:05,951 [EventQueue-OpenPipelineForHealthyPipelineSafeModeRule] INFO  safemode.SCMSafeModeManager (HealthyPipelineSafeModeRule.java:process(124)) - SCM in safe mode. Healthy pipelines reported count is 0, required healthy pipeline reported count is 1
2021-09-05 02:15:06,049 [ReplicationMonitor] INFO  container.ReplicationManager (ReplicationManager.java:processAll(359)) - Replication Monitor Thread took 0 milliseconds for processing 0 containers.
2021-09-05 02:15:06,060 [EventQueue-OpenPipelineForHealthyPipelineSafeModeRule] INFO  safemode.SCMSafeModeManager (HealthyPipelineSafeModeRule.java:process(124)) - SCM in safe mode. Healthy pipelines reported count is 0, required healthy pipeline reported count is 1
2021-09-05 02:15:06,166 [EventQueue-OpenPipelineForHealthyPipelineSafeModeRule] INFO  safemode.SCMSafeModeManager (HealthyPipelineSafeModeRule.java:process(124)) - SCM in safe mode. Healthy pipelines reported count is 0, required healthy pipeline reported count is 1
2021-09-05 02:15:06,192 [Listener at 127.0.0.1/38203] INFO  ozone.MiniOzoneClusterImpl (MiniOzoneClusterImpl.java:lambda$waitForClusterToBeReady$0(235)) - Nodes are ready. Got 6 of 6 DN Heartbeats.
2021-09-05 02:15:06,192 [Listener at 127.0.0.1/38203] INFO  ozone.MiniOzoneClusterImpl (MiniOzoneClusterImpl.java:lambda$waitForClusterToBeReady$0(238)) - Waiting for cluster to exit safe mode
2021-09-05 02:15:06,192 [Listener at 127.0.0.1/38203] INFO  ozone.MiniOzoneClusterImpl (MiniOzoneClusterImpl.java:lambda$waitForClusterToBeReady$0(240)) - SCM became leader
2021-09-05 02:15:06,343 [EventQueue-OpenPipelineForHealthyPipelineSafeModeRule] INFO  safemode.SCMSafeModeManager (HealthyPipelineSafeModeRule.java:process(124)) - SCM in safe mode. Healthy pipelines reported count is 0, required healthy pipeline reported count is 1
2021-09-05 02:15:06,391 [EventQueue-OpenPipelineForHealthyPipelineSafeModeRule] INFO  safemode.SCMSafeModeManager (HealthyPipelineSafeModeRule.java:process(124)) - SCM in safe mode. Healthy pipelines reported count is 0, required healthy pipeline reported count is 1
2021-09-05 02:15:06,657 [EventQueue-OpenPipelineForHealthyPipelineSafeModeRule] INFO  safemode.SCMSafeModeManager (HealthyPipelineSafeModeRule.java:process(124)) - SCM in safe mode. Healthy pipelines reported count is 0, required healthy pipeline reported count is 1
2021-09-05 02:15:07,049 [ReplicationMonitor] INFO  container.ReplicationManager (ReplicationManager.java:processAll(359)) - Replication Monitor Thread took 0 milliseconds for processing 0 containers.
2021-09-05 02:15:07,166 [EventQueue-OpenPipelineForHealthyPipelineSafeModeRule] INFO  safemode.SCMSafeModeManager (HealthyPipelineSafeModeRule.java:process(124)) - SCM in safe mode. Healthy pipelines reported count is 0, required healthy pipeline reported count is 1
2021-09-05 02:15:07,192 [Listener at 127.0.0.1/38203] INFO  ozone.MiniOzoneClusterImpl (MiniOzoneClusterImpl.java:lambda$waitForClusterToBeReady$0(235)) - Nodes are ready. Got 6 of 6 DN Heartbeats.
2021-09-05 02:15:07,192 [Listener at 127.0.0.1/38203] INFO  ozone.MiniOzoneClusterImpl (MiniOzoneClusterImpl.java:lambda$waitForClusterToBeReady$0(238)) - Waiting for cluster to exit safe mode
2021-09-05 02:15:07,192 [Listener at 127.0.0.1/38203] INFO  ozone.MiniOzoneClusterImpl (MiniOzoneClusterImpl.java:lambda$waitForClusterToBeReady$0(240)) - SCM became leader
2021-09-05 02:15:07,343 [EventQueue-OpenPipelineForHealthyPipelineSafeModeRule] INFO  safemode.SCMSafeModeManager (HealthyPipelineSafeModeRule.java:process(124)) - SCM in safe mode. Healthy pipelines reported count is 0, required healthy pipeline reported count is 1
2021-09-05 02:15:07,391 [EventQueue-OpenPipelineForHealthyPipelineSafeModeRule] INFO  safemode.SCMSafeModeManager (HealthyPipelineSafeModeRule.java:process(124)) - SCM in safe mode. Healthy pipelines reported count is 0, required healthy pipeline reported count is 1
2021-09-05 02:15:07,951 [EventQueue-OpenPipelineForHealthyPipelineSafeModeRule] INFO  safemode.SCMSafeModeManager (HealthyPipelineSafeModeRule.java:process(124)) - SCM in safe mode. Healthy pipelines reported count is 0, required healthy pipeline reported count is 1
2021-09-05 02:15:08,050 [ReplicationMonitor] INFO  container.ReplicationManager (ReplicationManager.java:processAll(359)) - Replication Monitor Thread took 0 milliseconds for processing 0 containers.
2021-09-05 02:15:08,061 [EventQueue-OpenPipelineForHealthyPipelineSafeModeRule] INFO  safemode.SCMSafeModeManager (HealthyPipelineSafeModeRule.java:process(124)) - SCM in safe mode. Healthy pipelines reported count is 0, required healthy pipeline reported count is 1
2021-09-05 02:15:08,166 [EventQueue-OpenPipelineForHealthyPipelineSafeModeRule] INFO  safemode.SCMSafeModeManager (HealthyPipelineSafeModeRule.java:process(124)) - SCM in safe mode. Healthy pipelines reported count is 0, required healthy pipeline reported count is 1
2021-09-05 02:15:08,192 [Listener at 127.0.0.1/38203] INFO  ozone.MiniOzoneClusterImpl (MiniOzoneClusterImpl.java:lambda$waitForClusterToBeReady$0(235)) - Nodes are ready. Got 6 of 6 DN Heartbeats.
2021-09-05 02:15:08,192 [Listener at 127.0.0.1/38203] INFO  ozone.MiniOzoneClusterImpl (MiniOzoneClusterImpl.java:lambda$waitForClusterToBeReady$0(238)) - Waiting for cluster to exit safe mode
2021-09-05 02:15:08,192 [Listener at 127.0.0.1/38203] INFO  ozone.MiniOzoneClusterImpl (MiniOzoneClusterImpl.java:lambda$waitForClusterToBeReady$0(240)) - SCM became leader
2021-09-05 02:15:08,207 [164a5057-06fc-470a-866e-2459acc1ca75@group-D658D3A0F6D4-FollowerState] INFO  impl.FollowerState (FollowerState.java:run(134)) - 164a5057-06fc-470a-866e-2459acc1ca75@group-D658D3A0F6D4-FollowerState: change to CANDIDATE, lastRpcElapsedTime:5006168582ns, electionTimeout:5005ms
2021-09-05 02:15:08,208 [164a5057-06fc-470a-866e-2459acc1ca75@group-D658D3A0F6D4-FollowerState] INFO  impl.RoleInfo (RoleInfo.java:shutdownFollowerState(108)) - 164a5057-06fc-470a-866e-2459acc1ca75: shutdown 164a5057-06fc-470a-866e-2459acc1ca75@group-D658D3A0F6D4-FollowerState
2021-09-05 02:15:08,208 [164a5057-06fc-470a-866e-2459acc1ca75@group-D658D3A0F6D4-FollowerState] INFO  server.RaftServer$Division (RaftServerImpl.java:setRole(285)) - 164a5057-06fc-470a-866e-2459acc1ca75@group-D658D3A0F6D4: changes role from  FOLLOWER to CANDIDATE at term 2 for changeToCandidate
2021-09-05 02:15:08,208 [164a5057-06fc-470a-866e-2459acc1ca75@group-D658D3A0F6D4-FollowerState] INFO  server.RaftServerConfigKeys (ConfUtils.java:logGet(44)) - raft.server.leaderelection.pre-vote = false (custom)
2021-09-05 02:15:08,208 [164a5057-06fc-470a-866e-2459acc1ca75@group-D658D3A0F6D4-FollowerState] INFO  impl.RoleInfo (RoleInfo.java:updateAndGet(130)) - 164a5057-06fc-470a-866e-2459acc1ca75: start 164a5057-06fc-470a-866e-2459acc1ca75@group-D658D3A0F6D4-LeaderElection13
2021-09-05 02:15:08,211 [164a5057-06fc-470a-866e-2459acc1ca75@group-D658D3A0F6D4-LeaderElection13] INFO  impl.LeaderElection (LeaderElection.java:askForVotes(306)) - 164a5057-06fc-470a-866e-2459acc1ca75@group-D658D3A0F6D4-LeaderElection13 ELECTION round 0: submit vote requests at term 3 for -1: [1374024b-188e-4a27-8b68-8945fec70172|rpc:10.1.0.22:45107|dataStream:|priority:0, 164a5057-06fc-470a-866e-2459acc1ca75|rpc:10.1.0.22:42029|dataStream:|priority:1, 051433ed-f0f3-4e10-b303-9534300925a9|rpc:10.1.0.22:36003|dataStream:|priority:0], old=null
2021-09-05 02:15:08,226 [grpc-default-executor-2] INFO  server.RaftServer$Division (RaftServerImpl.java:requestVote(1043)) - 1374024b-188e-4a27-8b68-8945fec70172@group-D658D3A0F6D4: receive requestVote(ELECTION, 164a5057-06fc-470a-866e-2459acc1ca75, group-D658D3A0F6D4, 3, (t:0, i:0))
2021-09-05 02:15:08,226 [grpc-default-executor-2] INFO  impl.VoteContext (VoteContext.java:log(48)) - 1374024b-188e-4a27-8b68-8945fec70172@group-D658D3A0F6D4-FOLLOWER: accept ELECTION from 164a5057-06fc-470a-866e-2459acc1ca75: our priority 0 <= candidate's priority 1
2021-09-05 02:15:08,227 [grpc-default-executor-2] INFO  server.RaftServer$Division (RaftServerImpl.java:setRole(285)) - 1374024b-188e-4a27-8b68-8945fec70172@group-D658D3A0F6D4: changes role from  FOLLOWER to FOLLOWER at term 3 for candidate:164a5057-06fc-470a-866e-2459acc1ca75
2021-09-05 02:15:08,227 [grpc-default-executor-2] INFO  impl.RoleInfo (RoleInfo.java:shutdownFollowerState(108)) - 1374024b-188e-4a27-8b68-8945fec70172: shutdown 1374024b-188e-4a27-8b68-8945fec70172@group-D658D3A0F6D4-FollowerState
2021-09-05 02:15:08,227 [grpc-default-executor-2] INFO  impl.RoleInfo (RoleInfo.java:updateAndGet(130)) - 1374024b-188e-4a27-8b68-8945fec70172: start 1374024b-188e-4a27-8b68-8945fec70172@group-D658D3A0F6D4-FollowerState
2021-09-05 02:15:08,227 [1374024b-188e-4a27-8b68-8945fec70172@group-D658D3A0F6D4-FollowerState] INFO  impl.FollowerState (FollowerState.java:run(143)) - 1374024b-188e-4a27-8b68-8945fec70172@group-D658D3A0F6D4-FollowerState was interrupted: {}
java.lang.InterruptedException: sleep interrupted
	at java.lang.Thread.sleep(Native Method)
	at java.lang.Thread.sleep(Thread.java:340)
	at java.util.concurrent.TimeUnit.sleep(TimeUnit.java:386)
	at org.apache.ratis.util.TimeDuration.sleep(TimeDuration.java:324)
	at org.apache.ratis.util.TimeDuration.sleep(TimeDuration.java:309)
	at org.apache.ratis.server.impl.FollowerState.run(FollowerState.java:118)
2021-09-05 02:15:08,240 [grpc-default-executor-2] INFO  server.RaftServer$Division (RaftServerImpl.java:requestVote(1075)) - 1374024b-188e-4a27-8b68-8945fec70172@group-D658D3A0F6D4 replies to ELECTION vote request: 164a5057-06fc-470a-866e-2459acc1ca75<-1374024b-188e-4a27-8b68-8945fec70172#0:OK-t3. Peer's state: 1374024b-188e-4a27-8b68-8945fec70172@group-D658D3A0F6D4:t3, leader=null, voted=164a5057-06fc-470a-866e-2459acc1ca75, raftlog=1374024b-188e-4a27-8b68-8945fec70172@group-D658D3A0F6D4-SegmentedRaftLog:OPENED:c-1,f-1,i0, conf=-1: [1374024b-188e-4a27-8b68-8945fec70172|rpc:10.1.0.22:45107|priority:0, 164a5057-06fc-470a-866e-2459acc1ca75|rpc:10.1.0.22:42029|priority:1, 051433ed-f0f3-4e10-b303-9534300925a9|rpc:10.1.0.22:36003|priority:0], old=null
2021-09-05 02:15:08,244 [164a5057-06fc-470a-866e-2459acc1ca75@group-D658D3A0F6D4-LeaderElection13] INFO  impl.LeaderElection (LeaderElection.java:logAndReturn(89)) - 164a5057-06fc-470a-866e-2459acc1ca75@group-D658D3A0F6D4-LeaderElection13: ELECTION PASSED received 1 response(s) and 0 exception(s):
2021-09-05 02:15:08,244 [164a5057-06fc-470a-866e-2459acc1ca75@group-D658D3A0F6D4-LeaderElection13] INFO  impl.LeaderElection (LeaderElection.java:logAndReturn(93)) -   Response 0: 164a5057-06fc-470a-866e-2459acc1ca75<-1374024b-188e-4a27-8b68-8945fec70172#0:OK-t3
2021-09-05 02:15:08,244 [164a5057-06fc-470a-866e-2459acc1ca75@group-D658D3A0F6D4-LeaderElection13] INFO  impl.LeaderElection (LeaderElection.java:askForVotes(308)) - 164a5057-06fc-470a-866e-2459acc1ca75@group-D658D3A0F6D4-LeaderElection13 ELECTION round 0: result PASSED
2021-09-05 02:15:08,244 [164a5057-06fc-470a-866e-2459acc1ca75@group-D658D3A0F6D4-LeaderElection13] INFO  impl.RoleInfo (RoleInfo.java:shutdownLeaderElection(121)) - 164a5057-06fc-470a-866e-2459acc1ca75: shutdown 164a5057-06fc-470a-866e-2459acc1ca75@group-D658D3A0F6D4-LeaderElection13
2021-09-05 02:15:08,244 [164a5057-06fc-470a-866e-2459acc1ca75@group-D658D3A0F6D4-LeaderElection13] INFO  server.RaftServer$Division (RaftServerImpl.java:setRole(285)) - 164a5057-06fc-470a-866e-2459acc1ca75@group-D658D3A0F6D4: changes role from CANDIDATE to LEADER at term 3 for changeToLeader
2021-09-05 02:15:08,244 [164a5057-06fc-470a-866e-2459acc1ca75@group-D658D3A0F6D4-LeaderElection13] INFO  ratis.XceiverServerRatis (XceiverServerRatis.java:handleLeaderChangedNotification(861)) - Leader change notification received for group: group-D658D3A0F6D4 with new leaderId: 164a5057-06fc-470a-866e-2459acc1ca75
2021-09-05 02:15:08,244 [164a5057-06fc-470a-866e-2459acc1ca75@group-D658D3A0F6D4-LeaderElection13] INFO  server.RaftServer$Division (ServerState.java:setLeader(285)) - 164a5057-06fc-470a-866e-2459acc1ca75@group-D658D3A0F6D4: change Leader from null to 164a5057-06fc-470a-866e-2459acc1ca75 at term 3 for becomeLeader, leader elected after 14710ms
2021-09-05 02:15:08,244 [164a5057-06fc-470a-866e-2459acc1ca75@group-D658D3A0F6D4-LeaderElection13] INFO  server.RaftServerConfigKeys (ConfUtils.java:logGet(44)) - raft.server.staging.catchup.gap = 1000 (default)
2021-09-05 02:15:08,245 [164a5057-06fc-470a-866e-2459acc1ca75@group-D658D3A0F6D4-LeaderElection13] INFO  server.RaftServerConfigKeys (ConfUtils.java:logGet(44)) - raft.server.write.element-limit = 1024 (custom)
2021-09-05 02:15:08,245 [164a5057-06fc-470a-866e-2459acc1ca75@group-D658D3A0F6D4-LeaderElection13] INFO  server.RaftServerConfigKeys (ConfUtils.java:logGet(44)) - raft.server.write.byte-limit = 1024 M (=1073741824) (custom)
2021-09-05 02:15:08,245 [164a5057-06fc-470a-866e-2459acc1ca75@group-D658D3A0F6D4-LeaderElection13] INFO  server.RaftServerConfigKeys (ConfUtils.java:logGet(44)) - raft.server.watch.timeout = 180s (custom)
2021-09-05 02:15:08,245 [164a5057-06fc-470a-866e-2459acc1ca75@group-D658D3A0F6D4-LeaderElection13] INFO  server.RaftServerConfigKeys (ConfUtils.java:logGet(44)) - raft.server.watch.timeout.denomination = 1s (default)
2021-09-05 02:15:08,245 [164a5057-06fc-470a-866e-2459acc1ca75@group-D658D3A0F6D4-LeaderElection13] INFO  server.RaftServerConfigKeys (ConfUtils.java:logGet(44)) - raft.server.watch.element-limit = 65536 (default)
2021-09-05 02:15:08,247 [EventQueue-OpenPipelineForHealthyPipelineSafeModeRule] INFO  safemode.SCMSafeModeManager (HealthyPipelineSafeModeRule.java:process(124)) - SCM in safe mode. Healthy pipelines reported count is 0, required healthy pipeline reported count is 1
2021-09-05 02:15:08,248 [EventQueue-PipelineReportForPipelineReportHandler] INFO  pipeline.PipelineManagerImpl (PipelineManagerImpl.java:openPipeline(282)) - Pipeline Pipeline[ Id: 1329cd8a-6765-40e5-9e23-d658d3a0f6d4, Nodes: 164a5057-06fc-470a-866e-2459acc1ca75{ip: 10.1.0.22, host: fv-az151-757.yf2hydr00wburbhx3j5hxtcipe.bx.internal.cloudapp.net, ports: [REPLICATION=41425, RATIS=42029, RATIS_ADMIN=42029, RATIS_SERVER=42029, STANDALONE=36885], networkLocation: /default-rack, certSerialId: null, persistedOpState: IN_SERVICE, persistedOpStateExpiryEpochSec: 0}1374024b-188e-4a27-8b68-8945fec70172{ip: 10.1.0.22, host: fv-az151-757.yf2hydr00wburbhx3j5hxtcipe.bx.internal.cloudapp.net, ports: [REPLICATION=38597, RATIS=45107, RATIS_ADMIN=45107, RATIS_SERVER=45107, STANDALONE=45451], networkLocation: /default-rack, certSerialId: null, persistedOpState: IN_SERVICE, persistedOpStateExpiryEpochSec: 0}051433ed-f0f3-4e10-b303-9534300925a9{ip: 10.1.0.22, host: fv-az151-757.yf2hydr00wburbhx3j5hxtcipe.bx.internal.cloudapp.net, ports: [REPLICATION=43743, RATIS=36003, RATIS_ADMIN=36003, RATIS_SERVER=36003, STANDALONE=46667], networkLocation: /default-rack, certSerialId: null, persistedOpState: IN_SERVICE, persistedOpStateExpiryEpochSec: 0}, ReplicationConfig: RATIS/THREE, State:ALLOCATED, leaderId:164a5057-06fc-470a-866e-2459acc1ca75, CreationTimestamp2021-09-05T02:14:50.547Z[Etc/UTC]] moved to OPEN state
2021-09-05 02:15:08,253 [EventQueue-OpenPipelineForHealthyPipelineSafeModeRule] INFO  safemode.SCMSafeModeManager (HealthyPipelineSafeModeRule.java:process(124)) - SCM in safe mode. Healthy pipelines reported count is 1, required healthy pipeline reported count is 1
2021-09-05 02:15:08,253 [EventQueue-OpenPipelineForHealthyPipelineSafeModeRule] INFO  safemode.SCMSafeModeManager (SCMSafeModeManager.java:validateSafeModeExitRules(204)) - HealthyPipelineSafeModeRule rule is successfully validated
2021-09-05 02:15:08,253 [EventQueue-OpenPipelineForHealthyPipelineSafeModeRule] INFO  safemode.SCMSafeModeManager (SCMSafeModeManager.java:validateSafeModeExitRules(219)) - ScmSafeModeManager, all rules are successfully validated
2021-09-05 02:15:08,253 [EventQueue-OpenPipelineForHealthyPipelineSafeModeRule] INFO  safemode.SCMSafeModeManager (SCMSafeModeManager.java:exitSafeMode(248)) - SCM exiting safe mode.
2021-09-05 02:15:08,253 [EventQueue-OpenPipelineForHealthyPipelineSafeModeRule] WARN  events.EventQueue (EventQueue.java:fireEvent(194)) - No event handler registered for event TypedEvent{payloadType=SafeModeStatus, name='Safe mode status'}
2021-09-05 02:15:08,253 [EventQueue-OpenPipelineForHealthyPipelineSafeModeRule] INFO  ha.SCMContext (SCMContext.java:updateSafeModeStatus(205)) - Update SafeModeStatus from SafeModeStatus{safeModeStatus=true, preCheckPassed=true} to SafeModeStatus{safeModeStatus=false, preCheckPassed=true}.
2021-09-05 02:15:08,253 [EventQueue-OpenPipelineForHealthyPipelineSafeModeRule] INFO  pipeline.BackgroundPipelineCreator (BackgroundPipelineCreatorV2.java:notifyStatusChanged(264)) - Service BackgroundPipelineCreator transitions to RUNNING.
2021-09-05 02:15:08,253 [164a5057-06fc-470a-866e-2459acc1ca75@group-D658D3A0F6D4-LeaderElection13] INFO  server.RaftServerConfigKeys (ConfUtils.java:logGet(44)) - raft.server.log.appender.snapshot.chunk.size.max = 16MB (=16777216) (default)
2021-09-05 02:15:08,252 [grpc-default-executor-0] INFO  server.RaftServer$Division (RaftServerImpl.java:requestVote(1043)) - 051433ed-f0f3-4e10-b303-9534300925a9@group-D658D3A0F6D4: receive requestVote(ELECTION, 164a5057-06fc-470a-866e-2459acc1ca75, group-D658D3A0F6D4, 3, (t:0, i:0))
2021-09-05 02:15:08,253 [EventQueue-OpenPipelineForHealthyPipelineSafeModeRule] INFO  container.ReplicationManager (ReplicationManager.java:notifyStatusChanged(1722)) - Service ReplicationManager transitions to RUNNING.
2021-09-05 02:15:08,254 [grpc-default-executor-0] INFO  impl.VoteContext (VoteContext.java:log(48)) - 051433ed-f0f3-4e10-b303-9534300925a9@group-D658D3A0F6D4-FOLLOWER: accept ELECTION from 164a5057-06fc-470a-866e-2459acc1ca75: our priority 0 <= candidate's priority 1
2021-09-05 02:15:08,254 [grpc-default-executor-0] INFO  server.RaftServer$Division (RaftServerImpl.java:setRole(285)) - 051433ed-f0f3-4e10-b303-9534300925a9@group-D658D3A0F6D4: changes role from  FOLLOWER to FOLLOWER at term 3 for candidate:164a5057-06fc-470a-866e-2459acc1ca75
2021-09-05 02:15:08,254 [grpc-default-executor-0] INFO  impl.RoleInfo (RoleInfo.java:shutdownFollowerState(108)) - 051433ed-f0f3-4e10-b303-9534300925a9: shutdown 051433ed-f0f3-4e10-b303-9534300925a9@group-D658D3A0F6D4-FollowerState
2021-09-05 02:15:08,254 [grpc-default-executor-0] INFO  impl.RoleInfo (RoleInfo.java:updateAndGet(130)) - 051433ed-f0f3-4e10-b303-9534300925a9: start 051433ed-f0f3-4e10-b303-9534300925a9@group-D658D3A0F6D4-FollowerState
2021-09-05 02:15:08,254 [164a5057-06fc-470a-866e-2459acc1ca75@group-D658D3A0F6D4-LeaderElection13] INFO  server.RaftServerConfigKeys (ConfUtils.java:logGet(44)) - raft.server.log.appender.buffer.byte-limit = 33554432 (custom)
2021-09-05 02:15:08,254 [051433ed-f0f3-4e10-b303-9534300925a9@group-D658D3A0F6D4-FollowerState] INFO  impl.FollowerState (FollowerState.java:run(143)) - 051433ed-f0f3-4e10-b303-9534300925a9@group-D658D3A0F6D4-FollowerState was interrupted: {}
java.lang.InterruptedException: sleep interrupted
	at java.lang.Thread.sleep(Native Method)
	at java.lang.Thread.sleep(Thread.java:340)
	at java.util.concurrent.TimeUnit.sleep(TimeUnit.java:386)
	at org.apache.ratis.util.TimeDuration.sleep(TimeDuration.java:324)
	at org.apache.ratis.util.TimeDuration.sleep(TimeDuration.java:309)
	at org.apache.ratis.server.impl.FollowerState.run(FollowerState.java:118)
2021-09-05 02:15:08,254 [164a5057-06fc-470a-866e-2459acc1ca75@group-D658D3A0F6D4-LeaderElection13] INFO  server.RaftServerConfigKeys (ConfUtils.java:logGet(44)) - raft.server.log.appender.buffer.element-limit = 1 (custom)
2021-09-05 02:15:08,257 [164a5057-06fc-470a-866e-2459acc1ca75@group-D658D3A0F6D4-LeaderElection13] INFO  grpc.GrpcConfigKeys (ConfUtils.java:logGet(44)) - raft.grpc.server.leader.outstanding.appends.max = 128 (default)
2021-09-05 02:15:08,258 [grpc-default-executor-0] INFO  server.RaftServer$Division (RaftServerImpl.java:requestVote(1075)) - 051433ed-f0f3-4e10-b303-9534300925a9@group-D658D3A0F6D4 replies to ELECTION vote request: 164a5057-06fc-470a-866e-2459acc1ca75<-051433ed-f0f3-4e10-b303-9534300925a9#0:OK-t3. Peer's state: 051433ed-f0f3-4e10-b303-9534300925a9@group-D658D3A0F6D4:t3, leader=null, voted=164a5057-06fc-470a-866e-2459acc1ca75, raftlog=051433ed-f0f3-4e10-b303-9534300925a9@group-D658D3A0F6D4-SegmentedRaftLog:OPENED:c-1,f-1,i0, conf=-1: [1374024b-188e-4a27-8b68-8945fec70172|rpc:10.1.0.22:45107|priority:0, 164a5057-06fc-470a-866e-2459acc1ca75|rpc:10.1.0.22:42029|priority:1, 051433ed-f0f3-4e10-b303-9534300925a9|rpc:10.1.0.22:36003|priority:0], old=null
2021-09-05 02:15:08,258 [164a5057-06fc-470a-866e-2459acc1ca75@group-D658D3A0F6D4-LeaderElection13] INFO  server.RaftServerConfigKeys (ConfUtils.java:logGet(44)) - raft.server.rpc.request.timeout = 60s (custom)
2021-09-05 02:15:08,258 [164a5057-06fc-470a-866e-2459acc1ca75@group-D658D3A0F6D4-LeaderElection13] INFO  server.RaftServerConfigKeys (ConfUtils.java:logGet(44)) - raft.server.log.appender.install.snapshot.enabled = false (custom)
2021-09-05 02:15:08,263 [164a5057-06fc-470a-866e-2459acc1ca75@group-D658D3A0F6D4-LeaderElection13] INFO  server.RaftServerConfigKeys (ConfUtils.java:logGet(44)) - raft.server.log.appender.snapshot.chunk.size.max = 16MB (=16777216) (default)
2021-09-05 02:15:08,263 [164a5057-06fc-470a-866e-2459acc1ca75@group-D658D3A0F6D4-LeaderElection13] INFO  server.RaftServerConfigKeys (ConfUtils.java:logGet(44)) - raft.server.log.appender.buffer.byte-limit = 33554432 (custom)
2021-09-05 02:15:08,264 [164a5057-06fc-470a-866e-2459acc1ca75@group-D658D3A0F6D4-LeaderElection13] INFO  server.RaftServerConfigKeys (ConfUtils.java:logGet(44)) - raft.server.log.appender.buffer.element-limit = 1 (custom)
2021-09-05 02:15:08,264 [164a5057-06fc-470a-866e-2459acc1ca75@group-D658D3A0F6D4-LeaderElection13] INFO  grpc.GrpcConfigKeys (ConfUtils.java:logGet(44)) - raft.grpc.server.leader.outstanding.appends.max = 128 (default)
2021-09-05 02:15:08,264 [164a5057-06fc-470a-866e-2459acc1ca75@group-D658D3A0F6D4-LeaderElection13] INFO  server.RaftServerConfigKeys (ConfUtils.java:logGet(44)) - raft.server.rpc.request.timeout = 60s (custom)
2021-09-05 02:15:08,264 [164a5057-06fc-470a-866e-2459acc1ca75@group-D658D3A0F6D4-LeaderElection13] INFO  server.RaftServerConfigKeys (ConfUtils.java:logGet(44)) - raft.server.log.appender.install.snapshot.enabled = false (custom)
2021-09-05 02:15:08,265 [164a5057-06fc-470a-866e-2459acc1ca75@group-D658D3A0F6D4-LeaderElection13] INFO  impl.RoleInfo (RoleInfo.java:updateAndGet(130)) - 164a5057-06fc-470a-866e-2459acc1ca75: start 164a5057-06fc-470a-866e-2459acc1ca75@group-D658D3A0F6D4-LeaderStateImpl
2021-09-05 02:15:08,265 [164a5057-06fc-470a-866e-2459acc1ca75@group-D658D3A0F6D4-LeaderElection13] INFO  segmented.SegmentedRaftLogWorker (SegmentedRaftLogWorker.java:startLogSegment(394)) - 164a5057-06fc-470a-866e-2459acc1ca75@group-D658D3A0F6D4-SegmentedRaftLogWorker: Starting segment from index:0
2021-09-05 02:15:08,268 [164a5057-06fc-470a-866e-2459acc1ca75@group-D658D3A0F6D4-SegmentedRaftLogWorker] INFO  segmented.SegmentedRaftLogWorker (SegmentedRaftLogWorker.java:execute(601)) - 164a5057-06fc-470a-866e-2459acc1ca75@group-D658D3A0F6D4-SegmentedRaftLogWorker: created new log segment /home/runner/work/ozone/ozone/hadoop-ozone/integration-test/target/test-dir/MiniOzoneClusterImpl-b9dfe4fd-d142-4c87-b19c-e6304396dee2/datanode-2/data/ratis/1329cd8a-6765-40e5-9e23-d658d3a0f6d4/current/log_inprogress_0
2021-09-05 02:15:08,277 [164a5057-06fc-470a-866e-2459acc1ca75@group-D658D3A0F6D4-LeaderElection13] INFO  server.RaftServer$Division (ServerState.java:setRaftConf(387)) - 164a5057-06fc-470a-866e-2459acc1ca75@group-D658D3A0F6D4: set configuration 0: [1374024b-188e-4a27-8b68-8945fec70172|rpc:10.1.0.22:45107|dataStream:|priority:0, 164a5057-06fc-470a-866e-2459acc1ca75|rpc:10.1.0.22:42029|dataStream:|priority:1, 051433ed-f0f3-4e10-b303-9534300925a9|rpc:10.1.0.22:36003|dataStream:|priority:0], old=null
2021-09-05 02:15:08,285 [grpc-default-executor-1] INFO  ratis.XceiverServerRatis (XceiverServerRatis.java:handleLeaderChangedNotification(861)) - Leader change notification received for group: group-D658D3A0F6D4 with new leaderId: 164a5057-06fc-470a-866e-2459acc1ca75
2021-09-05 02:15:08,285 [grpc-default-executor-1] INFO  server.RaftServer$Division (ServerState.java:setLeader(285)) - 051433ed-f0f3-4e10-b303-9534300925a9@group-D658D3A0F6D4: change Leader from null to 164a5057-06fc-470a-866e-2459acc1ca75 at term 3 for appendEntries, leader elected after 15386ms
2021-09-05 02:15:08,285 [grpc-default-executor-0] INFO  ratis.XceiverServerRatis (XceiverServerRatis.java:handleLeaderChangedNotification(861)) - Leader change notification received for group: group-D658D3A0F6D4 with new leaderId: 164a5057-06fc-470a-866e-2459acc1ca75
2021-09-05 02:15:08,286 [grpc-default-executor-0] INFO  server.RaftServer$Division (ServerState.java:setLeader(285)) - 1374024b-188e-4a27-8b68-8945fec70172@group-D658D3A0F6D4: change Leader from null to 164a5057-06fc-470a-866e-2459acc1ca75 at term 3 for appendEntries, leader elected after 15091ms
2021-09-05 02:15:08,319 [grpc-default-executor-1] INFO  server.RaftServer$Division (ServerState.java:setRaftConf(387)) - 1374024b-188e-4a27-8b68-8945fec70172@group-D658D3A0F6D4: set configuration 0: [1374024b-188e-4a27-8b68-8945fec70172|rpc:10.1.0.22:45107|dataStream:|priority:0, 164a5057-06fc-470a-866e-2459acc1ca75|rpc:10.1.0.22:42029|dataStream:|priority:1, 051433ed-f0f3-4e10-b303-9534300925a9|rpc:10.1.0.22:36003|dataStream:|priority:0], old=null
2021-09-05 02:15:08,320 [grpc-default-executor-1] INFO  segmented.SegmentedRaftLogWorker (SegmentedRaftLogWorker.java:startLogSegment(394)) - 1374024b-188e-4a27-8b68-8945fec70172@group-D658D3A0F6D4-SegmentedRaftLogWorker: Starting segment from index:0
2021-09-05 02:15:08,320 [grpc-default-executor-0] INFO  server.RaftServer$Division (ServerState.java:setRaftConf(387)) - 051433ed-f0f3-4e10-b303-9534300925a9@group-D658D3A0F6D4: set configuration 0: [1374024b-188e-4a27-8b68-8945fec70172|rpc:10.1.0.22:45107|dataStream:|priority:0, 164a5057-06fc-470a-866e-2459acc1ca75|rpc:10.1.0.22:42029|dataStream:|priority:1, 051433ed-f0f3-4e10-b303-9534300925a9|rpc:10.1.0.22:36003|dataStream:|priority:0], old=null
2021-09-05 02:15:08,321 [grpc-default-executor-0] INFO  segmented.SegmentedRaftLogWorker (SegmentedRaftLogWorker.java:startLogSegment(394)) - 051433ed-f0f3-4e10-b303-9534300925a9@group-D658D3A0F6D4-SegmentedRaftLogWorker: Starting segment from index:0
2021-09-05 02:15:08,321 [1374024b-188e-4a27-8b68-8945fec70172@group-D658D3A0F6D4-SegmentedRaftLogWorker] INFO  segmented.SegmentedRaftLogWorker (SegmentedRaftLogWorker.java:execute(601)) - 1374024b-188e-4a27-8b68-8945fec70172@group-D658D3A0F6D4-SegmentedRaftLogWorker: created new log segment /home/runner/work/ozone/ozone/hadoop-ozone/integration-test/target/test-dir/MiniOzoneClusterImpl-b9dfe4fd-d142-4c87-b19c-e6304396dee2/datanode-1/data/ratis/1329cd8a-6765-40e5-9e23-d658d3a0f6d4/current/log_inprogress_0
2021-09-05 02:15:08,323 [051433ed-f0f3-4e10-b303-9534300925a9@group-D658D3A0F6D4-SegmentedRaftLogWorker] INFO  segmented.SegmentedRaftLogWorker (SegmentedRaftLogWorker.java:execute(601)) - 051433ed-f0f3-4e10-b303-9534300925a9@group-D658D3A0F6D4-SegmentedRaftLogWorker: created new log segment /home/runner/work/ozone/ozone/hadoop-ozone/integration-test/target/test-dir/MiniOzoneClusterImpl-b9dfe4fd-d142-4c87-b19c-e6304396dee2/datanode-0/data/ratis/1329cd8a-6765-40e5-9e23-d658d3a0f6d4/current/log_inprogress_0
2021-09-05 02:15:09,012 [c9529fe3-953b-4ef8-a4b7-44d7a8ee90ff@group-6A133F983057-FollowerState] INFO  impl.FollowerState (FollowerState.java:run(134)) - c9529fe3-953b-4ef8-a4b7-44d7a8ee90ff@group-6A133F983057-FollowerState: change to CANDIDATE, lastRpcElapsedTime:5069730713ns, electionTimeout:5065ms
2021-09-05 02:15:09,012 [c9529fe3-953b-4ef8-a4b7-44d7a8ee90ff@group-6A133F983057-FollowerState] INFO  impl.RoleInfo (RoleInfo.java:shutdownFollowerState(108)) - c9529fe3-953b-4ef8-a4b7-44d7a8ee90ff: shutdown c9529fe3-953b-4ef8-a4b7-44d7a8ee90ff@group-6A133F983057-FollowerState
2021-09-05 02:15:09,012 [c9529fe3-953b-4ef8-a4b7-44d7a8ee90ff@group-6A133F983057-FollowerState] INFO  server.RaftServer$Division (RaftServerImpl.java:setRole(285)) - c9529fe3-953b-4ef8-a4b7-44d7a8ee90ff@group-6A133F983057: changes role from  FOLLOWER to CANDIDATE at term 2 for changeToCandidate
2021-09-05 02:15:09,013 [c9529fe3-953b-4ef8-a4b7-44d7a8ee90ff@group-6A133F983057-FollowerState] INFO  server.RaftServerConfigKeys (ConfUtils.java:logGet(44)) - raft.server.leaderelection.pre-vote = false (custom)
2021-09-05 02:15:09,013 [c9529fe3-953b-4ef8-a4b7-44d7a8ee90ff@group-6A133F983057-FollowerState] INFO  impl.RoleInfo (RoleInfo.java:updateAndGet(130)) - c9529fe3-953b-4ef8-a4b7-44d7a8ee90ff: start c9529fe3-953b-4ef8-a4b7-44d7a8ee90ff@group-6A133F983057-LeaderElection14
2021-09-05 02:15:09,018 [c9529fe3-953b-4ef8-a4b7-44d7a8ee90ff@group-6A133F983057-LeaderElection14] INFO  impl.LeaderElection (LeaderElection.java:askForVotes(306)) - c9529fe3-953b-4ef8-a4b7-44d7a8ee90ff@group-6A133F983057-LeaderElection14 ELECTION round 0: submit vote requests at term 3 for -1: [107e36cc-fe8a-481c-a932-f36b6ede4996|rpc:10.1.0.22:41403|dataStream:|priority:0, c9529fe3-953b-4ef8-a4b7-44d7a8ee90ff|rpc:10.1.0.22:36459|dataStream:|priority:1, 3bd9e3a9-14dd-46c0-953f-63403e4f7020|rpc:10.1.0.22:45657|dataStream:|priority:0], old=null
2021-09-05 02:15:09,025 [grpc-default-executor-3] INFO  server.RaftServer$Division (RaftServerImpl.java:requestVote(1043)) - 107e36cc-fe8a-481c-a932-f36b6ede4996@group-6A133F983057: receive requestVote(ELECTION, c9529fe3-953b-4ef8-a4b7-44d7a8ee90ff, group-6A133F983057, 3, (t:0, i:0))
2021-09-05 02:15:09,025 [grpc-default-executor-3] INFO  impl.VoteContext (VoteContext.java:log(48)) - 107e36cc-fe8a-481c-a932-f36b6ede4996@group-6A133F983057-FOLLOWER: accept ELECTION from c9529fe3-953b-4ef8-a4b7-44d7a8ee90ff: our priority 0 <= candidate's priority 1
2021-09-05 02:15:09,025 [grpc-default-executor-3] INFO  server.RaftServer$Division (RaftServerImpl.java:setRole(285)) - 107e36cc-fe8a-481c-a932-f36b6ede4996@group-6A133F983057: changes role from  FOLLOWER to FOLLOWER at term 3 for candidate:c9529fe3-953b-4ef8-a4b7-44d7a8ee90ff
2021-09-05 02:15:09,025 [grpc-default-executor-3] INFO  impl.RoleInfo (RoleInfo.java:shutdownFollowerState(108)) - 107e36cc-fe8a-481c-a932-f36b6ede4996: shutdown 107e36cc-fe8a-481c-a932-f36b6ede4996@group-6A133F983057-FollowerState
2021-09-05 02:15:09,025 [grpc-default-executor-3] INFO  impl.RoleInfo (RoleInfo.java:updateAndGet(130)) - 107e36cc-fe8a-481c-a932-f36b6ede4996: start 107e36cc-fe8a-481c-a932-f36b6ede4996@group-6A133F983057-FollowerState
2021-09-05 02:15:09,026 [107e36cc-fe8a-481c-a932-f36b6ede4996@group-6A133F983057-FollowerState] INFO  impl.FollowerState (FollowerState.java:run(143)) - 107e36cc-fe8a-481c-a932-f36b6ede4996@group-6A133F983057-FollowerState was interrupted: {}
java.lang.InterruptedException: sleep interrupted
	at java.lang.Thread.sleep(Native Method)
	at java.lang.Thread.sleep(Thread.java:340)
	at java.util.concurrent.TimeUnit.sleep(TimeUnit.java:386)
	at org.apache.ratis.util.TimeDuration.sleep(TimeDuration.java:324)
	at org.apache.ratis.util.TimeDuration.sleep(TimeDuration.java:309)
	at org.apache.ratis.server.impl.FollowerState.run(FollowerState.java:118)
2021-09-05 02:15:09,030 [grpc-default-executor-3] INFO  server.RaftServer$Division (RaftServerImpl.java:requestVote(1075)) - 107e36cc-fe8a-481c-a932-f36b6ede4996@group-6A133F983057 replies to ELECTION vote request: c9529fe3-953b-4ef8-a4b7-44d7a8ee90ff<-107e36cc-fe8a-481c-a932-f36b6ede4996#0:OK-t3. Peer's state: 107e36cc-fe8a-481c-a932-f36b6ede4996@group-6A133F983057:t3, leader=null, voted=c9529fe3-953b-4ef8-a4b7-44d7a8ee90ff, raftlog=107e36cc-fe8a-481c-a932-f36b6ede4996@group-6A133F983057-SegmentedRaftLog:OPENED:c-1,f-1,i0, conf=-1: [107e36cc-fe8a-481c-a932-f36b6ede4996|rpc:10.1.0.22:41403|priority:0, c9529fe3-953b-4ef8-a4b7-44d7a8ee90ff|rpc:10.1.0.22:36459|priority:1, 3bd9e3a9-14dd-46c0-953f-63403e4f7020|rpc:10.1.0.22:45657|priority:0], old=null
2021-09-05 02:15:09,033 [grpc-default-executor-1] INFO  server.RaftServer$Division (RaftServerImpl.java:requestVote(1043)) - 3bd9e3a9-14dd-46c0-953f-63403e4f7020@group-6A133F983057: receive requestVote(ELECTION, c9529fe3-953b-4ef8-a4b7-44d7a8ee90ff, group-6A133F983057, 3, (t:0, i:0))
2021-09-05 02:15:09,033 [grpc-default-executor-1] INFO  impl.VoteContext (VoteContext.java:log(48)) - 3bd9e3a9-14dd-46c0-953f-63403e4f7020@group-6A133F983057-FOLLOWER: accept ELECTION from c9529fe3-953b-4ef8-a4b7-44d7a8ee90ff: our priority 0 <= candidate's priority 1
2021-09-05 02:15:09,033 [grpc-default-executor-1] INFO  server.RaftServer$Division (RaftServerImpl.java:setRole(285)) - 3bd9e3a9-14dd-46c0-953f-63403e4f7020@group-6A133F983057: changes role from  FOLLOWER to FOLLOWER at term 3 for candidate:c9529fe3-953b-4ef8-a4b7-44d7a8ee90ff
2021-09-05 02:15:09,033 [grpc-default-executor-1] INFO  impl.RoleInfo (RoleInfo.java:shutdownFollowerState(108)) - 3bd9e3a9-14dd-46c0-953f-63403e4f7020: shutdown 3bd9e3a9-14dd-46c0-953f-63403e4f7020@group-6A133F983057-FollowerState
2021-09-05 02:15:09,033 [grpc-default-executor-1] INFO  impl.RoleInfo (RoleInfo.java:updateAndGet(130)) - 3bd9e3a9-14dd-46c0-953f-63403e4f7020: start 3bd9e3a9-14dd-46c0-953f-63403e4f7020@group-6A133F983057-FollowerState
2021-09-05 02:15:09,033 [3bd9e3a9-14dd-46c0-953f-63403e4f7020@group-6A133F983057-FollowerState] INFO  impl.FollowerState (FollowerState.java:run(143)) - 3bd9e3a9-14dd-46c0-953f-63403e4f7020@group-6A133F983057-FollowerState was interrupted: {}
java.lang.InterruptedException: sleep interrupted
	at java.lang.Thread.sleep(Native Method)
	at java.lang.Thread.sleep(Thread.java:340)
	at java.util.concurrent.TimeUnit.sleep(TimeUnit.java:386)
	at org.apache.ratis.util.TimeDuration.sleep(TimeDuration.java:324)
	at org.apache.ratis.util.TimeDuration.sleep(TimeDuration.java:309)
	at org.apache.ratis.server.impl.FollowerState.run(FollowerState.java:118)
2021-09-05 02:15:09,038 [grpc-default-executor-1] INFO  server.RaftServer$Division (RaftServerImpl.java:requestVote(1075)) - 3bd9e3a9-14dd-46c0-953f-63403e4f7020@group-6A133F983057 replies to ELECTION vote request: c9529fe3-953b-4ef8-a4b7-44d7a8ee90ff<-3bd9e3a9-14dd-46c0-953f-63403e4f7020#0:OK-t3. Peer's state: 3bd9e3a9-14dd-46c0-953f-63403e4f7020@group-6A133F983057:t3, leader=null, voted=c9529fe3-953b-4ef8-a4b7-44d7a8ee90ff, raftlog=3bd9e3a9-14dd-46c0-953f-63403e4f7020@group-6A133F983057-SegmentedRaftLog:OPENED:c-1,f-1,i0, conf=-1: [107e36cc-fe8a-481c-a932-f36b6ede4996|rpc:10.1.0.22:41403|dataStream:|priority:0, c9529fe3-953b-4ef8-a4b7-44d7a8ee90ff|rpc:10.1.0.22:36459|dataStream:|priority:1, 3bd9e3a9-14dd-46c0-953f-63403e4f7020|rpc:10.1.0.22:45657|dataStream:|priority:0], old=null
2021-09-05 02:15:09,034 [c9529fe3-953b-4ef8-a4b7-44d7a8ee90ff@group-6A133F983057-LeaderElection14] INFO  impl.LeaderElection (LeaderElection.java:logAndReturn(89)) - c9529fe3-953b-4ef8-a4b7-44d7a8ee90ff@group-6A133F983057-LeaderElection14: ELECTION PASSED received 1 response(s) and 0 exception(s):
2021-09-05 02:15:09,038 [c9529fe3-953b-4ef8-a4b7-44d7a8ee90ff@group-6A133F983057-LeaderElection14] INFO  impl.LeaderElection (LeaderElection.java:logAndReturn(93)) -   Response 0: c9529fe3-953b-4ef8-a4b7-44d7a8ee90ff<-107e36cc-fe8a-481c-a932-f36b6ede4996#0:OK-t3
2021-09-05 02:15:09,039 [c9529fe3-953b-4ef8-a4b7-44d7a8ee90ff@group-6A133F983057-LeaderElection14] INFO  impl.LeaderElection (LeaderElection.java:askForVotes(308)) - c9529fe3-953b-4ef8-a4b7-44d7a8ee90ff@group-6A133F983057-LeaderElection14 ELECTION round 0: result PASSED
2021-09-05 02:15:09,039 [c9529fe3-953b-4ef8-a4b7-44d7a8ee90ff@group-6A133F983057-LeaderElection14] INFO  impl.RoleInfo (RoleInfo.java:shutdownLeaderElection(121)) - c9529fe3-953b-4ef8-a4b7-44d7a8ee90ff: shutdown c9529fe3-953b-4ef8-a4b7-44d7a8ee90ff@group-6A133F983057-LeaderElection14
2021-09-05 02:15:09,039 [c9529fe3-953b-4ef8-a4b7-44d7a8ee90ff@group-6A133F983057-LeaderElection14] INFO  server.RaftServer$Division (RaftServerImpl.java:setRole(285)) - c9529fe3-953b-4ef8-a4b7-44d7a8ee90ff@group-6A133F983057: changes role from CANDIDATE to LEADER at term 3 for changeToLeader
2021-09-05 02:15:09,039 [c9529fe3-953b-4ef8-a4b7-44d7a8ee90ff@group-6A133F983057-LeaderElection14] INFO  ratis.XceiverServerRatis (XceiverServerRatis.java:handleLeaderChangedNotification(861)) - Leader change notification received for group: group-6A133F983057 with new leaderId: c9529fe3-953b-4ef8-a4b7-44d7a8ee90ff
2021-09-05 02:15:09,039 [c9529fe3-953b-4ef8-a4b7-44d7a8ee90ff@group-6A133F983057-LeaderElection14] INFO  server.RaftServer$Division (ServerState.java:setLeader(285)) - c9529fe3-953b-4ef8-a4b7-44d7a8ee90ff@group-6A133F983057: change Leader from null to c9529fe3-953b-4ef8-a4b7-44d7a8ee90ff at term 3 for becomeLeader, leader elected after 15195ms
2021-09-05 02:15:09,039 [c9529fe3-953b-4ef8-a4b7-44d7a8ee90ff@group-6A133F983057-LeaderElection14] INFO  server.RaftServerConfigKeys (ConfUtils.java:logGet(44)) - raft.server.staging.catchup.gap = 1000 (default)
2021-09-05 02:15:09,039 [c9529fe3-953b-4ef8-a4b7-44d7a8ee90ff@group-6A133F983057-LeaderElection14] INFO  server.RaftServerConfigKeys (ConfUtils.java:logGet(44)) - raft.server.write.element-limit = 1024 (custom)
2021-09-05 02:15:09,039 [c9529fe3-953b-4ef8-a4b7-44d7a8ee90ff@group-6A133F983057-LeaderElection14] INFO  server.RaftServerConfigKeys (ConfUtils.java:logGet(44)) - raft.server.write.byte-limit = 1024 M (=1073741824) (custom)
2021-09-05 02:15:09,039 [c9529fe3-953b-4ef8-a4b7-44d7a8ee90ff@group-6A133F983057-LeaderElection14] INFO  server.RaftServerConfigKeys (ConfUtils.java:logGet(44)) - raft.server.watch.timeout = 180s (custom)
2021-09-05 02:15:09,039 [c9529fe3-953b-4ef8-a4b7-44d7a8ee90ff@group-6A133F983057-LeaderElection14] INFO  server.RaftServerConfigKeys (ConfUtils.java:logGet(44)) - raft.server.watch.timeout.denomination = 1s (default)
2021-09-05 02:15:09,039 [c9529fe3-953b-4ef8-a4b7-44d7a8ee90ff@group-6A133F983057-LeaderElection14] INFO  server.RaftServerConfigKeys (ConfUtils.java:logGet(44)) - raft.server.watch.element-limit = 65536 (default)
2021-09-05 02:15:09,040 [c9529fe3-953b-4ef8-a4b7-44d7a8ee90ff@group-6A133F983057-LeaderElection14] INFO  server.RaftServerConfigKeys (ConfUtils.java:logGet(44)) - raft.server.log.appender.snapshot.chunk.size.max = 16MB (=16777216) (default)
2021-09-05 02:15:09,040 [c9529fe3-953b-4ef8-a4b7-44d7a8ee90ff@group-6A133F983057-LeaderElection14] INFO  server.RaftServerConfigKeys (ConfUtils.java:logGet(44)) - raft.server.log.appender.buffer.byte-limit = 33554432 (custom)
2021-09-05 02:15:09,040 [c9529fe3-953b-4ef8-a4b7-44d7a8ee90ff@group-6A133F983057-LeaderElection14] INFO  server.RaftServerConfigKeys (ConfUtils.java:logGet(44)) - raft.server.log.appender.buffer.element-limit = 1 (custom)
2021-09-05 02:15:09,041 [Datanode State Machine Thread - 0] WARN  statemachine.StateContext (StateContext.java:execute(621)) - No available thread in pool for past 1 seconds.
2021-09-05 02:15:09,040 [c9529fe3-953b-4ef8-a4b7-44d7a8ee90ff@group-6A133F983057-LeaderElection14] INFO  grpc.GrpcConfigKeys (ConfUtils.java:logGet(44)) - raft.grpc.server.leader.outstanding.appends.max = 128 (default)
2021-09-05 02:15:09,043 [c9529fe3-953b-4ef8-a4b7-44d7a8ee90ff@group-6A133F983057-LeaderElection14] INFO  server.RaftServerConfigKeys (ConfUtils.java:logGet(44)) - raft.server.rpc.request.timeout = 60s (custom)
2021-09-05 02:15:09,043 [c9529fe3-953b-4ef8-a4b7-44d7a8ee90ff@group-6A133F983057-LeaderElection14] INFO  server.RaftServerConfigKeys (ConfUtils.java:logGet(44)) - raft.server.log.appender.install.snapshot.enabled = false (custom)
2021-09-05 02:15:09,044 [c9529fe3-953b-4ef8-a4b7-44d7a8ee90ff@group-6A133F983057-LeaderElection14] INFO  server.RaftServerConfigKeys (ConfUtils.java:logGet(44)) - raft.server.log.appender.snapshot.chunk.size.max = 16MB (=16777216) (default)
2021-09-05 02:15:09,044 [c9529fe3-953b-4ef8-a4b7-44d7a8ee90ff@group-6A133F983057-LeaderElection14] INFO  server.RaftServerConfigKeys (ConfUtils.java:logGet(44)) - raft.server.log.appender.buffer.byte-limit = 33554432 (custom)
2021-09-05 02:15:09,044 [c9529fe3-953b-4ef8-a4b7-44d7a8ee90ff@group-6A133F983057-LeaderElection14] INFO  server.RaftServerConfigKeys (ConfUtils.java:logGet(44)) - raft.server.log.appender.buffer.element-limit = 1 (custom)
2021-09-05 02:15:09,044 [c9529fe3-953b-4ef8-a4b7-44d7a8ee90ff@group-6A133F983057-LeaderElection14] INFO  grpc.GrpcConfigKeys (ConfUtils.java:logGet(44)) - raft.grpc.server.leader.outstanding.appends.max = 128 (default)
2021-09-05 02:15:09,044 [c9529fe3-953b-4ef8-a4b7-44d7a8ee90ff@group-6A133F983057-LeaderElection14] INFO  server.RaftServerConfigKeys (ConfUtils.java:logGet(44)) - raft.server.rpc.request.timeout = 60s (custom)
2021-09-05 02:15:09,044 [c9529fe3-953b-4ef8-a4b7-44d7a8ee90ff@group-6A133F983057-LeaderElection14] INFO  server.RaftServerConfigKeys (ConfUtils.java:logGet(44)) - raft.server.log.appender.install.snapshot.enabled = false (custom)
2021-09-05 02:15:09,045 [c9529fe3-953b-4ef8-a4b7-44d7a8ee90ff@group-6A133F983057-LeaderElection14] INFO  impl.RoleInfo (RoleInfo.java:updateAndGet(130)) - c9529fe3-953b-4ef8-a4b7-44d7a8ee90ff: start c9529fe3-953b-4ef8-a4b7-44d7a8ee90ff@group-6A133F983057-LeaderStateImpl
2021-09-05 02:15:09,045 [c9529fe3-953b-4ef8-a4b7-44d7a8ee90ff@group-6A133F983057-LeaderElection14] INFO  segmented.SegmentedRaftLogWorker (SegmentedRaftLogWorker.java:startLogSegment(394)) - c9529fe3-953b-4ef8-a4b7-44d7a8ee90ff@group-6A133F983057-SegmentedRaftLogWorker: Starting segment from index:0
2021-09-05 02:15:09,042 [EventQueue-PipelineReportForPipelineReportHandler] INFO  pipeline.PipelineManagerImpl (PipelineManagerImpl.java:openPipeline(282)) - Pipeline Pipeline[ Id: ea622501-719d-487d-8d87-6a133f983057, Nodes: c9529fe3-953b-4ef8-a4b7-44d7a8ee90ff{ip: 10.1.0.22, host: fv-az151-757.yf2hydr00wburbhx3j5hxtcipe.bx.internal.cloudapp.net, ports: [REPLICATION=36345, RATIS=36459, RATIS_ADMIN=36459, RATIS_SERVER=36459, STANDALONE=42439], networkLocation: /default-rack, certSerialId: null, persistedOpState: IN_SERVICE, persistedOpStateExpiryEpochSec: 0}3bd9e3a9-14dd-46c0-953f-63403e4f7020{ip: 10.1.0.22, host: fv-az151-757.yf2hydr00wburbhx3j5hxtcipe.bx.internal.cloudapp.net, ports: [REPLICATION=46563, RATIS=45657, RATIS_ADMIN=45657, RATIS_SERVER=45657, STANDALONE=37931], networkLocation: /default-rack, certSerialId: null, persistedOpState: IN_SERVICE, persistedOpStateExpiryEpochSec: 0}107e36cc-fe8a-481c-a932-f36b6ede4996{ip: 10.1.0.22, host: fv-az151-757.yf2hydr00wburbhx3j5hxtcipe.bx.internal.cloudapp.net, ports: [REPLICATION=37671, RATIS=41403, RATIS_ADMIN=41403, RATIS_SERVER=41403, STANDALONE=42501], networkLocation: /default-rack, certSerialId: null, persistedOpState: IN_SERVICE, persistedOpStateExpiryEpochSec: 0}, ReplicationConfig: RATIS/THREE, State:ALLOCATED, leaderId:c9529fe3-953b-4ef8-a4b7-44d7a8ee90ff, CreationTimestamp2021-09-05T02:14:51.186Z[Etc/UTC]] moved to OPEN state
2021-09-05 02:15:09,048 [c9529fe3-953b-4ef8-a4b7-44d7a8ee90ff@group-6A133F983057-SegmentedRaftLogWorker] INFO  segmented.SegmentedRaftLogWorker (SegmentedRaftLogWorker.java:execute(601)) - c9529fe3-953b-4ef8-a4b7-44d7a8ee90ff@group-6A133F983057-SegmentedRaftLogWorker: created new log segment /home/runner/work/ozone/ozone/hadoop-ozone/integration-test/target/test-dir/MiniOzoneClusterImpl-b9dfe4fd-d142-4c87-b19c-e6304396dee2/datanode-4/data/ratis/ea622501-719d-487d-8d87-6a133f983057/current/log_inprogress_0
2021-09-05 02:15:09,050 [ReplicationMonitor] INFO  container.ReplicationManager (ReplicationManager.java:processAll(359)) - Replication Monitor Thread took 0 milliseconds for processing 0 containers.
2021-09-05 02:15:09,057 [grpc-default-executor-3] INFO  ratis.XceiverServerRatis (XceiverServerRatis.java:handleLeaderChangedNotification(861)) - Leader change notification received for group: group-6A133F983057 with new leaderId: c9529fe3-953b-4ef8-a4b7-44d7a8ee90ff
2021-09-05 02:15:09,066 [grpc-default-executor-3] INFO  server.RaftServer$Division (ServerState.java:setLeader(285)) - 107e36cc-fe8a-481c-a932-f36b6ede4996@group-6A133F983057: change Leader from null to c9529fe3-953b-4ef8-a4b7-44d7a8ee90ff at term 3 for appendEntries, leader elected after 15249ms
2021-09-05 02:15:09,066 [c9529fe3-953b-4ef8-a4b7-44d7a8ee90ff@group-6A133F983057-LeaderElection14] INFO  server.RaftServer$Division (ServerState.java:setRaftConf(387)) - c9529fe3-953b-4ef8-a4b7-44d7a8ee90ff@group-6A133F983057: set configuration 0: [107e36cc-fe8a-481c-a932-f36b6ede4996|rpc:10.1.0.22:41403|dataStream:|priority:0, c9529fe3-953b-4ef8-a4b7-44d7a8ee90ff|rpc:10.1.0.22:36459|dataStream:|priority:1, 3bd9e3a9-14dd-46c0-953f-63403e4f7020|rpc:10.1.0.22:45657|dataStream:|priority:0], old=null
2021-09-05 02:15:09,070 [grpc-default-executor-3] INFO  server.RaftServer$Division (ServerState.java:setRaftConf(387)) - 107e36cc-fe8a-481c-a932-f36b6ede4996@group-6A133F983057: set configuration 0: [107e36cc-fe8a-481c-a932-f36b6ede4996|rpc:10.1.0.22:41403|dataStream:|priority:0, c9529fe3-953b-4ef8-a4b7-44d7a8ee90ff|rpc:10.1.0.22:36459|dataStream:|priority:1, 3bd9e3a9-14dd-46c0-953f-63403e4f7020|rpc:10.1.0.22:45657|dataStream:|priority:0], old=null
2021-09-05 02:15:09,070 [grpc-default-executor-3] INFO  segmented.SegmentedRaftLogWorker (SegmentedRaftLogWorker.java:startLogSegment(394)) - 107e36cc-fe8a-481c-a932-f36b6ede4996@group-6A133F983057-SegmentedRaftLogWorker: Starting segment from index:0
2021-09-05 02:15:09,073 [107e36cc-fe8a-481c-a932-f36b6ede4996@group-6A133F983057-SegmentedRaftLogWorker] INFO  segmented.SegmentedRaftLogWorker (SegmentedRaftLogWorker.java:execute(601)) - 107e36cc-fe8a-481c-a932-f36b6ede4996@group-6A133F983057-SegmentedRaftLogWorker: created new log segment /home/runner/work/ozone/ozone/hadoop-ozone/integration-test/target/test-dir/MiniOzoneClusterImpl-b9dfe4fd-d142-4c87-b19c-e6304396dee2/datanode-3/data/ratis/ea622501-719d-487d-8d87-6a133f983057/current/log_inprogress_0
2021-09-05 02:15:09,084 [grpc-default-executor-3] INFO  ratis.XceiverServerRatis (XceiverServerRatis.java:handleLeaderChangedNotification(861)) - Leader change notification received for group: group-6A133F983057 with new leaderId: c9529fe3-953b-4ef8-a4b7-44d7a8ee90ff
2021-09-05 02:15:09,084 [grpc-default-executor-3] INFO  server.RaftServer$Division (ServerState.java:setLeader(285)) - 3bd9e3a9-14dd-46c0-953f-63403e4f7020@group-6A133F983057: change Leader from null to c9529fe3-953b-4ef8-a4b7-44d7a8ee90ff at term 3 for appendEntries, leader elected after 15191ms
2021-09-05 02:15:09,090 [grpc-default-executor-3] INFO  server.RaftServer$Division (ServerState.java:setRaftConf(387)) - 3bd9e3a9-14dd-46c0-953f-63403e4f7020@group-6A133F983057: set configuration 0: [107e36cc-fe8a-481c-a932-f36b6ede4996|rpc:10.1.0.22:41403|dataStream:|priority:0, c9529fe3-953b-4ef8-a4b7-44d7a8ee90ff|rpc:10.1.0.22:36459|dataStream:|priority:1, 3bd9e3a9-14dd-46c0-953f-63403e4f7020|rpc:10.1.0.22:45657|dataStream:|priority:0], old=null
2021-09-05 02:15:09,090 [grpc-default-executor-3] INFO  segmented.SegmentedRaftLogWorker (SegmentedRaftLogWorker.java:startLogSegment(394)) - 3bd9e3a9-14dd-46c0-953f-63403e4f7020@group-6A133F983057-SegmentedRaftLogWorker: Starting segment from index:0
2021-09-05 02:15:09,093 [3bd9e3a9-14dd-46c0-953f-63403e4f7020@group-6A133F983057-SegmentedRaftLogWorker] INFO  segmented.SegmentedRaftLogWorker (SegmentedRaftLogWorker.java:execute(601)) - 3bd9e3a9-14dd-46c0-953f-63403e4f7020@group-6A133F983057-SegmentedRaftLogWorker: created new log segment /home/runner/work/ozone/ozone/hadoop-ozone/integration-test/target/test-dir/MiniOzoneClusterImpl-b9dfe4fd-d142-4c87-b19c-e6304396dee2/datanode-5/data/ratis/ea622501-719d-487d-8d87-6a133f983057/current/log_inprogress_0
2021-09-05 02:15:09,193 [Listener at 127.0.0.1/38203] INFO  ozone.MiniOzoneClusterImpl (MiniOzoneClusterImpl.java:lambda$waitForClusterToBeReady$0(235)) - Nodes are ready. Got 6 of 6 DN Heartbeats.
2021-09-05 02:15:09,193 [Listener at 127.0.0.1/38203] INFO  ozone.MiniOzoneClusterImpl (MiniOzoneClusterImpl.java:lambda$waitForClusterToBeReady$0(238)) - Cluster exits safe mode
2021-09-05 02:15:09,193 [Listener at 127.0.0.1/38203] INFO  ozone.MiniOzoneClusterImpl (MiniOzoneClusterImpl.java:lambda$waitForClusterToBeReady$0(240)) - SCM became leader
2021-09-05 02:15:09,221 [Listener at 127.0.0.1/38203] WARN  server.ServerUtils (ServerUtils.java:getScmDbDir(148)) - ozone.scm.db.dirs is not configured. We recommend adding this setting. Falling back to ozone.metadata.dirs instead.
2021-09-05 02:15:09,229 [Listener at 127.0.0.1/38203] INFO  ha.SCMHANodeDetails (SCMHANodeDetails.java:loadSCMHAConfig(157)) - ServiceID for StorageContainerManager is null
2021-09-05 02:15:09,229 [Listener at 127.0.0.1/38203] INFO  ha.SCMHANodeDetails (SCMHANodeDetails.java:loadSCMHAConfig(162)) - ozone.scm.default.service.id is not defined, falling back to ozone.scm.service.ids to find serviceID for StorageContainerManager if it is HA enabled cluster
2021-09-05 02:15:09,230 [Listener at 127.0.0.1/38203] WARN  server.ServerUtils (ServerUtils.java:getScmDbDir(148)) - ozone.scm.db.dirs is not configured. We recommend adding this setting. Falling back to ozone.metadata.dirs instead.
2021-09-05 02:15:09,230 [Listener at 127.0.0.1/38203] INFO  upgrade.AbstractLayoutVersionManager (AbstractLayoutVersionManager.java:init(70)) - Initializing Layout version manager with metadata layout = SCM_HA (version = 2), software layout = SCM_HA (version = 2)
2021-09-05 02:15:09,307 [Listener at 127.0.0.1/38203] INFO  reflections.Reflections (Reflections.java:scan(232)) - Reflections took 76 ms to scan 7 urls, producing 120 keys and 275 values 
2021-09-05 02:15:09,309 [Listener at 127.0.0.1/38203] WARN  utils.HAUtils (HAUtils.java:getMetaDir(342)) - ozone.scm.db.dirs is not configured. We recommend adding this setting. Falling back to ozone.metadata.dirs instead.
2021-09-05 02:15:09,309 [Listener at 127.0.0.1/38203] WARN  db.DBStoreBuilder (DBStoreBuilder.java:applyDBDefinition(145)) - ozone.scm.db.dirs is not configured. We recommend adding this setting. Falling back to ozone.metadata.dirs instead.
2021-09-05 02:15:09,454 [Listener at 127.0.0.1/38203] INFO  net.NodeSchemaLoader (NodeSchemaLoader.java:loadSchemaFromFile(129)) - Loading schema from [jar:file:/home/runner/.m2/repository/org/apache/ozone/hdds-common/1.2.0-SNAPSHOT/hdds-common-1.2.0-SNAPSHOT.jar!/network-topology-default.xml]
2021-09-05 02:15:09,455 [Listener at 127.0.0.1/38203] INFO  net.NodeSchemaLoader (NodeSchemaLoader.java:loadSchema(176)) - Loading network topology layer schema file
2021-09-05 02:15:09,463 [Listener at 127.0.0.1/38203] WARN  impl.MetricRegistriesImpl (MetricRegistriesImpl.java:addReporterRegistration(111)) - New reporters are added after registries were created. Some metrics will be missing from the reporter. Please add reporter before adding any new registry.
2021-09-05 02:15:09,463 [Listener at 127.0.0.1/38203] WARN  impl.MetricRegistriesImpl (MetricRegistriesImpl.java:addReporterRegistration(111)) - New reporters are added after registries were created. Some metrics will be missing from the reporter. Please add reporter before adding any new registry.
2021-09-05 02:15:09,464 [Listener at 127.0.0.1/38203] INFO  ha.SequenceIdGenerator (SequenceIdGenerator.java:upgradeToSequenceId(327)) - upgrade localId to 107544261427200000
2021-09-05 02:15:09,464 [Listener at 127.0.0.1/38203] INFO  ha.SequenceIdGenerator (SequenceIdGenerator.java:upgradeToSequenceId(337)) - upgrade delTxnId to 0
2021-09-05 02:15:09,464 [Listener at 127.0.0.1/38203] INFO  ha.SequenceIdGenerator (SequenceIdGenerator.java:upgradeToSequenceId(351)) - upgrade containerId to 0
2021-09-05 02:15:09,464 [Listener at 127.0.0.1/38203] INFO  ha.SequenceIdGenerator (SequenceIdGenerator.java:<init>(217)) - Init the HA SequenceIdGenerator.
2021-09-05 02:15:09,470 [Listener at 127.0.0.1/38203] INFO  node.SCMNodeManager (SCMNodeManager.java:<init>(145)) - Entering startup safe mode.
2021-09-05 02:15:09,471 [Listener at 127.0.0.1/38203] INFO  algorithms.ContainerPlacementPolicyFactory (ContainerPlacementPolicyFactory.java:getPolicy(60)) - Create container placement policy of type org.apache.hadoop.hdds.scm.container.placement.algorithms.SCMContainerPlacementRandom
2021-09-05 02:15:09,471 [Listener at 127.0.0.1/38203] INFO  pipeline.PipelineStateManager (PipelineStateManagerV2Impl.java:initialize(78)) - No pipeline exists in current db
2021-09-05 02:15:09,471 [Listener at 127.0.0.1/38203] INFO  algorithms.LeaderChoosePolicyFactory (LeaderChoosePolicyFactory.java:getPolicy(57)) - Create leader choose policy of type org.apache.hadoop.hdds.scm.pipeline.leader.choose.algorithms.MinLeaderCountChoosePolicy
2021-09-05 02:15:09,471 [Listener at 127.0.0.1/38203] INFO  ha.SCMServiceManager (SCMServiceManager.java:register(43)) - Registering service BackgroundPipelineCreator.
2021-09-05 02:15:09,471 [Listener at 127.0.0.1/38203] INFO  pipeline.BackgroundPipelineCreator (BackgroundPipelineCreatorV2.java:start(130)) - Starting RatisPipelineUtilsThread.
2021-09-05 02:15:09,478 [Listener at 127.0.0.1/38203] INFO  algorithms.PipelineChoosePolicyFactory (PipelineChoosePolicyFactory.java:createPipelineChoosePolicyFromClass(73)) - Create pipeline choose policy of type org.apache.hadoop.hdds.scm.pipeline.choose.algorithms.RandomPipelineChoosePolicy
2021-09-05 02:15:09,479 [Listener at 127.0.0.1/38203] INFO  ha.SCMServiceManager (SCMServiceManager.java:register(43)) - Registering service SCMBlockDeletingService.
2021-09-05 02:15:09,479 [Listener at 127.0.0.1/38203] INFO  ha.SCMServiceManager (SCMServiceManager.java:register(43)) - Registering service ReplicationManager.
2021-09-05 02:15:09,479 [Listener at 127.0.0.1/38203] INFO  container.ReplicationManager (ReplicationManager.java:start(307)) - Starting Replication Monitor Thread.
2021-09-05 02:15:09,490 [Listener at 127.0.0.1/38203] INFO  safemode.ContainerSafeModeRule (ContainerSafeModeRule.java:<init>(89)) - containers with one replica threshold count 0
2021-09-05 02:15:09,491 [Listener at 127.0.0.1/38203] INFO  safemode.HealthyPipelineSafeModeRule (HealthyPipelineSafeModeRule.java:initializeRule(156)) - Total pipeline count is 0, healthy pipeline threshold count is 1
2021-09-05 02:15:09,491 [Listener at 127.0.0.1/38203] INFO  safemode.OneReplicaPipelineSafeModeRule (OneReplicaPipelineSafeModeRule.java:initializeRule(180)) - Total pipeline count is 0, pipeline's with at least one datanode reported threshold count is 0
2021-09-05 02:15:09,495 [Listener at 127.0.0.1/38203] INFO  ipc.CallQueueManager (CallQueueManager.java:<init>(90)) - Using callQueue: class java.util.concurrent.LinkedBlockingQueue, queueCapacity: 2000, scheduler: class org.apache.hadoop.ipc.DefaultRpcScheduler, ipcBackoff: false.
2021-09-05 02:15:09,507 [Socket Reader #1 for port 0] INFO  ipc.Server (Server.java:run(1265)) - Starting Socket Reader #1 for port 0
2021-09-05 02:15:09,515 [Listener at 0.0.0.0/34977] INFO  ipc.CallQueueManager (CallQueueManager.java:<init>(90)) - Using callQueue: class java.util.concurrent.LinkedBlockingQueue, queueCapacity: 2000, scheduler: class org.apache.hadoop.ipc.DefaultRpcScheduler, ipcBackoff: false.
2021-09-05 02:15:09,520 [Socket Reader #1 for port 0] INFO  ipc.Server (Server.java:run(1265)) - Starting Socket Reader #1 for port 0
2021-09-05 02:15:09,523 [Listener at 0.0.0.0/35267] INFO  ipc.CallQueueManager (CallQueueManager.java:<init>(90)) - Using callQueue: class java.util.concurrent.LinkedBlockingQueue, queueCapacity: 2000, scheduler: class org.apache.hadoop.ipc.DefaultRpcScheduler, ipcBackoff: false.
2021-09-05 02:15:09,530 [ReplicationMonitor] INFO  container.ReplicationManager (ReplicationManager.java:processAll(359)) - Replication Monitor Thread took 0 milliseconds for processing 0 containers.
2021-09-05 02:15:09,531 [Socket Reader #1 for port 0] INFO  ipc.Server (Server.java:run(1265)) - Starting Socket Reader #1 for port 0
2021-09-05 02:15:09,592 [Listener at 0.0.0.0/38115] INFO  algorithms.ContainerPlacementPolicyFactory (ContainerPlacementPolicyFactory.java:getPolicy(60)) - Create container placement policy of type org.apache.hadoop.hdds.scm.container.placement.algorithms.SCMContainerPlacementRandom
2021-09-05 02:15:09,597 [Listener at 0.0.0.0/38115] INFO  server.StorageContainerManager (StorageContainerManager.java:<init>(387)) - 
Container Balancer status:
Key                            Value
Running                        false
Container Balancer Configuration values:
Key                                                Value
Threshold                                          0.1
Max Datanodes to Involve per Iteration(ratio)      0.5
Max Size to Move per Iteration                     10737418240B

2021-09-05 02:15:09,597 [Listener at 0.0.0.0/38115] WARN  events.EventQueue (EventQueue.java:fireEvent(194)) - No event handler registered for event TypedEvent{payloadType=SafeModeStatus, name='Safe mode status'}
2021-09-05 02:15:09,597 [Listener at 0.0.0.0/38115] INFO  ha.SCMContext (SCMContext.java:updateSafeModeStatus(205)) - Update SafeModeStatus from SafeModeStatus{safeModeStatus=true, preCheckPassed=false} to SafeModeStatus{safeModeStatus=true, preCheckPassed=false}.
2021-09-05 02:15:09,598 [Listener at 0.0.0.0/38115] INFO  server.StorageContainerManager (StorageContainerManager.java:start(1256)) - StorageContainerLocationProtocol RPC server is listening at /0.0.0.0:38115
2021-09-05 02:15:09,598 [Listener at 0.0.0.0/38115] INFO  impl.MetricsSystemImpl (MetricsSystemImpl.java:init(158)) - StorageContainerManager metrics system started (again)
2021-09-05 02:15:09,631 [Listener at 0.0.0.0/38115] INFO  server.SCMClientProtocolServer (SCMClientProtocolServer.java:start(164)) - RPC server for Client  is listening at /0.0.0.0:38115
2021-09-05 02:15:09,641 [IPC Server listener on 0] INFO  ipc.Server (Server.java:run(1344)) - IPC Server listener on 0: starting
2021-09-05 02:15:09,641 [IPC Server Responder] INFO  ipc.Server (Server.java:run(1507)) - IPC Server Responder: starting
2021-09-05 02:15:09,730 [Listener at 0.0.0.0/38115] INFO  server.StorageContainerManager (StorageContainerManager.java:start(1271)) - ScmBlockLocationProtocol RPC server is listening at /0.0.0.0:35267
2021-09-05 02:15:09,731 [Listener at 0.0.0.0/38115] INFO  server.SCMBlockProtocolServer (SCMBlockProtocolServer.java:start(151)) - RPC server for Block Protocol is listening at /0.0.0.0:35267
2021-09-05 02:15:09,740 [IPC Server Responder] INFO  ipc.Server (Server.java:run(1507)) - IPC Server Responder: starting
2021-09-05 02:15:09,740 [IPC Server listener on 0] INFO  ipc.Server (Server.java:run(1344)) - IPC Server listener on 0: starting
2021-09-05 02:15:09,757 [Listener at 0.0.0.0/38115] INFO  server.StorageContainerManager (StorageContainerManager.java:start(1277)) - ScmDatanodeProtocl RPC server is listening at /0.0.0.0:34977
2021-09-05 02:15:09,757 [Listener at 0.0.0.0/38115] INFO  server.SCMDatanodeProtocolServer (SCMDatanodeProtocolServer.java:start(181)) - RPC server for DataNodes is listening at /0.0.0.0:34977
2021-09-05 02:15:09,764 [IPC Server Responder] INFO  ipc.Server (Server.java:run(1507)) - IPC Server Responder: starting
2021-09-05 02:15:09,770 [IPC Server listener on 0] INFO  ipc.Server (Server.java:run(1344)) - IPC Server listener on 0: starting
2021-09-05 02:15:09,790 [Listener at 0.0.0.0/38115] INFO  http.BaseHttpServer (BaseHttpServer.java:newHttpServer2BuilderForOzone(209)) - Starting Web-server for scm at: http://0.0.0.0:0
2021-09-05 02:15:09,790 [Listener at 0.0.0.0/38115] INFO  http.BaseHttpServer (BaseHttpServer.java:<init>(107)) - Hadoop Security Enabled: false Ozone Security Enabled: false Ozone HTTP Security Enabled: false 
2021-09-05 02:15:09,791 [Listener at 0.0.0.0/38115] INFO  server.AuthenticationFilter (AuthenticationFilter.java:constructSecretProvider(240)) - Unable to initialize FileSignerSecretProvider, falling back to use random secrets.
2021-09-05 02:15:09,792 [org.apache.hadoop.util.JvmPauseMonitor$Monitor@4c800dac] INFO  util.JvmPauseMonitor (JvmPauseMonitor.java:run(188)) - Starting JVM pause monitor
2021-09-05 02:15:09,792 [Listener at 0.0.0.0/38115] WARN  http.HttpRequestLog (HttpRequestLog.java:getRequestLog(103)) - Jetty request log can only be enabled using Log4j
2021-09-05 02:15:09,792 [Listener at 0.0.0.0/38115] INFO  http.HttpServer2 (HttpServer2.java:addGlobalFilter(1030)) - Added global filter 'safety' (class=org.apache.hadoop.hdds.server.http.HttpServer2$QuotingInputFilter)
2021-09-05 02:15:09,793 [Listener at 0.0.0.0/38115] INFO  http.HttpServer2 (HttpServer2.java:addFilter(1006)) - Added filter static_user_filter (class=org.apache.hadoop.http.lib.StaticUserWebFilter$StaticUserFilter) to context scm
2021-09-05 02:15:09,793 [Listener at 0.0.0.0/38115] INFO  http.HttpServer2 (HttpServer2.java:addFilter(1014)) - Added filter static_user_filter (class=org.apache.hadoop.http.lib.StaticUserWebFilter$StaticUserFilter) to context logs
2021-09-05 02:15:09,793 [Listener at 0.0.0.0/38115] INFO  http.HttpServer2 (HttpServer2.java:addFilter(1014)) - Added filter static_user_filter (class=org.apache.hadoop.http.lib.StaticUserWebFilter$StaticUserFilter) to context static
2021-09-05 02:15:09,794 [Listener at 0.0.0.0/38115] INFO  http.HttpServer2 (HttpServer2.java:bindListener(1249)) - Jetty bound to port 37321
2021-09-05 02:15:09,809 [Listener at 0.0.0.0/38115] INFO  server.Server (Server.java:doStart(375)) - jetty-9.4.43.v20210629; built: 2021-06-30T11:07:22.254Z; git: 526006ecfa3af7f1a27ef3a288e2bef7ea9dd7e8; jvm 1.8.0_292-b10
2021-09-05 02:15:09,827 [main] INFO  rpc.RpcClient (RpcClient.java:createVolume(342)) - Creating Volume: vol1, with user82697 as owner and space quota set to -1 bytes, counts quota set to -1
2021-09-05 02:15:09,828 [Listener at 0.0.0.0/38115] INFO  server.session (DefaultSessionIdManager.java:doStart(334)) - DefaultSessionIdManager workerName=node0
2021-09-05 02:15:09,829 [Listener at 0.0.0.0/38115] INFO  server.session (DefaultSessionIdManager.java:doStart(339)) - No SessionScavenger set, using defaults
2021-09-05 02:15:09,829 [Listener at 0.0.0.0/38115] INFO  server.session (HouseKeeper.java:startScavenging(132)) - node0 Scavenging every 600000ms
2021-09-05 02:15:09,829 [Listener at 0.0.0.0/38115] INFO  handler.ContextHandler (ContextHandler.java:doStart(915)) - Started o.e.j.s.ServletContextHandler@6b46960c{logs,/logs,file:///home/runner/work/ozone/ozone/hadoop-ozone/integration-test/target/log,AVAILABLE}
2021-09-05 02:15:09,830 [Listener at 0.0.0.0/38115] INFO  handler.ContextHandler (ContextHandler.java:doStart(915)) - Started o.e.j.s.ServletContextHandler@7bb312a8{static,/static,file:///home/runner/work/ozone/ozone/hadoop-ozone/integration-test/target/test-classes/webapps/static,AVAILABLE}
2021-09-05 02:15:09,842 [Listener at 0.0.0.0/38115] INFO  handler.ContextHandler (ContextHandler.java:doStart(915)) - Started o.e.j.w.WebAppContext@7d6bc5c6{scm,/,file:///home/runner/work/ozone/ozone/hadoop-ozone/integration-test/target/test-classes/webapps/scm/,AVAILABLE}{file:/home/runner/work/ozone/ozone/hadoop-ozone/integration-test/target/test-classes/webapps/scm}
2021-09-05 02:15:09,843 [Listener at 0.0.0.0/38115] INFO  server.AbstractConnector (AbstractConnector.java:doStart(331)) - Started ServerConnector@788c85da{HTTP/1.1, (http/1.1)}{0.0.0.0:37321}
2021-09-05 02:15:09,843 [Listener at 0.0.0.0/38115] INFO  server.Server (Server.java:doStart(415)) - Started @30821ms
2021-09-05 02:15:09,843 [Listener at 0.0.0.0/38115] WARN  impl.MetricsSystemImpl (MetricsSystemImpl.java:register(279)) - Sink prometheus already exists!
2021-09-05 02:15:09,843 [Listener at 0.0.0.0/38115] INFO  http.BaseHttpServer (BaseHttpServer.java:updateConnectorAddress(329)) - HTTP server of scm listening at http://0.0.0.0:37321
2021-09-05 02:15:09,843 [Listener at 0.0.0.0/38115] WARN  server.ServerUtils (ServerUtils.java:getDBPath(225)) - ozone.om.db.dirs is not configured. We recommend adding this setting. Falling back to ozone.metadata.dirs instead.
2021-09-05 02:15:09,846 [Listener at 0.0.0.0/38115] INFO  ha.OMHANodeDetails (OMHANodeDetails.java:loadOMHAConfig(112)) - ozone.om.internal.service.id is not defined, falling back to ozone.om.service.ids to find serviceID for OzoneManager if it is HA enabled cluster
2021-09-05 02:15:09,846 [Listener at 0.0.0.0/38115] INFO  ha.OMHANodeDetails (OMHANodeDetails.java:loadOMHAConfig(219)) - Configuration does not have ozone.om.address set. Falling back to the default OM address /127.0.0.1:0
2021-09-05 02:15:09,846 [Listener at 0.0.0.0/38115] INFO  ha.OMHANodeDetails (OMHANodeDetails.java:getOMNodeDetails(247)) - OM Service ID is not set. Setting it to the default ID: omServiceIdDefault
2021-09-05 02:15:09,846 [Listener at 0.0.0.0/38115] INFO  ha.OMHANodeDetails (OMHANodeDetails.java:getOMNodeDetails(254)) - OM Node ID is not set. Setting it to the default ID: om1
2021-09-05 02:15:09,846 [Listener at 0.0.0.0/38115] WARN  server.ServerUtils (ServerUtils.java:getDBPath(225)) - ozone.om.db.dirs is not configured. We recommend adding this setting. Falling back to ozone.metadata.dirs instead.
2021-09-05 02:15:09,846 [Listener at 0.0.0.0/38115] INFO  upgrade.AbstractLayoutVersionManager (AbstractLayoutVersionManager.java:init(70)) - Initializing Layout version manager with metadata layout = INITIAL_VERSION (version = 0), software layout = INITIAL_VERSION (version = 0)
2021-09-05 02:15:09,912 [OM StateMachine ApplyTransaction Thread - 0] INFO  volume.OMVolumeCreateRequest (OMVolumeCreateRequest.java:validateAndUpdateCache(195)) - created volume:vol1 for user:user82697
2021-09-05 02:15:09,937 [main] INFO  rpc.RpcClient (RpcClient.java:createBucket(502)) - Creating Bucket: vol1/bucket1, with Versioning false and Storage Type set to DISK and Encryption set to false 
2021-09-05 02:15:09,984 [Listener at 0.0.0.0/38115] INFO  reflections.Reflections (Reflections.java:scan(232)) - Reflections took 130 ms to scan 2 urls, producing 131 keys and 342 values [using 2 cores]
2021-09-05 02:15:09,985 [Listener at 0.0.0.0/38115] INFO  upgrade.OMLayoutVersionManager (OMLayoutVersionManager.java:lambda$0(116)) - Skipping Upgrade Action MockOmUpgradeAction since it has been finalized.
2021-09-05 02:15:09,985 [Listener at 0.0.0.0/38115] WARN  server.ServerUtils (ServerUtils.java:getDBPath(225)) - ozone.om.db.dirs is not configured. We recommend adding this setting. Falling back to ozone.metadata.dirs instead.
2021-09-05 02:15:09,998 [Listener at 0.0.0.0/38115] WARN  server.ServerUtils (ServerUtils.java:getDBPath(225)) - ozone.om.db.dirs is not configured. We recommend adding this setting. Falling back to ozone.metadata.dirs instead.
2021-09-05 02:15:09,998 [Listener at 0.0.0.0/38115] INFO  codec.OmKeyInfoCodec (OmKeyInfoCodec.java:<init>(51)) - OmKeyInfoCodec ignorePipeline = true
2021-09-05 02:15:09,998 [Listener at 0.0.0.0/38115] INFO  codec.RepeatedOmKeyInfoCodec (RepeatedOmKeyInfoCodec.java:<init>(42)) - RepeatedOmKeyInfoCodec ignorePipeline = true
2021-09-05 02:15:10,036 [IPC Server handler 3 on default port 36505] INFO  ha.SequenceIdGenerator (SequenceIdGenerator.java:getNextId(127)) - Allocate a batch for containerId, change lastId from 0 to 1000.
2021-09-05 02:15:10,048 [IPC Server handler 3 on default port 36505] WARN  ha.SequenceIdGenerator (SequenceIdGenerator.java:allocateBatch(234)) - Failed to allocate a batch for localId, expected lastId is 0, actual lastId is 107544261427200000.
2021-09-05 02:15:10,049 [IPC Server handler 3 on default port 36505] INFO  ha.SequenceIdGenerator (SequenceIdGenerator.java:getNextId(127)) - Allocate a batch for localId, change lastId from 107544261427200000 to 107544261427201000.
2021-09-05 02:15:10,066 [ReplicationMonitor] INFO  container.ReplicationManager (ReplicationManager.java:processAll(359)) - Replication Monitor Thread took 0 milliseconds for processing 1 containers.
2021-09-05 02:15:10,164 [main] INFO  impl.MetricsSystemImpl (MetricsSystemImpl.java:init(158)) - XceiverClientMetrics metrics system started (again)
2021-09-05 02:15:10,221 [Listener at 0.0.0.0/38115] INFO  om.OzoneManager (OzoneManager.java:addS3GVolumeToDB(4115)) - Created Volume s3v With Owner runner required for S3Gateway operations.
2021-09-05 02:15:10,221 [Listener at 0.0.0.0/38115] WARN  server.ServerUtils (ServerUtils.java:getDefaultRatisDirectory(237)) - Storage directory for Ratis is not configured. It is a good idea to map this to an SSD disk. Falling back to ozone.metadata.dirs
2021-09-05 02:15:10,221 [Listener at 0.0.0.0/38115] WARN  utils.OzoneManagerRatisUtils (OzoneManagerRatisUtils.java:getOMRatisSnapshotDirectory(391)) - ozone.om.ratis.snapshot.dir is not configured. Falling back to ozone.metadata.dirs config
2021-09-05 02:15:10,221 [Listener at 0.0.0.0/38115] WARN  impl.MetricRegistriesImpl (MetricRegistriesImpl.java:addReporterRegistration(111)) - New reporters are added after registries were created. Some metrics will be missing from the reporter. Please add reporter before adding any new registry.
2021-09-05 02:15:10,221 [Listener at 0.0.0.0/38115] WARN  impl.MetricRegistriesImpl (MetricRegistriesImpl.java:addReporterRegistration(111)) - New reporters are added after registries were created. Some metrics will be missing from the reporter. Please add reporter before adding any new registry.
2021-09-05 02:15:10,221 [Listener at 0.0.0.0/38115] WARN  server.ServerUtils (ServerUtils.java:getDefaultRatisDirectory(237)) - Storage directory for Ratis is not configured. It is a good idea to map this to an SSD disk. Falling back to ozone.metadata.dirs
2021-09-05 02:15:10,223 [Listener at 0.0.0.0/38115] INFO  ratis.OzoneManagerRatisServer (OzoneManagerRatisServer.java:<init>(158)) - Instantiating OM Ratis server with groupID: omServiceIdDefault and peers: localhost:33421
2021-09-05 02:15:10,223 [Listener at 0.0.0.0/38115] INFO  ratis.OzoneManagerStateMachine (OzoneManagerStateMachine.java:loadSnapshotInfoFromDB(605)) - LastAppliedIndex is set from TransactionInfo from OM DB as (t:0, i:~)
2021-09-05 02:15:10,223 [Listener at 0.0.0.0/38115] INFO  server.RaftServer (ConfUtils.java:logGet(44)) - raft.rpc.type = GRPC (default)
2021-09-05 02:15:10,223 [Listener at 0.0.0.0/38115] INFO  grpc.GrpcFactory (GrpcFactory.java:checkPooledByteBufAllocatorUseCacheForAllThreads(48)) - PERFORMANCE WARNING: useCacheForAllThreads is true that may cause Netty to create a lot garbage objects and, as a result, trigger GC.
	It is recommended to disable useCacheForAllThreads by setting -Dorg.apache.ratis.thirdparty.io.netty.allocator.useCacheForAllThreads=false in command line.
2021-09-05 02:15:10,223 [Listener at 0.0.0.0/38115] INFO  grpc.GrpcConfigKeys (ConfUtils.java:logGet(44)) - raft.grpc.admin.port = -1 (default)
2021-09-05 02:15:10,223 [Listener at 0.0.0.0/38115] INFO  grpc.GrpcConfigKeys (ConfUtils.java:logGet(44)) - raft.grpc.server.port = 33421 (custom)
2021-09-05 02:15:10,224 [Listener at 0.0.0.0/38115] INFO  grpc.GrpcConfigKeys (ConfUtils.java:logGet(44)) - raft.grpc.client.port = -1 (default)
2021-09-05 02:15:10,224 [Listener at 0.0.0.0/38115] INFO  grpc.GrpcConfigKeys (ConfUtils.java:logGet(44)) - raft.grpc.server.port = 33421 (custom)
2021-09-05 02:15:10,224 [Listener at 0.0.0.0/38115] INFO  grpc.GrpcConfigKeys (ConfUtils.java:logGet(44)) - raft.grpc.server.port = 33421 (custom)
2021-09-05 02:15:10,224 [Listener at 0.0.0.0/38115] INFO  server.GrpcService (ConfUtils.java:logGet(44)) - raft.grpc.message.size.max = 33554432 (custom)
2021-09-05 02:15:10,224 [Listener at 0.0.0.0/38115] INFO  server.RaftServerConfigKeys (ConfUtils.java:logGet(44)) - raft.server.log.appender.buffer.byte-limit = 33554432 (custom)
2021-09-05 02:15:10,224 [Listener at 0.0.0.0/38115] INFO  server.GrpcService (ConfUtils.java:logGet(44)) - raft.grpc.flow.control.window = 1MB (=1048576) (default)
2021-09-05 02:15:10,224 [Listener at 0.0.0.0/38115] INFO  server.RaftServerConfigKeys (ConfUtils.java:logGet(44)) - raft.server.rpc.request.timeout = 3000ms (default)
2021-09-05 02:15:10,225 [Listener at 0.0.0.0/38115] INFO  impl.DataStreamServerImpl (ConfUtils.java:logGet(44)) - raft.datastream.type = DISABLED (default)
2021-09-05 02:15:10,225 [Listener at 0.0.0.0/38115] INFO  server.RaftServerConfigKeys (ConfUtils.java:logGet(44)) - raft.server.rpc.slowness.timeout = 120s (custom)
2021-09-05 02:15:10,225 [Listener at 0.0.0.0/38115] INFO  server.RaftServerConfigKeys (ConfUtils.java:logGet(44)) - raft.server.leaderelection.leader.step-down.wait-time = 10s (default)
2021-09-05 02:15:10,226 [Listener at 0.0.0.0/38115] INFO  server.RaftServerConfigKeys (ConfUtils.java:logGet(44)) - raft.server.storage.dir = [/home/runner/work/ozone/ozone/hadoop-ozone/integration-test/target/test-dir/MiniOzoneClusterImpl-41f086ef-0a60-4f7c-b4a3-54cba879f76c/ozone-meta/ratis] (custom)
2021-09-05 02:15:10,230 [Listener at 0.0.0.0/38115] INFO  server.RaftServer (RaftServerProxy.java:addNew(95)) - om1: addNew group-C5BA1605619E:[om1|rpc:localhost:33421|priority:0] returns group-C5BA1605619E:java.util.concurrent.CompletableFuture@6d9c5072[Not completed]
2021-09-05 02:15:10,230 [Listener at 0.0.0.0/38115] INFO  om.OzoneManager (OzoneManager.java:initializeRatisServer(1573)) - OzoneManager Ratis server initialized at port 33421
2021-09-05 02:15:10,231 [Listener at 0.0.0.0/38115] INFO  ipc.CallQueueManager (CallQueueManager.java:<init>(90)) - Using callQueue: class java.util.concurrent.LinkedBlockingQueue, queueCapacity: 2000, scheduler: class org.apache.hadoop.ipc.DefaultRpcScheduler, ipcBackoff: false.
2021-09-05 02:15:10,232 [pool-207-thread-1] INFO  server.RaftServer$Division (RaftServerImpl.java:<init>(181)) - om1: new RaftServerImpl for group-C5BA1605619E:[om1|rpc:localhost:33421|priority:0] with OzoneManagerStateMachine:uninitialized
2021-09-05 02:15:10,232 [Socket Reader #1 for port 0] INFO  ipc.Server (Server.java:run(1265)) - Starting Socket Reader #1 for port 0
2021-09-05 02:15:10,246 [pool-207-thread-1] INFO  server.RaftServerConfigKeys (ConfUtils.java:logGet(44)) - raft.server.rpc.timeout.min = 1s (custom)
2021-09-05 02:15:10,246 [pool-207-thread-1] INFO  server.RaftServerConfigKeys (ConfUtils.java:logGet(44)) - raft.server.rpc.timeout.max = 1200ms (custom)
2021-09-05 02:15:10,246 [pool-207-thread-1] INFO  server.RaftServerConfigKeys (ConfUtils.java:logGet(44)) - raft.server.rpc.sleep.time = 25ms (default)
2021-09-05 02:15:10,246 [pool-207-thread-1] INFO  server.RaftServerConfigKeys (ConfUtils.java:logGet(44)) - raft.server.rpc.slowness.timeout = 120s (custom)
2021-09-05 02:15:10,246 [pool-207-thread-1] INFO  server.RaftServerConfigKeys (ConfUtils.java:logGet(44)) - raft.server.leaderelection.leader.step-down.wait-time = 10s (default)
2021-09-05 02:15:10,246 [pool-207-thread-1] INFO  server.RaftServerConfigKeys (ConfUtils.java:logGet(44)) - raft.server.sleep.deviation.threshold = 300ms (default)
2021-09-05 02:15:10,246 [pool-207-thread-1] INFO  server.RaftServerConfigKeys (ConfUtils.java:logGet(44)) - raft.server.log.appender.install.snapshot.enabled = false (custom)
2021-09-05 02:15:10,246 [pool-207-thread-1] INFO  server.RaftServer$Division (ServerState.java:<init>(105)) - om1@group-C5BA1605619E: ConfigurationManager, init=-1: [om1|rpc:localhost:33421|priority:0], old=null, confs=<EMPTY_MAP>
2021-09-05 02:15:10,246 [pool-207-thread-1] INFO  server.RaftServerConfigKeys (ConfUtils.java:logGet(44)) - raft.server.storage.dir = [/home/runner/work/ozone/ozone/hadoop-ozone/integration-test/target/test-dir/MiniOzoneClusterImpl-41f086ef-0a60-4f7c-b4a3-54cba879f76c/ozone-meta/ratis] (custom)
2021-09-05 02:15:10,246 [pool-207-thread-1] INFO  server.RaftServerConfigKeys (ConfUtils.java:logGet(44)) - raft.server.log.corruption.policy = EXCEPTION (default)
2021-09-05 02:15:10,246 [pool-207-thread-1] INFO  server.RaftServerConfigKeys (ConfUtils.java:logGet(44)) - raft.server.storage.free-space.min = 0MB (=0) (default)
2021-09-05 02:15:10,247 [pool-207-thread-1] INFO  storage.RaftStorageDirectory (RaftStorageDirectoryImpl.java:analyzeStorage(135)) - The storage directory /home/runner/work/ozone/ozone/hadoop-ozone/integration-test/target/test-dir/MiniOzoneClusterImpl-41f086ef-0a60-4f7c-b4a3-54cba879f76c/ozone-meta/ratis/bf265839-605b-3f16-9796-c5ba1605619e does not exist. Creating ...
2021-09-05 02:15:10,249 [pool-207-thread-1] INFO  storage.RaftStorageDirectory (RaftStorageDirectoryImpl.java:tryLock(230)) - Lock on /home/runner/work/ozone/ozone/hadoop-ozone/integration-test/target/test-dir/MiniOzoneClusterImpl-41f086ef-0a60-4f7c-b4a3-54cba879f76c/ozone-meta/ratis/bf265839-605b-3f16-9796-c5ba1605619e/in_use.lock acquired by nodename 7276@fv-az151-757
2021-09-05 02:15:10,251 [pool-207-thread-1] INFO  storage.RaftStorage (RaftStorageImpl.java:format(89)) - Storage directory /home/runner/work/ozone/ozone/hadoop-ozone/integration-test/target/test-dir/MiniOzoneClusterImpl-41f086ef-0a60-4f7c-b4a3-54cba879f76c/ozone-meta/ratis/bf265839-605b-3f16-9796-c5ba1605619e has been successfully formatted.
2021-09-05 02:15:10,251 [pool-207-thread-1] INFO  server.RaftServerConfigKeys (ConfUtils.java:logGet(44)) - raft.server.notification.no-leader.timeout = 120s (custom)
2021-09-05 02:15:10,251 [pool-207-thread-1] INFO  server.RaftServerConfigKeys (ConfUtils.java:logGet(44)) - raft.server.log.use.memory = false (default)
2021-09-05 02:15:10,251 [pool-207-thread-1] INFO  server.RaftServerConfigKeys (ConfUtils.java:logGet(44)) - raft.server.log.purge.gap = 1000000 (custom)
2021-09-05 02:15:10,251 [pool-207-thread-1] INFO  server.RaftServerConfigKeys (ConfUtils.java:logGet(44)) - raft.server.log.appender.buffer.byte-limit = 33554432 (custom)
2021-09-05 02:15:10,251 [pool-207-thread-1] INFO  server.RaftServerConfigKeys (ConfUtils.java:logGet(44)) - raft.server.log.segment.size.max = 4194304 (custom)
2021-09-05 02:15:10,251 [pool-207-thread-1] INFO  server.RaftServerConfigKeys (ConfUtils.java:logGet(44)) - raft.server.log.segment.cache.num.max = 2 (custom)
2021-09-05 02:15:10,251 [pool-207-thread-1] INFO  server.RaftServerConfigKeys (ConfUtils.java:logGet(44)) - raft.server.log.segment.cache.size.max = 200MB (=209715200) (default)
2021-09-05 02:15:10,251 [pool-207-thread-1] INFO  segmented.SegmentedRaftLogWorker (SegmentedRaftLogWorker.java:<init>(182)) - new om1@group-C5BA1605619E-SegmentedRaftLogWorker for RaftStorageImpl:Storage Directory /home/runner/work/ozone/ozone/hadoop-ozone/integration-test/target/test-dir/MiniOzoneClusterImpl-41f086ef-0a60-4f7c-b4a3-54cba879f76c/ozone-meta/ratis/bf265839-605b-3f16-9796-c5ba1605619e
2021-09-05 02:15:10,252 [pool-207-thread-1] INFO  server.RaftServerConfigKeys (ConfUtils.java:logGet(44)) - raft.server.log.queue.byte-limit = 64MB (=67108864) (default)
2021-09-05 02:15:10,252 [pool-207-thread-1] INFO  server.RaftServerConfigKeys (ConfUtils.java:logGet(44)) - raft.server.log.queue.element-limit = 4096 (default)
2021-09-05 02:15:10,252 [pool-207-thread-1] INFO  server.RaftServerConfigKeys (ConfUtils.java:logGet(44)) - raft.server.log.segment.size.max = 4194304 (custom)
2021-09-05 02:15:10,252 [pool-207-thread-1] INFO  server.RaftServerConfigKeys (ConfUtils.java:logGet(44)) - raft.server.log.preallocated.size = 4194304 (custom)
2021-09-05 02:15:10,252 [pool-207-thread-1] INFO  server.RaftServerConfigKeys (ConfUtils.java:logGet(44)) - raft.server.log.force.sync.num = 128 (default)
2021-09-05 02:15:10,252 [pool-207-thread-1] INFO  server.RaftServerConfigKeys (ConfUtils.java:logGet(44)) - raft.server.log.statemachine.data.sync = true (default)
2021-09-05 02:15:10,252 [pool-207-thread-1] INFO  server.RaftServerConfigKeys (ConfUtils.java:logGet(44)) - raft.server.log.statemachine.data.sync.timeout = 10s (default)
2021-09-05 02:15:10,252 [pool-207-thread-1] INFO  server.RaftServerConfigKeys (ConfUtils.java:logGet(44)) - raft.server.log.statemachine.data.sync.timeout.retry = -1 (default)
2021-09-05 02:15:10,252 [pool-207-thread-1] INFO  server.RaftServerConfigKeys (ConfUtils.java:logGet(44)) - raft.server.log.write.buffer.size = 64KB (=65536) (default)
2021-09-05 02:15:10,252 [pool-207-thread-1] INFO  server.RaftServerConfigKeys (ConfUtils.java:logGet(44)) - raft.server.log.statemachine.data.caching.enabled = false (default)
2021-09-05 02:15:10,252 [pool-207-thread-1] INFO  segmented.SegmentedRaftLogWorker (SegmentedRaftLogWorker.java:lambda$new$0(133)) - om1@group-C5BA1605619E-SegmentedRaftLogWorker: flushIndex: setUnconditionally 0 -> -1
2021-09-05 02:15:10,252 [pool-207-thread-1] INFO  segmented.SegmentedRaftLogWorker (SegmentedRaftLogWorker.java:lambda$new$0(133)) - om1@group-C5BA1605619E-SegmentedRaftLogWorker: safeCacheEvictIndex: setUnconditionally 0 -> -1
2021-09-05 02:15:10,282 [pool-207-thread-1] INFO  server.RaftServerConfigKeys (ConfUtils.java:logGet(44)) - raft.server.snapshot.auto.trigger.enabled = true (custom)
2021-09-05 02:15:10,282 [pool-207-thread-1] INFO  server.RaftServerConfigKeys (ConfUtils.java:logGet(44)) - raft.server.snapshot.auto.trigger.threshold = 400000 (default)
2021-09-05 02:15:10,282 [pool-207-thread-1] INFO  server.RaftServerConfigKeys (ConfUtils.java:logGet(44)) - raft.server.snapshot.retention.file.num = -1 (default)
2021-09-05 02:15:10,282 [pool-207-thread-1] INFO  server.RaftServerConfigKeys (ConfUtils.java:logGet(44)) - raft.server.log.purge.upto.snapshot.index = true (custom)
2021-09-05 02:15:10,282 [pool-207-thread-1] INFO  server.RaftServerConfigKeys (ConfUtils.java:logGet(44)) - raft.server.retrycache.expirytime = 300s (custom)
2021-09-05 02:15:10,282 [pool-207-thread-1] INFO  server.RaftServerConfigKeys (ConfUtils.java:logGet(44)) - raft.server.retrycache.statistics.expirytime = 100μs (default)
2021-09-05 02:15:10,292 [Listener at 127.0.0.1/38669] INFO  om.OzoneManager (OzoneManager.java:initFSOLayout(4321)) - Configured ozone.om.metadata.layout=SIMPLE and disabled optimized OM FS operations
2021-09-05 02:15:10,293 [Listener at 127.0.0.1/38669] INFO  impl.MetricsSystemImpl (MetricsSystemImpl.java:init(158)) - OzoneManager metrics system started (again)
2021-09-05 02:15:10,337 [Listener at 127.0.0.1/38669] INFO  om.OzoneManager (OzoneManager.java:start(1270)) - OzoneManager RPC server is listening at localhost/127.0.0.1:38669
2021-09-05 02:15:10,338 [Listener at 127.0.0.1/38669] INFO  ratis.OzoneManagerRatisServer (OzoneManagerRatisServer.java:start(516)) - Starting OzoneManagerRatisServer om1 at port 33421
2021-09-05 02:15:10,339 [Listener at 127.0.0.1/38669] INFO  server.RaftServer$Division (RaftServerImpl.java:start(296)) - om1@group-C5BA1605619E: start as a follower, conf=-1: [om1|rpc:localhost:33421|priority:0], old=null
2021-09-05 02:15:10,339 [Listener at 127.0.0.1/38669] INFO  server.RaftServer$Division (RaftServerImpl.java:setRole(285)) - om1@group-C5BA1605619E: changes role from      null to FOLLOWER at term 0 for startAsFollower
2021-09-05 02:15:10,339 [Listener at 127.0.0.1/38669] INFO  impl.RoleInfo (RoleInfo.java:updateAndGet(130)) - om1: start om1@group-C5BA1605619E-FollowerState
2021-09-05 02:15:10,339 [Listener at 127.0.0.1/38669] ERROR util.JmxRegister (JmxRegister.java:tryRegister(40)) - Failed to register JMX Bean with name Ratis:service=RaftServer,group=group-C5BA1605619E,id=om1
javax.management.InstanceAlreadyExistsException: Ratis:service=RaftServer,group=group-C5BA1605619E,id=om1
	at com.sun.jmx.mbeanserver.Repository.addMBean(Repository.java:437)
	at com.sun.jmx.interceptor.DefaultMBeanServerInterceptor.registerWithRepository(DefaultMBeanServerInterceptor.java:1898)
	at com.sun.jmx.interceptor.DefaultMBeanServerInterceptor.registerDynamicMBean(DefaultMBeanServerInterceptor.java:966)
	at com.sun.jmx.interceptor.DefaultMBeanServerInterceptor.registerObject(DefaultMBeanServerInterceptor.java:900)
	at com.sun.jmx.interceptor.DefaultMBeanServerInterceptor.registerMBean(DefaultMBeanServerInterceptor.java:324)
	at com.sun.jmx.mbeanserver.JmxMBeanServer.registerMBean(JmxMBeanServer.java:522)
	at org.apache.ratis.util.JmxRegister.tryRegister(JmxRegister.java:38)
	at org.apache.ratis.util.JmxRegister.register(JmxRegister.java:56)
	at org.apache.ratis.server.impl.RaftServerImpl.registerMBean(RaftServerImpl.java:312)
	at org.apache.ratis.server.impl.RaftServerImpl.start(RaftServerImpl.java:303)
	at java.util.stream.ForEachOps$ForEachOp$OfRef.accept(ForEachOps.java:183)
	at java.util.ArrayList$ArrayListSpliterator.forEachRemaining(ArrayList.java:1384)
	at java.util.stream.AbstractPipeline.copyInto(AbstractPipeline.java:482)
	at java.util.stream.ForEachOps$ForEachTask.compute(ForEachOps.java:290)
	at java.util.concurrent.CountedCompleter.exec(CountedCompleter.java:731)
	at java.util.concurrent.ForkJoinTask.doExec(ForkJoinTask.java:289)
	at java.util.concurrent.ForkJoinTask.doInvoke(ForkJoinTask.java:401)
	at java.util.concurrent.ForkJoinTask.invoke(ForkJoinTask.java:734)
	at java.util.stream.ForEachOps$ForEachOp.evaluateParallel(ForEachOps.java:159)
	at java.util.stream.ForEachOps$ForEachOp$OfRef.evaluateParallel(ForEachOps.java:173)
	at java.util.stream.AbstractPipeline.evaluate(AbstractPipeline.java:233)
	at java.util.stream.ReferencePipeline.forEach(ReferencePipeline.java:485)
	at java.util.stream.ReferencePipeline$Head.forEach(ReferencePipeline.java:650)
	at org.apache.ratis.server.impl.RaftServerProxy.start(RaftServerProxy.java:371)
	at org.apache.hadoop.ozone.om.ratis.OzoneManagerRatisServer.start(OzoneManagerRatisServer.java:518)
	at org.apache.hadoop.ozone.om.OzoneManager.start(OzoneManager.java:1279)
	at org.apache.hadoop.ozone.MiniOzoneClusterImpl$Builder.build(MiniOzoneClusterImpl.java:597)
	at org.apache.hadoop.ozone.MiniOzoneClusterProvider.lambda$createClusters$1(MiniOzoneClusterProvider.java:231)
	at java.lang.Thread.run(Thread.java:748)
2021-09-05 02:15:10,340 [Listener at 127.0.0.1/38669] INFO  util.JmxRegister (JmxRegister.java:tryRegister(44)) - Successfully registered JMX Bean with object name Ratis:service=RaftServer,group=group-C5BA1605619E,id="om1"
2021-09-05 02:15:10,342 [Listener at 127.0.0.1/38669] INFO  server.RaftServer (RaftServerProxy.java:lambda$start$5(374)) - om1: start RPC server
2021-09-05 02:15:10,344 [Listener at 127.0.0.1/38669] INFO  server.GrpcService (GrpcService.java:startImpl(253)) - om1: GrpcService started, listening on 33421
2021-09-05 02:15:10,346 [Listener at 127.0.0.1/38669] INFO  om.OzoneManager (OzoneManager.java:start(1288)) - Version File has different layout version (0) than OM DB (null). That is expected if this OM has never been finalized to a newer layout version.
2021-09-05 02:15:10,346 [org.apache.ratis.util.JvmPauseMonitor$$Lambda$534/1412209494@30470f31] INFO  util.JvmPauseMonitor (JvmPauseMonitor.java:run(103)) - JvmPauseMonitor-om1: Started
2021-09-05 02:15:10,358 [Listener at 127.0.0.1/38669] INFO  http.BaseHttpServer (BaseHttpServer.java:newHttpServer2BuilderForOzone(209)) - Starting Web-server for ozoneManager at: http://0.0.0.0:0
2021-09-05 02:15:10,358 [Listener at 127.0.0.1/38669] INFO  http.BaseHttpServer (BaseHttpServer.java:<init>(107)) - Hadoop Security Enabled: false Ozone Security Enabled: false Ozone HTTP Security Enabled: false 
2021-09-05 02:15:10,360 [Listener at 127.0.0.1/38669] INFO  server.AuthenticationFilter (AuthenticationFilter.java:constructSecretProvider(240)) - Unable to initialize FileSignerSecretProvider, falling back to use random secrets.
2021-09-05 02:15:10,360 [Listener at 127.0.0.1/38669] WARN  http.HttpRequestLog (HttpRequestLog.java:getRequestLog(103)) - Jetty request log can only be enabled using Log4j
2021-09-05 02:15:10,361 [Listener at 127.0.0.1/38669] INFO  http.HttpServer2 (HttpServer2.java:addGlobalFilter(1030)) - Added global filter 'safety' (class=org.apache.hadoop.hdds.server.http.HttpServer2$QuotingInputFilter)
2021-09-05 02:15:10,363 [Listener at 127.0.0.1/38669] INFO  http.HttpServer2 (HttpServer2.java:addFilter(1006)) - Added filter static_user_filter (class=org.apache.hadoop.http.lib.StaticUserWebFilter$StaticUserFilter) to context ozoneManager
2021-09-05 02:15:10,363 [Listener at 127.0.0.1/38669] INFO  http.HttpServer2 (HttpServer2.java:addFilter(1014)) - Added filter static_user_filter (class=org.apache.hadoop.http.lib.StaticUserWebFilter$StaticUserFilter) to context logs
2021-09-05 02:15:10,363 [Listener at 127.0.0.1/38669] INFO  http.HttpServer2 (HttpServer2.java:addFilter(1014)) - Added filter static_user_filter (class=org.apache.hadoop.http.lib.StaticUserWebFilter$StaticUserFilter) to context static
2021-09-05 02:15:10,363 [Listener at 127.0.0.1/38669] INFO  http.HttpServer2 (HttpServer2.java:bindListener(1249)) - Jetty bound to port 32847
2021-09-05 02:15:10,363 [Listener at 127.0.0.1/38669] INFO  server.Server (Server.java:doStart(375)) - jetty-9.4.43.v20210629; built: 2021-06-30T11:07:22.254Z; git: 526006ecfa3af7f1a27ef3a288e2bef7ea9dd7e8; jvm 1.8.0_292-b10
2021-09-05 02:15:10,368 [Listener at 127.0.0.1/38669] INFO  server.session (DefaultSessionIdManager.java:doStart(334)) - DefaultSessionIdManager workerName=node0
2021-09-05 02:15:10,368 [Listener at 127.0.0.1/38669] INFO  server.session (DefaultSessionIdManager.java:doStart(339)) - No SessionScavenger set, using defaults
2021-09-05 02:15:10,368 [Listener at 127.0.0.1/38669] INFO  server.session (HouseKeeper.java:startScavenging(132)) - node0 Scavenging every 660000ms
2021-09-05 02:15:10,371 [Listener at 127.0.0.1/38669] INFO  handler.ContextHandler (ContextHandler.java:doStart(915)) - Started o.e.j.s.ServletContextHandler@9577307{logs,/logs,file:///home/runner/work/ozone/ozone/hadoop-ozone/integration-test/target/log,AVAILABLE}
2021-09-05 02:15:10,372 [Listener at 127.0.0.1/38669] INFO  handler.ContextHandler (ContextHandler.java:doStart(915)) - Started o.e.j.s.ServletContextHandler@34ad3b9b{static,/static,file:///home/runner/work/ozone/ozone/hadoop-ozone/integration-test/target/test-classes/webapps/static,AVAILABLE}
2021-09-05 02:15:10,375 [Listener at 127.0.0.1/38669] INFO  handler.ContextHandler (ContextHandler.java:doStart(915)) - Started o.e.j.w.WebAppContext@99afbbc{ozoneManager,/,file:///home/runner/work/ozone/ozone/hadoop-ozone/integration-test/target/test-classes/webapps/ozoneManager/,AVAILABLE}{file:/home/runner/work/ozone/ozone/hadoop-ozone/integration-test/target/test-classes/webapps/ozoneManager}
2021-09-05 02:15:10,378 [Listener at 127.0.0.1/38669] INFO  server.AbstractConnector (AbstractConnector.java:doStart(331)) - Started ServerConnector@1ae545ba{HTTP/1.1, (http/1.1)}{0.0.0.0:32847}
2021-09-05 02:15:10,380 [Listener at 127.0.0.1/38669] INFO  server.Server (Server.java:doStart(415)) - Started @31358ms
2021-09-05 02:15:10,380 [Listener at 127.0.0.1/38669] WARN  impl.MetricsSystemImpl (MetricsSystemImpl.java:register(279)) - Sink prometheus already exists!
2021-09-05 02:15:10,381 [Listener at 127.0.0.1/38669] INFO  http.BaseHttpServer (BaseHttpServer.java:updateConnectorAddress(329)) - HTTP server of ozoneManager listening at http://0.0.0.0:32847
2021-09-05 02:15:10,389 [IPC Server Responder] INFO  ipc.Server (Server.java:run(1507)) - IPC Server Responder: starting
2021-09-05 02:15:10,396 [IPC Server listener on 0] INFO  ipc.Server (Server.java:run(1344)) - IPC Server listener on 0: starting
2021-09-05 02:15:10,417 [Listener at 127.0.0.1/38669] INFO  om.OzoneManager (OzoneManager.java:startTrashEmptier(1531)) - Trash Interval set to 0. Files deleted will not move to trash
2021-09-05 02:15:10,428 [org.apache.hadoop.util.JvmPauseMonitor$Monitor@51876adc] INFO  util.JvmPauseMonitor (JvmPauseMonitor.java:run(188)) - Starting JVM pause monitor
2021-09-05 02:15:10,435 [Listener at 127.0.0.1/38669] WARN  impl.MetricRegistriesImpl (MetricRegistriesImpl.java:addReporterRegistration(111)) - New reporters are added after registries were created. Some metrics will be missing from the reporter. Please add reporter before adding any new registry.
2021-09-05 02:15:10,435 [Listener at 127.0.0.1/38669] WARN  impl.MetricRegistriesImpl (MetricRegistriesImpl.java:addReporterRegistration(111)) - New reporters are added after registries were created. Some metrics will be missing from the reporter. Please add reporter before adding any new registry.
2021-09-05 02:15:10,435 [Listener at 127.0.0.1/38669] INFO  impl.MetricsSystemImpl (MetricsSystemImpl.java:init(158)) - HddsDatanode metrics system started (again)
2021-09-05 02:15:10,454 [Datanode State Machine Thread - 0] WARN  statemachine.StateContext (StateContext.java:execute(621)) - No available thread in pool for past 1 seconds.
2021-09-05 02:15:10,454 [Datanode State Machine Thread - 0] WARN  statemachine.StateContext (StateContext.java:execute(621)) - No available thread in pool for past 1 seconds.
2021-09-05 02:15:10,456 [Listener at 127.0.0.1/38669] INFO  ozone.HddsDatanodeService (HddsDatanodeService.java:start(234)) - HddsDatanodeService host:fv-az151-757.yf2hydr00wburbhx3j5hxtcipe.bx.internal.cloudapp.net ip:10.1.0.22
2021-09-05 02:15:10,466 [Datanode State Machine Thread - 0] WARN  statemachine.StateContext (StateContext.java:execute(621)) - No available thread in pool for past 1 seconds.
2021-09-05 02:15:10,493 [Listener at 127.0.0.1/38669] INFO  upgrade.AbstractLayoutVersionManager (AbstractLayoutVersionManager.java:init(70)) - Initializing Layout version manager with metadata layout = SCM_HA (version = 2), software layout = SCM_HA (version = 2)
2021-09-05 02:15:10,531 [ReplicationMonitor] INFO  container.ReplicationManager (ReplicationManager.java:processAll(359)) - Replication Monitor Thread took 0 milliseconds for processing 0 containers.
2021-09-05 02:15:10,553 [Listener at 127.0.0.1/38669] INFO  reflections.Reflections (Reflections.java:scan(232)) - Reflections took 54 ms to scan 7 urls, producing 120 keys and 275 values 
2021-09-05 02:15:10,578 [Listener at 127.0.0.1/38669] INFO  volume.HddsVolume (HddsVolume.java:<init>(120)) - Creating HddsVolume: /home/runner/work/ozone/ozone/hadoop-ozone/integration-test/target/test-dir/MiniOzoneClusterImpl-41f086ef-0a60-4f7c-b4a3-54cba879f76c/datanode-0/data-0/containers/hdds of storage type : DISK capacity : 9223372036854775807
2021-09-05 02:15:10,579 [Listener at 127.0.0.1/38669] INFO  volume.MutableVolumeSet (MutableVolumeSet.java:initializeVolumeSet(181)) - Added Volume : /home/runner/work/ozone/ozone/hadoop-ozone/integration-test/target/test-dir/MiniOzoneClusterImpl-41f086ef-0a60-4f7c-b4a3-54cba879f76c/datanode-0/data-0/containers/hdds to VolumeSet
2021-09-05 02:15:10,579 [Listener at 127.0.0.1/38669] INFO  volume.ThrottledAsyncChecker (ThrottledAsyncChecker.java:schedule(141)) - Scheduling a check for /home/runner/work/ozone/ozone/hadoop-ozone/integration-test/target/test-dir/MiniOzoneClusterImpl-41f086ef-0a60-4f7c-b4a3-54cba879f76c/datanode-0/data-0/containers/hdds
2021-09-05 02:15:10,605 [Listener at 127.0.0.1/38669] INFO  volume.StorageVolumeChecker (StorageVolumeChecker.java:checkAllVolumes(202)) - Scheduled health check for volume /home/runner/work/ozone/ozone/hadoop-ozone/integration-test/target/test-dir/MiniOzoneClusterImpl-41f086ef-0a60-4f7c-b4a3-54cba879f76c/datanode-0/data-0/containers/hdds
2021-09-05 02:15:10,632 [Listener at 127.0.0.1/38669] INFO  volume.MutableVolumeSet (MutableVolumeSet.java:initializeVolumeSet(181)) - Added Volume : /home/runner/work/ozone/ozone/hadoop-ozone/integration-test/target/test-dir/MiniOzoneClusterImpl-41f086ef-0a60-4f7c-b4a3-54cba879f76c/datanode-0/data/ratis to VolumeSet
2021-09-05 02:15:10,640 [Listener at 127.0.0.1/38669] INFO  volume.ThrottledAsyncChecker (ThrottledAsyncChecker.java:schedule(141)) - Scheduling a check for /home/runner/work/ozone/ozone/hadoop-ozone/integration-test/target/test-dir/MiniOzoneClusterImpl-41f086ef-0a60-4f7c-b4a3-54cba879f76c/datanode-0/data/ratis
2021-09-05 02:15:10,640 [Listener at 127.0.0.1/38669] INFO  volume.StorageVolumeChecker (StorageVolumeChecker.java:checkAllVolumes(202)) - Scheduled health check for volume /home/runner/work/ozone/ozone/hadoop-ozone/integration-test/target/test-dir/MiniOzoneClusterImpl-41f086ef-0a60-4f7c-b4a3-54cba879f76c/datanode-0/data/ratis
2021-09-05 02:15:10,661 [Listener at 127.0.0.1/38669] INFO  ozoneimpl.ContainerReader (ContainerReader.java:<init>(98)) - Running in upgrade mode:true
2021-09-05 02:15:10,679 [Thread-474] INFO  ozoneimpl.ContainerReader (ContainerReader.java:readVolume(142)) - Start to verify containers on volume /home/runner/work/ozone/ozone/hadoop-ozone/integration-test/target/test-dir/MiniOzoneClusterImpl-41f086ef-0a60-4f7c-b4a3-54cba879f76c/datanode-0/data-0/containers/hdds
2021-09-05 02:15:10,698 [Thread-474] INFO  ozoneimpl.ContainerReader (ContainerReader.java:readVolume(174)) - Finish verifying containers on volume /home/runner/work/ozone/ozone/hadoop-ozone/integration-test/target/test-dir/MiniOzoneClusterImpl-41f086ef-0a60-4f7c-b4a3-54cba879f76c/datanode-0/data-0/containers/hdds
2021-09-05 02:15:10,698 [Listener at 127.0.0.1/38669] INFO  ozoneimpl.OzoneContainer (OzoneContainer.java:buildContainerSet(237)) - Build ContainerSet costs 0s
2021-09-05 02:15:10,700 [Listener at 127.0.0.1/38669] INFO  server.RaftServer (ConfUtils.java:logGet(44)) - raft.rpc.type = GRPC (default)
2021-09-05 02:15:10,700 [Listener at 127.0.0.1/38669] INFO  grpc.GrpcFactory (GrpcFactory.java:checkPooledByteBufAllocatorUseCacheForAllThreads(48)) - PERFORMANCE WARNING: useCacheForAllThreads is true that may cause Netty to create a lot garbage objects and, as a result, trigger GC.
	It is recommended to disable useCacheForAllThreads by setting -Dorg.apache.ratis.thirdparty.io.netty.allocator.useCacheForAllThreads=false in command line.
2021-09-05 02:15:10,700 [Listener at 127.0.0.1/38669] INFO  grpc.GrpcConfigKeys (ConfUtils.java:logGet(44)) - raft.grpc.admin.port = 0 (custom)
2021-09-05 02:15:10,700 [Listener at 127.0.0.1/38669] INFO  grpc.GrpcConfigKeys (ConfUtils.java:logGet(44)) - raft.grpc.client.port = 0 (custom)
2021-09-05 02:15:10,700 [Listener at 127.0.0.1/38669] INFO  grpc.GrpcConfigKeys (ConfUtils.java:logGet(44)) - raft.grpc.server.port = 0 (default)
2021-09-05 02:15:10,700 [Listener at 127.0.0.1/38669] INFO  server.GrpcService (ConfUtils.java:logGet(44)) - raft.grpc.message.size.max = 32MB (=33554432) (custom)
2021-09-05 02:15:10,701 [Listener at 127.0.0.1/38669] INFO  server.RaftServerConfigKeys (ConfUtils.java:logGet(44)) - raft.server.log.appender.buffer.byte-limit = 33554432 (custom)
2021-09-05 02:15:10,701 [Listener at 127.0.0.1/38669] INFO  server.GrpcService (ConfUtils.java:logGet(44)) - raft.grpc.flow.control.window = 5MB (=5242880) (custom)
2021-09-05 02:15:10,701 [Listener at 127.0.0.1/38669] INFO  server.RaftServerConfigKeys (ConfUtils.java:logGet(44)) - raft.server.rpc.request.timeout = 60s (custom)
2021-09-05 02:15:10,702 [Listener at 127.0.0.1/38669] INFO  impl.DataStreamServerImpl (ConfUtils.java:logGet(44)) - raft.datastream.type = DISABLED (default)
2021-09-05 02:15:10,702 [Listener at 127.0.0.1/38669] INFO  server.RaftServerConfigKeys (ConfUtils.java:logGet(44)) - raft.server.rpc.slowness.timeout = 300s (custom)
2021-09-05 02:15:10,702 [Listener at 127.0.0.1/38669] INFO  server.RaftServerConfigKeys (ConfUtils.java:logGet(44)) - raft.server.leaderelection.leader.step-down.wait-time = 10s (default)
2021-09-05 02:15:10,702 [Listener at 127.0.0.1/38669] INFO  server.RaftServerConfigKeys (ConfUtils.java:logGet(44)) - raft.server.storage.dir = [/home/runner/work/ozone/ozone/hadoop-ozone/integration-test/target/test-dir/MiniOzoneClusterImpl-41f086ef-0a60-4f7c-b4a3-54cba879f76c/datanode-0/data/ratis] (custom)
2021-09-05 02:15:10,706 [Listener at 127.0.0.1/38669] INFO  http.BaseHttpServer (BaseHttpServer.java:newHttpServer2BuilderForOzone(209)) - Starting Web-server for hddsDatanode at: http://0.0.0.0:0
2021-09-05 02:15:10,706 [Listener at 127.0.0.1/38669] INFO  http.BaseHttpServer (BaseHttpServer.java:<init>(107)) - Hadoop Security Enabled: false Ozone Security Enabled: false Ozone HTTP Security Enabled: false 
2021-09-05 02:15:10,707 [Listener at 127.0.0.1/38669] INFO  server.AuthenticationFilter (AuthenticationFilter.java:constructSecretProvider(240)) - Unable to initialize FileSignerSecretProvider, falling back to use random secrets.
2021-09-05 02:15:10,718 [Listener at 127.0.0.1/38669] WARN  http.HttpRequestLog (HttpRequestLog.java:getRequestLog(103)) - Jetty request log can only be enabled using Log4j
2021-09-05 02:15:10,718 [Listener at 127.0.0.1/38669] INFO  http.HttpServer2 (HttpServer2.java:addGlobalFilter(1030)) - Added global filter 'safety' (class=org.apache.hadoop.hdds.server.http.HttpServer2$QuotingInputFilter)
2021-09-05 02:15:10,719 [Listener at 127.0.0.1/38669] INFO  http.HttpServer2 (HttpServer2.java:addFilter(1006)) - Added filter static_user_filter (class=org.apache.hadoop.http.lib.StaticUserWebFilter$StaticUserFilter) to context hddsDatanode
2021-09-05 02:15:10,719 [Listener at 127.0.0.1/38669] INFO  http.HttpServer2 (HttpServer2.java:addFilter(1014)) - Added filter static_user_filter (class=org.apache.hadoop.http.lib.StaticUserWebFilter$StaticUserFilter) to context static
2021-09-05 02:15:10,719 [Listener at 127.0.0.1/38669] INFO  http.HttpServer2 (HttpServer2.java:addFilter(1014)) - Added filter static_user_filter (class=org.apache.hadoop.http.lib.StaticUserWebFilter$StaticUserFilter) to context logs
2021-09-05 02:15:10,719 [Listener at 127.0.0.1/38669] INFO  http.HttpServer2 (HttpServer2.java:bindListener(1249)) - Jetty bound to port 38019
2021-09-05 02:15:10,719 [Listener at 127.0.0.1/38669] INFO  server.Server (Server.java:doStart(375)) - jetty-9.4.43.v20210629; built: 2021-06-30T11:07:22.254Z; git: 526006ecfa3af7f1a27ef3a288e2bef7ea9dd7e8; jvm 1.8.0_292-b10
2021-09-05 02:15:10,744 [Listener at 127.0.0.1/38669] INFO  server.session (DefaultSessionIdManager.java:doStart(334)) - DefaultSessionIdManager workerName=node0
2021-09-05 02:15:10,744 [Listener at 127.0.0.1/38669] INFO  server.session (DefaultSessionIdManager.java:doStart(339)) - No SessionScavenger set, using defaults
2021-09-05 02:15:10,744 [Listener at 127.0.0.1/38669] INFO  server.session (HouseKeeper.java:startScavenging(132)) - node0 Scavenging every 660000ms
2021-09-05 02:15:10,750 [Listener at 127.0.0.1/38669] INFO  handler.ContextHandler (ContextHandler.java:doStart(915)) - Started o.e.j.s.ServletContextHandler@2a5d9f4b{logs,/logs,file:///home/runner/work/ozone/ozone/hadoop-ozone/integration-test/target/log,AVAILABLE}
2021-09-05 02:15:10,750 [Datanode State Machine Thread - 0] WARN  statemachine.StateContext (StateContext.java:execute(621)) - No available thread in pool for past 1 seconds.
2021-09-05 02:15:10,750 [Listener at 127.0.0.1/38669] INFO  handler.ContextHandler (ContextHandler.java:doStart(915)) - Started o.e.j.s.ServletContextHandler@7afa7f5e{static,/static,jar:file:/home/runner/.m2/repository/org/apache/ozone/hdds-container-service/1.2.0-SNAPSHOT/hdds-container-service-1.2.0-SNAPSHOT.jar!/webapps/static,AVAILABLE}
2021-09-05 02:15:10,780 [Datanode State Machine Thread - 0] WARN  statemachine.StateContext (StateContext.java:execute(621)) - No available thread in pool for past 1 seconds.
2021-09-05 02:15:10,790 [Datanode State Machine Thread - 0] WARN  statemachine.StateContext (StateContext.java:execute(621)) - No available thread in pool for past 1 seconds.
2021-09-05 02:15:10,854 [Listener at 127.0.0.1/38669] INFO  handler.ContextHandler (ContextHandler.java:doStart(915)) - Started o.e.j.w.WebAppContext@4491cded{hddsDatanode,/,file:///tmp/jetty-0_0_0_0-38019-hdds-container-service-1_2_0-SNAPSHOT_jar-_-any-6477896636019614135/webapp/,AVAILABLE}{jar:file:/home/runner/.m2/repository/org/apache/ozone/hdds-container-service/1.2.0-SNAPSHOT/hdds-container-service-1.2.0-SNAPSHOT.jar!/webapps/hddsDatanode}
2021-09-05 02:15:10,883 [Listener at 127.0.0.1/38669] INFO  server.AbstractConnector (AbstractConnector.java:doStart(331)) - Started ServerConnector@72d91382{HTTP/1.1, (http/1.1)}{0.0.0.0:38019}
2021-09-05 02:15:10,883 [Listener at 127.0.0.1/38669] INFO  server.Server (Server.java:doStart(415)) - Started @31861ms
2021-09-05 02:15:10,883 [Listener at 127.0.0.1/38669] WARN  impl.MetricsSystemImpl (MetricsSystemImpl.java:register(279)) - Sink prometheus already exists!
2021-09-05 02:15:10,886 [Listener at 127.0.0.1/38669] INFO  http.BaseHttpServer (BaseHttpServer.java:updateConnectorAddress(329)) - HTTP server of hddsDatanode listening at http://0.0.0.0:38019
2021-09-05 02:15:10,888 [Listener at 127.0.0.1/38669] WARN  impl.MetricRegistriesImpl (MetricRegistriesImpl.java:addReporterRegistration(111)) - New reporters are added after registries were created. Some metrics will be missing from the reporter. Please add reporter before adding any new registry.
2021-09-05 02:15:10,888 [Listener at 127.0.0.1/38669] WARN  impl.MetricRegistriesImpl (MetricRegistriesImpl.java:addReporterRegistration(111)) - New reporters are added after registries were created. Some metrics will be missing from the reporter. Please add reporter before adding any new registry.
2021-09-05 02:15:10,888 [Listener at 127.0.0.1/38669] INFO  impl.MetricsSystemImpl (MetricsSystemImpl.java:init(158)) - HddsDatanode metrics system started (again)
2021-09-05 02:15:10,901 [Listener at 127.0.0.1/38669] INFO  ozone.HddsDatanodeService (HddsDatanodeService.java:start(234)) - HddsDatanodeService host:fv-az151-757.yf2hydr00wburbhx3j5hxtcipe.bx.internal.cloudapp.net ip:10.1.0.22
2021-09-05 02:15:10,915 [org.apache.hadoop.util.JvmPauseMonitor$Monitor@40d2f048] INFO  util.JvmPauseMonitor (JvmPauseMonitor.java:run(188)) - Starting JVM pause monitor
2021-09-05 02:15:10,926 [Datanode State Machine Task Thread - 0] INFO  datanode.InitDatanodeState (InitDatanodeState.java:persistContainerDatanodeDetails(145)) - DatanodeDetails is persisted to /home/runner/work/ozone/ozone/hadoop-ozone/integration-test/target/test-dir/MiniOzoneClusterImpl-41f086ef-0a60-4f7c-b4a3-54cba879f76c/datanode-0/meta/datanode.id
2021-09-05 02:15:10,970 [Listener at 127.0.0.1/38669] INFO  upgrade.AbstractLayoutVersionManager (AbstractLayoutVersionManager.java:init(70)) - Initializing Layout version manager with metadata layout = SCM_HA (version = 2), software layout = SCM_HA (version = 2)
2021-09-05 02:15:11,008 [Datanode State Machine Thread - 0] WARN  statemachine.StateContext (StateContext.java:execute(621)) - No available thread in pool for past 1 seconds.
2021-09-05 02:15:11,038 [Datanode State Machine Thread - 0] WARN  statemachine.StateContext (StateContext.java:execute(621)) - No available thread in pool for past 1 seconds.
2021-09-05 02:15:11,043 [Datanode State Machine Thread - 0] WARN  statemachine.StateContext (StateContext.java:execute(621)) - No available thread in pool for past 1 seconds.
2021-09-05 02:15:11,056 [Listener at 127.0.0.1/38669] INFO  reflections.Reflections (Reflections.java:scan(232)) - Reflections took 83 ms to scan 7 urls, producing 120 keys and 275 values 
2021-09-05 02:15:11,067 [ReplicationMonitor] INFO  container.ReplicationManager (ReplicationManager.java:processAll(359)) - Replication Monitor Thread took 0 milliseconds for processing 3 containers.
2021-09-05 02:15:11,075 [Listener at 127.0.0.1/38669] INFO  volume.HddsVolume (HddsVolume.java:<init>(120)) - Creating HddsVolume: /home/runner/work/ozone/ozone/hadoop-ozone/integration-test/target/test-dir/MiniOzoneClusterImpl-41f086ef-0a60-4f7c-b4a3-54cba879f76c/datanode-1/data-0/containers/hdds of storage type : DISK capacity : 9223372036854775807
2021-09-05 02:15:11,075 [Listener at 127.0.0.1/38669] INFO  volume.MutableVolumeSet (MutableVolumeSet.java:initializeVolumeSet(181)) - Added Volume : /home/runner/work/ozone/ozone/hadoop-ozone/integration-test/target/test-dir/MiniOzoneClusterImpl-41f086ef-0a60-4f7c-b4a3-54cba879f76c/datanode-1/data-0/containers/hdds to VolumeSet
2021-09-05 02:15:11,078 [Listener at 127.0.0.1/38669] INFO  volume.ThrottledAsyncChecker (ThrottledAsyncChecker.java:schedule(141)) - Scheduling a check for /home/runner/work/ozone/ozone/hadoop-ozone/integration-test/target/test-dir/MiniOzoneClusterImpl-41f086ef-0a60-4f7c-b4a3-54cba879f76c/datanode-1/data-0/containers/hdds
2021-09-05 02:15:11,081 [Listener at 127.0.0.1/38669] INFO  volume.StorageVolumeChecker (StorageVolumeChecker.java:checkAllVolumes(202)) - Scheduled health check for volume /home/runner/work/ozone/ozone/hadoop-ozone/integration-test/target/test-dir/MiniOzoneClusterImpl-41f086ef-0a60-4f7c-b4a3-54cba879f76c/datanode-1/data-0/containers/hdds
2021-09-05 02:15:11,127 [Listener at 127.0.0.1/38669] INFO  volume.MutableVolumeSet (MutableVolumeSet.java:initializeVolumeSet(181)) - Added Volume : /home/runner/work/ozone/ozone/hadoop-ozone/integration-test/target/test-dir/MiniOzoneClusterImpl-41f086ef-0a60-4f7c-b4a3-54cba879f76c/datanode-1/data/ratis to VolumeSet
2021-09-05 02:15:11,127 [Listener at 127.0.0.1/38669] INFO  volume.ThrottledAsyncChecker (ThrottledAsyncChecker.java:schedule(141)) - Scheduling a check for /home/runner/work/ozone/ozone/hadoop-ozone/integration-test/target/test-dir/MiniOzoneClusterImpl-41f086ef-0a60-4f7c-b4a3-54cba879f76c/datanode-1/data/ratis
2021-09-05 02:15:11,128 [Listener at 127.0.0.1/38669] INFO  volume.StorageVolumeChecker (StorageVolumeChecker.java:checkAllVolumes(202)) - Scheduled health check for volume /home/runner/work/ozone/ozone/hadoop-ozone/integration-test/target/test-dir/MiniOzoneClusterImpl-41f086ef-0a60-4f7c-b4a3-54cba879f76c/datanode-1/data/ratis
2021-09-05 02:15:11,143 [Listener at 127.0.0.1/38669] INFO  ozoneimpl.ContainerReader (ContainerReader.java:<init>(98)) - Running in upgrade mode:true
2021-09-05 02:15:11,143 [Thread-504] INFO  ozoneimpl.ContainerReader (ContainerReader.java:readVolume(142)) - Start to verify containers on volume /home/runner/work/ozone/ozone/hadoop-ozone/integration-test/target/test-dir/MiniOzoneClusterImpl-41f086ef-0a60-4f7c-b4a3-54cba879f76c/datanode-1/data-0/containers/hdds
2021-09-05 02:15:11,144 [Thread-504] INFO  ozoneimpl.ContainerReader (ContainerReader.java:readVolume(174)) - Finish verifying containers on volume /home/runner/work/ozone/ozone/hadoop-ozone/integration-test/target/test-dir/MiniOzoneClusterImpl-41f086ef-0a60-4f7c-b4a3-54cba879f76c/datanode-1/data-0/containers/hdds
2021-09-05 02:15:11,144 [Listener at 127.0.0.1/38669] INFO  ozoneimpl.OzoneContainer (OzoneContainer.java:buildContainerSet(237)) - Build ContainerSet costs 0s
2021-09-05 02:15:11,146 [Listener at 127.0.0.1/38669] INFO  server.RaftServer (ConfUtils.java:logGet(44)) - raft.rpc.type = GRPC (default)
2021-09-05 02:15:11,146 [Listener at 127.0.0.1/38669] INFO  grpc.GrpcFactory (GrpcFactory.java:checkPooledByteBufAllocatorUseCacheForAllThreads(48)) - PERFORMANCE WARNING: useCacheForAllThreads is true that may cause Netty to create a lot garbage objects and, as a result, trigger GC.
	It is recommended to disable useCacheForAllThreads by setting -Dorg.apache.ratis.thirdparty.io.netty.allocator.useCacheForAllThreads=false in command line.
2021-09-05 02:15:11,147 [Listener at 127.0.0.1/38669] INFO  grpc.GrpcConfigKeys (ConfUtils.java:logGet(44)) - raft.grpc.admin.port = 0 (custom)
2021-09-05 02:15:11,147 [Listener at 127.0.0.1/38669] INFO  grpc.GrpcConfigKeys (ConfUtils.java:logGet(44)) - raft.grpc.client.port = 0 (custom)
2021-09-05 02:15:11,148 [Listener at 127.0.0.1/38669] INFO  grpc.GrpcConfigKeys (ConfUtils.java:logGet(44)) - raft.grpc.server.port = 0 (default)
2021-09-05 02:15:11,148 [Listener at 127.0.0.1/38669] INFO  server.GrpcService (ConfUtils.java:logGet(44)) - raft.grpc.message.size.max = 32MB (=33554432) (custom)
2021-09-05 02:15:11,148 [Listener at 127.0.0.1/38669] INFO  server.RaftServerConfigKeys (ConfUtils.java:logGet(44)) - raft.server.log.appender.buffer.byte-limit = 33554432 (custom)
2021-09-05 02:15:11,148 [Listener at 127.0.0.1/38669] INFO  server.GrpcService (ConfUtils.java:logGet(44)) - raft.grpc.flow.control.window = 5MB (=5242880) (custom)
2021-09-05 02:15:11,148 [Listener at 127.0.0.1/38669] INFO  server.RaftServerConfigKeys (ConfUtils.java:logGet(44)) - raft.server.rpc.request.timeout = 60s (custom)
2021-09-05 02:15:11,149 [Listener at 127.0.0.1/38669] INFO  impl.DataStreamServerImpl (ConfUtils.java:logGet(44)) - raft.datastream.type = DISABLED (default)
2021-09-05 02:15:11,149 [Listener at 127.0.0.1/38669] INFO  server.RaftServerConfigKeys (ConfUtils.java:logGet(44)) - raft.server.rpc.slowness.timeout = 300s (custom)
2021-09-05 02:15:11,149 [Listener at 127.0.0.1/38669] INFO  server.RaftServerConfigKeys (ConfUtils.java:logGet(44)) - raft.server.leaderelection.leader.step-down.wait-time = 10s (default)
2021-09-05 02:15:11,150 [Listener at 127.0.0.1/38669] INFO  server.RaftServerConfigKeys (ConfUtils.java:logGet(44)) - raft.server.storage.dir = [/home/runner/work/ozone/ozone/hadoop-ozone/integration-test/target/test-dir/MiniOzoneClusterImpl-41f086ef-0a60-4f7c-b4a3-54cba879f76c/datanode-1/data/ratis] (custom)
2021-09-05 02:15:11,152 [Listener at 127.0.0.1/38669] INFO  http.BaseHttpServer (BaseHttpServer.java:newHttpServer2BuilderForOzone(209)) - Starting Web-server for hddsDatanode at: http://0.0.0.0:0
2021-09-05 02:15:11,152 [Listener at 127.0.0.1/38669] INFO  http.BaseHttpServer (BaseHttpServer.java:<init>(107)) - Hadoop Security Enabled: false Ozone Security Enabled: false Ozone HTTP Security Enabled: false 
2021-09-05 02:15:11,153 [Listener at 127.0.0.1/38669] INFO  server.AuthenticationFilter (AuthenticationFilter.java:constructSecretProvider(240)) - Unable to initialize FileSignerSecretProvider, falling back to use random secrets.
2021-09-05 02:15:11,156 [Listener at 127.0.0.1/38669] WARN  http.HttpRequestLog (HttpRequestLog.java:getRequestLog(103)) - Jetty request log can only be enabled using Log4j
2021-09-05 02:15:11,157 [Listener at 127.0.0.1/38669] INFO  http.HttpServer2 (HttpServer2.java:addGlobalFilter(1030)) - Added global filter 'safety' (class=org.apache.hadoop.hdds.server.http.HttpServer2$QuotingInputFilter)
2021-09-05 02:15:11,157 [Listener at 127.0.0.1/38669] INFO  http.HttpServer2 (HttpServer2.java:addFilter(1006)) - Added filter static_user_filter (class=org.apache.hadoop.http.lib.StaticUserWebFilter$StaticUserFilter) to context hddsDatanode
2021-09-05 02:15:11,157 [Listener at 127.0.0.1/38669] INFO  http.HttpServer2 (HttpServer2.java:addFilter(1014)) - Added filter static_user_filter (class=org.apache.hadoop.http.lib.StaticUserWebFilter$StaticUserFilter) to context static
2021-09-05 02:15:11,157 [Listener at 127.0.0.1/38669] INFO  http.HttpServer2 (HttpServer2.java:addFilter(1014)) - Added filter static_user_filter (class=org.apache.hadoop.http.lib.StaticUserWebFilter$StaticUserFilter) to context logs
2021-09-05 02:15:11,159 [Listener at 127.0.0.1/38669] INFO  http.HttpServer2 (HttpServer2.java:bindListener(1249)) - Jetty bound to port 36471
2021-09-05 02:15:11,159 [Listener at 127.0.0.1/38669] INFO  server.Server (Server.java:doStart(375)) - jetty-9.4.43.v20210629; built: 2021-06-30T11:07:22.254Z; git: 526006ecfa3af7f1a27ef3a288e2bef7ea9dd7e8; jvm 1.8.0_292-b10
2021-09-05 02:15:11,163 [Listener at 127.0.0.1/38669] INFO  server.session (DefaultSessionIdManager.java:doStart(334)) - DefaultSessionIdManager workerName=node0
2021-09-05 02:15:11,163 [Listener at 127.0.0.1/38669] INFO  server.session (DefaultSessionIdManager.java:doStart(339)) - No SessionScavenger set, using defaults
2021-09-05 02:15:11,164 [Listener at 127.0.0.1/38669] INFO  server.session (HouseKeeper.java:startScavenging(132)) - node0 Scavenging every 600000ms
2021-09-05 02:15:11,166 [Listener at 127.0.0.1/38669] INFO  handler.ContextHandler (ContextHandler.java:doStart(915)) - Started o.e.j.s.ServletContextHandler@75318b9f{logs,/logs,file:///home/runner/work/ozone/ozone/hadoop-ozone/integration-test/target/log,AVAILABLE}
2021-09-05 02:15:11,166 [Listener at 127.0.0.1/38669] INFO  handler.ContextHandler (ContextHandler.java:doStart(915)) - Started o.e.j.s.ServletContextHandler@19de94de{static,/static,jar:file:/home/runner/.m2/repository/org/apache/ozone/hdds-container-service/1.2.0-SNAPSHOT/hdds-container-service-1.2.0-SNAPSHOT.jar!/webapps/static,AVAILABLE}
2021-09-05 02:15:11,186 [Datanode State Machine Thread - 0] WARN  statemachine.StateContext (StateContext.java:execute(621)) - No available thread in pool for past 1 seconds.
2021-09-05 02:15:11,186 [Datanode State Machine Thread - 0] WARN  statemachine.StateContext (StateContext.java:execute(621)) - No available thread in pool for past 1 seconds.
2021-09-05 02:15:11,243 [Listener at 127.0.0.1/38669] INFO  handler.ContextHandler (ContextHandler.java:doStart(915)) - Started o.e.j.w.WebAppContext@56e4700{hddsDatanode,/,file:///tmp/jetty-0_0_0_0-36471-hdds-container-service-1_2_0-SNAPSHOT_jar-_-any-4052544303398307843/webapp/,AVAILABLE}{jar:file:/home/runner/.m2/repository/org/apache/ozone/hdds-container-service/1.2.0-SNAPSHOT/hdds-container-service-1.2.0-SNAPSHOT.jar!/webapps/hddsDatanode}
2021-09-05 02:15:11,245 [Listener at 127.0.0.1/38669] INFO  server.AbstractConnector (AbstractConnector.java:doStart(331)) - Started ServerConnector@2fc56810{HTTP/1.1, (http/1.1)}{0.0.0.0:36471}
2021-09-05 02:15:11,245 [Listener at 127.0.0.1/38669] INFO  server.Server (Server.java:doStart(415)) - Started @32223ms
2021-09-05 02:15:11,245 [Listener at 127.0.0.1/38669] WARN  impl.MetricsSystemImpl (MetricsSystemImpl.java:register(279)) - Sink prometheus already exists!
2021-09-05 02:15:11,245 [Listener at 127.0.0.1/38669] INFO  http.BaseHttpServer (BaseHttpServer.java:updateConnectorAddress(329)) - HTTP server of hddsDatanode listening at http://0.0.0.0:36471
2021-09-05 02:15:11,247 [Listener at 127.0.0.1/38669] WARN  impl.MetricRegistriesImpl (MetricRegistriesImpl.java:addReporterRegistration(111)) - New reporters are added after registries were created. Some metrics will be missing from the reporter. Please add reporter before adding any new registry.
2021-09-05 02:15:11,247 [Listener at 127.0.0.1/38669] WARN  impl.MetricRegistriesImpl (MetricRegistriesImpl.java:addReporterRegistration(111)) - New reporters are added after registries were created. Some metrics will be missing from the reporter. Please add reporter before adding any new registry.
2021-09-05 02:15:11,247 [Listener at 127.0.0.1/38669] INFO  impl.MetricsSystemImpl (MetricsSystemImpl.java:init(158)) - HddsDatanode metrics system started (again)
2021-09-05 02:15:11,263 [Listener at 127.0.0.1/38669] INFO  ozone.HddsDatanodeService (HddsDatanodeService.java:start(234)) - HddsDatanodeService host:fv-az151-757.yf2hydr00wburbhx3j5hxtcipe.bx.internal.cloudapp.net ip:10.1.0.22
2021-09-05 02:15:11,278 [org.apache.hadoop.util.JvmPauseMonitor$Monitor@5ddb0926] INFO  util.JvmPauseMonitor (JvmPauseMonitor.java:run(188)) - Starting JVM pause monitor
2021-09-05 02:15:11,282 [Datanode State Machine Task Thread - 0] INFO  datanode.InitDatanodeState (InitDatanodeState.java:persistContainerDatanodeDetails(145)) - DatanodeDetails is persisted to /home/runner/work/ozone/ozone/hadoop-ozone/integration-test/target/test-dir/MiniOzoneClusterImpl-41f086ef-0a60-4f7c-b4a3-54cba879f76c/datanode-1/meta/datanode.id
2021-09-05 02:15:11,297 [Listener at 127.0.0.1/38669] INFO  upgrade.AbstractLayoutVersionManager (AbstractLayoutVersionManager.java:init(70)) - Initializing Layout version manager with metadata layout = SCM_HA (version = 2), software layout = SCM_HA (version = 2)
2021-09-05 02:15:11,330 [Listener at 127.0.0.1/38669] INFO  reflections.Reflections (Reflections.java:scan(232)) - Reflections took 32 ms to scan 7 urls, producing 120 keys and 275 values 
2021-09-05 02:15:11,335 [Listener at 127.0.0.1/38669] INFO  volume.HddsVolume (HddsVolume.java:<init>(120)) - Creating HddsVolume: /home/runner/work/ozone/ozone/hadoop-ozone/integration-test/target/test-dir/MiniOzoneClusterImpl-41f086ef-0a60-4f7c-b4a3-54cba879f76c/datanode-2/data-0/containers/hdds of storage type : DISK capacity : 9223372036854775807
2021-09-05 02:15:11,336 [Listener at 127.0.0.1/38669] INFO  volume.MutableVolumeSet (MutableVolumeSet.java:initializeVolumeSet(181)) - Added Volume : /home/runner/work/ozone/ozone/hadoop-ozone/integration-test/target/test-dir/MiniOzoneClusterImpl-41f086ef-0a60-4f7c-b4a3-54cba879f76c/datanode-2/data-0/containers/hdds to VolumeSet
2021-09-05 02:15:11,336 [Listener at 127.0.0.1/38669] INFO  volume.ThrottledAsyncChecker (ThrottledAsyncChecker.java:schedule(141)) - Scheduling a check for /home/runner/work/ozone/ozone/hadoop-ozone/integration-test/target/test-dir/MiniOzoneClusterImpl-41f086ef-0a60-4f7c-b4a3-54cba879f76c/datanode-2/data-0/containers/hdds
2021-09-05 02:15:11,337 [Listener at 127.0.0.1/38669] INFO  volume.StorageVolumeChecker (StorageVolumeChecker.java:checkAllVolumes(202)) - Scheduled health check for volume /home/runner/work/ozone/ozone/hadoop-ozone/integration-test/target/test-dir/MiniOzoneClusterImpl-41f086ef-0a60-4f7c-b4a3-54cba879f76c/datanode-2/data-0/containers/hdds
2021-09-05 02:15:11,350 [Listener at 127.0.0.1/38669] INFO  volume.MutableVolumeSet (MutableVolumeSet.java:initializeVolumeSet(181)) - Added Volume : /home/runner/work/ozone/ozone/hadoop-ozone/integration-test/target/test-dir/MiniOzoneClusterImpl-41f086ef-0a60-4f7c-b4a3-54cba879f76c/datanode-2/data/ratis to VolumeSet
2021-09-05 02:15:11,350 [Listener at 127.0.0.1/38669] INFO  volume.ThrottledAsyncChecker (ThrottledAsyncChecker.java:schedule(141)) - Scheduling a check for /home/runner/work/ozone/ozone/hadoop-ozone/integration-test/target/test-dir/MiniOzoneClusterImpl-41f086ef-0a60-4f7c-b4a3-54cba879f76c/datanode-2/data/ratis
2021-09-05 02:15:11,350 [Listener at 127.0.0.1/38669] INFO  volume.StorageVolumeChecker (StorageVolumeChecker.java:checkAllVolumes(202)) - Scheduled health check for volume /home/runner/work/ozone/ozone/hadoop-ozone/integration-test/target/test-dir/MiniOzoneClusterImpl-41f086ef-0a60-4f7c-b4a3-54cba879f76c/datanode-2/data/ratis
2021-09-05 02:15:11,360 [Listener at 127.0.0.1/38669] INFO  ozoneimpl.ContainerReader (ContainerReader.java:<init>(98)) - Running in upgrade mode:true
2021-09-05 02:15:11,361 [Thread-524] INFO  ozoneimpl.ContainerReader (ContainerReader.java:readVolume(142)) - Start to verify containers on volume /home/runner/work/ozone/ozone/hadoop-ozone/integration-test/target/test-dir/MiniOzoneClusterImpl-41f086ef-0a60-4f7c-b4a3-54cba879f76c/datanode-2/data-0/containers/hdds
2021-09-05 02:15:11,361 [Thread-524] INFO  ozoneimpl.ContainerReader (ContainerReader.java:readVolume(174)) - Finish verifying containers on volume /home/runner/work/ozone/ozone/hadoop-ozone/integration-test/target/test-dir/MiniOzoneClusterImpl-41f086ef-0a60-4f7c-b4a3-54cba879f76c/datanode-2/data-0/containers/hdds
2021-09-05 02:15:11,361 [Listener at 127.0.0.1/38669] INFO  ozoneimpl.OzoneContainer (OzoneContainer.java:buildContainerSet(237)) - Build ContainerSet costs 0s
2021-09-05 02:15:11,362 [Listener at 127.0.0.1/38669] INFO  server.RaftServer (ConfUtils.java:logGet(44)) - raft.rpc.type = GRPC (default)
2021-09-05 02:15:11,363 [Listener at 127.0.0.1/38669] INFO  grpc.GrpcFactory (GrpcFactory.java:checkPooledByteBufAllocatorUseCacheForAllThreads(48)) - PERFORMANCE WARNING: useCacheForAllThreads is true that may cause Netty to create a lot garbage objects and, as a result, trigger GC.
	It is recommended to disable useCacheForAllThreads by setting -Dorg.apache.ratis.thirdparty.io.netty.allocator.useCacheForAllThreads=false in command line.
2021-09-05 02:15:11,363 [Listener at 127.0.0.1/38669] INFO  grpc.GrpcConfigKeys (ConfUtils.java:logGet(44)) - raft.grpc.admin.port = 0 (custom)
2021-09-05 02:15:11,363 [Listener at 127.0.0.1/38669] INFO  grpc.GrpcConfigKeys (ConfUtils.java:logGet(44)) - raft.grpc.client.port = 0 (custom)
2021-09-05 02:15:11,363 [Listener at 127.0.0.1/38669] INFO  grpc.GrpcConfigKeys (ConfUtils.java:logGet(44)) - raft.grpc.server.port = 0 (default)
2021-09-05 02:15:11,363 [Listener at 127.0.0.1/38669] INFO  server.GrpcService (ConfUtils.java:logGet(44)) - raft.grpc.message.size.max = 32MB (=33554432) (custom)
2021-09-05 02:15:11,363 [Listener at 127.0.0.1/38669] INFO  server.RaftServerConfigKeys (ConfUtils.java:logGet(44)) - raft.server.log.appender.buffer.byte-limit = 33554432 (custom)
2021-09-05 02:15:11,363 [Listener at 127.0.0.1/38669] INFO  server.GrpcService (ConfUtils.java:logGet(44)) - raft.grpc.flow.control.window = 5MB (=5242880) (custom)
2021-09-05 02:15:11,363 [Listener at 127.0.0.1/38669] INFO  server.RaftServerConfigKeys (ConfUtils.java:logGet(44)) - raft.server.rpc.request.timeout = 60s (custom)
2021-09-05 02:15:11,364 [Listener at 127.0.0.1/38669] INFO  impl.DataStreamServerImpl (ConfUtils.java:logGet(44)) - raft.datastream.type = DISABLED (default)
2021-09-05 02:15:11,364 [Listener at 127.0.0.1/38669] INFO  server.RaftServerConfigKeys (ConfUtils.java:logGet(44)) - raft.server.rpc.slowness.timeout = 300s (custom)
2021-09-05 02:15:11,364 [Listener at 127.0.0.1/38669] INFO  server.RaftServerConfigKeys (ConfUtils.java:logGet(44)) - raft.server.leaderelection.leader.step-down.wait-time = 10s (default)
2021-09-05 02:15:11,364 [Listener at 127.0.0.1/38669] INFO  server.RaftServerConfigKeys (ConfUtils.java:logGet(44)) - raft.server.storage.dir = [/home/runner/work/ozone/ozone/hadoop-ozone/integration-test/target/test-dir/MiniOzoneClusterImpl-41f086ef-0a60-4f7c-b4a3-54cba879f76c/datanode-2/data/ratis] (custom)
2021-09-05 02:15:11,370 [Listener at 127.0.0.1/38669] INFO  http.BaseHttpServer (BaseHttpServer.java:newHttpServer2BuilderForOzone(209)) - Starting Web-server for hddsDatanode at: http://0.0.0.0:0
2021-09-05 02:15:11,370 [Listener at 127.0.0.1/38669] INFO  http.BaseHttpServer (BaseHttpServer.java:<init>(107)) - Hadoop Security Enabled: false Ozone Security Enabled: false Ozone HTTP Security Enabled: false 
2021-09-05 02:15:11,371 [Listener at 127.0.0.1/38669] INFO  server.AuthenticationFilter (AuthenticationFilter.java:constructSecretProvider(240)) - Unable to initialize FileSignerSecretProvider, falling back to use random secrets.
2021-09-05 02:15:11,372 [Listener at 127.0.0.1/38669] WARN  http.HttpRequestLog (HttpRequestLog.java:getRequestLog(103)) - Jetty request log can only be enabled using Log4j
2021-09-05 02:15:11,372 [Listener at 127.0.0.1/38669] INFO  http.HttpServer2 (HttpServer2.java:addGlobalFilter(1030)) - Added global filter 'safety' (class=org.apache.hadoop.hdds.server.http.HttpServer2$QuotingInputFilter)
2021-09-05 02:15:11,373 [Listener at 127.0.0.1/38669] INFO  http.HttpServer2 (HttpServer2.java:addFilter(1006)) - Added filter static_user_filter (class=org.apache.hadoop.http.lib.StaticUserWebFilter$StaticUserFilter) to context hddsDatanode
2021-09-05 02:15:11,373 [Listener at 127.0.0.1/38669] INFO  http.HttpServer2 (HttpServer2.java:addFilter(1014)) - Added filter static_user_filter (class=org.apache.hadoop.http.lib.StaticUserWebFilter$StaticUserFilter) to context static
2021-09-05 02:15:11,373 [Listener at 127.0.0.1/38669] INFO  http.HttpServer2 (HttpServer2.java:addFilter(1014)) - Added filter static_user_filter (class=org.apache.hadoop.http.lib.StaticUserWebFilter$StaticUserFilter) to context logs
2021-09-05 02:15:11,374 [Listener at 127.0.0.1/38669] INFO  http.HttpServer2 (HttpServer2.java:bindListener(1249)) - Jetty bound to port 39373
2021-09-05 02:15:11,374 [Listener at 127.0.0.1/38669] INFO  server.Server (Server.java:doStart(375)) - jetty-9.4.43.v20210629; built: 2021-06-30T11:07:22.254Z; git: 526006ecfa3af7f1a27ef3a288e2bef7ea9dd7e8; jvm 1.8.0_292-b10
2021-09-05 02:15:11,376 [Listener at 127.0.0.1/38669] INFO  server.session (DefaultSessionIdManager.java:doStart(334)) - DefaultSessionIdManager workerName=node0
2021-09-05 02:15:11,376 [Listener at 127.0.0.1/38669] INFO  server.session (DefaultSessionIdManager.java:doStart(339)) - No SessionScavenger set, using defaults
2021-09-05 02:15:11,376 [Listener at 127.0.0.1/38669] INFO  server.session (HouseKeeper.java:startScavenging(132)) - node0 Scavenging every 660000ms
2021-09-05 02:15:11,378 [Listener at 127.0.0.1/38669] INFO  handler.ContextHandler (ContextHandler.java:doStart(915)) - Started o.e.j.s.ServletContextHandler@b175aae{logs,/logs,file:///home/runner/work/ozone/ozone/hadoop-ozone/integration-test/target/log,AVAILABLE}
2021-09-05 02:15:11,378 [Listener at 127.0.0.1/38669] INFO  handler.ContextHandler (ContextHandler.java:doStart(915)) - Started o.e.j.s.ServletContextHandler@165b971c{static,/static,jar:file:/home/runner/.m2/repository/org/apache/ozone/hdds-container-service/1.2.0-SNAPSHOT/hdds-container-service-1.2.0-SNAPSHOT.jar!/webapps/static,AVAILABLE}
2021-09-05 02:15:11,419 [Listener at 127.0.0.1/38669] INFO  handler.ContextHandler (ContextHandler.java:doStart(915)) - Started o.e.j.w.WebAppContext@2636455c{hddsDatanode,/,file:///tmp/jetty-0_0_0_0-39373-hdds-container-service-1_2_0-SNAPSHOT_jar-_-any-5715368721657151267/webapp/,AVAILABLE}{jar:file:/home/runner/.m2/repository/org/apache/ozone/hdds-container-service/1.2.0-SNAPSHOT/hdds-container-service-1.2.0-SNAPSHOT.jar!/webapps/hddsDatanode}
2021-09-05 02:15:11,421 [Listener at 127.0.0.1/38669] INFO  server.AbstractConnector (AbstractConnector.java:doStart(331)) - Started ServerConnector@b36f419{HTTP/1.1, (http/1.1)}{0.0.0.0:39373}
2021-09-05 02:15:11,421 [Listener at 127.0.0.1/38669] INFO  server.Server (Server.java:doStart(415)) - Started @32399ms
2021-09-05 02:15:11,421 [Listener at 127.0.0.1/38669] WARN  impl.MetricsSystemImpl (MetricsSystemImpl.java:register(279)) - Sink prometheus already exists!
2021-09-05 02:15:11,422 [Listener at 127.0.0.1/38669] INFO  http.BaseHttpServer (BaseHttpServer.java:updateConnectorAddress(329)) - HTTP server of hddsDatanode listening at http://0.0.0.0:39373
2021-09-05 02:15:11,422 [Listener at 127.0.0.1/38669] WARN  impl.MetricRegistriesImpl (MetricRegistriesImpl.java:addReporterRegistration(111)) - New reporters are added after registries were created. Some metrics will be missing from the reporter. Please add reporter before adding any new registry.
2021-09-05 02:15:11,422 [Listener at 127.0.0.1/38669] WARN  impl.MetricRegistriesImpl (MetricRegistriesImpl.java:addReporterRegistration(111)) - New reporters are added after registries were created. Some metrics will be missing from the reporter. Please add reporter before adding any new registry.
2021-09-05 02:15:11,422 [Listener at 127.0.0.1/38669] INFO  impl.MetricsSystemImpl (MetricsSystemImpl.java:init(158)) - HddsDatanode metrics system started (again)
2021-09-05 02:15:11,435 [Listener at 127.0.0.1/38669] INFO  ozone.HddsDatanodeService (HddsDatanodeService.java:start(234)) - HddsDatanodeService host:fv-az151-757.yf2hydr00wburbhx3j5hxtcipe.bx.internal.cloudapp.net ip:10.1.0.22
2021-09-05 02:15:11,446 [org.apache.hadoop.util.JvmPauseMonitor$Monitor@6a363d3b] INFO  util.JvmPauseMonitor (JvmPauseMonitor.java:run(188)) - Starting JVM pause monitor
2021-09-05 02:15:11,448 [Datanode State Machine Task Thread - 0] INFO  datanode.InitDatanodeState (InitDatanodeState.java:persistContainerDatanodeDetails(145)) - DatanodeDetails is persisted to /home/runner/work/ozone/ozone/hadoop-ozone/integration-test/target/test-dir/MiniOzoneClusterImpl-41f086ef-0a60-4f7c-b4a3-54cba879f76c/datanode-2/meta/datanode.id
2021-09-05 02:15:11,474 [Listener at 127.0.0.1/38669] INFO  upgrade.AbstractLayoutVersionManager (AbstractLayoutVersionManager.java:init(70)) - Initializing Layout version manager with metadata layout = SCM_HA (version = 2), software layout = SCM_HA (version = 2)
2021-09-05 02:15:11,490 [om1@group-C5BA1605619E-FollowerState] INFO  impl.FollowerState (FollowerState.java:run(134)) - om1@group-C5BA1605619E-FollowerState: change to CANDIDATE, lastRpcElapsedTime:1151597931ns, electionTimeout:1148ms
2021-09-05 02:15:11,491 [om1@group-C5BA1605619E-FollowerState] INFO  impl.RoleInfo (RoleInfo.java:shutdownFollowerState(108)) - om1: shutdown om1@group-C5BA1605619E-FollowerState
2021-09-05 02:15:11,491 [om1@group-C5BA1605619E-FollowerState] INFO  server.RaftServer$Division (RaftServerImpl.java:setRole(285)) - om1@group-C5BA1605619E: changes role from  FOLLOWER to CANDIDATE at term 0 for changeToCandidate
2021-09-05 02:15:11,491 [om1@group-C5BA1605619E-FollowerState] INFO  server.RaftServerConfigKeys (ConfUtils.java:logGet(44)) - raft.server.leaderelection.pre-vote = false (custom)
2021-09-05 02:15:11,491 [om1@group-C5BA1605619E-FollowerState] INFO  impl.RoleInfo (RoleInfo.java:updateAndGet(130)) - om1: start om1@group-C5BA1605619E-LeaderElection15
2021-09-05 02:15:11,513 [om1@group-C5BA1605619E-LeaderElection15] INFO  impl.LeaderElection (LeaderElection.java:askForVotes(306)) - om1@group-C5BA1605619E-LeaderElection15 ELECTION round 0: submit vote requests at term 1 for -1: [om1|rpc:localhost:33421|priority:0], old=null
2021-09-05 02:15:11,513 [om1@group-C5BA1605619E-LeaderElection15] INFO  impl.LeaderElection (LeaderElection.java:askForVotes(308)) - om1@group-C5BA1605619E-LeaderElection15 ELECTION round 0: result PASSED (term=1)
2021-09-05 02:15:11,514 [om1@group-C5BA1605619E-LeaderElection15] INFO  impl.RoleInfo (RoleInfo.java:shutdownLeaderElection(121)) - om1: shutdown om1@group-C5BA1605619E-LeaderElection15
2021-09-05 02:15:11,514 [om1@group-C5BA1605619E-LeaderElection15] INFO  server.RaftServer$Division (RaftServerImpl.java:setRole(285)) - om1@group-C5BA1605619E: changes role from CANDIDATE to LEADER at term 1 for changeToLeader
2021-09-05 02:15:11,514 [om1@group-C5BA1605619E-LeaderElection15] INFO  server.RaftServer$Division (ServerState.java:setLeader(285)) - om1@group-C5BA1605619E: change Leader from null to om1 at term 1 for becomeLeader, leader elected after 1262ms
2021-09-05 02:15:11,514 [om1@group-C5BA1605619E-LeaderElection15] INFO  server.RaftServerConfigKeys (ConfUtils.java:logGet(44)) - raft.server.staging.catchup.gap = 1000 (default)
2021-09-05 02:15:11,514 [om1@group-C5BA1605619E-LeaderElection15] INFO  server.RaftServerConfigKeys (ConfUtils.java:logGet(44)) - raft.server.write.element-limit = 4096 (default)
2021-09-05 02:15:11,514 [om1@group-C5BA1605619E-LeaderElection15] INFO  server.RaftServerConfigKeys (ConfUtils.java:logGet(44)) - raft.server.write.byte-limit = 64MB (=67108864) (default)
2021-09-05 02:15:11,514 [om1@group-C5BA1605619E-LeaderElection15] INFO  server.RaftServerConfigKeys (ConfUtils.java:logGet(44)) - raft.server.watch.timeout = 10s (default)
2021-09-05 02:15:11,514 [om1@group-C5BA1605619E-LeaderElection15] INFO  server.RaftServerConfigKeys (ConfUtils.java:logGet(44)) - raft.server.watch.timeout.denomination = 1s (default)
2021-09-05 02:15:11,514 [om1@group-C5BA1605619E-LeaderElection15] INFO  server.RaftServerConfigKeys (ConfUtils.java:logGet(44)) - raft.server.watch.element-limit = 65536 (default)
2021-09-05 02:15:11,514 [om1@group-C5BA1605619E-LeaderElection15] INFO  impl.RoleInfo (RoleInfo.java:updateAndGet(130)) - om1: start om1@group-C5BA1605619E-LeaderStateImpl
2021-09-05 02:15:11,515 [om1@group-C5BA1605619E-LeaderElection15] INFO  segmented.SegmentedRaftLogWorker (SegmentedRaftLogWorker.java:startLogSegment(394)) - om1@group-C5BA1605619E-SegmentedRaftLogWorker: Starting segment from index:0
2021-09-05 02:15:11,523 [om1@group-C5BA1605619E-SegmentedRaftLogWorker] INFO  segmented.SegmentedRaftLogWorker (SegmentedRaftLogWorker.java:execute(601)) - om1@group-C5BA1605619E-SegmentedRaftLogWorker: created new log segment /home/runner/work/ozone/ozone/hadoop-ozone/integration-test/target/test-dir/MiniOzoneClusterImpl-41f086ef-0a60-4f7c-b4a3-54cba879f76c/ozone-meta/ratis/bf265839-605b-3f16-9796-c5ba1605619e/current/log_inprogress_0
2021-09-05 02:15:11,534 [om1@group-C5BA1605619E-LeaderElection15] INFO  server.RaftServer$Division (ServerState.java:setRaftConf(387)) - om1@group-C5BA1605619E: set configuration 0: [om1|rpc:localhost:33421|admin:|client:|dataStream:|priority:0], old=null
2021-09-05 02:15:11,534 [ReplicationMonitor] INFO  container.ReplicationManager (ReplicationManager.java:processAll(359)) - Replication Monitor Thread took 0 milliseconds for processing 0 containers.
2021-09-05 02:15:11,545 [om1@group-C5BA1605619E-StateMachineUpdater] INFO  ratis.OzoneManagerStateMachine (OzoneManagerStateMachine.java:notifyConfigurationChanged(188)) - Received Configuration change notification from Ratis. New Peer list:
[id: "om1"
address: "localhost:33421"
]
2021-09-05 02:15:11,550 [Listener at 127.0.0.1/38669] INFO  reflections.Reflections (Reflections.java:scan(232)) - Reflections took 75 ms to scan 7 urls, producing 120 keys and 275 values 
2021-09-05 02:15:11,554 [Listener at 127.0.0.1/38669] INFO  volume.HddsVolume (HddsVolume.java:<init>(120)) - Creating HddsVolume: /home/runner/work/ozone/ozone/hadoop-ozone/integration-test/target/test-dir/MiniOzoneClusterImpl-41f086ef-0a60-4f7c-b4a3-54cba879f76c/datanode-3/data-0/containers/hdds of storage type : DISK capacity : 9223372036854775807
2021-09-05 02:15:11,554 [Listener at 127.0.0.1/38669] INFO  volume.MutableVolumeSet (MutableVolumeSet.java:initializeVolumeSet(181)) - Added Volume : /home/runner/work/ozone/ozone/hadoop-ozone/integration-test/target/test-dir/MiniOzoneClusterImpl-41f086ef-0a60-4f7c-b4a3-54cba879f76c/datanode-3/data-0/containers/hdds to VolumeSet
2021-09-05 02:15:11,557 [Listener at 127.0.0.1/38669] INFO  volume.ThrottledAsyncChecker (ThrottledAsyncChecker.java:schedule(141)) - Scheduling a check for /home/runner/work/ozone/ozone/hadoop-ozone/integration-test/target/test-dir/MiniOzoneClusterImpl-41f086ef-0a60-4f7c-b4a3-54cba879f76c/datanode-3/data-0/containers/hdds
2021-09-05 02:15:11,558 [Listener at 127.0.0.1/38669] INFO  volume.StorageVolumeChecker (StorageVolumeChecker.java:checkAllVolumes(202)) - Scheduled health check for volume /home/runner/work/ozone/ozone/hadoop-ozone/integration-test/target/test-dir/MiniOzoneClusterImpl-41f086ef-0a60-4f7c-b4a3-54cba879f76c/datanode-3/data-0/containers/hdds
2021-09-05 02:15:11,569 [Listener at 127.0.0.1/38669] INFO  volume.MutableVolumeSet (MutableVolumeSet.java:initializeVolumeSet(181)) - Added Volume : /home/runner/work/ozone/ozone/hadoop-ozone/integration-test/target/test-dir/MiniOzoneClusterImpl-41f086ef-0a60-4f7c-b4a3-54cba879f76c/datanode-3/data/ratis to VolumeSet
2021-09-05 02:15:11,570 [Listener at 127.0.0.1/38669] INFO  volume.ThrottledAsyncChecker (ThrottledAsyncChecker.java:schedule(141)) - Scheduling a check for /home/runner/work/ozone/ozone/hadoop-ozone/integration-test/target/test-dir/MiniOzoneClusterImpl-41f086ef-0a60-4f7c-b4a3-54cba879f76c/datanode-3/data/ratis
2021-09-05 02:15:11,570 [Listener at 127.0.0.1/38669] INFO  volume.StorageVolumeChecker (StorageVolumeChecker.java:checkAllVolumes(202)) - Scheduled health check for volume /home/runner/work/ozone/ozone/hadoop-ozone/integration-test/target/test-dir/MiniOzoneClusterImpl-41f086ef-0a60-4f7c-b4a3-54cba879f76c/datanode-3/data/ratis
2021-09-05 02:15:11,580 [Listener at 127.0.0.1/38669] INFO  ozoneimpl.ContainerReader (ContainerReader.java:<init>(98)) - Running in upgrade mode:true
2021-09-05 02:15:11,581 [Thread-538] INFO  ozoneimpl.ContainerReader (ContainerReader.java:readVolume(142)) - Start to verify containers on volume /home/runner/work/ozone/ozone/hadoop-ozone/integration-test/target/test-dir/MiniOzoneClusterImpl-41f086ef-0a60-4f7c-b4a3-54cba879f76c/datanode-3/data-0/containers/hdds
2021-09-05 02:15:11,581 [Thread-538] INFO  ozoneimpl.ContainerReader (ContainerReader.java:readVolume(174)) - Finish verifying containers on volume /home/runner/work/ozone/ozone/hadoop-ozone/integration-test/target/test-dir/MiniOzoneClusterImpl-41f086ef-0a60-4f7c-b4a3-54cba879f76c/datanode-3/data-0/containers/hdds
2021-09-05 02:15:11,581 [Listener at 127.0.0.1/38669] INFO  ozoneimpl.OzoneContainer (OzoneContainer.java:buildContainerSet(237)) - Build ContainerSet costs 0s
2021-09-05 02:15:11,585 [Listener at 127.0.0.1/38669] INFO  server.RaftServer (ConfUtils.java:logGet(44)) - raft.rpc.type = GRPC (default)
2021-09-05 02:15:11,585 [Listener at 127.0.0.1/38669] INFO  grpc.GrpcFactory (GrpcFactory.java:checkPooledByteBufAllocatorUseCacheForAllThreads(48)) - PERFORMANCE WARNING: useCacheForAllThreads is true that may cause Netty to create a lot garbage objects and, as a result, trigger GC.
	It is recommended to disable useCacheForAllThreads by setting -Dorg.apache.ratis.thirdparty.io.netty.allocator.useCacheForAllThreads=false in command line.
2021-09-05 02:15:11,585 [Listener at 127.0.0.1/38669] INFO  grpc.GrpcConfigKeys (ConfUtils.java:logGet(44)) - raft.grpc.admin.port = 0 (custom)
2021-09-05 02:15:11,585 [Listener at 127.0.0.1/38669] INFO  grpc.GrpcConfigKeys (ConfUtils.java:logGet(44)) - raft.grpc.client.port = 0 (custom)
2021-09-05 02:15:11,585 [Listener at 127.0.0.1/38669] INFO  grpc.GrpcConfigKeys (ConfUtils.java:logGet(44)) - raft.grpc.server.port = 0 (default)
2021-09-05 02:15:11,585 [Listener at 127.0.0.1/38669] INFO  server.GrpcService (ConfUtils.java:logGet(44)) - raft.grpc.message.size.max = 32MB (=33554432) (custom)
2021-09-05 02:15:11,586 [Listener at 127.0.0.1/38669] INFO  server.RaftServerConfigKeys (ConfUtils.java:logGet(44)) - raft.server.log.appender.buffer.byte-limit = 33554432 (custom)
2021-09-05 02:15:11,586 [Listener at 127.0.0.1/38669] INFO  server.GrpcService (ConfUtils.java:logGet(44)) - raft.grpc.flow.control.window = 5MB (=5242880) (custom)
2021-09-05 02:15:11,586 [Listener at 127.0.0.1/38669] INFO  server.RaftServerConfigKeys (ConfUtils.java:logGet(44)) - raft.server.rpc.request.timeout = 60s (custom)
2021-09-05 02:15:11,587 [Listener at 127.0.0.1/38669] INFO  impl.DataStreamServerImpl (ConfUtils.java:logGet(44)) - raft.datastream.type = DISABLED (default)
2021-09-05 02:15:11,587 [Listener at 127.0.0.1/38669] INFO  server.RaftServerConfigKeys (ConfUtils.java:logGet(44)) - raft.server.rpc.slowness.timeout = 300s (custom)
2021-09-05 02:15:11,587 [Listener at 127.0.0.1/38669] INFO  server.RaftServerConfigKeys (ConfUtils.java:logGet(44)) - raft.server.leaderelection.leader.step-down.wait-time = 10s (default)
2021-09-05 02:15:11,587 [Listener at 127.0.0.1/38669] INFO  server.RaftServerConfigKeys (ConfUtils.java:logGet(44)) - raft.server.storage.dir = [/home/runner/work/ozone/ozone/hadoop-ozone/integration-test/target/test-dir/MiniOzoneClusterImpl-41f086ef-0a60-4f7c-b4a3-54cba879f76c/datanode-3/data/ratis] (custom)
2021-09-05 02:15:11,592 [Listener at 127.0.0.1/38669] INFO  http.BaseHttpServer (BaseHttpServer.java:newHttpServer2BuilderForOzone(209)) - Starting Web-server for hddsDatanode at: http://0.0.0.0:0
2021-09-05 02:15:11,592 [Listener at 127.0.0.1/38669] INFO  http.BaseHttpServer (BaseHttpServer.java:<init>(107)) - Hadoop Security Enabled: false Ozone Security Enabled: false Ozone HTTP Security Enabled: false 
2021-09-05 02:15:11,593 [Listener at 127.0.0.1/38669] INFO  server.AuthenticationFilter (AuthenticationFilter.java:constructSecretProvider(240)) - Unable to initialize FileSignerSecretProvider, falling back to use random secrets.
2021-09-05 02:15:11,593 [Listener at 127.0.0.1/38669] WARN  http.HttpRequestLog (HttpRequestLog.java:getRequestLog(103)) - Jetty request log can only be enabled using Log4j
2021-09-05 02:15:11,594 [Listener at 127.0.0.1/38669] INFO  http.HttpServer2 (HttpServer2.java:addGlobalFilter(1030)) - Added global filter 'safety' (class=org.apache.hadoop.hdds.server.http.HttpServer2$QuotingInputFilter)
2021-09-05 02:15:11,595 [Listener at 127.0.0.1/38669] INFO  http.HttpServer2 (HttpServer2.java:addFilter(1006)) - Added filter static_user_filter (class=org.apache.hadoop.http.lib.StaticUserWebFilter$StaticUserFilter) to context hddsDatanode
2021-09-05 02:15:11,595 [Listener at 127.0.0.1/38669] INFO  http.HttpServer2 (HttpServer2.java:addFilter(1014)) - Added filter static_user_filter (class=org.apache.hadoop.http.lib.StaticUserWebFilter$StaticUserFilter) to context static
2021-09-05 02:15:11,595 [Listener at 127.0.0.1/38669] INFO  http.HttpServer2 (HttpServer2.java:addFilter(1014)) - Added filter static_user_filter (class=org.apache.hadoop.http.lib.StaticUserWebFilter$StaticUserFilter) to context logs
2021-09-05 02:15:11,595 [Listener at 127.0.0.1/38669] INFO  http.HttpServer2 (HttpServer2.java:bindListener(1249)) - Jetty bound to port 44747
2021-09-05 02:15:11,595 [Listener at 127.0.0.1/38669] INFO  server.Server (Server.java:doStart(375)) - jetty-9.4.43.v20210629; built: 2021-06-30T11:07:22.254Z; git: 526006ecfa3af7f1a27ef3a288e2bef7ea9dd7e8; jvm 1.8.0_292-b10
2021-09-05 02:15:11,596 [Listener at 127.0.0.1/38669] INFO  server.session (DefaultSessionIdManager.java:doStart(334)) - DefaultSessionIdManager workerName=node0
2021-09-05 02:15:11,597 [Listener at 127.0.0.1/38669] INFO  server.session (DefaultSessionIdManager.java:doStart(339)) - No SessionScavenger set, using defaults
2021-09-05 02:15:11,597 [Listener at 127.0.0.1/38669] INFO  server.session (HouseKeeper.java:startScavenging(132)) - node0 Scavenging every 600000ms
2021-09-05 02:15:11,599 [Listener at 127.0.0.1/38669] INFO  handler.ContextHandler (ContextHandler.java:doStart(915)) - Started o.e.j.s.ServletContextHandler@17f52c6a{logs,/logs,file:///home/runner/work/ozone/ozone/hadoop-ozone/integration-test/target/log,AVAILABLE}
2021-09-05 02:15:11,599 [Listener at 127.0.0.1/38669] INFO  handler.ContextHandler (ContextHandler.java:doStart(915)) - Started o.e.j.s.ServletContextHandler@7926029c{static,/static,jar:file:/home/runner/.m2/repository/org/apache/ozone/hdds-container-service/1.2.0-SNAPSHOT/hdds-container-service-1.2.0-SNAPSHOT.jar!/webapps/static,AVAILABLE}
2021-09-05 02:15:11,634 [Listener at 127.0.0.1/38669] INFO  handler.ContextHandler (ContextHandler.java:doStart(915)) - Started o.e.j.w.WebAppContext@487d0a7e{hddsDatanode,/,file:///tmp/jetty-0_0_0_0-44747-hdds-container-service-1_2_0-SNAPSHOT_jar-_-any-6454400468596203374/webapp/,AVAILABLE}{jar:file:/home/runner/.m2/repository/org/apache/ozone/hdds-container-service/1.2.0-SNAPSHOT/hdds-container-service-1.2.0-SNAPSHOT.jar!/webapps/hddsDatanode}
2021-09-05 02:15:11,636 [Listener at 127.0.0.1/38669] INFO  server.AbstractConnector (AbstractConnector.java:doStart(331)) - Started ServerConnector@44fad06{HTTP/1.1, (http/1.1)}{0.0.0.0:44747}
2021-09-05 02:15:11,636 [Listener at 127.0.0.1/38669] INFO  server.Server (Server.java:doStart(415)) - Started @32614ms
2021-09-05 02:15:11,636 [Listener at 127.0.0.1/38669] WARN  impl.MetricsSystemImpl (MetricsSystemImpl.java:register(279)) - Sink prometheus already exists!
2021-09-05 02:15:11,637 [Listener at 127.0.0.1/38669] INFO  http.BaseHttpServer (BaseHttpServer.java:updateConnectorAddress(329)) - HTTP server of hddsDatanode listening at http://0.0.0.0:44747
2021-09-05 02:15:11,637 [Listener at 127.0.0.1/38669] WARN  impl.MetricRegistriesImpl (MetricRegistriesImpl.java:addReporterRegistration(111)) - New reporters are added after registries were created. Some metrics will be missing from the reporter. Please add reporter before adding any new registry.
2021-09-05 02:15:11,637 [Listener at 127.0.0.1/38669] WARN  impl.MetricRegistriesImpl (MetricRegistriesImpl.java:addReporterRegistration(111)) - New reporters are added after registries were created. Some metrics will be missing from the reporter. Please add reporter before adding any new registry.
2021-09-05 02:15:11,638 [Listener at 127.0.0.1/38669] INFO  impl.MetricsSystemImpl (MetricsSystemImpl.java:init(158)) - HddsDatanode metrics system started (again)
2021-09-05 02:15:11,656 [Listener at 127.0.0.1/38669] INFO  ozone.HddsDatanodeService (HddsDatanodeService.java:start(234)) - HddsDatanodeService host:fv-az151-757.yf2hydr00wburbhx3j5hxtcipe.bx.internal.cloudapp.net ip:10.1.0.22
2021-09-05 02:15:11,656 [org.apache.hadoop.util.JvmPauseMonitor$Monitor@293e29f1] INFO  util.JvmPauseMonitor (JvmPauseMonitor.java:run(188)) - Starting JVM pause monitor
2021-09-05 02:15:11,659 [Datanode State Machine Task Thread - 0] INFO  datanode.InitDatanodeState (InitDatanodeState.java:persistContainerDatanodeDetails(145)) - DatanodeDetails is persisted to /home/runner/work/ozone/ozone/hadoop-ozone/integration-test/target/test-dir/MiniOzoneClusterImpl-41f086ef-0a60-4f7c-b4a3-54cba879f76c/datanode-3/meta/datanode.id
2021-09-05 02:15:11,683 [Listener at 127.0.0.1/38669] INFO  upgrade.AbstractLayoutVersionManager (AbstractLayoutVersionManager.java:init(70)) - Initializing Layout version manager with metadata layout = SCM_HA (version = 2), software layout = SCM_HA (version = 2)
2021-09-05 02:15:11,718 [Listener at 127.0.0.1/38669] INFO  reflections.Reflections (Reflections.java:scan(232)) - Reflections took 34 ms to scan 7 urls, producing 120 keys and 275 values 
2021-09-05 02:15:11,724 [Listener at 127.0.0.1/38669] INFO  volume.HddsVolume (HddsVolume.java:<init>(120)) - Creating HddsVolume: /home/runner/work/ozone/ozone/hadoop-ozone/integration-test/target/test-dir/MiniOzoneClusterImpl-41f086ef-0a60-4f7c-b4a3-54cba879f76c/datanode-4/data-0/containers/hdds of storage type : DISK capacity : 9223372036854775807
2021-09-05 02:15:11,724 [Listener at 127.0.0.1/38669] INFO  volume.MutableVolumeSet (MutableVolumeSet.java:initializeVolumeSet(181)) - Added Volume : /home/runner/work/ozone/ozone/hadoop-ozone/integration-test/target/test-dir/MiniOzoneClusterImpl-41f086ef-0a60-4f7c-b4a3-54cba879f76c/datanode-4/data-0/containers/hdds to VolumeSet
2021-09-05 02:15:11,725 [Listener at 127.0.0.1/38669] INFO  volume.ThrottledAsyncChecker (ThrottledAsyncChecker.java:schedule(141)) - Scheduling a check for /home/runner/work/ozone/ozone/hadoop-ozone/integration-test/target/test-dir/MiniOzoneClusterImpl-41f086ef-0a60-4f7c-b4a3-54cba879f76c/datanode-4/data-0/containers/hdds
2021-09-05 02:15:11,725 [Listener at 127.0.0.1/38669] INFO  volume.StorageVolumeChecker (StorageVolumeChecker.java:checkAllVolumes(202)) - Scheduled health check for volume /home/runner/work/ozone/ozone/hadoop-ozone/integration-test/target/test-dir/MiniOzoneClusterImpl-41f086ef-0a60-4f7c-b4a3-54cba879f76c/datanode-4/data-0/containers/hdds
2021-09-05 02:15:11,735 [Listener at 127.0.0.1/38669] INFO  volume.MutableVolumeSet (MutableVolumeSet.java:initializeVolumeSet(181)) - Added Volume : /home/runner/work/ozone/ozone/hadoop-ozone/integration-test/target/test-dir/MiniOzoneClusterImpl-41f086ef-0a60-4f7c-b4a3-54cba879f76c/datanode-4/data/ratis to VolumeSet
2021-09-05 02:15:11,735 [Listener at 127.0.0.1/38669] INFO  volume.ThrottledAsyncChecker (ThrottledAsyncChecker.java:schedule(141)) - Scheduling a check for /home/runner/work/ozone/ozone/hadoop-ozone/integration-test/target/test-dir/MiniOzoneClusterImpl-41f086ef-0a60-4f7c-b4a3-54cba879f76c/datanode-4/data/ratis
2021-09-05 02:15:11,736 [Listener at 127.0.0.1/38669] INFO  volume.StorageVolumeChecker (StorageVolumeChecker.java:checkAllVolumes(202)) - Scheduled health check for volume /home/runner/work/ozone/ozone/hadoop-ozone/integration-test/target/test-dir/MiniOzoneClusterImpl-41f086ef-0a60-4f7c-b4a3-54cba879f76c/datanode-4/data/ratis
2021-09-05 02:15:11,747 [Listener at 127.0.0.1/38669] INFO  ozoneimpl.ContainerReader (ContainerReader.java:<init>(98)) - Running in upgrade mode:true
2021-09-05 02:15:11,747 [Thread-550] INFO  ozoneimpl.ContainerReader (ContainerReader.java:readVolume(142)) - Start to verify containers on volume /home/runner/work/ozone/ozone/hadoop-ozone/integration-test/target/test-dir/MiniOzoneClusterImpl-41f086ef-0a60-4f7c-b4a3-54cba879f76c/datanode-4/data-0/containers/hdds
2021-09-05 02:15:11,748 [Thread-550] INFO  ozoneimpl.ContainerReader (ContainerReader.java:readVolume(174)) - Finish verifying containers on volume /home/runner/work/ozone/ozone/hadoop-ozone/integration-test/target/test-dir/MiniOzoneClusterImpl-41f086ef-0a60-4f7c-b4a3-54cba879f76c/datanode-4/data-0/containers/hdds
2021-09-05 02:15:11,748 [Listener at 127.0.0.1/38669] INFO  ozoneimpl.OzoneContainer (OzoneContainer.java:buildContainerSet(237)) - Build ContainerSet costs 0s
2021-09-05 02:15:11,750 [Listener at 127.0.0.1/38669] INFO  server.RaftServer (ConfUtils.java:logGet(44)) - raft.rpc.type = GRPC (default)
2021-09-05 02:15:11,750 [Listener at 127.0.0.1/38669] INFO  grpc.GrpcFactory (GrpcFactory.java:checkPooledByteBufAllocatorUseCacheForAllThreads(48)) - PERFORMANCE WARNING: useCacheForAllThreads is true that may cause Netty to create a lot garbage objects and, as a result, trigger GC.
	It is recommended to disable useCacheForAllThreads by setting -Dorg.apache.ratis.thirdparty.io.netty.allocator.useCacheForAllThreads=false in command line.
2021-09-05 02:15:11,750 [Listener at 127.0.0.1/38669] INFO  grpc.GrpcConfigKeys (ConfUtils.java:logGet(44)) - raft.grpc.admin.port = 0 (custom)
2021-09-05 02:15:11,750 [Listener at 127.0.0.1/38669] INFO  grpc.GrpcConfigKeys (ConfUtils.java:logGet(44)) - raft.grpc.client.port = 0 (custom)
2021-09-05 02:15:11,750 [Listener at 127.0.0.1/38669] INFO  grpc.GrpcConfigKeys (ConfUtils.java:logGet(44)) - raft.grpc.server.port = 0 (default)
2021-09-05 02:15:11,750 [Listener at 127.0.0.1/38669] INFO  server.GrpcService (ConfUtils.java:logGet(44)) - raft.grpc.message.size.max = 32MB (=33554432) (custom)
2021-09-05 02:15:11,750 [Listener at 127.0.0.1/38669] INFO  server.RaftServerConfigKeys (ConfUtils.java:logGet(44)) - raft.server.log.appender.buffer.byte-limit = 33554432 (custom)
2021-09-05 02:15:11,750 [Listener at 127.0.0.1/38669] INFO  server.GrpcService (ConfUtils.java:logGet(44)) - raft.grpc.flow.control.window = 5MB (=5242880) (custom)
2021-09-05 02:15:11,750 [Listener at 127.0.0.1/38669] INFO  server.RaftServerConfigKeys (ConfUtils.java:logGet(44)) - raft.server.rpc.request.timeout = 60s (custom)
2021-09-05 02:15:11,751 [Listener at 127.0.0.1/38669] INFO  impl.DataStreamServerImpl (ConfUtils.java:logGet(44)) - raft.datastream.type = DISABLED (default)
2021-09-05 02:15:11,751 [Listener at 127.0.0.1/38669] INFO  server.RaftServerConfigKeys (ConfUtils.java:logGet(44)) - raft.server.rpc.slowness.timeout = 300s (custom)
2021-09-05 02:15:11,752 [Listener at 127.0.0.1/38669] INFO  server.RaftServerConfigKeys (ConfUtils.java:logGet(44)) - raft.server.leaderelection.leader.step-down.wait-time = 10s (default)
2021-09-05 02:15:11,752 [Listener at 127.0.0.1/38669] INFO  server.RaftServerConfigKeys (ConfUtils.java:logGet(44)) - raft.server.storage.dir = [/home/runner/work/ozone/ozone/hadoop-ozone/integration-test/target/test-dir/MiniOzoneClusterImpl-41f086ef-0a60-4f7c-b4a3-54cba879f76c/datanode-4/data/ratis] (custom)
2021-09-05 02:15:11,756 [Listener at 127.0.0.1/38669] INFO  http.BaseHttpServer (BaseHttpServer.java:newHttpServer2BuilderForOzone(209)) - Starting Web-server for hddsDatanode at: http://0.0.0.0:0
2021-09-05 02:15:11,756 [Listener at 127.0.0.1/38669] INFO  http.BaseHttpServer (BaseHttpServer.java:<init>(107)) - Hadoop Security Enabled: false Ozone Security Enabled: false Ozone HTTP Security Enabled: false 
2021-09-05 02:15:11,757 [Listener at 127.0.0.1/38669] INFO  server.AuthenticationFilter (AuthenticationFilter.java:constructSecretProvider(240)) - Unable to initialize FileSignerSecretProvider, falling back to use random secrets.
2021-09-05 02:15:11,757 [Listener at 127.0.0.1/38669] WARN  http.HttpRequestLog (HttpRequestLog.java:getRequestLog(103)) - Jetty request log can only be enabled using Log4j
2021-09-05 02:15:11,758 [Listener at 127.0.0.1/38669] INFO  http.HttpServer2 (HttpServer2.java:addGlobalFilter(1030)) - Added global filter 'safety' (class=org.apache.hadoop.hdds.server.http.HttpServer2$QuotingInputFilter)
2021-09-05 02:15:11,758 [Listener at 127.0.0.1/38669] INFO  http.HttpServer2 (HttpServer2.java:addFilter(1006)) - Added filter static_user_filter (class=org.apache.hadoop.http.lib.StaticUserWebFilter$StaticUserFilter) to context hddsDatanode
2021-09-05 02:15:11,758 [Listener at 127.0.0.1/38669] INFO  http.HttpServer2 (HttpServer2.java:addFilter(1014)) - Added filter static_user_filter (class=org.apache.hadoop.http.lib.StaticUserWebFilter$StaticUserFilter) to context logs
2021-09-05 02:15:11,758 [Listener at 127.0.0.1/38669] INFO  http.HttpServer2 (HttpServer2.java:addFilter(1014)) - Added filter static_user_filter (class=org.apache.hadoop.http.lib.StaticUserWebFilter$StaticUserFilter) to context static
2021-09-05 02:15:11,759 [Listener at 127.0.0.1/38669] INFO  http.HttpServer2 (HttpServer2.java:bindListener(1249)) - Jetty bound to port 39031
2021-09-05 02:15:11,759 [Listener at 127.0.0.1/38669] INFO  server.Server (Server.java:doStart(375)) - jetty-9.4.43.v20210629; built: 2021-06-30T11:07:22.254Z; git: 526006ecfa3af7f1a27ef3a288e2bef7ea9dd7e8; jvm 1.8.0_292-b10
2021-09-05 02:15:11,760 [Listener at 127.0.0.1/38669] INFO  server.session (DefaultSessionIdManager.java:doStart(334)) - DefaultSessionIdManager workerName=node0
2021-09-05 02:15:11,760 [Listener at 127.0.0.1/38669] INFO  server.session (DefaultSessionIdManager.java:doStart(339)) - No SessionScavenger set, using defaults
2021-09-05 02:15:11,761 [Listener at 127.0.0.1/38669] INFO  server.session (HouseKeeper.java:startScavenging(132)) - node0 Scavenging every 660000ms
2021-09-05 02:15:11,761 [Listener at 127.0.0.1/38669] INFO  handler.ContextHandler (ContextHandler.java:doStart(915)) - Started o.e.j.s.ServletContextHandler@6a805951{logs,/logs,file:///home/runner/work/ozone/ozone/hadoop-ozone/integration-test/target/log,AVAILABLE}
2021-09-05 02:15:11,761 [Listener at 127.0.0.1/38669] INFO  handler.ContextHandler (ContextHandler.java:doStart(915)) - Started o.e.j.s.ServletContextHandler@767da96a{static,/static,jar:file:/home/runner/.m2/repository/org/apache/ozone/hdds-container-service/1.2.0-SNAPSHOT/hdds-container-service-1.2.0-SNAPSHOT.jar!/webapps/static,AVAILABLE}
2021-09-05 02:15:11,824 [Listener at 127.0.0.1/38669] INFO  handler.ContextHandler (ContextHandler.java:doStart(915)) - Started o.e.j.w.WebAppContext@6e063830{hddsDatanode,/,file:///tmp/jetty-0_0_0_0-39031-hdds-container-service-1_2_0-SNAPSHOT_jar-_-any-3886462694007486253/webapp/,AVAILABLE}{jar:file:/home/runner/.m2/repository/org/apache/ozone/hdds-container-service/1.2.0-SNAPSHOT/hdds-container-service-1.2.0-SNAPSHOT.jar!/webapps/hddsDatanode}
2021-09-05 02:15:11,827 [Listener at 127.0.0.1/38669] INFO  server.AbstractConnector (AbstractConnector.java:doStart(331)) - Started ServerConnector@b72b40c{HTTP/1.1, (http/1.1)}{0.0.0.0:39031}
2021-09-05 02:15:11,827 [Listener at 127.0.0.1/38669] INFO  server.Server (Server.java:doStart(415)) - Started @32805ms
2021-09-05 02:15:11,827 [Listener at 127.0.0.1/38669] WARN  impl.MetricsSystemImpl (MetricsSystemImpl.java:register(279)) - Sink prometheus already exists!
2021-09-05 02:15:11,828 [Listener at 127.0.0.1/38669] INFO  http.BaseHttpServer (BaseHttpServer.java:updateConnectorAddress(329)) - HTTP server of hddsDatanode listening at http://0.0.0.0:39031
2021-09-05 02:15:11,835 [Listener at 127.0.0.1/38669] WARN  impl.MetricRegistriesImpl (MetricRegistriesImpl.java:addReporterRegistration(111)) - New reporters are added after registries were created. Some metrics will be missing from the reporter. Please add reporter before adding any new registry.
2021-09-05 02:15:11,835 [Listener at 127.0.0.1/38669] WARN  impl.MetricRegistriesImpl (MetricRegistriesImpl.java:addReporterRegistration(111)) - New reporters are added after registries were created. Some metrics will be missing from the reporter. Please add reporter before adding any new registry.
2021-09-05 02:15:11,836 [Listener at 127.0.0.1/38669] INFO  impl.MetricsSystemImpl (MetricsSystemImpl.java:init(158)) - HddsDatanode metrics system started (again)
2021-09-05 02:15:11,848 [org.apache.hadoop.util.JvmPauseMonitor$Monitor@3c83d064] INFO  util.JvmPauseMonitor (JvmPauseMonitor.java:run(188)) - Starting JVM pause monitor
2021-09-05 02:15:11,850 [Listener at 127.0.0.1/38669] INFO  ozone.HddsDatanodeService (HddsDatanodeService.java:start(234)) - HddsDatanodeService host:fv-az151-757.yf2hydr00wburbhx3j5hxtcipe.bx.internal.cloudapp.net ip:10.1.0.22
2021-09-05 02:15:11,851 [Datanode State Machine Task Thread - 0] INFO  datanode.InitDatanodeState (InitDatanodeState.java:persistContainerDatanodeDetails(145)) - DatanodeDetails is persisted to /home/runner/work/ozone/ozone/hadoop-ozone/integration-test/target/test-dir/MiniOzoneClusterImpl-41f086ef-0a60-4f7c-b4a3-54cba879f76c/datanode-4/meta/datanode.id
2021-09-05 02:15:11,880 [Listener at 127.0.0.1/38669] INFO  upgrade.AbstractLayoutVersionManager (AbstractLayoutVersionManager.java:init(70)) - Initializing Layout version manager with metadata layout = SCM_HA (version = 2), software layout = SCM_HA (version = 2)
2021-09-05 02:15:11,910 [Listener at 127.0.0.1/38669] INFO  reflections.Reflections (Reflections.java:scan(232)) - Reflections took 30 ms to scan 7 urls, producing 120 keys and 275 values 
2021-09-05 02:15:11,912 [Listener at 127.0.0.1/38669] INFO  volume.HddsVolume (HddsVolume.java:<init>(120)) - Creating HddsVolume: /home/runner/work/ozone/ozone/hadoop-ozone/integration-test/target/test-dir/MiniOzoneClusterImpl-41f086ef-0a60-4f7c-b4a3-54cba879f76c/datanode-5/data-0/containers/hdds of storage type : DISK capacity : 9223372036854775807
2021-09-05 02:15:11,912 [Listener at 127.0.0.1/38669] INFO  volume.MutableVolumeSet (MutableVolumeSet.java:initializeVolumeSet(181)) - Added Volume : /home/runner/work/ozone/ozone/hadoop-ozone/integration-test/target/test-dir/MiniOzoneClusterImpl-41f086ef-0a60-4f7c-b4a3-54cba879f76c/datanode-5/data-0/containers/hdds to VolumeSet
2021-09-05 02:15:11,912 [Listener at 127.0.0.1/38669] INFO  volume.ThrottledAsyncChecker (ThrottledAsyncChecker.java:schedule(141)) - Scheduling a check for /home/runner/work/ozone/ozone/hadoop-ozone/integration-test/target/test-dir/MiniOzoneClusterImpl-41f086ef-0a60-4f7c-b4a3-54cba879f76c/datanode-5/data-0/containers/hdds
2021-09-05 02:15:11,913 [Listener at 127.0.0.1/38669] INFO  volume.StorageVolumeChecker (StorageVolumeChecker.java:checkAllVolumes(202)) - Scheduled health check for volume /home/runner/work/ozone/ozone/hadoop-ozone/integration-test/target/test-dir/MiniOzoneClusterImpl-41f086ef-0a60-4f7c-b4a3-54cba879f76c/datanode-5/data-0/containers/hdds
2021-09-05 02:15:11,924 [Listener at 127.0.0.1/38669] INFO  volume.MutableVolumeSet (MutableVolumeSet.java:initializeVolumeSet(181)) - Added Volume : /home/runner/work/ozone/ozone/hadoop-ozone/integration-test/target/test-dir/MiniOzoneClusterImpl-41f086ef-0a60-4f7c-b4a3-54cba879f76c/datanode-5/data/ratis to VolumeSet
2021-09-05 02:15:11,924 [Listener at 127.0.0.1/38669] INFO  volume.ThrottledAsyncChecker (ThrottledAsyncChecker.java:schedule(141)) - Scheduling a check for /home/runner/work/ozone/ozone/hadoop-ozone/integration-test/target/test-dir/MiniOzoneClusterImpl-41f086ef-0a60-4f7c-b4a3-54cba879f76c/datanode-5/data/ratis
2021-09-05 02:15:11,924 [Listener at 127.0.0.1/38669] INFO  volume.StorageVolumeChecker (StorageVolumeChecker.java:checkAllVolumes(202)) - Scheduled health check for volume /home/runner/work/ozone/ozone/hadoop-ozone/integration-test/target/test-dir/MiniOzoneClusterImpl-41f086ef-0a60-4f7c-b4a3-54cba879f76c/datanode-5/data/ratis
2021-09-05 02:15:11,933 [Listener at 127.0.0.1/38669] INFO  ozoneimpl.ContainerReader (ContainerReader.java:<init>(98)) - Running in upgrade mode:true
2021-09-05 02:15:11,933 [Thread-562] INFO  ozoneimpl.ContainerReader (ContainerReader.java:readVolume(142)) - Start to verify containers on volume /home/runner/work/ozone/ozone/hadoop-ozone/integration-test/target/test-dir/MiniOzoneClusterImpl-41f086ef-0a60-4f7c-b4a3-54cba879f76c/datanode-5/data-0/containers/hdds
2021-09-05 02:15:11,933 [Thread-562] INFO  ozoneimpl.ContainerReader (ContainerReader.java:readVolume(174)) - Finish verifying containers on volume /home/runner/work/ozone/ozone/hadoop-ozone/integration-test/target/test-dir/MiniOzoneClusterImpl-41f086ef-0a60-4f7c-b4a3-54cba879f76c/datanode-5/data-0/containers/hdds
2021-09-05 02:15:11,933 [Listener at 127.0.0.1/38669] INFO  ozoneimpl.OzoneContainer (OzoneContainer.java:buildContainerSet(237)) - Build ContainerSet costs 0s
2021-09-05 02:15:11,935 [Listener at 127.0.0.1/38669] INFO  server.RaftServer (ConfUtils.java:logGet(44)) - raft.rpc.type = GRPC (default)
2021-09-05 02:15:11,935 [Listener at 127.0.0.1/38669] INFO  grpc.GrpcFactory (GrpcFactory.java:checkPooledByteBufAllocatorUseCacheForAllThreads(48)) - PERFORMANCE WARNING: useCacheForAllThreads is true that may cause Netty to create a lot garbage objects and, as a result, trigger GC.
	It is recommended to disable useCacheForAllThreads by setting -Dorg.apache.ratis.thirdparty.io.netty.allocator.useCacheForAllThreads=false in command line.
2021-09-05 02:15:11,935 [Listener at 127.0.0.1/38669] INFO  grpc.GrpcConfigKeys (ConfUtils.java:logGet(44)) - raft.grpc.admin.port = 0 (custom)
2021-09-05 02:15:11,935 [Listener at 127.0.0.1/38669] INFO  grpc.GrpcConfigKeys (ConfUtils.java:logGet(44)) - raft.grpc.client.port = 0 (custom)
2021-09-05 02:15:11,935 [Listener at 127.0.0.1/38669] INFO  grpc.GrpcConfigKeys (ConfUtils.java:logGet(44)) - raft.grpc.server.port = 0 (default)
2021-09-05 02:15:11,935 [Listener at 127.0.0.1/38669] INFO  server.GrpcService (ConfUtils.java:logGet(44)) - raft.grpc.message.size.max = 32MB (=33554432) (custom)
2021-09-05 02:15:11,935 [Listener at 127.0.0.1/38669] INFO  server.RaftServerConfigKeys (ConfUtils.java:logGet(44)) - raft.server.log.appender.buffer.byte-limit = 33554432 (custom)
2021-09-05 02:15:11,936 [Listener at 127.0.0.1/38669] INFO  server.GrpcService (ConfUtils.java:logGet(44)) - raft.grpc.flow.control.window = 5MB (=5242880) (custom)
2021-09-05 02:15:11,936 [Listener at 127.0.0.1/38669] INFO  server.RaftServerConfigKeys (ConfUtils.java:logGet(44)) - raft.server.rpc.request.timeout = 60s (custom)
2021-09-05 02:15:11,936 [Listener at 127.0.0.1/38669] INFO  impl.DataStreamServerImpl (ConfUtils.java:logGet(44)) - raft.datastream.type = DISABLED (default)
2021-09-05 02:15:11,937 [Listener at 127.0.0.1/38669] INFO  server.RaftServerConfigKeys (ConfUtils.java:logGet(44)) - raft.server.rpc.slowness.timeout = 300s (custom)
2021-09-05 02:15:11,937 [Listener at 127.0.0.1/38669] INFO  server.RaftServerConfigKeys (ConfUtils.java:logGet(44)) - raft.server.leaderelection.leader.step-down.wait-time = 10s (default)
2021-09-05 02:15:11,937 [Listener at 127.0.0.1/38669] INFO  server.RaftServerConfigKeys (ConfUtils.java:logGet(44)) - raft.server.storage.dir = [/home/runner/work/ozone/ozone/hadoop-ozone/integration-test/target/test-dir/MiniOzoneClusterImpl-41f086ef-0a60-4f7c-b4a3-54cba879f76c/datanode-5/data/ratis] (custom)
2021-09-05 02:15:11,941 [Listener at 127.0.0.1/38669] INFO  http.BaseHttpServer (BaseHttpServer.java:newHttpServer2BuilderForOzone(209)) - Starting Web-server for hddsDatanode at: http://0.0.0.0:0
2021-09-05 02:15:11,941 [Listener at 127.0.0.1/38669] INFO  http.BaseHttpServer (BaseHttpServer.java:<init>(107)) - Hadoop Security Enabled: false Ozone Security Enabled: false Ozone HTTP Security Enabled: false 
2021-09-05 02:15:11,943 [Listener at 127.0.0.1/38669] INFO  server.AuthenticationFilter (AuthenticationFilter.java:constructSecretProvider(240)) - Unable to initialize FileSignerSecretProvider, falling back to use random secrets.
2021-09-05 02:15:11,944 [Listener at 127.0.0.1/38669] WARN  http.HttpRequestLog (HttpRequestLog.java:getRequestLog(103)) - Jetty request log can only be enabled using Log4j
2021-09-05 02:15:11,944 [Listener at 127.0.0.1/38669] INFO  http.HttpServer2 (HttpServer2.java:addGlobalFilter(1030)) - Added global filter 'safety' (class=org.apache.hadoop.hdds.server.http.HttpServer2$QuotingInputFilter)
2021-09-05 02:15:11,945 [Listener at 127.0.0.1/38669] INFO  http.HttpServer2 (HttpServer2.java:addFilter(1006)) - Added filter static_user_filter (class=org.apache.hadoop.http.lib.StaticUserWebFilter$StaticUserFilter) to context hddsDatanode
2021-09-05 02:15:11,945 [Listener at 127.0.0.1/38669] INFO  http.HttpServer2 (HttpServer2.java:addFilter(1014)) - Added filter static_user_filter (class=org.apache.hadoop.http.lib.StaticUserWebFilter$StaticUserFilter) to context logs
2021-09-05 02:15:11,945 [Listener at 127.0.0.1/38669] INFO  http.HttpServer2 (HttpServer2.java:addFilter(1014)) - Added filter static_user_filter (class=org.apache.hadoop.http.lib.StaticUserWebFilter$StaticUserFilter) to context static
2021-09-05 02:15:11,945 [Listener at 127.0.0.1/38669] INFO  http.HttpServer2 (HttpServer2.java:bindListener(1249)) - Jetty bound to port 44647
2021-09-05 02:15:11,946 [Listener at 127.0.0.1/38669] INFO  server.Server (Server.java:doStart(375)) - jetty-9.4.43.v20210629; built: 2021-06-30T11:07:22.254Z; git: 526006ecfa3af7f1a27ef3a288e2bef7ea9dd7e8; jvm 1.8.0_292-b10
2021-09-05 02:15:11,947 [Listener at 127.0.0.1/38669] INFO  server.session (DefaultSessionIdManager.java:doStart(334)) - DefaultSessionIdManager workerName=node0
2021-09-05 02:15:11,947 [Listener at 127.0.0.1/38669] INFO  server.session (DefaultSessionIdManager.java:doStart(339)) - No SessionScavenger set, using defaults
2021-09-05 02:15:11,947 [Listener at 127.0.0.1/38669] INFO  server.session (HouseKeeper.java:startScavenging(132)) - node0 Scavenging every 600000ms
2021-09-05 02:15:11,948 [Listener at 127.0.0.1/38669] INFO  handler.ContextHandler (ContextHandler.java:doStart(915)) - Started o.e.j.s.ServletContextHandler@1a421e72{logs,/logs,file:///home/runner/work/ozone/ozone/hadoop-ozone/integration-test/target/log,AVAILABLE}
2021-09-05 02:15:11,948 [Listener at 127.0.0.1/38669] INFO  handler.ContextHandler (ContextHandler.java:doStart(915)) - Started o.e.j.s.ServletContextHandler@3a8ed33d{static,/static,jar:file:/home/runner/.m2/repository/org/apache/ozone/hdds-container-service/1.2.0-SNAPSHOT/hdds-container-service-1.2.0-SNAPSHOT.jar!/webapps/static,AVAILABLE}
2021-09-05 02:15:11,983 [Listener at 127.0.0.1/38669] INFO  handler.ContextHandler (ContextHandler.java:doStart(915)) - Started o.e.j.w.WebAppContext@4f07485c{hddsDatanode,/,file:///tmp/jetty-0_0_0_0-44647-hdds-container-service-1_2_0-SNAPSHOT_jar-_-any-7153128164449353310/webapp/,AVAILABLE}{jar:file:/home/runner/.m2/repository/org/apache/ozone/hdds-container-service/1.2.0-SNAPSHOT/hdds-container-service-1.2.0-SNAPSHOT.jar!/webapps/hddsDatanode}
2021-09-05 02:15:11,985 [Listener at 127.0.0.1/38669] INFO  server.AbstractConnector (AbstractConnector.java:doStart(331)) - Started ServerConnector@4f1f7eda{HTTP/1.1, (http/1.1)}{0.0.0.0:44647}
2021-09-05 02:15:11,985 [Listener at 127.0.0.1/38669] INFO  server.Server (Server.java:doStart(415)) - Started @32963ms
2021-09-05 02:15:11,985 [Listener at 127.0.0.1/38669] WARN  impl.MetricsSystemImpl (MetricsSystemImpl.java:register(279)) - Sink prometheus already exists!
2021-09-05 02:15:11,986 [Listener at 127.0.0.1/38669] INFO  http.BaseHttpServer (BaseHttpServer.java:updateConnectorAddress(329)) - HTTP server of hddsDatanode listening at http://0.0.0.0:44647
2021-09-05 02:15:11,990 [Listener at 127.0.0.1/38669] INFO  ozone.MiniOzoneClusterImpl (MiniOzoneClusterImpl.java:lambda$waitForClusterToBeReady$0(235)) - Waiting for nodes to be ready. Got 0 of 6 DN Heartbeats.
2021-09-05 02:15:11,990 [Listener at 127.0.0.1/38669] INFO  ozone.MiniOzoneClusterImpl (MiniOzoneClusterImpl.java:lambda$waitForClusterToBeReady$0(238)) - Waiting for cluster to exit safe mode
2021-09-05 02:15:11,990 [Listener at 127.0.0.1/38669] INFO  ozone.MiniOzoneClusterImpl (MiniOzoneClusterImpl.java:lambda$waitForClusterToBeReady$0(240)) - SCM became leader
2021-09-05 02:15:11,994 [org.apache.hadoop.util.JvmPauseMonitor$Monitor@360dfd15] INFO  util.JvmPauseMonitor (JvmPauseMonitor.java:run(188)) - Starting JVM pause monitor
2021-09-05 02:15:11,995 [Datanode State Machine Task Thread - 0] INFO  datanode.InitDatanodeState (InitDatanodeState.java:persistContainerDatanodeDetails(145)) - DatanodeDetails is persisted to /home/runner/work/ozone/ozone/hadoop-ozone/integration-test/target/test-dir/MiniOzoneClusterImpl-41f086ef-0a60-4f7c-b4a3-54cba879f76c/datanode-5/meta/datanode.id
2021-09-05 02:15:12,070 [ReplicationMonitor] INFO  container.ReplicationManager (ReplicationManager.java:processAll(359)) - Replication Monitor Thread took 3 milliseconds for processing 4 containers.
2021-09-05 02:15:12,542 [ReplicationMonitor] INFO  container.ReplicationManager (ReplicationManager.java:processAll(359)) - Replication Monitor Thread took 0 milliseconds for processing 0 containers.
2021-09-05 02:15:12,927 [EndpointStateMachine task thread for /0.0.0.0:34977 - 0 ] INFO  ozoneimpl.OzoneContainer (OzoneContainer.java:start(305)) - Attempting to start container services.
2021-09-05 02:15:12,927 [EndpointStateMachine task thread for /0.0.0.0:34977 - 0 ] INFO  ozoneimpl.OzoneContainer (OzoneContainer.java:startContainerScrub(250)) - Background container scanner has been disabled.
2021-09-05 02:15:12,928 [EndpointStateMachine task thread for /0.0.0.0:34977 - 0 ] INFO  replication.ReplicationServer (ReplicationServer.java:start(107)) - ReplicationServer is started using port 36433
2021-09-05 02:15:12,928 [EndpointStateMachine task thread for /0.0.0.0:34977 - 0 ] INFO  ratis.XceiverServerRatis (XceiverServerRatis.java:start(482)) - Starting XceiverServerRatis 577e39c9-1c1b-439c-8002-e326b4e2fbea
2021-09-05 02:15:12,930 [EndpointStateMachine task thread for /0.0.0.0:34977 - 0 ] INFO  server.RaftServer (RaftServerProxy.java:lambda$start$5(374)) - 577e39c9-1c1b-439c-8002-e326b4e2fbea: start RPC server
2021-09-05 02:15:12,930 [EndpointStateMachine task thread for /0.0.0.0:34977 - 0 ] INFO  server.GrpcService (GrpcService.java:startImpl(253)) - 577e39c9-1c1b-439c-8002-e326b4e2fbea: GrpcService started, listening on 44289
2021-09-05 02:15:12,931 [EndpointStateMachine task thread for /0.0.0.0:34977 - 0 ] INFO  ratis.XceiverServerRatis (XceiverServerRatis.java:getRealPort(503)) - XceiverServerRatis 577e39c9-1c1b-439c-8002-e326b4e2fbea is started using port 44289 for RATIS
2021-09-05 02:15:12,931 [EndpointStateMachine task thread for /0.0.0.0:34977 - 0 ] INFO  ratis.XceiverServerRatis (XceiverServerRatis.java:getRealPort(503)) - XceiverServerRatis 577e39c9-1c1b-439c-8002-e326b4e2fbea is started using port 44289 for RATIS_ADMIN
2021-09-05 02:15:12,931 [EndpointStateMachine task thread for /0.0.0.0:34977 - 0 ] INFO  ratis.XceiverServerRatis (XceiverServerRatis.java:getRealPort(503)) - XceiverServerRatis 577e39c9-1c1b-439c-8002-e326b4e2fbea is started using port 44289 for RATIS_SERVER
2021-09-05 02:15:12,931 [org.apache.ratis.util.JvmPauseMonitor$$Lambda$534/1412209494@4468c39] INFO  util.JvmPauseMonitor (JvmPauseMonitor.java:run(103)) - JvmPauseMonitor-577e39c9-1c1b-439c-8002-e326b4e2fbea: Started
2021-09-05 02:15:12,935 [EndpointStateMachine task thread for /0.0.0.0:34977 - 0 ] INFO  server.XceiverServerGrpc (XceiverServerGrpc.java:start(135)) - XceiverServerGrpc 577e39c9-1c1b-439c-8002-e326b4e2fbea is started using port 36245
2021-09-05 02:15:12,990 [Listener at 127.0.0.1/38669] INFO  ozone.MiniOzoneClusterImpl (MiniOzoneClusterImpl.java:lambda$waitForClusterToBeReady$0(235)) - Waiting for nodes to be ready. Got 0 of 6 DN Heartbeats.
2021-09-05 02:15:12,991 [Listener at 127.0.0.1/38669] INFO  ozone.MiniOzoneClusterImpl (MiniOzoneClusterImpl.java:lambda$waitForClusterToBeReady$0(238)) - Waiting for cluster to exit safe mode
2021-09-05 02:15:12,991 [Listener at 127.0.0.1/38669] INFO  ozone.MiniOzoneClusterImpl (MiniOzoneClusterImpl.java:lambda$waitForClusterToBeReady$0(240)) - SCM became leader
2021-09-05 02:15:13,070 [ReplicationMonitor] INFO  container.ReplicationManager (ReplicationManager.java:processAll(359)) - Replication Monitor Thread took 0 milliseconds for processing 4 containers.
2021-09-05 02:15:13,284 [EndpointStateMachine task thread for /0.0.0.0:34977 - 0 ] INFO  ozoneimpl.OzoneContainer (OzoneContainer.java:start(305)) - Attempting to start container services.
2021-09-05 02:15:13,284 [EndpointStateMachine task thread for /0.0.0.0:34977 - 0 ] INFO  ozoneimpl.OzoneContainer (OzoneContainer.java:startContainerScrub(250)) - Background container scanner has been disabled.
2021-09-05 02:15:13,285 [EndpointStateMachine task thread for /0.0.0.0:34977 - 0 ] INFO  replication.ReplicationServer (ReplicationServer.java:start(107)) - ReplicationServer is started using port 37065
2021-09-05 02:15:13,286 [EndpointStateMachine task thread for /0.0.0.0:34977 - 0 ] INFO  ratis.XceiverServerRatis (XceiverServerRatis.java:start(482)) - Starting XceiverServerRatis 1d556500-cfb9-44b2-b83e-fe2a8287eb17
2021-09-05 02:15:13,290 [EndpointStateMachine task thread for /0.0.0.0:34977 - 0 ] INFO  server.RaftServer (RaftServerProxy.java:lambda$start$5(374)) - 1d556500-cfb9-44b2-b83e-fe2a8287eb17: start RPC server
2021-09-05 02:15:13,291 [EndpointStateMachine task thread for /0.0.0.0:34977 - 0 ] INFO  server.GrpcService (GrpcService.java:startImpl(253)) - 1d556500-cfb9-44b2-b83e-fe2a8287eb17: GrpcService started, listening on 34445
2021-09-05 02:15:13,291 [EndpointStateMachine task thread for /0.0.0.0:34977 - 0 ] INFO  ratis.XceiverServerRatis (XceiverServerRatis.java:getRealPort(503)) - XceiverServerRatis 1d556500-cfb9-44b2-b83e-fe2a8287eb17 is started using port 34445 for RATIS
2021-09-05 02:15:13,291 [EndpointStateMachine task thread for /0.0.0.0:34977 - 0 ] INFO  ratis.XceiverServerRatis (XceiverServerRatis.java:getRealPort(503)) - XceiverServerRatis 1d556500-cfb9-44b2-b83e-fe2a8287eb17 is started using port 34445 for RATIS_ADMIN
2021-09-05 02:15:13,291 [EndpointStateMachine task thread for /0.0.0.0:34977 - 0 ] INFO  ratis.XceiverServerRatis (XceiverServerRatis.java:getRealPort(503)) - XceiverServerRatis 1d556500-cfb9-44b2-b83e-fe2a8287eb17 is started using port 34445 for RATIS_SERVER
2021-09-05 02:15:13,291 [EndpointStateMachine task thread for /0.0.0.0:34977 - 0 ] INFO  server.XceiverServerGrpc (XceiverServerGrpc.java:start(135)) - XceiverServerGrpc 1d556500-cfb9-44b2-b83e-fe2a8287eb17 is started using port 40429
2021-09-05 02:15:13,292 [org.apache.ratis.util.JvmPauseMonitor$$Lambda$534/1412209494@44541ab8] INFO  util.JvmPauseMonitor (JvmPauseMonitor.java:run(103)) - JvmPauseMonitor-1d556500-cfb9-44b2-b83e-fe2a8287eb17: Started
2021-09-05 02:15:13,450 [EndpointStateMachine task thread for /0.0.0.0:34977 - 0 ] INFO  ozoneimpl.OzoneContainer (OzoneContainer.java:start(305)) - Attempting to start container services.
2021-09-05 02:15:13,450 [EndpointStateMachine task thread for /0.0.0.0:34977 - 0 ] INFO  ozoneimpl.OzoneContainer (OzoneContainer.java:startContainerScrub(250)) - Background container scanner has been disabled.
2021-09-05 02:15:13,451 [EndpointStateMachine task thread for /0.0.0.0:34977 - 0 ] INFO  replication.ReplicationServer (ReplicationServer.java:start(107)) - ReplicationServer is started using port 40563
2021-09-05 02:15:13,452 [EndpointStateMachine task thread for /0.0.0.0:34977 - 0 ] INFO  ratis.XceiverServerRatis (XceiverServerRatis.java:start(482)) - Starting XceiverServerRatis b79a04c8-a85d-4510-84a3-6b8e8ceb7fb6
2021-09-05 02:15:13,459 [EndpointStateMachine task thread for /0.0.0.0:34977 - 0 ] INFO  server.RaftServer (RaftServerProxy.java:lambda$start$5(374)) - b79a04c8-a85d-4510-84a3-6b8e8ceb7fb6: start RPC server
2021-09-05 02:15:13,460 [EndpointStateMachine task thread for /0.0.0.0:34977 - 0 ] INFO  server.GrpcService (GrpcService.java:startImpl(253)) - b79a04c8-a85d-4510-84a3-6b8e8ceb7fb6: GrpcService started, listening on 45853
2021-09-05 02:15:13,461 [EndpointStateMachine task thread for /0.0.0.0:34977 - 0 ] INFO  ratis.XceiverServerRatis (XceiverServerRatis.java:getRealPort(503)) - XceiverServerRatis b79a04c8-a85d-4510-84a3-6b8e8ceb7fb6 is started using port 45853 for RATIS
2021-09-05 02:15:13,461 [EndpointStateMachine task thread for /0.0.0.0:34977 - 0 ] INFO  ratis.XceiverServerRatis (XceiverServerRatis.java:getRealPort(503)) - XceiverServerRatis b79a04c8-a85d-4510-84a3-6b8e8ceb7fb6 is started using port 45853 for RATIS_ADMIN
2021-09-05 02:15:13,461 [EndpointStateMachine task thread for /0.0.0.0:34977 - 0 ] INFO  ratis.XceiverServerRatis (XceiverServerRatis.java:getRealPort(503)) - XceiverServerRatis b79a04c8-a85d-4510-84a3-6b8e8ceb7fb6 is started using port 45853 for RATIS_SERVER
2021-09-05 02:15:13,461 [org.apache.ratis.util.JvmPauseMonitor$$Lambda$534/1412209494@62ae5719] INFO  util.JvmPauseMonitor (JvmPauseMonitor.java:run(103)) - JvmPauseMonitor-b79a04c8-a85d-4510-84a3-6b8e8ceb7fb6: Started
2021-09-05 02:15:13,462 [EndpointStateMachine task thread for /0.0.0.0:34977 - 0 ] INFO  server.XceiverServerGrpc (XceiverServerGrpc.java:start(135)) - XceiverServerGrpc b79a04c8-a85d-4510-84a3-6b8e8ceb7fb6 is started using port 33345
2021-09-05 02:15:13,542 [ReplicationMonitor] INFO  container.ReplicationManager (ReplicationManager.java:processAll(359)) - Replication Monitor Thread took 0 milliseconds for processing 0 containers.
2021-09-05 02:15:13,658 [EndpointStateMachine task thread for /0.0.0.0:34977 - 0 ] INFO  ozoneimpl.OzoneContainer (OzoneContainer.java:start(305)) - Attempting to start container services.
2021-09-05 02:15:13,658 [EndpointStateMachine task thread for /0.0.0.0:34977 - 0 ] INFO  ozoneimpl.OzoneContainer (OzoneContainer.java:startContainerScrub(250)) - Background container scanner has been disabled.
2021-09-05 02:15:13,659 [EndpointStateMachine task thread for /0.0.0.0:34977 - 0 ] INFO  replication.ReplicationServer (ReplicationServer.java:start(107)) - ReplicationServer is started using port 40607
2021-09-05 02:15:13,662 [EndpointStateMachine task thread for /0.0.0.0:34977 - 0 ] INFO  ratis.XceiverServerRatis (XceiverServerRatis.java:start(482)) - Starting XceiverServerRatis 6ec9e918-e233-4af1-a2ad-83394b4f880d
2021-09-05 02:15:13,665 [EndpointStateMachine task thread for /0.0.0.0:34977 - 0 ] INFO  server.RaftServer (RaftServerProxy.java:lambda$start$5(374)) - 6ec9e918-e233-4af1-a2ad-83394b4f880d: start RPC server
2021-09-05 02:15:13,666 [EndpointStateMachine task thread for /0.0.0.0:34977 - 0 ] INFO  server.GrpcService (GrpcService.java:startImpl(253)) - 6ec9e918-e233-4af1-a2ad-83394b4f880d: GrpcService started, listening on 34469
2021-09-05 02:15:13,666 [EndpointStateMachine task thread for /0.0.0.0:34977 - 0 ] INFO  ratis.XceiverServerRatis (XceiverServerRatis.java:getRealPort(503)) - XceiverServerRatis 6ec9e918-e233-4af1-a2ad-83394b4f880d is started using port 34469 for RATIS
2021-09-05 02:15:13,666 [EndpointStateMachine task thread for /0.0.0.0:34977 - 0 ] INFO  ratis.XceiverServerRatis (XceiverServerRatis.java:getRealPort(503)) - XceiverServerRatis 6ec9e918-e233-4af1-a2ad-83394b4f880d is started using port 34469 for RATIS_ADMIN
2021-09-05 02:15:13,666 [EndpointStateMachine task thread for /0.0.0.0:34977 - 0 ] INFO  ratis.XceiverServerRatis (XceiverServerRatis.java:getRealPort(503)) - XceiverServerRatis 6ec9e918-e233-4af1-a2ad-83394b4f880d is started using port 34469 for RATIS_SERVER
2021-09-05 02:15:13,666 [org.apache.ratis.util.JvmPauseMonitor$$Lambda$534/1412209494@743cb75b] INFO  util.JvmPauseMonitor (JvmPauseMonitor.java:run(103)) - JvmPauseMonitor-6ec9e918-e233-4af1-a2ad-83394b4f880d: Started
2021-09-05 02:15:13,666 [EndpointStateMachine task thread for /0.0.0.0:34977 - 0 ] INFO  server.XceiverServerGrpc (XceiverServerGrpc.java:start(135)) - XceiverServerGrpc 6ec9e918-e233-4af1-a2ad-83394b4f880d is started using port 38701
2021-09-05 02:15:13,852 [EndpointStateMachine task thread for /0.0.0.0:34977 - 0 ] INFO  ozoneimpl.OzoneContainer (OzoneContainer.java:start(305)) - Attempting to start container services.
2021-09-05 02:15:13,853 [EndpointStateMachine task thread for /0.0.0.0:34977 - 0 ] INFO  ozoneimpl.OzoneContainer (OzoneContainer.java:startContainerScrub(250)) - Background container scanner has been disabled.
2021-09-05 02:15:13,853 [EndpointStateMachine task thread for /0.0.0.0:34977 - 0 ] INFO  replication.ReplicationServer (ReplicationServer.java:start(107)) - ReplicationServer is started using port 39473
2021-09-05 02:15:13,854 [EndpointStateMachine task thread for /0.0.0.0:34977 - 0 ] INFO  ratis.XceiverServerRatis (XceiverServerRatis.java:start(482)) - Starting XceiverServerRatis 70b5588f-03e2-4e7c-9cb7-471676996542
2021-09-05 02:15:13,857 [EndpointStateMachine task thread for /0.0.0.0:34977 - 0 ] INFO  server.RaftServer (RaftServerProxy.java:lambda$start$5(374)) - 70b5588f-03e2-4e7c-9cb7-471676996542: start RPC server
2021-09-05 02:15:13,857 [EndpointStateMachine task thread for /0.0.0.0:34977 - 0 ] INFO  server.GrpcService (GrpcService.java:startImpl(253)) - 70b5588f-03e2-4e7c-9cb7-471676996542: GrpcService started, listening on 34009
2021-09-05 02:15:13,857 [EndpointStateMachine task thread for /0.0.0.0:34977 - 0 ] INFO  ratis.XceiverServerRatis (XceiverServerRatis.java:getRealPort(503)) - XceiverServerRatis 70b5588f-03e2-4e7c-9cb7-471676996542 is started using port 34009 for RATIS
2021-09-05 02:15:13,857 [EndpointStateMachine task thread for /0.0.0.0:34977 - 0 ] INFO  ratis.XceiverServerRatis (XceiverServerRatis.java:getRealPort(503)) - XceiverServerRatis 70b5588f-03e2-4e7c-9cb7-471676996542 is started using port 34009 for RATIS_ADMIN
2021-09-05 02:15:13,857 [EndpointStateMachine task thread for /0.0.0.0:34977 - 0 ] INFO  ratis.XceiverServerRatis (XceiverServerRatis.java:getRealPort(503)) - XceiverServerRatis 70b5588f-03e2-4e7c-9cb7-471676996542 is started using port 34009 for RATIS_SERVER
2021-09-05 02:15:13,857 [org.apache.ratis.util.JvmPauseMonitor$$Lambda$534/1412209494@45875b97] INFO  util.JvmPauseMonitor (JvmPauseMonitor.java:run(103)) - JvmPauseMonitor-70b5588f-03e2-4e7c-9cb7-471676996542: Started
2021-09-05 02:15:13,858 [EndpointStateMachine task thread for /0.0.0.0:34977 - 0 ] INFO  server.XceiverServerGrpc (XceiverServerGrpc.java:start(135)) - XceiverServerGrpc 70b5588f-03e2-4e7c-9cb7-471676996542 is started using port 37651
2021-09-05 02:15:13,991 [Listener at 127.0.0.1/38669] INFO  ozone.MiniOzoneClusterImpl (MiniOzoneClusterImpl.java:lambda$waitForClusterToBeReady$0(235)) - Waiting for nodes to be ready. Got 0 of 6 DN Heartbeats.
2021-09-05 02:15:13,991 [Listener at 127.0.0.1/38669] INFO  ozone.MiniOzoneClusterImpl (MiniOzoneClusterImpl.java:lambda$waitForClusterToBeReady$0(238)) - Waiting for cluster to exit safe mode
2021-09-05 02:15:13,991 [Listener at 127.0.0.1/38669] INFO  ozone.MiniOzoneClusterImpl (MiniOzoneClusterImpl.java:lambda$waitForClusterToBeReady$0(240)) - SCM became leader
2021-09-05 02:15:13,997 [EndpointStateMachine task thread for /0.0.0.0:34977 - 0 ] INFO  ozoneimpl.OzoneContainer (OzoneContainer.java:start(305)) - Attempting to start container services.
2021-09-05 02:15:13,997 [EndpointStateMachine task thread for /0.0.0.0:34977 - 0 ] INFO  ozoneimpl.OzoneContainer (OzoneContainer.java:startContainerScrub(250)) - Background container scanner has been disabled.
2021-09-05 02:15:13,999 [EndpointStateMachine task thread for /0.0.0.0:34977 - 0 ] INFO  replication.ReplicationServer (ReplicationServer.java:start(107)) - ReplicationServer is started using port 46329
2021-09-05 02:15:14,000 [EndpointStateMachine task thread for /0.0.0.0:34977 - 0 ] INFO  ratis.XceiverServerRatis (XceiverServerRatis.java:start(482)) - Starting XceiverServerRatis a5a3b4f5-3484-4282-ab73-6a29d94875d9
2021-09-05 02:15:14,002 [EndpointStateMachine task thread for /0.0.0.0:34977 - 0 ] INFO  server.RaftServer (RaftServerProxy.java:lambda$start$5(374)) - a5a3b4f5-3484-4282-ab73-6a29d94875d9: start RPC server
2021-09-05 02:15:14,003 [EndpointStateMachine task thread for /0.0.0.0:34977 - 0 ] INFO  server.GrpcService (GrpcService.java:startImpl(253)) - a5a3b4f5-3484-4282-ab73-6a29d94875d9: GrpcService started, listening on 46191
2021-09-05 02:15:14,004 [EndpointStateMachine task thread for /0.0.0.0:34977 - 0 ] INFO  ratis.XceiverServerRatis (XceiverServerRatis.java:getRealPort(503)) - XceiverServerRatis a5a3b4f5-3484-4282-ab73-6a29d94875d9 is started using port 46191 for RATIS
2021-09-05 02:15:14,004 [EndpointStateMachine task thread for /0.0.0.0:34977 - 0 ] INFO  ratis.XceiverServerRatis (XceiverServerRatis.java:getRealPort(503)) - XceiverServerRatis a5a3b4f5-3484-4282-ab73-6a29d94875d9 is started using port 46191 for RATIS_ADMIN
2021-09-05 02:15:14,004 [EndpointStateMachine task thread for /0.0.0.0:34977 - 0 ] INFO  ratis.XceiverServerRatis (XceiverServerRatis.java:getRealPort(503)) - XceiverServerRatis a5a3b4f5-3484-4282-ab73-6a29d94875d9 is started using port 46191 for RATIS_SERVER
2021-09-05 02:15:14,004 [org.apache.ratis.util.JvmPauseMonitor$$Lambda$534/1412209494@6dae64fa] INFO  util.JvmPauseMonitor (JvmPauseMonitor.java:run(103)) - JvmPauseMonitor-a5a3b4f5-3484-4282-ab73-6a29d94875d9: Started
2021-09-05 02:15:14,005 [EndpointStateMachine task thread for /0.0.0.0:34977 - 0 ] INFO  server.XceiverServerGrpc (XceiverServerGrpc.java:start(135)) - XceiverServerGrpc a5a3b4f5-3484-4282-ab73-6a29d94875d9 is started using port 42209
2021-09-05 02:15:14,071 [ReplicationMonitor] INFO  container.ReplicationManager (ReplicationManager.java:processAll(359)) - Replication Monitor Thread took 0 milliseconds for processing 4 containers.
2021-09-05 02:15:14,543 [ReplicationMonitor] INFO  container.ReplicationManager (ReplicationManager.java:processAll(359)) - Replication Monitor Thread took 0 milliseconds for processing 0 containers.
2021-09-05 02:15:14,916 [IPC Server handler 1 on default port 34977] INFO  net.NetworkTopologyImpl (NetworkTopologyImpl.java:add(112)) - Added a new node: /default-rack/577e39c9-1c1b-439c-8002-e326b4e2fbea
2021-09-05 02:15:14,916 [IPC Server handler 1 on default port 34977] INFO  node.SCMNodeManager (SCMNodeManager.java:register(390)) - Registered Data node : 577e39c9-1c1b-439c-8002-e326b4e2fbea{ip: 10.1.0.22, host: fv-az151-757.yf2hydr00wburbhx3j5hxtcipe.bx.internal.cloudapp.net, ports: [REPLICATION=36433, RATIS=44289, RATIS_ADMIN=44289, RATIS_SERVER=44289, STANDALONE=36245], networkLocation: /default-rack, certSerialId: null, persistedOpState: null, persistedOpStateExpiryEpochSec: 0}
2021-09-05 02:15:14,920 [EventQueue-NewNodeForNewNodeHandler] INFO  pipeline.BackgroundPipelineCreator (BackgroundPipelineCreatorV2.java:notifyEventTriggered(285)) - trigger a one-shot run on RatisPipelineUtilsThread.
2021-09-05 02:15:14,921 [EventQueue-NodeRegistrationContainerReportForContainerSafeModeRule] INFO  safemode.SCMSafeModeManager (SCMSafeModeManager.java:validateSafeModeExitRules(204)) - ContainerSafeModeRule rule is successfully validated
2021-09-05 02:15:14,921 [RatisPipelineUtilsThread - 0] INFO  pipeline.RatisPipelineProvider (RatisPipelineProvider.java:lambda$create$0(183)) - Sending CreatePipelineCommand for pipeline:PipelineID=3390437f-3625-46bf-b41d-19cf66d751ce to datanode:577e39c9-1c1b-439c-8002-e326b4e2fbea
2021-09-05 02:15:14,921 [EventQueue-NodeRegistrationContainerReportForDataNodeSafeModeRule] INFO  safemode.SCMSafeModeManager (DataNodeSafeModeRule.java:process(71)) - SCM in safe mode. 1 DataNodes registered, 3 required.
2021-09-05 02:15:14,927 [RatisPipelineUtilsThread - 0] INFO  pipeline.PipelineStateManager (PipelineStateManagerV2Impl.java:addPipeline(101)) - Created pipeline Pipeline[ Id: 3390437f-3625-46bf-b41d-19cf66d751ce, Nodes: 577e39c9-1c1b-439c-8002-e326b4e2fbea{ip: 10.1.0.22, host: fv-az151-757.yf2hydr00wburbhx3j5hxtcipe.bx.internal.cloudapp.net, ports: [REPLICATION=36433, RATIS=44289, RATIS_ADMIN=44289, RATIS_SERVER=44289, STANDALONE=36245], networkLocation: /default-rack, certSerialId: null, persistedOpState: IN_SERVICE, persistedOpStateExpiryEpochSec: 0}, ReplicationConfig: RATIS/ONE, State:ALLOCATED, leaderId:, CreationTimestamp2021-09-05T02:15:14.921Z[Etc/UTC]].
2021-09-05 02:15:14,926 [EventQueue-PipelineReportForOneReplicaPipelineSafeModeRule] INFO  safemode.SCMSafeModeManager (SCMSafeModeManager.java:validateSafeModeExitRules(204)) - AtleastOneDatanodeReportedRule rule is successfully validated
2021-09-05 02:15:14,991 [Listener at 127.0.0.1/38669] INFO  ozone.MiniOzoneClusterImpl (MiniOzoneClusterImpl.java:lambda$waitForClusterToBeReady$0(235)) - Waiting for nodes to be ready. Got 1 of 6 DN Heartbeats.
2021-09-05 02:15:14,993 [Listener at 127.0.0.1/38669] INFO  ozone.MiniOzoneClusterImpl (MiniOzoneClusterImpl.java:lambda$waitForClusterToBeReady$0(238)) - Waiting for cluster to exit safe mode
2021-09-05 02:15:14,993 [Listener at 127.0.0.1/38669] INFO  ozone.MiniOzoneClusterImpl (MiniOzoneClusterImpl.java:lambda$waitForClusterToBeReady$0(240)) - SCM became leader
2021-09-05 02:15:15,071 [ReplicationMonitor] INFO  container.ReplicationManager (ReplicationManager.java:processAll(359)) - Replication Monitor Thread took 0 milliseconds for processing 4 containers.
2021-09-05 02:15:15,280 [IPC Server handler 2 on default port 34977] INFO  net.NetworkTopologyImpl (NetworkTopologyImpl.java:add(112)) - Added a new node: /default-rack/1d556500-cfb9-44b2-b83e-fe2a8287eb17
2021-09-05 02:15:15,280 [IPC Server handler 2 on default port 34977] INFO  node.SCMNodeManager (SCMNodeManager.java:register(390)) - Registered Data node : 1d556500-cfb9-44b2-b83e-fe2a8287eb17{ip: 10.1.0.22, host: fv-az151-757.yf2hydr00wburbhx3j5hxtcipe.bx.internal.cloudapp.net, ports: [REPLICATION=37065, RATIS=34445, RATIS_ADMIN=34445, RATIS_SERVER=34445, STANDALONE=40429], networkLocation: /default-rack, certSerialId: null, persistedOpState: null, persistedOpStateExpiryEpochSec: 0}
2021-09-05 02:15:15,281 [EventQueue-NodeRegistrationContainerReportForDataNodeSafeModeRule] INFO  safemode.SCMSafeModeManager (DataNodeSafeModeRule.java:process(71)) - SCM in safe mode. 2 DataNodes registered, 3 required.
2021-09-05 02:15:15,281 [EventQueue-NewNodeForNewNodeHandler] INFO  pipeline.BackgroundPipelineCreator (BackgroundPipelineCreatorV2.java:notifyEventTriggered(285)) - trigger a one-shot run on RatisPipelineUtilsThread.
2021-09-05 02:15:15,283 [RatisPipelineUtilsThread - 0] INFO  pipeline.RatisPipelineProvider (RatisPipelineProvider.java:lambda$create$0(183)) - Sending CreatePipelineCommand for pipeline:PipelineID=f1943088-b1ad-4b14-bbd4-37a1ebb43adb to datanode:1d556500-cfb9-44b2-b83e-fe2a8287eb17
2021-09-05 02:15:15,283 [RatisPipelineUtilsThread - 0] INFO  pipeline.PipelineStateManager (PipelineStateManagerV2Impl.java:addPipeline(101)) - Created pipeline Pipeline[ Id: f1943088-b1ad-4b14-bbd4-37a1ebb43adb, Nodes: 1d556500-cfb9-44b2-b83e-fe2a8287eb17{ip: 10.1.0.22, host: fv-az151-757.yf2hydr00wburbhx3j5hxtcipe.bx.internal.cloudapp.net, ports: [REPLICATION=37065, RATIS=34445, RATIS_ADMIN=34445, RATIS_SERVER=34445, STANDALONE=40429], networkLocation: /default-rack, certSerialId: null, persistedOpState: IN_SERVICE, persistedOpStateExpiryEpochSec: 0}, ReplicationConfig: RATIS/ONE, State:ALLOCATED, leaderId:, CreationTimestamp2021-09-05T02:15:15.283Z[Etc/UTC]].
2021-09-05 02:15:15,447 [IPC Server handler 4 on default port 34977] INFO  net.NetworkTopologyImpl (NetworkTopologyImpl.java:add(112)) - Added a new node: /default-rack/b79a04c8-a85d-4510-84a3-6b8e8ceb7fb6
2021-09-05 02:15:15,447 [IPC Server handler 4 on default port 34977] INFO  node.SCMNodeManager (SCMNodeManager.java:register(390)) - Registered Data node : b79a04c8-a85d-4510-84a3-6b8e8ceb7fb6{ip: 10.1.0.22, host: fv-az151-757.yf2hydr00wburbhx3j5hxtcipe.bx.internal.cloudapp.net, ports: [REPLICATION=40563, RATIS=45853, RATIS_ADMIN=45853, RATIS_SERVER=45853, STANDALONE=33345], networkLocation: /default-rack, certSerialId: null, persistedOpState: null, persistedOpStateExpiryEpochSec: 0}
2021-09-05 02:15:15,447 [EventQueue-NewNodeForNewNodeHandler] INFO  pipeline.BackgroundPipelineCreator (BackgroundPipelineCreatorV2.java:notifyEventTriggered(285)) - trigger a one-shot run on RatisPipelineUtilsThread.
2021-09-05 02:15:15,449 [RatisPipelineUtilsThread - 0] INFO  pipeline.RatisPipelineProvider (RatisPipelineProvider.java:lambda$create$0(183)) - Sending CreatePipelineCommand for pipeline:PipelineID=e03de663-6081-433f-9419-67c01ba91eb3 to datanode:b79a04c8-a85d-4510-84a3-6b8e8ceb7fb6
2021-09-05 02:15:15,449 [RatisPipelineUtilsThread - 0] INFO  pipeline.PipelineStateManager (PipelineStateManagerV2Impl.java:addPipeline(101)) - Created pipeline Pipeline[ Id: e03de663-6081-433f-9419-67c01ba91eb3, Nodes: b79a04c8-a85d-4510-84a3-6b8e8ceb7fb6{ip: 10.1.0.22, host: fv-az151-757.yf2hydr00wburbhx3j5hxtcipe.bx.internal.cloudapp.net, ports: [REPLICATION=40563, RATIS=45853, RATIS_ADMIN=45853, RATIS_SERVER=45853, STANDALONE=33345], networkLocation: /default-rack, certSerialId: null, persistedOpState: IN_SERVICE, persistedOpStateExpiryEpochSec: 0}, ReplicationConfig: RATIS/ONE, State:ALLOCATED, leaderId:, CreationTimestamp2021-09-05T02:15:15.449Z[Etc/UTC]].
2021-09-05 02:15:15,449 [EventQueue-NodeRegistrationContainerReportForDataNodeSafeModeRule] INFO  safemode.SCMSafeModeManager (DataNodeSafeModeRule.java:process(71)) - SCM in safe mode. 3 DataNodes registered, 3 required.
2021-09-05 02:15:15,450 [EventQueue-NodeRegistrationContainerReportForDataNodeSafeModeRule] INFO  safemode.SCMSafeModeManager (SCMSafeModeManager.java:validateSafeModeExitRules(204)) - DataNodeSafeModeRule rule is successfully validated
2021-09-05 02:15:15,450 [EventQueue-NodeRegistrationContainerReportForDataNodeSafeModeRule] INFO  safemode.SCMSafeModeManager (SCMSafeModeManager.java:completePreCheck(233)) - All SCM safe mode pre check rules have passed
2021-09-05 02:15:15,450 [EventQueue-NodeRegistrationContainerReportForDataNodeSafeModeRule] WARN  events.EventQueue (EventQueue.java:fireEvent(194)) - No event handler registered for event TypedEvent{payloadType=SafeModeStatus, name='Safe mode status'}
2021-09-05 02:15:15,450 [EventQueue-NodeRegistrationContainerReportForDataNodeSafeModeRule] INFO  ha.SCMContext (SCMContext.java:updateSafeModeStatus(205)) - Update SafeModeStatus from SafeModeStatus{safeModeStatus=true, preCheckPassed=false} to SafeModeStatus{safeModeStatus=true, preCheckPassed=true}.
2021-09-05 02:15:15,450 [EventQueue-NodeRegistrationContainerReportForDataNodeSafeModeRule] INFO  pipeline.BackgroundPipelineCreator (BackgroundPipelineCreatorV2.java:notifyEventTriggered(285)) - trigger a one-shot run on RatisPipelineUtilsThread.
2021-09-05 02:15:15,451 [RatisPipelineUtilsThread - 0] INFO  pipeline.RatisPipelineProvider (RatisPipelineProvider.java:lambda$create$0(183)) - Sending CreatePipelineCommand for pipeline:PipelineID=9b37ad1c-add5-4cbe-9877-180cb623063e to datanode:577e39c9-1c1b-439c-8002-e326b4e2fbea
2021-09-05 02:15:15,451 [RatisPipelineUtilsThread - 0] INFO  pipeline.RatisPipelineProvider (RatisPipelineProvider.java:lambda$create$0(183)) - Sending CreatePipelineCommand for pipeline:PipelineID=9b37ad1c-add5-4cbe-9877-180cb623063e to datanode:b79a04c8-a85d-4510-84a3-6b8e8ceb7fb6
2021-09-05 02:15:15,451 [RatisPipelineUtilsThread - 0] INFO  pipeline.RatisPipelineProvider (RatisPipelineProvider.java:lambda$create$0(183)) - Sending CreatePipelineCommand for pipeline:PipelineID=9b37ad1c-add5-4cbe-9877-180cb623063e to datanode:1d556500-cfb9-44b2-b83e-fe2a8287eb17
2021-09-05 02:15:15,452 [RatisPipelineUtilsThread - 0] INFO  pipeline.PipelineStateManager (PipelineStateManagerV2Impl.java:addPipeline(101)) - Created pipeline Pipeline[ Id: 9b37ad1c-add5-4cbe-9877-180cb623063e, Nodes: 577e39c9-1c1b-439c-8002-e326b4e2fbea{ip: 10.1.0.22, host: fv-az151-757.yf2hydr00wburbhx3j5hxtcipe.bx.internal.cloudapp.net, ports: [REPLICATION=36433, RATIS=44289, RATIS_ADMIN=44289, RATIS_SERVER=44289, STANDALONE=36245], networkLocation: /default-rack, certSerialId: null, persistedOpState: IN_SERVICE, persistedOpStateExpiryEpochSec: 0}b79a04c8-a85d-4510-84a3-6b8e8ceb7fb6{ip: 10.1.0.22, host: fv-az151-757.yf2hydr00wburbhx3j5hxtcipe.bx.internal.cloudapp.net, ports: [REPLICATION=40563, RATIS=45853, RATIS_ADMIN=45853, RATIS_SERVER=45853, STANDALONE=33345], networkLocation: /default-rack, certSerialId: null, persistedOpState: IN_SERVICE, persistedOpStateExpiryEpochSec: 0}1d556500-cfb9-44b2-b83e-fe2a8287eb17{ip: 10.1.0.22, host: fv-az151-757.yf2hydr00wburbhx3j5hxtcipe.bx.internal.cloudapp.net, ports: [REPLICATION=37065, RATIS=34445, RATIS_ADMIN=34445, RATIS_SERVER=34445, STANDALONE=40429], networkLocation: /default-rack, certSerialId: null, persistedOpState: IN_SERVICE, persistedOpStateExpiryEpochSec: 0}, ReplicationConfig: RATIS/THREE, State:ALLOCATED, leaderId:, CreationTimestamp2021-09-05T02:15:15.451Z[Etc/UTC]].
2021-09-05 02:15:15,543 [ReplicationMonitor] INFO  container.ReplicationManager (ReplicationManager.java:processAll(359)) - Replication Monitor Thread took 0 milliseconds for processing 0 containers.
2021-09-05 02:15:15,658 [IPC Server handler 5 on default port 34977] INFO  net.NetworkTopologyImpl (NetworkTopologyImpl.java:add(112)) - Added a new node: /default-rack/6ec9e918-e233-4af1-a2ad-83394b4f880d
2021-09-05 02:15:15,659 [IPC Server handler 5 on default port 34977] INFO  node.SCMNodeManager (SCMNodeManager.java:register(390)) - Registered Data node : 6ec9e918-e233-4af1-a2ad-83394b4f880d{ip: 10.1.0.22, host: fv-az151-757.yf2hydr00wburbhx3j5hxtcipe.bx.internal.cloudapp.net, ports: [REPLICATION=40607, RATIS=34469, RATIS_ADMIN=34469, RATIS_SERVER=34469, STANDALONE=38701], networkLocation: /default-rack, certSerialId: null, persistedOpState: null, persistedOpStateExpiryEpochSec: 0}
2021-09-05 02:15:15,659 [EventQueue-NewNodeForNewNodeHandler] INFO  pipeline.BackgroundPipelineCreator (BackgroundPipelineCreatorV2.java:notifyEventTriggered(285)) - trigger a one-shot run on RatisPipelineUtilsThread.
2021-09-05 02:15:15,660 [RatisPipelineUtilsThread - 0] INFO  pipeline.RatisPipelineProvider (RatisPipelineProvider.java:lambda$create$0(183)) - Sending CreatePipelineCommand for pipeline:PipelineID=1230f149-2b06-413c-aeb5-6d770c709755 to datanode:6ec9e918-e233-4af1-a2ad-83394b4f880d
2021-09-05 02:15:15,661 [RatisPipelineUtilsThread - 0] INFO  pipeline.PipelineStateManager (PipelineStateManagerV2Impl.java:addPipeline(101)) - Created pipeline Pipeline[ Id: 1230f149-2b06-413c-aeb5-6d770c709755, Nodes: 6ec9e918-e233-4af1-a2ad-83394b4f880d{ip: 10.1.0.22, host: fv-az151-757.yf2hydr00wburbhx3j5hxtcipe.bx.internal.cloudapp.net, ports: [REPLICATION=40607, RATIS=34469, RATIS_ADMIN=34469, RATIS_SERVER=34469, STANDALONE=38701], networkLocation: /default-rack, certSerialId: null, persistedOpState: IN_SERVICE, persistedOpStateExpiryEpochSec: 0}, ReplicationConfig: RATIS/ONE, State:ALLOCATED, leaderId:, CreationTimestamp2021-09-05T02:15:15.660Z[Etc/UTC]].
2021-09-05 02:15:15,850 [IPC Server handler 0 on default port 34977] INFO  net.NetworkTopologyImpl (NetworkTopologyImpl.java:add(112)) - Added a new node: /default-rack/70b5588f-03e2-4e7c-9cb7-471676996542
2021-09-05 02:15:15,850 [IPC Server handler 0 on default port 34977] INFO  node.SCMNodeManager (SCMNodeManager.java:register(390)) - Registered Data node : 70b5588f-03e2-4e7c-9cb7-471676996542{ip: 10.1.0.22, host: fv-az151-757.yf2hydr00wburbhx3j5hxtcipe.bx.internal.cloudapp.net, ports: [REPLICATION=39473, RATIS=34009, RATIS_ADMIN=34009, RATIS_SERVER=34009, STANDALONE=37651], networkLocation: /default-rack, certSerialId: null, persistedOpState: null, persistedOpStateExpiryEpochSec: 0}
2021-09-05 02:15:15,850 [EventQueue-NewNodeForNewNodeHandler] INFO  pipeline.BackgroundPipelineCreator (BackgroundPipelineCreatorV2.java:notifyEventTriggered(285)) - trigger a one-shot run on RatisPipelineUtilsThread.
2021-09-05 02:15:15,855 [RatisPipelineUtilsThread - 0] INFO  pipeline.RatisPipelineProvider (RatisPipelineProvider.java:lambda$create$0(183)) - Sending CreatePipelineCommand for pipeline:PipelineID=0b656eeb-bdb1-4561-8b93-444359725699 to datanode:70b5588f-03e2-4e7c-9cb7-471676996542
2021-09-05 02:15:15,855 [RatisPipelineUtilsThread - 0] INFO  pipeline.PipelineStateManager (PipelineStateManagerV2Impl.java:addPipeline(101)) - Created pipeline Pipeline[ Id: 0b656eeb-bdb1-4561-8b93-444359725699, Nodes: 70b5588f-03e2-4e7c-9cb7-471676996542{ip: 10.1.0.22, host: fv-az151-757.yf2hydr00wburbhx3j5hxtcipe.bx.internal.cloudapp.net, ports: [REPLICATION=39473, RATIS=34009, RATIS_ADMIN=34009, RATIS_SERVER=34009, STANDALONE=37651], networkLocation: /default-rack, certSerialId: null, persistedOpState: IN_SERVICE, persistedOpStateExpiryEpochSec: 0}, ReplicationConfig: RATIS/ONE, State:ALLOCATED, leaderId:, CreationTimestamp2021-09-05T02:15:15.855Z[Etc/UTC]].
2021-09-05 02:15:15,993 [Listener at 127.0.0.1/38669] INFO  ozone.MiniOzoneClusterImpl (MiniOzoneClusterImpl.java:lambda$waitForClusterToBeReady$0(235)) - Waiting for nodes to be ready. Got 5 of 6 DN Heartbeats.
2021-09-05 02:15:15,993 [Listener at 127.0.0.1/38669] INFO  ozone.MiniOzoneClusterImpl (MiniOzoneClusterImpl.java:lambda$waitForClusterToBeReady$0(238)) - Waiting for cluster to exit safe mode
2021-09-05 02:15:15,993 [Listener at 127.0.0.1/38669] INFO  ozone.MiniOzoneClusterImpl (MiniOzoneClusterImpl.java:lambda$waitForClusterToBeReady$0(240)) - SCM became leader
2021-09-05 02:15:15,995 [IPC Server handler 2 on default port 34977] INFO  net.NetworkTopologyImpl (NetworkTopologyImpl.java:add(112)) - Added a new node: /default-rack/a5a3b4f5-3484-4282-ab73-6a29d94875d9
2021-09-05 02:15:15,995 [IPC Server handler 2 on default port 34977] INFO  node.SCMNodeManager (SCMNodeManager.java:register(390)) - Registered Data node : a5a3b4f5-3484-4282-ab73-6a29d94875d9{ip: 10.1.0.22, host: fv-az151-757.yf2hydr00wburbhx3j5hxtcipe.bx.internal.cloudapp.net, ports: [REPLICATION=46329, RATIS=46191, RATIS_ADMIN=46191, RATIS_SERVER=46191, STANDALONE=42209], networkLocation: /default-rack, certSerialId: null, persistedOpState: null, persistedOpStateExpiryEpochSec: 0}
2021-09-05 02:15:15,995 [EventQueue-NewNodeForNewNodeHandler] INFO  pipeline.BackgroundPipelineCreator (BackgroundPipelineCreatorV2.java:notifyEventTriggered(285)) - trigger a one-shot run on RatisPipelineUtilsThread.
2021-09-05 02:15:15,995 [RatisPipelineUtilsThread - 0] INFO  pipeline.RatisPipelineProvider (RatisPipelineProvider.java:lambda$create$0(183)) - Sending CreatePipelineCommand for pipeline:PipelineID=086196e2-2f68-4b79-81c2-0354ea568ccd to datanode:a5a3b4f5-3484-4282-ab73-6a29d94875d9
2021-09-05 02:15:15,996 [RatisPipelineUtilsThread - 0] INFO  pipeline.PipelineStateManager (PipelineStateManagerV2Impl.java:addPipeline(101)) - Created pipeline Pipeline[ Id: 086196e2-2f68-4b79-81c2-0354ea568ccd, Nodes: a5a3b4f5-3484-4282-ab73-6a29d94875d9{ip: 10.1.0.22, host: fv-az151-757.yf2hydr00wburbhx3j5hxtcipe.bx.internal.cloudapp.net, ports: [REPLICATION=46329, RATIS=46191, RATIS_ADMIN=46191, RATIS_SERVER=46191, STANDALONE=42209], networkLocation: /default-rack, certSerialId: null, persistedOpState: IN_SERVICE, persistedOpStateExpiryEpochSec: 0}, ReplicationConfig: RATIS/ONE, State:ALLOCATED, leaderId:, CreationTimestamp2021-09-05T02:15:15.995Z[Etc/UTC]].
2021-09-05 02:15:15,997 [RatisPipelineUtilsThread - 0] INFO  pipeline.RatisPipelineProvider (RatisPipelineProvider.java:lambda$create$0(183)) - Sending CreatePipelineCommand for pipeline:PipelineID=ca2cbe7e-67e8-4122-abdb-054d0727f730 to datanode:a5a3b4f5-3484-4282-ab73-6a29d94875d9
2021-09-05 02:15:15,997 [RatisPipelineUtilsThread - 0] INFO  pipeline.RatisPipelineProvider (RatisPipelineProvider.java:lambda$create$0(183)) - Sending CreatePipelineCommand for pipeline:PipelineID=ca2cbe7e-67e8-4122-abdb-054d0727f730 to datanode:6ec9e918-e233-4af1-a2ad-83394b4f880d
2021-09-05 02:15:15,997 [RatisPipelineUtilsThread - 0] INFO  pipeline.RatisPipelineProvider (RatisPipelineProvider.java:lambda$create$0(183)) - Sending CreatePipelineCommand for pipeline:PipelineID=ca2cbe7e-67e8-4122-abdb-054d0727f730 to datanode:70b5588f-03e2-4e7c-9cb7-471676996542
2021-09-05 02:15:15,997 [RatisPipelineUtilsThread - 0] INFO  pipeline.PipelineStateManager (PipelineStateManagerV2Impl.java:addPipeline(101)) - Created pipeline Pipeline[ Id: ca2cbe7e-67e8-4122-abdb-054d0727f730, Nodes: a5a3b4f5-3484-4282-ab73-6a29d94875d9{ip: 10.1.0.22, host: fv-az151-757.yf2hydr00wburbhx3j5hxtcipe.bx.internal.cloudapp.net, ports: [REPLICATION=46329, RATIS=46191, RATIS_ADMIN=46191, RATIS_SERVER=46191, STANDALONE=42209], networkLocation: /default-rack, certSerialId: null, persistedOpState: IN_SERVICE, persistedOpStateExpiryEpochSec: 0}6ec9e918-e233-4af1-a2ad-83394b4f880d{ip: 10.1.0.22, host: fv-az151-757.yf2hydr00wburbhx3j5hxtcipe.bx.internal.cloudapp.net, ports: [REPLICATION=40607, RATIS=34469, RATIS_ADMIN=34469, RATIS_SERVER=34469, STANDALONE=38701], networkLocation: /default-rack, certSerialId: null, persistedOpState: IN_SERVICE, persistedOpStateExpiryEpochSec: 0}70b5588f-03e2-4e7c-9cb7-471676996542{ip: 10.1.0.22, host: fv-az151-757.yf2hydr00wburbhx3j5hxtcipe.bx.internal.cloudapp.net, ports: [REPLICATION=39473, RATIS=34009, RATIS_ADMIN=34009, RATIS_SERVER=34009, STANDALONE=37651], networkLocation: /default-rack, certSerialId: null, persistedOpState: IN_SERVICE, persistedOpStateExpiryEpochSec: 0}, ReplicationConfig: RATIS/THREE, State:ALLOCATED, leaderId:, CreationTimestamp2021-09-05T02:15:15.997Z[Etc/UTC]].
2021-09-05 02:15:16,072 [ReplicationMonitor] INFO  container.ReplicationManager (ReplicationManager.java:processAll(359)) - Replication Monitor Thread took 0 milliseconds for processing 4 containers.
2021-09-05 02:15:16,513 [Datanode State Machine Thread - 0] WARN  statemachine.StateContext (StateContext.java:execute(621)) - No available thread in pool for past 1 seconds.
2021-09-05 02:15:16,543 [ReplicationMonitor] INFO  container.ReplicationManager (ReplicationManager.java:processAll(359)) - Replication Monitor Thread took 0 milliseconds for processing 0 containers.
2021-09-05 02:15:16,970 [Datanode State Machine Thread - 0] WARN  statemachine.StateContext (StateContext.java:execute(621)) - No available thread in pool for past 1 seconds.
2021-09-05 02:15:16,982 [Datanode State Machine Thread - 0] WARN  statemachine.StateContext (StateContext.java:execute(621)) - No available thread in pool for past 1 seconds.
2021-09-05 02:15:17,000 [Listener at 127.0.0.1/38669] INFO  ozone.MiniOzoneClusterImpl (MiniOzoneClusterImpl.java:lambda$waitForClusterToBeReady$0(235)) - Nodes are ready. Got 6 of 6 DN Heartbeats.
2021-09-05 02:15:17,000 [Listener at 127.0.0.1/38669] INFO  ozone.MiniOzoneClusterImpl (MiniOzoneClusterImpl.java:lambda$waitForClusterToBeReady$0(238)) - Waiting for cluster to exit safe mode
2021-09-05 02:15:17,000 [Listener at 127.0.0.1/38669] INFO  ozone.MiniOzoneClusterImpl (MiniOzoneClusterImpl.java:lambda$waitForClusterToBeReady$0(240)) - SCM became leader
2021-09-05 02:15:17,073 [ReplicationMonitor] INFO  container.ReplicationManager (ReplicationManager.java:processAll(359)) - Replication Monitor Thread took 1 milliseconds for processing 6 containers.
2021-09-05 02:15:17,238 [IPC Server handler 0 on default port 43631] INFO  node.NodeDecommissionManager (NodeDecommissionManager.java:startMaintenance(361)) - Starting Maintenance for node c9529fe3-953b-4ef8-a4b7-44d7a8ee90ff{ip: 10.1.0.22, host: fv-az151-757.yf2hydr00wburbhx3j5hxtcipe.bx.internal.cloudapp.net, ports: [REPLICATION=36345, RATIS=36459, RATIS_ADMIN=36459, RATIS_SERVER=36459, STANDALONE=42439], networkLocation: /default-rack, certSerialId: null, persistedOpState: IN_SERVICE, persistedOpStateExpiryEpochSec: 0}
2021-09-05 02:15:17,242 [EventQueue-HealthyReadonlyToHealthyNodeForReadOnlyHealthyToHealthyNodeHandler] INFO  node.ReadOnlyHealthyToHealthyNodeHandler (ReadOnlyHealthyToHealthyNodeHandler.java:onMessage(51)) - Datanode c9529fe3-953b-4ef8-a4b7-44d7a8ee90ff{ip: 10.1.0.22, host: fv-az151-757.yf2hydr00wburbhx3j5hxtcipe.bx.internal.cloudapp.net, ports: [REPLICATION=36345, RATIS=36459, RATIS_ADMIN=36459, RATIS_SERVER=36459, STANDALONE=42439], networkLocation: /default-rack, certSerialId: null, persistedOpState: IN_SERVICE, persistedOpStateExpiryEpochSec: 0} moved to HEALTHY state.
2021-09-05 02:15:17,242 [EventQueue-HealthyReadonlyToHealthyNodeForReadOnlyHealthyToHealthyNodeHandler] INFO  pipeline.BackgroundPipelineCreator (BackgroundPipelineCreatorV2.java:notifyEventTriggered(285)) - trigger a one-shot run on RatisPipelineUtilsThread.
2021-09-05 02:15:17,543 [ReplicationMonitor] INFO  container.ReplicationManager (ReplicationManager.java:processAll(359)) - Replication Monitor Thread took 0 milliseconds for processing 0 containers.
2021-09-05 02:15:17,915 [Command processor thread] INFO  server.RaftServer (RaftServerProxy.java:addNew(95)) - 577e39c9-1c1b-439c-8002-e326b4e2fbea: addNew group-19CF66D751CE:[577e39c9-1c1b-439c-8002-e326b4e2fbea|rpc:10.1.0.22:44289|priority:1] returns group-19CF66D751CE:java.util.concurrent.CompletableFuture@236155b7[Not completed]
2021-09-05 02:15:17,917 [pool-233-thread-1] INFO  server.RaftServer$Division (RaftServerImpl.java:<init>(181)) - 577e39c9-1c1b-439c-8002-e326b4e2fbea: new RaftServerImpl for group-19CF66D751CE:[577e39c9-1c1b-439c-8002-e326b4e2fbea|rpc:10.1.0.22:44289|priority:1] with ContainerStateMachine:uninitialized
2021-09-05 02:15:17,918 [pool-233-thread-1] INFO  server.RaftServerConfigKeys (ConfUtils.java:logGet(44)) - raft.server.rpc.timeout.min = 5s (custom)
2021-09-05 02:15:17,919 [pool-233-thread-1] INFO  server.RaftServerConfigKeys (ConfUtils.java:logGet(44)) - raft.server.rpc.timeout.max = 5200ms (custom)
2021-09-05 02:15:17,919 [pool-233-thread-1] INFO  server.RaftServerConfigKeys (ConfUtils.java:logGet(44)) - raft.server.rpc.sleep.time = 25ms (default)
2021-09-05 02:15:17,919 [pool-233-thread-1] INFO  server.RaftServerConfigKeys (ConfUtils.java:logGet(44)) - raft.server.rpc.slowness.timeout = 300s (custom)
2021-09-05 02:15:17,919 [pool-233-thread-1] INFO  server.RaftServerConfigKeys (ConfUtils.java:logGet(44)) - raft.server.leaderelection.leader.step-down.wait-time = 10s (default)
2021-09-05 02:15:17,919 [pool-233-thread-1] INFO  server.RaftServerConfigKeys (ConfUtils.java:logGet(44)) - raft.server.sleep.deviation.threshold = 300ms (default)
2021-09-05 02:15:17,919 [pool-233-thread-1] INFO  server.RaftServerConfigKeys (ConfUtils.java:logGet(44)) - raft.server.log.appender.install.snapshot.enabled = false (custom)
2021-09-05 02:15:17,919 [pool-233-thread-1] INFO  server.RaftServer$Division (ServerState.java:<init>(105)) - 577e39c9-1c1b-439c-8002-e326b4e2fbea@group-19CF66D751CE: ConfigurationManager, init=-1: [577e39c9-1c1b-439c-8002-e326b4e2fbea|rpc:10.1.0.22:44289|priority:1], old=null, confs=<EMPTY_MAP>
2021-09-05 02:15:17,919 [pool-233-thread-1] INFO  server.RaftServerConfigKeys (ConfUtils.java:logGet(44)) - raft.server.storage.dir = [/home/runner/work/ozone/ozone/hadoop-ozone/integration-test/target/test-dir/MiniOzoneClusterImpl-41f086ef-0a60-4f7c-b4a3-54cba879f76c/datanode-0/data/ratis] (custom)
2021-09-05 02:15:17,919 [pool-233-thread-1] INFO  server.RaftServerConfigKeys (ConfUtils.java:logGet(44)) - raft.server.log.corruption.policy = EXCEPTION (default)
2021-09-05 02:15:17,919 [pool-233-thread-1] INFO  server.RaftServerConfigKeys (ConfUtils.java:logGet(44)) - raft.server.storage.free-space.min = 0MB (=0) (default)
2021-09-05 02:15:17,920 [pool-233-thread-1] INFO  storage.RaftStorageDirectory (RaftStorageDirectoryImpl.java:analyzeStorage(135)) - The storage directory /home/runner/work/ozone/ozone/hadoop-ozone/integration-test/target/test-dir/MiniOzoneClusterImpl-41f086ef-0a60-4f7c-b4a3-54cba879f76c/datanode-0/data/ratis/3390437f-3625-46bf-b41d-19cf66d751ce does not exist. Creating ...
2021-09-05 02:15:17,922 [pool-233-thread-1] INFO  storage.RaftStorageDirectory (RaftStorageDirectoryImpl.java:tryLock(230)) - Lock on /home/runner/work/ozone/ozone/hadoop-ozone/integration-test/target/test-dir/MiniOzoneClusterImpl-41f086ef-0a60-4f7c-b4a3-54cba879f76c/datanode-0/data/ratis/3390437f-3625-46bf-b41d-19cf66d751ce/in_use.lock acquired by nodename 7276@fv-az151-757
2021-09-05 02:15:17,927 [pool-233-thread-1] INFO  storage.RaftStorage (RaftStorageImpl.java:format(89)) - Storage directory /home/runner/work/ozone/ozone/hadoop-ozone/integration-test/target/test-dir/MiniOzoneClusterImpl-41f086ef-0a60-4f7c-b4a3-54cba879f76c/datanode-0/data/ratis/3390437f-3625-46bf-b41d-19cf66d751ce has been successfully formatted.
2021-09-05 02:15:17,928 [pool-233-thread-1] INFO  ratis.ContainerStateMachine (ContainerStateMachine.java:loadSnapshot(224)) - group-19CF66D751CE: The snapshot info is null. Setting the last applied indexto:(t:0, i:~)
2021-09-05 02:15:17,928 [pool-233-thread-1] INFO  server.RaftServerConfigKeys (ConfUtils.java:logGet(44)) - raft.server.notification.no-leader.timeout = 300s (custom)
2021-09-05 02:15:17,928 [pool-233-thread-1] INFO  server.RaftServerConfigKeys (ConfUtils.java:logGet(44)) - raft.server.log.use.memory = false (default)
2021-09-05 02:15:17,928 [pool-233-thread-1] INFO  server.RaftServerConfigKeys (ConfUtils.java:logGet(44)) - raft.server.log.purge.gap = 1000000 (custom)
2021-09-05 02:15:17,929 [pool-233-thread-1] INFO  server.RaftServerConfigKeys (ConfUtils.java:logGet(44)) - raft.server.log.appender.buffer.byte-limit = 33554432 (custom)
2021-09-05 02:15:17,929 [EventQueue-PipelineReportForPipelineReportHandler] INFO  pipeline.PipelineManagerImpl (PipelineManagerImpl.java:openPipeline(282)) - Pipeline Pipeline[ Id: 3390437f-3625-46bf-b41d-19cf66d751ce, Nodes: 577e39c9-1c1b-439c-8002-e326b4e2fbea{ip: 10.1.0.22, host: fv-az151-757.yf2hydr00wburbhx3j5hxtcipe.bx.internal.cloudapp.net, ports: [REPLICATION=36433, RATIS=44289, RATIS_ADMIN=44289, RATIS_SERVER=44289, STANDALONE=36245], networkLocation: /default-rack, certSerialId: null, persistedOpState: IN_SERVICE, persistedOpStateExpiryEpochSec: 0}, ReplicationConfig: RATIS/ONE, State:ALLOCATED, leaderId:577e39c9-1c1b-439c-8002-e326b4e2fbea, CreationTimestamp2021-09-05T02:15:14.921Z[Etc/UTC]] moved to OPEN state
2021-09-05 02:15:17,929 [pool-233-thread-1] INFO  server.RaftServerConfigKeys (ConfUtils.java:logGet(44)) - raft.server.log.segment.size.max = 1048576 (custom)
2021-09-05 02:15:17,929 [pool-233-thread-1] INFO  server.RaftServerConfigKeys (ConfUtils.java:logGet(44)) - raft.server.log.segment.cache.num.max = 2 (custom)
2021-09-05 02:15:17,930 [pool-233-thread-1] INFO  server.RaftServerConfigKeys (ConfUtils.java:logGet(44)) - raft.server.log.segment.cache.size.max = 200MB (=209715200) (default)
2021-09-05 02:15:17,931 [pool-233-thread-1] INFO  segmented.SegmentedRaftLogWorker (SegmentedRaftLogWorker.java:<init>(182)) - new 577e39c9-1c1b-439c-8002-e326b4e2fbea@group-19CF66D751CE-SegmentedRaftLogWorker for RaftStorageImpl:Storage Directory /home/runner/work/ozone/ozone/hadoop-ozone/integration-test/target/test-dir/MiniOzoneClusterImpl-41f086ef-0a60-4f7c-b4a3-54cba879f76c/datanode-0/data/ratis/3390437f-3625-46bf-b41d-19cf66d751ce
2021-09-05 02:15:17,932 [pool-233-thread-1] INFO  server.RaftServerConfigKeys (ConfUtils.java:logGet(44)) - raft.server.log.queue.byte-limit = 2147483647 (custom)
2021-09-05 02:15:17,932 [pool-233-thread-1] INFO  server.RaftServerConfigKeys (ConfUtils.java:logGet(44)) - raft.server.log.queue.element-limit = 1024 (custom)
2021-09-05 02:15:17,932 [pool-233-thread-1] INFO  server.RaftServerConfigKeys (ConfUtils.java:logGet(44)) - raft.server.log.segment.size.max = 1048576 (custom)
2021-09-05 02:15:17,933 [EventQueue-OpenPipelineForHealthyPipelineSafeModeRule] INFO  safemode.SCMSafeModeManager (HealthyPipelineSafeModeRule.java:process(124)) - SCM in safe mode. Healthy pipelines reported count is 0, required healthy pipeline reported count is 1
2021-09-05 02:15:17,933 [pool-233-thread-1] INFO  server.RaftServerConfigKeys (ConfUtils.java:logGet(44)) - raft.server.log.preallocated.size = 16384 (custom)
2021-09-05 02:15:17,933 [pool-233-thread-1] INFO  server.RaftServerConfigKeys (ConfUtils.java:logGet(44)) - raft.server.log.force.sync.num = 128 (default)
2021-09-05 02:15:17,933 [pool-233-thread-1] INFO  server.RaftServerConfigKeys (ConfUtils.java:logGet(44)) - raft.server.log.statemachine.data.sync = true (default)
2021-09-05 02:15:17,933 [pool-233-thread-1] INFO  server.RaftServerConfigKeys (ConfUtils.java:logGet(44)) - raft.server.log.statemachine.data.sync.timeout = 10s (default)
2021-09-05 02:15:17,934 [pool-233-thread-1] INFO  server.RaftServerConfigKeys (ConfUtils.java:logGet(44)) - raft.server.log.statemachine.data.sync.timeout.retry = -1 (default)
2021-09-05 02:15:17,935 [pool-233-thread-1] INFO  server.RaftServerConfigKeys (ConfUtils.java:logGet(44)) - raft.server.log.write.buffer.size = 1048576 (custom)
2021-09-05 02:15:17,935 [pool-233-thread-1] INFO  server.RaftServerConfigKeys (ConfUtils.java:logGet(44)) - raft.server.log.statemachine.data.caching.enabled = true (custom)
2021-09-05 02:15:17,935 [pool-233-thread-1] INFO  segmented.SegmentedRaftLogWorker (SegmentedRaftLogWorker.java:lambda$new$0(133)) - 577e39c9-1c1b-439c-8002-e326b4e2fbea@group-19CF66D751CE-SegmentedRaftLogWorker: flushIndex: setUnconditionally 0 -> -1
2021-09-05 02:15:17,935 [pool-233-thread-1] INFO  segmented.SegmentedRaftLogWorker (SegmentedRaftLogWorker.java:lambda$new$0(133)) - 577e39c9-1c1b-439c-8002-e326b4e2fbea@group-19CF66D751CE-SegmentedRaftLogWorker: safeCacheEvictIndex: setUnconditionally 0 -> -1
2021-09-05 02:15:17,936 [pool-233-thread-1] INFO  server.RaftServerConfigKeys (ConfUtils.java:logGet(44)) - raft.server.snapshot.auto.trigger.enabled = true (custom)
2021-09-05 02:15:17,936 [pool-233-thread-1] INFO  server.RaftServerConfigKeys (ConfUtils.java:logGet(44)) - raft.server.snapshot.auto.trigger.threshold = 10000 (custom)
2021-09-05 02:15:17,936 [pool-233-thread-1] INFO  server.RaftServerConfigKeys (ConfUtils.java:logGet(44)) - raft.server.snapshot.retention.file.num = 5 (custom)
2021-09-05 02:15:17,936 [pool-233-thread-1] INFO  server.RaftServerConfigKeys (ConfUtils.java:logGet(44)) - raft.server.log.purge.upto.snapshot.index = false (default)
2021-09-05 02:15:17,936 [pool-233-thread-1] INFO  server.RaftServerConfigKeys (ConfUtils.java:logGet(44)) - raft.server.retrycache.expirytime = 600000ms (custom)
2021-09-05 02:15:17,936 [pool-233-thread-1] INFO  server.RaftServerConfigKeys (ConfUtils.java:logGet(44)) - raft.server.retrycache.statistics.expirytime = 100μs (default)
2021-09-05 02:15:17,938 [pool-233-thread-1] INFO  server.RaftServer$Division (RaftServerImpl.java:start(296)) - 577e39c9-1c1b-439c-8002-e326b4e2fbea@group-19CF66D751CE: start as a follower, conf=-1: [577e39c9-1c1b-439c-8002-e326b4e2fbea|rpc:10.1.0.22:44289|priority:1], old=null
2021-09-05 02:15:17,938 [pool-233-thread-1] INFO  server.RaftServer$Division (RaftServerImpl.java:setRole(285)) - 577e39c9-1c1b-439c-8002-e326b4e2fbea@group-19CF66D751CE: changes role from      null to FOLLOWER at term 0 for startAsFollower
2021-09-05 02:15:17,938 [pool-233-thread-1] INFO  impl.RoleInfo (RoleInfo.java:updateAndGet(130)) - 577e39c9-1c1b-439c-8002-e326b4e2fbea: start 577e39c9-1c1b-439c-8002-e326b4e2fbea@group-19CF66D751CE-FollowerState
2021-09-05 02:15:17,941 [pool-233-thread-1] INFO  util.JmxRegister (JmxRegister.java:tryRegister(44)) - Successfully registered JMX Bean with object name Ratis:service=RaftServer,group=group-19CF66D751CE,id=577e39c9-1c1b-439c-8002-e326b4e2fbea
2021-09-05 02:15:17,943 [Command processor thread] INFO  ratis.XceiverServerRatis (XceiverServerRatis.java:addGroup(763)) - Created group PipelineID=3390437f-3625-46bf-b41d-19cf66d751ce
2021-09-05 02:15:17,943 [Command processor thread] INFO  commandhandler.CreatePipelineCommandHandler (CreatePipelineCommandHandler.java:handle(106)) - Created Pipeline RATIS ONE PipelineID=3390437f-3625-46bf-b41d-19cf66d751ce.
2021-09-05 02:15:17,943 [Command processor thread] INFO  server.RaftServer (RaftServerProxy.java:addNew(95)) - 577e39c9-1c1b-439c-8002-e326b4e2fbea: addNew group-180CB623063E:[1d556500-cfb9-44b2-b83e-fe2a8287eb17|rpc:10.1.0.22:34445|priority:1, b79a04c8-a85d-4510-84a3-6b8e8ceb7fb6|rpc:10.1.0.22:45853|priority:0, 577e39c9-1c1b-439c-8002-e326b4e2fbea|rpc:10.1.0.22:44289|priority:0] returns group-180CB623063E:java.util.concurrent.CompletableFuture@275ed503[Not completed]
2021-09-05 02:15:17,944 [pool-233-thread-1] INFO  server.RaftServer$Division (RaftServerImpl.java:<init>(181)) - 577e39c9-1c1b-439c-8002-e326b4e2fbea: new RaftServerImpl for group-180CB623063E:[1d556500-cfb9-44b2-b83e-fe2a8287eb17|rpc:10.1.0.22:34445|priority:1, b79a04c8-a85d-4510-84a3-6b8e8ceb7fb6|rpc:10.1.0.22:45853|priority:0, 577e39c9-1c1b-439c-8002-e326b4e2fbea|rpc:10.1.0.22:44289|priority:0] with ContainerStateMachine:uninitialized
2021-09-05 02:15:17,944 [pool-233-thread-1] INFO  server.RaftServerConfigKeys (ConfUtils.java:logGet(44)) - raft.server.rpc.timeout.min = 5s (custom)
2021-09-05 02:15:17,944 [pool-233-thread-1] INFO  server.RaftServerConfigKeys (ConfUtils.java:logGet(44)) - raft.server.rpc.timeout.max = 5200ms (custom)
2021-09-05 02:15:17,944 [pool-233-thread-1] INFO  server.RaftServerConfigKeys (ConfUtils.java:logGet(44)) - raft.server.rpc.sleep.time = 25ms (default)
2021-09-05 02:15:17,944 [pool-233-thread-1] INFO  server.RaftServerConfigKeys (ConfUtils.java:logGet(44)) - raft.server.rpc.slowness.timeout = 300s (custom)
2021-09-05 02:15:17,944 [pool-233-thread-1] INFO  server.RaftServerConfigKeys (ConfUtils.java:logGet(44)) - raft.server.leaderelection.leader.step-down.wait-time = 10s (default)
2021-09-05 02:15:17,945 [pool-233-thread-1] INFO  server.RaftServerConfigKeys (ConfUtils.java:logGet(44)) - raft.server.sleep.deviation.threshold = 300ms (default)
2021-09-05 02:15:17,945 [pool-233-thread-1] INFO  server.RaftServerConfigKeys (ConfUtils.java:logGet(44)) - raft.server.log.appender.install.snapshot.enabled = false (custom)
2021-09-05 02:15:17,945 [pool-233-thread-1] INFO  server.RaftServer$Division (ServerState.java:<init>(105)) - 577e39c9-1c1b-439c-8002-e326b4e2fbea@group-180CB623063E: ConfigurationManager, init=-1: [1d556500-cfb9-44b2-b83e-fe2a8287eb17|rpc:10.1.0.22:34445|priority:1, b79a04c8-a85d-4510-84a3-6b8e8ceb7fb6|rpc:10.1.0.22:45853|priority:0, 577e39c9-1c1b-439c-8002-e326b4e2fbea|rpc:10.1.0.22:44289|priority:0], old=null, confs=<EMPTY_MAP>
2021-09-05 02:15:17,945 [pool-233-thread-1] INFO  server.RaftServerConfigKeys (ConfUtils.java:logGet(44)) - raft.server.storage.dir = [/home/runner/work/ozone/ozone/hadoop-ozone/integration-test/target/test-dir/MiniOzoneClusterImpl-41f086ef-0a60-4f7c-b4a3-54cba879f76c/datanode-0/data/ratis] (custom)
2021-09-05 02:15:17,945 [pool-233-thread-1] INFO  server.RaftServerConfigKeys (ConfUtils.java:logGet(44)) - raft.server.log.corruption.policy = EXCEPTION (default)
2021-09-05 02:15:17,945 [pool-233-thread-1] INFO  server.RaftServerConfigKeys (ConfUtils.java:logGet(44)) - raft.server.storage.free-space.min = 0MB (=0) (default)
2021-09-05 02:15:17,945 [pool-233-thread-1] INFO  storage.RaftStorageDirectory (RaftStorageDirectoryImpl.java:analyzeStorage(135)) - The storage directory /home/runner/work/ozone/ozone/hadoop-ozone/integration-test/target/test-dir/MiniOzoneClusterImpl-41f086ef-0a60-4f7c-b4a3-54cba879f76c/datanode-0/data/ratis/9b37ad1c-add5-4cbe-9877-180cb623063e does not exist. Creating ...
2021-09-05 02:15:17,947 [pool-233-thread-1] INFO  storage.RaftStorageDirectory (RaftStorageDirectoryImpl.java:tryLock(230)) - Lock on /home/runner/work/ozone/ozone/hadoop-ozone/integration-test/target/test-dir/MiniOzoneClusterImpl-41f086ef-0a60-4f7c-b4a3-54cba879f76c/datanode-0/data/ratis/9b37ad1c-add5-4cbe-9877-180cb623063e/in_use.lock acquired by nodename 7276@fv-az151-757
2021-09-05 02:15:17,949 [pool-233-thread-1] INFO  storage.RaftStorage (RaftStorageImpl.java:format(89)) - Storage directory /home/runner/work/ozone/ozone/hadoop-ozone/integration-test/target/test-dir/MiniOzoneClusterImpl-41f086ef-0a60-4f7c-b4a3-54cba879f76c/datanode-0/data/ratis/9b37ad1c-add5-4cbe-9877-180cb623063e has been successfully formatted.
2021-09-05 02:15:17,949 [pool-233-thread-1] INFO  ratis.ContainerStateMachine (ContainerStateMachine.java:loadSnapshot(224)) - group-180CB623063E: The snapshot info is null. Setting the last applied indexto:(t:0, i:~)
2021-09-05 02:15:17,949 [pool-233-thread-1] INFO  server.RaftServerConfigKeys (ConfUtils.java:logGet(44)) - raft.server.notification.no-leader.timeout = 300s (custom)
2021-09-05 02:15:17,949 [pool-233-thread-1] INFO  server.RaftServerConfigKeys (ConfUtils.java:logGet(44)) - raft.server.log.use.memory = false (default)
2021-09-05 02:15:17,949 [pool-233-thread-1] INFO  server.RaftServerConfigKeys (ConfUtils.java:logGet(44)) - raft.server.log.purge.gap = 1000000 (custom)
2021-09-05 02:15:17,949 [pool-233-thread-1] INFO  server.RaftServerConfigKeys (ConfUtils.java:logGet(44)) - raft.server.log.appender.buffer.byte-limit = 33554432 (custom)
2021-09-05 02:15:17,949 [Datanode State Machine Thread - 0] WARN  statemachine.StateContext (StateContext.java:execute(621)) - No available thread in pool for past 1 seconds.
2021-09-05 02:15:17,950 [EventQueue-OpenPipelineForHealthyPipelineSafeModeRule] INFO  safemode.SCMSafeModeManager (HealthyPipelineSafeModeRule.java:process(124)) - SCM in safe mode. Healthy pipelines reported count is 0, required healthy pipeline reported count is 1
2021-09-05 02:15:17,950 [pool-233-thread-1] INFO  server.RaftServerConfigKeys (ConfUtils.java:logGet(44)) - raft.server.log.segment.size.max = 1048576 (custom)
2021-09-05 02:15:17,951 [pool-233-thread-1] INFO  server.RaftServerConfigKeys (ConfUtils.java:logGet(44)) - raft.server.log.segment.cache.num.max = 2 (custom)
2021-09-05 02:15:17,951 [pool-233-thread-1] INFO  server.RaftServerConfigKeys (ConfUtils.java:logGet(44)) - raft.server.log.segment.cache.size.max = 200MB (=209715200) (default)
2021-09-05 02:15:17,951 [pool-233-thread-1] INFO  segmented.SegmentedRaftLogWorker (SegmentedRaftLogWorker.java:<init>(182)) - new 577e39c9-1c1b-439c-8002-e326b4e2fbea@group-180CB623063E-SegmentedRaftLogWorker for RaftStorageImpl:Storage Directory /home/runner/work/ozone/ozone/hadoop-ozone/integration-test/target/test-dir/MiniOzoneClusterImpl-41f086ef-0a60-4f7c-b4a3-54cba879f76c/datanode-0/data/ratis/9b37ad1c-add5-4cbe-9877-180cb623063e
2021-09-05 02:15:17,951 [pool-233-thread-1] INFO  server.RaftServerConfigKeys (ConfUtils.java:logGet(44)) - raft.server.log.queue.byte-limit = 2147483647 (custom)
2021-09-05 02:15:17,951 [pool-233-thread-1] INFO  server.RaftServerConfigKeys (ConfUtils.java:logGet(44)) - raft.server.log.queue.element-limit = 1024 (custom)
2021-09-05 02:15:17,951 [pool-233-thread-1] INFO  server.RaftServerConfigKeys (ConfUtils.java:logGet(44)) - raft.server.log.segment.size.max = 1048576 (custom)
2021-09-05 02:15:17,951 [pool-233-thread-1] INFO  server.RaftServerConfigKeys (ConfUtils.java:logGet(44)) - raft.server.log.preallocated.size = 16384 (custom)
2021-09-05 02:15:17,951 [pool-233-thread-1] INFO  server.RaftServerConfigKeys (ConfUtils.java:logGet(44)) - raft.server.log.force.sync.num = 128 (default)
2021-09-05 02:15:17,951 [pool-233-thread-1] INFO  server.RaftServerConfigKeys (ConfUtils.java:logGet(44)) - raft.server.log.statemachine.data.sync = true (default)
2021-09-05 02:15:17,951 [pool-233-thread-1] INFO  server.RaftServerConfigKeys (ConfUtils.java:logGet(44)) - raft.server.log.statemachine.data.sync.timeout = 10s (default)
2021-09-05 02:15:17,951 [pool-233-thread-1] INFO  server.RaftServerConfigKeys (ConfUtils.java:logGet(44)) - raft.server.log.statemachine.data.sync.timeout.retry = -1 (default)
2021-09-05 02:15:17,953 [pool-233-thread-1] INFO  server.RaftServerConfigKeys (ConfUtils.java:logGet(44)) - raft.server.log.write.buffer.size = 1048576 (custom)
2021-09-05 02:15:17,953 [pool-233-thread-1] INFO  server.RaftServerConfigKeys (ConfUtils.java:logGet(44)) - raft.server.log.statemachine.data.caching.enabled = true (custom)
2021-09-05 02:15:17,954 [pool-233-thread-1] INFO  segmented.SegmentedRaftLogWorker (SegmentedRaftLogWorker.java:lambda$new$0(133)) - 577e39c9-1c1b-439c-8002-e326b4e2fbea@group-180CB623063E-SegmentedRaftLogWorker: flushIndex: setUnconditionally 0 -> -1
2021-09-05 02:15:17,954 [pool-233-thread-1] INFO  segmented.SegmentedRaftLogWorker (SegmentedRaftLogWorker.java:lambda$new$0(133)) - 577e39c9-1c1b-439c-8002-e326b4e2fbea@group-180CB623063E-SegmentedRaftLogWorker: safeCacheEvictIndex: setUnconditionally 0 -> -1
2021-09-05 02:15:17,955 [pool-233-thread-1] INFO  server.RaftServerConfigKeys (ConfUtils.java:logGet(44)) - raft.server.snapshot.auto.trigger.enabled = true (custom)
2021-09-05 02:15:17,955 [pool-233-thread-1] INFO  server.RaftServerConfigKeys (ConfUtils.java:logGet(44)) - raft.server.snapshot.auto.trigger.threshold = 10000 (custom)
2021-09-05 02:15:17,956 [pool-233-thread-1] INFO  server.RaftServerConfigKeys (ConfUtils.java:logGet(44)) - raft.server.snapshot.retention.file.num = 5 (custom)
2021-09-05 02:15:17,956 [pool-233-thread-1] INFO  server.RaftServerConfigKeys (ConfUtils.java:logGet(44)) - raft.server.log.purge.upto.snapshot.index = false (default)
2021-09-05 02:15:17,956 [pool-233-thread-1] INFO  server.RaftServerConfigKeys (ConfUtils.java:logGet(44)) - raft.server.retrycache.expirytime = 600000ms (custom)
2021-09-05 02:15:17,956 [pool-233-thread-1] INFO  server.RaftServerConfigKeys (ConfUtils.java:logGet(44)) - raft.server.retrycache.statistics.expirytime = 100μs (default)
2021-09-05 02:15:17,957 [pool-233-thread-1] INFO  server.RaftServer$Division (RaftServerImpl.java:start(296)) - 577e39c9-1c1b-439c-8002-e326b4e2fbea@group-180CB623063E: start as a follower, conf=-1: [1d556500-cfb9-44b2-b83e-fe2a8287eb17|rpc:10.1.0.22:34445|priority:1, b79a04c8-a85d-4510-84a3-6b8e8ceb7fb6|rpc:10.1.0.22:45853|priority:0, 577e39c9-1c1b-439c-8002-e326b4e2fbea|rpc:10.1.0.22:44289|priority:0], old=null
2021-09-05 02:15:17,957 [pool-233-thread-1] INFO  server.RaftServer$Division (RaftServerImpl.java:setRole(285)) - 577e39c9-1c1b-439c-8002-e326b4e2fbea@group-180CB623063E: changes role from      null to FOLLOWER at term 0 for startAsFollower
2021-09-05 02:15:17,957 [pool-233-thread-1] INFO  impl.RoleInfo (RoleInfo.java:updateAndGet(130)) - 577e39c9-1c1b-439c-8002-e326b4e2fbea: start 577e39c9-1c1b-439c-8002-e326b4e2fbea@group-180CB623063E-FollowerState
2021-09-05 02:15:17,958 [pool-233-thread-1] INFO  util.JmxRegister (JmxRegister.java:tryRegister(44)) - Successfully registered JMX Bean with object name Ratis:service=RaftServer,group=group-180CB623063E,id=577e39c9-1c1b-439c-8002-e326b4e2fbea
2021-09-05 02:15:17,959 [Command processor thread] INFO  ratis.XceiverServerRatis (XceiverServerRatis.java:addGroup(763)) - Created group PipelineID=9b37ad1c-add5-4cbe-9877-180cb623063e
2021-09-05 02:15:17,967 [grpc-default-executor-0] INFO  server.RaftServer (RaftServerProxy.java:addNew(95)) - b79a04c8-a85d-4510-84a3-6b8e8ceb7fb6: addNew group-180CB623063E:[1d556500-cfb9-44b2-b83e-fe2a8287eb17|rpc:10.1.0.22:34445|dataStream:|priority:1, b79a04c8-a85d-4510-84a3-6b8e8ceb7fb6|rpc:10.1.0.22:45853|dataStream:|priority:0, 577e39c9-1c1b-439c-8002-e326b4e2fbea|rpc:10.1.0.22:44289|dataStream:|priority:0] returns group-180CB623063E:java.util.concurrent.CompletableFuture@36e30337[Not completed]
2021-09-05 02:15:17,968 [pool-309-thread-1] INFO  server.RaftServer$Division (RaftServerImpl.java:<init>(181)) - b79a04c8-a85d-4510-84a3-6b8e8ceb7fb6: new RaftServerImpl for group-180CB623063E:[1d556500-cfb9-44b2-b83e-fe2a8287eb17|rpc:10.1.0.22:34445|dataStream:|priority:1, b79a04c8-a85d-4510-84a3-6b8e8ceb7fb6|rpc:10.1.0.22:45853|dataStream:|priority:0, 577e39c9-1c1b-439c-8002-e326b4e2fbea|rpc:10.1.0.22:44289|dataStream:|priority:0] with ContainerStateMachine:uninitialized
2021-09-05 02:15:17,970 [pool-309-thread-1] INFO  server.RaftServerConfigKeys (ConfUtils.java:logGet(44)) - raft.server.rpc.timeout.min = 5s (custom)
2021-09-05 02:15:17,970 [pool-309-thread-1] INFO  server.RaftServerConfigKeys (ConfUtils.java:logGet(44)) - raft.server.rpc.timeout.max = 5200ms (custom)
2021-09-05 02:15:17,971 [pool-309-thread-1] INFO  server.RaftServerConfigKeys (ConfUtils.java:logGet(44)) - raft.server.rpc.sleep.time = 25ms (default)
2021-09-05 02:15:17,972 [pool-309-thread-1] INFO  server.RaftServerConfigKeys (ConfUtils.java:logGet(44)) - raft.server.rpc.slowness.timeout = 300s (custom)
2021-09-05 02:15:17,972 [pool-309-thread-1] INFO  server.RaftServerConfigKeys (ConfUtils.java:logGet(44)) - raft.server.leaderelection.leader.step-down.wait-time = 10s (default)
2021-09-05 02:15:17,972 [pool-309-thread-1] INFO  server.RaftServerConfigKeys (ConfUtils.java:logGet(44)) - raft.server.sleep.deviation.threshold = 300ms (default)
2021-09-05 02:15:17,972 [pool-309-thread-1] INFO  server.RaftServerConfigKeys (ConfUtils.java:logGet(44)) - raft.server.log.appender.install.snapshot.enabled = false (custom)
2021-09-05 02:15:17,972 [pool-309-thread-1] INFO  server.RaftServer$Division (ServerState.java:<init>(105)) - b79a04c8-a85d-4510-84a3-6b8e8ceb7fb6@group-180CB623063E: ConfigurationManager, init=-1: [1d556500-cfb9-44b2-b83e-fe2a8287eb17|rpc:10.1.0.22:34445|dataStream:|priority:1, b79a04c8-a85d-4510-84a3-6b8e8ceb7fb6|rpc:10.1.0.22:45853|dataStream:|priority:0, 577e39c9-1c1b-439c-8002-e326b4e2fbea|rpc:10.1.0.22:44289|dataStream:|priority:0], old=null, confs=<EMPTY_MAP>
2021-09-05 02:15:17,972 [pool-309-thread-1] INFO  server.RaftServerConfigKeys (ConfUtils.java:logGet(44)) - raft.server.storage.dir = [/home/runner/work/ozone/ozone/hadoop-ozone/integration-test/target/test-dir/MiniOzoneClusterImpl-41f086ef-0a60-4f7c-b4a3-54cba879f76c/datanode-2/data/ratis] (custom)
2021-09-05 02:15:17,972 [pool-309-thread-1] INFO  server.RaftServerConfigKeys (ConfUtils.java:logGet(44)) - raft.server.log.corruption.policy = EXCEPTION (default)
2021-09-05 02:15:17,973 [pool-309-thread-1] INFO  server.RaftServerConfigKeys (ConfUtils.java:logGet(44)) - raft.server.storage.free-space.min = 0MB (=0) (default)
2021-09-05 02:15:17,973 [pool-309-thread-1] INFO  storage.RaftStorageDirectory (RaftStorageDirectoryImpl.java:analyzeStorage(135)) - The storage directory /home/runner/work/ozone/ozone/hadoop-ozone/integration-test/target/test-dir/MiniOzoneClusterImpl-41f086ef-0a60-4f7c-b4a3-54cba879f76c/datanode-2/data/ratis/9b37ad1c-add5-4cbe-9877-180cb623063e does not exist. Creating ...
2021-09-05 02:15:17,974 [pool-309-thread-1] INFO  storage.RaftStorageDirectory (RaftStorageDirectoryImpl.java:tryLock(230)) - Lock on /home/runner/work/ozone/ozone/hadoop-ozone/integration-test/target/test-dir/MiniOzoneClusterImpl-41f086ef-0a60-4f7c-b4a3-54cba879f76c/datanode-2/data/ratis/9b37ad1c-add5-4cbe-9877-180cb623063e/in_use.lock acquired by nodename 7276@fv-az151-757
2021-09-05 02:15:17,976 [pool-309-thread-1] INFO  storage.RaftStorage (RaftStorageImpl.java:format(89)) - Storage directory /home/runner/work/ozone/ozone/hadoop-ozone/integration-test/target/test-dir/MiniOzoneClusterImpl-41f086ef-0a60-4f7c-b4a3-54cba879f76c/datanode-2/data/ratis/9b37ad1c-add5-4cbe-9877-180cb623063e has been successfully formatted.
2021-09-05 02:15:17,977 [pool-309-thread-1] INFO  ratis.ContainerStateMachine (ContainerStateMachine.java:loadSnapshot(224)) - group-180CB623063E: The snapshot info is null. Setting the last applied indexto:(t:0, i:~)
2021-09-05 02:15:17,977 [Datanode State Machine Thread - 0] WARN  statemachine.StateContext (StateContext.java:execute(621)) - No available thread in pool for past 1 seconds.
2021-09-05 02:15:17,977 [pool-309-thread-1] INFO  server.RaftServerConfigKeys (ConfUtils.java:logGet(44)) - raft.server.notification.no-leader.timeout = 300s (custom)
2021-09-05 02:15:17,977 [pool-309-thread-1] INFO  server.RaftServerConfigKeys (ConfUtils.java:logGet(44)) - raft.server.log.use.memory = false (default)
2021-09-05 02:15:17,977 [pool-309-thread-1] INFO  server.RaftServerConfigKeys (ConfUtils.java:logGet(44)) - raft.server.log.purge.gap = 1000000 (custom)
2021-09-05 02:15:17,977 [pool-309-thread-1] INFO  server.RaftServerConfigKeys (ConfUtils.java:logGet(44)) - raft.server.log.appender.buffer.byte-limit = 33554432 (custom)
2021-09-05 02:15:17,978 [pool-309-thread-1] INFO  server.RaftServerConfigKeys (ConfUtils.java:logGet(44)) - raft.server.log.segment.size.max = 1048576 (custom)
2021-09-05 02:15:17,978 [pool-309-thread-1] INFO  server.RaftServerConfigKeys (ConfUtils.java:logGet(44)) - raft.server.log.segment.cache.num.max = 2 (custom)
2021-09-05 02:15:17,979 [pool-309-thread-1] INFO  server.RaftServerConfigKeys (ConfUtils.java:logGet(44)) - raft.server.log.segment.cache.size.max = 200MB (=209715200) (default)
2021-09-05 02:15:17,979 [pool-309-thread-1] INFO  segmented.SegmentedRaftLogWorker (SegmentedRaftLogWorker.java:<init>(182)) - new b79a04c8-a85d-4510-84a3-6b8e8ceb7fb6@group-180CB623063E-SegmentedRaftLogWorker for RaftStorageImpl:Storage Directory /home/runner/work/ozone/ozone/hadoop-ozone/integration-test/target/test-dir/MiniOzoneClusterImpl-41f086ef-0a60-4f7c-b4a3-54cba879f76c/datanode-2/data/ratis/9b37ad1c-add5-4cbe-9877-180cb623063e
2021-09-05 02:15:17,979 [pool-309-thread-1] INFO  server.RaftServerConfigKeys (ConfUtils.java:logGet(44)) - raft.server.log.queue.byte-limit = 2147483647 (custom)
2021-09-05 02:15:17,979 [pool-309-thread-1] INFO  server.RaftServerConfigKeys (ConfUtils.java:logGet(44)) - raft.server.log.queue.element-limit = 1024 (custom)
2021-09-05 02:15:17,979 [pool-309-thread-1] INFO  server.RaftServerConfigKeys (ConfUtils.java:logGet(44)) - raft.server.log.segment.size.max = 1048576 (custom)
2021-09-05 02:15:17,979 [pool-309-thread-1] INFO  server.RaftServerConfigKeys (ConfUtils.java:logGet(44)) - raft.server.log.preallocated.size = 16384 (custom)
2021-09-05 02:15:17,979 [pool-309-thread-1] INFO  server.RaftServerConfigKeys (ConfUtils.java:logGet(44)) - raft.server.log.force.sync.num = 128 (default)
2021-09-05 02:15:17,979 [pool-309-thread-1] INFO  server.RaftServerConfigKeys (ConfUtils.java:logGet(44)) - raft.server.log.statemachine.data.sync = true (default)
2021-09-05 02:15:17,979 [pool-309-thread-1] INFO  server.RaftServerConfigKeys (ConfUtils.java:logGet(44)) - raft.server.log.statemachine.data.sync.timeout = 10s (default)
2021-09-05 02:15:17,979 [pool-309-thread-1] INFO  server.RaftServerConfigKeys (ConfUtils.java:logGet(44)) - raft.server.log.statemachine.data.sync.timeout.retry = -1 (default)
2021-09-05 02:15:17,980 [pool-309-thread-1] INFO  server.RaftServerConfigKeys (ConfUtils.java:logGet(44)) - raft.server.log.write.buffer.size = 1048576 (custom)
2021-09-05 02:15:17,980 [pool-309-thread-1] INFO  server.RaftServerConfigKeys (ConfUtils.java:logGet(44)) - raft.server.log.statemachine.data.caching.enabled = true (custom)
2021-09-05 02:15:17,981 [pool-309-thread-1] INFO  segmented.SegmentedRaftLogWorker (SegmentedRaftLogWorker.java:lambda$new$0(133)) - b79a04c8-a85d-4510-84a3-6b8e8ceb7fb6@group-180CB623063E-SegmentedRaftLogWorker: flushIndex: setUnconditionally 0 -> -1
2021-09-05 02:15:17,981 [pool-309-thread-1] INFO  segmented.SegmentedRaftLogWorker (SegmentedRaftLogWorker.java:lambda$new$0(133)) - b79a04c8-a85d-4510-84a3-6b8e8ceb7fb6@group-180CB623063E-SegmentedRaftLogWorker: safeCacheEvictIndex: setUnconditionally 0 -> -1
2021-09-05 02:15:17,982 [IPC Server handler 2 on default port 39337] INFO  node.SCMNodeManager (SCMNodeManager.java:updateDatanodeOpState(484)) - Scheduling a command to update the operationalState persisted on c9529fe3-953b-4ef8-a4b7-44d7a8ee90ff{ip: 10.1.0.22, host: fv-az151-757.yf2hydr00wburbhx3j5hxtcipe.bx.internal.cloudapp.net, ports: [REPLICATION=36345, RATIS=36459, RATIS_ADMIN=36459, RATIS_SERVER=36459, STANDALONE=42439], networkLocation: /default-rack, certSerialId: null, persistedOpState: null, persistedOpStateExpiryEpochSec: 0} as the reported value does not match the value stored in SCM (ENTERING_MAINTENANCE, 0)
2021-09-05 02:15:17,986 [pool-309-thread-1] INFO  server.RaftServerConfigKeys (ConfUtils.java:logGet(44)) - raft.server.snapshot.auto.trigger.enabled = true (custom)
2021-09-05 02:15:17,986 [pool-309-thread-1] INFO  server.RaftServerConfigKeys (ConfUtils.java:logGet(44)) - raft.server.snapshot.auto.trigger.threshold = 10000 (custom)
2021-09-05 02:15:17,986 [pool-309-thread-1] INFO  server.RaftServerConfigKeys (ConfUtils.java:logGet(44)) - raft.server.snapshot.retention.file.num = 5 (custom)
2021-09-05 02:15:17,986 [pool-309-thread-1] INFO  server.RaftServerConfigKeys (ConfUtils.java:logGet(44)) - raft.server.log.purge.upto.snapshot.index = false (default)
2021-09-05 02:15:17,986 [pool-309-thread-1] INFO  server.RaftServerConfigKeys (ConfUtils.java:logGet(44)) - raft.server.retrycache.expirytime = 600000ms (custom)
2021-09-05 02:15:17,986 [pool-309-thread-1] INFO  server.RaftServerConfigKeys (ConfUtils.java:logGet(44)) - raft.server.retrycache.statistics.expirytime = 100μs (default)
2021-09-05 02:15:17,987 [pool-309-thread-1] INFO  server.RaftServer$Division (RaftServerImpl.java:start(296)) - b79a04c8-a85d-4510-84a3-6b8e8ceb7fb6@group-180CB623063E: start as a follower, conf=-1: [1d556500-cfb9-44b2-b83e-fe2a8287eb17|rpc:10.1.0.22:34445|dataStream:|priority:1, b79a04c8-a85d-4510-84a3-6b8e8ceb7fb6|rpc:10.1.0.22:45853|dataStream:|priority:0, 577e39c9-1c1b-439c-8002-e326b4e2fbea|rpc:10.1.0.22:44289|dataStream:|priority:0], old=null
2021-09-05 02:15:17,987 [pool-309-thread-1] INFO  server.RaftServer$Division (RaftServerImpl.java:setRole(285)) - b79a04c8-a85d-4510-84a3-6b8e8ceb7fb6@group-180CB623063E: changes role from      null to FOLLOWER at term 0 for startAsFollower
2021-09-05 02:15:17,988 [pool-309-thread-1] INFO  impl.RoleInfo (RoleInfo.java:updateAndGet(130)) - b79a04c8-a85d-4510-84a3-6b8e8ceb7fb6: start b79a04c8-a85d-4510-84a3-6b8e8ceb7fb6@group-180CB623063E-FollowerState
2021-09-05 02:15:17,990 [pool-309-thread-1] INFO  util.JmxRegister (JmxRegister.java:tryRegister(44)) - Successfully registered JMX Bean with object name Ratis:service=RaftServer,group=group-180CB623063E,id=b79a04c8-a85d-4510-84a3-6b8e8ceb7fb6
2021-09-05 02:15:18,284 [Command processor thread] INFO  server.RaftServer (RaftServerProxy.java:addNew(95)) - 1d556500-cfb9-44b2-b83e-fe2a8287eb17: addNew group-37A1EBB43ADB:[1d556500-cfb9-44b2-b83e-fe2a8287eb17|rpc:10.1.0.22:34445|priority:1] returns group-37A1EBB43ADB:java.util.concurrent.CompletableFuture@7575ae60[Not completed]
2021-09-05 02:15:18,286 [pool-278-thread-1] INFO  server.RaftServer$Division (RaftServerImpl.java:<init>(181)) - 1d556500-cfb9-44b2-b83e-fe2a8287eb17: new RaftServerImpl for group-37A1EBB43ADB:[1d556500-cfb9-44b2-b83e-fe2a8287eb17|rpc:10.1.0.22:34445|priority:1] with ContainerStateMachine:uninitialized
2021-09-05 02:15:18,296 [org.apache.ratis.util.JvmPauseMonitor$$Lambda$534/1412209494@743cb75b] WARN  util.JvmPauseMonitor (JvmPauseMonitor.java:detectPause(124)) - JvmPauseMonitor-6ec9e918-e233-4af1-a2ad-83394b4f880d: Detected pause in JVM or host machine (eg GC): pause of approximately 127644791ns.
GC pool 'PS MarkSweep' had collection(s): count=1 time=222ms
GC pool 'PS Scavenge' had collection(s): count=1 time=58ms
2021-09-05 02:15:18,296 [org.apache.ratis.util.JvmPauseMonitor$$Lambda$534/1412209494@739e88c9] WARN  util.JvmPauseMonitor (JvmPauseMonitor.java:detectPause(124)) - JvmPauseMonitor-om1: Detected pause in JVM or host machine (eg GC): pause of approximately 139346845ns.
GC pool 'PS MarkSweep' had collection(s): count=1 time=222ms
GC pool 'PS Scavenge' had collection(s): count=1 time=58ms
2021-09-05 02:15:18,296 [org.apache.ratis.util.JvmPauseMonitor$$Lambda$534/1412209494@160a9d2d] WARN  util.JvmPauseMonitor (JvmPauseMonitor.java:detectPause(124)) - JvmPauseMonitor-1374024b-188e-4a27-8b68-8945fec70172: Detected pause in JVM or host machine (eg GC): pause of approximately 158162793ns.
GC pool 'PS MarkSweep' had collection(s): count=1 time=222ms
GC pool 'PS Scavenge' had collection(s): count=1 time=58ms
2021-09-05 02:15:18,298 [org.apache.ratis.util.JvmPauseMonitor$$Lambda$534/1412209494@720c0334] WARN  util.JvmPauseMonitor (JvmPauseMonitor.java:detectPause(124)) - JvmPauseMonitor-164a5057-06fc-470a-866e-2459acc1ca75: Detected pause in JVM or host machine (eg GC): pause of approximately 221303327ns.
GC pool 'PS MarkSweep' had collection(s): count=1 time=222ms
GC pool 'PS Scavenge' had collection(s): count=1 time=58ms
2021-09-05 02:15:18,298 [ReplicationMonitor] INFO  container.ReplicationManager (ReplicationManager.java:processAll(359)) - Replication Monitor Thread took 0 milliseconds for processing 6 containers.
2021-09-05 02:15:18,298 [DatanodeAdminManager-0] INFO  node.DatanodeAdminMonitorImpl (DatanodeAdminMonitorImpl.java:checkPipelinesClosedOnNode(268)) - Waiting for pipelines to close for c9529fe3-953b-4ef8-a4b7-44d7a8ee90ff{ip: 10.1.0.22, host: fv-az151-757.yf2hydr00wburbhx3j5hxtcipe.bx.internal.cloudapp.net, ports: [REPLICATION=36345, RATIS=36459, RATIS_ADMIN=36459, RATIS_SERVER=36459, STANDALONE=42439], networkLocation: /default-rack, certSerialId: null, persistedOpState: IN_SERVICE, persistedOpStateExpiryEpochSec: 0}. There are 2 pipelines
2021-09-05 02:15:18,298 [DatanodeAdminManager-0] INFO  node.DatanodeAdminMonitorImpl (DatanodeAdminMonitorImpl.java:run(137)) - There are 1 nodes tracked for decommission and maintenance. 0 pending nodes.
2021-09-05 02:15:18,298 [org.apache.ratis.util.JvmPauseMonitor$$Lambda$534/1412209494@6b4f58b5] WARN  util.JvmPauseMonitor (JvmPauseMonitor.java:detectPause(124)) - JvmPauseMonitor-c9529fe3-953b-4ef8-a4b7-44d7a8ee90ff: Detected pause in JVM or host machine (eg GC): pause of approximately 284506762ns.
GC pool 'PS MarkSweep' had collection(s): count=1 time=222ms
GC pool 'PS Scavenge' had collection(s): count=1 time=58ms
2021-09-05 02:15:18,299 [EventQueue-StartAdminOnNodeForStartDatanodeAdminHandler] INFO  node.StartDatanodeAdminHandler (StartDatanodeAdminHandler.java:onMessage(56)) - Admin start on datanode c9529fe3-953b-4ef8-a4b7-44d7a8ee90ff{ip: 10.1.0.22, host: fv-az151-757.yf2hydr00wburbhx3j5hxtcipe.bx.internal.cloudapp.net, ports: [REPLICATION=36345, RATIS=36459, RATIS_ADMIN=36459, RATIS_SERVER=36459, STANDALONE=42439], networkLocation: /default-rack, certSerialId: null, persistedOpState: IN_SERVICE, persistedOpStateExpiryEpochSec: 0}. Finalizing its pipelines [PipelineID=c21f3f7a-10c0-4934-8ac6-476f2da03959, PipelineID=ea622501-719d-487d-8d87-6a133f983057]
2021-09-05 02:15:18,299 [EventQueue-StartAdminOnNodeForStartDatanodeAdminHandler] INFO  pipeline.PipelineManagerImpl (PipelineManagerImpl.java:closePipeline(342)) - Pipeline Pipeline[ Id: c21f3f7a-10c0-4934-8ac6-476f2da03959, Nodes: c9529fe3-953b-4ef8-a4b7-44d7a8ee90ff{ip: 10.1.0.22, host: fv-az151-757.yf2hydr00wburbhx3j5hxtcipe.bx.internal.cloudapp.net, ports: [REPLICATION=36345, RATIS=36459, RATIS_ADMIN=36459, RATIS_SERVER=36459, STANDALONE=42439], networkLocation: /default-rack, certSerialId: null, persistedOpState: IN_SERVICE, persistedOpStateExpiryEpochSec: 0}, ReplicationConfig: RATIS/ONE, State:OPEN, leaderId:c9529fe3-953b-4ef8-a4b7-44d7a8ee90ff, CreationTimestamp2021-09-05T02:14:50.999Z[Etc/UTC]] moved to CLOSED state
2021-09-05 02:15:18,300 [EventQueue-StartAdminOnNodeForStartDatanodeAdminHandler] INFO  pipeline.RatisPipelineProvider (RatisPipelineProvider.java:lambda$close$1(222)) - Send pipeline:PipelineID=c21f3f7a-10c0-4934-8ac6-476f2da03959 close command to datanode c9529fe3-953b-4ef8-a4b7-44d7a8ee90ff
2021-09-05 02:15:18,300 [EventQueue-StartAdminOnNodeForStartDatanodeAdminHandler] INFO  pipeline.PipelineStateManager (PipelineStateManagerV2Impl.java:removePipeline(211)) - Pipeline Pipeline[ Id: c21f3f7a-10c0-4934-8ac6-476f2da03959, Nodes: c9529fe3-953b-4ef8-a4b7-44d7a8ee90ff{ip: 10.1.0.22, host: fv-az151-757.yf2hydr00wburbhx3j5hxtcipe.bx.internal.cloudapp.net, ports: [REPLICATION=36345, RATIS=36459, RATIS_ADMIN=36459, RATIS_SERVER=36459, STANDALONE=42439], networkLocation: /default-rack, certSerialId: null, persistedOpState: IN_SERVICE, persistedOpStateExpiryEpochSec: 0}, ReplicationConfig: RATIS/ONE, State:CLOSED, leaderId:c9529fe3-953b-4ef8-a4b7-44d7a8ee90ff, CreationTimestamp2021-09-05T02:14:50.999Z[Etc/UTC]] removed.
2021-09-05 02:15:18,301 [EventQueue-StartAdminOnNodeForStartDatanodeAdminHandler] INFO  pipeline.PipelineManagerImpl (PipelineManagerImpl.java:closePipeline(342)) - Pipeline Pipeline[ Id: ea622501-719d-487d-8d87-6a133f983057, Nodes: c9529fe3-953b-4ef8-a4b7-44d7a8ee90ff{ip: 10.1.0.22, host: fv-az151-757.yf2hydr00wburbhx3j5hxtcipe.bx.internal.cloudapp.net, ports: [REPLICATION=36345, RATIS=36459, RATIS_ADMIN=36459, RATIS_SERVER=36459, STANDALONE=42439], networkLocation: /default-rack, certSerialId: null, persistedOpState: IN_SERVICE, persistedOpStateExpiryEpochSec: 0}3bd9e3a9-14dd-46c0-953f-63403e4f7020{ip: 10.1.0.22, host: fv-az151-757.yf2hydr00wburbhx3j5hxtcipe.bx.internal.cloudapp.net, ports: [REPLICATION=46563, RATIS=45657, RATIS_ADMIN=45657, RATIS_SERVER=45657, STANDALONE=37931], networkLocation: /default-rack, certSerialId: null, persistedOpState: IN_SERVICE, persistedOpStateExpiryEpochSec: 0}107e36cc-fe8a-481c-a932-f36b6ede4996{ip: 10.1.0.22, host: fv-az151-757.yf2hydr00wburbhx3j5hxtcipe.bx.internal.cloudapp.net, ports: [REPLICATION=37671, RATIS=41403, RATIS_ADMIN=41403, RATIS_SERVER=41403, STANDALONE=42501], networkLocation: /default-rack, certSerialId: null, persistedOpState: IN_SERVICE, persistedOpStateExpiryEpochSec: 0}, ReplicationConfig: RATIS/THREE, State:OPEN, leaderId:c9529fe3-953b-4ef8-a4b7-44d7a8ee90ff, CreationTimestamp2021-09-05T02:14:51.186Z[Etc/UTC]] moved to CLOSED state
2021-09-05 02:15:18,302 [EventQueue-StartAdminOnNodeForStartDatanodeAdminHandler] INFO  pipeline.RatisPipelineProvider (RatisPipelineProvider.java:lambda$close$1(222)) - Send pipeline:PipelineID=ea622501-719d-487d-8d87-6a133f983057 close command to datanode c9529fe3-953b-4ef8-a4b7-44d7a8ee90ff
2021-09-05 02:15:18,302 [EventQueue-StartAdminOnNodeForStartDatanodeAdminHandler] INFO  pipeline.RatisPipelineProvider (RatisPipelineProvider.java:lambda$close$1(222)) - Send pipeline:PipelineID=ea622501-719d-487d-8d87-6a133f983057 close command to datanode 3bd9e3a9-14dd-46c0-953f-63403e4f7020
2021-09-05 02:15:18,302 [EventQueue-StartAdminOnNodeForStartDatanodeAdminHandler] INFO  pipeline.RatisPipelineProvider (RatisPipelineProvider.java:lambda$close$1(222)) - Send pipeline:PipelineID=ea622501-719d-487d-8d87-6a133f983057 close command to datanode 107e36cc-fe8a-481c-a932-f36b6ede4996
2021-09-05 02:15:18,303 [EventQueue-StartAdminOnNodeForStartDatanodeAdminHandler] INFO  pipeline.PipelineStateManager (PipelineStateManagerV2Impl.java:removePipeline(211)) - Pipeline Pipeline[ Id: ea622501-719d-487d-8d87-6a133f983057, Nodes: c9529fe3-953b-4ef8-a4b7-44d7a8ee90ff{ip: 10.1.0.22, host: fv-az151-757.yf2hydr00wburbhx3j5hxtcipe.bx.internal.cloudapp.net, ports: [REPLICATION=36345, RATIS=36459, RATIS_ADMIN=36459, RATIS_SERVER=36459, STANDALONE=42439], networkLocation: /default-rack, certSerialId: null, persistedOpState: IN_SERVICE, persistedOpStateExpiryEpochSec: 0}3bd9e3a9-14dd-46c0-953f-63403e4f7020{ip: 10.1.0.22, host: fv-az151-757.yf2hydr00wburbhx3j5hxtcipe.bx.internal.cloudapp.net, ports: [REPLICATION=46563, RATIS=45657, RATIS_ADMIN=45657, RATIS_SERVER=45657, STANDALONE=37931], networkLocation: /default-rack, certSerialId: null, persistedOpState: IN_SERVICE, persistedOpStateExpiryEpochSec: 0}107e36cc-fe8a-481c-a932-f36b6ede4996{ip: 10.1.0.22, host: fv-az151-757.yf2hydr00wburbhx3j5hxtcipe.bx.internal.cloudapp.net, ports: [REPLICATION=37671, RATIS=41403, RATIS_ADMIN=41403, RATIS_SERVER=41403, STANDALONE=42501], networkLocation: /default-rack, certSerialId: null, persistedOpState: IN_SERVICE, persistedOpStateExpiryEpochSec: 0}, ReplicationConfig: RATIS/THREE, State:CLOSED, leaderId:c9529fe3-953b-4ef8-a4b7-44d7a8ee90ff, CreationTimestamp2021-09-05T02:14:51.186Z[Etc/UTC]] removed.
2021-09-05 02:15:18,303 [org.apache.ratis.util.JvmPauseMonitor$$Lambda$534/1412209494@6dae64fa] WARN  util.JvmPauseMonitor (JvmPauseMonitor.java:detectPause(124)) - JvmPauseMonitor-a5a3b4f5-3484-4282-ab73-6a29d94875d9: Detected pause in JVM or host machine (eg GC): pause of approximately 296896126ns.
GC pool 'PS MarkSweep' had collection(s): count=1 time=222ms
GC pool 'PS Scavenge' had collection(s): count=1 time=58ms
2021-09-05 02:15:18,303 [Listener at 127.0.0.1/38669] INFO  ozone.MiniOzoneClusterImpl (MiniOzoneClusterImpl.java:lambda$waitForClusterToBeReady$0(235)) - Nodes are ready. Got 6 of 6 DN Heartbeats.
2021-09-05 02:15:18,303 [Listener at 127.0.0.1/38669] INFO  ozone.MiniOzoneClusterImpl (MiniOzoneClusterImpl.java:lambda$waitForClusterToBeReady$0(238)) - Waiting for cluster to exit safe mode
2021-09-05 02:15:18,303 [Listener at 127.0.0.1/38669] INFO  ozone.MiniOzoneClusterImpl (MiniOzoneClusterImpl.java:lambda$waitForClusterToBeReady$0(240)) - SCM became leader
2021-09-05 02:15:18,303 [EventQueue-CloseContainerForCloseContainerEventHandler] INFO  container.CloseContainerEventHandler (CloseContainerEventHandler.java:onMessage(69)) - Close container Event triggered for container : #2
2021-09-05 02:15:18,303 [pool-278-thread-1] INFO  server.RaftServerConfigKeys (ConfUtils.java:logGet(44)) - raft.server.rpc.timeout.min = 5s (custom)
2021-09-05 02:15:18,318 [pool-278-thread-1] INFO  server.RaftServerConfigKeys (ConfUtils.java:logGet(44)) - raft.server.rpc.timeout.max = 5200ms (custom)
2021-09-05 02:15:18,318 [pool-278-thread-1] INFO  server.RaftServerConfigKeys (ConfUtils.java:logGet(44)) - raft.server.rpc.sleep.time = 25ms (default)
2021-09-05 02:15:18,318 [pool-278-thread-1] INFO  server.RaftServerConfigKeys (ConfUtils.java:logGet(44)) - raft.server.rpc.slowness.timeout = 300s (custom)
2021-09-05 02:15:18,318 [pool-278-thread-1] INFO  server.RaftServerConfigKeys (ConfUtils.java:logGet(44)) - raft.server.leaderelection.leader.step-down.wait-time = 10s (default)
2021-09-05 02:15:18,318 [pool-278-thread-1] INFO  server.RaftServerConfigKeys (ConfUtils.java:logGet(44)) - raft.server.sleep.deviation.threshold = 300ms (default)
2021-09-05 02:15:18,318 [pool-278-thread-1] INFO  server.RaftServerConfigKeys (ConfUtils.java:logGet(44)) - raft.server.log.appender.install.snapshot.enabled = false (custom)
2021-09-05 02:15:18,318 [pool-278-thread-1] INFO  server.RaftServer$Division (ServerState.java:<init>(105)) - 1d556500-cfb9-44b2-b83e-fe2a8287eb17@group-37A1EBB43ADB: ConfigurationManager, init=-1: [1d556500-cfb9-44b2-b83e-fe2a8287eb17|rpc:10.1.0.22:34445|priority:1], old=null, confs=<EMPTY_MAP>
2021-09-05 02:15:18,318 [pool-278-thread-1] INFO  server.RaftServerConfigKeys (ConfUtils.java:logGet(44)) - raft.server.storage.dir = [/home/runner/work/ozone/ozone/hadoop-ozone/integration-test/target/test-dir/MiniOzoneClusterImpl-41f086ef-0a60-4f7c-b4a3-54cba879f76c/datanode-1/data/ratis] (custom)
2021-09-05 02:15:18,318 [pool-278-thread-1] INFO  server.RaftServerConfigKeys (ConfUtils.java:logGet(44)) - raft.server.log.corruption.policy = EXCEPTION (default)
2021-09-05 02:15:18,318 [pool-278-thread-1] INFO  server.RaftServerConfigKeys (ConfUtils.java:logGet(44)) - raft.server.storage.free-space.min = 0MB (=0) (default)
2021-09-05 02:15:18,319 [pool-278-thread-1] INFO  storage.RaftStorageDirectory (RaftStorageDirectoryImpl.java:analyzeStorage(135)) - The storage directory /home/runner/work/ozone/ozone/hadoop-ozone/integration-test/target/test-dir/MiniOzoneClusterImpl-41f086ef-0a60-4f7c-b4a3-54cba879f76c/datanode-1/data/ratis/f1943088-b1ad-4b14-bbd4-37a1ebb43adb does not exist. Creating ...
2021-09-05 02:15:18,321 [pool-278-thread-1] INFO  storage.RaftStorageDirectory (RaftStorageDirectoryImpl.java:tryLock(230)) - Lock on /home/runner/work/ozone/ozone/hadoop-ozone/integration-test/target/test-dir/MiniOzoneClusterImpl-41f086ef-0a60-4f7c-b4a3-54cba879f76c/datanode-1/data/ratis/f1943088-b1ad-4b14-bbd4-37a1ebb43adb/in_use.lock acquired by nodename 7276@fv-az151-757
2021-09-05 02:15:18,322 [grpc-default-executor-0] INFO  server.RaftServer (RaftServerProxy.java:addNew(95)) - 1d556500-cfb9-44b2-b83e-fe2a8287eb17: addNew group-180CB623063E:[1d556500-cfb9-44b2-b83e-fe2a8287eb17|rpc:10.1.0.22:34445|dataStream:|priority:1, b79a04c8-a85d-4510-84a3-6b8e8ceb7fb6|rpc:10.1.0.22:45853|dataStream:|priority:0, 577e39c9-1c1b-439c-8002-e326b4e2fbea|rpc:10.1.0.22:44289|dataStream:|priority:0] returns group-180CB623063E:java.util.concurrent.CompletableFuture@1bb99d6a[Not completed]
2021-09-05 02:15:18,322 [EventQueue-CloseContainerForCloseContainerEventHandler] INFO  pipeline.PipelineStateManager (PipelineStateManagerV2Impl.java:removeContainerFromPipeline(237)) - Pipeline PipelineID=ea622501-719d-487d-8d87-6a133f983057 is not found in the pipeline2ContainerMap. Pipeline may have been closed already.
2021-09-05 02:15:18,323 [pool-278-thread-1] INFO  storage.RaftStorage (RaftStorageImpl.java:format(89)) - Storage directory /home/runner/work/ozone/ozone/hadoop-ozone/integration-test/target/test-dir/MiniOzoneClusterImpl-41f086ef-0a60-4f7c-b4a3-54cba879f76c/datanode-1/data/ratis/f1943088-b1ad-4b14-bbd4-37a1ebb43adb has been successfully formatted.
2021-09-05 02:15:18,331 [EventQueue-CloseContainerForCloseContainerEventHandler] INFO  container.CloseContainerEventHandler (CloseContainerEventHandler.java:onMessage(69)) - Close container Event triggered for container : #5
2021-09-05 02:15:18,331 [EventQueue-CloseContainerForCloseContainerEventHandler] INFO  pipeline.PipelineStateManager (PipelineStateManagerV2Impl.java:removeContainerFromPipeline(237)) - Pipeline PipelineID=ea622501-719d-487d-8d87-6a133f983057 is not found in the pipeline2ContainerMap. Pipeline may have been closed already.
2021-09-05 02:15:18,331 [EventQueue-CloseContainerForCloseContainerEventHandler] INFO  container.CloseContainerEventHandler (CloseContainerEventHandler.java:onMessage(69)) - Close container Event triggered for container : #6
2021-09-05 02:15:18,332 [pool-278-thread-1] INFO  ratis.ContainerStateMachine (ContainerStateMachine.java:loadSnapshot(224)) - group-37A1EBB43ADB: The snapshot info is null. Setting the last applied indexto:(t:0, i:~)
2021-09-05 02:15:18,332 [Datanode State Machine Thread - 0] WARN  statemachine.StateContext (StateContext.java:execute(621)) - No available thread in pool for past 1 seconds.
2021-09-05 02:15:18,332 [pool-278-thread-1] INFO  server.RaftServerConfigKeys (ConfUtils.java:logGet(44)) - raft.server.notification.no-leader.timeout = 300s (custom)
2021-09-05 02:15:18,332 [pool-278-thread-1] INFO  server.RaftServerConfigKeys (ConfUtils.java:logGet(44)) - raft.server.log.use.memory = false (default)
2021-09-05 02:15:18,332 [pool-278-thread-1] INFO  server.RaftServerConfigKeys (ConfUtils.java:logGet(44)) - raft.server.log.purge.gap = 1000000 (custom)
2021-09-05 02:15:18,333 [pool-278-thread-1] INFO  server.RaftServerConfigKeys (ConfUtils.java:logGet(44)) - raft.server.log.appender.buffer.byte-limit = 33554432 (custom)
2021-09-05 02:15:18,333 [pool-278-thread-1] INFO  server.RaftServerConfigKeys (ConfUtils.java:logGet(44)) - raft.server.log.segment.size.max = 1048576 (custom)
2021-09-05 02:15:18,335 [EventQueue-CloseContainerForCloseContainerEventHandler] INFO  pipeline.PipelineStateManager (PipelineStateManagerV2Impl.java:removeContainerFromPipeline(237)) - Pipeline PipelineID=ea622501-719d-487d-8d87-6a133f983057 is not found in the pipeline2ContainerMap. Pipeline may have been closed already.
2021-09-05 02:15:18,336 [EventQueue-PipelineReportForPipelineReportHandler] INFO  pipeline.PipelineManagerImpl (PipelineManagerImpl.java:openPipeline(282)) - Pipeline Pipeline[ Id: f1943088-b1ad-4b14-bbd4-37a1ebb43adb, Nodes: 1d556500-cfb9-44b2-b83e-fe2a8287eb17{ip: 10.1.0.22, host: fv-az151-757.yf2hydr00wburbhx3j5hxtcipe.bx.internal.cloudapp.net, ports: [REPLICATION=37065, RATIS=34445, RATIS_ADMIN=34445, RATIS_SERVER=34445, STANDALONE=40429], networkLocation: /default-rack, certSerialId: null, persistedOpState: IN_SERVICE, persistedOpStateExpiryEpochSec: 0}, ReplicationConfig: RATIS/ONE, State:ALLOCATED, leaderId:1d556500-cfb9-44b2-b83e-fe2a8287eb17, CreationTimestamp2021-09-05T02:15:15.283Z[Etc/UTC]] moved to OPEN state
2021-09-05 02:15:18,336 [pool-278-thread-1] INFO  server.RaftServerConfigKeys (ConfUtils.java:logGet(44)) - raft.server.log.segment.cache.num.max = 2 (custom)
2021-09-05 02:15:18,336 [pool-278-thread-1] INFO  server.RaftServerConfigKeys (ConfUtils.java:logGet(44)) - raft.server.log.segment.cache.size.max = 200MB (=209715200) (default)
2021-09-05 02:15:18,336 [pool-278-thread-1] INFO  segmented.SegmentedRaftLogWorker (SegmentedRaftLogWorker.java:<init>(182)) - new 1d556500-cfb9-44b2-b83e-fe2a8287eb17@group-37A1EBB43ADB-SegmentedRaftLogWorker for RaftStorageImpl:Storage Directory /home/runner/work/ozone/ozone/hadoop-ozone/integration-test/target/test-dir/MiniOzoneClusterImpl-41f086ef-0a60-4f7c-b4a3-54cba879f76c/datanode-1/data/ratis/f1943088-b1ad-4b14-bbd4-37a1ebb43adb
2021-09-05 02:15:18,336 [pool-278-thread-1] INFO  server.RaftServerConfigKeys (ConfUtils.java:logGet(44)) - raft.server.log.queue.byte-limit = 2147483647 (custom)
2021-09-05 02:15:18,336 [pool-278-thread-1] INFO  server.RaftServerConfigKeys (ConfUtils.java:logGet(44)) - raft.server.log.queue.element-limit = 1024 (custom)
2021-09-05 02:15:18,336 [EventQueue-OpenPipelineForHealthyPipelineSafeModeRule] INFO  safemode.SCMSafeModeManager (HealthyPipelineSafeModeRule.java:process(124)) - SCM in safe mode. Healthy pipelines reported count is 0, required healthy pipeline reported count is 1
2021-09-05 02:15:18,337 [pool-278-thread-1] INFO  server.RaftServerConfigKeys (ConfUtils.java:logGet(44)) - raft.server.log.segment.size.max = 1048576 (custom)
2021-09-05 02:15:18,337 [pool-278-thread-1] INFO  server.RaftServerConfigKeys (ConfUtils.java:logGet(44)) - raft.server.log.preallocated.size = 16384 (custom)
2021-09-05 02:15:18,337 [pool-278-thread-1] INFO  server.RaftServerConfigKeys (ConfUtils.java:logGet(44)) - raft.server.log.force.sync.num = 128 (default)
2021-09-05 02:15:18,337 [pool-278-thread-1] INFO  server.RaftServerConfigKeys (ConfUtils.java:logGet(44)) - raft.server.log.statemachine.data.sync = true (default)
2021-09-05 02:15:18,337 [pool-278-thread-1] INFO  server.RaftServerConfigKeys (ConfUtils.java:logGet(44)) - raft.server.log.statemachine.data.sync.timeout = 10s (default)
2021-09-05 02:15:18,337 [pool-278-thread-1] INFO  server.RaftServerConfigKeys (ConfUtils.java:logGet(44)) - raft.server.log.statemachine.data.sync.timeout.retry = -1 (default)
2021-09-05 02:15:18,338 [pool-278-thread-1] INFO  server.RaftServerConfigKeys (ConfUtils.java:logGet(44)) - raft.server.log.write.buffer.size = 1048576 (custom)
2021-09-05 02:15:18,339 [pool-278-thread-1] INFO  server.RaftServerConfigKeys (ConfUtils.java:logGet(44)) - raft.server.log.statemachine.data.caching.enabled = true (custom)
2021-09-05 02:15:18,339 [pool-278-thread-1] INFO  segmented.SegmentedRaftLogWorker (SegmentedRaftLogWorker.java:lambda$new$0(133)) - 1d556500-cfb9-44b2-b83e-fe2a8287eb17@group-37A1EBB43ADB-SegmentedRaftLogWorker: flushIndex: setUnconditionally 0 -> -1
2021-09-05 02:15:18,339 [pool-278-thread-1] INFO  segmented.SegmentedRaftLogWorker (SegmentedRaftLogWorker.java:lambda$new$0(133)) - 1d556500-cfb9-44b2-b83e-fe2a8287eb17@group-37A1EBB43ADB-SegmentedRaftLogWorker: safeCacheEvictIndex: setUnconditionally 0 -> -1
2021-09-05 02:15:18,339 [pool-278-thread-1] INFO  server.RaftServerConfigKeys (ConfUtils.java:logGet(44)) - raft.server.snapshot.auto.trigger.enabled = true (custom)
2021-09-05 02:15:18,339 [pool-278-thread-1] INFO  server.RaftServerConfigKeys (ConfUtils.java:logGet(44)) - raft.server.snapshot.auto.trigger.threshold = 10000 (custom)
2021-09-05 02:15:18,339 [pool-278-thread-1] INFO  server.RaftServerConfigKeys (ConfUtils.java:logGet(44)) - raft.server.snapshot.retention.file.num = 5 (custom)
2021-09-05 02:15:18,339 [pool-278-thread-1] INFO  server.RaftServerConfigKeys (ConfUtils.java:logGet(44)) - raft.server.log.purge.upto.snapshot.index = false (default)
2021-09-05 02:15:18,339 [pool-278-thread-1] INFO  server.RaftServerConfigKeys (ConfUtils.java:logGet(44)) - raft.server.retrycache.expirytime = 600000ms (custom)
2021-09-05 02:15:18,339 [pool-278-thread-1] INFO  server.RaftServerConfigKeys (ConfUtils.java:logGet(44)) - raft.server.retrycache.statistics.expirytime = 100μs (default)
2021-09-05 02:15:18,341 [pool-278-thread-1] INFO  server.RaftServer$Division (RaftServerImpl.java:<init>(181)) - 1d556500-cfb9-44b2-b83e-fe2a8287eb17: new RaftServerImpl for group-180CB623063E:[1d556500-cfb9-44b2-b83e-fe2a8287eb17|rpc:10.1.0.22:34445|dataStream:|priority:1, b79a04c8-a85d-4510-84a3-6b8e8ceb7fb6|rpc:10.1.0.22:45853|dataStream:|priority:0, 577e39c9-1c1b-439c-8002-e326b4e2fbea|rpc:10.1.0.22:44289|dataStream:|priority:0] with ContainerStateMachine:uninitialized
2021-09-05 02:15:18,341 [pool-278-thread-1] INFO  server.RaftServerConfigKeys (ConfUtils.java:logGet(44)) - raft.server.rpc.timeout.min = 5s (custom)
2021-09-05 02:15:18,342 [pool-278-thread-1] INFO  server.RaftServerConfigKeys (ConfUtils.java:logGet(44)) - raft.server.rpc.timeout.max = 5200ms (custom)
2021-09-05 02:15:18,342 [pool-278-thread-1] INFO  server.RaftServerConfigKeys (ConfUtils.java:logGet(44)) - raft.server.rpc.sleep.time = 25ms (default)
2021-09-05 02:15:18,342 [pool-278-thread-1] INFO  server.RaftServerConfigKeys (ConfUtils.java:logGet(44)) - raft.server.rpc.slowness.timeout = 300s (custom)
2021-09-05 02:15:18,342 [pool-278-thread-1] INFO  server.RaftServerConfigKeys (ConfUtils.java:logGet(44)) - raft.server.leaderelection.leader.step-down.wait-time = 10s (default)
2021-09-05 02:15:18,342 [pool-278-thread-1] INFO  server.RaftServerConfigKeys (ConfUtils.java:logGet(44)) - raft.server.sleep.deviation.threshold = 300ms (default)
2021-09-05 02:15:18,342 [pool-278-thread-1] INFO  server.RaftServerConfigKeys (ConfUtils.java:logGet(44)) - raft.server.log.appender.install.snapshot.enabled = false (custom)
2021-09-05 02:15:18,342 [pool-278-thread-1] INFO  server.RaftServer$Division (ServerState.java:<init>(105)) - 1d556500-cfb9-44b2-b83e-fe2a8287eb17@group-180CB623063E: ConfigurationManager, init=-1: [1d556500-cfb9-44b2-b83e-fe2a8287eb17|rpc:10.1.0.22:34445|dataStream:|priority:1, b79a04c8-a85d-4510-84a3-6b8e8ceb7fb6|rpc:10.1.0.22:45853|dataStream:|priority:0, 577e39c9-1c1b-439c-8002-e326b4e2fbea|rpc:10.1.0.22:44289|dataStream:|priority:0], old=null, confs=<EMPTY_MAP>
2021-09-05 02:15:18,342 [pool-278-thread-1] INFO  server.RaftServerConfigKeys (ConfUtils.java:logGet(44)) - raft.server.storage.dir = [/home/runner/work/ozone/ozone/hadoop-ozone/integration-test/target/test-dir/MiniOzoneClusterImpl-41f086ef-0a60-4f7c-b4a3-54cba879f76c/datanode-1/data/ratis] (custom)
2021-09-05 02:15:18,342 [pool-278-thread-1] INFO  server.RaftServerConfigKeys (ConfUtils.java:logGet(44)) - raft.server.log.corruption.policy = EXCEPTION (default)
2021-09-05 02:15:18,342 [pool-278-thread-1] INFO  server.RaftServerConfigKeys (ConfUtils.java:logGet(44)) - raft.server.storage.free-space.min = 0MB (=0) (default)
2021-09-05 02:15:18,342 [pool-278-thread-1] INFO  storage.RaftStorageDirectory (RaftStorageDirectoryImpl.java:analyzeStorage(135)) - The storage directory /home/runner/work/ozone/ozone/hadoop-ozone/integration-test/target/test-dir/MiniOzoneClusterImpl-41f086ef-0a60-4f7c-b4a3-54cba879f76c/datanode-1/data/ratis/9b37ad1c-add5-4cbe-9877-180cb623063e does not exist. Creating ...
2021-09-05 02:15:18,344 [pool-278-thread-1] INFO  storage.RaftStorageDirectory (RaftStorageDirectoryImpl.java:tryLock(230)) - Lock on /home/runner/work/ozone/ozone/hadoop-ozone/integration-test/target/test-dir/MiniOzoneClusterImpl-41f086ef-0a60-4f7c-b4a3-54cba879f76c/datanode-1/data/ratis/9b37ad1c-add5-4cbe-9877-180cb623063e/in_use.lock acquired by nodename 7276@fv-az151-757
2021-09-05 02:15:18,347 [pool-278-thread-1] INFO  storage.RaftStorage (RaftStorageImpl.java:format(89)) - Storage directory /home/runner/work/ozone/ozone/hadoop-ozone/integration-test/target/test-dir/MiniOzoneClusterImpl-41f086ef-0a60-4f7c-b4a3-54cba879f76c/datanode-1/data/ratis/9b37ad1c-add5-4cbe-9877-180cb623063e has been successfully formatted.
2021-09-05 02:15:18,347 [pool-278-thread-1] INFO  ratis.ContainerStateMachine (ContainerStateMachine.java:loadSnapshot(224)) - group-180CB623063E: The snapshot info is null. Setting the last applied indexto:(t:0, i:~)
2021-09-05 02:15:18,347 [pool-278-thread-1] INFO  server.RaftServerConfigKeys (ConfUtils.java:logGet(44)) - raft.server.notification.no-leader.timeout = 300s (custom)
2021-09-05 02:15:18,347 [pool-278-thread-1] INFO  server.RaftServerConfigKeys (ConfUtils.java:logGet(44)) - raft.server.log.use.memory = false (default)
2021-09-05 02:15:18,347 [pool-278-thread-1] INFO  server.RaftServerConfigKeys (ConfUtils.java:logGet(44)) - raft.server.log.purge.gap = 1000000 (custom)
2021-09-05 02:15:18,348 [pool-278-thread-1] INFO  server.RaftServerConfigKeys (ConfUtils.java:logGet(44)) - raft.server.log.appender.buffer.byte-limit = 33554432 (custom)
2021-09-05 02:15:18,348 [EventQueue-OpenPipelineForHealthyPipelineSafeModeRule] INFO  safemode.SCMSafeModeManager (HealthyPipelineSafeModeRule.java:process(124)) - SCM in safe mode. Healthy pipelines reported count is 0, required healthy pipeline reported count is 1
2021-09-05 02:15:18,348 [pool-278-thread-1] INFO  server.RaftServerConfigKeys (ConfUtils.java:logGet(44)) - raft.server.log.segment.size.max = 1048576 (custom)
2021-09-05 02:15:18,349 [pool-278-thread-1] INFO  server.RaftServerConfigKeys (ConfUtils.java:logGet(44)) - raft.server.log.segment.cache.num.max = 2 (custom)
2021-09-05 02:15:18,349 [pool-278-thread-1] INFO  server.RaftServerConfigKeys (ConfUtils.java:logGet(44)) - raft.server.log.segment.cache.size.max = 200MB (=209715200) (default)
2021-09-05 02:15:18,349 [pool-278-thread-1] INFO  segmented.SegmentedRaftLogWorker (SegmentedRaftLogWorker.java:<init>(182)) - new 1d556500-cfb9-44b2-b83e-fe2a8287eb17@group-180CB623063E-SegmentedRaftLogWorker for RaftStorageImpl:Storage Directory /home/runner/work/ozone/ozone/hadoop-ozone/integration-test/target/test-dir/MiniOzoneClusterImpl-41f086ef-0a60-4f7c-b4a3-54cba879f76c/datanode-1/data/ratis/9b37ad1c-add5-4cbe-9877-180cb623063e
2021-09-05 02:15:18,349 [pool-278-thread-1] INFO  server.RaftServerConfigKeys (ConfUtils.java:logGet(44)) - raft.server.log.queue.byte-limit = 2147483647 (custom)
2021-09-05 02:15:18,349 [pool-278-thread-1] INFO  server.RaftServerConfigKeys (ConfUtils.java:logGet(44)) - raft.server.log.queue.element-limit = 1024 (custom)
2021-09-05 02:15:18,349 [pool-278-thread-1] INFO  server.RaftServerConfigKeys (ConfUtils.java:logGet(44)) - raft.server.log.segment.size.max = 1048576 (custom)
2021-09-05 02:15:18,349 [pool-278-thread-1] INFO  server.RaftServerConfigKeys (ConfUtils.java:logGet(44)) - raft.server.log.preallocated.size = 16384 (custom)
2021-09-05 02:15:18,349 [pool-278-thread-1] INFO  server.RaftServerConfigKeys (ConfUtils.java:logGet(44)) - raft.server.log.force.sync.num = 128 (default)
2021-09-05 02:15:18,349 [pool-278-thread-1] INFO  server.RaftServerConfigKeys (ConfUtils.java:logGet(44)) - raft.server.log.statemachine.data.sync = true (default)
2021-09-05 02:15:18,349 [pool-278-thread-1] INFO  server.RaftServerConfigKeys (ConfUtils.java:logGet(44)) - raft.server.log.statemachine.data.sync.timeout = 10s (default)
2021-09-05 02:15:18,350 [pool-278-thread-1] INFO  server.RaftServerConfigKeys (ConfUtils.java:logGet(44)) - raft.server.log.statemachine.data.sync.timeout.retry = -1 (default)
2021-09-05 02:15:18,351 [pool-278-thread-1] INFO  server.RaftServerConfigKeys (ConfUtils.java:logGet(44)) - raft.server.log.write.buffer.size = 1048576 (custom)
2021-09-05 02:15:18,351 [pool-278-thread-1] INFO  server.RaftServerConfigKeys (ConfUtils.java:logGet(44)) - raft.server.log.statemachine.data.caching.enabled = true (custom)
2021-09-05 02:15:18,351 [pool-278-thread-1] INFO  segmented.SegmentedRaftLogWorker (SegmentedRaftLogWorker.java:lambda$new$0(133)) - 1d556500-cfb9-44b2-b83e-fe2a8287eb17@group-180CB623063E-SegmentedRaftLogWorker: flushIndex: setUnconditionally 0 -> -1
2021-09-05 02:15:18,351 [pool-278-thread-1] INFO  segmented.SegmentedRaftLogWorker (SegmentedRaftLogWorker.java:lambda$new$0(133)) - 1d556500-cfb9-44b2-b83e-fe2a8287eb17@group-180CB623063E-SegmentedRaftLogWorker: safeCacheEvictIndex: setUnconditionally 0 -> -1
2021-09-05 02:15:18,354 [pool-278-thread-1] INFO  server.RaftServerConfigKeys (ConfUtils.java:logGet(44)) - raft.server.snapshot.auto.trigger.enabled = true (custom)
2021-09-05 02:15:18,354 [pool-278-thread-1] INFO  server.RaftServerConfigKeys (ConfUtils.java:logGet(44)) - raft.server.snapshot.auto.trigger.threshold = 10000 (custom)
2021-09-05 02:15:18,354 [pool-278-thread-1] INFO  server.RaftServerConfigKeys (ConfUtils.java:logGet(44)) - raft.server.snapshot.retention.file.num = 5 (custom)
2021-09-05 02:15:18,354 [pool-278-thread-1] INFO  server.RaftServerConfigKeys (ConfUtils.java:logGet(44)) - raft.server.log.purge.upto.snapshot.index = false (default)
2021-09-05 02:15:18,354 [pool-278-thread-1] INFO  server.RaftServerConfigKeys (ConfUtils.java:logGet(44)) - raft.server.retrycache.expirytime = 600000ms (custom)
2021-09-05 02:15:18,354 [pool-278-thread-1] INFO  server.RaftServerConfigKeys (ConfUtils.java:logGet(44)) - raft.server.retrycache.statistics.expirytime = 100μs (default)
2021-09-05 02:15:18,356 [pool-278-thread-1] INFO  server.RaftServer$Division (RaftServerImpl.java:start(296)) - 1d556500-cfb9-44b2-b83e-fe2a8287eb17@group-37A1EBB43ADB: start as a follower, conf=-1: [1d556500-cfb9-44b2-b83e-fe2a8287eb17|rpc:10.1.0.22:34445|priority:1], old=null
2021-09-05 02:15:18,356 [pool-278-thread-1] INFO  server.RaftServer$Division (RaftServerImpl.java:setRole(285)) - 1d556500-cfb9-44b2-b83e-fe2a8287eb17@group-37A1EBB43ADB: changes role from      null to FOLLOWER at term 0 for startAsFollower
2021-09-05 02:15:18,356 [pool-278-thread-1] INFO  impl.RoleInfo (RoleInfo.java:updateAndGet(130)) - 1d556500-cfb9-44b2-b83e-fe2a8287eb17: start 1d556500-cfb9-44b2-b83e-fe2a8287eb17@group-37A1EBB43ADB-FollowerState
2021-09-05 02:15:18,364 [pool-278-thread-1] INFO  util.JmxRegister (JmxRegister.java:tryRegister(44)) - Successfully registered JMX Bean with object name Ratis:service=RaftServer,group=group-37A1EBB43ADB,id=1d556500-cfb9-44b2-b83e-fe2a8287eb17
2021-09-05 02:15:18,374 [Command processor thread] INFO  ratis.XceiverServerRatis (XceiverServerRatis.java:addGroup(763)) - Created group PipelineID=f1943088-b1ad-4b14-bbd4-37a1ebb43adb
2021-09-05 02:15:18,374 [Command processor thread] INFO  commandhandler.CreatePipelineCommandHandler (CreatePipelineCommandHandler.java:handle(106)) - Created Pipeline RATIS ONE PipelineID=f1943088-b1ad-4b14-bbd4-37a1ebb43adb.
2021-09-05 02:15:18,374 [pool-278-thread-1] INFO  server.RaftServer$Division (RaftServerImpl.java:start(296)) - 1d556500-cfb9-44b2-b83e-fe2a8287eb17@group-180CB623063E: start as a follower, conf=-1: [1d556500-cfb9-44b2-b83e-fe2a8287eb17|rpc:10.1.0.22:34445|dataStream:|priority:1, b79a04c8-a85d-4510-84a3-6b8e8ceb7fb6|rpc:10.1.0.22:45853|dataStream:|priority:0, 577e39c9-1c1b-439c-8002-e326b4e2fbea|rpc:10.1.0.22:44289|dataStream:|priority:0], old=null
2021-09-05 02:15:18,375 [pool-278-thread-1] INFO  server.RaftServer$Division (RaftServerImpl.java:setRole(285)) - 1d556500-cfb9-44b2-b83e-fe2a8287eb17@group-180CB623063E: changes role from      null to FOLLOWER at term 0 for startAsFollower
2021-09-05 02:15:18,375 [pool-278-thread-1] INFO  impl.RoleInfo (RoleInfo.java:updateAndGet(130)) - 1d556500-cfb9-44b2-b83e-fe2a8287eb17: start 1d556500-cfb9-44b2-b83e-fe2a8287eb17@group-180CB623063E-FollowerState
2021-09-05 02:15:18,375 [pool-278-thread-1] INFO  util.JmxRegister (JmxRegister.java:tryRegister(44)) - Successfully registered JMX Bean with object name Ratis:service=RaftServer,group=group-180CB623063E,id=1d556500-cfb9-44b2-b83e-fe2a8287eb17
2021-09-05 02:15:18,383 [Command processor thread] INFO  commandhandler.CreatePipelineCommandHandler (CreatePipelineCommandHandler.java:handle(106)) - Created Pipeline RATIS THREE PipelineID=9b37ad1c-add5-4cbe-9877-180cb623063e.
2021-09-05 02:15:18,446 [Command processor thread] INFO  server.RaftServer (RaftServerProxy.java:addNew(95)) - b79a04c8-a85d-4510-84a3-6b8e8ceb7fb6: addNew group-67C01BA91EB3:[b79a04c8-a85d-4510-84a3-6b8e8ceb7fb6|rpc:10.1.0.22:45853|priority:1] returns group-67C01BA91EB3:java.util.concurrent.CompletableFuture@28d274c5[Not completed]
2021-09-05 02:15:18,448 [pool-309-thread-1] INFO  server.RaftServer$Division (RaftServerImpl.java:<init>(181)) - b79a04c8-a85d-4510-84a3-6b8e8ceb7fb6: new RaftServerImpl for group-67C01BA91EB3:[b79a04c8-a85d-4510-84a3-6b8e8ceb7fb6|rpc:10.1.0.22:45853|priority:1] with ContainerStateMachine:uninitialized
2021-09-05 02:15:18,448 [pool-309-thread-1] INFO  server.RaftServerConfigKeys (ConfUtils.java:logGet(44)) - raft.server.rpc.timeout.min = 5s (custom)
2021-09-05 02:15:18,448 [pool-309-thread-1] INFO  server.RaftServerConfigKeys (ConfUtils.java:logGet(44)) - raft.server.rpc.timeout.max = 5200ms (custom)
2021-09-05 02:15:18,448 [pool-309-thread-1] INFO  server.RaftServerConfigKeys (ConfUtils.java:logGet(44)) - raft.server.rpc.sleep.time = 25ms (default)
2021-09-05 02:15:18,448 [pool-309-thread-1] INFO  server.RaftServerConfigKeys (ConfUtils.java:logGet(44)) - raft.server.rpc.slowness.timeout = 300s (custom)
2021-09-05 02:15:18,448 [pool-309-thread-1] INFO  server.RaftServerConfigKeys (ConfUtils.java:logGet(44)) - raft.server.leaderelection.leader.step-down.wait-time = 10s (default)
2021-09-05 02:15:18,448 [pool-309-thread-1] INFO  server.RaftServerConfigKeys (ConfUtils.java:logGet(44)) - raft.server.sleep.deviation.threshold = 300ms (default)
2021-09-05 02:15:18,448 [pool-309-thread-1] INFO  server.RaftServerConfigKeys (ConfUtils.java:logGet(44)) - raft.server.log.appender.install.snapshot.enabled = false (custom)
2021-09-05 02:15:18,448 [pool-309-thread-1] INFO  server.RaftServer$Division (ServerState.java:<init>(105)) - b79a04c8-a85d-4510-84a3-6b8e8ceb7fb6@group-67C01BA91EB3: ConfigurationManager, init=-1: [b79a04c8-a85d-4510-84a3-6b8e8ceb7fb6|rpc:10.1.0.22:45853|priority:1], old=null, confs=<EMPTY_MAP>
2021-09-05 02:15:18,448 [pool-309-thread-1] INFO  server.RaftServerConfigKeys (ConfUtils.java:logGet(44)) - raft.server.storage.dir = [/home/runner/work/ozone/ozone/hadoop-ozone/integration-test/target/test-dir/MiniOzoneClusterImpl-41f086ef-0a60-4f7c-b4a3-54cba879f76c/datanode-2/data/ratis] (custom)
2021-09-05 02:15:18,449 [pool-309-thread-1] INFO  server.RaftServerConfigKeys (ConfUtils.java:logGet(44)) - raft.server.log.corruption.policy = EXCEPTION (default)
2021-09-05 02:15:18,449 [pool-309-thread-1] INFO  server.RaftServerConfigKeys (ConfUtils.java:logGet(44)) - raft.server.storage.free-space.min = 0MB (=0) (default)
2021-09-05 02:15:18,449 [pool-309-thread-1] INFO  storage.RaftStorageDirectory (RaftStorageDirectoryImpl.java:analyzeStorage(135)) - The storage directory /home/runner/work/ozone/ozone/hadoop-ozone/integration-test/target/test-dir/MiniOzoneClusterImpl-41f086ef-0a60-4f7c-b4a3-54cba879f76c/datanode-2/data/ratis/e03de663-6081-433f-9419-67c01ba91eb3 does not exist. Creating ...
2021-09-05 02:15:18,451 [pool-309-thread-1] INFO  storage.RaftStorageDirectory (RaftStorageDirectoryImpl.java:tryLock(230)) - Lock on /home/runner/work/ozone/ozone/hadoop-ozone/integration-test/target/test-dir/MiniOzoneClusterImpl-41f086ef-0a60-4f7c-b4a3-54cba879f76c/datanode-2/data/ratis/e03de663-6081-433f-9419-67c01ba91eb3/in_use.lock acquired by nodename 7276@fv-az151-757
2021-09-05 02:15:18,453 [pool-309-thread-1] INFO  storage.RaftStorage (RaftStorageImpl.java:format(89)) - Storage directory /home/runner/work/ozone/ozone/hadoop-ozone/integration-test/target/test-dir/MiniOzoneClusterImpl-41f086ef-0a60-4f7c-b4a3-54cba879f76c/datanode-2/data/ratis/e03de663-6081-433f-9419-67c01ba91eb3 has been successfully formatted.
2021-09-05 02:15:18,453 [pool-309-thread-1] INFO  ratis.ContainerStateMachine (ContainerStateMachine.java:loadSnapshot(224)) - group-67C01BA91EB3: The snapshot info is null. Setting the last applied indexto:(t:0, i:~)
2021-09-05 02:15:18,453 [Datanode State Machine Thread - 0] WARN  statemachine.StateContext (StateContext.java:execute(621)) - No available thread in pool for past 1 seconds.
2021-09-05 02:15:18,453 [pool-309-thread-1] INFO  server.RaftServerConfigKeys (ConfUtils.java:logGet(44)) - raft.server.notification.no-leader.timeout = 300s (custom)
2021-09-05 02:15:18,454 [pool-309-thread-1] INFO  server.RaftServerConfigKeys (ConfUtils.java:logGet(44)) - raft.server.log.use.memory = false (default)
2021-09-05 02:15:18,454 [pool-309-thread-1] INFO  server.RaftServerConfigKeys (ConfUtils.java:logGet(44)) - raft.server.log.purge.gap = 1000000 (custom)
2021-09-05 02:15:18,454 [pool-309-thread-1] INFO  server.RaftServerConfigKeys (ConfUtils.java:logGet(44)) - raft.server.log.appender.buffer.byte-limit = 33554432 (custom)
2021-09-05 02:15:18,454 [pool-309-thread-1] INFO  server.RaftServerConfigKeys (ConfUtils.java:logGet(44)) - raft.server.log.segment.size.max = 1048576 (custom)
2021-09-05 02:15:18,454 [EventQueue-PipelineReportForPipelineReportHandler] INFO  pipeline.PipelineManagerImpl (PipelineManagerImpl.java:openPipeline(282)) - Pipeline Pipeline[ Id: e03de663-6081-433f-9419-67c01ba91eb3, Nodes: b79a04c8-a85d-4510-84a3-6b8e8ceb7fb6{ip: 10.1.0.22, host: fv-az151-757.yf2hydr00wburbhx3j5hxtcipe.bx.internal.cloudapp.net, ports: [REPLICATION=40563, RATIS=45853, RATIS_ADMIN=45853, RATIS_SERVER=45853, STANDALONE=33345], networkLocation: /default-rack, certSerialId: null, persistedOpState: IN_SERVICE, persistedOpStateExpiryEpochSec: 0}, ReplicationConfig: RATIS/ONE, State:ALLOCATED, leaderId:b79a04c8-a85d-4510-84a3-6b8e8ceb7fb6, CreationTimestamp2021-09-05T02:15:15.449Z[Etc/UTC]] moved to OPEN state
2021-09-05 02:15:18,455 [EventQueue-OpenPipelineForHealthyPipelineSafeModeRule] INFO  safemode.SCMSafeModeManager (HealthyPipelineSafeModeRule.java:process(124)) - SCM in safe mode. Healthy pipelines reported count is 0, required healthy pipeline reported count is 1
2021-09-05 02:15:18,455 [pool-309-thread-1] INFO  server.RaftServerConfigKeys (ConfUtils.java:logGet(44)) - raft.server.log.segment.cache.num.max = 2 (custom)
2021-09-05 02:15:18,456 [pool-309-thread-1] INFO  server.RaftServerConfigKeys (ConfUtils.java:logGet(44)) - raft.server.log.segment.cache.size.max = 200MB (=209715200) (default)
2021-09-05 02:15:18,456 [pool-309-thread-1] INFO  segmented.SegmentedRaftLogWorker (SegmentedRaftLogWorker.java:<init>(182)) - new b79a04c8-a85d-4510-84a3-6b8e8ceb7fb6@group-67C01BA91EB3-SegmentedRaftLogWorker for RaftStorageImpl:Storage Directory /home/runner/work/ozone/ozone/hadoop-ozone/integration-test/target/test-dir/MiniOzoneClusterImpl-41f086ef-0a60-4f7c-b4a3-54cba879f76c/datanode-2/data/ratis/e03de663-6081-433f-9419-67c01ba91eb3
2021-09-05 02:15:18,456 [pool-309-thread-1] INFO  server.RaftServerConfigKeys (ConfUtils.java:logGet(44)) - raft.server.log.queue.byte-limit = 2147483647 (custom)
2021-09-05 02:15:18,456 [pool-309-thread-1] INFO  server.RaftServerConfigKeys (ConfUtils.java:logGet(44)) - raft.server.log.queue.element-limit = 1024 (custom)
2021-09-05 02:15:18,456 [pool-309-thread-1] INFO  server.RaftServerConfigKeys (ConfUtils.java:logGet(44)) - raft.server.log.segment.size.max = 1048576 (custom)
2021-09-05 02:15:18,456 [pool-309-thread-1] INFO  server.RaftServerConfigKeys (ConfUtils.java:logGet(44)) - raft.server.log.preallocated.size = 16384 (custom)
2021-09-05 02:15:18,456 [pool-309-thread-1] INFO  server.RaftServerConfigKeys (ConfUtils.java:logGet(44)) - raft.server.log.force.sync.num = 128 (default)
2021-09-05 02:15:18,456 [pool-309-thread-1] INFO  server.RaftServerConfigKeys (ConfUtils.java:logGet(44)) - raft.server.log.statemachine.data.sync = true (default)
2021-09-05 02:15:18,456 [pool-309-thread-1] INFO  server.RaftServerConfigKeys (ConfUtils.java:logGet(44)) - raft.server.log.statemachine.data.sync.timeout = 10s (default)
2021-09-05 02:15:18,456 [pool-309-thread-1] INFO  server.RaftServerConfigKeys (ConfUtils.java:logGet(44)) - raft.server.log.statemachine.data.sync.timeout.retry = -1 (default)
2021-09-05 02:15:18,458 [pool-309-thread-1] INFO  server.RaftServerConfigKeys (ConfUtils.java:logGet(44)) - raft.server.log.write.buffer.size = 1048576 (custom)
2021-09-05 02:15:18,459 [pool-309-thread-1] INFO  server.RaftServerConfigKeys (ConfUtils.java:logGet(44)) - raft.server.log.statemachine.data.caching.enabled = true (custom)
2021-09-05 02:15:18,459 [pool-309-thread-1] INFO  segmented.SegmentedRaftLogWorker (SegmentedRaftLogWorker.java:lambda$new$0(133)) - b79a04c8-a85d-4510-84a3-6b8e8ceb7fb6@group-67C01BA91EB3-SegmentedRaftLogWorker: flushIndex: setUnconditionally 0 -> -1
2021-09-05 02:15:18,459 [pool-309-thread-1] INFO  segmented.SegmentedRaftLogWorker (SegmentedRaftLogWorker.java:lambda$new$0(133)) - b79a04c8-a85d-4510-84a3-6b8e8ceb7fb6@group-67C01BA91EB3-SegmentedRaftLogWorker: safeCacheEvictIndex: setUnconditionally 0 -> -1
2021-09-05 02:15:18,465 [pool-309-thread-1] INFO  server.RaftServerConfigKeys (ConfUtils.java:logGet(44)) - raft.server.snapshot.auto.trigger.enabled = true (custom)
2021-09-05 02:15:18,466 [pool-309-thread-1] INFO  server.RaftServerConfigKeys (ConfUtils.java:logGet(44)) - raft.server.snapshot.auto.trigger.threshold = 10000 (custom)
2021-09-05 02:15:18,466 [pool-309-thread-1] INFO  server.RaftServerConfigKeys (ConfUtils.java:logGet(44)) - raft.server.snapshot.retention.file.num = 5 (custom)
2021-09-05 02:15:18,466 [pool-309-thread-1] INFO  server.RaftServerConfigKeys (ConfUtils.java:logGet(44)) - raft.server.log.purge.upto.snapshot.index = false (default)
2021-09-05 02:15:18,466 [pool-309-thread-1] INFO  server.RaftServerConfigKeys (ConfUtils.java:logGet(44)) - raft.server.retrycache.expirytime = 600000ms (custom)
2021-09-05 02:15:18,466 [pool-309-thread-1] INFO  server.RaftServerConfigKeys (ConfUtils.java:logGet(44)) - raft.server.retrycache.statistics.expirytime = 100μs (default)
2021-09-05 02:15:18,468 [pool-309-thread-1] INFO  server.RaftServer$Division (RaftServerImpl.java:start(296)) - b79a04c8-a85d-4510-84a3-6b8e8ceb7fb6@group-67C01BA91EB3: start as a follower, conf=-1: [b79a04c8-a85d-4510-84a3-6b8e8ceb7fb6|rpc:10.1.0.22:45853|priority:1], old=null
2021-09-05 02:15:18,468 [pool-309-thread-1] INFO  server.RaftServer$Division (RaftServerImpl.java:setRole(285)) - b79a04c8-a85d-4510-84a3-6b8e8ceb7fb6@group-67C01BA91EB3: changes role from      null to FOLLOWER at term 0 for startAsFollower
2021-09-05 02:15:18,468 [pool-309-thread-1] INFO  impl.RoleInfo (RoleInfo.java:updateAndGet(130)) - b79a04c8-a85d-4510-84a3-6b8e8ceb7fb6: start b79a04c8-a85d-4510-84a3-6b8e8ceb7fb6@group-67C01BA91EB3-FollowerState
2021-09-05 02:15:18,477 [pool-309-thread-1] INFO  util.JmxRegister (JmxRegister.java:tryRegister(44)) - Successfully registered JMX Bean with object name Ratis:service=RaftServer,group=group-67C01BA91EB3,id=b79a04c8-a85d-4510-84a3-6b8e8ceb7fb6
2021-09-05 02:15:18,478 [Command processor thread] INFO  ratis.XceiverServerRatis (XceiverServerRatis.java:addGroup(763)) - Created group PipelineID=e03de663-6081-433f-9419-67c01ba91eb3
2021-09-05 02:15:18,478 [Command processor thread] INFO  commandhandler.CreatePipelineCommandHandler (CreatePipelineCommandHandler.java:handle(106)) - Created Pipeline RATIS ONE PipelineID=e03de663-6081-433f-9419-67c01ba91eb3.
2021-09-05 02:15:18,544 [ReplicationMonitor] INFO  container.ReplicationManager (ReplicationManager.java:processAll(359)) - Replication Monitor Thread took 0 milliseconds for processing 0 containers.
2021-09-05 02:15:18,657 [Command processor thread] INFO  server.RaftServer (RaftServerProxy.java:addNew(95)) - 6ec9e918-e233-4af1-a2ad-83394b4f880d: addNew group-6D770C709755:[6ec9e918-e233-4af1-a2ad-83394b4f880d|rpc:10.1.0.22:34469|priority:1] returns group-6D770C709755:java.util.concurrent.CompletableFuture@2da3b94c[Not completed]
2021-09-05 02:15:18,659 [pool-328-thread-1] INFO  server.RaftServer$Division (RaftServerImpl.java:<init>(181)) - 6ec9e918-e233-4af1-a2ad-83394b4f880d: new RaftServerImpl for group-6D770C709755:[6ec9e918-e233-4af1-a2ad-83394b4f880d|rpc:10.1.0.22:34469|priority:1] with ContainerStateMachine:uninitialized
2021-09-05 02:15:18,659 [pool-328-thread-1] INFO  server.RaftServerConfigKeys (ConfUtils.java:logGet(44)) - raft.server.rpc.timeout.min = 5s (custom)
2021-09-05 02:15:18,659 [pool-328-thread-1] INFO  server.RaftServerConfigKeys (ConfUtils.java:logGet(44)) - raft.server.rpc.timeout.max = 5200ms (custom)
2021-09-05 02:15:18,659 [pool-328-thread-1] INFO  server.RaftServerConfigKeys (ConfUtils.java:logGet(44)) - raft.server.rpc.sleep.time = 25ms (default)
2021-09-05 02:15:18,659 [pool-328-thread-1] INFO  server.RaftServerConfigKeys (ConfUtils.java:logGet(44)) - raft.server.rpc.slowness.timeout = 300s (custom)
2021-09-05 02:15:18,659 [pool-328-thread-1] INFO  server.RaftServerConfigKeys (ConfUtils.java:logGet(44)) - raft.server.leaderelection.leader.step-down.wait-time = 10s (default)
2021-09-05 02:15:18,659 [pool-328-thread-1] INFO  server.RaftServerConfigKeys (ConfUtils.java:logGet(44)) - raft.server.sleep.deviation.threshold = 300ms (default)
2021-09-05 02:15:18,659 [pool-328-thread-1] INFO  server.RaftServerConfigKeys (ConfUtils.java:logGet(44)) - raft.server.log.appender.install.snapshot.enabled = false (custom)
2021-09-05 02:15:18,659 [pool-328-thread-1] INFO  server.RaftServer$Division (ServerState.java:<init>(105)) - 6ec9e918-e233-4af1-a2ad-83394b4f880d@group-6D770C709755: ConfigurationManager, init=-1: [6ec9e918-e233-4af1-a2ad-83394b4f880d|rpc:10.1.0.22:34469|priority:1], old=null, confs=<EMPTY_MAP>
2021-09-05 02:15:18,659 [pool-328-thread-1] INFO  server.RaftServerConfigKeys (ConfUtils.java:logGet(44)) - raft.server.storage.dir = [/home/runner/work/ozone/ozone/hadoop-ozone/integration-test/target/test-dir/MiniOzoneClusterImpl-41f086ef-0a60-4f7c-b4a3-54cba879f76c/datanode-3/data/ratis] (custom)
2021-09-05 02:15:18,660 [pool-328-thread-1] INFO  server.RaftServerConfigKeys (ConfUtils.java:logGet(44)) - raft.server.log.corruption.policy = EXCEPTION (default)
2021-09-05 02:15:18,660 [pool-328-thread-1] INFO  server.RaftServerConfigKeys (ConfUtils.java:logGet(44)) - raft.server.storage.free-space.min = 0MB (=0) (default)
2021-09-05 02:15:18,660 [pool-328-thread-1] INFO  storage.RaftStorageDirectory (RaftStorageDirectoryImpl.java:analyzeStorage(135)) - The storage directory /home/runner/work/ozone/ozone/hadoop-ozone/integration-test/target/test-dir/MiniOzoneClusterImpl-41f086ef-0a60-4f7c-b4a3-54cba879f76c/datanode-3/data/ratis/1230f149-2b06-413c-aeb5-6d770c709755 does not exist. Creating ...
2021-09-05 02:15:18,661 [pool-328-thread-1] INFO  storage.RaftStorageDirectory (RaftStorageDirectoryImpl.java:tryLock(230)) - Lock on /home/runner/work/ozone/ozone/hadoop-ozone/integration-test/target/test-dir/MiniOzoneClusterImpl-41f086ef-0a60-4f7c-b4a3-54cba879f76c/datanode-3/data/ratis/1230f149-2b06-413c-aeb5-6d770c709755/in_use.lock acquired by nodename 7276@fv-az151-757
2021-09-05 02:15:18,663 [pool-328-thread-1] INFO  storage.RaftStorage (RaftStorageImpl.java:format(89)) - Storage directory /home/runner/work/ozone/ozone/hadoop-ozone/integration-test/target/test-dir/MiniOzoneClusterImpl-41f086ef-0a60-4f7c-b4a3-54cba879f76c/datanode-3/data/ratis/1230f149-2b06-413c-aeb5-6d770c709755 has been successfully formatted.
2021-09-05 02:15:18,665 [pool-328-thread-1] INFO  ratis.ContainerStateMachine (ContainerStateMachine.java:loadSnapshot(224)) - group-6D770C709755: The snapshot info is null. Setting the last applied indexto:(t:0, i:~)
2021-09-05 02:15:18,665 [Datanode State Machine Thread - 0] WARN  statemachine.StateContext (StateContext.java:execute(621)) - No available thread in pool for past 1 seconds.
2021-09-05 02:15:18,665 [pool-328-thread-1] INFO  server.RaftServerConfigKeys (ConfUtils.java:logGet(44)) - raft.server.notification.no-leader.timeout = 300s (custom)
2021-09-05 02:15:18,665 [pool-328-thread-1] INFO  server.RaftServerConfigKeys (ConfUtils.java:logGet(44)) - raft.server.log.use.memory = false (default)
2021-09-05 02:15:18,665 [pool-328-thread-1] INFO  server.RaftServerConfigKeys (ConfUtils.java:logGet(44)) - raft.server.log.purge.gap = 1000000 (custom)
2021-09-05 02:15:18,665 [pool-328-thread-1] INFO  server.RaftServerConfigKeys (ConfUtils.java:logGet(44)) - raft.server.log.appender.buffer.byte-limit = 33554432 (custom)
2021-09-05 02:15:18,665 [pool-328-thread-1] INFO  server.RaftServerConfigKeys (ConfUtils.java:logGet(44)) - raft.server.log.segment.size.max = 1048576 (custom)
2021-09-05 02:15:18,666 [EventQueue-PipelineReportForPipelineReportHandler] INFO  pipeline.PipelineManagerImpl (PipelineManagerImpl.java:openPipeline(282)) - Pipeline Pipeline[ Id: 1230f149-2b06-413c-aeb5-6d770c709755, Nodes: 6ec9e918-e233-4af1-a2ad-83394b4f880d{ip: 10.1.0.22, host: fv-az151-757.yf2hydr00wburbhx3j5hxtcipe.bx.internal.cloudapp.net, ports: [REPLICATION=40607, RATIS=34469, RATIS_ADMIN=34469, RATIS_SERVER=34469, STANDALONE=38701], networkLocation: /default-rack, certSerialId: null, persistedOpState: IN_SERVICE, persistedOpStateExpiryEpochSec: 0}, ReplicationConfig: RATIS/ONE, State:ALLOCATED, leaderId:6ec9e918-e233-4af1-a2ad-83394b4f880d, CreationTimestamp2021-09-05T02:15:15.660Z[Etc/UTC]] moved to OPEN state
2021-09-05 02:15:18,666 [EventQueue-OpenPipelineForHealthyPipelineSafeModeRule] INFO  safemode.SCMSafeModeManager (HealthyPipelineSafeModeRule.java:process(124)) - SCM in safe mode. Healthy pipelines reported count is 0, required healthy pipeline reported count is 1
2021-09-05 02:15:18,667 [pool-328-thread-1] INFO  server.RaftServerConfigKeys (ConfUtils.java:logGet(44)) - raft.server.log.segment.cache.num.max = 2 (custom)
2021-09-05 02:15:18,667 [pool-328-thread-1] INFO  server.RaftServerConfigKeys (ConfUtils.java:logGet(44)) - raft.server.log.segment.cache.size.max = 200MB (=209715200) (default)
2021-09-05 02:15:18,667 [pool-328-thread-1] INFO  segmented.SegmentedRaftLogWorker (SegmentedRaftLogWorker.java:<init>(182)) - new 6ec9e918-e233-4af1-a2ad-83394b4f880d@group-6D770C709755-SegmentedRaftLogWorker for RaftStorageImpl:Storage Directory /home/runner/work/ozone/ozone/hadoop-ozone/integration-test/target/test-dir/MiniOzoneClusterImpl-41f086ef-0a60-4f7c-b4a3-54cba879f76c/datanode-3/data/ratis/1230f149-2b06-413c-aeb5-6d770c709755
2021-09-05 02:15:18,667 [pool-328-thread-1] INFO  server.RaftServerConfigKeys (ConfUtils.java:logGet(44)) - raft.server.log.queue.byte-limit = 2147483647 (custom)
2021-09-05 02:15:18,667 [pool-328-thread-1] INFO  server.RaftServerConfigKeys (ConfUtils.java:logGet(44)) - raft.server.log.queue.element-limit = 1024 (custom)
2021-09-05 02:15:18,667 [pool-328-thread-1] INFO  server.RaftServerConfigKeys (ConfUtils.java:logGet(44)) - raft.server.log.segment.size.max = 1048576 (custom)
2021-09-05 02:15:18,667 [pool-328-thread-1] INFO  server.RaftServerConfigKeys (ConfUtils.java:logGet(44)) - raft.server.log.preallocated.size = 16384 (custom)
2021-09-05 02:15:18,670 [pool-328-thread-1] INFO  server.RaftServerConfigKeys (ConfUtils.java:logGet(44)) - raft.server.log.force.sync.num = 128 (default)
2021-09-05 02:15:18,670 [pool-328-thread-1] INFO  server.RaftServerConfigKeys (ConfUtils.java:logGet(44)) - raft.server.log.statemachine.data.sync = true (default)
2021-09-05 02:15:18,670 [pool-328-thread-1] INFO  server.RaftServerConfigKeys (ConfUtils.java:logGet(44)) - raft.server.log.statemachine.data.sync.timeout = 10s (default)
2021-09-05 02:15:18,671 [pool-328-thread-1] INFO  server.RaftServerConfigKeys (ConfUtils.java:logGet(44)) - raft.server.log.statemachine.data.sync.timeout.retry = -1 (default)
2021-09-05 02:15:18,672 [pool-328-thread-1] INFO  server.RaftServerConfigKeys (ConfUtils.java:logGet(44)) - raft.server.log.write.buffer.size = 1048576 (custom)
2021-09-05 02:15:18,672 [pool-328-thread-1] INFO  server.RaftServerConfigKeys (ConfUtils.java:logGet(44)) - raft.server.log.statemachine.data.caching.enabled = true (custom)
2021-09-05 02:15:18,672 [pool-328-thread-1] INFO  segmented.SegmentedRaftLogWorker (SegmentedRaftLogWorker.java:lambda$new$0(133)) - 6ec9e918-e233-4af1-a2ad-83394b4f880d@group-6D770C709755-SegmentedRaftLogWorker: flushIndex: setUnconditionally 0 -> -1
2021-09-05 02:15:18,672 [pool-328-thread-1] INFO  segmented.SegmentedRaftLogWorker (SegmentedRaftLogWorker.java:lambda$new$0(133)) - 6ec9e918-e233-4af1-a2ad-83394b4f880d@group-6D770C709755-SegmentedRaftLogWorker: safeCacheEvictIndex: setUnconditionally 0 -> -1
2021-09-05 02:15:18,678 [pool-328-thread-1] INFO  server.RaftServerConfigKeys (ConfUtils.java:logGet(44)) - raft.server.snapshot.auto.trigger.enabled = true (custom)
2021-09-05 02:15:18,679 [pool-328-thread-1] INFO  server.RaftServerConfigKeys (ConfUtils.java:logGet(44)) - raft.server.snapshot.auto.trigger.threshold = 10000 (custom)
2021-09-05 02:15:18,679 [pool-328-thread-1] INFO  server.RaftServerConfigKeys (ConfUtils.java:logGet(44)) - raft.server.snapshot.retention.file.num = 5 (custom)
2021-09-05 02:15:18,679 [pool-328-thread-1] INFO  server.RaftServerConfigKeys (ConfUtils.java:logGet(44)) - raft.server.log.purge.upto.snapshot.index = false (default)
2021-09-05 02:15:18,679 [pool-328-thread-1] INFO  server.RaftServerConfigKeys (ConfUtils.java:logGet(44)) - raft.server.retrycache.expirytime = 600000ms (custom)
2021-09-05 02:15:18,679 [pool-328-thread-1] INFO  server.RaftServerConfigKeys (ConfUtils.java:logGet(44)) - raft.server.retrycache.statistics.expirytime = 100μs (default)
2021-09-05 02:15:18,682 [pool-328-thread-1] INFO  server.RaftServer$Division (RaftServerImpl.java:start(296)) - 6ec9e918-e233-4af1-a2ad-83394b4f880d@group-6D770C709755: start as a follower, conf=-1: [6ec9e918-e233-4af1-a2ad-83394b4f880d|rpc:10.1.0.22:34469|priority:1], old=null
2021-09-05 02:15:18,682 [pool-328-thread-1] INFO  server.RaftServer$Division (RaftServerImpl.java:setRole(285)) - 6ec9e918-e233-4af1-a2ad-83394b4f880d@group-6D770C709755: changes role from      null to FOLLOWER at term 0 for startAsFollower
2021-09-05 02:15:18,683 [pool-328-thread-1] INFO  impl.RoleInfo (RoleInfo.java:updateAndGet(130)) - 6ec9e918-e233-4af1-a2ad-83394b4f880d: start 6ec9e918-e233-4af1-a2ad-83394b4f880d@group-6D770C709755-FollowerState
2021-09-05 02:15:18,683 [pool-328-thread-1] INFO  util.JmxRegister (JmxRegister.java:tryRegister(44)) - Successfully registered JMX Bean with object name Ratis:service=RaftServer,group=group-6D770C709755,id=6ec9e918-e233-4af1-a2ad-83394b4f880d
2021-09-05 02:15:18,684 [Command processor thread] INFO  ratis.XceiverServerRatis (XceiverServerRatis.java:addGroup(763)) - Created group PipelineID=1230f149-2b06-413c-aeb5-6d770c709755
2021-09-05 02:15:18,684 [Command processor thread] INFO  commandhandler.CreatePipelineCommandHandler (CreatePipelineCommandHandler.java:handle(106)) - Created Pipeline RATIS ONE PipelineID=1230f149-2b06-413c-aeb5-6d770c709755.
2021-09-05 02:15:18,684 [Command processor thread] INFO  server.RaftServer (RaftServerProxy.java:addNew(95)) - 6ec9e918-e233-4af1-a2ad-83394b4f880d: addNew group-054D0727F730:[a5a3b4f5-3484-4282-ab73-6a29d94875d9|rpc:10.1.0.22:46191|priority:0, 6ec9e918-e233-4af1-a2ad-83394b4f880d|rpc:10.1.0.22:34469|priority:1, 70b5588f-03e2-4e7c-9cb7-471676996542|rpc:10.1.0.22:34009|priority:0] returns group-054D0727F730:java.util.concurrent.CompletableFuture@299c3820[Not completed]
2021-09-05 02:15:18,685 [pool-328-thread-1] INFO  server.RaftServer$Division (RaftServerImpl.java:<init>(181)) - 6ec9e918-e233-4af1-a2ad-83394b4f880d: new RaftServerImpl for group-054D0727F730:[a5a3b4f5-3484-4282-ab73-6a29d94875d9|rpc:10.1.0.22:46191|priority:0, 6ec9e918-e233-4af1-a2ad-83394b4f880d|rpc:10.1.0.22:34469|priority:1, 70b5588f-03e2-4e7c-9cb7-471676996542|rpc:10.1.0.22:34009|priority:0] with ContainerStateMachine:uninitialized
2021-09-05 02:15:18,685 [pool-328-thread-1] INFO  server.RaftServerConfigKeys (ConfUtils.java:logGet(44)) - raft.server.rpc.timeout.min = 5s (custom)
2021-09-05 02:15:18,685 [pool-328-thread-1] INFO  server.RaftServerConfigKeys (ConfUtils.java:logGet(44)) - raft.server.rpc.timeout.max = 5200ms (custom)
2021-09-05 02:15:18,685 [pool-328-thread-1] INFO  server.RaftServerConfigKeys (ConfUtils.java:logGet(44)) - raft.server.rpc.sleep.time = 25ms (default)
2021-09-05 02:15:18,685 [pool-328-thread-1] INFO  server.RaftServerConfigKeys (ConfUtils.java:logGet(44)) - raft.server.rpc.slowness.timeout = 300s (custom)
2021-09-05 02:15:18,685 [pool-328-thread-1] INFO  server.RaftServerConfigKeys (ConfUtils.java:logGet(44)) - raft.server.leaderelection.leader.step-down.wait-time = 10s (default)
2021-09-05 02:15:18,685 [pool-328-thread-1] INFO  server.RaftServerConfigKeys (ConfUtils.java:logGet(44)) - raft.server.sleep.deviation.threshold = 300ms (default)
2021-09-05 02:15:18,685 [pool-328-thread-1] INFO  server.RaftServerConfigKeys (ConfUtils.java:logGet(44)) - raft.server.log.appender.install.snapshot.enabled = false (custom)
2021-09-05 02:15:18,685 [pool-328-thread-1] INFO  server.RaftServer$Division (ServerState.java:<init>(105)) - 6ec9e918-e233-4af1-a2ad-83394b4f880d@group-054D0727F730: ConfigurationManager, init=-1: [a5a3b4f5-3484-4282-ab73-6a29d94875d9|rpc:10.1.0.22:46191|priority:0, 6ec9e918-e233-4af1-a2ad-83394b4f880d|rpc:10.1.0.22:34469|priority:1, 70b5588f-03e2-4e7c-9cb7-471676996542|rpc:10.1.0.22:34009|priority:0], old=null, confs=<EMPTY_MAP>
2021-09-05 02:15:18,685 [pool-328-thread-1] INFO  server.RaftServerConfigKeys (ConfUtils.java:logGet(44)) - raft.server.storage.dir = [/home/runner/work/ozone/ozone/hadoop-ozone/integration-test/target/test-dir/MiniOzoneClusterImpl-41f086ef-0a60-4f7c-b4a3-54cba879f76c/datanode-3/data/ratis] (custom)
2021-09-05 02:15:18,685 [pool-328-thread-1] INFO  server.RaftServerConfigKeys (ConfUtils.java:logGet(44)) - raft.server.log.corruption.policy = EXCEPTION (default)
2021-09-05 02:15:18,686 [pool-328-thread-1] INFO  server.RaftServerConfigKeys (ConfUtils.java:logGet(44)) - raft.server.storage.free-space.min = 0MB (=0) (default)
2021-09-05 02:15:18,686 [pool-328-thread-1] INFO  storage.RaftStorageDirectory (RaftStorageDirectoryImpl.java:analyzeStorage(135)) - The storage directory /home/runner/work/ozone/ozone/hadoop-ozone/integration-test/target/test-dir/MiniOzoneClusterImpl-41f086ef-0a60-4f7c-b4a3-54cba879f76c/datanode-3/data/ratis/ca2cbe7e-67e8-4122-abdb-054d0727f730 does not exist. Creating ...
2021-09-05 02:15:18,687 [pool-328-thread-1] INFO  storage.RaftStorageDirectory (RaftStorageDirectoryImpl.java:tryLock(230)) - Lock on /home/runner/work/ozone/ozone/hadoop-ozone/integration-test/target/test-dir/MiniOzoneClusterImpl-41f086ef-0a60-4f7c-b4a3-54cba879f76c/datanode-3/data/ratis/ca2cbe7e-67e8-4122-abdb-054d0727f730/in_use.lock acquired by nodename 7276@fv-az151-757
2021-09-05 02:15:18,689 [pool-328-thread-1] INFO  storage.RaftStorage (RaftStorageImpl.java:format(89)) - Storage directory /home/runner/work/ozone/ozone/hadoop-ozone/integration-test/target/test-dir/MiniOzoneClusterImpl-41f086ef-0a60-4f7c-b4a3-54cba879f76c/datanode-3/data/ratis/ca2cbe7e-67e8-4122-abdb-054d0727f730 has been successfully formatted.
2021-09-05 02:15:18,689 [pool-328-thread-1] INFO  ratis.ContainerStateMachine (ContainerStateMachine.java:loadSnapshot(224)) - group-054D0727F730: The snapshot info is null. Setting the last applied indexto:(t:0, i:~)
2021-09-05 02:15:18,689 [pool-328-thread-1] INFO  server.RaftServerConfigKeys (ConfUtils.java:logGet(44)) - raft.server.notification.no-leader.timeout = 300s (custom)
2021-09-05 02:15:18,689 [pool-328-thread-1] INFO  server.RaftServerConfigKeys (ConfUtils.java:logGet(44)) - raft.server.log.use.memory = false (default)
2021-09-05 02:15:18,690 [pool-328-thread-1] INFO  server.RaftServerConfigKeys (ConfUtils.java:logGet(44)) - raft.server.log.purge.gap = 1000000 (custom)
2021-09-05 02:15:18,690 [pool-328-thread-1] INFO  server.RaftServerConfigKeys (ConfUtils.java:logGet(44)) - raft.server.log.appender.buffer.byte-limit = 33554432 (custom)
2021-09-05 02:15:18,690 [pool-328-thread-1] INFO  server.RaftServerConfigKeys (ConfUtils.java:logGet(44)) - raft.server.log.segment.size.max = 1048576 (custom)
2021-09-05 02:15:18,690 [EventQueue-OpenPipelineForHealthyPipelineSafeModeRule] INFO  safemode.SCMSafeModeManager (HealthyPipelineSafeModeRule.java:process(124)) - SCM in safe mode. Healthy pipelines reported count is 0, required healthy pipeline reported count is 1
2021-09-05 02:15:18,691 [pool-328-thread-1] INFO  server.RaftServerConfigKeys (ConfUtils.java:logGet(44)) - raft.server.log.segment.cache.num.max = 2 (custom)
2021-09-05 02:15:18,691 [pool-328-thread-1] INFO  server.RaftServerConfigKeys (ConfUtils.java:logGet(44)) - raft.server.log.segment.cache.size.max = 200MB (=209715200) (default)
2021-09-05 02:15:18,691 [pool-328-thread-1] INFO  segmented.SegmentedRaftLogWorker (SegmentedRaftLogWorker.java:<init>(182)) - new 6ec9e918-e233-4af1-a2ad-83394b4f880d@group-054D0727F730-SegmentedRaftLogWorker for RaftStorageImpl:Storage Directory /home/runner/work/ozone/ozone/hadoop-ozone/integration-test/target/test-dir/MiniOzoneClusterImpl-41f086ef-0a60-4f7c-b4a3-54cba879f76c/datanode-3/data/ratis/ca2cbe7e-67e8-4122-abdb-054d0727f730
2021-09-05 02:15:18,691 [pool-328-thread-1] INFO  server.RaftServerConfigKeys (ConfUtils.java:logGet(44)) - raft.server.log.queue.byte-limit = 2147483647 (custom)
2021-09-05 02:15:18,691 [pool-328-thread-1] INFO  server.RaftServerConfigKeys (ConfUtils.java:logGet(44)) - raft.server.log.queue.element-limit = 1024 (custom)
2021-09-05 02:15:18,691 [pool-328-thread-1] INFO  server.RaftServerConfigKeys (ConfUtils.java:logGet(44)) - raft.server.log.segment.size.max = 1048576 (custom)
2021-09-05 02:15:18,691 [pool-328-thread-1] INFO  server.RaftServerConfigKeys (ConfUtils.java:logGet(44)) - raft.server.log.preallocated.size = 16384 (custom)
2021-09-05 02:15:18,691 [pool-328-thread-1] INFO  server.RaftServerConfigKeys (ConfUtils.java:logGet(44)) - raft.server.log.force.sync.num = 128 (default)
2021-09-05 02:15:18,691 [pool-328-thread-1] INFO  server.RaftServerConfigKeys (ConfUtils.java:logGet(44)) - raft.server.log.statemachine.data.sync = true (default)
2021-09-05 02:15:18,691 [pool-328-thread-1] INFO  server.RaftServerConfigKeys (ConfUtils.java:logGet(44)) - raft.server.log.statemachine.data.sync.timeout = 10s (default)
2021-09-05 02:15:18,691 [pool-328-thread-1] INFO  server.RaftServerConfigKeys (ConfUtils.java:logGet(44)) - raft.server.log.statemachine.data.sync.timeout.retry = -1 (default)
2021-09-05 02:15:18,692 [pool-328-thread-1] INFO  server.RaftServerConfigKeys (ConfUtils.java:logGet(44)) - raft.server.log.write.buffer.size = 1048576 (custom)
2021-09-05 02:15:18,693 [pool-328-thread-1] INFO  server.RaftServerConfigKeys (ConfUtils.java:logGet(44)) - raft.server.log.statemachine.data.caching.enabled = true (custom)
2021-09-05 02:15:18,693 [pool-328-thread-1] INFO  segmented.SegmentedRaftLogWorker (SegmentedRaftLogWorker.java:lambda$new$0(133)) - 6ec9e918-e233-4af1-a2ad-83394b4f880d@group-054D0727F730-SegmentedRaftLogWorker: flushIndex: setUnconditionally 0 -> -1
2021-09-05 02:15:18,693 [pool-328-thread-1] INFO  segmented.SegmentedRaftLogWorker (SegmentedRaftLogWorker.java:lambda$new$0(133)) - 6ec9e918-e233-4af1-a2ad-83394b4f880d@group-054D0727F730-SegmentedRaftLogWorker: safeCacheEvictIndex: setUnconditionally 0 -> -1
2021-09-05 02:15:18,693 [pool-328-thread-1] INFO  server.RaftServerConfigKeys (ConfUtils.java:logGet(44)) - raft.server.snapshot.auto.trigger.enabled = true (custom)
2021-09-05 02:15:18,693 [pool-328-thread-1] INFO  server.RaftServerConfigKeys (ConfUtils.java:logGet(44)) - raft.server.snapshot.auto.trigger.threshold = 10000 (custom)
2021-09-05 02:15:18,694 [pool-328-thread-1] INFO  server.RaftServerConfigKeys (ConfUtils.java:logGet(44)) - raft.server.snapshot.retention.file.num = 5 (custom)
2021-09-05 02:15:18,694 [pool-328-thread-1] INFO  server.RaftServerConfigKeys (ConfUtils.java:logGet(44)) - raft.server.log.purge.upto.snapshot.index = false (default)
2021-09-05 02:15:18,694 [pool-328-thread-1] INFO  server.RaftServerConfigKeys (ConfUtils.java:logGet(44)) - raft.server.retrycache.expirytime = 600000ms (custom)
2021-09-05 02:15:18,694 [pool-328-thread-1] INFO  server.RaftServerConfigKeys (ConfUtils.java:logGet(44)) - raft.server.retrycache.statistics.expirytime = 100μs (default)
2021-09-05 02:15:18,696 [pool-328-thread-1] INFO  server.RaftServer$Division (RaftServerImpl.java:start(296)) - 6ec9e918-e233-4af1-a2ad-83394b4f880d@group-054D0727F730: start as a follower, conf=-1: [a5a3b4f5-3484-4282-ab73-6a29d94875d9|rpc:10.1.0.22:46191|priority:0, 6ec9e918-e233-4af1-a2ad-83394b4f880d|rpc:10.1.0.22:34469|priority:1, 70b5588f-03e2-4e7c-9cb7-471676996542|rpc:10.1.0.22:34009|priority:0], old=null
2021-09-05 02:15:18,696 [pool-328-thread-1] INFO  server.RaftServer$Division (RaftServerImpl.java:setRole(285)) - 6ec9e918-e233-4af1-a2ad-83394b4f880d@group-054D0727F730: changes role from      null to FOLLOWER at term 0 for startAsFollower
2021-09-05 02:15:18,696 [pool-328-thread-1] INFO  impl.RoleInfo (RoleInfo.java:updateAndGet(130)) - 6ec9e918-e233-4af1-a2ad-83394b4f880d: start 6ec9e918-e233-4af1-a2ad-83394b4f880d@group-054D0727F730-FollowerState
2021-09-05 02:15:18,696 [pool-328-thread-1] INFO  util.JmxRegister (JmxRegister.java:tryRegister(44)) - Successfully registered JMX Bean with object name Ratis:service=RaftServer,group=group-054D0727F730,id=6ec9e918-e233-4af1-a2ad-83394b4f880d
2021-09-05 02:15:18,697 [Command processor thread] INFO  ratis.XceiverServerRatis (XceiverServerRatis.java:addGroup(763)) - Created group PipelineID=ca2cbe7e-67e8-4122-abdb-054d0727f730
2021-09-05 02:15:18,711 [grpc-default-executor-0] INFO  server.RaftServer (RaftServerProxy.java:addNew(95)) - a5a3b4f5-3484-4282-ab73-6a29d94875d9: addNew group-054D0727F730:[a5a3b4f5-3484-4282-ab73-6a29d94875d9|rpc:10.1.0.22:46191|dataStream:|priority:0, 6ec9e918-e233-4af1-a2ad-83394b4f880d|rpc:10.1.0.22:34469|dataStream:|priority:1, 70b5588f-03e2-4e7c-9cb7-471676996542|rpc:10.1.0.22:34009|dataStream:|priority:0] returns group-054D0727F730:java.util.concurrent.CompletableFuture@4f801fd0[Not completed]
2021-09-05 02:15:18,713 [pool-366-thread-1] INFO  server.RaftServer$Division (RaftServerImpl.java:<init>(181)) - a5a3b4f5-3484-4282-ab73-6a29d94875d9: new RaftServerImpl for group-054D0727F730:[a5a3b4f5-3484-4282-ab73-6a29d94875d9|rpc:10.1.0.22:46191|dataStream:|priority:0, 6ec9e918-e233-4af1-a2ad-83394b4f880d|rpc:10.1.0.22:34469|dataStream:|priority:1, 70b5588f-03e2-4e7c-9cb7-471676996542|rpc:10.1.0.22:34009|dataStream:|priority:0] with ContainerStateMachine:uninitialized
2021-09-05 02:15:18,713 [pool-366-thread-1] INFO  server.RaftServerConfigKeys (ConfUtils.java:logGet(44)) - raft.server.rpc.timeout.min = 5s (custom)
2021-09-05 02:15:18,713 [pool-366-thread-1] INFO  server.RaftServerConfigKeys (ConfUtils.java:logGet(44)) - raft.server.rpc.timeout.max = 5200ms (custom)
2021-09-05 02:15:18,713 [pool-366-thread-1] INFO  server.RaftServerConfigKeys (ConfUtils.java:logGet(44)) - raft.server.rpc.sleep.time = 25ms (default)
2021-09-05 02:15:18,713 [pool-366-thread-1] INFO  server.RaftServerConfigKeys (ConfUtils.java:logGet(44)) - raft.server.rpc.slowness.timeout = 300s (custom)
2021-09-05 02:15:18,713 [pool-366-thread-1] INFO  server.RaftServerConfigKeys (ConfUtils.java:logGet(44)) - raft.server.leaderelection.leader.step-down.wait-time = 10s (default)
2021-09-05 02:15:18,713 [pool-366-thread-1] INFO  server.RaftServerConfigKeys (ConfUtils.java:logGet(44)) - raft.server.sleep.deviation.threshold = 300ms (default)
2021-09-05 02:15:18,713 [pool-366-thread-1] INFO  server.RaftServerConfigKeys (ConfUtils.java:logGet(44)) - raft.server.log.appender.install.snapshot.enabled = false (custom)
2021-09-05 02:15:18,714 [pool-366-thread-1] INFO  server.RaftServer$Division (ServerState.java:<init>(105)) - a5a3b4f5-3484-4282-ab73-6a29d94875d9@group-054D0727F730: ConfigurationManager, init=-1: [a5a3b4f5-3484-4282-ab73-6a29d94875d9|rpc:10.1.0.22:46191|dataStream:|priority:0, 6ec9e918-e233-4af1-a2ad-83394b4f880d|rpc:10.1.0.22:34469|dataStream:|priority:1, 70b5588f-03e2-4e7c-9cb7-471676996542|rpc:10.1.0.22:34009|dataStream:|priority:0], old=null, confs=<EMPTY_MAP>
2021-09-05 02:15:18,714 [pool-366-thread-1] INFO  server.RaftServerConfigKeys (ConfUtils.java:logGet(44)) - raft.server.storage.dir = [/home/runner/work/ozone/ozone/hadoop-ozone/integration-test/target/test-dir/MiniOzoneClusterImpl-41f086ef-0a60-4f7c-b4a3-54cba879f76c/datanode-5/data/ratis] (custom)
2021-09-05 02:15:18,714 [pool-366-thread-1] INFO  server.RaftServerConfigKeys (ConfUtils.java:logGet(44)) - raft.server.log.corruption.policy = EXCEPTION (default)
2021-09-05 02:15:18,714 [pool-366-thread-1] INFO  server.RaftServerConfigKeys (ConfUtils.java:logGet(44)) - raft.server.storage.free-space.min = 0MB (=0) (default)
2021-09-05 02:15:18,714 [pool-366-thread-1] INFO  storage.RaftStorageDirectory (RaftStorageDirectoryImpl.java:analyzeStorage(135)) - The storage directory /home/runner/work/ozone/ozone/hadoop-ozone/integration-test/target/test-dir/MiniOzoneClusterImpl-41f086ef-0a60-4f7c-b4a3-54cba879f76c/datanode-5/data/ratis/ca2cbe7e-67e8-4122-abdb-054d0727f730 does not exist. Creating ...
2021-09-05 02:15:18,717 [pool-366-thread-1] INFO  storage.RaftStorageDirectory (RaftStorageDirectoryImpl.java:tryLock(230)) - Lock on /home/runner/work/ozone/ozone/hadoop-ozone/integration-test/target/test-dir/MiniOzoneClusterImpl-41f086ef-0a60-4f7c-b4a3-54cba879f76c/datanode-5/data/ratis/ca2cbe7e-67e8-4122-abdb-054d0727f730/in_use.lock acquired by nodename 7276@fv-az151-757
2021-09-05 02:15:18,718 [pool-366-thread-1] INFO  storage.RaftStorage (RaftStorageImpl.java:format(89)) - Storage directory /home/runner/work/ozone/ozone/hadoop-ozone/integration-test/target/test-dir/MiniOzoneClusterImpl-41f086ef-0a60-4f7c-b4a3-54cba879f76c/datanode-5/data/ratis/ca2cbe7e-67e8-4122-abdb-054d0727f730 has been successfully formatted.
2021-09-05 02:15:18,719 [Datanode State Machine Thread - 0] WARN  statemachine.StateContext (StateContext.java:execute(621)) - No available thread in pool for past 1 seconds.
2021-09-05 02:15:18,720 [pool-366-thread-1] INFO  ratis.ContainerStateMachine (ContainerStateMachine.java:loadSnapshot(224)) - group-054D0727F730: The snapshot info is null. Setting the last applied indexto:(t:0, i:~)
2021-09-05 02:15:18,720 [pool-366-thread-1] INFO  server.RaftServerConfigKeys (ConfUtils.java:logGet(44)) - raft.server.notification.no-leader.timeout = 300s (custom)
2021-09-05 02:15:18,720 [pool-366-thread-1] INFO  server.RaftServerConfigKeys (ConfUtils.java:logGet(44)) - raft.server.log.use.memory = false (default)
2021-09-05 02:15:18,721 [pool-366-thread-1] INFO  server.RaftServerConfigKeys (ConfUtils.java:logGet(44)) - raft.server.log.purge.gap = 1000000 (custom)
2021-09-05 02:15:18,721 [pool-366-thread-1] INFO  server.RaftServerConfigKeys (ConfUtils.java:logGet(44)) - raft.server.log.appender.buffer.byte-limit = 33554432 (custom)
2021-09-05 02:15:18,721 [pool-366-thread-1] INFO  server.RaftServerConfigKeys (ConfUtils.java:logGet(44)) - raft.server.log.segment.size.max = 1048576 (custom)
2021-09-05 02:15:18,721 [pool-366-thread-1] INFO  server.RaftServerConfigKeys (ConfUtils.java:logGet(44)) - raft.server.log.segment.cache.num.max = 2 (custom)
2021-09-05 02:15:18,721 [pool-366-thread-1] INFO  server.RaftServerConfigKeys (ConfUtils.java:logGet(44)) - raft.server.log.segment.cache.size.max = 200MB (=209715200) (default)
2021-09-05 02:15:18,721 [pool-366-thread-1] INFO  segmented.SegmentedRaftLogWorker (SegmentedRaftLogWorker.java:<init>(182)) - new a5a3b4f5-3484-4282-ab73-6a29d94875d9@group-054D0727F730-SegmentedRaftLogWorker for RaftStorageImpl:Storage Directory /home/runner/work/ozone/ozone/hadoop-ozone/integration-test/target/test-dir/MiniOzoneClusterImpl-41f086ef-0a60-4f7c-b4a3-54cba879f76c/datanode-5/data/ratis/ca2cbe7e-67e8-4122-abdb-054d0727f730
2021-09-05 02:15:18,721 [pool-366-thread-1] INFO  server.RaftServerConfigKeys (ConfUtils.java:logGet(44)) - raft.server.log.queue.byte-limit = 2147483647 (custom)
2021-09-05 02:15:18,721 [pool-366-thread-1] INFO  server.RaftServerConfigKeys (ConfUtils.java:logGet(44)) - raft.server.log.queue.element-limit = 1024 (custom)
2021-09-05 02:15:18,722 [pool-366-thread-1] INFO  server.RaftServerConfigKeys (ConfUtils.java:logGet(44)) - raft.server.log.segment.size.max = 1048576 (custom)
2021-09-05 02:15:18,722 [pool-366-thread-1] INFO  server.RaftServerConfigKeys (ConfUtils.java:logGet(44)) - raft.server.log.preallocated.size = 16384 (custom)
2021-09-05 02:15:18,722 [pool-366-thread-1] INFO  server.RaftServerConfigKeys (ConfUtils.java:logGet(44)) - raft.server.log.force.sync.num = 128 (default)
2021-09-05 02:15:18,722 [pool-366-thread-1] INFO  server.RaftServerConfigKeys (ConfUtils.java:logGet(44)) - raft.server.log.statemachine.data.sync = true (default)
2021-09-05 02:15:18,722 [pool-366-thread-1] INFO  server.RaftServerConfigKeys (ConfUtils.java:logGet(44)) - raft.server.log.statemachine.data.sync.timeout = 10s (default)
2021-09-05 02:15:18,722 [pool-366-thread-1] INFO  server.RaftServerConfigKeys (ConfUtils.java:logGet(44)) - raft.server.log.statemachine.data.sync.timeout.retry = -1 (default)
2021-09-05 02:15:18,723 [pool-366-thread-1] INFO  server.RaftServerConfigKeys (ConfUtils.java:logGet(44)) - raft.server.log.write.buffer.size = 1048576 (custom)
2021-09-05 02:15:18,724 [pool-366-thread-1] INFO  server.RaftServerConfigKeys (ConfUtils.java:logGet(44)) - raft.server.log.statemachine.data.caching.enabled = true (custom)
2021-09-05 02:15:18,724 [pool-366-thread-1] INFO  segmented.SegmentedRaftLogWorker (SegmentedRaftLogWorker.java:lambda$new$0(133)) - a5a3b4f5-3484-4282-ab73-6a29d94875d9@group-054D0727F730-SegmentedRaftLogWorker: flushIndex: setUnconditionally 0 -> -1
2021-09-05 02:15:18,724 [pool-366-thread-1] INFO  segmented.SegmentedRaftLogWorker (SegmentedRaftLogWorker.java:lambda$new$0(133)) - a5a3b4f5-3484-4282-ab73-6a29d94875d9@group-054D0727F730-SegmentedRaftLogWorker: safeCacheEvictIndex: setUnconditionally 0 -> -1
2021-09-05 02:15:18,724 [pool-366-thread-1] INFO  server.RaftServerConfigKeys (ConfUtils.java:logGet(44)) - raft.server.snapshot.auto.trigger.enabled = true (custom)
2021-09-05 02:15:18,724 [pool-366-thread-1] INFO  server.RaftServerConfigKeys (ConfUtils.java:logGet(44)) - raft.server.snapshot.auto.trigger.threshold = 10000 (custom)
2021-09-05 02:15:18,724 [pool-366-thread-1] INFO  server.RaftServerConfigKeys (ConfUtils.java:logGet(44)) - raft.server.snapshot.retention.file.num = 5 (custom)
2021-09-05 02:15:18,724 [pool-366-thread-1] INFO  server.RaftServerConfigKeys (ConfUtils.java:logGet(44)) - raft.server.log.purge.upto.snapshot.index = false (default)
2021-09-05 02:15:18,724 [pool-366-thread-1] INFO  server.RaftServerConfigKeys (ConfUtils.java:logGet(44)) - raft.server.retrycache.expirytime = 600000ms (custom)
2021-09-05 02:15:18,724 [pool-366-thread-1] INFO  server.RaftServerConfigKeys (ConfUtils.java:logGet(44)) - raft.server.retrycache.statistics.expirytime = 100μs (default)
2021-09-05 02:15:18,726 [pool-366-thread-1] INFO  server.RaftServer$Division (RaftServerImpl.java:start(296)) - a5a3b4f5-3484-4282-ab73-6a29d94875d9@group-054D0727F730: start as a follower, conf=-1: [a5a3b4f5-3484-4282-ab73-6a29d94875d9|rpc:10.1.0.22:46191|dataStream:|priority:0, 6ec9e918-e233-4af1-a2ad-83394b4f880d|rpc:10.1.0.22:34469|dataStream:|priority:1, 70b5588f-03e2-4e7c-9cb7-471676996542|rpc:10.1.0.22:34009|dataStream:|priority:0], old=null
2021-09-05 02:15:18,726 [pool-366-thread-1] INFO  server.RaftServer$Division (RaftServerImpl.java:setRole(285)) - a5a3b4f5-3484-4282-ab73-6a29d94875d9@group-054D0727F730: changes role from      null to FOLLOWER at term 0 for startAsFollower
2021-09-05 02:15:18,726 [pool-366-thread-1] INFO  impl.RoleInfo (RoleInfo.java:updateAndGet(130)) - a5a3b4f5-3484-4282-ab73-6a29d94875d9: start a5a3b4f5-3484-4282-ab73-6a29d94875d9@group-054D0727F730-FollowerState
2021-09-05 02:15:18,727 [pool-366-thread-1] INFO  util.JmxRegister (JmxRegister.java:tryRegister(44)) - Successfully registered JMX Bean with object name Ratis:service=RaftServer,group=group-054D0727F730,id=a5a3b4f5-3484-4282-ab73-6a29d94875d9
2021-09-05 02:15:18,740 [grpc-default-executor-0] INFO  server.RaftServer (RaftServerProxy.java:addNew(95)) - 70b5588f-03e2-4e7c-9cb7-471676996542: addNew group-054D0727F730:[a5a3b4f5-3484-4282-ab73-6a29d94875d9|rpc:10.1.0.22:46191|dataStream:|priority:0, 6ec9e918-e233-4af1-a2ad-83394b4f880d|rpc:10.1.0.22:34469|dataStream:|priority:1, 70b5588f-03e2-4e7c-9cb7-471676996542|rpc:10.1.0.22:34009|dataStream:|priority:0] returns group-054D0727F730:java.util.concurrent.CompletableFuture@1356ded9[Not completed]
2021-09-05 02:15:18,742 [pool-347-thread-1] INFO  server.RaftServer$Division (RaftServerImpl.java:<init>(181)) - 70b5588f-03e2-4e7c-9cb7-471676996542: new RaftServerImpl for group-054D0727F730:[a5a3b4f5-3484-4282-ab73-6a29d94875d9|rpc:10.1.0.22:46191|dataStream:|priority:0, 6ec9e918-e233-4af1-a2ad-83394b4f880d|rpc:10.1.0.22:34469|dataStream:|priority:1, 70b5588f-03e2-4e7c-9cb7-471676996542|rpc:10.1.0.22:34009|dataStream:|priority:0] with ContainerStateMachine:uninitialized
2021-09-05 02:15:18,742 [pool-347-thread-1] INFO  server.RaftServerConfigKeys (ConfUtils.java:logGet(44)) - raft.server.rpc.timeout.min = 5s (custom)
2021-09-05 02:15:18,742 [pool-347-thread-1] INFO  server.RaftServerConfigKeys (ConfUtils.java:logGet(44)) - raft.server.rpc.timeout.max = 5200ms (custom)
2021-09-05 02:15:18,742 [pool-347-thread-1] INFO  server.RaftServerConfigKeys (ConfUtils.java:logGet(44)) - raft.server.rpc.sleep.time = 25ms (default)
2021-09-05 02:15:18,742 [pool-347-thread-1] INFO  server.RaftServerConfigKeys (ConfUtils.java:logGet(44)) - raft.server.rpc.slowness.timeout = 300s (custom)
2021-09-05 02:15:18,742 [pool-347-thread-1] INFO  server.RaftServerConfigKeys (ConfUtils.java:logGet(44)) - raft.server.leaderelection.leader.step-down.wait-time = 10s (default)
2021-09-05 02:15:18,742 [pool-347-thread-1] INFO  server.RaftServerConfigKeys (ConfUtils.java:logGet(44)) - raft.server.sleep.deviation.threshold = 300ms (default)
2021-09-05 02:15:18,742 [pool-347-thread-1] INFO  server.RaftServerConfigKeys (ConfUtils.java:logGet(44)) - raft.server.log.appender.install.snapshot.enabled = false (custom)
2021-09-05 02:15:18,742 [pool-347-thread-1] INFO  server.RaftServer$Division (ServerState.java:<init>(105)) - 70b5588f-03e2-4e7c-9cb7-471676996542@group-054D0727F730: ConfigurationManager, init=-1: [a5a3b4f5-3484-4282-ab73-6a29d94875d9|rpc:10.1.0.22:46191|dataStream:|priority:0, 6ec9e918-e233-4af1-a2ad-83394b4f880d|rpc:10.1.0.22:34469|dataStream:|priority:1, 70b5588f-03e2-4e7c-9cb7-471676996542|rpc:10.1.0.22:34009|dataStream:|priority:0], old=null, confs=<EMPTY_MAP>
2021-09-05 02:15:18,742 [pool-347-thread-1] INFO  server.RaftServerConfigKeys (ConfUtils.java:logGet(44)) - raft.server.storage.dir = [/home/runner/work/ozone/ozone/hadoop-ozone/integration-test/target/test-dir/MiniOzoneClusterImpl-41f086ef-0a60-4f7c-b4a3-54cba879f76c/datanode-4/data/ratis] (custom)
2021-09-05 02:15:18,743 [pool-347-thread-1] INFO  server.RaftServerConfigKeys (ConfUtils.java:logGet(44)) - raft.server.log.corruption.policy = EXCEPTION (default)
2021-09-05 02:15:18,743 [pool-347-thread-1] INFO  server.RaftServerConfigKeys (ConfUtils.java:logGet(44)) - raft.server.storage.free-space.min = 0MB (=0) (default)
2021-09-05 02:15:18,743 [pool-347-thread-1] INFO  storage.RaftStorageDirectory (RaftStorageDirectoryImpl.java:analyzeStorage(135)) - The storage directory /home/runner/work/ozone/ozone/hadoop-ozone/integration-test/target/test-dir/MiniOzoneClusterImpl-41f086ef-0a60-4f7c-b4a3-54cba879f76c/datanode-4/data/ratis/ca2cbe7e-67e8-4122-abdb-054d0727f730 does not exist. Creating ...
2021-09-05 02:15:18,744 [pool-347-thread-1] INFO  storage.RaftStorageDirectory (RaftStorageDirectoryImpl.java:tryLock(230)) - Lock on /home/runner/work/ozone/ozone/hadoop-ozone/integration-test/target/test-dir/MiniOzoneClusterImpl-41f086ef-0a60-4f7c-b4a3-54cba879f76c/datanode-4/data/ratis/ca2cbe7e-67e8-4122-abdb-054d0727f730/in_use.lock acquired by nodename 7276@fv-az151-757
2021-09-05 02:15:18,745 [pool-347-thread-1] INFO  storage.RaftStorage (RaftStorageImpl.java:format(89)) - Storage directory /home/runner/work/ozone/ozone/hadoop-ozone/integration-test/target/test-dir/MiniOzoneClusterImpl-41f086ef-0a60-4f7c-b4a3-54cba879f76c/datanode-4/data/ratis/ca2cbe7e-67e8-4122-abdb-054d0727f730 has been successfully formatted.
2021-09-05 02:15:18,746 [pool-347-thread-1] INFO  ratis.ContainerStateMachine (ContainerStateMachine.java:loadSnapshot(224)) - group-054D0727F730: The snapshot info is null. Setting the last applied indexto:(t:0, i:~)
2021-09-05 02:15:18,747 [pool-347-thread-1] INFO  server.RaftServerConfigKeys (ConfUtils.java:logGet(44)) - raft.server.notification.no-leader.timeout = 300s (custom)
2021-09-05 02:15:18,747 [pool-347-thread-1] INFO  server.RaftServerConfigKeys (ConfUtils.java:logGet(44)) - raft.server.log.use.memory = false (default)
2021-09-05 02:15:18,747 [pool-347-thread-1] INFO  server.RaftServerConfigKeys (ConfUtils.java:logGet(44)) - raft.server.log.purge.gap = 1000000 (custom)
2021-09-05 02:15:18,747 [pool-347-thread-1] INFO  server.RaftServerConfigKeys (ConfUtils.java:logGet(44)) - raft.server.log.appender.buffer.byte-limit = 33554432 (custom)
2021-09-05 02:15:18,747 [pool-347-thread-1] INFO  server.RaftServerConfigKeys (ConfUtils.java:logGet(44)) - raft.server.log.segment.size.max = 1048576 (custom)
2021-09-05 02:15:18,748 [pool-347-thread-1] INFO  server.RaftServerConfigKeys (ConfUtils.java:logGet(44)) - raft.server.log.segment.cache.num.max = 2 (custom)
2021-09-05 02:15:18,748 [pool-347-thread-1] INFO  server.RaftServerConfigKeys (ConfUtils.java:logGet(44)) - raft.server.log.segment.cache.size.max = 200MB (=209715200) (default)
2021-09-05 02:15:18,748 [pool-347-thread-1] INFO  segmented.SegmentedRaftLogWorker (SegmentedRaftLogWorker.java:<init>(182)) - new 70b5588f-03e2-4e7c-9cb7-471676996542@group-054D0727F730-SegmentedRaftLogWorker for RaftStorageImpl:Storage Directory /home/runner/work/ozone/ozone/hadoop-ozone/integration-test/target/test-dir/MiniOzoneClusterImpl-41f086ef-0a60-4f7c-b4a3-54cba879f76c/datanode-4/data/ratis/ca2cbe7e-67e8-4122-abdb-054d0727f730
2021-09-05 02:15:18,748 [pool-347-thread-1] INFO  server.RaftServerConfigKeys (ConfUtils.java:logGet(44)) - raft.server.log.queue.byte-limit = 2147483647 (custom)
2021-09-05 02:15:18,748 [pool-347-thread-1] INFO  server.RaftServerConfigKeys (ConfUtils.java:logGet(44)) - raft.server.log.queue.element-limit = 1024 (custom)
2021-09-05 02:15:18,748 [pool-347-thread-1] INFO  server.RaftServerConfigKeys (ConfUtils.java:logGet(44)) - raft.server.log.segment.size.max = 1048576 (custom)
2021-09-05 02:15:18,748 [pool-347-thread-1] INFO  server.RaftServerConfigKeys (ConfUtils.java:logGet(44)) - raft.server.log.preallocated.size = 16384 (custom)
2021-09-05 02:15:18,748 [pool-347-thread-1] INFO  server.RaftServerConfigKeys (ConfUtils.java:logGet(44)) - raft.server.log.force.sync.num = 128 (default)
2021-09-05 02:15:18,748 [pool-347-thread-1] INFO  server.RaftServerConfigKeys (ConfUtils.java:logGet(44)) - raft.server.log.statemachine.data.sync = true (default)
2021-09-05 02:15:18,748 [pool-347-thread-1] INFO  server.RaftServerConfigKeys (ConfUtils.java:logGet(44)) - raft.server.log.statemachine.data.sync.timeout = 10s (default)
2021-09-05 02:15:18,748 [pool-347-thread-1] INFO  server.RaftServerConfigKeys (ConfUtils.java:logGet(44)) - raft.server.log.statemachine.data.sync.timeout.retry = -1 (default)
2021-09-05 02:15:18,749 [pool-347-thread-1] INFO  server.RaftServerConfigKeys (ConfUtils.java:logGet(44)) - raft.server.log.write.buffer.size = 1048576 (custom)
2021-09-05 02:15:18,750 [pool-347-thread-1] INFO  server.RaftServerConfigKeys (ConfUtils.java:logGet(44)) - raft.server.log.statemachine.data.caching.enabled = true (custom)
2021-09-05 02:15:18,750 [pool-347-thread-1] INFO  segmented.SegmentedRaftLogWorker (SegmentedRaftLogWorker.java:lambda$new$0(133)) - 70b5588f-03e2-4e7c-9cb7-471676996542@group-054D0727F730-SegmentedRaftLogWorker: flushIndex: setUnconditionally 0 -> -1
2021-09-05 02:15:18,750 [pool-347-thread-1] INFO  segmented.SegmentedRaftLogWorker (SegmentedRaftLogWorker.java:lambda$new$0(133)) - 70b5588f-03e2-4e7c-9cb7-471676996542@group-054D0727F730-SegmentedRaftLogWorker: safeCacheEvictIndex: setUnconditionally 0 -> -1
2021-09-05 02:15:18,750 [pool-347-thread-1] INFO  server.RaftServerConfigKeys (ConfUtils.java:logGet(44)) - raft.server.snapshot.auto.trigger.enabled = true (custom)
2021-09-05 02:15:18,750 [pool-347-thread-1] INFO  server.RaftServerConfigKeys (ConfUtils.java:logGet(44)) - raft.server.snapshot.auto.trigger.threshold = 10000 (custom)
2021-09-05 02:15:18,750 [pool-347-thread-1] INFO  server.RaftServerConfigKeys (ConfUtils.java:logGet(44)) - raft.server.snapshot.retention.file.num = 5 (custom)
2021-09-05 02:15:18,750 [pool-347-thread-1] INFO  server.RaftServerConfigKeys (ConfUtils.java:logGet(44)) - raft.server.log.purge.upto.snapshot.index = false (default)
2021-09-05 02:15:18,750 [pool-347-thread-1] INFO  server.RaftServerConfigKeys (ConfUtils.java:logGet(44)) - raft.server.retrycache.expirytime = 600000ms (custom)
2021-09-05 02:15:18,750 [pool-347-thread-1] INFO  server.RaftServerConfigKeys (ConfUtils.java:logGet(44)) - raft.server.retrycache.statistics.expirytime = 100μs (default)
2021-09-05 02:15:18,752 [pool-347-thread-1] INFO  server.RaftServer$Division (RaftServerImpl.java:start(296)) - 70b5588f-03e2-4e7c-9cb7-471676996542@group-054D0727F730: start as a follower, conf=-1: [a5a3b4f5-3484-4282-ab73-6a29d94875d9|rpc:10.1.0.22:46191|dataStream:|priority:0, 6ec9e918-e233-4af1-a2ad-83394b4f880d|rpc:10.1.0.22:34469|dataStream:|priority:1, 70b5588f-03e2-4e7c-9cb7-471676996542|rpc:10.1.0.22:34009|dataStream:|priority:0], old=null
2021-09-05 02:15:18,752 [pool-347-thread-1] INFO  server.RaftServer$Division (RaftServerImpl.java:setRole(285)) - 70b5588f-03e2-4e7c-9cb7-471676996542@group-054D0727F730: changes role from      null to FOLLOWER at term 0 for startAsFollower
2021-09-05 02:15:18,752 [pool-347-thread-1] INFO  impl.RoleInfo (RoleInfo.java:updateAndGet(130)) - 70b5588f-03e2-4e7c-9cb7-471676996542: start 70b5588f-03e2-4e7c-9cb7-471676996542@group-054D0727F730-FollowerState
2021-09-05 02:15:18,752 [pool-347-thread-1] INFO  util.JmxRegister (JmxRegister.java:tryRegister(44)) - Successfully registered JMX Bean with object name Ratis:service=RaftServer,group=group-054D0727F730,id=70b5588f-03e2-4e7c-9cb7-471676996542
2021-09-05 02:15:18,759 [Command processor thread] INFO  commandhandler.CreatePipelineCommandHandler (CreatePipelineCommandHandler.java:handle(106)) - Created Pipeline RATIS THREE PipelineID=ca2cbe7e-67e8-4122-abdb-054d0727f730.
2021-09-05 02:15:18,849 [Command processor thread] INFO  server.RaftServer (RaftServerProxy.java:addNew(95)) - 70b5588f-03e2-4e7c-9cb7-471676996542: addNew group-444359725699:[70b5588f-03e2-4e7c-9cb7-471676996542|rpc:10.1.0.22:34009|priority:1] returns group-444359725699:java.util.concurrent.CompletableFuture@3a89a213[Not completed]
2021-09-05 02:15:18,850 [pool-347-thread-1] INFO  server.RaftServer$Division (RaftServerImpl.java:<init>(181)) - 70b5588f-03e2-4e7c-9cb7-471676996542: new RaftServerImpl for group-444359725699:[70b5588f-03e2-4e7c-9cb7-471676996542|rpc:10.1.0.22:34009|priority:1] with ContainerStateMachine:uninitialized
2021-09-05 02:15:18,850 [pool-347-thread-1] INFO  server.RaftServerConfigKeys (ConfUtils.java:logGet(44)) - raft.server.rpc.timeout.min = 5s (custom)
2021-09-05 02:15:18,850 [pool-347-thread-1] INFO  server.RaftServerConfigKeys (ConfUtils.java:logGet(44)) - raft.server.rpc.timeout.max = 5200ms (custom)
2021-09-05 02:15:18,850 [pool-347-thread-1] INFO  server.RaftServerConfigKeys (ConfUtils.java:logGet(44)) - raft.server.rpc.sleep.time = 25ms (default)
2021-09-05 02:15:18,850 [pool-347-thread-1] INFO  server.RaftServerConfigKeys (ConfUtils.java:logGet(44)) - raft.server.rpc.slowness.timeout = 300s (custom)
2021-09-05 02:15:18,850 [pool-347-thread-1] INFO  server.RaftServerConfigKeys (ConfUtils.java:logGet(44)) - raft.server.leaderelection.leader.step-down.wait-time = 10s (default)
2021-09-05 02:15:18,850 [pool-347-thread-1] INFO  server.RaftServerConfigKeys (ConfUtils.java:logGet(44)) - raft.server.sleep.deviation.threshold = 300ms (default)
2021-09-05 02:15:18,850 [pool-347-thread-1] INFO  server.RaftServerConfigKeys (ConfUtils.java:logGet(44)) - raft.server.log.appender.install.snapshot.enabled = false (custom)
2021-09-05 02:15:18,850 [pool-347-thread-1] INFO  server.RaftServer$Division (ServerState.java:<init>(105)) - 70b5588f-03e2-4e7c-9cb7-471676996542@group-444359725699: ConfigurationManager, init=-1: [70b5588f-03e2-4e7c-9cb7-471676996542|rpc:10.1.0.22:34009|priority:1], old=null, confs=<EMPTY_MAP>
2021-09-05 02:15:18,850 [pool-347-thread-1] INFO  server.RaftServerConfigKeys (ConfUtils.java:logGet(44)) - raft.server.storage.dir = [/home/runner/work/ozone/ozone/hadoop-ozone/integration-test/target/test-dir/MiniOzoneClusterImpl-41f086ef-0a60-4f7c-b4a3-54cba879f76c/datanode-4/data/ratis] (custom)
2021-09-05 02:15:18,851 [pool-347-thread-1] INFO  server.RaftServerConfigKeys (ConfUtils.java:logGet(44)) - raft.server.log.corruption.policy = EXCEPTION (default)
2021-09-05 02:15:18,851 [pool-347-thread-1] INFO  server.RaftServerConfigKeys (ConfUtils.java:logGet(44)) - raft.server.storage.free-space.min = 0MB (=0) (default)
2021-09-05 02:15:18,851 [pool-347-thread-1] INFO  storage.RaftStorageDirectory (RaftStorageDirectoryImpl.java:analyzeStorage(135)) - The storage directory /home/runner/work/ozone/ozone/hadoop-ozone/integration-test/target/test-dir/MiniOzoneClusterImpl-41f086ef-0a60-4f7c-b4a3-54cba879f76c/datanode-4/data/ratis/0b656eeb-bdb1-4561-8b93-444359725699 does not exist. Creating ...
2021-09-05 02:15:18,852 [pool-347-thread-1] INFO  storage.RaftStorageDirectory (RaftStorageDirectoryImpl.java:tryLock(230)) - Lock on /home/runner/work/ozone/ozone/hadoop-ozone/integration-test/target/test-dir/MiniOzoneClusterImpl-41f086ef-0a60-4f7c-b4a3-54cba879f76c/datanode-4/data/ratis/0b656eeb-bdb1-4561-8b93-444359725699/in_use.lock acquired by nodename 7276@fv-az151-757
2021-09-05 02:15:18,854 [pool-347-thread-1] INFO  storage.RaftStorage (RaftStorageImpl.java:format(89)) - Storage directory /home/runner/work/ozone/ozone/hadoop-ozone/integration-test/target/test-dir/MiniOzoneClusterImpl-41f086ef-0a60-4f7c-b4a3-54cba879f76c/datanode-4/data/ratis/0b656eeb-bdb1-4561-8b93-444359725699 has been successfully formatted.
2021-09-05 02:15:18,854 [pool-347-thread-1] INFO  ratis.ContainerStateMachine (ContainerStateMachine.java:loadSnapshot(224)) - group-444359725699: The snapshot info is null. Setting the last applied indexto:(t:0, i:~)
2021-09-05 02:15:18,854 [pool-347-thread-1] INFO  server.RaftServerConfigKeys (ConfUtils.java:logGet(44)) - raft.server.notification.no-leader.timeout = 300s (custom)
2021-09-05 02:15:18,854 [pool-347-thread-1] INFO  server.RaftServerConfigKeys (ConfUtils.java:logGet(44)) - raft.server.log.use.memory = false (default)
2021-09-05 02:15:18,855 [pool-347-thread-1] INFO  server.RaftServerConfigKeys (ConfUtils.java:logGet(44)) - raft.server.log.purge.gap = 1000000 (custom)
2021-09-05 02:15:18,855 [pool-347-thread-1] INFO  server.RaftServerConfigKeys (ConfUtils.java:logGet(44)) - raft.server.log.appender.buffer.byte-limit = 33554432 (custom)
2021-09-05 02:15:18,855 [pool-347-thread-1] INFO  server.RaftServerConfigKeys (ConfUtils.java:logGet(44)) - raft.server.log.segment.size.max = 1048576 (custom)
2021-09-05 02:15:18,855 [EventQueue-PipelineReportForPipelineReportHandler] INFO  pipeline.PipelineManagerImpl (PipelineManagerImpl.java:openPipeline(282)) - Pipeline Pipeline[ Id: 0b656eeb-bdb1-4561-8b93-444359725699, Nodes: 70b5588f-03e2-4e7c-9cb7-471676996542{ip: 10.1.0.22, host: fv-az151-757.yf2hydr00wburbhx3j5hxtcipe.bx.internal.cloudapp.net, ports: [REPLICATION=39473, RATIS=34009, RATIS_ADMIN=34009, RATIS_SERVER=34009, STANDALONE=37651], networkLocation: /default-rack, certSerialId: null, persistedOpState: IN_SERVICE, persistedOpStateExpiryEpochSec: 0}, ReplicationConfig: RATIS/ONE, State:ALLOCATED, leaderId:70b5588f-03e2-4e7c-9cb7-471676996542, CreationTimestamp2021-09-05T02:15:15.855Z[Etc/UTC]] moved to OPEN state
2021-09-05 02:15:18,855 [pool-347-thread-1] INFO  server.RaftServerConfigKeys (ConfUtils.java:logGet(44)) - raft.server.log.segment.cache.num.max = 2 (custom)
2021-09-05 02:15:18,855 [pool-347-thread-1] INFO  server.RaftServerConfigKeys (ConfUtils.java:logGet(44)) - raft.server.log.segment.cache.size.max = 200MB (=209715200) (default)
2021-09-05 02:15:18,855 [pool-347-thread-1] INFO  segmented.SegmentedRaftLogWorker (SegmentedRaftLogWorker.java:<init>(182)) - new 70b5588f-03e2-4e7c-9cb7-471676996542@group-444359725699-SegmentedRaftLogWorker for RaftStorageImpl:Storage Directory /home/runner/work/ozone/ozone/hadoop-ozone/integration-test/target/test-dir/MiniOzoneClusterImpl-41f086ef-0a60-4f7c-b4a3-54cba879f76c/datanode-4/data/ratis/0b656eeb-bdb1-4561-8b93-444359725699
2021-09-05 02:15:18,855 [pool-347-thread-1] INFO  server.RaftServerConfigKeys (ConfUtils.java:logGet(44)) - raft.server.log.queue.byte-limit = 2147483647 (custom)
2021-09-05 02:15:18,855 [pool-347-thread-1] INFO  server.RaftServerConfigKeys (ConfUtils.java:logGet(44)) - raft.server.log.queue.element-limit = 1024 (custom)
2021-09-05 02:15:18,855 [EventQueue-OpenPipelineForHealthyPipelineSafeModeRule] INFO  safemode.SCMSafeModeManager (HealthyPipelineSafeModeRule.java:process(124)) - SCM in safe mode. Healthy pipelines reported count is 0, required healthy pipeline reported count is 1
2021-09-05 02:15:18,855 [pool-347-thread-1] INFO  server.RaftServerConfigKeys (ConfUtils.java:logGet(44)) - raft.server.log.segment.size.max = 1048576 (custom)
2021-09-05 02:15:18,857 [pool-347-thread-1] INFO  server.RaftServerConfigKeys (ConfUtils.java:logGet(44)) - raft.server.log.preallocated.size = 16384 (custom)
2021-09-05 02:15:18,857 [pool-347-thread-1] INFO  server.RaftServerConfigKeys (ConfUtils.java:logGet(44)) - raft.server.log.force.sync.num = 128 (default)
2021-09-05 02:15:18,857 [pool-347-thread-1] INFO  server.RaftServerConfigKeys (ConfUtils.java:logGet(44)) - raft.server.log.statemachine.data.sync = true (default)
2021-09-05 02:15:18,857 [pool-347-thread-1] INFO  server.RaftServerConfigKeys (ConfUtils.java:logGet(44)) - raft.server.log.statemachine.data.sync.timeout = 10s (default)
2021-09-05 02:15:18,857 [pool-347-thread-1] INFO  server.RaftServerConfigKeys (ConfUtils.java:logGet(44)) - raft.server.log.statemachine.data.sync.timeout.retry = -1 (default)
2021-09-05 02:15:18,858 [pool-347-thread-1] INFO  server.RaftServerConfigKeys (ConfUtils.java:logGet(44)) - raft.server.log.write.buffer.size = 1048576 (custom)
2021-09-05 02:15:18,858 [pool-347-thread-1] INFO  server.RaftServerConfigKeys (ConfUtils.java:logGet(44)) - raft.server.log.statemachine.data.caching.enabled = true (custom)
2021-09-05 02:15:18,858 [pool-347-thread-1] INFO  segmented.SegmentedRaftLogWorker (SegmentedRaftLogWorker.java:lambda$new$0(133)) - 70b5588f-03e2-4e7c-9cb7-471676996542@group-444359725699-SegmentedRaftLogWorker: flushIndex: setUnconditionally 0 -> -1
2021-09-05 02:15:18,858 [pool-347-thread-1] INFO  segmented.SegmentedRaftLogWorker (SegmentedRaftLogWorker.java:lambda$new$0(133)) - 70b5588f-03e2-4e7c-9cb7-471676996542@group-444359725699-SegmentedRaftLogWorker: safeCacheEvictIndex: setUnconditionally 0 -> -1
2021-09-05 02:15:18,862 [pool-347-thread-1] INFO  server.RaftServerConfigKeys (ConfUtils.java:logGet(44)) - raft.server.snapshot.auto.trigger.enabled = true (custom)
2021-09-05 02:15:18,862 [pool-347-thread-1] INFO  server.RaftServerConfigKeys (ConfUtils.java:logGet(44)) - raft.server.snapshot.auto.trigger.threshold = 10000 (custom)
2021-09-05 02:15:18,862 [pool-347-thread-1] INFO  server.RaftServerConfigKeys (ConfUtils.java:logGet(44)) - raft.server.snapshot.retention.file.num = 5 (custom)
2021-09-05 02:15:18,862 [pool-347-thread-1] INFO  server.RaftServerConfigKeys (ConfUtils.java:logGet(44)) - raft.server.log.purge.upto.snapshot.index = false (default)
2021-09-05 02:15:18,862 [pool-347-thread-1] INFO  server.RaftServerConfigKeys (ConfUtils.java:logGet(44)) - raft.server.retrycache.expirytime = 600000ms (custom)
2021-09-05 02:15:18,862 [pool-347-thread-1] INFO  server.RaftServerConfigKeys (ConfUtils.java:logGet(44)) - raft.server.retrycache.statistics.expirytime = 100μs (default)
2021-09-05 02:15:18,863 [pool-347-thread-1] INFO  server.RaftServer$Division (RaftServerImpl.java:start(296)) - 70b5588f-03e2-4e7c-9cb7-471676996542@group-444359725699: start as a follower, conf=-1: [70b5588f-03e2-4e7c-9cb7-471676996542|rpc:10.1.0.22:34009|priority:1], old=null
2021-09-05 02:15:18,864 [pool-347-thread-1] INFO  server.RaftServer$Division (RaftServerImpl.java:setRole(285)) - 70b5588f-03e2-4e7c-9cb7-471676996542@group-444359725699: changes role from      null to FOLLOWER at term 0 for startAsFollower
2021-09-05 02:15:18,864 [pool-347-thread-1] INFO  impl.RoleInfo (RoleInfo.java:updateAndGet(130)) - 70b5588f-03e2-4e7c-9cb7-471676996542: start 70b5588f-03e2-4e7c-9cb7-471676996542@group-444359725699-FollowerState
2021-09-05 02:15:18,864 [pool-347-thread-1] INFO  util.JmxRegister (JmxRegister.java:tryRegister(44)) - Successfully registered JMX Bean with object name Ratis:service=RaftServer,group=group-444359725699,id=70b5588f-03e2-4e7c-9cb7-471676996542
2021-09-05 02:15:18,865 [Command processor thread] INFO  ratis.XceiverServerRatis (XceiverServerRatis.java:addGroup(763)) - Created group PipelineID=0b656eeb-bdb1-4561-8b93-444359725699
2021-09-05 02:15:18,865 [Command processor thread] INFO  commandhandler.CreatePipelineCommandHandler (CreatePipelineCommandHandler.java:handle(106)) - Created Pipeline RATIS ONE PipelineID=0b656eeb-bdb1-4561-8b93-444359725699.
2021-09-05 02:15:18,950 [EventQueue-OpenPipelineForHealthyPipelineSafeModeRule] INFO  safemode.SCMSafeModeManager (HealthyPipelineSafeModeRule.java:process(124)) - SCM in safe mode. Healthy pipelines reported count is 0, required healthy pipeline reported count is 1
2021-09-05 02:15:18,986 [EventQueue-PipelineReportForPipelineReportHandler] INFO  pipeline.PipelineReportHandler (PipelineReportHandler.java:processPipelineReport(113)) - Reported pipeline PipelineID=ea622501-719d-487d-8d87-6a133f983057 is not found
2021-09-05 02:15:18,994 [Command processor thread] INFO  server.RaftServer (RaftServerProxy.java:addNew(95)) - a5a3b4f5-3484-4282-ab73-6a29d94875d9: addNew group-0354EA568CCD:[a5a3b4f5-3484-4282-ab73-6a29d94875d9|rpc:10.1.0.22:46191|priority:1] returns group-0354EA568CCD:java.util.concurrent.CompletableFuture@12ae1a4e[Not completed]
2021-09-05 02:15:18,995 [pool-366-thread-1] INFO  server.RaftServer$Division (RaftServerImpl.java:<init>(181)) - a5a3b4f5-3484-4282-ab73-6a29d94875d9: new RaftServerImpl for group-0354EA568CCD:[a5a3b4f5-3484-4282-ab73-6a29d94875d9|rpc:10.1.0.22:46191|priority:1] with ContainerStateMachine:uninitialized
2021-09-05 02:15:18,995 [pool-366-thread-1] INFO  server.RaftServerConfigKeys (ConfUtils.java:logGet(44)) - raft.server.rpc.timeout.min = 5s (custom)
2021-09-05 02:15:18,995 [pool-366-thread-1] INFO  server.RaftServerConfigKeys (ConfUtils.java:logGet(44)) - raft.server.rpc.timeout.max = 5200ms (custom)
2021-09-05 02:15:18,995 [pool-366-thread-1] INFO  server.RaftServerConfigKeys (ConfUtils.java:logGet(44)) - raft.server.rpc.sleep.time = 25ms (default)
2021-09-05 02:15:18,996 [pool-366-thread-1] INFO  server.RaftServerConfigKeys (ConfUtils.java:logGet(44)) - raft.server.rpc.slowness.timeout = 300s (custom)
2021-09-05 02:15:18,996 [pool-366-thread-1] INFO  server.RaftServerConfigKeys (ConfUtils.java:logGet(44)) - raft.server.leaderelection.leader.step-down.wait-time = 10s (default)
2021-09-05 02:15:18,996 [pool-366-thread-1] INFO  server.RaftServerConfigKeys (ConfUtils.java:logGet(44)) - raft.server.sleep.deviation.threshold = 300ms (default)
2021-09-05 02:15:18,996 [pool-366-thread-1] INFO  server.RaftServerConfigKeys (ConfUtils.java:logGet(44)) - raft.server.log.appender.install.snapshot.enabled = false (custom)
2021-09-05 02:15:18,996 [pool-366-thread-1] INFO  server.RaftServer$Division (ServerState.java:<init>(105)) - a5a3b4f5-3484-4282-ab73-6a29d94875d9@group-0354EA568CCD: ConfigurationManager, init=-1: [a5a3b4f5-3484-4282-ab73-6a29d94875d9|rpc:10.1.0.22:46191|priority:1], old=null, confs=<EMPTY_MAP>
2021-09-05 02:15:18,996 [pool-366-thread-1] INFO  server.RaftServerConfigKeys (ConfUtils.java:logGet(44)) - raft.server.storage.dir = [/home/runner/work/ozone/ozone/hadoop-ozone/integration-test/target/test-dir/MiniOzoneClusterImpl-41f086ef-0a60-4f7c-b4a3-54cba879f76c/datanode-5/data/ratis] (custom)
2021-09-05 02:15:18,996 [pool-366-thread-1] INFO  server.RaftServerConfigKeys (ConfUtils.java:logGet(44)) - raft.server.log.corruption.policy = EXCEPTION (default)
2021-09-05 02:15:18,996 [pool-366-thread-1] INFO  server.RaftServerConfigKeys (ConfUtils.java:logGet(44)) - raft.server.storage.free-space.min = 0MB (=0) (default)
2021-09-05 02:15:18,996 [pool-366-thread-1] INFO  storage.RaftStorageDirectory (RaftStorageDirectoryImpl.java:analyzeStorage(135)) - The storage directory /home/runner/work/ozone/ozone/hadoop-ozone/integration-test/target/test-dir/MiniOzoneClusterImpl-41f086ef-0a60-4f7c-b4a3-54cba879f76c/datanode-5/data/ratis/086196e2-2f68-4b79-81c2-0354ea568ccd does not exist. Creating ...
2021-09-05 02:15:18,998 [pool-366-thread-1] INFO  storage.RaftStorageDirectory (RaftStorageDirectoryImpl.java:tryLock(230)) - Lock on /home/runner/work/ozone/ozone/hadoop-ozone/integration-test/target/test-dir/MiniOzoneClusterImpl-41f086ef-0a60-4f7c-b4a3-54cba879f76c/datanode-5/data/ratis/086196e2-2f68-4b79-81c2-0354ea568ccd/in_use.lock acquired by nodename 7276@fv-az151-757
2021-09-05 02:15:18,999 [pool-366-thread-1] INFO  storage.RaftStorage (RaftStorageImpl.java:format(89)) - Storage directory /home/runner/work/ozone/ozone/hadoop-ozone/integration-test/target/test-dir/MiniOzoneClusterImpl-41f086ef-0a60-4f7c-b4a3-54cba879f76c/datanode-5/data/ratis/086196e2-2f68-4b79-81c2-0354ea568ccd has been successfully formatted.
2021-09-05 02:15:19,000 [pool-366-thread-1] INFO  ratis.ContainerStateMachine (ContainerStateMachine.java:loadSnapshot(224)) - group-0354EA568CCD: The snapshot info is null. Setting the last applied indexto:(t:0, i:~)
2021-09-05 02:15:19,000 [pool-366-thread-1] INFO  server.RaftServerConfigKeys (ConfUtils.java:logGet(44)) - raft.server.notification.no-leader.timeout = 300s (custom)
2021-09-05 02:15:19,000 [EventQueue-PipelineReportForPipelineReportHandler] INFO  pipeline.PipelineManagerImpl (PipelineManagerImpl.java:openPipeline(282)) - Pipeline Pipeline[ Id: 086196e2-2f68-4b79-81c2-0354ea568ccd, Nodes: a5a3b4f5-3484-4282-ab73-6a29d94875d9{ip: 10.1.0.22, host: fv-az151-757.yf2hydr00wburbhx3j5hxtcipe.bx.internal.cloudapp.net, ports: [REPLICATION=46329, RATIS=46191, RATIS_ADMIN=46191, RATIS_SERVER=46191, STANDALONE=42209], networkLocation: /default-rack, certSerialId: null, persistedOpState: IN_SERVICE, persistedOpStateExpiryEpochSec: 0}, ReplicationConfig: RATIS/ONE, State:ALLOCATED, leaderId:a5a3b4f5-3484-4282-ab73-6a29d94875d9, CreationTimestamp2021-09-05T02:15:15.995Z[Etc/UTC]] moved to OPEN state
2021-09-05 02:15:19,001 [EventQueue-OpenPipelineForHealthyPipelineSafeModeRule] INFO  safemode.SCMSafeModeManager (HealthyPipelineSafeModeRule.java:process(124)) - SCM in safe mode. Healthy pipelines reported count is 0, required healthy pipeline reported count is 1
2021-09-05 02:15:19,001 [pool-366-thread-1] INFO  server.RaftServerConfigKeys (ConfUtils.java:logGet(44)) - raft.server.log.use.memory = false (default)
2021-09-05 02:15:19,002 [pool-366-thread-1] INFO  server.RaftServerConfigKeys (ConfUtils.java:logGet(44)) - raft.server.log.purge.gap = 1000000 (custom)
2021-09-05 02:15:19,002 [pool-366-thread-1] INFO  server.RaftServerConfigKeys (ConfUtils.java:logGet(44)) - raft.server.log.appender.buffer.byte-limit = 33554432 (custom)
2021-09-05 02:15:19,002 [pool-366-thread-1] INFO  server.RaftServerConfigKeys (ConfUtils.java:logGet(44)) - raft.server.log.segment.size.max = 1048576 (custom)
2021-09-05 02:15:19,003 [pool-366-thread-1] INFO  server.RaftServerConfigKeys (ConfUtils.java:logGet(44)) - raft.server.log.segment.cache.num.max = 2 (custom)
2021-09-05 02:15:19,003 [pool-366-thread-1] INFO  server.RaftServerConfigKeys (ConfUtils.java:logGet(44)) - raft.server.log.segment.cache.size.max = 200MB (=209715200) (default)
2021-09-05 02:15:19,003 [pool-366-thread-1] INFO  segmented.SegmentedRaftLogWorker (SegmentedRaftLogWorker.java:<init>(182)) - new a5a3b4f5-3484-4282-ab73-6a29d94875d9@group-0354EA568CCD-SegmentedRaftLogWorker for RaftStorageImpl:Storage Directory /home/runner/work/ozone/ozone/hadoop-ozone/integration-test/target/test-dir/MiniOzoneClusterImpl-41f086ef-0a60-4f7c-b4a3-54cba879f76c/datanode-5/data/ratis/086196e2-2f68-4b79-81c2-0354ea568ccd
2021-09-05 02:15:19,003 [pool-366-thread-1] INFO  server.RaftServerConfigKeys (ConfUtils.java:logGet(44)) - raft.server.log.queue.byte-limit = 2147483647 (custom)
2021-09-05 02:15:19,003 [pool-366-thread-1] INFO  server.RaftServerConfigKeys (ConfUtils.java:logGet(44)) - raft.server.log.queue.element-limit = 1024 (custom)
2021-09-05 02:15:19,003 [pool-366-thread-1] INFO  server.RaftServerConfigKeys (ConfUtils.java:logGet(44)) - raft.server.log.segment.size.max = 1048576 (custom)
2021-09-05 02:15:19,003 [pool-366-thread-1] INFO  server.RaftServerConfigKeys (ConfUtils.java:logGet(44)) - raft.server.log.preallocated.size = 16384 (custom)
2021-09-05 02:15:19,003 [pool-366-thread-1] INFO  server.RaftServerConfigKeys (ConfUtils.java:logGet(44)) - raft.server.log.force.sync.num = 128 (default)
2021-09-05 02:15:19,003 [pool-366-thread-1] INFO  server.RaftServerConfigKeys (ConfUtils.java:logGet(44)) - raft.server.log.statemachine.data.sync = true (default)
2021-09-05 02:15:19,003 [pool-366-thread-1] INFO  server.RaftServerConfigKeys (ConfUtils.java:logGet(44)) - raft.server.log.statemachine.data.sync.timeout = 10s (default)
2021-09-05 02:15:19,003 [pool-366-thread-1] INFO  server.RaftServerConfigKeys (ConfUtils.java:logGet(44)) - raft.server.log.statemachine.data.sync.timeout.retry = -1 (default)
2021-09-05 02:15:19,004 [pool-366-thread-1] INFO  server.RaftServerConfigKeys (ConfUtils.java:logGet(44)) - raft.server.log.write.buffer.size = 1048576 (custom)
2021-09-05 02:15:19,006 [pool-366-thread-1] INFO  server.RaftServerConfigKeys (ConfUtils.java:logGet(44)) - raft.server.log.statemachine.data.caching.enabled = true (custom)
2021-09-05 02:15:19,007 [pool-366-thread-1] INFO  segmented.SegmentedRaftLogWorker (SegmentedRaftLogWorker.java:lambda$new$0(133)) - a5a3b4f5-3484-4282-ab73-6a29d94875d9@group-0354EA568CCD-SegmentedRaftLogWorker: flushIndex: setUnconditionally 0 -> -1
2021-09-05 02:15:19,007 [pool-366-thread-1] INFO  segmented.SegmentedRaftLogWorker (SegmentedRaftLogWorker.java:lambda$new$0(133)) - a5a3b4f5-3484-4282-ab73-6a29d94875d9@group-0354EA568CCD-SegmentedRaftLogWorker: safeCacheEvictIndex: setUnconditionally 0 -> -1
2021-09-05 02:15:19,007 [pool-366-thread-1] INFO  server.RaftServerConfigKeys (ConfUtils.java:logGet(44)) - raft.server.snapshot.auto.trigger.enabled = true (custom)
2021-09-05 02:15:19,007 [pool-366-thread-1] INFO  server.RaftServerConfigKeys (ConfUtils.java:logGet(44)) - raft.server.snapshot.auto.trigger.threshold = 10000 (custom)
2021-09-05 02:15:19,007 [pool-366-thread-1] INFO  server.RaftServerConfigKeys (ConfUtils.java:logGet(44)) - raft.server.snapshot.retention.file.num = 5 (custom)
2021-09-05 02:15:19,007 [pool-366-thread-1] INFO  server.RaftServerConfigKeys (ConfUtils.java:logGet(44)) - raft.server.log.purge.upto.snapshot.index = false (default)
2021-09-05 02:15:19,007 [pool-366-thread-1] INFO  server.RaftServerConfigKeys (ConfUtils.java:logGet(44)) - raft.server.retrycache.expirytime = 600000ms (custom)
2021-09-05 02:15:19,007 [pool-366-thread-1] INFO  server.RaftServerConfigKeys (ConfUtils.java:logGet(44)) - raft.server.retrycache.statistics.expirytime = 100μs (default)
2021-09-05 02:15:19,008 [pool-366-thread-1] INFO  server.RaftServer$Division (RaftServerImpl.java:start(296)) - a5a3b4f5-3484-4282-ab73-6a29d94875d9@group-0354EA568CCD: start as a follower, conf=-1: [a5a3b4f5-3484-4282-ab73-6a29d94875d9|rpc:10.1.0.22:46191|priority:1], old=null
2021-09-05 02:15:19,009 [pool-366-thread-1] INFO  server.RaftServer$Division (RaftServerImpl.java:setRole(285)) - a5a3b4f5-3484-4282-ab73-6a29d94875d9@group-0354EA568CCD: changes role from      null to FOLLOWER at term 0 for startAsFollower
2021-09-05 02:15:19,009 [pool-366-thread-1] INFO  impl.RoleInfo (RoleInfo.java:updateAndGet(130)) - a5a3b4f5-3484-4282-ab73-6a29d94875d9: start a5a3b4f5-3484-4282-ab73-6a29d94875d9@group-0354EA568CCD-FollowerState
2021-09-05 02:15:19,009 [pool-366-thread-1] INFO  util.JmxRegister (JmxRegister.java:tryRegister(44)) - Successfully registered JMX Bean with object name Ratis:service=RaftServer,group=group-0354EA568CCD,id=a5a3b4f5-3484-4282-ab73-6a29d94875d9
2021-09-05 02:15:19,010 [Command processor thread] INFO  ratis.XceiverServerRatis (XceiverServerRatis.java:addGroup(763)) - Created group PipelineID=086196e2-2f68-4b79-81c2-0354ea568ccd
2021-09-05 02:15:19,010 [Command processor thread] INFO  commandhandler.CreatePipelineCommandHandler (CreatePipelineCommandHandler.java:handle(106)) - Created Pipeline RATIS ONE PipelineID=086196e2-2f68-4b79-81c2-0354ea568ccd.
2021-09-05 02:15:19,069 [DatanodeAdminManager-0] INFO  node.DatanodeAdminMonitorImpl (DatanodeAdminMonitorImpl.java:checkContainersReplicatedOnNode(306)) - c9529fe3-953b-4ef8-a4b7-44d7a8ee90ff{ip: 10.1.0.22, host: fv-az151-757.yf2hydr00wburbhx3j5hxtcipe.bx.internal.cloudapp.net, ports: [REPLICATION=36345, RATIS=36459, RATIS_ADMIN=36459, RATIS_SERVER=36459, STANDALONE=42439], networkLocation: /default-rack, certSerialId: null, persistedOpState: ENTERING_MAINTENANCE, persistedOpStateExpiryEpochSec: 0} has 3 sufficientlyReplicated, 0 underReplicated and 3 unhealthy containers
2021-09-05 02:15:19,069 [DatanodeAdminManager-0] INFO  node.DatanodeAdminMonitorImpl (DatanodeAdminMonitorImpl.java:run(137)) - There are 1 nodes tracked for decommission and maintenance. 0 pending nodes.
2021-09-05 02:15:19,299 [ReplicationMonitor] INFO  container.ReplicationManager (ReplicationManager.java:sendCloseCommand(1458)) - Sending close container command for container #2 to datanode c9529fe3-953b-4ef8-a4b7-44d7a8ee90ff{ip: 10.1.0.22, host: fv-az151-757.yf2hydr00wburbhx3j5hxtcipe.bx.internal.cloudapp.net, ports: [REPLICATION=36345, RATIS=36459, RATIS_ADMIN=36459, RATIS_SERVER=36459, STANDALONE=42439], networkLocation: /default-rack, certSerialId: null, persistedOpState: ENTERING_MAINTENANCE, persistedOpStateExpiryEpochSec: 0}.
2021-09-05 02:15:19,299 [ReplicationMonitor] INFO  container.ReplicationManager (ReplicationManager.java:sendCloseCommand(1458)) - Sending close container command for container #2 to datanode 107e36cc-fe8a-481c-a932-f36b6ede4996{ip: 10.1.0.22, host: fv-az151-757.yf2hydr00wburbhx3j5hxtcipe.bx.internal.cloudapp.net, ports: [REPLICATION=37671, RATIS=41403, RATIS_ADMIN=41403, RATIS_SERVER=41403, STANDALONE=42501], networkLocation: /default-rack, certSerialId: null, persistedOpState: IN_SERVICE, persistedOpStateExpiryEpochSec: 0}.
2021-09-05 02:15:19,299 [ReplicationMonitor] INFO  container.ReplicationManager (ReplicationManager.java:sendCloseCommand(1458)) - Sending close container command for container #2 to datanode 3bd9e3a9-14dd-46c0-953f-63403e4f7020{ip: 10.1.0.22, host: fv-az151-757.yf2hydr00wburbhx3j5hxtcipe.bx.internal.cloudapp.net, ports: [REPLICATION=46563, RATIS=45657, RATIS_ADMIN=45657, RATIS_SERVER=45657, STANDALONE=37931], networkLocation: /default-rack, certSerialId: null, persistedOpState: IN_SERVICE, persistedOpStateExpiryEpochSec: 0}.
2021-09-05 02:15:19,299 [ReplicationMonitor] INFO  container.ReplicationManager (ReplicationManager.java:sendCloseCommand(1458)) - Sending close container command for container #5 to datanode 3bd9e3a9-14dd-46c0-953f-63403e4f7020{ip: 10.1.0.22, host: fv-az151-757.yf2hydr00wburbhx3j5hxtcipe.bx.internal.cloudapp.net, ports: [REPLICATION=46563, RATIS=45657, RATIS_ADMIN=45657, RATIS_SERVER=45657, STANDALONE=37931], networkLocation: /default-rack, certSerialId: null, persistedOpState: IN_SERVICE, persistedOpStateExpiryEpochSec: 0}.
2021-09-05 02:15:19,299 [ReplicationMonitor] INFO  container.ReplicationManager (ReplicationManager.java:sendCloseCommand(1458)) - Sending close container command for container #5 to datanode 107e36cc-fe8a-481c-a932-f36b6ede4996{ip: 10.1.0.22, host: fv-az151-757.yf2hydr00wburbhx3j5hxtcipe.bx.internal.cloudapp.net, ports: [REPLICATION=37671, RATIS=41403, RATIS_ADMIN=41403, RATIS_SERVER=41403, STANDALONE=42501], networkLocation: /default-rack, certSerialId: null, persistedOpState: IN_SERVICE, persistedOpStateExpiryEpochSec: 0}.
2021-09-05 02:15:19,299 [ReplicationMonitor] INFO  container.ReplicationManager (ReplicationManager.java:sendCloseCommand(1458)) - Sending close container command for container #5 to datanode c9529fe3-953b-4ef8-a4b7-44d7a8ee90ff{ip: 10.1.0.22, host: fv-az151-757.yf2hydr00wburbhx3j5hxtcipe.bx.internal.cloudapp.net, ports: [REPLICATION=36345, RATIS=36459, RATIS_ADMIN=36459, RATIS_SERVER=36459, STANDALONE=42439], networkLocation: /default-rack, certSerialId: null, persistedOpState: ENTERING_MAINTENANCE, persistedOpStateExpiryEpochSec: 0}.
2021-09-05 02:15:19,299 [ReplicationMonitor] INFO  container.ReplicationManager (ReplicationManager.java:sendCloseCommand(1458)) - Sending close container command for container #6 to datanode 3bd9e3a9-14dd-46c0-953f-63403e4f7020{ip: 10.1.0.22, host: fv-az151-757.yf2hydr00wburbhx3j5hxtcipe.bx.internal.cloudapp.net, ports: [REPLICATION=46563, RATIS=45657, RATIS_ADMIN=45657, RATIS_SERVER=45657, STANDALONE=37931], networkLocation: /default-rack, certSerialId: null, persistedOpState: IN_SERVICE, persistedOpStateExpiryEpochSec: 0}.
2021-09-05 02:15:19,299 [ReplicationMonitor] INFO  container.ReplicationManager (ReplicationManager.java:sendCloseCommand(1458)) - Sending close container command for container #6 to datanode 107e36cc-fe8a-481c-a932-f36b6ede4996{ip: 10.1.0.22, host: fv-az151-757.yf2hydr00wburbhx3j5hxtcipe.bx.internal.cloudapp.net, ports: [REPLICATION=37671, RATIS=41403, RATIS_ADMIN=41403, RATIS_SERVER=41403, STANDALONE=42501], networkLocation: /default-rack, certSerialId: null, persistedOpState: IN_SERVICE, persistedOpStateExpiryEpochSec: 0}.
2021-09-05 02:15:19,300 [ReplicationMonitor] INFO  container.ReplicationManager (ReplicationManager.java:sendCloseCommand(1458)) - Sending close container command for container #6 to datanode c9529fe3-953b-4ef8-a4b7-44d7a8ee90ff{ip: 10.1.0.22, host: fv-az151-757.yf2hydr00wburbhx3j5hxtcipe.bx.internal.cloudapp.net, ports: [REPLICATION=36345, RATIS=36459, RATIS_ADMIN=36459, RATIS_SERVER=36459, STANDALONE=42439], networkLocation: /default-rack, certSerialId: null, persistedOpState: ENTERING_MAINTENANCE, persistedOpStateExpiryEpochSec: 0}.
2021-09-05 02:15:19,300 [ReplicationMonitor] INFO  container.ReplicationManager (ReplicationManager.java:processAll(359)) - Replication Monitor Thread took 2 milliseconds for processing 6 containers.
2021-09-05 02:15:19,303 [Listener at 127.0.0.1/38669] INFO  ozone.MiniOzoneClusterImpl (MiniOzoneClusterImpl.java:lambda$waitForClusterToBeReady$0(235)) - Nodes are ready. Got 6 of 6 DN Heartbeats.
2021-09-05 02:15:19,303 [Listener at 127.0.0.1/38669] INFO  ozone.MiniOzoneClusterImpl (MiniOzoneClusterImpl.java:lambda$waitForClusterToBeReady$0(238)) - Waiting for cluster to exit safe mode
2021-09-05 02:15:19,303 [Listener at 127.0.0.1/38669] INFO  ozone.MiniOzoneClusterImpl (MiniOzoneClusterImpl.java:lambda$waitForClusterToBeReady$0(240)) - SCM became leader
2021-09-05 02:15:19,454 [EventQueue-OpenPipelineForHealthyPipelineSafeModeRule] INFO  safemode.SCMSafeModeManager (HealthyPipelineSafeModeRule.java:process(124)) - SCM in safe mode. Healthy pipelines reported count is 0, required healthy pipeline reported count is 1
2021-09-05 02:15:19,544 [ReplicationMonitor] INFO  container.ReplicationManager (ReplicationManager.java:processAll(359)) - Replication Monitor Thread took 0 milliseconds for processing 0 containers.
2021-09-05 02:15:19,855 [EventQueue-OpenPipelineForHealthyPipelineSafeModeRule] INFO  safemode.SCMSafeModeManager (HealthyPipelineSafeModeRule.java:process(124)) - SCM in safe mode. Healthy pipelines reported count is 0, required healthy pipeline reported count is 1
2021-09-05 02:15:19,972 [EventQueue-PipelineReportForPipelineReportHandler] INFO  pipeline.PipelineReportHandler (PipelineReportHandler.java:processPipelineReport(113)) - Reported pipeline PipelineID=ea622501-719d-487d-8d87-6a133f983057 is not found
2021-09-05 02:15:19,982 [Command processor thread] INFO  server.RaftServer (RaftServerProxy.java:remove(106)) - 107e36cc-fe8a-481c-a932-f36b6ede4996: remove  FOLLOWER 107e36cc-fe8a-481c-a932-f36b6ede4996@group-6A133F983057:t3, leader=c9529fe3-953b-4ef8-a4b7-44d7a8ee90ff, voted=c9529fe3-953b-4ef8-a4b7-44d7a8ee90ff, raftlog=107e36cc-fe8a-481c-a932-f36b6ede4996@group-6A133F983057-SegmentedRaftLog:OPENED:c10,f10,i10, conf=0: [107e36cc-fe8a-481c-a932-f36b6ede4996|rpc:10.1.0.22:41403|dataStream:|priority:0, c9529fe3-953b-4ef8-a4b7-44d7a8ee90ff|rpc:10.1.0.22:36459|dataStream:|priority:1, 3bd9e3a9-14dd-46c0-953f-63403e4f7020|rpc:10.1.0.22:45657|dataStream:|priority:0], old=null RUNNING
2021-09-05 02:15:19,982 [Command processor thread] INFO  server.RaftServer (RaftServerProxy.java:remove(106)) - c9529fe3-953b-4ef8-a4b7-44d7a8ee90ff: remove    LEADER c9529fe3-953b-4ef8-a4b7-44d7a8ee90ff@group-476F2DA03959:t1, leader=c9529fe3-953b-4ef8-a4b7-44d7a8ee90ff, voted=c9529fe3-953b-4ef8-a4b7-44d7a8ee90ff, raftlog=c9529fe3-953b-4ef8-a4b7-44d7a8ee90ff@group-476F2DA03959-SegmentedRaftLog:OPENED:c0,f0,i0, conf=0: [c9529fe3-953b-4ef8-a4b7-44d7a8ee90ff|rpc:10.1.0.22:36459|dataStream:|priority:1], old=null RUNNING
2021-09-05 02:15:19,984 [Command processor thread] INFO  server.RaftServer$Division (RaftServerImpl.java:lambda$close$4(407)) - 107e36cc-fe8a-481c-a932-f36b6ede4996@group-6A133F983057: shutdown
2021-09-05 02:15:19,984 [Command processor thread] INFO  util.JmxRegister (JmxRegister.java:unregister(73)) - Successfully un-registered JMX Bean with object name Ratis:service=RaftServer,group=group-6A133F983057,id=107e36cc-fe8a-481c-a932-f36b6ede4996
2021-09-05 02:15:19,984 [Command processor thread] INFO  impl.RoleInfo (RoleInfo.java:shutdownFollowerState(108)) - 107e36cc-fe8a-481c-a932-f36b6ede4996: shutdown 107e36cc-fe8a-481c-a932-f36b6ede4996@group-6A133F983057-FollowerState
2021-09-05 02:15:19,984 [Command processor thread] INFO  impl.StateMachineUpdater (StateMachineUpdater.java:stopAndJoin(149)) - 107e36cc-fe8a-481c-a932-f36b6ede4996@group-6A133F983057-StateMachineUpdater: set stopIndex = 10
2021-09-05 02:15:19,984 [107e36cc-fe8a-481c-a932-f36b6ede4996@group-6A133F983057-FollowerState] INFO  impl.FollowerState (FollowerState.java:run(143)) - 107e36cc-fe8a-481c-a932-f36b6ede4996@group-6A133F983057-FollowerState was interrupted: {}
java.lang.InterruptedException: sleep interrupted
	at java.lang.Thread.sleep(Native Method)
	at java.lang.Thread.sleep(Thread.java:340)
	at java.util.concurrent.TimeUnit.sleep(TimeUnit.java:386)
	at org.apache.ratis.util.TimeDuration.sleep(TimeDuration.java:324)
	at org.apache.ratis.util.TimeDuration.sleep(TimeDuration.java:309)
	at org.apache.ratis.server.impl.FollowerState.run(FollowerState.java:118)
2021-09-05 02:15:19,987 [Command processor thread] INFO  server.RaftServer$Division (RaftServerImpl.java:lambda$close$4(407)) - c9529fe3-953b-4ef8-a4b7-44d7a8ee90ff@group-476F2DA03959: shutdown
2021-09-05 02:15:19,987 [Command processor thread] INFO  util.JmxRegister (JmxRegister.java:unregister(73)) - Successfully un-registered JMX Bean with object name Ratis:service=RaftServer,group=group-476F2DA03959,id=c9529fe3-953b-4ef8-a4b7-44d7a8ee90ff
2021-09-05 02:15:19,987 [Command processor thread] INFO  impl.RoleInfo (RoleInfo.java:shutdownLeaderState(91)) - c9529fe3-953b-4ef8-a4b7-44d7a8ee90ff: shutdown c9529fe3-953b-4ef8-a4b7-44d7a8ee90ff@group-476F2DA03959-LeaderStateImpl
2021-09-05 02:15:19,987 [EventQueue-PipelineReportForPipelineReportHandler] INFO  pipeline.PipelineReportHandler (PipelineReportHandler.java:processPipelineReport(113)) - Reported pipeline PipelineID=c21f3f7a-10c0-4934-8ac6-476f2da03959 is not found
2021-09-05 02:15:19,987 [EventQueue-PipelineReportForPipelineReportHandler] INFO  pipeline.PipelineReportHandler (PipelineReportHandler.java:processPipelineReport(113)) - Reported pipeline PipelineID=ea622501-719d-487d-8d87-6a133f983057 is not found
2021-09-05 02:15:19,987 [Command processor thread] INFO  impl.PendingRequests (PendingRequests.java:sendNotLeaderResponses(282)) - c9529fe3-953b-4ef8-a4b7-44d7a8ee90ff@group-476F2DA03959-PendingRequests: sendNotLeaderResponses
2021-09-05 02:15:19,989 [c9529fe3-953b-4ef8-a4b7-44d7a8ee90ff@group-476F2DA03959-StateMachineUpdater] INFO  ratis.ContainerStateMachine (ContainerStateMachine.java:takeSnapshot(292)) - group-476F2DA03959: Taking a snapshot at:(t:1, i:0) file /home/runner/work/ozone/ozone/hadoop-ozone/integration-test/target/test-dir/MiniOzoneClusterImpl-b9dfe4fd-d142-4c87-b19c-e6304396dee2/datanode-4/data/ratis/c21f3f7a-10c0-4934-8ac6-476f2da03959/sm/snapshot.1_0
2021-09-05 02:15:19,989 [107e36cc-fe8a-481c-a932-f36b6ede4996@group-6A133F983057-StateMachineUpdater] INFO  ratis.ContainerStateMachine (ContainerStateMachine.java:takeSnapshot(292)) - group-6A133F983057: Taking a snapshot at:(t:3, i:10) file /home/runner/work/ozone/ozone/hadoop-ozone/integration-test/target/test-dir/MiniOzoneClusterImpl-b9dfe4fd-d142-4c87-b19c-e6304396dee2/datanode-3/data/ratis/ea622501-719d-487d-8d87-6a133f983057/sm/snapshot.3_10
2021-09-05 02:15:19,989 [Command processor thread] INFO  impl.StateMachineUpdater (StateMachineUpdater.java:stopAndJoin(149)) - c9529fe3-953b-4ef8-a4b7-44d7a8ee90ff@group-476F2DA03959-StateMachineUpdater: set stopIndex = 0
2021-09-05 02:15:20,000 [EventQueue-OpenPipelineForHealthyPipelineSafeModeRule] INFO  safemode.SCMSafeModeManager (HealthyPipelineSafeModeRule.java:process(124)) - SCM in safe mode. Healthy pipelines reported count is 0, required healthy pipeline reported count is 1
2021-09-05 02:15:20,018 [c9529fe3-953b-4ef8-a4b7-44d7a8ee90ff@group-476F2DA03959-StateMachineUpdater] INFO  ratis.ContainerStateMachine (ContainerStateMachine.java:takeSnapshot(303)) - group-476F2DA03959: Finished taking a snapshot at:(t:1, i:0) file:/home/runner/work/ozone/ozone/hadoop-ozone/integration-test/target/test-dir/MiniOzoneClusterImpl-b9dfe4fd-d142-4c87-b19c-e6304396dee2/datanode-4/data/ratis/c21f3f7a-10c0-4934-8ac6-476f2da03959/sm/snapshot.1_0 took: 29 ms
2021-09-05 02:15:20,019 [c9529fe3-953b-4ef8-a4b7-44d7a8ee90ff@group-476F2DA03959-StateMachineUpdater] INFO  impl.StateMachineUpdater (StateMachineUpdater.java:takeSnapshot(281)) - c9529fe3-953b-4ef8-a4b7-44d7a8ee90ff@group-476F2DA03959-StateMachineUpdater: Took a snapshot at index 0
2021-09-05 02:15:20,019 [c9529fe3-953b-4ef8-a4b7-44d7a8ee90ff@group-476F2DA03959-StateMachineUpdater] INFO  impl.StateMachineUpdater (StateMachineUpdater.java:lambda$new$0(89)) - c9529fe3-953b-4ef8-a4b7-44d7a8ee90ff@group-476F2DA03959-StateMachineUpdater: snapshotIndex: updateIncreasingly -1 -> 0
2021-09-05 02:15:20,022 [107e36cc-fe8a-481c-a932-f36b6ede4996@group-6A133F983057-StateMachineUpdater] INFO  ratis.ContainerStateMachine (ContainerStateMachine.java:takeSnapshot(303)) - group-6A133F983057: Finished taking a snapshot at:(t:3, i:10) file:/home/runner/work/ozone/ozone/hadoop-ozone/integration-test/target/test-dir/MiniOzoneClusterImpl-b9dfe4fd-d142-4c87-b19c-e6304396dee2/datanode-3/data/ratis/ea622501-719d-487d-8d87-6a133f983057/sm/snapshot.3_10 took: 33 ms
2021-09-05 02:15:20,022 [107e36cc-fe8a-481c-a932-f36b6ede4996@group-6A133F983057-StateMachineUpdater] INFO  impl.StateMachineUpdater (StateMachineUpdater.java:takeSnapshot(281)) - 107e36cc-fe8a-481c-a932-f36b6ede4996@group-6A133F983057-StateMachineUpdater: Took a snapshot at index 10
2021-09-05 02:15:20,022 [107e36cc-fe8a-481c-a932-f36b6ede4996@group-6A133F983057-StateMachineUpdater] INFO  impl.StateMachineUpdater (StateMachineUpdater.java:lambda$new$0(89)) - 107e36cc-fe8a-481c-a932-f36b6ede4996@group-6A133F983057-StateMachineUpdater: snapshotIndex: updateIncreasingly -1 -> 10
2021-09-05 02:15:20,025 [Command processor thread] INFO  server.RaftServer$Division (ServerState.java:close(419)) - c9529fe3-953b-4ef8-a4b7-44d7a8ee90ff@group-476F2DA03959: closes. applyIndex: 0
2021-09-05 02:15:20,026 [c9529fe3-953b-4ef8-a4b7-44d7a8ee90ff@group-476F2DA03959-SegmentedRaftLogWorker] INFO  segmented.SegmentedRaftLogWorker (SegmentedRaftLogWorker.java:run(327)) - c9529fe3-953b-4ef8-a4b7-44d7a8ee90ff@group-476F2DA03959-SegmentedRaftLogWorker was interrupted, exiting. There are 0 tasks remaining in the queue.
2021-09-05 02:15:20,026 [Command processor thread] INFO  server.RaftServer$Division (ServerState.java:close(419)) - 107e36cc-fe8a-481c-a932-f36b6ede4996@group-6A133F983057: closes. applyIndex: 10
2021-09-05 02:15:20,026 [107e36cc-fe8a-481c-a932-f36b6ede4996@group-6A133F983057-SegmentedRaftLogWorker] INFO  segmented.SegmentedRaftLogWorker (SegmentedRaftLogWorker.java:run(327)) - 107e36cc-fe8a-481c-a932-f36b6ede4996@group-6A133F983057-SegmentedRaftLogWorker was interrupted, exiting. There are 0 tasks remaining in the queue.
2021-09-05 02:15:20,027 [Command processor thread] INFO  segmented.SegmentedRaftLogWorker (SegmentedRaftLogWorker.java:close(237)) - 107e36cc-fe8a-481c-a932-f36b6ede4996@group-6A133F983057-SegmentedRaftLogWorker close()
2021-09-05 02:15:20,028 [Command processor thread] INFO  segmented.SegmentedRaftLogWorker (SegmentedRaftLogWorker.java:close(237)) - c9529fe3-953b-4ef8-a4b7-44d7a8ee90ff@group-476F2DA03959-SegmentedRaftLogWorker close()
2021-09-05 02:15:20,033 [Command processor thread] INFO  server.RaftServer$Division (RaftServerImpl.java:groupRemove(377)) - c9529fe3-953b-4ef8-a4b7-44d7a8ee90ff@group-476F2DA03959: Succeed to remove RaftStorageDirectory Storage Directory /home/runner/work/ozone/ozone/hadoop-ozone/integration-test/target/test-dir/MiniOzoneClusterImpl-b9dfe4fd-d142-4c87-b19c-e6304396dee2/datanode-4/data/ratis/c21f3f7a-10c0-4934-8ac6-476f2da03959
2021-09-05 02:15:20,033 [Command processor thread] INFO  commandhandler.ClosePipelineCommandHandler (ClosePipelineCommandHandler.java:handle(75)) - Close Pipeline PipelineID=c21f3f7a-10c0-4934-8ac6-476f2da03959 command on datanode c9529fe3-953b-4ef8-a4b7-44d7a8ee90ff.
2021-09-05 02:15:20,033 [Command processor thread] INFO  server.RaftServer (RaftServerProxy.java:remove(106)) - c9529fe3-953b-4ef8-a4b7-44d7a8ee90ff: remove    LEADER c9529fe3-953b-4ef8-a4b7-44d7a8ee90ff@group-6A133F983057:t3, leader=c9529fe3-953b-4ef8-a4b7-44d7a8ee90ff, voted=c9529fe3-953b-4ef8-a4b7-44d7a8ee90ff, raftlog=c9529fe3-953b-4ef8-a4b7-44d7a8ee90ff@group-6A133F983057-SegmentedRaftLog:OPENED:c10,f10,i10, conf=0: [107e36cc-fe8a-481c-a932-f36b6ede4996|rpc:10.1.0.22:41403|dataStream:|priority:0, c9529fe3-953b-4ef8-a4b7-44d7a8ee90ff|rpc:10.1.0.22:36459|dataStream:|priority:1, 3bd9e3a9-14dd-46c0-953f-63403e4f7020|rpc:10.1.0.22:45657|dataStream:|priority:0], old=null RUNNING
2021-09-05 02:15:20,034 [Command processor thread] INFO  server.RaftServer$Division (RaftServerImpl.java:lambda$close$4(407)) - c9529fe3-953b-4ef8-a4b7-44d7a8ee90ff@group-6A133F983057: shutdown
2021-09-05 02:15:20,034 [Datanode State Machine Thread - 0] WARN  statemachine.StateContext (StateContext.java:execute(621)) - No available thread in pool for past 1 seconds.
2021-09-05 02:15:20,036 [Command processor thread] INFO  util.JmxRegister (JmxRegister.java:unregister(73)) - Successfully un-registered JMX Bean with object name Ratis:service=RaftServer,group=group-6A133F983057,id=c9529fe3-953b-4ef8-a4b7-44d7a8ee90ff
2021-09-05 02:15:20,036 [Command processor thread] INFO  impl.RoleInfo (RoleInfo.java:shutdownLeaderState(91)) - c9529fe3-953b-4ef8-a4b7-44d7a8ee90ff: shutdown c9529fe3-953b-4ef8-a4b7-44d7a8ee90ff@group-6A133F983057-LeaderStateImpl
2021-09-05 02:15:20,037 [Command processor thread] INFO  keyvalue.KeyValueContainer (KeyValueContainer.java:flushAndSyncDB(397)) - Container 2 is synced with bcsId 2.
2021-09-05 02:15:20,037 [c9529fe3-953b-4ef8-a4b7-44d7a8ee90ff@group-6A133F983057->107e36cc-fe8a-481c-a932-f36b6ede4996-GrpcLogAppender-LogAppenderDaemon] WARN  server.GrpcLogAppender (GrpcLogAppender.java:mayWait(175)) - c9529fe3-953b-4ef8-a4b7-44d7a8ee90ff@group-6A133F983057->107e36cc-fe8a-481c-a932-f36b6ede4996-GrpcLogAppender: Wait interrupted by java.lang.InterruptedException
2021-09-05 02:15:20,037 [Command processor thread] INFO  keyvalue.KeyValueContainer (KeyValueContainer.java:flushAndSyncDB(397)) - Container 2 is synced with bcsId 2.
2021-09-05 02:15:20,038 [Command processor thread] INFO  impl.PendingRequests (PendingRequests.java:sendNotLeaderResponses(282)) - c9529fe3-953b-4ef8-a4b7-44d7a8ee90ff@group-6A133F983057-PendingRequests: sendNotLeaderResponses
2021-09-05 02:15:20,039 [grpc-default-executor-0] INFO  server.GrpcServerProtocolService (GrpcServerProtocolService.java:onCompleted(140)) - 107e36cc-fe8a-481c-a932-f36b6ede4996: Completed APPEND_ENTRIES, lastRequest: c9529fe3-953b-4ef8-a4b7-44d7a8ee90ff->107e36cc-fe8a-481c-a932-f36b6ede4996#309-t3,previous=(t:3, i:9),leaderCommit=9,initializing? true,entries: size=1, first=(t:3, i:10), METADATAENTRY(c:9)
2021-09-05 02:15:20,039 [Datanode State Machine Thread - 0] WARN  statemachine.StateContext (StateContext.java:execute(621)) - No available thread in pool for past 1 seconds.
2021-09-05 02:15:20,040 [EventQueue-IncrementalContainerReportForIncrementalContainerReportHandler] INFO  container.IncrementalContainerReportHandler (AbstractContainerReportHandler.java:updateContainerState(216)) - Moving container #2 to QUASI_CLOSED state, datanode 107e36cc-fe8a-481c-a932-f36b6ede4996{ip: 10.1.0.22, host: fv-az151-757.yf2hydr00wburbhx3j5hxtcipe.bx.internal.cloudapp.net, ports: [REPLICATION=37671, RATIS=41403, RATIS_ADMIN=41403, RATIS_SERVER=41403, STANDALONE=42501], networkLocation: /default-rack, certSerialId: null, persistedOpState: IN_SERVICE, persistedOpStateExpiryEpochSec: 0} reported QUASI_CLOSED replica.
2021-09-05 02:15:20,038 [c9529fe3-953b-4ef8-a4b7-44d7a8ee90ff@group-6A133F983057->3bd9e3a9-14dd-46c0-953f-63403e4f7020-GrpcLogAppender-LogAppenderDaemon] WARN  server.GrpcLogAppender (GrpcLogAppender.java:mayWait(175)) - c9529fe3-953b-4ef8-a4b7-44d7a8ee90ff@group-6A133F983057->3bd9e3a9-14dd-46c0-953f-63403e4f7020-GrpcLogAppender: Wait interrupted by java.lang.InterruptedException
2021-09-05 02:15:20,040 [grpc-default-executor-1] INFO  server.GrpcLogAppender (GrpcLogAppender.java:onCompleted(344)) - c9529fe3-953b-4ef8-a4b7-44d7a8ee90ff@group-6A133F983057->107e36cc-fe8a-481c-a932-f36b6ede4996-AppendLogResponseHandler: follower responses appendEntries COMPLETED
2021-09-05 02:15:20,046 [grpc-default-executor-1] INFO  leader.FollowerInfo (FollowerInfoImpl.java:lambda$new$0(46)) - c9529fe3-953b-4ef8-a4b7-44d7a8ee90ff@group-6A133F983057->107e36cc-fe8a-481c-a932-f36b6ede4996: nextIndex: updateUnconditionally 11 -> 10
2021-09-05 02:15:20,042 [grpc-default-executor-3] INFO  server.GrpcServerProtocolService (GrpcServerProtocolService.java:onCompleted(140)) - 3bd9e3a9-14dd-46c0-953f-63403e4f7020: Completed APPEND_ENTRIES, lastRequest: c9529fe3-953b-4ef8-a4b7-44d7a8ee90ff->3bd9e3a9-14dd-46c0-953f-63403e4f7020#301-t3,previous=(t:3, i:9),leaderCommit=9,initializing? true,entries: size=1, first=(t:3, i:10), METADATAENTRY(c:9)
2021-09-05 02:15:20,046 [Datanode State Machine Thread - 0] WARN  statemachine.StateContext (StateContext.java:execute(621)) - No available thread in pool for past 1 seconds.
2021-09-05 02:15:20,047 [grpc-default-executor-3] INFO  server.GrpcLogAppender (GrpcLogAppender.java:onCompleted(344)) - c9529fe3-953b-4ef8-a4b7-44d7a8ee90ff@group-6A133F983057->3bd9e3a9-14dd-46c0-953f-63403e4f7020-AppendLogResponseHandler: follower responses appendEntries COMPLETED
2021-09-05 02:15:20,048 [grpc-default-executor-3] INFO  leader.FollowerInfo (FollowerInfoImpl.java:lambda$new$0(46)) - c9529fe3-953b-4ef8-a4b7-44d7a8ee90ff@group-6A133F983057->3bd9e3a9-14dd-46c0-953f-63403e4f7020: nextIndex: updateUnconditionally 11 -> 10
2021-09-05 02:15:20,053 [c9529fe3-953b-4ef8-a4b7-44d7a8ee90ff@group-6A133F983057-StateMachineUpdater] INFO  ratis.ContainerStateMachine (ContainerStateMachine.java:takeSnapshot(292)) - group-6A133F983057: Taking a snapshot at:(t:3, i:10) file /home/runner/work/ozone/ozone/hadoop-ozone/integration-test/target/test-dir/MiniOzoneClusterImpl-b9dfe4fd-d142-4c87-b19c-e6304396dee2/datanode-4/data/ratis/ea622501-719d-487d-8d87-6a133f983057/sm/snapshot.3_10
2021-09-05 02:15:20,053 [Command processor thread] INFO  impl.StateMachineUpdater (StateMachineUpdater.java:stopAndJoin(149)) - c9529fe3-953b-4ef8-a4b7-44d7a8ee90ff@group-6A133F983057-StateMachineUpdater: set stopIndex = 10
2021-09-05 02:15:20,054 [c9529fe3-953b-4ef8-a4b7-44d7a8ee90ff@group-6A133F983057-StateMachineUpdater] INFO  ratis.ContainerStateMachine (ContainerStateMachine.java:takeSnapshot(303)) - group-6A133F983057: Finished taking a snapshot at:(t:3, i:10) file:/home/runner/work/ozone/ozone/hadoop-ozone/integration-test/target/test-dir/MiniOzoneClusterImpl-b9dfe4fd-d142-4c87-b19c-e6304396dee2/datanode-4/data/ratis/ea622501-719d-487d-8d87-6a133f983057/sm/snapshot.3_10 took: 1 ms
2021-09-05 02:15:20,054 [Command processor thread] INFO  keyvalue.KeyValueContainer (KeyValueContainer.java:flushAndSyncDB(397)) - Container 5 is synced with bcsId 6.
2021-09-05 02:15:20,054 [c9529fe3-953b-4ef8-a4b7-44d7a8ee90ff@group-6A133F983057-StateMachineUpdater] INFO  impl.StateMachineUpdater (StateMachineUpdater.java:takeSnapshot(281)) - c9529fe3-953b-4ef8-a4b7-44d7a8ee90ff@group-6A133F983057-StateMachineUpdater: Took a snapshot at index 10
2021-09-05 02:15:20,055 [c9529fe3-953b-4ef8-a4b7-44d7a8ee90ff@group-6A133F983057-StateMachineUpdater] INFO  impl.StateMachineUpdater (StateMachineUpdater.java:lambda$new$0(89)) - c9529fe3-953b-4ef8-a4b7-44d7a8ee90ff@group-6A133F983057-StateMachineUpdater: snapshotIndex: updateIncreasingly -1 -> 10
2021-09-05 02:15:20,055 [Command processor thread] INFO  keyvalue.KeyValueContainer (KeyValueContainer.java:flushAndSyncDB(397)) - Container 5 is synced with bcsId 6.
2021-09-05 02:15:20,057 [Command processor thread] INFO  server.RaftServer$Division (ServerState.java:close(419)) - c9529fe3-953b-4ef8-a4b7-44d7a8ee90ff@group-6A133F983057: closes. applyIndex: 10
2021-09-05 02:15:20,057 [c9529fe3-953b-4ef8-a4b7-44d7a8ee90ff@group-6A133F983057-SegmentedRaftLogWorker] INFO  segmented.SegmentedRaftLogWorker (SegmentedRaftLogWorker.java:run(327)) - c9529fe3-953b-4ef8-a4b7-44d7a8ee90ff@group-6A133F983057-SegmentedRaftLogWorker was interrupted, exiting. There are 0 tasks remaining in the queue.
2021-09-05 02:15:20,057 [Command processor thread] INFO  segmented.SegmentedRaftLogWorker (SegmentedRaftLogWorker.java:close(237)) - c9529fe3-953b-4ef8-a4b7-44d7a8ee90ff@group-6A133F983057-SegmentedRaftLogWorker close()
2021-09-05 02:15:20,058 [Datanode State Machine Thread - 0] WARN  statemachine.StateContext (StateContext.java:execute(621)) - No available thread in pool for past 1 seconds.
2021-09-05 02:15:20,059 [EventQueue-IncrementalContainerReportForIncrementalContainerReportHandler] INFO  container.IncrementalContainerReportHandler (AbstractContainerReportHandler.java:updateContainerState(216)) - Moving container #5 to QUASI_CLOSED state, datanode 107e36cc-fe8a-481c-a932-f36b6ede4996{ip: 10.1.0.22, host: fv-az151-757.yf2hydr00wburbhx3j5hxtcipe.bx.internal.cloudapp.net, ports: [REPLICATION=37671, RATIS=41403, RATIS_ADMIN=41403, RATIS_SERVER=41403, STANDALONE=42501], networkLocation: /default-rack, certSerialId: null, persistedOpState: IN_SERVICE, persistedOpStateExpiryEpochSec: 0} reported QUASI_CLOSED replica.
2021-09-05 02:15:20,061 [Datanode State Machine Thread - 0] WARN  statemachine.StateContext (StateContext.java:execute(621)) - No available thread in pool for past 1 seconds.
2021-09-05 02:15:20,064 [Command processor thread] INFO  keyvalue.KeyValueContainer (KeyValueContainer.java:flushAndSyncDB(397)) - Container 6 is synced with bcsId 9.
2021-09-05 02:15:20,064 [Command processor thread] INFO  keyvalue.KeyValueContainer (KeyValueContainer.java:flushAndSyncDB(397)) - Container 6 is synced with bcsId 9.
2021-09-05 02:15:20,066 [Command processor thread] INFO  keyvalue.KeyValueContainer (KeyValueContainer.java:flushAndSyncDB(397)) - Container 2 is synced with bcsId 2.
2021-09-05 02:15:20,074 [Command processor thread] INFO  keyvalue.KeyValueContainer (KeyValueContainer.java:flushAndSyncDB(397)) - Container 2 is synced with bcsId 2.
2021-09-05 02:15:20,077 [Datanode State Machine Thread - 0] WARN  statemachine.StateContext (StateContext.java:execute(621)) - No available thread in pool for past 1 seconds.
2021-09-05 02:15:20,077 [Command processor thread] INFO  server.RaftServer$Division (RaftServerImpl.java:groupRemove(377)) - 107e36cc-fe8a-481c-a932-f36b6ede4996@group-6A133F983057: Succeed to remove RaftStorageDirectory Storage Directory /home/runner/work/ozone/ozone/hadoop-ozone/integration-test/target/test-dir/MiniOzoneClusterImpl-b9dfe4fd-d142-4c87-b19c-e6304396dee2/datanode-3/data/ratis/ea622501-719d-487d-8d87-6a133f983057
2021-09-05 02:15:20,078 [EventQueue-IncrementalContainerReportForIncrementalContainerReportHandler] INFO  container.IncrementalContainerReportHandler (AbstractContainerReportHandler.java:updateContainerState(216)) - Moving container #6 to QUASI_CLOSED state, datanode 107e36cc-fe8a-481c-a932-f36b6ede4996{ip: 10.1.0.22, host: fv-az151-757.yf2hydr00wburbhx3j5hxtcipe.bx.internal.cloudapp.net, ports: [REPLICATION=37671, RATIS=41403, RATIS_ADMIN=41403, RATIS_SERVER=41403, STANDALONE=42501], networkLocation: /default-rack, certSerialId: null, persistedOpState: IN_SERVICE, persistedOpStateExpiryEpochSec: 0} reported QUASI_CLOSED replica.
2021-09-05 02:15:20,079 [DatanodeAdminManager-0] INFO  node.DatanodeAdminMonitorImpl (DatanodeAdminMonitorImpl.java:checkContainersReplicatedOnNode(306)) - c9529fe3-953b-4ef8-a4b7-44d7a8ee90ff{ip: 10.1.0.22, host: fv-az151-757.yf2hydr00wburbhx3j5hxtcipe.bx.internal.cloudapp.net, ports: [REPLICATION=36345, RATIS=36459, RATIS_ADMIN=36459, RATIS_SERVER=36459, STANDALONE=42439], networkLocation: /default-rack, certSerialId: null, persistedOpState: ENTERING_MAINTENANCE, persistedOpStateExpiryEpochSec: 0} has 3 sufficientlyReplicated, 0 underReplicated and 3 unhealthy containers
2021-09-05 02:15:20,079 [DatanodeAdminManager-0] INFO  node.DatanodeAdminMonitorImpl (DatanodeAdminMonitorImpl.java:run(137)) - There are 1 nodes tracked for decommission and maintenance. 0 pending nodes.
2021-09-05 02:15:20,078 [Command processor thread] INFO  commandhandler.ClosePipelineCommandHandler (ClosePipelineCommandHandler.java:handle(75)) - Close Pipeline PipelineID=ea622501-719d-487d-8d87-6a133f983057 command on datanode 107e36cc-fe8a-481c-a932-f36b6ede4996.
2021-09-05 02:15:20,081 [Command processor thread] WARN  server.RaftServer (RaftServerProxy.java:remove(101)) - 107e36cc-fe8a-481c-a932-f36b6ede4996: does not contain group: group-6A133F983057
2021-09-05 02:15:20,081 [Command processor thread] ERROR commandhandler.ClosePipelineCommandHandler (ClosePipelineCommandHandler.java:handle(78)) - Can't close pipeline PipelineID=ea622501-719d-487d-8d87-6a133f983057
java.io.IOException: 107e36cc-fe8a-481c-a932-f36b6ede4996: Group group-6A133F983057 not found.
	at org.apache.hadoop.ozone.container.common.transport.server.ratis.XceiverServerRatis.removeGroup(XceiverServerRatis.java:781)
	at org.apache.hadoop.ozone.container.common.statemachine.commandhandler.ClosePipelineCommandHandler.handle(ClosePipelineCommandHandler.java:74)
	at org.apache.hadoop.ozone.container.common.statemachine.commandhandler.CommandDispatcher.handle(CommandDispatcher.java:99)
	at org.apache.hadoop.ozone.container.common.statemachine.DatanodeStateMachine.lambda$initCommandHandlerThread$2(DatanodeStateMachine.java:556)
	at java.lang.Thread.run(Thread.java:748)
Caused by: org.apache.ratis.protocol.exceptions.GroupMismatchException: 107e36cc-fe8a-481c-a932-f36b6ede4996: Group group-6A133F983057 not found.
	at org.apache.ratis.server.impl.RaftServerProxy.groupRemoveAsync(RaftServerProxy.java:504)
	at org.apache.ratis.server.impl.RaftServerProxy.groupManagementAsync(RaftServerProxy.java:460)
	at org.apache.ratis.server.impl.RaftServerProxy.groupManagement(RaftServerProxy.java:440)
	at org.apache.hadoop.ozone.container.common.transport.server.ratis.XceiverServerRatis.removeGroup(XceiverServerRatis.java:779)
	... 4 more
2021-09-05 02:15:20,090 [Command processor thread] INFO  keyvalue.KeyValueContainer (KeyValueContainer.java:flushAndSyncDB(397)) - Container 5 is synced with bcsId 6.
2021-09-05 02:15:20,090 [Command processor thread] INFO  keyvalue.KeyValueContainer (KeyValueContainer.java:flushAndSyncDB(397)) - Container 5 is synced with bcsId 6.
2021-09-05 02:15:20,096 [Command processor thread] INFO  keyvalue.KeyValueContainer (KeyValueContainer.java:flushAndSyncDB(397)) - Container 6 is synced with bcsId 9.
2021-09-05 02:15:20,096 [Command processor thread] INFO  keyvalue.KeyValueContainer (KeyValueContainer.java:flushAndSyncDB(397)) - Container 6 is synced with bcsId 9.
2021-09-05 02:15:20,099 [Command processor thread] INFO  server.RaftServer$Division (RaftServerImpl.java:groupRemove(377)) - c9529fe3-953b-4ef8-a4b7-44d7a8ee90ff@group-6A133F983057: Succeed to remove RaftStorageDirectory Storage Directory /home/runner/work/ozone/ozone/hadoop-ozone/integration-test/target/test-dir/MiniOzoneClusterImpl-b9dfe4fd-d142-4c87-b19c-e6304396dee2/datanode-4/data/ratis/ea622501-719d-487d-8d87-6a133f983057
2021-09-05 02:15:20,100 [Command processor thread] INFO  commandhandler.ClosePipelineCommandHandler (ClosePipelineCommandHandler.java:handle(75)) - Close Pipeline PipelineID=ea622501-719d-487d-8d87-6a133f983057 command on datanode c9529fe3-953b-4ef8-a4b7-44d7a8ee90ff.
2021-09-05 02:15:20,100 [Command processor thread] WARN  server.RaftServer (RaftServerProxy.java:remove(101)) - c9529fe3-953b-4ef8-a4b7-44d7a8ee90ff: does not contain group: group-476F2DA03959
2021-09-05 02:15:20,100 [Command processor thread] ERROR commandhandler.ClosePipelineCommandHandler (ClosePipelineCommandHandler.java:handle(78)) - Can't close pipeline PipelineID=c21f3f7a-10c0-4934-8ac6-476f2da03959
java.io.IOException: c9529fe3-953b-4ef8-a4b7-44d7a8ee90ff: Group group-476F2DA03959 not found.
	at org.apache.hadoop.ozone.container.common.transport.server.ratis.XceiverServerRatis.removeGroup(XceiverServerRatis.java:781)
	at org.apache.hadoop.ozone.container.common.statemachine.commandhandler.ClosePipelineCommandHandler.handle(ClosePipelineCommandHandler.java:74)
	at org.apache.hadoop.ozone.container.common.statemachine.commandhandler.CommandDispatcher.handle(CommandDispatcher.java:99)
	at org.apache.hadoop.ozone.container.common.statemachine.DatanodeStateMachine.lambda$initCommandHandlerThread$2(DatanodeStateMachine.java:556)
	at java.lang.Thread.run(Thread.java:748)
Caused by: org.apache.ratis.protocol.exceptions.GroupMismatchException: c9529fe3-953b-4ef8-a4b7-44d7a8ee90ff: Group group-476F2DA03959 not found.
	at org.apache.ratis.server.impl.RaftServerProxy.groupRemoveAsync(RaftServerProxy.java:504)
	at org.apache.ratis.server.impl.RaftServerProxy.groupManagementAsync(RaftServerProxy.java:460)
	at org.apache.ratis.server.impl.RaftServerProxy.groupManagement(RaftServerProxy.java:440)
	at org.apache.hadoop.ozone.container.common.transport.server.ratis.XceiverServerRatis.removeGroup(XceiverServerRatis.java:779)
	... 4 more
2021-09-05 02:15:20,100 [Command processor thread] WARN  server.RaftServer (RaftServerProxy.java:remove(101)) - c9529fe3-953b-4ef8-a4b7-44d7a8ee90ff: does not contain group: group-6A133F983057
2021-09-05 02:15:20,100 [Command processor thread] ERROR commandhandler.ClosePipelineCommandHandler (ClosePipelineCommandHandler.java:handle(78)) - Can't close pipeline PipelineID=ea622501-719d-487d-8d87-6a133f983057
java.io.IOException: c9529fe3-953b-4ef8-a4b7-44d7a8ee90ff: Group group-6A133F983057 not found.
	at org.apache.hadoop.ozone.container.common.transport.server.ratis.XceiverServerRatis.removeGroup(XceiverServerRatis.java:781)
	at org.apache.hadoop.ozone.container.common.statemachine.commandhandler.ClosePipelineCommandHandler.handle(ClosePipelineCommandHandler.java:74)
	at org.apache.hadoop.ozone.container.common.statemachine.commandhandler.CommandDispatcher.handle(CommandDispatcher.java:99)
	at org.apache.hadoop.ozone.container.common.statemachine.DatanodeStateMachine.lambda$initCommandHandlerThread$2(DatanodeStateMachine.java:556)
	at java.lang.Thread.run(Thread.java:748)
Caused by: org.apache.ratis.protocol.exceptions.GroupMismatchException: c9529fe3-953b-4ef8-a4b7-44d7a8ee90ff: Group group-6A133F983057 not found.
	at org.apache.ratis.server.impl.RaftServerProxy.groupRemoveAsync(RaftServerProxy.java:504)
	at org.apache.ratis.server.impl.RaftServerProxy.groupManagementAsync(RaftServerProxy.java:460)
	at org.apache.ratis.server.impl.RaftServerProxy.groupManagement(RaftServerProxy.java:440)
	at org.apache.hadoop.ozone.container.common.transport.server.ratis.XceiverServerRatis.removeGroup(XceiverServerRatis.java:779)
	... 4 more
2021-09-05 02:15:20,303 [Listener at 127.0.0.1/38669] INFO  ozone.MiniOzoneClusterImpl (MiniOzoneClusterImpl.java:lambda$waitForClusterToBeReady$0(235)) - Nodes are ready. Got 6 of 6 DN Heartbeats.
2021-09-05 02:15:20,304 [Listener at 127.0.0.1/38669] INFO  ozone.MiniOzoneClusterImpl (MiniOzoneClusterImpl.java:lambda$waitForClusterToBeReady$0(238)) - Waiting for cluster to exit safe mode
2021-09-05 02:15:20,304 [Listener at 127.0.0.1/38669] INFO  ozone.MiniOzoneClusterImpl (MiniOzoneClusterImpl.java:lambda$waitForClusterToBeReady$0(240)) - SCM became leader
2021-09-05 02:15:20,306 [ReplicationMonitor] INFO  container.ReplicationManager (ReplicationManager.java:forceCloseContainer(1054)) - Force closing container #2 with BCSID 2, which is in QUASI_CLOSED state.
2021-09-05 02:15:20,307 [ReplicationMonitor] INFO  container.ReplicationManager (ReplicationManager.java:sendCloseCommand(1458)) - Sending close container command for container #2 to datanode c9529fe3-953b-4ef8-a4b7-44d7a8ee90ff{ip: 10.1.0.22, host: fv-az151-757.yf2hydr00wburbhx3j5hxtcipe.bx.internal.cloudapp.net, ports: [REPLICATION=36345, RATIS=36459, RATIS_ADMIN=36459, RATIS_SERVER=36459, STANDALONE=42439], networkLocation: /default-rack, certSerialId: null, persistedOpState: ENTERING_MAINTENANCE, persistedOpStateExpiryEpochSec: 0}.
2021-09-05 02:15:20,307 [ReplicationMonitor] INFO  container.ReplicationManager (ReplicationManager.java:sendCloseCommand(1458)) - Sending close container command for container #2 to datanode 107e36cc-fe8a-481c-a932-f36b6ede4996{ip: 10.1.0.22, host: fv-az151-757.yf2hydr00wburbhx3j5hxtcipe.bx.internal.cloudapp.net, ports: [REPLICATION=37671, RATIS=41403, RATIS_ADMIN=41403, RATIS_SERVER=41403, STANDALONE=42501], networkLocation: /default-rack, certSerialId: null, persistedOpState: IN_SERVICE, persistedOpStateExpiryEpochSec: 0}.
2021-09-05 02:15:20,310 [ReplicationMonitor] INFO  container.ReplicationManager (ReplicationManager.java:forceCloseContainer(1054)) - Force closing container #5 with BCSID 6, which is in QUASI_CLOSED state.
2021-09-05 02:15:20,310 [ReplicationMonitor] INFO  container.ReplicationManager (ReplicationManager.java:sendCloseCommand(1458)) - Sending close container command for container #5 to datanode 107e36cc-fe8a-481c-a932-f36b6ede4996{ip: 10.1.0.22, host: fv-az151-757.yf2hydr00wburbhx3j5hxtcipe.bx.internal.cloudapp.net, ports: [REPLICATION=37671, RATIS=41403, RATIS_ADMIN=41403, RATIS_SERVER=41403, STANDALONE=42501], networkLocation: /default-rack, certSerialId: null, persistedOpState: IN_SERVICE, persistedOpStateExpiryEpochSec: 0}.
2021-09-05 02:15:20,310 [ReplicationMonitor] INFO  container.ReplicationManager (ReplicationManager.java:sendCloseCommand(1458)) - Sending close container command for container #5 to datanode c9529fe3-953b-4ef8-a4b7-44d7a8ee90ff{ip: 10.1.0.22, host: fv-az151-757.yf2hydr00wburbhx3j5hxtcipe.bx.internal.cloudapp.net, ports: [REPLICATION=36345, RATIS=36459, RATIS_ADMIN=36459, RATIS_SERVER=36459, STANDALONE=42439], networkLocation: /default-rack, certSerialId: null, persistedOpState: ENTERING_MAINTENANCE, persistedOpStateExpiryEpochSec: 0}.
2021-09-05 02:15:20,310 [ReplicationMonitor] INFO  container.ReplicationManager (ReplicationManager.java:forceCloseContainer(1054)) - Force closing container #6 with BCSID 9, which is in QUASI_CLOSED state.
2021-09-05 02:15:20,310 [ReplicationMonitor] INFO  container.ReplicationManager (ReplicationManager.java:sendCloseCommand(1458)) - Sending close container command for container #6 to datanode 107e36cc-fe8a-481c-a932-f36b6ede4996{ip: 10.1.0.22, host: fv-az151-757.yf2hydr00wburbhx3j5hxtcipe.bx.internal.cloudapp.net, ports: [REPLICATION=37671, RATIS=41403, RATIS_ADMIN=41403, RATIS_SERVER=41403, STANDALONE=42501], networkLocation: /default-rack, certSerialId: null, persistedOpState: IN_SERVICE, persistedOpStateExpiryEpochSec: 0}.
2021-09-05 02:15:20,310 [ReplicationMonitor] INFO  container.ReplicationManager (ReplicationManager.java:sendCloseCommand(1458)) - Sending close container command for container #6 to datanode c9529fe3-953b-4ef8-a4b7-44d7a8ee90ff{ip: 10.1.0.22, host: fv-az151-757.yf2hydr00wburbhx3j5hxtcipe.bx.internal.cloudapp.net, ports: [REPLICATION=36345, RATIS=36459, RATIS_ADMIN=36459, RATIS_SERVER=36459, STANDALONE=42439], networkLocation: /default-rack, certSerialId: null, persistedOpState: ENTERING_MAINTENANCE, persistedOpStateExpiryEpochSec: 0}.
2021-09-05 02:15:20,310 [ReplicationMonitor] INFO  container.ReplicationManager (ReplicationManager.java:processAll(359)) - Replication Monitor Thread took 11 milliseconds for processing 6 containers.
2021-09-05 02:15:20,349 [EventQueue-OpenPipelineForHealthyPipelineSafeModeRule] INFO  safemode.SCMSafeModeManager (HealthyPipelineSafeModeRule.java:process(124)) - SCM in safe mode. Healthy pipelines reported count is 0, required healthy pipeline reported count is 1
2021-09-05 02:15:20,455 [EventQueue-OpenPipelineForHealthyPipelineSafeModeRule] INFO  safemode.SCMSafeModeManager (HealthyPipelineSafeModeRule.java:process(124)) - SCM in safe mode. Healthy pipelines reported count is 0, required healthy pipeline reported count is 1
2021-09-05 02:15:20,544 [ReplicationMonitor] INFO  container.ReplicationManager (ReplicationManager.java:processAll(359)) - Replication Monitor Thread took 0 milliseconds for processing 0 containers.
2021-09-05 02:15:20,692 [EventQueue-OpenPipelineForHealthyPipelineSafeModeRule] INFO  safemode.SCMSafeModeManager (HealthyPipelineSafeModeRule.java:process(124)) - SCM in safe mode. Healthy pipelines reported count is 0, required healthy pipeline reported count is 1
2021-09-05 02:15:20,950 [EventQueue-OpenPipelineForHealthyPipelineSafeModeRule] INFO  safemode.SCMSafeModeManager (HealthyPipelineSafeModeRule.java:process(124)) - SCM in safe mode. Healthy pipelines reported count is 0, required healthy pipeline reported count is 1
2021-09-05 02:15:20,970 [Command processor thread] INFO  server.RaftServer (RaftServerProxy.java:remove(106)) - 3bd9e3a9-14dd-46c0-953f-63403e4f7020: remove  FOLLOWER 3bd9e3a9-14dd-46c0-953f-63403e4f7020@group-6A133F983057:t3, leader=c9529fe3-953b-4ef8-a4b7-44d7a8ee90ff, voted=c9529fe3-953b-4ef8-a4b7-44d7a8ee90ff, raftlog=3bd9e3a9-14dd-46c0-953f-63403e4f7020@group-6A133F983057-SegmentedRaftLog:OPENED:c10,f10,i10, conf=0: [107e36cc-fe8a-481c-a932-f36b6ede4996|rpc:10.1.0.22:41403|dataStream:|priority:0, c9529fe3-953b-4ef8-a4b7-44d7a8ee90ff|rpc:10.1.0.22:36459|dataStream:|priority:1, 3bd9e3a9-14dd-46c0-953f-63403e4f7020|rpc:10.1.0.22:45657|dataStream:|priority:0], old=null RUNNING
2021-09-05 02:15:20,973 [EventQueue-PipelineReportForPipelineReportHandler] INFO  pipeline.PipelineReportHandler (PipelineReportHandler.java:processPipelineReport(113)) - Reported pipeline PipelineID=ea622501-719d-487d-8d87-6a133f983057 is not found
2021-09-05 02:15:20,973 [Command processor thread] INFO  server.RaftServer$Division (RaftServerImpl.java:lambda$close$4(407)) - 3bd9e3a9-14dd-46c0-953f-63403e4f7020@group-6A133F983057: shutdown
2021-09-05 02:15:20,974 [Command processor thread] INFO  util.JmxRegister (JmxRegister.java:unregister(73)) - Successfully un-registered JMX Bean with object name Ratis:service=RaftServer,group=group-6A133F983057,id=3bd9e3a9-14dd-46c0-953f-63403e4f7020
2021-09-05 02:15:20,974 [Command processor thread] INFO  impl.RoleInfo (RoleInfo.java:shutdownFollowerState(108)) - 3bd9e3a9-14dd-46c0-953f-63403e4f7020: shutdown 3bd9e3a9-14dd-46c0-953f-63403e4f7020@group-6A133F983057-FollowerState
2021-09-05 02:15:20,974 [Command processor thread] INFO  impl.StateMachineUpdater (StateMachineUpdater.java:stopAndJoin(149)) - 3bd9e3a9-14dd-46c0-953f-63403e4f7020@group-6A133F983057-StateMachineUpdater: set stopIndex = 10
2021-09-05 02:15:20,974 [3bd9e3a9-14dd-46c0-953f-63403e4f7020@group-6A133F983057-FollowerState] INFO  impl.FollowerState (FollowerState.java:run(143)) - 3bd9e3a9-14dd-46c0-953f-63403e4f7020@group-6A133F983057-FollowerState was interrupted: {}
java.lang.InterruptedException: sleep interrupted
	at java.lang.Thread.sleep(Native Method)
	at java.lang.Thread.sleep(Thread.java:340)
	at java.util.concurrent.TimeUnit.sleep(TimeUnit.java:386)
	at org.apache.ratis.util.TimeDuration.sleep(TimeDuration.java:324)
	at org.apache.ratis.util.TimeDuration.sleep(TimeDuration.java:309)
	at org.apache.ratis.server.impl.FollowerState.run(FollowerState.java:118)
2021-09-05 02:15:20,977 [3bd9e3a9-14dd-46c0-953f-63403e4f7020@group-6A133F983057-StateMachineUpdater] INFO  ratis.ContainerStateMachine (ContainerStateMachine.java:takeSnapshot(292)) - group-6A133F983057: Taking a snapshot at:(t:3, i:10) file /home/runner/work/ozone/ozone/hadoop-ozone/integration-test/target/test-dir/MiniOzoneClusterImpl-b9dfe4fd-d142-4c87-b19c-e6304396dee2/datanode-5/data/ratis/ea622501-719d-487d-8d87-6a133f983057/sm/snapshot.3_10
2021-09-05 02:15:20,979 [3bd9e3a9-14dd-46c0-953f-63403e4f7020@group-6A133F983057-StateMachineUpdater] INFO  ratis.ContainerStateMachine (ContainerStateMachine.java:takeSnapshot(303)) - group-6A133F983057: Finished taking a snapshot at:(t:3, i:10) file:/home/runner/work/ozone/ozone/hadoop-ozone/integration-test/target/test-dir/MiniOzoneClusterImpl-b9dfe4fd-d142-4c87-b19c-e6304396dee2/datanode-5/data/ratis/ea622501-719d-487d-8d87-6a133f983057/sm/snapshot.3_10 took: 3 ms
2021-09-05 02:15:20,980 [3bd9e3a9-14dd-46c0-953f-63403e4f7020@group-6A133F983057-StateMachineUpdater] INFO  impl.StateMachineUpdater (StateMachineUpdater.java:takeSnapshot(281)) - 3bd9e3a9-14dd-46c0-953f-63403e4f7020@group-6A133F983057-StateMachineUpdater: Took a snapshot at index 10
2021-09-05 02:15:20,980 [3bd9e3a9-14dd-46c0-953f-63403e4f7020@group-6A133F983057-StateMachineUpdater] INFO  impl.StateMachineUpdater (StateMachineUpdater.java:lambda$new$0(89)) - 3bd9e3a9-14dd-46c0-953f-63403e4f7020@group-6A133F983057-StateMachineUpdater: snapshotIndex: updateIncreasingly -1 -> 10
2021-09-05 02:15:20,980 [Command processor thread] INFO  server.RaftServer$Division (ServerState.java:close(419)) - 3bd9e3a9-14dd-46c0-953f-63403e4f7020@group-6A133F983057: closes. applyIndex: 10
2021-09-05 02:15:20,980 [3bd9e3a9-14dd-46c0-953f-63403e4f7020@group-6A133F983057-SegmentedRaftLogWorker] INFO  segmented.SegmentedRaftLogWorker (SegmentedRaftLogWorker.java:run(327)) - 3bd9e3a9-14dd-46c0-953f-63403e4f7020@group-6A133F983057-SegmentedRaftLogWorker was interrupted, exiting. There are 0 tasks remaining in the queue.
2021-09-05 02:15:20,980 [Command processor thread] INFO  segmented.SegmentedRaftLogWorker (SegmentedRaftLogWorker.java:close(237)) - 3bd9e3a9-14dd-46c0-953f-63403e4f7020@group-6A133F983057-SegmentedRaftLogWorker close()
2021-09-05 02:15:20,989 [Datanode State Machine Thread - 0] WARN  statemachine.StateContext (StateContext.java:execute(621)) - No available thread in pool for past 1 seconds.
2021-09-05 02:15:20,990 [Command processor thread] INFO  keyvalue.KeyValueContainer (KeyValueContainer.java:flushAndSyncDB(397)) - Container 2 is synced with bcsId 2.
2021-09-05 02:15:20,990 [Command processor thread] INFO  keyvalue.KeyValueContainer (KeyValueContainer.java:flushAndSyncDB(397)) - Container 2 is synced with bcsId 2.
2021-09-05 02:15:20,993 [Datanode State Machine Thread - 0] WARN  statemachine.StateContext (StateContext.java:execute(621)) - No available thread in pool for past 1 seconds.
2021-09-05 02:15:20,997 [Command processor thread] INFO  keyvalue.KeyValueContainer (KeyValueContainer.java:flushAndSyncDB(397)) - Container 5 is synced with bcsId 6.
2021-09-05 02:15:20,997 [Command processor thread] INFO  keyvalue.KeyValueContainer (KeyValueContainer.java:flushAndSyncDB(397)) - Container 5 is synced with bcsId 6.
2021-09-05 02:15:21,001 [EventQueue-OpenPipelineForHealthyPipelineSafeModeRule] INFO  safemode.SCMSafeModeManager (HealthyPipelineSafeModeRule.java:process(124)) - SCM in safe mode. Healthy pipelines reported count is 0, required healthy pipeline reported count is 1
2021-09-05 02:15:21,005 [Command processor thread] INFO  keyvalue.KeyValueContainer (KeyValueContainer.java:flushAndSyncDB(397)) - Container 6 is synced with bcsId 9.
2021-09-05 02:15:21,006 [Command processor thread] INFO  keyvalue.KeyValueContainer (KeyValueContainer.java:flushAndSyncDB(397)) - Container 6 is synced with bcsId 9.
2021-09-05 02:15:21,009 [Command processor thread] INFO  server.RaftServer$Division (RaftServerImpl.java:groupRemove(377)) - 3bd9e3a9-14dd-46c0-953f-63403e4f7020@group-6A133F983057: Succeed to remove RaftStorageDirectory Storage Directory /home/runner/work/ozone/ozone/hadoop-ozone/integration-test/target/test-dir/MiniOzoneClusterImpl-b9dfe4fd-d142-4c87-b19c-e6304396dee2/datanode-5/data/ratis/ea622501-719d-487d-8d87-6a133f983057
2021-09-05 02:15:21,010 [Command processor thread] INFO  commandhandler.ClosePipelineCommandHandler (ClosePipelineCommandHandler.java:handle(75)) - Close Pipeline PipelineID=ea622501-719d-487d-8d87-6a133f983057 command on datanode 3bd9e3a9-14dd-46c0-953f-63403e4f7020.
2021-09-05 02:15:21,010 [Command processor thread] WARN  server.RaftServer (RaftServerProxy.java:remove(101)) - 3bd9e3a9-14dd-46c0-953f-63403e4f7020: does not contain group: group-6A133F983057
2021-09-05 02:15:21,010 [Command processor thread] ERROR commandhandler.ClosePipelineCommandHandler (ClosePipelineCommandHandler.java:handle(78)) - Can't close pipeline PipelineID=ea622501-719d-487d-8d87-6a133f983057
java.io.IOException: 3bd9e3a9-14dd-46c0-953f-63403e4f7020: Group group-6A133F983057 not found.
	at org.apache.hadoop.ozone.container.common.transport.server.ratis.XceiverServerRatis.removeGroup(XceiverServerRatis.java:781)
	at org.apache.hadoop.ozone.container.common.statemachine.commandhandler.ClosePipelineCommandHandler.handle(ClosePipelineCommandHandler.java:74)
	at org.apache.hadoop.ozone.container.common.statemachine.commandhandler.CommandDispatcher.handle(CommandDispatcher.java:99)
	at org.apache.hadoop.ozone.container.common.statemachine.DatanodeStateMachine.lambda$initCommandHandlerThread$2(DatanodeStateMachine.java:556)
	at java.lang.Thread.run(Thread.java:748)
Caused by: org.apache.ratis.protocol.exceptions.GroupMismatchException: 3bd9e3a9-14dd-46c0-953f-63403e4f7020: Group group-6A133F983057 not found.
	at org.apache.ratis.server.impl.RaftServerProxy.groupRemoveAsync(RaftServerProxy.java:504)
	at org.apache.ratis.server.impl.RaftServerProxy.groupManagementAsync(RaftServerProxy.java:460)
	at org.apache.ratis.server.impl.RaftServerProxy.groupManagement(RaftServerProxy.java:440)
	at org.apache.hadoop.ozone.container.common.transport.server.ratis.XceiverServerRatis.removeGroup(XceiverServerRatis.java:779)
	... 4 more
2021-09-05 02:15:21,010 [Command processor thread] WARN  server.RaftServer (RaftServerProxy.java:remove(101)) - 3bd9e3a9-14dd-46c0-953f-63403e4f7020: does not contain group: group-6A133F983057
2021-09-05 02:15:21,010 [Command processor thread] ERROR commandhandler.ClosePipelineCommandHandler (ClosePipelineCommandHandler.java:handle(78)) - Can't close pipeline PipelineID=ea622501-719d-487d-8d87-6a133f983057
java.io.IOException: 3bd9e3a9-14dd-46c0-953f-63403e4f7020: Group group-6A133F983057 not found.
	at org.apache.hadoop.ozone.container.common.transport.server.ratis.XceiverServerRatis.removeGroup(XceiverServerRatis.java:781)
	at org.apache.hadoop.ozone.container.common.statemachine.commandhandler.ClosePipelineCommandHandler.handle(ClosePipelineCommandHandler.java:74)
	at org.apache.hadoop.ozone.container.common.statemachine.commandhandler.CommandDispatcher.handle(CommandDispatcher.java:99)
	at org.apache.hadoop.ozone.container.common.statemachine.DatanodeStateMachine.lambda$initCommandHandlerThread$2(DatanodeStateMachine.java:556)
	at java.lang.Thread.run(Thread.java:748)
Caused by: org.apache.ratis.protocol.exceptions.GroupMismatchException: 3bd9e3a9-14dd-46c0-953f-63403e4f7020: Group group-6A133F983057 not found.
	at org.apache.ratis.server.impl.RaftServerProxy.groupRemoveAsync(RaftServerProxy.java:504)
	at org.apache.ratis.server.impl.RaftServerProxy.groupManagementAsync(RaftServerProxy.java:460)
	at org.apache.ratis.server.impl.RaftServerProxy.groupManagement(RaftServerProxy.java:440)
	at org.apache.hadoop.ozone.container.common.transport.server.ratis.XceiverServerRatis.removeGroup(XceiverServerRatis.java:779)
	... 4 more
2021-09-05 02:15:21,067 [DatanodeAdminManager-0] INFO  node.DatanodeAdminMonitorImpl (DatanodeAdminMonitorImpl.java:checkContainersReplicatedOnNode(306)) - c9529fe3-953b-4ef8-a4b7-44d7a8ee90ff{ip: 10.1.0.22, host: fv-az151-757.yf2hydr00wburbhx3j5hxtcipe.bx.internal.cloudapp.net, ports: [REPLICATION=36345, RATIS=36459, RATIS_ADMIN=36459, RATIS_SERVER=36459, STANDALONE=42439], networkLocation: /default-rack, certSerialId: null, persistedOpState: ENTERING_MAINTENANCE, persistedOpStateExpiryEpochSec: 0} has 3 sufficientlyReplicated, 0 underReplicated and 0 unhealthy containers
2021-09-05 02:15:21,067 [DatanodeAdminManager-0] INFO  node.DatanodeAdminMonitorImpl (DatanodeAdminMonitorImpl.java:putIntoMaintenance(331)) - Datanode c9529fe3-953b-4ef8-a4b7-44d7a8ee90ff{ip: 10.1.0.22, host: fv-az151-757.yf2hydr00wburbhx3j5hxtcipe.bx.internal.cloudapp.net, ports: [REPLICATION=36345, RATIS=36459, RATIS_ADMIN=36459, RATIS_SERVER=36459, STANDALONE=42439], networkLocation: /default-rack, certSerialId: null, persistedOpState: ENTERING_MAINTENANCE, persistedOpStateExpiryEpochSec: 0} has entered maintenance
2021-09-05 02:15:21,067 [DatanodeAdminManager-0] INFO  node.DatanodeAdminMonitorImpl (DatanodeAdminMonitorImpl.java:run(137)) - There are 1 nodes tracked for decommission and maintenance. 0 pending nodes.
2021-09-05 02:15:21,067 [EventQueue-HealthyReadonlyToHealthyNodeForReadOnlyHealthyToHealthyNodeHandler] INFO  node.ReadOnlyHealthyToHealthyNodeHandler (ReadOnlyHealthyToHealthyNodeHandler.java:onMessage(51)) - Datanode c9529fe3-953b-4ef8-a4b7-44d7a8ee90ff{ip: 10.1.0.22, host: fv-az151-757.yf2hydr00wburbhx3j5hxtcipe.bx.internal.cloudapp.net, ports: [REPLICATION=36345, RATIS=36459, RATIS_ADMIN=36459, RATIS_SERVER=36459, STANDALONE=42439], networkLocation: /default-rack, certSerialId: null, persistedOpState: ENTERING_MAINTENANCE, persistedOpStateExpiryEpochSec: 0} moved to HEALTHY state.
2021-09-05 02:15:21,068 [EventQueue-HealthyReadonlyToHealthyNodeForReadOnlyHealthyToHealthyNodeHandler] INFO  pipeline.BackgroundPipelineCreator (BackgroundPipelineCreatorV2.java:notifyEventTriggered(285)) - trigger a one-shot run on RatisPipelineUtilsThread.
2021-09-05 02:15:21,099 [IPC Server handler 8 on default port 39337] INFO  node.SCMNodeManager (SCMNodeManager.java:updateDatanodeOpState(484)) - Scheduling a command to update the operationalState persisted on c9529fe3-953b-4ef8-a4b7-44d7a8ee90ff{ip: 10.1.0.22, host: fv-az151-757.yf2hydr00wburbhx3j5hxtcipe.bx.internal.cloudapp.net, ports: [REPLICATION=36345, RATIS=36459, RATIS_ADMIN=36459, RATIS_SERVER=36459, STANDALONE=42439], networkLocation: /default-rack, certSerialId: null, persistedOpState: ENTERING_MAINTENANCE, persistedOpStateExpiryEpochSec: 0} as the reported value does not match the value stored in SCM (IN_MAINTENANCE, 0)
2021-09-05 02:15:21,304 [Listener at 127.0.0.1/38669] INFO  ozone.MiniOzoneClusterImpl (MiniOzoneClusterImpl.java:lambda$waitForClusterToBeReady$0(235)) - Nodes are ready. Got 6 of 6 DN Heartbeats.
2021-09-05 02:15:21,304 [Listener at 127.0.0.1/38669] INFO  ozone.MiniOzoneClusterImpl (MiniOzoneClusterImpl.java:lambda$waitForClusterToBeReady$0(238)) - Waiting for cluster to exit safe mode
2021-09-05 02:15:21,304 [Listener at 127.0.0.1/38669] INFO  ozone.MiniOzoneClusterImpl (MiniOzoneClusterImpl.java:lambda$waitForClusterToBeReady$0(240)) - SCM became leader
2021-09-05 02:15:21,311 [ReplicationMonitor] INFO  container.ReplicationManager (ReplicationManager.java:forceCloseContainer(1054)) - Force closing container #2 with BCSID 2, which is in QUASI_CLOSED state.
2021-09-05 02:15:21,311 [ReplicationMonitor] INFO  container.ReplicationManager (ReplicationManager.java:sendCloseCommand(1458)) - Sending close container command for container #2 to datanode c9529fe3-953b-4ef8-a4b7-44d7a8ee90ff{ip: 10.1.0.22, host: fv-az151-757.yf2hydr00wburbhx3j5hxtcipe.bx.internal.cloudapp.net, ports: [REPLICATION=36345, RATIS=36459, RATIS_ADMIN=36459, RATIS_SERVER=36459, STANDALONE=42439], networkLocation: /default-rack, certSerialId: null, persistedOpState: ENTERING_MAINTENANCE, persistedOpStateExpiryEpochSec: 0}.
2021-09-05 02:15:21,311 [ReplicationMonitor] INFO  container.ReplicationManager (ReplicationManager.java:sendCloseCommand(1458)) - Sending close container command for container #2 to datanode 107e36cc-fe8a-481c-a932-f36b6ede4996{ip: 10.1.0.22, host: fv-az151-757.yf2hydr00wburbhx3j5hxtcipe.bx.internal.cloudapp.net, ports: [REPLICATION=37671, RATIS=41403, RATIS_ADMIN=41403, RATIS_SERVER=41403, STANDALONE=42501], networkLocation: /default-rack, certSerialId: null, persistedOpState: IN_SERVICE, persistedOpStateExpiryEpochSec: 0}.
2021-09-05 02:15:21,311 [ReplicationMonitor] INFO  container.ReplicationManager (ReplicationManager.java:sendCloseCommand(1458)) - Sending close container command for container #2 to datanode 3bd9e3a9-14dd-46c0-953f-63403e4f7020{ip: 10.1.0.22, host: fv-az151-757.yf2hydr00wburbhx3j5hxtcipe.bx.internal.cloudapp.net, ports: [REPLICATION=46563, RATIS=45657, RATIS_ADMIN=45657, RATIS_SERVER=45657, STANDALONE=37931], networkLocation: /default-rack, certSerialId: null, persistedOpState: IN_SERVICE, persistedOpStateExpiryEpochSec: 0}.
2021-09-05 02:15:21,311 [ReplicationMonitor] INFO  container.ReplicationManager (ReplicationManager.java:forceCloseContainer(1054)) - Force closing container #5 with BCSID 6, which is in QUASI_CLOSED state.
2021-09-05 02:15:21,311 [ReplicationMonitor] INFO  container.ReplicationManager (ReplicationManager.java:sendCloseCommand(1458)) - Sending close container command for container #5 to datanode 3bd9e3a9-14dd-46c0-953f-63403e4f7020{ip: 10.1.0.22, host: fv-az151-757.yf2hydr00wburbhx3j5hxtcipe.bx.internal.cloudapp.net, ports: [REPLICATION=46563, RATIS=45657, RATIS_ADMIN=45657, RATIS_SERVER=45657, STANDALONE=37931], networkLocation: /default-rack, certSerialId: null, persistedOpState: IN_SERVICE, persistedOpStateExpiryEpochSec: 0}.
2021-09-05 02:15:21,311 [ReplicationMonitor] INFO  container.ReplicationManager (ReplicationManager.java:sendCloseCommand(1458)) - Sending close container command for container #5 to datanode 107e36cc-fe8a-481c-a932-f36b6ede4996{ip: 10.1.0.22, host: fv-az151-757.yf2hydr00wburbhx3j5hxtcipe.bx.internal.cloudapp.net, ports: [REPLICATION=37671, RATIS=41403, RATIS_ADMIN=41403, RATIS_SERVER=41403, STANDALONE=42501], networkLocation: /default-rack, certSerialId: null, persistedOpState: IN_SERVICE, persistedOpStateExpiryEpochSec: 0}.
2021-09-05 02:15:21,311 [ReplicationMonitor] INFO  container.ReplicationManager (ReplicationManager.java:sendCloseCommand(1458)) - Sending close container command for container #5 to datanode c9529fe3-953b-4ef8-a4b7-44d7a8ee90ff{ip: 10.1.0.22, host: fv-az151-757.yf2hydr00wburbhx3j5hxtcipe.bx.internal.cloudapp.net, ports: [REPLICATION=36345, RATIS=36459, RATIS_ADMIN=36459, RATIS_SERVER=36459, STANDALONE=42439], networkLocation: /default-rack, certSerialId: null, persistedOpState: ENTERING_MAINTENANCE, persistedOpStateExpiryEpochSec: 0}.
2021-09-05 02:15:21,311 [ReplicationMonitor] INFO  container.ReplicationManager (ReplicationManager.java:forceCloseContainer(1054)) - Force closing container #6 with BCSID 9, which is in QUASI_CLOSED state.
2021-09-05 02:15:21,312 [ReplicationMonitor] INFO  container.ReplicationManager (ReplicationManager.java:sendCloseCommand(1458)) - Sending close container command for container #6 to datanode 3bd9e3a9-14dd-46c0-953f-63403e4f7020{ip: 10.1.0.22, host: fv-az151-757.yf2hydr00wburbhx3j5hxtcipe.bx.internal.cloudapp.net, ports: [REPLICATION=46563, RATIS=45657, RATIS_ADMIN=45657, RATIS_SERVER=45657, STANDALONE=37931], networkLocation: /default-rack, certSerialId: null, persistedOpState: IN_SERVICE, persistedOpStateExpiryEpochSec: 0}.
2021-09-05 02:15:21,312 [ReplicationMonitor] INFO  container.ReplicationManager (ReplicationManager.java:sendCloseCommand(1458)) - Sending close container command for container #6 to datanode 107e36cc-fe8a-481c-a932-f36b6ede4996{ip: 10.1.0.22, host: fv-az151-757.yf2hydr00wburbhx3j5hxtcipe.bx.internal.cloudapp.net, ports: [REPLICATION=37671, RATIS=41403, RATIS_ADMIN=41403, RATIS_SERVER=41403, STANDALONE=42501], networkLocation: /default-rack, certSerialId: null, persistedOpState: IN_SERVICE, persistedOpStateExpiryEpochSec: 0}.
2021-09-05 02:15:21,312 [ReplicationMonitor] INFO  container.ReplicationManager (ReplicationManager.java:sendCloseCommand(1458)) - Sending close container command for container #6 to datanode c9529fe3-953b-4ef8-a4b7-44d7a8ee90ff{ip: 10.1.0.22, host: fv-az151-757.yf2hydr00wburbhx3j5hxtcipe.bx.internal.cloudapp.net, ports: [REPLICATION=36345, RATIS=36459, RATIS_ADMIN=36459, RATIS_SERVER=36459, STANDALONE=42439], networkLocation: /default-rack, certSerialId: null, persistedOpState: ENTERING_MAINTENANCE, persistedOpStateExpiryEpochSec: 0}.
2021-09-05 02:15:21,312 [ReplicationMonitor] INFO  container.ReplicationManager (ReplicationManager.java:processAll(359)) - Replication Monitor Thread took 1 milliseconds for processing 6 containers.
2021-09-05 02:15:21,348 [EventQueue-OpenPipelineForHealthyPipelineSafeModeRule] INFO  safemode.SCMSafeModeManager (HealthyPipelineSafeModeRule.java:process(124)) - SCM in safe mode. Healthy pipelines reported count is 0, required healthy pipeline reported count is 1
2021-09-05 02:15:21,545 [ReplicationMonitor] INFO  container.ReplicationManager (ReplicationManager.java:processAll(359)) - Replication Monitor Thread took 0 milliseconds for processing 0 containers.
2021-09-05 02:15:21,856 [EventQueue-OpenPipelineForHealthyPipelineSafeModeRule] INFO  safemode.SCMSafeModeManager (HealthyPipelineSafeModeRule.java:process(124)) - SCM in safe mode. Healthy pipelines reported count is 0, required healthy pipeline reported count is 1
2021-09-05 02:15:22,067 [DatanodeAdminManager-0] INFO  node.DatanodeAdminMonitorImpl (DatanodeAdminMonitorImpl.java:run(137)) - There are 1 nodes tracked for decommission and maintenance. 0 pending nodes.
2021-09-05 02:15:22,077 [Command processor thread] INFO  keyvalue.KeyValueContainer (KeyValueContainer.java:flushAndSyncDB(397)) - Container 2 is synced with bcsId 2.
2021-09-05 02:15:22,077 [Command processor thread] INFO  keyvalue.KeyValueContainer (KeyValueContainer.java:flushAndSyncDB(397)) - Container 2 is synced with bcsId 2.
2021-09-05 02:15:22,080 [Command processor thread] INFO  keyvalue.KeyValueContainer (KeyValueContainer.java:close(334)) - Container 2 is closed with bcsId 2.
2021-09-05 02:15:22,080 [Command processor thread] INFO  keyvalue.KeyValueContainer (KeyValueContainer.java:flushAndSyncDB(397)) - Container 5 is synced with bcsId 6.
2021-09-05 02:15:22,080 [Command processor thread] INFO  keyvalue.KeyValueContainer (KeyValueContainer.java:flushAndSyncDB(397)) - Container 5 is synced with bcsId 6.
2021-09-05 02:15:22,081 [Datanode State Machine Thread - 0] WARN  statemachine.StateContext (StateContext.java:execute(621)) - No available thread in pool for past 1 seconds.
2021-09-05 02:15:22,082 [EventQueue-IncrementalContainerReportForIncrementalContainerReportHandler] INFO  container.IncrementalContainerReportHandler (AbstractContainerReportHandler.java:updateContainerState(249)) - Moving container #2 to CLOSED state, datanode 107e36cc-fe8a-481c-a932-f36b6ede4996{ip: 10.1.0.22, host: fv-az151-757.yf2hydr00wburbhx3j5hxtcipe.bx.internal.cloudapp.net, ports: [REPLICATION=37671, RATIS=41403, RATIS_ADMIN=41403, RATIS_SERVER=41403, STANDALONE=42501], networkLocation: /default-rack, certSerialId: null, persistedOpState: IN_SERVICE, persistedOpStateExpiryEpochSec: 0} reported CLOSED replica.
2021-09-05 02:15:22,083 [Command processor thread] INFO  keyvalue.KeyValueContainer (KeyValueContainer.java:close(334)) - Container 5 is closed with bcsId 6.
2021-09-05 02:15:22,083 [Command processor thread] INFO  keyvalue.KeyValueContainer (KeyValueContainer.java:flushAndSyncDB(397)) - Container 6 is synced with bcsId 9.
2021-09-05 02:15:22,084 [Command processor thread] INFO  keyvalue.KeyValueContainer (KeyValueContainer.java:flushAndSyncDB(397)) - Container 6 is synced with bcsId 9.
2021-09-05 02:15:22,084 [EventQueue-IncrementalContainerReportForIncrementalContainerReportHandler] INFO  container.IncrementalContainerReportHandler (AbstractContainerReportHandler.java:updateContainerState(249)) - Moving container #5 to CLOSED state, datanode 107e36cc-fe8a-481c-a932-f36b6ede4996{ip: 10.1.0.22, host: fv-az151-757.yf2hydr00wburbhx3j5hxtcipe.bx.internal.cloudapp.net, ports: [REPLICATION=37671, RATIS=41403, RATIS_ADMIN=41403, RATIS_SERVER=41403, STANDALONE=42501], networkLocation: /default-rack, certSerialId: null, persistedOpState: IN_SERVICE, persistedOpStateExpiryEpochSec: 0} reported CLOSED replica.
2021-09-05 02:15:22,086 [Command processor thread] INFO  keyvalue.KeyValueContainer (KeyValueContainer.java:close(334)) - Container 6 is closed with bcsId 9.
2021-09-05 02:15:22,087 [EventQueue-IncrementalContainerReportForIncrementalContainerReportHandler] INFO  container.IncrementalContainerReportHandler (AbstractContainerReportHandler.java:updateContainerState(249)) - Moving container #6 to CLOSED state, datanode 107e36cc-fe8a-481c-a932-f36b6ede4996{ip: 10.1.0.22, host: fv-az151-757.yf2hydr00wburbhx3j5hxtcipe.bx.internal.cloudapp.net, ports: [REPLICATION=37671, RATIS=41403, RATIS_ADMIN=41403, RATIS_SERVER=41403, STANDALONE=42501], networkLocation: /default-rack, certSerialId: null, persistedOpState: IN_SERVICE, persistedOpStateExpiryEpochSec: 0} reported CLOSED replica.
2021-09-05 02:15:22,098 [Command processor thread] INFO  keyvalue.KeyValueContainer (KeyValueContainer.java:flushAndSyncDB(397)) - Container 2 is synced with bcsId 2.
2021-09-05 02:15:22,098 [Command processor thread] INFO  keyvalue.KeyValueContainer (KeyValueContainer.java:flushAndSyncDB(397)) - Container 2 is synced with bcsId 2.
2021-09-05 02:15:22,100 [IPC Server handler 15 on default port 39337] INFO  node.SCMNodeManager (SCMNodeManager.java:updateDatanodeOpState(484)) - Scheduling a command to update the operationalState persisted on c9529fe3-953b-4ef8-a4b7-44d7a8ee90ff{ip: 10.1.0.22, host: fv-az151-757.yf2hydr00wburbhx3j5hxtcipe.bx.internal.cloudapp.net, ports: [REPLICATION=36345, RATIS=36459, RATIS_ADMIN=36459, RATIS_SERVER=36459, STANDALONE=42439], networkLocation: /default-rack, certSerialId: null, persistedOpState: ENTERING_MAINTENANCE, persistedOpStateExpiryEpochSec: 0} as the reported value does not match the value stored in SCM (IN_MAINTENANCE, 0)
2021-09-05 02:15:22,102 [Command processor thread] INFO  keyvalue.KeyValueContainer (KeyValueContainer.java:close(334)) - Container 2 is closed with bcsId 2.
2021-09-05 02:15:22,103 [Command processor thread] INFO  keyvalue.KeyValueContainer (KeyValueContainer.java:flushAndSyncDB(397)) - Container 5 is synced with bcsId 6.
2021-09-05 02:15:22,103 [Datanode State Machine Thread - 0] WARN  statemachine.StateContext (StateContext.java:execute(621)) - No available thread in pool for past 1 seconds.
2021-09-05 02:15:22,103 [Command processor thread] INFO  keyvalue.KeyValueContainer (KeyValueContainer.java:flushAndSyncDB(397)) - Container 5 is synced with bcsId 6.
2021-09-05 02:15:22,104 [IPC Server handler 18 on default port 39337] INFO  node.SCMNodeManager (SCMNodeManager.java:updateDatanodeOpState(484)) - Scheduling a command to update the operationalState persisted on c9529fe3-953b-4ef8-a4b7-44d7a8ee90ff{ip: 10.1.0.22, host: fv-az151-757.yf2hydr00wburbhx3j5hxtcipe.bx.internal.cloudapp.net, ports: [REPLICATION=36345, RATIS=36459, RATIS_ADMIN=36459, RATIS_SERVER=36459, STANDALONE=42439], networkLocation: /default-rack, certSerialId: null, persistedOpState: ENTERING_MAINTENANCE, persistedOpStateExpiryEpochSec: 0} as the reported value does not match the value stored in SCM (IN_MAINTENANCE, 0)
2021-09-05 02:15:22,105 [Command processor thread] INFO  keyvalue.KeyValueContainer (KeyValueContainer.java:close(334)) - Container 5 is closed with bcsId 6.
2021-09-05 02:15:22,105 [Command processor thread] INFO  keyvalue.KeyValueContainer (KeyValueContainer.java:flushAndSyncDB(397)) - Container 6 is synced with bcsId 9.
2021-09-05 02:15:22,105 [Datanode State Machine Thread - 0] WARN  statemachine.StateContext (StateContext.java:execute(621)) - No available thread in pool for past 1 seconds.
2021-09-05 02:15:22,105 [Command processor thread] INFO  keyvalue.KeyValueContainer (KeyValueContainer.java:flushAndSyncDB(397)) - Container 6 is synced with bcsId 9.
2021-09-05 02:15:22,106 [IPC Server handler 19 on default port 39337] INFO  node.SCMNodeManager (SCMNodeManager.java:updateDatanodeOpState(484)) - Scheduling a command to update the operationalState persisted on c9529fe3-953b-4ef8-a4b7-44d7a8ee90ff{ip: 10.1.0.22, host: fv-az151-757.yf2hydr00wburbhx3j5hxtcipe.bx.internal.cloudapp.net, ports: [REPLICATION=36345, RATIS=36459, RATIS_ADMIN=36459, RATIS_SERVER=36459, STANDALONE=42439], networkLocation: /default-rack, certSerialId: null, persistedOpState: ENTERING_MAINTENANCE, persistedOpStateExpiryEpochSec: 0} as the reported value does not match the value stored in SCM (IN_MAINTENANCE, 0)
2021-09-05 02:15:22,107 [Command processor thread] INFO  keyvalue.KeyValueContainer (KeyValueContainer.java:close(334)) - Container 6 is closed with bcsId 9.
2021-09-05 02:15:22,107 [Datanode State Machine Thread - 0] WARN  statemachine.StateContext (StateContext.java:execute(621)) - No available thread in pool for past 1 seconds.
2021-09-05 02:15:22,304 [Listener at 127.0.0.1/38669] INFO  ozone.MiniOzoneClusterImpl (MiniOzoneClusterImpl.java:lambda$waitForClusterToBeReady$0(235)) - Nodes are ready. Got 6 of 6 DN Heartbeats.
2021-09-05 02:15:22,304 [Listener at 127.0.0.1/38669] INFO  ozone.MiniOzoneClusterImpl (MiniOzoneClusterImpl.java:lambda$waitForClusterToBeReady$0(238)) - Waiting for cluster to exit safe mode
2021-09-05 02:15:22,304 [Listener at 127.0.0.1/38669] INFO  ozone.MiniOzoneClusterImpl (MiniOzoneClusterImpl.java:lambda$waitForClusterToBeReady$0(240)) - SCM became leader
2021-09-05 02:15:22,314 [ReplicationMonitor] INFO  container.ReplicationManager (ReplicationManager.java:sendCloseCommand(1458)) - Sending close container command for container #2 to datanode 3bd9e3a9-14dd-46c0-953f-63403e4f7020{ip: 10.1.0.22, host: fv-az151-757.yf2hydr00wburbhx3j5hxtcipe.bx.internal.cloudapp.net, ports: [REPLICATION=46563, RATIS=45657, RATIS_ADMIN=45657, RATIS_SERVER=45657, STANDALONE=37931], networkLocation: /default-rack, certSerialId: null, persistedOpState: IN_SERVICE, persistedOpStateExpiryEpochSec: 0}.
2021-09-05 02:15:22,315 [ReplicationMonitor] INFO  container.ReplicationManager (ReplicationManager.java:sendCloseCommand(1458)) - Sending close container command for container #5 to datanode 3bd9e3a9-14dd-46c0-953f-63403e4f7020{ip: 10.1.0.22, host: fv-az151-757.yf2hydr00wburbhx3j5hxtcipe.bx.internal.cloudapp.net, ports: [REPLICATION=46563, RATIS=45657, RATIS_ADMIN=45657, RATIS_SERVER=45657, STANDALONE=37931], networkLocation: /default-rack, certSerialId: null, persistedOpState: IN_SERVICE, persistedOpStateExpiryEpochSec: 0}.
2021-09-05 02:15:22,315 [ReplicationMonitor] INFO  container.ReplicationManager (ReplicationManager.java:sendCloseCommand(1458)) - Sending close container command for container #6 to datanode 3bd9e3a9-14dd-46c0-953f-63403e4f7020{ip: 10.1.0.22, host: fv-az151-757.yf2hydr00wburbhx3j5hxtcipe.bx.internal.cloudapp.net, ports: [REPLICATION=46563, RATIS=45657, RATIS_ADMIN=45657, RATIS_SERVER=45657, STANDALONE=37931], networkLocation: /default-rack, certSerialId: null, persistedOpState: IN_SERVICE, persistedOpStateExpiryEpochSec: 0}.
2021-09-05 02:15:22,315 [ReplicationMonitor] INFO  container.ReplicationManager (ReplicationManager.java:processAll(359)) - Replication Monitor Thread took 3 milliseconds for processing 6 containers.
2021-09-05 02:15:22,455 [EventQueue-OpenPipelineForHealthyPipelineSafeModeRule] INFO  safemode.SCMSafeModeManager (HealthyPipelineSafeModeRule.java:process(124)) - SCM in safe mode. Healthy pipelines reported count is 0, required healthy pipeline reported count is 1
2021-09-05 02:15:22,545 [ReplicationMonitor] INFO  container.ReplicationManager (ReplicationManager.java:processAll(359)) - Replication Monitor Thread took 0 milliseconds for processing 0 containers.
2021-09-05 02:15:22,691 [EventQueue-OpenPipelineForHealthyPipelineSafeModeRule] INFO  safemode.SCMSafeModeManager (HealthyPipelineSafeModeRule.java:process(124)) - SCM in safe mode. Healthy pipelines reported count is 0, required healthy pipeline reported count is 1
2021-09-05 02:15:22,856 [EventQueue-OpenPipelineForHealthyPipelineSafeModeRule] INFO  safemode.SCMSafeModeManager (HealthyPipelineSafeModeRule.java:process(124)) - SCM in safe mode. Healthy pipelines reported count is 0, required healthy pipeline reported count is 1
2021-09-05 02:15:22,951 [EventQueue-OpenPipelineForHealthyPipelineSafeModeRule] INFO  safemode.SCMSafeModeManager (HealthyPipelineSafeModeRule.java:process(124)) - SCM in safe mode. Healthy pipelines reported count is 0, required healthy pipeline reported count is 1
2021-09-05 02:15:23,001 [EventQueue-OpenPipelineForHealthyPipelineSafeModeRule] INFO  safemode.SCMSafeModeManager (HealthyPipelineSafeModeRule.java:process(124)) - SCM in safe mode. Healthy pipelines reported count is 0, required healthy pipeline reported count is 1
2021-09-05 02:15:23,008 [Command processor thread] INFO  keyvalue.KeyValueContainer (KeyValueContainer.java:flushAndSyncDB(397)) - Container 2 is synced with bcsId 2.
2021-09-05 02:15:23,008 [Command processor thread] INFO  keyvalue.KeyValueContainer (KeyValueContainer.java:flushAndSyncDB(397)) - Container 2 is synced with bcsId 2.
2021-09-05 02:15:23,011 [Command processor thread] INFO  keyvalue.KeyValueContainer (KeyValueContainer.java:close(334)) - Container 2 is closed with bcsId 2.
2021-09-05 02:15:23,012 [Command processor thread] INFO  keyvalue.KeyValueContainer (KeyValueContainer.java:flushAndSyncDB(397)) - Container 5 is synced with bcsId 6.
2021-09-05 02:15:23,012 [Command processor thread] INFO  keyvalue.KeyValueContainer (KeyValueContainer.java:flushAndSyncDB(397)) - Container 5 is synced with bcsId 6.
2021-09-05 02:15:23,015 [Command processor thread] INFO  keyvalue.KeyValueContainer (KeyValueContainer.java:close(334)) - Container 5 is closed with bcsId 6.
2021-09-05 02:15:23,015 [Command processor thread] INFO  keyvalue.KeyValueContainer (KeyValueContainer.java:flushAndSyncDB(397)) - Container 6 is synced with bcsId 9.
2021-09-05 02:15:23,015 [Command processor thread] INFO  keyvalue.KeyValueContainer (KeyValueContainer.java:flushAndSyncDB(397)) - Container 6 is synced with bcsId 9.
2021-09-05 02:15:23,018 [Command processor thread] INFO  keyvalue.KeyValueContainer (KeyValueContainer.java:close(334)) - Container 6 is closed with bcsId 9.
2021-09-05 02:15:23,064 [577e39c9-1c1b-439c-8002-e326b4e2fbea@group-19CF66D751CE-FollowerState] INFO  impl.FollowerState (FollowerState.java:run(134)) - 577e39c9-1c1b-439c-8002-e326b4e2fbea@group-19CF66D751CE-FollowerState: change to CANDIDATE, lastRpcElapsedTime:5125491169ns, electionTimeout:5121ms
2021-09-05 02:15:23,064 [577e39c9-1c1b-439c-8002-e326b4e2fbea@group-19CF66D751CE-FollowerState] INFO  impl.RoleInfo (RoleInfo.java:shutdownFollowerState(108)) - 577e39c9-1c1b-439c-8002-e326b4e2fbea: shutdown 577e39c9-1c1b-439c-8002-e326b4e2fbea@group-19CF66D751CE-FollowerState
2021-09-05 02:15:23,064 [577e39c9-1c1b-439c-8002-e326b4e2fbea@group-19CF66D751CE-FollowerState] INFO  server.RaftServer$Division (RaftServerImpl.java:setRole(285)) - 577e39c9-1c1b-439c-8002-e326b4e2fbea@group-19CF66D751CE: changes role from  FOLLOWER to CANDIDATE at term 0 for changeToCandidate
2021-09-05 02:15:23,064 [577e39c9-1c1b-439c-8002-e326b4e2fbea@group-19CF66D751CE-FollowerState] INFO  server.RaftServerConfigKeys (ConfUtils.java:logGet(44)) - raft.server.leaderelection.pre-vote = false (custom)
2021-09-05 02:15:23,064 [577e39c9-1c1b-439c-8002-e326b4e2fbea@group-19CF66D751CE-FollowerState] INFO  impl.RoleInfo (RoleInfo.java:updateAndGet(130)) - 577e39c9-1c1b-439c-8002-e326b4e2fbea: start 577e39c9-1c1b-439c-8002-e326b4e2fbea@group-19CF66D751CE-LeaderElection16
2021-09-05 02:15:23,067 [DatanodeAdminManager-0] INFO  node.DatanodeAdminMonitorImpl (DatanodeAdminMonitorImpl.java:run(137)) - There are 1 nodes tracked for decommission and maintenance. 0 pending nodes.
2021-09-05 02:15:23,068 [577e39c9-1c1b-439c-8002-e326b4e2fbea@group-19CF66D751CE-LeaderElection16] INFO  impl.LeaderElection (LeaderElection.java:askForVotes(306)) - 577e39c9-1c1b-439c-8002-e326b4e2fbea@group-19CF66D751CE-LeaderElection16 ELECTION round 0: submit vote requests at term 1 for -1: [577e39c9-1c1b-439c-8002-e326b4e2fbea|rpc:10.1.0.22:44289|priority:1], old=null
2021-09-05 02:15:23,068 [577e39c9-1c1b-439c-8002-e326b4e2fbea@group-19CF66D751CE-LeaderElection16] INFO  impl.LeaderElection (LeaderElection.java:askForVotes(308)) - 577e39c9-1c1b-439c-8002-e326b4e2fbea@group-19CF66D751CE-LeaderElection16 ELECTION round 0: result PASSED (term=1)
2021-09-05 02:15:23,068 [577e39c9-1c1b-439c-8002-e326b4e2fbea@group-19CF66D751CE-LeaderElection16] INFO  impl.RoleInfo (RoleInfo.java:shutdownLeaderElection(121)) - 577e39c9-1c1b-439c-8002-e326b4e2fbea: shutdown 577e39c9-1c1b-439c-8002-e326b4e2fbea@group-19CF66D751CE-LeaderElection16
2021-09-05 02:15:23,068 [577e39c9-1c1b-439c-8002-e326b4e2fbea@group-19CF66D751CE-LeaderElection16] INFO  server.RaftServer$Division (RaftServerImpl.java:setRole(285)) - 577e39c9-1c1b-439c-8002-e326b4e2fbea@group-19CF66D751CE: changes role from CANDIDATE to LEADER at term 1 for changeToLeader
2021-09-05 02:15:23,068 [577e39c9-1c1b-439c-8002-e326b4e2fbea@group-19CF66D751CE-LeaderElection16] INFO  ratis.XceiverServerRatis (XceiverServerRatis.java:handleLeaderChangedNotification(861)) - Leader change notification received for group: group-19CF66D751CE with new leaderId: 577e39c9-1c1b-439c-8002-e326b4e2fbea
2021-09-05 02:15:23,069 [577e39c9-1c1b-439c-8002-e326b4e2fbea@group-19CF66D751CE-LeaderElection16] INFO  server.RaftServer$Division (ServerState.java:setLeader(285)) - 577e39c9-1c1b-439c-8002-e326b4e2fbea@group-19CF66D751CE: change Leader from null to 577e39c9-1c1b-439c-8002-e326b4e2fbea at term 1 for becomeLeader, leader elected after 5140ms
2021-09-05 02:15:23,069 [577e39c9-1c1b-439c-8002-e326b4e2fbea@group-19CF66D751CE-LeaderElection16] INFO  server.RaftServerConfigKeys (ConfUtils.java:logGet(44)) - raft.server.staging.catchup.gap = 1000 (default)
2021-09-05 02:15:23,070 [577e39c9-1c1b-439c-8002-e326b4e2fbea@group-19CF66D751CE-LeaderElection16] INFO  server.RaftServerConfigKeys (ConfUtils.java:logGet(44)) - raft.server.write.element-limit = 1024 (custom)
2021-09-05 02:15:23,070 [577e39c9-1c1b-439c-8002-e326b4e2fbea@group-19CF66D751CE-LeaderElection16] INFO  server.RaftServerConfigKeys (ConfUtils.java:logGet(44)) - raft.server.write.byte-limit = 1024 M (=1073741824) (custom)
2021-09-05 02:15:23,070 [EventQueue-OpenPipelineForHealthyPipelineSafeModeRule] INFO  safemode.SCMSafeModeManager (HealthyPipelineSafeModeRule.java:process(124)) - SCM in safe mode. Healthy pipelines reported count is 0, required healthy pipeline reported count is 1
2021-09-05 02:15:23,070 [577e39c9-1c1b-439c-8002-e326b4e2fbea@group-19CF66D751CE-LeaderElection16] INFO  server.RaftServerConfigKeys (ConfUtils.java:logGet(44)) - raft.server.watch.timeout = 180s (custom)
2021-09-05 02:15:23,071 [577e39c9-1c1b-439c-8002-e326b4e2fbea@group-19CF66D751CE-LeaderElection16] INFO  server.RaftServerConfigKeys (ConfUtils.java:logGet(44)) - raft.server.watch.timeout.denomination = 1s (default)
2021-09-05 02:15:23,071 [577e39c9-1c1b-439c-8002-e326b4e2fbea@group-19CF66D751CE-LeaderElection16] INFO  server.RaftServerConfigKeys (ConfUtils.java:logGet(44)) - raft.server.watch.element-limit = 65536 (default)
2021-09-05 02:15:23,071 [577e39c9-1c1b-439c-8002-e326b4e2fbea@group-19CF66D751CE-LeaderElection16] INFO  impl.RoleInfo (RoleInfo.java:updateAndGet(130)) - 577e39c9-1c1b-439c-8002-e326b4e2fbea: start 577e39c9-1c1b-439c-8002-e326b4e2fbea@group-19CF66D751CE-LeaderStateImpl
2021-09-05 02:15:23,071 [577e39c9-1c1b-439c-8002-e326b4e2fbea@group-19CF66D751CE-LeaderElection16] INFO  segmented.SegmentedRaftLogWorker (SegmentedRaftLogWorker.java:startLogSegment(394)) - 577e39c9-1c1b-439c-8002-e326b4e2fbea@group-19CF66D751CE-SegmentedRaftLogWorker: Starting segment from index:0
2021-09-05 02:15:23,075 [577e39c9-1c1b-439c-8002-e326b4e2fbea@group-19CF66D751CE-SegmentedRaftLogWorker] INFO  segmented.SegmentedRaftLogWorker (SegmentedRaftLogWorker.java:execute(601)) - 577e39c9-1c1b-439c-8002-e326b4e2fbea@group-19CF66D751CE-SegmentedRaftLogWorker: created new log segment /home/runner/work/ozone/ozone/hadoop-ozone/integration-test/target/test-dir/MiniOzoneClusterImpl-41f086ef-0a60-4f7c-b4a3-54cba879f76c/datanode-0/data/ratis/3390437f-3625-46bf-b41d-19cf66d751ce/current/log_inprogress_0
2021-09-05 02:15:23,077 [577e39c9-1c1b-439c-8002-e326b4e2fbea@group-19CF66D751CE-LeaderElection16] INFO  server.RaftServer$Division (ServerState.java:setRaftConf(387)) - 577e39c9-1c1b-439c-8002-e326b4e2fbea@group-19CF66D751CE: set configuration 0: [577e39c9-1c1b-439c-8002-e326b4e2fbea|rpc:10.1.0.22:44289|dataStream:|priority:1], old=null
2021-09-05 02:15:23,105 [b79a04c8-a85d-4510-84a3-6b8e8ceb7fb6@group-180CB623063E-FollowerState] INFO  impl.FollowerState (FollowerState.java:run(134)) - b79a04c8-a85d-4510-84a3-6b8e8ceb7fb6@group-180CB623063E-FollowerState: change to CANDIDATE, lastRpcElapsedTime:5117865968ns, electionTimeout:5114ms
2021-09-05 02:15:23,106 [b79a04c8-a85d-4510-84a3-6b8e8ceb7fb6@group-180CB623063E-FollowerState] INFO  impl.RoleInfo (RoleInfo.java:shutdownFollowerState(108)) - b79a04c8-a85d-4510-84a3-6b8e8ceb7fb6: shutdown b79a04c8-a85d-4510-84a3-6b8e8ceb7fb6@group-180CB623063E-FollowerState
2021-09-05 02:15:23,106 [b79a04c8-a85d-4510-84a3-6b8e8ceb7fb6@group-180CB623063E-FollowerState] INFO  server.RaftServer$Division (RaftServerImpl.java:setRole(285)) - b79a04c8-a85d-4510-84a3-6b8e8ceb7fb6@group-180CB623063E: changes role from  FOLLOWER to CANDIDATE at term 0 for changeToCandidate
2021-09-05 02:15:23,106 [b79a04c8-a85d-4510-84a3-6b8e8ceb7fb6@group-180CB623063E-FollowerState] INFO  server.RaftServerConfigKeys (ConfUtils.java:logGet(44)) - raft.server.leaderelection.pre-vote = false (custom)
2021-09-05 02:15:23,106 [b79a04c8-a85d-4510-84a3-6b8e8ceb7fb6@group-180CB623063E-FollowerState] INFO  impl.RoleInfo (RoleInfo.java:updateAndGet(130)) - b79a04c8-a85d-4510-84a3-6b8e8ceb7fb6: start b79a04c8-a85d-4510-84a3-6b8e8ceb7fb6@group-180CB623063E-LeaderElection17
2021-09-05 02:15:23,108 [Datanode State Machine Thread - 0] INFO  statemachine.DatanodeStateMachine (DatanodeStateMachine.java:lambda$startDaemon$0(457)) - Ozone container server started.
2021-09-05 02:15:23,109 [b79a04c8-a85d-4510-84a3-6b8e8ceb7fb6@group-180CB623063E-LeaderElection17] INFO  impl.LeaderElection (LeaderElection.java:askForVotes(306)) - b79a04c8-a85d-4510-84a3-6b8e8ceb7fb6@group-180CB623063E-LeaderElection17 ELECTION round 0: submit vote requests at term 1 for -1: [1d556500-cfb9-44b2-b83e-fe2a8287eb17|rpc:10.1.0.22:34445|dataStream:|priority:1, b79a04c8-a85d-4510-84a3-6b8e8ceb7fb6|rpc:10.1.0.22:45853|dataStream:|priority:0, 577e39c9-1c1b-439c-8002-e326b4e2fbea|rpc:10.1.0.22:44289|dataStream:|priority:0], old=null
2021-09-05 02:15:23,127 [grpc-default-executor-1] INFO  server.RaftServer$Division (RaftServerImpl.java:requestVote(1043)) - 1d556500-cfb9-44b2-b83e-fe2a8287eb17@group-180CB623063E: receive requestVote(ELECTION, b79a04c8-a85d-4510-84a3-6b8e8ceb7fb6, group-180CB623063E, 1, (t:0, i:0))
2021-09-05 02:15:23,127 [grpc-default-executor-1] INFO  impl.VoteContext (VoteContext.java:log(48)) - 1d556500-cfb9-44b2-b83e-fe2a8287eb17@group-180CB623063E-FOLLOWER: reject ELECTION from b79a04c8-a85d-4510-84a3-6b8e8ceb7fb6: our priority 1 > candidate's priority 0
2021-09-05 02:15:23,127 [grpc-default-executor-1] INFO  server.RaftServer$Division (RaftServerImpl.java:setRole(285)) - 1d556500-cfb9-44b2-b83e-fe2a8287eb17@group-180CB623063E: changes role from  FOLLOWER to FOLLOWER at term 1 for candidate:b79a04c8-a85d-4510-84a3-6b8e8ceb7fb6
2021-09-05 02:15:23,127 [grpc-default-executor-1] INFO  impl.RoleInfo (RoleInfo.java:shutdownFollowerState(108)) - 1d556500-cfb9-44b2-b83e-fe2a8287eb17: shutdown 1d556500-cfb9-44b2-b83e-fe2a8287eb17@group-180CB623063E-FollowerState
2021-09-05 02:15:23,128 [grpc-default-executor-1] INFO  impl.RoleInfo (RoleInfo.java:updateAndGet(130)) - 1d556500-cfb9-44b2-b83e-fe2a8287eb17: start 1d556500-cfb9-44b2-b83e-fe2a8287eb17@group-180CB623063E-FollowerState
2021-09-05 02:15:23,128 [1d556500-cfb9-44b2-b83e-fe2a8287eb17@group-180CB623063E-FollowerState] INFO  impl.FollowerState (FollowerState.java:run(143)) - 1d556500-cfb9-44b2-b83e-fe2a8287eb17@group-180CB623063E-FollowerState was interrupted: {}
java.lang.InterruptedException: sleep interrupted
	at java.lang.Thread.sleep(Native Method)
	at java.lang.Thread.sleep(Thread.java:340)
	at java.util.concurrent.TimeUnit.sleep(TimeUnit.java:386)
	at org.apache.ratis.util.TimeDuration.sleep(TimeDuration.java:324)
	at org.apache.ratis.util.TimeDuration.sleep(TimeDuration.java:309)
	at org.apache.ratis.server.impl.FollowerState.run(FollowerState.java:118)
2021-09-05 02:15:23,135 [grpc-default-executor-1] INFO  server.RaftServer$Division (RaftServerImpl.java:requestVote(1075)) - 1d556500-cfb9-44b2-b83e-fe2a8287eb17@group-180CB623063E replies to ELECTION vote request: b79a04c8-a85d-4510-84a3-6b8e8ceb7fb6<-1d556500-cfb9-44b2-b83e-fe2a8287eb17#0:FAIL-t1. Peer's state: 1d556500-cfb9-44b2-b83e-fe2a8287eb17@group-180CB623063E:t1, leader=null, voted=null, raftlog=1d556500-cfb9-44b2-b83e-fe2a8287eb17@group-180CB623063E-SegmentedRaftLog:OPENED:c-1,f-1,i0, conf=-1: [1d556500-cfb9-44b2-b83e-fe2a8287eb17|rpc:10.1.0.22:34445|dataStream:|priority:1, b79a04c8-a85d-4510-84a3-6b8e8ceb7fb6|rpc:10.1.0.22:45853|dataStream:|priority:0, 577e39c9-1c1b-439c-8002-e326b4e2fbea|rpc:10.1.0.22:44289|dataStream:|priority:0], old=null
2021-09-05 02:15:23,135 [b79a04c8-a85d-4510-84a3-6b8e8ceb7fb6@group-180CB623063E-LeaderElection17] INFO  impl.LeaderElection (LeaderElection.java:logAndReturn(89)) - b79a04c8-a85d-4510-84a3-6b8e8ceb7fb6@group-180CB623063E-LeaderElection17: ELECTION REJECTED received 1 response(s) and 0 exception(s):
2021-09-05 02:15:23,136 [b79a04c8-a85d-4510-84a3-6b8e8ceb7fb6@group-180CB623063E-LeaderElection17] INFO  impl.LeaderElection (LeaderElection.java:logAndReturn(93)) -   Response 0: b79a04c8-a85d-4510-84a3-6b8e8ceb7fb6<-1d556500-cfb9-44b2-b83e-fe2a8287eb17#0:FAIL-t1
2021-09-05 02:15:23,136 [b79a04c8-a85d-4510-84a3-6b8e8ceb7fb6@group-180CB623063E-LeaderElection17] INFO  impl.LeaderElection (LeaderElection.java:askForVotes(308)) - b79a04c8-a85d-4510-84a3-6b8e8ceb7fb6@group-180CB623063E-LeaderElection17 ELECTION round 0: result REJECTED
2021-09-05 02:15:23,136 [b79a04c8-a85d-4510-84a3-6b8e8ceb7fb6@group-180CB623063E-LeaderElection17] INFO  server.RaftServer$Division (RaftServerImpl.java:setRole(285)) - b79a04c8-a85d-4510-84a3-6b8e8ceb7fb6@group-180CB623063E: changes role from CANDIDATE to FOLLOWER at term 1 for REJECTED
2021-09-05 02:15:23,136 [b79a04c8-a85d-4510-84a3-6b8e8ceb7fb6@group-180CB623063E-LeaderElection17] INFO  impl.RoleInfo (RoleInfo.java:shutdownLeaderElection(121)) - b79a04c8-a85d-4510-84a3-6b8e8ceb7fb6: shutdown b79a04c8-a85d-4510-84a3-6b8e8ceb7fb6@group-180CB623063E-LeaderElection17
2021-09-05 02:15:23,136 [b79a04c8-a85d-4510-84a3-6b8e8ceb7fb6@group-180CB623063E-LeaderElection17] INFO  impl.RoleInfo (RoleInfo.java:updateAndGet(130)) - b79a04c8-a85d-4510-84a3-6b8e8ceb7fb6: start b79a04c8-a85d-4510-84a3-6b8e8ceb7fb6@group-180CB623063E-FollowerState
2021-09-05 02:15:23,142 [577e39c9-1c1b-439c-8002-e326b4e2fbea@group-180CB623063E-FollowerState] INFO  impl.FollowerState (FollowerState.java:run(134)) - 577e39c9-1c1b-439c-8002-e326b4e2fbea@group-180CB623063E-FollowerState: change to CANDIDATE, lastRpcElapsedTime:5185063855ns, electionTimeout:5179ms
2021-09-05 02:15:23,143 [577e39c9-1c1b-439c-8002-e326b4e2fbea@group-180CB623063E-FollowerState] INFO  impl.RoleInfo (RoleInfo.java:shutdownFollowerState(108)) - 577e39c9-1c1b-439c-8002-e326b4e2fbea: shutdown 577e39c9-1c1b-439c-8002-e326b4e2fbea@group-180CB623063E-FollowerState
2021-09-05 02:15:23,143 [grpc-default-executor-3] INFO  server.RaftServer$Division (RaftServerImpl.java:requestVote(1043)) - 577e39c9-1c1b-439c-8002-e326b4e2fbea@group-180CB623063E: receive requestVote(ELECTION, b79a04c8-a85d-4510-84a3-6b8e8ceb7fb6, group-180CB623063E, 1, (t:0, i:0))
2021-09-05 02:15:23,143 [577e39c9-1c1b-439c-8002-e326b4e2fbea@group-180CB623063E-FollowerState] INFO  server.RaftServer$Division (RaftServerImpl.java:setRole(285)) - 577e39c9-1c1b-439c-8002-e326b4e2fbea@group-180CB623063E: changes role from  FOLLOWER to CANDIDATE at term 0 for changeToCandidate
2021-09-05 02:15:23,144 [577e39c9-1c1b-439c-8002-e326b4e2fbea@group-180CB623063E-FollowerState] INFO  server.RaftServerConfigKeys (ConfUtils.java:logGet(44)) - raft.server.leaderelection.pre-vote = false (custom)
2021-09-05 02:15:23,144 [577e39c9-1c1b-439c-8002-e326b4e2fbea@group-180CB623063E-FollowerState] INFO  impl.RoleInfo (RoleInfo.java:updateAndGet(130)) - 577e39c9-1c1b-439c-8002-e326b4e2fbea: start 577e39c9-1c1b-439c-8002-e326b4e2fbea@group-180CB623063E-LeaderElection18
2021-09-05 02:15:23,146 [grpc-default-executor-3] INFO  impl.VoteContext (VoteContext.java:log(48)) - 577e39c9-1c1b-439c-8002-e326b4e2fbea@group-180CB623063E-CANDIDATE: accept ELECTION from b79a04c8-a85d-4510-84a3-6b8e8ceb7fb6: our priority 0 <= candidate's priority 0
2021-09-05 02:15:23,146 [grpc-default-executor-3] INFO  server.RaftServer$Division (RaftServerImpl.java:setRole(285)) - 577e39c9-1c1b-439c-8002-e326b4e2fbea@group-180CB623063E: changes role from CANDIDATE to FOLLOWER at term 1 for candidate:b79a04c8-a85d-4510-84a3-6b8e8ceb7fb6
2021-09-05 02:15:23,146 [grpc-default-executor-3] INFO  impl.RoleInfo (RoleInfo.java:shutdownLeaderElection(121)) - 577e39c9-1c1b-439c-8002-e326b4e2fbea: shutdown 577e39c9-1c1b-439c-8002-e326b4e2fbea@group-180CB623063E-LeaderElection18
2021-09-05 02:15:23,147 [grpc-default-executor-3] INFO  impl.RoleInfo (RoleInfo.java:updateAndGet(130)) - 577e39c9-1c1b-439c-8002-e326b4e2fbea: start 577e39c9-1c1b-439c-8002-e326b4e2fbea@group-180CB623063E-FollowerState
2021-09-05 02:15:23,149 [grpc-default-executor-3] INFO  server.RaftServer$Division (RaftServerImpl.java:requestVote(1075)) - 577e39c9-1c1b-439c-8002-e326b4e2fbea@group-180CB623063E replies to ELECTION vote request: b79a04c8-a85d-4510-84a3-6b8e8ceb7fb6<-577e39c9-1c1b-439c-8002-e326b4e2fbea#0:OK-t1. Peer's state: 577e39c9-1c1b-439c-8002-e326b4e2fbea@group-180CB623063E:t1, leader=null, voted=b79a04c8-a85d-4510-84a3-6b8e8ceb7fb6, raftlog=577e39c9-1c1b-439c-8002-e326b4e2fbea@group-180CB623063E-SegmentedRaftLog:OPENED:c-1,f-1,i0, conf=-1: [1d556500-cfb9-44b2-b83e-fe2a8287eb17|rpc:10.1.0.22:34445|priority:1, b79a04c8-a85d-4510-84a3-6b8e8ceb7fb6|rpc:10.1.0.22:45853|priority:0, 577e39c9-1c1b-439c-8002-e326b4e2fbea|rpc:10.1.0.22:44289|priority:0], old=null
2021-09-05 02:15:23,304 [Listener at 127.0.0.1/38669] INFO  ozone.MiniOzoneClusterImpl (MiniOzoneClusterImpl.java:lambda$waitForClusterToBeReady$0(235)) - Nodes are ready. Got 6 of 6 DN Heartbeats.
2021-09-05 02:15:23,304 [Listener at 127.0.0.1/38669] INFO  ozone.MiniOzoneClusterImpl (MiniOzoneClusterImpl.java:lambda$waitForClusterToBeReady$0(238)) - Waiting for cluster to exit safe mode
2021-09-05 02:15:23,304 [Listener at 127.0.0.1/38669] INFO  ozone.MiniOzoneClusterImpl (MiniOzoneClusterImpl.java:lambda$waitForClusterToBeReady$0(240)) - SCM became leader
2021-09-05 02:15:23,315 [ReplicationMonitor] INFO  container.ReplicationManager (ReplicationManager.java:processAll(359)) - Replication Monitor Thread took 1 milliseconds for processing 6 containers.
2021-09-05 02:15:23,347 [EventQueue-OpenPipelineForHealthyPipelineSafeModeRule] INFO  safemode.SCMSafeModeManager (HealthyPipelineSafeModeRule.java:process(124)) - SCM in safe mode. Healthy pipelines reported count is 0, required healthy pipeline reported count is 1
2021-09-05 02:15:23,388 [1d556500-cfb9-44b2-b83e-fe2a8287eb17@group-37A1EBB43ADB-FollowerState] INFO  impl.FollowerState (FollowerState.java:run(134)) - 1d556500-cfb9-44b2-b83e-fe2a8287eb17@group-37A1EBB43ADB-FollowerState: change to CANDIDATE, lastRpcElapsedTime:5031957129ns, electionTimeout:5022ms
2021-09-05 02:15:23,388 [1d556500-cfb9-44b2-b83e-fe2a8287eb17@group-37A1EBB43ADB-FollowerState] INFO  impl.RoleInfo (RoleInfo.java:shutdownFollowerState(108)) - 1d556500-cfb9-44b2-b83e-fe2a8287eb17: shutdown 1d556500-cfb9-44b2-b83e-fe2a8287eb17@group-37A1EBB43ADB-FollowerState
2021-09-05 02:15:23,388 [1d556500-cfb9-44b2-b83e-fe2a8287eb17@group-37A1EBB43ADB-FollowerState] INFO  server.RaftServer$Division (RaftServerImpl.java:setRole(285)) - 1d556500-cfb9-44b2-b83e-fe2a8287eb17@group-37A1EBB43ADB: changes role from  FOLLOWER to CANDIDATE at term 0 for changeToCandidate
2021-09-05 02:15:23,388 [1d556500-cfb9-44b2-b83e-fe2a8287eb17@group-37A1EBB43ADB-FollowerState] INFO  server.RaftServerConfigKeys (ConfUtils.java:logGet(44)) - raft.server.leaderelection.pre-vote = false (custom)
2021-09-05 02:15:23,388 [1d556500-cfb9-44b2-b83e-fe2a8287eb17@group-37A1EBB43ADB-FollowerState] INFO  impl.RoleInfo (RoleInfo.java:updateAndGet(130)) - 1d556500-cfb9-44b2-b83e-fe2a8287eb17: start 1d556500-cfb9-44b2-b83e-fe2a8287eb17@group-37A1EBB43ADB-LeaderElection19
2021-09-05 02:15:23,394 [1d556500-cfb9-44b2-b83e-fe2a8287eb17@group-37A1EBB43ADB-LeaderElection19] INFO  impl.LeaderElection (LeaderElection.java:askForVotes(306)) - 1d556500-cfb9-44b2-b83e-fe2a8287eb17@group-37A1EBB43ADB-LeaderElection19 ELECTION round 0: submit vote requests at term 1 for -1: [1d556500-cfb9-44b2-b83e-fe2a8287eb17|rpc:10.1.0.22:34445|priority:1], old=null
2021-09-05 02:15:23,394 [1d556500-cfb9-44b2-b83e-fe2a8287eb17@group-37A1EBB43ADB-LeaderElection19] INFO  impl.LeaderElection (LeaderElection.java:askForVotes(308)) - 1d556500-cfb9-44b2-b83e-fe2a8287eb17@group-37A1EBB43ADB-LeaderElection19 ELECTION round 0: result PASSED (term=1)
2021-09-05 02:15:23,394 [1d556500-cfb9-44b2-b83e-fe2a8287eb17@group-37A1EBB43ADB-LeaderElection19] INFO  impl.RoleInfo (RoleInfo.java:shutdownLeaderElection(121)) - 1d556500-cfb9-44b2-b83e-fe2a8287eb17: shutdown 1d556500-cfb9-44b2-b83e-fe2a8287eb17@group-37A1EBB43ADB-LeaderElection19
2021-09-05 02:15:23,394 [1d556500-cfb9-44b2-b83e-fe2a8287eb17@group-37A1EBB43ADB-LeaderElection19] INFO  server.RaftServer$Division (RaftServerImpl.java:setRole(285)) - 1d556500-cfb9-44b2-b83e-fe2a8287eb17@group-37A1EBB43ADB: changes role from CANDIDATE to LEADER at term 1 for changeToLeader
2021-09-05 02:15:23,394 [1d556500-cfb9-44b2-b83e-fe2a8287eb17@group-37A1EBB43ADB-LeaderElection19] INFO  ratis.XceiverServerRatis (XceiverServerRatis.java:handleLeaderChangedNotification(861)) - Leader change notification received for group: group-37A1EBB43ADB with new leaderId: 1d556500-cfb9-44b2-b83e-fe2a8287eb17
2021-09-05 02:15:23,394 [1d556500-cfb9-44b2-b83e-fe2a8287eb17@group-37A1EBB43ADB-LeaderElection19] INFO  server.RaftServer$Division (ServerState.java:setLeader(285)) - 1d556500-cfb9-44b2-b83e-fe2a8287eb17@group-37A1EBB43ADB: change Leader from null to 1d556500-cfb9-44b2-b83e-fe2a8287eb17 at term 1 for becomeLeader, leader elected after 5062ms
2021-09-05 02:15:23,395 [1d556500-cfb9-44b2-b83e-fe2a8287eb17@group-37A1EBB43ADB-LeaderElection19] INFO  server.RaftServerConfigKeys (ConfUtils.java:logGet(44)) - raft.server.staging.catchup.gap = 1000 (default)
2021-09-05 02:15:23,395 [Datanode State Machine Thread - 0] WARN  statemachine.StateContext (StateContext.java:execute(621)) - No available thread in pool for past 1 seconds.
2021-09-05 02:15:23,395 [1d556500-cfb9-44b2-b83e-fe2a8287eb17@group-37A1EBB43ADB-LeaderElection19] INFO  server.RaftServerConfigKeys (ConfUtils.java:logGet(44)) - raft.server.write.element-limit = 1024 (custom)
2021-09-05 02:15:23,395 [1d556500-cfb9-44b2-b83e-fe2a8287eb17@group-37A1EBB43ADB-LeaderElection19] INFO  server.RaftServerConfigKeys (ConfUtils.java:logGet(44)) - raft.server.write.byte-limit = 1024 M (=1073741824) (custom)
2021-09-05 02:15:23,395 [1d556500-cfb9-44b2-b83e-fe2a8287eb17@group-37A1EBB43ADB-LeaderElection19] INFO  server.RaftServerConfigKeys (ConfUtils.java:logGet(44)) - raft.server.watch.timeout = 180s (custom)
2021-09-05 02:15:23,395 [1d556500-cfb9-44b2-b83e-fe2a8287eb17@group-37A1EBB43ADB-LeaderElection19] INFO  server.RaftServerConfigKeys (ConfUtils.java:logGet(44)) - raft.server.watch.timeout.denomination = 1s (default)
2021-09-05 02:15:23,395 [1d556500-cfb9-44b2-b83e-fe2a8287eb17@group-37A1EBB43ADB-LeaderElection19] INFO  server.RaftServerConfigKeys (ConfUtils.java:logGet(44)) - raft.server.watch.element-limit = 65536 (default)
2021-09-05 02:15:23,396 [1d556500-cfb9-44b2-b83e-fe2a8287eb17@group-37A1EBB43ADB-LeaderElection19] INFO  impl.RoleInfo (RoleInfo.java:updateAndGet(130)) - 1d556500-cfb9-44b2-b83e-fe2a8287eb17: start 1d556500-cfb9-44b2-b83e-fe2a8287eb17@group-37A1EBB43ADB-LeaderStateImpl
2021-09-05 02:15:23,396 [1d556500-cfb9-44b2-b83e-fe2a8287eb17@group-37A1EBB43ADB-LeaderElection19] INFO  segmented.SegmentedRaftLogWorker (SegmentedRaftLogWorker.java:startLogSegment(394)) - 1d556500-cfb9-44b2-b83e-fe2a8287eb17@group-37A1EBB43ADB-SegmentedRaftLogWorker: Starting segment from index:0
2021-09-05 02:15:23,406 [1d556500-cfb9-44b2-b83e-fe2a8287eb17@group-37A1EBB43ADB-LeaderElection19] INFO  server.RaftServer$Division (ServerState.java:setRaftConf(387)) - 1d556500-cfb9-44b2-b83e-fe2a8287eb17@group-37A1EBB43ADB: set configuration 0: [1d556500-cfb9-44b2-b83e-fe2a8287eb17|rpc:10.1.0.22:34445|dataStream:|priority:1], old=null
2021-09-05 02:15:23,410 [1d556500-cfb9-44b2-b83e-fe2a8287eb17@group-37A1EBB43ADB-SegmentedRaftLogWorker] INFO  segmented.SegmentedRaftLogWorker (SegmentedRaftLogWorker.java:execute(601)) - 1d556500-cfb9-44b2-b83e-fe2a8287eb17@group-37A1EBB43ADB-SegmentedRaftLogWorker: created new log segment /home/runner/work/ozone/ozone/hadoop-ozone/integration-test/target/test-dir/MiniOzoneClusterImpl-41f086ef-0a60-4f7c-b4a3-54cba879f76c/datanode-1/data/ratis/f1943088-b1ad-4b14-bbd4-37a1ebb43adb/current/log_inprogress_0
2021-09-05 02:15:23,411 [EventQueue-OpenPipelineForHealthyPipelineSafeModeRule] INFO  safemode.SCMSafeModeManager (HealthyPipelineSafeModeRule.java:process(124)) - SCM in safe mode. Healthy pipelines reported count is 0, required healthy pipeline reported count is 1
2021-09-05 02:15:23,455 [EventQueue-OpenPipelineForHealthyPipelineSafeModeRule] INFO  safemode.SCMSafeModeManager (HealthyPipelineSafeModeRule.java:process(124)) - SCM in safe mode. Healthy pipelines reported count is 0, required healthy pipeline reported count is 1
2021-09-05 02:15:23,542 [b79a04c8-a85d-4510-84a3-6b8e8ceb7fb6@group-67C01BA91EB3-FollowerState] INFO  impl.FollowerState (FollowerState.java:run(134)) - b79a04c8-a85d-4510-84a3-6b8e8ceb7fb6@group-67C01BA91EB3-FollowerState: change to CANDIDATE, lastRpcElapsedTime:5073863981ns, electionTimeout:5064ms
2021-09-05 02:15:23,542 [b79a04c8-a85d-4510-84a3-6b8e8ceb7fb6@group-67C01BA91EB3-FollowerState] INFO  impl.RoleInfo (RoleInfo.java:shutdownFollowerState(108)) - b79a04c8-a85d-4510-84a3-6b8e8ceb7fb6: shutdown b79a04c8-a85d-4510-84a3-6b8e8ceb7fb6@group-67C01BA91EB3-FollowerState
2021-09-05 02:15:23,542 [b79a04c8-a85d-4510-84a3-6b8e8ceb7fb6@group-67C01BA91EB3-FollowerState] INFO  server.RaftServer$Division (RaftServerImpl.java:setRole(285)) - b79a04c8-a85d-4510-84a3-6b8e8ceb7fb6@group-67C01BA91EB3: changes role from  FOLLOWER to CANDIDATE at term 0 for changeToCandidate
2021-09-05 02:15:23,542 [b79a04c8-a85d-4510-84a3-6b8e8ceb7fb6@group-67C01BA91EB3-FollowerState] INFO  server.RaftServerConfigKeys (ConfUtils.java:logGet(44)) - raft.server.leaderelection.pre-vote = false (custom)
2021-09-05 02:15:23,542 [b79a04c8-a85d-4510-84a3-6b8e8ceb7fb6@group-67C01BA91EB3-FollowerState] INFO  impl.RoleInfo (RoleInfo.java:updateAndGet(130)) - b79a04c8-a85d-4510-84a3-6b8e8ceb7fb6: start b79a04c8-a85d-4510-84a3-6b8e8ceb7fb6@group-67C01BA91EB3-LeaderElection20
2021-09-05 02:15:23,545 [ReplicationMonitor] INFO  container.ReplicationManager (ReplicationManager.java:processAll(359)) - Replication Monitor Thread took 0 milliseconds for processing 0 containers.
2021-09-05 02:15:23,547 [b79a04c8-a85d-4510-84a3-6b8e8ceb7fb6@group-67C01BA91EB3-LeaderElection20] INFO  impl.LeaderElection (LeaderElection.java:askForVotes(306)) - b79a04c8-a85d-4510-84a3-6b8e8ceb7fb6@group-67C01BA91EB3-LeaderElection20 ELECTION round 0: submit vote requests at term 1 for -1: [b79a04c8-a85d-4510-84a3-6b8e8ceb7fb6|rpc:10.1.0.22:45853|priority:1], old=null
2021-09-05 02:15:23,547 [b79a04c8-a85d-4510-84a3-6b8e8ceb7fb6@group-67C01BA91EB3-LeaderElection20] INFO  impl.LeaderElection (LeaderElection.java:askForVotes(308)) - b79a04c8-a85d-4510-84a3-6b8e8ceb7fb6@group-67C01BA91EB3-LeaderElection20 ELECTION round 0: result PASSED (term=1)
2021-09-05 02:15:23,547 [b79a04c8-a85d-4510-84a3-6b8e8ceb7fb6@group-67C01BA91EB3-LeaderElection20] INFO  impl.RoleInfo (RoleInfo.java:shutdownLeaderElection(121)) - b79a04c8-a85d-4510-84a3-6b8e8ceb7fb6: shutdown b79a04c8-a85d-4510-84a3-6b8e8ceb7fb6@group-67C01BA91EB3-LeaderElection20
2021-09-05 02:15:23,547 [b79a04c8-a85d-4510-84a3-6b8e8ceb7fb6@group-67C01BA91EB3-LeaderElection20] INFO  server.RaftServer$Division (RaftServerImpl.java:setRole(285)) - b79a04c8-a85d-4510-84a3-6b8e8ceb7fb6@group-67C01BA91EB3: changes role from CANDIDATE to LEADER at term 1 for changeToLeader
2021-09-05 02:15:23,547 [b79a04c8-a85d-4510-84a3-6b8e8ceb7fb6@group-67C01BA91EB3-LeaderElection20] INFO  ratis.XceiverServerRatis (XceiverServerRatis.java:handleLeaderChangedNotification(861)) - Leader change notification received for group: group-67C01BA91EB3 with new leaderId: b79a04c8-a85d-4510-84a3-6b8e8ceb7fb6
2021-09-05 02:15:23,547 [b79a04c8-a85d-4510-84a3-6b8e8ceb7fb6@group-67C01BA91EB3-LeaderElection20] INFO  server.RaftServer$Division (ServerState.java:setLeader(285)) - b79a04c8-a85d-4510-84a3-6b8e8ceb7fb6@group-67C01BA91EB3: change Leader from null to b79a04c8-a85d-4510-84a3-6b8e8ceb7fb6 at term 1 for becomeLeader, leader elected after 5093ms
2021-09-05 02:15:23,547 [b79a04c8-a85d-4510-84a3-6b8e8ceb7fb6@group-67C01BA91EB3-LeaderElection20] INFO  server.RaftServerConfigKeys (ConfUtils.java:logGet(44)) - raft.server.staging.catchup.gap = 1000 (default)
2021-09-05 02:15:23,547 [Datanode State Machine Thread - 0] WARN  statemachine.StateContext (StateContext.java:execute(621)) - No available thread in pool for past 1 seconds.
2021-09-05 02:15:23,548 [b79a04c8-a85d-4510-84a3-6b8e8ceb7fb6@group-67C01BA91EB3-LeaderElection20] INFO  server.RaftServerConfigKeys (ConfUtils.java:logGet(44)) - raft.server.write.element-limit = 1024 (custom)
2021-09-05 02:15:23,549 [EventQueue-OpenPipelineForHealthyPipelineSafeModeRule] INFO  safemode.SCMSafeModeManager (HealthyPipelineSafeModeRule.java:process(124)) - SCM in safe mode. Healthy pipelines reported count is 0, required healthy pipeline reported count is 1
2021-09-05 02:15:23,549 [b79a04c8-a85d-4510-84a3-6b8e8ceb7fb6@group-67C01BA91EB3-LeaderElection20] INFO  server.RaftServerConfigKeys (ConfUtils.java:logGet(44)) - raft.server.write.byte-limit = 1024 M (=1073741824) (custom)
2021-09-05 02:15:23,549 [b79a04c8-a85d-4510-84a3-6b8e8ceb7fb6@group-67C01BA91EB3-LeaderElection20] INFO  server.RaftServerConfigKeys (ConfUtils.java:logGet(44)) - raft.server.watch.timeout = 180s (custom)
2021-09-05 02:15:23,549 [b79a04c8-a85d-4510-84a3-6b8e8ceb7fb6@group-67C01BA91EB3-LeaderElection20] INFO  server.RaftServerConfigKeys (ConfUtils.java:logGet(44)) - raft.server.watch.timeout.denomination = 1s (default)
2021-09-05 02:15:23,549 [b79a04c8-a85d-4510-84a3-6b8e8ceb7fb6@group-67C01BA91EB3-LeaderElection20] INFO  server.RaftServerConfigKeys (ConfUtils.java:logGet(44)) - raft.server.watch.element-limit = 65536 (default)
2021-09-05 02:15:23,549 [b79a04c8-a85d-4510-84a3-6b8e8ceb7fb6@group-67C01BA91EB3-LeaderElection20] INFO  impl.RoleInfo (RoleInfo.java:updateAndGet(130)) - b79a04c8-a85d-4510-84a3-6b8e8ceb7fb6: start b79a04c8-a85d-4510-84a3-6b8e8ceb7fb6@group-67C01BA91EB3-LeaderStateImpl
2021-09-05 02:15:23,550 [b79a04c8-a85d-4510-84a3-6b8e8ceb7fb6@group-67C01BA91EB3-LeaderElection20] INFO  segmented.SegmentedRaftLogWorker (SegmentedRaftLogWorker.java:startLogSegment(394)) - b79a04c8-a85d-4510-84a3-6b8e8ceb7fb6@group-67C01BA91EB3-SegmentedRaftLogWorker: Starting segment from index:0
2021-09-05 02:15:23,551 [b79a04c8-a85d-4510-84a3-6b8e8ceb7fb6@group-67C01BA91EB3-SegmentedRaftLogWorker] INFO  segmented.SegmentedRaftLogWorker (SegmentedRaftLogWorker.java:execute(601)) - b79a04c8-a85d-4510-84a3-6b8e8ceb7fb6@group-67C01BA91EB3-SegmentedRaftLogWorker: created new log segment /home/runner/work/ozone/ozone/hadoop-ozone/integration-test/target/test-dir/MiniOzoneClusterImpl-41f086ef-0a60-4f7c-b4a3-54cba879f76c/datanode-2/data/ratis/e03de663-6081-433f-9419-67c01ba91eb3/current/log_inprogress_0
2021-09-05 02:15:23,563 [b79a04c8-a85d-4510-84a3-6b8e8ceb7fb6@group-67C01BA91EB3-LeaderElection20] INFO  server.RaftServer$Division (ServerState.java:setRaftConf(387)) - b79a04c8-a85d-4510-84a3-6b8e8ceb7fb6@group-67C01BA91EB3: set configuration 0: [b79a04c8-a85d-4510-84a3-6b8e8ceb7fb6|rpc:10.1.0.22:45853|dataStream:|priority:1], old=null
2021-09-05 02:15:23,691 [EventQueue-OpenPipelineForHealthyPipelineSafeModeRule] INFO  safemode.SCMSafeModeManager (HealthyPipelineSafeModeRule.java:process(124)) - SCM in safe mode. Healthy pipelines reported count is 0, required healthy pipeline reported count is 1
2021-09-05 02:15:23,741 [a5a3b4f5-3484-4282-ab73-6a29d94875d9@group-054D0727F730-FollowerState] INFO  impl.FollowerState (FollowerState.java:run(134)) - a5a3b4f5-3484-4282-ab73-6a29d94875d9@group-054D0727F730-FollowerState: change to CANDIDATE, lastRpcElapsedTime:5015018001ns, electionTimeout:5014ms
2021-09-05 02:15:23,742 [a5a3b4f5-3484-4282-ab73-6a29d94875d9@group-054D0727F730-FollowerState] INFO  impl.RoleInfo (RoleInfo.java:shutdownFollowerState(108)) - a5a3b4f5-3484-4282-ab73-6a29d94875d9: shutdown a5a3b4f5-3484-4282-ab73-6a29d94875d9@group-054D0727F730-FollowerState
2021-09-05 02:15:23,742 [a5a3b4f5-3484-4282-ab73-6a29d94875d9@group-054D0727F730-FollowerState] INFO  server.RaftServer$Division (RaftServerImpl.java:setRole(285)) - a5a3b4f5-3484-4282-ab73-6a29d94875d9@group-054D0727F730: changes role from  FOLLOWER to CANDIDATE at term 0 for changeToCandidate
2021-09-05 02:15:23,742 [a5a3b4f5-3484-4282-ab73-6a29d94875d9@group-054D0727F730-FollowerState] INFO  server.RaftServerConfigKeys (ConfUtils.java:logGet(44)) - raft.server.leaderelection.pre-vote = false (custom)
2021-09-05 02:15:23,742 [a5a3b4f5-3484-4282-ab73-6a29d94875d9@group-054D0727F730-FollowerState] INFO  impl.RoleInfo (RoleInfo.java:updateAndGet(130)) - a5a3b4f5-3484-4282-ab73-6a29d94875d9: start a5a3b4f5-3484-4282-ab73-6a29d94875d9@group-054D0727F730-LeaderElection21
2021-09-05 02:15:23,751 [a5a3b4f5-3484-4282-ab73-6a29d94875d9@group-054D0727F730-LeaderElection21] INFO  impl.LeaderElection (LeaderElection.java:askForVotes(306)) - a5a3b4f5-3484-4282-ab73-6a29d94875d9@group-054D0727F730-LeaderElection21 ELECTION round 0: submit vote requests at term 1 for -1: [a5a3b4f5-3484-4282-ab73-6a29d94875d9|rpc:10.1.0.22:46191|dataStream:|priority:0, 6ec9e918-e233-4af1-a2ad-83394b4f880d|rpc:10.1.0.22:34469|dataStream:|priority:1, 70b5588f-03e2-4e7c-9cb7-471676996542|rpc:10.1.0.22:34009|dataStream:|priority:0], old=null
2021-09-05 02:15:23,765 [grpc-default-executor-1] INFO  server.RaftServer$Division (RaftServerImpl.java:requestVote(1043)) - 70b5588f-03e2-4e7c-9cb7-471676996542@group-054D0727F730: receive requestVote(ELECTION, a5a3b4f5-3484-4282-ab73-6a29d94875d9, group-054D0727F730, 1, (t:0, i:0))
2021-09-05 02:15:23,765 [grpc-default-executor-3] INFO  server.RaftServer$Division (RaftServerImpl.java:requestVote(1043)) - 6ec9e918-e233-4af1-a2ad-83394b4f880d@group-054D0727F730: receive requestVote(ELECTION, a5a3b4f5-3484-4282-ab73-6a29d94875d9, group-054D0727F730, 1, (t:0, i:0))
2021-09-05 02:15:23,765 [grpc-default-executor-1] INFO  impl.VoteContext (VoteContext.java:log(48)) - 70b5588f-03e2-4e7c-9cb7-471676996542@group-054D0727F730-FOLLOWER: accept ELECTION from a5a3b4f5-3484-4282-ab73-6a29d94875d9: our priority 0 <= candidate's priority 0
2021-09-05 02:15:23,765 [grpc-default-executor-3] INFO  impl.VoteContext (VoteContext.java:log(48)) - 6ec9e918-e233-4af1-a2ad-83394b4f880d@group-054D0727F730-FOLLOWER: reject ELECTION from a5a3b4f5-3484-4282-ab73-6a29d94875d9: our priority 1 > candidate's priority 0
2021-09-05 02:15:23,765 [grpc-default-executor-1] INFO  server.RaftServer$Division (RaftServerImpl.java:setRole(285)) - 70b5588f-03e2-4e7c-9cb7-471676996542@group-054D0727F730: changes role from  FOLLOWER to FOLLOWER at term 1 for candidate:a5a3b4f5-3484-4282-ab73-6a29d94875d9
2021-09-05 02:15:23,765 [grpc-default-executor-1] INFO  impl.RoleInfo (RoleInfo.java:shutdownFollowerState(108)) - 70b5588f-03e2-4e7c-9cb7-471676996542: shutdown 70b5588f-03e2-4e7c-9cb7-471676996542@group-054D0727F730-FollowerState
2021-09-05 02:15:23,765 [grpc-default-executor-3] INFO  server.RaftServer$Division (RaftServerImpl.java:setRole(285)) - 6ec9e918-e233-4af1-a2ad-83394b4f880d@group-054D0727F730: changes role from  FOLLOWER to FOLLOWER at term 1 for candidate:a5a3b4f5-3484-4282-ab73-6a29d94875d9
2021-09-05 02:15:23,765 [70b5588f-03e2-4e7c-9cb7-471676996542@group-054D0727F730-FollowerState] INFO  impl.FollowerState (FollowerState.java:run(143)) - 70b5588f-03e2-4e7c-9cb7-471676996542@group-054D0727F730-FollowerState was interrupted: {}
java.lang.InterruptedException: sleep interrupted
	at java.lang.Thread.sleep(Native Method)
	at java.lang.Thread.sleep(Thread.java:340)
	at java.util.concurrent.TimeUnit.sleep(TimeUnit.java:386)
	at org.apache.ratis.util.TimeDuration.sleep(TimeDuration.java:324)
	at org.apache.ratis.util.TimeDuration.sleep(TimeDuration.java:309)
	at org.apache.ratis.server.impl.FollowerState.run(FollowerState.java:118)
2021-09-05 02:15:23,765 [grpc-default-executor-3] INFO  impl.RoleInfo (RoleInfo.java:shutdownFollowerState(108)) - 6ec9e918-e233-4af1-a2ad-83394b4f880d: shutdown 6ec9e918-e233-4af1-a2ad-83394b4f880d@group-054D0727F730-FollowerState
2021-09-05 02:15:23,774 [6ec9e918-e233-4af1-a2ad-83394b4f880d@group-054D0727F730-FollowerState] INFO  impl.FollowerState (FollowerState.java:run(143)) - 6ec9e918-e233-4af1-a2ad-83394b4f880d@group-054D0727F730-FollowerState was interrupted: {}
java.lang.InterruptedException: sleep interrupted
	at java.lang.Thread.sleep(Native Method)
	at java.lang.Thread.sleep(Thread.java:340)
	at java.util.concurrent.TimeUnit.sleep(TimeUnit.java:386)
	at org.apache.ratis.util.TimeDuration.sleep(TimeDuration.java:324)
	at org.apache.ratis.util.TimeDuration.sleep(TimeDuration.java:309)
	at org.apache.ratis.server.impl.FollowerState.run(FollowerState.java:118)
2021-09-05 02:15:23,774 [grpc-default-executor-3] INFO  impl.RoleInfo (RoleInfo.java:updateAndGet(130)) - 6ec9e918-e233-4af1-a2ad-83394b4f880d: start 6ec9e918-e233-4af1-a2ad-83394b4f880d@group-054D0727F730-FollowerState
2021-09-05 02:15:23,770 [grpc-default-executor-1] INFO  impl.RoleInfo (RoleInfo.java:updateAndGet(130)) - 70b5588f-03e2-4e7c-9cb7-471676996542: start 70b5588f-03e2-4e7c-9cb7-471676996542@group-054D0727F730-FollowerState
2021-09-05 02:15:23,777 [grpc-default-executor-3] INFO  server.RaftServer$Division (RaftServerImpl.java:requestVote(1075)) - 6ec9e918-e233-4af1-a2ad-83394b4f880d@group-054D0727F730 replies to ELECTION vote request: a5a3b4f5-3484-4282-ab73-6a29d94875d9<-6ec9e918-e233-4af1-a2ad-83394b4f880d#0:FAIL-t1. Peer's state: 6ec9e918-e233-4af1-a2ad-83394b4f880d@group-054D0727F730:t1, leader=null, voted=null, raftlog=6ec9e918-e233-4af1-a2ad-83394b4f880d@group-054D0727F730-SegmentedRaftLog:OPENED:c-1,f-1,i0, conf=-1: [a5a3b4f5-3484-4282-ab73-6a29d94875d9|rpc:10.1.0.22:46191|priority:0, 6ec9e918-e233-4af1-a2ad-83394b4f880d|rpc:10.1.0.22:34469|priority:1, 70b5588f-03e2-4e7c-9cb7-471676996542|rpc:10.1.0.22:34009|priority:0], old=null
2021-09-05 02:15:23,782 [grpc-default-executor-1] INFO  server.RaftServer$Division (RaftServerImpl.java:requestVote(1075)) - 70b5588f-03e2-4e7c-9cb7-471676996542@group-054D0727F730 replies to ELECTION vote request: a5a3b4f5-3484-4282-ab73-6a29d94875d9<-70b5588f-03e2-4e7c-9cb7-471676996542#0:OK-t1. Peer's state: 70b5588f-03e2-4e7c-9cb7-471676996542@group-054D0727F730:t1, leader=null, voted=a5a3b4f5-3484-4282-ab73-6a29d94875d9, raftlog=70b5588f-03e2-4e7c-9cb7-471676996542@group-054D0727F730-SegmentedRaftLog:OPENED:c-1,f-1,i0, conf=-1: [a5a3b4f5-3484-4282-ab73-6a29d94875d9|rpc:10.1.0.22:46191|dataStream:|priority:0, 6ec9e918-e233-4af1-a2ad-83394b4f880d|rpc:10.1.0.22:34469|dataStream:|priority:1, 70b5588f-03e2-4e7c-9cb7-471676996542|rpc:10.1.0.22:34009|dataStream:|priority:0], old=null
2021-09-05 02:15:23,783 [a5a3b4f5-3484-4282-ab73-6a29d94875d9@group-054D0727F730-LeaderElection21] INFO  impl.LeaderElection (LeaderElection.java:logAndReturn(89)) - a5a3b4f5-3484-4282-ab73-6a29d94875d9@group-054D0727F730-LeaderElection21: ELECTION REJECTED received 1 response(s) and 0 exception(s):
2021-09-05 02:15:23,783 [a5a3b4f5-3484-4282-ab73-6a29d94875d9@group-054D0727F730-LeaderElection21] INFO  impl.LeaderElection (LeaderElection.java:logAndReturn(93)) -   Response 0: a5a3b4f5-3484-4282-ab73-6a29d94875d9<-6ec9e918-e233-4af1-a2ad-83394b4f880d#0:FAIL-t1
2021-09-05 02:15:23,783 [a5a3b4f5-3484-4282-ab73-6a29d94875d9@group-054D0727F730-LeaderElection21] INFO  impl.LeaderElection (LeaderElection.java:askForVotes(308)) - a5a3b4f5-3484-4282-ab73-6a29d94875d9@group-054D0727F730-LeaderElection21 ELECTION round 0: result REJECTED
2021-09-05 02:15:23,783 [a5a3b4f5-3484-4282-ab73-6a29d94875d9@group-054D0727F730-LeaderElection21] INFO  server.RaftServer$Division (RaftServerImpl.java:setRole(285)) - a5a3b4f5-3484-4282-ab73-6a29d94875d9@group-054D0727F730: changes role from CANDIDATE to FOLLOWER at term 1 for REJECTED
2021-09-05 02:15:23,783 [a5a3b4f5-3484-4282-ab73-6a29d94875d9@group-054D0727F730-LeaderElection21] INFO  impl.RoleInfo (RoleInfo.java:shutdownLeaderElection(121)) - a5a3b4f5-3484-4282-ab73-6a29d94875d9: shutdown a5a3b4f5-3484-4282-ab73-6a29d94875d9@group-054D0727F730-LeaderElection21
2021-09-05 02:15:23,783 [a5a3b4f5-3484-4282-ab73-6a29d94875d9@group-054D0727F730-LeaderElection21] INFO  impl.RoleInfo (RoleInfo.java:updateAndGet(130)) - a5a3b4f5-3484-4282-ab73-6a29d94875d9: start a5a3b4f5-3484-4282-ab73-6a29d94875d9@group-054D0727F730-FollowerState
2021-09-05 02:15:23,790 [6ec9e918-e233-4af1-a2ad-83394b4f880d@group-6D770C709755-FollowerState] INFO  impl.FollowerState (FollowerState.java:run(134)) - 6ec9e918-e233-4af1-a2ad-83394b4f880d@group-6D770C709755-FollowerState: change to CANDIDATE, lastRpcElapsedTime:5107017416ns, electionTimeout:5106ms
2021-09-05 02:15:23,790 [6ec9e918-e233-4af1-a2ad-83394b4f880d@group-6D770C709755-FollowerState] INFO  impl.RoleInfo (RoleInfo.java:shutdownFollowerState(108)) - 6ec9e918-e233-4af1-a2ad-83394b4f880d: shutdown 6ec9e918-e233-4af1-a2ad-83394b4f880d@group-6D770C709755-FollowerState
2021-09-05 02:15:23,790 [6ec9e918-e233-4af1-a2ad-83394b4f880d@group-6D770C709755-FollowerState] INFO  server.RaftServer$Division (RaftServerImpl.java:setRole(285)) - 6ec9e918-e233-4af1-a2ad-83394b4f880d@group-6D770C709755: changes role from  FOLLOWER to CANDIDATE at term 0 for changeToCandidate
2021-09-05 02:15:23,790 [6ec9e918-e233-4af1-a2ad-83394b4f880d@group-6D770C709755-FollowerState] INFO  server.RaftServerConfigKeys (ConfUtils.java:logGet(44)) - raft.server.leaderelection.pre-vote = false (custom)
2021-09-05 02:15:23,790 [6ec9e918-e233-4af1-a2ad-83394b4f880d@group-6D770C709755-FollowerState] INFO  impl.RoleInfo (RoleInfo.java:updateAndGet(130)) - 6ec9e918-e233-4af1-a2ad-83394b4f880d: start 6ec9e918-e233-4af1-a2ad-83394b4f880d@group-6D770C709755-LeaderElection22
2021-09-05 02:15:23,799 [6ec9e918-e233-4af1-a2ad-83394b4f880d@group-6D770C709755-LeaderElection22] INFO  impl.LeaderElection (LeaderElection.java:askForVotes(306)) - 6ec9e918-e233-4af1-a2ad-83394b4f880d@group-6D770C709755-LeaderElection22 ELECTION round 0: submit vote requests at term 1 for -1: [6ec9e918-e233-4af1-a2ad-83394b4f880d|rpc:10.1.0.22:34469|priority:1], old=null
2021-09-05 02:15:23,799 [6ec9e918-e233-4af1-a2ad-83394b4f880d@group-6D770C709755-LeaderElection22] INFO  impl.LeaderElection (LeaderElection.java:askForVotes(308)) - 6ec9e918-e233-4af1-a2ad-83394b4f880d@group-6D770C709755-LeaderElection22 ELECTION round 0: result PASSED (term=1)
2021-09-05 02:15:23,799 [6ec9e918-e233-4af1-a2ad-83394b4f880d@group-6D770C709755-LeaderElection22] INFO  impl.RoleInfo (RoleInfo.java:shutdownLeaderElection(121)) - 6ec9e918-e233-4af1-a2ad-83394b4f880d: shutdown 6ec9e918-e233-4af1-a2ad-83394b4f880d@group-6D770C709755-LeaderElection22
2021-09-05 02:15:23,799 [6ec9e918-e233-4af1-a2ad-83394b4f880d@group-6D770C709755-LeaderElection22] INFO  server.RaftServer$Division (RaftServerImpl.java:setRole(285)) - 6ec9e918-e233-4af1-a2ad-83394b4f880d@group-6D770C709755: changes role from CANDIDATE to LEADER at term 1 for changeToLeader
2021-09-05 02:15:23,799 [6ec9e918-e233-4af1-a2ad-83394b4f880d@group-6D770C709755-LeaderElection22] INFO  ratis.XceiverServerRatis (XceiverServerRatis.java:handleLeaderChangedNotification(861)) - Leader change notification received for group: group-6D770C709755 with new leaderId: 6ec9e918-e233-4af1-a2ad-83394b4f880d
2021-09-05 02:15:23,799 [6ec9e918-e233-4af1-a2ad-83394b4f880d@group-6D770C709755-LeaderElection22] INFO  server.RaftServer$Division (ServerState.java:setLeader(285)) - 6ec9e918-e233-4af1-a2ad-83394b4f880d@group-6D770C709755: change Leader from null to 6ec9e918-e233-4af1-a2ad-83394b4f880d at term 1 for becomeLeader, leader elected after 5134ms
2021-09-05 02:15:23,800 [6ec9e918-e233-4af1-a2ad-83394b4f880d@group-6D770C709755-LeaderElection22] INFO  server.RaftServerConfigKeys (ConfUtils.java:logGet(44)) - raft.server.staging.catchup.gap = 1000 (default)
2021-09-05 02:15:23,800 [Datanode State Machine Thread - 0] WARN  statemachine.StateContext (StateContext.java:execute(621)) - No available thread in pool for past 1 seconds.
2021-09-05 02:15:23,800 [6ec9e918-e233-4af1-a2ad-83394b4f880d@group-6D770C709755-LeaderElection22] INFO  server.RaftServerConfigKeys (ConfUtils.java:logGet(44)) - raft.server.write.element-limit = 1024 (custom)
2021-09-05 02:15:23,800 [6ec9e918-e233-4af1-a2ad-83394b4f880d@group-6D770C709755-LeaderElection22] INFO  server.RaftServerConfigKeys (ConfUtils.java:logGet(44)) - raft.server.write.byte-limit = 1024 M (=1073741824) (custom)
2021-09-05 02:15:23,800 [EventQueue-OpenPipelineForHealthyPipelineSafeModeRule] INFO  safemode.SCMSafeModeManager (HealthyPipelineSafeModeRule.java:process(124)) - SCM in safe mode. Healthy pipelines reported count is 0, required healthy pipeline reported count is 1
2021-09-05 02:15:23,801 [6ec9e918-e233-4af1-a2ad-83394b4f880d@group-6D770C709755-LeaderElection22] INFO  server.RaftServerConfigKeys (ConfUtils.java:logGet(44)) - raft.server.watch.timeout = 180s (custom)
2021-09-05 02:15:23,801 [6ec9e918-e233-4af1-a2ad-83394b4f880d@group-6D770C709755-LeaderElection22] INFO  server.RaftServerConfigKeys (ConfUtils.java:logGet(44)) - raft.server.watch.timeout.denomination = 1s (default)
2021-09-05 02:15:23,801 [6ec9e918-e233-4af1-a2ad-83394b4f880d@group-6D770C709755-LeaderElection22] INFO  server.RaftServerConfigKeys (ConfUtils.java:logGet(44)) - raft.server.watch.element-limit = 65536 (default)
2021-09-05 02:15:23,801 [6ec9e918-e233-4af1-a2ad-83394b4f880d@group-6D770C709755-LeaderElection22] INFO  impl.RoleInfo (RoleInfo.java:updateAndGet(130)) - 6ec9e918-e233-4af1-a2ad-83394b4f880d: start 6ec9e918-e233-4af1-a2ad-83394b4f880d@group-6D770C709755-LeaderStateImpl
2021-09-05 02:15:23,801 [6ec9e918-e233-4af1-a2ad-83394b4f880d@group-6D770C709755-LeaderElection22] INFO  segmented.SegmentedRaftLogWorker (SegmentedRaftLogWorker.java:startLogSegment(394)) - 6ec9e918-e233-4af1-a2ad-83394b4f880d@group-6D770C709755-SegmentedRaftLogWorker: Starting segment from index:0
2021-09-05 02:15:23,804 [6ec9e918-e233-4af1-a2ad-83394b4f880d@group-6D770C709755-SegmentedRaftLogWorker] INFO  segmented.SegmentedRaftLogWorker (SegmentedRaftLogWorker.java:execute(601)) - 6ec9e918-e233-4af1-a2ad-83394b4f880d@group-6D770C709755-SegmentedRaftLogWorker: created new log segment /home/runner/work/ozone/ozone/hadoop-ozone/integration-test/target/test-dir/MiniOzoneClusterImpl-41f086ef-0a60-4f7c-b4a3-54cba879f76c/datanode-3/data/ratis/1230f149-2b06-413c-aeb5-6d770c709755/current/log_inprogress_0
2021-09-05 02:15:23,815 [6ec9e918-e233-4af1-a2ad-83394b4f880d@group-6D770C709755-LeaderElection22] INFO  server.RaftServer$Division (ServerState.java:setRaftConf(387)) - 6ec9e918-e233-4af1-a2ad-83394b4f880d@group-6D770C709755: set configuration 0: [6ec9e918-e233-4af1-a2ad-83394b4f880d|rpc:10.1.0.22:34469|dataStream:|priority:1], old=null
2021-09-05 02:15:23,950 [70b5588f-03e2-4e7c-9cb7-471676996542@group-444359725699-FollowerState] INFO  impl.FollowerState (FollowerState.java:run(134)) - 70b5588f-03e2-4e7c-9cb7-471676996542@group-444359725699-FollowerState: change to CANDIDATE, lastRpcElapsedTime:5086007236ns, electionTimeout:5085ms
2021-09-05 02:15:23,950 [70b5588f-03e2-4e7c-9cb7-471676996542@group-444359725699-FollowerState] INFO  impl.RoleInfo (RoleInfo.java:shutdownFollowerState(108)) - 70b5588f-03e2-4e7c-9cb7-471676996542: shutdown 70b5588f-03e2-4e7c-9cb7-471676996542@group-444359725699-FollowerState
2021-09-05 02:15:23,950 [70b5588f-03e2-4e7c-9cb7-471676996542@group-444359725699-FollowerState] INFO  server.RaftServer$Division (RaftServerImpl.java:setRole(285)) - 70b5588f-03e2-4e7c-9cb7-471676996542@group-444359725699: changes role from  FOLLOWER to CANDIDATE at term 0 for changeToCandidate
2021-09-05 02:15:23,950 [70b5588f-03e2-4e7c-9cb7-471676996542@group-444359725699-FollowerState] INFO  server.RaftServerConfigKeys (ConfUtils.java:logGet(44)) - raft.server.leaderelection.pre-vote = false (custom)
2021-09-05 02:15:23,950 [70b5588f-03e2-4e7c-9cb7-471676996542@group-444359725699-FollowerState] INFO  impl.RoleInfo (RoleInfo.java:updateAndGet(130)) - 70b5588f-03e2-4e7c-9cb7-471676996542: start 70b5588f-03e2-4e7c-9cb7-471676996542@group-444359725699-LeaderElection23
2021-09-05 02:15:23,954 [70b5588f-03e2-4e7c-9cb7-471676996542@group-444359725699-LeaderElection23] INFO  impl.LeaderElection (LeaderElection.java:askForVotes(306)) - 70b5588f-03e2-4e7c-9cb7-471676996542@group-444359725699-LeaderElection23 ELECTION round 0: submit vote requests at term 1 for -1: [70b5588f-03e2-4e7c-9cb7-471676996542|rpc:10.1.0.22:34009|priority:1], old=null
2021-09-05 02:15:23,954 [70b5588f-03e2-4e7c-9cb7-471676996542@group-444359725699-LeaderElection23] INFO  impl.LeaderElection (LeaderElection.java:askForVotes(308)) - 70b5588f-03e2-4e7c-9cb7-471676996542@group-444359725699-LeaderElection23 ELECTION round 0: result PASSED (term=1)
2021-09-05 02:15:23,954 [70b5588f-03e2-4e7c-9cb7-471676996542@group-444359725699-LeaderElection23] INFO  impl.RoleInfo (RoleInfo.java:shutdownLeaderElection(121)) - 70b5588f-03e2-4e7c-9cb7-471676996542: shutdown 70b5588f-03e2-4e7c-9cb7-471676996542@group-444359725699-LeaderElection23
2021-09-05 02:15:23,954 [70b5588f-03e2-4e7c-9cb7-471676996542@group-444359725699-LeaderElection23] INFO  server.RaftServer$Division (RaftServerImpl.java:setRole(285)) - 70b5588f-03e2-4e7c-9cb7-471676996542@group-444359725699: changes role from CANDIDATE to LEADER at term 1 for changeToLeader
2021-09-05 02:15:23,955 [70b5588f-03e2-4e7c-9cb7-471676996542@group-444359725699-LeaderElection23] INFO  ratis.XceiverServerRatis (XceiverServerRatis.java:handleLeaderChangedNotification(861)) - Leader change notification received for group: group-444359725699 with new leaderId: 70b5588f-03e2-4e7c-9cb7-471676996542
2021-09-05 02:15:23,955 [70b5588f-03e2-4e7c-9cb7-471676996542@group-444359725699-LeaderElection23] INFO  server.RaftServer$Division (ServerState.java:setLeader(285)) - 70b5588f-03e2-4e7c-9cb7-471676996542@group-444359725699: change Leader from null to 70b5588f-03e2-4e7c-9cb7-471676996542 at term 1 for becomeLeader, leader elected after 5100ms
2021-09-05 02:15:23,955 [70b5588f-03e2-4e7c-9cb7-471676996542@group-444359725699-LeaderElection23] INFO  server.RaftServerConfigKeys (ConfUtils.java:logGet(44)) - raft.server.staging.catchup.gap = 1000 (default)
2021-09-05 02:15:23,956 [EventQueue-OpenPipelineForHealthyPipelineSafeModeRule] INFO  safemode.SCMSafeModeManager (HealthyPipelineSafeModeRule.java:process(124)) - SCM in safe mode. Healthy pipelines reported count is 0, required healthy pipeline reported count is 1
2021-09-05 02:15:23,956 [70b5588f-03e2-4e7c-9cb7-471676996542@group-444359725699-LeaderElection23] INFO  server.RaftServerConfigKeys (ConfUtils.java:logGet(44)) - raft.server.write.element-limit = 1024 (custom)
2021-09-05 02:15:23,956 [70b5588f-03e2-4e7c-9cb7-471676996542@group-444359725699-LeaderElection23] INFO  server.RaftServerConfigKeys (ConfUtils.java:logGet(44)) - raft.server.write.byte-limit = 1024 M (=1073741824) (custom)
2021-09-05 02:15:23,957 [70b5588f-03e2-4e7c-9cb7-471676996542@group-444359725699-LeaderElection23] INFO  server.RaftServerConfigKeys (ConfUtils.java:logGet(44)) - raft.server.watch.timeout = 180s (custom)
2021-09-05 02:15:23,957 [70b5588f-03e2-4e7c-9cb7-471676996542@group-444359725699-LeaderElection23] INFO  server.RaftServerConfigKeys (ConfUtils.java:logGet(44)) - raft.server.watch.timeout.denomination = 1s (default)
2021-09-05 02:15:23,957 [70b5588f-03e2-4e7c-9cb7-471676996542@group-444359725699-LeaderElection23] INFO  server.RaftServerConfigKeys (ConfUtils.java:logGet(44)) - raft.server.watch.element-limit = 65536 (default)
2021-09-05 02:15:23,957 [70b5588f-03e2-4e7c-9cb7-471676996542@group-444359725699-LeaderElection23] INFO  impl.RoleInfo (RoleInfo.java:updateAndGet(130)) - 70b5588f-03e2-4e7c-9cb7-471676996542: start 70b5588f-03e2-4e7c-9cb7-471676996542@group-444359725699-LeaderStateImpl
2021-09-05 02:15:23,957 [70b5588f-03e2-4e7c-9cb7-471676996542@group-444359725699-LeaderElection23] INFO  segmented.SegmentedRaftLogWorker (SegmentedRaftLogWorker.java:startLogSegment(394)) - 70b5588f-03e2-4e7c-9cb7-471676996542@group-444359725699-SegmentedRaftLogWorker: Starting segment from index:0
2021-09-05 02:15:23,959 [70b5588f-03e2-4e7c-9cb7-471676996542@group-444359725699-LeaderElection23] INFO  server.RaftServer$Division (ServerState.java:setRaftConf(387)) - 70b5588f-03e2-4e7c-9cb7-471676996542@group-444359725699: set configuration 0: [70b5588f-03e2-4e7c-9cb7-471676996542|rpc:10.1.0.22:34009|dataStream:|priority:1], old=null
2021-09-05 02:15:23,959 [70b5588f-03e2-4e7c-9cb7-471676996542@group-444359725699-SegmentedRaftLogWorker] INFO  segmented.SegmentedRaftLogWorker (SegmentedRaftLogWorker.java:execute(601)) - 70b5588f-03e2-4e7c-9cb7-471676996542@group-444359725699-SegmentedRaftLogWorker: created new log segment /home/runner/work/ozone/ozone/hadoop-ozone/integration-test/target/test-dir/MiniOzoneClusterImpl-41f086ef-0a60-4f7c-b4a3-54cba879f76c/datanode-4/data/ratis/0b656eeb-bdb1-4561-8b93-444359725699/current/log_inprogress_0
2021-09-05 02:15:24,032 [a5a3b4f5-3484-4282-ab73-6a29d94875d9@group-0354EA568CCD-FollowerState] INFO  impl.FollowerState (FollowerState.java:run(134)) - a5a3b4f5-3484-4282-ab73-6a29d94875d9@group-0354EA568CCD-FollowerState: change to CANDIDATE, lastRpcElapsedTime:5023170405ns, electionTimeout:5022ms
2021-09-05 02:15:24,032 [a5a3b4f5-3484-4282-ab73-6a29d94875d9@group-0354EA568CCD-FollowerState] INFO  impl.RoleInfo (RoleInfo.java:shutdownFollowerState(108)) - a5a3b4f5-3484-4282-ab73-6a29d94875d9: shutdown a5a3b4f5-3484-4282-ab73-6a29d94875d9@group-0354EA568CCD-FollowerState
2021-09-05 02:15:24,032 [a5a3b4f5-3484-4282-ab73-6a29d94875d9@group-0354EA568CCD-FollowerState] INFO  server.RaftServer$Division (RaftServerImpl.java:setRole(285)) - a5a3b4f5-3484-4282-ab73-6a29d94875d9@group-0354EA568CCD: changes role from  FOLLOWER to CANDIDATE at term 0 for changeToCandidate
2021-09-05 02:15:24,032 [a5a3b4f5-3484-4282-ab73-6a29d94875d9@group-0354EA568CCD-FollowerState] INFO  server.RaftServerConfigKeys (ConfUtils.java:logGet(44)) - raft.server.leaderelection.pre-vote = false (custom)
2021-09-05 02:15:24,032 [a5a3b4f5-3484-4282-ab73-6a29d94875d9@group-0354EA568CCD-FollowerState] INFO  impl.RoleInfo (RoleInfo.java:updateAndGet(130)) - a5a3b4f5-3484-4282-ab73-6a29d94875d9: start a5a3b4f5-3484-4282-ab73-6a29d94875d9@group-0354EA568CCD-LeaderElection24
2021-09-05 02:15:24,035 [a5a3b4f5-3484-4282-ab73-6a29d94875d9@group-0354EA568CCD-LeaderElection24] INFO  impl.LeaderElection (LeaderElection.java:askForVotes(306)) - a5a3b4f5-3484-4282-ab73-6a29d94875d9@group-0354EA568CCD-LeaderElection24 ELECTION round 0: submit vote requests at term 1 for -1: [a5a3b4f5-3484-4282-ab73-6a29d94875d9|rpc:10.1.0.22:46191|priority:1], old=null
2021-09-05 02:15:24,035 [a5a3b4f5-3484-4282-ab73-6a29d94875d9@group-0354EA568CCD-LeaderElection24] INFO  impl.LeaderElection (LeaderElection.java:askForVotes(308)) - a5a3b4f5-3484-4282-ab73-6a29d94875d9@group-0354EA568CCD-LeaderElection24 ELECTION round 0: result PASSED (term=1)
2021-09-05 02:15:24,035 [a5a3b4f5-3484-4282-ab73-6a29d94875d9@group-0354EA568CCD-LeaderElection24] INFO  impl.RoleInfo (RoleInfo.java:shutdownLeaderElection(121)) - a5a3b4f5-3484-4282-ab73-6a29d94875d9: shutdown a5a3b4f5-3484-4282-ab73-6a29d94875d9@group-0354EA568CCD-LeaderElection24
2021-09-05 02:15:24,035 [a5a3b4f5-3484-4282-ab73-6a29d94875d9@group-0354EA568CCD-LeaderElection24] INFO  server.RaftServer$Division (RaftServerImpl.java:setRole(285)) - a5a3b4f5-3484-4282-ab73-6a29d94875d9@group-0354EA568CCD: changes role from CANDIDATE to LEADER at term 1 for changeToLeader
2021-09-05 02:15:24,035 [a5a3b4f5-3484-4282-ab73-6a29d94875d9@group-0354EA568CCD-LeaderElection24] INFO  ratis.XceiverServerRatis (XceiverServerRatis.java:handleLeaderChangedNotification(861)) - Leader change notification received for group: group-0354EA568CCD with new leaderId: a5a3b4f5-3484-4282-ab73-6a29d94875d9
2021-09-05 02:15:24,035 [a5a3b4f5-3484-4282-ab73-6a29d94875d9@group-0354EA568CCD-LeaderElection24] INFO  server.RaftServer$Division (ServerState.java:setLeader(285)) - a5a3b4f5-3484-4282-ab73-6a29d94875d9@group-0354EA568CCD: change Leader from null to a5a3b4f5-3484-4282-ab73-6a29d94875d9 at term 1 for becomeLeader, leader elected after 5035ms
2021-09-05 02:15:24,036 [EventQueue-OpenPipelineForHealthyPipelineSafeModeRule] INFO  safemode.SCMSafeModeManager (HealthyPipelineSafeModeRule.java:process(124)) - SCM in safe mode. Healthy pipelines reported count is 0, required healthy pipeline reported count is 1
2021-09-05 02:15:24,040 [a5a3b4f5-3484-4282-ab73-6a29d94875d9@group-0354EA568CCD-LeaderElection24] INFO  server.RaftServerConfigKeys (ConfUtils.java:logGet(44)) - raft.server.staging.catchup.gap = 1000 (default)
2021-09-05 02:15:24,040 [a5a3b4f5-3484-4282-ab73-6a29d94875d9@group-0354EA568CCD-LeaderElection24] INFO  server.RaftServerConfigKeys (ConfUtils.java:logGet(44)) - raft.server.write.element-limit = 1024 (custom)
2021-09-05 02:15:24,040 [a5a3b4f5-3484-4282-ab73-6a29d94875d9@group-0354EA568CCD-LeaderElection24] INFO  server.RaftServerConfigKeys (ConfUtils.java:logGet(44)) - raft.server.write.byte-limit = 1024 M (=1073741824) (custom)
2021-09-05 02:15:24,040 [a5a3b4f5-3484-4282-ab73-6a29d94875d9@group-0354EA568CCD-LeaderElection24] INFO  server.RaftServerConfigKeys (ConfUtils.java:logGet(44)) - raft.server.watch.timeout = 180s (custom)
2021-09-05 02:15:24,040 [a5a3b4f5-3484-4282-ab73-6a29d94875d9@group-0354EA568CCD-LeaderElection24] INFO  server.RaftServerConfigKeys (ConfUtils.java:logGet(44)) - raft.server.watch.timeout.denomination = 1s (default)
2021-09-05 02:15:24,040 [a5a3b4f5-3484-4282-ab73-6a29d94875d9@group-0354EA568CCD-LeaderElection24] INFO  server.RaftServerConfigKeys (ConfUtils.java:logGet(44)) - raft.server.watch.element-limit = 65536 (default)
2021-09-05 02:15:24,041 [a5a3b4f5-3484-4282-ab73-6a29d94875d9@group-0354EA568CCD-LeaderElection24] INFO  impl.RoleInfo (RoleInfo.java:updateAndGet(130)) - a5a3b4f5-3484-4282-ab73-6a29d94875d9: start a5a3b4f5-3484-4282-ab73-6a29d94875d9@group-0354EA568CCD-LeaderStateImpl
2021-09-05 02:15:24,041 [a5a3b4f5-3484-4282-ab73-6a29d94875d9@group-0354EA568CCD-LeaderElection24] INFO  segmented.SegmentedRaftLogWorker (SegmentedRaftLogWorker.java:startLogSegment(394)) - a5a3b4f5-3484-4282-ab73-6a29d94875d9@group-0354EA568CCD-SegmentedRaftLogWorker: Starting segment from index:0
2021-09-05 02:15:24,045 [a5a3b4f5-3484-4282-ab73-6a29d94875d9@group-0354EA568CCD-SegmentedRaftLogWorker] INFO  segmented.SegmentedRaftLogWorker (SegmentedRaftLogWorker.java:execute(601)) - a5a3b4f5-3484-4282-ab73-6a29d94875d9@group-0354EA568CCD-SegmentedRaftLogWorker: created new log segment /home/runner/work/ozone/ozone/hadoop-ozone/integration-test/target/test-dir/MiniOzoneClusterImpl-41f086ef-0a60-4f7c-b4a3-54cba879f76c/datanode-5/data/ratis/086196e2-2f68-4b79-81c2-0354ea568ccd/current/log_inprogress_0
2021-09-05 02:15:24,045 [a5a3b4f5-3484-4282-ab73-6a29d94875d9@group-0354EA568CCD-LeaderElection24] INFO  server.RaftServer$Division (ServerState.java:setRaftConf(387)) - a5a3b4f5-3484-4282-ab73-6a29d94875d9@group-0354EA568CCD: set configuration 0: [a5a3b4f5-3484-4282-ab73-6a29d94875d9|rpc:10.1.0.22:46191|dataStream:|priority:1], old=null
2021-09-05 02:15:24,071 [DatanodeAdminManager-0] INFO  node.DatanodeAdminMonitorImpl (DatanodeAdminMonitorImpl.java:run(137)) - There are 1 nodes tracked for decommission and maintenance. 0 pending nodes.
2021-09-05 02:15:24,072 [EventQueue-OpenPipelineForHealthyPipelineSafeModeRule] INFO  safemode.SCMSafeModeManager (HealthyPipelineSafeModeRule.java:process(124)) - SCM in safe mode. Healthy pipelines reported count is 0, required healthy pipeline reported count is 1
2021-09-05 02:15:24,305 [Listener at 127.0.0.1/38669] INFO  ozone.MiniOzoneClusterImpl (MiniOzoneClusterImpl.java:lambda$waitForClusterToBeReady$0(235)) - Nodes are ready. Got 6 of 6 DN Heartbeats.
2021-09-05 02:15:24,305 [Listener at 127.0.0.1/38669] INFO  ozone.MiniOzoneClusterImpl (MiniOzoneClusterImpl.java:lambda$waitForClusterToBeReady$0(238)) - Waiting for cluster to exit safe mode
2021-09-05 02:15:24,305 [Listener at 127.0.0.1/38669] INFO  ozone.MiniOzoneClusterImpl (MiniOzoneClusterImpl.java:lambda$waitForClusterToBeReady$0(240)) - SCM became leader
2021-09-05 02:15:24,316 [ReplicationMonitor] INFO  container.ReplicationManager (ReplicationManager.java:processAll(359)) - Replication Monitor Thread took 0 milliseconds for processing 6 containers.
2021-09-05 02:15:24,396 [EventQueue-OpenPipelineForHealthyPipelineSafeModeRule] INFO  safemode.SCMSafeModeManager (HealthyPipelineSafeModeRule.java:process(124)) - SCM in safe mode. Healthy pipelines reported count is 0, required healthy pipeline reported count is 1
2021-09-05 02:15:24,545 [ReplicationMonitor] INFO  container.ReplicationManager (ReplicationManager.java:processAll(359)) - Replication Monitor Thread took 0 milliseconds for processing 0 containers.
2021-09-05 02:15:24,956 [EventQueue-OpenPipelineForHealthyPipelineSafeModeRule] INFO  safemode.SCMSafeModeManager (HealthyPipelineSafeModeRule.java:process(124)) - SCM in safe mode. Healthy pipelines reported count is 0, required healthy pipeline reported count is 1
2021-09-05 02:15:25,037 [EventQueue-OpenPipelineForHealthyPipelineSafeModeRule] INFO  safemode.SCMSafeModeManager (HealthyPipelineSafeModeRule.java:process(124)) - SCM in safe mode. Healthy pipelines reported count is 0, required healthy pipeline reported count is 1
2021-09-05 02:15:25,067 [DatanodeAdminManager-0] INFO  node.DatanodeAdminMonitorImpl (DatanodeAdminMonitorImpl.java:run(137)) - There are 1 nodes tracked for decommission and maintenance. 0 pending nodes.
2021-09-05 02:15:25,128 [EventQueue-StaleNodeForStaleNodeHandler] INFO  node.StaleNodeHandler (StaleNodeHandler.java:onMessage(58)) - Datanode c9529fe3-953b-4ef8-a4b7-44d7a8ee90ff{ip: 10.1.0.22, host: fv-az151-757.yf2hydr00wburbhx3j5hxtcipe.bx.internal.cloudapp.net, ports: [REPLICATION=36345, RATIS=36459, RATIS_ADMIN=36459, RATIS_SERVER=36459, STANDALONE=42439], networkLocation: /default-rack, certSerialId: null, persistedOpState: IN_MAINTENANCE, persistedOpStateExpiryEpochSec: 0} moved to stale state. Finalizing its pipelines []
2021-09-05 02:15:25,305 [Listener at 127.0.0.1/38669] INFO  ozone.MiniOzoneClusterImpl (MiniOzoneClusterImpl.java:lambda$waitForClusterToBeReady$0(235)) - Nodes are ready. Got 6 of 6 DN Heartbeats.
2021-09-05 02:15:25,305 [Listener at 127.0.0.1/38669] INFO  ozone.MiniOzoneClusterImpl (MiniOzoneClusterImpl.java:lambda$waitForClusterToBeReady$0(238)) - Waiting for cluster to exit safe mode
2021-09-05 02:15:25,305 [Listener at 127.0.0.1/38669] INFO  ozone.MiniOzoneClusterImpl (MiniOzoneClusterImpl.java:lambda$waitForClusterToBeReady$0(240)) - SCM became leader
2021-09-05 02:15:25,316 [ReplicationMonitor] INFO  container.ReplicationManager (ReplicationManager.java:processAll(359)) - Replication Monitor Thread took 1 milliseconds for processing 6 containers.
2021-09-05 02:15:25,397 [EventQueue-OpenPipelineForHealthyPipelineSafeModeRule] INFO  safemode.SCMSafeModeManager (HealthyPipelineSafeModeRule.java:process(124)) - SCM in safe mode. Healthy pipelines reported count is 0, required healthy pipeline reported count is 1
2021-09-05 02:15:25,546 [ReplicationMonitor] INFO  container.ReplicationManager (ReplicationManager.java:processAll(359)) - Replication Monitor Thread took 0 milliseconds for processing 0 containers.
2021-09-05 02:15:25,549 [EventQueue-OpenPipelineForHealthyPipelineSafeModeRule] INFO  safemode.SCMSafeModeManager (HealthyPipelineSafeModeRule.java:process(124)) - SCM in safe mode. Healthy pipelines reported count is 0, required healthy pipeline reported count is 1
2021-09-05 02:15:25,801 [EventQueue-OpenPipelineForHealthyPipelineSafeModeRule] INFO  safemode.SCMSafeModeManager (HealthyPipelineSafeModeRule.java:process(124)) - SCM in safe mode. Healthy pipelines reported count is 0, required healthy pipeline reported count is 1
2021-09-05 02:15:25,956 [EventQueue-OpenPipelineForHealthyPipelineSafeModeRule] INFO  safemode.SCMSafeModeManager (HealthyPipelineSafeModeRule.java:process(124)) - SCM in safe mode. Healthy pipelines reported count is 0, required healthy pipeline reported count is 1
2021-09-05 02:15:26,036 [EventQueue-OpenPipelineForHealthyPipelineSafeModeRule] INFO  safemode.SCMSafeModeManager (HealthyPipelineSafeModeRule.java:process(124)) - SCM in safe mode. Healthy pipelines reported count is 0, required healthy pipeline reported count is 1
2021-09-05 02:15:26,067 [DatanodeAdminManager-0] INFO  node.DatanodeAdminMonitorImpl (DatanodeAdminMonitorImpl.java:run(137)) - There are 1 nodes tracked for decommission and maintenance. 0 pending nodes.
2021-09-05 02:15:26,073 [EventQueue-OpenPipelineForHealthyPipelineSafeModeRule] INFO  safemode.SCMSafeModeManager (HealthyPipelineSafeModeRule.java:process(124)) - SCM in safe mode. Healthy pipelines reported count is 0, required healthy pipeline reported count is 1
2021-09-05 02:15:26,305 [Listener at 127.0.0.1/38669] INFO  ozone.MiniOzoneClusterImpl (MiniOzoneClusterImpl.java:lambda$waitForClusterToBeReady$0(235)) - Nodes are ready. Got 6 of 6 DN Heartbeats.
2021-09-05 02:15:26,305 [Listener at 127.0.0.1/38669] INFO  ozone.MiniOzoneClusterImpl (MiniOzoneClusterImpl.java:lambda$waitForClusterToBeReady$0(238)) - Waiting for cluster to exit safe mode
2021-09-05 02:15:26,306 [Listener at 127.0.0.1/38669] INFO  ozone.MiniOzoneClusterImpl (MiniOzoneClusterImpl.java:lambda$waitForClusterToBeReady$0(240)) - SCM became leader
2021-09-05 02:15:26,317 [ReplicationMonitor] INFO  container.ReplicationManager (ReplicationManager.java:processAll(359)) - Replication Monitor Thread took 0 milliseconds for processing 6 containers.
2021-09-05 02:15:26,546 [ReplicationMonitor] INFO  container.ReplicationManager (ReplicationManager.java:processAll(359)) - Replication Monitor Thread took 0 milliseconds for processing 0 containers.
2021-09-05 02:15:26,801 [EventQueue-OpenPipelineForHealthyPipelineSafeModeRule] INFO  safemode.SCMSafeModeManager (HealthyPipelineSafeModeRule.java:process(124)) - SCM in safe mode. Healthy pipelines reported count is 0, required healthy pipeline reported count is 1
2021-09-05 02:15:27,037 [EventQueue-OpenPipelineForHealthyPipelineSafeModeRule] INFO  safemode.SCMSafeModeManager (HealthyPipelineSafeModeRule.java:process(124)) - SCM in safe mode. Healthy pipelines reported count is 0, required healthy pipeline reported count is 1
2021-09-05 02:15:27,067 [DatanodeAdminManager-0] INFO  node.DatanodeAdminMonitorImpl (DatanodeAdminMonitorImpl.java:run(137)) - There are 1 nodes tracked for decommission and maintenance. 0 pending nodes.
2021-09-05 02:15:27,305 [main] INFO  ozoneimpl.OzoneContainer (OzoneContainer.java:stop(326)) - Attempting to stop container services.
2021-09-05 02:15:27,306 [Listener at 127.0.0.1/38669] INFO  ozone.MiniOzoneClusterImpl (MiniOzoneClusterImpl.java:lambda$waitForClusterToBeReady$0(235)) - Nodes are ready. Got 6 of 6 DN Heartbeats.
2021-09-05 02:15:27,306 [Listener at 127.0.0.1/38669] INFO  ozone.MiniOzoneClusterImpl (MiniOzoneClusterImpl.java:lambda$waitForClusterToBeReady$0(238)) - Waiting for cluster to exit safe mode
2021-09-05 02:15:27,306 [Listener at 127.0.0.1/38669] INFO  ozone.MiniOzoneClusterImpl (MiniOzoneClusterImpl.java:lambda$waitForClusterToBeReady$0(240)) - SCM became leader
2021-09-05 02:15:27,307 [main] INFO  server.RaftServer (RaftServerProxy.java:lambda$close$6(391)) - c9529fe3-953b-4ef8-a4b7-44d7a8ee90ff: close
2021-09-05 02:15:27,308 [main] INFO  server.GrpcService (GrpcService.java:closeImpl(262)) - c9529fe3-953b-4ef8-a4b7-44d7a8ee90ff: shutdown server with port 36459 now
2021-09-05 02:15:27,314 [grpc-default-executor-1] WARN  client.GrpcClientProtocolService (LogUtils.java:warn(122)) - 1-UnorderedRequestStreamObserver1: onError: org.apache.ratis.thirdparty.io.grpc.StatusRuntimeException: CANCELLED: client cancelled
2021-09-05 02:15:27,319 [ReplicationMonitor] INFO  container.ReplicationManager (ReplicationManager.java:processAll(359)) - Replication Monitor Thread took 0 milliseconds for processing 6 containers.
2021-09-05 02:15:27,324 [main] INFO  server.GrpcService (GrpcService.java:closeImpl(271)) - c9529fe3-953b-4ef8-a4b7-44d7a8ee90ff: shutdown server with port 36459 successfully
2021-09-05 02:15:27,325 [org.apache.ratis.util.JvmPauseMonitor$$Lambda$534/1412209494@6b4f58b5] INFO  util.JvmPauseMonitor (JvmPauseMonitor.java:run(109)) - JvmPauseMonitor-c9529fe3-953b-4ef8-a4b7-44d7a8ee90ff: Stopped
2021-09-05 02:15:27,329 [main] INFO  utils.BackgroundService (BackgroundService.java:shutdown(132)) - Shutting down service BlockDeletingService
2021-09-05 02:15:27,396 [EventQueue-OpenPipelineForHealthyPipelineSafeModeRule] INFO  safemode.SCMSafeModeManager (HealthyPipelineSafeModeRule.java:process(124)) - SCM in safe mode. Healthy pipelines reported count is 0, required healthy pipeline reported count is 1
2021-09-05 02:15:27,546 [ReplicationMonitor] INFO  container.ReplicationManager (ReplicationManager.java:processAll(359)) - Replication Monitor Thread took 0 milliseconds for processing 0 containers.
2021-09-05 02:15:27,550 [EventQueue-OpenPipelineForHealthyPipelineSafeModeRule] INFO  safemode.SCMSafeModeManager (HealthyPipelineSafeModeRule.java:process(124)) - SCM in safe mode. Healthy pipelines reported count is 0, required healthy pipeline reported count is 1
2021-09-05 02:15:27,803 [EventQueue-OpenPipelineForHealthyPipelineSafeModeRule] INFO  safemode.SCMSafeModeManager (HealthyPipelineSafeModeRule.java:process(124)) - SCM in safe mode. Healthy pipelines reported count is 0, required healthy pipeline reported count is 1
2021-09-05 02:15:27,956 [EventQueue-OpenPipelineForHealthyPipelineSafeModeRule] INFO  safemode.SCMSafeModeManager (HealthyPipelineSafeModeRule.java:process(124)) - SCM in safe mode. Healthy pipelines reported count is 0, required healthy pipeline reported count is 1
2021-09-05 02:15:28,067 [DatanodeAdminManager-0] INFO  node.DatanodeAdminMonitorImpl (DatanodeAdminMonitorImpl.java:run(137)) - There are 1 nodes tracked for decommission and maintenance. 0 pending nodes.
2021-09-05 02:15:28,075 [EventQueue-OpenPipelineForHealthyPipelineSafeModeRule] INFO  safemode.SCMSafeModeManager (HealthyPipelineSafeModeRule.java:process(124)) - SCM in safe mode. Healthy pipelines reported count is 0, required healthy pipeline reported count is 1
2021-09-05 02:15:28,133 [EventQueue-DeadNodeForDeadNodeHandler] INFO  node.DeadNodeHandler (DeadNodeHandler.java:onMessage(80)) - A dead datanode is detected. c9529fe3-953b-4ef8-a4b7-44d7a8ee90ff{ip: 10.1.0.22, host: fv-az151-757.yf2hydr00wburbhx3j5hxtcipe.bx.internal.cloudapp.net, ports: [REPLICATION=36345, RATIS=36459, RATIS_ADMIN=36459, RATIS_SERVER=36459, STANDALONE=42439], networkLocation: /default-rack, certSerialId: null, persistedOpState: IN_MAINTENANCE, persistedOpStateExpiryEpochSec: 0}
2021-09-05 02:15:28,134 [EventQueue-DeadNodeForDeadNodeHandler] INFO  net.NetworkTopologyImpl (NetworkTopologyImpl.java:remove(137)) - Removed a node: /default-rack/c9529fe3-953b-4ef8-a4b7-44d7a8ee90ff
2021-09-05 02:15:28,160 [b79a04c8-a85d-4510-84a3-6b8e8ceb7fb6@group-180CB623063E-FollowerState] INFO  impl.FollowerState (FollowerState.java:run(134)) - b79a04c8-a85d-4510-84a3-6b8e8ceb7fb6@group-180CB623063E-FollowerState: change to CANDIDATE, lastRpcElapsedTime:5024667574ns, electionTimeout:5016ms
2021-09-05 02:15:28,161 [b79a04c8-a85d-4510-84a3-6b8e8ceb7fb6@group-180CB623063E-FollowerState] INFO  impl.RoleInfo (RoleInfo.java:shutdownFollowerState(108)) - b79a04c8-a85d-4510-84a3-6b8e8ceb7fb6: shutdown b79a04c8-a85d-4510-84a3-6b8e8ceb7fb6@group-180CB623063E-FollowerState
2021-09-05 02:15:28,161 [b79a04c8-a85d-4510-84a3-6b8e8ceb7fb6@group-180CB623063E-FollowerState] INFO  server.RaftServer$Division (RaftServerImpl.java:setRole(285)) - b79a04c8-a85d-4510-84a3-6b8e8ceb7fb6@group-180CB623063E: changes role from  FOLLOWER to CANDIDATE at term 1 for changeToCandidate
2021-09-05 02:15:28,161 [b79a04c8-a85d-4510-84a3-6b8e8ceb7fb6@group-180CB623063E-FollowerState] INFO  server.RaftServerConfigKeys (ConfUtils.java:logGet(44)) - raft.server.leaderelection.pre-vote = false (custom)
2021-09-05 02:15:28,161 [b79a04c8-a85d-4510-84a3-6b8e8ceb7fb6@group-180CB623063E-FollowerState] INFO  impl.RoleInfo (RoleInfo.java:updateAndGet(130)) - b79a04c8-a85d-4510-84a3-6b8e8ceb7fb6: start b79a04c8-a85d-4510-84a3-6b8e8ceb7fb6@group-180CB623063E-LeaderElection25
2021-09-05 02:15:28,164 [b79a04c8-a85d-4510-84a3-6b8e8ceb7fb6@group-180CB623063E-LeaderElection25] INFO  impl.LeaderElection (LeaderElection.java:askForVotes(306)) - b79a04c8-a85d-4510-84a3-6b8e8ceb7fb6@group-180CB623063E-LeaderElection25 ELECTION round 0: submit vote requests at term 2 for -1: [1d556500-cfb9-44b2-b83e-fe2a8287eb17|rpc:10.1.0.22:34445|dataStream:|priority:1, b79a04c8-a85d-4510-84a3-6b8e8ceb7fb6|rpc:10.1.0.22:45853|dataStream:|priority:0, 577e39c9-1c1b-439c-8002-e326b4e2fbea|rpc:10.1.0.22:44289|dataStream:|priority:0], old=null
2021-09-05 02:15:28,175 [grpc-default-executor-1] INFO  server.RaftServer$Division (RaftServerImpl.java:requestVote(1043)) - 1d556500-cfb9-44b2-b83e-fe2a8287eb17@group-180CB623063E: receive requestVote(ELECTION, b79a04c8-a85d-4510-84a3-6b8e8ceb7fb6, group-180CB623063E, 2, (t:0, i:0))
2021-09-05 02:15:28,175 [grpc-default-executor-1] INFO  impl.VoteContext (VoteContext.java:log(48)) - 1d556500-cfb9-44b2-b83e-fe2a8287eb17@group-180CB623063E-FOLLOWER: reject ELECTION from b79a04c8-a85d-4510-84a3-6b8e8ceb7fb6: our priority 1 > candidate's priority 0
2021-09-05 02:15:28,175 [grpc-default-executor-1] INFO  server.RaftServer$Division (RaftServerImpl.java:setRole(285)) - 1d556500-cfb9-44b2-b83e-fe2a8287eb17@group-180CB623063E: changes role from  FOLLOWER to FOLLOWER at term 2 for candidate:b79a04c8-a85d-4510-84a3-6b8e8ceb7fb6
2021-09-05 02:15:28,175 [grpc-default-executor-1] INFO  impl.RoleInfo (RoleInfo.java:shutdownFollowerState(108)) - 1d556500-cfb9-44b2-b83e-fe2a8287eb17: shutdown 1d556500-cfb9-44b2-b83e-fe2a8287eb17@group-180CB623063E-FollowerState
2021-09-05 02:15:28,175 [grpc-default-executor-1] INFO  impl.RoleInfo (RoleInfo.java:updateAndGet(130)) - 1d556500-cfb9-44b2-b83e-fe2a8287eb17: start 1d556500-cfb9-44b2-b83e-fe2a8287eb17@group-180CB623063E-FollowerState
2021-09-05 02:15:28,175 [1d556500-cfb9-44b2-b83e-fe2a8287eb17@group-180CB623063E-FollowerState] INFO  impl.FollowerState (FollowerState.java:run(143)) - 1d556500-cfb9-44b2-b83e-fe2a8287eb17@group-180CB623063E-FollowerState was interrupted: {}
java.lang.InterruptedException: sleep interrupted
	at java.lang.Thread.sleep(Native Method)
	at java.lang.Thread.sleep(Thread.java:340)
	at java.util.concurrent.TimeUnit.sleep(TimeUnit.java:386)
	at org.apache.ratis.util.TimeDuration.sleep(TimeDuration.java:324)
	at org.apache.ratis.util.TimeDuration.sleep(TimeDuration.java:309)
	at org.apache.ratis.server.impl.FollowerState.run(FollowerState.java:118)
2021-09-05 02:15:28,176 [grpc-default-executor-1] INFO  server.RaftServer$Division (RaftServerImpl.java:requestVote(1075)) - 1d556500-cfb9-44b2-b83e-fe2a8287eb17@group-180CB623063E replies to ELECTION vote request: b79a04c8-a85d-4510-84a3-6b8e8ceb7fb6<-1d556500-cfb9-44b2-b83e-fe2a8287eb17#0:FAIL-t2. Peer's state: 1d556500-cfb9-44b2-b83e-fe2a8287eb17@group-180CB623063E:t2, leader=null, voted=null, raftlog=1d556500-cfb9-44b2-b83e-fe2a8287eb17@group-180CB623063E-SegmentedRaftLog:OPENED:c-1,f-1,i0, conf=-1: [1d556500-cfb9-44b2-b83e-fe2a8287eb17|rpc:10.1.0.22:34445|dataStream:|priority:1, b79a04c8-a85d-4510-84a3-6b8e8ceb7fb6|rpc:10.1.0.22:45853|dataStream:|priority:0, 577e39c9-1c1b-439c-8002-e326b4e2fbea|rpc:10.1.0.22:44289|dataStream:|priority:0], old=null
2021-09-05 02:15:28,178 [b79a04c8-a85d-4510-84a3-6b8e8ceb7fb6@group-180CB623063E-LeaderElection25] INFO  impl.LeaderElection (LeaderElection.java:logAndReturn(89)) - b79a04c8-a85d-4510-84a3-6b8e8ceb7fb6@group-180CB623063E-LeaderElection25: ELECTION REJECTED received 1 response(s) and 0 exception(s):
2021-09-05 02:15:28,178 [b79a04c8-a85d-4510-84a3-6b8e8ceb7fb6@group-180CB623063E-LeaderElection25] INFO  impl.LeaderElection (LeaderElection.java:logAndReturn(93)) -   Response 0: b79a04c8-a85d-4510-84a3-6b8e8ceb7fb6<-1d556500-cfb9-44b2-b83e-fe2a8287eb17#0:FAIL-t2
2021-09-05 02:15:28,178 [b79a04c8-a85d-4510-84a3-6b8e8ceb7fb6@group-180CB623063E-LeaderElection25] INFO  impl.LeaderElection (LeaderElection.java:askForVotes(308)) - b79a04c8-a85d-4510-84a3-6b8e8ceb7fb6@group-180CB623063E-LeaderElection25 ELECTION round 0: result REJECTED
2021-09-05 02:15:28,178 [b79a04c8-a85d-4510-84a3-6b8e8ceb7fb6@group-180CB623063E-LeaderElection25] INFO  server.RaftServer$Division (RaftServerImpl.java:setRole(285)) - b79a04c8-a85d-4510-84a3-6b8e8ceb7fb6@group-180CB623063E: changes role from CANDIDATE to FOLLOWER at term 2 for REJECTED
2021-09-05 02:15:28,178 [b79a04c8-a85d-4510-84a3-6b8e8ceb7fb6@group-180CB623063E-LeaderElection25] INFO  impl.RoleInfo (RoleInfo.java:shutdownLeaderElection(121)) - b79a04c8-a85d-4510-84a3-6b8e8ceb7fb6: shutdown b79a04c8-a85d-4510-84a3-6b8e8ceb7fb6@group-180CB623063E-LeaderElection25
2021-09-05 02:15:28,178 [b79a04c8-a85d-4510-84a3-6b8e8ceb7fb6@group-180CB623063E-LeaderElection25] INFO  impl.RoleInfo (RoleInfo.java:updateAndGet(130)) - b79a04c8-a85d-4510-84a3-6b8e8ceb7fb6: start b79a04c8-a85d-4510-84a3-6b8e8ceb7fb6@group-180CB623063E-FollowerState
2021-09-05 02:15:28,183 [grpc-default-executor-1] INFO  server.RaftServer$Division (RaftServerImpl.java:requestVote(1043)) - 577e39c9-1c1b-439c-8002-e326b4e2fbea@group-180CB623063E: receive requestVote(ELECTION, b79a04c8-a85d-4510-84a3-6b8e8ceb7fb6, group-180CB623063E, 2, (t:0, i:0))
2021-09-05 02:15:28,183 [grpc-default-executor-1] INFO  impl.VoteContext (VoteContext.java:log(48)) - 577e39c9-1c1b-439c-8002-e326b4e2fbea@group-180CB623063E-FOLLOWER: accept ELECTION from b79a04c8-a85d-4510-84a3-6b8e8ceb7fb6: our priority 0 <= candidate's priority 0
2021-09-05 02:15:28,183 [grpc-default-executor-1] INFO  server.RaftServer$Division (RaftServerImpl.java:setRole(285)) - 577e39c9-1c1b-439c-8002-e326b4e2fbea@group-180CB623063E: changes role from  FOLLOWER to FOLLOWER at term 2 for candidate:b79a04c8-a85d-4510-84a3-6b8e8ceb7fb6
2021-09-05 02:15:28,183 [grpc-default-executor-1] INFO  impl.RoleInfo (RoleInfo.java:shutdownFollowerState(108)) - 577e39c9-1c1b-439c-8002-e326b4e2fbea: shutdown 577e39c9-1c1b-439c-8002-e326b4e2fbea@group-180CB623063E-FollowerState
2021-09-05 02:15:28,183 [grpc-default-executor-1] INFO  impl.RoleInfo (RoleInfo.java:updateAndGet(130)) - 577e39c9-1c1b-439c-8002-e326b4e2fbea: start 577e39c9-1c1b-439c-8002-e326b4e2fbea@group-180CB623063E-FollowerState
2021-09-05 02:15:28,183 [577e39c9-1c1b-439c-8002-e326b4e2fbea@group-180CB623063E-FollowerState] INFO  impl.FollowerState (FollowerState.java:run(143)) - 577e39c9-1c1b-439c-8002-e326b4e2fbea@group-180CB623063E-FollowerState was interrupted: {}
java.lang.InterruptedException: sleep interrupted
	at java.lang.Thread.sleep(Native Method)
	at java.lang.Thread.sleep(Thread.java:340)
	at java.util.concurrent.TimeUnit.sleep(TimeUnit.java:386)
	at org.apache.ratis.util.TimeDuration.sleep(TimeDuration.java:324)
	at org.apache.ratis.util.TimeDuration.sleep(TimeDuration.java:309)
	at org.apache.ratis.server.impl.FollowerState.run(FollowerState.java:118)
2021-09-05 02:15:28,191 [grpc-default-executor-1] INFO  server.RaftServer$Division (RaftServerImpl.java:requestVote(1075)) - 577e39c9-1c1b-439c-8002-e326b4e2fbea@group-180CB623063E replies to ELECTION vote request: b79a04c8-a85d-4510-84a3-6b8e8ceb7fb6<-577e39c9-1c1b-439c-8002-e326b4e2fbea#0:OK-t2. Peer's state: 577e39c9-1c1b-439c-8002-e326b4e2fbea@group-180CB623063E:t2, leader=null, voted=b79a04c8-a85d-4510-84a3-6b8e8ceb7fb6, raftlog=577e39c9-1c1b-439c-8002-e326b4e2fbea@group-180CB623063E-SegmentedRaftLog:OPENED:c-1,f-1,i0, conf=-1: [1d556500-cfb9-44b2-b83e-fe2a8287eb17|rpc:10.1.0.22:34445|priority:1, b79a04c8-a85d-4510-84a3-6b8e8ceb7fb6|rpc:10.1.0.22:45853|priority:0, 577e39c9-1c1b-439c-8002-e326b4e2fbea|rpc:10.1.0.22:44289|priority:0], old=null
2021-09-05 02:15:28,306 [Listener at 127.0.0.1/38669] INFO  ozone.MiniOzoneClusterImpl (MiniOzoneClusterImpl.java:lambda$waitForClusterToBeReady$0(235)) - Nodes are ready. Got 6 of 6 DN Heartbeats.
2021-09-05 02:15:28,306 [Listener at 127.0.0.1/38669] INFO  ozone.MiniOzoneClusterImpl (MiniOzoneClusterImpl.java:lambda$waitForClusterToBeReady$0(238)) - Waiting for cluster to exit safe mode
2021-09-05 02:15:28,306 [Listener at 127.0.0.1/38669] INFO  ozone.MiniOzoneClusterImpl (MiniOzoneClusterImpl.java:lambda$waitForClusterToBeReady$0(240)) - SCM became leader
2021-09-05 02:15:28,319 [ReplicationMonitor] INFO  container.ReplicationManager (ReplicationManager.java:processAll(359)) - Replication Monitor Thread took 0 milliseconds for processing 6 containers.
2021-09-05 02:15:28,396 [EventQueue-OpenPipelineForHealthyPipelineSafeModeRule] INFO  safemode.SCMSafeModeManager (HealthyPipelineSafeModeRule.java:process(124)) - SCM in safe mode. Healthy pipelines reported count is 0, required healthy pipeline reported count is 1
2021-09-05 02:15:28,546 [ReplicationMonitor] INFO  container.ReplicationManager (ReplicationManager.java:processAll(359)) - Replication Monitor Thread took 0 milliseconds for processing 0 containers.
2021-09-05 02:15:28,803 [EventQueue-OpenPipelineForHealthyPipelineSafeModeRule] INFO  safemode.SCMSafeModeManager (HealthyPipelineSafeModeRule.java:process(124)) - SCM in safe mode. Healthy pipelines reported count is 0, required healthy pipeline reported count is 1
2021-09-05 02:15:28,828 [6ec9e918-e233-4af1-a2ad-83394b4f880d@group-054D0727F730-FollowerState] INFO  impl.FollowerState (FollowerState.java:run(134)) - 6ec9e918-e233-4af1-a2ad-83394b4f880d@group-054D0727F730-FollowerState: change to CANDIDATE, lastRpcElapsedTime:5054331257ns, electionTimeout:5051ms
2021-09-05 02:15:28,829 [6ec9e918-e233-4af1-a2ad-83394b4f880d@group-054D0727F730-FollowerState] INFO  impl.RoleInfo (RoleInfo.java:shutdownFollowerState(108)) - 6ec9e918-e233-4af1-a2ad-83394b4f880d: shutdown 6ec9e918-e233-4af1-a2ad-83394b4f880d@group-054D0727F730-FollowerState
2021-09-05 02:15:28,829 [6ec9e918-e233-4af1-a2ad-83394b4f880d@group-054D0727F730-FollowerState] INFO  server.RaftServer$Division (RaftServerImpl.java:setRole(285)) - 6ec9e918-e233-4af1-a2ad-83394b4f880d@group-054D0727F730: changes role from  FOLLOWER to CANDIDATE at term 1 for changeToCandidate
2021-09-05 02:15:28,829 [6ec9e918-e233-4af1-a2ad-83394b4f880d@group-054D0727F730-FollowerState] INFO  server.RaftServerConfigKeys (ConfUtils.java:logGet(44)) - raft.server.leaderelection.pre-vote = false (custom)
2021-09-05 02:15:28,829 [6ec9e918-e233-4af1-a2ad-83394b4f880d@group-054D0727F730-FollowerState] INFO  impl.RoleInfo (RoleInfo.java:updateAndGet(130)) - 6ec9e918-e233-4af1-a2ad-83394b4f880d: start 6ec9e918-e233-4af1-a2ad-83394b4f880d@group-054D0727F730-LeaderElection26
2021-09-05 02:15:28,832 [6ec9e918-e233-4af1-a2ad-83394b4f880d@group-054D0727F730-LeaderElection26] INFO  impl.LeaderElection (LeaderElection.java:askForVotes(306)) - 6ec9e918-e233-4af1-a2ad-83394b4f880d@group-054D0727F730-LeaderElection26 ELECTION round 0: submit vote requests at term 2 for -1: [a5a3b4f5-3484-4282-ab73-6a29d94875d9|rpc:10.1.0.22:46191|priority:0, 6ec9e918-e233-4af1-a2ad-83394b4f880d|rpc:10.1.0.22:34469|priority:1, 70b5588f-03e2-4e7c-9cb7-471676996542|rpc:10.1.0.22:34009|priority:0], old=null
2021-09-05 02:15:28,859 [grpc-default-executor-1] INFO  server.RaftServer$Division (RaftServerImpl.java:requestVote(1043)) - a5a3b4f5-3484-4282-ab73-6a29d94875d9@group-054D0727F730: receive requestVote(ELECTION, 6ec9e918-e233-4af1-a2ad-83394b4f880d, group-054D0727F730, 2, (t:0, i:0))
2021-09-05 02:15:28,862 [grpc-default-executor-1] INFO  impl.VoteContext (VoteContext.java:log(48)) - a5a3b4f5-3484-4282-ab73-6a29d94875d9@group-054D0727F730-FOLLOWER: accept ELECTION from 6ec9e918-e233-4af1-a2ad-83394b4f880d: our priority 0 <= candidate's priority 1
2021-09-05 02:15:28,862 [grpc-default-executor-1] INFO  server.RaftServer$Division (RaftServerImpl.java:setRole(285)) - a5a3b4f5-3484-4282-ab73-6a29d94875d9@group-054D0727F730: changes role from  FOLLOWER to FOLLOWER at term 2 for candidate:6ec9e918-e233-4af1-a2ad-83394b4f880d
2021-09-05 02:15:28,862 [grpc-default-executor-1] INFO  impl.RoleInfo (RoleInfo.java:shutdownFollowerState(108)) - a5a3b4f5-3484-4282-ab73-6a29d94875d9: shutdown a5a3b4f5-3484-4282-ab73-6a29d94875d9@group-054D0727F730-FollowerState
2021-09-05 02:15:28,862 [grpc-default-executor-1] INFO  impl.RoleInfo (RoleInfo.java:updateAndGet(130)) - a5a3b4f5-3484-4282-ab73-6a29d94875d9: start a5a3b4f5-3484-4282-ab73-6a29d94875d9@group-054D0727F730-FollowerState
2021-09-05 02:15:28,862 [grpc-default-executor-3] INFO  server.RaftServer$Division (RaftServerImpl.java:requestVote(1043)) - 70b5588f-03e2-4e7c-9cb7-471676996542@group-054D0727F730: receive requestVote(ELECTION, 6ec9e918-e233-4af1-a2ad-83394b4f880d, group-054D0727F730, 2, (t:0, i:0))
2021-09-05 02:15:28,870 [grpc-default-executor-3] INFO  impl.VoteContext (VoteContext.java:log(48)) - 70b5588f-03e2-4e7c-9cb7-471676996542@group-054D0727F730-FOLLOWER: accept ELECTION from 6ec9e918-e233-4af1-a2ad-83394b4f880d: our priority 0 <= candidate's priority 1
2021-09-05 02:15:28,870 [grpc-default-executor-3] INFO  server.RaftServer$Division (RaftServerImpl.java:setRole(285)) - 70b5588f-03e2-4e7c-9cb7-471676996542@group-054D0727F730: changes role from  FOLLOWER to FOLLOWER at term 2 for candidate:6ec9e918-e233-4af1-a2ad-83394b4f880d
2021-09-05 02:15:28,870 [grpc-default-executor-3] INFO  impl.RoleInfo (RoleInfo.java:shutdownFollowerState(108)) - 70b5588f-03e2-4e7c-9cb7-471676996542: shutdown 70b5588f-03e2-4e7c-9cb7-471676996542@group-054D0727F730-FollowerState
2021-09-05 02:15:28,870 [grpc-default-executor-3] INFO  impl.RoleInfo (RoleInfo.java:updateAndGet(130)) - 70b5588f-03e2-4e7c-9cb7-471676996542: start 70b5588f-03e2-4e7c-9cb7-471676996542@group-054D0727F730-FollowerState
2021-09-05 02:15:28,870 [grpc-default-executor-1] INFO  server.RaftServer$Division (RaftServerImpl.java:requestVote(1075)) - a5a3b4f5-3484-4282-ab73-6a29d94875d9@group-054D0727F730 replies to ELECTION vote request: 6ec9e918-e233-4af1-a2ad-83394b4f880d<-a5a3b4f5-3484-4282-ab73-6a29d94875d9#0:OK-t2. Peer's state: a5a3b4f5-3484-4282-ab73-6a29d94875d9@group-054D0727F730:t2, leader=null, voted=6ec9e918-e233-4af1-a2ad-83394b4f880d, raftlog=a5a3b4f5-3484-4282-ab73-6a29d94875d9@group-054D0727F730-SegmentedRaftLog:OPENED:c-1,f-1,i0, conf=-1: [a5a3b4f5-3484-4282-ab73-6a29d94875d9|rpc:10.1.0.22:46191|dataStream:|priority:0, 6ec9e918-e233-4af1-a2ad-83394b4f880d|rpc:10.1.0.22:34469|dataStream:|priority:1, 70b5588f-03e2-4e7c-9cb7-471676996542|rpc:10.1.0.22:34009|dataStream:|priority:0], old=null
2021-09-05 02:15:28,871 [a5a3b4f5-3484-4282-ab73-6a29d94875d9@group-054D0727F730-FollowerState] INFO  impl.FollowerState (FollowerState.java:run(134)) - a5a3b4f5-3484-4282-ab73-6a29d94875d9@group-054D0727F730-FollowerState: change to CANDIDATE, lastRpcElapsedTime:5087640995ns, electionTimeout:5064ms
2021-09-05 02:15:28,871 [a5a3b4f5-3484-4282-ab73-6a29d94875d9@group-054D0727F730-FollowerState] INFO  impl.RoleInfo (RoleInfo.java:shutdownFollowerState(108)) - a5a3b4f5-3484-4282-ab73-6a29d94875d9: shutdown a5a3b4f5-3484-4282-ab73-6a29d94875d9@group-054D0727F730-FollowerState
2021-09-05 02:15:28,871 [70b5588f-03e2-4e7c-9cb7-471676996542@group-054D0727F730-FollowerState] INFO  impl.FollowerState (FollowerState.java:run(143)) - 70b5588f-03e2-4e7c-9cb7-471676996542@group-054D0727F730-FollowerState was interrupted: {}
java.lang.InterruptedException: sleep interrupted
	at java.lang.Thread.sleep(Native Method)
	at java.lang.Thread.sleep(Thread.java:340)
	at java.util.concurrent.TimeUnit.sleep(TimeUnit.java:386)
	at org.apache.ratis.util.TimeDuration.sleep(TimeDuration.java:324)
	at org.apache.ratis.util.TimeDuration.sleep(TimeDuration.java:309)
	at org.apache.ratis.server.impl.FollowerState.run(FollowerState.java:118)
2021-09-05 02:15:28,871 [a5a3b4f5-3484-4282-ab73-6a29d94875d9@group-054D0727F730-FollowerState] INFO  server.RaftServer$Division (RaftServerImpl.java:setRole(285)) - a5a3b4f5-3484-4282-ab73-6a29d94875d9@group-054D0727F730: changes role from  FOLLOWER to CANDIDATE at term 2 for changeToCandidate
2021-09-05 02:15:28,881 [a5a3b4f5-3484-4282-ab73-6a29d94875d9@group-054D0727F730-FollowerState] INFO  server.RaftServerConfigKeys (ConfUtils.java:logGet(44)) - raft.server.leaderelection.pre-vote = false (custom)
2021-09-05 02:15:28,881 [a5a3b4f5-3484-4282-ab73-6a29d94875d9@group-054D0727F730-FollowerState] INFO  impl.RoleInfo (RoleInfo.java:updateAndGet(130)) - a5a3b4f5-3484-4282-ab73-6a29d94875d9: start a5a3b4f5-3484-4282-ab73-6a29d94875d9@group-054D0727F730-LeaderElection27
2021-09-05 02:15:28,881 [grpc-default-executor-3] INFO  server.RaftServer$Division (RaftServerImpl.java:requestVote(1075)) - 70b5588f-03e2-4e7c-9cb7-471676996542@group-054D0727F730 replies to ELECTION vote request: 6ec9e918-e233-4af1-a2ad-83394b4f880d<-70b5588f-03e2-4e7c-9cb7-471676996542#0:OK-t2. Peer's state: 70b5588f-03e2-4e7c-9cb7-471676996542@group-054D0727F730:t2, leader=null, voted=6ec9e918-e233-4af1-a2ad-83394b4f880d, raftlog=70b5588f-03e2-4e7c-9cb7-471676996542@group-054D0727F730-SegmentedRaftLog:OPENED:c-1,f-1,i0, conf=-1: [a5a3b4f5-3484-4282-ab73-6a29d94875d9|rpc:10.1.0.22:46191|dataStream:|priority:0, 6ec9e918-e233-4af1-a2ad-83394b4f880d|rpc:10.1.0.22:34469|dataStream:|priority:1, 70b5588f-03e2-4e7c-9cb7-471676996542|rpc:10.1.0.22:34009|dataStream:|priority:0], old=null
2021-09-05 02:15:28,883 [a5a3b4f5-3484-4282-ab73-6a29d94875d9@group-054D0727F730-LeaderElection27] INFO  impl.LeaderElection (LeaderElection.java:askForVotes(306)) - a5a3b4f5-3484-4282-ab73-6a29d94875d9@group-054D0727F730-LeaderElection27 ELECTION round 0: submit vote requests at term 3 for -1: [a5a3b4f5-3484-4282-ab73-6a29d94875d9|rpc:10.1.0.22:46191|dataStream:|priority:0, 6ec9e918-e233-4af1-a2ad-83394b4f880d|rpc:10.1.0.22:34469|dataStream:|priority:1, 70b5588f-03e2-4e7c-9cb7-471676996542|rpc:10.1.0.22:34009|dataStream:|priority:0], old=null
2021-09-05 02:15:28,891 [6ec9e918-e233-4af1-a2ad-83394b4f880d@group-054D0727F730-LeaderElection26] INFO  impl.LeaderElection (LeaderElection.java:logAndReturn(89)) - 6ec9e918-e233-4af1-a2ad-83394b4f880d@group-054D0727F730-LeaderElection26: ELECTION PASSED received 1 response(s) and 0 exception(s):
2021-09-05 02:15:28,891 [6ec9e918-e233-4af1-a2ad-83394b4f880d@group-054D0727F730-LeaderElection26] INFO  impl.LeaderElection (LeaderElection.java:logAndReturn(93)) -   Response 0: 6ec9e918-e233-4af1-a2ad-83394b4f880d<-a5a3b4f5-3484-4282-ab73-6a29d94875d9#0:OK-t2
2021-09-05 02:15:28,891 [6ec9e918-e233-4af1-a2ad-83394b4f880d@group-054D0727F730-LeaderElection26] INFO  impl.LeaderElection (LeaderElection.java:askForVotes(308)) - 6ec9e918-e233-4af1-a2ad-83394b4f880d@group-054D0727F730-LeaderElection26 ELECTION round 0: result PASSED
2021-09-05 02:15:28,891 [6ec9e918-e233-4af1-a2ad-83394b4f880d@group-054D0727F730-LeaderElection26] INFO  impl.RoleInfo (RoleInfo.java:shutdownLeaderElection(121)) - 6ec9e918-e233-4af1-a2ad-83394b4f880d: shutdown 6ec9e918-e233-4af1-a2ad-83394b4f880d@group-054D0727F730-LeaderElection26
2021-09-05 02:15:28,891 [6ec9e918-e233-4af1-a2ad-83394b4f880d@group-054D0727F730-LeaderElection26] INFO  server.RaftServer$Division (RaftServerImpl.java:setRole(285)) - 6ec9e918-e233-4af1-a2ad-83394b4f880d@group-054D0727F730: changes role from CANDIDATE to LEADER at term 2 for changeToLeader
2021-09-05 02:15:28,891 [6ec9e918-e233-4af1-a2ad-83394b4f880d@group-054D0727F730-LeaderElection26] INFO  ratis.XceiverServerRatis (XceiverServerRatis.java:handleLeaderChangedNotification(861)) - Leader change notification received for group: group-054D0727F730 with new leaderId: 6ec9e918-e233-4af1-a2ad-83394b4f880d
2021-09-05 02:15:28,891 [6ec9e918-e233-4af1-a2ad-83394b4f880d@group-054D0727F730-LeaderElection26] INFO  server.RaftServer$Division (ServerState.java:setLeader(285)) - 6ec9e918-e233-4af1-a2ad-83394b4f880d@group-054D0727F730: change Leader from null to 6ec9e918-e233-4af1-a2ad-83394b4f880d at term 2 for becomeLeader, leader elected after 10201ms
2021-09-05 02:15:28,891 [6ec9e918-e233-4af1-a2ad-83394b4f880d@group-054D0727F730-LeaderElection26] INFO  server.RaftServerConfigKeys (ConfUtils.java:logGet(44)) - raft.server.staging.catchup.gap = 1000 (default)
2021-09-05 02:15:28,892 [6ec9e918-e233-4af1-a2ad-83394b4f880d@group-054D0727F730-LeaderElection26] INFO  server.RaftServerConfigKeys (ConfUtils.java:logGet(44)) - raft.server.write.element-limit = 1024 (custom)
2021-09-05 02:15:28,892 [6ec9e918-e233-4af1-a2ad-83394b4f880d@group-054D0727F730-LeaderElection26] INFO  server.RaftServerConfigKeys (ConfUtils.java:logGet(44)) - raft.server.write.byte-limit = 1024 M (=1073741824) (custom)
2021-09-05 02:15:28,892 [6ec9e918-e233-4af1-a2ad-83394b4f880d@group-054D0727F730-LeaderElection26] INFO  server.RaftServerConfigKeys (ConfUtils.java:logGet(44)) - raft.server.watch.timeout = 180s (custom)
2021-09-05 02:15:28,892 [6ec9e918-e233-4af1-a2ad-83394b4f880d@group-054D0727F730-LeaderElection26] INFO  server.RaftServerConfigKeys (ConfUtils.java:logGet(44)) - raft.server.watch.timeout.denomination = 1s (default)
2021-09-05 02:15:28,892 [6ec9e918-e233-4af1-a2ad-83394b4f880d@group-054D0727F730-LeaderElection26] INFO  server.RaftServerConfigKeys (ConfUtils.java:logGet(44)) - raft.server.watch.element-limit = 65536 (default)
2021-09-05 02:15:28,892 [6ec9e918-e233-4af1-a2ad-83394b4f880d@group-054D0727F730-LeaderElection26] INFO  server.RaftServerConfigKeys (ConfUtils.java:logGet(44)) - raft.server.log.appender.snapshot.chunk.size.max = 16MB (=16777216) (default)
2021-09-05 02:15:28,892 [6ec9e918-e233-4af1-a2ad-83394b4f880d@group-054D0727F730-LeaderElection26] INFO  server.RaftServerConfigKeys (ConfUtils.java:logGet(44)) - raft.server.log.appender.buffer.byte-limit = 33554432 (custom)
2021-09-05 02:15:28,892 [6ec9e918-e233-4af1-a2ad-83394b4f880d@group-054D0727F730-LeaderElection26] INFO  server.RaftServerConfigKeys (ConfUtils.java:logGet(44)) - raft.server.log.appender.buffer.element-limit = 1 (custom)
2021-09-05 02:15:28,892 [6ec9e918-e233-4af1-a2ad-83394b4f880d@group-054D0727F730-LeaderElection26] INFO  grpc.GrpcConfigKeys (ConfUtils.java:logGet(44)) - raft.grpc.server.leader.outstanding.appends.max = 128 (default)
2021-09-05 02:15:28,892 [6ec9e918-e233-4af1-a2ad-83394b4f880d@group-054D0727F730-LeaderElection26] INFO  server.RaftServerConfigKeys (ConfUtils.java:logGet(44)) - raft.server.rpc.request.timeout = 60s (custom)
2021-09-05 02:15:28,892 [6ec9e918-e233-4af1-a2ad-83394b4f880d@group-054D0727F730-LeaderElection26] INFO  server.RaftServerConfigKeys (ConfUtils.java:logGet(44)) - raft.server.log.appender.install.snapshot.enabled = false (custom)
2021-09-05 02:15:28,894 [grpc-default-executor-3] INFO  server.RaftServer$Division (RaftServerImpl.java:requestVote(1043)) - 70b5588f-03e2-4e7c-9cb7-471676996542@group-054D0727F730: receive requestVote(ELECTION, a5a3b4f5-3484-4282-ab73-6a29d94875d9, group-054D0727F730, 3, (t:0, i:0))
2021-09-05 02:15:28,894 [grpc-default-executor-3] INFO  impl.VoteContext (VoteContext.java:log(48)) - 70b5588f-03e2-4e7c-9cb7-471676996542@group-054D0727F730-FOLLOWER: accept ELECTION from a5a3b4f5-3484-4282-ab73-6a29d94875d9: our priority 0 <= candidate's priority 0
2021-09-05 02:15:28,894 [grpc-default-executor-3] INFO  server.RaftServer$Division (RaftServerImpl.java:setRole(285)) - 70b5588f-03e2-4e7c-9cb7-471676996542@group-054D0727F730: changes role from  FOLLOWER to FOLLOWER at term 3 for candidate:a5a3b4f5-3484-4282-ab73-6a29d94875d9
2021-09-05 02:15:28,894 [grpc-default-executor-3] INFO  impl.RoleInfo (RoleInfo.java:shutdownFollowerState(108)) - 70b5588f-03e2-4e7c-9cb7-471676996542: shutdown 70b5588f-03e2-4e7c-9cb7-471676996542@group-054D0727F730-FollowerState
2021-09-05 02:15:28,894 [grpc-default-executor-3] INFO  impl.RoleInfo (RoleInfo.java:updateAndGet(130)) - 70b5588f-03e2-4e7c-9cb7-471676996542: start 70b5588f-03e2-4e7c-9cb7-471676996542@group-054D0727F730-FollowerState
2021-09-05 02:15:28,894 [70b5588f-03e2-4e7c-9cb7-471676996542@group-054D0727F730-FollowerState] INFO  impl.FollowerState (FollowerState.java:run(143)) - 70b5588f-03e2-4e7c-9cb7-471676996542@group-054D0727F730-FollowerState was interrupted: {}
java.lang.InterruptedException: sleep interrupted
	at java.lang.Thread.sleep(Native Method)
	at java.lang.Thread.sleep(Thread.java:340)
	at java.util.concurrent.TimeUnit.sleep(TimeUnit.java:386)
	at org.apache.ratis.util.TimeDuration.sleep(TimeDuration.java:324)
	at org.apache.ratis.util.TimeDuration.sleep(TimeDuration.java:309)
	at org.apache.ratis.server.impl.FollowerState.run(FollowerState.java:118)
2021-09-05 02:15:28,895 [grpc-default-executor-1] INFO  server.RaftServer$Division (RaftServerImpl.java:requestVote(1043)) - 6ec9e918-e233-4af1-a2ad-83394b4f880d@group-054D0727F730: receive requestVote(ELECTION, a5a3b4f5-3484-4282-ab73-6a29d94875d9, group-054D0727F730, 3, (t:0, i:0))
2021-09-05 02:15:28,899 [grpc-default-executor-3] INFO  server.RaftServer$Division (RaftServerImpl.java:requestVote(1075)) - 70b5588f-03e2-4e7c-9cb7-471676996542@group-054D0727F730 replies to ELECTION vote request: a5a3b4f5-3484-4282-ab73-6a29d94875d9<-70b5588f-03e2-4e7c-9cb7-471676996542#0:OK-t3. Peer's state: 70b5588f-03e2-4e7c-9cb7-471676996542@group-054D0727F730:t3, leader=null, voted=a5a3b4f5-3484-4282-ab73-6a29d94875d9, raftlog=70b5588f-03e2-4e7c-9cb7-471676996542@group-054D0727F730-SegmentedRaftLog:OPENED:c-1,f-1,i0, conf=-1: [a5a3b4f5-3484-4282-ab73-6a29d94875d9|rpc:10.1.0.22:46191|dataStream:|priority:0, 6ec9e918-e233-4af1-a2ad-83394b4f880d|rpc:10.1.0.22:34469|dataStream:|priority:1, 70b5588f-03e2-4e7c-9cb7-471676996542|rpc:10.1.0.22:34009|dataStream:|priority:0], old=null
2021-09-05 02:15:28,899 [6ec9e918-e233-4af1-a2ad-83394b4f880d@group-054D0727F730-LeaderElection26] INFO  server.RaftServerConfigKeys (ConfUtils.java:logGet(44)) - raft.server.log.appender.snapshot.chunk.size.max = 16MB (=16777216) (default)
2021-09-05 02:15:28,899 [6ec9e918-e233-4af1-a2ad-83394b4f880d@group-054D0727F730-LeaderElection26] INFO  server.RaftServerConfigKeys (ConfUtils.java:logGet(44)) - raft.server.log.appender.buffer.byte-limit = 33554432 (custom)
2021-09-05 02:15:28,899 [6ec9e918-e233-4af1-a2ad-83394b4f880d@group-054D0727F730-LeaderElection26] INFO  server.RaftServerConfigKeys (ConfUtils.java:logGet(44)) - raft.server.log.appender.buffer.element-limit = 1 (custom)
2021-09-05 02:15:28,899 [6ec9e918-e233-4af1-a2ad-83394b4f880d@group-054D0727F730-LeaderElection26] INFO  grpc.GrpcConfigKeys (ConfUtils.java:logGet(44)) - raft.grpc.server.leader.outstanding.appends.max = 128 (default)
2021-09-05 02:15:28,900 [EventQueue-OpenPipelineForHealthyPipelineSafeModeRule] INFO  safemode.SCMSafeModeManager (HealthyPipelineSafeModeRule.java:process(124)) - SCM in safe mode. Healthy pipelines reported count is 0, required healthy pipeline reported count is 1
2021-09-05 02:15:28,900 [EventQueue-PipelineReportForPipelineReportHandler] INFO  pipeline.PipelineManagerImpl (PipelineManagerImpl.java:openPipeline(282)) - Pipeline Pipeline[ Id: ca2cbe7e-67e8-4122-abdb-054d0727f730, Nodes: a5a3b4f5-3484-4282-ab73-6a29d94875d9{ip: 10.1.0.22, host: fv-az151-757.yf2hydr00wburbhx3j5hxtcipe.bx.internal.cloudapp.net, ports: [REPLICATION=46329, RATIS=46191, RATIS_ADMIN=46191, RATIS_SERVER=46191, STANDALONE=42209], networkLocation: /default-rack, certSerialId: null, persistedOpState: IN_SERVICE, persistedOpStateExpiryEpochSec: 0}6ec9e918-e233-4af1-a2ad-83394b4f880d{ip: 10.1.0.22, host: fv-az151-757.yf2hydr00wburbhx3j5hxtcipe.bx.internal.cloudapp.net, ports: [REPLICATION=40607, RATIS=34469, RATIS_ADMIN=34469, RATIS_SERVER=34469, STANDALONE=38701], networkLocation: /default-rack, certSerialId: null, persistedOpState: IN_SERVICE, persistedOpStateExpiryEpochSec: 0}70b5588f-03e2-4e7c-9cb7-471676996542{ip: 10.1.0.22, host: fv-az151-757.yf2hydr00wburbhx3j5hxtcipe.bx.internal.cloudapp.net, ports: [REPLICATION=39473, RATIS=34009, RATIS_ADMIN=34009, RATIS_SERVER=34009, STANDALONE=37651], networkLocation: /default-rack, certSerialId: null, persistedOpState: IN_SERVICE, persistedOpStateExpiryEpochSec: 0}, ReplicationConfig: RATIS/THREE, State:ALLOCATED, leaderId:6ec9e918-e233-4af1-a2ad-83394b4f880d, CreationTimestamp2021-09-05T02:15:15.997Z[Etc/UTC]] moved to OPEN state
2021-09-05 02:15:28,901 [EventQueue-OpenPipelineForHealthyPipelineSafeModeRule] INFO  safemode.SCMSafeModeManager (HealthyPipelineSafeModeRule.java:process(124)) - SCM in safe mode. Healthy pipelines reported count is 1, required healthy pipeline reported count is 1
2021-09-05 02:15:28,901 [EventQueue-OpenPipelineForHealthyPipelineSafeModeRule] INFO  safemode.SCMSafeModeManager (SCMSafeModeManager.java:validateSafeModeExitRules(204)) - HealthyPipelineSafeModeRule rule is successfully validated
2021-09-05 02:15:28,901 [EventQueue-OpenPipelineForHealthyPipelineSafeModeRule] INFO  safemode.SCMSafeModeManager (SCMSafeModeManager.java:validateSafeModeExitRules(219)) - ScmSafeModeManager, all rules are successfully validated
2021-09-05 02:15:28,901 [EventQueue-OpenPipelineForHealthyPipelineSafeModeRule] INFO  safemode.SCMSafeModeManager (SCMSafeModeManager.java:exitSafeMode(248)) - SCM exiting safe mode.
2021-09-05 02:15:28,901 [EventQueue-OpenPipelineForHealthyPipelineSafeModeRule] WARN  events.EventQueue (EventQueue.java:fireEvent(194)) - No event handler registered for event TypedEvent{payloadType=SafeModeStatus, name='Safe mode status'}
2021-09-05 02:15:28,901 [EventQueue-OpenPipelineForHealthyPipelineSafeModeRule] INFO  ha.SCMContext (SCMContext.java:updateSafeModeStatus(205)) - Update SafeModeStatus from SafeModeStatus{safeModeStatus=true, preCheckPassed=true} to SafeModeStatus{safeModeStatus=false, preCheckPassed=true}.
2021-09-05 02:15:28,901 [EventQueue-OpenPipelineForHealthyPipelineSafeModeRule] INFO  pipeline.BackgroundPipelineCreator (BackgroundPipelineCreatorV2.java:notifyStatusChanged(264)) - Service BackgroundPipelineCreator transitions to RUNNING.
2021-09-05 02:15:28,901 [EventQueue-OpenPipelineForHealthyPipelineSafeModeRule] INFO  container.ReplicationManager (ReplicationManager.java:notifyStatusChanged(1722)) - Service ReplicationManager transitions to RUNNING.
2021-09-05 02:15:28,901 [6ec9e918-e233-4af1-a2ad-83394b4f880d@group-054D0727F730-LeaderElection26] INFO  server.RaftServerConfigKeys (ConfUtils.java:logGet(44)) - raft.server.rpc.request.timeout = 60s (custom)
2021-09-05 02:15:28,901 [6ec9e918-e233-4af1-a2ad-83394b4f880d@group-054D0727F730-LeaderElection26] INFO  server.RaftServerConfigKeys (ConfUtils.java:logGet(44)) - raft.server.log.appender.install.snapshot.enabled = false (custom)
2021-09-05 02:15:28,902 [6ec9e918-e233-4af1-a2ad-83394b4f880d@group-054D0727F730-LeaderElection26] INFO  impl.RoleInfo (RoleInfo.java:updateAndGet(130)) - 6ec9e918-e233-4af1-a2ad-83394b4f880d: start 6ec9e918-e233-4af1-a2ad-83394b4f880d@group-054D0727F730-LeaderStateImpl
2021-09-05 02:15:28,906 [6ec9e918-e233-4af1-a2ad-83394b4f880d@group-054D0727F730-LeaderElection26] INFO  segmented.SegmentedRaftLogWorker (SegmentedRaftLogWorker.java:startLogSegment(394)) - 6ec9e918-e233-4af1-a2ad-83394b4f880d@group-054D0727F730-SegmentedRaftLogWorker: Starting segment from index:0
2021-09-05 02:15:28,910 [6ec9e918-e233-4af1-a2ad-83394b4f880d@group-054D0727F730-SegmentedRaftLogWorker] INFO  segmented.SegmentedRaftLogWorker (SegmentedRaftLogWorker.java:execute(601)) - 6ec9e918-e233-4af1-a2ad-83394b4f880d@group-054D0727F730-SegmentedRaftLogWorker: created new log segment /home/runner/work/ozone/ozone/hadoop-ozone/integration-test/target/test-dir/MiniOzoneClusterImpl-41f086ef-0a60-4f7c-b4a3-54cba879f76c/datanode-3/data/ratis/ca2cbe7e-67e8-4122-abdb-054d0727f730/current/log_inprogress_0
2021-09-05 02:15:28,918 [6ec9e918-e233-4af1-a2ad-83394b4f880d@group-054D0727F730-LeaderElection26] INFO  server.RaftServer$Division (ServerState.java:setRaftConf(387)) - 6ec9e918-e233-4af1-a2ad-83394b4f880d@group-054D0727F730: set configuration 0: [a5a3b4f5-3484-4282-ab73-6a29d94875d9|rpc:10.1.0.22:46191|dataStream:|priority:0, 6ec9e918-e233-4af1-a2ad-83394b4f880d|rpc:10.1.0.22:34469|dataStream:|priority:1, 70b5588f-03e2-4e7c-9cb7-471676996542|rpc:10.1.0.22:34009|dataStream:|priority:0], old=null
2021-09-05 02:15:28,921 [grpc-default-executor-1] INFO  impl.VoteContext (VoteContext.java:log(48)) - 6ec9e918-e233-4af1-a2ad-83394b4f880d@group-054D0727F730-LEADER: reject ELECTION from a5a3b4f5-3484-4282-ab73-6a29d94875d9: our last entry (t:2, i:0) > candidate's last entry (t:0, i:0)
2021-09-05 02:15:28,921 [grpc-default-executor-1] INFO  server.RaftServer$Division (ServerState.java:setLeader(285)) - 6ec9e918-e233-4af1-a2ad-83394b4f880d@group-054D0727F730: change Leader from 6ec9e918-e233-4af1-a2ad-83394b4f880d to null at term 3 for updateCurrentTerm
2021-09-05 02:15:28,921 [grpc-default-executor-1] INFO  server.RaftServer$Division (RaftServerImpl.java:setRole(285)) - 6ec9e918-e233-4af1-a2ad-83394b4f880d@group-054D0727F730: changes role from    LEADER to FOLLOWER at term 3 for candidate:a5a3b4f5-3484-4282-ab73-6a29d94875d9
2021-09-05 02:15:28,921 [grpc-default-executor-1] INFO  impl.RoleInfo (RoleInfo.java:shutdownLeaderState(91)) - 6ec9e918-e233-4af1-a2ad-83394b4f880d: shutdown 6ec9e918-e233-4af1-a2ad-83394b4f880d@group-054D0727F730-LeaderStateImpl
2021-09-05 02:15:28,921 [6ec9e918-e233-4af1-a2ad-83394b4f880d@group-054D0727F730->a5a3b4f5-3484-4282-ab73-6a29d94875d9-GrpcLogAppender-LogAppenderDaemon] WARN  server.GrpcLogAppender (GrpcLogAppender.java:mayWait(175)) - 6ec9e918-e233-4af1-a2ad-83394b4f880d@group-054D0727F730->a5a3b4f5-3484-4282-ab73-6a29d94875d9-GrpcLogAppender: Wait interrupted by java.lang.InterruptedException
2021-09-05 02:15:28,923 [grpc-default-executor-0] INFO  server.GrpcServerProtocolService (GrpcServerProtocolService.java:onCompleted(140)) - a5a3b4f5-3484-4282-ab73-6a29d94875d9: Completed APPEND_ENTRIES, lastRequest: 6ec9e918-e233-4af1-a2ad-83394b4f880d->a5a3b4f5-3484-4282-ab73-6a29d94875d9#1-t2,previous=(t:0, i:0),leaderCommit=0,initializing? true,entries: size=1, first=(t:2, i:0), CONFIGURATIONENTRY
2021-09-05 02:15:28,921 [grpc-default-executor-1] INFO  impl.PendingRequests (PendingRequests.java:sendNotLeaderResponses(282)) - 6ec9e918-e233-4af1-a2ad-83394b4f880d@group-054D0727F730-PendingRequests: sendNotLeaderResponses
2021-09-05 02:15:28,932 [grpc-default-executor-1] INFO  impl.RoleInfo (RoleInfo.java:updateAndGet(130)) - 6ec9e918-e233-4af1-a2ad-83394b4f880d: start 6ec9e918-e233-4af1-a2ad-83394b4f880d@group-054D0727F730-FollowerState
2021-09-05 02:15:28,937 [grpc-default-executor-1] INFO  server.RaftServer$Division (RaftServerImpl.java:requestVote(1075)) - 6ec9e918-e233-4af1-a2ad-83394b4f880d@group-054D0727F730 replies to ELECTION vote request: a5a3b4f5-3484-4282-ab73-6a29d94875d9<-6ec9e918-e233-4af1-a2ad-83394b4f880d#0:FAIL-t3. Peer's state: 6ec9e918-e233-4af1-a2ad-83394b4f880d@group-054D0727F730:t3, leader=null, voted=null, raftlog=6ec9e918-e233-4af1-a2ad-83394b4f880d@group-054D0727F730-SegmentedRaftLog:OPENED:c0,f0,i0, conf=0: [a5a3b4f5-3484-4282-ab73-6a29d94875d9|rpc:10.1.0.22:46191|dataStream:|priority:0, 6ec9e918-e233-4af1-a2ad-83394b4f880d|rpc:10.1.0.22:34469|dataStream:|priority:1, 70b5588f-03e2-4e7c-9cb7-471676996542|rpc:10.1.0.22:34009|dataStream:|priority:0], old=null
2021-09-05 02:15:28,938 [a5a3b4f5-3484-4282-ab73-6a29d94875d9@group-054D0727F730-LeaderElection27] INFO  impl.LeaderElection (LeaderElection.java:logAndReturn(89)) - a5a3b4f5-3484-4282-ab73-6a29d94875d9@group-054D0727F730-LeaderElection27: ELECTION REJECTED received 2 response(s) and 0 exception(s):
2021-09-05 02:15:28,939 [a5a3b4f5-3484-4282-ab73-6a29d94875d9@group-054D0727F730-LeaderElection27] INFO  impl.LeaderElection (LeaderElection.java:logAndReturn(93)) -   Response 0: a5a3b4f5-3484-4282-ab73-6a29d94875d9<-6ec9e918-e233-4af1-a2ad-83394b4f880d#0:FAIL-t3
2021-09-05 02:15:28,939 [a5a3b4f5-3484-4282-ab73-6a29d94875d9@group-054D0727F730-LeaderElection27] INFO  impl.LeaderElection (LeaderElection.java:logAndReturn(93)) -   Response 1: a5a3b4f5-3484-4282-ab73-6a29d94875d9<-70b5588f-03e2-4e7c-9cb7-471676996542#0:OK-t3
2021-09-05 02:15:28,939 [a5a3b4f5-3484-4282-ab73-6a29d94875d9@group-054D0727F730-LeaderElection27] INFO  impl.LeaderElection (LeaderElection.java:askForVotes(308)) - a5a3b4f5-3484-4282-ab73-6a29d94875d9@group-054D0727F730-LeaderElection27 ELECTION round 0: result REJECTED
2021-09-05 02:15:28,939 [a5a3b4f5-3484-4282-ab73-6a29d94875d9@group-054D0727F730-LeaderElection27] INFO  server.RaftServer$Division (RaftServerImpl.java:setRole(285)) - a5a3b4f5-3484-4282-ab73-6a29d94875d9@group-054D0727F730: changes role from CANDIDATE to FOLLOWER at term 3 for REJECTED
2021-09-05 02:15:28,939 [a5a3b4f5-3484-4282-ab73-6a29d94875d9@group-054D0727F730-LeaderElection27] INFO  impl.RoleInfo (RoleInfo.java:shutdownLeaderElection(121)) - a5a3b4f5-3484-4282-ab73-6a29d94875d9: shutdown a5a3b4f5-3484-4282-ab73-6a29d94875d9@group-054D0727F730-LeaderElection27
2021-09-05 02:15:28,939 [a5a3b4f5-3484-4282-ab73-6a29d94875d9@group-054D0727F730-LeaderElection27] INFO  impl.RoleInfo (RoleInfo.java:updateAndGet(130)) - a5a3b4f5-3484-4282-ab73-6a29d94875d9: start a5a3b4f5-3484-4282-ab73-6a29d94875d9@group-054D0727F730-FollowerState
2021-09-05 02:15:28,939 [grpc-default-executor-1] INFO  server.GrpcLogAppender (GrpcLogAppender.java:onCompleted(344)) - 6ec9e918-e233-4af1-a2ad-83394b4f880d@group-054D0727F730->a5a3b4f5-3484-4282-ab73-6a29d94875d9-AppendLogResponseHandler: follower responses appendEntries COMPLETED
2021-09-05 02:15:28,940 [grpc-default-executor-1] INFO  leader.FollowerInfo (FollowerInfoImpl.java:lambda$new$0(46)) - 6ec9e918-e233-4af1-a2ad-83394b4f880d@group-054D0727F730->a5a3b4f5-3484-4282-ab73-6a29d94875d9: nextIndex: updateUnconditionally 1 -> 0
2021-09-05 02:15:29,067 [DatanodeAdminManager-0] INFO  node.DatanodeAdminMonitorImpl (DatanodeAdminMonitorImpl.java:run(137)) - There are 1 nodes tracked for decommission and maintenance. 0 pending nodes.
2021-09-05 02:15:29,306 [Listener at 127.0.0.1/38669] INFO  ozone.MiniOzoneClusterImpl (MiniOzoneClusterImpl.java:lambda$waitForClusterToBeReady$0(235)) - Nodes are ready. Got 6 of 6 DN Heartbeats.
2021-09-05 02:15:29,306 [Listener at 127.0.0.1/38669] INFO  ozone.MiniOzoneClusterImpl (MiniOzoneClusterImpl.java:lambda$waitForClusterToBeReady$0(238)) - Cluster exits safe mode
2021-09-05 02:15:29,306 [Listener at 127.0.0.1/38669] INFO  ozone.MiniOzoneClusterImpl (MiniOzoneClusterImpl.java:lambda$waitForClusterToBeReady$0(240)) - SCM became leader
2021-09-05 02:15:29,308 [Listener at 127.0.0.1/38669] WARN  server.ServerUtils (ServerUtils.java:getScmDbDir(148)) - ozone.scm.db.dirs is not configured. We recommend adding this setting. Falling back to ozone.metadata.dirs instead.
2021-09-05 02:15:29,311 [Listener at 127.0.0.1/38669] INFO  ha.SCMHANodeDetails (SCMHANodeDetails.java:loadSCMHAConfig(157)) - ServiceID for StorageContainerManager is null
2021-09-05 02:15:29,311 [Listener at 127.0.0.1/38669] INFO  ha.SCMHANodeDetails (SCMHANodeDetails.java:loadSCMHAConfig(162)) - ozone.scm.default.service.id is not defined, falling back to ozone.scm.service.ids to find serviceID for StorageContainerManager if it is HA enabled cluster
2021-09-05 02:15:29,312 [Listener at 127.0.0.1/38669] WARN  server.ServerUtils (ServerUtils.java:getScmDbDir(148)) - ozone.scm.db.dirs is not configured. We recommend adding this setting. Falling back to ozone.metadata.dirs instead.
2021-09-05 02:15:29,312 [Listener at 127.0.0.1/38669] INFO  upgrade.AbstractLayoutVersionManager (AbstractLayoutVersionManager.java:init(70)) - Initializing Layout version manager with metadata layout = SCM_HA (version = 2), software layout = SCM_HA (version = 2)
2021-09-05 02:15:29,320 [ReplicationMonitor] INFO  container.ReplicationManager (ReplicationManager.java:processAll(359)) - Replication Monitor Thread took 0 milliseconds for processing 6 containers.
2021-09-05 02:15:29,355 [Listener at 127.0.0.1/38669] INFO  reflections.Reflections (Reflections.java:scan(232)) - Reflections took 41 ms to scan 7 urls, producing 120 keys and 275 values 
2021-09-05 02:15:29,356 [Listener at 127.0.0.1/38669] WARN  utils.HAUtils (HAUtils.java:getMetaDir(342)) - ozone.scm.db.dirs is not configured. We recommend adding this setting. Falling back to ozone.metadata.dirs instead.
2021-09-05 02:15:29,356 [Listener at 127.0.0.1/38669] WARN  db.DBStoreBuilder (DBStoreBuilder.java:applyDBDefinition(145)) - ozone.scm.db.dirs is not configured. We recommend adding this setting. Falling back to ozone.metadata.dirs instead.
2021-09-05 02:15:29,452 [Listener at 127.0.0.1/38669] INFO  net.NodeSchemaLoader (NodeSchemaLoader.java:loadSchemaFromFile(129)) - Loading schema from [jar:file:/home/runner/.m2/repository/org/apache/ozone/hdds-common/1.2.0-SNAPSHOT/hdds-common-1.2.0-SNAPSHOT.jar!/network-topology-default.xml]
2021-09-05 02:15:29,452 [Listener at 127.0.0.1/38669] INFO  net.NodeSchemaLoader (NodeSchemaLoader.java:loadSchema(176)) - Loading network topology layer schema file
2021-09-05 02:15:29,469 [Listener at 127.0.0.1/38669] WARN  impl.MetricRegistriesImpl (MetricRegistriesImpl.java:addReporterRegistration(111)) - New reporters are added after registries were created. Some metrics will be missing from the reporter. Please add reporter before adding any new registry.
2021-09-05 02:15:29,469 [Listener at 127.0.0.1/38669] WARN  impl.MetricRegistriesImpl (MetricRegistriesImpl.java:addReporterRegistration(111)) - New reporters are added after registries were created. Some metrics will be missing from the reporter. Please add reporter before adding any new registry.
2021-09-05 02:15:29,469 [Listener at 127.0.0.1/38669] INFO  ha.SequenceIdGenerator (SequenceIdGenerator.java:upgradeToSequenceId(327)) - upgrade localId to 107544261427200000
2021-09-05 02:15:29,469 [Listener at 127.0.0.1/38669] INFO  ha.SequenceIdGenerator (SequenceIdGenerator.java:upgradeToSequenceId(337)) - upgrade delTxnId to 0
2021-09-05 02:15:29,469 [Listener at 127.0.0.1/38669] INFO  ha.SequenceIdGenerator (SequenceIdGenerator.java:upgradeToSequenceId(351)) - upgrade containerId to 0
2021-09-05 02:15:29,470 [Listener at 127.0.0.1/38669] INFO  ha.SequenceIdGenerator (SequenceIdGenerator.java:<init>(217)) - Init the HA SequenceIdGenerator.
2021-09-05 02:15:29,475 [Listener at 127.0.0.1/38669] INFO  node.SCMNodeManager (SCMNodeManager.java:<init>(145)) - Entering startup safe mode.
2021-09-05 02:15:29,476 [Listener at 127.0.0.1/38669] INFO  algorithms.ContainerPlacementPolicyFactory (ContainerPlacementPolicyFactory.java:getPolicy(60)) - Create container placement policy of type org.apache.hadoop.hdds.scm.container.placement.algorithms.SCMContainerPlacementRandom
2021-09-05 02:15:29,476 [Listener at 127.0.0.1/38669] INFO  pipeline.PipelineStateManager (PipelineStateManagerV2Impl.java:initialize(78)) - No pipeline exists in current db
2021-09-05 02:15:29,477 [Listener at 127.0.0.1/38669] INFO  algorithms.LeaderChoosePolicyFactory (LeaderChoosePolicyFactory.java:getPolicy(57)) - Create leader choose policy of type org.apache.hadoop.hdds.scm.pipeline.leader.choose.algorithms.MinLeaderCountChoosePolicy
2021-09-05 02:15:29,477 [Listener at 127.0.0.1/38669] INFO  ha.SCMServiceManager (SCMServiceManager.java:register(43)) - Registering service BackgroundPipelineCreator.
2021-09-05 02:15:29,477 [Listener at 127.0.0.1/38669] INFO  pipeline.BackgroundPipelineCreator (BackgroundPipelineCreatorV2.java:start(130)) - Starting RatisPipelineUtilsThread.
2021-09-05 02:15:29,480 [Listener at 127.0.0.1/38669] INFO  algorithms.PipelineChoosePolicyFactory (PipelineChoosePolicyFactory.java:createPipelineChoosePolicyFromClass(73)) - Create pipeline choose policy of type org.apache.hadoop.hdds.scm.pipeline.choose.algorithms.RandomPipelineChoosePolicy
2021-09-05 02:15:29,480 [Listener at 127.0.0.1/38669] INFO  ha.SCMServiceManager (SCMServiceManager.java:register(43)) - Registering service SCMBlockDeletingService.
2021-09-05 02:15:29,480 [Listener at 127.0.0.1/38669] INFO  ha.SCMServiceManager (SCMServiceManager.java:register(43)) - Registering service ReplicationManager.
2021-09-05 02:15:29,480 [Listener at 127.0.0.1/38669] INFO  container.ReplicationManager (ReplicationManager.java:start(307)) - Starting Replication Monitor Thread.
2021-09-05 02:15:29,482 [Listener at 127.0.0.1/38669] INFO  safemode.ContainerSafeModeRule (ContainerSafeModeRule.java:<init>(89)) - containers with one replica threshold count 0
2021-09-05 02:15:29,483 [Listener at 127.0.0.1/38669] INFO  safemode.HealthyPipelineSafeModeRule (HealthyPipelineSafeModeRule.java:initializeRule(156)) - Total pipeline count is 0, healthy pipeline threshold count is 1
2021-09-05 02:15:29,483 [Listener at 127.0.0.1/38669] INFO  safemode.OneReplicaPipelineSafeModeRule (OneReplicaPipelineSafeModeRule.java:initializeRule(180)) - Total pipeline count is 0, pipeline's with at least one datanode reported threshold count is 0
2021-09-05 02:15:29,486 [Listener at 127.0.0.1/38669] INFO  ipc.CallQueueManager (CallQueueManager.java:<init>(90)) - Using callQueue: class java.util.concurrent.LinkedBlockingQueue, queueCapacity: 2000, scheduler: class org.apache.hadoop.ipc.DefaultRpcScheduler, ipcBackoff: false.
2021-09-05 02:15:29,486 [Socket Reader #1 for port 0] INFO  ipc.Server (Server.java:run(1265)) - Starting Socket Reader #1 for port 0
2021-09-05 02:15:29,488 [Listener at 0.0.0.0/43945] INFO  ipc.CallQueueManager (CallQueueManager.java:<init>(90)) - Using callQueue: class java.util.concurrent.LinkedBlockingQueue, queueCapacity: 2000, scheduler: class org.apache.hadoop.ipc.DefaultRpcScheduler, ipcBackoff: false.
2021-09-05 02:15:29,490 [Socket Reader #1 for port 0] INFO  ipc.Server (Server.java:run(1265)) - Starting Socket Reader #1 for port 0
2021-09-05 02:15:29,491 [Listener at 0.0.0.0/43065] INFO  ipc.CallQueueManager (CallQueueManager.java:<init>(90)) - Using callQueue: class java.util.concurrent.LinkedBlockingQueue, queueCapacity: 2000, scheduler: class org.apache.hadoop.ipc.DefaultRpcScheduler, ipcBackoff: false.
2021-09-05 02:15:29,493 [Socket Reader #1 for port 0] INFO  ipc.Server (Server.java:run(1265)) - Starting Socket Reader #1 for port 0
2021-09-05 02:15:29,495 [ReplicationMonitor] INFO  container.ReplicationManager (ReplicationManager.java:processAll(359)) - Replication Monitor Thread took 0 milliseconds for processing 0 containers.
2021-09-05 02:15:29,525 [Listener at 0.0.0.0/36351] INFO  algorithms.ContainerPlacementPolicyFactory (ContainerPlacementPolicyFactory.java:getPolicy(60)) - Create container placement policy of type org.apache.hadoop.hdds.scm.container.placement.algorithms.SCMContainerPlacementRandom
2021-09-05 02:15:29,525 [Listener at 0.0.0.0/36351] INFO  server.StorageContainerManager (StorageContainerManager.java:<init>(387)) - 
Container Balancer status:
Key                            Value
Running                        false
Container Balancer Configuration values:
Key                                                Value
Threshold                                          0.1
Max Datanodes to Involve per Iteration(ratio)      0.5
Max Size to Move per Iteration                     10737418240B

2021-09-05 02:15:29,525 [Listener at 0.0.0.0/36351] WARN  events.EventQueue (EventQueue.java:fireEvent(194)) - No event handler registered for event TypedEvent{payloadType=SafeModeStatus, name='Safe mode status'}
2021-09-05 02:15:29,526 [Listener at 0.0.0.0/36351] INFO  ha.SCMContext (SCMContext.java:updateSafeModeStatus(205)) - Update SafeModeStatus from SafeModeStatus{safeModeStatus=true, preCheckPassed=false} to SafeModeStatus{safeModeStatus=true, preCheckPassed=false}.
2021-09-05 02:15:29,526 [Listener at 0.0.0.0/36351] INFO  server.StorageContainerManager (StorageContainerManager.java:start(1256)) - StorageContainerLocationProtocol RPC server is listening at /0.0.0.0:36351
2021-09-05 02:15:29,526 [Listener at 0.0.0.0/36351] INFO  impl.MetricsSystemImpl (MetricsSystemImpl.java:init(158)) - StorageContainerManager metrics system started (again)
2021-09-05 02:15:29,540 [Listener at 0.0.0.0/36351] INFO  server.SCMClientProtocolServer (SCMClientProtocolServer.java:start(164)) - RPC server for Client  is listening at /0.0.0.0:36351
2021-09-05 02:15:29,540 [IPC Server Responder] INFO  ipc.Server (Server.java:run(1507)) - IPC Server Responder: starting
2021-09-05 02:15:29,541 [IPC Server listener on 0] INFO  ipc.Server (Server.java:run(1344)) - IPC Server listener on 0: starting
2021-09-05 02:15:29,544 [Listener at 0.0.0.0/36351] INFO  server.StorageContainerManager (StorageContainerManager.java:start(1271)) - ScmBlockLocationProtocol RPC server is listening at /0.0.0.0:43065
2021-09-05 02:15:29,544 [Listener at 0.0.0.0/36351] INFO  server.SCMBlockProtocolServer (SCMBlockProtocolServer.java:start(151)) - RPC server for Block Protocol is listening at /0.0.0.0:43065
2021-09-05 02:15:29,544 [IPC Server Responder] INFO  ipc.Server (Server.java:run(1507)) - IPC Server Responder: starting
2021-09-05 02:15:29,544 [IPC Server listener on 0] INFO  ipc.Server (Server.java:run(1344)) - IPC Server listener on 0: starting
2021-09-05 02:15:29,547 [ReplicationMonitor] INFO  container.ReplicationManager (ReplicationManager.java:processAll(359)) - Replication Monitor Thread took 0 milliseconds for processing 0 containers.
2021-09-05 02:15:29,548 [Listener at 0.0.0.0/36351] INFO  server.StorageContainerManager (StorageContainerManager.java:start(1277)) - ScmDatanodeProtocl RPC server is listening at /0.0.0.0:43945
2021-09-05 02:15:29,548 [Listener at 0.0.0.0/36351] INFO  server.SCMDatanodeProtocolServer (SCMDatanodeProtocolServer.java:start(181)) - RPC server for DataNodes is listening at /0.0.0.0:43945
2021-09-05 02:15:29,552 [IPC Server Responder] INFO  ipc.Server (Server.java:run(1507)) - IPC Server Responder: starting
2021-09-05 02:15:29,570 [IPC Server listener on 0] INFO  ipc.Server (Server.java:run(1344)) - IPC Server listener on 0: starting
2021-09-05 02:15:29,570 [org.apache.hadoop.util.JvmPauseMonitor$Monitor@4e8de009] INFO  util.JvmPauseMonitor (JvmPauseMonitor.java:run(188)) - Starting JVM pause monitor
2021-09-05 02:15:29,572 [Listener at 0.0.0.0/36351] INFO  http.BaseHttpServer (BaseHttpServer.java:newHttpServer2BuilderForOzone(209)) - Starting Web-server for scm at: http://0.0.0.0:0
2021-09-05 02:15:29,572 [Listener at 0.0.0.0/36351] INFO  http.BaseHttpServer (BaseHttpServer.java:<init>(107)) - Hadoop Security Enabled: false Ozone Security Enabled: false Ozone HTTP Security Enabled: false 
2021-09-05 02:15:29,573 [Listener at 0.0.0.0/36351] INFO  server.AuthenticationFilter (AuthenticationFilter.java:constructSecretProvider(240)) - Unable to initialize FileSignerSecretProvider, falling back to use random secrets.
2021-09-05 02:15:29,578 [Listener at 0.0.0.0/36351] WARN  http.HttpRequestLog (HttpRequestLog.java:getRequestLog(103)) - Jetty request log can only be enabled using Log4j
2021-09-05 02:15:29,579 [Listener at 0.0.0.0/36351] INFO  http.HttpServer2 (HttpServer2.java:addGlobalFilter(1030)) - Added global filter 'safety' (class=org.apache.hadoop.hdds.server.http.HttpServer2$QuotingInputFilter)
2021-09-05 02:15:29,579 [Listener at 0.0.0.0/36351] INFO  http.HttpServer2 (HttpServer2.java:addFilter(1006)) - Added filter static_user_filter (class=org.apache.hadoop.http.lib.StaticUserWebFilter$StaticUserFilter) to context scm
2021-09-05 02:15:29,579 [Listener at 0.0.0.0/36351] INFO  http.HttpServer2 (HttpServer2.java:addFilter(1014)) - Added filter static_user_filter (class=org.apache.hadoop.http.lib.StaticUserWebFilter$StaticUserFilter) to context static
2021-09-05 02:15:29,579 [Listener at 0.0.0.0/36351] INFO  http.HttpServer2 (HttpServer2.java:addFilter(1014)) - Added filter static_user_filter (class=org.apache.hadoop.http.lib.StaticUserWebFilter$StaticUserFilter) to context logs
2021-09-05 02:15:29,580 [Listener at 0.0.0.0/36351] INFO  http.HttpServer2 (HttpServer2.java:bindListener(1249)) - Jetty bound to port 40287
2021-09-05 02:15:29,580 [Listener at 0.0.0.0/36351] INFO  server.Server (Server.java:doStart(375)) - jetty-9.4.43.v20210629; built: 2021-06-30T11:07:22.254Z; git: 526006ecfa3af7f1a27ef3a288e2bef7ea9dd7e8; jvm 1.8.0_292-b10
2021-09-05 02:15:29,585 [Listener at 0.0.0.0/36351] INFO  server.session (DefaultSessionIdManager.java:doStart(334)) - DefaultSessionIdManager workerName=node0
2021-09-05 02:15:29,585 [Listener at 0.0.0.0/36351] INFO  server.session (DefaultSessionIdManager.java:doStart(339)) - No SessionScavenger set, using defaults
2021-09-05 02:15:29,585 [Listener at 0.0.0.0/36351] INFO  server.session (HouseKeeper.java:startScavenging(132)) - node0 Scavenging every 600000ms
2021-09-05 02:15:29,586 [Listener at 0.0.0.0/36351] INFO  handler.ContextHandler (ContextHandler.java:doStart(915)) - Started o.e.j.s.ServletContextHandler@1e5d3e02{logs,/logs,file:///home/runner/work/ozone/ozone/hadoop-ozone/integration-test/target/log,AVAILABLE}
2021-09-05 02:15:29,586 [Listener at 0.0.0.0/36351] INFO  handler.ContextHandler (ContextHandler.java:doStart(915)) - Started o.e.j.s.ServletContextHandler@692a782d{static,/static,file:///home/runner/work/ozone/ozone/hadoop-ozone/integration-test/target/test-classes/webapps/static,AVAILABLE}
2021-09-05 02:15:29,589 [Listener at 0.0.0.0/36351] INFO  handler.ContextHandler (ContextHandler.java:doStart(915)) - Started o.e.j.w.WebAppContext@ac988d7{scm,/,file:///home/runner/work/ozone/ozone/hadoop-ozone/integration-test/target/test-classes/webapps/scm/,AVAILABLE}{file:/home/runner/work/ozone/ozone/hadoop-ozone/integration-test/target/test-classes/webapps/scm}
2021-09-05 02:15:29,595 [Listener at 0.0.0.0/36351] INFO  server.AbstractConnector (AbstractConnector.java:doStart(331)) - Started ServerConnector@462078ae{HTTP/1.1, (http/1.1)}{0.0.0.0:40287}
2021-09-05 02:15:29,595 [Listener at 0.0.0.0/36351] INFO  server.Server (Server.java:doStart(415)) - Started @50573ms
2021-09-05 02:15:29,595 [Listener at 0.0.0.0/36351] WARN  impl.MetricsSystemImpl (MetricsSystemImpl.java:register(279)) - Sink prometheus already exists!
2021-09-05 02:15:29,595 [Listener at 0.0.0.0/36351] INFO  http.BaseHttpServer (BaseHttpServer.java:updateConnectorAddress(329)) - HTTP server of scm listening at http://0.0.0.0:40287
2021-09-05 02:15:29,595 [Listener at 0.0.0.0/36351] WARN  server.ServerUtils (ServerUtils.java:getDBPath(225)) - ozone.om.db.dirs is not configured. We recommend adding this setting. Falling back to ozone.metadata.dirs instead.
2021-09-05 02:15:29,598 [Listener at 0.0.0.0/36351] INFO  ha.OMHANodeDetails (OMHANodeDetails.java:loadOMHAConfig(112)) - ozone.om.internal.service.id is not defined, falling back to ozone.om.service.ids to find serviceID for OzoneManager if it is HA enabled cluster
2021-09-05 02:15:29,598 [Listener at 0.0.0.0/36351] INFO  ha.OMHANodeDetails (OMHANodeDetails.java:loadOMHAConfig(219)) - Configuration does not have ozone.om.address set. Falling back to the default OM address /127.0.0.1:0
2021-09-05 02:15:29,598 [Listener at 0.0.0.0/36351] INFO  ha.OMHANodeDetails (OMHANodeDetails.java:getOMNodeDetails(247)) - OM Service ID is not set. Setting it to the default ID: omServiceIdDefault
2021-09-05 02:15:29,598 [Listener at 0.0.0.0/36351] INFO  ha.OMHANodeDetails (OMHANodeDetails.java:getOMNodeDetails(254)) - OM Node ID is not set. Setting it to the default ID: om1
2021-09-05 02:15:29,598 [Listener at 0.0.0.0/36351] WARN  server.ServerUtils (ServerUtils.java:getDBPath(225)) - ozone.om.db.dirs is not configured. We recommend adding this setting. Falling back to ozone.metadata.dirs instead.
2021-09-05 02:15:29,598 [Listener at 0.0.0.0/36351] INFO  upgrade.AbstractLayoutVersionManager (AbstractLayoutVersionManager.java:init(70)) - Initializing Layout version manager with metadata layout = INITIAL_VERSION (version = 0), software layout = INITIAL_VERSION (version = 0)
2021-09-05 02:15:29,643 [Listener at 0.0.0.0/36351] INFO  reflections.Reflections (Reflections.java:scan(232)) - Reflections took 44 ms to scan 2 urls, producing 131 keys and 342 values [using 2 cores]
2021-09-05 02:15:29,643 [Listener at 0.0.0.0/36351] INFO  upgrade.OMLayoutVersionManager (OMLayoutVersionManager.java:lambda$0(116)) - Skipping Upgrade Action MockOmUpgradeAction since it has been finalized.
2021-09-05 02:15:29,644 [Listener at 0.0.0.0/36351] WARN  server.ServerUtils (ServerUtils.java:getDBPath(225)) - ozone.om.db.dirs is not configured. We recommend adding this setting. Falling back to ozone.metadata.dirs instead.
2021-09-05 02:15:29,652 [Listener at 0.0.0.0/36351] WARN  server.ServerUtils (ServerUtils.java:getDBPath(225)) - ozone.om.db.dirs is not configured. We recommend adding this setting. Falling back to ozone.metadata.dirs instead.
2021-09-05 02:15:29,652 [Listener at 0.0.0.0/36351] INFO  codec.OmKeyInfoCodec (OmKeyInfoCodec.java:<init>(51)) - OmKeyInfoCodec ignorePipeline = true
2021-09-05 02:15:29,652 [Listener at 0.0.0.0/36351] INFO  codec.RepeatedOmKeyInfoCodec (RepeatedOmKeyInfoCodec.java:<init>(42)) - RepeatedOmKeyInfoCodec ignorePipeline = true
2021-09-05 02:15:29,814 [Listener at 0.0.0.0/36351] INFO  om.OzoneManager (OzoneManager.java:addS3GVolumeToDB(4115)) - Created Volume s3v With Owner runner required for S3Gateway operations.
2021-09-05 02:15:29,814 [Listener at 0.0.0.0/36351] WARN  server.ServerUtils (ServerUtils.java:getDefaultRatisDirectory(237)) - Storage directory for Ratis is not configured. It is a good idea to map this to an SSD disk. Falling back to ozone.metadata.dirs
2021-09-05 02:15:29,814 [Listener at 0.0.0.0/36351] WARN  utils.OzoneManagerRatisUtils (OzoneManagerRatisUtils.java:getOMRatisSnapshotDirectory(391)) - ozone.om.ratis.snapshot.dir is not configured. Falling back to ozone.metadata.dirs config
2021-09-05 02:15:29,815 [Listener at 0.0.0.0/36351] WARN  impl.MetricRegistriesImpl (MetricRegistriesImpl.java:addReporterRegistration(111)) - New reporters are added after registries were created. Some metrics will be missing from the reporter. Please add reporter before adding any new registry.
2021-09-05 02:15:29,815 [Listener at 0.0.0.0/36351] WARN  impl.MetricRegistriesImpl (MetricRegistriesImpl.java:addReporterRegistration(111)) - New reporters are added after registries were created. Some metrics will be missing from the reporter. Please add reporter before adding any new registry.
2021-09-05 02:15:29,815 [Listener at 0.0.0.0/36351] WARN  server.ServerUtils (ServerUtils.java:getDefaultRatisDirectory(237)) - Storage directory for Ratis is not configured. It is a good idea to map this to an SSD disk. Falling back to ozone.metadata.dirs
2021-09-05 02:15:29,823 [Listener at 0.0.0.0/36351] INFO  ratis.OzoneManagerRatisServer (OzoneManagerRatisServer.java:<init>(158)) - Instantiating OM Ratis server with groupID: omServiceIdDefault and peers: localhost:44443
2021-09-05 02:15:29,824 [Listener at 0.0.0.0/36351] INFO  ratis.OzoneManagerStateMachine (OzoneManagerStateMachine.java:loadSnapshotInfoFromDB(605)) - LastAppliedIndex is set from TransactionInfo from OM DB as (t:0, i:~)
2021-09-05 02:15:29,831 [Listener at 0.0.0.0/36351] INFO  server.RaftServer (ConfUtils.java:logGet(44)) - raft.rpc.type = GRPC (default)
2021-09-05 02:15:29,831 [Listener at 0.0.0.0/36351] INFO  grpc.GrpcFactory (GrpcFactory.java:checkPooledByteBufAllocatorUseCacheForAllThreads(48)) - PERFORMANCE WARNING: useCacheForAllThreads is true that may cause Netty to create a lot garbage objects and, as a result, trigger GC.
	It is recommended to disable useCacheForAllThreads by setting -Dorg.apache.ratis.thirdparty.io.netty.allocator.useCacheForAllThreads=false in command line.
2021-09-05 02:15:29,831 [Listener at 0.0.0.0/36351] INFO  grpc.GrpcConfigKeys (ConfUtils.java:logGet(44)) - raft.grpc.admin.port = -1 (default)
2021-09-05 02:15:29,831 [Listener at 0.0.0.0/36351] INFO  grpc.GrpcConfigKeys (ConfUtils.java:logGet(44)) - raft.grpc.server.port = 44443 (custom)
2021-09-05 02:15:29,831 [Listener at 0.0.0.0/36351] INFO  grpc.GrpcConfigKeys (ConfUtils.java:logGet(44)) - raft.grpc.client.port = -1 (default)
2021-09-05 02:15:29,831 [Listener at 0.0.0.0/36351] INFO  grpc.GrpcConfigKeys (ConfUtils.java:logGet(44)) - raft.grpc.server.port = 44443 (custom)
2021-09-05 02:15:29,831 [Listener at 0.0.0.0/36351] INFO  grpc.GrpcConfigKeys (ConfUtils.java:logGet(44)) - raft.grpc.server.port = 44443 (custom)
2021-09-05 02:15:29,831 [Listener at 0.0.0.0/36351] INFO  server.GrpcService (ConfUtils.java:logGet(44)) - raft.grpc.message.size.max = 33554432 (custom)
2021-09-05 02:15:29,832 [Listener at 0.0.0.0/36351] INFO  server.RaftServerConfigKeys (ConfUtils.java:logGet(44)) - raft.server.log.appender.buffer.byte-limit = 33554432 (custom)
2021-09-05 02:15:29,832 [Listener at 0.0.0.0/36351] INFO  server.GrpcService (ConfUtils.java:logGet(44)) - raft.grpc.flow.control.window = 1MB (=1048576) (default)
2021-09-05 02:15:29,832 [Listener at 0.0.0.0/36351] INFO  server.RaftServerConfigKeys (ConfUtils.java:logGet(44)) - raft.server.rpc.request.timeout = 3000ms (default)
2021-09-05 02:15:29,833 [Listener at 0.0.0.0/36351] INFO  impl.DataStreamServerImpl (ConfUtils.java:logGet(44)) - raft.datastream.type = DISABLED (default)
2021-09-05 02:15:29,833 [Listener at 0.0.0.0/36351] INFO  server.RaftServerConfigKeys (ConfUtils.java:logGet(44)) - raft.server.rpc.slowness.timeout = 120s (custom)
2021-09-05 02:15:29,833 [Listener at 0.0.0.0/36351] INFO  server.RaftServerConfigKeys (ConfUtils.java:logGet(44)) - raft.server.leaderelection.leader.step-down.wait-time = 10s (default)
2021-09-05 02:15:29,833 [Listener at 0.0.0.0/36351] INFO  server.RaftServerConfigKeys (ConfUtils.java:logGet(44)) - raft.server.storage.dir = [/home/runner/work/ozone/ozone/hadoop-ozone/integration-test/target/test-dir/MiniOzoneClusterImpl-0dfe42c5-e806-4a95-8312-2dd32b18a1e5/ozone-meta/ratis] (custom)
2021-09-05 02:15:29,836 [Listener at 0.0.0.0/36351] INFO  server.RaftServer (RaftServerProxy.java:addNew(95)) - om1: addNew group-C5BA1605619E:[om1|rpc:localhost:44443|priority:0] returns group-C5BA1605619E:java.util.concurrent.CompletableFuture@1c7368d2[Not completed]
2021-09-05 02:15:29,836 [Listener at 0.0.0.0/36351] INFO  om.OzoneManager (OzoneManager.java:initializeRatisServer(1573)) - OzoneManager Ratis server initialized at port 44443
2021-09-05 02:15:29,837 [Listener at 0.0.0.0/36351] INFO  ipc.CallQueueManager (CallQueueManager.java:<init>(90)) - Using callQueue: class java.util.concurrent.LinkedBlockingQueue, queueCapacity: 2000, scheduler: class org.apache.hadoop.ipc.DefaultRpcScheduler, ipcBackoff: false.
2021-09-05 02:15:29,838 [pool-462-thread-1] INFO  server.RaftServer$Division (RaftServerImpl.java:<init>(181)) - om1: new RaftServerImpl for group-C5BA1605619E:[om1|rpc:localhost:44443|priority:0] with OzoneManagerStateMachine:uninitialized
2021-09-05 02:15:29,838 [pool-462-thread-1] INFO  server.RaftServerConfigKeys (ConfUtils.java:logGet(44)) - raft.server.rpc.timeout.min = 1s (custom)
2021-09-05 02:15:29,838 [pool-462-thread-1] INFO  server.RaftServerConfigKeys (ConfUtils.java:logGet(44)) - raft.server.rpc.timeout.max = 1200ms (custom)
2021-09-05 02:15:29,838 [pool-462-thread-1] INFO  server.RaftServerConfigKeys (ConfUtils.java:logGet(44)) - raft.server.rpc.sleep.time = 25ms (default)
2021-09-05 02:15:29,838 [pool-462-thread-1] INFO  server.RaftServerConfigKeys (ConfUtils.java:logGet(44)) - raft.server.rpc.slowness.timeout = 120s (custom)
2021-09-05 02:15:29,838 [pool-462-thread-1] INFO  server.RaftServerConfigKeys (ConfUtils.java:logGet(44)) - raft.server.leaderelection.leader.step-down.wait-time = 10s (default)
2021-09-05 02:15:29,841 [pool-462-thread-1] INFO  server.RaftServerConfigKeys (ConfUtils.java:logGet(44)) - raft.server.sleep.deviation.threshold = 300ms (default)
2021-09-05 02:15:29,841 [pool-462-thread-1] INFO  server.RaftServerConfigKeys (ConfUtils.java:logGet(44)) - raft.server.log.appender.install.snapshot.enabled = false (custom)
2021-09-05 02:15:29,841 [pool-462-thread-1] INFO  server.RaftServer$Division (ServerState.java:<init>(105)) - om1@group-C5BA1605619E: ConfigurationManager, init=-1: [om1|rpc:localhost:44443|priority:0], old=null, confs=<EMPTY_MAP>
2021-09-05 02:15:29,841 [pool-462-thread-1] INFO  server.RaftServerConfigKeys (ConfUtils.java:logGet(44)) - raft.server.storage.dir = [/home/runner/work/ozone/ozone/hadoop-ozone/integration-test/target/test-dir/MiniOzoneClusterImpl-0dfe42c5-e806-4a95-8312-2dd32b18a1e5/ozone-meta/ratis] (custom)
2021-09-05 02:15:29,841 [pool-462-thread-1] INFO  server.RaftServerConfigKeys (ConfUtils.java:logGet(44)) - raft.server.log.corruption.policy = EXCEPTION (default)
2021-09-05 02:15:29,841 [pool-462-thread-1] INFO  server.RaftServerConfigKeys (ConfUtils.java:logGet(44)) - raft.server.storage.free-space.min = 0MB (=0) (default)
2021-09-05 02:15:29,842 [pool-462-thread-1] INFO  storage.RaftStorageDirectory (RaftStorageDirectoryImpl.java:analyzeStorage(135)) - The storage directory /home/runner/work/ozone/ozone/hadoop-ozone/integration-test/target/test-dir/MiniOzoneClusterImpl-0dfe42c5-e806-4a95-8312-2dd32b18a1e5/ozone-meta/ratis/bf265839-605b-3f16-9796-c5ba1605619e does not exist. Creating ...
2021-09-05 02:15:29,844 [pool-462-thread-1] INFO  storage.RaftStorageDirectory (RaftStorageDirectoryImpl.java:tryLock(230)) - Lock on /home/runner/work/ozone/ozone/hadoop-ozone/integration-test/target/test-dir/MiniOzoneClusterImpl-0dfe42c5-e806-4a95-8312-2dd32b18a1e5/ozone-meta/ratis/bf265839-605b-3f16-9796-c5ba1605619e/in_use.lock acquired by nodename 7276@fv-az151-757
2021-09-05 02:15:29,846 [pool-462-thread-1] INFO  storage.RaftStorage (RaftStorageImpl.java:format(89)) - Storage directory /home/runner/work/ozone/ozone/hadoop-ozone/integration-test/target/test-dir/MiniOzoneClusterImpl-0dfe42c5-e806-4a95-8312-2dd32b18a1e5/ozone-meta/ratis/bf265839-605b-3f16-9796-c5ba1605619e has been successfully formatted.
2021-09-05 02:15:29,846 [pool-462-thread-1] INFO  server.RaftServerConfigKeys (ConfUtils.java:logGet(44)) - raft.server.notification.no-leader.timeout = 120s (custom)
2021-09-05 02:15:29,846 [pool-462-thread-1] INFO  server.RaftServerConfigKeys (ConfUtils.java:logGet(44)) - raft.server.log.use.memory = false (default)
2021-09-05 02:15:29,846 [pool-462-thread-1] INFO  server.RaftServerConfigKeys (ConfUtils.java:logGet(44)) - raft.server.log.purge.gap = 1000000 (custom)
2021-09-05 02:15:29,846 [pool-462-thread-1] INFO  server.RaftServerConfigKeys (ConfUtils.java:logGet(44)) - raft.server.log.appender.buffer.byte-limit = 33554432 (custom)
2021-09-05 02:15:29,847 [pool-462-thread-1] INFO  server.RaftServerConfigKeys (ConfUtils.java:logGet(44)) - raft.server.log.segment.size.max = 4194304 (custom)
2021-09-05 02:15:29,847 [pool-462-thread-1] INFO  server.RaftServerConfigKeys (ConfUtils.java:logGet(44)) - raft.server.log.segment.cache.num.max = 2 (custom)
2021-09-05 02:15:29,847 [pool-462-thread-1] INFO  server.RaftServerConfigKeys (ConfUtils.java:logGet(44)) - raft.server.log.segment.cache.size.max = 200MB (=209715200) (default)
2021-09-05 02:15:29,847 [pool-462-thread-1] INFO  segmented.SegmentedRaftLogWorker (SegmentedRaftLogWorker.java:<init>(182)) - new om1@group-C5BA1605619E-SegmentedRaftLogWorker for RaftStorageImpl:Storage Directory /home/runner/work/ozone/ozone/hadoop-ozone/integration-test/target/test-dir/MiniOzoneClusterImpl-0dfe42c5-e806-4a95-8312-2dd32b18a1e5/ozone-meta/ratis/bf265839-605b-3f16-9796-c5ba1605619e
2021-09-05 02:15:29,847 [pool-462-thread-1] INFO  server.RaftServerConfigKeys (ConfUtils.java:logGet(44)) - raft.server.log.queue.byte-limit = 64MB (=67108864) (default)
2021-09-05 02:15:29,847 [pool-462-thread-1] INFO  server.RaftServerConfigKeys (ConfUtils.java:logGet(44)) - raft.server.log.queue.element-limit = 4096 (default)
2021-09-05 02:15:29,847 [pool-462-thread-1] INFO  server.RaftServerConfigKeys (ConfUtils.java:logGet(44)) - raft.server.log.segment.size.max = 4194304 (custom)
2021-09-05 02:15:29,847 [pool-462-thread-1] INFO  server.RaftServerConfigKeys (ConfUtils.java:logGet(44)) - raft.server.log.preallocated.size = 4194304 (custom)
2021-09-05 02:15:29,847 [pool-462-thread-1] INFO  server.RaftServerConfigKeys (ConfUtils.java:logGet(44)) - raft.server.log.force.sync.num = 128 (default)
2021-09-05 02:15:29,847 [pool-462-thread-1] INFO  server.RaftServerConfigKeys (ConfUtils.java:logGet(44)) - raft.server.log.statemachine.data.sync = true (default)
2021-09-05 02:15:29,847 [pool-462-thread-1] INFO  server.RaftServerConfigKeys (ConfUtils.java:logGet(44)) - raft.server.log.statemachine.data.sync.timeout = 10s (default)
2021-09-05 02:15:29,848 [pool-462-thread-1] INFO  server.RaftServerConfigKeys (ConfUtils.java:logGet(44)) - raft.server.log.statemachine.data.sync.timeout.retry = -1 (default)
2021-09-05 02:15:29,849 [Socket Reader #1 for port 0] INFO  ipc.Server (Server.java:run(1265)) - Starting Socket Reader #1 for port 0
2021-09-05 02:15:29,855 [pool-462-thread-1] INFO  server.RaftServerConfigKeys (ConfUtils.java:logGet(44)) - raft.server.log.write.buffer.size = 64KB (=65536) (default)
2021-09-05 02:15:29,855 [pool-462-thread-1] INFO  server.RaftServerConfigKeys (ConfUtils.java:logGet(44)) - raft.server.log.statemachine.data.caching.enabled = false (default)
2021-09-05 02:15:29,856 [pool-462-thread-1] INFO  segmented.SegmentedRaftLogWorker (SegmentedRaftLogWorker.java:lambda$new$0(133)) - om1@group-C5BA1605619E-SegmentedRaftLogWorker: flushIndex: setUnconditionally 0 -> -1
2021-09-05 02:15:29,856 [pool-462-thread-1] INFO  segmented.SegmentedRaftLogWorker (SegmentedRaftLogWorker.java:lambda$new$0(133)) - om1@group-C5BA1605619E-SegmentedRaftLogWorker: safeCacheEvictIndex: setUnconditionally 0 -> -1
2021-09-05 02:15:29,862 [pool-462-thread-1] INFO  server.RaftServerConfigKeys (ConfUtils.java:logGet(44)) - raft.server.snapshot.auto.trigger.enabled = true (custom)
2021-09-05 02:15:29,862 [pool-462-thread-1] INFO  server.RaftServerConfigKeys (ConfUtils.java:logGet(44)) - raft.server.snapshot.auto.trigger.threshold = 400000 (default)
2021-09-05 02:15:29,862 [pool-462-thread-1] INFO  server.RaftServerConfigKeys (ConfUtils.java:logGet(44)) - raft.server.snapshot.retention.file.num = -1 (default)
2021-09-05 02:15:29,862 [pool-462-thread-1] INFO  server.RaftServerConfigKeys (ConfUtils.java:logGet(44)) - raft.server.log.purge.upto.snapshot.index = true (custom)
2021-09-05 02:15:29,862 [pool-462-thread-1] INFO  server.RaftServerConfigKeys (ConfUtils.java:logGet(44)) - raft.server.retrycache.expirytime = 300s (custom)
2021-09-05 02:15:29,862 [pool-462-thread-1] INFO  server.RaftServerConfigKeys (ConfUtils.java:logGet(44)) - raft.server.retrycache.statistics.expirytime = 100μs (default)
2021-09-05 02:15:29,872 [Listener at 127.0.0.1/34151] INFO  om.OzoneManager (OzoneManager.java:initFSOLayout(4321)) - Configured ozone.om.metadata.layout=SIMPLE and disabled optimized OM FS operations
2021-09-05 02:15:29,873 [Listener at 127.0.0.1/34151] INFO  impl.MetricsSystemImpl (MetricsSystemImpl.java:init(158)) - OzoneManager metrics system started (again)
2021-09-05 02:15:29,939 [Listener at 127.0.0.1/34151] INFO  om.OzoneManager (OzoneManager.java:start(1270)) - OzoneManager RPC server is listening at localhost/127.0.0.1:34151
2021-09-05 02:15:29,939 [Listener at 127.0.0.1/34151] INFO  ratis.OzoneManagerRatisServer (OzoneManagerRatisServer.java:start(516)) - Starting OzoneManagerRatisServer om1 at port 44443
2021-09-05 02:15:29,939 [Listener at 127.0.0.1/34151] INFO  server.RaftServer$Division (RaftServerImpl.java:start(296)) - om1@group-C5BA1605619E: start as a follower, conf=-1: [om1|rpc:localhost:44443|priority:0], old=null
2021-09-05 02:15:29,939 [Listener at 127.0.0.1/34151] INFO  server.RaftServer$Division (RaftServerImpl.java:setRole(285)) - om1@group-C5BA1605619E: changes role from      null to FOLLOWER at term 0 for startAsFollower
2021-09-05 02:15:29,939 [Listener at 127.0.0.1/34151] INFO  impl.RoleInfo (RoleInfo.java:updateAndGet(130)) - om1: start om1@group-C5BA1605619E-FollowerState
2021-09-05 02:15:29,944 [Listener at 127.0.0.1/34151] ERROR util.JmxRegister (JmxRegister.java:tryRegister(40)) - Failed to register JMX Bean with name Ratis:service=RaftServer,group=group-C5BA1605619E,id=om1
javax.management.InstanceAlreadyExistsException: Ratis:service=RaftServer,group=group-C5BA1605619E,id=om1
	at com.sun.jmx.mbeanserver.Repository.addMBean(Repository.java:437)
	at com.sun.jmx.interceptor.DefaultMBeanServerInterceptor.registerWithRepository(DefaultMBeanServerInterceptor.java:1898)
	at com.sun.jmx.interceptor.DefaultMBeanServerInterceptor.registerDynamicMBean(DefaultMBeanServerInterceptor.java:966)
	at com.sun.jmx.interceptor.DefaultMBeanServerInterceptor.registerObject(DefaultMBeanServerInterceptor.java:900)
	at com.sun.jmx.interceptor.DefaultMBeanServerInterceptor.registerMBean(DefaultMBeanServerInterceptor.java:324)
	at com.sun.jmx.mbeanserver.JmxMBeanServer.registerMBean(JmxMBeanServer.java:522)
	at org.apache.ratis.util.JmxRegister.tryRegister(JmxRegister.java:38)
	at org.apache.ratis.util.JmxRegister.register(JmxRegister.java:56)
	at org.apache.ratis.server.impl.RaftServerImpl.registerMBean(RaftServerImpl.java:312)
	at org.apache.ratis.server.impl.RaftServerImpl.start(RaftServerImpl.java:303)
	at java.util.stream.ForEachOps$ForEachOp$OfRef.accept(ForEachOps.java:183)
	at java.util.ArrayList$ArrayListSpliterator.forEachRemaining(ArrayList.java:1384)
	at java.util.stream.AbstractPipeline.copyInto(AbstractPipeline.java:482)
	at java.util.stream.ForEachOps$ForEachTask.compute(ForEachOps.java:290)
	at java.util.concurrent.CountedCompleter.exec(CountedCompleter.java:731)
	at java.util.concurrent.ForkJoinTask.doExec(ForkJoinTask.java:289)
	at java.util.concurrent.ForkJoinTask.doInvoke(ForkJoinTask.java:401)
	at java.util.concurrent.ForkJoinTask.invoke(ForkJoinTask.java:734)
	at java.util.stream.ForEachOps$ForEachOp.evaluateParallel(ForEachOps.java:159)
	at java.util.stream.ForEachOps$ForEachOp$OfRef.evaluateParallel(ForEachOps.java:173)
	at java.util.stream.AbstractPipeline.evaluate(AbstractPipeline.java:233)
	at java.util.stream.ReferencePipeline.forEach(ReferencePipeline.java:485)
	at java.util.stream.ReferencePipeline$Head.forEach(ReferencePipeline.java:650)
	at org.apache.ratis.server.impl.RaftServerProxy.start(RaftServerProxy.java:371)
	at org.apache.hadoop.ozone.om.ratis.OzoneManagerRatisServer.start(OzoneManagerRatisServer.java:518)
	at org.apache.hadoop.ozone.om.OzoneManager.start(OzoneManager.java:1279)
	at org.apache.hadoop.ozone.MiniOzoneClusterImpl$Builder.build(MiniOzoneClusterImpl.java:597)
	at org.apache.hadoop.ozone.MiniOzoneClusterProvider.lambda$createClusters$1(MiniOzoneClusterProvider.java:231)
	at java.lang.Thread.run(Thread.java:748)
2021-09-05 02:15:29,944 [Listener at 127.0.0.1/34151] ERROR util.JmxRegister (JmxRegister.java:tryRegister(40)) - Failed to register JMX Bean with name Ratis:service=RaftServer,group=group-C5BA1605619E,id="om1"
javax.management.InstanceAlreadyExistsException: Ratis:service=RaftServer,group=group-C5BA1605619E,id="om1"
	at com.sun.jmx.mbeanserver.Repository.addMBean(Repository.java:437)
	at com.sun.jmx.interceptor.DefaultMBeanServerInterceptor.registerWithRepository(DefaultMBeanServerInterceptor.java:1898)
	at com.sun.jmx.interceptor.DefaultMBeanServerInterceptor.registerDynamicMBean(DefaultMBeanServerInterceptor.java:966)
	at com.sun.jmx.interceptor.DefaultMBeanServerInterceptor.registerObject(DefaultMBeanServerInterceptor.java:900)
	at com.sun.jmx.interceptor.DefaultMBeanServerInterceptor.registerMBean(DefaultMBeanServerInterceptor.java:324)
	at com.sun.jmx.mbeanserver.JmxMBeanServer.registerMBean(JmxMBeanServer.java:522)
	at org.apache.ratis.util.JmxRegister.tryRegister(JmxRegister.java:38)
	at org.apache.ratis.util.JmxRegister.register(JmxRegister.java:56)
	at org.apache.ratis.server.impl.RaftServerImpl.registerMBean(RaftServerImpl.java:312)
	at org.apache.ratis.server.impl.RaftServerImpl.start(RaftServerImpl.java:303)
	at java.util.stream.ForEachOps$ForEachOp$OfRef.accept(ForEachOps.java:183)
	at java.util.ArrayList$ArrayListSpliterator.forEachRemaining(ArrayList.java:1384)
	at java.util.stream.AbstractPipeline.copyInto(AbstractPipeline.java:482)
	at java.util.stream.ForEachOps$ForEachTask.compute(ForEachOps.java:290)
	at java.util.concurrent.CountedCompleter.exec(CountedCompleter.java:731)
	at java.util.concurrent.ForkJoinTask.doExec(ForkJoinTask.java:289)
	at java.util.concurrent.ForkJoinTask.doInvoke(ForkJoinTask.java:401)
	at java.util.concurrent.ForkJoinTask.invoke(ForkJoinTask.java:734)
	at java.util.stream.ForEachOps$ForEachOp.evaluateParallel(ForEachOps.java:159)
	at java.util.stream.ForEachOps$ForEachOp$OfRef.evaluateParallel(ForEachOps.java:173)
	at java.util.stream.AbstractPipeline.evaluate(AbstractPipeline.java:233)
	at java.util.stream.ReferencePipeline.forEach(ReferencePipeline.java:485)
	at java.util.stream.ReferencePipeline$Head.forEach(ReferencePipeline.java:650)
	at org.apache.ratis.server.impl.RaftServerProxy.start(RaftServerProxy.java:371)
	at org.apache.hadoop.ozone.om.ratis.OzoneManagerRatisServer.start(OzoneManagerRatisServer.java:518)
	at org.apache.hadoop.ozone.om.OzoneManager.start(OzoneManager.java:1279)
	at org.apache.hadoop.ozone.MiniOzoneClusterImpl$Builder.build(MiniOzoneClusterImpl.java:597)
	at org.apache.hadoop.ozone.MiniOzoneClusterProvider.lambda$createClusters$1(MiniOzoneClusterProvider.java:231)
	at java.lang.Thread.run(Thread.java:748)
2021-09-05 02:15:29,954 [Listener at 127.0.0.1/34151] INFO  server.RaftServer (RaftServerProxy.java:lambda$start$5(374)) - om1: start RPC server
2021-09-05 02:15:29,954 [Listener at 127.0.0.1/34151] INFO  server.GrpcService (GrpcService.java:startImpl(253)) - om1: GrpcService started, listening on 44443
2021-09-05 02:15:29,958 [Listener at 127.0.0.1/34151] INFO  om.OzoneManager (OzoneManager.java:start(1288)) - Version File has different layout version (0) than OM DB (null). That is expected if this OM has never been finalized to a newer layout version.
2021-09-05 02:15:29,958 [org.apache.ratis.util.JvmPauseMonitor$$Lambda$534/1412209494@50eaee1e] INFO  util.JvmPauseMonitor (JvmPauseMonitor.java:run(103)) - JvmPauseMonitor-om1: Started
2021-09-05 02:15:29,969 [Listener at 127.0.0.1/34151] INFO  http.BaseHttpServer (BaseHttpServer.java:newHttpServer2BuilderForOzone(209)) - Starting Web-server for ozoneManager at: http://0.0.0.0:0
2021-09-05 02:15:29,969 [Listener at 127.0.0.1/34151] INFO  http.BaseHttpServer (BaseHttpServer.java:<init>(107)) - Hadoop Security Enabled: false Ozone Security Enabled: false Ozone HTTP Security Enabled: false 
2021-09-05 02:15:29,970 [Listener at 127.0.0.1/34151] INFO  server.AuthenticationFilter (AuthenticationFilter.java:constructSecretProvider(240)) - Unable to initialize FileSignerSecretProvider, falling back to use random secrets.
2021-09-05 02:15:29,972 [Listener at 127.0.0.1/34151] WARN  http.HttpRequestLog (HttpRequestLog.java:getRequestLog(103)) - Jetty request log can only be enabled using Log4j
2021-09-05 02:15:29,973 [Listener at 127.0.0.1/34151] INFO  http.HttpServer2 (HttpServer2.java:addGlobalFilter(1030)) - Added global filter 'safety' (class=org.apache.hadoop.hdds.server.http.HttpServer2$QuotingInputFilter)
2021-09-05 02:15:29,973 [Listener at 127.0.0.1/34151] INFO  http.HttpServer2 (HttpServer2.java:addFilter(1006)) - Added filter static_user_filter (class=org.apache.hadoop.http.lib.StaticUserWebFilter$StaticUserFilter) to context ozoneManager
2021-09-05 02:15:29,973 [Listener at 127.0.0.1/34151] INFO  http.HttpServer2 (HttpServer2.java:addFilter(1014)) - Added filter static_user_filter (class=org.apache.hadoop.http.lib.StaticUserWebFilter$StaticUserFilter) to context static
2021-09-05 02:15:29,973 [Listener at 127.0.0.1/34151] INFO  http.HttpServer2 (HttpServer2.java:addFilter(1014)) - Added filter static_user_filter (class=org.apache.hadoop.http.lib.StaticUserWebFilter$StaticUserFilter) to context logs
2021-09-05 02:15:29,973 [Listener at 127.0.0.1/34151] INFO  http.HttpServer2 (HttpServer2.java:bindListener(1249)) - Jetty bound to port 40095
2021-09-05 02:15:29,973 [Listener at 127.0.0.1/34151] INFO  server.Server (Server.java:doStart(375)) - jetty-9.4.43.v20210629; built: 2021-06-30T11:07:22.254Z; git: 526006ecfa3af7f1a27ef3a288e2bef7ea9dd7e8; jvm 1.8.0_292-b10
2021-09-05 02:15:30,020 [Listener at 127.0.0.1/34151] INFO  server.session (DefaultSessionIdManager.java:doStart(334)) - DefaultSessionIdManager workerName=node0
2021-09-05 02:15:30,020 [Listener at 127.0.0.1/34151] INFO  server.session (DefaultSessionIdManager.java:doStart(339)) - No SessionScavenger set, using defaults
2021-09-05 02:15:30,021 [Listener at 127.0.0.1/34151] INFO  server.session (HouseKeeper.java:startScavenging(132)) - node0 Scavenging every 600000ms
2021-09-05 02:15:30,021 [Listener at 127.0.0.1/34151] INFO  handler.ContextHandler (ContextHandler.java:doStart(915)) - Started o.e.j.s.ServletContextHandler@1bc290e9{logs,/logs,file:///home/runner/work/ozone/ozone/hadoop-ozone/integration-test/target/log,AVAILABLE}
2021-09-05 02:15:30,021 [Listener at 127.0.0.1/34151] INFO  handler.ContextHandler (ContextHandler.java:doStart(915)) - Started o.e.j.s.ServletContextHandler@70cd5157{static,/static,file:///home/runner/work/ozone/ozone/hadoop-ozone/integration-test/target/test-classes/webapps/static,AVAILABLE}
2021-09-05 02:15:30,024 [Listener at 127.0.0.1/34151] INFO  handler.ContextHandler (ContextHandler.java:doStart(915)) - Started o.e.j.w.WebAppContext@2b0eb05{ozoneManager,/,file:///home/runner/work/ozone/ozone/hadoop-ozone/integration-test/target/test-classes/webapps/ozoneManager/,AVAILABLE}{file:/home/runner/work/ozone/ozone/hadoop-ozone/integration-test/target/test-classes/webapps/ozoneManager}
2021-09-05 02:15:30,027 [Listener at 127.0.0.1/34151] INFO  server.AbstractConnector (AbstractConnector.java:doStart(331)) - Started ServerConnector@2b398cd0{HTTP/1.1, (http/1.1)}{0.0.0.0:40095}
2021-09-05 02:15:30,027 [Listener at 127.0.0.1/34151] INFO  server.Server (Server.java:doStart(415)) - Started @51005ms
2021-09-05 02:15:30,027 [Listener at 127.0.0.1/34151] WARN  impl.MetricsSystemImpl (MetricsSystemImpl.java:register(279)) - Sink prometheus already exists!
2021-09-05 02:15:30,028 [Listener at 127.0.0.1/34151] INFO  http.BaseHttpServer (BaseHttpServer.java:updateConnectorAddress(329)) - HTTP server of ozoneManager listening at http://0.0.0.0:40095
2021-09-05 02:15:30,029 [IPC Server Responder] INFO  ipc.Server (Server.java:run(1507)) - IPC Server Responder: starting
2021-09-05 02:15:30,029 [IPC Server listener on 0] INFO  ipc.Server (Server.java:run(1344)) - IPC Server listener on 0: starting
2021-09-05 02:15:30,058 [Listener at 127.0.0.1/34151] INFO  om.OzoneManager (OzoneManager.java:startTrashEmptier(1531)) - Trash Interval set to 0. Files deleted will not move to trash
2021-09-05 02:15:30,067 [DatanodeAdminManager-0] INFO  node.DatanodeAdminMonitorImpl (DatanodeAdminMonitorImpl.java:run(137)) - There are 1 nodes tracked for decommission and maintenance. 0 pending nodes.
2021-09-05 02:15:30,075 [org.apache.hadoop.util.JvmPauseMonitor$Monitor@6655a1af] INFO  util.JvmPauseMonitor (JvmPauseMonitor.java:run(188)) - Starting JVM pause monitor
2021-09-05 02:15:30,091 [Listener at 127.0.0.1/34151] WARN  impl.MetricRegistriesImpl (MetricRegistriesImpl.java:addReporterRegistration(111)) - New reporters are added after registries were created. Some metrics will be missing from the reporter. Please add reporter before adding any new registry.
2021-09-05 02:15:30,091 [Listener at 127.0.0.1/34151] WARN  impl.MetricRegistriesImpl (MetricRegistriesImpl.java:addReporterRegistration(111)) - New reporters are added after registries were created. Some metrics will be missing from the reporter. Please add reporter before adding any new registry.
2021-09-05 02:15:30,091 [Listener at 127.0.0.1/34151] INFO  impl.MetricsSystemImpl (MetricsSystemImpl.java:init(158)) - HddsDatanode metrics system started (again)
2021-09-05 02:15:30,118 [Listener at 127.0.0.1/34151] INFO  ozone.HddsDatanodeService (HddsDatanodeService.java:start(234)) - HddsDatanodeService host:fv-az151-757.yf2hydr00wburbhx3j5hxtcipe.bx.internal.cloudapp.net ip:10.1.0.22
2021-09-05 02:15:30,157 [Listener at 127.0.0.1/34151] INFO  upgrade.AbstractLayoutVersionManager (AbstractLayoutVersionManager.java:init(70)) - Initializing Layout version manager with metadata layout = SCM_HA (version = 2), software layout = SCM_HA (version = 2)
2021-09-05 02:15:30,198 [Listener at 127.0.0.1/34151] INFO  reflections.Reflections (Reflections.java:scan(232)) - Reflections took 38 ms to scan 7 urls, producing 120 keys and 275 values 
2021-09-05 02:15:30,210 [Listener at 127.0.0.1/34151] INFO  volume.HddsVolume (HddsVolume.java:<init>(120)) - Creating HddsVolume: /home/runner/work/ozone/ozone/hadoop-ozone/integration-test/target/test-dir/MiniOzoneClusterImpl-0dfe42c5-e806-4a95-8312-2dd32b18a1e5/datanode-0/data-0/containers/hdds of storage type : DISK capacity : 9223372036854775807
2021-09-05 02:15:30,211 [Listener at 127.0.0.1/34151] INFO  volume.MutableVolumeSet (MutableVolumeSet.java:initializeVolumeSet(181)) - Added Volume : /home/runner/work/ozone/ozone/hadoop-ozone/integration-test/target/test-dir/MiniOzoneClusterImpl-0dfe42c5-e806-4a95-8312-2dd32b18a1e5/datanode-0/data-0/containers/hdds to VolumeSet
2021-09-05 02:15:30,211 [Listener at 127.0.0.1/34151] INFO  volume.ThrottledAsyncChecker (ThrottledAsyncChecker.java:schedule(141)) - Scheduling a check for /home/runner/work/ozone/ozone/hadoop-ozone/integration-test/target/test-dir/MiniOzoneClusterImpl-0dfe42c5-e806-4a95-8312-2dd32b18a1e5/datanode-0/data-0/containers/hdds
2021-09-05 02:15:30,218 [Listener at 127.0.0.1/34151] INFO  volume.StorageVolumeChecker (StorageVolumeChecker.java:checkAllVolumes(202)) - Scheduled health check for volume /home/runner/work/ozone/ozone/hadoop-ozone/integration-test/target/test-dir/MiniOzoneClusterImpl-0dfe42c5-e806-4a95-8312-2dd32b18a1e5/datanode-0/data-0/containers/hdds
2021-09-05 02:15:30,233 [Listener at 127.0.0.1/34151] INFO  volume.MutableVolumeSet (MutableVolumeSet.java:initializeVolumeSet(181)) - Added Volume : /home/runner/work/ozone/ozone/hadoop-ozone/integration-test/target/test-dir/MiniOzoneClusterImpl-0dfe42c5-e806-4a95-8312-2dd32b18a1e5/datanode-0/data/ratis to VolumeSet
2021-09-05 02:15:30,233 [Listener at 127.0.0.1/34151] INFO  volume.ThrottledAsyncChecker (ThrottledAsyncChecker.java:schedule(141)) - Scheduling a check for /home/runner/work/ozone/ozone/hadoop-ozone/integration-test/target/test-dir/MiniOzoneClusterImpl-0dfe42c5-e806-4a95-8312-2dd32b18a1e5/datanode-0/data/ratis
2021-09-05 02:15:30,233 [Listener at 127.0.0.1/34151] INFO  volume.StorageVolumeChecker (StorageVolumeChecker.java:checkAllVolumes(202)) - Scheduled health check for volume /home/runner/work/ozone/ozone/hadoop-ozone/integration-test/target/test-dir/MiniOzoneClusterImpl-0dfe42c5-e806-4a95-8312-2dd32b18a1e5/datanode-0/data/ratis
2021-09-05 02:15:30,247 [Listener at 127.0.0.1/34151] INFO  ozoneimpl.ContainerReader (ContainerReader.java:<init>(98)) - Running in upgrade mode:true
2021-09-05 02:15:30,248 [Thread-1015] INFO  ozoneimpl.ContainerReader (ContainerReader.java:readVolume(142)) - Start to verify containers on volume /home/runner/work/ozone/ozone/hadoop-ozone/integration-test/target/test-dir/MiniOzoneClusterImpl-0dfe42c5-e806-4a95-8312-2dd32b18a1e5/datanode-0/data-0/containers/hdds
2021-09-05 02:15:30,248 [Thread-1015] INFO  ozoneimpl.ContainerReader (ContainerReader.java:readVolume(174)) - Finish verifying containers on volume /home/runner/work/ozone/ozone/hadoop-ozone/integration-test/target/test-dir/MiniOzoneClusterImpl-0dfe42c5-e806-4a95-8312-2dd32b18a1e5/datanode-0/data-0/containers/hdds
2021-09-05 02:15:30,248 [Listener at 127.0.0.1/34151] INFO  ozoneimpl.OzoneContainer (OzoneContainer.java:buildContainerSet(237)) - Build ContainerSet costs 0s
2021-09-05 02:15:30,254 [Listener at 127.0.0.1/34151] INFO  server.RaftServer (ConfUtils.java:logGet(44)) - raft.rpc.type = GRPC (default)
2021-09-05 02:15:30,254 [Listener at 127.0.0.1/34151] INFO  grpc.GrpcFactory (GrpcFactory.java:checkPooledByteBufAllocatorUseCacheForAllThreads(48)) - PERFORMANCE WARNING: useCacheForAllThreads is true that may cause Netty to create a lot garbage objects and, as a result, trigger GC.
	It is recommended to disable useCacheForAllThreads by setting -Dorg.apache.ratis.thirdparty.io.netty.allocator.useCacheForAllThreads=false in command line.
2021-09-05 02:15:30,255 [Listener at 127.0.0.1/34151] INFO  grpc.GrpcConfigKeys (ConfUtils.java:logGet(44)) - raft.grpc.admin.port = 0 (custom)
2021-09-05 02:15:30,255 [Listener at 127.0.0.1/34151] INFO  grpc.GrpcConfigKeys (ConfUtils.java:logGet(44)) - raft.grpc.client.port = 0 (custom)
2021-09-05 02:15:30,255 [Listener at 127.0.0.1/34151] INFO  grpc.GrpcConfigKeys (ConfUtils.java:logGet(44)) - raft.grpc.server.port = 0 (default)
2021-09-05 02:15:30,255 [Listener at 127.0.0.1/34151] INFO  server.GrpcService (ConfUtils.java:logGet(44)) - raft.grpc.message.size.max = 32MB (=33554432) (custom)
2021-09-05 02:15:30,255 [Listener at 127.0.0.1/34151] INFO  server.RaftServerConfigKeys (ConfUtils.java:logGet(44)) - raft.server.log.appender.buffer.byte-limit = 33554432 (custom)
2021-09-05 02:15:30,255 [Listener at 127.0.0.1/34151] INFO  server.GrpcService (ConfUtils.java:logGet(44)) - raft.grpc.flow.control.window = 5MB (=5242880) (custom)
2021-09-05 02:15:30,255 [Listener at 127.0.0.1/34151] INFO  server.RaftServerConfigKeys (ConfUtils.java:logGet(44)) - raft.server.rpc.request.timeout = 60s (custom)
2021-09-05 02:15:30,256 [Listener at 127.0.0.1/34151] INFO  impl.DataStreamServerImpl (ConfUtils.java:logGet(44)) - raft.datastream.type = DISABLED (default)
2021-09-05 02:15:30,257 [Listener at 127.0.0.1/34151] INFO  server.RaftServerConfigKeys (ConfUtils.java:logGet(44)) - raft.server.rpc.slowness.timeout = 300s (custom)
2021-09-05 02:15:30,257 [Listener at 127.0.0.1/34151] INFO  server.RaftServerConfigKeys (ConfUtils.java:logGet(44)) - raft.server.leaderelection.leader.step-down.wait-time = 10s (default)
2021-09-05 02:15:30,258 [Listener at 127.0.0.1/34151] INFO  server.RaftServerConfigKeys (ConfUtils.java:logGet(44)) - raft.server.storage.dir = [/home/runner/work/ozone/ozone/hadoop-ozone/integration-test/target/test-dir/MiniOzoneClusterImpl-0dfe42c5-e806-4a95-8312-2dd32b18a1e5/datanode-0/data/ratis] (custom)
2021-09-05 02:15:30,274 [Listener at 127.0.0.1/34151] INFO  http.BaseHttpServer (BaseHttpServer.java:newHttpServer2BuilderForOzone(209)) - Starting Web-server for hddsDatanode at: http://0.0.0.0:0
2021-09-05 02:15:30,274 [Listener at 127.0.0.1/34151] INFO  http.BaseHttpServer (BaseHttpServer.java:<init>(107)) - Hadoop Security Enabled: false Ozone Security Enabled: false Ozone HTTP Security Enabled: false 
2021-09-05 02:15:30,274 [Listener at 127.0.0.1/34151] INFO  server.AuthenticationFilter (AuthenticationFilter.java:constructSecretProvider(240)) - Unable to initialize FileSignerSecretProvider, falling back to use random secrets.
2021-09-05 02:15:30,284 [Listener at 127.0.0.1/34151] WARN  http.HttpRequestLog (HttpRequestLog.java:getRequestLog(103)) - Jetty request log can only be enabled using Log4j
2021-09-05 02:15:30,285 [Listener at 127.0.0.1/34151] INFO  http.HttpServer2 (HttpServer2.java:addGlobalFilter(1030)) - Added global filter 'safety' (class=org.apache.hadoop.hdds.server.http.HttpServer2$QuotingInputFilter)
2021-09-05 02:15:30,285 [Listener at 127.0.0.1/34151] INFO  http.HttpServer2 (HttpServer2.java:addFilter(1006)) - Added filter static_user_filter (class=org.apache.hadoop.http.lib.StaticUserWebFilter$StaticUserFilter) to context hddsDatanode
2021-09-05 02:15:30,285 [Listener at 127.0.0.1/34151] INFO  http.HttpServer2 (HttpServer2.java:addFilter(1014)) - Added filter static_user_filter (class=org.apache.hadoop.http.lib.StaticUserWebFilter$StaticUserFilter) to context logs
2021-09-05 02:15:30,285 [Listener at 127.0.0.1/34151] INFO  http.HttpServer2 (HttpServer2.java:addFilter(1014)) - Added filter static_user_filter (class=org.apache.hadoop.http.lib.StaticUserWebFilter$StaticUserFilter) to context static
2021-09-05 02:15:30,286 [Listener at 127.0.0.1/34151] INFO  http.HttpServer2 (HttpServer2.java:bindListener(1249)) - Jetty bound to port 43817
2021-09-05 02:15:30,286 [Listener at 127.0.0.1/34151] INFO  server.Server (Server.java:doStart(375)) - jetty-9.4.43.v20210629; built: 2021-06-30T11:07:22.254Z; git: 526006ecfa3af7f1a27ef3a288e2bef7ea9dd7e8; jvm 1.8.0_292-b10
2021-09-05 02:15:30,320 [ReplicationMonitor] INFO  container.ReplicationManager (ReplicationManager.java:processAll(359)) - Replication Monitor Thread took 0 milliseconds for processing 6 containers.
2021-09-05 02:15:30,334 [Listener at 127.0.0.1/34151] INFO  server.session (DefaultSessionIdManager.java:doStart(334)) - DefaultSessionIdManager workerName=node0
2021-09-05 02:15:30,334 [Listener at 127.0.0.1/34151] INFO  server.session (DefaultSessionIdManager.java:doStart(339)) - No SessionScavenger set, using defaults
2021-09-05 02:15:30,334 [Listener at 127.0.0.1/34151] INFO  server.session (HouseKeeper.java:startScavenging(132)) - node0 Scavenging every 660000ms
2021-09-05 02:15:30,342 [Listener at 127.0.0.1/34151] INFO  handler.ContextHandler (ContextHandler.java:doStart(915)) - Started o.e.j.s.ServletContextHandler@77914041{logs,/logs,file:///home/runner/work/ozone/ozone/hadoop-ozone/integration-test/target/log,AVAILABLE}
2021-09-05 02:15:30,342 [Listener at 127.0.0.1/34151] INFO  handler.ContextHandler (ContextHandler.java:doStart(915)) - Started o.e.j.s.ServletContextHandler@5bdde39e{static,/static,jar:file:/home/runner/.m2/repository/org/apache/ozone/hdds-container-service/1.2.0-SNAPSHOT/hdds-container-service-1.2.0-SNAPSHOT.jar!/webapps/static,AVAILABLE}
2021-09-05 02:15:30,335 [main] INFO  statemachine.DatanodeStateMachine (DatanodeStateMachine.java:stopDaemon(515)) - Ozone container server stopped.
2021-09-05 02:15:30,354 [main] INFO  handler.ContextHandler (ContextHandler.java:doStop(1153)) - Stopped o.e.j.w.WebAppContext@2e523429{hddsDatanode,/,null,STOPPED}{jar:file:/home/runner/.m2/repository/org/apache/ozone/hdds-container-service/1.2.0-SNAPSHOT/hdds-container-service-1.2.0-SNAPSHOT.jar!/webapps/hddsDatanode}
2021-09-05 02:15:30,357 [main] INFO  server.AbstractConnector (AbstractConnector.java:doStop(381)) - Stopped ServerConnector@63148e09{HTTP/1.1, (http/1.1)}{0.0.0.0:0}
2021-09-05 02:15:30,357 [main] INFO  server.session (HouseKeeper.java:stopScavenging(149)) - node0 Stopped scavenging
2021-09-05 02:15:30,363 [main] INFO  handler.ContextHandler (ContextHandler.java:doStop(1153)) - Stopped o.e.j.s.ServletContextHandler@76fe365a{static,/static,jar:file:/home/runner/.m2/repository/org/apache/ozone/hdds-container-service/1.2.0-SNAPSHOT/hdds-container-service-1.2.0-SNAPSHOT.jar!/webapps/static,STOPPED}
2021-09-05 02:15:30,364 [main] INFO  handler.ContextHandler (ContextHandler.java:doStop(1153)) - Stopped o.e.j.s.ServletContextHandler@149c7b93{logs,/logs,file:///home/runner/work/ozone/ozone/hadoop-ozone/integration-test/target/log,STOPPED}
2021-09-05 02:15:30,389 [IPC Server handler 0 on default port 43631] INFO  node.NodeDecommissionManager (NodeDecommissionManager.java:recommission(316)) - Queued node c9529fe3-953b-4ef8-a4b7-44d7a8ee90ff{ip: 10.1.0.22, host: fv-az151-757.yf2hydr00wburbhx3j5hxtcipe.bx.internal.cloudapp.net, ports: [REPLICATION=36345, RATIS=36459, RATIS_ADMIN=36459, RATIS_SERVER=36459, STANDALONE=42439], networkLocation: /default-rack, certSerialId: null, persistedOpState: IN_MAINTENANCE, persistedOpStateExpiryEpochSec: 0} for recommission
2021-09-05 02:15:30,399 [main] WARN  impl.MetricRegistriesImpl (MetricRegistriesImpl.java:addReporterRegistration(111)) - New reporters are added after registries were created. Some metrics will be missing from the reporter. Please add reporter before adding any new registry.
2021-09-05 02:15:30,399 [main] WARN  impl.MetricRegistriesImpl (MetricRegistriesImpl.java:addReporterRegistration(111)) - New reporters are added after registries were created. Some metrics will be missing from the reporter. Please add reporter before adding any new registry.
2021-09-05 02:15:30,399 [main] INFO  impl.MetricsSystemImpl (MetricsSystemImpl.java:init(158)) - HddsDatanode metrics system started (again)
2021-09-05 02:15:30,415 [Listener at 127.0.0.1/34151] INFO  handler.ContextHandler (ContextHandler.java:doStart(915)) - Started o.e.j.w.WebAppContext@76ae23fd{hddsDatanode,/,file:///tmp/jetty-0_0_0_0-43817-hdds-container-service-1_2_0-SNAPSHOT_jar-_-any-167955619625797902/webapp/,AVAILABLE}{jar:file:/home/runner/.m2/repository/org/apache/ozone/hdds-container-service/1.2.0-SNAPSHOT/hdds-container-service-1.2.0-SNAPSHOT.jar!/webapps/hddsDatanode}
2021-09-05 02:15:30,420 [Listener at 127.0.0.1/34151] INFO  server.AbstractConnector (AbstractConnector.java:doStart(331)) - Started ServerConnector@1e6649a2{HTTP/1.1, (http/1.1)}{0.0.0.0:43817}
2021-09-05 02:15:30,420 [Listener at 127.0.0.1/34151] INFO  server.Server (Server.java:doStart(415)) - Started @51398ms
2021-09-05 02:15:30,420 [Listener at 127.0.0.1/34151] WARN  impl.MetricsSystemImpl (MetricsSystemImpl.java:register(279)) - Sink prometheus already exists!
2021-09-05 02:15:30,420 [Listener at 127.0.0.1/34151] INFO  http.BaseHttpServer (BaseHttpServer.java:updateConnectorAddress(329)) - HTTP server of hddsDatanode listening at http://0.0.0.0:43817
2021-09-05 02:15:30,430 [Listener at 127.0.0.1/34151] WARN  impl.MetricRegistriesImpl (MetricRegistriesImpl.java:addReporterRegistration(111)) - New reporters are added after registries were created. Some metrics will be missing from the reporter. Please add reporter before adding any new registry.
2021-09-05 02:15:30,430 [Listener at 127.0.0.1/34151] WARN  impl.MetricRegistriesImpl (MetricRegistriesImpl.java:addReporterRegistration(111)) - New reporters are added after registries were created. Some metrics will be missing from the reporter. Please add reporter before adding any new registry.
2021-09-05 02:15:30,430 [Listener at 127.0.0.1/34151] INFO  impl.MetricsSystemImpl (MetricsSystemImpl.java:init(158)) - HddsDatanode metrics system started (again)
2021-09-05 02:15:30,445 [Listener at 127.0.0.1/34151] INFO  ozone.HddsDatanodeService (HddsDatanodeService.java:start(234)) - HddsDatanodeService host:fv-az151-757.yf2hydr00wburbhx3j5hxtcipe.bx.internal.cloudapp.net ip:10.1.0.22
2021-09-05 02:15:30,473 [main] INFO  ozone.HddsDatanodeService (HddsDatanodeService.java:start(234)) - HddsDatanodeService host:fv-az151-757.yf2hydr00wburbhx3j5hxtcipe.bx.internal.cloudapp.net ip:10.1.0.22
2021-09-05 02:15:30,491 [org.apache.hadoop.util.JvmPauseMonitor$Monitor@70a560c] INFO  util.JvmPauseMonitor (JvmPauseMonitor.java:run(188)) - Starting JVM pause monitor
2021-09-05 02:15:30,492 [Datanode State Machine Task Thread - 0] INFO  datanode.InitDatanodeState (InitDatanodeState.java:persistContainerDatanodeDetails(145)) - DatanodeDetails is persisted to /home/runner/work/ozone/ozone/hadoop-ozone/integration-test/target/test-dir/MiniOzoneClusterImpl-0dfe42c5-e806-4a95-8312-2dd32b18a1e5/datanode-0/meta/datanode.id
2021-09-05 02:15:30,496 [ReplicationMonitor] INFO  container.ReplicationManager (ReplicationManager.java:processAll(359)) - Replication Monitor Thread took 0 milliseconds for processing 0 containers.
2021-09-05 02:15:30,506 [Listener at 127.0.0.1/34151] INFO  upgrade.AbstractLayoutVersionManager (AbstractLayoutVersionManager.java:init(70)) - Initializing Layout version manager with metadata layout = SCM_HA (version = 2), software layout = SCM_HA (version = 2)
2021-09-05 02:15:30,525 [main] INFO  upgrade.AbstractLayoutVersionManager (AbstractLayoutVersionManager.java:init(70)) - Initializing Layout version manager with metadata layout = SCM_HA (version = 2), software layout = SCM_HA (version = 2)
2021-09-05 02:15:30,547 [ReplicationMonitor] INFO  container.ReplicationManager (ReplicationManager.java:processAll(359)) - Replication Monitor Thread took 0 milliseconds for processing 0 containers.
2021-09-05 02:15:30,547 [Mini-Cluster-Provider-Reap] INFO  ozone.MiniOzoneClusterImpl (MiniOzoneClusterImpl.java:shutdown(453)) - Shutting down the Mini Ozone Cluster
2021-09-05 02:15:30,549 [Mini-Cluster-Provider-Reap] INFO  ozone.MiniOzoneClusterImpl (MiniOzoneClusterImpl.java:stop(468)) - Stopping the Mini Ozone Cluster
2021-09-05 02:15:30,549 [Mini-Cluster-Provider-Reap] INFO  ozone.MiniOzoneClusterImpl (MiniOzoneClusterImpl.java:stopOM(550)) - Stopping the OzoneManager
2021-09-05 02:15:30,549 [Mini-Cluster-Provider-Reap] INFO  om.OzoneManager (OzoneManager.java:stop(1632)) - Stopping Ozone Manager
2021-09-05 02:15:30,549 [Mini-Cluster-Provider-Reap] INFO  ipc.Server (Server.java:stop(3414)) - Stopping server on 38203
]]></system-out>
  </testcase>
  <testcase name="testContainerIsReplicatedWhenAllNodesGotoMaintenance" classname="org.apache.hadoop.ozone.scm.node.TestDecommissionAndMaintenance" time="45.483"/>
  <testcase name="testDecommissionedStateReinstatedAfterSCMRestart" classname="org.apache.hadoop.ozone.scm.node.TestDecommissionAndMaintenance" time="26.035"/>
  <testcase name="testMaintenanceEndsAutomaticallyAtTimeout" classname="org.apache.hadoop.ozone.scm.node.TestDecommissionAndMaintenance" time="43.042"/>
  <testcase name="testDecommissionedNodeCanBeRecommissioned" classname="org.apache.hadoop.ozone.scm.node.TestDecommissionAndMaintenance" time="14.385"/>
  <testcase name="testNodeWithOpenPipelineCanBeDecommissioned" classname="org.apache.hadoop.ozone.scm.node.TestDecommissionAndMaintenance" time="24.227"/>
  <testcase name="testSingleNodeWithOpenPipelineCanGotoMaintenance" classname="org.apache.hadoop.ozone.scm.node.TestDecommissionAndMaintenance" time="26.533"/>
  <testcase name="testSCMHandlesRestartForMaintenanceNode" classname="org.apache.hadoop.ozone.scm.node.TestDecommissionAndMaintenance" time="33.327"/>
  <testcase name="testStoppedDecommissionedNodeTakesSCMStateOnRestart" classname="org.apache.hadoop.ozone.scm.node.TestDecommissionAndMaintenance" time="39.153"/>
  <testcase name="testEnteringMaintenanceNodeCompletesAfterSCMRestart" classname="org.apache.hadoop.ozone.scm.node.TestDecommissionAndMaintenance" time="18.593"/>
  <testcase name="testDecommissioningNodesCompleteDecommissionOnSCMRestart" classname="org.apache.hadoop.ozone.scm.node.TestDecommissionAndMaintenance" time="24.581"/>
</testsuite>